<?xml version="1.0" encoding="UTF-8"?>
<testsuite xmlns:xsi="http://www.w3.org/2001/XMLSchema-instance" xsi:noNamespaceSchemaLocation="https://maven.apache.org/surefire/maven-surefire-plugin/xsd/surefire-test-report.xsd" name="org.apache.hadoop.ozone.client.rpc.TestWatchForCommit" time="162.676" tests="6" errors="2" skipped="0" failures="2">
  <properties>
    <property name="awt.toolkit" value="sun.awt.X11.XToolkit"/>
    <property name="file.encoding.pkg" value="sun.io"/>
    <property name="java.specification.version" value="1.8"/>
    <property name="sun.cpu.isalist" value=""/>
    <property name="sun.jnu.encoding" value="UTF-8"/>
    <property name="java.class.path" value="/tmp/workdir/hadoop-ozone/integration-test/target/test-classes:/tmp/workdir/hadoop-ozone/integration-test/target/classes:/home/user/.m2/repository/org/apache/hadoop/hadoop-ozone-common/0.5.0-SNAPSHOT/hadoop-ozone-common-0.5.0-SNAPSHOT.jar:/home/user/.m2/repository/org/apache/commons/commons-compress/1.4.1/commons-compress-1.4.1.jar:/home/user/.m2/repository/org/tukaani/xz/1.0/xz-1.0.jar:/home/user/.m2/repository/org/apache/hadoop/hadoop-common/3.2.0/hadoop-common-3.2.0.jar:/home/user/.m2/repository/org/apache/hadoop/hadoop-hdfs/3.2.0/hadoop-hdfs-3.2.0.jar:/home/user/.m2/repository/org/apache/hadoop/hadoop-hdfs-client/3.2.0/hadoop-hdfs-client-3.2.0.jar:/home/user/.m2/repository/com/fasterxml/jackson/core/jackson-annotations/2.9.5/jackson-annotations-2.9.5.jar:/home/user/.m2/repository/org/apache/hadoop/hadoop-hdds-common/0.5.0-SNAPSHOT/hadoop-hdds-common-0.5.0-SNAPSHOT.jar:/home/user/.m2/repository/javax/annotation/javax.annotation-api/1.2/javax.annotation-api-1.2.jar:/home/user/.m2/repository/org/apache/ratis/ratis-server/0.4.0-2337318-SNAPSHOT/ratis-server-0.4.0-2337318-SNAPSHOT.jar:/home/user/.m2/repository/org/apache/ratis/ratis-thirdparty-misc/0.2.0/ratis-thirdparty-misc-0.2.0.jar:/home/user/.m2/repository/org/apache/ratis/ratis-proto/0.4.0-2337318-SNAPSHOT/ratis-proto-0.4.0-2337318-SNAPSHOT.jar:/home/user/.m2/repository/org/apache/ratis/ratis-common/0.4.0-2337318-SNAPSHOT/ratis-common-0.4.0-2337318-SNAPSHOT.jar:/home/user/.m2/repository/org/apache/ratis/ratis-client/0.4.0-2337318-SNAPSHOT/ratis-client-0.4.0-2337318-SNAPSHOT.jar:/home/user/.m2/repository/org/apache/ratis/ratis-metrics/0.4.0-2337318-SNAPSHOT/ratis-metrics-0.4.0-2337318-SNAPSHOT.jar:/home/user/.m2/repository/org/apache/ratis/ratis-netty/0.4.0-2337318-SNAPSHOT/ratis-netty-0.4.0-2337318-SNAPSHOT.jar:/home/user/.m2/repository/org/apache/ratis/ratis-grpc/0.4.0-2337318-SNAPSHOT/ratis-grpc-0.4.0-2337318-SNAPSHOT.jar:/home/user/.m2/repository/org/rocksdb/rocksdbjni/6.0.1/rocksdbjni-6.0.1.jar:/home/user/.m2/repository/org/apache/logging/log4j/log4j-api/2.11.0/log4j-api-2.11.0.jar:/home/user/.m2/repository/org/apache/logging/log4j/log4j-core/2.11.0/log4j-core-2.11.0.jar:/home/user/.m2/repository/com/lmax/disruptor/3.4.2/disruptor-3.4.2.jar:/home/user/.m2/repository/org/apache/commons/commons-pool2/2.6.0/commons-pool2-2.6.0.jar:/home/user/.m2/repository/org/bouncycastle/bcpkix-jdk15on/1.60/bcpkix-jdk15on-1.60.jar:/home/user/.m2/repository/commons-validator/commons-validator/1.6/commons-validator-1.6.jar:/home/user/.m2/repository/commons-digester/commons-digester/1.8.1/commons-digester-1.8.1.jar:/home/user/.m2/repository/io/jaegertracing/jaeger-client/0.33.1/jaeger-client-0.33.1.jar:/home/user/.m2/repository/io/jaegertracing/jaeger-thrift/0.33.1/jaeger-thrift-0.33.1.jar:/home/user/.m2/repository/org/apache/thrift/libthrift/0.11.0/libthrift-0.11.0.jar:/home/user/.m2/repository/com/squareup/okhttp3/okhttp/3.9.0/okhttp-3.9.0.jar:/home/user/.m2/repository/com/squareup/okio/okio/1.13.0/okio-1.13.0.jar:/home/user/.m2/repository/io/jaegertracing/jaeger-core/0.33.1/jaeger-core-0.33.1.jar:/home/user/.m2/repository/io/jaegertracing/jaeger-tracerresolver/0.33.1/jaeger-tracerresolver-0.33.1.jar:/home/user/.m2/repository/io/opentracing/contrib/opentracing-tracerresolver/0.1.5/opentracing-tracerresolver-0.1.5.jar:/home/user/.m2/repository/io/opentracing/opentracing-util/0.31.0/opentracing-util-0.31.0.jar:/home/user/.m2/repository/io/opentracing/opentracing-api/0.31.0/opentracing-api-0.31.0.jar:/home/user/.m2/repository/io/opentracing/opentracing-noop/0.31.0/opentracing-noop-0.31.0.jar:/home/user/.m2/repository/org/apache/hadoop/hadoop-hdds-server-framework/0.5.0-SNAPSHOT/hadoop-hdds-server-framework-0.5.0-SNAPSHOT.jar:/home/user/.m2/repository/org/apache/hadoop/hadoop-hdds-container-service/0.5.0-SNAPSHOT/hadoop-hdds-container-service-0.5.0-SNAPSHOT.jar:/home/user/.m2/repository/org/apache/hadoop/hadoop-hdds-client/0.5.0-SNAPSHOT/hadoop-hdds-client-0.5.0-SNAPSHOT.jar:/home/user/.m2/repository/org/apache/hadoop/hadoop-hdds-tools/0.5.0-SNAPSHOT/hadoop-hdds-tools-0.5.0-SNAPSHOT.jar:/home/user/.m2/repository/org/apache/hadoop/hadoop-hdds-server-scm/0.5.0-SNAPSHOT/hadoop-hdds-server-scm-0.5.0-SNAPSHOT.jar:/home/user/.m2/repository/org/apache/hadoop/hadoop-hdds-docs/0.5.0-SNAPSHOT/hadoop-hdds-docs-0.5.0-SNAPSHOT.jar:/home/user/.m2/repository/io/dropwizard/metrics/metrics-core/3.2.4/metrics-core-3.2.4.jar:/home/user/.m2/repository/org/hamcrest/hamcrest-all/1.3/hamcrest-all-1.3.jar:/home/user/.m2/repository/org/bouncycastle/bcprov-jdk15on/1.60/bcprov-jdk15on-1.60.jar:/home/user/.m2/repository/info/picocli/picocli/3.9.6/picocli-3.9.6.jar:/home/user/.m2/repository/com/google/protobuf/protobuf-java/2.5.0/protobuf-java-2.5.0.jar:/home/user/.m2/repository/com/google/guava/guava/11.0.2/guava-11.0.2.jar:/home/user/.m2/repository/org/apache/hadoop/hadoop-ozone-ozone-manager/0.5.0-SNAPSHOT/hadoop-ozone-ozone-manager-0.5.0-SNAPSHOT.jar:/home/user/.m2/repository/org/apache/hadoop/hadoop-minikdc/3.2.0/hadoop-minikdc-3.2.0.jar:/home/user/.m2/repository/commons-io/commons-io/2.5/commons-io-2.5.jar:/home/user/.m2/repository/org/apache/kerby/kerb-simplekdc/1.0.1/kerb-simplekdc-1.0.1.jar:/home/user/.m2/repository/org/apache/kerby/kerb-client/1.0.1/kerb-client-1.0.1.jar:/home/user/.m2/repository/org/apache/kerby/kerby-config/1.0.1/kerby-config-1.0.1.jar:/home/user/.m2/repository/org/apache/kerby/kerb-core/1.0.1/kerb-core-1.0.1.jar:/home/user/.m2/repository/org/apache/kerby/kerby-pkix/1.0.1/kerby-pkix-1.0.1.jar:/home/user/.m2/repository/org/apache/kerby/kerby-asn1/1.0.1/kerby-asn1-1.0.1.jar:/home/user/.m2/repository/org/apache/kerby/kerby-util/1.0.1/kerby-util-1.0.1.jar:/home/user/.m2/repository/org/apache/kerby/kerb-common/1.0.1/kerb-common-1.0.1.jar:/home/user/.m2/repository/org/apache/kerby/kerb-crypto/1.0.1/kerb-crypto-1.0.1.jar:/home/user/.m2/repository/org/apache/kerby/kerb-util/1.0.1/kerb-util-1.0.1.jar:/home/user/.m2/repository/org/apache/kerby/token-provider/1.0.1/token-provider-1.0.1.jar:/home/user/.m2/repository/org/apache/kerby/kerb-admin/1.0.1/kerb-admin-1.0.1.jar:/home/user/.m2/repository/org/apache/kerby/kerb-server/1.0.1/kerb-server-1.0.1.jar:/home/user/.m2/repository/org/apache/kerby/kerb-identity/1.0.1/kerb-identity-1.0.1.jar:/home/user/.m2/repository/org/apache/kerby/kerby-xdr/1.0.1/kerby-xdr-1.0.1.jar:/home/user/.m2/repository/org/slf4j/slf4j-log4j12/1.7.25/slf4j-log4j12-1.7.25.jar:/home/user/.m2/repository/org/apache/hadoop/hadoop-ozone-objectstore-service/0.5.0-SNAPSHOT/hadoop-ozone-objectstore-service-0.5.0-SNAPSHOT.jar:/home/user/.m2/repository/org/apache/hadoop/hadoop-ozone-s3gateway/0.5.0-SNAPSHOT/hadoop-ozone-s3gateway-0.5.0-SNAPSHOT.jar:/home/user/.m2/repository/org/jboss/weld/servlet/weld-servlet/2.4.7.Final/weld-servlet-2.4.7.Final.jar:/home/user/.m2/repository/org/glassfish/jersey/containers/jersey-container-servlet-core/2.27/jersey-container-servlet-core-2.27.jar:/home/user/.m2/repository/org/glassfish/hk2/external/javax.inject/2.5.0-b42/javax.inject-2.5.0-b42.jar:/home/user/.m2/repository/org/glassfish/jersey/core/jersey-common/2.27/jersey-common-2.27.jar:/home/user/.m2/repository/org/glassfish/hk2/osgi-resource-locator/1.0.1/osgi-resource-locator-1.0.1.jar:/home/user/.m2/repository/javax/ws/rs/javax.ws.rs-api/2.1/javax.ws.rs-api-2.1.jar:/home/user/.m2/repository/org/glassfish/jersey/ext/cdi/jersey-cdi1x/2.27/jersey-cdi1x-2.27.jar:/home/user/.m2/repository/org/glassfish/jersey/inject/jersey-hk2/2.27/jersey-hk2-2.27.jar:/home/user/.m2/repository/org/glassfish/hk2/hk2-locator/2.5.0-b42/hk2-locator-2.5.0-b42.jar:/home/user/.m2/repository/org/javassist/javassist/3.22.0-CR2/javassist-3.22.0-CR2.jar:/home/user/.m2/repository/org/glassfish/hk2/hk2-api/2.5.0/hk2-api-2.5.0.jar:/home/user/.m2/repository/org/glassfish/hk2/external/jakarta.inject/2.5.0/jakarta.inject-2.5.0.jar:/home/user/.m2/repository/org/glassfish/hk2/hk2-utils/2.5.0/hk2-utils-2.5.0.jar:/home/user/.m2/repository/jakarta/annotation/jakarta.annotation-api/1.3.4/jakarta.annotation-api-1.3.4.jar:/home/user/.m2/repository/org/glassfish/hk2/external/aopalliance-repackaged/2.5.0/aopalliance-repackaged-2.5.0.jar:/home/user/.m2/repository/com/fasterxml/jackson/dataformat/jackson-dataformat-xml/2.9.0/jackson-dataformat-xml-2.9.0.jar:/home/user/.m2/repository/com/fasterxml/jackson/core/jackson-core/2.9.5/jackson-core-2.9.5.jar:/home/user/.m2/repository/com/fasterxml/jackson/module/jackson-module-jaxb-annotations/2.9.5/jackson-module-jaxb-annotations-2.9.5.jar:/home/user/.m2/repository/javax/enterprise/cdi-api/1.2/cdi-api-1.2.jar:/home/user/.m2/repository/javax/el/javax.el-api/3.0.0/javax.el-api-3.0.0.jar:/home/user/.m2/repository/javax/interceptor/javax.interceptor-api/1.2/javax.interceptor-api-1.2.jar:/home/user/.m2/repository/javax/inject/javax.inject/1/javax.inject-1.jar:/home/user/.m2/repository/com/sun/xml/bind/jaxb-impl/2.3.0.1/jaxb-impl-2.3.0.1.jar:/home/user/.m2/repository/com/sun/xml/bind/jaxb-core/2.3.0.1/jaxb-core-2.3.0.1.jar:/home/user/.m2/repository/javax/xml/bind/jaxb-api/2.3.0/jaxb-api-2.3.0.jar:/home/user/.m2/repository/javax/activation/activation/1.1.1/activation-1.1.1.jar:/home/user/.m2/repository/org/apache/hadoop/hadoop-ozone-csi/0.5.0-SNAPSHOT/hadoop-ozone-csi-0.5.0-SNAPSHOT.jar:/home/user/.m2/repository/com/google/protobuf/protobuf-java-util/3.5.1/protobuf-java-util-3.5.1.jar:/home/user/.m2/repository/org/apache/hadoop/hadoop-hdds-config/0.5.0-SNAPSHOT/hadoop-hdds-config-0.5.0-SNAPSHOT.jar:/home/user/.m2/repository/io/grpc/grpc-netty/1.17.1/grpc-netty-1.17.1.jar:/home/user/.m2/repository/io/grpc/grpc-core/1.17.1/grpc-core-1.17.1.jar:/home/user/.m2/repository/io/grpc/grpc-context/1.17.1/grpc-context-1.17.1.jar:/home/user/.m2/repository/com/google/errorprone/error_prone_annotations/2.2.0/error_prone_annotations-2.2.0.jar:/home/user/.m2/repository/org/codehaus/mojo/animal-sniffer-annotations/1.17/animal-sniffer-annotations-1.17.jar:/home/user/.m2/repository/io/opencensus/opencensus-api/0.17.0/opencensus-api-0.17.0.jar:/home/user/.m2/repository/io/opencensus/opencensus-contrib-grpc-metrics/0.17.0/opencensus-contrib-grpc-metrics-0.17.0.jar:/home/user/.m2/repository/io/netty/netty-codec-http2/4.1.30.Final/netty-codec-http2-4.1.30.Final.jar:/home/user/.m2/repository/io/netty/netty-codec-http/4.1.30.Final/netty-codec-http-4.1.30.Final.jar:/home/user/.m2/repository/io/netty/netty-codec/4.1.30.Final/netty-codec-4.1.30.Final.jar:/home/user/.m2/repository/io/netty/netty-handler/4.1.30.Final/netty-handler-4.1.30.Final.jar:/home/user/.m2/repository/io/netty/netty-handler-proxy/4.1.30.Final/netty-handler-proxy-4.1.30.Final.jar:/home/user/.m2/repository/io/netty/netty-codec-socks/4.1.30.Final/netty-codec-socks-4.1.30.Final.jar:/home/user/.m2/repository/io/netty/netty-transport-native-epoll/4.1.30.Final/netty-transport-native-epoll-4.1.30.Final.jar:/home/user/.m2/repository/io/netty/netty-common/4.1.30.Final/netty-common-4.1.30.Final.jar:/home/user/.m2/repository/io/netty/netty-buffer/4.1.30.Final/netty-buffer-4.1.30.Final.jar:/home/user/.m2/repository/io/netty/netty-transport/4.1.30.Final/netty-transport-4.1.30.Final.jar:/home/user/.m2/repository/io/netty/netty-resolver/4.1.30.Final/netty-resolver-4.1.30.Final.jar:/home/user/.m2/repository/io/netty/netty-transport-native-unix-common/4.1.30.Final/netty-transport-native-unix-common-4.1.30.Final.jar:/home/user/.m2/repository/io/grpc/grpc-protobuf/1.17.1/grpc-protobuf-1.17.1.jar:/home/user/.m2/repository/com/google/api/grpc/proto-google-common-protos/1.0.0/proto-google-common-protos-1.0.0.jar:/home/user/.m2/repository/io/grpc/grpc-protobuf-lite/1.17.1/grpc-protobuf-lite-1.17.1.jar:/home/user/.m2/repository/io/grpc/grpc-stub/1.17.1/grpc-stub-1.17.1.jar:/home/user/.m2/repository/org/apache/hadoop/hadoop-ozone-recon/0.5.0-SNAPSHOT/hadoop-ozone-recon-0.5.0-SNAPSHOT.jar:/home/user/.m2/repository/org/apache/hadoop/hadoop-ozone-reconcodegen/0.5.0-SNAPSHOT/hadoop-ozone-reconcodegen-0.5.0-SNAPSHOT.jar:/home/user/.m2/repository/com/google/inject/extensions/guice-multibindings/4.0/guice-multibindings-4.0.jar:/home/user/.m2/repository/com/google/inject/guice/4.0/guice-4.0.jar:/home/user/.m2/repository/aopalliance/aopalliance/1.0/aopalliance-1.0.jar:/home/user/.m2/repository/com/google/inject/extensions/guice-servlet/4.0/guice-servlet-4.0.jar:/home/user/.m2/repository/org/glassfish/jersey/containers/jersey-container-servlet/2.27/jersey-container-servlet-2.27.jar:/home/user/.m2/repository/org/glassfish/hk2/guice-bridge/2.5.0/guice-bridge-2.5.0.jar:/home/user/.m2/repository/org/glassfish/jersey/core/jersey-server/2.27/jersey-server-2.27.jar:/home/user/.m2/repository/org/glassfish/jersey/core/jersey-client/2.27/jersey-client-2.27.jar:/home/user/.m2/repository/org/glassfish/jersey/media/jersey-media-jaxb/2.27/jersey-media-jaxb-2.27.jar:/home/user/.m2/repository/javax/validation/validation-api/1.1.0.Final/validation-api-1.1.0.Final.jar:/home/user/.m2/repository/org/glassfish/jersey/media/jersey-media-json-jackson/2.27/jersey-media-json-jackson-2.27.jar:/home/user/.m2/repository/org/glassfish/jersey/ext/jersey-entity-filtering/2.27/jersey-entity-filtering-2.27.jar:/home/user/.m2/repository/com/google/inject/extensions/guice-assistedinject/4.0/guice-assistedinject-4.0.jar:/home/user/.m2/repository/org/jooq/jooq/3.11.10/jooq-3.11.10.jar:/home/user/.m2/repository/org/jooq/jooq-meta/3.11.10/jooq-meta-3.11.10.jar:/home/user/.m2/repository/org/jooq/jooq-codegen/3.11.10/jooq-codegen-3.11.10.jar:/home/user/.m2/repository/com/jolbox/bonecp/0.8.0.RELEASE/bonecp-0.8.0.RELEASE.jar:/home/user/.m2/repository/org/xerial/sqlite-jdbc/3.25.2/sqlite-jdbc-3.25.2.jar:/home/user/.m2/repository/org/springframework/spring-jdbc/5.1.3.RELEASE/spring-jdbc-5.1.3.RELEASE.jar:/home/user/.m2/repository/org/springframework/spring-beans/5.1.3.RELEASE/spring-beans-5.1.3.RELEASE.jar:/home/user/.m2/repository/org/springframework/spring-core/5.1.3.RELEASE/spring-core-5.1.3.RELEASE.jar:/home/user/.m2/repository/org/springframework/spring-jcl/5.1.3.RELEASE/spring-jcl-5.1.3.RELEASE.jar:/home/user/.m2/repository/org/springframework/spring-tx/5.1.3.RELEASE/spring-tx-5.1.3.RELEASE.jar:/home/user/.m2/repository/org/apache/hadoop/hadoop-ozone-client/0.5.0-SNAPSHOT/hadoop-ozone-client-0.5.0-SNAPSHOT.jar:/home/user/.m2/repository/commons-lang/commons-lang/2.6/commons-lang-2.6.jar:/home/user/.m2/repository/org/apache/hadoop/hadoop-ozone-ozone-manager/0.5.0-SNAPSHOT/hadoop-ozone-ozone-manager-0.5.0-SNAPSHOT-tests.jar:/home/user/.m2/repository/junit/junit/4.11/junit-4.11.jar:/home/user/.m2/repository/org/hamcrest/hamcrest-core/1.3/hamcrest-core-1.3.jar:/home/user/.m2/repository/org/openjdk/jmh/jmh-core/1.19/jmh-core-1.19.jar:/home/user/.m2/repository/net/sf/jopt-simple/jopt-simple/4.6/jopt-simple-4.6.jar:/home/user/.m2/repository/org/apache/commons/commons-math3/3.1.1/commons-math3-3.1.1.jar:/home/user/.m2/repository/org/openjdk/jmh/jmh-generator-annprocess/1.19/jmh-generator-annprocess-1.19.jar:/home/user/.m2/repository/org/mockito/mockito-all/1.8.5/mockito-all-1.8.5.jar:/home/user/.m2/repository/org/apache/hadoop/hadoop-kms/3.2.0/hadoop-kms-3.2.0.jar:/home/user/.m2/repository/org/apache/hadoop/hadoop-auth/3.2.0/hadoop-auth-3.2.0.jar:/home/user/.m2/repository/com/nimbusds/nimbus-jose-jwt/4.41.1/nimbus-jose-jwt-4.41.1.jar:/home/user/.m2/repository/com/github/stephenc/jcip/jcip-annotations/1.0-1/jcip-annotations-1.0-1.jar:/home/user/.m2/repository/net/minidev/json-smart/2.3/json-smart-2.3.jar:/home/user/.m2/repository/net/minidev/accessors-smart/1.2/accessors-smart-1.2.jar:/home/user/.m2/repository/org/ow2/asm/asm/5.0.4/asm-5.0.4.jar:/home/user/.m2/repository/org/apache/curator/curator-framework/2.12.0/curator-framework-2.12.0.jar:/home/user/.m2/repository/com/sun/jersey/jersey-core/1.19/jersey-core-1.19.jar:/home/user/.m2/repository/javax/ws/rs/jsr311-api/1.1.1/jsr311-api-1.1.1.jar:/home/user/.m2/repository/com/sun/jersey/jersey-server/1.19/jersey-server-1.19.jar:/home/user/.m2/repository/javax/servlet/javax.servlet-api/3.1.0/javax.servlet-api-3.1.0.jar:/home/user/.m2/repository/org/eclipse/jetty/jetty-server/9.3.24.v20180605/jetty-server-9.3.24.v20180605.jar:/home/user/.m2/repository/org/eclipse/jetty/jetty-http/9.3.24.v20180605/jetty-http-9.3.24.v20180605.jar:/home/user/.m2/repository/org/eclipse/jetty/jetty-io/9.3.24.v20180605/jetty-io-9.3.24.v20180605.jar:/home/user/.m2/repository/org/eclipse/jetty/jetty-webapp/9.3.24.v20180605/jetty-webapp-9.3.24.v20180605.jar:/home/user/.m2/repository/org/eclipse/jetty/jetty-xml/9.3.24.v20180605/jetty-xml-9.3.24.v20180605.jar:/home/user/.m2/repository/log4j/log4j/1.2.17/log4j-1.2.17.jar:/home/user/.m2/repository/org/slf4j/slf4j-api/1.7.25/slf4j-api-1.7.25.jar:/home/user/.m2/repository/org/slf4j/jul-to-slf4j/1.7.25/jul-to-slf4j-1.7.25.jar:/home/user/.m2/repository/org/eclipse/jetty/jetty-util/9.3.24.v20180605/jetty-util-9.3.24.v20180605.jar:/home/user/.m2/repository/com/fasterxml/jackson/core/jackson-databind/2.9.5/jackson-databind-2.9.5.jar:/home/user/.m2/repository/org/apache/hadoop/hadoop-kms/3.2.0/hadoop-kms-3.2.0-tests.jar:/home/user/.m2/repository/org/apache/hadoop/hadoop-hdds-server-scm/0.5.0-SNAPSHOT/hadoop-hdds-server-scm-0.5.0-SNAPSHOT-tests.jar:/home/user/.m2/repository/org/apache/hadoop/hadoop-hdds-container-service/0.5.0-SNAPSHOT/hadoop-hdds-container-service-0.5.0-SNAPSHOT-tests.jar:/home/user/.m2/repository/org/yaml/snakeyaml/1.16/snakeyaml-1.16.jar:/home/user/.m2/repository/org/apache/hadoop/hadoop-common/3.2.0/hadoop-common-3.2.0-tests.jar:/home/user/.m2/repository/org/apache/hadoop/hadoop-annotations/3.2.0/hadoop-annotations-3.2.0.jar:/usr/lib/jvm/java-1.8-openjdk/jre/../lib/tools.jar:/home/user/.m2/repository/commons-cli/commons-cli/1.2/commons-cli-1.2.jar:/home/user/.m2/repository/org/apache/httpcomponents/httpclient/4.5.2/httpclient-4.5.2.jar:/home/user/.m2/repository/org/apache/httpcomponents/httpcore/4.4.4/httpcore-4.4.4.jar:/home/user/.m2/repository/commons-codec/commons-codec/1.11/commons-codec-1.11.jar:/home/user/.m2/repository/commons-net/commons-net/3.6/commons-net-3.6.jar:/home/user/.m2/repository/commons-collections/commons-collections/3.2.2/commons-collections-3.2.2.jar:/home/user/.m2/repository/org/eclipse/jetty/jetty-servlet/9.3.24.v20180605/jetty-servlet-9.3.24.v20180605.jar:/home/user/.m2/repository/org/eclipse/jetty/jetty-security/9.3.24.v20180605/jetty-security-9.3.24.v20180605.jar:/home/user/.m2/repository/javax/servlet/jsp/jsp-api/2.1/jsp-api-2.1.jar:/home/user/.m2/repository/com/sun/jersey/jersey-servlet/1.19/jersey-servlet-1.19.jar:/home/user/.m2/repository/com/sun/jersey/jersey-json/1.19/jersey-json-1.19.jar:/home/user/.m2/repository/org/codehaus/jettison/jettison/1.1/jettison-1.1.jar:/home/user/.m2/repository/org/codehaus/jackson/jackson-core-asl/1.9.13/jackson-core-asl-1.9.13.jar:/home/user/.m2/repository/org/codehaus/jackson/jackson-mapper-asl/1.9.13/jackson-mapper-asl-1.9.13.jar:/home/user/.m2/repository/org/codehaus/jackson/jackson-jaxrs/1.9.13/jackson-jaxrs-1.9.13.jar:/home/user/.m2/repository/org/codehaus/jackson/jackson-xc/1.9.13/jackson-xc-1.9.13.jar:/home/user/.m2/repository/commons-logging/commons-logging/1.1.3/commons-logging-1.1.3.jar:/home/user/.m2/repository/commons-beanutils/commons-beanutils/1.9.3/commons-beanutils-1.9.3.jar:/home/user/.m2/repository/org/apache/commons/commons-configuration2/2.1.1/commons-configuration2-2.1.1.jar:/home/user/.m2/repository/org/apache/commons/commons-lang3/3.7/commons-lang3-3.7.jar:/home/user/.m2/repository/org/apache/commons/commons-text/1.4/commons-text-1.4.jar:/home/user/.m2/repository/org/apache/avro/avro/1.7.7/avro-1.7.7.jar:/home/user/.m2/repository/com/thoughtworks/paranamer/paranamer/2.3/paranamer-2.3.jar:/home/user/.m2/repository/org/xerial/snappy/snappy-java/1.0.5/snappy-java-1.0.5.jar:/home/user/.m2/repository/com/google/re2j/re2j/1.1/re2j-1.1.jar:/home/user/.m2/repository/com/google/code/gson/gson/2.2.4/gson-2.2.4.jar:/home/user/.m2/repository/com/jcraft/jsch/0.1.54/jsch-0.1.54.jar:/home/user/.m2/repository/org/apache/curator/curator-client/2.12.0/curator-client-2.12.0.jar:/home/user/.m2/repository/org/apache/curator/curator-recipes/2.12.0/curator-recipes-2.12.0.jar:/home/user/.m2/repository/com/google/code/findbugs/jsr305/3.0.0/jsr305-3.0.0.jar:/home/user/.m2/repository/org/apache/htrace/htrace-core4/4.1.0-incubating/htrace-core4-4.1.0-incubating.jar:/home/user/.m2/repository/org/apache/zookeeper/zookeeper/3.4.13/zookeeper-3.4.13.jar:/home/user/.m2/repository/org/apache/yetus/audience-annotations/0.5.0/audience-annotations-0.5.0.jar:/home/user/.m2/repository/org/codehaus/woodstox/stax2-api/3.1.4/stax2-api-3.1.4.jar:/home/user/.m2/repository/com/fasterxml/woodstox/woodstox-core/5.0.3/woodstox-core-5.0.3.jar:/home/user/.m2/repository/dnsjava/dnsjava/2.1.7/dnsjava-2.1.7.jar:/home/user/.m2/repository/org/apache/hadoop/hadoop-hdfs/3.2.0/hadoop-hdfs-3.2.0-tests.jar:/home/user/.m2/repository/org/eclipse/jetty/jetty-util-ajax/9.3.24.v20180605/jetty-util-ajax-9.3.24.v20180605.jar:/home/user/.m2/repository/commons-daemon/commons-daemon/1.0.13/commons-daemon-1.0.13.jar:/home/user/.m2/repository/io/netty/netty/3.10.5.Final/netty-3.10.5.Final.jar:/home/user/.m2/repository/io/netty/netty-all/4.0.52.Final/netty-all-4.0.52.Final.jar:/home/user/.m2/repository/org/fusesource/leveldbjni/leveldbjni-all/1.8/leveldbjni-all-1.8.jar:"/>
    <property name="java.vm.vendor" value="IcedTea"/>
    <property name="sun.arch.data.model" value="64"/>
    <property name="test.build.dir" value="/tmp/workdir/hadoop-ozone/integration-test/target/test-dir"/>
    <property name="test.cache.data" value=""/>
    <property name="java.vendor.url" value="https://icedtea.classpath.org"/>
    <property name="user.timezone" value=""/>
    <property name="java.vm.specification.version" value="1.8"/>
    <property name="os.name" value="Linux"/>
    <property name="test.build.data" value="/tmp/workdir/hadoop-ozone/integration-test/target/test-dir"/>
    <property name="user.country" value="US"/>
    <property name="sun.java.launcher" value="SUN_STANDARD"/>
    <property name="sun.boot.library.path" value="/usr/lib/jvm/java-1.8-openjdk/jre/lib/amd64"/>
    <property name="sun.java.command" value="/tmp/workdir/hadoop-ozone/integration-test/target/surefire/surefirebooter242415327272524404.jar /tmp/workdir/hadoop-ozone/integration-test/target/surefire 2019-07-13T18-10-45_123-jvmRun1 surefire6273475821053062400tmp surefire_792191185123693369522tmp"/>
    <property name="surefire.test.class.path" value="/tmp/workdir/hadoop-ozone/integration-test/target/test-classes:/tmp/workdir/hadoop-ozone/integration-test/target/classes:/home/user/.m2/repository/org/apache/hadoop/hadoop-ozone-common/0.5.0-SNAPSHOT/hadoop-ozone-common-0.5.0-SNAPSHOT.jar:/home/user/.m2/repository/org/apache/commons/commons-compress/1.4.1/commons-compress-1.4.1.jar:/home/user/.m2/repository/org/tukaani/xz/1.0/xz-1.0.jar:/home/user/.m2/repository/org/apache/hadoop/hadoop-common/3.2.0/hadoop-common-3.2.0.jar:/home/user/.m2/repository/org/apache/hadoop/hadoop-hdfs/3.2.0/hadoop-hdfs-3.2.0.jar:/home/user/.m2/repository/org/apache/hadoop/hadoop-hdfs-client/3.2.0/hadoop-hdfs-client-3.2.0.jar:/home/user/.m2/repository/com/fasterxml/jackson/core/jackson-annotations/2.9.5/jackson-annotations-2.9.5.jar:/home/user/.m2/repository/org/apache/hadoop/hadoop-hdds-common/0.5.0-SNAPSHOT/hadoop-hdds-common-0.5.0-SNAPSHOT.jar:/home/user/.m2/repository/javax/annotation/javax.annotation-api/1.2/javax.annotation-api-1.2.jar:/home/user/.m2/repository/org/apache/ratis/ratis-server/0.4.0-2337318-SNAPSHOT/ratis-server-0.4.0-2337318-SNAPSHOT.jar:/home/user/.m2/repository/org/apache/ratis/ratis-thirdparty-misc/0.2.0/ratis-thirdparty-misc-0.2.0.jar:/home/user/.m2/repository/org/apache/ratis/ratis-proto/0.4.0-2337318-SNAPSHOT/ratis-proto-0.4.0-2337318-SNAPSHOT.jar:/home/user/.m2/repository/org/apache/ratis/ratis-common/0.4.0-2337318-SNAPSHOT/ratis-common-0.4.0-2337318-SNAPSHOT.jar:/home/user/.m2/repository/org/apache/ratis/ratis-client/0.4.0-2337318-SNAPSHOT/ratis-client-0.4.0-2337318-SNAPSHOT.jar:/home/user/.m2/repository/org/apache/ratis/ratis-metrics/0.4.0-2337318-SNAPSHOT/ratis-metrics-0.4.0-2337318-SNAPSHOT.jar:/home/user/.m2/repository/org/apache/ratis/ratis-netty/0.4.0-2337318-SNAPSHOT/ratis-netty-0.4.0-2337318-SNAPSHOT.jar:/home/user/.m2/repository/org/apache/ratis/ratis-grpc/0.4.0-2337318-SNAPSHOT/ratis-grpc-0.4.0-2337318-SNAPSHOT.jar:/home/user/.m2/repository/org/rocksdb/rocksdbjni/6.0.1/rocksdbjni-6.0.1.jar:/home/user/.m2/repository/org/apache/logging/log4j/log4j-api/2.11.0/log4j-api-2.11.0.jar:/home/user/.m2/repository/org/apache/logging/log4j/log4j-core/2.11.0/log4j-core-2.11.0.jar:/home/user/.m2/repository/com/lmax/disruptor/3.4.2/disruptor-3.4.2.jar:/home/user/.m2/repository/org/apache/commons/commons-pool2/2.6.0/commons-pool2-2.6.0.jar:/home/user/.m2/repository/org/bouncycastle/bcpkix-jdk15on/1.60/bcpkix-jdk15on-1.60.jar:/home/user/.m2/repository/commons-validator/commons-validator/1.6/commons-validator-1.6.jar:/home/user/.m2/repository/commons-digester/commons-digester/1.8.1/commons-digester-1.8.1.jar:/home/user/.m2/repository/io/jaegertracing/jaeger-client/0.33.1/jaeger-client-0.33.1.jar:/home/user/.m2/repository/io/jaegertracing/jaeger-thrift/0.33.1/jaeger-thrift-0.33.1.jar:/home/user/.m2/repository/org/apache/thrift/libthrift/0.11.0/libthrift-0.11.0.jar:/home/user/.m2/repository/com/squareup/okhttp3/okhttp/3.9.0/okhttp-3.9.0.jar:/home/user/.m2/repository/com/squareup/okio/okio/1.13.0/okio-1.13.0.jar:/home/user/.m2/repository/io/jaegertracing/jaeger-core/0.33.1/jaeger-core-0.33.1.jar:/home/user/.m2/repository/io/jaegertracing/jaeger-tracerresolver/0.33.1/jaeger-tracerresolver-0.33.1.jar:/home/user/.m2/repository/io/opentracing/contrib/opentracing-tracerresolver/0.1.5/opentracing-tracerresolver-0.1.5.jar:/home/user/.m2/repository/io/opentracing/opentracing-util/0.31.0/opentracing-util-0.31.0.jar:/home/user/.m2/repository/io/opentracing/opentracing-api/0.31.0/opentracing-api-0.31.0.jar:/home/user/.m2/repository/io/opentracing/opentracing-noop/0.31.0/opentracing-noop-0.31.0.jar:/home/user/.m2/repository/org/apache/hadoop/hadoop-hdds-server-framework/0.5.0-SNAPSHOT/hadoop-hdds-server-framework-0.5.0-SNAPSHOT.jar:/home/user/.m2/repository/org/apache/hadoop/hadoop-hdds-container-service/0.5.0-SNAPSHOT/hadoop-hdds-container-service-0.5.0-SNAPSHOT.jar:/home/user/.m2/repository/org/apache/hadoop/hadoop-hdds-client/0.5.0-SNAPSHOT/hadoop-hdds-client-0.5.0-SNAPSHOT.jar:/home/user/.m2/repository/org/apache/hadoop/hadoop-hdds-tools/0.5.0-SNAPSHOT/hadoop-hdds-tools-0.5.0-SNAPSHOT.jar:/home/user/.m2/repository/org/apache/hadoop/hadoop-hdds-server-scm/0.5.0-SNAPSHOT/hadoop-hdds-server-scm-0.5.0-SNAPSHOT.jar:/home/user/.m2/repository/org/apache/hadoop/hadoop-hdds-docs/0.5.0-SNAPSHOT/hadoop-hdds-docs-0.5.0-SNAPSHOT.jar:/home/user/.m2/repository/io/dropwizard/metrics/metrics-core/3.2.4/metrics-core-3.2.4.jar:/home/user/.m2/repository/org/hamcrest/hamcrest-all/1.3/hamcrest-all-1.3.jar:/home/user/.m2/repository/org/bouncycastle/bcprov-jdk15on/1.60/bcprov-jdk15on-1.60.jar:/home/user/.m2/repository/info/picocli/picocli/3.9.6/picocli-3.9.6.jar:/home/user/.m2/repository/com/google/protobuf/protobuf-java/2.5.0/protobuf-java-2.5.0.jar:/home/user/.m2/repository/com/google/guava/guava/11.0.2/guava-11.0.2.jar:/home/user/.m2/repository/org/apache/hadoop/hadoop-ozone-ozone-manager/0.5.0-SNAPSHOT/hadoop-ozone-ozone-manager-0.5.0-SNAPSHOT.jar:/home/user/.m2/repository/org/apache/hadoop/hadoop-minikdc/3.2.0/hadoop-minikdc-3.2.0.jar:/home/user/.m2/repository/commons-io/commons-io/2.5/commons-io-2.5.jar:/home/user/.m2/repository/org/apache/kerby/kerb-simplekdc/1.0.1/kerb-simplekdc-1.0.1.jar:/home/user/.m2/repository/org/apache/kerby/kerb-client/1.0.1/kerb-client-1.0.1.jar:/home/user/.m2/repository/org/apache/kerby/kerby-config/1.0.1/kerby-config-1.0.1.jar:/home/user/.m2/repository/org/apache/kerby/kerb-core/1.0.1/kerb-core-1.0.1.jar:/home/user/.m2/repository/org/apache/kerby/kerby-pkix/1.0.1/kerby-pkix-1.0.1.jar:/home/user/.m2/repository/org/apache/kerby/kerby-asn1/1.0.1/kerby-asn1-1.0.1.jar:/home/user/.m2/repository/org/apache/kerby/kerby-util/1.0.1/kerby-util-1.0.1.jar:/home/user/.m2/repository/org/apache/kerby/kerb-common/1.0.1/kerb-common-1.0.1.jar:/home/user/.m2/repository/org/apache/kerby/kerb-crypto/1.0.1/kerb-crypto-1.0.1.jar:/home/user/.m2/repository/org/apache/kerby/kerb-util/1.0.1/kerb-util-1.0.1.jar:/home/user/.m2/repository/org/apache/kerby/token-provider/1.0.1/token-provider-1.0.1.jar:/home/user/.m2/repository/org/apache/kerby/kerb-admin/1.0.1/kerb-admin-1.0.1.jar:/home/user/.m2/repository/org/apache/kerby/kerb-server/1.0.1/kerb-server-1.0.1.jar:/home/user/.m2/repository/org/apache/kerby/kerb-identity/1.0.1/kerb-identity-1.0.1.jar:/home/user/.m2/repository/org/apache/kerby/kerby-xdr/1.0.1/kerby-xdr-1.0.1.jar:/home/user/.m2/repository/org/slf4j/slf4j-log4j12/1.7.25/slf4j-log4j12-1.7.25.jar:/home/user/.m2/repository/org/apache/hadoop/hadoop-ozone-objectstore-service/0.5.0-SNAPSHOT/hadoop-ozone-objectstore-service-0.5.0-SNAPSHOT.jar:/home/user/.m2/repository/org/apache/hadoop/hadoop-ozone-s3gateway/0.5.0-SNAPSHOT/hadoop-ozone-s3gateway-0.5.0-SNAPSHOT.jar:/home/user/.m2/repository/org/jboss/weld/servlet/weld-servlet/2.4.7.Final/weld-servlet-2.4.7.Final.jar:/home/user/.m2/repository/org/glassfish/jersey/containers/jersey-container-servlet-core/2.27/jersey-container-servlet-core-2.27.jar:/home/user/.m2/repository/org/glassfish/hk2/external/javax.inject/2.5.0-b42/javax.inject-2.5.0-b42.jar:/home/user/.m2/repository/org/glassfish/jersey/core/jersey-common/2.27/jersey-common-2.27.jar:/home/user/.m2/repository/org/glassfish/hk2/osgi-resource-locator/1.0.1/osgi-resource-locator-1.0.1.jar:/home/user/.m2/repository/javax/ws/rs/javax.ws.rs-api/2.1/javax.ws.rs-api-2.1.jar:/home/user/.m2/repository/org/glassfish/jersey/ext/cdi/jersey-cdi1x/2.27/jersey-cdi1x-2.27.jar:/home/user/.m2/repository/org/glassfish/jersey/inject/jersey-hk2/2.27/jersey-hk2-2.27.jar:/home/user/.m2/repository/org/glassfish/hk2/hk2-locator/2.5.0-b42/hk2-locator-2.5.0-b42.jar:/home/user/.m2/repository/org/javassist/javassist/3.22.0-CR2/javassist-3.22.0-CR2.jar:/home/user/.m2/repository/org/glassfish/hk2/hk2-api/2.5.0/hk2-api-2.5.0.jar:/home/user/.m2/repository/org/glassfish/hk2/external/jakarta.inject/2.5.0/jakarta.inject-2.5.0.jar:/home/user/.m2/repository/org/glassfish/hk2/hk2-utils/2.5.0/hk2-utils-2.5.0.jar:/home/user/.m2/repository/jakarta/annotation/jakarta.annotation-api/1.3.4/jakarta.annotation-api-1.3.4.jar:/home/user/.m2/repository/org/glassfish/hk2/external/aopalliance-repackaged/2.5.0/aopalliance-repackaged-2.5.0.jar:/home/user/.m2/repository/com/fasterxml/jackson/dataformat/jackson-dataformat-xml/2.9.0/jackson-dataformat-xml-2.9.0.jar:/home/user/.m2/repository/com/fasterxml/jackson/core/jackson-core/2.9.5/jackson-core-2.9.5.jar:/home/user/.m2/repository/com/fasterxml/jackson/module/jackson-module-jaxb-annotations/2.9.5/jackson-module-jaxb-annotations-2.9.5.jar:/home/user/.m2/repository/javax/enterprise/cdi-api/1.2/cdi-api-1.2.jar:/home/user/.m2/repository/javax/el/javax.el-api/3.0.0/javax.el-api-3.0.0.jar:/home/user/.m2/repository/javax/interceptor/javax.interceptor-api/1.2/javax.interceptor-api-1.2.jar:/home/user/.m2/repository/javax/inject/javax.inject/1/javax.inject-1.jar:/home/user/.m2/repository/com/sun/xml/bind/jaxb-impl/2.3.0.1/jaxb-impl-2.3.0.1.jar:/home/user/.m2/repository/com/sun/xml/bind/jaxb-core/2.3.0.1/jaxb-core-2.3.0.1.jar:/home/user/.m2/repository/javax/xml/bind/jaxb-api/2.3.0/jaxb-api-2.3.0.jar:/home/user/.m2/repository/javax/activation/activation/1.1.1/activation-1.1.1.jar:/home/user/.m2/repository/org/apache/hadoop/hadoop-ozone-csi/0.5.0-SNAPSHOT/hadoop-ozone-csi-0.5.0-SNAPSHOT.jar:/home/user/.m2/repository/com/google/protobuf/protobuf-java-util/3.5.1/protobuf-java-util-3.5.1.jar:/home/user/.m2/repository/org/apache/hadoop/hadoop-hdds-config/0.5.0-SNAPSHOT/hadoop-hdds-config-0.5.0-SNAPSHOT.jar:/home/user/.m2/repository/io/grpc/grpc-netty/1.17.1/grpc-netty-1.17.1.jar:/home/user/.m2/repository/io/grpc/grpc-core/1.17.1/grpc-core-1.17.1.jar:/home/user/.m2/repository/io/grpc/grpc-context/1.17.1/grpc-context-1.17.1.jar:/home/user/.m2/repository/com/google/errorprone/error_prone_annotations/2.2.0/error_prone_annotations-2.2.0.jar:/home/user/.m2/repository/org/codehaus/mojo/animal-sniffer-annotations/1.17/animal-sniffer-annotations-1.17.jar:/home/user/.m2/repository/io/opencensus/opencensus-api/0.17.0/opencensus-api-0.17.0.jar:/home/user/.m2/repository/io/opencensus/opencensus-contrib-grpc-metrics/0.17.0/opencensus-contrib-grpc-metrics-0.17.0.jar:/home/user/.m2/repository/io/netty/netty-codec-http2/4.1.30.Final/netty-codec-http2-4.1.30.Final.jar:/home/user/.m2/repository/io/netty/netty-codec-http/4.1.30.Final/netty-codec-http-4.1.30.Final.jar:/home/user/.m2/repository/io/netty/netty-codec/4.1.30.Final/netty-codec-4.1.30.Final.jar:/home/user/.m2/repository/io/netty/netty-handler/4.1.30.Final/netty-handler-4.1.30.Final.jar:/home/user/.m2/repository/io/netty/netty-handler-proxy/4.1.30.Final/netty-handler-proxy-4.1.30.Final.jar:/home/user/.m2/repository/io/netty/netty-codec-socks/4.1.30.Final/netty-codec-socks-4.1.30.Final.jar:/home/user/.m2/repository/io/netty/netty-transport-native-epoll/4.1.30.Final/netty-transport-native-epoll-4.1.30.Final.jar:/home/user/.m2/repository/io/netty/netty-common/4.1.30.Final/netty-common-4.1.30.Final.jar:/home/user/.m2/repository/io/netty/netty-buffer/4.1.30.Final/netty-buffer-4.1.30.Final.jar:/home/user/.m2/repository/io/netty/netty-transport/4.1.30.Final/netty-transport-4.1.30.Final.jar:/home/user/.m2/repository/io/netty/netty-resolver/4.1.30.Final/netty-resolver-4.1.30.Final.jar:/home/user/.m2/repository/io/netty/netty-transport-native-unix-common/4.1.30.Final/netty-transport-native-unix-common-4.1.30.Final.jar:/home/user/.m2/repository/io/grpc/grpc-protobuf/1.17.1/grpc-protobuf-1.17.1.jar:/home/user/.m2/repository/com/google/api/grpc/proto-google-common-protos/1.0.0/proto-google-common-protos-1.0.0.jar:/home/user/.m2/repository/io/grpc/grpc-protobuf-lite/1.17.1/grpc-protobuf-lite-1.17.1.jar:/home/user/.m2/repository/io/grpc/grpc-stub/1.17.1/grpc-stub-1.17.1.jar:/home/user/.m2/repository/org/apache/hadoop/hadoop-ozone-recon/0.5.0-SNAPSHOT/hadoop-ozone-recon-0.5.0-SNAPSHOT.jar:/home/user/.m2/repository/org/apache/hadoop/hadoop-ozone-reconcodegen/0.5.0-SNAPSHOT/hadoop-ozone-reconcodegen-0.5.0-SNAPSHOT.jar:/home/user/.m2/repository/com/google/inject/extensions/guice-multibindings/4.0/guice-multibindings-4.0.jar:/home/user/.m2/repository/com/google/inject/guice/4.0/guice-4.0.jar:/home/user/.m2/repository/aopalliance/aopalliance/1.0/aopalliance-1.0.jar:/home/user/.m2/repository/com/google/inject/extensions/guice-servlet/4.0/guice-servlet-4.0.jar:/home/user/.m2/repository/org/glassfish/jersey/containers/jersey-container-servlet/2.27/jersey-container-servlet-2.27.jar:/home/user/.m2/repository/org/glassfish/hk2/guice-bridge/2.5.0/guice-bridge-2.5.0.jar:/home/user/.m2/repository/org/glassfish/jersey/core/jersey-server/2.27/jersey-server-2.27.jar:/home/user/.m2/repository/org/glassfish/jersey/core/jersey-client/2.27/jersey-client-2.27.jar:/home/user/.m2/repository/org/glassfish/jersey/media/jersey-media-jaxb/2.27/jersey-media-jaxb-2.27.jar:/home/user/.m2/repository/javax/validation/validation-api/1.1.0.Final/validation-api-1.1.0.Final.jar:/home/user/.m2/repository/org/glassfish/jersey/media/jersey-media-json-jackson/2.27/jersey-media-json-jackson-2.27.jar:/home/user/.m2/repository/org/glassfish/jersey/ext/jersey-entity-filtering/2.27/jersey-entity-filtering-2.27.jar:/home/user/.m2/repository/com/google/inject/extensions/guice-assistedinject/4.0/guice-assistedinject-4.0.jar:/home/user/.m2/repository/org/jooq/jooq/3.11.10/jooq-3.11.10.jar:/home/user/.m2/repository/org/jooq/jooq-meta/3.11.10/jooq-meta-3.11.10.jar:/home/user/.m2/repository/org/jooq/jooq-codegen/3.11.10/jooq-codegen-3.11.10.jar:/home/user/.m2/repository/com/jolbox/bonecp/0.8.0.RELEASE/bonecp-0.8.0.RELEASE.jar:/home/user/.m2/repository/org/xerial/sqlite-jdbc/3.25.2/sqlite-jdbc-3.25.2.jar:/home/user/.m2/repository/org/springframework/spring-jdbc/5.1.3.RELEASE/spring-jdbc-5.1.3.RELEASE.jar:/home/user/.m2/repository/org/springframework/spring-beans/5.1.3.RELEASE/spring-beans-5.1.3.RELEASE.jar:/home/user/.m2/repository/org/springframework/spring-core/5.1.3.RELEASE/spring-core-5.1.3.RELEASE.jar:/home/user/.m2/repository/org/springframework/spring-jcl/5.1.3.RELEASE/spring-jcl-5.1.3.RELEASE.jar:/home/user/.m2/repository/org/springframework/spring-tx/5.1.3.RELEASE/spring-tx-5.1.3.RELEASE.jar:/home/user/.m2/repository/org/apache/hadoop/hadoop-ozone-client/0.5.0-SNAPSHOT/hadoop-ozone-client-0.5.0-SNAPSHOT.jar:/home/user/.m2/repository/commons-lang/commons-lang/2.6/commons-lang-2.6.jar:/home/user/.m2/repository/org/apache/hadoop/hadoop-ozone-ozone-manager/0.5.0-SNAPSHOT/hadoop-ozone-ozone-manager-0.5.0-SNAPSHOT-tests.jar:/home/user/.m2/repository/junit/junit/4.11/junit-4.11.jar:/home/user/.m2/repository/org/hamcrest/hamcrest-core/1.3/hamcrest-core-1.3.jar:/home/user/.m2/repository/org/openjdk/jmh/jmh-core/1.19/jmh-core-1.19.jar:/home/user/.m2/repository/net/sf/jopt-simple/jopt-simple/4.6/jopt-simple-4.6.jar:/home/user/.m2/repository/org/apache/commons/commons-math3/3.1.1/commons-math3-3.1.1.jar:/home/user/.m2/repository/org/openjdk/jmh/jmh-generator-annprocess/1.19/jmh-generator-annprocess-1.19.jar:/home/user/.m2/repository/org/mockito/mockito-all/1.8.5/mockito-all-1.8.5.jar:/home/user/.m2/repository/org/apache/hadoop/hadoop-kms/3.2.0/hadoop-kms-3.2.0.jar:/home/user/.m2/repository/org/apache/hadoop/hadoop-auth/3.2.0/hadoop-auth-3.2.0.jar:/home/user/.m2/repository/com/nimbusds/nimbus-jose-jwt/4.41.1/nimbus-jose-jwt-4.41.1.jar:/home/user/.m2/repository/com/github/stephenc/jcip/jcip-annotations/1.0-1/jcip-annotations-1.0-1.jar:/home/user/.m2/repository/net/minidev/json-smart/2.3/json-smart-2.3.jar:/home/user/.m2/repository/net/minidev/accessors-smart/1.2/accessors-smart-1.2.jar:/home/user/.m2/repository/org/ow2/asm/asm/5.0.4/asm-5.0.4.jar:/home/user/.m2/repository/org/apache/curator/curator-framework/2.12.0/curator-framework-2.12.0.jar:/home/user/.m2/repository/com/sun/jersey/jersey-core/1.19/jersey-core-1.19.jar:/home/user/.m2/repository/javax/ws/rs/jsr311-api/1.1.1/jsr311-api-1.1.1.jar:/home/user/.m2/repository/com/sun/jersey/jersey-server/1.19/jersey-server-1.19.jar:/home/user/.m2/repository/javax/servlet/javax.servlet-api/3.1.0/javax.servlet-api-3.1.0.jar:/home/user/.m2/repository/org/eclipse/jetty/jetty-server/9.3.24.v20180605/jetty-server-9.3.24.v20180605.jar:/home/user/.m2/repository/org/eclipse/jetty/jetty-http/9.3.24.v20180605/jetty-http-9.3.24.v20180605.jar:/home/user/.m2/repository/org/eclipse/jetty/jetty-io/9.3.24.v20180605/jetty-io-9.3.24.v20180605.jar:/home/user/.m2/repository/org/eclipse/jetty/jetty-webapp/9.3.24.v20180605/jetty-webapp-9.3.24.v20180605.jar:/home/user/.m2/repository/org/eclipse/jetty/jetty-xml/9.3.24.v20180605/jetty-xml-9.3.24.v20180605.jar:/home/user/.m2/repository/log4j/log4j/1.2.17/log4j-1.2.17.jar:/home/user/.m2/repository/org/slf4j/slf4j-api/1.7.25/slf4j-api-1.7.25.jar:/home/user/.m2/repository/org/slf4j/jul-to-slf4j/1.7.25/jul-to-slf4j-1.7.25.jar:/home/user/.m2/repository/org/eclipse/jetty/jetty-util/9.3.24.v20180605/jetty-util-9.3.24.v20180605.jar:/home/user/.m2/repository/com/fasterxml/jackson/core/jackson-databind/2.9.5/jackson-databind-2.9.5.jar:/home/user/.m2/repository/org/apache/hadoop/hadoop-kms/3.2.0/hadoop-kms-3.2.0-tests.jar:/home/user/.m2/repository/org/apache/hadoop/hadoop-hdds-server-scm/0.5.0-SNAPSHOT/hadoop-hdds-server-scm-0.5.0-SNAPSHOT-tests.jar:/home/user/.m2/repository/org/apache/hadoop/hadoop-hdds-container-service/0.5.0-SNAPSHOT/hadoop-hdds-container-service-0.5.0-SNAPSHOT-tests.jar:/home/user/.m2/repository/org/yaml/snakeyaml/1.16/snakeyaml-1.16.jar:/home/user/.m2/repository/org/apache/hadoop/hadoop-common/3.2.0/hadoop-common-3.2.0-tests.jar:/home/user/.m2/repository/org/apache/hadoop/hadoop-annotations/3.2.0/hadoop-annotations-3.2.0.jar:/usr/lib/jvm/java-1.8-openjdk/jre/../lib/tools.jar:/home/user/.m2/repository/commons-cli/commons-cli/1.2/commons-cli-1.2.jar:/home/user/.m2/repository/org/apache/httpcomponents/httpclient/4.5.2/httpclient-4.5.2.jar:/home/user/.m2/repository/org/apache/httpcomponents/httpcore/4.4.4/httpcore-4.4.4.jar:/home/user/.m2/repository/commons-codec/commons-codec/1.11/commons-codec-1.11.jar:/home/user/.m2/repository/commons-net/commons-net/3.6/commons-net-3.6.jar:/home/user/.m2/repository/commons-collections/commons-collections/3.2.2/commons-collections-3.2.2.jar:/home/user/.m2/repository/org/eclipse/jetty/jetty-servlet/9.3.24.v20180605/jetty-servlet-9.3.24.v20180605.jar:/home/user/.m2/repository/org/eclipse/jetty/jetty-security/9.3.24.v20180605/jetty-security-9.3.24.v20180605.jar:/home/user/.m2/repository/javax/servlet/jsp/jsp-api/2.1/jsp-api-2.1.jar:/home/user/.m2/repository/com/sun/jersey/jersey-servlet/1.19/jersey-servlet-1.19.jar:/home/user/.m2/repository/com/sun/jersey/jersey-json/1.19/jersey-json-1.19.jar:/home/user/.m2/repository/org/codehaus/jettison/jettison/1.1/jettison-1.1.jar:/home/user/.m2/repository/org/codehaus/jackson/jackson-core-asl/1.9.13/jackson-core-asl-1.9.13.jar:/home/user/.m2/repository/org/codehaus/jackson/jackson-mapper-asl/1.9.13/jackson-mapper-asl-1.9.13.jar:/home/user/.m2/repository/org/codehaus/jackson/jackson-jaxrs/1.9.13/jackson-jaxrs-1.9.13.jar:/home/user/.m2/repository/org/codehaus/jackson/jackson-xc/1.9.13/jackson-xc-1.9.13.jar:/home/user/.m2/repository/commons-logging/commons-logging/1.1.3/commons-logging-1.1.3.jar:/home/user/.m2/repository/commons-beanutils/commons-beanutils/1.9.3/commons-beanutils-1.9.3.jar:/home/user/.m2/repository/org/apache/commons/commons-configuration2/2.1.1/commons-configuration2-2.1.1.jar:/home/user/.m2/repository/org/apache/commons/commons-lang3/3.7/commons-lang3-3.7.jar:/home/user/.m2/repository/org/apache/commons/commons-text/1.4/commons-text-1.4.jar:/home/user/.m2/repository/org/apache/avro/avro/1.7.7/avro-1.7.7.jar:/home/user/.m2/repository/com/thoughtworks/paranamer/paranamer/2.3/paranamer-2.3.jar:/home/user/.m2/repository/org/xerial/snappy/snappy-java/1.0.5/snappy-java-1.0.5.jar:/home/user/.m2/repository/com/google/re2j/re2j/1.1/re2j-1.1.jar:/home/user/.m2/repository/com/google/code/gson/gson/2.2.4/gson-2.2.4.jar:/home/user/.m2/repository/com/jcraft/jsch/0.1.54/jsch-0.1.54.jar:/home/user/.m2/repository/org/apache/curator/curator-client/2.12.0/curator-client-2.12.0.jar:/home/user/.m2/repository/org/apache/curator/curator-recipes/2.12.0/curator-recipes-2.12.0.jar:/home/user/.m2/repository/com/google/code/findbugs/jsr305/3.0.0/jsr305-3.0.0.jar:/home/user/.m2/repository/org/apache/htrace/htrace-core4/4.1.0-incubating/htrace-core4-4.1.0-incubating.jar:/home/user/.m2/repository/org/apache/zookeeper/zookeeper/3.4.13/zookeeper-3.4.13.jar:/home/user/.m2/repository/org/apache/yetus/audience-annotations/0.5.0/audience-annotations-0.5.0.jar:/home/user/.m2/repository/org/codehaus/woodstox/stax2-api/3.1.4/stax2-api-3.1.4.jar:/home/user/.m2/repository/com/fasterxml/woodstox/woodstox-core/5.0.3/woodstox-core-5.0.3.jar:/home/user/.m2/repository/dnsjava/dnsjava/2.1.7/dnsjava-2.1.7.jar:/home/user/.m2/repository/org/apache/hadoop/hadoop-hdfs/3.2.0/hadoop-hdfs-3.2.0-tests.jar:/home/user/.m2/repository/org/eclipse/jetty/jetty-util-ajax/9.3.24.v20180605/jetty-util-ajax-9.3.24.v20180605.jar:/home/user/.m2/repository/commons-daemon/commons-daemon/1.0.13/commons-daemon-1.0.13.jar:/home/user/.m2/repository/io/netty/netty/3.10.5.Final/netty-3.10.5.Final.jar:/home/user/.m2/repository/io/netty/netty-all/4.0.52.Final/netty-all-4.0.52.Final.jar:/home/user/.m2/repository/org/fusesource/leveldbjni/leveldbjni-all/1.8/leveldbjni-all-1.8.jar:"/>
    <property name="sun.cpu.endian" value="little"/>
    <property name="user.home" value="/home/user"/>
    <property name="user.language" value="en"/>
    <property name="java.specification.vendor" value="Oracle Corporation"/>
    <property name="java.home" value="/usr/lib/jvm/java-1.8-openjdk/jre"/>
    <property name="java.security.krb5.conf" value="/tmp/workdir/hadoop-ozone/integration-test/target/test-classes/krb5.conf"/>
    <property name="basedir" value="/tmp/workdir/hadoop-ozone/integration-test"/>
    <property name="file.separator" value="/"/>
    <property name="line.separator" value="&#10;"/>
    <property name="java.vm.specification.vendor" value="Oracle Corporation"/>
    <property name="java.specification.name" value="Java Platform API Specification"/>
    <property name="java.awt.graphicsenv" value="sun.awt.X11GraphicsEnvironment"/>
    <property name="surefire.real.class.path" value="/tmp/workdir/hadoop-ozone/integration-test/target/surefire/surefirebooter242415327272524404.jar"/>
    <property name="hadoop.log.dir" value="/tmp/workdir/hadoop-ozone/integration-test/target/log"/>
    <property name="sun.boot.class.path" value="/usr/lib/jvm/java-1.8-openjdk/jre/lib/resources.jar:/usr/lib/jvm/java-1.8-openjdk/jre/lib/rt.jar:/usr/lib/jvm/java-1.8-openjdk/jre/lib/sunrsasign.jar:/usr/lib/jvm/java-1.8-openjdk/jre/lib/jsse.jar:/usr/lib/jvm/java-1.8-openjdk/jre/lib/jce.jar:/usr/lib/jvm/java-1.8-openjdk/jre/lib/charsets.jar:/usr/lib/jvm/java-1.8-openjdk/jre/lib/jfr.jar:/usr/lib/jvm/java-1.8-openjdk/jre/classes"/>
    <property name="sun.management.compiler" value="HotSpot 64-Bit Tiered Compilers"/>
    <property name="java.runtime.version" value="1.8.0_212-b04"/>
    <property name="java.net.preferIPv4Stack" value="true"/>
    <property name="user.name" value="jenkins1000"/>
    <property name="path.separator" value=":"/>
    <property name="java.security.egd" value="file:///dev/urandom"/>
    <property name="os.version" value="3.10.0-957.12.2.el7.x86_64"/>
    <property name="java.endorsed.dirs" value="/usr/lib/jvm/java-1.8-openjdk/jre/lib/endorsed"/>
    <property name="java.runtime.name" value="OpenJDK Runtime Environment"/>
    <property name="file.encoding" value="UTF-8"/>
    <property name="java.vm.name" value="OpenJDK 64-Bit Server VM"/>
    <property name="test.build.webapps" value=""/>
    <property name="localRepository" value="/home/user/.m2/repository"/>
    <property name="java.vendor.url.bug" value="https://icedtea.classpath.org/bugzilla"/>
    <property name="java.io.tmpdir" value="/tmp"/>
    <property name="require.test.libhadoop" value=""/>
    <property name="java.version" value="1.8.0_212"/>
    <property name="user.dir" value="/tmp/workdir/hadoop-ozone/integration-test"/>
    <property name="os.arch" value="amd64"/>
    <property name="java.vm.specification.name" value="Java Virtual Machine Specification"/>
    <property name="test.build.classes" value="/tmp/workdir/hadoop-ozone/integration-test/target/test-classes"/>
    <property name="java.awt.printerjob" value="sun.print.PSPrinterJob"/>
    <property name="sun.os.patch.level" value="unknown"/>
    <property name="hadoop.tmp.dir" value="/tmp/workdir/hadoop-ozone/integration-test/target/tmp"/>
    <property name="java.library.path" value="/usr/lib/jvm/java-1.8-openjdk/jre/lib/amd64/server:/usr/lib/jvm/java-1.8-openjdk/jre/lib/amd64:/usr/lib/jvm/java-1.8-openjdk/jre/../lib/amd64:/tmp/workdir/hadoop-ozone/integration-test/target/native/target/usr/local/lib:/tmp/workdir/hadoop-ozone/integration-test/../../hadoop-common-project/hadoop-common/target/native/target/usr/local/lib:/usr/java/packages/lib/amd64:/usr/lib64:/lib64:/lib:/usr/lib"/>
    <property name="java.vm.info" value="mixed mode"/>
    <property name="java.vendor" value="IcedTea"/>
    <property name="java.vm.version" value="25.212-b04"/>
    <property name="java.ext.dirs" value="/usr/lib/jvm/java-1.8-openjdk/jre/lib/ext:/usr/java/packages/lib/ext"/>
    <property name="sun.io.unicode.encoding" value="UnicodeLittle"/>
    <property name="java.class.version" value="52.0"/>
  </properties>
  <testcase name="testWatchForCommitWithKeyWrite" classname="org.apache.hadoop.ozone.client.rpc.TestWatchForCommit" time="21.513">
    <error message="Allocated 0 blocks. Requested 1 blocks" type="INTERNAL_ERROR org.apache.hadoop.ozone.om.exceptions.OMException">INTERNAL_ERROR org.apache.hadoop.ozone.om.exceptions.OMException: Allocated 0 blocks. Requested 1 blocks
	at org.apache.hadoop.ozone.om.protocolPB.OzoneManagerProtocolClientSideTranslatorPB.handleError(OzoneManagerProtocolClientSideTranslatorPB.java:720)
	at org.apache.hadoop.ozone.om.protocolPB.OzoneManagerProtocolClientSideTranslatorPB.allocateBlock(OzoneManagerProtocolClientSideTranslatorPB.java:752)
	at org.apache.hadoop.ozone.client.io.BlockOutputStreamEntryPool.allocateNewBlock(BlockOutputStreamEntryPool.java:248)
	at org.apache.hadoop.ozone.client.io.BlockOutputStreamEntryPool.allocateBlockIfNeeded(BlockOutputStreamEntryPool.java:296)
	at org.apache.hadoop.ozone.client.io.KeyOutputStream.handleWrite(KeyOutputStream.java:201)
	at org.apache.hadoop.ozone.client.io.KeyOutputStream.handleRetry(KeyOutputStream.java:376)
	at org.apache.hadoop.ozone.client.io.KeyOutputStream.handleException(KeyOutputStream.java:325)
	at org.apache.hadoop.ozone.client.io.KeyOutputStream.handleWrite(KeyOutputStream.java:231)
	at org.apache.hadoop.ozone.client.io.KeyOutputStream.handleRetry(KeyOutputStream.java:376)
	at org.apache.hadoop.ozone.client.io.KeyOutputStream.handleException(KeyOutputStream.java:325)
	at org.apache.hadoop.ozone.client.io.KeyOutputStream.handleWrite(KeyOutputStream.java:231)
	at org.apache.hadoop.ozone.client.io.KeyOutputStream.write(KeyOutputStream.java:193)
	at org.apache.hadoop.ozone.client.io.OzoneOutputStream.write(OzoneOutputStream.java:49)
	at java.io.OutputStream.write(OutputStream.java:75)
	at org.apache.hadoop.ozone.client.rpc.TestWatchForCommit.testWatchForCommitWithKeyWrite(TestWatchForCommit.java:158)
	at sun.reflect.NativeMethodAccessorImpl.invoke0(Native Method)
	at sun.reflect.NativeMethodAccessorImpl.invoke(NativeMethodAccessorImpl.java:62)
	at sun.reflect.DelegatingMethodAccessorImpl.invoke(DelegatingMethodAccessorImpl.java:43)
	at java.lang.reflect.Method.invoke(Method.java:498)
	at org.junit.runners.model.FrameworkMethod$1.runReflectiveCall(FrameworkMethod.java:47)
	at org.junit.internal.runners.model.ReflectiveCallable.run(ReflectiveCallable.java:12)
	at org.junit.runners.model.FrameworkMethod.invokeExplosively(FrameworkMethod.java:44)
	at org.junit.internal.runners.statements.InvokeMethod.evaluate(InvokeMethod.java:17)
	at org.junit.runners.ParentRunner.runLeaf(ParentRunner.java:271)
	at org.junit.runners.BlockJUnit4ClassRunner.runChild(BlockJUnit4ClassRunner.java:70)
	at org.junit.runners.BlockJUnit4ClassRunner.runChild(BlockJUnit4ClassRunner.java:50)
	at org.junit.runners.ParentRunner$3.run(ParentRunner.java:238)
	at org.junit.runners.ParentRunner$1.schedule(ParentRunner.java:63)
	at org.junit.runners.ParentRunner.runChildren(ParentRunner.java:236)
	at org.junit.runners.ParentRunner.access$000(ParentRunner.java:53)
	at org.junit.runners.ParentRunner$2.evaluate(ParentRunner.java:229)
	at org.junit.runners.ParentRunner.run(ParentRunner.java:309)
	at org.apache.maven.surefire.junit4.JUnit4Provider.execute(JUnit4Provider.java:365)
	at org.apache.maven.surefire.junit4.JUnit4Provider.executeWithRerun(JUnit4Provider.java:273)
	at org.apache.maven.surefire.junit4.JUnit4Provider.executeTestSet(JUnit4Provider.java:238)
	at org.apache.maven.surefire.junit4.JUnit4Provider.invoke(JUnit4Provider.java:159)
	at org.apache.maven.surefire.booter.ForkedBooter.invokeProviderInSameClassLoader(ForkedBooter.java:384)
	at org.apache.maven.surefire.booter.ForkedBooter.runSuitesInProcess(ForkedBooter.java:345)
	at org.apache.maven.surefire.booter.ForkedBooter.execute(ForkedBooter.java:126)
	at org.apache.maven.surefire.booter.ForkedBooter.main(ForkedBooter.java:418)
</error>
    <system-out><![CDATA[2019-07-13 19:32:09,425 WARN  server.ServerUtils (ServerUtils.java:getScmDbDir(145)) - ozone.scm.db.dirs is not configured. We recommend adding this setting. Falling back to ozone.metadata.dirs instead.
2019-07-13 19:32:09,553 WARN  server.ServerUtils (ServerUtils.java:getScmDbDir(145)) - ozone.scm.db.dirs is not configured. We recommend adding this setting. Falling back to ozone.metadata.dirs instead.
2019-07-13 19:32:09,556 WARN  server.ServerUtils (ServerUtils.java:getScmDbDir(145)) - ozone.scm.db.dirs is not configured. We recommend adding this setting. Falling back to ozone.metadata.dirs instead.
2019-07-13 19:32:09,576 INFO  util.log (Log.java:initialized(192)) - Logging initialized @810ms
2019-07-13 19:32:09,666 INFO  db.DBStoreBuilder (DBStoreBuilder.java:addTable(110)) - using custom profile for table: deletedBlocks
2019-07-13 19:32:09,667 INFO  db.DBStoreBuilder (DBStoreBuilder.java:processTables(161)) - Using default column profile:DBProfile.DISK for Table:deletedBlocks
2019-07-13 19:32:09,667 INFO  db.DBStoreBuilder (DBStoreBuilder.java:addTable(110)) - using custom profile for table: validCerts
2019-07-13 19:32:09,667 INFO  db.DBStoreBuilder (DBStoreBuilder.java:processTables(161)) - Using default column profile:DBProfile.DISK for Table:validCerts
2019-07-13 19:32:09,668 INFO  db.DBStoreBuilder (DBStoreBuilder.java:addTable(110)) - using custom profile for table: revokedCerts
2019-07-13 19:32:09,668 INFO  db.DBStoreBuilder (DBStoreBuilder.java:processTables(161)) - Using default column profile:DBProfile.DISK for Table:revokedCerts
2019-07-13 19:32:09,677 INFO  db.DBStoreBuilder (DBStoreBuilder.java:addTable(110)) - using custom profile for table: default
2019-07-13 19:32:09,677 INFO  db.DBStoreBuilder (DBStoreBuilder.java:processTables(167)) - Using default column profile:DBProfile.DISK for Table:default
2019-07-13 19:32:09,687 INFO  db.DBStoreBuilder (DBStoreBuilder.java:getDbProfile(198)) - Using default options. DBProfile.DISK
2019-07-13 19:32:09,955 INFO  net.NodeSchemaLoader (NodeSchemaLoader.java:loadSchemaFromFile(125)) - Loading file from sun.misc.CompoundEnumeration@7714e963
2019-07-13 19:32:09,957 INFO  net.NodeSchemaLoader (NodeSchemaLoader.java:loadSchema(171)) - Loading network topology layer schema file
2019-07-13 19:32:10,043 WARN  server.ServerUtils (ServerUtils.java:sanitizeUserArgs(70)) - ozone.scm.stale.node.interval value = 300000 is larger than max = 100000 based on the key value of ozone.scm.heartbeat.thread.interval, reset to the max value 100000.
2019-07-13 19:32:10,045 WARN  server.ServerUtils (ServerUtils.java:sanitizeUserArgs(70)) - ozone.scm.stale.node.interval value = 300000 is larger than max = 100000 based on the key value of ozone.scm.heartbeat.thread.interval, reset to the max value 100000.
2019-07-13 19:32:10,048 INFO  node.SCMNodeManager (SCMNodeManager.java:<init>(119)) - Entering startup safe mode.
2019-07-13 19:32:10,131 WARN  server.ServerUtils (ServerUtils.java:getScmDbDir(145)) - ozone.scm.db.dirs is not configured. We recommend adding this setting. Falling back to ozone.metadata.dirs instead.
2019-07-13 19:32:10,189 INFO  pipeline.SCMPipelineManager (SCMPipelineManager.java:initializePipelineState(126)) - No pipeline exists in current db
2019-07-13 19:32:10,192 WARN  server.ServerUtils (ServerUtils.java:getScmDbDir(145)) - ozone.scm.db.dirs is not configured. We recommend adding this setting. Falling back to ozone.metadata.dirs instead.
2019-07-13 19:32:10,289 WARN  events.EventQueue (EventQueue.java:fireEvent(175)) - No event handler registered for event TypedEvent{payloadType=SafeModeStatus, name='SafeModeStatus'}
2019-07-13 19:32:10,640 INFO  ipc.CallQueueManager (CallQueueManager.java:<init>(84)) - Using callQueue: class java.util.concurrent.LinkedBlockingQueue, queueCapacity: 2000, scheduler: class org.apache.hadoop.ipc.DefaultRpcScheduler, ipcBackoff: false.
2019-07-13 19:32:10,667 INFO  ipc.Server (Server.java:run(1074)) - Starting Socket Reader #1 for port 44858
2019-07-13 19:32:10,690 INFO  ipc.CallQueueManager (CallQueueManager.java:<init>(84)) - Using callQueue: class java.util.concurrent.LinkedBlockingQueue, queueCapacity: 2000, scheduler: class org.apache.hadoop.ipc.DefaultRpcScheduler, ipcBackoff: false.
2019-07-13 19:32:10,691 INFO  ipc.Server (Server.java:run(1074)) - Starting Socket Reader #1 for port 44872
2019-07-13 19:32:10,698 INFO  ipc.CallQueueManager (CallQueueManager.java:<init>(84)) - Using callQueue: class java.util.concurrent.LinkedBlockingQueue, queueCapacity: 2000, scheduler: class org.apache.hadoop.ipc.DefaultRpcScheduler, ipcBackoff: false.
2019-07-13 19:32:10,699 INFO  ipc.Server (Server.java:run(1074)) - Starting Socket Reader #1 for port 46256
2019-07-13 19:32:10,826 INFO  hdfs.DFSUtil (DFSUtil.java:httpServerTemplateForNNAndJN(1641)) - Starting Web-server for scm at: http://0.0.0.0:0
2019-07-13 19:32:11,010 INFO  server.AuthenticationFilter (AuthenticationFilter.java:constructSecretProvider(240)) - Unable to initialize FileSignerSecretProvider, falling back to use random secrets.
2019-07-13 19:32:11,018 WARN  http.HttpRequestLog (HttpRequestLog.java:getRequestLog(97)) - Jetty request log can only be enabled using Log4j
2019-07-13 19:32:11,026 INFO  http.HttpServer2 (HttpServer2.java:addGlobalFilter(975)) - Added global filter 'safety' (class=org.apache.hadoop.http.HttpServer2$QuotingInputFilter)
2019-07-13 19:32:11,028 INFO  http.HttpServer2 (HttpServer2.java:addFilter(948)) - Added filter static_user_filter (class=org.apache.hadoop.http.lib.StaticUserWebFilter$StaticUserFilter) to context scm
2019-07-13 19:32:11,029 INFO  http.HttpServer2 (HttpServer2.java:addFilter(958)) - Added filter static_user_filter (class=org.apache.hadoop.http.lib.StaticUserWebFilter$StaticUserFilter) to context static
2019-07-13 19:32:11,029 INFO  http.HttpServer2 (HttpServer2.java:addFilter(958)) - Added filter static_user_filter (class=org.apache.hadoop.http.lib.StaticUserWebFilter$StaticUserFilter) to context logs
2019-07-13 19:32:11,057 INFO  server.StorageContainerManager (StorageContainerManager.java:start(759)) - StorageContainerLocationProtocol RPC server is listening at /0.0.0.0:46256
2019-07-13 19:32:11,115 WARN  impl.MetricsConfig (MetricsConfig.java:loadFirst(134)) - Cannot locate configuration: tried hadoop-metrics2-storagecontainermanager.properties,hadoop-metrics2.properties
2019-07-13 19:32:11,128 INFO  impl.MetricsSystemImpl (MetricsSystemImpl.java:startTimer(374)) - Scheduled Metric snapshot period at 10 second(s).
2019-07-13 19:32:11,128 INFO  impl.MetricsSystemImpl (MetricsSystemImpl.java:start(191)) - StorageContainerManager metrics system started
2019-07-13 19:32:11,349 INFO  server.SCMClientProtocolServer (SCMClientProtocolServer.java:start(149)) - RPC server for Client  is listening at /0.0.0.0:46256
2019-07-13 19:32:11,350 INFO  ipc.Server (Server.java:run(1314)) - IPC Server Responder: starting
2019-07-13 19:32:11,350 INFO  ipc.Server (Server.java:run(1153)) - IPC Server listener on 46256: starting
2019-07-13 19:32:11,355 INFO  server.StorageContainerManager (StorageContainerManager.java:start(768)) - ScmBlockLocationProtocol RPC server is listening at /0.0.0.0:44872
2019-07-13 19:32:11,355 INFO  server.SCMBlockProtocolServer (SCMBlockProtocolServer.java:start(140)) - RPC server for Block Protocol is listening at /0.0.0.0:44872
2019-07-13 19:32:11,355 INFO  ipc.Server (Server.java:run(1314)) - IPC Server Responder: starting
2019-07-13 19:32:11,355 INFO  ipc.Server (Server.java:run(1153)) - IPC Server listener on 44872: starting
2019-07-13 19:32:11,362 INFO  server.StorageContainerManager (StorageContainerManager.java:start(772)) - ScmDatanodeProtocl RPC server is listening at /0.0.0.0:44858
2019-07-13 19:32:11,362 INFO  server.SCMDatanodeProtocolServer (SCMDatanodeProtocolServer.java:start(191)) - RPC server for DataNodes is listening at /0.0.0.0:44858
2019-07-13 19:32:11,364 INFO  ipc.Server (Server.java:run(1314)) - IPC Server Responder: starting
2019-07-13 19:32:11,364 INFO  ipc.Server (Server.java:run(1153)) - IPC Server listener on 44858: starting
2019-07-13 19:32:11,375 INFO  http.HttpServer2 (HttpServer2.java:bindListener(1191)) - Jetty bound to port 39416
2019-07-13 19:32:11,378 INFO  server.Server (Server.java:doStart(351)) - jetty-9.3.24.v20180605, build timestamp: 2018-06-05T17:11:56Z, git hash: 84205aa28f11a4f31f2a3b86d1bba2cc8ab69827
2019-07-13 19:32:11,418 INFO  handler.ContextHandler (ContextHandler.java:doStart(781)) - Started o.e.j.s.ServletContextHandler@6bbe2511{/logs,file:///tmp/workdir/hadoop-ozone/integration-test/target/log,AVAILABLE}
2019-07-13 19:32:11,418 INFO  handler.ContextHandler (ContextHandler.java:doStart(781)) - Started o.e.j.s.ServletContextHandler@76012793{/static,file:///tmp/workdir/hadoop-ozone/integration-test/target/test-classes/webapps/static,AVAILABLE}
2019-07-13 19:32:11,451 INFO  handler.ContextHandler (ContextHandler.java:doStart(781)) - Started o.e.j.w.WebAppContext@6a1d204a{/,file:///tmp/workdir/hadoop-ozone/integration-test/target/test-classes/webapps/scm/,AVAILABLE}{/scm}
2019-07-13 19:32:11,457 INFO  server.AbstractConnector (AbstractConnector.java:doStart(278)) - Started ServerConnector@9d157ff{HTTP/1.1,[http/1.1]}{0.0.0.0:39416}
2019-07-13 19:32:11,457 INFO  server.Server (Server.java:doStart(419)) - Started @2691ms
2019-07-13 19:32:11,460 INFO  server.BaseHttpServer (BaseHttpServer.java:updateConnectorAddress(207)) - HTTP server of SCM is listening at http://0.0.0.0:39416
2019-07-13 19:32:11,470 INFO  util.JvmPauseMonitor (JvmPauseMonitor.java:run(188)) - Starting JVM pause monitor
2019-07-13 19:32:11,475 WARN  server.ServerUtils (ServerUtils.java:getDBPath(222)) - ozone.om.db.dirs is not configured. We recommend adding this setting. Falling back to ozone.metadata.dirs instead.
2019-07-13 19:32:11,598 WARN  server.ServerUtils (ServerUtils.java:getDBPath(222)) - ozone.om.db.dirs is not configured. We recommend adding this setting. Falling back to ozone.metadata.dirs instead.
2019-07-13 19:32:11,599 INFO  om.OzoneManager (OzoneManager.java:setOMNodeDetails(630)) - OM Service ID is not set. Setting it to the default ID: omServiceIdDefault
2019-07-13 19:32:11,599 INFO  om.OzoneManager (OzoneManager.java:setOMNodeDetails(636)) - OM Node ID is not set. Setting it to the OmStorage's OmID: e9563413-94ba-4858-8dd7-467101a80aca
2019-07-13 19:32:11,601 INFO  om.OzoneManager (OzoneManager.java:loadOMHAConfigs(587)) - Found matching OM address with OMServiceId: null, OMNodeId: null, RPC Address: localhost:0 and Ratis port: 9872
2019-07-13 19:32:11,865 WARN  server.ServerUtils (ServerUtils.java:getDBPath(222)) - ozone.om.db.dirs is not configured. We recommend adding this setting. Falling back to ozone.metadata.dirs instead.
2019-07-13 19:32:11,877 INFO  db.DBStoreBuilder (DBStoreBuilder.java:addTable(110)) - using custom profile for table: userTable
2019-07-13 19:32:11,878 INFO  db.DBStoreBuilder (DBStoreBuilder.java:processTables(161)) - Using default column profile:DBProfile.DISK for Table:userTable
2019-07-13 19:32:11,878 INFO  db.DBStoreBuilder (DBStoreBuilder.java:addTable(110)) - using custom profile for table: volumeTable
2019-07-13 19:32:11,878 INFO  db.DBStoreBuilder (DBStoreBuilder.java:processTables(161)) - Using default column profile:DBProfile.DISK for Table:volumeTable
2019-07-13 19:32:11,879 INFO  db.DBStoreBuilder (DBStoreBuilder.java:addTable(110)) - using custom profile for table: bucketTable
2019-07-13 19:32:11,879 INFO  db.DBStoreBuilder (DBStoreBuilder.java:processTables(161)) - Using default column profile:DBProfile.DISK for Table:bucketTable
2019-07-13 19:32:11,880 INFO  db.DBStoreBuilder (DBStoreBuilder.java:addTable(110)) - using custom profile for table: keyTable
2019-07-13 19:32:11,880 INFO  db.DBStoreBuilder (DBStoreBuilder.java:processTables(161)) - Using default column profile:DBProfile.DISK for Table:keyTable
2019-07-13 19:32:11,881 INFO  db.DBStoreBuilder (DBStoreBuilder.java:addTable(110)) - using custom profile for table: deletedTable
2019-07-13 19:32:11,881 INFO  db.DBStoreBuilder (DBStoreBuilder.java:processTables(161)) - Using default column profile:DBProfile.DISK for Table:deletedTable
2019-07-13 19:32:11,882 INFO  db.DBStoreBuilder (DBStoreBuilder.java:addTable(110)) - using custom profile for table: openKeyTable
2019-07-13 19:32:11,882 INFO  db.DBStoreBuilder (DBStoreBuilder.java:processTables(161)) - Using default column profile:DBProfile.DISK for Table:openKeyTable
2019-07-13 19:32:11,882 INFO  db.DBStoreBuilder (DBStoreBuilder.java:addTable(110)) - using custom profile for table: s3Table
2019-07-13 19:32:11,883 INFO  db.DBStoreBuilder (DBStoreBuilder.java:processTables(161)) - Using default column profile:DBProfile.DISK for Table:s3Table
2019-07-13 19:32:11,883 INFO  db.DBStoreBuilder (DBStoreBuilder.java:addTable(110)) - using custom profile for table: multipartInfoTable
2019-07-13 19:32:11,883 INFO  db.DBStoreBuilder (DBStoreBuilder.java:processTables(161)) - Using default column profile:DBProfile.DISK for Table:multipartInfoTable
2019-07-13 19:32:11,884 INFO  db.DBStoreBuilder (DBStoreBuilder.java:addTable(110)) - using custom profile for table: dTokenTable
2019-07-13 19:32:11,884 INFO  db.DBStoreBuilder (DBStoreBuilder.java:processTables(161)) - Using default column profile:DBProfile.DISK for Table:dTokenTable
2019-07-13 19:32:11,885 INFO  db.DBStoreBuilder (DBStoreBuilder.java:addTable(110)) - using custom profile for table: s3SecretTable
2019-07-13 19:32:11,885 INFO  db.DBStoreBuilder (DBStoreBuilder.java:processTables(161)) - Using default column profile:DBProfile.DISK for Table:s3SecretTable
2019-07-13 19:32:11,886 INFO  db.DBStoreBuilder (DBStoreBuilder.java:addTable(110)) - using custom profile for table: prefixTable
2019-07-13 19:32:11,886 INFO  db.DBStoreBuilder (DBStoreBuilder.java:processTables(161)) - Using default column profile:DBProfile.DISK for Table:prefixTable
2019-07-13 19:32:11,886 INFO  db.DBStoreBuilder (DBStoreBuilder.java:addTable(110)) - using custom profile for table: default
2019-07-13 19:32:11,887 INFO  db.DBStoreBuilder (DBStoreBuilder.java:processTables(167)) - Using default column profile:DBProfile.DISK for Table:default
2019-07-13 19:32:11,887 INFO  db.DBStoreBuilder (DBStoreBuilder.java:getDbProfile(198)) - Using default options. DBProfile.DISK
2019-07-13 19:32:12,869 INFO  ipc.CallQueueManager (CallQueueManager.java:<init>(84)) - Using callQueue: class java.util.concurrent.LinkedBlockingQueue, queueCapacity: 2000, scheduler: class org.apache.hadoop.ipc.DefaultRpcScheduler, ipcBackoff: false.
2019-07-13 19:32:12,871 INFO  ipc.Server (Server.java:run(1074)) - Starting Socket Reader #1 for port 43330
2019-07-13 19:32:12,904 WARN  server.ServerUtils (ServerUtils.java:getDBPath(222)) - ozone.om.db.dirs is not configured. We recommend adding this setting. Falling back to ozone.metadata.dirs instead.
2019-07-13 19:32:12,904 INFO  om.OzoneManager (OzoneManager.java:start(1228)) - OzoneManager RPC server is listening at localhost/127.0.0.1:43330
2019-07-13 19:32:12,904 INFO  impl.MetricsSystemImpl (MetricsSystemImpl.java:init(158)) - OzoneManager metrics system started (again)
2019-07-13 19:32:12,906 INFO  ipc.Server (Server.java:run(1314)) - IPC Server Responder: starting
2019-07-13 19:32:12,907 INFO  ipc.Server (Server.java:run(1153)) - IPC Server listener on 43330: starting
2019-07-13 19:32:12,921 INFO  hdfs.DFSUtil (DFSUtil.java:httpServerTemplateForNNAndJN(1641)) - Starting Web-server for ozoneManager at: http://0.0.0.0:0
2019-07-13 19:32:12,922 INFO  server.AuthenticationFilter (AuthenticationFilter.java:constructSecretProvider(240)) - Unable to initialize FileSignerSecretProvider, falling back to use random secrets.
2019-07-13 19:32:12,923 WARN  http.HttpRequestLog (HttpRequestLog.java:getRequestLog(97)) - Jetty request log can only be enabled using Log4j
2019-07-13 19:32:12,925 INFO  http.HttpServer2 (HttpServer2.java:addGlobalFilter(975)) - Added global filter 'safety' (class=org.apache.hadoop.http.HttpServer2$QuotingInputFilter)
2019-07-13 19:32:12,926 INFO  http.HttpServer2 (HttpServer2.java:addFilter(948)) - Added filter static_user_filter (class=org.apache.hadoop.http.lib.StaticUserWebFilter$StaticUserFilter) to context ozoneManager
2019-07-13 19:32:12,926 INFO  http.HttpServer2 (HttpServer2.java:addFilter(958)) - Added filter static_user_filter (class=org.apache.hadoop.http.lib.StaticUserWebFilter$StaticUserFilter) to context logs
2019-07-13 19:32:12,926 INFO  http.HttpServer2 (HttpServer2.java:addFilter(958)) - Added filter static_user_filter (class=org.apache.hadoop.http.lib.StaticUserWebFilter$StaticUserFilter) to context static
2019-07-13 19:32:12,928 INFO  http.HttpServer2 (HttpServer2.java:bindListener(1191)) - Jetty bound to port 42498
2019-07-13 19:32:12,928 INFO  server.Server (Server.java:doStart(351)) - jetty-9.3.24.v20180605, build timestamp: 2018-06-05T17:11:56Z, git hash: 84205aa28f11a4f31f2a3b86d1bba2cc8ab69827
2019-07-13 19:32:12,930 INFO  handler.ContextHandler (ContextHandler.java:doStart(781)) - Started o.e.j.s.ServletContextHandler@3e134896{/logs,file:///tmp/workdir/hadoop-ozone/integration-test/target/log,AVAILABLE}
2019-07-13 19:32:12,931 INFO  handler.ContextHandler (ContextHandler.java:doStart(781)) - Started o.e.j.s.ServletContextHandler@2e3a5237{/static,file:///tmp/workdir/hadoop-ozone/integration-test/target/test-classes/webapps/static,AVAILABLE}
2019-07-13 19:32:12,936 INFO  handler.ContextHandler (ContextHandler.java:doStart(781)) - Started o.e.j.w.WebAppContext@5b78fdb1{/,file:///tmp/workdir/hadoop-ozone/integration-test/target/test-classes/webapps/ozoneManager/,AVAILABLE}{/ozoneManager}
2019-07-13 19:32:12,936 INFO  server.AbstractConnector (AbstractConnector.java:doStart(278)) - Started ServerConnector@48bfb884{HTTP/1.1,[http/1.1]}{0.0.0.0:42498}
2019-07-13 19:32:12,938 INFO  server.Server (Server.java:doStart(419)) - Started @4172ms
2019-07-13 19:32:12,939 INFO  server.BaseHttpServer (BaseHttpServer.java:updateConnectorAddress(207)) - HTTP server of OZONEMANAGER is listening at http://0.0.0.0:42498
2019-07-13 19:32:13,283 INFO  impl.MetricsSystemImpl (MetricsSystemImpl.java:init(158)) - HddsDatanode metrics system started (again)
2019-07-13 19:32:13,370 INFO  ozone.HddsDatanodeService (HddsDatanodeService.java:start(185)) - HddsDatanodeService host:trunk-nightly-fxqsz-774976932 ip:192.168.69.122
2019-07-13 19:32:13,402 INFO  volume.HddsVolume (HddsVolume.java:<init>(176)) - Creating Volume: /tmp/workdir/hadoop-ozone/integration-test/target/test-dir/MiniOzoneClusterImpl-85b7ea47-8fa8-4119-bf57-4a436a3dbd64/datanode-0/data/containers/hdds of  storage type : DISK and capacity : 52710309888
2019-07-13 19:32:13,403 INFO  volume.VolumeSet (VolumeSet.java:initializeVolumeSet(170)) - Added Volume : /tmp/workdir/hadoop-ozone/integration-test/target/test-dir/MiniOzoneClusterImpl-85b7ea47-8fa8-4119-bf57-4a436a3dbd64/datanode-0/data/containers/hdds to VolumeSet
2019-07-13 19:32:13,406 INFO  volume.ThrottledAsyncChecker (ThrottledAsyncChecker.java:schedule(140)) - Scheduling a check for org.apache.hadoop.ozone.container.common.volume.HddsVolume@1f52eb6f
2019-07-13 19:32:13,424 INFO  volume.HddsVolumeChecker (HddsVolumeChecker.java:checkAllVolumes(203)) - Scheduled health check for volume org.apache.hadoop.ozone.container.common.volume.HddsVolume@1f52eb6f
2019-07-13 19:32:13,540 INFO  impl.RaftServerProxy (ConfUtils.java:logGet(43)) - raft.rpc.type = GRPC (default)
2019-07-13 19:32:13,606 INFO  grpc.GrpcFactory (GrpcFactory.java:checkPooledByteBufAllocatorUseCacheForAllThreads(45)) - PERFORMANCE WARNING: useCacheForAllThreads is true that may cause Netty to create a lot garbage objects and, as a result, trigger GC.
	It is recommended to disable useCacheForAllThreads by setting -Dorg.apache.ratis.thirdparty.io.netty.allocator.useCacheForAllThreads=false in command line.
2019-07-13 19:32:13,610 INFO  grpc.GrpcConfigKeys$Server (ConfUtils.java:logGet(43)) - raft.grpc.server.port = 0 (default)
2019-07-13 19:32:13,611 INFO  server.GrpcService (ConfUtils.java:logGet(43)) - raft.grpc.message.size.max = 33570816 (custom)
2019-07-13 19:32:13,613 INFO  server.RaftServerConfigKeys (ConfUtils.java:logGet(43)) - raft.server.log.appender.buffer.byte-limit = 33554432 (custom)
2019-07-13 19:32:13,613 INFO  server.GrpcService (ConfUtils.java:logGet(43)) - raft.grpc.flow.control.window = 1MB (=1048576) (default)
2019-07-13 19:32:13,614 INFO  server.RaftServerConfigKeys (ConfUtils.java:logGet(43)) - raft.server.rpc.request.timeout = 3000ms (default)
2019-07-13 19:32:13,773 INFO  server.RaftServerConfigKeys (ConfUtils.java:logGet(43)) - raft.server.storage.dir = [/tmp/workdir/hadoop-ozone/integration-test/target/test-dir/MiniOzoneClusterImpl-85b7ea47-8fa8-4119-bf57-4a436a3dbd64/datanode-0/data/ratis] (custom)
2019-07-13 19:32:13,808 INFO  replication.SimpleContainerDownloader (SimpleContainerDownloader.java:<init>(72)) - Starting container downloader service to copy containers to replicate.
2019-07-13 19:32:13,821 INFO  hdfs.DFSUtil (DFSUtil.java:httpServerTemplateForNNAndJN(1641)) - Starting Web-server for hddsDatanode at: http://0.0.0.0:0
2019-07-13 19:32:13,823 INFO  server.AuthenticationFilter (AuthenticationFilter.java:constructSecretProvider(240)) - Unable to initialize FileSignerSecretProvider, falling back to use random secrets.
2019-07-13 19:32:13,824 WARN  http.HttpRequestLog (HttpRequestLog.java:getRequestLog(97)) - Jetty request log can only be enabled using Log4j
2019-07-13 19:32:13,827 INFO  http.HttpServer2 (HttpServer2.java:addGlobalFilter(975)) - Added global filter 'safety' (class=org.apache.hadoop.http.HttpServer2$QuotingInputFilter)
2019-07-13 19:32:13,828 INFO  http.HttpServer2 (HttpServer2.java:addFilter(948)) - Added filter static_user_filter (class=org.apache.hadoop.http.lib.StaticUserWebFilter$StaticUserFilter) to context hddsDatanode
2019-07-13 19:32:13,828 INFO  http.HttpServer2 (HttpServer2.java:addFilter(958)) - Added filter static_user_filter (class=org.apache.hadoop.http.lib.StaticUserWebFilter$StaticUserFilter) to context static
2019-07-13 19:32:13,829 INFO  http.HttpServer2 (HttpServer2.java:addFilter(958)) - Added filter static_user_filter (class=org.apache.hadoop.http.lib.StaticUserWebFilter$StaticUserFilter) to context logs
2019-07-13 19:32:13,830 INFO  http.HttpServer2 (HttpServer2.java:bindListener(1191)) - Jetty bound to port 41242
2019-07-13 19:32:13,830 INFO  server.Server (Server.java:doStart(351)) - jetty-9.3.24.v20180605, build timestamp: 2018-06-05T17:11:56Z, git hash: 84205aa28f11a4f31f2a3b86d1bba2cc8ab69827
2019-07-13 19:32:13,833 INFO  handler.ContextHandler (ContextHandler.java:doStart(781)) - Started o.e.j.s.ServletContextHandler@761956ac{/logs,file:///tmp/workdir/hadoop-ozone/integration-test/target/log,AVAILABLE}
2019-07-13 19:32:13,834 INFO  handler.ContextHandler (ContextHandler.java:doStart(781)) - Started o.e.j.s.ServletContextHandler@304d0259{/static,jar:file:/home/user/.m2/repository/org/apache/hadoop/hadoop-hdds-container-service/0.5.0-SNAPSHOT/hadoop-hdds-container-service-0.5.0-SNAPSHOT.jar!/webapps/static,AVAILABLE}
2019-07-13 19:32:13,900 INFO  handler.ContextHandler (ContextHandler.java:doStart(781)) - Started o.e.j.w.WebAppContext@124ac145{/,file:///tmp/jetty-0.0.0.0-41242-hddsDatanode-_-any-8582955556427017482.dir/webapp/,AVAILABLE}{/hddsDatanode}
2019-07-13 19:32:13,902 INFO  server.AbstractConnector (AbstractConnector.java:doStart(278)) - Started ServerConnector@2def7a7a{HTTP/1.1,[http/1.1]}{0.0.0.0:41242}
2019-07-13 19:32:13,907 INFO  server.Server (Server.java:doStart(419)) - Started @5141ms
2019-07-13 19:32:13,909 INFO  server.BaseHttpServer (BaseHttpServer.java:updateConnectorAddress(207)) - HTTP server of HDDSDATANODE is listening at http://0.0.0.0:41242
2019-07-13 19:32:15,120 INFO  ozone.HddsDatanodeService (HddsDatanodeService.java:startPlugins(396)) - Started plug-in org.apache.hadoop.ozone.web.OzoneHddsDatanodeService@69f2cb04
2019-07-13 19:32:15,123 INFO  impl.MetricsSystemImpl (MetricsSystemImpl.java:init(158)) - HddsDatanode metrics system started (again)
2019-07-13 19:32:15,125 INFO  ozone.HddsDatanodeService (HddsDatanodeService.java:start(185)) - HddsDatanodeService host:trunk-nightly-fxqsz-774976932 ip:192.168.69.122
2019-07-13 19:32:15,132 INFO  util.JvmPauseMonitor (JvmPauseMonitor.java:run(188)) - Starting JVM pause monitor
2019-07-13 19:32:15,139 INFO  volume.HddsVolume (HddsVolume.java:<init>(176)) - Creating Volume: /tmp/workdir/hadoop-ozone/integration-test/target/test-dir/MiniOzoneClusterImpl-85b7ea47-8fa8-4119-bf57-4a436a3dbd64/datanode-1/data/containers/hdds of  storage type : DISK and capacity : 52710309888
2019-07-13 19:32:15,140 INFO  volume.VolumeSet (VolumeSet.java:initializeVolumeSet(170)) - Added Volume : /tmp/workdir/hadoop-ozone/integration-test/target/test-dir/MiniOzoneClusterImpl-85b7ea47-8fa8-4119-bf57-4a436a3dbd64/datanode-1/data/containers/hdds to VolumeSet
2019-07-13 19:32:15,141 INFO  volume.ThrottledAsyncChecker (ThrottledAsyncChecker.java:schedule(140)) - Scheduling a check for org.apache.hadoop.ozone.container.common.volume.HddsVolume@656a3d6b
2019-07-13 19:32:15,143 INFO  volume.HddsVolumeChecker (HddsVolumeChecker.java:checkAllVolumes(203)) - Scheduled health check for volume org.apache.hadoop.ozone.container.common.volume.HddsVolume@656a3d6b
2019-07-13 19:32:15,168 INFO  impl.RaftServerProxy (ConfUtils.java:logGet(43)) - raft.rpc.type = GRPC (default)
2019-07-13 19:32:15,169 INFO  grpc.GrpcFactory (GrpcFactory.java:checkPooledByteBufAllocatorUseCacheForAllThreads(45)) - PERFORMANCE WARNING: useCacheForAllThreads is true that may cause Netty to create a lot garbage objects and, as a result, trigger GC.
	It is recommended to disable useCacheForAllThreads by setting -Dorg.apache.ratis.thirdparty.io.netty.allocator.useCacheForAllThreads=false in command line.
2019-07-13 19:32:15,169 INFO  grpc.GrpcConfigKeys$Server (ConfUtils.java:logGet(43)) - raft.grpc.server.port = 0 (default)
2019-07-13 19:32:15,169 INFO  server.GrpcService (ConfUtils.java:logGet(43)) - raft.grpc.message.size.max = 33570816 (custom)
2019-07-13 19:32:15,170 INFO  server.RaftServerConfigKeys (ConfUtils.java:logGet(43)) - raft.server.log.appender.buffer.byte-limit = 33554432 (custom)
2019-07-13 19:32:15,170 INFO  server.GrpcService (ConfUtils.java:logGet(43)) - raft.grpc.flow.control.window = 1MB (=1048576) (default)
2019-07-13 19:32:15,170 INFO  server.RaftServerConfigKeys (ConfUtils.java:logGet(43)) - raft.server.rpc.request.timeout = 3000ms (default)
2019-07-13 19:32:15,171 INFO  server.RaftServerConfigKeys (ConfUtils.java:logGet(43)) - raft.server.storage.dir = [/tmp/workdir/hadoop-ozone/integration-test/target/test-dir/MiniOzoneClusterImpl-85b7ea47-8fa8-4119-bf57-4a436a3dbd64/datanode-1/data/ratis] (custom)
2019-07-13 19:32:15,172 INFO  replication.SimpleContainerDownloader (SimpleContainerDownloader.java:<init>(72)) - Starting container downloader service to copy containers to replicate.
2019-07-13 19:32:15,176 INFO  hdfs.DFSUtil (DFSUtil.java:httpServerTemplateForNNAndJN(1641)) - Starting Web-server for hddsDatanode at: http://0.0.0.0:0
2019-07-13 19:32:15,179 INFO  server.AuthenticationFilter (AuthenticationFilter.java:constructSecretProvider(240)) - Unable to initialize FileSignerSecretProvider, falling back to use random secrets.
2019-07-13 19:32:15,181 WARN  http.HttpRequestLog (HttpRequestLog.java:getRequestLog(97)) - Jetty request log can only be enabled using Log4j
2019-07-13 19:32:15,184 INFO  http.HttpServer2 (HttpServer2.java:addGlobalFilter(975)) - Added global filter 'safety' (class=org.apache.hadoop.http.HttpServer2$QuotingInputFilter)
2019-07-13 19:32:15,185 INFO  http.HttpServer2 (HttpServer2.java:addFilter(948)) - Added filter static_user_filter (class=org.apache.hadoop.http.lib.StaticUserWebFilter$StaticUserFilter) to context hddsDatanode
2019-07-13 19:32:15,186 INFO  http.HttpServer2 (HttpServer2.java:addFilter(958)) - Added filter static_user_filter (class=org.apache.hadoop.http.lib.StaticUserWebFilter$StaticUserFilter) to context static
2019-07-13 19:32:15,186 INFO  http.HttpServer2 (HttpServer2.java:addFilter(958)) - Added filter static_user_filter (class=org.apache.hadoop.http.lib.StaticUserWebFilter$StaticUserFilter) to context logs
2019-07-13 19:32:15,188 INFO  http.HttpServer2 (HttpServer2.java:bindListener(1191)) - Jetty bound to port 44072
2019-07-13 19:32:15,188 INFO  server.Server (Server.java:doStart(351)) - jetty-9.3.24.v20180605, build timestamp: 2018-06-05T17:11:56Z, git hash: 84205aa28f11a4f31f2a3b86d1bba2cc8ab69827
2019-07-13 19:32:15,196 INFO  handler.ContextHandler (ContextHandler.java:doStart(781)) - Started o.e.j.s.ServletContextHandler@733fb462{/logs,file:///tmp/workdir/hadoop-ozone/integration-test/target/log,AVAILABLE}
2019-07-13 19:32:15,197 INFO  handler.ContextHandler (ContextHandler.java:doStart(781)) - Started o.e.j.s.ServletContextHandler@359066bc{/static,jar:file:/home/user/.m2/repository/org/apache/hadoop/hadoop-hdds-container-service/0.5.0-SNAPSHOT/hadoop-hdds-container-service-0.5.0-SNAPSHOT.jar!/webapps/static,AVAILABLE}
2019-07-13 19:32:15,238 INFO  handler.ContextHandler (ContextHandler.java:doStart(781)) - Started o.e.j.w.WebAppContext@2a8b33ba{/,file:///tmp/jetty-0.0.0.0-44072-hddsDatanode-_-any-2276219251370341051.dir/webapp/,AVAILABLE}{/hddsDatanode}
2019-07-13 19:32:15,239 INFO  server.AbstractConnector (AbstractConnector.java:doStart(278)) - Started ServerConnector@4e8b357d{HTTP/1.1,[http/1.1]}{0.0.0.0:44072}
2019-07-13 19:32:15,240 INFO  server.Server (Server.java:doStart(419)) - Started @6474ms
2019-07-13 19:32:15,242 INFO  server.BaseHttpServer (BaseHttpServer.java:updateConnectorAddress(207)) - HTTP server of HDDSDATANODE is listening at http://0.0.0.0:44072
2019-07-13 19:32:15,277 INFO  datanode.InitDatanodeState (InitDatanodeState.java:persistContainerDatanodeDetails(140)) - DatanodeDetails is persisted to /tmp/workdir/hadoop-ozone/integration-test/target/test-dir/MiniOzoneClusterImpl-85b7ea47-8fa8-4119-bf57-4a436a3dbd64/datanode-0/meta/datanode.id
2019-07-13 19:32:15,390 INFO  ozone.HddsDatanodeService (HddsDatanodeService.java:startPlugins(396)) - Started plug-in org.apache.hadoop.ozone.web.OzoneHddsDatanodeService@6097fca9
2019-07-13 19:32:15,391 INFO  impl.MetricsSystemImpl (MetricsSystemImpl.java:init(158)) - HddsDatanode metrics system started (again)
2019-07-13 19:32:15,392 INFO  ozone.HddsDatanodeService (HddsDatanodeService.java:start(185)) - HddsDatanodeService host:trunk-nightly-fxqsz-774976932 ip:192.168.69.122
2019-07-13 19:32:15,394 INFO  util.JvmPauseMonitor (JvmPauseMonitor.java:run(188)) - Starting JVM pause monitor
2019-07-13 19:32:15,404 INFO  volume.HddsVolume (HddsVolume.java:<init>(176)) - Creating Volume: /tmp/workdir/hadoop-ozone/integration-test/target/test-dir/MiniOzoneClusterImpl-85b7ea47-8fa8-4119-bf57-4a436a3dbd64/datanode-2/data/containers/hdds of  storage type : DISK and capacity : 52710309888
2019-07-13 19:32:15,404 INFO  volume.VolumeSet (VolumeSet.java:initializeVolumeSet(170)) - Added Volume : /tmp/workdir/hadoop-ozone/integration-test/target/test-dir/MiniOzoneClusterImpl-85b7ea47-8fa8-4119-bf57-4a436a3dbd64/datanode-2/data/containers/hdds to VolumeSet
2019-07-13 19:32:15,405 INFO  volume.ThrottledAsyncChecker (ThrottledAsyncChecker.java:schedule(140)) - Scheduling a check for org.apache.hadoop.ozone.container.common.volume.HddsVolume@6371cf2f
2019-07-13 19:32:15,405 INFO  datanode.InitDatanodeState (InitDatanodeState.java:persistContainerDatanodeDetails(140)) - DatanodeDetails is persisted to /tmp/workdir/hadoop-ozone/integration-test/target/test-dir/MiniOzoneClusterImpl-85b7ea47-8fa8-4119-bf57-4a436a3dbd64/datanode-1/meta/datanode.id
2019-07-13 19:32:15,406 INFO  volume.HddsVolumeChecker (HddsVolumeChecker.java:checkAllVolumes(203)) - Scheduled health check for volume org.apache.hadoop.ozone.container.common.volume.HddsVolume@6371cf2f
2019-07-13 19:32:15,422 INFO  impl.RaftServerProxy (ConfUtils.java:logGet(43)) - raft.rpc.type = GRPC (default)
2019-07-13 19:32:15,423 INFO  grpc.GrpcFactory (GrpcFactory.java:checkPooledByteBufAllocatorUseCacheForAllThreads(45)) - PERFORMANCE WARNING: useCacheForAllThreads is true that may cause Netty to create a lot garbage objects and, as a result, trigger GC.
	It is recommended to disable useCacheForAllThreads by setting -Dorg.apache.ratis.thirdparty.io.netty.allocator.useCacheForAllThreads=false in command line.
2019-07-13 19:32:15,423 INFO  grpc.GrpcConfigKeys$Server (ConfUtils.java:logGet(43)) - raft.grpc.server.port = 0 (default)
2019-07-13 19:32:15,423 INFO  server.GrpcService (ConfUtils.java:logGet(43)) - raft.grpc.message.size.max = 33570816 (custom)
2019-07-13 19:32:15,423 INFO  server.RaftServerConfigKeys (ConfUtils.java:logGet(43)) - raft.server.log.appender.buffer.byte-limit = 33554432 (custom)
2019-07-13 19:32:15,424 INFO  server.GrpcService (ConfUtils.java:logGet(43)) - raft.grpc.flow.control.window = 1MB (=1048576) (default)
2019-07-13 19:32:15,424 INFO  server.RaftServerConfigKeys (ConfUtils.java:logGet(43)) - raft.server.rpc.request.timeout = 3000ms (default)
2019-07-13 19:32:15,424 INFO  server.RaftServerConfigKeys (ConfUtils.java:logGet(43)) - raft.server.storage.dir = [/tmp/workdir/hadoop-ozone/integration-test/target/test-dir/MiniOzoneClusterImpl-85b7ea47-8fa8-4119-bf57-4a436a3dbd64/datanode-2/data/ratis] (custom)
2019-07-13 19:32:15,426 INFO  replication.SimpleContainerDownloader (SimpleContainerDownloader.java:<init>(72)) - Starting container downloader service to copy containers to replicate.
2019-07-13 19:32:15,427 INFO  hdfs.DFSUtil (DFSUtil.java:httpServerTemplateForNNAndJN(1641)) - Starting Web-server for hddsDatanode at: http://0.0.0.0:0
2019-07-13 19:32:15,428 INFO  server.AuthenticationFilter (AuthenticationFilter.java:constructSecretProvider(240)) - Unable to initialize FileSignerSecretProvider, falling back to use random secrets.
2019-07-13 19:32:15,429 WARN  http.HttpRequestLog (HttpRequestLog.java:getRequestLog(97)) - Jetty request log can only be enabled using Log4j
2019-07-13 19:32:15,430 INFO  http.HttpServer2 (HttpServer2.java:addGlobalFilter(975)) - Added global filter 'safety' (class=org.apache.hadoop.http.HttpServer2$QuotingInputFilter)
2019-07-13 19:32:15,431 INFO  http.HttpServer2 (HttpServer2.java:addFilter(948)) - Added filter static_user_filter (class=org.apache.hadoop.http.lib.StaticUserWebFilter$StaticUserFilter) to context hddsDatanode
2019-07-13 19:32:15,431 INFO  http.HttpServer2 (HttpServer2.java:addFilter(958)) - Added filter static_user_filter (class=org.apache.hadoop.http.lib.StaticUserWebFilter$StaticUserFilter) to context logs
2019-07-13 19:32:15,431 INFO  http.HttpServer2 (HttpServer2.java:addFilter(958)) - Added filter static_user_filter (class=org.apache.hadoop.http.lib.StaticUserWebFilter$StaticUserFilter) to context static
2019-07-13 19:32:15,432 INFO  http.HttpServer2 (HttpServer2.java:bindListener(1191)) - Jetty bound to port 44292
2019-07-13 19:32:15,432 INFO  server.Server (Server.java:doStart(351)) - jetty-9.3.24.v20180605, build timestamp: 2018-06-05T17:11:56Z, git hash: 84205aa28f11a4f31f2a3b86d1bba2cc8ab69827
2019-07-13 19:32:15,434 INFO  handler.ContextHandler (ContextHandler.java:doStart(781)) - Started o.e.j.s.ServletContextHandler@3b97907c{/logs,file:///tmp/workdir/hadoop-ozone/integration-test/target/log,AVAILABLE}
2019-07-13 19:32:15,435 INFO  handler.ContextHandler (ContextHandler.java:doStart(781)) - Started o.e.j.s.ServletContextHandler@631c6d11{/static,jar:file:/home/user/.m2/repository/org/apache/hadoop/hadoop-hdds-container-service/0.5.0-SNAPSHOT/hadoop-hdds-container-service-0.5.0-SNAPSHOT.jar!/webapps/static,AVAILABLE}
2019-07-13 19:32:15,463 INFO  handler.ContextHandler (ContextHandler.java:doStart(781)) - Started o.e.j.w.WebAppContext@61608e1a{/,file:///tmp/jetty-0.0.0.0-44292-hddsDatanode-_-any-8110266981479300587.dir/webapp/,AVAILABLE}{/hddsDatanode}
2019-07-13 19:32:15,463 INFO  server.AbstractConnector (AbstractConnector.java:doStart(278)) - Started ServerConnector@7c46c9c3{HTTP/1.1,[http/1.1]}{0.0.0.0:44292}
2019-07-13 19:32:15,464 INFO  server.Server (Server.java:doStart(419)) - Started @6699ms
2019-07-13 19:32:15,466 INFO  server.BaseHttpServer (BaseHttpServer.java:updateConnectorAddress(207)) - HTTP server of HDDSDATANODE is listening at http://0.0.0.0:44292
2019-07-13 19:32:15,603 INFO  ozone.HddsDatanodeService (HddsDatanodeService.java:startPlugins(396)) - Started plug-in org.apache.hadoop.ozone.web.OzoneHddsDatanodeService@4026461d
2019-07-13 19:32:15,604 INFO  impl.MetricsSystemImpl (MetricsSystemImpl.java:init(158)) - HddsDatanode metrics system started (again)
2019-07-13 19:32:15,605 INFO  ozone.HddsDatanodeService (HddsDatanodeService.java:start(185)) - HddsDatanodeService host:trunk-nightly-fxqsz-774976932 ip:192.168.69.122
2019-07-13 19:32:15,607 INFO  util.JvmPauseMonitor (JvmPauseMonitor.java:run(188)) - Starting JVM pause monitor
2019-07-13 19:32:15,610 INFO  datanode.InitDatanodeState (InitDatanodeState.java:persistContainerDatanodeDetails(140)) - DatanodeDetails is persisted to /tmp/workdir/hadoop-ozone/integration-test/target/test-dir/MiniOzoneClusterImpl-85b7ea47-8fa8-4119-bf57-4a436a3dbd64/datanode-2/meta/datanode.id
2019-07-13 19:32:15,614 INFO  volume.HddsVolume (HddsVolume.java:<init>(176)) - Creating Volume: /tmp/workdir/hadoop-ozone/integration-test/target/test-dir/MiniOzoneClusterImpl-85b7ea47-8fa8-4119-bf57-4a436a3dbd64/datanode-3/data/containers/hdds of  storage type : DISK and capacity : 52710309888
2019-07-13 19:32:15,614 INFO  volume.VolumeSet (VolumeSet.java:initializeVolumeSet(170)) - Added Volume : /tmp/workdir/hadoop-ozone/integration-test/target/test-dir/MiniOzoneClusterImpl-85b7ea47-8fa8-4119-bf57-4a436a3dbd64/datanode-3/data/containers/hdds to VolumeSet
2019-07-13 19:32:15,614 INFO  volume.ThrottledAsyncChecker (ThrottledAsyncChecker.java:schedule(140)) - Scheduling a check for org.apache.hadoop.ozone.container.common.volume.HddsVolume@57bd6a8f
2019-07-13 19:32:15,615 INFO  volume.HddsVolumeChecker (HddsVolumeChecker.java:checkAllVolumes(203)) - Scheduled health check for volume org.apache.hadoop.ozone.container.common.volume.HddsVolume@57bd6a8f
2019-07-13 19:32:15,629 INFO  impl.RaftServerProxy (ConfUtils.java:logGet(43)) - raft.rpc.type = GRPC (default)
2019-07-13 19:32:15,629 INFO  grpc.GrpcFactory (GrpcFactory.java:checkPooledByteBufAllocatorUseCacheForAllThreads(45)) - PERFORMANCE WARNING: useCacheForAllThreads is true that may cause Netty to create a lot garbage objects and, as a result, trigger GC.
	It is recommended to disable useCacheForAllThreads by setting -Dorg.apache.ratis.thirdparty.io.netty.allocator.useCacheForAllThreads=false in command line.
2019-07-13 19:32:15,630 INFO  grpc.GrpcConfigKeys$Server (ConfUtils.java:logGet(43)) - raft.grpc.server.port = 0 (default)
2019-07-13 19:32:15,630 INFO  server.GrpcService (ConfUtils.java:logGet(43)) - raft.grpc.message.size.max = 33570816 (custom)
2019-07-13 19:32:15,630 INFO  server.RaftServerConfigKeys (ConfUtils.java:logGet(43)) - raft.server.log.appender.buffer.byte-limit = 33554432 (custom)
2019-07-13 19:32:15,630 INFO  server.GrpcService (ConfUtils.java:logGet(43)) - raft.grpc.flow.control.window = 1MB (=1048576) (default)
2019-07-13 19:32:15,631 INFO  server.RaftServerConfigKeys (ConfUtils.java:logGet(43)) - raft.server.rpc.request.timeout = 3000ms (default)
2019-07-13 19:32:15,631 INFO  server.RaftServerConfigKeys (ConfUtils.java:logGet(43)) - raft.server.storage.dir = [/tmp/workdir/hadoop-ozone/integration-test/target/test-dir/MiniOzoneClusterImpl-85b7ea47-8fa8-4119-bf57-4a436a3dbd64/datanode-3/data/ratis] (custom)
2019-07-13 19:32:15,632 INFO  replication.SimpleContainerDownloader (SimpleContainerDownloader.java:<init>(72)) - Starting container downloader service to copy containers to replicate.
2019-07-13 19:32:15,633 INFO  hdfs.DFSUtil (DFSUtil.java:httpServerTemplateForNNAndJN(1641)) - Starting Web-server for hddsDatanode at: http://0.0.0.0:0
2019-07-13 19:32:15,635 INFO  server.AuthenticationFilter (AuthenticationFilter.java:constructSecretProvider(240)) - Unable to initialize FileSignerSecretProvider, falling back to use random secrets.
2019-07-13 19:32:15,635 WARN  http.HttpRequestLog (HttpRequestLog.java:getRequestLog(97)) - Jetty request log can only be enabled using Log4j
2019-07-13 19:32:15,636 INFO  http.HttpServer2 (HttpServer2.java:addGlobalFilter(975)) - Added global filter 'safety' (class=org.apache.hadoop.http.HttpServer2$QuotingInputFilter)
2019-07-13 19:32:15,637 INFO  http.HttpServer2 (HttpServer2.java:addFilter(948)) - Added filter static_user_filter (class=org.apache.hadoop.http.lib.StaticUserWebFilter$StaticUserFilter) to context hddsDatanode
2019-07-13 19:32:15,637 INFO  http.HttpServer2 (HttpServer2.java:addFilter(958)) - Added filter static_user_filter (class=org.apache.hadoop.http.lib.StaticUserWebFilter$StaticUserFilter) to context static
2019-07-13 19:32:15,637 INFO  http.HttpServer2 (HttpServer2.java:addFilter(958)) - Added filter static_user_filter (class=org.apache.hadoop.http.lib.StaticUserWebFilter$StaticUserFilter) to context logs
2019-07-13 19:32:15,638 INFO  http.HttpServer2 (HttpServer2.java:bindListener(1191)) - Jetty bound to port 36276
2019-07-13 19:32:15,638 INFO  server.Server (Server.java:doStart(351)) - jetty-9.3.24.v20180605, build timestamp: 2018-06-05T17:11:56Z, git hash: 84205aa28f11a4f31f2a3b86d1bba2cc8ab69827
2019-07-13 19:32:15,642 INFO  handler.ContextHandler (ContextHandler.java:doStart(781)) - Started o.e.j.s.ServletContextHandler@5f395ce1{/logs,file:///tmp/workdir/hadoop-ozone/integration-test/target/log,AVAILABLE}
2019-07-13 19:32:15,643 INFO  handler.ContextHandler (ContextHandler.java:doStart(781)) - Started o.e.j.s.ServletContextHandler@1e30db85{/static,jar:file:/home/user/.m2/repository/org/apache/hadoop/hadoop-hdds-container-service/0.5.0-SNAPSHOT/hadoop-hdds-container-service-0.5.0-SNAPSHOT.jar!/webapps/static,AVAILABLE}
2019-07-13 19:32:15,670 INFO  handler.ContextHandler (ContextHandler.java:doStart(781)) - Started o.e.j.w.WebAppContext@1e00bfe2{/,file:///tmp/jetty-0.0.0.0-36276-hddsDatanode-_-any-6026231203685190850.dir/webapp/,AVAILABLE}{/hddsDatanode}
2019-07-13 19:32:15,671 INFO  server.AbstractConnector (AbstractConnector.java:doStart(278)) - Started ServerConnector@4702e7a5{HTTP/1.1,[http/1.1]}{0.0.0.0:36276}
2019-07-13 19:32:15,671 INFO  server.Server (Server.java:doStart(419)) - Started @6906ms
2019-07-13 19:32:15,672 INFO  server.BaseHttpServer (BaseHttpServer.java:updateConnectorAddress(207)) - HTTP server of HDDSDATANODE is listening at http://0.0.0.0:36276
2019-07-13 19:32:15,799 INFO  ozone.HddsDatanodeService (HddsDatanodeService.java:startPlugins(396)) - Started plug-in org.apache.hadoop.ozone.web.OzoneHddsDatanodeService@1bd8afc8
2019-07-13 19:32:15,800 INFO  impl.MetricsSystemImpl (MetricsSystemImpl.java:init(158)) - HddsDatanode metrics system started (again)
2019-07-13 19:32:15,801 INFO  ozone.HddsDatanodeService (HddsDatanodeService.java:start(185)) - HddsDatanodeService host:trunk-nightly-fxqsz-774976932 ip:192.168.69.122
2019-07-13 19:32:15,803 INFO  util.JvmPauseMonitor (JvmPauseMonitor.java:run(188)) - Starting JVM pause monitor
2019-07-13 19:32:15,806 INFO  datanode.InitDatanodeState (InitDatanodeState.java:persistContainerDatanodeDetails(140)) - DatanodeDetails is persisted to /tmp/workdir/hadoop-ozone/integration-test/target/test-dir/MiniOzoneClusterImpl-85b7ea47-8fa8-4119-bf57-4a436a3dbd64/datanode-3/meta/datanode.id
2019-07-13 19:32:15,809 INFO  volume.HddsVolume (HddsVolume.java:<init>(176)) - Creating Volume: /tmp/workdir/hadoop-ozone/integration-test/target/test-dir/MiniOzoneClusterImpl-85b7ea47-8fa8-4119-bf57-4a436a3dbd64/datanode-4/data/containers/hdds of  storage type : DISK and capacity : 52710309888
2019-07-13 19:32:15,809 INFO  volume.VolumeSet (VolumeSet.java:initializeVolumeSet(170)) - Added Volume : /tmp/workdir/hadoop-ozone/integration-test/target/test-dir/MiniOzoneClusterImpl-85b7ea47-8fa8-4119-bf57-4a436a3dbd64/datanode-4/data/containers/hdds to VolumeSet
2019-07-13 19:32:15,810 INFO  volume.ThrottledAsyncChecker (ThrottledAsyncChecker.java:schedule(140)) - Scheduling a check for org.apache.hadoop.ozone.container.common.volume.HddsVolume@77a0dd63
2019-07-13 19:32:15,810 INFO  volume.HddsVolumeChecker (HddsVolumeChecker.java:checkAllVolumes(203)) - Scheduled health check for volume org.apache.hadoop.ozone.container.common.volume.HddsVolume@77a0dd63
2019-07-13 19:32:15,827 INFO  impl.RaftServerProxy (ConfUtils.java:logGet(43)) - raft.rpc.type = GRPC (default)
2019-07-13 19:32:15,828 INFO  grpc.GrpcFactory (GrpcFactory.java:checkPooledByteBufAllocatorUseCacheForAllThreads(45)) - PERFORMANCE WARNING: useCacheForAllThreads is true that may cause Netty to create a lot garbage objects and, as a result, trigger GC.
	It is recommended to disable useCacheForAllThreads by setting -Dorg.apache.ratis.thirdparty.io.netty.allocator.useCacheForAllThreads=false in command line.
2019-07-13 19:32:15,828 INFO  grpc.GrpcConfigKeys$Server (ConfUtils.java:logGet(43)) - raft.grpc.server.port = 0 (default)
2019-07-13 19:32:15,828 INFO  server.GrpcService (ConfUtils.java:logGet(43)) - raft.grpc.message.size.max = 33570816 (custom)
2019-07-13 19:32:15,829 INFO  server.RaftServerConfigKeys (ConfUtils.java:logGet(43)) - raft.server.log.appender.buffer.byte-limit = 33554432 (custom)
2019-07-13 19:32:15,829 INFO  server.GrpcService (ConfUtils.java:logGet(43)) - raft.grpc.flow.control.window = 1MB (=1048576) (default)
2019-07-13 19:32:15,829 INFO  server.RaftServerConfigKeys (ConfUtils.java:logGet(43)) - raft.server.rpc.request.timeout = 3000ms (default)
2019-07-13 19:32:15,830 INFO  server.RaftServerConfigKeys (ConfUtils.java:logGet(43)) - raft.server.storage.dir = [/tmp/workdir/hadoop-ozone/integration-test/target/test-dir/MiniOzoneClusterImpl-85b7ea47-8fa8-4119-bf57-4a436a3dbd64/datanode-4/data/ratis] (custom)
2019-07-13 19:32:15,830 INFO  replication.SimpleContainerDownloader (SimpleContainerDownloader.java:<init>(72)) - Starting container downloader service to copy containers to replicate.
2019-07-13 19:32:15,832 INFO  hdfs.DFSUtil (DFSUtil.java:httpServerTemplateForNNAndJN(1641)) - Starting Web-server for hddsDatanode at: http://0.0.0.0:0
2019-07-13 19:32:15,834 INFO  server.AuthenticationFilter (AuthenticationFilter.java:constructSecretProvider(240)) - Unable to initialize FileSignerSecretProvider, falling back to use random secrets.
2019-07-13 19:32:15,835 WARN  http.HttpRequestLog (HttpRequestLog.java:getRequestLog(97)) - Jetty request log can only be enabled using Log4j
2019-07-13 19:32:15,837 INFO  http.HttpServer2 (HttpServer2.java:addGlobalFilter(975)) - Added global filter 'safety' (class=org.apache.hadoop.http.HttpServer2$QuotingInputFilter)
2019-07-13 19:32:15,838 INFO  http.HttpServer2 (HttpServer2.java:addFilter(948)) - Added filter static_user_filter (class=org.apache.hadoop.http.lib.StaticUserWebFilter$StaticUserFilter) to context hddsDatanode
2019-07-13 19:32:15,838 INFO  http.HttpServer2 (HttpServer2.java:addFilter(958)) - Added filter static_user_filter (class=org.apache.hadoop.http.lib.StaticUserWebFilter$StaticUserFilter) to context static
2019-07-13 19:32:15,839 INFO  http.HttpServer2 (HttpServer2.java:addFilter(958)) - Added filter static_user_filter (class=org.apache.hadoop.http.lib.StaticUserWebFilter$StaticUserFilter) to context logs
2019-07-13 19:32:15,840 INFO  http.HttpServer2 (HttpServer2.java:bindListener(1191)) - Jetty bound to port 35255
2019-07-13 19:32:15,840 INFO  server.Server (Server.java:doStart(351)) - jetty-9.3.24.v20180605, build timestamp: 2018-06-05T17:11:56Z, git hash: 84205aa28f11a4f31f2a3b86d1bba2cc8ab69827
2019-07-13 19:32:15,843 INFO  handler.ContextHandler (ContextHandler.java:doStart(781)) - Started o.e.j.s.ServletContextHandler@7aa01bd9{/logs,file:///tmp/workdir/hadoop-ozone/integration-test/target/log,AVAILABLE}
2019-07-13 19:32:15,844 INFO  handler.ContextHandler (ContextHandler.java:doStart(781)) - Started o.e.j.s.ServletContextHandler@615db358{/static,jar:file:/home/user/.m2/repository/org/apache/hadoop/hadoop-hdds-container-service/0.5.0-SNAPSHOT/hadoop-hdds-container-service-0.5.0-SNAPSHOT.jar!/webapps/static,AVAILABLE}
2019-07-13 19:32:15,886 INFO  handler.ContextHandler (ContextHandler.java:doStart(781)) - Started o.e.j.w.WebAppContext@34136bd1{/,file:///tmp/jetty-0.0.0.0-35255-hddsDatanode-_-any-7971940673683718076.dir/webapp/,AVAILABLE}{/hddsDatanode}
2019-07-13 19:32:15,887 INFO  server.AbstractConnector (AbstractConnector.java:doStart(278)) - Started ServerConnector@6de7778f{HTTP/1.1,[http/1.1]}{0.0.0.0:35255}
2019-07-13 19:32:15,888 INFO  server.Server (Server.java:doStart(419)) - Started @7122ms
2019-07-13 19:32:15,889 INFO  server.BaseHttpServer (BaseHttpServer.java:updateConnectorAddress(207)) - HTTP server of HDDSDATANODE is listening at http://0.0.0.0:35255
2019-07-13 19:32:16,044 INFO  ozone.HddsDatanodeService (HddsDatanodeService.java:startPlugins(396)) - Started plug-in org.apache.hadoop.ozone.web.OzoneHddsDatanodeService@5fdd97c1
2019-07-13 19:32:16,045 INFO  impl.MetricsSystemImpl (MetricsSystemImpl.java:init(158)) - HddsDatanode metrics system started (again)
2019-07-13 19:32:16,047 INFO  ozone.HddsDatanodeService (HddsDatanodeService.java:start(185)) - HddsDatanodeService host:trunk-nightly-fxqsz-774976932 ip:192.168.69.122
2019-07-13 19:32:16,048 INFO  util.JvmPauseMonitor (JvmPauseMonitor.java:run(188)) - Starting JVM pause monitor
2019-07-13 19:32:16,051 INFO  datanode.InitDatanodeState (InitDatanodeState.java:persistContainerDatanodeDetails(140)) - DatanodeDetails is persisted to /tmp/workdir/hadoop-ozone/integration-test/target/test-dir/MiniOzoneClusterImpl-85b7ea47-8fa8-4119-bf57-4a436a3dbd64/datanode-4/meta/datanode.id
2019-07-13 19:32:16,056 INFO  volume.HddsVolume (HddsVolume.java:<init>(176)) - Creating Volume: /tmp/workdir/hadoop-ozone/integration-test/target/test-dir/MiniOzoneClusterImpl-85b7ea47-8fa8-4119-bf57-4a436a3dbd64/datanode-5/data/containers/hdds of  storage type : DISK and capacity : 52710309888
2019-07-13 19:32:16,056 INFO  volume.VolumeSet (VolumeSet.java:initializeVolumeSet(170)) - Added Volume : /tmp/workdir/hadoop-ozone/integration-test/target/test-dir/MiniOzoneClusterImpl-85b7ea47-8fa8-4119-bf57-4a436a3dbd64/datanode-5/data/containers/hdds to VolumeSet
2019-07-13 19:32:16,056 INFO  volume.ThrottledAsyncChecker (ThrottledAsyncChecker.java:schedule(140)) - Scheduling a check for org.apache.hadoop.ozone.container.common.volume.HddsVolume@37d3e140
2019-07-13 19:32:16,057 INFO  volume.HddsVolumeChecker (HddsVolumeChecker.java:checkAllVolumes(203)) - Scheduled health check for volume org.apache.hadoop.ozone.container.common.volume.HddsVolume@37d3e140
2019-07-13 19:32:16,071 INFO  impl.RaftServerProxy (ConfUtils.java:logGet(43)) - raft.rpc.type = GRPC (default)
2019-07-13 19:32:16,071 INFO  grpc.GrpcFactory (GrpcFactory.java:checkPooledByteBufAllocatorUseCacheForAllThreads(45)) - PERFORMANCE WARNING: useCacheForAllThreads is true that may cause Netty to create a lot garbage objects and, as a result, trigger GC.
	It is recommended to disable useCacheForAllThreads by setting -Dorg.apache.ratis.thirdparty.io.netty.allocator.useCacheForAllThreads=false in command line.
2019-07-13 19:32:16,071 INFO  grpc.GrpcConfigKeys$Server (ConfUtils.java:logGet(43)) - raft.grpc.server.port = 0 (default)
2019-07-13 19:32:16,071 INFO  server.GrpcService (ConfUtils.java:logGet(43)) - raft.grpc.message.size.max = 33570816 (custom)
2019-07-13 19:32:16,072 INFO  server.RaftServerConfigKeys (ConfUtils.java:logGet(43)) - raft.server.log.appender.buffer.byte-limit = 33554432 (custom)
2019-07-13 19:32:16,072 INFO  server.GrpcService (ConfUtils.java:logGet(43)) - raft.grpc.flow.control.window = 1MB (=1048576) (default)
2019-07-13 19:32:16,072 INFO  server.RaftServerConfigKeys (ConfUtils.java:logGet(43)) - raft.server.rpc.request.timeout = 3000ms (default)
2019-07-13 19:32:16,073 INFO  server.RaftServerConfigKeys (ConfUtils.java:logGet(43)) - raft.server.storage.dir = [/tmp/workdir/hadoop-ozone/integration-test/target/test-dir/MiniOzoneClusterImpl-85b7ea47-8fa8-4119-bf57-4a436a3dbd64/datanode-5/data/ratis] (custom)
2019-07-13 19:32:16,073 INFO  replication.SimpleContainerDownloader (SimpleContainerDownloader.java:<init>(72)) - Starting container downloader service to copy containers to replicate.
2019-07-13 19:32:16,074 INFO  hdfs.DFSUtil (DFSUtil.java:httpServerTemplateForNNAndJN(1641)) - Starting Web-server for hddsDatanode at: http://0.0.0.0:0
2019-07-13 19:32:16,076 INFO  server.AuthenticationFilter (AuthenticationFilter.java:constructSecretProvider(240)) - Unable to initialize FileSignerSecretProvider, falling back to use random secrets.
2019-07-13 19:32:16,077 WARN  http.HttpRequestLog (HttpRequestLog.java:getRequestLog(97)) - Jetty request log can only be enabled using Log4j
2019-07-13 19:32:16,079 INFO  http.HttpServer2 (HttpServer2.java:addGlobalFilter(975)) - Added global filter 'safety' (class=org.apache.hadoop.http.HttpServer2$QuotingInputFilter)
2019-07-13 19:32:16,080 INFO  http.HttpServer2 (HttpServer2.java:addFilter(948)) - Added filter static_user_filter (class=org.apache.hadoop.http.lib.StaticUserWebFilter$StaticUserFilter) to context hddsDatanode
2019-07-13 19:32:16,081 INFO  http.HttpServer2 (HttpServer2.java:addFilter(958)) - Added filter static_user_filter (class=org.apache.hadoop.http.lib.StaticUserWebFilter$StaticUserFilter) to context static
2019-07-13 19:32:16,081 INFO  http.HttpServer2 (HttpServer2.java:addFilter(958)) - Added filter static_user_filter (class=org.apache.hadoop.http.lib.StaticUserWebFilter$StaticUserFilter) to context logs
2019-07-13 19:32:16,082 INFO  http.HttpServer2 (HttpServer2.java:bindListener(1191)) - Jetty bound to port 36620
2019-07-13 19:32:16,082 INFO  server.Server (Server.java:doStart(351)) - jetty-9.3.24.v20180605, build timestamp: 2018-06-05T17:11:56Z, git hash: 84205aa28f11a4f31f2a3b86d1bba2cc8ab69827
2019-07-13 19:32:16,085 INFO  handler.ContextHandler (ContextHandler.java:doStart(781)) - Started o.e.j.s.ServletContextHandler@545d2560{/logs,file:///tmp/workdir/hadoop-ozone/integration-test/target/log,AVAILABLE}
2019-07-13 19:32:16,086 INFO  handler.ContextHandler (ContextHandler.java:doStart(781)) - Started o.e.j.s.ServletContextHandler@6885ed19{/static,jar:file:/home/user/.m2/repository/org/apache/hadoop/hadoop-hdds-container-service/0.5.0-SNAPSHOT/hadoop-hdds-container-service-0.5.0-SNAPSHOT.jar!/webapps/static,AVAILABLE}
2019-07-13 19:32:16,128 INFO  handler.ContextHandler (ContextHandler.java:doStart(781)) - Started o.e.j.w.WebAppContext@40c8067{/,file:///tmp/jetty-0.0.0.0-36620-hddsDatanode-_-any-5772446953010415467.dir/webapp/,AVAILABLE}{/hddsDatanode}
2019-07-13 19:32:16,129 INFO  server.AbstractConnector (AbstractConnector.java:doStart(278)) - Started ServerConnector@46bb0bdf{HTTP/1.1,[http/1.1]}{0.0.0.0:36620}
2019-07-13 19:32:16,130 INFO  server.Server (Server.java:doStart(419)) - Started @7364ms
2019-07-13 19:32:16,131 INFO  server.BaseHttpServer (BaseHttpServer.java:updateConnectorAddress(207)) - HTTP server of HDDSDATANODE is listening at http://0.0.0.0:36620
2019-07-13 19:32:16,251 INFO  ozone.HddsDatanodeService (HddsDatanodeService.java:startPlugins(396)) - Started plug-in org.apache.hadoop.ozone.web.OzoneHddsDatanodeService@7d25913
2019-07-13 19:32:16,252 INFO  impl.MetricsSystemImpl (MetricsSystemImpl.java:init(158)) - HddsDatanode metrics system started (again)
2019-07-13 19:32:16,253 INFO  ozone.HddsDatanodeService (HddsDatanodeService.java:start(185)) - HddsDatanodeService host:trunk-nightly-fxqsz-774976932 ip:192.168.69.122
2019-07-13 19:32:16,256 INFO  util.JvmPauseMonitor (JvmPauseMonitor.java:run(188)) - Starting JVM pause monitor
2019-07-13 19:32:16,259 INFO  datanode.InitDatanodeState (InitDatanodeState.java:persistContainerDatanodeDetails(140)) - DatanodeDetails is persisted to /tmp/workdir/hadoop-ozone/integration-test/target/test-dir/MiniOzoneClusterImpl-85b7ea47-8fa8-4119-bf57-4a436a3dbd64/datanode-5/meta/datanode.id
2019-07-13 19:32:16,266 INFO  volume.HddsVolume (HddsVolume.java:<init>(176)) - Creating Volume: /tmp/workdir/hadoop-ozone/integration-test/target/test-dir/MiniOzoneClusterImpl-85b7ea47-8fa8-4119-bf57-4a436a3dbd64/datanode-6/data/containers/hdds of  storage type : DISK and capacity : 52710309888
2019-07-13 19:32:16,266 INFO  volume.VolumeSet (VolumeSet.java:initializeVolumeSet(170)) - Added Volume : /tmp/workdir/hadoop-ozone/integration-test/target/test-dir/MiniOzoneClusterImpl-85b7ea47-8fa8-4119-bf57-4a436a3dbd64/datanode-6/data/containers/hdds to VolumeSet
2019-07-13 19:32:16,266 INFO  volume.ThrottledAsyncChecker (ThrottledAsyncChecker.java:schedule(140)) - Scheduling a check for org.apache.hadoop.ozone.container.common.volume.HddsVolume@40a1b6d4
2019-07-13 19:32:16,267 INFO  volume.HddsVolumeChecker (HddsVolumeChecker.java:checkAllVolumes(203)) - Scheduled health check for volume org.apache.hadoop.ozone.container.common.volume.HddsVolume@40a1b6d4
2019-07-13 19:32:16,328 INFO  impl.RaftServerProxy (ConfUtils.java:logGet(43)) - raft.rpc.type = GRPC (default)
2019-07-13 19:32:16,328 INFO  grpc.GrpcFactory (GrpcFactory.java:checkPooledByteBufAllocatorUseCacheForAllThreads(45)) - PERFORMANCE WARNING: useCacheForAllThreads is true that may cause Netty to create a lot garbage objects and, as a result, trigger GC.
	It is recommended to disable useCacheForAllThreads by setting -Dorg.apache.ratis.thirdparty.io.netty.allocator.useCacheForAllThreads=false in command line.
2019-07-13 19:32:16,329 INFO  grpc.GrpcConfigKeys$Server (ConfUtils.java:logGet(43)) - raft.grpc.server.port = 0 (default)
2019-07-13 19:32:16,329 INFO  server.GrpcService (ConfUtils.java:logGet(43)) - raft.grpc.message.size.max = 33570816 (custom)
2019-07-13 19:32:16,330 INFO  server.RaftServerConfigKeys (ConfUtils.java:logGet(43)) - raft.server.log.appender.buffer.byte-limit = 33554432 (custom)
2019-07-13 19:32:16,330 INFO  server.GrpcService (ConfUtils.java:logGet(43)) - raft.grpc.flow.control.window = 1MB (=1048576) (default)
2019-07-13 19:32:16,330 INFO  server.RaftServerConfigKeys (ConfUtils.java:logGet(43)) - raft.server.rpc.request.timeout = 3000ms (default)
2019-07-13 19:32:16,331 INFO  server.RaftServerConfigKeys (ConfUtils.java:logGet(43)) - raft.server.storage.dir = [/tmp/workdir/hadoop-ozone/integration-test/target/test-dir/MiniOzoneClusterImpl-85b7ea47-8fa8-4119-bf57-4a436a3dbd64/datanode-6/data/ratis] (custom)
2019-07-13 19:32:16,337 INFO  replication.SimpleContainerDownloader (SimpleContainerDownloader.java:<init>(72)) - Starting container downloader service to copy containers to replicate.
2019-07-13 19:32:16,339 INFO  hdfs.DFSUtil (DFSUtil.java:httpServerTemplateForNNAndJN(1641)) - Starting Web-server for hddsDatanode at: http://0.0.0.0:0
2019-07-13 19:32:16,341 INFO  server.AuthenticationFilter (AuthenticationFilter.java:constructSecretProvider(240)) - Unable to initialize FileSignerSecretProvider, falling back to use random secrets.
2019-07-13 19:32:16,342 WARN  http.HttpRequestLog (HttpRequestLog.java:getRequestLog(97)) - Jetty request log can only be enabled using Log4j
2019-07-13 19:32:16,344 INFO  http.HttpServer2 (HttpServer2.java:addGlobalFilter(975)) - Added global filter 'safety' (class=org.apache.hadoop.http.HttpServer2$QuotingInputFilter)
2019-07-13 19:32:16,345 INFO  http.HttpServer2 (HttpServer2.java:addFilter(948)) - Added filter static_user_filter (class=org.apache.hadoop.http.lib.StaticUserWebFilter$StaticUserFilter) to context hddsDatanode
2019-07-13 19:32:16,345 INFO  http.HttpServer2 (HttpServer2.java:addFilter(958)) - Added filter static_user_filter (class=org.apache.hadoop.http.lib.StaticUserWebFilter$StaticUserFilter) to context static
2019-07-13 19:32:16,345 INFO  http.HttpServer2 (HttpServer2.java:addFilter(958)) - Added filter static_user_filter (class=org.apache.hadoop.http.lib.StaticUserWebFilter$StaticUserFilter) to context logs
2019-07-13 19:32:16,357 INFO  http.HttpServer2 (HttpServer2.java:bindListener(1191)) - Jetty bound to port 37568
2019-07-13 19:32:16,358 INFO  server.Server (Server.java:doStart(351)) - jetty-9.3.24.v20180605, build timestamp: 2018-06-05T17:11:56Z, git hash: 84205aa28f11a4f31f2a3b86d1bba2cc8ab69827
2019-07-13 19:32:16,360 INFO  handler.ContextHandler (ContextHandler.java:doStart(781)) - Started o.e.j.s.ServletContextHandler@718989fa{/logs,file:///tmp/workdir/hadoop-ozone/integration-test/target/log,AVAILABLE}
2019-07-13 19:32:16,361 INFO  handler.ContextHandler (ContextHandler.java:doStart(781)) - Started o.e.j.s.ServletContextHandler@6568f998{/static,jar:file:/home/user/.m2/repository/org/apache/hadoop/hadoop-hdds-container-service/0.5.0-SNAPSHOT/hadoop-hdds-container-service-0.5.0-SNAPSHOT.jar!/webapps/static,AVAILABLE}
2019-07-13 19:32:16,401 INFO  handler.ContextHandler (ContextHandler.java:doStart(781)) - Started o.e.j.w.WebAppContext@448ade1{/,file:///tmp/jetty-0.0.0.0-37568-hddsDatanode-_-any-1825520440454591651.dir/webapp/,AVAILABLE}{/hddsDatanode}
2019-07-13 19:32:16,402 INFO  server.AbstractConnector (AbstractConnector.java:doStart(278)) - Started ServerConnector@21f9c6ea{HTTP/1.1,[http/1.1]}{0.0.0.0:37568}
2019-07-13 19:32:16,403 INFO  server.Server (Server.java:doStart(419)) - Started @7637ms
2019-07-13 19:32:16,404 INFO  server.BaseHttpServer (BaseHttpServer.java:updateConnectorAddress(207)) - HTTP server of HDDSDATANODE is listening at http://0.0.0.0:37568
2019-07-13 19:32:16,531 INFO  ozone.HddsDatanodeService (HddsDatanodeService.java:startPlugins(396)) - Started plug-in org.apache.hadoop.ozone.web.OzoneHddsDatanodeService@112c2930
2019-07-13 19:32:16,535 INFO  ozone.MiniOzoneClusterImpl (MiniOzoneClusterImpl.java:lambda$waitForClusterToBeReady$0(142)) - Waiting for cluster to be ready. Got 0 of 7 DN Heartbeats.
2019-07-13 19:32:16,535 INFO  util.JvmPauseMonitor (JvmPauseMonitor.java:run(188)) - Starting JVM pause monitor
2019-07-13 19:32:16,538 INFO  datanode.InitDatanodeState (InitDatanodeState.java:persistContainerDatanodeDetails(140)) - DatanodeDetails is persisted to /tmp/workdir/hadoop-ozone/integration-test/target/test-dir/MiniOzoneClusterImpl-85b7ea47-8fa8-4119-bf57-4a436a3dbd64/datanode-6/meta/datanode.id
2019-07-13 19:32:17,192 INFO  ozoneimpl.OzoneContainer (OzoneContainer.java:start(186)) - Attempting to start container services.
2019-07-13 19:32:17,194 INFO  ozoneimpl.OzoneContainer (OzoneContainer.java:startContainerScrub(160)) - Background container scrubber has been disabled by hdds.containerscrub.enabled
2019-07-13 19:32:17,195 INFO  ratis.XceiverServerRatis (XceiverServerRatis.java:start(418)) - Starting XceiverServerRatis b894dc87-0501-43a9-9424-ba963e066ea8 at port 0
2019-07-13 19:32:17,220 INFO  impl.RaftServerProxy (RaftServerProxy.java:lambda$start$3(299)) - b894dc87-0501-43a9-9424-ba963e066ea8: start RPC server
2019-07-13 19:32:17,362 INFO  server.GrpcService (GrpcService.java:startImpl(149)) - b894dc87-0501-43a9-9424-ba963e066ea8: GrpcService started, listening on 0.0.0.0/0.0.0.0:44985
2019-07-13 19:32:17,363 INFO  ratis.XceiverServerRatis (XceiverServerRatis.java:start(428)) - XceiverServerRatis b894dc87-0501-43a9-9424-ba963e066ea8 is started using port 44985
2019-07-13 19:32:17,366 INFO  server.XceiverServerGrpc (XceiverServerGrpc.java:start(161)) - XceiverServerGrpc b894dc87-0501-43a9-9424-ba963e066ea8 is started using port 44794
2019-07-13 19:32:17,409 INFO  ozoneimpl.OzoneContainer (OzoneContainer.java:start(186)) - Attempting to start container services.
2019-07-13 19:32:17,412 INFO  ozoneimpl.OzoneContainer (OzoneContainer.java:startContainerScrub(160)) - Background container scrubber has been disabled by hdds.containerscrub.enabled
2019-07-13 19:32:17,412 INFO  ratis.XceiverServerRatis (XceiverServerRatis.java:start(418)) - Starting XceiverServerRatis 6ba6747b-0f54-43b2-b684-1c5a9bb5647b at port 0
2019-07-13 19:32:17,422 INFO  impl.RaftServerProxy (RaftServerProxy.java:lambda$start$3(299)) - 6ba6747b-0f54-43b2-b684-1c5a9bb5647b: start RPC server
2019-07-13 19:32:17,425 INFO  server.GrpcService (GrpcService.java:startImpl(149)) - 6ba6747b-0f54-43b2-b684-1c5a9bb5647b: GrpcService started, listening on 0.0.0.0/0.0.0.0:37531
2019-07-13 19:32:17,426 INFO  ratis.XceiverServerRatis (XceiverServerRatis.java:start(428)) - XceiverServerRatis 6ba6747b-0f54-43b2-b684-1c5a9bb5647b is started using port 37531
2019-07-13 19:32:17,428 INFO  server.XceiverServerGrpc (XceiverServerGrpc.java:start(161)) - XceiverServerGrpc 6ba6747b-0f54-43b2-b684-1c5a9bb5647b is started using port 45018
2019-07-13 19:32:17,535 INFO  ozone.MiniOzoneClusterImpl (MiniOzoneClusterImpl.java:lambda$waitForClusterToBeReady$0(142)) - Waiting for cluster to be ready. Got 0 of 7 DN Heartbeats.
2019-07-13 19:32:17,624 INFO  ozoneimpl.OzoneContainer (OzoneContainer.java:start(186)) - Attempting to start container services.
2019-07-13 19:32:17,629 INFO  ozoneimpl.OzoneContainer (OzoneContainer.java:startContainerScrub(160)) - Background container scrubber has been disabled by hdds.containerscrub.enabled
2019-07-13 19:32:17,630 INFO  ratis.XceiverServerRatis (XceiverServerRatis.java:start(418)) - Starting XceiverServerRatis 598db1d6-e3ad-489a-a8f2-4cf249dbda37 at port 0
2019-07-13 19:32:17,639 INFO  impl.RaftServerProxy (RaftServerProxy.java:lambda$start$3(299)) - 598db1d6-e3ad-489a-a8f2-4cf249dbda37: start RPC server
2019-07-13 19:32:17,644 INFO  server.GrpcService (GrpcService.java:startImpl(149)) - 598db1d6-e3ad-489a-a8f2-4cf249dbda37: GrpcService started, listening on 0.0.0.0/0.0.0.0:36028
2019-07-13 19:32:17,644 INFO  ratis.XceiverServerRatis (XceiverServerRatis.java:start(428)) - XceiverServerRatis 598db1d6-e3ad-489a-a8f2-4cf249dbda37 is started using port 36028
2019-07-13 19:32:17,647 INFO  server.XceiverServerGrpc (XceiverServerGrpc.java:start(161)) - XceiverServerGrpc 598db1d6-e3ad-489a-a8f2-4cf249dbda37 is started using port 42549
2019-07-13 19:32:17,821 INFO  ozoneimpl.OzoneContainer (OzoneContainer.java:start(186)) - Attempting to start container services.
2019-07-13 19:32:17,822 INFO  ozoneimpl.OzoneContainer (OzoneContainer.java:startContainerScrub(160)) - Background container scrubber has been disabled by hdds.containerscrub.enabled
2019-07-13 19:32:17,822 INFO  ratis.XceiverServerRatis (XceiverServerRatis.java:start(418)) - Starting XceiverServerRatis 02963ba0-723d-4501-bddb-fc4cdc1a907f at port 0
2019-07-13 19:32:17,832 INFO  impl.RaftServerProxy (RaftServerProxy.java:lambda$start$3(299)) - 02963ba0-723d-4501-bddb-fc4cdc1a907f: start RPC server
2019-07-13 19:32:17,837 INFO  server.GrpcService (GrpcService.java:startImpl(149)) - 02963ba0-723d-4501-bddb-fc4cdc1a907f: GrpcService started, listening on 0.0.0.0/0.0.0.0:43470
2019-07-13 19:32:17,837 INFO  ratis.XceiverServerRatis (XceiverServerRatis.java:start(428)) - XceiverServerRatis 02963ba0-723d-4501-bddb-fc4cdc1a907f is started using port 43470
2019-07-13 19:32:17,841 INFO  server.XceiverServerGrpc (XceiverServerGrpc.java:start(161)) - XceiverServerGrpc 02963ba0-723d-4501-bddb-fc4cdc1a907f is started using port 38154
2019-07-13 19:32:18,066 INFO  ozoneimpl.OzoneContainer (OzoneContainer.java:start(186)) - Attempting to start container services.
2019-07-13 19:32:18,066 INFO  ozoneimpl.OzoneContainer (OzoneContainer.java:startContainerScrub(160)) - Background container scrubber has been disabled by hdds.containerscrub.enabled
2019-07-13 19:32:18,066 INFO  ratis.XceiverServerRatis (XceiverServerRatis.java:start(418)) - Starting XceiverServerRatis 6b4b026a-3481-4b25-b58a-8b5d5ed83a0e at port 0
2019-07-13 19:32:18,075 INFO  impl.RaftServerProxy (RaftServerProxy.java:lambda$start$3(299)) - 6b4b026a-3481-4b25-b58a-8b5d5ed83a0e: start RPC server
2019-07-13 19:32:18,079 INFO  server.GrpcService (GrpcService.java:startImpl(149)) - 6b4b026a-3481-4b25-b58a-8b5d5ed83a0e: GrpcService started, listening on 0.0.0.0/0.0.0.0:41889
2019-07-13 19:32:18,079 INFO  ratis.XceiverServerRatis (XceiverServerRatis.java:start(428)) - XceiverServerRatis 6b4b026a-3481-4b25-b58a-8b5d5ed83a0e is started using port 41889
2019-07-13 19:32:18,082 INFO  server.XceiverServerGrpc (XceiverServerGrpc.java:start(161)) - XceiverServerGrpc 6b4b026a-3481-4b25-b58a-8b5d5ed83a0e is started using port 41926
2019-07-13 19:32:18,274 INFO  ozoneimpl.OzoneContainer (OzoneContainer.java:start(186)) - Attempting to start container services.
2019-07-13 19:32:18,274 INFO  ozoneimpl.OzoneContainer (OzoneContainer.java:startContainerScrub(160)) - Background container scrubber has been disabled by hdds.containerscrub.enabled
2019-07-13 19:32:18,274 INFO  ratis.XceiverServerRatis (XceiverServerRatis.java:start(418)) - Starting XceiverServerRatis b42a8068-78f2-4a05-8265-820ce4700af2 at port 0
2019-07-13 19:32:18,283 INFO  impl.RaftServerProxy (RaftServerProxy.java:lambda$start$3(299)) - b42a8068-78f2-4a05-8265-820ce4700af2: start RPC server
2019-07-13 19:32:18,288 INFO  server.GrpcService (GrpcService.java:startImpl(149)) - b42a8068-78f2-4a05-8265-820ce4700af2: GrpcService started, listening on 0.0.0.0/0.0.0.0:35287
2019-07-13 19:32:18,288 INFO  ratis.XceiverServerRatis (XceiverServerRatis.java:start(428)) - XceiverServerRatis b42a8068-78f2-4a05-8265-820ce4700af2 is started using port 35287
2019-07-13 19:32:18,292 INFO  server.XceiverServerGrpc (XceiverServerGrpc.java:start(161)) - XceiverServerGrpc b42a8068-78f2-4a05-8265-820ce4700af2 is started using port 37077
2019-07-13 19:32:18,536 INFO  ozone.MiniOzoneClusterImpl (MiniOzoneClusterImpl.java:lambda$waitForClusterToBeReady$0(142)) - Waiting for cluster to be ready. Got 0 of 7 DN Heartbeats.
2019-07-13 19:32:18,553 INFO  ozoneimpl.OzoneContainer (OzoneContainer.java:start(186)) - Attempting to start container services.
2019-07-13 19:32:18,553 INFO  ozoneimpl.OzoneContainer (OzoneContainer.java:startContainerScrub(160)) - Background container scrubber has been disabled by hdds.containerscrub.enabled
2019-07-13 19:32:18,553 INFO  ratis.XceiverServerRatis (XceiverServerRatis.java:start(418)) - Starting XceiverServerRatis 6a622cb6-aa0a-4110-815f-c55b84b7c053 at port 0
2019-07-13 19:32:18,562 INFO  impl.RaftServerProxy (RaftServerProxy.java:lambda$start$3(299)) - 6a622cb6-aa0a-4110-815f-c55b84b7c053: start RPC server
2019-07-13 19:32:18,567 INFO  server.GrpcService (GrpcService.java:startImpl(149)) - 6a622cb6-aa0a-4110-815f-c55b84b7c053: GrpcService started, listening on 0.0.0.0/0.0.0.0:33175
2019-07-13 19:32:18,567 INFO  ratis.XceiverServerRatis (XceiverServerRatis.java:start(428)) - XceiverServerRatis 6a622cb6-aa0a-4110-815f-c55b84b7c053 is started using port 33175
2019-07-13 19:32:18,572 INFO  server.XceiverServerGrpc (XceiverServerGrpc.java:start(161)) - XceiverServerGrpc 6a622cb6-aa0a-4110-815f-c55b84b7c053 is started using port 40817
2019-07-13 19:32:19,179 INFO  net.NetworkTopology (NetworkTopologyImpl.java:add(110)) - Added a new node: /default-rack/192.168.69.122
2019-07-13 19:32:19,179 INFO  node.SCMNodeManager (SCMNodeManager.java:register(269)) - Registered Data node : b894dc87-0501-43a9-9424-ba963e066ea8{ip: 192.168.69.122, host: trunk-nightly-fxqsz-774976932, networkLocation: /default-rack, certSerialId: null}
2019-07-13 19:32:19,185 INFO  safemode.SCMSafeModeManager (DataNodeSafeModeRule.java:process(71)) - SCM in safe mode. 1 DataNodes registered, 1 required.
2019-07-13 19:32:19,185 INFO  safemode.SCMSafeModeManager (SCMSafeModeManager.java:validateSafeModeExitRules(177)) - ScmSafeModeManager, all rules are successfully validated
2019-07-13 19:32:19,185 INFO  safemode.SCMSafeModeManager (SCMSafeModeManager.java:exitSafeMode(193)) - SCM exiting safe mode.
2019-07-13 19:32:19,397 INFO  node.SCMNodeManager (SCMNodeManager.java:register(269)) - Registered Data node : 6ba6747b-0f54-43b2-b684-1c5a9bb5647b{ip: 192.168.69.122, host: trunk-nightly-fxqsz-774976932, networkLocation: /default-rack, certSerialId: null}
2019-07-13 19:32:19,538 INFO  ozone.MiniOzoneClusterImpl (MiniOzoneClusterImpl.java:lambda$waitForClusterToBeReady$0(142)) - Waiting for cluster to be ready. Got 2 of 7 DN Heartbeats.
2019-07-13 19:32:19,611 INFO  node.SCMNodeManager (SCMNodeManager.java:register(269)) - Registered Data node : 598db1d6-e3ad-489a-a8f2-4cf249dbda37{ip: 192.168.69.122, host: trunk-nightly-fxqsz-774976932, networkLocation: /default-rack, certSerialId: null}
2019-07-13 19:32:20,179 INFO  node.SCMNodeManager (SCMNodeManager.java:register(269)) - Registered Data node : 6b4b026a-3481-4b25-b58a-8b5d5ed83a0e{ip: 192.168.69.122, host: trunk-nightly-fxqsz-774976932, networkLocation: /default-rack, certSerialId: null}
2019-07-13 19:32:20,179 INFO  node.SCMNodeManager (SCMNodeManager.java:register(269)) - Registered Data node : 02963ba0-723d-4501-bddb-fc4cdc1a907f{ip: 192.168.69.122, host: trunk-nightly-fxqsz-774976932, networkLocation: /default-rack, certSerialId: null}
2019-07-13 19:32:20,205 INFO  impl.RaftServerProxy (RaftServerProxy.java:addNew(89)) - b894dc87-0501-43a9-9424-ba963e066ea8: addNew group-99C8DB78B4C4:[b894dc87-0501-43a9-9424-ba963e066ea8:192.168.69.122:44985] returns group-99C8DB78B4C4:java.util.concurrent.CompletableFuture@7fb383da[Not completed]
2019-07-13 19:32:20,224 INFO  impl.RaftServerImpl (RaftServerImpl.java:<init>(93)) - b894dc87-0501-43a9-9424-ba963e066ea8: new RaftServerImpl for group-99C8DB78B4C4:[b894dc87-0501-43a9-9424-ba963e066ea8:192.168.69.122:44985] with ContainerStateMachine:uninitialized
2019-07-13 19:32:20,226 INFO  server.RaftServerConfigKeys (ConfUtils.java:logGet(43)) - raft.server.rpc.timeout.min = 5s (custom)
2019-07-13 19:32:20,228 INFO  server.RaftServerConfigKeys (ConfUtils.java:logGet(43)) - raft.server.rpc.timeout.max = 5200ms (custom)
2019-07-13 19:32:20,228 INFO  server.RaftServerConfigKeys (ConfUtils.java:logGet(43)) - raft.server.rpcslowness.timeout = 120s (custom)
2019-07-13 19:32:20,229 INFO  server.RaftServerConfigKeys (ConfUtils.java:logGet(43)) - raft.server.sleep.deviation.threshold = 300 (default)
2019-07-13 19:32:20,230 INFO  server.RaftServerConfigKeys (ConfUtils.java:logGet(43)) - raft.server.log.appender.install.snapshot.enabled = false (custom)
2019-07-13 19:32:20,240 INFO  impl.RaftServerImpl (ServerState.java:<init>(105)) - b894dc87-0501-43a9-9424-ba963e066ea8:group-99C8DB78B4C4 ConfigurationManager, init=-1: [b894dc87-0501-43a9-9424-ba963e066ea8:192.168.69.122:44985], old=null, confs=<EMPTY_MAP>
2019-07-13 19:32:20,240 INFO  server.RaftServerConfigKeys (ConfUtils.java:logGet(43)) - raft.server.storage.dir = [/tmp/workdir/hadoop-ozone/integration-test/target/test-dir/MiniOzoneClusterImpl-85b7ea47-8fa8-4119-bf57-4a436a3dbd64/datanode-0/data/ratis] (custom)
2019-07-13 19:32:20,249 INFO  storage.RaftStorageDirectory (RaftStorageDirectory.java:analyzeStorage(246)) - The storage directory /tmp/workdir/hadoop-ozone/integration-test/target/test-dir/MiniOzoneClusterImpl-85b7ea47-8fa8-4119-bf57-4a436a3dbd64/datanode-0/data/ratis/e3ce1085-8279-4df4-84c0-99c8db78b4c4 does not exist. Creating ...
2019-07-13 19:32:20,260 INFO  node.SCMNodeManager (SCMNodeManager.java:register(269)) - Registered Data node : b42a8068-78f2-4a05-8265-820ce4700af2{ip: 192.168.69.122, host: trunk-nightly-fxqsz-774976932, networkLocation: /default-rack, certSerialId: null}
2019-07-13 19:32:20,268 INFO  storage.RaftStorageDirectory (RaftStorageDirectory.java:tryLock(328)) - Lock on /tmp/workdir/hadoop-ozone/integration-test/target/test-dir/MiniOzoneClusterImpl-85b7ea47-8fa8-4119-bf57-4a436a3dbd64/datanode-0/data/ratis/e3ce1085-8279-4df4-84c0-99c8db78b4c4/in_use.lock acquired by nodename 18559@trunk-nightly-fxqsz-774976932
2019-07-13 19:32:20,291 INFO  storage.RaftStorage (RaftStorage.java:format(72)) - Storage directory /tmp/workdir/hadoop-ozone/integration-test/target/test-dir/MiniOzoneClusterImpl-85b7ea47-8fa8-4119-bf57-4a436a3dbd64/datanode-0/data/ratis/e3ce1085-8279-4df4-84c0-99c8db78b4c4 has been successfully formatted.
2019-07-13 19:32:20,294 INFO  ratis.ContainerStateMachine (ContainerStateMachine.java:loadSnapshot(200)) - The snapshot info is null.Setting the last applied index to:(t:0, i:~)
2019-07-13 19:32:20,294 INFO  server.RaftServerConfigKeys (ConfUtils.java:logGet(43)) - raft.server.leader.election.timeout = 120s (custom)
2019-07-13 19:32:20,296 INFO  server.RaftServerConfigKeys (ConfUtils.java:logGet(43)) - raft.server.log.use.memory = false (default)
2019-07-13 19:32:20,302 INFO  server.RaftServerConfigKeys (ConfUtils.java:logGet(43)) - raft.server.log.purge.gap = 1000000000 (custom)
2019-07-13 19:32:20,303 INFO  server.RaftServerConfigKeys (ConfUtils.java:logGet(43)) - raft.server.log.appender.buffer.byte-limit = 33554432 (custom)
2019-07-13 19:32:20,305 INFO  server.RaftServerConfigKeys (ConfUtils.java:logGet(43)) - raft.server.log.segment.size.max = 1048576 (custom)
2019-07-13 19:32:20,310 INFO  server.RaftServerConfigKeys (ConfUtils.java:logGet(43)) - raft.server.log.segment.cache.num.max = 2 (custom)
2019-07-13 19:32:20,316 INFO  segmented.SegmentedRaftLogWorker (SegmentedRaftLogWorker.java:<init>(172)) - new b894dc87-0501-43a9-9424-ba963e066ea8-SegmentedRaftLogWorker:Storage Directory /tmp/workdir/hadoop-ozone/integration-test/target/test-dir/MiniOzoneClusterImpl-85b7ea47-8fa8-4119-bf57-4a436a3dbd64/datanode-0/data/ratis/e3ce1085-8279-4df4-84c0-99c8db78b4c4 for RaftStorage:Storage Directory /tmp/workdir/hadoop-ozone/integration-test/target/test-dir/MiniOzoneClusterImpl-85b7ea47-8fa8-4119-bf57-4a436a3dbd64/datanode-0/data/ratis/e3ce1085-8279-4df4-84c0-99c8db78b4c4
2019-07-13 19:32:20,329 INFO  server.RaftServerConfigKeys (ConfUtils.java:logGet(43)) - raft.server.log.queue.byte-limit = 2147483647 (custom)
2019-07-13 19:32:20,330 INFO  server.RaftServerConfigKeys (ConfUtils.java:logGet(43)) - raft.server.log.queue.element-limit = 1024 (custom)
2019-07-13 19:32:20,335 INFO  server.RaftServerConfigKeys (ConfUtils.java:logGet(43)) - raft.server.log.segment.size.max = 1048576 (custom)
2019-07-13 19:32:20,335 INFO  server.RaftServerConfigKeys (ConfUtils.java:logGet(43)) - raft.server.log.preallocated.size = 16384 (custom)
2019-07-13 19:32:20,336 INFO  server.RaftServerConfigKeys (ConfUtils.java:logGet(43)) - raft.server.log.write.buffer.size = 33554432 (custom)
2019-07-13 19:32:20,336 INFO  server.RaftServerConfigKeys (ConfUtils.java:logGet(43)) - raft.server.log.force.sync.num = 128 (default)
2019-07-13 19:32:20,337 INFO  server.RaftServerConfigKeys (ConfUtils.java:logGet(43)) - raft.server.log.statemachine.data.sync = true (default)
2019-07-13 19:32:20,337 INFO  server.RaftServerConfigKeys (ConfUtils.java:logGet(43)) - raft.server.log.statemachine.data.sync.timeout = 10s (default)
2019-07-13 19:32:20,338 INFO  server.RaftServerConfigKeys (ConfUtils.java:logGet(43)) - raft.server.log.statemachine.data.sync.timeout.retry = -1 (default)
2019-07-13 19:32:20,347 INFO  server.RaftServerConfigKeys (ConfUtils.java:logGet(43)) - raft.server.log.statemachine.data.caching.enabled = true (custom)
2019-07-13 19:32:20,352 INFO  segmented.SegmentedRaftLogWorker (SegmentedRaftLogWorker.java:lambda$new$0(132)) - b894dc87-0501-43a9-9424-ba963e066ea8-SegmentedRaftLogWorker:Storage Directory /tmp/workdir/hadoop-ozone/integration-test/target/test-dir/MiniOzoneClusterImpl-85b7ea47-8fa8-4119-bf57-4a436a3dbd64/datanode-0/data/ratis/e3ce1085-8279-4df4-84c0-99c8db78b4c4: flushIndex: setUnconditionally 0 -> -1
2019-07-13 19:32:20,356 INFO  server.RaftServerConfigKeys (ConfUtils.java:logGet(43)) - raft.server.snapshot.auto.trigger.enabled = true (custom)
2019-07-13 19:32:20,357 INFO  server.RaftServerConfigKeys (ConfUtils.java:logGet(43)) - raft.server.snapshot.auto.trigger.threshold = 10000 (custom)
2019-07-13 19:32:20,357 INFO  server.RaftServerConfigKeys (ConfUtils.java:logGet(43)) - raft.server.retrycache.expirytime = 600000ms (custom)
2019-07-13 19:32:20,378 INFO  impl.RaftServerImpl (RaftServerImpl.java:start(180)) - b894dc87-0501-43a9-9424-ba963e066ea8: start group-99C8DB78B4C4
2019-07-13 19:32:20,379 INFO  impl.RaftServerImpl (RaftServerImpl.java:setRole(171)) - b894dc87-0501-43a9-9424-ba963e066ea8:group-99C8DB78B4C4 changes role from null to FOLLOWER at term 0 for startAsFollower
2019-07-13 19:32:20,380 INFO  impl.RoleInfo (RoleInfo.java:updateAndGet(143)) - b894dc87-0501-43a9-9424-ba963e066ea8: start FollowerState
2019-07-13 19:32:20,381 INFO  util.JmxRegister (JmxRegister.java:tryRegister(44)) - Successfully registered JMX Bean with object name Ratis:service=RaftServer,group=group-99C8DB78B4C4,id=b894dc87-0501-43a9-9424-ba963e066ea8
2019-07-13 19:32:20,453 INFO  pipeline.PipelineStateManager (PipelineStateManager.java:addPipeline(56)) - Created pipeline Pipeline[ Id: e3ce1085-8279-4df4-84c0-99c8db78b4c4, Nodes: b894dc87-0501-43a9-9424-ba963e066ea8{ip: 192.168.69.122, host: trunk-nightly-fxqsz-774976932, networkLocation: /default-rack, certSerialId: null}, Type:RATIS, Factor:ONE, State:OPEN]
2019-07-13 19:32:20,484 INFO  impl.RaftServerProxy (RaftServerProxy.java:addNew(89)) - 598db1d6-e3ad-489a-a8f2-4cf249dbda37: addNew group-3C21AE87CA0B:[598db1d6-e3ad-489a-a8f2-4cf249dbda37:192.168.69.122:36028] returns group-3C21AE87CA0B:java.util.concurrent.CompletableFuture@7ca5a91a[Not completed]
2019-07-13 19:32:20,539 INFO  ozone.MiniOzoneClusterImpl (MiniOzoneClusterImpl.java:lambda$waitForClusterToBeReady$0(142)) - Waiting for cluster to be ready. Got 6 of 7 DN Heartbeats.
2019-07-13 19:32:20,539 INFO  impl.RaftServerImpl (RaftServerImpl.java:<init>(93)) - 598db1d6-e3ad-489a-a8f2-4cf249dbda37: new RaftServerImpl for group-3C21AE87CA0B:[598db1d6-e3ad-489a-a8f2-4cf249dbda37:192.168.69.122:36028] with ContainerStateMachine:uninitialized
2019-07-13 19:32:20,542 INFO  server.RaftServerConfigKeys (ConfUtils.java:logGet(43)) - raft.server.rpc.timeout.min = 5s (custom)
2019-07-13 19:32:20,542 INFO  server.RaftServerConfigKeys (ConfUtils.java:logGet(43)) - raft.server.rpc.timeout.max = 5200ms (custom)
2019-07-13 19:32:20,542 INFO  server.RaftServerConfigKeys (ConfUtils.java:logGet(43)) - raft.server.rpcslowness.timeout = 120s (custom)
2019-07-13 19:32:20,542 INFO  node.SCMNodeManager (SCMNodeManager.java:register(269)) - Registered Data node : 6a622cb6-aa0a-4110-815f-c55b84b7c053{ip: 192.168.69.122, host: trunk-nightly-fxqsz-774976932, networkLocation: /default-rack, certSerialId: null}
2019-07-13 19:32:20,542 INFO  server.RaftServerConfigKeys (ConfUtils.java:logGet(43)) - raft.server.sleep.deviation.threshold = 300 (default)
2019-07-13 19:32:20,543 INFO  server.RaftServerConfigKeys (ConfUtils.java:logGet(43)) - raft.server.log.appender.install.snapshot.enabled = false (custom)
2019-07-13 19:32:20,543 INFO  impl.RaftServerImpl (ServerState.java:<init>(105)) - 598db1d6-e3ad-489a-a8f2-4cf249dbda37:group-3C21AE87CA0B ConfigurationManager, init=-1: [598db1d6-e3ad-489a-a8f2-4cf249dbda37:192.168.69.122:36028], old=null, confs=<EMPTY_MAP>
2019-07-13 19:32:20,543 INFO  server.RaftServerConfigKeys (ConfUtils.java:logGet(43)) - raft.server.storage.dir = [/tmp/workdir/hadoop-ozone/integration-test/target/test-dir/MiniOzoneClusterImpl-85b7ea47-8fa8-4119-bf57-4a436a3dbd64/datanode-2/data/ratis] (custom)
2019-07-13 19:32:20,544 INFO  storage.RaftStorageDirectory (RaftStorageDirectory.java:analyzeStorage(246)) - The storage directory /tmp/workdir/hadoop-ozone/integration-test/target/test-dir/MiniOzoneClusterImpl-85b7ea47-8fa8-4119-bf57-4a436a3dbd64/datanode-2/data/ratis/cc9c6bde-2362-4fbf-bf62-3c21ae87ca0b does not exist. Creating ...
2019-07-13 19:32:20,558 INFO  storage.RaftStorageDirectory (RaftStorageDirectory.java:tryLock(328)) - Lock on /tmp/workdir/hadoop-ozone/integration-test/target/test-dir/MiniOzoneClusterImpl-85b7ea47-8fa8-4119-bf57-4a436a3dbd64/datanode-2/data/ratis/cc9c6bde-2362-4fbf-bf62-3c21ae87ca0b/in_use.lock acquired by nodename 18559@trunk-nightly-fxqsz-774976932
2019-07-13 19:32:20,578 INFO  storage.RaftStorage (RaftStorage.java:format(72)) - Storage directory /tmp/workdir/hadoop-ozone/integration-test/target/test-dir/MiniOzoneClusterImpl-85b7ea47-8fa8-4119-bf57-4a436a3dbd64/datanode-2/data/ratis/cc9c6bde-2362-4fbf-bf62-3c21ae87ca0b has been successfully formatted.
2019-07-13 19:32:20,580 INFO  ratis.ContainerStateMachine (ContainerStateMachine.java:loadSnapshot(200)) - The snapshot info is null.Setting the last applied index to:(t:0, i:~)
2019-07-13 19:32:20,582 INFO  server.RaftServerConfigKeys (ConfUtils.java:logGet(43)) - raft.server.leader.election.timeout = 120s (custom)
2019-07-13 19:32:20,582 INFO  server.RaftServerConfigKeys (ConfUtils.java:logGet(43)) - raft.server.log.use.memory = false (default)
2019-07-13 19:32:20,582 INFO  server.RaftServerConfigKeys (ConfUtils.java:logGet(43)) - raft.server.log.purge.gap = 1000000000 (custom)
2019-07-13 19:32:20,583 INFO  server.RaftServerConfigKeys (ConfUtils.java:logGet(43)) - raft.server.log.appender.buffer.byte-limit = 33554432 (custom)
2019-07-13 19:32:20,583 INFO  server.RaftServerConfigKeys (ConfUtils.java:logGet(43)) - raft.server.log.segment.size.max = 1048576 (custom)
2019-07-13 19:32:20,583 INFO  server.RaftServerConfigKeys (ConfUtils.java:logGet(43)) - raft.server.log.segment.cache.num.max = 2 (custom)
2019-07-13 19:32:20,583 INFO  segmented.SegmentedRaftLogWorker (SegmentedRaftLogWorker.java:<init>(172)) - new 598db1d6-e3ad-489a-a8f2-4cf249dbda37-SegmentedRaftLogWorker:Storage Directory /tmp/workdir/hadoop-ozone/integration-test/target/test-dir/MiniOzoneClusterImpl-85b7ea47-8fa8-4119-bf57-4a436a3dbd64/datanode-2/data/ratis/cc9c6bde-2362-4fbf-bf62-3c21ae87ca0b for RaftStorage:Storage Directory /tmp/workdir/hadoop-ozone/integration-test/target/test-dir/MiniOzoneClusterImpl-85b7ea47-8fa8-4119-bf57-4a436a3dbd64/datanode-2/data/ratis/cc9c6bde-2362-4fbf-bf62-3c21ae87ca0b
2019-07-13 19:32:20,585 INFO  server.RaftServerConfigKeys (ConfUtils.java:logGet(43)) - raft.server.log.queue.byte-limit = 2147483647 (custom)
2019-07-13 19:32:20,585 INFO  server.RaftServerConfigKeys (ConfUtils.java:logGet(43)) - raft.server.log.queue.element-limit = 1024 (custom)
2019-07-13 19:32:20,586 INFO  server.RaftServerConfigKeys (ConfUtils.java:logGet(43)) - raft.server.log.segment.size.max = 1048576 (custom)
2019-07-13 19:32:20,586 INFO  server.RaftServerConfigKeys (ConfUtils.java:logGet(43)) - raft.server.log.preallocated.size = 16384 (custom)
2019-07-13 19:32:20,586 INFO  server.RaftServerConfigKeys (ConfUtils.java:logGet(43)) - raft.server.log.write.buffer.size = 33554432 (custom)
2019-07-13 19:32:20,586 INFO  server.RaftServerConfigKeys (ConfUtils.java:logGet(43)) - raft.server.log.force.sync.num = 128 (default)
2019-07-13 19:32:20,587 INFO  server.RaftServerConfigKeys (ConfUtils.java:logGet(43)) - raft.server.log.statemachine.data.sync = true (default)
2019-07-13 19:32:20,587 INFO  server.RaftServerConfigKeys (ConfUtils.java:logGet(43)) - raft.server.log.statemachine.data.sync.timeout = 10s (default)
2019-07-13 19:32:20,587 INFO  server.RaftServerConfigKeys (ConfUtils.java:logGet(43)) - raft.server.log.statemachine.data.sync.timeout.retry = -1 (default)
2019-07-13 19:32:20,587 INFO  server.RaftServerConfigKeys (ConfUtils.java:logGet(43)) - raft.server.log.statemachine.data.caching.enabled = true (custom)
2019-07-13 19:32:20,588 INFO  segmented.SegmentedRaftLogWorker (SegmentedRaftLogWorker.java:lambda$new$0(132)) - 598db1d6-e3ad-489a-a8f2-4cf249dbda37-SegmentedRaftLogWorker:Storage Directory /tmp/workdir/hadoop-ozone/integration-test/target/test-dir/MiniOzoneClusterImpl-85b7ea47-8fa8-4119-bf57-4a436a3dbd64/datanode-2/data/ratis/cc9c6bde-2362-4fbf-bf62-3c21ae87ca0b: flushIndex: setUnconditionally 0 -> -1
2019-07-13 19:32:20,588 INFO  server.RaftServerConfigKeys (ConfUtils.java:logGet(43)) - raft.server.snapshot.auto.trigger.enabled = true (custom)
2019-07-13 19:32:20,588 INFO  server.RaftServerConfigKeys (ConfUtils.java:logGet(43)) - raft.server.snapshot.auto.trigger.threshold = 10000 (custom)
2019-07-13 19:32:20,589 INFO  server.RaftServerConfigKeys (ConfUtils.java:logGet(43)) - raft.server.retrycache.expirytime = 600000ms (custom)
2019-07-13 19:32:20,589 INFO  impl.RaftServerImpl (RaftServerImpl.java:start(180)) - 598db1d6-e3ad-489a-a8f2-4cf249dbda37: start group-3C21AE87CA0B
2019-07-13 19:32:20,589 INFO  impl.RaftServerImpl (RaftServerImpl.java:setRole(171)) - 598db1d6-e3ad-489a-a8f2-4cf249dbda37:group-3C21AE87CA0B changes role from null to FOLLOWER at term 0 for startAsFollower
2019-07-13 19:32:20,589 INFO  impl.RoleInfo (RoleInfo.java:updateAndGet(143)) - 598db1d6-e3ad-489a-a8f2-4cf249dbda37: start FollowerState
2019-07-13 19:32:20,592 INFO  util.JmxRegister (JmxRegister.java:tryRegister(44)) - Successfully registered JMX Bean with object name Ratis:service=RaftServer,group=group-3C21AE87CA0B,id=598db1d6-e3ad-489a-a8f2-4cf249dbda37
2019-07-13 19:32:20,607 INFO  pipeline.PipelineStateManager (PipelineStateManager.java:addPipeline(56)) - Created pipeline Pipeline[ Id: cc9c6bde-2362-4fbf-bf62-3c21ae87ca0b, Nodes: 598db1d6-e3ad-489a-a8f2-4cf249dbda37{ip: 192.168.69.122, host: trunk-nightly-fxqsz-774976932, networkLocation: /default-rack, certSerialId: null}, Type:RATIS, Factor:ONE, State:OPEN]
2019-07-13 19:32:20,636 INFO  impl.RaftServerProxy (RaftServerProxy.java:addNew(89)) - 6b4b026a-3481-4b25-b58a-8b5d5ed83a0e: addNew group-278C45418CE8:[6b4b026a-3481-4b25-b58a-8b5d5ed83a0e:192.168.69.122:41889] returns group-278C45418CE8:java.util.concurrent.CompletableFuture@791b0a37[Not completed]
2019-07-13 19:32:20,647 INFO  impl.RaftServerImpl (RaftServerImpl.java:<init>(93)) - 6b4b026a-3481-4b25-b58a-8b5d5ed83a0e: new RaftServerImpl for group-278C45418CE8:[6b4b026a-3481-4b25-b58a-8b5d5ed83a0e:192.168.69.122:41889] with ContainerStateMachine:uninitialized
2019-07-13 19:32:20,648 INFO  server.RaftServerConfigKeys (ConfUtils.java:logGet(43)) - raft.server.rpc.timeout.min = 5s (custom)
2019-07-13 19:32:20,648 INFO  server.RaftServerConfigKeys (ConfUtils.java:logGet(43)) - raft.server.rpc.timeout.max = 5200ms (custom)
2019-07-13 19:32:20,648 INFO  server.RaftServerConfigKeys (ConfUtils.java:logGet(43)) - raft.server.rpcslowness.timeout = 120s (custom)
2019-07-13 19:32:20,648 INFO  server.RaftServerConfigKeys (ConfUtils.java:logGet(43)) - raft.server.sleep.deviation.threshold = 300 (default)
2019-07-13 19:32:20,648 INFO  server.RaftServerConfigKeys (ConfUtils.java:logGet(43)) - raft.server.log.appender.install.snapshot.enabled = false (custom)
2019-07-13 19:32:20,649 INFO  impl.RaftServerImpl (ServerState.java:<init>(105)) - 6b4b026a-3481-4b25-b58a-8b5d5ed83a0e:group-278C45418CE8 ConfigurationManager, init=-1: [6b4b026a-3481-4b25-b58a-8b5d5ed83a0e:192.168.69.122:41889], old=null, confs=<EMPTY_MAP>
2019-07-13 19:32:20,649 INFO  server.RaftServerConfigKeys (ConfUtils.java:logGet(43)) - raft.server.storage.dir = [/tmp/workdir/hadoop-ozone/integration-test/target/test-dir/MiniOzoneClusterImpl-85b7ea47-8fa8-4119-bf57-4a436a3dbd64/datanode-4/data/ratis] (custom)
2019-07-13 19:32:20,649 INFO  storage.RaftStorageDirectory (RaftStorageDirectory.java:analyzeStorage(246)) - The storage directory /tmp/workdir/hadoop-ozone/integration-test/target/test-dir/MiniOzoneClusterImpl-85b7ea47-8fa8-4119-bf57-4a436a3dbd64/datanode-4/data/ratis/8541f2fd-9b90-4b47-8b9b-278c45418ce8 does not exist. Creating ...
2019-07-13 19:32:20,663 INFO  storage.RaftStorageDirectory (RaftStorageDirectory.java:tryLock(328)) - Lock on /tmp/workdir/hadoop-ozone/integration-test/target/test-dir/MiniOzoneClusterImpl-85b7ea47-8fa8-4119-bf57-4a436a3dbd64/datanode-4/data/ratis/8541f2fd-9b90-4b47-8b9b-278c45418ce8/in_use.lock acquired by nodename 18559@trunk-nightly-fxqsz-774976932
2019-07-13 19:32:20,676 INFO  storage.RaftStorage (RaftStorage.java:format(72)) - Storage directory /tmp/workdir/hadoop-ozone/integration-test/target/test-dir/MiniOzoneClusterImpl-85b7ea47-8fa8-4119-bf57-4a436a3dbd64/datanode-4/data/ratis/8541f2fd-9b90-4b47-8b9b-278c45418ce8 has been successfully formatted.
2019-07-13 19:32:20,676 INFO  ratis.ContainerStateMachine (ContainerStateMachine.java:loadSnapshot(200)) - The snapshot info is null.Setting the last applied index to:(t:0, i:~)
2019-07-13 19:32:20,676 INFO  server.RaftServerConfigKeys (ConfUtils.java:logGet(43)) - raft.server.leader.election.timeout = 120s (custom)
2019-07-13 19:32:20,677 INFO  server.RaftServerConfigKeys (ConfUtils.java:logGet(43)) - raft.server.log.use.memory = false (default)
2019-07-13 19:32:20,677 INFO  server.RaftServerConfigKeys (ConfUtils.java:logGet(43)) - raft.server.log.purge.gap = 1000000000 (custom)
2019-07-13 19:32:20,677 INFO  server.RaftServerConfigKeys (ConfUtils.java:logGet(43)) - raft.server.log.appender.buffer.byte-limit = 33554432 (custom)
2019-07-13 19:32:20,677 INFO  server.RaftServerConfigKeys (ConfUtils.java:logGet(43)) - raft.server.log.segment.size.max = 1048576 (custom)
2019-07-13 19:32:20,677 INFO  server.RaftServerConfigKeys (ConfUtils.java:logGet(43)) - raft.server.log.segment.cache.num.max = 2 (custom)
2019-07-13 19:32:20,677 INFO  segmented.SegmentedRaftLogWorker (SegmentedRaftLogWorker.java:<init>(172)) - new 6b4b026a-3481-4b25-b58a-8b5d5ed83a0e-SegmentedRaftLogWorker:Storage Directory /tmp/workdir/hadoop-ozone/integration-test/target/test-dir/MiniOzoneClusterImpl-85b7ea47-8fa8-4119-bf57-4a436a3dbd64/datanode-4/data/ratis/8541f2fd-9b90-4b47-8b9b-278c45418ce8 for RaftStorage:Storage Directory /tmp/workdir/hadoop-ozone/integration-test/target/test-dir/MiniOzoneClusterImpl-85b7ea47-8fa8-4119-bf57-4a436a3dbd64/datanode-4/data/ratis/8541f2fd-9b90-4b47-8b9b-278c45418ce8
2019-07-13 19:32:20,678 INFO  server.RaftServerConfigKeys (ConfUtils.java:logGet(43)) - raft.server.log.queue.byte-limit = 2147483647 (custom)
2019-07-13 19:32:20,678 INFO  server.RaftServerConfigKeys (ConfUtils.java:logGet(43)) - raft.server.log.queue.element-limit = 1024 (custom)
2019-07-13 19:32:20,678 INFO  server.RaftServerConfigKeys (ConfUtils.java:logGet(43)) - raft.server.log.segment.size.max = 1048576 (custom)
2019-07-13 19:32:20,678 INFO  server.RaftServerConfigKeys (ConfUtils.java:logGet(43)) - raft.server.log.preallocated.size = 16384 (custom)
2019-07-13 19:32:20,678 INFO  server.RaftServerConfigKeys (ConfUtils.java:logGet(43)) - raft.server.log.write.buffer.size = 33554432 (custom)
2019-07-13 19:32:20,678 INFO  server.RaftServerConfigKeys (ConfUtils.java:logGet(43)) - raft.server.log.force.sync.num = 128 (default)
2019-07-13 19:32:20,679 INFO  server.RaftServerConfigKeys (ConfUtils.java:logGet(43)) - raft.server.log.statemachine.data.sync = true (default)
2019-07-13 19:32:20,679 INFO  server.RaftServerConfigKeys (ConfUtils.java:logGet(43)) - raft.server.log.statemachine.data.sync.timeout = 10s (default)
2019-07-13 19:32:20,679 INFO  server.RaftServerConfigKeys (ConfUtils.java:logGet(43)) - raft.server.log.statemachine.data.sync.timeout.retry = -1 (default)
2019-07-13 19:32:20,679 INFO  server.RaftServerConfigKeys (ConfUtils.java:logGet(43)) - raft.server.log.statemachine.data.caching.enabled = true (custom)
2019-07-13 19:32:20,680 INFO  segmented.SegmentedRaftLogWorker (SegmentedRaftLogWorker.java:lambda$new$0(132)) - 6b4b026a-3481-4b25-b58a-8b5d5ed83a0e-SegmentedRaftLogWorker:Storage Directory /tmp/workdir/hadoop-ozone/integration-test/target/test-dir/MiniOzoneClusterImpl-85b7ea47-8fa8-4119-bf57-4a436a3dbd64/datanode-4/data/ratis/8541f2fd-9b90-4b47-8b9b-278c45418ce8: flushIndex: setUnconditionally 0 -> -1
2019-07-13 19:32:20,680 INFO  server.RaftServerConfigKeys (ConfUtils.java:logGet(43)) - raft.server.snapshot.auto.trigger.enabled = true (custom)
2019-07-13 19:32:20,680 INFO  server.RaftServerConfigKeys (ConfUtils.java:logGet(43)) - raft.server.snapshot.auto.trigger.threshold = 10000 (custom)
2019-07-13 19:32:20,680 INFO  server.RaftServerConfigKeys (ConfUtils.java:logGet(43)) - raft.server.retrycache.expirytime = 600000ms (custom)
2019-07-13 19:32:20,681 INFO  impl.RaftServerImpl (RaftServerImpl.java:start(180)) - 6b4b026a-3481-4b25-b58a-8b5d5ed83a0e: start group-278C45418CE8
2019-07-13 19:32:20,681 INFO  impl.RaftServerImpl (RaftServerImpl.java:setRole(171)) - 6b4b026a-3481-4b25-b58a-8b5d5ed83a0e:group-278C45418CE8 changes role from null to FOLLOWER at term 0 for startAsFollower
2019-07-13 19:32:20,681 INFO  impl.RoleInfo (RoleInfo.java:updateAndGet(143)) - 6b4b026a-3481-4b25-b58a-8b5d5ed83a0e: start FollowerState
2019-07-13 19:32:20,681 INFO  util.JmxRegister (JmxRegister.java:tryRegister(44)) - Successfully registered JMX Bean with object name Ratis:service=RaftServer,group=group-278C45418CE8,id=6b4b026a-3481-4b25-b58a-8b5d5ed83a0e
2019-07-13 19:32:20,698 INFO  pipeline.PipelineStateManager (PipelineStateManager.java:addPipeline(56)) - Created pipeline Pipeline[ Id: 8541f2fd-9b90-4b47-8b9b-278c45418ce8, Nodes: 6b4b026a-3481-4b25-b58a-8b5d5ed83a0e{ip: 192.168.69.122, host: trunk-nightly-fxqsz-774976932, networkLocation: /default-rack, certSerialId: null}, Type:RATIS, Factor:ONE, State:OPEN]
2019-07-13 19:32:20,725 INFO  impl.RaftServerProxy (RaftServerProxy.java:addNew(89)) - 02963ba0-723d-4501-bddb-fc4cdc1a907f: addNew group-4074B9C2D706:[02963ba0-723d-4501-bddb-fc4cdc1a907f:192.168.69.122:43470] returns group-4074B9C2D706:java.util.concurrent.CompletableFuture@d5c5c8b[Not completed]
2019-07-13 19:32:20,727 INFO  impl.RaftServerImpl (RaftServerImpl.java:<init>(93)) - 02963ba0-723d-4501-bddb-fc4cdc1a907f: new RaftServerImpl for group-4074B9C2D706:[02963ba0-723d-4501-bddb-fc4cdc1a907f:192.168.69.122:43470] with ContainerStateMachine:uninitialized
2019-07-13 19:32:20,727 INFO  server.RaftServerConfigKeys (ConfUtils.java:logGet(43)) - raft.server.rpc.timeout.min = 5s (custom)
2019-07-13 19:32:20,727 INFO  server.RaftServerConfigKeys (ConfUtils.java:logGet(43)) - raft.server.rpc.timeout.max = 5200ms (custom)
2019-07-13 19:32:20,727 INFO  server.RaftServerConfigKeys (ConfUtils.java:logGet(43)) - raft.server.rpcslowness.timeout = 120s (custom)
2019-07-13 19:32:20,727 INFO  server.RaftServerConfigKeys (ConfUtils.java:logGet(43)) - raft.server.sleep.deviation.threshold = 300 (default)
2019-07-13 19:32:20,728 INFO  server.RaftServerConfigKeys (ConfUtils.java:logGet(43)) - raft.server.log.appender.install.snapshot.enabled = false (custom)
2019-07-13 19:32:20,728 INFO  impl.RaftServerImpl (ServerState.java:<init>(105)) - 02963ba0-723d-4501-bddb-fc4cdc1a907f:group-4074B9C2D706 ConfigurationManager, init=-1: [02963ba0-723d-4501-bddb-fc4cdc1a907f:192.168.69.122:43470], old=null, confs=<EMPTY_MAP>
2019-07-13 19:32:20,728 INFO  server.RaftServerConfigKeys (ConfUtils.java:logGet(43)) - raft.server.storage.dir = [/tmp/workdir/hadoop-ozone/integration-test/target/test-dir/MiniOzoneClusterImpl-85b7ea47-8fa8-4119-bf57-4a436a3dbd64/datanode-3/data/ratis] (custom)
2019-07-13 19:32:20,729 INFO  storage.RaftStorageDirectory (RaftStorageDirectory.java:analyzeStorage(246)) - The storage directory /tmp/workdir/hadoop-ozone/integration-test/target/test-dir/MiniOzoneClusterImpl-85b7ea47-8fa8-4119-bf57-4a436a3dbd64/datanode-3/data/ratis/f27fc27b-a5bc-4b73-aba6-4074b9c2d706 does not exist. Creating ...
2019-07-13 19:32:20,742 INFO  storage.RaftStorageDirectory (RaftStorageDirectory.java:tryLock(328)) - Lock on /tmp/workdir/hadoop-ozone/integration-test/target/test-dir/MiniOzoneClusterImpl-85b7ea47-8fa8-4119-bf57-4a436a3dbd64/datanode-3/data/ratis/f27fc27b-a5bc-4b73-aba6-4074b9c2d706/in_use.lock acquired by nodename 18559@trunk-nightly-fxqsz-774976932
2019-07-13 19:32:20,755 INFO  storage.RaftStorage (RaftStorage.java:format(72)) - Storage directory /tmp/workdir/hadoop-ozone/integration-test/target/test-dir/MiniOzoneClusterImpl-85b7ea47-8fa8-4119-bf57-4a436a3dbd64/datanode-3/data/ratis/f27fc27b-a5bc-4b73-aba6-4074b9c2d706 has been successfully formatted.
2019-07-13 19:32:20,755 INFO  ratis.ContainerStateMachine (ContainerStateMachine.java:loadSnapshot(200)) - The snapshot info is null.Setting the last applied index to:(t:0, i:~)
2019-07-13 19:32:20,755 INFO  server.RaftServerConfigKeys (ConfUtils.java:logGet(43)) - raft.server.leader.election.timeout = 120s (custom)
2019-07-13 19:32:20,755 INFO  server.RaftServerConfigKeys (ConfUtils.java:logGet(43)) - raft.server.log.use.memory = false (default)
2019-07-13 19:32:20,756 INFO  server.RaftServerConfigKeys (ConfUtils.java:logGet(43)) - raft.server.log.purge.gap = 1000000000 (custom)
2019-07-13 19:32:20,756 INFO  server.RaftServerConfigKeys (ConfUtils.java:logGet(43)) - raft.server.log.appender.buffer.byte-limit = 33554432 (custom)
2019-07-13 19:32:20,756 INFO  server.RaftServerConfigKeys (ConfUtils.java:logGet(43)) - raft.server.log.segment.size.max = 1048576 (custom)
2019-07-13 19:32:20,756 INFO  server.RaftServerConfigKeys (ConfUtils.java:logGet(43)) - raft.server.log.segment.cache.num.max = 2 (custom)
2019-07-13 19:32:20,756 INFO  segmented.SegmentedRaftLogWorker (SegmentedRaftLogWorker.java:<init>(172)) - new 02963ba0-723d-4501-bddb-fc4cdc1a907f-SegmentedRaftLogWorker:Storage Directory /tmp/workdir/hadoop-ozone/integration-test/target/test-dir/MiniOzoneClusterImpl-85b7ea47-8fa8-4119-bf57-4a436a3dbd64/datanode-3/data/ratis/f27fc27b-a5bc-4b73-aba6-4074b9c2d706 for RaftStorage:Storage Directory /tmp/workdir/hadoop-ozone/integration-test/target/test-dir/MiniOzoneClusterImpl-85b7ea47-8fa8-4119-bf57-4a436a3dbd64/datanode-3/data/ratis/f27fc27b-a5bc-4b73-aba6-4074b9c2d706
2019-07-13 19:32:20,756 INFO  server.RaftServerConfigKeys (ConfUtils.java:logGet(43)) - raft.server.log.queue.byte-limit = 2147483647 (custom)
2019-07-13 19:32:20,757 INFO  server.RaftServerConfigKeys (ConfUtils.java:logGet(43)) - raft.server.log.queue.element-limit = 1024 (custom)
2019-07-13 19:32:20,757 INFO  server.RaftServerConfigKeys (ConfUtils.java:logGet(43)) - raft.server.log.segment.size.max = 1048576 (custom)
2019-07-13 19:32:20,757 INFO  server.RaftServerConfigKeys (ConfUtils.java:logGet(43)) - raft.server.log.preallocated.size = 16384 (custom)
2019-07-13 19:32:20,757 INFO  server.RaftServerConfigKeys (ConfUtils.java:logGet(43)) - raft.server.log.write.buffer.size = 33554432 (custom)
2019-07-13 19:32:20,757 INFO  server.RaftServerConfigKeys (ConfUtils.java:logGet(43)) - raft.server.log.force.sync.num = 128 (default)
2019-07-13 19:32:20,758 INFO  server.RaftServerConfigKeys (ConfUtils.java:logGet(43)) - raft.server.log.statemachine.data.sync = true (default)
2019-07-13 19:32:20,758 INFO  server.RaftServerConfigKeys (ConfUtils.java:logGet(43)) - raft.server.log.statemachine.data.sync.timeout = 10s (default)
2019-07-13 19:32:20,758 INFO  server.RaftServerConfigKeys (ConfUtils.java:logGet(43)) - raft.server.log.statemachine.data.sync.timeout.retry = -1 (default)
2019-07-13 19:32:20,758 INFO  server.RaftServerConfigKeys (ConfUtils.java:logGet(43)) - raft.server.log.statemachine.data.caching.enabled = true (custom)
2019-07-13 19:32:20,759 INFO  segmented.SegmentedRaftLogWorker (SegmentedRaftLogWorker.java:lambda$new$0(132)) - 02963ba0-723d-4501-bddb-fc4cdc1a907f-SegmentedRaftLogWorker:Storage Directory /tmp/workdir/hadoop-ozone/integration-test/target/test-dir/MiniOzoneClusterImpl-85b7ea47-8fa8-4119-bf57-4a436a3dbd64/datanode-3/data/ratis/f27fc27b-a5bc-4b73-aba6-4074b9c2d706: flushIndex: setUnconditionally 0 -> -1
2019-07-13 19:32:20,759 INFO  server.RaftServerConfigKeys (ConfUtils.java:logGet(43)) - raft.server.snapshot.auto.trigger.enabled = true (custom)
2019-07-13 19:32:20,759 INFO  server.RaftServerConfigKeys (ConfUtils.java:logGet(43)) - raft.server.snapshot.auto.trigger.threshold = 10000 (custom)
2019-07-13 19:32:20,760 INFO  server.RaftServerConfigKeys (ConfUtils.java:logGet(43)) - raft.server.retrycache.expirytime = 600000ms (custom)
2019-07-13 19:32:20,760 INFO  impl.RaftServerImpl (RaftServerImpl.java:start(180)) - 02963ba0-723d-4501-bddb-fc4cdc1a907f: start group-4074B9C2D706
2019-07-13 19:32:20,760 INFO  impl.RaftServerImpl (RaftServerImpl.java:setRole(171)) - 02963ba0-723d-4501-bddb-fc4cdc1a907f:group-4074B9C2D706 changes role from null to FOLLOWER at term 0 for startAsFollower
2019-07-13 19:32:20,760 INFO  impl.RoleInfo (RoleInfo.java:updateAndGet(143)) - 02963ba0-723d-4501-bddb-fc4cdc1a907f: start FollowerState
2019-07-13 19:32:20,761 INFO  util.JmxRegister (JmxRegister.java:tryRegister(44)) - Successfully registered JMX Bean with object name Ratis:service=RaftServer,group=group-4074B9C2D706,id=02963ba0-723d-4501-bddb-fc4cdc1a907f
2019-07-13 19:32:20,775 INFO  pipeline.PipelineStateManager (PipelineStateManager.java:addPipeline(56)) - Created pipeline Pipeline[ Id: f27fc27b-a5bc-4b73-aba6-4074b9c2d706, Nodes: 02963ba0-723d-4501-bddb-fc4cdc1a907f{ip: 192.168.69.122, host: trunk-nightly-fxqsz-774976932, networkLocation: /default-rack, certSerialId: null}, Type:RATIS, Factor:ONE, State:OPEN]
2019-07-13 19:32:20,802 INFO  impl.RaftServerProxy (RaftServerProxy.java:addNew(89)) - 6ba6747b-0f54-43b2-b684-1c5a9bb5647b: addNew group-CD9EA04915E0:[6ba6747b-0f54-43b2-b684-1c5a9bb5647b:192.168.69.122:37531] returns group-CD9EA04915E0:java.util.concurrent.CompletableFuture@341bd53f[Not completed]
2019-07-13 19:32:20,803 INFO  impl.RaftServerImpl (RaftServerImpl.java:<init>(93)) - 6ba6747b-0f54-43b2-b684-1c5a9bb5647b: new RaftServerImpl for group-CD9EA04915E0:[6ba6747b-0f54-43b2-b684-1c5a9bb5647b:192.168.69.122:37531] with ContainerStateMachine:uninitialized
2019-07-13 19:32:20,803 INFO  server.RaftServerConfigKeys (ConfUtils.java:logGet(43)) - raft.server.rpc.timeout.min = 5s (custom)
2019-07-13 19:32:20,803 INFO  server.RaftServerConfigKeys (ConfUtils.java:logGet(43)) - raft.server.rpc.timeout.max = 5200ms (custom)
2019-07-13 19:32:20,804 INFO  server.RaftServerConfigKeys (ConfUtils.java:logGet(43)) - raft.server.rpcslowness.timeout = 120s (custom)
2019-07-13 19:32:20,804 INFO  server.RaftServerConfigKeys (ConfUtils.java:logGet(43)) - raft.server.sleep.deviation.threshold = 300 (default)
2019-07-13 19:32:20,804 INFO  server.RaftServerConfigKeys (ConfUtils.java:logGet(43)) - raft.server.log.appender.install.snapshot.enabled = false (custom)
2019-07-13 19:32:20,804 INFO  impl.RaftServerImpl (ServerState.java:<init>(105)) - 6ba6747b-0f54-43b2-b684-1c5a9bb5647b:group-CD9EA04915E0 ConfigurationManager, init=-1: [6ba6747b-0f54-43b2-b684-1c5a9bb5647b:192.168.69.122:37531], old=null, confs=<EMPTY_MAP>
2019-07-13 19:32:20,804 INFO  server.RaftServerConfigKeys (ConfUtils.java:logGet(43)) - raft.server.storage.dir = [/tmp/workdir/hadoop-ozone/integration-test/target/test-dir/MiniOzoneClusterImpl-85b7ea47-8fa8-4119-bf57-4a436a3dbd64/datanode-1/data/ratis] (custom)
2019-07-13 19:32:20,805 INFO  storage.RaftStorageDirectory (RaftStorageDirectory.java:analyzeStorage(246)) - The storage directory /tmp/workdir/hadoop-ozone/integration-test/target/test-dir/MiniOzoneClusterImpl-85b7ea47-8fa8-4119-bf57-4a436a3dbd64/datanode-1/data/ratis/2766ba82-0d9d-4e6b-8c69-cd9ea04915e0 does not exist. Creating ...
2019-07-13 19:32:20,817 INFO  storage.RaftStorageDirectory (RaftStorageDirectory.java:tryLock(328)) - Lock on /tmp/workdir/hadoop-ozone/integration-test/target/test-dir/MiniOzoneClusterImpl-85b7ea47-8fa8-4119-bf57-4a436a3dbd64/datanode-1/data/ratis/2766ba82-0d9d-4e6b-8c69-cd9ea04915e0/in_use.lock acquired by nodename 18559@trunk-nightly-fxqsz-774976932
2019-07-13 19:32:20,831 INFO  storage.RaftStorage (RaftStorage.java:format(72)) - Storage directory /tmp/workdir/hadoop-ozone/integration-test/target/test-dir/MiniOzoneClusterImpl-85b7ea47-8fa8-4119-bf57-4a436a3dbd64/datanode-1/data/ratis/2766ba82-0d9d-4e6b-8c69-cd9ea04915e0 has been successfully formatted.
2019-07-13 19:32:20,831 INFO  ratis.ContainerStateMachine (ContainerStateMachine.java:loadSnapshot(200)) - The snapshot info is null.Setting the last applied index to:(t:0, i:~)
2019-07-13 19:32:20,831 INFO  server.RaftServerConfigKeys (ConfUtils.java:logGet(43)) - raft.server.leader.election.timeout = 120s (custom)
2019-07-13 19:32:20,831 INFO  server.RaftServerConfigKeys (ConfUtils.java:logGet(43)) - raft.server.log.use.memory = false (default)
2019-07-13 19:32:20,832 INFO  server.RaftServerConfigKeys (ConfUtils.java:logGet(43)) - raft.server.log.purge.gap = 1000000000 (custom)
2019-07-13 19:32:20,832 INFO  server.RaftServerConfigKeys (ConfUtils.java:logGet(43)) - raft.server.log.appender.buffer.byte-limit = 33554432 (custom)
2019-07-13 19:32:20,832 INFO  server.RaftServerConfigKeys (ConfUtils.java:logGet(43)) - raft.server.log.segment.size.max = 1048576 (custom)
2019-07-13 19:32:20,832 INFO  server.RaftServerConfigKeys (ConfUtils.java:logGet(43)) - raft.server.log.segment.cache.num.max = 2 (custom)
2019-07-13 19:32:20,832 INFO  segmented.SegmentedRaftLogWorker (SegmentedRaftLogWorker.java:<init>(172)) - new 6ba6747b-0f54-43b2-b684-1c5a9bb5647b-SegmentedRaftLogWorker:Storage Directory /tmp/workdir/hadoop-ozone/integration-test/target/test-dir/MiniOzoneClusterImpl-85b7ea47-8fa8-4119-bf57-4a436a3dbd64/datanode-1/data/ratis/2766ba82-0d9d-4e6b-8c69-cd9ea04915e0 for RaftStorage:Storage Directory /tmp/workdir/hadoop-ozone/integration-test/target/test-dir/MiniOzoneClusterImpl-85b7ea47-8fa8-4119-bf57-4a436a3dbd64/datanode-1/data/ratis/2766ba82-0d9d-4e6b-8c69-cd9ea04915e0
2019-07-13 19:32:20,832 INFO  server.RaftServerConfigKeys (ConfUtils.java:logGet(43)) - raft.server.log.queue.byte-limit = 2147483647 (custom)
2019-07-13 19:32:20,833 INFO  server.RaftServerConfigKeys (ConfUtils.java:logGet(43)) - raft.server.log.queue.element-limit = 1024 (custom)
2019-07-13 19:32:20,833 INFO  server.RaftServerConfigKeys (ConfUtils.java:logGet(43)) - raft.server.log.segment.size.max = 1048576 (custom)
2019-07-13 19:32:20,833 INFO  server.RaftServerConfigKeys (ConfUtils.java:logGet(43)) - raft.server.log.preallocated.size = 16384 (custom)
2019-07-13 19:32:20,833 INFO  server.RaftServerConfigKeys (ConfUtils.java:logGet(43)) - raft.server.log.write.buffer.size = 33554432 (custom)
2019-07-13 19:32:20,833 INFO  server.RaftServerConfigKeys (ConfUtils.java:logGet(43)) - raft.server.log.force.sync.num = 128 (default)
2019-07-13 19:32:20,834 INFO  server.RaftServerConfigKeys (ConfUtils.java:logGet(43)) - raft.server.log.statemachine.data.sync = true (default)
2019-07-13 19:32:20,834 INFO  server.RaftServerConfigKeys (ConfUtils.java:logGet(43)) - raft.server.log.statemachine.data.sync.timeout = 10s (default)
2019-07-13 19:32:20,834 INFO  server.RaftServerConfigKeys (ConfUtils.java:logGet(43)) - raft.server.log.statemachine.data.sync.timeout.retry = -1 (default)
2019-07-13 19:32:20,834 INFO  server.RaftServerConfigKeys (ConfUtils.java:logGet(43)) - raft.server.log.statemachine.data.caching.enabled = true (custom)
2019-07-13 19:32:20,835 INFO  segmented.SegmentedRaftLogWorker (SegmentedRaftLogWorker.java:lambda$new$0(132)) - 6ba6747b-0f54-43b2-b684-1c5a9bb5647b-SegmentedRaftLogWorker:Storage Directory /tmp/workdir/hadoop-ozone/integration-test/target/test-dir/MiniOzoneClusterImpl-85b7ea47-8fa8-4119-bf57-4a436a3dbd64/datanode-1/data/ratis/2766ba82-0d9d-4e6b-8c69-cd9ea04915e0: flushIndex: setUnconditionally 0 -> -1
2019-07-13 19:32:20,835 INFO  server.RaftServerConfigKeys (ConfUtils.java:logGet(43)) - raft.server.snapshot.auto.trigger.enabled = true (custom)
2019-07-13 19:32:20,835 INFO  server.RaftServerConfigKeys (ConfUtils.java:logGet(43)) - raft.server.snapshot.auto.trigger.threshold = 10000 (custom)
2019-07-13 19:32:20,835 INFO  server.RaftServerConfigKeys (ConfUtils.java:logGet(43)) - raft.server.retrycache.expirytime = 600000ms (custom)
2019-07-13 19:32:20,836 INFO  impl.RaftServerImpl (RaftServerImpl.java:start(180)) - 6ba6747b-0f54-43b2-b684-1c5a9bb5647b: start group-CD9EA04915E0
2019-07-13 19:32:20,836 INFO  impl.RaftServerImpl (RaftServerImpl.java:setRole(171)) - 6ba6747b-0f54-43b2-b684-1c5a9bb5647b:group-CD9EA04915E0 changes role from null to FOLLOWER at term 0 for startAsFollower
2019-07-13 19:32:20,836 INFO  impl.RoleInfo (RoleInfo.java:updateAndGet(143)) - 6ba6747b-0f54-43b2-b684-1c5a9bb5647b: start FollowerState
2019-07-13 19:32:20,836 INFO  util.JmxRegister (JmxRegister.java:tryRegister(44)) - Successfully registered JMX Bean with object name Ratis:service=RaftServer,group=group-CD9EA04915E0,id=6ba6747b-0f54-43b2-b684-1c5a9bb5647b
2019-07-13 19:32:20,851 INFO  pipeline.PipelineStateManager (PipelineStateManager.java:addPipeline(56)) - Created pipeline Pipeline[ Id: 2766ba82-0d9d-4e6b-8c69-cd9ea04915e0, Nodes: 6ba6747b-0f54-43b2-b684-1c5a9bb5647b{ip: 192.168.69.122, host: trunk-nightly-fxqsz-774976932, networkLocation: /default-rack, certSerialId: null}, Type:RATIS, Factor:ONE, State:OPEN]
2019-07-13 19:32:20,877 INFO  impl.RaftServerProxy (RaftServerProxy.java:addNew(89)) - b42a8068-78f2-4a05-8265-820ce4700af2: addNew group-8B6ECDA330B8:[b42a8068-78f2-4a05-8265-820ce4700af2:192.168.69.122:35287] returns group-8B6ECDA330B8:java.util.concurrent.CompletableFuture@ba2830a[Not completed]
2019-07-13 19:32:20,878 INFO  impl.RaftServerImpl (RaftServerImpl.java:<init>(93)) - b42a8068-78f2-4a05-8265-820ce4700af2: new RaftServerImpl for group-8B6ECDA330B8:[b42a8068-78f2-4a05-8265-820ce4700af2:192.168.69.122:35287] with ContainerStateMachine:uninitialized
2019-07-13 19:32:20,878 INFO  server.RaftServerConfigKeys (ConfUtils.java:logGet(43)) - raft.server.rpc.timeout.min = 5s (custom)
2019-07-13 19:32:20,878 INFO  server.RaftServerConfigKeys (ConfUtils.java:logGet(43)) - raft.server.rpc.timeout.max = 5200ms (custom)
2019-07-13 19:32:20,879 INFO  server.RaftServerConfigKeys (ConfUtils.java:logGet(43)) - raft.server.rpcslowness.timeout = 120s (custom)
2019-07-13 19:32:20,879 INFO  server.RaftServerConfigKeys (ConfUtils.java:logGet(43)) - raft.server.sleep.deviation.threshold = 300 (default)
2019-07-13 19:32:20,879 INFO  server.RaftServerConfigKeys (ConfUtils.java:logGet(43)) - raft.server.log.appender.install.snapshot.enabled = false (custom)
2019-07-13 19:32:20,879 INFO  impl.RaftServerImpl (ServerState.java:<init>(105)) - b42a8068-78f2-4a05-8265-820ce4700af2:group-8B6ECDA330B8 ConfigurationManager, init=-1: [b42a8068-78f2-4a05-8265-820ce4700af2:192.168.69.122:35287], old=null, confs=<EMPTY_MAP>
2019-07-13 19:32:20,879 INFO  server.RaftServerConfigKeys (ConfUtils.java:logGet(43)) - raft.server.storage.dir = [/tmp/workdir/hadoop-ozone/integration-test/target/test-dir/MiniOzoneClusterImpl-85b7ea47-8fa8-4119-bf57-4a436a3dbd64/datanode-5/data/ratis] (custom)
2019-07-13 19:32:20,880 INFO  storage.RaftStorageDirectory (RaftStorageDirectory.java:analyzeStorage(246)) - The storage directory /tmp/workdir/hadoop-ozone/integration-test/target/test-dir/MiniOzoneClusterImpl-85b7ea47-8fa8-4119-bf57-4a436a3dbd64/datanode-5/data/ratis/b7750a00-4b87-46e9-a54b-8b6ecda330b8 does not exist. Creating ...
2019-07-13 19:32:20,892 INFO  storage.RaftStorageDirectory (RaftStorageDirectory.java:tryLock(328)) - Lock on /tmp/workdir/hadoop-ozone/integration-test/target/test-dir/MiniOzoneClusterImpl-85b7ea47-8fa8-4119-bf57-4a436a3dbd64/datanode-5/data/ratis/b7750a00-4b87-46e9-a54b-8b6ecda330b8/in_use.lock acquired by nodename 18559@trunk-nightly-fxqsz-774976932
2019-07-13 19:32:20,905 INFO  storage.RaftStorage (RaftStorage.java:format(72)) - Storage directory /tmp/workdir/hadoop-ozone/integration-test/target/test-dir/MiniOzoneClusterImpl-85b7ea47-8fa8-4119-bf57-4a436a3dbd64/datanode-5/data/ratis/b7750a00-4b87-46e9-a54b-8b6ecda330b8 has been successfully formatted.
2019-07-13 19:32:20,905 INFO  ratis.ContainerStateMachine (ContainerStateMachine.java:loadSnapshot(200)) - The snapshot info is null.Setting the last applied index to:(t:0, i:~)
2019-07-13 19:32:20,905 INFO  server.RaftServerConfigKeys (ConfUtils.java:logGet(43)) - raft.server.leader.election.timeout = 120s (custom)
2019-07-13 19:32:20,906 INFO  server.RaftServerConfigKeys (ConfUtils.java:logGet(43)) - raft.server.log.use.memory = false (default)
2019-07-13 19:32:20,906 INFO  server.RaftServerConfigKeys (ConfUtils.java:logGet(43)) - raft.server.log.purge.gap = 1000000000 (custom)
2019-07-13 19:32:20,906 INFO  server.RaftServerConfigKeys (ConfUtils.java:logGet(43)) - raft.server.log.appender.buffer.byte-limit = 33554432 (custom)
2019-07-13 19:32:20,906 INFO  server.RaftServerConfigKeys (ConfUtils.java:logGet(43)) - raft.server.log.segment.size.max = 1048576 (custom)
2019-07-13 19:32:20,906 INFO  server.RaftServerConfigKeys (ConfUtils.java:logGet(43)) - raft.server.log.segment.cache.num.max = 2 (custom)
2019-07-13 19:32:20,906 INFO  segmented.SegmentedRaftLogWorker (SegmentedRaftLogWorker.java:<init>(172)) - new b42a8068-78f2-4a05-8265-820ce4700af2-SegmentedRaftLogWorker:Storage Directory /tmp/workdir/hadoop-ozone/integration-test/target/test-dir/MiniOzoneClusterImpl-85b7ea47-8fa8-4119-bf57-4a436a3dbd64/datanode-5/data/ratis/b7750a00-4b87-46e9-a54b-8b6ecda330b8 for RaftStorage:Storage Directory /tmp/workdir/hadoop-ozone/integration-test/target/test-dir/MiniOzoneClusterImpl-85b7ea47-8fa8-4119-bf57-4a436a3dbd64/datanode-5/data/ratis/b7750a00-4b87-46e9-a54b-8b6ecda330b8
2019-07-13 19:32:20,907 INFO  server.RaftServerConfigKeys (ConfUtils.java:logGet(43)) - raft.server.log.queue.byte-limit = 2147483647 (custom)
2019-07-13 19:32:20,907 INFO  server.RaftServerConfigKeys (ConfUtils.java:logGet(43)) - raft.server.log.queue.element-limit = 1024 (custom)
2019-07-13 19:32:20,907 INFO  server.RaftServerConfigKeys (ConfUtils.java:logGet(43)) - raft.server.log.segment.size.max = 1048576 (custom)
2019-07-13 19:32:20,907 INFO  server.RaftServerConfigKeys (ConfUtils.java:logGet(43)) - raft.server.log.preallocated.size = 16384 (custom)
2019-07-13 19:32:20,907 INFO  server.RaftServerConfigKeys (ConfUtils.java:logGet(43)) - raft.server.log.write.buffer.size = 33554432 (custom)
2019-07-13 19:32:20,908 INFO  server.RaftServerConfigKeys (ConfUtils.java:logGet(43)) - raft.server.log.force.sync.num = 128 (default)
2019-07-13 19:32:20,908 INFO  server.RaftServerConfigKeys (ConfUtils.java:logGet(43)) - raft.server.log.statemachine.data.sync = true (default)
2019-07-13 19:32:20,908 INFO  server.RaftServerConfigKeys (ConfUtils.java:logGet(43)) - raft.server.log.statemachine.data.sync.timeout = 10s (default)
2019-07-13 19:32:20,908 INFO  server.RaftServerConfigKeys (ConfUtils.java:logGet(43)) - raft.server.log.statemachine.data.sync.timeout.retry = -1 (default)
2019-07-13 19:32:20,908 INFO  server.RaftServerConfigKeys (ConfUtils.java:logGet(43)) - raft.server.log.statemachine.data.caching.enabled = true (custom)
2019-07-13 19:32:20,909 INFO  segmented.SegmentedRaftLogWorker (SegmentedRaftLogWorker.java:lambda$new$0(132)) - b42a8068-78f2-4a05-8265-820ce4700af2-SegmentedRaftLogWorker:Storage Directory /tmp/workdir/hadoop-ozone/integration-test/target/test-dir/MiniOzoneClusterImpl-85b7ea47-8fa8-4119-bf57-4a436a3dbd64/datanode-5/data/ratis/b7750a00-4b87-46e9-a54b-8b6ecda330b8: flushIndex: setUnconditionally 0 -> -1
2019-07-13 19:32:20,909 INFO  server.RaftServerConfigKeys (ConfUtils.java:logGet(43)) - raft.server.snapshot.auto.trigger.enabled = true (custom)
2019-07-13 19:32:20,909 INFO  server.RaftServerConfigKeys (ConfUtils.java:logGet(43)) - raft.server.snapshot.auto.trigger.threshold = 10000 (custom)
2019-07-13 19:32:20,910 INFO  server.RaftServerConfigKeys (ConfUtils.java:logGet(43)) - raft.server.retrycache.expirytime = 600000ms (custom)
2019-07-13 19:32:20,910 INFO  impl.RaftServerImpl (RaftServerImpl.java:start(180)) - b42a8068-78f2-4a05-8265-820ce4700af2: start group-8B6ECDA330B8
2019-07-13 19:32:20,910 INFO  impl.RaftServerImpl (RaftServerImpl.java:setRole(171)) - b42a8068-78f2-4a05-8265-820ce4700af2:group-8B6ECDA330B8 changes role from null to FOLLOWER at term 0 for startAsFollower
2019-07-13 19:32:20,910 INFO  impl.RoleInfo (RoleInfo.java:updateAndGet(143)) - b42a8068-78f2-4a05-8265-820ce4700af2: start FollowerState
2019-07-13 19:32:20,911 INFO  util.JmxRegister (JmxRegister.java:tryRegister(44)) - Successfully registered JMX Bean with object name Ratis:service=RaftServer,group=group-8B6ECDA330B8,id=b42a8068-78f2-4a05-8265-820ce4700af2
2019-07-13 19:32:20,923 INFO  pipeline.PipelineStateManager (PipelineStateManager.java:addPipeline(56)) - Created pipeline Pipeline[ Id: b7750a00-4b87-46e9-a54b-8b6ecda330b8, Nodes: b42a8068-78f2-4a05-8265-820ce4700af2{ip: 192.168.69.122, host: trunk-nightly-fxqsz-774976932, networkLocation: /default-rack, certSerialId: null}, Type:RATIS, Factor:ONE, State:OPEN]
2019-07-13 19:32:20,941 INFO  impl.RaftServerProxy (RaftServerProxy.java:addNew(89)) - 6a622cb6-aa0a-4110-815f-c55b84b7c053: addNew group-52F04AAADCBE:[6a622cb6-aa0a-4110-815f-c55b84b7c053:192.168.69.122:33175] returns group-52F04AAADCBE:java.util.concurrent.CompletableFuture@285a6728[Not completed]
2019-07-13 19:32:20,944 INFO  impl.RaftServerImpl (RaftServerImpl.java:<init>(93)) - 6a622cb6-aa0a-4110-815f-c55b84b7c053: new RaftServerImpl for group-52F04AAADCBE:[6a622cb6-aa0a-4110-815f-c55b84b7c053:192.168.69.122:33175] with ContainerStateMachine:uninitialized
2019-07-13 19:32:20,944 INFO  server.RaftServerConfigKeys (ConfUtils.java:logGet(43)) - raft.server.rpc.timeout.min = 5s (custom)
2019-07-13 19:32:20,945 INFO  server.RaftServerConfigKeys (ConfUtils.java:logGet(43)) - raft.server.rpc.timeout.max = 5200ms (custom)
2019-07-13 19:32:20,945 INFO  server.RaftServerConfigKeys (ConfUtils.java:logGet(43)) - raft.server.rpcslowness.timeout = 120s (custom)
2019-07-13 19:32:20,945 INFO  server.RaftServerConfigKeys (ConfUtils.java:logGet(43)) - raft.server.sleep.deviation.threshold = 300 (default)
2019-07-13 19:32:20,945 INFO  server.RaftServerConfigKeys (ConfUtils.java:logGet(43)) - raft.server.log.appender.install.snapshot.enabled = false (custom)
2019-07-13 19:32:20,946 INFO  impl.RaftServerImpl (ServerState.java:<init>(105)) - 6a622cb6-aa0a-4110-815f-c55b84b7c053:group-52F04AAADCBE ConfigurationManager, init=-1: [6a622cb6-aa0a-4110-815f-c55b84b7c053:192.168.69.122:33175], old=null, confs=<EMPTY_MAP>
2019-07-13 19:32:20,946 INFO  server.RaftServerConfigKeys (ConfUtils.java:logGet(43)) - raft.server.storage.dir = [/tmp/workdir/hadoop-ozone/integration-test/target/test-dir/MiniOzoneClusterImpl-85b7ea47-8fa8-4119-bf57-4a436a3dbd64/datanode-6/data/ratis] (custom)
2019-07-13 19:32:20,947 INFO  storage.RaftStorageDirectory (RaftStorageDirectory.java:analyzeStorage(246)) - The storage directory /tmp/workdir/hadoop-ozone/integration-test/target/test-dir/MiniOzoneClusterImpl-85b7ea47-8fa8-4119-bf57-4a436a3dbd64/datanode-6/data/ratis/b5e2faf3-09a3-4fb2-95f2-52f04aaadcbe does not exist. Creating ...
2019-07-13 19:32:20,960 INFO  storage.RaftStorageDirectory (RaftStorageDirectory.java:tryLock(328)) - Lock on /tmp/workdir/hadoop-ozone/integration-test/target/test-dir/MiniOzoneClusterImpl-85b7ea47-8fa8-4119-bf57-4a436a3dbd64/datanode-6/data/ratis/b5e2faf3-09a3-4fb2-95f2-52f04aaadcbe/in_use.lock acquired by nodename 18559@trunk-nightly-fxqsz-774976932
2019-07-13 19:32:20,973 INFO  storage.RaftStorage (RaftStorage.java:format(72)) - Storage directory /tmp/workdir/hadoop-ozone/integration-test/target/test-dir/MiniOzoneClusterImpl-85b7ea47-8fa8-4119-bf57-4a436a3dbd64/datanode-6/data/ratis/b5e2faf3-09a3-4fb2-95f2-52f04aaadcbe has been successfully formatted.
2019-07-13 19:32:20,974 INFO  ratis.ContainerStateMachine (ContainerStateMachine.java:loadSnapshot(200)) - The snapshot info is null.Setting the last applied index to:(t:0, i:~)
2019-07-13 19:32:20,974 INFO  server.RaftServerConfigKeys (ConfUtils.java:logGet(43)) - raft.server.leader.election.timeout = 120s (custom)
2019-07-13 19:32:20,974 INFO  server.RaftServerConfigKeys (ConfUtils.java:logGet(43)) - raft.server.log.use.memory = false (default)
2019-07-13 19:32:20,974 INFO  server.RaftServerConfigKeys (ConfUtils.java:logGet(43)) - raft.server.log.purge.gap = 1000000000 (custom)
2019-07-13 19:32:20,975 INFO  server.RaftServerConfigKeys (ConfUtils.java:logGet(43)) - raft.server.log.appender.buffer.byte-limit = 33554432 (custom)
2019-07-13 19:32:20,975 INFO  server.RaftServerConfigKeys (ConfUtils.java:logGet(43)) - raft.server.log.segment.size.max = 1048576 (custom)
2019-07-13 19:32:20,975 INFO  server.RaftServerConfigKeys (ConfUtils.java:logGet(43)) - raft.server.log.segment.cache.num.max = 2 (custom)
2019-07-13 19:32:20,975 INFO  segmented.SegmentedRaftLogWorker (SegmentedRaftLogWorker.java:<init>(172)) - new 6a622cb6-aa0a-4110-815f-c55b84b7c053-SegmentedRaftLogWorker:Storage Directory /tmp/workdir/hadoop-ozone/integration-test/target/test-dir/MiniOzoneClusterImpl-85b7ea47-8fa8-4119-bf57-4a436a3dbd64/datanode-6/data/ratis/b5e2faf3-09a3-4fb2-95f2-52f04aaadcbe for RaftStorage:Storage Directory /tmp/workdir/hadoop-ozone/integration-test/target/test-dir/MiniOzoneClusterImpl-85b7ea47-8fa8-4119-bf57-4a436a3dbd64/datanode-6/data/ratis/b5e2faf3-09a3-4fb2-95f2-52f04aaadcbe
2019-07-13 19:32:20,976 INFO  server.RaftServerConfigKeys (ConfUtils.java:logGet(43)) - raft.server.log.queue.byte-limit = 2147483647 (custom)
2019-07-13 19:32:20,976 INFO  server.RaftServerConfigKeys (ConfUtils.java:logGet(43)) - raft.server.log.queue.element-limit = 1024 (custom)
2019-07-13 19:32:20,976 INFO  server.RaftServerConfigKeys (ConfUtils.java:logGet(43)) - raft.server.log.segment.size.max = 1048576 (custom)
2019-07-13 19:32:20,977 INFO  server.RaftServerConfigKeys (ConfUtils.java:logGet(43)) - raft.server.log.preallocated.size = 16384 (custom)
2019-07-13 19:32:20,977 INFO  server.RaftServerConfigKeys (ConfUtils.java:logGet(43)) - raft.server.log.write.buffer.size = 33554432 (custom)
2019-07-13 19:32:20,977 INFO  server.RaftServerConfigKeys (ConfUtils.java:logGet(43)) - raft.server.log.force.sync.num = 128 (default)
2019-07-13 19:32:20,977 INFO  server.RaftServerConfigKeys (ConfUtils.java:logGet(43)) - raft.server.log.statemachine.data.sync = true (default)
2019-07-13 19:32:20,978 INFO  server.RaftServerConfigKeys (ConfUtils.java:logGet(43)) - raft.server.log.statemachine.data.sync.timeout = 10s (default)
2019-07-13 19:32:20,978 INFO  server.RaftServerConfigKeys (ConfUtils.java:logGet(43)) - raft.server.log.statemachine.data.sync.timeout.retry = -1 (default)
2019-07-13 19:32:20,978 INFO  server.RaftServerConfigKeys (ConfUtils.java:logGet(43)) - raft.server.log.statemachine.data.caching.enabled = true (custom)
2019-07-13 19:32:20,979 INFO  segmented.SegmentedRaftLogWorker (SegmentedRaftLogWorker.java:lambda$new$0(132)) - 6a622cb6-aa0a-4110-815f-c55b84b7c053-SegmentedRaftLogWorker:Storage Directory /tmp/workdir/hadoop-ozone/integration-test/target/test-dir/MiniOzoneClusterImpl-85b7ea47-8fa8-4119-bf57-4a436a3dbd64/datanode-6/data/ratis/b5e2faf3-09a3-4fb2-95f2-52f04aaadcbe: flushIndex: setUnconditionally 0 -> -1
2019-07-13 19:32:20,979 INFO  server.RaftServerConfigKeys (ConfUtils.java:logGet(43)) - raft.server.snapshot.auto.trigger.enabled = true (custom)
2019-07-13 19:32:20,980 INFO  server.RaftServerConfigKeys (ConfUtils.java:logGet(43)) - raft.server.snapshot.auto.trigger.threshold = 10000 (custom)
2019-07-13 19:32:20,980 INFO  server.RaftServerConfigKeys (ConfUtils.java:logGet(43)) - raft.server.retrycache.expirytime = 600000ms (custom)
2019-07-13 19:32:20,980 INFO  impl.RaftServerImpl (RaftServerImpl.java:start(180)) - 6a622cb6-aa0a-4110-815f-c55b84b7c053: start group-52F04AAADCBE
2019-07-13 19:32:20,981 INFO  impl.RaftServerImpl (RaftServerImpl.java:setRole(171)) - 6a622cb6-aa0a-4110-815f-c55b84b7c053:group-52F04AAADCBE changes role from null to FOLLOWER at term 0 for startAsFollower
2019-07-13 19:32:20,981 INFO  impl.RoleInfo (RoleInfo.java:updateAndGet(143)) - 6a622cb6-aa0a-4110-815f-c55b84b7c053: start FollowerState
2019-07-13 19:32:20,981 INFO  util.JmxRegister (JmxRegister.java:tryRegister(44)) - Successfully registered JMX Bean with object name Ratis:service=RaftServer,group=group-52F04AAADCBE,id=6a622cb6-aa0a-4110-815f-c55b84b7c053
2019-07-13 19:32:20,998 INFO  pipeline.PipelineStateManager (PipelineStateManager.java:addPipeline(56)) - Created pipeline Pipeline[ Id: b5e2faf3-09a3-4fb2-95f2-52f04aaadcbe, Nodes: 6a622cb6-aa0a-4110-815f-c55b84b7c053{ip: 192.168.69.122, host: trunk-nightly-fxqsz-774976932, networkLocation: /default-rack, certSerialId: null}, Type:RATIS, Factor:ONE, State:OPEN]
2019-07-13 19:32:21,034 INFO  impl.RaftServerProxy (RaftServerProxy.java:addNew(89)) - 598db1d6-e3ad-489a-a8f2-4cf249dbda37: addNew group-F2280F254AD3:[b894dc87-0501-43a9-9424-ba963e066ea8:192.168.69.122:44985, 6b4b026a-3481-4b25-b58a-8b5d5ed83a0e:192.168.69.122:41889, 598db1d6-e3ad-489a-a8f2-4cf249dbda37:192.168.69.122:36028] returns group-F2280F254AD3:java.util.concurrent.CompletableFuture@650cded9[Not completed]
2019-07-13 19:32:21,034 INFO  impl.RaftServerProxy (RaftServerProxy.java:addNew(89)) - b894dc87-0501-43a9-9424-ba963e066ea8: addNew group-F2280F254AD3:[b894dc87-0501-43a9-9424-ba963e066ea8:192.168.69.122:44985, 6b4b026a-3481-4b25-b58a-8b5d5ed83a0e:192.168.69.122:41889, 598db1d6-e3ad-489a-a8f2-4cf249dbda37:192.168.69.122:36028] returns group-F2280F254AD3:java.util.concurrent.CompletableFuture@65f6114[Not completed]
2019-07-13 19:32:21,034 INFO  impl.RaftServerProxy (RaftServerProxy.java:addNew(89)) - 6b4b026a-3481-4b25-b58a-8b5d5ed83a0e: addNew group-F2280F254AD3:[b894dc87-0501-43a9-9424-ba963e066ea8:192.168.69.122:44985, 6b4b026a-3481-4b25-b58a-8b5d5ed83a0e:192.168.69.122:41889, 598db1d6-e3ad-489a-a8f2-4cf249dbda37:192.168.69.122:36028] returns group-F2280F254AD3:java.util.concurrent.CompletableFuture@604d58b9[Not completed]
2019-07-13 19:32:21,036 INFO  impl.RaftServerImpl (RaftServerImpl.java:<init>(93)) - 6b4b026a-3481-4b25-b58a-8b5d5ed83a0e: new RaftServerImpl for group-F2280F254AD3:[b894dc87-0501-43a9-9424-ba963e066ea8:192.168.69.122:44985, 6b4b026a-3481-4b25-b58a-8b5d5ed83a0e:192.168.69.122:41889, 598db1d6-e3ad-489a-a8f2-4cf249dbda37:192.168.69.122:36028] with ContainerStateMachine:uninitialized
2019-07-13 19:32:21,036 INFO  server.RaftServerConfigKeys (ConfUtils.java:logGet(43)) - raft.server.rpc.timeout.min = 5s (custom)
2019-07-13 19:32:21,036 INFO  server.RaftServerConfigKeys (ConfUtils.java:logGet(43)) - raft.server.rpc.timeout.max = 5200ms (custom)
2019-07-13 19:32:21,037 INFO  server.RaftServerConfigKeys (ConfUtils.java:logGet(43)) - raft.server.rpcslowness.timeout = 120s (custom)
2019-07-13 19:32:21,037 INFO  server.RaftServerConfigKeys (ConfUtils.java:logGet(43)) - raft.server.sleep.deviation.threshold = 300 (default)
2019-07-13 19:32:21,037 INFO  impl.RaftServerImpl (RaftServerImpl.java:<init>(93)) - 598db1d6-e3ad-489a-a8f2-4cf249dbda37: new RaftServerImpl for group-F2280F254AD3:[b894dc87-0501-43a9-9424-ba963e066ea8:192.168.69.122:44985, 6b4b026a-3481-4b25-b58a-8b5d5ed83a0e:192.168.69.122:41889, 598db1d6-e3ad-489a-a8f2-4cf249dbda37:192.168.69.122:36028] with ContainerStateMachine:uninitialized
2019-07-13 19:32:21,037 INFO  server.RaftServerConfigKeys (ConfUtils.java:logGet(43)) - raft.server.log.appender.install.snapshot.enabled = false (custom)
2019-07-13 19:32:21,037 INFO  server.RaftServerConfigKeys (ConfUtils.java:logGet(43)) - raft.server.rpc.timeout.min = 5s (custom)
2019-07-13 19:32:21,037 INFO  impl.RaftServerImpl (ServerState.java:<init>(105)) - 6b4b026a-3481-4b25-b58a-8b5d5ed83a0e:group-F2280F254AD3 ConfigurationManager, init=-1: [b894dc87-0501-43a9-9424-ba963e066ea8:192.168.69.122:44985, 6b4b026a-3481-4b25-b58a-8b5d5ed83a0e:192.168.69.122:41889, 598db1d6-e3ad-489a-a8f2-4cf249dbda37:192.168.69.122:36028], old=null, confs=<EMPTY_MAP>
2019-07-13 19:32:21,037 INFO  server.RaftServerConfigKeys (ConfUtils.java:logGet(43)) - raft.server.rpc.timeout.max = 5200ms (custom)
2019-07-13 19:32:21,038 INFO  server.RaftServerConfigKeys (ConfUtils.java:logGet(43)) - raft.server.storage.dir = [/tmp/workdir/hadoop-ozone/integration-test/target/test-dir/MiniOzoneClusterImpl-85b7ea47-8fa8-4119-bf57-4a436a3dbd64/datanode-4/data/ratis] (custom)
2019-07-13 19:32:21,038 INFO  impl.RaftServerImpl (RaftServerImpl.java:<init>(93)) - b894dc87-0501-43a9-9424-ba963e066ea8: new RaftServerImpl for group-F2280F254AD3:[b894dc87-0501-43a9-9424-ba963e066ea8:192.168.69.122:44985, 6b4b026a-3481-4b25-b58a-8b5d5ed83a0e:192.168.69.122:41889, 598db1d6-e3ad-489a-a8f2-4cf249dbda37:192.168.69.122:36028] with ContainerStateMachine:uninitialized
2019-07-13 19:32:21,038 INFO  server.RaftServerConfigKeys (ConfUtils.java:logGet(43)) - raft.server.rpcslowness.timeout = 120s (custom)
2019-07-13 19:32:21,038 INFO  server.RaftServerConfigKeys (ConfUtils.java:logGet(43)) - raft.server.rpc.timeout.min = 5s (custom)
2019-07-13 19:32:21,038 INFO  storage.RaftStorageDirectory (RaftStorageDirectory.java:analyzeStorage(246)) - The storage directory /tmp/workdir/hadoop-ozone/integration-test/target/test-dir/MiniOzoneClusterImpl-85b7ea47-8fa8-4119-bf57-4a436a3dbd64/datanode-4/data/ratis/e30133e2-13c2-40c4-bcc3-f2280f254ad3 does not exist. Creating ...
2019-07-13 19:32:21,038 INFO  server.RaftServerConfigKeys (ConfUtils.java:logGet(43)) - raft.server.sleep.deviation.threshold = 300 (default)
2019-07-13 19:32:21,038 INFO  server.RaftServerConfigKeys (ConfUtils.java:logGet(43)) - raft.server.rpc.timeout.max = 5200ms (custom)
2019-07-13 19:32:21,039 INFO  server.RaftServerConfigKeys (ConfUtils.java:logGet(43)) - raft.server.log.appender.install.snapshot.enabled = false (custom)
2019-07-13 19:32:21,039 INFO  server.RaftServerConfigKeys (ConfUtils.java:logGet(43)) - raft.server.rpcslowness.timeout = 120s (custom)
2019-07-13 19:32:21,039 INFO  impl.RaftServerImpl (ServerState.java:<init>(105)) - 598db1d6-e3ad-489a-a8f2-4cf249dbda37:group-F2280F254AD3 ConfigurationManager, init=-1: [b894dc87-0501-43a9-9424-ba963e066ea8:192.168.69.122:44985, 6b4b026a-3481-4b25-b58a-8b5d5ed83a0e:192.168.69.122:41889, 598db1d6-e3ad-489a-a8f2-4cf249dbda37:192.168.69.122:36028], old=null, confs=<EMPTY_MAP>
2019-07-13 19:32:21,039 INFO  server.RaftServerConfigKeys (ConfUtils.java:logGet(43)) - raft.server.sleep.deviation.threshold = 300 (default)
2019-07-13 19:32:21,039 INFO  server.RaftServerConfigKeys (ConfUtils.java:logGet(43)) - raft.server.log.appender.install.snapshot.enabled = false (custom)
2019-07-13 19:32:21,039 INFO  server.RaftServerConfigKeys (ConfUtils.java:logGet(43)) - raft.server.storage.dir = [/tmp/workdir/hadoop-ozone/integration-test/target/test-dir/MiniOzoneClusterImpl-85b7ea47-8fa8-4119-bf57-4a436a3dbd64/datanode-2/data/ratis] (custom)
2019-07-13 19:32:21,040 INFO  impl.RaftServerImpl (ServerState.java:<init>(105)) - b894dc87-0501-43a9-9424-ba963e066ea8:group-F2280F254AD3 ConfigurationManager, init=-1: [b894dc87-0501-43a9-9424-ba963e066ea8:192.168.69.122:44985, 6b4b026a-3481-4b25-b58a-8b5d5ed83a0e:192.168.69.122:41889, 598db1d6-e3ad-489a-a8f2-4cf249dbda37:192.168.69.122:36028], old=null, confs=<EMPTY_MAP>
2019-07-13 19:32:21,040 INFO  server.RaftServerConfigKeys (ConfUtils.java:logGet(43)) - raft.server.storage.dir = [/tmp/workdir/hadoop-ozone/integration-test/target/test-dir/MiniOzoneClusterImpl-85b7ea47-8fa8-4119-bf57-4a436a3dbd64/datanode-0/data/ratis] (custom)
2019-07-13 19:32:21,040 INFO  storage.RaftStorageDirectory (RaftStorageDirectory.java:analyzeStorage(246)) - The storage directory /tmp/workdir/hadoop-ozone/integration-test/target/test-dir/MiniOzoneClusterImpl-85b7ea47-8fa8-4119-bf57-4a436a3dbd64/datanode-2/data/ratis/e30133e2-13c2-40c4-bcc3-f2280f254ad3 does not exist. Creating ...
2019-07-13 19:32:21,040 INFO  storage.RaftStorageDirectory (RaftStorageDirectory.java:analyzeStorage(246)) - The storage directory /tmp/workdir/hadoop-ozone/integration-test/target/test-dir/MiniOzoneClusterImpl-85b7ea47-8fa8-4119-bf57-4a436a3dbd64/datanode-0/data/ratis/e30133e2-13c2-40c4-bcc3-f2280f254ad3 does not exist. Creating ...
2019-07-13 19:32:21,052 INFO  storage.RaftStorageDirectory (RaftStorageDirectory.java:tryLock(328)) - Lock on /tmp/workdir/hadoop-ozone/integration-test/target/test-dir/MiniOzoneClusterImpl-85b7ea47-8fa8-4119-bf57-4a436a3dbd64/datanode-2/data/ratis/e30133e2-13c2-40c4-bcc3-f2280f254ad3/in_use.lock acquired by nodename 18559@trunk-nightly-fxqsz-774976932
2019-07-13 19:32:21,052 INFO  storage.RaftStorageDirectory (RaftStorageDirectory.java:tryLock(328)) - Lock on /tmp/workdir/hadoop-ozone/integration-test/target/test-dir/MiniOzoneClusterImpl-85b7ea47-8fa8-4119-bf57-4a436a3dbd64/datanode-0/data/ratis/e30133e2-13c2-40c4-bcc3-f2280f254ad3/in_use.lock acquired by nodename 18559@trunk-nightly-fxqsz-774976932
2019-07-13 19:32:21,052 INFO  storage.RaftStorageDirectory (RaftStorageDirectory.java:tryLock(328)) - Lock on /tmp/workdir/hadoop-ozone/integration-test/target/test-dir/MiniOzoneClusterImpl-85b7ea47-8fa8-4119-bf57-4a436a3dbd64/datanode-4/data/ratis/e30133e2-13c2-40c4-bcc3-f2280f254ad3/in_use.lock acquired by nodename 18559@trunk-nightly-fxqsz-774976932
2019-07-13 19:32:21,065 INFO  storage.RaftStorage (RaftStorage.java:format(72)) - Storage directory /tmp/workdir/hadoop-ozone/integration-test/target/test-dir/MiniOzoneClusterImpl-85b7ea47-8fa8-4119-bf57-4a436a3dbd64/datanode-2/data/ratis/e30133e2-13c2-40c4-bcc3-f2280f254ad3 has been successfully formatted.
2019-07-13 19:32:21,065 INFO  storage.RaftStorage (RaftStorage.java:format(72)) - Storage directory /tmp/workdir/hadoop-ozone/integration-test/target/test-dir/MiniOzoneClusterImpl-85b7ea47-8fa8-4119-bf57-4a436a3dbd64/datanode-0/data/ratis/e30133e2-13c2-40c4-bcc3-f2280f254ad3 has been successfully formatted.
2019-07-13 19:32:21,065 INFO  storage.RaftStorage (RaftStorage.java:format(72)) - Storage directory /tmp/workdir/hadoop-ozone/integration-test/target/test-dir/MiniOzoneClusterImpl-85b7ea47-8fa8-4119-bf57-4a436a3dbd64/datanode-4/data/ratis/e30133e2-13c2-40c4-bcc3-f2280f254ad3 has been successfully formatted.
2019-07-13 19:32:21,066 INFO  ratis.ContainerStateMachine (ContainerStateMachine.java:loadSnapshot(200)) - The snapshot info is null.Setting the last applied index to:(t:0, i:~)
2019-07-13 19:32:21,066 INFO  ratis.ContainerStateMachine (ContainerStateMachine.java:loadSnapshot(200)) - The snapshot info is null.Setting the last applied index to:(t:0, i:~)
2019-07-13 19:32:21,066 INFO  server.RaftServerConfigKeys (ConfUtils.java:logGet(43)) - raft.server.leader.election.timeout = 120s (custom)
2019-07-13 19:32:21,066 INFO  ratis.ContainerStateMachine (ContainerStateMachine.java:loadSnapshot(200)) - The snapshot info is null.Setting the last applied index to:(t:0, i:~)
2019-07-13 19:32:21,066 INFO  server.RaftServerConfigKeys (ConfUtils.java:logGet(43)) - raft.server.log.use.memory = false (default)
2019-07-13 19:32:21,066 INFO  server.RaftServerConfigKeys (ConfUtils.java:logGet(43)) - raft.server.leader.election.timeout = 120s (custom)
2019-07-13 19:32:21,067 INFO  server.RaftServerConfigKeys (ConfUtils.java:logGet(43)) - raft.server.log.purge.gap = 1000000000 (custom)
2019-07-13 19:32:21,067 INFO  server.RaftServerConfigKeys (ConfUtils.java:logGet(43)) - raft.server.leader.election.timeout = 120s (custom)
2019-07-13 19:32:21,067 INFO  server.RaftServerConfigKeys (ConfUtils.java:logGet(43)) - raft.server.log.appender.buffer.byte-limit = 33554432 (custom)
2019-07-13 19:32:21,067 INFO  server.RaftServerConfigKeys (ConfUtils.java:logGet(43)) - raft.server.log.use.memory = false (default)
2019-07-13 19:32:21,067 INFO  server.RaftServerConfigKeys (ConfUtils.java:logGet(43)) - raft.server.log.segment.size.max = 1048576 (custom)
2019-07-13 19:32:21,067 INFO  server.RaftServerConfigKeys (ConfUtils.java:logGet(43)) - raft.server.log.use.memory = false (default)
2019-07-13 19:32:21,068 INFO  server.RaftServerConfigKeys (ConfUtils.java:logGet(43)) - raft.server.log.segment.cache.num.max = 2 (custom)
2019-07-13 19:32:21,067 INFO  server.RaftServerConfigKeys (ConfUtils.java:logGet(43)) - raft.server.log.purge.gap = 1000000000 (custom)
2019-07-13 19:32:21,068 INFO  segmented.SegmentedRaftLogWorker (SegmentedRaftLogWorker.java:<init>(172)) - new b894dc87-0501-43a9-9424-ba963e066ea8-SegmentedRaftLogWorker:Storage Directory /tmp/workdir/hadoop-ozone/integration-test/target/test-dir/MiniOzoneClusterImpl-85b7ea47-8fa8-4119-bf57-4a436a3dbd64/datanode-0/data/ratis/e30133e2-13c2-40c4-bcc3-f2280f254ad3 for RaftStorage:Storage Directory /tmp/workdir/hadoop-ozone/integration-test/target/test-dir/MiniOzoneClusterImpl-85b7ea47-8fa8-4119-bf57-4a436a3dbd64/datanode-0/data/ratis/e30133e2-13c2-40c4-bcc3-f2280f254ad3
2019-07-13 19:32:21,068 INFO  server.RaftServerConfigKeys (ConfUtils.java:logGet(43)) - raft.server.log.purge.gap = 1000000000 (custom)
2019-07-13 19:32:21,068 INFO  server.RaftServerConfigKeys (ConfUtils.java:logGet(43)) - raft.server.log.queue.byte-limit = 2147483647 (custom)
2019-07-13 19:32:21,068 INFO  server.RaftServerConfigKeys (ConfUtils.java:logGet(43)) - raft.server.log.appender.buffer.byte-limit = 33554432 (custom)
2019-07-13 19:32:21,070 INFO  server.RaftServerConfigKeys (ConfUtils.java:logGet(43)) - raft.server.log.queue.element-limit = 1024 (custom)
2019-07-13 19:32:21,068 INFO  server.RaftServerConfigKeys (ConfUtils.java:logGet(43)) - raft.server.log.appender.buffer.byte-limit = 33554432 (custom)
2019-07-13 19:32:21,071 INFO  server.RaftServerConfigKeys (ConfUtils.java:logGet(43)) - raft.server.log.segment.size.max = 1048576 (custom)
2019-07-13 19:32:21,070 INFO  server.RaftServerConfigKeys (ConfUtils.java:logGet(43)) - raft.server.log.segment.size.max = 1048576 (custom)
2019-07-13 19:32:21,071 INFO  server.RaftServerConfigKeys (ConfUtils.java:logGet(43)) - raft.server.log.preallocated.size = 16384 (custom)
2019-07-13 19:32:21,071 INFO  server.RaftServerConfigKeys (ConfUtils.java:logGet(43)) - raft.server.log.write.buffer.size = 33554432 (custom)
2019-07-13 19:32:21,071 INFO  server.RaftServerConfigKeys (ConfUtils.java:logGet(43)) - raft.server.log.segment.size.max = 1048576 (custom)
2019-07-13 19:32:21,071 INFO  server.RaftServerConfigKeys (ConfUtils.java:logGet(43)) - raft.server.log.force.sync.num = 128 (default)
2019-07-13 19:32:21,071 INFO  server.RaftServerConfigKeys (ConfUtils.java:logGet(43)) - raft.server.log.segment.cache.num.max = 2 (custom)
2019-07-13 19:32:21,072 INFO  server.RaftServerConfigKeys (ConfUtils.java:logGet(43)) - raft.server.log.statemachine.data.sync = true (default)
2019-07-13 19:32:21,072 INFO  server.RaftServerConfigKeys (ConfUtils.java:logGet(43)) - raft.server.log.segment.cache.num.max = 2 (custom)
2019-07-13 19:32:21,072 INFO  server.RaftServerConfigKeys (ConfUtils.java:logGet(43)) - raft.server.log.statemachine.data.sync.timeout = 10s (default)
2019-07-13 19:32:21,072 INFO  segmented.SegmentedRaftLogWorker (SegmentedRaftLogWorker.java:<init>(172)) - new 598db1d6-e3ad-489a-a8f2-4cf249dbda37-SegmentedRaftLogWorker:Storage Directory /tmp/workdir/hadoop-ozone/integration-test/target/test-dir/MiniOzoneClusterImpl-85b7ea47-8fa8-4119-bf57-4a436a3dbd64/datanode-2/data/ratis/e30133e2-13c2-40c4-bcc3-f2280f254ad3 for RaftStorage:Storage Directory /tmp/workdir/hadoop-ozone/integration-test/target/test-dir/MiniOzoneClusterImpl-85b7ea47-8fa8-4119-bf57-4a436a3dbd64/datanode-2/data/ratis/e30133e2-13c2-40c4-bcc3-f2280f254ad3
2019-07-13 19:32:21,072 INFO  server.RaftServerConfigKeys (ConfUtils.java:logGet(43)) - raft.server.log.statemachine.data.sync.timeout.retry = -1 (default)
2019-07-13 19:32:21,072 INFO  segmented.SegmentedRaftLogWorker (SegmentedRaftLogWorker.java:<init>(172)) - new 6b4b026a-3481-4b25-b58a-8b5d5ed83a0e-SegmentedRaftLogWorker:Storage Directory /tmp/workdir/hadoop-ozone/integration-test/target/test-dir/MiniOzoneClusterImpl-85b7ea47-8fa8-4119-bf57-4a436a3dbd64/datanode-4/data/ratis/e30133e2-13c2-40c4-bcc3-f2280f254ad3 for RaftStorage:Storage Directory /tmp/workdir/hadoop-ozone/integration-test/target/test-dir/MiniOzoneClusterImpl-85b7ea47-8fa8-4119-bf57-4a436a3dbd64/datanode-4/data/ratis/e30133e2-13c2-40c4-bcc3-f2280f254ad3
2019-07-13 19:32:21,074 INFO  server.RaftServerConfigKeys (ConfUtils.java:logGet(43)) - raft.server.log.statemachine.data.caching.enabled = true (custom)
2019-07-13 19:32:21,072 INFO  server.RaftServerConfigKeys (ConfUtils.java:logGet(43)) - raft.server.log.queue.byte-limit = 2147483647 (custom)
2019-07-13 19:32:21,076 INFO  server.RaftServerConfigKeys (ConfUtils.java:logGet(43)) - raft.server.log.queue.element-limit = 1024 (custom)
2019-07-13 19:32:21,074 INFO  server.RaftServerConfigKeys (ConfUtils.java:logGet(43)) - raft.server.log.queue.byte-limit = 2147483647 (custom)
2019-07-13 19:32:21,076 INFO  server.RaftServerConfigKeys (ConfUtils.java:logGet(43)) - raft.server.log.segment.size.max = 1048576 (custom)
2019-07-13 19:32:21,076 INFO  segmented.SegmentedRaftLogWorker (SegmentedRaftLogWorker.java:lambda$new$0(132)) - b894dc87-0501-43a9-9424-ba963e066ea8-SegmentedRaftLogWorker:Storage Directory /tmp/workdir/hadoop-ozone/integration-test/target/test-dir/MiniOzoneClusterImpl-85b7ea47-8fa8-4119-bf57-4a436a3dbd64/datanode-0/data/ratis/e30133e2-13c2-40c4-bcc3-f2280f254ad3: flushIndex: setUnconditionally 0 -> -1
2019-07-13 19:32:21,077 INFO  server.RaftServerConfigKeys (ConfUtils.java:logGet(43)) - raft.server.log.preallocated.size = 16384 (custom)
2019-07-13 19:32:21,077 INFO  server.RaftServerConfigKeys (ConfUtils.java:logGet(43)) - raft.server.log.write.buffer.size = 33554432 (custom)
2019-07-13 19:32:21,076 INFO  server.RaftServerConfigKeys (ConfUtils.java:logGet(43)) - raft.server.log.queue.element-limit = 1024 (custom)
2019-07-13 19:32:21,077 INFO  server.RaftServerConfigKeys (ConfUtils.java:logGet(43)) - raft.server.log.force.sync.num = 128 (default)
2019-07-13 19:32:21,077 INFO  server.RaftServerConfigKeys (ConfUtils.java:logGet(43)) - raft.server.snapshot.auto.trigger.enabled = true (custom)
2019-07-13 19:32:21,077 INFO  server.RaftServerConfigKeys (ConfUtils.java:logGet(43)) - raft.server.log.statemachine.data.sync = true (default)
2019-07-13 19:32:21,077 INFO  server.RaftServerConfigKeys (ConfUtils.java:logGet(43)) - raft.server.log.segment.size.max = 1048576 (custom)
2019-07-13 19:32:21,078 INFO  server.RaftServerConfigKeys (ConfUtils.java:logGet(43)) - raft.server.log.statemachine.data.sync.timeout = 10s (default)
2019-07-13 19:32:21,078 INFO  server.RaftServerConfigKeys (ConfUtils.java:logGet(43)) - raft.server.snapshot.auto.trigger.threshold = 10000 (custom)
2019-07-13 19:32:21,078 INFO  server.RaftServerConfigKeys (ConfUtils.java:logGet(43)) - raft.server.log.statemachine.data.sync.timeout.retry = -1 (default)
2019-07-13 19:32:21,078 INFO  server.RaftServerConfigKeys (ConfUtils.java:logGet(43)) - raft.server.retrycache.expirytime = 600000ms (custom)
2019-07-13 19:32:21,078 INFO  server.RaftServerConfigKeys (ConfUtils.java:logGet(43)) - raft.server.log.preallocated.size = 16384 (custom)
2019-07-13 19:32:21,079 INFO  impl.RaftServerImpl (RaftServerImpl.java:start(180)) - b894dc87-0501-43a9-9424-ba963e066ea8: start group-F2280F254AD3
2019-07-13 19:32:21,078 INFO  server.RaftServerConfigKeys (ConfUtils.java:logGet(43)) - raft.server.log.statemachine.data.caching.enabled = true (custom)
2019-07-13 19:32:21,079 INFO  impl.RaftServerImpl (RaftServerImpl.java:setRole(171)) - b894dc87-0501-43a9-9424-ba963e066ea8:group-F2280F254AD3 changes role from null to FOLLOWER at term 0 for startAsFollower
2019-07-13 19:32:21,079 INFO  server.RaftServerConfigKeys (ConfUtils.java:logGet(43)) - raft.server.log.write.buffer.size = 33554432 (custom)
2019-07-13 19:32:21,079 INFO  impl.RoleInfo (RoleInfo.java:updateAndGet(143)) - b894dc87-0501-43a9-9424-ba963e066ea8: start FollowerState
2019-07-13 19:32:21,079 INFO  segmented.SegmentedRaftLogWorker (SegmentedRaftLogWorker.java:lambda$new$0(132)) - 598db1d6-e3ad-489a-a8f2-4cf249dbda37-SegmentedRaftLogWorker:Storage Directory /tmp/workdir/hadoop-ozone/integration-test/target/test-dir/MiniOzoneClusterImpl-85b7ea47-8fa8-4119-bf57-4a436a3dbd64/datanode-2/data/ratis/e30133e2-13c2-40c4-bcc3-f2280f254ad3: flushIndex: setUnconditionally 0 -> -1
2019-07-13 19:32:21,079 INFO  server.RaftServerConfigKeys (ConfUtils.java:logGet(43)) - raft.server.log.force.sync.num = 128 (default)
2019-07-13 19:32:21,080 INFO  server.RaftServerConfigKeys (ConfUtils.java:logGet(43)) - raft.server.snapshot.auto.trigger.enabled = true (custom)
2019-07-13 19:32:21,080 INFO  util.JmxRegister (JmxRegister.java:tryRegister(44)) - Successfully registered JMX Bean with object name Ratis:service=RaftServer,group=group-F2280F254AD3,id=b894dc87-0501-43a9-9424-ba963e066ea8
2019-07-13 19:32:21,080 INFO  server.RaftServerConfigKeys (ConfUtils.java:logGet(43)) - raft.server.log.statemachine.data.sync = true (default)
2019-07-13 19:32:21,080 INFO  server.RaftServerConfigKeys (ConfUtils.java:logGet(43)) - raft.server.snapshot.auto.trigger.threshold = 10000 (custom)
2019-07-13 19:32:21,080 INFO  server.RaftServerConfigKeys (ConfUtils.java:logGet(43)) - raft.server.log.statemachine.data.sync.timeout = 10s (default)
2019-07-13 19:32:21,081 INFO  server.RaftServerConfigKeys (ConfUtils.java:logGet(43)) - raft.server.retrycache.expirytime = 600000ms (custom)
2019-07-13 19:32:21,081 INFO  server.RaftServerConfigKeys (ConfUtils.java:logGet(43)) - raft.server.log.statemachine.data.sync.timeout.retry = -1 (default)
2019-07-13 19:32:21,081 INFO  impl.RaftServerImpl (RaftServerImpl.java:start(180)) - 598db1d6-e3ad-489a-a8f2-4cf249dbda37: start group-F2280F254AD3
2019-07-13 19:32:21,081 INFO  server.RaftServerConfigKeys (ConfUtils.java:logGet(43)) - raft.server.log.statemachine.data.caching.enabled = true (custom)
2019-07-13 19:32:21,081 INFO  impl.RaftServerImpl (RaftServerImpl.java:setRole(171)) - 598db1d6-e3ad-489a-a8f2-4cf249dbda37:group-F2280F254AD3 changes role from null to FOLLOWER at term 0 for startAsFollower
2019-07-13 19:32:21,081 INFO  impl.RoleInfo (RoleInfo.java:updateAndGet(143)) - 598db1d6-e3ad-489a-a8f2-4cf249dbda37: start FollowerState
2019-07-13 19:32:21,081 INFO  segmented.SegmentedRaftLogWorker (SegmentedRaftLogWorker.java:lambda$new$0(132)) - 6b4b026a-3481-4b25-b58a-8b5d5ed83a0e-SegmentedRaftLogWorker:Storage Directory /tmp/workdir/hadoop-ozone/integration-test/target/test-dir/MiniOzoneClusterImpl-85b7ea47-8fa8-4119-bf57-4a436a3dbd64/datanode-4/data/ratis/e30133e2-13c2-40c4-bcc3-f2280f254ad3: flushIndex: setUnconditionally 0 -> -1
2019-07-13 19:32:21,082 INFO  util.JmxRegister (JmxRegister.java:tryRegister(44)) - Successfully registered JMX Bean with object name Ratis:service=RaftServer,group=group-F2280F254AD3,id=598db1d6-e3ad-489a-a8f2-4cf249dbda37
2019-07-13 19:32:21,082 INFO  server.RaftServerConfigKeys (ConfUtils.java:logGet(43)) - raft.server.snapshot.auto.trigger.enabled = true (custom)
2019-07-13 19:32:21,082 INFO  server.RaftServerConfigKeys (ConfUtils.java:logGet(43)) - raft.server.snapshot.auto.trigger.threshold = 10000 (custom)
2019-07-13 19:32:21,082 INFO  server.RaftServerConfigKeys (ConfUtils.java:logGet(43)) - raft.server.retrycache.expirytime = 600000ms (custom)
2019-07-13 19:32:21,084 INFO  impl.RaftServerImpl (RaftServerImpl.java:start(180)) - 6b4b026a-3481-4b25-b58a-8b5d5ed83a0e: start group-F2280F254AD3
2019-07-13 19:32:21,084 INFO  impl.RaftServerImpl (RaftServerImpl.java:setRole(171)) - 6b4b026a-3481-4b25-b58a-8b5d5ed83a0e:group-F2280F254AD3 changes role from null to FOLLOWER at term 0 for startAsFollower
2019-07-13 19:32:21,085 INFO  impl.RoleInfo (RoleInfo.java:updateAndGet(143)) - 6b4b026a-3481-4b25-b58a-8b5d5ed83a0e: start FollowerState
2019-07-13 19:32:21,089 INFO  util.JmxRegister (JmxRegister.java:tryRegister(44)) - Successfully registered JMX Bean with object name Ratis:service=RaftServer,group=group-F2280F254AD3,id=6b4b026a-3481-4b25-b58a-8b5d5ed83a0e
2019-07-13 19:32:21,105 INFO  pipeline.PipelineStateManager (PipelineStateManager.java:addPipeline(56)) - Created pipeline Pipeline[ Id: e30133e2-13c2-40c4-bcc3-f2280f254ad3, Nodes: 598db1d6-e3ad-489a-a8f2-4cf249dbda37{ip: 192.168.69.122, host: trunk-nightly-fxqsz-774976932, networkLocation: /default-rack, certSerialId: null}6b4b026a-3481-4b25-b58a-8b5d5ed83a0e{ip: 192.168.69.122, host: trunk-nightly-fxqsz-774976932, networkLocation: /default-rack, certSerialId: null}b894dc87-0501-43a9-9424-ba963e066ea8{ip: 192.168.69.122, host: trunk-nightly-fxqsz-774976932, networkLocation: /default-rack, certSerialId: null}, Type:RATIS, Factor:THREE, State:OPEN]
2019-07-13 19:32:21,132 INFO  impl.RaftServerProxy (RaftServerProxy.java:addNew(89)) - 6ba6747b-0f54-43b2-b684-1c5a9bb5647b: addNew group-363892724001:[02963ba0-723d-4501-bddb-fc4cdc1a907f:192.168.69.122:43470, 6ba6747b-0f54-43b2-b684-1c5a9bb5647b:192.168.69.122:37531, b42a8068-78f2-4a05-8265-820ce4700af2:192.168.69.122:35287] returns group-363892724001:java.util.concurrent.CompletableFuture@5524d16e[Not completed]
2019-07-13 19:32:21,135 INFO  impl.RaftServerProxy (RaftServerProxy.java:addNew(89)) - b42a8068-78f2-4a05-8265-820ce4700af2: addNew group-363892724001:[02963ba0-723d-4501-bddb-fc4cdc1a907f:192.168.69.122:43470, 6ba6747b-0f54-43b2-b684-1c5a9bb5647b:192.168.69.122:37531, b42a8068-78f2-4a05-8265-820ce4700af2:192.168.69.122:35287] returns group-363892724001:java.util.concurrent.CompletableFuture@288e4d1f[Not completed]
2019-07-13 19:32:21,136 INFO  impl.RaftServerImpl (RaftServerImpl.java:<init>(93)) - 6ba6747b-0f54-43b2-b684-1c5a9bb5647b: new RaftServerImpl for group-363892724001:[02963ba0-723d-4501-bddb-fc4cdc1a907f:192.168.69.122:43470, 6ba6747b-0f54-43b2-b684-1c5a9bb5647b:192.168.69.122:37531, b42a8068-78f2-4a05-8265-820ce4700af2:192.168.69.122:35287] with ContainerStateMachine:uninitialized
2019-07-13 19:32:21,138 INFO  impl.RaftServerProxy (RaftServerProxy.java:addNew(89)) - 02963ba0-723d-4501-bddb-fc4cdc1a907f: addNew group-363892724001:[02963ba0-723d-4501-bddb-fc4cdc1a907f:192.168.69.122:43470, 6ba6747b-0f54-43b2-b684-1c5a9bb5647b:192.168.69.122:37531, b42a8068-78f2-4a05-8265-820ce4700af2:192.168.69.122:35287] returns group-363892724001:java.util.concurrent.CompletableFuture@2431d4e2[Not completed]
2019-07-13 19:32:21,138 INFO  server.RaftServerConfigKeys (ConfUtils.java:logGet(43)) - raft.server.rpc.timeout.min = 5s (custom)
2019-07-13 19:32:21,138 INFO  server.RaftServerConfigKeys (ConfUtils.java:logGet(43)) - raft.server.rpc.timeout.max = 5200ms (custom)
2019-07-13 19:32:21,138 INFO  server.RaftServerConfigKeys (ConfUtils.java:logGet(43)) - raft.server.rpcslowness.timeout = 120s (custom)
2019-07-13 19:32:21,138 INFO  server.RaftServerConfigKeys (ConfUtils.java:logGet(43)) - raft.server.sleep.deviation.threshold = 300 (default)
2019-07-13 19:32:21,138 INFO  server.RaftServerConfigKeys (ConfUtils.java:logGet(43)) - raft.server.log.appender.install.snapshot.enabled = false (custom)
2019-07-13 19:32:21,138 INFO  impl.RaftServerImpl (RaftServerImpl.java:<init>(93)) - b42a8068-78f2-4a05-8265-820ce4700af2: new RaftServerImpl for group-363892724001:[02963ba0-723d-4501-bddb-fc4cdc1a907f:192.168.69.122:43470, 6ba6747b-0f54-43b2-b684-1c5a9bb5647b:192.168.69.122:37531, b42a8068-78f2-4a05-8265-820ce4700af2:192.168.69.122:35287] with ContainerStateMachine:uninitialized
2019-07-13 19:32:21,139 INFO  impl.RaftServerImpl (ServerState.java:<init>(105)) - 6ba6747b-0f54-43b2-b684-1c5a9bb5647b:group-363892724001 ConfigurationManager, init=-1: [02963ba0-723d-4501-bddb-fc4cdc1a907f:192.168.69.122:43470, 6ba6747b-0f54-43b2-b684-1c5a9bb5647b:192.168.69.122:37531, b42a8068-78f2-4a05-8265-820ce4700af2:192.168.69.122:35287], old=null, confs=<EMPTY_MAP>
2019-07-13 19:32:21,139 INFO  server.RaftServerConfigKeys (ConfUtils.java:logGet(43)) - raft.server.rpc.timeout.min = 5s (custom)
2019-07-13 19:32:21,139 INFO  server.RaftServerConfigKeys (ConfUtils.java:logGet(43)) - raft.server.storage.dir = [/tmp/workdir/hadoop-ozone/integration-test/target/test-dir/MiniOzoneClusterImpl-85b7ea47-8fa8-4119-bf57-4a436a3dbd64/datanode-1/data/ratis] (custom)
2019-07-13 19:32:21,139 INFO  server.RaftServerConfigKeys (ConfUtils.java:logGet(43)) - raft.server.rpc.timeout.max = 5200ms (custom)
2019-07-13 19:32:21,139 INFO  server.RaftServerConfigKeys (ConfUtils.java:logGet(43)) - raft.server.rpcslowness.timeout = 120s (custom)
2019-07-13 19:32:21,139 INFO  storage.RaftStorageDirectory (RaftStorageDirectory.java:analyzeStorage(246)) - The storage directory /tmp/workdir/hadoop-ozone/integration-test/target/test-dir/MiniOzoneClusterImpl-85b7ea47-8fa8-4119-bf57-4a436a3dbd64/datanode-1/data/ratis/6acc9876-3a30-419c-b5e8-363892724001 does not exist. Creating ...
2019-07-13 19:32:21,139 INFO  server.RaftServerConfigKeys (ConfUtils.java:logGet(43)) - raft.server.sleep.deviation.threshold = 300 (default)
2019-07-13 19:32:21,140 INFO  impl.RaftServerImpl (RaftServerImpl.java:<init>(93)) - 02963ba0-723d-4501-bddb-fc4cdc1a907f: new RaftServerImpl for group-363892724001:[02963ba0-723d-4501-bddb-fc4cdc1a907f:192.168.69.122:43470, 6ba6747b-0f54-43b2-b684-1c5a9bb5647b:192.168.69.122:37531, b42a8068-78f2-4a05-8265-820ce4700af2:192.168.69.122:35287] with ContainerStateMachine:uninitialized
2019-07-13 19:32:21,140 INFO  server.RaftServerConfigKeys (ConfUtils.java:logGet(43)) - raft.server.log.appender.install.snapshot.enabled = false (custom)
2019-07-13 19:32:21,140 INFO  server.RaftServerConfigKeys (ConfUtils.java:logGet(43)) - raft.server.rpc.timeout.min = 5s (custom)
2019-07-13 19:32:21,140 INFO  impl.RaftServerImpl (ServerState.java:<init>(105)) - b42a8068-78f2-4a05-8265-820ce4700af2:group-363892724001 ConfigurationManager, init=-1: [02963ba0-723d-4501-bddb-fc4cdc1a907f:192.168.69.122:43470, 6ba6747b-0f54-43b2-b684-1c5a9bb5647b:192.168.69.122:37531, b42a8068-78f2-4a05-8265-820ce4700af2:192.168.69.122:35287], old=null, confs=<EMPTY_MAP>
2019-07-13 19:32:21,140 INFO  server.RaftServerConfigKeys (ConfUtils.java:logGet(43)) - raft.server.rpc.timeout.max = 5200ms (custom)
2019-07-13 19:32:21,140 INFO  server.RaftServerConfigKeys (ConfUtils.java:logGet(43)) - raft.server.storage.dir = [/tmp/workdir/hadoop-ozone/integration-test/target/test-dir/MiniOzoneClusterImpl-85b7ea47-8fa8-4119-bf57-4a436a3dbd64/datanode-5/data/ratis] (custom)
2019-07-13 19:32:21,140 INFO  server.RaftServerConfigKeys (ConfUtils.java:logGet(43)) - raft.server.rpcslowness.timeout = 120s (custom)
2019-07-13 19:32:21,141 INFO  server.RaftServerConfigKeys (ConfUtils.java:logGet(43)) - raft.server.sleep.deviation.threshold = 300 (default)
2019-07-13 19:32:21,141 INFO  storage.RaftStorageDirectory (RaftStorageDirectory.java:analyzeStorage(246)) - The storage directory /tmp/workdir/hadoop-ozone/integration-test/target/test-dir/MiniOzoneClusterImpl-85b7ea47-8fa8-4119-bf57-4a436a3dbd64/datanode-5/data/ratis/6acc9876-3a30-419c-b5e8-363892724001 does not exist. Creating ...
2019-07-13 19:32:21,141 INFO  server.RaftServerConfigKeys (ConfUtils.java:logGet(43)) - raft.server.log.appender.install.snapshot.enabled = false (custom)
2019-07-13 19:32:21,141 INFO  impl.RaftServerImpl (ServerState.java:<init>(105)) - 02963ba0-723d-4501-bddb-fc4cdc1a907f:group-363892724001 ConfigurationManager, init=-1: [02963ba0-723d-4501-bddb-fc4cdc1a907f:192.168.69.122:43470, 6ba6747b-0f54-43b2-b684-1c5a9bb5647b:192.168.69.122:37531, b42a8068-78f2-4a05-8265-820ce4700af2:192.168.69.122:35287], old=null, confs=<EMPTY_MAP>
2019-07-13 19:32:21,141 INFO  server.RaftServerConfigKeys (ConfUtils.java:logGet(43)) - raft.server.storage.dir = [/tmp/workdir/hadoop-ozone/integration-test/target/test-dir/MiniOzoneClusterImpl-85b7ea47-8fa8-4119-bf57-4a436a3dbd64/datanode-3/data/ratis] (custom)
2019-07-13 19:32:21,142 INFO  storage.RaftStorageDirectory (RaftStorageDirectory.java:analyzeStorage(246)) - The storage directory /tmp/workdir/hadoop-ozone/integration-test/target/test-dir/MiniOzoneClusterImpl-85b7ea47-8fa8-4119-bf57-4a436a3dbd64/datanode-3/data/ratis/6acc9876-3a30-419c-b5e8-363892724001 does not exist. Creating ...
2019-07-13 19:32:21,153 INFO  storage.RaftStorageDirectory (RaftStorageDirectory.java:tryLock(328)) - Lock on /tmp/workdir/hadoop-ozone/integration-test/target/test-dir/MiniOzoneClusterImpl-85b7ea47-8fa8-4119-bf57-4a436a3dbd64/datanode-5/data/ratis/6acc9876-3a30-419c-b5e8-363892724001/in_use.lock acquired by nodename 18559@trunk-nightly-fxqsz-774976932
2019-07-13 19:32:21,153 INFO  storage.RaftStorageDirectory (RaftStorageDirectory.java:tryLock(328)) - Lock on /tmp/workdir/hadoop-ozone/integration-test/target/test-dir/MiniOzoneClusterImpl-85b7ea47-8fa8-4119-bf57-4a436a3dbd64/datanode-3/data/ratis/6acc9876-3a30-419c-b5e8-363892724001/in_use.lock acquired by nodename 18559@trunk-nightly-fxqsz-774976932
2019-07-13 19:32:21,153 INFO  storage.RaftStorageDirectory (RaftStorageDirectory.java:tryLock(328)) - Lock on /tmp/workdir/hadoop-ozone/integration-test/target/test-dir/MiniOzoneClusterImpl-85b7ea47-8fa8-4119-bf57-4a436a3dbd64/datanode-1/data/ratis/6acc9876-3a30-419c-b5e8-363892724001/in_use.lock acquired by nodename 18559@trunk-nightly-fxqsz-774976932
2019-07-13 19:32:21,167 INFO  storage.RaftStorage (RaftStorage.java:format(72)) - Storage directory /tmp/workdir/hadoop-ozone/integration-test/target/test-dir/MiniOzoneClusterImpl-85b7ea47-8fa8-4119-bf57-4a436a3dbd64/datanode-5/data/ratis/6acc9876-3a30-419c-b5e8-363892724001 has been successfully formatted.
2019-07-13 19:32:21,167 INFO  storage.RaftStorage (RaftStorage.java:format(72)) - Storage directory /tmp/workdir/hadoop-ozone/integration-test/target/test-dir/MiniOzoneClusterImpl-85b7ea47-8fa8-4119-bf57-4a436a3dbd64/datanode-3/data/ratis/6acc9876-3a30-419c-b5e8-363892724001 has been successfully formatted.
2019-07-13 19:32:21,167 INFO  storage.RaftStorage (RaftStorage.java:format(72)) - Storage directory /tmp/workdir/hadoop-ozone/integration-test/target/test-dir/MiniOzoneClusterImpl-85b7ea47-8fa8-4119-bf57-4a436a3dbd64/datanode-1/data/ratis/6acc9876-3a30-419c-b5e8-363892724001 has been successfully formatted.
2019-07-13 19:32:21,167 INFO  ratis.ContainerStateMachine (ContainerStateMachine.java:loadSnapshot(200)) - The snapshot info is null.Setting the last applied index to:(t:0, i:~)
2019-07-13 19:32:21,167 INFO  ratis.ContainerStateMachine (ContainerStateMachine.java:loadSnapshot(200)) - The snapshot info is null.Setting the last applied index to:(t:0, i:~)
2019-07-13 19:32:21,168 INFO  server.RaftServerConfigKeys (ConfUtils.java:logGet(43)) - raft.server.leader.election.timeout = 120s (custom)
2019-07-13 19:32:21,168 INFO  ratis.ContainerStateMachine (ContainerStateMachine.java:loadSnapshot(200)) - The snapshot info is null.Setting the last applied index to:(t:0, i:~)
2019-07-13 19:32:21,168 INFO  server.RaftServerConfigKeys (ConfUtils.java:logGet(43)) - raft.server.log.use.memory = false (default)
2019-07-13 19:32:21,168 INFO  server.RaftServerConfigKeys (ConfUtils.java:logGet(43)) - raft.server.leader.election.timeout = 120s (custom)
2019-07-13 19:32:21,168 INFO  server.RaftServerConfigKeys (ConfUtils.java:logGet(43)) - raft.server.log.purge.gap = 1000000000 (custom)
2019-07-13 19:32:21,168 INFO  server.RaftServerConfigKeys (ConfUtils.java:logGet(43)) - raft.server.leader.election.timeout = 120s (custom)
2019-07-13 19:32:21,168 INFO  server.RaftServerConfigKeys (ConfUtils.java:logGet(43)) - raft.server.log.appender.buffer.byte-limit = 33554432 (custom)
2019-07-13 19:32:21,168 INFO  server.RaftServerConfigKeys (ConfUtils.java:logGet(43)) - raft.server.log.use.memory = false (default)
2019-07-13 19:32:21,169 INFO  server.RaftServerConfigKeys (ConfUtils.java:logGet(43)) - raft.server.log.segment.size.max = 1048576 (custom)
2019-07-13 19:32:21,168 INFO  server.RaftServerConfigKeys (ConfUtils.java:logGet(43)) - raft.server.log.use.memory = false (default)
2019-07-13 19:32:21,169 INFO  server.RaftServerConfigKeys (ConfUtils.java:logGet(43)) - raft.server.log.segment.cache.num.max = 2 (custom)
2019-07-13 19:32:21,169 INFO  segmented.SegmentedRaftLogWorker (SegmentedRaftLogWorker.java:<init>(172)) - new 02963ba0-723d-4501-bddb-fc4cdc1a907f-SegmentedRaftLogWorker:Storage Directory /tmp/workdir/hadoop-ozone/integration-test/target/test-dir/MiniOzoneClusterImpl-85b7ea47-8fa8-4119-bf57-4a436a3dbd64/datanode-3/data/ratis/6acc9876-3a30-419c-b5e8-363892724001 for RaftStorage:Storage Directory /tmp/workdir/hadoop-ozone/integration-test/target/test-dir/MiniOzoneClusterImpl-85b7ea47-8fa8-4119-bf57-4a436a3dbd64/datanode-3/data/ratis/6acc9876-3a30-419c-b5e8-363892724001
2019-07-13 19:32:21,169 INFO  server.RaftServerConfigKeys (ConfUtils.java:logGet(43)) - raft.server.log.purge.gap = 1000000000 (custom)
2019-07-13 19:32:21,169 INFO  server.RaftServerConfigKeys (ConfUtils.java:logGet(43)) - raft.server.log.queue.byte-limit = 2147483647 (custom)
2019-07-13 19:32:21,169 INFO  server.RaftServerConfigKeys (ConfUtils.java:logGet(43)) - raft.server.log.purge.gap = 1000000000 (custom)
2019-07-13 19:32:21,171 INFO  server.RaftServerConfigKeys (ConfUtils.java:logGet(43)) - raft.server.log.queue.element-limit = 1024 (custom)
2019-07-13 19:32:21,169 INFO  server.RaftServerConfigKeys (ConfUtils.java:logGet(43)) - raft.server.log.appender.buffer.byte-limit = 33554432 (custom)
2019-07-13 19:32:21,172 INFO  server.RaftServerConfigKeys (ConfUtils.java:logGet(43)) - raft.server.log.segment.size.max = 1048576 (custom)
2019-07-13 19:32:21,172 INFO  server.RaftServerConfigKeys (ConfUtils.java:logGet(43)) - raft.server.log.appender.buffer.byte-limit = 33554432 (custom)
2019-07-13 19:32:21,172 INFO  server.RaftServerConfigKeys (ConfUtils.java:logGet(43)) - raft.server.log.preallocated.size = 16384 (custom)
2019-07-13 19:32:21,172 INFO  server.RaftServerConfigKeys (ConfUtils.java:logGet(43)) - raft.server.log.write.buffer.size = 33554432 (custom)
2019-07-13 19:32:21,172 INFO  server.RaftServerConfigKeys (ConfUtils.java:logGet(43)) - raft.server.log.segment.size.max = 1048576 (custom)
2019-07-13 19:32:21,173 INFO  server.RaftServerConfigKeys (ConfUtils.java:logGet(43)) - raft.server.log.force.sync.num = 128 (default)
2019-07-13 19:32:21,173 INFO  server.RaftServerConfigKeys (ConfUtils.java:logGet(43)) - raft.server.log.statemachine.data.sync = true (default)
2019-07-13 19:32:21,172 INFO  server.RaftServerConfigKeys (ConfUtils.java:logGet(43)) - raft.server.log.segment.size.max = 1048576 (custom)
2019-07-13 19:32:21,173 INFO  server.RaftServerConfigKeys (ConfUtils.java:logGet(43)) - raft.server.log.statemachine.data.sync.timeout = 10s (default)
2019-07-13 19:32:21,173 INFO  server.RaftServerConfigKeys (ConfUtils.java:logGet(43)) - raft.server.log.statemachine.data.sync.timeout.retry = -1 (default)
2019-07-13 19:32:21,173 INFO  server.RaftServerConfigKeys (ConfUtils.java:logGet(43)) - raft.server.log.segment.cache.num.max = 2 (custom)
2019-07-13 19:32:21,173 INFO  server.RaftServerConfigKeys (ConfUtils.java:logGet(43)) - raft.server.log.statemachine.data.caching.enabled = true (custom)
2019-07-13 19:32:21,173 INFO  server.RaftServerConfigKeys (ConfUtils.java:logGet(43)) - raft.server.log.segment.cache.num.max = 2 (custom)
2019-07-13 19:32:21,174 INFO  segmented.SegmentedRaftLogWorker (SegmentedRaftLogWorker.java:lambda$new$0(132)) - 02963ba0-723d-4501-bddb-fc4cdc1a907f-SegmentedRaftLogWorker:Storage Directory /tmp/workdir/hadoop-ozone/integration-test/target/test-dir/MiniOzoneClusterImpl-85b7ea47-8fa8-4119-bf57-4a436a3dbd64/datanode-3/data/ratis/6acc9876-3a30-419c-b5e8-363892724001: flushIndex: setUnconditionally 0 -> -1
2019-07-13 19:32:21,174 INFO  segmented.SegmentedRaftLogWorker (SegmentedRaftLogWorker.java:<init>(172)) - new b42a8068-78f2-4a05-8265-820ce4700af2-SegmentedRaftLogWorker:Storage Directory /tmp/workdir/hadoop-ozone/integration-test/target/test-dir/MiniOzoneClusterImpl-85b7ea47-8fa8-4119-bf57-4a436a3dbd64/datanode-5/data/ratis/6acc9876-3a30-419c-b5e8-363892724001 for RaftStorage:Storage Directory /tmp/workdir/hadoop-ozone/integration-test/target/test-dir/MiniOzoneClusterImpl-85b7ea47-8fa8-4119-bf57-4a436a3dbd64/datanode-5/data/ratis/6acc9876-3a30-419c-b5e8-363892724001
2019-07-13 19:32:21,174 INFO  server.RaftServerConfigKeys (ConfUtils.java:logGet(43)) - raft.server.snapshot.auto.trigger.enabled = true (custom)
2019-07-13 19:32:21,174 INFO  segmented.SegmentedRaftLogWorker (SegmentedRaftLogWorker.java:<init>(172)) - new 6ba6747b-0f54-43b2-b684-1c5a9bb5647b-SegmentedRaftLogWorker:Storage Directory /tmp/workdir/hadoop-ozone/integration-test/target/test-dir/MiniOzoneClusterImpl-85b7ea47-8fa8-4119-bf57-4a436a3dbd64/datanode-1/data/ratis/6acc9876-3a30-419c-b5e8-363892724001 for RaftStorage:Storage Directory /tmp/workdir/hadoop-ozone/integration-test/target/test-dir/MiniOzoneClusterImpl-85b7ea47-8fa8-4119-bf57-4a436a3dbd64/datanode-1/data/ratis/6acc9876-3a30-419c-b5e8-363892724001
2019-07-13 19:32:21,174 INFO  server.RaftServerConfigKeys (ConfUtils.java:logGet(43)) - raft.server.snapshot.auto.trigger.threshold = 10000 (custom)
2019-07-13 19:32:21,174 INFO  server.RaftServerConfigKeys (ConfUtils.java:logGet(43)) - raft.server.log.queue.byte-limit = 2147483647 (custom)
2019-07-13 19:32:21,178 INFO  server.RaftServerConfigKeys (ConfUtils.java:logGet(43)) - raft.server.retrycache.expirytime = 600000ms (custom)
2019-07-13 19:32:21,176 INFO  server.RaftServerConfigKeys (ConfUtils.java:logGet(43)) - raft.server.log.queue.byte-limit = 2147483647 (custom)
2019-07-13 19:32:21,178 INFO  impl.RaftServerImpl (RaftServerImpl.java:start(180)) - 02963ba0-723d-4501-bddb-fc4cdc1a907f: start group-363892724001
2019-07-13 19:32:21,179 INFO  impl.RaftServerImpl (RaftServerImpl.java:setRole(171)) - 02963ba0-723d-4501-bddb-fc4cdc1a907f:group-363892724001 changes role from null to FOLLOWER at term 0 for startAsFollower
2019-07-13 19:32:21,178 INFO  server.RaftServerConfigKeys (ConfUtils.java:logGet(43)) - raft.server.log.queue.element-limit = 1024 (custom)
2019-07-13 19:32:21,179 INFO  impl.RoleInfo (RoleInfo.java:updateAndGet(143)) - 02963ba0-723d-4501-bddb-fc4cdc1a907f: start FollowerState
2019-07-13 19:32:21,179 INFO  server.RaftServerConfigKeys (ConfUtils.java:logGet(43)) - raft.server.log.queue.element-limit = 1024 (custom)
2019-07-13 19:32:21,179 INFO  server.RaftServerConfigKeys (ConfUtils.java:logGet(43)) - raft.server.log.segment.size.max = 1048576 (custom)
2019-07-13 19:32:21,179 INFO  server.RaftServerConfigKeys (ConfUtils.java:logGet(43)) - raft.server.log.segment.size.max = 1048576 (custom)
2019-07-13 19:32:21,179 INFO  util.JmxRegister (JmxRegister.java:tryRegister(44)) - Successfully registered JMX Bean with object name Ratis:service=RaftServer,group=group-363892724001,id=02963ba0-723d-4501-bddb-fc4cdc1a907f
2019-07-13 19:32:21,180 INFO  server.RaftServerConfigKeys (ConfUtils.java:logGet(43)) - raft.server.log.preallocated.size = 16384 (custom)
2019-07-13 19:32:21,179 INFO  server.RaftServerConfigKeys (ConfUtils.java:logGet(43)) - raft.server.log.preallocated.size = 16384 (custom)
2019-07-13 19:32:21,180 INFO  server.RaftServerConfigKeys (ConfUtils.java:logGet(43)) - raft.server.log.write.buffer.size = 33554432 (custom)
2019-07-13 19:32:21,180 INFO  server.RaftServerConfigKeys (ConfUtils.java:logGet(43)) - raft.server.log.write.buffer.size = 33554432 (custom)
2019-07-13 19:32:21,180 INFO  server.RaftServerConfigKeys (ConfUtils.java:logGet(43)) - raft.server.log.force.sync.num = 128 (default)
2019-07-13 19:32:21,180 INFO  server.RaftServerConfigKeys (ConfUtils.java:logGet(43)) - raft.server.log.force.sync.num = 128 (default)
2019-07-13 19:32:21,180 INFO  server.RaftServerConfigKeys (ConfUtils.java:logGet(43)) - raft.server.log.statemachine.data.sync = true (default)
2019-07-13 19:32:21,181 INFO  server.RaftServerConfigKeys (ConfUtils.java:logGet(43)) - raft.server.log.statemachine.data.sync = true (default)
2019-07-13 19:32:21,181 INFO  server.RaftServerConfigKeys (ConfUtils.java:logGet(43)) - raft.server.log.statemachine.data.sync.timeout = 10s (default)
2019-07-13 19:32:21,181 INFO  server.RaftServerConfigKeys (ConfUtils.java:logGet(43)) - raft.server.log.statemachine.data.sync.timeout = 10s (default)
2019-07-13 19:32:21,181 INFO  server.RaftServerConfigKeys (ConfUtils.java:logGet(43)) - raft.server.log.statemachine.data.sync.timeout.retry = -1 (default)
2019-07-13 19:32:21,181 INFO  server.RaftServerConfigKeys (ConfUtils.java:logGet(43)) - raft.server.log.statemachine.data.sync.timeout.retry = -1 (default)
2019-07-13 19:32:21,181 INFO  server.RaftServerConfigKeys (ConfUtils.java:logGet(43)) - raft.server.log.statemachine.data.caching.enabled = true (custom)
2019-07-13 19:32:21,183 INFO  server.RaftServerConfigKeys (ConfUtils.java:logGet(43)) - raft.server.log.statemachine.data.caching.enabled = true (custom)
2019-07-13 19:32:21,184 INFO  segmented.SegmentedRaftLogWorker (SegmentedRaftLogWorker.java:lambda$new$0(132)) - 6ba6747b-0f54-43b2-b684-1c5a9bb5647b-SegmentedRaftLogWorker:Storage Directory /tmp/workdir/hadoop-ozone/integration-test/target/test-dir/MiniOzoneClusterImpl-85b7ea47-8fa8-4119-bf57-4a436a3dbd64/datanode-1/data/ratis/6acc9876-3a30-419c-b5e8-363892724001: flushIndex: setUnconditionally 0 -> -1
2019-07-13 19:32:21,184 INFO  segmented.SegmentedRaftLogWorker (SegmentedRaftLogWorker.java:lambda$new$0(132)) - b42a8068-78f2-4a05-8265-820ce4700af2-SegmentedRaftLogWorker:Storage Directory /tmp/workdir/hadoop-ozone/integration-test/target/test-dir/MiniOzoneClusterImpl-85b7ea47-8fa8-4119-bf57-4a436a3dbd64/datanode-5/data/ratis/6acc9876-3a30-419c-b5e8-363892724001: flushIndex: setUnconditionally 0 -> -1
2019-07-13 19:32:21,186 INFO  server.RaftServerConfigKeys (ConfUtils.java:logGet(43)) - raft.server.snapshot.auto.trigger.enabled = true (custom)
2019-07-13 19:32:21,186 INFO  server.RaftServerConfigKeys (ConfUtils.java:logGet(43)) - raft.server.snapshot.auto.trigger.threshold = 10000 (custom)
2019-07-13 19:32:21,186 INFO  server.RaftServerConfigKeys (ConfUtils.java:logGet(43)) - raft.server.snapshot.auto.trigger.enabled = true (custom)
2019-07-13 19:32:21,188 INFO  server.RaftServerConfigKeys (ConfUtils.java:logGet(43)) - raft.server.retrycache.expirytime = 600000ms (custom)
2019-07-13 19:32:21,188 INFO  server.RaftServerConfigKeys (ConfUtils.java:logGet(43)) - raft.server.snapshot.auto.trigger.threshold = 10000 (custom)
2019-07-13 19:32:21,190 INFO  impl.RaftServerImpl (RaftServerImpl.java:start(180)) - b42a8068-78f2-4a05-8265-820ce4700af2: start group-363892724001
2019-07-13 19:32:21,190 INFO  server.RaftServerConfigKeys (ConfUtils.java:logGet(43)) - raft.server.retrycache.expirytime = 600000ms (custom)
2019-07-13 19:32:21,190 INFO  impl.RaftServerImpl (RaftServerImpl.java:setRole(171)) - b42a8068-78f2-4a05-8265-820ce4700af2:group-363892724001 changes role from null to FOLLOWER at term 0 for startAsFollower
2019-07-13 19:32:21,190 INFO  impl.RaftServerImpl (RaftServerImpl.java:start(180)) - 6ba6747b-0f54-43b2-b684-1c5a9bb5647b: start group-363892724001
2019-07-13 19:32:21,191 INFO  impl.RoleInfo (RoleInfo.java:updateAndGet(143)) - b42a8068-78f2-4a05-8265-820ce4700af2: start FollowerState
2019-07-13 19:32:21,191 INFO  impl.RaftServerImpl (RaftServerImpl.java:setRole(171)) - 6ba6747b-0f54-43b2-b684-1c5a9bb5647b:group-363892724001 changes role from null to FOLLOWER at term 0 for startAsFollower
2019-07-13 19:32:21,191 INFO  impl.RoleInfo (RoleInfo.java:updateAndGet(143)) - 6ba6747b-0f54-43b2-b684-1c5a9bb5647b: start FollowerState
2019-07-13 19:32:21,191 INFO  util.JmxRegister (JmxRegister.java:tryRegister(44)) - Successfully registered JMX Bean with object name Ratis:service=RaftServer,group=group-363892724001,id=b42a8068-78f2-4a05-8265-820ce4700af2
2019-07-13 19:32:21,191 INFO  util.JmxRegister (JmxRegister.java:tryRegister(44)) - Successfully registered JMX Bean with object name Ratis:service=RaftServer,group=group-363892724001,id=6ba6747b-0f54-43b2-b684-1c5a9bb5647b
2019-07-13 19:32:21,207 INFO  pipeline.PipelineStateManager (PipelineStateManager.java:addPipeline(56)) - Created pipeline Pipeline[ Id: 6acc9876-3a30-419c-b5e8-363892724001, Nodes: 02963ba0-723d-4501-bddb-fc4cdc1a907f{ip: 192.168.69.122, host: trunk-nightly-fxqsz-774976932, networkLocation: /default-rack, certSerialId: null}6ba6747b-0f54-43b2-b684-1c5a9bb5647b{ip: 192.168.69.122, host: trunk-nightly-fxqsz-774976932, networkLocation: /default-rack, certSerialId: null}b42a8068-78f2-4a05-8265-820ce4700af2{ip: 192.168.69.122, host: trunk-nightly-fxqsz-774976932, networkLocation: /default-rack, certSerialId: null}, Type:RATIS, Factor:THREE, State:OPEN]
2019-07-13 19:32:21,542 INFO  ozone.MiniOzoneClusterImpl (MiniOzoneClusterImpl.java:lambda$waitForClusterToBeReady$0(142)) - Cluster is ready. Got 7 of 7 DN Heartbeats.
2019-07-13 19:32:21,884 INFO  rpc.RpcClient (RpcClient.java:createVolume(287)) - Creating Volume: watchforcommithandlingtest, with jenkins1000 as owner.
2019-07-13 19:32:21,941 INFO  rpc.RpcClient (RpcClient.java:createBucket(424)) - Creating Bucket: watchforcommithandlingtest/watchforcommithandlingtest, with Versioning false and Storage Type set to DISK and Encryption set to false 
2019-07-13 19:32:21,963 INFO  ozone.MiniOzoneClusterImpl (MiniOzoneClusterImpl.java:getStorageContainerLocationClient(241)) - Creating StorageContainerLocationProtocol RPC client with address /0.0.0.0:46256
2019-07-13 19:32:22,190 INFO  container.ReplicationManager (ReplicationManager.java:start(155)) - Starting Replication Monitor Thread.
2019-07-13 19:32:22,196 INFO  container.ReplicationManager (ReplicationManager.java:run(207)) - Replication Monitor Thread took 4 milliseconds for processing 1 containers.
2019-07-13 19:32:22,243 INFO  client.GrpcClientProtocolClient (GrpcClientProtocolClient.java:onNext(255)) - client-0F3046D05033->598db1d6-e3ad-489a-a8f2-4cf249dbda37: receive RaftClientReply:client-0F3046D05033->598db1d6-e3ad-489a-a8f2-4cf249dbda37@group-F2280F254AD3, cid=13, FAILED org.apache.ratis.protocol.NotLeaderException: Server 598db1d6-e3ad-489a-a8f2-4cf249dbda37 is not the leader (null). Request must be sent to leader., logIndex=0, commits[598db1d6-e3ad-489a-a8f2-4cf249dbda37:c-1]
2019-07-13 19:32:23,294 INFO  client.GrpcClientProtocolClient (GrpcClientProtocolClient.java:onNext(255)) - client-0F3046D05033->b894dc87-0501-43a9-9424-ba963e066ea8: receive RaftClientReply:client-0F3046D05033->b894dc87-0501-43a9-9424-ba963e066ea8@group-F2280F254AD3, cid=13, FAILED org.apache.ratis.protocol.NotLeaderException: Server b894dc87-0501-43a9-9424-ba963e066ea8 is not the leader (null). Request must be sent to leader., logIndex=0, commits[b894dc87-0501-43a9-9424-ba963e066ea8:c-1]
2019-07-13 19:32:24,325 INFO  client.GrpcClientProtocolClient (GrpcClientProtocolClient.java:onNext(255)) - client-0F3046D05033->6b4b026a-3481-4b25-b58a-8b5d5ed83a0e: receive RaftClientReply:client-0F3046D05033->6b4b026a-3481-4b25-b58a-8b5d5ed83a0e@group-F2280F254AD3, cid=13, FAILED org.apache.ratis.protocol.NotLeaderException: Server 6b4b026a-3481-4b25-b58a-8b5d5ed83a0e is not the leader (null). Request must be sent to leader., logIndex=0, commits[6b4b026a-3481-4b25-b58a-8b5d5ed83a0e:c-1]
2019-07-13 19:32:25,350 INFO  client.GrpcClientProtocolClient (GrpcClientProtocolClient.java:onNext(255)) - client-0F3046D05033->b894dc87-0501-43a9-9424-ba963e066ea8: receive RaftClientReply:client-0F3046D05033->b894dc87-0501-43a9-9424-ba963e066ea8@group-F2280F254AD3, cid=13, FAILED org.apache.ratis.protocol.NotLeaderException: Server b894dc87-0501-43a9-9424-ba963e066ea8 is not the leader (null). Request must be sent to leader., logIndex=0, commits[b894dc87-0501-43a9-9424-ba963e066ea8:c-1]
2019-07-13 19:32:25,572 INFO  impl.FollowerState (FollowerState.java:run(106)) - b894dc87-0501-43a9-9424-ba963e066ea8:group-99C8DB78B4C4 changes to CANDIDATE, lastRpcTime:5192, electionTimeout:5191ms
2019-07-13 19:32:25,572 INFO  impl.RoleInfo (RoleInfo.java:shutdownFollowerState(121)) - b894dc87-0501-43a9-9424-ba963e066ea8: shutdown FollowerState
2019-07-13 19:32:25,572 INFO  impl.RaftServerImpl (RaftServerImpl.java:setRole(171)) - b894dc87-0501-43a9-9424-ba963e066ea8:group-99C8DB78B4C4 changes role from FOLLOWER to CANDIDATE at term 0 for changeToCandidate
2019-07-13 19:32:25,579 INFO  impl.RoleInfo (RoleInfo.java:updateAndGet(143)) - b894dc87-0501-43a9-9424-ba963e066ea8: start LeaderElection
2019-07-13 19:32:25,601 INFO  impl.LeaderElection (LeaderElection.java:askForVotes(181)) - b894dc87-0501-43a9-9424-ba963e066ea8:group-99C8DB78B4C4:LeaderElection1: begin an election at term 1 for -1: [b894dc87-0501-43a9-9424-ba963e066ea8:192.168.69.122:44985], old=null
2019-07-13 19:32:25,603 INFO  impl.RoleInfo (RoleInfo.java:shutdownLeaderElection(134)) - b894dc87-0501-43a9-9424-ba963e066ea8: shutdown LeaderElection
2019-07-13 19:32:25,604 INFO  impl.RaftServerImpl (RaftServerImpl.java:setRole(171)) - b894dc87-0501-43a9-9424-ba963e066ea8:group-99C8DB78B4C4 changes role from CANDIDATE to LEADER at term 1 for changeToLeader
2019-07-13 19:32:25,604 INFO  impl.RaftServerImpl (ServerState.java:setLeader(263)) - b894dc87-0501-43a9-9424-ba963e066ea8:group-99C8DB78B4C4 change Leader from null to b894dc87-0501-43a9-9424-ba963e066ea8 at term 1 for becomeLeader, leader elected after 5310ms
2019-07-13 19:32:25,614 INFO  server.RaftServerConfigKeys (ConfUtils.java:logGet(43)) - raft.server.staging.catchup.gap = 1000 (default)
2019-07-13 19:32:25,614 INFO  server.RaftServerConfigKeys (ConfUtils.java:logGet(43)) - raft.server.rpc.sleep.time = 25ms (default)
2019-07-13 19:32:25,618 INFO  server.RaftServerConfigKeys (ConfUtils.java:logGet(43)) - raft.server.write.element-limit = 4096 (default)
2019-07-13 19:32:25,621 INFO  server.RaftServerConfigKeys (ConfUtils.java:logGet(43)) - raft.server.watch.timeout = 10s (default)
2019-07-13 19:32:25,622 INFO  server.RaftServerConfigKeys (ConfUtils.java:logGet(43)) - raft.server.watch.timeout.denomination = 1s (default)
2019-07-13 19:32:25,623 INFO  server.RaftServerConfigKeys (ConfUtils.java:logGet(43)) - raft.server.watch.element-limit = 65536 (default)
2019-07-13 19:32:25,634 INFO  impl.RoleInfo (RoleInfo.java:updateAndGet(143)) - b894dc87-0501-43a9-9424-ba963e066ea8: start LeaderState
2019-07-13 19:32:25,661 INFO  segmented.SegmentedRaftLogWorker (SegmentedRaftLogWorker.java:startLogSegment(380)) - b894dc87-0501-43a9-9424-ba963e066ea8-SegmentedRaftLogWorker:Storage Directory /tmp/workdir/hadoop-ozone/integration-test/target/test-dir/MiniOzoneClusterImpl-85b7ea47-8fa8-4119-bf57-4a436a3dbd64/datanode-0/data/ratis/e3ce1085-8279-4df4-84c0-99c8db78b4c4: Starting segment from index:0
2019-07-13 19:32:25,671 INFO  impl.RaftServerImpl (ServerState.java:setRaftConf(361)) - b894dc87-0501-43a9-9424-ba963e066ea8:group-99C8DB78B4C4 set configuration 0: [b894dc87-0501-43a9-9424-ba963e066ea8:192.168.69.122:44985], old=null at 0
2019-07-13 19:32:25,716 INFO  impl.FollowerState (FollowerState.java:run(106)) - 598db1d6-e3ad-489a-a8f2-4cf249dbda37:group-3C21AE87CA0B changes to CANDIDATE, lastRpcTime:5126, electionTimeout:5124ms
2019-07-13 19:32:25,718 INFO  impl.RoleInfo (RoleInfo.java:shutdownFollowerState(121)) - 598db1d6-e3ad-489a-a8f2-4cf249dbda37: shutdown FollowerState
2019-07-13 19:32:25,718 INFO  impl.RaftServerImpl (RaftServerImpl.java:setRole(171)) - 598db1d6-e3ad-489a-a8f2-4cf249dbda37:group-3C21AE87CA0B changes role from FOLLOWER to CANDIDATE at term 0 for changeToCandidate
2019-07-13 19:32:25,718 INFO  impl.RoleInfo (RoleInfo.java:updateAndGet(143)) - 598db1d6-e3ad-489a-a8f2-4cf249dbda37: start LeaderElection
2019-07-13 19:32:25,738 INFO  impl.LeaderElection (LeaderElection.java:askForVotes(181)) - 598db1d6-e3ad-489a-a8f2-4cf249dbda37:group-3C21AE87CA0B:LeaderElection2: begin an election at term 1 for -1: [598db1d6-e3ad-489a-a8f2-4cf249dbda37:192.168.69.122:36028], old=null
2019-07-13 19:32:25,738 INFO  impl.RoleInfo (RoleInfo.java:shutdownLeaderElection(134)) - 598db1d6-e3ad-489a-a8f2-4cf249dbda37: shutdown LeaderElection
2019-07-13 19:32:25,738 INFO  impl.RaftServerImpl (RaftServerImpl.java:setRole(171)) - 598db1d6-e3ad-489a-a8f2-4cf249dbda37:group-3C21AE87CA0B changes role from CANDIDATE to LEADER at term 1 for changeToLeader
2019-07-13 19:32:25,738 INFO  impl.RaftServerImpl (ServerState.java:setLeader(263)) - 598db1d6-e3ad-489a-a8f2-4cf249dbda37:group-3C21AE87CA0B change Leader from null to 598db1d6-e3ad-489a-a8f2-4cf249dbda37 at term 1 for becomeLeader, leader elected after 5156ms
2019-07-13 19:32:25,740 INFO  server.RaftServerConfigKeys (ConfUtils.java:logGet(43)) - raft.server.staging.catchup.gap = 1000 (default)
2019-07-13 19:32:25,741 INFO  server.RaftServerConfigKeys (ConfUtils.java:logGet(43)) - raft.server.rpc.sleep.time = 25ms (default)
2019-07-13 19:32:25,741 INFO  server.RaftServerConfigKeys (ConfUtils.java:logGet(43)) - raft.server.write.element-limit = 4096 (default)
2019-07-13 19:32:25,741 INFO  server.RaftServerConfigKeys (ConfUtils.java:logGet(43)) - raft.server.watch.timeout = 10s (default)
2019-07-13 19:32:25,741 INFO  server.RaftServerConfigKeys (ConfUtils.java:logGet(43)) - raft.server.watch.timeout.denomination = 1s (default)
2019-07-13 19:32:25,741 INFO  server.RaftServerConfigKeys (ConfUtils.java:logGet(43)) - raft.server.watch.element-limit = 65536 (default)
2019-07-13 19:32:25,742 INFO  impl.RoleInfo (RoleInfo.java:updateAndGet(143)) - 598db1d6-e3ad-489a-a8f2-4cf249dbda37: start LeaderState
2019-07-13 19:32:25,742 INFO  segmented.SegmentedRaftLogWorker (SegmentedRaftLogWorker.java:startLogSegment(380)) - 598db1d6-e3ad-489a-a8f2-4cf249dbda37-SegmentedRaftLogWorker:Storage Directory /tmp/workdir/hadoop-ozone/integration-test/target/test-dir/MiniOzoneClusterImpl-85b7ea47-8fa8-4119-bf57-4a436a3dbd64/datanode-2/data/ratis/cc9c6bde-2362-4fbf-bf62-3c21ae87ca0b: Starting segment from index:0
2019-07-13 19:32:25,743 INFO  impl.RaftServerImpl (ServerState.java:setRaftConf(361)) - 598db1d6-e3ad-489a-a8f2-4cf249dbda37:group-3C21AE87CA0B set configuration 0: [598db1d6-e3ad-489a-a8f2-4cf249dbda37:192.168.69.122:36028], old=null at 0
2019-07-13 19:32:25,765 INFO  impl.FollowerState (FollowerState.java:run(106)) - 02963ba0-723d-4501-bddb-fc4cdc1a907f:group-4074B9C2D706 changes to CANDIDATE, lastRpcTime:5004, electionTimeout:5004ms
2019-07-13 19:32:25,765 INFO  impl.RoleInfo (RoleInfo.java:shutdownFollowerState(121)) - 02963ba0-723d-4501-bddb-fc4cdc1a907f: shutdown FollowerState
2019-07-13 19:32:25,765 INFO  impl.RaftServerImpl (RaftServerImpl.java:setRole(171)) - 02963ba0-723d-4501-bddb-fc4cdc1a907f:group-4074B9C2D706 changes role from FOLLOWER to CANDIDATE at term 0 for changeToCandidate
2019-07-13 19:32:25,765 INFO  impl.RoleInfo (RoleInfo.java:updateAndGet(143)) - 02963ba0-723d-4501-bddb-fc4cdc1a907f: start LeaderElection
2019-07-13 19:32:25,783 INFO  impl.LeaderElection (LeaderElection.java:askForVotes(181)) - 02963ba0-723d-4501-bddb-fc4cdc1a907f:group-4074B9C2D706:LeaderElection3: begin an election at term 1 for -1: [02963ba0-723d-4501-bddb-fc4cdc1a907f:192.168.69.122:43470], old=null
2019-07-13 19:32:25,785 INFO  impl.RoleInfo (RoleInfo.java:shutdownLeaderElection(134)) - 02963ba0-723d-4501-bddb-fc4cdc1a907f: shutdown LeaderElection
2019-07-13 19:32:25,785 INFO  impl.RaftServerImpl (RaftServerImpl.java:setRole(171)) - 02963ba0-723d-4501-bddb-fc4cdc1a907f:group-4074B9C2D706 changes role from CANDIDATE to LEADER at term 1 for changeToLeader
2019-07-13 19:32:25,785 INFO  impl.RaftServerImpl (ServerState.java:setLeader(263)) - 02963ba0-723d-4501-bddb-fc4cdc1a907f:group-4074B9C2D706 change Leader from null to 02963ba0-723d-4501-bddb-fc4cdc1a907f at term 1 for becomeLeader, leader elected after 5029ms
2019-07-13 19:32:25,787 INFO  server.RaftServerConfigKeys (ConfUtils.java:logGet(43)) - raft.server.staging.catchup.gap = 1000 (default)
2019-07-13 19:32:25,787 INFO  server.RaftServerConfigKeys (ConfUtils.java:logGet(43)) - raft.server.rpc.sleep.time = 25ms (default)
2019-07-13 19:32:25,787 INFO  server.RaftServerConfigKeys (ConfUtils.java:logGet(43)) - raft.server.write.element-limit = 4096 (default)
2019-07-13 19:32:25,788 INFO  server.RaftServerConfigKeys (ConfUtils.java:logGet(43)) - raft.server.watch.timeout = 10s (default)
2019-07-13 19:32:25,788 INFO  server.RaftServerConfigKeys (ConfUtils.java:logGet(43)) - raft.server.watch.timeout.denomination = 1s (default)
2019-07-13 19:32:25,788 INFO  server.RaftServerConfigKeys (ConfUtils.java:logGet(43)) - raft.server.watch.element-limit = 65536 (default)
2019-07-13 19:32:25,788 INFO  impl.RoleInfo (RoleInfo.java:updateAndGet(143)) - 02963ba0-723d-4501-bddb-fc4cdc1a907f: start LeaderState
2019-07-13 19:32:25,789 INFO  segmented.SegmentedRaftLogWorker (SegmentedRaftLogWorker.java:startLogSegment(380)) - 02963ba0-723d-4501-bddb-fc4cdc1a907f-SegmentedRaftLogWorker:Storage Directory /tmp/workdir/hadoop-ozone/integration-test/target/test-dir/MiniOzoneClusterImpl-85b7ea47-8fa8-4119-bf57-4a436a3dbd64/datanode-3/data/ratis/f27fc27b-a5bc-4b73-aba6-4074b9c2d706: Starting segment from index:0
2019-07-13 19:32:25,789 INFO  impl.RaftServerImpl (ServerState.java:setRaftConf(361)) - 02963ba0-723d-4501-bddb-fc4cdc1a907f:group-4074B9C2D706 set configuration 0: [02963ba0-723d-4501-bddb-fc4cdc1a907f:192.168.69.122:43470], old=null at 0
2019-07-13 19:32:25,844 INFO  impl.FollowerState (FollowerState.java:run(106)) - 6b4b026a-3481-4b25-b58a-8b5d5ed83a0e:group-278C45418CE8 changes to CANDIDATE, lastRpcTime:5163, electionTimeout:5163ms
2019-07-13 19:32:25,845 INFO  impl.RoleInfo (RoleInfo.java:shutdownFollowerState(121)) - 6b4b026a-3481-4b25-b58a-8b5d5ed83a0e: shutdown FollowerState
2019-07-13 19:32:25,845 INFO  impl.RaftServerImpl (RaftServerImpl.java:setRole(171)) - 6b4b026a-3481-4b25-b58a-8b5d5ed83a0e:group-278C45418CE8 changes role from FOLLOWER to CANDIDATE at term 0 for changeToCandidate
2019-07-13 19:32:25,845 INFO  impl.RoleInfo (RoleInfo.java:updateAndGet(143)) - 6b4b026a-3481-4b25-b58a-8b5d5ed83a0e: start LeaderElection
2019-07-13 19:32:25,869 INFO  impl.FollowerState (FollowerState.java:run(106)) - 6ba6747b-0f54-43b2-b684-1c5a9bb5647b:group-CD9EA04915E0 changes to CANDIDATE, lastRpcTime:5032, electionTimeout:5032ms
2019-07-13 19:32:25,869 INFO  impl.RoleInfo (RoleInfo.java:shutdownFollowerState(121)) - 6ba6747b-0f54-43b2-b684-1c5a9bb5647b: shutdown FollowerState
2019-07-13 19:32:25,869 INFO  impl.RaftServerImpl (RaftServerImpl.java:setRole(171)) - 6ba6747b-0f54-43b2-b684-1c5a9bb5647b:group-CD9EA04915E0 changes role from FOLLOWER to CANDIDATE at term 0 for changeToCandidate
2019-07-13 19:32:25,869 INFO  impl.RoleInfo (RoleInfo.java:updateAndGet(143)) - 6ba6747b-0f54-43b2-b684-1c5a9bb5647b: start LeaderElection
2019-07-13 19:32:25,895 INFO  segmented.SegmentedRaftLogWorker (SegmentedRaftLogWorker.java:execute(569)) - 598db1d6-e3ad-489a-a8f2-4cf249dbda37-SegmentedRaftLogWorker:Storage Directory /tmp/workdir/hadoop-ozone/integration-test/target/test-dir/MiniOzoneClusterImpl-85b7ea47-8fa8-4119-bf57-4a436a3dbd64/datanode-2/data/ratis/cc9c6bde-2362-4fbf-bf62-3c21ae87ca0b: created new log segment /tmp/workdir/hadoop-ozone/integration-test/target/test-dir/MiniOzoneClusterImpl-85b7ea47-8fa8-4119-bf57-4a436a3dbd64/datanode-2/data/ratis/cc9c6bde-2362-4fbf-bf62-3c21ae87ca0b/current/log_inprogress_0
2019-07-13 19:32:25,895 INFO  impl.LeaderElection (LeaderElection.java:askForVotes(181)) - 6b4b026a-3481-4b25-b58a-8b5d5ed83a0e:group-278C45418CE8:LeaderElection4: begin an election at term 1 for -1: [6b4b026a-3481-4b25-b58a-8b5d5ed83a0e:192.168.69.122:41889], old=null
2019-07-13 19:32:25,895 INFO  impl.LeaderElection (LeaderElection.java:askForVotes(181)) - 6ba6747b-0f54-43b2-b684-1c5a9bb5647b:group-CD9EA04915E0:LeaderElection5: begin an election at term 1 for -1: [6ba6747b-0f54-43b2-b684-1c5a9bb5647b:192.168.69.122:37531], old=null
2019-07-13 19:32:25,895 INFO  segmented.SegmentedRaftLogWorker (SegmentedRaftLogWorker.java:execute(569)) - b894dc87-0501-43a9-9424-ba963e066ea8-SegmentedRaftLogWorker:Storage Directory /tmp/workdir/hadoop-ozone/integration-test/target/test-dir/MiniOzoneClusterImpl-85b7ea47-8fa8-4119-bf57-4a436a3dbd64/datanode-0/data/ratis/e3ce1085-8279-4df4-84c0-99c8db78b4c4: created new log segment /tmp/workdir/hadoop-ozone/integration-test/target/test-dir/MiniOzoneClusterImpl-85b7ea47-8fa8-4119-bf57-4a436a3dbd64/datanode-0/data/ratis/e3ce1085-8279-4df4-84c0-99c8db78b4c4/current/log_inprogress_0
2019-07-13 19:32:25,895 INFO  segmented.SegmentedRaftLogWorker (SegmentedRaftLogWorker.java:execute(569)) - 02963ba0-723d-4501-bddb-fc4cdc1a907f-SegmentedRaftLogWorker:Storage Directory /tmp/workdir/hadoop-ozone/integration-test/target/test-dir/MiniOzoneClusterImpl-85b7ea47-8fa8-4119-bf57-4a436a3dbd64/datanode-3/data/ratis/f27fc27b-a5bc-4b73-aba6-4074b9c2d706: created new log segment /tmp/workdir/hadoop-ozone/integration-test/target/test-dir/MiniOzoneClusterImpl-85b7ea47-8fa8-4119-bf57-4a436a3dbd64/datanode-3/data/ratis/f27fc27b-a5bc-4b73-aba6-4074b9c2d706/current/log_inprogress_0
2019-07-13 19:32:25,898 INFO  impl.RoleInfo (RoleInfo.java:shutdownLeaderElection(134)) - 6ba6747b-0f54-43b2-b684-1c5a9bb5647b: shutdown LeaderElection
2019-07-13 19:32:25,897 INFO  impl.RoleInfo (RoleInfo.java:shutdownLeaderElection(134)) - 6b4b026a-3481-4b25-b58a-8b5d5ed83a0e: shutdown LeaderElection
2019-07-13 19:32:25,900 INFO  impl.RaftServerImpl (RaftServerImpl.java:setRole(171)) - 6ba6747b-0f54-43b2-b684-1c5a9bb5647b:group-CD9EA04915E0 changes role from CANDIDATE to LEADER at term 1 for changeToLeader
2019-07-13 19:32:25,902 INFO  impl.RaftServerImpl (RaftServerImpl.java:setRole(171)) - 6b4b026a-3481-4b25-b58a-8b5d5ed83a0e:group-278C45418CE8 changes role from CANDIDATE to LEADER at term 1 for changeToLeader
2019-07-13 19:32:25,902 INFO  impl.RaftServerImpl (ServerState.java:setLeader(263)) - 6ba6747b-0f54-43b2-b684-1c5a9bb5647b:group-CD9EA04915E0 change Leader from null to 6ba6747b-0f54-43b2-b684-1c5a9bb5647b at term 1 for becomeLeader, leader elected after 5070ms
2019-07-13 19:32:25,902 INFO  impl.RaftServerImpl (ServerState.java:setLeader(263)) - 6b4b026a-3481-4b25-b58a-8b5d5ed83a0e:group-278C45418CE8 change Leader from null to 6b4b026a-3481-4b25-b58a-8b5d5ed83a0e at term 1 for becomeLeader, leader elected after 5225ms
2019-07-13 19:32:25,904 INFO  server.RaftServerConfigKeys (ConfUtils.java:logGet(43)) - raft.server.staging.catchup.gap = 1000 (default)
2019-07-13 19:32:25,906 INFO  server.RaftServerConfigKeys (ConfUtils.java:logGet(43)) - raft.server.staging.catchup.gap = 1000 (default)
2019-07-13 19:32:25,906 INFO  server.RaftServerConfigKeys (ConfUtils.java:logGet(43)) - raft.server.rpc.sleep.time = 25ms (default)
2019-07-13 19:32:25,906 INFO  server.RaftServerConfigKeys (ConfUtils.java:logGet(43)) - raft.server.rpc.sleep.time = 25ms (default)
2019-07-13 19:32:25,906 INFO  server.RaftServerConfigKeys (ConfUtils.java:logGet(43)) - raft.server.write.element-limit = 4096 (default)
2019-07-13 19:32:25,906 INFO  server.RaftServerConfigKeys (ConfUtils.java:logGet(43)) - raft.server.write.element-limit = 4096 (default)
2019-07-13 19:32:25,906 INFO  server.RaftServerConfigKeys (ConfUtils.java:logGet(43)) - raft.server.watch.timeout = 10s (default)
2019-07-13 19:32:25,907 INFO  server.RaftServerConfigKeys (ConfUtils.java:logGet(43)) - raft.server.watch.timeout = 10s (default)
2019-07-13 19:32:25,907 INFO  server.RaftServerConfigKeys (ConfUtils.java:logGet(43)) - raft.server.watch.timeout.denomination = 1s (default)
2019-07-13 19:32:25,907 INFO  server.RaftServerConfigKeys (ConfUtils.java:logGet(43)) - raft.server.watch.timeout.denomination = 1s (default)
2019-07-13 19:32:25,907 INFO  server.RaftServerConfigKeys (ConfUtils.java:logGet(43)) - raft.server.watch.element-limit = 65536 (default)
2019-07-13 19:32:25,907 INFO  server.RaftServerConfigKeys (ConfUtils.java:logGet(43)) - raft.server.watch.element-limit = 65536 (default)
2019-07-13 19:32:25,908 INFO  impl.RoleInfo (RoleInfo.java:updateAndGet(143)) - 6ba6747b-0f54-43b2-b684-1c5a9bb5647b: start LeaderState
2019-07-13 19:32:25,908 INFO  impl.RoleInfo (RoleInfo.java:updateAndGet(143)) - 6b4b026a-3481-4b25-b58a-8b5d5ed83a0e: start LeaderState
2019-07-13 19:32:25,908 INFO  segmented.SegmentedRaftLogWorker (SegmentedRaftLogWorker.java:startLogSegment(380)) - 6ba6747b-0f54-43b2-b684-1c5a9bb5647b-SegmentedRaftLogWorker:Storage Directory /tmp/workdir/hadoop-ozone/integration-test/target/test-dir/MiniOzoneClusterImpl-85b7ea47-8fa8-4119-bf57-4a436a3dbd64/datanode-1/data/ratis/2766ba82-0d9d-4e6b-8c69-cd9ea04915e0: Starting segment from index:0
2019-07-13 19:32:25,908 INFO  segmented.SegmentedRaftLogWorker (SegmentedRaftLogWorker.java:startLogSegment(380)) - 6b4b026a-3481-4b25-b58a-8b5d5ed83a0e-SegmentedRaftLogWorker:Storage Directory /tmp/workdir/hadoop-ozone/integration-test/target/test-dir/MiniOzoneClusterImpl-85b7ea47-8fa8-4119-bf57-4a436a3dbd64/datanode-4/data/ratis/8541f2fd-9b90-4b47-8b9b-278c45418ce8: Starting segment from index:0
2019-07-13 19:32:25,909 INFO  impl.RaftServerImpl (ServerState.java:setRaftConf(361)) - 6ba6747b-0f54-43b2-b684-1c5a9bb5647b:group-CD9EA04915E0 set configuration 0: [6ba6747b-0f54-43b2-b684-1c5a9bb5647b:192.168.69.122:37531], old=null at 0
2019-07-13 19:32:25,927 INFO  impl.FollowerState (FollowerState.java:run(106)) - b42a8068-78f2-4a05-8265-820ce4700af2:group-8B6ECDA330B8 changes to CANDIDATE, lastRpcTime:5016, electionTimeout:5016ms
2019-07-13 19:32:25,927 INFO  impl.RaftServerImpl (ServerState.java:setRaftConf(361)) - 6b4b026a-3481-4b25-b58a-8b5d5ed83a0e:group-278C45418CE8 set configuration 0: [6b4b026a-3481-4b25-b58a-8b5d5ed83a0e:192.168.69.122:41889], old=null at 0
2019-07-13 19:32:25,927 INFO  impl.RoleInfo (RoleInfo.java:shutdownFollowerState(121)) - b42a8068-78f2-4a05-8265-820ce4700af2: shutdown FollowerState
2019-07-13 19:32:25,945 INFO  segmented.SegmentedRaftLogWorker (SegmentedRaftLogWorker.java:execute(569)) - 6ba6747b-0f54-43b2-b684-1c5a9bb5647b-SegmentedRaftLogWorker:Storage Directory /tmp/workdir/hadoop-ozone/integration-test/target/test-dir/MiniOzoneClusterImpl-85b7ea47-8fa8-4119-bf57-4a436a3dbd64/datanode-1/data/ratis/2766ba82-0d9d-4e6b-8c69-cd9ea04915e0: created new log segment /tmp/workdir/hadoop-ozone/integration-test/target/test-dir/MiniOzoneClusterImpl-85b7ea47-8fa8-4119-bf57-4a436a3dbd64/datanode-1/data/ratis/2766ba82-0d9d-4e6b-8c69-cd9ea04915e0/current/log_inprogress_0
2019-07-13 19:32:25,945 INFO  impl.RaftServerImpl (RaftServerImpl.java:setRole(171)) - b42a8068-78f2-4a05-8265-820ce4700af2:group-8B6ECDA330B8 changes role from FOLLOWER to CANDIDATE at term 0 for changeToCandidate
2019-07-13 19:32:25,946 INFO  impl.RoleInfo (RoleInfo.java:updateAndGet(143)) - b42a8068-78f2-4a05-8265-820ce4700af2: start LeaderElection
2019-07-13 19:32:25,958 INFO  segmented.SegmentedRaftLogWorker (SegmentedRaftLogWorker.java:execute(569)) - 6b4b026a-3481-4b25-b58a-8b5d5ed83a0e-SegmentedRaftLogWorker:Storage Directory /tmp/workdir/hadoop-ozone/integration-test/target/test-dir/MiniOzoneClusterImpl-85b7ea47-8fa8-4119-bf57-4a436a3dbd64/datanode-4/data/ratis/8541f2fd-9b90-4b47-8b9b-278c45418ce8: created new log segment /tmp/workdir/hadoop-ozone/integration-test/target/test-dir/MiniOzoneClusterImpl-85b7ea47-8fa8-4119-bf57-4a436a3dbd64/datanode-4/data/ratis/8541f2fd-9b90-4b47-8b9b-278c45418ce8/current/log_inprogress_0
2019-07-13 19:32:25,960 INFO  impl.LeaderElection (LeaderElection.java:askForVotes(181)) - b42a8068-78f2-4a05-8265-820ce4700af2:group-8B6ECDA330B8:LeaderElection6: begin an election at term 1 for -1: [b42a8068-78f2-4a05-8265-820ce4700af2:192.168.69.122:35287], old=null
2019-07-13 19:32:25,960 INFO  impl.RoleInfo (RoleInfo.java:shutdownLeaderElection(134)) - b42a8068-78f2-4a05-8265-820ce4700af2: shutdown LeaderElection
2019-07-13 19:32:25,961 INFO  impl.RaftServerImpl (RaftServerImpl.java:setRole(171)) - b42a8068-78f2-4a05-8265-820ce4700af2:group-8B6ECDA330B8 changes role from CANDIDATE to LEADER at term 1 for changeToLeader
2019-07-13 19:32:25,961 INFO  impl.RaftServerImpl (ServerState.java:setLeader(263)) - b42a8068-78f2-4a05-8265-820ce4700af2:group-8B6ECDA330B8 change Leader from null to b42a8068-78f2-4a05-8265-820ce4700af2 at term 1 for becomeLeader, leader elected after 5055ms
2019-07-13 19:32:25,964 INFO  server.RaftServerConfigKeys (ConfUtils.java:logGet(43)) - raft.server.staging.catchup.gap = 1000 (default)
2019-07-13 19:32:25,964 INFO  server.RaftServerConfigKeys (ConfUtils.java:logGet(43)) - raft.server.rpc.sleep.time = 25ms (default)
2019-07-13 19:32:25,964 INFO  server.RaftServerConfigKeys (ConfUtils.java:logGet(43)) - raft.server.write.element-limit = 4096 (default)
2019-07-13 19:32:25,964 INFO  server.RaftServerConfigKeys (ConfUtils.java:logGet(43)) - raft.server.watch.timeout = 10s (default)
2019-07-13 19:32:25,965 INFO  server.RaftServerConfigKeys (ConfUtils.java:logGet(43)) - raft.server.watch.timeout.denomination = 1s (default)
2019-07-13 19:32:25,965 INFO  server.RaftServerConfigKeys (ConfUtils.java:logGet(43)) - raft.server.watch.element-limit = 65536 (default)
2019-07-13 19:32:25,965 INFO  impl.RoleInfo (RoleInfo.java:updateAndGet(143)) - b42a8068-78f2-4a05-8265-820ce4700af2: start LeaderState
2019-07-13 19:32:25,965 INFO  segmented.SegmentedRaftLogWorker (SegmentedRaftLogWorker.java:startLogSegment(380)) - b42a8068-78f2-4a05-8265-820ce4700af2-SegmentedRaftLogWorker:Storage Directory /tmp/workdir/hadoop-ozone/integration-test/target/test-dir/MiniOzoneClusterImpl-85b7ea47-8fa8-4119-bf57-4a436a3dbd64/datanode-5/data/ratis/b7750a00-4b87-46e9-a54b-8b6ecda330b8: Starting segment from index:0
2019-07-13 19:32:25,966 INFO  impl.RaftServerImpl (ServerState.java:setRaftConf(361)) - b42a8068-78f2-4a05-8265-820ce4700af2:group-8B6ECDA330B8 set configuration 0: [b42a8068-78f2-4a05-8265-820ce4700af2:192.168.69.122:35287], old=null at 0
2019-07-13 19:32:25,998 INFO  segmented.SegmentedRaftLogWorker (SegmentedRaftLogWorker.java:execute(569)) - b42a8068-78f2-4a05-8265-820ce4700af2-SegmentedRaftLogWorker:Storage Directory /tmp/workdir/hadoop-ozone/integration-test/target/test-dir/MiniOzoneClusterImpl-85b7ea47-8fa8-4119-bf57-4a436a3dbd64/datanode-5/data/ratis/b7750a00-4b87-46e9-a54b-8b6ecda330b8: created new log segment /tmp/workdir/hadoop-ozone/integration-test/target/test-dir/MiniOzoneClusterImpl-85b7ea47-8fa8-4119-bf57-4a436a3dbd64/datanode-5/data/ratis/b7750a00-4b87-46e9-a54b-8b6ecda330b8/current/log_inprogress_0
2019-07-13 19:32:26,054 INFO  impl.FollowerState (FollowerState.java:run(106)) - 6a622cb6-aa0a-4110-815f-c55b84b7c053:group-52F04AAADCBE changes to CANDIDATE, lastRpcTime:5073, electionTimeout:5073ms
2019-07-13 19:32:26,057 INFO  impl.RoleInfo (RoleInfo.java:shutdownFollowerState(121)) - 6a622cb6-aa0a-4110-815f-c55b84b7c053: shutdown FollowerState
2019-07-13 19:32:26,057 INFO  impl.RaftServerImpl (RaftServerImpl.java:setRole(171)) - 6a622cb6-aa0a-4110-815f-c55b84b7c053:group-52F04AAADCBE changes role from FOLLOWER to CANDIDATE at term 0 for changeToCandidate
2019-07-13 19:32:26,057 INFO  impl.RoleInfo (RoleInfo.java:updateAndGet(143)) - 6a622cb6-aa0a-4110-815f-c55b84b7c053: start LeaderElection
2019-07-13 19:32:26,076 INFO  impl.LeaderElection (LeaderElection.java:askForVotes(181)) - 6a622cb6-aa0a-4110-815f-c55b84b7c053:group-52F04AAADCBE:LeaderElection7: begin an election at term 1 for -1: [6a622cb6-aa0a-4110-815f-c55b84b7c053:192.168.69.122:33175], old=null
2019-07-13 19:32:26,078 INFO  impl.RoleInfo (RoleInfo.java:shutdownLeaderElection(134)) - 6a622cb6-aa0a-4110-815f-c55b84b7c053: shutdown LeaderElection
2019-07-13 19:32:26,078 INFO  impl.RaftServerImpl (RaftServerImpl.java:setRole(171)) - 6a622cb6-aa0a-4110-815f-c55b84b7c053:group-52F04AAADCBE changes role from CANDIDATE to LEADER at term 1 for changeToLeader
2019-07-13 19:32:26,078 INFO  impl.RaftServerImpl (ServerState.java:setLeader(263)) - 6a622cb6-aa0a-4110-815f-c55b84b7c053:group-52F04AAADCBE change Leader from null to 6a622cb6-aa0a-4110-815f-c55b84b7c053 at term 1 for becomeLeader, leader elected after 5104ms
2019-07-13 19:32:26,080 INFO  server.RaftServerConfigKeys (ConfUtils.java:logGet(43)) - raft.server.staging.catchup.gap = 1000 (default)
2019-07-13 19:32:26,080 INFO  server.RaftServerConfigKeys (ConfUtils.java:logGet(43)) - raft.server.rpc.sleep.time = 25ms (default)
2019-07-13 19:32:26,081 INFO  server.RaftServerConfigKeys (ConfUtils.java:logGet(43)) - raft.server.write.element-limit = 4096 (default)
2019-07-13 19:32:26,081 INFO  server.RaftServerConfigKeys (ConfUtils.java:logGet(43)) - raft.server.watch.timeout = 10s (default)
2019-07-13 19:32:26,081 INFO  server.RaftServerConfigKeys (ConfUtils.java:logGet(43)) - raft.server.watch.timeout.denomination = 1s (default)
2019-07-13 19:32:26,081 INFO  server.RaftServerConfigKeys (ConfUtils.java:logGet(43)) - raft.server.watch.element-limit = 65536 (default)
2019-07-13 19:32:26,081 INFO  impl.RoleInfo (RoleInfo.java:updateAndGet(143)) - 6a622cb6-aa0a-4110-815f-c55b84b7c053: start LeaderState
2019-07-13 19:32:26,082 INFO  segmented.SegmentedRaftLogWorker (SegmentedRaftLogWorker.java:startLogSegment(380)) - 6a622cb6-aa0a-4110-815f-c55b84b7c053-SegmentedRaftLogWorker:Storage Directory /tmp/workdir/hadoop-ozone/integration-test/target/test-dir/MiniOzoneClusterImpl-85b7ea47-8fa8-4119-bf57-4a436a3dbd64/datanode-6/data/ratis/b5e2faf3-09a3-4fb2-95f2-52f04aaadcbe: Starting segment from index:0
2019-07-13 19:32:26,082 INFO  impl.RaftServerImpl (ServerState.java:setRaftConf(361)) - 6a622cb6-aa0a-4110-815f-c55b84b7c053:group-52F04AAADCBE set configuration 0: [6a622cb6-aa0a-4110-815f-c55b84b7c053:192.168.69.122:33175], old=null at 0
2019-07-13 19:32:26,098 INFO  impl.FollowerState (FollowerState.java:run(106)) - 6b4b026a-3481-4b25-b58a-8b5d5ed83a0e:group-F2280F254AD3 changes to CANDIDATE, lastRpcTime:5013, electionTimeout:5010ms
2019-07-13 19:32:26,098 INFO  impl.RoleInfo (RoleInfo.java:shutdownFollowerState(121)) - 6b4b026a-3481-4b25-b58a-8b5d5ed83a0e: shutdown FollowerState
2019-07-13 19:32:26,098 INFO  impl.RaftServerImpl (RaftServerImpl.java:setRole(171)) - 6b4b026a-3481-4b25-b58a-8b5d5ed83a0e:group-F2280F254AD3 changes role from FOLLOWER to CANDIDATE at term 0 for changeToCandidate
2019-07-13 19:32:26,098 INFO  impl.RoleInfo (RoleInfo.java:updateAndGet(143)) - 6b4b026a-3481-4b25-b58a-8b5d5ed83a0e: start LeaderElection
2019-07-13 19:32:26,110 INFO  segmented.SegmentedRaftLogWorker (SegmentedRaftLogWorker.java:execute(569)) - 6a622cb6-aa0a-4110-815f-c55b84b7c053-SegmentedRaftLogWorker:Storage Directory /tmp/workdir/hadoop-ozone/integration-test/target/test-dir/MiniOzoneClusterImpl-85b7ea47-8fa8-4119-bf57-4a436a3dbd64/datanode-6/data/ratis/b5e2faf3-09a3-4fb2-95f2-52f04aaadcbe: created new log segment /tmp/workdir/hadoop-ozone/integration-test/target/test-dir/MiniOzoneClusterImpl-85b7ea47-8fa8-4119-bf57-4a436a3dbd64/datanode-6/data/ratis/b5e2faf3-09a3-4fb2-95f2-52f04aaadcbe/current/log_inprogress_0
2019-07-13 19:32:26,110 INFO  impl.LeaderElection (LeaderElection.java:askForVotes(181)) - 6b4b026a-3481-4b25-b58a-8b5d5ed83a0e:group-F2280F254AD3:LeaderElection8: begin an election at term 1 for -1: [b894dc87-0501-43a9-9424-ba963e066ea8:192.168.69.122:44985, 6b4b026a-3481-4b25-b58a-8b5d5ed83a0e:192.168.69.122:41889, 598db1d6-e3ad-489a-a8f2-4cf249dbda37:192.168.69.122:36028], old=null
2019-07-13 19:32:26,136 INFO  impl.RaftServerImpl (RaftServerImpl.java:setRole(171)) - 598db1d6-e3ad-489a-a8f2-4cf249dbda37:group-F2280F254AD3 changes role from FOLLOWER to FOLLOWER at term 1 for recognizeCandidate:6b4b026a-3481-4b25-b58a-8b5d5ed83a0e
2019-07-13 19:32:26,136 INFO  impl.RaftServerImpl (RaftServerImpl.java:setRole(171)) - b894dc87-0501-43a9-9424-ba963e066ea8:group-F2280F254AD3 changes role from FOLLOWER to FOLLOWER at term 1 for recognizeCandidate:6b4b026a-3481-4b25-b58a-8b5d5ed83a0e
2019-07-13 19:32:26,138 INFO  impl.RoleInfo (RoleInfo.java:shutdownFollowerState(121)) - 598db1d6-e3ad-489a-a8f2-4cf249dbda37: shutdown FollowerState
2019-07-13 19:32:26,138 INFO  impl.RoleInfo (RoleInfo.java:shutdownFollowerState(121)) - b894dc87-0501-43a9-9424-ba963e066ea8: shutdown FollowerState
2019-07-13 19:32:26,138 INFO  impl.RoleInfo (RoleInfo.java:updateAndGet(143)) - 598db1d6-e3ad-489a-a8f2-4cf249dbda37: start FollowerState
2019-07-13 19:32:26,138 INFO  impl.FollowerState (FollowerState.java:run(114)) - b894dc87-0501-43a9-9424-ba963e066ea8: FollowerState was interrupted: java.lang.InterruptedException: sleep interrupted
2019-07-13 19:32:26,138 INFO  impl.RoleInfo (RoleInfo.java:updateAndGet(143)) - b894dc87-0501-43a9-9424-ba963e066ea8: start FollowerState
2019-07-13 19:32:26,138 INFO  impl.FollowerState (FollowerState.java:run(114)) - 598db1d6-e3ad-489a-a8f2-4cf249dbda37: FollowerState was interrupted: java.lang.InterruptedException: sleep interrupted
2019-07-13 19:32:26,169 INFO  impl.LeaderElection (LeaderElection.java:logAndReturn(56)) - 6b4b026a-3481-4b25-b58a-8b5d5ed83a0e:group-F2280F254AD3:LeaderElection8: Election PASSED; received 1 response(s) [6b4b026a-3481-4b25-b58a-8b5d5ed83a0e<-b894dc87-0501-43a9-9424-ba963e066ea8#0:OK-t1] and 0 exception(s); 6b4b026a-3481-4b25-b58a-8b5d5ed83a0e:t1, leader=null, voted=6b4b026a-3481-4b25-b58a-8b5d5ed83a0e, raftlog=6b4b026a-3481-4b25-b58a-8b5d5ed83a0e-SegmentedRaftLog:OPENED:c-1,f-1,i0, conf=-1: [b894dc87-0501-43a9-9424-ba963e066ea8:192.168.69.122:44985, 6b4b026a-3481-4b25-b58a-8b5d5ed83a0e:192.168.69.122:41889, 598db1d6-e3ad-489a-a8f2-4cf249dbda37:192.168.69.122:36028], old=null
2019-07-13 19:32:26,170 INFO  impl.RoleInfo (RoleInfo.java:shutdownLeaderElection(134)) - 6b4b026a-3481-4b25-b58a-8b5d5ed83a0e: shutdown LeaderElection
2019-07-13 19:32:26,170 INFO  impl.RaftServerImpl (RaftServerImpl.java:setRole(171)) - 6b4b026a-3481-4b25-b58a-8b5d5ed83a0e:group-F2280F254AD3 changes role from CANDIDATE to LEADER at term 1 for changeToLeader
2019-07-13 19:32:26,172 INFO  impl.RaftServerImpl (ServerState.java:setLeader(263)) - 6b4b026a-3481-4b25-b58a-8b5d5ed83a0e:group-F2280F254AD3 change Leader from null to 6b4b026a-3481-4b25-b58a-8b5d5ed83a0e at term 1 for becomeLeader, leader elected after 5105ms
2019-07-13 19:32:26,172 INFO  server.RaftServerConfigKeys (ConfUtils.java:logGet(43)) - raft.server.staging.catchup.gap = 1000 (default)
2019-07-13 19:32:26,172 INFO  server.RaftServerConfigKeys (ConfUtils.java:logGet(43)) - raft.server.rpc.sleep.time = 25ms (default)
2019-07-13 19:32:26,172 INFO  server.RaftServerConfigKeys (ConfUtils.java:logGet(43)) - raft.server.write.element-limit = 4096 (default)
2019-07-13 19:32:26,172 INFO  server.RaftServerConfigKeys (ConfUtils.java:logGet(43)) - raft.server.watch.timeout = 10s (default)
2019-07-13 19:32:26,173 INFO  server.RaftServerConfigKeys (ConfUtils.java:logGet(43)) - raft.server.watch.timeout.denomination = 1s (default)
2019-07-13 19:32:26,173 INFO  server.RaftServerConfigKeys (ConfUtils.java:logGet(43)) - raft.server.watch.element-limit = 65536 (default)
2019-07-13 19:32:26,175 INFO  server.RaftServerConfigKeys (ConfUtils.java:logGet(43)) - raft.server.log.appender.snapshot.chunk.size.max = 16MB (=16777216) (default)
2019-07-13 19:32:26,176 INFO  server.RaftServerConfigKeys (ConfUtils.java:logGet(43)) - raft.server.log.appender.buffer.byte-limit = 33554432 (custom)
2019-07-13 19:32:26,176 INFO  server.RaftServerConfigKeys (ConfUtils.java:logGet(43)) - raft.server.log.appender.buffer.element-limit = 1 (custom)
2019-07-13 19:32:26,179 INFO  grpc.GrpcConfigKeys$Server (ConfUtils.java:logGet(43)) - raft.grpc.server.leader.outstanding.appends.max = 128 (default)
2019-07-13 19:32:26,182 INFO  server.RaftServerConfigKeys (ConfUtils.java:logGet(43)) - raft.server.rpc.request.timeout = 3000ms (default)
2019-07-13 19:32:26,182 INFO  server.RaftServerConfigKeys (ConfUtils.java:logGet(43)) - raft.server.log.appender.install.snapshot.enabled = false (custom)
2019-07-13 19:32:26,182 INFO  server.RaftServerConfigKeys (ConfUtils.java:logGet(43)) - raft.server.log.appender.snapshot.chunk.size.max = 16MB (=16777216) (default)
2019-07-13 19:32:26,182 INFO  server.RaftServerConfigKeys (ConfUtils.java:logGet(43)) - raft.server.log.appender.buffer.byte-limit = 33554432 (custom)
2019-07-13 19:32:26,182 INFO  server.RaftServerConfigKeys (ConfUtils.java:logGet(43)) - raft.server.log.appender.buffer.element-limit = 1 (custom)
2019-07-13 19:32:26,183 INFO  grpc.GrpcConfigKeys$Server (ConfUtils.java:logGet(43)) - raft.grpc.server.leader.outstanding.appends.max = 128 (default)
2019-07-13 19:32:26,183 INFO  server.RaftServerConfigKeys (ConfUtils.java:logGet(43)) - raft.server.rpc.request.timeout = 3000ms (default)
2019-07-13 19:32:26,183 INFO  server.RaftServerConfigKeys (ConfUtils.java:logGet(43)) - raft.server.log.appender.install.snapshot.enabled = false (custom)
2019-07-13 19:32:26,184 INFO  impl.RoleInfo (RoleInfo.java:updateAndGet(143)) - 6b4b026a-3481-4b25-b58a-8b5d5ed83a0e: start LeaderState
2019-07-13 19:32:26,185 INFO  segmented.SegmentedRaftLogWorker (SegmentedRaftLogWorker.java:startLogSegment(380)) - 6b4b026a-3481-4b25-b58a-8b5d5ed83a0e-SegmentedRaftLogWorker:Storage Directory /tmp/workdir/hadoop-ozone/integration-test/target/test-dir/MiniOzoneClusterImpl-85b7ea47-8fa8-4119-bf57-4a436a3dbd64/datanode-4/data/ratis/e30133e2-13c2-40c4-bcc3-f2280f254ad3: Starting segment from index:0
2019-07-13 19:32:26,186 INFO  impl.RaftServerImpl (ServerState.java:setRaftConf(361)) - 6b4b026a-3481-4b25-b58a-8b5d5ed83a0e:group-F2280F254AD3 set configuration 0: [b894dc87-0501-43a9-9424-ba963e066ea8:192.168.69.122:44985, 6b4b026a-3481-4b25-b58a-8b5d5ed83a0e:192.168.69.122:41889, 598db1d6-e3ad-489a-a8f2-4cf249dbda37:192.168.69.122:36028], old=null at 0
2019-07-13 19:32:26,215 INFO  segmented.SegmentedRaftLogWorker (SegmentedRaftLogWorker.java:execute(569)) - 6b4b026a-3481-4b25-b58a-8b5d5ed83a0e-SegmentedRaftLogWorker:Storage Directory /tmp/workdir/hadoop-ozone/integration-test/target/test-dir/MiniOzoneClusterImpl-85b7ea47-8fa8-4119-bf57-4a436a3dbd64/datanode-4/data/ratis/e30133e2-13c2-40c4-bcc3-f2280f254ad3: created new log segment /tmp/workdir/hadoop-ozone/integration-test/target/test-dir/MiniOzoneClusterImpl-85b7ea47-8fa8-4119-bf57-4a436a3dbd64/datanode-4/data/ratis/e30133e2-13c2-40c4-bcc3-f2280f254ad3/current/log_inprogress_0
2019-07-13 19:32:26,225 INFO  impl.RaftServerImpl (ServerState.java:setLeader(263)) - b894dc87-0501-43a9-9424-ba963e066ea8:group-F2280F254AD3 change Leader from null to 6b4b026a-3481-4b25-b58a-8b5d5ed83a0e at term 1 for appendEntries, leader elected after 5158ms
2019-07-13 19:32:26,225 INFO  impl.RaftServerImpl (ServerState.java:setLeader(263)) - 598db1d6-e3ad-489a-a8f2-4cf249dbda37:group-F2280F254AD3 change Leader from null to 6b4b026a-3481-4b25-b58a-8b5d5ed83a0e at term 1 for appendEntries, leader elected after 5158ms
2019-07-13 19:32:26,231 INFO  impl.FollowerState (FollowerState.java:run(106)) - b42a8068-78f2-4a05-8265-820ce4700af2:group-363892724001 changes to CANDIDATE, lastRpcTime:5040, electionTimeout:5040ms
2019-07-13 19:32:26,231 INFO  impl.RoleInfo (RoleInfo.java:shutdownFollowerState(121)) - b42a8068-78f2-4a05-8265-820ce4700af2: shutdown FollowerState
2019-07-13 19:32:26,232 INFO  impl.RaftServerImpl (RaftServerImpl.java:setRole(171)) - b42a8068-78f2-4a05-8265-820ce4700af2:group-363892724001 changes role from FOLLOWER to CANDIDATE at term 0 for changeToCandidate
2019-07-13 19:32:26,232 INFO  impl.RoleInfo (RoleInfo.java:updateAndGet(143)) - b42a8068-78f2-4a05-8265-820ce4700af2: start LeaderElection
2019-07-13 19:32:26,236 INFO  impl.FollowerState (FollowerState.java:run(106)) - 02963ba0-723d-4501-bddb-fc4cdc1a907f:group-363892724001 changes to CANDIDATE, lastRpcTime:5057, electionTimeout:5055ms
2019-07-13 19:32:26,238 INFO  impl.RoleInfo (RoleInfo.java:shutdownFollowerState(121)) - 02963ba0-723d-4501-bddb-fc4cdc1a907f: shutdown FollowerState
2019-07-13 19:32:26,238 INFO  impl.RaftServerImpl (RaftServerImpl.java:setRole(171)) - 02963ba0-723d-4501-bddb-fc4cdc1a907f:group-363892724001 changes role from FOLLOWER to CANDIDATE at term 0 for changeToCandidate
2019-07-13 19:32:26,238 INFO  impl.RoleInfo (RoleInfo.java:updateAndGet(143)) - 02963ba0-723d-4501-bddb-fc4cdc1a907f: start LeaderElection
2019-07-13 19:32:26,255 INFO  impl.LeaderElection (LeaderElection.java:askForVotes(181)) - b42a8068-78f2-4a05-8265-820ce4700af2:group-363892724001:LeaderElection9: begin an election at term 1 for -1: [02963ba0-723d-4501-bddb-fc4cdc1a907f:192.168.69.122:43470, 6ba6747b-0f54-43b2-b684-1c5a9bb5647b:192.168.69.122:37531, b42a8068-78f2-4a05-8265-820ce4700af2:192.168.69.122:35287], old=null
2019-07-13 19:32:26,255 INFO  impl.LeaderElection (LeaderElection.java:askForVotes(181)) - 02963ba0-723d-4501-bddb-fc4cdc1a907f:group-363892724001:LeaderElection10: begin an election at term 1 for -1: [02963ba0-723d-4501-bddb-fc4cdc1a907f:192.168.69.122:43470, 6ba6747b-0f54-43b2-b684-1c5a9bb5647b:192.168.69.122:37531, b42a8068-78f2-4a05-8265-820ce4700af2:192.168.69.122:35287], old=null
2019-07-13 19:32:26,286 INFO  impl.FollowerState (FollowerState.java:run(106)) - 6ba6747b-0f54-43b2-b684-1c5a9bb5647b:group-363892724001 changes to CANDIDATE, lastRpcTime:5094, electionTimeout:5093ms
2019-07-13 19:32:26,286 INFO  impl.RoleInfo (RoleInfo.java:shutdownFollowerState(121)) - 6ba6747b-0f54-43b2-b684-1c5a9bb5647b: shutdown FollowerState
2019-07-13 19:32:26,290 INFO  impl.RaftServerImpl (RaftServerImpl.java:setRole(171)) - 6ba6747b-0f54-43b2-b684-1c5a9bb5647b:group-363892724001 changes role from FOLLOWER to CANDIDATE at term 0 for changeToCandidate
2019-07-13 19:32:26,290 INFO  impl.RoleInfo (RoleInfo.java:updateAndGet(143)) - 6ba6747b-0f54-43b2-b684-1c5a9bb5647b: start LeaderElection
2019-07-13 19:32:26,313 INFO  impl.LeaderElection (LeaderElection.java:askForVotes(181)) - 6ba6747b-0f54-43b2-b684-1c5a9bb5647b:group-363892724001:LeaderElection11: begin an election at term 1 for -1: [02963ba0-723d-4501-bddb-fc4cdc1a907f:192.168.69.122:43470, 6ba6747b-0f54-43b2-b684-1c5a9bb5647b:192.168.69.122:37531, b42a8068-78f2-4a05-8265-820ce4700af2:192.168.69.122:35287], old=null
2019-07-13 19:32:26,331 INFO  impl.LeaderElection (LeaderElection.java:logAndReturn(56)) - 02963ba0-723d-4501-bddb-fc4cdc1a907f:group-363892724001:LeaderElection10: Election REJECTED; received 2 response(s) [02963ba0-723d-4501-bddb-fc4cdc1a907f<-6ba6747b-0f54-43b2-b684-1c5a9bb5647b#0:FAIL-t1, 02963ba0-723d-4501-bddb-fc4cdc1a907f<-b42a8068-78f2-4a05-8265-820ce4700af2#0:FAIL-t1] and 0 exception(s); 02963ba0-723d-4501-bddb-fc4cdc1a907f:t1, leader=null, voted=02963ba0-723d-4501-bddb-fc4cdc1a907f, raftlog=02963ba0-723d-4501-bddb-fc4cdc1a907f-SegmentedRaftLog:OPENED:c-1,f-1,i0, conf=-1: [02963ba0-723d-4501-bddb-fc4cdc1a907f:192.168.69.122:43470, 6ba6747b-0f54-43b2-b684-1c5a9bb5647b:192.168.69.122:37531, b42a8068-78f2-4a05-8265-820ce4700af2:192.168.69.122:35287], old=null
2019-07-13 19:32:26,332 INFO  impl.RaftServerImpl (RaftServerImpl.java:setRole(171)) - 02963ba0-723d-4501-bddb-fc4cdc1a907f:group-363892724001 changes role from CANDIDATE to FOLLOWER at term 1 for DISCOVERED_A_NEW_TERM
2019-07-13 19:32:26,333 INFO  impl.RoleInfo (RoleInfo.java:shutdownLeaderElection(134)) - 02963ba0-723d-4501-bddb-fc4cdc1a907f: shutdown LeaderElection
2019-07-13 19:32:26,335 INFO  impl.RoleInfo (RoleInfo.java:updateAndGet(143)) - 02963ba0-723d-4501-bddb-fc4cdc1a907f: start FollowerState
2019-07-13 19:32:26,335 INFO  impl.LeaderElection (LeaderElection.java:logAndReturn(56)) - b42a8068-78f2-4a05-8265-820ce4700af2:group-363892724001:LeaderElection9: Election REJECTED; received 2 response(s) [b42a8068-78f2-4a05-8265-820ce4700af2<-02963ba0-723d-4501-bddb-fc4cdc1a907f#0:FAIL-t1, b42a8068-78f2-4a05-8265-820ce4700af2<-6ba6747b-0f54-43b2-b684-1c5a9bb5647b#0:FAIL-t1] and 0 exception(s); b42a8068-78f2-4a05-8265-820ce4700af2:t1, leader=null, voted=b42a8068-78f2-4a05-8265-820ce4700af2, raftlog=b42a8068-78f2-4a05-8265-820ce4700af2-SegmentedRaftLog:OPENED:c-1,f-1,i0, conf=-1: [02963ba0-723d-4501-bddb-fc4cdc1a907f:192.168.69.122:43470, 6ba6747b-0f54-43b2-b684-1c5a9bb5647b:192.168.69.122:37531, b42a8068-78f2-4a05-8265-820ce4700af2:192.168.69.122:35287], old=null
2019-07-13 19:32:26,337 INFO  impl.RaftServerImpl (RaftServerImpl.java:setRole(171)) - b42a8068-78f2-4a05-8265-820ce4700af2:group-363892724001 changes role from CANDIDATE to FOLLOWER at term 1 for DISCOVERED_A_NEW_TERM
2019-07-13 19:32:26,341 INFO  impl.RoleInfo (RoleInfo.java:shutdownLeaderElection(134)) - b42a8068-78f2-4a05-8265-820ce4700af2: shutdown LeaderElection
2019-07-13 19:32:26,341 INFO  impl.RoleInfo (RoleInfo.java:updateAndGet(143)) - b42a8068-78f2-4a05-8265-820ce4700af2: start FollowerState
2019-07-13 19:32:26,351 INFO  impl.LeaderElection (LeaderElection.java:logAndReturn(56)) - 6ba6747b-0f54-43b2-b684-1c5a9bb5647b:group-363892724001:LeaderElection11: Election REJECTED; received 2 response(s) [6ba6747b-0f54-43b2-b684-1c5a9bb5647b<-02963ba0-723d-4501-bddb-fc4cdc1a907f#0:FAIL-t1, 6ba6747b-0f54-43b2-b684-1c5a9bb5647b<-b42a8068-78f2-4a05-8265-820ce4700af2#0:FAIL-t1] and 0 exception(s); 6ba6747b-0f54-43b2-b684-1c5a9bb5647b:t1, leader=null, voted=6ba6747b-0f54-43b2-b684-1c5a9bb5647b, raftlog=6ba6747b-0f54-43b2-b684-1c5a9bb5647b-SegmentedRaftLog:OPENED:c-1,f-1,i0, conf=-1: [02963ba0-723d-4501-bddb-fc4cdc1a907f:192.168.69.122:43470, 6ba6747b-0f54-43b2-b684-1c5a9bb5647b:192.168.69.122:37531, b42a8068-78f2-4a05-8265-820ce4700af2:192.168.69.122:35287], old=null
2019-07-13 19:32:26,353 INFO  impl.RaftServerImpl (RaftServerImpl.java:setRole(171)) - 6ba6747b-0f54-43b2-b684-1c5a9bb5647b:group-363892724001 changes role from CANDIDATE to FOLLOWER at term 1 for DISCOVERED_A_NEW_TERM
2019-07-13 19:32:26,353 INFO  impl.RoleInfo (RoleInfo.java:shutdownLeaderElection(134)) - 6ba6747b-0f54-43b2-b684-1c5a9bb5647b: shutdown LeaderElection
2019-07-13 19:32:26,355 INFO  impl.RoleInfo (RoleInfo.java:updateAndGet(143)) - 6ba6747b-0f54-43b2-b684-1c5a9bb5647b: start FollowerState
2019-07-13 19:32:26,361 INFO  impl.RaftServerImpl (ServerState.java:setRaftConf(361)) - b894dc87-0501-43a9-9424-ba963e066ea8:group-F2280F254AD3 set configuration 0: [b894dc87-0501-43a9-9424-ba963e066ea8:192.168.69.122:44985, 6b4b026a-3481-4b25-b58a-8b5d5ed83a0e:192.168.69.122:41889, 598db1d6-e3ad-489a-a8f2-4cf249dbda37:192.168.69.122:36028], old=null at 0
2019-07-13 19:32:26,361 INFO  impl.RaftServerImpl (ServerState.java:setRaftConf(361)) - 598db1d6-e3ad-489a-a8f2-4cf249dbda37:group-F2280F254AD3 set configuration 0: [b894dc87-0501-43a9-9424-ba963e066ea8:192.168.69.122:44985, 6b4b026a-3481-4b25-b58a-8b5d5ed83a0e:192.168.69.122:41889, 598db1d6-e3ad-489a-a8f2-4cf249dbda37:192.168.69.122:36028], old=null at 0
2019-07-13 19:32:26,363 INFO  segmented.SegmentedRaftLogWorker (SegmentedRaftLogWorker.java:startLogSegment(380)) - b894dc87-0501-43a9-9424-ba963e066ea8-SegmentedRaftLogWorker:Storage Directory /tmp/workdir/hadoop-ozone/integration-test/target/test-dir/MiniOzoneClusterImpl-85b7ea47-8fa8-4119-bf57-4a436a3dbd64/datanode-0/data/ratis/e30133e2-13c2-40c4-bcc3-f2280f254ad3: Starting segment from index:0
2019-07-13 19:32:26,363 INFO  segmented.SegmentedRaftLogWorker (SegmentedRaftLogWorker.java:startLogSegment(380)) - 598db1d6-e3ad-489a-a8f2-4cf249dbda37-SegmentedRaftLogWorker:Storage Directory /tmp/workdir/hadoop-ozone/integration-test/target/test-dir/MiniOzoneClusterImpl-85b7ea47-8fa8-4119-bf57-4a436a3dbd64/datanode-2/data/ratis/e30133e2-13c2-40c4-bcc3-f2280f254ad3: Starting segment from index:0
2019-07-13 19:32:26,385 INFO  client.GrpcClientProtocolClient (GrpcClientProtocolClient.java:onNext(255)) - client-0F3046D05033->598db1d6-e3ad-489a-a8f2-4cf249dbda37: receive RaftClientReply:client-0F3046D05033->598db1d6-e3ad-489a-a8f2-4cf249dbda37@group-F2280F254AD3, cid=13, FAILED org.apache.ratis.protocol.NotLeaderException: Server 598db1d6-e3ad-489a-a8f2-4cf249dbda37 is not the leader (6b4b026a-3481-4b25-b58a-8b5d5ed83a0e:192.168.69.122:41889). Request must be sent to leader., logIndex=0, commits[598db1d6-e3ad-489a-a8f2-4cf249dbda37:c-1, b894dc87-0501-43a9-9424-ba963e066ea8:c-1, 6b4b026a-3481-4b25-b58a-8b5d5ed83a0e:c0]
2019-07-13 19:32:26,393 INFO  segmented.SegmentedRaftLogWorker (SegmentedRaftLogWorker.java:execute(569)) - 598db1d6-e3ad-489a-a8f2-4cf249dbda37-SegmentedRaftLogWorker:Storage Directory /tmp/workdir/hadoop-ozone/integration-test/target/test-dir/MiniOzoneClusterImpl-85b7ea47-8fa8-4119-bf57-4a436a3dbd64/datanode-2/data/ratis/e30133e2-13c2-40c4-bcc3-f2280f254ad3: created new log segment /tmp/workdir/hadoop-ozone/integration-test/target/test-dir/MiniOzoneClusterImpl-85b7ea47-8fa8-4119-bf57-4a436a3dbd64/datanode-2/data/ratis/e30133e2-13c2-40c4-bcc3-f2280f254ad3/current/log_inprogress_0
2019-07-13 19:32:26,393 INFO  segmented.SegmentedRaftLogWorker (SegmentedRaftLogWorker.java:execute(569)) - b894dc87-0501-43a9-9424-ba963e066ea8-SegmentedRaftLogWorker:Storage Directory /tmp/workdir/hadoop-ozone/integration-test/target/test-dir/MiniOzoneClusterImpl-85b7ea47-8fa8-4119-bf57-4a436a3dbd64/datanode-0/data/ratis/e30133e2-13c2-40c4-bcc3-f2280f254ad3: created new log segment /tmp/workdir/hadoop-ozone/integration-test/target/test-dir/MiniOzoneClusterImpl-85b7ea47-8fa8-4119-bf57-4a436a3dbd64/datanode-0/data/ratis/e30133e2-13c2-40c4-bcc3-f2280f254ad3/current/log_inprogress_0
2019-07-13 19:32:26,407 WARN  io.KeyOutputStream (KeyOutputStream.java:handleException(276)) - Encountered exception java.io.IOException: Unexpected Storage Container Exception: java.util.concurrent.CompletionException: java.util.concurrent.CompletionException: org.apache.ratis.protocol.RaftRetryFailureException: Failed RaftClientRequest:client-0F3046D05033->598db1d6-e3ad-489a-a8f2-4cf249dbda37@group-F2280F254AD3, cid=13, seq=1*, RW, org.apache.hadoop.hdds.scm.XceiverClientRatis$$Lambda$309/674659751@1cbdff2b for 5 attempts with RetryLimited(maxAttempts=5, sleepTime=1000ms) on the pipeline Pipeline[ Id: e30133e2-13c2-40c4-bcc3-f2280f254ad3, Nodes: 598db1d6-e3ad-489a-a8f2-4cf249dbda37{ip: 192.168.69.122, host: trunk-nightly-fxqsz-774976932, networkLocation: /default-rack, certSerialId: null}6b4b026a-3481-4b25-b58a-8b5d5ed83a0e{ip: 192.168.69.122, host: trunk-nightly-fxqsz-774976932, networkLocation: /default-rack, certSerialId: null}b894dc87-0501-43a9-9424-ba963e066ea8{ip: 192.168.69.122, host: trunk-nightly-fxqsz-774976932, networkLocation: /default-rack, certSerialId: null}, Type:RATIS, Factor:THREE, State:OPEN]. The last committed block length is 0, uncommitted data length is 400 retry count 0
2019-07-13 19:32:26,447 INFO  client.GrpcClientProtocolClient (GrpcClientProtocolClient.java:onNext(255)) - client-8052DDA616A8->02963ba0-723d-4501-bddb-fc4cdc1a907f: receive RaftClientReply:client-8052DDA616A8->02963ba0-723d-4501-bddb-fc4cdc1a907f@group-363892724001, cid=19, FAILED org.apache.ratis.protocol.NotLeaderException: Server 02963ba0-723d-4501-bddb-fc4cdc1a907f is not the leader (null). Request must be sent to leader., logIndex=0, commits[02963ba0-723d-4501-bddb-fc4cdc1a907f:c-1]
2019-07-13 19:32:27,483 INFO  client.GrpcClientProtocolClient (GrpcClientProtocolClient.java:onNext(255)) - client-8052DDA616A8->6ba6747b-0f54-43b2-b684-1c5a9bb5647b: receive RaftClientReply:client-8052DDA616A8->6ba6747b-0f54-43b2-b684-1c5a9bb5647b@group-363892724001, cid=19, FAILED org.apache.ratis.protocol.NotLeaderException: Server 6ba6747b-0f54-43b2-b684-1c5a9bb5647b is not the leader (null). Request must be sent to leader., logIndex=0, commits[6ba6747b-0f54-43b2-b684-1c5a9bb5647b:c-1]
2019-07-13 19:32:28,510 INFO  client.GrpcClientProtocolClient (GrpcClientProtocolClient.java:onNext(255)) - client-8052DDA616A8->b42a8068-78f2-4a05-8265-820ce4700af2: receive RaftClientReply:client-8052DDA616A8->b42a8068-78f2-4a05-8265-820ce4700af2@group-363892724001, cid=19, FAILED org.apache.ratis.protocol.NotLeaderException: Server b42a8068-78f2-4a05-8265-820ce4700af2 is not the leader (null). Request must be sent to leader., logIndex=0, commits[b42a8068-78f2-4a05-8265-820ce4700af2:c-1]
2019-07-13 19:32:29,541 INFO  client.GrpcClientProtocolClient (GrpcClientProtocolClient.java:onNext(255)) - client-8052DDA616A8->6ba6747b-0f54-43b2-b684-1c5a9bb5647b: receive RaftClientReply:client-8052DDA616A8->6ba6747b-0f54-43b2-b684-1c5a9bb5647b@group-363892724001, cid=19, FAILED org.apache.ratis.protocol.NotLeaderException: Server 6ba6747b-0f54-43b2-b684-1c5a9bb5647b is not the leader (null). Request must be sent to leader., logIndex=0, commits[6ba6747b-0f54-43b2-b684-1c5a9bb5647b:c-1]
2019-07-13 19:32:30,565 INFO  client.GrpcClientProtocolClient (GrpcClientProtocolClient.java:onNext(255)) - client-8052DDA616A8->02963ba0-723d-4501-bddb-fc4cdc1a907f: receive RaftClientReply:client-8052DDA616A8->02963ba0-723d-4501-bddb-fc4cdc1a907f@group-363892724001, cid=19, FAILED org.apache.ratis.protocol.NotLeaderException: Server 02963ba0-723d-4501-bddb-fc4cdc1a907f is not the leader (null). Request must be sent to leader., logIndex=0, commits[02963ba0-723d-4501-bddb-fc4cdc1a907f:c-1]
2019-07-13 19:32:30,577 WARN  io.KeyOutputStream (KeyOutputStream.java:handleException(276)) - Encountered exception java.io.IOException: Unexpected Storage Container Exception: java.util.concurrent.CompletionException: java.util.concurrent.CompletionException: org.apache.ratis.protocol.RaftRetryFailureException: Failed RaftClientRequest:client-8052DDA616A8->02963ba0-723d-4501-bddb-fc4cdc1a907f@group-363892724001, cid=19, seq=1*, RW, org.apache.hadoop.hdds.scm.XceiverClientRatis$$Lambda$309/674659751@759c8f79 for 5 attempts with RetryLimited(maxAttempts=5, sleepTime=1000ms) on the pipeline Pipeline[ Id: 6acc9876-3a30-419c-b5e8-363892724001, Nodes: 02963ba0-723d-4501-bddb-fc4cdc1a907f{ip: 192.168.69.122, host: trunk-nightly-fxqsz-774976932, networkLocation: /default-rack, certSerialId: null}6ba6747b-0f54-43b2-b684-1c5a9bb5647b{ip: 192.168.69.122, host: trunk-nightly-fxqsz-774976932, networkLocation: /default-rack, certSerialId: null}b42a8068-78f2-4a05-8265-820ce4700af2{ip: 192.168.69.122, host: trunk-nightly-fxqsz-774976932, networkLocation: /default-rack, certSerialId: null}, Type:RATIS, Factor:THREE, State:OPEN]. The last committed block length is 0, uncommitted data length is 400 retry count 1
2019-07-13 19:32:30,601 WARN  block.BlockManagerImpl (BlockManagerImpl.java:allocateBlock(192)) - Pipeline creation failed for type:RATIS factor:THREE. Retrying get pipelines call once.
org.apache.hadoop.hdds.scm.pipeline.InsufficientDatanodesException: Cannot create pipeline of factor 3 using 1 nodes.
	at org.apache.hadoop.hdds.scm.pipeline.RatisPipelineProvider.create(RatisPipelineProvider.java:151)
	at org.apache.hadoop.hdds.scm.pipeline.PipelineFactory.create(PipelineFactory.java:57)
	at org.apache.hadoop.hdds.scm.pipeline.SCMPipelineManager.createPipeline(SCMPipelineManager.java:149)
	at org.apache.hadoop.hdds.scm.block.BlockManagerImpl.allocateBlock(BlockManagerImpl.java:190)
	at org.apache.hadoop.hdds.scm.server.SCMBlockProtocolServer.allocateBlock(SCMBlockProtocolServer.java:175)
	at org.apache.hadoop.ozone.protocolPB.ScmBlockLocationProtocolServerSideTranslatorPB.allocateScmBlock(ScmBlockLocationProtocolServerSideTranslatorPB.java:153)
	at org.apache.hadoop.ozone.protocolPB.ScmBlockLocationProtocolServerSideTranslatorPB.send(ScmBlockLocationProtocolServerSideTranslatorPB.java:112)
	at org.apache.hadoop.hdds.protocol.proto.ScmBlockLocationProtocolProtos$ScmBlockLocationProtocolService$2.callBlockingMethod(ScmBlockLocationProtocolProtos.java:13157)
	at org.apache.hadoop.ipc.ProtobufRpcEngine$Server$ProtoBufRpcInvoker.call(ProtobufRpcEngine.java:524)
	at org.apache.hadoop.ipc.RPC$Server.call(RPC.java:1025)
	at org.apache.hadoop.ipc.Server$RpcCall.run(Server.java:876)
	at org.apache.hadoop.ipc.Server$RpcCall.run(Server.java:822)
	at java.security.AccessController.doPrivileged(Native Method)
	at javax.security.auth.Subject.doAs(Subject.java:422)
	at org.apache.hadoop.security.UserGroupInformation.doAs(UserGroupInformation.java:1730)
	at org.apache.hadoop.ipc.Server$Handler.run(Server.java:2682)
2019-07-13 19:32:30,607 INFO  block.BlockManagerImpl (BlockManagerImpl.java:allocateBlock(198)) - Could not find available pipeline of type:RATIS and factor:THREE even after retrying
2019-07-13 19:32:30,607 ERROR block.BlockManagerImpl (BlockManagerImpl.java:allocateBlock(222)) - Unable to allocate a block for the size: 800, type: RATIS, factor: THREE
19:32:30.614 [IPC Server handler 17 on 43330] ERROR OMAudit - user=jenkins1000 | ip=127.0.0.1 | op=ALLOCATE_BLOCK {volume=watchforcommithandlingtest, bucket=watchforcommithandlingtest, key=cc7f2fbd-3e3d-4ffc-9909-541cc68d12e9, dataSize=0, replicationType=null, replicationFactor=null, keyLocationInfo=null, clientID=102435805069312000} | ret=FAILURE
org.apache.hadoop.hdds.scm.exceptions.SCMException: Allocated 0 blocks. Requested 1 blocks
	at org.apache.hadoop.hdds.scm.protocolPB.ScmBlockLocationProtocolClientSideTranslatorPB.handleError(ScmBlockLocationProtocolClientSideTranslatorPB.java:118) ~[hadoop-hdds-common-0.5.0-SNAPSHOT.jar:?]
	at org.apache.hadoop.hdds.scm.protocolPB.ScmBlockLocationProtocolClientSideTranslatorPB.allocateBlock(ScmBlockLocationProtocolClientSideTranslatorPB.java:156) ~[hadoop-hdds-common-0.5.0-SNAPSHOT.jar:?]
	at sun.reflect.NativeMethodAccessorImpl.invoke0(Native Method) ~[?:1.8.0_212]
	at sun.reflect.NativeMethodAccessorImpl.invoke(NativeMethodAccessorImpl.java:62) ~[?:1.8.0_212]
	at sun.reflect.DelegatingMethodAccessorImpl.invoke(DelegatingMethodAccessorImpl.java:43) ~[?:1.8.0_212]
	at java.lang.reflect.Method.invoke(Method.java:498) ~[?:1.8.0_212]
	at org.apache.hadoop.hdds.tracing.TraceAllMethod.invoke(TraceAllMethod.java:66) ~[hadoop-hdds-common-0.5.0-SNAPSHOT.jar:?]
	at com.sun.proxy.$Proxy25.allocateBlock(Unknown Source) ~[?:?]
	at org.apache.hadoop.ozone.om.KeyManagerImpl.allocateBlock(KeyManagerImpl.java:355) ~[hadoop-ozone-ozone-manager-0.5.0-SNAPSHOT.jar:?]
	at org.apache.hadoop.ozone.om.KeyManagerImpl.allocateBlock(KeyManagerImpl.java:323) ~[hadoop-ozone-ozone-manager-0.5.0-SNAPSHOT.jar:?]
	at org.apache.hadoop.ozone.om.OzoneManager.allocateBlock(OzoneManager.java:2349) [hadoop-ozone-ozone-manager-0.5.0-SNAPSHOT.jar:?]
	at org.apache.hadoop.ozone.protocolPB.OzoneManagerRequestHandler.allocateBlock(OzoneManagerRequestHandler.java:754) [hadoop-ozone-ozone-manager-0.5.0-SNAPSHOT.jar:?]
	at org.apache.hadoop.ozone.protocolPB.OzoneManagerRequestHandler.handle(OzoneManagerRequestHandler.java:249) [hadoop-ozone-ozone-manager-0.5.0-SNAPSHOT.jar:?]
	at org.apache.hadoop.ozone.protocolPB.OzoneManagerProtocolServerSideTranslatorPB.submitRequestDirectlyToOM(OzoneManagerProtocolServerSideTranslatorPB.java:192) [hadoop-ozone-ozone-manager-0.5.0-SNAPSHOT.jar:?]
	at org.apache.hadoop.ozone.protocolPB.OzoneManagerProtocolServerSideTranslatorPB.submitRequest(OzoneManagerProtocolServerSideTranslatorPB.java:110) [hadoop-ozone-ozone-manager-0.5.0-SNAPSHOT.jar:?]
	at org.apache.hadoop.ozone.protocol.proto.OzoneManagerProtocolProtos$OzoneManagerService$2.callBlockingMethod(OzoneManagerProtocolProtos.java) [hadoop-ozone-common-0.5.0-SNAPSHOT.jar:?]
	at org.apache.hadoop.ipc.ProtobufRpcEngine$Server$ProtoBufRpcInvoker.call(ProtobufRpcEngine.java:524) [hadoop-common-3.2.0.jar:?]
	at org.apache.hadoop.ipc.RPC$Server.call(RPC.java:1025) [hadoop-common-3.2.0.jar:?]
	at org.apache.hadoop.ipc.Server$RpcCall.run(Server.java:876) [hadoop-common-3.2.0.jar:?]
	at org.apache.hadoop.ipc.Server$RpcCall.run(Server.java:822) [hadoop-common-3.2.0.jar:?]
	at java.security.AccessController.doPrivileged(Native Method) [?:1.8.0_212]
	at javax.security.auth.Subject.doAs(Subject.java:422) [?:1.8.0_212]
	at org.apache.hadoop.security.UserGroupInformation.doAs(UserGroupInformation.java:1730) [hadoop-common-3.2.0.jar:?]
	at org.apache.hadoop.ipc.Server$Handler.run(Server.java:2682) [hadoop-common-3.2.0.jar:?]
2019-07-13 19:32:30,633 ERROR io.BlockOutputStreamEntryPool (BlockOutputStreamEntryPool.java:allocateBlockIfNeeded(299)) - Try to allocate more blocks for write failed, already allocated 0 blocks for this write.
INTERNAL_ERROR org.apache.hadoop.ozone.om.exceptions.OMException: Allocated 0 blocks. Requested 1 blocks
	at org.apache.hadoop.ozone.om.protocolPB.OzoneManagerProtocolClientSideTranslatorPB.handleError(OzoneManagerProtocolClientSideTranslatorPB.java:720)
	at org.apache.hadoop.ozone.om.protocolPB.OzoneManagerProtocolClientSideTranslatorPB.allocateBlock(OzoneManagerProtocolClientSideTranslatorPB.java:752)
	at org.apache.hadoop.ozone.client.io.BlockOutputStreamEntryPool.allocateNewBlock(BlockOutputStreamEntryPool.java:248)
	at org.apache.hadoop.ozone.client.io.BlockOutputStreamEntryPool.allocateBlockIfNeeded(BlockOutputStreamEntryPool.java:296)
	at org.apache.hadoop.ozone.client.io.KeyOutputStream.handleWrite(KeyOutputStream.java:201)
	at org.apache.hadoop.ozone.client.io.KeyOutputStream.handleRetry(KeyOutputStream.java:376)
	at org.apache.hadoop.ozone.client.io.KeyOutputStream.handleException(KeyOutputStream.java:325)
	at org.apache.hadoop.ozone.client.io.KeyOutputStream.handleWrite(KeyOutputStream.java:231)
	at org.apache.hadoop.ozone.client.io.KeyOutputStream.handleRetry(KeyOutputStream.java:376)
	at org.apache.hadoop.ozone.client.io.KeyOutputStream.handleException(KeyOutputStream.java:325)
	at org.apache.hadoop.ozone.client.io.KeyOutputStream.handleWrite(KeyOutputStream.java:231)
	at org.apache.hadoop.ozone.client.io.KeyOutputStream.write(KeyOutputStream.java:193)
	at org.apache.hadoop.ozone.client.io.OzoneOutputStream.write(OzoneOutputStream.java:49)
	at java.io.OutputStream.write(OutputStream.java:75)
	at org.apache.hadoop.ozone.client.rpc.TestWatchForCommit.testWatchForCommitWithKeyWrite(TestWatchForCommit.java:158)
	at sun.reflect.NativeMethodAccessorImpl.invoke0(Native Method)
	at sun.reflect.NativeMethodAccessorImpl.invoke(NativeMethodAccessorImpl.java:62)
	at sun.reflect.DelegatingMethodAccessorImpl.invoke(DelegatingMethodAccessorImpl.java:43)
	at java.lang.reflect.Method.invoke(Method.java:498)
	at org.junit.runners.model.FrameworkMethod$1.runReflectiveCall(FrameworkMethod.java:47)
	at org.junit.internal.runners.model.ReflectiveCallable.run(ReflectiveCallable.java:12)
	at org.junit.runners.model.FrameworkMethod.invokeExplosively(FrameworkMethod.java:44)
	at org.junit.internal.runners.statements.InvokeMethod.evaluate(InvokeMethod.java:17)
	at org.junit.runners.ParentRunner.runLeaf(ParentRunner.java:271)
	at org.junit.runners.BlockJUnit4ClassRunner.runChild(BlockJUnit4ClassRunner.java:70)
	at org.junit.runners.BlockJUnit4ClassRunner.runChild(BlockJUnit4ClassRunner.java:50)
	at org.junit.runners.ParentRunner$3.run(ParentRunner.java:238)
	at org.junit.runners.ParentRunner$1.schedule(ParentRunner.java:63)
	at org.junit.runners.ParentRunner.runChildren(ParentRunner.java:236)
	at org.junit.runners.ParentRunner.access$000(ParentRunner.java:53)
	at org.junit.runners.ParentRunner$2.evaluate(ParentRunner.java:229)
	at org.junit.runners.ParentRunner.run(ParentRunner.java:309)
	at org.apache.maven.surefire.junit4.JUnit4Provider.execute(JUnit4Provider.java:365)
	at org.apache.maven.surefire.junit4.JUnit4Provider.executeWithRerun(JUnit4Provider.java:273)
	at org.apache.maven.surefire.junit4.JUnit4Provider.executeTestSet(JUnit4Provider.java:238)
	at org.apache.maven.surefire.junit4.JUnit4Provider.invoke(JUnit4Provider.java:159)
	at org.apache.maven.surefire.booter.ForkedBooter.invokeProviderInSameClassLoader(ForkedBooter.java:384)
	at org.apache.maven.surefire.booter.ForkedBooter.runSuitesInProcess(ForkedBooter.java:345)
	at org.apache.maven.surefire.booter.ForkedBooter.execute(ForkedBooter.java:126)
	at org.apache.maven.surefire.booter.ForkedBooter.main(ForkedBooter.java:418)
]]></system-out>
    <system-err><![CDATA[ERROR StatusLogger No Log4j 2 configuration file found. Using default configuration (logging only errors to the console), or user programmatically provided configurations. Set system property 'log4j2.debug' to show Log4j 2 internal initialization logging. See https://logging.apache.org/log4j/2.x/manual/configuration.html for instructions on how to configure Log4j 2
Jul 13, 2019 7:32:14 PM com.sun.jersey.server.impl.application.WebApplicationImpl _initiate
INFO: Initiating Jersey application, version 'Jersey: 1.19 02/11/2015 03:25 AM'
Jul 13, 2019 7:32:15 PM com.sun.jersey.server.impl.application.WebApplicationImpl _initiate
INFO: Initiating Jersey application, version 'Jersey: 1.19 02/11/2015 03:25 AM'
Jul 13, 2019 7:32:15 PM com.sun.jersey.server.impl.application.WebApplicationImpl _initiate
INFO: Initiating Jersey application, version 'Jersey: 1.19 02/11/2015 03:25 AM'
Jul 13, 2019 7:32:15 PM com.sun.jersey.server.impl.application.WebApplicationImpl _initiate
INFO: Initiating Jersey application, version 'Jersey: 1.19 02/11/2015 03:25 AM'
Jul 13, 2019 7:32:15 PM com.sun.jersey.server.impl.application.WebApplicationImpl _initiate
INFO: Initiating Jersey application, version 'Jersey: 1.19 02/11/2015 03:25 AM'
Jul 13, 2019 7:32:16 PM com.sun.jersey.server.impl.application.WebApplicationImpl _initiate
INFO: Initiating Jersey application, version 'Jersey: 1.19 02/11/2015 03:25 AM'
Jul 13, 2019 7:32:16 PM com.sun.jersey.server.impl.application.WebApplicationImpl _initiate
INFO: Initiating Jersey application, version 'Jersey: 1.19 02/11/2015 03:25 AM'
]]></system-err>
  </testcase>
  <testcase name="testWatchForCommitWithSmallerTimeoutValue" classname="org.apache.hadoop.ozone.client.rpc.TestWatchForCommit" time="22.355">
    <failure message="expected exception not thrown" type="java.lang.AssertionError">java.lang.AssertionError: expected exception not thrown
	at org.junit.Assert.fail(Assert.java:88)
	at org.apache.hadoop.ozone.client.rpc.TestWatchForCommit.testWatchForCommitWithSmallerTimeoutValue(TestWatchForCommit.java:308)
	at sun.reflect.NativeMethodAccessorImpl.invoke0(Native Method)
	at sun.reflect.NativeMethodAccessorImpl.invoke(NativeMethodAccessorImpl.java:62)
	at sun.reflect.DelegatingMethodAccessorImpl.invoke(DelegatingMethodAccessorImpl.java:43)
	at java.lang.reflect.Method.invoke(Method.java:498)
	at org.junit.runners.model.FrameworkMethod$1.runReflectiveCall(FrameworkMethod.java:47)
	at org.junit.internal.runners.model.ReflectiveCallable.run(ReflectiveCallable.java:12)
	at org.junit.runners.model.FrameworkMethod.invokeExplosively(FrameworkMethod.java:44)
	at org.junit.internal.runners.statements.InvokeMethod.evaluate(InvokeMethod.java:17)
	at org.junit.runners.ParentRunner.runLeaf(ParentRunner.java:271)
	at org.junit.runners.BlockJUnit4ClassRunner.runChild(BlockJUnit4ClassRunner.java:70)
	at org.junit.runners.BlockJUnit4ClassRunner.runChild(BlockJUnit4ClassRunner.java:50)
	at org.junit.runners.ParentRunner$3.run(ParentRunner.java:238)
	at org.junit.runners.ParentRunner$1.schedule(ParentRunner.java:63)
	at org.junit.runners.ParentRunner.runChildren(ParentRunner.java:236)
	at org.junit.runners.ParentRunner.access$000(ParentRunner.java:53)
	at org.junit.runners.ParentRunner$2.evaluate(ParentRunner.java:229)
	at org.junit.runners.ParentRunner.run(ParentRunner.java:309)
	at org.apache.maven.surefire.junit4.JUnit4Provider.execute(JUnit4Provider.java:365)
	at org.apache.maven.surefire.junit4.JUnit4Provider.executeWithRerun(JUnit4Provider.java:273)
	at org.apache.maven.surefire.junit4.JUnit4Provider.executeTestSet(JUnit4Provider.java:238)
	at org.apache.maven.surefire.junit4.JUnit4Provider.invoke(JUnit4Provider.java:159)
	at org.apache.maven.surefire.booter.ForkedBooter.invokeProviderInSameClassLoader(ForkedBooter.java:384)
	at org.apache.maven.surefire.booter.ForkedBooter.runSuitesInProcess(ForkedBooter.java:345)
	at org.apache.maven.surefire.booter.ForkedBooter.execute(ForkedBooter.java:126)
	at org.apache.maven.surefire.booter.ForkedBooter.main(ForkedBooter.java:418)
</failure>
    <system-out><![CDATA[2019-07-13 19:32:30,675 WARN  server.ServerUtils (ServerUtils.java:getScmDbDir(145)) - ozone.scm.db.dirs is not configured. We recommend adding this setting. Falling back to ozone.metadata.dirs instead.
2019-07-13 19:32:30,692 WARN  server.ServerUtils (ServerUtils.java:getScmDbDir(145)) - ozone.scm.db.dirs is not configured. We recommend adding this setting. Falling back to ozone.metadata.dirs instead.
2019-07-13 19:32:30,693 WARN  server.ServerUtils (ServerUtils.java:getScmDbDir(145)) - ozone.scm.db.dirs is not configured. We recommend adding this setting. Falling back to ozone.metadata.dirs instead.
2019-07-13 19:32:30,694 INFO  db.DBStoreBuilder (DBStoreBuilder.java:addTable(110)) - using custom profile for table: deletedBlocks
2019-07-13 19:32:30,694 INFO  db.DBStoreBuilder (DBStoreBuilder.java:processTables(161)) - Using default column profile:DBProfile.DISK for Table:deletedBlocks
2019-07-13 19:32:30,694 INFO  db.DBStoreBuilder (DBStoreBuilder.java:addTable(110)) - using custom profile for table: validCerts
2019-07-13 19:32:30,694 INFO  db.DBStoreBuilder (DBStoreBuilder.java:processTables(161)) - Using default column profile:DBProfile.DISK for Table:validCerts
2019-07-13 19:32:30,695 INFO  db.DBStoreBuilder (DBStoreBuilder.java:addTable(110)) - using custom profile for table: revokedCerts
2019-07-13 19:32:30,695 INFO  db.DBStoreBuilder (DBStoreBuilder.java:processTables(161)) - Using default column profile:DBProfile.DISK for Table:revokedCerts
2019-07-13 19:32:30,695 INFO  db.DBStoreBuilder (DBStoreBuilder.java:addTable(110)) - using custom profile for table: default
2019-07-13 19:32:30,696 INFO  db.DBStoreBuilder (DBStoreBuilder.java:processTables(167)) - Using default column profile:DBProfile.DISK for Table:default
2019-07-13 19:32:30,696 INFO  db.DBStoreBuilder (DBStoreBuilder.java:getDbProfile(198)) - Using default options. DBProfile.DISK
2019-07-13 19:32:30,857 INFO  net.NodeSchemaLoader (NodeSchemaLoader.java:loadSchemaFromFile(125)) - Loading file from sun.misc.CompoundEnumeration@72eed547
2019-07-13 19:32:30,858 INFO  net.NodeSchemaLoader (NodeSchemaLoader.java:loadSchema(171)) - Loading network topology layer schema file
2019-07-13 19:32:30,863 WARN  server.ServerUtils (ServerUtils.java:sanitizeUserArgs(70)) - ozone.scm.stale.node.interval value = 300000 is larger than max = 100000 based on the key value of ozone.scm.heartbeat.thread.interval, reset to the max value 100000.
2019-07-13 19:32:30,864 WARN  server.ServerUtils (ServerUtils.java:sanitizeUserArgs(70)) - ozone.scm.stale.node.interval value = 300000 is larger than max = 100000 based on the key value of ozone.scm.heartbeat.thread.interval, reset to the max value 100000.
2019-07-13 19:32:30,864 INFO  node.SCMNodeManager (SCMNodeManager.java:<init>(119)) - Entering startup safe mode.
2019-07-13 19:32:30,866 WARN  server.ServerUtils (ServerUtils.java:getScmDbDir(145)) - ozone.scm.db.dirs is not configured. We recommend adding this setting. Falling back to ozone.metadata.dirs instead.
2019-07-13 19:32:30,910 INFO  pipeline.SCMPipelineManager (SCMPipelineManager.java:initializePipelineState(126)) - No pipeline exists in current db
2019-07-13 19:32:30,910 WARN  server.ServerUtils (ServerUtils.java:getScmDbDir(145)) - ozone.scm.db.dirs is not configured. We recommend adding this setting. Falling back to ozone.metadata.dirs instead.
2019-07-13 19:32:30,939 WARN  events.EventQueue (EventQueue.java:fireEvent(175)) - No event handler registered for event TypedEvent{payloadType=SafeModeStatus, name='SafeModeStatus'}
2019-07-13 19:32:30,941 INFO  ipc.CallQueueManager (CallQueueManager.java:<init>(84)) - Using callQueue: class java.util.concurrent.LinkedBlockingQueue, queueCapacity: 2000, scheduler: class org.apache.hadoop.ipc.DefaultRpcScheduler, ipcBackoff: false.
2019-07-13 19:32:30,942 INFO  ipc.Server (Server.java:run(1074)) - Starting Socket Reader #1 for port 40841
2019-07-13 19:32:30,949 INFO  ipc.CallQueueManager (CallQueueManager.java:<init>(84)) - Using callQueue: class java.util.concurrent.LinkedBlockingQueue, queueCapacity: 2000, scheduler: class org.apache.hadoop.ipc.DefaultRpcScheduler, ipcBackoff: false.
2019-07-13 19:32:30,950 INFO  ipc.Server (Server.java:run(1074)) - Starting Socket Reader #1 for port 41265
2019-07-13 19:32:30,954 INFO  ipc.CallQueueManager (CallQueueManager.java:<init>(84)) - Using callQueue: class java.util.concurrent.LinkedBlockingQueue, queueCapacity: 2000, scheduler: class org.apache.hadoop.ipc.DefaultRpcScheduler, ipcBackoff: false.
2019-07-13 19:32:30,955 INFO  ipc.Server (Server.java:run(1074)) - Starting Socket Reader #1 for port 43254
2019-07-13 19:32:30,961 INFO  hdfs.DFSUtil (DFSUtil.java:httpServerTemplateForNNAndJN(1641)) - Starting Web-server for scm at: http://0.0.0.0:0
2019-07-13 19:32:30,964 INFO  server.AuthenticationFilter (AuthenticationFilter.java:constructSecretProvider(240)) - Unable to initialize FileSignerSecretProvider, falling back to use random secrets.
2019-07-13 19:32:30,965 WARN  http.HttpRequestLog (HttpRequestLog.java:getRequestLog(97)) - Jetty request log can only be enabled using Log4j
2019-07-13 19:32:30,967 INFO  http.HttpServer2 (HttpServer2.java:addGlobalFilter(975)) - Added global filter 'safety' (class=org.apache.hadoop.http.HttpServer2$QuotingInputFilter)
2019-07-13 19:32:30,970 INFO  http.HttpServer2 (HttpServer2.java:addFilter(948)) - Added filter static_user_filter (class=org.apache.hadoop.http.lib.StaticUserWebFilter$StaticUserFilter) to context scm
2019-07-13 19:32:30,971 INFO  http.HttpServer2 (HttpServer2.java:addFilter(958)) - Added filter static_user_filter (class=org.apache.hadoop.http.lib.StaticUserWebFilter$StaticUserFilter) to context logs
2019-07-13 19:32:30,971 INFO  http.HttpServer2 (HttpServer2.java:addFilter(958)) - Added filter static_user_filter (class=org.apache.hadoop.http.lib.StaticUserWebFilter$StaticUserFilter) to context static
2019-07-13 19:32:30,982 INFO  server.StorageContainerManager (StorageContainerManager.java:start(759)) - StorageContainerLocationProtocol RPC server is listening at /0.0.0.0:43254
2019-07-13 19:32:30,982 INFO  impl.MetricsSystemImpl (MetricsSystemImpl.java:init(158)) - StorageContainerManager metrics system started (again)
2019-07-13 19:32:30,983 INFO  server.SCMClientProtocolServer (SCMClientProtocolServer.java:start(149)) - RPC server for Client  is listening at /0.0.0.0:43254
2019-07-13 19:32:30,983 INFO  ipc.Server (Server.java:run(1314)) - IPC Server Responder: starting
2019-07-13 19:32:30,983 INFO  ipc.Server (Server.java:run(1153)) - IPC Server listener on 43254: starting
2019-07-13 19:32:30,993 INFO  server.StorageContainerManager (StorageContainerManager.java:start(768)) - ScmBlockLocationProtocol RPC server is listening at /0.0.0.0:41265
2019-07-13 19:32:30,993 INFO  server.SCMBlockProtocolServer (SCMBlockProtocolServer.java:start(140)) - RPC server for Block Protocol is listening at /0.0.0.0:41265
2019-07-13 19:32:30,994 INFO  ipc.Server (Server.java:run(1314)) - IPC Server Responder: starting
2019-07-13 19:32:30,994 INFO  ipc.Server (Server.java:run(1153)) - IPC Server listener on 41265: starting
2019-07-13 19:32:31,003 INFO  server.StorageContainerManager (StorageContainerManager.java:start(772)) - ScmDatanodeProtocl RPC server is listening at /0.0.0.0:40841
2019-07-13 19:32:31,003 INFO  server.SCMDatanodeProtocolServer (SCMDatanodeProtocolServer.java:start(191)) - RPC server for DataNodes is listening at /0.0.0.0:40841
2019-07-13 19:32:31,004 INFO  ipc.Server (Server.java:run(1314)) - IPC Server Responder: starting
2019-07-13 19:32:31,004 INFO  ipc.Server (Server.java:run(1153)) - IPC Server listener on 40841: starting
2019-07-13 19:32:31,013 INFO  http.HttpServer2 (HttpServer2.java:bindListener(1191)) - Jetty bound to port 36037
2019-07-13 19:32:31,013 INFO  server.Server (Server.java:doStart(351)) - jetty-9.3.24.v20180605, build timestamp: 2018-06-05T17:11:56Z, git hash: 84205aa28f11a4f31f2a3b86d1bba2cc8ab69827
2019-07-13 19:32:31,016 INFO  handler.ContextHandler (ContextHandler.java:doStart(781)) - Started o.e.j.s.ServletContextHandler@30ec211a{/logs,file:///tmp/workdir/hadoop-ozone/integration-test/target/log,AVAILABLE}
2019-07-13 19:32:31,016 INFO  handler.ContextHandler (ContextHandler.java:doStart(781)) - Started o.e.j.s.ServletContextHandler@6684f7f2{/static,file:///tmp/workdir/hadoop-ozone/integration-test/target/test-classes/webapps/static,AVAILABLE}
2019-07-13 19:32:31,033 INFO  handler.ContextHandler (ContextHandler.java:doStart(781)) - Started o.e.j.w.WebAppContext@7b211077{/,file:///tmp/workdir/hadoop-ozone/integration-test/target/test-classes/webapps/scm/,AVAILABLE}{/scm}
2019-07-13 19:32:31,034 INFO  server.AbstractConnector (AbstractConnector.java:doStart(278)) - Started ServerConnector@3b770d07{HTTP/1.1,[http/1.1]}{0.0.0.0:36037}
2019-07-13 19:32:31,037 INFO  server.Server (Server.java:doStart(419)) - Started @22271ms
2019-07-13 19:32:31,038 INFO  server.BaseHttpServer (BaseHttpServer.java:updateConnectorAddress(207)) - HTTP server of SCM is listening at http://0.0.0.0:36037
2019-07-13 19:32:31,039 WARN  server.ServerUtils (ServerUtils.java:getDBPath(222)) - ozone.om.db.dirs is not configured. We recommend adding this setting. Falling back to ozone.metadata.dirs instead.
2019-07-13 19:32:31,039 INFO  util.JvmPauseMonitor (JvmPauseMonitor.java:run(188)) - Starting JVM pause monitor
2019-07-13 19:32:31,055 WARN  server.ServerUtils (ServerUtils.java:getDBPath(222)) - ozone.om.db.dirs is not configured. We recommend adding this setting. Falling back to ozone.metadata.dirs instead.
2019-07-13 19:32:31,055 INFO  om.OzoneManager (OzoneManager.java:setOMNodeDetails(630)) - OM Service ID is not set. Setting it to the default ID: omServiceIdDefault
2019-07-13 19:32:31,056 INFO  om.OzoneManager (OzoneManager.java:setOMNodeDetails(636)) - OM Node ID is not set. Setting it to the OmStorage's OmID: 859838de-96cf-4b17-a5f5-2012617af48c
2019-07-13 19:32:31,056 INFO  om.OzoneManager (OzoneManager.java:loadOMHAConfigs(587)) - Found matching OM address with OMServiceId: null, OMNodeId: null, RPC Address: localhost:0 and Ratis port: 9872
2019-07-13 19:32:31,072 WARN  server.ServerUtils (ServerUtils.java:getDBPath(222)) - ozone.om.db.dirs is not configured. We recommend adding this setting. Falling back to ozone.metadata.dirs instead.
2019-07-13 19:32:31,073 INFO  db.DBStoreBuilder (DBStoreBuilder.java:addTable(110)) - using custom profile for table: userTable
2019-07-13 19:32:31,073 INFO  db.DBStoreBuilder (DBStoreBuilder.java:processTables(161)) - Using default column profile:DBProfile.DISK for Table:userTable
2019-07-13 19:32:31,073 INFO  db.DBStoreBuilder (DBStoreBuilder.java:addTable(110)) - using custom profile for table: volumeTable
2019-07-13 19:32:31,073 INFO  db.DBStoreBuilder (DBStoreBuilder.java:processTables(161)) - Using default column profile:DBProfile.DISK for Table:volumeTable
2019-07-13 19:32:31,074 INFO  db.DBStoreBuilder (DBStoreBuilder.java:addTable(110)) - using custom profile for table: bucketTable
2019-07-13 19:32:31,074 INFO  db.DBStoreBuilder (DBStoreBuilder.java:processTables(161)) - Using default column profile:DBProfile.DISK for Table:bucketTable
2019-07-13 19:32:31,074 INFO  db.DBStoreBuilder (DBStoreBuilder.java:addTable(110)) - using custom profile for table: keyTable
2019-07-13 19:32:31,075 INFO  db.DBStoreBuilder (DBStoreBuilder.java:processTables(161)) - Using default column profile:DBProfile.DISK for Table:keyTable
2019-07-13 19:32:31,075 INFO  db.DBStoreBuilder (DBStoreBuilder.java:addTable(110)) - using custom profile for table: deletedTable
2019-07-13 19:32:31,075 INFO  db.DBStoreBuilder (DBStoreBuilder.java:processTables(161)) - Using default column profile:DBProfile.DISK for Table:deletedTable
2019-07-13 19:32:31,075 INFO  db.DBStoreBuilder (DBStoreBuilder.java:addTable(110)) - using custom profile for table: openKeyTable
2019-07-13 19:32:31,076 INFO  db.DBStoreBuilder (DBStoreBuilder.java:processTables(161)) - Using default column profile:DBProfile.DISK for Table:openKeyTable
2019-07-13 19:32:31,076 INFO  db.DBStoreBuilder (DBStoreBuilder.java:addTable(110)) - using custom profile for table: s3Table
2019-07-13 19:32:31,076 INFO  db.DBStoreBuilder (DBStoreBuilder.java:processTables(161)) - Using default column profile:DBProfile.DISK for Table:s3Table
2019-07-13 19:32:31,076 INFO  db.DBStoreBuilder (DBStoreBuilder.java:addTable(110)) - using custom profile for table: multipartInfoTable
2019-07-13 19:32:31,077 INFO  db.DBStoreBuilder (DBStoreBuilder.java:processTables(161)) - Using default column profile:DBProfile.DISK for Table:multipartInfoTable
2019-07-13 19:32:31,077 INFO  db.DBStoreBuilder (DBStoreBuilder.java:addTable(110)) - using custom profile for table: dTokenTable
2019-07-13 19:32:31,077 INFO  db.DBStoreBuilder (DBStoreBuilder.java:processTables(161)) - Using default column profile:DBProfile.DISK for Table:dTokenTable
2019-07-13 19:32:31,078 INFO  db.DBStoreBuilder (DBStoreBuilder.java:addTable(110)) - using custom profile for table: s3SecretTable
2019-07-13 19:32:31,078 INFO  db.DBStoreBuilder (DBStoreBuilder.java:processTables(161)) - Using default column profile:DBProfile.DISK for Table:s3SecretTable
2019-07-13 19:32:31,078 INFO  db.DBStoreBuilder (DBStoreBuilder.java:addTable(110)) - using custom profile for table: prefixTable
2019-07-13 19:32:31,078 INFO  db.DBStoreBuilder (DBStoreBuilder.java:processTables(161)) - Using default column profile:DBProfile.DISK for Table:prefixTable
2019-07-13 19:32:31,079 INFO  db.DBStoreBuilder (DBStoreBuilder.java:addTable(110)) - using custom profile for table: default
2019-07-13 19:32:31,079 INFO  db.DBStoreBuilder (DBStoreBuilder.java:processTables(167)) - Using default column profile:DBProfile.DISK for Table:default
2019-07-13 19:32:31,079 INFO  db.DBStoreBuilder (DBStoreBuilder.java:getDbProfile(198)) - Using default options. DBProfile.DISK
2019-07-13 19:32:31,398 INFO  impl.FollowerState (FollowerState.java:run(106)) - 6ba6747b-0f54-43b2-b684-1c5a9bb5647b:group-363892724001 changes to CANDIDATE, lastRpcTime:5042, electionTimeout:5041ms
2019-07-13 19:32:31,398 INFO  impl.RoleInfo (RoleInfo.java:shutdownFollowerState(121)) - 6ba6747b-0f54-43b2-b684-1c5a9bb5647b: shutdown FollowerState
2019-07-13 19:32:31,399 INFO  impl.RaftServerImpl (RaftServerImpl.java:setRole(171)) - 6ba6747b-0f54-43b2-b684-1c5a9bb5647b:group-363892724001 changes role from FOLLOWER to CANDIDATE at term 1 for changeToCandidate
2019-07-13 19:32:31,399 INFO  impl.RoleInfo (RoleInfo.java:updateAndGet(143)) - 6ba6747b-0f54-43b2-b684-1c5a9bb5647b: start LeaderElection
2019-07-13 19:32:31,402 INFO  impl.FollowerState (FollowerState.java:run(106)) - 02963ba0-723d-4501-bddb-fc4cdc1a907f:group-363892724001 changes to CANDIDATE, lastRpcTime:5066, electionTimeout:5062ms
2019-07-13 19:32:31,402 INFO  impl.RoleInfo (RoleInfo.java:shutdownFollowerState(121)) - 02963ba0-723d-4501-bddb-fc4cdc1a907f: shutdown FollowerState
2019-07-13 19:32:31,402 INFO  impl.RaftServerImpl (RaftServerImpl.java:setRole(171)) - 02963ba0-723d-4501-bddb-fc4cdc1a907f:group-363892724001 changes role from FOLLOWER to CANDIDATE at term 1 for changeToCandidate
2019-07-13 19:32:31,403 INFO  impl.RoleInfo (RoleInfo.java:updateAndGet(143)) - 02963ba0-723d-4501-bddb-fc4cdc1a907f: start LeaderElection
2019-07-13 19:32:31,408 INFO  impl.FollowerState (FollowerState.java:run(106)) - b42a8068-78f2-4a05-8265-820ce4700af2:group-363892724001 changes to CANDIDATE, lastRpcTime:5066, electionTimeout:5065ms
2019-07-13 19:32:31,408 INFO  impl.RoleInfo (RoleInfo.java:shutdownFollowerState(121)) - b42a8068-78f2-4a05-8265-820ce4700af2: shutdown FollowerState
2019-07-13 19:32:31,408 INFO  impl.RaftServerImpl (RaftServerImpl.java:setRole(171)) - b42a8068-78f2-4a05-8265-820ce4700af2:group-363892724001 changes role from FOLLOWER to CANDIDATE at term 1 for changeToCandidate
2019-07-13 19:32:31,409 INFO  impl.RoleInfo (RoleInfo.java:updateAndGet(143)) - b42a8068-78f2-4a05-8265-820ce4700af2: start LeaderElection
2019-07-13 19:32:31,418 INFO  impl.LeaderElection (LeaderElection.java:askForVotes(181)) - 6ba6747b-0f54-43b2-b684-1c5a9bb5647b:group-363892724001:LeaderElection12: begin an election at term 2 for -1: [02963ba0-723d-4501-bddb-fc4cdc1a907f:192.168.69.122:43470, 6ba6747b-0f54-43b2-b684-1c5a9bb5647b:192.168.69.122:37531, b42a8068-78f2-4a05-8265-820ce4700af2:192.168.69.122:35287], old=null
2019-07-13 19:32:31,418 INFO  impl.LeaderElection (LeaderElection.java:askForVotes(181)) - 02963ba0-723d-4501-bddb-fc4cdc1a907f:group-363892724001:LeaderElection13: begin an election at term 2 for -1: [02963ba0-723d-4501-bddb-fc4cdc1a907f:192.168.69.122:43470, 6ba6747b-0f54-43b2-b684-1c5a9bb5647b:192.168.69.122:37531, b42a8068-78f2-4a05-8265-820ce4700af2:192.168.69.122:35287], old=null
2019-07-13 19:32:31,418 INFO  impl.LeaderElection (LeaderElection.java:askForVotes(181)) - b42a8068-78f2-4a05-8265-820ce4700af2:group-363892724001:LeaderElection14: begin an election at term 2 for -1: [02963ba0-723d-4501-bddb-fc4cdc1a907f:192.168.69.122:43470, 6ba6747b-0f54-43b2-b684-1c5a9bb5647b:192.168.69.122:37531, b42a8068-78f2-4a05-8265-820ce4700af2:192.168.69.122:35287], old=null
2019-07-13 19:32:31,440 INFO  impl.LeaderElection (LeaderElection.java:logAndReturn(56)) - 6ba6747b-0f54-43b2-b684-1c5a9bb5647b:group-363892724001:LeaderElection12: Election REJECTED; received 2 response(s) [6ba6747b-0f54-43b2-b684-1c5a9bb5647b<-02963ba0-723d-4501-bddb-fc4cdc1a907f#0:FAIL-t2, 6ba6747b-0f54-43b2-b684-1c5a9bb5647b<-b42a8068-78f2-4a05-8265-820ce4700af2#0:FAIL-t2] and 0 exception(s); 6ba6747b-0f54-43b2-b684-1c5a9bb5647b:t2, leader=null, voted=6ba6747b-0f54-43b2-b684-1c5a9bb5647b, raftlog=6ba6747b-0f54-43b2-b684-1c5a9bb5647b-SegmentedRaftLog:OPENED:c-1,f-1,i0, conf=-1: [02963ba0-723d-4501-bddb-fc4cdc1a907f:192.168.69.122:43470, 6ba6747b-0f54-43b2-b684-1c5a9bb5647b:192.168.69.122:37531, b42a8068-78f2-4a05-8265-820ce4700af2:192.168.69.122:35287], old=null
2019-07-13 19:32:31,441 INFO  impl.RaftServerImpl (RaftServerImpl.java:setRole(171)) - 6ba6747b-0f54-43b2-b684-1c5a9bb5647b:group-363892724001 changes role from CANDIDATE to FOLLOWER at term 2 for DISCOVERED_A_NEW_TERM
2019-07-13 19:32:31,456 INFO  impl.LeaderElection (LeaderElection.java:logAndReturn(56)) - 02963ba0-723d-4501-bddb-fc4cdc1a907f:group-363892724001:LeaderElection13: Election REJECTED; received 2 response(s) [02963ba0-723d-4501-bddb-fc4cdc1a907f<-6ba6747b-0f54-43b2-b684-1c5a9bb5647b#0:FAIL-t2, 02963ba0-723d-4501-bddb-fc4cdc1a907f<-b42a8068-78f2-4a05-8265-820ce4700af2#0:FAIL-t2] and 0 exception(s); 02963ba0-723d-4501-bddb-fc4cdc1a907f:t2, leader=null, voted=02963ba0-723d-4501-bddb-fc4cdc1a907f, raftlog=02963ba0-723d-4501-bddb-fc4cdc1a907f-SegmentedRaftLog:OPENED:c-1,f-1,i0, conf=-1: [02963ba0-723d-4501-bddb-fc4cdc1a907f:192.168.69.122:43470, 6ba6747b-0f54-43b2-b684-1c5a9bb5647b:192.168.69.122:37531, b42a8068-78f2-4a05-8265-820ce4700af2:192.168.69.122:35287], old=null
2019-07-13 19:32:31,456 INFO  impl.LeaderElection (LeaderElection.java:logAndReturn(56)) - b42a8068-78f2-4a05-8265-820ce4700af2:group-363892724001:LeaderElection14: Election REJECTED; received 2 response(s) [b42a8068-78f2-4a05-8265-820ce4700af2<-02963ba0-723d-4501-bddb-fc4cdc1a907f#0:FAIL-t2, b42a8068-78f2-4a05-8265-820ce4700af2<-6ba6747b-0f54-43b2-b684-1c5a9bb5647b#0:FAIL-t2] and 0 exception(s); b42a8068-78f2-4a05-8265-820ce4700af2:t2, leader=null, voted=b42a8068-78f2-4a05-8265-820ce4700af2, raftlog=b42a8068-78f2-4a05-8265-820ce4700af2-SegmentedRaftLog:OPENED:c-1,f-1,i0, conf=-1: [02963ba0-723d-4501-bddb-fc4cdc1a907f:192.168.69.122:43470, 6ba6747b-0f54-43b2-b684-1c5a9bb5647b:192.168.69.122:37531, b42a8068-78f2-4a05-8265-820ce4700af2:192.168.69.122:35287], old=null
2019-07-13 19:32:31,456 INFO  impl.RoleInfo (RoleInfo.java:shutdownLeaderElection(134)) - 6ba6747b-0f54-43b2-b684-1c5a9bb5647b: shutdown LeaderElection
2019-07-13 19:32:31,460 INFO  impl.RaftServerImpl (RaftServerImpl.java:setRole(171)) - b42a8068-78f2-4a05-8265-820ce4700af2:group-363892724001 changes role from CANDIDATE to FOLLOWER at term 2 for DISCOVERED_A_NEW_TERM
2019-07-13 19:32:31,463 INFO  impl.RoleInfo (RoleInfo.java:updateAndGet(143)) - 6ba6747b-0f54-43b2-b684-1c5a9bb5647b: start FollowerState
2019-07-13 19:32:31,458 INFO  impl.RaftServerImpl (RaftServerImpl.java:setRole(171)) - 02963ba0-723d-4501-bddb-fc4cdc1a907f:group-363892724001 changes role from CANDIDATE to FOLLOWER at term 2 for DISCOVERED_A_NEW_TERM
2019-07-13 19:32:31,463 INFO  impl.RoleInfo (RoleInfo.java:shutdownLeaderElection(134)) - 02963ba0-723d-4501-bddb-fc4cdc1a907f: shutdown LeaderElection
2019-07-13 19:32:31,463 INFO  impl.RoleInfo (RoleInfo.java:shutdownLeaderElection(134)) - b42a8068-78f2-4a05-8265-820ce4700af2: shutdown LeaderElection
2019-07-13 19:32:31,463 INFO  impl.RoleInfo (RoleInfo.java:updateAndGet(143)) - 02963ba0-723d-4501-bddb-fc4cdc1a907f: start FollowerState
2019-07-13 19:32:31,464 INFO  impl.RoleInfo (RoleInfo.java:updateAndGet(143)) - b42a8068-78f2-4a05-8265-820ce4700af2: start FollowerState
2019-07-13 19:32:31,545 INFO  ipc.CallQueueManager (CallQueueManager.java:<init>(84)) - Using callQueue: class java.util.concurrent.LinkedBlockingQueue, queueCapacity: 2000, scheduler: class org.apache.hadoop.ipc.DefaultRpcScheduler, ipcBackoff: false.
2019-07-13 19:32:31,547 INFO  ipc.Server (Server.java:run(1074)) - Starting Socket Reader #1 for port 33194
2019-07-13 19:32:31,569 WARN  server.ServerUtils (ServerUtils.java:getDBPath(222)) - ozone.om.db.dirs is not configured. We recommend adding this setting. Falling back to ozone.metadata.dirs instead.
2019-07-13 19:32:31,569 INFO  om.OzoneManager (OzoneManager.java:start(1228)) - OzoneManager RPC server is listening at localhost/127.0.0.1:33194
2019-07-13 19:32:31,570 INFO  impl.MetricsSystemImpl (MetricsSystemImpl.java:init(158)) - OzoneManager metrics system started (again)
2019-07-13 19:32:31,570 INFO  ipc.Server (Server.java:run(1314)) - IPC Server Responder: starting
2019-07-13 19:32:31,570 INFO  ipc.Server (Server.java:run(1153)) - IPC Server listener on 33194: starting
2019-07-13 19:32:31,582 INFO  hdfs.DFSUtil (DFSUtil.java:httpServerTemplateForNNAndJN(1641)) - Starting Web-server for ozoneManager at: http://0.0.0.0:0
2019-07-13 19:32:31,584 INFO  server.AuthenticationFilter (AuthenticationFilter.java:constructSecretProvider(240)) - Unable to initialize FileSignerSecretProvider, falling back to use random secrets.
2019-07-13 19:32:31,584 WARN  http.HttpRequestLog (HttpRequestLog.java:getRequestLog(97)) - Jetty request log can only be enabled using Log4j
2019-07-13 19:32:31,587 INFO  http.HttpServer2 (HttpServer2.java:addGlobalFilter(975)) - Added global filter 'safety' (class=org.apache.hadoop.http.HttpServer2$QuotingInputFilter)
2019-07-13 19:32:31,588 INFO  http.HttpServer2 (HttpServer2.java:addFilter(948)) - Added filter static_user_filter (class=org.apache.hadoop.http.lib.StaticUserWebFilter$StaticUserFilter) to context ozoneManager
2019-07-13 19:32:31,588 INFO  http.HttpServer2 (HttpServer2.java:addFilter(958)) - Added filter static_user_filter (class=org.apache.hadoop.http.lib.StaticUserWebFilter$StaticUserFilter) to context logs
2019-07-13 19:32:31,588 INFO  http.HttpServer2 (HttpServer2.java:addFilter(958)) - Added filter static_user_filter (class=org.apache.hadoop.http.lib.StaticUserWebFilter$StaticUserFilter) to context static
2019-07-13 19:32:31,589 INFO  http.HttpServer2 (HttpServer2.java:bindListener(1191)) - Jetty bound to port 35288
2019-07-13 19:32:31,590 INFO  server.Server (Server.java:doStart(351)) - jetty-9.3.24.v20180605, build timestamp: 2018-06-05T17:11:56Z, git hash: 84205aa28f11a4f31f2a3b86d1bba2cc8ab69827
2019-07-13 19:32:31,592 INFO  handler.ContextHandler (ContextHandler.java:doStart(781)) - Started o.e.j.s.ServletContextHandler@12e5d3e1{/logs,file:///tmp/workdir/hadoop-ozone/integration-test/target/log,AVAILABLE}
2019-07-13 19:32:31,593 INFO  handler.ContextHandler (ContextHandler.java:doStart(781)) - Started o.e.j.s.ServletContextHandler@2fb082ff{/static,file:///tmp/workdir/hadoop-ozone/integration-test/target/test-classes/webapps/static,AVAILABLE}
2019-07-13 19:32:31,601 INFO  handler.ContextHandler (ContextHandler.java:doStart(781)) - Started o.e.j.w.WebAppContext@54463380{/,file:///tmp/workdir/hadoop-ozone/integration-test/target/test-classes/webapps/ozoneManager/,AVAILABLE}{/ozoneManager}
2019-07-13 19:32:31,605 INFO  server.AbstractConnector (AbstractConnector.java:doStart(278)) - Started ServerConnector@819fb19{HTTP/1.1,[http/1.1]}{0.0.0.0:35288}
2019-07-13 19:32:31,605 INFO  server.Server (Server.java:doStart(419)) - Started @22839ms
2019-07-13 19:32:31,606 INFO  server.BaseHttpServer (BaseHttpServer.java:updateConnectorAddress(207)) - HTTP server of OZONEMANAGER is listening at http://0.0.0.0:35288
2019-07-13 19:32:31,626 INFO  impl.MetricsSystemImpl (MetricsSystemImpl.java:init(158)) - HddsDatanode metrics system started (again)
2019-07-13 19:32:31,627 INFO  ozone.HddsDatanodeService (HddsDatanodeService.java:start(185)) - HddsDatanodeService host:trunk-nightly-fxqsz-774976932 ip:192.168.69.122
2019-07-13 19:32:31,641 INFO  volume.HddsVolume (HddsVolume.java:<init>(176)) - Creating Volume: /tmp/workdir/hadoop-ozone/integration-test/target/test-dir/MiniOzoneClusterImpl-3061be85-439c-43d1-97d0-5d1f6a9710f4/datanode-0/data/containers/hdds of  storage type : DISK and capacity : 52710309888
2019-07-13 19:32:31,642 INFO  volume.VolumeSet (VolumeSet.java:initializeVolumeSet(170)) - Added Volume : /tmp/workdir/hadoop-ozone/integration-test/target/test-dir/MiniOzoneClusterImpl-3061be85-439c-43d1-97d0-5d1f6a9710f4/datanode-0/data/containers/hdds to VolumeSet
2019-07-13 19:32:31,642 INFO  volume.ThrottledAsyncChecker (ThrottledAsyncChecker.java:schedule(140)) - Scheduling a check for org.apache.hadoop.ozone.container.common.volume.HddsVolume@23afc725
2019-07-13 19:32:31,643 INFO  volume.HddsVolumeChecker (HddsVolumeChecker.java:checkAllVolumes(203)) - Scheduled health check for volume org.apache.hadoop.ozone.container.common.volume.HddsVolume@23afc725
2019-07-13 19:32:31,663 INFO  impl.RaftServerProxy (ConfUtils.java:logGet(43)) - raft.rpc.type = GRPC (default)
2019-07-13 19:32:31,663 INFO  grpc.GrpcFactory (GrpcFactory.java:checkPooledByteBufAllocatorUseCacheForAllThreads(45)) - PERFORMANCE WARNING: useCacheForAllThreads is true that may cause Netty to create a lot garbage objects and, as a result, trigger GC.
	It is recommended to disable useCacheForAllThreads by setting -Dorg.apache.ratis.thirdparty.io.netty.allocator.useCacheForAllThreads=false in command line.
2019-07-13 19:32:31,663 INFO  grpc.GrpcConfigKeys$Server (ConfUtils.java:logGet(43)) - raft.grpc.server.port = 0 (default)
2019-07-13 19:32:31,664 INFO  server.GrpcService (ConfUtils.java:logGet(43)) - raft.grpc.message.size.max = 33570816 (custom)
2019-07-13 19:32:31,664 INFO  server.RaftServerConfigKeys (ConfUtils.java:logGet(43)) - raft.server.log.appender.buffer.byte-limit = 33554432 (custom)
2019-07-13 19:32:31,664 INFO  server.GrpcService (ConfUtils.java:logGet(43)) - raft.grpc.flow.control.window = 1MB (=1048576) (default)
2019-07-13 19:32:31,664 INFO  server.RaftServerConfigKeys (ConfUtils.java:logGet(43)) - raft.server.rpc.request.timeout = 3000ms (default)
2019-07-13 19:32:31,665 INFO  server.RaftServerConfigKeys (ConfUtils.java:logGet(43)) - raft.server.storage.dir = [/tmp/workdir/hadoop-ozone/integration-test/target/test-dir/MiniOzoneClusterImpl-3061be85-439c-43d1-97d0-5d1f6a9710f4/datanode-0/data/ratis] (custom)
2019-07-13 19:32:31,666 INFO  replication.SimpleContainerDownloader (SimpleContainerDownloader.java:<init>(72)) - Starting container downloader service to copy containers to replicate.
2019-07-13 19:32:31,667 INFO  hdfs.DFSUtil (DFSUtil.java:httpServerTemplateForNNAndJN(1641)) - Starting Web-server for hddsDatanode at: http://0.0.0.0:0
2019-07-13 19:32:31,669 INFO  server.AuthenticationFilter (AuthenticationFilter.java:constructSecretProvider(240)) - Unable to initialize FileSignerSecretProvider, falling back to use random secrets.
2019-07-13 19:32:31,669 WARN  http.HttpRequestLog (HttpRequestLog.java:getRequestLog(97)) - Jetty request log can only be enabled using Log4j
2019-07-13 19:32:31,671 INFO  http.HttpServer2 (HttpServer2.java:addGlobalFilter(975)) - Added global filter 'safety' (class=org.apache.hadoop.http.HttpServer2$QuotingInputFilter)
2019-07-13 19:32:31,672 INFO  http.HttpServer2 (HttpServer2.java:addFilter(948)) - Added filter static_user_filter (class=org.apache.hadoop.http.lib.StaticUserWebFilter$StaticUserFilter) to context hddsDatanode
2019-07-13 19:32:31,672 INFO  http.HttpServer2 (HttpServer2.java:addFilter(958)) - Added filter static_user_filter (class=org.apache.hadoop.http.lib.StaticUserWebFilter$StaticUserFilter) to context logs
2019-07-13 19:32:31,672 INFO  http.HttpServer2 (HttpServer2.java:addFilter(958)) - Added filter static_user_filter (class=org.apache.hadoop.http.lib.StaticUserWebFilter$StaticUserFilter) to context static
2019-07-13 19:32:31,673 INFO  http.HttpServer2 (HttpServer2.java:bindListener(1191)) - Jetty bound to port 46810
2019-07-13 19:32:31,673 INFO  server.Server (Server.java:doStart(351)) - jetty-9.3.24.v20180605, build timestamp: 2018-06-05T17:11:56Z, git hash: 84205aa28f11a4f31f2a3b86d1bba2cc8ab69827
2019-07-13 19:32:31,675 INFO  handler.ContextHandler (ContextHandler.java:doStart(781)) - Started o.e.j.s.ServletContextHandler@fabef2e{/logs,file:///tmp/workdir/hadoop-ozone/integration-test/target/log,AVAILABLE}
2019-07-13 19:32:31,676 INFO  handler.ContextHandler (ContextHandler.java:doStart(781)) - Started o.e.j.s.ServletContextHandler@7e848aea{/static,jar:file:/home/user/.m2/repository/org/apache/hadoop/hadoop-hdds-container-service/0.5.0-SNAPSHOT/hadoop-hdds-container-service-0.5.0-SNAPSHOT.jar!/webapps/static,AVAILABLE}
2019-07-13 19:32:31,710 INFO  handler.ContextHandler (ContextHandler.java:doStart(781)) - Started o.e.j.w.WebAppContext@1736c1e4{/,file:///tmp/jetty-0.0.0.0-46810-hddsDatanode-_-any-3988610429808012931.dir/webapp/,AVAILABLE}{/hddsDatanode}
2019-07-13 19:32:31,711 INFO  server.AbstractConnector (AbstractConnector.java:doStart(278)) - Started ServerConnector@32dcfeea{HTTP/1.1,[http/1.1]}{0.0.0.0:46810}
2019-07-13 19:32:31,714 INFO  server.Server (Server.java:doStart(419)) - Started @22948ms
2019-07-13 19:32:31,715 INFO  server.BaseHttpServer (BaseHttpServer.java:updateConnectorAddress(207)) - HTTP server of HDDSDATANODE is listening at http://0.0.0.0:46810
2019-07-13 19:32:31,868 INFO  ozone.HddsDatanodeService (HddsDatanodeService.java:startPlugins(396)) - Started plug-in org.apache.hadoop.ozone.web.OzoneHddsDatanodeService@1a2724d3
2019-07-13 19:32:31,868 INFO  impl.MetricsSystemImpl (MetricsSystemImpl.java:init(158)) - HddsDatanode metrics system started (again)
2019-07-13 19:32:31,873 INFO  ozone.HddsDatanodeService (HddsDatanodeService.java:start(185)) - HddsDatanodeService host:trunk-nightly-fxqsz-774976932 ip:192.168.69.122
2019-07-13 19:32:31,874 INFO  util.JvmPauseMonitor (JvmPauseMonitor.java:run(188)) - Starting JVM pause monitor
2019-07-13 19:32:31,877 INFO  datanode.InitDatanodeState (InitDatanodeState.java:persistContainerDatanodeDetails(140)) - DatanodeDetails is persisted to /tmp/workdir/hadoop-ozone/integration-test/target/test-dir/MiniOzoneClusterImpl-3061be85-439c-43d1-97d0-5d1f6a9710f4/datanode-0/meta/datanode.id
2019-07-13 19:32:31,888 INFO  volume.HddsVolume (HddsVolume.java:<init>(176)) - Creating Volume: /tmp/workdir/hadoop-ozone/integration-test/target/test-dir/MiniOzoneClusterImpl-3061be85-439c-43d1-97d0-5d1f6a9710f4/datanode-1/data/containers/hdds of  storage type : DISK and capacity : 52710309888
2019-07-13 19:32:31,889 INFO  volume.VolumeSet (VolumeSet.java:initializeVolumeSet(170)) - Added Volume : /tmp/workdir/hadoop-ozone/integration-test/target/test-dir/MiniOzoneClusterImpl-3061be85-439c-43d1-97d0-5d1f6a9710f4/datanode-1/data/containers/hdds to VolumeSet
2019-07-13 19:32:31,889 INFO  volume.ThrottledAsyncChecker (ThrottledAsyncChecker.java:schedule(140)) - Scheduling a check for org.apache.hadoop.ozone.container.common.volume.HddsVolume@5ef2cbe6
2019-07-13 19:32:31,890 INFO  volume.HddsVolumeChecker (HddsVolumeChecker.java:checkAllVolumes(203)) - Scheduled health check for volume org.apache.hadoop.ozone.container.common.volume.HddsVolume@5ef2cbe6
2019-07-13 19:32:31,910 INFO  impl.RaftServerProxy (ConfUtils.java:logGet(43)) - raft.rpc.type = GRPC (default)
2019-07-13 19:32:31,910 INFO  grpc.GrpcFactory (GrpcFactory.java:checkPooledByteBufAllocatorUseCacheForAllThreads(45)) - PERFORMANCE WARNING: useCacheForAllThreads is true that may cause Netty to create a lot garbage objects and, as a result, trigger GC.
	It is recommended to disable useCacheForAllThreads by setting -Dorg.apache.ratis.thirdparty.io.netty.allocator.useCacheForAllThreads=false in command line.
2019-07-13 19:32:31,910 INFO  grpc.GrpcConfigKeys$Server (ConfUtils.java:logGet(43)) - raft.grpc.server.port = 0 (default)
2019-07-13 19:32:31,910 INFO  server.GrpcService (ConfUtils.java:logGet(43)) - raft.grpc.message.size.max = 33570816 (custom)
2019-07-13 19:32:31,911 INFO  server.RaftServerConfigKeys (ConfUtils.java:logGet(43)) - raft.server.log.appender.buffer.byte-limit = 33554432 (custom)
2019-07-13 19:32:31,911 INFO  server.GrpcService (ConfUtils.java:logGet(43)) - raft.grpc.flow.control.window = 1MB (=1048576) (default)
2019-07-13 19:32:31,911 INFO  server.RaftServerConfigKeys (ConfUtils.java:logGet(43)) - raft.server.rpc.request.timeout = 3000ms (default)
2019-07-13 19:32:31,912 INFO  server.RaftServerConfigKeys (ConfUtils.java:logGet(43)) - raft.server.storage.dir = [/tmp/workdir/hadoop-ozone/integration-test/target/test-dir/MiniOzoneClusterImpl-3061be85-439c-43d1-97d0-5d1f6a9710f4/datanode-1/data/ratis] (custom)
2019-07-13 19:32:31,912 INFO  replication.SimpleContainerDownloader (SimpleContainerDownloader.java:<init>(72)) - Starting container downloader service to copy containers to replicate.
2019-07-13 19:32:31,914 INFO  hdfs.DFSUtil (DFSUtil.java:httpServerTemplateForNNAndJN(1641)) - Starting Web-server for hddsDatanode at: http://0.0.0.0:0
2019-07-13 19:32:31,916 INFO  server.AuthenticationFilter (AuthenticationFilter.java:constructSecretProvider(240)) - Unable to initialize FileSignerSecretProvider, falling back to use random secrets.
2019-07-13 19:32:31,917 WARN  http.HttpRequestLog (HttpRequestLog.java:getRequestLog(97)) - Jetty request log can only be enabled using Log4j
2019-07-13 19:32:31,919 INFO  http.HttpServer2 (HttpServer2.java:addGlobalFilter(975)) - Added global filter 'safety' (class=org.apache.hadoop.http.HttpServer2$QuotingInputFilter)
2019-07-13 19:32:31,920 INFO  http.HttpServer2 (HttpServer2.java:addFilter(948)) - Added filter static_user_filter (class=org.apache.hadoop.http.lib.StaticUserWebFilter$StaticUserFilter) to context hddsDatanode
2019-07-13 19:32:31,920 INFO  http.HttpServer2 (HttpServer2.java:addFilter(958)) - Added filter static_user_filter (class=org.apache.hadoop.http.lib.StaticUserWebFilter$StaticUserFilter) to context logs
2019-07-13 19:32:31,921 INFO  http.HttpServer2 (HttpServer2.java:addFilter(958)) - Added filter static_user_filter (class=org.apache.hadoop.http.lib.StaticUserWebFilter$StaticUserFilter) to context static
2019-07-13 19:32:31,922 INFO  http.HttpServer2 (HttpServer2.java:bindListener(1191)) - Jetty bound to port 37105
2019-07-13 19:32:31,922 INFO  server.Server (Server.java:doStart(351)) - jetty-9.3.24.v20180605, build timestamp: 2018-06-05T17:11:56Z, git hash: 84205aa28f11a4f31f2a3b86d1bba2cc8ab69827
2019-07-13 19:32:31,924 INFO  handler.ContextHandler (ContextHandler.java:doStart(781)) - Started o.e.j.s.ServletContextHandler@3a88f6fb{/logs,file:///tmp/workdir/hadoop-ozone/integration-test/target/log,AVAILABLE}
2019-07-13 19:32:31,925 INFO  handler.ContextHandler (ContextHandler.java:doStart(781)) - Started o.e.j.s.ServletContextHandler@844e66d{/static,jar:file:/home/user/.m2/repository/org/apache/hadoop/hadoop-hdds-container-service/0.5.0-SNAPSHOT/hadoop-hdds-container-service-0.5.0-SNAPSHOT.jar!/webapps/static,AVAILABLE}
2019-07-13 19:32:31,969 INFO  handler.ContextHandler (ContextHandler.java:doStart(781)) - Started o.e.j.w.WebAppContext@c318864{/,file:///tmp/jetty-0.0.0.0-37105-hddsDatanode-_-any-6807770043777515661.dir/webapp/,AVAILABLE}{/hddsDatanode}
2019-07-13 19:32:31,970 INFO  server.AbstractConnector (AbstractConnector.java:doStart(278)) - Started ServerConnector@7d61468c{HTTP/1.1,[http/1.1]}{0.0.0.0:37105}
2019-07-13 19:32:31,973 INFO  server.Server (Server.java:doStart(419)) - Started @23207ms
2019-07-13 19:32:31,974 INFO  server.BaseHttpServer (BaseHttpServer.java:updateConnectorAddress(207)) - HTTP server of HDDSDATANODE is listening at http://0.0.0.0:37105
2019-07-13 19:32:32,104 INFO  ozone.HddsDatanodeService (HddsDatanodeService.java:startPlugins(396)) - Started plug-in org.apache.hadoop.ozone.web.OzoneHddsDatanodeService@323e026d
2019-07-13 19:32:32,104 INFO  impl.MetricsSystemImpl (MetricsSystemImpl.java:init(158)) - HddsDatanode metrics system started (again)
2019-07-13 19:32:32,109 INFO  ozone.HddsDatanodeService (HddsDatanodeService.java:start(185)) - HddsDatanodeService host:trunk-nightly-fxqsz-774976932 ip:192.168.69.122
2019-07-13 19:32:32,111 INFO  util.JvmPauseMonitor (JvmPauseMonitor.java:run(188)) - Starting JVM pause monitor
2019-07-13 19:32:32,113 INFO  datanode.InitDatanodeState (InitDatanodeState.java:persistContainerDatanodeDetails(140)) - DatanodeDetails is persisted to /tmp/workdir/hadoop-ozone/integration-test/target/test-dir/MiniOzoneClusterImpl-3061be85-439c-43d1-97d0-5d1f6a9710f4/datanode-1/meta/datanode.id
2019-07-13 19:32:32,133 INFO  volume.HddsVolume (HddsVolume.java:<init>(176)) - Creating Volume: /tmp/workdir/hadoop-ozone/integration-test/target/test-dir/MiniOzoneClusterImpl-3061be85-439c-43d1-97d0-5d1f6a9710f4/datanode-2/data/containers/hdds of  storage type : DISK and capacity : 52710309888
2019-07-13 19:32:32,134 INFO  volume.VolumeSet (VolumeSet.java:initializeVolumeSet(170)) - Added Volume : /tmp/workdir/hadoop-ozone/integration-test/target/test-dir/MiniOzoneClusterImpl-3061be85-439c-43d1-97d0-5d1f6a9710f4/datanode-2/data/containers/hdds to VolumeSet
2019-07-13 19:32:32,134 INFO  volume.ThrottledAsyncChecker (ThrottledAsyncChecker.java:schedule(140)) - Scheduling a check for org.apache.hadoop.ozone.container.common.volume.HddsVolume@5bb97fe7
2019-07-13 19:32:32,134 INFO  volume.HddsVolumeChecker (HddsVolumeChecker.java:checkAllVolumes(203)) - Scheduled health check for volume org.apache.hadoop.ozone.container.common.volume.HddsVolume@5bb97fe7
2019-07-13 19:32:32,152 INFO  impl.RaftServerProxy (ConfUtils.java:logGet(43)) - raft.rpc.type = GRPC (default)
2019-07-13 19:32:32,152 INFO  grpc.GrpcFactory (GrpcFactory.java:checkPooledByteBufAllocatorUseCacheForAllThreads(45)) - PERFORMANCE WARNING: useCacheForAllThreads is true that may cause Netty to create a lot garbage objects and, as a result, trigger GC.
	It is recommended to disable useCacheForAllThreads by setting -Dorg.apache.ratis.thirdparty.io.netty.allocator.useCacheForAllThreads=false in command line.
2019-07-13 19:32:32,152 INFO  grpc.GrpcConfigKeys$Server (ConfUtils.java:logGet(43)) - raft.grpc.server.port = 0 (default)
2019-07-13 19:32:32,152 INFO  server.GrpcService (ConfUtils.java:logGet(43)) - raft.grpc.message.size.max = 33570816 (custom)
2019-07-13 19:32:32,152 INFO  server.RaftServerConfigKeys (ConfUtils.java:logGet(43)) - raft.server.log.appender.buffer.byte-limit = 33554432 (custom)
2019-07-13 19:32:32,153 INFO  server.GrpcService (ConfUtils.java:logGet(43)) - raft.grpc.flow.control.window = 1MB (=1048576) (default)
2019-07-13 19:32:32,153 INFO  server.RaftServerConfigKeys (ConfUtils.java:logGet(43)) - raft.server.rpc.request.timeout = 3000ms (default)
2019-07-13 19:32:32,153 INFO  server.RaftServerConfigKeys (ConfUtils.java:logGet(43)) - raft.server.storage.dir = [/tmp/workdir/hadoop-ozone/integration-test/target/test-dir/MiniOzoneClusterImpl-3061be85-439c-43d1-97d0-5d1f6a9710f4/datanode-2/data/ratis] (custom)
2019-07-13 19:32:32,154 INFO  replication.SimpleContainerDownloader (SimpleContainerDownloader.java:<init>(72)) - Starting container downloader service to copy containers to replicate.
2019-07-13 19:32:32,155 INFO  hdfs.DFSUtil (DFSUtil.java:httpServerTemplateForNNAndJN(1641)) - Starting Web-server for hddsDatanode at: http://0.0.0.0:0
2019-07-13 19:32:32,156 INFO  server.AuthenticationFilter (AuthenticationFilter.java:constructSecretProvider(240)) - Unable to initialize FileSignerSecretProvider, falling back to use random secrets.
2019-07-13 19:32:32,157 WARN  http.HttpRequestLog (HttpRequestLog.java:getRequestLog(97)) - Jetty request log can only be enabled using Log4j
2019-07-13 19:32:32,158 INFO  http.HttpServer2 (HttpServer2.java:addGlobalFilter(975)) - Added global filter 'safety' (class=org.apache.hadoop.http.HttpServer2$QuotingInputFilter)
2019-07-13 19:32:32,158 INFO  http.HttpServer2 (HttpServer2.java:addFilter(948)) - Added filter static_user_filter (class=org.apache.hadoop.http.lib.StaticUserWebFilter$StaticUserFilter) to context hddsDatanode
2019-07-13 19:32:32,158 INFO  http.HttpServer2 (HttpServer2.java:addFilter(958)) - Added filter static_user_filter (class=org.apache.hadoop.http.lib.StaticUserWebFilter$StaticUserFilter) to context static
2019-07-13 19:32:32,159 INFO  http.HttpServer2 (HttpServer2.java:addFilter(958)) - Added filter static_user_filter (class=org.apache.hadoop.http.lib.StaticUserWebFilter$StaticUserFilter) to context logs
2019-07-13 19:32:32,159 INFO  http.HttpServer2 (HttpServer2.java:bindListener(1191)) - Jetty bound to port 36671
2019-07-13 19:32:32,160 INFO  server.Server (Server.java:doStart(351)) - jetty-9.3.24.v20180605, build timestamp: 2018-06-05T17:11:56Z, git hash: 84205aa28f11a4f31f2a3b86d1bba2cc8ab69827
2019-07-13 19:32:32,162 INFO  handler.ContextHandler (ContextHandler.java:doStart(781)) - Started o.e.j.s.ServletContextHandler@60c98f25{/logs,file:///tmp/workdir/hadoop-ozone/integration-test/target/log,AVAILABLE}
2019-07-13 19:32:32,162 INFO  handler.ContextHandler (ContextHandler.java:doStart(781)) - Started o.e.j.s.ServletContextHandler@1eb906f3{/static,jar:file:/home/user/.m2/repository/org/apache/hadoop/hadoop-hdds-container-service/0.5.0-SNAPSHOT/hadoop-hdds-container-service-0.5.0-SNAPSHOT.jar!/webapps/static,AVAILABLE}
2019-07-13 19:32:32,190 INFO  handler.ContextHandler (ContextHandler.java:doStart(781)) - Started o.e.j.w.WebAppContext@5fa0141f{/,file:///tmp/jetty-0.0.0.0-36671-hddsDatanode-_-any-4374630393885619281.dir/webapp/,AVAILABLE}{/hddsDatanode}
2019-07-13 19:32:32,190 INFO  server.AbstractConnector (AbstractConnector.java:doStart(278)) - Started ServerConnector@6caeba36{HTTP/1.1,[http/1.1]}{0.0.0.0:36671}
2019-07-13 19:32:32,193 INFO  server.Server (Server.java:doStart(419)) - Started @23428ms
2019-07-13 19:32:32,194 INFO  server.BaseHttpServer (BaseHttpServer.java:updateConnectorAddress(207)) - HTTP server of HDDSDATANODE is listening at http://0.0.0.0:36671
2019-07-13 19:32:32,308 INFO  ozone.HddsDatanodeService (HddsDatanodeService.java:startPlugins(396)) - Started plug-in org.apache.hadoop.ozone.web.OzoneHddsDatanodeService@67b8d45
2019-07-13 19:32:32,309 INFO  impl.MetricsSystemImpl (MetricsSystemImpl.java:init(158)) - HddsDatanode metrics system started (again)
2019-07-13 19:32:32,313 INFO  ozone.HddsDatanodeService (HddsDatanodeService.java:start(185)) - HddsDatanodeService host:trunk-nightly-fxqsz-774976932 ip:192.168.69.122
2019-07-13 19:32:32,314 INFO  util.JvmPauseMonitor (JvmPauseMonitor.java:run(188)) - Starting JVM pause monitor
2019-07-13 19:32:32,317 INFO  datanode.InitDatanodeState (InitDatanodeState.java:persistContainerDatanodeDetails(140)) - DatanodeDetails is persisted to /tmp/workdir/hadoop-ozone/integration-test/target/test-dir/MiniOzoneClusterImpl-3061be85-439c-43d1-97d0-5d1f6a9710f4/datanode-2/meta/datanode.id
2019-07-13 19:32:32,326 INFO  volume.HddsVolume (HddsVolume.java:<init>(176)) - Creating Volume: /tmp/workdir/hadoop-ozone/integration-test/target/test-dir/MiniOzoneClusterImpl-3061be85-439c-43d1-97d0-5d1f6a9710f4/datanode-3/data/containers/hdds of  storage type : DISK and capacity : 52710309888
2019-07-13 19:32:32,326 INFO  volume.VolumeSet (VolumeSet.java:initializeVolumeSet(170)) - Added Volume : /tmp/workdir/hadoop-ozone/integration-test/target/test-dir/MiniOzoneClusterImpl-3061be85-439c-43d1-97d0-5d1f6a9710f4/datanode-3/data/containers/hdds to VolumeSet
2019-07-13 19:32:32,326 INFO  volume.ThrottledAsyncChecker (ThrottledAsyncChecker.java:schedule(140)) - Scheduling a check for org.apache.hadoop.ozone.container.common.volume.HddsVolume@393ae7a0
2019-07-13 19:32:32,327 INFO  volume.HddsVolumeChecker (HddsVolumeChecker.java:checkAllVolumes(203)) - Scheduled health check for volume org.apache.hadoop.ozone.container.common.volume.HddsVolume@393ae7a0
2019-07-13 19:32:32,345 INFO  impl.RaftServerProxy (ConfUtils.java:logGet(43)) - raft.rpc.type = GRPC (default)
2019-07-13 19:32:32,345 INFO  grpc.GrpcFactory (GrpcFactory.java:checkPooledByteBufAllocatorUseCacheForAllThreads(45)) - PERFORMANCE WARNING: useCacheForAllThreads is true that may cause Netty to create a lot garbage objects and, as a result, trigger GC.
	It is recommended to disable useCacheForAllThreads by setting -Dorg.apache.ratis.thirdparty.io.netty.allocator.useCacheForAllThreads=false in command line.
2019-07-13 19:32:32,346 INFO  grpc.GrpcConfigKeys$Server (ConfUtils.java:logGet(43)) - raft.grpc.server.port = 0 (default)
2019-07-13 19:32:32,346 INFO  server.GrpcService (ConfUtils.java:logGet(43)) - raft.grpc.message.size.max = 33570816 (custom)
2019-07-13 19:32:32,346 INFO  server.RaftServerConfigKeys (ConfUtils.java:logGet(43)) - raft.server.log.appender.buffer.byte-limit = 33554432 (custom)
2019-07-13 19:32:32,346 INFO  server.GrpcService (ConfUtils.java:logGet(43)) - raft.grpc.flow.control.window = 1MB (=1048576) (default)
2019-07-13 19:32:32,346 INFO  server.RaftServerConfigKeys (ConfUtils.java:logGet(43)) - raft.server.rpc.request.timeout = 3000ms (default)
2019-07-13 19:32:32,347 INFO  server.RaftServerConfigKeys (ConfUtils.java:logGet(43)) - raft.server.storage.dir = [/tmp/workdir/hadoop-ozone/integration-test/target/test-dir/MiniOzoneClusterImpl-3061be85-439c-43d1-97d0-5d1f6a9710f4/datanode-3/data/ratis] (custom)
2019-07-13 19:32:32,347 INFO  replication.SimpleContainerDownloader (SimpleContainerDownloader.java:<init>(72)) - Starting container downloader service to copy containers to replicate.
2019-07-13 19:32:32,348 INFO  hdfs.DFSUtil (DFSUtil.java:httpServerTemplateForNNAndJN(1641)) - Starting Web-server for hddsDatanode at: http://0.0.0.0:0
2019-07-13 19:32:32,349 INFO  server.AuthenticationFilter (AuthenticationFilter.java:constructSecretProvider(240)) - Unable to initialize FileSignerSecretProvider, falling back to use random secrets.
2019-07-13 19:32:32,350 WARN  http.HttpRequestLog (HttpRequestLog.java:getRequestLog(97)) - Jetty request log can only be enabled using Log4j
2019-07-13 19:32:32,351 INFO  http.HttpServer2 (HttpServer2.java:addGlobalFilter(975)) - Added global filter 'safety' (class=org.apache.hadoop.http.HttpServer2$QuotingInputFilter)
2019-07-13 19:32:32,352 INFO  http.HttpServer2 (HttpServer2.java:addFilter(948)) - Added filter static_user_filter (class=org.apache.hadoop.http.lib.StaticUserWebFilter$StaticUserFilter) to context hddsDatanode
2019-07-13 19:32:32,352 INFO  http.HttpServer2 (HttpServer2.java:addFilter(958)) - Added filter static_user_filter (class=org.apache.hadoop.http.lib.StaticUserWebFilter$StaticUserFilter) to context logs
2019-07-13 19:32:32,352 INFO  http.HttpServer2 (HttpServer2.java:addFilter(958)) - Added filter static_user_filter (class=org.apache.hadoop.http.lib.StaticUserWebFilter$StaticUserFilter) to context static
2019-07-13 19:32:32,353 INFO  http.HttpServer2 (HttpServer2.java:bindListener(1191)) - Jetty bound to port 46526
2019-07-13 19:32:32,353 INFO  server.Server (Server.java:doStart(351)) - jetty-9.3.24.v20180605, build timestamp: 2018-06-05T17:11:56Z, git hash: 84205aa28f11a4f31f2a3b86d1bba2cc8ab69827
2019-07-13 19:32:32,355 INFO  handler.ContextHandler (ContextHandler.java:doStart(781)) - Started o.e.j.s.ServletContextHandler@7717b4a0{/logs,file:///tmp/workdir/hadoop-ozone/integration-test/target/log,AVAILABLE}
2019-07-13 19:32:32,355 INFO  handler.ContextHandler (ContextHandler.java:doStart(781)) - Started o.e.j.s.ServletContextHandler@28b5662d{/static,jar:file:/home/user/.m2/repository/org/apache/hadoop/hadoop-hdds-container-service/0.5.0-SNAPSHOT/hadoop-hdds-container-service-0.5.0-SNAPSHOT.jar!/webapps/static,AVAILABLE}
2019-07-13 19:32:32,383 INFO  handler.ContextHandler (ContextHandler.java:doStart(781)) - Started o.e.j.w.WebAppContext@2d47b06{/,file:///tmp/jetty-0.0.0.0-46526-hddsDatanode-_-any-2372916301494838933.dir/webapp/,AVAILABLE}{/hddsDatanode}
2019-07-13 19:32:32,383 INFO  server.AbstractConnector (AbstractConnector.java:doStart(278)) - Started ServerConnector@59371066{HTTP/1.1,[http/1.1]}{0.0.0.0:46526}
2019-07-13 19:32:32,387 INFO  server.Server (Server.java:doStart(419)) - Started @23621ms
2019-07-13 19:32:32,387 INFO  server.BaseHttpServer (BaseHttpServer.java:updateConnectorAddress(207)) - HTTP server of HDDSDATANODE is listening at http://0.0.0.0:46526
2019-07-13 19:32:32,537 INFO  ozone.HddsDatanodeService (HddsDatanodeService.java:startPlugins(396)) - Started plug-in org.apache.hadoop.ozone.web.OzoneHddsDatanodeService@5ddb302
2019-07-13 19:32:32,537 INFO  impl.MetricsSystemImpl (MetricsSystemImpl.java:init(158)) - HddsDatanode metrics system started (again)
2019-07-13 19:32:32,549 INFO  ozone.HddsDatanodeService (HddsDatanodeService.java:start(185)) - HddsDatanodeService host:trunk-nightly-fxqsz-774976932 ip:192.168.69.122
2019-07-13 19:32:32,550 INFO  util.JvmPauseMonitor (JvmPauseMonitor.java:run(188)) - Starting JVM pause monitor
2019-07-13 19:32:32,552 INFO  datanode.InitDatanodeState (InitDatanodeState.java:persistContainerDatanodeDetails(140)) - DatanodeDetails is persisted to /tmp/workdir/hadoop-ozone/integration-test/target/test-dir/MiniOzoneClusterImpl-3061be85-439c-43d1-97d0-5d1f6a9710f4/datanode-3/meta/datanode.id
2019-07-13 19:32:32,564 INFO  volume.HddsVolume (HddsVolume.java:<init>(176)) - Creating Volume: /tmp/workdir/hadoop-ozone/integration-test/target/test-dir/MiniOzoneClusterImpl-3061be85-439c-43d1-97d0-5d1f6a9710f4/datanode-4/data/containers/hdds of  storage type : DISK and capacity : 52710309888
2019-07-13 19:32:32,564 INFO  volume.VolumeSet (VolumeSet.java:initializeVolumeSet(170)) - Added Volume : /tmp/workdir/hadoop-ozone/integration-test/target/test-dir/MiniOzoneClusterImpl-3061be85-439c-43d1-97d0-5d1f6a9710f4/datanode-4/data/containers/hdds to VolumeSet
2019-07-13 19:32:32,564 INFO  volume.ThrottledAsyncChecker (ThrottledAsyncChecker.java:schedule(140)) - Scheduling a check for org.apache.hadoop.ozone.container.common.volume.HddsVolume@e0847a9
2019-07-13 19:32:32,565 INFO  volume.HddsVolumeChecker (HddsVolumeChecker.java:checkAllVolumes(203)) - Scheduled health check for volume org.apache.hadoop.ozone.container.common.volume.HddsVolume@e0847a9
2019-07-13 19:32:32,586 INFO  impl.RaftServerProxy (ConfUtils.java:logGet(43)) - raft.rpc.type = GRPC (default)
2019-07-13 19:32:32,587 INFO  grpc.GrpcFactory (GrpcFactory.java:checkPooledByteBufAllocatorUseCacheForAllThreads(45)) - PERFORMANCE WARNING: useCacheForAllThreads is true that may cause Netty to create a lot garbage objects and, as a result, trigger GC.
	It is recommended to disable useCacheForAllThreads by setting -Dorg.apache.ratis.thirdparty.io.netty.allocator.useCacheForAllThreads=false in command line.
2019-07-13 19:32:32,587 INFO  grpc.GrpcConfigKeys$Server (ConfUtils.java:logGet(43)) - raft.grpc.server.port = 0 (default)
2019-07-13 19:32:32,587 INFO  server.GrpcService (ConfUtils.java:logGet(43)) - raft.grpc.message.size.max = 33570816 (custom)
2019-07-13 19:32:32,587 INFO  server.RaftServerConfigKeys (ConfUtils.java:logGet(43)) - raft.server.log.appender.buffer.byte-limit = 33554432 (custom)
2019-07-13 19:32:32,588 INFO  server.GrpcService (ConfUtils.java:logGet(43)) - raft.grpc.flow.control.window = 1MB (=1048576) (default)
2019-07-13 19:32:32,588 INFO  server.RaftServerConfigKeys (ConfUtils.java:logGet(43)) - raft.server.rpc.request.timeout = 3000ms (default)
2019-07-13 19:32:32,589 INFO  server.RaftServerConfigKeys (ConfUtils.java:logGet(43)) - raft.server.storage.dir = [/tmp/workdir/hadoop-ozone/integration-test/target/test-dir/MiniOzoneClusterImpl-3061be85-439c-43d1-97d0-5d1f6a9710f4/datanode-4/data/ratis] (custom)
2019-07-13 19:32:32,589 INFO  replication.SimpleContainerDownloader (SimpleContainerDownloader.java:<init>(72)) - Starting container downloader service to copy containers to replicate.
2019-07-13 19:32:32,591 INFO  hdfs.DFSUtil (DFSUtil.java:httpServerTemplateForNNAndJN(1641)) - Starting Web-server for hddsDatanode at: http://0.0.0.0:0
2019-07-13 19:32:32,594 INFO  server.AuthenticationFilter (AuthenticationFilter.java:constructSecretProvider(240)) - Unable to initialize FileSignerSecretProvider, falling back to use random secrets.
2019-07-13 19:32:32,594 WARN  http.HttpRequestLog (HttpRequestLog.java:getRequestLog(97)) - Jetty request log can only be enabled using Log4j
2019-07-13 19:32:32,596 INFO  http.HttpServer2 (HttpServer2.java:addGlobalFilter(975)) - Added global filter 'safety' (class=org.apache.hadoop.http.HttpServer2$QuotingInputFilter)
2019-07-13 19:32:32,597 INFO  http.HttpServer2 (HttpServer2.java:addFilter(948)) - Added filter static_user_filter (class=org.apache.hadoop.http.lib.StaticUserWebFilter$StaticUserFilter) to context hddsDatanode
2019-07-13 19:32:32,598 INFO  http.HttpServer2 (HttpServer2.java:addFilter(958)) - Added filter static_user_filter (class=org.apache.hadoop.http.lib.StaticUserWebFilter$StaticUserFilter) to context logs
2019-07-13 19:32:32,598 INFO  http.HttpServer2 (HttpServer2.java:addFilter(958)) - Added filter static_user_filter (class=org.apache.hadoop.http.lib.StaticUserWebFilter$StaticUserFilter) to context static
2019-07-13 19:32:32,599 INFO  http.HttpServer2 (HttpServer2.java:bindListener(1191)) - Jetty bound to port 40591
2019-07-13 19:32:32,600 INFO  server.Server (Server.java:doStart(351)) - jetty-9.3.24.v20180605, build timestamp: 2018-06-05T17:11:56Z, git hash: 84205aa28f11a4f31f2a3b86d1bba2cc8ab69827
2019-07-13 19:32:32,603 INFO  handler.ContextHandler (ContextHandler.java:doStart(781)) - Started o.e.j.s.ServletContextHandler@2e85e3f1{/logs,file:///tmp/workdir/hadoop-ozone/integration-test/target/log,AVAILABLE}
2019-07-13 19:32:32,603 INFO  handler.ContextHandler (ContextHandler.java:doStart(781)) - Started o.e.j.s.ServletContextHandler@4b360972{/static,jar:file:/home/user/.m2/repository/org/apache/hadoop/hadoop-hdds-container-service/0.5.0-SNAPSHOT/hadoop-hdds-container-service-0.5.0-SNAPSHOT.jar!/webapps/static,AVAILABLE}
2019-07-13 19:32:32,648 INFO  handler.ContextHandler (ContextHandler.java:doStart(781)) - Started o.e.j.w.WebAppContext@6a902015{/,file:///tmp/jetty-0.0.0.0-40591-hddsDatanode-_-any-5483273142798978352.dir/webapp/,AVAILABLE}{/hddsDatanode}
2019-07-13 19:32:32,649 INFO  server.AbstractConnector (AbstractConnector.java:doStart(278)) - Started ServerConnector@55d99dc3{HTTP/1.1,[http/1.1]}{0.0.0.0:40591}
2019-07-13 19:32:32,652 INFO  server.Server (Server.java:doStart(419)) - Started @23886ms
2019-07-13 19:32:32,653 INFO  server.BaseHttpServer (BaseHttpServer.java:updateConnectorAddress(207)) - HTTP server of HDDSDATANODE is listening at http://0.0.0.0:40591
2019-07-13 19:32:32,782 INFO  ozone.HddsDatanodeService (HddsDatanodeService.java:startPlugins(396)) - Started plug-in org.apache.hadoop.ozone.web.OzoneHddsDatanodeService@762da62b
2019-07-13 19:32:32,782 INFO  impl.MetricsSystemImpl (MetricsSystemImpl.java:init(158)) - HddsDatanode metrics system started (again)
2019-07-13 19:32:32,783 INFO  ozone.HddsDatanodeService (HddsDatanodeService.java:start(185)) - HddsDatanodeService host:trunk-nightly-fxqsz-774976932 ip:192.168.69.122
2019-07-13 19:32:32,784 INFO  util.JvmPauseMonitor (JvmPauseMonitor.java:run(188)) - Starting JVM pause monitor
2019-07-13 19:32:32,787 INFO  datanode.InitDatanodeState (InitDatanodeState.java:persistContainerDatanodeDetails(140)) - DatanodeDetails is persisted to /tmp/workdir/hadoop-ozone/integration-test/target/test-dir/MiniOzoneClusterImpl-3061be85-439c-43d1-97d0-5d1f6a9710f4/datanode-4/meta/datanode.id
2019-07-13 19:32:32,798 INFO  volume.HddsVolume (HddsVolume.java:<init>(176)) - Creating Volume: /tmp/workdir/hadoop-ozone/integration-test/target/test-dir/MiniOzoneClusterImpl-3061be85-439c-43d1-97d0-5d1f6a9710f4/datanode-5/data/containers/hdds of  storage type : DISK and capacity : 52710309888
2019-07-13 19:32:32,799 INFO  volume.VolumeSet (VolumeSet.java:initializeVolumeSet(170)) - Added Volume : /tmp/workdir/hadoop-ozone/integration-test/target/test-dir/MiniOzoneClusterImpl-3061be85-439c-43d1-97d0-5d1f6a9710f4/datanode-5/data/containers/hdds to VolumeSet
2019-07-13 19:32:32,799 INFO  volume.ThrottledAsyncChecker (ThrottledAsyncChecker.java:schedule(140)) - Scheduling a check for org.apache.hadoop.ozone.container.common.volume.HddsVolume@8cb7185
2019-07-13 19:32:32,800 INFO  volume.HddsVolumeChecker (HddsVolumeChecker.java:checkAllVolumes(203)) - Scheduled health check for volume org.apache.hadoop.ozone.container.common.volume.HddsVolume@8cb7185
2019-07-13 19:32:32,823 INFO  impl.RaftServerProxy (ConfUtils.java:logGet(43)) - raft.rpc.type = GRPC (default)
2019-07-13 19:32:32,823 INFO  grpc.GrpcFactory (GrpcFactory.java:checkPooledByteBufAllocatorUseCacheForAllThreads(45)) - PERFORMANCE WARNING: useCacheForAllThreads is true that may cause Netty to create a lot garbage objects and, as a result, trigger GC.
	It is recommended to disable useCacheForAllThreads by setting -Dorg.apache.ratis.thirdparty.io.netty.allocator.useCacheForAllThreads=false in command line.
2019-07-13 19:32:32,823 INFO  grpc.GrpcConfigKeys$Server (ConfUtils.java:logGet(43)) - raft.grpc.server.port = 0 (default)
2019-07-13 19:32:32,824 INFO  server.GrpcService (ConfUtils.java:logGet(43)) - raft.grpc.message.size.max = 33570816 (custom)
2019-07-13 19:32:32,824 INFO  server.RaftServerConfigKeys (ConfUtils.java:logGet(43)) - raft.server.log.appender.buffer.byte-limit = 33554432 (custom)
2019-07-13 19:32:32,824 INFO  server.GrpcService (ConfUtils.java:logGet(43)) - raft.grpc.flow.control.window = 1MB (=1048576) (default)
2019-07-13 19:32:32,824 INFO  server.RaftServerConfigKeys (ConfUtils.java:logGet(43)) - raft.server.rpc.request.timeout = 3000ms (default)
2019-07-13 19:32:32,825 INFO  server.RaftServerConfigKeys (ConfUtils.java:logGet(43)) - raft.server.storage.dir = [/tmp/workdir/hadoop-ozone/integration-test/target/test-dir/MiniOzoneClusterImpl-3061be85-439c-43d1-97d0-5d1f6a9710f4/datanode-5/data/ratis] (custom)
2019-07-13 19:32:32,826 INFO  replication.SimpleContainerDownloader (SimpleContainerDownloader.java:<init>(72)) - Starting container downloader service to copy containers to replicate.
2019-07-13 19:32:32,828 INFO  hdfs.DFSUtil (DFSUtil.java:httpServerTemplateForNNAndJN(1641)) - Starting Web-server for hddsDatanode at: http://0.0.0.0:0
2019-07-13 19:32:32,830 INFO  server.AuthenticationFilter (AuthenticationFilter.java:constructSecretProvider(240)) - Unable to initialize FileSignerSecretProvider, falling back to use random secrets.
2019-07-13 19:32:32,831 WARN  http.HttpRequestLog (HttpRequestLog.java:getRequestLog(97)) - Jetty request log can only be enabled using Log4j
2019-07-13 19:32:32,833 INFO  http.HttpServer2 (HttpServer2.java:addGlobalFilter(975)) - Added global filter 'safety' (class=org.apache.hadoop.http.HttpServer2$QuotingInputFilter)
2019-07-13 19:32:32,834 INFO  http.HttpServer2 (HttpServer2.java:addFilter(948)) - Added filter static_user_filter (class=org.apache.hadoop.http.lib.StaticUserWebFilter$StaticUserFilter) to context hddsDatanode
2019-07-13 19:32:32,834 INFO  http.HttpServer2 (HttpServer2.java:addFilter(958)) - Added filter static_user_filter (class=org.apache.hadoop.http.lib.StaticUserWebFilter$StaticUserFilter) to context static
2019-07-13 19:32:32,834 INFO  http.HttpServer2 (HttpServer2.java:addFilter(958)) - Added filter static_user_filter (class=org.apache.hadoop.http.lib.StaticUserWebFilter$StaticUserFilter) to context logs
2019-07-13 19:32:32,835 INFO  http.HttpServer2 (HttpServer2.java:bindListener(1191)) - Jetty bound to port 45625
2019-07-13 19:32:32,836 INFO  server.Server (Server.java:doStart(351)) - jetty-9.3.24.v20180605, build timestamp: 2018-06-05T17:11:56Z, git hash: 84205aa28f11a4f31f2a3b86d1bba2cc8ab69827
2019-07-13 19:32:32,838 INFO  handler.ContextHandler (ContextHandler.java:doStart(781)) - Started o.e.j.s.ServletContextHandler@c4551c6{/logs,file:///tmp/workdir/hadoop-ozone/integration-test/target/log,AVAILABLE}
2019-07-13 19:32:32,839 INFO  handler.ContextHandler (ContextHandler.java:doStart(781)) - Started o.e.j.s.ServletContextHandler@4db46344{/static,jar:file:/home/user/.m2/repository/org/apache/hadoop/hadoop-hdds-container-service/0.5.0-SNAPSHOT/hadoop-hdds-container-service-0.5.0-SNAPSHOT.jar!/webapps/static,AVAILABLE}
2019-07-13 19:32:32,880 INFO  handler.ContextHandler (ContextHandler.java:doStart(781)) - Started o.e.j.w.WebAppContext@4272d8cf{/,file:///tmp/jetty-0.0.0.0-45625-hddsDatanode-_-any-2687986933151382035.dir/webapp/,AVAILABLE}{/hddsDatanode}
2019-07-13 19:32:32,881 INFO  server.AbstractConnector (AbstractConnector.java:doStart(278)) - Started ServerConnector@4e96cb04{HTTP/1.1,[http/1.1]}{0.0.0.0:45625}
2019-07-13 19:32:32,885 INFO  server.Server (Server.java:doStart(419)) - Started @24119ms
2019-07-13 19:32:32,886 INFO  server.BaseHttpServer (BaseHttpServer.java:updateConnectorAddress(207)) - HTTP server of HDDSDATANODE is listening at http://0.0.0.0:45625
2019-07-13 19:32:33,006 INFO  ozone.HddsDatanodeService (HddsDatanodeService.java:startPlugins(396)) - Started plug-in org.apache.hadoop.ozone.web.OzoneHddsDatanodeService@5e681097
2019-07-13 19:32:33,006 INFO  impl.MetricsSystemImpl (MetricsSystemImpl.java:init(158)) - HddsDatanode metrics system started (again)
2019-07-13 19:32:33,006 INFO  ozone.HddsDatanodeService (HddsDatanodeService.java:start(185)) - HddsDatanodeService host:trunk-nightly-fxqsz-774976932 ip:192.168.69.122
2019-07-13 19:32:33,008 INFO  util.JvmPauseMonitor (JvmPauseMonitor.java:run(188)) - Starting JVM pause monitor
2019-07-13 19:32:33,010 INFO  datanode.InitDatanodeState (InitDatanodeState.java:persistContainerDatanodeDetails(140)) - DatanodeDetails is persisted to /tmp/workdir/hadoop-ozone/integration-test/target/test-dir/MiniOzoneClusterImpl-3061be85-439c-43d1-97d0-5d1f6a9710f4/datanode-5/meta/datanode.id
2019-07-13 19:32:33,021 INFO  volume.HddsVolume (HddsVolume.java:<init>(176)) - Creating Volume: /tmp/workdir/hadoop-ozone/integration-test/target/test-dir/MiniOzoneClusterImpl-3061be85-439c-43d1-97d0-5d1f6a9710f4/datanode-6/data/containers/hdds of  storage type : DISK and capacity : 52710309888
2019-07-13 19:32:33,021 INFO  volume.VolumeSet (VolumeSet.java:initializeVolumeSet(170)) - Added Volume : /tmp/workdir/hadoop-ozone/integration-test/target/test-dir/MiniOzoneClusterImpl-3061be85-439c-43d1-97d0-5d1f6a9710f4/datanode-6/data/containers/hdds to VolumeSet
2019-07-13 19:32:33,021 INFO  volume.ThrottledAsyncChecker (ThrottledAsyncChecker.java:schedule(140)) - Scheduling a check for org.apache.hadoop.ozone.container.common.volume.HddsVolume@4df7b4ac
2019-07-13 19:32:33,022 INFO  volume.HddsVolumeChecker (HddsVolumeChecker.java:checkAllVolumes(203)) - Scheduled health check for volume org.apache.hadoop.ozone.container.common.volume.HddsVolume@4df7b4ac
2019-07-13 19:32:33,040 INFO  impl.RaftServerProxy (ConfUtils.java:logGet(43)) - raft.rpc.type = GRPC (default)
2019-07-13 19:32:33,041 INFO  grpc.GrpcFactory (GrpcFactory.java:checkPooledByteBufAllocatorUseCacheForAllThreads(45)) - PERFORMANCE WARNING: useCacheForAllThreads is true that may cause Netty to create a lot garbage objects and, as a result, trigger GC.
	It is recommended to disable useCacheForAllThreads by setting -Dorg.apache.ratis.thirdparty.io.netty.allocator.useCacheForAllThreads=false in command line.
2019-07-13 19:32:33,041 INFO  grpc.GrpcConfigKeys$Server (ConfUtils.java:logGet(43)) - raft.grpc.server.port = 0 (default)
2019-07-13 19:32:33,041 INFO  server.GrpcService (ConfUtils.java:logGet(43)) - raft.grpc.message.size.max = 33570816 (custom)
2019-07-13 19:32:33,041 INFO  server.RaftServerConfigKeys (ConfUtils.java:logGet(43)) - raft.server.log.appender.buffer.byte-limit = 33554432 (custom)
2019-07-13 19:32:33,041 INFO  server.GrpcService (ConfUtils.java:logGet(43)) - raft.grpc.flow.control.window = 1MB (=1048576) (default)
2019-07-13 19:32:33,042 INFO  server.RaftServerConfigKeys (ConfUtils.java:logGet(43)) - raft.server.rpc.request.timeout = 3000ms (default)
2019-07-13 19:32:33,042 INFO  server.RaftServerConfigKeys (ConfUtils.java:logGet(43)) - raft.server.storage.dir = [/tmp/workdir/hadoop-ozone/integration-test/target/test-dir/MiniOzoneClusterImpl-3061be85-439c-43d1-97d0-5d1f6a9710f4/datanode-6/data/ratis] (custom)
2019-07-13 19:32:33,043 INFO  replication.SimpleContainerDownloader (SimpleContainerDownloader.java:<init>(72)) - Starting container downloader service to copy containers to replicate.
2019-07-13 19:32:33,044 INFO  hdfs.DFSUtil (DFSUtil.java:httpServerTemplateForNNAndJN(1641)) - Starting Web-server for hddsDatanode at: http://0.0.0.0:0
2019-07-13 19:32:33,045 INFO  server.AuthenticationFilter (AuthenticationFilter.java:constructSecretProvider(240)) - Unable to initialize FileSignerSecretProvider, falling back to use random secrets.
2019-07-13 19:32:33,045 WARN  http.HttpRequestLog (HttpRequestLog.java:getRequestLog(97)) - Jetty request log can only be enabled using Log4j
2019-07-13 19:32:33,046 INFO  http.HttpServer2 (HttpServer2.java:addGlobalFilter(975)) - Added global filter 'safety' (class=org.apache.hadoop.http.HttpServer2$QuotingInputFilter)
2019-07-13 19:32:33,047 INFO  http.HttpServer2 (HttpServer2.java:addFilter(948)) - Added filter static_user_filter (class=org.apache.hadoop.http.lib.StaticUserWebFilter$StaticUserFilter) to context hddsDatanode
2019-07-13 19:32:33,047 INFO  http.HttpServer2 (HttpServer2.java:addFilter(958)) - Added filter static_user_filter (class=org.apache.hadoop.http.lib.StaticUserWebFilter$StaticUserFilter) to context logs
2019-07-13 19:32:33,047 INFO  http.HttpServer2 (HttpServer2.java:addFilter(958)) - Added filter static_user_filter (class=org.apache.hadoop.http.lib.StaticUserWebFilter$StaticUserFilter) to context static
2019-07-13 19:32:33,048 INFO  http.HttpServer2 (HttpServer2.java:bindListener(1191)) - Jetty bound to port 38967
2019-07-13 19:32:33,048 INFO  server.Server (Server.java:doStart(351)) - jetty-9.3.24.v20180605, build timestamp: 2018-06-05T17:11:56Z, git hash: 84205aa28f11a4f31f2a3b86d1bba2cc8ab69827
2019-07-13 19:32:33,050 INFO  handler.ContextHandler (ContextHandler.java:doStart(781)) - Started o.e.j.s.ServletContextHandler@61836cd9{/logs,file:///tmp/workdir/hadoop-ozone/integration-test/target/log,AVAILABLE}
2019-07-13 19:32:33,050 INFO  handler.ContextHandler (ContextHandler.java:doStart(781)) - Started o.e.j.s.ServletContextHandler@7227926b{/static,jar:file:/home/user/.m2/repository/org/apache/hadoop/hadoop-hdds-container-service/0.5.0-SNAPSHOT/hadoop-hdds-container-service-0.5.0-SNAPSHOT.jar!/webapps/static,AVAILABLE}
2019-07-13 19:32:33,077 INFO  handler.ContextHandler (ContextHandler.java:doStart(781)) - Started o.e.j.w.WebAppContext@71beada8{/,file:///tmp/jetty-0.0.0.0-38967-hddsDatanode-_-any-1777159526071697919.dir/webapp/,AVAILABLE}{/hddsDatanode}
2019-07-13 19:32:33,078 INFO  server.AbstractConnector (AbstractConnector.java:doStart(278)) - Started ServerConnector@17f41739{HTTP/1.1,[http/1.1]}{0.0.0.0:38967}
2019-07-13 19:32:33,081 INFO  server.Server (Server.java:doStart(419)) - Started @24316ms
2019-07-13 19:32:33,082 INFO  server.BaseHttpServer (BaseHttpServer.java:updateConnectorAddress(207)) - HTTP server of HDDSDATANODE is listening at http://0.0.0.0:38967
2019-07-13 19:32:33,198 INFO  ozone.HddsDatanodeService (HddsDatanodeService.java:startPlugins(396)) - Started plug-in org.apache.hadoop.ozone.web.OzoneHddsDatanodeService@3dc2f14
2019-07-13 19:32:33,199 INFO  ozone.MiniOzoneClusterImpl (MiniOzoneClusterImpl.java:lambda$waitForClusterToBeReady$0(142)) - Waiting for cluster to be ready. Got 0 of 7 DN Heartbeats.
2019-07-13 19:32:33,201 INFO  util.JvmPauseMonitor (JvmPauseMonitor.java:run(188)) - Starting JVM pause monitor
2019-07-13 19:32:33,204 INFO  datanode.InitDatanodeState (InitDatanodeState.java:persistContainerDatanodeDetails(140)) - DatanodeDetails is persisted to /tmp/workdir/hadoop-ozone/integration-test/target/test-dir/MiniOzoneClusterImpl-3061be85-439c-43d1-97d0-5d1f6a9710f4/datanode-6/meta/datanode.id
2019-07-13 19:32:33,904 INFO  ozoneimpl.OzoneContainer (OzoneContainer.java:start(186)) - Attempting to start container services.
2019-07-13 19:32:33,904 INFO  ozoneimpl.OzoneContainer (OzoneContainer.java:startContainerScrub(160)) - Background container scrubber has been disabled by hdds.containerscrub.enabled
2019-07-13 19:32:33,904 INFO  ratis.XceiverServerRatis (XceiverServerRatis.java:start(418)) - Starting XceiverServerRatis 26f66dd9-c91a-486d-a992-f58b07c1a85c at port 0
2019-07-13 19:32:33,917 INFO  impl.RaftServerProxy (RaftServerProxy.java:lambda$start$3(299)) - 26f66dd9-c91a-486d-a992-f58b07c1a85c: start RPC server
2019-07-13 19:32:33,919 INFO  server.GrpcService (GrpcService.java:startImpl(149)) - 26f66dd9-c91a-486d-a992-f58b07c1a85c: GrpcService started, listening on 0.0.0.0/0.0.0.0:44812
2019-07-13 19:32:33,920 INFO  ratis.XceiverServerRatis (XceiverServerRatis.java:start(428)) - XceiverServerRatis 26f66dd9-c91a-486d-a992-f58b07c1a85c is started using port 44812
2019-07-13 19:32:33,921 INFO  server.XceiverServerGrpc (XceiverServerGrpc.java:start(161)) - XceiverServerGrpc 26f66dd9-c91a-486d-a992-f58b07c1a85c is started using port 37430
2019-07-13 19:32:34,140 INFO  ozoneimpl.OzoneContainer (OzoneContainer.java:start(186)) - Attempting to start container services.
2019-07-13 19:32:34,140 INFO  ozoneimpl.OzoneContainer (OzoneContainer.java:startContainerScrub(160)) - Background container scrubber has been disabled by hdds.containerscrub.enabled
2019-07-13 19:32:34,140 INFO  ratis.XceiverServerRatis (XceiverServerRatis.java:start(418)) - Starting XceiverServerRatis 3b7fc3d4-38ac-4cbc-ac5c-0a5ecb5eaa58 at port 0
2019-07-13 19:32:34,149 INFO  impl.RaftServerProxy (RaftServerProxy.java:lambda$start$3(299)) - 3b7fc3d4-38ac-4cbc-ac5c-0a5ecb5eaa58: start RPC server
2019-07-13 19:32:34,150 INFO  server.GrpcService (GrpcService.java:startImpl(149)) - 3b7fc3d4-38ac-4cbc-ac5c-0a5ecb5eaa58: GrpcService started, listening on 0.0.0.0/0.0.0.0:34225
2019-07-13 19:32:34,150 INFO  ratis.XceiverServerRatis (XceiverServerRatis.java:start(428)) - XceiverServerRatis 3b7fc3d4-38ac-4cbc-ac5c-0a5ecb5eaa58 is started using port 34225
2019-07-13 19:32:34,151 INFO  server.XceiverServerGrpc (XceiverServerGrpc.java:start(161)) - XceiverServerGrpc 3b7fc3d4-38ac-4cbc-ac5c-0a5ecb5eaa58 is started using port 42619
2019-07-13 19:32:34,199 INFO  ozone.MiniOzoneClusterImpl (MiniOzoneClusterImpl.java:lambda$waitForClusterToBeReady$0(142)) - Waiting for cluster to be ready. Got 0 of 7 DN Heartbeats.
2019-07-13 19:32:34,334 INFO  ozoneimpl.OzoneContainer (OzoneContainer.java:start(186)) - Attempting to start container services.
2019-07-13 19:32:34,334 INFO  ozoneimpl.OzoneContainer (OzoneContainer.java:startContainerScrub(160)) - Background container scrubber has been disabled by hdds.containerscrub.enabled
2019-07-13 19:32:34,334 INFO  ratis.XceiverServerRatis (XceiverServerRatis.java:start(418)) - Starting XceiverServerRatis 12ebe1e8-f3b8-43be-a24e-312d113c4afa at port 0
2019-07-13 19:32:34,344 INFO  impl.RaftServerProxy (RaftServerProxy.java:lambda$start$3(299)) - 12ebe1e8-f3b8-43be-a24e-312d113c4afa: start RPC server
2019-07-13 19:32:34,367 INFO  server.GrpcService (GrpcService.java:startImpl(149)) - 12ebe1e8-f3b8-43be-a24e-312d113c4afa: GrpcService started, listening on 0.0.0.0/0.0.0.0:43147
2019-07-13 19:32:34,367 INFO  ratis.XceiverServerRatis (XceiverServerRatis.java:start(428)) - XceiverServerRatis 12ebe1e8-f3b8-43be-a24e-312d113c4afa is started using port 43147
2019-07-13 19:32:34,382 INFO  server.XceiverServerGrpc (XceiverServerGrpc.java:start(161)) - XceiverServerGrpc 12ebe1e8-f3b8-43be-a24e-312d113c4afa is started using port 42110
2019-07-13 19:32:34,565 INFO  ozoneimpl.OzoneContainer (OzoneContainer.java:start(186)) - Attempting to start container services.
2019-07-13 19:32:34,566 INFO  ozoneimpl.OzoneContainer (OzoneContainer.java:startContainerScrub(160)) - Background container scrubber has been disabled by hdds.containerscrub.enabled
2019-07-13 19:32:34,566 INFO  ratis.XceiverServerRatis (XceiverServerRatis.java:start(418)) - Starting XceiverServerRatis 6436ec4f-6ee1-4239-bcfd-d559df219ff3 at port 0
2019-07-13 19:32:34,573 INFO  impl.RaftServerProxy (RaftServerProxy.java:lambda$start$3(299)) - 6436ec4f-6ee1-4239-bcfd-d559df219ff3: start RPC server
2019-07-13 19:32:34,574 INFO  server.GrpcService (GrpcService.java:startImpl(149)) - 6436ec4f-6ee1-4239-bcfd-d559df219ff3: GrpcService started, listening on 0.0.0.0/0.0.0.0:33614
2019-07-13 19:32:34,574 INFO  ratis.XceiverServerRatis (XceiverServerRatis.java:start(428)) - XceiverServerRatis 6436ec4f-6ee1-4239-bcfd-d559df219ff3 is started using port 33614
2019-07-13 19:32:34,575 INFO  server.XceiverServerGrpc (XceiverServerGrpc.java:start(161)) - XceiverServerGrpc 6436ec4f-6ee1-4239-bcfd-d559df219ff3 is started using port 46863
2019-07-13 19:32:34,800 INFO  ozoneimpl.OzoneContainer (OzoneContainer.java:start(186)) - Attempting to start container services.
2019-07-13 19:32:34,800 INFO  ozoneimpl.OzoneContainer (OzoneContainer.java:startContainerScrub(160)) - Background container scrubber has been disabled by hdds.containerscrub.enabled
2019-07-13 19:32:34,800 INFO  ratis.XceiverServerRatis (XceiverServerRatis.java:start(418)) - Starting XceiverServerRatis 3d5abe44-b7dc-4add-9e39-baa48ace47ed at port 0
2019-07-13 19:32:34,808 INFO  impl.RaftServerProxy (RaftServerProxy.java:lambda$start$3(299)) - 3d5abe44-b7dc-4add-9e39-baa48ace47ed: start RPC server
2019-07-13 19:32:34,809 INFO  server.GrpcService (GrpcService.java:startImpl(149)) - 3d5abe44-b7dc-4add-9e39-baa48ace47ed: GrpcService started, listening on 0.0.0.0/0.0.0.0:33953
2019-07-13 19:32:34,809 INFO  ratis.XceiverServerRatis (XceiverServerRatis.java:start(428)) - XceiverServerRatis 3d5abe44-b7dc-4add-9e39-baa48ace47ed is started using port 33953
2019-07-13 19:32:34,810 INFO  server.XceiverServerGrpc (XceiverServerGrpc.java:start(161)) - XceiverServerGrpc 3d5abe44-b7dc-4add-9e39-baa48ace47ed is started using port 36467
2019-07-13 19:32:35,022 INFO  ozoneimpl.OzoneContainer (OzoneContainer.java:start(186)) - Attempting to start container services.
2019-07-13 19:32:35,022 INFO  ozoneimpl.OzoneContainer (OzoneContainer.java:startContainerScrub(160)) - Background container scrubber has been disabled by hdds.containerscrub.enabled
2019-07-13 19:32:35,022 INFO  ratis.XceiverServerRatis (XceiverServerRatis.java:start(418)) - Starting XceiverServerRatis 35df9edd-f554-4d58-9f0e-010a7c29dd17 at port 0
2019-07-13 19:32:35,035 INFO  impl.RaftServerProxy (RaftServerProxy.java:lambda$start$3(299)) - 35df9edd-f554-4d58-9f0e-010a7c29dd17: start RPC server
2019-07-13 19:32:35,042 INFO  server.GrpcService (GrpcService.java:startImpl(149)) - 35df9edd-f554-4d58-9f0e-010a7c29dd17: GrpcService started, listening on 0.0.0.0/0.0.0.0:46213
2019-07-13 19:32:35,043 INFO  ratis.XceiverServerRatis (XceiverServerRatis.java:start(428)) - XceiverServerRatis 35df9edd-f554-4d58-9f0e-010a7c29dd17 is started using port 46213
2019-07-13 19:32:35,047 INFO  server.XceiverServerGrpc (XceiverServerGrpc.java:start(161)) - XceiverServerGrpc 35df9edd-f554-4d58-9f0e-010a7c29dd17 is started using port 45149
2019-07-13 19:32:35,199 INFO  ozone.MiniOzoneClusterImpl (MiniOzoneClusterImpl.java:lambda$waitForClusterToBeReady$0(142)) - Waiting for cluster to be ready. Got 0 of 7 DN Heartbeats.
2019-07-13 19:32:35,215 INFO  ozoneimpl.OzoneContainer (OzoneContainer.java:start(186)) - Attempting to start container services.
2019-07-13 19:32:35,216 INFO  ozoneimpl.OzoneContainer (OzoneContainer.java:startContainerScrub(160)) - Background container scrubber has been disabled by hdds.containerscrub.enabled
2019-07-13 19:32:35,216 INFO  ratis.XceiverServerRatis (XceiverServerRatis.java:start(418)) - Starting XceiverServerRatis a7e1584a-b4a2-4ad1-bf08-329dcef0a6e6 at port 0
2019-07-13 19:32:35,224 INFO  impl.RaftServerProxy (RaftServerProxy.java:lambda$start$3(299)) - a7e1584a-b4a2-4ad1-bf08-329dcef0a6e6: start RPC server
2019-07-13 19:32:35,226 INFO  server.GrpcService (GrpcService.java:startImpl(149)) - a7e1584a-b4a2-4ad1-bf08-329dcef0a6e6: GrpcService started, listening on 0.0.0.0/0.0.0.0:43380
2019-07-13 19:32:35,226 INFO  ratis.XceiverServerRatis (XceiverServerRatis.java:start(428)) - XceiverServerRatis a7e1584a-b4a2-4ad1-bf08-329dcef0a6e6 is started using port 43380
2019-07-13 19:32:35,227 INFO  server.XceiverServerGrpc (XceiverServerGrpc.java:start(161)) - XceiverServerGrpc a7e1584a-b4a2-4ad1-bf08-329dcef0a6e6 is started using port 38317
2019-07-13 19:32:35,882 INFO  net.NetworkTopology (NetworkTopologyImpl.java:add(110)) - Added a new node: /default-rack/192.168.69.122
2019-07-13 19:32:35,886 INFO  node.SCMNodeManager (SCMNodeManager.java:register(269)) - Registered Data node : 26f66dd9-c91a-486d-a992-f58b07c1a85c{ip: 192.168.69.122, host: trunk-nightly-fxqsz-774976932, networkLocation: /default-rack, certSerialId: null}
2019-07-13 19:32:35,887 INFO  safemode.SCMSafeModeManager (DataNodeSafeModeRule.java:process(71)) - SCM in safe mode. 1 DataNodes registered, 1 required.
2019-07-13 19:32:35,892 INFO  safemode.SCMSafeModeManager (SCMSafeModeManager.java:validateSafeModeExitRules(177)) - ScmSafeModeManager, all rules are successfully validated
2019-07-13 19:32:35,893 INFO  safemode.SCMSafeModeManager (SCMSafeModeManager.java:exitSafeMode(193)) - SCM exiting safe mode.
2019-07-13 19:32:35,915 INFO  impl.RaftServerProxy (RaftServerProxy.java:addNew(89)) - 26f66dd9-c91a-486d-a992-f58b07c1a85c: addNew group-F8D704820ED2:[26f66dd9-c91a-486d-a992-f58b07c1a85c:192.168.69.122:44812] returns group-F8D704820ED2:java.util.concurrent.CompletableFuture@46c57c9e[Not completed]
2019-07-13 19:32:35,916 INFO  impl.RaftServerImpl (RaftServerImpl.java:<init>(93)) - 26f66dd9-c91a-486d-a992-f58b07c1a85c: new RaftServerImpl for group-F8D704820ED2:[26f66dd9-c91a-486d-a992-f58b07c1a85c:192.168.69.122:44812] with ContainerStateMachine:uninitialized
2019-07-13 19:32:35,917 INFO  server.RaftServerConfigKeys (ConfUtils.java:logGet(43)) - raft.server.rpc.timeout.min = 5s (custom)
2019-07-13 19:32:35,917 INFO  server.RaftServerConfigKeys (ConfUtils.java:logGet(43)) - raft.server.rpc.timeout.max = 5200ms (custom)
2019-07-13 19:32:35,917 INFO  server.RaftServerConfigKeys (ConfUtils.java:logGet(43)) - raft.server.rpcslowness.timeout = 120s (custom)
2019-07-13 19:32:35,917 INFO  server.RaftServerConfigKeys (ConfUtils.java:logGet(43)) - raft.server.sleep.deviation.threshold = 300 (default)
2019-07-13 19:32:35,917 INFO  server.RaftServerConfigKeys (ConfUtils.java:logGet(43)) - raft.server.log.appender.install.snapshot.enabled = false (custom)
2019-07-13 19:32:35,917 INFO  impl.RaftServerImpl (ServerState.java:<init>(105)) - 26f66dd9-c91a-486d-a992-f58b07c1a85c:group-F8D704820ED2 ConfigurationManager, init=-1: [26f66dd9-c91a-486d-a992-f58b07c1a85c:192.168.69.122:44812], old=null, confs=<EMPTY_MAP>
2019-07-13 19:32:35,918 INFO  server.RaftServerConfigKeys (ConfUtils.java:logGet(43)) - raft.server.storage.dir = [/tmp/workdir/hadoop-ozone/integration-test/target/test-dir/MiniOzoneClusterImpl-3061be85-439c-43d1-97d0-5d1f6a9710f4/datanode-0/data/ratis] (custom)
2019-07-13 19:32:35,918 INFO  storage.RaftStorageDirectory (RaftStorageDirectory.java:analyzeStorage(246)) - The storage directory /tmp/workdir/hadoop-ozone/integration-test/target/test-dir/MiniOzoneClusterImpl-3061be85-439c-43d1-97d0-5d1f6a9710f4/datanode-0/data/ratis/006122fe-0c2a-494c-a11a-f8d704820ed2 does not exist. Creating ...
2019-07-13 19:32:35,932 INFO  storage.RaftStorageDirectory (RaftStorageDirectory.java:tryLock(328)) - Lock on /tmp/workdir/hadoop-ozone/integration-test/target/test-dir/MiniOzoneClusterImpl-3061be85-439c-43d1-97d0-5d1f6a9710f4/datanode-0/data/ratis/006122fe-0c2a-494c-a11a-f8d704820ed2/in_use.lock acquired by nodename 18559@trunk-nightly-fxqsz-774976932
2019-07-13 19:32:35,945 INFO  storage.RaftStorage (RaftStorage.java:format(72)) - Storage directory /tmp/workdir/hadoop-ozone/integration-test/target/test-dir/MiniOzoneClusterImpl-3061be85-439c-43d1-97d0-5d1f6a9710f4/datanode-0/data/ratis/006122fe-0c2a-494c-a11a-f8d704820ed2 has been successfully formatted.
2019-07-13 19:32:35,945 INFO  ratis.ContainerStateMachine (ContainerStateMachine.java:loadSnapshot(200)) - The snapshot info is null.Setting the last applied index to:(t:0, i:~)
2019-07-13 19:32:35,946 INFO  server.RaftServerConfigKeys (ConfUtils.java:logGet(43)) - raft.server.leader.election.timeout = 120s (custom)
2019-07-13 19:32:35,946 INFO  server.RaftServerConfigKeys (ConfUtils.java:logGet(43)) - raft.server.log.use.memory = false (default)
2019-07-13 19:32:35,946 INFO  server.RaftServerConfigKeys (ConfUtils.java:logGet(43)) - raft.server.log.purge.gap = 1000000000 (custom)
2019-07-13 19:32:35,946 INFO  server.RaftServerConfigKeys (ConfUtils.java:logGet(43)) - raft.server.log.appender.buffer.byte-limit = 33554432 (custom)
2019-07-13 19:32:35,946 INFO  server.RaftServerConfigKeys (ConfUtils.java:logGet(43)) - raft.server.log.segment.size.max = 1048576 (custom)
2019-07-13 19:32:35,947 INFO  server.RaftServerConfigKeys (ConfUtils.java:logGet(43)) - raft.server.log.segment.cache.num.max = 2 (custom)
2019-07-13 19:32:35,947 INFO  segmented.SegmentedRaftLogWorker (SegmentedRaftLogWorker.java:<init>(172)) - new 26f66dd9-c91a-486d-a992-f58b07c1a85c-SegmentedRaftLogWorker:Storage Directory /tmp/workdir/hadoop-ozone/integration-test/target/test-dir/MiniOzoneClusterImpl-3061be85-439c-43d1-97d0-5d1f6a9710f4/datanode-0/data/ratis/006122fe-0c2a-494c-a11a-f8d704820ed2 for RaftStorage:Storage Directory /tmp/workdir/hadoop-ozone/integration-test/target/test-dir/MiniOzoneClusterImpl-3061be85-439c-43d1-97d0-5d1f6a9710f4/datanode-0/data/ratis/006122fe-0c2a-494c-a11a-f8d704820ed2
2019-07-13 19:32:35,947 INFO  server.RaftServerConfigKeys (ConfUtils.java:logGet(43)) - raft.server.log.queue.byte-limit = 2147483647 (custom)
2019-07-13 19:32:35,947 INFO  server.RaftServerConfigKeys (ConfUtils.java:logGet(43)) - raft.server.log.queue.element-limit = 1024 (custom)
2019-07-13 19:32:35,948 INFO  server.RaftServerConfigKeys (ConfUtils.java:logGet(43)) - raft.server.log.segment.size.max = 1048576 (custom)
2019-07-13 19:32:35,948 INFO  server.RaftServerConfigKeys (ConfUtils.java:logGet(43)) - raft.server.log.preallocated.size = 16384 (custom)
2019-07-13 19:32:35,948 INFO  server.RaftServerConfigKeys (ConfUtils.java:logGet(43)) - raft.server.log.write.buffer.size = 33554432 (custom)
2019-07-13 19:32:35,948 INFO  server.RaftServerConfigKeys (ConfUtils.java:logGet(43)) - raft.server.log.force.sync.num = 128 (default)
2019-07-13 19:32:35,948 INFO  server.RaftServerConfigKeys (ConfUtils.java:logGet(43)) - raft.server.log.statemachine.data.sync = true (default)
2019-07-13 19:32:35,948 INFO  server.RaftServerConfigKeys (ConfUtils.java:logGet(43)) - raft.server.log.statemachine.data.sync.timeout = 10s (default)
2019-07-13 19:32:35,949 INFO  server.RaftServerConfigKeys (ConfUtils.java:logGet(43)) - raft.server.log.statemachine.data.sync.timeout.retry = -1 (default)
2019-07-13 19:32:35,949 INFO  server.RaftServerConfigKeys (ConfUtils.java:logGet(43)) - raft.server.log.statemachine.data.caching.enabled = true (custom)
2019-07-13 19:32:35,949 INFO  segmented.SegmentedRaftLogWorker (SegmentedRaftLogWorker.java:lambda$new$0(132)) - 26f66dd9-c91a-486d-a992-f58b07c1a85c-SegmentedRaftLogWorker:Storage Directory /tmp/workdir/hadoop-ozone/integration-test/target/test-dir/MiniOzoneClusterImpl-3061be85-439c-43d1-97d0-5d1f6a9710f4/datanode-0/data/ratis/006122fe-0c2a-494c-a11a-f8d704820ed2: flushIndex: setUnconditionally 0 -> -1
2019-07-13 19:32:35,950 INFO  server.RaftServerConfigKeys (ConfUtils.java:logGet(43)) - raft.server.snapshot.auto.trigger.enabled = true (custom)
2019-07-13 19:32:35,950 INFO  server.RaftServerConfigKeys (ConfUtils.java:logGet(43)) - raft.server.snapshot.auto.trigger.threshold = 10000 (custom)
2019-07-13 19:32:35,950 INFO  server.RaftServerConfigKeys (ConfUtils.java:logGet(43)) - raft.server.retrycache.expirytime = 600000ms (custom)
2019-07-13 19:32:35,951 INFO  impl.RaftServerImpl (RaftServerImpl.java:start(180)) - 26f66dd9-c91a-486d-a992-f58b07c1a85c: start group-F8D704820ED2
2019-07-13 19:32:35,951 INFO  impl.RaftServerImpl (RaftServerImpl.java:setRole(171)) - 26f66dd9-c91a-486d-a992-f58b07c1a85c:group-F8D704820ED2 changes role from null to FOLLOWER at term 0 for startAsFollower
2019-07-13 19:32:35,951 INFO  impl.RoleInfo (RoleInfo.java:updateAndGet(143)) - 26f66dd9-c91a-486d-a992-f58b07c1a85c: start FollowerState
2019-07-13 19:32:35,952 INFO  util.JmxRegister (JmxRegister.java:tryRegister(44)) - Successfully registered JMX Bean with object name Ratis:service=RaftServer,group=group-F8D704820ED2,id=26f66dd9-c91a-486d-a992-f58b07c1a85c
2019-07-13 19:32:35,960 INFO  pipeline.PipelineStateManager (PipelineStateManager.java:addPipeline(56)) - Created pipeline Pipeline[ Id: 006122fe-0c2a-494c-a11a-f8d704820ed2, Nodes: 26f66dd9-c91a-486d-a992-f58b07c1a85c{ip: 192.168.69.122, host: trunk-nightly-fxqsz-774976932, networkLocation: /default-rack, certSerialId: null}, Type:RATIS, Factor:ONE, State:OPEN]
2019-07-13 19:32:36,112 INFO  node.SCMNodeManager (SCMNodeManager.java:register(269)) - Registered Data node : 3b7fc3d4-38ac-4cbc-ac5c-0a5ecb5eaa58{ip: 192.168.69.122, host: trunk-nightly-fxqsz-774976932, networkLocation: /default-rack, certSerialId: null}
2019-07-13 19:32:36,132 INFO  impl.RaftServerProxy (RaftServerProxy.java:addNew(89)) - 3b7fc3d4-38ac-4cbc-ac5c-0a5ecb5eaa58: addNew group-10544F618E43:[3b7fc3d4-38ac-4cbc-ac5c-0a5ecb5eaa58:192.168.69.122:34225] returns group-10544F618E43:java.util.concurrent.CompletableFuture@169d32e9[Not completed]
2019-07-13 19:32:36,134 INFO  impl.RaftServerImpl (RaftServerImpl.java:<init>(93)) - 3b7fc3d4-38ac-4cbc-ac5c-0a5ecb5eaa58: new RaftServerImpl for group-10544F618E43:[3b7fc3d4-38ac-4cbc-ac5c-0a5ecb5eaa58:192.168.69.122:34225] with ContainerStateMachine:uninitialized
2019-07-13 19:32:36,134 INFO  server.RaftServerConfigKeys (ConfUtils.java:logGet(43)) - raft.server.rpc.timeout.min = 5s (custom)
2019-07-13 19:32:36,134 INFO  server.RaftServerConfigKeys (ConfUtils.java:logGet(43)) - raft.server.rpc.timeout.max = 5200ms (custom)
2019-07-13 19:32:36,135 INFO  server.RaftServerConfigKeys (ConfUtils.java:logGet(43)) - raft.server.rpcslowness.timeout = 120s (custom)
2019-07-13 19:32:36,135 INFO  server.RaftServerConfigKeys (ConfUtils.java:logGet(43)) - raft.server.sleep.deviation.threshold = 300 (default)
2019-07-13 19:32:36,135 INFO  server.RaftServerConfigKeys (ConfUtils.java:logGet(43)) - raft.server.log.appender.install.snapshot.enabled = false (custom)
2019-07-13 19:32:36,135 INFO  impl.RaftServerImpl (ServerState.java:<init>(105)) - 3b7fc3d4-38ac-4cbc-ac5c-0a5ecb5eaa58:group-10544F618E43 ConfigurationManager, init=-1: [3b7fc3d4-38ac-4cbc-ac5c-0a5ecb5eaa58:192.168.69.122:34225], old=null, confs=<EMPTY_MAP>
2019-07-13 19:32:36,135 INFO  server.RaftServerConfigKeys (ConfUtils.java:logGet(43)) - raft.server.storage.dir = [/tmp/workdir/hadoop-ozone/integration-test/target/test-dir/MiniOzoneClusterImpl-3061be85-439c-43d1-97d0-5d1f6a9710f4/datanode-1/data/ratis] (custom)
2019-07-13 19:32:36,136 INFO  storage.RaftStorageDirectory (RaftStorageDirectory.java:analyzeStorage(246)) - The storage directory /tmp/workdir/hadoop-ozone/integration-test/target/test-dir/MiniOzoneClusterImpl-3061be85-439c-43d1-97d0-5d1f6a9710f4/datanode-1/data/ratis/9d9beb28-f1ad-414e-a6ba-10544f618e43 does not exist. Creating ...
2019-07-13 19:32:36,149 INFO  storage.RaftStorageDirectory (RaftStorageDirectory.java:tryLock(328)) - Lock on /tmp/workdir/hadoop-ozone/integration-test/target/test-dir/MiniOzoneClusterImpl-3061be85-439c-43d1-97d0-5d1f6a9710f4/datanode-1/data/ratis/9d9beb28-f1ad-414e-a6ba-10544f618e43/in_use.lock acquired by nodename 18559@trunk-nightly-fxqsz-774976932
2019-07-13 19:32:36,163 INFO  storage.RaftStorage (RaftStorage.java:format(72)) - Storage directory /tmp/workdir/hadoop-ozone/integration-test/target/test-dir/MiniOzoneClusterImpl-3061be85-439c-43d1-97d0-5d1f6a9710f4/datanode-1/data/ratis/9d9beb28-f1ad-414e-a6ba-10544f618e43 has been successfully formatted.
2019-07-13 19:32:36,164 INFO  ratis.ContainerStateMachine (ContainerStateMachine.java:loadSnapshot(200)) - The snapshot info is null.Setting the last applied index to:(t:0, i:~)
2019-07-13 19:32:36,164 INFO  server.RaftServerConfigKeys (ConfUtils.java:logGet(43)) - raft.server.leader.election.timeout = 120s (custom)
2019-07-13 19:32:36,164 INFO  server.RaftServerConfigKeys (ConfUtils.java:logGet(43)) - raft.server.log.use.memory = false (default)
2019-07-13 19:32:36,164 INFO  server.RaftServerConfigKeys (ConfUtils.java:logGet(43)) - raft.server.log.purge.gap = 1000000000 (custom)
2019-07-13 19:32:36,164 INFO  server.RaftServerConfigKeys (ConfUtils.java:logGet(43)) - raft.server.log.appender.buffer.byte-limit = 33554432 (custom)
2019-07-13 19:32:36,164 INFO  server.RaftServerConfigKeys (ConfUtils.java:logGet(43)) - raft.server.log.segment.size.max = 1048576 (custom)
2019-07-13 19:32:36,165 INFO  server.RaftServerConfigKeys (ConfUtils.java:logGet(43)) - raft.server.log.segment.cache.num.max = 2 (custom)
2019-07-13 19:32:36,165 INFO  segmented.SegmentedRaftLogWorker (SegmentedRaftLogWorker.java:<init>(172)) - new 3b7fc3d4-38ac-4cbc-ac5c-0a5ecb5eaa58-SegmentedRaftLogWorker:Storage Directory /tmp/workdir/hadoop-ozone/integration-test/target/test-dir/MiniOzoneClusterImpl-3061be85-439c-43d1-97d0-5d1f6a9710f4/datanode-1/data/ratis/9d9beb28-f1ad-414e-a6ba-10544f618e43 for RaftStorage:Storage Directory /tmp/workdir/hadoop-ozone/integration-test/target/test-dir/MiniOzoneClusterImpl-3061be85-439c-43d1-97d0-5d1f6a9710f4/datanode-1/data/ratis/9d9beb28-f1ad-414e-a6ba-10544f618e43
2019-07-13 19:32:36,165 INFO  server.RaftServerConfigKeys (ConfUtils.java:logGet(43)) - raft.server.log.queue.byte-limit = 2147483647 (custom)
2019-07-13 19:32:36,165 INFO  server.RaftServerConfigKeys (ConfUtils.java:logGet(43)) - raft.server.log.queue.element-limit = 1024 (custom)
2019-07-13 19:32:36,166 INFO  server.RaftServerConfigKeys (ConfUtils.java:logGet(43)) - raft.server.log.segment.size.max = 1048576 (custom)
2019-07-13 19:32:36,166 INFO  server.RaftServerConfigKeys (ConfUtils.java:logGet(43)) - raft.server.log.preallocated.size = 16384 (custom)
2019-07-13 19:32:36,166 INFO  server.RaftServerConfigKeys (ConfUtils.java:logGet(43)) - raft.server.log.write.buffer.size = 33554432 (custom)
2019-07-13 19:32:36,166 INFO  server.RaftServerConfigKeys (ConfUtils.java:logGet(43)) - raft.server.log.force.sync.num = 128 (default)
2019-07-13 19:32:36,166 INFO  server.RaftServerConfigKeys (ConfUtils.java:logGet(43)) - raft.server.log.statemachine.data.sync = true (default)
2019-07-13 19:32:36,167 INFO  server.RaftServerConfigKeys (ConfUtils.java:logGet(43)) - raft.server.log.statemachine.data.sync.timeout = 10s (default)
2019-07-13 19:32:36,167 INFO  server.RaftServerConfigKeys (ConfUtils.java:logGet(43)) - raft.server.log.statemachine.data.sync.timeout.retry = -1 (default)
2019-07-13 19:32:36,167 INFO  server.RaftServerConfigKeys (ConfUtils.java:logGet(43)) - raft.server.log.statemachine.data.caching.enabled = true (custom)
2019-07-13 19:32:36,167 INFO  segmented.SegmentedRaftLogWorker (SegmentedRaftLogWorker.java:lambda$new$0(132)) - 3b7fc3d4-38ac-4cbc-ac5c-0a5ecb5eaa58-SegmentedRaftLogWorker:Storage Directory /tmp/workdir/hadoop-ozone/integration-test/target/test-dir/MiniOzoneClusterImpl-3061be85-439c-43d1-97d0-5d1f6a9710f4/datanode-1/data/ratis/9d9beb28-f1ad-414e-a6ba-10544f618e43: flushIndex: setUnconditionally 0 -> -1
2019-07-13 19:32:36,168 INFO  server.RaftServerConfigKeys (ConfUtils.java:logGet(43)) - raft.server.snapshot.auto.trigger.enabled = true (custom)
2019-07-13 19:32:36,168 INFO  server.RaftServerConfigKeys (ConfUtils.java:logGet(43)) - raft.server.snapshot.auto.trigger.threshold = 10000 (custom)
2019-07-13 19:32:36,168 INFO  server.RaftServerConfigKeys (ConfUtils.java:logGet(43)) - raft.server.retrycache.expirytime = 600000ms (custom)
2019-07-13 19:32:36,169 INFO  impl.RaftServerImpl (RaftServerImpl.java:start(180)) - 3b7fc3d4-38ac-4cbc-ac5c-0a5ecb5eaa58: start group-10544F618E43
2019-07-13 19:32:36,169 INFO  impl.RaftServerImpl (RaftServerImpl.java:setRole(171)) - 3b7fc3d4-38ac-4cbc-ac5c-0a5ecb5eaa58:group-10544F618E43 changes role from null to FOLLOWER at term 0 for startAsFollower
2019-07-13 19:32:36,169 INFO  impl.RoleInfo (RoleInfo.java:updateAndGet(143)) - 3b7fc3d4-38ac-4cbc-ac5c-0a5ecb5eaa58: start FollowerState
2019-07-13 19:32:36,169 INFO  util.JmxRegister (JmxRegister.java:tryRegister(44)) - Successfully registered JMX Bean with object name Ratis:service=RaftServer,group=group-10544F618E43,id=3b7fc3d4-38ac-4cbc-ac5c-0a5ecb5eaa58
2019-07-13 19:32:36,177 INFO  pipeline.PipelineStateManager (PipelineStateManager.java:addPipeline(56)) - Created pipeline Pipeline[ Id: 9d9beb28-f1ad-414e-a6ba-10544f618e43, Nodes: 3b7fc3d4-38ac-4cbc-ac5c-0a5ecb5eaa58{ip: 192.168.69.122, host: trunk-nightly-fxqsz-774976932, networkLocation: /default-rack, certSerialId: null}, Type:RATIS, Factor:ONE, State:OPEN]
2019-07-13 19:32:36,200 INFO  ozone.MiniOzoneClusterImpl (MiniOzoneClusterImpl.java:lambda$waitForClusterToBeReady$0(142)) - Waiting for cluster to be ready. Got 2 of 7 DN Heartbeats.
2019-07-13 19:32:36,316 INFO  node.SCMNodeManager (SCMNodeManager.java:register(269)) - Registered Data node : 12ebe1e8-f3b8-43be-a24e-312d113c4afa{ip: 192.168.69.122, host: trunk-nightly-fxqsz-774976932, networkLocation: /default-rack, certSerialId: null}
2019-07-13 19:32:36,337 INFO  impl.RaftServerProxy (RaftServerProxy.java:addNew(89)) - 12ebe1e8-f3b8-43be-a24e-312d113c4afa: addNew group-DE9F15F15BB1:[12ebe1e8-f3b8-43be-a24e-312d113c4afa:192.168.69.122:43147] returns group-DE9F15F15BB1:java.util.concurrent.CompletableFuture@1041f117[Not completed]
2019-07-13 19:32:36,339 INFO  impl.RaftServerImpl (RaftServerImpl.java:<init>(93)) - 12ebe1e8-f3b8-43be-a24e-312d113c4afa: new RaftServerImpl for group-DE9F15F15BB1:[12ebe1e8-f3b8-43be-a24e-312d113c4afa:192.168.69.122:43147] with ContainerStateMachine:uninitialized
2019-07-13 19:32:36,339 INFO  server.RaftServerConfigKeys (ConfUtils.java:logGet(43)) - raft.server.rpc.timeout.min = 5s (custom)
2019-07-13 19:32:36,339 INFO  server.RaftServerConfigKeys (ConfUtils.java:logGet(43)) - raft.server.rpc.timeout.max = 5200ms (custom)
2019-07-13 19:32:36,339 INFO  server.RaftServerConfigKeys (ConfUtils.java:logGet(43)) - raft.server.rpcslowness.timeout = 120s (custom)
2019-07-13 19:32:36,339 INFO  server.RaftServerConfigKeys (ConfUtils.java:logGet(43)) - raft.server.sleep.deviation.threshold = 300 (default)
2019-07-13 19:32:36,340 INFO  server.RaftServerConfigKeys (ConfUtils.java:logGet(43)) - raft.server.log.appender.install.snapshot.enabled = false (custom)
2019-07-13 19:32:36,340 INFO  impl.RaftServerImpl (ServerState.java:<init>(105)) - 12ebe1e8-f3b8-43be-a24e-312d113c4afa:group-DE9F15F15BB1 ConfigurationManager, init=-1: [12ebe1e8-f3b8-43be-a24e-312d113c4afa:192.168.69.122:43147], old=null, confs=<EMPTY_MAP>
2019-07-13 19:32:36,340 INFO  server.RaftServerConfigKeys (ConfUtils.java:logGet(43)) - raft.server.storage.dir = [/tmp/workdir/hadoop-ozone/integration-test/target/test-dir/MiniOzoneClusterImpl-3061be85-439c-43d1-97d0-5d1f6a9710f4/datanode-2/data/ratis] (custom)
2019-07-13 19:32:36,340 INFO  storage.RaftStorageDirectory (RaftStorageDirectory.java:analyzeStorage(246)) - The storage directory /tmp/workdir/hadoop-ozone/integration-test/target/test-dir/MiniOzoneClusterImpl-3061be85-439c-43d1-97d0-5d1f6a9710f4/datanode-2/data/ratis/84dd02fc-53af-43ef-b8bf-de9f15f15bb1 does not exist. Creating ...
2019-07-13 19:32:36,353 INFO  storage.RaftStorageDirectory (RaftStorageDirectory.java:tryLock(328)) - Lock on /tmp/workdir/hadoop-ozone/integration-test/target/test-dir/MiniOzoneClusterImpl-3061be85-439c-43d1-97d0-5d1f6a9710f4/datanode-2/data/ratis/84dd02fc-53af-43ef-b8bf-de9f15f15bb1/in_use.lock acquired by nodename 18559@trunk-nightly-fxqsz-774976932
2019-07-13 19:32:36,367 INFO  storage.RaftStorage (RaftStorage.java:format(72)) - Storage directory /tmp/workdir/hadoop-ozone/integration-test/target/test-dir/MiniOzoneClusterImpl-3061be85-439c-43d1-97d0-5d1f6a9710f4/datanode-2/data/ratis/84dd02fc-53af-43ef-b8bf-de9f15f15bb1 has been successfully formatted.
2019-07-13 19:32:36,367 INFO  ratis.ContainerStateMachine (ContainerStateMachine.java:loadSnapshot(200)) - The snapshot info is null.Setting the last applied index to:(t:0, i:~)
2019-07-13 19:32:36,367 INFO  server.RaftServerConfigKeys (ConfUtils.java:logGet(43)) - raft.server.leader.election.timeout = 120s (custom)
2019-07-13 19:32:36,367 INFO  server.RaftServerConfigKeys (ConfUtils.java:logGet(43)) - raft.server.log.use.memory = false (default)
2019-07-13 19:32:36,367 INFO  server.RaftServerConfigKeys (ConfUtils.java:logGet(43)) - raft.server.log.purge.gap = 1000000000 (custom)
2019-07-13 19:32:36,367 INFO  server.RaftServerConfigKeys (ConfUtils.java:logGet(43)) - raft.server.log.appender.buffer.byte-limit = 33554432 (custom)
2019-07-13 19:32:36,368 INFO  server.RaftServerConfigKeys (ConfUtils.java:logGet(43)) - raft.server.log.segment.size.max = 1048576 (custom)
2019-07-13 19:32:36,368 INFO  server.RaftServerConfigKeys (ConfUtils.java:logGet(43)) - raft.server.log.segment.cache.num.max = 2 (custom)
2019-07-13 19:32:36,368 INFO  segmented.SegmentedRaftLogWorker (SegmentedRaftLogWorker.java:<init>(172)) - new 12ebe1e8-f3b8-43be-a24e-312d113c4afa-SegmentedRaftLogWorker:Storage Directory /tmp/workdir/hadoop-ozone/integration-test/target/test-dir/MiniOzoneClusterImpl-3061be85-439c-43d1-97d0-5d1f6a9710f4/datanode-2/data/ratis/84dd02fc-53af-43ef-b8bf-de9f15f15bb1 for RaftStorage:Storage Directory /tmp/workdir/hadoop-ozone/integration-test/target/test-dir/MiniOzoneClusterImpl-3061be85-439c-43d1-97d0-5d1f6a9710f4/datanode-2/data/ratis/84dd02fc-53af-43ef-b8bf-de9f15f15bb1
2019-07-13 19:32:36,368 INFO  server.RaftServerConfigKeys (ConfUtils.java:logGet(43)) - raft.server.log.queue.byte-limit = 2147483647 (custom)
2019-07-13 19:32:36,368 INFO  server.RaftServerConfigKeys (ConfUtils.java:logGet(43)) - raft.server.log.queue.element-limit = 1024 (custom)
2019-07-13 19:32:36,368 INFO  server.RaftServerConfigKeys (ConfUtils.java:logGet(43)) - raft.server.log.segment.size.max = 1048576 (custom)
2019-07-13 19:32:36,369 INFO  server.RaftServerConfigKeys (ConfUtils.java:logGet(43)) - raft.server.log.preallocated.size = 16384 (custom)
2019-07-13 19:32:36,369 INFO  server.RaftServerConfigKeys (ConfUtils.java:logGet(43)) - raft.server.log.write.buffer.size = 33554432 (custom)
2019-07-13 19:32:36,369 INFO  server.RaftServerConfigKeys (ConfUtils.java:logGet(43)) - raft.server.log.force.sync.num = 128 (default)
2019-07-13 19:32:36,369 INFO  server.RaftServerConfigKeys (ConfUtils.java:logGet(43)) - raft.server.log.statemachine.data.sync = true (default)
2019-07-13 19:32:36,369 INFO  server.RaftServerConfigKeys (ConfUtils.java:logGet(43)) - raft.server.log.statemachine.data.sync.timeout = 10s (default)
2019-07-13 19:32:36,369 INFO  server.RaftServerConfigKeys (ConfUtils.java:logGet(43)) - raft.server.log.statemachine.data.sync.timeout.retry = -1 (default)
2019-07-13 19:32:36,370 INFO  server.RaftServerConfigKeys (ConfUtils.java:logGet(43)) - raft.server.log.statemachine.data.caching.enabled = true (custom)
2019-07-13 19:32:36,370 INFO  segmented.SegmentedRaftLogWorker (SegmentedRaftLogWorker.java:lambda$new$0(132)) - 12ebe1e8-f3b8-43be-a24e-312d113c4afa-SegmentedRaftLogWorker:Storage Directory /tmp/workdir/hadoop-ozone/integration-test/target/test-dir/MiniOzoneClusterImpl-3061be85-439c-43d1-97d0-5d1f6a9710f4/datanode-2/data/ratis/84dd02fc-53af-43ef-b8bf-de9f15f15bb1: flushIndex: setUnconditionally 0 -> -1
2019-07-13 19:32:36,370 INFO  server.RaftServerConfigKeys (ConfUtils.java:logGet(43)) - raft.server.snapshot.auto.trigger.enabled = true (custom)
2019-07-13 19:32:36,370 INFO  server.RaftServerConfigKeys (ConfUtils.java:logGet(43)) - raft.server.snapshot.auto.trigger.threshold = 10000 (custom)
2019-07-13 19:32:36,371 INFO  server.RaftServerConfigKeys (ConfUtils.java:logGet(43)) - raft.server.retrycache.expirytime = 600000ms (custom)
2019-07-13 19:32:36,371 INFO  impl.RaftServerImpl (RaftServerImpl.java:start(180)) - 12ebe1e8-f3b8-43be-a24e-312d113c4afa: start group-DE9F15F15BB1
2019-07-13 19:32:36,371 INFO  impl.RaftServerImpl (RaftServerImpl.java:setRole(171)) - 12ebe1e8-f3b8-43be-a24e-312d113c4afa:group-DE9F15F15BB1 changes role from null to FOLLOWER at term 0 for startAsFollower
2019-07-13 19:32:36,371 INFO  impl.RoleInfo (RoleInfo.java:updateAndGet(143)) - 12ebe1e8-f3b8-43be-a24e-312d113c4afa: start FollowerState
2019-07-13 19:32:36,372 INFO  util.JmxRegister (JmxRegister.java:tryRegister(44)) - Successfully registered JMX Bean with object name Ratis:service=RaftServer,group=group-DE9F15F15BB1,id=12ebe1e8-f3b8-43be-a24e-312d113c4afa
2019-07-13 19:32:36,378 INFO  pipeline.PipelineStateManager (PipelineStateManager.java:addPipeline(56)) - Created pipeline Pipeline[ Id: 84dd02fc-53af-43ef-b8bf-de9f15f15bb1, Nodes: 12ebe1e8-f3b8-43be-a24e-312d113c4afa{ip: 192.168.69.122, host: trunk-nightly-fxqsz-774976932, networkLocation: /default-rack, certSerialId: null}, Type:RATIS, Factor:ONE, State:OPEN]
2019-07-13 19:32:36,413 INFO  impl.RaftServerProxy (RaftServerProxy.java:addNew(89)) - 26f66dd9-c91a-486d-a992-f58b07c1a85c: addNew group-C3563197B04F:[3b7fc3d4-38ac-4cbc-ac5c-0a5ecb5eaa58:192.168.69.122:34225, 12ebe1e8-f3b8-43be-a24e-312d113c4afa:192.168.69.122:43147, 26f66dd9-c91a-486d-a992-f58b07c1a85c:192.168.69.122:44812] returns group-C3563197B04F:java.util.concurrent.CompletableFuture@6bfeba9e[Not completed]
2019-07-13 19:32:36,414 INFO  impl.RaftServerProxy (RaftServerProxy.java:addNew(89)) - 3b7fc3d4-38ac-4cbc-ac5c-0a5ecb5eaa58: addNew group-C3563197B04F:[3b7fc3d4-38ac-4cbc-ac5c-0a5ecb5eaa58:192.168.69.122:34225, 12ebe1e8-f3b8-43be-a24e-312d113c4afa:192.168.69.122:43147, 26f66dd9-c91a-486d-a992-f58b07c1a85c:192.168.69.122:44812] returns group-C3563197B04F:java.util.concurrent.CompletableFuture@3cd86a1e[Not completed]
2019-07-13 19:32:36,414 INFO  impl.RaftServerProxy (RaftServerProxy.java:addNew(89)) - 12ebe1e8-f3b8-43be-a24e-312d113c4afa: addNew group-C3563197B04F:[3b7fc3d4-38ac-4cbc-ac5c-0a5ecb5eaa58:192.168.69.122:34225, 12ebe1e8-f3b8-43be-a24e-312d113c4afa:192.168.69.122:43147, 26f66dd9-c91a-486d-a992-f58b07c1a85c:192.168.69.122:44812] returns group-C3563197B04F:java.util.concurrent.CompletableFuture@187b7b8f[Not completed]
2019-07-13 19:32:36,415 INFO  impl.RaftServerImpl (RaftServerImpl.java:<init>(93)) - 26f66dd9-c91a-486d-a992-f58b07c1a85c: new RaftServerImpl for group-C3563197B04F:[3b7fc3d4-38ac-4cbc-ac5c-0a5ecb5eaa58:192.168.69.122:34225, 12ebe1e8-f3b8-43be-a24e-312d113c4afa:192.168.69.122:43147, 26f66dd9-c91a-486d-a992-f58b07c1a85c:192.168.69.122:44812] with ContainerStateMachine:uninitialized
2019-07-13 19:32:36,415 INFO  server.RaftServerConfigKeys (ConfUtils.java:logGet(43)) - raft.server.rpc.timeout.min = 5s (custom)
2019-07-13 19:32:36,415 INFO  server.RaftServerConfigKeys (ConfUtils.java:logGet(43)) - raft.server.rpc.timeout.max = 5200ms (custom)
2019-07-13 19:32:36,415 INFO  server.RaftServerConfigKeys (ConfUtils.java:logGet(43)) - raft.server.rpcslowness.timeout = 120s (custom)
2019-07-13 19:32:36,415 INFO  server.RaftServerConfigKeys (ConfUtils.java:logGet(43)) - raft.server.sleep.deviation.threshold = 300 (default)
2019-07-13 19:32:36,415 INFO  impl.RaftServerImpl (RaftServerImpl.java:<init>(93)) - 12ebe1e8-f3b8-43be-a24e-312d113c4afa: new RaftServerImpl for group-C3563197B04F:[3b7fc3d4-38ac-4cbc-ac5c-0a5ecb5eaa58:192.168.69.122:34225, 12ebe1e8-f3b8-43be-a24e-312d113c4afa:192.168.69.122:43147, 26f66dd9-c91a-486d-a992-f58b07c1a85c:192.168.69.122:44812] with ContainerStateMachine:uninitialized
2019-07-13 19:32:36,416 INFO  server.RaftServerConfigKeys (ConfUtils.java:logGet(43)) - raft.server.log.appender.install.snapshot.enabled = false (custom)
2019-07-13 19:32:36,416 INFO  server.RaftServerConfigKeys (ConfUtils.java:logGet(43)) - raft.server.rpc.timeout.min = 5s (custom)
2019-07-13 19:32:36,416 INFO  impl.RaftServerImpl (RaftServerImpl.java:<init>(93)) - 3b7fc3d4-38ac-4cbc-ac5c-0a5ecb5eaa58: new RaftServerImpl for group-C3563197B04F:[3b7fc3d4-38ac-4cbc-ac5c-0a5ecb5eaa58:192.168.69.122:34225, 12ebe1e8-f3b8-43be-a24e-312d113c4afa:192.168.69.122:43147, 26f66dd9-c91a-486d-a992-f58b07c1a85c:192.168.69.122:44812] with ContainerStateMachine:uninitialized
2019-07-13 19:32:36,416 INFO  server.RaftServerConfigKeys (ConfUtils.java:logGet(43)) - raft.server.rpc.timeout.max = 5200ms (custom)
2019-07-13 19:32:36,416 INFO  impl.RaftServerImpl (ServerState.java:<init>(105)) - 26f66dd9-c91a-486d-a992-f58b07c1a85c:group-C3563197B04F ConfigurationManager, init=-1: [3b7fc3d4-38ac-4cbc-ac5c-0a5ecb5eaa58:192.168.69.122:34225, 12ebe1e8-f3b8-43be-a24e-312d113c4afa:192.168.69.122:43147, 26f66dd9-c91a-486d-a992-f58b07c1a85c:192.168.69.122:44812], old=null, confs=<EMPTY_MAP>
2019-07-13 19:32:36,416 INFO  server.RaftServerConfigKeys (ConfUtils.java:logGet(43)) - raft.server.rpcslowness.timeout = 120s (custom)
2019-07-13 19:32:36,416 INFO  server.RaftServerConfigKeys (ConfUtils.java:logGet(43)) - raft.server.rpc.timeout.min = 5s (custom)
2019-07-13 19:32:36,417 INFO  server.RaftServerConfigKeys (ConfUtils.java:logGet(43)) - raft.server.sleep.deviation.threshold = 300 (default)
2019-07-13 19:32:36,417 INFO  server.RaftServerConfigKeys (ConfUtils.java:logGet(43)) - raft.server.storage.dir = [/tmp/workdir/hadoop-ozone/integration-test/target/test-dir/MiniOzoneClusterImpl-3061be85-439c-43d1-97d0-5d1f6a9710f4/datanode-0/data/ratis] (custom)
2019-07-13 19:32:36,417 INFO  server.RaftServerConfigKeys (ConfUtils.java:logGet(43)) - raft.server.log.appender.install.snapshot.enabled = false (custom)
2019-07-13 19:32:36,417 INFO  server.RaftServerConfigKeys (ConfUtils.java:logGet(43)) - raft.server.rpc.timeout.max = 5200ms (custom)
2019-07-13 19:32:36,417 INFO  impl.RaftServerImpl (ServerState.java:<init>(105)) - 12ebe1e8-f3b8-43be-a24e-312d113c4afa:group-C3563197B04F ConfigurationManager, init=-1: [3b7fc3d4-38ac-4cbc-ac5c-0a5ecb5eaa58:192.168.69.122:34225, 12ebe1e8-f3b8-43be-a24e-312d113c4afa:192.168.69.122:43147, 26f66dd9-c91a-486d-a992-f58b07c1a85c:192.168.69.122:44812], old=null, confs=<EMPTY_MAP>
2019-07-13 19:32:36,418 INFO  server.RaftServerConfigKeys (ConfUtils.java:logGet(43)) - raft.server.rpcslowness.timeout = 120s (custom)
2019-07-13 19:32:36,418 INFO  server.RaftServerConfigKeys (ConfUtils.java:logGet(43)) - raft.server.storage.dir = [/tmp/workdir/hadoop-ozone/integration-test/target/test-dir/MiniOzoneClusterImpl-3061be85-439c-43d1-97d0-5d1f6a9710f4/datanode-2/data/ratis] (custom)
2019-07-13 19:32:36,418 INFO  storage.RaftStorageDirectory (RaftStorageDirectory.java:analyzeStorage(246)) - The storage directory /tmp/workdir/hadoop-ozone/integration-test/target/test-dir/MiniOzoneClusterImpl-3061be85-439c-43d1-97d0-5d1f6a9710f4/datanode-0/data/ratis/bbe03c28-5e5f-4d4b-887b-c3563197b04f does not exist. Creating ...
2019-07-13 19:32:36,418 INFO  server.RaftServerConfigKeys (ConfUtils.java:logGet(43)) - raft.server.sleep.deviation.threshold = 300 (default)
2019-07-13 19:32:36,418 INFO  storage.RaftStorageDirectory (RaftStorageDirectory.java:analyzeStorage(246)) - The storage directory /tmp/workdir/hadoop-ozone/integration-test/target/test-dir/MiniOzoneClusterImpl-3061be85-439c-43d1-97d0-5d1f6a9710f4/datanode-2/data/ratis/bbe03c28-5e5f-4d4b-887b-c3563197b04f does not exist. Creating ...
2019-07-13 19:32:36,418 INFO  server.RaftServerConfigKeys (ConfUtils.java:logGet(43)) - raft.server.log.appender.install.snapshot.enabled = false (custom)
2019-07-13 19:32:36,418 INFO  impl.RaftServerImpl (ServerState.java:<init>(105)) - 3b7fc3d4-38ac-4cbc-ac5c-0a5ecb5eaa58:group-C3563197B04F ConfigurationManager, init=-1: [3b7fc3d4-38ac-4cbc-ac5c-0a5ecb5eaa58:192.168.69.122:34225, 12ebe1e8-f3b8-43be-a24e-312d113c4afa:192.168.69.122:43147, 26f66dd9-c91a-486d-a992-f58b07c1a85c:192.168.69.122:44812], old=null, confs=<EMPTY_MAP>
2019-07-13 19:32:36,419 INFO  server.RaftServerConfigKeys (ConfUtils.java:logGet(43)) - raft.server.storage.dir = [/tmp/workdir/hadoop-ozone/integration-test/target/test-dir/MiniOzoneClusterImpl-3061be85-439c-43d1-97d0-5d1f6a9710f4/datanode-1/data/ratis] (custom)
2019-07-13 19:32:36,419 INFO  storage.RaftStorageDirectory (RaftStorageDirectory.java:analyzeStorage(246)) - The storage directory /tmp/workdir/hadoop-ozone/integration-test/target/test-dir/MiniOzoneClusterImpl-3061be85-439c-43d1-97d0-5d1f6a9710f4/datanode-1/data/ratis/bbe03c28-5e5f-4d4b-887b-c3563197b04f does not exist. Creating ...
2019-07-13 19:32:36,431 INFO  storage.RaftStorageDirectory (RaftStorageDirectory.java:tryLock(328)) - Lock on /tmp/workdir/hadoop-ozone/integration-test/target/test-dir/MiniOzoneClusterImpl-3061be85-439c-43d1-97d0-5d1f6a9710f4/datanode-0/data/ratis/bbe03c28-5e5f-4d4b-887b-c3563197b04f/in_use.lock acquired by nodename 18559@trunk-nightly-fxqsz-774976932
2019-07-13 19:32:36,431 INFO  storage.RaftStorageDirectory (RaftStorageDirectory.java:tryLock(328)) - Lock on /tmp/workdir/hadoop-ozone/integration-test/target/test-dir/MiniOzoneClusterImpl-3061be85-439c-43d1-97d0-5d1f6a9710f4/datanode-1/data/ratis/bbe03c28-5e5f-4d4b-887b-c3563197b04f/in_use.lock acquired by nodename 18559@trunk-nightly-fxqsz-774976932
2019-07-13 19:32:36,431 INFO  storage.RaftStorageDirectory (RaftStorageDirectory.java:tryLock(328)) - Lock on /tmp/workdir/hadoop-ozone/integration-test/target/test-dir/MiniOzoneClusterImpl-3061be85-439c-43d1-97d0-5d1f6a9710f4/datanode-2/data/ratis/bbe03c28-5e5f-4d4b-887b-c3563197b04f/in_use.lock acquired by nodename 18559@trunk-nightly-fxqsz-774976932
2019-07-13 19:32:36,445 INFO  storage.RaftStorage (RaftStorage.java:format(72)) - Storage directory /tmp/workdir/hadoop-ozone/integration-test/target/test-dir/MiniOzoneClusterImpl-3061be85-439c-43d1-97d0-5d1f6a9710f4/datanode-0/data/ratis/bbe03c28-5e5f-4d4b-887b-c3563197b04f has been successfully formatted.
2019-07-13 19:32:36,445 INFO  storage.RaftStorage (RaftStorage.java:format(72)) - Storage directory /tmp/workdir/hadoop-ozone/integration-test/target/test-dir/MiniOzoneClusterImpl-3061be85-439c-43d1-97d0-5d1f6a9710f4/datanode-1/data/ratis/bbe03c28-5e5f-4d4b-887b-c3563197b04f has been successfully formatted.
2019-07-13 19:32:36,445 INFO  storage.RaftStorage (RaftStorage.java:format(72)) - Storage directory /tmp/workdir/hadoop-ozone/integration-test/target/test-dir/MiniOzoneClusterImpl-3061be85-439c-43d1-97d0-5d1f6a9710f4/datanode-2/data/ratis/bbe03c28-5e5f-4d4b-887b-c3563197b04f has been successfully formatted.
2019-07-13 19:32:36,446 INFO  ratis.ContainerStateMachine (ContainerStateMachine.java:loadSnapshot(200)) - The snapshot info is null.Setting the last applied index to:(t:0, i:~)
2019-07-13 19:32:36,446 INFO  ratis.ContainerStateMachine (ContainerStateMachine.java:loadSnapshot(200)) - The snapshot info is null.Setting the last applied index to:(t:0, i:~)
2019-07-13 19:32:36,446 INFO  ratis.ContainerStateMachine (ContainerStateMachine.java:loadSnapshot(200)) - The snapshot info is null.Setting the last applied index to:(t:0, i:~)
2019-07-13 19:32:36,446 INFO  server.RaftServerConfigKeys (ConfUtils.java:logGet(43)) - raft.server.leader.election.timeout = 120s (custom)
2019-07-13 19:32:36,446 INFO  server.RaftServerConfigKeys (ConfUtils.java:logGet(43)) - raft.server.leader.election.timeout = 120s (custom)
2019-07-13 19:32:36,447 INFO  server.RaftServerConfigKeys (ConfUtils.java:logGet(43)) - raft.server.log.use.memory = false (default)
2019-07-13 19:32:36,446 INFO  server.RaftServerConfigKeys (ConfUtils.java:logGet(43)) - raft.server.leader.election.timeout = 120s (custom)
2019-07-13 19:32:36,447 INFO  server.RaftServerConfigKeys (ConfUtils.java:logGet(43)) - raft.server.log.purge.gap = 1000000000 (custom)
2019-07-13 19:32:36,447 INFO  server.RaftServerConfigKeys (ConfUtils.java:logGet(43)) - raft.server.log.use.memory = false (default)
2019-07-13 19:32:36,447 INFO  server.RaftServerConfigKeys (ConfUtils.java:logGet(43)) - raft.server.log.appender.buffer.byte-limit = 33554432 (custom)
2019-07-13 19:32:36,447 INFO  server.RaftServerConfigKeys (ConfUtils.java:logGet(43)) - raft.server.log.use.memory = false (default)
2019-07-13 19:32:36,448 INFO  server.RaftServerConfigKeys (ConfUtils.java:logGet(43)) - raft.server.log.segment.size.max = 1048576 (custom)
2019-07-13 19:32:36,447 INFO  server.RaftServerConfigKeys (ConfUtils.java:logGet(43)) - raft.server.log.purge.gap = 1000000000 (custom)
2019-07-13 19:32:36,448 INFO  server.RaftServerConfigKeys (ConfUtils.java:logGet(43)) - raft.server.log.segment.cache.num.max = 2 (custom)
2019-07-13 19:32:36,448 INFO  server.RaftServerConfigKeys (ConfUtils.java:logGet(43)) - raft.server.log.purge.gap = 1000000000 (custom)
2019-07-13 19:32:36,448 INFO  segmented.SegmentedRaftLogWorker (SegmentedRaftLogWorker.java:<init>(172)) - new 12ebe1e8-f3b8-43be-a24e-312d113c4afa-SegmentedRaftLogWorker:Storage Directory /tmp/workdir/hadoop-ozone/integration-test/target/test-dir/MiniOzoneClusterImpl-3061be85-439c-43d1-97d0-5d1f6a9710f4/datanode-2/data/ratis/bbe03c28-5e5f-4d4b-887b-c3563197b04f for RaftStorage:Storage Directory /tmp/workdir/hadoop-ozone/integration-test/target/test-dir/MiniOzoneClusterImpl-3061be85-439c-43d1-97d0-5d1f6a9710f4/datanode-2/data/ratis/bbe03c28-5e5f-4d4b-887b-c3563197b04f
2019-07-13 19:32:36,448 INFO  server.RaftServerConfigKeys (ConfUtils.java:logGet(43)) - raft.server.log.appender.buffer.byte-limit = 33554432 (custom)
2019-07-13 19:32:36,449 INFO  server.RaftServerConfigKeys (ConfUtils.java:logGet(43)) - raft.server.log.queue.byte-limit = 2147483647 (custom)
2019-07-13 19:32:36,449 INFO  server.RaftServerConfigKeys (ConfUtils.java:logGet(43)) - raft.server.log.appender.buffer.byte-limit = 33554432 (custom)
2019-07-13 19:32:36,470 INFO  server.RaftServerConfigKeys (ConfUtils.java:logGet(43)) - raft.server.log.queue.element-limit = 1024 (custom)
2019-07-13 19:32:36,470 INFO  server.RaftServerConfigKeys (ConfUtils.java:logGet(43)) - raft.server.log.segment.size.max = 1048576 (custom)
2019-07-13 19:32:36,470 INFO  server.RaftServerConfigKeys (ConfUtils.java:logGet(43)) - raft.server.log.segment.size.max = 1048576 (custom)
2019-07-13 19:32:36,470 INFO  server.RaftServerConfigKeys (ConfUtils.java:logGet(43)) - raft.server.log.segment.size.max = 1048576 (custom)
2019-07-13 19:32:36,471 INFO  server.RaftServerConfigKeys (ConfUtils.java:logGet(43)) - raft.server.log.preallocated.size = 16384 (custom)
2019-07-13 19:32:36,471 INFO  server.RaftServerConfigKeys (ConfUtils.java:logGet(43)) - raft.server.log.write.buffer.size = 33554432 (custom)
2019-07-13 19:32:36,471 INFO  server.RaftServerConfigKeys (ConfUtils.java:logGet(43)) - raft.server.log.segment.cache.num.max = 2 (custom)
2019-07-13 19:32:36,471 INFO  server.RaftServerConfigKeys (ConfUtils.java:logGet(43)) - raft.server.log.force.sync.num = 128 (default)
2019-07-13 19:32:36,471 INFO  server.RaftServerConfigKeys (ConfUtils.java:logGet(43)) - raft.server.log.segment.cache.num.max = 2 (custom)
2019-07-13 19:32:36,472 INFO  server.RaftServerConfigKeys (ConfUtils.java:logGet(43)) - raft.server.log.statemachine.data.sync = true (default)
2019-07-13 19:32:36,472 INFO  segmented.SegmentedRaftLogWorker (SegmentedRaftLogWorker.java:<init>(172)) - new 3b7fc3d4-38ac-4cbc-ac5c-0a5ecb5eaa58-SegmentedRaftLogWorker:Storage Directory /tmp/workdir/hadoop-ozone/integration-test/target/test-dir/MiniOzoneClusterImpl-3061be85-439c-43d1-97d0-5d1f6a9710f4/datanode-1/data/ratis/bbe03c28-5e5f-4d4b-887b-c3563197b04f for RaftStorage:Storage Directory /tmp/workdir/hadoop-ozone/integration-test/target/test-dir/MiniOzoneClusterImpl-3061be85-439c-43d1-97d0-5d1f6a9710f4/datanode-1/data/ratis/bbe03c28-5e5f-4d4b-887b-c3563197b04f
2019-07-13 19:32:36,472 INFO  server.RaftServerConfigKeys (ConfUtils.java:logGet(43)) - raft.server.log.statemachine.data.sync.timeout = 10s (default)
2019-07-13 19:32:36,472 INFO  segmented.SegmentedRaftLogWorker (SegmentedRaftLogWorker.java:<init>(172)) - new 26f66dd9-c91a-486d-a992-f58b07c1a85c-SegmentedRaftLogWorker:Storage Directory /tmp/workdir/hadoop-ozone/integration-test/target/test-dir/MiniOzoneClusterImpl-3061be85-439c-43d1-97d0-5d1f6a9710f4/datanode-0/data/ratis/bbe03c28-5e5f-4d4b-887b-c3563197b04f for RaftStorage:Storage Directory /tmp/workdir/hadoop-ozone/integration-test/target/test-dir/MiniOzoneClusterImpl-3061be85-439c-43d1-97d0-5d1f6a9710f4/datanode-0/data/ratis/bbe03c28-5e5f-4d4b-887b-c3563197b04f
2019-07-13 19:32:36,472 INFO  server.RaftServerConfigKeys (ConfUtils.java:logGet(43)) - raft.server.log.statemachine.data.sync.timeout.retry = -1 (default)
2019-07-13 19:32:36,472 INFO  server.RaftServerConfigKeys (ConfUtils.java:logGet(43)) - raft.server.log.queue.byte-limit = 2147483647 (custom)
2019-07-13 19:32:36,473 INFO  server.RaftServerConfigKeys (ConfUtils.java:logGet(43)) - raft.server.log.statemachine.data.caching.enabled = true (custom)
2019-07-13 19:32:36,473 INFO  server.RaftServerConfigKeys (ConfUtils.java:logGet(43)) - raft.server.log.queue.byte-limit = 2147483647 (custom)
2019-07-13 19:32:36,473 INFO  server.RaftServerConfigKeys (ConfUtils.java:logGet(43)) - raft.server.log.queue.element-limit = 1024 (custom)
2019-07-13 19:32:36,473 INFO  segmented.SegmentedRaftLogWorker (SegmentedRaftLogWorker.java:lambda$new$0(132)) - 12ebe1e8-f3b8-43be-a24e-312d113c4afa-SegmentedRaftLogWorker:Storage Directory /tmp/workdir/hadoop-ozone/integration-test/target/test-dir/MiniOzoneClusterImpl-3061be85-439c-43d1-97d0-5d1f6a9710f4/datanode-2/data/ratis/bbe03c28-5e5f-4d4b-887b-c3563197b04f: flushIndex: setUnconditionally 0 -> -1
2019-07-13 19:32:36,473 INFO  server.RaftServerConfigKeys (ConfUtils.java:logGet(43)) - raft.server.log.queue.element-limit = 1024 (custom)
2019-07-13 19:32:36,474 INFO  server.RaftServerConfigKeys (ConfUtils.java:logGet(43)) - raft.server.log.segment.size.max = 1048576 (custom)
2019-07-13 19:32:36,474 INFO  server.RaftServerConfigKeys (ConfUtils.java:logGet(43)) - raft.server.log.segment.size.max = 1048576 (custom)
2019-07-13 19:32:36,474 INFO  server.RaftServerConfigKeys (ConfUtils.java:logGet(43)) - raft.server.snapshot.auto.trigger.enabled = true (custom)
2019-07-13 19:32:36,474 INFO  server.RaftServerConfigKeys (ConfUtils.java:logGet(43)) - raft.server.log.preallocated.size = 16384 (custom)
2019-07-13 19:32:36,474 INFO  server.RaftServerConfigKeys (ConfUtils.java:logGet(43)) - raft.server.snapshot.auto.trigger.threshold = 10000 (custom)
2019-07-13 19:32:36,474 INFO  server.RaftServerConfigKeys (ConfUtils.java:logGet(43)) - raft.server.log.preallocated.size = 16384 (custom)
2019-07-13 19:32:36,475 INFO  server.RaftServerConfigKeys (ConfUtils.java:logGet(43)) - raft.server.retrycache.expirytime = 600000ms (custom)
2019-07-13 19:32:36,475 INFO  server.RaftServerConfigKeys (ConfUtils.java:logGet(43)) - raft.server.log.write.buffer.size = 33554432 (custom)
2019-07-13 19:32:36,475 INFO  impl.RaftServerImpl (RaftServerImpl.java:start(180)) - 12ebe1e8-f3b8-43be-a24e-312d113c4afa: start group-C3563197B04F
2019-07-13 19:32:36,475 INFO  server.RaftServerConfigKeys (ConfUtils.java:logGet(43)) - raft.server.log.write.buffer.size = 33554432 (custom)
2019-07-13 19:32:36,475 INFO  impl.RaftServerImpl (RaftServerImpl.java:setRole(171)) - 12ebe1e8-f3b8-43be-a24e-312d113c4afa:group-C3563197B04F changes role from null to FOLLOWER at term 0 for startAsFollower
2019-07-13 19:32:36,475 INFO  server.RaftServerConfigKeys (ConfUtils.java:logGet(43)) - raft.server.log.force.sync.num = 128 (default)
2019-07-13 19:32:36,476 INFO  impl.RoleInfo (RoleInfo.java:updateAndGet(143)) - 12ebe1e8-f3b8-43be-a24e-312d113c4afa: start FollowerState
2019-07-13 19:32:36,476 INFO  server.RaftServerConfigKeys (ConfUtils.java:logGet(43)) - raft.server.log.force.sync.num = 128 (default)
2019-07-13 19:32:36,476 INFO  server.RaftServerConfigKeys (ConfUtils.java:logGet(43)) - raft.server.log.statemachine.data.sync = true (default)
2019-07-13 19:32:36,476 INFO  server.RaftServerConfigKeys (ConfUtils.java:logGet(43)) - raft.server.log.statemachine.data.sync = true (default)
2019-07-13 19:32:36,476 INFO  util.JmxRegister (JmxRegister.java:tryRegister(44)) - Successfully registered JMX Bean with object name Ratis:service=RaftServer,group=group-C3563197B04F,id=12ebe1e8-f3b8-43be-a24e-312d113c4afa
2019-07-13 19:32:36,476 INFO  server.RaftServerConfigKeys (ConfUtils.java:logGet(43)) - raft.server.log.statemachine.data.sync.timeout = 10s (default)
2019-07-13 19:32:36,477 INFO  server.RaftServerConfigKeys (ConfUtils.java:logGet(43)) - raft.server.log.statemachine.data.sync.timeout = 10s (default)
2019-07-13 19:32:36,477 INFO  server.RaftServerConfigKeys (ConfUtils.java:logGet(43)) - raft.server.log.statemachine.data.sync.timeout.retry = -1 (default)
2019-07-13 19:32:36,477 INFO  server.RaftServerConfigKeys (ConfUtils.java:logGet(43)) - raft.server.log.statemachine.data.sync.timeout.retry = -1 (default)
2019-07-13 19:32:36,477 INFO  server.RaftServerConfigKeys (ConfUtils.java:logGet(43)) - raft.server.log.statemachine.data.caching.enabled = true (custom)
2019-07-13 19:32:36,477 INFO  server.RaftServerConfigKeys (ConfUtils.java:logGet(43)) - raft.server.log.statemachine.data.caching.enabled = true (custom)
2019-07-13 19:32:36,478 INFO  segmented.SegmentedRaftLogWorker (SegmentedRaftLogWorker.java:lambda$new$0(132)) - 3b7fc3d4-38ac-4cbc-ac5c-0a5ecb5eaa58-SegmentedRaftLogWorker:Storage Directory /tmp/workdir/hadoop-ozone/integration-test/target/test-dir/MiniOzoneClusterImpl-3061be85-439c-43d1-97d0-5d1f6a9710f4/datanode-1/data/ratis/bbe03c28-5e5f-4d4b-887b-c3563197b04f: flushIndex: setUnconditionally 0 -> -1
2019-07-13 19:32:36,478 INFO  segmented.SegmentedRaftLogWorker (SegmentedRaftLogWorker.java:lambda$new$0(132)) - 26f66dd9-c91a-486d-a992-f58b07c1a85c-SegmentedRaftLogWorker:Storage Directory /tmp/workdir/hadoop-ozone/integration-test/target/test-dir/MiniOzoneClusterImpl-3061be85-439c-43d1-97d0-5d1f6a9710f4/datanode-0/data/ratis/bbe03c28-5e5f-4d4b-887b-c3563197b04f: flushIndex: setUnconditionally 0 -> -1
2019-07-13 19:32:36,478 INFO  server.RaftServerConfigKeys (ConfUtils.java:logGet(43)) - raft.server.snapshot.auto.trigger.enabled = true (custom)
2019-07-13 19:32:36,478 INFO  server.RaftServerConfigKeys (ConfUtils.java:logGet(43)) - raft.server.snapshot.auto.trigger.threshold = 10000 (custom)
2019-07-13 19:32:36,483 INFO  impl.FollowerState (FollowerState.java:run(106)) - 02963ba0-723d-4501-bddb-fc4cdc1a907f:group-363892724001 changes to CANDIDATE, lastRpcTime:5019, electionTimeout:5016ms
2019-07-13 19:32:36,483 INFO  server.RaftServerConfigKeys (ConfUtils.java:logGet(43)) - raft.server.retrycache.expirytime = 600000ms (custom)
2019-07-13 19:32:36,478 INFO  server.RaftServerConfigKeys (ConfUtils.java:logGet(43)) - raft.server.snapshot.auto.trigger.enabled = true (custom)
2019-07-13 19:32:36,483 INFO  impl.FollowerState (FollowerState.java:run(106)) - b42a8068-78f2-4a05-8265-820ce4700af2:group-363892724001 changes to CANDIDATE, lastRpcTime:5019, electionTimeout:5016ms
2019-07-13 19:32:36,483 INFO  server.RaftServerConfigKeys (ConfUtils.java:logGet(43)) - raft.server.snapshot.auto.trigger.threshold = 10000 (custom)
2019-07-13 19:32:36,483 INFO  impl.RaftServerImpl (RaftServerImpl.java:start(180)) - 3b7fc3d4-38ac-4cbc-ac5c-0a5ecb5eaa58: start group-C3563197B04F
2019-07-13 19:32:36,484 INFO  impl.RaftServerImpl (RaftServerImpl.java:setRole(171)) - 3b7fc3d4-38ac-4cbc-ac5c-0a5ecb5eaa58:group-C3563197B04F changes role from null to FOLLOWER at term 0 for startAsFollower
2019-07-13 19:32:36,483 INFO  impl.RoleInfo (RoleInfo.java:shutdownFollowerState(121)) - 02963ba0-723d-4501-bddb-fc4cdc1a907f: shutdown FollowerState
2019-07-13 19:32:36,484 INFO  impl.RoleInfo (RoleInfo.java:updateAndGet(143)) - 3b7fc3d4-38ac-4cbc-ac5c-0a5ecb5eaa58: start FollowerState
2019-07-13 19:32:36,484 INFO  server.RaftServerConfigKeys (ConfUtils.java:logGet(43)) - raft.server.retrycache.expirytime = 600000ms (custom)
2019-07-13 19:32:36,484 INFO  impl.RoleInfo (RoleInfo.java:shutdownFollowerState(121)) - b42a8068-78f2-4a05-8265-820ce4700af2: shutdown FollowerState
2019-07-13 19:32:36,485 INFO  impl.RaftServerImpl (RaftServerImpl.java:start(180)) - 26f66dd9-c91a-486d-a992-f58b07c1a85c: start group-C3563197B04F
2019-07-13 19:32:36,484 INFO  impl.RaftServerImpl (RaftServerImpl.java:setRole(171)) - 02963ba0-723d-4501-bddb-fc4cdc1a907f:group-363892724001 changes role from FOLLOWER to CANDIDATE at term 2 for changeToCandidate
2019-07-13 19:32:36,485 INFO  impl.RaftServerImpl (RaftServerImpl.java:setRole(171)) - 26f66dd9-c91a-486d-a992-f58b07c1a85c:group-C3563197B04F changes role from null to FOLLOWER at term 0 for startAsFollower
2019-07-13 19:32:36,485 INFO  util.JmxRegister (JmxRegister.java:tryRegister(44)) - Successfully registered JMX Bean with object name Ratis:service=RaftServer,group=group-C3563197B04F,id=3b7fc3d4-38ac-4cbc-ac5c-0a5ecb5eaa58
2019-07-13 19:32:36,485 INFO  impl.RaftServerImpl (RaftServerImpl.java:setRole(171)) - b42a8068-78f2-4a05-8265-820ce4700af2:group-363892724001 changes role from FOLLOWER to CANDIDATE at term 2 for changeToCandidate
2019-07-13 19:32:36,485 INFO  impl.RoleInfo (RoleInfo.java:updateAndGet(143)) - 26f66dd9-c91a-486d-a992-f58b07c1a85c: start FollowerState
2019-07-13 19:32:36,485 INFO  impl.RoleInfo (RoleInfo.java:updateAndGet(143)) - 02963ba0-723d-4501-bddb-fc4cdc1a907f: start LeaderElection
2019-07-13 19:32:36,485 INFO  impl.RoleInfo (RoleInfo.java:updateAndGet(143)) - b42a8068-78f2-4a05-8265-820ce4700af2: start LeaderElection
2019-07-13 19:32:36,486 INFO  util.JmxRegister (JmxRegister.java:tryRegister(44)) - Successfully registered JMX Bean with object name Ratis:service=RaftServer,group=group-C3563197B04F,id=26f66dd9-c91a-486d-a992-f58b07c1a85c
2019-07-13 19:32:36,497 INFO  pipeline.PipelineStateManager (PipelineStateManager.java:addPipeline(56)) - Created pipeline Pipeline[ Id: bbe03c28-5e5f-4d4b-887b-c3563197b04f, Nodes: 12ebe1e8-f3b8-43be-a24e-312d113c4afa{ip: 192.168.69.122, host: trunk-nightly-fxqsz-774976932, networkLocation: /default-rack, certSerialId: null}26f66dd9-c91a-486d-a992-f58b07c1a85c{ip: 192.168.69.122, host: trunk-nightly-fxqsz-774976932, networkLocation: /default-rack, certSerialId: null}3b7fc3d4-38ac-4cbc-ac5c-0a5ecb5eaa58{ip: 192.168.69.122, host: trunk-nightly-fxqsz-774976932, networkLocation: /default-rack, certSerialId: null}, Type:RATIS, Factor:THREE, State:OPEN]
2019-07-13 19:32:36,504 INFO  impl.LeaderElection (LeaderElection.java:askForVotes(181)) - 02963ba0-723d-4501-bddb-fc4cdc1a907f:group-363892724001:LeaderElection15: begin an election at term 3 for -1: [02963ba0-723d-4501-bddb-fc4cdc1a907f:192.168.69.122:43470, 6ba6747b-0f54-43b2-b684-1c5a9bb5647b:192.168.69.122:37531, b42a8068-78f2-4a05-8265-820ce4700af2:192.168.69.122:35287], old=null
2019-07-13 19:32:36,504 INFO  impl.LeaderElection (LeaderElection.java:askForVotes(181)) - b42a8068-78f2-4a05-8265-820ce4700af2:group-363892724001:LeaderElection16: begin an election at term 3 for -1: [02963ba0-723d-4501-bddb-fc4cdc1a907f:192.168.69.122:43470, 6ba6747b-0f54-43b2-b684-1c5a9bb5647b:192.168.69.122:37531, b42a8068-78f2-4a05-8265-820ce4700af2:192.168.69.122:35287], old=null
2019-07-13 19:32:36,521 INFO  impl.RaftServerImpl (RaftServerImpl.java:setRole(171)) - 6ba6747b-0f54-43b2-b684-1c5a9bb5647b:group-363892724001 changes role from FOLLOWER to FOLLOWER at term 3 for recognizeCandidate:b42a8068-78f2-4a05-8265-820ce4700af2
2019-07-13 19:32:36,522 INFO  impl.RoleInfo (RoleInfo.java:shutdownFollowerState(121)) - 6ba6747b-0f54-43b2-b684-1c5a9bb5647b: shutdown FollowerState
2019-07-13 19:32:36,522 INFO  impl.FollowerState (FollowerState.java:run(114)) - 6ba6747b-0f54-43b2-b684-1c5a9bb5647b: FollowerState was interrupted: java.lang.InterruptedException: sleep interrupted
2019-07-13 19:32:36,522 INFO  impl.RoleInfo (RoleInfo.java:updateAndGet(143)) - 6ba6747b-0f54-43b2-b684-1c5a9bb5647b: start FollowerState
2019-07-13 19:32:36,542 INFO  impl.LeaderElection (LeaderElection.java:logAndReturn(56)) - 02963ba0-723d-4501-bddb-fc4cdc1a907f:group-363892724001:LeaderElection15: Election REJECTED; received 2 response(s) [02963ba0-723d-4501-bddb-fc4cdc1a907f<-6ba6747b-0f54-43b2-b684-1c5a9bb5647b#0:FAIL-t3, 02963ba0-723d-4501-bddb-fc4cdc1a907f<-b42a8068-78f2-4a05-8265-820ce4700af2#0:FAIL-t3] and 0 exception(s); 02963ba0-723d-4501-bddb-fc4cdc1a907f:t3, leader=null, voted=02963ba0-723d-4501-bddb-fc4cdc1a907f, raftlog=02963ba0-723d-4501-bddb-fc4cdc1a907f-SegmentedRaftLog:OPENED:c-1,f-1,i0, conf=-1: [02963ba0-723d-4501-bddb-fc4cdc1a907f:192.168.69.122:43470, 6ba6747b-0f54-43b2-b684-1c5a9bb5647b:192.168.69.122:37531, b42a8068-78f2-4a05-8265-820ce4700af2:192.168.69.122:35287], old=null
2019-07-13 19:32:36,542 INFO  impl.LeaderElection (LeaderElection.java:logAndReturn(56)) - b42a8068-78f2-4a05-8265-820ce4700af2:group-363892724001:LeaderElection16: Election PASSED; received 2 response(s) [b42a8068-78f2-4a05-8265-820ce4700af2<-02963ba0-723d-4501-bddb-fc4cdc1a907f#0:FAIL-t3, b42a8068-78f2-4a05-8265-820ce4700af2<-6ba6747b-0f54-43b2-b684-1c5a9bb5647b#0:OK-t3] and 0 exception(s); b42a8068-78f2-4a05-8265-820ce4700af2:t3, leader=null, voted=b42a8068-78f2-4a05-8265-820ce4700af2, raftlog=b42a8068-78f2-4a05-8265-820ce4700af2-SegmentedRaftLog:OPENED:c-1,f-1,i0, conf=-1: [02963ba0-723d-4501-bddb-fc4cdc1a907f:192.168.69.122:43470, 6ba6747b-0f54-43b2-b684-1c5a9bb5647b:192.168.69.122:37531, b42a8068-78f2-4a05-8265-820ce4700af2:192.168.69.122:35287], old=null
2019-07-13 19:32:36,542 INFO  impl.RaftServerImpl (RaftServerImpl.java:setRole(171)) - 02963ba0-723d-4501-bddb-fc4cdc1a907f:group-363892724001 changes role from CANDIDATE to FOLLOWER at term 3 for DISCOVERED_A_NEW_TERM
2019-07-13 19:32:36,542 INFO  impl.RoleInfo (RoleInfo.java:shutdownLeaderElection(134)) - b42a8068-78f2-4a05-8265-820ce4700af2: shutdown LeaderElection
2019-07-13 19:32:36,545 INFO  impl.RoleInfo (RoleInfo.java:shutdownLeaderElection(134)) - 02963ba0-723d-4501-bddb-fc4cdc1a907f: shutdown LeaderElection
2019-07-13 19:32:36,551 INFO  impl.RaftServerImpl (RaftServerImpl.java:setRole(171)) - b42a8068-78f2-4a05-8265-820ce4700af2:group-363892724001 changes role from CANDIDATE to LEADER at term 3 for changeToLeader
2019-07-13 19:32:36,551 INFO  impl.RoleInfo (RoleInfo.java:updateAndGet(143)) - 02963ba0-723d-4501-bddb-fc4cdc1a907f: start FollowerState
2019-07-13 19:32:36,551 INFO  impl.RaftServerImpl (ServerState.java:setLeader(263)) - b42a8068-78f2-4a05-8265-820ce4700af2:group-363892724001 change Leader from null to b42a8068-78f2-4a05-8265-820ce4700af2 at term 3 for becomeLeader, leader elected after 15383ms
2019-07-13 19:32:36,556 INFO  server.RaftServerConfigKeys (ConfUtils.java:logGet(43)) - raft.server.staging.catchup.gap = 1000 (default)
2019-07-13 19:32:36,556 INFO  server.RaftServerConfigKeys (ConfUtils.java:logGet(43)) - raft.server.rpc.sleep.time = 25ms (default)
2019-07-13 19:32:36,557 INFO  server.RaftServerConfigKeys (ConfUtils.java:logGet(43)) - raft.server.write.element-limit = 4096 (default)
2019-07-13 19:32:36,557 INFO  server.RaftServerConfigKeys (ConfUtils.java:logGet(43)) - raft.server.watch.timeout = 10s (default)
2019-07-13 19:32:36,557 INFO  server.RaftServerConfigKeys (ConfUtils.java:logGet(43)) - raft.server.watch.timeout.denomination = 1s (default)
2019-07-13 19:32:36,557 INFO  server.RaftServerConfigKeys (ConfUtils.java:logGet(43)) - raft.server.watch.element-limit = 65536 (default)
2019-07-13 19:32:36,557 INFO  server.RaftServerConfigKeys (ConfUtils.java:logGet(43)) - raft.server.log.appender.snapshot.chunk.size.max = 16MB (=16777216) (default)
2019-07-13 19:32:36,557 INFO  node.SCMNodeManager (SCMNodeManager.java:register(269)) - Registered Data node : 6436ec4f-6ee1-4239-bcfd-d559df219ff3{ip: 192.168.69.122, host: trunk-nightly-fxqsz-774976932, networkLocation: /default-rack, certSerialId: null}
2019-07-13 19:32:36,558 INFO  server.RaftServerConfigKeys (ConfUtils.java:logGet(43)) - raft.server.log.appender.buffer.byte-limit = 33554432 (custom)
2019-07-13 19:32:36,558 INFO  server.RaftServerConfigKeys (ConfUtils.java:logGet(43)) - raft.server.log.appender.buffer.element-limit = 1 (custom)
2019-07-13 19:32:36,559 INFO  grpc.GrpcConfigKeys$Server (ConfUtils.java:logGet(43)) - raft.grpc.server.leader.outstanding.appends.max = 128 (default)
2019-07-13 19:32:36,559 INFO  server.RaftServerConfigKeys (ConfUtils.java:logGet(43)) - raft.server.rpc.request.timeout = 3000ms (default)
2019-07-13 19:32:36,559 INFO  server.RaftServerConfigKeys (ConfUtils.java:logGet(43)) - raft.server.log.appender.install.snapshot.enabled = false (custom)
2019-07-13 19:32:36,559 INFO  server.RaftServerConfigKeys (ConfUtils.java:logGet(43)) - raft.server.log.appender.snapshot.chunk.size.max = 16MB (=16777216) (default)
2019-07-13 19:32:36,559 INFO  server.RaftServerConfigKeys (ConfUtils.java:logGet(43)) - raft.server.log.appender.buffer.byte-limit = 33554432 (custom)
2019-07-13 19:32:36,560 INFO  server.RaftServerConfigKeys (ConfUtils.java:logGet(43)) - raft.server.log.appender.buffer.element-limit = 1 (custom)
2019-07-13 19:32:36,566 INFO  grpc.GrpcConfigKeys$Server (ConfUtils.java:logGet(43)) - raft.grpc.server.leader.outstanding.appends.max = 128 (default)
2019-07-13 19:32:36,566 INFO  server.RaftServerConfigKeys (ConfUtils.java:logGet(43)) - raft.server.rpc.request.timeout = 3000ms (default)
2019-07-13 19:32:36,566 INFO  server.RaftServerConfigKeys (ConfUtils.java:logGet(43)) - raft.server.log.appender.install.snapshot.enabled = false (custom)
2019-07-13 19:32:36,567 INFO  impl.RoleInfo (RoleInfo.java:updateAndGet(143)) - b42a8068-78f2-4a05-8265-820ce4700af2: start LeaderState
2019-07-13 19:32:36,567 INFO  segmented.SegmentedRaftLogWorker (SegmentedRaftLogWorker.java:startLogSegment(380)) - b42a8068-78f2-4a05-8265-820ce4700af2-SegmentedRaftLogWorker:Storage Directory /tmp/workdir/hadoop-ozone/integration-test/target/test-dir/MiniOzoneClusterImpl-85b7ea47-8fa8-4119-bf57-4a436a3dbd64/datanode-5/data/ratis/6acc9876-3a30-419c-b5e8-363892724001: Starting segment from index:0
2019-07-13 19:32:36,568 INFO  impl.RaftServerImpl (ServerState.java:setRaftConf(361)) - b42a8068-78f2-4a05-8265-820ce4700af2:group-363892724001 set configuration 0: [02963ba0-723d-4501-bddb-fc4cdc1a907f:192.168.69.122:43470, 6ba6747b-0f54-43b2-b684-1c5a9bb5647b:192.168.69.122:37531, b42a8068-78f2-4a05-8265-820ce4700af2:192.168.69.122:35287], old=null at 0
2019-07-13 19:32:36,592 INFO  impl.RaftServerImpl (ServerState.java:setLeader(263)) - 02963ba0-723d-4501-bddb-fc4cdc1a907f:group-363892724001 change Leader from null to b42a8068-78f2-4a05-8265-820ce4700af2 at term 3 for appendEntries, leader elected after 15424ms
2019-07-13 19:32:36,598 INFO  impl.RaftServerImpl (ServerState.java:setLeader(263)) - 6ba6747b-0f54-43b2-b684-1c5a9bb5647b:group-363892724001 change Leader from null to b42a8068-78f2-4a05-8265-820ce4700af2 at term 3 for appendEntries, leader elected after 15429ms
2019-07-13 19:32:36,598 INFO  impl.RaftServerProxy (RaftServerProxy.java:addNew(89)) - 6436ec4f-6ee1-4239-bcfd-d559df219ff3: addNew group-6DEE02C02375:[6436ec4f-6ee1-4239-bcfd-d559df219ff3:192.168.69.122:33614] returns group-6DEE02C02375:java.util.concurrent.CompletableFuture@4560359b[Not completed]
2019-07-13 19:32:36,600 INFO  impl.RaftServerImpl (RaftServerImpl.java:<init>(93)) - 6436ec4f-6ee1-4239-bcfd-d559df219ff3: new RaftServerImpl for group-6DEE02C02375:[6436ec4f-6ee1-4239-bcfd-d559df219ff3:192.168.69.122:33614] with ContainerStateMachine:uninitialized
2019-07-13 19:32:36,601 INFO  server.RaftServerConfigKeys (ConfUtils.java:logGet(43)) - raft.server.rpc.timeout.min = 5s (custom)
2019-07-13 19:32:36,601 INFO  impl.RaftServerImpl (ServerState.java:setRaftConf(361)) - 02963ba0-723d-4501-bddb-fc4cdc1a907f:group-363892724001 set configuration 0: [02963ba0-723d-4501-bddb-fc4cdc1a907f:192.168.69.122:43470, 6ba6747b-0f54-43b2-b684-1c5a9bb5647b:192.168.69.122:37531, b42a8068-78f2-4a05-8265-820ce4700af2:192.168.69.122:35287], old=null at 0
2019-07-13 19:32:36,601 INFO  server.RaftServerConfigKeys (ConfUtils.java:logGet(43)) - raft.server.rpc.timeout.max = 5200ms (custom)
2019-07-13 19:32:36,601 INFO  segmented.SegmentedRaftLogWorker (SegmentedRaftLogWorker.java:startLogSegment(380)) - 02963ba0-723d-4501-bddb-fc4cdc1a907f-SegmentedRaftLogWorker:Storage Directory /tmp/workdir/hadoop-ozone/integration-test/target/test-dir/MiniOzoneClusterImpl-85b7ea47-8fa8-4119-bf57-4a436a3dbd64/datanode-3/data/ratis/6acc9876-3a30-419c-b5e8-363892724001: Starting segment from index:0
2019-07-13 19:32:36,601 INFO  server.RaftServerConfigKeys (ConfUtils.java:logGet(43)) - raft.server.rpcslowness.timeout = 120s (custom)
2019-07-13 19:32:36,602 INFO  server.RaftServerConfigKeys (ConfUtils.java:logGet(43)) - raft.server.sleep.deviation.threshold = 300 (default)
2019-07-13 19:32:36,602 INFO  impl.RaftServerImpl (ServerState.java:setRaftConf(361)) - 6ba6747b-0f54-43b2-b684-1c5a9bb5647b:group-363892724001 set configuration 0: [02963ba0-723d-4501-bddb-fc4cdc1a907f:192.168.69.122:43470, 6ba6747b-0f54-43b2-b684-1c5a9bb5647b:192.168.69.122:37531, b42a8068-78f2-4a05-8265-820ce4700af2:192.168.69.122:35287], old=null at 0
2019-07-13 19:32:36,602 INFO  server.RaftServerConfigKeys (ConfUtils.java:logGet(43)) - raft.server.log.appender.install.snapshot.enabled = false (custom)
2019-07-13 19:32:36,603 INFO  segmented.SegmentedRaftLogWorker (SegmentedRaftLogWorker.java:execute(569)) - b42a8068-78f2-4a05-8265-820ce4700af2-SegmentedRaftLogWorker:Storage Directory /tmp/workdir/hadoop-ozone/integration-test/target/test-dir/MiniOzoneClusterImpl-85b7ea47-8fa8-4119-bf57-4a436a3dbd64/datanode-5/data/ratis/6acc9876-3a30-419c-b5e8-363892724001: created new log segment /tmp/workdir/hadoop-ozone/integration-test/target/test-dir/MiniOzoneClusterImpl-85b7ea47-8fa8-4119-bf57-4a436a3dbd64/datanode-5/data/ratis/6acc9876-3a30-419c-b5e8-363892724001/current/log_inprogress_0
2019-07-13 19:32:36,603 INFO  impl.RaftServerImpl (ServerState.java:<init>(105)) - 6436ec4f-6ee1-4239-bcfd-d559df219ff3:group-6DEE02C02375 ConfigurationManager, init=-1: [6436ec4f-6ee1-4239-bcfd-d559df219ff3:192.168.69.122:33614], old=null, confs=<EMPTY_MAP>
2019-07-13 19:32:36,602 INFO  segmented.SegmentedRaftLogWorker (SegmentedRaftLogWorker.java:startLogSegment(380)) - 6ba6747b-0f54-43b2-b684-1c5a9bb5647b-SegmentedRaftLogWorker:Storage Directory /tmp/workdir/hadoop-ozone/integration-test/target/test-dir/MiniOzoneClusterImpl-85b7ea47-8fa8-4119-bf57-4a436a3dbd64/datanode-1/data/ratis/6acc9876-3a30-419c-b5e8-363892724001: Starting segment from index:0
2019-07-13 19:32:36,603 INFO  server.RaftServerConfigKeys (ConfUtils.java:logGet(43)) - raft.server.storage.dir = [/tmp/workdir/hadoop-ozone/integration-test/target/test-dir/MiniOzoneClusterImpl-3061be85-439c-43d1-97d0-5d1f6a9710f4/datanode-3/data/ratis] (custom)
2019-07-13 19:32:36,604 INFO  storage.RaftStorageDirectory (RaftStorageDirectory.java:analyzeStorage(246)) - The storage directory /tmp/workdir/hadoop-ozone/integration-test/target/test-dir/MiniOzoneClusterImpl-3061be85-439c-43d1-97d0-5d1f6a9710f4/datanode-3/data/ratis/e075cb10-8848-4709-a515-6dee02c02375 does not exist. Creating ...
2019-07-13 19:32:36,617 INFO  storage.RaftStorageDirectory (RaftStorageDirectory.java:tryLock(328)) - Lock on /tmp/workdir/hadoop-ozone/integration-test/target/test-dir/MiniOzoneClusterImpl-3061be85-439c-43d1-97d0-5d1f6a9710f4/datanode-3/data/ratis/e075cb10-8848-4709-a515-6dee02c02375/in_use.lock acquired by nodename 18559@trunk-nightly-fxqsz-774976932
2019-07-13 19:32:36,631 INFO  segmented.SegmentedRaftLogWorker (SegmentedRaftLogWorker.java:execute(569)) - 6ba6747b-0f54-43b2-b684-1c5a9bb5647b-SegmentedRaftLogWorker:Storage Directory /tmp/workdir/hadoop-ozone/integration-test/target/test-dir/MiniOzoneClusterImpl-85b7ea47-8fa8-4119-bf57-4a436a3dbd64/datanode-1/data/ratis/6acc9876-3a30-419c-b5e8-363892724001: created new log segment /tmp/workdir/hadoop-ozone/integration-test/target/test-dir/MiniOzoneClusterImpl-85b7ea47-8fa8-4119-bf57-4a436a3dbd64/datanode-1/data/ratis/6acc9876-3a30-419c-b5e8-363892724001/current/log_inprogress_0
2019-07-13 19:32:36,631 INFO  segmented.SegmentedRaftLogWorker (SegmentedRaftLogWorker.java:execute(569)) - 02963ba0-723d-4501-bddb-fc4cdc1a907f-SegmentedRaftLogWorker:Storage Directory /tmp/workdir/hadoop-ozone/integration-test/target/test-dir/MiniOzoneClusterImpl-85b7ea47-8fa8-4119-bf57-4a436a3dbd64/datanode-3/data/ratis/6acc9876-3a30-419c-b5e8-363892724001: created new log segment /tmp/workdir/hadoop-ozone/integration-test/target/test-dir/MiniOzoneClusterImpl-85b7ea47-8fa8-4119-bf57-4a436a3dbd64/datanode-3/data/ratis/6acc9876-3a30-419c-b5e8-363892724001/current/log_inprogress_0
2019-07-13 19:32:36,631 INFO  storage.RaftStorage (RaftStorage.java:format(72)) - Storage directory /tmp/workdir/hadoop-ozone/integration-test/target/test-dir/MiniOzoneClusterImpl-3061be85-439c-43d1-97d0-5d1f6a9710f4/datanode-3/data/ratis/e075cb10-8848-4709-a515-6dee02c02375 has been successfully formatted.
2019-07-13 19:32:36,632 INFO  ratis.ContainerStateMachine (ContainerStateMachine.java:loadSnapshot(200)) - The snapshot info is null.Setting the last applied index to:(t:0, i:~)
2019-07-13 19:32:36,632 INFO  server.RaftServerConfigKeys (ConfUtils.java:logGet(43)) - raft.server.leader.election.timeout = 120s (custom)
2019-07-13 19:32:36,632 INFO  server.RaftServerConfigKeys (ConfUtils.java:logGet(43)) - raft.server.log.use.memory = false (default)
2019-07-13 19:32:36,633 INFO  server.RaftServerConfigKeys (ConfUtils.java:logGet(43)) - raft.server.log.purge.gap = 1000000000 (custom)
2019-07-13 19:32:36,633 INFO  server.RaftServerConfigKeys (ConfUtils.java:logGet(43)) - raft.server.log.appender.buffer.byte-limit = 33554432 (custom)
2019-07-13 19:32:36,633 INFO  server.RaftServerConfigKeys (ConfUtils.java:logGet(43)) - raft.server.log.segment.size.max = 1048576 (custom)
2019-07-13 19:32:36,633 INFO  server.RaftServerConfigKeys (ConfUtils.java:logGet(43)) - raft.server.log.segment.cache.num.max = 2 (custom)
2019-07-13 19:32:36,633 INFO  segmented.SegmentedRaftLogWorker (SegmentedRaftLogWorker.java:<init>(172)) - new 6436ec4f-6ee1-4239-bcfd-d559df219ff3-SegmentedRaftLogWorker:Storage Directory /tmp/workdir/hadoop-ozone/integration-test/target/test-dir/MiniOzoneClusterImpl-3061be85-439c-43d1-97d0-5d1f6a9710f4/datanode-3/data/ratis/e075cb10-8848-4709-a515-6dee02c02375 for RaftStorage:Storage Directory /tmp/workdir/hadoop-ozone/integration-test/target/test-dir/MiniOzoneClusterImpl-3061be85-439c-43d1-97d0-5d1f6a9710f4/datanode-3/data/ratis/e075cb10-8848-4709-a515-6dee02c02375
2019-07-13 19:32:36,633 INFO  server.RaftServerConfigKeys (ConfUtils.java:logGet(43)) - raft.server.log.queue.byte-limit = 2147483647 (custom)
2019-07-13 19:32:36,634 INFO  server.RaftServerConfigKeys (ConfUtils.java:logGet(43)) - raft.server.log.queue.element-limit = 1024 (custom)
2019-07-13 19:32:36,634 INFO  server.RaftServerConfigKeys (ConfUtils.java:logGet(43)) - raft.server.log.segment.size.max = 1048576 (custom)
2019-07-13 19:32:36,634 INFO  server.RaftServerConfigKeys (ConfUtils.java:logGet(43)) - raft.server.log.preallocated.size = 16384 (custom)
2019-07-13 19:32:36,634 INFO  server.RaftServerConfigKeys (ConfUtils.java:logGet(43)) - raft.server.log.write.buffer.size = 33554432 (custom)
2019-07-13 19:32:36,634 INFO  server.RaftServerConfigKeys (ConfUtils.java:logGet(43)) - raft.server.log.force.sync.num = 128 (default)
2019-07-13 19:32:36,634 INFO  server.RaftServerConfigKeys (ConfUtils.java:logGet(43)) - raft.server.log.statemachine.data.sync = true (default)
2019-07-13 19:32:36,635 INFO  server.RaftServerConfigKeys (ConfUtils.java:logGet(43)) - raft.server.log.statemachine.data.sync.timeout = 10s (default)
2019-07-13 19:32:36,635 INFO  server.RaftServerConfigKeys (ConfUtils.java:logGet(43)) - raft.server.log.statemachine.data.sync.timeout.retry = -1 (default)
2019-07-13 19:32:36,635 INFO  server.RaftServerConfigKeys (ConfUtils.java:logGet(43)) - raft.server.log.statemachine.data.caching.enabled = true (custom)
2019-07-13 19:32:36,635 INFO  segmented.SegmentedRaftLogWorker (SegmentedRaftLogWorker.java:lambda$new$0(132)) - 6436ec4f-6ee1-4239-bcfd-d559df219ff3-SegmentedRaftLogWorker:Storage Directory /tmp/workdir/hadoop-ozone/integration-test/target/test-dir/MiniOzoneClusterImpl-3061be85-439c-43d1-97d0-5d1f6a9710f4/datanode-3/data/ratis/e075cb10-8848-4709-a515-6dee02c02375: flushIndex: setUnconditionally 0 -> -1
2019-07-13 19:32:36,636 INFO  server.RaftServerConfigKeys (ConfUtils.java:logGet(43)) - raft.server.snapshot.auto.trigger.enabled = true (custom)
2019-07-13 19:32:36,636 INFO  server.RaftServerConfigKeys (ConfUtils.java:logGet(43)) - raft.server.snapshot.auto.trigger.threshold = 10000 (custom)
2019-07-13 19:32:36,636 INFO  server.RaftServerConfigKeys (ConfUtils.java:logGet(43)) - raft.server.retrycache.expirytime = 600000ms (custom)
2019-07-13 19:32:36,637 INFO  impl.RaftServerImpl (RaftServerImpl.java:start(180)) - 6436ec4f-6ee1-4239-bcfd-d559df219ff3: start group-6DEE02C02375
2019-07-13 19:32:36,637 INFO  impl.RaftServerImpl (RaftServerImpl.java:setRole(171)) - 6436ec4f-6ee1-4239-bcfd-d559df219ff3:group-6DEE02C02375 changes role from null to FOLLOWER at term 0 for startAsFollower
2019-07-13 19:32:36,637 INFO  impl.RoleInfo (RoleInfo.java:updateAndGet(143)) - 6436ec4f-6ee1-4239-bcfd-d559df219ff3: start FollowerState
2019-07-13 19:32:36,660 INFO  util.JmxRegister (JmxRegister.java:tryRegister(44)) - Successfully registered JMX Bean with object name Ratis:service=RaftServer,group=group-6DEE02C02375,id=6436ec4f-6ee1-4239-bcfd-d559df219ff3
2019-07-13 19:32:36,683 INFO  pipeline.PipelineStateManager (PipelineStateManager.java:addPipeline(56)) - Created pipeline Pipeline[ Id: e075cb10-8848-4709-a515-6dee02c02375, Nodes: 6436ec4f-6ee1-4239-bcfd-d559df219ff3{ip: 192.168.69.122, host: trunk-nightly-fxqsz-774976932, networkLocation: /default-rack, certSerialId: null}, Type:RATIS, Factor:ONE, State:OPEN]
2019-07-13 19:32:36,786 INFO  node.SCMNodeManager (SCMNodeManager.java:register(269)) - Registered Data node : 3d5abe44-b7dc-4add-9e39-baa48ace47ed{ip: 192.168.69.122, host: trunk-nightly-fxqsz-774976932, networkLocation: /default-rack, certSerialId: null}
2019-07-13 19:32:36,807 INFO  impl.RaftServerProxy (RaftServerProxy.java:addNew(89)) - 3d5abe44-b7dc-4add-9e39-baa48ace47ed: addNew group-81B12E512A26:[3d5abe44-b7dc-4add-9e39-baa48ace47ed:192.168.69.122:33953] returns group-81B12E512A26:java.util.concurrent.CompletableFuture@3e856f93[Not completed]
2019-07-13 19:32:36,808 INFO  impl.RaftServerImpl (RaftServerImpl.java:<init>(93)) - 3d5abe44-b7dc-4add-9e39-baa48ace47ed: new RaftServerImpl for group-81B12E512A26:[3d5abe44-b7dc-4add-9e39-baa48ace47ed:192.168.69.122:33953] with ContainerStateMachine:uninitialized
2019-07-13 19:32:36,809 INFO  server.RaftServerConfigKeys (ConfUtils.java:logGet(43)) - raft.server.rpc.timeout.min = 5s (custom)
2019-07-13 19:32:36,809 INFO  server.RaftServerConfigKeys (ConfUtils.java:logGet(43)) - raft.server.rpc.timeout.max = 5200ms (custom)
2019-07-13 19:32:36,809 INFO  server.RaftServerConfigKeys (ConfUtils.java:logGet(43)) - raft.server.rpcslowness.timeout = 120s (custom)
2019-07-13 19:32:36,809 INFO  server.RaftServerConfigKeys (ConfUtils.java:logGet(43)) - raft.server.sleep.deviation.threshold = 300 (default)
2019-07-13 19:32:36,809 INFO  server.RaftServerConfigKeys (ConfUtils.java:logGet(43)) - raft.server.log.appender.install.snapshot.enabled = false (custom)
2019-07-13 19:32:36,810 INFO  impl.RaftServerImpl (ServerState.java:<init>(105)) - 3d5abe44-b7dc-4add-9e39-baa48ace47ed:group-81B12E512A26 ConfigurationManager, init=-1: [3d5abe44-b7dc-4add-9e39-baa48ace47ed:192.168.69.122:33953], old=null, confs=<EMPTY_MAP>
2019-07-13 19:32:36,810 INFO  server.RaftServerConfigKeys (ConfUtils.java:logGet(43)) - raft.server.storage.dir = [/tmp/workdir/hadoop-ozone/integration-test/target/test-dir/MiniOzoneClusterImpl-3061be85-439c-43d1-97d0-5d1f6a9710f4/datanode-4/data/ratis] (custom)
2019-07-13 19:32:36,810 INFO  storage.RaftStorageDirectory (RaftStorageDirectory.java:analyzeStorage(246)) - The storage directory /tmp/workdir/hadoop-ozone/integration-test/target/test-dir/MiniOzoneClusterImpl-3061be85-439c-43d1-97d0-5d1f6a9710f4/datanode-4/data/ratis/476bf535-e8c5-48ef-9670-81b12e512a26 does not exist. Creating ...
2019-07-13 19:32:36,824 INFO  storage.RaftStorageDirectory (RaftStorageDirectory.java:tryLock(328)) - Lock on /tmp/workdir/hadoop-ozone/integration-test/target/test-dir/MiniOzoneClusterImpl-3061be85-439c-43d1-97d0-5d1f6a9710f4/datanode-4/data/ratis/476bf535-e8c5-48ef-9670-81b12e512a26/in_use.lock acquired by nodename 18559@trunk-nightly-fxqsz-774976932
2019-07-13 19:32:36,837 INFO  storage.RaftStorage (RaftStorage.java:format(72)) - Storage directory /tmp/workdir/hadoop-ozone/integration-test/target/test-dir/MiniOzoneClusterImpl-3061be85-439c-43d1-97d0-5d1f6a9710f4/datanode-4/data/ratis/476bf535-e8c5-48ef-9670-81b12e512a26 has been successfully formatted.
2019-07-13 19:32:36,838 INFO  ratis.ContainerStateMachine (ContainerStateMachine.java:loadSnapshot(200)) - The snapshot info is null.Setting the last applied index to:(t:0, i:~)
2019-07-13 19:32:36,838 INFO  server.RaftServerConfigKeys (ConfUtils.java:logGet(43)) - raft.server.leader.election.timeout = 120s (custom)
2019-07-13 19:32:36,838 INFO  server.RaftServerConfigKeys (ConfUtils.java:logGet(43)) - raft.server.log.use.memory = false (default)
2019-07-13 19:32:36,838 INFO  server.RaftServerConfigKeys (ConfUtils.java:logGet(43)) - raft.server.log.purge.gap = 1000000000 (custom)
2019-07-13 19:32:36,838 INFO  server.RaftServerConfigKeys (ConfUtils.java:logGet(43)) - raft.server.log.appender.buffer.byte-limit = 33554432 (custom)
2019-07-13 19:32:36,839 INFO  server.RaftServerConfigKeys (ConfUtils.java:logGet(43)) - raft.server.log.segment.size.max = 1048576 (custom)
2019-07-13 19:32:36,839 INFO  server.RaftServerConfigKeys (ConfUtils.java:logGet(43)) - raft.server.log.segment.cache.num.max = 2 (custom)
2019-07-13 19:32:36,839 INFO  segmented.SegmentedRaftLogWorker (SegmentedRaftLogWorker.java:<init>(172)) - new 3d5abe44-b7dc-4add-9e39-baa48ace47ed-SegmentedRaftLogWorker:Storage Directory /tmp/workdir/hadoop-ozone/integration-test/target/test-dir/MiniOzoneClusterImpl-3061be85-439c-43d1-97d0-5d1f6a9710f4/datanode-4/data/ratis/476bf535-e8c5-48ef-9670-81b12e512a26 for RaftStorage:Storage Directory /tmp/workdir/hadoop-ozone/integration-test/target/test-dir/MiniOzoneClusterImpl-3061be85-439c-43d1-97d0-5d1f6a9710f4/datanode-4/data/ratis/476bf535-e8c5-48ef-9670-81b12e512a26
2019-07-13 19:32:36,839 INFO  server.RaftServerConfigKeys (ConfUtils.java:logGet(43)) - raft.server.log.queue.byte-limit = 2147483647 (custom)
2019-07-13 19:32:36,839 INFO  server.RaftServerConfigKeys (ConfUtils.java:logGet(43)) - raft.server.log.queue.element-limit = 1024 (custom)
2019-07-13 19:32:36,840 INFO  server.RaftServerConfigKeys (ConfUtils.java:logGet(43)) - raft.server.log.segment.size.max = 1048576 (custom)
2019-07-13 19:32:36,840 INFO  server.RaftServerConfigKeys (ConfUtils.java:logGet(43)) - raft.server.log.preallocated.size = 16384 (custom)
2019-07-13 19:32:36,840 INFO  server.RaftServerConfigKeys (ConfUtils.java:logGet(43)) - raft.server.log.write.buffer.size = 33554432 (custom)
2019-07-13 19:32:36,841 INFO  server.RaftServerConfigKeys (ConfUtils.java:logGet(43)) - raft.server.log.force.sync.num = 128 (default)
2019-07-13 19:32:36,841 INFO  server.RaftServerConfigKeys (ConfUtils.java:logGet(43)) - raft.server.log.statemachine.data.sync = true (default)
2019-07-13 19:32:36,841 INFO  server.RaftServerConfigKeys (ConfUtils.java:logGet(43)) - raft.server.log.statemachine.data.sync.timeout = 10s (default)
2019-07-13 19:32:36,841 INFO  server.RaftServerConfigKeys (ConfUtils.java:logGet(43)) - raft.server.log.statemachine.data.sync.timeout.retry = -1 (default)
2019-07-13 19:32:36,842 INFO  server.RaftServerConfigKeys (ConfUtils.java:logGet(43)) - raft.server.log.statemachine.data.caching.enabled = true (custom)
2019-07-13 19:32:36,842 INFO  segmented.SegmentedRaftLogWorker (SegmentedRaftLogWorker.java:lambda$new$0(132)) - 3d5abe44-b7dc-4add-9e39-baa48ace47ed-SegmentedRaftLogWorker:Storage Directory /tmp/workdir/hadoop-ozone/integration-test/target/test-dir/MiniOzoneClusterImpl-3061be85-439c-43d1-97d0-5d1f6a9710f4/datanode-4/data/ratis/476bf535-e8c5-48ef-9670-81b12e512a26: flushIndex: setUnconditionally 0 -> -1
2019-07-13 19:32:36,842 INFO  server.RaftServerConfigKeys (ConfUtils.java:logGet(43)) - raft.server.snapshot.auto.trigger.enabled = true (custom)
2019-07-13 19:32:36,843 INFO  server.RaftServerConfigKeys (ConfUtils.java:logGet(43)) - raft.server.snapshot.auto.trigger.threshold = 10000 (custom)
2019-07-13 19:32:36,843 INFO  server.RaftServerConfigKeys (ConfUtils.java:logGet(43)) - raft.server.retrycache.expirytime = 600000ms (custom)
2019-07-13 19:32:36,843 INFO  impl.RaftServerImpl (RaftServerImpl.java:start(180)) - 3d5abe44-b7dc-4add-9e39-baa48ace47ed: start group-81B12E512A26
2019-07-13 19:32:36,843 INFO  impl.RaftServerImpl (RaftServerImpl.java:setRole(171)) - 3d5abe44-b7dc-4add-9e39-baa48ace47ed:group-81B12E512A26 changes role from null to FOLLOWER at term 0 for startAsFollower
2019-07-13 19:32:36,843 INFO  impl.RoleInfo (RoleInfo.java:updateAndGet(143)) - 3d5abe44-b7dc-4add-9e39-baa48ace47ed: start FollowerState
2019-07-13 19:32:36,844 INFO  util.JmxRegister (JmxRegister.java:tryRegister(44)) - Successfully registered JMX Bean with object name Ratis:service=RaftServer,group=group-81B12E512A26,id=3d5abe44-b7dc-4add-9e39-baa48ace47ed
2019-07-13 19:32:36,851 INFO  pipeline.PipelineStateManager (PipelineStateManager.java:addPipeline(56)) - Created pipeline Pipeline[ Id: 476bf535-e8c5-48ef-9670-81b12e512a26, Nodes: 3d5abe44-b7dc-4add-9e39-baa48ace47ed{ip: 192.168.69.122, host: trunk-nightly-fxqsz-774976932, networkLocation: /default-rack, certSerialId: null}, Type:RATIS, Factor:ONE, State:OPEN]
2019-07-13 19:32:37,009 INFO  node.SCMNodeManager (SCMNodeManager.java:register(269)) - Registered Data node : 35df9edd-f554-4d58-9f0e-010a7c29dd17{ip: 192.168.69.122, host: trunk-nightly-fxqsz-774976932, networkLocation: /default-rack, certSerialId: null}
2019-07-13 19:32:37,040 INFO  impl.RaftServerProxy (RaftServerProxy.java:addNew(89)) - 35df9edd-f554-4d58-9f0e-010a7c29dd17: addNew group-1D52B3E0205E:[35df9edd-f554-4d58-9f0e-010a7c29dd17:192.168.69.122:46213] returns group-1D52B3E0205E:java.util.concurrent.CompletableFuture@567432e6[Not completed]
2019-07-13 19:32:37,042 INFO  impl.RaftServerImpl (RaftServerImpl.java:<init>(93)) - 35df9edd-f554-4d58-9f0e-010a7c29dd17: new RaftServerImpl for group-1D52B3E0205E:[35df9edd-f554-4d58-9f0e-010a7c29dd17:192.168.69.122:46213] with ContainerStateMachine:uninitialized
2019-07-13 19:32:37,042 INFO  server.RaftServerConfigKeys (ConfUtils.java:logGet(43)) - raft.server.rpc.timeout.min = 5s (custom)
2019-07-13 19:32:37,043 INFO  server.RaftServerConfigKeys (ConfUtils.java:logGet(43)) - raft.server.rpc.timeout.max = 5200ms (custom)
2019-07-13 19:32:37,043 INFO  server.RaftServerConfigKeys (ConfUtils.java:logGet(43)) - raft.server.rpcslowness.timeout = 120s (custom)
2019-07-13 19:32:37,043 INFO  server.RaftServerConfigKeys (ConfUtils.java:logGet(43)) - raft.server.sleep.deviation.threshold = 300 (default)
2019-07-13 19:32:37,043 INFO  server.RaftServerConfigKeys (ConfUtils.java:logGet(43)) - raft.server.log.appender.install.snapshot.enabled = false (custom)
2019-07-13 19:32:37,043 INFO  impl.RaftServerImpl (ServerState.java:<init>(105)) - 35df9edd-f554-4d58-9f0e-010a7c29dd17:group-1D52B3E0205E ConfigurationManager, init=-1: [35df9edd-f554-4d58-9f0e-010a7c29dd17:192.168.69.122:46213], old=null, confs=<EMPTY_MAP>
2019-07-13 19:32:37,043 INFO  server.RaftServerConfigKeys (ConfUtils.java:logGet(43)) - raft.server.storage.dir = [/tmp/workdir/hadoop-ozone/integration-test/target/test-dir/MiniOzoneClusterImpl-3061be85-439c-43d1-97d0-5d1f6a9710f4/datanode-5/data/ratis] (custom)
2019-07-13 19:32:37,044 INFO  storage.RaftStorageDirectory (RaftStorageDirectory.java:analyzeStorage(246)) - The storage directory /tmp/workdir/hadoop-ozone/integration-test/target/test-dir/MiniOzoneClusterImpl-3061be85-439c-43d1-97d0-5d1f6a9710f4/datanode-5/data/ratis/302978ae-ef28-4ec1-993b-1d52b3e0205e does not exist. Creating ...
2019-07-13 19:32:37,057 INFO  storage.RaftStorageDirectory (RaftStorageDirectory.java:tryLock(328)) - Lock on /tmp/workdir/hadoop-ozone/integration-test/target/test-dir/MiniOzoneClusterImpl-3061be85-439c-43d1-97d0-5d1f6a9710f4/datanode-5/data/ratis/302978ae-ef28-4ec1-993b-1d52b3e0205e/in_use.lock acquired by nodename 18559@trunk-nightly-fxqsz-774976932
2019-07-13 19:32:37,080 INFO  storage.RaftStorage (RaftStorage.java:format(72)) - Storage directory /tmp/workdir/hadoop-ozone/integration-test/target/test-dir/MiniOzoneClusterImpl-3061be85-439c-43d1-97d0-5d1f6a9710f4/datanode-5/data/ratis/302978ae-ef28-4ec1-993b-1d52b3e0205e has been successfully formatted.
2019-07-13 19:32:37,080 INFO  ratis.ContainerStateMachine (ContainerStateMachine.java:loadSnapshot(200)) - The snapshot info is null.Setting the last applied index to:(t:0, i:~)
2019-07-13 19:32:37,081 INFO  server.RaftServerConfigKeys (ConfUtils.java:logGet(43)) - raft.server.leader.election.timeout = 120s (custom)
2019-07-13 19:32:37,081 INFO  server.RaftServerConfigKeys (ConfUtils.java:logGet(43)) - raft.server.log.use.memory = false (default)
2019-07-13 19:32:37,081 INFO  server.RaftServerConfigKeys (ConfUtils.java:logGet(43)) - raft.server.log.purge.gap = 1000000000 (custom)
2019-07-13 19:32:37,081 INFO  server.RaftServerConfigKeys (ConfUtils.java:logGet(43)) - raft.server.log.appender.buffer.byte-limit = 33554432 (custom)
2019-07-13 19:32:37,081 INFO  server.RaftServerConfigKeys (ConfUtils.java:logGet(43)) - raft.server.log.segment.size.max = 1048576 (custom)
2019-07-13 19:32:37,081 INFO  server.RaftServerConfigKeys (ConfUtils.java:logGet(43)) - raft.server.log.segment.cache.num.max = 2 (custom)
2019-07-13 19:32:37,082 INFO  segmented.SegmentedRaftLogWorker (SegmentedRaftLogWorker.java:<init>(172)) - new 35df9edd-f554-4d58-9f0e-010a7c29dd17-SegmentedRaftLogWorker:Storage Directory /tmp/workdir/hadoop-ozone/integration-test/target/test-dir/MiniOzoneClusterImpl-3061be85-439c-43d1-97d0-5d1f6a9710f4/datanode-5/data/ratis/302978ae-ef28-4ec1-993b-1d52b3e0205e for RaftStorage:Storage Directory /tmp/workdir/hadoop-ozone/integration-test/target/test-dir/MiniOzoneClusterImpl-3061be85-439c-43d1-97d0-5d1f6a9710f4/datanode-5/data/ratis/302978ae-ef28-4ec1-993b-1d52b3e0205e
2019-07-13 19:32:37,082 INFO  server.RaftServerConfigKeys (ConfUtils.java:logGet(43)) - raft.server.log.queue.byte-limit = 2147483647 (custom)
2019-07-13 19:32:37,082 INFO  server.RaftServerConfigKeys (ConfUtils.java:logGet(43)) - raft.server.log.queue.element-limit = 1024 (custom)
2019-07-13 19:32:37,082 INFO  server.RaftServerConfigKeys (ConfUtils.java:logGet(43)) - raft.server.log.segment.size.max = 1048576 (custom)
2019-07-13 19:32:37,082 INFO  server.RaftServerConfigKeys (ConfUtils.java:logGet(43)) - raft.server.log.preallocated.size = 16384 (custom)
2019-07-13 19:32:37,082 INFO  server.RaftServerConfigKeys (ConfUtils.java:logGet(43)) - raft.server.log.write.buffer.size = 33554432 (custom)
2019-07-13 19:32:37,083 INFO  server.RaftServerConfigKeys (ConfUtils.java:logGet(43)) - raft.server.log.force.sync.num = 128 (default)
2019-07-13 19:32:37,083 INFO  server.RaftServerConfigKeys (ConfUtils.java:logGet(43)) - raft.server.log.statemachine.data.sync = true (default)
2019-07-13 19:32:37,083 INFO  server.RaftServerConfigKeys (ConfUtils.java:logGet(43)) - raft.server.log.statemachine.data.sync.timeout = 10s (default)
2019-07-13 19:32:37,083 INFO  server.RaftServerConfigKeys (ConfUtils.java:logGet(43)) - raft.server.log.statemachine.data.sync.timeout.retry = -1 (default)
2019-07-13 19:32:37,084 INFO  server.RaftServerConfigKeys (ConfUtils.java:logGet(43)) - raft.server.log.statemachine.data.caching.enabled = true (custom)
2019-07-13 19:32:37,084 INFO  segmented.SegmentedRaftLogWorker (SegmentedRaftLogWorker.java:lambda$new$0(132)) - 35df9edd-f554-4d58-9f0e-010a7c29dd17-SegmentedRaftLogWorker:Storage Directory /tmp/workdir/hadoop-ozone/integration-test/target/test-dir/MiniOzoneClusterImpl-3061be85-439c-43d1-97d0-5d1f6a9710f4/datanode-5/data/ratis/302978ae-ef28-4ec1-993b-1d52b3e0205e: flushIndex: setUnconditionally 0 -> -1
2019-07-13 19:32:37,084 INFO  server.RaftServerConfigKeys (ConfUtils.java:logGet(43)) - raft.server.snapshot.auto.trigger.enabled = true (custom)
2019-07-13 19:32:37,084 INFO  server.RaftServerConfigKeys (ConfUtils.java:logGet(43)) - raft.server.snapshot.auto.trigger.threshold = 10000 (custom)
2019-07-13 19:32:37,085 INFO  server.RaftServerConfigKeys (ConfUtils.java:logGet(43)) - raft.server.retrycache.expirytime = 600000ms (custom)
2019-07-13 19:32:37,085 INFO  impl.RaftServerImpl (RaftServerImpl.java:start(180)) - 35df9edd-f554-4d58-9f0e-010a7c29dd17: start group-1D52B3E0205E
2019-07-13 19:32:37,085 INFO  impl.RaftServerImpl (RaftServerImpl.java:setRole(171)) - 35df9edd-f554-4d58-9f0e-010a7c29dd17:group-1D52B3E0205E changes role from null to FOLLOWER at term 0 for startAsFollower
2019-07-13 19:32:37,085 INFO  impl.RoleInfo (RoleInfo.java:updateAndGet(143)) - 35df9edd-f554-4d58-9f0e-010a7c29dd17: start FollowerState
2019-07-13 19:32:37,086 INFO  util.JmxRegister (JmxRegister.java:tryRegister(44)) - Successfully registered JMX Bean with object name Ratis:service=RaftServer,group=group-1D52B3E0205E,id=35df9edd-f554-4d58-9f0e-010a7c29dd17
2019-07-13 19:32:37,093 INFO  pipeline.PipelineStateManager (PipelineStateManager.java:addPipeline(56)) - Created pipeline Pipeline[ Id: 302978ae-ef28-4ec1-993b-1d52b3e0205e, Nodes: 35df9edd-f554-4d58-9f0e-010a7c29dd17{ip: 192.168.69.122, host: trunk-nightly-fxqsz-774976932, networkLocation: /default-rack, certSerialId: null}, Type:RATIS, Factor:ONE, State:OPEN]
2019-07-13 19:32:37,114 INFO  impl.RaftServerProxy (RaftServerProxy.java:addNew(89)) - 35df9edd-f554-4d58-9f0e-010a7c29dd17: addNew group-20916974665A:[35df9edd-f554-4d58-9f0e-010a7c29dd17:192.168.69.122:46213, 3d5abe44-b7dc-4add-9e39-baa48ace47ed:192.168.69.122:33953, 6436ec4f-6ee1-4239-bcfd-d559df219ff3:192.168.69.122:33614] returns group-20916974665A:java.util.concurrent.CompletableFuture@79221415[Not completed]
2019-07-13 19:32:37,114 INFO  impl.RaftServerProxy (RaftServerProxy.java:addNew(89)) - 6436ec4f-6ee1-4239-bcfd-d559df219ff3: addNew group-20916974665A:[35df9edd-f554-4d58-9f0e-010a7c29dd17:192.168.69.122:46213, 3d5abe44-b7dc-4add-9e39-baa48ace47ed:192.168.69.122:33953, 6436ec4f-6ee1-4239-bcfd-d559df219ff3:192.168.69.122:33614] returns group-20916974665A:java.util.concurrent.CompletableFuture@306c8d44[Not completed]
2019-07-13 19:32:37,114 INFO  impl.RaftServerProxy (RaftServerProxy.java:addNew(89)) - 3d5abe44-b7dc-4add-9e39-baa48ace47ed: addNew group-20916974665A:[35df9edd-f554-4d58-9f0e-010a7c29dd17:192.168.69.122:46213, 3d5abe44-b7dc-4add-9e39-baa48ace47ed:192.168.69.122:33953, 6436ec4f-6ee1-4239-bcfd-d559df219ff3:192.168.69.122:33614] returns group-20916974665A:java.util.concurrent.CompletableFuture@927ec90[Not completed]
2019-07-13 19:32:37,116 INFO  impl.RaftServerImpl (RaftServerImpl.java:<init>(93)) - 35df9edd-f554-4d58-9f0e-010a7c29dd17: new RaftServerImpl for group-20916974665A:[35df9edd-f554-4d58-9f0e-010a7c29dd17:192.168.69.122:46213, 3d5abe44-b7dc-4add-9e39-baa48ace47ed:192.168.69.122:33953, 6436ec4f-6ee1-4239-bcfd-d559df219ff3:192.168.69.122:33614] with ContainerStateMachine:uninitialized
2019-07-13 19:32:37,116 INFO  server.RaftServerConfigKeys (ConfUtils.java:logGet(43)) - raft.server.rpc.timeout.min = 5s (custom)
2019-07-13 19:32:37,116 INFO  server.RaftServerConfigKeys (ConfUtils.java:logGet(43)) - raft.server.rpc.timeout.max = 5200ms (custom)
2019-07-13 19:32:37,116 INFO  server.RaftServerConfigKeys (ConfUtils.java:logGet(43)) - raft.server.rpcslowness.timeout = 120s (custom)
2019-07-13 19:32:37,116 INFO  server.RaftServerConfigKeys (ConfUtils.java:logGet(43)) - raft.server.sleep.deviation.threshold = 300 (default)
2019-07-13 19:32:37,116 INFO  server.RaftServerConfigKeys (ConfUtils.java:logGet(43)) - raft.server.log.appender.install.snapshot.enabled = false (custom)
2019-07-13 19:32:37,117 INFO  impl.RaftServerImpl (ServerState.java:<init>(105)) - 35df9edd-f554-4d58-9f0e-010a7c29dd17:group-20916974665A ConfigurationManager, init=-1: [35df9edd-f554-4d58-9f0e-010a7c29dd17:192.168.69.122:46213, 3d5abe44-b7dc-4add-9e39-baa48ace47ed:192.168.69.122:33953, 6436ec4f-6ee1-4239-bcfd-d559df219ff3:192.168.69.122:33614], old=null, confs=<EMPTY_MAP>
2019-07-13 19:32:37,117 INFO  server.RaftServerConfigKeys (ConfUtils.java:logGet(43)) - raft.server.storage.dir = [/tmp/workdir/hadoop-ozone/integration-test/target/test-dir/MiniOzoneClusterImpl-3061be85-439c-43d1-97d0-5d1f6a9710f4/datanode-5/data/ratis] (custom)
2019-07-13 19:32:37,117 INFO  impl.RaftServerImpl (RaftServerImpl.java:<init>(93)) - 6436ec4f-6ee1-4239-bcfd-d559df219ff3: new RaftServerImpl for group-20916974665A:[35df9edd-f554-4d58-9f0e-010a7c29dd17:192.168.69.122:46213, 3d5abe44-b7dc-4add-9e39-baa48ace47ed:192.168.69.122:33953, 6436ec4f-6ee1-4239-bcfd-d559df219ff3:192.168.69.122:33614] with ContainerStateMachine:uninitialized
2019-07-13 19:32:37,117 INFO  storage.RaftStorageDirectory (RaftStorageDirectory.java:analyzeStorage(246)) - The storage directory /tmp/workdir/hadoop-ozone/integration-test/target/test-dir/MiniOzoneClusterImpl-3061be85-439c-43d1-97d0-5d1f6a9710f4/datanode-5/data/ratis/15cc8938-c9e4-48a5-8625-20916974665a does not exist. Creating ...
2019-07-13 19:32:37,117 INFO  server.RaftServerConfigKeys (ConfUtils.java:logGet(43)) - raft.server.rpc.timeout.min = 5s (custom)
2019-07-13 19:32:37,118 INFO  server.RaftServerConfigKeys (ConfUtils.java:logGet(43)) - raft.server.rpc.timeout.max = 5200ms (custom)
2019-07-13 19:32:37,118 INFO  server.RaftServerConfigKeys (ConfUtils.java:logGet(43)) - raft.server.rpcslowness.timeout = 120s (custom)
2019-07-13 19:32:37,118 INFO  impl.RaftServerImpl (RaftServerImpl.java:<init>(93)) - 3d5abe44-b7dc-4add-9e39-baa48ace47ed: new RaftServerImpl for group-20916974665A:[35df9edd-f554-4d58-9f0e-010a7c29dd17:192.168.69.122:46213, 3d5abe44-b7dc-4add-9e39-baa48ace47ed:192.168.69.122:33953, 6436ec4f-6ee1-4239-bcfd-d559df219ff3:192.168.69.122:33614] with ContainerStateMachine:uninitialized
2019-07-13 19:32:37,118 INFO  server.RaftServerConfigKeys (ConfUtils.java:logGet(43)) - raft.server.sleep.deviation.threshold = 300 (default)
2019-07-13 19:32:37,118 INFO  server.RaftServerConfigKeys (ConfUtils.java:logGet(43)) - raft.server.rpc.timeout.min = 5s (custom)
2019-07-13 19:32:37,119 INFO  server.RaftServerConfigKeys (ConfUtils.java:logGet(43)) - raft.server.log.appender.install.snapshot.enabled = false (custom)
2019-07-13 19:32:37,119 INFO  server.RaftServerConfigKeys (ConfUtils.java:logGet(43)) - raft.server.rpc.timeout.max = 5200ms (custom)
2019-07-13 19:32:37,119 INFO  impl.RaftServerImpl (ServerState.java:<init>(105)) - 6436ec4f-6ee1-4239-bcfd-d559df219ff3:group-20916974665A ConfigurationManager, init=-1: [35df9edd-f554-4d58-9f0e-010a7c29dd17:192.168.69.122:46213, 3d5abe44-b7dc-4add-9e39-baa48ace47ed:192.168.69.122:33953, 6436ec4f-6ee1-4239-bcfd-d559df219ff3:192.168.69.122:33614], old=null, confs=<EMPTY_MAP>
2019-07-13 19:32:37,119 INFO  server.RaftServerConfigKeys (ConfUtils.java:logGet(43)) - raft.server.rpcslowness.timeout = 120s (custom)
2019-07-13 19:32:37,120 INFO  server.RaftServerConfigKeys (ConfUtils.java:logGet(43)) - raft.server.storage.dir = [/tmp/workdir/hadoop-ozone/integration-test/target/test-dir/MiniOzoneClusterImpl-3061be85-439c-43d1-97d0-5d1f6a9710f4/datanode-3/data/ratis] (custom)
2019-07-13 19:32:37,120 INFO  server.RaftServerConfigKeys (ConfUtils.java:logGet(43)) - raft.server.sleep.deviation.threshold = 300 (default)
2019-07-13 19:32:37,120 INFO  server.RaftServerConfigKeys (ConfUtils.java:logGet(43)) - raft.server.log.appender.install.snapshot.enabled = false (custom)
2019-07-13 19:32:37,120 INFO  storage.RaftStorageDirectory (RaftStorageDirectory.java:analyzeStorage(246)) - The storage directory /tmp/workdir/hadoop-ozone/integration-test/target/test-dir/MiniOzoneClusterImpl-3061be85-439c-43d1-97d0-5d1f6a9710f4/datanode-3/data/ratis/15cc8938-c9e4-48a5-8625-20916974665a does not exist. Creating ...
2019-07-13 19:32:37,120 INFO  impl.RaftServerImpl (ServerState.java:<init>(105)) - 3d5abe44-b7dc-4add-9e39-baa48ace47ed:group-20916974665A ConfigurationManager, init=-1: [35df9edd-f554-4d58-9f0e-010a7c29dd17:192.168.69.122:46213, 3d5abe44-b7dc-4add-9e39-baa48ace47ed:192.168.69.122:33953, 6436ec4f-6ee1-4239-bcfd-d559df219ff3:192.168.69.122:33614], old=null, confs=<EMPTY_MAP>
2019-07-13 19:32:37,121 INFO  server.RaftServerConfigKeys (ConfUtils.java:logGet(43)) - raft.server.storage.dir = [/tmp/workdir/hadoop-ozone/integration-test/target/test-dir/MiniOzoneClusterImpl-3061be85-439c-43d1-97d0-5d1f6a9710f4/datanode-4/data/ratis] (custom)
2019-07-13 19:32:37,121 INFO  storage.RaftStorageDirectory (RaftStorageDirectory.java:analyzeStorage(246)) - The storage directory /tmp/workdir/hadoop-ozone/integration-test/target/test-dir/MiniOzoneClusterImpl-3061be85-439c-43d1-97d0-5d1f6a9710f4/datanode-4/data/ratis/15cc8938-c9e4-48a5-8625-20916974665a does not exist. Creating ...
2019-07-13 19:32:37,131 INFO  storage.RaftStorageDirectory (RaftStorageDirectory.java:tryLock(328)) - Lock on /tmp/workdir/hadoop-ozone/integration-test/target/test-dir/MiniOzoneClusterImpl-3061be85-439c-43d1-97d0-5d1f6a9710f4/datanode-3/data/ratis/15cc8938-c9e4-48a5-8625-20916974665a/in_use.lock acquired by nodename 18559@trunk-nightly-fxqsz-774976932
2019-07-13 19:32:37,131 INFO  storage.RaftStorageDirectory (RaftStorageDirectory.java:tryLock(328)) - Lock on /tmp/workdir/hadoop-ozone/integration-test/target/test-dir/MiniOzoneClusterImpl-3061be85-439c-43d1-97d0-5d1f6a9710f4/datanode-4/data/ratis/15cc8938-c9e4-48a5-8625-20916974665a/in_use.lock acquired by nodename 18559@trunk-nightly-fxqsz-774976932
2019-07-13 19:32:37,131 INFO  storage.RaftStorageDirectory (RaftStorageDirectory.java:tryLock(328)) - Lock on /tmp/workdir/hadoop-ozone/integration-test/target/test-dir/MiniOzoneClusterImpl-3061be85-439c-43d1-97d0-5d1f6a9710f4/datanode-5/data/ratis/15cc8938-c9e4-48a5-8625-20916974665a/in_use.lock acquired by nodename 18559@trunk-nightly-fxqsz-774976932
2019-07-13 19:32:37,145 INFO  storage.RaftStorage (RaftStorage.java:format(72)) - Storage directory /tmp/workdir/hadoop-ozone/integration-test/target/test-dir/MiniOzoneClusterImpl-3061be85-439c-43d1-97d0-5d1f6a9710f4/datanode-5/data/ratis/15cc8938-c9e4-48a5-8625-20916974665a has been successfully formatted.
2019-07-13 19:32:37,145 INFO  storage.RaftStorage (RaftStorage.java:format(72)) - Storage directory /tmp/workdir/hadoop-ozone/integration-test/target/test-dir/MiniOzoneClusterImpl-3061be85-439c-43d1-97d0-5d1f6a9710f4/datanode-4/data/ratis/15cc8938-c9e4-48a5-8625-20916974665a has been successfully formatted.
2019-07-13 19:32:37,145 INFO  storage.RaftStorage (RaftStorage.java:format(72)) - Storage directory /tmp/workdir/hadoop-ozone/integration-test/target/test-dir/MiniOzoneClusterImpl-3061be85-439c-43d1-97d0-5d1f6a9710f4/datanode-3/data/ratis/15cc8938-c9e4-48a5-8625-20916974665a has been successfully formatted.
2019-07-13 19:32:37,146 INFO  ratis.ContainerStateMachine (ContainerStateMachine.java:loadSnapshot(200)) - The snapshot info is null.Setting the last applied index to:(t:0, i:~)
2019-07-13 19:32:37,146 INFO  ratis.ContainerStateMachine (ContainerStateMachine.java:loadSnapshot(200)) - The snapshot info is null.Setting the last applied index to:(t:0, i:~)
2019-07-13 19:32:37,146 INFO  ratis.ContainerStateMachine (ContainerStateMachine.java:loadSnapshot(200)) - The snapshot info is null.Setting the last applied index to:(t:0, i:~)
2019-07-13 19:32:37,146 INFO  server.RaftServerConfigKeys (ConfUtils.java:logGet(43)) - raft.server.leader.election.timeout = 120s (custom)
2019-07-13 19:32:37,146 INFO  server.RaftServerConfigKeys (ConfUtils.java:logGet(43)) - raft.server.leader.election.timeout = 120s (custom)
2019-07-13 19:32:37,146 INFO  server.RaftServerConfigKeys (ConfUtils.java:logGet(43)) - raft.server.log.use.memory = false (default)
2019-07-13 19:32:37,146 INFO  server.RaftServerConfigKeys (ConfUtils.java:logGet(43)) - raft.server.leader.election.timeout = 120s (custom)
2019-07-13 19:32:37,147 INFO  server.RaftServerConfigKeys (ConfUtils.java:logGet(43)) - raft.server.log.purge.gap = 1000000000 (custom)
2019-07-13 19:32:37,147 INFO  server.RaftServerConfigKeys (ConfUtils.java:logGet(43)) - raft.server.log.appender.buffer.byte-limit = 33554432 (custom)
2019-07-13 19:32:37,147 INFO  server.RaftServerConfigKeys (ConfUtils.java:logGet(43)) - raft.server.log.use.memory = false (default)
2019-07-13 19:32:37,147 INFO  server.RaftServerConfigKeys (ConfUtils.java:logGet(43)) - raft.server.log.segment.size.max = 1048576 (custom)
2019-07-13 19:32:37,147 INFO  server.RaftServerConfigKeys (ConfUtils.java:logGet(43)) - raft.server.log.use.memory = false (default)
2019-07-13 19:32:37,148 INFO  server.RaftServerConfigKeys (ConfUtils.java:logGet(43)) - raft.server.log.segment.cache.num.max = 2 (custom)
2019-07-13 19:32:37,148 INFO  server.RaftServerConfigKeys (ConfUtils.java:logGet(43)) - raft.server.log.purge.gap = 1000000000 (custom)
2019-07-13 19:32:37,148 INFO  segmented.SegmentedRaftLogWorker (SegmentedRaftLogWorker.java:<init>(172)) - new 6436ec4f-6ee1-4239-bcfd-d559df219ff3-SegmentedRaftLogWorker:Storage Directory /tmp/workdir/hadoop-ozone/integration-test/target/test-dir/MiniOzoneClusterImpl-3061be85-439c-43d1-97d0-5d1f6a9710f4/datanode-3/data/ratis/15cc8938-c9e4-48a5-8625-20916974665a for RaftStorage:Storage Directory /tmp/workdir/hadoop-ozone/integration-test/target/test-dir/MiniOzoneClusterImpl-3061be85-439c-43d1-97d0-5d1f6a9710f4/datanode-3/data/ratis/15cc8938-c9e4-48a5-8625-20916974665a
2019-07-13 19:32:37,148 INFO  server.RaftServerConfigKeys (ConfUtils.java:logGet(43)) - raft.server.log.purge.gap = 1000000000 (custom)
2019-07-13 19:32:37,148 INFO  server.RaftServerConfigKeys (ConfUtils.java:logGet(43)) - raft.server.log.queue.byte-limit = 2147483647 (custom)
2019-07-13 19:32:37,149 INFO  server.RaftServerConfigKeys (ConfUtils.java:logGet(43)) - raft.server.log.queue.element-limit = 1024 (custom)
2019-07-13 19:32:37,148 INFO  server.RaftServerConfigKeys (ConfUtils.java:logGet(43)) - raft.server.log.appender.buffer.byte-limit = 33554432 (custom)
2019-07-13 19:32:37,149 INFO  server.RaftServerConfigKeys (ConfUtils.java:logGet(43)) - raft.server.log.segment.size.max = 1048576 (custom)
2019-07-13 19:32:37,148 INFO  server.RaftServerConfigKeys (ConfUtils.java:logGet(43)) - raft.server.log.appender.buffer.byte-limit = 33554432 (custom)
2019-07-13 19:32:37,149 INFO  server.RaftServerConfigKeys (ConfUtils.java:logGet(43)) - raft.server.log.preallocated.size = 16384 (custom)
2019-07-13 19:32:37,149 INFO  server.RaftServerConfigKeys (ConfUtils.java:logGet(43)) - raft.server.log.segment.size.max = 1048576 (custom)
2019-07-13 19:32:37,149 INFO  server.RaftServerConfigKeys (ConfUtils.java:logGet(43)) - raft.server.log.write.buffer.size = 33554432 (custom)
2019-07-13 19:32:37,149 INFO  server.RaftServerConfigKeys (ConfUtils.java:logGet(43)) - raft.server.log.segment.size.max = 1048576 (custom)
2019-07-13 19:32:37,150 INFO  server.RaftServerConfigKeys (ConfUtils.java:logGet(43)) - raft.server.log.force.sync.num = 128 (default)
2019-07-13 19:32:37,150 INFO  server.RaftServerConfigKeys (ConfUtils.java:logGet(43)) - raft.server.log.segment.cache.num.max = 2 (custom)
2019-07-13 19:32:37,150 INFO  server.RaftServerConfigKeys (ConfUtils.java:logGet(43)) - raft.server.log.statemachine.data.sync = true (default)
2019-07-13 19:32:37,150 INFO  server.RaftServerConfigKeys (ConfUtils.java:logGet(43)) - raft.server.log.segment.cache.num.max = 2 (custom)
2019-07-13 19:32:37,151 INFO  server.RaftServerConfigKeys (ConfUtils.java:logGet(43)) - raft.server.log.statemachine.data.sync.timeout = 10s (default)
2019-07-13 19:32:37,151 INFO  server.RaftServerConfigKeys (ConfUtils.java:logGet(43)) - raft.server.log.statemachine.data.sync.timeout.retry = -1 (default)
2019-07-13 19:32:37,150 INFO  segmented.SegmentedRaftLogWorker (SegmentedRaftLogWorker.java:<init>(172)) - new 3d5abe44-b7dc-4add-9e39-baa48ace47ed-SegmentedRaftLogWorker:Storage Directory /tmp/workdir/hadoop-ozone/integration-test/target/test-dir/MiniOzoneClusterImpl-3061be85-439c-43d1-97d0-5d1f6a9710f4/datanode-4/data/ratis/15cc8938-c9e4-48a5-8625-20916974665a for RaftStorage:Storage Directory /tmp/workdir/hadoop-ozone/integration-test/target/test-dir/MiniOzoneClusterImpl-3061be85-439c-43d1-97d0-5d1f6a9710f4/datanode-4/data/ratis/15cc8938-c9e4-48a5-8625-20916974665a
2019-07-13 19:32:37,151 INFO  server.RaftServerConfigKeys (ConfUtils.java:logGet(43)) - raft.server.log.statemachine.data.caching.enabled = true (custom)
2019-07-13 19:32:37,151 INFO  segmented.SegmentedRaftLogWorker (SegmentedRaftLogWorker.java:<init>(172)) - new 35df9edd-f554-4d58-9f0e-010a7c29dd17-SegmentedRaftLogWorker:Storage Directory /tmp/workdir/hadoop-ozone/integration-test/target/test-dir/MiniOzoneClusterImpl-3061be85-439c-43d1-97d0-5d1f6a9710f4/datanode-5/data/ratis/15cc8938-c9e4-48a5-8625-20916974665a for RaftStorage:Storage Directory /tmp/workdir/hadoop-ozone/integration-test/target/test-dir/MiniOzoneClusterImpl-3061be85-439c-43d1-97d0-5d1f6a9710f4/datanode-5/data/ratis/15cc8938-c9e4-48a5-8625-20916974665a
2019-07-13 19:32:37,151 INFO  server.RaftServerConfigKeys (ConfUtils.java:logGet(43)) - raft.server.log.queue.byte-limit = 2147483647 (custom)
2019-07-13 19:32:37,152 INFO  segmented.SegmentedRaftLogWorker (SegmentedRaftLogWorker.java:lambda$new$0(132)) - 6436ec4f-6ee1-4239-bcfd-d559df219ff3-SegmentedRaftLogWorker:Storage Directory /tmp/workdir/hadoop-ozone/integration-test/target/test-dir/MiniOzoneClusterImpl-3061be85-439c-43d1-97d0-5d1f6a9710f4/datanode-3/data/ratis/15cc8938-c9e4-48a5-8625-20916974665a: flushIndex: setUnconditionally 0 -> -1
2019-07-13 19:32:37,152 INFO  server.RaftServerConfigKeys (ConfUtils.java:logGet(43)) - raft.server.log.queue.byte-limit = 2147483647 (custom)
2019-07-13 19:32:37,152 INFO  server.RaftServerConfigKeys (ConfUtils.java:logGet(43)) - raft.server.log.queue.element-limit = 1024 (custom)
2019-07-13 19:32:37,152 INFO  server.RaftServerConfigKeys (ConfUtils.java:logGet(43)) - raft.server.log.queue.element-limit = 1024 (custom)
2019-07-13 19:32:37,152 INFO  server.RaftServerConfigKeys (ConfUtils.java:logGet(43)) - raft.server.log.segment.size.max = 1048576 (custom)
2019-07-13 19:32:37,152 INFO  server.RaftServerConfigKeys (ConfUtils.java:logGet(43)) - raft.server.snapshot.auto.trigger.enabled = true (custom)
2019-07-13 19:32:37,153 INFO  server.RaftServerConfigKeys (ConfUtils.java:logGet(43)) - raft.server.log.preallocated.size = 16384 (custom)
2019-07-13 19:32:37,153 INFO  server.RaftServerConfigKeys (ConfUtils.java:logGet(43)) - raft.server.log.write.buffer.size = 33554432 (custom)
2019-07-13 19:32:37,153 INFO  server.RaftServerConfigKeys (ConfUtils.java:logGet(43)) - raft.server.log.segment.size.max = 1048576 (custom)
2019-07-13 19:32:37,153 INFO  server.RaftServerConfigKeys (ConfUtils.java:logGet(43)) - raft.server.log.force.sync.num = 128 (default)
2019-07-13 19:32:37,153 INFO  server.RaftServerConfigKeys (ConfUtils.java:logGet(43)) - raft.server.snapshot.auto.trigger.threshold = 10000 (custom)
2019-07-13 19:32:37,153 INFO  server.RaftServerConfigKeys (ConfUtils.java:logGet(43)) - raft.server.log.statemachine.data.sync = true (default)
2019-07-13 19:32:37,154 INFO  server.RaftServerConfigKeys (ConfUtils.java:logGet(43)) - raft.server.log.statemachine.data.sync.timeout = 10s (default)
2019-07-13 19:32:37,153 INFO  server.RaftServerConfigKeys (ConfUtils.java:logGet(43)) - raft.server.log.preallocated.size = 16384 (custom)
2019-07-13 19:32:37,154 INFO  server.RaftServerConfigKeys (ConfUtils.java:logGet(43)) - raft.server.log.statemachine.data.sync.timeout.retry = -1 (default)
2019-07-13 19:32:37,154 INFO  server.RaftServerConfigKeys (ConfUtils.java:logGet(43)) - raft.server.retrycache.expirytime = 600000ms (custom)
2019-07-13 19:32:37,154 INFO  server.RaftServerConfigKeys (ConfUtils.java:logGet(43)) - raft.server.log.statemachine.data.caching.enabled = true (custom)
2019-07-13 19:32:37,154 INFO  server.RaftServerConfigKeys (ConfUtils.java:logGet(43)) - raft.server.log.write.buffer.size = 33554432 (custom)
2019-07-13 19:32:37,155 INFO  segmented.SegmentedRaftLogWorker (SegmentedRaftLogWorker.java:lambda$new$0(132)) - 35df9edd-f554-4d58-9f0e-010a7c29dd17-SegmentedRaftLogWorker:Storage Directory /tmp/workdir/hadoop-ozone/integration-test/target/test-dir/MiniOzoneClusterImpl-3061be85-439c-43d1-97d0-5d1f6a9710f4/datanode-5/data/ratis/15cc8938-c9e4-48a5-8625-20916974665a: flushIndex: setUnconditionally 0 -> -1
2019-07-13 19:32:37,155 INFO  impl.RaftServerImpl (RaftServerImpl.java:start(180)) - 6436ec4f-6ee1-4239-bcfd-d559df219ff3: start group-20916974665A
2019-07-13 19:32:37,155 INFO  server.RaftServerConfigKeys (ConfUtils.java:logGet(43)) - raft.server.snapshot.auto.trigger.enabled = true (custom)
2019-07-13 19:32:37,155 INFO  server.RaftServerConfigKeys (ConfUtils.java:logGet(43)) - raft.server.snapshot.auto.trigger.threshold = 10000 (custom)
2019-07-13 19:32:37,155 INFO  server.RaftServerConfigKeys (ConfUtils.java:logGet(43)) - raft.server.log.force.sync.num = 128 (default)
2019-07-13 19:32:37,155 INFO  server.RaftServerConfigKeys (ConfUtils.java:logGet(43)) - raft.server.retrycache.expirytime = 600000ms (custom)
2019-07-13 19:32:37,155 INFO  impl.RaftServerImpl (RaftServerImpl.java:setRole(171)) - 6436ec4f-6ee1-4239-bcfd-d559df219ff3:group-20916974665A changes role from null to FOLLOWER at term 0 for startAsFollower
2019-07-13 19:32:37,156 INFO  impl.RaftServerImpl (RaftServerImpl.java:start(180)) - 35df9edd-f554-4d58-9f0e-010a7c29dd17: start group-20916974665A
2019-07-13 19:32:37,156 INFO  impl.RaftServerImpl (RaftServerImpl.java:setRole(171)) - 35df9edd-f554-4d58-9f0e-010a7c29dd17:group-20916974665A changes role from null to FOLLOWER at term 0 for startAsFollower
2019-07-13 19:32:37,156 INFO  server.RaftServerConfigKeys (ConfUtils.java:logGet(43)) - raft.server.log.statemachine.data.sync = true (default)
2019-07-13 19:32:37,156 INFO  impl.RoleInfo (RoleInfo.java:updateAndGet(143)) - 35df9edd-f554-4d58-9f0e-010a7c29dd17: start FollowerState
2019-07-13 19:32:37,156 INFO  impl.RoleInfo (RoleInfo.java:updateAndGet(143)) - 6436ec4f-6ee1-4239-bcfd-d559df219ff3: start FollowerState
2019-07-13 19:32:37,156 INFO  server.RaftServerConfigKeys (ConfUtils.java:logGet(43)) - raft.server.log.statemachine.data.sync.timeout = 10s (default)
2019-07-13 19:32:37,157 INFO  util.JmxRegister (JmxRegister.java:tryRegister(44)) - Successfully registered JMX Bean with object name Ratis:service=RaftServer,group=group-20916974665A,id=35df9edd-f554-4d58-9f0e-010a7c29dd17
2019-07-13 19:32:37,157 INFO  server.RaftServerConfigKeys (ConfUtils.java:logGet(43)) - raft.server.log.statemachine.data.sync.timeout.retry = -1 (default)
2019-07-13 19:32:37,157 INFO  util.JmxRegister (JmxRegister.java:tryRegister(44)) - Successfully registered JMX Bean with object name Ratis:service=RaftServer,group=group-20916974665A,id=6436ec4f-6ee1-4239-bcfd-d559df219ff3
2019-07-13 19:32:37,158 INFO  server.RaftServerConfigKeys (ConfUtils.java:logGet(43)) - raft.server.log.statemachine.data.caching.enabled = true (custom)
2019-07-13 19:32:37,158 INFO  segmented.SegmentedRaftLogWorker (SegmentedRaftLogWorker.java:lambda$new$0(132)) - 3d5abe44-b7dc-4add-9e39-baa48ace47ed-SegmentedRaftLogWorker:Storage Directory /tmp/workdir/hadoop-ozone/integration-test/target/test-dir/MiniOzoneClusterImpl-3061be85-439c-43d1-97d0-5d1f6a9710f4/datanode-4/data/ratis/15cc8938-c9e4-48a5-8625-20916974665a: flushIndex: setUnconditionally 0 -> -1
2019-07-13 19:32:37,158 INFO  server.RaftServerConfigKeys (ConfUtils.java:logGet(43)) - raft.server.snapshot.auto.trigger.enabled = true (custom)
2019-07-13 19:32:37,159 INFO  server.RaftServerConfigKeys (ConfUtils.java:logGet(43)) - raft.server.snapshot.auto.trigger.threshold = 10000 (custom)
2019-07-13 19:32:37,159 INFO  server.RaftServerConfigKeys (ConfUtils.java:logGet(43)) - raft.server.retrycache.expirytime = 600000ms (custom)
2019-07-13 19:32:37,163 INFO  impl.RaftServerImpl (RaftServerImpl.java:start(180)) - 3d5abe44-b7dc-4add-9e39-baa48ace47ed: start group-20916974665A
2019-07-13 19:32:37,164 INFO  impl.RaftServerImpl (RaftServerImpl.java:setRole(171)) - 3d5abe44-b7dc-4add-9e39-baa48ace47ed:group-20916974665A changes role from null to FOLLOWER at term 0 for startAsFollower
2019-07-13 19:32:37,167 INFO  impl.RoleInfo (RoleInfo.java:updateAndGet(143)) - 3d5abe44-b7dc-4add-9e39-baa48ace47ed: start FollowerState
2019-07-13 19:32:37,167 INFO  util.JmxRegister (JmxRegister.java:tryRegister(44)) - Successfully registered JMX Bean with object name Ratis:service=RaftServer,group=group-20916974665A,id=3d5abe44-b7dc-4add-9e39-baa48ace47ed
2019-07-13 19:32:37,184 INFO  pipeline.PipelineStateManager (PipelineStateManager.java:addPipeline(56)) - Created pipeline Pipeline[ Id: 15cc8938-c9e4-48a5-8625-20916974665a, Nodes: 3d5abe44-b7dc-4add-9e39-baa48ace47ed{ip: 192.168.69.122, host: trunk-nightly-fxqsz-774976932, networkLocation: /default-rack, certSerialId: null}35df9edd-f554-4d58-9f0e-010a7c29dd17{ip: 192.168.69.122, host: trunk-nightly-fxqsz-774976932, networkLocation: /default-rack, certSerialId: null}6436ec4f-6ee1-4239-bcfd-d559df219ff3{ip: 192.168.69.122, host: trunk-nightly-fxqsz-774976932, networkLocation: /default-rack, certSerialId: null}, Type:RATIS, Factor:THREE, State:OPEN]
2019-07-13 19:32:37,201 INFO  ozone.MiniOzoneClusterImpl (MiniOzoneClusterImpl.java:lambda$waitForClusterToBeReady$0(142)) - Waiting for cluster to be ready. Got 6 of 7 DN Heartbeats.
2019-07-13 19:32:37,203 INFO  node.SCMNodeManager (SCMNodeManager.java:register(269)) - Registered Data node : a7e1584a-b4a2-4ad1-bf08-329dcef0a6e6{ip: 192.168.69.122, host: trunk-nightly-fxqsz-774976932, networkLocation: /default-rack, certSerialId: null}
2019-07-13 19:32:37,213 INFO  impl.RaftServerProxy (RaftServerProxy.java:addNew(89)) - a7e1584a-b4a2-4ad1-bf08-329dcef0a6e6: addNew group-12FE44222F72:[a7e1584a-b4a2-4ad1-bf08-329dcef0a6e6:192.168.69.122:43380] returns group-12FE44222F72:java.util.concurrent.CompletableFuture@652451b[Not completed]
2019-07-13 19:32:37,214 INFO  impl.RaftServerImpl (RaftServerImpl.java:<init>(93)) - a7e1584a-b4a2-4ad1-bf08-329dcef0a6e6: new RaftServerImpl for group-12FE44222F72:[a7e1584a-b4a2-4ad1-bf08-329dcef0a6e6:192.168.69.122:43380] with ContainerStateMachine:uninitialized
2019-07-13 19:32:37,214 INFO  server.RaftServerConfigKeys (ConfUtils.java:logGet(43)) - raft.server.rpc.timeout.min = 5s (custom)
2019-07-13 19:32:37,214 INFO  server.RaftServerConfigKeys (ConfUtils.java:logGet(43)) - raft.server.rpc.timeout.max = 5200ms (custom)
2019-07-13 19:32:37,215 INFO  server.RaftServerConfigKeys (ConfUtils.java:logGet(43)) - raft.server.rpcslowness.timeout = 120s (custom)
2019-07-13 19:32:37,215 INFO  server.RaftServerConfigKeys (ConfUtils.java:logGet(43)) - raft.server.sleep.deviation.threshold = 300 (default)
2019-07-13 19:32:37,215 INFO  server.RaftServerConfigKeys (ConfUtils.java:logGet(43)) - raft.server.log.appender.install.snapshot.enabled = false (custom)
2019-07-13 19:32:37,215 INFO  impl.RaftServerImpl (ServerState.java:<init>(105)) - a7e1584a-b4a2-4ad1-bf08-329dcef0a6e6:group-12FE44222F72 ConfigurationManager, init=-1: [a7e1584a-b4a2-4ad1-bf08-329dcef0a6e6:192.168.69.122:43380], old=null, confs=<EMPTY_MAP>
2019-07-13 19:32:37,215 INFO  server.RaftServerConfigKeys (ConfUtils.java:logGet(43)) - raft.server.storage.dir = [/tmp/workdir/hadoop-ozone/integration-test/target/test-dir/MiniOzoneClusterImpl-3061be85-439c-43d1-97d0-5d1f6a9710f4/datanode-6/data/ratis] (custom)
2019-07-13 19:32:37,215 INFO  storage.RaftStorageDirectory (RaftStorageDirectory.java:analyzeStorage(246)) - The storage directory /tmp/workdir/hadoop-ozone/integration-test/target/test-dir/MiniOzoneClusterImpl-3061be85-439c-43d1-97d0-5d1f6a9710f4/datanode-6/data/ratis/f1b3d706-1d9a-45ed-8a06-12fe44222f72 does not exist. Creating ...
2019-07-13 19:32:37,229 INFO  storage.RaftStorageDirectory (RaftStorageDirectory.java:tryLock(328)) - Lock on /tmp/workdir/hadoop-ozone/integration-test/target/test-dir/MiniOzoneClusterImpl-3061be85-439c-43d1-97d0-5d1f6a9710f4/datanode-6/data/ratis/f1b3d706-1d9a-45ed-8a06-12fe44222f72/in_use.lock acquired by nodename 18559@trunk-nightly-fxqsz-774976932
2019-07-13 19:32:37,242 INFO  storage.RaftStorage (RaftStorage.java:format(72)) - Storage directory /tmp/workdir/hadoop-ozone/integration-test/target/test-dir/MiniOzoneClusterImpl-3061be85-439c-43d1-97d0-5d1f6a9710f4/datanode-6/data/ratis/f1b3d706-1d9a-45ed-8a06-12fe44222f72 has been successfully formatted.
2019-07-13 19:32:37,242 INFO  ratis.ContainerStateMachine (ContainerStateMachine.java:loadSnapshot(200)) - The snapshot info is null.Setting the last applied index to:(t:0, i:~)
2019-07-13 19:32:37,242 INFO  server.RaftServerConfigKeys (ConfUtils.java:logGet(43)) - raft.server.leader.election.timeout = 120s (custom)
2019-07-13 19:32:37,243 INFO  server.RaftServerConfigKeys (ConfUtils.java:logGet(43)) - raft.server.log.use.memory = false (default)
2019-07-13 19:32:37,243 INFO  server.RaftServerConfigKeys (ConfUtils.java:logGet(43)) - raft.server.log.purge.gap = 1000000000 (custom)
2019-07-13 19:32:37,243 INFO  server.RaftServerConfigKeys (ConfUtils.java:logGet(43)) - raft.server.log.appender.buffer.byte-limit = 33554432 (custom)
2019-07-13 19:32:37,243 INFO  server.RaftServerConfigKeys (ConfUtils.java:logGet(43)) - raft.server.log.segment.size.max = 1048576 (custom)
2019-07-13 19:32:37,243 INFO  server.RaftServerConfigKeys (ConfUtils.java:logGet(43)) - raft.server.log.segment.cache.num.max = 2 (custom)
2019-07-13 19:32:37,243 INFO  segmented.SegmentedRaftLogWorker (SegmentedRaftLogWorker.java:<init>(172)) - new a7e1584a-b4a2-4ad1-bf08-329dcef0a6e6-SegmentedRaftLogWorker:Storage Directory /tmp/workdir/hadoop-ozone/integration-test/target/test-dir/MiniOzoneClusterImpl-3061be85-439c-43d1-97d0-5d1f6a9710f4/datanode-6/data/ratis/f1b3d706-1d9a-45ed-8a06-12fe44222f72 for RaftStorage:Storage Directory /tmp/workdir/hadoop-ozone/integration-test/target/test-dir/MiniOzoneClusterImpl-3061be85-439c-43d1-97d0-5d1f6a9710f4/datanode-6/data/ratis/f1b3d706-1d9a-45ed-8a06-12fe44222f72
2019-07-13 19:32:37,243 INFO  server.RaftServerConfigKeys (ConfUtils.java:logGet(43)) - raft.server.log.queue.byte-limit = 2147483647 (custom)
2019-07-13 19:32:37,244 INFO  server.RaftServerConfigKeys (ConfUtils.java:logGet(43)) - raft.server.log.queue.element-limit = 1024 (custom)
2019-07-13 19:32:37,244 INFO  server.RaftServerConfigKeys (ConfUtils.java:logGet(43)) - raft.server.log.segment.size.max = 1048576 (custom)
2019-07-13 19:32:37,244 INFO  server.RaftServerConfigKeys (ConfUtils.java:logGet(43)) - raft.server.log.preallocated.size = 16384 (custom)
2019-07-13 19:32:37,244 INFO  server.RaftServerConfigKeys (ConfUtils.java:logGet(43)) - raft.server.log.write.buffer.size = 33554432 (custom)
2019-07-13 19:32:37,244 INFO  server.RaftServerConfigKeys (ConfUtils.java:logGet(43)) - raft.server.log.force.sync.num = 128 (default)
2019-07-13 19:32:37,244 INFO  server.RaftServerConfigKeys (ConfUtils.java:logGet(43)) - raft.server.log.statemachine.data.sync = true (default)
2019-07-13 19:32:37,244 INFO  server.RaftServerConfigKeys (ConfUtils.java:logGet(43)) - raft.server.log.statemachine.data.sync.timeout = 10s (default)
2019-07-13 19:32:37,245 INFO  server.RaftServerConfigKeys (ConfUtils.java:logGet(43)) - raft.server.log.statemachine.data.sync.timeout.retry = -1 (default)
2019-07-13 19:32:37,245 INFO  server.RaftServerConfigKeys (ConfUtils.java:logGet(43)) - raft.server.log.statemachine.data.caching.enabled = true (custom)
2019-07-13 19:32:37,245 INFO  segmented.SegmentedRaftLogWorker (SegmentedRaftLogWorker.java:lambda$new$0(132)) - a7e1584a-b4a2-4ad1-bf08-329dcef0a6e6-SegmentedRaftLogWorker:Storage Directory /tmp/workdir/hadoop-ozone/integration-test/target/test-dir/MiniOzoneClusterImpl-3061be85-439c-43d1-97d0-5d1f6a9710f4/datanode-6/data/ratis/f1b3d706-1d9a-45ed-8a06-12fe44222f72: flushIndex: setUnconditionally 0 -> -1
2019-07-13 19:32:37,246 INFO  server.RaftServerConfigKeys (ConfUtils.java:logGet(43)) - raft.server.snapshot.auto.trigger.enabled = true (custom)
2019-07-13 19:32:37,246 INFO  server.RaftServerConfigKeys (ConfUtils.java:logGet(43)) - raft.server.snapshot.auto.trigger.threshold = 10000 (custom)
2019-07-13 19:32:37,246 INFO  server.RaftServerConfigKeys (ConfUtils.java:logGet(43)) - raft.server.retrycache.expirytime = 600000ms (custom)
2019-07-13 19:32:37,246 INFO  impl.RaftServerImpl (RaftServerImpl.java:start(180)) - a7e1584a-b4a2-4ad1-bf08-329dcef0a6e6: start group-12FE44222F72
2019-07-13 19:32:37,246 INFO  impl.RaftServerImpl (RaftServerImpl.java:setRole(171)) - a7e1584a-b4a2-4ad1-bf08-329dcef0a6e6:group-12FE44222F72 changes role from null to FOLLOWER at term 0 for startAsFollower
2019-07-13 19:32:37,246 INFO  impl.RoleInfo (RoleInfo.java:updateAndGet(143)) - a7e1584a-b4a2-4ad1-bf08-329dcef0a6e6: start FollowerState
2019-07-13 19:32:37,247 INFO  util.JmxRegister (JmxRegister.java:tryRegister(44)) - Successfully registered JMX Bean with object name Ratis:service=RaftServer,group=group-12FE44222F72,id=a7e1584a-b4a2-4ad1-bf08-329dcef0a6e6
2019-07-13 19:32:37,250 INFO  pipeline.PipelineStateManager (PipelineStateManager.java:addPipeline(56)) - Created pipeline Pipeline[ Id: f1b3d706-1d9a-45ed-8a06-12fe44222f72, Nodes: a7e1584a-b4a2-4ad1-bf08-329dcef0a6e6{ip: 192.168.69.122, host: trunk-nightly-fxqsz-774976932, networkLocation: /default-rack, certSerialId: null}, Type:RATIS, Factor:ONE, State:OPEN]
2019-07-13 19:32:38,201 INFO  ozone.MiniOzoneClusterImpl (MiniOzoneClusterImpl.java:lambda$waitForClusterToBeReady$0(142)) - Cluster is ready. Got 7 of 7 DN Heartbeats.
2019-07-13 19:32:38,253 INFO  rpc.RpcClient (RpcClient.java:createVolume(287)) - Creating Volume: watchforcommithandlingtest, with jenkins1000 as owner.
2019-07-13 19:32:38,279 INFO  rpc.RpcClient (RpcClient.java:createBucket(424)) - Creating Bucket: watchforcommithandlingtest/watchforcommithandlingtest, with Versioning false and Storage Type set to DISK and Encryption set to false 
2019-07-13 19:32:38,286 INFO  ozone.MiniOzoneClusterImpl (MiniOzoneClusterImpl.java:getStorageContainerLocationClient(241)) - Creating StorageContainerLocationProtocol RPC client with address /0.0.0.0:43254
2019-07-13 19:32:38,341 INFO  client.GrpcClientProtocolClient (GrpcClientProtocolClient.java:onNext(255)) - client-E5022FD2AC71->12ebe1e8-f3b8-43be-a24e-312d113c4afa: receive RaftClientReply:client-E5022FD2AC71->12ebe1e8-f3b8-43be-a24e-312d113c4afa@group-C3563197B04F, cid=38, FAILED org.apache.ratis.protocol.NotLeaderException: Server 12ebe1e8-f3b8-43be-a24e-312d113c4afa is not the leader (null). Request must be sent to leader., logIndex=0, commits[12ebe1e8-f3b8-43be-a24e-312d113c4afa:c-1]
2019-07-13 19:32:38,894 INFO  container.ReplicationManager (ReplicationManager.java:start(155)) - Starting Replication Monitor Thread.
2019-07-13 19:32:38,901 INFO  container.ReplicationManager (ReplicationManager.java:run(207)) - Replication Monitor Thread took 0 milliseconds for processing 1 containers.
2019-07-13 19:32:39,377 INFO  client.GrpcClientProtocolClient (GrpcClientProtocolClient.java:onNext(255)) - client-E5022FD2AC71->3b7fc3d4-38ac-4cbc-ac5c-0a5ecb5eaa58: receive RaftClientReply:client-E5022FD2AC71->3b7fc3d4-38ac-4cbc-ac5c-0a5ecb5eaa58@group-C3563197B04F, cid=38, FAILED org.apache.ratis.protocol.NotLeaderException: Server 3b7fc3d4-38ac-4cbc-ac5c-0a5ecb5eaa58 is not the leader (null). Request must be sent to leader., logIndex=0, commits[3b7fc3d4-38ac-4cbc-ac5c-0a5ecb5eaa58:c-1]
2019-07-13 19:32:40,399 INFO  client.GrpcClientProtocolClient (GrpcClientProtocolClient.java:onNext(255)) - client-E5022FD2AC71->12ebe1e8-f3b8-43be-a24e-312d113c4afa: receive RaftClientReply:client-E5022FD2AC71->12ebe1e8-f3b8-43be-a24e-312d113c4afa@group-C3563197B04F, cid=38, FAILED org.apache.ratis.protocol.NotLeaderException: Server 12ebe1e8-f3b8-43be-a24e-312d113c4afa is not the leader (null). Request must be sent to leader., logIndex=0, commits[12ebe1e8-f3b8-43be-a24e-312d113c4afa:c-1]
2019-07-13 19:32:41,066 INFO  impl.FollowerState (FollowerState.java:run(106)) - 26f66dd9-c91a-486d-a992-f58b07c1a85c:group-F8D704820ED2 changes to CANDIDATE, lastRpcTime:5114, electionTimeout:5114ms
2019-07-13 19:32:41,066 INFO  impl.RoleInfo (RoleInfo.java:shutdownFollowerState(121)) - 26f66dd9-c91a-486d-a992-f58b07c1a85c: shutdown FollowerState
2019-07-13 19:32:41,066 INFO  impl.RaftServerImpl (RaftServerImpl.java:setRole(171)) - 26f66dd9-c91a-486d-a992-f58b07c1a85c:group-F8D704820ED2 changes role from FOLLOWER to CANDIDATE at term 0 for changeToCandidate
2019-07-13 19:32:41,067 INFO  impl.RoleInfo (RoleInfo.java:updateAndGet(143)) - 26f66dd9-c91a-486d-a992-f58b07c1a85c: start LeaderElection
2019-07-13 19:32:41,120 INFO  impl.LeaderElection (LeaderElection.java:askForVotes(181)) - 26f66dd9-c91a-486d-a992-f58b07c1a85c:group-F8D704820ED2:LeaderElection17: begin an election at term 1 for -1: [26f66dd9-c91a-486d-a992-f58b07c1a85c:192.168.69.122:44812], old=null
2019-07-13 19:32:41,120 INFO  impl.RoleInfo (RoleInfo.java:shutdownLeaderElection(134)) - 26f66dd9-c91a-486d-a992-f58b07c1a85c: shutdown LeaderElection
2019-07-13 19:32:41,120 INFO  impl.RaftServerImpl (RaftServerImpl.java:setRole(171)) - 26f66dd9-c91a-486d-a992-f58b07c1a85c:group-F8D704820ED2 changes role from CANDIDATE to LEADER at term 1 for changeToLeader
2019-07-13 19:32:41,121 INFO  impl.RaftServerImpl (ServerState.java:setLeader(263)) - 26f66dd9-c91a-486d-a992-f58b07c1a85c:group-F8D704820ED2 change Leader from null to 26f66dd9-c91a-486d-a992-f58b07c1a85c at term 1 for becomeLeader, leader elected after 5174ms
2019-07-13 19:32:41,121 INFO  server.RaftServerConfigKeys (ConfUtils.java:logGet(43)) - raft.server.staging.catchup.gap = 1000 (default)
2019-07-13 19:32:41,121 INFO  server.RaftServerConfigKeys (ConfUtils.java:logGet(43)) - raft.server.rpc.sleep.time = 25ms (default)
2019-07-13 19:32:41,121 INFO  server.RaftServerConfigKeys (ConfUtils.java:logGet(43)) - raft.server.write.element-limit = 4096 (default)
2019-07-13 19:32:41,121 INFO  server.RaftServerConfigKeys (ConfUtils.java:logGet(43)) - raft.server.watch.timeout = 10s (default)
2019-07-13 19:32:41,122 INFO  server.RaftServerConfigKeys (ConfUtils.java:logGet(43)) - raft.server.watch.timeout.denomination = 1s (default)
2019-07-13 19:32:41,122 INFO  server.RaftServerConfigKeys (ConfUtils.java:logGet(43)) - raft.server.watch.element-limit = 65536 (default)
2019-07-13 19:32:41,122 INFO  impl.RoleInfo (RoleInfo.java:updateAndGet(143)) - 26f66dd9-c91a-486d-a992-f58b07c1a85c: start LeaderState
2019-07-13 19:32:41,122 INFO  segmented.SegmentedRaftLogWorker (SegmentedRaftLogWorker.java:startLogSegment(380)) - 26f66dd9-c91a-486d-a992-f58b07c1a85c-SegmentedRaftLogWorker:Storage Directory /tmp/workdir/hadoop-ozone/integration-test/target/test-dir/MiniOzoneClusterImpl-3061be85-439c-43d1-97d0-5d1f6a9710f4/datanode-0/data/ratis/006122fe-0c2a-494c-a11a-f8d704820ed2: Starting segment from index:0
2019-07-13 19:32:41,123 INFO  impl.RaftServerImpl (ServerState.java:setRaftConf(361)) - 26f66dd9-c91a-486d-a992-f58b07c1a85c:group-F8D704820ED2 set configuration 0: [26f66dd9-c91a-486d-a992-f58b07c1a85c:192.168.69.122:44812], old=null at 0
2019-07-13 19:32:41,160 INFO  segmented.SegmentedRaftLogWorker (SegmentedRaftLogWorker.java:execute(569)) - 26f66dd9-c91a-486d-a992-f58b07c1a85c-SegmentedRaftLogWorker:Storage Directory /tmp/workdir/hadoop-ozone/integration-test/target/test-dir/MiniOzoneClusterImpl-3061be85-439c-43d1-97d0-5d1f6a9710f4/datanode-0/data/ratis/006122fe-0c2a-494c-a11a-f8d704820ed2: created new log segment /tmp/workdir/hadoop-ozone/integration-test/target/test-dir/MiniOzoneClusterImpl-3061be85-439c-43d1-97d0-5d1f6a9710f4/datanode-0/data/ratis/006122fe-0c2a-494c-a11a-f8d704820ed2/current/log_inprogress_0
2019-07-13 19:32:41,176 INFO  impl.FollowerState (FollowerState.java:run(106)) - 3b7fc3d4-38ac-4cbc-ac5c-0a5ecb5eaa58:group-10544F618E43 changes to CANDIDATE, lastRpcTime:5006, electionTimeout:5006ms
2019-07-13 19:32:41,176 INFO  impl.RoleInfo (RoleInfo.java:shutdownFollowerState(121)) - 3b7fc3d4-38ac-4cbc-ac5c-0a5ecb5eaa58: shutdown FollowerState
2019-07-13 19:32:41,176 INFO  impl.RaftServerImpl (RaftServerImpl.java:setRole(171)) - 3b7fc3d4-38ac-4cbc-ac5c-0a5ecb5eaa58:group-10544F618E43 changes role from FOLLOWER to CANDIDATE at term 0 for changeToCandidate
2019-07-13 19:32:41,176 INFO  impl.RoleInfo (RoleInfo.java:updateAndGet(143)) - 3b7fc3d4-38ac-4cbc-ac5c-0a5ecb5eaa58: start LeaderElection
2019-07-13 19:32:41,188 INFO  impl.LeaderElection (LeaderElection.java:askForVotes(181)) - 3b7fc3d4-38ac-4cbc-ac5c-0a5ecb5eaa58:group-10544F618E43:LeaderElection18: begin an election at term 1 for -1: [3b7fc3d4-38ac-4cbc-ac5c-0a5ecb5eaa58:192.168.69.122:34225], old=null
2019-07-13 19:32:41,188 INFO  impl.RoleInfo (RoleInfo.java:shutdownLeaderElection(134)) - 3b7fc3d4-38ac-4cbc-ac5c-0a5ecb5eaa58: shutdown LeaderElection
2019-07-13 19:32:41,189 INFO  impl.RaftServerImpl (RaftServerImpl.java:setRole(171)) - 3b7fc3d4-38ac-4cbc-ac5c-0a5ecb5eaa58:group-10544F618E43 changes role from CANDIDATE to LEADER at term 1 for changeToLeader
2019-07-13 19:32:41,189 INFO  impl.RaftServerImpl (ServerState.java:setLeader(263)) - 3b7fc3d4-38ac-4cbc-ac5c-0a5ecb5eaa58:group-10544F618E43 change Leader from null to 3b7fc3d4-38ac-4cbc-ac5c-0a5ecb5eaa58 at term 1 for becomeLeader, leader elected after 5025ms
2019-07-13 19:32:41,189 INFO  server.RaftServerConfigKeys (ConfUtils.java:logGet(43)) - raft.server.staging.catchup.gap = 1000 (default)
2019-07-13 19:32:41,189 INFO  server.RaftServerConfigKeys (ConfUtils.java:logGet(43)) - raft.server.rpc.sleep.time = 25ms (default)
2019-07-13 19:32:41,189 INFO  server.RaftServerConfigKeys (ConfUtils.java:logGet(43)) - raft.server.write.element-limit = 4096 (default)
2019-07-13 19:32:41,190 INFO  server.RaftServerConfigKeys (ConfUtils.java:logGet(43)) - raft.server.watch.timeout = 10s (default)
2019-07-13 19:32:41,190 INFO  server.RaftServerConfigKeys (ConfUtils.java:logGet(43)) - raft.server.watch.timeout.denomination = 1s (default)
2019-07-13 19:32:41,190 INFO  server.RaftServerConfigKeys (ConfUtils.java:logGet(43)) - raft.server.watch.element-limit = 65536 (default)
2019-07-13 19:32:41,190 INFO  impl.RoleInfo (RoleInfo.java:updateAndGet(143)) - 3b7fc3d4-38ac-4cbc-ac5c-0a5ecb5eaa58: start LeaderState
2019-07-13 19:32:41,191 INFO  segmented.SegmentedRaftLogWorker (SegmentedRaftLogWorker.java:startLogSegment(380)) - 3b7fc3d4-38ac-4cbc-ac5c-0a5ecb5eaa58-SegmentedRaftLogWorker:Storage Directory /tmp/workdir/hadoop-ozone/integration-test/target/test-dir/MiniOzoneClusterImpl-3061be85-439c-43d1-97d0-5d1f6a9710f4/datanode-1/data/ratis/9d9beb28-f1ad-414e-a6ba-10544f618e43: Starting segment from index:0
2019-07-13 19:32:41,191 INFO  impl.RaftServerImpl (ServerState.java:setRaftConf(361)) - 3b7fc3d4-38ac-4cbc-ac5c-0a5ecb5eaa58:group-10544F618E43 set configuration 0: [3b7fc3d4-38ac-4cbc-ac5c-0a5ecb5eaa58:192.168.69.122:34225], old=null at 0
2019-07-13 19:32:41,216 INFO  segmented.SegmentedRaftLogWorker (SegmentedRaftLogWorker.java:execute(569)) - 3b7fc3d4-38ac-4cbc-ac5c-0a5ecb5eaa58-SegmentedRaftLogWorker:Storage Directory /tmp/workdir/hadoop-ozone/integration-test/target/test-dir/MiniOzoneClusterImpl-3061be85-439c-43d1-97d0-5d1f6a9710f4/datanode-1/data/ratis/9d9beb28-f1ad-414e-a6ba-10544f618e43: created new log segment /tmp/workdir/hadoop-ozone/integration-test/target/test-dir/MiniOzoneClusterImpl-3061be85-439c-43d1-97d0-5d1f6a9710f4/datanode-1/data/ratis/9d9beb28-f1ad-414e-a6ba-10544f618e43/current/log_inprogress_0
2019-07-13 19:32:41,406 INFO  impl.FollowerState (FollowerState.java:run(106)) - 12ebe1e8-f3b8-43be-a24e-312d113c4afa:group-DE9F15F15BB1 changes to CANDIDATE, lastRpcTime:5034, electionTimeout:5034ms
2019-07-13 19:32:41,406 INFO  impl.RoleInfo (RoleInfo.java:shutdownFollowerState(121)) - 12ebe1e8-f3b8-43be-a24e-312d113c4afa: shutdown FollowerState
2019-07-13 19:32:41,406 INFO  impl.RaftServerImpl (RaftServerImpl.java:setRole(171)) - 12ebe1e8-f3b8-43be-a24e-312d113c4afa:group-DE9F15F15BB1 changes role from FOLLOWER to CANDIDATE at term 0 for changeToCandidate
2019-07-13 19:32:41,406 INFO  impl.RoleInfo (RoleInfo.java:updateAndGet(143)) - 12ebe1e8-f3b8-43be-a24e-312d113c4afa: start LeaderElection
2019-07-13 19:32:41,428 INFO  client.GrpcClientProtocolClient (GrpcClientProtocolClient.java:onNext(255)) - client-E5022FD2AC71->3b7fc3d4-38ac-4cbc-ac5c-0a5ecb5eaa58: receive RaftClientReply:client-E5022FD2AC71->3b7fc3d4-38ac-4cbc-ac5c-0a5ecb5eaa58@group-C3563197B04F, cid=38, FAILED org.apache.ratis.protocol.NotLeaderException: Server 3b7fc3d4-38ac-4cbc-ac5c-0a5ecb5eaa58 is not the leader (null). Request must be sent to leader., logIndex=0, commits[3b7fc3d4-38ac-4cbc-ac5c-0a5ecb5eaa58:c-1]
2019-07-13 19:32:41,439 INFO  impl.LeaderElection (LeaderElection.java:askForVotes(181)) - 12ebe1e8-f3b8-43be-a24e-312d113c4afa:group-DE9F15F15BB1:LeaderElection19: begin an election at term 1 for -1: [12ebe1e8-f3b8-43be-a24e-312d113c4afa:192.168.69.122:43147], old=null
2019-07-13 19:32:41,440 INFO  impl.RoleInfo (RoleInfo.java:shutdownLeaderElection(134)) - 12ebe1e8-f3b8-43be-a24e-312d113c4afa: shutdown LeaderElection
2019-07-13 19:32:41,444 INFO  impl.RaftServerImpl (RaftServerImpl.java:setRole(171)) - 12ebe1e8-f3b8-43be-a24e-312d113c4afa:group-DE9F15F15BB1 changes role from CANDIDATE to LEADER at term 1 for changeToLeader
2019-07-13 19:32:41,444 INFO  impl.RaftServerImpl (ServerState.java:setLeader(263)) - 12ebe1e8-f3b8-43be-a24e-312d113c4afa:group-DE9F15F15BB1 change Leader from null to 12ebe1e8-f3b8-43be-a24e-312d113c4afa at term 1 for becomeLeader, leader elected after 5076ms
2019-07-13 19:32:41,444 INFO  server.RaftServerConfigKeys (ConfUtils.java:logGet(43)) - raft.server.staging.catchup.gap = 1000 (default)
2019-07-13 19:32:41,444 INFO  server.RaftServerConfigKeys (ConfUtils.java:logGet(43)) - raft.server.rpc.sleep.time = 25ms (default)
2019-07-13 19:32:41,445 INFO  server.RaftServerConfigKeys (ConfUtils.java:logGet(43)) - raft.server.write.element-limit = 4096 (default)
2019-07-13 19:32:41,445 INFO  server.RaftServerConfigKeys (ConfUtils.java:logGet(43)) - raft.server.watch.timeout = 10s (default)
2019-07-13 19:32:41,445 INFO  server.RaftServerConfigKeys (ConfUtils.java:logGet(43)) - raft.server.watch.timeout.denomination = 1s (default)
2019-07-13 19:32:41,445 INFO  server.RaftServerConfigKeys (ConfUtils.java:logGet(43)) - raft.server.watch.element-limit = 65536 (default)
2019-07-13 19:32:41,445 INFO  impl.RoleInfo (RoleInfo.java:updateAndGet(143)) - 12ebe1e8-f3b8-43be-a24e-312d113c4afa: start LeaderState
2019-07-13 19:32:41,446 INFO  segmented.SegmentedRaftLogWorker (SegmentedRaftLogWorker.java:startLogSegment(380)) - 12ebe1e8-f3b8-43be-a24e-312d113c4afa-SegmentedRaftLogWorker:Storage Directory /tmp/workdir/hadoop-ozone/integration-test/target/test-dir/MiniOzoneClusterImpl-3061be85-439c-43d1-97d0-5d1f6a9710f4/datanode-2/data/ratis/84dd02fc-53af-43ef-b8bf-de9f15f15bb1: Starting segment from index:0
2019-07-13 19:32:41,446 INFO  impl.RaftServerImpl (ServerState.java:setRaftConf(361)) - 12ebe1e8-f3b8-43be-a24e-312d113c4afa:group-DE9F15F15BB1 set configuration 0: [12ebe1e8-f3b8-43be-a24e-312d113c4afa:192.168.69.122:43147], old=null at 0
2019-07-13 19:32:41,484 INFO  segmented.SegmentedRaftLogWorker (SegmentedRaftLogWorker.java:execute(569)) - 12ebe1e8-f3b8-43be-a24e-312d113c4afa-SegmentedRaftLogWorker:Storage Directory /tmp/workdir/hadoop-ozone/integration-test/target/test-dir/MiniOzoneClusterImpl-3061be85-439c-43d1-97d0-5d1f6a9710f4/datanode-2/data/ratis/84dd02fc-53af-43ef-b8bf-de9f15f15bb1: created new log segment /tmp/workdir/hadoop-ozone/integration-test/target/test-dir/MiniOzoneClusterImpl-3061be85-439c-43d1-97d0-5d1f6a9710f4/datanode-2/data/ratis/84dd02fc-53af-43ef-b8bf-de9f15f15bb1/current/log_inprogress_0
2019-07-13 19:32:41,519 INFO  impl.FollowerState (FollowerState.java:run(106)) - 3b7fc3d4-38ac-4cbc-ac5c-0a5ecb5eaa58:group-C3563197B04F changes to CANDIDATE, lastRpcTime:5034, electionTimeout:5034ms
2019-07-13 19:32:41,519 INFO  impl.RoleInfo (RoleInfo.java:shutdownFollowerState(121)) - 3b7fc3d4-38ac-4cbc-ac5c-0a5ecb5eaa58: shutdown FollowerState
2019-07-13 19:32:41,519 INFO  impl.RaftServerImpl (RaftServerImpl.java:setRole(171)) - 3b7fc3d4-38ac-4cbc-ac5c-0a5ecb5eaa58:group-C3563197B04F changes role from FOLLOWER to CANDIDATE at term 0 for changeToCandidate
2019-07-13 19:32:41,519 INFO  impl.RoleInfo (RoleInfo.java:updateAndGet(143)) - 3b7fc3d4-38ac-4cbc-ac5c-0a5ecb5eaa58: start LeaderElection
2019-07-13 19:32:41,538 INFO  impl.LeaderElection (LeaderElection.java:askForVotes(181)) - 3b7fc3d4-38ac-4cbc-ac5c-0a5ecb5eaa58:group-C3563197B04F:LeaderElection20: begin an election at term 1 for -1: [3b7fc3d4-38ac-4cbc-ac5c-0a5ecb5eaa58:192.168.69.122:34225, 12ebe1e8-f3b8-43be-a24e-312d113c4afa:192.168.69.122:43147, 26f66dd9-c91a-486d-a992-f58b07c1a85c:192.168.69.122:44812], old=null
2019-07-13 19:32:41,546 INFO  impl.RaftServerImpl (RaftServerImpl.java:setRole(171)) - 12ebe1e8-f3b8-43be-a24e-312d113c4afa:group-C3563197B04F changes role from FOLLOWER to FOLLOWER at term 1 for recognizeCandidate:3b7fc3d4-38ac-4cbc-ac5c-0a5ecb5eaa58
2019-07-13 19:32:41,546 INFO  impl.RoleInfo (RoleInfo.java:shutdownFollowerState(121)) - 12ebe1e8-f3b8-43be-a24e-312d113c4afa: shutdown FollowerState
2019-07-13 19:32:41,551 INFO  impl.FollowerState (FollowerState.java:run(114)) - 12ebe1e8-f3b8-43be-a24e-312d113c4afa: FollowerState was interrupted: java.lang.InterruptedException: sleep interrupted
2019-07-13 19:32:41,551 INFO  impl.RoleInfo (RoleInfo.java:updateAndGet(143)) - 12ebe1e8-f3b8-43be-a24e-312d113c4afa: start FollowerState
2019-07-13 19:32:41,551 INFO  impl.RaftServerImpl (RaftServerImpl.java:setRole(171)) - 26f66dd9-c91a-486d-a992-f58b07c1a85c:group-C3563197B04F changes role from FOLLOWER to FOLLOWER at term 1 for recognizeCandidate:3b7fc3d4-38ac-4cbc-ac5c-0a5ecb5eaa58
2019-07-13 19:32:41,552 INFO  impl.RoleInfo (RoleInfo.java:shutdownFollowerState(121)) - 26f66dd9-c91a-486d-a992-f58b07c1a85c: shutdown FollowerState
2019-07-13 19:32:41,552 INFO  impl.RoleInfo (RoleInfo.java:updateAndGet(143)) - 26f66dd9-c91a-486d-a992-f58b07c1a85c: start FollowerState
2019-07-13 19:32:41,552 INFO  impl.FollowerState (FollowerState.java:run(114)) - 26f66dd9-c91a-486d-a992-f58b07c1a85c: FollowerState was interrupted: java.lang.InterruptedException: sleep interrupted
2019-07-13 19:32:41,567 INFO  impl.LeaderElection (LeaderElection.java:logAndReturn(56)) - 3b7fc3d4-38ac-4cbc-ac5c-0a5ecb5eaa58:group-C3563197B04F:LeaderElection20: Election PASSED; received 1 response(s) [3b7fc3d4-38ac-4cbc-ac5c-0a5ecb5eaa58<-26f66dd9-c91a-486d-a992-f58b07c1a85c#0:OK-t1] and 0 exception(s); 3b7fc3d4-38ac-4cbc-ac5c-0a5ecb5eaa58:t1, leader=null, voted=3b7fc3d4-38ac-4cbc-ac5c-0a5ecb5eaa58, raftlog=3b7fc3d4-38ac-4cbc-ac5c-0a5ecb5eaa58-SegmentedRaftLog:OPENED:c-1,f-1,i0, conf=-1: [3b7fc3d4-38ac-4cbc-ac5c-0a5ecb5eaa58:192.168.69.122:34225, 12ebe1e8-f3b8-43be-a24e-312d113c4afa:192.168.69.122:43147, 26f66dd9-c91a-486d-a992-f58b07c1a85c:192.168.69.122:44812], old=null
2019-07-13 19:32:41,568 INFO  impl.RoleInfo (RoleInfo.java:shutdownLeaderElection(134)) - 3b7fc3d4-38ac-4cbc-ac5c-0a5ecb5eaa58: shutdown LeaderElection
2019-07-13 19:32:41,568 INFO  impl.RaftServerImpl (RaftServerImpl.java:setRole(171)) - 3b7fc3d4-38ac-4cbc-ac5c-0a5ecb5eaa58:group-C3563197B04F changes role from CANDIDATE to LEADER at term 1 for changeToLeader
2019-07-13 19:32:41,573 INFO  impl.RaftServerImpl (ServerState.java:setLeader(263)) - 3b7fc3d4-38ac-4cbc-ac5c-0a5ecb5eaa58:group-C3563197B04F change Leader from null to 3b7fc3d4-38ac-4cbc-ac5c-0a5ecb5eaa58 at term 1 for becomeLeader, leader elected after 5126ms
2019-07-13 19:32:41,573 INFO  server.RaftServerConfigKeys (ConfUtils.java:logGet(43)) - raft.server.staging.catchup.gap = 1000 (default)
2019-07-13 19:32:41,573 INFO  server.RaftServerConfigKeys (ConfUtils.java:logGet(43)) - raft.server.rpc.sleep.time = 25ms (default)
2019-07-13 19:32:41,574 INFO  server.RaftServerConfigKeys (ConfUtils.java:logGet(43)) - raft.server.write.element-limit = 4096 (default)
2019-07-13 19:32:41,574 INFO  server.RaftServerConfigKeys (ConfUtils.java:logGet(43)) - raft.server.watch.timeout = 10s (default)
2019-07-13 19:32:41,574 INFO  server.RaftServerConfigKeys (ConfUtils.java:logGet(43)) - raft.server.watch.timeout.denomination = 1s (default)
2019-07-13 19:32:41,574 INFO  server.RaftServerConfigKeys (ConfUtils.java:logGet(43)) - raft.server.watch.element-limit = 65536 (default)
2019-07-13 19:32:41,575 INFO  server.RaftServerConfigKeys (ConfUtils.java:logGet(43)) - raft.server.log.appender.snapshot.chunk.size.max = 16MB (=16777216) (default)
2019-07-13 19:32:41,575 INFO  server.RaftServerConfigKeys (ConfUtils.java:logGet(43)) - raft.server.log.appender.buffer.byte-limit = 33554432 (custom)
2019-07-13 19:32:41,575 INFO  server.RaftServerConfigKeys (ConfUtils.java:logGet(43)) - raft.server.log.appender.buffer.element-limit = 1 (custom)
2019-07-13 19:32:41,575 INFO  grpc.GrpcConfigKeys$Server (ConfUtils.java:logGet(43)) - raft.grpc.server.leader.outstanding.appends.max = 128 (default)
2019-07-13 19:32:41,576 INFO  server.RaftServerConfigKeys (ConfUtils.java:logGet(43)) - raft.server.rpc.request.timeout = 3000ms (default)
2019-07-13 19:32:41,576 INFO  server.RaftServerConfigKeys (ConfUtils.java:logGet(43)) - raft.server.log.appender.install.snapshot.enabled = false (custom)
2019-07-13 19:32:41,576 INFO  server.RaftServerConfigKeys (ConfUtils.java:logGet(43)) - raft.server.log.appender.snapshot.chunk.size.max = 16MB (=16777216) (default)
2019-07-13 19:32:41,576 INFO  server.RaftServerConfigKeys (ConfUtils.java:logGet(43)) - raft.server.log.appender.buffer.byte-limit = 33554432 (custom)
2019-07-13 19:32:41,576 INFO  server.RaftServerConfigKeys (ConfUtils.java:logGet(43)) - raft.server.log.appender.buffer.element-limit = 1 (custom)
2019-07-13 19:32:41,577 INFO  grpc.GrpcConfigKeys$Server (ConfUtils.java:logGet(43)) - raft.grpc.server.leader.outstanding.appends.max = 128 (default)
2019-07-13 19:32:41,577 INFO  server.RaftServerConfigKeys (ConfUtils.java:logGet(43)) - raft.server.rpc.request.timeout = 3000ms (default)
2019-07-13 19:32:41,577 INFO  server.RaftServerConfigKeys (ConfUtils.java:logGet(43)) - raft.server.log.appender.install.snapshot.enabled = false (custom)
2019-07-13 19:32:41,577 INFO  impl.RoleInfo (RoleInfo.java:updateAndGet(143)) - 3b7fc3d4-38ac-4cbc-ac5c-0a5ecb5eaa58: start LeaderState
2019-07-13 19:32:41,578 INFO  segmented.SegmentedRaftLogWorker (SegmentedRaftLogWorker.java:startLogSegment(380)) - 3b7fc3d4-38ac-4cbc-ac5c-0a5ecb5eaa58-SegmentedRaftLogWorker:Storage Directory /tmp/workdir/hadoop-ozone/integration-test/target/test-dir/MiniOzoneClusterImpl-3061be85-439c-43d1-97d0-5d1f6a9710f4/datanode-1/data/ratis/bbe03c28-5e5f-4d4b-887b-c3563197b04f: Starting segment from index:0
2019-07-13 19:32:41,579 INFO  impl.RaftServerImpl (ServerState.java:setRaftConf(361)) - 3b7fc3d4-38ac-4cbc-ac5c-0a5ecb5eaa58:group-C3563197B04F set configuration 0: [3b7fc3d4-38ac-4cbc-ac5c-0a5ecb5eaa58:192.168.69.122:34225, 12ebe1e8-f3b8-43be-a24e-312d113c4afa:192.168.69.122:43147, 26f66dd9-c91a-486d-a992-f58b07c1a85c:192.168.69.122:44812], old=null at 0
2019-07-13 19:32:41,606 INFO  impl.RaftServerImpl (ServerState.java:setLeader(263)) - 26f66dd9-c91a-486d-a992-f58b07c1a85c:group-C3563197B04F change Leader from null to 3b7fc3d4-38ac-4cbc-ac5c-0a5ecb5eaa58 at term 1 for appendEntries, leader elected after 5159ms
2019-07-13 19:32:41,610 INFO  impl.RaftServerImpl (ServerState.java:setLeader(263)) - 12ebe1e8-f3b8-43be-a24e-312d113c4afa:group-C3563197B04F change Leader from null to 3b7fc3d4-38ac-4cbc-ac5c-0a5ecb5eaa58 at term 1 for appendEntries, leader elected after 5164ms
2019-07-13 19:32:41,612 INFO  segmented.SegmentedRaftLogWorker (SegmentedRaftLogWorker.java:execute(569)) - 3b7fc3d4-38ac-4cbc-ac5c-0a5ecb5eaa58-SegmentedRaftLogWorker:Storage Directory /tmp/workdir/hadoop-ozone/integration-test/target/test-dir/MiniOzoneClusterImpl-3061be85-439c-43d1-97d0-5d1f6a9710f4/datanode-1/data/ratis/bbe03c28-5e5f-4d4b-887b-c3563197b04f: created new log segment /tmp/workdir/hadoop-ozone/integration-test/target/test-dir/MiniOzoneClusterImpl-3061be85-439c-43d1-97d0-5d1f6a9710f4/datanode-1/data/ratis/bbe03c28-5e5f-4d4b-887b-c3563197b04f/current/log_inprogress_0
2019-07-13 19:32:41,614 INFO  impl.RaftServerImpl (ServerState.java:setRaftConf(361)) - 26f66dd9-c91a-486d-a992-f58b07c1a85c:group-C3563197B04F set configuration 0: [3b7fc3d4-38ac-4cbc-ac5c-0a5ecb5eaa58:192.168.69.122:34225, 12ebe1e8-f3b8-43be-a24e-312d113c4afa:192.168.69.122:43147, 26f66dd9-c91a-486d-a992-f58b07c1a85c:192.168.69.122:44812], old=null at 0
2019-07-13 19:32:41,614 INFO  impl.RaftServerImpl (ServerState.java:setRaftConf(361)) - 12ebe1e8-f3b8-43be-a24e-312d113c4afa:group-C3563197B04F set configuration 0: [3b7fc3d4-38ac-4cbc-ac5c-0a5ecb5eaa58:192.168.69.122:34225, 12ebe1e8-f3b8-43be-a24e-312d113c4afa:192.168.69.122:43147, 26f66dd9-c91a-486d-a992-f58b07c1a85c:192.168.69.122:44812], old=null at 0
2019-07-13 19:32:41,614 INFO  segmented.SegmentedRaftLogWorker (SegmentedRaftLogWorker.java:startLogSegment(380)) - 26f66dd9-c91a-486d-a992-f58b07c1a85c-SegmentedRaftLogWorker:Storage Directory /tmp/workdir/hadoop-ozone/integration-test/target/test-dir/MiniOzoneClusterImpl-3061be85-439c-43d1-97d0-5d1f6a9710f4/datanode-0/data/ratis/bbe03c28-5e5f-4d4b-887b-c3563197b04f: Starting segment from index:0
2019-07-13 19:32:41,614 INFO  segmented.SegmentedRaftLogWorker (SegmentedRaftLogWorker.java:startLogSegment(380)) - 12ebe1e8-f3b8-43be-a24e-312d113c4afa-SegmentedRaftLogWorker:Storage Directory /tmp/workdir/hadoop-ozone/integration-test/target/test-dir/MiniOzoneClusterImpl-3061be85-439c-43d1-97d0-5d1f6a9710f4/datanode-2/data/ratis/bbe03c28-5e5f-4d4b-887b-c3563197b04f: Starting segment from index:0
2019-07-13 19:32:41,646 INFO  segmented.SegmentedRaftLogWorker (SegmentedRaftLogWorker.java:execute(569)) - 26f66dd9-c91a-486d-a992-f58b07c1a85c-SegmentedRaftLogWorker:Storage Directory /tmp/workdir/hadoop-ozone/integration-test/target/test-dir/MiniOzoneClusterImpl-3061be85-439c-43d1-97d0-5d1f6a9710f4/datanode-0/data/ratis/bbe03c28-5e5f-4d4b-887b-c3563197b04f: created new log segment /tmp/workdir/hadoop-ozone/integration-test/target/test-dir/MiniOzoneClusterImpl-3061be85-439c-43d1-97d0-5d1f6a9710f4/datanode-0/data/ratis/bbe03c28-5e5f-4d4b-887b-c3563197b04f/current/log_inprogress_0
2019-07-13 19:32:41,646 INFO  segmented.SegmentedRaftLogWorker (SegmentedRaftLogWorker.java:execute(569)) - 12ebe1e8-f3b8-43be-a24e-312d113c4afa-SegmentedRaftLogWorker:Storage Directory /tmp/workdir/hadoop-ozone/integration-test/target/test-dir/MiniOzoneClusterImpl-3061be85-439c-43d1-97d0-5d1f6a9710f4/datanode-2/data/ratis/bbe03c28-5e5f-4d4b-887b-c3563197b04f: created new log segment /tmp/workdir/hadoop-ozone/integration-test/target/test-dir/MiniOzoneClusterImpl-3061be85-439c-43d1-97d0-5d1f6a9710f4/datanode-2/data/ratis/bbe03c28-5e5f-4d4b-887b-c3563197b04f/current/log_inprogress_0
2019-07-13 19:32:41,718 INFO  impl.FollowerState (FollowerState.java:run(106)) - 6436ec4f-6ee1-4239-bcfd-d559df219ff3:group-6DEE02C02375 changes to CANDIDATE, lastRpcTime:5080, electionTimeout:5080ms
2019-07-13 19:32:41,718 INFO  impl.RoleInfo (RoleInfo.java:shutdownFollowerState(121)) - 6436ec4f-6ee1-4239-bcfd-d559df219ff3: shutdown FollowerState
2019-07-13 19:32:41,718 INFO  impl.RaftServerImpl (RaftServerImpl.java:setRole(171)) - 6436ec4f-6ee1-4239-bcfd-d559df219ff3:group-6DEE02C02375 changes role from FOLLOWER to CANDIDATE at term 0 for changeToCandidate
2019-07-13 19:32:41,718 INFO  impl.RoleInfo (RoleInfo.java:updateAndGet(143)) - 6436ec4f-6ee1-4239-bcfd-d559df219ff3: start LeaderElection
2019-07-13 19:32:41,769 INFO  impl.LeaderElection (LeaderElection.java:askForVotes(181)) - 6436ec4f-6ee1-4239-bcfd-d559df219ff3:group-6DEE02C02375:LeaderElection21: begin an election at term 1 for -1: [6436ec4f-6ee1-4239-bcfd-d559df219ff3:192.168.69.122:33614], old=null
2019-07-13 19:32:41,769 INFO  impl.RoleInfo (RoleInfo.java:shutdownLeaderElection(134)) - 6436ec4f-6ee1-4239-bcfd-d559df219ff3: shutdown LeaderElection
2019-07-13 19:32:41,769 INFO  impl.RaftServerImpl (RaftServerImpl.java:setRole(171)) - 6436ec4f-6ee1-4239-bcfd-d559df219ff3:group-6DEE02C02375 changes role from CANDIDATE to LEADER at term 1 for changeToLeader
2019-07-13 19:32:41,770 INFO  impl.RaftServerImpl (ServerState.java:setLeader(263)) - 6436ec4f-6ee1-4239-bcfd-d559df219ff3:group-6DEE02C02375 change Leader from null to 6436ec4f-6ee1-4239-bcfd-d559df219ff3 at term 1 for becomeLeader, leader elected after 5137ms
2019-07-13 19:32:41,770 INFO  server.RaftServerConfigKeys (ConfUtils.java:logGet(43)) - raft.server.staging.catchup.gap = 1000 (default)
2019-07-13 19:32:41,770 INFO  server.RaftServerConfigKeys (ConfUtils.java:logGet(43)) - raft.server.rpc.sleep.time = 25ms (default)
2019-07-13 19:32:41,770 INFO  server.RaftServerConfigKeys (ConfUtils.java:logGet(43)) - raft.server.write.element-limit = 4096 (default)
2019-07-13 19:32:41,770 INFO  server.RaftServerConfigKeys (ConfUtils.java:logGet(43)) - raft.server.watch.timeout = 10s (default)
2019-07-13 19:32:41,771 INFO  server.RaftServerConfigKeys (ConfUtils.java:logGet(43)) - raft.server.watch.timeout.denomination = 1s (default)
2019-07-13 19:32:41,771 INFO  server.RaftServerConfigKeys (ConfUtils.java:logGet(43)) - raft.server.watch.element-limit = 65536 (default)
2019-07-13 19:32:41,771 INFO  impl.RoleInfo (RoleInfo.java:updateAndGet(143)) - 6436ec4f-6ee1-4239-bcfd-d559df219ff3: start LeaderState
2019-07-13 19:32:41,772 INFO  segmented.SegmentedRaftLogWorker (SegmentedRaftLogWorker.java:startLogSegment(380)) - 6436ec4f-6ee1-4239-bcfd-d559df219ff3-SegmentedRaftLogWorker:Storage Directory /tmp/workdir/hadoop-ozone/integration-test/target/test-dir/MiniOzoneClusterImpl-3061be85-439c-43d1-97d0-5d1f6a9710f4/datanode-3/data/ratis/e075cb10-8848-4709-a515-6dee02c02375: Starting segment from index:0
2019-07-13 19:32:41,772 INFO  impl.RaftServerImpl (ServerState.java:setRaftConf(361)) - 6436ec4f-6ee1-4239-bcfd-d559df219ff3:group-6DEE02C02375 set configuration 0: [6436ec4f-6ee1-4239-bcfd-d559df219ff3:192.168.69.122:33614], old=null at 0
2019-07-13 19:32:41,808 INFO  segmented.SegmentedRaftLogWorker (SegmentedRaftLogWorker.java:execute(569)) - 6436ec4f-6ee1-4239-bcfd-d559df219ff3-SegmentedRaftLogWorker:Storage Directory /tmp/workdir/hadoop-ozone/integration-test/target/test-dir/MiniOzoneClusterImpl-3061be85-439c-43d1-97d0-5d1f6a9710f4/datanode-3/data/ratis/e075cb10-8848-4709-a515-6dee02c02375: created new log segment /tmp/workdir/hadoop-ozone/integration-test/target/test-dir/MiniOzoneClusterImpl-3061be85-439c-43d1-97d0-5d1f6a9710f4/datanode-3/data/ratis/e075cb10-8848-4709-a515-6dee02c02375/current/log_inprogress_0
2019-07-13 19:32:41,853 INFO  impl.FollowerState (FollowerState.java:run(106)) - 3d5abe44-b7dc-4add-9e39-baa48ace47ed:group-81B12E512A26 changes to CANDIDATE, lastRpcTime:5009, electionTimeout:5009ms
2019-07-13 19:32:41,853 INFO  impl.RoleInfo (RoleInfo.java:shutdownFollowerState(121)) - 3d5abe44-b7dc-4add-9e39-baa48ace47ed: shutdown FollowerState
2019-07-13 19:32:41,853 INFO  impl.RaftServerImpl (RaftServerImpl.java:setRole(171)) - 3d5abe44-b7dc-4add-9e39-baa48ace47ed:group-81B12E512A26 changes role from FOLLOWER to CANDIDATE at term 0 for changeToCandidate
2019-07-13 19:32:41,854 INFO  impl.RoleInfo (RoleInfo.java:updateAndGet(143)) - 3d5abe44-b7dc-4add-9e39-baa48ace47ed: start LeaderElection
2019-07-13 19:32:41,872 INFO  impl.LeaderElection (LeaderElection.java:askForVotes(181)) - 3d5abe44-b7dc-4add-9e39-baa48ace47ed:group-81B12E512A26:LeaderElection22: begin an election at term 1 for -1: [3d5abe44-b7dc-4add-9e39-baa48ace47ed:192.168.69.122:33953], old=null
2019-07-13 19:32:41,872 INFO  impl.RoleInfo (RoleInfo.java:shutdownLeaderElection(134)) - 3d5abe44-b7dc-4add-9e39-baa48ace47ed: shutdown LeaderElection
2019-07-13 19:32:41,872 INFO  impl.RaftServerImpl (RaftServerImpl.java:setRole(171)) - 3d5abe44-b7dc-4add-9e39-baa48ace47ed:group-81B12E512A26 changes role from CANDIDATE to LEADER at term 1 for changeToLeader
2019-07-13 19:32:41,872 INFO  impl.RaftServerImpl (ServerState.java:setLeader(263)) - 3d5abe44-b7dc-4add-9e39-baa48ace47ed:group-81B12E512A26 change Leader from null to 3d5abe44-b7dc-4add-9e39-baa48ace47ed at term 1 for becomeLeader, leader elected after 5034ms
2019-07-13 19:32:41,872 INFO  server.RaftServerConfigKeys (ConfUtils.java:logGet(43)) - raft.server.staging.catchup.gap = 1000 (default)
2019-07-13 19:32:41,873 INFO  server.RaftServerConfigKeys (ConfUtils.java:logGet(43)) - raft.server.rpc.sleep.time = 25ms (default)
2019-07-13 19:32:41,873 INFO  server.RaftServerConfigKeys (ConfUtils.java:logGet(43)) - raft.server.write.element-limit = 4096 (default)
2019-07-13 19:32:41,873 INFO  server.RaftServerConfigKeys (ConfUtils.java:logGet(43)) - raft.server.watch.timeout = 10s (default)
2019-07-13 19:32:41,873 INFO  server.RaftServerConfigKeys (ConfUtils.java:logGet(43)) - raft.server.watch.timeout.denomination = 1s (default)
2019-07-13 19:32:41,873 INFO  server.RaftServerConfigKeys (ConfUtils.java:logGet(43)) - raft.server.watch.element-limit = 65536 (default)
2019-07-13 19:32:41,874 INFO  impl.RoleInfo (RoleInfo.java:updateAndGet(143)) - 3d5abe44-b7dc-4add-9e39-baa48ace47ed: start LeaderState
2019-07-13 19:32:41,874 INFO  segmented.SegmentedRaftLogWorker (SegmentedRaftLogWorker.java:startLogSegment(380)) - 3d5abe44-b7dc-4add-9e39-baa48ace47ed-SegmentedRaftLogWorker:Storage Directory /tmp/workdir/hadoop-ozone/integration-test/target/test-dir/MiniOzoneClusterImpl-3061be85-439c-43d1-97d0-5d1f6a9710f4/datanode-4/data/ratis/476bf535-e8c5-48ef-9670-81b12e512a26: Starting segment from index:0
2019-07-13 19:32:41,875 INFO  impl.RaftServerImpl (ServerState.java:setRaftConf(361)) - 3d5abe44-b7dc-4add-9e39-baa48ace47ed:group-81B12E512A26 set configuration 0: [3d5abe44-b7dc-4add-9e39-baa48ace47ed:192.168.69.122:33953], old=null at 0
2019-07-13 19:32:41,911 INFO  segmented.SegmentedRaftLogWorker (SegmentedRaftLogWorker.java:execute(569)) - 3d5abe44-b7dc-4add-9e39-baa48ace47ed-SegmentedRaftLogWorker:Storage Directory /tmp/workdir/hadoop-ozone/integration-test/target/test-dir/MiniOzoneClusterImpl-3061be85-439c-43d1-97d0-5d1f6a9710f4/datanode-4/data/ratis/476bf535-e8c5-48ef-9670-81b12e512a26: created new log segment /tmp/workdir/hadoop-ozone/integration-test/target/test-dir/MiniOzoneClusterImpl-3061be85-439c-43d1-97d0-5d1f6a9710f4/datanode-4/data/ratis/476bf535-e8c5-48ef-9670-81b12e512a26/current/log_inprogress_0
2019-07-13 19:32:42,189 INFO  impl.FollowerState (FollowerState.java:run(106)) - 35df9edd-f554-4d58-9f0e-010a7c29dd17:group-1D52B3E0205E changes to CANDIDATE, lastRpcTime:5103, electionTimeout:5103ms
2019-07-13 19:32:42,189 INFO  impl.RoleInfo (RoleInfo.java:shutdownFollowerState(121)) - 35df9edd-f554-4d58-9f0e-010a7c29dd17: shutdown FollowerState
2019-07-13 19:32:42,189 INFO  impl.RaftServerImpl (RaftServerImpl.java:setRole(171)) - 35df9edd-f554-4d58-9f0e-010a7c29dd17:group-1D52B3E0205E changes role from FOLLOWER to CANDIDATE at term 0 for changeToCandidate
2019-07-13 19:32:42,189 INFO  impl.RoleInfo (RoleInfo.java:updateAndGet(143)) - 35df9edd-f554-4d58-9f0e-010a7c29dd17: start LeaderElection
2019-07-13 19:32:42,199 INFO  impl.FollowerState (FollowerState.java:run(106)) - 3d5abe44-b7dc-4add-9e39-baa48ace47ed:group-20916974665A changes to CANDIDATE, lastRpcTime:5032, electionTimeout:5032ms
2019-07-13 19:32:42,200 INFO  impl.RoleInfo (RoleInfo.java:shutdownFollowerState(121)) - 3d5abe44-b7dc-4add-9e39-baa48ace47ed: shutdown FollowerState
2019-07-13 19:32:42,200 INFO  impl.RaftServerImpl (RaftServerImpl.java:setRole(171)) - 3d5abe44-b7dc-4add-9e39-baa48ace47ed:group-20916974665A changes role from FOLLOWER to CANDIDATE at term 0 for changeToCandidate
2019-07-13 19:32:42,200 INFO  impl.RoleInfo (RoleInfo.java:updateAndGet(143)) - 3d5abe44-b7dc-4add-9e39-baa48ace47ed: start LeaderElection
2019-07-13 19:32:42,209 INFO  impl.LeaderElection (LeaderElection.java:askForVotes(181)) - 35df9edd-f554-4d58-9f0e-010a7c29dd17:group-1D52B3E0205E:LeaderElection23: begin an election at term 1 for -1: [35df9edd-f554-4d58-9f0e-010a7c29dd17:192.168.69.122:46213], old=null
2019-07-13 19:32:42,209 INFO  impl.LeaderElection (LeaderElection.java:askForVotes(181)) - 3d5abe44-b7dc-4add-9e39-baa48ace47ed:group-20916974665A:LeaderElection24: begin an election at term 1 for -1: [35df9edd-f554-4d58-9f0e-010a7c29dd17:192.168.69.122:46213, 3d5abe44-b7dc-4add-9e39-baa48ace47ed:192.168.69.122:33953, 6436ec4f-6ee1-4239-bcfd-d559df219ff3:192.168.69.122:33614], old=null
2019-07-13 19:32:42,209 INFO  impl.RoleInfo (RoleInfo.java:shutdownLeaderElection(134)) - 35df9edd-f554-4d58-9f0e-010a7c29dd17: shutdown LeaderElection
2019-07-13 19:32:42,209 INFO  impl.RaftServerImpl (RaftServerImpl.java:setRole(171)) - 35df9edd-f554-4d58-9f0e-010a7c29dd17:group-1D52B3E0205E changes role from CANDIDATE to LEADER at term 1 for changeToLeader
2019-07-13 19:32:42,209 INFO  impl.RaftServerImpl (ServerState.java:setLeader(263)) - 35df9edd-f554-4d58-9f0e-010a7c29dd17:group-1D52B3E0205E change Leader from null to 35df9edd-f554-4d58-9f0e-010a7c29dd17 at term 1 for becomeLeader, leader elected after 5128ms
2019-07-13 19:32:42,209 INFO  server.RaftServerConfigKeys (ConfUtils.java:logGet(43)) - raft.server.staging.catchup.gap = 1000 (default)
2019-07-13 19:32:42,210 INFO  server.RaftServerConfigKeys (ConfUtils.java:logGet(43)) - raft.server.rpc.sleep.time = 25ms (default)
2019-07-13 19:32:42,210 INFO  server.RaftServerConfigKeys (ConfUtils.java:logGet(43)) - raft.server.write.element-limit = 4096 (default)
2019-07-13 19:32:42,210 INFO  server.RaftServerConfigKeys (ConfUtils.java:logGet(43)) - raft.server.watch.timeout = 10s (default)
2019-07-13 19:32:42,210 INFO  server.RaftServerConfigKeys (ConfUtils.java:logGet(43)) - raft.server.watch.timeout.denomination = 1s (default)
2019-07-13 19:32:42,210 INFO  server.RaftServerConfigKeys (ConfUtils.java:logGet(43)) - raft.server.watch.element-limit = 65536 (default)
2019-07-13 19:32:42,211 INFO  impl.RoleInfo (RoleInfo.java:updateAndGet(143)) - 35df9edd-f554-4d58-9f0e-010a7c29dd17: start LeaderState
2019-07-13 19:32:42,211 INFO  segmented.SegmentedRaftLogWorker (SegmentedRaftLogWorker.java:startLogSegment(380)) - 35df9edd-f554-4d58-9f0e-010a7c29dd17-SegmentedRaftLogWorker:Storage Directory /tmp/workdir/hadoop-ozone/integration-test/target/test-dir/MiniOzoneClusterImpl-3061be85-439c-43d1-97d0-5d1f6a9710f4/datanode-5/data/ratis/302978ae-ef28-4ec1-993b-1d52b3e0205e: Starting segment from index:0
2019-07-13 19:32:42,211 INFO  impl.RaftServerImpl (ServerState.java:setRaftConf(361)) - 35df9edd-f554-4d58-9f0e-010a7c29dd17:group-1D52B3E0205E set configuration 0: [35df9edd-f554-4d58-9f0e-010a7c29dd17:192.168.69.122:46213], old=null at 0
2019-07-13 19:32:42,234 INFO  impl.FollowerState (FollowerState.java:run(106)) - 6436ec4f-6ee1-4239-bcfd-d559df219ff3:group-20916974665A changes to CANDIDATE, lastRpcTime:5078, electionTimeout:5077ms
2019-07-13 19:32:42,234 INFO  impl.RoleInfo (RoleInfo.java:shutdownFollowerState(121)) - 6436ec4f-6ee1-4239-bcfd-d559df219ff3: shutdown FollowerState
2019-07-13 19:32:42,234 INFO  impl.RaftServerImpl (RaftServerImpl.java:setRole(171)) - 6436ec4f-6ee1-4239-bcfd-d559df219ff3:group-20916974665A changes role from FOLLOWER to CANDIDATE at term 0 for changeToCandidate
2019-07-13 19:32:42,235 INFO  impl.RoleInfo (RoleInfo.java:updateAndGet(143)) - 6436ec4f-6ee1-4239-bcfd-d559df219ff3: start LeaderElection
2019-07-13 19:32:42,239 INFO  segmented.SegmentedRaftLogWorker (SegmentedRaftLogWorker.java:execute(569)) - 35df9edd-f554-4d58-9f0e-010a7c29dd17-SegmentedRaftLogWorker:Storage Directory /tmp/workdir/hadoop-ozone/integration-test/target/test-dir/MiniOzoneClusterImpl-3061be85-439c-43d1-97d0-5d1f6a9710f4/datanode-5/data/ratis/302978ae-ef28-4ec1-993b-1d52b3e0205e: created new log segment /tmp/workdir/hadoop-ozone/integration-test/target/test-dir/MiniOzoneClusterImpl-3061be85-439c-43d1-97d0-5d1f6a9710f4/datanode-5/data/ratis/302978ae-ef28-4ec1-993b-1d52b3e0205e/current/log_inprogress_0
2019-07-13 19:32:42,243 INFO  impl.RaftServerImpl (RaftServerImpl.java:setRole(171)) - 35df9edd-f554-4d58-9f0e-010a7c29dd17:group-20916974665A changes role from FOLLOWER to FOLLOWER at term 1 for recognizeCandidate:3d5abe44-b7dc-4add-9e39-baa48ace47ed
2019-07-13 19:32:42,243 INFO  impl.RoleInfo (RoleInfo.java:shutdownFollowerState(121)) - 35df9edd-f554-4d58-9f0e-010a7c29dd17: shutdown FollowerState
2019-07-13 19:32:42,243 INFO  impl.FollowerState (FollowerState.java:run(114)) - 35df9edd-f554-4d58-9f0e-010a7c29dd17: FollowerState was interrupted: java.lang.InterruptedException: sleep interrupted
2019-07-13 19:32:42,243 INFO  impl.RoleInfo (RoleInfo.java:updateAndGet(143)) - 35df9edd-f554-4d58-9f0e-010a7c29dd17: start FollowerState
2019-07-13 19:32:42,244 INFO  impl.LeaderElection (LeaderElection.java:askForVotes(181)) - 6436ec4f-6ee1-4239-bcfd-d559df219ff3:group-20916974665A:LeaderElection25: begin an election at term 1 for -1: [35df9edd-f554-4d58-9f0e-010a7c29dd17:192.168.69.122:46213, 3d5abe44-b7dc-4add-9e39-baa48ace47ed:192.168.69.122:33953, 6436ec4f-6ee1-4239-bcfd-d559df219ff3:192.168.69.122:33614], old=null
2019-07-13 19:32:42,253 INFO  impl.LeaderElection (LeaderElection.java:logAndReturn(56)) - 3d5abe44-b7dc-4add-9e39-baa48ace47ed:group-20916974665A:LeaderElection24: Election PASSED; received 2 response(s) [3d5abe44-b7dc-4add-9e39-baa48ace47ed<-35df9edd-f554-4d58-9f0e-010a7c29dd17#0:OK-t1, 3d5abe44-b7dc-4add-9e39-baa48ace47ed<-6436ec4f-6ee1-4239-bcfd-d559df219ff3#0:FAIL-t1] and 0 exception(s); 3d5abe44-b7dc-4add-9e39-baa48ace47ed:t1, leader=null, voted=3d5abe44-b7dc-4add-9e39-baa48ace47ed, raftlog=3d5abe44-b7dc-4add-9e39-baa48ace47ed-SegmentedRaftLog:OPENED:c-1,f-1,i0, conf=-1: [35df9edd-f554-4d58-9f0e-010a7c29dd17:192.168.69.122:46213, 3d5abe44-b7dc-4add-9e39-baa48ace47ed:192.168.69.122:33953, 6436ec4f-6ee1-4239-bcfd-d559df219ff3:192.168.69.122:33614], old=null
2019-07-13 19:32:42,264 INFO  impl.RoleInfo (RoleInfo.java:shutdownLeaderElection(134)) - 3d5abe44-b7dc-4add-9e39-baa48ace47ed: shutdown LeaderElection
2019-07-13 19:32:42,264 INFO  impl.RaftServerImpl (RaftServerImpl.java:setRole(171)) - 3d5abe44-b7dc-4add-9e39-baa48ace47ed:group-20916974665A changes role from CANDIDATE to LEADER at term 1 for changeToLeader
2019-07-13 19:32:42,265 INFO  impl.RaftServerImpl (ServerState.java:setLeader(263)) - 3d5abe44-b7dc-4add-9e39-baa48ace47ed:group-20916974665A change Leader from null to 3d5abe44-b7dc-4add-9e39-baa48ace47ed at term 1 for becomeLeader, leader elected after 5118ms
2019-07-13 19:32:42,265 INFO  server.RaftServerConfigKeys (ConfUtils.java:logGet(43)) - raft.server.staging.catchup.gap = 1000 (default)
2019-07-13 19:32:42,265 INFO  server.RaftServerConfigKeys (ConfUtils.java:logGet(43)) - raft.server.rpc.sleep.time = 25ms (default)
2019-07-13 19:32:42,265 INFO  server.RaftServerConfigKeys (ConfUtils.java:logGet(43)) - raft.server.write.element-limit = 4096 (default)
2019-07-13 19:32:42,265 INFO  server.RaftServerConfigKeys (ConfUtils.java:logGet(43)) - raft.server.watch.timeout = 10s (default)
2019-07-13 19:32:42,266 INFO  server.RaftServerConfigKeys (ConfUtils.java:logGet(43)) - raft.server.watch.timeout.denomination = 1s (default)
2019-07-13 19:32:42,266 INFO  server.RaftServerConfigKeys (ConfUtils.java:logGet(43)) - raft.server.watch.element-limit = 65536 (default)
2019-07-13 19:32:42,266 INFO  impl.LeaderElection (LeaderElection.java:logAndReturn(56)) - 6436ec4f-6ee1-4239-bcfd-d559df219ff3:group-20916974665A:LeaderElection25: Election REJECTED; received 2 response(s) [6436ec4f-6ee1-4239-bcfd-d559df219ff3<-35df9edd-f554-4d58-9f0e-010a7c29dd17#0:FAIL-t1, 6436ec4f-6ee1-4239-bcfd-d559df219ff3<-3d5abe44-b7dc-4add-9e39-baa48ace47ed#0:FAIL-t1] and 0 exception(s); 6436ec4f-6ee1-4239-bcfd-d559df219ff3:t1, leader=null, voted=6436ec4f-6ee1-4239-bcfd-d559df219ff3, raftlog=6436ec4f-6ee1-4239-bcfd-d559df219ff3-SegmentedRaftLog:OPENED:c-1,f-1,i0, conf=-1: [35df9edd-f554-4d58-9f0e-010a7c29dd17:192.168.69.122:46213, 3d5abe44-b7dc-4add-9e39-baa48ace47ed:192.168.69.122:33953, 6436ec4f-6ee1-4239-bcfd-d559df219ff3:192.168.69.122:33614], old=null
2019-07-13 19:32:42,266 INFO  server.RaftServerConfigKeys (ConfUtils.java:logGet(43)) - raft.server.log.appender.snapshot.chunk.size.max = 16MB (=16777216) (default)
2019-07-13 19:32:42,266 INFO  impl.RaftServerImpl (RaftServerImpl.java:setRole(171)) - 6436ec4f-6ee1-4239-bcfd-d559df219ff3:group-20916974665A changes role from CANDIDATE to FOLLOWER at term 1 for DISCOVERED_A_NEW_TERM
2019-07-13 19:32:42,283 INFO  server.RaftServerConfigKeys (ConfUtils.java:logGet(43)) - raft.server.log.appender.buffer.byte-limit = 33554432 (custom)
2019-07-13 19:32:42,283 INFO  impl.RoleInfo (RoleInfo.java:shutdownLeaderElection(134)) - 6436ec4f-6ee1-4239-bcfd-d559df219ff3: shutdown LeaderElection
2019-07-13 19:32:42,283 INFO  server.RaftServerConfigKeys (ConfUtils.java:logGet(43)) - raft.server.log.appender.buffer.element-limit = 1 (custom)
2019-07-13 19:32:42,284 INFO  impl.RoleInfo (RoleInfo.java:updateAndGet(143)) - 6436ec4f-6ee1-4239-bcfd-d559df219ff3: start FollowerState
2019-07-13 19:32:42,284 INFO  grpc.GrpcConfigKeys$Server (ConfUtils.java:logGet(43)) - raft.grpc.server.leader.outstanding.appends.max = 128 (default)
2019-07-13 19:32:42,284 INFO  server.RaftServerConfigKeys (ConfUtils.java:logGet(43)) - raft.server.rpc.request.timeout = 3000ms (default)
2019-07-13 19:32:42,284 INFO  server.RaftServerConfigKeys (ConfUtils.java:logGet(43)) - raft.server.log.appender.install.snapshot.enabled = false (custom)
2019-07-13 19:32:42,285 INFO  server.RaftServerConfigKeys (ConfUtils.java:logGet(43)) - raft.server.log.appender.snapshot.chunk.size.max = 16MB (=16777216) (default)
2019-07-13 19:32:42,285 INFO  server.RaftServerConfigKeys (ConfUtils.java:logGet(43)) - raft.server.log.appender.buffer.byte-limit = 33554432 (custom)
2019-07-13 19:32:42,285 INFO  server.RaftServerConfigKeys (ConfUtils.java:logGet(43)) - raft.server.log.appender.buffer.element-limit = 1 (custom)
2019-07-13 19:32:42,285 INFO  grpc.GrpcConfigKeys$Server (ConfUtils.java:logGet(43)) - raft.grpc.server.leader.outstanding.appends.max = 128 (default)
2019-07-13 19:32:42,285 INFO  server.RaftServerConfigKeys (ConfUtils.java:logGet(43)) - raft.server.rpc.request.timeout = 3000ms (default)
2019-07-13 19:32:42,286 INFO  server.RaftServerConfigKeys (ConfUtils.java:logGet(43)) - raft.server.log.appender.install.snapshot.enabled = false (custom)
2019-07-13 19:32:42,286 INFO  impl.RoleInfo (RoleInfo.java:updateAndGet(143)) - 3d5abe44-b7dc-4add-9e39-baa48ace47ed: start LeaderState
2019-07-13 19:32:42,286 INFO  segmented.SegmentedRaftLogWorker (SegmentedRaftLogWorker.java:startLogSegment(380)) - 3d5abe44-b7dc-4add-9e39-baa48ace47ed-SegmentedRaftLogWorker:Storage Directory /tmp/workdir/hadoop-ozone/integration-test/target/test-dir/MiniOzoneClusterImpl-3061be85-439c-43d1-97d0-5d1f6a9710f4/datanode-4/data/ratis/15cc8938-c9e4-48a5-8625-20916974665a: Starting segment from index:0
2019-07-13 19:32:42,287 INFO  impl.RaftServerImpl (ServerState.java:setRaftConf(361)) - 3d5abe44-b7dc-4add-9e39-baa48ace47ed:group-20916974665A set configuration 0: [35df9edd-f554-4d58-9f0e-010a7c29dd17:192.168.69.122:46213, 3d5abe44-b7dc-4add-9e39-baa48ace47ed:192.168.69.122:33953, 6436ec4f-6ee1-4239-bcfd-d559df219ff3:192.168.69.122:33614], old=null at 0
2019-07-13 19:32:42,289 INFO  impl.RaftServerImpl (ServerState.java:setLeader(263)) - 35df9edd-f554-4d58-9f0e-010a7c29dd17:group-20916974665A change Leader from null to 3d5abe44-b7dc-4add-9e39-baa48ace47ed at term 1 for appendEntries, leader elected after 5143ms
2019-07-13 19:32:42,289 INFO  impl.RaftServerImpl (ServerState.java:setLeader(263)) - 6436ec4f-6ee1-4239-bcfd-d559df219ff3:group-20916974665A change Leader from null to 3d5abe44-b7dc-4add-9e39-baa48ace47ed at term 1 for appendEntries, leader elected after 5143ms
2019-07-13 19:32:42,317 INFO  impl.RaftServerImpl (ServerState.java:setRaftConf(361)) - 35df9edd-f554-4d58-9f0e-010a7c29dd17:group-20916974665A set configuration 0: [35df9edd-f554-4d58-9f0e-010a7c29dd17:192.168.69.122:46213, 3d5abe44-b7dc-4add-9e39-baa48ace47ed:192.168.69.122:33953, 6436ec4f-6ee1-4239-bcfd-d559df219ff3:192.168.69.122:33614], old=null at 0
2019-07-13 19:32:42,317 INFO  impl.RaftServerImpl (ServerState.java:setRaftConf(361)) - 6436ec4f-6ee1-4239-bcfd-d559df219ff3:group-20916974665A set configuration 0: [35df9edd-f554-4d58-9f0e-010a7c29dd17:192.168.69.122:46213, 3d5abe44-b7dc-4add-9e39-baa48ace47ed:192.168.69.122:33953, 6436ec4f-6ee1-4239-bcfd-d559df219ff3:192.168.69.122:33614], old=null at 0
2019-07-13 19:32:42,317 INFO  segmented.SegmentedRaftLogWorker (SegmentedRaftLogWorker.java:startLogSegment(380)) - 35df9edd-f554-4d58-9f0e-010a7c29dd17-SegmentedRaftLogWorker:Storage Directory /tmp/workdir/hadoop-ozone/integration-test/target/test-dir/MiniOzoneClusterImpl-3061be85-439c-43d1-97d0-5d1f6a9710f4/datanode-5/data/ratis/15cc8938-c9e4-48a5-8625-20916974665a: Starting segment from index:0
2019-07-13 19:32:42,317 INFO  segmented.SegmentedRaftLogWorker (SegmentedRaftLogWorker.java:startLogSegment(380)) - 6436ec4f-6ee1-4239-bcfd-d559df219ff3-SegmentedRaftLogWorker:Storage Directory /tmp/workdir/hadoop-ozone/integration-test/target/test-dir/MiniOzoneClusterImpl-3061be85-439c-43d1-97d0-5d1f6a9710f4/datanode-3/data/ratis/15cc8938-c9e4-48a5-8625-20916974665a: Starting segment from index:0
2019-07-13 19:32:42,330 INFO  segmented.SegmentedRaftLogWorker (SegmentedRaftLogWorker.java:execute(569)) - 3d5abe44-b7dc-4add-9e39-baa48ace47ed-SegmentedRaftLogWorker:Storage Directory /tmp/workdir/hadoop-ozone/integration-test/target/test-dir/MiniOzoneClusterImpl-3061be85-439c-43d1-97d0-5d1f6a9710f4/datanode-4/data/ratis/15cc8938-c9e4-48a5-8625-20916974665a: created new log segment /tmp/workdir/hadoop-ozone/integration-test/target/test-dir/MiniOzoneClusterImpl-3061be85-439c-43d1-97d0-5d1f6a9710f4/datanode-4/data/ratis/15cc8938-c9e4-48a5-8625-20916974665a/current/log_inprogress_0
2019-07-13 19:32:42,343 INFO  segmented.SegmentedRaftLogWorker (SegmentedRaftLogWorker.java:execute(569)) - 6436ec4f-6ee1-4239-bcfd-d559df219ff3-SegmentedRaftLogWorker:Storage Directory /tmp/workdir/hadoop-ozone/integration-test/target/test-dir/MiniOzoneClusterImpl-3061be85-439c-43d1-97d0-5d1f6a9710f4/datanode-3/data/ratis/15cc8938-c9e4-48a5-8625-20916974665a: created new log segment /tmp/workdir/hadoop-ozone/integration-test/target/test-dir/MiniOzoneClusterImpl-3061be85-439c-43d1-97d0-5d1f6a9710f4/datanode-3/data/ratis/15cc8938-c9e4-48a5-8625-20916974665a/current/log_inprogress_0
2019-07-13 19:32:42,343 INFO  segmented.SegmentedRaftLogWorker (SegmentedRaftLogWorker.java:execute(569)) - 35df9edd-f554-4d58-9f0e-010a7c29dd17-SegmentedRaftLogWorker:Storage Directory /tmp/workdir/hadoop-ozone/integration-test/target/test-dir/MiniOzoneClusterImpl-3061be85-439c-43d1-97d0-5d1f6a9710f4/datanode-5/data/ratis/15cc8938-c9e4-48a5-8625-20916974665a: created new log segment /tmp/workdir/hadoop-ozone/integration-test/target/test-dir/MiniOzoneClusterImpl-3061be85-439c-43d1-97d0-5d1f6a9710f4/datanode-5/data/ratis/15cc8938-c9e4-48a5-8625-20916974665a/current/log_inprogress_0
2019-07-13 19:32:42,376 INFO  impl.FollowerState (FollowerState.java:run(106)) - a7e1584a-b4a2-4ad1-bf08-329dcef0a6e6:group-12FE44222F72 changes to CANDIDATE, lastRpcTime:5129, electionTimeout:5129ms
2019-07-13 19:32:42,376 INFO  impl.RoleInfo (RoleInfo.java:shutdownFollowerState(121)) - a7e1584a-b4a2-4ad1-bf08-329dcef0a6e6: shutdown FollowerState
2019-07-13 19:32:42,376 INFO  impl.RaftServerImpl (RaftServerImpl.java:setRole(171)) - a7e1584a-b4a2-4ad1-bf08-329dcef0a6e6:group-12FE44222F72 changes role from FOLLOWER to CANDIDATE at term 0 for changeToCandidate
2019-07-13 19:32:42,376 INFO  impl.RoleInfo (RoleInfo.java:updateAndGet(143)) - a7e1584a-b4a2-4ad1-bf08-329dcef0a6e6: start LeaderElection
2019-07-13 19:32:42,395 INFO  impl.LeaderElection (LeaderElection.java:askForVotes(181)) - a7e1584a-b4a2-4ad1-bf08-329dcef0a6e6:group-12FE44222F72:LeaderElection26: begin an election at term 1 for -1: [a7e1584a-b4a2-4ad1-bf08-329dcef0a6e6:192.168.69.122:43380], old=null
2019-07-13 19:32:42,395 INFO  impl.RoleInfo (RoleInfo.java:shutdownLeaderElection(134)) - a7e1584a-b4a2-4ad1-bf08-329dcef0a6e6: shutdown LeaderElection
2019-07-13 19:32:42,395 INFO  impl.RaftServerImpl (RaftServerImpl.java:setRole(171)) - a7e1584a-b4a2-4ad1-bf08-329dcef0a6e6:group-12FE44222F72 changes role from CANDIDATE to LEADER at term 1 for changeToLeader
2019-07-13 19:32:42,395 INFO  impl.RaftServerImpl (ServerState.java:setLeader(263)) - a7e1584a-b4a2-4ad1-bf08-329dcef0a6e6:group-12FE44222F72 change Leader from null to a7e1584a-b4a2-4ad1-bf08-329dcef0a6e6 at term 1 for becomeLeader, leader elected after 5152ms
2019-07-13 19:32:42,395 INFO  server.RaftServerConfigKeys (ConfUtils.java:logGet(43)) - raft.server.staging.catchup.gap = 1000 (default)
2019-07-13 19:32:42,396 INFO  server.RaftServerConfigKeys (ConfUtils.java:logGet(43)) - raft.server.rpc.sleep.time = 25ms (default)
2019-07-13 19:32:42,396 INFO  server.RaftServerConfigKeys (ConfUtils.java:logGet(43)) - raft.server.write.element-limit = 4096 (default)
2019-07-13 19:32:42,396 INFO  server.RaftServerConfigKeys (ConfUtils.java:logGet(43)) - raft.server.watch.timeout = 10s (default)
2019-07-13 19:32:42,396 INFO  server.RaftServerConfigKeys (ConfUtils.java:logGet(43)) - raft.server.watch.timeout.denomination = 1s (default)
2019-07-13 19:32:42,396 INFO  server.RaftServerConfigKeys (ConfUtils.java:logGet(43)) - raft.server.watch.element-limit = 65536 (default)
2019-07-13 19:32:42,397 INFO  impl.RoleInfo (RoleInfo.java:updateAndGet(143)) - a7e1584a-b4a2-4ad1-bf08-329dcef0a6e6: start LeaderState
2019-07-13 19:32:42,397 INFO  segmented.SegmentedRaftLogWorker (SegmentedRaftLogWorker.java:startLogSegment(380)) - a7e1584a-b4a2-4ad1-bf08-329dcef0a6e6-SegmentedRaftLogWorker:Storage Directory /tmp/workdir/hadoop-ozone/integration-test/target/test-dir/MiniOzoneClusterImpl-3061be85-439c-43d1-97d0-5d1f6a9710f4/datanode-6/data/ratis/f1b3d706-1d9a-45ed-8a06-12fe44222f72: Starting segment from index:0
2019-07-13 19:32:42,398 INFO  impl.RaftServerImpl (ServerState.java:setRaftConf(361)) - a7e1584a-b4a2-4ad1-bf08-329dcef0a6e6:group-12FE44222F72 set configuration 0: [a7e1584a-b4a2-4ad1-bf08-329dcef0a6e6:192.168.69.122:43380], old=null at 0
2019-07-13 19:32:42,432 INFO  segmented.SegmentedRaftLogWorker (SegmentedRaftLogWorker.java:execute(569)) - a7e1584a-b4a2-4ad1-bf08-329dcef0a6e6-SegmentedRaftLogWorker:Storage Directory /tmp/workdir/hadoop-ozone/integration-test/target/test-dir/MiniOzoneClusterImpl-3061be85-439c-43d1-97d0-5d1f6a9710f4/datanode-6/data/ratis/f1b3d706-1d9a-45ed-8a06-12fe44222f72: created new log segment /tmp/workdir/hadoop-ozone/integration-test/target/test-dir/MiniOzoneClusterImpl-3061be85-439c-43d1-97d0-5d1f6a9710f4/datanode-6/data/ratis/f1b3d706-1d9a-45ed-8a06-12fe44222f72/current/log_inprogress_0
2019-07-13 19:32:42,453 INFO  client.GrpcClientProtocolClient (GrpcClientProtocolClient.java:onNext(255)) - client-E5022FD2AC71->12ebe1e8-f3b8-43be-a24e-312d113c4afa: receive RaftClientReply:client-E5022FD2AC71->12ebe1e8-f3b8-43be-a24e-312d113c4afa@group-C3563197B04F, cid=38, FAILED org.apache.ratis.protocol.NotLeaderException: Server 12ebe1e8-f3b8-43be-a24e-312d113c4afa is not the leader (3b7fc3d4-38ac-4cbc-ac5c-0a5ecb5eaa58:192.168.69.122:34225). Request must be sent to leader., logIndex=0, commits[12ebe1e8-f3b8-43be-a24e-312d113c4afa:c-1, 3b7fc3d4-38ac-4cbc-ac5c-0a5ecb5eaa58:c-1, 26f66dd9-c91a-486d-a992-f58b07c1a85c:c-1]
2019-07-13 19:32:42,749 INFO  client.GrpcClientProtocolClient (GrpcClientProtocolClient.java:onNext(255)) - client-E5022FD2AC71->3b7fc3d4-38ac-4cbc-ac5c-0a5ecb5eaa58: receive RaftClientReply:client-E5022FD2AC71->3b7fc3d4-38ac-4cbc-ac5c-0a5ecb5eaa58@group-C3563197B04F, cid=38, SUCCESS, logIndex=1, commits[3b7fc3d4-38ac-4cbc-ac5c-0a5ecb5eaa58:c2, 12ebe1e8-f3b8-43be-a24e-312d113c4afa:c1, 26f66dd9-c91a-486d-a992-f58b07c1a85c:c1]
2019-07-13 19:32:42,757 INFO  datanode.ObjectStoreHandler (ObjectStoreHandler.java:close(155)) - Closing ObjectStoreHandler.
2019-07-13 19:32:42,758 INFO  ozone.HddsDatanodeService (HddsDatanodeService.java:stop(452)) - Stopped plug-in org.apache.hadoop.ozone.web.OzoneHddsDatanodeService@67b8d45
2019-07-13 19:32:43,696 INFO  statemachine.DatanodeStateMachine (DatanodeStateMachine.java:lambda$startDaemon$0(350)) - Ozone container server started.
2019-07-13 19:32:47,762 INFO  ozoneimpl.OzoneContainer (OzoneContainer.java:stop(199)) - Attempting to stop container services.
2019-07-13 19:32:47,763 INFO  impl.RaftServerProxy (RaftServerProxy.java:lambda$close$4(314)) - 12ebe1e8-f3b8-43be-a24e-312d113c4afa: close
2019-07-13 19:32:47,765 INFO  impl.RaftServerImpl (RaftServerImpl.java:lambda$shutdown$3(245)) - 12ebe1e8-f3b8-43be-a24e-312d113c4afa: shutdown group-DE9F15F15BB1
2019-07-13 19:32:47,765 INFO  impl.RaftServerImpl (RaftServerImpl.java:lambda$shutdown$3(245)) - 12ebe1e8-f3b8-43be-a24e-312d113c4afa: shutdown group-C3563197B04F
2019-07-13 19:32:47,765 INFO  util.JmxRegister (JmxRegister.java:unregister(73)) - Successfully un-registered JMX Bean with object name Ratis:service=RaftServer,group=group-DE9F15F15BB1,id=12ebe1e8-f3b8-43be-a24e-312d113c4afa
2019-07-13 19:32:47,766 INFO  util.JmxRegister (JmxRegister.java:unregister(73)) - Successfully un-registered JMX Bean with object name Ratis:service=RaftServer,group=group-C3563197B04F,id=12ebe1e8-f3b8-43be-a24e-312d113c4afa
2019-07-13 19:32:47,766 INFO  impl.RoleInfo (RoleInfo.java:shutdownLeaderState(104)) - 12ebe1e8-f3b8-43be-a24e-312d113c4afa: shutdown LeaderState
2019-07-13 19:32:47,766 INFO  impl.RoleInfo (RoleInfo.java:shutdownFollowerState(121)) - 12ebe1e8-f3b8-43be-a24e-312d113c4afa: shutdown FollowerState
2019-07-13 19:32:47,767 INFO  impl.StateMachineUpdater (StateMachineUpdater.java:stopAndJoin(115)) - StateMachineUpdater:12ebe1e8-f3b8-43be-a24e-312d113c4afa:group-C3563197B04F: set stopIndex = 2
2019-07-13 19:32:47,767 INFO  ratis.ContainerStateMachine (ContainerStateMachine.java:takeSnapshot(246)) - Taking snapshot at termIndex:(t:1, i:1)
2019-07-13 19:32:47,767 INFO  impl.FollowerState (FollowerState.java:run(114)) - 12ebe1e8-f3b8-43be-a24e-312d113c4afa: FollowerState was interrupted: java.lang.InterruptedException: sleep interrupted
2019-07-13 19:32:47,767 INFO  impl.PendingRequests (PendingRequests.java:sendNotLeaderResponses(202)) - 12ebe1e8-f3b8-43be-a24e-312d113c4afa-PendingRequests: sendNotLeaderResponses
2019-07-13 19:32:47,767 INFO  ratis.ContainerStateMachine (ContainerStateMachine.java:takeSnapshot(250)) - Taking a snapshot to file /tmp/workdir/hadoop-ozone/integration-test/target/test-dir/MiniOzoneClusterImpl-3061be85-439c-43d1-97d0-5d1f6a9710f4/datanode-2/data/ratis/bbe03c28-5e5f-4d4b-887b-c3563197b04f/sm/snapshot.1_1
2019-07-13 19:32:47,776 INFO  impl.StateMachineUpdater (StateMachineUpdater.java:stopAndJoin(115)) - StateMachineUpdater:12ebe1e8-f3b8-43be-a24e-312d113c4afa:group-DE9F15F15BB1: set stopIndex = 0
2019-07-13 19:32:47,780 INFO  ratis.ContainerStateMachine (ContainerStateMachine.java:takeSnapshot(246)) - Taking snapshot at termIndex:(t:0, i:~)
2019-07-13 19:32:47,781 INFO  impl.RaftServerImpl (ServerState.java:close(394)) - 12ebe1e8-f3b8-43be-a24e-312d113c4afa:group-DE9F15F15BB1 closes. The last applied log index is 0
2019-07-13 19:32:47,783 INFO  segmented.SegmentedRaftLogWorker (SegmentedRaftLogWorker.java:run(313)) - 12ebe1e8-f3b8-43be-a24e-312d113c4afa-SegmentedRaftLogWorker:Storage Directory /tmp/workdir/hadoop-ozone/integration-test/target/test-dir/MiniOzoneClusterImpl-3061be85-439c-43d1-97d0-5d1f6a9710f4/datanode-2/data/ratis/84dd02fc-53af-43ef-b8bf-de9f15f15bb1 was interrupted, exiting. There are 0 tasks remaining in the queue.
2019-07-13 19:32:47,788 INFO  segmented.SegmentedRaftLogWorker (SegmentedRaftLogWorker.java:close(228)) - 12ebe1e8-f3b8-43be-a24e-312d113c4afa-SegmentedRaftLogWorker:Storage Directory /tmp/workdir/hadoop-ozone/integration-test/target/test-dir/MiniOzoneClusterImpl-3061be85-439c-43d1-97d0-5d1f6a9710f4/datanode-2/data/ratis/84dd02fc-53af-43ef-b8bf-de9f15f15bb1 close()
2019-07-13 19:32:47,800 INFO  impl.StateMachineUpdater (StateMachineUpdater.java:takeSnapshot(242)) - StateMachineUpdater:12ebe1e8-f3b8-43be-a24e-312d113c4afa:group-C3563197B04F: Took a snapshot at index 1
2019-07-13 19:32:47,800 INFO  impl.StateMachineUpdater (StateMachineUpdater.java:lambda$new$0(80)) - StateMachineUpdater:12ebe1e8-f3b8-43be-a24e-312d113c4afa:group-C3563197B04F: snapshotIndex: updateIncreasingly -1 -> 1
2019-07-13 19:32:47,805 INFO  impl.RaftServerImpl (ServerState.java:close(394)) - 12ebe1e8-f3b8-43be-a24e-312d113c4afa:group-C3563197B04F closes. The last applied log index is 2
2019-07-13 19:32:47,805 INFO  segmented.SegmentedRaftLogWorker (SegmentedRaftLogWorker.java:run(313)) - 12ebe1e8-f3b8-43be-a24e-312d113c4afa-SegmentedRaftLogWorker:Storage Directory /tmp/workdir/hadoop-ozone/integration-test/target/test-dir/MiniOzoneClusterImpl-3061be85-439c-43d1-97d0-5d1f6a9710f4/datanode-2/data/ratis/bbe03c28-5e5f-4d4b-887b-c3563197b04f was interrupted, exiting. There are 0 tasks remaining in the queue.
2019-07-13 19:32:47,810 INFO  segmented.SegmentedRaftLogWorker (SegmentedRaftLogWorker.java:close(228)) - 12ebe1e8-f3b8-43be-a24e-312d113c4afa-SegmentedRaftLogWorker:Storage Directory /tmp/workdir/hadoop-ozone/integration-test/target/test-dir/MiniOzoneClusterImpl-3061be85-439c-43d1-97d0-5d1f6a9710f4/datanode-2/data/ratis/bbe03c28-5e5f-4d4b-887b-c3563197b04f close()
2019-07-13 19:32:47,811 INFO  server.GrpcService (GrpcService.java:closeImpl(155)) - 12ebe1e8-f3b8-43be-a24e-312d113c4afa: shutdown server with port 43147 now
2019-07-13 19:32:47,816 INFO  server.GrpcService (GrpcService.java:closeImpl(163)) - 12ebe1e8-f3b8-43be-a24e-312d113c4afa: shutdown server with port 43147 successfully
2019-07-13 19:32:47,816 WARN  server.GrpcServerProtocolService (LogUtils.java:warn(134)) - 12ebe1e8-f3b8-43be-a24e-312d113c4afa: appendEntries onError: org.apache.ratis.thirdparty.io.grpc.StatusRuntimeException: CANCELLED: cancelled before receiving half close
2019-07-13 19:32:47,818 WARN  server.GrpcLogAppender (LogUtils.java:warn(134)) - 3b7fc3d4-38ac-4cbc-ac5c-0a5ecb5eaa58->12ebe1e8-f3b8-43be-a24e-312d113c4afa: Failed appendEntries: org.apache.ratis.thirdparty.io.grpc.StatusRuntimeException: CANCELLED: HTTP/2 error code: CANCEL
Received Rst Stream
2019-07-13 19:32:47,823 INFO  impl.FollowerInfo (FollowerInfo.java:lambda$new$0(50)) - 3b7fc3d4-38ac-4cbc-ac5c-0a5ecb5eaa58->12ebe1e8-f3b8-43be-a24e-312d113c4afa: nextIndex: updateUnconditionally 3 -> 2
2019-07-13 19:32:47,834 INFO  utils.BackgroundService (BackgroundService.java:shutdown(148)) - Shutting down service BlockDeletingService
2019-07-13 19:32:47,835 WARN  fs.CachingGetSpaceUsed (CachingGetSpaceUsed.java:run(183)) - Thread Interrupted waiting to refresh disk information: sleep interrupted
2019-07-13 19:32:47,858 INFO  statemachine.DatanodeStateMachine (DatanodeStateMachine.java:stopDaemon(395)) - Ozone container server stopped.
2019-07-13 19:32:47,886 INFO  handler.ContextHandler (ContextHandler.java:doStop(910)) - Stopped o.e.j.w.WebAppContext@5fa0141f{/,null,UNAVAILABLE}{/hddsDatanode}
2019-07-13 19:32:47,893 INFO  server.AbstractConnector (AbstractConnector.java:doStop(318)) - Stopped ServerConnector@6caeba36{HTTP/1.1,[http/1.1]}{0.0.0.0:0}
2019-07-13 19:32:47,894 INFO  handler.ContextHandler (ContextHandler.java:doStop(910)) - Stopped o.e.j.s.ServletContextHandler@1eb906f3{/static,jar:file:/home/user/.m2/repository/org/apache/hadoop/hadoop-hdds-container-service/0.5.0-SNAPSHOT/hadoop-hdds-container-service-0.5.0-SNAPSHOT.jar!/webapps/static,UNAVAILABLE}
2019-07-13 19:32:47,895 INFO  handler.ContextHandler (ContextHandler.java:doStop(910)) - Stopped o.e.j.s.ServletContextHandler@60c98f25{/logs,file:///tmp/workdir/hadoop-ozone/integration-test/target/log,UNAVAILABLE}
2019-07-13 19:32:47,896 INFO  datanode.ObjectStoreHandler (ObjectStoreHandler.java:close(155)) - Closing ObjectStoreHandler.
2019-07-13 19:32:47,897 INFO  ozone.HddsDatanodeService (HddsDatanodeService.java:stop(452)) - Stopped plug-in org.apache.hadoop.ozone.web.OzoneHddsDatanodeService@1a2724d3
2019-07-13 19:32:48,704 INFO  statemachine.DatanodeStateMachine (DatanodeStateMachine.java:lambda$startDaemon$0(350)) - Ozone container server started.
2019-07-13 19:32:50,069 WARN  server.GrpcLogAppender (LogUtils.java:warn(134)) - 3b7fc3d4-38ac-4cbc-ac5c-0a5ecb5eaa58->12ebe1e8-f3b8-43be-a24e-312d113c4afa: Failed appendEntries: org.apache.ratis.thirdparty.io.grpc.StatusRuntimeException: UNAVAILABLE: io exception
2019-07-13 19:32:50,074 INFO  impl.FollowerInfo (FollowerInfo.java:lambda$new$0(50)) - 3b7fc3d4-38ac-4cbc-ac5c-0a5ecb5eaa58->12ebe1e8-f3b8-43be-a24e-312d113c4afa: nextIndex: updateUnconditionally 2 -> 1
2019-07-13 19:32:52,558 WARN  server.GrpcLogAppender (LogUtils.java:warn(134)) - 3b7fc3d4-38ac-4cbc-ac5c-0a5ecb5eaa58->12ebe1e8-f3b8-43be-a24e-312d113c4afa: Failed appendEntries: org.apache.ratis.thirdparty.io.grpc.StatusRuntimeException: UNAVAILABLE: io exception
2019-07-13 19:32:52,569 INFO  impl.FollowerInfo (FollowerInfo.java:lambda$new$0(50)) - 3b7fc3d4-38ac-4cbc-ac5c-0a5ecb5eaa58->12ebe1e8-f3b8-43be-a24e-312d113c4afa: nextIndex: updateUnconditionally 1 -> 0
2019-07-13 19:32:52,898 INFO  ozoneimpl.OzoneContainer (OzoneContainer.java:stop(199)) - Attempting to stop container services.
2019-07-13 19:32:52,899 INFO  impl.RaftServerProxy (RaftServerProxy.java:lambda$close$4(314)) - 26f66dd9-c91a-486d-a992-f58b07c1a85c: close
2019-07-13 19:32:52,899 INFO  impl.RaftServerImpl (RaftServerImpl.java:lambda$shutdown$3(245)) - 26f66dd9-c91a-486d-a992-f58b07c1a85c: shutdown group-F8D704820ED2
2019-07-13 19:32:52,899 INFO  impl.RaftServerImpl (RaftServerImpl.java:lambda$shutdown$3(245)) - 26f66dd9-c91a-486d-a992-f58b07c1a85c: shutdown group-C3563197B04F
2019-07-13 19:32:52,900 INFO  util.JmxRegister (JmxRegister.java:unregister(73)) - Successfully un-registered JMX Bean with object name Ratis:service=RaftServer,group=group-F8D704820ED2,id=26f66dd9-c91a-486d-a992-f58b07c1a85c
2019-07-13 19:32:52,900 INFO  util.JmxRegister (JmxRegister.java:unregister(73)) - Successfully un-registered JMX Bean with object name Ratis:service=RaftServer,group=group-C3563197B04F,id=26f66dd9-c91a-486d-a992-f58b07c1a85c
2019-07-13 19:32:52,900 INFO  impl.RoleInfo (RoleInfo.java:shutdownLeaderState(104)) - 26f66dd9-c91a-486d-a992-f58b07c1a85c: shutdown LeaderState
2019-07-13 19:32:52,901 INFO  impl.RoleInfo (RoleInfo.java:shutdownFollowerState(121)) - 26f66dd9-c91a-486d-a992-f58b07c1a85c: shutdown FollowerState
2019-07-13 19:32:52,901 INFO  impl.PendingRequests (PendingRequests.java:sendNotLeaderResponses(202)) - 26f66dd9-c91a-486d-a992-f58b07c1a85c-PendingRequests: sendNotLeaderResponses
2019-07-13 19:32:52,901 INFO  ratis.ContainerStateMachine (ContainerStateMachine.java:takeSnapshot(246)) - Taking snapshot at termIndex:(t:1, i:1)
2019-07-13 19:32:52,902 INFO  impl.StateMachineUpdater (StateMachineUpdater.java:stopAndJoin(115)) - StateMachineUpdater:26f66dd9-c91a-486d-a992-f58b07c1a85c:group-F8D704820ED2: set stopIndex = 0
2019-07-13 19:32:52,901 INFO  impl.FollowerState (FollowerState.java:run(114)) - 26f66dd9-c91a-486d-a992-f58b07c1a85c: FollowerState was interrupted: java.lang.InterruptedException: sleep interrupted
2019-07-13 19:32:52,901 INFO  impl.StateMachineUpdater (StateMachineUpdater.java:stopAndJoin(115)) - StateMachineUpdater:26f66dd9-c91a-486d-a992-f58b07c1a85c:group-C3563197B04F: set stopIndex = 2
2019-07-13 19:32:52,902 INFO  ratis.ContainerStateMachine (ContainerStateMachine.java:takeSnapshot(246)) - Taking snapshot at termIndex:(t:0, i:~)
2019-07-13 19:32:52,902 INFO  ratis.ContainerStateMachine (ContainerStateMachine.java:takeSnapshot(250)) - Taking a snapshot to file /tmp/workdir/hadoop-ozone/integration-test/target/test-dir/MiniOzoneClusterImpl-3061be85-439c-43d1-97d0-5d1f6a9710f4/datanode-0/data/ratis/bbe03c28-5e5f-4d4b-887b-c3563197b04f/sm/snapshot.1_1
2019-07-13 19:32:52,909 INFO  impl.RaftServerImpl (ServerState.java:close(394)) - 26f66dd9-c91a-486d-a992-f58b07c1a85c:group-F8D704820ED2 closes. The last applied log index is 0
2019-07-13 19:32:52,910 INFO  impl.StateMachineUpdater (StateMachineUpdater.java:takeSnapshot(242)) - StateMachineUpdater:26f66dd9-c91a-486d-a992-f58b07c1a85c:group-C3563197B04F: Took a snapshot at index 1
2019-07-13 19:32:52,910 INFO  impl.StateMachineUpdater (StateMachineUpdater.java:lambda$new$0(80)) - StateMachineUpdater:26f66dd9-c91a-486d-a992-f58b07c1a85c:group-C3563197B04F: snapshotIndex: updateIncreasingly -1 -> 1
2019-07-13 19:32:52,910 INFO  segmented.SegmentedRaftLogWorker (SegmentedRaftLogWorker.java:run(313)) - 26f66dd9-c91a-486d-a992-f58b07c1a85c-SegmentedRaftLogWorker:Storage Directory /tmp/workdir/hadoop-ozone/integration-test/target/test-dir/MiniOzoneClusterImpl-3061be85-439c-43d1-97d0-5d1f6a9710f4/datanode-0/data/ratis/006122fe-0c2a-494c-a11a-f8d704820ed2 was interrupted, exiting. There are 0 tasks remaining in the queue.
2019-07-13 19:32:52,914 INFO  impl.RaftServerImpl (ServerState.java:close(394)) - 26f66dd9-c91a-486d-a992-f58b07c1a85c:group-C3563197B04F closes. The last applied log index is 2
2019-07-13 19:32:52,914 INFO  segmented.SegmentedRaftLogWorker (SegmentedRaftLogWorker.java:close(228)) - 26f66dd9-c91a-486d-a992-f58b07c1a85c-SegmentedRaftLogWorker:Storage Directory /tmp/workdir/hadoop-ozone/integration-test/target/test-dir/MiniOzoneClusterImpl-3061be85-439c-43d1-97d0-5d1f6a9710f4/datanode-0/data/ratis/006122fe-0c2a-494c-a11a-f8d704820ed2 close()
2019-07-13 19:32:52,915 INFO  segmented.SegmentedRaftLogWorker (SegmentedRaftLogWorker.java:run(313)) - 26f66dd9-c91a-486d-a992-f58b07c1a85c-SegmentedRaftLogWorker:Storage Directory /tmp/workdir/hadoop-ozone/integration-test/target/test-dir/MiniOzoneClusterImpl-3061be85-439c-43d1-97d0-5d1f6a9710f4/datanode-0/data/ratis/bbe03c28-5e5f-4d4b-887b-c3563197b04f was interrupted, exiting. There are 0 tasks remaining in the queue.
2019-07-13 19:32:52,926 INFO  segmented.SegmentedRaftLogWorker (SegmentedRaftLogWorker.java:close(228)) - 26f66dd9-c91a-486d-a992-f58b07c1a85c-SegmentedRaftLogWorker:Storage Directory /tmp/workdir/hadoop-ozone/integration-test/target/test-dir/MiniOzoneClusterImpl-3061be85-439c-43d1-97d0-5d1f6a9710f4/datanode-0/data/ratis/bbe03c28-5e5f-4d4b-887b-c3563197b04f close()
2019-07-13 19:32:52,934 INFO  server.GrpcService (GrpcService.java:closeImpl(155)) - 26f66dd9-c91a-486d-a992-f58b07c1a85c: shutdown server with port 44812 now
2019-07-13 19:32:52,935 WARN  server.GrpcServerProtocolService (LogUtils.java:warn(134)) - 26f66dd9-c91a-486d-a992-f58b07c1a85c: appendEntries onError: org.apache.ratis.thirdparty.io.grpc.StatusRuntimeException: CANCELLED: cancelled before receiving half close
2019-07-13 19:32:52,935 INFO  server.GrpcService (GrpcService.java:closeImpl(163)) - 26f66dd9-c91a-486d-a992-f58b07c1a85c: shutdown server with port 44812 successfully
2019-07-13 19:32:52,936 WARN  server.GrpcLogAppender (LogUtils.java:warn(134)) - 3b7fc3d4-38ac-4cbc-ac5c-0a5ecb5eaa58->26f66dd9-c91a-486d-a992-f58b07c1a85c: Failed appendEntries: org.apache.ratis.thirdparty.io.grpc.StatusRuntimeException: CANCELLED: HTTP/2 error code: CANCEL
Received Rst Stream
2019-07-13 19:32:52,940 INFO  impl.FollowerInfo (FollowerInfo.java:lambda$new$0(50)) - 3b7fc3d4-38ac-4cbc-ac5c-0a5ecb5eaa58->26f66dd9-c91a-486d-a992-f58b07c1a85c: nextIndex: updateUnconditionally 3 -> 2
2019-07-13 19:32:52,950 INFO  utils.BackgroundService (BackgroundService.java:shutdown(148)) - Shutting down service BlockDeletingService
2019-07-13 19:32:52,952 WARN  fs.CachingGetSpaceUsed (CachingGetSpaceUsed.java:run(183)) - Thread Interrupted waiting to refresh disk information: sleep interrupted
2019-07-13 19:32:52,976 INFO  statemachine.DatanodeStateMachine (DatanodeStateMachine.java:stopDaemon(395)) - Ozone container server stopped.
2019-07-13 19:32:52,977 INFO  handler.ContextHandler (ContextHandler.java:doStop(910)) - Stopped o.e.j.w.WebAppContext@1736c1e4{/,null,UNAVAILABLE}{/hddsDatanode}
2019-07-13 19:32:52,978 INFO  server.AbstractConnector (AbstractConnector.java:doStop(318)) - Stopped ServerConnector@32dcfeea{HTTP/1.1,[http/1.1]}{0.0.0.0:0}
2019-07-13 19:32:52,979 INFO  handler.ContextHandler (ContextHandler.java:doStop(910)) - Stopped o.e.j.s.ServletContextHandler@7e848aea{/static,jar:file:/home/user/.m2/repository/org/apache/hadoop/hadoop-hdds-container-service/0.5.0-SNAPSHOT/hadoop-hdds-container-service-0.5.0-SNAPSHOT.jar!/webapps/static,UNAVAILABLE}
2019-07-13 19:32:52,979 INFO  handler.ContextHandler (ContextHandler.java:doStop(910)) - Stopped o.e.j.s.ServletContextHandler@fabef2e{/logs,file:///tmp/workdir/hadoop-ozone/integration-test/target/log,UNAVAILABLE}
2019-07-13 19:32:53,009 INFO  client.GrpcClientProtocolClient (GrpcClientProtocolClient.java:onNext(255)) - client-E5022FD2AC71->3b7fc3d4-38ac-4cbc-ac5c-0a5ecb5eaa58: receive RaftClientReply:client-E5022FD2AC71->3b7fc3d4-38ac-4cbc-ac5c-0a5ecb5eaa58@group-C3563197B04F, cid=39, SUCCESS, logIndex=0, commits[3b7fc3d4-38ac-4cbc-ac5c-0a5ecb5eaa58:c2, 12ebe1e8-f3b8-43be-a24e-312d113c4afa:c2, 26f66dd9-c91a-486d-a992-f58b07c1a85c:c2]
]]></system-out>
    <system-err><![CDATA[Jul 13, 2019 7:32:31 PM com.sun.jersey.server.impl.application.WebApplicationImpl _initiate
INFO: Initiating Jersey application, version 'Jersey: 1.19 02/11/2015 03:25 AM'
Jul 13, 2019 7:32:31 PM com.sun.jersey.server.impl.application.WebApplicationImpl _initiate
INFO: Initiating Jersey application, version 'Jersey: 1.19 02/11/2015 03:25 AM'
Jul 13, 2019 7:32:32 PM com.sun.jersey.server.impl.application.WebApplicationImpl _initiate
INFO: Initiating Jersey application, version 'Jersey: 1.19 02/11/2015 03:25 AM'
Jul 13, 2019 7:32:32 PM com.sun.jersey.server.impl.application.WebApplicationImpl _initiate
INFO: Initiating Jersey application, version 'Jersey: 1.19 02/11/2015 03:25 AM'
Jul 13, 2019 7:32:32 PM com.sun.jersey.server.impl.application.WebApplicationImpl _initiate
INFO: Initiating Jersey application, version 'Jersey: 1.19 02/11/2015 03:25 AM'
Jul 13, 2019 7:32:32 PM com.sun.jersey.server.impl.application.WebApplicationImpl _initiate
INFO: Initiating Jersey application, version 'Jersey: 1.19 02/11/2015 03:25 AM'
Jul 13, 2019 7:32:33 PM com.sun.jersey.server.impl.application.WebApplicationImpl _initiate
INFO: Initiating Jersey application, version 'Jersey: 1.19 02/11/2015 03:25 AM'
]]></system-err>
  </testcase>
  <testcase name="testWatchForCommitForRetryfailure" classname="org.apache.hadoop.ozone.client.rpc.TestWatchForCommit" time="26.737">
    <failure message="expected exception not thrown" type="java.lang.AssertionError">java.lang.AssertionError: expected exception not thrown
	at org.junit.Assert.fail(Assert.java:88)
	at org.apache.hadoop.ozone.client.rpc.TestWatchForCommit.testWatchForCommitForRetryfailure(TestWatchForCommit.java:348)
	at sun.reflect.NativeMethodAccessorImpl.invoke0(Native Method)
	at sun.reflect.NativeMethodAccessorImpl.invoke(NativeMethodAccessorImpl.java:62)
	at sun.reflect.DelegatingMethodAccessorImpl.invoke(DelegatingMethodAccessorImpl.java:43)
	at java.lang.reflect.Method.invoke(Method.java:498)
	at org.junit.runners.model.FrameworkMethod$1.runReflectiveCall(FrameworkMethod.java:47)
	at org.junit.internal.runners.model.ReflectiveCallable.run(ReflectiveCallable.java:12)
	at org.junit.runners.model.FrameworkMethod.invokeExplosively(FrameworkMethod.java:44)
	at org.junit.internal.runners.statements.InvokeMethod.evaluate(InvokeMethod.java:17)
	at org.junit.runners.ParentRunner.runLeaf(ParentRunner.java:271)
	at org.junit.runners.BlockJUnit4ClassRunner.runChild(BlockJUnit4ClassRunner.java:70)
	at org.junit.runners.BlockJUnit4ClassRunner.runChild(BlockJUnit4ClassRunner.java:50)
	at org.junit.runners.ParentRunner$3.run(ParentRunner.java:238)
	at org.junit.runners.ParentRunner$1.schedule(ParentRunner.java:63)
	at org.junit.runners.ParentRunner.runChildren(ParentRunner.java:236)
	at org.junit.runners.ParentRunner.access$000(ParentRunner.java:53)
	at org.junit.runners.ParentRunner$2.evaluate(ParentRunner.java:229)
	at org.junit.runners.ParentRunner.run(ParentRunner.java:309)
	at org.apache.maven.surefire.junit4.JUnit4Provider.execute(JUnit4Provider.java:365)
	at org.apache.maven.surefire.junit4.JUnit4Provider.executeWithRerun(JUnit4Provider.java:273)
	at org.apache.maven.surefire.junit4.JUnit4Provider.executeTestSet(JUnit4Provider.java:238)
	at org.apache.maven.surefire.junit4.JUnit4Provider.invoke(JUnit4Provider.java:159)
	at org.apache.maven.surefire.booter.ForkedBooter.invokeProviderInSameClassLoader(ForkedBooter.java:384)
	at org.apache.maven.surefire.booter.ForkedBooter.runSuitesInProcess(ForkedBooter.java:345)
	at org.apache.maven.surefire.booter.ForkedBooter.execute(ForkedBooter.java:126)
	at org.apache.maven.surefire.booter.ForkedBooter.main(ForkedBooter.java:418)
</failure>
    <system-out><![CDATA[2019-07-13 19:32:53,029 WARN  server.ServerUtils (ServerUtils.java:getScmDbDir(145)) - ozone.scm.db.dirs is not configured. We recommend adding this setting. Falling back to ozone.metadata.dirs instead.
2019-07-13 19:32:53,044 WARN  server.ServerUtils (ServerUtils.java:getScmDbDir(145)) - ozone.scm.db.dirs is not configured. We recommend adding this setting. Falling back to ozone.metadata.dirs instead.
2019-07-13 19:32:53,045 WARN  server.ServerUtils (ServerUtils.java:getScmDbDir(145)) - ozone.scm.db.dirs is not configured. We recommend adding this setting. Falling back to ozone.metadata.dirs instead.
2019-07-13 19:32:53,045 INFO  db.DBStoreBuilder (DBStoreBuilder.java:addTable(110)) - using custom profile for table: deletedBlocks
2019-07-13 19:32:53,045 INFO  db.DBStoreBuilder (DBStoreBuilder.java:processTables(161)) - Using default column profile:DBProfile.DISK for Table:deletedBlocks
2019-07-13 19:32:53,046 INFO  db.DBStoreBuilder (DBStoreBuilder.java:addTable(110)) - using custom profile for table: validCerts
2019-07-13 19:32:53,046 INFO  db.DBStoreBuilder (DBStoreBuilder.java:processTables(161)) - Using default column profile:DBProfile.DISK for Table:validCerts
2019-07-13 19:32:53,046 INFO  db.DBStoreBuilder (DBStoreBuilder.java:addTable(110)) - using custom profile for table: revokedCerts
2019-07-13 19:32:53,046 INFO  db.DBStoreBuilder (DBStoreBuilder.java:processTables(161)) - Using default column profile:DBProfile.DISK for Table:revokedCerts
2019-07-13 19:32:53,047 INFO  db.DBStoreBuilder (DBStoreBuilder.java:addTable(110)) - using custom profile for table: default
2019-07-13 19:32:53,047 INFO  db.DBStoreBuilder (DBStoreBuilder.java:processTables(167)) - Using default column profile:DBProfile.DISK for Table:default
2019-07-13 19:32:53,047 INFO  db.DBStoreBuilder (DBStoreBuilder.java:getDbProfile(198)) - Using default options. DBProfile.DISK
2019-07-13 19:32:53,214 INFO  net.NodeSchemaLoader (NodeSchemaLoader.java:loadSchemaFromFile(125)) - Loading file from sun.misc.CompoundEnumeration@6cfd08e9
2019-07-13 19:32:53,215 INFO  net.NodeSchemaLoader (NodeSchemaLoader.java:loadSchema(171)) - Loading network topology layer schema file
2019-07-13 19:32:53,220 WARN  server.ServerUtils (ServerUtils.java:sanitizeUserArgs(70)) - ozone.scm.stale.node.interval value = 300000 is larger than max = 100000 based on the key value of ozone.scm.heartbeat.thread.interval, reset to the max value 100000.
2019-07-13 19:32:53,220 WARN  server.ServerUtils (ServerUtils.java:sanitizeUserArgs(70)) - ozone.scm.stale.node.interval value = 300000 is larger than max = 100000 based on the key value of ozone.scm.heartbeat.thread.interval, reset to the max value 100000.
2019-07-13 19:32:53,221 INFO  node.SCMNodeManager (SCMNodeManager.java:<init>(119)) - Entering startup safe mode.
2019-07-13 19:32:53,222 WARN  server.ServerUtils (ServerUtils.java:getScmDbDir(145)) - ozone.scm.db.dirs is not configured. We recommend adding this setting. Falling back to ozone.metadata.dirs instead.
2019-07-13 19:32:53,274 INFO  pipeline.SCMPipelineManager (SCMPipelineManager.java:initializePipelineState(126)) - No pipeline exists in current db
2019-07-13 19:32:53,274 WARN  server.ServerUtils (ServerUtils.java:getScmDbDir(145)) - ozone.scm.db.dirs is not configured. We recommend adding this setting. Falling back to ozone.metadata.dirs instead.
2019-07-13 19:32:53,330 WARN  events.EventQueue (EventQueue.java:fireEvent(175)) - No event handler registered for event TypedEvent{payloadType=SafeModeStatus, name='SafeModeStatus'}
2019-07-13 19:32:53,332 INFO  ipc.CallQueueManager (CallQueueManager.java:<init>(84)) - Using callQueue: class java.util.concurrent.LinkedBlockingQueue, queueCapacity: 2000, scheduler: class org.apache.hadoop.ipc.DefaultRpcScheduler, ipcBackoff: false.
2019-07-13 19:32:53,333 INFO  ipc.Server (Server.java:run(1074)) - Starting Socket Reader #1 for port 46106
2019-07-13 19:32:53,343 INFO  ipc.CallQueueManager (CallQueueManager.java:<init>(84)) - Using callQueue: class java.util.concurrent.LinkedBlockingQueue, queueCapacity: 2000, scheduler: class org.apache.hadoop.ipc.DefaultRpcScheduler, ipcBackoff: false.
2019-07-13 19:32:53,344 INFO  ipc.Server (Server.java:run(1074)) - Starting Socket Reader #1 for port 37287
2019-07-13 19:32:53,350 INFO  ipc.CallQueueManager (CallQueueManager.java:<init>(84)) - Using callQueue: class java.util.concurrent.LinkedBlockingQueue, queueCapacity: 2000, scheduler: class org.apache.hadoop.ipc.DefaultRpcScheduler, ipcBackoff: false.
2019-07-13 19:32:53,351 INFO  ipc.Server (Server.java:run(1074)) - Starting Socket Reader #1 for port 39619
2019-07-13 19:32:53,359 INFO  hdfs.DFSUtil (DFSUtil.java:httpServerTemplateForNNAndJN(1641)) - Starting Web-server for scm at: http://0.0.0.0:0
2019-07-13 19:32:53,361 INFO  server.AuthenticationFilter (AuthenticationFilter.java:constructSecretProvider(240)) - Unable to initialize FileSignerSecretProvider, falling back to use random secrets.
2019-07-13 19:32:53,362 WARN  http.HttpRequestLog (HttpRequestLog.java:getRequestLog(97)) - Jetty request log can only be enabled using Log4j
2019-07-13 19:32:53,364 INFO  http.HttpServer2 (HttpServer2.java:addGlobalFilter(975)) - Added global filter 'safety' (class=org.apache.hadoop.http.HttpServer2$QuotingInputFilter)
2019-07-13 19:32:53,365 INFO  http.HttpServer2 (HttpServer2.java:addFilter(948)) - Added filter static_user_filter (class=org.apache.hadoop.http.lib.StaticUserWebFilter$StaticUserFilter) to context scm
2019-07-13 19:32:53,365 INFO  http.HttpServer2 (HttpServer2.java:addFilter(958)) - Added filter static_user_filter (class=org.apache.hadoop.http.lib.StaticUserWebFilter$StaticUserFilter) to context logs
2019-07-13 19:32:53,365 INFO  http.HttpServer2 (HttpServer2.java:addFilter(958)) - Added filter static_user_filter (class=org.apache.hadoop.http.lib.StaticUserWebFilter$StaticUserFilter) to context static
2019-07-13 19:32:53,374 INFO  server.StorageContainerManager (StorageContainerManager.java:start(759)) - StorageContainerLocationProtocol RPC server is listening at /0.0.0.0:39619
2019-07-13 19:32:53,374 INFO  impl.MetricsSystemImpl (MetricsSystemImpl.java:init(158)) - StorageContainerManager metrics system started (again)
2019-07-13 19:32:53,374 INFO  server.SCMClientProtocolServer (SCMClientProtocolServer.java:start(149)) - RPC server for Client  is listening at /0.0.0.0:39619
2019-07-13 19:32:53,375 INFO  ipc.Server (Server.java:run(1314)) - IPC Server Responder: starting
2019-07-13 19:32:53,375 INFO  ipc.Server (Server.java:run(1153)) - IPC Server listener on 39619: starting
2019-07-13 19:32:53,390 INFO  server.StorageContainerManager (StorageContainerManager.java:start(768)) - ScmBlockLocationProtocol RPC server is listening at /0.0.0.0:37287
2019-07-13 19:32:53,390 INFO  server.SCMBlockProtocolServer (SCMBlockProtocolServer.java:start(140)) - RPC server for Block Protocol is listening at /0.0.0.0:37287
2019-07-13 19:32:53,390 INFO  ipc.Server (Server.java:run(1314)) - IPC Server Responder: starting
2019-07-13 19:32:53,390 INFO  ipc.Server (Server.java:run(1153)) - IPC Server listener on 37287: starting
2019-07-13 19:32:53,404 INFO  server.StorageContainerManager (StorageContainerManager.java:start(772)) - ScmDatanodeProtocl RPC server is listening at /0.0.0.0:46106
2019-07-13 19:32:53,404 INFO  server.SCMDatanodeProtocolServer (SCMDatanodeProtocolServer.java:start(191)) - RPC server for DataNodes is listening at /0.0.0.0:46106
2019-07-13 19:32:53,405 INFO  ipc.Server (Server.java:run(1314)) - IPC Server Responder: starting
2019-07-13 19:32:53,405 INFO  ipc.Server (Server.java:run(1153)) - IPC Server listener on 46106: starting
2019-07-13 19:32:53,419 INFO  http.HttpServer2 (HttpServer2.java:bindListener(1191)) - Jetty bound to port 45648
2019-07-13 19:32:53,419 INFO  server.Server (Server.java:doStart(351)) - jetty-9.3.24.v20180605, build timestamp: 2018-06-05T17:11:56Z, git hash: 84205aa28f11a4f31f2a3b86d1bba2cc8ab69827
2019-07-13 19:32:53,422 INFO  handler.ContextHandler (ContextHandler.java:doStart(781)) - Started o.e.j.s.ServletContextHandler@40d10264{/logs,file:///tmp/workdir/hadoop-ozone/integration-test/target/log,AVAILABLE}
2019-07-13 19:32:53,422 INFO  handler.ContextHandler (ContextHandler.java:doStart(781)) - Started o.e.j.s.ServletContextHandler@53918b5e{/static,file:///tmp/workdir/hadoop-ozone/integration-test/target/test-classes/webapps/static,AVAILABLE}
2019-07-13 19:32:53,428 INFO  handler.ContextHandler (ContextHandler.java:doStart(781)) - Started o.e.j.w.WebAppContext@b144175{/,file:///tmp/workdir/hadoop-ozone/integration-test/target/test-classes/webapps/scm/,AVAILABLE}{/scm}
2019-07-13 19:32:53,428 INFO  server.AbstractConnector (AbstractConnector.java:doStart(278)) - Started ServerConnector@38923cfe{HTTP/1.1,[http/1.1]}{0.0.0.0:45648}
2019-07-13 19:32:53,433 INFO  server.Server (Server.java:doStart(419)) - Started @44667ms
2019-07-13 19:32:53,434 INFO  server.BaseHttpServer (BaseHttpServer.java:updateConnectorAddress(207)) - HTTP server of SCM is listening at http://0.0.0.0:45648
2019-07-13 19:32:53,434 WARN  server.ServerUtils (ServerUtils.java:getDBPath(222)) - ozone.om.db.dirs is not configured. We recommend adding this setting. Falling back to ozone.metadata.dirs instead.
2019-07-13 19:32:53,438 INFO  util.JvmPauseMonitor (JvmPauseMonitor.java:run(188)) - Starting JVM pause monitor
2019-07-13 19:32:53,452 WARN  server.ServerUtils (ServerUtils.java:getDBPath(222)) - ozone.om.db.dirs is not configured. We recommend adding this setting. Falling back to ozone.metadata.dirs instead.
2019-07-13 19:32:53,452 INFO  om.OzoneManager (OzoneManager.java:setOMNodeDetails(630)) - OM Service ID is not set. Setting it to the default ID: omServiceIdDefault
2019-07-13 19:32:53,453 INFO  om.OzoneManager (OzoneManager.java:setOMNodeDetails(636)) - OM Node ID is not set. Setting it to the OmStorage's OmID: f50ed2d0-37de-47b1-9949-0b8eb8d9f6cf
2019-07-13 19:32:53,453 INFO  om.OzoneManager (OzoneManager.java:loadOMHAConfigs(587)) - Found matching OM address with OMServiceId: null, OMNodeId: null, RPC Address: localhost:0 and Ratis port: 9872
2019-07-13 19:32:53,499 WARN  server.ServerUtils (ServerUtils.java:getDBPath(222)) - ozone.om.db.dirs is not configured. We recommend adding this setting. Falling back to ozone.metadata.dirs instead.
2019-07-13 19:32:53,500 INFO  db.DBStoreBuilder (DBStoreBuilder.java:addTable(110)) - using custom profile for table: userTable
2019-07-13 19:32:53,500 INFO  db.DBStoreBuilder (DBStoreBuilder.java:processTables(161)) - Using default column profile:DBProfile.DISK for Table:userTable
2019-07-13 19:32:53,501 INFO  db.DBStoreBuilder (DBStoreBuilder.java:addTable(110)) - using custom profile for table: volumeTable
2019-07-13 19:32:53,501 INFO  db.DBStoreBuilder (DBStoreBuilder.java:processTables(161)) - Using default column profile:DBProfile.DISK for Table:volumeTable
2019-07-13 19:32:53,501 INFO  db.DBStoreBuilder (DBStoreBuilder.java:addTable(110)) - using custom profile for table: bucketTable
2019-07-13 19:32:53,502 INFO  db.DBStoreBuilder (DBStoreBuilder.java:processTables(161)) - Using default column profile:DBProfile.DISK for Table:bucketTable
2019-07-13 19:32:53,502 INFO  db.DBStoreBuilder (DBStoreBuilder.java:addTable(110)) - using custom profile for table: keyTable
2019-07-13 19:32:53,502 INFO  db.DBStoreBuilder (DBStoreBuilder.java:processTables(161)) - Using default column profile:DBProfile.DISK for Table:keyTable
2019-07-13 19:32:53,503 INFO  db.DBStoreBuilder (DBStoreBuilder.java:addTable(110)) - using custom profile for table: deletedTable
2019-07-13 19:32:53,503 INFO  db.DBStoreBuilder (DBStoreBuilder.java:processTables(161)) - Using default column profile:DBProfile.DISK for Table:deletedTable
2019-07-13 19:32:53,503 INFO  db.DBStoreBuilder (DBStoreBuilder.java:addTable(110)) - using custom profile for table: openKeyTable
2019-07-13 19:32:53,504 INFO  db.DBStoreBuilder (DBStoreBuilder.java:processTables(161)) - Using default column profile:DBProfile.DISK for Table:openKeyTable
2019-07-13 19:32:53,504 INFO  db.DBStoreBuilder (DBStoreBuilder.java:addTable(110)) - using custom profile for table: s3Table
2019-07-13 19:32:53,504 INFO  db.DBStoreBuilder (DBStoreBuilder.java:processTables(161)) - Using default column profile:DBProfile.DISK for Table:s3Table
2019-07-13 19:32:53,505 INFO  db.DBStoreBuilder (DBStoreBuilder.java:addTable(110)) - using custom profile for table: multipartInfoTable
2019-07-13 19:32:53,505 INFO  db.DBStoreBuilder (DBStoreBuilder.java:processTables(161)) - Using default column profile:DBProfile.DISK for Table:multipartInfoTable
2019-07-13 19:32:53,505 INFO  db.DBStoreBuilder (DBStoreBuilder.java:addTable(110)) - using custom profile for table: dTokenTable
2019-07-13 19:32:53,506 INFO  db.DBStoreBuilder (DBStoreBuilder.java:processTables(161)) - Using default column profile:DBProfile.DISK for Table:dTokenTable
2019-07-13 19:32:53,506 INFO  db.DBStoreBuilder (DBStoreBuilder.java:addTable(110)) - using custom profile for table: s3SecretTable
2019-07-13 19:32:53,506 INFO  db.DBStoreBuilder (DBStoreBuilder.java:processTables(161)) - Using default column profile:DBProfile.DISK for Table:s3SecretTable
2019-07-13 19:32:53,506 INFO  db.DBStoreBuilder (DBStoreBuilder.java:addTable(110)) - using custom profile for table: prefixTable
2019-07-13 19:32:53,507 INFO  db.DBStoreBuilder (DBStoreBuilder.java:processTables(161)) - Using default column profile:DBProfile.DISK for Table:prefixTable
2019-07-13 19:32:53,507 INFO  db.DBStoreBuilder (DBStoreBuilder.java:addTable(110)) - using custom profile for table: default
2019-07-13 19:32:53,507 INFO  db.DBStoreBuilder (DBStoreBuilder.java:processTables(167)) - Using default column profile:DBProfile.DISK for Table:default
2019-07-13 19:32:53,508 INFO  db.DBStoreBuilder (DBStoreBuilder.java:getDbProfile(198)) - Using default options. DBProfile.DISK
2019-07-13 19:32:54,022 INFO  ipc.CallQueueManager (CallQueueManager.java:<init>(84)) - Using callQueue: class java.util.concurrent.LinkedBlockingQueue, queueCapacity: 2000, scheduler: class org.apache.hadoop.ipc.DefaultRpcScheduler, ipcBackoff: false.
2019-07-13 19:32:54,023 INFO  ipc.Server (Server.java:run(1074)) - Starting Socket Reader #1 for port 44249
2019-07-13 19:32:54,052 WARN  server.ServerUtils (ServerUtils.java:getDBPath(222)) - ozone.om.db.dirs is not configured. We recommend adding this setting. Falling back to ozone.metadata.dirs instead.
2019-07-13 19:32:54,053 INFO  om.OzoneManager (OzoneManager.java:start(1228)) - OzoneManager RPC server is listening at localhost/127.0.0.1:44249
2019-07-13 19:32:54,053 INFO  impl.MetricsSystemImpl (MetricsSystemImpl.java:init(158)) - OzoneManager metrics system started (again)
2019-07-13 19:32:54,054 INFO  ipc.Server (Server.java:run(1314)) - IPC Server Responder: starting
2019-07-13 19:32:54,054 INFO  ipc.Server (Server.java:run(1153)) - IPC Server listener on 44249: starting
2019-07-13 19:32:54,066 INFO  hdfs.DFSUtil (DFSUtil.java:httpServerTemplateForNNAndJN(1641)) - Starting Web-server for ozoneManager at: http://0.0.0.0:0
2019-07-13 19:32:54,068 INFO  server.AuthenticationFilter (AuthenticationFilter.java:constructSecretProvider(240)) - Unable to initialize FileSignerSecretProvider, falling back to use random secrets.
2019-07-13 19:32:54,069 WARN  http.HttpRequestLog (HttpRequestLog.java:getRequestLog(97)) - Jetty request log can only be enabled using Log4j
2019-07-13 19:32:54,071 INFO  http.HttpServer2 (HttpServer2.java:addGlobalFilter(975)) - Added global filter 'safety' (class=org.apache.hadoop.http.HttpServer2$QuotingInputFilter)
2019-07-13 19:32:54,072 INFO  http.HttpServer2 (HttpServer2.java:addFilter(948)) - Added filter static_user_filter (class=org.apache.hadoop.http.lib.StaticUserWebFilter$StaticUserFilter) to context ozoneManager
2019-07-13 19:32:54,072 INFO  http.HttpServer2 (HttpServer2.java:addFilter(958)) - Added filter static_user_filter (class=org.apache.hadoop.http.lib.StaticUserWebFilter$StaticUserFilter) to context logs
2019-07-13 19:32:54,072 INFO  http.HttpServer2 (HttpServer2.java:addFilter(958)) - Added filter static_user_filter (class=org.apache.hadoop.http.lib.StaticUserWebFilter$StaticUserFilter) to context static
2019-07-13 19:32:54,073 INFO  http.HttpServer2 (HttpServer2.java:bindListener(1191)) - Jetty bound to port 44536
2019-07-13 19:32:54,074 INFO  server.Server (Server.java:doStart(351)) - jetty-9.3.24.v20180605, build timestamp: 2018-06-05T17:11:56Z, git hash: 84205aa28f11a4f31f2a3b86d1bba2cc8ab69827
2019-07-13 19:32:54,076 INFO  handler.ContextHandler (ContextHandler.java:doStart(781)) - Started o.e.j.s.ServletContextHandler@4cf01c41{/logs,file:///tmp/workdir/hadoop-ozone/integration-test/target/log,AVAILABLE}
2019-07-13 19:32:54,077 INFO  handler.ContextHandler (ContextHandler.java:doStart(781)) - Started o.e.j.s.ServletContextHandler@55f6f965{/static,file:///tmp/workdir/hadoop-ozone/integration-test/target/test-classes/webapps/static,AVAILABLE}
2019-07-13 19:32:54,094 INFO  handler.ContextHandler (ContextHandler.java:doStart(781)) - Started o.e.j.w.WebAppContext@54f25b42{/,file:///tmp/workdir/hadoop-ozone/integration-test/target/test-classes/webapps/ozoneManager/,AVAILABLE}{/ozoneManager}
2019-07-13 19:32:54,095 INFO  server.AbstractConnector (AbstractConnector.java:doStart(278)) - Started ServerConnector@521c67f0{HTTP/1.1,[http/1.1]}{0.0.0.0:44536}
2019-07-13 19:32:54,101 INFO  server.Server (Server.java:doStart(419)) - Started @45336ms
2019-07-13 19:32:54,102 INFO  server.BaseHttpServer (BaseHttpServer.java:updateConnectorAddress(207)) - HTTP server of OZONEMANAGER is listening at http://0.0.0.0:44536
2019-07-13 19:32:54,121 INFO  impl.MetricsSystemImpl (MetricsSystemImpl.java:init(158)) - HddsDatanode metrics system started (again)
2019-07-13 19:32:54,121 INFO  ozone.HddsDatanodeService (HddsDatanodeService.java:start(185)) - HddsDatanodeService host:trunk-nightly-fxqsz-774976932 ip:192.168.69.122
2019-07-13 19:32:54,137 INFO  volume.HddsVolume (HddsVolume.java:<init>(176)) - Creating Volume: /tmp/workdir/hadoop-ozone/integration-test/target/test-dir/MiniOzoneClusterImpl-24814402-2c72-477e-ac32-78cae0af7a4c/datanode-0/data/containers/hdds of  storage type : DISK and capacity : 52710309888
2019-07-13 19:32:54,138 INFO  volume.VolumeSet (VolumeSet.java:initializeVolumeSet(170)) - Added Volume : /tmp/workdir/hadoop-ozone/integration-test/target/test-dir/MiniOzoneClusterImpl-24814402-2c72-477e-ac32-78cae0af7a4c/datanode-0/data/containers/hdds to VolumeSet
2019-07-13 19:32:54,138 INFO  volume.ThrottledAsyncChecker (ThrottledAsyncChecker.java:schedule(140)) - Scheduling a check for org.apache.hadoop.ozone.container.common.volume.HddsVolume@672d8370
2019-07-13 19:32:54,139 INFO  volume.HddsVolumeChecker (HddsVolumeChecker.java:checkAllVolumes(203)) - Scheduled health check for volume org.apache.hadoop.ozone.container.common.volume.HddsVolume@672d8370
2019-07-13 19:32:54,184 INFO  impl.RaftServerProxy (ConfUtils.java:logGet(43)) - raft.rpc.type = GRPC (default)
2019-07-13 19:32:54,184 INFO  grpc.GrpcFactory (GrpcFactory.java:checkPooledByteBufAllocatorUseCacheForAllThreads(45)) - PERFORMANCE WARNING: useCacheForAllThreads is true that may cause Netty to create a lot garbage objects and, as a result, trigger GC.
	It is recommended to disable useCacheForAllThreads by setting -Dorg.apache.ratis.thirdparty.io.netty.allocator.useCacheForAllThreads=false in command line.
2019-07-13 19:32:54,185 INFO  grpc.GrpcConfigKeys$Server (ConfUtils.java:logGet(43)) - raft.grpc.server.port = 0 (default)
2019-07-13 19:32:54,185 INFO  server.GrpcService (ConfUtils.java:logGet(43)) - raft.grpc.message.size.max = 33570816 (custom)
2019-07-13 19:32:54,185 INFO  server.RaftServerConfigKeys (ConfUtils.java:logGet(43)) - raft.server.log.appender.buffer.byte-limit = 33554432 (custom)
2019-07-13 19:32:54,185 INFO  server.GrpcService (ConfUtils.java:logGet(43)) - raft.grpc.flow.control.window = 1MB (=1048576) (default)
2019-07-13 19:32:54,186 INFO  server.RaftServerConfigKeys (ConfUtils.java:logGet(43)) - raft.server.rpc.request.timeout = 3000ms (default)
2019-07-13 19:32:54,186 INFO  server.RaftServerConfigKeys (ConfUtils.java:logGet(43)) - raft.server.storage.dir = [/tmp/workdir/hadoop-ozone/integration-test/target/test-dir/MiniOzoneClusterImpl-24814402-2c72-477e-ac32-78cae0af7a4c/datanode-0/data/ratis] (custom)
2019-07-13 19:32:54,187 INFO  replication.SimpleContainerDownloader (SimpleContainerDownloader.java:<init>(72)) - Starting container downloader service to copy containers to replicate.
2019-07-13 19:32:54,188 INFO  hdfs.DFSUtil (DFSUtil.java:httpServerTemplateForNNAndJN(1641)) - Starting Web-server for hddsDatanode at: http://0.0.0.0:0
2019-07-13 19:32:54,205 INFO  server.AuthenticationFilter (AuthenticationFilter.java:constructSecretProvider(240)) - Unable to initialize FileSignerSecretProvider, falling back to use random secrets.
2019-07-13 19:32:54,205 WARN  http.HttpRequestLog (HttpRequestLog.java:getRequestLog(97)) - Jetty request log can only be enabled using Log4j
2019-07-13 19:32:54,207 INFO  http.HttpServer2 (HttpServer2.java:addGlobalFilter(975)) - Added global filter 'safety' (class=org.apache.hadoop.http.HttpServer2$QuotingInputFilter)
2019-07-13 19:32:54,208 INFO  http.HttpServer2 (HttpServer2.java:addFilter(948)) - Added filter static_user_filter (class=org.apache.hadoop.http.lib.StaticUserWebFilter$StaticUserFilter) to context hddsDatanode
2019-07-13 19:32:54,208 INFO  http.HttpServer2 (HttpServer2.java:addFilter(958)) - Added filter static_user_filter (class=org.apache.hadoop.http.lib.StaticUserWebFilter$StaticUserFilter) to context logs
2019-07-13 19:32:54,209 INFO  http.HttpServer2 (HttpServer2.java:addFilter(958)) - Added filter static_user_filter (class=org.apache.hadoop.http.lib.StaticUserWebFilter$StaticUserFilter) to context static
2019-07-13 19:32:54,210 INFO  http.HttpServer2 (HttpServer2.java:bindListener(1191)) - Jetty bound to port 42753
2019-07-13 19:32:54,210 INFO  server.Server (Server.java:doStart(351)) - jetty-9.3.24.v20180605, build timestamp: 2018-06-05T17:11:56Z, git hash: 84205aa28f11a4f31f2a3b86d1bba2cc8ab69827
2019-07-13 19:32:54,213 INFO  handler.ContextHandler (ContextHandler.java:doStart(781)) - Started o.e.j.s.ServletContextHandler@2ac9e53c{/logs,file:///tmp/workdir/hadoop-ozone/integration-test/target/log,AVAILABLE}
2019-07-13 19:32:54,214 INFO  handler.ContextHandler (ContextHandler.java:doStart(781)) - Started o.e.j.s.ServletContextHandler@432f4626{/static,jar:file:/home/user/.m2/repository/org/apache/hadoop/hadoop-hdds-container-service/0.5.0-SNAPSHOT/hadoop-hdds-container-service-0.5.0-SNAPSHOT.jar!/webapps/static,AVAILABLE}
2019-07-13 19:32:54,257 INFO  handler.ContextHandler (ContextHandler.java:doStart(781)) - Started o.e.j.w.WebAppContext@2d7aa291{/,file:///tmp/jetty-0.0.0.0-42753-hddsDatanode-_-any-2467603085276621723.dir/webapp/,AVAILABLE}{/hddsDatanode}
2019-07-13 19:32:54,258 INFO  server.AbstractConnector (AbstractConnector.java:doStart(278)) - Started ServerConnector@1ba7db2a{HTTP/1.1,[http/1.1]}{0.0.0.0:42753}
2019-07-13 19:32:54,290 INFO  server.Server (Server.java:doStart(419)) - Started @45524ms
2019-07-13 19:32:54,291 INFO  server.BaseHttpServer (BaseHttpServer.java:updateConnectorAddress(207)) - HTTP server of HDDSDATANODE is listening at http://0.0.0.0:42753
2019-07-13 19:32:54,434 INFO  ozone.HddsDatanodeService (HddsDatanodeService.java:startPlugins(396)) - Started plug-in org.apache.hadoop.ozone.web.OzoneHddsDatanodeService@1ce6a9bd
2019-07-13 19:32:54,435 INFO  impl.MetricsSystemImpl (MetricsSystemImpl.java:init(158)) - HddsDatanode metrics system started (again)
2019-07-13 19:32:54,436 INFO  ozone.HddsDatanodeService (HddsDatanodeService.java:start(185)) - HddsDatanodeService host:trunk-nightly-fxqsz-774976932 ip:192.168.69.122
2019-07-13 19:32:54,437 INFO  util.JvmPauseMonitor (JvmPauseMonitor.java:run(188)) - Starting JVM pause monitor
2019-07-13 19:32:54,440 INFO  datanode.InitDatanodeState (InitDatanodeState.java:persistContainerDatanodeDetails(140)) - DatanodeDetails is persisted to /tmp/workdir/hadoop-ozone/integration-test/target/test-dir/MiniOzoneClusterImpl-24814402-2c72-477e-ac32-78cae0af7a4c/datanode-0/meta/datanode.id
2019-07-13 19:32:54,451 INFO  volume.HddsVolume (HddsVolume.java:<init>(176)) - Creating Volume: /tmp/workdir/hadoop-ozone/integration-test/target/test-dir/MiniOzoneClusterImpl-24814402-2c72-477e-ac32-78cae0af7a4c/datanode-1/data/containers/hdds of  storage type : DISK and capacity : 52710309888
2019-07-13 19:32:54,451 INFO  volume.VolumeSet (VolumeSet.java:initializeVolumeSet(170)) - Added Volume : /tmp/workdir/hadoop-ozone/integration-test/target/test-dir/MiniOzoneClusterImpl-24814402-2c72-477e-ac32-78cae0af7a4c/datanode-1/data/containers/hdds to VolumeSet
2019-07-13 19:32:54,451 INFO  volume.ThrottledAsyncChecker (ThrottledAsyncChecker.java:schedule(140)) - Scheduling a check for org.apache.hadoop.ozone.container.common.volume.HddsVolume@b671dda
2019-07-13 19:32:54,452 INFO  volume.HddsVolumeChecker (HddsVolumeChecker.java:checkAllVolumes(203)) - Scheduled health check for volume org.apache.hadoop.ozone.container.common.volume.HddsVolume@b671dda
2019-07-13 19:32:54,475 INFO  impl.RaftServerProxy (ConfUtils.java:logGet(43)) - raft.rpc.type = GRPC (default)
2019-07-13 19:32:54,476 INFO  grpc.GrpcFactory (GrpcFactory.java:checkPooledByteBufAllocatorUseCacheForAllThreads(45)) - PERFORMANCE WARNING: useCacheForAllThreads is true that may cause Netty to create a lot garbage objects and, as a result, trigger GC.
	It is recommended to disable useCacheForAllThreads by setting -Dorg.apache.ratis.thirdparty.io.netty.allocator.useCacheForAllThreads=false in command line.
2019-07-13 19:32:54,476 INFO  grpc.GrpcConfigKeys$Server (ConfUtils.java:logGet(43)) - raft.grpc.server.port = 0 (default)
2019-07-13 19:32:54,476 INFO  server.GrpcService (ConfUtils.java:logGet(43)) - raft.grpc.message.size.max = 33570816 (custom)
2019-07-13 19:32:54,476 INFO  server.RaftServerConfigKeys (ConfUtils.java:logGet(43)) - raft.server.log.appender.buffer.byte-limit = 33554432 (custom)
2019-07-13 19:32:54,476 INFO  server.GrpcService (ConfUtils.java:logGet(43)) - raft.grpc.flow.control.window = 1MB (=1048576) (default)
2019-07-13 19:32:54,477 INFO  server.RaftServerConfigKeys (ConfUtils.java:logGet(43)) - raft.server.rpc.request.timeout = 3000ms (default)
2019-07-13 19:32:54,477 INFO  server.RaftServerConfigKeys (ConfUtils.java:logGet(43)) - raft.server.storage.dir = [/tmp/workdir/hadoop-ozone/integration-test/target/test-dir/MiniOzoneClusterImpl-24814402-2c72-477e-ac32-78cae0af7a4c/datanode-1/data/ratis] (custom)
2019-07-13 19:32:54,478 INFO  replication.SimpleContainerDownloader (SimpleContainerDownloader.java:<init>(72)) - Starting container downloader service to copy containers to replicate.
2019-07-13 19:32:54,481 INFO  hdfs.DFSUtil (DFSUtil.java:httpServerTemplateForNNAndJN(1641)) - Starting Web-server for hddsDatanode at: http://0.0.0.0:0
2019-07-13 19:32:54,484 INFO  server.AuthenticationFilter (AuthenticationFilter.java:constructSecretProvider(240)) - Unable to initialize FileSignerSecretProvider, falling back to use random secrets.
2019-07-13 19:32:54,484 WARN  http.HttpRequestLog (HttpRequestLog.java:getRequestLog(97)) - Jetty request log can only be enabled using Log4j
2019-07-13 19:32:54,486 INFO  http.HttpServer2 (HttpServer2.java:addGlobalFilter(975)) - Added global filter 'safety' (class=org.apache.hadoop.http.HttpServer2$QuotingInputFilter)
2019-07-13 19:32:54,487 INFO  http.HttpServer2 (HttpServer2.java:addFilter(948)) - Added filter static_user_filter (class=org.apache.hadoop.http.lib.StaticUserWebFilter$StaticUserFilter) to context hddsDatanode
2019-07-13 19:32:54,488 INFO  http.HttpServer2 (HttpServer2.java:addFilter(958)) - Added filter static_user_filter (class=org.apache.hadoop.http.lib.StaticUserWebFilter$StaticUserFilter) to context static
2019-07-13 19:32:54,488 INFO  http.HttpServer2 (HttpServer2.java:addFilter(958)) - Added filter static_user_filter (class=org.apache.hadoop.http.lib.StaticUserWebFilter$StaticUserFilter) to context logs
2019-07-13 19:32:54,489 INFO  http.HttpServer2 (HttpServer2.java:bindListener(1191)) - Jetty bound to port 35504
2019-07-13 19:32:54,489 INFO  server.Server (Server.java:doStart(351)) - jetty-9.3.24.v20180605, build timestamp: 2018-06-05T17:11:56Z, git hash: 84205aa28f11a4f31f2a3b86d1bba2cc8ab69827
2019-07-13 19:32:54,491 INFO  handler.ContextHandler (ContextHandler.java:doStart(781)) - Started o.e.j.s.ServletContextHandler@5abb7a8f{/logs,file:///tmp/workdir/hadoop-ozone/integration-test/target/log,AVAILABLE}
2019-07-13 19:32:54,492 INFO  handler.ContextHandler (ContextHandler.java:doStart(781)) - Started o.e.j.s.ServletContextHandler@5621a671{/static,jar:file:/home/user/.m2/repository/org/apache/hadoop/hadoop-hdds-container-service/0.5.0-SNAPSHOT/hadoop-hdds-container-service-0.5.0-SNAPSHOT.jar!/webapps/static,AVAILABLE}
2019-07-13 19:32:54,535 INFO  handler.ContextHandler (ContextHandler.java:doStart(781)) - Started o.e.j.w.WebAppContext@1aaaabd1{/,file:///tmp/jetty-0.0.0.0-35504-hddsDatanode-_-any-2359532212763950705.dir/webapp/,AVAILABLE}{/hddsDatanode}
2019-07-13 19:32:54,535 INFO  server.AbstractConnector (AbstractConnector.java:doStart(278)) - Started ServerConnector@7cbe3a05{HTTP/1.1,[http/1.1]}{0.0.0.0:35504}
2019-07-13 19:32:54,541 INFO  server.Server (Server.java:doStart(419)) - Started @45776ms
2019-07-13 19:32:54,542 INFO  server.BaseHttpServer (BaseHttpServer.java:updateConnectorAddress(207)) - HTTP server of HDDSDATANODE is listening at http://0.0.0.0:35504
2019-07-13 19:32:54,700 INFO  ozone.HddsDatanodeService (HddsDatanodeService.java:startPlugins(396)) - Started plug-in org.apache.hadoop.ozone.web.OzoneHddsDatanodeService@719bb60d
2019-07-13 19:32:54,701 INFO  impl.MetricsSystemImpl (MetricsSystemImpl.java:init(158)) - HddsDatanode metrics system started (again)
2019-07-13 19:32:54,701 INFO  ozone.HddsDatanodeService (HddsDatanodeService.java:start(185)) - HddsDatanodeService host:trunk-nightly-fxqsz-774976932 ip:192.168.69.122
2019-07-13 19:32:54,702 INFO  util.JvmPauseMonitor (JvmPauseMonitor.java:run(188)) - Starting JVM pause monitor
2019-07-13 19:32:54,707 INFO  datanode.InitDatanodeState (InitDatanodeState.java:persistContainerDatanodeDetails(140)) - DatanodeDetails is persisted to /tmp/workdir/hadoop-ozone/integration-test/target/test-dir/MiniOzoneClusterImpl-24814402-2c72-477e-ac32-78cae0af7a4c/datanode-1/meta/datanode.id
2019-07-13 19:32:54,716 INFO  volume.HddsVolume (HddsVolume.java:<init>(176)) - Creating Volume: /tmp/workdir/hadoop-ozone/integration-test/target/test-dir/MiniOzoneClusterImpl-24814402-2c72-477e-ac32-78cae0af7a4c/datanode-2/data/containers/hdds of  storage type : DISK and capacity : 52710309888
2019-07-13 19:32:54,716 INFO  volume.VolumeSet (VolumeSet.java:initializeVolumeSet(170)) - Added Volume : /tmp/workdir/hadoop-ozone/integration-test/target/test-dir/MiniOzoneClusterImpl-24814402-2c72-477e-ac32-78cae0af7a4c/datanode-2/data/containers/hdds to VolumeSet
2019-07-13 19:32:54,717 INFO  volume.ThrottledAsyncChecker (ThrottledAsyncChecker.java:schedule(140)) - Scheduling a check for org.apache.hadoop.ozone.container.common.volume.HddsVolume@6abd8bcd
2019-07-13 19:32:54,717 INFO  volume.HddsVolumeChecker (HddsVolumeChecker.java:checkAllVolumes(203)) - Scheduled health check for volume org.apache.hadoop.ozone.container.common.volume.HddsVolume@6abd8bcd
2019-07-13 19:32:54,739 INFO  impl.RaftServerProxy (ConfUtils.java:logGet(43)) - raft.rpc.type = GRPC (default)
2019-07-13 19:32:54,740 INFO  grpc.GrpcFactory (GrpcFactory.java:checkPooledByteBufAllocatorUseCacheForAllThreads(45)) - PERFORMANCE WARNING: useCacheForAllThreads is true that may cause Netty to create a lot garbage objects and, as a result, trigger GC.
	It is recommended to disable useCacheForAllThreads by setting -Dorg.apache.ratis.thirdparty.io.netty.allocator.useCacheForAllThreads=false in command line.
2019-07-13 19:32:54,740 INFO  grpc.GrpcConfigKeys$Server (ConfUtils.java:logGet(43)) - raft.grpc.server.port = 0 (default)
2019-07-13 19:32:54,740 INFO  server.GrpcService (ConfUtils.java:logGet(43)) - raft.grpc.message.size.max = 33570816 (custom)
2019-07-13 19:32:54,740 INFO  server.RaftServerConfigKeys (ConfUtils.java:logGet(43)) - raft.server.log.appender.buffer.byte-limit = 33554432 (custom)
2019-07-13 19:32:54,740 INFO  server.GrpcService (ConfUtils.java:logGet(43)) - raft.grpc.flow.control.window = 1MB (=1048576) (default)
2019-07-13 19:32:54,741 INFO  server.RaftServerConfigKeys (ConfUtils.java:logGet(43)) - raft.server.rpc.request.timeout = 3000ms (default)
2019-07-13 19:32:54,741 INFO  server.RaftServerConfigKeys (ConfUtils.java:logGet(43)) - raft.server.storage.dir = [/tmp/workdir/hadoop-ozone/integration-test/target/test-dir/MiniOzoneClusterImpl-24814402-2c72-477e-ac32-78cae0af7a4c/datanode-2/data/ratis] (custom)
2019-07-13 19:32:54,742 INFO  replication.SimpleContainerDownloader (SimpleContainerDownloader.java:<init>(72)) - Starting container downloader service to copy containers to replicate.
2019-07-13 19:32:54,743 INFO  hdfs.DFSUtil (DFSUtil.java:httpServerTemplateForNNAndJN(1641)) - Starting Web-server for hddsDatanode at: http://0.0.0.0:0
2019-07-13 19:32:54,744 INFO  server.AuthenticationFilter (AuthenticationFilter.java:constructSecretProvider(240)) - Unable to initialize FileSignerSecretProvider, falling back to use random secrets.
2019-07-13 19:32:54,744 WARN  http.HttpRequestLog (HttpRequestLog.java:getRequestLog(97)) - Jetty request log can only be enabled using Log4j
2019-07-13 19:32:54,745 INFO  http.HttpServer2 (HttpServer2.java:addGlobalFilter(975)) - Added global filter 'safety' (class=org.apache.hadoop.http.HttpServer2$QuotingInputFilter)
2019-07-13 19:32:54,746 INFO  http.HttpServer2 (HttpServer2.java:addFilter(948)) - Added filter static_user_filter (class=org.apache.hadoop.http.lib.StaticUserWebFilter$StaticUserFilter) to context hddsDatanode
2019-07-13 19:32:54,746 INFO  http.HttpServer2 (HttpServer2.java:addFilter(958)) - Added filter static_user_filter (class=org.apache.hadoop.http.lib.StaticUserWebFilter$StaticUserFilter) to context static
2019-07-13 19:32:54,746 INFO  http.HttpServer2 (HttpServer2.java:addFilter(958)) - Added filter static_user_filter (class=org.apache.hadoop.http.lib.StaticUserWebFilter$StaticUserFilter) to context logs
2019-07-13 19:32:54,747 INFO  http.HttpServer2 (HttpServer2.java:bindListener(1191)) - Jetty bound to port 41618
2019-07-13 19:32:54,747 INFO  server.Server (Server.java:doStart(351)) - jetty-9.3.24.v20180605, build timestamp: 2018-06-05T17:11:56Z, git hash: 84205aa28f11a4f31f2a3b86d1bba2cc8ab69827
2019-07-13 19:32:54,749 INFO  handler.ContextHandler (ContextHandler.java:doStart(781)) - Started o.e.j.s.ServletContextHandler@af04f09{/logs,file:///tmp/workdir/hadoop-ozone/integration-test/target/log,AVAILABLE}
2019-07-13 19:32:54,749 INFO  handler.ContextHandler (ContextHandler.java:doStart(781)) - Started o.e.j.s.ServletContextHandler@78e97d4d{/static,jar:file:/home/user/.m2/repository/org/apache/hadoop/hadoop-hdds-container-service/0.5.0-SNAPSHOT/hadoop-hdds-container-service-0.5.0-SNAPSHOT.jar!/webapps/static,AVAILABLE}
2019-07-13 19:32:54,777 INFO  handler.ContextHandler (ContextHandler.java:doStart(781)) - Started o.e.j.w.WebAppContext@1554eaa4{/,file:///tmp/jetty-0.0.0.0-41618-hddsDatanode-_-any-5436951038566690260.dir/webapp/,AVAILABLE}{/hddsDatanode}
2019-07-13 19:32:54,777 INFO  server.AbstractConnector (AbstractConnector.java:doStart(278)) - Started ServerConnector@b340615{HTTP/1.1,[http/1.1]}{0.0.0.0:41618}
2019-07-13 19:32:54,777 INFO  server.Server (Server.java:doStart(419)) - Started @46011ms
2019-07-13 19:32:54,783 INFO  server.BaseHttpServer (BaseHttpServer.java:updateConnectorAddress(207)) - HTTP server of HDDSDATANODE is listening at http://0.0.0.0:41618
2019-07-13 19:32:54,899 INFO  ozone.HddsDatanodeService (HddsDatanodeService.java:startPlugins(396)) - Started plug-in org.apache.hadoop.ozone.web.OzoneHddsDatanodeService@2d5c160e
2019-07-13 19:32:54,899 INFO  impl.MetricsSystemImpl (MetricsSystemImpl.java:init(158)) - HddsDatanode metrics system started (again)
2019-07-13 19:32:54,900 INFO  ozone.HddsDatanodeService (HddsDatanodeService.java:start(185)) - HddsDatanodeService host:trunk-nightly-fxqsz-774976932 ip:192.168.69.122
2019-07-13 19:32:54,901 INFO  util.JvmPauseMonitor (JvmPauseMonitor.java:run(188)) - Starting JVM pause monitor
2019-07-13 19:32:54,903 INFO  datanode.InitDatanodeState (InitDatanodeState.java:persistContainerDatanodeDetails(140)) - DatanodeDetails is persisted to /tmp/workdir/hadoop-ozone/integration-test/target/test-dir/MiniOzoneClusterImpl-24814402-2c72-477e-ac32-78cae0af7a4c/datanode-2/meta/datanode.id
2019-07-13 19:32:54,930 INFO  volume.HddsVolume (HddsVolume.java:<init>(176)) - Creating Volume: /tmp/workdir/hadoop-ozone/integration-test/target/test-dir/MiniOzoneClusterImpl-24814402-2c72-477e-ac32-78cae0af7a4c/datanode-3/data/containers/hdds of  storage type : DISK and capacity : 52710309888
2019-07-13 19:32:54,930 INFO  volume.VolumeSet (VolumeSet.java:initializeVolumeSet(170)) - Added Volume : /tmp/workdir/hadoop-ozone/integration-test/target/test-dir/MiniOzoneClusterImpl-24814402-2c72-477e-ac32-78cae0af7a4c/datanode-3/data/containers/hdds to VolumeSet
2019-07-13 19:32:54,931 INFO  volume.ThrottledAsyncChecker (ThrottledAsyncChecker.java:schedule(140)) - Scheduling a check for org.apache.hadoop.ozone.container.common.volume.HddsVolume@2419a5db
2019-07-13 19:32:54,932 INFO  volume.HddsVolumeChecker (HddsVolumeChecker.java:checkAllVolumes(203)) - Scheduled health check for volume org.apache.hadoop.ozone.container.common.volume.HddsVolume@2419a5db
2019-07-13 19:32:54,958 INFO  impl.RaftServerProxy (ConfUtils.java:logGet(43)) - raft.rpc.type = GRPC (default)
2019-07-13 19:32:54,958 INFO  grpc.GrpcFactory (GrpcFactory.java:checkPooledByteBufAllocatorUseCacheForAllThreads(45)) - PERFORMANCE WARNING: useCacheForAllThreads is true that may cause Netty to create a lot garbage objects and, as a result, trigger GC.
	It is recommended to disable useCacheForAllThreads by setting -Dorg.apache.ratis.thirdparty.io.netty.allocator.useCacheForAllThreads=false in command line.
2019-07-13 19:32:54,958 INFO  grpc.GrpcConfigKeys$Server (ConfUtils.java:logGet(43)) - raft.grpc.server.port = 0 (default)
2019-07-13 19:32:54,959 INFO  server.GrpcService (ConfUtils.java:logGet(43)) - raft.grpc.message.size.max = 33570816 (custom)
2019-07-13 19:32:54,959 INFO  server.RaftServerConfigKeys (ConfUtils.java:logGet(43)) - raft.server.log.appender.buffer.byte-limit = 33554432 (custom)
2019-07-13 19:32:54,959 INFO  server.GrpcService (ConfUtils.java:logGet(43)) - raft.grpc.flow.control.window = 1MB (=1048576) (default)
2019-07-13 19:32:54,960 INFO  server.RaftServerConfigKeys (ConfUtils.java:logGet(43)) - raft.server.rpc.request.timeout = 3000ms (default)
2019-07-13 19:32:54,960 INFO  server.RaftServerConfigKeys (ConfUtils.java:logGet(43)) - raft.server.storage.dir = [/tmp/workdir/hadoop-ozone/integration-test/target/test-dir/MiniOzoneClusterImpl-24814402-2c72-477e-ac32-78cae0af7a4c/datanode-3/data/ratis] (custom)
2019-07-13 19:32:54,961 INFO  replication.SimpleContainerDownloader (SimpleContainerDownloader.java:<init>(72)) - Starting container downloader service to copy containers to replicate.
2019-07-13 19:32:54,963 INFO  hdfs.DFSUtil (DFSUtil.java:httpServerTemplateForNNAndJN(1641)) - Starting Web-server for hddsDatanode at: http://0.0.0.0:0
2019-07-13 19:32:54,965 INFO  server.AuthenticationFilter (AuthenticationFilter.java:constructSecretProvider(240)) - Unable to initialize FileSignerSecretProvider, falling back to use random secrets.
2019-07-13 19:32:54,966 WARN  http.HttpRequestLog (HttpRequestLog.java:getRequestLog(97)) - Jetty request log can only be enabled using Log4j
2019-07-13 19:32:54,968 INFO  http.HttpServer2 (HttpServer2.java:addGlobalFilter(975)) - Added global filter 'safety' (class=org.apache.hadoop.http.HttpServer2$QuotingInputFilter)
2019-07-13 19:32:54,969 INFO  http.HttpServer2 (HttpServer2.java:addFilter(948)) - Added filter static_user_filter (class=org.apache.hadoop.http.lib.StaticUserWebFilter$StaticUserFilter) to context hddsDatanode
2019-07-13 19:32:54,969 INFO  http.HttpServer2 (HttpServer2.java:addFilter(958)) - Added filter static_user_filter (class=org.apache.hadoop.http.lib.StaticUserWebFilter$StaticUserFilter) to context logs
2019-07-13 19:32:54,969 INFO  http.HttpServer2 (HttpServer2.java:addFilter(958)) - Added filter static_user_filter (class=org.apache.hadoop.http.lib.StaticUserWebFilter$StaticUserFilter) to context static
2019-07-13 19:32:54,970 INFO  http.HttpServer2 (HttpServer2.java:bindListener(1191)) - Jetty bound to port 45790
2019-07-13 19:32:54,970 INFO  server.Server (Server.java:doStart(351)) - jetty-9.3.24.v20180605, build timestamp: 2018-06-05T17:11:56Z, git hash: 84205aa28f11a4f31f2a3b86d1bba2cc8ab69827
2019-07-13 19:32:54,973 INFO  handler.ContextHandler (ContextHandler.java:doStart(781)) - Started o.e.j.s.ServletContextHandler@68550d86{/logs,file:///tmp/workdir/hadoop-ozone/integration-test/target/log,AVAILABLE}
2019-07-13 19:32:54,974 INFO  handler.ContextHandler (ContextHandler.java:doStart(781)) - Started o.e.j.s.ServletContextHandler@484876a1{/static,jar:file:/home/user/.m2/repository/org/apache/hadoop/hadoop-hdds-container-service/0.5.0-SNAPSHOT/hadoop-hdds-container-service-0.5.0-SNAPSHOT.jar!/webapps/static,AVAILABLE}
2019-07-13 19:32:55,025 INFO  handler.ContextHandler (ContextHandler.java:doStart(781)) - Started o.e.j.w.WebAppContext@6e6c8854{/,file:///tmp/jetty-0.0.0.0-45790-hddsDatanode-_-any-3007328574890301668.dir/webapp/,AVAILABLE}{/hddsDatanode}
2019-07-13 19:32:55,026 INFO  server.AbstractConnector (AbstractConnector.java:doStart(278)) - Started ServerConnector@4be1dce6{HTTP/1.1,[http/1.1]}{0.0.0.0:45790}
2019-07-13 19:32:55,032 INFO  server.Server (Server.java:doStart(419)) - Started @46266ms
2019-07-13 19:32:55,033 INFO  server.BaseHttpServer (BaseHttpServer.java:updateConnectorAddress(207)) - HTTP server of HDDSDATANODE is listening at http://0.0.0.0:45790
2019-07-13 19:32:55,058 WARN  server.GrpcLogAppender (LogUtils.java:warn(134)) - 3b7fc3d4-38ac-4cbc-ac5c-0a5ecb5eaa58->26f66dd9-c91a-486d-a992-f58b07c1a85c: Failed appendEntries: org.apache.ratis.thirdparty.io.grpc.StatusRuntimeException: UNAVAILABLE: io exception
2019-07-13 19:32:55,058 WARN  server.GrpcLogAppender (LogUtils.java:warn(134)) - 3b7fc3d4-38ac-4cbc-ac5c-0a5ecb5eaa58->12ebe1e8-f3b8-43be-a24e-312d113c4afa: Failed appendEntries: org.apache.ratis.thirdparty.io.grpc.StatusRuntimeException: UNAVAILABLE: io exception
2019-07-13 19:32:55,080 INFO  impl.FollowerInfo (FollowerInfo.java:lambda$new$0(50)) - 3b7fc3d4-38ac-4cbc-ac5c-0a5ecb5eaa58->26f66dd9-c91a-486d-a992-f58b07c1a85c: nextIndex: updateUnconditionally 2 -> 1
2019-07-13 19:32:55,081 INFO  impl.FollowerInfo (FollowerInfo.java:lambda$new$0(50)) - 3b7fc3d4-38ac-4cbc-ac5c-0a5ecb5eaa58->12ebe1e8-f3b8-43be-a24e-312d113c4afa: nextIndex: updateUnconditionally 0 -> 0
2019-07-13 19:32:55,209 INFO  ozone.HddsDatanodeService (HddsDatanodeService.java:startPlugins(396)) - Started plug-in org.apache.hadoop.ozone.web.OzoneHddsDatanodeService@5265a8dd
2019-07-13 19:32:55,209 INFO  impl.MetricsSystemImpl (MetricsSystemImpl.java:init(158)) - HddsDatanode metrics system started (again)
2019-07-13 19:32:55,210 INFO  ozone.HddsDatanodeService (HddsDatanodeService.java:start(185)) - HddsDatanodeService host:trunk-nightly-fxqsz-774976932 ip:192.168.69.122
2019-07-13 19:32:55,210 INFO  util.JvmPauseMonitor (JvmPauseMonitor.java:run(188)) - Starting JVM pause monitor
2019-07-13 19:32:55,213 INFO  datanode.InitDatanodeState (InitDatanodeState.java:persistContainerDatanodeDetails(140)) - DatanodeDetails is persisted to /tmp/workdir/hadoop-ozone/integration-test/target/test-dir/MiniOzoneClusterImpl-24814402-2c72-477e-ac32-78cae0af7a4c/datanode-3/meta/datanode.id
2019-07-13 19:32:55,241 INFO  volume.HddsVolume (HddsVolume.java:<init>(176)) - Creating Volume: /tmp/workdir/hadoop-ozone/integration-test/target/test-dir/MiniOzoneClusterImpl-24814402-2c72-477e-ac32-78cae0af7a4c/datanode-4/data/containers/hdds of  storage type : DISK and capacity : 52710309888
2019-07-13 19:32:55,241 INFO  volume.VolumeSet (VolumeSet.java:initializeVolumeSet(170)) - Added Volume : /tmp/workdir/hadoop-ozone/integration-test/target/test-dir/MiniOzoneClusterImpl-24814402-2c72-477e-ac32-78cae0af7a4c/datanode-4/data/containers/hdds to VolumeSet
2019-07-13 19:32:55,242 INFO  volume.ThrottledAsyncChecker (ThrottledAsyncChecker.java:schedule(140)) - Scheduling a check for org.apache.hadoop.ozone.container.common.volume.HddsVolume@5cfe28e1
2019-07-13 19:32:55,242 INFO  volume.HddsVolumeChecker (HddsVolumeChecker.java:checkAllVolumes(203)) - Scheduled health check for volume org.apache.hadoop.ozone.container.common.volume.HddsVolume@5cfe28e1
2019-07-13 19:32:55,267 INFO  impl.RaftServerProxy (ConfUtils.java:logGet(43)) - raft.rpc.type = GRPC (default)
2019-07-13 19:32:55,267 INFO  grpc.GrpcFactory (GrpcFactory.java:checkPooledByteBufAllocatorUseCacheForAllThreads(45)) - PERFORMANCE WARNING: useCacheForAllThreads is true that may cause Netty to create a lot garbage objects and, as a result, trigger GC.
	It is recommended to disable useCacheForAllThreads by setting -Dorg.apache.ratis.thirdparty.io.netty.allocator.useCacheForAllThreads=false in command line.
2019-07-13 19:32:55,267 INFO  grpc.GrpcConfigKeys$Server (ConfUtils.java:logGet(43)) - raft.grpc.server.port = 0 (default)
2019-07-13 19:32:55,268 INFO  server.GrpcService (ConfUtils.java:logGet(43)) - raft.grpc.message.size.max = 33570816 (custom)
2019-07-13 19:32:55,268 INFO  server.RaftServerConfigKeys (ConfUtils.java:logGet(43)) - raft.server.log.appender.buffer.byte-limit = 33554432 (custom)
2019-07-13 19:32:55,268 INFO  server.GrpcService (ConfUtils.java:logGet(43)) - raft.grpc.flow.control.window = 1MB (=1048576) (default)
2019-07-13 19:32:55,268 INFO  server.RaftServerConfigKeys (ConfUtils.java:logGet(43)) - raft.server.rpc.request.timeout = 3000ms (default)
2019-07-13 19:32:55,269 INFO  server.RaftServerConfigKeys (ConfUtils.java:logGet(43)) - raft.server.storage.dir = [/tmp/workdir/hadoop-ozone/integration-test/target/test-dir/MiniOzoneClusterImpl-24814402-2c72-477e-ac32-78cae0af7a4c/datanode-4/data/ratis] (custom)
2019-07-13 19:32:55,270 INFO  replication.SimpleContainerDownloader (SimpleContainerDownloader.java:<init>(72)) - Starting container downloader service to copy containers to replicate.
2019-07-13 19:32:55,271 INFO  hdfs.DFSUtil (DFSUtil.java:httpServerTemplateForNNAndJN(1641)) - Starting Web-server for hddsDatanode at: http://0.0.0.0:0
2019-07-13 19:32:55,274 INFO  server.AuthenticationFilter (AuthenticationFilter.java:constructSecretProvider(240)) - Unable to initialize FileSignerSecretProvider, falling back to use random secrets.
2019-07-13 19:32:55,274 WARN  http.HttpRequestLog (HttpRequestLog.java:getRequestLog(97)) - Jetty request log can only be enabled using Log4j
2019-07-13 19:32:55,276 INFO  http.HttpServer2 (HttpServer2.java:addGlobalFilter(975)) - Added global filter 'safety' (class=org.apache.hadoop.http.HttpServer2$QuotingInputFilter)
2019-07-13 19:32:55,277 INFO  http.HttpServer2 (HttpServer2.java:addFilter(948)) - Added filter static_user_filter (class=org.apache.hadoop.http.lib.StaticUserWebFilter$StaticUserFilter) to context hddsDatanode
2019-07-13 19:32:55,277 INFO  http.HttpServer2 (HttpServer2.java:addFilter(958)) - Added filter static_user_filter (class=org.apache.hadoop.http.lib.StaticUserWebFilter$StaticUserFilter) to context static
2019-07-13 19:32:55,278 INFO  http.HttpServer2 (HttpServer2.java:addFilter(958)) - Added filter static_user_filter (class=org.apache.hadoop.http.lib.StaticUserWebFilter$StaticUserFilter) to context logs
2019-07-13 19:32:55,279 INFO  http.HttpServer2 (HttpServer2.java:bindListener(1191)) - Jetty bound to port 44742
2019-07-13 19:32:55,279 INFO  server.Server (Server.java:doStart(351)) - jetty-9.3.24.v20180605, build timestamp: 2018-06-05T17:11:56Z, git hash: 84205aa28f11a4f31f2a3b86d1bba2cc8ab69827
2019-07-13 19:32:55,282 INFO  handler.ContextHandler (ContextHandler.java:doStart(781)) - Started o.e.j.s.ServletContextHandler@225ac5e7{/logs,file:///tmp/workdir/hadoop-ozone/integration-test/target/log,AVAILABLE}
2019-07-13 19:32:55,282 INFO  handler.ContextHandler (ContextHandler.java:doStart(781)) - Started o.e.j.s.ServletContextHandler@44948ac6{/static,jar:file:/home/user/.m2/repository/org/apache/hadoop/hadoop-hdds-container-service/0.5.0-SNAPSHOT/hadoop-hdds-container-service-0.5.0-SNAPSHOT.jar!/webapps/static,AVAILABLE}
2019-07-13 19:32:55,323 INFO  handler.ContextHandler (ContextHandler.java:doStart(781)) - Started o.e.j.w.WebAppContext@30bf881e{/,file:///tmp/jetty-0.0.0.0-44742-hddsDatanode-_-any-1249651647380020163.dir/webapp/,AVAILABLE}{/hddsDatanode}
2019-07-13 19:32:55,324 INFO  server.AbstractConnector (AbstractConnector.java:doStart(278)) - Started ServerConnector@1041ebba{HTTP/1.1,[http/1.1]}{0.0.0.0:44742}
2019-07-13 19:32:55,329 INFO  server.Server (Server.java:doStart(419)) - Started @46563ms
2019-07-13 19:32:55,330 INFO  server.BaseHttpServer (BaseHttpServer.java:updateConnectorAddress(207)) - HTTP server of HDDSDATANODE is listening at http://0.0.0.0:44742
2019-07-13 19:32:55,451 INFO  ozone.HddsDatanodeService (HddsDatanodeService.java:startPlugins(396)) - Started plug-in org.apache.hadoop.ozone.web.OzoneHddsDatanodeService@38a27ace
2019-07-13 19:32:55,451 INFO  impl.MetricsSystemImpl (MetricsSystemImpl.java:init(158)) - HddsDatanode metrics system started (again)
2019-07-13 19:32:55,451 INFO  ozone.HddsDatanodeService (HddsDatanodeService.java:start(185)) - HddsDatanodeService host:trunk-nightly-fxqsz-774976932 ip:192.168.69.122
2019-07-13 19:32:55,453 INFO  util.JvmPauseMonitor (JvmPauseMonitor.java:run(188)) - Starting JVM pause monitor
2019-07-13 19:32:55,455 INFO  datanode.InitDatanodeState (InitDatanodeState.java:persistContainerDatanodeDetails(140)) - DatanodeDetails is persisted to /tmp/workdir/hadoop-ozone/integration-test/target/test-dir/MiniOzoneClusterImpl-24814402-2c72-477e-ac32-78cae0af7a4c/datanode-4/meta/datanode.id
2019-07-13 19:32:55,466 INFO  volume.HddsVolume (HddsVolume.java:<init>(176)) - Creating Volume: /tmp/workdir/hadoop-ozone/integration-test/target/test-dir/MiniOzoneClusterImpl-24814402-2c72-477e-ac32-78cae0af7a4c/datanode-5/data/containers/hdds of  storage type : DISK and capacity : 52710309888
2019-07-13 19:32:55,467 INFO  volume.VolumeSet (VolumeSet.java:initializeVolumeSet(170)) - Added Volume : /tmp/workdir/hadoop-ozone/integration-test/target/test-dir/MiniOzoneClusterImpl-24814402-2c72-477e-ac32-78cae0af7a4c/datanode-5/data/containers/hdds to VolumeSet
2019-07-13 19:32:55,467 INFO  volume.ThrottledAsyncChecker (ThrottledAsyncChecker.java:schedule(140)) - Scheduling a check for org.apache.hadoop.ozone.container.common.volume.HddsVolume@14d36bb2
2019-07-13 19:32:55,467 INFO  volume.HddsVolumeChecker (HddsVolumeChecker.java:checkAllVolumes(203)) - Scheduled health check for volume org.apache.hadoop.ozone.container.common.volume.HddsVolume@14d36bb2
2019-07-13 19:32:55,489 INFO  impl.RaftServerProxy (ConfUtils.java:logGet(43)) - raft.rpc.type = GRPC (default)
2019-07-13 19:32:55,490 INFO  grpc.GrpcFactory (GrpcFactory.java:checkPooledByteBufAllocatorUseCacheForAllThreads(45)) - PERFORMANCE WARNING: useCacheForAllThreads is true that may cause Netty to create a lot garbage objects and, as a result, trigger GC.
	It is recommended to disable useCacheForAllThreads by setting -Dorg.apache.ratis.thirdparty.io.netty.allocator.useCacheForAllThreads=false in command line.
2019-07-13 19:32:55,490 INFO  grpc.GrpcConfigKeys$Server (ConfUtils.java:logGet(43)) - raft.grpc.server.port = 0 (default)
2019-07-13 19:32:55,490 INFO  server.GrpcService (ConfUtils.java:logGet(43)) - raft.grpc.message.size.max = 33570816 (custom)
2019-07-13 19:32:55,490 INFO  server.RaftServerConfigKeys (ConfUtils.java:logGet(43)) - raft.server.log.appender.buffer.byte-limit = 33554432 (custom)
2019-07-13 19:32:55,490 INFO  server.GrpcService (ConfUtils.java:logGet(43)) - raft.grpc.flow.control.window = 1MB (=1048576) (default)
2019-07-13 19:32:55,490 INFO  server.RaftServerConfigKeys (ConfUtils.java:logGet(43)) - raft.server.rpc.request.timeout = 3000ms (default)
2019-07-13 19:32:55,491 INFO  server.RaftServerConfigKeys (ConfUtils.java:logGet(43)) - raft.server.storage.dir = [/tmp/workdir/hadoop-ozone/integration-test/target/test-dir/MiniOzoneClusterImpl-24814402-2c72-477e-ac32-78cae0af7a4c/datanode-5/data/ratis] (custom)
2019-07-13 19:32:55,491 INFO  replication.SimpleContainerDownloader (SimpleContainerDownloader.java:<init>(72)) - Starting container downloader service to copy containers to replicate.
2019-07-13 19:32:55,492 INFO  hdfs.DFSUtil (DFSUtil.java:httpServerTemplateForNNAndJN(1641)) - Starting Web-server for hddsDatanode at: http://0.0.0.0:0
2019-07-13 19:32:55,494 INFO  server.AuthenticationFilter (AuthenticationFilter.java:constructSecretProvider(240)) - Unable to initialize FileSignerSecretProvider, falling back to use random secrets.
2019-07-13 19:32:55,494 WARN  http.HttpRequestLog (HttpRequestLog.java:getRequestLog(97)) - Jetty request log can only be enabled using Log4j
2019-07-13 19:32:55,495 INFO  http.HttpServer2 (HttpServer2.java:addGlobalFilter(975)) - Added global filter 'safety' (class=org.apache.hadoop.http.HttpServer2$QuotingInputFilter)
2019-07-13 19:32:55,496 INFO  http.HttpServer2 (HttpServer2.java:addFilter(948)) - Added filter static_user_filter (class=org.apache.hadoop.http.lib.StaticUserWebFilter$StaticUserFilter) to context hddsDatanode
2019-07-13 19:32:55,496 INFO  http.HttpServer2 (HttpServer2.java:addFilter(958)) - Added filter static_user_filter (class=org.apache.hadoop.http.lib.StaticUserWebFilter$StaticUserFilter) to context static
2019-07-13 19:32:55,496 INFO  http.HttpServer2 (HttpServer2.java:addFilter(958)) - Added filter static_user_filter (class=org.apache.hadoop.http.lib.StaticUserWebFilter$StaticUserFilter) to context logs
2019-07-13 19:32:55,496 INFO  http.HttpServer2 (HttpServer2.java:bindListener(1191)) - Jetty bound to port 37980
2019-07-13 19:32:55,497 INFO  server.Server (Server.java:doStart(351)) - jetty-9.3.24.v20180605, build timestamp: 2018-06-05T17:11:56Z, git hash: 84205aa28f11a4f31f2a3b86d1bba2cc8ab69827
2019-07-13 19:32:55,499 INFO  handler.ContextHandler (ContextHandler.java:doStart(781)) - Started o.e.j.s.ServletContextHandler@3fa57aa8{/logs,file:///tmp/workdir/hadoop-ozone/integration-test/target/log,AVAILABLE}
2019-07-13 19:32:55,499 INFO  handler.ContextHandler (ContextHandler.java:doStart(781)) - Started o.e.j.s.ServletContextHandler@2e847e71{/static,jar:file:/home/user/.m2/repository/org/apache/hadoop/hadoop-hdds-container-service/0.5.0-SNAPSHOT/hadoop-hdds-container-service-0.5.0-SNAPSHOT.jar!/webapps/static,AVAILABLE}
2019-07-13 19:32:55,526 INFO  handler.ContextHandler (ContextHandler.java:doStart(781)) - Started o.e.j.w.WebAppContext@642ec6{/,file:///tmp/jetty-0.0.0.0-37980-hddsDatanode-_-any-626089422710053133.dir/webapp/,AVAILABLE}{/hddsDatanode}
2019-07-13 19:32:55,527 INFO  server.AbstractConnector (AbstractConnector.java:doStart(278)) - Started ServerConnector@656302c{HTTP/1.1,[http/1.1]}{0.0.0.0:37980}
2019-07-13 19:32:55,532 INFO  server.Server (Server.java:doStart(419)) - Started @46767ms
2019-07-13 19:32:55,533 INFO  server.BaseHttpServer (BaseHttpServer.java:updateConnectorAddress(207)) - HTTP server of HDDSDATANODE is listening at http://0.0.0.0:37980
2019-07-13 19:32:55,695 INFO  ozone.HddsDatanodeService (HddsDatanodeService.java:startPlugins(396)) - Started plug-in org.apache.hadoop.ozone.web.OzoneHddsDatanodeService@3ebc6d8b
2019-07-13 19:32:55,695 INFO  impl.MetricsSystemImpl (MetricsSystemImpl.java:init(158)) - HddsDatanode metrics system started (again)
2019-07-13 19:32:55,696 INFO  ozone.HddsDatanodeService (HddsDatanodeService.java:start(185)) - HddsDatanodeService host:trunk-nightly-fxqsz-774976932 ip:192.168.69.122
2019-07-13 19:32:55,697 INFO  util.JvmPauseMonitor (JvmPauseMonitor.java:run(188)) - Starting JVM pause monitor
2019-07-13 19:32:55,699 INFO  datanode.InitDatanodeState (InitDatanodeState.java:persistContainerDatanodeDetails(140)) - DatanodeDetails is persisted to /tmp/workdir/hadoop-ozone/integration-test/target/test-dir/MiniOzoneClusterImpl-24814402-2c72-477e-ac32-78cae0af7a4c/datanode-5/meta/datanode.id
2019-07-13 19:32:55,712 INFO  volume.HddsVolume (HddsVolume.java:<init>(176)) - Creating Volume: /tmp/workdir/hadoop-ozone/integration-test/target/test-dir/MiniOzoneClusterImpl-24814402-2c72-477e-ac32-78cae0af7a4c/datanode-6/data/containers/hdds of  storage type : DISK and capacity : 52710309888
2019-07-13 19:32:55,712 INFO  volume.VolumeSet (VolumeSet.java:initializeVolumeSet(170)) - Added Volume : /tmp/workdir/hadoop-ozone/integration-test/target/test-dir/MiniOzoneClusterImpl-24814402-2c72-477e-ac32-78cae0af7a4c/datanode-6/data/containers/hdds to VolumeSet
2019-07-13 19:32:55,713 INFO  volume.ThrottledAsyncChecker (ThrottledAsyncChecker.java:schedule(140)) - Scheduling a check for org.apache.hadoop.ozone.container.common.volume.HddsVolume@66e218d8
2019-07-13 19:32:55,713 INFO  volume.HddsVolumeChecker (HddsVolumeChecker.java:checkAllVolumes(203)) - Scheduled health check for volume org.apache.hadoop.ozone.container.common.volume.HddsVolume@66e218d8
2019-07-13 19:32:55,732 INFO  impl.RaftServerProxy (ConfUtils.java:logGet(43)) - raft.rpc.type = GRPC (default)
2019-07-13 19:32:55,733 INFO  grpc.GrpcFactory (GrpcFactory.java:checkPooledByteBufAllocatorUseCacheForAllThreads(45)) - PERFORMANCE WARNING: useCacheForAllThreads is true that may cause Netty to create a lot garbage objects and, as a result, trigger GC.
	It is recommended to disable useCacheForAllThreads by setting -Dorg.apache.ratis.thirdparty.io.netty.allocator.useCacheForAllThreads=false in command line.
2019-07-13 19:32:55,733 INFO  grpc.GrpcConfigKeys$Server (ConfUtils.java:logGet(43)) - raft.grpc.server.port = 0 (default)
2019-07-13 19:32:55,733 INFO  server.GrpcService (ConfUtils.java:logGet(43)) - raft.grpc.message.size.max = 33570816 (custom)
2019-07-13 19:32:55,733 INFO  server.RaftServerConfigKeys (ConfUtils.java:logGet(43)) - raft.server.log.appender.buffer.byte-limit = 33554432 (custom)
2019-07-13 19:32:55,733 INFO  server.GrpcService (ConfUtils.java:logGet(43)) - raft.grpc.flow.control.window = 1MB (=1048576) (default)
2019-07-13 19:32:55,734 INFO  server.RaftServerConfigKeys (ConfUtils.java:logGet(43)) - raft.server.rpc.request.timeout = 3000ms (default)
2019-07-13 19:32:55,734 INFO  server.RaftServerConfigKeys (ConfUtils.java:logGet(43)) - raft.server.storage.dir = [/tmp/workdir/hadoop-ozone/integration-test/target/test-dir/MiniOzoneClusterImpl-24814402-2c72-477e-ac32-78cae0af7a4c/datanode-6/data/ratis] (custom)
2019-07-13 19:32:55,735 INFO  replication.SimpleContainerDownloader (SimpleContainerDownloader.java:<init>(72)) - Starting container downloader service to copy containers to replicate.
2019-07-13 19:32:55,736 INFO  hdfs.DFSUtil (DFSUtil.java:httpServerTemplateForNNAndJN(1641)) - Starting Web-server for hddsDatanode at: http://0.0.0.0:0
2019-07-13 19:32:55,737 INFO  server.AuthenticationFilter (AuthenticationFilter.java:constructSecretProvider(240)) - Unable to initialize FileSignerSecretProvider, falling back to use random secrets.
2019-07-13 19:32:55,737 WARN  http.HttpRequestLog (HttpRequestLog.java:getRequestLog(97)) - Jetty request log can only be enabled using Log4j
2019-07-13 19:32:55,739 INFO  http.HttpServer2 (HttpServer2.java:addGlobalFilter(975)) - Added global filter 'safety' (class=org.apache.hadoop.http.HttpServer2$QuotingInputFilter)
2019-07-13 19:32:55,739 INFO  http.HttpServer2 (HttpServer2.java:addFilter(948)) - Added filter static_user_filter (class=org.apache.hadoop.http.lib.StaticUserWebFilter$StaticUserFilter) to context hddsDatanode
2019-07-13 19:32:55,739 INFO  http.HttpServer2 (HttpServer2.java:addFilter(958)) - Added filter static_user_filter (class=org.apache.hadoop.http.lib.StaticUserWebFilter$StaticUserFilter) to context logs
2019-07-13 19:32:55,739 INFO  http.HttpServer2 (HttpServer2.java:addFilter(958)) - Added filter static_user_filter (class=org.apache.hadoop.http.lib.StaticUserWebFilter$StaticUserFilter) to context static
2019-07-13 19:32:55,740 INFO  http.HttpServer2 (HttpServer2.java:bindListener(1191)) - Jetty bound to port 40493
2019-07-13 19:32:55,740 INFO  server.Server (Server.java:doStart(351)) - jetty-9.3.24.v20180605, build timestamp: 2018-06-05T17:11:56Z, git hash: 84205aa28f11a4f31f2a3b86d1bba2cc8ab69827
2019-07-13 19:32:55,742 INFO  handler.ContextHandler (ContextHandler.java:doStart(781)) - Started o.e.j.s.ServletContextHandler@6f69e2d8{/logs,file:///tmp/workdir/hadoop-ozone/integration-test/target/log,AVAILABLE}
2019-07-13 19:32:55,743 INFO  handler.ContextHandler (ContextHandler.java:doStart(781)) - Started o.e.j.s.ServletContextHandler@3539cf45{/static,jar:file:/home/user/.m2/repository/org/apache/hadoop/hadoop-hdds-container-service/0.5.0-SNAPSHOT/hadoop-hdds-container-service-0.5.0-SNAPSHOT.jar!/webapps/static,AVAILABLE}
2019-07-13 19:32:55,770 INFO  handler.ContextHandler (ContextHandler.java:doStart(781)) - Started o.e.j.w.WebAppContext@46d51d5e{/,file:///tmp/jetty-0.0.0.0-40493-hddsDatanode-_-any-1585684842649927822.dir/webapp/,AVAILABLE}{/hddsDatanode}
2019-07-13 19:32:55,770 INFO  server.AbstractConnector (AbstractConnector.java:doStart(278)) - Started ServerConnector@530df3ab{HTTP/1.1,[http/1.1]}{0.0.0.0:40493}
2019-07-13 19:32:55,774 INFO  server.Server (Server.java:doStart(419)) - Started @47009ms
2019-07-13 19:32:55,775 INFO  server.BaseHttpServer (BaseHttpServer.java:updateConnectorAddress(207)) - HTTP server of HDDSDATANODE is listening at http://0.0.0.0:40493
2019-07-13 19:32:55,888 INFO  ozone.HddsDatanodeService (HddsDatanodeService.java:startPlugins(396)) - Started plug-in org.apache.hadoop.ozone.web.OzoneHddsDatanodeService@39a2e77d
2019-07-13 19:32:55,889 INFO  ozone.MiniOzoneClusterImpl (MiniOzoneClusterImpl.java:lambda$waitForClusterToBeReady$0(142)) - Waiting for cluster to be ready. Got 0 of 7 DN Heartbeats.
2019-07-13 19:32:55,890 INFO  util.JvmPauseMonitor (JvmPauseMonitor.java:run(188)) - Starting JVM pause monitor
2019-07-13 19:32:55,892 INFO  datanode.InitDatanodeState (InitDatanodeState.java:persistContainerDatanodeDetails(140)) - DatanodeDetails is persisted to /tmp/workdir/hadoop-ozone/integration-test/target/test-dir/MiniOzoneClusterImpl-24814402-2c72-477e-ac32-78cae0af7a4c/datanode-6/meta/datanode.id
2019-07-13 19:32:56,474 INFO  ozoneimpl.OzoneContainer (OzoneContainer.java:start(186)) - Attempting to start container services.
2019-07-13 19:32:56,474 INFO  ozoneimpl.OzoneContainer (OzoneContainer.java:startContainerScrub(160)) - Background container scrubber has been disabled by hdds.containerscrub.enabled
2019-07-13 19:32:56,475 INFO  ratis.XceiverServerRatis (XceiverServerRatis.java:start(418)) - Starting XceiverServerRatis 60ce25f2-006c-4f2f-9804-0a3aa3878877 at port 0
2019-07-13 19:32:56,483 INFO  impl.RaftServerProxy (RaftServerProxy.java:lambda$start$3(299)) - 60ce25f2-006c-4f2f-9804-0a3aa3878877: start RPC server
2019-07-13 19:32:56,484 INFO  server.GrpcService (GrpcService.java:startImpl(149)) - 60ce25f2-006c-4f2f-9804-0a3aa3878877: GrpcService started, listening on 0.0.0.0/0.0.0.0:46818
2019-07-13 19:32:56,484 INFO  ratis.XceiverServerRatis (XceiverServerRatis.java:start(428)) - XceiverServerRatis 60ce25f2-006c-4f2f-9804-0a3aa3878877 is started using port 46818
2019-07-13 19:32:56,485 INFO  server.XceiverServerGrpc (XceiverServerGrpc.java:start(161)) - XceiverServerGrpc 60ce25f2-006c-4f2f-9804-0a3aa3878877 is started using port 33925
2019-07-13 19:32:56,734 INFO  ozoneimpl.OzoneContainer (OzoneContainer.java:start(186)) - Attempting to start container services.
2019-07-13 19:32:56,734 INFO  ozoneimpl.OzoneContainer (OzoneContainer.java:startContainerScrub(160)) - Background container scrubber has been disabled by hdds.containerscrub.enabled
2019-07-13 19:32:56,734 INFO  ratis.XceiverServerRatis (XceiverServerRatis.java:start(418)) - Starting XceiverServerRatis 00d91248-b81b-486b-9e32-e5c5f65edbd1 at port 0
2019-07-13 19:32:56,742 INFO  impl.RaftServerProxy (RaftServerProxy.java:lambda$start$3(299)) - 00d91248-b81b-486b-9e32-e5c5f65edbd1: start RPC server
2019-07-13 19:32:56,743 INFO  server.GrpcService (GrpcService.java:startImpl(149)) - 00d91248-b81b-486b-9e32-e5c5f65edbd1: GrpcService started, listening on 0.0.0.0/0.0.0.0:40611
2019-07-13 19:32:56,743 INFO  ratis.XceiverServerRatis (XceiverServerRatis.java:start(428)) - XceiverServerRatis 00d91248-b81b-486b-9e32-e5c5f65edbd1 is started using port 40611
2019-07-13 19:32:56,744 INFO  server.XceiverServerGrpc (XceiverServerGrpc.java:start(161)) - XceiverServerGrpc 00d91248-b81b-486b-9e32-e5c5f65edbd1 is started using port 34193
2019-07-13 19:32:56,889 INFO  ozone.MiniOzoneClusterImpl (MiniOzoneClusterImpl.java:lambda$waitForClusterToBeReady$0(142)) - Waiting for cluster to be ready. Got 0 of 7 DN Heartbeats.
2019-07-13 19:32:56,917 INFO  ozoneimpl.OzoneContainer (OzoneContainer.java:start(186)) - Attempting to start container services.
2019-07-13 19:32:56,917 INFO  ozoneimpl.OzoneContainer (OzoneContainer.java:startContainerScrub(160)) - Background container scrubber has been disabled by hdds.containerscrub.enabled
2019-07-13 19:32:56,917 INFO  ratis.XceiverServerRatis (XceiverServerRatis.java:start(418)) - Starting XceiverServerRatis 5d1032ca-9147-4957-b503-39c877a962e7 at port 0
2019-07-13 19:32:56,927 INFO  impl.RaftServerProxy (RaftServerProxy.java:lambda$start$3(299)) - 5d1032ca-9147-4957-b503-39c877a962e7: start RPC server
2019-07-13 19:32:56,953 INFO  server.GrpcService (GrpcService.java:startImpl(149)) - 5d1032ca-9147-4957-b503-39c877a962e7: GrpcService started, listening on 0.0.0.0/0.0.0.0:36729
2019-07-13 19:32:56,953 INFO  ratis.XceiverServerRatis (XceiverServerRatis.java:start(428)) - XceiverServerRatis 5d1032ca-9147-4957-b503-39c877a962e7 is started using port 36729
2019-07-13 19:32:56,954 INFO  server.XceiverServerGrpc (XceiverServerGrpc.java:start(161)) - XceiverServerGrpc 5d1032ca-9147-4957-b503-39c877a962e7 is started using port 42849
2019-07-13 19:32:57,226 INFO  ozoneimpl.OzoneContainer (OzoneContainer.java:start(186)) - Attempting to start container services.
2019-07-13 19:32:57,226 INFO  ozoneimpl.OzoneContainer (OzoneContainer.java:startContainerScrub(160)) - Background container scrubber has been disabled by hdds.containerscrub.enabled
2019-07-13 19:32:57,226 INFO  ratis.XceiverServerRatis (XceiverServerRatis.java:start(418)) - Starting XceiverServerRatis 4d3fdac6-fc5c-4cab-b209-1166c0df6150 at port 0
2019-07-13 19:32:57,237 INFO  impl.RaftServerProxy (RaftServerProxy.java:lambda$start$3(299)) - 4d3fdac6-fc5c-4cab-b209-1166c0df6150: start RPC server
2019-07-13 19:32:57,237 INFO  server.GrpcService (GrpcService.java:startImpl(149)) - 4d3fdac6-fc5c-4cab-b209-1166c0df6150: GrpcService started, listening on 0.0.0.0/0.0.0.0:39808
2019-07-13 19:32:57,237 INFO  ratis.XceiverServerRatis (XceiverServerRatis.java:start(428)) - XceiverServerRatis 4d3fdac6-fc5c-4cab-b209-1166c0df6150 is started using port 39808
2019-07-13 19:32:57,238 INFO  server.XceiverServerGrpc (XceiverServerGrpc.java:start(161)) - XceiverServerGrpc 4d3fdac6-fc5c-4cab-b209-1166c0df6150 is started using port 46212
2019-07-13 19:32:57,467 INFO  ozoneimpl.OzoneContainer (OzoneContainer.java:start(186)) - Attempting to start container services.
2019-07-13 19:32:57,467 INFO  ozoneimpl.OzoneContainer (OzoneContainer.java:startContainerScrub(160)) - Background container scrubber has been disabled by hdds.containerscrub.enabled
2019-07-13 19:32:57,468 INFO  ratis.XceiverServerRatis (XceiverServerRatis.java:start(418)) - Starting XceiverServerRatis 97c378ef-8cfe-4893-9dbc-0cded62f29d1 at port 0
2019-07-13 19:32:57,477 INFO  impl.RaftServerProxy (RaftServerProxy.java:lambda$start$3(299)) - 97c378ef-8cfe-4893-9dbc-0cded62f29d1: start RPC server
2019-07-13 19:32:57,478 INFO  server.GrpcService (GrpcService.java:startImpl(149)) - 97c378ef-8cfe-4893-9dbc-0cded62f29d1: GrpcService started, listening on 0.0.0.0/0.0.0.0:33382
2019-07-13 19:32:57,478 INFO  ratis.XceiverServerRatis (XceiverServerRatis.java:start(428)) - XceiverServerRatis 97c378ef-8cfe-4893-9dbc-0cded62f29d1 is started using port 33382
2019-07-13 19:32:57,478 INFO  server.XceiverServerGrpc (XceiverServerGrpc.java:start(161)) - XceiverServerGrpc 97c378ef-8cfe-4893-9dbc-0cded62f29d1 is started using port 39755
2019-07-13 19:32:57,559 WARN  server.GrpcLogAppender (LogUtils.java:warn(134)) - 3b7fc3d4-38ac-4cbc-ac5c-0a5ecb5eaa58->26f66dd9-c91a-486d-a992-f58b07c1a85c: Failed appendEntries: org.apache.ratis.thirdparty.io.grpc.StatusRuntimeException: UNAVAILABLE: io exception
2019-07-13 19:32:57,568 WARN  server.GrpcLogAppender (LogUtils.java:warn(134)) - 3b7fc3d4-38ac-4cbc-ac5c-0a5ecb5eaa58->12ebe1e8-f3b8-43be-a24e-312d113c4afa: Failed appendEntries: org.apache.ratis.thirdparty.io.grpc.StatusRuntimeException: UNAVAILABLE: io exception
2019-07-13 19:32:57,568 INFO  impl.FollowerInfo (FollowerInfo.java:lambda$new$0(50)) - 3b7fc3d4-38ac-4cbc-ac5c-0a5ecb5eaa58->26f66dd9-c91a-486d-a992-f58b07c1a85c: nextIndex: updateUnconditionally 1 -> 0
2019-07-13 19:32:57,573 INFO  impl.FollowerInfo (FollowerInfo.java:lambda$new$0(50)) - 3b7fc3d4-38ac-4cbc-ac5c-0a5ecb5eaa58->12ebe1e8-f3b8-43be-a24e-312d113c4afa: nextIndex: updateUnconditionally 0 -> 0
2019-07-13 19:32:57,711 INFO  ozoneimpl.OzoneContainer (OzoneContainer.java:start(186)) - Attempting to start container services.
2019-07-13 19:32:57,711 INFO  ozoneimpl.OzoneContainer (OzoneContainer.java:startContainerScrub(160)) - Background container scrubber has been disabled by hdds.containerscrub.enabled
2019-07-13 19:32:57,711 INFO  ratis.XceiverServerRatis (XceiverServerRatis.java:start(418)) - Starting XceiverServerRatis 0a142fd6-9f9c-4638-b820-7e5522c37f1a at port 0
2019-07-13 19:32:57,722 INFO  impl.RaftServerProxy (RaftServerProxy.java:lambda$start$3(299)) - 0a142fd6-9f9c-4638-b820-7e5522c37f1a: start RPC server
2019-07-13 19:32:57,722 INFO  server.GrpcService (GrpcService.java:startImpl(149)) - 0a142fd6-9f9c-4638-b820-7e5522c37f1a: GrpcService started, listening on 0.0.0.0/0.0.0.0:42934
2019-07-13 19:32:57,723 INFO  ratis.XceiverServerRatis (XceiverServerRatis.java:start(428)) - XceiverServerRatis 0a142fd6-9f9c-4638-b820-7e5522c37f1a is started using port 42934
2019-07-13 19:32:57,750 INFO  server.XceiverServerGrpc (XceiverServerGrpc.java:start(161)) - XceiverServerGrpc 0a142fd6-9f9c-4638-b820-7e5522c37f1a is started using port 41582
2019-07-13 19:32:57,889 INFO  ozone.MiniOzoneClusterImpl (MiniOzoneClusterImpl.java:lambda$waitForClusterToBeReady$0(142)) - Waiting for cluster to be ready. Got 0 of 7 DN Heartbeats.
2019-07-13 19:32:57,899 INFO  ozoneimpl.OzoneContainer (OzoneContainer.java:start(186)) - Attempting to start container services.
2019-07-13 19:32:57,899 INFO  ozoneimpl.OzoneContainer (OzoneContainer.java:startContainerScrub(160)) - Background container scrubber has been disabled by hdds.containerscrub.enabled
2019-07-13 19:32:57,899 INFO  ratis.XceiverServerRatis (XceiverServerRatis.java:start(418)) - Starting XceiverServerRatis 9fdcf906-ab1a-4ad8-bd21-f91f44917d88 at port 0
2019-07-13 19:32:57,908 INFO  impl.RaftServerProxy (RaftServerProxy.java:lambda$start$3(299)) - 9fdcf906-ab1a-4ad8-bd21-f91f44917d88: start RPC server
2019-07-13 19:32:57,909 INFO  server.GrpcService (GrpcService.java:startImpl(149)) - 9fdcf906-ab1a-4ad8-bd21-f91f44917d88: GrpcService started, listening on 0.0.0.0/0.0.0.0:43174
2019-07-13 19:32:57,909 INFO  ratis.XceiverServerRatis (XceiverServerRatis.java:start(428)) - XceiverServerRatis 9fdcf906-ab1a-4ad8-bd21-f91f44917d88 is started using port 43174
2019-07-13 19:32:57,910 INFO  server.XceiverServerGrpc (XceiverServerGrpc.java:start(161)) - XceiverServerGrpc 9fdcf906-ab1a-4ad8-bd21-f91f44917d88 is started using port 35295
2019-07-13 19:32:58,448 INFO  net.NetworkTopology (NetworkTopologyImpl.java:add(110)) - Added a new node: /default-rack/192.168.69.122
2019-07-13 19:32:58,454 INFO  node.SCMNodeManager (SCMNodeManager.java:register(269)) - Registered Data node : 60ce25f2-006c-4f2f-9804-0a3aa3878877{ip: 192.168.69.122, host: trunk-nightly-fxqsz-774976932, networkLocation: /default-rack, certSerialId: null}
2019-07-13 19:32:58,455 INFO  safemode.SCMSafeModeManager (DataNodeSafeModeRule.java:process(71)) - SCM in safe mode. 1 DataNodes registered, 1 required.
2019-07-13 19:32:58,460 INFO  safemode.SCMSafeModeManager (SCMSafeModeManager.java:validateSafeModeExitRules(177)) - ScmSafeModeManager, all rules are successfully validated
2019-07-13 19:32:58,461 INFO  safemode.SCMSafeModeManager (SCMSafeModeManager.java:exitSafeMode(193)) - SCM exiting safe mode.
2019-07-13 19:32:58,474 INFO  impl.RaftServerProxy (RaftServerProxy.java:addNew(89)) - 60ce25f2-006c-4f2f-9804-0a3aa3878877: addNew group-E26A0915B38B:[60ce25f2-006c-4f2f-9804-0a3aa3878877:192.168.69.122:46818] returns group-E26A0915B38B:java.util.concurrent.CompletableFuture@33a50b4e[Not completed]
2019-07-13 19:32:58,477 INFO  impl.RaftServerImpl (RaftServerImpl.java:<init>(93)) - 60ce25f2-006c-4f2f-9804-0a3aa3878877: new RaftServerImpl for group-E26A0915B38B:[60ce25f2-006c-4f2f-9804-0a3aa3878877:192.168.69.122:46818] with ContainerStateMachine:uninitialized
2019-07-13 19:32:58,477 INFO  server.RaftServerConfigKeys (ConfUtils.java:logGet(43)) - raft.server.rpc.timeout.min = 5s (custom)
2019-07-13 19:32:58,477 INFO  server.RaftServerConfigKeys (ConfUtils.java:logGet(43)) - raft.server.rpc.timeout.max = 5200ms (custom)
2019-07-13 19:32:58,477 INFO  server.RaftServerConfigKeys (ConfUtils.java:logGet(43)) - raft.server.rpcslowness.timeout = 120s (custom)
2019-07-13 19:32:58,477 INFO  server.RaftServerConfigKeys (ConfUtils.java:logGet(43)) - raft.server.sleep.deviation.threshold = 300 (default)
2019-07-13 19:32:58,478 INFO  server.RaftServerConfigKeys (ConfUtils.java:logGet(43)) - raft.server.log.appender.install.snapshot.enabled = false (custom)
2019-07-13 19:32:58,478 INFO  impl.RaftServerImpl (ServerState.java:<init>(105)) - 60ce25f2-006c-4f2f-9804-0a3aa3878877:group-E26A0915B38B ConfigurationManager, init=-1: [60ce25f2-006c-4f2f-9804-0a3aa3878877:192.168.69.122:46818], old=null, confs=<EMPTY_MAP>
2019-07-13 19:32:58,478 INFO  server.RaftServerConfigKeys (ConfUtils.java:logGet(43)) - raft.server.storage.dir = [/tmp/workdir/hadoop-ozone/integration-test/target/test-dir/MiniOzoneClusterImpl-24814402-2c72-477e-ac32-78cae0af7a4c/datanode-0/data/ratis] (custom)
2019-07-13 19:32:58,479 INFO  storage.RaftStorageDirectory (RaftStorageDirectory.java:analyzeStorage(246)) - The storage directory /tmp/workdir/hadoop-ozone/integration-test/target/test-dir/MiniOzoneClusterImpl-24814402-2c72-477e-ac32-78cae0af7a4c/datanode-0/data/ratis/741f6ae0-b67a-4795-bb83-e26a0915b38b does not exist. Creating ...
2019-07-13 19:32:58,492 INFO  storage.RaftStorageDirectory (RaftStorageDirectory.java:tryLock(328)) - Lock on /tmp/workdir/hadoop-ozone/integration-test/target/test-dir/MiniOzoneClusterImpl-24814402-2c72-477e-ac32-78cae0af7a4c/datanode-0/data/ratis/741f6ae0-b67a-4795-bb83-e26a0915b38b/in_use.lock acquired by nodename 18559@trunk-nightly-fxqsz-774976932
2019-07-13 19:32:58,506 INFO  storage.RaftStorage (RaftStorage.java:format(72)) - Storage directory /tmp/workdir/hadoop-ozone/integration-test/target/test-dir/MiniOzoneClusterImpl-24814402-2c72-477e-ac32-78cae0af7a4c/datanode-0/data/ratis/741f6ae0-b67a-4795-bb83-e26a0915b38b has been successfully formatted.
2019-07-13 19:32:58,506 INFO  ratis.ContainerStateMachine (ContainerStateMachine.java:loadSnapshot(200)) - The snapshot info is null.Setting the last applied index to:(t:0, i:~)
2019-07-13 19:32:58,506 INFO  server.RaftServerConfigKeys (ConfUtils.java:logGet(43)) - raft.server.leader.election.timeout = 120s (custom)
2019-07-13 19:32:58,507 INFO  server.RaftServerConfigKeys (ConfUtils.java:logGet(43)) - raft.server.log.use.memory = false (default)
2019-07-13 19:32:58,507 INFO  server.RaftServerConfigKeys (ConfUtils.java:logGet(43)) - raft.server.log.purge.gap = 1000000000 (custom)
2019-07-13 19:32:58,507 INFO  server.RaftServerConfigKeys (ConfUtils.java:logGet(43)) - raft.server.log.appender.buffer.byte-limit = 33554432 (custom)
2019-07-13 19:32:58,507 INFO  server.RaftServerConfigKeys (ConfUtils.java:logGet(43)) - raft.server.log.segment.size.max = 1048576 (custom)
2019-07-13 19:32:58,507 INFO  server.RaftServerConfigKeys (ConfUtils.java:logGet(43)) - raft.server.log.segment.cache.num.max = 2 (custom)
2019-07-13 19:32:58,507 INFO  segmented.SegmentedRaftLogWorker (SegmentedRaftLogWorker.java:<init>(172)) - new 60ce25f2-006c-4f2f-9804-0a3aa3878877-SegmentedRaftLogWorker:Storage Directory /tmp/workdir/hadoop-ozone/integration-test/target/test-dir/MiniOzoneClusterImpl-24814402-2c72-477e-ac32-78cae0af7a4c/datanode-0/data/ratis/741f6ae0-b67a-4795-bb83-e26a0915b38b for RaftStorage:Storage Directory /tmp/workdir/hadoop-ozone/integration-test/target/test-dir/MiniOzoneClusterImpl-24814402-2c72-477e-ac32-78cae0af7a4c/datanode-0/data/ratis/741f6ae0-b67a-4795-bb83-e26a0915b38b
2019-07-13 19:32:58,508 INFO  server.RaftServerConfigKeys (ConfUtils.java:logGet(43)) - raft.server.log.queue.byte-limit = 2147483647 (custom)
2019-07-13 19:32:58,508 INFO  server.RaftServerConfigKeys (ConfUtils.java:logGet(43)) - raft.server.log.queue.element-limit = 1024 (custom)
2019-07-13 19:32:58,508 INFO  server.RaftServerConfigKeys (ConfUtils.java:logGet(43)) - raft.server.log.segment.size.max = 1048576 (custom)
2019-07-13 19:32:58,508 INFO  server.RaftServerConfigKeys (ConfUtils.java:logGet(43)) - raft.server.log.preallocated.size = 16384 (custom)
2019-07-13 19:32:58,509 INFO  server.RaftServerConfigKeys (ConfUtils.java:logGet(43)) - raft.server.log.write.buffer.size = 33554432 (custom)
2019-07-13 19:32:58,509 INFO  server.RaftServerConfigKeys (ConfUtils.java:logGet(43)) - raft.server.log.force.sync.num = 128 (default)
2019-07-13 19:32:58,509 INFO  server.RaftServerConfigKeys (ConfUtils.java:logGet(43)) - raft.server.log.statemachine.data.sync = true (default)
2019-07-13 19:32:58,509 INFO  server.RaftServerConfigKeys (ConfUtils.java:logGet(43)) - raft.server.log.statemachine.data.sync.timeout = 10s (default)
2019-07-13 19:32:58,509 INFO  server.RaftServerConfigKeys (ConfUtils.java:logGet(43)) - raft.server.log.statemachine.data.sync.timeout.retry = -1 (default)
2019-07-13 19:32:58,509 INFO  server.RaftServerConfigKeys (ConfUtils.java:logGet(43)) - raft.server.log.statemachine.data.caching.enabled = true (custom)
2019-07-13 19:32:58,510 INFO  segmented.SegmentedRaftLogWorker (SegmentedRaftLogWorker.java:lambda$new$0(132)) - 60ce25f2-006c-4f2f-9804-0a3aa3878877-SegmentedRaftLogWorker:Storage Directory /tmp/workdir/hadoop-ozone/integration-test/target/test-dir/MiniOzoneClusterImpl-24814402-2c72-477e-ac32-78cae0af7a4c/datanode-0/data/ratis/741f6ae0-b67a-4795-bb83-e26a0915b38b: flushIndex: setUnconditionally 0 -> -1
2019-07-13 19:32:58,510 INFO  server.RaftServerConfigKeys (ConfUtils.java:logGet(43)) - raft.server.snapshot.auto.trigger.enabled = true (custom)
2019-07-13 19:32:58,510 INFO  server.RaftServerConfigKeys (ConfUtils.java:logGet(43)) - raft.server.snapshot.auto.trigger.threshold = 10000 (custom)
2019-07-13 19:32:58,511 INFO  server.RaftServerConfigKeys (ConfUtils.java:logGet(43)) - raft.server.retrycache.expirytime = 600000ms (custom)
2019-07-13 19:32:58,511 INFO  impl.RaftServerImpl (RaftServerImpl.java:start(180)) - 60ce25f2-006c-4f2f-9804-0a3aa3878877: start group-E26A0915B38B
2019-07-13 19:32:58,511 INFO  impl.RaftServerImpl (RaftServerImpl.java:setRole(171)) - 60ce25f2-006c-4f2f-9804-0a3aa3878877:group-E26A0915B38B changes role from null to FOLLOWER at term 0 for startAsFollower
2019-07-13 19:32:58,511 INFO  impl.RoleInfo (RoleInfo.java:updateAndGet(143)) - 60ce25f2-006c-4f2f-9804-0a3aa3878877: start FollowerState
2019-07-13 19:32:58,512 INFO  util.JmxRegister (JmxRegister.java:tryRegister(44)) - Successfully registered JMX Bean with object name Ratis:service=RaftServer,group=group-E26A0915B38B,id=60ce25f2-006c-4f2f-9804-0a3aa3878877
2019-07-13 19:32:58,518 INFO  pipeline.PipelineStateManager (PipelineStateManager.java:addPipeline(56)) - Created pipeline Pipeline[ Id: 741f6ae0-b67a-4795-bb83-e26a0915b38b, Nodes: 60ce25f2-006c-4f2f-9804-0a3aa3878877{ip: 192.168.69.122, host: trunk-nightly-fxqsz-774976932, networkLocation: /default-rack, certSerialId: null}, Type:RATIS, Factor:ONE, State:OPEN]
2019-07-13 19:32:58,705 INFO  node.SCMNodeManager (SCMNodeManager.java:register(269)) - Registered Data node : 00d91248-b81b-486b-9e32-e5c5f65edbd1{ip: 192.168.69.122, host: trunk-nightly-fxqsz-774976932, networkLocation: /default-rack, certSerialId: null}
2019-07-13 19:32:58,749 INFO  impl.RaftServerProxy (RaftServerProxy.java:addNew(89)) - 00d91248-b81b-486b-9e32-e5c5f65edbd1: addNew group-4893E8E244BA:[00d91248-b81b-486b-9e32-e5c5f65edbd1:192.168.69.122:40611] returns group-4893E8E244BA:java.util.concurrent.CompletableFuture@1dca9f6a[Not completed]
2019-07-13 19:32:58,751 INFO  impl.RaftServerImpl (RaftServerImpl.java:<init>(93)) - 00d91248-b81b-486b-9e32-e5c5f65edbd1: new RaftServerImpl for group-4893E8E244BA:[00d91248-b81b-486b-9e32-e5c5f65edbd1:192.168.69.122:40611] with ContainerStateMachine:uninitialized
2019-07-13 19:32:58,751 INFO  server.RaftServerConfigKeys (ConfUtils.java:logGet(43)) - raft.server.rpc.timeout.min = 5s (custom)
2019-07-13 19:32:58,751 INFO  server.RaftServerConfigKeys (ConfUtils.java:logGet(43)) - raft.server.rpc.timeout.max = 5200ms (custom)
2019-07-13 19:32:58,752 INFO  server.RaftServerConfigKeys (ConfUtils.java:logGet(43)) - raft.server.rpcslowness.timeout = 120s (custom)
2019-07-13 19:32:58,752 INFO  server.RaftServerConfigKeys (ConfUtils.java:logGet(43)) - raft.server.sleep.deviation.threshold = 300 (default)
2019-07-13 19:32:58,752 INFO  server.RaftServerConfigKeys (ConfUtils.java:logGet(43)) - raft.server.log.appender.install.snapshot.enabled = false (custom)
2019-07-13 19:32:58,752 INFO  impl.RaftServerImpl (ServerState.java:<init>(105)) - 00d91248-b81b-486b-9e32-e5c5f65edbd1:group-4893E8E244BA ConfigurationManager, init=-1: [00d91248-b81b-486b-9e32-e5c5f65edbd1:192.168.69.122:40611], old=null, confs=<EMPTY_MAP>
2019-07-13 19:32:58,752 INFO  server.RaftServerConfigKeys (ConfUtils.java:logGet(43)) - raft.server.storage.dir = [/tmp/workdir/hadoop-ozone/integration-test/target/test-dir/MiniOzoneClusterImpl-24814402-2c72-477e-ac32-78cae0af7a4c/datanode-1/data/ratis] (custom)
2019-07-13 19:32:58,753 INFO  storage.RaftStorageDirectory (RaftStorageDirectory.java:analyzeStorage(246)) - The storage directory /tmp/workdir/hadoop-ozone/integration-test/target/test-dir/MiniOzoneClusterImpl-24814402-2c72-477e-ac32-78cae0af7a4c/datanode-1/data/ratis/218e33da-90c3-452f-8397-4893e8e244ba does not exist. Creating ...
2019-07-13 19:32:58,767 INFO  storage.RaftStorageDirectory (RaftStorageDirectory.java:tryLock(328)) - Lock on /tmp/workdir/hadoop-ozone/integration-test/target/test-dir/MiniOzoneClusterImpl-24814402-2c72-477e-ac32-78cae0af7a4c/datanode-1/data/ratis/218e33da-90c3-452f-8397-4893e8e244ba/in_use.lock acquired by nodename 18559@trunk-nightly-fxqsz-774976932
2019-07-13 19:32:58,780 INFO  storage.RaftStorage (RaftStorage.java:format(72)) - Storage directory /tmp/workdir/hadoop-ozone/integration-test/target/test-dir/MiniOzoneClusterImpl-24814402-2c72-477e-ac32-78cae0af7a4c/datanode-1/data/ratis/218e33da-90c3-452f-8397-4893e8e244ba has been successfully formatted.
2019-07-13 19:32:58,780 INFO  ratis.ContainerStateMachine (ContainerStateMachine.java:loadSnapshot(200)) - The snapshot info is null.Setting the last applied index to:(t:0, i:~)
2019-07-13 19:32:58,780 INFO  server.RaftServerConfigKeys (ConfUtils.java:logGet(43)) - raft.server.leader.election.timeout = 120s (custom)
2019-07-13 19:32:58,780 INFO  server.RaftServerConfigKeys (ConfUtils.java:logGet(43)) - raft.server.log.use.memory = false (default)
2019-07-13 19:32:58,780 INFO  server.RaftServerConfigKeys (ConfUtils.java:logGet(43)) - raft.server.log.purge.gap = 1000000000 (custom)
2019-07-13 19:32:58,781 INFO  server.RaftServerConfigKeys (ConfUtils.java:logGet(43)) - raft.server.log.appender.buffer.byte-limit = 33554432 (custom)
2019-07-13 19:32:58,781 INFO  server.RaftServerConfigKeys (ConfUtils.java:logGet(43)) - raft.server.log.segment.size.max = 1048576 (custom)
2019-07-13 19:32:58,781 INFO  server.RaftServerConfigKeys (ConfUtils.java:logGet(43)) - raft.server.log.segment.cache.num.max = 2 (custom)
2019-07-13 19:32:58,781 INFO  segmented.SegmentedRaftLogWorker (SegmentedRaftLogWorker.java:<init>(172)) - new 00d91248-b81b-486b-9e32-e5c5f65edbd1-SegmentedRaftLogWorker:Storage Directory /tmp/workdir/hadoop-ozone/integration-test/target/test-dir/MiniOzoneClusterImpl-24814402-2c72-477e-ac32-78cae0af7a4c/datanode-1/data/ratis/218e33da-90c3-452f-8397-4893e8e244ba for RaftStorage:Storage Directory /tmp/workdir/hadoop-ozone/integration-test/target/test-dir/MiniOzoneClusterImpl-24814402-2c72-477e-ac32-78cae0af7a4c/datanode-1/data/ratis/218e33da-90c3-452f-8397-4893e8e244ba
2019-07-13 19:32:58,781 INFO  server.RaftServerConfigKeys (ConfUtils.java:logGet(43)) - raft.server.log.queue.byte-limit = 2147483647 (custom)
2019-07-13 19:32:58,782 INFO  server.RaftServerConfigKeys (ConfUtils.java:logGet(43)) - raft.server.log.queue.element-limit = 1024 (custom)
2019-07-13 19:32:58,782 INFO  server.RaftServerConfigKeys (ConfUtils.java:logGet(43)) - raft.server.log.segment.size.max = 1048576 (custom)
2019-07-13 19:32:58,782 INFO  server.RaftServerConfigKeys (ConfUtils.java:logGet(43)) - raft.server.log.preallocated.size = 16384 (custom)
2019-07-13 19:32:58,782 INFO  server.RaftServerConfigKeys (ConfUtils.java:logGet(43)) - raft.server.log.write.buffer.size = 33554432 (custom)
2019-07-13 19:32:58,782 INFO  server.RaftServerConfigKeys (ConfUtils.java:logGet(43)) - raft.server.log.force.sync.num = 128 (default)
2019-07-13 19:32:58,783 INFO  server.RaftServerConfigKeys (ConfUtils.java:logGet(43)) - raft.server.log.statemachine.data.sync = true (default)
2019-07-13 19:32:58,783 INFO  server.RaftServerConfigKeys (ConfUtils.java:logGet(43)) - raft.server.log.statemachine.data.sync.timeout = 10s (default)
2019-07-13 19:32:58,783 INFO  server.RaftServerConfigKeys (ConfUtils.java:logGet(43)) - raft.server.log.statemachine.data.sync.timeout.retry = -1 (default)
2019-07-13 19:32:58,783 INFO  server.RaftServerConfigKeys (ConfUtils.java:logGet(43)) - raft.server.log.statemachine.data.caching.enabled = true (custom)
2019-07-13 19:32:58,784 INFO  segmented.SegmentedRaftLogWorker (SegmentedRaftLogWorker.java:lambda$new$0(132)) - 00d91248-b81b-486b-9e32-e5c5f65edbd1-SegmentedRaftLogWorker:Storage Directory /tmp/workdir/hadoop-ozone/integration-test/target/test-dir/MiniOzoneClusterImpl-24814402-2c72-477e-ac32-78cae0af7a4c/datanode-1/data/ratis/218e33da-90c3-452f-8397-4893e8e244ba: flushIndex: setUnconditionally 0 -> -1
2019-07-13 19:32:58,784 INFO  server.RaftServerConfigKeys (ConfUtils.java:logGet(43)) - raft.server.snapshot.auto.trigger.enabled = true (custom)
2019-07-13 19:32:58,784 INFO  server.RaftServerConfigKeys (ConfUtils.java:logGet(43)) - raft.server.snapshot.auto.trigger.threshold = 10000 (custom)
2019-07-13 19:32:58,785 INFO  server.RaftServerConfigKeys (ConfUtils.java:logGet(43)) - raft.server.retrycache.expirytime = 600000ms (custom)
2019-07-13 19:32:58,785 INFO  impl.RaftServerImpl (RaftServerImpl.java:start(180)) - 00d91248-b81b-486b-9e32-e5c5f65edbd1: start group-4893E8E244BA
2019-07-13 19:32:58,785 INFO  impl.RaftServerImpl (RaftServerImpl.java:setRole(171)) - 00d91248-b81b-486b-9e32-e5c5f65edbd1:group-4893E8E244BA changes role from null to FOLLOWER at term 0 for startAsFollower
2019-07-13 19:32:58,785 INFO  impl.RoleInfo (RoleInfo.java:updateAndGet(143)) - 00d91248-b81b-486b-9e32-e5c5f65edbd1: start FollowerState
2019-07-13 19:32:58,786 INFO  util.JmxRegister (JmxRegister.java:tryRegister(44)) - Successfully registered JMX Bean with object name Ratis:service=RaftServer,group=group-4893E8E244BA,id=00d91248-b81b-486b-9e32-e5c5f65edbd1
2019-07-13 19:32:58,790 INFO  pipeline.PipelineStateManager (PipelineStateManager.java:addPipeline(56)) - Created pipeline Pipeline[ Id: 218e33da-90c3-452f-8397-4893e8e244ba, Nodes: 00d91248-b81b-486b-9e32-e5c5f65edbd1{ip: 192.168.69.122, host: trunk-nightly-fxqsz-774976932, networkLocation: /default-rack, certSerialId: null}, Type:RATIS, Factor:ONE, State:OPEN]
2019-07-13 19:32:58,890 INFO  ozone.MiniOzoneClusterImpl (MiniOzoneClusterImpl.java:lambda$waitForClusterToBeReady$0(142)) - Waiting for cluster to be ready. Got 2 of 7 DN Heartbeats.
2019-07-13 19:32:58,903 INFO  node.SCMNodeManager (SCMNodeManager.java:register(269)) - Registered Data node : 5d1032ca-9147-4957-b503-39c877a962e7{ip: 192.168.69.122, host: trunk-nightly-fxqsz-774976932, networkLocation: /default-rack, certSerialId: null}
2019-07-13 19:32:58,926 INFO  impl.RaftServerProxy (RaftServerProxy.java:addNew(89)) - 5d1032ca-9147-4957-b503-39c877a962e7: addNew group-29BB8D88EE9B:[5d1032ca-9147-4957-b503-39c877a962e7:192.168.69.122:36729] returns group-29BB8D88EE9B:java.util.concurrent.CompletableFuture@50fc02ab[Not completed]
2019-07-13 19:32:58,928 INFO  impl.RaftServerImpl (RaftServerImpl.java:<init>(93)) - 5d1032ca-9147-4957-b503-39c877a962e7: new RaftServerImpl for group-29BB8D88EE9B:[5d1032ca-9147-4957-b503-39c877a962e7:192.168.69.122:36729] with ContainerStateMachine:uninitialized
2019-07-13 19:32:58,928 INFO  server.RaftServerConfigKeys (ConfUtils.java:logGet(43)) - raft.server.rpc.timeout.min = 5s (custom)
2019-07-13 19:32:58,929 INFO  server.RaftServerConfigKeys (ConfUtils.java:logGet(43)) - raft.server.rpc.timeout.max = 5200ms (custom)
2019-07-13 19:32:58,929 INFO  server.RaftServerConfigKeys (ConfUtils.java:logGet(43)) - raft.server.rpcslowness.timeout = 120s (custom)
2019-07-13 19:32:58,929 INFO  server.RaftServerConfigKeys (ConfUtils.java:logGet(43)) - raft.server.sleep.deviation.threshold = 300 (default)
2019-07-13 19:32:58,929 INFO  server.RaftServerConfigKeys (ConfUtils.java:logGet(43)) - raft.server.log.appender.install.snapshot.enabled = false (custom)
2019-07-13 19:32:58,929 INFO  impl.RaftServerImpl (ServerState.java:<init>(105)) - 5d1032ca-9147-4957-b503-39c877a962e7:group-29BB8D88EE9B ConfigurationManager, init=-1: [5d1032ca-9147-4957-b503-39c877a962e7:192.168.69.122:36729], old=null, confs=<EMPTY_MAP>
2019-07-13 19:32:58,929 INFO  server.RaftServerConfigKeys (ConfUtils.java:logGet(43)) - raft.server.storage.dir = [/tmp/workdir/hadoop-ozone/integration-test/target/test-dir/MiniOzoneClusterImpl-24814402-2c72-477e-ac32-78cae0af7a4c/datanode-2/data/ratis] (custom)
2019-07-13 19:32:58,930 INFO  storage.RaftStorageDirectory (RaftStorageDirectory.java:analyzeStorage(246)) - The storage directory /tmp/workdir/hadoop-ozone/integration-test/target/test-dir/MiniOzoneClusterImpl-24814402-2c72-477e-ac32-78cae0af7a4c/datanode-2/data/ratis/b7f0f20b-0c97-4279-a739-29bb8d88ee9b does not exist. Creating ...
2019-07-13 19:32:58,944 INFO  storage.RaftStorageDirectory (RaftStorageDirectory.java:tryLock(328)) - Lock on /tmp/workdir/hadoop-ozone/integration-test/target/test-dir/MiniOzoneClusterImpl-24814402-2c72-477e-ac32-78cae0af7a4c/datanode-2/data/ratis/b7f0f20b-0c97-4279-a739-29bb8d88ee9b/in_use.lock acquired by nodename 18559@trunk-nightly-fxqsz-774976932
2019-07-13 19:32:58,975 INFO  storage.RaftStorage (RaftStorage.java:format(72)) - Storage directory /tmp/workdir/hadoop-ozone/integration-test/target/test-dir/MiniOzoneClusterImpl-24814402-2c72-477e-ac32-78cae0af7a4c/datanode-2/data/ratis/b7f0f20b-0c97-4279-a739-29bb8d88ee9b has been successfully formatted.
2019-07-13 19:32:58,975 INFO  ratis.ContainerStateMachine (ContainerStateMachine.java:loadSnapshot(200)) - The snapshot info is null.Setting the last applied index to:(t:0, i:~)
2019-07-13 19:32:58,976 INFO  server.RaftServerConfigKeys (ConfUtils.java:logGet(43)) - raft.server.leader.election.timeout = 120s (custom)
2019-07-13 19:32:58,976 INFO  server.RaftServerConfigKeys (ConfUtils.java:logGet(43)) - raft.server.log.use.memory = false (default)
2019-07-13 19:32:58,976 INFO  server.RaftServerConfigKeys (ConfUtils.java:logGet(43)) - raft.server.log.purge.gap = 1000000000 (custom)
2019-07-13 19:32:58,976 INFO  server.RaftServerConfigKeys (ConfUtils.java:logGet(43)) - raft.server.log.appender.buffer.byte-limit = 33554432 (custom)
2019-07-13 19:32:58,977 INFO  server.RaftServerConfigKeys (ConfUtils.java:logGet(43)) - raft.server.log.segment.size.max = 1048576 (custom)
2019-07-13 19:32:58,977 INFO  server.RaftServerConfigKeys (ConfUtils.java:logGet(43)) - raft.server.log.segment.cache.num.max = 2 (custom)
2019-07-13 19:32:58,977 INFO  segmented.SegmentedRaftLogWorker (SegmentedRaftLogWorker.java:<init>(172)) - new 5d1032ca-9147-4957-b503-39c877a962e7-SegmentedRaftLogWorker:Storage Directory /tmp/workdir/hadoop-ozone/integration-test/target/test-dir/MiniOzoneClusterImpl-24814402-2c72-477e-ac32-78cae0af7a4c/datanode-2/data/ratis/b7f0f20b-0c97-4279-a739-29bb8d88ee9b for RaftStorage:Storage Directory /tmp/workdir/hadoop-ozone/integration-test/target/test-dir/MiniOzoneClusterImpl-24814402-2c72-477e-ac32-78cae0af7a4c/datanode-2/data/ratis/b7f0f20b-0c97-4279-a739-29bb8d88ee9b
2019-07-13 19:32:58,977 INFO  server.RaftServerConfigKeys (ConfUtils.java:logGet(43)) - raft.server.log.queue.byte-limit = 2147483647 (custom)
2019-07-13 19:32:58,977 INFO  server.RaftServerConfigKeys (ConfUtils.java:logGet(43)) - raft.server.log.queue.element-limit = 1024 (custom)
2019-07-13 19:32:58,978 INFO  server.RaftServerConfigKeys (ConfUtils.java:logGet(43)) - raft.server.log.segment.size.max = 1048576 (custom)
2019-07-13 19:32:58,978 INFO  server.RaftServerConfigKeys (ConfUtils.java:logGet(43)) - raft.server.log.preallocated.size = 16384 (custom)
2019-07-13 19:32:58,978 INFO  server.RaftServerConfigKeys (ConfUtils.java:logGet(43)) - raft.server.log.write.buffer.size = 33554432 (custom)
2019-07-13 19:32:58,978 INFO  server.RaftServerConfigKeys (ConfUtils.java:logGet(43)) - raft.server.log.force.sync.num = 128 (default)
2019-07-13 19:32:58,978 INFO  server.RaftServerConfigKeys (ConfUtils.java:logGet(43)) - raft.server.log.statemachine.data.sync = true (default)
2019-07-13 19:32:58,979 INFO  server.RaftServerConfigKeys (ConfUtils.java:logGet(43)) - raft.server.log.statemachine.data.sync.timeout = 10s (default)
2019-07-13 19:32:58,979 INFO  server.RaftServerConfigKeys (ConfUtils.java:logGet(43)) - raft.server.log.statemachine.data.sync.timeout.retry = -1 (default)
2019-07-13 19:32:58,979 INFO  server.RaftServerConfigKeys (ConfUtils.java:logGet(43)) - raft.server.log.statemachine.data.caching.enabled = true (custom)
2019-07-13 19:32:58,980 INFO  segmented.SegmentedRaftLogWorker (SegmentedRaftLogWorker.java:lambda$new$0(132)) - 5d1032ca-9147-4957-b503-39c877a962e7-SegmentedRaftLogWorker:Storage Directory /tmp/workdir/hadoop-ozone/integration-test/target/test-dir/MiniOzoneClusterImpl-24814402-2c72-477e-ac32-78cae0af7a4c/datanode-2/data/ratis/b7f0f20b-0c97-4279-a739-29bb8d88ee9b: flushIndex: setUnconditionally 0 -> -1
2019-07-13 19:32:58,980 INFO  server.RaftServerConfigKeys (ConfUtils.java:logGet(43)) - raft.server.snapshot.auto.trigger.enabled = true (custom)
2019-07-13 19:32:58,980 INFO  server.RaftServerConfigKeys (ConfUtils.java:logGet(43)) - raft.server.snapshot.auto.trigger.threshold = 10000 (custom)
2019-07-13 19:32:58,981 INFO  server.RaftServerConfigKeys (ConfUtils.java:logGet(43)) - raft.server.retrycache.expirytime = 600000ms (custom)
2019-07-13 19:32:58,981 INFO  impl.RaftServerImpl (RaftServerImpl.java:start(180)) - 5d1032ca-9147-4957-b503-39c877a962e7: start group-29BB8D88EE9B
2019-07-13 19:32:58,981 INFO  impl.RaftServerImpl (RaftServerImpl.java:setRole(171)) - 5d1032ca-9147-4957-b503-39c877a962e7:group-29BB8D88EE9B changes role from null to FOLLOWER at term 0 for startAsFollower
2019-07-13 19:32:58,981 INFO  impl.RoleInfo (RoleInfo.java:updateAndGet(143)) - 5d1032ca-9147-4957-b503-39c877a962e7: start FollowerState
2019-07-13 19:32:58,982 INFO  util.JmxRegister (JmxRegister.java:tryRegister(44)) - Successfully registered JMX Bean with object name Ratis:service=RaftServer,group=group-29BB8D88EE9B,id=5d1032ca-9147-4957-b503-39c877a962e7
2019-07-13 19:32:58,985 INFO  pipeline.PipelineStateManager (PipelineStateManager.java:addPipeline(56)) - Created pipeline Pipeline[ Id: b7f0f20b-0c97-4279-a739-29bb8d88ee9b, Nodes: 5d1032ca-9147-4957-b503-39c877a962e7{ip: 192.168.69.122, host: trunk-nightly-fxqsz-774976932, networkLocation: /default-rack, certSerialId: null}, Type:RATIS, Factor:ONE, State:OPEN]
2019-07-13 19:32:59,009 INFO  impl.RaftServerProxy (RaftServerProxy.java:addNew(89)) - 00d91248-b81b-486b-9e32-e5c5f65edbd1: addNew group-064F8E595041:[5d1032ca-9147-4957-b503-39c877a962e7:192.168.69.122:36729, 60ce25f2-006c-4f2f-9804-0a3aa3878877:192.168.69.122:46818, 00d91248-b81b-486b-9e32-e5c5f65edbd1:192.168.69.122:40611] returns group-064F8E595041:java.util.concurrent.CompletableFuture@75fe959c[Not completed]
2019-07-13 19:32:59,009 INFO  impl.RaftServerProxy (RaftServerProxy.java:addNew(89)) - 60ce25f2-006c-4f2f-9804-0a3aa3878877: addNew group-064F8E595041:[5d1032ca-9147-4957-b503-39c877a962e7:192.168.69.122:36729, 60ce25f2-006c-4f2f-9804-0a3aa3878877:192.168.69.122:46818, 00d91248-b81b-486b-9e32-e5c5f65edbd1:192.168.69.122:40611] returns group-064F8E595041:java.util.concurrent.CompletableFuture@6f1b34ef[Not completed]
2019-07-13 19:32:59,009 INFO  impl.RaftServerProxy (RaftServerProxy.java:addNew(89)) - 5d1032ca-9147-4957-b503-39c877a962e7: addNew group-064F8E595041:[5d1032ca-9147-4957-b503-39c877a962e7:192.168.69.122:36729, 60ce25f2-006c-4f2f-9804-0a3aa3878877:192.168.69.122:46818, 00d91248-b81b-486b-9e32-e5c5f65edbd1:192.168.69.122:40611] returns group-064F8E595041:java.util.concurrent.CompletableFuture@14bb33a5[Not completed]
2019-07-13 19:32:59,011 INFO  impl.RaftServerImpl (RaftServerImpl.java:<init>(93)) - 00d91248-b81b-486b-9e32-e5c5f65edbd1: new RaftServerImpl for group-064F8E595041:[5d1032ca-9147-4957-b503-39c877a962e7:192.168.69.122:36729, 60ce25f2-006c-4f2f-9804-0a3aa3878877:192.168.69.122:46818, 00d91248-b81b-486b-9e32-e5c5f65edbd1:192.168.69.122:40611] with ContainerStateMachine:uninitialized
2019-07-13 19:32:59,011 INFO  server.RaftServerConfigKeys (ConfUtils.java:logGet(43)) - raft.server.rpc.timeout.min = 5s (custom)
2019-07-13 19:32:59,011 INFO  server.RaftServerConfigKeys (ConfUtils.java:logGet(43)) - raft.server.rpc.timeout.max = 5200ms (custom)
2019-07-13 19:32:59,011 INFO  server.RaftServerConfigKeys (ConfUtils.java:logGet(43)) - raft.server.rpcslowness.timeout = 120s (custom)
2019-07-13 19:32:59,012 INFO  server.RaftServerConfigKeys (ConfUtils.java:logGet(43)) - raft.server.sleep.deviation.threshold = 300 (default)
2019-07-13 19:32:59,012 INFO  server.RaftServerConfigKeys (ConfUtils.java:logGet(43)) - raft.server.log.appender.install.snapshot.enabled = false (custom)
2019-07-13 19:32:59,012 INFO  impl.RaftServerImpl (ServerState.java:<init>(105)) - 00d91248-b81b-486b-9e32-e5c5f65edbd1:group-064F8E595041 ConfigurationManager, init=-1: [5d1032ca-9147-4957-b503-39c877a962e7:192.168.69.122:36729, 60ce25f2-006c-4f2f-9804-0a3aa3878877:192.168.69.122:46818, 00d91248-b81b-486b-9e32-e5c5f65edbd1:192.168.69.122:40611], old=null, confs=<EMPTY_MAP>
2019-07-13 19:32:59,012 INFO  impl.RaftServerImpl (RaftServerImpl.java:<init>(93)) - 5d1032ca-9147-4957-b503-39c877a962e7: new RaftServerImpl for group-064F8E595041:[5d1032ca-9147-4957-b503-39c877a962e7:192.168.69.122:36729, 60ce25f2-006c-4f2f-9804-0a3aa3878877:192.168.69.122:46818, 00d91248-b81b-486b-9e32-e5c5f65edbd1:192.168.69.122:40611] with ContainerStateMachine:uninitialized
2019-07-13 19:32:59,012 INFO  server.RaftServerConfigKeys (ConfUtils.java:logGet(43)) - raft.server.storage.dir = [/tmp/workdir/hadoop-ozone/integration-test/target/test-dir/MiniOzoneClusterImpl-24814402-2c72-477e-ac32-78cae0af7a4c/datanode-1/data/ratis] (custom)
2019-07-13 19:32:59,012 INFO  server.RaftServerConfigKeys (ConfUtils.java:logGet(43)) - raft.server.rpc.timeout.min = 5s (custom)
2019-07-13 19:32:59,013 INFO  impl.RaftServerImpl (RaftServerImpl.java:<init>(93)) - 60ce25f2-006c-4f2f-9804-0a3aa3878877: new RaftServerImpl for group-064F8E595041:[5d1032ca-9147-4957-b503-39c877a962e7:192.168.69.122:36729, 60ce25f2-006c-4f2f-9804-0a3aa3878877:192.168.69.122:46818, 00d91248-b81b-486b-9e32-e5c5f65edbd1:192.168.69.122:40611] with ContainerStateMachine:uninitialized
2019-07-13 19:32:59,013 INFO  storage.RaftStorageDirectory (RaftStorageDirectory.java:analyzeStorage(246)) - The storage directory /tmp/workdir/hadoop-ozone/integration-test/target/test-dir/MiniOzoneClusterImpl-24814402-2c72-477e-ac32-78cae0af7a4c/datanode-1/data/ratis/b19cb88e-57b5-41a9-a6c1-064f8e595041 does not exist. Creating ...
2019-07-13 19:32:59,013 INFO  server.RaftServerConfigKeys (ConfUtils.java:logGet(43)) - raft.server.rpc.timeout.max = 5200ms (custom)
2019-07-13 19:32:59,013 INFO  server.RaftServerConfigKeys (ConfUtils.java:logGet(43)) - raft.server.rpc.timeout.min = 5s (custom)
2019-07-13 19:32:59,013 INFO  server.RaftServerConfigKeys (ConfUtils.java:logGet(43)) - raft.server.rpcslowness.timeout = 120s (custom)
2019-07-13 19:32:59,014 INFO  server.RaftServerConfigKeys (ConfUtils.java:logGet(43)) - raft.server.rpc.timeout.max = 5200ms (custom)
2019-07-13 19:32:59,014 INFO  server.RaftServerConfigKeys (ConfUtils.java:logGet(43)) - raft.server.sleep.deviation.threshold = 300 (default)
2019-07-13 19:32:59,014 INFO  server.RaftServerConfigKeys (ConfUtils.java:logGet(43)) - raft.server.rpcslowness.timeout = 120s (custom)
2019-07-13 19:32:59,014 INFO  server.RaftServerConfigKeys (ConfUtils.java:logGet(43)) - raft.server.log.appender.install.snapshot.enabled = false (custom)
2019-07-13 19:32:59,014 INFO  server.RaftServerConfigKeys (ConfUtils.java:logGet(43)) - raft.server.sleep.deviation.threshold = 300 (default)
2019-07-13 19:32:59,015 INFO  impl.RaftServerImpl (ServerState.java:<init>(105)) - 5d1032ca-9147-4957-b503-39c877a962e7:group-064F8E595041 ConfigurationManager, init=-1: [5d1032ca-9147-4957-b503-39c877a962e7:192.168.69.122:36729, 60ce25f2-006c-4f2f-9804-0a3aa3878877:192.168.69.122:46818, 00d91248-b81b-486b-9e32-e5c5f65edbd1:192.168.69.122:40611], old=null, confs=<EMPTY_MAP>
2019-07-13 19:32:59,015 INFO  server.RaftServerConfigKeys (ConfUtils.java:logGet(43)) - raft.server.log.appender.install.snapshot.enabled = false (custom)
2019-07-13 19:32:59,015 INFO  server.RaftServerConfigKeys (ConfUtils.java:logGet(43)) - raft.server.storage.dir = [/tmp/workdir/hadoop-ozone/integration-test/target/test-dir/MiniOzoneClusterImpl-24814402-2c72-477e-ac32-78cae0af7a4c/datanode-2/data/ratis] (custom)
2019-07-13 19:32:59,015 INFO  impl.RaftServerImpl (ServerState.java:<init>(105)) - 60ce25f2-006c-4f2f-9804-0a3aa3878877:group-064F8E595041 ConfigurationManager, init=-1: [5d1032ca-9147-4957-b503-39c877a962e7:192.168.69.122:36729, 60ce25f2-006c-4f2f-9804-0a3aa3878877:192.168.69.122:46818, 00d91248-b81b-486b-9e32-e5c5f65edbd1:192.168.69.122:40611], old=null, confs=<EMPTY_MAP>
2019-07-13 19:32:59,015 INFO  server.RaftServerConfigKeys (ConfUtils.java:logGet(43)) - raft.server.storage.dir = [/tmp/workdir/hadoop-ozone/integration-test/target/test-dir/MiniOzoneClusterImpl-24814402-2c72-477e-ac32-78cae0af7a4c/datanode-0/data/ratis] (custom)
2019-07-13 19:32:59,016 INFO  storage.RaftStorageDirectory (RaftStorageDirectory.java:analyzeStorage(246)) - The storage directory /tmp/workdir/hadoop-ozone/integration-test/target/test-dir/MiniOzoneClusterImpl-24814402-2c72-477e-ac32-78cae0af7a4c/datanode-2/data/ratis/b19cb88e-57b5-41a9-a6c1-064f8e595041 does not exist. Creating ...
2019-07-13 19:32:59,016 INFO  storage.RaftStorageDirectory (RaftStorageDirectory.java:analyzeStorage(246)) - The storage directory /tmp/workdir/hadoop-ozone/integration-test/target/test-dir/MiniOzoneClusterImpl-24814402-2c72-477e-ac32-78cae0af7a4c/datanode-0/data/ratis/b19cb88e-57b5-41a9-a6c1-064f8e595041 does not exist. Creating ...
2019-07-13 19:32:59,027 INFO  storage.RaftStorageDirectory (RaftStorageDirectory.java:tryLock(328)) - Lock on /tmp/workdir/hadoop-ozone/integration-test/target/test-dir/MiniOzoneClusterImpl-24814402-2c72-477e-ac32-78cae0af7a4c/datanode-2/data/ratis/b19cb88e-57b5-41a9-a6c1-064f8e595041/in_use.lock acquired by nodename 18559@trunk-nightly-fxqsz-774976932
2019-07-13 19:32:59,027 INFO  storage.RaftStorageDirectory (RaftStorageDirectory.java:tryLock(328)) - Lock on /tmp/workdir/hadoop-ozone/integration-test/target/test-dir/MiniOzoneClusterImpl-24814402-2c72-477e-ac32-78cae0af7a4c/datanode-0/data/ratis/b19cb88e-57b5-41a9-a6c1-064f8e595041/in_use.lock acquired by nodename 18559@trunk-nightly-fxqsz-774976932
2019-07-13 19:32:59,027 INFO  storage.RaftStorageDirectory (RaftStorageDirectory.java:tryLock(328)) - Lock on /tmp/workdir/hadoop-ozone/integration-test/target/test-dir/MiniOzoneClusterImpl-24814402-2c72-477e-ac32-78cae0af7a4c/datanode-1/data/ratis/b19cb88e-57b5-41a9-a6c1-064f8e595041/in_use.lock acquired by nodename 18559@trunk-nightly-fxqsz-774976932
2019-07-13 19:32:59,041 INFO  storage.RaftStorage (RaftStorage.java:format(72)) - Storage directory /tmp/workdir/hadoop-ozone/integration-test/target/test-dir/MiniOzoneClusterImpl-24814402-2c72-477e-ac32-78cae0af7a4c/datanode-0/data/ratis/b19cb88e-57b5-41a9-a6c1-064f8e595041 has been successfully formatted.
2019-07-13 19:32:59,041 INFO  storage.RaftStorage (RaftStorage.java:format(72)) - Storage directory /tmp/workdir/hadoop-ozone/integration-test/target/test-dir/MiniOzoneClusterImpl-24814402-2c72-477e-ac32-78cae0af7a4c/datanode-1/data/ratis/b19cb88e-57b5-41a9-a6c1-064f8e595041 has been successfully formatted.
2019-07-13 19:32:59,042 INFO  ratis.ContainerStateMachine (ContainerStateMachine.java:loadSnapshot(200)) - The snapshot info is null.Setting the last applied index to:(t:0, i:~)
2019-07-13 19:32:59,041 INFO  storage.RaftStorage (RaftStorage.java:format(72)) - Storage directory /tmp/workdir/hadoop-ozone/integration-test/target/test-dir/MiniOzoneClusterImpl-24814402-2c72-477e-ac32-78cae0af7a4c/datanode-2/data/ratis/b19cb88e-57b5-41a9-a6c1-064f8e595041 has been successfully formatted.
2019-07-13 19:32:59,042 INFO  server.RaftServerConfigKeys (ConfUtils.java:logGet(43)) - raft.server.leader.election.timeout = 120s (custom)
2019-07-13 19:32:59,042 INFO  ratis.ContainerStateMachine (ContainerStateMachine.java:loadSnapshot(200)) - The snapshot info is null.Setting the last applied index to:(t:0, i:~)
2019-07-13 19:32:59,042 INFO  ratis.ContainerStateMachine (ContainerStateMachine.java:loadSnapshot(200)) - The snapshot info is null.Setting the last applied index to:(t:0, i:~)
2019-07-13 19:32:59,042 INFO  server.RaftServerConfigKeys (ConfUtils.java:logGet(43)) - raft.server.leader.election.timeout = 120s (custom)
2019-07-13 19:32:59,043 INFO  server.RaftServerConfigKeys (ConfUtils.java:logGet(43)) - raft.server.log.use.memory = false (default)
2019-07-13 19:32:59,042 INFO  server.RaftServerConfigKeys (ConfUtils.java:logGet(43)) - raft.server.log.use.memory = false (default)
2019-07-13 19:32:59,043 INFO  server.RaftServerConfigKeys (ConfUtils.java:logGet(43)) - raft.server.log.purge.gap = 1000000000 (custom)
2019-07-13 19:32:59,042 INFO  server.RaftServerConfigKeys (ConfUtils.java:logGet(43)) - raft.server.leader.election.timeout = 120s (custom)
2019-07-13 19:32:59,043 INFO  server.RaftServerConfigKeys (ConfUtils.java:logGet(43)) - raft.server.log.appender.buffer.byte-limit = 33554432 (custom)
2019-07-13 19:32:59,043 INFO  server.RaftServerConfigKeys (ConfUtils.java:logGet(43)) - raft.server.log.purge.gap = 1000000000 (custom)
2019-07-13 19:32:59,044 INFO  server.RaftServerConfigKeys (ConfUtils.java:logGet(43)) - raft.server.log.segment.size.max = 1048576 (custom)
2019-07-13 19:32:59,043 INFO  server.RaftServerConfigKeys (ConfUtils.java:logGet(43)) - raft.server.log.use.memory = false (default)
2019-07-13 19:32:59,044 INFO  server.RaftServerConfigKeys (ConfUtils.java:logGet(43)) - raft.server.log.segment.cache.num.max = 2 (custom)
2019-07-13 19:32:59,044 INFO  segmented.SegmentedRaftLogWorker (SegmentedRaftLogWorker.java:<init>(172)) - new 5d1032ca-9147-4957-b503-39c877a962e7-SegmentedRaftLogWorker:Storage Directory /tmp/workdir/hadoop-ozone/integration-test/target/test-dir/MiniOzoneClusterImpl-24814402-2c72-477e-ac32-78cae0af7a4c/datanode-2/data/ratis/b19cb88e-57b5-41a9-a6c1-064f8e595041 for RaftStorage:Storage Directory /tmp/workdir/hadoop-ozone/integration-test/target/test-dir/MiniOzoneClusterImpl-24814402-2c72-477e-ac32-78cae0af7a4c/datanode-2/data/ratis/b19cb88e-57b5-41a9-a6c1-064f8e595041
2019-07-13 19:32:59,044 INFO  server.RaftServerConfigKeys (ConfUtils.java:logGet(43)) - raft.server.log.appender.buffer.byte-limit = 33554432 (custom)
2019-07-13 19:32:59,044 INFO  server.RaftServerConfigKeys (ConfUtils.java:logGet(43)) - raft.server.log.queue.byte-limit = 2147483647 (custom)
2019-07-13 19:32:59,044 INFO  server.RaftServerConfigKeys (ConfUtils.java:logGet(43)) - raft.server.log.purge.gap = 1000000000 (custom)
2019-07-13 19:32:59,045 INFO  server.RaftServerConfigKeys (ConfUtils.java:logGet(43)) - raft.server.log.queue.element-limit = 1024 (custom)
2019-07-13 19:32:59,045 INFO  server.RaftServerConfigKeys (ConfUtils.java:logGet(43)) - raft.server.log.segment.size.max = 1048576 (custom)
2019-07-13 19:32:59,045 INFO  server.RaftServerConfigKeys (ConfUtils.java:logGet(43)) - raft.server.log.segment.size.max = 1048576 (custom)
2019-07-13 19:32:59,045 INFO  server.RaftServerConfigKeys (ConfUtils.java:logGet(43)) - raft.server.log.appender.buffer.byte-limit = 33554432 (custom)
2019-07-13 19:32:59,045 INFO  server.RaftServerConfigKeys (ConfUtils.java:logGet(43)) - raft.server.log.preallocated.size = 16384 (custom)
2019-07-13 19:32:59,045 INFO  server.RaftServerConfigKeys (ConfUtils.java:logGet(43)) - raft.server.log.segment.cache.num.max = 2 (custom)
2019-07-13 19:32:59,046 INFO  server.RaftServerConfigKeys (ConfUtils.java:logGet(43)) - raft.server.log.write.buffer.size = 33554432 (custom)
2019-07-13 19:32:59,046 INFO  server.RaftServerConfigKeys (ConfUtils.java:logGet(43)) - raft.server.log.segment.size.max = 1048576 (custom)
2019-07-13 19:32:59,046 INFO  server.RaftServerConfigKeys (ConfUtils.java:logGet(43)) - raft.server.log.force.sync.num = 128 (default)
2019-07-13 19:32:59,046 INFO  segmented.SegmentedRaftLogWorker (SegmentedRaftLogWorker.java:<init>(172)) - new 60ce25f2-006c-4f2f-9804-0a3aa3878877-SegmentedRaftLogWorker:Storage Directory /tmp/workdir/hadoop-ozone/integration-test/target/test-dir/MiniOzoneClusterImpl-24814402-2c72-477e-ac32-78cae0af7a4c/datanode-0/data/ratis/b19cb88e-57b5-41a9-a6c1-064f8e595041 for RaftStorage:Storage Directory /tmp/workdir/hadoop-ozone/integration-test/target/test-dir/MiniOzoneClusterImpl-24814402-2c72-477e-ac32-78cae0af7a4c/datanode-0/data/ratis/b19cb88e-57b5-41a9-a6c1-064f8e595041
2019-07-13 19:32:59,046 INFO  server.RaftServerConfigKeys (ConfUtils.java:logGet(43)) - raft.server.log.statemachine.data.sync = true (default)
2019-07-13 19:32:59,046 INFO  server.RaftServerConfigKeys (ConfUtils.java:logGet(43)) - raft.server.log.segment.cache.num.max = 2 (custom)
2019-07-13 19:32:59,047 INFO  server.RaftServerConfigKeys (ConfUtils.java:logGet(43)) - raft.server.log.statemachine.data.sync.timeout = 10s (default)
2019-07-13 19:32:59,047 INFO  server.RaftServerConfigKeys (ConfUtils.java:logGet(43)) - raft.server.log.queue.byte-limit = 2147483647 (custom)
2019-07-13 19:32:59,047 INFO  server.RaftServerConfigKeys (ConfUtils.java:logGet(43)) - raft.server.log.statemachine.data.sync.timeout.retry = -1 (default)
2019-07-13 19:32:59,047 INFO  segmented.SegmentedRaftLogWorker (SegmentedRaftLogWorker.java:<init>(172)) - new 00d91248-b81b-486b-9e32-e5c5f65edbd1-SegmentedRaftLogWorker:Storage Directory /tmp/workdir/hadoop-ozone/integration-test/target/test-dir/MiniOzoneClusterImpl-24814402-2c72-477e-ac32-78cae0af7a4c/datanode-1/data/ratis/b19cb88e-57b5-41a9-a6c1-064f8e595041 for RaftStorage:Storage Directory /tmp/workdir/hadoop-ozone/integration-test/target/test-dir/MiniOzoneClusterImpl-24814402-2c72-477e-ac32-78cae0af7a4c/datanode-1/data/ratis/b19cb88e-57b5-41a9-a6c1-064f8e595041
2019-07-13 19:32:59,047 INFO  server.RaftServerConfigKeys (ConfUtils.java:logGet(43)) - raft.server.log.statemachine.data.caching.enabled = true (custom)
2019-07-13 19:32:59,047 INFO  server.RaftServerConfigKeys (ConfUtils.java:logGet(43)) - raft.server.log.queue.element-limit = 1024 (custom)
2019-07-13 19:32:59,048 INFO  segmented.SegmentedRaftLogWorker (SegmentedRaftLogWorker.java:lambda$new$0(132)) - 5d1032ca-9147-4957-b503-39c877a962e7-SegmentedRaftLogWorker:Storage Directory /tmp/workdir/hadoop-ozone/integration-test/target/test-dir/MiniOzoneClusterImpl-24814402-2c72-477e-ac32-78cae0af7a4c/datanode-2/data/ratis/b19cb88e-57b5-41a9-a6c1-064f8e595041: flushIndex: setUnconditionally 0 -> -1
2019-07-13 19:32:59,048 INFO  server.RaftServerConfigKeys (ConfUtils.java:logGet(43)) - raft.server.log.queue.byte-limit = 2147483647 (custom)
2019-07-13 19:32:59,048 INFO  server.RaftServerConfigKeys (ConfUtils.java:logGet(43)) - raft.server.log.segment.size.max = 1048576 (custom)
2019-07-13 19:32:59,048 INFO  server.RaftServerConfigKeys (ConfUtils.java:logGet(43)) - raft.server.log.queue.element-limit = 1024 (custom)
2019-07-13 19:32:59,048 INFO  server.RaftServerConfigKeys (ConfUtils.java:logGet(43)) - raft.server.snapshot.auto.trigger.enabled = true (custom)
2019-07-13 19:32:59,049 INFO  server.RaftServerConfigKeys (ConfUtils.java:logGet(43)) - raft.server.log.segment.size.max = 1048576 (custom)
2019-07-13 19:32:59,048 INFO  server.RaftServerConfigKeys (ConfUtils.java:logGet(43)) - raft.server.log.preallocated.size = 16384 (custom)
2019-07-13 19:32:59,049 INFO  server.RaftServerConfigKeys (ConfUtils.java:logGet(43)) - raft.server.log.preallocated.size = 16384 (custom)
2019-07-13 19:32:59,049 INFO  server.RaftServerConfigKeys (ConfUtils.java:logGet(43)) - raft.server.snapshot.auto.trigger.threshold = 10000 (custom)
2019-07-13 19:32:59,049 INFO  server.RaftServerConfigKeys (ConfUtils.java:logGet(43)) - raft.server.log.write.buffer.size = 33554432 (custom)
2019-07-13 19:32:59,050 INFO  server.RaftServerConfigKeys (ConfUtils.java:logGet(43)) - raft.server.log.force.sync.num = 128 (default)
2019-07-13 19:32:59,049 INFO  server.RaftServerConfigKeys (ConfUtils.java:logGet(43)) - raft.server.log.write.buffer.size = 33554432 (custom)
2019-07-13 19:32:59,050 INFO  server.RaftServerConfigKeys (ConfUtils.java:logGet(43)) - raft.server.log.statemachine.data.sync = true (default)
2019-07-13 19:32:59,050 INFO  server.RaftServerConfigKeys (ConfUtils.java:logGet(43)) - raft.server.retrycache.expirytime = 600000ms (custom)
2019-07-13 19:32:59,050 INFO  server.RaftServerConfigKeys (ConfUtils.java:logGet(43)) - raft.server.log.statemachine.data.sync.timeout = 10s (default)
2019-07-13 19:32:59,050 INFO  server.RaftServerConfigKeys (ConfUtils.java:logGet(43)) - raft.server.log.force.sync.num = 128 (default)
2019-07-13 19:32:59,051 INFO  server.RaftServerConfigKeys (ConfUtils.java:logGet(43)) - raft.server.log.statemachine.data.sync.timeout.retry = -1 (default)
2019-07-13 19:32:59,050 INFO  impl.RaftServerImpl (RaftServerImpl.java:start(180)) - 5d1032ca-9147-4957-b503-39c877a962e7: start group-064F8E595041
2019-07-13 19:32:59,051 INFO  server.RaftServerConfigKeys (ConfUtils.java:logGet(43)) - raft.server.log.statemachine.data.caching.enabled = true (custom)
2019-07-13 19:32:59,051 INFO  server.RaftServerConfigKeys (ConfUtils.java:logGet(43)) - raft.server.log.statemachine.data.sync = true (default)
2019-07-13 19:32:59,051 INFO  impl.RaftServerImpl (RaftServerImpl.java:setRole(171)) - 5d1032ca-9147-4957-b503-39c877a962e7:group-064F8E595041 changes role from null to FOLLOWER at term 0 for startAsFollower
2019-07-13 19:32:59,051 INFO  segmented.SegmentedRaftLogWorker (SegmentedRaftLogWorker.java:lambda$new$0(132)) - 00d91248-b81b-486b-9e32-e5c5f65edbd1-SegmentedRaftLogWorker:Storage Directory /tmp/workdir/hadoop-ozone/integration-test/target/test-dir/MiniOzoneClusterImpl-24814402-2c72-477e-ac32-78cae0af7a4c/datanode-1/data/ratis/b19cb88e-57b5-41a9-a6c1-064f8e595041: flushIndex: setUnconditionally 0 -> -1
2019-07-13 19:32:59,051 INFO  server.RaftServerConfigKeys (ConfUtils.java:logGet(43)) - raft.server.log.statemachine.data.sync.timeout = 10s (default)
2019-07-13 19:32:59,052 INFO  impl.RoleInfo (RoleInfo.java:updateAndGet(143)) - 5d1032ca-9147-4957-b503-39c877a962e7: start FollowerState
2019-07-13 19:32:59,052 INFO  server.RaftServerConfigKeys (ConfUtils.java:logGet(43)) - raft.server.snapshot.auto.trigger.enabled = true (custom)
2019-07-13 19:32:59,052 INFO  server.RaftServerConfigKeys (ConfUtils.java:logGet(43)) - raft.server.log.statemachine.data.sync.timeout.retry = -1 (default)
2019-07-13 19:32:59,052 INFO  server.RaftServerConfigKeys (ConfUtils.java:logGet(43)) - raft.server.snapshot.auto.trigger.threshold = 10000 (custom)
2019-07-13 19:32:59,052 INFO  util.JmxRegister (JmxRegister.java:tryRegister(44)) - Successfully registered JMX Bean with object name Ratis:service=RaftServer,group=group-064F8E595041,id=5d1032ca-9147-4957-b503-39c877a962e7
2019-07-13 19:32:59,052 INFO  server.RaftServerConfigKeys (ConfUtils.java:logGet(43)) - raft.server.log.statemachine.data.caching.enabled = true (custom)
2019-07-13 19:32:59,053 INFO  server.RaftServerConfigKeys (ConfUtils.java:logGet(43)) - raft.server.retrycache.expirytime = 600000ms (custom)
2019-07-13 19:32:59,053 INFO  segmented.SegmentedRaftLogWorker (SegmentedRaftLogWorker.java:lambda$new$0(132)) - 60ce25f2-006c-4f2f-9804-0a3aa3878877-SegmentedRaftLogWorker:Storage Directory /tmp/workdir/hadoop-ozone/integration-test/target/test-dir/MiniOzoneClusterImpl-24814402-2c72-477e-ac32-78cae0af7a4c/datanode-0/data/ratis/b19cb88e-57b5-41a9-a6c1-064f8e595041: flushIndex: setUnconditionally 0 -> -1
2019-07-13 19:32:59,053 INFO  impl.RaftServerImpl (RaftServerImpl.java:start(180)) - 00d91248-b81b-486b-9e32-e5c5f65edbd1: start group-064F8E595041
2019-07-13 19:32:59,053 INFO  impl.RaftServerImpl (RaftServerImpl.java:setRole(171)) - 00d91248-b81b-486b-9e32-e5c5f65edbd1:group-064F8E595041 changes role from null to FOLLOWER at term 0 for startAsFollower
2019-07-13 19:32:59,053 INFO  server.RaftServerConfigKeys (ConfUtils.java:logGet(43)) - raft.server.snapshot.auto.trigger.enabled = true (custom)
2019-07-13 19:32:59,053 INFO  impl.RoleInfo (RoleInfo.java:updateAndGet(143)) - 00d91248-b81b-486b-9e32-e5c5f65edbd1: start FollowerState
2019-07-13 19:32:59,054 INFO  server.RaftServerConfigKeys (ConfUtils.java:logGet(43)) - raft.server.snapshot.auto.trigger.threshold = 10000 (custom)
2019-07-13 19:32:59,054 INFO  server.RaftServerConfigKeys (ConfUtils.java:logGet(43)) - raft.server.retrycache.expirytime = 600000ms (custom)
2019-07-13 19:32:59,054 INFO  util.JmxRegister (JmxRegister.java:tryRegister(44)) - Successfully registered JMX Bean with object name Ratis:service=RaftServer,group=group-064F8E595041,id=00d91248-b81b-486b-9e32-e5c5f65edbd1
2019-07-13 19:32:59,054 INFO  impl.RaftServerImpl (RaftServerImpl.java:start(180)) - 60ce25f2-006c-4f2f-9804-0a3aa3878877: start group-064F8E595041
2019-07-13 19:32:59,054 INFO  impl.RaftServerImpl (RaftServerImpl.java:setRole(171)) - 60ce25f2-006c-4f2f-9804-0a3aa3878877:group-064F8E595041 changes role from null to FOLLOWER at term 0 for startAsFollower
2019-07-13 19:32:59,055 INFO  impl.RoleInfo (RoleInfo.java:updateAndGet(143)) - 60ce25f2-006c-4f2f-9804-0a3aa3878877: start FollowerState
2019-07-13 19:32:59,055 INFO  util.JmxRegister (JmxRegister.java:tryRegister(44)) - Successfully registered JMX Bean with object name Ratis:service=RaftServer,group=group-064F8E595041,id=60ce25f2-006c-4f2f-9804-0a3aa3878877
2019-07-13 19:32:59,058 INFO  pipeline.PipelineStateManager (PipelineStateManager.java:addPipeline(56)) - Created pipeline Pipeline[ Id: b19cb88e-57b5-41a9-a6c1-064f8e595041, Nodes: 60ce25f2-006c-4f2f-9804-0a3aa3878877{ip: 192.168.69.122, host: trunk-nightly-fxqsz-774976932, networkLocation: /default-rack, certSerialId: null}00d91248-b81b-486b-9e32-e5c5f65edbd1{ip: 192.168.69.122, host: trunk-nightly-fxqsz-774976932, networkLocation: /default-rack, certSerialId: null}5d1032ca-9147-4957-b503-39c877a962e7{ip: 192.168.69.122, host: trunk-nightly-fxqsz-774976932, networkLocation: /default-rack, certSerialId: null}, Type:RATIS, Factor:THREE, State:OPEN]
2019-07-13 19:32:59,212 INFO  node.SCMNodeManager (SCMNodeManager.java:register(269)) - Registered Data node : 4d3fdac6-fc5c-4cab-b209-1166c0df6150{ip: 192.168.69.122, host: trunk-nightly-fxqsz-774976932, networkLocation: /default-rack, certSerialId: null}
2019-07-13 19:32:59,229 INFO  impl.RaftServerProxy (RaftServerProxy.java:addNew(89)) - 4d3fdac6-fc5c-4cab-b209-1166c0df6150: addNew group-93CC2CCF4C75:[4d3fdac6-fc5c-4cab-b209-1166c0df6150:192.168.69.122:39808] returns group-93CC2CCF4C75:java.util.concurrent.CompletableFuture@6cfa8ce6[Not completed]
2019-07-13 19:32:59,230 INFO  impl.RaftServerImpl (RaftServerImpl.java:<init>(93)) - 4d3fdac6-fc5c-4cab-b209-1166c0df6150: new RaftServerImpl for group-93CC2CCF4C75:[4d3fdac6-fc5c-4cab-b209-1166c0df6150:192.168.69.122:39808] with ContainerStateMachine:uninitialized
2019-07-13 19:32:59,231 INFO  server.RaftServerConfigKeys (ConfUtils.java:logGet(43)) - raft.server.rpc.timeout.min = 5s (custom)
2019-07-13 19:32:59,231 INFO  server.RaftServerConfigKeys (ConfUtils.java:logGet(43)) - raft.server.rpc.timeout.max = 5200ms (custom)
2019-07-13 19:32:59,231 INFO  server.RaftServerConfigKeys (ConfUtils.java:logGet(43)) - raft.server.rpcslowness.timeout = 120s (custom)
2019-07-13 19:32:59,231 INFO  server.RaftServerConfigKeys (ConfUtils.java:logGet(43)) - raft.server.sleep.deviation.threshold = 300 (default)
2019-07-13 19:32:59,232 INFO  server.RaftServerConfigKeys (ConfUtils.java:logGet(43)) - raft.server.log.appender.install.snapshot.enabled = false (custom)
2019-07-13 19:32:59,232 INFO  impl.RaftServerImpl (ServerState.java:<init>(105)) - 4d3fdac6-fc5c-4cab-b209-1166c0df6150:group-93CC2CCF4C75 ConfigurationManager, init=-1: [4d3fdac6-fc5c-4cab-b209-1166c0df6150:192.168.69.122:39808], old=null, confs=<EMPTY_MAP>
2019-07-13 19:32:59,232 INFO  server.RaftServerConfigKeys (ConfUtils.java:logGet(43)) - raft.server.storage.dir = [/tmp/workdir/hadoop-ozone/integration-test/target/test-dir/MiniOzoneClusterImpl-24814402-2c72-477e-ac32-78cae0af7a4c/datanode-3/data/ratis] (custom)
2019-07-13 19:32:59,233 INFO  storage.RaftStorageDirectory (RaftStorageDirectory.java:analyzeStorage(246)) - The storage directory /tmp/workdir/hadoop-ozone/integration-test/target/test-dir/MiniOzoneClusterImpl-24814402-2c72-477e-ac32-78cae0af7a4c/datanode-3/data/ratis/271835a4-b063-4d85-8451-93cc2ccf4c75 does not exist. Creating ...
2019-07-13 19:32:59,246 INFO  storage.RaftStorageDirectory (RaftStorageDirectory.java:tryLock(328)) - Lock on /tmp/workdir/hadoop-ozone/integration-test/target/test-dir/MiniOzoneClusterImpl-24814402-2c72-477e-ac32-78cae0af7a4c/datanode-3/data/ratis/271835a4-b063-4d85-8451-93cc2ccf4c75/in_use.lock acquired by nodename 18559@trunk-nightly-fxqsz-774976932
2019-07-13 19:32:59,259 INFO  storage.RaftStorage (RaftStorage.java:format(72)) - Storage directory /tmp/workdir/hadoop-ozone/integration-test/target/test-dir/MiniOzoneClusterImpl-24814402-2c72-477e-ac32-78cae0af7a4c/datanode-3/data/ratis/271835a4-b063-4d85-8451-93cc2ccf4c75 has been successfully formatted.
2019-07-13 19:32:59,259 INFO  ratis.ContainerStateMachine (ContainerStateMachine.java:loadSnapshot(200)) - The snapshot info is null.Setting the last applied index to:(t:0, i:~)
2019-07-13 19:32:59,259 INFO  server.RaftServerConfigKeys (ConfUtils.java:logGet(43)) - raft.server.leader.election.timeout = 120s (custom)
2019-07-13 19:32:59,259 INFO  server.RaftServerConfigKeys (ConfUtils.java:logGet(43)) - raft.server.log.use.memory = false (default)
2019-07-13 19:32:59,260 INFO  server.RaftServerConfigKeys (ConfUtils.java:logGet(43)) - raft.server.log.purge.gap = 1000000000 (custom)
2019-07-13 19:32:59,260 INFO  server.RaftServerConfigKeys (ConfUtils.java:logGet(43)) - raft.server.log.appender.buffer.byte-limit = 33554432 (custom)
2019-07-13 19:32:59,260 INFO  server.RaftServerConfigKeys (ConfUtils.java:logGet(43)) - raft.server.log.segment.size.max = 1048576 (custom)
2019-07-13 19:32:59,260 INFO  server.RaftServerConfigKeys (ConfUtils.java:logGet(43)) - raft.server.log.segment.cache.num.max = 2 (custom)
2019-07-13 19:32:59,260 INFO  segmented.SegmentedRaftLogWorker (SegmentedRaftLogWorker.java:<init>(172)) - new 4d3fdac6-fc5c-4cab-b209-1166c0df6150-SegmentedRaftLogWorker:Storage Directory /tmp/workdir/hadoop-ozone/integration-test/target/test-dir/MiniOzoneClusterImpl-24814402-2c72-477e-ac32-78cae0af7a4c/datanode-3/data/ratis/271835a4-b063-4d85-8451-93cc2ccf4c75 for RaftStorage:Storage Directory /tmp/workdir/hadoop-ozone/integration-test/target/test-dir/MiniOzoneClusterImpl-24814402-2c72-477e-ac32-78cae0af7a4c/datanode-3/data/ratis/271835a4-b063-4d85-8451-93cc2ccf4c75
2019-07-13 19:32:59,261 INFO  server.RaftServerConfigKeys (ConfUtils.java:logGet(43)) - raft.server.log.queue.byte-limit = 2147483647 (custom)
2019-07-13 19:32:59,261 INFO  server.RaftServerConfigKeys (ConfUtils.java:logGet(43)) - raft.server.log.queue.element-limit = 1024 (custom)
2019-07-13 19:32:59,261 INFO  server.RaftServerConfigKeys (ConfUtils.java:logGet(43)) - raft.server.log.segment.size.max = 1048576 (custom)
2019-07-13 19:32:59,261 INFO  server.RaftServerConfigKeys (ConfUtils.java:logGet(43)) - raft.server.log.preallocated.size = 16384 (custom)
2019-07-13 19:32:59,261 INFO  server.RaftServerConfigKeys (ConfUtils.java:logGet(43)) - raft.server.log.write.buffer.size = 33554432 (custom)
2019-07-13 19:32:59,262 INFO  server.RaftServerConfigKeys (ConfUtils.java:logGet(43)) - raft.server.log.force.sync.num = 128 (default)
2019-07-13 19:32:59,262 INFO  server.RaftServerConfigKeys (ConfUtils.java:logGet(43)) - raft.server.log.statemachine.data.sync = true (default)
2019-07-13 19:32:59,262 INFO  server.RaftServerConfigKeys (ConfUtils.java:logGet(43)) - raft.server.log.statemachine.data.sync.timeout = 10s (default)
2019-07-13 19:32:59,262 INFO  server.RaftServerConfigKeys (ConfUtils.java:logGet(43)) - raft.server.log.statemachine.data.sync.timeout.retry = -1 (default)
2019-07-13 19:32:59,262 INFO  server.RaftServerConfigKeys (ConfUtils.java:logGet(43)) - raft.server.log.statemachine.data.caching.enabled = true (custom)
2019-07-13 19:32:59,263 INFO  segmented.SegmentedRaftLogWorker (SegmentedRaftLogWorker.java:lambda$new$0(132)) - 4d3fdac6-fc5c-4cab-b209-1166c0df6150-SegmentedRaftLogWorker:Storage Directory /tmp/workdir/hadoop-ozone/integration-test/target/test-dir/MiniOzoneClusterImpl-24814402-2c72-477e-ac32-78cae0af7a4c/datanode-3/data/ratis/271835a4-b063-4d85-8451-93cc2ccf4c75: flushIndex: setUnconditionally 0 -> -1
2019-07-13 19:32:59,263 INFO  server.RaftServerConfigKeys (ConfUtils.java:logGet(43)) - raft.server.snapshot.auto.trigger.enabled = true (custom)
2019-07-13 19:32:59,263 INFO  server.RaftServerConfigKeys (ConfUtils.java:logGet(43)) - raft.server.snapshot.auto.trigger.threshold = 10000 (custom)
2019-07-13 19:32:59,263 INFO  server.RaftServerConfigKeys (ConfUtils.java:logGet(43)) - raft.server.retrycache.expirytime = 600000ms (custom)
2019-07-13 19:32:59,264 INFO  impl.RaftServerImpl (RaftServerImpl.java:start(180)) - 4d3fdac6-fc5c-4cab-b209-1166c0df6150: start group-93CC2CCF4C75
2019-07-13 19:32:59,264 INFO  impl.RaftServerImpl (RaftServerImpl.java:setRole(171)) - 4d3fdac6-fc5c-4cab-b209-1166c0df6150:group-93CC2CCF4C75 changes role from null to FOLLOWER at term 0 for startAsFollower
2019-07-13 19:32:59,264 INFO  impl.RoleInfo (RoleInfo.java:updateAndGet(143)) - 4d3fdac6-fc5c-4cab-b209-1166c0df6150: start FollowerState
2019-07-13 19:32:59,265 INFO  util.JmxRegister (JmxRegister.java:tryRegister(44)) - Successfully registered JMX Bean with object name Ratis:service=RaftServer,group=group-93CC2CCF4C75,id=4d3fdac6-fc5c-4cab-b209-1166c0df6150
2019-07-13 19:32:59,267 INFO  pipeline.PipelineStateManager (PipelineStateManager.java:addPipeline(56)) - Created pipeline Pipeline[ Id: 271835a4-b063-4d85-8451-93cc2ccf4c75, Nodes: 4d3fdac6-fc5c-4cab-b209-1166c0df6150{ip: 192.168.69.122, host: trunk-nightly-fxqsz-774976932, networkLocation: /default-rack, certSerialId: null}, Type:RATIS, Factor:ONE, State:OPEN]
2019-07-13 19:32:59,454 INFO  node.SCMNodeManager (SCMNodeManager.java:register(269)) - Registered Data node : 97c378ef-8cfe-4893-9dbc-0cded62f29d1{ip: 192.168.69.122, host: trunk-nightly-fxqsz-774976932, networkLocation: /default-rack, certSerialId: null}
2019-07-13 19:32:59,512 INFO  impl.RaftServerProxy (RaftServerProxy.java:addNew(89)) - 97c378ef-8cfe-4893-9dbc-0cded62f29d1: addNew group-7B6ECB3504C7:[97c378ef-8cfe-4893-9dbc-0cded62f29d1:192.168.69.122:33382] returns group-7B6ECB3504C7:java.util.concurrent.CompletableFuture@42ed48f3[Not completed]
2019-07-13 19:32:59,513 INFO  impl.RaftServerImpl (RaftServerImpl.java:<init>(93)) - 97c378ef-8cfe-4893-9dbc-0cded62f29d1: new RaftServerImpl for group-7B6ECB3504C7:[97c378ef-8cfe-4893-9dbc-0cded62f29d1:192.168.69.122:33382] with ContainerStateMachine:uninitialized
2019-07-13 19:32:59,513 INFO  server.RaftServerConfigKeys (ConfUtils.java:logGet(43)) - raft.server.rpc.timeout.min = 5s (custom)
2019-07-13 19:32:59,513 INFO  server.RaftServerConfigKeys (ConfUtils.java:logGet(43)) - raft.server.rpc.timeout.max = 5200ms (custom)
2019-07-13 19:32:59,513 INFO  server.RaftServerConfigKeys (ConfUtils.java:logGet(43)) - raft.server.rpcslowness.timeout = 120s (custom)
2019-07-13 19:32:59,514 INFO  server.RaftServerConfigKeys (ConfUtils.java:logGet(43)) - raft.server.sleep.deviation.threshold = 300 (default)
2019-07-13 19:32:59,514 INFO  server.RaftServerConfigKeys (ConfUtils.java:logGet(43)) - raft.server.log.appender.install.snapshot.enabled = false (custom)
2019-07-13 19:32:59,514 INFO  impl.RaftServerImpl (ServerState.java:<init>(105)) - 97c378ef-8cfe-4893-9dbc-0cded62f29d1:group-7B6ECB3504C7 ConfigurationManager, init=-1: [97c378ef-8cfe-4893-9dbc-0cded62f29d1:192.168.69.122:33382], old=null, confs=<EMPTY_MAP>
2019-07-13 19:32:59,514 INFO  server.RaftServerConfigKeys (ConfUtils.java:logGet(43)) - raft.server.storage.dir = [/tmp/workdir/hadoop-ozone/integration-test/target/test-dir/MiniOzoneClusterImpl-24814402-2c72-477e-ac32-78cae0af7a4c/datanode-4/data/ratis] (custom)
2019-07-13 19:32:59,515 INFO  storage.RaftStorageDirectory (RaftStorageDirectory.java:analyzeStorage(246)) - The storage directory /tmp/workdir/hadoop-ozone/integration-test/target/test-dir/MiniOzoneClusterImpl-24814402-2c72-477e-ac32-78cae0af7a4c/datanode-4/data/ratis/80af37f5-aa43-4f1c-aa23-7b6ecb3504c7 does not exist. Creating ...
2019-07-13 19:32:59,536 INFO  storage.RaftStorageDirectory (RaftStorageDirectory.java:tryLock(328)) - Lock on /tmp/workdir/hadoop-ozone/integration-test/target/test-dir/MiniOzoneClusterImpl-24814402-2c72-477e-ac32-78cae0af7a4c/datanode-4/data/ratis/80af37f5-aa43-4f1c-aa23-7b6ecb3504c7/in_use.lock acquired by nodename 18559@trunk-nightly-fxqsz-774976932
2019-07-13 19:32:59,550 INFO  storage.RaftStorage (RaftStorage.java:format(72)) - Storage directory /tmp/workdir/hadoop-ozone/integration-test/target/test-dir/MiniOzoneClusterImpl-24814402-2c72-477e-ac32-78cae0af7a4c/datanode-4/data/ratis/80af37f5-aa43-4f1c-aa23-7b6ecb3504c7 has been successfully formatted.
2019-07-13 19:32:59,550 INFO  ratis.ContainerStateMachine (ContainerStateMachine.java:loadSnapshot(200)) - The snapshot info is null.Setting the last applied index to:(t:0, i:~)
2019-07-13 19:32:59,550 INFO  server.RaftServerConfigKeys (ConfUtils.java:logGet(43)) - raft.server.leader.election.timeout = 120s (custom)
2019-07-13 19:32:59,550 INFO  server.RaftServerConfigKeys (ConfUtils.java:logGet(43)) - raft.server.log.use.memory = false (default)
2019-07-13 19:32:59,550 INFO  server.RaftServerConfigKeys (ConfUtils.java:logGet(43)) - raft.server.log.purge.gap = 1000000000 (custom)
2019-07-13 19:32:59,551 INFO  server.RaftServerConfigKeys (ConfUtils.java:logGet(43)) - raft.server.log.appender.buffer.byte-limit = 33554432 (custom)
2019-07-13 19:32:59,551 INFO  server.RaftServerConfigKeys (ConfUtils.java:logGet(43)) - raft.server.log.segment.size.max = 1048576 (custom)
2019-07-13 19:32:59,551 INFO  server.RaftServerConfigKeys (ConfUtils.java:logGet(43)) - raft.server.log.segment.cache.num.max = 2 (custom)
2019-07-13 19:32:59,551 INFO  segmented.SegmentedRaftLogWorker (SegmentedRaftLogWorker.java:<init>(172)) - new 97c378ef-8cfe-4893-9dbc-0cded62f29d1-SegmentedRaftLogWorker:Storage Directory /tmp/workdir/hadoop-ozone/integration-test/target/test-dir/MiniOzoneClusterImpl-24814402-2c72-477e-ac32-78cae0af7a4c/datanode-4/data/ratis/80af37f5-aa43-4f1c-aa23-7b6ecb3504c7 for RaftStorage:Storage Directory /tmp/workdir/hadoop-ozone/integration-test/target/test-dir/MiniOzoneClusterImpl-24814402-2c72-477e-ac32-78cae0af7a4c/datanode-4/data/ratis/80af37f5-aa43-4f1c-aa23-7b6ecb3504c7
2019-07-13 19:32:59,551 INFO  server.RaftServerConfigKeys (ConfUtils.java:logGet(43)) - raft.server.log.queue.byte-limit = 2147483647 (custom)
2019-07-13 19:32:59,551 INFO  server.RaftServerConfigKeys (ConfUtils.java:logGet(43)) - raft.server.log.queue.element-limit = 1024 (custom)
2019-07-13 19:32:59,552 INFO  server.RaftServerConfigKeys (ConfUtils.java:logGet(43)) - raft.server.log.segment.size.max = 1048576 (custom)
2019-07-13 19:32:59,552 INFO  server.RaftServerConfigKeys (ConfUtils.java:logGet(43)) - raft.server.log.preallocated.size = 16384 (custom)
2019-07-13 19:32:59,552 INFO  server.RaftServerConfigKeys (ConfUtils.java:logGet(43)) - raft.server.log.write.buffer.size = 33554432 (custom)
2019-07-13 19:32:59,552 INFO  server.RaftServerConfigKeys (ConfUtils.java:logGet(43)) - raft.server.log.force.sync.num = 128 (default)
2019-07-13 19:32:59,552 INFO  server.RaftServerConfigKeys (ConfUtils.java:logGet(43)) - raft.server.log.statemachine.data.sync = true (default)
2019-07-13 19:32:59,553 INFO  server.RaftServerConfigKeys (ConfUtils.java:logGet(43)) - raft.server.log.statemachine.data.sync.timeout = 10s (default)
2019-07-13 19:32:59,553 INFO  server.RaftServerConfigKeys (ConfUtils.java:logGet(43)) - raft.server.log.statemachine.data.sync.timeout.retry = -1 (default)
2019-07-13 19:32:59,553 INFO  server.RaftServerConfigKeys (ConfUtils.java:logGet(43)) - raft.server.log.statemachine.data.caching.enabled = true (custom)
2019-07-13 19:32:59,553 INFO  segmented.SegmentedRaftLogWorker (SegmentedRaftLogWorker.java:lambda$new$0(132)) - 97c378ef-8cfe-4893-9dbc-0cded62f29d1-SegmentedRaftLogWorker:Storage Directory /tmp/workdir/hadoop-ozone/integration-test/target/test-dir/MiniOzoneClusterImpl-24814402-2c72-477e-ac32-78cae0af7a4c/datanode-4/data/ratis/80af37f5-aa43-4f1c-aa23-7b6ecb3504c7: flushIndex: setUnconditionally 0 -> -1
2019-07-13 19:32:59,554 INFO  server.RaftServerConfigKeys (ConfUtils.java:logGet(43)) - raft.server.snapshot.auto.trigger.enabled = true (custom)
2019-07-13 19:32:59,554 INFO  server.RaftServerConfigKeys (ConfUtils.java:logGet(43)) - raft.server.snapshot.auto.trigger.threshold = 10000 (custom)
2019-07-13 19:32:59,554 INFO  server.RaftServerConfigKeys (ConfUtils.java:logGet(43)) - raft.server.retrycache.expirytime = 600000ms (custom)
2019-07-13 19:32:59,554 INFO  impl.RaftServerImpl (RaftServerImpl.java:start(180)) - 97c378ef-8cfe-4893-9dbc-0cded62f29d1: start group-7B6ECB3504C7
2019-07-13 19:32:59,555 INFO  impl.RaftServerImpl (RaftServerImpl.java:setRole(171)) - 97c378ef-8cfe-4893-9dbc-0cded62f29d1:group-7B6ECB3504C7 changes role from null to FOLLOWER at term 0 for startAsFollower
2019-07-13 19:32:59,555 INFO  impl.RoleInfo (RoleInfo.java:updateAndGet(143)) - 97c378ef-8cfe-4893-9dbc-0cded62f29d1: start FollowerState
2019-07-13 19:32:59,555 INFO  util.JmxRegister (JmxRegister.java:tryRegister(44)) - Successfully registered JMX Bean with object name Ratis:service=RaftServer,group=group-7B6ECB3504C7,id=97c378ef-8cfe-4893-9dbc-0cded62f29d1
2019-07-13 19:32:59,559 INFO  pipeline.PipelineStateManager (PipelineStateManager.java:addPipeline(56)) - Created pipeline Pipeline[ Id: 80af37f5-aa43-4f1c-aa23-7b6ecb3504c7, Nodes: 97c378ef-8cfe-4893-9dbc-0cded62f29d1{ip: 192.168.69.122, host: trunk-nightly-fxqsz-774976932, networkLocation: /default-rack, certSerialId: null}, Type:RATIS, Factor:ONE, State:OPEN]
2019-07-13 19:32:59,698 INFO  node.SCMNodeManager (SCMNodeManager.java:register(269)) - Registered Data node : 0a142fd6-9f9c-4638-b820-7e5522c37f1a{ip: 192.168.69.122, host: trunk-nightly-fxqsz-774976932, networkLocation: /default-rack, certSerialId: null}
2019-07-13 19:32:59,730 INFO  impl.RaftServerProxy (RaftServerProxy.java:addNew(89)) - 0a142fd6-9f9c-4638-b820-7e5522c37f1a: addNew group-ADE6D3F92CCC:[0a142fd6-9f9c-4638-b820-7e5522c37f1a:192.168.69.122:42934] returns group-ADE6D3F92CCC:java.util.concurrent.CompletableFuture@6451e78c[Not completed]
2019-07-13 19:32:59,731 INFO  impl.RaftServerImpl (RaftServerImpl.java:<init>(93)) - 0a142fd6-9f9c-4638-b820-7e5522c37f1a: new RaftServerImpl for group-ADE6D3F92CCC:[0a142fd6-9f9c-4638-b820-7e5522c37f1a:192.168.69.122:42934] with ContainerStateMachine:uninitialized
2019-07-13 19:32:59,731 INFO  server.RaftServerConfigKeys (ConfUtils.java:logGet(43)) - raft.server.rpc.timeout.min = 5s (custom)
2019-07-13 19:32:59,732 INFO  server.RaftServerConfigKeys (ConfUtils.java:logGet(43)) - raft.server.rpc.timeout.max = 5200ms (custom)
2019-07-13 19:32:59,732 INFO  server.RaftServerConfigKeys (ConfUtils.java:logGet(43)) - raft.server.rpcslowness.timeout = 120s (custom)
2019-07-13 19:32:59,732 INFO  server.RaftServerConfigKeys (ConfUtils.java:logGet(43)) - raft.server.sleep.deviation.threshold = 300 (default)
2019-07-13 19:32:59,732 INFO  server.RaftServerConfigKeys (ConfUtils.java:logGet(43)) - raft.server.log.appender.install.snapshot.enabled = false (custom)
2019-07-13 19:32:59,732 INFO  impl.RaftServerImpl (ServerState.java:<init>(105)) - 0a142fd6-9f9c-4638-b820-7e5522c37f1a:group-ADE6D3F92CCC ConfigurationManager, init=-1: [0a142fd6-9f9c-4638-b820-7e5522c37f1a:192.168.69.122:42934], old=null, confs=<EMPTY_MAP>
2019-07-13 19:32:59,732 INFO  server.RaftServerConfigKeys (ConfUtils.java:logGet(43)) - raft.server.storage.dir = [/tmp/workdir/hadoop-ozone/integration-test/target/test-dir/MiniOzoneClusterImpl-24814402-2c72-477e-ac32-78cae0af7a4c/datanode-5/data/ratis] (custom)
2019-07-13 19:32:59,733 INFO  storage.RaftStorageDirectory (RaftStorageDirectory.java:analyzeStorage(246)) - The storage directory /tmp/workdir/hadoop-ozone/integration-test/target/test-dir/MiniOzoneClusterImpl-24814402-2c72-477e-ac32-78cae0af7a4c/datanode-5/data/ratis/ec1c7472-4dd7-4e81-a1e2-ade6d3f92ccc does not exist. Creating ...
2019-07-13 19:32:59,746 INFO  storage.RaftStorageDirectory (RaftStorageDirectory.java:tryLock(328)) - Lock on /tmp/workdir/hadoop-ozone/integration-test/target/test-dir/MiniOzoneClusterImpl-24814402-2c72-477e-ac32-78cae0af7a4c/datanode-5/data/ratis/ec1c7472-4dd7-4e81-a1e2-ade6d3f92ccc/in_use.lock acquired by nodename 18559@trunk-nightly-fxqsz-774976932
2019-07-13 19:32:59,759 INFO  storage.RaftStorage (RaftStorage.java:format(72)) - Storage directory /tmp/workdir/hadoop-ozone/integration-test/target/test-dir/MiniOzoneClusterImpl-24814402-2c72-477e-ac32-78cae0af7a4c/datanode-5/data/ratis/ec1c7472-4dd7-4e81-a1e2-ade6d3f92ccc has been successfully formatted.
2019-07-13 19:32:59,759 INFO  ratis.ContainerStateMachine (ContainerStateMachine.java:loadSnapshot(200)) - The snapshot info is null.Setting the last applied index to:(t:0, i:~)
2019-07-13 19:32:59,759 INFO  server.RaftServerConfigKeys (ConfUtils.java:logGet(43)) - raft.server.leader.election.timeout = 120s (custom)
2019-07-13 19:32:59,760 INFO  server.RaftServerConfigKeys (ConfUtils.java:logGet(43)) - raft.server.log.use.memory = false (default)
2019-07-13 19:32:59,760 INFO  server.RaftServerConfigKeys (ConfUtils.java:logGet(43)) - raft.server.log.purge.gap = 1000000000 (custom)
2019-07-13 19:32:59,760 INFO  server.RaftServerConfigKeys (ConfUtils.java:logGet(43)) - raft.server.log.appender.buffer.byte-limit = 33554432 (custom)
2019-07-13 19:32:59,760 INFO  server.RaftServerConfigKeys (ConfUtils.java:logGet(43)) - raft.server.log.segment.size.max = 1048576 (custom)
2019-07-13 19:32:59,760 INFO  server.RaftServerConfigKeys (ConfUtils.java:logGet(43)) - raft.server.log.segment.cache.num.max = 2 (custom)
2019-07-13 19:32:59,760 INFO  segmented.SegmentedRaftLogWorker (SegmentedRaftLogWorker.java:<init>(172)) - new 0a142fd6-9f9c-4638-b820-7e5522c37f1a-SegmentedRaftLogWorker:Storage Directory /tmp/workdir/hadoop-ozone/integration-test/target/test-dir/MiniOzoneClusterImpl-24814402-2c72-477e-ac32-78cae0af7a4c/datanode-5/data/ratis/ec1c7472-4dd7-4e81-a1e2-ade6d3f92ccc for RaftStorage:Storage Directory /tmp/workdir/hadoop-ozone/integration-test/target/test-dir/MiniOzoneClusterImpl-24814402-2c72-477e-ac32-78cae0af7a4c/datanode-5/data/ratis/ec1c7472-4dd7-4e81-a1e2-ade6d3f92ccc
2019-07-13 19:32:59,761 INFO  server.RaftServerConfigKeys (ConfUtils.java:logGet(43)) - raft.server.log.queue.byte-limit = 2147483647 (custom)
2019-07-13 19:32:59,761 INFO  server.RaftServerConfigKeys (ConfUtils.java:logGet(43)) - raft.server.log.queue.element-limit = 1024 (custom)
2019-07-13 19:32:59,761 INFO  server.RaftServerConfigKeys (ConfUtils.java:logGet(43)) - raft.server.log.segment.size.max = 1048576 (custom)
2019-07-13 19:32:59,761 INFO  server.RaftServerConfigKeys (ConfUtils.java:logGet(43)) - raft.server.log.preallocated.size = 16384 (custom)
2019-07-13 19:32:59,761 INFO  server.RaftServerConfigKeys (ConfUtils.java:logGet(43)) - raft.server.log.write.buffer.size = 33554432 (custom)
2019-07-13 19:32:59,762 INFO  server.RaftServerConfigKeys (ConfUtils.java:logGet(43)) - raft.server.log.force.sync.num = 128 (default)
2019-07-13 19:32:59,762 INFO  server.RaftServerConfigKeys (ConfUtils.java:logGet(43)) - raft.server.log.statemachine.data.sync = true (default)
2019-07-13 19:32:59,762 INFO  server.RaftServerConfigKeys (ConfUtils.java:logGet(43)) - raft.server.log.statemachine.data.sync.timeout = 10s (default)
2019-07-13 19:32:59,762 INFO  server.RaftServerConfigKeys (ConfUtils.java:logGet(43)) - raft.server.log.statemachine.data.sync.timeout.retry = -1 (default)
2019-07-13 19:32:59,763 INFO  server.RaftServerConfigKeys (ConfUtils.java:logGet(43)) - raft.server.log.statemachine.data.caching.enabled = true (custom)
2019-07-13 19:32:59,763 INFO  segmented.SegmentedRaftLogWorker (SegmentedRaftLogWorker.java:lambda$new$0(132)) - 0a142fd6-9f9c-4638-b820-7e5522c37f1a-SegmentedRaftLogWorker:Storage Directory /tmp/workdir/hadoop-ozone/integration-test/target/test-dir/MiniOzoneClusterImpl-24814402-2c72-477e-ac32-78cae0af7a4c/datanode-5/data/ratis/ec1c7472-4dd7-4e81-a1e2-ade6d3f92ccc: flushIndex: setUnconditionally 0 -> -1
2019-07-13 19:32:59,763 INFO  server.RaftServerConfigKeys (ConfUtils.java:logGet(43)) - raft.server.snapshot.auto.trigger.enabled = true (custom)
2019-07-13 19:32:59,763 INFO  server.RaftServerConfigKeys (ConfUtils.java:logGet(43)) - raft.server.snapshot.auto.trigger.threshold = 10000 (custom)
2019-07-13 19:32:59,764 INFO  server.RaftServerConfigKeys (ConfUtils.java:logGet(43)) - raft.server.retrycache.expirytime = 600000ms (custom)
2019-07-13 19:32:59,764 INFO  impl.RaftServerImpl (RaftServerImpl.java:start(180)) - 0a142fd6-9f9c-4638-b820-7e5522c37f1a: start group-ADE6D3F92CCC
2019-07-13 19:32:59,764 INFO  impl.RaftServerImpl (RaftServerImpl.java:setRole(171)) - 0a142fd6-9f9c-4638-b820-7e5522c37f1a:group-ADE6D3F92CCC changes role from null to FOLLOWER at term 0 for startAsFollower
2019-07-13 19:32:59,764 INFO  impl.RoleInfo (RoleInfo.java:updateAndGet(143)) - 0a142fd6-9f9c-4638-b820-7e5522c37f1a: start FollowerState
2019-07-13 19:32:59,765 INFO  util.JmxRegister (JmxRegister.java:tryRegister(44)) - Successfully registered JMX Bean with object name Ratis:service=RaftServer,group=group-ADE6D3F92CCC,id=0a142fd6-9f9c-4638-b820-7e5522c37f1a
2019-07-13 19:32:59,768 INFO  pipeline.PipelineStateManager (PipelineStateManager.java:addPipeline(56)) - Created pipeline Pipeline[ Id: ec1c7472-4dd7-4e81-a1e2-ade6d3f92ccc, Nodes: 0a142fd6-9f9c-4638-b820-7e5522c37f1a{ip: 192.168.69.122, host: trunk-nightly-fxqsz-774976932, networkLocation: /default-rack, certSerialId: null}, Type:RATIS, Factor:ONE, State:OPEN]
2019-07-13 19:32:59,796 INFO  impl.RaftServerProxy (RaftServerProxy.java:addNew(89)) - 0a142fd6-9f9c-4638-b820-7e5522c37f1a: addNew group-2059E5D5B7CE:[97c378ef-8cfe-4893-9dbc-0cded62f29d1:192.168.69.122:33382, 4d3fdac6-fc5c-4cab-b209-1166c0df6150:192.168.69.122:39808, 0a142fd6-9f9c-4638-b820-7e5522c37f1a:192.168.69.122:42934] returns group-2059E5D5B7CE:java.util.concurrent.CompletableFuture@49b1db2c[Not completed]
2019-07-13 19:32:59,796 INFO  impl.RaftServerProxy (RaftServerProxy.java:addNew(89)) - 4d3fdac6-fc5c-4cab-b209-1166c0df6150: addNew group-2059E5D5B7CE:[97c378ef-8cfe-4893-9dbc-0cded62f29d1:192.168.69.122:33382, 4d3fdac6-fc5c-4cab-b209-1166c0df6150:192.168.69.122:39808, 0a142fd6-9f9c-4638-b820-7e5522c37f1a:192.168.69.122:42934] returns group-2059E5D5B7CE:java.util.concurrent.CompletableFuture@75ad9e8a[Not completed]
2019-07-13 19:32:59,797 INFO  impl.RaftServerProxy (RaftServerProxy.java:addNew(89)) - 97c378ef-8cfe-4893-9dbc-0cded62f29d1: addNew group-2059E5D5B7CE:[97c378ef-8cfe-4893-9dbc-0cded62f29d1:192.168.69.122:33382, 4d3fdac6-fc5c-4cab-b209-1166c0df6150:192.168.69.122:39808, 0a142fd6-9f9c-4638-b820-7e5522c37f1a:192.168.69.122:42934] returns group-2059E5D5B7CE:java.util.concurrent.CompletableFuture@6f6cd7b1[Not completed]
2019-07-13 19:32:59,797 INFO  impl.RaftServerImpl (RaftServerImpl.java:<init>(93)) - 0a142fd6-9f9c-4638-b820-7e5522c37f1a: new RaftServerImpl for group-2059E5D5B7CE:[97c378ef-8cfe-4893-9dbc-0cded62f29d1:192.168.69.122:33382, 4d3fdac6-fc5c-4cab-b209-1166c0df6150:192.168.69.122:39808, 0a142fd6-9f9c-4638-b820-7e5522c37f1a:192.168.69.122:42934] with ContainerStateMachine:uninitialized
2019-07-13 19:32:59,797 INFO  server.RaftServerConfigKeys (ConfUtils.java:logGet(43)) - raft.server.rpc.timeout.min = 5s (custom)
2019-07-13 19:32:59,798 INFO  server.RaftServerConfigKeys (ConfUtils.java:logGet(43)) - raft.server.rpc.timeout.max = 5200ms (custom)
2019-07-13 19:32:59,798 INFO  server.RaftServerConfigKeys (ConfUtils.java:logGet(43)) - raft.server.rpcslowness.timeout = 120s (custom)
2019-07-13 19:32:59,798 INFO  server.RaftServerConfigKeys (ConfUtils.java:logGet(43)) - raft.server.sleep.deviation.threshold = 300 (default)
2019-07-13 19:32:59,798 INFO  server.RaftServerConfigKeys (ConfUtils.java:logGet(43)) - raft.server.log.appender.install.snapshot.enabled = false (custom)
2019-07-13 19:32:59,798 INFO  impl.RaftServerImpl (ServerState.java:<init>(105)) - 0a142fd6-9f9c-4638-b820-7e5522c37f1a:group-2059E5D5B7CE ConfigurationManager, init=-1: [97c378ef-8cfe-4893-9dbc-0cded62f29d1:192.168.69.122:33382, 4d3fdac6-fc5c-4cab-b209-1166c0df6150:192.168.69.122:39808, 0a142fd6-9f9c-4638-b820-7e5522c37f1a:192.168.69.122:42934], old=null, confs=<EMPTY_MAP>
2019-07-13 19:32:59,798 INFO  impl.RaftServerImpl (RaftServerImpl.java:<init>(93)) - 97c378ef-8cfe-4893-9dbc-0cded62f29d1: new RaftServerImpl for group-2059E5D5B7CE:[97c378ef-8cfe-4893-9dbc-0cded62f29d1:192.168.69.122:33382, 4d3fdac6-fc5c-4cab-b209-1166c0df6150:192.168.69.122:39808, 0a142fd6-9f9c-4638-b820-7e5522c37f1a:192.168.69.122:42934] with ContainerStateMachine:uninitialized
2019-07-13 19:32:59,798 INFO  server.RaftServerConfigKeys (ConfUtils.java:logGet(43)) - raft.server.storage.dir = [/tmp/workdir/hadoop-ozone/integration-test/target/test-dir/MiniOzoneClusterImpl-24814402-2c72-477e-ac32-78cae0af7a4c/datanode-5/data/ratis] (custom)
2019-07-13 19:32:59,799 INFO  server.RaftServerConfigKeys (ConfUtils.java:logGet(43)) - raft.server.rpc.timeout.min = 5s (custom)
2019-07-13 19:32:59,799 INFO  server.RaftServerConfigKeys (ConfUtils.java:logGet(43)) - raft.server.rpc.timeout.max = 5200ms (custom)
2019-07-13 19:32:59,799 INFO  storage.RaftStorageDirectory (RaftStorageDirectory.java:analyzeStorage(246)) - The storage directory /tmp/workdir/hadoop-ozone/integration-test/target/test-dir/MiniOzoneClusterImpl-24814402-2c72-477e-ac32-78cae0af7a4c/datanode-5/data/ratis/9b865844-4e11-490b-ad47-2059e5d5b7ce does not exist. Creating ...
2019-07-13 19:32:59,799 INFO  impl.RaftServerImpl (RaftServerImpl.java:<init>(93)) - 4d3fdac6-fc5c-4cab-b209-1166c0df6150: new RaftServerImpl for group-2059E5D5B7CE:[97c378ef-8cfe-4893-9dbc-0cded62f29d1:192.168.69.122:33382, 4d3fdac6-fc5c-4cab-b209-1166c0df6150:192.168.69.122:39808, 0a142fd6-9f9c-4638-b820-7e5522c37f1a:192.168.69.122:42934] with ContainerStateMachine:uninitialized
2019-07-13 19:32:59,799 INFO  server.RaftServerConfigKeys (ConfUtils.java:logGet(43)) - raft.server.rpcslowness.timeout = 120s (custom)
2019-07-13 19:32:59,799 INFO  server.RaftServerConfigKeys (ConfUtils.java:logGet(43)) - raft.server.rpc.timeout.min = 5s (custom)
2019-07-13 19:32:59,800 INFO  server.RaftServerConfigKeys (ConfUtils.java:logGet(43)) - raft.server.sleep.deviation.threshold = 300 (default)
2019-07-13 19:32:59,800 INFO  server.RaftServerConfigKeys (ConfUtils.java:logGet(43)) - raft.server.rpc.timeout.max = 5200ms (custom)
2019-07-13 19:32:59,800 INFO  server.RaftServerConfigKeys (ConfUtils.java:logGet(43)) - raft.server.log.appender.install.snapshot.enabled = false (custom)
2019-07-13 19:32:59,800 INFO  server.RaftServerConfigKeys (ConfUtils.java:logGet(43)) - raft.server.rpcslowness.timeout = 120s (custom)
2019-07-13 19:32:59,800 INFO  impl.RaftServerImpl (ServerState.java:<init>(105)) - 97c378ef-8cfe-4893-9dbc-0cded62f29d1:group-2059E5D5B7CE ConfigurationManager, init=-1: [97c378ef-8cfe-4893-9dbc-0cded62f29d1:192.168.69.122:33382, 4d3fdac6-fc5c-4cab-b209-1166c0df6150:192.168.69.122:39808, 0a142fd6-9f9c-4638-b820-7e5522c37f1a:192.168.69.122:42934], old=null, confs=<EMPTY_MAP>
2019-07-13 19:32:59,800 INFO  server.RaftServerConfigKeys (ConfUtils.java:logGet(43)) - raft.server.sleep.deviation.threshold = 300 (default)
2019-07-13 19:32:59,801 INFO  server.RaftServerConfigKeys (ConfUtils.java:logGet(43)) - raft.server.storage.dir = [/tmp/workdir/hadoop-ozone/integration-test/target/test-dir/MiniOzoneClusterImpl-24814402-2c72-477e-ac32-78cae0af7a4c/datanode-4/data/ratis] (custom)
2019-07-13 19:32:59,801 INFO  server.RaftServerConfigKeys (ConfUtils.java:logGet(43)) - raft.server.log.appender.install.snapshot.enabled = false (custom)
2019-07-13 19:32:59,801 INFO  impl.RaftServerImpl (ServerState.java:<init>(105)) - 4d3fdac6-fc5c-4cab-b209-1166c0df6150:group-2059E5D5B7CE ConfigurationManager, init=-1: [97c378ef-8cfe-4893-9dbc-0cded62f29d1:192.168.69.122:33382, 4d3fdac6-fc5c-4cab-b209-1166c0df6150:192.168.69.122:39808, 0a142fd6-9f9c-4638-b820-7e5522c37f1a:192.168.69.122:42934], old=null, confs=<EMPTY_MAP>
2019-07-13 19:32:59,801 INFO  storage.RaftStorageDirectory (RaftStorageDirectory.java:analyzeStorage(246)) - The storage directory /tmp/workdir/hadoop-ozone/integration-test/target/test-dir/MiniOzoneClusterImpl-24814402-2c72-477e-ac32-78cae0af7a4c/datanode-4/data/ratis/9b865844-4e11-490b-ad47-2059e5d5b7ce does not exist. Creating ...
2019-07-13 19:32:59,801 INFO  server.RaftServerConfigKeys (ConfUtils.java:logGet(43)) - raft.server.storage.dir = [/tmp/workdir/hadoop-ozone/integration-test/target/test-dir/MiniOzoneClusterImpl-24814402-2c72-477e-ac32-78cae0af7a4c/datanode-3/data/ratis] (custom)
2019-07-13 19:32:59,802 INFO  storage.RaftStorageDirectory (RaftStorageDirectory.java:analyzeStorage(246)) - The storage directory /tmp/workdir/hadoop-ozone/integration-test/target/test-dir/MiniOzoneClusterImpl-24814402-2c72-477e-ac32-78cae0af7a4c/datanode-3/data/ratis/9b865844-4e11-490b-ad47-2059e5d5b7ce does not exist. Creating ...
2019-07-13 19:32:59,813 INFO  storage.RaftStorageDirectory (RaftStorageDirectory.java:tryLock(328)) - Lock on /tmp/workdir/hadoop-ozone/integration-test/target/test-dir/MiniOzoneClusterImpl-24814402-2c72-477e-ac32-78cae0af7a4c/datanode-4/data/ratis/9b865844-4e11-490b-ad47-2059e5d5b7ce/in_use.lock acquired by nodename 18559@trunk-nightly-fxqsz-774976932
2019-07-13 19:32:59,813 INFO  storage.RaftStorageDirectory (RaftStorageDirectory.java:tryLock(328)) - Lock on /tmp/workdir/hadoop-ozone/integration-test/target/test-dir/MiniOzoneClusterImpl-24814402-2c72-477e-ac32-78cae0af7a4c/datanode-5/data/ratis/9b865844-4e11-490b-ad47-2059e5d5b7ce/in_use.lock acquired by nodename 18559@trunk-nightly-fxqsz-774976932
2019-07-13 19:32:59,813 INFO  storage.RaftStorageDirectory (RaftStorageDirectory.java:tryLock(328)) - Lock on /tmp/workdir/hadoop-ozone/integration-test/target/test-dir/MiniOzoneClusterImpl-24814402-2c72-477e-ac32-78cae0af7a4c/datanode-3/data/ratis/9b865844-4e11-490b-ad47-2059e5d5b7ce/in_use.lock acquired by nodename 18559@trunk-nightly-fxqsz-774976932
2019-07-13 19:32:59,829 INFO  storage.RaftStorage (RaftStorage.java:format(72)) - Storage directory /tmp/workdir/hadoop-ozone/integration-test/target/test-dir/MiniOzoneClusterImpl-24814402-2c72-477e-ac32-78cae0af7a4c/datanode-3/data/ratis/9b865844-4e11-490b-ad47-2059e5d5b7ce has been successfully formatted.
2019-07-13 19:32:59,829 INFO  storage.RaftStorage (RaftStorage.java:format(72)) - Storage directory /tmp/workdir/hadoop-ozone/integration-test/target/test-dir/MiniOzoneClusterImpl-24814402-2c72-477e-ac32-78cae0af7a4c/datanode-4/data/ratis/9b865844-4e11-490b-ad47-2059e5d5b7ce has been successfully formatted.
2019-07-13 19:32:59,829 INFO  storage.RaftStorage (RaftStorage.java:format(72)) - Storage directory /tmp/workdir/hadoop-ozone/integration-test/target/test-dir/MiniOzoneClusterImpl-24814402-2c72-477e-ac32-78cae0af7a4c/datanode-5/data/ratis/9b865844-4e11-490b-ad47-2059e5d5b7ce has been successfully formatted.
2019-07-13 19:32:59,830 INFO  ratis.ContainerStateMachine (ContainerStateMachine.java:loadSnapshot(200)) - The snapshot info is null.Setting the last applied index to:(t:0, i:~)
2019-07-13 19:32:59,830 INFO  ratis.ContainerStateMachine (ContainerStateMachine.java:loadSnapshot(200)) - The snapshot info is null.Setting the last applied index to:(t:0, i:~)
2019-07-13 19:32:59,830 INFO  ratis.ContainerStateMachine (ContainerStateMachine.java:loadSnapshot(200)) - The snapshot info is null.Setting the last applied index to:(t:0, i:~)
2019-07-13 19:32:59,830 INFO  server.RaftServerConfigKeys (ConfUtils.java:logGet(43)) - raft.server.leader.election.timeout = 120s (custom)
2019-07-13 19:32:59,830 INFO  server.RaftServerConfigKeys (ConfUtils.java:logGet(43)) - raft.server.leader.election.timeout = 120s (custom)
2019-07-13 19:32:59,831 INFO  server.RaftServerConfigKeys (ConfUtils.java:logGet(43)) - raft.server.log.use.memory = false (default)
2019-07-13 19:32:59,830 INFO  server.RaftServerConfigKeys (ConfUtils.java:logGet(43)) - raft.server.leader.election.timeout = 120s (custom)
2019-07-13 19:32:59,831 INFO  server.RaftServerConfigKeys (ConfUtils.java:logGet(43)) - raft.server.log.purge.gap = 1000000000 (custom)
2019-07-13 19:32:59,831 INFO  server.RaftServerConfigKeys (ConfUtils.java:logGet(43)) - raft.server.log.use.memory = false (default)
2019-07-13 19:32:59,831 INFO  server.RaftServerConfigKeys (ConfUtils.java:logGet(43)) - raft.server.log.appender.buffer.byte-limit = 33554432 (custom)
2019-07-13 19:32:59,831 INFO  server.RaftServerConfigKeys (ConfUtils.java:logGet(43)) - raft.server.log.use.memory = false (default)
2019-07-13 19:32:59,831 INFO  server.RaftServerConfigKeys (ConfUtils.java:logGet(43)) - raft.server.log.segment.size.max = 1048576 (custom)
2019-07-13 19:32:59,831 INFO  server.RaftServerConfigKeys (ConfUtils.java:logGet(43)) - raft.server.log.purge.gap = 1000000000 (custom)
2019-07-13 19:32:59,832 INFO  server.RaftServerConfigKeys (ConfUtils.java:logGet(43)) - raft.server.log.segment.cache.num.max = 2 (custom)
2019-07-13 19:32:59,832 INFO  server.RaftServerConfigKeys (ConfUtils.java:logGet(43)) - raft.server.log.purge.gap = 1000000000 (custom)
2019-07-13 19:32:59,832 INFO  segmented.SegmentedRaftLogWorker (SegmentedRaftLogWorker.java:<init>(172)) - new 0a142fd6-9f9c-4638-b820-7e5522c37f1a-SegmentedRaftLogWorker:Storage Directory /tmp/workdir/hadoop-ozone/integration-test/target/test-dir/MiniOzoneClusterImpl-24814402-2c72-477e-ac32-78cae0af7a4c/datanode-5/data/ratis/9b865844-4e11-490b-ad47-2059e5d5b7ce for RaftStorage:Storage Directory /tmp/workdir/hadoop-ozone/integration-test/target/test-dir/MiniOzoneClusterImpl-24814402-2c72-477e-ac32-78cae0af7a4c/datanode-5/data/ratis/9b865844-4e11-490b-ad47-2059e5d5b7ce
2019-07-13 19:32:59,832 INFO  server.RaftServerConfigKeys (ConfUtils.java:logGet(43)) - raft.server.log.appender.buffer.byte-limit = 33554432 (custom)
2019-07-13 19:32:59,832 INFO  server.RaftServerConfigKeys (ConfUtils.java:logGet(43)) - raft.server.log.queue.byte-limit = 2147483647 (custom)
2019-07-13 19:32:59,832 INFO  server.RaftServerConfigKeys (ConfUtils.java:logGet(43)) - raft.server.log.appender.buffer.byte-limit = 33554432 (custom)
2019-07-13 19:32:59,833 INFO  server.RaftServerConfigKeys (ConfUtils.java:logGet(43)) - raft.server.log.queue.element-limit = 1024 (custom)
2019-07-13 19:32:59,833 INFO  server.RaftServerConfigKeys (ConfUtils.java:logGet(43)) - raft.server.log.segment.size.max = 1048576 (custom)
2019-07-13 19:32:59,833 INFO  server.RaftServerConfigKeys (ConfUtils.java:logGet(43)) - raft.server.log.segment.size.max = 1048576 (custom)
2019-07-13 19:32:59,833 INFO  server.RaftServerConfigKeys (ConfUtils.java:logGet(43)) - raft.server.log.segment.size.max = 1048576 (custom)
2019-07-13 19:32:59,833 INFO  server.RaftServerConfigKeys (ConfUtils.java:logGet(43)) - raft.server.log.preallocated.size = 16384 (custom)
2019-07-13 19:32:59,833 INFO  server.RaftServerConfigKeys (ConfUtils.java:logGet(43)) - raft.server.log.segment.cache.num.max = 2 (custom)
2019-07-13 19:32:59,834 INFO  server.RaftServerConfigKeys (ConfUtils.java:logGet(43)) - raft.server.log.write.buffer.size = 33554432 (custom)
2019-07-13 19:32:59,833 INFO  server.RaftServerConfigKeys (ConfUtils.java:logGet(43)) - raft.server.log.segment.cache.num.max = 2 (custom)
2019-07-13 19:32:59,834 INFO  server.RaftServerConfigKeys (ConfUtils.java:logGet(43)) - raft.server.log.force.sync.num = 128 (default)
2019-07-13 19:32:59,834 INFO  segmented.SegmentedRaftLogWorker (SegmentedRaftLogWorker.java:<init>(172)) - new 97c378ef-8cfe-4893-9dbc-0cded62f29d1-SegmentedRaftLogWorker:Storage Directory /tmp/workdir/hadoop-ozone/integration-test/target/test-dir/MiniOzoneClusterImpl-24814402-2c72-477e-ac32-78cae0af7a4c/datanode-4/data/ratis/9b865844-4e11-490b-ad47-2059e5d5b7ce for RaftStorage:Storage Directory /tmp/workdir/hadoop-ozone/integration-test/target/test-dir/MiniOzoneClusterImpl-24814402-2c72-477e-ac32-78cae0af7a4c/datanode-4/data/ratis/9b865844-4e11-490b-ad47-2059e5d5b7ce
2019-07-13 19:32:59,834 INFO  server.RaftServerConfigKeys (ConfUtils.java:logGet(43)) - raft.server.log.statemachine.data.sync = true (default)
2019-07-13 19:32:59,834 INFO  segmented.SegmentedRaftLogWorker (SegmentedRaftLogWorker.java:<init>(172)) - new 4d3fdac6-fc5c-4cab-b209-1166c0df6150-SegmentedRaftLogWorker:Storage Directory /tmp/workdir/hadoop-ozone/integration-test/target/test-dir/MiniOzoneClusterImpl-24814402-2c72-477e-ac32-78cae0af7a4c/datanode-3/data/ratis/9b865844-4e11-490b-ad47-2059e5d5b7ce for RaftStorage:Storage Directory /tmp/workdir/hadoop-ozone/integration-test/target/test-dir/MiniOzoneClusterImpl-24814402-2c72-477e-ac32-78cae0af7a4c/datanode-3/data/ratis/9b865844-4e11-490b-ad47-2059e5d5b7ce
2019-07-13 19:32:59,834 INFO  server.RaftServerConfigKeys (ConfUtils.java:logGet(43)) - raft.server.log.statemachine.data.sync.timeout = 10s (default)
2019-07-13 19:32:59,834 INFO  server.RaftServerConfigKeys (ConfUtils.java:logGet(43)) - raft.server.log.queue.byte-limit = 2147483647 (custom)
2019-07-13 19:32:59,835 INFO  server.RaftServerConfigKeys (ConfUtils.java:logGet(43)) - raft.server.log.statemachine.data.sync.timeout.retry = -1 (default)
2019-07-13 19:32:59,835 INFO  server.RaftServerConfigKeys (ConfUtils.java:logGet(43)) - raft.server.log.queue.byte-limit = 2147483647 (custom)
2019-07-13 19:32:59,835 INFO  server.RaftServerConfigKeys (ConfUtils.java:logGet(43)) - raft.server.log.statemachine.data.caching.enabled = true (custom)
2019-07-13 19:32:59,835 INFO  server.RaftServerConfigKeys (ConfUtils.java:logGet(43)) - raft.server.log.queue.element-limit = 1024 (custom)
2019-07-13 19:32:59,835 INFO  segmented.SegmentedRaftLogWorker (SegmentedRaftLogWorker.java:lambda$new$0(132)) - 0a142fd6-9f9c-4638-b820-7e5522c37f1a-SegmentedRaftLogWorker:Storage Directory /tmp/workdir/hadoop-ozone/integration-test/target/test-dir/MiniOzoneClusterImpl-24814402-2c72-477e-ac32-78cae0af7a4c/datanode-5/data/ratis/9b865844-4e11-490b-ad47-2059e5d5b7ce: flushIndex: setUnconditionally 0 -> -1
2019-07-13 19:32:59,835 INFO  server.RaftServerConfigKeys (ConfUtils.java:logGet(43)) - raft.server.log.queue.element-limit = 1024 (custom)
2019-07-13 19:32:59,836 INFO  server.RaftServerConfigKeys (ConfUtils.java:logGet(43)) - raft.server.snapshot.auto.trigger.enabled = true (custom)
2019-07-13 19:32:59,835 INFO  server.RaftServerConfigKeys (ConfUtils.java:logGet(43)) - raft.server.log.segment.size.max = 1048576 (custom)
2019-07-13 19:32:59,836 INFO  server.RaftServerConfigKeys (ConfUtils.java:logGet(43)) - raft.server.snapshot.auto.trigger.threshold = 10000 (custom)
2019-07-13 19:32:59,836 INFO  server.RaftServerConfigKeys (ConfUtils.java:logGet(43)) - raft.server.log.segment.size.max = 1048576 (custom)
2019-07-13 19:32:59,836 INFO  server.RaftServerConfigKeys (ConfUtils.java:logGet(43)) - raft.server.retrycache.expirytime = 600000ms (custom)
2019-07-13 19:32:59,836 INFO  server.RaftServerConfigKeys (ConfUtils.java:logGet(43)) - raft.server.log.preallocated.size = 16384 (custom)
2019-07-13 19:32:59,837 INFO  impl.RaftServerImpl (RaftServerImpl.java:start(180)) - 0a142fd6-9f9c-4638-b820-7e5522c37f1a: start group-2059E5D5B7CE
2019-07-13 19:32:59,837 INFO  server.RaftServerConfigKeys (ConfUtils.java:logGet(43)) - raft.server.log.preallocated.size = 16384 (custom)
2019-07-13 19:32:59,837 INFO  impl.RaftServerImpl (RaftServerImpl.java:setRole(171)) - 0a142fd6-9f9c-4638-b820-7e5522c37f1a:group-2059E5D5B7CE changes role from null to FOLLOWER at term 0 for startAsFollower
2019-07-13 19:32:59,837 INFO  server.RaftServerConfigKeys (ConfUtils.java:logGet(43)) - raft.server.log.write.buffer.size = 33554432 (custom)
2019-07-13 19:32:59,837 INFO  impl.RoleInfo (RoleInfo.java:updateAndGet(143)) - 0a142fd6-9f9c-4638-b820-7e5522c37f1a: start FollowerState
2019-07-13 19:32:59,837 INFO  server.RaftServerConfigKeys (ConfUtils.java:logGet(43)) - raft.server.log.write.buffer.size = 33554432 (custom)
2019-07-13 19:32:59,837 INFO  server.RaftServerConfigKeys (ConfUtils.java:logGet(43)) - raft.server.log.force.sync.num = 128 (default)
2019-07-13 19:32:59,838 INFO  util.JmxRegister (JmxRegister.java:tryRegister(44)) - Successfully registered JMX Bean with object name Ratis:service=RaftServer,group=group-2059E5D5B7CE,id=0a142fd6-9f9c-4638-b820-7e5522c37f1a
2019-07-13 19:32:59,838 INFO  server.RaftServerConfigKeys (ConfUtils.java:logGet(43)) - raft.server.log.force.sync.num = 128 (default)
2019-07-13 19:32:59,838 INFO  server.RaftServerConfigKeys (ConfUtils.java:logGet(43)) - raft.server.log.statemachine.data.sync = true (default)
2019-07-13 19:32:59,838 INFO  server.RaftServerConfigKeys (ConfUtils.java:logGet(43)) - raft.server.log.statemachine.data.sync = true (default)
2019-07-13 19:32:59,838 INFO  server.RaftServerConfigKeys (ConfUtils.java:logGet(43)) - raft.server.log.statemachine.data.sync.timeout = 10s (default)
2019-07-13 19:32:59,839 INFO  server.RaftServerConfigKeys (ConfUtils.java:logGet(43)) - raft.server.log.statemachine.data.sync.timeout = 10s (default)
2019-07-13 19:32:59,839 INFO  server.RaftServerConfigKeys (ConfUtils.java:logGet(43)) - raft.server.log.statemachine.data.sync.timeout.retry = -1 (default)
2019-07-13 19:32:59,839 INFO  server.RaftServerConfigKeys (ConfUtils.java:logGet(43)) - raft.server.log.statemachine.data.sync.timeout.retry = -1 (default)
2019-07-13 19:32:59,839 INFO  server.RaftServerConfigKeys (ConfUtils.java:logGet(43)) - raft.server.log.statemachine.data.caching.enabled = true (custom)
2019-07-13 19:32:59,839 INFO  server.RaftServerConfigKeys (ConfUtils.java:logGet(43)) - raft.server.log.statemachine.data.caching.enabled = true (custom)
2019-07-13 19:32:59,840 INFO  segmented.SegmentedRaftLogWorker (SegmentedRaftLogWorker.java:lambda$new$0(132)) - 97c378ef-8cfe-4893-9dbc-0cded62f29d1-SegmentedRaftLogWorker:Storage Directory /tmp/workdir/hadoop-ozone/integration-test/target/test-dir/MiniOzoneClusterImpl-24814402-2c72-477e-ac32-78cae0af7a4c/datanode-4/data/ratis/9b865844-4e11-490b-ad47-2059e5d5b7ce: flushIndex: setUnconditionally 0 -> -1
2019-07-13 19:32:59,840 INFO  segmented.SegmentedRaftLogWorker (SegmentedRaftLogWorker.java:lambda$new$0(132)) - 4d3fdac6-fc5c-4cab-b209-1166c0df6150-SegmentedRaftLogWorker:Storage Directory /tmp/workdir/hadoop-ozone/integration-test/target/test-dir/MiniOzoneClusterImpl-24814402-2c72-477e-ac32-78cae0af7a4c/datanode-3/data/ratis/9b865844-4e11-490b-ad47-2059e5d5b7ce: flushIndex: setUnconditionally 0 -> -1
2019-07-13 19:32:59,840 INFO  server.RaftServerConfigKeys (ConfUtils.java:logGet(43)) - raft.server.snapshot.auto.trigger.enabled = true (custom)
2019-07-13 19:32:59,840 INFO  server.RaftServerConfigKeys (ConfUtils.java:logGet(43)) - raft.server.snapshot.auto.trigger.threshold = 10000 (custom)
2019-07-13 19:32:59,840 INFO  server.RaftServerConfigKeys (ConfUtils.java:logGet(43)) - raft.server.snapshot.auto.trigger.enabled = true (custom)
2019-07-13 19:32:59,840 INFO  server.RaftServerConfigKeys (ConfUtils.java:logGet(43)) - raft.server.retrycache.expirytime = 600000ms (custom)
2019-07-13 19:32:59,841 INFO  server.RaftServerConfigKeys (ConfUtils.java:logGet(43)) - raft.server.snapshot.auto.trigger.threshold = 10000 (custom)
2019-07-13 19:32:59,841 INFO  impl.RaftServerImpl (RaftServerImpl.java:start(180)) - 97c378ef-8cfe-4893-9dbc-0cded62f29d1: start group-2059E5D5B7CE
2019-07-13 19:32:59,841 INFO  server.RaftServerConfigKeys (ConfUtils.java:logGet(43)) - raft.server.retrycache.expirytime = 600000ms (custom)
2019-07-13 19:32:59,841 INFO  impl.RaftServerImpl (RaftServerImpl.java:setRole(171)) - 97c378ef-8cfe-4893-9dbc-0cded62f29d1:group-2059E5D5B7CE changes role from null to FOLLOWER at term 0 for startAsFollower
2019-07-13 19:32:59,841 INFO  impl.RaftServerImpl (RaftServerImpl.java:start(180)) - 4d3fdac6-fc5c-4cab-b209-1166c0df6150: start group-2059E5D5B7CE
2019-07-13 19:32:59,841 INFO  impl.RoleInfo (RoleInfo.java:updateAndGet(143)) - 97c378ef-8cfe-4893-9dbc-0cded62f29d1: start FollowerState
2019-07-13 19:32:59,841 INFO  impl.RaftServerImpl (RaftServerImpl.java:setRole(171)) - 4d3fdac6-fc5c-4cab-b209-1166c0df6150:group-2059E5D5B7CE changes role from null to FOLLOWER at term 0 for startAsFollower
2019-07-13 19:32:59,842 INFO  impl.RoleInfo (RoleInfo.java:updateAndGet(143)) - 4d3fdac6-fc5c-4cab-b209-1166c0df6150: start FollowerState
2019-07-13 19:32:59,842 INFO  util.JmxRegister (JmxRegister.java:tryRegister(44)) - Successfully registered JMX Bean with object name Ratis:service=RaftServer,group=group-2059E5D5B7CE,id=97c378ef-8cfe-4893-9dbc-0cded62f29d1
2019-07-13 19:32:59,842 INFO  util.JmxRegister (JmxRegister.java:tryRegister(44)) - Successfully registered JMX Bean with object name Ratis:service=RaftServer,group=group-2059E5D5B7CE,id=4d3fdac6-fc5c-4cab-b209-1166c0df6150
2019-07-13 19:32:59,845 INFO  pipeline.PipelineStateManager (PipelineStateManager.java:addPipeline(56)) - Created pipeline Pipeline[ Id: 9b865844-4e11-490b-ad47-2059e5d5b7ce, Nodes: 0a142fd6-9f9c-4638-b820-7e5522c37f1a{ip: 192.168.69.122, host: trunk-nightly-fxqsz-774976932, networkLocation: /default-rack, certSerialId: null}97c378ef-8cfe-4893-9dbc-0cded62f29d1{ip: 192.168.69.122, host: trunk-nightly-fxqsz-774976932, networkLocation: /default-rack, certSerialId: null}4d3fdac6-fc5c-4cab-b209-1166c0df6150{ip: 192.168.69.122, host: trunk-nightly-fxqsz-774976932, networkLocation: /default-rack, certSerialId: null}, Type:RATIS, Factor:THREE, State:OPEN]
2019-07-13 19:32:59,890 INFO  ozone.MiniOzoneClusterImpl (MiniOzoneClusterImpl.java:lambda$waitForClusterToBeReady$0(142)) - Waiting for cluster to be ready. Got 6 of 7 DN Heartbeats.
2019-07-13 19:32:59,891 INFO  node.SCMNodeManager (SCMNodeManager.java:register(269)) - Registered Data node : 9fdcf906-ab1a-4ad8-bd21-f91f44917d88{ip: 192.168.69.122, host: trunk-nightly-fxqsz-774976932, networkLocation: /default-rack, certSerialId: null}
2019-07-13 19:32:59,904 INFO  impl.RaftServerProxy (RaftServerProxy.java:addNew(89)) - 9fdcf906-ab1a-4ad8-bd21-f91f44917d88: addNew group-937EDD965F88:[9fdcf906-ab1a-4ad8-bd21-f91f44917d88:192.168.69.122:43174] returns group-937EDD965F88:java.util.concurrent.CompletableFuture@13d06128[Not completed]
2019-07-13 19:32:59,905 INFO  impl.RaftServerImpl (RaftServerImpl.java:<init>(93)) - 9fdcf906-ab1a-4ad8-bd21-f91f44917d88: new RaftServerImpl for group-937EDD965F88:[9fdcf906-ab1a-4ad8-bd21-f91f44917d88:192.168.69.122:43174] with ContainerStateMachine:uninitialized
2019-07-13 19:32:59,905 INFO  server.RaftServerConfigKeys (ConfUtils.java:logGet(43)) - raft.server.rpc.timeout.min = 5s (custom)
2019-07-13 19:32:59,905 INFO  server.RaftServerConfigKeys (ConfUtils.java:logGet(43)) - raft.server.rpc.timeout.max = 5200ms (custom)
2019-07-13 19:32:59,905 INFO  server.RaftServerConfigKeys (ConfUtils.java:logGet(43)) - raft.server.rpcslowness.timeout = 120s (custom)
2019-07-13 19:32:59,906 INFO  server.RaftServerConfigKeys (ConfUtils.java:logGet(43)) - raft.server.sleep.deviation.threshold = 300 (default)
2019-07-13 19:32:59,906 INFO  server.RaftServerConfigKeys (ConfUtils.java:logGet(43)) - raft.server.log.appender.install.snapshot.enabled = false (custom)
2019-07-13 19:32:59,906 INFO  impl.RaftServerImpl (ServerState.java:<init>(105)) - 9fdcf906-ab1a-4ad8-bd21-f91f44917d88:group-937EDD965F88 ConfigurationManager, init=-1: [9fdcf906-ab1a-4ad8-bd21-f91f44917d88:192.168.69.122:43174], old=null, confs=<EMPTY_MAP>
2019-07-13 19:32:59,906 INFO  server.RaftServerConfigKeys (ConfUtils.java:logGet(43)) - raft.server.storage.dir = [/tmp/workdir/hadoop-ozone/integration-test/target/test-dir/MiniOzoneClusterImpl-24814402-2c72-477e-ac32-78cae0af7a4c/datanode-6/data/ratis] (custom)
2019-07-13 19:32:59,906 INFO  storage.RaftStorageDirectory (RaftStorageDirectory.java:analyzeStorage(246)) - The storage directory /tmp/workdir/hadoop-ozone/integration-test/target/test-dir/MiniOzoneClusterImpl-24814402-2c72-477e-ac32-78cae0af7a4c/datanode-6/data/ratis/01c26c04-aa6c-4f70-81db-937edd965f88 does not exist. Creating ...
2019-07-13 19:32:59,931 INFO  storage.RaftStorageDirectory (RaftStorageDirectory.java:tryLock(328)) - Lock on /tmp/workdir/hadoop-ozone/integration-test/target/test-dir/MiniOzoneClusterImpl-24814402-2c72-477e-ac32-78cae0af7a4c/datanode-6/data/ratis/01c26c04-aa6c-4f70-81db-937edd965f88/in_use.lock acquired by nodename 18559@trunk-nightly-fxqsz-774976932
2019-07-13 19:32:59,945 INFO  storage.RaftStorage (RaftStorage.java:format(72)) - Storage directory /tmp/workdir/hadoop-ozone/integration-test/target/test-dir/MiniOzoneClusterImpl-24814402-2c72-477e-ac32-78cae0af7a4c/datanode-6/data/ratis/01c26c04-aa6c-4f70-81db-937edd965f88 has been successfully formatted.
2019-07-13 19:32:59,945 INFO  ratis.ContainerStateMachine (ContainerStateMachine.java:loadSnapshot(200)) - The snapshot info is null.Setting the last applied index to:(t:0, i:~)
2019-07-13 19:32:59,945 INFO  server.RaftServerConfigKeys (ConfUtils.java:logGet(43)) - raft.server.leader.election.timeout = 120s (custom)
2019-07-13 19:32:59,945 INFO  server.RaftServerConfigKeys (ConfUtils.java:logGet(43)) - raft.server.log.use.memory = false (default)
2019-07-13 19:32:59,945 INFO  server.RaftServerConfigKeys (ConfUtils.java:logGet(43)) - raft.server.log.purge.gap = 1000000000 (custom)
2019-07-13 19:32:59,946 INFO  server.RaftServerConfigKeys (ConfUtils.java:logGet(43)) - raft.server.log.appender.buffer.byte-limit = 33554432 (custom)
2019-07-13 19:32:59,946 INFO  server.RaftServerConfigKeys (ConfUtils.java:logGet(43)) - raft.server.log.segment.size.max = 1048576 (custom)
2019-07-13 19:32:59,946 INFO  server.RaftServerConfigKeys (ConfUtils.java:logGet(43)) - raft.server.log.segment.cache.num.max = 2 (custom)
2019-07-13 19:32:59,946 INFO  segmented.SegmentedRaftLogWorker (SegmentedRaftLogWorker.java:<init>(172)) - new 9fdcf906-ab1a-4ad8-bd21-f91f44917d88-SegmentedRaftLogWorker:Storage Directory /tmp/workdir/hadoop-ozone/integration-test/target/test-dir/MiniOzoneClusterImpl-24814402-2c72-477e-ac32-78cae0af7a4c/datanode-6/data/ratis/01c26c04-aa6c-4f70-81db-937edd965f88 for RaftStorage:Storage Directory /tmp/workdir/hadoop-ozone/integration-test/target/test-dir/MiniOzoneClusterImpl-24814402-2c72-477e-ac32-78cae0af7a4c/datanode-6/data/ratis/01c26c04-aa6c-4f70-81db-937edd965f88
2019-07-13 19:32:59,946 INFO  server.RaftServerConfigKeys (ConfUtils.java:logGet(43)) - raft.server.log.queue.byte-limit = 2147483647 (custom)
2019-07-13 19:32:59,946 INFO  server.RaftServerConfigKeys (ConfUtils.java:logGet(43)) - raft.server.log.queue.element-limit = 1024 (custom)
2019-07-13 19:32:59,947 INFO  server.RaftServerConfigKeys (ConfUtils.java:logGet(43)) - raft.server.log.segment.size.max = 1048576 (custom)
2019-07-13 19:32:59,947 INFO  server.RaftServerConfigKeys (ConfUtils.java:logGet(43)) - raft.server.log.preallocated.size = 16384 (custom)
2019-07-13 19:32:59,947 INFO  server.RaftServerConfigKeys (ConfUtils.java:logGet(43)) - raft.server.log.write.buffer.size = 33554432 (custom)
2019-07-13 19:32:59,947 INFO  server.RaftServerConfigKeys (ConfUtils.java:logGet(43)) - raft.server.log.force.sync.num = 128 (default)
2019-07-13 19:32:59,947 INFO  server.RaftServerConfigKeys (ConfUtils.java:logGet(43)) - raft.server.log.statemachine.data.sync = true (default)
2019-07-13 19:32:59,947 INFO  server.RaftServerConfigKeys (ConfUtils.java:logGet(43)) - raft.server.log.statemachine.data.sync.timeout = 10s (default)
2019-07-13 19:32:59,947 INFO  server.RaftServerConfigKeys (ConfUtils.java:logGet(43)) - raft.server.log.statemachine.data.sync.timeout.retry = -1 (default)
2019-07-13 19:32:59,948 INFO  server.RaftServerConfigKeys (ConfUtils.java:logGet(43)) - raft.server.log.statemachine.data.caching.enabled = true (custom)
2019-07-13 19:32:59,948 INFO  segmented.SegmentedRaftLogWorker (SegmentedRaftLogWorker.java:lambda$new$0(132)) - 9fdcf906-ab1a-4ad8-bd21-f91f44917d88-SegmentedRaftLogWorker:Storage Directory /tmp/workdir/hadoop-ozone/integration-test/target/test-dir/MiniOzoneClusterImpl-24814402-2c72-477e-ac32-78cae0af7a4c/datanode-6/data/ratis/01c26c04-aa6c-4f70-81db-937edd965f88: flushIndex: setUnconditionally 0 -> -1
2019-07-13 19:32:59,948 INFO  server.RaftServerConfigKeys (ConfUtils.java:logGet(43)) - raft.server.snapshot.auto.trigger.enabled = true (custom)
2019-07-13 19:32:59,949 INFO  server.RaftServerConfigKeys (ConfUtils.java:logGet(43)) - raft.server.snapshot.auto.trigger.threshold = 10000 (custom)
2019-07-13 19:32:59,949 INFO  server.RaftServerConfigKeys (ConfUtils.java:logGet(43)) - raft.server.retrycache.expirytime = 600000ms (custom)
2019-07-13 19:32:59,949 INFO  impl.RaftServerImpl (RaftServerImpl.java:start(180)) - 9fdcf906-ab1a-4ad8-bd21-f91f44917d88: start group-937EDD965F88
2019-07-13 19:32:59,949 INFO  impl.RaftServerImpl (RaftServerImpl.java:setRole(171)) - 9fdcf906-ab1a-4ad8-bd21-f91f44917d88:group-937EDD965F88 changes role from null to FOLLOWER at term 0 for startAsFollower
2019-07-13 19:32:59,949 INFO  impl.RoleInfo (RoleInfo.java:updateAndGet(143)) - 9fdcf906-ab1a-4ad8-bd21-f91f44917d88: start FollowerState
2019-07-13 19:32:59,949 INFO  util.JmxRegister (JmxRegister.java:tryRegister(44)) - Successfully registered JMX Bean with object name Ratis:service=RaftServer,group=group-937EDD965F88,id=9fdcf906-ab1a-4ad8-bd21-f91f44917d88
2019-07-13 19:32:59,952 INFO  pipeline.PipelineStateManager (PipelineStateManager.java:addPipeline(56)) - Created pipeline Pipeline[ Id: 01c26c04-aa6c-4f70-81db-937edd965f88, Nodes: 9fdcf906-ab1a-4ad8-bd21-f91f44917d88{ip: 192.168.69.122, host: trunk-nightly-fxqsz-774976932, networkLocation: /default-rack, certSerialId: null}, Type:RATIS, Factor:ONE, State:OPEN]
2019-07-13 19:33:00,060 WARN  server.GrpcLogAppender (LogUtils.java:warn(134)) - 3b7fc3d4-38ac-4cbc-ac5c-0a5ecb5eaa58->26f66dd9-c91a-486d-a992-f58b07c1a85c: Failed appendEntries: org.apache.ratis.thirdparty.io.grpc.StatusRuntimeException: UNAVAILABLE: io exception
2019-07-13 19:33:00,070 WARN  server.GrpcLogAppender (LogUtils.java:warn(134)) - 3b7fc3d4-38ac-4cbc-ac5c-0a5ecb5eaa58->12ebe1e8-f3b8-43be-a24e-312d113c4afa: Failed appendEntries: org.apache.ratis.thirdparty.io.grpc.StatusRuntimeException: UNAVAILABLE: io exception
2019-07-13 19:33:00,070 INFO  impl.FollowerInfo (FollowerInfo.java:lambda$new$0(50)) - 3b7fc3d4-38ac-4cbc-ac5c-0a5ecb5eaa58->26f66dd9-c91a-486d-a992-f58b07c1a85c: nextIndex: updateUnconditionally 0 -> 0
2019-07-13 19:33:00,076 INFO  impl.FollowerInfo (FollowerInfo.java:lambda$new$0(50)) - 3b7fc3d4-38ac-4cbc-ac5c-0a5ecb5eaa58->12ebe1e8-f3b8-43be-a24e-312d113c4afa: nextIndex: updateUnconditionally 0 -> 0
2019-07-13 19:33:00,891 INFO  ozone.MiniOzoneClusterImpl (MiniOzoneClusterImpl.java:lambda$waitForClusterToBeReady$0(142)) - Cluster is ready. Got 7 of 7 DN Heartbeats.
2019-07-13 19:33:00,950 INFO  rpc.RpcClient (RpcClient.java:createVolume(287)) - Creating Volume: watchforcommithandlingtest, with jenkins1000 as owner.
2019-07-13 19:33:00,976 INFO  rpc.RpcClient (RpcClient.java:createBucket(424)) - Creating Bucket: watchforcommithandlingtest/watchforcommithandlingtest, with Versioning false and Storage Type set to DISK and Encryption set to false 
2019-07-13 19:33:00,983 INFO  ozone.MiniOzoneClusterImpl (MiniOzoneClusterImpl.java:getStorageContainerLocationClient(241)) - Creating StorageContainerLocationProtocol RPC client with address /0.0.0.0:39619
2019-07-13 19:33:01,012 INFO  client.GrpcClientProtocolClient (GrpcClientProtocolClient.java:onNext(255)) - client-BC173C1F4BE9->60ce25f2-006c-4f2f-9804-0a3aa3878877: receive RaftClientReply:client-BC173C1F4BE9->60ce25f2-006c-4f2f-9804-0a3aa3878877@group-064F8E595041, cid=53, FAILED org.apache.ratis.protocol.NotLeaderException: Server 60ce25f2-006c-4f2f-9804-0a3aa3878877 is not the leader (null). Request must be sent to leader., logIndex=0, commits[60ce25f2-006c-4f2f-9804-0a3aa3878877:c-1]
2019-07-13 19:33:01,462 INFO  container.ReplicationManager (ReplicationManager.java:start(155)) - Starting Replication Monitor Thread.
2019-07-13 19:33:01,471 INFO  container.ReplicationManager (ReplicationManager.java:run(207)) - Replication Monitor Thread took 0 milliseconds for processing 1 containers.
2019-07-13 19:33:02,059 INFO  client.GrpcClientProtocolClient (GrpcClientProtocolClient.java:onNext(255)) - client-BC173C1F4BE9->00d91248-b81b-486b-9e32-e5c5f65edbd1: receive RaftClientReply:client-BC173C1F4BE9->00d91248-b81b-486b-9e32-e5c5f65edbd1@group-064F8E595041, cid=53, FAILED org.apache.ratis.protocol.NotLeaderException: Server 00d91248-b81b-486b-9e32-e5c5f65edbd1 is not the leader (null). Request must be sent to leader., logIndex=0, commits[00d91248-b81b-486b-9e32-e5c5f65edbd1:c-1]
2019-07-13 19:33:02,561 WARN  server.GrpcLogAppender (LogUtils.java:warn(134)) - 3b7fc3d4-38ac-4cbc-ac5c-0a5ecb5eaa58->12ebe1e8-f3b8-43be-a24e-312d113c4afa: Failed appendEntries: org.apache.ratis.thirdparty.io.grpc.StatusRuntimeException: UNAVAILABLE: io exception
2019-07-13 19:33:02,561 WARN  server.GrpcLogAppender (LogUtils.java:warn(134)) - 3b7fc3d4-38ac-4cbc-ac5c-0a5ecb5eaa58->26f66dd9-c91a-486d-a992-f58b07c1a85c: Failed appendEntries: org.apache.ratis.thirdparty.io.grpc.StatusRuntimeException: UNAVAILABLE: io exception
2019-07-13 19:33:02,570 INFO  impl.FollowerInfo (FollowerInfo.java:lambda$new$0(50)) - 3b7fc3d4-38ac-4cbc-ac5c-0a5ecb5eaa58->12ebe1e8-f3b8-43be-a24e-312d113c4afa: nextIndex: updateUnconditionally 0 -> 0
2019-07-13 19:33:02,575 INFO  impl.FollowerInfo (FollowerInfo.java:lambda$new$0(50)) - 3b7fc3d4-38ac-4cbc-ac5c-0a5ecb5eaa58->26f66dd9-c91a-486d-a992-f58b07c1a85c: nextIndex: updateUnconditionally 0 -> 0
2019-07-13 19:33:03,102 INFO  client.GrpcClientProtocolClient (GrpcClientProtocolClient.java:onNext(255)) - client-BC173C1F4BE9->5d1032ca-9147-4957-b503-39c877a962e7: receive RaftClientReply:client-BC173C1F4BE9->5d1032ca-9147-4957-b503-39c877a962e7@group-064F8E595041, cid=53, FAILED org.apache.ratis.protocol.NotLeaderException: Server 5d1032ca-9147-4957-b503-39c877a962e7 is not the leader (null). Request must be sent to leader., logIndex=0, commits[5d1032ca-9147-4957-b503-39c877a962e7:c-1]
2019-07-13 19:33:03,572 INFO  impl.FollowerState (FollowerState.java:run(106)) - 60ce25f2-006c-4f2f-9804-0a3aa3878877:group-E26A0915B38B changes to CANDIDATE, lastRpcTime:5060, electionTimeout:5060ms
2019-07-13 19:33:03,572 INFO  impl.RoleInfo (RoleInfo.java:shutdownFollowerState(121)) - 60ce25f2-006c-4f2f-9804-0a3aa3878877: shutdown FollowerState
2019-07-13 19:33:03,572 INFO  impl.RaftServerImpl (RaftServerImpl.java:setRole(171)) - 60ce25f2-006c-4f2f-9804-0a3aa3878877:group-E26A0915B38B changes role from FOLLOWER to CANDIDATE at term 0 for changeToCandidate
2019-07-13 19:33:03,572 INFO  impl.RoleInfo (RoleInfo.java:updateAndGet(143)) - 60ce25f2-006c-4f2f-9804-0a3aa3878877: start LeaderElection
2019-07-13 19:33:03,606 INFO  impl.LeaderElection (LeaderElection.java:askForVotes(181)) - 60ce25f2-006c-4f2f-9804-0a3aa3878877:group-E26A0915B38B:LeaderElection27: begin an election at term 1 for -1: [60ce25f2-006c-4f2f-9804-0a3aa3878877:192.168.69.122:46818], old=null
2019-07-13 19:33:03,607 INFO  impl.RoleInfo (RoleInfo.java:shutdownLeaderElection(134)) - 60ce25f2-006c-4f2f-9804-0a3aa3878877: shutdown LeaderElection
2019-07-13 19:33:03,607 INFO  impl.RaftServerImpl (RaftServerImpl.java:setRole(171)) - 60ce25f2-006c-4f2f-9804-0a3aa3878877:group-E26A0915B38B changes role from CANDIDATE to LEADER at term 1 for changeToLeader
2019-07-13 19:33:03,607 INFO  impl.RaftServerImpl (ServerState.java:setLeader(263)) - 60ce25f2-006c-4f2f-9804-0a3aa3878877:group-E26A0915B38B change Leader from null to 60ce25f2-006c-4f2f-9804-0a3aa3878877 at term 1 for becomeLeader, leader elected after 5100ms
2019-07-13 19:33:03,607 INFO  server.RaftServerConfigKeys (ConfUtils.java:logGet(43)) - raft.server.staging.catchup.gap = 1000 (default)
2019-07-13 19:33:03,607 INFO  server.RaftServerConfigKeys (ConfUtils.java:logGet(43)) - raft.server.rpc.sleep.time = 25ms (default)
2019-07-13 19:33:03,607 INFO  server.RaftServerConfigKeys (ConfUtils.java:logGet(43)) - raft.server.write.element-limit = 4096 (default)
2019-07-13 19:33:03,607 INFO  server.RaftServerConfigKeys (ConfUtils.java:logGet(43)) - raft.server.watch.timeout = 10s (default)
2019-07-13 19:33:03,608 INFO  server.RaftServerConfigKeys (ConfUtils.java:logGet(43)) - raft.server.watch.timeout.denomination = 1s (default)
2019-07-13 19:33:03,608 INFO  server.RaftServerConfigKeys (ConfUtils.java:logGet(43)) - raft.server.watch.element-limit = 65536 (default)
2019-07-13 19:33:03,608 INFO  impl.RoleInfo (RoleInfo.java:updateAndGet(143)) - 60ce25f2-006c-4f2f-9804-0a3aa3878877: start LeaderState
2019-07-13 19:33:03,608 INFO  segmented.SegmentedRaftLogWorker (SegmentedRaftLogWorker.java:startLogSegment(380)) - 60ce25f2-006c-4f2f-9804-0a3aa3878877-SegmentedRaftLogWorker:Storage Directory /tmp/workdir/hadoop-ozone/integration-test/target/test-dir/MiniOzoneClusterImpl-24814402-2c72-477e-ac32-78cae0af7a4c/datanode-0/data/ratis/741f6ae0-b67a-4795-bb83-e26a0915b38b: Starting segment from index:0
2019-07-13 19:33:03,609 INFO  impl.RaftServerImpl (ServerState.java:setRaftConf(361)) - 60ce25f2-006c-4f2f-9804-0a3aa3878877:group-E26A0915B38B set configuration 0: [60ce25f2-006c-4f2f-9804-0a3aa3878877:192.168.69.122:46818], old=null at 0
2019-07-13 19:33:03,636 INFO  segmented.SegmentedRaftLogWorker (SegmentedRaftLogWorker.java:execute(569)) - 60ce25f2-006c-4f2f-9804-0a3aa3878877-SegmentedRaftLogWorker:Storage Directory /tmp/workdir/hadoop-ozone/integration-test/target/test-dir/MiniOzoneClusterImpl-24814402-2c72-477e-ac32-78cae0af7a4c/datanode-0/data/ratis/741f6ae0-b67a-4795-bb83-e26a0915b38b: created new log segment /tmp/workdir/hadoop-ozone/integration-test/target/test-dir/MiniOzoneClusterImpl-24814402-2c72-477e-ac32-78cae0af7a4c/datanode-0/data/ratis/741f6ae0-b67a-4795-bb83-e26a0915b38b/current/log_inprogress_0
2019-07-13 19:33:03,827 INFO  impl.FollowerState (FollowerState.java:run(106)) - 00d91248-b81b-486b-9e32-e5c5f65edbd1:group-4893E8E244BA changes to CANDIDATE, lastRpcTime:5041, electionTimeout:5041ms
2019-07-13 19:33:03,827 INFO  impl.RoleInfo (RoleInfo.java:shutdownFollowerState(121)) - 00d91248-b81b-486b-9e32-e5c5f65edbd1: shutdown FollowerState
2019-07-13 19:33:03,827 INFO  impl.RaftServerImpl (RaftServerImpl.java:setRole(171)) - 00d91248-b81b-486b-9e32-e5c5f65edbd1:group-4893E8E244BA changes role from FOLLOWER to CANDIDATE at term 0 for changeToCandidate
2019-07-13 19:33:03,827 INFO  impl.RoleInfo (RoleInfo.java:updateAndGet(143)) - 00d91248-b81b-486b-9e32-e5c5f65edbd1: start LeaderElection
2019-07-13 19:33:03,919 INFO  impl.LeaderElection (LeaderElection.java:askForVotes(181)) - 00d91248-b81b-486b-9e32-e5c5f65edbd1:group-4893E8E244BA:LeaderElection28: begin an election at term 1 for -1: [00d91248-b81b-486b-9e32-e5c5f65edbd1:192.168.69.122:40611], old=null
2019-07-13 19:33:03,920 INFO  impl.RoleInfo (RoleInfo.java:shutdownLeaderElection(134)) - 00d91248-b81b-486b-9e32-e5c5f65edbd1: shutdown LeaderElection
2019-07-13 19:33:03,920 INFO  impl.RaftServerImpl (RaftServerImpl.java:setRole(171)) - 00d91248-b81b-486b-9e32-e5c5f65edbd1:group-4893E8E244BA changes role from CANDIDATE to LEADER at term 1 for changeToLeader
2019-07-13 19:33:03,920 INFO  impl.RaftServerImpl (ServerState.java:setLeader(263)) - 00d91248-b81b-486b-9e32-e5c5f65edbd1:group-4893E8E244BA change Leader from null to 00d91248-b81b-486b-9e32-e5c5f65edbd1 at term 1 for becomeLeader, leader elected after 5139ms
2019-07-13 19:33:03,920 INFO  server.RaftServerConfigKeys (ConfUtils.java:logGet(43)) - raft.server.staging.catchup.gap = 1000 (default)
2019-07-13 19:33:03,920 INFO  server.RaftServerConfigKeys (ConfUtils.java:logGet(43)) - raft.server.rpc.sleep.time = 25ms (default)
2019-07-13 19:33:03,920 INFO  server.RaftServerConfigKeys (ConfUtils.java:logGet(43)) - raft.server.write.element-limit = 4096 (default)
2019-07-13 19:33:03,920 INFO  server.RaftServerConfigKeys (ConfUtils.java:logGet(43)) - raft.server.watch.timeout = 10s (default)
2019-07-13 19:33:03,921 INFO  server.RaftServerConfigKeys (ConfUtils.java:logGet(43)) - raft.server.watch.timeout.denomination = 1s (default)
2019-07-13 19:33:03,921 INFO  server.RaftServerConfigKeys (ConfUtils.java:logGet(43)) - raft.server.watch.element-limit = 65536 (default)
2019-07-13 19:33:03,921 INFO  impl.RoleInfo (RoleInfo.java:updateAndGet(143)) - 00d91248-b81b-486b-9e32-e5c5f65edbd1: start LeaderState
2019-07-13 19:33:03,921 INFO  segmented.SegmentedRaftLogWorker (SegmentedRaftLogWorker.java:startLogSegment(380)) - 00d91248-b81b-486b-9e32-e5c5f65edbd1-SegmentedRaftLogWorker:Storage Directory /tmp/workdir/hadoop-ozone/integration-test/target/test-dir/MiniOzoneClusterImpl-24814402-2c72-477e-ac32-78cae0af7a4c/datanode-1/data/ratis/218e33da-90c3-452f-8397-4893e8e244ba: Starting segment from index:0
2019-07-13 19:33:03,922 INFO  impl.RaftServerImpl (ServerState.java:setRaftConf(361)) - 00d91248-b81b-486b-9e32-e5c5f65edbd1:group-4893E8E244BA set configuration 0: [00d91248-b81b-486b-9e32-e5c5f65edbd1:192.168.69.122:40611], old=null at 0
2019-07-13 19:33:03,942 INFO  segmented.SegmentedRaftLogWorker (SegmentedRaftLogWorker.java:execute(569)) - 00d91248-b81b-486b-9e32-e5c5f65edbd1-SegmentedRaftLogWorker:Storage Directory /tmp/workdir/hadoop-ozone/integration-test/target/test-dir/MiniOzoneClusterImpl-24814402-2c72-477e-ac32-78cae0af7a4c/datanode-1/data/ratis/218e33da-90c3-452f-8397-4893e8e244ba: created new log segment /tmp/workdir/hadoop-ozone/integration-test/target/test-dir/MiniOzoneClusterImpl-24814402-2c72-477e-ac32-78cae0af7a4c/datanode-1/data/ratis/218e33da-90c3-452f-8397-4893e8e244ba/current/log_inprogress_0
2019-07-13 19:33:04,045 INFO  impl.FollowerState (FollowerState.java:run(106)) - 5d1032ca-9147-4957-b503-39c877a962e7:group-29BB8D88EE9B changes to CANDIDATE, lastRpcTime:5063, electionTimeout:5063ms
2019-07-13 19:33:04,045 INFO  impl.RoleInfo (RoleInfo.java:shutdownFollowerState(121)) - 5d1032ca-9147-4957-b503-39c877a962e7: shutdown FollowerState
2019-07-13 19:33:04,045 INFO  impl.RaftServerImpl (RaftServerImpl.java:setRole(171)) - 5d1032ca-9147-4957-b503-39c877a962e7:group-29BB8D88EE9B changes role from FOLLOWER to CANDIDATE at term 0 for changeToCandidate
2019-07-13 19:33:04,045 INFO  impl.RoleInfo (RoleInfo.java:updateAndGet(143)) - 5d1032ca-9147-4957-b503-39c877a962e7: start LeaderElection
2019-07-13 19:33:04,069 INFO  impl.LeaderElection (LeaderElection.java:askForVotes(181)) - 5d1032ca-9147-4957-b503-39c877a962e7:group-29BB8D88EE9B:LeaderElection29: begin an election at term 1 for -1: [5d1032ca-9147-4957-b503-39c877a962e7:192.168.69.122:36729], old=null
2019-07-13 19:33:04,069 INFO  impl.RoleInfo (RoleInfo.java:shutdownLeaderElection(134)) - 5d1032ca-9147-4957-b503-39c877a962e7: shutdown LeaderElection
2019-07-13 19:33:04,069 INFO  impl.RaftServerImpl (RaftServerImpl.java:setRole(171)) - 5d1032ca-9147-4957-b503-39c877a962e7:group-29BB8D88EE9B changes role from CANDIDATE to LEADER at term 1 for changeToLeader
2019-07-13 19:33:04,069 INFO  impl.RaftServerImpl (ServerState.java:setLeader(263)) - 5d1032ca-9147-4957-b503-39c877a962e7:group-29BB8D88EE9B change Leader from null to 5d1032ca-9147-4957-b503-39c877a962e7 at term 1 for becomeLeader, leader elected after 5093ms
2019-07-13 19:33:04,069 INFO  server.RaftServerConfigKeys (ConfUtils.java:logGet(43)) - raft.server.staging.catchup.gap = 1000 (default)
2019-07-13 19:33:04,069 INFO  server.RaftServerConfigKeys (ConfUtils.java:logGet(43)) - raft.server.rpc.sleep.time = 25ms (default)
2019-07-13 19:33:04,069 INFO  server.RaftServerConfigKeys (ConfUtils.java:logGet(43)) - raft.server.write.element-limit = 4096 (default)
2019-07-13 19:33:04,070 INFO  server.RaftServerConfigKeys (ConfUtils.java:logGet(43)) - raft.server.watch.timeout = 10s (default)
2019-07-13 19:33:04,070 INFO  server.RaftServerConfigKeys (ConfUtils.java:logGet(43)) - raft.server.watch.timeout.denomination = 1s (default)
2019-07-13 19:33:04,070 INFO  server.RaftServerConfigKeys (ConfUtils.java:logGet(43)) - raft.server.watch.element-limit = 65536 (default)
2019-07-13 19:33:04,070 INFO  impl.RoleInfo (RoleInfo.java:updateAndGet(143)) - 5d1032ca-9147-4957-b503-39c877a962e7: start LeaderState
2019-07-13 19:33:04,070 INFO  segmented.SegmentedRaftLogWorker (SegmentedRaftLogWorker.java:startLogSegment(380)) - 5d1032ca-9147-4957-b503-39c877a962e7-SegmentedRaftLogWorker:Storage Directory /tmp/workdir/hadoop-ozone/integration-test/target/test-dir/MiniOzoneClusterImpl-24814402-2c72-477e-ac32-78cae0af7a4c/datanode-2/data/ratis/b7f0f20b-0c97-4279-a739-29bb8d88ee9b: Starting segment from index:0
2019-07-13 19:33:04,071 INFO  impl.RaftServerImpl (ServerState.java:setRaftConf(361)) - 5d1032ca-9147-4957-b503-39c877a962e7:group-29BB8D88EE9B set configuration 0: [5d1032ca-9147-4957-b503-39c877a962e7:192.168.69.122:36729], old=null at 0
2019-07-13 19:33:04,095 INFO  segmented.SegmentedRaftLogWorker (SegmentedRaftLogWorker.java:execute(569)) - 5d1032ca-9147-4957-b503-39c877a962e7-SegmentedRaftLogWorker:Storage Directory /tmp/workdir/hadoop-ozone/integration-test/target/test-dir/MiniOzoneClusterImpl-24814402-2c72-477e-ac32-78cae0af7a4c/datanode-2/data/ratis/b7f0f20b-0c97-4279-a739-29bb8d88ee9b: created new log segment /tmp/workdir/hadoop-ozone/integration-test/target/test-dir/MiniOzoneClusterImpl-24814402-2c72-477e-ac32-78cae0af7a4c/datanode-2/data/ratis/b7f0f20b-0c97-4279-a739-29bb8d88ee9b/current/log_inprogress_0
2019-07-13 19:33:04,165 INFO  impl.FollowerState (FollowerState.java:run(106)) - 5d1032ca-9147-4957-b503-39c877a962e7:group-064F8E595041 changes to CANDIDATE, lastRpcTime:5113, electionTimeout:5086ms
2019-07-13 19:33:04,165 INFO  impl.RoleInfo (RoleInfo.java:shutdownFollowerState(121)) - 5d1032ca-9147-4957-b503-39c877a962e7: shutdown FollowerState
2019-07-13 19:33:04,165 INFO  client.GrpcClientProtocolClient (GrpcClientProtocolClient.java:onNext(255)) - client-BC173C1F4BE9->00d91248-b81b-486b-9e32-e5c5f65edbd1: receive RaftClientReply:client-BC173C1F4BE9->00d91248-b81b-486b-9e32-e5c5f65edbd1@group-064F8E595041, cid=53, FAILED org.apache.ratis.protocol.NotLeaderException: Server 00d91248-b81b-486b-9e32-e5c5f65edbd1 is not the leader (null). Request must be sent to leader., logIndex=0, commits[00d91248-b81b-486b-9e32-e5c5f65edbd1:c-1]
2019-07-13 19:33:04,165 INFO  impl.RaftServerImpl (RaftServerImpl.java:setRole(171)) - 5d1032ca-9147-4957-b503-39c877a962e7:group-064F8E595041 changes role from FOLLOWER to CANDIDATE at term 0 for changeToCandidate
2019-07-13 19:33:04,182 INFO  impl.RoleInfo (RoleInfo.java:updateAndGet(143)) - 5d1032ca-9147-4957-b503-39c877a962e7: start LeaderElection
2019-07-13 19:33:04,187 INFO  impl.FollowerState (FollowerState.java:run(106)) - 60ce25f2-006c-4f2f-9804-0a3aa3878877:group-064F8E595041 changes to CANDIDATE, lastRpcTime:5132, electionTimeout:5128ms
2019-07-13 19:33:04,191 INFO  impl.FollowerState (FollowerState.java:run(106)) - 00d91248-b81b-486b-9e32-e5c5f65edbd1:group-064F8E595041 changes to CANDIDATE, lastRpcTime:5137, electionTimeout:5134ms
2019-07-13 19:33:04,199 INFO  impl.RoleInfo (RoleInfo.java:shutdownFollowerState(121)) - 00d91248-b81b-486b-9e32-e5c5f65edbd1: shutdown FollowerState
2019-07-13 19:33:04,191 INFO  impl.RoleInfo (RoleInfo.java:shutdownFollowerState(121)) - 60ce25f2-006c-4f2f-9804-0a3aa3878877: shutdown FollowerState
2019-07-13 19:33:04,199 INFO  impl.RaftServerImpl (RaftServerImpl.java:setRole(171)) - 00d91248-b81b-486b-9e32-e5c5f65edbd1:group-064F8E595041 changes role from FOLLOWER to CANDIDATE at term 0 for changeToCandidate
2019-07-13 19:33:04,199 INFO  impl.RaftServerImpl (RaftServerImpl.java:setRole(171)) - 60ce25f2-006c-4f2f-9804-0a3aa3878877:group-064F8E595041 changes role from FOLLOWER to CANDIDATE at term 0 for changeToCandidate
2019-07-13 19:33:04,199 INFO  impl.RoleInfo (RoleInfo.java:updateAndGet(143)) - 00d91248-b81b-486b-9e32-e5c5f65edbd1: start LeaderElection
2019-07-13 19:33:04,199 INFO  impl.RoleInfo (RoleInfo.java:updateAndGet(143)) - 60ce25f2-006c-4f2f-9804-0a3aa3878877: start LeaderElection
2019-07-13 19:33:04,224 INFO  impl.LeaderElection (LeaderElection.java:askForVotes(181)) - 5d1032ca-9147-4957-b503-39c877a962e7:group-064F8E595041:LeaderElection30: begin an election at term 1 for -1: [5d1032ca-9147-4957-b503-39c877a962e7:192.168.69.122:36729, 60ce25f2-006c-4f2f-9804-0a3aa3878877:192.168.69.122:46818, 00d91248-b81b-486b-9e32-e5c5f65edbd1:192.168.69.122:40611], old=null
2019-07-13 19:33:04,226 INFO  impl.LeaderElection (LeaderElection.java:askForVotes(181)) - 60ce25f2-006c-4f2f-9804-0a3aa3878877:group-064F8E595041:LeaderElection32: begin an election at term 1 for -1: [5d1032ca-9147-4957-b503-39c877a962e7:192.168.69.122:36729, 60ce25f2-006c-4f2f-9804-0a3aa3878877:192.168.69.122:46818, 00d91248-b81b-486b-9e32-e5c5f65edbd1:192.168.69.122:40611], old=null
2019-07-13 19:33:04,226 INFO  impl.LeaderElection (LeaderElection.java:askForVotes(181)) - 00d91248-b81b-486b-9e32-e5c5f65edbd1:group-064F8E595041:LeaderElection31: begin an election at term 1 for -1: [5d1032ca-9147-4957-b503-39c877a962e7:192.168.69.122:36729, 60ce25f2-006c-4f2f-9804-0a3aa3878877:192.168.69.122:46818, 00d91248-b81b-486b-9e32-e5c5f65edbd1:192.168.69.122:40611], old=null
2019-07-13 19:33:04,232 INFO  impl.LeaderElection (LeaderElection.java:logAndReturn(56)) - 5d1032ca-9147-4957-b503-39c877a962e7:group-064F8E595041:LeaderElection30: Election REJECTED; received 2 response(s) [5d1032ca-9147-4957-b503-39c877a962e7<-60ce25f2-006c-4f2f-9804-0a3aa3878877#0:FAIL-t1, 5d1032ca-9147-4957-b503-39c877a962e7<-00d91248-b81b-486b-9e32-e5c5f65edbd1#0:FAIL-t1] and 0 exception(s); 5d1032ca-9147-4957-b503-39c877a962e7:t1, leader=null, voted=5d1032ca-9147-4957-b503-39c877a962e7, raftlog=5d1032ca-9147-4957-b503-39c877a962e7-SegmentedRaftLog:OPENED:c-1,f-1,i0, conf=-1: [5d1032ca-9147-4957-b503-39c877a962e7:192.168.69.122:36729, 60ce25f2-006c-4f2f-9804-0a3aa3878877:192.168.69.122:46818, 00d91248-b81b-486b-9e32-e5c5f65edbd1:192.168.69.122:40611], old=null
2019-07-13 19:33:04,232 INFO  impl.RaftServerImpl (RaftServerImpl.java:setRole(171)) - 5d1032ca-9147-4957-b503-39c877a962e7:group-064F8E595041 changes role from CANDIDATE to FOLLOWER at term 1 for DISCOVERED_A_NEW_TERM
2019-07-13 19:33:04,232 INFO  impl.RoleInfo (RoleInfo.java:shutdownLeaderElection(134)) - 5d1032ca-9147-4957-b503-39c877a962e7: shutdown LeaderElection
2019-07-13 19:33:04,233 INFO  impl.RoleInfo (RoleInfo.java:updateAndGet(143)) - 5d1032ca-9147-4957-b503-39c877a962e7: start FollowerState
2019-07-13 19:33:04,234 INFO  impl.LeaderElection (LeaderElection.java:logAndReturn(56)) - 00d91248-b81b-486b-9e32-e5c5f65edbd1:group-064F8E595041:LeaderElection31: Election REJECTED; received 2 response(s) [00d91248-b81b-486b-9e32-e5c5f65edbd1<-5d1032ca-9147-4957-b503-39c877a962e7#0:FAIL-t1, 00d91248-b81b-486b-9e32-e5c5f65edbd1<-60ce25f2-006c-4f2f-9804-0a3aa3878877#0:FAIL-t1] and 0 exception(s); 00d91248-b81b-486b-9e32-e5c5f65edbd1:t1, leader=null, voted=00d91248-b81b-486b-9e32-e5c5f65edbd1, raftlog=00d91248-b81b-486b-9e32-e5c5f65edbd1-SegmentedRaftLog:OPENED:c-1,f-1,i0, conf=-1: [5d1032ca-9147-4957-b503-39c877a962e7:192.168.69.122:36729, 60ce25f2-006c-4f2f-9804-0a3aa3878877:192.168.69.122:46818, 00d91248-b81b-486b-9e32-e5c5f65edbd1:192.168.69.122:40611], old=null
2019-07-13 19:33:04,235 INFO  impl.RaftServerImpl (RaftServerImpl.java:setRole(171)) - 00d91248-b81b-486b-9e32-e5c5f65edbd1:group-064F8E595041 changes role from CANDIDATE to FOLLOWER at term 1 for DISCOVERED_A_NEW_TERM
2019-07-13 19:33:04,235 INFO  impl.RoleInfo (RoleInfo.java:shutdownLeaderElection(134)) - 00d91248-b81b-486b-9e32-e5c5f65edbd1: shutdown LeaderElection
2019-07-13 19:33:04,235 INFO  impl.LeaderElection (LeaderElection.java:logAndReturn(56)) - 60ce25f2-006c-4f2f-9804-0a3aa3878877:group-064F8E595041:LeaderElection32: Election REJECTED; received 2 response(s) [60ce25f2-006c-4f2f-9804-0a3aa3878877<-5d1032ca-9147-4957-b503-39c877a962e7#0:FAIL-t1, 60ce25f2-006c-4f2f-9804-0a3aa3878877<-00d91248-b81b-486b-9e32-e5c5f65edbd1#0:FAIL-t1] and 0 exception(s); 60ce25f2-006c-4f2f-9804-0a3aa3878877:t1, leader=null, voted=60ce25f2-006c-4f2f-9804-0a3aa3878877, raftlog=60ce25f2-006c-4f2f-9804-0a3aa3878877-SegmentedRaftLog:OPENED:c-1,f-1,i0, conf=-1: [5d1032ca-9147-4957-b503-39c877a962e7:192.168.69.122:36729, 60ce25f2-006c-4f2f-9804-0a3aa3878877:192.168.69.122:46818, 00d91248-b81b-486b-9e32-e5c5f65edbd1:192.168.69.122:40611], old=null
2019-07-13 19:33:04,235 INFO  impl.RoleInfo (RoleInfo.java:updateAndGet(143)) - 00d91248-b81b-486b-9e32-e5c5f65edbd1: start FollowerState
2019-07-13 19:33:04,235 INFO  impl.RaftServerImpl (RaftServerImpl.java:setRole(171)) - 60ce25f2-006c-4f2f-9804-0a3aa3878877:group-064F8E595041 changes role from CANDIDATE to FOLLOWER at term 1 for DISCOVERED_A_NEW_TERM
2019-07-13 19:33:04,235 INFO  impl.RoleInfo (RoleInfo.java:shutdownLeaderElection(134)) - 60ce25f2-006c-4f2f-9804-0a3aa3878877: shutdown LeaderElection
2019-07-13 19:33:04,235 INFO  impl.RoleInfo (RoleInfo.java:updateAndGet(143)) - 60ce25f2-006c-4f2f-9804-0a3aa3878877: start FollowerState
2019-07-13 19:33:04,432 INFO  impl.FollowerState (FollowerState.java:run(106)) - 4d3fdac6-fc5c-4cab-b209-1166c0df6150:group-93CC2CCF4C75 changes to CANDIDATE, lastRpcTime:5167, electionTimeout:5167ms
2019-07-13 19:33:04,432 INFO  impl.RoleInfo (RoleInfo.java:shutdownFollowerState(121)) - 4d3fdac6-fc5c-4cab-b209-1166c0df6150: shutdown FollowerState
2019-07-13 19:33:04,432 INFO  impl.RaftServerImpl (RaftServerImpl.java:setRole(171)) - 4d3fdac6-fc5c-4cab-b209-1166c0df6150:group-93CC2CCF4C75 changes role from FOLLOWER to CANDIDATE at term 0 for changeToCandidate
2019-07-13 19:33:04,432 INFO  impl.RoleInfo (RoleInfo.java:updateAndGet(143)) - 4d3fdac6-fc5c-4cab-b209-1166c0df6150: start LeaderElection
2019-07-13 19:33:04,478 INFO  impl.LeaderElection (LeaderElection.java:askForVotes(181)) - 4d3fdac6-fc5c-4cab-b209-1166c0df6150:group-93CC2CCF4C75:LeaderElection33: begin an election at term 1 for -1: [4d3fdac6-fc5c-4cab-b209-1166c0df6150:192.168.69.122:39808], old=null
2019-07-13 19:33:04,478 INFO  impl.RoleInfo (RoleInfo.java:shutdownLeaderElection(134)) - 4d3fdac6-fc5c-4cab-b209-1166c0df6150: shutdown LeaderElection
2019-07-13 19:33:04,478 INFO  impl.RaftServerImpl (RaftServerImpl.java:setRole(171)) - 4d3fdac6-fc5c-4cab-b209-1166c0df6150:group-93CC2CCF4C75 changes role from CANDIDATE to LEADER at term 1 for changeToLeader
2019-07-13 19:33:04,479 INFO  impl.RaftServerImpl (ServerState.java:setLeader(263)) - 4d3fdac6-fc5c-4cab-b209-1166c0df6150:group-93CC2CCF4C75 change Leader from null to 4d3fdac6-fc5c-4cab-b209-1166c0df6150 at term 1 for becomeLeader, leader elected after 5219ms
2019-07-13 19:33:04,479 INFO  server.RaftServerConfigKeys (ConfUtils.java:logGet(43)) - raft.server.staging.catchup.gap = 1000 (default)
2019-07-13 19:33:04,479 INFO  server.RaftServerConfigKeys (ConfUtils.java:logGet(43)) - raft.server.rpc.sleep.time = 25ms (default)
2019-07-13 19:33:04,479 INFO  server.RaftServerConfigKeys (ConfUtils.java:logGet(43)) - raft.server.write.element-limit = 4096 (default)
2019-07-13 19:33:04,479 INFO  server.RaftServerConfigKeys (ConfUtils.java:logGet(43)) - raft.server.watch.timeout = 10s (default)
2019-07-13 19:33:04,479 INFO  server.RaftServerConfigKeys (ConfUtils.java:logGet(43)) - raft.server.watch.timeout.denomination = 1s (default)
2019-07-13 19:33:04,480 INFO  server.RaftServerConfigKeys (ConfUtils.java:logGet(43)) - raft.server.watch.element-limit = 65536 (default)
2019-07-13 19:33:04,480 INFO  impl.RoleInfo (RoleInfo.java:updateAndGet(143)) - 4d3fdac6-fc5c-4cab-b209-1166c0df6150: start LeaderState
2019-07-13 19:33:04,480 INFO  segmented.SegmentedRaftLogWorker (SegmentedRaftLogWorker.java:startLogSegment(380)) - 4d3fdac6-fc5c-4cab-b209-1166c0df6150-SegmentedRaftLogWorker:Storage Directory /tmp/workdir/hadoop-ozone/integration-test/target/test-dir/MiniOzoneClusterImpl-24814402-2c72-477e-ac32-78cae0af7a4c/datanode-3/data/ratis/271835a4-b063-4d85-8451-93cc2ccf4c75: Starting segment from index:0
2019-07-13 19:33:04,481 INFO  impl.RaftServerImpl (ServerState.java:setRaftConf(361)) - 4d3fdac6-fc5c-4cab-b209-1166c0df6150:group-93CC2CCF4C75 set configuration 0: [4d3fdac6-fc5c-4cab-b209-1166c0df6150:192.168.69.122:39808], old=null at 0
2019-07-13 19:33:04,509 INFO  segmented.SegmentedRaftLogWorker (SegmentedRaftLogWorker.java:execute(569)) - 4d3fdac6-fc5c-4cab-b209-1166c0df6150-SegmentedRaftLogWorker:Storage Directory /tmp/workdir/hadoop-ozone/integration-test/target/test-dir/MiniOzoneClusterImpl-24814402-2c72-477e-ac32-78cae0af7a4c/datanode-3/data/ratis/271835a4-b063-4d85-8451-93cc2ccf4c75: created new log segment /tmp/workdir/hadoop-ozone/integration-test/target/test-dir/MiniOzoneClusterImpl-24814402-2c72-477e-ac32-78cae0af7a4c/datanode-3/data/ratis/271835a4-b063-4d85-8451-93cc2ccf4c75/current/log_inprogress_0
2019-07-13 19:33:04,689 INFO  impl.FollowerState (FollowerState.java:run(106)) - 97c378ef-8cfe-4893-9dbc-0cded62f29d1:group-7B6ECB3504C7 changes to CANDIDATE, lastRpcTime:5133, electionTimeout:5133ms
2019-07-13 19:33:04,689 INFO  impl.RoleInfo (RoleInfo.java:shutdownFollowerState(121)) - 97c378ef-8cfe-4893-9dbc-0cded62f29d1: shutdown FollowerState
2019-07-13 19:33:04,689 INFO  impl.RaftServerImpl (RaftServerImpl.java:setRole(171)) - 97c378ef-8cfe-4893-9dbc-0cded62f29d1:group-7B6ECB3504C7 changes role from FOLLOWER to CANDIDATE at term 0 for changeToCandidate
2019-07-13 19:33:04,689 INFO  impl.RoleInfo (RoleInfo.java:updateAndGet(143)) - 97c378ef-8cfe-4893-9dbc-0cded62f29d1: start LeaderElection
2019-07-13 19:33:04,721 INFO  impl.LeaderElection (LeaderElection.java:askForVotes(181)) - 97c378ef-8cfe-4893-9dbc-0cded62f29d1:group-7B6ECB3504C7:LeaderElection34: begin an election at term 1 for -1: [97c378ef-8cfe-4893-9dbc-0cded62f29d1:192.168.69.122:33382], old=null
2019-07-13 19:33:04,721 INFO  impl.RoleInfo (RoleInfo.java:shutdownLeaderElection(134)) - 97c378ef-8cfe-4893-9dbc-0cded62f29d1: shutdown LeaderElection
2019-07-13 19:33:04,721 INFO  impl.RaftServerImpl (RaftServerImpl.java:setRole(171)) - 97c378ef-8cfe-4893-9dbc-0cded62f29d1:group-7B6ECB3504C7 changes role from CANDIDATE to LEADER at term 1 for changeToLeader
2019-07-13 19:33:04,721 INFO  impl.RaftServerImpl (ServerState.java:setLeader(263)) - 97c378ef-8cfe-4893-9dbc-0cded62f29d1:group-7B6ECB3504C7 change Leader from null to 97c378ef-8cfe-4893-9dbc-0cded62f29d1 at term 1 for becomeLeader, leader elected after 5170ms
2019-07-13 19:33:04,721 INFO  server.RaftServerConfigKeys (ConfUtils.java:logGet(43)) - raft.server.staging.catchup.gap = 1000 (default)
2019-07-13 19:33:04,721 INFO  server.RaftServerConfigKeys (ConfUtils.java:logGet(43)) - raft.server.rpc.sleep.time = 25ms (default)
2019-07-13 19:33:04,722 INFO  server.RaftServerConfigKeys (ConfUtils.java:logGet(43)) - raft.server.write.element-limit = 4096 (default)
2019-07-13 19:33:04,722 INFO  server.RaftServerConfigKeys (ConfUtils.java:logGet(43)) - raft.server.watch.timeout = 10s (default)
2019-07-13 19:33:04,722 INFO  server.RaftServerConfigKeys (ConfUtils.java:logGet(43)) - raft.server.watch.timeout.denomination = 1s (default)
2019-07-13 19:33:04,722 INFO  server.RaftServerConfigKeys (ConfUtils.java:logGet(43)) - raft.server.watch.element-limit = 65536 (default)
2019-07-13 19:33:04,722 INFO  impl.RoleInfo (RoleInfo.java:updateAndGet(143)) - 97c378ef-8cfe-4893-9dbc-0cded62f29d1: start LeaderState
2019-07-13 19:33:04,723 INFO  segmented.SegmentedRaftLogWorker (SegmentedRaftLogWorker.java:startLogSegment(380)) - 97c378ef-8cfe-4893-9dbc-0cded62f29d1-SegmentedRaftLogWorker:Storage Directory /tmp/workdir/hadoop-ozone/integration-test/target/test-dir/MiniOzoneClusterImpl-24814402-2c72-477e-ac32-78cae0af7a4c/datanode-4/data/ratis/80af37f5-aa43-4f1c-aa23-7b6ecb3504c7: Starting segment from index:0
2019-07-13 19:33:04,723 INFO  impl.RaftServerImpl (ServerState.java:setRaftConf(361)) - 97c378ef-8cfe-4893-9dbc-0cded62f29d1:group-7B6ECB3504C7 set configuration 0: [97c378ef-8cfe-4893-9dbc-0cded62f29d1:192.168.69.122:33382], old=null at 0
2019-07-13 19:33:04,760 INFO  segmented.SegmentedRaftLogWorker (SegmentedRaftLogWorker.java:execute(569)) - 97c378ef-8cfe-4893-9dbc-0cded62f29d1-SegmentedRaftLogWorker:Storage Directory /tmp/workdir/hadoop-ozone/integration-test/target/test-dir/MiniOzoneClusterImpl-24814402-2c72-477e-ac32-78cae0af7a4c/datanode-4/data/ratis/80af37f5-aa43-4f1c-aa23-7b6ecb3504c7: created new log segment /tmp/workdir/hadoop-ozone/integration-test/target/test-dir/MiniOzoneClusterImpl-24814402-2c72-477e-ac32-78cae0af7a4c/datanode-4/data/ratis/80af37f5-aa43-4f1c-aa23-7b6ecb3504c7/current/log_inprogress_0
2019-07-13 19:33:04,773 INFO  impl.FollowerState (FollowerState.java:run(106)) - 0a142fd6-9f9c-4638-b820-7e5522c37f1a:group-ADE6D3F92CCC changes to CANDIDATE, lastRpcTime:5008, electionTimeout:5008ms
2019-07-13 19:33:04,773 INFO  impl.RoleInfo (RoleInfo.java:shutdownFollowerState(121)) - 0a142fd6-9f9c-4638-b820-7e5522c37f1a: shutdown FollowerState
2019-07-13 19:33:04,773 INFO  impl.RaftServerImpl (RaftServerImpl.java:setRole(171)) - 0a142fd6-9f9c-4638-b820-7e5522c37f1a:group-ADE6D3F92CCC changes role from FOLLOWER to CANDIDATE at term 0 for changeToCandidate
2019-07-13 19:33:04,773 INFO  impl.RoleInfo (RoleInfo.java:updateAndGet(143)) - 0a142fd6-9f9c-4638-b820-7e5522c37f1a: start LeaderElection
2019-07-13 19:33:04,806 INFO  impl.LeaderElection (LeaderElection.java:askForVotes(181)) - 0a142fd6-9f9c-4638-b820-7e5522c37f1a:group-ADE6D3F92CCC:LeaderElection35: begin an election at term 1 for -1: [0a142fd6-9f9c-4638-b820-7e5522c37f1a:192.168.69.122:42934], old=null
2019-07-13 19:33:04,806 INFO  impl.RoleInfo (RoleInfo.java:shutdownLeaderElection(134)) - 0a142fd6-9f9c-4638-b820-7e5522c37f1a: shutdown LeaderElection
2019-07-13 19:33:04,806 INFO  impl.RaftServerImpl (RaftServerImpl.java:setRole(171)) - 0a142fd6-9f9c-4638-b820-7e5522c37f1a:group-ADE6D3F92CCC changes role from CANDIDATE to LEADER at term 1 for changeToLeader
2019-07-13 19:33:04,807 INFO  impl.RaftServerImpl (ServerState.java:setLeader(263)) - 0a142fd6-9f9c-4638-b820-7e5522c37f1a:group-ADE6D3F92CCC change Leader from null to 0a142fd6-9f9c-4638-b820-7e5522c37f1a at term 1 for becomeLeader, leader elected after 5047ms
2019-07-13 19:33:04,807 INFO  server.RaftServerConfigKeys (ConfUtils.java:logGet(43)) - raft.server.staging.catchup.gap = 1000 (default)
2019-07-13 19:33:04,807 INFO  server.RaftServerConfigKeys (ConfUtils.java:logGet(43)) - raft.server.rpc.sleep.time = 25ms (default)
2019-07-13 19:33:04,807 INFO  server.RaftServerConfigKeys (ConfUtils.java:logGet(43)) - raft.server.write.element-limit = 4096 (default)
2019-07-13 19:33:04,807 INFO  server.RaftServerConfigKeys (ConfUtils.java:logGet(43)) - raft.server.watch.timeout = 10s (default)
2019-07-13 19:33:04,807 INFO  server.RaftServerConfigKeys (ConfUtils.java:logGet(43)) - raft.server.watch.timeout.denomination = 1s (default)
2019-07-13 19:33:04,808 INFO  server.RaftServerConfigKeys (ConfUtils.java:logGet(43)) - raft.server.watch.element-limit = 65536 (default)
2019-07-13 19:33:04,808 INFO  impl.RoleInfo (RoleInfo.java:updateAndGet(143)) - 0a142fd6-9f9c-4638-b820-7e5522c37f1a: start LeaderState
2019-07-13 19:33:04,808 INFO  segmented.SegmentedRaftLogWorker (SegmentedRaftLogWorker.java:startLogSegment(380)) - 0a142fd6-9f9c-4638-b820-7e5522c37f1a-SegmentedRaftLogWorker:Storage Directory /tmp/workdir/hadoop-ozone/integration-test/target/test-dir/MiniOzoneClusterImpl-24814402-2c72-477e-ac32-78cae0af7a4c/datanode-5/data/ratis/ec1c7472-4dd7-4e81-a1e2-ade6d3f92ccc: Starting segment from index:0
2019-07-13 19:33:04,809 INFO  impl.RaftServerImpl (ServerState.java:setRaftConf(361)) - 0a142fd6-9f9c-4638-b820-7e5522c37f1a:group-ADE6D3F92CCC set configuration 0: [0a142fd6-9f9c-4638-b820-7e5522c37f1a:192.168.69.122:42934], old=null at 0
2019-07-13 19:33:04,841 INFO  segmented.SegmentedRaftLogWorker (SegmentedRaftLogWorker.java:execute(569)) - 0a142fd6-9f9c-4638-b820-7e5522c37f1a-SegmentedRaftLogWorker:Storage Directory /tmp/workdir/hadoop-ozone/integration-test/target/test-dir/MiniOzoneClusterImpl-24814402-2c72-477e-ac32-78cae0af7a4c/datanode-5/data/ratis/ec1c7472-4dd7-4e81-a1e2-ade6d3f92ccc: created new log segment /tmp/workdir/hadoop-ozone/integration-test/target/test-dir/MiniOzoneClusterImpl-24814402-2c72-477e-ac32-78cae0af7a4c/datanode-5/data/ratis/ec1c7472-4dd7-4e81-a1e2-ade6d3f92ccc/current/log_inprogress_0
2019-07-13 19:33:04,981 INFO  impl.FollowerState (FollowerState.java:run(106)) - 0a142fd6-9f9c-4638-b820-7e5522c37f1a:group-2059E5D5B7CE changes to CANDIDATE, lastRpcTime:5143, electionTimeout:5143ms
2019-07-13 19:33:04,981 INFO  impl.RoleInfo (RoleInfo.java:shutdownFollowerState(121)) - 0a142fd6-9f9c-4638-b820-7e5522c37f1a: shutdown FollowerState
2019-07-13 19:33:04,981 INFO  impl.RaftServerImpl (RaftServerImpl.java:setRole(171)) - 0a142fd6-9f9c-4638-b820-7e5522c37f1a:group-2059E5D5B7CE changes role from FOLLOWER to CANDIDATE at term 0 for changeToCandidate
2019-07-13 19:33:04,981 INFO  impl.RoleInfo (RoleInfo.java:updateAndGet(143)) - 0a142fd6-9f9c-4638-b820-7e5522c37f1a: start LeaderElection
2019-07-13 19:33:04,982 INFO  impl.FollowerState (FollowerState.java:run(106)) - 9fdcf906-ab1a-4ad8-bd21-f91f44917d88:group-937EDD965F88 changes to CANDIDATE, lastRpcTime:5032, electionTimeout:5032ms
2019-07-13 19:33:04,982 INFO  impl.RoleInfo (RoleInfo.java:shutdownFollowerState(121)) - 9fdcf906-ab1a-4ad8-bd21-f91f44917d88: shutdown FollowerState
2019-07-13 19:33:05,003 INFO  impl.RaftServerImpl (RaftServerImpl.java:setRole(171)) - 9fdcf906-ab1a-4ad8-bd21-f91f44917d88:group-937EDD965F88 changes role from FOLLOWER to CANDIDATE at term 0 for changeToCandidate
2019-07-13 19:33:05,003 INFO  impl.RoleInfo (RoleInfo.java:updateAndGet(143)) - 9fdcf906-ab1a-4ad8-bd21-f91f44917d88: start LeaderElection
2019-07-13 19:33:05,023 INFO  impl.FollowerState (FollowerState.java:run(106)) - 4d3fdac6-fc5c-4cab-b209-1166c0df6150:group-2059E5D5B7CE changes to CANDIDATE, lastRpcTime:5181, electionTimeout:5181ms
2019-07-13 19:33:05,023 INFO  impl.RoleInfo (RoleInfo.java:shutdownFollowerState(121)) - 4d3fdac6-fc5c-4cab-b209-1166c0df6150: shutdown FollowerState
2019-07-13 19:33:05,023 INFO  impl.RaftServerImpl (RaftServerImpl.java:setRole(171)) - 4d3fdac6-fc5c-4cab-b209-1166c0df6150:group-2059E5D5B7CE changes role from FOLLOWER to CANDIDATE at term 0 for changeToCandidate
2019-07-13 19:33:05,024 INFO  impl.RoleInfo (RoleInfo.java:updateAndGet(143)) - 4d3fdac6-fc5c-4cab-b209-1166c0df6150: start LeaderElection
2019-07-13 19:33:05,037 INFO  impl.FollowerState (FollowerState.java:run(106)) - 97c378ef-8cfe-4893-9dbc-0cded62f29d1:group-2059E5D5B7CE changes to CANDIDATE, lastRpcTime:5195, electionTimeout:5192ms
2019-07-13 19:33:05,041 INFO  impl.RoleInfo (RoleInfo.java:shutdownFollowerState(121)) - 97c378ef-8cfe-4893-9dbc-0cded62f29d1: shutdown FollowerState
2019-07-13 19:33:05,041 INFO  impl.RaftServerImpl (RaftServerImpl.java:setRole(171)) - 97c378ef-8cfe-4893-9dbc-0cded62f29d1:group-2059E5D5B7CE changes role from FOLLOWER to CANDIDATE at term 0 for changeToCandidate
2019-07-13 19:33:05,041 INFO  impl.RoleInfo (RoleInfo.java:updateAndGet(143)) - 97c378ef-8cfe-4893-9dbc-0cded62f29d1: start LeaderElection
2019-07-13 19:33:05,081 INFO  impl.LeaderElection (LeaderElection.java:askForVotes(181)) - 0a142fd6-9f9c-4638-b820-7e5522c37f1a:group-2059E5D5B7CE:LeaderElection36: begin an election at term 1 for -1: [97c378ef-8cfe-4893-9dbc-0cded62f29d1:192.168.69.122:33382, 4d3fdac6-fc5c-4cab-b209-1166c0df6150:192.168.69.122:39808, 0a142fd6-9f9c-4638-b820-7e5522c37f1a:192.168.69.122:42934], old=null
2019-07-13 19:33:05,081 INFO  impl.LeaderElection (LeaderElection.java:askForVotes(181)) - 4d3fdac6-fc5c-4cab-b209-1166c0df6150:group-2059E5D5B7CE:LeaderElection38: begin an election at term 1 for -1: [97c378ef-8cfe-4893-9dbc-0cded62f29d1:192.168.69.122:33382, 4d3fdac6-fc5c-4cab-b209-1166c0df6150:192.168.69.122:39808, 0a142fd6-9f9c-4638-b820-7e5522c37f1a:192.168.69.122:42934], old=null
2019-07-13 19:33:05,081 INFO  impl.LeaderElection (LeaderElection.java:askForVotes(181)) - 9fdcf906-ab1a-4ad8-bd21-f91f44917d88:group-937EDD965F88:LeaderElection37: begin an election at term 1 for -1: [9fdcf906-ab1a-4ad8-bd21-f91f44917d88:192.168.69.122:43174], old=null
2019-07-13 19:33:05,082 INFO  impl.RoleInfo (RoleInfo.java:shutdownLeaderElection(134)) - 9fdcf906-ab1a-4ad8-bd21-f91f44917d88: shutdown LeaderElection
2019-07-13 19:33:05,082 INFO  impl.RaftServerImpl (RaftServerImpl.java:setRole(171)) - 9fdcf906-ab1a-4ad8-bd21-f91f44917d88:group-937EDD965F88 changes role from CANDIDATE to LEADER at term 1 for changeToLeader
2019-07-13 19:33:05,082 INFO  impl.RaftServerImpl (ServerState.java:setLeader(263)) - 9fdcf906-ab1a-4ad8-bd21-f91f44917d88:group-937EDD965F88 change Leader from null to 9fdcf906-ab1a-4ad8-bd21-f91f44917d88 at term 1 for becomeLeader, leader elected after 5136ms
2019-07-13 19:33:05,082 INFO  server.RaftServerConfigKeys (ConfUtils.java:logGet(43)) - raft.server.staging.catchup.gap = 1000 (default)
2019-07-13 19:33:05,082 INFO  server.RaftServerConfigKeys (ConfUtils.java:logGet(43)) - raft.server.rpc.sleep.time = 25ms (default)
2019-07-13 19:33:05,082 INFO  server.RaftServerConfigKeys (ConfUtils.java:logGet(43)) - raft.server.write.element-limit = 4096 (default)
2019-07-13 19:33:05,082 INFO  server.RaftServerConfigKeys (ConfUtils.java:logGet(43)) - raft.server.watch.timeout = 10s (default)
2019-07-13 19:33:05,082 INFO  server.RaftServerConfigKeys (ConfUtils.java:logGet(43)) - raft.server.watch.timeout.denomination = 1s (default)
2019-07-13 19:33:05,082 INFO  server.RaftServerConfigKeys (ConfUtils.java:logGet(43)) - raft.server.watch.element-limit = 65536 (default)
2019-07-13 19:33:05,083 INFO  impl.RoleInfo (RoleInfo.java:updateAndGet(143)) - 9fdcf906-ab1a-4ad8-bd21-f91f44917d88: start LeaderState
2019-07-13 19:33:05,083 INFO  segmented.SegmentedRaftLogWorker (SegmentedRaftLogWorker.java:startLogSegment(380)) - 9fdcf906-ab1a-4ad8-bd21-f91f44917d88-SegmentedRaftLogWorker:Storage Directory /tmp/workdir/hadoop-ozone/integration-test/target/test-dir/MiniOzoneClusterImpl-24814402-2c72-477e-ac32-78cae0af7a4c/datanode-6/data/ratis/01c26c04-aa6c-4f70-81db-937edd965f88: Starting segment from index:0
2019-07-13 19:33:05,083 INFO  impl.RaftServerImpl (ServerState.java:setRaftConf(361)) - 9fdcf906-ab1a-4ad8-bd21-f91f44917d88:group-937EDD965F88 set configuration 0: [9fdcf906-ab1a-4ad8-bd21-f91f44917d88:192.168.69.122:43174], old=null at 0
2019-07-13 19:33:05,084 WARN  server.GrpcLogAppender (LogUtils.java:warn(134)) - 3b7fc3d4-38ac-4cbc-ac5c-0a5ecb5eaa58->26f66dd9-c91a-486d-a992-f58b07c1a85c: Failed appendEntries: org.apache.ratis.thirdparty.io.grpc.StatusRuntimeException: UNAVAILABLE: io exception
2019-07-13 19:33:05,084 WARN  server.GrpcLogAppender (LogUtils.java:warn(134)) - 3b7fc3d4-38ac-4cbc-ac5c-0a5ecb5eaa58->12ebe1e8-f3b8-43be-a24e-312d113c4afa: Failed appendEntries: org.apache.ratis.thirdparty.io.grpc.StatusRuntimeException: UNAVAILABLE: io exception
2019-07-13 19:33:05,105 INFO  impl.FollowerInfo (FollowerInfo.java:lambda$new$0(50)) - 3b7fc3d4-38ac-4cbc-ac5c-0a5ecb5eaa58->26f66dd9-c91a-486d-a992-f58b07c1a85c: nextIndex: updateUnconditionally 0 -> 0
2019-07-13 19:33:05,105 INFO  impl.LeaderElection (LeaderElection.java:askForVotes(181)) - 97c378ef-8cfe-4893-9dbc-0cded62f29d1:group-2059E5D5B7CE:LeaderElection39: begin an election at term 1 for -1: [97c378ef-8cfe-4893-9dbc-0cded62f29d1:192.168.69.122:33382, 4d3fdac6-fc5c-4cab-b209-1166c0df6150:192.168.69.122:39808, 0a142fd6-9f9c-4638-b820-7e5522c37f1a:192.168.69.122:42934], old=null
2019-07-13 19:33:05,114 INFO  impl.FollowerInfo (FollowerInfo.java:lambda$new$0(50)) - 3b7fc3d4-38ac-4cbc-ac5c-0a5ecb5eaa58->12ebe1e8-f3b8-43be-a24e-312d113c4afa: nextIndex: updateUnconditionally 0 -> 0
2019-07-13 19:33:05,110 INFO  segmented.SegmentedRaftLogWorker (SegmentedRaftLogWorker.java:execute(569)) - 9fdcf906-ab1a-4ad8-bd21-f91f44917d88-SegmentedRaftLogWorker:Storage Directory /tmp/workdir/hadoop-ozone/integration-test/target/test-dir/MiniOzoneClusterImpl-24814402-2c72-477e-ac32-78cae0af7a4c/datanode-6/data/ratis/01c26c04-aa6c-4f70-81db-937edd965f88: created new log segment /tmp/workdir/hadoop-ozone/integration-test/target/test-dir/MiniOzoneClusterImpl-24814402-2c72-477e-ac32-78cae0af7a4c/datanode-6/data/ratis/01c26c04-aa6c-4f70-81db-937edd965f88/current/log_inprogress_0
2019-07-13 19:33:05,121 INFO  impl.LeaderElection (LeaderElection.java:logAndReturn(56)) - 4d3fdac6-fc5c-4cab-b209-1166c0df6150:group-2059E5D5B7CE:LeaderElection38: Election REJECTED; received 2 response(s) [4d3fdac6-fc5c-4cab-b209-1166c0df6150<-97c378ef-8cfe-4893-9dbc-0cded62f29d1#0:FAIL-t1, 4d3fdac6-fc5c-4cab-b209-1166c0df6150<-0a142fd6-9f9c-4638-b820-7e5522c37f1a#0:FAIL-t1] and 0 exception(s); 4d3fdac6-fc5c-4cab-b209-1166c0df6150:t1, leader=null, voted=4d3fdac6-fc5c-4cab-b209-1166c0df6150, raftlog=4d3fdac6-fc5c-4cab-b209-1166c0df6150-SegmentedRaftLog:OPENED:c-1,f-1,i0, conf=-1: [97c378ef-8cfe-4893-9dbc-0cded62f29d1:192.168.69.122:33382, 4d3fdac6-fc5c-4cab-b209-1166c0df6150:192.168.69.122:39808, 0a142fd6-9f9c-4638-b820-7e5522c37f1a:192.168.69.122:42934], old=null
2019-07-13 19:33:05,121 INFO  impl.RaftServerImpl (RaftServerImpl.java:setRole(171)) - 4d3fdac6-fc5c-4cab-b209-1166c0df6150:group-2059E5D5B7CE changes role from CANDIDATE to FOLLOWER at term 1 for DISCOVERED_A_NEW_TERM
2019-07-13 19:33:05,121 INFO  impl.LeaderElection (LeaderElection.java:logAndReturn(56)) - 0a142fd6-9f9c-4638-b820-7e5522c37f1a:group-2059E5D5B7CE:LeaderElection36: Election REJECTED; received 2 response(s) [0a142fd6-9f9c-4638-b820-7e5522c37f1a<-97c378ef-8cfe-4893-9dbc-0cded62f29d1#0:FAIL-t1, 0a142fd6-9f9c-4638-b820-7e5522c37f1a<-4d3fdac6-fc5c-4cab-b209-1166c0df6150#0:FAIL-t1] and 0 exception(s); 0a142fd6-9f9c-4638-b820-7e5522c37f1a:t1, leader=null, voted=0a142fd6-9f9c-4638-b820-7e5522c37f1a, raftlog=0a142fd6-9f9c-4638-b820-7e5522c37f1a-SegmentedRaftLog:OPENED:c-1,f-1,i0, conf=-1: [97c378ef-8cfe-4893-9dbc-0cded62f29d1:192.168.69.122:33382, 4d3fdac6-fc5c-4cab-b209-1166c0df6150:192.168.69.122:39808, 0a142fd6-9f9c-4638-b820-7e5522c37f1a:192.168.69.122:42934], old=null
2019-07-13 19:33:05,121 INFO  impl.RoleInfo (RoleInfo.java:shutdownLeaderElection(134)) - 4d3fdac6-fc5c-4cab-b209-1166c0df6150: shutdown LeaderElection
2019-07-13 19:33:05,122 INFO  impl.RaftServerImpl (RaftServerImpl.java:setRole(171)) - 0a142fd6-9f9c-4638-b820-7e5522c37f1a:group-2059E5D5B7CE changes role from CANDIDATE to FOLLOWER at term 1 for DISCOVERED_A_NEW_TERM
2019-07-13 19:33:05,122 INFO  impl.RoleInfo (RoleInfo.java:updateAndGet(143)) - 4d3fdac6-fc5c-4cab-b209-1166c0df6150: start FollowerState
2019-07-13 19:33:05,122 INFO  impl.RoleInfo (RoleInfo.java:shutdownLeaderElection(134)) - 0a142fd6-9f9c-4638-b820-7e5522c37f1a: shutdown LeaderElection
2019-07-13 19:33:05,122 INFO  impl.LeaderElection (LeaderElection.java:logAndReturn(56)) - 97c378ef-8cfe-4893-9dbc-0cded62f29d1:group-2059E5D5B7CE:LeaderElection39: Election REJECTED; received 2 response(s) [97c378ef-8cfe-4893-9dbc-0cded62f29d1<-4d3fdac6-fc5c-4cab-b209-1166c0df6150#0:FAIL-t1, 97c378ef-8cfe-4893-9dbc-0cded62f29d1<-0a142fd6-9f9c-4638-b820-7e5522c37f1a#0:FAIL-t1] and 0 exception(s); 97c378ef-8cfe-4893-9dbc-0cded62f29d1:t1, leader=null, voted=97c378ef-8cfe-4893-9dbc-0cded62f29d1, raftlog=97c378ef-8cfe-4893-9dbc-0cded62f29d1-SegmentedRaftLog:OPENED:c-1,f-1,i0, conf=-1: [97c378ef-8cfe-4893-9dbc-0cded62f29d1:192.168.69.122:33382, 4d3fdac6-fc5c-4cab-b209-1166c0df6150:192.168.69.122:39808, 0a142fd6-9f9c-4638-b820-7e5522c37f1a:192.168.69.122:42934], old=null
2019-07-13 19:33:05,122 INFO  impl.RoleInfo (RoleInfo.java:updateAndGet(143)) - 0a142fd6-9f9c-4638-b820-7e5522c37f1a: start FollowerState
2019-07-13 19:33:05,123 INFO  impl.RaftServerImpl (RaftServerImpl.java:setRole(171)) - 97c378ef-8cfe-4893-9dbc-0cded62f29d1:group-2059E5D5B7CE changes role from CANDIDATE to FOLLOWER at term 1 for DISCOVERED_A_NEW_TERM
2019-07-13 19:33:05,123 INFO  impl.RoleInfo (RoleInfo.java:shutdownLeaderElection(134)) - 97c378ef-8cfe-4893-9dbc-0cded62f29d1: shutdown LeaderElection
2019-07-13 19:33:05,123 INFO  impl.RoleInfo (RoleInfo.java:updateAndGet(143)) - 97c378ef-8cfe-4893-9dbc-0cded62f29d1: start FollowerState
2019-07-13 19:33:05,196 INFO  client.GrpcClientProtocolClient (GrpcClientProtocolClient.java:onNext(255)) - client-BC173C1F4BE9->5d1032ca-9147-4957-b503-39c877a962e7: receive RaftClientReply:client-BC173C1F4BE9->5d1032ca-9147-4957-b503-39c877a962e7@group-064F8E595041, cid=53, FAILED org.apache.ratis.protocol.NotLeaderException: Server 5d1032ca-9147-4957-b503-39c877a962e7 is not the leader (null). Request must be sent to leader., logIndex=0, commits[5d1032ca-9147-4957-b503-39c877a962e7:c-1]
2019-07-13 19:33:06,266 INFO  client.GrpcClientProtocolClient (GrpcClientProtocolClient.java:onNext(255)) - client-BC173C1F4BE9->00d91248-b81b-486b-9e32-e5c5f65edbd1: receive RaftClientReply:client-BC173C1F4BE9->00d91248-b81b-486b-9e32-e5c5f65edbd1@group-064F8E595041, cid=53, FAILED org.apache.ratis.protocol.NotLeaderException: Server 00d91248-b81b-486b-9e32-e5c5f65edbd1 is not the leader (null). Request must be sent to leader., logIndex=0, commits[00d91248-b81b-486b-9e32-e5c5f65edbd1:c-1]
2019-07-13 19:33:07,298 INFO  client.GrpcClientProtocolClient (GrpcClientProtocolClient.java:onNext(255)) - client-BC173C1F4BE9->60ce25f2-006c-4f2f-9804-0a3aa3878877: receive RaftClientReply:client-BC173C1F4BE9->60ce25f2-006c-4f2f-9804-0a3aa3878877@group-064F8E595041, cid=53, FAILED org.apache.ratis.protocol.NotLeaderException: Server 60ce25f2-006c-4f2f-9804-0a3aa3878877 is not the leader (null). Request must be sent to leader., logIndex=0, commits[60ce25f2-006c-4f2f-9804-0a3aa3878877:c-1]
2019-07-13 19:33:07,585 WARN  server.GrpcLogAppender (LogUtils.java:warn(134)) - 3b7fc3d4-38ac-4cbc-ac5c-0a5ecb5eaa58->12ebe1e8-f3b8-43be-a24e-312d113c4afa: Failed appendEntries: org.apache.ratis.thirdparty.io.grpc.StatusRuntimeException: UNAVAILABLE: io exception
2019-07-13 19:33:07,585 WARN  server.GrpcLogAppender (LogUtils.java:warn(134)) - 3b7fc3d4-38ac-4cbc-ac5c-0a5ecb5eaa58->26f66dd9-c91a-486d-a992-f58b07c1a85c: Failed appendEntries: org.apache.ratis.thirdparty.io.grpc.StatusRuntimeException: UNAVAILABLE: io exception
2019-07-13 19:33:07,601 INFO  impl.FollowerInfo (FollowerInfo.java:lambda$new$0(50)) - 3b7fc3d4-38ac-4cbc-ac5c-0a5ecb5eaa58->26f66dd9-c91a-486d-a992-f58b07c1a85c: nextIndex: updateUnconditionally 0 -> 0
2019-07-13 19:33:07,601 INFO  impl.FollowerInfo (FollowerInfo.java:lambda$new$0(50)) - 3b7fc3d4-38ac-4cbc-ac5c-0a5ecb5eaa58->12ebe1e8-f3b8-43be-a24e-312d113c4afa: nextIndex: updateUnconditionally 0 -> 0
2019-07-13 19:33:08,336 INFO  client.GrpcClientProtocolClient (GrpcClientProtocolClient.java:onNext(255)) - client-BC173C1F4BE9->5d1032ca-9147-4957-b503-39c877a962e7: receive RaftClientReply:client-BC173C1F4BE9->5d1032ca-9147-4957-b503-39c877a962e7@group-064F8E595041, cid=53, FAILED org.apache.ratis.protocol.NotLeaderException: Server 5d1032ca-9147-4957-b503-39c877a962e7 is not the leader (null). Request must be sent to leader., logIndex=0, commits[5d1032ca-9147-4957-b503-39c877a962e7:c-1]
2019-07-13 19:33:09,287 INFO  impl.FollowerState (FollowerState.java:run(106)) - 5d1032ca-9147-4957-b503-39c877a962e7:group-064F8E595041 changes to CANDIDATE, lastRpcTime:5054, electionTimeout:5054ms
2019-07-13 19:33:09,288 INFO  impl.RoleInfo (RoleInfo.java:shutdownFollowerState(121)) - 5d1032ca-9147-4957-b503-39c877a962e7: shutdown FollowerState
2019-07-13 19:33:09,288 INFO  impl.RaftServerImpl (RaftServerImpl.java:setRole(171)) - 5d1032ca-9147-4957-b503-39c877a962e7:group-064F8E595041 changes role from FOLLOWER to CANDIDATE at term 1 for changeToCandidate
2019-07-13 19:33:09,288 INFO  impl.RoleInfo (RoleInfo.java:updateAndGet(143)) - 5d1032ca-9147-4957-b503-39c877a962e7: start LeaderElection
2019-07-13 19:33:09,304 INFO  impl.FollowerState (FollowerState.java:run(106)) - 00d91248-b81b-486b-9e32-e5c5f65edbd1:group-064F8E595041 changes to CANDIDATE, lastRpcTime:5068, electionTimeout:5068ms
2019-07-13 19:33:09,304 INFO  impl.RoleInfo (RoleInfo.java:shutdownFollowerState(121)) - 00d91248-b81b-486b-9e32-e5c5f65edbd1: shutdown FollowerState
2019-07-13 19:33:09,304 INFO  impl.RaftServerImpl (RaftServerImpl.java:setRole(171)) - 00d91248-b81b-486b-9e32-e5c5f65edbd1:group-064F8E595041 changes role from FOLLOWER to CANDIDATE at term 1 for changeToCandidate
2019-07-13 19:33:09,304 INFO  impl.RoleInfo (RoleInfo.java:updateAndGet(143)) - 00d91248-b81b-486b-9e32-e5c5f65edbd1: start LeaderElection
2019-07-13 19:33:09,310 INFO  impl.LeaderElection (LeaderElection.java:askForVotes(181)) - 5d1032ca-9147-4957-b503-39c877a962e7:group-064F8E595041:LeaderElection40: begin an election at term 2 for -1: [5d1032ca-9147-4957-b503-39c877a962e7:192.168.69.122:36729, 60ce25f2-006c-4f2f-9804-0a3aa3878877:192.168.69.122:46818, 00d91248-b81b-486b-9e32-e5c5f65edbd1:192.168.69.122:40611], old=null
2019-07-13 19:33:09,314 INFO  impl.RaftServerImpl (RaftServerImpl.java:setRole(171)) - 60ce25f2-006c-4f2f-9804-0a3aa3878877:group-064F8E595041 changes role from FOLLOWER to FOLLOWER at term 2 for recognizeCandidate:5d1032ca-9147-4957-b503-39c877a962e7
2019-07-13 19:33:09,314 INFO  impl.RoleInfo (RoleInfo.java:shutdownFollowerState(121)) - 60ce25f2-006c-4f2f-9804-0a3aa3878877: shutdown FollowerState
2019-07-13 19:33:09,314 INFO  impl.RoleInfo (RoleInfo.java:updateAndGet(143)) - 60ce25f2-006c-4f2f-9804-0a3aa3878877: start FollowerState
2019-07-13 19:33:09,314 INFO  impl.FollowerState (FollowerState.java:run(114)) - 60ce25f2-006c-4f2f-9804-0a3aa3878877: FollowerState was interrupted: java.lang.InterruptedException: sleep interrupted
2019-07-13 19:33:09,324 INFO  impl.LeaderElection (LeaderElection.java:askForVotes(181)) - 00d91248-b81b-486b-9e32-e5c5f65edbd1:group-064F8E595041:LeaderElection41: begin an election at term 2 for -1: [5d1032ca-9147-4957-b503-39c877a962e7:192.168.69.122:36729, 60ce25f2-006c-4f2f-9804-0a3aa3878877:192.168.69.122:46818, 00d91248-b81b-486b-9e32-e5c5f65edbd1:192.168.69.122:40611], old=null
2019-07-13 19:33:09,326 INFO  impl.LeaderElection (LeaderElection.java:logAndReturn(56)) - 5d1032ca-9147-4957-b503-39c877a962e7:group-064F8E595041:LeaderElection40: Election PASSED; received 2 response(s) [5d1032ca-9147-4957-b503-39c877a962e7<-60ce25f2-006c-4f2f-9804-0a3aa3878877#0:OK-t2, 5d1032ca-9147-4957-b503-39c877a962e7<-00d91248-b81b-486b-9e32-e5c5f65edbd1#0:FAIL-t2] and 0 exception(s); 5d1032ca-9147-4957-b503-39c877a962e7:t2, leader=null, voted=5d1032ca-9147-4957-b503-39c877a962e7, raftlog=5d1032ca-9147-4957-b503-39c877a962e7-SegmentedRaftLog:OPENED:c-1,f-1,i0, conf=-1: [5d1032ca-9147-4957-b503-39c877a962e7:192.168.69.122:36729, 60ce25f2-006c-4f2f-9804-0a3aa3878877:192.168.69.122:46818, 00d91248-b81b-486b-9e32-e5c5f65edbd1:192.168.69.122:40611], old=null
2019-07-13 19:33:09,326 INFO  impl.RoleInfo (RoleInfo.java:shutdownLeaderElection(134)) - 5d1032ca-9147-4957-b503-39c877a962e7: shutdown LeaderElection
2019-07-13 19:33:09,327 INFO  impl.RaftServerImpl (RaftServerImpl.java:setRole(171)) - 5d1032ca-9147-4957-b503-39c877a962e7:group-064F8E595041 changes role from CANDIDATE to LEADER at term 2 for changeToLeader
2019-07-13 19:33:09,327 INFO  impl.RaftServerImpl (ServerState.java:setLeader(263)) - 5d1032ca-9147-4957-b503-39c877a962e7:group-064F8E595041 change Leader from null to 5d1032ca-9147-4957-b503-39c877a962e7 at term 2 for becomeLeader, leader elected after 10284ms
2019-07-13 19:33:09,327 INFO  server.RaftServerConfigKeys (ConfUtils.java:logGet(43)) - raft.server.staging.catchup.gap = 1000 (default)
2019-07-13 19:33:09,327 INFO  server.RaftServerConfigKeys (ConfUtils.java:logGet(43)) - raft.server.rpc.sleep.time = 25ms (default)
2019-07-13 19:33:09,327 INFO  server.RaftServerConfigKeys (ConfUtils.java:logGet(43)) - raft.server.write.element-limit = 4096 (default)
2019-07-13 19:33:09,327 INFO  server.RaftServerConfigKeys (ConfUtils.java:logGet(43)) - raft.server.watch.timeout = 10s (default)
2019-07-13 19:33:09,328 INFO  server.RaftServerConfigKeys (ConfUtils.java:logGet(43)) - raft.server.watch.timeout.denomination = 1s (default)
2019-07-13 19:33:09,328 INFO  server.RaftServerConfigKeys (ConfUtils.java:logGet(43)) - raft.server.watch.element-limit = 65536 (default)
2019-07-13 19:33:09,328 INFO  server.RaftServerConfigKeys (ConfUtils.java:logGet(43)) - raft.server.log.appender.snapshot.chunk.size.max = 16MB (=16777216) (default)
2019-07-13 19:33:09,328 INFO  server.RaftServerConfigKeys (ConfUtils.java:logGet(43)) - raft.server.log.appender.buffer.byte-limit = 33554432 (custom)
2019-07-13 19:33:09,329 INFO  server.RaftServerConfigKeys (ConfUtils.java:logGet(43)) - raft.server.log.appender.buffer.element-limit = 1 (custom)
2019-07-13 19:33:09,329 INFO  grpc.GrpcConfigKeys$Server (ConfUtils.java:logGet(43)) - raft.grpc.server.leader.outstanding.appends.max = 128 (default)
2019-07-13 19:33:09,329 INFO  server.RaftServerConfigKeys (ConfUtils.java:logGet(43)) - raft.server.rpc.request.timeout = 3000ms (default)
2019-07-13 19:33:09,329 INFO  server.RaftServerConfigKeys (ConfUtils.java:logGet(43)) - raft.server.log.appender.install.snapshot.enabled = false (custom)
2019-07-13 19:33:09,329 INFO  server.RaftServerConfigKeys (ConfUtils.java:logGet(43)) - raft.server.log.appender.snapshot.chunk.size.max = 16MB (=16777216) (default)
2019-07-13 19:33:09,330 INFO  server.RaftServerConfigKeys (ConfUtils.java:logGet(43)) - raft.server.log.appender.buffer.byte-limit = 33554432 (custom)
2019-07-13 19:33:09,330 INFO  server.RaftServerConfigKeys (ConfUtils.java:logGet(43)) - raft.server.log.appender.buffer.element-limit = 1 (custom)
2019-07-13 19:33:09,330 INFO  grpc.GrpcConfigKeys$Server (ConfUtils.java:logGet(43)) - raft.grpc.server.leader.outstanding.appends.max = 128 (default)
2019-07-13 19:33:09,330 INFO  server.RaftServerConfigKeys (ConfUtils.java:logGet(43)) - raft.server.rpc.request.timeout = 3000ms (default)
2019-07-13 19:33:09,330 INFO  server.RaftServerConfigKeys (ConfUtils.java:logGet(43)) - raft.server.log.appender.install.snapshot.enabled = false (custom)
2019-07-13 19:33:09,331 INFO  impl.RoleInfo (RoleInfo.java:updateAndGet(143)) - 5d1032ca-9147-4957-b503-39c877a962e7: start LeaderState
2019-07-13 19:33:09,331 INFO  segmented.SegmentedRaftLogWorker (SegmentedRaftLogWorker.java:startLogSegment(380)) - 5d1032ca-9147-4957-b503-39c877a962e7-SegmentedRaftLogWorker:Storage Directory /tmp/workdir/hadoop-ozone/integration-test/target/test-dir/MiniOzoneClusterImpl-24814402-2c72-477e-ac32-78cae0af7a4c/datanode-2/data/ratis/b19cb88e-57b5-41a9-a6c1-064f8e595041: Starting segment from index:0
2019-07-13 19:33:09,332 INFO  impl.RaftServerImpl (ServerState.java:setRaftConf(361)) - 5d1032ca-9147-4957-b503-39c877a962e7:group-064F8E595041 set configuration 0: [5d1032ca-9147-4957-b503-39c877a962e7:192.168.69.122:36729, 60ce25f2-006c-4f2f-9804-0a3aa3878877:192.168.69.122:46818, 00d91248-b81b-486b-9e32-e5c5f65edbd1:192.168.69.122:40611], old=null at 0
2019-07-13 19:33:09,333 INFO  impl.RaftServerImpl (RaftServerImpl.java:requestVote(754)) - 5d1032ca-9147-4957-b503-39c877a962e7-LEADER: Withhold vote from candidate 00d91248-b81b-486b-9e32-e5c5f65edbd1 with term 2. State: leader=5d1032ca-9147-4957-b503-39c877a962e7, term=2, lastRpcElapsed=null
2019-07-13 19:33:09,334 INFO  impl.RaftServerImpl (ServerState.java:setLeader(263)) - 60ce25f2-006c-4f2f-9804-0a3aa3878877:group-064F8E595041 change Leader from null to 5d1032ca-9147-4957-b503-39c877a962e7 at term 2 for appendEntries, leader elected after 10291ms
2019-07-13 19:33:09,334 INFO  impl.LeaderElection (LeaderElection.java:logAndReturn(56)) - 00d91248-b81b-486b-9e32-e5c5f65edbd1:group-064F8E595041:LeaderElection41: Election REJECTED; received 2 response(s) [00d91248-b81b-486b-9e32-e5c5f65edbd1<-5d1032ca-9147-4957-b503-39c877a962e7#0:FAIL-t2, 00d91248-b81b-486b-9e32-e5c5f65edbd1<-60ce25f2-006c-4f2f-9804-0a3aa3878877#0:FAIL-t2] and 0 exception(s); 00d91248-b81b-486b-9e32-e5c5f65edbd1:t2, leader=null, voted=00d91248-b81b-486b-9e32-e5c5f65edbd1, raftlog=00d91248-b81b-486b-9e32-e5c5f65edbd1-SegmentedRaftLog:OPENED:c-1,f-1,i0, conf=-1: [5d1032ca-9147-4957-b503-39c877a962e7:192.168.69.122:36729, 60ce25f2-006c-4f2f-9804-0a3aa3878877:192.168.69.122:46818, 00d91248-b81b-486b-9e32-e5c5f65edbd1:192.168.69.122:40611], old=null
2019-07-13 19:33:09,334 INFO  impl.RaftServerImpl (RaftServerImpl.java:setRole(171)) - 00d91248-b81b-486b-9e32-e5c5f65edbd1:group-064F8E595041 changes role from CANDIDATE to FOLLOWER at term 2 for appendEntries
2019-07-13 19:33:09,335 INFO  impl.RoleInfo (RoleInfo.java:shutdownLeaderElection(134)) - 00d91248-b81b-486b-9e32-e5c5f65edbd1: shutdown LeaderElection
2019-07-13 19:33:09,335 INFO  impl.RoleInfo (RoleInfo.java:updateAndGet(143)) - 00d91248-b81b-486b-9e32-e5c5f65edbd1: start FollowerState
2019-07-13 19:33:09,336 INFO  impl.RaftServerImpl (ServerState.java:setLeader(263)) - 00d91248-b81b-486b-9e32-e5c5f65edbd1:group-064F8E595041 change Leader from null to 5d1032ca-9147-4957-b503-39c877a962e7 at term 2 for appendEntries, leader elected after 10293ms
2019-07-13 19:33:09,340 INFO  impl.RaftServerImpl (ServerState.java:setRaftConf(361)) - 60ce25f2-006c-4f2f-9804-0a3aa3878877:group-064F8E595041 set configuration 0: [5d1032ca-9147-4957-b503-39c877a962e7:192.168.69.122:36729, 60ce25f2-006c-4f2f-9804-0a3aa3878877:192.168.69.122:46818, 00d91248-b81b-486b-9e32-e5c5f65edbd1:192.168.69.122:40611], old=null at 0
2019-07-13 19:33:09,340 INFO  segmented.SegmentedRaftLogWorker (SegmentedRaftLogWorker.java:startLogSegment(380)) - 60ce25f2-006c-4f2f-9804-0a3aa3878877-SegmentedRaftLogWorker:Storage Directory /tmp/workdir/hadoop-ozone/integration-test/target/test-dir/MiniOzoneClusterImpl-24814402-2c72-477e-ac32-78cae0af7a4c/datanode-0/data/ratis/b19cb88e-57b5-41a9-a6c1-064f8e595041: Starting segment from index:0
2019-07-13 19:33:09,341 INFO  impl.RaftServerImpl (ServerState.java:setRaftConf(361)) - 00d91248-b81b-486b-9e32-e5c5f65edbd1:group-064F8E595041 set configuration 0: [5d1032ca-9147-4957-b503-39c877a962e7:192.168.69.122:36729, 60ce25f2-006c-4f2f-9804-0a3aa3878877:192.168.69.122:46818, 00d91248-b81b-486b-9e32-e5c5f65edbd1:192.168.69.122:40611], old=null at 0
2019-07-13 19:33:09,341 INFO  segmented.SegmentedRaftLogWorker (SegmentedRaftLogWorker.java:startLogSegment(380)) - 00d91248-b81b-486b-9e32-e5c5f65edbd1-SegmentedRaftLogWorker:Storage Directory /tmp/workdir/hadoop-ozone/integration-test/target/test-dir/MiniOzoneClusterImpl-24814402-2c72-477e-ac32-78cae0af7a4c/datanode-1/data/ratis/b19cb88e-57b5-41a9-a6c1-064f8e595041: Starting segment from index:0
2019-07-13 19:33:09,368 INFO  segmented.SegmentedRaftLogWorker (SegmentedRaftLogWorker.java:execute(569)) - 5d1032ca-9147-4957-b503-39c877a962e7-SegmentedRaftLogWorker:Storage Directory /tmp/workdir/hadoop-ozone/integration-test/target/test-dir/MiniOzoneClusterImpl-24814402-2c72-477e-ac32-78cae0af7a4c/datanode-2/data/ratis/b19cb88e-57b5-41a9-a6c1-064f8e595041: created new log segment /tmp/workdir/hadoop-ozone/integration-test/target/test-dir/MiniOzoneClusterImpl-24814402-2c72-477e-ac32-78cae0af7a4c/datanode-2/data/ratis/b19cb88e-57b5-41a9-a6c1-064f8e595041/current/log_inprogress_0
2019-07-13 19:33:09,370 INFO  client.GrpcClientProtocolClient (GrpcClientProtocolClient.java:onNext(255)) - client-BC173C1F4BE9->00d91248-b81b-486b-9e32-e5c5f65edbd1: receive RaftClientReply:client-BC173C1F4BE9->00d91248-b81b-486b-9e32-e5c5f65edbd1@group-064F8E595041, cid=53, FAILED org.apache.ratis.protocol.NotLeaderException: Server 00d91248-b81b-486b-9e32-e5c5f65edbd1 is not the leader (5d1032ca-9147-4957-b503-39c877a962e7:192.168.69.122:36729). Request must be sent to leader., logIndex=0, commits[00d91248-b81b-486b-9e32-e5c5f65edbd1:c-1, 5d1032ca-9147-4957-b503-39c877a962e7:c-1, 60ce25f2-006c-4f2f-9804-0a3aa3878877:c-1]
2019-07-13 19:33:09,396 INFO  segmented.SegmentedRaftLogWorker (SegmentedRaftLogWorker.java:execute(569)) - 00d91248-b81b-486b-9e32-e5c5f65edbd1-SegmentedRaftLogWorker:Storage Directory /tmp/workdir/hadoop-ozone/integration-test/target/test-dir/MiniOzoneClusterImpl-24814402-2c72-477e-ac32-78cae0af7a4c/datanode-1/data/ratis/b19cb88e-57b5-41a9-a6c1-064f8e595041: created new log segment /tmp/workdir/hadoop-ozone/integration-test/target/test-dir/MiniOzoneClusterImpl-24814402-2c72-477e-ac32-78cae0af7a4c/datanode-1/data/ratis/b19cb88e-57b5-41a9-a6c1-064f8e595041/current/log_inprogress_0
2019-07-13 19:33:09,396 INFO  segmented.SegmentedRaftLogWorker (SegmentedRaftLogWorker.java:execute(569)) - 60ce25f2-006c-4f2f-9804-0a3aa3878877-SegmentedRaftLogWorker:Storage Directory /tmp/workdir/hadoop-ozone/integration-test/target/test-dir/MiniOzoneClusterImpl-24814402-2c72-477e-ac32-78cae0af7a4c/datanode-0/data/ratis/b19cb88e-57b5-41a9-a6c1-064f8e595041: created new log segment /tmp/workdir/hadoop-ozone/integration-test/target/test-dir/MiniOzoneClusterImpl-24814402-2c72-477e-ac32-78cae0af7a4c/datanode-0/data/ratis/b19cb88e-57b5-41a9-a6c1-064f8e595041/current/log_inprogress_0
2019-07-13 19:33:09,523 INFO  client.GrpcClientProtocolClient (GrpcClientProtocolClient.java:onNext(255)) - client-BC173C1F4BE9->5d1032ca-9147-4957-b503-39c877a962e7: receive RaftClientReply:client-BC173C1F4BE9->5d1032ca-9147-4957-b503-39c877a962e7@group-064F8E595041, cid=53, SUCCESS, logIndex=1, commits[5d1032ca-9147-4957-b503-39c877a962e7:c2, 60ce25f2-006c-4f2f-9804-0a3aa3878877:c1, 00d91248-b81b-486b-9e32-e5c5f65edbd1:c1]
2019-07-13 19:33:09,523 INFO  datanode.ObjectStoreHandler (ObjectStoreHandler.java:close(155)) - Closing ObjectStoreHandler.
2019-07-13 19:33:09,524 INFO  ozone.HddsDatanodeService (HddsDatanodeService.java:stop(452)) - Stopped plug-in org.apache.hadoop.ozone.web.OzoneHddsDatanodeService@1ce6a9bd
2019-07-13 19:33:09,545 INFO  statemachine.DatanodeStateMachine (DatanodeStateMachine.java:lambda$startDaemon$0(350)) - Ozone container server started.
2019-07-13 19:33:10,086 WARN  server.GrpcLogAppender (LogUtils.java:warn(134)) - 3b7fc3d4-38ac-4cbc-ac5c-0a5ecb5eaa58->26f66dd9-c91a-486d-a992-f58b07c1a85c: Failed appendEntries: org.apache.ratis.thirdparty.io.grpc.StatusRuntimeException: UNAVAILABLE: io exception
2019-07-13 19:33:10,086 WARN  server.GrpcLogAppender (LogUtils.java:warn(134)) - 3b7fc3d4-38ac-4cbc-ac5c-0a5ecb5eaa58->12ebe1e8-f3b8-43be-a24e-312d113c4afa: Failed appendEntries: org.apache.ratis.thirdparty.io.grpc.StatusRuntimeException: UNAVAILABLE: io exception
2019-07-13 19:33:10,129 INFO  impl.FollowerInfo (FollowerInfo.java:lambda$new$0(50)) - 3b7fc3d4-38ac-4cbc-ac5c-0a5ecb5eaa58->26f66dd9-c91a-486d-a992-f58b07c1a85c: nextIndex: updateUnconditionally 0 -> 0
2019-07-13 19:33:10,130 INFO  impl.FollowerInfo (FollowerInfo.java:lambda$new$0(50)) - 3b7fc3d4-38ac-4cbc-ac5c-0a5ecb5eaa58->12ebe1e8-f3b8-43be-a24e-312d113c4afa: nextIndex: updateUnconditionally 0 -> 0
2019-07-13 19:33:10,132 INFO  impl.FollowerState (FollowerState.java:run(106)) - 97c378ef-8cfe-4893-9dbc-0cded62f29d1:group-2059E5D5B7CE changes to CANDIDATE, lastRpcTime:5008, electionTimeout:5008ms
2019-07-13 19:33:10,132 INFO  impl.RoleInfo (RoleInfo.java:shutdownFollowerState(121)) - 97c378ef-8cfe-4893-9dbc-0cded62f29d1: shutdown FollowerState
2019-07-13 19:33:10,132 INFO  impl.RaftServerImpl (RaftServerImpl.java:setRole(171)) - 97c378ef-8cfe-4893-9dbc-0cded62f29d1:group-2059E5D5B7CE changes role from FOLLOWER to CANDIDATE at term 1 for changeToCandidate
2019-07-13 19:33:10,132 INFO  impl.RoleInfo (RoleInfo.java:updateAndGet(143)) - 97c378ef-8cfe-4893-9dbc-0cded62f29d1: start LeaderElection
2019-07-13 19:33:10,154 INFO  impl.LeaderElection (LeaderElection.java:askForVotes(181)) - 97c378ef-8cfe-4893-9dbc-0cded62f29d1:group-2059E5D5B7CE:LeaderElection42: begin an election at term 2 for -1: [97c378ef-8cfe-4893-9dbc-0cded62f29d1:192.168.69.122:33382, 4d3fdac6-fc5c-4cab-b209-1166c0df6150:192.168.69.122:39808, 0a142fd6-9f9c-4638-b820-7e5522c37f1a:192.168.69.122:42934], old=null
2019-07-13 19:33:10,157 INFO  impl.RaftServerImpl (RaftServerImpl.java:setRole(171)) - 0a142fd6-9f9c-4638-b820-7e5522c37f1a:group-2059E5D5B7CE changes role from FOLLOWER to FOLLOWER at term 2 for recognizeCandidate:97c378ef-8cfe-4893-9dbc-0cded62f29d1
2019-07-13 19:33:10,157 INFO  impl.RaftServerImpl (RaftServerImpl.java:setRole(171)) - 4d3fdac6-fc5c-4cab-b209-1166c0df6150:group-2059E5D5B7CE changes role from FOLLOWER to FOLLOWER at term 2 for recognizeCandidate:97c378ef-8cfe-4893-9dbc-0cded62f29d1
2019-07-13 19:33:10,158 INFO  impl.RoleInfo (RoleInfo.java:shutdownFollowerState(121)) - 0a142fd6-9f9c-4638-b820-7e5522c37f1a: shutdown FollowerState
2019-07-13 19:33:10,158 INFO  impl.RoleInfo (RoleInfo.java:shutdownFollowerState(121)) - 4d3fdac6-fc5c-4cab-b209-1166c0df6150: shutdown FollowerState
2019-07-13 19:33:10,158 INFO  impl.FollowerState (FollowerState.java:run(114)) - 0a142fd6-9f9c-4638-b820-7e5522c37f1a: FollowerState was interrupted: java.lang.InterruptedException: sleep interrupted
2019-07-13 19:33:10,158 INFO  impl.RoleInfo (RoleInfo.java:updateAndGet(143)) - 0a142fd6-9f9c-4638-b820-7e5522c37f1a: start FollowerState
2019-07-13 19:33:10,158 INFO  impl.FollowerState (FollowerState.java:run(114)) - 4d3fdac6-fc5c-4cab-b209-1166c0df6150: FollowerState was interrupted: java.lang.InterruptedException: sleep interrupted
2019-07-13 19:33:10,158 INFO  impl.RoleInfo (RoleInfo.java:updateAndGet(143)) - 4d3fdac6-fc5c-4cab-b209-1166c0df6150: start FollowerState
2019-07-13 19:33:10,183 INFO  impl.LeaderElection (LeaderElection.java:logAndReturn(56)) - 97c378ef-8cfe-4893-9dbc-0cded62f29d1:group-2059E5D5B7CE:LeaderElection42: Election PASSED; received 1 response(s) [97c378ef-8cfe-4893-9dbc-0cded62f29d1<-0a142fd6-9f9c-4638-b820-7e5522c37f1a#0:OK-t2] and 0 exception(s); 97c378ef-8cfe-4893-9dbc-0cded62f29d1:t2, leader=null, voted=97c378ef-8cfe-4893-9dbc-0cded62f29d1, raftlog=97c378ef-8cfe-4893-9dbc-0cded62f29d1-SegmentedRaftLog:OPENED:c-1,f-1,i0, conf=-1: [97c378ef-8cfe-4893-9dbc-0cded62f29d1:192.168.69.122:33382, 4d3fdac6-fc5c-4cab-b209-1166c0df6150:192.168.69.122:39808, 0a142fd6-9f9c-4638-b820-7e5522c37f1a:192.168.69.122:42934], old=null
2019-07-13 19:33:10,184 INFO  impl.RoleInfo (RoleInfo.java:shutdownLeaderElection(134)) - 97c378ef-8cfe-4893-9dbc-0cded62f29d1: shutdown LeaderElection
2019-07-13 19:33:10,184 INFO  impl.RaftServerImpl (RaftServerImpl.java:setRole(171)) - 97c378ef-8cfe-4893-9dbc-0cded62f29d1:group-2059E5D5B7CE changes role from CANDIDATE to LEADER at term 2 for changeToLeader
2019-07-13 19:33:10,184 INFO  impl.RaftServerImpl (ServerState.java:setLeader(263)) - 97c378ef-8cfe-4893-9dbc-0cded62f29d1:group-2059E5D5B7CE change Leader from null to 97c378ef-8cfe-4893-9dbc-0cded62f29d1 at term 2 for becomeLeader, leader elected after 10353ms
2019-07-13 19:33:10,184 INFO  server.RaftServerConfigKeys (ConfUtils.java:logGet(43)) - raft.server.staging.catchup.gap = 1000 (default)
2019-07-13 19:33:10,184 INFO  server.RaftServerConfigKeys (ConfUtils.java:logGet(43)) - raft.server.rpc.sleep.time = 25ms (default)
2019-07-13 19:33:10,184 INFO  server.RaftServerConfigKeys (ConfUtils.java:logGet(43)) - raft.server.write.element-limit = 4096 (default)
2019-07-13 19:33:10,185 INFO  server.RaftServerConfigKeys (ConfUtils.java:logGet(43)) - raft.server.watch.timeout = 10s (default)
2019-07-13 19:33:10,185 INFO  server.RaftServerConfigKeys (ConfUtils.java:logGet(43)) - raft.server.watch.timeout.denomination = 1s (default)
2019-07-13 19:33:10,185 INFO  server.RaftServerConfigKeys (ConfUtils.java:logGet(43)) - raft.server.watch.element-limit = 65536 (default)
2019-07-13 19:33:10,185 INFO  server.RaftServerConfigKeys (ConfUtils.java:logGet(43)) - raft.server.log.appender.snapshot.chunk.size.max = 16MB (=16777216) (default)
2019-07-13 19:33:10,185 INFO  server.RaftServerConfigKeys (ConfUtils.java:logGet(43)) - raft.server.log.appender.buffer.byte-limit = 33554432 (custom)
2019-07-13 19:33:10,186 INFO  server.RaftServerConfigKeys (ConfUtils.java:logGet(43)) - raft.server.log.appender.buffer.element-limit = 1 (custom)
2019-07-13 19:33:10,186 INFO  grpc.GrpcConfigKeys$Server (ConfUtils.java:logGet(43)) - raft.grpc.server.leader.outstanding.appends.max = 128 (default)
2019-07-13 19:33:10,186 INFO  server.RaftServerConfigKeys (ConfUtils.java:logGet(43)) - raft.server.rpc.request.timeout = 3000ms (default)
2019-07-13 19:33:10,186 INFO  server.RaftServerConfigKeys (ConfUtils.java:logGet(43)) - raft.server.log.appender.install.snapshot.enabled = false (custom)
2019-07-13 19:33:10,187 INFO  server.RaftServerConfigKeys (ConfUtils.java:logGet(43)) - raft.server.log.appender.snapshot.chunk.size.max = 16MB (=16777216) (default)
2019-07-13 19:33:10,187 INFO  server.RaftServerConfigKeys (ConfUtils.java:logGet(43)) - raft.server.log.appender.buffer.byte-limit = 33554432 (custom)
2019-07-13 19:33:10,187 INFO  server.RaftServerConfigKeys (ConfUtils.java:logGet(43)) - raft.server.log.appender.buffer.element-limit = 1 (custom)
2019-07-13 19:33:10,187 INFO  grpc.GrpcConfigKeys$Server (ConfUtils.java:logGet(43)) - raft.grpc.server.leader.outstanding.appends.max = 128 (default)
2019-07-13 19:33:10,187 INFO  server.RaftServerConfigKeys (ConfUtils.java:logGet(43)) - raft.server.rpc.request.timeout = 3000ms (default)
2019-07-13 19:33:10,188 INFO  server.RaftServerConfigKeys (ConfUtils.java:logGet(43)) - raft.server.log.appender.install.snapshot.enabled = false (custom)
2019-07-13 19:33:10,188 INFO  impl.RoleInfo (RoleInfo.java:updateAndGet(143)) - 97c378ef-8cfe-4893-9dbc-0cded62f29d1: start LeaderState
2019-07-13 19:33:10,188 INFO  segmented.SegmentedRaftLogWorker (SegmentedRaftLogWorker.java:startLogSegment(380)) - 97c378ef-8cfe-4893-9dbc-0cded62f29d1-SegmentedRaftLogWorker:Storage Directory /tmp/workdir/hadoop-ozone/integration-test/target/test-dir/MiniOzoneClusterImpl-24814402-2c72-477e-ac32-78cae0af7a4c/datanode-4/data/ratis/9b865844-4e11-490b-ad47-2059e5d5b7ce: Starting segment from index:0
2019-07-13 19:33:10,190 INFO  impl.RaftServerImpl (ServerState.java:setRaftConf(361)) - 97c378ef-8cfe-4893-9dbc-0cded62f29d1:group-2059E5D5B7CE set configuration 0: [97c378ef-8cfe-4893-9dbc-0cded62f29d1:192.168.69.122:33382, 4d3fdac6-fc5c-4cab-b209-1166c0df6150:192.168.69.122:39808, 0a142fd6-9f9c-4638-b820-7e5522c37f1a:192.168.69.122:42934], old=null at 0
2019-07-13 19:33:10,192 INFO  impl.RaftServerImpl (ServerState.java:setLeader(263)) - 4d3fdac6-fc5c-4cab-b209-1166c0df6150:group-2059E5D5B7CE change Leader from null to 97c378ef-8cfe-4893-9dbc-0cded62f29d1 at term 2 for appendEntries, leader elected after 10361ms
2019-07-13 19:33:10,192 INFO  impl.RaftServerImpl (ServerState.java:setLeader(263)) - 0a142fd6-9f9c-4638-b820-7e5522c37f1a:group-2059E5D5B7CE change Leader from null to 97c378ef-8cfe-4893-9dbc-0cded62f29d1 at term 2 for appendEntries, leader elected after 10361ms
2019-07-13 19:33:10,197 INFO  impl.RaftServerImpl (ServerState.java:setRaftConf(361)) - 4d3fdac6-fc5c-4cab-b209-1166c0df6150:group-2059E5D5B7CE set configuration 0: [97c378ef-8cfe-4893-9dbc-0cded62f29d1:192.168.69.122:33382, 4d3fdac6-fc5c-4cab-b209-1166c0df6150:192.168.69.122:39808, 0a142fd6-9f9c-4638-b820-7e5522c37f1a:192.168.69.122:42934], old=null at 0
2019-07-13 19:33:10,197 INFO  segmented.SegmentedRaftLogWorker (SegmentedRaftLogWorker.java:startLogSegment(380)) - 4d3fdac6-fc5c-4cab-b209-1166c0df6150-SegmentedRaftLogWorker:Storage Directory /tmp/workdir/hadoop-ozone/integration-test/target/test-dir/MiniOzoneClusterImpl-24814402-2c72-477e-ac32-78cae0af7a4c/datanode-3/data/ratis/9b865844-4e11-490b-ad47-2059e5d5b7ce: Starting segment from index:0
2019-07-13 19:33:10,198 INFO  impl.RaftServerImpl (ServerState.java:setRaftConf(361)) - 0a142fd6-9f9c-4638-b820-7e5522c37f1a:group-2059E5D5B7CE set configuration 0: [97c378ef-8cfe-4893-9dbc-0cded62f29d1:192.168.69.122:33382, 4d3fdac6-fc5c-4cab-b209-1166c0df6150:192.168.69.122:39808, 0a142fd6-9f9c-4638-b820-7e5522c37f1a:192.168.69.122:42934], old=null at 0
2019-07-13 19:33:10,199 INFO  segmented.SegmentedRaftLogWorker (SegmentedRaftLogWorker.java:startLogSegment(380)) - 0a142fd6-9f9c-4638-b820-7e5522c37f1a-SegmentedRaftLogWorker:Storage Directory /tmp/workdir/hadoop-ozone/integration-test/target/test-dir/MiniOzoneClusterImpl-24814402-2c72-477e-ac32-78cae0af7a4c/datanode-5/data/ratis/9b865844-4e11-490b-ad47-2059e5d5b7ce: Starting segment from index:0
2019-07-13 19:33:10,219 INFO  segmented.SegmentedRaftLogWorker (SegmentedRaftLogWorker.java:execute(569)) - 97c378ef-8cfe-4893-9dbc-0cded62f29d1-SegmentedRaftLogWorker:Storage Directory /tmp/workdir/hadoop-ozone/integration-test/target/test-dir/MiniOzoneClusterImpl-24814402-2c72-477e-ac32-78cae0af7a4c/datanode-4/data/ratis/9b865844-4e11-490b-ad47-2059e5d5b7ce: created new log segment /tmp/workdir/hadoop-ozone/integration-test/target/test-dir/MiniOzoneClusterImpl-24814402-2c72-477e-ac32-78cae0af7a4c/datanode-4/data/ratis/9b865844-4e11-490b-ad47-2059e5d5b7ce/current/log_inprogress_0
2019-07-13 19:33:10,219 INFO  segmented.SegmentedRaftLogWorker (SegmentedRaftLogWorker.java:execute(569)) - 0a142fd6-9f9c-4638-b820-7e5522c37f1a-SegmentedRaftLogWorker:Storage Directory /tmp/workdir/hadoop-ozone/integration-test/target/test-dir/MiniOzoneClusterImpl-24814402-2c72-477e-ac32-78cae0af7a4c/datanode-5/data/ratis/9b865844-4e11-490b-ad47-2059e5d5b7ce: created new log segment /tmp/workdir/hadoop-ozone/integration-test/target/test-dir/MiniOzoneClusterImpl-24814402-2c72-477e-ac32-78cae0af7a4c/datanode-5/data/ratis/9b865844-4e11-490b-ad47-2059e5d5b7ce/current/log_inprogress_0
2019-07-13 19:33:10,222 INFO  segmented.SegmentedRaftLogWorker (SegmentedRaftLogWorker.java:execute(569)) - 4d3fdac6-fc5c-4cab-b209-1166c0df6150-SegmentedRaftLogWorker:Storage Directory /tmp/workdir/hadoop-ozone/integration-test/target/test-dir/MiniOzoneClusterImpl-24814402-2c72-477e-ac32-78cae0af7a4c/datanode-3/data/ratis/9b865844-4e11-490b-ad47-2059e5d5b7ce: created new log segment /tmp/workdir/hadoop-ozone/integration-test/target/test-dir/MiniOzoneClusterImpl-24814402-2c72-477e-ac32-78cae0af7a4c/datanode-3/data/ratis/9b865844-4e11-490b-ad47-2059e5d5b7ce/current/log_inprogress_0
2019-07-13 19:33:12,588 WARN  server.GrpcLogAppender (LogUtils.java:warn(134)) - 3b7fc3d4-38ac-4cbc-ac5c-0a5ecb5eaa58->26f66dd9-c91a-486d-a992-f58b07c1a85c: Failed appendEntries: org.apache.ratis.thirdparty.io.grpc.StatusRuntimeException: UNAVAILABLE: io exception
2019-07-13 19:33:12,588 WARN  server.GrpcLogAppender (LogUtils.java:warn(134)) - 3b7fc3d4-38ac-4cbc-ac5c-0a5ecb5eaa58->12ebe1e8-f3b8-43be-a24e-312d113c4afa: Failed appendEntries: org.apache.ratis.thirdparty.io.grpc.StatusRuntimeException: UNAVAILABLE: io exception
2019-07-13 19:33:12,588 INFO  impl.FollowerInfo (FollowerInfo.java:lambda$new$0(50)) - 3b7fc3d4-38ac-4cbc-ac5c-0a5ecb5eaa58->26f66dd9-c91a-486d-a992-f58b07c1a85c: nextIndex: updateUnconditionally 0 -> 0
2019-07-13 19:33:12,589 INFO  impl.FollowerInfo (FollowerInfo.java:lambda$new$0(50)) - 3b7fc3d4-38ac-4cbc-ac5c-0a5ecb5eaa58->12ebe1e8-f3b8-43be-a24e-312d113c4afa: nextIndex: updateUnconditionally 0 -> 0
2019-07-13 19:33:14,525 INFO  ozoneimpl.OzoneContainer (OzoneContainer.java:stop(199)) - Attempting to stop container services.
2019-07-13 19:33:14,526 INFO  impl.RaftServerProxy (RaftServerProxy.java:lambda$close$4(314)) - 60ce25f2-006c-4f2f-9804-0a3aa3878877: close
2019-07-13 19:33:14,527 INFO  impl.RaftServerImpl (RaftServerImpl.java:lambda$shutdown$3(245)) - 60ce25f2-006c-4f2f-9804-0a3aa3878877: shutdown group-E26A0915B38B
2019-07-13 19:33:14,527 INFO  impl.RaftServerImpl (RaftServerImpl.java:lambda$shutdown$3(245)) - 60ce25f2-006c-4f2f-9804-0a3aa3878877: shutdown group-064F8E595041
2019-07-13 19:33:14,527 INFO  util.JmxRegister (JmxRegister.java:unregister(73)) - Successfully un-registered JMX Bean with object name Ratis:service=RaftServer,group=group-E26A0915B38B,id=60ce25f2-006c-4f2f-9804-0a3aa3878877
2019-07-13 19:33:14,528 INFO  util.JmxRegister (JmxRegister.java:unregister(73)) - Successfully un-registered JMX Bean with object name Ratis:service=RaftServer,group=group-064F8E595041,id=60ce25f2-006c-4f2f-9804-0a3aa3878877
2019-07-13 19:33:14,528 INFO  impl.RoleInfo (RoleInfo.java:shutdownLeaderState(104)) - 60ce25f2-006c-4f2f-9804-0a3aa3878877: shutdown LeaderState
2019-07-13 19:33:14,528 INFO  impl.RoleInfo (RoleInfo.java:shutdownFollowerState(121)) - 60ce25f2-006c-4f2f-9804-0a3aa3878877: shutdown FollowerState
2019-07-13 19:33:14,528 INFO  impl.PendingRequests (PendingRequests.java:sendNotLeaderResponses(202)) - 60ce25f2-006c-4f2f-9804-0a3aa3878877-PendingRequests: sendNotLeaderResponses
2019-07-13 19:33:14,529 INFO  impl.FollowerState (FollowerState.java:run(114)) - 60ce25f2-006c-4f2f-9804-0a3aa3878877: FollowerState was interrupted: java.lang.InterruptedException: sleep interrupted
2019-07-13 19:33:14,529 INFO  ratis.ContainerStateMachine (ContainerStateMachine.java:takeSnapshot(246)) - Taking snapshot at termIndex:(t:2, i:1)
2019-07-13 19:33:14,529 INFO  impl.StateMachineUpdater (StateMachineUpdater.java:stopAndJoin(115)) - StateMachineUpdater:60ce25f2-006c-4f2f-9804-0a3aa3878877:group-064F8E595041: set stopIndex = 2
2019-07-13 19:33:14,539 INFO  ratis.ContainerStateMachine (ContainerStateMachine.java:takeSnapshot(250)) - Taking a snapshot to file /tmp/workdir/hadoop-ozone/integration-test/target/test-dir/MiniOzoneClusterImpl-24814402-2c72-477e-ac32-78cae0af7a4c/datanode-0/data/ratis/b19cb88e-57b5-41a9-a6c1-064f8e595041/sm/snapshot.2_1
2019-07-13 19:33:14,529 INFO  impl.StateMachineUpdater (StateMachineUpdater.java:stopAndJoin(115)) - StateMachineUpdater:60ce25f2-006c-4f2f-9804-0a3aa3878877:group-E26A0915B38B: set stopIndex = 0
2019-07-13 19:33:14,529 INFO  ratis.ContainerStateMachine (ContainerStateMachine.java:takeSnapshot(246)) - Taking snapshot at termIndex:(t:0, i:~)
2019-07-13 19:33:14,539 INFO  impl.StateMachineUpdater (StateMachineUpdater.java:takeSnapshot(242)) - StateMachineUpdater:60ce25f2-006c-4f2f-9804-0a3aa3878877:group-064F8E595041: Took a snapshot at index 1
2019-07-13 19:33:14,540 INFO  impl.RaftServerImpl (ServerState.java:close(394)) - 60ce25f2-006c-4f2f-9804-0a3aa3878877:group-E26A0915B38B closes. The last applied log index is 0
2019-07-13 19:33:14,540 INFO  impl.StateMachineUpdater (StateMachineUpdater.java:lambda$new$0(80)) - StateMachineUpdater:60ce25f2-006c-4f2f-9804-0a3aa3878877:group-064F8E595041: snapshotIndex: updateIncreasingly -1 -> 1
2019-07-13 19:33:14,540 INFO  segmented.SegmentedRaftLogWorker (SegmentedRaftLogWorker.java:run(313)) - 60ce25f2-006c-4f2f-9804-0a3aa3878877-SegmentedRaftLogWorker:Storage Directory /tmp/workdir/hadoop-ozone/integration-test/target/test-dir/MiniOzoneClusterImpl-24814402-2c72-477e-ac32-78cae0af7a4c/datanode-0/data/ratis/741f6ae0-b67a-4795-bb83-e26a0915b38b was interrupted, exiting. There are 0 tasks remaining in the queue.
2019-07-13 19:33:14,541 INFO  impl.RaftServerImpl (ServerState.java:close(394)) - 60ce25f2-006c-4f2f-9804-0a3aa3878877:group-064F8E595041 closes. The last applied log index is 2
2019-07-13 19:33:14,547 INFO  segmented.SegmentedRaftLogWorker (SegmentedRaftLogWorker.java:close(228)) - 60ce25f2-006c-4f2f-9804-0a3aa3878877-SegmentedRaftLogWorker:Storage Directory /tmp/workdir/hadoop-ozone/integration-test/target/test-dir/MiniOzoneClusterImpl-24814402-2c72-477e-ac32-78cae0af7a4c/datanode-0/data/ratis/741f6ae0-b67a-4795-bb83-e26a0915b38b close()
2019-07-13 19:33:14,547 INFO  segmented.SegmentedRaftLogWorker (SegmentedRaftLogWorker.java:run(313)) - 60ce25f2-006c-4f2f-9804-0a3aa3878877-SegmentedRaftLogWorker:Storage Directory /tmp/workdir/hadoop-ozone/integration-test/target/test-dir/MiniOzoneClusterImpl-24814402-2c72-477e-ac32-78cae0af7a4c/datanode-0/data/ratis/b19cb88e-57b5-41a9-a6c1-064f8e595041 was interrupted, exiting. There are 0 tasks remaining in the queue.
2019-07-13 19:33:14,564 INFO  segmented.SegmentedRaftLogWorker (SegmentedRaftLogWorker.java:close(228)) - 60ce25f2-006c-4f2f-9804-0a3aa3878877-SegmentedRaftLogWorker:Storage Directory /tmp/workdir/hadoop-ozone/integration-test/target/test-dir/MiniOzoneClusterImpl-24814402-2c72-477e-ac32-78cae0af7a4c/datanode-0/data/ratis/b19cb88e-57b5-41a9-a6c1-064f8e595041 close()
2019-07-13 19:33:14,575 INFO  server.GrpcService (GrpcService.java:closeImpl(155)) - 60ce25f2-006c-4f2f-9804-0a3aa3878877: shutdown server with port 46818 now
2019-07-13 19:33:14,577 WARN  server.GrpcServerProtocolService (LogUtils.java:warn(134)) - 60ce25f2-006c-4f2f-9804-0a3aa3878877: appendEntries onError: org.apache.ratis.thirdparty.io.grpc.StatusRuntimeException: CANCELLED: cancelled before receiving half close
2019-07-13 19:33:14,582 WARN  server.GrpcLogAppender (LogUtils.java:warn(134)) - 5d1032ca-9147-4957-b503-39c877a962e7->60ce25f2-006c-4f2f-9804-0a3aa3878877: Failed appendEntries: org.apache.ratis.thirdparty.io.grpc.StatusRuntimeException: CANCELLED: HTTP/2 error code: CANCEL
Received Rst Stream
2019-07-13 19:33:14,582 INFO  server.GrpcService (GrpcService.java:closeImpl(163)) - 60ce25f2-006c-4f2f-9804-0a3aa3878877: shutdown server with port 46818 successfully
2019-07-13 19:33:14,583 INFO  impl.FollowerInfo (FollowerInfo.java:lambda$new$0(50)) - 5d1032ca-9147-4957-b503-39c877a962e7->60ce25f2-006c-4f2f-9804-0a3aa3878877: nextIndex: updateUnconditionally 3 -> 2
2019-07-13 19:33:14,593 INFO  utils.BackgroundService (BackgroundService.java:shutdown(148)) - Shutting down service BlockDeletingService
2019-07-13 19:33:14,602 WARN  fs.CachingGetSpaceUsed (CachingGetSpaceUsed.java:run(183)) - Thread Interrupted waiting to refresh disk information: sleep interrupted
2019-07-13 19:33:14,635 INFO  statemachine.DatanodeStateMachine (DatanodeStateMachine.java:stopDaemon(395)) - Ozone container server stopped.
2019-07-13 19:33:14,636 INFO  handler.ContextHandler (ContextHandler.java:doStop(910)) - Stopped o.e.j.w.WebAppContext@2d7aa291{/,null,UNAVAILABLE}{/hddsDatanode}
2019-07-13 19:33:14,643 INFO  server.AbstractConnector (AbstractConnector.java:doStop(318)) - Stopped ServerConnector@1ba7db2a{HTTP/1.1,[http/1.1]}{0.0.0.0:0}
2019-07-13 19:33:14,644 INFO  handler.ContextHandler (ContextHandler.java:doStop(910)) - Stopped o.e.j.s.ServletContextHandler@432f4626{/static,jar:file:/home/user/.m2/repository/org/apache/hadoop/hadoop-hdds-container-service/0.5.0-SNAPSHOT/hadoop-hdds-container-service-0.5.0-SNAPSHOT.jar!/webapps/static,UNAVAILABLE}
2019-07-13 19:33:14,644 INFO  handler.ContextHandler (ContextHandler.java:doStop(910)) - Stopped o.e.j.s.ServletContextHandler@2ac9e53c{/logs,file:///tmp/workdir/hadoop-ozone/integration-test/target/log,UNAVAILABLE}
2019-07-13 19:33:14,645 INFO  datanode.ObjectStoreHandler (ObjectStoreHandler.java:close(155)) - Closing ObjectStoreHandler.
2019-07-13 19:33:14,646 INFO  ozone.HddsDatanodeService (HddsDatanodeService.java:stop(452)) - Stopped plug-in org.apache.hadoop.ozone.web.OzoneHddsDatanodeService@719bb60d
2019-07-13 19:33:15,135 WARN  server.GrpcLogAppender (LogUtils.java:warn(134)) - 3b7fc3d4-38ac-4cbc-ac5c-0a5ecb5eaa58->12ebe1e8-f3b8-43be-a24e-312d113c4afa: Failed appendEntries: org.apache.ratis.thirdparty.io.grpc.StatusRuntimeException: UNAVAILABLE: io exception
2019-07-13 19:33:15,158 WARN  server.GrpcLogAppender (LogUtils.java:warn(134)) - 3b7fc3d4-38ac-4cbc-ac5c-0a5ecb5eaa58->26f66dd9-c91a-486d-a992-f58b07c1a85c: Failed appendEntries: org.apache.ratis.thirdparty.io.grpc.StatusRuntimeException: UNAVAILABLE: io exception
2019-07-13 19:33:15,158 INFO  impl.FollowerInfo (FollowerInfo.java:lambda$new$0(50)) - 3b7fc3d4-38ac-4cbc-ac5c-0a5ecb5eaa58->12ebe1e8-f3b8-43be-a24e-312d113c4afa: nextIndex: updateUnconditionally 0 -> 0
2019-07-13 19:33:15,165 INFO  impl.FollowerInfo (FollowerInfo.java:lambda$new$0(50)) - 3b7fc3d4-38ac-4cbc-ac5c-0a5ecb5eaa58->26f66dd9-c91a-486d-a992-f58b07c1a85c: nextIndex: updateUnconditionally 0 -> 0
2019-07-13 19:33:15,546 INFO  statemachine.DatanodeStateMachine (DatanodeStateMachine.java:lambda$startDaemon$0(350)) - Ozone container server started.
2019-07-13 19:33:16,932 WARN  server.GrpcLogAppender (LogUtils.java:warn(134)) - 5d1032ca-9147-4957-b503-39c877a962e7->60ce25f2-006c-4f2f-9804-0a3aa3878877: Failed appendEntries: org.apache.ratis.thirdparty.io.grpc.StatusRuntimeException: UNAVAILABLE: io exception
2019-07-13 19:33:16,932 INFO  impl.FollowerInfo (FollowerInfo.java:lambda$new$0(50)) - 5d1032ca-9147-4957-b503-39c877a962e7->60ce25f2-006c-4f2f-9804-0a3aa3878877: nextIndex: updateUnconditionally 2 -> 1
2019-07-13 19:33:17,594 WARN  server.GrpcLogAppender (LogUtils.java:warn(134)) - 3b7fc3d4-38ac-4cbc-ac5c-0a5ecb5eaa58->26f66dd9-c91a-486d-a992-f58b07c1a85c: Failed appendEntries: org.apache.ratis.thirdparty.io.grpc.StatusRuntimeException: UNAVAILABLE: io exception
2019-07-13 19:33:17,594 WARN  server.GrpcLogAppender (LogUtils.java:warn(134)) - 3b7fc3d4-38ac-4cbc-ac5c-0a5ecb5eaa58->12ebe1e8-f3b8-43be-a24e-312d113c4afa: Failed appendEntries: org.apache.ratis.thirdparty.io.grpc.StatusRuntimeException: UNAVAILABLE: io exception
2019-07-13 19:33:17,594 INFO  impl.FollowerInfo (FollowerInfo.java:lambda$new$0(50)) - 3b7fc3d4-38ac-4cbc-ac5c-0a5ecb5eaa58->26f66dd9-c91a-486d-a992-f58b07c1a85c: nextIndex: updateUnconditionally 0 -> 0
2019-07-13 19:33:17,595 INFO  impl.FollowerInfo (FollowerInfo.java:lambda$new$0(50)) - 3b7fc3d4-38ac-4cbc-ac5c-0a5ecb5eaa58->12ebe1e8-f3b8-43be-a24e-312d113c4afa: nextIndex: updateUnconditionally 0 -> 0
2019-07-13 19:33:19,433 WARN  server.GrpcLogAppender (LogUtils.java:warn(134)) - 5d1032ca-9147-4957-b503-39c877a962e7->60ce25f2-006c-4f2f-9804-0a3aa3878877: Failed appendEntries: org.apache.ratis.thirdparty.io.grpc.StatusRuntimeException: UNAVAILABLE: io exception
2019-07-13 19:33:19,434 INFO  impl.FollowerInfo (FollowerInfo.java:lambda$new$0(50)) - 5d1032ca-9147-4957-b503-39c877a962e7->60ce25f2-006c-4f2f-9804-0a3aa3878877: nextIndex: updateUnconditionally 1 -> 0
2019-07-13 19:33:19,647 INFO  ozoneimpl.OzoneContainer (OzoneContainer.java:stop(199)) - Attempting to stop container services.
2019-07-13 19:33:19,647 INFO  impl.RaftServerProxy (RaftServerProxy.java:lambda$close$4(314)) - 00d91248-b81b-486b-9e32-e5c5f65edbd1: close
2019-07-13 19:33:19,648 INFO  impl.RaftServerImpl (RaftServerImpl.java:lambda$shutdown$3(245)) - 00d91248-b81b-486b-9e32-e5c5f65edbd1: shutdown group-4893E8E244BA
2019-07-13 19:33:19,648 INFO  impl.RaftServerImpl (RaftServerImpl.java:lambda$shutdown$3(245)) - 00d91248-b81b-486b-9e32-e5c5f65edbd1: shutdown group-064F8E595041
2019-07-13 19:33:19,648 INFO  util.JmxRegister (JmxRegister.java:unregister(73)) - Successfully un-registered JMX Bean with object name Ratis:service=RaftServer,group=group-4893E8E244BA,id=00d91248-b81b-486b-9e32-e5c5f65edbd1
2019-07-13 19:33:19,649 INFO  util.JmxRegister (JmxRegister.java:unregister(73)) - Successfully un-registered JMX Bean with object name Ratis:service=RaftServer,group=group-064F8E595041,id=00d91248-b81b-486b-9e32-e5c5f65edbd1
2019-07-13 19:33:19,649 INFO  impl.RoleInfo (RoleInfo.java:shutdownLeaderState(104)) - 00d91248-b81b-486b-9e32-e5c5f65edbd1: shutdown LeaderState
2019-07-13 19:33:19,649 INFO  impl.RoleInfo (RoleInfo.java:shutdownFollowerState(121)) - 00d91248-b81b-486b-9e32-e5c5f65edbd1: shutdown FollowerState
2019-07-13 19:33:19,650 INFO  impl.PendingRequests (PendingRequests.java:sendNotLeaderResponses(202)) - 00d91248-b81b-486b-9e32-e5c5f65edbd1-PendingRequests: sendNotLeaderResponses
2019-07-13 19:33:19,650 INFO  ratis.ContainerStateMachine (ContainerStateMachine.java:takeSnapshot(246)) - Taking snapshot at termIndex:(t:2, i:1)
2019-07-13 19:33:19,651 INFO  impl.StateMachineUpdater (StateMachineUpdater.java:stopAndJoin(115)) - StateMachineUpdater:00d91248-b81b-486b-9e32-e5c5f65edbd1:group-4893E8E244BA: set stopIndex = 0
2019-07-13 19:33:19,650 INFO  impl.FollowerState (FollowerState.java:run(114)) - 00d91248-b81b-486b-9e32-e5c5f65edbd1: FollowerState was interrupted: java.lang.InterruptedException: sleep interrupted
2019-07-13 19:33:19,650 INFO  impl.StateMachineUpdater (StateMachineUpdater.java:stopAndJoin(115)) - StateMachineUpdater:00d91248-b81b-486b-9e32-e5c5f65edbd1:group-064F8E595041: set stopIndex = 2
2019-07-13 19:33:19,651 INFO  ratis.ContainerStateMachine (ContainerStateMachine.java:takeSnapshot(246)) - Taking snapshot at termIndex:(t:0, i:~)
2019-07-13 19:33:19,651 INFO  ratis.ContainerStateMachine (ContainerStateMachine.java:takeSnapshot(250)) - Taking a snapshot to file /tmp/workdir/hadoop-ozone/integration-test/target/test-dir/MiniOzoneClusterImpl-24814402-2c72-477e-ac32-78cae0af7a4c/datanode-1/data/ratis/b19cb88e-57b5-41a9-a6c1-064f8e595041/sm/snapshot.2_1
2019-07-13 19:33:19,660 INFO  impl.RaftServerImpl (ServerState.java:close(394)) - 00d91248-b81b-486b-9e32-e5c5f65edbd1:group-4893E8E244BA closes. The last applied log index is 0
2019-07-13 19:33:19,661 INFO  impl.StateMachineUpdater (StateMachineUpdater.java:takeSnapshot(242)) - StateMachineUpdater:00d91248-b81b-486b-9e32-e5c5f65edbd1:group-064F8E595041: Took a snapshot at index 1
2019-07-13 19:33:19,661 INFO  segmented.SegmentedRaftLogWorker (SegmentedRaftLogWorker.java:run(313)) - 00d91248-b81b-486b-9e32-e5c5f65edbd1-SegmentedRaftLogWorker:Storage Directory /tmp/workdir/hadoop-ozone/integration-test/target/test-dir/MiniOzoneClusterImpl-24814402-2c72-477e-ac32-78cae0af7a4c/datanode-1/data/ratis/218e33da-90c3-452f-8397-4893e8e244ba was interrupted, exiting. There are 0 tasks remaining in the queue.
2019-07-13 19:33:19,661 INFO  impl.StateMachineUpdater (StateMachineUpdater.java:lambda$new$0(80)) - StateMachineUpdater:00d91248-b81b-486b-9e32-e5c5f65edbd1:group-064F8E595041: snapshotIndex: updateIncreasingly -1 -> 1
2019-07-13 19:33:19,666 INFO  segmented.SegmentedRaftLogWorker (SegmentedRaftLogWorker.java:close(228)) - 00d91248-b81b-486b-9e32-e5c5f65edbd1-SegmentedRaftLogWorker:Storage Directory /tmp/workdir/hadoop-ozone/integration-test/target/test-dir/MiniOzoneClusterImpl-24814402-2c72-477e-ac32-78cae0af7a4c/datanode-1/data/ratis/218e33da-90c3-452f-8397-4893e8e244ba close()
2019-07-13 19:33:19,667 INFO  impl.RaftServerImpl (ServerState.java:close(394)) - 00d91248-b81b-486b-9e32-e5c5f65edbd1:group-064F8E595041 closes. The last applied log index is 2
2019-07-13 19:33:19,682 INFO  segmented.SegmentedRaftLogWorker (SegmentedRaftLogWorker.java:run(313)) - 00d91248-b81b-486b-9e32-e5c5f65edbd1-SegmentedRaftLogWorker:Storage Directory /tmp/workdir/hadoop-ozone/integration-test/target/test-dir/MiniOzoneClusterImpl-24814402-2c72-477e-ac32-78cae0af7a4c/datanode-1/data/ratis/b19cb88e-57b5-41a9-a6c1-064f8e595041 was interrupted, exiting. There are 0 tasks remaining in the queue.
2019-07-13 19:33:19,687 INFO  segmented.SegmentedRaftLogWorker (SegmentedRaftLogWorker.java:close(228)) - 00d91248-b81b-486b-9e32-e5c5f65edbd1-SegmentedRaftLogWorker:Storage Directory /tmp/workdir/hadoop-ozone/integration-test/target/test-dir/MiniOzoneClusterImpl-24814402-2c72-477e-ac32-78cae0af7a4c/datanode-1/data/ratis/b19cb88e-57b5-41a9-a6c1-064f8e595041 close()
2019-07-13 19:33:19,697 INFO  server.GrpcService (GrpcService.java:closeImpl(155)) - 00d91248-b81b-486b-9e32-e5c5f65edbd1: shutdown server with port 40611 now
2019-07-13 19:33:19,698 WARN  server.GrpcServerProtocolService (LogUtils.java:warn(134)) - 00d91248-b81b-486b-9e32-e5c5f65edbd1: appendEntries onError: org.apache.ratis.thirdparty.io.grpc.StatusRuntimeException: CANCELLED: cancelled before receiving half close
2019-07-13 19:33:19,699 INFO  server.GrpcService (GrpcService.java:closeImpl(163)) - 00d91248-b81b-486b-9e32-e5c5f65edbd1: shutdown server with port 40611 successfully
2019-07-13 19:33:19,699 WARN  server.GrpcLogAppender (LogUtils.java:warn(134)) - 5d1032ca-9147-4957-b503-39c877a962e7->00d91248-b81b-486b-9e32-e5c5f65edbd1: Failed appendEntries: org.apache.ratis.thirdparty.io.grpc.StatusRuntimeException: CANCELLED: HTTP/2 error code: CANCEL
Received Rst Stream
2019-07-13 19:33:19,699 INFO  impl.FollowerInfo (FollowerInfo.java:lambda$new$0(50)) - 5d1032ca-9147-4957-b503-39c877a962e7->00d91248-b81b-486b-9e32-e5c5f65edbd1: nextIndex: updateUnconditionally 3 -> 2
2019-07-13 19:33:19,702 INFO  utils.BackgroundService (BackgroundService.java:shutdown(148)) - Shutting down service BlockDeletingService
2019-07-13 19:33:19,707 WARN  fs.CachingGetSpaceUsed (CachingGetSpaceUsed.java:run(183)) - Thread Interrupted waiting to refresh disk information: sleep interrupted
2019-07-13 19:33:19,735 INFO  statemachine.DatanodeStateMachine (DatanodeStateMachine.java:stopDaemon(395)) - Ozone container server stopped.
2019-07-13 19:33:19,736 INFO  handler.ContextHandler (ContextHandler.java:doStop(910)) - Stopped o.e.j.w.WebAppContext@1aaaabd1{/,null,UNAVAILABLE}{/hddsDatanode}
2019-07-13 19:33:19,737 INFO  server.AbstractConnector (AbstractConnector.java:doStop(318)) - Stopped ServerConnector@7cbe3a05{HTTP/1.1,[http/1.1]}{0.0.0.0:0}
2019-07-13 19:33:19,737 INFO  handler.ContextHandler (ContextHandler.java:doStop(910)) - Stopped o.e.j.s.ServletContextHandler@5621a671{/static,jar:file:/home/user/.m2/repository/org/apache/hadoop/hadoop-hdds-container-service/0.5.0-SNAPSHOT/hadoop-hdds-container-service-0.5.0-SNAPSHOT.jar!/webapps/static,UNAVAILABLE}
2019-07-13 19:33:19,737 INFO  handler.ContextHandler (ContextHandler.java:doStop(910)) - Stopped o.e.j.s.ServletContextHandler@5abb7a8f{/logs,file:///tmp/workdir/hadoop-ozone/integration-test/target/log,UNAVAILABLE}
2019-07-13 19:33:19,748 INFO  client.GrpcClientProtocolClient (GrpcClientProtocolClient.java:onNext(255)) - client-BC173C1F4BE9->5d1032ca-9147-4957-b503-39c877a962e7: receive RaftClientReply:client-BC173C1F4BE9->5d1032ca-9147-4957-b503-39c877a962e7@group-064F8E595041, cid=54, SUCCESS, logIndex=0, commits[5d1032ca-9147-4957-b503-39c877a962e7:c2, 60ce25f2-006c-4f2f-9804-0a3aa3878877:c2, 00d91248-b81b-486b-9e32-e5c5f65edbd1:c2]
]]></system-out>
    <system-err><![CDATA[Jul 13, 2019 7:32:54 PM com.sun.jersey.server.impl.application.WebApplicationImpl _initiate
INFO: Initiating Jersey application, version 'Jersey: 1.19 02/11/2015 03:25 AM'
Jul 13, 2019 7:32:54 PM com.sun.jersey.server.impl.application.WebApplicationImpl _initiate
INFO: Initiating Jersey application, version 'Jersey: 1.19 02/11/2015 03:25 AM'
Jul 13, 2019 7:32:54 PM com.sun.jersey.server.impl.application.WebApplicationImpl _initiate
INFO: Initiating Jersey application, version 'Jersey: 1.19 02/11/2015 03:25 AM'
Jul 13, 2019 7:32:55 PM com.sun.jersey.server.impl.application.WebApplicationImpl _initiate
INFO: Initiating Jersey application, version 'Jersey: 1.19 02/11/2015 03:25 AM'
Jul 13, 2019 7:32:55 PM com.sun.jersey.server.impl.application.WebApplicationImpl _initiate
INFO: Initiating Jersey application, version 'Jersey: 1.19 02/11/2015 03:25 AM'
Jul 13, 2019 7:32:55 PM com.sun.jersey.server.impl.application.WebApplicationImpl _initiate
INFO: Initiating Jersey application, version 'Jersey: 1.19 02/11/2015 03:25 AM'
Jul 13, 2019 7:32:55 PM com.sun.jersey.server.impl.application.WebApplicationImpl _initiate
INFO: Initiating Jersey application, version 'Jersey: 1.19 02/11/2015 03:25 AM'
]]></system-err>
  </testcase>
  <testcase name="testWatchForCommitForGroupMismatchException" classname="org.apache.hadoop.ozone.client.rpc.TestWatchForCommit" time="33.606"/>
  <testcase name="test2WayCommitForTimeoutException" classname="org.apache.hadoop.ozone.client.rpc.TestWatchForCommit" time="37.095"/>
  <testcase name="test2WayCommitForRetryfailure" classname="org.apache.hadoop.ozone.client.rpc.TestWatchForCommit" time="21.303">
    <error message="org.apache.ratis.protocol.RaftRetryFailureException: Failed RaftClientRequest:client-A366D73DD5FF-&gt;1daa7354-ec14-43de-8c96-793ad9842a69@group-9708B97C4064, cid=107, seq=2*, RW, org.apache.hadoop.hdds.scm.XceiverClientRatis$$Lambda$309/674659751@3e40aa5e for 8 attempts with RetryLimited(maxAttempts=8, sleepTime=1000ms)" type="java.util.concurrent.ExecutionException">java.util.concurrent.ExecutionException: org.apache.ratis.protocol.RaftRetryFailureException: Failed RaftClientRequest:client-A366D73DD5FF->1daa7354-ec14-43de-8c96-793ad9842a69@group-9708B97C4064, cid=107, seq=2*, RW, org.apache.hadoop.hdds.scm.XceiverClientRatis$$Lambda$309/674659751@3e40aa5e for 8 attempts with RetryLimited(maxAttempts=8, sleepTime=1000ms)
	at java.util.concurrent.CompletableFuture.reportGet(CompletableFuture.java:357)
	at java.util.concurrent.CompletableFuture.get(CompletableFuture.java:1895)
	at org.apache.hadoop.ozone.client.rpc.TestWatchForCommit.test2WayCommitForRetryfailure(TestWatchForCommit.java:388)
	at sun.reflect.NativeMethodAccessorImpl.invoke0(Native Method)
	at sun.reflect.NativeMethodAccessorImpl.invoke(NativeMethodAccessorImpl.java:62)
	at sun.reflect.DelegatingMethodAccessorImpl.invoke(DelegatingMethodAccessorImpl.java:43)
	at java.lang.reflect.Method.invoke(Method.java:498)
	at org.junit.runners.model.FrameworkMethod$1.runReflectiveCall(FrameworkMethod.java:47)
	at org.junit.internal.runners.model.ReflectiveCallable.run(ReflectiveCallable.java:12)
	at org.junit.runners.model.FrameworkMethod.invokeExplosively(FrameworkMethod.java:44)
	at org.junit.internal.runners.statements.InvokeMethod.evaluate(InvokeMethod.java:17)
	at org.junit.runners.ParentRunner.runLeaf(ParentRunner.java:271)
	at org.junit.runners.BlockJUnit4ClassRunner.runChild(BlockJUnit4ClassRunner.java:70)
	at org.junit.runners.BlockJUnit4ClassRunner.runChild(BlockJUnit4ClassRunner.java:50)
	at org.junit.runners.ParentRunner$3.run(ParentRunner.java:238)
	at org.junit.runners.ParentRunner$1.schedule(ParentRunner.java:63)
	at org.junit.runners.ParentRunner.runChildren(ParentRunner.java:236)
	at org.junit.runners.ParentRunner.access$000(ParentRunner.java:53)
	at org.junit.runners.ParentRunner$2.evaluate(ParentRunner.java:229)
	at org.junit.runners.ParentRunner.run(ParentRunner.java:309)
	at org.apache.maven.surefire.junit4.JUnit4Provider.execute(JUnit4Provider.java:365)
	at org.apache.maven.surefire.junit4.JUnit4Provider.executeWithRerun(JUnit4Provider.java:273)
	at org.apache.maven.surefire.junit4.JUnit4Provider.executeTestSet(JUnit4Provider.java:238)
	at org.apache.maven.surefire.junit4.JUnit4Provider.invoke(JUnit4Provider.java:159)
	at org.apache.maven.surefire.booter.ForkedBooter.invokeProviderInSameClassLoader(ForkedBooter.java:384)
	at org.apache.maven.surefire.booter.ForkedBooter.runSuitesInProcess(ForkedBooter.java:345)
	at org.apache.maven.surefire.booter.ForkedBooter.execute(ForkedBooter.java:126)
	at org.apache.maven.surefire.booter.ForkedBooter.main(ForkedBooter.java:418)
Caused by: org.apache.ratis.protocol.RaftRetryFailureException: Failed RaftClientRequest:client-A366D73DD5FF->1daa7354-ec14-43de-8c96-793ad9842a69@group-9708B97C4064, cid=107, seq=2*, RW, org.apache.hadoop.hdds.scm.XceiverClientRatis$$Lambda$309/674659751@3e40aa5e for 8 attempts with RetryLimited(maxAttempts=8, sleepTime=1000ms)
	at org.apache.ratis.client.impl.RaftClientImpl.noMoreRetries(RaftClientImpl.java:272)
	at org.apache.ratis.client.impl.OrderedAsync.handleAsyncRetryFailure(OrderedAsync.java:138)
	at org.apache.ratis.client.impl.OrderedAsync.lambda$sendRequest$10(OrderedAsync.java:230)
	at java.util.concurrent.CompletableFuture.uniExceptionally(CompletableFuture.java:870)
	at java.util.concurrent.CompletableFuture$UniExceptionally.tryFire(CompletableFuture.java:852)
	at java.util.concurrent.CompletableFuture.postComplete(CompletableFuture.java:474)
	at java.util.concurrent.CompletableFuture.completeExceptionally(CompletableFuture.java:1977)
	at org.apache.ratis.grpc.client.GrpcClientProtocolClient$AsyncStreamObservers.completeReplyExceptionally(GrpcClientProtocolClient.java:330)
	at org.apache.ratis.grpc.client.GrpcClientProtocolClient$AsyncStreamObservers.access$000(GrpcClientProtocolClient.java:246)
	at org.apache.ratis.grpc.client.GrpcClientProtocolClient$AsyncStreamObservers$1.onError(GrpcClientProtocolClient.java:275)
	at org.apache.ratis.thirdparty.io.grpc.stub.ClientCalls$StreamObserverToCallListenerAdapter.onClose(ClientCalls.java:434)
	at org.apache.ratis.thirdparty.io.grpc.PartialForwardingClientCallListener.onClose(PartialForwardingClientCallListener.java:39)
	at org.apache.ratis.thirdparty.io.grpc.ForwardingClientCallListener.onClose(ForwardingClientCallListener.java:23)
	at org.apache.ratis.thirdparty.io.grpc.ForwardingClientCallListener$SimpleForwardingClientCallListener.onClose(ForwardingClientCallListener.java:40)
	at org.apache.ratis.thirdparty.io.grpc.internal.CensusStatsModule$StatsClientInterceptor$1$1.onClose(CensusStatsModule.java:678)
	at org.apache.ratis.thirdparty.io.grpc.PartialForwardingClientCallListener.onClose(PartialForwardingClientCallListener.java:39)
	at org.apache.ratis.thirdparty.io.grpc.ForwardingClientCallListener.onClose(ForwardingClientCallListener.java:23)
	at org.apache.ratis.thirdparty.io.grpc.ForwardingClientCallListener$SimpleForwardingClientCallListener.onClose(ForwardingClientCallListener.java:40)
	at org.apache.ratis.thirdparty.io.grpc.internal.CensusTracingModule$TracingClientInterceptor$1$1.onClose(CensusTracingModule.java:397)
	at org.apache.ratis.thirdparty.io.grpc.internal.ClientCallImpl.closeObserver(ClientCallImpl.java:459)
	at org.apache.ratis.thirdparty.io.grpc.internal.ClientCallImpl.access$300(ClientCallImpl.java:63)
	at org.apache.ratis.thirdparty.io.grpc.internal.ClientCallImpl$ClientStreamListenerImpl.close(ClientCallImpl.java:546)
	at org.apache.ratis.thirdparty.io.grpc.internal.ClientCallImpl$ClientStreamListenerImpl.access$600(ClientCallImpl.java:467)
	at org.apache.ratis.thirdparty.io.grpc.internal.ClientCallImpl$ClientStreamListenerImpl$1StreamClosed.runInContext(ClientCallImpl.java:584)
	at org.apache.ratis.thirdparty.io.grpc.internal.ContextRunnable.run(ContextRunnable.java:37)
	at org.apache.ratis.thirdparty.io.grpc.internal.SerializingExecutor.run(SerializingExecutor.java:123)
	at java.util.concurrent.ThreadPoolExecutor.runWorker(ThreadPoolExecutor.java:1149)
	at java.util.concurrent.ThreadPoolExecutor$Worker.run(ThreadPoolExecutor.java:624)
	at java.lang.Thread.run(Thread.java:748)
Caused by: java.io.IOException: org.apache.ratis.thirdparty.io.grpc.StatusRuntimeException: UNAVAILABLE: io exception
	at org.apache.ratis.grpc.GrpcUtil.unwrapException(GrpcUtil.java:76)
	at org.apache.ratis.grpc.GrpcUtil.unwrapIOException(GrpcUtil.java:128)
	at org.apache.ratis.grpc.client.GrpcClientProtocolClient$AsyncStreamObservers$1.onError(GrpcClientProtocolClient.java:274)
	... 19 more
Caused by: org.apache.ratis.thirdparty.io.grpc.StatusRuntimeException: UNAVAILABLE: io exception
	at org.apache.ratis.thirdparty.io.grpc.Status.asRuntimeException(Status.java:526)
	... 19 more
Caused by: org.apache.ratis.thirdparty.io.netty.channel.AbstractChannel$AnnotatedConnectException: Connection refused: /192.168.69.122:41610
	at sun.nio.ch.SocketChannelImpl.checkConnect(Native Method)
	at sun.nio.ch.SocketChannelImpl.finishConnect(SocketChannelImpl.java:717)
	at org.apache.ratis.thirdparty.io.netty.channel.socket.nio.NioSocketChannel.doFinishConnect(NioSocketChannel.java:327)
	at org.apache.ratis.thirdparty.io.netty.channel.nio.AbstractNioChannel$AbstractNioUnsafe.finishConnect(AbstractNioChannel.java:340)
	at org.apache.ratis.thirdparty.io.netty.channel.nio.NioEventLoop.processSelectedKey(NioEventLoop.java:632)
	at org.apache.ratis.thirdparty.io.netty.channel.nio.NioEventLoop.processSelectedKeysOptimized(NioEventLoop.java:579)
	at org.apache.ratis.thirdparty.io.netty.channel.nio.NioEventLoop.processSelectedKeys(NioEventLoop.java:496)
	at org.apache.ratis.thirdparty.io.netty.channel.nio.NioEventLoop.run(NioEventLoop.java:458)
	at org.apache.ratis.thirdparty.io.netty.util.concurrent.SingleThreadEventExecutor$5.run(SingleThreadEventExecutor.java:897)
	at org.apache.ratis.thirdparty.io.netty.util.concurrent.FastThreadLocalRunnable.run(FastThreadLocalRunnable.java:30)
	... 1 more
Caused by: java.net.ConnectException: Connection refused
	... 11 more
</error>
    <system-out><![CDATA[2019-07-13 19:34:30,463 WARN  server.ServerUtils (ServerUtils.java:getScmDbDir(145)) - ozone.scm.db.dirs is not configured. We recommend adding this setting. Falling back to ozone.metadata.dirs instead.
2019-07-13 19:34:30,478 WARN  server.ServerUtils (ServerUtils.java:getScmDbDir(145)) - ozone.scm.db.dirs is not configured. We recommend adding this setting. Falling back to ozone.metadata.dirs instead.
2019-07-13 19:34:30,479 WARN  server.ServerUtils (ServerUtils.java:getScmDbDir(145)) - ozone.scm.db.dirs is not configured. We recommend adding this setting. Falling back to ozone.metadata.dirs instead.
2019-07-13 19:34:30,479 INFO  db.DBStoreBuilder (DBStoreBuilder.java:addTable(110)) - using custom profile for table: deletedBlocks
2019-07-13 19:34:30,479 INFO  db.DBStoreBuilder (DBStoreBuilder.java:processTables(161)) - Using default column profile:DBProfile.DISK for Table:deletedBlocks
2019-07-13 19:34:30,479 INFO  db.DBStoreBuilder (DBStoreBuilder.java:addTable(110)) - using custom profile for table: validCerts
2019-07-13 19:34:30,480 INFO  db.DBStoreBuilder (DBStoreBuilder.java:processTables(161)) - Using default column profile:DBProfile.DISK for Table:validCerts
2019-07-13 19:34:30,480 INFO  db.DBStoreBuilder (DBStoreBuilder.java:addTable(110)) - using custom profile for table: revokedCerts
2019-07-13 19:34:30,480 INFO  db.DBStoreBuilder (DBStoreBuilder.java:processTables(161)) - Using default column profile:DBProfile.DISK for Table:revokedCerts
2019-07-13 19:34:30,480 INFO  db.DBStoreBuilder (DBStoreBuilder.java:addTable(110)) - using custom profile for table: default
2019-07-13 19:34:30,480 INFO  db.DBStoreBuilder (DBStoreBuilder.java:processTables(167)) - Using default column profile:DBProfile.DISK for Table:default
2019-07-13 19:34:30,481 INFO  db.DBStoreBuilder (DBStoreBuilder.java:getDbProfile(198)) - Using default options. DBProfile.DISK
2019-07-13 19:34:30,670 INFO  net.NodeSchemaLoader (NodeSchemaLoader.java:loadSchemaFromFile(125)) - Loading file from sun.misc.CompoundEnumeration@4af5c14c
2019-07-13 19:34:30,670 INFO  net.NodeSchemaLoader (NodeSchemaLoader.java:loadSchema(171)) - Loading network topology layer schema file
2019-07-13 19:34:30,675 WARN  server.ServerUtils (ServerUtils.java:sanitizeUserArgs(70)) - ozone.scm.stale.node.interval value = 300000 is larger than max = 100000 based on the key value of ozone.scm.heartbeat.thread.interval, reset to the max value 100000.
2019-07-13 19:34:30,676 WARN  server.ServerUtils (ServerUtils.java:sanitizeUserArgs(70)) - ozone.scm.stale.node.interval value = 300000 is larger than max = 100000 based on the key value of ozone.scm.heartbeat.thread.interval, reset to the max value 100000.
2019-07-13 19:34:30,676 INFO  node.SCMNodeManager (SCMNodeManager.java:<init>(119)) - Entering startup safe mode.
2019-07-13 19:34:30,677 WARN  server.ServerUtils (ServerUtils.java:getScmDbDir(145)) - ozone.scm.db.dirs is not configured. We recommend adding this setting. Falling back to ozone.metadata.dirs instead.
2019-07-13 19:34:30,700 INFO  pipeline.SCMPipelineManager (SCMPipelineManager.java:initializePipelineState(126)) - No pipeline exists in current db
2019-07-13 19:34:30,700 WARN  server.ServerUtils (ServerUtils.java:getScmDbDir(145)) - ozone.scm.db.dirs is not configured. We recommend adding this setting. Falling back to ozone.metadata.dirs instead.
2019-07-13 19:34:30,725 WARN  events.EventQueue (EventQueue.java:fireEvent(175)) - No event handler registered for event TypedEvent{payloadType=SafeModeStatus, name='SafeModeStatus'}
2019-07-13 19:34:30,726 INFO  ipc.CallQueueManager (CallQueueManager.java:<init>(84)) - Using callQueue: class java.util.concurrent.LinkedBlockingQueue, queueCapacity: 2000, scheduler: class org.apache.hadoop.ipc.DefaultRpcScheduler, ipcBackoff: false.
2019-07-13 19:34:30,727 INFO  ipc.Server (Server.java:run(1074)) - Starting Socket Reader #1 for port 35233
2019-07-13 19:34:30,738 INFO  ipc.CallQueueManager (CallQueueManager.java:<init>(84)) - Using callQueue: class java.util.concurrent.LinkedBlockingQueue, queueCapacity: 2000, scheduler: class org.apache.hadoop.ipc.DefaultRpcScheduler, ipcBackoff: false.
2019-07-13 19:34:30,739 INFO  ipc.Server (Server.java:run(1074)) - Starting Socket Reader #1 for port 45950
2019-07-13 19:34:30,745 INFO  ipc.CallQueueManager (CallQueueManager.java:<init>(84)) - Using callQueue: class java.util.concurrent.LinkedBlockingQueue, queueCapacity: 2000, scheduler: class org.apache.hadoop.ipc.DefaultRpcScheduler, ipcBackoff: false.
2019-07-13 19:34:30,746 INFO  ipc.Server (Server.java:run(1074)) - Starting Socket Reader #1 for port 38075
2019-07-13 19:34:30,774 INFO  hdfs.DFSUtil (DFSUtil.java:httpServerTemplateForNNAndJN(1641)) - Starting Web-server for scm at: http://0.0.0.0:0
2019-07-13 19:34:30,777 INFO  server.AuthenticationFilter (AuthenticationFilter.java:constructSecretProvider(240)) - Unable to initialize FileSignerSecretProvider, falling back to use random secrets.
2019-07-13 19:34:30,777 WARN  http.HttpRequestLog (HttpRequestLog.java:getRequestLog(97)) - Jetty request log can only be enabled using Log4j
2019-07-13 19:34:30,780 INFO  http.HttpServer2 (HttpServer2.java:addGlobalFilter(975)) - Added global filter 'safety' (class=org.apache.hadoop.http.HttpServer2$QuotingInputFilter)
2019-07-13 19:34:30,781 INFO  http.HttpServer2 (HttpServer2.java:addFilter(948)) - Added filter static_user_filter (class=org.apache.hadoop.http.lib.StaticUserWebFilter$StaticUserFilter) to context scm
2019-07-13 19:34:30,781 INFO  http.HttpServer2 (HttpServer2.java:addFilter(958)) - Added filter static_user_filter (class=org.apache.hadoop.http.lib.StaticUserWebFilter$StaticUserFilter) to context logs
2019-07-13 19:34:30,781 INFO  http.HttpServer2 (HttpServer2.java:addFilter(958)) - Added filter static_user_filter (class=org.apache.hadoop.http.lib.StaticUserWebFilter$StaticUserFilter) to context static
2019-07-13 19:34:30,784 INFO  server.StorageContainerManager (StorageContainerManager.java:start(759)) - StorageContainerLocationProtocol RPC server is listening at /0.0.0.0:38075
2019-07-13 19:34:30,787 WARN  impl.MetricsConfig (MetricsConfig.java:loadFirst(134)) - Cannot locate configuration: tried hadoop-metrics2-storagecontainermanager.properties,hadoop-metrics2.properties
2019-07-13 19:34:30,788 INFO  impl.MetricsSystemImpl (MetricsSystemImpl.java:startTimer(374)) - Scheduled Metric snapshot period at 10 second(s).
2019-07-13 19:34:30,788 INFO  impl.MetricsSystemImpl (MetricsSystemImpl.java:start(191)) - StorageContainerManager metrics system started
2019-07-13 19:34:30,875 WARN  server.GrpcLogAppender (LogUtils.java:warn(134)) - 3b7fc3d4-38ac-4cbc-ac5c-0a5ecb5eaa58->26f66dd9-c91a-486d-a992-f58b07c1a85c: Failed appendEntries: org.apache.ratis.thirdparty.io.grpc.StatusRuntimeException: UNAVAILABLE: io exception
2019-07-13 19:34:30,875 WARN  server.GrpcLogAppender (LogUtils.java:warn(134)) - 3b7fc3d4-38ac-4cbc-ac5c-0a5ecb5eaa58->12ebe1e8-f3b8-43be-a24e-312d113c4afa: Failed appendEntries: org.apache.ratis.thirdparty.io.grpc.StatusRuntimeException: UNAVAILABLE: io exception
2019-07-13 19:34:30,876 INFO  impl.FollowerInfo (FollowerInfo.java:lambda$new$0(50)) - 3b7fc3d4-38ac-4cbc-ac5c-0a5ecb5eaa58->26f66dd9-c91a-486d-a992-f58b07c1a85c: nextIndex: updateUnconditionally 0 -> 0
2019-07-13 19:34:30,876 INFO  impl.FollowerInfo (FollowerInfo.java:lambda$new$0(50)) - 3b7fc3d4-38ac-4cbc-ac5c-0a5ecb5eaa58->12ebe1e8-f3b8-43be-a24e-312d113c4afa: nextIndex: updateUnconditionally 0 -> 0
2019-07-13 19:34:30,988 INFO  server.SCMClientProtocolServer (SCMClientProtocolServer.java:start(149)) - RPC server for Client  is listening at /0.0.0.0:38075
2019-07-13 19:34:30,988 INFO  ipc.Server (Server.java:run(1314)) - IPC Server Responder: starting
2019-07-13 19:34:30,989 INFO  ipc.Server (Server.java:run(1153)) - IPC Server listener on 38075: starting
2019-07-13 19:34:31,006 INFO  server.StorageContainerManager (StorageContainerManager.java:start(768)) - ScmBlockLocationProtocol RPC server is listening at /0.0.0.0:45950
2019-07-13 19:34:31,006 INFO  server.SCMBlockProtocolServer (SCMBlockProtocolServer.java:start(140)) - RPC server for Block Protocol is listening at /0.0.0.0:45950
2019-07-13 19:34:31,006 INFO  ipc.Server (Server.java:run(1314)) - IPC Server Responder: starting
2019-07-13 19:34:31,006 INFO  ipc.Server (Server.java:run(1153)) - IPC Server listener on 45950: starting
2019-07-13 19:34:31,024 INFO  server.StorageContainerManager (StorageContainerManager.java:start(772)) - ScmDatanodeProtocl RPC server is listening at /0.0.0.0:35233
2019-07-13 19:34:31,024 INFO  server.SCMDatanodeProtocolServer (SCMDatanodeProtocolServer.java:start(191)) - RPC server for DataNodes is listening at /0.0.0.0:35233
2019-07-13 19:34:31,025 INFO  ipc.Server (Server.java:run(1314)) - IPC Server Responder: starting
2019-07-13 19:34:31,025 INFO  ipc.Server (Server.java:run(1153)) - IPC Server listener on 35233: starting
2019-07-13 19:34:31,079 INFO  http.HttpServer2 (HttpServer2.java:bindListener(1191)) - Jetty bound to port 46460
2019-07-13 19:34:31,080 INFO  server.Server (Server.java:doStart(351)) - jetty-9.3.24.v20180605, build timestamp: 2018-06-05T17:11:56Z, git hash: 84205aa28f11a4f31f2a3b86d1bba2cc8ab69827
2019-07-13 19:34:31,082 INFO  handler.ContextHandler (ContextHandler.java:doStart(781)) - Started o.e.j.s.ServletContextHandler@2823bd30{/logs,file:///tmp/workdir/hadoop-ozone/integration-test/target/log,AVAILABLE}
2019-07-13 19:34:31,082 INFO  handler.ContextHandler (ContextHandler.java:doStart(781)) - Started o.e.j.s.ServletContextHandler@5a0c0680{/static,file:///tmp/workdir/hadoop-ozone/integration-test/target/test-classes/webapps/static,AVAILABLE}
2019-07-13 19:34:31,087 INFO  handler.ContextHandler (ContextHandler.java:doStart(781)) - Started o.e.j.w.WebAppContext@38c7ad43{/,file:///tmp/workdir/hadoop-ozone/integration-test/target/test-classes/webapps/scm/,AVAILABLE}{/scm}
2019-07-13 19:34:31,088 INFO  server.AbstractConnector (AbstractConnector.java:doStart(278)) - Started ServerConnector@1ee04ff6{HTTP/1.1,[http/1.1]}{0.0.0.0:46460}
2019-07-13 19:34:31,093 INFO  server.Server (Server.java:doStart(419)) - Started @142328ms
2019-07-13 19:34:31,094 INFO  server.BaseHttpServer (BaseHttpServer.java:updateConnectorAddress(207)) - HTTP server of SCM is listening at http://0.0.0.0:46460
2019-07-13 19:34:31,095 WARN  server.ServerUtils (ServerUtils.java:getDBPath(222)) - ozone.om.db.dirs is not configured. We recommend adding this setting. Falling back to ozone.metadata.dirs instead.
2019-07-13 19:34:31,100 INFO  util.JvmPauseMonitor (JvmPauseMonitor.java:run(188)) - Starting JVM pause monitor
2019-07-13 19:34:31,114 WARN  server.ServerUtils (ServerUtils.java:getDBPath(222)) - ozone.om.db.dirs is not configured. We recommend adding this setting. Falling back to ozone.metadata.dirs instead.
2019-07-13 19:34:31,114 INFO  om.OzoneManager (OzoneManager.java:setOMNodeDetails(630)) - OM Service ID is not set. Setting it to the default ID: omServiceIdDefault
2019-07-13 19:34:31,114 INFO  om.OzoneManager (OzoneManager.java:setOMNodeDetails(636)) - OM Node ID is not set. Setting it to the OmStorage's OmID: e0b5bfa4-bfe8-4fd5-95d6-85859403f56d
2019-07-13 19:34:31,115 INFO  om.OzoneManager (OzoneManager.java:loadOMHAConfigs(587)) - Found matching OM address with OMServiceId: null, OMNodeId: null, RPC Address: localhost:0 and Ratis port: 9872
2019-07-13 19:34:31,139 WARN  server.ServerUtils (ServerUtils.java:getDBPath(222)) - ozone.om.db.dirs is not configured. We recommend adding this setting. Falling back to ozone.metadata.dirs instead.
2019-07-13 19:34:31,139 INFO  db.DBStoreBuilder (DBStoreBuilder.java:addTable(110)) - using custom profile for table: userTable
2019-07-13 19:34:31,139 INFO  db.DBStoreBuilder (DBStoreBuilder.java:processTables(161)) - Using default column profile:DBProfile.DISK for Table:userTable
2019-07-13 19:34:31,140 INFO  db.DBStoreBuilder (DBStoreBuilder.java:addTable(110)) - using custom profile for table: volumeTable
2019-07-13 19:34:31,140 INFO  db.DBStoreBuilder (DBStoreBuilder.java:processTables(161)) - Using default column profile:DBProfile.DISK for Table:volumeTable
2019-07-13 19:34:31,140 INFO  db.DBStoreBuilder (DBStoreBuilder.java:addTable(110)) - using custom profile for table: bucketTable
2019-07-13 19:34:31,140 INFO  db.DBStoreBuilder (DBStoreBuilder.java:processTables(161)) - Using default column profile:DBProfile.DISK for Table:bucketTable
2019-07-13 19:34:31,140 INFO  db.DBStoreBuilder (DBStoreBuilder.java:addTable(110)) - using custom profile for table: keyTable
2019-07-13 19:34:31,141 INFO  db.DBStoreBuilder (DBStoreBuilder.java:processTables(161)) - Using default column profile:DBProfile.DISK for Table:keyTable
2019-07-13 19:34:31,141 INFO  db.DBStoreBuilder (DBStoreBuilder.java:addTable(110)) - using custom profile for table: deletedTable
2019-07-13 19:34:31,141 INFO  db.DBStoreBuilder (DBStoreBuilder.java:processTables(161)) - Using default column profile:DBProfile.DISK for Table:deletedTable
2019-07-13 19:34:31,141 INFO  db.DBStoreBuilder (DBStoreBuilder.java:addTable(110)) - using custom profile for table: openKeyTable
2019-07-13 19:34:31,142 INFO  db.DBStoreBuilder (DBStoreBuilder.java:processTables(161)) - Using default column profile:DBProfile.DISK for Table:openKeyTable
2019-07-13 19:34:31,142 INFO  db.DBStoreBuilder (DBStoreBuilder.java:addTable(110)) - using custom profile for table: s3Table
2019-07-13 19:34:31,142 INFO  db.DBStoreBuilder (DBStoreBuilder.java:processTables(161)) - Using default column profile:DBProfile.DISK for Table:s3Table
2019-07-13 19:34:31,142 INFO  db.DBStoreBuilder (DBStoreBuilder.java:addTable(110)) - using custom profile for table: multipartInfoTable
2019-07-13 19:34:31,142 INFO  db.DBStoreBuilder (DBStoreBuilder.java:processTables(161)) - Using default column profile:DBProfile.DISK for Table:multipartInfoTable
2019-07-13 19:34:31,143 INFO  db.DBStoreBuilder (DBStoreBuilder.java:addTable(110)) - using custom profile for table: dTokenTable
2019-07-13 19:34:31,143 INFO  db.DBStoreBuilder (DBStoreBuilder.java:processTables(161)) - Using default column profile:DBProfile.DISK for Table:dTokenTable
2019-07-13 19:34:31,143 INFO  db.DBStoreBuilder (DBStoreBuilder.java:addTable(110)) - using custom profile for table: s3SecretTable
2019-07-13 19:34:31,143 INFO  db.DBStoreBuilder (DBStoreBuilder.java:processTables(161)) - Using default column profile:DBProfile.DISK for Table:s3SecretTable
2019-07-13 19:34:31,144 INFO  db.DBStoreBuilder (DBStoreBuilder.java:addTable(110)) - using custom profile for table: prefixTable
2019-07-13 19:34:31,144 INFO  db.DBStoreBuilder (DBStoreBuilder.java:processTables(161)) - Using default column profile:DBProfile.DISK for Table:prefixTable
2019-07-13 19:34:31,144 INFO  db.DBStoreBuilder (DBStoreBuilder.java:addTable(110)) - using custom profile for table: default
2019-07-13 19:34:31,144 INFO  db.DBStoreBuilder (DBStoreBuilder.java:processTables(167)) - Using default column profile:DBProfile.DISK for Table:default
2019-07-13 19:34:31,144 INFO  db.DBStoreBuilder (DBStoreBuilder.java:getDbProfile(198)) - Using default options. DBProfile.DISK
2019-07-13 19:34:31,712 INFO  ipc.CallQueueManager (CallQueueManager.java:<init>(84)) - Using callQueue: class java.util.concurrent.LinkedBlockingQueue, queueCapacity: 2000, scheduler: class org.apache.hadoop.ipc.DefaultRpcScheduler, ipcBackoff: false.
2019-07-13 19:34:31,713 INFO  ipc.Server (Server.java:run(1074)) - Starting Socket Reader #1 for port 43157
2019-07-13 19:34:31,766 WARN  server.ServerUtils (ServerUtils.java:getDBPath(222)) - ozone.om.db.dirs is not configured. We recommend adding this setting. Falling back to ozone.metadata.dirs instead.
2019-07-13 19:34:31,766 INFO  om.OzoneManager (OzoneManager.java:start(1228)) - OzoneManager RPC server is listening at localhost/127.0.0.1:43157
2019-07-13 19:34:31,766 INFO  impl.MetricsSystemImpl (MetricsSystemImpl.java:init(158)) - OzoneManager metrics system started (again)
2019-07-13 19:34:31,767 INFO  ipc.Server (Server.java:run(1314)) - IPC Server Responder: starting
2019-07-13 19:34:31,767 INFO  ipc.Server (Server.java:run(1153)) - IPC Server listener on 43157: starting
2019-07-13 19:34:31,790 INFO  hdfs.DFSUtil (DFSUtil.java:httpServerTemplateForNNAndJN(1641)) - Starting Web-server for ozoneManager at: http://0.0.0.0:0
2019-07-13 19:34:31,811 INFO  server.AuthenticationFilter (AuthenticationFilter.java:constructSecretProvider(240)) - Unable to initialize FileSignerSecretProvider, falling back to use random secrets.
2019-07-13 19:34:31,812 WARN  http.HttpRequestLog (HttpRequestLog.java:getRequestLog(97)) - Jetty request log can only be enabled using Log4j
2019-07-13 19:34:31,814 INFO  http.HttpServer2 (HttpServer2.java:addGlobalFilter(975)) - Added global filter 'safety' (class=org.apache.hadoop.http.HttpServer2$QuotingInputFilter)
2019-07-13 19:34:31,814 INFO  http.HttpServer2 (HttpServer2.java:addFilter(948)) - Added filter static_user_filter (class=org.apache.hadoop.http.lib.StaticUserWebFilter$StaticUserFilter) to context ozoneManager
2019-07-13 19:34:31,815 INFO  http.HttpServer2 (HttpServer2.java:addFilter(958)) - Added filter static_user_filter (class=org.apache.hadoop.http.lib.StaticUserWebFilter$StaticUserFilter) to context static
2019-07-13 19:34:31,815 INFO  http.HttpServer2 (HttpServer2.java:addFilter(958)) - Added filter static_user_filter (class=org.apache.hadoop.http.lib.StaticUserWebFilter$StaticUserFilter) to context logs
2019-07-13 19:34:31,816 INFO  http.HttpServer2 (HttpServer2.java:bindListener(1191)) - Jetty bound to port 39457
2019-07-13 19:34:31,816 INFO  server.Server (Server.java:doStart(351)) - jetty-9.3.24.v20180605, build timestamp: 2018-06-05T17:11:56Z, git hash: 84205aa28f11a4f31f2a3b86d1bba2cc8ab69827
2019-07-13 19:34:31,818 INFO  handler.ContextHandler (ContextHandler.java:doStart(781)) - Started o.e.j.s.ServletContextHandler@4a1cafb2{/logs,file:///tmp/workdir/hadoop-ozone/integration-test/target/log,AVAILABLE}
2019-07-13 19:34:31,819 INFO  handler.ContextHandler (ContextHandler.java:doStart(781)) - Started o.e.j.s.ServletContextHandler@335cd031{/static,file:///tmp/workdir/hadoop-ozone/integration-test/target/test-classes/webapps/static,AVAILABLE}
2019-07-13 19:34:31,824 INFO  handler.ContextHandler (ContextHandler.java:doStart(781)) - Started o.e.j.w.WebAppContext@162c89ac{/,file:///tmp/workdir/hadoop-ozone/integration-test/target/test-classes/webapps/ozoneManager/,AVAILABLE}{/ozoneManager}
2019-07-13 19:34:31,824 INFO  server.AbstractConnector (AbstractConnector.java:doStart(278)) - Started ServerConnector@644f033d{HTTP/1.1,[http/1.1]}{0.0.0.0:39457}
2019-07-13 19:34:31,844 INFO  server.Server (Server.java:doStart(419)) - Started @143078ms
2019-07-13 19:34:31,845 INFO  server.BaseHttpServer (BaseHttpServer.java:updateConnectorAddress(207)) - HTTP server of OZONEMANAGER is listening at http://0.0.0.0:39457
2019-07-13 19:34:31,861 INFO  impl.MetricsSystemImpl (MetricsSystemImpl.java:init(158)) - HddsDatanode metrics system started (again)
2019-07-13 19:34:31,862 INFO  ozone.HddsDatanodeService (HddsDatanodeService.java:start(185)) - HddsDatanodeService host:trunk-nightly-fxqsz-774976932 ip:192.168.69.122
2019-07-13 19:34:31,888 INFO  volume.HddsVolume (HddsVolume.java:<init>(176)) - Creating Volume: /tmp/workdir/hadoop-ozone/integration-test/target/test-dir/MiniOzoneClusterImpl-31689132-182d-4293-ba12-b7210fe65700/datanode-0/data/containers/hdds of  storage type : DISK and capacity : 52710309888
2019-07-13 19:34:31,889 INFO  volume.VolumeSet (VolumeSet.java:initializeVolumeSet(170)) - Added Volume : /tmp/workdir/hadoop-ozone/integration-test/target/test-dir/MiniOzoneClusterImpl-31689132-182d-4293-ba12-b7210fe65700/datanode-0/data/containers/hdds to VolumeSet
2019-07-13 19:34:31,889 INFO  volume.ThrottledAsyncChecker (ThrottledAsyncChecker.java:schedule(140)) - Scheduling a check for org.apache.hadoop.ozone.container.common.volume.HddsVolume@6921ce3f
2019-07-13 19:34:31,890 INFO  volume.HddsVolumeChecker (HddsVolumeChecker.java:checkAllVolumes(203)) - Scheduled health check for volume org.apache.hadoop.ozone.container.common.volume.HddsVolume@6921ce3f
2019-07-13 19:34:31,925 INFO  impl.RaftServerProxy (ConfUtils.java:logGet(43)) - raft.rpc.type = GRPC (default)
2019-07-13 19:34:31,925 INFO  grpc.GrpcFactory (GrpcFactory.java:checkPooledByteBufAllocatorUseCacheForAllThreads(45)) - PERFORMANCE WARNING: useCacheForAllThreads is true that may cause Netty to create a lot garbage objects and, as a result, trigger GC.
	It is recommended to disable useCacheForAllThreads by setting -Dorg.apache.ratis.thirdparty.io.netty.allocator.useCacheForAllThreads=false in command line.
2019-07-13 19:34:31,925 INFO  grpc.GrpcConfigKeys$Server (ConfUtils.java:logGet(43)) - raft.grpc.server.port = 0 (default)
2019-07-13 19:34:31,926 INFO  server.GrpcService (ConfUtils.java:logGet(43)) - raft.grpc.message.size.max = 33570816 (custom)
2019-07-13 19:34:31,926 INFO  server.RaftServerConfigKeys (ConfUtils.java:logGet(43)) - raft.server.log.appender.buffer.byte-limit = 33554432 (custom)
2019-07-13 19:34:31,926 INFO  server.GrpcService (ConfUtils.java:logGet(43)) - raft.grpc.flow.control.window = 1MB (=1048576) (default)
2019-07-13 19:34:31,927 INFO  server.RaftServerConfigKeys (ConfUtils.java:logGet(43)) - raft.server.rpc.request.timeout = 3000ms (default)
2019-07-13 19:34:31,927 INFO  server.RaftServerConfigKeys (ConfUtils.java:logGet(43)) - raft.server.storage.dir = [/tmp/workdir/hadoop-ozone/integration-test/target/test-dir/MiniOzoneClusterImpl-31689132-182d-4293-ba12-b7210fe65700/datanode-0/data/ratis] (custom)
2019-07-13 19:34:31,928 INFO  replication.SimpleContainerDownloader (SimpleContainerDownloader.java:<init>(72)) - Starting container downloader service to copy containers to replicate.
2019-07-13 19:34:31,929 INFO  hdfs.DFSUtil (DFSUtil.java:httpServerTemplateForNNAndJN(1641)) - Starting Web-server for hddsDatanode at: http://0.0.0.0:0
2019-07-13 19:34:31,932 INFO  server.AuthenticationFilter (AuthenticationFilter.java:constructSecretProvider(240)) - Unable to initialize FileSignerSecretProvider, falling back to use random secrets.
2019-07-13 19:34:31,932 WARN  http.HttpRequestLog (HttpRequestLog.java:getRequestLog(97)) - Jetty request log can only be enabled using Log4j
2019-07-13 19:34:31,934 INFO  http.HttpServer2 (HttpServer2.java:addGlobalFilter(975)) - Added global filter 'safety' (class=org.apache.hadoop.http.HttpServer2$QuotingInputFilter)
2019-07-13 19:34:31,935 INFO  http.HttpServer2 (HttpServer2.java:addFilter(948)) - Added filter static_user_filter (class=org.apache.hadoop.http.lib.StaticUserWebFilter$StaticUserFilter) to context hddsDatanode
2019-07-13 19:34:31,935 INFO  http.HttpServer2 (HttpServer2.java:addFilter(958)) - Added filter static_user_filter (class=org.apache.hadoop.http.lib.StaticUserWebFilter$StaticUserFilter) to context static
2019-07-13 19:34:31,936 INFO  http.HttpServer2 (HttpServer2.java:addFilter(958)) - Added filter static_user_filter (class=org.apache.hadoop.http.lib.StaticUserWebFilter$StaticUserFilter) to context logs
2019-07-13 19:34:31,937 INFO  http.HttpServer2 (HttpServer2.java:bindListener(1191)) - Jetty bound to port 38311
2019-07-13 19:34:31,937 INFO  server.Server (Server.java:doStart(351)) - jetty-9.3.24.v20180605, build timestamp: 2018-06-05T17:11:56Z, git hash: 84205aa28f11a4f31f2a3b86d1bba2cc8ab69827
2019-07-13 19:34:31,940 INFO  handler.ContextHandler (ContextHandler.java:doStart(781)) - Started o.e.j.s.ServletContextHandler@23c24c0e{/logs,file:///tmp/workdir/hadoop-ozone/integration-test/target/log,AVAILABLE}
2019-07-13 19:34:31,940 INFO  handler.ContextHandler (ContextHandler.java:doStart(781)) - Started o.e.j.s.ServletContextHandler@565bf1bb{/static,jar:file:/home/user/.m2/repository/org/apache/hadoop/hadoop-hdds-container-service/0.5.0-SNAPSHOT/hadoop-hdds-container-service-0.5.0-SNAPSHOT.jar!/webapps/static,AVAILABLE}
2019-07-13 19:34:31,982 INFO  handler.ContextHandler (ContextHandler.java:doStart(781)) - Started o.e.j.w.WebAppContext@651bec9a{/,file:///tmp/jetty-0.0.0.0-38311-hddsDatanode-_-any-5734782768427869033.dir/webapp/,AVAILABLE}{/hddsDatanode}
2019-07-13 19:34:31,982 INFO  server.AbstractConnector (AbstractConnector.java:doStart(278)) - Started ServerConnector@76d4e1af{HTTP/1.1,[http/1.1]}{0.0.0.0:38311}
2019-07-13 19:34:31,990 INFO  server.Server (Server.java:doStart(419)) - Started @143224ms
2019-07-13 19:34:31,990 INFO  server.BaseHttpServer (BaseHttpServer.java:updateConnectorAddress(207)) - HTTP server of HDDSDATANODE is listening at http://0.0.0.0:38311
2019-07-13 19:34:31,996 WARN  server.GrpcLogAppender (LogUtils.java:warn(134)) - 5d1032ca-9147-4957-b503-39c877a962e7->00d91248-b81b-486b-9e32-e5c5f65edbd1: Failed appendEntries: org.apache.ratis.thirdparty.io.grpc.StatusRuntimeException: UNAVAILABLE: io exception
2019-07-13 19:34:31,996 WARN  server.GrpcLogAppender (LogUtils.java:warn(134)) - 5d1032ca-9147-4957-b503-39c877a962e7->60ce25f2-006c-4f2f-9804-0a3aa3878877: Failed appendEntries: org.apache.ratis.thirdparty.io.grpc.StatusRuntimeException: UNAVAILABLE: io exception
2019-07-13 19:34:31,996 INFO  impl.FollowerInfo (FollowerInfo.java:lambda$new$0(50)) - 5d1032ca-9147-4957-b503-39c877a962e7->00d91248-b81b-486b-9e32-e5c5f65edbd1: nextIndex: updateUnconditionally 0 -> 0
2019-07-13 19:34:31,996 INFO  impl.FollowerInfo (FollowerInfo.java:lambda$new$0(50)) - 5d1032ca-9147-4957-b503-39c877a962e7->60ce25f2-006c-4f2f-9804-0a3aa3878877: nextIndex: updateUnconditionally 0 -> 0
2019-07-13 19:34:32,116 INFO  ozone.HddsDatanodeService (HddsDatanodeService.java:startPlugins(396)) - Started plug-in org.apache.hadoop.ozone.web.OzoneHddsDatanodeService@5afbbf9b
2019-07-13 19:34:32,117 INFO  impl.MetricsSystemImpl (MetricsSystemImpl.java:init(158)) - HddsDatanode metrics system started (again)
2019-07-13 19:34:32,117 INFO  ozone.HddsDatanodeService (HddsDatanodeService.java:start(185)) - HddsDatanodeService host:trunk-nightly-fxqsz-774976932 ip:192.168.69.122
2019-07-13 19:34:32,118 INFO  util.JvmPauseMonitor (JvmPauseMonitor.java:run(188)) - Starting JVM pause monitor
2019-07-13 19:34:32,120 INFO  datanode.InitDatanodeState (InitDatanodeState.java:persistContainerDatanodeDetails(140)) - DatanodeDetails is persisted to /tmp/workdir/hadoop-ozone/integration-test/target/test-dir/MiniOzoneClusterImpl-31689132-182d-4293-ba12-b7210fe65700/datanode-0/meta/datanode.id
2019-07-13 19:34:32,138 INFO  volume.HddsVolume (HddsVolume.java:<init>(176)) - Creating Volume: /tmp/workdir/hadoop-ozone/integration-test/target/test-dir/MiniOzoneClusterImpl-31689132-182d-4293-ba12-b7210fe65700/datanode-1/data/containers/hdds of  storage type : DISK and capacity : 52710309888
2019-07-13 19:34:32,138 INFO  volume.VolumeSet (VolumeSet.java:initializeVolumeSet(170)) - Added Volume : /tmp/workdir/hadoop-ozone/integration-test/target/test-dir/MiniOzoneClusterImpl-31689132-182d-4293-ba12-b7210fe65700/datanode-1/data/containers/hdds to VolumeSet
2019-07-13 19:34:32,139 INFO  volume.ThrottledAsyncChecker (ThrottledAsyncChecker.java:schedule(140)) - Scheduling a check for org.apache.hadoop.ozone.container.common.volume.HddsVolume@33e80a27
2019-07-13 19:34:32,139 INFO  volume.HddsVolumeChecker (HddsVolumeChecker.java:checkAllVolumes(203)) - Scheduled health check for volume org.apache.hadoop.ozone.container.common.volume.HddsVolume@33e80a27
2019-07-13 19:34:32,165 INFO  impl.RaftServerProxy (ConfUtils.java:logGet(43)) - raft.rpc.type = GRPC (default)
2019-07-13 19:34:32,165 INFO  grpc.GrpcFactory (GrpcFactory.java:checkPooledByteBufAllocatorUseCacheForAllThreads(45)) - PERFORMANCE WARNING: useCacheForAllThreads is true that may cause Netty to create a lot garbage objects and, as a result, trigger GC.
	It is recommended to disable useCacheForAllThreads by setting -Dorg.apache.ratis.thirdparty.io.netty.allocator.useCacheForAllThreads=false in command line.
2019-07-13 19:34:32,165 INFO  grpc.GrpcConfigKeys$Server (ConfUtils.java:logGet(43)) - raft.grpc.server.port = 0 (default)
2019-07-13 19:34:32,165 INFO  server.GrpcService (ConfUtils.java:logGet(43)) - raft.grpc.message.size.max = 33570816 (custom)
2019-07-13 19:34:32,165 INFO  server.RaftServerConfigKeys (ConfUtils.java:logGet(43)) - raft.server.log.appender.buffer.byte-limit = 33554432 (custom)
2019-07-13 19:34:32,166 INFO  server.GrpcService (ConfUtils.java:logGet(43)) - raft.grpc.flow.control.window = 1MB (=1048576) (default)
2019-07-13 19:34:32,166 INFO  server.RaftServerConfigKeys (ConfUtils.java:logGet(43)) - raft.server.rpc.request.timeout = 3000ms (default)
2019-07-13 19:34:32,166 INFO  server.RaftServerConfigKeys (ConfUtils.java:logGet(43)) - raft.server.storage.dir = [/tmp/workdir/hadoop-ozone/integration-test/target/test-dir/MiniOzoneClusterImpl-31689132-182d-4293-ba12-b7210fe65700/datanode-1/data/ratis] (custom)
2019-07-13 19:34:32,167 INFO  replication.SimpleContainerDownloader (SimpleContainerDownloader.java:<init>(72)) - Starting container downloader service to copy containers to replicate.
2019-07-13 19:34:32,168 INFO  hdfs.DFSUtil (DFSUtil.java:httpServerTemplateForNNAndJN(1641)) - Starting Web-server for hddsDatanode at: http://0.0.0.0:0
2019-07-13 19:34:32,169 INFO  server.AuthenticationFilter (AuthenticationFilter.java:constructSecretProvider(240)) - Unable to initialize FileSignerSecretProvider, falling back to use random secrets.
2019-07-13 19:34:32,169 WARN  http.HttpRequestLog (HttpRequestLog.java:getRequestLog(97)) - Jetty request log can only be enabled using Log4j
2019-07-13 19:34:32,171 INFO  http.HttpServer2 (HttpServer2.java:addGlobalFilter(975)) - Added global filter 'safety' (class=org.apache.hadoop.http.HttpServer2$QuotingInputFilter)
2019-07-13 19:34:32,171 INFO  http.HttpServer2 (HttpServer2.java:addFilter(948)) - Added filter static_user_filter (class=org.apache.hadoop.http.lib.StaticUserWebFilter$StaticUserFilter) to context hddsDatanode
2019-07-13 19:34:32,171 INFO  http.HttpServer2 (HttpServer2.java:addFilter(958)) - Added filter static_user_filter (class=org.apache.hadoop.http.lib.StaticUserWebFilter$StaticUserFilter) to context logs
2019-07-13 19:34:32,171 INFO  http.HttpServer2 (HttpServer2.java:addFilter(958)) - Added filter static_user_filter (class=org.apache.hadoop.http.lib.StaticUserWebFilter$StaticUserFilter) to context static
2019-07-13 19:34:32,172 INFO  http.HttpServer2 (HttpServer2.java:bindListener(1191)) - Jetty bound to port 34574
2019-07-13 19:34:32,172 INFO  server.Server (Server.java:doStart(351)) - jetty-9.3.24.v20180605, build timestamp: 2018-06-05T17:11:56Z, git hash: 84205aa28f11a4f31f2a3b86d1bba2cc8ab69827
2019-07-13 19:34:32,174 INFO  handler.ContextHandler (ContextHandler.java:doStart(781)) - Started o.e.j.s.ServletContextHandler@7e3b101b{/logs,file:///tmp/workdir/hadoop-ozone/integration-test/target/log,AVAILABLE}
2019-07-13 19:34:32,174 INFO  handler.ContextHandler (ContextHandler.java:doStart(781)) - Started o.e.j.s.ServletContextHandler@4ca50bb9{/static,jar:file:/home/user/.m2/repository/org/apache/hadoop/hadoop-hdds-container-service/0.5.0-SNAPSHOT/hadoop-hdds-container-service-0.5.0-SNAPSHOT.jar!/webapps/static,AVAILABLE}
2019-07-13 19:34:32,202 INFO  handler.ContextHandler (ContextHandler.java:doStart(781)) - Started o.e.j.w.WebAppContext@2c6ed95a{/,file:///tmp/jetty-0.0.0.0-34574-hddsDatanode-_-any-4320921944346182183.dir/webapp/,AVAILABLE}{/hddsDatanode}
2019-07-13 19:34:32,202 INFO  server.AbstractConnector (AbstractConnector.java:doStart(278)) - Started ServerConnector@62b72289{HTTP/1.1,[http/1.1]}{0.0.0.0:34574}
2019-07-13 19:34:32,202 INFO  server.Server (Server.java:doStart(419)) - Started @143436ms
2019-07-13 19:34:32,208 INFO  server.BaseHttpServer (BaseHttpServer.java:updateConnectorAddress(207)) - HTTP server of HDDSDATANODE is listening at http://0.0.0.0:34574
2019-07-13 19:34:32,335 INFO  ozone.HddsDatanodeService (HddsDatanodeService.java:startPlugins(396)) - Started plug-in org.apache.hadoop.ozone.web.OzoneHddsDatanodeService@35fd987b
2019-07-13 19:34:32,335 INFO  impl.MetricsSystemImpl (MetricsSystemImpl.java:init(158)) - HddsDatanode metrics system started (again)
2019-07-13 19:34:32,335 INFO  ozone.HddsDatanodeService (HddsDatanodeService.java:start(185)) - HddsDatanodeService host:trunk-nightly-fxqsz-774976932 ip:192.168.69.122
2019-07-13 19:34:32,336 INFO  util.JvmPauseMonitor (JvmPauseMonitor.java:run(188)) - Starting JVM pause monitor
2019-07-13 19:34:32,338 INFO  datanode.InitDatanodeState (InitDatanodeState.java:persistContainerDatanodeDetails(140)) - DatanodeDetails is persisted to /tmp/workdir/hadoop-ozone/integration-test/target/test-dir/MiniOzoneClusterImpl-31689132-182d-4293-ba12-b7210fe65700/datanode-1/meta/datanode.id
2019-07-13 19:34:32,354 INFO  volume.HddsVolume (HddsVolume.java:<init>(176)) - Creating Volume: /tmp/workdir/hadoop-ozone/integration-test/target/test-dir/MiniOzoneClusterImpl-31689132-182d-4293-ba12-b7210fe65700/datanode-2/data/containers/hdds of  storage type : DISK and capacity : 52710309888
2019-07-13 19:34:32,355 INFO  volume.VolumeSet (VolumeSet.java:initializeVolumeSet(170)) - Added Volume : /tmp/workdir/hadoop-ozone/integration-test/target/test-dir/MiniOzoneClusterImpl-31689132-182d-4293-ba12-b7210fe65700/datanode-2/data/containers/hdds to VolumeSet
2019-07-13 19:34:32,355 INFO  volume.ThrottledAsyncChecker (ThrottledAsyncChecker.java:schedule(140)) - Scheduling a check for org.apache.hadoop.ozone.container.common.volume.HddsVolume@1147a8de
2019-07-13 19:34:32,356 INFO  volume.HddsVolumeChecker (HddsVolumeChecker.java:checkAllVolumes(203)) - Scheduled health check for volume org.apache.hadoop.ozone.container.common.volume.HddsVolume@1147a8de
2019-07-13 19:34:32,379 INFO  impl.RaftServerProxy (ConfUtils.java:logGet(43)) - raft.rpc.type = GRPC (default)
2019-07-13 19:34:32,379 INFO  grpc.GrpcFactory (GrpcFactory.java:checkPooledByteBufAllocatorUseCacheForAllThreads(45)) - PERFORMANCE WARNING: useCacheForAllThreads is true that may cause Netty to create a lot garbage objects and, as a result, trigger GC.
	It is recommended to disable useCacheForAllThreads by setting -Dorg.apache.ratis.thirdparty.io.netty.allocator.useCacheForAllThreads=false in command line.
2019-07-13 19:34:32,379 INFO  grpc.GrpcConfigKeys$Server (ConfUtils.java:logGet(43)) - raft.grpc.server.port = 0 (default)
2019-07-13 19:34:32,380 INFO  server.GrpcService (ConfUtils.java:logGet(43)) - raft.grpc.message.size.max = 33570816 (custom)
2019-07-13 19:34:32,380 INFO  server.RaftServerConfigKeys (ConfUtils.java:logGet(43)) - raft.server.log.appender.buffer.byte-limit = 33554432 (custom)
2019-07-13 19:34:32,380 INFO  server.GrpcService (ConfUtils.java:logGet(43)) - raft.grpc.flow.control.window = 1MB (=1048576) (default)
2019-07-13 19:34:32,380 INFO  server.RaftServerConfigKeys (ConfUtils.java:logGet(43)) - raft.server.rpc.request.timeout = 3000ms (default)
2019-07-13 19:34:32,381 INFO  server.RaftServerConfigKeys (ConfUtils.java:logGet(43)) - raft.server.storage.dir = [/tmp/workdir/hadoop-ozone/integration-test/target/test-dir/MiniOzoneClusterImpl-31689132-182d-4293-ba12-b7210fe65700/datanode-2/data/ratis] (custom)
2019-07-13 19:34:32,381 INFO  replication.SimpleContainerDownloader (SimpleContainerDownloader.java:<init>(72)) - Starting container downloader service to copy containers to replicate.
2019-07-13 19:34:32,383 INFO  hdfs.DFSUtil (DFSUtil.java:httpServerTemplateForNNAndJN(1641)) - Starting Web-server for hddsDatanode at: http://0.0.0.0:0
2019-07-13 19:34:32,384 INFO  server.AuthenticationFilter (AuthenticationFilter.java:constructSecretProvider(240)) - Unable to initialize FileSignerSecretProvider, falling back to use random secrets.
2019-07-13 19:34:32,384 WARN  http.HttpRequestLog (HttpRequestLog.java:getRequestLog(97)) - Jetty request log can only be enabled using Log4j
2019-07-13 19:34:32,386 INFO  http.HttpServer2 (HttpServer2.java:addGlobalFilter(975)) - Added global filter 'safety' (class=org.apache.hadoop.http.HttpServer2$QuotingInputFilter)
2019-07-13 19:34:32,386 INFO  http.HttpServer2 (HttpServer2.java:addFilter(948)) - Added filter static_user_filter (class=org.apache.hadoop.http.lib.StaticUserWebFilter$StaticUserFilter) to context hddsDatanode
2019-07-13 19:34:32,386 INFO  http.HttpServer2 (HttpServer2.java:addFilter(958)) - Added filter static_user_filter (class=org.apache.hadoop.http.lib.StaticUserWebFilter$StaticUserFilter) to context logs
2019-07-13 19:34:32,386 INFO  http.HttpServer2 (HttpServer2.java:addFilter(958)) - Added filter static_user_filter (class=org.apache.hadoop.http.lib.StaticUserWebFilter$StaticUserFilter) to context static
2019-07-13 19:34:32,387 INFO  http.HttpServer2 (HttpServer2.java:bindListener(1191)) - Jetty bound to port 43425
2019-07-13 19:34:32,387 INFO  server.Server (Server.java:doStart(351)) - jetty-9.3.24.v20180605, build timestamp: 2018-06-05T17:11:56Z, git hash: 84205aa28f11a4f31f2a3b86d1bba2cc8ab69827
2019-07-13 19:34:32,389 INFO  handler.ContextHandler (ContextHandler.java:doStart(781)) - Started o.e.j.s.ServletContextHandler@289fff3c{/logs,file:///tmp/workdir/hadoop-ozone/integration-test/target/log,AVAILABLE}
2019-07-13 19:34:32,389 INFO  handler.ContextHandler (ContextHandler.java:doStart(781)) - Started o.e.j.s.ServletContextHandler@669ae205{/static,jar:file:/home/user/.m2/repository/org/apache/hadoop/hadoop-hdds-container-service/0.5.0-SNAPSHOT/hadoop-hdds-container-service-0.5.0-SNAPSHOT.jar!/webapps/static,AVAILABLE}
2019-07-13 19:34:32,415 INFO  handler.ContextHandler (ContextHandler.java:doStart(781)) - Started o.e.j.w.WebAppContext@4d7a4317{/,file:///tmp/jetty-0.0.0.0-43425-hddsDatanode-_-any-8081362608531680543.dir/webapp/,AVAILABLE}{/hddsDatanode}
2019-07-13 19:34:32,416 INFO  server.AbstractConnector (AbstractConnector.java:doStart(278)) - Started ServerConnector@5f1d270a{HTTP/1.1,[http/1.1]}{0.0.0.0:43425}
2019-07-13 19:34:32,416 INFO  server.Server (Server.java:doStart(419)) - Started @143650ms
2019-07-13 19:34:32,421 INFO  server.BaseHttpServer (BaseHttpServer.java:updateConnectorAddress(207)) - HTTP server of HDDSDATANODE is listening at http://0.0.0.0:43425
2019-07-13 19:34:32,530 INFO  ozone.HddsDatanodeService (HddsDatanodeService.java:startPlugins(396)) - Started plug-in org.apache.hadoop.ozone.web.OzoneHddsDatanodeService@7f1581bb
2019-07-13 19:34:32,531 INFO  impl.MetricsSystemImpl (MetricsSystemImpl.java:init(158)) - HddsDatanode metrics system started (again)
2019-07-13 19:34:32,531 INFO  ozone.HddsDatanodeService (HddsDatanodeService.java:start(185)) - HddsDatanodeService host:trunk-nightly-fxqsz-774976932 ip:192.168.69.122
2019-07-13 19:34:32,532 INFO  util.JvmPauseMonitor (JvmPauseMonitor.java:run(188)) - Starting JVM pause monitor
2019-07-13 19:34:32,534 INFO  datanode.InitDatanodeState (InitDatanodeState.java:persistContainerDatanodeDetails(140)) - DatanodeDetails is persisted to /tmp/workdir/hadoop-ozone/integration-test/target/test-dir/MiniOzoneClusterImpl-31689132-182d-4293-ba12-b7210fe65700/datanode-2/meta/datanode.id
2019-07-13 19:34:32,552 INFO  volume.HddsVolume (HddsVolume.java:<init>(176)) - Creating Volume: /tmp/workdir/hadoop-ozone/integration-test/target/test-dir/MiniOzoneClusterImpl-31689132-182d-4293-ba12-b7210fe65700/datanode-3/data/containers/hdds of  storage type : DISK and capacity : 52710309888
2019-07-13 19:34:32,552 INFO  volume.VolumeSet (VolumeSet.java:initializeVolumeSet(170)) - Added Volume : /tmp/workdir/hadoop-ozone/integration-test/target/test-dir/MiniOzoneClusterImpl-31689132-182d-4293-ba12-b7210fe65700/datanode-3/data/containers/hdds to VolumeSet
2019-07-13 19:34:32,552 INFO  volume.ThrottledAsyncChecker (ThrottledAsyncChecker.java:schedule(140)) - Scheduling a check for org.apache.hadoop.ozone.container.common.volume.HddsVolume@19305a7c
2019-07-13 19:34:32,553 INFO  volume.HddsVolumeChecker (HddsVolumeChecker.java:checkAllVolumes(203)) - Scheduled health check for volume org.apache.hadoop.ozone.container.common.volume.HddsVolume@19305a7c
2019-07-13 19:34:32,579 INFO  impl.RaftServerProxy (ConfUtils.java:logGet(43)) - raft.rpc.type = GRPC (default)
2019-07-13 19:34:32,580 INFO  grpc.GrpcFactory (GrpcFactory.java:checkPooledByteBufAllocatorUseCacheForAllThreads(45)) - PERFORMANCE WARNING: useCacheForAllThreads is true that may cause Netty to create a lot garbage objects and, as a result, trigger GC.
	It is recommended to disable useCacheForAllThreads by setting -Dorg.apache.ratis.thirdparty.io.netty.allocator.useCacheForAllThreads=false in command line.
2019-07-13 19:34:32,580 INFO  grpc.GrpcConfigKeys$Server (ConfUtils.java:logGet(43)) - raft.grpc.server.port = 0 (default)
2019-07-13 19:34:32,580 INFO  server.GrpcService (ConfUtils.java:logGet(43)) - raft.grpc.message.size.max = 33570816 (custom)
2019-07-13 19:34:32,580 INFO  server.RaftServerConfigKeys (ConfUtils.java:logGet(43)) - raft.server.log.appender.buffer.byte-limit = 33554432 (custom)
2019-07-13 19:34:32,580 INFO  server.GrpcService (ConfUtils.java:logGet(43)) - raft.grpc.flow.control.window = 1MB (=1048576) (default)
2019-07-13 19:34:32,581 INFO  server.RaftServerConfigKeys (ConfUtils.java:logGet(43)) - raft.server.rpc.request.timeout = 3000ms (default)
2019-07-13 19:34:32,581 INFO  server.RaftServerConfigKeys (ConfUtils.java:logGet(43)) - raft.server.storage.dir = [/tmp/workdir/hadoop-ozone/integration-test/target/test-dir/MiniOzoneClusterImpl-31689132-182d-4293-ba12-b7210fe65700/datanode-3/data/ratis] (custom)
2019-07-13 19:34:32,582 INFO  replication.SimpleContainerDownloader (SimpleContainerDownloader.java:<init>(72)) - Starting container downloader service to copy containers to replicate.
2019-07-13 19:34:32,583 INFO  hdfs.DFSUtil (DFSUtil.java:httpServerTemplateForNNAndJN(1641)) - Starting Web-server for hddsDatanode at: http://0.0.0.0:0
2019-07-13 19:34:32,589 INFO  server.AuthenticationFilter (AuthenticationFilter.java:constructSecretProvider(240)) - Unable to initialize FileSignerSecretProvider, falling back to use random secrets.
2019-07-13 19:34:32,589 WARN  http.HttpRequestLog (HttpRequestLog.java:getRequestLog(97)) - Jetty request log can only be enabled using Log4j
2019-07-13 19:34:32,590 INFO  http.HttpServer2 (HttpServer2.java:addGlobalFilter(975)) - Added global filter 'safety' (class=org.apache.hadoop.http.HttpServer2$QuotingInputFilter)
2019-07-13 19:34:32,591 INFO  http.HttpServer2 (HttpServer2.java:addFilter(948)) - Added filter static_user_filter (class=org.apache.hadoop.http.lib.StaticUserWebFilter$StaticUserFilter) to context hddsDatanode
2019-07-13 19:34:32,591 INFO  http.HttpServer2 (HttpServer2.java:addFilter(958)) - Added filter static_user_filter (class=org.apache.hadoop.http.lib.StaticUserWebFilter$StaticUserFilter) to context static
2019-07-13 19:34:32,591 INFO  http.HttpServer2 (HttpServer2.java:addFilter(958)) - Added filter static_user_filter (class=org.apache.hadoop.http.lib.StaticUserWebFilter$StaticUserFilter) to context logs
2019-07-13 19:34:32,592 INFO  http.HttpServer2 (HttpServer2.java:bindListener(1191)) - Jetty bound to port 37629
2019-07-13 19:34:32,592 INFO  server.Server (Server.java:doStart(351)) - jetty-9.3.24.v20180605, build timestamp: 2018-06-05T17:11:56Z, git hash: 84205aa28f11a4f31f2a3b86d1bba2cc8ab69827
2019-07-13 19:34:32,593 INFO  handler.ContextHandler (ContextHandler.java:doStart(781)) - Started o.e.j.s.ServletContextHandler@1203c259{/logs,file:///tmp/workdir/hadoop-ozone/integration-test/target/log,AVAILABLE}
2019-07-13 19:34:32,594 INFO  handler.ContextHandler (ContextHandler.java:doStart(781)) - Started o.e.j.s.ServletContextHandler@ba4c99c{/static,jar:file:/home/user/.m2/repository/org/apache/hadoop/hadoop-hdds-container-service/0.5.0-SNAPSHOT/hadoop-hdds-container-service-0.5.0-SNAPSHOT.jar!/webapps/static,AVAILABLE}
2019-07-13 19:34:32,622 INFO  handler.ContextHandler (ContextHandler.java:doStart(781)) - Started o.e.j.w.WebAppContext@52d202f0{/,file:///tmp/jetty-0.0.0.0-37629-hddsDatanode-_-any-6982786043509475610.dir/webapp/,AVAILABLE}{/hddsDatanode}
2019-07-13 19:34:32,622 INFO  server.AbstractConnector (AbstractConnector.java:doStart(278)) - Started ServerConnector@7fe75649{HTTP/1.1,[http/1.1]}{0.0.0.0:37629}
2019-07-13 19:34:32,623 INFO  server.Server (Server.java:doStart(419)) - Started @143857ms
2019-07-13 19:34:32,630 INFO  server.BaseHttpServer (BaseHttpServer.java:updateConnectorAddress(207)) - HTTP server of HDDSDATANODE is listening at http://0.0.0.0:37629
2019-07-13 19:34:32,971 INFO  ozone.HddsDatanodeService (HddsDatanodeService.java:startPlugins(396)) - Started plug-in org.apache.hadoop.ozone.web.OzoneHddsDatanodeService@26bd2d7d
2019-07-13 19:34:32,972 INFO  impl.MetricsSystemImpl (MetricsSystemImpl.java:init(158)) - HddsDatanode metrics system started (again)
2019-07-13 19:34:32,972 INFO  ozone.HddsDatanodeService (HddsDatanodeService.java:start(185)) - HddsDatanodeService host:trunk-nightly-fxqsz-774976932 ip:192.168.69.122
2019-07-13 19:34:32,973 INFO  util.JvmPauseMonitor (JvmPauseMonitor.java:run(188)) - Starting JVM pause monitor
2019-07-13 19:34:32,974 INFO  datanode.InitDatanodeState (InitDatanodeState.java:persistContainerDatanodeDetails(140)) - DatanodeDetails is persisted to /tmp/workdir/hadoop-ozone/integration-test/target/test-dir/MiniOzoneClusterImpl-31689132-182d-4293-ba12-b7210fe65700/datanode-3/meta/datanode.id
2019-07-13 19:34:32,993 INFO  volume.HddsVolume (HddsVolume.java:<init>(176)) - Creating Volume: /tmp/workdir/hadoop-ozone/integration-test/target/test-dir/MiniOzoneClusterImpl-31689132-182d-4293-ba12-b7210fe65700/datanode-4/data/containers/hdds of  storage type : DISK and capacity : 52710309888
2019-07-13 19:34:32,994 INFO  volume.VolumeSet (VolumeSet.java:initializeVolumeSet(170)) - Added Volume : /tmp/workdir/hadoop-ozone/integration-test/target/test-dir/MiniOzoneClusterImpl-31689132-182d-4293-ba12-b7210fe65700/datanode-4/data/containers/hdds to VolumeSet
2019-07-13 19:34:32,994 INFO  volume.ThrottledAsyncChecker (ThrottledAsyncChecker.java:schedule(140)) - Scheduling a check for org.apache.hadoop.ozone.container.common.volume.HddsVolume@2cf29dce
2019-07-13 19:34:32,995 INFO  volume.HddsVolumeChecker (HddsVolumeChecker.java:checkAllVolumes(203)) - Scheduled health check for volume org.apache.hadoop.ozone.container.common.volume.HddsVolume@2cf29dce
2019-07-13 19:34:33,020 INFO  impl.RaftServerProxy (ConfUtils.java:logGet(43)) - raft.rpc.type = GRPC (default)
2019-07-13 19:34:33,020 INFO  grpc.GrpcFactory (GrpcFactory.java:checkPooledByteBufAllocatorUseCacheForAllThreads(45)) - PERFORMANCE WARNING: useCacheForAllThreads is true that may cause Netty to create a lot garbage objects and, as a result, trigger GC.
	It is recommended to disable useCacheForAllThreads by setting -Dorg.apache.ratis.thirdparty.io.netty.allocator.useCacheForAllThreads=false in command line.
2019-07-13 19:34:33,021 INFO  grpc.GrpcConfigKeys$Server (ConfUtils.java:logGet(43)) - raft.grpc.server.port = 0 (default)
2019-07-13 19:34:33,021 INFO  server.GrpcService (ConfUtils.java:logGet(43)) - raft.grpc.message.size.max = 33570816 (custom)
2019-07-13 19:34:33,021 INFO  server.RaftServerConfigKeys (ConfUtils.java:logGet(43)) - raft.server.log.appender.buffer.byte-limit = 33554432 (custom)
2019-07-13 19:34:33,021 INFO  server.GrpcService (ConfUtils.java:logGet(43)) - raft.grpc.flow.control.window = 1MB (=1048576) (default)
2019-07-13 19:34:33,022 INFO  server.RaftServerConfigKeys (ConfUtils.java:logGet(43)) - raft.server.rpc.request.timeout = 3000ms (default)
2019-07-13 19:34:33,022 INFO  server.RaftServerConfigKeys (ConfUtils.java:logGet(43)) - raft.server.storage.dir = [/tmp/workdir/hadoop-ozone/integration-test/target/test-dir/MiniOzoneClusterImpl-31689132-182d-4293-ba12-b7210fe65700/datanode-4/data/ratis] (custom)
2019-07-13 19:34:33,023 INFO  replication.SimpleContainerDownloader (SimpleContainerDownloader.java:<init>(72)) - Starting container downloader service to copy containers to replicate.
2019-07-13 19:34:33,024 INFO  hdfs.DFSUtil (DFSUtil.java:httpServerTemplateForNNAndJN(1641)) - Starting Web-server for hddsDatanode at: http://0.0.0.0:0
2019-07-13 19:34:33,026 INFO  server.AuthenticationFilter (AuthenticationFilter.java:constructSecretProvider(240)) - Unable to initialize FileSignerSecretProvider, falling back to use random secrets.
2019-07-13 19:34:33,027 WARN  http.HttpRequestLog (HttpRequestLog.java:getRequestLog(97)) - Jetty request log can only be enabled using Log4j
2019-07-13 19:34:33,029 INFO  http.HttpServer2 (HttpServer2.java:addGlobalFilter(975)) - Added global filter 'safety' (class=org.apache.hadoop.http.HttpServer2$QuotingInputFilter)
2019-07-13 19:34:33,029 INFO  http.HttpServer2 (HttpServer2.java:addFilter(948)) - Added filter static_user_filter (class=org.apache.hadoop.http.lib.StaticUserWebFilter$StaticUserFilter) to context hddsDatanode
2019-07-13 19:34:33,030 INFO  http.HttpServer2 (HttpServer2.java:addFilter(958)) - Added filter static_user_filter (class=org.apache.hadoop.http.lib.StaticUserWebFilter$StaticUserFilter) to context logs
2019-07-13 19:34:33,030 INFO  http.HttpServer2 (HttpServer2.java:addFilter(958)) - Added filter static_user_filter (class=org.apache.hadoop.http.lib.StaticUserWebFilter$StaticUserFilter) to context static
2019-07-13 19:34:33,031 INFO  http.HttpServer2 (HttpServer2.java:bindListener(1191)) - Jetty bound to port 38299
2019-07-13 19:34:33,031 INFO  server.Server (Server.java:doStart(351)) - jetty-9.3.24.v20180605, build timestamp: 2018-06-05T17:11:56Z, git hash: 84205aa28f11a4f31f2a3b86d1bba2cc8ab69827
2019-07-13 19:34:33,033 INFO  handler.ContextHandler (ContextHandler.java:doStart(781)) - Started o.e.j.s.ServletContextHandler@6b174aa3{/logs,file:///tmp/workdir/hadoop-ozone/integration-test/target/log,AVAILABLE}
2019-07-13 19:34:33,034 INFO  handler.ContextHandler (ContextHandler.java:doStart(781)) - Started o.e.j.s.ServletContextHandler@48306567{/static,jar:file:/home/user/.m2/repository/org/apache/hadoop/hadoop-hdds-container-service/0.5.0-SNAPSHOT/hadoop-hdds-container-service-0.5.0-SNAPSHOT.jar!/webapps/static,AVAILABLE}
2019-07-13 19:34:33,084 INFO  handler.ContextHandler (ContextHandler.java:doStart(781)) - Started o.e.j.w.WebAppContext@7f0b32c0{/,file:///tmp/jetty-0.0.0.0-38299-hddsDatanode-_-any-8132678808921572503.dir/webapp/,AVAILABLE}{/hddsDatanode}
2019-07-13 19:34:33,084 INFO  server.AbstractConnector (AbstractConnector.java:doStart(278)) - Started ServerConnector@6c152246{HTTP/1.1,[http/1.1]}{0.0.0.0:38299}
2019-07-13 19:34:33,092 INFO  server.Server (Server.java:doStart(419)) - Started @144326ms
2019-07-13 19:34:33,093 INFO  server.BaseHttpServer (BaseHttpServer.java:updateConnectorAddress(207)) - HTTP server of HDDSDATANODE is listening at http://0.0.0.0:38299
2019-07-13 19:34:33,218 INFO  ozone.HddsDatanodeService (HddsDatanodeService.java:startPlugins(396)) - Started plug-in org.apache.hadoop.ozone.web.OzoneHddsDatanodeService@1aa21319
2019-07-13 19:34:33,219 INFO  impl.MetricsSystemImpl (MetricsSystemImpl.java:init(158)) - HddsDatanode metrics system started (again)
2019-07-13 19:34:33,219 INFO  ozone.HddsDatanodeService (HddsDatanodeService.java:start(185)) - HddsDatanodeService host:trunk-nightly-fxqsz-774976932 ip:192.168.69.122
2019-07-13 19:34:33,220 INFO  util.JvmPauseMonitor (JvmPauseMonitor.java:run(188)) - Starting JVM pause monitor
2019-07-13 19:34:33,221 INFO  datanode.InitDatanodeState (InitDatanodeState.java:persistContainerDatanodeDetails(140)) - DatanodeDetails is persisted to /tmp/workdir/hadoop-ozone/integration-test/target/test-dir/MiniOzoneClusterImpl-31689132-182d-4293-ba12-b7210fe65700/datanode-4/meta/datanode.id
2019-07-13 19:34:33,274 INFO  volume.HddsVolume (HddsVolume.java:<init>(176)) - Creating Volume: /tmp/workdir/hadoop-ozone/integration-test/target/test-dir/MiniOzoneClusterImpl-31689132-182d-4293-ba12-b7210fe65700/datanode-5/data/containers/hdds of  storage type : DISK and capacity : 52710309888
2019-07-13 19:34:33,275 INFO  volume.VolumeSet (VolumeSet.java:initializeVolumeSet(170)) - Added Volume : /tmp/workdir/hadoop-ozone/integration-test/target/test-dir/MiniOzoneClusterImpl-31689132-182d-4293-ba12-b7210fe65700/datanode-5/data/containers/hdds to VolumeSet
2019-07-13 19:34:33,275 INFO  volume.ThrottledAsyncChecker (ThrottledAsyncChecker.java:schedule(140)) - Scheduling a check for org.apache.hadoop.ozone.container.common.volume.HddsVolume@27f09e08
2019-07-13 19:34:33,276 INFO  volume.HddsVolumeChecker (HddsVolumeChecker.java:checkAllVolumes(203)) - Scheduled health check for volume org.apache.hadoop.ozone.container.common.volume.HddsVolume@27f09e08
2019-07-13 19:34:33,302 INFO  impl.RaftServerProxy (ConfUtils.java:logGet(43)) - raft.rpc.type = GRPC (default)
2019-07-13 19:34:33,302 INFO  grpc.GrpcFactory (GrpcFactory.java:checkPooledByteBufAllocatorUseCacheForAllThreads(45)) - PERFORMANCE WARNING: useCacheForAllThreads is true that may cause Netty to create a lot garbage objects and, as a result, trigger GC.
	It is recommended to disable useCacheForAllThreads by setting -Dorg.apache.ratis.thirdparty.io.netty.allocator.useCacheForAllThreads=false in command line.
2019-07-13 19:34:33,302 INFO  grpc.GrpcConfigKeys$Server (ConfUtils.java:logGet(43)) - raft.grpc.server.port = 0 (default)
2019-07-13 19:34:33,303 INFO  server.GrpcService (ConfUtils.java:logGet(43)) - raft.grpc.message.size.max = 33570816 (custom)
2019-07-13 19:34:33,303 INFO  server.RaftServerConfigKeys (ConfUtils.java:logGet(43)) - raft.server.log.appender.buffer.byte-limit = 33554432 (custom)
2019-07-13 19:34:33,303 INFO  server.GrpcService (ConfUtils.java:logGet(43)) - raft.grpc.flow.control.window = 1MB (=1048576) (default)
2019-07-13 19:34:33,303 INFO  server.RaftServerConfigKeys (ConfUtils.java:logGet(43)) - raft.server.rpc.request.timeout = 3000ms (default)
2019-07-13 19:34:33,304 INFO  server.RaftServerConfigKeys (ConfUtils.java:logGet(43)) - raft.server.storage.dir = [/tmp/workdir/hadoop-ozone/integration-test/target/test-dir/MiniOzoneClusterImpl-31689132-182d-4293-ba12-b7210fe65700/datanode-5/data/ratis] (custom)
2019-07-13 19:34:33,304 INFO  replication.SimpleContainerDownloader (SimpleContainerDownloader.java:<init>(72)) - Starting container downloader service to copy containers to replicate.
2019-07-13 19:34:33,305 INFO  hdfs.DFSUtil (DFSUtil.java:httpServerTemplateForNNAndJN(1641)) - Starting Web-server for hddsDatanode at: http://0.0.0.0:0
2019-07-13 19:34:33,307 INFO  server.AuthenticationFilter (AuthenticationFilter.java:constructSecretProvider(240)) - Unable to initialize FileSignerSecretProvider, falling back to use random secrets.
2019-07-13 19:34:33,307 WARN  http.HttpRequestLog (HttpRequestLog.java:getRequestLog(97)) - Jetty request log can only be enabled using Log4j
2019-07-13 19:34:33,309 INFO  http.HttpServer2 (HttpServer2.java:addGlobalFilter(975)) - Added global filter 'safety' (class=org.apache.hadoop.http.HttpServer2$QuotingInputFilter)
2019-07-13 19:34:33,309 INFO  http.HttpServer2 (HttpServer2.java:addFilter(948)) - Added filter static_user_filter (class=org.apache.hadoop.http.lib.StaticUserWebFilter$StaticUserFilter) to context hddsDatanode
2019-07-13 19:34:33,310 INFO  http.HttpServer2 (HttpServer2.java:addFilter(958)) - Added filter static_user_filter (class=org.apache.hadoop.http.lib.StaticUserWebFilter$StaticUserFilter) to context static
2019-07-13 19:34:33,310 INFO  http.HttpServer2 (HttpServer2.java:addFilter(958)) - Added filter static_user_filter (class=org.apache.hadoop.http.lib.StaticUserWebFilter$StaticUserFilter) to context logs
2019-07-13 19:34:33,311 INFO  http.HttpServer2 (HttpServer2.java:bindListener(1191)) - Jetty bound to port 34983
2019-07-13 19:34:33,311 INFO  server.Server (Server.java:doStart(351)) - jetty-9.3.24.v20180605, build timestamp: 2018-06-05T17:11:56Z, git hash: 84205aa28f11a4f31f2a3b86d1bba2cc8ab69827
2019-07-13 19:34:33,313 INFO  handler.ContextHandler (ContextHandler.java:doStart(781)) - Started o.e.j.s.ServletContextHandler@7cfb255{/logs,file:///tmp/workdir/hadoop-ozone/integration-test/target/log,AVAILABLE}
2019-07-13 19:34:33,314 INFO  handler.ContextHandler (ContextHandler.java:doStart(781)) - Started o.e.j.s.ServletContextHandler@4545ac62{/static,jar:file:/home/user/.m2/repository/org/apache/hadoop/hadoop-hdds-container-service/0.5.0-SNAPSHOT/hadoop-hdds-container-service-0.5.0-SNAPSHOT.jar!/webapps/static,AVAILABLE}
2019-07-13 19:34:33,357 INFO  handler.ContextHandler (ContextHandler.java:doStart(781)) - Started o.e.j.w.WebAppContext@b94c22d{/,file:///tmp/jetty-0.0.0.0-34983-hddsDatanode-_-any-7935076800785097844.dir/webapp/,AVAILABLE}{/hddsDatanode}
2019-07-13 19:34:33,357 INFO  server.AbstractConnector (AbstractConnector.java:doStart(278)) - Started ServerConnector@5fb4870b{HTTP/1.1,[http/1.1]}{0.0.0.0:34983}
2019-07-13 19:34:33,364 INFO  server.Server (Server.java:doStart(419)) - Started @144599ms
2019-07-13 19:34:33,365 INFO  server.BaseHttpServer (BaseHttpServer.java:updateConnectorAddress(207)) - HTTP server of HDDSDATANODE is listening at http://0.0.0.0:34983
2019-07-13 19:34:33,383 WARN  server.GrpcLogAppender (LogUtils.java:warn(134)) - 3b7fc3d4-38ac-4cbc-ac5c-0a5ecb5eaa58->12ebe1e8-f3b8-43be-a24e-312d113c4afa: Failed appendEntries: org.apache.ratis.thirdparty.io.grpc.StatusRuntimeException: UNAVAILABLE: io exception
2019-07-13 19:34:33,383 WARN  server.GrpcLogAppender (LogUtils.java:warn(134)) - 3b7fc3d4-38ac-4cbc-ac5c-0a5ecb5eaa58->26f66dd9-c91a-486d-a992-f58b07c1a85c: Failed appendEntries: org.apache.ratis.thirdparty.io.grpc.StatusRuntimeException: UNAVAILABLE: io exception
2019-07-13 19:34:33,384 INFO  impl.FollowerInfo (FollowerInfo.java:lambda$new$0(50)) - 3b7fc3d4-38ac-4cbc-ac5c-0a5ecb5eaa58->12ebe1e8-f3b8-43be-a24e-312d113c4afa: nextIndex: updateUnconditionally 0 -> 0
2019-07-13 19:34:33,384 INFO  impl.FollowerInfo (FollowerInfo.java:lambda$new$0(50)) - 3b7fc3d4-38ac-4cbc-ac5c-0a5ecb5eaa58->26f66dd9-c91a-486d-a992-f58b07c1a85c: nextIndex: updateUnconditionally 0 -> 0
2019-07-13 19:34:33,574 INFO  ozone.HddsDatanodeService (HddsDatanodeService.java:startPlugins(396)) - Started plug-in org.apache.hadoop.ozone.web.OzoneHddsDatanodeService@3e6b08d4
2019-07-13 19:34:33,575 INFO  impl.MetricsSystemImpl (MetricsSystemImpl.java:init(158)) - HddsDatanode metrics system started (again)
2019-07-13 19:34:33,575 INFO  ozone.HddsDatanodeService (HddsDatanodeService.java:start(185)) - HddsDatanodeService host:trunk-nightly-fxqsz-774976932 ip:192.168.69.122
2019-07-13 19:34:33,576 INFO  util.JvmPauseMonitor (JvmPauseMonitor.java:run(188)) - Starting JVM pause monitor
2019-07-13 19:34:33,578 INFO  datanode.InitDatanodeState (InitDatanodeState.java:persistContainerDatanodeDetails(140)) - DatanodeDetails is persisted to /tmp/workdir/hadoop-ozone/integration-test/target/test-dir/MiniOzoneClusterImpl-31689132-182d-4293-ba12-b7210fe65700/datanode-5/meta/datanode.id
2019-07-13 19:34:33,596 INFO  volume.HddsVolume (HddsVolume.java:<init>(176)) - Creating Volume: /tmp/workdir/hadoop-ozone/integration-test/target/test-dir/MiniOzoneClusterImpl-31689132-182d-4293-ba12-b7210fe65700/datanode-6/data/containers/hdds of  storage type : DISK and capacity : 52710309888
2019-07-13 19:34:33,597 INFO  volume.VolumeSet (VolumeSet.java:initializeVolumeSet(170)) - Added Volume : /tmp/workdir/hadoop-ozone/integration-test/target/test-dir/MiniOzoneClusterImpl-31689132-182d-4293-ba12-b7210fe65700/datanode-6/data/containers/hdds to VolumeSet
2019-07-13 19:34:33,597 INFO  volume.ThrottledAsyncChecker (ThrottledAsyncChecker.java:schedule(140)) - Scheduling a check for org.apache.hadoop.ozone.container.common.volume.HddsVolume@45add64c
2019-07-13 19:34:33,598 INFO  volume.HddsVolumeChecker (HddsVolumeChecker.java:checkAllVolumes(203)) - Scheduled health check for volume org.apache.hadoop.ozone.container.common.volume.HddsVolume@45add64c
2019-07-13 19:34:33,622 INFO  impl.RaftServerProxy (ConfUtils.java:logGet(43)) - raft.rpc.type = GRPC (default)
2019-07-13 19:34:33,622 INFO  grpc.GrpcFactory (GrpcFactory.java:checkPooledByteBufAllocatorUseCacheForAllThreads(45)) - PERFORMANCE WARNING: useCacheForAllThreads is true that may cause Netty to create a lot garbage objects and, as a result, trigger GC.
	It is recommended to disable useCacheForAllThreads by setting -Dorg.apache.ratis.thirdparty.io.netty.allocator.useCacheForAllThreads=false in command line.
2019-07-13 19:34:33,623 INFO  grpc.GrpcConfigKeys$Server (ConfUtils.java:logGet(43)) - raft.grpc.server.port = 0 (default)
2019-07-13 19:34:33,623 INFO  server.GrpcService (ConfUtils.java:logGet(43)) - raft.grpc.message.size.max = 33570816 (custom)
2019-07-13 19:34:33,623 INFO  server.RaftServerConfigKeys (ConfUtils.java:logGet(43)) - raft.server.log.appender.buffer.byte-limit = 33554432 (custom)
2019-07-13 19:34:33,623 INFO  server.GrpcService (ConfUtils.java:logGet(43)) - raft.grpc.flow.control.window = 1MB (=1048576) (default)
2019-07-13 19:34:33,624 INFO  server.RaftServerConfigKeys (ConfUtils.java:logGet(43)) - raft.server.rpc.request.timeout = 3000ms (default)
2019-07-13 19:34:33,624 INFO  server.RaftServerConfigKeys (ConfUtils.java:logGet(43)) - raft.server.storage.dir = [/tmp/workdir/hadoop-ozone/integration-test/target/test-dir/MiniOzoneClusterImpl-31689132-182d-4293-ba12-b7210fe65700/datanode-6/data/ratis] (custom)
2019-07-13 19:34:33,625 INFO  replication.SimpleContainerDownloader (SimpleContainerDownloader.java:<init>(72)) - Starting container downloader service to copy containers to replicate.
2019-07-13 19:34:33,626 INFO  hdfs.DFSUtil (DFSUtil.java:httpServerTemplateForNNAndJN(1641)) - Starting Web-server for hddsDatanode at: http://0.0.0.0:0
2019-07-13 19:34:33,628 INFO  server.AuthenticationFilter (AuthenticationFilter.java:constructSecretProvider(240)) - Unable to initialize FileSignerSecretProvider, falling back to use random secrets.
2019-07-13 19:34:33,629 WARN  http.HttpRequestLog (HttpRequestLog.java:getRequestLog(97)) - Jetty request log can only be enabled using Log4j
2019-07-13 19:34:33,631 INFO  http.HttpServer2 (HttpServer2.java:addGlobalFilter(975)) - Added global filter 'safety' (class=org.apache.hadoop.http.HttpServer2$QuotingInputFilter)
2019-07-13 19:34:33,632 INFO  http.HttpServer2 (HttpServer2.java:addFilter(948)) - Added filter static_user_filter (class=org.apache.hadoop.http.lib.StaticUserWebFilter$StaticUserFilter) to context hddsDatanode
2019-07-13 19:34:33,632 INFO  http.HttpServer2 (HttpServer2.java:addFilter(958)) - Added filter static_user_filter (class=org.apache.hadoop.http.lib.StaticUserWebFilter$StaticUserFilter) to context logs
2019-07-13 19:34:33,632 INFO  http.HttpServer2 (HttpServer2.java:addFilter(958)) - Added filter static_user_filter (class=org.apache.hadoop.http.lib.StaticUserWebFilter$StaticUserFilter) to context static
2019-07-13 19:34:33,633 INFO  http.HttpServer2 (HttpServer2.java:bindListener(1191)) - Jetty bound to port 45374
2019-07-13 19:34:33,633 INFO  server.Server (Server.java:doStart(351)) - jetty-9.3.24.v20180605, build timestamp: 2018-06-05T17:11:56Z, git hash: 84205aa28f11a4f31f2a3b86d1bba2cc8ab69827
2019-07-13 19:34:33,635 INFO  handler.ContextHandler (ContextHandler.java:doStart(781)) - Started o.e.j.s.ServletContextHandler@4a7b42db{/logs,file:///tmp/workdir/hadoop-ozone/integration-test/target/log,AVAILABLE}
2019-07-13 19:34:33,636 INFO  handler.ContextHandler (ContextHandler.java:doStart(781)) - Started o.e.j.s.ServletContextHandler@5926f291{/static,jar:file:/home/user/.m2/repository/org/apache/hadoop/hadoop-hdds-container-service/0.5.0-SNAPSHOT/hadoop-hdds-container-service-0.5.0-SNAPSHOT.jar!/webapps/static,AVAILABLE}
2019-07-13 19:34:33,679 INFO  handler.ContextHandler (ContextHandler.java:doStart(781)) - Started o.e.j.w.WebAppContext@43e7ca6f{/,file:///tmp/jetty-0.0.0.0-45374-hddsDatanode-_-any-585566501627796164.dir/webapp/,AVAILABLE}{/hddsDatanode}
2019-07-13 19:34:33,680 INFO  server.AbstractConnector (AbstractConnector.java:doStart(278)) - Started ServerConnector@2e3fdf30{HTTP/1.1,[http/1.1]}{0.0.0.0:45374}
2019-07-13 19:34:33,689 INFO  server.Server (Server.java:doStart(419)) - Started @144923ms
2019-07-13 19:34:33,690 INFO  server.BaseHttpServer (BaseHttpServer.java:updateConnectorAddress(207)) - HTTP server of HDDSDATANODE is listening at http://0.0.0.0:45374
2019-07-13 19:34:33,841 INFO  ozone.HddsDatanodeService (HddsDatanodeService.java:startPlugins(396)) - Started plug-in org.apache.hadoop.ozone.web.OzoneHddsDatanodeService@240a9052
2019-07-13 19:34:33,841 INFO  ozone.MiniOzoneClusterImpl (MiniOzoneClusterImpl.java:lambda$waitForClusterToBeReady$0(142)) - Waiting for cluster to be ready. Got 0 of 7 DN Heartbeats.
2019-07-13 19:34:33,843 INFO  util.JvmPauseMonitor (JvmPauseMonitor.java:run(188)) - Starting JVM pause monitor
2019-07-13 19:34:33,844 INFO  datanode.InitDatanodeState (InitDatanodeState.java:persistContainerDatanodeDetails(140)) - DatanodeDetails is persisted to /tmp/workdir/hadoop-ozone/integration-test/target/test-dir/MiniOzoneClusterImpl-31689132-182d-4293-ba12-b7210fe65700/datanode-6/meta/datanode.id
2019-07-13 19:34:34,173 INFO  ozoneimpl.OzoneContainer (OzoneContainer.java:start(186)) - Attempting to start container services.
2019-07-13 19:34:34,174 INFO  ozoneimpl.OzoneContainer (OzoneContainer.java:startContainerScrub(160)) - Background container scrubber has been disabled by hdds.containerscrub.enabled
2019-07-13 19:34:34,174 INFO  ratis.XceiverServerRatis (XceiverServerRatis.java:start(418)) - Starting XceiverServerRatis e5966cd9-8e0e-4a26-b034-4f5f4cf31558 at port 0
2019-07-13 19:34:34,179 INFO  impl.RaftServerProxy (RaftServerProxy.java:lambda$start$3(299)) - e5966cd9-8e0e-4a26-b034-4f5f4cf31558: start RPC server
2019-07-13 19:34:34,180 INFO  server.GrpcService (GrpcService.java:startImpl(149)) - e5966cd9-8e0e-4a26-b034-4f5f4cf31558: GrpcService started, listening on 0.0.0.0/0.0.0.0:44662
2019-07-13 19:34:34,181 INFO  ratis.XceiverServerRatis (XceiverServerRatis.java:start(428)) - XceiverServerRatis e5966cd9-8e0e-4a26-b034-4f5f4cf31558 is started using port 44662
2019-07-13 19:34:34,181 INFO  server.XceiverServerGrpc (XceiverServerGrpc.java:start(161)) - XceiverServerGrpc e5966cd9-8e0e-4a26-b034-4f5f4cf31558 is started using port 39265
2019-07-13 19:34:34,370 INFO  ozoneimpl.OzoneContainer (OzoneContainer.java:start(186)) - Attempting to start container services.
2019-07-13 19:34:34,370 INFO  ozoneimpl.OzoneContainer (OzoneContainer.java:startContainerScrub(160)) - Background container scrubber has been disabled by hdds.containerscrub.enabled
2019-07-13 19:34:34,370 INFO  ratis.XceiverServerRatis (XceiverServerRatis.java:start(418)) - Starting XceiverServerRatis 7e9551d0-ed7b-4574-b87c-8da4249d2309 at port 0
2019-07-13 19:34:34,378 INFO  impl.RaftServerProxy (RaftServerProxy.java:lambda$start$3(299)) - 7e9551d0-ed7b-4574-b87c-8da4249d2309: start RPC server
2019-07-13 19:34:34,379 INFO  server.GrpcService (GrpcService.java:startImpl(149)) - 7e9551d0-ed7b-4574-b87c-8da4249d2309: GrpcService started, listening on 0.0.0.0/0.0.0.0:46112
2019-07-13 19:34:34,379 INFO  ratis.XceiverServerRatis (XceiverServerRatis.java:start(428)) - XceiverServerRatis 7e9551d0-ed7b-4574-b87c-8da4249d2309 is started using port 46112
2019-07-13 19:34:34,379 INFO  server.XceiverServerGrpc (XceiverServerGrpc.java:start(161)) - XceiverServerGrpc 7e9551d0-ed7b-4574-b87c-8da4249d2309 is started using port 35068
2019-07-13 19:34:34,497 WARN  server.GrpcLogAppender (LogUtils.java:warn(134)) - 5d1032ca-9147-4957-b503-39c877a962e7->60ce25f2-006c-4f2f-9804-0a3aa3878877: Failed appendEntries: org.apache.ratis.thirdparty.io.grpc.StatusRuntimeException: UNAVAILABLE: io exception
2019-07-13 19:34:34,497 WARN  server.GrpcLogAppender (LogUtils.java:warn(134)) - 5d1032ca-9147-4957-b503-39c877a962e7->00d91248-b81b-486b-9e32-e5c5f65edbd1: Failed appendEntries: org.apache.ratis.thirdparty.io.grpc.StatusRuntimeException: UNAVAILABLE: io exception
2019-07-13 19:34:34,497 INFO  impl.FollowerInfo (FollowerInfo.java:lambda$new$0(50)) - 5d1032ca-9147-4957-b503-39c877a962e7->60ce25f2-006c-4f2f-9804-0a3aa3878877: nextIndex: updateUnconditionally 0 -> 0
2019-07-13 19:34:34,497 INFO  impl.FollowerInfo (FollowerInfo.java:lambda$new$0(50)) - 5d1032ca-9147-4957-b503-39c877a962e7->00d91248-b81b-486b-9e32-e5c5f65edbd1: nextIndex: updateUnconditionally 0 -> 0
2019-07-13 19:34:34,558 INFO  ozoneimpl.OzoneContainer (OzoneContainer.java:start(186)) - Attempting to start container services.
2019-07-13 19:34:34,558 INFO  ozoneimpl.OzoneContainer (OzoneContainer.java:startContainerScrub(160)) - Background container scrubber has been disabled by hdds.containerscrub.enabled
2019-07-13 19:34:34,558 INFO  ratis.XceiverServerRatis (XceiverServerRatis.java:start(418)) - Starting XceiverServerRatis 1daa7354-ec14-43de-8c96-793ad9842a69 at port 0
2019-07-13 19:34:34,565 INFO  impl.RaftServerProxy (RaftServerProxy.java:lambda$start$3(299)) - 1daa7354-ec14-43de-8c96-793ad9842a69: start RPC server
2019-07-13 19:34:34,566 INFO  server.GrpcService (GrpcService.java:startImpl(149)) - 1daa7354-ec14-43de-8c96-793ad9842a69: GrpcService started, listening on 0.0.0.0/0.0.0.0:41610
2019-07-13 19:34:34,566 INFO  ratis.XceiverServerRatis (XceiverServerRatis.java:start(428)) - XceiverServerRatis 1daa7354-ec14-43de-8c96-793ad9842a69 is started using port 41610
2019-07-13 19:34:34,567 INFO  server.XceiverServerGrpc (XceiverServerGrpc.java:start(161)) - XceiverServerGrpc 1daa7354-ec14-43de-8c96-793ad9842a69 is started using port 44390
2019-07-13 19:34:34,842 INFO  ozone.MiniOzoneClusterImpl (MiniOzoneClusterImpl.java:lambda$waitForClusterToBeReady$0(142)) - Waiting for cluster to be ready. Got 0 of 7 DN Heartbeats.
2019-07-13 19:34:34,987 INFO  ozoneimpl.OzoneContainer (OzoneContainer.java:start(186)) - Attempting to start container services.
2019-07-13 19:34:34,987 INFO  ozoneimpl.OzoneContainer (OzoneContainer.java:startContainerScrub(160)) - Background container scrubber has been disabled by hdds.containerscrub.enabled
2019-07-13 19:34:34,987 INFO  ratis.XceiverServerRatis (XceiverServerRatis.java:start(418)) - Starting XceiverServerRatis 96b2c074-095f-4f1f-8300-c3ef1c676b7e at port 0
2019-07-13 19:34:34,996 INFO  impl.RaftServerProxy (RaftServerProxy.java:lambda$start$3(299)) - 96b2c074-095f-4f1f-8300-c3ef1c676b7e: start RPC server
2019-07-13 19:34:34,997 INFO  server.GrpcService (GrpcService.java:startImpl(149)) - 96b2c074-095f-4f1f-8300-c3ef1c676b7e: GrpcService started, listening on 0.0.0.0/0.0.0.0:36461
2019-07-13 19:34:34,997 INFO  ratis.XceiverServerRatis (XceiverServerRatis.java:start(428)) - XceiverServerRatis 96b2c074-095f-4f1f-8300-c3ef1c676b7e is started using port 36461
2019-07-13 19:34:34,998 INFO  server.XceiverServerGrpc (XceiverServerGrpc.java:start(161)) - XceiverServerGrpc 96b2c074-095f-4f1f-8300-c3ef1c676b7e is started using port 36367
2019-07-13 19:34:35,233 INFO  ozoneimpl.OzoneContainer (OzoneContainer.java:start(186)) - Attempting to start container services.
2019-07-13 19:34:35,234 INFO  ozoneimpl.OzoneContainer (OzoneContainer.java:startContainerScrub(160)) - Background container scrubber has been disabled by hdds.containerscrub.enabled
2019-07-13 19:34:35,234 INFO  ratis.XceiverServerRatis (XceiverServerRatis.java:start(418)) - Starting XceiverServerRatis 9acb16b8-b895-4cdd-96f3-66702cee2304 at port 0
2019-07-13 19:34:35,241 INFO  impl.RaftServerProxy (RaftServerProxy.java:lambda$start$3(299)) - 9acb16b8-b895-4cdd-96f3-66702cee2304: start RPC server
2019-07-13 19:34:35,242 INFO  server.GrpcService (GrpcService.java:startImpl(149)) - 9acb16b8-b895-4cdd-96f3-66702cee2304: GrpcService started, listening on 0.0.0.0/0.0.0.0:37853
2019-07-13 19:34:35,242 INFO  ratis.XceiverServerRatis (XceiverServerRatis.java:start(428)) - XceiverServerRatis 9acb16b8-b895-4cdd-96f3-66702cee2304 is started using port 37853
2019-07-13 19:34:35,243 INFO  server.XceiverServerGrpc (XceiverServerGrpc.java:start(161)) - XceiverServerGrpc 9acb16b8-b895-4cdd-96f3-66702cee2304 is started using port 44382
2019-07-13 19:34:35,590 INFO  ozoneimpl.OzoneContainer (OzoneContainer.java:start(186)) - Attempting to start container services.
2019-07-13 19:34:35,590 INFO  ozoneimpl.OzoneContainer (OzoneContainer.java:startContainerScrub(160)) - Background container scrubber has been disabled by hdds.containerscrub.enabled
2019-07-13 19:34:35,590 INFO  ratis.XceiverServerRatis (XceiverServerRatis.java:start(418)) - Starting XceiverServerRatis 1ffab7d8-62dd-458d-96b1-a83e102e89e6 at port 0
2019-07-13 19:34:35,598 INFO  impl.RaftServerProxy (RaftServerProxy.java:lambda$start$3(299)) - 1ffab7d8-62dd-458d-96b1-a83e102e89e6: start RPC server
2019-07-13 19:34:35,599 INFO  server.GrpcService (GrpcService.java:startImpl(149)) - 1ffab7d8-62dd-458d-96b1-a83e102e89e6: GrpcService started, listening on 0.0.0.0/0.0.0.0:43242
2019-07-13 19:34:35,599 INFO  ratis.XceiverServerRatis (XceiverServerRatis.java:start(428)) - XceiverServerRatis 1ffab7d8-62dd-458d-96b1-a83e102e89e6 is started using port 43242
2019-07-13 19:34:35,599 INFO  server.XceiverServerGrpc (XceiverServerGrpc.java:start(161)) - XceiverServerGrpc 1ffab7d8-62dd-458d-96b1-a83e102e89e6 is started using port 41972
2019-07-13 19:34:35,842 INFO  ozone.MiniOzoneClusterImpl (MiniOzoneClusterImpl.java:lambda$waitForClusterToBeReady$0(142)) - Waiting for cluster to be ready. Got 0 of 7 DN Heartbeats.
2019-07-13 19:34:35,869 INFO  ozoneimpl.OzoneContainer (OzoneContainer.java:start(186)) - Attempting to start container services.
2019-07-13 19:34:35,869 INFO  ozoneimpl.OzoneContainer (OzoneContainer.java:startContainerScrub(160)) - Background container scrubber has been disabled by hdds.containerscrub.enabled
2019-07-13 19:34:35,869 INFO  ratis.XceiverServerRatis (XceiverServerRatis.java:start(418)) - Starting XceiverServerRatis 9ec39fed-7e6a-428d-9247-91a9000b349b at port 0
2019-07-13 19:34:35,878 INFO  impl.RaftServerProxy (RaftServerProxy.java:lambda$start$3(299)) - 9ec39fed-7e6a-428d-9247-91a9000b349b: start RPC server
2019-07-13 19:34:35,878 INFO  server.GrpcService (GrpcService.java:startImpl(149)) - 9ec39fed-7e6a-428d-9247-91a9000b349b: GrpcService started, listening on 0.0.0.0/0.0.0.0:42037
2019-07-13 19:34:35,878 INFO  ratis.XceiverServerRatis (XceiverServerRatis.java:start(428)) - XceiverServerRatis 9ec39fed-7e6a-428d-9247-91a9000b349b is started using port 42037
2019-07-13 19:34:35,879 INFO  server.XceiverServerGrpc (XceiverServerGrpc.java:start(161)) - XceiverServerGrpc 9ec39fed-7e6a-428d-9247-91a9000b349b is started using port 33811
2019-07-13 19:34:35,884 WARN  server.GrpcLogAppender (LogUtils.java:warn(134)) - 3b7fc3d4-38ac-4cbc-ac5c-0a5ecb5eaa58->12ebe1e8-f3b8-43be-a24e-312d113c4afa: Failed appendEntries: org.apache.ratis.thirdparty.io.grpc.StatusRuntimeException: UNAVAILABLE: io exception
2019-07-13 19:34:35,884 WARN  server.GrpcLogAppender (LogUtils.java:warn(134)) - 3b7fc3d4-38ac-4cbc-ac5c-0a5ecb5eaa58->26f66dd9-c91a-486d-a992-f58b07c1a85c: Failed appendEntries: org.apache.ratis.thirdparty.io.grpc.StatusRuntimeException: UNAVAILABLE: io exception
2019-07-13 19:34:35,885 INFO  impl.FollowerInfo (FollowerInfo.java:lambda$new$0(50)) - 3b7fc3d4-38ac-4cbc-ac5c-0a5ecb5eaa58->12ebe1e8-f3b8-43be-a24e-312d113c4afa: nextIndex: updateUnconditionally 0 -> 0
2019-07-13 19:34:35,885 INFO  impl.FollowerInfo (FollowerInfo.java:lambda$new$0(50)) - 3b7fc3d4-38ac-4cbc-ac5c-0a5ecb5eaa58->26f66dd9-c91a-486d-a992-f58b07c1a85c: nextIndex: updateUnconditionally 0 -> 0
2019-07-13 19:34:36,132 INFO  net.NetworkTopology (NetworkTopologyImpl.java:add(110)) - Added a new node: /default-rack/192.168.69.122
2019-07-13 19:34:36,140 INFO  node.SCMNodeManager (SCMNodeManager.java:register(269)) - Registered Data node : e5966cd9-8e0e-4a26-b034-4f5f4cf31558{ip: 192.168.69.122, host: trunk-nightly-fxqsz-774976932, networkLocation: /default-rack, certSerialId: null}
2019-07-13 19:34:36,141 INFO  safemode.SCMSafeModeManager (DataNodeSafeModeRule.java:process(71)) - SCM in safe mode. 1 DataNodes registered, 1 required.
2019-07-13 19:34:36,202 INFO  safemode.SCMSafeModeManager (SCMSafeModeManager.java:validateSafeModeExitRules(177)) - ScmSafeModeManager, all rules are successfully validated
2019-07-13 19:34:36,202 INFO  safemode.SCMSafeModeManager (SCMSafeModeManager.java:exitSafeMode(193)) - SCM exiting safe mode.
2019-07-13 19:34:36,216 INFO  impl.RaftServerProxy (RaftServerProxy.java:addNew(89)) - e5966cd9-8e0e-4a26-b034-4f5f4cf31558: addNew group-15B3EE52EA7C:[e5966cd9-8e0e-4a26-b034-4f5f4cf31558:192.168.69.122:44662] returns group-15B3EE52EA7C:java.util.concurrent.CompletableFuture@c4572d0[Not completed]
2019-07-13 19:34:36,217 INFO  impl.RaftServerImpl (RaftServerImpl.java:<init>(93)) - e5966cd9-8e0e-4a26-b034-4f5f4cf31558: new RaftServerImpl for group-15B3EE52EA7C:[e5966cd9-8e0e-4a26-b034-4f5f4cf31558:192.168.69.122:44662] with ContainerStateMachine:uninitialized
2019-07-13 19:34:36,217 INFO  server.RaftServerConfigKeys (ConfUtils.java:logGet(43)) - raft.server.rpc.timeout.min = 5s (custom)
2019-07-13 19:34:36,217 INFO  server.RaftServerConfigKeys (ConfUtils.java:logGet(43)) - raft.server.rpc.timeout.max = 5200ms (custom)
2019-07-13 19:34:36,217 INFO  server.RaftServerConfigKeys (ConfUtils.java:logGet(43)) - raft.server.rpcslowness.timeout = 120s (custom)
2019-07-13 19:34:36,218 INFO  server.RaftServerConfigKeys (ConfUtils.java:logGet(43)) - raft.server.sleep.deviation.threshold = 300 (default)
2019-07-13 19:34:36,218 INFO  server.RaftServerConfigKeys (ConfUtils.java:logGet(43)) - raft.server.log.appender.install.snapshot.enabled = false (custom)
2019-07-13 19:34:36,218 INFO  impl.RaftServerImpl (ServerState.java:<init>(105)) - e5966cd9-8e0e-4a26-b034-4f5f4cf31558:group-15B3EE52EA7C ConfigurationManager, init=-1: [e5966cd9-8e0e-4a26-b034-4f5f4cf31558:192.168.69.122:44662], old=null, confs=<EMPTY_MAP>
2019-07-13 19:34:36,218 INFO  server.RaftServerConfigKeys (ConfUtils.java:logGet(43)) - raft.server.storage.dir = [/tmp/workdir/hadoop-ozone/integration-test/target/test-dir/MiniOzoneClusterImpl-31689132-182d-4293-ba12-b7210fe65700/datanode-0/data/ratis] (custom)
2019-07-13 19:34:36,219 INFO  storage.RaftStorageDirectory (RaftStorageDirectory.java:analyzeStorage(246)) - The storage directory /tmp/workdir/hadoop-ozone/integration-test/target/test-dir/MiniOzoneClusterImpl-31689132-182d-4293-ba12-b7210fe65700/datanode-0/data/ratis/55b72ce7-0114-4378-9995-15b3ee52ea7c does not exist. Creating ...
2019-07-13 19:34:36,244 INFO  storage.RaftStorageDirectory (RaftStorageDirectory.java:tryLock(328)) - Lock on /tmp/workdir/hadoop-ozone/integration-test/target/test-dir/MiniOzoneClusterImpl-31689132-182d-4293-ba12-b7210fe65700/datanode-0/data/ratis/55b72ce7-0114-4378-9995-15b3ee52ea7c/in_use.lock acquired by nodename 18559@trunk-nightly-fxqsz-774976932
2019-07-13 19:34:36,257 INFO  storage.RaftStorage (RaftStorage.java:format(72)) - Storage directory /tmp/workdir/hadoop-ozone/integration-test/target/test-dir/MiniOzoneClusterImpl-31689132-182d-4293-ba12-b7210fe65700/datanode-0/data/ratis/55b72ce7-0114-4378-9995-15b3ee52ea7c has been successfully formatted.
2019-07-13 19:34:36,258 INFO  ratis.ContainerStateMachine (ContainerStateMachine.java:loadSnapshot(200)) - The snapshot info is null.Setting the last applied index to:(t:0, i:~)
2019-07-13 19:34:36,258 INFO  server.RaftServerConfigKeys (ConfUtils.java:logGet(43)) - raft.server.leader.election.timeout = 120s (custom)
2019-07-13 19:34:36,258 INFO  server.RaftServerConfigKeys (ConfUtils.java:logGet(43)) - raft.server.log.use.memory = false (default)
2019-07-13 19:34:36,258 INFO  server.RaftServerConfigKeys (ConfUtils.java:logGet(43)) - raft.server.log.purge.gap = 1000000000 (custom)
2019-07-13 19:34:36,258 INFO  server.RaftServerConfigKeys (ConfUtils.java:logGet(43)) - raft.server.log.appender.buffer.byte-limit = 33554432 (custom)
2019-07-13 19:34:36,259 INFO  server.RaftServerConfigKeys (ConfUtils.java:logGet(43)) - raft.server.log.segment.size.max = 1048576 (custom)
2019-07-13 19:34:36,259 INFO  server.RaftServerConfigKeys (ConfUtils.java:logGet(43)) - raft.server.log.segment.cache.num.max = 2 (custom)
2019-07-13 19:34:36,259 INFO  segmented.SegmentedRaftLogWorker (SegmentedRaftLogWorker.java:<init>(172)) - new e5966cd9-8e0e-4a26-b034-4f5f4cf31558-SegmentedRaftLogWorker:Storage Directory /tmp/workdir/hadoop-ozone/integration-test/target/test-dir/MiniOzoneClusterImpl-31689132-182d-4293-ba12-b7210fe65700/datanode-0/data/ratis/55b72ce7-0114-4378-9995-15b3ee52ea7c for RaftStorage:Storage Directory /tmp/workdir/hadoop-ozone/integration-test/target/test-dir/MiniOzoneClusterImpl-31689132-182d-4293-ba12-b7210fe65700/datanode-0/data/ratis/55b72ce7-0114-4378-9995-15b3ee52ea7c
2019-07-13 19:34:36,259 INFO  server.RaftServerConfigKeys (ConfUtils.java:logGet(43)) - raft.server.log.queue.byte-limit = 2147483647 (custom)
2019-07-13 19:34:36,259 INFO  server.RaftServerConfigKeys (ConfUtils.java:logGet(43)) - raft.server.log.queue.element-limit = 1024 (custom)
2019-07-13 19:34:36,260 INFO  server.RaftServerConfigKeys (ConfUtils.java:logGet(43)) - raft.server.log.segment.size.max = 1048576 (custom)
2019-07-13 19:34:36,260 INFO  server.RaftServerConfigKeys (ConfUtils.java:logGet(43)) - raft.server.log.preallocated.size = 16384 (custom)
2019-07-13 19:34:36,260 INFO  server.RaftServerConfigKeys (ConfUtils.java:logGet(43)) - raft.server.log.write.buffer.size = 33554432 (custom)
2019-07-13 19:34:36,260 INFO  server.RaftServerConfigKeys (ConfUtils.java:logGet(43)) - raft.server.log.force.sync.num = 128 (default)
2019-07-13 19:34:36,260 INFO  server.RaftServerConfigKeys (ConfUtils.java:logGet(43)) - raft.server.log.statemachine.data.sync = true (default)
2019-07-13 19:34:36,260 INFO  server.RaftServerConfigKeys (ConfUtils.java:logGet(43)) - raft.server.log.statemachine.data.sync.timeout = 10s (default)
2019-07-13 19:34:36,260 INFO  server.RaftServerConfigKeys (ConfUtils.java:logGet(43)) - raft.server.log.statemachine.data.sync.timeout.retry = -1 (default)
2019-07-13 19:34:36,261 INFO  server.RaftServerConfigKeys (ConfUtils.java:logGet(43)) - raft.server.log.statemachine.data.caching.enabled = true (custom)
2019-07-13 19:34:36,261 INFO  segmented.SegmentedRaftLogWorker (SegmentedRaftLogWorker.java:lambda$new$0(132)) - e5966cd9-8e0e-4a26-b034-4f5f4cf31558-SegmentedRaftLogWorker:Storage Directory /tmp/workdir/hadoop-ozone/integration-test/target/test-dir/MiniOzoneClusterImpl-31689132-182d-4293-ba12-b7210fe65700/datanode-0/data/ratis/55b72ce7-0114-4378-9995-15b3ee52ea7c: flushIndex: setUnconditionally 0 -> -1
2019-07-13 19:34:36,261 INFO  server.RaftServerConfigKeys (ConfUtils.java:logGet(43)) - raft.server.snapshot.auto.trigger.enabled = true (custom)
2019-07-13 19:34:36,262 INFO  server.RaftServerConfigKeys (ConfUtils.java:logGet(43)) - raft.server.snapshot.auto.trigger.threshold = 10000 (custom)
2019-07-13 19:34:36,262 INFO  server.RaftServerConfigKeys (ConfUtils.java:logGet(43)) - raft.server.retrycache.expirytime = 600000ms (custom)
2019-07-13 19:34:36,262 INFO  impl.RaftServerImpl (RaftServerImpl.java:start(180)) - e5966cd9-8e0e-4a26-b034-4f5f4cf31558: start group-15B3EE52EA7C
2019-07-13 19:34:36,262 INFO  impl.RaftServerImpl (RaftServerImpl.java:setRole(171)) - e5966cd9-8e0e-4a26-b034-4f5f4cf31558:group-15B3EE52EA7C changes role from null to FOLLOWER at term 0 for startAsFollower
2019-07-13 19:34:36,262 INFO  impl.RoleInfo (RoleInfo.java:updateAndGet(143)) - e5966cd9-8e0e-4a26-b034-4f5f4cf31558: start FollowerState
2019-07-13 19:34:36,263 INFO  util.JmxRegister (JmxRegister.java:tryRegister(44)) - Successfully registered JMX Bean with object name Ratis:service=RaftServer,group=group-15B3EE52EA7C,id=e5966cd9-8e0e-4a26-b034-4f5f4cf31558
2019-07-13 19:34:36,266 INFO  pipeline.PipelineStateManager (PipelineStateManager.java:addPipeline(56)) - Created pipeline Pipeline[ Id: 55b72ce7-0114-4378-9995-15b3ee52ea7c, Nodes: e5966cd9-8e0e-4a26-b034-4f5f4cf31558{ip: 192.168.69.122, host: trunk-nightly-fxqsz-774976932, networkLocation: /default-rack, certSerialId: null}, Type:RATIS, Factor:ONE, State:OPEN]
2019-07-13 19:34:36,338 INFO  node.SCMNodeManager (SCMNodeManager.java:register(269)) - Registered Data node : 7e9551d0-ed7b-4574-b87c-8da4249d2309{ip: 192.168.69.122, host: trunk-nightly-fxqsz-774976932, networkLocation: /default-rack, certSerialId: null}
2019-07-13 19:34:36,354 INFO  impl.RaftServerProxy (RaftServerProxy.java:addNew(89)) - 7e9551d0-ed7b-4574-b87c-8da4249d2309: addNew group-ED6BBCC55592:[7e9551d0-ed7b-4574-b87c-8da4249d2309:192.168.69.122:46112] returns group-ED6BBCC55592:java.util.concurrent.CompletableFuture@562aedc1[Not completed]
2019-07-13 19:34:36,355 INFO  impl.RaftServerImpl (RaftServerImpl.java:<init>(93)) - 7e9551d0-ed7b-4574-b87c-8da4249d2309: new RaftServerImpl for group-ED6BBCC55592:[7e9551d0-ed7b-4574-b87c-8da4249d2309:192.168.69.122:46112] with ContainerStateMachine:uninitialized
2019-07-13 19:34:36,356 INFO  server.RaftServerConfigKeys (ConfUtils.java:logGet(43)) - raft.server.rpc.timeout.min = 5s (custom)
2019-07-13 19:34:36,356 INFO  server.RaftServerConfigKeys (ConfUtils.java:logGet(43)) - raft.server.rpc.timeout.max = 5200ms (custom)
2019-07-13 19:34:36,356 INFO  server.RaftServerConfigKeys (ConfUtils.java:logGet(43)) - raft.server.rpcslowness.timeout = 120s (custom)
2019-07-13 19:34:36,356 INFO  server.RaftServerConfigKeys (ConfUtils.java:logGet(43)) - raft.server.sleep.deviation.threshold = 300 (default)
2019-07-13 19:34:36,356 INFO  server.RaftServerConfigKeys (ConfUtils.java:logGet(43)) - raft.server.log.appender.install.snapshot.enabled = false (custom)
2019-07-13 19:34:36,356 INFO  impl.RaftServerImpl (ServerState.java:<init>(105)) - 7e9551d0-ed7b-4574-b87c-8da4249d2309:group-ED6BBCC55592 ConfigurationManager, init=-1: [7e9551d0-ed7b-4574-b87c-8da4249d2309:192.168.69.122:46112], old=null, confs=<EMPTY_MAP>
2019-07-13 19:34:36,357 INFO  server.RaftServerConfigKeys (ConfUtils.java:logGet(43)) - raft.server.storage.dir = [/tmp/workdir/hadoop-ozone/integration-test/target/test-dir/MiniOzoneClusterImpl-31689132-182d-4293-ba12-b7210fe65700/datanode-1/data/ratis] (custom)
2019-07-13 19:34:36,357 INFO  storage.RaftStorageDirectory (RaftStorageDirectory.java:analyzeStorage(246)) - The storage directory /tmp/workdir/hadoop-ozone/integration-test/target/test-dir/MiniOzoneClusterImpl-31689132-182d-4293-ba12-b7210fe65700/datanode-1/data/ratis/df6bd407-b20c-4325-9807-ed6bbcc55592 does not exist. Creating ...
2019-07-13 19:34:36,382 INFO  storage.RaftStorageDirectory (RaftStorageDirectory.java:tryLock(328)) - Lock on /tmp/workdir/hadoop-ozone/integration-test/target/test-dir/MiniOzoneClusterImpl-31689132-182d-4293-ba12-b7210fe65700/datanode-1/data/ratis/df6bd407-b20c-4325-9807-ed6bbcc55592/in_use.lock acquired by nodename 18559@trunk-nightly-fxqsz-774976932
2019-07-13 19:34:36,395 INFO  storage.RaftStorage (RaftStorage.java:format(72)) - Storage directory /tmp/workdir/hadoop-ozone/integration-test/target/test-dir/MiniOzoneClusterImpl-31689132-182d-4293-ba12-b7210fe65700/datanode-1/data/ratis/df6bd407-b20c-4325-9807-ed6bbcc55592 has been successfully formatted.
2019-07-13 19:34:36,395 INFO  ratis.ContainerStateMachine (ContainerStateMachine.java:loadSnapshot(200)) - The snapshot info is null.Setting the last applied index to:(t:0, i:~)
2019-07-13 19:34:36,395 INFO  server.RaftServerConfigKeys (ConfUtils.java:logGet(43)) - raft.server.leader.election.timeout = 120s (custom)
2019-07-13 19:34:36,396 INFO  server.RaftServerConfigKeys (ConfUtils.java:logGet(43)) - raft.server.log.use.memory = false (default)
2019-07-13 19:34:36,396 INFO  server.RaftServerConfigKeys (ConfUtils.java:logGet(43)) - raft.server.log.purge.gap = 1000000000 (custom)
2019-07-13 19:34:36,396 INFO  server.RaftServerConfigKeys (ConfUtils.java:logGet(43)) - raft.server.log.appender.buffer.byte-limit = 33554432 (custom)
2019-07-13 19:34:36,396 INFO  server.RaftServerConfigKeys (ConfUtils.java:logGet(43)) - raft.server.log.segment.size.max = 1048576 (custom)
2019-07-13 19:34:36,396 INFO  server.RaftServerConfigKeys (ConfUtils.java:logGet(43)) - raft.server.log.segment.cache.num.max = 2 (custom)
2019-07-13 19:34:36,396 INFO  segmented.SegmentedRaftLogWorker (SegmentedRaftLogWorker.java:<init>(172)) - new 7e9551d0-ed7b-4574-b87c-8da4249d2309-SegmentedRaftLogWorker:Storage Directory /tmp/workdir/hadoop-ozone/integration-test/target/test-dir/MiniOzoneClusterImpl-31689132-182d-4293-ba12-b7210fe65700/datanode-1/data/ratis/df6bd407-b20c-4325-9807-ed6bbcc55592 for RaftStorage:Storage Directory /tmp/workdir/hadoop-ozone/integration-test/target/test-dir/MiniOzoneClusterImpl-31689132-182d-4293-ba12-b7210fe65700/datanode-1/data/ratis/df6bd407-b20c-4325-9807-ed6bbcc55592
2019-07-13 19:34:36,397 INFO  server.RaftServerConfigKeys (ConfUtils.java:logGet(43)) - raft.server.log.queue.byte-limit = 2147483647 (custom)
2019-07-13 19:34:36,397 INFO  server.RaftServerConfigKeys (ConfUtils.java:logGet(43)) - raft.server.log.queue.element-limit = 1024 (custom)
2019-07-13 19:34:36,397 INFO  server.RaftServerConfigKeys (ConfUtils.java:logGet(43)) - raft.server.log.segment.size.max = 1048576 (custom)
2019-07-13 19:34:36,397 INFO  server.RaftServerConfigKeys (ConfUtils.java:logGet(43)) - raft.server.log.preallocated.size = 16384 (custom)
2019-07-13 19:34:36,397 INFO  server.RaftServerConfigKeys (ConfUtils.java:logGet(43)) - raft.server.log.write.buffer.size = 33554432 (custom)
2019-07-13 19:34:36,398 INFO  server.RaftServerConfigKeys (ConfUtils.java:logGet(43)) - raft.server.log.force.sync.num = 128 (default)
2019-07-13 19:34:36,398 INFO  server.RaftServerConfigKeys (ConfUtils.java:logGet(43)) - raft.server.log.statemachine.data.sync = true (default)
2019-07-13 19:34:36,398 INFO  server.RaftServerConfigKeys (ConfUtils.java:logGet(43)) - raft.server.log.statemachine.data.sync.timeout = 10s (default)
2019-07-13 19:34:36,398 INFO  server.RaftServerConfigKeys (ConfUtils.java:logGet(43)) - raft.server.log.statemachine.data.sync.timeout.retry = -1 (default)
2019-07-13 19:34:36,398 INFO  server.RaftServerConfigKeys (ConfUtils.java:logGet(43)) - raft.server.log.statemachine.data.caching.enabled = true (custom)
2019-07-13 19:34:36,399 INFO  segmented.SegmentedRaftLogWorker (SegmentedRaftLogWorker.java:lambda$new$0(132)) - 7e9551d0-ed7b-4574-b87c-8da4249d2309-SegmentedRaftLogWorker:Storage Directory /tmp/workdir/hadoop-ozone/integration-test/target/test-dir/MiniOzoneClusterImpl-31689132-182d-4293-ba12-b7210fe65700/datanode-1/data/ratis/df6bd407-b20c-4325-9807-ed6bbcc55592: flushIndex: setUnconditionally 0 -> -1
2019-07-13 19:34:36,399 INFO  server.RaftServerConfigKeys (ConfUtils.java:logGet(43)) - raft.server.snapshot.auto.trigger.enabled = true (custom)
2019-07-13 19:34:36,399 INFO  server.RaftServerConfigKeys (ConfUtils.java:logGet(43)) - raft.server.snapshot.auto.trigger.threshold = 10000 (custom)
2019-07-13 19:34:36,400 INFO  server.RaftServerConfigKeys (ConfUtils.java:logGet(43)) - raft.server.retrycache.expirytime = 600000ms (custom)
2019-07-13 19:34:36,400 INFO  impl.RaftServerImpl (RaftServerImpl.java:start(180)) - 7e9551d0-ed7b-4574-b87c-8da4249d2309: start group-ED6BBCC55592
2019-07-13 19:34:36,400 INFO  impl.RaftServerImpl (RaftServerImpl.java:setRole(171)) - 7e9551d0-ed7b-4574-b87c-8da4249d2309:group-ED6BBCC55592 changes role from null to FOLLOWER at term 0 for startAsFollower
2019-07-13 19:34:36,400 INFO  impl.RoleInfo (RoleInfo.java:updateAndGet(143)) - 7e9551d0-ed7b-4574-b87c-8da4249d2309: start FollowerState
2019-07-13 19:34:36,401 INFO  util.JmxRegister (JmxRegister.java:tryRegister(44)) - Successfully registered JMX Bean with object name Ratis:service=RaftServer,group=group-ED6BBCC55592,id=7e9551d0-ed7b-4574-b87c-8da4249d2309
2019-07-13 19:34:36,403 INFO  pipeline.PipelineStateManager (PipelineStateManager.java:addPipeline(56)) - Created pipeline Pipeline[ Id: df6bd407-b20c-4325-9807-ed6bbcc55592, Nodes: 7e9551d0-ed7b-4574-b87c-8da4249d2309{ip: 192.168.69.122, host: trunk-nightly-fxqsz-774976932, networkLocation: /default-rack, certSerialId: null}, Type:RATIS, Factor:ONE, State:OPEN]
2019-07-13 19:34:36,533 INFO  node.SCMNodeManager (SCMNodeManager.java:register(269)) - Registered Data node : 1daa7354-ec14-43de-8c96-793ad9842a69{ip: 192.168.69.122, host: trunk-nightly-fxqsz-774976932, networkLocation: /default-rack, certSerialId: null}
2019-07-13 19:34:36,549 INFO  impl.RaftServerProxy (RaftServerProxy.java:addNew(89)) - 1daa7354-ec14-43de-8c96-793ad9842a69: addNew group-1BA250702FE8:[1daa7354-ec14-43de-8c96-793ad9842a69:192.168.69.122:41610] returns group-1BA250702FE8:java.util.concurrent.CompletableFuture@2a30121c[Not completed]
2019-07-13 19:34:36,550 INFO  impl.RaftServerImpl (RaftServerImpl.java:<init>(93)) - 1daa7354-ec14-43de-8c96-793ad9842a69: new RaftServerImpl for group-1BA250702FE8:[1daa7354-ec14-43de-8c96-793ad9842a69:192.168.69.122:41610] with ContainerStateMachine:uninitialized
2019-07-13 19:34:36,551 INFO  server.RaftServerConfigKeys (ConfUtils.java:logGet(43)) - raft.server.rpc.timeout.min = 5s (custom)
2019-07-13 19:34:36,551 INFO  server.RaftServerConfigKeys (ConfUtils.java:logGet(43)) - raft.server.rpc.timeout.max = 5200ms (custom)
2019-07-13 19:34:36,551 INFO  server.RaftServerConfigKeys (ConfUtils.java:logGet(43)) - raft.server.rpcslowness.timeout = 120s (custom)
2019-07-13 19:34:36,551 INFO  server.RaftServerConfigKeys (ConfUtils.java:logGet(43)) - raft.server.sleep.deviation.threshold = 300 (default)
2019-07-13 19:34:36,551 INFO  server.RaftServerConfigKeys (ConfUtils.java:logGet(43)) - raft.server.log.appender.install.snapshot.enabled = false (custom)
2019-07-13 19:34:36,551 INFO  impl.RaftServerImpl (ServerState.java:<init>(105)) - 1daa7354-ec14-43de-8c96-793ad9842a69:group-1BA250702FE8 ConfigurationManager, init=-1: [1daa7354-ec14-43de-8c96-793ad9842a69:192.168.69.122:41610], old=null, confs=<EMPTY_MAP>
2019-07-13 19:34:36,552 INFO  server.RaftServerConfigKeys (ConfUtils.java:logGet(43)) - raft.server.storage.dir = [/tmp/workdir/hadoop-ozone/integration-test/target/test-dir/MiniOzoneClusterImpl-31689132-182d-4293-ba12-b7210fe65700/datanode-2/data/ratis] (custom)
2019-07-13 19:34:36,552 INFO  storage.RaftStorageDirectory (RaftStorageDirectory.java:analyzeStorage(246)) - The storage directory /tmp/workdir/hadoop-ozone/integration-test/target/test-dir/MiniOzoneClusterImpl-31689132-182d-4293-ba12-b7210fe65700/datanode-2/data/ratis/eac992af-df19-42dc-8730-1ba250702fe8 does not exist. Creating ...
2019-07-13 19:34:36,574 INFO  storage.RaftStorageDirectory (RaftStorageDirectory.java:tryLock(328)) - Lock on /tmp/workdir/hadoop-ozone/integration-test/target/test-dir/MiniOzoneClusterImpl-31689132-182d-4293-ba12-b7210fe65700/datanode-2/data/ratis/eac992af-df19-42dc-8730-1ba250702fe8/in_use.lock acquired by nodename 18559@trunk-nightly-fxqsz-774976932
2019-07-13 19:34:36,587 INFO  storage.RaftStorage (RaftStorage.java:format(72)) - Storage directory /tmp/workdir/hadoop-ozone/integration-test/target/test-dir/MiniOzoneClusterImpl-31689132-182d-4293-ba12-b7210fe65700/datanode-2/data/ratis/eac992af-df19-42dc-8730-1ba250702fe8 has been successfully formatted.
2019-07-13 19:34:36,587 INFO  ratis.ContainerStateMachine (ContainerStateMachine.java:loadSnapshot(200)) - The snapshot info is null.Setting the last applied index to:(t:0, i:~)
2019-07-13 19:34:36,587 INFO  server.RaftServerConfigKeys (ConfUtils.java:logGet(43)) - raft.server.leader.election.timeout = 120s (custom)
2019-07-13 19:34:36,587 INFO  server.RaftServerConfigKeys (ConfUtils.java:logGet(43)) - raft.server.log.use.memory = false (default)
2019-07-13 19:34:36,588 INFO  server.RaftServerConfigKeys (ConfUtils.java:logGet(43)) - raft.server.log.purge.gap = 1000000000 (custom)
2019-07-13 19:34:36,588 INFO  server.RaftServerConfigKeys (ConfUtils.java:logGet(43)) - raft.server.log.appender.buffer.byte-limit = 33554432 (custom)
2019-07-13 19:34:36,588 INFO  server.RaftServerConfigKeys (ConfUtils.java:logGet(43)) - raft.server.log.segment.size.max = 1048576 (custom)
2019-07-13 19:34:36,588 INFO  server.RaftServerConfigKeys (ConfUtils.java:logGet(43)) - raft.server.log.segment.cache.num.max = 2 (custom)
2019-07-13 19:34:36,588 INFO  segmented.SegmentedRaftLogWorker (SegmentedRaftLogWorker.java:<init>(172)) - new 1daa7354-ec14-43de-8c96-793ad9842a69-SegmentedRaftLogWorker:Storage Directory /tmp/workdir/hadoop-ozone/integration-test/target/test-dir/MiniOzoneClusterImpl-31689132-182d-4293-ba12-b7210fe65700/datanode-2/data/ratis/eac992af-df19-42dc-8730-1ba250702fe8 for RaftStorage:Storage Directory /tmp/workdir/hadoop-ozone/integration-test/target/test-dir/MiniOzoneClusterImpl-31689132-182d-4293-ba12-b7210fe65700/datanode-2/data/ratis/eac992af-df19-42dc-8730-1ba250702fe8
2019-07-13 19:34:36,588 INFO  server.RaftServerConfigKeys (ConfUtils.java:logGet(43)) - raft.server.log.queue.byte-limit = 2147483647 (custom)
2019-07-13 19:34:36,588 INFO  server.RaftServerConfigKeys (ConfUtils.java:logGet(43)) - raft.server.log.queue.element-limit = 1024 (custom)
2019-07-13 19:34:36,589 INFO  server.RaftServerConfigKeys (ConfUtils.java:logGet(43)) - raft.server.log.segment.size.max = 1048576 (custom)
2019-07-13 19:34:36,589 INFO  server.RaftServerConfigKeys (ConfUtils.java:logGet(43)) - raft.server.log.preallocated.size = 16384 (custom)
2019-07-13 19:34:36,589 INFO  server.RaftServerConfigKeys (ConfUtils.java:logGet(43)) - raft.server.log.write.buffer.size = 33554432 (custom)
2019-07-13 19:34:36,589 INFO  server.RaftServerConfigKeys (ConfUtils.java:logGet(43)) - raft.server.log.force.sync.num = 128 (default)
2019-07-13 19:34:36,589 INFO  server.RaftServerConfigKeys (ConfUtils.java:logGet(43)) - raft.server.log.statemachine.data.sync = true (default)
2019-07-13 19:34:36,589 INFO  server.RaftServerConfigKeys (ConfUtils.java:logGet(43)) - raft.server.log.statemachine.data.sync.timeout = 10s (default)
2019-07-13 19:34:36,590 INFO  server.RaftServerConfigKeys (ConfUtils.java:logGet(43)) - raft.server.log.statemachine.data.sync.timeout.retry = -1 (default)
2019-07-13 19:34:36,590 INFO  server.RaftServerConfigKeys (ConfUtils.java:logGet(43)) - raft.server.log.statemachine.data.caching.enabled = true (custom)
2019-07-13 19:34:36,590 INFO  segmented.SegmentedRaftLogWorker (SegmentedRaftLogWorker.java:lambda$new$0(132)) - 1daa7354-ec14-43de-8c96-793ad9842a69-SegmentedRaftLogWorker:Storage Directory /tmp/workdir/hadoop-ozone/integration-test/target/test-dir/MiniOzoneClusterImpl-31689132-182d-4293-ba12-b7210fe65700/datanode-2/data/ratis/eac992af-df19-42dc-8730-1ba250702fe8: flushIndex: setUnconditionally 0 -> -1
2019-07-13 19:34:36,591 INFO  server.RaftServerConfigKeys (ConfUtils.java:logGet(43)) - raft.server.snapshot.auto.trigger.enabled = true (custom)
2019-07-13 19:34:36,591 INFO  server.RaftServerConfigKeys (ConfUtils.java:logGet(43)) - raft.server.snapshot.auto.trigger.threshold = 10000 (custom)
2019-07-13 19:34:36,591 INFO  server.RaftServerConfigKeys (ConfUtils.java:logGet(43)) - raft.server.retrycache.expirytime = 600000ms (custom)
2019-07-13 19:34:36,591 INFO  impl.RaftServerImpl (RaftServerImpl.java:start(180)) - 1daa7354-ec14-43de-8c96-793ad9842a69: start group-1BA250702FE8
2019-07-13 19:34:36,591 INFO  impl.RaftServerImpl (RaftServerImpl.java:setRole(171)) - 1daa7354-ec14-43de-8c96-793ad9842a69:group-1BA250702FE8 changes role from null to FOLLOWER at term 0 for startAsFollower
2019-07-13 19:34:36,591 INFO  impl.RoleInfo (RoleInfo.java:updateAndGet(143)) - 1daa7354-ec14-43de-8c96-793ad9842a69: start FollowerState
2019-07-13 19:34:36,592 INFO  util.JmxRegister (JmxRegister.java:tryRegister(44)) - Successfully registered JMX Bean with object name Ratis:service=RaftServer,group=group-1BA250702FE8,id=1daa7354-ec14-43de-8c96-793ad9842a69
2019-07-13 19:34:36,594 INFO  pipeline.PipelineStateManager (PipelineStateManager.java:addPipeline(56)) - Created pipeline Pipeline[ Id: eac992af-df19-42dc-8730-1ba250702fe8, Nodes: 1daa7354-ec14-43de-8c96-793ad9842a69{ip: 192.168.69.122, host: trunk-nightly-fxqsz-774976932, networkLocation: /default-rack, certSerialId: null}, Type:RATIS, Factor:ONE, State:OPEN]
2019-07-13 19:34:36,619 INFO  impl.RaftServerProxy (RaftServerProxy.java:addNew(89)) - e5966cd9-8e0e-4a26-b034-4f5f4cf31558: addNew group-9708B97C4064:[1daa7354-ec14-43de-8c96-793ad9842a69:192.168.69.122:41610, e5966cd9-8e0e-4a26-b034-4f5f4cf31558:192.168.69.122:44662, 7e9551d0-ed7b-4574-b87c-8da4249d2309:192.168.69.122:46112] returns group-9708B97C4064:java.util.concurrent.CompletableFuture@6abdba43[Not completed]
2019-07-13 19:34:36,619 INFO  impl.RaftServerProxy (RaftServerProxy.java:addNew(89)) - 1daa7354-ec14-43de-8c96-793ad9842a69: addNew group-9708B97C4064:[1daa7354-ec14-43de-8c96-793ad9842a69:192.168.69.122:41610, e5966cd9-8e0e-4a26-b034-4f5f4cf31558:192.168.69.122:44662, 7e9551d0-ed7b-4574-b87c-8da4249d2309:192.168.69.122:46112] returns group-9708B97C4064:java.util.concurrent.CompletableFuture@6e2a0dfe[Not completed]
2019-07-13 19:34:36,619 INFO  impl.RaftServerProxy (RaftServerProxy.java:addNew(89)) - 7e9551d0-ed7b-4574-b87c-8da4249d2309: addNew group-9708B97C4064:[1daa7354-ec14-43de-8c96-793ad9842a69:192.168.69.122:41610, e5966cd9-8e0e-4a26-b034-4f5f4cf31558:192.168.69.122:44662, 7e9551d0-ed7b-4574-b87c-8da4249d2309:192.168.69.122:46112] returns group-9708B97C4064:java.util.concurrent.CompletableFuture@2c1d2ac0[Not completed]
2019-07-13 19:34:36,621 INFO  impl.RaftServerImpl (RaftServerImpl.java:<init>(93)) - e5966cd9-8e0e-4a26-b034-4f5f4cf31558: new RaftServerImpl for group-9708B97C4064:[1daa7354-ec14-43de-8c96-793ad9842a69:192.168.69.122:41610, e5966cd9-8e0e-4a26-b034-4f5f4cf31558:192.168.69.122:44662, 7e9551d0-ed7b-4574-b87c-8da4249d2309:192.168.69.122:46112] with ContainerStateMachine:uninitialized
2019-07-13 19:34:36,621 INFO  server.RaftServerConfigKeys (ConfUtils.java:logGet(43)) - raft.server.rpc.timeout.min = 5s (custom)
2019-07-13 19:34:36,621 INFO  server.RaftServerConfigKeys (ConfUtils.java:logGet(43)) - raft.server.rpc.timeout.max = 5200ms (custom)
2019-07-13 19:34:36,621 INFO  server.RaftServerConfigKeys (ConfUtils.java:logGet(43)) - raft.server.rpcslowness.timeout = 120s (custom)
2019-07-13 19:34:36,621 INFO  server.RaftServerConfigKeys (ConfUtils.java:logGet(43)) - raft.server.sleep.deviation.threshold = 300 (default)
2019-07-13 19:34:36,621 INFO  server.RaftServerConfigKeys (ConfUtils.java:logGet(43)) - raft.server.log.appender.install.snapshot.enabled = false (custom)
2019-07-13 19:34:36,621 INFO  impl.RaftServerImpl (ServerState.java:<init>(105)) - e5966cd9-8e0e-4a26-b034-4f5f4cf31558:group-9708B97C4064 ConfigurationManager, init=-1: [1daa7354-ec14-43de-8c96-793ad9842a69:192.168.69.122:41610, e5966cd9-8e0e-4a26-b034-4f5f4cf31558:192.168.69.122:44662, 7e9551d0-ed7b-4574-b87c-8da4249d2309:192.168.69.122:46112], old=null, confs=<EMPTY_MAP>
2019-07-13 19:34:36,622 INFO  impl.RaftServerImpl (RaftServerImpl.java:<init>(93)) - 7e9551d0-ed7b-4574-b87c-8da4249d2309: new RaftServerImpl for group-9708B97C4064:[1daa7354-ec14-43de-8c96-793ad9842a69:192.168.69.122:41610, e5966cd9-8e0e-4a26-b034-4f5f4cf31558:192.168.69.122:44662, 7e9551d0-ed7b-4574-b87c-8da4249d2309:192.168.69.122:46112] with ContainerStateMachine:uninitialized
2019-07-13 19:34:36,622 INFO  server.RaftServerConfigKeys (ConfUtils.java:logGet(43)) - raft.server.storage.dir = [/tmp/workdir/hadoop-ozone/integration-test/target/test-dir/MiniOzoneClusterImpl-31689132-182d-4293-ba12-b7210fe65700/datanode-0/data/ratis] (custom)
2019-07-13 19:34:36,622 INFO  server.RaftServerConfigKeys (ConfUtils.java:logGet(43)) - raft.server.rpc.timeout.min = 5s (custom)
2019-07-13 19:34:36,622 INFO  impl.RaftServerImpl (RaftServerImpl.java:<init>(93)) - 1daa7354-ec14-43de-8c96-793ad9842a69: new RaftServerImpl for group-9708B97C4064:[1daa7354-ec14-43de-8c96-793ad9842a69:192.168.69.122:41610, e5966cd9-8e0e-4a26-b034-4f5f4cf31558:192.168.69.122:44662, 7e9551d0-ed7b-4574-b87c-8da4249d2309:192.168.69.122:46112] with ContainerStateMachine:uninitialized
2019-07-13 19:34:36,622 INFO  storage.RaftStorageDirectory (RaftStorageDirectory.java:analyzeStorage(246)) - The storage directory /tmp/workdir/hadoop-ozone/integration-test/target/test-dir/MiniOzoneClusterImpl-31689132-182d-4293-ba12-b7210fe65700/datanode-0/data/ratis/f8db319c-8816-44e5-b089-9708b97c4064 does not exist. Creating ...
2019-07-13 19:34:36,622 INFO  server.RaftServerConfigKeys (ConfUtils.java:logGet(43)) - raft.server.rpc.timeout.max = 5200ms (custom)
2019-07-13 19:34:36,623 INFO  server.RaftServerConfigKeys (ConfUtils.java:logGet(43)) - raft.server.rpcslowness.timeout = 120s (custom)
2019-07-13 19:34:36,622 INFO  server.RaftServerConfigKeys (ConfUtils.java:logGet(43)) - raft.server.rpc.timeout.min = 5s (custom)
2019-07-13 19:34:36,623 INFO  server.RaftServerConfigKeys (ConfUtils.java:logGet(43)) - raft.server.sleep.deviation.threshold = 300 (default)
2019-07-13 19:34:36,623 INFO  server.RaftServerConfigKeys (ConfUtils.java:logGet(43)) - raft.server.rpc.timeout.max = 5200ms (custom)
2019-07-13 19:34:36,623 INFO  server.RaftServerConfigKeys (ConfUtils.java:logGet(43)) - raft.server.log.appender.install.snapshot.enabled = false (custom)
2019-07-13 19:34:36,623 INFO  server.RaftServerConfigKeys (ConfUtils.java:logGet(43)) - raft.server.rpcslowness.timeout = 120s (custom)
2019-07-13 19:34:36,624 INFO  impl.RaftServerImpl (ServerState.java:<init>(105)) - 7e9551d0-ed7b-4574-b87c-8da4249d2309:group-9708B97C4064 ConfigurationManager, init=-1: [1daa7354-ec14-43de-8c96-793ad9842a69:192.168.69.122:41610, e5966cd9-8e0e-4a26-b034-4f5f4cf31558:192.168.69.122:44662, 7e9551d0-ed7b-4574-b87c-8da4249d2309:192.168.69.122:46112], old=null, confs=<EMPTY_MAP>
2019-07-13 19:34:36,624 INFO  server.RaftServerConfigKeys (ConfUtils.java:logGet(43)) - raft.server.sleep.deviation.threshold = 300 (default)
2019-07-13 19:34:36,624 INFO  server.RaftServerConfigKeys (ConfUtils.java:logGet(43)) - raft.server.storage.dir = [/tmp/workdir/hadoop-ozone/integration-test/target/test-dir/MiniOzoneClusterImpl-31689132-182d-4293-ba12-b7210fe65700/datanode-1/data/ratis] (custom)
2019-07-13 19:34:36,624 INFO  server.RaftServerConfigKeys (ConfUtils.java:logGet(43)) - raft.server.log.appender.install.snapshot.enabled = false (custom)
2019-07-13 19:34:36,625 INFO  impl.RaftServerImpl (ServerState.java:<init>(105)) - 1daa7354-ec14-43de-8c96-793ad9842a69:group-9708B97C4064 ConfigurationManager, init=-1: [1daa7354-ec14-43de-8c96-793ad9842a69:192.168.69.122:41610, e5966cd9-8e0e-4a26-b034-4f5f4cf31558:192.168.69.122:44662, 7e9551d0-ed7b-4574-b87c-8da4249d2309:192.168.69.122:46112], old=null, confs=<EMPTY_MAP>
2019-07-13 19:34:36,625 INFO  storage.RaftStorageDirectory (RaftStorageDirectory.java:analyzeStorage(246)) - The storage directory /tmp/workdir/hadoop-ozone/integration-test/target/test-dir/MiniOzoneClusterImpl-31689132-182d-4293-ba12-b7210fe65700/datanode-1/data/ratis/f8db319c-8816-44e5-b089-9708b97c4064 does not exist. Creating ...
2019-07-13 19:34:36,625 INFO  server.RaftServerConfigKeys (ConfUtils.java:logGet(43)) - raft.server.storage.dir = [/tmp/workdir/hadoop-ozone/integration-test/target/test-dir/MiniOzoneClusterImpl-31689132-182d-4293-ba12-b7210fe65700/datanode-2/data/ratis] (custom)
2019-07-13 19:34:36,625 INFO  storage.RaftStorageDirectory (RaftStorageDirectory.java:analyzeStorage(246)) - The storage directory /tmp/workdir/hadoop-ozone/integration-test/target/test-dir/MiniOzoneClusterImpl-31689132-182d-4293-ba12-b7210fe65700/datanode-2/data/ratis/f8db319c-8816-44e5-b089-9708b97c4064 does not exist. Creating ...
2019-07-13 19:34:36,650 INFO  storage.RaftStorageDirectory (RaftStorageDirectory.java:tryLock(328)) - Lock on /tmp/workdir/hadoop-ozone/integration-test/target/test-dir/MiniOzoneClusterImpl-31689132-182d-4293-ba12-b7210fe65700/datanode-2/data/ratis/f8db319c-8816-44e5-b089-9708b97c4064/in_use.lock acquired by nodename 18559@trunk-nightly-fxqsz-774976932
2019-07-13 19:34:36,650 INFO  storage.RaftStorageDirectory (RaftStorageDirectory.java:tryLock(328)) - Lock on /tmp/workdir/hadoop-ozone/integration-test/target/test-dir/MiniOzoneClusterImpl-31689132-182d-4293-ba12-b7210fe65700/datanode-0/data/ratis/f8db319c-8816-44e5-b089-9708b97c4064/in_use.lock acquired by nodename 18559@trunk-nightly-fxqsz-774976932
2019-07-13 19:34:36,650 INFO  storage.RaftStorageDirectory (RaftStorageDirectory.java:tryLock(328)) - Lock on /tmp/workdir/hadoop-ozone/integration-test/target/test-dir/MiniOzoneClusterImpl-31689132-182d-4293-ba12-b7210fe65700/datanode-1/data/ratis/f8db319c-8816-44e5-b089-9708b97c4064/in_use.lock acquired by nodename 18559@trunk-nightly-fxqsz-774976932
2019-07-13 19:34:36,664 INFO  storage.RaftStorage (RaftStorage.java:format(72)) - Storage directory /tmp/workdir/hadoop-ozone/integration-test/target/test-dir/MiniOzoneClusterImpl-31689132-182d-4293-ba12-b7210fe65700/datanode-0/data/ratis/f8db319c-8816-44e5-b089-9708b97c4064 has been successfully formatted.
2019-07-13 19:34:36,664 INFO  storage.RaftStorage (RaftStorage.java:format(72)) - Storage directory /tmp/workdir/hadoop-ozone/integration-test/target/test-dir/MiniOzoneClusterImpl-31689132-182d-4293-ba12-b7210fe65700/datanode-1/data/ratis/f8db319c-8816-44e5-b089-9708b97c4064 has been successfully formatted.
2019-07-13 19:34:36,664 INFO  storage.RaftStorage (RaftStorage.java:format(72)) - Storage directory /tmp/workdir/hadoop-ozone/integration-test/target/test-dir/MiniOzoneClusterImpl-31689132-182d-4293-ba12-b7210fe65700/datanode-2/data/ratis/f8db319c-8816-44e5-b089-9708b97c4064 has been successfully formatted.
2019-07-13 19:34:36,664 INFO  ratis.ContainerStateMachine (ContainerStateMachine.java:loadSnapshot(200)) - The snapshot info is null.Setting the last applied index to:(t:0, i:~)
2019-07-13 19:34:36,664 INFO  ratis.ContainerStateMachine (ContainerStateMachine.java:loadSnapshot(200)) - The snapshot info is null.Setting the last applied index to:(t:0, i:~)
2019-07-13 19:34:36,664 INFO  ratis.ContainerStateMachine (ContainerStateMachine.java:loadSnapshot(200)) - The snapshot info is null.Setting the last applied index to:(t:0, i:~)
2019-07-13 19:34:36,665 INFO  server.RaftServerConfigKeys (ConfUtils.java:logGet(43)) - raft.server.leader.election.timeout = 120s (custom)
2019-07-13 19:34:36,664 INFO  server.RaftServerConfigKeys (ConfUtils.java:logGet(43)) - raft.server.leader.election.timeout = 120s (custom)
2019-07-13 19:34:36,665 INFO  server.RaftServerConfigKeys (ConfUtils.java:logGet(43)) - raft.server.log.use.memory = false (default)
2019-07-13 19:34:36,665 INFO  server.RaftServerConfigKeys (ConfUtils.java:logGet(43)) - raft.server.log.purge.gap = 1000000000 (custom)
2019-07-13 19:34:36,665 INFO  server.RaftServerConfigKeys (ConfUtils.java:logGet(43)) - raft.server.leader.election.timeout = 120s (custom)
2019-07-13 19:34:36,665 INFO  server.RaftServerConfigKeys (ConfUtils.java:logGet(43)) - raft.server.log.appender.buffer.byte-limit = 33554432 (custom)
2019-07-13 19:34:36,665 INFO  server.RaftServerConfigKeys (ConfUtils.java:logGet(43)) - raft.server.log.use.memory = false (default)
2019-07-13 19:34:36,666 INFO  server.RaftServerConfigKeys (ConfUtils.java:logGet(43)) - raft.server.log.segment.size.max = 1048576 (custom)
2019-07-13 19:34:36,666 INFO  server.RaftServerConfigKeys (ConfUtils.java:logGet(43)) - raft.server.log.use.memory = false (default)
2019-07-13 19:34:36,666 INFO  server.RaftServerConfigKeys (ConfUtils.java:logGet(43)) - raft.server.log.segment.cache.num.max = 2 (custom)
2019-07-13 19:34:36,666 INFO  server.RaftServerConfigKeys (ConfUtils.java:logGet(43)) - raft.server.log.purge.gap = 1000000000 (custom)
2019-07-13 19:34:36,666 INFO  segmented.SegmentedRaftLogWorker (SegmentedRaftLogWorker.java:<init>(172)) - new 1daa7354-ec14-43de-8c96-793ad9842a69-SegmentedRaftLogWorker:Storage Directory /tmp/workdir/hadoop-ozone/integration-test/target/test-dir/MiniOzoneClusterImpl-31689132-182d-4293-ba12-b7210fe65700/datanode-2/data/ratis/f8db319c-8816-44e5-b089-9708b97c4064 for RaftStorage:Storage Directory /tmp/workdir/hadoop-ozone/integration-test/target/test-dir/MiniOzoneClusterImpl-31689132-182d-4293-ba12-b7210fe65700/datanode-2/data/ratis/f8db319c-8816-44e5-b089-9708b97c4064
2019-07-13 19:34:36,666 INFO  server.RaftServerConfigKeys (ConfUtils.java:logGet(43)) - raft.server.log.purge.gap = 1000000000 (custom)
2019-07-13 19:34:36,667 INFO  server.RaftServerConfigKeys (ConfUtils.java:logGet(43)) - raft.server.log.queue.byte-limit = 2147483647 (custom)
2019-07-13 19:34:36,666 INFO  server.RaftServerConfigKeys (ConfUtils.java:logGet(43)) - raft.server.log.appender.buffer.byte-limit = 33554432 (custom)
2019-07-13 19:34:36,667 INFO  server.RaftServerConfigKeys (ConfUtils.java:logGet(43)) - raft.server.log.queue.element-limit = 1024 (custom)
2019-07-13 19:34:36,667 INFO  server.RaftServerConfigKeys (ConfUtils.java:logGet(43)) - raft.server.log.segment.size.max = 1048576 (custom)
2019-07-13 19:34:36,667 INFO  server.RaftServerConfigKeys (ConfUtils.java:logGet(43)) - raft.server.log.appender.buffer.byte-limit = 33554432 (custom)
2019-07-13 19:34:36,667 INFO  server.RaftServerConfigKeys (ConfUtils.java:logGet(43)) - raft.server.log.preallocated.size = 16384 (custom)
2019-07-13 19:34:36,668 INFO  server.RaftServerConfigKeys (ConfUtils.java:logGet(43)) - raft.server.log.write.buffer.size = 33554432 (custom)
2019-07-13 19:34:36,667 INFO  server.RaftServerConfigKeys (ConfUtils.java:logGet(43)) - raft.server.log.segment.size.max = 1048576 (custom)
2019-07-13 19:34:36,668 INFO  server.RaftServerConfigKeys (ConfUtils.java:logGet(43)) - raft.server.log.force.sync.num = 128 (default)
2019-07-13 19:34:36,668 INFO  server.RaftServerConfigKeys (ConfUtils.java:logGet(43)) - raft.server.log.statemachine.data.sync = true (default)
2019-07-13 19:34:36,668 INFO  server.RaftServerConfigKeys (ConfUtils.java:logGet(43)) - raft.server.log.segment.size.max = 1048576 (custom)
2019-07-13 19:34:36,668 INFO  server.RaftServerConfigKeys (ConfUtils.java:logGet(43)) - raft.server.log.statemachine.data.sync.timeout = 10s (default)
2019-07-13 19:34:36,669 INFO  server.RaftServerConfigKeys (ConfUtils.java:logGet(43)) - raft.server.log.statemachine.data.sync.timeout.retry = -1 (default)
2019-07-13 19:34:36,668 INFO  server.RaftServerConfigKeys (ConfUtils.java:logGet(43)) - raft.server.log.segment.cache.num.max = 2 (custom)
2019-07-13 19:34:36,669 INFO  server.RaftServerConfigKeys (ConfUtils.java:logGet(43)) - raft.server.log.statemachine.data.caching.enabled = true (custom)
2019-07-13 19:34:36,669 INFO  server.RaftServerConfigKeys (ConfUtils.java:logGet(43)) - raft.server.log.segment.cache.num.max = 2 (custom)
2019-07-13 19:34:36,669 INFO  segmented.SegmentedRaftLogWorker (SegmentedRaftLogWorker.java:lambda$new$0(132)) - 1daa7354-ec14-43de-8c96-793ad9842a69-SegmentedRaftLogWorker:Storage Directory /tmp/workdir/hadoop-ozone/integration-test/target/test-dir/MiniOzoneClusterImpl-31689132-182d-4293-ba12-b7210fe65700/datanode-2/data/ratis/f8db319c-8816-44e5-b089-9708b97c4064: flushIndex: setUnconditionally 0 -> -1
2019-07-13 19:34:36,669 INFO  segmented.SegmentedRaftLogWorker (SegmentedRaftLogWorker.java:<init>(172)) - new e5966cd9-8e0e-4a26-b034-4f5f4cf31558-SegmentedRaftLogWorker:Storage Directory /tmp/workdir/hadoop-ozone/integration-test/target/test-dir/MiniOzoneClusterImpl-31689132-182d-4293-ba12-b7210fe65700/datanode-0/data/ratis/f8db319c-8816-44e5-b089-9708b97c4064 for RaftStorage:Storage Directory /tmp/workdir/hadoop-ozone/integration-test/target/test-dir/MiniOzoneClusterImpl-31689132-182d-4293-ba12-b7210fe65700/datanode-0/data/ratis/f8db319c-8816-44e5-b089-9708b97c4064
2019-07-13 19:34:36,669 INFO  segmented.SegmentedRaftLogWorker (SegmentedRaftLogWorker.java:<init>(172)) - new 7e9551d0-ed7b-4574-b87c-8da4249d2309-SegmentedRaftLogWorker:Storage Directory /tmp/workdir/hadoop-ozone/integration-test/target/test-dir/MiniOzoneClusterImpl-31689132-182d-4293-ba12-b7210fe65700/datanode-1/data/ratis/f8db319c-8816-44e5-b089-9708b97c4064 for RaftStorage:Storage Directory /tmp/workdir/hadoop-ozone/integration-test/target/test-dir/MiniOzoneClusterImpl-31689132-182d-4293-ba12-b7210fe65700/datanode-1/data/ratis/f8db319c-8816-44e5-b089-9708b97c4064
2019-07-13 19:34:36,670 INFO  server.RaftServerConfigKeys (ConfUtils.java:logGet(43)) - raft.server.snapshot.auto.trigger.enabled = true (custom)
2019-07-13 19:34:36,670 INFO  server.RaftServerConfigKeys (ConfUtils.java:logGet(43)) - raft.server.log.queue.byte-limit = 2147483647 (custom)
2019-07-13 19:34:36,670 INFO  server.RaftServerConfigKeys (ConfUtils.java:logGet(43)) - raft.server.snapshot.auto.trigger.threshold = 10000 (custom)
2019-07-13 19:34:36,670 INFO  server.RaftServerConfigKeys (ConfUtils.java:logGet(43)) - raft.server.log.queue.byte-limit = 2147483647 (custom)
2019-07-13 19:34:36,670 INFO  server.RaftServerConfigKeys (ConfUtils.java:logGet(43)) - raft.server.retrycache.expirytime = 600000ms (custom)
2019-07-13 19:34:36,670 INFO  server.RaftServerConfigKeys (ConfUtils.java:logGet(43)) - raft.server.log.queue.element-limit = 1024 (custom)
2019-07-13 19:34:36,671 INFO  impl.RaftServerImpl (RaftServerImpl.java:start(180)) - 1daa7354-ec14-43de-8c96-793ad9842a69: start group-9708B97C4064
2019-07-13 19:34:36,671 INFO  impl.RaftServerImpl (RaftServerImpl.java:setRole(171)) - 1daa7354-ec14-43de-8c96-793ad9842a69:group-9708B97C4064 changes role from null to FOLLOWER at term 0 for startAsFollower
2019-07-13 19:34:36,671 INFO  server.RaftServerConfigKeys (ConfUtils.java:logGet(43)) - raft.server.log.queue.element-limit = 1024 (custom)
2019-07-13 19:34:36,671 INFO  impl.RoleInfo (RoleInfo.java:updateAndGet(143)) - 1daa7354-ec14-43de-8c96-793ad9842a69: start FollowerState
2019-07-13 19:34:36,671 INFO  server.RaftServerConfigKeys (ConfUtils.java:logGet(43)) - raft.server.log.segment.size.max = 1048576 (custom)
2019-07-13 19:34:36,671 INFO  server.RaftServerConfigKeys (ConfUtils.java:logGet(43)) - raft.server.log.segment.size.max = 1048576 (custom)
2019-07-13 19:34:36,672 INFO  util.JmxRegister (JmxRegister.java:tryRegister(44)) - Successfully registered JMX Bean with object name Ratis:service=RaftServer,group=group-9708B97C4064,id=1daa7354-ec14-43de-8c96-793ad9842a69
2019-07-13 19:34:36,672 INFO  server.RaftServerConfigKeys (ConfUtils.java:logGet(43)) - raft.server.log.preallocated.size = 16384 (custom)
2019-07-13 19:34:36,672 INFO  server.RaftServerConfigKeys (ConfUtils.java:logGet(43)) - raft.server.log.preallocated.size = 16384 (custom)
2019-07-13 19:34:36,672 INFO  server.RaftServerConfigKeys (ConfUtils.java:logGet(43)) - raft.server.log.write.buffer.size = 33554432 (custom)
2019-07-13 19:34:36,672 INFO  server.RaftServerConfigKeys (ConfUtils.java:logGet(43)) - raft.server.log.write.buffer.size = 33554432 (custom)
2019-07-13 19:34:36,672 INFO  server.RaftServerConfigKeys (ConfUtils.java:logGet(43)) - raft.server.log.force.sync.num = 128 (default)
2019-07-13 19:34:36,673 INFO  server.RaftServerConfigKeys (ConfUtils.java:logGet(43)) - raft.server.log.force.sync.num = 128 (default)
2019-07-13 19:34:36,673 INFO  server.RaftServerConfigKeys (ConfUtils.java:logGet(43)) - raft.server.log.statemachine.data.sync = true (default)
2019-07-13 19:34:36,673 INFO  server.RaftServerConfigKeys (ConfUtils.java:logGet(43)) - raft.server.log.statemachine.data.sync = true (default)
2019-07-13 19:34:36,673 INFO  server.RaftServerConfigKeys (ConfUtils.java:logGet(43)) - raft.server.log.statemachine.data.sync.timeout = 10s (default)
2019-07-13 19:34:36,673 INFO  server.RaftServerConfigKeys (ConfUtils.java:logGet(43)) - raft.server.log.statemachine.data.sync.timeout = 10s (default)
2019-07-13 19:34:36,673 INFO  server.RaftServerConfigKeys (ConfUtils.java:logGet(43)) - raft.server.log.statemachine.data.sync.timeout.retry = -1 (default)
2019-07-13 19:34:36,674 INFO  server.RaftServerConfigKeys (ConfUtils.java:logGet(43)) - raft.server.log.statemachine.data.sync.timeout.retry = -1 (default)
2019-07-13 19:34:36,674 INFO  server.RaftServerConfigKeys (ConfUtils.java:logGet(43)) - raft.server.log.statemachine.data.caching.enabled = true (custom)
2019-07-13 19:34:36,674 INFO  server.RaftServerConfigKeys (ConfUtils.java:logGet(43)) - raft.server.log.statemachine.data.caching.enabled = true (custom)
2019-07-13 19:34:36,674 INFO  segmented.SegmentedRaftLogWorker (SegmentedRaftLogWorker.java:lambda$new$0(132)) - 7e9551d0-ed7b-4574-b87c-8da4249d2309-SegmentedRaftLogWorker:Storage Directory /tmp/workdir/hadoop-ozone/integration-test/target/test-dir/MiniOzoneClusterImpl-31689132-182d-4293-ba12-b7210fe65700/datanode-1/data/ratis/f8db319c-8816-44e5-b089-9708b97c4064: flushIndex: setUnconditionally 0 -> -1
2019-07-13 19:34:36,674 INFO  segmented.SegmentedRaftLogWorker (SegmentedRaftLogWorker.java:lambda$new$0(132)) - e5966cd9-8e0e-4a26-b034-4f5f4cf31558-SegmentedRaftLogWorker:Storage Directory /tmp/workdir/hadoop-ozone/integration-test/target/test-dir/MiniOzoneClusterImpl-31689132-182d-4293-ba12-b7210fe65700/datanode-0/data/ratis/f8db319c-8816-44e5-b089-9708b97c4064: flushIndex: setUnconditionally 0 -> -1
2019-07-13 19:34:36,675 INFO  server.RaftServerConfigKeys (ConfUtils.java:logGet(43)) - raft.server.snapshot.auto.trigger.enabled = true (custom)
2019-07-13 19:34:36,675 INFO  server.RaftServerConfigKeys (ConfUtils.java:logGet(43)) - raft.server.snapshot.auto.trigger.threshold = 10000 (custom)
2019-07-13 19:34:36,675 INFO  server.RaftServerConfigKeys (ConfUtils.java:logGet(43)) - raft.server.snapshot.auto.trigger.enabled = true (custom)
2019-07-13 19:34:36,675 INFO  server.RaftServerConfigKeys (ConfUtils.java:logGet(43)) - raft.server.retrycache.expirytime = 600000ms (custom)
2019-07-13 19:34:36,675 INFO  server.RaftServerConfigKeys (ConfUtils.java:logGet(43)) - raft.server.snapshot.auto.trigger.threshold = 10000 (custom)
2019-07-13 19:34:36,675 INFO  impl.RaftServerImpl (RaftServerImpl.java:start(180)) - 7e9551d0-ed7b-4574-b87c-8da4249d2309: start group-9708B97C4064
2019-07-13 19:34:36,675 INFO  server.RaftServerConfigKeys (ConfUtils.java:logGet(43)) - raft.server.retrycache.expirytime = 600000ms (custom)
2019-07-13 19:34:36,676 INFO  impl.RaftServerImpl (RaftServerImpl.java:setRole(171)) - 7e9551d0-ed7b-4574-b87c-8da4249d2309:group-9708B97C4064 changes role from null to FOLLOWER at term 0 for startAsFollower
2019-07-13 19:34:36,676 INFO  impl.RaftServerImpl (RaftServerImpl.java:start(180)) - e5966cd9-8e0e-4a26-b034-4f5f4cf31558: start group-9708B97C4064
2019-07-13 19:34:36,676 INFO  impl.RoleInfo (RoleInfo.java:updateAndGet(143)) - 7e9551d0-ed7b-4574-b87c-8da4249d2309: start FollowerState
2019-07-13 19:34:36,676 INFO  impl.RaftServerImpl (RaftServerImpl.java:setRole(171)) - e5966cd9-8e0e-4a26-b034-4f5f4cf31558:group-9708B97C4064 changes role from null to FOLLOWER at term 0 for startAsFollower
2019-07-13 19:34:36,676 INFO  impl.RoleInfo (RoleInfo.java:updateAndGet(143)) - e5966cd9-8e0e-4a26-b034-4f5f4cf31558: start FollowerState
2019-07-13 19:34:36,677 INFO  util.JmxRegister (JmxRegister.java:tryRegister(44)) - Successfully registered JMX Bean with object name Ratis:service=RaftServer,group=group-9708B97C4064,id=7e9551d0-ed7b-4574-b87c-8da4249d2309
2019-07-13 19:34:36,677 INFO  util.JmxRegister (JmxRegister.java:tryRegister(44)) - Successfully registered JMX Bean with object name Ratis:service=RaftServer,group=group-9708B97C4064,id=e5966cd9-8e0e-4a26-b034-4f5f4cf31558
2019-07-13 19:34:36,679 INFO  pipeline.PipelineStateManager (PipelineStateManager.java:addPipeline(56)) - Created pipeline Pipeline[ Id: f8db319c-8816-44e5-b089-9708b97c4064, Nodes: 1daa7354-ec14-43de-8c96-793ad9842a69{ip: 192.168.69.122, host: trunk-nightly-fxqsz-774976932, networkLocation: /default-rack, certSerialId: null}7e9551d0-ed7b-4574-b87c-8da4249d2309{ip: 192.168.69.122, host: trunk-nightly-fxqsz-774976932, networkLocation: /default-rack, certSerialId: null}e5966cd9-8e0e-4a26-b034-4f5f4cf31558{ip: 192.168.69.122, host: trunk-nightly-fxqsz-774976932, networkLocation: /default-rack, certSerialId: null}, Type:RATIS, Factor:THREE, State:OPEN]
2019-07-13 19:34:36,843 INFO  ozone.MiniOzoneClusterImpl (MiniOzoneClusterImpl.java:lambda$waitForClusterToBeReady$0(142)) - Waiting for cluster to be ready. Got 3 of 7 DN Heartbeats.
2019-07-13 19:34:36,974 INFO  node.SCMNodeManager (SCMNodeManager.java:register(269)) - Registered Data node : 96b2c074-095f-4f1f-8300-c3ef1c676b7e{ip: 192.168.69.122, host: trunk-nightly-fxqsz-774976932, networkLocation: /default-rack, certSerialId: null}
2019-07-13 19:34:36,993 INFO  impl.RaftServerProxy (RaftServerProxy.java:addNew(89)) - 96b2c074-095f-4f1f-8300-c3ef1c676b7e: addNew group-CC4ECE0F8177:[96b2c074-095f-4f1f-8300-c3ef1c676b7e:192.168.69.122:36461] returns group-CC4ECE0F8177:java.util.concurrent.CompletableFuture@6d0e419e[Not completed]
2019-07-13 19:34:36,994 INFO  impl.RaftServerImpl (RaftServerImpl.java:<init>(93)) - 96b2c074-095f-4f1f-8300-c3ef1c676b7e: new RaftServerImpl for group-CC4ECE0F8177:[96b2c074-095f-4f1f-8300-c3ef1c676b7e:192.168.69.122:36461] with ContainerStateMachine:uninitialized
2019-07-13 19:34:36,994 INFO  server.RaftServerConfigKeys (ConfUtils.java:logGet(43)) - raft.server.rpc.timeout.min = 5s (custom)
2019-07-13 19:34:36,994 INFO  server.RaftServerConfigKeys (ConfUtils.java:logGet(43)) - raft.server.rpc.timeout.max = 5200ms (custom)
2019-07-13 19:34:36,994 INFO  server.RaftServerConfigKeys (ConfUtils.java:logGet(43)) - raft.server.rpcslowness.timeout = 120s (custom)
2019-07-13 19:34:36,994 INFO  server.RaftServerConfigKeys (ConfUtils.java:logGet(43)) - raft.server.sleep.deviation.threshold = 300 (default)
2019-07-13 19:34:36,995 INFO  server.RaftServerConfigKeys (ConfUtils.java:logGet(43)) - raft.server.log.appender.install.snapshot.enabled = false (custom)
2019-07-13 19:34:36,995 INFO  impl.RaftServerImpl (ServerState.java:<init>(105)) - 96b2c074-095f-4f1f-8300-c3ef1c676b7e:group-CC4ECE0F8177 ConfigurationManager, init=-1: [96b2c074-095f-4f1f-8300-c3ef1c676b7e:192.168.69.122:36461], old=null, confs=<EMPTY_MAP>
2019-07-13 19:34:36,995 INFO  server.RaftServerConfigKeys (ConfUtils.java:logGet(43)) - raft.server.storage.dir = [/tmp/workdir/hadoop-ozone/integration-test/target/test-dir/MiniOzoneClusterImpl-31689132-182d-4293-ba12-b7210fe65700/datanode-3/data/ratis] (custom)
2019-07-13 19:34:36,995 INFO  storage.RaftStorageDirectory (RaftStorageDirectory.java:analyzeStorage(246)) - The storage directory /tmp/workdir/hadoop-ozone/integration-test/target/test-dir/MiniOzoneClusterImpl-31689132-182d-4293-ba12-b7210fe65700/datanode-3/data/ratis/1160be8b-ea3b-4d21-ab34-cc4ece0f8177 does not exist. Creating ...
2019-07-13 19:34:36,997 WARN  server.GrpcLogAppender (LogUtils.java:warn(134)) - 5d1032ca-9147-4957-b503-39c877a962e7->60ce25f2-006c-4f2f-9804-0a3aa3878877: Failed appendEntries: org.apache.ratis.thirdparty.io.grpc.StatusRuntimeException: UNAVAILABLE: io exception
2019-07-13 19:34:36,997 WARN  server.GrpcLogAppender (LogUtils.java:warn(134)) - 5d1032ca-9147-4957-b503-39c877a962e7->00d91248-b81b-486b-9e32-e5c5f65edbd1: Failed appendEntries: org.apache.ratis.thirdparty.io.grpc.StatusRuntimeException: UNAVAILABLE: io exception
2019-07-13 19:34:36,997 INFO  impl.FollowerInfo (FollowerInfo.java:lambda$new$0(50)) - 5d1032ca-9147-4957-b503-39c877a962e7->60ce25f2-006c-4f2f-9804-0a3aa3878877: nextIndex: updateUnconditionally 0 -> 0
2019-07-13 19:34:36,998 INFO  impl.FollowerInfo (FollowerInfo.java:lambda$new$0(50)) - 5d1032ca-9147-4957-b503-39c877a962e7->00d91248-b81b-486b-9e32-e5c5f65edbd1: nextIndex: updateUnconditionally 0 -> 0
2019-07-13 19:34:37,020 INFO  storage.RaftStorageDirectory (RaftStorageDirectory.java:tryLock(328)) - Lock on /tmp/workdir/hadoop-ozone/integration-test/target/test-dir/MiniOzoneClusterImpl-31689132-182d-4293-ba12-b7210fe65700/datanode-3/data/ratis/1160be8b-ea3b-4d21-ab34-cc4ece0f8177/in_use.lock acquired by nodename 18559@trunk-nightly-fxqsz-774976932
2019-07-13 19:34:37,034 INFO  storage.RaftStorage (RaftStorage.java:format(72)) - Storage directory /tmp/workdir/hadoop-ozone/integration-test/target/test-dir/MiniOzoneClusterImpl-31689132-182d-4293-ba12-b7210fe65700/datanode-3/data/ratis/1160be8b-ea3b-4d21-ab34-cc4ece0f8177 has been successfully formatted.
2019-07-13 19:34:37,035 INFO  ratis.ContainerStateMachine (ContainerStateMachine.java:loadSnapshot(200)) - The snapshot info is null.Setting the last applied index to:(t:0, i:~)
2019-07-13 19:34:37,035 INFO  server.RaftServerConfigKeys (ConfUtils.java:logGet(43)) - raft.server.leader.election.timeout = 120s (custom)
2019-07-13 19:34:37,035 INFO  server.RaftServerConfigKeys (ConfUtils.java:logGet(43)) - raft.server.log.use.memory = false (default)
2019-07-13 19:34:37,035 INFO  server.RaftServerConfigKeys (ConfUtils.java:logGet(43)) - raft.server.log.purge.gap = 1000000000 (custom)
2019-07-13 19:34:37,035 INFO  server.RaftServerConfigKeys (ConfUtils.java:logGet(43)) - raft.server.log.appender.buffer.byte-limit = 33554432 (custom)
2019-07-13 19:34:37,035 INFO  server.RaftServerConfigKeys (ConfUtils.java:logGet(43)) - raft.server.log.segment.size.max = 1048576 (custom)
2019-07-13 19:34:37,036 INFO  server.RaftServerConfigKeys (ConfUtils.java:logGet(43)) - raft.server.log.segment.cache.num.max = 2 (custom)
2019-07-13 19:34:37,036 INFO  segmented.SegmentedRaftLogWorker (SegmentedRaftLogWorker.java:<init>(172)) - new 96b2c074-095f-4f1f-8300-c3ef1c676b7e-SegmentedRaftLogWorker:Storage Directory /tmp/workdir/hadoop-ozone/integration-test/target/test-dir/MiniOzoneClusterImpl-31689132-182d-4293-ba12-b7210fe65700/datanode-3/data/ratis/1160be8b-ea3b-4d21-ab34-cc4ece0f8177 for RaftStorage:Storage Directory /tmp/workdir/hadoop-ozone/integration-test/target/test-dir/MiniOzoneClusterImpl-31689132-182d-4293-ba12-b7210fe65700/datanode-3/data/ratis/1160be8b-ea3b-4d21-ab34-cc4ece0f8177
2019-07-13 19:34:37,036 INFO  server.RaftServerConfigKeys (ConfUtils.java:logGet(43)) - raft.server.log.queue.byte-limit = 2147483647 (custom)
2019-07-13 19:34:37,036 INFO  server.RaftServerConfigKeys (ConfUtils.java:logGet(43)) - raft.server.log.queue.element-limit = 1024 (custom)
2019-07-13 19:34:37,036 INFO  server.RaftServerConfigKeys (ConfUtils.java:logGet(43)) - raft.server.log.segment.size.max = 1048576 (custom)
2019-07-13 19:34:37,036 INFO  server.RaftServerConfigKeys (ConfUtils.java:logGet(43)) - raft.server.log.preallocated.size = 16384 (custom)
2019-07-13 19:34:37,037 INFO  server.RaftServerConfigKeys (ConfUtils.java:logGet(43)) - raft.server.log.write.buffer.size = 33554432 (custom)
2019-07-13 19:34:37,037 INFO  server.RaftServerConfigKeys (ConfUtils.java:logGet(43)) - raft.server.log.force.sync.num = 128 (default)
2019-07-13 19:34:37,037 INFO  server.RaftServerConfigKeys (ConfUtils.java:logGet(43)) - raft.server.log.statemachine.data.sync = true (default)
2019-07-13 19:34:37,037 INFO  server.RaftServerConfigKeys (ConfUtils.java:logGet(43)) - raft.server.log.statemachine.data.sync.timeout = 10s (default)
2019-07-13 19:34:37,037 INFO  server.RaftServerConfigKeys (ConfUtils.java:logGet(43)) - raft.server.log.statemachine.data.sync.timeout.retry = -1 (default)
2019-07-13 19:34:37,037 INFO  server.RaftServerConfigKeys (ConfUtils.java:logGet(43)) - raft.server.log.statemachine.data.caching.enabled = true (custom)
2019-07-13 19:34:37,038 INFO  segmented.SegmentedRaftLogWorker (SegmentedRaftLogWorker.java:lambda$new$0(132)) - 96b2c074-095f-4f1f-8300-c3ef1c676b7e-SegmentedRaftLogWorker:Storage Directory /tmp/workdir/hadoop-ozone/integration-test/target/test-dir/MiniOzoneClusterImpl-31689132-182d-4293-ba12-b7210fe65700/datanode-3/data/ratis/1160be8b-ea3b-4d21-ab34-cc4ece0f8177: flushIndex: setUnconditionally 0 -> -1
2019-07-13 19:34:37,038 INFO  server.RaftServerConfigKeys (ConfUtils.java:logGet(43)) - raft.server.snapshot.auto.trigger.enabled = true (custom)
2019-07-13 19:34:37,038 INFO  server.RaftServerConfigKeys (ConfUtils.java:logGet(43)) - raft.server.snapshot.auto.trigger.threshold = 10000 (custom)
2019-07-13 19:34:37,038 INFO  server.RaftServerConfigKeys (ConfUtils.java:logGet(43)) - raft.server.retrycache.expirytime = 600000ms (custom)
2019-07-13 19:34:37,039 INFO  impl.RaftServerImpl (RaftServerImpl.java:start(180)) - 96b2c074-095f-4f1f-8300-c3ef1c676b7e: start group-CC4ECE0F8177
2019-07-13 19:34:37,039 INFO  impl.RaftServerImpl (RaftServerImpl.java:setRole(171)) - 96b2c074-095f-4f1f-8300-c3ef1c676b7e:group-CC4ECE0F8177 changes role from null to FOLLOWER at term 0 for startAsFollower
2019-07-13 19:34:37,039 INFO  impl.RoleInfo (RoleInfo.java:updateAndGet(143)) - 96b2c074-095f-4f1f-8300-c3ef1c676b7e: start FollowerState
2019-07-13 19:34:37,039 INFO  util.JmxRegister (JmxRegister.java:tryRegister(44)) - Successfully registered JMX Bean with object name Ratis:service=RaftServer,group=group-CC4ECE0F8177,id=96b2c074-095f-4f1f-8300-c3ef1c676b7e
2019-07-13 19:34:37,042 INFO  pipeline.PipelineStateManager (PipelineStateManager.java:addPipeline(56)) - Created pipeline Pipeline[ Id: 1160be8b-ea3b-4d21-ab34-cc4ece0f8177, Nodes: 96b2c074-095f-4f1f-8300-c3ef1c676b7e{ip: 192.168.69.122, host: trunk-nightly-fxqsz-774976932, networkLocation: /default-rack, certSerialId: null}, Type:RATIS, Factor:ONE, State:OPEN]
2019-07-13 19:34:37,220 INFO  node.SCMNodeManager (SCMNodeManager.java:register(269)) - Registered Data node : 9acb16b8-b895-4cdd-96f3-66702cee2304{ip: 192.168.69.122, host: trunk-nightly-fxqsz-774976932, networkLocation: /default-rack, certSerialId: null}
2019-07-13 19:34:37,237 INFO  impl.RaftServerProxy (RaftServerProxy.java:addNew(89)) - 9acb16b8-b895-4cdd-96f3-66702cee2304: addNew group-F731D1376C91:[9acb16b8-b895-4cdd-96f3-66702cee2304:192.168.69.122:37853] returns group-F731D1376C91:java.util.concurrent.CompletableFuture@70052179[Not completed]
2019-07-13 19:34:37,238 INFO  impl.RaftServerImpl (RaftServerImpl.java:<init>(93)) - 9acb16b8-b895-4cdd-96f3-66702cee2304: new RaftServerImpl for group-F731D1376C91:[9acb16b8-b895-4cdd-96f3-66702cee2304:192.168.69.122:37853] with ContainerStateMachine:uninitialized
2019-07-13 19:34:37,238 INFO  server.RaftServerConfigKeys (ConfUtils.java:logGet(43)) - raft.server.rpc.timeout.min = 5s (custom)
2019-07-13 19:34:37,238 INFO  server.RaftServerConfigKeys (ConfUtils.java:logGet(43)) - raft.server.rpc.timeout.max = 5200ms (custom)
2019-07-13 19:34:37,238 INFO  server.RaftServerConfigKeys (ConfUtils.java:logGet(43)) - raft.server.rpcslowness.timeout = 120s (custom)
2019-07-13 19:34:37,238 INFO  server.RaftServerConfigKeys (ConfUtils.java:logGet(43)) - raft.server.sleep.deviation.threshold = 300 (default)
2019-07-13 19:34:37,238 INFO  server.RaftServerConfigKeys (ConfUtils.java:logGet(43)) - raft.server.log.appender.install.snapshot.enabled = false (custom)
2019-07-13 19:34:37,239 INFO  impl.RaftServerImpl (ServerState.java:<init>(105)) - 9acb16b8-b895-4cdd-96f3-66702cee2304:group-F731D1376C91 ConfigurationManager, init=-1: [9acb16b8-b895-4cdd-96f3-66702cee2304:192.168.69.122:37853], old=null, confs=<EMPTY_MAP>
2019-07-13 19:34:37,239 INFO  server.RaftServerConfigKeys (ConfUtils.java:logGet(43)) - raft.server.storage.dir = [/tmp/workdir/hadoop-ozone/integration-test/target/test-dir/MiniOzoneClusterImpl-31689132-182d-4293-ba12-b7210fe65700/datanode-4/data/ratis] (custom)
2019-07-13 19:34:37,239 INFO  storage.RaftStorageDirectory (RaftStorageDirectory.java:analyzeStorage(246)) - The storage directory /tmp/workdir/hadoop-ozone/integration-test/target/test-dir/MiniOzoneClusterImpl-31689132-182d-4293-ba12-b7210fe65700/datanode-4/data/ratis/6fc99840-f47b-4163-8c0f-f731d1376c91 does not exist. Creating ...
2019-07-13 19:34:37,260 INFO  storage.RaftStorageDirectory (RaftStorageDirectory.java:tryLock(328)) - Lock on /tmp/workdir/hadoop-ozone/integration-test/target/test-dir/MiniOzoneClusterImpl-31689132-182d-4293-ba12-b7210fe65700/datanode-4/data/ratis/6fc99840-f47b-4163-8c0f-f731d1376c91/in_use.lock acquired by nodename 18559@trunk-nightly-fxqsz-774976932
2019-07-13 19:34:37,275 INFO  storage.RaftStorage (RaftStorage.java:format(72)) - Storage directory /tmp/workdir/hadoop-ozone/integration-test/target/test-dir/MiniOzoneClusterImpl-31689132-182d-4293-ba12-b7210fe65700/datanode-4/data/ratis/6fc99840-f47b-4163-8c0f-f731d1376c91 has been successfully formatted.
2019-07-13 19:34:37,275 INFO  ratis.ContainerStateMachine (ContainerStateMachine.java:loadSnapshot(200)) - The snapshot info is null.Setting the last applied index to:(t:0, i:~)
2019-07-13 19:34:37,276 INFO  server.RaftServerConfigKeys (ConfUtils.java:logGet(43)) - raft.server.leader.election.timeout = 120s (custom)
2019-07-13 19:34:37,276 INFO  server.RaftServerConfigKeys (ConfUtils.java:logGet(43)) - raft.server.log.use.memory = false (default)
2019-07-13 19:34:37,276 INFO  server.RaftServerConfigKeys (ConfUtils.java:logGet(43)) - raft.server.log.purge.gap = 1000000000 (custom)
2019-07-13 19:34:37,276 INFO  server.RaftServerConfigKeys (ConfUtils.java:logGet(43)) - raft.server.log.appender.buffer.byte-limit = 33554432 (custom)
2019-07-13 19:34:37,276 INFO  server.RaftServerConfigKeys (ConfUtils.java:logGet(43)) - raft.server.log.segment.size.max = 1048576 (custom)
2019-07-13 19:34:37,276 INFO  server.RaftServerConfigKeys (ConfUtils.java:logGet(43)) - raft.server.log.segment.cache.num.max = 2 (custom)
2019-07-13 19:34:37,276 INFO  segmented.SegmentedRaftLogWorker (SegmentedRaftLogWorker.java:<init>(172)) - new 9acb16b8-b895-4cdd-96f3-66702cee2304-SegmentedRaftLogWorker:Storage Directory /tmp/workdir/hadoop-ozone/integration-test/target/test-dir/MiniOzoneClusterImpl-31689132-182d-4293-ba12-b7210fe65700/datanode-4/data/ratis/6fc99840-f47b-4163-8c0f-f731d1376c91 for RaftStorage:Storage Directory /tmp/workdir/hadoop-ozone/integration-test/target/test-dir/MiniOzoneClusterImpl-31689132-182d-4293-ba12-b7210fe65700/datanode-4/data/ratis/6fc99840-f47b-4163-8c0f-f731d1376c91
2019-07-13 19:34:37,277 INFO  server.RaftServerConfigKeys (ConfUtils.java:logGet(43)) - raft.server.log.queue.byte-limit = 2147483647 (custom)
2019-07-13 19:34:37,277 INFO  server.RaftServerConfigKeys (ConfUtils.java:logGet(43)) - raft.server.log.queue.element-limit = 1024 (custom)
2019-07-13 19:34:37,277 INFO  server.RaftServerConfigKeys (ConfUtils.java:logGet(43)) - raft.server.log.segment.size.max = 1048576 (custom)
2019-07-13 19:34:37,277 INFO  server.RaftServerConfigKeys (ConfUtils.java:logGet(43)) - raft.server.log.preallocated.size = 16384 (custom)
2019-07-13 19:34:37,277 INFO  server.RaftServerConfigKeys (ConfUtils.java:logGet(43)) - raft.server.log.write.buffer.size = 33554432 (custom)
2019-07-13 19:34:37,277 INFO  server.RaftServerConfigKeys (ConfUtils.java:logGet(43)) - raft.server.log.force.sync.num = 128 (default)
2019-07-13 19:34:37,278 INFO  server.RaftServerConfigKeys (ConfUtils.java:logGet(43)) - raft.server.log.statemachine.data.sync = true (default)
2019-07-13 19:34:37,278 INFO  server.RaftServerConfigKeys (ConfUtils.java:logGet(43)) - raft.server.log.statemachine.data.sync.timeout = 10s (default)
2019-07-13 19:34:37,278 INFO  server.RaftServerConfigKeys (ConfUtils.java:logGet(43)) - raft.server.log.statemachine.data.sync.timeout.retry = -1 (default)
2019-07-13 19:34:37,278 INFO  server.RaftServerConfigKeys (ConfUtils.java:logGet(43)) - raft.server.log.statemachine.data.caching.enabled = true (custom)
2019-07-13 19:34:37,278 INFO  segmented.SegmentedRaftLogWorker (SegmentedRaftLogWorker.java:lambda$new$0(132)) - 9acb16b8-b895-4cdd-96f3-66702cee2304-SegmentedRaftLogWorker:Storage Directory /tmp/workdir/hadoop-ozone/integration-test/target/test-dir/MiniOzoneClusterImpl-31689132-182d-4293-ba12-b7210fe65700/datanode-4/data/ratis/6fc99840-f47b-4163-8c0f-f731d1376c91: flushIndex: setUnconditionally 0 -> -1
2019-07-13 19:34:37,279 INFO  server.RaftServerConfigKeys (ConfUtils.java:logGet(43)) - raft.server.snapshot.auto.trigger.enabled = true (custom)
2019-07-13 19:34:37,279 INFO  server.RaftServerConfigKeys (ConfUtils.java:logGet(43)) - raft.server.snapshot.auto.trigger.threshold = 10000 (custom)
2019-07-13 19:34:37,279 INFO  server.RaftServerConfigKeys (ConfUtils.java:logGet(43)) - raft.server.retrycache.expirytime = 600000ms (custom)
2019-07-13 19:34:37,279 INFO  impl.RaftServerImpl (RaftServerImpl.java:start(180)) - 9acb16b8-b895-4cdd-96f3-66702cee2304: start group-F731D1376C91
2019-07-13 19:34:37,279 INFO  impl.RaftServerImpl (RaftServerImpl.java:setRole(171)) - 9acb16b8-b895-4cdd-96f3-66702cee2304:group-F731D1376C91 changes role from null to FOLLOWER at term 0 for startAsFollower
2019-07-13 19:34:37,280 INFO  impl.RoleInfo (RoleInfo.java:updateAndGet(143)) - 9acb16b8-b895-4cdd-96f3-66702cee2304: start FollowerState
2019-07-13 19:34:37,280 INFO  util.JmxRegister (JmxRegister.java:tryRegister(44)) - Successfully registered JMX Bean with object name Ratis:service=RaftServer,group=group-F731D1376C91,id=9acb16b8-b895-4cdd-96f3-66702cee2304
2019-07-13 19:34:37,283 INFO  pipeline.PipelineStateManager (PipelineStateManager.java:addPipeline(56)) - Created pipeline Pipeline[ Id: 6fc99840-f47b-4163-8c0f-f731d1376c91, Nodes: 9acb16b8-b895-4cdd-96f3-66702cee2304{ip: 192.168.69.122, host: trunk-nightly-fxqsz-774976932, networkLocation: /default-rack, certSerialId: null}, Type:RATIS, Factor:ONE, State:OPEN]
2019-07-13 19:34:37,577 INFO  node.SCMNodeManager (SCMNodeManager.java:register(269)) - Registered Data node : 1ffab7d8-62dd-458d-96b1-a83e102e89e6{ip: 192.168.69.122, host: trunk-nightly-fxqsz-774976932, networkLocation: /default-rack, certSerialId: null}
2019-07-13 19:34:37,620 INFO  impl.RaftServerProxy (RaftServerProxy.java:addNew(89)) - 1ffab7d8-62dd-458d-96b1-a83e102e89e6: addNew group-1DE928FEE582:[1ffab7d8-62dd-458d-96b1-a83e102e89e6:192.168.69.122:43242] returns group-1DE928FEE582:java.util.concurrent.CompletableFuture@5a41cd9b[Not completed]
2019-07-13 19:34:37,622 INFO  impl.RaftServerImpl (RaftServerImpl.java:<init>(93)) - 1ffab7d8-62dd-458d-96b1-a83e102e89e6: new RaftServerImpl for group-1DE928FEE582:[1ffab7d8-62dd-458d-96b1-a83e102e89e6:192.168.69.122:43242] with ContainerStateMachine:uninitialized
2019-07-13 19:34:37,622 INFO  server.RaftServerConfigKeys (ConfUtils.java:logGet(43)) - raft.server.rpc.timeout.min = 5s (custom)
2019-07-13 19:34:37,622 INFO  server.RaftServerConfigKeys (ConfUtils.java:logGet(43)) - raft.server.rpc.timeout.max = 5200ms (custom)
2019-07-13 19:34:37,623 INFO  server.RaftServerConfigKeys (ConfUtils.java:logGet(43)) - raft.server.rpcslowness.timeout = 120s (custom)
2019-07-13 19:34:37,623 INFO  server.RaftServerConfigKeys (ConfUtils.java:logGet(43)) - raft.server.sleep.deviation.threshold = 300 (default)
2019-07-13 19:34:37,623 INFO  server.RaftServerConfigKeys (ConfUtils.java:logGet(43)) - raft.server.log.appender.install.snapshot.enabled = false (custom)
2019-07-13 19:34:37,623 INFO  impl.RaftServerImpl (ServerState.java:<init>(105)) - 1ffab7d8-62dd-458d-96b1-a83e102e89e6:group-1DE928FEE582 ConfigurationManager, init=-1: [1ffab7d8-62dd-458d-96b1-a83e102e89e6:192.168.69.122:43242], old=null, confs=<EMPTY_MAP>
2019-07-13 19:34:37,623 INFO  server.RaftServerConfigKeys (ConfUtils.java:logGet(43)) - raft.server.storage.dir = [/tmp/workdir/hadoop-ozone/integration-test/target/test-dir/MiniOzoneClusterImpl-31689132-182d-4293-ba12-b7210fe65700/datanode-5/data/ratis] (custom)
2019-07-13 19:34:37,624 INFO  storage.RaftStorageDirectory (RaftStorageDirectory.java:analyzeStorage(246)) - The storage directory /tmp/workdir/hadoop-ozone/integration-test/target/test-dir/MiniOzoneClusterImpl-31689132-182d-4293-ba12-b7210fe65700/datanode-5/data/ratis/c4de5b8a-7952-4b5a-9747-1de928fee582 does not exist. Creating ...
2019-07-13 19:34:37,637 INFO  storage.RaftStorageDirectory (RaftStorageDirectory.java:tryLock(328)) - Lock on /tmp/workdir/hadoop-ozone/integration-test/target/test-dir/MiniOzoneClusterImpl-31689132-182d-4293-ba12-b7210fe65700/datanode-5/data/ratis/c4de5b8a-7952-4b5a-9747-1de928fee582/in_use.lock acquired by nodename 18559@trunk-nightly-fxqsz-774976932
2019-07-13 19:34:37,662 INFO  storage.RaftStorage (RaftStorage.java:format(72)) - Storage directory /tmp/workdir/hadoop-ozone/integration-test/target/test-dir/MiniOzoneClusterImpl-31689132-182d-4293-ba12-b7210fe65700/datanode-5/data/ratis/c4de5b8a-7952-4b5a-9747-1de928fee582 has been successfully formatted.
2019-07-13 19:34:37,662 INFO  ratis.ContainerStateMachine (ContainerStateMachine.java:loadSnapshot(200)) - The snapshot info is null.Setting the last applied index to:(t:0, i:~)
2019-07-13 19:34:37,662 INFO  server.RaftServerConfigKeys (ConfUtils.java:logGet(43)) - raft.server.leader.election.timeout = 120s (custom)
2019-07-13 19:34:37,662 INFO  server.RaftServerConfigKeys (ConfUtils.java:logGet(43)) - raft.server.log.use.memory = false (default)
2019-07-13 19:34:37,663 INFO  server.RaftServerConfigKeys (ConfUtils.java:logGet(43)) - raft.server.log.purge.gap = 1000000000 (custom)
2019-07-13 19:34:37,663 INFO  server.RaftServerConfigKeys (ConfUtils.java:logGet(43)) - raft.server.log.appender.buffer.byte-limit = 33554432 (custom)
2019-07-13 19:34:37,663 INFO  server.RaftServerConfigKeys (ConfUtils.java:logGet(43)) - raft.server.log.segment.size.max = 1048576 (custom)
2019-07-13 19:34:37,663 INFO  server.RaftServerConfigKeys (ConfUtils.java:logGet(43)) - raft.server.log.segment.cache.num.max = 2 (custom)
2019-07-13 19:34:37,663 INFO  segmented.SegmentedRaftLogWorker (SegmentedRaftLogWorker.java:<init>(172)) - new 1ffab7d8-62dd-458d-96b1-a83e102e89e6-SegmentedRaftLogWorker:Storage Directory /tmp/workdir/hadoop-ozone/integration-test/target/test-dir/MiniOzoneClusterImpl-31689132-182d-4293-ba12-b7210fe65700/datanode-5/data/ratis/c4de5b8a-7952-4b5a-9747-1de928fee582 for RaftStorage:Storage Directory /tmp/workdir/hadoop-ozone/integration-test/target/test-dir/MiniOzoneClusterImpl-31689132-182d-4293-ba12-b7210fe65700/datanode-5/data/ratis/c4de5b8a-7952-4b5a-9747-1de928fee582
2019-07-13 19:34:37,664 INFO  server.RaftServerConfigKeys (ConfUtils.java:logGet(43)) - raft.server.log.queue.byte-limit = 2147483647 (custom)
2019-07-13 19:34:37,664 INFO  server.RaftServerConfigKeys (ConfUtils.java:logGet(43)) - raft.server.log.queue.element-limit = 1024 (custom)
2019-07-13 19:34:37,664 INFO  server.RaftServerConfigKeys (ConfUtils.java:logGet(43)) - raft.server.log.segment.size.max = 1048576 (custom)
2019-07-13 19:34:37,664 INFO  server.RaftServerConfigKeys (ConfUtils.java:logGet(43)) - raft.server.log.preallocated.size = 16384 (custom)
2019-07-13 19:34:37,664 INFO  server.RaftServerConfigKeys (ConfUtils.java:logGet(43)) - raft.server.log.write.buffer.size = 33554432 (custom)
2019-07-13 19:34:37,664 INFO  server.RaftServerConfigKeys (ConfUtils.java:logGet(43)) - raft.server.log.force.sync.num = 128 (default)
2019-07-13 19:34:37,665 INFO  server.RaftServerConfigKeys (ConfUtils.java:logGet(43)) - raft.server.log.statemachine.data.sync = true (default)
2019-07-13 19:34:37,665 INFO  server.RaftServerConfigKeys (ConfUtils.java:logGet(43)) - raft.server.log.statemachine.data.sync.timeout = 10s (default)
2019-07-13 19:34:37,665 INFO  server.RaftServerConfigKeys (ConfUtils.java:logGet(43)) - raft.server.log.statemachine.data.sync.timeout.retry = -1 (default)
2019-07-13 19:34:37,665 INFO  server.RaftServerConfigKeys (ConfUtils.java:logGet(43)) - raft.server.log.statemachine.data.caching.enabled = true (custom)
2019-07-13 19:34:37,666 INFO  segmented.SegmentedRaftLogWorker (SegmentedRaftLogWorker.java:lambda$new$0(132)) - 1ffab7d8-62dd-458d-96b1-a83e102e89e6-SegmentedRaftLogWorker:Storage Directory /tmp/workdir/hadoop-ozone/integration-test/target/test-dir/MiniOzoneClusterImpl-31689132-182d-4293-ba12-b7210fe65700/datanode-5/data/ratis/c4de5b8a-7952-4b5a-9747-1de928fee582: flushIndex: setUnconditionally 0 -> -1
2019-07-13 19:34:37,666 INFO  server.RaftServerConfigKeys (ConfUtils.java:logGet(43)) - raft.server.snapshot.auto.trigger.enabled = true (custom)
2019-07-13 19:34:37,666 INFO  server.RaftServerConfigKeys (ConfUtils.java:logGet(43)) - raft.server.snapshot.auto.trigger.threshold = 10000 (custom)
2019-07-13 19:34:37,666 INFO  server.RaftServerConfigKeys (ConfUtils.java:logGet(43)) - raft.server.retrycache.expirytime = 600000ms (custom)
2019-07-13 19:34:37,666 INFO  impl.RaftServerImpl (RaftServerImpl.java:start(180)) - 1ffab7d8-62dd-458d-96b1-a83e102e89e6: start group-1DE928FEE582
2019-07-13 19:34:37,667 INFO  impl.RaftServerImpl (RaftServerImpl.java:setRole(171)) - 1ffab7d8-62dd-458d-96b1-a83e102e89e6:group-1DE928FEE582 changes role from null to FOLLOWER at term 0 for startAsFollower
2019-07-13 19:34:37,667 INFO  impl.RoleInfo (RoleInfo.java:updateAndGet(143)) - 1ffab7d8-62dd-458d-96b1-a83e102e89e6: start FollowerState
2019-07-13 19:34:37,667 INFO  util.JmxRegister (JmxRegister.java:tryRegister(44)) - Successfully registered JMX Bean with object name Ratis:service=RaftServer,group=group-1DE928FEE582,id=1ffab7d8-62dd-458d-96b1-a83e102e89e6
2019-07-13 19:34:37,670 INFO  pipeline.PipelineStateManager (PipelineStateManager.java:addPipeline(56)) - Created pipeline Pipeline[ Id: c4de5b8a-7952-4b5a-9747-1de928fee582, Nodes: 1ffab7d8-62dd-458d-96b1-a83e102e89e6{ip: 192.168.69.122, host: trunk-nightly-fxqsz-774976932, networkLocation: /default-rack, certSerialId: null}, Type:RATIS, Factor:ONE, State:OPEN]
2019-07-13 19:34:37,704 INFO  impl.RaftServerProxy (RaftServerProxy.java:addNew(89)) - 1ffab7d8-62dd-458d-96b1-a83e102e89e6: addNew group-2C5C12E9F616:[96b2c074-095f-4f1f-8300-c3ef1c676b7e:192.168.69.122:36461, 9acb16b8-b895-4cdd-96f3-66702cee2304:192.168.69.122:37853, 1ffab7d8-62dd-458d-96b1-a83e102e89e6:192.168.69.122:43242] returns group-2C5C12E9F616:java.util.concurrent.CompletableFuture@5eb4fccf[Not completed]
2019-07-13 19:34:37,705 INFO  impl.RaftServerProxy (RaftServerProxy.java:addNew(89)) - 9acb16b8-b895-4cdd-96f3-66702cee2304: addNew group-2C5C12E9F616:[96b2c074-095f-4f1f-8300-c3ef1c676b7e:192.168.69.122:36461, 9acb16b8-b895-4cdd-96f3-66702cee2304:192.168.69.122:37853, 1ffab7d8-62dd-458d-96b1-a83e102e89e6:192.168.69.122:43242] returns group-2C5C12E9F616:java.util.concurrent.CompletableFuture@38a3c8ca[Not completed]
2019-07-13 19:34:37,705 INFO  impl.RaftServerProxy (RaftServerProxy.java:addNew(89)) - 96b2c074-095f-4f1f-8300-c3ef1c676b7e: addNew group-2C5C12E9F616:[96b2c074-095f-4f1f-8300-c3ef1c676b7e:192.168.69.122:36461, 9acb16b8-b895-4cdd-96f3-66702cee2304:192.168.69.122:37853, 1ffab7d8-62dd-458d-96b1-a83e102e89e6:192.168.69.122:43242] returns group-2C5C12E9F616:java.util.concurrent.CompletableFuture@7169049c[Not completed]
2019-07-13 19:34:37,705 INFO  impl.RaftServerImpl (RaftServerImpl.java:<init>(93)) - 1ffab7d8-62dd-458d-96b1-a83e102e89e6: new RaftServerImpl for group-2C5C12E9F616:[96b2c074-095f-4f1f-8300-c3ef1c676b7e:192.168.69.122:36461, 9acb16b8-b895-4cdd-96f3-66702cee2304:192.168.69.122:37853, 1ffab7d8-62dd-458d-96b1-a83e102e89e6:192.168.69.122:43242] with ContainerStateMachine:uninitialized
2019-07-13 19:34:37,706 INFO  server.RaftServerConfigKeys (ConfUtils.java:logGet(43)) - raft.server.rpc.timeout.min = 5s (custom)
2019-07-13 19:34:37,706 INFO  server.RaftServerConfigKeys (ConfUtils.java:logGet(43)) - raft.server.rpc.timeout.max = 5200ms (custom)
2019-07-13 19:34:37,706 INFO  server.RaftServerConfigKeys (ConfUtils.java:logGet(43)) - raft.server.rpcslowness.timeout = 120s (custom)
2019-07-13 19:34:37,706 INFO  server.RaftServerConfigKeys (ConfUtils.java:logGet(43)) - raft.server.sleep.deviation.threshold = 300 (default)
2019-07-13 19:34:37,706 INFO  server.RaftServerConfigKeys (ConfUtils.java:logGet(43)) - raft.server.log.appender.install.snapshot.enabled = false (custom)
2019-07-13 19:34:37,706 INFO  impl.RaftServerImpl (ServerState.java:<init>(105)) - 1ffab7d8-62dd-458d-96b1-a83e102e89e6:group-2C5C12E9F616 ConfigurationManager, init=-1: [96b2c074-095f-4f1f-8300-c3ef1c676b7e:192.168.69.122:36461, 9acb16b8-b895-4cdd-96f3-66702cee2304:192.168.69.122:37853, 1ffab7d8-62dd-458d-96b1-a83e102e89e6:192.168.69.122:43242], old=null, confs=<EMPTY_MAP>
2019-07-13 19:34:37,706 INFO  server.RaftServerConfigKeys (ConfUtils.java:logGet(43)) - raft.server.storage.dir = [/tmp/workdir/hadoop-ozone/integration-test/target/test-dir/MiniOzoneClusterImpl-31689132-182d-4293-ba12-b7210fe65700/datanode-5/data/ratis] (custom)
2019-07-13 19:34:37,707 INFO  impl.RaftServerImpl (RaftServerImpl.java:<init>(93)) - 9acb16b8-b895-4cdd-96f3-66702cee2304: new RaftServerImpl for group-2C5C12E9F616:[96b2c074-095f-4f1f-8300-c3ef1c676b7e:192.168.69.122:36461, 9acb16b8-b895-4cdd-96f3-66702cee2304:192.168.69.122:37853, 1ffab7d8-62dd-458d-96b1-a83e102e89e6:192.168.69.122:43242] with ContainerStateMachine:uninitialized
2019-07-13 19:34:37,707 INFO  server.RaftServerConfigKeys (ConfUtils.java:logGet(43)) - raft.server.rpc.timeout.min = 5s (custom)
2019-07-13 19:34:37,707 INFO  storage.RaftStorageDirectory (RaftStorageDirectory.java:analyzeStorage(246)) - The storage directory /tmp/workdir/hadoop-ozone/integration-test/target/test-dir/MiniOzoneClusterImpl-31689132-182d-4293-ba12-b7210fe65700/datanode-5/data/ratis/2a61643a-c9e1-4f70-8a11-2c5c12e9f616 does not exist. Creating ...
2019-07-13 19:34:37,707 INFO  impl.RaftServerImpl (RaftServerImpl.java:<init>(93)) - 96b2c074-095f-4f1f-8300-c3ef1c676b7e: new RaftServerImpl for group-2C5C12E9F616:[96b2c074-095f-4f1f-8300-c3ef1c676b7e:192.168.69.122:36461, 9acb16b8-b895-4cdd-96f3-66702cee2304:192.168.69.122:37853, 1ffab7d8-62dd-458d-96b1-a83e102e89e6:192.168.69.122:43242] with ContainerStateMachine:uninitialized
2019-07-13 19:34:37,707 INFO  server.RaftServerConfigKeys (ConfUtils.java:logGet(43)) - raft.server.rpc.timeout.max = 5200ms (custom)
2019-07-13 19:34:37,707 INFO  server.RaftServerConfigKeys (ConfUtils.java:logGet(43)) - raft.server.rpc.timeout.min = 5s (custom)
2019-07-13 19:34:37,708 INFO  server.RaftServerConfigKeys (ConfUtils.java:logGet(43)) - raft.server.rpcslowness.timeout = 120s (custom)
2019-07-13 19:34:37,708 INFO  server.RaftServerConfigKeys (ConfUtils.java:logGet(43)) - raft.server.rpc.timeout.max = 5200ms (custom)
2019-07-13 19:34:37,708 INFO  server.RaftServerConfigKeys (ConfUtils.java:logGet(43)) - raft.server.sleep.deviation.threshold = 300 (default)
2019-07-13 19:34:37,708 INFO  server.RaftServerConfigKeys (ConfUtils.java:logGet(43)) - raft.server.rpcslowness.timeout = 120s (custom)
2019-07-13 19:34:37,708 INFO  server.RaftServerConfigKeys (ConfUtils.java:logGet(43)) - raft.server.log.appender.install.snapshot.enabled = false (custom)
2019-07-13 19:34:37,708 INFO  server.RaftServerConfigKeys (ConfUtils.java:logGet(43)) - raft.server.sleep.deviation.threshold = 300 (default)
2019-07-13 19:34:37,709 INFO  impl.RaftServerImpl (ServerState.java:<init>(105)) - 9acb16b8-b895-4cdd-96f3-66702cee2304:group-2C5C12E9F616 ConfigurationManager, init=-1: [96b2c074-095f-4f1f-8300-c3ef1c676b7e:192.168.69.122:36461, 9acb16b8-b895-4cdd-96f3-66702cee2304:192.168.69.122:37853, 1ffab7d8-62dd-458d-96b1-a83e102e89e6:192.168.69.122:43242], old=null, confs=<EMPTY_MAP>
2019-07-13 19:34:37,709 INFO  server.RaftServerConfigKeys (ConfUtils.java:logGet(43)) - raft.server.log.appender.install.snapshot.enabled = false (custom)
2019-07-13 19:34:37,709 INFO  server.RaftServerConfigKeys (ConfUtils.java:logGet(43)) - raft.server.storage.dir = [/tmp/workdir/hadoop-ozone/integration-test/target/test-dir/MiniOzoneClusterImpl-31689132-182d-4293-ba12-b7210fe65700/datanode-4/data/ratis] (custom)
2019-07-13 19:34:37,709 INFO  impl.RaftServerImpl (ServerState.java:<init>(105)) - 96b2c074-095f-4f1f-8300-c3ef1c676b7e:group-2C5C12E9F616 ConfigurationManager, init=-1: [96b2c074-095f-4f1f-8300-c3ef1c676b7e:192.168.69.122:36461, 9acb16b8-b895-4cdd-96f3-66702cee2304:192.168.69.122:37853, 1ffab7d8-62dd-458d-96b1-a83e102e89e6:192.168.69.122:43242], old=null, confs=<EMPTY_MAP>
2019-07-13 19:34:37,710 INFO  storage.RaftStorageDirectory (RaftStorageDirectory.java:analyzeStorage(246)) - The storage directory /tmp/workdir/hadoop-ozone/integration-test/target/test-dir/MiniOzoneClusterImpl-31689132-182d-4293-ba12-b7210fe65700/datanode-4/data/ratis/2a61643a-c9e1-4f70-8a11-2c5c12e9f616 does not exist. Creating ...
2019-07-13 19:34:37,710 INFO  server.RaftServerConfigKeys (ConfUtils.java:logGet(43)) - raft.server.storage.dir = [/tmp/workdir/hadoop-ozone/integration-test/target/test-dir/MiniOzoneClusterImpl-31689132-182d-4293-ba12-b7210fe65700/datanode-3/data/ratis] (custom)
2019-07-13 19:34:37,710 INFO  storage.RaftStorageDirectory (RaftStorageDirectory.java:analyzeStorage(246)) - The storage directory /tmp/workdir/hadoop-ozone/integration-test/target/test-dir/MiniOzoneClusterImpl-31689132-182d-4293-ba12-b7210fe65700/datanode-3/data/ratis/2a61643a-c9e1-4f70-8a11-2c5c12e9f616 does not exist. Creating ...
2019-07-13 19:34:37,723 INFO  storage.RaftStorageDirectory (RaftStorageDirectory.java:tryLock(328)) - Lock on /tmp/workdir/hadoop-ozone/integration-test/target/test-dir/MiniOzoneClusterImpl-31689132-182d-4293-ba12-b7210fe65700/datanode-4/data/ratis/2a61643a-c9e1-4f70-8a11-2c5c12e9f616/in_use.lock acquired by nodename 18559@trunk-nightly-fxqsz-774976932
2019-07-13 19:34:37,723 INFO  storage.RaftStorageDirectory (RaftStorageDirectory.java:tryLock(328)) - Lock on /tmp/workdir/hadoop-ozone/integration-test/target/test-dir/MiniOzoneClusterImpl-31689132-182d-4293-ba12-b7210fe65700/datanode-3/data/ratis/2a61643a-c9e1-4f70-8a11-2c5c12e9f616/in_use.lock acquired by nodename 18559@trunk-nightly-fxqsz-774976932
2019-07-13 19:34:37,723 INFO  storage.RaftStorageDirectory (RaftStorageDirectory.java:tryLock(328)) - Lock on /tmp/workdir/hadoop-ozone/integration-test/target/test-dir/MiniOzoneClusterImpl-31689132-182d-4293-ba12-b7210fe65700/datanode-5/data/ratis/2a61643a-c9e1-4f70-8a11-2c5c12e9f616/in_use.lock acquired by nodename 18559@trunk-nightly-fxqsz-774976932
2019-07-13 19:34:37,757 INFO  storage.RaftStorage (RaftStorage.java:format(72)) - Storage directory /tmp/workdir/hadoop-ozone/integration-test/target/test-dir/MiniOzoneClusterImpl-31689132-182d-4293-ba12-b7210fe65700/datanode-3/data/ratis/2a61643a-c9e1-4f70-8a11-2c5c12e9f616 has been successfully formatted.
2019-07-13 19:34:37,757 INFO  storage.RaftStorage (RaftStorage.java:format(72)) - Storage directory /tmp/workdir/hadoop-ozone/integration-test/target/test-dir/MiniOzoneClusterImpl-31689132-182d-4293-ba12-b7210fe65700/datanode-4/data/ratis/2a61643a-c9e1-4f70-8a11-2c5c12e9f616 has been successfully formatted.
2019-07-13 19:34:37,758 INFO  ratis.ContainerStateMachine (ContainerStateMachine.java:loadSnapshot(200)) - The snapshot info is null.Setting the last applied index to:(t:0, i:~)
2019-07-13 19:34:37,757 INFO  storage.RaftStorage (RaftStorage.java:format(72)) - Storage directory /tmp/workdir/hadoop-ozone/integration-test/target/test-dir/MiniOzoneClusterImpl-31689132-182d-4293-ba12-b7210fe65700/datanode-5/data/ratis/2a61643a-c9e1-4f70-8a11-2c5c12e9f616 has been successfully formatted.
2019-07-13 19:34:37,758 INFO  server.RaftServerConfigKeys (ConfUtils.java:logGet(43)) - raft.server.leader.election.timeout = 120s (custom)
2019-07-13 19:34:37,758 INFO  ratis.ContainerStateMachine (ContainerStateMachine.java:loadSnapshot(200)) - The snapshot info is null.Setting the last applied index to:(t:0, i:~)
2019-07-13 19:34:37,758 INFO  ratis.ContainerStateMachine (ContainerStateMachine.java:loadSnapshot(200)) - The snapshot info is null.Setting the last applied index to:(t:0, i:~)
2019-07-13 19:34:37,758 INFO  server.RaftServerConfigKeys (ConfUtils.java:logGet(43)) - raft.server.leader.election.timeout = 120s (custom)
2019-07-13 19:34:37,758 INFO  server.RaftServerConfigKeys (ConfUtils.java:logGet(43)) - raft.server.log.use.memory = false (default)
2019-07-13 19:34:37,758 INFO  server.RaftServerConfigKeys (ConfUtils.java:logGet(43)) - raft.server.log.use.memory = false (default)
2019-07-13 19:34:37,758 INFO  server.RaftServerConfigKeys (ConfUtils.java:logGet(43)) - raft.server.leader.election.timeout = 120s (custom)
2019-07-13 19:34:37,759 INFO  server.RaftServerConfigKeys (ConfUtils.java:logGet(43)) - raft.server.log.purge.gap = 1000000000 (custom)
2019-07-13 19:34:37,759 INFO  server.RaftServerConfigKeys (ConfUtils.java:logGet(43)) - raft.server.log.purge.gap = 1000000000 (custom)
2019-07-13 19:34:37,759 INFO  server.RaftServerConfigKeys (ConfUtils.java:logGet(43)) - raft.server.log.appender.buffer.byte-limit = 33554432 (custom)
2019-07-13 19:34:37,759 INFO  server.RaftServerConfigKeys (ConfUtils.java:logGet(43)) - raft.server.log.use.memory = false (default)
2019-07-13 19:34:37,759 INFO  server.RaftServerConfigKeys (ConfUtils.java:logGet(43)) - raft.server.log.segment.size.max = 1048576 (custom)
2019-07-13 19:34:37,759 INFO  server.RaftServerConfigKeys (ConfUtils.java:logGet(43)) - raft.server.log.appender.buffer.byte-limit = 33554432 (custom)
2019-07-13 19:34:37,760 INFO  server.RaftServerConfigKeys (ConfUtils.java:logGet(43)) - raft.server.log.segment.cache.num.max = 2 (custom)
2019-07-13 19:34:37,760 INFO  server.RaftServerConfigKeys (ConfUtils.java:logGet(43)) - raft.server.log.purge.gap = 1000000000 (custom)
2019-07-13 19:34:37,760 INFO  segmented.SegmentedRaftLogWorker (SegmentedRaftLogWorker.java:<init>(172)) - new 1ffab7d8-62dd-458d-96b1-a83e102e89e6-SegmentedRaftLogWorker:Storage Directory /tmp/workdir/hadoop-ozone/integration-test/target/test-dir/MiniOzoneClusterImpl-31689132-182d-4293-ba12-b7210fe65700/datanode-5/data/ratis/2a61643a-c9e1-4f70-8a11-2c5c12e9f616 for RaftStorage:Storage Directory /tmp/workdir/hadoop-ozone/integration-test/target/test-dir/MiniOzoneClusterImpl-31689132-182d-4293-ba12-b7210fe65700/datanode-5/data/ratis/2a61643a-c9e1-4f70-8a11-2c5c12e9f616
2019-07-13 19:34:37,760 INFO  server.RaftServerConfigKeys (ConfUtils.java:logGet(43)) - raft.server.log.segment.size.max = 1048576 (custom)
2019-07-13 19:34:37,760 INFO  server.RaftServerConfigKeys (ConfUtils.java:logGet(43)) - raft.server.log.queue.byte-limit = 2147483647 (custom)
2019-07-13 19:34:37,761 INFO  server.RaftServerConfigKeys (ConfUtils.java:logGet(43)) - raft.server.log.queue.element-limit = 1024 (custom)
2019-07-13 19:34:37,760 INFO  server.RaftServerConfigKeys (ConfUtils.java:logGet(43)) - raft.server.log.appender.buffer.byte-limit = 33554432 (custom)
2019-07-13 19:34:37,761 INFO  server.RaftServerConfigKeys (ConfUtils.java:logGet(43)) - raft.server.log.segment.size.max = 1048576 (custom)
2019-07-13 19:34:37,760 INFO  server.RaftServerConfigKeys (ConfUtils.java:logGet(43)) - raft.server.log.segment.cache.num.max = 2 (custom)
2019-07-13 19:34:37,761 INFO  server.RaftServerConfigKeys (ConfUtils.java:logGet(43)) - raft.server.log.preallocated.size = 16384 (custom)
2019-07-13 19:34:37,761 INFO  server.RaftServerConfigKeys (ConfUtils.java:logGet(43)) - raft.server.log.segment.size.max = 1048576 (custom)
2019-07-13 19:34:37,761 INFO  server.RaftServerConfigKeys (ConfUtils.java:logGet(43)) - raft.server.log.write.buffer.size = 33554432 (custom)
2019-07-13 19:34:37,762 INFO  server.RaftServerConfigKeys (ConfUtils.java:logGet(43)) - raft.server.log.force.sync.num = 128 (default)
2019-07-13 19:34:37,761 INFO  segmented.SegmentedRaftLogWorker (SegmentedRaftLogWorker.java:<init>(172)) - new 96b2c074-095f-4f1f-8300-c3ef1c676b7e-SegmentedRaftLogWorker:Storage Directory /tmp/workdir/hadoop-ozone/integration-test/target/test-dir/MiniOzoneClusterImpl-31689132-182d-4293-ba12-b7210fe65700/datanode-3/data/ratis/2a61643a-c9e1-4f70-8a11-2c5c12e9f616 for RaftStorage:Storage Directory /tmp/workdir/hadoop-ozone/integration-test/target/test-dir/MiniOzoneClusterImpl-31689132-182d-4293-ba12-b7210fe65700/datanode-3/data/ratis/2a61643a-c9e1-4f70-8a11-2c5c12e9f616
2019-07-13 19:34:37,762 INFO  server.RaftServerConfigKeys (ConfUtils.java:logGet(43)) - raft.server.log.statemachine.data.sync = true (default)
2019-07-13 19:34:37,762 INFO  server.RaftServerConfigKeys (ConfUtils.java:logGet(43)) - raft.server.log.segment.cache.num.max = 2 (custom)
2019-07-13 19:34:37,762 INFO  server.RaftServerConfigKeys (ConfUtils.java:logGet(43)) - raft.server.log.statemachine.data.sync.timeout = 10s (default)
2019-07-13 19:34:37,762 INFO  server.RaftServerConfigKeys (ConfUtils.java:logGet(43)) - raft.server.log.queue.byte-limit = 2147483647 (custom)
2019-07-13 19:34:37,762 INFO  server.RaftServerConfigKeys (ConfUtils.java:logGet(43)) - raft.server.log.statemachine.data.sync.timeout.retry = -1 (default)
2019-07-13 19:34:37,762 INFO  segmented.SegmentedRaftLogWorker (SegmentedRaftLogWorker.java:<init>(172)) - new 9acb16b8-b895-4cdd-96f3-66702cee2304-SegmentedRaftLogWorker:Storage Directory /tmp/workdir/hadoop-ozone/integration-test/target/test-dir/MiniOzoneClusterImpl-31689132-182d-4293-ba12-b7210fe65700/datanode-4/data/ratis/2a61643a-c9e1-4f70-8a11-2c5c12e9f616 for RaftStorage:Storage Directory /tmp/workdir/hadoop-ozone/integration-test/target/test-dir/MiniOzoneClusterImpl-31689132-182d-4293-ba12-b7210fe65700/datanode-4/data/ratis/2a61643a-c9e1-4f70-8a11-2c5c12e9f616
2019-07-13 19:34:37,763 INFO  server.RaftServerConfigKeys (ConfUtils.java:logGet(43)) - raft.server.log.statemachine.data.caching.enabled = true (custom)
2019-07-13 19:34:37,763 INFO  server.RaftServerConfigKeys (ConfUtils.java:logGet(43)) - raft.server.log.queue.element-limit = 1024 (custom)
2019-07-13 19:34:37,763 INFO  server.RaftServerConfigKeys (ConfUtils.java:logGet(43)) - raft.server.log.queue.byte-limit = 2147483647 (custom)
2019-07-13 19:34:37,763 INFO  server.RaftServerConfigKeys (ConfUtils.java:logGet(43)) - raft.server.log.segment.size.max = 1048576 (custom)
2019-07-13 19:34:37,763 INFO  segmented.SegmentedRaftLogWorker (SegmentedRaftLogWorker.java:lambda$new$0(132)) - 1ffab7d8-62dd-458d-96b1-a83e102e89e6-SegmentedRaftLogWorker:Storage Directory /tmp/workdir/hadoop-ozone/integration-test/target/test-dir/MiniOzoneClusterImpl-31689132-182d-4293-ba12-b7210fe65700/datanode-5/data/ratis/2a61643a-c9e1-4f70-8a11-2c5c12e9f616: flushIndex: setUnconditionally 0 -> -1
2019-07-13 19:34:37,763 INFO  server.RaftServerConfigKeys (ConfUtils.java:logGet(43)) - raft.server.log.preallocated.size = 16384 (custom)
2019-07-13 19:34:37,763 INFO  server.RaftServerConfigKeys (ConfUtils.java:logGet(43)) - raft.server.log.queue.element-limit = 1024 (custom)
2019-07-13 19:34:37,764 INFO  server.RaftServerConfigKeys (ConfUtils.java:logGet(43)) - raft.server.snapshot.auto.trigger.enabled = true (custom)
2019-07-13 19:34:37,764 INFO  server.RaftServerConfigKeys (ConfUtils.java:logGet(43)) - raft.server.log.write.buffer.size = 33554432 (custom)
2019-07-13 19:34:37,764 INFO  server.RaftServerConfigKeys (ConfUtils.java:logGet(43)) - raft.server.snapshot.auto.trigger.threshold = 10000 (custom)
2019-07-13 19:34:37,764 INFO  server.RaftServerConfigKeys (ConfUtils.java:logGet(43)) - raft.server.log.segment.size.max = 1048576 (custom)
2019-07-13 19:34:37,764 INFO  server.RaftServerConfigKeys (ConfUtils.java:logGet(43)) - raft.server.retrycache.expirytime = 600000ms (custom)
2019-07-13 19:34:37,764 INFO  server.RaftServerConfigKeys (ConfUtils.java:logGet(43)) - raft.server.log.force.sync.num = 128 (default)
2019-07-13 19:34:37,765 INFO  impl.RaftServerImpl (RaftServerImpl.java:start(180)) - 1ffab7d8-62dd-458d-96b1-a83e102e89e6: start group-2C5C12E9F616
2019-07-13 19:34:37,765 INFO  server.RaftServerConfigKeys (ConfUtils.java:logGet(43)) - raft.server.log.preallocated.size = 16384 (custom)
2019-07-13 19:34:37,765 INFO  impl.RaftServerImpl (RaftServerImpl.java:setRole(171)) - 1ffab7d8-62dd-458d-96b1-a83e102e89e6:group-2C5C12E9F616 changes role from null to FOLLOWER at term 0 for startAsFollower
2019-07-13 19:34:37,765 INFO  server.RaftServerConfigKeys (ConfUtils.java:logGet(43)) - raft.server.log.statemachine.data.sync = true (default)
2019-07-13 19:34:37,765 INFO  impl.RoleInfo (RoleInfo.java:updateAndGet(143)) - 1ffab7d8-62dd-458d-96b1-a83e102e89e6: start FollowerState
2019-07-13 19:34:37,765 INFO  server.RaftServerConfigKeys (ConfUtils.java:logGet(43)) - raft.server.log.write.buffer.size = 33554432 (custom)
2019-07-13 19:34:37,765 INFO  server.RaftServerConfigKeys (ConfUtils.java:logGet(43)) - raft.server.log.statemachine.data.sync.timeout = 10s (default)
2019-07-13 19:34:37,766 INFO  server.RaftServerConfigKeys (ConfUtils.java:logGet(43)) - raft.server.log.force.sync.num = 128 (default)
2019-07-13 19:34:37,766 INFO  util.JmxRegister (JmxRegister.java:tryRegister(44)) - Successfully registered JMX Bean with object name Ratis:service=RaftServer,group=group-2C5C12E9F616,id=1ffab7d8-62dd-458d-96b1-a83e102e89e6
2019-07-13 19:34:37,766 INFO  server.RaftServerConfigKeys (ConfUtils.java:logGet(43)) - raft.server.log.statemachine.data.sync.timeout.retry = -1 (default)
2019-07-13 19:34:37,766 INFO  server.RaftServerConfigKeys (ConfUtils.java:logGet(43)) - raft.server.log.statemachine.data.sync = true (default)
2019-07-13 19:34:37,766 INFO  server.RaftServerConfigKeys (ConfUtils.java:logGet(43)) - raft.server.log.statemachine.data.caching.enabled = true (custom)
2019-07-13 19:34:37,766 INFO  server.RaftServerConfigKeys (ConfUtils.java:logGet(43)) - raft.server.log.statemachine.data.sync.timeout = 10s (default)
2019-07-13 19:34:37,767 INFO  segmented.SegmentedRaftLogWorker (SegmentedRaftLogWorker.java:lambda$new$0(132)) - 96b2c074-095f-4f1f-8300-c3ef1c676b7e-SegmentedRaftLogWorker:Storage Directory /tmp/workdir/hadoop-ozone/integration-test/target/test-dir/MiniOzoneClusterImpl-31689132-182d-4293-ba12-b7210fe65700/datanode-3/data/ratis/2a61643a-c9e1-4f70-8a11-2c5c12e9f616: flushIndex: setUnconditionally 0 -> -1
2019-07-13 19:34:37,767 INFO  server.RaftServerConfigKeys (ConfUtils.java:logGet(43)) - raft.server.log.statemachine.data.sync.timeout.retry = -1 (default)
2019-07-13 19:34:37,767 INFO  server.RaftServerConfigKeys (ConfUtils.java:logGet(43)) - raft.server.snapshot.auto.trigger.enabled = true (custom)
2019-07-13 19:34:37,767 INFO  server.RaftServerConfigKeys (ConfUtils.java:logGet(43)) - raft.server.log.statemachine.data.caching.enabled = true (custom)
2019-07-13 19:34:37,767 INFO  server.RaftServerConfigKeys (ConfUtils.java:logGet(43)) - raft.server.snapshot.auto.trigger.threshold = 10000 (custom)
2019-07-13 19:34:37,768 INFO  segmented.SegmentedRaftLogWorker (SegmentedRaftLogWorker.java:lambda$new$0(132)) - 9acb16b8-b895-4cdd-96f3-66702cee2304-SegmentedRaftLogWorker:Storage Directory /tmp/workdir/hadoop-ozone/integration-test/target/test-dir/MiniOzoneClusterImpl-31689132-182d-4293-ba12-b7210fe65700/datanode-4/data/ratis/2a61643a-c9e1-4f70-8a11-2c5c12e9f616: flushIndex: setUnconditionally 0 -> -1
2019-07-13 19:34:37,768 INFO  server.RaftServerConfigKeys (ConfUtils.java:logGet(43)) - raft.server.retrycache.expirytime = 600000ms (custom)
2019-07-13 19:34:37,768 INFO  server.RaftServerConfigKeys (ConfUtils.java:logGet(43)) - raft.server.snapshot.auto.trigger.enabled = true (custom)
2019-07-13 19:34:37,768 INFO  impl.RaftServerImpl (RaftServerImpl.java:start(180)) - 96b2c074-095f-4f1f-8300-c3ef1c676b7e: start group-2C5C12E9F616
2019-07-13 19:34:37,768 INFO  server.RaftServerConfigKeys (ConfUtils.java:logGet(43)) - raft.server.snapshot.auto.trigger.threshold = 10000 (custom)
2019-07-13 19:34:37,768 INFO  impl.RaftServerImpl (RaftServerImpl.java:setRole(171)) - 96b2c074-095f-4f1f-8300-c3ef1c676b7e:group-2C5C12E9F616 changes role from null to FOLLOWER at term 0 for startAsFollower
2019-07-13 19:34:37,769 INFO  server.RaftServerConfigKeys (ConfUtils.java:logGet(43)) - raft.server.retrycache.expirytime = 600000ms (custom)
2019-07-13 19:34:37,769 INFO  impl.RoleInfo (RoleInfo.java:updateAndGet(143)) - 96b2c074-095f-4f1f-8300-c3ef1c676b7e: start FollowerState
2019-07-13 19:34:37,769 INFO  impl.RaftServerImpl (RaftServerImpl.java:start(180)) - 9acb16b8-b895-4cdd-96f3-66702cee2304: start group-2C5C12E9F616
2019-07-13 19:34:37,769 INFO  impl.RaftServerImpl (RaftServerImpl.java:setRole(171)) - 9acb16b8-b895-4cdd-96f3-66702cee2304:group-2C5C12E9F616 changes role from null to FOLLOWER at term 0 for startAsFollower
2019-07-13 19:34:37,769 INFO  impl.RoleInfo (RoleInfo.java:updateAndGet(143)) - 9acb16b8-b895-4cdd-96f3-66702cee2304: start FollowerState
2019-07-13 19:34:37,769 INFO  util.JmxRegister (JmxRegister.java:tryRegister(44)) - Successfully registered JMX Bean with object name Ratis:service=RaftServer,group=group-2C5C12E9F616,id=96b2c074-095f-4f1f-8300-c3ef1c676b7e
2019-07-13 19:34:37,770 INFO  util.JmxRegister (JmxRegister.java:tryRegister(44)) - Successfully registered JMX Bean with object name Ratis:service=RaftServer,group=group-2C5C12E9F616,id=9acb16b8-b895-4cdd-96f3-66702cee2304
2019-07-13 19:34:37,773 INFO  pipeline.PipelineStateManager (PipelineStateManager.java:addPipeline(56)) - Created pipeline Pipeline[ Id: 2a61643a-c9e1-4f70-8a11-2c5c12e9f616, Nodes: 96b2c074-095f-4f1f-8300-c3ef1c676b7e{ip: 192.168.69.122, host: trunk-nightly-fxqsz-774976932, networkLocation: /default-rack, certSerialId: null}9acb16b8-b895-4cdd-96f3-66702cee2304{ip: 192.168.69.122, host: trunk-nightly-fxqsz-774976932, networkLocation: /default-rack, certSerialId: null}1ffab7d8-62dd-458d-96b1-a83e102e89e6{ip: 192.168.69.122, host: trunk-nightly-fxqsz-774976932, networkLocation: /default-rack, certSerialId: null}, Type:RATIS, Factor:THREE, State:OPEN]
2019-07-13 19:34:37,843 INFO  ozone.MiniOzoneClusterImpl (MiniOzoneClusterImpl.java:lambda$waitForClusterToBeReady$0(142)) - Waiting for cluster to be ready. Got 6 of 7 DN Heartbeats.
2019-07-13 19:34:37,844 INFO  node.SCMNodeManager (SCMNodeManager.java:register(269)) - Registered Data node : 9ec39fed-7e6a-428d-9247-91a9000b349b{ip: 192.168.69.122, host: trunk-nightly-fxqsz-774976932, networkLocation: /default-rack, certSerialId: null}
2019-07-13 19:34:37,863 INFO  impl.RaftServerProxy (RaftServerProxy.java:addNew(89)) - 9ec39fed-7e6a-428d-9247-91a9000b349b: addNew group-D8961FEED598:[9ec39fed-7e6a-428d-9247-91a9000b349b:192.168.69.122:42037] returns group-D8961FEED598:java.util.concurrent.CompletableFuture@4cdf3a77[Not completed]
2019-07-13 19:34:37,864 INFO  impl.RaftServerImpl (RaftServerImpl.java:<init>(93)) - 9ec39fed-7e6a-428d-9247-91a9000b349b: new RaftServerImpl for group-D8961FEED598:[9ec39fed-7e6a-428d-9247-91a9000b349b:192.168.69.122:42037] with ContainerStateMachine:uninitialized
2019-07-13 19:34:37,865 INFO  server.RaftServerConfigKeys (ConfUtils.java:logGet(43)) - raft.server.rpc.timeout.min = 5s (custom)
2019-07-13 19:34:37,865 INFO  server.RaftServerConfigKeys (ConfUtils.java:logGet(43)) - raft.server.rpc.timeout.max = 5200ms (custom)
2019-07-13 19:34:37,865 INFO  server.RaftServerConfigKeys (ConfUtils.java:logGet(43)) - raft.server.rpcslowness.timeout = 120s (custom)
2019-07-13 19:34:37,865 INFO  server.RaftServerConfigKeys (ConfUtils.java:logGet(43)) - raft.server.sleep.deviation.threshold = 300 (default)
2019-07-13 19:34:37,865 INFO  server.RaftServerConfigKeys (ConfUtils.java:logGet(43)) - raft.server.log.appender.install.snapshot.enabled = false (custom)
2019-07-13 19:34:37,865 INFO  impl.RaftServerImpl (ServerState.java:<init>(105)) - 9ec39fed-7e6a-428d-9247-91a9000b349b:group-D8961FEED598 ConfigurationManager, init=-1: [9ec39fed-7e6a-428d-9247-91a9000b349b:192.168.69.122:42037], old=null, confs=<EMPTY_MAP>
2019-07-13 19:34:37,865 INFO  server.RaftServerConfigKeys (ConfUtils.java:logGet(43)) - raft.server.storage.dir = [/tmp/workdir/hadoop-ozone/integration-test/target/test-dir/MiniOzoneClusterImpl-31689132-182d-4293-ba12-b7210fe65700/datanode-6/data/ratis] (custom)
2019-07-13 19:34:37,867 INFO  storage.RaftStorageDirectory (RaftStorageDirectory.java:analyzeStorage(246)) - The storage directory /tmp/workdir/hadoop-ozone/integration-test/target/test-dir/MiniOzoneClusterImpl-31689132-182d-4293-ba12-b7210fe65700/datanode-6/data/ratis/75f49854-914e-4210-829d-d8961feed598 does not exist. Creating ...
2019-07-13 19:34:37,880 INFO  storage.RaftStorageDirectory (RaftStorageDirectory.java:tryLock(328)) - Lock on /tmp/workdir/hadoop-ozone/integration-test/target/test-dir/MiniOzoneClusterImpl-31689132-182d-4293-ba12-b7210fe65700/datanode-6/data/ratis/75f49854-914e-4210-829d-d8961feed598/in_use.lock acquired by nodename 18559@trunk-nightly-fxqsz-774976932
2019-07-13 19:34:37,893 INFO  storage.RaftStorage (RaftStorage.java:format(72)) - Storage directory /tmp/workdir/hadoop-ozone/integration-test/target/test-dir/MiniOzoneClusterImpl-31689132-182d-4293-ba12-b7210fe65700/datanode-6/data/ratis/75f49854-914e-4210-829d-d8961feed598 has been successfully formatted.
2019-07-13 19:34:37,893 INFO  ratis.ContainerStateMachine (ContainerStateMachine.java:loadSnapshot(200)) - The snapshot info is null.Setting the last applied index to:(t:0, i:~)
2019-07-13 19:34:37,893 INFO  server.RaftServerConfigKeys (ConfUtils.java:logGet(43)) - raft.server.leader.election.timeout = 120s (custom)
2019-07-13 19:34:37,893 INFO  server.RaftServerConfigKeys (ConfUtils.java:logGet(43)) - raft.server.log.use.memory = false (default)
2019-07-13 19:34:37,894 INFO  server.RaftServerConfigKeys (ConfUtils.java:logGet(43)) - raft.server.log.purge.gap = 1000000000 (custom)
2019-07-13 19:34:37,894 INFO  server.RaftServerConfigKeys (ConfUtils.java:logGet(43)) - raft.server.log.appender.buffer.byte-limit = 33554432 (custom)
2019-07-13 19:34:37,894 INFO  server.RaftServerConfigKeys (ConfUtils.java:logGet(43)) - raft.server.log.segment.size.max = 1048576 (custom)
2019-07-13 19:34:37,894 INFO  server.RaftServerConfigKeys (ConfUtils.java:logGet(43)) - raft.server.log.segment.cache.num.max = 2 (custom)
2019-07-13 19:34:37,894 INFO  segmented.SegmentedRaftLogWorker (SegmentedRaftLogWorker.java:<init>(172)) - new 9ec39fed-7e6a-428d-9247-91a9000b349b-SegmentedRaftLogWorker:Storage Directory /tmp/workdir/hadoop-ozone/integration-test/target/test-dir/MiniOzoneClusterImpl-31689132-182d-4293-ba12-b7210fe65700/datanode-6/data/ratis/75f49854-914e-4210-829d-d8961feed598 for RaftStorage:Storage Directory /tmp/workdir/hadoop-ozone/integration-test/target/test-dir/MiniOzoneClusterImpl-31689132-182d-4293-ba12-b7210fe65700/datanode-6/data/ratis/75f49854-914e-4210-829d-d8961feed598
2019-07-13 19:34:37,894 INFO  server.RaftServerConfigKeys (ConfUtils.java:logGet(43)) - raft.server.log.queue.byte-limit = 2147483647 (custom)
2019-07-13 19:34:37,895 INFO  server.RaftServerConfigKeys (ConfUtils.java:logGet(43)) - raft.server.log.queue.element-limit = 1024 (custom)
2019-07-13 19:34:37,895 INFO  server.RaftServerConfigKeys (ConfUtils.java:logGet(43)) - raft.server.log.segment.size.max = 1048576 (custom)
2019-07-13 19:34:37,895 INFO  server.RaftServerConfigKeys (ConfUtils.java:logGet(43)) - raft.server.log.preallocated.size = 16384 (custom)
2019-07-13 19:34:37,895 INFO  server.RaftServerConfigKeys (ConfUtils.java:logGet(43)) - raft.server.log.write.buffer.size = 33554432 (custom)
2019-07-13 19:34:37,895 INFO  server.RaftServerConfigKeys (ConfUtils.java:logGet(43)) - raft.server.log.force.sync.num = 128 (default)
2019-07-13 19:34:37,895 INFO  server.RaftServerConfigKeys (ConfUtils.java:logGet(43)) - raft.server.log.statemachine.data.sync = true (default)
2019-07-13 19:34:37,896 INFO  server.RaftServerConfigKeys (ConfUtils.java:logGet(43)) - raft.server.log.statemachine.data.sync.timeout = 10s (default)
2019-07-13 19:34:37,896 INFO  server.RaftServerConfigKeys (ConfUtils.java:logGet(43)) - raft.server.log.statemachine.data.sync.timeout.retry = -1 (default)
2019-07-13 19:34:37,896 INFO  server.RaftServerConfigKeys (ConfUtils.java:logGet(43)) - raft.server.log.statemachine.data.caching.enabled = true (custom)
2019-07-13 19:34:37,896 INFO  segmented.SegmentedRaftLogWorker (SegmentedRaftLogWorker.java:lambda$new$0(132)) - 9ec39fed-7e6a-428d-9247-91a9000b349b-SegmentedRaftLogWorker:Storage Directory /tmp/workdir/hadoop-ozone/integration-test/target/test-dir/MiniOzoneClusterImpl-31689132-182d-4293-ba12-b7210fe65700/datanode-6/data/ratis/75f49854-914e-4210-829d-d8961feed598: flushIndex: setUnconditionally 0 -> -1
2019-07-13 19:34:37,897 INFO  server.RaftServerConfigKeys (ConfUtils.java:logGet(43)) - raft.server.snapshot.auto.trigger.enabled = true (custom)
2019-07-13 19:34:37,897 INFO  server.RaftServerConfigKeys (ConfUtils.java:logGet(43)) - raft.server.snapshot.auto.trigger.threshold = 10000 (custom)
2019-07-13 19:34:37,897 INFO  server.RaftServerConfigKeys (ConfUtils.java:logGet(43)) - raft.server.retrycache.expirytime = 600000ms (custom)
2019-07-13 19:34:37,897 INFO  impl.RaftServerImpl (RaftServerImpl.java:start(180)) - 9ec39fed-7e6a-428d-9247-91a9000b349b: start group-D8961FEED598
2019-07-13 19:34:37,897 INFO  impl.RaftServerImpl (RaftServerImpl.java:setRole(171)) - 9ec39fed-7e6a-428d-9247-91a9000b349b:group-D8961FEED598 changes role from null to FOLLOWER at term 0 for startAsFollower
2019-07-13 19:34:37,897 INFO  impl.RoleInfo (RoleInfo.java:updateAndGet(143)) - 9ec39fed-7e6a-428d-9247-91a9000b349b: start FollowerState
2019-07-13 19:34:37,898 INFO  util.JmxRegister (JmxRegister.java:tryRegister(44)) - Successfully registered JMX Bean with object name Ratis:service=RaftServer,group=group-D8961FEED598,id=9ec39fed-7e6a-428d-9247-91a9000b349b
2019-07-13 19:34:37,900 INFO  pipeline.PipelineStateManager (PipelineStateManager.java:addPipeline(56)) - Created pipeline Pipeline[ Id: 75f49854-914e-4210-829d-d8961feed598, Nodes: 9ec39fed-7e6a-428d-9247-91a9000b349b{ip: 192.168.69.122, host: trunk-nightly-fxqsz-774976932, networkLocation: /default-rack, certSerialId: null}, Type:RATIS, Factor:ONE, State:OPEN]
2019-07-13 19:34:38,386 WARN  server.GrpcLogAppender (LogUtils.java:warn(134)) - 3b7fc3d4-38ac-4cbc-ac5c-0a5ecb5eaa58->12ebe1e8-f3b8-43be-a24e-312d113c4afa: Failed appendEntries: org.apache.ratis.thirdparty.io.grpc.StatusRuntimeException: UNAVAILABLE: io exception
2019-07-13 19:34:38,386 WARN  server.GrpcLogAppender (LogUtils.java:warn(134)) - 3b7fc3d4-38ac-4cbc-ac5c-0a5ecb5eaa58->26f66dd9-c91a-486d-a992-f58b07c1a85c: Failed appendEntries: org.apache.ratis.thirdparty.io.grpc.StatusRuntimeException: UNAVAILABLE: io exception
2019-07-13 19:34:38,386 INFO  impl.FollowerInfo (FollowerInfo.java:lambda$new$0(50)) - 3b7fc3d4-38ac-4cbc-ac5c-0a5ecb5eaa58->12ebe1e8-f3b8-43be-a24e-312d113c4afa: nextIndex: updateUnconditionally 0 -> 0
2019-07-13 19:34:38,386 INFO  impl.FollowerInfo (FollowerInfo.java:lambda$new$0(50)) - 3b7fc3d4-38ac-4cbc-ac5c-0a5ecb5eaa58->26f66dd9-c91a-486d-a992-f58b07c1a85c: nextIndex: updateUnconditionally 0 -> 0
2019-07-13 19:34:38,844 INFO  ozone.MiniOzoneClusterImpl (MiniOzoneClusterImpl.java:lambda$waitForClusterToBeReady$0(142)) - Cluster is ready. Got 7 of 7 DN Heartbeats.
2019-07-13 19:34:38,941 INFO  rpc.RpcClient (RpcClient.java:createVolume(287)) - Creating Volume: watchforcommithandlingtest, with jenkins1000 as owner.
2019-07-13 19:34:38,969 INFO  rpc.RpcClient (RpcClient.java:createBucket(424)) - Creating Bucket: watchforcommithandlingtest/watchforcommithandlingtest, with Versioning false and Storage Type set to DISK and Encryption set to false 
2019-07-13 19:34:38,975 INFO  ozone.MiniOzoneClusterImpl (MiniOzoneClusterImpl.java:getStorageContainerLocationClient(241)) - Creating StorageContainerLocationProtocol RPC client with address /0.0.0.0:38075
2019-07-13 19:34:39,008 INFO  client.GrpcClientProtocolClient (GrpcClientProtocolClient.java:onNext(255)) - client-A366D73DD5FF->1daa7354-ec14-43de-8c96-793ad9842a69: receive RaftClientReply:client-A366D73DD5FF->1daa7354-ec14-43de-8c96-793ad9842a69@group-9708B97C4064, cid=106, FAILED org.apache.ratis.protocol.NotLeaderException: Server 1daa7354-ec14-43de-8c96-793ad9842a69 is not the leader (null). Request must be sent to leader., logIndex=0, commits[1daa7354-ec14-43de-8c96-793ad9842a69:c-1]
2019-07-13 19:34:39,203 INFO  container.ReplicationManager (ReplicationManager.java:start(155)) - Starting Replication Monitor Thread.
2019-07-13 19:34:39,214 INFO  container.ReplicationManager (ReplicationManager.java:run(207)) - Replication Monitor Thread took 1 milliseconds for processing 1 containers.
2019-07-13 19:34:39,499 WARN  server.GrpcLogAppender (LogUtils.java:warn(134)) - 5d1032ca-9147-4957-b503-39c877a962e7->00d91248-b81b-486b-9e32-e5c5f65edbd1: Failed appendEntries: org.apache.ratis.thirdparty.io.grpc.StatusRuntimeException: UNAVAILABLE: io exception
2019-07-13 19:34:39,499 WARN  server.GrpcLogAppender (LogUtils.java:warn(134)) - 5d1032ca-9147-4957-b503-39c877a962e7->60ce25f2-006c-4f2f-9804-0a3aa3878877: Failed appendEntries: org.apache.ratis.thirdparty.io.grpc.StatusRuntimeException: UNAVAILABLE: io exception
2019-07-13 19:34:39,499 INFO  impl.FollowerInfo (FollowerInfo.java:lambda$new$0(50)) - 5d1032ca-9147-4957-b503-39c877a962e7->00d91248-b81b-486b-9e32-e5c5f65edbd1: nextIndex: updateUnconditionally 0 -> 0
2019-07-13 19:34:39,500 INFO  impl.FollowerInfo (FollowerInfo.java:lambda$new$0(50)) - 5d1032ca-9147-4957-b503-39c877a962e7->60ce25f2-006c-4f2f-9804-0a3aa3878877: nextIndex: updateUnconditionally 0 -> 0
2019-07-13 19:34:40,054 INFO  client.GrpcClientProtocolClient (GrpcClientProtocolClient.java:onNext(255)) - client-A366D73DD5FF->e5966cd9-8e0e-4a26-b034-4f5f4cf31558: receive RaftClientReply:client-A366D73DD5FF->e5966cd9-8e0e-4a26-b034-4f5f4cf31558@group-9708B97C4064, cid=106, FAILED org.apache.ratis.protocol.NotLeaderException: Server e5966cd9-8e0e-4a26-b034-4f5f4cf31558 is not the leader (null). Request must be sent to leader., logIndex=0, commits[e5966cd9-8e0e-4a26-b034-4f5f4cf31558:c-1]
2019-07-13 19:34:40,886 WARN  server.GrpcLogAppender (LogUtils.java:warn(134)) - 3b7fc3d4-38ac-4cbc-ac5c-0a5ecb5eaa58->12ebe1e8-f3b8-43be-a24e-312d113c4afa: Failed appendEntries: org.apache.ratis.thirdparty.io.grpc.StatusRuntimeException: UNAVAILABLE: io exception
2019-07-13 19:34:40,886 WARN  server.GrpcLogAppender (LogUtils.java:warn(134)) - 3b7fc3d4-38ac-4cbc-ac5c-0a5ecb5eaa58->26f66dd9-c91a-486d-a992-f58b07c1a85c: Failed appendEntries: org.apache.ratis.thirdparty.io.grpc.StatusRuntimeException: UNAVAILABLE: io exception
2019-07-13 19:34:40,887 INFO  impl.FollowerInfo (FollowerInfo.java:lambda$new$0(50)) - 3b7fc3d4-38ac-4cbc-ac5c-0a5ecb5eaa58->12ebe1e8-f3b8-43be-a24e-312d113c4afa: nextIndex: updateUnconditionally 0 -> 0
2019-07-13 19:34:40,887 INFO  impl.FollowerInfo (FollowerInfo.java:lambda$new$0(50)) - 3b7fc3d4-38ac-4cbc-ac5c-0a5ecb5eaa58->26f66dd9-c91a-486d-a992-f58b07c1a85c: nextIndex: updateUnconditionally 0 -> 0
2019-07-13 19:34:41,084 INFO  client.GrpcClientProtocolClient (GrpcClientProtocolClient.java:onNext(255)) - client-A366D73DD5FF->1daa7354-ec14-43de-8c96-793ad9842a69: receive RaftClientReply:client-A366D73DD5FF->1daa7354-ec14-43de-8c96-793ad9842a69@group-9708B97C4064, cid=106, FAILED org.apache.ratis.protocol.NotLeaderException: Server 1daa7354-ec14-43de-8c96-793ad9842a69 is not the leader (null). Request must be sent to leader., logIndex=0, commits[1daa7354-ec14-43de-8c96-793ad9842a69:c-1]
2019-07-13 19:34:41,395 INFO  impl.FollowerState (FollowerState.java:run(106)) - e5966cd9-8e0e-4a26-b034-4f5f4cf31558:group-15B3EE52EA7C changes to CANDIDATE, lastRpcTime:5132, electionTimeout:5132ms
2019-07-13 19:34:41,395 INFO  impl.RoleInfo (RoleInfo.java:shutdownFollowerState(121)) - e5966cd9-8e0e-4a26-b034-4f5f4cf31558: shutdown FollowerState
2019-07-13 19:34:41,395 INFO  impl.RaftServerImpl (RaftServerImpl.java:setRole(171)) - e5966cd9-8e0e-4a26-b034-4f5f4cf31558:group-15B3EE52EA7C changes role from FOLLOWER to CANDIDATE at term 0 for changeToCandidate
2019-07-13 19:34:41,395 INFO  impl.RoleInfo (RoleInfo.java:updateAndGet(143)) - e5966cd9-8e0e-4a26-b034-4f5f4cf31558: start LeaderElection
2019-07-13 19:34:41,430 INFO  impl.LeaderElection (LeaderElection.java:askForVotes(181)) - e5966cd9-8e0e-4a26-b034-4f5f4cf31558:group-15B3EE52EA7C:LeaderElection71: begin an election at term 1 for -1: [e5966cd9-8e0e-4a26-b034-4f5f4cf31558:192.168.69.122:44662], old=null
2019-07-13 19:34:41,430 INFO  impl.RoleInfo (RoleInfo.java:shutdownLeaderElection(134)) - e5966cd9-8e0e-4a26-b034-4f5f4cf31558: shutdown LeaderElection
2019-07-13 19:34:41,430 INFO  impl.RaftServerImpl (RaftServerImpl.java:setRole(171)) - e5966cd9-8e0e-4a26-b034-4f5f4cf31558:group-15B3EE52EA7C changes role from CANDIDATE to LEADER at term 1 for changeToLeader
2019-07-13 19:34:41,430 INFO  impl.RaftServerImpl (ServerState.java:setLeader(263)) - e5966cd9-8e0e-4a26-b034-4f5f4cf31558:group-15B3EE52EA7C change Leader from null to e5966cd9-8e0e-4a26-b034-4f5f4cf31558 at term 1 for becomeLeader, leader elected after 5172ms
2019-07-13 19:34:41,431 INFO  server.RaftServerConfigKeys (ConfUtils.java:logGet(43)) - raft.server.staging.catchup.gap = 1000 (default)
2019-07-13 19:34:41,431 INFO  server.RaftServerConfigKeys (ConfUtils.java:logGet(43)) - raft.server.rpc.sleep.time = 25ms (default)
2019-07-13 19:34:41,431 INFO  server.RaftServerConfigKeys (ConfUtils.java:logGet(43)) - raft.server.write.element-limit = 4096 (default)
2019-07-13 19:34:41,431 INFO  server.RaftServerConfigKeys (ConfUtils.java:logGet(43)) - raft.server.watch.timeout = 10s (default)
2019-07-13 19:34:41,431 INFO  server.RaftServerConfigKeys (ConfUtils.java:logGet(43)) - raft.server.watch.timeout.denomination = 1s (default)
2019-07-13 19:34:41,431 INFO  server.RaftServerConfigKeys (ConfUtils.java:logGet(43)) - raft.server.watch.element-limit = 65536 (default)
2019-07-13 19:34:41,432 INFO  impl.RoleInfo (RoleInfo.java:updateAndGet(143)) - e5966cd9-8e0e-4a26-b034-4f5f4cf31558: start LeaderState
2019-07-13 19:34:41,432 INFO  segmented.SegmentedRaftLogWorker (SegmentedRaftLogWorker.java:startLogSegment(380)) - e5966cd9-8e0e-4a26-b034-4f5f4cf31558-SegmentedRaftLogWorker:Storage Directory /tmp/workdir/hadoop-ozone/integration-test/target/test-dir/MiniOzoneClusterImpl-31689132-182d-4293-ba12-b7210fe65700/datanode-0/data/ratis/55b72ce7-0114-4378-9995-15b3ee52ea7c: Starting segment from index:0
2019-07-13 19:34:41,433 INFO  impl.RaftServerImpl (ServerState.java:setRaftConf(361)) - e5966cd9-8e0e-4a26-b034-4f5f4cf31558:group-15B3EE52EA7C set configuration 0: [e5966cd9-8e0e-4a26-b034-4f5f4cf31558:192.168.69.122:44662], old=null at 0
2019-07-13 19:34:41,472 INFO  segmented.SegmentedRaftLogWorker (SegmentedRaftLogWorker.java:execute(569)) - e5966cd9-8e0e-4a26-b034-4f5f4cf31558-SegmentedRaftLogWorker:Storage Directory /tmp/workdir/hadoop-ozone/integration-test/target/test-dir/MiniOzoneClusterImpl-31689132-182d-4293-ba12-b7210fe65700/datanode-0/data/ratis/55b72ce7-0114-4378-9995-15b3ee52ea7c: created new log segment /tmp/workdir/hadoop-ozone/integration-test/target/test-dir/MiniOzoneClusterImpl-31689132-182d-4293-ba12-b7210fe65700/datanode-0/data/ratis/55b72ce7-0114-4378-9995-15b3ee52ea7c/current/log_inprogress_0
2019-07-13 19:34:41,492 INFO  impl.FollowerState (FollowerState.java:run(106)) - 7e9551d0-ed7b-4574-b87c-8da4249d2309:group-ED6BBCC55592 changes to CANDIDATE, lastRpcTime:5091, electionTimeout:5091ms
2019-07-13 19:34:41,492 INFO  impl.RoleInfo (RoleInfo.java:shutdownFollowerState(121)) - 7e9551d0-ed7b-4574-b87c-8da4249d2309: shutdown FollowerState
2019-07-13 19:34:41,492 INFO  impl.RaftServerImpl (RaftServerImpl.java:setRole(171)) - 7e9551d0-ed7b-4574-b87c-8da4249d2309:group-ED6BBCC55592 changes role from FOLLOWER to CANDIDATE at term 0 for changeToCandidate
2019-07-13 19:34:41,492 INFO  impl.RoleInfo (RoleInfo.java:updateAndGet(143)) - 7e9551d0-ed7b-4574-b87c-8da4249d2309: start LeaderElection
2019-07-13 19:34:41,514 INFO  impl.LeaderElection (LeaderElection.java:askForVotes(181)) - 7e9551d0-ed7b-4574-b87c-8da4249d2309:group-ED6BBCC55592:LeaderElection72: begin an election at term 1 for -1: [7e9551d0-ed7b-4574-b87c-8da4249d2309:192.168.69.122:46112], old=null
2019-07-13 19:34:41,514 INFO  impl.RoleInfo (RoleInfo.java:shutdownLeaderElection(134)) - 7e9551d0-ed7b-4574-b87c-8da4249d2309: shutdown LeaderElection
2019-07-13 19:34:41,514 INFO  impl.RaftServerImpl (RaftServerImpl.java:setRole(171)) - 7e9551d0-ed7b-4574-b87c-8da4249d2309:group-ED6BBCC55592 changes role from CANDIDATE to LEADER at term 1 for changeToLeader
2019-07-13 19:34:41,514 INFO  impl.RaftServerImpl (ServerState.java:setLeader(263)) - 7e9551d0-ed7b-4574-b87c-8da4249d2309:group-ED6BBCC55592 change Leader from null to 7e9551d0-ed7b-4574-b87c-8da4249d2309 at term 1 for becomeLeader, leader elected after 5119ms
2019-07-13 19:34:41,515 INFO  server.RaftServerConfigKeys (ConfUtils.java:logGet(43)) - raft.server.staging.catchup.gap = 1000 (default)
2019-07-13 19:34:41,515 INFO  server.RaftServerConfigKeys (ConfUtils.java:logGet(43)) - raft.server.rpc.sleep.time = 25ms (default)
2019-07-13 19:34:41,515 INFO  server.RaftServerConfigKeys (ConfUtils.java:logGet(43)) - raft.server.write.element-limit = 4096 (default)
2019-07-13 19:34:41,515 INFO  server.RaftServerConfigKeys (ConfUtils.java:logGet(43)) - raft.server.watch.timeout = 10s (default)
2019-07-13 19:34:41,515 INFO  server.RaftServerConfigKeys (ConfUtils.java:logGet(43)) - raft.server.watch.timeout.denomination = 1s (default)
2019-07-13 19:34:41,515 INFO  server.RaftServerConfigKeys (ConfUtils.java:logGet(43)) - raft.server.watch.element-limit = 65536 (default)
2019-07-13 19:34:41,516 INFO  impl.RoleInfo (RoleInfo.java:updateAndGet(143)) - 7e9551d0-ed7b-4574-b87c-8da4249d2309: start LeaderState
2019-07-13 19:34:41,516 INFO  segmented.SegmentedRaftLogWorker (SegmentedRaftLogWorker.java:startLogSegment(380)) - 7e9551d0-ed7b-4574-b87c-8da4249d2309-SegmentedRaftLogWorker:Storage Directory /tmp/workdir/hadoop-ozone/integration-test/target/test-dir/MiniOzoneClusterImpl-31689132-182d-4293-ba12-b7210fe65700/datanode-1/data/ratis/df6bd407-b20c-4325-9807-ed6bbcc55592: Starting segment from index:0
2019-07-13 19:34:41,516 INFO  impl.RaftServerImpl (ServerState.java:setRaftConf(361)) - 7e9551d0-ed7b-4574-b87c-8da4249d2309:group-ED6BBCC55592 set configuration 0: [7e9551d0-ed7b-4574-b87c-8da4249d2309:192.168.69.122:46112], old=null at 0
2019-07-13 19:34:41,560 INFO  segmented.SegmentedRaftLogWorker (SegmentedRaftLogWorker.java:execute(569)) - 7e9551d0-ed7b-4574-b87c-8da4249d2309-SegmentedRaftLogWorker:Storage Directory /tmp/workdir/hadoop-ozone/integration-test/target/test-dir/MiniOzoneClusterImpl-31689132-182d-4293-ba12-b7210fe65700/datanode-1/data/ratis/df6bd407-b20c-4325-9807-ed6bbcc55592: created new log segment /tmp/workdir/hadoop-ozone/integration-test/target/test-dir/MiniOzoneClusterImpl-31689132-182d-4293-ba12-b7210fe65700/datanode-1/data/ratis/df6bd407-b20c-4325-9807-ed6bbcc55592/current/log_inprogress_0
2019-07-13 19:34:41,752 INFO  impl.FollowerState (FollowerState.java:run(106)) - 1daa7354-ec14-43de-8c96-793ad9842a69:group-9708B97C4064 changes to CANDIDATE, lastRpcTime:5080, electionTimeout:5080ms
2019-07-13 19:34:41,752 INFO  impl.RoleInfo (RoleInfo.java:shutdownFollowerState(121)) - 1daa7354-ec14-43de-8c96-793ad9842a69: shutdown FollowerState
2019-07-13 19:34:41,752 INFO  impl.RaftServerImpl (RaftServerImpl.java:setRole(171)) - 1daa7354-ec14-43de-8c96-793ad9842a69:group-9708B97C4064 changes role from FOLLOWER to CANDIDATE at term 0 for changeToCandidate
2019-07-13 19:34:41,752 INFO  impl.RoleInfo (RoleInfo.java:updateAndGet(143)) - 1daa7354-ec14-43de-8c96-793ad9842a69: start LeaderElection
2019-07-13 19:34:41,811 INFO  impl.FollowerState (FollowerState.java:run(106)) - 1daa7354-ec14-43de-8c96-793ad9842a69:group-1BA250702FE8 changes to CANDIDATE, lastRpcTime:5219, electionTimeout:5167ms
2019-07-13 19:34:41,812 INFO  impl.RoleInfo (RoleInfo.java:shutdownFollowerState(121)) - 1daa7354-ec14-43de-8c96-793ad9842a69: shutdown FollowerState
2019-07-13 19:34:41,812 INFO  impl.RaftServerImpl (RaftServerImpl.java:setRole(171)) - 1daa7354-ec14-43de-8c96-793ad9842a69:group-1BA250702FE8 changes role from FOLLOWER to CANDIDATE at term 0 for changeToCandidate
2019-07-13 19:34:41,812 INFO  impl.RoleInfo (RoleInfo.java:updateAndGet(143)) - 1daa7354-ec14-43de-8c96-793ad9842a69: start LeaderElection
2019-07-13 19:34:41,833 INFO  impl.FollowerState (FollowerState.java:run(106)) - e5966cd9-8e0e-4a26-b034-4f5f4cf31558:group-9708B97C4064 changes to CANDIDATE, lastRpcTime:5156, electionTimeout:5156ms
2019-07-13 19:34:41,833 INFO  impl.RoleInfo (RoleInfo.java:shutdownFollowerState(121)) - e5966cd9-8e0e-4a26-b034-4f5f4cf31558: shutdown FollowerState
2019-07-13 19:34:41,833 INFO  impl.RaftServerImpl (RaftServerImpl.java:setRole(171)) - e5966cd9-8e0e-4a26-b034-4f5f4cf31558:group-9708B97C4064 changes role from FOLLOWER to CANDIDATE at term 0 for changeToCandidate
2019-07-13 19:34:41,833 INFO  impl.RoleInfo (RoleInfo.java:updateAndGet(143)) - e5966cd9-8e0e-4a26-b034-4f5f4cf31558: start LeaderElection
2019-07-13 19:34:41,837 INFO  impl.LeaderElection (LeaderElection.java:askForVotes(181)) - 1daa7354-ec14-43de-8c96-793ad9842a69:group-1BA250702FE8:LeaderElection74: begin an election at term 1 for -1: [1daa7354-ec14-43de-8c96-793ad9842a69:192.168.69.122:41610], old=null
2019-07-13 19:34:41,837 INFO  impl.LeaderElection (LeaderElection.java:askForVotes(181)) - 1daa7354-ec14-43de-8c96-793ad9842a69:group-9708B97C4064:LeaderElection73: begin an election at term 1 for -1: [1daa7354-ec14-43de-8c96-793ad9842a69:192.168.69.122:41610, e5966cd9-8e0e-4a26-b034-4f5f4cf31558:192.168.69.122:44662, 7e9551d0-ed7b-4574-b87c-8da4249d2309:192.168.69.122:46112], old=null
2019-07-13 19:34:41,837 INFO  impl.RoleInfo (RoleInfo.java:shutdownLeaderElection(134)) - 1daa7354-ec14-43de-8c96-793ad9842a69: shutdown LeaderElection
2019-07-13 19:34:41,838 INFO  impl.RaftServerImpl (RaftServerImpl.java:setRole(171)) - 1daa7354-ec14-43de-8c96-793ad9842a69:group-1BA250702FE8 changes role from CANDIDATE to LEADER at term 1 for changeToLeader
2019-07-13 19:34:41,838 INFO  impl.RaftServerImpl (ServerState.java:setLeader(263)) - 1daa7354-ec14-43de-8c96-793ad9842a69:group-1BA250702FE8 change Leader from null to 1daa7354-ec14-43de-8c96-793ad9842a69 at term 1 for becomeLeader, leader elected after 5250ms
2019-07-13 19:34:41,838 INFO  server.RaftServerConfigKeys (ConfUtils.java:logGet(43)) - raft.server.staging.catchup.gap = 1000 (default)
2019-07-13 19:34:41,838 INFO  server.RaftServerConfigKeys (ConfUtils.java:logGet(43)) - raft.server.rpc.sleep.time = 25ms (default)
2019-07-13 19:34:41,838 INFO  server.RaftServerConfigKeys (ConfUtils.java:logGet(43)) - raft.server.write.element-limit = 4096 (default)
2019-07-13 19:34:41,838 INFO  server.RaftServerConfigKeys (ConfUtils.java:logGet(43)) - raft.server.watch.timeout = 10s (default)
2019-07-13 19:34:41,839 INFO  server.RaftServerConfigKeys (ConfUtils.java:logGet(43)) - raft.server.watch.timeout.denomination = 1s (default)
2019-07-13 19:34:41,839 INFO  server.RaftServerConfigKeys (ConfUtils.java:logGet(43)) - raft.server.watch.element-limit = 65536 (default)
2019-07-13 19:34:41,839 INFO  impl.RoleInfo (RoleInfo.java:updateAndGet(143)) - 1daa7354-ec14-43de-8c96-793ad9842a69: start LeaderState
2019-07-13 19:34:41,839 INFO  segmented.SegmentedRaftLogWorker (SegmentedRaftLogWorker.java:startLogSegment(380)) - 1daa7354-ec14-43de-8c96-793ad9842a69-SegmentedRaftLogWorker:Storage Directory /tmp/workdir/hadoop-ozone/integration-test/target/test-dir/MiniOzoneClusterImpl-31689132-182d-4293-ba12-b7210fe65700/datanode-2/data/ratis/eac992af-df19-42dc-8730-1ba250702fe8: Starting segment from index:0
2019-07-13 19:34:41,839 INFO  impl.LeaderElection (LeaderElection.java:askForVotes(181)) - e5966cd9-8e0e-4a26-b034-4f5f4cf31558:group-9708B97C4064:LeaderElection75: begin an election at term 1 for -1: [1daa7354-ec14-43de-8c96-793ad9842a69:192.168.69.122:41610, e5966cd9-8e0e-4a26-b034-4f5f4cf31558:192.168.69.122:44662, 7e9551d0-ed7b-4574-b87c-8da4249d2309:192.168.69.122:46112], old=null
2019-07-13 19:34:41,840 INFO  impl.RaftServerImpl (ServerState.java:setRaftConf(361)) - 1daa7354-ec14-43de-8c96-793ad9842a69:group-1BA250702FE8 set configuration 0: [1daa7354-ec14-43de-8c96-793ad9842a69:192.168.69.122:41610], old=null at 0
2019-07-13 19:34:41,843 INFO  impl.RaftServerImpl (RaftServerImpl.java:setRole(171)) - 7e9551d0-ed7b-4574-b87c-8da4249d2309:group-9708B97C4064 changes role from FOLLOWER to FOLLOWER at term 1 for recognizeCandidate:1daa7354-ec14-43de-8c96-793ad9842a69
2019-07-13 19:34:41,843 INFO  impl.RoleInfo (RoleInfo.java:shutdownFollowerState(121)) - 7e9551d0-ed7b-4574-b87c-8da4249d2309: shutdown FollowerState
2019-07-13 19:34:41,843 INFO  impl.RoleInfo (RoleInfo.java:updateAndGet(143)) - 7e9551d0-ed7b-4574-b87c-8da4249d2309: start FollowerState
2019-07-13 19:34:41,843 INFO  impl.FollowerState (FollowerState.java:run(114)) - 7e9551d0-ed7b-4574-b87c-8da4249d2309: FollowerState was interrupted: java.lang.InterruptedException: sleep interrupted
2019-07-13 19:34:41,871 INFO  impl.LeaderElection (LeaderElection.java:logAndReturn(56)) - 1daa7354-ec14-43de-8c96-793ad9842a69:group-9708B97C4064:LeaderElection73: Election PASSED; received 2 response(s) [1daa7354-ec14-43de-8c96-793ad9842a69<-e5966cd9-8e0e-4a26-b034-4f5f4cf31558#0:FAIL-t1, 1daa7354-ec14-43de-8c96-793ad9842a69<-7e9551d0-ed7b-4574-b87c-8da4249d2309#0:OK-t1] and 0 exception(s); 1daa7354-ec14-43de-8c96-793ad9842a69:t1, leader=null, voted=1daa7354-ec14-43de-8c96-793ad9842a69, raftlog=1daa7354-ec14-43de-8c96-793ad9842a69-SegmentedRaftLog:OPENED:c-1,f-1,i0, conf=-1: [1daa7354-ec14-43de-8c96-793ad9842a69:192.168.69.122:41610, e5966cd9-8e0e-4a26-b034-4f5f4cf31558:192.168.69.122:44662, 7e9551d0-ed7b-4574-b87c-8da4249d2309:192.168.69.122:46112], old=null
2019-07-13 19:34:41,871 INFO  segmented.SegmentedRaftLogWorker (SegmentedRaftLogWorker.java:execute(569)) - 1daa7354-ec14-43de-8c96-793ad9842a69-SegmentedRaftLogWorker:Storage Directory /tmp/workdir/hadoop-ozone/integration-test/target/test-dir/MiniOzoneClusterImpl-31689132-182d-4293-ba12-b7210fe65700/datanode-2/data/ratis/eac992af-df19-42dc-8730-1ba250702fe8: created new log segment /tmp/workdir/hadoop-ozone/integration-test/target/test-dir/MiniOzoneClusterImpl-31689132-182d-4293-ba12-b7210fe65700/datanode-2/data/ratis/eac992af-df19-42dc-8730-1ba250702fe8/current/log_inprogress_0
2019-07-13 19:34:41,871 INFO  impl.LeaderElection (LeaderElection.java:logAndReturn(56)) - e5966cd9-8e0e-4a26-b034-4f5f4cf31558:group-9708B97C4064:LeaderElection75: Election REJECTED; received 2 response(s) [e5966cd9-8e0e-4a26-b034-4f5f4cf31558<-1daa7354-ec14-43de-8c96-793ad9842a69#0:FAIL-t1, e5966cd9-8e0e-4a26-b034-4f5f4cf31558<-7e9551d0-ed7b-4574-b87c-8da4249d2309#0:FAIL-t1] and 0 exception(s); e5966cd9-8e0e-4a26-b034-4f5f4cf31558:t1, leader=null, voted=e5966cd9-8e0e-4a26-b034-4f5f4cf31558, raftlog=e5966cd9-8e0e-4a26-b034-4f5f4cf31558-SegmentedRaftLog:OPENED:c-1,f-1,i0, conf=-1: [1daa7354-ec14-43de-8c96-793ad9842a69:192.168.69.122:41610, e5966cd9-8e0e-4a26-b034-4f5f4cf31558:192.168.69.122:44662, 7e9551d0-ed7b-4574-b87c-8da4249d2309:192.168.69.122:46112], old=null
2019-07-13 19:34:41,871 INFO  impl.RoleInfo (RoleInfo.java:shutdownLeaderElection(134)) - 1daa7354-ec14-43de-8c96-793ad9842a69: shutdown LeaderElection
2019-07-13 19:34:41,872 INFO  impl.RaftServerImpl (RaftServerImpl.java:setRole(171)) - e5966cd9-8e0e-4a26-b034-4f5f4cf31558:group-9708B97C4064 changes role from CANDIDATE to FOLLOWER at term 1 for DISCOVERED_A_NEW_TERM
2019-07-13 19:34:41,872 INFO  impl.RaftServerImpl (RaftServerImpl.java:setRole(171)) - 1daa7354-ec14-43de-8c96-793ad9842a69:group-9708B97C4064 changes role from CANDIDATE to LEADER at term 1 for changeToLeader
2019-07-13 19:34:41,872 INFO  impl.RoleInfo (RoleInfo.java:shutdownLeaderElection(134)) - e5966cd9-8e0e-4a26-b034-4f5f4cf31558: shutdown LeaderElection
2019-07-13 19:34:41,872 INFO  impl.RaftServerImpl (ServerState.java:setLeader(263)) - 1daa7354-ec14-43de-8c96-793ad9842a69:group-9708B97C4064 change Leader from null to 1daa7354-ec14-43de-8c96-793ad9842a69 at term 1 for becomeLeader, leader elected after 5207ms
2019-07-13 19:34:41,872 INFO  impl.RoleInfo (RoleInfo.java:updateAndGet(143)) - e5966cd9-8e0e-4a26-b034-4f5f4cf31558: start FollowerState
2019-07-13 19:34:41,872 INFO  server.RaftServerConfigKeys (ConfUtils.java:logGet(43)) - raft.server.staging.catchup.gap = 1000 (default)
2019-07-13 19:34:41,873 INFO  server.RaftServerConfigKeys (ConfUtils.java:logGet(43)) - raft.server.rpc.sleep.time = 25ms (default)
2019-07-13 19:34:41,873 INFO  server.RaftServerConfigKeys (ConfUtils.java:logGet(43)) - raft.server.write.element-limit = 4096 (default)
2019-07-13 19:34:41,873 INFO  server.RaftServerConfigKeys (ConfUtils.java:logGet(43)) - raft.server.watch.timeout = 10s (default)
2019-07-13 19:34:41,873 INFO  server.RaftServerConfigKeys (ConfUtils.java:logGet(43)) - raft.server.watch.timeout.denomination = 1s (default)
2019-07-13 19:34:41,873 INFO  server.RaftServerConfigKeys (ConfUtils.java:logGet(43)) - raft.server.watch.element-limit = 65536 (default)
2019-07-13 19:34:41,873 INFO  server.RaftServerConfigKeys (ConfUtils.java:logGet(43)) - raft.server.log.appender.snapshot.chunk.size.max = 16MB (=16777216) (default)
2019-07-13 19:34:41,874 INFO  server.RaftServerConfigKeys (ConfUtils.java:logGet(43)) - raft.server.log.appender.buffer.byte-limit = 33554432 (custom)
2019-07-13 19:34:41,874 INFO  server.RaftServerConfigKeys (ConfUtils.java:logGet(43)) - raft.server.log.appender.buffer.element-limit = 1 (custom)
2019-07-13 19:34:41,874 INFO  grpc.GrpcConfigKeys$Server (ConfUtils.java:logGet(43)) - raft.grpc.server.leader.outstanding.appends.max = 128 (default)
2019-07-13 19:34:41,874 INFO  server.RaftServerConfigKeys (ConfUtils.java:logGet(43)) - raft.server.rpc.request.timeout = 3000ms (default)
2019-07-13 19:34:41,875 INFO  server.RaftServerConfigKeys (ConfUtils.java:logGet(43)) - raft.server.log.appender.install.snapshot.enabled = false (custom)
2019-07-13 19:34:41,875 INFO  server.RaftServerConfigKeys (ConfUtils.java:logGet(43)) - raft.server.log.appender.snapshot.chunk.size.max = 16MB (=16777216) (default)
2019-07-13 19:34:41,875 INFO  server.RaftServerConfigKeys (ConfUtils.java:logGet(43)) - raft.server.log.appender.buffer.byte-limit = 33554432 (custom)
2019-07-13 19:34:41,875 INFO  server.RaftServerConfigKeys (ConfUtils.java:logGet(43)) - raft.server.log.appender.buffer.element-limit = 1 (custom)
2019-07-13 19:34:41,875 INFO  grpc.GrpcConfigKeys$Server (ConfUtils.java:logGet(43)) - raft.grpc.server.leader.outstanding.appends.max = 128 (default)
2019-07-13 19:34:41,875 INFO  server.RaftServerConfigKeys (ConfUtils.java:logGet(43)) - raft.server.rpc.request.timeout = 3000ms (default)
2019-07-13 19:34:41,876 INFO  server.RaftServerConfigKeys (ConfUtils.java:logGet(43)) - raft.server.log.appender.install.snapshot.enabled = false (custom)
2019-07-13 19:34:41,876 INFO  impl.RoleInfo (RoleInfo.java:updateAndGet(143)) - 1daa7354-ec14-43de-8c96-793ad9842a69: start LeaderState
2019-07-13 19:34:41,876 INFO  segmented.SegmentedRaftLogWorker (SegmentedRaftLogWorker.java:startLogSegment(380)) - 1daa7354-ec14-43de-8c96-793ad9842a69-SegmentedRaftLogWorker:Storage Directory /tmp/workdir/hadoop-ozone/integration-test/target/test-dir/MiniOzoneClusterImpl-31689132-182d-4293-ba12-b7210fe65700/datanode-2/data/ratis/f8db319c-8816-44e5-b089-9708b97c4064: Starting segment from index:0
2019-07-13 19:34:41,877 INFO  impl.RaftServerImpl (ServerState.java:setRaftConf(361)) - 1daa7354-ec14-43de-8c96-793ad9842a69:group-9708B97C4064 set configuration 0: [1daa7354-ec14-43de-8c96-793ad9842a69:192.168.69.122:41610, e5966cd9-8e0e-4a26-b034-4f5f4cf31558:192.168.69.122:44662, 7e9551d0-ed7b-4574-b87c-8da4249d2309:192.168.69.122:46112], old=null at 0
2019-07-13 19:34:41,878 INFO  impl.RaftServerImpl (ServerState.java:setLeader(263)) - e5966cd9-8e0e-4a26-b034-4f5f4cf31558:group-9708B97C4064 change Leader from null to 1daa7354-ec14-43de-8c96-793ad9842a69 at term 1 for appendEntries, leader elected after 5213ms
2019-07-13 19:34:41,878 INFO  impl.RaftServerImpl (ServerState.java:setLeader(263)) - 7e9551d0-ed7b-4574-b87c-8da4249d2309:group-9708B97C4064 change Leader from null to 1daa7354-ec14-43de-8c96-793ad9842a69 at term 1 for appendEntries, leader elected after 5213ms
2019-07-13 19:34:41,881 INFO  impl.RaftServerImpl (ServerState.java:setRaftConf(361)) - e5966cd9-8e0e-4a26-b034-4f5f4cf31558:group-9708B97C4064 set configuration 0: [1daa7354-ec14-43de-8c96-793ad9842a69:192.168.69.122:41610, e5966cd9-8e0e-4a26-b034-4f5f4cf31558:192.168.69.122:44662, 7e9551d0-ed7b-4574-b87c-8da4249d2309:192.168.69.122:46112], old=null at 0
2019-07-13 19:34:41,881 INFO  impl.RaftServerImpl (ServerState.java:setRaftConf(361)) - 7e9551d0-ed7b-4574-b87c-8da4249d2309:group-9708B97C4064 set configuration 0: [1daa7354-ec14-43de-8c96-793ad9842a69:192.168.69.122:41610, e5966cd9-8e0e-4a26-b034-4f5f4cf31558:192.168.69.122:44662, 7e9551d0-ed7b-4574-b87c-8da4249d2309:192.168.69.122:46112], old=null at 0
2019-07-13 19:34:41,881 INFO  segmented.SegmentedRaftLogWorker (SegmentedRaftLogWorker.java:startLogSegment(380)) - e5966cd9-8e0e-4a26-b034-4f5f4cf31558-SegmentedRaftLogWorker:Storage Directory /tmp/workdir/hadoop-ozone/integration-test/target/test-dir/MiniOzoneClusterImpl-31689132-182d-4293-ba12-b7210fe65700/datanode-0/data/ratis/f8db319c-8816-44e5-b089-9708b97c4064: Starting segment from index:0
2019-07-13 19:34:41,882 INFO  segmented.SegmentedRaftLogWorker (SegmentedRaftLogWorker.java:startLogSegment(380)) - 7e9551d0-ed7b-4574-b87c-8da4249d2309-SegmentedRaftLogWorker:Storage Directory /tmp/workdir/hadoop-ozone/integration-test/target/test-dir/MiniOzoneClusterImpl-31689132-182d-4293-ba12-b7210fe65700/datanode-1/data/ratis/f8db319c-8816-44e5-b089-9708b97c4064: Starting segment from index:0
2019-07-13 19:34:41,909 INFO  segmented.SegmentedRaftLogWorker (SegmentedRaftLogWorker.java:execute(569)) - 7e9551d0-ed7b-4574-b87c-8da4249d2309-SegmentedRaftLogWorker:Storage Directory /tmp/workdir/hadoop-ozone/integration-test/target/test-dir/MiniOzoneClusterImpl-31689132-182d-4293-ba12-b7210fe65700/datanode-1/data/ratis/f8db319c-8816-44e5-b089-9708b97c4064: created new log segment /tmp/workdir/hadoop-ozone/integration-test/target/test-dir/MiniOzoneClusterImpl-31689132-182d-4293-ba12-b7210fe65700/datanode-1/data/ratis/f8db319c-8816-44e5-b089-9708b97c4064/current/log_inprogress_0
2019-07-13 19:34:41,909 INFO  segmented.SegmentedRaftLogWorker (SegmentedRaftLogWorker.java:execute(569)) - e5966cd9-8e0e-4a26-b034-4f5f4cf31558-SegmentedRaftLogWorker:Storage Directory /tmp/workdir/hadoop-ozone/integration-test/target/test-dir/MiniOzoneClusterImpl-31689132-182d-4293-ba12-b7210fe65700/datanode-0/data/ratis/f8db319c-8816-44e5-b089-9708b97c4064: created new log segment /tmp/workdir/hadoop-ozone/integration-test/target/test-dir/MiniOzoneClusterImpl-31689132-182d-4293-ba12-b7210fe65700/datanode-0/data/ratis/f8db319c-8816-44e5-b089-9708b97c4064/current/log_inprogress_0
2019-07-13 19:34:41,909 INFO  segmented.SegmentedRaftLogWorker (SegmentedRaftLogWorker.java:execute(569)) - 1daa7354-ec14-43de-8c96-793ad9842a69-SegmentedRaftLogWorker:Storage Directory /tmp/workdir/hadoop-ozone/integration-test/target/test-dir/MiniOzoneClusterImpl-31689132-182d-4293-ba12-b7210fe65700/datanode-2/data/ratis/f8db319c-8816-44e5-b089-9708b97c4064: created new log segment /tmp/workdir/hadoop-ozone/integration-test/target/test-dir/MiniOzoneClusterImpl-31689132-182d-4293-ba12-b7210fe65700/datanode-2/data/ratis/f8db319c-8816-44e5-b089-9708b97c4064/current/log_inprogress_0
2019-07-13 19:34:42,000 WARN  server.GrpcLogAppender (LogUtils.java:warn(134)) - 5d1032ca-9147-4957-b503-39c877a962e7->00d91248-b81b-486b-9e32-e5c5f65edbd1: Failed appendEntries: org.apache.ratis.thirdparty.io.grpc.StatusRuntimeException: UNAVAILABLE: io exception
2019-07-13 19:34:42,000 WARN  server.GrpcLogAppender (LogUtils.java:warn(134)) - 5d1032ca-9147-4957-b503-39c877a962e7->60ce25f2-006c-4f2f-9804-0a3aa3878877: Failed appendEntries: org.apache.ratis.thirdparty.io.grpc.StatusRuntimeException: UNAVAILABLE: io exception
2019-07-13 19:34:42,001 INFO  impl.FollowerInfo (FollowerInfo.java:lambda$new$0(50)) - 5d1032ca-9147-4957-b503-39c877a962e7->00d91248-b81b-486b-9e32-e5c5f65edbd1: nextIndex: updateUnconditionally 0 -> 0
2019-07-13 19:34:42,001 INFO  impl.FollowerInfo (FollowerInfo.java:lambda$new$0(50)) - 5d1032ca-9147-4957-b503-39c877a962e7->60ce25f2-006c-4f2f-9804-0a3aa3878877: nextIndex: updateUnconditionally 0 -> 0
2019-07-13 19:34:42,116 INFO  client.GrpcClientProtocolClient (GrpcClientProtocolClient.java:onNext(255)) - client-A366D73DD5FF->7e9551d0-ed7b-4574-b87c-8da4249d2309: receive RaftClientReply:client-A366D73DD5FF->7e9551d0-ed7b-4574-b87c-8da4249d2309@group-9708B97C4064, cid=106, FAILED org.apache.ratis.protocol.NotLeaderException: Server 7e9551d0-ed7b-4574-b87c-8da4249d2309 is not the leader (1daa7354-ec14-43de-8c96-793ad9842a69:192.168.69.122:41610). Request must be sent to leader., logIndex=0, commits[7e9551d0-ed7b-4574-b87c-8da4249d2309:c-1, 1daa7354-ec14-43de-8c96-793ad9842a69:c-1, e5966cd9-8e0e-4a26-b034-4f5f4cf31558:c-1]
2019-07-13 19:34:42,176 INFO  impl.FollowerState (FollowerState.java:run(106)) - 96b2c074-095f-4f1f-8300-c3ef1c676b7e:group-CC4ECE0F8177 changes to CANDIDATE, lastRpcTime:5136, electionTimeout:5136ms
2019-07-13 19:34:42,176 INFO  impl.RoleInfo (RoleInfo.java:shutdownFollowerState(121)) - 96b2c074-095f-4f1f-8300-c3ef1c676b7e: shutdown FollowerState
2019-07-13 19:34:42,176 INFO  impl.RaftServerImpl (RaftServerImpl.java:setRole(171)) - 96b2c074-095f-4f1f-8300-c3ef1c676b7e:group-CC4ECE0F8177 changes role from FOLLOWER to CANDIDATE at term 0 for changeToCandidate
2019-07-13 19:34:42,176 INFO  impl.RoleInfo (RoleInfo.java:updateAndGet(143)) - 96b2c074-095f-4f1f-8300-c3ef1c676b7e: start LeaderElection
2019-07-13 19:34:42,222 INFO  impl.LeaderElection (LeaderElection.java:askForVotes(181)) - 96b2c074-095f-4f1f-8300-c3ef1c676b7e:group-CC4ECE0F8177:LeaderElection76: begin an election at term 1 for -1: [96b2c074-095f-4f1f-8300-c3ef1c676b7e:192.168.69.122:36461], old=null
2019-07-13 19:34:42,222 INFO  impl.RoleInfo (RoleInfo.java:shutdownLeaderElection(134)) - 96b2c074-095f-4f1f-8300-c3ef1c676b7e: shutdown LeaderElection
2019-07-13 19:34:42,222 INFO  impl.RaftServerImpl (RaftServerImpl.java:setRole(171)) - 96b2c074-095f-4f1f-8300-c3ef1c676b7e:group-CC4ECE0F8177 changes role from CANDIDATE to LEADER at term 1 for changeToLeader
2019-07-13 19:34:42,222 INFO  impl.RaftServerImpl (ServerState.java:setLeader(263)) - 96b2c074-095f-4f1f-8300-c3ef1c676b7e:group-CC4ECE0F8177 change Leader from null to 96b2c074-095f-4f1f-8300-c3ef1c676b7e at term 1 for becomeLeader, leader elected after 5187ms
2019-07-13 19:34:42,222 INFO  server.RaftServerConfigKeys (ConfUtils.java:logGet(43)) - raft.server.staging.catchup.gap = 1000 (default)
2019-07-13 19:34:42,222 INFO  server.RaftServerConfigKeys (ConfUtils.java:logGet(43)) - raft.server.rpc.sleep.time = 25ms (default)
2019-07-13 19:34:42,222 INFO  server.RaftServerConfigKeys (ConfUtils.java:logGet(43)) - raft.server.write.element-limit = 4096 (default)
2019-07-13 19:34:42,223 INFO  server.RaftServerConfigKeys (ConfUtils.java:logGet(43)) - raft.server.watch.timeout = 10s (default)
2019-07-13 19:34:42,223 INFO  server.RaftServerConfigKeys (ConfUtils.java:logGet(43)) - raft.server.watch.timeout.denomination = 1s (default)
2019-07-13 19:34:42,223 INFO  server.RaftServerConfigKeys (ConfUtils.java:logGet(43)) - raft.server.watch.element-limit = 65536 (default)
2019-07-13 19:34:42,223 INFO  impl.RoleInfo (RoleInfo.java:updateAndGet(143)) - 96b2c074-095f-4f1f-8300-c3ef1c676b7e: start LeaderState
2019-07-13 19:34:42,223 INFO  segmented.SegmentedRaftLogWorker (SegmentedRaftLogWorker.java:startLogSegment(380)) - 96b2c074-095f-4f1f-8300-c3ef1c676b7e-SegmentedRaftLogWorker:Storage Directory /tmp/workdir/hadoop-ozone/integration-test/target/test-dir/MiniOzoneClusterImpl-31689132-182d-4293-ba12-b7210fe65700/datanode-3/data/ratis/1160be8b-ea3b-4d21-ab34-cc4ece0f8177: Starting segment from index:0
2019-07-13 19:34:42,224 INFO  impl.RaftServerImpl (ServerState.java:setRaftConf(361)) - 96b2c074-095f-4f1f-8300-c3ef1c676b7e:group-CC4ECE0F8177 set configuration 0: [96b2c074-095f-4f1f-8300-c3ef1c676b7e:192.168.69.122:36461], old=null at 0
2019-07-13 19:34:42,251 INFO  segmented.SegmentedRaftLogWorker (SegmentedRaftLogWorker.java:execute(569)) - 96b2c074-095f-4f1f-8300-c3ef1c676b7e-SegmentedRaftLogWorker:Storage Directory /tmp/workdir/hadoop-ozone/integration-test/target/test-dir/MiniOzoneClusterImpl-31689132-182d-4293-ba12-b7210fe65700/datanode-3/data/ratis/1160be8b-ea3b-4d21-ab34-cc4ece0f8177: created new log segment /tmp/workdir/hadoop-ozone/integration-test/target/test-dir/MiniOzoneClusterImpl-31689132-182d-4293-ba12-b7210fe65700/datanode-3/data/ratis/1160be8b-ea3b-4d21-ab34-cc4ece0f8177/current/log_inprogress_0
2019-07-13 19:34:42,283 INFO  impl.FollowerState (FollowerState.java:run(106)) - 9acb16b8-b895-4cdd-96f3-66702cee2304:group-F731D1376C91 changes to CANDIDATE, lastRpcTime:5003, electionTimeout:5003ms
2019-07-13 19:34:42,283 INFO  impl.RoleInfo (RoleInfo.java:shutdownFollowerState(121)) - 9acb16b8-b895-4cdd-96f3-66702cee2304: shutdown FollowerState
2019-07-13 19:34:42,283 INFO  impl.RaftServerImpl (RaftServerImpl.java:setRole(171)) - 9acb16b8-b895-4cdd-96f3-66702cee2304:group-F731D1376C91 changes role from FOLLOWER to CANDIDATE at term 0 for changeToCandidate
2019-07-13 19:34:42,284 INFO  impl.RoleInfo (RoleInfo.java:updateAndGet(143)) - 9acb16b8-b895-4cdd-96f3-66702cee2304: start LeaderElection
2019-07-13 19:34:42,301 INFO  impl.LeaderElection (LeaderElection.java:askForVotes(181)) - 9acb16b8-b895-4cdd-96f3-66702cee2304:group-F731D1376C91:LeaderElection77: begin an election at term 1 for -1: [9acb16b8-b895-4cdd-96f3-66702cee2304:192.168.69.122:37853], old=null
2019-07-13 19:34:42,301 INFO  impl.RoleInfo (RoleInfo.java:shutdownLeaderElection(134)) - 9acb16b8-b895-4cdd-96f3-66702cee2304: shutdown LeaderElection
2019-07-13 19:34:42,310 INFO  impl.RaftServerImpl (RaftServerImpl.java:setRole(171)) - 9acb16b8-b895-4cdd-96f3-66702cee2304:group-F731D1376C91 changes role from CANDIDATE to LEADER at term 1 for changeToLeader
2019-07-13 19:34:42,329 INFO  impl.RaftServerImpl (ServerState.java:setLeader(263)) - 9acb16b8-b895-4cdd-96f3-66702cee2304:group-F731D1376C91 change Leader from null to 9acb16b8-b895-4cdd-96f3-66702cee2304 at term 1 for becomeLeader, leader elected after 5053ms
2019-07-13 19:34:42,329 INFO  server.RaftServerConfigKeys (ConfUtils.java:logGet(43)) - raft.server.staging.catchup.gap = 1000 (default)
2019-07-13 19:34:42,330 INFO  server.RaftServerConfigKeys (ConfUtils.java:logGet(43)) - raft.server.rpc.sleep.time = 25ms (default)
2019-07-13 19:34:42,330 INFO  server.RaftServerConfigKeys (ConfUtils.java:logGet(43)) - raft.server.write.element-limit = 4096 (default)
2019-07-13 19:34:42,330 INFO  server.RaftServerConfigKeys (ConfUtils.java:logGet(43)) - raft.server.watch.timeout = 10s (default)
2019-07-13 19:34:42,330 INFO  server.RaftServerConfigKeys (ConfUtils.java:logGet(43)) - raft.server.watch.timeout.denomination = 1s (default)
2019-07-13 19:34:42,330 INFO  server.RaftServerConfigKeys (ConfUtils.java:logGet(43)) - raft.server.watch.element-limit = 65536 (default)
2019-07-13 19:34:42,330 INFO  impl.RoleInfo (RoleInfo.java:updateAndGet(143)) - 9acb16b8-b895-4cdd-96f3-66702cee2304: start LeaderState
2019-07-13 19:34:42,330 INFO  client.GrpcClientProtocolClient (GrpcClientProtocolClient.java:onNext(255)) - client-A366D73DD5FF->1daa7354-ec14-43de-8c96-793ad9842a69: receive RaftClientReply:client-A366D73DD5FF->1daa7354-ec14-43de-8c96-793ad9842a69@group-9708B97C4064, cid=106, SUCCESS, logIndex=1, commits[1daa7354-ec14-43de-8c96-793ad9842a69:c2, e5966cd9-8e0e-4a26-b034-4f5f4cf31558:c1, 7e9551d0-ed7b-4574-b87c-8da4249d2309:c1]
2019-07-13 19:34:42,331 INFO  segmented.SegmentedRaftLogWorker (SegmentedRaftLogWorker.java:startLogSegment(380)) - 9acb16b8-b895-4cdd-96f3-66702cee2304-SegmentedRaftLogWorker:Storage Directory /tmp/workdir/hadoop-ozone/integration-test/target/test-dir/MiniOzoneClusterImpl-31689132-182d-4293-ba12-b7210fe65700/datanode-4/data/ratis/6fc99840-f47b-4163-8c0f-f731d1376c91: Starting segment from index:0
2019-07-13 19:34:42,331 INFO  datanode.ObjectStoreHandler (ObjectStoreHandler.java:close(155)) - Closing ObjectStoreHandler.
2019-07-13 19:34:42,331 INFO  impl.RaftServerImpl (ServerState.java:setRaftConf(361)) - 9acb16b8-b895-4cdd-96f3-66702cee2304:group-F731D1376C91 set configuration 0: [9acb16b8-b895-4cdd-96f3-66702cee2304:192.168.69.122:37853], old=null at 0
2019-07-13 19:34:42,332 INFO  ozone.HddsDatanodeService (HddsDatanodeService.java:stop(452)) - Stopped plug-in org.apache.hadoop.ozone.web.OzoneHddsDatanodeService@7f1581bb
2019-07-13 19:34:42,391 INFO  segmented.SegmentedRaftLogWorker (SegmentedRaftLogWorker.java:execute(569)) - 9acb16b8-b895-4cdd-96f3-66702cee2304-SegmentedRaftLogWorker:Storage Directory /tmp/workdir/hadoop-ozone/integration-test/target/test-dir/MiniOzoneClusterImpl-31689132-182d-4293-ba12-b7210fe65700/datanode-4/data/ratis/6fc99840-f47b-4163-8c0f-f731d1376c91: created new log segment /tmp/workdir/hadoop-ozone/integration-test/target/test-dir/MiniOzoneClusterImpl-31689132-182d-4293-ba12-b7210fe65700/datanode-4/data/ratis/6fc99840-f47b-4163-8c0f-f731d1376c91/current/log_inprogress_0
2019-07-13 19:34:42,766 INFO  impl.FollowerState (FollowerState.java:run(106)) - 1ffab7d8-62dd-458d-96b1-a83e102e89e6:group-1DE928FEE582 changes to CANDIDATE, lastRpcTime:5099, electionTimeout:5099ms
2019-07-13 19:34:42,767 INFO  impl.RoleInfo (RoleInfo.java:shutdownFollowerState(121)) - 1ffab7d8-62dd-458d-96b1-a83e102e89e6: shutdown FollowerState
2019-07-13 19:34:42,767 INFO  impl.RaftServerImpl (RaftServerImpl.java:setRole(171)) - 1ffab7d8-62dd-458d-96b1-a83e102e89e6:group-1DE928FEE582 changes role from FOLLOWER to CANDIDATE at term 0 for changeToCandidate
2019-07-13 19:34:42,767 INFO  impl.RoleInfo (RoleInfo.java:updateAndGet(143)) - 1ffab7d8-62dd-458d-96b1-a83e102e89e6: start LeaderElection
2019-07-13 19:34:42,781 INFO  impl.FollowerState (FollowerState.java:run(106)) - 1ffab7d8-62dd-458d-96b1-a83e102e89e6:group-2C5C12E9F616 changes to CANDIDATE, lastRpcTime:5015, electionTimeout:5015ms
2019-07-13 19:34:42,781 INFO  impl.RoleInfo (RoleInfo.java:shutdownFollowerState(121)) - 1ffab7d8-62dd-458d-96b1-a83e102e89e6: shutdown FollowerState
2019-07-13 19:34:42,781 INFO  impl.RaftServerImpl (RaftServerImpl.java:setRole(171)) - 1ffab7d8-62dd-458d-96b1-a83e102e89e6:group-2C5C12E9F616 changes role from FOLLOWER to CANDIDATE at term 0 for changeToCandidate
2019-07-13 19:34:42,781 INFO  impl.RoleInfo (RoleInfo.java:updateAndGet(143)) - 1ffab7d8-62dd-458d-96b1-a83e102e89e6: start LeaderElection
2019-07-13 19:34:42,782 INFO  impl.LeaderElection (LeaderElection.java:askForVotes(181)) - 1ffab7d8-62dd-458d-96b1-a83e102e89e6:group-1DE928FEE582:LeaderElection78: begin an election at term 1 for -1: [1ffab7d8-62dd-458d-96b1-a83e102e89e6:192.168.69.122:43242], old=null
2019-07-13 19:34:42,782 INFO  impl.RoleInfo (RoleInfo.java:shutdownLeaderElection(134)) - 1ffab7d8-62dd-458d-96b1-a83e102e89e6: shutdown LeaderElection
2019-07-13 19:34:42,783 INFO  impl.RaftServerImpl (RaftServerImpl.java:setRole(171)) - 1ffab7d8-62dd-458d-96b1-a83e102e89e6:group-1DE928FEE582 changes role from CANDIDATE to LEADER at term 1 for changeToLeader
2019-07-13 19:34:42,783 INFO  impl.RaftServerImpl (ServerState.java:setLeader(263)) - 1ffab7d8-62dd-458d-96b1-a83e102e89e6:group-1DE928FEE582 change Leader from null to 1ffab7d8-62dd-458d-96b1-a83e102e89e6 at term 1 for becomeLeader, leader elected after 5120ms
2019-07-13 19:34:42,783 INFO  server.RaftServerConfigKeys (ConfUtils.java:logGet(43)) - raft.server.staging.catchup.gap = 1000 (default)
2019-07-13 19:34:42,783 INFO  server.RaftServerConfigKeys (ConfUtils.java:logGet(43)) - raft.server.rpc.sleep.time = 25ms (default)
2019-07-13 19:34:42,783 INFO  server.RaftServerConfigKeys (ConfUtils.java:logGet(43)) - raft.server.write.element-limit = 4096 (default)
2019-07-13 19:34:42,783 INFO  server.RaftServerConfigKeys (ConfUtils.java:logGet(43)) - raft.server.watch.timeout = 10s (default)
2019-07-13 19:34:42,784 INFO  server.RaftServerConfigKeys (ConfUtils.java:logGet(43)) - raft.server.watch.timeout.denomination = 1s (default)
2019-07-13 19:34:42,784 INFO  server.RaftServerConfigKeys (ConfUtils.java:logGet(43)) - raft.server.watch.element-limit = 65536 (default)
2019-07-13 19:34:42,784 INFO  impl.RoleInfo (RoleInfo.java:updateAndGet(143)) - 1ffab7d8-62dd-458d-96b1-a83e102e89e6: start LeaderState
2019-07-13 19:34:42,784 INFO  segmented.SegmentedRaftLogWorker (SegmentedRaftLogWorker.java:startLogSegment(380)) - 1ffab7d8-62dd-458d-96b1-a83e102e89e6-SegmentedRaftLogWorker:Storage Directory /tmp/workdir/hadoop-ozone/integration-test/target/test-dir/MiniOzoneClusterImpl-31689132-182d-4293-ba12-b7210fe65700/datanode-5/data/ratis/c4de5b8a-7952-4b5a-9747-1de928fee582: Starting segment from index:0
2019-07-13 19:34:42,785 INFO  impl.RaftServerImpl (ServerState.java:setRaftConf(361)) - 1ffab7d8-62dd-458d-96b1-a83e102e89e6:group-1DE928FEE582 set configuration 0: [1ffab7d8-62dd-458d-96b1-a83e102e89e6:192.168.69.122:43242], old=null at 0
2019-07-13 19:34:42,807 INFO  impl.LeaderElection (LeaderElection.java:askForVotes(181)) - 1ffab7d8-62dd-458d-96b1-a83e102e89e6:group-2C5C12E9F616:LeaderElection79: begin an election at term 1 for -1: [96b2c074-095f-4f1f-8300-c3ef1c676b7e:192.168.69.122:36461, 9acb16b8-b895-4cdd-96f3-66702cee2304:192.168.69.122:37853, 1ffab7d8-62dd-458d-96b1-a83e102e89e6:192.168.69.122:43242], old=null
2019-07-13 19:34:42,809 INFO  segmented.SegmentedRaftLogWorker (SegmentedRaftLogWorker.java:execute(569)) - 1ffab7d8-62dd-458d-96b1-a83e102e89e6-SegmentedRaftLogWorker:Storage Directory /tmp/workdir/hadoop-ozone/integration-test/target/test-dir/MiniOzoneClusterImpl-31689132-182d-4293-ba12-b7210fe65700/datanode-5/data/ratis/c4de5b8a-7952-4b5a-9747-1de928fee582: created new log segment /tmp/workdir/hadoop-ozone/integration-test/target/test-dir/MiniOzoneClusterImpl-31689132-182d-4293-ba12-b7210fe65700/datanode-5/data/ratis/c4de5b8a-7952-4b5a-9747-1de928fee582/current/log_inprogress_0
2019-07-13 19:34:42,826 INFO  impl.RaftServerImpl (RaftServerImpl.java:setRole(171)) - 9acb16b8-b895-4cdd-96f3-66702cee2304:group-2C5C12E9F616 changes role from FOLLOWER to FOLLOWER at term 1 for recognizeCandidate:1ffab7d8-62dd-458d-96b1-a83e102e89e6
2019-07-13 19:34:42,826 INFO  impl.RaftServerImpl (RaftServerImpl.java:setRole(171)) - 96b2c074-095f-4f1f-8300-c3ef1c676b7e:group-2C5C12E9F616 changes role from FOLLOWER to FOLLOWER at term 1 for recognizeCandidate:1ffab7d8-62dd-458d-96b1-a83e102e89e6
2019-07-13 19:34:42,826 INFO  impl.RoleInfo (RoleInfo.java:shutdownFollowerState(121)) - 9acb16b8-b895-4cdd-96f3-66702cee2304: shutdown FollowerState
2019-07-13 19:34:42,827 INFO  impl.RoleInfo (RoleInfo.java:shutdownFollowerState(121)) - 96b2c074-095f-4f1f-8300-c3ef1c676b7e: shutdown FollowerState
2019-07-13 19:34:42,827 INFO  impl.RoleInfo (RoleInfo.java:updateAndGet(143)) - 9acb16b8-b895-4cdd-96f3-66702cee2304: start FollowerState
2019-07-13 19:34:42,827 INFO  impl.FollowerState (FollowerState.java:run(114)) - 96b2c074-095f-4f1f-8300-c3ef1c676b7e: FollowerState was interrupted: java.lang.InterruptedException: sleep interrupted
2019-07-13 19:34:42,827 INFO  impl.FollowerState (FollowerState.java:run(114)) - 9acb16b8-b895-4cdd-96f3-66702cee2304: FollowerState was interrupted: java.lang.InterruptedException: sleep interrupted
2019-07-13 19:34:42,827 INFO  impl.RoleInfo (RoleInfo.java:updateAndGet(143)) - 96b2c074-095f-4f1f-8300-c3ef1c676b7e: start FollowerState
2019-07-13 19:34:42,843 INFO  impl.LeaderElection (LeaderElection.java:logAndReturn(56)) - 1ffab7d8-62dd-458d-96b1-a83e102e89e6:group-2C5C12E9F616:LeaderElection79: Election PASSED; received 1 response(s) [1ffab7d8-62dd-458d-96b1-a83e102e89e6<-9acb16b8-b895-4cdd-96f3-66702cee2304#0:OK-t1] and 0 exception(s); 1ffab7d8-62dd-458d-96b1-a83e102e89e6:t1, leader=null, voted=1ffab7d8-62dd-458d-96b1-a83e102e89e6, raftlog=1ffab7d8-62dd-458d-96b1-a83e102e89e6-SegmentedRaftLog:OPENED:c-1,f-1,i0, conf=-1: [96b2c074-095f-4f1f-8300-c3ef1c676b7e:192.168.69.122:36461, 9acb16b8-b895-4cdd-96f3-66702cee2304:192.168.69.122:37853, 1ffab7d8-62dd-458d-96b1-a83e102e89e6:192.168.69.122:43242], old=null
2019-07-13 19:34:42,843 INFO  impl.RoleInfo (RoleInfo.java:shutdownLeaderElection(134)) - 1ffab7d8-62dd-458d-96b1-a83e102e89e6: shutdown LeaderElection
2019-07-13 19:34:42,843 INFO  impl.RaftServerImpl (RaftServerImpl.java:setRole(171)) - 1ffab7d8-62dd-458d-96b1-a83e102e89e6:group-2C5C12E9F616 changes role from CANDIDATE to LEADER at term 1 for changeToLeader
2019-07-13 19:34:42,843 INFO  impl.RaftServerImpl (ServerState.java:setLeader(263)) - 1ffab7d8-62dd-458d-96b1-a83e102e89e6:group-2C5C12E9F616 change Leader from null to 1ffab7d8-62dd-458d-96b1-a83e102e89e6 at term 1 for becomeLeader, leader elected after 5085ms
2019-07-13 19:34:42,843 INFO  server.RaftServerConfigKeys (ConfUtils.java:logGet(43)) - raft.server.staging.catchup.gap = 1000 (default)
2019-07-13 19:34:42,844 INFO  server.RaftServerConfigKeys (ConfUtils.java:logGet(43)) - raft.server.rpc.sleep.time = 25ms (default)
2019-07-13 19:34:42,844 INFO  server.RaftServerConfigKeys (ConfUtils.java:logGet(43)) - raft.server.write.element-limit = 4096 (default)
2019-07-13 19:34:42,844 INFO  server.RaftServerConfigKeys (ConfUtils.java:logGet(43)) - raft.server.watch.timeout = 10s (default)
2019-07-13 19:34:42,844 INFO  server.RaftServerConfigKeys (ConfUtils.java:logGet(43)) - raft.server.watch.timeout.denomination = 1s (default)
2019-07-13 19:34:42,844 INFO  server.RaftServerConfigKeys (ConfUtils.java:logGet(43)) - raft.server.watch.element-limit = 65536 (default)
2019-07-13 19:34:42,844 INFO  server.RaftServerConfigKeys (ConfUtils.java:logGet(43)) - raft.server.log.appender.snapshot.chunk.size.max = 16MB (=16777216) (default)
2019-07-13 19:34:42,845 INFO  server.RaftServerConfigKeys (ConfUtils.java:logGet(43)) - raft.server.log.appender.buffer.byte-limit = 33554432 (custom)
2019-07-13 19:34:42,845 INFO  server.RaftServerConfigKeys (ConfUtils.java:logGet(43)) - raft.server.log.appender.buffer.element-limit = 1 (custom)
2019-07-13 19:34:42,845 INFO  grpc.GrpcConfigKeys$Server (ConfUtils.java:logGet(43)) - raft.grpc.server.leader.outstanding.appends.max = 128 (default)
2019-07-13 19:34:42,845 INFO  server.RaftServerConfigKeys (ConfUtils.java:logGet(43)) - raft.server.rpc.request.timeout = 3000ms (default)
2019-07-13 19:34:42,845 INFO  server.RaftServerConfigKeys (ConfUtils.java:logGet(43)) - raft.server.log.appender.install.snapshot.enabled = false (custom)
2019-07-13 19:34:42,846 INFO  server.RaftServerConfigKeys (ConfUtils.java:logGet(43)) - raft.server.log.appender.snapshot.chunk.size.max = 16MB (=16777216) (default)
2019-07-13 19:34:42,846 INFO  server.RaftServerConfigKeys (ConfUtils.java:logGet(43)) - raft.server.log.appender.buffer.byte-limit = 33554432 (custom)
2019-07-13 19:34:42,846 INFO  server.RaftServerConfigKeys (ConfUtils.java:logGet(43)) - raft.server.log.appender.buffer.element-limit = 1 (custom)
2019-07-13 19:34:42,846 INFO  grpc.GrpcConfigKeys$Server (ConfUtils.java:logGet(43)) - raft.grpc.server.leader.outstanding.appends.max = 128 (default)
2019-07-13 19:34:42,846 INFO  server.RaftServerConfigKeys (ConfUtils.java:logGet(43)) - raft.server.rpc.request.timeout = 3000ms (default)
2019-07-13 19:34:42,846 INFO  server.RaftServerConfigKeys (ConfUtils.java:logGet(43)) - raft.server.log.appender.install.snapshot.enabled = false (custom)
2019-07-13 19:34:42,847 INFO  impl.RoleInfo (RoleInfo.java:updateAndGet(143)) - 1ffab7d8-62dd-458d-96b1-a83e102e89e6: start LeaderState
2019-07-13 19:34:42,847 INFO  segmented.SegmentedRaftLogWorker (SegmentedRaftLogWorker.java:startLogSegment(380)) - 1ffab7d8-62dd-458d-96b1-a83e102e89e6-SegmentedRaftLogWorker:Storage Directory /tmp/workdir/hadoop-ozone/integration-test/target/test-dir/MiniOzoneClusterImpl-31689132-182d-4293-ba12-b7210fe65700/datanode-5/data/ratis/2a61643a-c9e1-4f70-8a11-2c5c12e9f616: Starting segment from index:0
2019-07-13 19:34:42,848 INFO  impl.RaftServerImpl (ServerState.java:setRaftConf(361)) - 1ffab7d8-62dd-458d-96b1-a83e102e89e6:group-2C5C12E9F616 set configuration 0: [96b2c074-095f-4f1f-8300-c3ef1c676b7e:192.168.69.122:36461, 9acb16b8-b895-4cdd-96f3-66702cee2304:192.168.69.122:37853, 1ffab7d8-62dd-458d-96b1-a83e102e89e6:192.168.69.122:43242], old=null at 0
2019-07-13 19:34:42,849 INFO  impl.RaftServerImpl (ServerState.java:setLeader(263)) - 9acb16b8-b895-4cdd-96f3-66702cee2304:group-2C5C12E9F616 change Leader from null to 1ffab7d8-62dd-458d-96b1-a83e102e89e6 at term 1 for appendEntries, leader elected after 5090ms
2019-07-13 19:34:42,849 INFO  impl.RaftServerImpl (ServerState.java:setLeader(263)) - 96b2c074-095f-4f1f-8300-c3ef1c676b7e:group-2C5C12E9F616 change Leader from null to 1ffab7d8-62dd-458d-96b1-a83e102e89e6 at term 1 for appendEntries, leader elected after 5091ms
2019-07-13 19:34:42,851 INFO  impl.RaftServerImpl (ServerState.java:setRaftConf(361)) - 9acb16b8-b895-4cdd-96f3-66702cee2304:group-2C5C12E9F616 set configuration 0: [96b2c074-095f-4f1f-8300-c3ef1c676b7e:192.168.69.122:36461, 9acb16b8-b895-4cdd-96f3-66702cee2304:192.168.69.122:37853, 1ffab7d8-62dd-458d-96b1-a83e102e89e6:192.168.69.122:43242], old=null at 0
2019-07-13 19:34:42,851 INFO  impl.RaftServerImpl (ServerState.java:setRaftConf(361)) - 96b2c074-095f-4f1f-8300-c3ef1c676b7e:group-2C5C12E9F616 set configuration 0: [96b2c074-095f-4f1f-8300-c3ef1c676b7e:192.168.69.122:36461, 9acb16b8-b895-4cdd-96f3-66702cee2304:192.168.69.122:37853, 1ffab7d8-62dd-458d-96b1-a83e102e89e6:192.168.69.122:43242], old=null at 0
2019-07-13 19:34:42,852 INFO  segmented.SegmentedRaftLogWorker (SegmentedRaftLogWorker.java:startLogSegment(380)) - 9acb16b8-b895-4cdd-96f3-66702cee2304-SegmentedRaftLogWorker:Storage Directory /tmp/workdir/hadoop-ozone/integration-test/target/test-dir/MiniOzoneClusterImpl-31689132-182d-4293-ba12-b7210fe65700/datanode-4/data/ratis/2a61643a-c9e1-4f70-8a11-2c5c12e9f616: Starting segment from index:0
2019-07-13 19:34:42,852 INFO  segmented.SegmentedRaftLogWorker (SegmentedRaftLogWorker.java:startLogSegment(380)) - 96b2c074-095f-4f1f-8300-c3ef1c676b7e-SegmentedRaftLogWorker:Storage Directory /tmp/workdir/hadoop-ozone/integration-test/target/test-dir/MiniOzoneClusterImpl-31689132-182d-4293-ba12-b7210fe65700/datanode-3/data/ratis/2a61643a-c9e1-4f70-8a11-2c5c12e9f616: Starting segment from index:0
2019-07-13 19:34:42,880 INFO  segmented.SegmentedRaftLogWorker (SegmentedRaftLogWorker.java:execute(569)) - 1ffab7d8-62dd-458d-96b1-a83e102e89e6-SegmentedRaftLogWorker:Storage Directory /tmp/workdir/hadoop-ozone/integration-test/target/test-dir/MiniOzoneClusterImpl-31689132-182d-4293-ba12-b7210fe65700/datanode-5/data/ratis/2a61643a-c9e1-4f70-8a11-2c5c12e9f616: created new log segment /tmp/workdir/hadoop-ozone/integration-test/target/test-dir/MiniOzoneClusterImpl-31689132-182d-4293-ba12-b7210fe65700/datanode-5/data/ratis/2a61643a-c9e1-4f70-8a11-2c5c12e9f616/current/log_inprogress_0
2019-07-13 19:34:42,880 INFO  segmented.SegmentedRaftLogWorker (SegmentedRaftLogWorker.java:execute(569)) - 96b2c074-095f-4f1f-8300-c3ef1c676b7e-SegmentedRaftLogWorker:Storage Directory /tmp/workdir/hadoop-ozone/integration-test/target/test-dir/MiniOzoneClusterImpl-31689132-182d-4293-ba12-b7210fe65700/datanode-3/data/ratis/2a61643a-c9e1-4f70-8a11-2c5c12e9f616: created new log segment /tmp/workdir/hadoop-ozone/integration-test/target/test-dir/MiniOzoneClusterImpl-31689132-182d-4293-ba12-b7210fe65700/datanode-3/data/ratis/2a61643a-c9e1-4f70-8a11-2c5c12e9f616/current/log_inprogress_0
2019-07-13 19:34:42,880 INFO  segmented.SegmentedRaftLogWorker (SegmentedRaftLogWorker.java:execute(569)) - 9acb16b8-b895-4cdd-96f3-66702cee2304-SegmentedRaftLogWorker:Storage Directory /tmp/workdir/hadoop-ozone/integration-test/target/test-dir/MiniOzoneClusterImpl-31689132-182d-4293-ba12-b7210fe65700/datanode-4/data/ratis/2a61643a-c9e1-4f70-8a11-2c5c12e9f616: created new log segment /tmp/workdir/hadoop-ozone/integration-test/target/test-dir/MiniOzoneClusterImpl-31689132-182d-4293-ba12-b7210fe65700/datanode-4/data/ratis/2a61643a-c9e1-4f70-8a11-2c5c12e9f616/current/log_inprogress_0
2019-07-13 19:34:42,901 INFO  impl.FollowerState (FollowerState.java:run(106)) - 9ec39fed-7e6a-428d-9247-91a9000b349b:group-D8961FEED598 changes to CANDIDATE, lastRpcTime:5003, electionTimeout:5003ms
2019-07-13 19:34:42,901 INFO  impl.RoleInfo (RoleInfo.java:shutdownFollowerState(121)) - 9ec39fed-7e6a-428d-9247-91a9000b349b: shutdown FollowerState
2019-07-13 19:34:42,901 INFO  impl.RaftServerImpl (RaftServerImpl.java:setRole(171)) - 9ec39fed-7e6a-428d-9247-91a9000b349b:group-D8961FEED598 changes role from FOLLOWER to CANDIDATE at term 0 for changeToCandidate
2019-07-13 19:34:42,901 INFO  impl.RoleInfo (RoleInfo.java:updateAndGet(143)) - 9ec39fed-7e6a-428d-9247-91a9000b349b: start LeaderElection
2019-07-13 19:34:42,915 INFO  impl.LeaderElection (LeaderElection.java:askForVotes(181)) - 9ec39fed-7e6a-428d-9247-91a9000b349b:group-D8961FEED598:LeaderElection80: begin an election at term 1 for -1: [9ec39fed-7e6a-428d-9247-91a9000b349b:192.168.69.122:42037], old=null
2019-07-13 19:34:42,915 INFO  impl.RoleInfo (RoleInfo.java:shutdownLeaderElection(134)) - 9ec39fed-7e6a-428d-9247-91a9000b349b: shutdown LeaderElection
2019-07-13 19:34:42,915 INFO  impl.RaftServerImpl (RaftServerImpl.java:setRole(171)) - 9ec39fed-7e6a-428d-9247-91a9000b349b:group-D8961FEED598 changes role from CANDIDATE to LEADER at term 1 for changeToLeader
2019-07-13 19:34:42,915 INFO  impl.RaftServerImpl (ServerState.java:setLeader(263)) - 9ec39fed-7e6a-428d-9247-91a9000b349b:group-D8961FEED598 change Leader from null to 9ec39fed-7e6a-428d-9247-91a9000b349b at term 1 for becomeLeader, leader elected after 5022ms
2019-07-13 19:34:42,916 INFO  server.RaftServerConfigKeys (ConfUtils.java:logGet(43)) - raft.server.staging.catchup.gap = 1000 (default)
2019-07-13 19:34:42,916 INFO  server.RaftServerConfigKeys (ConfUtils.java:logGet(43)) - raft.server.rpc.sleep.time = 25ms (default)
2019-07-13 19:34:42,916 INFO  server.RaftServerConfigKeys (ConfUtils.java:logGet(43)) - raft.server.write.element-limit = 4096 (default)
2019-07-13 19:34:42,916 INFO  server.RaftServerConfigKeys (ConfUtils.java:logGet(43)) - raft.server.watch.timeout = 10s (default)
2019-07-13 19:34:42,916 INFO  server.RaftServerConfigKeys (ConfUtils.java:logGet(43)) - raft.server.watch.timeout.denomination = 1s (default)
2019-07-13 19:34:42,916 INFO  server.RaftServerConfigKeys (ConfUtils.java:logGet(43)) - raft.server.watch.element-limit = 65536 (default)
2019-07-13 19:34:42,916 INFO  impl.RoleInfo (RoleInfo.java:updateAndGet(143)) - 9ec39fed-7e6a-428d-9247-91a9000b349b: start LeaderState
2019-07-13 19:34:42,917 INFO  segmented.SegmentedRaftLogWorker (SegmentedRaftLogWorker.java:startLogSegment(380)) - 9ec39fed-7e6a-428d-9247-91a9000b349b-SegmentedRaftLogWorker:Storage Directory /tmp/workdir/hadoop-ozone/integration-test/target/test-dir/MiniOzoneClusterImpl-31689132-182d-4293-ba12-b7210fe65700/datanode-6/data/ratis/75f49854-914e-4210-829d-d8961feed598: Starting segment from index:0
2019-07-13 19:34:42,917 INFO  impl.RaftServerImpl (ServerState.java:setRaftConf(361)) - 9ec39fed-7e6a-428d-9247-91a9000b349b:group-D8961FEED598 set configuration 0: [9ec39fed-7e6a-428d-9247-91a9000b349b:192.168.69.122:42037], old=null at 0
2019-07-13 19:34:42,959 INFO  segmented.SegmentedRaftLogWorker (SegmentedRaftLogWorker.java:execute(569)) - 9ec39fed-7e6a-428d-9247-91a9000b349b-SegmentedRaftLogWorker:Storage Directory /tmp/workdir/hadoop-ozone/integration-test/target/test-dir/MiniOzoneClusterImpl-31689132-182d-4293-ba12-b7210fe65700/datanode-6/data/ratis/75f49854-914e-4210-829d-d8961feed598: created new log segment /tmp/workdir/hadoop-ozone/integration-test/target/test-dir/MiniOzoneClusterImpl-31689132-182d-4293-ba12-b7210fe65700/datanode-6/data/ratis/75f49854-914e-4210-829d-d8961feed598/current/log_inprogress_0
2019-07-13 19:34:43,323 INFO  statemachine.DatanodeStateMachine (DatanodeStateMachine.java:lambda$startDaemon$0(350)) - Ozone container server started.
2019-07-13 19:34:43,387 WARN  server.GrpcLogAppender (LogUtils.java:warn(134)) - 3b7fc3d4-38ac-4cbc-ac5c-0a5ecb5eaa58->26f66dd9-c91a-486d-a992-f58b07c1a85c: Failed appendEntries: org.apache.ratis.thirdparty.io.grpc.StatusRuntimeException: UNAVAILABLE: io exception
2019-07-13 19:34:43,387 WARN  server.GrpcLogAppender (LogUtils.java:warn(134)) - 3b7fc3d4-38ac-4cbc-ac5c-0a5ecb5eaa58->12ebe1e8-f3b8-43be-a24e-312d113c4afa: Failed appendEntries: org.apache.ratis.thirdparty.io.grpc.StatusRuntimeException: UNAVAILABLE: io exception
2019-07-13 19:34:43,388 INFO  impl.FollowerInfo (FollowerInfo.java:lambda$new$0(50)) - 3b7fc3d4-38ac-4cbc-ac5c-0a5ecb5eaa58->26f66dd9-c91a-486d-a992-f58b07c1a85c: nextIndex: updateUnconditionally 0 -> 0
2019-07-13 19:34:43,388 INFO  impl.FollowerInfo (FollowerInfo.java:lambda$new$0(50)) - 3b7fc3d4-38ac-4cbc-ac5c-0a5ecb5eaa58->12ebe1e8-f3b8-43be-a24e-312d113c4afa: nextIndex: updateUnconditionally 0 -> 0
2019-07-13 19:34:44,501 WARN  server.GrpcLogAppender (LogUtils.java:warn(134)) - 5d1032ca-9147-4957-b503-39c877a962e7->00d91248-b81b-486b-9e32-e5c5f65edbd1: Failed appendEntries: org.apache.ratis.thirdparty.io.grpc.StatusRuntimeException: UNAVAILABLE: io exception
2019-07-13 19:34:44,501 WARN  server.GrpcLogAppender (LogUtils.java:warn(134)) - 5d1032ca-9147-4957-b503-39c877a962e7->60ce25f2-006c-4f2f-9804-0a3aa3878877: Failed appendEntries: org.apache.ratis.thirdparty.io.grpc.StatusRuntimeException: UNAVAILABLE: io exception
2019-07-13 19:34:44,502 INFO  impl.FollowerInfo (FollowerInfo.java:lambda$new$0(50)) - 5d1032ca-9147-4957-b503-39c877a962e7->00d91248-b81b-486b-9e32-e5c5f65edbd1: nextIndex: updateUnconditionally 0 -> 0
2019-07-13 19:34:44,502 INFO  impl.FollowerInfo (FollowerInfo.java:lambda$new$0(50)) - 5d1032ca-9147-4957-b503-39c877a962e7->60ce25f2-006c-4f2f-9804-0a3aa3878877: nextIndex: updateUnconditionally 0 -> 0
2019-07-13 19:34:45,888 WARN  server.GrpcLogAppender (LogUtils.java:warn(134)) - 3b7fc3d4-38ac-4cbc-ac5c-0a5ecb5eaa58->12ebe1e8-f3b8-43be-a24e-312d113c4afa: Failed appendEntries: org.apache.ratis.thirdparty.io.grpc.StatusRuntimeException: UNAVAILABLE: io exception
2019-07-13 19:34:45,888 WARN  server.GrpcLogAppender (LogUtils.java:warn(134)) - 3b7fc3d4-38ac-4cbc-ac5c-0a5ecb5eaa58->26f66dd9-c91a-486d-a992-f58b07c1a85c: Failed appendEntries: org.apache.ratis.thirdparty.io.grpc.StatusRuntimeException: UNAVAILABLE: io exception
2019-07-13 19:34:45,889 INFO  impl.FollowerInfo (FollowerInfo.java:lambda$new$0(50)) - 3b7fc3d4-38ac-4cbc-ac5c-0a5ecb5eaa58->12ebe1e8-f3b8-43be-a24e-312d113c4afa: nextIndex: updateUnconditionally 0 -> 0
2019-07-13 19:34:45,889 INFO  impl.FollowerInfo (FollowerInfo.java:lambda$new$0(50)) - 3b7fc3d4-38ac-4cbc-ac5c-0a5ecb5eaa58->26f66dd9-c91a-486d-a992-f58b07c1a85c: nextIndex: updateUnconditionally 0 -> 0
2019-07-13 19:34:47,002 WARN  server.GrpcLogAppender (LogUtils.java:warn(134)) - 5d1032ca-9147-4957-b503-39c877a962e7->60ce25f2-006c-4f2f-9804-0a3aa3878877: Failed appendEntries: org.apache.ratis.thirdparty.io.grpc.StatusRuntimeException: UNAVAILABLE: io exception
2019-07-13 19:34:47,002 WARN  server.GrpcLogAppender (LogUtils.java:warn(134)) - 5d1032ca-9147-4957-b503-39c877a962e7->00d91248-b81b-486b-9e32-e5c5f65edbd1: Failed appendEntries: org.apache.ratis.thirdparty.io.grpc.StatusRuntimeException: UNAVAILABLE: io exception
2019-07-13 19:34:47,003 INFO  impl.FollowerInfo (FollowerInfo.java:lambda$new$0(50)) - 5d1032ca-9147-4957-b503-39c877a962e7->60ce25f2-006c-4f2f-9804-0a3aa3878877: nextIndex: updateUnconditionally 0 -> 0
2019-07-13 19:34:47,003 INFO  impl.FollowerInfo (FollowerInfo.java:lambda$new$0(50)) - 5d1032ca-9147-4957-b503-39c877a962e7->00d91248-b81b-486b-9e32-e5c5f65edbd1: nextIndex: updateUnconditionally 0 -> 0
2019-07-13 19:34:47,366 INFO  ozoneimpl.OzoneContainer (OzoneContainer.java:stop(199)) - Attempting to stop container services.
2019-07-13 19:34:47,367 INFO  impl.RaftServerProxy (RaftServerProxy.java:lambda$close$4(314)) - 1daa7354-ec14-43de-8c96-793ad9842a69: close
2019-07-13 19:34:47,368 INFO  impl.RaftServerImpl (RaftServerImpl.java:lambda$shutdown$3(245)) - 1daa7354-ec14-43de-8c96-793ad9842a69: shutdown group-1BA250702FE8
2019-07-13 19:34:47,368 INFO  util.JmxRegister (JmxRegister.java:unregister(73)) - Successfully un-registered JMX Bean with object name Ratis:service=RaftServer,group=group-1BA250702FE8,id=1daa7354-ec14-43de-8c96-793ad9842a69
2019-07-13 19:34:47,369 INFO  impl.RoleInfo (RoleInfo.java:shutdownLeaderState(104)) - 1daa7354-ec14-43de-8c96-793ad9842a69: shutdown LeaderState
2019-07-13 19:34:47,369 INFO  impl.PendingRequests (PendingRequests.java:sendNotLeaderResponses(202)) - 1daa7354-ec14-43de-8c96-793ad9842a69-PendingRequests: sendNotLeaderResponses
2019-07-13 19:34:47,370 INFO  impl.StateMachineUpdater (StateMachineUpdater.java:stopAndJoin(115)) - StateMachineUpdater:1daa7354-ec14-43de-8c96-793ad9842a69:group-1BA250702FE8: set stopIndex = 0
2019-07-13 19:34:47,370 INFO  ratis.ContainerStateMachine (ContainerStateMachine.java:takeSnapshot(246)) - Taking snapshot at termIndex:(t:0, i:~)
2019-07-13 19:34:47,370 INFO  impl.RaftServerImpl (ServerState.java:close(394)) - 1daa7354-ec14-43de-8c96-793ad9842a69:group-1BA250702FE8 closes. The last applied log index is 0
2019-07-13 19:34:47,371 INFO  segmented.SegmentedRaftLogWorker (SegmentedRaftLogWorker.java:run(313)) - 1daa7354-ec14-43de-8c96-793ad9842a69-SegmentedRaftLogWorker:Storage Directory /tmp/workdir/hadoop-ozone/integration-test/target/test-dir/MiniOzoneClusterImpl-31689132-182d-4293-ba12-b7210fe65700/datanode-2/data/ratis/eac992af-df19-42dc-8730-1ba250702fe8 was interrupted, exiting. There are 0 tasks remaining in the queue.
2019-07-13 19:34:47,384 INFO  segmented.SegmentedRaftLogWorker (SegmentedRaftLogWorker.java:close(228)) - 1daa7354-ec14-43de-8c96-793ad9842a69-SegmentedRaftLogWorker:Storage Directory /tmp/workdir/hadoop-ozone/integration-test/target/test-dir/MiniOzoneClusterImpl-31689132-182d-4293-ba12-b7210fe65700/datanode-2/data/ratis/eac992af-df19-42dc-8730-1ba250702fe8 close()
2019-07-13 19:34:47,399 INFO  impl.RaftServerImpl (RaftServerImpl.java:lambda$shutdown$3(245)) - 1daa7354-ec14-43de-8c96-793ad9842a69: shutdown group-9708B97C4064
2019-07-13 19:34:47,400 INFO  util.JmxRegister (JmxRegister.java:unregister(73)) - Successfully un-registered JMX Bean with object name Ratis:service=RaftServer,group=group-9708B97C4064,id=1daa7354-ec14-43de-8c96-793ad9842a69
2019-07-13 19:34:47,400 INFO  impl.RoleInfo (RoleInfo.java:shutdownLeaderState(104)) - 1daa7354-ec14-43de-8c96-793ad9842a69: shutdown LeaderState
2019-07-13 19:34:47,413 WARN  server.GrpcLogAppender (GrpcLogAppender.java:mayWait(143)) - GrpcLogAppender(1daa7354-ec14-43de-8c96-793ad9842a69->e5966cd9-8e0e-4a26-b034-4f5f4cf31558): Wait interrupted by java.lang.InterruptedException
2019-07-13 19:34:47,413 INFO  impl.PendingRequests (PendingRequests.java:sendNotLeaderResponses(202)) - 1daa7354-ec14-43de-8c96-793ad9842a69-PendingRequests: sendNotLeaderResponses
2019-07-13 19:34:47,413 INFO  server.GrpcServerProtocolService (GrpcServerProtocolService.java:onCompleted(104)) - e5966cd9-8e0e-4a26-b034-4f5f4cf31558: appendEntries completed
2019-07-13 19:34:47,413 WARN  server.GrpcLogAppender (GrpcLogAppender.java:mayWait(143)) - GrpcLogAppender(1daa7354-ec14-43de-8c96-793ad9842a69->7e9551d0-ed7b-4574-b87c-8da4249d2309): Wait interrupted by java.lang.InterruptedException
2019-07-13 19:34:47,442 INFO  ratis.ContainerStateMachine (ContainerStateMachine.java:takeSnapshot(246)) - Taking snapshot at termIndex:(t:1, i:2)
2019-07-13 19:34:47,442 INFO  impl.StateMachineUpdater (StateMachineUpdater.java:stopAndJoin(115)) - StateMachineUpdater:1daa7354-ec14-43de-8c96-793ad9842a69:group-9708B97C4064: set stopIndex = 2
2019-07-13 19:34:47,448 INFO  server.GrpcLogAppender (GrpcLogAppender.java:onCompleted(292)) - 1daa7354-ec14-43de-8c96-793ad9842a69->e5966cd9-8e0e-4a26-b034-4f5f4cf31558: follower responses appendEntries COMPLETED
2019-07-13 19:34:47,448 INFO  server.GrpcServerProtocolService (GrpcServerProtocolService.java:onCompleted(104)) - 7e9551d0-ed7b-4574-b87c-8da4249d2309: appendEntries completed
2019-07-13 19:34:47,448 INFO  ratis.ContainerStateMachine (ContainerStateMachine.java:takeSnapshot(250)) - Taking a snapshot to file /tmp/workdir/hadoop-ozone/integration-test/target/test-dir/MiniOzoneClusterImpl-31689132-182d-4293-ba12-b7210fe65700/datanode-2/data/ratis/f8db319c-8816-44e5-b089-9708b97c4064/sm/snapshot.1_2
2019-07-13 19:34:47,448 INFO  impl.FollowerInfo (FollowerInfo.java:lambda$new$0(50)) - 1daa7354-ec14-43de-8c96-793ad9842a69->e5966cd9-8e0e-4a26-b034-4f5f4cf31558: nextIndex: updateUnconditionally 3 -> 2
2019-07-13 19:34:47,449 INFO  server.GrpcLogAppender (GrpcLogAppender.java:onCompleted(292)) - 1daa7354-ec14-43de-8c96-793ad9842a69->7e9551d0-ed7b-4574-b87c-8da4249d2309: follower responses appendEntries COMPLETED
2019-07-13 19:34:47,449 INFO  impl.StateMachineUpdater (StateMachineUpdater.java:takeSnapshot(242)) - StateMachineUpdater:1daa7354-ec14-43de-8c96-793ad9842a69:group-9708B97C4064: Took a snapshot at index 2
2019-07-13 19:34:47,449 INFO  impl.FollowerInfo (FollowerInfo.java:lambda$new$0(50)) - 1daa7354-ec14-43de-8c96-793ad9842a69->7e9551d0-ed7b-4574-b87c-8da4249d2309: nextIndex: updateUnconditionally 3 -> 2
2019-07-13 19:34:47,449 INFO  impl.StateMachineUpdater (StateMachineUpdater.java:lambda$new$0(80)) - StateMachineUpdater:1daa7354-ec14-43de-8c96-793ad9842a69:group-9708B97C4064: snapshotIndex: updateIncreasingly -1 -> 2
2019-07-13 19:34:47,450 INFO  impl.RaftServerImpl (ServerState.java:close(394)) - 1daa7354-ec14-43de-8c96-793ad9842a69:group-9708B97C4064 closes. The last applied log index is 2
2019-07-13 19:34:47,450 INFO  segmented.SegmentedRaftLogWorker (SegmentedRaftLogWorker.java:run(313)) - 1daa7354-ec14-43de-8c96-793ad9842a69-SegmentedRaftLogWorker:Storage Directory /tmp/workdir/hadoop-ozone/integration-test/target/test-dir/MiniOzoneClusterImpl-31689132-182d-4293-ba12-b7210fe65700/datanode-2/data/ratis/f8db319c-8816-44e5-b089-9708b97c4064 was interrupted, exiting. There are 0 tasks remaining in the queue.
2019-07-13 19:34:47,456 INFO  segmented.SegmentedRaftLogWorker (SegmentedRaftLogWorker.java:close(228)) - 1daa7354-ec14-43de-8c96-793ad9842a69-SegmentedRaftLogWorker:Storage Directory /tmp/workdir/hadoop-ozone/integration-test/target/test-dir/MiniOzoneClusterImpl-31689132-182d-4293-ba12-b7210fe65700/datanode-2/data/ratis/f8db319c-8816-44e5-b089-9708b97c4064 close()
2019-07-13 19:34:47,466 INFO  server.GrpcService (GrpcService.java:closeImpl(155)) - 1daa7354-ec14-43de-8c96-793ad9842a69: shutdown server with port 41610 now
2019-07-13 19:34:47,467 INFO  server.GrpcService (GrpcService.java:closeImpl(163)) - 1daa7354-ec14-43de-8c96-793ad9842a69: shutdown server with port 41610 successfully
2019-07-13 19:34:47,469 INFO  utils.BackgroundService (BackgroundService.java:shutdown(148)) - Shutting down service BlockDeletingService
2019-07-13 19:34:47,470 WARN  fs.CachingGetSpaceUsed (CachingGetSpaceUsed.java:run(183)) - Thread Interrupted waiting to refresh disk information: sleep interrupted
2019-07-13 19:34:47,502 INFO  statemachine.DatanodeStateMachine (DatanodeStateMachine.java:stopDaemon(395)) - Ozone container server stopped.
2019-07-13 19:34:47,503 INFO  handler.ContextHandler (ContextHandler.java:doStop(910)) - Stopped o.e.j.w.WebAppContext@4d7a4317{/,null,UNAVAILABLE}{/hddsDatanode}
2019-07-13 19:34:47,503 INFO  server.AbstractConnector (AbstractConnector.java:doStop(318)) - Stopped ServerConnector@5f1d270a{HTTP/1.1,[http/1.1]}{0.0.0.0:0}
2019-07-13 19:34:47,504 INFO  handler.ContextHandler (ContextHandler.java:doStop(910)) - Stopped o.e.j.s.ServletContextHandler@669ae205{/static,jar:file:/home/user/.m2/repository/org/apache/hadoop/hadoop-hdds-container-service/0.5.0-SNAPSHOT/hadoop-hdds-container-service-0.5.0-SNAPSHOT.jar!/webapps/static,UNAVAILABLE}
2019-07-13 19:34:47,504 INFO  handler.ContextHandler (ContextHandler.java:doStop(910)) - Stopped o.e.j.s.ServletContextHandler@289fff3c{/logs,file:///tmp/workdir/hadoop-ozone/integration-test/target/log,UNAVAILABLE}
2019-07-13 19:34:48,389 WARN  server.GrpcLogAppender (LogUtils.java:warn(134)) - 3b7fc3d4-38ac-4cbc-ac5c-0a5ecb5eaa58->26f66dd9-c91a-486d-a992-f58b07c1a85c: Failed appendEntries: org.apache.ratis.thirdparty.io.grpc.StatusRuntimeException: UNAVAILABLE: io exception
2019-07-13 19:34:48,389 WARN  server.GrpcLogAppender (LogUtils.java:warn(134)) - 3b7fc3d4-38ac-4cbc-ac5c-0a5ecb5eaa58->12ebe1e8-f3b8-43be-a24e-312d113c4afa: Failed appendEntries: org.apache.ratis.thirdparty.io.grpc.StatusRuntimeException: UNAVAILABLE: io exception
2019-07-13 19:34:48,389 INFO  impl.FollowerInfo (FollowerInfo.java:lambda$new$0(50)) - 3b7fc3d4-38ac-4cbc-ac5c-0a5ecb5eaa58->26f66dd9-c91a-486d-a992-f58b07c1a85c: nextIndex: updateUnconditionally 0 -> 0
2019-07-13 19:34:48,390 INFO  impl.FollowerInfo (FollowerInfo.java:lambda$new$0(50)) - 3b7fc3d4-38ac-4cbc-ac5c-0a5ecb5eaa58->12ebe1e8-f3b8-43be-a24e-312d113c4afa: nextIndex: updateUnconditionally 0 -> 0
2019-07-13 19:34:48,440 WARN  server.GrpcLogAppender (LogUtils.java:warn(134)) - 3b7fc3d4-38ac-4cbc-ac5c-0a5ecb5eaa58->12ebe1e8-f3b8-43be-a24e-312d113c4afa: Failed appendEntries: org.apache.ratis.thirdparty.io.grpc.StatusRuntimeException: UNAVAILABLE: io exception
2019-07-13 19:34:48,441 INFO  impl.FollowerInfo (FollowerInfo.java:lambda$new$0(50)) - 3b7fc3d4-38ac-4cbc-ac5c-0a5ecb5eaa58->12ebe1e8-f3b8-43be-a24e-312d113c4afa: nextIndex: updateUnconditionally 1 -> 0
2019-07-13 19:34:48,897 INFO  pipeline.PipelineActionHandler (PipelineActionHandler.java:onMessage(60)) - Received pipeline action CLOSE for Pipeline[ Id: bbe03c28-5e5f-4d4b-887b-c3563197b04f, Nodes: 12ebe1e8-f3b8-43be-a24e-312d113c4afa{ip: 192.168.69.122, host: trunk-nightly-fxqsz-774976932, networkLocation: /default-rack, certSerialId: null}26f66dd9-c91a-486d-a992-f58b07c1a85c{ip: 192.168.69.122, host: trunk-nightly-fxqsz-774976932, networkLocation: /default-rack, certSerialId: null}3b7fc3d4-38ac-4cbc-ac5c-0a5ecb5eaa58{ip: 192.168.69.122, host: trunk-nightly-fxqsz-774976932, networkLocation: /default-rack, certSerialId: null}, Type:RATIS, Factor:THREE, State:CLOSED] from datanode [}
2019-07-13 19:34:48,897 INFO  pipeline.SCMPipelineManager (SCMPipelineManager.java:finalizeAndDestroyPipeline(309)) - destroying pipeline:Pipeline[ Id: bbe03c28-5e5f-4d4b-887b-c3563197b04f, Nodes: 12ebe1e8-f3b8-43be-a24e-312d113c4afa{ip: 192.168.69.122, host: trunk-nightly-fxqsz-774976932, networkLocation: /default-rack, certSerialId: null}26f66dd9-c91a-486d-a992-f58b07c1a85c{ip: 192.168.69.122, host: trunk-nightly-fxqsz-774976932, networkLocation: /default-rack, certSerialId: null}3b7fc3d4-38ac-4cbc-ac5c-0a5ecb5eaa58{ip: 192.168.69.122, host: trunk-nightly-fxqsz-774976932, networkLocation: /default-rack, certSerialId: null}, Type:RATIS, Factor:THREE, State:CLOSED]
2019-07-13 19:34:49,488 INFO  node.StaleNodeHandler (StaleNodeHandler.java:onMessage(58)) - Datanode 60ce25f2-006c-4f2f-9804-0a3aa3878877{ip: 192.168.69.122, host: trunk-nightly-fxqsz-774976932, networkLocation: /default-rack, certSerialId: null} moved to stale state. Finalizing its pipelines [PipelineID=741f6ae0-b67a-4795-bb83-e26a0915b38b, PipelineID=b19cb88e-57b5-41a9-a6c1-064f8e595041]
2019-07-13 19:34:49,488 INFO  pipeline.SCMPipelineManager (SCMPipelineManager.java:finalizeAndDestroyPipeline(309)) - destroying pipeline:Pipeline[ Id: 741f6ae0-b67a-4795-bb83-e26a0915b38b, Nodes: 60ce25f2-006c-4f2f-9804-0a3aa3878877{ip: 192.168.69.122, host: trunk-nightly-fxqsz-774976932, networkLocation: /default-rack, certSerialId: null}, Type:RATIS, Factor:ONE, State:OPEN]
2019-07-13 19:34:49,488 INFO  pipeline.PipelineStateManager (PipelineStateManager.java:finalizePipeline(123)) - Pipeline Pipeline[ Id: 741f6ae0-b67a-4795-bb83-e26a0915b38b, Nodes: 60ce25f2-006c-4f2f-9804-0a3aa3878877{ip: 192.168.69.122, host: trunk-nightly-fxqsz-774976932, networkLocation: /default-rack, certSerialId: null}, Type:RATIS, Factor:ONE, State:CLOSED] moved to CLOSED state
2019-07-13 19:34:49,488 INFO  pipeline.SCMPipelineManager (SCMPipelineManager.java:finalizeAndDestroyPipeline(309)) - destroying pipeline:Pipeline[ Id: b19cb88e-57b5-41a9-a6c1-064f8e595041, Nodes: 60ce25f2-006c-4f2f-9804-0a3aa3878877{ip: 192.168.69.122, host: trunk-nightly-fxqsz-774976932, networkLocation: /default-rack, certSerialId: null}00d91248-b81b-486b-9e32-e5c5f65edbd1{ip: 192.168.69.122, host: trunk-nightly-fxqsz-774976932, networkLocation: /default-rack, certSerialId: null}5d1032ca-9147-4957-b503-39c877a962e7{ip: 192.168.69.122, host: trunk-nightly-fxqsz-774976932, networkLocation: /default-rack, certSerialId: null}, Type:RATIS, Factor:THREE, State:OPEN]
2019-07-13 19:34:49,488 INFO  pipeline.PipelineStateManager (PipelineStateManager.java:finalizePipeline(123)) - Pipeline Pipeline[ Id: b19cb88e-57b5-41a9-a6c1-064f8e595041, Nodes: 60ce25f2-006c-4f2f-9804-0a3aa3878877{ip: 192.168.69.122, host: trunk-nightly-fxqsz-774976932, networkLocation: /default-rack, certSerialId: null}00d91248-b81b-486b-9e32-e5c5f65edbd1{ip: 192.168.69.122, host: trunk-nightly-fxqsz-774976932, networkLocation: /default-rack, certSerialId: null}5d1032ca-9147-4957-b503-39c877a962e7{ip: 192.168.69.122, host: trunk-nightly-fxqsz-774976932, networkLocation: /default-rack, certSerialId: null}, Type:RATIS, Factor:THREE, State:CLOSED] moved to CLOSED state
2019-07-13 19:34:49,489 INFO  container.CloseContainerEventHandler (CloseContainerEventHandler.java:onMessage(61)) - Close container Event triggered for container : #1
2019-07-13 19:34:49,503 WARN  server.GrpcLogAppender (LogUtils.java:warn(134)) - 5d1032ca-9147-4957-b503-39c877a962e7->60ce25f2-006c-4f2f-9804-0a3aa3878877: Failed appendEntries: org.apache.ratis.thirdparty.io.grpc.StatusRuntimeException: UNAVAILABLE: io exception
2019-07-13 19:34:49,503 WARN  server.GrpcLogAppender (LogUtils.java:warn(134)) - 5d1032ca-9147-4957-b503-39c877a962e7->00d91248-b81b-486b-9e32-e5c5f65edbd1: Failed appendEntries: org.apache.ratis.thirdparty.io.grpc.StatusRuntimeException: UNAVAILABLE: io exception
2019-07-13 19:34:49,503 INFO  impl.FollowerInfo (FollowerInfo.java:lambda$new$0(50)) - 5d1032ca-9147-4957-b503-39c877a962e7->60ce25f2-006c-4f2f-9804-0a3aa3878877: nextIndex: updateUnconditionally 0 -> 0
2019-07-13 19:34:49,503 INFO  impl.FollowerInfo (FollowerInfo.java:lambda$new$0(50)) - 5d1032ca-9147-4957-b503-39c877a962e7->00d91248-b81b-486b-9e32-e5c5f65edbd1: nextIndex: updateUnconditionally 0 -> 0
2019-07-13 19:34:49,546 INFO  client.GrpcClientProtocolClient (GrpcClientProtocolClient.java:onNext(255)) - client-A366D73DD5FF->e5966cd9-8e0e-4a26-b034-4f5f4cf31558: receive RaftClientReply:client-A366D73DD5FF->e5966cd9-8e0e-4a26-b034-4f5f4cf31558@group-9708B97C4064, cid=107, FAILED org.apache.ratis.protocol.NotLeaderException: Server e5966cd9-8e0e-4a26-b034-4f5f4cf31558 is not the leader (1daa7354-ec14-43de-8c96-793ad9842a69:192.168.69.122:41610). Request must be sent to leader., logIndex=0, commits[e5966cd9-8e0e-4a26-b034-4f5f4cf31558:c2, 1daa7354-ec14-43de-8c96-793ad9842a69:c2, 7e9551d0-ed7b-4574-b87c-8da4249d2309:c2]
2019-07-13 19:34:50,600 INFO  client.GrpcClientProtocolClient (GrpcClientProtocolClient.java:onNext(255)) - client-A366D73DD5FF->e5966cd9-8e0e-4a26-b034-4f5f4cf31558: receive RaftClientReply:client-A366D73DD5FF->e5966cd9-8e0e-4a26-b034-4f5f4cf31558@group-9708B97C4064, cid=107, FAILED org.apache.ratis.protocol.NotLeaderException: Server e5966cd9-8e0e-4a26-b034-4f5f4cf31558 is not the leader (1daa7354-ec14-43de-8c96-793ad9842a69:192.168.69.122:41610). Request must be sent to leader., logIndex=0, commits[e5966cd9-8e0e-4a26-b034-4f5f4cf31558:c2, 1daa7354-ec14-43de-8c96-793ad9842a69:c2, 7e9551d0-ed7b-4574-b87c-8da4249d2309:c2]
2019-07-13 19:34:50,890 WARN  server.GrpcLogAppender (LogUtils.java:warn(134)) - 3b7fc3d4-38ac-4cbc-ac5c-0a5ecb5eaa58->26f66dd9-c91a-486d-a992-f58b07c1a85c: Failed appendEntries: org.apache.ratis.thirdparty.io.grpc.StatusRuntimeException: UNAVAILABLE: io exception
2019-07-13 19:34:50,890 INFO  impl.FollowerInfo (FollowerInfo.java:lambda$new$0(50)) - 3b7fc3d4-38ac-4cbc-ac5c-0a5ecb5eaa58->26f66dd9-c91a-486d-a992-f58b07c1a85c: nextIndex: updateUnconditionally 0 -> 0
2019-07-13 19:34:50,942 WARN  server.GrpcLogAppender (LogUtils.java:warn(134)) - 3b7fc3d4-38ac-4cbc-ac5c-0a5ecb5eaa58->12ebe1e8-f3b8-43be-a24e-312d113c4afa: Failed appendEntries: org.apache.ratis.thirdparty.io.grpc.StatusRuntimeException: UNAVAILABLE: io exception
2019-07-13 19:34:50,942 INFO  impl.FollowerInfo (FollowerInfo.java:lambda$new$0(50)) - 3b7fc3d4-38ac-4cbc-ac5c-0a5ecb5eaa58->12ebe1e8-f3b8-43be-a24e-312d113c4afa: nextIndex: updateUnconditionally 0 -> 0
2019-07-13 19:34:51,656 INFO  client.GrpcClientProtocolClient (GrpcClientProtocolClient.java:onNext(255)) - client-A366D73DD5FF->7e9551d0-ed7b-4574-b87c-8da4249d2309: receive RaftClientReply:client-A366D73DD5FF->7e9551d0-ed7b-4574-b87c-8da4249d2309@group-9708B97C4064, cid=107, FAILED org.apache.ratis.protocol.NotLeaderException: Server 7e9551d0-ed7b-4574-b87c-8da4249d2309 is not the leader (1daa7354-ec14-43de-8c96-793ad9842a69:192.168.69.122:41610). Request must be sent to leader., logIndex=0, commits[7e9551d0-ed7b-4574-b87c-8da4249d2309:c2, 1daa7354-ec14-43de-8c96-793ad9842a69:c2, e5966cd9-8e0e-4a26-b034-4f5f4cf31558:c2]
]]></system-out>
    <system-err><![CDATA[Jul 13, 2019 7:34:31 PM com.sun.jersey.server.impl.application.WebApplicationImpl _initiate
INFO: Initiating Jersey application, version 'Jersey: 1.19 02/11/2015 03:25 AM'
Jul 13, 2019 7:34:32 PM com.sun.jersey.server.impl.application.WebApplicationImpl _initiate
INFO: Initiating Jersey application, version 'Jersey: 1.19 02/11/2015 03:25 AM'
Jul 13, 2019 7:34:32 PM com.sun.jersey.server.impl.application.WebApplicationImpl _initiate
INFO: Initiating Jersey application, version 'Jersey: 1.19 02/11/2015 03:25 AM'
Jul 13, 2019 7:34:32 PM com.sun.jersey.server.impl.application.WebApplicationImpl _initiate
INFO: Initiating Jersey application, version 'Jersey: 1.19 02/11/2015 03:25 AM'
Jul 13, 2019 7:34:33 PM com.sun.jersey.server.impl.application.WebApplicationImpl _initiate
INFO: Initiating Jersey application, version 'Jersey: 1.19 02/11/2015 03:25 AM'
Jul 13, 2019 7:34:33 PM com.sun.jersey.server.impl.application.WebApplicationImpl _initiate
INFO: Initiating Jersey application, version 'Jersey: 1.19 02/11/2015 03:25 AM'
Jul 13, 2019 7:34:33 PM org.apache.ratis.thirdparty.io.grpc.internal.ManagedChannelOrphanWrapper$ManagedChannelReference cleanQueue
SEVERE: *~*~*~ Channel ManagedChannelImpl{logId=1402, target=192.168.69.122:39420} was not shutdown properly!!! ~*~*~*
    Make sure to call shutdown()/shutdownNow() and wait until awaitTermination() returns true.
java.lang.RuntimeException: ManagedChannel allocation site
	at org.apache.ratis.thirdparty.io.grpc.internal.ManagedChannelOrphanWrapper$ManagedChannelReference.<init>(ManagedChannelOrphanWrapper.java:103)
	at org.apache.ratis.thirdparty.io.grpc.internal.ManagedChannelOrphanWrapper.<init>(ManagedChannelOrphanWrapper.java:53)
	at org.apache.ratis.thirdparty.io.grpc.internal.ManagedChannelOrphanWrapper.<init>(ManagedChannelOrphanWrapper.java:44)
	at org.apache.ratis.thirdparty.io.grpc.internal.AbstractManagedChannelImplBuilder.build(AbstractManagedChannelImplBuilder.java:411)
	at org.apache.ratis.grpc.client.GrpcClientProtocolClient.<init>(GrpcClientProtocolClient.java:119)
	at org.apache.ratis.grpc.client.GrpcClientRpc.lambda$new$0(GrpcClientRpc.java:55)
	at org.apache.ratis.util.PeerProxyMap$PeerAndProxy.lambda$getProxy$0(PeerProxyMap.java:61)
	at org.apache.ratis.util.LifeCycle.startAndTransition(LifeCycle.java:202)
	at org.apache.ratis.util.PeerProxyMap$PeerAndProxy.getProxy(PeerProxyMap.java:60)
	at org.apache.ratis.util.PeerProxyMap.getProxy(PeerProxyMap.java:107)
	at org.apache.ratis.grpc.client.GrpcClientRpc.sendRequestAsync(GrpcClientRpc.java:66)
	at org.apache.ratis.client.impl.OrderedAsync.sendRequest(OrderedAsync.java:208)
	at org.apache.ratis.client.impl.OrderedAsync.sendRequestWithRetry(OrderedAsync.java:169)
	at org.apache.ratis.util.SlidingWindow$Client.sendOrDelayRequest(SlidingWindow.java:278)
	at org.apache.ratis.util.SlidingWindow$Client.retry(SlidingWindow.java:294)
	at org.apache.ratis.client.impl.OrderedAsync.lambda$scheduleWithTimeout$7(OrderedAsync.java:195)
	at org.apache.ratis.util.TimeoutScheduler.lambda$onTimeout$0(TimeoutScheduler.java:85)
	at org.apache.ratis.util.TimeoutScheduler.lambda$onTimeout$1(TimeoutScheduler.java:104)
	at org.apache.ratis.util.LogUtils.runAndLog(LogUtils.java:50)
	at org.apache.ratis.util.LogUtils$1.run(LogUtils.java:91)
	at java.util.concurrent.Executors$RunnableAdapter.call(Executors.java:511)
	at java.util.concurrent.FutureTask.run(FutureTask.java:266)
	at java.util.concurrent.ScheduledThreadPoolExecutor$ScheduledFutureTask.access$201(ScheduledThreadPoolExecutor.java:180)
	at java.util.concurrent.ScheduledThreadPoolExecutor$ScheduledFutureTask.run(ScheduledThreadPoolExecutor.java:293)
	at java.util.concurrent.ThreadPoolExecutor.runWorker(ThreadPoolExecutor.java:1149)
	at java.util.concurrent.ThreadPoolExecutor$Worker.run(ThreadPoolExecutor.java:624)
	at java.lang.Thread.run(Thread.java:748)

Jul 13, 2019 7:34:33 PM com.sun.jersey.server.impl.application.WebApplicationImpl _initiate
INFO: Initiating Jersey application, version 'Jersey: 1.19 02/11/2015 03:25 AM'
]]></system-err>
  </testcase>
</testsuite>