<?xml version="1.0" encoding="UTF-8"?>
<testsuite xmlns:xsi="http://www.w3.org/2001/XMLSchema-instance" xsi:noNamespaceSchemaLocation="https://maven.apache.org/surefire/maven-surefire-plugin/xsd/surefire-test-report.xsd" name="org.apache.hadoop.ozone.client.rpc.TestFailureHandlingByClient" time="170.769" tests="7" errors="2" skipped="0" failures="2">
  <properties>
    <property name="awt.toolkit" value="sun.awt.X11.XToolkit"/>
    <property name="file.encoding.pkg" value="sun.io"/>
    <property name="java.specification.version" value="1.8"/>
    <property name="sun.cpu.isalist" value=""/>
    <property name="sun.jnu.encoding" value="UTF-8"/>
    <property name="java.class.path" value="/tmp/workdir/hadoop-ozone/integration-test/target/test-classes:/tmp/workdir/hadoop-ozone/integration-test/target/classes:/home/user/.m2/repository/org/apache/hadoop/hadoop-ozone-common/0.5.0-SNAPSHOT/hadoop-ozone-common-0.5.0-SNAPSHOT.jar:/home/user/.m2/repository/org/apache/commons/commons-compress/1.4.1/commons-compress-1.4.1.jar:/home/user/.m2/repository/org/tukaani/xz/1.0/xz-1.0.jar:/home/user/.m2/repository/org/apache/hadoop/hadoop-common/3.2.0/hadoop-common-3.2.0.jar:/home/user/.m2/repository/org/apache/hadoop/hadoop-hdfs/3.2.0/hadoop-hdfs-3.2.0.jar:/home/user/.m2/repository/org/apache/hadoop/hadoop-hdfs-client/3.2.0/hadoop-hdfs-client-3.2.0.jar:/home/user/.m2/repository/com/fasterxml/jackson/core/jackson-annotations/2.9.5/jackson-annotations-2.9.5.jar:/home/user/.m2/repository/org/apache/hadoop/hadoop-hdds-common/0.5.0-SNAPSHOT/hadoop-hdds-common-0.5.0-SNAPSHOT.jar:/home/user/.m2/repository/javax/annotation/javax.annotation-api/1.2/javax.annotation-api-1.2.jar:/home/user/.m2/repository/org/apache/ratis/ratis-server/0.4.0-2337318-SNAPSHOT/ratis-server-0.4.0-2337318-SNAPSHOT.jar:/home/user/.m2/repository/org/apache/ratis/ratis-thirdparty-misc/0.2.0/ratis-thirdparty-misc-0.2.0.jar:/home/user/.m2/repository/org/apache/ratis/ratis-proto/0.4.0-2337318-SNAPSHOT/ratis-proto-0.4.0-2337318-SNAPSHOT.jar:/home/user/.m2/repository/org/apache/ratis/ratis-common/0.4.0-2337318-SNAPSHOT/ratis-common-0.4.0-2337318-SNAPSHOT.jar:/home/user/.m2/repository/org/apache/ratis/ratis-client/0.4.0-2337318-SNAPSHOT/ratis-client-0.4.0-2337318-SNAPSHOT.jar:/home/user/.m2/repository/org/apache/ratis/ratis-metrics/0.4.0-2337318-SNAPSHOT/ratis-metrics-0.4.0-2337318-SNAPSHOT.jar:/home/user/.m2/repository/org/apache/ratis/ratis-netty/0.4.0-2337318-SNAPSHOT/ratis-netty-0.4.0-2337318-SNAPSHOT.jar:/home/user/.m2/repository/org/apache/ratis/ratis-grpc/0.4.0-2337318-SNAPSHOT/ratis-grpc-0.4.0-2337318-SNAPSHOT.jar:/home/user/.m2/repository/org/rocksdb/rocksdbjni/6.0.1/rocksdbjni-6.0.1.jar:/home/user/.m2/repository/org/apache/logging/log4j/log4j-api/2.11.0/log4j-api-2.11.0.jar:/home/user/.m2/repository/org/apache/logging/log4j/log4j-core/2.11.0/log4j-core-2.11.0.jar:/home/user/.m2/repository/com/lmax/disruptor/3.4.2/disruptor-3.4.2.jar:/home/user/.m2/repository/org/apache/commons/commons-pool2/2.6.0/commons-pool2-2.6.0.jar:/home/user/.m2/repository/org/bouncycastle/bcpkix-jdk15on/1.60/bcpkix-jdk15on-1.60.jar:/home/user/.m2/repository/commons-validator/commons-validator/1.6/commons-validator-1.6.jar:/home/user/.m2/repository/commons-digester/commons-digester/1.8.1/commons-digester-1.8.1.jar:/home/user/.m2/repository/io/jaegertracing/jaeger-client/0.33.1/jaeger-client-0.33.1.jar:/home/user/.m2/repository/io/jaegertracing/jaeger-thrift/0.33.1/jaeger-thrift-0.33.1.jar:/home/user/.m2/repository/org/apache/thrift/libthrift/0.11.0/libthrift-0.11.0.jar:/home/user/.m2/repository/com/squareup/okhttp3/okhttp/3.9.0/okhttp-3.9.0.jar:/home/user/.m2/repository/com/squareup/okio/okio/1.13.0/okio-1.13.0.jar:/home/user/.m2/repository/io/jaegertracing/jaeger-core/0.33.1/jaeger-core-0.33.1.jar:/home/user/.m2/repository/io/jaegertracing/jaeger-tracerresolver/0.33.1/jaeger-tracerresolver-0.33.1.jar:/home/user/.m2/repository/io/opentracing/contrib/opentracing-tracerresolver/0.1.5/opentracing-tracerresolver-0.1.5.jar:/home/user/.m2/repository/io/opentracing/opentracing-util/0.31.0/opentracing-util-0.31.0.jar:/home/user/.m2/repository/io/opentracing/opentracing-api/0.31.0/opentracing-api-0.31.0.jar:/home/user/.m2/repository/io/opentracing/opentracing-noop/0.31.0/opentracing-noop-0.31.0.jar:/home/user/.m2/repository/org/apache/hadoop/hadoop-hdds-server-framework/0.5.0-SNAPSHOT/hadoop-hdds-server-framework-0.5.0-SNAPSHOT.jar:/home/user/.m2/repository/org/apache/hadoop/hadoop-hdds-container-service/0.5.0-SNAPSHOT/hadoop-hdds-container-service-0.5.0-SNAPSHOT.jar:/home/user/.m2/repository/org/apache/hadoop/hadoop-hdds-client/0.5.0-SNAPSHOT/hadoop-hdds-client-0.5.0-SNAPSHOT.jar:/home/user/.m2/repository/org/apache/hadoop/hadoop-hdds-tools/0.5.0-SNAPSHOT/hadoop-hdds-tools-0.5.0-SNAPSHOT.jar:/home/user/.m2/repository/org/apache/hadoop/hadoop-hdds-server-scm/0.5.0-SNAPSHOT/hadoop-hdds-server-scm-0.5.0-SNAPSHOT.jar:/home/user/.m2/repository/org/apache/hadoop/hadoop-hdds-docs/0.5.0-SNAPSHOT/hadoop-hdds-docs-0.5.0-SNAPSHOT.jar:/home/user/.m2/repository/io/dropwizard/metrics/metrics-core/3.2.4/metrics-core-3.2.4.jar:/home/user/.m2/repository/org/hamcrest/hamcrest-all/1.3/hamcrest-all-1.3.jar:/home/user/.m2/repository/org/bouncycastle/bcprov-jdk15on/1.60/bcprov-jdk15on-1.60.jar:/home/user/.m2/repository/info/picocli/picocli/3.9.6/picocli-3.9.6.jar:/home/user/.m2/repository/com/google/protobuf/protobuf-java/2.5.0/protobuf-java-2.5.0.jar:/home/user/.m2/repository/com/google/guava/guava/11.0.2/guava-11.0.2.jar:/home/user/.m2/repository/org/apache/hadoop/hadoop-ozone-ozone-manager/0.5.0-SNAPSHOT/hadoop-ozone-ozone-manager-0.5.0-SNAPSHOT.jar:/home/user/.m2/repository/org/apache/hadoop/hadoop-minikdc/3.2.0/hadoop-minikdc-3.2.0.jar:/home/user/.m2/repository/commons-io/commons-io/2.5/commons-io-2.5.jar:/home/user/.m2/repository/org/apache/kerby/kerb-simplekdc/1.0.1/kerb-simplekdc-1.0.1.jar:/home/user/.m2/repository/org/apache/kerby/kerb-client/1.0.1/kerb-client-1.0.1.jar:/home/user/.m2/repository/org/apache/kerby/kerby-config/1.0.1/kerby-config-1.0.1.jar:/home/user/.m2/repository/org/apache/kerby/kerb-core/1.0.1/kerb-core-1.0.1.jar:/home/user/.m2/repository/org/apache/kerby/kerby-pkix/1.0.1/kerby-pkix-1.0.1.jar:/home/user/.m2/repository/org/apache/kerby/kerby-asn1/1.0.1/kerby-asn1-1.0.1.jar:/home/user/.m2/repository/org/apache/kerby/kerby-util/1.0.1/kerby-util-1.0.1.jar:/home/user/.m2/repository/org/apache/kerby/kerb-common/1.0.1/kerb-common-1.0.1.jar:/home/user/.m2/repository/org/apache/kerby/kerb-crypto/1.0.1/kerb-crypto-1.0.1.jar:/home/user/.m2/repository/org/apache/kerby/kerb-util/1.0.1/kerb-util-1.0.1.jar:/home/user/.m2/repository/org/apache/kerby/token-provider/1.0.1/token-provider-1.0.1.jar:/home/user/.m2/repository/org/apache/kerby/kerb-admin/1.0.1/kerb-admin-1.0.1.jar:/home/user/.m2/repository/org/apache/kerby/kerb-server/1.0.1/kerb-server-1.0.1.jar:/home/user/.m2/repository/org/apache/kerby/kerb-identity/1.0.1/kerb-identity-1.0.1.jar:/home/user/.m2/repository/org/apache/kerby/kerby-xdr/1.0.1/kerby-xdr-1.0.1.jar:/home/user/.m2/repository/org/slf4j/slf4j-log4j12/1.7.25/slf4j-log4j12-1.7.25.jar:/home/user/.m2/repository/org/apache/hadoop/hadoop-ozone-objectstore-service/0.5.0-SNAPSHOT/hadoop-ozone-objectstore-service-0.5.0-SNAPSHOT.jar:/home/user/.m2/repository/org/apache/hadoop/hadoop-ozone-s3gateway/0.5.0-SNAPSHOT/hadoop-ozone-s3gateway-0.5.0-SNAPSHOT.jar:/home/user/.m2/repository/org/jboss/weld/servlet/weld-servlet/2.4.7.Final/weld-servlet-2.4.7.Final.jar:/home/user/.m2/repository/org/glassfish/jersey/containers/jersey-container-servlet-core/2.27/jersey-container-servlet-core-2.27.jar:/home/user/.m2/repository/org/glassfish/hk2/external/javax.inject/2.5.0-b42/javax.inject-2.5.0-b42.jar:/home/user/.m2/repository/org/glassfish/jersey/core/jersey-common/2.27/jersey-common-2.27.jar:/home/user/.m2/repository/org/glassfish/hk2/osgi-resource-locator/1.0.1/osgi-resource-locator-1.0.1.jar:/home/user/.m2/repository/javax/ws/rs/javax.ws.rs-api/2.1/javax.ws.rs-api-2.1.jar:/home/user/.m2/repository/org/glassfish/jersey/ext/cdi/jersey-cdi1x/2.27/jersey-cdi1x-2.27.jar:/home/user/.m2/repository/org/glassfish/jersey/inject/jersey-hk2/2.27/jersey-hk2-2.27.jar:/home/user/.m2/repository/org/glassfish/hk2/hk2-locator/2.5.0-b42/hk2-locator-2.5.0-b42.jar:/home/user/.m2/repository/org/javassist/javassist/3.22.0-CR2/javassist-3.22.0-CR2.jar:/home/user/.m2/repository/org/glassfish/hk2/hk2-api/2.5.0/hk2-api-2.5.0.jar:/home/user/.m2/repository/org/glassfish/hk2/external/jakarta.inject/2.5.0/jakarta.inject-2.5.0.jar:/home/user/.m2/repository/org/glassfish/hk2/hk2-utils/2.5.0/hk2-utils-2.5.0.jar:/home/user/.m2/repository/jakarta/annotation/jakarta.annotation-api/1.3.4/jakarta.annotation-api-1.3.4.jar:/home/user/.m2/repository/org/glassfish/hk2/external/aopalliance-repackaged/2.5.0/aopalliance-repackaged-2.5.0.jar:/home/user/.m2/repository/com/fasterxml/jackson/dataformat/jackson-dataformat-xml/2.9.0/jackson-dataformat-xml-2.9.0.jar:/home/user/.m2/repository/com/fasterxml/jackson/core/jackson-core/2.9.5/jackson-core-2.9.5.jar:/home/user/.m2/repository/com/fasterxml/jackson/module/jackson-module-jaxb-annotations/2.9.5/jackson-module-jaxb-annotations-2.9.5.jar:/home/user/.m2/repository/javax/enterprise/cdi-api/1.2/cdi-api-1.2.jar:/home/user/.m2/repository/javax/el/javax.el-api/3.0.0/javax.el-api-3.0.0.jar:/home/user/.m2/repository/javax/interceptor/javax.interceptor-api/1.2/javax.interceptor-api-1.2.jar:/home/user/.m2/repository/javax/inject/javax.inject/1/javax.inject-1.jar:/home/user/.m2/repository/com/sun/xml/bind/jaxb-impl/2.3.0.1/jaxb-impl-2.3.0.1.jar:/home/user/.m2/repository/com/sun/xml/bind/jaxb-core/2.3.0.1/jaxb-core-2.3.0.1.jar:/home/user/.m2/repository/javax/xml/bind/jaxb-api/2.3.0/jaxb-api-2.3.0.jar:/home/user/.m2/repository/javax/activation/activation/1.1.1/activation-1.1.1.jar:/home/user/.m2/repository/org/apache/hadoop/hadoop-ozone-csi/0.5.0-SNAPSHOT/hadoop-ozone-csi-0.5.0-SNAPSHOT.jar:/home/user/.m2/repository/com/google/protobuf/protobuf-java-util/3.5.1/protobuf-java-util-3.5.1.jar:/home/user/.m2/repository/org/apache/hadoop/hadoop-hdds-config/0.5.0-SNAPSHOT/hadoop-hdds-config-0.5.0-SNAPSHOT.jar:/home/user/.m2/repository/io/grpc/grpc-netty/1.17.1/grpc-netty-1.17.1.jar:/home/user/.m2/repository/io/grpc/grpc-core/1.17.1/grpc-core-1.17.1.jar:/home/user/.m2/repository/io/grpc/grpc-context/1.17.1/grpc-context-1.17.1.jar:/home/user/.m2/repository/com/google/errorprone/error_prone_annotations/2.2.0/error_prone_annotations-2.2.0.jar:/home/user/.m2/repository/org/codehaus/mojo/animal-sniffer-annotations/1.17/animal-sniffer-annotations-1.17.jar:/home/user/.m2/repository/io/opencensus/opencensus-api/0.17.0/opencensus-api-0.17.0.jar:/home/user/.m2/repository/io/opencensus/opencensus-contrib-grpc-metrics/0.17.0/opencensus-contrib-grpc-metrics-0.17.0.jar:/home/user/.m2/repository/io/netty/netty-codec-http2/4.1.30.Final/netty-codec-http2-4.1.30.Final.jar:/home/user/.m2/repository/io/netty/netty-codec-http/4.1.30.Final/netty-codec-http-4.1.30.Final.jar:/home/user/.m2/repository/io/netty/netty-codec/4.1.30.Final/netty-codec-4.1.30.Final.jar:/home/user/.m2/repository/io/netty/netty-handler/4.1.30.Final/netty-handler-4.1.30.Final.jar:/home/user/.m2/repository/io/netty/netty-handler-proxy/4.1.30.Final/netty-handler-proxy-4.1.30.Final.jar:/home/user/.m2/repository/io/netty/netty-codec-socks/4.1.30.Final/netty-codec-socks-4.1.30.Final.jar:/home/user/.m2/repository/io/netty/netty-transport-native-epoll/4.1.30.Final/netty-transport-native-epoll-4.1.30.Final.jar:/home/user/.m2/repository/io/netty/netty-common/4.1.30.Final/netty-common-4.1.30.Final.jar:/home/user/.m2/repository/io/netty/netty-buffer/4.1.30.Final/netty-buffer-4.1.30.Final.jar:/home/user/.m2/repository/io/netty/netty-transport/4.1.30.Final/netty-transport-4.1.30.Final.jar:/home/user/.m2/repository/io/netty/netty-resolver/4.1.30.Final/netty-resolver-4.1.30.Final.jar:/home/user/.m2/repository/io/netty/netty-transport-native-unix-common/4.1.30.Final/netty-transport-native-unix-common-4.1.30.Final.jar:/home/user/.m2/repository/io/grpc/grpc-protobuf/1.17.1/grpc-protobuf-1.17.1.jar:/home/user/.m2/repository/com/google/api/grpc/proto-google-common-protos/1.0.0/proto-google-common-protos-1.0.0.jar:/home/user/.m2/repository/io/grpc/grpc-protobuf-lite/1.17.1/grpc-protobuf-lite-1.17.1.jar:/home/user/.m2/repository/io/grpc/grpc-stub/1.17.1/grpc-stub-1.17.1.jar:/home/user/.m2/repository/org/apache/hadoop/hadoop-ozone-recon/0.5.0-SNAPSHOT/hadoop-ozone-recon-0.5.0-SNAPSHOT.jar:/home/user/.m2/repository/org/apache/hadoop/hadoop-ozone-reconcodegen/0.5.0-SNAPSHOT/hadoop-ozone-reconcodegen-0.5.0-SNAPSHOT.jar:/home/user/.m2/repository/com/google/inject/extensions/guice-multibindings/4.0/guice-multibindings-4.0.jar:/home/user/.m2/repository/com/google/inject/guice/4.0/guice-4.0.jar:/home/user/.m2/repository/aopalliance/aopalliance/1.0/aopalliance-1.0.jar:/home/user/.m2/repository/com/google/inject/extensions/guice-servlet/4.0/guice-servlet-4.0.jar:/home/user/.m2/repository/org/glassfish/jersey/containers/jersey-container-servlet/2.27/jersey-container-servlet-2.27.jar:/home/user/.m2/repository/org/glassfish/hk2/guice-bridge/2.5.0/guice-bridge-2.5.0.jar:/home/user/.m2/repository/org/glassfish/jersey/core/jersey-server/2.27/jersey-server-2.27.jar:/home/user/.m2/repository/org/glassfish/jersey/core/jersey-client/2.27/jersey-client-2.27.jar:/home/user/.m2/repository/org/glassfish/jersey/media/jersey-media-jaxb/2.27/jersey-media-jaxb-2.27.jar:/home/user/.m2/repository/javax/validation/validation-api/1.1.0.Final/validation-api-1.1.0.Final.jar:/home/user/.m2/repository/org/glassfish/jersey/media/jersey-media-json-jackson/2.27/jersey-media-json-jackson-2.27.jar:/home/user/.m2/repository/org/glassfish/jersey/ext/jersey-entity-filtering/2.27/jersey-entity-filtering-2.27.jar:/home/user/.m2/repository/com/google/inject/extensions/guice-assistedinject/4.0/guice-assistedinject-4.0.jar:/home/user/.m2/repository/org/jooq/jooq/3.11.10/jooq-3.11.10.jar:/home/user/.m2/repository/org/jooq/jooq-meta/3.11.10/jooq-meta-3.11.10.jar:/home/user/.m2/repository/org/jooq/jooq-codegen/3.11.10/jooq-codegen-3.11.10.jar:/home/user/.m2/repository/com/jolbox/bonecp/0.8.0.RELEASE/bonecp-0.8.0.RELEASE.jar:/home/user/.m2/repository/org/xerial/sqlite-jdbc/3.25.2/sqlite-jdbc-3.25.2.jar:/home/user/.m2/repository/org/springframework/spring-jdbc/5.1.3.RELEASE/spring-jdbc-5.1.3.RELEASE.jar:/home/user/.m2/repository/org/springframework/spring-beans/5.1.3.RELEASE/spring-beans-5.1.3.RELEASE.jar:/home/user/.m2/repository/org/springframework/spring-core/5.1.3.RELEASE/spring-core-5.1.3.RELEASE.jar:/home/user/.m2/repository/org/springframework/spring-jcl/5.1.3.RELEASE/spring-jcl-5.1.3.RELEASE.jar:/home/user/.m2/repository/org/springframework/spring-tx/5.1.3.RELEASE/spring-tx-5.1.3.RELEASE.jar:/home/user/.m2/repository/org/apache/hadoop/hadoop-ozone-client/0.5.0-SNAPSHOT/hadoop-ozone-client-0.5.0-SNAPSHOT.jar:/home/user/.m2/repository/commons-lang/commons-lang/2.6/commons-lang-2.6.jar:/home/user/.m2/repository/org/apache/hadoop/hadoop-ozone-ozone-manager/0.5.0-SNAPSHOT/hadoop-ozone-ozone-manager-0.5.0-SNAPSHOT-tests.jar:/home/user/.m2/repository/junit/junit/4.11/junit-4.11.jar:/home/user/.m2/repository/org/hamcrest/hamcrest-core/1.3/hamcrest-core-1.3.jar:/home/user/.m2/repository/org/openjdk/jmh/jmh-core/1.19/jmh-core-1.19.jar:/home/user/.m2/repository/net/sf/jopt-simple/jopt-simple/4.6/jopt-simple-4.6.jar:/home/user/.m2/repository/org/apache/commons/commons-math3/3.1.1/commons-math3-3.1.1.jar:/home/user/.m2/repository/org/openjdk/jmh/jmh-generator-annprocess/1.19/jmh-generator-annprocess-1.19.jar:/home/user/.m2/repository/org/mockito/mockito-all/1.8.5/mockito-all-1.8.5.jar:/home/user/.m2/repository/org/apache/hadoop/hadoop-kms/3.2.0/hadoop-kms-3.2.0.jar:/home/user/.m2/repository/org/apache/hadoop/hadoop-auth/3.2.0/hadoop-auth-3.2.0.jar:/home/user/.m2/repository/com/nimbusds/nimbus-jose-jwt/4.41.1/nimbus-jose-jwt-4.41.1.jar:/home/user/.m2/repository/com/github/stephenc/jcip/jcip-annotations/1.0-1/jcip-annotations-1.0-1.jar:/home/user/.m2/repository/net/minidev/json-smart/2.3/json-smart-2.3.jar:/home/user/.m2/repository/net/minidev/accessors-smart/1.2/accessors-smart-1.2.jar:/home/user/.m2/repository/org/ow2/asm/asm/5.0.4/asm-5.0.4.jar:/home/user/.m2/repository/org/apache/curator/curator-framework/2.12.0/curator-framework-2.12.0.jar:/home/user/.m2/repository/com/sun/jersey/jersey-core/1.19/jersey-core-1.19.jar:/home/user/.m2/repository/javax/ws/rs/jsr311-api/1.1.1/jsr311-api-1.1.1.jar:/home/user/.m2/repository/com/sun/jersey/jersey-server/1.19/jersey-server-1.19.jar:/home/user/.m2/repository/javax/servlet/javax.servlet-api/3.1.0/javax.servlet-api-3.1.0.jar:/home/user/.m2/repository/org/eclipse/jetty/jetty-server/9.3.24.v20180605/jetty-server-9.3.24.v20180605.jar:/home/user/.m2/repository/org/eclipse/jetty/jetty-http/9.3.24.v20180605/jetty-http-9.3.24.v20180605.jar:/home/user/.m2/repository/org/eclipse/jetty/jetty-io/9.3.24.v20180605/jetty-io-9.3.24.v20180605.jar:/home/user/.m2/repository/org/eclipse/jetty/jetty-webapp/9.3.24.v20180605/jetty-webapp-9.3.24.v20180605.jar:/home/user/.m2/repository/org/eclipse/jetty/jetty-xml/9.3.24.v20180605/jetty-xml-9.3.24.v20180605.jar:/home/user/.m2/repository/log4j/log4j/1.2.17/log4j-1.2.17.jar:/home/user/.m2/repository/org/slf4j/slf4j-api/1.7.25/slf4j-api-1.7.25.jar:/home/user/.m2/repository/org/slf4j/jul-to-slf4j/1.7.25/jul-to-slf4j-1.7.25.jar:/home/user/.m2/repository/org/eclipse/jetty/jetty-util/9.3.24.v20180605/jetty-util-9.3.24.v20180605.jar:/home/user/.m2/repository/com/fasterxml/jackson/core/jackson-databind/2.9.5/jackson-databind-2.9.5.jar:/home/user/.m2/repository/org/apache/hadoop/hadoop-kms/3.2.0/hadoop-kms-3.2.0-tests.jar:/home/user/.m2/repository/org/apache/hadoop/hadoop-hdds-server-scm/0.5.0-SNAPSHOT/hadoop-hdds-server-scm-0.5.0-SNAPSHOT-tests.jar:/home/user/.m2/repository/org/apache/hadoop/hadoop-hdds-container-service/0.5.0-SNAPSHOT/hadoop-hdds-container-service-0.5.0-SNAPSHOT-tests.jar:/home/user/.m2/repository/org/yaml/snakeyaml/1.16/snakeyaml-1.16.jar:/home/user/.m2/repository/org/apache/hadoop/hadoop-common/3.2.0/hadoop-common-3.2.0-tests.jar:/home/user/.m2/repository/org/apache/hadoop/hadoop-annotations/3.2.0/hadoop-annotations-3.2.0.jar:/usr/lib/jvm/java-1.8-openjdk/jre/../lib/tools.jar:/home/user/.m2/repository/commons-cli/commons-cli/1.2/commons-cli-1.2.jar:/home/user/.m2/repository/org/apache/httpcomponents/httpclient/4.5.2/httpclient-4.5.2.jar:/home/user/.m2/repository/org/apache/httpcomponents/httpcore/4.4.4/httpcore-4.4.4.jar:/home/user/.m2/repository/commons-codec/commons-codec/1.11/commons-codec-1.11.jar:/home/user/.m2/repository/commons-net/commons-net/3.6/commons-net-3.6.jar:/home/user/.m2/repository/commons-collections/commons-collections/3.2.2/commons-collections-3.2.2.jar:/home/user/.m2/repository/org/eclipse/jetty/jetty-servlet/9.3.24.v20180605/jetty-servlet-9.3.24.v20180605.jar:/home/user/.m2/repository/org/eclipse/jetty/jetty-security/9.3.24.v20180605/jetty-security-9.3.24.v20180605.jar:/home/user/.m2/repository/javax/servlet/jsp/jsp-api/2.1/jsp-api-2.1.jar:/home/user/.m2/repository/com/sun/jersey/jersey-servlet/1.19/jersey-servlet-1.19.jar:/home/user/.m2/repository/com/sun/jersey/jersey-json/1.19/jersey-json-1.19.jar:/home/user/.m2/repository/org/codehaus/jettison/jettison/1.1/jettison-1.1.jar:/home/user/.m2/repository/org/codehaus/jackson/jackson-core-asl/1.9.13/jackson-core-asl-1.9.13.jar:/home/user/.m2/repository/org/codehaus/jackson/jackson-mapper-asl/1.9.13/jackson-mapper-asl-1.9.13.jar:/home/user/.m2/repository/org/codehaus/jackson/jackson-jaxrs/1.9.13/jackson-jaxrs-1.9.13.jar:/home/user/.m2/repository/org/codehaus/jackson/jackson-xc/1.9.13/jackson-xc-1.9.13.jar:/home/user/.m2/repository/commons-logging/commons-logging/1.1.3/commons-logging-1.1.3.jar:/home/user/.m2/repository/commons-beanutils/commons-beanutils/1.9.3/commons-beanutils-1.9.3.jar:/home/user/.m2/repository/org/apache/commons/commons-configuration2/2.1.1/commons-configuration2-2.1.1.jar:/home/user/.m2/repository/org/apache/commons/commons-lang3/3.7/commons-lang3-3.7.jar:/home/user/.m2/repository/org/apache/commons/commons-text/1.4/commons-text-1.4.jar:/home/user/.m2/repository/org/apache/avro/avro/1.7.7/avro-1.7.7.jar:/home/user/.m2/repository/com/thoughtworks/paranamer/paranamer/2.3/paranamer-2.3.jar:/home/user/.m2/repository/org/xerial/snappy/snappy-java/1.0.5/snappy-java-1.0.5.jar:/home/user/.m2/repository/com/google/re2j/re2j/1.1/re2j-1.1.jar:/home/user/.m2/repository/com/google/code/gson/gson/2.2.4/gson-2.2.4.jar:/home/user/.m2/repository/com/jcraft/jsch/0.1.54/jsch-0.1.54.jar:/home/user/.m2/repository/org/apache/curator/curator-client/2.12.0/curator-client-2.12.0.jar:/home/user/.m2/repository/org/apache/curator/curator-recipes/2.12.0/curator-recipes-2.12.0.jar:/home/user/.m2/repository/com/google/code/findbugs/jsr305/3.0.0/jsr305-3.0.0.jar:/home/user/.m2/repository/org/apache/htrace/htrace-core4/4.1.0-incubating/htrace-core4-4.1.0-incubating.jar:/home/user/.m2/repository/org/apache/zookeeper/zookeeper/3.4.13/zookeeper-3.4.13.jar:/home/user/.m2/repository/org/apache/yetus/audience-annotations/0.5.0/audience-annotations-0.5.0.jar:/home/user/.m2/repository/org/codehaus/woodstox/stax2-api/3.1.4/stax2-api-3.1.4.jar:/home/user/.m2/repository/com/fasterxml/woodstox/woodstox-core/5.0.3/woodstox-core-5.0.3.jar:/home/user/.m2/repository/dnsjava/dnsjava/2.1.7/dnsjava-2.1.7.jar:/home/user/.m2/repository/org/apache/hadoop/hadoop-hdfs/3.2.0/hadoop-hdfs-3.2.0-tests.jar:/home/user/.m2/repository/org/eclipse/jetty/jetty-util-ajax/9.3.24.v20180605/jetty-util-ajax-9.3.24.v20180605.jar:/home/user/.m2/repository/commons-daemon/commons-daemon/1.0.13/commons-daemon-1.0.13.jar:/home/user/.m2/repository/io/netty/netty/3.10.5.Final/netty-3.10.5.Final.jar:/home/user/.m2/repository/io/netty/netty-all/4.0.52.Final/netty-all-4.0.52.Final.jar:/home/user/.m2/repository/org/fusesource/leveldbjni/leveldbjni-all/1.8/leveldbjni-all-1.8.jar:"/>
    <property name="java.vm.vendor" value="IcedTea"/>
    <property name="sun.arch.data.model" value="64"/>
    <property name="test.build.dir" value="/tmp/workdir/hadoop-ozone/integration-test/target/test-dir"/>
    <property name="test.cache.data" value=""/>
    <property name="java.vendor.url" value="https://icedtea.classpath.org"/>
    <property name="user.timezone" value=""/>
    <property name="java.vm.specification.version" value="1.8"/>
    <property name="os.name" value="Linux"/>
    <property name="test.build.data" value="/tmp/workdir/hadoop-ozone/integration-test/target/test-dir"/>
    <property name="user.country" value="US"/>
    <property name="sun.java.launcher" value="SUN_STANDARD"/>
    <property name="sun.boot.library.path" value="/usr/lib/jvm/java-1.8-openjdk/jre/lib/amd64"/>
    <property name="sun.java.command" value="/tmp/workdir/hadoop-ozone/integration-test/target/surefire/surefirebooter6218280545670282788.jar /tmp/workdir/hadoop-ozone/integration-test/target/surefire 2019-07-13T18-10-45_123-jvmRun1 surefire4538306505486227916tmp surefire_654523671382316465349tmp"/>
    <property name="surefire.test.class.path" value="/tmp/workdir/hadoop-ozone/integration-test/target/test-classes:/tmp/workdir/hadoop-ozone/integration-test/target/classes:/home/user/.m2/repository/org/apache/hadoop/hadoop-ozone-common/0.5.0-SNAPSHOT/hadoop-ozone-common-0.5.0-SNAPSHOT.jar:/home/user/.m2/repository/org/apache/commons/commons-compress/1.4.1/commons-compress-1.4.1.jar:/home/user/.m2/repository/org/tukaani/xz/1.0/xz-1.0.jar:/home/user/.m2/repository/org/apache/hadoop/hadoop-common/3.2.0/hadoop-common-3.2.0.jar:/home/user/.m2/repository/org/apache/hadoop/hadoop-hdfs/3.2.0/hadoop-hdfs-3.2.0.jar:/home/user/.m2/repository/org/apache/hadoop/hadoop-hdfs-client/3.2.0/hadoop-hdfs-client-3.2.0.jar:/home/user/.m2/repository/com/fasterxml/jackson/core/jackson-annotations/2.9.5/jackson-annotations-2.9.5.jar:/home/user/.m2/repository/org/apache/hadoop/hadoop-hdds-common/0.5.0-SNAPSHOT/hadoop-hdds-common-0.5.0-SNAPSHOT.jar:/home/user/.m2/repository/javax/annotation/javax.annotation-api/1.2/javax.annotation-api-1.2.jar:/home/user/.m2/repository/org/apache/ratis/ratis-server/0.4.0-2337318-SNAPSHOT/ratis-server-0.4.0-2337318-SNAPSHOT.jar:/home/user/.m2/repository/org/apache/ratis/ratis-thirdparty-misc/0.2.0/ratis-thirdparty-misc-0.2.0.jar:/home/user/.m2/repository/org/apache/ratis/ratis-proto/0.4.0-2337318-SNAPSHOT/ratis-proto-0.4.0-2337318-SNAPSHOT.jar:/home/user/.m2/repository/org/apache/ratis/ratis-common/0.4.0-2337318-SNAPSHOT/ratis-common-0.4.0-2337318-SNAPSHOT.jar:/home/user/.m2/repository/org/apache/ratis/ratis-client/0.4.0-2337318-SNAPSHOT/ratis-client-0.4.0-2337318-SNAPSHOT.jar:/home/user/.m2/repository/org/apache/ratis/ratis-metrics/0.4.0-2337318-SNAPSHOT/ratis-metrics-0.4.0-2337318-SNAPSHOT.jar:/home/user/.m2/repository/org/apache/ratis/ratis-netty/0.4.0-2337318-SNAPSHOT/ratis-netty-0.4.0-2337318-SNAPSHOT.jar:/home/user/.m2/repository/org/apache/ratis/ratis-grpc/0.4.0-2337318-SNAPSHOT/ratis-grpc-0.4.0-2337318-SNAPSHOT.jar:/home/user/.m2/repository/org/rocksdb/rocksdbjni/6.0.1/rocksdbjni-6.0.1.jar:/home/user/.m2/repository/org/apache/logging/log4j/log4j-api/2.11.0/log4j-api-2.11.0.jar:/home/user/.m2/repository/org/apache/logging/log4j/log4j-core/2.11.0/log4j-core-2.11.0.jar:/home/user/.m2/repository/com/lmax/disruptor/3.4.2/disruptor-3.4.2.jar:/home/user/.m2/repository/org/apache/commons/commons-pool2/2.6.0/commons-pool2-2.6.0.jar:/home/user/.m2/repository/org/bouncycastle/bcpkix-jdk15on/1.60/bcpkix-jdk15on-1.60.jar:/home/user/.m2/repository/commons-validator/commons-validator/1.6/commons-validator-1.6.jar:/home/user/.m2/repository/commons-digester/commons-digester/1.8.1/commons-digester-1.8.1.jar:/home/user/.m2/repository/io/jaegertracing/jaeger-client/0.33.1/jaeger-client-0.33.1.jar:/home/user/.m2/repository/io/jaegertracing/jaeger-thrift/0.33.1/jaeger-thrift-0.33.1.jar:/home/user/.m2/repository/org/apache/thrift/libthrift/0.11.0/libthrift-0.11.0.jar:/home/user/.m2/repository/com/squareup/okhttp3/okhttp/3.9.0/okhttp-3.9.0.jar:/home/user/.m2/repository/com/squareup/okio/okio/1.13.0/okio-1.13.0.jar:/home/user/.m2/repository/io/jaegertracing/jaeger-core/0.33.1/jaeger-core-0.33.1.jar:/home/user/.m2/repository/io/jaegertracing/jaeger-tracerresolver/0.33.1/jaeger-tracerresolver-0.33.1.jar:/home/user/.m2/repository/io/opentracing/contrib/opentracing-tracerresolver/0.1.5/opentracing-tracerresolver-0.1.5.jar:/home/user/.m2/repository/io/opentracing/opentracing-util/0.31.0/opentracing-util-0.31.0.jar:/home/user/.m2/repository/io/opentracing/opentracing-api/0.31.0/opentracing-api-0.31.0.jar:/home/user/.m2/repository/io/opentracing/opentracing-noop/0.31.0/opentracing-noop-0.31.0.jar:/home/user/.m2/repository/org/apache/hadoop/hadoop-hdds-server-framework/0.5.0-SNAPSHOT/hadoop-hdds-server-framework-0.5.0-SNAPSHOT.jar:/home/user/.m2/repository/org/apache/hadoop/hadoop-hdds-container-service/0.5.0-SNAPSHOT/hadoop-hdds-container-service-0.5.0-SNAPSHOT.jar:/home/user/.m2/repository/org/apache/hadoop/hadoop-hdds-client/0.5.0-SNAPSHOT/hadoop-hdds-client-0.5.0-SNAPSHOT.jar:/home/user/.m2/repository/org/apache/hadoop/hadoop-hdds-tools/0.5.0-SNAPSHOT/hadoop-hdds-tools-0.5.0-SNAPSHOT.jar:/home/user/.m2/repository/org/apache/hadoop/hadoop-hdds-server-scm/0.5.0-SNAPSHOT/hadoop-hdds-server-scm-0.5.0-SNAPSHOT.jar:/home/user/.m2/repository/org/apache/hadoop/hadoop-hdds-docs/0.5.0-SNAPSHOT/hadoop-hdds-docs-0.5.0-SNAPSHOT.jar:/home/user/.m2/repository/io/dropwizard/metrics/metrics-core/3.2.4/metrics-core-3.2.4.jar:/home/user/.m2/repository/org/hamcrest/hamcrest-all/1.3/hamcrest-all-1.3.jar:/home/user/.m2/repository/org/bouncycastle/bcprov-jdk15on/1.60/bcprov-jdk15on-1.60.jar:/home/user/.m2/repository/info/picocli/picocli/3.9.6/picocli-3.9.6.jar:/home/user/.m2/repository/com/google/protobuf/protobuf-java/2.5.0/protobuf-java-2.5.0.jar:/home/user/.m2/repository/com/google/guava/guava/11.0.2/guava-11.0.2.jar:/home/user/.m2/repository/org/apache/hadoop/hadoop-ozone-ozone-manager/0.5.0-SNAPSHOT/hadoop-ozone-ozone-manager-0.5.0-SNAPSHOT.jar:/home/user/.m2/repository/org/apache/hadoop/hadoop-minikdc/3.2.0/hadoop-minikdc-3.2.0.jar:/home/user/.m2/repository/commons-io/commons-io/2.5/commons-io-2.5.jar:/home/user/.m2/repository/org/apache/kerby/kerb-simplekdc/1.0.1/kerb-simplekdc-1.0.1.jar:/home/user/.m2/repository/org/apache/kerby/kerb-client/1.0.1/kerb-client-1.0.1.jar:/home/user/.m2/repository/org/apache/kerby/kerby-config/1.0.1/kerby-config-1.0.1.jar:/home/user/.m2/repository/org/apache/kerby/kerb-core/1.0.1/kerb-core-1.0.1.jar:/home/user/.m2/repository/org/apache/kerby/kerby-pkix/1.0.1/kerby-pkix-1.0.1.jar:/home/user/.m2/repository/org/apache/kerby/kerby-asn1/1.0.1/kerby-asn1-1.0.1.jar:/home/user/.m2/repository/org/apache/kerby/kerby-util/1.0.1/kerby-util-1.0.1.jar:/home/user/.m2/repository/org/apache/kerby/kerb-common/1.0.1/kerb-common-1.0.1.jar:/home/user/.m2/repository/org/apache/kerby/kerb-crypto/1.0.1/kerb-crypto-1.0.1.jar:/home/user/.m2/repository/org/apache/kerby/kerb-util/1.0.1/kerb-util-1.0.1.jar:/home/user/.m2/repository/org/apache/kerby/token-provider/1.0.1/token-provider-1.0.1.jar:/home/user/.m2/repository/org/apache/kerby/kerb-admin/1.0.1/kerb-admin-1.0.1.jar:/home/user/.m2/repository/org/apache/kerby/kerb-server/1.0.1/kerb-server-1.0.1.jar:/home/user/.m2/repository/org/apache/kerby/kerb-identity/1.0.1/kerb-identity-1.0.1.jar:/home/user/.m2/repository/org/apache/kerby/kerby-xdr/1.0.1/kerby-xdr-1.0.1.jar:/home/user/.m2/repository/org/slf4j/slf4j-log4j12/1.7.25/slf4j-log4j12-1.7.25.jar:/home/user/.m2/repository/org/apache/hadoop/hadoop-ozone-objectstore-service/0.5.0-SNAPSHOT/hadoop-ozone-objectstore-service-0.5.0-SNAPSHOT.jar:/home/user/.m2/repository/org/apache/hadoop/hadoop-ozone-s3gateway/0.5.0-SNAPSHOT/hadoop-ozone-s3gateway-0.5.0-SNAPSHOT.jar:/home/user/.m2/repository/org/jboss/weld/servlet/weld-servlet/2.4.7.Final/weld-servlet-2.4.7.Final.jar:/home/user/.m2/repository/org/glassfish/jersey/containers/jersey-container-servlet-core/2.27/jersey-container-servlet-core-2.27.jar:/home/user/.m2/repository/org/glassfish/hk2/external/javax.inject/2.5.0-b42/javax.inject-2.5.0-b42.jar:/home/user/.m2/repository/org/glassfish/jersey/core/jersey-common/2.27/jersey-common-2.27.jar:/home/user/.m2/repository/org/glassfish/hk2/osgi-resource-locator/1.0.1/osgi-resource-locator-1.0.1.jar:/home/user/.m2/repository/javax/ws/rs/javax.ws.rs-api/2.1/javax.ws.rs-api-2.1.jar:/home/user/.m2/repository/org/glassfish/jersey/ext/cdi/jersey-cdi1x/2.27/jersey-cdi1x-2.27.jar:/home/user/.m2/repository/org/glassfish/jersey/inject/jersey-hk2/2.27/jersey-hk2-2.27.jar:/home/user/.m2/repository/org/glassfish/hk2/hk2-locator/2.5.0-b42/hk2-locator-2.5.0-b42.jar:/home/user/.m2/repository/org/javassist/javassist/3.22.0-CR2/javassist-3.22.0-CR2.jar:/home/user/.m2/repository/org/glassfish/hk2/hk2-api/2.5.0/hk2-api-2.5.0.jar:/home/user/.m2/repository/org/glassfish/hk2/external/jakarta.inject/2.5.0/jakarta.inject-2.5.0.jar:/home/user/.m2/repository/org/glassfish/hk2/hk2-utils/2.5.0/hk2-utils-2.5.0.jar:/home/user/.m2/repository/jakarta/annotation/jakarta.annotation-api/1.3.4/jakarta.annotation-api-1.3.4.jar:/home/user/.m2/repository/org/glassfish/hk2/external/aopalliance-repackaged/2.5.0/aopalliance-repackaged-2.5.0.jar:/home/user/.m2/repository/com/fasterxml/jackson/dataformat/jackson-dataformat-xml/2.9.0/jackson-dataformat-xml-2.9.0.jar:/home/user/.m2/repository/com/fasterxml/jackson/core/jackson-core/2.9.5/jackson-core-2.9.5.jar:/home/user/.m2/repository/com/fasterxml/jackson/module/jackson-module-jaxb-annotations/2.9.5/jackson-module-jaxb-annotations-2.9.5.jar:/home/user/.m2/repository/javax/enterprise/cdi-api/1.2/cdi-api-1.2.jar:/home/user/.m2/repository/javax/el/javax.el-api/3.0.0/javax.el-api-3.0.0.jar:/home/user/.m2/repository/javax/interceptor/javax.interceptor-api/1.2/javax.interceptor-api-1.2.jar:/home/user/.m2/repository/javax/inject/javax.inject/1/javax.inject-1.jar:/home/user/.m2/repository/com/sun/xml/bind/jaxb-impl/2.3.0.1/jaxb-impl-2.3.0.1.jar:/home/user/.m2/repository/com/sun/xml/bind/jaxb-core/2.3.0.1/jaxb-core-2.3.0.1.jar:/home/user/.m2/repository/javax/xml/bind/jaxb-api/2.3.0/jaxb-api-2.3.0.jar:/home/user/.m2/repository/javax/activation/activation/1.1.1/activation-1.1.1.jar:/home/user/.m2/repository/org/apache/hadoop/hadoop-ozone-csi/0.5.0-SNAPSHOT/hadoop-ozone-csi-0.5.0-SNAPSHOT.jar:/home/user/.m2/repository/com/google/protobuf/protobuf-java-util/3.5.1/protobuf-java-util-3.5.1.jar:/home/user/.m2/repository/org/apache/hadoop/hadoop-hdds-config/0.5.0-SNAPSHOT/hadoop-hdds-config-0.5.0-SNAPSHOT.jar:/home/user/.m2/repository/io/grpc/grpc-netty/1.17.1/grpc-netty-1.17.1.jar:/home/user/.m2/repository/io/grpc/grpc-core/1.17.1/grpc-core-1.17.1.jar:/home/user/.m2/repository/io/grpc/grpc-context/1.17.1/grpc-context-1.17.1.jar:/home/user/.m2/repository/com/google/errorprone/error_prone_annotations/2.2.0/error_prone_annotations-2.2.0.jar:/home/user/.m2/repository/org/codehaus/mojo/animal-sniffer-annotations/1.17/animal-sniffer-annotations-1.17.jar:/home/user/.m2/repository/io/opencensus/opencensus-api/0.17.0/opencensus-api-0.17.0.jar:/home/user/.m2/repository/io/opencensus/opencensus-contrib-grpc-metrics/0.17.0/opencensus-contrib-grpc-metrics-0.17.0.jar:/home/user/.m2/repository/io/netty/netty-codec-http2/4.1.30.Final/netty-codec-http2-4.1.30.Final.jar:/home/user/.m2/repository/io/netty/netty-codec-http/4.1.30.Final/netty-codec-http-4.1.30.Final.jar:/home/user/.m2/repository/io/netty/netty-codec/4.1.30.Final/netty-codec-4.1.30.Final.jar:/home/user/.m2/repository/io/netty/netty-handler/4.1.30.Final/netty-handler-4.1.30.Final.jar:/home/user/.m2/repository/io/netty/netty-handler-proxy/4.1.30.Final/netty-handler-proxy-4.1.30.Final.jar:/home/user/.m2/repository/io/netty/netty-codec-socks/4.1.30.Final/netty-codec-socks-4.1.30.Final.jar:/home/user/.m2/repository/io/netty/netty-transport-native-epoll/4.1.30.Final/netty-transport-native-epoll-4.1.30.Final.jar:/home/user/.m2/repository/io/netty/netty-common/4.1.30.Final/netty-common-4.1.30.Final.jar:/home/user/.m2/repository/io/netty/netty-buffer/4.1.30.Final/netty-buffer-4.1.30.Final.jar:/home/user/.m2/repository/io/netty/netty-transport/4.1.30.Final/netty-transport-4.1.30.Final.jar:/home/user/.m2/repository/io/netty/netty-resolver/4.1.30.Final/netty-resolver-4.1.30.Final.jar:/home/user/.m2/repository/io/netty/netty-transport-native-unix-common/4.1.30.Final/netty-transport-native-unix-common-4.1.30.Final.jar:/home/user/.m2/repository/io/grpc/grpc-protobuf/1.17.1/grpc-protobuf-1.17.1.jar:/home/user/.m2/repository/com/google/api/grpc/proto-google-common-protos/1.0.0/proto-google-common-protos-1.0.0.jar:/home/user/.m2/repository/io/grpc/grpc-protobuf-lite/1.17.1/grpc-protobuf-lite-1.17.1.jar:/home/user/.m2/repository/io/grpc/grpc-stub/1.17.1/grpc-stub-1.17.1.jar:/home/user/.m2/repository/org/apache/hadoop/hadoop-ozone-recon/0.5.0-SNAPSHOT/hadoop-ozone-recon-0.5.0-SNAPSHOT.jar:/home/user/.m2/repository/org/apache/hadoop/hadoop-ozone-reconcodegen/0.5.0-SNAPSHOT/hadoop-ozone-reconcodegen-0.5.0-SNAPSHOT.jar:/home/user/.m2/repository/com/google/inject/extensions/guice-multibindings/4.0/guice-multibindings-4.0.jar:/home/user/.m2/repository/com/google/inject/guice/4.0/guice-4.0.jar:/home/user/.m2/repository/aopalliance/aopalliance/1.0/aopalliance-1.0.jar:/home/user/.m2/repository/com/google/inject/extensions/guice-servlet/4.0/guice-servlet-4.0.jar:/home/user/.m2/repository/org/glassfish/jersey/containers/jersey-container-servlet/2.27/jersey-container-servlet-2.27.jar:/home/user/.m2/repository/org/glassfish/hk2/guice-bridge/2.5.0/guice-bridge-2.5.0.jar:/home/user/.m2/repository/org/glassfish/jersey/core/jersey-server/2.27/jersey-server-2.27.jar:/home/user/.m2/repository/org/glassfish/jersey/core/jersey-client/2.27/jersey-client-2.27.jar:/home/user/.m2/repository/org/glassfish/jersey/media/jersey-media-jaxb/2.27/jersey-media-jaxb-2.27.jar:/home/user/.m2/repository/javax/validation/validation-api/1.1.0.Final/validation-api-1.1.0.Final.jar:/home/user/.m2/repository/org/glassfish/jersey/media/jersey-media-json-jackson/2.27/jersey-media-json-jackson-2.27.jar:/home/user/.m2/repository/org/glassfish/jersey/ext/jersey-entity-filtering/2.27/jersey-entity-filtering-2.27.jar:/home/user/.m2/repository/com/google/inject/extensions/guice-assistedinject/4.0/guice-assistedinject-4.0.jar:/home/user/.m2/repository/org/jooq/jooq/3.11.10/jooq-3.11.10.jar:/home/user/.m2/repository/org/jooq/jooq-meta/3.11.10/jooq-meta-3.11.10.jar:/home/user/.m2/repository/org/jooq/jooq-codegen/3.11.10/jooq-codegen-3.11.10.jar:/home/user/.m2/repository/com/jolbox/bonecp/0.8.0.RELEASE/bonecp-0.8.0.RELEASE.jar:/home/user/.m2/repository/org/xerial/sqlite-jdbc/3.25.2/sqlite-jdbc-3.25.2.jar:/home/user/.m2/repository/org/springframework/spring-jdbc/5.1.3.RELEASE/spring-jdbc-5.1.3.RELEASE.jar:/home/user/.m2/repository/org/springframework/spring-beans/5.1.3.RELEASE/spring-beans-5.1.3.RELEASE.jar:/home/user/.m2/repository/org/springframework/spring-core/5.1.3.RELEASE/spring-core-5.1.3.RELEASE.jar:/home/user/.m2/repository/org/springframework/spring-jcl/5.1.3.RELEASE/spring-jcl-5.1.3.RELEASE.jar:/home/user/.m2/repository/org/springframework/spring-tx/5.1.3.RELEASE/spring-tx-5.1.3.RELEASE.jar:/home/user/.m2/repository/org/apache/hadoop/hadoop-ozone-client/0.5.0-SNAPSHOT/hadoop-ozone-client-0.5.0-SNAPSHOT.jar:/home/user/.m2/repository/commons-lang/commons-lang/2.6/commons-lang-2.6.jar:/home/user/.m2/repository/org/apache/hadoop/hadoop-ozone-ozone-manager/0.5.0-SNAPSHOT/hadoop-ozone-ozone-manager-0.5.0-SNAPSHOT-tests.jar:/home/user/.m2/repository/junit/junit/4.11/junit-4.11.jar:/home/user/.m2/repository/org/hamcrest/hamcrest-core/1.3/hamcrest-core-1.3.jar:/home/user/.m2/repository/org/openjdk/jmh/jmh-core/1.19/jmh-core-1.19.jar:/home/user/.m2/repository/net/sf/jopt-simple/jopt-simple/4.6/jopt-simple-4.6.jar:/home/user/.m2/repository/org/apache/commons/commons-math3/3.1.1/commons-math3-3.1.1.jar:/home/user/.m2/repository/org/openjdk/jmh/jmh-generator-annprocess/1.19/jmh-generator-annprocess-1.19.jar:/home/user/.m2/repository/org/mockito/mockito-all/1.8.5/mockito-all-1.8.5.jar:/home/user/.m2/repository/org/apache/hadoop/hadoop-kms/3.2.0/hadoop-kms-3.2.0.jar:/home/user/.m2/repository/org/apache/hadoop/hadoop-auth/3.2.0/hadoop-auth-3.2.0.jar:/home/user/.m2/repository/com/nimbusds/nimbus-jose-jwt/4.41.1/nimbus-jose-jwt-4.41.1.jar:/home/user/.m2/repository/com/github/stephenc/jcip/jcip-annotations/1.0-1/jcip-annotations-1.0-1.jar:/home/user/.m2/repository/net/minidev/json-smart/2.3/json-smart-2.3.jar:/home/user/.m2/repository/net/minidev/accessors-smart/1.2/accessors-smart-1.2.jar:/home/user/.m2/repository/org/ow2/asm/asm/5.0.4/asm-5.0.4.jar:/home/user/.m2/repository/org/apache/curator/curator-framework/2.12.0/curator-framework-2.12.0.jar:/home/user/.m2/repository/com/sun/jersey/jersey-core/1.19/jersey-core-1.19.jar:/home/user/.m2/repository/javax/ws/rs/jsr311-api/1.1.1/jsr311-api-1.1.1.jar:/home/user/.m2/repository/com/sun/jersey/jersey-server/1.19/jersey-server-1.19.jar:/home/user/.m2/repository/javax/servlet/javax.servlet-api/3.1.0/javax.servlet-api-3.1.0.jar:/home/user/.m2/repository/org/eclipse/jetty/jetty-server/9.3.24.v20180605/jetty-server-9.3.24.v20180605.jar:/home/user/.m2/repository/org/eclipse/jetty/jetty-http/9.3.24.v20180605/jetty-http-9.3.24.v20180605.jar:/home/user/.m2/repository/org/eclipse/jetty/jetty-io/9.3.24.v20180605/jetty-io-9.3.24.v20180605.jar:/home/user/.m2/repository/org/eclipse/jetty/jetty-webapp/9.3.24.v20180605/jetty-webapp-9.3.24.v20180605.jar:/home/user/.m2/repository/org/eclipse/jetty/jetty-xml/9.3.24.v20180605/jetty-xml-9.3.24.v20180605.jar:/home/user/.m2/repository/log4j/log4j/1.2.17/log4j-1.2.17.jar:/home/user/.m2/repository/org/slf4j/slf4j-api/1.7.25/slf4j-api-1.7.25.jar:/home/user/.m2/repository/org/slf4j/jul-to-slf4j/1.7.25/jul-to-slf4j-1.7.25.jar:/home/user/.m2/repository/org/eclipse/jetty/jetty-util/9.3.24.v20180605/jetty-util-9.3.24.v20180605.jar:/home/user/.m2/repository/com/fasterxml/jackson/core/jackson-databind/2.9.5/jackson-databind-2.9.5.jar:/home/user/.m2/repository/org/apache/hadoop/hadoop-kms/3.2.0/hadoop-kms-3.2.0-tests.jar:/home/user/.m2/repository/org/apache/hadoop/hadoop-hdds-server-scm/0.5.0-SNAPSHOT/hadoop-hdds-server-scm-0.5.0-SNAPSHOT-tests.jar:/home/user/.m2/repository/org/apache/hadoop/hadoop-hdds-container-service/0.5.0-SNAPSHOT/hadoop-hdds-container-service-0.5.0-SNAPSHOT-tests.jar:/home/user/.m2/repository/org/yaml/snakeyaml/1.16/snakeyaml-1.16.jar:/home/user/.m2/repository/org/apache/hadoop/hadoop-common/3.2.0/hadoop-common-3.2.0-tests.jar:/home/user/.m2/repository/org/apache/hadoop/hadoop-annotations/3.2.0/hadoop-annotations-3.2.0.jar:/usr/lib/jvm/java-1.8-openjdk/jre/../lib/tools.jar:/home/user/.m2/repository/commons-cli/commons-cli/1.2/commons-cli-1.2.jar:/home/user/.m2/repository/org/apache/httpcomponents/httpclient/4.5.2/httpclient-4.5.2.jar:/home/user/.m2/repository/org/apache/httpcomponents/httpcore/4.4.4/httpcore-4.4.4.jar:/home/user/.m2/repository/commons-codec/commons-codec/1.11/commons-codec-1.11.jar:/home/user/.m2/repository/commons-net/commons-net/3.6/commons-net-3.6.jar:/home/user/.m2/repository/commons-collections/commons-collections/3.2.2/commons-collections-3.2.2.jar:/home/user/.m2/repository/org/eclipse/jetty/jetty-servlet/9.3.24.v20180605/jetty-servlet-9.3.24.v20180605.jar:/home/user/.m2/repository/org/eclipse/jetty/jetty-security/9.3.24.v20180605/jetty-security-9.3.24.v20180605.jar:/home/user/.m2/repository/javax/servlet/jsp/jsp-api/2.1/jsp-api-2.1.jar:/home/user/.m2/repository/com/sun/jersey/jersey-servlet/1.19/jersey-servlet-1.19.jar:/home/user/.m2/repository/com/sun/jersey/jersey-json/1.19/jersey-json-1.19.jar:/home/user/.m2/repository/org/codehaus/jettison/jettison/1.1/jettison-1.1.jar:/home/user/.m2/repository/org/codehaus/jackson/jackson-core-asl/1.9.13/jackson-core-asl-1.9.13.jar:/home/user/.m2/repository/org/codehaus/jackson/jackson-mapper-asl/1.9.13/jackson-mapper-asl-1.9.13.jar:/home/user/.m2/repository/org/codehaus/jackson/jackson-jaxrs/1.9.13/jackson-jaxrs-1.9.13.jar:/home/user/.m2/repository/org/codehaus/jackson/jackson-xc/1.9.13/jackson-xc-1.9.13.jar:/home/user/.m2/repository/commons-logging/commons-logging/1.1.3/commons-logging-1.1.3.jar:/home/user/.m2/repository/commons-beanutils/commons-beanutils/1.9.3/commons-beanutils-1.9.3.jar:/home/user/.m2/repository/org/apache/commons/commons-configuration2/2.1.1/commons-configuration2-2.1.1.jar:/home/user/.m2/repository/org/apache/commons/commons-lang3/3.7/commons-lang3-3.7.jar:/home/user/.m2/repository/org/apache/commons/commons-text/1.4/commons-text-1.4.jar:/home/user/.m2/repository/org/apache/avro/avro/1.7.7/avro-1.7.7.jar:/home/user/.m2/repository/com/thoughtworks/paranamer/paranamer/2.3/paranamer-2.3.jar:/home/user/.m2/repository/org/xerial/snappy/snappy-java/1.0.5/snappy-java-1.0.5.jar:/home/user/.m2/repository/com/google/re2j/re2j/1.1/re2j-1.1.jar:/home/user/.m2/repository/com/google/code/gson/gson/2.2.4/gson-2.2.4.jar:/home/user/.m2/repository/com/jcraft/jsch/0.1.54/jsch-0.1.54.jar:/home/user/.m2/repository/org/apache/curator/curator-client/2.12.0/curator-client-2.12.0.jar:/home/user/.m2/repository/org/apache/curator/curator-recipes/2.12.0/curator-recipes-2.12.0.jar:/home/user/.m2/repository/com/google/code/findbugs/jsr305/3.0.0/jsr305-3.0.0.jar:/home/user/.m2/repository/org/apache/htrace/htrace-core4/4.1.0-incubating/htrace-core4-4.1.0-incubating.jar:/home/user/.m2/repository/org/apache/zookeeper/zookeeper/3.4.13/zookeeper-3.4.13.jar:/home/user/.m2/repository/org/apache/yetus/audience-annotations/0.5.0/audience-annotations-0.5.0.jar:/home/user/.m2/repository/org/codehaus/woodstox/stax2-api/3.1.4/stax2-api-3.1.4.jar:/home/user/.m2/repository/com/fasterxml/woodstox/woodstox-core/5.0.3/woodstox-core-5.0.3.jar:/home/user/.m2/repository/dnsjava/dnsjava/2.1.7/dnsjava-2.1.7.jar:/home/user/.m2/repository/org/apache/hadoop/hadoop-hdfs/3.2.0/hadoop-hdfs-3.2.0-tests.jar:/home/user/.m2/repository/org/eclipse/jetty/jetty-util-ajax/9.3.24.v20180605/jetty-util-ajax-9.3.24.v20180605.jar:/home/user/.m2/repository/commons-daemon/commons-daemon/1.0.13/commons-daemon-1.0.13.jar:/home/user/.m2/repository/io/netty/netty/3.10.5.Final/netty-3.10.5.Final.jar:/home/user/.m2/repository/io/netty/netty-all/4.0.52.Final/netty-all-4.0.52.Final.jar:/home/user/.m2/repository/org/fusesource/leveldbjni/leveldbjni-all/1.8/leveldbjni-all-1.8.jar:"/>
    <property name="sun.cpu.endian" value="little"/>
    <property name="user.home" value="/home/user"/>
    <property name="user.language" value="en"/>
    <property name="java.specification.vendor" value="Oracle Corporation"/>
    <property name="java.home" value="/usr/lib/jvm/java-1.8-openjdk/jre"/>
    <property name="java.security.krb5.conf" value="/tmp/workdir/hadoop-ozone/integration-test/target/test-classes/krb5.conf"/>
    <property name="basedir" value="/tmp/workdir/hadoop-ozone/integration-test"/>
    <property name="file.separator" value="/"/>
    <property name="line.separator" value="&#10;"/>
    <property name="java.vm.specification.vendor" value="Oracle Corporation"/>
    <property name="java.specification.name" value="Java Platform API Specification"/>
    <property name="java.awt.graphicsenv" value="sun.awt.X11GraphicsEnvironment"/>
    <property name="surefire.real.class.path" value="/tmp/workdir/hadoop-ozone/integration-test/target/surefire/surefirebooter6218280545670282788.jar"/>
    <property name="hadoop.log.dir" value="/tmp/workdir/hadoop-ozone/integration-test/target/log"/>
    <property name="sun.boot.class.path" value="/usr/lib/jvm/java-1.8-openjdk/jre/lib/resources.jar:/usr/lib/jvm/java-1.8-openjdk/jre/lib/rt.jar:/usr/lib/jvm/java-1.8-openjdk/jre/lib/sunrsasign.jar:/usr/lib/jvm/java-1.8-openjdk/jre/lib/jsse.jar:/usr/lib/jvm/java-1.8-openjdk/jre/lib/jce.jar:/usr/lib/jvm/java-1.8-openjdk/jre/lib/charsets.jar:/usr/lib/jvm/java-1.8-openjdk/jre/lib/jfr.jar:/usr/lib/jvm/java-1.8-openjdk/jre/classes"/>
    <property name="sun.management.compiler" value="HotSpot 64-Bit Tiered Compilers"/>
    <property name="java.runtime.version" value="1.8.0_212-b04"/>
    <property name="java.net.preferIPv4Stack" value="true"/>
    <property name="user.name" value="jenkins1000"/>
    <property name="path.separator" value=":"/>
    <property name="java.security.egd" value="file:///dev/urandom"/>
    <property name="os.version" value="3.10.0-957.12.2.el7.x86_64"/>
    <property name="java.endorsed.dirs" value="/usr/lib/jvm/java-1.8-openjdk/jre/lib/endorsed"/>
    <property name="java.runtime.name" value="OpenJDK Runtime Environment"/>
    <property name="file.encoding" value="UTF-8"/>
    <property name="java.vm.name" value="OpenJDK 64-Bit Server VM"/>
    <property name="test.build.webapps" value=""/>
    <property name="localRepository" value="/home/user/.m2/repository"/>
    <property name="java.vendor.url.bug" value="https://icedtea.classpath.org/bugzilla"/>
    <property name="java.io.tmpdir" value="/tmp"/>
    <property name="require.test.libhadoop" value=""/>
    <property name="java.version" value="1.8.0_212"/>
    <property name="user.dir" value="/tmp/workdir/hadoop-ozone/integration-test"/>
    <property name="os.arch" value="amd64"/>
    <property name="java.vm.specification.name" value="Java Virtual Machine Specification"/>
    <property name="test.build.classes" value="/tmp/workdir/hadoop-ozone/integration-test/target/test-classes"/>
    <property name="java.awt.printerjob" value="sun.print.PSPrinterJob"/>
    <property name="sun.os.patch.level" value="unknown"/>
    <property name="hadoop.tmp.dir" value="/tmp/workdir/hadoop-ozone/integration-test/target/tmp"/>
    <property name="java.library.path" value="/usr/lib/jvm/java-1.8-openjdk/jre/lib/amd64/server:/usr/lib/jvm/java-1.8-openjdk/jre/lib/amd64:/usr/lib/jvm/java-1.8-openjdk/jre/../lib/amd64:/tmp/workdir/hadoop-ozone/integration-test/target/native/target/usr/local/lib:/tmp/workdir/hadoop-ozone/integration-test/../../hadoop-common-project/hadoop-common/target/native/target/usr/local/lib:/usr/java/packages/lib/amd64:/usr/lib64:/lib64:/lib:/usr/lib"/>
    <property name="java.vm.info" value="mixed mode"/>
    <property name="java.vendor" value="IcedTea"/>
    <property name="java.vm.version" value="25.212-b04"/>
    <property name="java.ext.dirs" value="/usr/lib/jvm/java-1.8-openjdk/jre/lib/ext:/usr/java/packages/lib/ext"/>
    <property name="sun.io.unicode.encoding" value="UnicodeLittle"/>
    <property name="java.class.version" value="52.0"/>
  </properties>
  <testcase name="testPipelineExclusionWithPipelineFailure" classname="org.apache.hadoop.ozone.client.rpc.TestFailureHandlingByClient" time="38.823"/>
  <testcase name="testContainerExclusionWithClosedContainerException" classname="org.apache.hadoop.ozone.client.rpc.TestFailureHandlingByClient" time="15.102">
    <error message="Allocated 0 blocks. Requested 1 blocks" type="INTERNAL_ERROR org.apache.hadoop.ozone.om.exceptions.OMException">INTERNAL_ERROR org.apache.hadoop.ozone.om.exceptions.OMException: Allocated 0 blocks. Requested 1 blocks
	at org.apache.hadoop.ozone.om.protocolPB.OzoneManagerProtocolClientSideTranslatorPB.handleError(OzoneManagerProtocolClientSideTranslatorPB.java:720)
	at org.apache.hadoop.ozone.om.protocolPB.OzoneManagerProtocolClientSideTranslatorPB.allocateBlock(OzoneManagerProtocolClientSideTranslatorPB.java:752)
	at org.apache.hadoop.ozone.client.io.BlockOutputStreamEntryPool.allocateNewBlock(BlockOutputStreamEntryPool.java:248)
	at org.apache.hadoop.ozone.client.io.BlockOutputStreamEntryPool.allocateBlockIfNeeded(BlockOutputStreamEntryPool.java:296)
	at org.apache.hadoop.ozone.client.io.KeyOutputStream.handleWrite(KeyOutputStream.java:201)
	at org.apache.hadoop.ozone.client.io.KeyOutputStream.handleRetry(KeyOutputStream.java:376)
	at org.apache.hadoop.ozone.client.io.KeyOutputStream.handleException(KeyOutputStream.java:325)
	at org.apache.hadoop.ozone.client.io.KeyOutputStream.handleFlushOrClose(KeyOutputStream.java:448)
	at org.apache.hadoop.ozone.client.io.KeyOutputStream.flush(KeyOutputStream.java:396)
	at org.apache.hadoop.ozone.client.io.OzoneOutputStream.flush(OzoneOutputStream.java:54)
	at org.apache.hadoop.ozone.client.rpc.TestFailureHandlingByClient.testContainerExclusionWithClosedContainerException(TestFailureHandlingByClient.java:322)
	at sun.reflect.NativeMethodAccessorImpl.invoke0(Native Method)
	at sun.reflect.NativeMethodAccessorImpl.invoke(NativeMethodAccessorImpl.java:62)
	at sun.reflect.DelegatingMethodAccessorImpl.invoke(DelegatingMethodAccessorImpl.java:43)
	at java.lang.reflect.Method.invoke(Method.java:498)
	at org.junit.runners.model.FrameworkMethod$1.runReflectiveCall(FrameworkMethod.java:47)
	at org.junit.internal.runners.model.ReflectiveCallable.run(ReflectiveCallable.java:12)
	at org.junit.runners.model.FrameworkMethod.invokeExplosively(FrameworkMethod.java:44)
	at org.junit.internal.runners.statements.InvokeMethod.evaluate(InvokeMethod.java:17)
	at org.junit.runners.ParentRunner.runLeaf(ParentRunner.java:271)
	at org.junit.runners.BlockJUnit4ClassRunner.runChild(BlockJUnit4ClassRunner.java:70)
	at org.junit.runners.BlockJUnit4ClassRunner.runChild(BlockJUnit4ClassRunner.java:50)
	at org.junit.runners.ParentRunner$3.run(ParentRunner.java:238)
	at org.junit.runners.ParentRunner$1.schedule(ParentRunner.java:63)
	at org.junit.runners.ParentRunner.runChildren(ParentRunner.java:236)
	at org.junit.runners.ParentRunner.access$000(ParentRunner.java:53)
	at org.junit.runners.ParentRunner$2.evaluate(ParentRunner.java:229)
	at org.junit.runners.ParentRunner.run(ParentRunner.java:309)
	at org.apache.maven.surefire.junit4.JUnit4Provider.execute(JUnit4Provider.java:365)
	at org.apache.maven.surefire.junit4.JUnit4Provider.executeWithRerun(JUnit4Provider.java:273)
	at org.apache.maven.surefire.junit4.JUnit4Provider.executeTestSet(JUnit4Provider.java:238)
	at org.apache.maven.surefire.junit4.JUnit4Provider.invoke(JUnit4Provider.java:159)
	at org.apache.maven.surefire.booter.ForkedBooter.invokeProviderInSameClassLoader(ForkedBooter.java:384)
	at org.apache.maven.surefire.booter.ForkedBooter.runSuitesInProcess(ForkedBooter.java:345)
	at org.apache.maven.surefire.booter.ForkedBooter.execute(ForkedBooter.java:126)
	at org.apache.maven.surefire.booter.ForkedBooter.main(ForkedBooter.java:418)
</error>
    <system-out><![CDATA[2019-07-13 19:09:05,031 WARN  server.ServerUtils (ServerUtils.java:getScmDbDir(145)) - ozone.scm.db.dirs is not configured. We recommend adding this setting. Falling back to ozone.metadata.dirs instead.
2019-07-13 19:09:05,071 WARN  server.ServerUtils (ServerUtils.java:getScmDbDir(145)) - ozone.scm.db.dirs is not configured. We recommend adding this setting. Falling back to ozone.metadata.dirs instead.
2019-07-13 19:09:05,071 WARN  server.ServerUtils (ServerUtils.java:getScmDbDir(145)) - ozone.scm.db.dirs is not configured. We recommend adding this setting. Falling back to ozone.metadata.dirs instead.
2019-07-13 19:09:05,072 INFO  db.DBStoreBuilder (DBStoreBuilder.java:addTable(110)) - using custom profile for table: deletedBlocks
2019-07-13 19:09:05,072 INFO  db.DBStoreBuilder (DBStoreBuilder.java:processTables(161)) - Using default column profile:DBProfile.DISK for Table:deletedBlocks
2019-07-13 19:09:05,073 INFO  db.DBStoreBuilder (DBStoreBuilder.java:addTable(110)) - using custom profile for table: validCerts
2019-07-13 19:09:05,073 INFO  db.DBStoreBuilder (DBStoreBuilder.java:processTables(161)) - Using default column profile:DBProfile.DISK for Table:validCerts
2019-07-13 19:09:05,074 INFO  db.DBStoreBuilder (DBStoreBuilder.java:addTable(110)) - using custom profile for table: revokedCerts
2019-07-13 19:09:05,075 INFO  db.DBStoreBuilder (DBStoreBuilder.java:processTables(161)) - Using default column profile:DBProfile.DISK for Table:revokedCerts
2019-07-13 19:09:05,075 INFO  db.DBStoreBuilder (DBStoreBuilder.java:addTable(110)) - using custom profile for table: default
2019-07-13 19:09:05,076 INFO  db.DBStoreBuilder (DBStoreBuilder.java:processTables(167)) - Using default column profile:DBProfile.DISK for Table:default
2019-07-13 19:09:05,076 INFO  db.DBStoreBuilder (DBStoreBuilder.java:getDbProfile(198)) - Using default options. DBProfile.DISK
2019-07-13 19:09:05,296 INFO  net.NodeSchemaLoader (NodeSchemaLoader.java:loadSchemaFromFile(125)) - Loading file from sun.misc.CompoundEnumeration@570b2057
2019-07-13 19:09:05,297 INFO  net.NodeSchemaLoader (NodeSchemaLoader.java:loadSchema(171)) - Loading network topology layer schema file
2019-07-13 19:09:05,303 INFO  node.SCMNodeManager (SCMNodeManager.java:<init>(119)) - Entering startup safe mode.
2019-07-13 19:09:05,304 WARN  server.ServerUtils (ServerUtils.java:getScmDbDir(145)) - ozone.scm.db.dirs is not configured. We recommend adding this setting. Falling back to ozone.metadata.dirs instead.
2019-07-13 19:09:05,376 INFO  pipeline.SCMPipelineManager (SCMPipelineManager.java:initializePipelineState(126)) - No pipeline exists in current db
2019-07-13 19:09:05,377 WARN  server.ServerUtils (ServerUtils.java:getScmDbDir(145)) - ozone.scm.db.dirs is not configured. We recommend adding this setting. Falling back to ozone.metadata.dirs instead.
2019-07-13 19:09:05,431 WARN  events.EventQueue (EventQueue.java:fireEvent(175)) - No event handler registered for event TypedEvent{payloadType=SafeModeStatus, name='SafeModeStatus'}
2019-07-13 19:09:05,433 INFO  ipc.CallQueueManager (CallQueueManager.java:<init>(84)) - Using callQueue: class java.util.concurrent.LinkedBlockingQueue, queueCapacity: 2000, scheduler: class org.apache.hadoop.ipc.DefaultRpcScheduler, ipcBackoff: false.
2019-07-13 19:09:05,434 INFO  ipc.Server (Server.java:run(1074)) - Starting Socket Reader #1 for port 34327
2019-07-13 19:09:05,436 INFO  ipc.CallQueueManager (CallQueueManager.java:<init>(84)) - Using callQueue: class java.util.concurrent.LinkedBlockingQueue, queueCapacity: 2000, scheduler: class org.apache.hadoop.ipc.DefaultRpcScheduler, ipcBackoff: false.
2019-07-13 19:09:05,437 INFO  ipc.Server (Server.java:run(1074)) - Starting Socket Reader #1 for port 46060
2019-07-13 19:09:05,438 INFO  ipc.CallQueueManager (CallQueueManager.java:<init>(84)) - Using callQueue: class java.util.concurrent.LinkedBlockingQueue, queueCapacity: 2000, scheduler: class org.apache.hadoop.ipc.DefaultRpcScheduler, ipcBackoff: false.
2019-07-13 19:09:05,439 INFO  ipc.Server (Server.java:run(1074)) - Starting Socket Reader #1 for port 41106
2019-07-13 19:09:05,443 INFO  hdfs.DFSUtil (DFSUtil.java:httpServerTemplateForNNAndJN(1641)) - Starting Web-server for scm at: http://0.0.0.0:0
2019-07-13 19:09:05,445 INFO  server.AuthenticationFilter (AuthenticationFilter.java:constructSecretProvider(240)) - Unable to initialize FileSignerSecretProvider, falling back to use random secrets.
2019-07-13 19:09:05,446 WARN  http.HttpRequestLog (HttpRequestLog.java:getRequestLog(97)) - Jetty request log can only be enabled using Log4j
2019-07-13 19:09:05,447 INFO  http.HttpServer2 (HttpServer2.java:addGlobalFilter(975)) - Added global filter 'safety' (class=org.apache.hadoop.http.HttpServer2$QuotingInputFilter)
2019-07-13 19:09:05,448 INFO  http.HttpServer2 (HttpServer2.java:addFilter(948)) - Added filter static_user_filter (class=org.apache.hadoop.http.lib.StaticUserWebFilter$StaticUserFilter) to context scm
2019-07-13 19:09:05,448 INFO  http.HttpServer2 (HttpServer2.java:addFilter(958)) - Added filter static_user_filter (class=org.apache.hadoop.http.lib.StaticUserWebFilter$StaticUserFilter) to context logs
2019-07-13 19:09:05,449 INFO  http.HttpServer2 (HttpServer2.java:addFilter(958)) - Added filter static_user_filter (class=org.apache.hadoop.http.lib.StaticUserWebFilter$StaticUserFilter) to context static
2019-07-13 19:09:05,451 INFO  server.StorageContainerManager (StorageContainerManager.java:start(759)) - StorageContainerLocationProtocol RPC server is listening at /0.0.0.0:41106
2019-07-13 19:09:05,453 WARN  impl.MetricsConfig (MetricsConfig.java:loadFirst(134)) - Cannot locate configuration: tried hadoop-metrics2-storagecontainermanager.properties,hadoop-metrics2.properties
2019-07-13 19:09:05,454 INFO  impl.MetricsSystemImpl (MetricsSystemImpl.java:startTimer(374)) - Scheduled Metric snapshot period at 10 second(s).
2019-07-13 19:09:05,454 INFO  impl.MetricsSystemImpl (MetricsSystemImpl.java:start(191)) - StorageContainerManager metrics system started
2019-07-13 19:09:05,486 INFO  server.SCMClientProtocolServer (SCMClientProtocolServer.java:start(149)) - RPC server for Client  is listening at /0.0.0.0:41106
2019-07-13 19:09:05,487 INFO  ipc.Server (Server.java:run(1314)) - IPC Server Responder: starting
2019-07-13 19:09:05,487 INFO  ipc.Server (Server.java:run(1153)) - IPC Server listener on 41106: starting
2019-07-13 19:09:05,491 INFO  server.StorageContainerManager (StorageContainerManager.java:start(768)) - ScmBlockLocationProtocol RPC server is listening at /0.0.0.0:46060
2019-07-13 19:09:05,491 INFO  server.SCMBlockProtocolServer (SCMBlockProtocolServer.java:start(140)) - RPC server for Block Protocol is listening at /0.0.0.0:46060
2019-07-13 19:09:05,492 INFO  ipc.Server (Server.java:run(1314)) - IPC Server Responder: starting
2019-07-13 19:09:05,492 INFO  ipc.Server (Server.java:run(1153)) - IPC Server listener on 46060: starting
2019-07-13 19:09:05,496 INFO  server.StorageContainerManager (StorageContainerManager.java:start(772)) - ScmDatanodeProtocl RPC server is listening at /0.0.0.0:34327
2019-07-13 19:09:05,497 INFO  server.SCMDatanodeProtocolServer (SCMDatanodeProtocolServer.java:start(191)) - RPC server for DataNodes is listening at /0.0.0.0:34327
2019-07-13 19:09:05,497 INFO  ipc.Server (Server.java:run(1314)) - IPC Server Responder: starting
2019-07-13 19:09:05,497 INFO  ipc.Server (Server.java:run(1153)) - IPC Server listener on 34327: starting
2019-07-13 19:09:05,501 INFO  http.HttpServer2 (HttpServer2.java:bindListener(1191)) - Jetty bound to port 42463
2019-07-13 19:09:05,502 INFO  server.Server (Server.java:doStart(351)) - jetty-9.3.24.v20180605, build timestamp: 2018-06-05T17:11:56Z, git hash: 84205aa28f11a4f31f2a3b86d1bba2cc8ab69827
2019-07-13 19:09:05,503 INFO  handler.ContextHandler (ContextHandler.java:doStart(781)) - Started o.e.j.s.ServletContextHandler@615e83ac{/logs,file:///tmp/workdir/hadoop-ozone/integration-test/target/log,AVAILABLE}
2019-07-13 19:09:05,504 INFO  handler.ContextHandler (ContextHandler.java:doStart(781)) - Started o.e.j.s.ServletContextHandler@4e50ae56{/static,file:///tmp/workdir/hadoop-ozone/integration-test/target/test-classes/webapps/static,AVAILABLE}
2019-07-13 19:09:05,509 INFO  handler.ContextHandler (ContextHandler.java:doStart(781)) - Started o.e.j.w.WebAppContext@4b476233{/,file:///tmp/workdir/hadoop-ozone/integration-test/target/test-classes/webapps/scm/,AVAILABLE}{/scm}
2019-07-13 19:09:05,509 INFO  server.AbstractConnector (AbstractConnector.java:doStart(278)) - Started ServerConnector@72fb989b{HTTP/1.1,[http/1.1]}{0.0.0.0:42463}
2019-07-13 19:09:05,510 INFO  server.Server (Server.java:doStart(419)) - Started @39697ms
2019-07-13 19:09:05,512 INFO  server.BaseHttpServer (BaseHttpServer.java:updateConnectorAddress(207)) - HTTP server of SCM is listening at http://0.0.0.0:42463
2019-07-13 19:09:05,512 WARN  server.ServerUtils (ServerUtils.java:getDBPath(222)) - ozone.om.db.dirs is not configured. We recommend adding this setting. Falling back to ozone.metadata.dirs instead.
2019-07-13 19:09:05,512 INFO  util.JvmPauseMonitor (JvmPauseMonitor.java:run(188)) - Starting JVM pause monitor
2019-07-13 19:09:05,528 WARN  server.ServerUtils (ServerUtils.java:getDBPath(222)) - ozone.om.db.dirs is not configured. We recommend adding this setting. Falling back to ozone.metadata.dirs instead.
2019-07-13 19:09:05,528 INFO  om.OzoneManager (OzoneManager.java:setOMNodeDetails(630)) - OM Service ID is not set. Setting it to the default ID: omServiceIdDefault
2019-07-13 19:09:05,529 INFO  om.OzoneManager (OzoneManager.java:setOMNodeDetails(636)) - OM Node ID is not set. Setting it to the OmStorage's OmID: dec1b27a-53d7-475c-821a-494962c23853
2019-07-13 19:09:05,529 INFO  om.OzoneManager (OzoneManager.java:loadOMHAConfigs(587)) - Found matching OM address with OMServiceId: null, OMNodeId: null, RPC Address: localhost:0 and Ratis port: 9872
2019-07-13 19:09:05,536 WARN  server.ServerUtils (ServerUtils.java:getDBPath(222)) - ozone.om.db.dirs is not configured. We recommend adding this setting. Falling back to ozone.metadata.dirs instead.
2019-07-13 19:09:05,537 INFO  db.DBStoreBuilder (DBStoreBuilder.java:addTable(110)) - using custom profile for table: userTable
2019-07-13 19:09:05,537 INFO  db.DBStoreBuilder (DBStoreBuilder.java:processTables(161)) - Using default column profile:DBProfile.DISK for Table:userTable
2019-07-13 19:09:05,538 INFO  db.DBStoreBuilder (DBStoreBuilder.java:addTable(110)) - using custom profile for table: volumeTable
2019-07-13 19:09:05,538 INFO  db.DBStoreBuilder (DBStoreBuilder.java:processTables(161)) - Using default column profile:DBProfile.DISK for Table:volumeTable
2019-07-13 19:09:05,538 INFO  db.DBStoreBuilder (DBStoreBuilder.java:addTable(110)) - using custom profile for table: bucketTable
2019-07-13 19:09:05,538 INFO  db.DBStoreBuilder (DBStoreBuilder.java:processTables(161)) - Using default column profile:DBProfile.DISK for Table:bucketTable
2019-07-13 19:09:05,539 INFO  db.DBStoreBuilder (DBStoreBuilder.java:addTable(110)) - using custom profile for table: keyTable
2019-07-13 19:09:05,539 INFO  db.DBStoreBuilder (DBStoreBuilder.java:processTables(161)) - Using default column profile:DBProfile.DISK for Table:keyTable
2019-07-13 19:09:05,539 INFO  db.DBStoreBuilder (DBStoreBuilder.java:addTable(110)) - using custom profile for table: deletedTable
2019-07-13 19:09:05,539 INFO  db.DBStoreBuilder (DBStoreBuilder.java:processTables(161)) - Using default column profile:DBProfile.DISK for Table:deletedTable
2019-07-13 19:09:05,540 INFO  db.DBStoreBuilder (DBStoreBuilder.java:addTable(110)) - using custom profile for table: openKeyTable
2019-07-13 19:09:05,540 INFO  db.DBStoreBuilder (DBStoreBuilder.java:processTables(161)) - Using default column profile:DBProfile.DISK for Table:openKeyTable
2019-07-13 19:09:05,540 INFO  db.DBStoreBuilder (DBStoreBuilder.java:addTable(110)) - using custom profile for table: s3Table
2019-07-13 19:09:05,540 INFO  db.DBStoreBuilder (DBStoreBuilder.java:processTables(161)) - Using default column profile:DBProfile.DISK for Table:s3Table
2019-07-13 19:09:05,541 INFO  db.DBStoreBuilder (DBStoreBuilder.java:addTable(110)) - using custom profile for table: multipartInfoTable
2019-07-13 19:09:05,541 INFO  db.DBStoreBuilder (DBStoreBuilder.java:processTables(161)) - Using default column profile:DBProfile.DISK for Table:multipartInfoTable
2019-07-13 19:09:05,541 INFO  db.DBStoreBuilder (DBStoreBuilder.java:addTable(110)) - using custom profile for table: dTokenTable
2019-07-13 19:09:05,541 INFO  db.DBStoreBuilder (DBStoreBuilder.java:processTables(161)) - Using default column profile:DBProfile.DISK for Table:dTokenTable
2019-07-13 19:09:05,542 INFO  db.DBStoreBuilder (DBStoreBuilder.java:addTable(110)) - using custom profile for table: s3SecretTable
2019-07-13 19:09:05,542 INFO  db.DBStoreBuilder (DBStoreBuilder.java:processTables(161)) - Using default column profile:DBProfile.DISK for Table:s3SecretTable
2019-07-13 19:09:05,542 INFO  db.DBStoreBuilder (DBStoreBuilder.java:addTable(110)) - using custom profile for table: prefixTable
2019-07-13 19:09:05,543 INFO  db.DBStoreBuilder (DBStoreBuilder.java:processTables(161)) - Using default column profile:DBProfile.DISK for Table:prefixTable
2019-07-13 19:09:05,543 INFO  db.DBStoreBuilder (DBStoreBuilder.java:addTable(110)) - using custom profile for table: default
2019-07-13 19:09:05,543 INFO  db.DBStoreBuilder (DBStoreBuilder.java:processTables(167)) - Using default column profile:DBProfile.DISK for Table:default
2019-07-13 19:09:05,543 INFO  db.DBStoreBuilder (DBStoreBuilder.java:getDbProfile(198)) - Using default options. DBProfile.DISK
2019-07-13 19:09:06,208 INFO  ipc.CallQueueManager (CallQueueManager.java:<init>(84)) - Using callQueue: class java.util.concurrent.LinkedBlockingQueue, queueCapacity: 2000, scheduler: class org.apache.hadoop.ipc.DefaultRpcScheduler, ipcBackoff: false.
2019-07-13 19:09:06,209 INFO  ipc.Server (Server.java:run(1074)) - Starting Socket Reader #1 for port 34237
2019-07-13 19:09:06,230 WARN  server.ServerUtils (ServerUtils.java:getDBPath(222)) - ozone.om.db.dirs is not configured. We recommend adding this setting. Falling back to ozone.metadata.dirs instead.
2019-07-13 19:09:06,231 INFO  om.OzoneManager (OzoneManager.java:start(1228)) - OzoneManager RPC server is listening at localhost/127.0.0.1:34237
2019-07-13 19:09:06,231 INFO  impl.MetricsSystemImpl (MetricsSystemImpl.java:init(158)) - OzoneManager metrics system started (again)
2019-07-13 19:09:06,232 INFO  ipc.Server (Server.java:run(1314)) - IPC Server Responder: starting
2019-07-13 19:09:06,232 INFO  ipc.Server (Server.java:run(1153)) - IPC Server listener on 34237: starting
2019-07-13 19:09:06,238 INFO  hdfs.DFSUtil (DFSUtil.java:httpServerTemplateForNNAndJN(1641)) - Starting Web-server for ozoneManager at: http://0.0.0.0:0
2019-07-13 19:09:06,240 INFO  server.AuthenticationFilter (AuthenticationFilter.java:constructSecretProvider(240)) - Unable to initialize FileSignerSecretProvider, falling back to use random secrets.
2019-07-13 19:09:06,241 WARN  http.HttpRequestLog (HttpRequestLog.java:getRequestLog(97)) - Jetty request log can only be enabled using Log4j
2019-07-13 19:09:06,243 INFO  http.HttpServer2 (HttpServer2.java:addGlobalFilter(975)) - Added global filter 'safety' (class=org.apache.hadoop.http.HttpServer2$QuotingInputFilter)
2019-07-13 19:09:06,244 INFO  http.HttpServer2 (HttpServer2.java:addFilter(948)) - Added filter static_user_filter (class=org.apache.hadoop.http.lib.StaticUserWebFilter$StaticUserFilter) to context ozoneManager
2019-07-13 19:09:06,244 INFO  http.HttpServer2 (HttpServer2.java:addFilter(958)) - Added filter static_user_filter (class=org.apache.hadoop.http.lib.StaticUserWebFilter$StaticUserFilter) to context static
2019-07-13 19:09:06,245 INFO  http.HttpServer2 (HttpServer2.java:addFilter(958)) - Added filter static_user_filter (class=org.apache.hadoop.http.lib.StaticUserWebFilter$StaticUserFilter) to context logs
2019-07-13 19:09:06,246 INFO  http.HttpServer2 (HttpServer2.java:bindListener(1191)) - Jetty bound to port 35954
2019-07-13 19:09:06,246 INFO  server.Server (Server.java:doStart(351)) - jetty-9.3.24.v20180605, build timestamp: 2018-06-05T17:11:56Z, git hash: 84205aa28f11a4f31f2a3b86d1bba2cc8ab69827
2019-07-13 19:09:06,249 INFO  handler.ContextHandler (ContextHandler.java:doStart(781)) - Started o.e.j.s.ServletContextHandler@796c68bf{/logs,file:///tmp/workdir/hadoop-ozone/integration-test/target/log,AVAILABLE}
2019-07-13 19:09:06,250 INFO  handler.ContextHandler (ContextHandler.java:doStart(781)) - Started o.e.j.s.ServletContextHandler@1a7163e3{/static,file:///tmp/workdir/hadoop-ozone/integration-test/target/test-classes/webapps/static,AVAILABLE}
2019-07-13 19:09:06,257 INFO  handler.ContextHandler (ContextHandler.java:doStart(781)) - Started o.e.j.w.WebAppContext@6def0632{/,file:///tmp/workdir/hadoop-ozone/integration-test/target/test-classes/webapps/ozoneManager/,AVAILABLE}{/ozoneManager}
2019-07-13 19:09:06,258 INFO  server.AbstractConnector (AbstractConnector.java:doStart(278)) - Started ServerConnector@49038f97{HTTP/1.1,[http/1.1]}{0.0.0.0:35954}
2019-07-13 19:09:06,259 INFO  server.Server (Server.java:doStart(419)) - Started @40445ms
2019-07-13 19:09:06,259 INFO  server.BaseHttpServer (BaseHttpServer.java:updateConnectorAddress(207)) - HTTP server of OZONEMANAGER is listening at http://0.0.0.0:35954
2019-07-13 19:09:06,278 INFO  impl.MetricsSystemImpl (MetricsSystemImpl.java:init(158)) - HddsDatanode metrics system started (again)
2019-07-13 19:09:06,278 INFO  ozone.HddsDatanodeService (HddsDatanodeService.java:start(185)) - HddsDatanodeService host:trunk-nightly-fxqsz-774976932 ip:192.168.69.122
2019-07-13 19:09:06,287 INFO  volume.HddsVolume (HddsVolume.java:<init>(176)) - Creating Volume: /tmp/workdir/hadoop-ozone/integration-test/target/test-dir/MiniOzoneClusterImpl-3de7031e-3462-48a1-a96e-52dd849d2e15/datanode-0/data/containers/hdds of  storage type : DISK and capacity : 52710309888
2019-07-13 19:09:06,287 INFO  volume.VolumeSet (VolumeSet.java:initializeVolumeSet(170)) - Added Volume : /tmp/workdir/hadoop-ozone/integration-test/target/test-dir/MiniOzoneClusterImpl-3de7031e-3462-48a1-a96e-52dd849d2e15/datanode-0/data/containers/hdds to VolumeSet
2019-07-13 19:09:06,287 INFO  volume.ThrottledAsyncChecker (ThrottledAsyncChecker.java:schedule(140)) - Scheduling a check for org.apache.hadoop.ozone.container.common.volume.HddsVolume@14a1769d
2019-07-13 19:09:06,288 INFO  volume.HddsVolumeChecker (HddsVolumeChecker.java:checkAllVolumes(203)) - Scheduled health check for volume org.apache.hadoop.ozone.container.common.volume.HddsVolume@14a1769d
2019-07-13 19:09:06,306 INFO  impl.RaftServerProxy (ConfUtils.java:logGet(43)) - raft.rpc.type = GRPC (default)
2019-07-13 19:09:06,307 INFO  grpc.GrpcFactory (GrpcFactory.java:checkPooledByteBufAllocatorUseCacheForAllThreads(45)) - PERFORMANCE WARNING: useCacheForAllThreads is true that may cause Netty to create a lot garbage objects and, as a result, trigger GC.
	It is recommended to disable useCacheForAllThreads by setting -Dorg.apache.ratis.thirdparty.io.netty.allocator.useCacheForAllThreads=false in command line.
2019-07-13 19:09:06,307 INFO  grpc.GrpcConfigKeys$Server (ConfUtils.java:logGet(43)) - raft.grpc.server.port = 0 (default)
2019-07-13 19:09:06,307 INFO  server.GrpcService (ConfUtils.java:logGet(43)) - raft.grpc.message.size.max = 33570816 (custom)
2019-07-13 19:09:06,308 INFO  server.RaftServerConfigKeys (ConfUtils.java:logGet(43)) - raft.server.log.appender.buffer.byte-limit = 33554432 (custom)
2019-07-13 19:09:06,308 INFO  server.GrpcService (ConfUtils.java:logGet(43)) - raft.grpc.flow.control.window = 1MB (=1048576) (default)
2019-07-13 19:09:06,308 INFO  server.RaftServerConfigKeys (ConfUtils.java:logGet(43)) - raft.server.rpc.request.timeout = 3000ms (default)
2019-07-13 19:09:06,309 INFO  server.RaftServerConfigKeys (ConfUtils.java:logGet(43)) - raft.server.storage.dir = [/tmp/workdir/hadoop-ozone/integration-test/target/test-dir/MiniOzoneClusterImpl-3de7031e-3462-48a1-a96e-52dd849d2e15/datanode-0/data/ratis] (custom)
2019-07-13 19:09:06,309 INFO  replication.SimpleContainerDownloader (SimpleContainerDownloader.java:<init>(72)) - Starting container downloader service to copy containers to replicate.
2019-07-13 19:09:06,311 INFO  hdfs.DFSUtil (DFSUtil.java:httpServerTemplateForNNAndJN(1641)) - Starting Web-server for hddsDatanode at: http://0.0.0.0:0
2019-07-13 19:09:06,312 INFO  server.AuthenticationFilter (AuthenticationFilter.java:constructSecretProvider(240)) - Unable to initialize FileSignerSecretProvider, falling back to use random secrets.
2019-07-13 19:09:06,313 WARN  http.HttpRequestLog (HttpRequestLog.java:getRequestLog(97)) - Jetty request log can only be enabled using Log4j
2019-07-13 19:09:06,314 INFO  http.HttpServer2 (HttpServer2.java:addGlobalFilter(975)) - Added global filter 'safety' (class=org.apache.hadoop.http.HttpServer2$QuotingInputFilter)
2019-07-13 19:09:06,315 INFO  http.HttpServer2 (HttpServer2.java:addFilter(948)) - Added filter static_user_filter (class=org.apache.hadoop.http.lib.StaticUserWebFilter$StaticUserFilter) to context hddsDatanode
2019-07-13 19:09:06,315 INFO  http.HttpServer2 (HttpServer2.java:addFilter(958)) - Added filter static_user_filter (class=org.apache.hadoop.http.lib.StaticUserWebFilter$StaticUserFilter) to context static
2019-07-13 19:09:06,315 INFO  http.HttpServer2 (HttpServer2.java:addFilter(958)) - Added filter static_user_filter (class=org.apache.hadoop.http.lib.StaticUserWebFilter$StaticUserFilter) to context logs
2019-07-13 19:09:06,316 INFO  http.HttpServer2 (HttpServer2.java:bindListener(1191)) - Jetty bound to port 44989
2019-07-13 19:09:06,316 INFO  server.Server (Server.java:doStart(351)) - jetty-9.3.24.v20180605, build timestamp: 2018-06-05T17:11:56Z, git hash: 84205aa28f11a4f31f2a3b86d1bba2cc8ab69827
2019-07-13 19:09:06,318 INFO  handler.ContextHandler (ContextHandler.java:doStart(781)) - Started o.e.j.s.ServletContextHandler@26bb92e2{/logs,file:///tmp/workdir/hadoop-ozone/integration-test/target/log,AVAILABLE}
2019-07-13 19:09:06,319 INFO  handler.ContextHandler (ContextHandler.java:doStart(781)) - Started o.e.j.s.ServletContextHandler@658e7ead{/static,jar:file:/home/user/.m2/repository/org/apache/hadoop/hadoop-hdds-container-service/0.5.0-SNAPSHOT/hadoop-hdds-container-service-0.5.0-SNAPSHOT.jar!/webapps/static,AVAILABLE}
2019-07-13 19:09:06,350 INFO  handler.ContextHandler (ContextHandler.java:doStart(781)) - Started o.e.j.w.WebAppContext@bf2aa32{/,file:///tmp/jetty-0.0.0.0-44989-hddsDatanode-_-any-7153589622563987562.dir/webapp/,AVAILABLE}{/hddsDatanode}
2019-07-13 19:09:06,351 INFO  server.AbstractConnector (AbstractConnector.java:doStart(278)) - Started ServerConnector@56da96b3{HTTP/1.1,[http/1.1]}{0.0.0.0:44989}
2019-07-13 19:09:06,352 INFO  server.Server (Server.java:doStart(419)) - Started @40538ms
2019-07-13 19:09:06,353 INFO  server.BaseHttpServer (BaseHttpServer.java:updateConnectorAddress(207)) - HTTP server of HDDSDATANODE is listening at http://0.0.0.0:44989
2019-07-13 19:09:06,471 INFO  ozone.HddsDatanodeService (HddsDatanodeService.java:startPlugins(396)) - Started plug-in org.apache.hadoop.ozone.web.OzoneHddsDatanodeService@2321e482
2019-07-13 19:09:06,472 INFO  impl.MetricsSystemImpl (MetricsSystemImpl.java:init(158)) - HddsDatanode metrics system started (again)
2019-07-13 19:09:06,473 INFO  ozone.HddsDatanodeService (HddsDatanodeService.java:start(185)) - HddsDatanodeService host:trunk-nightly-fxqsz-774976932 ip:192.168.69.122
2019-07-13 19:09:06,474 INFO  util.JvmPauseMonitor (JvmPauseMonitor.java:run(188)) - Starting JVM pause monitor
2019-07-13 19:09:06,476 INFO  datanode.InitDatanodeState (InitDatanodeState.java:persistContainerDatanodeDetails(140)) - DatanodeDetails is persisted to /tmp/workdir/hadoop-ozone/integration-test/target/test-dir/MiniOzoneClusterImpl-3de7031e-3462-48a1-a96e-52dd849d2e15/datanode-0/meta/datanode.id
2019-07-13 19:09:06,480 INFO  volume.HddsVolume (HddsVolume.java:<init>(176)) - Creating Volume: /tmp/workdir/hadoop-ozone/integration-test/target/test-dir/MiniOzoneClusterImpl-3de7031e-3462-48a1-a96e-52dd849d2e15/datanode-1/data/containers/hdds of  storage type : DISK and capacity : 52710309888
2019-07-13 19:09:06,480 INFO  volume.VolumeSet (VolumeSet.java:initializeVolumeSet(170)) - Added Volume : /tmp/workdir/hadoop-ozone/integration-test/target/test-dir/MiniOzoneClusterImpl-3de7031e-3462-48a1-a96e-52dd849d2e15/datanode-1/data/containers/hdds to VolumeSet
2019-07-13 19:09:06,480 INFO  volume.ThrottledAsyncChecker (ThrottledAsyncChecker.java:schedule(140)) - Scheduling a check for org.apache.hadoop.ozone.container.common.volume.HddsVolume@3ef2b8e5
2019-07-13 19:09:06,481 INFO  volume.HddsVolumeChecker (HddsVolumeChecker.java:checkAllVolumes(203)) - Scheduled health check for volume org.apache.hadoop.ozone.container.common.volume.HddsVolume@3ef2b8e5
2019-07-13 19:09:06,493 INFO  impl.RaftServerProxy (ConfUtils.java:logGet(43)) - raft.rpc.type = GRPC (default)
2019-07-13 19:09:06,494 INFO  grpc.GrpcFactory (GrpcFactory.java:checkPooledByteBufAllocatorUseCacheForAllThreads(45)) - PERFORMANCE WARNING: useCacheForAllThreads is true that may cause Netty to create a lot garbage objects and, as a result, trigger GC.
	It is recommended to disable useCacheForAllThreads by setting -Dorg.apache.ratis.thirdparty.io.netty.allocator.useCacheForAllThreads=false in command line.
2019-07-13 19:09:06,494 INFO  grpc.GrpcConfigKeys$Server (ConfUtils.java:logGet(43)) - raft.grpc.server.port = 0 (default)
2019-07-13 19:09:06,494 INFO  server.GrpcService (ConfUtils.java:logGet(43)) - raft.grpc.message.size.max = 33570816 (custom)
2019-07-13 19:09:06,494 INFO  server.RaftServerConfigKeys (ConfUtils.java:logGet(43)) - raft.server.log.appender.buffer.byte-limit = 33554432 (custom)
2019-07-13 19:09:06,494 INFO  server.GrpcService (ConfUtils.java:logGet(43)) - raft.grpc.flow.control.window = 1MB (=1048576) (default)
2019-07-13 19:09:06,495 INFO  server.RaftServerConfigKeys (ConfUtils.java:logGet(43)) - raft.server.rpc.request.timeout = 3000ms (default)
2019-07-13 19:09:06,495 INFO  server.RaftServerConfigKeys (ConfUtils.java:logGet(43)) - raft.server.storage.dir = [/tmp/workdir/hadoop-ozone/integration-test/target/test-dir/MiniOzoneClusterImpl-3de7031e-3462-48a1-a96e-52dd849d2e15/datanode-1/data/ratis] (custom)
2019-07-13 19:09:06,496 INFO  replication.SimpleContainerDownloader (SimpleContainerDownloader.java:<init>(72)) - Starting container downloader service to copy containers to replicate.
2019-07-13 19:09:06,497 INFO  hdfs.DFSUtil (DFSUtil.java:httpServerTemplateForNNAndJN(1641)) - Starting Web-server for hddsDatanode at: http://0.0.0.0:0
2019-07-13 19:09:06,498 INFO  server.AuthenticationFilter (AuthenticationFilter.java:constructSecretProvider(240)) - Unable to initialize FileSignerSecretProvider, falling back to use random secrets.
2019-07-13 19:09:06,498 WARN  http.HttpRequestLog (HttpRequestLog.java:getRequestLog(97)) - Jetty request log can only be enabled using Log4j
2019-07-13 19:09:06,499 INFO  http.HttpServer2 (HttpServer2.java:addGlobalFilter(975)) - Added global filter 'safety' (class=org.apache.hadoop.http.HttpServer2$QuotingInputFilter)
2019-07-13 19:09:06,500 INFO  http.HttpServer2 (HttpServer2.java:addFilter(948)) - Added filter static_user_filter (class=org.apache.hadoop.http.lib.StaticUserWebFilter$StaticUserFilter) to context hddsDatanode
2019-07-13 19:09:06,500 INFO  http.HttpServer2 (HttpServer2.java:addFilter(958)) - Added filter static_user_filter (class=org.apache.hadoop.http.lib.StaticUserWebFilter$StaticUserFilter) to context static
2019-07-13 19:09:06,500 INFO  http.HttpServer2 (HttpServer2.java:addFilter(958)) - Added filter static_user_filter (class=org.apache.hadoop.http.lib.StaticUserWebFilter$StaticUserFilter) to context logs
2019-07-13 19:09:06,501 INFO  http.HttpServer2 (HttpServer2.java:bindListener(1191)) - Jetty bound to port 44500
2019-07-13 19:09:06,501 INFO  server.Server (Server.java:doStart(351)) - jetty-9.3.24.v20180605, build timestamp: 2018-06-05T17:11:56Z, git hash: 84205aa28f11a4f31f2a3b86d1bba2cc8ab69827
2019-07-13 19:09:06,502 INFO  handler.ContextHandler (ContextHandler.java:doStart(781)) - Started o.e.j.s.ServletContextHandler@2964511{/logs,file:///tmp/workdir/hadoop-ozone/integration-test/target/log,AVAILABLE}
2019-07-13 19:09:06,503 INFO  handler.ContextHandler (ContextHandler.java:doStart(781)) - Started o.e.j.s.ServletContextHandler@6ea66c33{/static,jar:file:/home/user/.m2/repository/org/apache/hadoop/hadoop-hdds-container-service/0.5.0-SNAPSHOT/hadoop-hdds-container-service-0.5.0-SNAPSHOT.jar!/webapps/static,AVAILABLE}
2019-07-13 19:09:06,529 INFO  handler.ContextHandler (ContextHandler.java:doStart(781)) - Started o.e.j.w.WebAppContext@7e0986c9{/,file:///tmp/jetty-0.0.0.0-44500-hddsDatanode-_-any-3464438757958080610.dir/webapp/,AVAILABLE}{/hddsDatanode}
2019-07-13 19:09:06,530 INFO  server.AbstractConnector (AbstractConnector.java:doStart(278)) - Started ServerConnector@1377b1a0{HTTP/1.1,[http/1.1]}{0.0.0.0:44500}
2019-07-13 19:09:06,531 INFO  server.Server (Server.java:doStart(419)) - Started @40718ms
2019-07-13 19:09:06,532 INFO  server.BaseHttpServer (BaseHttpServer.java:updateConnectorAddress(207)) - HTTP server of HDDSDATANODE is listening at http://0.0.0.0:44500
2019-07-13 19:09:06,647 INFO  ozone.HddsDatanodeService (HddsDatanodeService.java:startPlugins(396)) - Started plug-in org.apache.hadoop.ozone.web.OzoneHddsDatanodeService@51132514
2019-07-13 19:09:06,648 INFO  impl.MetricsSystemImpl (MetricsSystemImpl.java:init(158)) - HddsDatanode metrics system started (again)
2019-07-13 19:09:06,650 INFO  ozone.HddsDatanodeService (HddsDatanodeService.java:start(185)) - HddsDatanodeService host:trunk-nightly-fxqsz-774976932 ip:192.168.69.122
2019-07-13 19:09:06,651 INFO  util.JvmPauseMonitor (JvmPauseMonitor.java:run(188)) - Starting JVM pause monitor
2019-07-13 19:09:06,653 INFO  datanode.InitDatanodeState (InitDatanodeState.java:persistContainerDatanodeDetails(140)) - DatanodeDetails is persisted to /tmp/workdir/hadoop-ozone/integration-test/target/test-dir/MiniOzoneClusterImpl-3de7031e-3462-48a1-a96e-52dd849d2e15/datanode-1/meta/datanode.id
2019-07-13 19:09:06,657 INFO  volume.HddsVolume (HddsVolume.java:<init>(176)) - Creating Volume: /tmp/workdir/hadoop-ozone/integration-test/target/test-dir/MiniOzoneClusterImpl-3de7031e-3462-48a1-a96e-52dd849d2e15/datanode-2/data/containers/hdds of  storage type : DISK and capacity : 52710309888
2019-07-13 19:09:06,657 INFO  volume.VolumeSet (VolumeSet.java:initializeVolumeSet(170)) - Added Volume : /tmp/workdir/hadoop-ozone/integration-test/target/test-dir/MiniOzoneClusterImpl-3de7031e-3462-48a1-a96e-52dd849d2e15/datanode-2/data/containers/hdds to VolumeSet
2019-07-13 19:09:06,657 INFO  volume.ThrottledAsyncChecker (ThrottledAsyncChecker.java:schedule(140)) - Scheduling a check for org.apache.hadoop.ozone.container.common.volume.HddsVolume@2b6262bc
2019-07-13 19:09:06,658 INFO  volume.HddsVolumeChecker (HddsVolumeChecker.java:checkAllVolumes(203)) - Scheduled health check for volume org.apache.hadoop.ozone.container.common.volume.HddsVolume@2b6262bc
2019-07-13 19:09:06,672 INFO  impl.RaftServerProxy (ConfUtils.java:logGet(43)) - raft.rpc.type = GRPC (default)
2019-07-13 19:09:06,672 INFO  grpc.GrpcFactory (GrpcFactory.java:checkPooledByteBufAllocatorUseCacheForAllThreads(45)) - PERFORMANCE WARNING: useCacheForAllThreads is true that may cause Netty to create a lot garbage objects and, as a result, trigger GC.
	It is recommended to disable useCacheForAllThreads by setting -Dorg.apache.ratis.thirdparty.io.netty.allocator.useCacheForAllThreads=false in command line.
2019-07-13 19:09:06,672 INFO  grpc.GrpcConfigKeys$Server (ConfUtils.java:logGet(43)) - raft.grpc.server.port = 0 (default)
2019-07-13 19:09:06,672 INFO  server.GrpcService (ConfUtils.java:logGet(43)) - raft.grpc.message.size.max = 33570816 (custom)
2019-07-13 19:09:06,672 INFO  server.RaftServerConfigKeys (ConfUtils.java:logGet(43)) - raft.server.log.appender.buffer.byte-limit = 33554432 (custom)
2019-07-13 19:09:06,673 INFO  server.GrpcService (ConfUtils.java:logGet(43)) - raft.grpc.flow.control.window = 1MB (=1048576) (default)
2019-07-13 19:09:06,673 INFO  server.RaftServerConfigKeys (ConfUtils.java:logGet(43)) - raft.server.rpc.request.timeout = 3000ms (default)
2019-07-13 19:09:06,673 INFO  server.RaftServerConfigKeys (ConfUtils.java:logGet(43)) - raft.server.storage.dir = [/tmp/workdir/hadoop-ozone/integration-test/target/test-dir/MiniOzoneClusterImpl-3de7031e-3462-48a1-a96e-52dd849d2e15/datanode-2/data/ratis] (custom)
2019-07-13 19:09:06,674 INFO  replication.SimpleContainerDownloader (SimpleContainerDownloader.java:<init>(72)) - Starting container downloader service to copy containers to replicate.
2019-07-13 19:09:06,675 INFO  hdfs.DFSUtil (DFSUtil.java:httpServerTemplateForNNAndJN(1641)) - Starting Web-server for hddsDatanode at: http://0.0.0.0:0
2019-07-13 19:09:06,676 INFO  server.AuthenticationFilter (AuthenticationFilter.java:constructSecretProvider(240)) - Unable to initialize FileSignerSecretProvider, falling back to use random secrets.
2019-07-13 19:09:06,676 WARN  http.HttpRequestLog (HttpRequestLog.java:getRequestLog(97)) - Jetty request log can only be enabled using Log4j
2019-07-13 19:09:06,678 INFO  http.HttpServer2 (HttpServer2.java:addGlobalFilter(975)) - Added global filter 'safety' (class=org.apache.hadoop.http.HttpServer2$QuotingInputFilter)
2019-07-13 19:09:06,678 INFO  http.HttpServer2 (HttpServer2.java:addFilter(948)) - Added filter static_user_filter (class=org.apache.hadoop.http.lib.StaticUserWebFilter$StaticUserFilter) to context hddsDatanode
2019-07-13 19:09:06,678 INFO  http.HttpServer2 (HttpServer2.java:addFilter(958)) - Added filter static_user_filter (class=org.apache.hadoop.http.lib.StaticUserWebFilter$StaticUserFilter) to context static
2019-07-13 19:09:06,678 INFO  http.HttpServer2 (HttpServer2.java:addFilter(958)) - Added filter static_user_filter (class=org.apache.hadoop.http.lib.StaticUserWebFilter$StaticUserFilter) to context logs
2019-07-13 19:09:06,679 INFO  http.HttpServer2 (HttpServer2.java:bindListener(1191)) - Jetty bound to port 33341
2019-07-13 19:09:06,679 INFO  server.Server (Server.java:doStart(351)) - jetty-9.3.24.v20180605, build timestamp: 2018-06-05T17:11:56Z, git hash: 84205aa28f11a4f31f2a3b86d1bba2cc8ab69827
2019-07-13 19:09:06,681 INFO  handler.ContextHandler (ContextHandler.java:doStart(781)) - Started o.e.j.s.ServletContextHandler@6dcf7b6a{/logs,file:///tmp/workdir/hadoop-ozone/integration-test/target/log,AVAILABLE}
2019-07-13 19:09:06,681 INFO  handler.ContextHandler (ContextHandler.java:doStart(781)) - Started o.e.j.s.ServletContextHandler@247bbfba{/static,jar:file:/home/user/.m2/repository/org/apache/hadoop/hadoop-hdds-container-service/0.5.0-SNAPSHOT/hadoop-hdds-container-service-0.5.0-SNAPSHOT.jar!/webapps/static,AVAILABLE}
2019-07-13 19:09:06,708 INFO  handler.ContextHandler (ContextHandler.java:doStart(781)) - Started o.e.j.w.WebAppContext@5086623f{/,file:///tmp/jetty-0.0.0.0-33341-hddsDatanode-_-any-330118641347218494.dir/webapp/,AVAILABLE}{/hddsDatanode}
2019-07-13 19:09:06,708 INFO  server.AbstractConnector (AbstractConnector.java:doStart(278)) - Started ServerConnector@20027c44{HTTP/1.1,[http/1.1]}{0.0.0.0:33341}
2019-07-13 19:09:06,710 INFO  server.Server (Server.java:doStart(419)) - Started @40896ms
2019-07-13 19:09:06,710 INFO  server.BaseHttpServer (BaseHttpServer.java:updateConnectorAddress(207)) - HTTP server of HDDSDATANODE is listening at http://0.0.0.0:33341
2019-07-13 19:09:06,919 INFO  ozone.HddsDatanodeService (HddsDatanodeService.java:startPlugins(396)) - Started plug-in org.apache.hadoop.ozone.web.OzoneHddsDatanodeService@59d5c537
2019-07-13 19:09:06,919 INFO  impl.MetricsSystemImpl (MetricsSystemImpl.java:init(158)) - HddsDatanode metrics system started (again)
2019-07-13 19:09:06,921 INFO  ozone.HddsDatanodeService (HddsDatanodeService.java:start(185)) - HddsDatanodeService host:trunk-nightly-fxqsz-774976932 ip:192.168.69.122
2019-07-13 19:09:06,922 INFO  util.JvmPauseMonitor (JvmPauseMonitor.java:run(188)) - Starting JVM pause monitor
2019-07-13 19:09:06,925 INFO  datanode.InitDatanodeState (InitDatanodeState.java:persistContainerDatanodeDetails(140)) - DatanodeDetails is persisted to /tmp/workdir/hadoop-ozone/integration-test/target/test-dir/MiniOzoneClusterImpl-3de7031e-3462-48a1-a96e-52dd849d2e15/datanode-2/meta/datanode.id
2019-07-13 19:09:06,929 INFO  volume.HddsVolume (HddsVolume.java:<init>(176)) - Creating Volume: /tmp/workdir/hadoop-ozone/integration-test/target/test-dir/MiniOzoneClusterImpl-3de7031e-3462-48a1-a96e-52dd849d2e15/datanode-3/data/containers/hdds of  storage type : DISK and capacity : 52710309888
2019-07-13 19:09:06,929 INFO  volume.VolumeSet (VolumeSet.java:initializeVolumeSet(170)) - Added Volume : /tmp/workdir/hadoop-ozone/integration-test/target/test-dir/MiniOzoneClusterImpl-3de7031e-3462-48a1-a96e-52dd849d2e15/datanode-3/data/containers/hdds to VolumeSet
2019-07-13 19:09:06,929 INFO  volume.ThrottledAsyncChecker (ThrottledAsyncChecker.java:schedule(140)) - Scheduling a check for org.apache.hadoop.ozone.container.common.volume.HddsVolume@4540c7
2019-07-13 19:09:06,930 INFO  volume.HddsVolumeChecker (HddsVolumeChecker.java:checkAllVolumes(203)) - Scheduled health check for volume org.apache.hadoop.ozone.container.common.volume.HddsVolume@4540c7
2019-07-13 19:09:06,942 INFO  impl.RaftServerProxy (ConfUtils.java:logGet(43)) - raft.rpc.type = GRPC (default)
2019-07-13 19:09:06,942 INFO  grpc.GrpcFactory (GrpcFactory.java:checkPooledByteBufAllocatorUseCacheForAllThreads(45)) - PERFORMANCE WARNING: useCacheForAllThreads is true that may cause Netty to create a lot garbage objects and, as a result, trigger GC.
	It is recommended to disable useCacheForAllThreads by setting -Dorg.apache.ratis.thirdparty.io.netty.allocator.useCacheForAllThreads=false in command line.
2019-07-13 19:09:06,943 INFO  grpc.GrpcConfigKeys$Server (ConfUtils.java:logGet(43)) - raft.grpc.server.port = 0 (default)
2019-07-13 19:09:06,943 INFO  server.GrpcService (ConfUtils.java:logGet(43)) - raft.grpc.message.size.max = 33570816 (custom)
2019-07-13 19:09:06,943 INFO  server.RaftServerConfigKeys (ConfUtils.java:logGet(43)) - raft.server.log.appender.buffer.byte-limit = 33554432 (custom)
2019-07-13 19:09:06,943 INFO  server.GrpcService (ConfUtils.java:logGet(43)) - raft.grpc.flow.control.window = 1MB (=1048576) (default)
2019-07-13 19:09:06,943 INFO  server.RaftServerConfigKeys (ConfUtils.java:logGet(43)) - raft.server.rpc.request.timeout = 3000ms (default)
2019-07-13 19:09:06,944 INFO  server.RaftServerConfigKeys (ConfUtils.java:logGet(43)) - raft.server.storage.dir = [/tmp/workdir/hadoop-ozone/integration-test/target/test-dir/MiniOzoneClusterImpl-3de7031e-3462-48a1-a96e-52dd849d2e15/datanode-3/data/ratis] (custom)
2019-07-13 19:09:06,944 INFO  replication.SimpleContainerDownloader (SimpleContainerDownloader.java:<init>(72)) - Starting container downloader service to copy containers to replicate.
2019-07-13 19:09:06,945 INFO  hdfs.DFSUtil (DFSUtil.java:httpServerTemplateForNNAndJN(1641)) - Starting Web-server for hddsDatanode at: http://0.0.0.0:0
2019-07-13 19:09:06,946 INFO  server.AuthenticationFilter (AuthenticationFilter.java:constructSecretProvider(240)) - Unable to initialize FileSignerSecretProvider, falling back to use random secrets.
2019-07-13 19:09:06,947 WARN  http.HttpRequestLog (HttpRequestLog.java:getRequestLog(97)) - Jetty request log can only be enabled using Log4j
2019-07-13 19:09:06,948 INFO  http.HttpServer2 (HttpServer2.java:addGlobalFilter(975)) - Added global filter 'safety' (class=org.apache.hadoop.http.HttpServer2$QuotingInputFilter)
2019-07-13 19:09:06,949 INFO  http.HttpServer2 (HttpServer2.java:addFilter(948)) - Added filter static_user_filter (class=org.apache.hadoop.http.lib.StaticUserWebFilter$StaticUserFilter) to context hddsDatanode
2019-07-13 19:09:06,949 INFO  http.HttpServer2 (HttpServer2.java:addFilter(958)) - Added filter static_user_filter (class=org.apache.hadoop.http.lib.StaticUserWebFilter$StaticUserFilter) to context static
2019-07-13 19:09:06,949 INFO  http.HttpServer2 (HttpServer2.java:addFilter(958)) - Added filter static_user_filter (class=org.apache.hadoop.http.lib.StaticUserWebFilter$StaticUserFilter) to context logs
2019-07-13 19:09:06,949 INFO  http.HttpServer2 (HttpServer2.java:bindListener(1191)) - Jetty bound to port 46062
2019-07-13 19:09:06,950 INFO  server.Server (Server.java:doStart(351)) - jetty-9.3.24.v20180605, build timestamp: 2018-06-05T17:11:56Z, git hash: 84205aa28f11a4f31f2a3b86d1bba2cc8ab69827
2019-07-13 19:09:06,951 INFO  handler.ContextHandler (ContextHandler.java:doStart(781)) - Started o.e.j.s.ServletContextHandler@6c24f61d{/logs,file:///tmp/workdir/hadoop-ozone/integration-test/target/log,AVAILABLE}
2019-07-13 19:09:06,952 INFO  handler.ContextHandler (ContextHandler.java:doStart(781)) - Started o.e.j.s.ServletContextHandler@14292d71{/static,jar:file:/home/user/.m2/repository/org/apache/hadoop/hadoop-hdds-container-service/0.5.0-SNAPSHOT/hadoop-hdds-container-service-0.5.0-SNAPSHOT.jar!/webapps/static,AVAILABLE}
2019-07-13 19:09:06,978 INFO  handler.ContextHandler (ContextHandler.java:doStart(781)) - Started o.e.j.w.WebAppContext@782e6b40{/,file:///tmp/jetty-0.0.0.0-46062-hddsDatanode-_-any-4749317720939339349.dir/webapp/,AVAILABLE}{/hddsDatanode}
2019-07-13 19:09:06,978 INFO  server.AbstractConnector (AbstractConnector.java:doStart(278)) - Started ServerConnector@3b65084e{HTTP/1.1,[http/1.1]}{0.0.0.0:46062}
2019-07-13 19:09:06,980 INFO  server.Server (Server.java:doStart(419)) - Started @41166ms
2019-07-13 19:09:06,980 INFO  server.BaseHttpServer (BaseHttpServer.java:updateConnectorAddress(207)) - HTTP server of HDDSDATANODE is listening at http://0.0.0.0:46062
2019-07-13 19:09:07,103 INFO  ozone.HddsDatanodeService (HddsDatanodeService.java:startPlugins(396)) - Started plug-in org.apache.hadoop.ozone.web.OzoneHddsDatanodeService@780129bc
2019-07-13 19:09:07,103 INFO  impl.MetricsSystemImpl (MetricsSystemImpl.java:init(158)) - HddsDatanode metrics system started (again)
2019-07-13 19:09:07,106 INFO  ozone.HddsDatanodeService (HddsDatanodeService.java:start(185)) - HddsDatanodeService host:trunk-nightly-fxqsz-774976932 ip:192.168.69.122
2019-07-13 19:09:07,107 INFO  util.JvmPauseMonitor (JvmPauseMonitor.java:run(188)) - Starting JVM pause monitor
2019-07-13 19:09:07,110 INFO  datanode.InitDatanodeState (InitDatanodeState.java:persistContainerDatanodeDetails(140)) - DatanodeDetails is persisted to /tmp/workdir/hadoop-ozone/integration-test/target/test-dir/MiniOzoneClusterImpl-3de7031e-3462-48a1-a96e-52dd849d2e15/datanode-3/meta/datanode.id
2019-07-13 19:09:07,114 INFO  volume.HddsVolume (HddsVolume.java:<init>(176)) - Creating Volume: /tmp/workdir/hadoop-ozone/integration-test/target/test-dir/MiniOzoneClusterImpl-3de7031e-3462-48a1-a96e-52dd849d2e15/datanode-4/data/containers/hdds of  storage type : DISK and capacity : 52710309888
2019-07-13 19:09:07,115 INFO  volume.VolumeSet (VolumeSet.java:initializeVolumeSet(170)) - Added Volume : /tmp/workdir/hadoop-ozone/integration-test/target/test-dir/MiniOzoneClusterImpl-3de7031e-3462-48a1-a96e-52dd849d2e15/datanode-4/data/containers/hdds to VolumeSet
2019-07-13 19:09:07,115 INFO  volume.ThrottledAsyncChecker (ThrottledAsyncChecker.java:schedule(140)) - Scheduling a check for org.apache.hadoop.ozone.container.common.volume.HddsVolume@210635fd
2019-07-13 19:09:07,115 INFO  volume.HddsVolumeChecker (HddsVolumeChecker.java:checkAllVolumes(203)) - Scheduled health check for volume org.apache.hadoop.ozone.container.common.volume.HddsVolume@210635fd
2019-07-13 19:09:07,129 INFO  impl.RaftServerProxy (ConfUtils.java:logGet(43)) - raft.rpc.type = GRPC (default)
2019-07-13 19:09:07,130 INFO  grpc.GrpcFactory (GrpcFactory.java:checkPooledByteBufAllocatorUseCacheForAllThreads(45)) - PERFORMANCE WARNING: useCacheForAllThreads is true that may cause Netty to create a lot garbage objects and, as a result, trigger GC.
	It is recommended to disable useCacheForAllThreads by setting -Dorg.apache.ratis.thirdparty.io.netty.allocator.useCacheForAllThreads=false in command line.
2019-07-13 19:09:07,130 INFO  grpc.GrpcConfigKeys$Server (ConfUtils.java:logGet(43)) - raft.grpc.server.port = 0 (default)
2019-07-13 19:09:07,130 INFO  server.GrpcService (ConfUtils.java:logGet(43)) - raft.grpc.message.size.max = 33570816 (custom)
2019-07-13 19:09:07,130 INFO  server.RaftServerConfigKeys (ConfUtils.java:logGet(43)) - raft.server.log.appender.buffer.byte-limit = 33554432 (custom)
2019-07-13 19:09:07,131 INFO  server.GrpcService (ConfUtils.java:logGet(43)) - raft.grpc.flow.control.window = 1MB (=1048576) (default)
2019-07-13 19:09:07,131 INFO  server.RaftServerConfigKeys (ConfUtils.java:logGet(43)) - raft.server.rpc.request.timeout = 3000ms (default)
2019-07-13 19:09:07,131 INFO  server.RaftServerConfigKeys (ConfUtils.java:logGet(43)) - raft.server.storage.dir = [/tmp/workdir/hadoop-ozone/integration-test/target/test-dir/MiniOzoneClusterImpl-3de7031e-3462-48a1-a96e-52dd849d2e15/datanode-4/data/ratis] (custom)
2019-07-13 19:09:07,132 INFO  replication.SimpleContainerDownloader (SimpleContainerDownloader.java:<init>(72)) - Starting container downloader service to copy containers to replicate.
2019-07-13 19:09:07,133 INFO  hdfs.DFSUtil (DFSUtil.java:httpServerTemplateForNNAndJN(1641)) - Starting Web-server for hddsDatanode at: http://0.0.0.0:0
2019-07-13 19:09:07,134 INFO  server.AuthenticationFilter (AuthenticationFilter.java:constructSecretProvider(240)) - Unable to initialize FileSignerSecretProvider, falling back to use random secrets.
2019-07-13 19:09:07,135 WARN  http.HttpRequestLog (HttpRequestLog.java:getRequestLog(97)) - Jetty request log can only be enabled using Log4j
2019-07-13 19:09:07,136 INFO  http.HttpServer2 (HttpServer2.java:addGlobalFilter(975)) - Added global filter 'safety' (class=org.apache.hadoop.http.HttpServer2$QuotingInputFilter)
2019-07-13 19:09:07,136 INFO  http.HttpServer2 (HttpServer2.java:addFilter(948)) - Added filter static_user_filter (class=org.apache.hadoop.http.lib.StaticUserWebFilter$StaticUserFilter) to context hddsDatanode
2019-07-13 19:09:07,137 INFO  http.HttpServer2 (HttpServer2.java:addFilter(958)) - Added filter static_user_filter (class=org.apache.hadoop.http.lib.StaticUserWebFilter$StaticUserFilter) to context logs
2019-07-13 19:09:07,137 INFO  http.HttpServer2 (HttpServer2.java:addFilter(958)) - Added filter static_user_filter (class=org.apache.hadoop.http.lib.StaticUserWebFilter$StaticUserFilter) to context static
2019-07-13 19:09:07,137 INFO  http.HttpServer2 (HttpServer2.java:bindListener(1191)) - Jetty bound to port 36942
2019-07-13 19:09:07,138 INFO  server.Server (Server.java:doStart(351)) - jetty-9.3.24.v20180605, build timestamp: 2018-06-05T17:11:56Z, git hash: 84205aa28f11a4f31f2a3b86d1bba2cc8ab69827
2019-07-13 19:09:07,140 INFO  handler.ContextHandler (ContextHandler.java:doStart(781)) - Started o.e.j.s.ServletContextHandler@120411ec{/logs,file:///tmp/workdir/hadoop-ozone/integration-test/target/log,AVAILABLE}
2019-07-13 19:09:07,140 INFO  handler.ContextHandler (ContextHandler.java:doStart(781)) - Started o.e.j.s.ServletContextHandler@6b2e9db2{/static,jar:file:/home/user/.m2/repository/org/apache/hadoop/hadoop-hdds-container-service/0.5.0-SNAPSHOT/hadoop-hdds-container-service-0.5.0-SNAPSHOT.jar!/webapps/static,AVAILABLE}
2019-07-13 19:09:07,168 INFO  handler.ContextHandler (ContextHandler.java:doStart(781)) - Started o.e.j.w.WebAppContext@2e4ecdf8{/,file:///tmp/jetty-0.0.0.0-36942-hddsDatanode-_-any-1831273034368426842.dir/webapp/,AVAILABLE}{/hddsDatanode}
2019-07-13 19:09:07,168 INFO  server.AbstractConnector (AbstractConnector.java:doStart(278)) - Started ServerConnector@503a7990{HTTP/1.1,[http/1.1]}{0.0.0.0:36942}
2019-07-13 19:09:07,170 INFO  server.Server (Server.java:doStart(419)) - Started @41357ms
2019-07-13 19:09:07,171 INFO  server.BaseHttpServer (BaseHttpServer.java:updateConnectorAddress(207)) - HTTP server of HDDSDATANODE is listening at http://0.0.0.0:36942
2019-07-13 19:09:07,320 INFO  ozone.HddsDatanodeService (HddsDatanodeService.java:startPlugins(396)) - Started plug-in org.apache.hadoop.ozone.web.OzoneHddsDatanodeService@25464154
2019-07-13 19:09:07,320 INFO  impl.MetricsSystemImpl (MetricsSystemImpl.java:init(158)) - HddsDatanode metrics system started (again)
2019-07-13 19:09:07,323 INFO  ozone.HddsDatanodeService (HddsDatanodeService.java:start(185)) - HddsDatanodeService host:trunk-nightly-fxqsz-774976932 ip:192.168.69.122
2019-07-13 19:09:07,325 INFO  util.JvmPauseMonitor (JvmPauseMonitor.java:run(188)) - Starting JVM pause monitor
2019-07-13 19:09:07,327 INFO  datanode.InitDatanodeState (InitDatanodeState.java:persistContainerDatanodeDetails(140)) - DatanodeDetails is persisted to /tmp/workdir/hadoop-ozone/integration-test/target/test-dir/MiniOzoneClusterImpl-3de7031e-3462-48a1-a96e-52dd849d2e15/datanode-4/meta/datanode.id
2019-07-13 19:09:07,331 INFO  volume.HddsVolume (HddsVolume.java:<init>(176)) - Creating Volume: /tmp/workdir/hadoop-ozone/integration-test/target/test-dir/MiniOzoneClusterImpl-3de7031e-3462-48a1-a96e-52dd849d2e15/datanode-5/data/containers/hdds of  storage type : DISK and capacity : 52710309888
2019-07-13 19:09:07,332 INFO  volume.VolumeSet (VolumeSet.java:initializeVolumeSet(170)) - Added Volume : /tmp/workdir/hadoop-ozone/integration-test/target/test-dir/MiniOzoneClusterImpl-3de7031e-3462-48a1-a96e-52dd849d2e15/datanode-5/data/containers/hdds to VolumeSet
2019-07-13 19:09:07,332 INFO  volume.ThrottledAsyncChecker (ThrottledAsyncChecker.java:schedule(140)) - Scheduling a check for org.apache.hadoop.ozone.container.common.volume.HddsVolume@6be50b35
2019-07-13 19:09:07,333 INFO  volume.HddsVolumeChecker (HddsVolumeChecker.java:checkAllVolumes(203)) - Scheduled health check for volume org.apache.hadoop.ozone.container.common.volume.HddsVolume@6be50b35
2019-07-13 19:09:07,354 INFO  impl.RaftServerProxy (ConfUtils.java:logGet(43)) - raft.rpc.type = GRPC (default)
2019-07-13 19:09:07,354 INFO  grpc.GrpcFactory (GrpcFactory.java:checkPooledByteBufAllocatorUseCacheForAllThreads(45)) - PERFORMANCE WARNING: useCacheForAllThreads is true that may cause Netty to create a lot garbage objects and, as a result, trigger GC.
	It is recommended to disable useCacheForAllThreads by setting -Dorg.apache.ratis.thirdparty.io.netty.allocator.useCacheForAllThreads=false in command line.
2019-07-13 19:09:07,354 INFO  grpc.GrpcConfigKeys$Server (ConfUtils.java:logGet(43)) - raft.grpc.server.port = 0 (default)
2019-07-13 19:09:07,355 INFO  server.GrpcService (ConfUtils.java:logGet(43)) - raft.grpc.message.size.max = 33570816 (custom)
2019-07-13 19:09:07,355 INFO  server.RaftServerConfigKeys (ConfUtils.java:logGet(43)) - raft.server.log.appender.buffer.byte-limit = 33554432 (custom)
2019-07-13 19:09:07,355 INFO  server.GrpcService (ConfUtils.java:logGet(43)) - raft.grpc.flow.control.window = 1MB (=1048576) (default)
2019-07-13 19:09:07,356 INFO  server.RaftServerConfigKeys (ConfUtils.java:logGet(43)) - raft.server.rpc.request.timeout = 3000ms (default)
2019-07-13 19:09:07,356 INFO  server.RaftServerConfigKeys (ConfUtils.java:logGet(43)) - raft.server.storage.dir = [/tmp/workdir/hadoop-ozone/integration-test/target/test-dir/MiniOzoneClusterImpl-3de7031e-3462-48a1-a96e-52dd849d2e15/datanode-5/data/ratis] (custom)
2019-07-13 19:09:07,357 INFO  replication.SimpleContainerDownloader (SimpleContainerDownloader.java:<init>(72)) - Starting container downloader service to copy containers to replicate.
2019-07-13 19:09:07,359 INFO  hdfs.DFSUtil (DFSUtil.java:httpServerTemplateForNNAndJN(1641)) - Starting Web-server for hddsDatanode at: http://0.0.0.0:0
2019-07-13 19:09:07,361 INFO  server.AuthenticationFilter (AuthenticationFilter.java:constructSecretProvider(240)) - Unable to initialize FileSignerSecretProvider, falling back to use random secrets.
2019-07-13 19:09:07,361 WARN  http.HttpRequestLog (HttpRequestLog.java:getRequestLog(97)) - Jetty request log can only be enabled using Log4j
2019-07-13 19:09:07,363 INFO  http.HttpServer2 (HttpServer2.java:addGlobalFilter(975)) - Added global filter 'safety' (class=org.apache.hadoop.http.HttpServer2$QuotingInputFilter)
2019-07-13 19:09:07,364 INFO  http.HttpServer2 (HttpServer2.java:addFilter(948)) - Added filter static_user_filter (class=org.apache.hadoop.http.lib.StaticUserWebFilter$StaticUserFilter) to context hddsDatanode
2019-07-13 19:09:07,364 INFO  http.HttpServer2 (HttpServer2.java:addFilter(958)) - Added filter static_user_filter (class=org.apache.hadoop.http.lib.StaticUserWebFilter$StaticUserFilter) to context logs
2019-07-13 19:09:07,364 INFO  http.HttpServer2 (HttpServer2.java:addFilter(958)) - Added filter static_user_filter (class=org.apache.hadoop.http.lib.StaticUserWebFilter$StaticUserFilter) to context static
2019-07-13 19:09:07,365 INFO  http.HttpServer2 (HttpServer2.java:bindListener(1191)) - Jetty bound to port 39849
2019-07-13 19:09:07,365 INFO  server.Server (Server.java:doStart(351)) - jetty-9.3.24.v20180605, build timestamp: 2018-06-05T17:11:56Z, git hash: 84205aa28f11a4f31f2a3b86d1bba2cc8ab69827
2019-07-13 19:09:07,368 INFO  handler.ContextHandler (ContextHandler.java:doStart(781)) - Started o.e.j.s.ServletContextHandler@49e62b17{/logs,file:///tmp/workdir/hadoop-ozone/integration-test/target/log,AVAILABLE}
2019-07-13 19:09:07,369 INFO  handler.ContextHandler (ContextHandler.java:doStart(781)) - Started o.e.j.s.ServletContextHandler@7d685f4e{/static,jar:file:/home/user/.m2/repository/org/apache/hadoop/hadoop-hdds-container-service/0.5.0-SNAPSHOT/hadoop-hdds-container-service-0.5.0-SNAPSHOT.jar!/webapps/static,AVAILABLE}
2019-07-13 19:09:07,407 INFO  handler.ContextHandler (ContextHandler.java:doStart(781)) - Started o.e.j.w.WebAppContext@3460e4ed{/,file:///tmp/jetty-0.0.0.0-39849-hddsDatanode-_-any-4142030476187796062.dir/webapp/,AVAILABLE}{/hddsDatanode}
2019-07-13 19:09:07,407 INFO  server.AbstractConnector (AbstractConnector.java:doStart(278)) - Started ServerConnector@2efcc0b3{HTTP/1.1,[http/1.1]}{0.0.0.0:39849}
2019-07-13 19:09:07,409 INFO  server.Server (Server.java:doStart(419)) - Started @41595ms
2019-07-13 19:09:07,409 INFO  server.BaseHttpServer (BaseHttpServer.java:updateConnectorAddress(207)) - HTTP server of HDDSDATANODE is listening at http://0.0.0.0:39849
2019-07-13 19:09:07,495 INFO  ozone.HddsDatanodeService (HddsDatanodeService.java:startPlugins(396)) - Started plug-in org.apache.hadoop.ozone.web.OzoneHddsDatanodeService@3b01897f
2019-07-13 19:09:07,495 INFO  ozone.MiniOzoneClusterImpl (MiniOzoneClusterImpl.java:lambda$waitForClusterToBeReady$0(142)) - Waiting for cluster to be ready. Got 0 of 6 DN Heartbeats.
2019-07-13 19:09:07,499 INFO  util.JvmPauseMonitor (JvmPauseMonitor.java:run(188)) - Starting JVM pause monitor
2019-07-13 19:09:07,501 INFO  datanode.InitDatanodeState (InitDatanodeState.java:persistContainerDatanodeDetails(140)) - DatanodeDetails is persisted to /tmp/workdir/hadoop-ozone/integration-test/target/test-dir/MiniOzoneClusterImpl-3de7031e-3462-48a1-a96e-52dd849d2e15/datanode-5/meta/datanode.id
2019-07-13 19:09:08,498 INFO  ozone.MiniOzoneClusterImpl (MiniOzoneClusterImpl.java:lambda$waitForClusterToBeReady$0(142)) - Waiting for cluster to be ready. Got 0 of 6 DN Heartbeats.
2019-07-13 19:09:08,516 INFO  ozoneimpl.OzoneContainer (OzoneContainer.java:start(186)) - Attempting to start container services.
2019-07-13 19:09:08,518 INFO  ozoneimpl.OzoneContainer (OzoneContainer.java:startContainerScrub(160)) - Background container scrubber has been disabled by hdds.containerscrub.enabled
2019-07-13 19:09:08,518 INFO  ratis.XceiverServerRatis (XceiverServerRatis.java:start(418)) - Starting XceiverServerRatis 5333ce6f-38bb-4956-8316-aa05d7ae3a83 at port 0
2019-07-13 19:09:08,528 INFO  impl.RaftServerProxy (RaftServerProxy.java:lambda$start$3(299)) - 5333ce6f-38bb-4956-8316-aa05d7ae3a83: start RPC server
2019-07-13 19:09:08,531 INFO  server.GrpcService (GrpcService.java:startImpl(149)) - 5333ce6f-38bb-4956-8316-aa05d7ae3a83: GrpcService started, listening on 0.0.0.0/0.0.0.0:38974
2019-07-13 19:09:08,531 INFO  ratis.XceiverServerRatis (XceiverServerRatis.java:start(428)) - XceiverServerRatis 5333ce6f-38bb-4956-8316-aa05d7ae3a83 is started using port 38974
2019-07-13 19:09:08,532 INFO  server.XceiverServerGrpc (XceiverServerGrpc.java:start(161)) - XceiverServerGrpc 5333ce6f-38bb-4956-8316-aa05d7ae3a83 is started using port 41934
2019-07-13 19:09:08,667 INFO  ozoneimpl.OzoneContainer (OzoneContainer.java:start(186)) - Attempting to start container services.
2019-07-13 19:09:08,670 INFO  ozoneimpl.OzoneContainer (OzoneContainer.java:startContainerScrub(160)) - Background container scrubber has been disabled by hdds.containerscrub.enabled
2019-07-13 19:09:08,670 INFO  ratis.XceiverServerRatis (XceiverServerRatis.java:start(418)) - Starting XceiverServerRatis 55f628f1-02a2-4ed6-ae63-652726df608b at port 0
2019-07-13 19:09:08,680 INFO  impl.RaftServerProxy (RaftServerProxy.java:lambda$start$3(299)) - 55f628f1-02a2-4ed6-ae63-652726df608b: start RPC server
2019-07-13 19:09:08,683 INFO  server.GrpcService (GrpcService.java:startImpl(149)) - 55f628f1-02a2-4ed6-ae63-652726df608b: GrpcService started, listening on 0.0.0.0/0.0.0.0:37818
2019-07-13 19:09:08,683 INFO  ratis.XceiverServerRatis (XceiverServerRatis.java:start(428)) - XceiverServerRatis 55f628f1-02a2-4ed6-ae63-652726df608b is started using port 37818
2019-07-13 19:09:08,684 INFO  server.XceiverServerGrpc (XceiverServerGrpc.java:start(161)) - XceiverServerGrpc 55f628f1-02a2-4ed6-ae63-652726df608b is started using port 34969
2019-07-13 19:09:08,947 INFO  ozoneimpl.OzoneContainer (OzoneContainer.java:start(186)) - Attempting to start container services.
2019-07-13 19:09:08,953 INFO  ozoneimpl.OzoneContainer (OzoneContainer.java:startContainerScrub(160)) - Background container scrubber has been disabled by hdds.containerscrub.enabled
2019-07-13 19:09:08,953 INFO  ratis.XceiverServerRatis (XceiverServerRatis.java:start(418)) - Starting XceiverServerRatis 86d3f82a-db3b-46cd-8e2a-86acd2609ba6 at port 0
2019-07-13 19:09:08,962 INFO  impl.RaftServerProxy (RaftServerProxy.java:lambda$start$3(299)) - 86d3f82a-db3b-46cd-8e2a-86acd2609ba6: start RPC server
2019-07-13 19:09:08,963 INFO  server.GrpcService (GrpcService.java:startImpl(149)) - 86d3f82a-db3b-46cd-8e2a-86acd2609ba6: GrpcService started, listening on 0.0.0.0/0.0.0.0:37665
2019-07-13 19:09:08,963 INFO  ratis.XceiverServerRatis (XceiverServerRatis.java:start(428)) - XceiverServerRatis 86d3f82a-db3b-46cd-8e2a-86acd2609ba6 is started using port 37665
2019-07-13 19:09:08,970 INFO  server.XceiverServerGrpc (XceiverServerGrpc.java:start(161)) - XceiverServerGrpc 86d3f82a-db3b-46cd-8e2a-86acd2609ba6 is started using port 39505
2019-07-13 19:09:09,125 INFO  ozoneimpl.OzoneContainer (OzoneContainer.java:start(186)) - Attempting to start container services.
2019-07-13 19:09:09,125 INFO  ozoneimpl.OzoneContainer (OzoneContainer.java:startContainerScrub(160)) - Background container scrubber has been disabled by hdds.containerscrub.enabled
2019-07-13 19:09:09,125 INFO  ratis.XceiverServerRatis (XceiverServerRatis.java:start(418)) - Starting XceiverServerRatis 0f4490aa-3924-402d-9082-5a09b8da26af at port 0
2019-07-13 19:09:09,134 INFO  impl.RaftServerProxy (RaftServerProxy.java:lambda$start$3(299)) - 0f4490aa-3924-402d-9082-5a09b8da26af: start RPC server
2019-07-13 19:09:09,135 INFO  server.GrpcService (GrpcService.java:startImpl(149)) - 0f4490aa-3924-402d-9082-5a09b8da26af: GrpcService started, listening on 0.0.0.0/0.0.0.0:44408
2019-07-13 19:09:09,136 INFO  ratis.XceiverServerRatis (XceiverServerRatis.java:start(428)) - XceiverServerRatis 0f4490aa-3924-402d-9082-5a09b8da26af is started using port 44408
2019-07-13 19:09:09,143 INFO  server.XceiverServerGrpc (XceiverServerGrpc.java:start(161)) - XceiverServerGrpc 0f4490aa-3924-402d-9082-5a09b8da26af is started using port 34105
2019-07-13 19:09:09,339 INFO  ozoneimpl.OzoneContainer (OzoneContainer.java:start(186)) - Attempting to start container services.
2019-07-13 19:09:09,339 INFO  ozoneimpl.OzoneContainer (OzoneContainer.java:startContainerScrub(160)) - Background container scrubber has been disabled by hdds.containerscrub.enabled
2019-07-13 19:09:09,339 INFO  ratis.XceiverServerRatis (XceiverServerRatis.java:start(418)) - Starting XceiverServerRatis 6f658921-edca-4268-a4e1-f096b873bf7b at port 0
2019-07-13 19:09:09,349 INFO  impl.RaftServerProxy (RaftServerProxy.java:lambda$start$3(299)) - 6f658921-edca-4268-a4e1-f096b873bf7b: start RPC server
2019-07-13 19:09:09,350 INFO  server.GrpcService (GrpcService.java:startImpl(149)) - 6f658921-edca-4268-a4e1-f096b873bf7b: GrpcService started, listening on 0.0.0.0/0.0.0.0:40450
2019-07-13 19:09:09,350 INFO  ratis.XceiverServerRatis (XceiverServerRatis.java:start(428)) - XceiverServerRatis 6f658921-edca-4268-a4e1-f096b873bf7b is started using port 40450
2019-07-13 19:09:09,351 INFO  server.XceiverServerGrpc (XceiverServerGrpc.java:start(161)) - XceiverServerGrpc 6f658921-edca-4268-a4e1-f096b873bf7b is started using port 38066
2019-07-13 19:09:09,499 INFO  ozone.MiniOzoneClusterImpl (MiniOzoneClusterImpl.java:lambda$waitForClusterToBeReady$0(142)) - Waiting for cluster to be ready. Got 0 of 6 DN Heartbeats.
2019-07-13 19:09:09,514 INFO  ozoneimpl.OzoneContainer (OzoneContainer.java:start(186)) - Attempting to start container services.
2019-07-13 19:09:09,514 INFO  ozoneimpl.OzoneContainer (OzoneContainer.java:startContainerScrub(160)) - Background container scrubber has been disabled by hdds.containerscrub.enabled
2019-07-13 19:09:09,514 INFO  ratis.XceiverServerRatis (XceiverServerRatis.java:start(418)) - Starting XceiverServerRatis 65868dbd-416c-4e81-943c-78796a2f0bc6 at port 0
2019-07-13 19:09:09,523 INFO  impl.RaftServerProxy (RaftServerProxy.java:lambda$start$3(299)) - 65868dbd-416c-4e81-943c-78796a2f0bc6: start RPC server
2019-07-13 19:09:09,524 INFO  server.GrpcService (GrpcService.java:startImpl(149)) - 65868dbd-416c-4e81-943c-78796a2f0bc6: GrpcService started, listening on 0.0.0.0/0.0.0.0:36557
2019-07-13 19:09:09,524 INFO  ratis.XceiverServerRatis (XceiverServerRatis.java:start(428)) - XceiverServerRatis 65868dbd-416c-4e81-943c-78796a2f0bc6 is started using port 36557
2019-07-13 19:09:09,525 INFO  server.XceiverServerGrpc (XceiverServerGrpc.java:start(161)) - XceiverServerGrpc 65868dbd-416c-4e81-943c-78796a2f0bc6 is started using port 36606
2019-07-13 19:09:10,481 INFO  net.NetworkTopology (NetworkTopologyImpl.java:add(110)) - Added a new node: /default-rack/192.168.69.122
2019-07-13 19:09:10,483 INFO  node.SCMNodeManager (SCMNodeManager.java:register(269)) - Registered Data node : 5333ce6f-38bb-4956-8316-aa05d7ae3a83{ip: 192.168.69.122, host: trunk-nightly-fxqsz-774976932, networkLocation: /default-rack, certSerialId: null}
2019-07-13 19:09:10,485 INFO  safemode.SCMSafeModeManager (DataNodeSafeModeRule.java:process(71)) - SCM in safe mode. 1 DataNodes registered, 1 required.
2019-07-13 19:09:10,487 INFO  safemode.SCMSafeModeManager (SCMSafeModeManager.java:validateSafeModeExitRules(177)) - ScmSafeModeManager, all rules are successfully validated
2019-07-13 19:09:10,487 INFO  safemode.SCMSafeModeManager (SCMSafeModeManager.java:exitSafeMode(193)) - SCM exiting safe mode.
2019-07-13 19:09:10,499 INFO  ozone.MiniOzoneClusterImpl (MiniOzoneClusterImpl.java:lambda$waitForClusterToBeReady$0(142)) - Waiting for cluster to be ready. Got 1 of 6 DN Heartbeats.
2019-07-13 19:09:10,511 INFO  impl.RaftServerProxy (RaftServerProxy.java:addNew(89)) - 5333ce6f-38bb-4956-8316-aa05d7ae3a83: addNew group-874A1474DE82:[5333ce6f-38bb-4956-8316-aa05d7ae3a83:192.168.69.122:38974] returns group-874A1474DE82:java.util.concurrent.CompletableFuture@20549b11[Not completed]
2019-07-13 19:09:10,514 INFO  impl.RaftServerImpl (RaftServerImpl.java:<init>(93)) - 5333ce6f-38bb-4956-8316-aa05d7ae3a83: new RaftServerImpl for group-874A1474DE82:[5333ce6f-38bb-4956-8316-aa05d7ae3a83:192.168.69.122:38974] with ContainerStateMachine:uninitialized
2019-07-13 19:09:10,514 INFO  server.RaftServerConfigKeys (ConfUtils.java:logGet(43)) - raft.server.rpc.timeout.min = 5s (custom)
2019-07-13 19:09:10,515 INFO  server.RaftServerConfigKeys (ConfUtils.java:logGet(43)) - raft.server.rpc.timeout.max = 5200ms (custom)
2019-07-13 19:09:10,515 INFO  server.RaftServerConfigKeys (ConfUtils.java:logGet(43)) - raft.server.rpcslowness.timeout = 120s (custom)
2019-07-13 19:09:10,515 INFO  server.RaftServerConfigKeys (ConfUtils.java:logGet(43)) - raft.server.sleep.deviation.threshold = 300 (default)
2019-07-13 19:09:10,515 INFO  server.RaftServerConfigKeys (ConfUtils.java:logGet(43)) - raft.server.log.appender.install.snapshot.enabled = false (custom)
2019-07-13 19:09:10,516 INFO  impl.RaftServerImpl (ServerState.java:<init>(105)) - 5333ce6f-38bb-4956-8316-aa05d7ae3a83:group-874A1474DE82 ConfigurationManager, init=-1: [5333ce6f-38bb-4956-8316-aa05d7ae3a83:192.168.69.122:38974], old=null, confs=<EMPTY_MAP>
2019-07-13 19:09:10,516 INFO  server.RaftServerConfigKeys (ConfUtils.java:logGet(43)) - raft.server.storage.dir = [/tmp/workdir/hadoop-ozone/integration-test/target/test-dir/MiniOzoneClusterImpl-3de7031e-3462-48a1-a96e-52dd849d2e15/datanode-0/data/ratis] (custom)
2019-07-13 19:09:10,517 INFO  storage.RaftStorageDirectory (RaftStorageDirectory.java:analyzeStorage(246)) - The storage directory /tmp/workdir/hadoop-ozone/integration-test/target/test-dir/MiniOzoneClusterImpl-3de7031e-3462-48a1-a96e-52dd849d2e15/datanode-0/data/ratis/6cc59249-310b-4dc0-9449-874a1474de82 does not exist. Creating ...
2019-07-13 19:09:10,531 INFO  storage.RaftStorageDirectory (RaftStorageDirectory.java:tryLock(328)) - Lock on /tmp/workdir/hadoop-ozone/integration-test/target/test-dir/MiniOzoneClusterImpl-3de7031e-3462-48a1-a96e-52dd849d2e15/datanode-0/data/ratis/6cc59249-310b-4dc0-9449-874a1474de82/in_use.lock acquired by nodename 10860@trunk-nightly-fxqsz-774976932
2019-07-13 19:09:10,544 INFO  storage.RaftStorage (RaftStorage.java:format(72)) - Storage directory /tmp/workdir/hadoop-ozone/integration-test/target/test-dir/MiniOzoneClusterImpl-3de7031e-3462-48a1-a96e-52dd849d2e15/datanode-0/data/ratis/6cc59249-310b-4dc0-9449-874a1474de82 has been successfully formatted.
2019-07-13 19:09:10,545 INFO  ratis.ContainerStateMachine (ContainerStateMachine.java:loadSnapshot(200)) - The snapshot info is null.Setting the last applied index to:(t:0, i:~)
2019-07-13 19:09:10,545 INFO  server.RaftServerConfigKeys (ConfUtils.java:logGet(43)) - raft.server.leader.election.timeout = 120s (custom)
2019-07-13 19:09:10,545 INFO  server.RaftServerConfigKeys (ConfUtils.java:logGet(43)) - raft.server.log.use.memory = false (default)
2019-07-13 19:09:10,545 INFO  server.RaftServerConfigKeys (ConfUtils.java:logGet(43)) - raft.server.log.purge.gap = 1000000000 (custom)
2019-07-13 19:09:10,546 INFO  server.RaftServerConfigKeys (ConfUtils.java:logGet(43)) - raft.server.log.appender.buffer.byte-limit = 33554432 (custom)
2019-07-13 19:09:10,546 INFO  server.RaftServerConfigKeys (ConfUtils.java:logGet(43)) - raft.server.log.segment.size.max = 1048576 (custom)
2019-07-13 19:09:10,546 INFO  server.RaftServerConfigKeys (ConfUtils.java:logGet(43)) - raft.server.log.segment.cache.num.max = 2 (custom)
2019-07-13 19:09:10,547 INFO  segmented.SegmentedRaftLogWorker (SegmentedRaftLogWorker.java:<init>(172)) - new 5333ce6f-38bb-4956-8316-aa05d7ae3a83-SegmentedRaftLogWorker:Storage Directory /tmp/workdir/hadoop-ozone/integration-test/target/test-dir/MiniOzoneClusterImpl-3de7031e-3462-48a1-a96e-52dd849d2e15/datanode-0/data/ratis/6cc59249-310b-4dc0-9449-874a1474de82 for RaftStorage:Storage Directory /tmp/workdir/hadoop-ozone/integration-test/target/test-dir/MiniOzoneClusterImpl-3de7031e-3462-48a1-a96e-52dd849d2e15/datanode-0/data/ratis/6cc59249-310b-4dc0-9449-874a1474de82
2019-07-13 19:09:10,547 INFO  server.RaftServerConfigKeys (ConfUtils.java:logGet(43)) - raft.server.log.queue.byte-limit = 2147483647 (custom)
2019-07-13 19:09:10,547 INFO  server.RaftServerConfigKeys (ConfUtils.java:logGet(43)) - raft.server.log.queue.element-limit = 1024 (custom)
2019-07-13 19:09:10,548 INFO  server.RaftServerConfigKeys (ConfUtils.java:logGet(43)) - raft.server.log.segment.size.max = 1048576 (custom)
2019-07-13 19:09:10,548 INFO  server.RaftServerConfigKeys (ConfUtils.java:logGet(43)) - raft.server.log.preallocated.size = 16384 (custom)
2019-07-13 19:09:10,548 INFO  server.RaftServerConfigKeys (ConfUtils.java:logGet(43)) - raft.server.log.write.buffer.size = 33554432 (custom)
2019-07-13 19:09:10,548 INFO  server.RaftServerConfigKeys (ConfUtils.java:logGet(43)) - raft.server.log.force.sync.num = 128 (default)
2019-07-13 19:09:10,549 INFO  server.RaftServerConfigKeys (ConfUtils.java:logGet(43)) - raft.server.log.statemachine.data.sync = true (default)
2019-07-13 19:09:10,549 INFO  server.RaftServerConfigKeys (ConfUtils.java:logGet(43)) - raft.server.log.statemachine.data.sync.timeout = 10s (default)
2019-07-13 19:09:10,549 INFO  server.RaftServerConfigKeys (ConfUtils.java:logGet(43)) - raft.server.log.statemachine.data.sync.timeout.retry = -1 (default)
2019-07-13 19:09:10,550 INFO  server.RaftServerConfigKeys (ConfUtils.java:logGet(43)) - raft.server.log.statemachine.data.caching.enabled = true (custom)
2019-07-13 19:09:10,550 INFO  segmented.SegmentedRaftLogWorker (SegmentedRaftLogWorker.java:lambda$new$0(132)) - 5333ce6f-38bb-4956-8316-aa05d7ae3a83-SegmentedRaftLogWorker:Storage Directory /tmp/workdir/hadoop-ozone/integration-test/target/test-dir/MiniOzoneClusterImpl-3de7031e-3462-48a1-a96e-52dd849d2e15/datanode-0/data/ratis/6cc59249-310b-4dc0-9449-874a1474de82: flushIndex: setUnconditionally 0 -> -1
2019-07-13 19:09:10,551 INFO  server.RaftServerConfigKeys (ConfUtils.java:logGet(43)) - raft.server.snapshot.auto.trigger.enabled = true (custom)
2019-07-13 19:09:10,551 INFO  server.RaftServerConfigKeys (ConfUtils.java:logGet(43)) - raft.server.snapshot.auto.trigger.threshold = 10000 (custom)
2019-07-13 19:09:10,551 INFO  server.RaftServerConfigKeys (ConfUtils.java:logGet(43)) - raft.server.retrycache.expirytime = 600000ms (custom)
2019-07-13 19:09:10,552 INFO  impl.RaftServerImpl (RaftServerImpl.java:start(180)) - 5333ce6f-38bb-4956-8316-aa05d7ae3a83: start group-874A1474DE82
2019-07-13 19:09:10,552 INFO  impl.RaftServerImpl (RaftServerImpl.java:setRole(171)) - 5333ce6f-38bb-4956-8316-aa05d7ae3a83:group-874A1474DE82 changes role from null to FOLLOWER at term 0 for startAsFollower
2019-07-13 19:09:10,553 INFO  impl.RoleInfo (RoleInfo.java:updateAndGet(143)) - 5333ce6f-38bb-4956-8316-aa05d7ae3a83: start FollowerState
2019-07-13 19:09:10,554 INFO  util.JmxRegister (JmxRegister.java:tryRegister(44)) - Successfully registered JMX Bean with object name Ratis:service=RaftServer,group=group-874A1474DE82,id=5333ce6f-38bb-4956-8316-aa05d7ae3a83
2019-07-13 19:09:10,576 INFO  pipeline.PipelineStateManager (PipelineStateManager.java:addPipeline(56)) - Created pipeline Pipeline[ Id: 6cc59249-310b-4dc0-9449-874a1474de82, Nodes: 5333ce6f-38bb-4956-8316-aa05d7ae3a83{ip: 192.168.69.122, host: trunk-nightly-fxqsz-774976932, networkLocation: /default-rack, certSerialId: null}, Type:RATIS, Factor:ONE, State:OPEN]
2019-07-13 19:09:10,654 INFO  node.SCMNodeManager (SCMNodeManager.java:register(269)) - Registered Data node : 55f628f1-02a2-4ed6-ae63-652726df608b{ip: 192.168.69.122, host: trunk-nightly-fxqsz-774976932, networkLocation: /default-rack, certSerialId: null}
2019-07-13 19:09:10,669 INFO  impl.RaftServerProxy (RaftServerProxy.java:addNew(89)) - 55f628f1-02a2-4ed6-ae63-652726df608b: addNew group-A181D7F4999A:[55f628f1-02a2-4ed6-ae63-652726df608b:192.168.69.122:37818] returns group-A181D7F4999A:java.util.concurrent.CompletableFuture@4d830fb0[Not completed]
2019-07-13 19:09:10,672 INFO  impl.RaftServerImpl (RaftServerImpl.java:<init>(93)) - 55f628f1-02a2-4ed6-ae63-652726df608b: new RaftServerImpl for group-A181D7F4999A:[55f628f1-02a2-4ed6-ae63-652726df608b:192.168.69.122:37818] with ContainerStateMachine:uninitialized
2019-07-13 19:09:10,672 INFO  server.RaftServerConfigKeys (ConfUtils.java:logGet(43)) - raft.server.rpc.timeout.min = 5s (custom)
2019-07-13 19:09:10,672 INFO  server.RaftServerConfigKeys (ConfUtils.java:logGet(43)) - raft.server.rpc.timeout.max = 5200ms (custom)
2019-07-13 19:09:10,673 INFO  server.RaftServerConfigKeys (ConfUtils.java:logGet(43)) - raft.server.rpcslowness.timeout = 120s (custom)
2019-07-13 19:09:10,673 INFO  server.RaftServerConfigKeys (ConfUtils.java:logGet(43)) - raft.server.sleep.deviation.threshold = 300 (default)
2019-07-13 19:09:10,673 INFO  server.RaftServerConfigKeys (ConfUtils.java:logGet(43)) - raft.server.log.appender.install.snapshot.enabled = false (custom)
2019-07-13 19:09:10,673 INFO  impl.RaftServerImpl (ServerState.java:<init>(105)) - 55f628f1-02a2-4ed6-ae63-652726df608b:group-A181D7F4999A ConfigurationManager, init=-1: [55f628f1-02a2-4ed6-ae63-652726df608b:192.168.69.122:37818], old=null, confs=<EMPTY_MAP>
2019-07-13 19:09:10,673 INFO  server.RaftServerConfigKeys (ConfUtils.java:logGet(43)) - raft.server.storage.dir = [/tmp/workdir/hadoop-ozone/integration-test/target/test-dir/MiniOzoneClusterImpl-3de7031e-3462-48a1-a96e-52dd849d2e15/datanode-1/data/ratis] (custom)
2019-07-13 19:09:10,674 INFO  storage.RaftStorageDirectory (RaftStorageDirectory.java:analyzeStorage(246)) - The storage directory /tmp/workdir/hadoop-ozone/integration-test/target/test-dir/MiniOzoneClusterImpl-3de7031e-3462-48a1-a96e-52dd849d2e15/datanode-1/data/ratis/6d0d0dfe-19ae-4c85-bb04-a181d7f4999a does not exist. Creating ...
2019-07-13 19:09:10,688 INFO  storage.RaftStorageDirectory (RaftStorageDirectory.java:tryLock(328)) - Lock on /tmp/workdir/hadoop-ozone/integration-test/target/test-dir/MiniOzoneClusterImpl-3de7031e-3462-48a1-a96e-52dd849d2e15/datanode-1/data/ratis/6d0d0dfe-19ae-4c85-bb04-a181d7f4999a/in_use.lock acquired by nodename 10860@trunk-nightly-fxqsz-774976932
2019-07-13 19:09:10,701 INFO  storage.RaftStorage (RaftStorage.java:format(72)) - Storage directory /tmp/workdir/hadoop-ozone/integration-test/target/test-dir/MiniOzoneClusterImpl-3de7031e-3462-48a1-a96e-52dd849d2e15/datanode-1/data/ratis/6d0d0dfe-19ae-4c85-bb04-a181d7f4999a has been successfully formatted.
2019-07-13 19:09:10,701 INFO  ratis.ContainerStateMachine (ContainerStateMachine.java:loadSnapshot(200)) - The snapshot info is null.Setting the last applied index to:(t:0, i:~)
2019-07-13 19:09:10,702 INFO  server.RaftServerConfigKeys (ConfUtils.java:logGet(43)) - raft.server.leader.election.timeout = 120s (custom)
2019-07-13 19:09:10,702 INFO  server.RaftServerConfigKeys (ConfUtils.java:logGet(43)) - raft.server.log.use.memory = false (default)
2019-07-13 19:09:10,702 INFO  server.RaftServerConfigKeys (ConfUtils.java:logGet(43)) - raft.server.log.purge.gap = 1000000000 (custom)
2019-07-13 19:09:10,702 INFO  server.RaftServerConfigKeys (ConfUtils.java:logGet(43)) - raft.server.log.appender.buffer.byte-limit = 33554432 (custom)
2019-07-13 19:09:10,702 INFO  server.RaftServerConfigKeys (ConfUtils.java:logGet(43)) - raft.server.log.segment.size.max = 1048576 (custom)
2019-07-13 19:09:10,702 INFO  server.RaftServerConfigKeys (ConfUtils.java:logGet(43)) - raft.server.log.segment.cache.num.max = 2 (custom)
2019-07-13 19:09:10,703 INFO  segmented.SegmentedRaftLogWorker (SegmentedRaftLogWorker.java:<init>(172)) - new 55f628f1-02a2-4ed6-ae63-652726df608b-SegmentedRaftLogWorker:Storage Directory /tmp/workdir/hadoop-ozone/integration-test/target/test-dir/MiniOzoneClusterImpl-3de7031e-3462-48a1-a96e-52dd849d2e15/datanode-1/data/ratis/6d0d0dfe-19ae-4c85-bb04-a181d7f4999a for RaftStorage:Storage Directory /tmp/workdir/hadoop-ozone/integration-test/target/test-dir/MiniOzoneClusterImpl-3de7031e-3462-48a1-a96e-52dd849d2e15/datanode-1/data/ratis/6d0d0dfe-19ae-4c85-bb04-a181d7f4999a
2019-07-13 19:09:10,703 INFO  server.RaftServerConfigKeys (ConfUtils.java:logGet(43)) - raft.server.log.queue.byte-limit = 2147483647 (custom)
2019-07-13 19:09:10,703 INFO  server.RaftServerConfigKeys (ConfUtils.java:logGet(43)) - raft.server.log.queue.element-limit = 1024 (custom)
2019-07-13 19:09:10,703 INFO  server.RaftServerConfigKeys (ConfUtils.java:logGet(43)) - raft.server.log.segment.size.max = 1048576 (custom)
2019-07-13 19:09:10,704 INFO  server.RaftServerConfigKeys (ConfUtils.java:logGet(43)) - raft.server.log.preallocated.size = 16384 (custom)
2019-07-13 19:09:10,704 INFO  server.RaftServerConfigKeys (ConfUtils.java:logGet(43)) - raft.server.log.write.buffer.size = 33554432 (custom)
2019-07-13 19:09:10,704 INFO  server.RaftServerConfigKeys (ConfUtils.java:logGet(43)) - raft.server.log.force.sync.num = 128 (default)
2019-07-13 19:09:10,704 INFO  server.RaftServerConfigKeys (ConfUtils.java:logGet(43)) - raft.server.log.statemachine.data.sync = true (default)
2019-07-13 19:09:10,704 INFO  server.RaftServerConfigKeys (ConfUtils.java:logGet(43)) - raft.server.log.statemachine.data.sync.timeout = 10s (default)
2019-07-13 19:09:10,705 INFO  server.RaftServerConfigKeys (ConfUtils.java:logGet(43)) - raft.server.log.statemachine.data.sync.timeout.retry = -1 (default)
2019-07-13 19:09:10,705 INFO  server.RaftServerConfigKeys (ConfUtils.java:logGet(43)) - raft.server.log.statemachine.data.caching.enabled = true (custom)
2019-07-13 19:09:10,705 INFO  segmented.SegmentedRaftLogWorker (SegmentedRaftLogWorker.java:lambda$new$0(132)) - 55f628f1-02a2-4ed6-ae63-652726df608b-SegmentedRaftLogWorker:Storage Directory /tmp/workdir/hadoop-ozone/integration-test/target/test-dir/MiniOzoneClusterImpl-3de7031e-3462-48a1-a96e-52dd849d2e15/datanode-1/data/ratis/6d0d0dfe-19ae-4c85-bb04-a181d7f4999a: flushIndex: setUnconditionally 0 -> -1
2019-07-13 19:09:10,706 INFO  server.RaftServerConfigKeys (ConfUtils.java:logGet(43)) - raft.server.snapshot.auto.trigger.enabled = true (custom)
2019-07-13 19:09:10,706 INFO  server.RaftServerConfigKeys (ConfUtils.java:logGet(43)) - raft.server.snapshot.auto.trigger.threshold = 10000 (custom)
2019-07-13 19:09:10,706 INFO  server.RaftServerConfigKeys (ConfUtils.java:logGet(43)) - raft.server.retrycache.expirytime = 600000ms (custom)
2019-07-13 19:09:10,707 INFO  impl.RaftServerImpl (RaftServerImpl.java:start(180)) - 55f628f1-02a2-4ed6-ae63-652726df608b: start group-A181D7F4999A
2019-07-13 19:09:10,707 INFO  impl.RaftServerImpl (RaftServerImpl.java:setRole(171)) - 55f628f1-02a2-4ed6-ae63-652726df608b:group-A181D7F4999A changes role from null to FOLLOWER at term 0 for startAsFollower
2019-07-13 19:09:10,707 INFO  impl.RoleInfo (RoleInfo.java:updateAndGet(143)) - 55f628f1-02a2-4ed6-ae63-652726df608b: start FollowerState
2019-07-13 19:09:10,707 INFO  util.JmxRegister (JmxRegister.java:tryRegister(44)) - Successfully registered JMX Bean with object name Ratis:service=RaftServer,group=group-A181D7F4999A,id=55f628f1-02a2-4ed6-ae63-652726df608b
2019-07-13 19:09:10,713 INFO  pipeline.PipelineStateManager (PipelineStateManager.java:addPipeline(56)) - Created pipeline Pipeline[ Id: 6d0d0dfe-19ae-4c85-bb04-a181d7f4999a, Nodes: 55f628f1-02a2-4ed6-ae63-652726df608b{ip: 192.168.69.122, host: trunk-nightly-fxqsz-774976932, networkLocation: /default-rack, certSerialId: null}, Type:RATIS, Factor:ONE, State:OPEN]
2019-07-13 19:09:10,926 INFO  node.SCMNodeManager (SCMNodeManager.java:register(269)) - Registered Data node : 86d3f82a-db3b-46cd-8e2a-86acd2609ba6{ip: 192.168.69.122, host: trunk-nightly-fxqsz-774976932, networkLocation: /default-rack, certSerialId: null}
2019-07-13 19:09:10,938 INFO  impl.RaftServerProxy (RaftServerProxy.java:addNew(89)) - 86d3f82a-db3b-46cd-8e2a-86acd2609ba6: addNew group-FAD8E2D88518:[86d3f82a-db3b-46cd-8e2a-86acd2609ba6:192.168.69.122:37665] returns group-FAD8E2D88518:java.util.concurrent.CompletableFuture@242006f5[Not completed]
2019-07-13 19:09:10,939 INFO  impl.RaftServerImpl (RaftServerImpl.java:<init>(93)) - 86d3f82a-db3b-46cd-8e2a-86acd2609ba6: new RaftServerImpl for group-FAD8E2D88518:[86d3f82a-db3b-46cd-8e2a-86acd2609ba6:192.168.69.122:37665] with ContainerStateMachine:uninitialized
2019-07-13 19:09:10,939 INFO  server.RaftServerConfigKeys (ConfUtils.java:logGet(43)) - raft.server.rpc.timeout.min = 5s (custom)
2019-07-13 19:09:10,940 INFO  server.RaftServerConfigKeys (ConfUtils.java:logGet(43)) - raft.server.rpc.timeout.max = 5200ms (custom)
2019-07-13 19:09:10,940 INFO  server.RaftServerConfigKeys (ConfUtils.java:logGet(43)) - raft.server.rpcslowness.timeout = 120s (custom)
2019-07-13 19:09:10,940 INFO  server.RaftServerConfigKeys (ConfUtils.java:logGet(43)) - raft.server.sleep.deviation.threshold = 300 (default)
2019-07-13 19:09:10,940 INFO  server.RaftServerConfigKeys (ConfUtils.java:logGet(43)) - raft.server.log.appender.install.snapshot.enabled = false (custom)
2019-07-13 19:09:10,940 INFO  impl.RaftServerImpl (ServerState.java:<init>(105)) - 86d3f82a-db3b-46cd-8e2a-86acd2609ba6:group-FAD8E2D88518 ConfigurationManager, init=-1: [86d3f82a-db3b-46cd-8e2a-86acd2609ba6:192.168.69.122:37665], old=null, confs=<EMPTY_MAP>
2019-07-13 19:09:10,941 INFO  server.RaftServerConfigKeys (ConfUtils.java:logGet(43)) - raft.server.storage.dir = [/tmp/workdir/hadoop-ozone/integration-test/target/test-dir/MiniOzoneClusterImpl-3de7031e-3462-48a1-a96e-52dd849d2e15/datanode-2/data/ratis] (custom)
2019-07-13 19:09:10,941 INFO  storage.RaftStorageDirectory (RaftStorageDirectory.java:analyzeStorage(246)) - The storage directory /tmp/workdir/hadoop-ozone/integration-test/target/test-dir/MiniOzoneClusterImpl-3de7031e-3462-48a1-a96e-52dd849d2e15/datanode-2/data/ratis/9aa32c9a-d252-433d-ad99-fad8e2d88518 does not exist. Creating ...
2019-07-13 19:09:10,955 INFO  storage.RaftStorageDirectory (RaftStorageDirectory.java:tryLock(328)) - Lock on /tmp/workdir/hadoop-ozone/integration-test/target/test-dir/MiniOzoneClusterImpl-3de7031e-3462-48a1-a96e-52dd849d2e15/datanode-2/data/ratis/9aa32c9a-d252-433d-ad99-fad8e2d88518/in_use.lock acquired by nodename 10860@trunk-nightly-fxqsz-774976932
2019-07-13 19:09:10,969 INFO  storage.RaftStorage (RaftStorage.java:format(72)) - Storage directory /tmp/workdir/hadoop-ozone/integration-test/target/test-dir/MiniOzoneClusterImpl-3de7031e-3462-48a1-a96e-52dd849d2e15/datanode-2/data/ratis/9aa32c9a-d252-433d-ad99-fad8e2d88518 has been successfully formatted.
2019-07-13 19:09:10,969 INFO  ratis.ContainerStateMachine (ContainerStateMachine.java:loadSnapshot(200)) - The snapshot info is null.Setting the last applied index to:(t:0, i:~)
2019-07-13 19:09:10,969 INFO  server.RaftServerConfigKeys (ConfUtils.java:logGet(43)) - raft.server.leader.election.timeout = 120s (custom)
2019-07-13 19:09:10,969 INFO  server.RaftServerConfigKeys (ConfUtils.java:logGet(43)) - raft.server.log.use.memory = false (default)
2019-07-13 19:09:10,970 INFO  server.RaftServerConfigKeys (ConfUtils.java:logGet(43)) - raft.server.log.purge.gap = 1000000000 (custom)
2019-07-13 19:09:10,970 INFO  server.RaftServerConfigKeys (ConfUtils.java:logGet(43)) - raft.server.log.appender.buffer.byte-limit = 33554432 (custom)
2019-07-13 19:09:10,970 INFO  server.RaftServerConfigKeys (ConfUtils.java:logGet(43)) - raft.server.log.segment.size.max = 1048576 (custom)
2019-07-13 19:09:10,970 INFO  server.RaftServerConfigKeys (ConfUtils.java:logGet(43)) - raft.server.log.segment.cache.num.max = 2 (custom)
2019-07-13 19:09:10,970 INFO  segmented.SegmentedRaftLogWorker (SegmentedRaftLogWorker.java:<init>(172)) - new 86d3f82a-db3b-46cd-8e2a-86acd2609ba6-SegmentedRaftLogWorker:Storage Directory /tmp/workdir/hadoop-ozone/integration-test/target/test-dir/MiniOzoneClusterImpl-3de7031e-3462-48a1-a96e-52dd849d2e15/datanode-2/data/ratis/9aa32c9a-d252-433d-ad99-fad8e2d88518 for RaftStorage:Storage Directory /tmp/workdir/hadoop-ozone/integration-test/target/test-dir/MiniOzoneClusterImpl-3de7031e-3462-48a1-a96e-52dd849d2e15/datanode-2/data/ratis/9aa32c9a-d252-433d-ad99-fad8e2d88518
2019-07-13 19:09:10,971 INFO  server.RaftServerConfigKeys (ConfUtils.java:logGet(43)) - raft.server.log.queue.byte-limit = 2147483647 (custom)
2019-07-13 19:09:10,971 INFO  server.RaftServerConfigKeys (ConfUtils.java:logGet(43)) - raft.server.log.queue.element-limit = 1024 (custom)
2019-07-13 19:09:10,971 INFO  server.RaftServerConfigKeys (ConfUtils.java:logGet(43)) - raft.server.log.segment.size.max = 1048576 (custom)
2019-07-13 19:09:10,971 INFO  server.RaftServerConfigKeys (ConfUtils.java:logGet(43)) - raft.server.log.preallocated.size = 16384 (custom)
2019-07-13 19:09:10,972 INFO  server.RaftServerConfigKeys (ConfUtils.java:logGet(43)) - raft.server.log.write.buffer.size = 33554432 (custom)
2019-07-13 19:09:10,972 INFO  server.RaftServerConfigKeys (ConfUtils.java:logGet(43)) - raft.server.log.force.sync.num = 128 (default)
2019-07-13 19:09:10,972 INFO  server.RaftServerConfigKeys (ConfUtils.java:logGet(43)) - raft.server.log.statemachine.data.sync = true (default)
2019-07-13 19:09:10,972 INFO  server.RaftServerConfigKeys (ConfUtils.java:logGet(43)) - raft.server.log.statemachine.data.sync.timeout = 10s (default)
2019-07-13 19:09:10,972 INFO  server.RaftServerConfigKeys (ConfUtils.java:logGet(43)) - raft.server.log.statemachine.data.sync.timeout.retry = -1 (default)
2019-07-13 19:09:10,973 INFO  server.RaftServerConfigKeys (ConfUtils.java:logGet(43)) - raft.server.log.statemachine.data.caching.enabled = true (custom)
2019-07-13 19:09:10,973 INFO  segmented.SegmentedRaftLogWorker (SegmentedRaftLogWorker.java:lambda$new$0(132)) - 86d3f82a-db3b-46cd-8e2a-86acd2609ba6-SegmentedRaftLogWorker:Storage Directory /tmp/workdir/hadoop-ozone/integration-test/target/test-dir/MiniOzoneClusterImpl-3de7031e-3462-48a1-a96e-52dd849d2e15/datanode-2/data/ratis/9aa32c9a-d252-433d-ad99-fad8e2d88518: flushIndex: setUnconditionally 0 -> -1
2019-07-13 19:09:10,974 INFO  server.RaftServerConfigKeys (ConfUtils.java:logGet(43)) - raft.server.snapshot.auto.trigger.enabled = true (custom)
2019-07-13 19:09:10,974 INFO  server.RaftServerConfigKeys (ConfUtils.java:logGet(43)) - raft.server.snapshot.auto.trigger.threshold = 10000 (custom)
2019-07-13 19:09:10,974 INFO  server.RaftServerConfigKeys (ConfUtils.java:logGet(43)) - raft.server.retrycache.expirytime = 600000ms (custom)
2019-07-13 19:09:10,975 INFO  impl.RaftServerImpl (RaftServerImpl.java:start(180)) - 86d3f82a-db3b-46cd-8e2a-86acd2609ba6: start group-FAD8E2D88518
2019-07-13 19:09:10,975 INFO  impl.RaftServerImpl (RaftServerImpl.java:setRole(171)) - 86d3f82a-db3b-46cd-8e2a-86acd2609ba6:group-FAD8E2D88518 changes role from null to FOLLOWER at term 0 for startAsFollower
2019-07-13 19:09:10,975 INFO  impl.RoleInfo (RoleInfo.java:updateAndGet(143)) - 86d3f82a-db3b-46cd-8e2a-86acd2609ba6: start FollowerState
2019-07-13 19:09:10,976 INFO  util.JmxRegister (JmxRegister.java:tryRegister(44)) - Successfully registered JMX Bean with object name Ratis:service=RaftServer,group=group-FAD8E2D88518,id=86d3f82a-db3b-46cd-8e2a-86acd2609ba6
2019-07-13 19:09:10,981 INFO  pipeline.PipelineStateManager (PipelineStateManager.java:addPipeline(56)) - Created pipeline Pipeline[ Id: 9aa32c9a-d252-433d-ad99-fad8e2d88518, Nodes: 86d3f82a-db3b-46cd-8e2a-86acd2609ba6{ip: 192.168.69.122, host: trunk-nightly-fxqsz-774976932, networkLocation: /default-rack, certSerialId: null}, Type:RATIS, Factor:ONE, State:OPEN]
2019-07-13 19:09:10,997 INFO  impl.RaftServerProxy (RaftServerProxy.java:addNew(89)) - 86d3f82a-db3b-46cd-8e2a-86acd2609ba6: addNew group-EEF6ABF1A715:[86d3f82a-db3b-46cd-8e2a-86acd2609ba6:192.168.69.122:37665, 5333ce6f-38bb-4956-8316-aa05d7ae3a83:192.168.69.122:38974, 55f628f1-02a2-4ed6-ae63-652726df608b:192.168.69.122:37818] returns group-EEF6ABF1A715:java.util.concurrent.CompletableFuture@1e3a5695[Not completed]
2019-07-13 19:09:11,000 INFO  impl.RaftServerImpl (RaftServerImpl.java:<init>(93)) - 86d3f82a-db3b-46cd-8e2a-86acd2609ba6: new RaftServerImpl for group-EEF6ABF1A715:[86d3f82a-db3b-46cd-8e2a-86acd2609ba6:192.168.69.122:37665, 5333ce6f-38bb-4956-8316-aa05d7ae3a83:192.168.69.122:38974, 55f628f1-02a2-4ed6-ae63-652726df608b:192.168.69.122:37818] with ContainerStateMachine:uninitialized
2019-07-13 19:09:11,000 INFO  server.RaftServerConfigKeys (ConfUtils.java:logGet(43)) - raft.server.rpc.timeout.min = 5s (custom)
2019-07-13 19:09:11,001 INFO  server.RaftServerConfigKeys (ConfUtils.java:logGet(43)) - raft.server.rpc.timeout.max = 5200ms (custom)
2019-07-13 19:09:11,001 INFO  impl.RaftServerProxy (RaftServerProxy.java:addNew(89)) - 5333ce6f-38bb-4956-8316-aa05d7ae3a83: addNew group-EEF6ABF1A715:[86d3f82a-db3b-46cd-8e2a-86acd2609ba6:192.168.69.122:37665, 5333ce6f-38bb-4956-8316-aa05d7ae3a83:192.168.69.122:38974, 55f628f1-02a2-4ed6-ae63-652726df608b:192.168.69.122:37818] returns group-EEF6ABF1A715:java.util.concurrent.CompletableFuture@577055b6[Not completed]
2019-07-13 19:09:11,003 INFO  server.RaftServerConfigKeys (ConfUtils.java:logGet(43)) - raft.server.rpcslowness.timeout = 120s (custom)
2019-07-13 19:09:11,003 INFO  server.RaftServerConfigKeys (ConfUtils.java:logGet(43)) - raft.server.sleep.deviation.threshold = 300 (default)
2019-07-13 19:09:11,004 INFO  impl.RaftServerProxy (RaftServerProxy.java:addNew(89)) - 55f628f1-02a2-4ed6-ae63-652726df608b: addNew group-EEF6ABF1A715:[86d3f82a-db3b-46cd-8e2a-86acd2609ba6:192.168.69.122:37665, 5333ce6f-38bb-4956-8316-aa05d7ae3a83:192.168.69.122:38974, 55f628f1-02a2-4ed6-ae63-652726df608b:192.168.69.122:37818] returns group-EEF6ABF1A715:java.util.concurrent.CompletableFuture@33693cc[Not completed]
2019-07-13 19:09:11,004 INFO  server.RaftServerConfigKeys (ConfUtils.java:logGet(43)) - raft.server.log.appender.install.snapshot.enabled = false (custom)
2019-07-13 19:09:11,005 INFO  impl.RaftServerImpl (ServerState.java:<init>(105)) - 86d3f82a-db3b-46cd-8e2a-86acd2609ba6:group-EEF6ABF1A715 ConfigurationManager, init=-1: [86d3f82a-db3b-46cd-8e2a-86acd2609ba6:192.168.69.122:37665, 5333ce6f-38bb-4956-8316-aa05d7ae3a83:192.168.69.122:38974, 55f628f1-02a2-4ed6-ae63-652726df608b:192.168.69.122:37818], old=null, confs=<EMPTY_MAP>
2019-07-13 19:09:11,005 INFO  impl.RaftServerImpl (RaftServerImpl.java:<init>(93)) - 5333ce6f-38bb-4956-8316-aa05d7ae3a83: new RaftServerImpl for group-EEF6ABF1A715:[86d3f82a-db3b-46cd-8e2a-86acd2609ba6:192.168.69.122:37665, 5333ce6f-38bb-4956-8316-aa05d7ae3a83:192.168.69.122:38974, 55f628f1-02a2-4ed6-ae63-652726df608b:192.168.69.122:37818] with ContainerStateMachine:uninitialized
2019-07-13 19:09:11,005 INFO  server.RaftServerConfigKeys (ConfUtils.java:logGet(43)) - raft.server.storage.dir = [/tmp/workdir/hadoop-ozone/integration-test/target/test-dir/MiniOzoneClusterImpl-3de7031e-3462-48a1-a96e-52dd849d2e15/datanode-2/data/ratis] (custom)
2019-07-13 19:09:11,005 INFO  server.RaftServerConfigKeys (ConfUtils.java:logGet(43)) - raft.server.rpc.timeout.min = 5s (custom)
2019-07-13 19:09:11,006 INFO  server.RaftServerConfigKeys (ConfUtils.java:logGet(43)) - raft.server.rpc.timeout.max = 5200ms (custom)
2019-07-13 19:09:11,006 INFO  impl.RaftServerImpl (RaftServerImpl.java:<init>(93)) - 55f628f1-02a2-4ed6-ae63-652726df608b: new RaftServerImpl for group-EEF6ABF1A715:[86d3f82a-db3b-46cd-8e2a-86acd2609ba6:192.168.69.122:37665, 5333ce6f-38bb-4956-8316-aa05d7ae3a83:192.168.69.122:38974, 55f628f1-02a2-4ed6-ae63-652726df608b:192.168.69.122:37818] with ContainerStateMachine:uninitialized
2019-07-13 19:09:11,006 INFO  storage.RaftStorageDirectory (RaftStorageDirectory.java:analyzeStorage(246)) - The storage directory /tmp/workdir/hadoop-ozone/integration-test/target/test-dir/MiniOzoneClusterImpl-3de7031e-3462-48a1-a96e-52dd849d2e15/datanode-2/data/ratis/4eab2b5f-ad5c-4834-bca9-eef6abf1a715 does not exist. Creating ...
2019-07-13 19:09:11,006 INFO  server.RaftServerConfigKeys (ConfUtils.java:logGet(43)) - raft.server.rpc.timeout.min = 5s (custom)
2019-07-13 19:09:11,006 INFO  server.RaftServerConfigKeys (ConfUtils.java:logGet(43)) - raft.server.rpcslowness.timeout = 120s (custom)
2019-07-13 19:09:11,007 INFO  server.RaftServerConfigKeys (ConfUtils.java:logGet(43)) - raft.server.rpc.timeout.max = 5200ms (custom)
2019-07-13 19:09:11,007 INFO  server.RaftServerConfigKeys (ConfUtils.java:logGet(43)) - raft.server.sleep.deviation.threshold = 300 (default)
2019-07-13 19:09:11,007 INFO  server.RaftServerConfigKeys (ConfUtils.java:logGet(43)) - raft.server.rpcslowness.timeout = 120s (custom)
2019-07-13 19:09:11,007 INFO  server.RaftServerConfigKeys (ConfUtils.java:logGet(43)) - raft.server.log.appender.install.snapshot.enabled = false (custom)
2019-07-13 19:09:11,007 INFO  server.RaftServerConfigKeys (ConfUtils.java:logGet(43)) - raft.server.sleep.deviation.threshold = 300 (default)
2019-07-13 19:09:11,008 INFO  impl.RaftServerImpl (ServerState.java:<init>(105)) - 5333ce6f-38bb-4956-8316-aa05d7ae3a83:group-EEF6ABF1A715 ConfigurationManager, init=-1: [86d3f82a-db3b-46cd-8e2a-86acd2609ba6:192.168.69.122:37665, 5333ce6f-38bb-4956-8316-aa05d7ae3a83:192.168.69.122:38974, 55f628f1-02a2-4ed6-ae63-652726df608b:192.168.69.122:37818], old=null, confs=<EMPTY_MAP>
2019-07-13 19:09:11,008 INFO  server.RaftServerConfigKeys (ConfUtils.java:logGet(43)) - raft.server.log.appender.install.snapshot.enabled = false (custom)
2019-07-13 19:09:11,008 INFO  server.RaftServerConfigKeys (ConfUtils.java:logGet(43)) - raft.server.storage.dir = [/tmp/workdir/hadoop-ozone/integration-test/target/test-dir/MiniOzoneClusterImpl-3de7031e-3462-48a1-a96e-52dd849d2e15/datanode-0/data/ratis] (custom)
2019-07-13 19:09:11,008 INFO  impl.RaftServerImpl (ServerState.java:<init>(105)) - 55f628f1-02a2-4ed6-ae63-652726df608b:group-EEF6ABF1A715 ConfigurationManager, init=-1: [86d3f82a-db3b-46cd-8e2a-86acd2609ba6:192.168.69.122:37665, 5333ce6f-38bb-4956-8316-aa05d7ae3a83:192.168.69.122:38974, 55f628f1-02a2-4ed6-ae63-652726df608b:192.168.69.122:37818], old=null, confs=<EMPTY_MAP>
2019-07-13 19:09:11,008 INFO  server.RaftServerConfigKeys (ConfUtils.java:logGet(43)) - raft.server.storage.dir = [/tmp/workdir/hadoop-ozone/integration-test/target/test-dir/MiniOzoneClusterImpl-3de7031e-3462-48a1-a96e-52dd849d2e15/datanode-1/data/ratis] (custom)
2019-07-13 19:09:11,009 INFO  storage.RaftStorageDirectory (RaftStorageDirectory.java:analyzeStorage(246)) - The storage directory /tmp/workdir/hadoop-ozone/integration-test/target/test-dir/MiniOzoneClusterImpl-3de7031e-3462-48a1-a96e-52dd849d2e15/datanode-0/data/ratis/4eab2b5f-ad5c-4834-bca9-eef6abf1a715 does not exist. Creating ...
2019-07-13 19:09:11,009 INFO  storage.RaftStorageDirectory (RaftStorageDirectory.java:analyzeStorage(246)) - The storage directory /tmp/workdir/hadoop-ozone/integration-test/target/test-dir/MiniOzoneClusterImpl-3de7031e-3462-48a1-a96e-52dd849d2e15/datanode-1/data/ratis/4eab2b5f-ad5c-4834-bca9-eef6abf1a715 does not exist. Creating ...
2019-07-13 19:09:11,020 INFO  storage.RaftStorageDirectory (RaftStorageDirectory.java:tryLock(328)) - Lock on /tmp/workdir/hadoop-ozone/integration-test/target/test-dir/MiniOzoneClusterImpl-3de7031e-3462-48a1-a96e-52dd849d2e15/datanode-0/data/ratis/4eab2b5f-ad5c-4834-bca9-eef6abf1a715/in_use.lock acquired by nodename 10860@trunk-nightly-fxqsz-774976932
2019-07-13 19:09:11,020 INFO  storage.RaftStorageDirectory (RaftStorageDirectory.java:tryLock(328)) - Lock on /tmp/workdir/hadoop-ozone/integration-test/target/test-dir/MiniOzoneClusterImpl-3de7031e-3462-48a1-a96e-52dd849d2e15/datanode-1/data/ratis/4eab2b5f-ad5c-4834-bca9-eef6abf1a715/in_use.lock acquired by nodename 10860@trunk-nightly-fxqsz-774976932
2019-07-13 19:09:11,020 INFO  storage.RaftStorageDirectory (RaftStorageDirectory.java:tryLock(328)) - Lock on /tmp/workdir/hadoop-ozone/integration-test/target/test-dir/MiniOzoneClusterImpl-3de7031e-3462-48a1-a96e-52dd849d2e15/datanode-2/data/ratis/4eab2b5f-ad5c-4834-bca9-eef6abf1a715/in_use.lock acquired by nodename 10860@trunk-nightly-fxqsz-774976932
2019-07-13 19:09:11,035 INFO  storage.RaftStorage (RaftStorage.java:format(72)) - Storage directory /tmp/workdir/hadoop-ozone/integration-test/target/test-dir/MiniOzoneClusterImpl-3de7031e-3462-48a1-a96e-52dd849d2e15/datanode-0/data/ratis/4eab2b5f-ad5c-4834-bca9-eef6abf1a715 has been successfully formatted.
2019-07-13 19:09:11,035 INFO  storage.RaftStorage (RaftStorage.java:format(72)) - Storage directory /tmp/workdir/hadoop-ozone/integration-test/target/test-dir/MiniOzoneClusterImpl-3de7031e-3462-48a1-a96e-52dd849d2e15/datanode-1/data/ratis/4eab2b5f-ad5c-4834-bca9-eef6abf1a715 has been successfully formatted.
2019-07-13 19:09:11,035 INFO  ratis.ContainerStateMachine (ContainerStateMachine.java:loadSnapshot(200)) - The snapshot info is null.Setting the last applied index to:(t:0, i:~)
2019-07-13 19:09:11,035 INFO  storage.RaftStorage (RaftStorage.java:format(72)) - Storage directory /tmp/workdir/hadoop-ozone/integration-test/target/test-dir/MiniOzoneClusterImpl-3de7031e-3462-48a1-a96e-52dd849d2e15/datanode-2/data/ratis/4eab2b5f-ad5c-4834-bca9-eef6abf1a715 has been successfully formatted.
2019-07-13 19:09:11,036 INFO  server.RaftServerConfigKeys (ConfUtils.java:logGet(43)) - raft.server.leader.election.timeout = 120s (custom)
2019-07-13 19:09:11,036 INFO  ratis.ContainerStateMachine (ContainerStateMachine.java:loadSnapshot(200)) - The snapshot info is null.Setting the last applied index to:(t:0, i:~)
2019-07-13 19:09:11,036 INFO  ratis.ContainerStateMachine (ContainerStateMachine.java:loadSnapshot(200)) - The snapshot info is null.Setting the last applied index to:(t:0, i:~)
2019-07-13 19:09:11,036 INFO  server.RaftServerConfigKeys (ConfUtils.java:logGet(43)) - raft.server.leader.election.timeout = 120s (custom)
2019-07-13 19:09:11,036 INFO  server.RaftServerConfigKeys (ConfUtils.java:logGet(43)) - raft.server.log.use.memory = false (default)
2019-07-13 19:09:11,036 INFO  server.RaftServerConfigKeys (ConfUtils.java:logGet(43)) - raft.server.log.use.memory = false (default)
2019-07-13 19:09:11,036 INFO  server.RaftServerConfigKeys (ConfUtils.java:logGet(43)) - raft.server.leader.election.timeout = 120s (custom)
2019-07-13 19:09:11,037 INFO  server.RaftServerConfigKeys (ConfUtils.java:logGet(43)) - raft.server.log.purge.gap = 1000000000 (custom)
2019-07-13 19:09:11,036 INFO  server.RaftServerConfigKeys (ConfUtils.java:logGet(43)) - raft.server.log.purge.gap = 1000000000 (custom)
2019-07-13 19:09:11,037 INFO  server.RaftServerConfigKeys (ConfUtils.java:logGet(43)) - raft.server.log.appender.buffer.byte-limit = 33554432 (custom)
2019-07-13 19:09:11,037 INFO  server.RaftServerConfigKeys (ConfUtils.java:logGet(43)) - raft.server.log.use.memory = false (default)
2019-07-13 19:09:11,037 INFO  server.RaftServerConfigKeys (ConfUtils.java:logGet(43)) - raft.server.log.segment.size.max = 1048576 (custom)
2019-07-13 19:09:11,037 INFO  server.RaftServerConfigKeys (ConfUtils.java:logGet(43)) - raft.server.log.appender.buffer.byte-limit = 33554432 (custom)
2019-07-13 19:09:11,038 INFO  server.RaftServerConfigKeys (ConfUtils.java:logGet(43)) - raft.server.log.segment.cache.num.max = 2 (custom)
2019-07-13 19:09:11,038 INFO  server.RaftServerConfigKeys (ConfUtils.java:logGet(43)) - raft.server.log.purge.gap = 1000000000 (custom)
2019-07-13 19:09:11,038 INFO  segmented.SegmentedRaftLogWorker (SegmentedRaftLogWorker.java:<init>(172)) - new 86d3f82a-db3b-46cd-8e2a-86acd2609ba6-SegmentedRaftLogWorker:Storage Directory /tmp/workdir/hadoop-ozone/integration-test/target/test-dir/MiniOzoneClusterImpl-3de7031e-3462-48a1-a96e-52dd849d2e15/datanode-2/data/ratis/4eab2b5f-ad5c-4834-bca9-eef6abf1a715 for RaftStorage:Storage Directory /tmp/workdir/hadoop-ozone/integration-test/target/test-dir/MiniOzoneClusterImpl-3de7031e-3462-48a1-a96e-52dd849d2e15/datanode-2/data/ratis/4eab2b5f-ad5c-4834-bca9-eef6abf1a715
2019-07-13 19:09:11,038 INFO  server.RaftServerConfigKeys (ConfUtils.java:logGet(43)) - raft.server.log.segment.size.max = 1048576 (custom)
2019-07-13 19:09:11,038 INFO  server.RaftServerConfigKeys (ConfUtils.java:logGet(43)) - raft.server.log.queue.byte-limit = 2147483647 (custom)
2019-07-13 19:09:11,038 INFO  server.RaftServerConfigKeys (ConfUtils.java:logGet(43)) - raft.server.log.appender.buffer.byte-limit = 33554432 (custom)
2019-07-13 19:09:11,039 INFO  server.RaftServerConfigKeys (ConfUtils.java:logGet(43)) - raft.server.log.queue.element-limit = 1024 (custom)
2019-07-13 19:09:11,039 INFO  server.RaftServerConfigKeys (ConfUtils.java:logGet(43)) - raft.server.log.segment.cache.num.max = 2 (custom)
2019-07-13 19:09:11,039 INFO  server.RaftServerConfigKeys (ConfUtils.java:logGet(43)) - raft.server.log.segment.size.max = 1048576 (custom)
2019-07-13 19:09:11,039 INFO  server.RaftServerConfigKeys (ConfUtils.java:logGet(43)) - raft.server.log.segment.size.max = 1048576 (custom)
2019-07-13 19:09:11,039 INFO  server.RaftServerConfigKeys (ConfUtils.java:logGet(43)) - raft.server.log.preallocated.size = 16384 (custom)
2019-07-13 19:09:11,039 INFO  segmented.SegmentedRaftLogWorker (SegmentedRaftLogWorker.java:<init>(172)) - new 5333ce6f-38bb-4956-8316-aa05d7ae3a83-SegmentedRaftLogWorker:Storage Directory /tmp/workdir/hadoop-ozone/integration-test/target/test-dir/MiniOzoneClusterImpl-3de7031e-3462-48a1-a96e-52dd849d2e15/datanode-0/data/ratis/4eab2b5f-ad5c-4834-bca9-eef6abf1a715 for RaftStorage:Storage Directory /tmp/workdir/hadoop-ozone/integration-test/target/test-dir/MiniOzoneClusterImpl-3de7031e-3462-48a1-a96e-52dd849d2e15/datanode-0/data/ratis/4eab2b5f-ad5c-4834-bca9-eef6abf1a715
2019-07-13 19:09:11,040 INFO  server.RaftServerConfigKeys (ConfUtils.java:logGet(43)) - raft.server.log.write.buffer.size = 33554432 (custom)
2019-07-13 19:09:11,040 INFO  server.RaftServerConfigKeys (ConfUtils.java:logGet(43)) - raft.server.log.segment.cache.num.max = 2 (custom)
2019-07-13 19:09:11,040 INFO  server.RaftServerConfigKeys (ConfUtils.java:logGet(43)) - raft.server.log.force.sync.num = 128 (default)
2019-07-13 19:09:11,040 INFO  server.RaftServerConfigKeys (ConfUtils.java:logGet(43)) - raft.server.log.queue.byte-limit = 2147483647 (custom)
2019-07-13 19:09:11,040 INFO  server.RaftServerConfigKeys (ConfUtils.java:logGet(43)) - raft.server.log.statemachine.data.sync = true (default)
2019-07-13 19:09:11,040 INFO  segmented.SegmentedRaftLogWorker (SegmentedRaftLogWorker.java:<init>(172)) - new 55f628f1-02a2-4ed6-ae63-652726df608b-SegmentedRaftLogWorker:Storage Directory /tmp/workdir/hadoop-ozone/integration-test/target/test-dir/MiniOzoneClusterImpl-3de7031e-3462-48a1-a96e-52dd849d2e15/datanode-1/data/ratis/4eab2b5f-ad5c-4834-bca9-eef6abf1a715 for RaftStorage:Storage Directory /tmp/workdir/hadoop-ozone/integration-test/target/test-dir/MiniOzoneClusterImpl-3de7031e-3462-48a1-a96e-52dd849d2e15/datanode-1/data/ratis/4eab2b5f-ad5c-4834-bca9-eef6abf1a715
2019-07-13 19:09:11,041 INFO  server.RaftServerConfigKeys (ConfUtils.java:logGet(43)) - raft.server.log.statemachine.data.sync.timeout = 10s (default)
2019-07-13 19:09:11,041 INFO  server.RaftServerConfigKeys (ConfUtils.java:logGet(43)) - raft.server.log.queue.element-limit = 1024 (custom)
2019-07-13 19:09:11,041 INFO  server.RaftServerConfigKeys (ConfUtils.java:logGet(43)) - raft.server.log.statemachine.data.sync.timeout.retry = -1 (default)
2019-07-13 19:09:11,041 INFO  server.RaftServerConfigKeys (ConfUtils.java:logGet(43)) - raft.server.log.queue.byte-limit = 2147483647 (custom)
2019-07-13 19:09:11,042 INFO  server.RaftServerConfigKeys (ConfUtils.java:logGet(43)) - raft.server.log.statemachine.data.caching.enabled = true (custom)
2019-07-13 19:09:11,041 INFO  server.RaftServerConfigKeys (ConfUtils.java:logGet(43)) - raft.server.log.segment.size.max = 1048576 (custom)
2019-07-13 19:09:11,042 INFO  segmented.SegmentedRaftLogWorker (SegmentedRaftLogWorker.java:lambda$new$0(132)) - 86d3f82a-db3b-46cd-8e2a-86acd2609ba6-SegmentedRaftLogWorker:Storage Directory /tmp/workdir/hadoop-ozone/integration-test/target/test-dir/MiniOzoneClusterImpl-3de7031e-3462-48a1-a96e-52dd849d2e15/datanode-2/data/ratis/4eab2b5f-ad5c-4834-bca9-eef6abf1a715: flushIndex: setUnconditionally 0 -> -1
2019-07-13 19:09:11,042 INFO  server.RaftServerConfigKeys (ConfUtils.java:logGet(43)) - raft.server.log.preallocated.size = 16384 (custom)
2019-07-13 19:09:11,042 INFO  server.RaftServerConfigKeys (ConfUtils.java:logGet(43)) - raft.server.log.write.buffer.size = 33554432 (custom)
2019-07-13 19:09:11,042 INFO  server.RaftServerConfigKeys (ConfUtils.java:logGet(43)) - raft.server.log.queue.element-limit = 1024 (custom)
2019-07-13 19:09:11,042 INFO  server.RaftServerConfigKeys (ConfUtils.java:logGet(43)) - raft.server.log.force.sync.num = 128 (default)
2019-07-13 19:09:11,042 INFO  server.RaftServerConfigKeys (ConfUtils.java:logGet(43)) - raft.server.snapshot.auto.trigger.enabled = true (custom)
2019-07-13 19:09:11,043 INFO  server.RaftServerConfigKeys (ConfUtils.java:logGet(43)) - raft.server.log.statemachine.data.sync = true (default)
2019-07-13 19:09:11,043 INFO  server.RaftServerConfigKeys (ConfUtils.java:logGet(43)) - raft.server.log.segment.size.max = 1048576 (custom)
2019-07-13 19:09:11,043 INFO  server.RaftServerConfigKeys (ConfUtils.java:logGet(43)) - raft.server.log.statemachine.data.sync.timeout = 10s (default)
2019-07-13 19:09:11,043 INFO  server.RaftServerConfigKeys (ConfUtils.java:logGet(43)) - raft.server.snapshot.auto.trigger.threshold = 10000 (custom)
2019-07-13 19:09:11,044 INFO  server.RaftServerConfigKeys (ConfUtils.java:logGet(43)) - raft.server.log.statemachine.data.sync.timeout.retry = -1 (default)
2019-07-13 19:09:11,043 INFO  server.RaftServerConfigKeys (ConfUtils.java:logGet(43)) - raft.server.log.preallocated.size = 16384 (custom)
2019-07-13 19:09:11,044 INFO  server.RaftServerConfigKeys (ConfUtils.java:logGet(43)) - raft.server.log.statemachine.data.caching.enabled = true (custom)
2019-07-13 19:09:11,044 INFO  server.RaftServerConfigKeys (ConfUtils.java:logGet(43)) - raft.server.retrycache.expirytime = 600000ms (custom)
2019-07-13 19:09:11,044 INFO  server.RaftServerConfigKeys (ConfUtils.java:logGet(43)) - raft.server.log.write.buffer.size = 33554432 (custom)
2019-07-13 19:09:11,045 INFO  impl.RaftServerImpl (RaftServerImpl.java:start(180)) - 86d3f82a-db3b-46cd-8e2a-86acd2609ba6: start group-EEF6ABF1A715
2019-07-13 19:09:11,044 INFO  segmented.SegmentedRaftLogWorker (SegmentedRaftLogWorker.java:lambda$new$0(132)) - 5333ce6f-38bb-4956-8316-aa05d7ae3a83-SegmentedRaftLogWorker:Storage Directory /tmp/workdir/hadoop-ozone/integration-test/target/test-dir/MiniOzoneClusterImpl-3de7031e-3462-48a1-a96e-52dd849d2e15/datanode-0/data/ratis/4eab2b5f-ad5c-4834-bca9-eef6abf1a715: flushIndex: setUnconditionally 0 -> -1
2019-07-13 19:09:11,045 INFO  impl.RaftServerImpl (RaftServerImpl.java:setRole(171)) - 86d3f82a-db3b-46cd-8e2a-86acd2609ba6:group-EEF6ABF1A715 changes role from null to FOLLOWER at term 0 for startAsFollower
2019-07-13 19:09:11,045 INFO  server.RaftServerConfigKeys (ConfUtils.java:logGet(43)) - raft.server.log.force.sync.num = 128 (default)
2019-07-13 19:09:11,045 INFO  impl.RoleInfo (RoleInfo.java:updateAndGet(143)) - 86d3f82a-db3b-46cd-8e2a-86acd2609ba6: start FollowerState
2019-07-13 19:09:11,045 INFO  server.RaftServerConfigKeys (ConfUtils.java:logGet(43)) - raft.server.snapshot.auto.trigger.enabled = true (custom)
2019-07-13 19:09:11,046 INFO  server.RaftServerConfigKeys (ConfUtils.java:logGet(43)) - raft.server.snapshot.auto.trigger.threshold = 10000 (custom)
2019-07-13 19:09:11,046 INFO  util.JmxRegister (JmxRegister.java:tryRegister(44)) - Successfully registered JMX Bean with object name Ratis:service=RaftServer,group=group-EEF6ABF1A715,id=86d3f82a-db3b-46cd-8e2a-86acd2609ba6
2019-07-13 19:09:11,045 INFO  server.RaftServerConfigKeys (ConfUtils.java:logGet(43)) - raft.server.log.statemachine.data.sync = true (default)
2019-07-13 19:09:11,046 INFO  server.RaftServerConfigKeys (ConfUtils.java:logGet(43)) - raft.server.retrycache.expirytime = 600000ms (custom)
2019-07-13 19:09:11,046 INFO  server.RaftServerConfigKeys (ConfUtils.java:logGet(43)) - raft.server.log.statemachine.data.sync.timeout = 10s (default)
2019-07-13 19:09:11,047 INFO  impl.RaftServerImpl (RaftServerImpl.java:start(180)) - 5333ce6f-38bb-4956-8316-aa05d7ae3a83: start group-EEF6ABF1A715
2019-07-13 19:09:11,047 INFO  server.RaftServerConfigKeys (ConfUtils.java:logGet(43)) - raft.server.log.statemachine.data.sync.timeout.retry = -1 (default)
2019-07-13 19:09:11,047 INFO  impl.RaftServerImpl (RaftServerImpl.java:setRole(171)) - 5333ce6f-38bb-4956-8316-aa05d7ae3a83:group-EEF6ABF1A715 changes role from null to FOLLOWER at term 0 for startAsFollower
2019-07-13 19:09:11,047 INFO  server.RaftServerConfigKeys (ConfUtils.java:logGet(43)) - raft.server.log.statemachine.data.caching.enabled = true (custom)
2019-07-13 19:09:11,048 INFO  impl.RoleInfo (RoleInfo.java:updateAndGet(143)) - 5333ce6f-38bb-4956-8316-aa05d7ae3a83: start FollowerState
2019-07-13 19:09:11,050 INFO  segmented.SegmentedRaftLogWorker (SegmentedRaftLogWorker.java:lambda$new$0(132)) - 55f628f1-02a2-4ed6-ae63-652726df608b-SegmentedRaftLogWorker:Storage Directory /tmp/workdir/hadoop-ozone/integration-test/target/test-dir/MiniOzoneClusterImpl-3de7031e-3462-48a1-a96e-52dd849d2e15/datanode-1/data/ratis/4eab2b5f-ad5c-4834-bca9-eef6abf1a715: flushIndex: setUnconditionally 0 -> -1
2019-07-13 19:09:11,051 INFO  util.JmxRegister (JmxRegister.java:tryRegister(44)) - Successfully registered JMX Bean with object name Ratis:service=RaftServer,group=group-EEF6ABF1A715,id=5333ce6f-38bb-4956-8316-aa05d7ae3a83
2019-07-13 19:09:11,051 INFO  server.RaftServerConfigKeys (ConfUtils.java:logGet(43)) - raft.server.snapshot.auto.trigger.enabled = true (custom)
2019-07-13 19:09:11,051 INFO  server.RaftServerConfigKeys (ConfUtils.java:logGet(43)) - raft.server.snapshot.auto.trigger.threshold = 10000 (custom)
2019-07-13 19:09:11,052 INFO  server.RaftServerConfigKeys (ConfUtils.java:logGet(43)) - raft.server.retrycache.expirytime = 600000ms (custom)
2019-07-13 19:09:11,052 INFO  impl.RaftServerImpl (RaftServerImpl.java:start(180)) - 55f628f1-02a2-4ed6-ae63-652726df608b: start group-EEF6ABF1A715
2019-07-13 19:09:11,052 INFO  impl.RaftServerImpl (RaftServerImpl.java:setRole(171)) - 55f628f1-02a2-4ed6-ae63-652726df608b:group-EEF6ABF1A715 changes role from null to FOLLOWER at term 0 for startAsFollower
2019-07-13 19:09:11,052 INFO  impl.RoleInfo (RoleInfo.java:updateAndGet(143)) - 55f628f1-02a2-4ed6-ae63-652726df608b: start FollowerState
2019-07-13 19:09:11,055 INFO  util.JmxRegister (JmxRegister.java:tryRegister(44)) - Successfully registered JMX Bean with object name Ratis:service=RaftServer,group=group-EEF6ABF1A715,id=55f628f1-02a2-4ed6-ae63-652726df608b
2019-07-13 19:09:11,060 INFO  pipeline.PipelineStateManager (PipelineStateManager.java:addPipeline(56)) - Created pipeline Pipeline[ Id: 4eab2b5f-ad5c-4834-bca9-eef6abf1a715, Nodes: 55f628f1-02a2-4ed6-ae63-652726df608b{ip: 192.168.69.122, host: trunk-nightly-fxqsz-774976932, networkLocation: /default-rack, certSerialId: null}5333ce6f-38bb-4956-8316-aa05d7ae3a83{ip: 192.168.69.122, host: trunk-nightly-fxqsz-774976932, networkLocation: /default-rack, certSerialId: null}86d3f82a-db3b-46cd-8e2a-86acd2609ba6{ip: 192.168.69.122, host: trunk-nightly-fxqsz-774976932, networkLocation: /default-rack, certSerialId: null}, Type:RATIS, Factor:THREE, State:OPEN]
2019-07-13 19:09:11,110 INFO  node.SCMNodeManager (SCMNodeManager.java:register(269)) - Registered Data node : 0f4490aa-3924-402d-9082-5a09b8da26af{ip: 192.168.69.122, host: trunk-nightly-fxqsz-774976932, networkLocation: /default-rack, certSerialId: null}
2019-07-13 19:09:11,122 INFO  impl.RaftServerProxy (RaftServerProxy.java:addNew(89)) - 0f4490aa-3924-402d-9082-5a09b8da26af: addNew group-6CC7F93F4F3C:[0f4490aa-3924-402d-9082-5a09b8da26af:192.168.69.122:44408] returns group-6CC7F93F4F3C:java.util.concurrent.CompletableFuture@59590fa6[Not completed]
2019-07-13 19:09:11,123 INFO  impl.RaftServerImpl (RaftServerImpl.java:<init>(93)) - 0f4490aa-3924-402d-9082-5a09b8da26af: new RaftServerImpl for group-6CC7F93F4F3C:[0f4490aa-3924-402d-9082-5a09b8da26af:192.168.69.122:44408] with ContainerStateMachine:uninitialized
2019-07-13 19:09:11,124 INFO  server.RaftServerConfigKeys (ConfUtils.java:logGet(43)) - raft.server.rpc.timeout.min = 5s (custom)
2019-07-13 19:09:11,124 INFO  server.RaftServerConfigKeys (ConfUtils.java:logGet(43)) - raft.server.rpc.timeout.max = 5200ms (custom)
2019-07-13 19:09:11,124 INFO  server.RaftServerConfigKeys (ConfUtils.java:logGet(43)) - raft.server.rpcslowness.timeout = 120s (custom)
2019-07-13 19:09:11,124 INFO  server.RaftServerConfigKeys (ConfUtils.java:logGet(43)) - raft.server.sleep.deviation.threshold = 300 (default)
2019-07-13 19:09:11,124 INFO  server.RaftServerConfigKeys (ConfUtils.java:logGet(43)) - raft.server.log.appender.install.snapshot.enabled = false (custom)
2019-07-13 19:09:11,124 INFO  impl.RaftServerImpl (ServerState.java:<init>(105)) - 0f4490aa-3924-402d-9082-5a09b8da26af:group-6CC7F93F4F3C ConfigurationManager, init=-1: [0f4490aa-3924-402d-9082-5a09b8da26af:192.168.69.122:44408], old=null, confs=<EMPTY_MAP>
2019-07-13 19:09:11,125 INFO  server.RaftServerConfigKeys (ConfUtils.java:logGet(43)) - raft.server.storage.dir = [/tmp/workdir/hadoop-ozone/integration-test/target/test-dir/MiniOzoneClusterImpl-3de7031e-3462-48a1-a96e-52dd849d2e15/datanode-3/data/ratis] (custom)
2019-07-13 19:09:11,125 INFO  storage.RaftStorageDirectory (RaftStorageDirectory.java:analyzeStorage(246)) - The storage directory /tmp/workdir/hadoop-ozone/integration-test/target/test-dir/MiniOzoneClusterImpl-3de7031e-3462-48a1-a96e-52dd849d2e15/datanode-3/data/ratis/4322c02d-3388-412f-9164-6cc7f93f4f3c does not exist. Creating ...
2019-07-13 19:09:11,139 INFO  storage.RaftStorageDirectory (RaftStorageDirectory.java:tryLock(328)) - Lock on /tmp/workdir/hadoop-ozone/integration-test/target/test-dir/MiniOzoneClusterImpl-3de7031e-3462-48a1-a96e-52dd849d2e15/datanode-3/data/ratis/4322c02d-3388-412f-9164-6cc7f93f4f3c/in_use.lock acquired by nodename 10860@trunk-nightly-fxqsz-774976932
2019-07-13 19:09:11,164 INFO  storage.RaftStorage (RaftStorage.java:format(72)) - Storage directory /tmp/workdir/hadoop-ozone/integration-test/target/test-dir/MiniOzoneClusterImpl-3de7031e-3462-48a1-a96e-52dd849d2e15/datanode-3/data/ratis/4322c02d-3388-412f-9164-6cc7f93f4f3c has been successfully formatted.
2019-07-13 19:09:11,164 INFO  ratis.ContainerStateMachine (ContainerStateMachine.java:loadSnapshot(200)) - The snapshot info is null.Setting the last applied index to:(t:0, i:~)
2019-07-13 19:09:11,165 INFO  server.RaftServerConfigKeys (ConfUtils.java:logGet(43)) - raft.server.leader.election.timeout = 120s (custom)
2019-07-13 19:09:11,165 INFO  server.RaftServerConfigKeys (ConfUtils.java:logGet(43)) - raft.server.log.use.memory = false (default)
2019-07-13 19:09:11,165 INFO  server.RaftServerConfigKeys (ConfUtils.java:logGet(43)) - raft.server.log.purge.gap = 1000000000 (custom)
2019-07-13 19:09:11,165 INFO  server.RaftServerConfigKeys (ConfUtils.java:logGet(43)) - raft.server.log.appender.buffer.byte-limit = 33554432 (custom)
2019-07-13 19:09:11,165 INFO  server.RaftServerConfigKeys (ConfUtils.java:logGet(43)) - raft.server.log.segment.size.max = 1048576 (custom)
2019-07-13 19:09:11,166 INFO  server.RaftServerConfigKeys (ConfUtils.java:logGet(43)) - raft.server.log.segment.cache.num.max = 2 (custom)
2019-07-13 19:09:11,166 INFO  segmented.SegmentedRaftLogWorker (SegmentedRaftLogWorker.java:<init>(172)) - new 0f4490aa-3924-402d-9082-5a09b8da26af-SegmentedRaftLogWorker:Storage Directory /tmp/workdir/hadoop-ozone/integration-test/target/test-dir/MiniOzoneClusterImpl-3de7031e-3462-48a1-a96e-52dd849d2e15/datanode-3/data/ratis/4322c02d-3388-412f-9164-6cc7f93f4f3c for RaftStorage:Storage Directory /tmp/workdir/hadoop-ozone/integration-test/target/test-dir/MiniOzoneClusterImpl-3de7031e-3462-48a1-a96e-52dd849d2e15/datanode-3/data/ratis/4322c02d-3388-412f-9164-6cc7f93f4f3c
2019-07-13 19:09:11,166 INFO  server.RaftServerConfigKeys (ConfUtils.java:logGet(43)) - raft.server.log.queue.byte-limit = 2147483647 (custom)
2019-07-13 19:09:11,166 INFO  server.RaftServerConfigKeys (ConfUtils.java:logGet(43)) - raft.server.log.queue.element-limit = 1024 (custom)
2019-07-13 19:09:11,167 INFO  server.RaftServerConfigKeys (ConfUtils.java:logGet(43)) - raft.server.log.segment.size.max = 1048576 (custom)
2019-07-13 19:09:11,167 INFO  server.RaftServerConfigKeys (ConfUtils.java:logGet(43)) - raft.server.log.preallocated.size = 16384 (custom)
2019-07-13 19:09:11,167 INFO  server.RaftServerConfigKeys (ConfUtils.java:logGet(43)) - raft.server.log.write.buffer.size = 33554432 (custom)
2019-07-13 19:09:11,167 INFO  server.RaftServerConfigKeys (ConfUtils.java:logGet(43)) - raft.server.log.force.sync.num = 128 (default)
2019-07-13 19:09:11,167 INFO  server.RaftServerConfigKeys (ConfUtils.java:logGet(43)) - raft.server.log.statemachine.data.sync = true (default)
2019-07-13 19:09:11,168 INFO  server.RaftServerConfigKeys (ConfUtils.java:logGet(43)) - raft.server.log.statemachine.data.sync.timeout = 10s (default)
2019-07-13 19:09:11,168 INFO  server.RaftServerConfigKeys (ConfUtils.java:logGet(43)) - raft.server.log.statemachine.data.sync.timeout.retry = -1 (default)
2019-07-13 19:09:11,168 INFO  server.RaftServerConfigKeys (ConfUtils.java:logGet(43)) - raft.server.log.statemachine.data.caching.enabled = true (custom)
2019-07-13 19:09:11,169 INFO  segmented.SegmentedRaftLogWorker (SegmentedRaftLogWorker.java:lambda$new$0(132)) - 0f4490aa-3924-402d-9082-5a09b8da26af-SegmentedRaftLogWorker:Storage Directory /tmp/workdir/hadoop-ozone/integration-test/target/test-dir/MiniOzoneClusterImpl-3de7031e-3462-48a1-a96e-52dd849d2e15/datanode-3/data/ratis/4322c02d-3388-412f-9164-6cc7f93f4f3c: flushIndex: setUnconditionally 0 -> -1
2019-07-13 19:09:11,169 INFO  server.RaftServerConfigKeys (ConfUtils.java:logGet(43)) - raft.server.snapshot.auto.trigger.enabled = true (custom)
2019-07-13 19:09:11,169 INFO  server.RaftServerConfigKeys (ConfUtils.java:logGet(43)) - raft.server.snapshot.auto.trigger.threshold = 10000 (custom)
2019-07-13 19:09:11,169 INFO  server.RaftServerConfigKeys (ConfUtils.java:logGet(43)) - raft.server.retrycache.expirytime = 600000ms (custom)
2019-07-13 19:09:11,170 INFO  impl.RaftServerImpl (RaftServerImpl.java:start(180)) - 0f4490aa-3924-402d-9082-5a09b8da26af: start group-6CC7F93F4F3C
2019-07-13 19:09:11,170 INFO  impl.RaftServerImpl (RaftServerImpl.java:setRole(171)) - 0f4490aa-3924-402d-9082-5a09b8da26af:group-6CC7F93F4F3C changes role from null to FOLLOWER at term 0 for startAsFollower
2019-07-13 19:09:11,170 INFO  impl.RoleInfo (RoleInfo.java:updateAndGet(143)) - 0f4490aa-3924-402d-9082-5a09b8da26af: start FollowerState
2019-07-13 19:09:11,171 INFO  util.JmxRegister (JmxRegister.java:tryRegister(44)) - Successfully registered JMX Bean with object name Ratis:service=RaftServer,group=group-6CC7F93F4F3C,id=0f4490aa-3924-402d-9082-5a09b8da26af
2019-07-13 19:09:11,176 INFO  pipeline.PipelineStateManager (PipelineStateManager.java:addPipeline(56)) - Created pipeline Pipeline[ Id: 4322c02d-3388-412f-9164-6cc7f93f4f3c, Nodes: 0f4490aa-3924-402d-9082-5a09b8da26af{ip: 192.168.69.122, host: trunk-nightly-fxqsz-774976932, networkLocation: /default-rack, certSerialId: null}, Type:RATIS, Factor:ONE, State:OPEN]
2019-07-13 19:09:11,326 INFO  node.SCMNodeManager (SCMNodeManager.java:register(269)) - Registered Data node : 6f658921-edca-4268-a4e1-f096b873bf7b{ip: 192.168.69.122, host: trunk-nightly-fxqsz-774976932, networkLocation: /default-rack, certSerialId: null}
2019-07-13 19:09:11,338 INFO  impl.RaftServerProxy (RaftServerProxy.java:addNew(89)) - 6f658921-edca-4268-a4e1-f096b873bf7b: addNew group-508AAC7381F9:[6f658921-edca-4268-a4e1-f096b873bf7b:192.168.69.122:40450] returns group-508AAC7381F9:java.util.concurrent.CompletableFuture@7c7c50f5[Not completed]
2019-07-13 19:09:11,339 INFO  impl.RaftServerImpl (RaftServerImpl.java:<init>(93)) - 6f658921-edca-4268-a4e1-f096b873bf7b: new RaftServerImpl for group-508AAC7381F9:[6f658921-edca-4268-a4e1-f096b873bf7b:192.168.69.122:40450] with ContainerStateMachine:uninitialized
2019-07-13 19:09:11,339 INFO  server.RaftServerConfigKeys (ConfUtils.java:logGet(43)) - raft.server.rpc.timeout.min = 5s (custom)
2019-07-13 19:09:11,339 INFO  server.RaftServerConfigKeys (ConfUtils.java:logGet(43)) - raft.server.rpc.timeout.max = 5200ms (custom)
2019-07-13 19:09:11,340 INFO  server.RaftServerConfigKeys (ConfUtils.java:logGet(43)) - raft.server.rpcslowness.timeout = 120s (custom)
2019-07-13 19:09:11,340 INFO  server.RaftServerConfigKeys (ConfUtils.java:logGet(43)) - raft.server.sleep.deviation.threshold = 300 (default)
2019-07-13 19:09:11,340 INFO  server.RaftServerConfigKeys (ConfUtils.java:logGet(43)) - raft.server.log.appender.install.snapshot.enabled = false (custom)
2019-07-13 19:09:11,340 INFO  impl.RaftServerImpl (ServerState.java:<init>(105)) - 6f658921-edca-4268-a4e1-f096b873bf7b:group-508AAC7381F9 ConfigurationManager, init=-1: [6f658921-edca-4268-a4e1-f096b873bf7b:192.168.69.122:40450], old=null, confs=<EMPTY_MAP>
2019-07-13 19:09:11,340 INFO  server.RaftServerConfigKeys (ConfUtils.java:logGet(43)) - raft.server.storage.dir = [/tmp/workdir/hadoop-ozone/integration-test/target/test-dir/MiniOzoneClusterImpl-3de7031e-3462-48a1-a96e-52dd849d2e15/datanode-4/data/ratis] (custom)
2019-07-13 19:09:11,341 INFO  storage.RaftStorageDirectory (RaftStorageDirectory.java:analyzeStorage(246)) - The storage directory /tmp/workdir/hadoop-ozone/integration-test/target/test-dir/MiniOzoneClusterImpl-3de7031e-3462-48a1-a96e-52dd849d2e15/datanode-4/data/ratis/44acce4a-e686-4d3f-9081-508aac7381f9 does not exist. Creating ...
2019-07-13 19:09:11,354 INFO  storage.RaftStorageDirectory (RaftStorageDirectory.java:tryLock(328)) - Lock on /tmp/workdir/hadoop-ozone/integration-test/target/test-dir/MiniOzoneClusterImpl-3de7031e-3462-48a1-a96e-52dd849d2e15/datanode-4/data/ratis/44acce4a-e686-4d3f-9081-508aac7381f9/in_use.lock acquired by nodename 10860@trunk-nightly-fxqsz-774976932
2019-07-13 19:09:11,388 INFO  storage.RaftStorage (RaftStorage.java:format(72)) - Storage directory /tmp/workdir/hadoop-ozone/integration-test/target/test-dir/MiniOzoneClusterImpl-3de7031e-3462-48a1-a96e-52dd849d2e15/datanode-4/data/ratis/44acce4a-e686-4d3f-9081-508aac7381f9 has been successfully formatted.
2019-07-13 19:09:11,389 INFO  ratis.ContainerStateMachine (ContainerStateMachine.java:loadSnapshot(200)) - The snapshot info is null.Setting the last applied index to:(t:0, i:~)
2019-07-13 19:09:11,389 INFO  server.RaftServerConfigKeys (ConfUtils.java:logGet(43)) - raft.server.leader.election.timeout = 120s (custom)
2019-07-13 19:09:11,389 INFO  server.RaftServerConfigKeys (ConfUtils.java:logGet(43)) - raft.server.log.use.memory = false (default)
2019-07-13 19:09:11,389 INFO  server.RaftServerConfigKeys (ConfUtils.java:logGet(43)) - raft.server.log.purge.gap = 1000000000 (custom)
2019-07-13 19:09:11,389 INFO  server.RaftServerConfigKeys (ConfUtils.java:logGet(43)) - raft.server.log.appender.buffer.byte-limit = 33554432 (custom)
2019-07-13 19:09:11,390 INFO  server.RaftServerConfigKeys (ConfUtils.java:logGet(43)) - raft.server.log.segment.size.max = 1048576 (custom)
2019-07-13 19:09:11,390 INFO  server.RaftServerConfigKeys (ConfUtils.java:logGet(43)) - raft.server.log.segment.cache.num.max = 2 (custom)
2019-07-13 19:09:11,390 INFO  segmented.SegmentedRaftLogWorker (SegmentedRaftLogWorker.java:<init>(172)) - new 6f658921-edca-4268-a4e1-f096b873bf7b-SegmentedRaftLogWorker:Storage Directory /tmp/workdir/hadoop-ozone/integration-test/target/test-dir/MiniOzoneClusterImpl-3de7031e-3462-48a1-a96e-52dd849d2e15/datanode-4/data/ratis/44acce4a-e686-4d3f-9081-508aac7381f9 for RaftStorage:Storage Directory /tmp/workdir/hadoop-ozone/integration-test/target/test-dir/MiniOzoneClusterImpl-3de7031e-3462-48a1-a96e-52dd849d2e15/datanode-4/data/ratis/44acce4a-e686-4d3f-9081-508aac7381f9
2019-07-13 19:09:11,390 INFO  server.RaftServerConfigKeys (ConfUtils.java:logGet(43)) - raft.server.log.queue.byte-limit = 2147483647 (custom)
2019-07-13 19:09:11,390 INFO  server.RaftServerConfigKeys (ConfUtils.java:logGet(43)) - raft.server.log.queue.element-limit = 1024 (custom)
2019-07-13 19:09:11,391 INFO  server.RaftServerConfigKeys (ConfUtils.java:logGet(43)) - raft.server.log.segment.size.max = 1048576 (custom)
2019-07-13 19:09:11,391 INFO  server.RaftServerConfigKeys (ConfUtils.java:logGet(43)) - raft.server.log.preallocated.size = 16384 (custom)
2019-07-13 19:09:11,391 INFO  server.RaftServerConfigKeys (ConfUtils.java:logGet(43)) - raft.server.log.write.buffer.size = 33554432 (custom)
2019-07-13 19:09:11,391 INFO  server.RaftServerConfigKeys (ConfUtils.java:logGet(43)) - raft.server.log.force.sync.num = 128 (default)
2019-07-13 19:09:11,392 INFO  server.RaftServerConfigKeys (ConfUtils.java:logGet(43)) - raft.server.log.statemachine.data.sync = true (default)
2019-07-13 19:09:11,392 INFO  server.RaftServerConfigKeys (ConfUtils.java:logGet(43)) - raft.server.log.statemachine.data.sync.timeout = 10s (default)
2019-07-13 19:09:11,392 INFO  server.RaftServerConfigKeys (ConfUtils.java:logGet(43)) - raft.server.log.statemachine.data.sync.timeout.retry = -1 (default)
2019-07-13 19:09:11,392 INFO  server.RaftServerConfigKeys (ConfUtils.java:logGet(43)) - raft.server.log.statemachine.data.caching.enabled = true (custom)
2019-07-13 19:09:11,393 INFO  segmented.SegmentedRaftLogWorker (SegmentedRaftLogWorker.java:lambda$new$0(132)) - 6f658921-edca-4268-a4e1-f096b873bf7b-SegmentedRaftLogWorker:Storage Directory /tmp/workdir/hadoop-ozone/integration-test/target/test-dir/MiniOzoneClusterImpl-3de7031e-3462-48a1-a96e-52dd849d2e15/datanode-4/data/ratis/44acce4a-e686-4d3f-9081-508aac7381f9: flushIndex: setUnconditionally 0 -> -1
2019-07-13 19:09:11,393 INFO  server.RaftServerConfigKeys (ConfUtils.java:logGet(43)) - raft.server.snapshot.auto.trigger.enabled = true (custom)
2019-07-13 19:09:11,393 INFO  server.RaftServerConfigKeys (ConfUtils.java:logGet(43)) - raft.server.snapshot.auto.trigger.threshold = 10000 (custom)
2019-07-13 19:09:11,394 INFO  server.RaftServerConfigKeys (ConfUtils.java:logGet(43)) - raft.server.retrycache.expirytime = 600000ms (custom)
2019-07-13 19:09:11,394 INFO  impl.RaftServerImpl (RaftServerImpl.java:start(180)) - 6f658921-edca-4268-a4e1-f096b873bf7b: start group-508AAC7381F9
2019-07-13 19:09:11,394 INFO  impl.RaftServerImpl (RaftServerImpl.java:setRole(171)) - 6f658921-edca-4268-a4e1-f096b873bf7b:group-508AAC7381F9 changes role from null to FOLLOWER at term 0 for startAsFollower
2019-07-13 19:09:11,394 INFO  impl.RoleInfo (RoleInfo.java:updateAndGet(143)) - 6f658921-edca-4268-a4e1-f096b873bf7b: start FollowerState
2019-07-13 19:09:11,407 INFO  util.JmxRegister (JmxRegister.java:tryRegister(44)) - Successfully registered JMX Bean with object name Ratis:service=RaftServer,group=group-508AAC7381F9,id=6f658921-edca-4268-a4e1-f096b873bf7b
2019-07-13 19:09:11,420 INFO  pipeline.PipelineStateManager (PipelineStateManager.java:addPipeline(56)) - Created pipeline Pipeline[ Id: 44acce4a-e686-4d3f-9081-508aac7381f9, Nodes: 6f658921-edca-4268-a4e1-f096b873bf7b{ip: 192.168.69.122, host: trunk-nightly-fxqsz-774976932, networkLocation: /default-rack, certSerialId: null}, Type:RATIS, Factor:ONE, State:OPEN]
2019-07-13 19:09:11,500 INFO  node.SCMNodeManager (SCMNodeManager.java:register(269)) - Registered Data node : 65868dbd-416c-4e81-943c-78796a2f0bc6{ip: 192.168.69.122, host: trunk-nightly-fxqsz-774976932, networkLocation: /default-rack, certSerialId: null}
2019-07-13 19:09:11,500 INFO  ozone.MiniOzoneClusterImpl (MiniOzoneClusterImpl.java:lambda$waitForClusterToBeReady$0(142)) - Cluster is ready. Got 6 of 6 DN Heartbeats.
2019-07-13 19:09:11,519 INFO  impl.RaftServerProxy (RaftServerProxy.java:addNew(89)) - 65868dbd-416c-4e81-943c-78796a2f0bc6: addNew group-CAAF293EE861:[65868dbd-416c-4e81-943c-78796a2f0bc6:192.168.69.122:36557] returns group-CAAF293EE861:java.util.concurrent.CompletableFuture@135d30fd[Not completed]
2019-07-13 19:09:11,535 INFO  impl.RaftServerImpl (RaftServerImpl.java:<init>(93)) - 65868dbd-416c-4e81-943c-78796a2f0bc6: new RaftServerImpl for group-CAAF293EE861:[65868dbd-416c-4e81-943c-78796a2f0bc6:192.168.69.122:36557] with ContainerStateMachine:uninitialized
2019-07-13 19:09:11,535 INFO  server.RaftServerConfigKeys (ConfUtils.java:logGet(43)) - raft.server.rpc.timeout.min = 5s (custom)
2019-07-13 19:09:11,535 INFO  server.RaftServerConfigKeys (ConfUtils.java:logGet(43)) - raft.server.rpc.timeout.max = 5200ms (custom)
2019-07-13 19:09:11,539 INFO  server.RaftServerConfigKeys (ConfUtils.java:logGet(43)) - raft.server.rpcslowness.timeout = 120s (custom)
2019-07-13 19:09:11,539 INFO  server.RaftServerConfigKeys (ConfUtils.java:logGet(43)) - raft.server.sleep.deviation.threshold = 300 (default)
2019-07-13 19:09:11,539 INFO  server.RaftServerConfigKeys (ConfUtils.java:logGet(43)) - raft.server.log.appender.install.snapshot.enabled = false (custom)
2019-07-13 19:09:11,539 INFO  impl.RaftServerImpl (ServerState.java:<init>(105)) - 65868dbd-416c-4e81-943c-78796a2f0bc6:group-CAAF293EE861 ConfigurationManager, init=-1: [65868dbd-416c-4e81-943c-78796a2f0bc6:192.168.69.122:36557], old=null, confs=<EMPTY_MAP>
2019-07-13 19:09:11,540 INFO  server.RaftServerConfigKeys (ConfUtils.java:logGet(43)) - raft.server.storage.dir = [/tmp/workdir/hadoop-ozone/integration-test/target/test-dir/MiniOzoneClusterImpl-3de7031e-3462-48a1-a96e-52dd849d2e15/datanode-5/data/ratis] (custom)
2019-07-13 19:09:11,544 INFO  storage.RaftStorageDirectory (RaftStorageDirectory.java:analyzeStorage(246)) - The storage directory /tmp/workdir/hadoop-ozone/integration-test/target/test-dir/MiniOzoneClusterImpl-3de7031e-3462-48a1-a96e-52dd849d2e15/datanode-5/data/ratis/bab4e75a-909e-45fb-a270-caaf293ee861 does not exist. Creating ...
2019-07-13 19:09:11,546 INFO  rpc.RpcClient (RpcClient.java:createVolume(287)) - Creating Volume: datanodefailurehandlingtest, with jenkins1000 as owner.
2019-07-13 19:09:11,558 INFO  storage.RaftStorageDirectory (RaftStorageDirectory.java:tryLock(328)) - Lock on /tmp/workdir/hadoop-ozone/integration-test/target/test-dir/MiniOzoneClusterImpl-3de7031e-3462-48a1-a96e-52dd849d2e15/datanode-5/data/ratis/bab4e75a-909e-45fb-a270-caaf293ee861/in_use.lock acquired by nodename 10860@trunk-nightly-fxqsz-774976932
2019-07-13 19:09:11,561 INFO  rpc.RpcClient (RpcClient.java:createBucket(424)) - Creating Bucket: datanodefailurehandlingtest/datanodefailurehandlingtest, with Versioning false and Storage Type set to DISK and Encryption set to false 
2019-07-13 19:09:11,574 INFO  storage.RaftStorage (RaftStorage.java:format(72)) - Storage directory /tmp/workdir/hadoop-ozone/integration-test/target/test-dir/MiniOzoneClusterImpl-3de7031e-3462-48a1-a96e-52dd849d2e15/datanode-5/data/ratis/bab4e75a-909e-45fb-a270-caaf293ee861 has been successfully formatted.
2019-07-13 19:09:11,574 INFO  ratis.ContainerStateMachine (ContainerStateMachine.java:loadSnapshot(200)) - The snapshot info is null.Setting the last applied index to:(t:0, i:~)
2019-07-13 19:09:11,574 INFO  server.RaftServerConfigKeys (ConfUtils.java:logGet(43)) - raft.server.leader.election.timeout = 120s (custom)
2019-07-13 19:09:11,575 INFO  server.RaftServerConfigKeys (ConfUtils.java:logGet(43)) - raft.server.log.use.memory = false (default)
2019-07-13 19:09:11,575 INFO  server.RaftServerConfigKeys (ConfUtils.java:logGet(43)) - raft.server.log.purge.gap = 1000000000 (custom)
2019-07-13 19:09:11,575 INFO  server.RaftServerConfigKeys (ConfUtils.java:logGet(43)) - raft.server.log.appender.buffer.byte-limit = 33554432 (custom)
2019-07-13 19:09:11,575 INFO  server.RaftServerConfigKeys (ConfUtils.java:logGet(43)) - raft.server.log.segment.size.max = 1048576 (custom)
2019-07-13 19:09:11,575 INFO  server.RaftServerConfigKeys (ConfUtils.java:logGet(43)) - raft.server.log.segment.cache.num.max = 2 (custom)
2019-07-13 19:09:11,576 INFO  segmented.SegmentedRaftLogWorker (SegmentedRaftLogWorker.java:<init>(172)) - new 65868dbd-416c-4e81-943c-78796a2f0bc6-SegmentedRaftLogWorker:Storage Directory /tmp/workdir/hadoop-ozone/integration-test/target/test-dir/MiniOzoneClusterImpl-3de7031e-3462-48a1-a96e-52dd849d2e15/datanode-5/data/ratis/bab4e75a-909e-45fb-a270-caaf293ee861 for RaftStorage:Storage Directory /tmp/workdir/hadoop-ozone/integration-test/target/test-dir/MiniOzoneClusterImpl-3de7031e-3462-48a1-a96e-52dd849d2e15/datanode-5/data/ratis/bab4e75a-909e-45fb-a270-caaf293ee861
2019-07-13 19:09:11,576 INFO  server.RaftServerConfigKeys (ConfUtils.java:logGet(43)) - raft.server.log.queue.byte-limit = 2147483647 (custom)
2019-07-13 19:09:11,576 INFO  server.RaftServerConfigKeys (ConfUtils.java:logGet(43)) - raft.server.log.queue.element-limit = 1024 (custom)
2019-07-13 19:09:11,576 INFO  server.RaftServerConfigKeys (ConfUtils.java:logGet(43)) - raft.server.log.segment.size.max = 1048576 (custom)
2019-07-13 19:09:11,577 INFO  server.RaftServerConfigKeys (ConfUtils.java:logGet(43)) - raft.server.log.preallocated.size = 16384 (custom)
2019-07-13 19:09:11,577 INFO  server.RaftServerConfigKeys (ConfUtils.java:logGet(43)) - raft.server.log.write.buffer.size = 33554432 (custom)
2019-07-13 19:09:11,577 INFO  server.RaftServerConfigKeys (ConfUtils.java:logGet(43)) - raft.server.log.force.sync.num = 128 (default)
2019-07-13 19:09:11,577 INFO  server.RaftServerConfigKeys (ConfUtils.java:logGet(43)) - raft.server.log.statemachine.data.sync = true (default)
2019-07-13 19:09:11,577 INFO  server.RaftServerConfigKeys (ConfUtils.java:logGet(43)) - raft.server.log.statemachine.data.sync.timeout = 10s (default)
2019-07-13 19:09:11,577 INFO  server.RaftServerConfigKeys (ConfUtils.java:logGet(43)) - raft.server.log.statemachine.data.sync.timeout.retry = -1 (default)
2019-07-13 19:09:11,578 INFO  server.RaftServerConfigKeys (ConfUtils.java:logGet(43)) - raft.server.log.statemachine.data.caching.enabled = true (custom)
2019-07-13 19:09:11,578 INFO  segmented.SegmentedRaftLogWorker (SegmentedRaftLogWorker.java:lambda$new$0(132)) - 65868dbd-416c-4e81-943c-78796a2f0bc6-SegmentedRaftLogWorker:Storage Directory /tmp/workdir/hadoop-ozone/integration-test/target/test-dir/MiniOzoneClusterImpl-3de7031e-3462-48a1-a96e-52dd849d2e15/datanode-5/data/ratis/bab4e75a-909e-45fb-a270-caaf293ee861: flushIndex: setUnconditionally 0 -> -1
2019-07-13 19:09:11,579 INFO  server.RaftServerConfigKeys (ConfUtils.java:logGet(43)) - raft.server.snapshot.auto.trigger.enabled = true (custom)
2019-07-13 19:09:11,579 INFO  server.RaftServerConfigKeys (ConfUtils.java:logGet(43)) - raft.server.snapshot.auto.trigger.threshold = 10000 (custom)
2019-07-13 19:09:11,579 INFO  server.RaftServerConfigKeys (ConfUtils.java:logGet(43)) - raft.server.retrycache.expirytime = 600000ms (custom)
2019-07-13 19:09:11,579 INFO  impl.RaftServerImpl (RaftServerImpl.java:start(180)) - 65868dbd-416c-4e81-943c-78796a2f0bc6: start group-CAAF293EE861
2019-07-13 19:09:11,580 INFO  impl.RaftServerImpl (RaftServerImpl.java:setRole(171)) - 65868dbd-416c-4e81-943c-78796a2f0bc6:group-CAAF293EE861 changes role from null to FOLLOWER at term 0 for startAsFollower
2019-07-13 19:09:11,580 INFO  impl.RoleInfo (RoleInfo.java:updateAndGet(143)) - 65868dbd-416c-4e81-943c-78796a2f0bc6: start FollowerState
2019-07-13 19:09:11,580 INFO  util.JmxRegister (JmxRegister.java:tryRegister(44)) - Successfully registered JMX Bean with object name Ratis:service=RaftServer,group=group-CAAF293EE861,id=65868dbd-416c-4e81-943c-78796a2f0bc6
2019-07-13 19:09:11,585 INFO  pipeline.PipelineStateManager (PipelineStateManager.java:addPipeline(56)) - Created pipeline Pipeline[ Id: bab4e75a-909e-45fb-a270-caaf293ee861, Nodes: 65868dbd-416c-4e81-943c-78796a2f0bc6{ip: 192.168.69.122, host: trunk-nightly-fxqsz-774976932, networkLocation: /default-rack, certSerialId: null}, Type:RATIS, Factor:ONE, State:OPEN]
2019-07-13 19:09:11,608 INFO  impl.RaftServerProxy (RaftServerProxy.java:addNew(89)) - 65868dbd-416c-4e81-943c-78796a2f0bc6: addNew group-25DC6CAC12E3:[0f4490aa-3924-402d-9082-5a09b8da26af:192.168.69.122:44408, 6f658921-edca-4268-a4e1-f096b873bf7b:192.168.69.122:40450, 65868dbd-416c-4e81-943c-78796a2f0bc6:192.168.69.122:36557] returns group-25DC6CAC12E3:java.util.concurrent.CompletableFuture@77bd8191[Not completed]
2019-07-13 19:09:11,608 INFO  impl.RaftServerProxy (RaftServerProxy.java:addNew(89)) - 0f4490aa-3924-402d-9082-5a09b8da26af: addNew group-25DC6CAC12E3:[0f4490aa-3924-402d-9082-5a09b8da26af:192.168.69.122:44408, 6f658921-edca-4268-a4e1-f096b873bf7b:192.168.69.122:40450, 65868dbd-416c-4e81-943c-78796a2f0bc6:192.168.69.122:36557] returns group-25DC6CAC12E3:java.util.concurrent.CompletableFuture@2a711283[Not completed]
2019-07-13 19:09:11,608 INFO  impl.RaftServerProxy (RaftServerProxy.java:addNew(89)) - 6f658921-edca-4268-a4e1-f096b873bf7b: addNew group-25DC6CAC12E3:[0f4490aa-3924-402d-9082-5a09b8da26af:192.168.69.122:44408, 6f658921-edca-4268-a4e1-f096b873bf7b:192.168.69.122:40450, 65868dbd-416c-4e81-943c-78796a2f0bc6:192.168.69.122:36557] returns group-25DC6CAC12E3:java.util.concurrent.CompletableFuture@7640239f[Not completed]
2019-07-13 19:09:11,610 INFO  impl.RaftServerImpl (RaftServerImpl.java:<init>(93)) - 6f658921-edca-4268-a4e1-f096b873bf7b: new RaftServerImpl for group-25DC6CAC12E3:[0f4490aa-3924-402d-9082-5a09b8da26af:192.168.69.122:44408, 6f658921-edca-4268-a4e1-f096b873bf7b:192.168.69.122:40450, 65868dbd-416c-4e81-943c-78796a2f0bc6:192.168.69.122:36557] with ContainerStateMachine:uninitialized
2019-07-13 19:09:11,610 INFO  server.RaftServerConfigKeys (ConfUtils.java:logGet(43)) - raft.server.rpc.timeout.min = 5s (custom)
2019-07-13 19:09:11,610 INFO  server.RaftServerConfigKeys (ConfUtils.java:logGet(43)) - raft.server.rpc.timeout.max = 5200ms (custom)
2019-07-13 19:09:11,610 INFO  server.RaftServerConfigKeys (ConfUtils.java:logGet(43)) - raft.server.rpcslowness.timeout = 120s (custom)
2019-07-13 19:09:11,611 INFO  server.RaftServerConfigKeys (ConfUtils.java:logGet(43)) - raft.server.sleep.deviation.threshold = 300 (default)
2019-07-13 19:09:11,611 INFO  impl.RaftServerImpl (RaftServerImpl.java:<init>(93)) - 0f4490aa-3924-402d-9082-5a09b8da26af: new RaftServerImpl for group-25DC6CAC12E3:[0f4490aa-3924-402d-9082-5a09b8da26af:192.168.69.122:44408, 6f658921-edca-4268-a4e1-f096b873bf7b:192.168.69.122:40450, 65868dbd-416c-4e81-943c-78796a2f0bc6:192.168.69.122:36557] with ContainerStateMachine:uninitialized
2019-07-13 19:09:11,611 INFO  server.RaftServerConfigKeys (ConfUtils.java:logGet(43)) - raft.server.log.appender.install.snapshot.enabled = false (custom)
2019-07-13 19:09:11,611 INFO  server.RaftServerConfigKeys (ConfUtils.java:logGet(43)) - raft.server.rpc.timeout.min = 5s (custom)
2019-07-13 19:09:11,611 INFO  impl.RaftServerImpl (ServerState.java:<init>(105)) - 6f658921-edca-4268-a4e1-f096b873bf7b:group-25DC6CAC12E3 ConfigurationManager, init=-1: [0f4490aa-3924-402d-9082-5a09b8da26af:192.168.69.122:44408, 6f658921-edca-4268-a4e1-f096b873bf7b:192.168.69.122:40450, 65868dbd-416c-4e81-943c-78796a2f0bc6:192.168.69.122:36557], old=null, confs=<EMPTY_MAP>
2019-07-13 19:09:11,611 INFO  server.RaftServerConfigKeys (ConfUtils.java:logGet(43)) - raft.server.rpc.timeout.max = 5200ms (custom)
2019-07-13 19:09:11,611 INFO  server.RaftServerConfigKeys (ConfUtils.java:logGet(43)) - raft.server.storage.dir = [/tmp/workdir/hadoop-ozone/integration-test/target/test-dir/MiniOzoneClusterImpl-3de7031e-3462-48a1-a96e-52dd849d2e15/datanode-4/data/ratis] (custom)
2019-07-13 19:09:11,611 INFO  impl.RaftServerImpl (RaftServerImpl.java:<init>(93)) - 65868dbd-416c-4e81-943c-78796a2f0bc6: new RaftServerImpl for group-25DC6CAC12E3:[0f4490aa-3924-402d-9082-5a09b8da26af:192.168.69.122:44408, 6f658921-edca-4268-a4e1-f096b873bf7b:192.168.69.122:40450, 65868dbd-416c-4e81-943c-78796a2f0bc6:192.168.69.122:36557] with ContainerStateMachine:uninitialized
2019-07-13 19:09:11,612 INFO  server.RaftServerConfigKeys (ConfUtils.java:logGet(43)) - raft.server.rpcslowness.timeout = 120s (custom)
2019-07-13 19:09:11,612 INFO  server.RaftServerConfigKeys (ConfUtils.java:logGet(43)) - raft.server.rpc.timeout.min = 5s (custom)
2019-07-13 19:09:11,612 INFO  server.RaftServerConfigKeys (ConfUtils.java:logGet(43)) - raft.server.sleep.deviation.threshold = 300 (default)
2019-07-13 19:09:11,612 INFO  storage.RaftStorageDirectory (RaftStorageDirectory.java:analyzeStorage(246)) - The storage directory /tmp/workdir/hadoop-ozone/integration-test/target/test-dir/MiniOzoneClusterImpl-3de7031e-3462-48a1-a96e-52dd849d2e15/datanode-4/data/ratis/73268904-7d41-4d25-8104-25dc6cac12e3 does not exist. Creating ...
2019-07-13 19:09:11,612 INFO  server.RaftServerConfigKeys (ConfUtils.java:logGet(43)) - raft.server.log.appender.install.snapshot.enabled = false (custom)
2019-07-13 19:09:11,612 INFO  server.RaftServerConfigKeys (ConfUtils.java:logGet(43)) - raft.server.rpc.timeout.max = 5200ms (custom)
2019-07-13 19:09:11,613 INFO  impl.RaftServerImpl (ServerState.java:<init>(105)) - 0f4490aa-3924-402d-9082-5a09b8da26af:group-25DC6CAC12E3 ConfigurationManager, init=-1: [0f4490aa-3924-402d-9082-5a09b8da26af:192.168.69.122:44408, 6f658921-edca-4268-a4e1-f096b873bf7b:192.168.69.122:40450, 65868dbd-416c-4e81-943c-78796a2f0bc6:192.168.69.122:36557], old=null, confs=<EMPTY_MAP>
2019-07-13 19:09:11,613 INFO  server.RaftServerConfigKeys (ConfUtils.java:logGet(43)) - raft.server.rpcslowness.timeout = 120s (custom)
2019-07-13 19:09:11,613 INFO  server.RaftServerConfigKeys (ConfUtils.java:logGet(43)) - raft.server.storage.dir = [/tmp/workdir/hadoop-ozone/integration-test/target/test-dir/MiniOzoneClusterImpl-3de7031e-3462-48a1-a96e-52dd849d2e15/datanode-3/data/ratis] (custom)
2019-07-13 19:09:11,613 INFO  server.RaftServerConfigKeys (ConfUtils.java:logGet(43)) - raft.server.sleep.deviation.threshold = 300 (default)
2019-07-13 19:09:11,613 INFO  server.RaftServerConfigKeys (ConfUtils.java:logGet(43)) - raft.server.log.appender.install.snapshot.enabled = false (custom)
2019-07-13 19:09:11,613 INFO  storage.RaftStorageDirectory (RaftStorageDirectory.java:analyzeStorage(246)) - The storage directory /tmp/workdir/hadoop-ozone/integration-test/target/test-dir/MiniOzoneClusterImpl-3de7031e-3462-48a1-a96e-52dd849d2e15/datanode-3/data/ratis/73268904-7d41-4d25-8104-25dc6cac12e3 does not exist. Creating ...
2019-07-13 19:09:11,613 INFO  impl.RaftServerImpl (ServerState.java:<init>(105)) - 65868dbd-416c-4e81-943c-78796a2f0bc6:group-25DC6CAC12E3 ConfigurationManager, init=-1: [0f4490aa-3924-402d-9082-5a09b8da26af:192.168.69.122:44408, 6f658921-edca-4268-a4e1-f096b873bf7b:192.168.69.122:40450, 65868dbd-416c-4e81-943c-78796a2f0bc6:192.168.69.122:36557], old=null, confs=<EMPTY_MAP>
2019-07-13 19:09:11,614 INFO  server.RaftServerConfigKeys (ConfUtils.java:logGet(43)) - raft.server.storage.dir = [/tmp/workdir/hadoop-ozone/integration-test/target/test-dir/MiniOzoneClusterImpl-3de7031e-3462-48a1-a96e-52dd849d2e15/datanode-5/data/ratis] (custom)
2019-07-13 19:09:11,614 INFO  storage.RaftStorageDirectory (RaftStorageDirectory.java:analyzeStorage(246)) - The storage directory /tmp/workdir/hadoop-ozone/integration-test/target/test-dir/MiniOzoneClusterImpl-3de7031e-3462-48a1-a96e-52dd849d2e15/datanode-5/data/ratis/73268904-7d41-4d25-8104-25dc6cac12e3 does not exist. Creating ...
2019-07-13 19:09:11,626 INFO  storage.RaftStorageDirectory (RaftStorageDirectory.java:tryLock(328)) - Lock on /tmp/workdir/hadoop-ozone/integration-test/target/test-dir/MiniOzoneClusterImpl-3de7031e-3462-48a1-a96e-52dd849d2e15/datanode-5/data/ratis/73268904-7d41-4d25-8104-25dc6cac12e3/in_use.lock acquired by nodename 10860@trunk-nightly-fxqsz-774976932
2019-07-13 19:09:11,626 INFO  storage.RaftStorageDirectory (RaftStorageDirectory.java:tryLock(328)) - Lock on /tmp/workdir/hadoop-ozone/integration-test/target/test-dir/MiniOzoneClusterImpl-3de7031e-3462-48a1-a96e-52dd849d2e15/datanode-4/data/ratis/73268904-7d41-4d25-8104-25dc6cac12e3/in_use.lock acquired by nodename 10860@trunk-nightly-fxqsz-774976932
2019-07-13 19:09:11,626 INFO  storage.RaftStorageDirectory (RaftStorageDirectory.java:tryLock(328)) - Lock on /tmp/workdir/hadoop-ozone/integration-test/target/test-dir/MiniOzoneClusterImpl-3de7031e-3462-48a1-a96e-52dd849d2e15/datanode-3/data/ratis/73268904-7d41-4d25-8104-25dc6cac12e3/in_use.lock acquired by nodename 10860@trunk-nightly-fxqsz-774976932
2019-07-13 19:09:11,641 INFO  storage.RaftStorage (RaftStorage.java:format(72)) - Storage directory /tmp/workdir/hadoop-ozone/integration-test/target/test-dir/MiniOzoneClusterImpl-3de7031e-3462-48a1-a96e-52dd849d2e15/datanode-3/data/ratis/73268904-7d41-4d25-8104-25dc6cac12e3 has been successfully formatted.
2019-07-13 19:09:11,641 INFO  storage.RaftStorage (RaftStorage.java:format(72)) - Storage directory /tmp/workdir/hadoop-ozone/integration-test/target/test-dir/MiniOzoneClusterImpl-3de7031e-3462-48a1-a96e-52dd849d2e15/datanode-4/data/ratis/73268904-7d41-4d25-8104-25dc6cac12e3 has been successfully formatted.
2019-07-13 19:09:11,642 INFO  ratis.ContainerStateMachine (ContainerStateMachine.java:loadSnapshot(200)) - The snapshot info is null.Setting the last applied index to:(t:0, i:~)
2019-07-13 19:09:11,641 INFO  storage.RaftStorage (RaftStorage.java:format(72)) - Storage directory /tmp/workdir/hadoop-ozone/integration-test/target/test-dir/MiniOzoneClusterImpl-3de7031e-3462-48a1-a96e-52dd849d2e15/datanode-5/data/ratis/73268904-7d41-4d25-8104-25dc6cac12e3 has been successfully formatted.
2019-07-13 19:09:11,642 INFO  server.RaftServerConfigKeys (ConfUtils.java:logGet(43)) - raft.server.leader.election.timeout = 120s (custom)
2019-07-13 19:09:11,642 INFO  ratis.ContainerStateMachine (ContainerStateMachine.java:loadSnapshot(200)) - The snapshot info is null.Setting the last applied index to:(t:0, i:~)
2019-07-13 19:09:11,642 INFO  server.RaftServerConfigKeys (ConfUtils.java:logGet(43)) - raft.server.log.use.memory = false (default)
2019-07-13 19:09:11,642 INFO  ratis.ContainerStateMachine (ContainerStateMachine.java:loadSnapshot(200)) - The snapshot info is null.Setting the last applied index to:(t:0, i:~)
2019-07-13 19:09:11,643 INFO  server.RaftServerConfigKeys (ConfUtils.java:logGet(43)) - raft.server.log.purge.gap = 1000000000 (custom)
2019-07-13 19:09:11,643 INFO  server.RaftServerConfigKeys (ConfUtils.java:logGet(43)) - raft.server.leader.election.timeout = 120s (custom)
2019-07-13 19:09:11,643 INFO  server.RaftServerConfigKeys (ConfUtils.java:logGet(43)) - raft.server.log.appender.buffer.byte-limit = 33554432 (custom)
2019-07-13 19:09:11,643 INFO  server.RaftServerConfigKeys (ConfUtils.java:logGet(43)) - raft.server.leader.election.timeout = 120s (custom)
2019-07-13 19:09:11,643 INFO  server.RaftServerConfigKeys (ConfUtils.java:logGet(43)) - raft.server.log.segment.size.max = 1048576 (custom)
2019-07-13 19:09:11,643 INFO  server.RaftServerConfigKeys (ConfUtils.java:logGet(43)) - raft.server.log.use.memory = false (default)
2019-07-13 19:09:11,644 INFO  server.RaftServerConfigKeys (ConfUtils.java:logGet(43)) - raft.server.log.segment.cache.num.max = 2 (custom)
2019-07-13 19:09:11,644 INFO  server.RaftServerConfigKeys (ConfUtils.java:logGet(43)) - raft.server.log.use.memory = false (default)
2019-07-13 19:09:11,644 INFO  segmented.SegmentedRaftLogWorker (SegmentedRaftLogWorker.java:<init>(172)) - new 0f4490aa-3924-402d-9082-5a09b8da26af-SegmentedRaftLogWorker:Storage Directory /tmp/workdir/hadoop-ozone/integration-test/target/test-dir/MiniOzoneClusterImpl-3de7031e-3462-48a1-a96e-52dd849d2e15/datanode-3/data/ratis/73268904-7d41-4d25-8104-25dc6cac12e3 for RaftStorage:Storage Directory /tmp/workdir/hadoop-ozone/integration-test/target/test-dir/MiniOzoneClusterImpl-3de7031e-3462-48a1-a96e-52dd849d2e15/datanode-3/data/ratis/73268904-7d41-4d25-8104-25dc6cac12e3
2019-07-13 19:09:11,644 INFO  server.RaftServerConfigKeys (ConfUtils.java:logGet(43)) - raft.server.log.purge.gap = 1000000000 (custom)
2019-07-13 19:09:11,644 INFO  server.RaftServerConfigKeys (ConfUtils.java:logGet(43)) - raft.server.log.queue.byte-limit = 2147483647 (custom)
2019-07-13 19:09:11,644 INFO  server.RaftServerConfigKeys (ConfUtils.java:logGet(43)) - raft.server.log.purge.gap = 1000000000 (custom)
2019-07-13 19:09:11,645 INFO  server.RaftServerConfigKeys (ConfUtils.java:logGet(43)) - raft.server.log.queue.element-limit = 1024 (custom)
2019-07-13 19:09:11,645 INFO  server.RaftServerConfigKeys (ConfUtils.java:logGet(43)) - raft.server.log.appender.buffer.byte-limit = 33554432 (custom)
2019-07-13 19:09:11,645 INFO  server.RaftServerConfigKeys (ConfUtils.java:logGet(43)) - raft.server.log.segment.size.max = 1048576 (custom)
2019-07-13 19:09:11,645 INFO  server.RaftServerConfigKeys (ConfUtils.java:logGet(43)) - raft.server.log.appender.buffer.byte-limit = 33554432 (custom)
2019-07-13 19:09:11,646 INFO  server.RaftServerConfigKeys (ConfUtils.java:logGet(43)) - raft.server.log.preallocated.size = 16384 (custom)
2019-07-13 19:09:11,645 INFO  server.RaftServerConfigKeys (ConfUtils.java:logGet(43)) - raft.server.log.segment.size.max = 1048576 (custom)
2019-07-13 19:09:11,646 INFO  server.RaftServerConfigKeys (ConfUtils.java:logGet(43)) - raft.server.log.write.buffer.size = 33554432 (custom)
2019-07-13 19:09:11,646 INFO  server.RaftServerConfigKeys (ConfUtils.java:logGet(43)) - raft.server.log.segment.size.max = 1048576 (custom)
2019-07-13 19:09:11,646 INFO  server.RaftServerConfigKeys (ConfUtils.java:logGet(43)) - raft.server.log.force.sync.num = 128 (default)
2019-07-13 19:09:11,646 INFO  server.RaftServerConfigKeys (ConfUtils.java:logGet(43)) - raft.server.log.segment.cache.num.max = 2 (custom)
2019-07-13 19:09:11,647 INFO  server.RaftServerConfigKeys (ConfUtils.java:logGet(43)) - raft.server.log.statemachine.data.sync = true (default)
2019-07-13 19:09:11,646 INFO  server.RaftServerConfigKeys (ConfUtils.java:logGet(43)) - raft.server.log.segment.cache.num.max = 2 (custom)
2019-07-13 19:09:11,647 INFO  server.RaftServerConfigKeys (ConfUtils.java:logGet(43)) - raft.server.log.statemachine.data.sync.timeout = 10s (default)
2019-07-13 19:09:11,647 INFO  segmented.SegmentedRaftLogWorker (SegmentedRaftLogWorker.java:<init>(172)) - new 6f658921-edca-4268-a4e1-f096b873bf7b-SegmentedRaftLogWorker:Storage Directory /tmp/workdir/hadoop-ozone/integration-test/target/test-dir/MiniOzoneClusterImpl-3de7031e-3462-48a1-a96e-52dd849d2e15/datanode-4/data/ratis/73268904-7d41-4d25-8104-25dc6cac12e3 for RaftStorage:Storage Directory /tmp/workdir/hadoop-ozone/integration-test/target/test-dir/MiniOzoneClusterImpl-3de7031e-3462-48a1-a96e-52dd849d2e15/datanode-4/data/ratis/73268904-7d41-4d25-8104-25dc6cac12e3
2019-07-13 19:09:11,647 INFO  server.RaftServerConfigKeys (ConfUtils.java:logGet(43)) - raft.server.log.statemachine.data.sync.timeout.retry = -1 (default)
2019-07-13 19:09:11,647 INFO  segmented.SegmentedRaftLogWorker (SegmentedRaftLogWorker.java:<init>(172)) - new 65868dbd-416c-4e81-943c-78796a2f0bc6-SegmentedRaftLogWorker:Storage Directory /tmp/workdir/hadoop-ozone/integration-test/target/test-dir/MiniOzoneClusterImpl-3de7031e-3462-48a1-a96e-52dd849d2e15/datanode-5/data/ratis/73268904-7d41-4d25-8104-25dc6cac12e3 for RaftStorage:Storage Directory /tmp/workdir/hadoop-ozone/integration-test/target/test-dir/MiniOzoneClusterImpl-3de7031e-3462-48a1-a96e-52dd849d2e15/datanode-5/data/ratis/73268904-7d41-4d25-8104-25dc6cac12e3
2019-07-13 19:09:11,648 INFO  server.RaftServerConfigKeys (ConfUtils.java:logGet(43)) - raft.server.log.statemachine.data.caching.enabled = true (custom)
2019-07-13 19:09:11,648 INFO  server.RaftServerConfigKeys (ConfUtils.java:logGet(43)) - raft.server.log.queue.byte-limit = 2147483647 (custom)
2019-07-13 19:09:11,648 INFO  server.RaftServerConfigKeys (ConfUtils.java:logGet(43)) - raft.server.log.queue.byte-limit = 2147483647 (custom)
2019-07-13 19:09:11,648 INFO  segmented.SegmentedRaftLogWorker (SegmentedRaftLogWorker.java:lambda$new$0(132)) - 0f4490aa-3924-402d-9082-5a09b8da26af-SegmentedRaftLogWorker:Storage Directory /tmp/workdir/hadoop-ozone/integration-test/target/test-dir/MiniOzoneClusterImpl-3de7031e-3462-48a1-a96e-52dd849d2e15/datanode-3/data/ratis/73268904-7d41-4d25-8104-25dc6cac12e3: flushIndex: setUnconditionally 0 -> -1
2019-07-13 19:09:11,648 INFO  server.RaftServerConfigKeys (ConfUtils.java:logGet(43)) - raft.server.log.queue.element-limit = 1024 (custom)
2019-07-13 19:09:11,648 INFO  server.RaftServerConfigKeys (ConfUtils.java:logGet(43)) - raft.server.log.queue.element-limit = 1024 (custom)
2019-07-13 19:09:11,649 INFO  server.RaftServerConfigKeys (ConfUtils.java:logGet(43)) - raft.server.snapshot.auto.trigger.enabled = true (custom)
2019-07-13 19:09:11,649 INFO  server.RaftServerConfigKeys (ConfUtils.java:logGet(43)) - raft.server.log.segment.size.max = 1048576 (custom)
2019-07-13 19:09:11,649 INFO  server.RaftServerConfigKeys (ConfUtils.java:logGet(43)) - raft.server.snapshot.auto.trigger.threshold = 10000 (custom)
2019-07-13 19:09:11,649 INFO  server.RaftServerConfigKeys (ConfUtils.java:logGet(43)) - raft.server.log.segment.size.max = 1048576 (custom)
2019-07-13 19:09:11,650 INFO  server.RaftServerConfigKeys (ConfUtils.java:logGet(43)) - raft.server.retrycache.expirytime = 600000ms (custom)
2019-07-13 19:09:11,649 INFO  server.RaftServerConfigKeys (ConfUtils.java:logGet(43)) - raft.server.log.preallocated.size = 16384 (custom)
2019-07-13 19:09:11,650 INFO  impl.RaftServerImpl (RaftServerImpl.java:start(180)) - 0f4490aa-3924-402d-9082-5a09b8da26af: start group-25DC6CAC12E3
2019-07-13 19:09:11,650 INFO  server.RaftServerConfigKeys (ConfUtils.java:logGet(43)) - raft.server.log.preallocated.size = 16384 (custom)
2019-07-13 19:09:11,650 INFO  impl.RaftServerImpl (RaftServerImpl.java:setRole(171)) - 0f4490aa-3924-402d-9082-5a09b8da26af:group-25DC6CAC12E3 changes role from null to FOLLOWER at term 0 for startAsFollower
2019-07-13 19:09:11,650 INFO  server.RaftServerConfigKeys (ConfUtils.java:logGet(43)) - raft.server.log.write.buffer.size = 33554432 (custom)
2019-07-13 19:09:11,650 INFO  impl.RoleInfo (RoleInfo.java:updateAndGet(143)) - 0f4490aa-3924-402d-9082-5a09b8da26af: start FollowerState
2019-07-13 19:09:11,650 INFO  server.RaftServerConfigKeys (ConfUtils.java:logGet(43)) - raft.server.log.write.buffer.size = 33554432 (custom)
2019-07-13 19:09:11,651 INFO  server.RaftServerConfigKeys (ConfUtils.java:logGet(43)) - raft.server.log.force.sync.num = 128 (default)
2019-07-13 19:09:11,651 INFO  util.JmxRegister (JmxRegister.java:tryRegister(44)) - Successfully registered JMX Bean with object name Ratis:service=RaftServer,group=group-25DC6CAC12E3,id=0f4490aa-3924-402d-9082-5a09b8da26af
2019-07-13 19:09:11,651 INFO  server.RaftServerConfigKeys (ConfUtils.java:logGet(43)) - raft.server.log.force.sync.num = 128 (default)
2019-07-13 19:09:11,651 INFO  server.RaftServerConfigKeys (ConfUtils.java:logGet(43)) - raft.server.log.statemachine.data.sync = true (default)
2019-07-13 19:09:11,651 INFO  server.RaftServerConfigKeys (ConfUtils.java:logGet(43)) - raft.server.log.statemachine.data.sync = true (default)
2019-07-13 19:09:11,652 INFO  server.RaftServerConfigKeys (ConfUtils.java:logGet(43)) - raft.server.log.statemachine.data.sync.timeout = 10s (default)
2019-07-13 19:09:11,652 INFO  server.RaftServerConfigKeys (ConfUtils.java:logGet(43)) - raft.server.log.statemachine.data.sync.timeout = 10s (default)
2019-07-13 19:09:11,652 INFO  server.RaftServerConfigKeys (ConfUtils.java:logGet(43)) - raft.server.log.statemachine.data.sync.timeout.retry = -1 (default)
2019-07-13 19:09:11,652 INFO  server.RaftServerConfigKeys (ConfUtils.java:logGet(43)) - raft.server.log.statemachine.data.sync.timeout.retry = -1 (default)
2019-07-13 19:09:11,652 INFO  server.RaftServerConfigKeys (ConfUtils.java:logGet(43)) - raft.server.log.statemachine.data.caching.enabled = true (custom)
2019-07-13 19:09:11,655 INFO  server.RaftServerConfigKeys (ConfUtils.java:logGet(43)) - raft.server.log.statemachine.data.caching.enabled = true (custom)
2019-07-13 19:09:11,655 INFO  segmented.SegmentedRaftLogWorker (SegmentedRaftLogWorker.java:lambda$new$0(132)) - 6f658921-edca-4268-a4e1-f096b873bf7b-SegmentedRaftLogWorker:Storage Directory /tmp/workdir/hadoop-ozone/integration-test/target/test-dir/MiniOzoneClusterImpl-3de7031e-3462-48a1-a96e-52dd849d2e15/datanode-4/data/ratis/73268904-7d41-4d25-8104-25dc6cac12e3: flushIndex: setUnconditionally 0 -> -1
2019-07-13 19:09:11,655 INFO  segmented.SegmentedRaftLogWorker (SegmentedRaftLogWorker.java:lambda$new$0(132)) - 65868dbd-416c-4e81-943c-78796a2f0bc6-SegmentedRaftLogWorker:Storage Directory /tmp/workdir/hadoop-ozone/integration-test/target/test-dir/MiniOzoneClusterImpl-3de7031e-3462-48a1-a96e-52dd849d2e15/datanode-5/data/ratis/73268904-7d41-4d25-8104-25dc6cac12e3: flushIndex: setUnconditionally 0 -> -1
2019-07-13 19:09:11,655 INFO  server.RaftServerConfigKeys (ConfUtils.java:logGet(43)) - raft.server.snapshot.auto.trigger.enabled = true (custom)
2019-07-13 19:09:11,656 INFO  server.RaftServerConfigKeys (ConfUtils.java:logGet(43)) - raft.server.snapshot.auto.trigger.threshold = 10000 (custom)
2019-07-13 19:09:11,656 INFO  server.RaftServerConfigKeys (ConfUtils.java:logGet(43)) - raft.server.snapshot.auto.trigger.enabled = true (custom)
2019-07-13 19:09:11,656 INFO  server.RaftServerConfigKeys (ConfUtils.java:logGet(43)) - raft.server.retrycache.expirytime = 600000ms (custom)
2019-07-13 19:09:11,656 INFO  server.RaftServerConfigKeys (ConfUtils.java:logGet(43)) - raft.server.snapshot.auto.trigger.threshold = 10000 (custom)
2019-07-13 19:09:11,656 INFO  impl.RaftServerImpl (RaftServerImpl.java:start(180)) - 6f658921-edca-4268-a4e1-f096b873bf7b: start group-25DC6CAC12E3
2019-07-13 19:09:11,656 INFO  server.RaftServerConfigKeys (ConfUtils.java:logGet(43)) - raft.server.retrycache.expirytime = 600000ms (custom)
2019-07-13 19:09:11,656 INFO  impl.RaftServerImpl (RaftServerImpl.java:setRole(171)) - 6f658921-edca-4268-a4e1-f096b873bf7b:group-25DC6CAC12E3 changes role from null to FOLLOWER at term 0 for startAsFollower
2019-07-13 19:09:11,657 INFO  impl.RaftServerImpl (RaftServerImpl.java:start(180)) - 65868dbd-416c-4e81-943c-78796a2f0bc6: start group-25DC6CAC12E3
2019-07-13 19:09:11,657 INFO  impl.RoleInfo (RoleInfo.java:updateAndGet(143)) - 6f658921-edca-4268-a4e1-f096b873bf7b: start FollowerState
2019-07-13 19:09:11,657 INFO  impl.RaftServerImpl (RaftServerImpl.java:setRole(171)) - 65868dbd-416c-4e81-943c-78796a2f0bc6:group-25DC6CAC12E3 changes role from null to FOLLOWER at term 0 for startAsFollower
2019-07-13 19:09:11,657 INFO  impl.RoleInfo (RoleInfo.java:updateAndGet(143)) - 65868dbd-416c-4e81-943c-78796a2f0bc6: start FollowerState
2019-07-13 19:09:11,657 INFO  util.JmxRegister (JmxRegister.java:tryRegister(44)) - Successfully registered JMX Bean with object name Ratis:service=RaftServer,group=group-25DC6CAC12E3,id=6f658921-edca-4268-a4e1-f096b873bf7b
2019-07-13 19:09:11,658 INFO  util.JmxRegister (JmxRegister.java:tryRegister(44)) - Successfully registered JMX Bean with object name Ratis:service=RaftServer,group=group-25DC6CAC12E3,id=65868dbd-416c-4e81-943c-78796a2f0bc6
2019-07-13 19:09:11,666 INFO  pipeline.PipelineStateManager (PipelineStateManager.java:addPipeline(56)) - Created pipeline Pipeline[ Id: 73268904-7d41-4d25-8104-25dc6cac12e3, Nodes: 0f4490aa-3924-402d-9082-5a09b8da26af{ip: 192.168.69.122, host: trunk-nightly-fxqsz-774976932, networkLocation: /default-rack, certSerialId: null}6f658921-edca-4268-a4e1-f096b873bf7b{ip: 192.168.69.122, host: trunk-nightly-fxqsz-774976932, networkLocation: /default-rack, certSerialId: null}65868dbd-416c-4e81-943c-78796a2f0bc6{ip: 192.168.69.122, host: trunk-nightly-fxqsz-774976932, networkLocation: /default-rack, certSerialId: null}, Type:RATIS, Factor:THREE, State:OPEN]
2019-07-13 19:09:11,736 INFO  client.GrpcClientProtocolClient (GrpcClientProtocolClient.java:onNext(255)) - client-7745BCC8A83E->0f4490aa-3924-402d-9082-5a09b8da26af: receive RaftClientReply:client-7745BCC8A83E->0f4490aa-3924-402d-9082-5a09b8da26af@group-25DC6CAC12E3, cid=34, FAILED org.apache.ratis.protocol.NotLeaderException: Server 0f4490aa-3924-402d-9082-5a09b8da26af is not the leader (null). Request must be sent to leader., logIndex=0, commits[0f4490aa-3924-402d-9082-5a09b8da26af:c-1]
2019-07-13 19:09:12,772 INFO  client.GrpcClientProtocolClient (GrpcClientProtocolClient.java:onNext(255)) - client-7745BCC8A83E->6f658921-edca-4268-a4e1-f096b873bf7b: receive RaftClientReply:client-7745BCC8A83E->6f658921-edca-4268-a4e1-f096b873bf7b@group-25DC6CAC12E3, cid=34, FAILED org.apache.ratis.protocol.NotLeaderException: Server 6f658921-edca-4268-a4e1-f096b873bf7b is not the leader (null). Request must be sent to leader., logIndex=0, commits[6f658921-edca-4268-a4e1-f096b873bf7b:c-1]
2019-07-13 19:09:13,491 INFO  container.ReplicationManager (ReplicationManager.java:start(155)) - Starting Replication Monitor Thread.
2019-07-13 19:09:13,495 INFO  container.ReplicationManager (ReplicationManager.java:run(207)) - Replication Monitor Thread took 0 milliseconds for processing 1 containers.
2019-07-13 19:09:13,797 INFO  client.GrpcClientProtocolClient (GrpcClientProtocolClient.java:onNext(255)) - client-7745BCC8A83E->0f4490aa-3924-402d-9082-5a09b8da26af: receive RaftClientReply:client-7745BCC8A83E->0f4490aa-3924-402d-9082-5a09b8da26af@group-25DC6CAC12E3, cid=34, FAILED org.apache.ratis.protocol.NotLeaderException: Server 0f4490aa-3924-402d-9082-5a09b8da26af is not the leader (null). Request must be sent to leader., logIndex=0, commits[0f4490aa-3924-402d-9082-5a09b8da26af:c-1]
2019-07-13 19:09:14,825 INFO  client.GrpcClientProtocolClient (GrpcClientProtocolClient.java:onNext(255)) - client-7745BCC8A83E->65868dbd-416c-4e81-943c-78796a2f0bc6: receive RaftClientReply:client-7745BCC8A83E->65868dbd-416c-4e81-943c-78796a2f0bc6@group-25DC6CAC12E3, cid=34, FAILED org.apache.ratis.protocol.NotLeaderException: Server 65868dbd-416c-4e81-943c-78796a2f0bc6 is not the leader (null). Request must be sent to leader., logIndex=0, commits[65868dbd-416c-4e81-943c-78796a2f0bc6:c-1]
2019-07-13 19:09:15,615 INFO  impl.FollowerState (FollowerState.java:run(106)) - 5333ce6f-38bb-4956-8316-aa05d7ae3a83:group-874A1474DE82 changes to CANDIDATE, lastRpcTime:5062, electionTimeout:5062ms
2019-07-13 19:09:15,616 INFO  impl.RoleInfo (RoleInfo.java:shutdownFollowerState(121)) - 5333ce6f-38bb-4956-8316-aa05d7ae3a83: shutdown FollowerState
2019-07-13 19:09:15,616 INFO  impl.RaftServerImpl (RaftServerImpl.java:setRole(171)) - 5333ce6f-38bb-4956-8316-aa05d7ae3a83:group-874A1474DE82 changes role from FOLLOWER to CANDIDATE at term 0 for changeToCandidate
2019-07-13 19:09:15,616 INFO  impl.RoleInfo (RoleInfo.java:updateAndGet(143)) - 5333ce6f-38bb-4956-8316-aa05d7ae3a83: start LeaderElection
2019-07-13 19:09:15,637 INFO  impl.LeaderElection (LeaderElection.java:askForVotes(181)) - 5333ce6f-38bb-4956-8316-aa05d7ae3a83:group-874A1474DE82:LeaderElection12: begin an election at term 1 for -1: [5333ce6f-38bb-4956-8316-aa05d7ae3a83:192.168.69.122:38974], old=null
2019-07-13 19:09:15,638 INFO  impl.RoleInfo (RoleInfo.java:shutdownLeaderElection(134)) - 5333ce6f-38bb-4956-8316-aa05d7ae3a83: shutdown LeaderElection
2019-07-13 19:09:15,638 INFO  impl.RaftServerImpl (RaftServerImpl.java:setRole(171)) - 5333ce6f-38bb-4956-8316-aa05d7ae3a83:group-874A1474DE82 changes role from CANDIDATE to LEADER at term 1 for changeToLeader
2019-07-13 19:09:15,638 INFO  impl.RaftServerImpl (ServerState.java:setLeader(263)) - 5333ce6f-38bb-4956-8316-aa05d7ae3a83:group-874A1474DE82 change Leader from null to 5333ce6f-38bb-4956-8316-aa05d7ae3a83 at term 1 for becomeLeader, leader elected after 5093ms
2019-07-13 19:09:15,640 INFO  server.RaftServerConfigKeys (ConfUtils.java:logGet(43)) - raft.server.staging.catchup.gap = 1000 (default)
2019-07-13 19:09:15,641 INFO  server.RaftServerConfigKeys (ConfUtils.java:logGet(43)) - raft.server.rpc.sleep.time = 25ms (default)
2019-07-13 19:09:15,641 INFO  server.RaftServerConfigKeys (ConfUtils.java:logGet(43)) - raft.server.write.element-limit = 4096 (default)
2019-07-13 19:09:15,641 INFO  server.RaftServerConfigKeys (ConfUtils.java:logGet(43)) - raft.server.watch.timeout = 10s (default)
2019-07-13 19:09:15,642 INFO  server.RaftServerConfigKeys (ConfUtils.java:logGet(43)) - raft.server.watch.timeout.denomination = 1s (default)
2019-07-13 19:09:15,642 INFO  server.RaftServerConfigKeys (ConfUtils.java:logGet(43)) - raft.server.watch.element-limit = 65536 (default)
2019-07-13 19:09:15,643 INFO  impl.RoleInfo (RoleInfo.java:updateAndGet(143)) - 5333ce6f-38bb-4956-8316-aa05d7ae3a83: start LeaderState
2019-07-13 19:09:15,643 INFO  segmented.SegmentedRaftLogWorker (SegmentedRaftLogWorker.java:startLogSegment(380)) - 5333ce6f-38bb-4956-8316-aa05d7ae3a83-SegmentedRaftLogWorker:Storage Directory /tmp/workdir/hadoop-ozone/integration-test/target/test-dir/MiniOzoneClusterImpl-3de7031e-3462-48a1-a96e-52dd849d2e15/datanode-0/data/ratis/6cc59249-310b-4dc0-9449-874a1474de82: Starting segment from index:0
2019-07-13 19:09:15,644 INFO  impl.RaftServerImpl (ServerState.java:setRaftConf(361)) - 5333ce6f-38bb-4956-8316-aa05d7ae3a83:group-874A1474DE82 set configuration 0: [5333ce6f-38bb-4956-8316-aa05d7ae3a83:192.168.69.122:38974], old=null at 0
2019-07-13 19:09:15,678 INFO  segmented.SegmentedRaftLogWorker (SegmentedRaftLogWorker.java:execute(569)) - 5333ce6f-38bb-4956-8316-aa05d7ae3a83-SegmentedRaftLogWorker:Storage Directory /tmp/workdir/hadoop-ozone/integration-test/target/test-dir/MiniOzoneClusterImpl-3de7031e-3462-48a1-a96e-52dd849d2e15/datanode-0/data/ratis/6cc59249-310b-4dc0-9449-874a1474de82: created new log segment /tmp/workdir/hadoop-ozone/integration-test/target/test-dir/MiniOzoneClusterImpl-3de7031e-3462-48a1-a96e-52dd849d2e15/datanode-0/data/ratis/6cc59249-310b-4dc0-9449-874a1474de82/current/log_inprogress_0
2019-07-13 19:09:15,728 INFO  impl.FollowerState (FollowerState.java:run(106)) - 55f628f1-02a2-4ed6-ae63-652726df608b:group-A181D7F4999A changes to CANDIDATE, lastRpcTime:5020, electionTimeout:5020ms
2019-07-13 19:09:15,728 INFO  impl.RoleInfo (RoleInfo.java:shutdownFollowerState(121)) - 55f628f1-02a2-4ed6-ae63-652726df608b: shutdown FollowerState
2019-07-13 19:09:15,728 INFO  impl.RaftServerImpl (RaftServerImpl.java:setRole(171)) - 55f628f1-02a2-4ed6-ae63-652726df608b:group-A181D7F4999A changes role from FOLLOWER to CANDIDATE at term 0 for changeToCandidate
2019-07-13 19:09:15,728 INFO  impl.RoleInfo (RoleInfo.java:updateAndGet(143)) - 55f628f1-02a2-4ed6-ae63-652726df608b: start LeaderElection
2019-07-13 19:09:15,749 INFO  impl.LeaderElection (LeaderElection.java:askForVotes(181)) - 55f628f1-02a2-4ed6-ae63-652726df608b:group-A181D7F4999A:LeaderElection13: begin an election at term 1 for -1: [55f628f1-02a2-4ed6-ae63-652726df608b:192.168.69.122:37818], old=null
2019-07-13 19:09:15,749 INFO  impl.RoleInfo (RoleInfo.java:shutdownLeaderElection(134)) - 55f628f1-02a2-4ed6-ae63-652726df608b: shutdown LeaderElection
2019-07-13 19:09:15,749 INFO  impl.RaftServerImpl (RaftServerImpl.java:setRole(171)) - 55f628f1-02a2-4ed6-ae63-652726df608b:group-A181D7F4999A changes role from CANDIDATE to LEADER at term 1 for changeToLeader
2019-07-13 19:09:15,749 INFO  impl.RaftServerImpl (ServerState.java:setLeader(263)) - 55f628f1-02a2-4ed6-ae63-652726df608b:group-A181D7F4999A change Leader from null to 55f628f1-02a2-4ed6-ae63-652726df608b at term 1 for becomeLeader, leader elected after 5047ms
2019-07-13 19:09:15,752 INFO  server.RaftServerConfigKeys (ConfUtils.java:logGet(43)) - raft.server.staging.catchup.gap = 1000 (default)
2019-07-13 19:09:15,754 INFO  server.RaftServerConfigKeys (ConfUtils.java:logGet(43)) - raft.server.rpc.sleep.time = 25ms (default)
2019-07-13 19:09:15,754 INFO  server.RaftServerConfigKeys (ConfUtils.java:logGet(43)) - raft.server.write.element-limit = 4096 (default)
2019-07-13 19:09:15,754 INFO  server.RaftServerConfigKeys (ConfUtils.java:logGet(43)) - raft.server.watch.timeout = 10s (default)
2019-07-13 19:09:15,755 INFO  server.RaftServerConfigKeys (ConfUtils.java:logGet(43)) - raft.server.watch.timeout.denomination = 1s (default)
2019-07-13 19:09:15,755 INFO  server.RaftServerConfigKeys (ConfUtils.java:logGet(43)) - raft.server.watch.element-limit = 65536 (default)
2019-07-13 19:09:15,755 INFO  impl.RoleInfo (RoleInfo.java:updateAndGet(143)) - 55f628f1-02a2-4ed6-ae63-652726df608b: start LeaderState
2019-07-13 19:09:15,755 INFO  segmented.SegmentedRaftLogWorker (SegmentedRaftLogWorker.java:startLogSegment(380)) - 55f628f1-02a2-4ed6-ae63-652726df608b-SegmentedRaftLogWorker:Storage Directory /tmp/workdir/hadoop-ozone/integration-test/target/test-dir/MiniOzoneClusterImpl-3de7031e-3462-48a1-a96e-52dd849d2e15/datanode-1/data/ratis/6d0d0dfe-19ae-4c85-bb04-a181d7f4999a: Starting segment from index:0
2019-07-13 19:09:15,756 INFO  impl.RaftServerImpl (ServerState.java:setRaftConf(361)) - 55f628f1-02a2-4ed6-ae63-652726df608b:group-A181D7F4999A set configuration 0: [55f628f1-02a2-4ed6-ae63-652726df608b:192.168.69.122:37818], old=null at 0
2019-07-13 19:09:15,790 INFO  segmented.SegmentedRaftLogWorker (SegmentedRaftLogWorker.java:execute(569)) - 55f628f1-02a2-4ed6-ae63-652726df608b-SegmentedRaftLogWorker:Storage Directory /tmp/workdir/hadoop-ozone/integration-test/target/test-dir/MiniOzoneClusterImpl-3de7031e-3462-48a1-a96e-52dd849d2e15/datanode-1/data/ratis/6d0d0dfe-19ae-4c85-bb04-a181d7f4999a: created new log segment /tmp/workdir/hadoop-ozone/integration-test/target/test-dir/MiniOzoneClusterImpl-3de7031e-3462-48a1-a96e-52dd849d2e15/datanode-1/data/ratis/6d0d0dfe-19ae-4c85-bb04-a181d7f4999a/current/log_inprogress_0
2019-07-13 19:09:15,851 INFO  client.GrpcClientProtocolClient (GrpcClientProtocolClient.java:onNext(255)) - client-7745BCC8A83E->0f4490aa-3924-402d-9082-5a09b8da26af: receive RaftClientReply:client-7745BCC8A83E->0f4490aa-3924-402d-9082-5a09b8da26af@group-25DC6CAC12E3, cid=34, FAILED org.apache.ratis.protocol.NotLeaderException: Server 0f4490aa-3924-402d-9082-5a09b8da26af is not the leader (null). Request must be sent to leader., logIndex=0, commits[0f4490aa-3924-402d-9082-5a09b8da26af:c-1]
2019-07-13 19:09:15,863 WARN  io.KeyOutputStream (KeyOutputStream.java:handleException(276)) - Encountered exception java.io.IOException: Unexpected Storage Container Exception: java.util.concurrent.CompletionException: java.util.concurrent.CompletionException: org.apache.ratis.protocol.RaftRetryFailureException: Failed RaftClientRequest:client-7745BCC8A83E->0f4490aa-3924-402d-9082-5a09b8da26af@group-25DC6CAC12E3, cid=34, seq=1*, RW, org.apache.hadoop.hdds.scm.XceiverClientRatis$$Lambda$309/1480893137@e2bccda for 5 attempts with RetryLimited(maxAttempts=5, sleepTime=1000ms) on the pipeline Pipeline[ Id: 73268904-7d41-4d25-8104-25dc6cac12e3, Nodes: 0f4490aa-3924-402d-9082-5a09b8da26af{ip: 192.168.69.122, host: trunk-nightly-fxqsz-774976932, networkLocation: /default-rack, certSerialId: null}6f658921-edca-4268-a4e1-f096b873bf7b{ip: 192.168.69.122, host: trunk-nightly-fxqsz-774976932, networkLocation: /default-rack, certSerialId: null}65868dbd-416c-4e81-943c-78796a2f0bc6{ip: 192.168.69.122, host: trunk-nightly-fxqsz-774976932, networkLocation: /default-rack, certSerialId: null}, Type:RATIS, Factor:THREE, State:OPEN]. The last committed block length is 0, uncommitted data length is 1048576 retry count 0
2019-07-13 19:09:15,907 INFO  client.GrpcClientProtocolClient (GrpcClientProtocolClient.java:onNext(255)) - client-4687C65C4053->55f628f1-02a2-4ed6-ae63-652726df608b: receive RaftClientReply:client-4687C65C4053->55f628f1-02a2-4ed6-ae63-652726df608b@group-EEF6ABF1A715, cid=36, FAILED org.apache.ratis.protocol.NotLeaderException: Server 55f628f1-02a2-4ed6-ae63-652726df608b is not the leader (null). Request must be sent to leader., logIndex=0, commits[55f628f1-02a2-4ed6-ae63-652726df608b:c-1]
2019-07-13 19:09:16,082 INFO  impl.FollowerState (FollowerState.java:run(106)) - 86d3f82a-db3b-46cd-8e2a-86acd2609ba6:group-FAD8E2D88518 changes to CANDIDATE, lastRpcTime:5106, electionTimeout:5106ms
2019-07-13 19:09:16,082 INFO  impl.RoleInfo (RoleInfo.java:shutdownFollowerState(121)) - 86d3f82a-db3b-46cd-8e2a-86acd2609ba6: shutdown FollowerState
2019-07-13 19:09:16,082 INFO  impl.RaftServerImpl (RaftServerImpl.java:setRole(171)) - 86d3f82a-db3b-46cd-8e2a-86acd2609ba6:group-FAD8E2D88518 changes role from FOLLOWER to CANDIDATE at term 0 for changeToCandidate
2019-07-13 19:09:16,082 INFO  impl.RoleInfo (RoleInfo.java:updateAndGet(143)) - 86d3f82a-db3b-46cd-8e2a-86acd2609ba6: start LeaderElection
2019-07-13 19:09:16,103 INFO  impl.LeaderElection (LeaderElection.java:askForVotes(181)) - 86d3f82a-db3b-46cd-8e2a-86acd2609ba6:group-FAD8E2D88518:LeaderElection14: begin an election at term 1 for -1: [86d3f82a-db3b-46cd-8e2a-86acd2609ba6:192.168.69.122:37665], old=null
2019-07-13 19:09:16,104 INFO  impl.RoleInfo (RoleInfo.java:shutdownLeaderElection(134)) - 86d3f82a-db3b-46cd-8e2a-86acd2609ba6: shutdown LeaderElection
2019-07-13 19:09:16,104 INFO  impl.RaftServerImpl (RaftServerImpl.java:setRole(171)) - 86d3f82a-db3b-46cd-8e2a-86acd2609ba6:group-FAD8E2D88518 changes role from CANDIDATE to LEADER at term 1 for changeToLeader
2019-07-13 19:09:16,104 INFO  impl.RaftServerImpl (ServerState.java:setLeader(263)) - 86d3f82a-db3b-46cd-8e2a-86acd2609ba6:group-FAD8E2D88518 change Leader from null to 86d3f82a-db3b-46cd-8e2a-86acd2609ba6 at term 1 for becomeLeader, leader elected after 5134ms
2019-07-13 19:09:16,106 INFO  server.RaftServerConfigKeys (ConfUtils.java:logGet(43)) - raft.server.staging.catchup.gap = 1000 (default)
2019-07-13 19:09:16,106 INFO  server.RaftServerConfigKeys (ConfUtils.java:logGet(43)) - raft.server.rpc.sleep.time = 25ms (default)
2019-07-13 19:09:16,107 INFO  server.RaftServerConfigKeys (ConfUtils.java:logGet(43)) - raft.server.write.element-limit = 4096 (default)
2019-07-13 19:09:16,107 INFO  server.RaftServerConfigKeys (ConfUtils.java:logGet(43)) - raft.server.watch.timeout = 10s (default)
2019-07-13 19:09:16,107 INFO  server.RaftServerConfigKeys (ConfUtils.java:logGet(43)) - raft.server.watch.timeout.denomination = 1s (default)
2019-07-13 19:09:16,107 INFO  server.RaftServerConfigKeys (ConfUtils.java:logGet(43)) - raft.server.watch.element-limit = 65536 (default)
2019-07-13 19:09:16,108 INFO  impl.RoleInfo (RoleInfo.java:updateAndGet(143)) - 86d3f82a-db3b-46cd-8e2a-86acd2609ba6: start LeaderState
2019-07-13 19:09:16,108 INFO  segmented.SegmentedRaftLogWorker (SegmentedRaftLogWorker.java:startLogSegment(380)) - 86d3f82a-db3b-46cd-8e2a-86acd2609ba6-SegmentedRaftLogWorker:Storage Directory /tmp/workdir/hadoop-ozone/integration-test/target/test-dir/MiniOzoneClusterImpl-3de7031e-3462-48a1-a96e-52dd849d2e15/datanode-2/data/ratis/9aa32c9a-d252-433d-ad99-fad8e2d88518: Starting segment from index:0
2019-07-13 19:09:16,109 INFO  impl.RaftServerImpl (ServerState.java:setRaftConf(361)) - 86d3f82a-db3b-46cd-8e2a-86acd2609ba6:group-FAD8E2D88518 set configuration 0: [86d3f82a-db3b-46cd-8e2a-86acd2609ba6:192.168.69.122:37665], old=null at 0
2019-07-13 19:09:16,143 INFO  segmented.SegmentedRaftLogWorker (SegmentedRaftLogWorker.java:execute(569)) - 86d3f82a-db3b-46cd-8e2a-86acd2609ba6-SegmentedRaftLogWorker:Storage Directory /tmp/workdir/hadoop-ozone/integration-test/target/test-dir/MiniOzoneClusterImpl-3de7031e-3462-48a1-a96e-52dd849d2e15/datanode-2/data/ratis/9aa32c9a-d252-433d-ad99-fad8e2d88518: created new log segment /tmp/workdir/hadoop-ozone/integration-test/target/test-dir/MiniOzoneClusterImpl-3de7031e-3462-48a1-a96e-52dd849d2e15/datanode-2/data/ratis/9aa32c9a-d252-433d-ad99-fad8e2d88518/current/log_inprogress_0
2019-07-13 19:09:16,183 INFO  impl.FollowerState (FollowerState.java:run(106)) - 5333ce6f-38bb-4956-8316-aa05d7ae3a83:group-EEF6ABF1A715 changes to CANDIDATE, lastRpcTime:5135, electionTimeout:5132ms
2019-07-13 19:09:16,183 INFO  impl.RoleInfo (RoleInfo.java:shutdownFollowerState(121)) - 5333ce6f-38bb-4956-8316-aa05d7ae3a83: shutdown FollowerState
2019-07-13 19:09:16,183 INFO  impl.RaftServerImpl (RaftServerImpl.java:setRole(171)) - 5333ce6f-38bb-4956-8316-aa05d7ae3a83:group-EEF6ABF1A715 changes role from FOLLOWER to CANDIDATE at term 0 for changeToCandidate
2019-07-13 19:09:16,183 INFO  impl.RoleInfo (RoleInfo.java:updateAndGet(143)) - 5333ce6f-38bb-4956-8316-aa05d7ae3a83: start LeaderElection
2019-07-13 19:09:16,202 INFO  impl.FollowerState (FollowerState.java:run(106)) - 0f4490aa-3924-402d-9082-5a09b8da26af:group-6CC7F93F4F3C changes to CANDIDATE, lastRpcTime:5031, electionTimeout:5031ms
2019-07-13 19:09:16,202 INFO  impl.RoleInfo (RoleInfo.java:shutdownFollowerState(121)) - 0f4490aa-3924-402d-9082-5a09b8da26af: shutdown FollowerState
2019-07-13 19:09:16,202 INFO  impl.RaftServerImpl (RaftServerImpl.java:setRole(171)) - 0f4490aa-3924-402d-9082-5a09b8da26af:group-6CC7F93F4F3C changes role from FOLLOWER to CANDIDATE at term 0 for changeToCandidate
2019-07-13 19:09:16,202 INFO  impl.RoleInfo (RoleInfo.java:updateAndGet(143)) - 0f4490aa-3924-402d-9082-5a09b8da26af: start LeaderElection
2019-07-13 19:09:16,213 INFO  impl.LeaderElection (LeaderElection.java:askForVotes(181)) - 0f4490aa-3924-402d-9082-5a09b8da26af:group-6CC7F93F4F3C:LeaderElection16: begin an election at term 1 for -1: [0f4490aa-3924-402d-9082-5a09b8da26af:192.168.69.122:44408], old=null
2019-07-13 19:09:16,213 INFO  impl.LeaderElection (LeaderElection.java:askForVotes(181)) - 5333ce6f-38bb-4956-8316-aa05d7ae3a83:group-EEF6ABF1A715:LeaderElection15: begin an election at term 1 for -1: [86d3f82a-db3b-46cd-8e2a-86acd2609ba6:192.168.69.122:37665, 5333ce6f-38bb-4956-8316-aa05d7ae3a83:192.168.69.122:38974, 55f628f1-02a2-4ed6-ae63-652726df608b:192.168.69.122:37818], old=null
2019-07-13 19:09:16,213 INFO  impl.RoleInfo (RoleInfo.java:shutdownLeaderElection(134)) - 0f4490aa-3924-402d-9082-5a09b8da26af: shutdown LeaderElection
2019-07-13 19:09:16,213 INFO  impl.RaftServerImpl (RaftServerImpl.java:setRole(171)) - 0f4490aa-3924-402d-9082-5a09b8da26af:group-6CC7F93F4F3C changes role from CANDIDATE to LEADER at term 1 for changeToLeader
2019-07-13 19:09:16,213 INFO  impl.RaftServerImpl (ServerState.java:setLeader(263)) - 0f4490aa-3924-402d-9082-5a09b8da26af:group-6CC7F93F4F3C change Leader from null to 0f4490aa-3924-402d-9082-5a09b8da26af at term 1 for becomeLeader, leader elected after 5048ms
2019-07-13 19:09:16,216 INFO  server.RaftServerConfigKeys (ConfUtils.java:logGet(43)) - raft.server.staging.catchup.gap = 1000 (default)
2019-07-13 19:09:16,216 INFO  server.RaftServerConfigKeys (ConfUtils.java:logGet(43)) - raft.server.rpc.sleep.time = 25ms (default)
2019-07-13 19:09:16,216 INFO  server.RaftServerConfigKeys (ConfUtils.java:logGet(43)) - raft.server.write.element-limit = 4096 (default)
2019-07-13 19:09:16,216 INFO  server.RaftServerConfigKeys (ConfUtils.java:logGet(43)) - raft.server.watch.timeout = 10s (default)
2019-07-13 19:09:16,217 INFO  server.RaftServerConfigKeys (ConfUtils.java:logGet(43)) - raft.server.watch.timeout.denomination = 1s (default)
2019-07-13 19:09:16,217 INFO  server.RaftServerConfigKeys (ConfUtils.java:logGet(43)) - raft.server.watch.element-limit = 65536 (default)
2019-07-13 19:09:16,217 INFO  impl.RoleInfo (RoleInfo.java:updateAndGet(143)) - 0f4490aa-3924-402d-9082-5a09b8da26af: start LeaderState
2019-07-13 19:09:16,217 INFO  segmented.SegmentedRaftLogWorker (SegmentedRaftLogWorker.java:startLogSegment(380)) - 0f4490aa-3924-402d-9082-5a09b8da26af-SegmentedRaftLogWorker:Storage Directory /tmp/workdir/hadoop-ozone/integration-test/target/test-dir/MiniOzoneClusterImpl-3de7031e-3462-48a1-a96e-52dd849d2e15/datanode-3/data/ratis/4322c02d-3388-412f-9164-6cc7f93f4f3c: Starting segment from index:0
2019-07-13 19:09:16,218 INFO  impl.FollowerState (FollowerState.java:run(106)) - 55f628f1-02a2-4ed6-ae63-652726df608b:group-EEF6ABF1A715 changes to CANDIDATE, lastRpcTime:5165, electionTimeout:5163ms
2019-07-13 19:09:16,218 INFO  impl.RaftServerImpl (ServerState.java:setRaftConf(361)) - 0f4490aa-3924-402d-9082-5a09b8da26af:group-6CC7F93F4F3C set configuration 0: [0f4490aa-3924-402d-9082-5a09b8da26af:192.168.69.122:44408], old=null at 0
2019-07-13 19:09:16,218 INFO  impl.RoleInfo (RoleInfo.java:shutdownFollowerState(121)) - 55f628f1-02a2-4ed6-ae63-652726df608b: shutdown FollowerState
2019-07-13 19:09:16,240 INFO  impl.RaftServerImpl (RaftServerImpl.java:setRole(171)) - 55f628f1-02a2-4ed6-ae63-652726df608b:group-EEF6ABF1A715 changes role from FOLLOWER to CANDIDATE at term 0 for changeToCandidate
2019-07-13 19:09:16,241 INFO  impl.RoleInfo (RoleInfo.java:updateAndGet(143)) - 55f628f1-02a2-4ed6-ae63-652726df608b: start LeaderElection
2019-07-13 19:09:16,246 INFO  impl.FollowerState (FollowerState.java:run(106)) - 86d3f82a-db3b-46cd-8e2a-86acd2609ba6:group-EEF6ABF1A715 changes to CANDIDATE, lastRpcTime:5200, electionTimeout:5200ms
2019-07-13 19:09:16,246 INFO  impl.RoleInfo (RoleInfo.java:shutdownFollowerState(121)) - 86d3f82a-db3b-46cd-8e2a-86acd2609ba6: shutdown FollowerState
2019-07-13 19:09:16,246 INFO  impl.RaftServerImpl (RaftServerImpl.java:setRole(171)) - 86d3f82a-db3b-46cd-8e2a-86acd2609ba6:group-EEF6ABF1A715 changes role from FOLLOWER to CANDIDATE at term 0 for changeToCandidate
2019-07-13 19:09:16,247 INFO  impl.RoleInfo (RoleInfo.java:updateAndGet(143)) - 86d3f82a-db3b-46cd-8e2a-86acd2609ba6: start LeaderElection
2019-07-13 19:09:16,253 INFO  segmented.SegmentedRaftLogWorker (SegmentedRaftLogWorker.java:execute(569)) - 0f4490aa-3924-402d-9082-5a09b8da26af-SegmentedRaftLogWorker:Storage Directory /tmp/workdir/hadoop-ozone/integration-test/target/test-dir/MiniOzoneClusterImpl-3de7031e-3462-48a1-a96e-52dd849d2e15/datanode-3/data/ratis/4322c02d-3388-412f-9164-6cc7f93f4f3c: created new log segment /tmp/workdir/hadoop-ozone/integration-test/target/test-dir/MiniOzoneClusterImpl-3de7031e-3462-48a1-a96e-52dd849d2e15/datanode-3/data/ratis/4322c02d-3388-412f-9164-6cc7f93f4f3c/current/log_inprogress_0
2019-07-13 19:09:16,253 INFO  impl.LeaderElection (LeaderElection.java:askForVotes(181)) - 55f628f1-02a2-4ed6-ae63-652726df608b:group-EEF6ABF1A715:LeaderElection17: begin an election at term 1 for -1: [86d3f82a-db3b-46cd-8e2a-86acd2609ba6:192.168.69.122:37665, 5333ce6f-38bb-4956-8316-aa05d7ae3a83:192.168.69.122:38974, 55f628f1-02a2-4ed6-ae63-652726df608b:192.168.69.122:37818], old=null
2019-07-13 19:09:16,263 INFO  impl.LeaderElection (LeaderElection.java:askForVotes(181)) - 86d3f82a-db3b-46cd-8e2a-86acd2609ba6:group-EEF6ABF1A715:LeaderElection18: begin an election at term 1 for -1: [86d3f82a-db3b-46cd-8e2a-86acd2609ba6:192.168.69.122:37665, 5333ce6f-38bb-4956-8316-aa05d7ae3a83:192.168.69.122:38974, 55f628f1-02a2-4ed6-ae63-652726df608b:192.168.69.122:37818], old=null
2019-07-13 19:09:16,280 INFO  impl.LeaderElection (LeaderElection.java:logAndReturn(56)) - 5333ce6f-38bb-4956-8316-aa05d7ae3a83:group-EEF6ABF1A715:LeaderElection15: Election REJECTED; received 2 response(s) [5333ce6f-38bb-4956-8316-aa05d7ae3a83<-86d3f82a-db3b-46cd-8e2a-86acd2609ba6#0:FAIL-t1, 5333ce6f-38bb-4956-8316-aa05d7ae3a83<-55f628f1-02a2-4ed6-ae63-652726df608b#0:FAIL-t1] and 0 exception(s); 5333ce6f-38bb-4956-8316-aa05d7ae3a83:t1, leader=null, voted=5333ce6f-38bb-4956-8316-aa05d7ae3a83, raftlog=5333ce6f-38bb-4956-8316-aa05d7ae3a83-SegmentedRaftLog:OPENED:c-1,f-1,i0, conf=-1: [86d3f82a-db3b-46cd-8e2a-86acd2609ba6:192.168.69.122:37665, 5333ce6f-38bb-4956-8316-aa05d7ae3a83:192.168.69.122:38974, 55f628f1-02a2-4ed6-ae63-652726df608b:192.168.69.122:37818], old=null
2019-07-13 19:09:16,280 INFO  impl.RaftServerImpl (RaftServerImpl.java:setRole(171)) - 5333ce6f-38bb-4956-8316-aa05d7ae3a83:group-EEF6ABF1A715 changes role from CANDIDATE to FOLLOWER at term 1 for DISCOVERED_A_NEW_TERM
2019-07-13 19:09:16,282 INFO  impl.RoleInfo (RoleInfo.java:shutdownLeaderElection(134)) - 5333ce6f-38bb-4956-8316-aa05d7ae3a83: shutdown LeaderElection
2019-07-13 19:09:16,282 INFO  impl.RoleInfo (RoleInfo.java:updateAndGet(143)) - 5333ce6f-38bb-4956-8316-aa05d7ae3a83: start FollowerState
2019-07-13 19:09:16,303 INFO  impl.LeaderElection (LeaderElection.java:logAndReturn(56)) - 55f628f1-02a2-4ed6-ae63-652726df608b:group-EEF6ABF1A715:LeaderElection17: Election REJECTED; received 2 response(s) [55f628f1-02a2-4ed6-ae63-652726df608b<-86d3f82a-db3b-46cd-8e2a-86acd2609ba6#0:FAIL-t1, 55f628f1-02a2-4ed6-ae63-652726df608b<-5333ce6f-38bb-4956-8316-aa05d7ae3a83#0:FAIL-t1] and 0 exception(s); 55f628f1-02a2-4ed6-ae63-652726df608b:t1, leader=null, voted=55f628f1-02a2-4ed6-ae63-652726df608b, raftlog=55f628f1-02a2-4ed6-ae63-652726df608b-SegmentedRaftLog:OPENED:c-1,f-1,i0, conf=-1: [86d3f82a-db3b-46cd-8e2a-86acd2609ba6:192.168.69.122:37665, 5333ce6f-38bb-4956-8316-aa05d7ae3a83:192.168.69.122:38974, 55f628f1-02a2-4ed6-ae63-652726df608b:192.168.69.122:37818], old=null
2019-07-13 19:09:16,303 INFO  impl.RaftServerImpl (RaftServerImpl.java:setRole(171)) - 55f628f1-02a2-4ed6-ae63-652726df608b:group-EEF6ABF1A715 changes role from CANDIDATE to FOLLOWER at term 1 for DISCOVERED_A_NEW_TERM
2019-07-13 19:09:16,306 INFO  impl.RoleInfo (RoleInfo.java:shutdownLeaderElection(134)) - 55f628f1-02a2-4ed6-ae63-652726df608b: shutdown LeaderElection
2019-07-13 19:09:16,306 INFO  impl.RoleInfo (RoleInfo.java:updateAndGet(143)) - 55f628f1-02a2-4ed6-ae63-652726df608b: start FollowerState
2019-07-13 19:09:16,310 INFO  impl.LeaderElection (LeaderElection.java:logAndReturn(56)) - 86d3f82a-db3b-46cd-8e2a-86acd2609ba6:group-EEF6ABF1A715:LeaderElection18: Election REJECTED; received 2 response(s) [86d3f82a-db3b-46cd-8e2a-86acd2609ba6<-5333ce6f-38bb-4956-8316-aa05d7ae3a83#0:FAIL-t1, 86d3f82a-db3b-46cd-8e2a-86acd2609ba6<-55f628f1-02a2-4ed6-ae63-652726df608b#0:FAIL-t1] and 0 exception(s); 86d3f82a-db3b-46cd-8e2a-86acd2609ba6:t1, leader=null, voted=86d3f82a-db3b-46cd-8e2a-86acd2609ba6, raftlog=86d3f82a-db3b-46cd-8e2a-86acd2609ba6-SegmentedRaftLog:OPENED:c-1,f-1,i0, conf=-1: [86d3f82a-db3b-46cd-8e2a-86acd2609ba6:192.168.69.122:37665, 5333ce6f-38bb-4956-8316-aa05d7ae3a83:192.168.69.122:38974, 55f628f1-02a2-4ed6-ae63-652726df608b:192.168.69.122:37818], old=null
2019-07-13 19:09:16,312 INFO  impl.RaftServerImpl (RaftServerImpl.java:setRole(171)) - 86d3f82a-db3b-46cd-8e2a-86acd2609ba6:group-EEF6ABF1A715 changes role from CANDIDATE to FOLLOWER at term 1 for DISCOVERED_A_NEW_TERM
2019-07-13 19:09:16,314 INFO  impl.RoleInfo (RoleInfo.java:shutdownLeaderElection(134)) - 86d3f82a-db3b-46cd-8e2a-86acd2609ba6: shutdown LeaderElection
2019-07-13 19:09:16,314 INFO  impl.RoleInfo (RoleInfo.java:updateAndGet(143)) - 86d3f82a-db3b-46cd-8e2a-86acd2609ba6: start FollowerState
2019-07-13 19:09:16,552 INFO  impl.FollowerState (FollowerState.java:run(106)) - 6f658921-edca-4268-a4e1-f096b873bf7b:group-508AAC7381F9 changes to CANDIDATE, lastRpcTime:5157, electionTimeout:5157ms
2019-07-13 19:09:16,552 INFO  impl.RoleInfo (RoleInfo.java:shutdownFollowerState(121)) - 6f658921-edca-4268-a4e1-f096b873bf7b: shutdown FollowerState
2019-07-13 19:09:16,552 INFO  impl.RaftServerImpl (RaftServerImpl.java:setRole(171)) - 6f658921-edca-4268-a4e1-f096b873bf7b:group-508AAC7381F9 changes role from FOLLOWER to CANDIDATE at term 0 for changeToCandidate
2019-07-13 19:09:16,552 INFO  impl.RoleInfo (RoleInfo.java:updateAndGet(143)) - 6f658921-edca-4268-a4e1-f096b873bf7b: start LeaderElection
2019-07-13 19:09:16,578 INFO  impl.LeaderElection (LeaderElection.java:askForVotes(181)) - 6f658921-edca-4268-a4e1-f096b873bf7b:group-508AAC7381F9:LeaderElection19: begin an election at term 1 for -1: [6f658921-edca-4268-a4e1-f096b873bf7b:192.168.69.122:40450], old=null
2019-07-13 19:09:16,578 INFO  impl.RoleInfo (RoleInfo.java:shutdownLeaderElection(134)) - 6f658921-edca-4268-a4e1-f096b873bf7b: shutdown LeaderElection
2019-07-13 19:09:16,579 INFO  impl.RaftServerImpl (RaftServerImpl.java:setRole(171)) - 6f658921-edca-4268-a4e1-f096b873bf7b:group-508AAC7381F9 changes role from CANDIDATE to LEADER at term 1 for changeToLeader
2019-07-13 19:09:16,579 INFO  impl.RaftServerImpl (ServerState.java:setLeader(263)) - 6f658921-edca-4268-a4e1-f096b873bf7b:group-508AAC7381F9 change Leader from null to 6f658921-edca-4268-a4e1-f096b873bf7b at term 1 for becomeLeader, leader elected after 5190ms
2019-07-13 19:09:16,581 INFO  server.RaftServerConfigKeys (ConfUtils.java:logGet(43)) - raft.server.staging.catchup.gap = 1000 (default)
2019-07-13 19:09:16,581 INFO  server.RaftServerConfigKeys (ConfUtils.java:logGet(43)) - raft.server.rpc.sleep.time = 25ms (default)
2019-07-13 19:09:16,582 INFO  server.RaftServerConfigKeys (ConfUtils.java:logGet(43)) - raft.server.write.element-limit = 4096 (default)
2019-07-13 19:09:16,582 INFO  server.RaftServerConfigKeys (ConfUtils.java:logGet(43)) - raft.server.watch.timeout = 10s (default)
2019-07-13 19:09:16,582 INFO  server.RaftServerConfigKeys (ConfUtils.java:logGet(43)) - raft.server.watch.timeout.denomination = 1s (default)
2019-07-13 19:09:16,582 INFO  server.RaftServerConfigKeys (ConfUtils.java:logGet(43)) - raft.server.watch.element-limit = 65536 (default)
2019-07-13 19:09:16,583 INFO  impl.RoleInfo (RoleInfo.java:updateAndGet(143)) - 6f658921-edca-4268-a4e1-f096b873bf7b: start LeaderState
2019-07-13 19:09:16,583 INFO  segmented.SegmentedRaftLogWorker (SegmentedRaftLogWorker.java:startLogSegment(380)) - 6f658921-edca-4268-a4e1-f096b873bf7b-SegmentedRaftLogWorker:Storage Directory /tmp/workdir/hadoop-ozone/integration-test/target/test-dir/MiniOzoneClusterImpl-3de7031e-3462-48a1-a96e-52dd849d2e15/datanode-4/data/ratis/44acce4a-e686-4d3f-9081-508aac7381f9: Starting segment from index:0
2019-07-13 19:09:16,584 INFO  impl.RaftServerImpl (ServerState.java:setRaftConf(361)) - 6f658921-edca-4268-a4e1-f096b873bf7b:group-508AAC7381F9 set configuration 0: [6f658921-edca-4268-a4e1-f096b873bf7b:192.168.69.122:40450], old=null at 0
2019-07-13 19:09:16,619 INFO  segmented.SegmentedRaftLogWorker (SegmentedRaftLogWorker.java:execute(569)) - 6f658921-edca-4268-a4e1-f096b873bf7b-SegmentedRaftLogWorker:Storage Directory /tmp/workdir/hadoop-ozone/integration-test/target/test-dir/MiniOzoneClusterImpl-3de7031e-3462-48a1-a96e-52dd849d2e15/datanode-4/data/ratis/44acce4a-e686-4d3f-9081-508aac7381f9: created new log segment /tmp/workdir/hadoop-ozone/integration-test/target/test-dir/MiniOzoneClusterImpl-3de7031e-3462-48a1-a96e-52dd849d2e15/datanode-4/data/ratis/44acce4a-e686-4d3f-9081-508aac7381f9/current/log_inprogress_0
2019-07-13 19:09:16,677 INFO  impl.FollowerState (FollowerState.java:run(106)) - 65868dbd-416c-4e81-943c-78796a2f0bc6:group-CAAF293EE861 changes to CANDIDATE, lastRpcTime:5097, electionTimeout:5097ms
2019-07-13 19:09:16,678 INFO  impl.RoleInfo (RoleInfo.java:shutdownFollowerState(121)) - 65868dbd-416c-4e81-943c-78796a2f0bc6: shutdown FollowerState
2019-07-13 19:09:16,678 INFO  impl.RaftServerImpl (RaftServerImpl.java:setRole(171)) - 65868dbd-416c-4e81-943c-78796a2f0bc6:group-CAAF293EE861 changes role from FOLLOWER to CANDIDATE at term 0 for changeToCandidate
2019-07-13 19:09:16,678 INFO  impl.RoleInfo (RoleInfo.java:updateAndGet(143)) - 65868dbd-416c-4e81-943c-78796a2f0bc6: start LeaderElection
2019-07-13 19:09:16,688 INFO  impl.FollowerState (FollowerState.java:run(106)) - 6f658921-edca-4268-a4e1-f096b873bf7b:group-25DC6CAC12E3 changes to CANDIDATE, lastRpcTime:5031, electionTimeout:5031ms
2019-07-13 19:09:16,689 INFO  impl.RoleInfo (RoleInfo.java:shutdownFollowerState(121)) - 6f658921-edca-4268-a4e1-f096b873bf7b: shutdown FollowerState
2019-07-13 19:09:16,689 INFO  impl.RaftServerImpl (RaftServerImpl.java:setRole(171)) - 6f658921-edca-4268-a4e1-f096b873bf7b:group-25DC6CAC12E3 changes role from FOLLOWER to CANDIDATE at term 0 for changeToCandidate
2019-07-13 19:09:16,689 INFO  impl.RoleInfo (RoleInfo.java:updateAndGet(143)) - 6f658921-edca-4268-a4e1-f096b873bf7b: start LeaderElection
2019-07-13 19:09:16,698 INFO  impl.LeaderElection (LeaderElection.java:askForVotes(181)) - 65868dbd-416c-4e81-943c-78796a2f0bc6:group-CAAF293EE861:LeaderElection20: begin an election at term 1 for -1: [65868dbd-416c-4e81-943c-78796a2f0bc6:192.168.69.122:36557], old=null
2019-07-13 19:09:16,698 INFO  impl.LeaderElection (LeaderElection.java:askForVotes(181)) - 6f658921-edca-4268-a4e1-f096b873bf7b:group-25DC6CAC12E3:LeaderElection21: begin an election at term 1 for -1: [0f4490aa-3924-402d-9082-5a09b8da26af:192.168.69.122:44408, 6f658921-edca-4268-a4e1-f096b873bf7b:192.168.69.122:40450, 65868dbd-416c-4e81-943c-78796a2f0bc6:192.168.69.122:36557], old=null
2019-07-13 19:09:16,698 INFO  impl.RoleInfo (RoleInfo.java:shutdownLeaderElection(134)) - 65868dbd-416c-4e81-943c-78796a2f0bc6: shutdown LeaderElection
2019-07-13 19:09:16,698 INFO  impl.RaftServerImpl (RaftServerImpl.java:setRole(171)) - 65868dbd-416c-4e81-943c-78796a2f0bc6:group-CAAF293EE861 changes role from CANDIDATE to LEADER at term 1 for changeToLeader
2019-07-13 19:09:16,699 INFO  impl.RaftServerImpl (ServerState.java:setLeader(263)) - 65868dbd-416c-4e81-943c-78796a2f0bc6:group-CAAF293EE861 change Leader from null to 65868dbd-416c-4e81-943c-78796a2f0bc6 at term 1 for becomeLeader, leader elected after 5124ms
2019-07-13 19:09:16,701 INFO  server.RaftServerConfigKeys (ConfUtils.java:logGet(43)) - raft.server.staging.catchup.gap = 1000 (default)
2019-07-13 19:09:16,701 INFO  server.RaftServerConfigKeys (ConfUtils.java:logGet(43)) - raft.server.rpc.sleep.time = 25ms (default)
2019-07-13 19:09:16,701 INFO  server.RaftServerConfigKeys (ConfUtils.java:logGet(43)) - raft.server.write.element-limit = 4096 (default)
2019-07-13 19:09:16,701 INFO  server.RaftServerConfigKeys (ConfUtils.java:logGet(43)) - raft.server.watch.timeout = 10s (default)
2019-07-13 19:09:16,701 INFO  server.RaftServerConfigKeys (ConfUtils.java:logGet(43)) - raft.server.watch.timeout.denomination = 1s (default)
2019-07-13 19:09:16,702 INFO  server.RaftServerConfigKeys (ConfUtils.java:logGet(43)) - raft.server.watch.element-limit = 65536 (default)
2019-07-13 19:09:16,702 INFO  impl.RoleInfo (RoleInfo.java:updateAndGet(143)) - 65868dbd-416c-4e81-943c-78796a2f0bc6: start LeaderState
2019-07-13 19:09:16,702 INFO  segmented.SegmentedRaftLogWorker (SegmentedRaftLogWorker.java:startLogSegment(380)) - 65868dbd-416c-4e81-943c-78796a2f0bc6-SegmentedRaftLogWorker:Storage Directory /tmp/workdir/hadoop-ozone/integration-test/target/test-dir/MiniOzoneClusterImpl-3de7031e-3462-48a1-a96e-52dd849d2e15/datanode-5/data/ratis/bab4e75a-909e-45fb-a270-caaf293ee861: Starting segment from index:0
2019-07-13 19:09:16,703 INFO  impl.RaftServerImpl (ServerState.java:setRaftConf(361)) - 65868dbd-416c-4e81-943c-78796a2f0bc6:group-CAAF293EE861 set configuration 0: [65868dbd-416c-4e81-943c-78796a2f0bc6:192.168.69.122:36557], old=null at 0
2019-07-13 19:09:16,724 INFO  impl.FollowerState (FollowerState.java:run(106)) - 0f4490aa-3924-402d-9082-5a09b8da26af:group-25DC6CAC12E3 changes to CANDIDATE, lastRpcTime:5073, electionTimeout:5060ms
2019-07-13 19:09:16,724 INFO  impl.FollowerState (FollowerState.java:run(106)) - 65868dbd-416c-4e81-943c-78796a2f0bc6:group-25DC6CAC12E3 changes to CANDIDATE, lastRpcTime:5066, electionTimeout:5046ms
2019-07-13 19:09:16,724 INFO  impl.RoleInfo (RoleInfo.java:shutdownFollowerState(121)) - 65868dbd-416c-4e81-943c-78796a2f0bc6: shutdown FollowerState
2019-07-13 19:09:16,724 INFO  impl.RoleInfo (RoleInfo.java:shutdownFollowerState(121)) - 0f4490aa-3924-402d-9082-5a09b8da26af: shutdown FollowerState
2019-07-13 19:09:16,724 INFO  impl.RaftServerImpl (RaftServerImpl.java:setRole(171)) - 65868dbd-416c-4e81-943c-78796a2f0bc6:group-25DC6CAC12E3 changes role from FOLLOWER to CANDIDATE at term 0 for changeToCandidate
2019-07-13 19:09:16,724 INFO  impl.RaftServerImpl (RaftServerImpl.java:setRole(171)) - 0f4490aa-3924-402d-9082-5a09b8da26af:group-25DC6CAC12E3 changes role from FOLLOWER to CANDIDATE at term 0 for changeToCandidate
2019-07-13 19:09:16,724 INFO  impl.RoleInfo (RoleInfo.java:updateAndGet(143)) - 65868dbd-416c-4e81-943c-78796a2f0bc6: start LeaderElection
2019-07-13 19:09:16,724 INFO  impl.RoleInfo (RoleInfo.java:updateAndGet(143)) - 0f4490aa-3924-402d-9082-5a09b8da26af: start LeaderElection
2019-07-13 19:09:16,737 INFO  segmented.SegmentedRaftLogWorker (SegmentedRaftLogWorker.java:execute(569)) - 65868dbd-416c-4e81-943c-78796a2f0bc6-SegmentedRaftLogWorker:Storage Directory /tmp/workdir/hadoop-ozone/integration-test/target/test-dir/MiniOzoneClusterImpl-3de7031e-3462-48a1-a96e-52dd849d2e15/datanode-5/data/ratis/bab4e75a-909e-45fb-a270-caaf293ee861: created new log segment /tmp/workdir/hadoop-ozone/integration-test/target/test-dir/MiniOzoneClusterImpl-3de7031e-3462-48a1-a96e-52dd849d2e15/datanode-5/data/ratis/bab4e75a-909e-45fb-a270-caaf293ee861/current/log_inprogress_0
2019-07-13 19:09:16,737 INFO  impl.LeaderElection (LeaderElection.java:askForVotes(181)) - 65868dbd-416c-4e81-943c-78796a2f0bc6:group-25DC6CAC12E3:LeaderElection22: begin an election at term 1 for -1: [0f4490aa-3924-402d-9082-5a09b8da26af:192.168.69.122:44408, 6f658921-edca-4268-a4e1-f096b873bf7b:192.168.69.122:40450, 65868dbd-416c-4e81-943c-78796a2f0bc6:192.168.69.122:36557], old=null
2019-07-13 19:09:16,737 INFO  impl.LeaderElection (LeaderElection.java:askForVotes(181)) - 0f4490aa-3924-402d-9082-5a09b8da26af:group-25DC6CAC12E3:LeaderElection23: begin an election at term 1 for -1: [0f4490aa-3924-402d-9082-5a09b8da26af:192.168.69.122:44408, 6f658921-edca-4268-a4e1-f096b873bf7b:192.168.69.122:40450, 65868dbd-416c-4e81-943c-78796a2f0bc6:192.168.69.122:36557], old=null
2019-07-13 19:09:16,741 INFO  impl.LeaderElection (LeaderElection.java:logAndReturn(56)) - 6f658921-edca-4268-a4e1-f096b873bf7b:group-25DC6CAC12E3:LeaderElection21: Election REJECTED; received 2 response(s) [6f658921-edca-4268-a4e1-f096b873bf7b<-0f4490aa-3924-402d-9082-5a09b8da26af#0:FAIL-t1, 6f658921-edca-4268-a4e1-f096b873bf7b<-65868dbd-416c-4e81-943c-78796a2f0bc6#0:FAIL-t1] and 0 exception(s); 6f658921-edca-4268-a4e1-f096b873bf7b:t1, leader=null, voted=6f658921-edca-4268-a4e1-f096b873bf7b, raftlog=6f658921-edca-4268-a4e1-f096b873bf7b-SegmentedRaftLog:OPENED:c-1,f-1,i0, conf=-1: [0f4490aa-3924-402d-9082-5a09b8da26af:192.168.69.122:44408, 6f658921-edca-4268-a4e1-f096b873bf7b:192.168.69.122:40450, 65868dbd-416c-4e81-943c-78796a2f0bc6:192.168.69.122:36557], old=null
2019-07-13 19:09:16,741 INFO  impl.RaftServerImpl (RaftServerImpl.java:setRole(171)) - 6f658921-edca-4268-a4e1-f096b873bf7b:group-25DC6CAC12E3 changes role from CANDIDATE to FOLLOWER at term 1 for DISCOVERED_A_NEW_TERM
2019-07-13 19:09:16,743 INFO  impl.RoleInfo (RoleInfo.java:shutdownLeaderElection(134)) - 6f658921-edca-4268-a4e1-f096b873bf7b: shutdown LeaderElection
2019-07-13 19:09:16,744 INFO  impl.RoleInfo (RoleInfo.java:updateAndGet(143)) - 6f658921-edca-4268-a4e1-f096b873bf7b: start FollowerState
2019-07-13 19:09:16,766 INFO  impl.LeaderElection (LeaderElection.java:logAndReturn(56)) - 0f4490aa-3924-402d-9082-5a09b8da26af:group-25DC6CAC12E3:LeaderElection23: Election REJECTED; received 2 response(s) [0f4490aa-3924-402d-9082-5a09b8da26af<-6f658921-edca-4268-a4e1-f096b873bf7b#0:FAIL-t1, 0f4490aa-3924-402d-9082-5a09b8da26af<-65868dbd-416c-4e81-943c-78796a2f0bc6#0:FAIL-t1] and 0 exception(s); 0f4490aa-3924-402d-9082-5a09b8da26af:t1, leader=null, voted=0f4490aa-3924-402d-9082-5a09b8da26af, raftlog=0f4490aa-3924-402d-9082-5a09b8da26af-SegmentedRaftLog:OPENED:c-1,f-1,i0, conf=-1: [0f4490aa-3924-402d-9082-5a09b8da26af:192.168.69.122:44408, 6f658921-edca-4268-a4e1-f096b873bf7b:192.168.69.122:40450, 65868dbd-416c-4e81-943c-78796a2f0bc6:192.168.69.122:36557], old=null
2019-07-13 19:09:16,768 INFO  impl.RaftServerImpl (RaftServerImpl.java:setRole(171)) - 0f4490aa-3924-402d-9082-5a09b8da26af:group-25DC6CAC12E3 changes role from CANDIDATE to FOLLOWER at term 1 for DISCOVERED_A_NEW_TERM
2019-07-13 19:09:16,777 INFO  impl.RoleInfo (RoleInfo.java:shutdownLeaderElection(134)) - 0f4490aa-3924-402d-9082-5a09b8da26af: shutdown LeaderElection
2019-07-13 19:09:16,777 INFO  impl.LeaderElection (LeaderElection.java:logAndReturn(56)) - 65868dbd-416c-4e81-943c-78796a2f0bc6:group-25DC6CAC12E3:LeaderElection22: Election REJECTED; received 2 response(s) [65868dbd-416c-4e81-943c-78796a2f0bc6<-0f4490aa-3924-402d-9082-5a09b8da26af#0:FAIL-t1, 65868dbd-416c-4e81-943c-78796a2f0bc6<-6f658921-edca-4268-a4e1-f096b873bf7b#0:FAIL-t1] and 0 exception(s); 65868dbd-416c-4e81-943c-78796a2f0bc6:t1, leader=null, voted=65868dbd-416c-4e81-943c-78796a2f0bc6, raftlog=65868dbd-416c-4e81-943c-78796a2f0bc6-SegmentedRaftLog:OPENED:c-1,f-1,i0, conf=-1: [0f4490aa-3924-402d-9082-5a09b8da26af:192.168.69.122:44408, 6f658921-edca-4268-a4e1-f096b873bf7b:192.168.69.122:40450, 65868dbd-416c-4e81-943c-78796a2f0bc6:192.168.69.122:36557], old=null
2019-07-13 19:09:16,777 INFO  impl.RoleInfo (RoleInfo.java:updateAndGet(143)) - 0f4490aa-3924-402d-9082-5a09b8da26af: start FollowerState
2019-07-13 19:09:16,777 INFO  impl.RaftServerImpl (RaftServerImpl.java:setRole(171)) - 65868dbd-416c-4e81-943c-78796a2f0bc6:group-25DC6CAC12E3 changes role from CANDIDATE to FOLLOWER at term 1 for DISCOVERED_A_NEW_TERM
2019-07-13 19:09:16,777 INFO  impl.RoleInfo (RoleInfo.java:shutdownLeaderElection(134)) - 65868dbd-416c-4e81-943c-78796a2f0bc6: shutdown LeaderElection
2019-07-13 19:09:16,777 INFO  impl.RoleInfo (RoleInfo.java:updateAndGet(143)) - 65868dbd-416c-4e81-943c-78796a2f0bc6: start FollowerState
2019-07-13 19:09:16,946 INFO  client.GrpcClientProtocolClient (GrpcClientProtocolClient.java:onNext(255)) - client-4687C65C4053->86d3f82a-db3b-46cd-8e2a-86acd2609ba6: receive RaftClientReply:client-4687C65C4053->86d3f82a-db3b-46cd-8e2a-86acd2609ba6@group-EEF6ABF1A715, cid=36, FAILED org.apache.ratis.protocol.NotLeaderException: Server 86d3f82a-db3b-46cd-8e2a-86acd2609ba6 is not the leader (null). Request must be sent to leader., logIndex=0, commits[86d3f82a-db3b-46cd-8e2a-86acd2609ba6:c-1]
2019-07-13 19:09:17,973 INFO  client.GrpcClientProtocolClient (GrpcClientProtocolClient.java:onNext(255)) - client-4687C65C4053->5333ce6f-38bb-4956-8316-aa05d7ae3a83: receive RaftClientReply:client-4687C65C4053->5333ce6f-38bb-4956-8316-aa05d7ae3a83@group-EEF6ABF1A715, cid=36, FAILED org.apache.ratis.protocol.NotLeaderException: Server 5333ce6f-38bb-4956-8316-aa05d7ae3a83 is not the leader (null). Request must be sent to leader., logIndex=0, commits[5333ce6f-38bb-4956-8316-aa05d7ae3a83:c-1]
2019-07-13 19:09:19,002 INFO  client.GrpcClientProtocolClient (GrpcClientProtocolClient.java:onNext(255)) - client-4687C65C4053->86d3f82a-db3b-46cd-8e2a-86acd2609ba6: receive RaftClientReply:client-4687C65C4053->86d3f82a-db3b-46cd-8e2a-86acd2609ba6@group-EEF6ABF1A715, cid=36, FAILED org.apache.ratis.protocol.NotLeaderException: Server 86d3f82a-db3b-46cd-8e2a-86acd2609ba6 is not the leader (null). Request must be sent to leader., logIndex=0, commits[86d3f82a-db3b-46cd-8e2a-86acd2609ba6:c-1]
2019-07-13 19:09:20,030 INFO  client.GrpcClientProtocolClient (GrpcClientProtocolClient.java:onNext(255)) - client-4687C65C4053->5333ce6f-38bb-4956-8316-aa05d7ae3a83: receive RaftClientReply:client-4687C65C4053->5333ce6f-38bb-4956-8316-aa05d7ae3a83@group-EEF6ABF1A715, cid=36, FAILED org.apache.ratis.protocol.NotLeaderException: Server 5333ce6f-38bb-4956-8316-aa05d7ae3a83 is not the leader (null). Request must be sent to leader., logIndex=0, commits[5333ce6f-38bb-4956-8316-aa05d7ae3a83:c-1]
2019-07-13 19:09:20,042 WARN  io.KeyOutputStream (KeyOutputStream.java:handleException(276)) - Encountered exception java.io.IOException: Unexpected Storage Container Exception: java.util.concurrent.CompletionException: java.util.concurrent.CompletionException: org.apache.ratis.protocol.RaftRetryFailureException: Failed RaftClientRequest:client-4687C65C4053->5333ce6f-38bb-4956-8316-aa05d7ae3a83@group-EEF6ABF1A715, cid=36, seq=1*, RW, org.apache.hadoop.hdds.scm.XceiverClientRatis$$Lambda$309/1480893137@1dde064f for 5 attempts with RetryLimited(maxAttempts=5, sleepTime=1000ms) on the pipeline Pipeline[ Id: 4eab2b5f-ad5c-4834-bca9-eef6abf1a715, Nodes: 55f628f1-02a2-4ed6-ae63-652726df608b{ip: 192.168.69.122, host: trunk-nightly-fxqsz-774976932, networkLocation: /default-rack, certSerialId: null}5333ce6f-38bb-4956-8316-aa05d7ae3a83{ip: 192.168.69.122, host: trunk-nightly-fxqsz-774976932, networkLocation: /default-rack, certSerialId: null}86d3f82a-db3b-46cd-8e2a-86acd2609ba6{ip: 192.168.69.122, host: trunk-nightly-fxqsz-774976932, networkLocation: /default-rack, certSerialId: null}, Type:RATIS, Factor:THREE, State:OPEN]. The last committed block length is 0, uncommitted data length is 1048576 retry count 0
2019-07-13 19:09:20,069 WARN  block.BlockManagerImpl (BlockManagerImpl.java:allocateBlock(192)) - Pipeline creation failed for type:RATIS factor:THREE. Retrying get pipelines call once.
org.apache.hadoop.hdds.scm.pipeline.InsufficientDatanodesException: Cannot create pipeline of factor 3 using 0 nodes.
	at org.apache.hadoop.hdds.scm.pipeline.RatisPipelineProvider.create(RatisPipelineProvider.java:151)
	at org.apache.hadoop.hdds.scm.pipeline.PipelineFactory.create(PipelineFactory.java:57)
	at org.apache.hadoop.hdds.scm.pipeline.SCMPipelineManager.createPipeline(SCMPipelineManager.java:149)
	at org.apache.hadoop.hdds.scm.block.BlockManagerImpl.allocateBlock(BlockManagerImpl.java:190)
	at org.apache.hadoop.hdds.scm.server.SCMBlockProtocolServer.allocateBlock(SCMBlockProtocolServer.java:175)
	at org.apache.hadoop.ozone.protocolPB.ScmBlockLocationProtocolServerSideTranslatorPB.allocateScmBlock(ScmBlockLocationProtocolServerSideTranslatorPB.java:153)
	at org.apache.hadoop.ozone.protocolPB.ScmBlockLocationProtocolServerSideTranslatorPB.send(ScmBlockLocationProtocolServerSideTranslatorPB.java:112)
	at org.apache.hadoop.hdds.protocol.proto.ScmBlockLocationProtocolProtos$ScmBlockLocationProtocolService$2.callBlockingMethod(ScmBlockLocationProtocolProtos.java:13157)
	at org.apache.hadoop.ipc.ProtobufRpcEngine$Server$ProtoBufRpcInvoker.call(ProtobufRpcEngine.java:524)
	at org.apache.hadoop.ipc.RPC$Server.call(RPC.java:1025)
	at org.apache.hadoop.ipc.Server$RpcCall.run(Server.java:876)
	at org.apache.hadoop.ipc.Server$RpcCall.run(Server.java:822)
	at java.security.AccessController.doPrivileged(Native Method)
	at javax.security.auth.Subject.doAs(Subject.java:422)
	at org.apache.hadoop.security.UserGroupInformation.doAs(UserGroupInformation.java:1730)
	at org.apache.hadoop.ipc.Server$Handler.run(Server.java:2682)
2019-07-13 19:09:20,072 INFO  block.BlockManagerImpl (BlockManagerImpl.java:allocateBlock(198)) - Could not find available pipeline of type:RATIS and factor:THREE even after retrying
2019-07-13 19:09:20,073 ERROR block.BlockManagerImpl (BlockManagerImpl.java:allocateBlock(222)) - Unable to allocate a block for the size: 4194304, type: RATIS, factor: THREE
19:09:20.078 [IPC Server handler 19 on 34237] ERROR OMAudit - user=jenkins1000 | ip=127.0.0.1 | op=ALLOCATE_BLOCK {volume=datanodefailurehandlingtest, bucket=datanodefailurehandlingtest, key=7762de67-1452-4d3a-8e66-eec8bcf39a80, dataSize=0, replicationType=null, replicationFactor=null, keyLocationInfo=null, clientID=102435713946222595} | ret=FAILURE
org.apache.hadoop.hdds.scm.exceptions.SCMException: Allocated 0 blocks. Requested 1 blocks
	at org.apache.hadoop.hdds.scm.protocolPB.ScmBlockLocationProtocolClientSideTranslatorPB.handleError(ScmBlockLocationProtocolClientSideTranslatorPB.java:118) ~[hadoop-hdds-common-0.5.0-SNAPSHOT.jar:?]
	at org.apache.hadoop.hdds.scm.protocolPB.ScmBlockLocationProtocolClientSideTranslatorPB.allocateBlock(ScmBlockLocationProtocolClientSideTranslatorPB.java:156) ~[hadoop-hdds-common-0.5.0-SNAPSHOT.jar:?]
	at sun.reflect.NativeMethodAccessorImpl.invoke0(Native Method) ~[?:1.8.0_212]
	at sun.reflect.NativeMethodAccessorImpl.invoke(NativeMethodAccessorImpl.java:62) ~[?:1.8.0_212]
	at sun.reflect.DelegatingMethodAccessorImpl.invoke(DelegatingMethodAccessorImpl.java:43) ~[?:1.8.0_212]
	at java.lang.reflect.Method.invoke(Method.java:498) ~[?:1.8.0_212]
	at org.apache.hadoop.hdds.tracing.TraceAllMethod.invoke(TraceAllMethod.java:66) ~[hadoop-hdds-common-0.5.0-SNAPSHOT.jar:?]
	at com.sun.proxy.$Proxy25.allocateBlock(Unknown Source) ~[?:?]
	at org.apache.hadoop.ozone.om.KeyManagerImpl.allocateBlock(KeyManagerImpl.java:355) ~[hadoop-ozone-ozone-manager-0.5.0-SNAPSHOT.jar:?]
	at org.apache.hadoop.ozone.om.KeyManagerImpl.allocateBlock(KeyManagerImpl.java:323) ~[hadoop-ozone-ozone-manager-0.5.0-SNAPSHOT.jar:?]
	at org.apache.hadoop.ozone.om.OzoneManager.allocateBlock(OzoneManager.java:2349) [hadoop-ozone-ozone-manager-0.5.0-SNAPSHOT.jar:?]
	at org.apache.hadoop.ozone.protocolPB.OzoneManagerRequestHandler.allocateBlock(OzoneManagerRequestHandler.java:754) [hadoop-ozone-ozone-manager-0.5.0-SNAPSHOT.jar:?]
	at org.apache.hadoop.ozone.protocolPB.OzoneManagerRequestHandler.handle(OzoneManagerRequestHandler.java:249) [hadoop-ozone-ozone-manager-0.5.0-SNAPSHOT.jar:?]
	at org.apache.hadoop.ozone.protocolPB.OzoneManagerProtocolServerSideTranslatorPB.submitRequestDirectlyToOM(OzoneManagerProtocolServerSideTranslatorPB.java:192) [hadoop-ozone-ozone-manager-0.5.0-SNAPSHOT.jar:?]
	at org.apache.hadoop.ozone.protocolPB.OzoneManagerProtocolServerSideTranslatorPB.submitRequest(OzoneManagerProtocolServerSideTranslatorPB.java:110) [hadoop-ozone-ozone-manager-0.5.0-SNAPSHOT.jar:?]
	at org.apache.hadoop.ozone.protocol.proto.OzoneManagerProtocolProtos$OzoneManagerService$2.callBlockingMethod(OzoneManagerProtocolProtos.java) [hadoop-ozone-common-0.5.0-SNAPSHOT.jar:?]
	at org.apache.hadoop.ipc.ProtobufRpcEngine$Server$ProtoBufRpcInvoker.call(ProtobufRpcEngine.java:524) [hadoop-common-3.2.0.jar:?]
	at org.apache.hadoop.ipc.RPC$Server.call(RPC.java:1025) [hadoop-common-3.2.0.jar:?]
	at org.apache.hadoop.ipc.Server$RpcCall.run(Server.java:876) [hadoop-common-3.2.0.jar:?]
	at org.apache.hadoop.ipc.Server$RpcCall.run(Server.java:822) [hadoop-common-3.2.0.jar:?]
	at java.security.AccessController.doPrivileged(Native Method) [?:1.8.0_212]
	at javax.security.auth.Subject.doAs(Subject.java:422) [?:1.8.0_212]
	at org.apache.hadoop.security.UserGroupInformation.doAs(UserGroupInformation.java:1730) [hadoop-common-3.2.0.jar:?]
	at org.apache.hadoop.ipc.Server$Handler.run(Server.java:2682) [hadoop-common-3.2.0.jar:?]
2019-07-13 19:09:20,098 ERROR io.BlockOutputStreamEntryPool (BlockOutputStreamEntryPool.java:allocateBlockIfNeeded(299)) - Try to allocate more blocks for write failed, already allocated 0 blocks for this write.
INTERNAL_ERROR org.apache.hadoop.ozone.om.exceptions.OMException: Allocated 0 blocks. Requested 1 blocks
	at org.apache.hadoop.ozone.om.protocolPB.OzoneManagerProtocolClientSideTranslatorPB.handleError(OzoneManagerProtocolClientSideTranslatorPB.java:720)
	at org.apache.hadoop.ozone.om.protocolPB.OzoneManagerProtocolClientSideTranslatorPB.allocateBlock(OzoneManagerProtocolClientSideTranslatorPB.java:752)
	at org.apache.hadoop.ozone.client.io.BlockOutputStreamEntryPool.allocateNewBlock(BlockOutputStreamEntryPool.java:248)
	at org.apache.hadoop.ozone.client.io.BlockOutputStreamEntryPool.allocateBlockIfNeeded(BlockOutputStreamEntryPool.java:296)
	at org.apache.hadoop.ozone.client.io.KeyOutputStream.handleWrite(KeyOutputStream.java:201)
	at org.apache.hadoop.ozone.client.io.KeyOutputStream.handleRetry(KeyOutputStream.java:376)
	at org.apache.hadoop.ozone.client.io.KeyOutputStream.handleException(KeyOutputStream.java:325)
	at org.apache.hadoop.ozone.client.io.KeyOutputStream.handleFlushOrClose(KeyOutputStream.java:448)
	at org.apache.hadoop.ozone.client.io.KeyOutputStream.flush(KeyOutputStream.java:396)
	at org.apache.hadoop.ozone.client.io.OzoneOutputStream.flush(OzoneOutputStream.java:54)
	at org.apache.hadoop.ozone.client.rpc.TestFailureHandlingByClient.testContainerExclusionWithClosedContainerException(TestFailureHandlingByClient.java:322)
	at sun.reflect.NativeMethodAccessorImpl.invoke0(Native Method)
	at sun.reflect.NativeMethodAccessorImpl.invoke(NativeMethodAccessorImpl.java:62)
	at sun.reflect.DelegatingMethodAccessorImpl.invoke(DelegatingMethodAccessorImpl.java:43)
	at java.lang.reflect.Method.invoke(Method.java:498)
	at org.junit.runners.model.FrameworkMethod$1.runReflectiveCall(FrameworkMethod.java:47)
	at org.junit.internal.runners.model.ReflectiveCallable.run(ReflectiveCallable.java:12)
	at org.junit.runners.model.FrameworkMethod.invokeExplosively(FrameworkMethod.java:44)
	at org.junit.internal.runners.statements.InvokeMethod.evaluate(InvokeMethod.java:17)
	at org.junit.runners.ParentRunner.runLeaf(ParentRunner.java:271)
	at org.junit.runners.BlockJUnit4ClassRunner.runChild(BlockJUnit4ClassRunner.java:70)
	at org.junit.runners.BlockJUnit4ClassRunner.runChild(BlockJUnit4ClassRunner.java:50)
	at org.junit.runners.ParentRunner$3.run(ParentRunner.java:238)
	at org.junit.runners.ParentRunner$1.schedule(ParentRunner.java:63)
	at org.junit.runners.ParentRunner.runChildren(ParentRunner.java:236)
	at org.junit.runners.ParentRunner.access$000(ParentRunner.java:53)
	at org.junit.runners.ParentRunner$2.evaluate(ParentRunner.java:229)
	at org.junit.runners.ParentRunner.run(ParentRunner.java:309)
	at org.apache.maven.surefire.junit4.JUnit4Provider.execute(JUnit4Provider.java:365)
	at org.apache.maven.surefire.junit4.JUnit4Provider.executeWithRerun(JUnit4Provider.java:273)
	at org.apache.maven.surefire.junit4.JUnit4Provider.executeTestSet(JUnit4Provider.java:238)
	at org.apache.maven.surefire.junit4.JUnit4Provider.invoke(JUnit4Provider.java:159)
	at org.apache.maven.surefire.booter.ForkedBooter.invokeProviderInSameClassLoader(ForkedBooter.java:384)
	at org.apache.maven.surefire.booter.ForkedBooter.runSuitesInProcess(ForkedBooter.java:345)
	at org.apache.maven.surefire.booter.ForkedBooter.execute(ForkedBooter.java:126)
	at org.apache.maven.surefire.booter.ForkedBooter.main(ForkedBooter.java:418)
]]></system-out>
    <system-err><![CDATA[Jul 13, 2019 7:09:06 PM com.sun.jersey.server.impl.application.WebApplicationImpl _initiate
INFO: Initiating Jersey application, version 'Jersey: 1.19 02/11/2015 03:25 AM'
Jul 13, 2019 7:09:06 PM com.sun.jersey.server.impl.application.WebApplicationImpl _initiate
INFO: Initiating Jersey application, version 'Jersey: 1.19 02/11/2015 03:25 AM'
Jul 13, 2019 7:09:06 PM com.sun.jersey.server.impl.application.WebApplicationImpl _initiate
INFO: Initiating Jersey application, version 'Jersey: 1.19 02/11/2015 03:25 AM'
Jul 13, 2019 7:09:06 PM com.sun.jersey.server.impl.application.WebApplicationImpl _initiate
INFO: Initiating Jersey application, version 'Jersey: 1.19 02/11/2015 03:25 AM'
Jul 13, 2019 7:09:07 PM com.sun.jersey.server.impl.application.WebApplicationImpl _initiate
INFO: Initiating Jersey application, version 'Jersey: 1.19 02/11/2015 03:25 AM'
Jul 13, 2019 7:09:07 PM com.sun.jersey.server.impl.application.WebApplicationImpl _initiate
INFO: Initiating Jersey application, version 'Jersey: 1.19 02/11/2015 03:25 AM'
]]></system-err>
  </testcase>
  <testcase name="testWriteSmallFile" classname="org.apache.hadoop.ozone.client.rpc.TestFailureHandlingByClient" time="30.687"/>
  <testcase name="testMultiBlockWritesWithIntermittentDnFailures" classname="org.apache.hadoop.ozone.client.rpc.TestFailureHandlingByClient" time="12.554">
    <failure message="expected:&lt;6&gt; but was:&lt;5&gt;" type="java.lang.AssertionError"><![CDATA[java.lang.AssertionError: expected:<6> but was:<5>
	at org.junit.Assert.fail(Assert.java:88)
	at org.junit.Assert.failNotEquals(Assert.java:743)
	at org.junit.Assert.assertEquals(Assert.java:118)
	at org.junit.Assert.assertEquals(Assert.java:555)
	at org.junit.Assert.assertEquals(Assert.java:542)
	at org.apache.hadoop.ozone.client.rpc.TestFailureHandlingByClient.testMultiBlockWritesWithIntermittentDnFailures(TestFailureHandlingByClient.java:221)
	at sun.reflect.NativeMethodAccessorImpl.invoke0(Native Method)
	at sun.reflect.NativeMethodAccessorImpl.invoke(NativeMethodAccessorImpl.java:62)
	at sun.reflect.DelegatingMethodAccessorImpl.invoke(DelegatingMethodAccessorImpl.java:43)
	at java.lang.reflect.Method.invoke(Method.java:498)
	at org.junit.runners.model.FrameworkMethod$1.runReflectiveCall(FrameworkMethod.java:47)
	at org.junit.internal.runners.model.ReflectiveCallable.run(ReflectiveCallable.java:12)
	at org.junit.runners.model.FrameworkMethod.invokeExplosively(FrameworkMethod.java:44)
	at org.junit.internal.runners.statements.InvokeMethod.evaluate(InvokeMethod.java:17)
	at org.junit.runners.ParentRunner.runLeaf(ParentRunner.java:271)
	at org.junit.runners.BlockJUnit4ClassRunner.runChild(BlockJUnit4ClassRunner.java:70)
	at org.junit.runners.BlockJUnit4ClassRunner.runChild(BlockJUnit4ClassRunner.java:50)
	at org.junit.runners.ParentRunner$3.run(ParentRunner.java:238)
	at org.junit.runners.ParentRunner$1.schedule(ParentRunner.java:63)
	at org.junit.runners.ParentRunner.runChildren(ParentRunner.java:236)
	at org.junit.runners.ParentRunner.access$000(ParentRunner.java:53)
	at org.junit.runners.ParentRunner$2.evaluate(ParentRunner.java:229)
	at org.junit.runners.ParentRunner.run(ParentRunner.java:309)
	at org.apache.maven.surefire.junit4.JUnit4Provider.execute(JUnit4Provider.java:365)
	at org.apache.maven.surefire.junit4.JUnit4Provider.executeWithRerun(JUnit4Provider.java:273)
	at org.apache.maven.surefire.junit4.JUnit4Provider.executeTestSet(JUnit4Provider.java:238)
	at org.apache.maven.surefire.junit4.JUnit4Provider.invoke(JUnit4Provider.java:159)
	at org.apache.maven.surefire.booter.ForkedBooter.invokeProviderInSameClassLoader(ForkedBooter.java:384)
	at org.apache.maven.surefire.booter.ForkedBooter.runSuitesInProcess(ForkedBooter.java:345)
	at org.apache.maven.surefire.booter.ForkedBooter.execute(ForkedBooter.java:126)
	at org.apache.maven.surefire.booter.ForkedBooter.main(ForkedBooter.java:418)
]]></failure>
    <system-out><![CDATA[2019-07-13 19:09:50,820 WARN  server.ServerUtils (ServerUtils.java:getScmDbDir(145)) - ozone.scm.db.dirs is not configured. We recommend adding this setting. Falling back to ozone.metadata.dirs instead.
2019-07-13 19:09:50,846 WARN  server.ServerUtils (ServerUtils.java:getScmDbDir(145)) - ozone.scm.db.dirs is not configured. We recommend adding this setting. Falling back to ozone.metadata.dirs instead.
2019-07-13 19:09:50,846 WARN  server.ServerUtils (ServerUtils.java:getScmDbDir(145)) - ozone.scm.db.dirs is not configured. We recommend adding this setting. Falling back to ozone.metadata.dirs instead.
2019-07-13 19:09:50,847 INFO  db.DBStoreBuilder (DBStoreBuilder.java:addTable(110)) - using custom profile for table: deletedBlocks
2019-07-13 19:09:50,847 INFO  db.DBStoreBuilder (DBStoreBuilder.java:processTables(161)) - Using default column profile:DBProfile.DISK for Table:deletedBlocks
2019-07-13 19:09:50,848 INFO  db.DBStoreBuilder (DBStoreBuilder.java:addTable(110)) - using custom profile for table: validCerts
2019-07-13 19:09:50,848 INFO  db.DBStoreBuilder (DBStoreBuilder.java:processTables(161)) - Using default column profile:DBProfile.DISK for Table:validCerts
2019-07-13 19:09:50,848 INFO  db.DBStoreBuilder (DBStoreBuilder.java:addTable(110)) - using custom profile for table: revokedCerts
2019-07-13 19:09:50,849 INFO  db.DBStoreBuilder (DBStoreBuilder.java:processTables(161)) - Using default column profile:DBProfile.DISK for Table:revokedCerts
2019-07-13 19:09:50,849 INFO  db.DBStoreBuilder (DBStoreBuilder.java:addTable(110)) - using custom profile for table: default
2019-07-13 19:09:50,849 INFO  db.DBStoreBuilder (DBStoreBuilder.java:processTables(167)) - Using default column profile:DBProfile.DISK for Table:default
2019-07-13 19:09:50,850 INFO  db.DBStoreBuilder (DBStoreBuilder.java:getDbProfile(198)) - Using default options. DBProfile.DISK
2019-07-13 19:09:51,062 INFO  net.NodeSchemaLoader (NodeSchemaLoader.java:loadSchemaFromFile(125)) - Loading file from sun.misc.CompoundEnumeration@65259737
2019-07-13 19:09:51,063 INFO  net.NodeSchemaLoader (NodeSchemaLoader.java:loadSchema(171)) - Loading network topology layer schema file
2019-07-13 19:09:51,069 INFO  node.SCMNodeManager (SCMNodeManager.java:<init>(119)) - Entering startup safe mode.
2019-07-13 19:09:51,070 WARN  server.ServerUtils (ServerUtils.java:getScmDbDir(145)) - ozone.scm.db.dirs is not configured. We recommend adding this setting. Falling back to ozone.metadata.dirs instead.
2019-07-13 19:09:51,134 INFO  pipeline.SCMPipelineManager (SCMPipelineManager.java:initializePipelineState(126)) - No pipeline exists in current db
2019-07-13 19:09:51,134 WARN  server.ServerUtils (ServerUtils.java:getScmDbDir(145)) - ozone.scm.db.dirs is not configured. We recommend adding this setting. Falling back to ozone.metadata.dirs instead.
2019-07-13 19:09:51,211 WARN  events.EventQueue (EventQueue.java:fireEvent(175)) - No event handler registered for event TypedEvent{payloadType=SafeModeStatus, name='SafeModeStatus'}
2019-07-13 19:09:51,212 INFO  ipc.CallQueueManager (CallQueueManager.java:<init>(84)) - Using callQueue: class java.util.concurrent.LinkedBlockingQueue, queueCapacity: 2000, scheduler: class org.apache.hadoop.ipc.DefaultRpcScheduler, ipcBackoff: false.
2019-07-13 19:09:51,213 INFO  ipc.Server (Server.java:run(1074)) - Starting Socket Reader #1 for port 39778
2019-07-13 19:09:51,219 INFO  ipc.CallQueueManager (CallQueueManager.java:<init>(84)) - Using callQueue: class java.util.concurrent.LinkedBlockingQueue, queueCapacity: 2000, scheduler: class org.apache.hadoop.ipc.DefaultRpcScheduler, ipcBackoff: false.
2019-07-13 19:09:51,220 INFO  ipc.Server (Server.java:run(1074)) - Starting Socket Reader #1 for port 32893
2019-07-13 19:09:51,223 INFO  ipc.CallQueueManager (CallQueueManager.java:<init>(84)) - Using callQueue: class java.util.concurrent.LinkedBlockingQueue, queueCapacity: 2000, scheduler: class org.apache.hadoop.ipc.DefaultRpcScheduler, ipcBackoff: false.
2019-07-13 19:09:51,224 INFO  ipc.Server (Server.java:run(1074)) - Starting Socket Reader #1 for port 37288
2019-07-13 19:09:51,230 INFO  hdfs.DFSUtil (DFSUtil.java:httpServerTemplateForNNAndJN(1641)) - Starting Web-server for scm at: http://0.0.0.0:0
2019-07-13 19:09:51,232 INFO  server.AuthenticationFilter (AuthenticationFilter.java:constructSecretProvider(240)) - Unable to initialize FileSignerSecretProvider, falling back to use random secrets.
2019-07-13 19:09:51,233 WARN  http.HttpRequestLog (HttpRequestLog.java:getRequestLog(97)) - Jetty request log can only be enabled using Log4j
2019-07-13 19:09:51,235 INFO  http.HttpServer2 (HttpServer2.java:addGlobalFilter(975)) - Added global filter 'safety' (class=org.apache.hadoop.http.HttpServer2$QuotingInputFilter)
2019-07-13 19:09:51,236 INFO  http.HttpServer2 (HttpServer2.java:addFilter(948)) - Added filter static_user_filter (class=org.apache.hadoop.http.lib.StaticUserWebFilter$StaticUserFilter) to context scm
2019-07-13 19:09:51,236 INFO  http.HttpServer2 (HttpServer2.java:addFilter(958)) - Added filter static_user_filter (class=org.apache.hadoop.http.lib.StaticUserWebFilter$StaticUserFilter) to context logs
2019-07-13 19:09:51,236 INFO  http.HttpServer2 (HttpServer2.java:addFilter(958)) - Added filter static_user_filter (class=org.apache.hadoop.http.lib.StaticUserWebFilter$StaticUserFilter) to context static
2019-07-13 19:09:51,239 INFO  server.StorageContainerManager (StorageContainerManager.java:start(759)) - StorageContainerLocationProtocol RPC server is listening at /0.0.0.0:37288
2019-07-13 19:09:51,241 WARN  impl.MetricsConfig (MetricsConfig.java:loadFirst(134)) - Cannot locate configuration: tried hadoop-metrics2-storagecontainermanager.properties,hadoop-metrics2.properties
2019-07-13 19:09:51,243 INFO  impl.MetricsSystemImpl (MetricsSystemImpl.java:startTimer(374)) - Scheduled Metric snapshot period at 10 second(s).
2019-07-13 19:09:51,243 INFO  impl.MetricsSystemImpl (MetricsSystemImpl.java:start(191)) - StorageContainerManager metrics system started
2019-07-13 19:09:51,380 INFO  server.SCMClientProtocolServer (SCMClientProtocolServer.java:start(149)) - RPC server for Client  is listening at /0.0.0.0:37288
2019-07-13 19:09:51,381 INFO  ipc.Server (Server.java:run(1314)) - IPC Server Responder: starting
2019-07-13 19:09:51,388 INFO  ipc.Server (Server.java:run(1153)) - IPC Server listener on 37288: starting
2019-07-13 19:09:51,396 INFO  server.StorageContainerManager (StorageContainerManager.java:start(768)) - ScmBlockLocationProtocol RPC server is listening at /0.0.0.0:32893
2019-07-13 19:09:51,396 INFO  server.SCMBlockProtocolServer (SCMBlockProtocolServer.java:start(140)) - RPC server for Block Protocol is listening at /0.0.0.0:32893
2019-07-13 19:09:51,397 INFO  ipc.Server (Server.java:run(1314)) - IPC Server Responder: starting
2019-07-13 19:09:51,397 INFO  ipc.Server (Server.java:run(1153)) - IPC Server listener on 32893: starting
2019-07-13 19:09:51,407 INFO  server.StorageContainerManager (StorageContainerManager.java:start(772)) - ScmDatanodeProtocl RPC server is listening at /0.0.0.0:39778
2019-07-13 19:09:51,407 INFO  server.SCMDatanodeProtocolServer (SCMDatanodeProtocolServer.java:start(191)) - RPC server for DataNodes is listening at /0.0.0.0:39778
2019-07-13 19:09:51,408 INFO  ipc.Server (Server.java:run(1314)) - IPC Server Responder: starting
2019-07-13 19:09:51,408 INFO  ipc.Server (Server.java:run(1153)) - IPC Server listener on 39778: starting
2019-07-13 19:09:51,416 INFO  http.HttpServer2 (HttpServer2.java:bindListener(1191)) - Jetty bound to port 34148
2019-07-13 19:09:51,416 INFO  server.Server (Server.java:doStart(351)) - jetty-9.3.24.v20180605, build timestamp: 2018-06-05T17:11:56Z, git hash: 84205aa28f11a4f31f2a3b86d1bba2cc8ab69827
2019-07-13 19:09:51,419 INFO  handler.ContextHandler (ContextHandler.java:doStart(781)) - Started o.e.j.s.ServletContextHandler@526fc044{/logs,file:///tmp/workdir/hadoop-ozone/integration-test/target/log,AVAILABLE}
2019-07-13 19:09:51,419 INFO  handler.ContextHandler (ContextHandler.java:doStart(781)) - Started o.e.j.s.ServletContextHandler@7adbec34{/static,file:///tmp/workdir/hadoop-ozone/integration-test/target/test-classes/webapps/static,AVAILABLE}
2019-07-13 19:09:51,425 INFO  handler.ContextHandler (ContextHandler.java:doStart(781)) - Started o.e.j.w.WebAppContext@6fdb1a59{/,file:///tmp/workdir/hadoop-ozone/integration-test/target/test-classes/webapps/scm/,AVAILABLE}{/scm}
2019-07-13 19:09:51,425 INFO  server.AbstractConnector (AbstractConnector.java:doStart(278)) - Started ServerConnector@55c341d0{HTTP/1.1,[http/1.1]}{0.0.0.0:34148}
2019-07-13 19:09:51,428 INFO  server.Server (Server.java:doStart(419)) - Started @85614ms
2019-07-13 19:09:51,430 INFO  server.BaseHttpServer (BaseHttpServer.java:updateConnectorAddress(207)) - HTTP server of SCM is listening at http://0.0.0.0:34148
2019-07-13 19:09:51,431 WARN  server.ServerUtils (ServerUtils.java:getDBPath(222)) - ozone.om.db.dirs is not configured. We recommend adding this setting. Falling back to ozone.metadata.dirs instead.
2019-07-13 19:09:51,433 INFO  util.JvmPauseMonitor (JvmPauseMonitor.java:run(188)) - Starting JVM pause monitor
2019-07-13 19:09:51,447 WARN  server.ServerUtils (ServerUtils.java:getDBPath(222)) - ozone.om.db.dirs is not configured. We recommend adding this setting. Falling back to ozone.metadata.dirs instead.
2019-07-13 19:09:51,448 INFO  om.OzoneManager (OzoneManager.java:setOMNodeDetails(630)) - OM Service ID is not set. Setting it to the default ID: omServiceIdDefault
2019-07-13 19:09:51,448 INFO  om.OzoneManager (OzoneManager.java:setOMNodeDetails(636)) - OM Node ID is not set. Setting it to the OmStorage's OmID: ed133711-6613-4739-830c-4d2f5134c901
2019-07-13 19:09:51,448 INFO  om.OzoneManager (OzoneManager.java:loadOMHAConfigs(587)) - Found matching OM address with OMServiceId: null, OMNodeId: null, RPC Address: localhost:0 and Ratis port: 9872
2019-07-13 19:09:51,464 WARN  server.ServerUtils (ServerUtils.java:getDBPath(222)) - ozone.om.db.dirs is not configured. We recommend adding this setting. Falling back to ozone.metadata.dirs instead.
2019-07-13 19:09:51,465 INFO  db.DBStoreBuilder (DBStoreBuilder.java:addTable(110)) - using custom profile for table: userTable
2019-07-13 19:09:51,465 INFO  db.DBStoreBuilder (DBStoreBuilder.java:processTables(161)) - Using default column profile:DBProfile.DISK for Table:userTable
2019-07-13 19:09:51,465 INFO  db.DBStoreBuilder (DBStoreBuilder.java:addTable(110)) - using custom profile for table: volumeTable
2019-07-13 19:09:51,465 INFO  db.DBStoreBuilder (DBStoreBuilder.java:processTables(161)) - Using default column profile:DBProfile.DISK for Table:volumeTable
2019-07-13 19:09:51,466 INFO  db.DBStoreBuilder (DBStoreBuilder.java:addTable(110)) - using custom profile for table: bucketTable
2019-07-13 19:09:51,466 INFO  db.DBStoreBuilder (DBStoreBuilder.java:processTables(161)) - Using default column profile:DBProfile.DISK for Table:bucketTable
2019-07-13 19:09:51,466 INFO  db.DBStoreBuilder (DBStoreBuilder.java:addTable(110)) - using custom profile for table: keyTable
2019-07-13 19:09:51,466 INFO  db.DBStoreBuilder (DBStoreBuilder.java:processTables(161)) - Using default column profile:DBProfile.DISK for Table:keyTable
2019-07-13 19:09:51,467 INFO  db.DBStoreBuilder (DBStoreBuilder.java:addTable(110)) - using custom profile for table: deletedTable
2019-07-13 19:09:51,467 INFO  db.DBStoreBuilder (DBStoreBuilder.java:processTables(161)) - Using default column profile:DBProfile.DISK for Table:deletedTable
2019-07-13 19:09:51,467 INFO  db.DBStoreBuilder (DBStoreBuilder.java:addTable(110)) - using custom profile for table: openKeyTable
2019-07-13 19:09:51,467 INFO  db.DBStoreBuilder (DBStoreBuilder.java:processTables(161)) - Using default column profile:DBProfile.DISK for Table:openKeyTable
2019-07-13 19:09:51,468 INFO  db.DBStoreBuilder (DBStoreBuilder.java:addTable(110)) - using custom profile for table: s3Table
2019-07-13 19:09:51,468 INFO  db.DBStoreBuilder (DBStoreBuilder.java:processTables(161)) - Using default column profile:DBProfile.DISK for Table:s3Table
2019-07-13 19:09:51,468 INFO  db.DBStoreBuilder (DBStoreBuilder.java:addTable(110)) - using custom profile for table: multipartInfoTable
2019-07-13 19:09:51,468 INFO  db.DBStoreBuilder (DBStoreBuilder.java:processTables(161)) - Using default column profile:DBProfile.DISK for Table:multipartInfoTable
2019-07-13 19:09:51,469 INFO  db.DBStoreBuilder (DBStoreBuilder.java:addTable(110)) - using custom profile for table: dTokenTable
2019-07-13 19:09:51,469 INFO  db.DBStoreBuilder (DBStoreBuilder.java:processTables(161)) - Using default column profile:DBProfile.DISK for Table:dTokenTable
2019-07-13 19:09:51,469 INFO  db.DBStoreBuilder (DBStoreBuilder.java:addTable(110)) - using custom profile for table: s3SecretTable
2019-07-13 19:09:51,469 INFO  db.DBStoreBuilder (DBStoreBuilder.java:processTables(161)) - Using default column profile:DBProfile.DISK for Table:s3SecretTable
2019-07-13 19:09:51,470 INFO  db.DBStoreBuilder (DBStoreBuilder.java:addTable(110)) - using custom profile for table: prefixTable
2019-07-13 19:09:51,470 INFO  db.DBStoreBuilder (DBStoreBuilder.java:processTables(161)) - Using default column profile:DBProfile.DISK for Table:prefixTable
2019-07-13 19:09:51,470 INFO  db.DBStoreBuilder (DBStoreBuilder.java:addTable(110)) - using custom profile for table: default
2019-07-13 19:09:51,470 INFO  db.DBStoreBuilder (DBStoreBuilder.java:processTables(167)) - Using default column profile:DBProfile.DISK for Table:default
2019-07-13 19:09:51,470 INFO  db.DBStoreBuilder (DBStoreBuilder.java:getDbProfile(198)) - Using default options. DBProfile.DISK
2019-07-13 19:09:52,048 INFO  ipc.CallQueueManager (CallQueueManager.java:<init>(84)) - Using callQueue: class java.util.concurrent.LinkedBlockingQueue, queueCapacity: 2000, scheduler: class org.apache.hadoop.ipc.DefaultRpcScheduler, ipcBackoff: false.
2019-07-13 19:09:52,049 INFO  ipc.Server (Server.java:run(1074)) - Starting Socket Reader #1 for port 42962
2019-07-13 19:09:52,080 WARN  server.ServerUtils (ServerUtils.java:getDBPath(222)) - ozone.om.db.dirs is not configured. We recommend adding this setting. Falling back to ozone.metadata.dirs instead.
2019-07-13 19:09:52,080 INFO  om.OzoneManager (OzoneManager.java:start(1228)) - OzoneManager RPC server is listening at localhost/127.0.0.1:42962
2019-07-13 19:09:52,081 INFO  impl.MetricsSystemImpl (MetricsSystemImpl.java:init(158)) - OzoneManager metrics system started (again)
2019-07-13 19:09:52,081 INFO  ipc.Server (Server.java:run(1314)) - IPC Server Responder: starting
2019-07-13 19:09:52,082 INFO  ipc.Server (Server.java:run(1153)) - IPC Server listener on 42962: starting
2019-07-13 19:09:52,092 INFO  hdfs.DFSUtil (DFSUtil.java:httpServerTemplateForNNAndJN(1641)) - Starting Web-server for ozoneManager at: http://0.0.0.0:0
2019-07-13 19:09:52,094 INFO  server.AuthenticationFilter (AuthenticationFilter.java:constructSecretProvider(240)) - Unable to initialize FileSignerSecretProvider, falling back to use random secrets.
2019-07-13 19:09:52,095 WARN  http.HttpRequestLog (HttpRequestLog.java:getRequestLog(97)) - Jetty request log can only be enabled using Log4j
2019-07-13 19:09:52,097 INFO  http.HttpServer2 (HttpServer2.java:addGlobalFilter(975)) - Added global filter 'safety' (class=org.apache.hadoop.http.HttpServer2$QuotingInputFilter)
2019-07-13 19:09:52,097 INFO  http.HttpServer2 (HttpServer2.java:addFilter(948)) - Added filter static_user_filter (class=org.apache.hadoop.http.lib.StaticUserWebFilter$StaticUserFilter) to context ozoneManager
2019-07-13 19:09:52,098 INFO  http.HttpServer2 (HttpServer2.java:addFilter(958)) - Added filter static_user_filter (class=org.apache.hadoop.http.lib.StaticUserWebFilter$StaticUserFilter) to context static
2019-07-13 19:09:52,098 INFO  http.HttpServer2 (HttpServer2.java:addFilter(958)) - Added filter static_user_filter (class=org.apache.hadoop.http.lib.StaticUserWebFilter$StaticUserFilter) to context logs
2019-07-13 19:09:52,098 INFO  http.HttpServer2 (HttpServer2.java:bindListener(1191)) - Jetty bound to port 36309
2019-07-13 19:09:52,099 INFO  server.Server (Server.java:doStart(351)) - jetty-9.3.24.v20180605, build timestamp: 2018-06-05T17:11:56Z, git hash: 84205aa28f11a4f31f2a3b86d1bba2cc8ab69827
2019-07-13 19:09:52,101 INFO  handler.ContextHandler (ContextHandler.java:doStart(781)) - Started o.e.j.s.ServletContextHandler@28888124{/logs,file:///tmp/workdir/hadoop-ozone/integration-test/target/log,AVAILABLE}
2019-07-13 19:09:52,102 INFO  handler.ContextHandler (ContextHandler.java:doStart(781)) - Started o.e.j.s.ServletContextHandler@2568611c{/static,file:///tmp/workdir/hadoop-ozone/integration-test/target/test-classes/webapps/static,AVAILABLE}
2019-07-13 19:09:52,106 INFO  handler.ContextHandler (ContextHandler.java:doStart(781)) - Started o.e.j.w.WebAppContext@3c8dea0b{/,file:///tmp/workdir/hadoop-ozone/integration-test/target/test-classes/webapps/ozoneManager/,AVAILABLE}{/ozoneManager}
2019-07-13 19:09:52,107 INFO  server.AbstractConnector (AbstractConnector.java:doStart(278)) - Started ServerConnector@4b9beefe{HTTP/1.1,[http/1.1]}{0.0.0.0:36309}
2019-07-13 19:09:52,109 INFO  server.Server (Server.java:doStart(419)) - Started @86296ms
2019-07-13 19:09:52,110 INFO  server.BaseHttpServer (BaseHttpServer.java:updateConnectorAddress(207)) - HTTP server of OZONEMANAGER is listening at http://0.0.0.0:36309
2019-07-13 19:09:52,123 INFO  impl.MetricsSystemImpl (MetricsSystemImpl.java:init(158)) - HddsDatanode metrics system started (again)
2019-07-13 19:09:52,123 INFO  ozone.HddsDatanodeService (HddsDatanodeService.java:start(185)) - HddsDatanodeService host:trunk-nightly-fxqsz-774976932 ip:192.168.69.122
2019-07-13 19:09:52,142 INFO  volume.HddsVolume (HddsVolume.java:<init>(176)) - Creating Volume: /tmp/workdir/hadoop-ozone/integration-test/target/test-dir/MiniOzoneClusterImpl-136afc4f-b221-466b-9398-6948e7bf56bc/datanode-0/data/containers/hdds of  storage type : DISK and capacity : 52710309888
2019-07-13 19:09:52,143 INFO  volume.VolumeSet (VolumeSet.java:initializeVolumeSet(170)) - Added Volume : /tmp/workdir/hadoop-ozone/integration-test/target/test-dir/MiniOzoneClusterImpl-136afc4f-b221-466b-9398-6948e7bf56bc/datanode-0/data/containers/hdds to VolumeSet
2019-07-13 19:09:52,143 INFO  volume.ThrottledAsyncChecker (ThrottledAsyncChecker.java:schedule(140)) - Scheduling a check for org.apache.hadoop.ozone.container.common.volume.HddsVolume@2a341e3d
2019-07-13 19:09:52,144 INFO  volume.HddsVolumeChecker (HddsVolumeChecker.java:checkAllVolumes(203)) - Scheduled health check for volume org.apache.hadoop.ozone.container.common.volume.HddsVolume@2a341e3d
2019-07-13 19:09:52,168 INFO  impl.RaftServerProxy (ConfUtils.java:logGet(43)) - raft.rpc.type = GRPC (default)
2019-07-13 19:09:52,168 INFO  grpc.GrpcFactory (GrpcFactory.java:checkPooledByteBufAllocatorUseCacheForAllThreads(45)) - PERFORMANCE WARNING: useCacheForAllThreads is true that may cause Netty to create a lot garbage objects and, as a result, trigger GC.
	It is recommended to disable useCacheForAllThreads by setting -Dorg.apache.ratis.thirdparty.io.netty.allocator.useCacheForAllThreads=false in command line.
2019-07-13 19:09:52,168 INFO  grpc.GrpcConfigKeys$Server (ConfUtils.java:logGet(43)) - raft.grpc.server.port = 0 (default)
2019-07-13 19:09:52,169 INFO  server.GrpcService (ConfUtils.java:logGet(43)) - raft.grpc.message.size.max = 33570816 (custom)
2019-07-13 19:09:52,169 INFO  server.RaftServerConfigKeys (ConfUtils.java:logGet(43)) - raft.server.log.appender.buffer.byte-limit = 33554432 (custom)
2019-07-13 19:09:52,169 INFO  server.GrpcService (ConfUtils.java:logGet(43)) - raft.grpc.flow.control.window = 1MB (=1048576) (default)
2019-07-13 19:09:52,169 INFO  server.RaftServerConfigKeys (ConfUtils.java:logGet(43)) - raft.server.rpc.request.timeout = 3000ms (default)
2019-07-13 19:09:52,170 INFO  server.RaftServerConfigKeys (ConfUtils.java:logGet(43)) - raft.server.storage.dir = [/tmp/workdir/hadoop-ozone/integration-test/target/test-dir/MiniOzoneClusterImpl-136afc4f-b221-466b-9398-6948e7bf56bc/datanode-0/data/ratis] (custom)
2019-07-13 19:09:52,171 INFO  replication.SimpleContainerDownloader (SimpleContainerDownloader.java:<init>(72)) - Starting container downloader service to copy containers to replicate.
2019-07-13 19:09:52,172 INFO  hdfs.DFSUtil (DFSUtil.java:httpServerTemplateForNNAndJN(1641)) - Starting Web-server for hddsDatanode at: http://0.0.0.0:0
2019-07-13 19:09:52,174 INFO  server.AuthenticationFilter (AuthenticationFilter.java:constructSecretProvider(240)) - Unable to initialize FileSignerSecretProvider, falling back to use random secrets.
2019-07-13 19:09:52,174 WARN  http.HttpRequestLog (HttpRequestLog.java:getRequestLog(97)) - Jetty request log can only be enabled using Log4j
2019-07-13 19:09:52,175 INFO  http.HttpServer2 (HttpServer2.java:addGlobalFilter(975)) - Added global filter 'safety' (class=org.apache.hadoop.http.HttpServer2$QuotingInputFilter)
2019-07-13 19:09:52,176 INFO  http.HttpServer2 (HttpServer2.java:addFilter(948)) - Added filter static_user_filter (class=org.apache.hadoop.http.lib.StaticUserWebFilter$StaticUserFilter) to context hddsDatanode
2019-07-13 19:09:52,176 INFO  http.HttpServer2 (HttpServer2.java:addFilter(958)) - Added filter static_user_filter (class=org.apache.hadoop.http.lib.StaticUserWebFilter$StaticUserFilter) to context logs
2019-07-13 19:09:52,176 INFO  http.HttpServer2 (HttpServer2.java:addFilter(958)) - Added filter static_user_filter (class=org.apache.hadoop.http.lib.StaticUserWebFilter$StaticUserFilter) to context static
2019-07-13 19:09:52,177 INFO  http.HttpServer2 (HttpServer2.java:bindListener(1191)) - Jetty bound to port 39118
2019-07-13 19:09:52,177 INFO  server.Server (Server.java:doStart(351)) - jetty-9.3.24.v20180605, build timestamp: 2018-06-05T17:11:56Z, git hash: 84205aa28f11a4f31f2a3b86d1bba2cc8ab69827
2019-07-13 19:09:52,179 INFO  handler.ContextHandler (ContextHandler.java:doStart(781)) - Started o.e.j.s.ServletContextHandler@760c777d{/logs,file:///tmp/workdir/hadoop-ozone/integration-test/target/log,AVAILABLE}
2019-07-13 19:09:52,180 INFO  handler.ContextHandler (ContextHandler.java:doStart(781)) - Started o.e.j.s.ServletContextHandler@1aef7428{/static,jar:file:/home/user/.m2/repository/org/apache/hadoop/hadoop-hdds-container-service/0.5.0-SNAPSHOT/hadoop-hdds-container-service-0.5.0-SNAPSHOT.jar!/webapps/static,AVAILABLE}
2019-07-13 19:09:52,222 INFO  handler.ContextHandler (ContextHandler.java:doStart(781)) - Started o.e.j.w.WebAppContext@56193e3a{/,file:///tmp/jetty-0.0.0.0-39118-hddsDatanode-_-any-3109140210964848221.dir/webapp/,AVAILABLE}{/hddsDatanode}
2019-07-13 19:09:52,222 INFO  server.AbstractConnector (AbstractConnector.java:doStart(278)) - Started ServerConnector@6cf3b3d7{HTTP/1.1,[http/1.1]}{0.0.0.0:39118}
2019-07-13 19:09:52,226 INFO  server.Server (Server.java:doStart(419)) - Started @86412ms
2019-07-13 19:09:52,227 INFO  server.BaseHttpServer (BaseHttpServer.java:updateConnectorAddress(207)) - HTTP server of HDDSDATANODE is listening at http://0.0.0.0:39118
2019-07-13 19:09:52,341 INFO  ozone.HddsDatanodeService (HddsDatanodeService.java:startPlugins(396)) - Started plug-in org.apache.hadoop.ozone.web.OzoneHddsDatanodeService@4b5f022f
2019-07-13 19:09:52,342 INFO  impl.MetricsSystemImpl (MetricsSystemImpl.java:init(158)) - HddsDatanode metrics system started (again)
2019-07-13 19:09:52,342 INFO  ozone.HddsDatanodeService (HddsDatanodeService.java:start(185)) - HddsDatanodeService host:trunk-nightly-fxqsz-774976932 ip:192.168.69.122
2019-07-13 19:09:52,343 INFO  util.JvmPauseMonitor (JvmPauseMonitor.java:run(188)) - Starting JVM pause monitor
2019-07-13 19:09:52,346 INFO  datanode.InitDatanodeState (InitDatanodeState.java:persistContainerDatanodeDetails(140)) - DatanodeDetails is persisted to /tmp/workdir/hadoop-ozone/integration-test/target/test-dir/MiniOzoneClusterImpl-136afc4f-b221-466b-9398-6948e7bf56bc/datanode-0/meta/datanode.id
2019-07-13 19:09:52,354 INFO  volume.HddsVolume (HddsVolume.java:<init>(176)) - Creating Volume: /tmp/workdir/hadoop-ozone/integration-test/target/test-dir/MiniOzoneClusterImpl-136afc4f-b221-466b-9398-6948e7bf56bc/datanode-1/data/containers/hdds of  storage type : DISK and capacity : 52710309888
2019-07-13 19:09:52,354 INFO  volume.VolumeSet (VolumeSet.java:initializeVolumeSet(170)) - Added Volume : /tmp/workdir/hadoop-ozone/integration-test/target/test-dir/MiniOzoneClusterImpl-136afc4f-b221-466b-9398-6948e7bf56bc/datanode-1/data/containers/hdds to VolumeSet
2019-07-13 19:09:52,355 INFO  volume.ThrottledAsyncChecker (ThrottledAsyncChecker.java:schedule(140)) - Scheduling a check for org.apache.hadoop.ozone.container.common.volume.HddsVolume@de40aa1
2019-07-13 19:09:52,355 INFO  volume.HddsVolumeChecker (HddsVolumeChecker.java:checkAllVolumes(203)) - Scheduled health check for volume org.apache.hadoop.ozone.container.common.volume.HddsVolume@de40aa1
2019-07-13 19:09:52,371 INFO  impl.RaftServerProxy (ConfUtils.java:logGet(43)) - raft.rpc.type = GRPC (default)
2019-07-13 19:09:52,371 INFO  grpc.GrpcFactory (GrpcFactory.java:checkPooledByteBufAllocatorUseCacheForAllThreads(45)) - PERFORMANCE WARNING: useCacheForAllThreads is true that may cause Netty to create a lot garbage objects and, as a result, trigger GC.
	It is recommended to disable useCacheForAllThreads by setting -Dorg.apache.ratis.thirdparty.io.netty.allocator.useCacheForAllThreads=false in command line.
2019-07-13 19:09:52,371 INFO  grpc.GrpcConfigKeys$Server (ConfUtils.java:logGet(43)) - raft.grpc.server.port = 0 (default)
2019-07-13 19:09:52,371 INFO  server.GrpcService (ConfUtils.java:logGet(43)) - raft.grpc.message.size.max = 33570816 (custom)
2019-07-13 19:09:52,371 INFO  server.RaftServerConfigKeys (ConfUtils.java:logGet(43)) - raft.server.log.appender.buffer.byte-limit = 33554432 (custom)
2019-07-13 19:09:52,372 INFO  server.GrpcService (ConfUtils.java:logGet(43)) - raft.grpc.flow.control.window = 1MB (=1048576) (default)
2019-07-13 19:09:52,372 INFO  server.RaftServerConfigKeys (ConfUtils.java:logGet(43)) - raft.server.rpc.request.timeout = 3000ms (default)
2019-07-13 19:09:52,372 INFO  server.RaftServerConfigKeys (ConfUtils.java:logGet(43)) - raft.server.storage.dir = [/tmp/workdir/hadoop-ozone/integration-test/target/test-dir/MiniOzoneClusterImpl-136afc4f-b221-466b-9398-6948e7bf56bc/datanode-1/data/ratis] (custom)
2019-07-13 19:09:52,373 INFO  replication.SimpleContainerDownloader (SimpleContainerDownloader.java:<init>(72)) - Starting container downloader service to copy containers to replicate.
2019-07-13 19:09:52,374 INFO  hdfs.DFSUtil (DFSUtil.java:httpServerTemplateForNNAndJN(1641)) - Starting Web-server for hddsDatanode at: http://0.0.0.0:0
2019-07-13 19:09:52,375 INFO  server.AuthenticationFilter (AuthenticationFilter.java:constructSecretProvider(240)) - Unable to initialize FileSignerSecretProvider, falling back to use random secrets.
2019-07-13 19:09:52,375 WARN  http.HttpRequestLog (HttpRequestLog.java:getRequestLog(97)) - Jetty request log can only be enabled using Log4j
2019-07-13 19:09:52,376 INFO  http.HttpServer2 (HttpServer2.java:addGlobalFilter(975)) - Added global filter 'safety' (class=org.apache.hadoop.http.HttpServer2$QuotingInputFilter)
2019-07-13 19:09:52,377 INFO  http.HttpServer2 (HttpServer2.java:addFilter(948)) - Added filter static_user_filter (class=org.apache.hadoop.http.lib.StaticUserWebFilter$StaticUserFilter) to context hddsDatanode
2019-07-13 19:09:52,377 INFO  http.HttpServer2 (HttpServer2.java:addFilter(958)) - Added filter static_user_filter (class=org.apache.hadoop.http.lib.StaticUserWebFilter$StaticUserFilter) to context static
2019-07-13 19:09:52,377 INFO  http.HttpServer2 (HttpServer2.java:addFilter(958)) - Added filter static_user_filter (class=org.apache.hadoop.http.lib.StaticUserWebFilter$StaticUserFilter) to context logs
2019-07-13 19:09:52,377 INFO  http.HttpServer2 (HttpServer2.java:bindListener(1191)) - Jetty bound to port 43695
2019-07-13 19:09:52,378 INFO  server.Server (Server.java:doStart(351)) - jetty-9.3.24.v20180605, build timestamp: 2018-06-05T17:11:56Z, git hash: 84205aa28f11a4f31f2a3b86d1bba2cc8ab69827
2019-07-13 19:09:52,379 INFO  handler.ContextHandler (ContextHandler.java:doStart(781)) - Started o.e.j.s.ServletContextHandler@3e18e693{/logs,file:///tmp/workdir/hadoop-ozone/integration-test/target/log,AVAILABLE}
2019-07-13 19:09:52,380 INFO  handler.ContextHandler (ContextHandler.java:doStart(781)) - Started o.e.j.s.ServletContextHandler@57fc6759{/static,jar:file:/home/user/.m2/repository/org/apache/hadoop/hadoop-hdds-container-service/0.5.0-SNAPSHOT/hadoop-hdds-container-service-0.5.0-SNAPSHOT.jar!/webapps/static,AVAILABLE}
2019-07-13 19:09:52,406 INFO  handler.ContextHandler (ContextHandler.java:doStart(781)) - Started o.e.j.w.WebAppContext@6b43b101{/,file:///tmp/jetty-0.0.0.0-43695-hddsDatanode-_-any-7781162181396349502.dir/webapp/,AVAILABLE}{/hddsDatanode}
2019-07-13 19:09:52,406 INFO  server.AbstractConnector (AbstractConnector.java:doStart(278)) - Started ServerConnector@37cc6017{HTTP/1.1,[http/1.1]}{0.0.0.0:43695}
2019-07-13 19:09:52,409 INFO  server.Server (Server.java:doStart(419)) - Started @86596ms
2019-07-13 19:09:52,410 INFO  server.BaseHttpServer (BaseHttpServer.java:updateConnectorAddress(207)) - HTTP server of HDDSDATANODE is listening at http://0.0.0.0:43695
2019-07-13 19:09:52,543 INFO  ozone.HddsDatanodeService (HddsDatanodeService.java:startPlugins(396)) - Started plug-in org.apache.hadoop.ozone.web.OzoneHddsDatanodeService@d960561
2019-07-13 19:09:52,544 INFO  impl.MetricsSystemImpl (MetricsSystemImpl.java:init(158)) - HddsDatanode metrics system started (again)
2019-07-13 19:09:52,544 INFO  ozone.HddsDatanodeService (HddsDatanodeService.java:start(185)) - HddsDatanodeService host:trunk-nightly-fxqsz-774976932 ip:192.168.69.122
2019-07-13 19:09:52,545 INFO  util.JvmPauseMonitor (JvmPauseMonitor.java:run(188)) - Starting JVM pause monitor
2019-07-13 19:09:52,547 INFO  datanode.InitDatanodeState (InitDatanodeState.java:persistContainerDatanodeDetails(140)) - DatanodeDetails is persisted to /tmp/workdir/hadoop-ozone/integration-test/target/test-dir/MiniOzoneClusterImpl-136afc4f-b221-466b-9398-6948e7bf56bc/datanode-1/meta/datanode.id
2019-07-13 19:09:52,558 INFO  volume.HddsVolume (HddsVolume.java:<init>(176)) - Creating Volume: /tmp/workdir/hadoop-ozone/integration-test/target/test-dir/MiniOzoneClusterImpl-136afc4f-b221-466b-9398-6948e7bf56bc/datanode-2/data/containers/hdds of  storage type : DISK and capacity : 52710309888
2019-07-13 19:09:52,559 INFO  volume.VolumeSet (VolumeSet.java:initializeVolumeSet(170)) - Added Volume : /tmp/workdir/hadoop-ozone/integration-test/target/test-dir/MiniOzoneClusterImpl-136afc4f-b221-466b-9398-6948e7bf56bc/datanode-2/data/containers/hdds to VolumeSet
2019-07-13 19:09:52,559 INFO  volume.ThrottledAsyncChecker (ThrottledAsyncChecker.java:schedule(140)) - Scheduling a check for org.apache.hadoop.ozone.container.common.volume.HddsVolume@552fffc8
2019-07-13 19:09:52,559 INFO  volume.HddsVolumeChecker (HddsVolumeChecker.java:checkAllVolumes(203)) - Scheduled health check for volume org.apache.hadoop.ozone.container.common.volume.HddsVolume@552fffc8
2019-07-13 19:09:52,580 INFO  impl.RaftServerProxy (ConfUtils.java:logGet(43)) - raft.rpc.type = GRPC (default)
2019-07-13 19:09:52,580 INFO  grpc.GrpcFactory (GrpcFactory.java:checkPooledByteBufAllocatorUseCacheForAllThreads(45)) - PERFORMANCE WARNING: useCacheForAllThreads is true that may cause Netty to create a lot garbage objects and, as a result, trigger GC.
	It is recommended to disable useCacheForAllThreads by setting -Dorg.apache.ratis.thirdparty.io.netty.allocator.useCacheForAllThreads=false in command line.
2019-07-13 19:09:52,580 INFO  grpc.GrpcConfigKeys$Server (ConfUtils.java:logGet(43)) - raft.grpc.server.port = 0 (default)
2019-07-13 19:09:52,580 INFO  server.GrpcService (ConfUtils.java:logGet(43)) - raft.grpc.message.size.max = 33570816 (custom)
2019-07-13 19:09:52,581 INFO  server.RaftServerConfigKeys (ConfUtils.java:logGet(43)) - raft.server.log.appender.buffer.byte-limit = 33554432 (custom)
2019-07-13 19:09:52,581 INFO  server.GrpcService (ConfUtils.java:logGet(43)) - raft.grpc.flow.control.window = 1MB (=1048576) (default)
2019-07-13 19:09:52,581 INFO  server.RaftServerConfigKeys (ConfUtils.java:logGet(43)) - raft.server.rpc.request.timeout = 3000ms (default)
2019-07-13 19:09:52,582 INFO  server.RaftServerConfigKeys (ConfUtils.java:logGet(43)) - raft.server.storage.dir = [/tmp/workdir/hadoop-ozone/integration-test/target/test-dir/MiniOzoneClusterImpl-136afc4f-b221-466b-9398-6948e7bf56bc/datanode-2/data/ratis] (custom)
2019-07-13 19:09:52,582 INFO  replication.SimpleContainerDownloader (SimpleContainerDownloader.java:<init>(72)) - Starting container downloader service to copy containers to replicate.
2019-07-13 19:09:52,583 INFO  hdfs.DFSUtil (DFSUtil.java:httpServerTemplateForNNAndJN(1641)) - Starting Web-server for hddsDatanode at: http://0.0.0.0:0
2019-07-13 19:09:52,584 INFO  server.AuthenticationFilter (AuthenticationFilter.java:constructSecretProvider(240)) - Unable to initialize FileSignerSecretProvider, falling back to use random secrets.
2019-07-13 19:09:52,585 WARN  http.HttpRequestLog (HttpRequestLog.java:getRequestLog(97)) - Jetty request log can only be enabled using Log4j
2019-07-13 19:09:52,586 INFO  http.HttpServer2 (HttpServer2.java:addGlobalFilter(975)) - Added global filter 'safety' (class=org.apache.hadoop.http.HttpServer2$QuotingInputFilter)
2019-07-13 19:09:52,586 INFO  http.HttpServer2 (HttpServer2.java:addFilter(948)) - Added filter static_user_filter (class=org.apache.hadoop.http.lib.StaticUserWebFilter$StaticUserFilter) to context hddsDatanode
2019-07-13 19:09:52,586 INFO  http.HttpServer2 (HttpServer2.java:addFilter(958)) - Added filter static_user_filter (class=org.apache.hadoop.http.lib.StaticUserWebFilter$StaticUserFilter) to context static
2019-07-13 19:09:52,586 INFO  http.HttpServer2 (HttpServer2.java:addFilter(958)) - Added filter static_user_filter (class=org.apache.hadoop.http.lib.StaticUserWebFilter$StaticUserFilter) to context logs
2019-07-13 19:09:52,587 INFO  http.HttpServer2 (HttpServer2.java:bindListener(1191)) - Jetty bound to port 44426
2019-07-13 19:09:52,587 INFO  server.Server (Server.java:doStart(351)) - jetty-9.3.24.v20180605, build timestamp: 2018-06-05T17:11:56Z, git hash: 84205aa28f11a4f31f2a3b86d1bba2cc8ab69827
2019-07-13 19:09:52,589 INFO  handler.ContextHandler (ContextHandler.java:doStart(781)) - Started o.e.j.s.ServletContextHandler@17ea3bc0{/logs,file:///tmp/workdir/hadoop-ozone/integration-test/target/log,AVAILABLE}
2019-07-13 19:09:52,589 INFO  handler.ContextHandler (ContextHandler.java:doStart(781)) - Started o.e.j.s.ServletContextHandler@1c36ab22{/static,jar:file:/home/user/.m2/repository/org/apache/hadoop/hadoop-hdds-container-service/0.5.0-SNAPSHOT/hadoop-hdds-container-service-0.5.0-SNAPSHOT.jar!/webapps/static,AVAILABLE}
2019-07-13 19:09:52,616 INFO  handler.ContextHandler (ContextHandler.java:doStart(781)) - Started o.e.j.w.WebAppContext@28d16af8{/,file:///tmp/jetty-0.0.0.0-44426-hddsDatanode-_-any-7186833584789363575.dir/webapp/,AVAILABLE}{/hddsDatanode}
2019-07-13 19:09:52,616 INFO  server.AbstractConnector (AbstractConnector.java:doStart(278)) - Started ServerConnector@58932d08{HTTP/1.1,[http/1.1]}{0.0.0.0:44426}
2019-07-13 19:09:52,619 INFO  server.Server (Server.java:doStart(419)) - Started @86806ms
2019-07-13 19:09:52,620 INFO  server.BaseHttpServer (BaseHttpServer.java:updateConnectorAddress(207)) - HTTP server of HDDSDATANODE is listening at http://0.0.0.0:44426
2019-07-13 19:09:52,758 INFO  ozone.HddsDatanodeService (HddsDatanodeService.java:startPlugins(396)) - Started plug-in org.apache.hadoop.ozone.web.OzoneHddsDatanodeService@54780c40
2019-07-13 19:09:52,759 INFO  impl.MetricsSystemImpl (MetricsSystemImpl.java:init(158)) - HddsDatanode metrics system started (again)
2019-07-13 19:09:52,759 INFO  ozone.HddsDatanodeService (HddsDatanodeService.java:start(185)) - HddsDatanodeService host:trunk-nightly-fxqsz-774976932 ip:192.168.69.122
2019-07-13 19:09:52,760 INFO  util.JvmPauseMonitor (JvmPauseMonitor.java:run(188)) - Starting JVM pause monitor
2019-07-13 19:09:52,762 INFO  datanode.InitDatanodeState (InitDatanodeState.java:persistContainerDatanodeDetails(140)) - DatanodeDetails is persisted to /tmp/workdir/hadoop-ozone/integration-test/target/test-dir/MiniOzoneClusterImpl-136afc4f-b221-466b-9398-6948e7bf56bc/datanode-2/meta/datanode.id
2019-07-13 19:09:52,773 INFO  volume.HddsVolume (HddsVolume.java:<init>(176)) - Creating Volume: /tmp/workdir/hadoop-ozone/integration-test/target/test-dir/MiniOzoneClusterImpl-136afc4f-b221-466b-9398-6948e7bf56bc/datanode-3/data/containers/hdds of  storage type : DISK and capacity : 52710309888
2019-07-13 19:09:52,773 INFO  volume.VolumeSet (VolumeSet.java:initializeVolumeSet(170)) - Added Volume : /tmp/workdir/hadoop-ozone/integration-test/target/test-dir/MiniOzoneClusterImpl-136afc4f-b221-466b-9398-6948e7bf56bc/datanode-3/data/containers/hdds to VolumeSet
2019-07-13 19:09:52,774 INFO  volume.ThrottledAsyncChecker (ThrottledAsyncChecker.java:schedule(140)) - Scheduling a check for org.apache.hadoop.ozone.container.common.volume.HddsVolume@6e5b3642
2019-07-13 19:09:52,774 INFO  volume.HddsVolumeChecker (HddsVolumeChecker.java:checkAllVolumes(203)) - Scheduled health check for volume org.apache.hadoop.ozone.container.common.volume.HddsVolume@6e5b3642
2019-07-13 19:09:52,793 INFO  impl.RaftServerProxy (ConfUtils.java:logGet(43)) - raft.rpc.type = GRPC (default)
2019-07-13 19:09:52,793 INFO  grpc.GrpcFactory (GrpcFactory.java:checkPooledByteBufAllocatorUseCacheForAllThreads(45)) - PERFORMANCE WARNING: useCacheForAllThreads is true that may cause Netty to create a lot garbage objects and, as a result, trigger GC.
	It is recommended to disable useCacheForAllThreads by setting -Dorg.apache.ratis.thirdparty.io.netty.allocator.useCacheForAllThreads=false in command line.
2019-07-13 19:09:52,794 INFO  grpc.GrpcConfigKeys$Server (ConfUtils.java:logGet(43)) - raft.grpc.server.port = 0 (default)
2019-07-13 19:09:52,794 INFO  server.GrpcService (ConfUtils.java:logGet(43)) - raft.grpc.message.size.max = 33570816 (custom)
2019-07-13 19:09:52,794 INFO  server.RaftServerConfigKeys (ConfUtils.java:logGet(43)) - raft.server.log.appender.buffer.byte-limit = 33554432 (custom)
2019-07-13 19:09:52,794 INFO  server.GrpcService (ConfUtils.java:logGet(43)) - raft.grpc.flow.control.window = 1MB (=1048576) (default)
2019-07-13 19:09:52,795 INFO  server.RaftServerConfigKeys (ConfUtils.java:logGet(43)) - raft.server.rpc.request.timeout = 3000ms (default)
2019-07-13 19:09:52,795 INFO  server.RaftServerConfigKeys (ConfUtils.java:logGet(43)) - raft.server.storage.dir = [/tmp/workdir/hadoop-ozone/integration-test/target/test-dir/MiniOzoneClusterImpl-136afc4f-b221-466b-9398-6948e7bf56bc/datanode-3/data/ratis] (custom)
2019-07-13 19:09:52,796 INFO  replication.SimpleContainerDownloader (SimpleContainerDownloader.java:<init>(72)) - Starting container downloader service to copy containers to replicate.
2019-07-13 19:09:52,797 INFO  hdfs.DFSUtil (DFSUtil.java:httpServerTemplateForNNAndJN(1641)) - Starting Web-server for hddsDatanode at: http://0.0.0.0:0
2019-07-13 19:09:52,799 INFO  server.AuthenticationFilter (AuthenticationFilter.java:constructSecretProvider(240)) - Unable to initialize FileSignerSecretProvider, falling back to use random secrets.
2019-07-13 19:09:52,800 WARN  http.HttpRequestLog (HttpRequestLog.java:getRequestLog(97)) - Jetty request log can only be enabled using Log4j
2019-07-13 19:09:52,802 INFO  http.HttpServer2 (HttpServer2.java:addGlobalFilter(975)) - Added global filter 'safety' (class=org.apache.hadoop.http.HttpServer2$QuotingInputFilter)
2019-07-13 19:09:52,802 INFO  http.HttpServer2 (HttpServer2.java:addFilter(948)) - Added filter static_user_filter (class=org.apache.hadoop.http.lib.StaticUserWebFilter$StaticUserFilter) to context hddsDatanode
2019-07-13 19:09:52,803 INFO  http.HttpServer2 (HttpServer2.java:addFilter(958)) - Added filter static_user_filter (class=org.apache.hadoop.http.lib.StaticUserWebFilter$StaticUserFilter) to context static
2019-07-13 19:09:52,803 INFO  http.HttpServer2 (HttpServer2.java:addFilter(958)) - Added filter static_user_filter (class=org.apache.hadoop.http.lib.StaticUserWebFilter$StaticUserFilter) to context logs
2019-07-13 19:09:52,804 INFO  http.HttpServer2 (HttpServer2.java:bindListener(1191)) - Jetty bound to port 37266
2019-07-13 19:09:52,804 INFO  server.Server (Server.java:doStart(351)) - jetty-9.3.24.v20180605, build timestamp: 2018-06-05T17:11:56Z, git hash: 84205aa28f11a4f31f2a3b86d1bba2cc8ab69827
2019-07-13 19:09:52,806 INFO  handler.ContextHandler (ContextHandler.java:doStart(781)) - Started o.e.j.s.ServletContextHandler@2d33795c{/logs,file:///tmp/workdir/hadoop-ozone/integration-test/target/log,AVAILABLE}
2019-07-13 19:09:52,807 INFO  handler.ContextHandler (ContextHandler.java:doStart(781)) - Started o.e.j.s.ServletContextHandler@5d9d8ecf{/static,jar:file:/home/user/.m2/repository/org/apache/hadoop/hadoop-hdds-container-service/0.5.0-SNAPSHOT/hadoop-hdds-container-service-0.5.0-SNAPSHOT.jar!/webapps/static,AVAILABLE}
2019-07-13 19:09:52,848 INFO  handler.ContextHandler (ContextHandler.java:doStart(781)) - Started o.e.j.w.WebAppContext@7a13ad55{/,file:///tmp/jetty-0.0.0.0-37266-hddsDatanode-_-any-5695409716750171923.dir/webapp/,AVAILABLE}{/hddsDatanode}
2019-07-13 19:09:52,848 INFO  server.AbstractConnector (AbstractConnector.java:doStart(278)) - Started ServerConnector@303db609{HTTP/1.1,[http/1.1]}{0.0.0.0:37266}
2019-07-13 19:09:52,851 INFO  server.Server (Server.java:doStart(419)) - Started @87037ms
2019-07-13 19:09:52,852 INFO  server.BaseHttpServer (BaseHttpServer.java:updateConnectorAddress(207)) - HTTP server of HDDSDATANODE is listening at http://0.0.0.0:37266
2019-07-13 19:09:52,971 INFO  ozone.HddsDatanodeService (HddsDatanodeService.java:startPlugins(396)) - Started plug-in org.apache.hadoop.ozone.web.OzoneHddsDatanodeService@76980c75
2019-07-13 19:09:52,972 INFO  impl.MetricsSystemImpl (MetricsSystemImpl.java:init(158)) - HddsDatanode metrics system started (again)
2019-07-13 19:09:52,972 INFO  ozone.HddsDatanodeService (HddsDatanodeService.java:start(185)) - HddsDatanodeService host:trunk-nightly-fxqsz-774976932 ip:192.168.69.122
2019-07-13 19:09:52,973 INFO  util.JvmPauseMonitor (JvmPauseMonitor.java:run(188)) - Starting JVM pause monitor
2019-07-13 19:09:52,975 INFO  datanode.InitDatanodeState (InitDatanodeState.java:persistContainerDatanodeDetails(140)) - DatanodeDetails is persisted to /tmp/workdir/hadoop-ozone/integration-test/target/test-dir/MiniOzoneClusterImpl-136afc4f-b221-466b-9398-6948e7bf56bc/datanode-3/meta/datanode.id
2019-07-13 19:09:52,985 INFO  volume.HddsVolume (HddsVolume.java:<init>(176)) - Creating Volume: /tmp/workdir/hadoop-ozone/integration-test/target/test-dir/MiniOzoneClusterImpl-136afc4f-b221-466b-9398-6948e7bf56bc/datanode-4/data/containers/hdds of  storage type : DISK and capacity : 52710309888
2019-07-13 19:09:52,986 INFO  volume.VolumeSet (VolumeSet.java:initializeVolumeSet(170)) - Added Volume : /tmp/workdir/hadoop-ozone/integration-test/target/test-dir/MiniOzoneClusterImpl-136afc4f-b221-466b-9398-6948e7bf56bc/datanode-4/data/containers/hdds to VolumeSet
2019-07-13 19:09:52,986 INFO  volume.ThrottledAsyncChecker (ThrottledAsyncChecker.java:schedule(140)) - Scheduling a check for org.apache.hadoop.ozone.container.common.volume.HddsVolume@15aaf7b1
2019-07-13 19:09:52,986 INFO  volume.HddsVolumeChecker (HddsVolumeChecker.java:checkAllVolumes(203)) - Scheduled health check for volume org.apache.hadoop.ozone.container.common.volume.HddsVolume@15aaf7b1
2019-07-13 19:09:53,005 INFO  impl.RaftServerProxy (ConfUtils.java:logGet(43)) - raft.rpc.type = GRPC (default)
2019-07-13 19:09:53,006 INFO  grpc.GrpcFactory (GrpcFactory.java:checkPooledByteBufAllocatorUseCacheForAllThreads(45)) - PERFORMANCE WARNING: useCacheForAllThreads is true that may cause Netty to create a lot garbage objects and, as a result, trigger GC.
	It is recommended to disable useCacheForAllThreads by setting -Dorg.apache.ratis.thirdparty.io.netty.allocator.useCacheForAllThreads=false in command line.
2019-07-13 19:09:53,006 INFO  grpc.GrpcConfigKeys$Server (ConfUtils.java:logGet(43)) - raft.grpc.server.port = 0 (default)
2019-07-13 19:09:53,006 INFO  server.GrpcService (ConfUtils.java:logGet(43)) - raft.grpc.message.size.max = 33570816 (custom)
2019-07-13 19:09:53,006 INFO  server.RaftServerConfigKeys (ConfUtils.java:logGet(43)) - raft.server.log.appender.buffer.byte-limit = 33554432 (custom)
2019-07-13 19:09:53,006 INFO  server.GrpcService (ConfUtils.java:logGet(43)) - raft.grpc.flow.control.window = 1MB (=1048576) (default)
2019-07-13 19:09:53,007 INFO  server.RaftServerConfigKeys (ConfUtils.java:logGet(43)) - raft.server.rpc.request.timeout = 3000ms (default)
2019-07-13 19:09:53,007 INFO  server.RaftServerConfigKeys (ConfUtils.java:logGet(43)) - raft.server.storage.dir = [/tmp/workdir/hadoop-ozone/integration-test/target/test-dir/MiniOzoneClusterImpl-136afc4f-b221-466b-9398-6948e7bf56bc/datanode-4/data/ratis] (custom)
2019-07-13 19:09:53,007 INFO  replication.SimpleContainerDownloader (SimpleContainerDownloader.java:<init>(72)) - Starting container downloader service to copy containers to replicate.
2019-07-13 19:09:53,008 INFO  hdfs.DFSUtil (DFSUtil.java:httpServerTemplateForNNAndJN(1641)) - Starting Web-server for hddsDatanode at: http://0.0.0.0:0
2019-07-13 19:09:53,009 INFO  server.AuthenticationFilter (AuthenticationFilter.java:constructSecretProvider(240)) - Unable to initialize FileSignerSecretProvider, falling back to use random secrets.
2019-07-13 19:09:53,010 WARN  http.HttpRequestLog (HttpRequestLog.java:getRequestLog(97)) - Jetty request log can only be enabled using Log4j
2019-07-13 19:09:53,011 INFO  http.HttpServer2 (HttpServer2.java:addGlobalFilter(975)) - Added global filter 'safety' (class=org.apache.hadoop.http.HttpServer2$QuotingInputFilter)
2019-07-13 19:09:53,011 INFO  http.HttpServer2 (HttpServer2.java:addFilter(948)) - Added filter static_user_filter (class=org.apache.hadoop.http.lib.StaticUserWebFilter$StaticUserFilter) to context hddsDatanode
2019-07-13 19:09:53,011 INFO  http.HttpServer2 (HttpServer2.java:addFilter(958)) - Added filter static_user_filter (class=org.apache.hadoop.http.lib.StaticUserWebFilter$StaticUserFilter) to context static
2019-07-13 19:09:53,012 INFO  http.HttpServer2 (HttpServer2.java:addFilter(958)) - Added filter static_user_filter (class=org.apache.hadoop.http.lib.StaticUserWebFilter$StaticUserFilter) to context logs
2019-07-13 19:09:53,012 INFO  http.HttpServer2 (HttpServer2.java:bindListener(1191)) - Jetty bound to port 37949
2019-07-13 19:09:53,012 INFO  server.Server (Server.java:doStart(351)) - jetty-9.3.24.v20180605, build timestamp: 2018-06-05T17:11:56Z, git hash: 84205aa28f11a4f31f2a3b86d1bba2cc8ab69827
2019-07-13 19:09:53,014 INFO  handler.ContextHandler (ContextHandler.java:doStart(781)) - Started o.e.j.s.ServletContextHandler@a08e41b{/logs,file:///tmp/workdir/hadoop-ozone/integration-test/target/log,AVAILABLE}
2019-07-13 19:09:53,015 INFO  handler.ContextHandler (ContextHandler.java:doStart(781)) - Started o.e.j.s.ServletContextHandler@4ebb7bab{/static,jar:file:/home/user/.m2/repository/org/apache/hadoop/hadoop-hdds-container-service/0.5.0-SNAPSHOT/hadoop-hdds-container-service-0.5.0-SNAPSHOT.jar!/webapps/static,AVAILABLE}
2019-07-13 19:09:53,048 INFO  handler.ContextHandler (ContextHandler.java:doStart(781)) - Started o.e.j.w.WebAppContext@c4ca86a{/,file:///tmp/jetty-0.0.0.0-37949-hddsDatanode-_-any-9220607001065715490.dir/webapp/,AVAILABLE}{/hddsDatanode}
2019-07-13 19:09:53,049 INFO  server.AbstractConnector (AbstractConnector.java:doStart(278)) - Started ServerConnector@7e741d6b{HTTP/1.1,[http/1.1]}{0.0.0.0:37949}
2019-07-13 19:09:53,052 INFO  server.Server (Server.java:doStart(419)) - Started @87239ms
2019-07-13 19:09:53,053 INFO  server.BaseHttpServer (BaseHttpServer.java:updateConnectorAddress(207)) - HTTP server of HDDSDATANODE is listening at http://0.0.0.0:37949
2019-07-13 19:09:53,157 INFO  ozone.HddsDatanodeService (HddsDatanodeService.java:startPlugins(396)) - Started plug-in org.apache.hadoop.ozone.web.OzoneHddsDatanodeService@468eff41
2019-07-13 19:09:53,157 INFO  impl.MetricsSystemImpl (MetricsSystemImpl.java:init(158)) - HddsDatanode metrics system started (again)
2019-07-13 19:09:53,157 INFO  ozone.HddsDatanodeService (HddsDatanodeService.java:start(185)) - HddsDatanodeService host:trunk-nightly-fxqsz-774976932 ip:192.168.69.122
2019-07-13 19:09:53,158 INFO  util.JvmPauseMonitor (JvmPauseMonitor.java:run(188)) - Starting JVM pause monitor
2019-07-13 19:09:53,160 INFO  datanode.InitDatanodeState (InitDatanodeState.java:persistContainerDatanodeDetails(140)) - DatanodeDetails is persisted to /tmp/workdir/hadoop-ozone/integration-test/target/test-dir/MiniOzoneClusterImpl-136afc4f-b221-466b-9398-6948e7bf56bc/datanode-4/meta/datanode.id
2019-07-13 19:09:53,171 INFO  volume.HddsVolume (HddsVolume.java:<init>(176)) - Creating Volume: /tmp/workdir/hadoop-ozone/integration-test/target/test-dir/MiniOzoneClusterImpl-136afc4f-b221-466b-9398-6948e7bf56bc/datanode-5/data/containers/hdds of  storage type : DISK and capacity : 52710309888
2019-07-13 19:09:53,171 INFO  volume.VolumeSet (VolumeSet.java:initializeVolumeSet(170)) - Added Volume : /tmp/workdir/hadoop-ozone/integration-test/target/test-dir/MiniOzoneClusterImpl-136afc4f-b221-466b-9398-6948e7bf56bc/datanode-5/data/containers/hdds to VolumeSet
2019-07-13 19:09:53,172 INFO  volume.ThrottledAsyncChecker (ThrottledAsyncChecker.java:schedule(140)) - Scheduling a check for org.apache.hadoop.ozone.container.common.volume.HddsVolume@b9c9bf5
2019-07-13 19:09:53,172 INFO  volume.HddsVolumeChecker (HddsVolumeChecker.java:checkAllVolumes(203)) - Scheduled health check for volume org.apache.hadoop.ozone.container.common.volume.HddsVolume@b9c9bf5
2019-07-13 19:09:53,191 INFO  impl.RaftServerProxy (ConfUtils.java:logGet(43)) - raft.rpc.type = GRPC (default)
2019-07-13 19:09:53,192 INFO  grpc.GrpcFactory (GrpcFactory.java:checkPooledByteBufAllocatorUseCacheForAllThreads(45)) - PERFORMANCE WARNING: useCacheForAllThreads is true that may cause Netty to create a lot garbage objects and, as a result, trigger GC.
	It is recommended to disable useCacheForAllThreads by setting -Dorg.apache.ratis.thirdparty.io.netty.allocator.useCacheForAllThreads=false in command line.
2019-07-13 19:09:53,192 INFO  grpc.GrpcConfigKeys$Server (ConfUtils.java:logGet(43)) - raft.grpc.server.port = 0 (default)
2019-07-13 19:09:53,192 INFO  server.GrpcService (ConfUtils.java:logGet(43)) - raft.grpc.message.size.max = 33570816 (custom)
2019-07-13 19:09:53,192 INFO  server.RaftServerConfigKeys (ConfUtils.java:logGet(43)) - raft.server.log.appender.buffer.byte-limit = 33554432 (custom)
2019-07-13 19:09:53,192 INFO  server.GrpcService (ConfUtils.java:logGet(43)) - raft.grpc.flow.control.window = 1MB (=1048576) (default)
2019-07-13 19:09:53,193 INFO  server.RaftServerConfigKeys (ConfUtils.java:logGet(43)) - raft.server.rpc.request.timeout = 3000ms (default)
2019-07-13 19:09:53,193 INFO  server.RaftServerConfigKeys (ConfUtils.java:logGet(43)) - raft.server.storage.dir = [/tmp/workdir/hadoop-ozone/integration-test/target/test-dir/MiniOzoneClusterImpl-136afc4f-b221-466b-9398-6948e7bf56bc/datanode-5/data/ratis] (custom)
2019-07-13 19:09:53,194 INFO  replication.SimpleContainerDownloader (SimpleContainerDownloader.java:<init>(72)) - Starting container downloader service to copy containers to replicate.
2019-07-13 19:09:53,195 INFO  hdfs.DFSUtil (DFSUtil.java:httpServerTemplateForNNAndJN(1641)) - Starting Web-server for hddsDatanode at: http://0.0.0.0:0
2019-07-13 19:09:53,196 INFO  server.AuthenticationFilter (AuthenticationFilter.java:constructSecretProvider(240)) - Unable to initialize FileSignerSecretProvider, falling back to use random secrets.
2019-07-13 19:09:53,196 WARN  http.HttpRequestLog (HttpRequestLog.java:getRequestLog(97)) - Jetty request log can only be enabled using Log4j
2019-07-13 19:09:53,197 INFO  http.HttpServer2 (HttpServer2.java:addGlobalFilter(975)) - Added global filter 'safety' (class=org.apache.hadoop.http.HttpServer2$QuotingInputFilter)
2019-07-13 19:09:53,198 INFO  http.HttpServer2 (HttpServer2.java:addFilter(948)) - Added filter static_user_filter (class=org.apache.hadoop.http.lib.StaticUserWebFilter$StaticUserFilter) to context hddsDatanode
2019-07-13 19:09:53,198 INFO  http.HttpServer2 (HttpServer2.java:addFilter(958)) - Added filter static_user_filter (class=org.apache.hadoop.http.lib.StaticUserWebFilter$StaticUserFilter) to context static
2019-07-13 19:09:53,198 INFO  http.HttpServer2 (HttpServer2.java:addFilter(958)) - Added filter static_user_filter (class=org.apache.hadoop.http.lib.StaticUserWebFilter$StaticUserFilter) to context logs
2019-07-13 19:09:53,198 INFO  http.HttpServer2 (HttpServer2.java:bindListener(1191)) - Jetty bound to port 42765
2019-07-13 19:09:53,199 INFO  server.Server (Server.java:doStart(351)) - jetty-9.3.24.v20180605, build timestamp: 2018-06-05T17:11:56Z, git hash: 84205aa28f11a4f31f2a3b86d1bba2cc8ab69827
2019-07-13 19:09:53,200 INFO  handler.ContextHandler (ContextHandler.java:doStart(781)) - Started o.e.j.s.ServletContextHandler@227fc322{/logs,file:///tmp/workdir/hadoop-ozone/integration-test/target/log,AVAILABLE}
2019-07-13 19:09:53,201 INFO  handler.ContextHandler (ContextHandler.java:doStart(781)) - Started o.e.j.s.ServletContextHandler@4687c184{/static,jar:file:/home/user/.m2/repository/org/apache/hadoop/hadoop-hdds-container-service/0.5.0-SNAPSHOT/hadoop-hdds-container-service-0.5.0-SNAPSHOT.jar!/webapps/static,AVAILABLE}
2019-07-13 19:09:53,227 INFO  handler.ContextHandler (ContextHandler.java:doStart(781)) - Started o.e.j.w.WebAppContext@51eafec0{/,file:///tmp/jetty-0.0.0.0-42765-hddsDatanode-_-any-8562179847516030257.dir/webapp/,AVAILABLE}{/hddsDatanode}
2019-07-13 19:09:53,227 INFO  server.AbstractConnector (AbstractConnector.java:doStart(278)) - Started ServerConnector@2d94279f{HTTP/1.1,[http/1.1]}{0.0.0.0:42765}
2019-07-13 19:09:53,230 INFO  server.Server (Server.java:doStart(419)) - Started @87417ms
2019-07-13 19:09:53,231 INFO  server.BaseHttpServer (BaseHttpServer.java:updateConnectorAddress(207)) - HTTP server of HDDSDATANODE is listening at http://0.0.0.0:42765
2019-07-13 19:09:53,333 INFO  ozone.HddsDatanodeService (HddsDatanodeService.java:startPlugins(396)) - Started plug-in org.apache.hadoop.ozone.web.OzoneHddsDatanodeService@641c8ba4
2019-07-13 19:09:53,334 INFO  ozone.MiniOzoneClusterImpl (MiniOzoneClusterImpl.java:lambda$waitForClusterToBeReady$0(142)) - Waiting for cluster to be ready. Got 0 of 6 DN Heartbeats.
2019-07-13 19:09:53,335 INFO  util.JvmPauseMonitor (JvmPauseMonitor.java:run(188)) - Starting JVM pause monitor
2019-07-13 19:09:53,337 INFO  datanode.InitDatanodeState (InitDatanodeState.java:persistContainerDatanodeDetails(140)) - DatanodeDetails is persisted to /tmp/workdir/hadoop-ozone/integration-test/target/test-dir/MiniOzoneClusterImpl-136afc4f-b221-466b-9398-6948e7bf56bc/datanode-5/meta/datanode.id
2019-07-13 19:09:54,338 INFO  ozone.MiniOzoneClusterImpl (MiniOzoneClusterImpl.java:lambda$waitForClusterToBeReady$0(142)) - Waiting for cluster to be ready. Got 0 of 6 DN Heartbeats.
2019-07-13 19:09:54,409 INFO  ozoneimpl.OzoneContainer (OzoneContainer.java:start(186)) - Attempting to start container services.
2019-07-13 19:09:54,409 INFO  ozoneimpl.OzoneContainer (OzoneContainer.java:startContainerScrub(160)) - Background container scrubber has been disabled by hdds.containerscrub.enabled
2019-07-13 19:09:54,409 INFO  ratis.XceiverServerRatis (XceiverServerRatis.java:start(418)) - Starting XceiverServerRatis 830c9cfb-9e36-4b07-baca-db2ce6def4df at port 0
2019-07-13 19:09:54,417 INFO  impl.RaftServerProxy (RaftServerProxy.java:lambda$start$3(299)) - 830c9cfb-9e36-4b07-baca-db2ce6def4df: start RPC server
2019-07-13 19:09:54,419 INFO  server.GrpcService (GrpcService.java:startImpl(149)) - 830c9cfb-9e36-4b07-baca-db2ce6def4df: GrpcService started, listening on 0.0.0.0/0.0.0.0:35062
2019-07-13 19:09:54,419 INFO  ratis.XceiverServerRatis (XceiverServerRatis.java:start(428)) - XceiverServerRatis 830c9cfb-9e36-4b07-baca-db2ce6def4df is started using port 35062
2019-07-13 19:09:54,419 INFO  server.XceiverServerGrpc (XceiverServerGrpc.java:start(161)) - XceiverServerGrpc 830c9cfb-9e36-4b07-baca-db2ce6def4df is started using port 46838
2019-07-13 19:09:54,563 INFO  ozoneimpl.OzoneContainer (OzoneContainer.java:start(186)) - Attempting to start container services.
2019-07-13 19:09:54,563 INFO  ozoneimpl.OzoneContainer (OzoneContainer.java:startContainerScrub(160)) - Background container scrubber has been disabled by hdds.containerscrub.enabled
2019-07-13 19:09:54,563 INFO  ratis.XceiverServerRatis (XceiverServerRatis.java:start(418)) - Starting XceiverServerRatis fec82ebc-a9e9-48a9-8e9b-efd2a640e840 at port 0
2019-07-13 19:09:54,570 INFO  impl.RaftServerProxy (RaftServerProxy.java:lambda$start$3(299)) - fec82ebc-a9e9-48a9-8e9b-efd2a640e840: start RPC server
2019-07-13 19:09:54,571 INFO  server.GrpcService (GrpcService.java:startImpl(149)) - fec82ebc-a9e9-48a9-8e9b-efd2a640e840: GrpcService started, listening on 0.0.0.0/0.0.0.0:39476
2019-07-13 19:09:54,571 INFO  ratis.XceiverServerRatis (XceiverServerRatis.java:start(428)) - XceiverServerRatis fec82ebc-a9e9-48a9-8e9b-efd2a640e840 is started using port 39476
2019-07-13 19:09:54,572 INFO  server.XceiverServerGrpc (XceiverServerGrpc.java:start(161)) - XceiverServerGrpc fec82ebc-a9e9-48a9-8e9b-efd2a640e840 is started using port 45142
2019-07-13 19:09:54,780 INFO  ozoneimpl.OzoneContainer (OzoneContainer.java:start(186)) - Attempting to start container services.
2019-07-13 19:09:54,780 INFO  ozoneimpl.OzoneContainer (OzoneContainer.java:startContainerScrub(160)) - Background container scrubber has been disabled by hdds.containerscrub.enabled
2019-07-13 19:09:54,780 INFO  ratis.XceiverServerRatis (XceiverServerRatis.java:start(418)) - Starting XceiverServerRatis 7f64e164-36f3-4e0a-9859-4318ff6565b2 at port 0
2019-07-13 19:09:54,787 INFO  impl.RaftServerProxy (RaftServerProxy.java:lambda$start$3(299)) - 7f64e164-36f3-4e0a-9859-4318ff6565b2: start RPC server
2019-07-13 19:09:54,788 INFO  server.GrpcService (GrpcService.java:startImpl(149)) - 7f64e164-36f3-4e0a-9859-4318ff6565b2: GrpcService started, listening on 0.0.0.0/0.0.0.0:33380
2019-07-13 19:09:54,789 INFO  ratis.XceiverServerRatis (XceiverServerRatis.java:start(428)) - XceiverServerRatis 7f64e164-36f3-4e0a-9859-4318ff6565b2 is started using port 33380
2019-07-13 19:09:54,789 INFO  server.XceiverServerGrpc (XceiverServerGrpc.java:start(161)) - XceiverServerGrpc 7f64e164-36f3-4e0a-9859-4318ff6565b2 is started using port 35869
2019-07-13 19:09:54,988 INFO  ozoneimpl.OzoneContainer (OzoneContainer.java:start(186)) - Attempting to start container services.
2019-07-13 19:09:54,988 INFO  ozoneimpl.OzoneContainer (OzoneContainer.java:startContainerScrub(160)) - Background container scrubber has been disabled by hdds.containerscrub.enabled
2019-07-13 19:09:54,988 INFO  ratis.XceiverServerRatis (XceiverServerRatis.java:start(418)) - Starting XceiverServerRatis f5533a48-6b01-4d64-bb1b-b6223da53acd at port 0
2019-07-13 19:09:54,996 INFO  impl.RaftServerProxy (RaftServerProxy.java:lambda$start$3(299)) - f5533a48-6b01-4d64-bb1b-b6223da53acd: start RPC server
2019-07-13 19:09:54,997 INFO  server.GrpcService (GrpcService.java:startImpl(149)) - f5533a48-6b01-4d64-bb1b-b6223da53acd: GrpcService started, listening on 0.0.0.0/0.0.0.0:39530
2019-07-13 19:09:54,997 INFO  ratis.XceiverServerRatis (XceiverServerRatis.java:start(428)) - XceiverServerRatis f5533a48-6b01-4d64-bb1b-b6223da53acd is started using port 39530
2019-07-13 19:09:54,998 INFO  server.XceiverServerGrpc (XceiverServerGrpc.java:start(161)) - XceiverServerGrpc f5533a48-6b01-4d64-bb1b-b6223da53acd is started using port 36924
2019-07-13 19:09:55,174 INFO  ozoneimpl.OzoneContainer (OzoneContainer.java:start(186)) - Attempting to start container services.
2019-07-13 19:09:55,174 INFO  ozoneimpl.OzoneContainer (OzoneContainer.java:startContainerScrub(160)) - Background container scrubber has been disabled by hdds.containerscrub.enabled
2019-07-13 19:09:55,174 INFO  ratis.XceiverServerRatis (XceiverServerRatis.java:start(418)) - Starting XceiverServerRatis f4c32484-3cd8-4afd-99dc-3cdc56363316 at port 0
2019-07-13 19:09:55,182 INFO  impl.RaftServerProxy (RaftServerProxy.java:lambda$start$3(299)) - f4c32484-3cd8-4afd-99dc-3cdc56363316: start RPC server
2019-07-13 19:09:55,183 INFO  server.GrpcService (GrpcService.java:startImpl(149)) - f4c32484-3cd8-4afd-99dc-3cdc56363316: GrpcService started, listening on 0.0.0.0/0.0.0.0:39777
2019-07-13 19:09:55,183 INFO  ratis.XceiverServerRatis (XceiverServerRatis.java:start(428)) - XceiverServerRatis f4c32484-3cd8-4afd-99dc-3cdc56363316 is started using port 39777
2019-07-13 19:09:55,184 INFO  server.XceiverServerGrpc (XceiverServerGrpc.java:start(161)) - XceiverServerGrpc f4c32484-3cd8-4afd-99dc-3cdc56363316 is started using port 38003
2019-07-13 19:09:55,339 INFO  ozone.MiniOzoneClusterImpl (MiniOzoneClusterImpl.java:lambda$waitForClusterToBeReady$0(142)) - Waiting for cluster to be ready. Got 0 of 6 DN Heartbeats.
2019-07-13 19:09:55,350 INFO  ozoneimpl.OzoneContainer (OzoneContainer.java:start(186)) - Attempting to start container services.
2019-07-13 19:09:55,351 INFO  ozoneimpl.OzoneContainer (OzoneContainer.java:startContainerScrub(160)) - Background container scrubber has been disabled by hdds.containerscrub.enabled
2019-07-13 19:09:55,351 INFO  ratis.XceiverServerRatis (XceiverServerRatis.java:start(418)) - Starting XceiverServerRatis 87646718-667e-4878-8992-a3dd443fe4fc at port 0
2019-07-13 19:09:55,358 INFO  impl.RaftServerProxy (RaftServerProxy.java:lambda$start$3(299)) - 87646718-667e-4878-8992-a3dd443fe4fc: start RPC server
2019-07-13 19:09:55,359 INFO  server.GrpcService (GrpcService.java:startImpl(149)) - 87646718-667e-4878-8992-a3dd443fe4fc: GrpcService started, listening on 0.0.0.0/0.0.0.0:37862
2019-07-13 19:09:55,359 INFO  ratis.XceiverServerRatis (XceiverServerRatis.java:start(428)) - XceiverServerRatis 87646718-667e-4878-8992-a3dd443fe4fc is started using port 37862
2019-07-13 19:09:55,359 INFO  server.XceiverServerGrpc (XceiverServerGrpc.java:start(161)) - XceiverServerGrpc 87646718-667e-4878-8992-a3dd443fe4fc is started using port 36591
2019-07-13 19:09:56,339 INFO  ozone.MiniOzoneClusterImpl (MiniOzoneClusterImpl.java:lambda$waitForClusterToBeReady$0(142)) - Waiting for cluster to be ready. Got 0 of 6 DN Heartbeats.
2019-07-13 19:09:56,353 INFO  net.NetworkTopology (NetworkTopologyImpl.java:add(110)) - Added a new node: /default-rack/192.168.69.122
2019-07-13 19:09:56,357 INFO  node.SCMNodeManager (SCMNodeManager.java:register(269)) - Registered Data node : 830c9cfb-9e36-4b07-baca-db2ce6def4df{ip: 192.168.69.122, host: trunk-nightly-fxqsz-774976932, networkLocation: /default-rack, certSerialId: null}
2019-07-13 19:09:56,358 INFO  safemode.SCMSafeModeManager (DataNodeSafeModeRule.java:process(71)) - SCM in safe mode. 1 DataNodes registered, 1 required.
2019-07-13 19:09:56,362 INFO  safemode.SCMSafeModeManager (SCMSafeModeManager.java:validateSafeModeExitRules(177)) - ScmSafeModeManager, all rules are successfully validated
2019-07-13 19:09:56,362 INFO  safemode.SCMSafeModeManager (SCMSafeModeManager.java:exitSafeMode(193)) - SCM exiting safe mode.
2019-07-13 19:09:56,375 INFO  impl.RaftServerProxy (RaftServerProxy.java:addNew(89)) - 830c9cfb-9e36-4b07-baca-db2ce6def4df: addNew group-DCF4B8E88C3A:[830c9cfb-9e36-4b07-baca-db2ce6def4df:192.168.69.122:35062] returns group-DCF4B8E88C3A:java.util.concurrent.CompletableFuture@7d5acb31[Not completed]
2019-07-13 19:09:56,376 INFO  impl.RaftServerImpl (RaftServerImpl.java:<init>(93)) - 830c9cfb-9e36-4b07-baca-db2ce6def4df: new RaftServerImpl for group-DCF4B8E88C3A:[830c9cfb-9e36-4b07-baca-db2ce6def4df:192.168.69.122:35062] with ContainerStateMachine:uninitialized
2019-07-13 19:09:56,376 INFO  server.RaftServerConfigKeys (ConfUtils.java:logGet(43)) - raft.server.rpc.timeout.min = 5s (custom)
2019-07-13 19:09:56,376 INFO  server.RaftServerConfigKeys (ConfUtils.java:logGet(43)) - raft.server.rpc.timeout.max = 5200ms (custom)
2019-07-13 19:09:56,377 INFO  server.RaftServerConfigKeys (ConfUtils.java:logGet(43)) - raft.server.rpcslowness.timeout = 120s (custom)
2019-07-13 19:09:56,377 INFO  server.RaftServerConfigKeys (ConfUtils.java:logGet(43)) - raft.server.sleep.deviation.threshold = 300 (default)
2019-07-13 19:09:56,377 INFO  server.RaftServerConfigKeys (ConfUtils.java:logGet(43)) - raft.server.log.appender.install.snapshot.enabled = false (custom)
2019-07-13 19:09:56,377 INFO  impl.RaftServerImpl (ServerState.java:<init>(105)) - 830c9cfb-9e36-4b07-baca-db2ce6def4df:group-DCF4B8E88C3A ConfigurationManager, init=-1: [830c9cfb-9e36-4b07-baca-db2ce6def4df:192.168.69.122:35062], old=null, confs=<EMPTY_MAP>
2019-07-13 19:09:56,377 INFO  server.RaftServerConfigKeys (ConfUtils.java:logGet(43)) - raft.server.storage.dir = [/tmp/workdir/hadoop-ozone/integration-test/target/test-dir/MiniOzoneClusterImpl-136afc4f-b221-466b-9398-6948e7bf56bc/datanode-0/data/ratis] (custom)
2019-07-13 19:09:56,378 INFO  storage.RaftStorageDirectory (RaftStorageDirectory.java:analyzeStorage(246)) - The storage directory /tmp/workdir/hadoop-ozone/integration-test/target/test-dir/MiniOzoneClusterImpl-136afc4f-b221-466b-9398-6948e7bf56bc/datanode-0/data/ratis/ab4ee46c-9e58-4405-8d16-dcf4b8e88c3a does not exist. Creating ...
2019-07-13 19:09:56,391 INFO  storage.RaftStorageDirectory (RaftStorageDirectory.java:tryLock(328)) - Lock on /tmp/workdir/hadoop-ozone/integration-test/target/test-dir/MiniOzoneClusterImpl-136afc4f-b221-466b-9398-6948e7bf56bc/datanode-0/data/ratis/ab4ee46c-9e58-4405-8d16-dcf4b8e88c3a/in_use.lock acquired by nodename 10860@trunk-nightly-fxqsz-774976932
2019-07-13 19:09:56,404 INFO  storage.RaftStorage (RaftStorage.java:format(72)) - Storage directory /tmp/workdir/hadoop-ozone/integration-test/target/test-dir/MiniOzoneClusterImpl-136afc4f-b221-466b-9398-6948e7bf56bc/datanode-0/data/ratis/ab4ee46c-9e58-4405-8d16-dcf4b8e88c3a has been successfully formatted.
2019-07-13 19:09:56,404 INFO  ratis.ContainerStateMachine (ContainerStateMachine.java:loadSnapshot(200)) - The snapshot info is null.Setting the last applied index to:(t:0, i:~)
2019-07-13 19:09:56,404 INFO  server.RaftServerConfigKeys (ConfUtils.java:logGet(43)) - raft.server.leader.election.timeout = 120s (custom)
2019-07-13 19:09:56,405 INFO  server.RaftServerConfigKeys (ConfUtils.java:logGet(43)) - raft.server.log.use.memory = false (default)
2019-07-13 19:09:56,405 INFO  server.RaftServerConfigKeys (ConfUtils.java:logGet(43)) - raft.server.log.purge.gap = 1000000000 (custom)
2019-07-13 19:09:56,405 INFO  server.RaftServerConfigKeys (ConfUtils.java:logGet(43)) - raft.server.log.appender.buffer.byte-limit = 33554432 (custom)
2019-07-13 19:09:56,405 INFO  server.RaftServerConfigKeys (ConfUtils.java:logGet(43)) - raft.server.log.segment.size.max = 1048576 (custom)
2019-07-13 19:09:56,405 INFO  server.RaftServerConfigKeys (ConfUtils.java:logGet(43)) - raft.server.log.segment.cache.num.max = 2 (custom)
2019-07-13 19:09:56,405 INFO  segmented.SegmentedRaftLogWorker (SegmentedRaftLogWorker.java:<init>(172)) - new 830c9cfb-9e36-4b07-baca-db2ce6def4df-SegmentedRaftLogWorker:Storage Directory /tmp/workdir/hadoop-ozone/integration-test/target/test-dir/MiniOzoneClusterImpl-136afc4f-b221-466b-9398-6948e7bf56bc/datanode-0/data/ratis/ab4ee46c-9e58-4405-8d16-dcf4b8e88c3a for RaftStorage:Storage Directory /tmp/workdir/hadoop-ozone/integration-test/target/test-dir/MiniOzoneClusterImpl-136afc4f-b221-466b-9398-6948e7bf56bc/datanode-0/data/ratis/ab4ee46c-9e58-4405-8d16-dcf4b8e88c3a
2019-07-13 19:09:56,406 INFO  server.RaftServerConfigKeys (ConfUtils.java:logGet(43)) - raft.server.log.queue.byte-limit = 2147483647 (custom)
2019-07-13 19:09:56,406 INFO  server.RaftServerConfigKeys (ConfUtils.java:logGet(43)) - raft.server.log.queue.element-limit = 1024 (custom)
2019-07-13 19:09:56,406 INFO  server.RaftServerConfigKeys (ConfUtils.java:logGet(43)) - raft.server.log.segment.size.max = 1048576 (custom)
2019-07-13 19:09:56,406 INFO  server.RaftServerConfigKeys (ConfUtils.java:logGet(43)) - raft.server.log.preallocated.size = 16384 (custom)
2019-07-13 19:09:56,407 INFO  server.RaftServerConfigKeys (ConfUtils.java:logGet(43)) - raft.server.log.write.buffer.size = 33554432 (custom)
2019-07-13 19:09:56,407 INFO  server.RaftServerConfigKeys (ConfUtils.java:logGet(43)) - raft.server.log.force.sync.num = 128 (default)
2019-07-13 19:09:56,407 INFO  server.RaftServerConfigKeys (ConfUtils.java:logGet(43)) - raft.server.log.statemachine.data.sync = true (default)
2019-07-13 19:09:56,407 INFO  server.RaftServerConfigKeys (ConfUtils.java:logGet(43)) - raft.server.log.statemachine.data.sync.timeout = 10s (default)
2019-07-13 19:09:56,407 INFO  server.RaftServerConfigKeys (ConfUtils.java:logGet(43)) - raft.server.log.statemachine.data.sync.timeout.retry = -1 (default)
2019-07-13 19:09:56,408 INFO  server.RaftServerConfigKeys (ConfUtils.java:logGet(43)) - raft.server.log.statemachine.data.caching.enabled = true (custom)
2019-07-13 19:09:56,408 INFO  segmented.SegmentedRaftLogWorker (SegmentedRaftLogWorker.java:lambda$new$0(132)) - 830c9cfb-9e36-4b07-baca-db2ce6def4df-SegmentedRaftLogWorker:Storage Directory /tmp/workdir/hadoop-ozone/integration-test/target/test-dir/MiniOzoneClusterImpl-136afc4f-b221-466b-9398-6948e7bf56bc/datanode-0/data/ratis/ab4ee46c-9e58-4405-8d16-dcf4b8e88c3a: flushIndex: setUnconditionally 0 -> -1
2019-07-13 19:09:56,408 INFO  server.RaftServerConfigKeys (ConfUtils.java:logGet(43)) - raft.server.snapshot.auto.trigger.enabled = true (custom)
2019-07-13 19:09:56,409 INFO  server.RaftServerConfigKeys (ConfUtils.java:logGet(43)) - raft.server.snapshot.auto.trigger.threshold = 10000 (custom)
2019-07-13 19:09:56,409 INFO  server.RaftServerConfigKeys (ConfUtils.java:logGet(43)) - raft.server.retrycache.expirytime = 600000ms (custom)
2019-07-13 19:09:56,409 INFO  impl.RaftServerImpl (RaftServerImpl.java:start(180)) - 830c9cfb-9e36-4b07-baca-db2ce6def4df: start group-DCF4B8E88C3A
2019-07-13 19:09:56,409 INFO  impl.RaftServerImpl (RaftServerImpl.java:setRole(171)) - 830c9cfb-9e36-4b07-baca-db2ce6def4df:group-DCF4B8E88C3A changes role from null to FOLLOWER at term 0 for startAsFollower
2019-07-13 19:09:56,409 INFO  impl.RoleInfo (RoleInfo.java:updateAndGet(143)) - 830c9cfb-9e36-4b07-baca-db2ce6def4df: start FollowerState
2019-07-13 19:09:56,410 INFO  util.JmxRegister (JmxRegister.java:tryRegister(44)) - Successfully registered JMX Bean with object name Ratis:service=RaftServer,group=group-DCF4B8E88C3A,id=830c9cfb-9e36-4b07-baca-db2ce6def4df
2019-07-13 19:09:56,413 INFO  pipeline.PipelineStateManager (PipelineStateManager.java:addPipeline(56)) - Created pipeline Pipeline[ Id: ab4ee46c-9e58-4405-8d16-dcf4b8e88c3a, Nodes: 830c9cfb-9e36-4b07-baca-db2ce6def4df{ip: 192.168.69.122, host: trunk-nightly-fxqsz-774976932, networkLocation: /default-rack, certSerialId: null}, Type:RATIS, Factor:ONE, State:OPEN]
2019-07-13 19:09:56,547 INFO  node.SCMNodeManager (SCMNodeManager.java:register(269)) - Registered Data node : fec82ebc-a9e9-48a9-8e9b-efd2a640e840{ip: 192.168.69.122, host: trunk-nightly-fxqsz-774976932, networkLocation: /default-rack, certSerialId: null}
2019-07-13 19:09:56,581 INFO  impl.RaftServerProxy (RaftServerProxy.java:addNew(89)) - fec82ebc-a9e9-48a9-8e9b-efd2a640e840: addNew group-3C1EBDFFE1C8:[fec82ebc-a9e9-48a9-8e9b-efd2a640e840:192.168.69.122:39476] returns group-3C1EBDFFE1C8:java.util.concurrent.CompletableFuture@3db80053[Not completed]
2019-07-13 19:09:56,582 INFO  impl.RaftServerImpl (RaftServerImpl.java:<init>(93)) - fec82ebc-a9e9-48a9-8e9b-efd2a640e840: new RaftServerImpl for group-3C1EBDFFE1C8:[fec82ebc-a9e9-48a9-8e9b-efd2a640e840:192.168.69.122:39476] with ContainerStateMachine:uninitialized
2019-07-13 19:09:56,583 INFO  server.RaftServerConfigKeys (ConfUtils.java:logGet(43)) - raft.server.rpc.timeout.min = 5s (custom)
2019-07-13 19:09:56,583 INFO  server.RaftServerConfigKeys (ConfUtils.java:logGet(43)) - raft.server.rpc.timeout.max = 5200ms (custom)
2019-07-13 19:09:56,583 INFO  server.RaftServerConfigKeys (ConfUtils.java:logGet(43)) - raft.server.rpcslowness.timeout = 120s (custom)
2019-07-13 19:09:56,583 INFO  server.RaftServerConfigKeys (ConfUtils.java:logGet(43)) - raft.server.sleep.deviation.threshold = 300 (default)
2019-07-13 19:09:56,583 INFO  server.RaftServerConfigKeys (ConfUtils.java:logGet(43)) - raft.server.log.appender.install.snapshot.enabled = false (custom)
2019-07-13 19:09:56,583 INFO  impl.RaftServerImpl (ServerState.java:<init>(105)) - fec82ebc-a9e9-48a9-8e9b-efd2a640e840:group-3C1EBDFFE1C8 ConfigurationManager, init=-1: [fec82ebc-a9e9-48a9-8e9b-efd2a640e840:192.168.69.122:39476], old=null, confs=<EMPTY_MAP>
2019-07-13 19:09:56,584 INFO  server.RaftServerConfigKeys (ConfUtils.java:logGet(43)) - raft.server.storage.dir = [/tmp/workdir/hadoop-ozone/integration-test/target/test-dir/MiniOzoneClusterImpl-136afc4f-b221-466b-9398-6948e7bf56bc/datanode-1/data/ratis] (custom)
2019-07-13 19:09:56,584 INFO  storage.RaftStorageDirectory (RaftStorageDirectory.java:analyzeStorage(246)) - The storage directory /tmp/workdir/hadoop-ozone/integration-test/target/test-dir/MiniOzoneClusterImpl-136afc4f-b221-466b-9398-6948e7bf56bc/datanode-1/data/ratis/e5ad3230-badf-4cd9-9531-3c1ebdffe1c8 does not exist. Creating ...
2019-07-13 19:09:56,597 INFO  storage.RaftStorageDirectory (RaftStorageDirectory.java:tryLock(328)) - Lock on /tmp/workdir/hadoop-ozone/integration-test/target/test-dir/MiniOzoneClusterImpl-136afc4f-b221-466b-9398-6948e7bf56bc/datanode-1/data/ratis/e5ad3230-badf-4cd9-9531-3c1ebdffe1c8/in_use.lock acquired by nodename 10860@trunk-nightly-fxqsz-774976932
2019-07-13 19:09:56,611 INFO  storage.RaftStorage (RaftStorage.java:format(72)) - Storage directory /tmp/workdir/hadoop-ozone/integration-test/target/test-dir/MiniOzoneClusterImpl-136afc4f-b221-466b-9398-6948e7bf56bc/datanode-1/data/ratis/e5ad3230-badf-4cd9-9531-3c1ebdffe1c8 has been successfully formatted.
2019-07-13 19:09:56,611 INFO  ratis.ContainerStateMachine (ContainerStateMachine.java:loadSnapshot(200)) - The snapshot info is null.Setting the last applied index to:(t:0, i:~)
2019-07-13 19:09:56,611 INFO  server.RaftServerConfigKeys (ConfUtils.java:logGet(43)) - raft.server.leader.election.timeout = 120s (custom)
2019-07-13 19:09:56,611 INFO  server.RaftServerConfigKeys (ConfUtils.java:logGet(43)) - raft.server.log.use.memory = false (default)
2019-07-13 19:09:56,611 INFO  server.RaftServerConfigKeys (ConfUtils.java:logGet(43)) - raft.server.log.purge.gap = 1000000000 (custom)
2019-07-13 19:09:56,611 INFO  server.RaftServerConfigKeys (ConfUtils.java:logGet(43)) - raft.server.log.appender.buffer.byte-limit = 33554432 (custom)
2019-07-13 19:09:56,612 INFO  server.RaftServerConfigKeys (ConfUtils.java:logGet(43)) - raft.server.log.segment.size.max = 1048576 (custom)
2019-07-13 19:09:56,612 INFO  server.RaftServerConfigKeys (ConfUtils.java:logGet(43)) - raft.server.log.segment.cache.num.max = 2 (custom)
2019-07-13 19:09:56,612 INFO  segmented.SegmentedRaftLogWorker (SegmentedRaftLogWorker.java:<init>(172)) - new fec82ebc-a9e9-48a9-8e9b-efd2a640e840-SegmentedRaftLogWorker:Storage Directory /tmp/workdir/hadoop-ozone/integration-test/target/test-dir/MiniOzoneClusterImpl-136afc4f-b221-466b-9398-6948e7bf56bc/datanode-1/data/ratis/e5ad3230-badf-4cd9-9531-3c1ebdffe1c8 for RaftStorage:Storage Directory /tmp/workdir/hadoop-ozone/integration-test/target/test-dir/MiniOzoneClusterImpl-136afc4f-b221-466b-9398-6948e7bf56bc/datanode-1/data/ratis/e5ad3230-badf-4cd9-9531-3c1ebdffe1c8
2019-07-13 19:09:56,612 INFO  server.RaftServerConfigKeys (ConfUtils.java:logGet(43)) - raft.server.log.queue.byte-limit = 2147483647 (custom)
2019-07-13 19:09:56,612 INFO  server.RaftServerConfigKeys (ConfUtils.java:logGet(43)) - raft.server.log.queue.element-limit = 1024 (custom)
2019-07-13 19:09:56,613 INFO  server.RaftServerConfigKeys (ConfUtils.java:logGet(43)) - raft.server.log.segment.size.max = 1048576 (custom)
2019-07-13 19:09:56,613 INFO  server.RaftServerConfigKeys (ConfUtils.java:logGet(43)) - raft.server.log.preallocated.size = 16384 (custom)
2019-07-13 19:09:56,613 INFO  server.RaftServerConfigKeys (ConfUtils.java:logGet(43)) - raft.server.log.write.buffer.size = 33554432 (custom)
2019-07-13 19:09:56,613 INFO  server.RaftServerConfigKeys (ConfUtils.java:logGet(43)) - raft.server.log.force.sync.num = 128 (default)
2019-07-13 19:09:56,613 INFO  server.RaftServerConfigKeys (ConfUtils.java:logGet(43)) - raft.server.log.statemachine.data.sync = true (default)
2019-07-13 19:09:56,613 INFO  server.RaftServerConfigKeys (ConfUtils.java:logGet(43)) - raft.server.log.statemachine.data.sync.timeout = 10s (default)
2019-07-13 19:09:56,614 INFO  server.RaftServerConfigKeys (ConfUtils.java:logGet(43)) - raft.server.log.statemachine.data.sync.timeout.retry = -1 (default)
2019-07-13 19:09:56,614 INFO  server.RaftServerConfigKeys (ConfUtils.java:logGet(43)) - raft.server.log.statemachine.data.caching.enabled = true (custom)
2019-07-13 19:09:56,614 INFO  segmented.SegmentedRaftLogWorker (SegmentedRaftLogWorker.java:lambda$new$0(132)) - fec82ebc-a9e9-48a9-8e9b-efd2a640e840-SegmentedRaftLogWorker:Storage Directory /tmp/workdir/hadoop-ozone/integration-test/target/test-dir/MiniOzoneClusterImpl-136afc4f-b221-466b-9398-6948e7bf56bc/datanode-1/data/ratis/e5ad3230-badf-4cd9-9531-3c1ebdffe1c8: flushIndex: setUnconditionally 0 -> -1
2019-07-13 19:09:56,615 INFO  server.RaftServerConfigKeys (ConfUtils.java:logGet(43)) - raft.server.snapshot.auto.trigger.enabled = true (custom)
2019-07-13 19:09:56,615 INFO  server.RaftServerConfigKeys (ConfUtils.java:logGet(43)) - raft.server.snapshot.auto.trigger.threshold = 10000 (custom)
2019-07-13 19:09:56,615 INFO  server.RaftServerConfigKeys (ConfUtils.java:logGet(43)) - raft.server.retrycache.expirytime = 600000ms (custom)
2019-07-13 19:09:56,615 INFO  impl.RaftServerImpl (RaftServerImpl.java:start(180)) - fec82ebc-a9e9-48a9-8e9b-efd2a640e840: start group-3C1EBDFFE1C8
2019-07-13 19:09:56,615 INFO  impl.RaftServerImpl (RaftServerImpl.java:setRole(171)) - fec82ebc-a9e9-48a9-8e9b-efd2a640e840:group-3C1EBDFFE1C8 changes role from null to FOLLOWER at term 0 for startAsFollower
2019-07-13 19:09:56,615 INFO  impl.RoleInfo (RoleInfo.java:updateAndGet(143)) - fec82ebc-a9e9-48a9-8e9b-efd2a640e840: start FollowerState
2019-07-13 19:09:56,616 INFO  util.JmxRegister (JmxRegister.java:tryRegister(44)) - Successfully registered JMX Bean with object name Ratis:service=RaftServer,group=group-3C1EBDFFE1C8,id=fec82ebc-a9e9-48a9-8e9b-efd2a640e840
2019-07-13 19:09:56,619 INFO  pipeline.PipelineStateManager (PipelineStateManager.java:addPipeline(56)) - Created pipeline Pipeline[ Id: e5ad3230-badf-4cd9-9531-3c1ebdffe1c8, Nodes: fec82ebc-a9e9-48a9-8e9b-efd2a640e840{ip: 192.168.69.122, host: trunk-nightly-fxqsz-774976932, networkLocation: /default-rack, certSerialId: null}, Type:RATIS, Factor:ONE, State:OPEN]
2019-07-13 19:09:56,762 INFO  node.SCMNodeManager (SCMNodeManager.java:register(269)) - Registered Data node : 7f64e164-36f3-4e0a-9859-4318ff6565b2{ip: 192.168.69.122, host: trunk-nightly-fxqsz-774976932, networkLocation: /default-rack, certSerialId: null}
2019-07-13 19:09:56,779 INFO  impl.RaftServerProxy (RaftServerProxy.java:addNew(89)) - 7f64e164-36f3-4e0a-9859-4318ff6565b2: addNew group-4EFCBADF2F6F:[7f64e164-36f3-4e0a-9859-4318ff6565b2:192.168.69.122:33380] returns group-4EFCBADF2F6F:java.util.concurrent.CompletableFuture@2088cb61[Not completed]
2019-07-13 19:09:56,780 INFO  impl.RaftServerImpl (RaftServerImpl.java:<init>(93)) - 7f64e164-36f3-4e0a-9859-4318ff6565b2: new RaftServerImpl for group-4EFCBADF2F6F:[7f64e164-36f3-4e0a-9859-4318ff6565b2:192.168.69.122:33380] with ContainerStateMachine:uninitialized
2019-07-13 19:09:56,781 INFO  server.RaftServerConfigKeys (ConfUtils.java:logGet(43)) - raft.server.rpc.timeout.min = 5s (custom)
2019-07-13 19:09:56,781 INFO  server.RaftServerConfigKeys (ConfUtils.java:logGet(43)) - raft.server.rpc.timeout.max = 5200ms (custom)
2019-07-13 19:09:56,781 INFO  server.RaftServerConfigKeys (ConfUtils.java:logGet(43)) - raft.server.rpcslowness.timeout = 120s (custom)
2019-07-13 19:09:56,781 INFO  server.RaftServerConfigKeys (ConfUtils.java:logGet(43)) - raft.server.sleep.deviation.threshold = 300 (default)
2019-07-13 19:09:56,781 INFO  server.RaftServerConfigKeys (ConfUtils.java:logGet(43)) - raft.server.log.appender.install.snapshot.enabled = false (custom)
2019-07-13 19:09:56,781 INFO  impl.RaftServerImpl (ServerState.java:<init>(105)) - 7f64e164-36f3-4e0a-9859-4318ff6565b2:group-4EFCBADF2F6F ConfigurationManager, init=-1: [7f64e164-36f3-4e0a-9859-4318ff6565b2:192.168.69.122:33380], old=null, confs=<EMPTY_MAP>
2019-07-13 19:09:56,781 INFO  server.RaftServerConfigKeys (ConfUtils.java:logGet(43)) - raft.server.storage.dir = [/tmp/workdir/hadoop-ozone/integration-test/target/test-dir/MiniOzoneClusterImpl-136afc4f-b221-466b-9398-6948e7bf56bc/datanode-2/data/ratis] (custom)
2019-07-13 19:09:56,782 INFO  storage.RaftStorageDirectory (RaftStorageDirectory.java:analyzeStorage(246)) - The storage directory /tmp/workdir/hadoop-ozone/integration-test/target/test-dir/MiniOzoneClusterImpl-136afc4f-b221-466b-9398-6948e7bf56bc/datanode-2/data/ratis/3e1e0329-cb7b-4595-8f03-4efcbadf2f6f does not exist. Creating ...
2019-07-13 19:09:56,795 INFO  storage.RaftStorageDirectory (RaftStorageDirectory.java:tryLock(328)) - Lock on /tmp/workdir/hadoop-ozone/integration-test/target/test-dir/MiniOzoneClusterImpl-136afc4f-b221-466b-9398-6948e7bf56bc/datanode-2/data/ratis/3e1e0329-cb7b-4595-8f03-4efcbadf2f6f/in_use.lock acquired by nodename 10860@trunk-nightly-fxqsz-774976932
2019-07-13 19:09:56,808 INFO  storage.RaftStorage (RaftStorage.java:format(72)) - Storage directory /tmp/workdir/hadoop-ozone/integration-test/target/test-dir/MiniOzoneClusterImpl-136afc4f-b221-466b-9398-6948e7bf56bc/datanode-2/data/ratis/3e1e0329-cb7b-4595-8f03-4efcbadf2f6f has been successfully formatted.
2019-07-13 19:09:56,809 INFO  ratis.ContainerStateMachine (ContainerStateMachine.java:loadSnapshot(200)) - The snapshot info is null.Setting the last applied index to:(t:0, i:~)
2019-07-13 19:09:56,809 INFO  server.RaftServerConfigKeys (ConfUtils.java:logGet(43)) - raft.server.leader.election.timeout = 120s (custom)
2019-07-13 19:09:56,809 INFO  server.RaftServerConfigKeys (ConfUtils.java:logGet(43)) - raft.server.log.use.memory = false (default)
2019-07-13 19:09:56,809 INFO  server.RaftServerConfigKeys (ConfUtils.java:logGet(43)) - raft.server.log.purge.gap = 1000000000 (custom)
2019-07-13 19:09:56,809 INFO  server.RaftServerConfigKeys (ConfUtils.java:logGet(43)) - raft.server.log.appender.buffer.byte-limit = 33554432 (custom)
2019-07-13 19:09:56,809 INFO  server.RaftServerConfigKeys (ConfUtils.java:logGet(43)) - raft.server.log.segment.size.max = 1048576 (custom)
2019-07-13 19:09:56,810 INFO  server.RaftServerConfigKeys (ConfUtils.java:logGet(43)) - raft.server.log.segment.cache.num.max = 2 (custom)
2019-07-13 19:09:56,810 INFO  segmented.SegmentedRaftLogWorker (SegmentedRaftLogWorker.java:<init>(172)) - new 7f64e164-36f3-4e0a-9859-4318ff6565b2-SegmentedRaftLogWorker:Storage Directory /tmp/workdir/hadoop-ozone/integration-test/target/test-dir/MiniOzoneClusterImpl-136afc4f-b221-466b-9398-6948e7bf56bc/datanode-2/data/ratis/3e1e0329-cb7b-4595-8f03-4efcbadf2f6f for RaftStorage:Storage Directory /tmp/workdir/hadoop-ozone/integration-test/target/test-dir/MiniOzoneClusterImpl-136afc4f-b221-466b-9398-6948e7bf56bc/datanode-2/data/ratis/3e1e0329-cb7b-4595-8f03-4efcbadf2f6f
2019-07-13 19:09:56,810 INFO  server.RaftServerConfigKeys (ConfUtils.java:logGet(43)) - raft.server.log.queue.byte-limit = 2147483647 (custom)
2019-07-13 19:09:56,810 INFO  server.RaftServerConfigKeys (ConfUtils.java:logGet(43)) - raft.server.log.queue.element-limit = 1024 (custom)
2019-07-13 19:09:56,810 INFO  server.RaftServerConfigKeys (ConfUtils.java:logGet(43)) - raft.server.log.segment.size.max = 1048576 (custom)
2019-07-13 19:09:56,811 INFO  server.RaftServerConfigKeys (ConfUtils.java:logGet(43)) - raft.server.log.preallocated.size = 16384 (custom)
2019-07-13 19:09:56,811 INFO  server.RaftServerConfigKeys (ConfUtils.java:logGet(43)) - raft.server.log.write.buffer.size = 33554432 (custom)
2019-07-13 19:09:56,811 INFO  server.RaftServerConfigKeys (ConfUtils.java:logGet(43)) - raft.server.log.force.sync.num = 128 (default)
2019-07-13 19:09:56,811 INFO  server.RaftServerConfigKeys (ConfUtils.java:logGet(43)) - raft.server.log.statemachine.data.sync = true (default)
2019-07-13 19:09:56,811 INFO  server.RaftServerConfigKeys (ConfUtils.java:logGet(43)) - raft.server.log.statemachine.data.sync.timeout = 10s (default)
2019-07-13 19:09:56,811 INFO  server.RaftServerConfigKeys (ConfUtils.java:logGet(43)) - raft.server.log.statemachine.data.sync.timeout.retry = -1 (default)
2019-07-13 19:09:56,812 INFO  server.RaftServerConfigKeys (ConfUtils.java:logGet(43)) - raft.server.log.statemachine.data.caching.enabled = true (custom)
2019-07-13 19:09:56,812 INFO  segmented.SegmentedRaftLogWorker (SegmentedRaftLogWorker.java:lambda$new$0(132)) - 7f64e164-36f3-4e0a-9859-4318ff6565b2-SegmentedRaftLogWorker:Storage Directory /tmp/workdir/hadoop-ozone/integration-test/target/test-dir/MiniOzoneClusterImpl-136afc4f-b221-466b-9398-6948e7bf56bc/datanode-2/data/ratis/3e1e0329-cb7b-4595-8f03-4efcbadf2f6f: flushIndex: setUnconditionally 0 -> -1
2019-07-13 19:09:56,812 INFO  server.RaftServerConfigKeys (ConfUtils.java:logGet(43)) - raft.server.snapshot.auto.trigger.enabled = true (custom)
2019-07-13 19:09:56,813 INFO  server.RaftServerConfigKeys (ConfUtils.java:logGet(43)) - raft.server.snapshot.auto.trigger.threshold = 10000 (custom)
2019-07-13 19:09:56,813 INFO  server.RaftServerConfigKeys (ConfUtils.java:logGet(43)) - raft.server.retrycache.expirytime = 600000ms (custom)
2019-07-13 19:09:56,813 INFO  impl.RaftServerImpl (RaftServerImpl.java:start(180)) - 7f64e164-36f3-4e0a-9859-4318ff6565b2: start group-4EFCBADF2F6F
2019-07-13 19:09:56,813 INFO  impl.RaftServerImpl (RaftServerImpl.java:setRole(171)) - 7f64e164-36f3-4e0a-9859-4318ff6565b2:group-4EFCBADF2F6F changes role from null to FOLLOWER at term 0 for startAsFollower
2019-07-13 19:09:56,813 INFO  impl.RoleInfo (RoleInfo.java:updateAndGet(143)) - 7f64e164-36f3-4e0a-9859-4318ff6565b2: start FollowerState
2019-07-13 19:09:56,814 INFO  util.JmxRegister (JmxRegister.java:tryRegister(44)) - Successfully registered JMX Bean with object name Ratis:service=RaftServer,group=group-4EFCBADF2F6F,id=7f64e164-36f3-4e0a-9859-4318ff6565b2
2019-07-13 19:09:56,816 INFO  pipeline.PipelineStateManager (PipelineStateManager.java:addPipeline(56)) - Created pipeline Pipeline[ Id: 3e1e0329-cb7b-4595-8f03-4efcbadf2f6f, Nodes: 7f64e164-36f3-4e0a-9859-4318ff6565b2{ip: 192.168.69.122, host: trunk-nightly-fxqsz-774976932, networkLocation: /default-rack, certSerialId: null}, Type:RATIS, Factor:ONE, State:OPEN]
2019-07-13 19:09:56,840 INFO  impl.RaftServerProxy (RaftServerProxy.java:addNew(89)) - fec82ebc-a9e9-48a9-8e9b-efd2a640e840: addNew group-92D9FFD2B499:[fec82ebc-a9e9-48a9-8e9b-efd2a640e840:192.168.69.122:39476, 7f64e164-36f3-4e0a-9859-4318ff6565b2:192.168.69.122:33380, 830c9cfb-9e36-4b07-baca-db2ce6def4df:192.168.69.122:35062] returns group-92D9FFD2B499:java.util.concurrent.CompletableFuture@4688444f[Not completed]
2019-07-13 19:09:56,840 INFO  impl.RaftServerProxy (RaftServerProxy.java:addNew(89)) - 7f64e164-36f3-4e0a-9859-4318ff6565b2: addNew group-92D9FFD2B499:[fec82ebc-a9e9-48a9-8e9b-efd2a640e840:192.168.69.122:39476, 7f64e164-36f3-4e0a-9859-4318ff6565b2:192.168.69.122:33380, 830c9cfb-9e36-4b07-baca-db2ce6def4df:192.168.69.122:35062] returns group-92D9FFD2B499:java.util.concurrent.CompletableFuture@765375fd[Not completed]
2019-07-13 19:09:56,840 INFO  impl.RaftServerProxy (RaftServerProxy.java:addNew(89)) - 830c9cfb-9e36-4b07-baca-db2ce6def4df: addNew group-92D9FFD2B499:[fec82ebc-a9e9-48a9-8e9b-efd2a640e840:192.168.69.122:39476, 7f64e164-36f3-4e0a-9859-4318ff6565b2:192.168.69.122:33380, 830c9cfb-9e36-4b07-baca-db2ce6def4df:192.168.69.122:35062] returns group-92D9FFD2B499:java.util.concurrent.CompletableFuture@49f72d63[Not completed]
2019-07-13 19:09:56,841 INFO  impl.RaftServerImpl (RaftServerImpl.java:<init>(93)) - fec82ebc-a9e9-48a9-8e9b-efd2a640e840: new RaftServerImpl for group-92D9FFD2B499:[fec82ebc-a9e9-48a9-8e9b-efd2a640e840:192.168.69.122:39476, 7f64e164-36f3-4e0a-9859-4318ff6565b2:192.168.69.122:33380, 830c9cfb-9e36-4b07-baca-db2ce6def4df:192.168.69.122:35062] with ContainerStateMachine:uninitialized
2019-07-13 19:09:56,841 INFO  server.RaftServerConfigKeys (ConfUtils.java:logGet(43)) - raft.server.rpc.timeout.min = 5s (custom)
2019-07-13 19:09:56,841 INFO  server.RaftServerConfigKeys (ConfUtils.java:logGet(43)) - raft.server.rpc.timeout.max = 5200ms (custom)
2019-07-13 19:09:56,841 INFO  server.RaftServerConfigKeys (ConfUtils.java:logGet(43)) - raft.server.rpcslowness.timeout = 120s (custom)
2019-07-13 19:09:56,841 INFO  server.RaftServerConfigKeys (ConfUtils.java:logGet(43)) - raft.server.sleep.deviation.threshold = 300 (default)
2019-07-13 19:09:56,841 INFO  impl.RaftServerImpl (RaftServerImpl.java:<init>(93)) - 7f64e164-36f3-4e0a-9859-4318ff6565b2: new RaftServerImpl for group-92D9FFD2B499:[fec82ebc-a9e9-48a9-8e9b-efd2a640e840:192.168.69.122:39476, 7f64e164-36f3-4e0a-9859-4318ff6565b2:192.168.69.122:33380, 830c9cfb-9e36-4b07-baca-db2ce6def4df:192.168.69.122:35062] with ContainerStateMachine:uninitialized
2019-07-13 19:09:56,841 INFO  server.RaftServerConfigKeys (ConfUtils.java:logGet(43)) - raft.server.log.appender.install.snapshot.enabled = false (custom)
2019-07-13 19:09:56,842 INFO  server.RaftServerConfigKeys (ConfUtils.java:logGet(43)) - raft.server.rpc.timeout.min = 5s (custom)
2019-07-13 19:09:56,842 INFO  impl.RaftServerImpl (ServerState.java:<init>(105)) - fec82ebc-a9e9-48a9-8e9b-efd2a640e840:group-92D9FFD2B499 ConfigurationManager, init=-1: [fec82ebc-a9e9-48a9-8e9b-efd2a640e840:192.168.69.122:39476, 7f64e164-36f3-4e0a-9859-4318ff6565b2:192.168.69.122:33380, 830c9cfb-9e36-4b07-baca-db2ce6def4df:192.168.69.122:35062], old=null, confs=<EMPTY_MAP>
2019-07-13 19:09:56,842 INFO  impl.RaftServerImpl (RaftServerImpl.java:<init>(93)) - 830c9cfb-9e36-4b07-baca-db2ce6def4df: new RaftServerImpl for group-92D9FFD2B499:[fec82ebc-a9e9-48a9-8e9b-efd2a640e840:192.168.69.122:39476, 7f64e164-36f3-4e0a-9859-4318ff6565b2:192.168.69.122:33380, 830c9cfb-9e36-4b07-baca-db2ce6def4df:192.168.69.122:35062] with ContainerStateMachine:uninitialized
2019-07-13 19:09:56,842 INFO  server.RaftServerConfigKeys (ConfUtils.java:logGet(43)) - raft.server.rpc.timeout.max = 5200ms (custom)
2019-07-13 19:09:56,842 INFO  server.RaftServerConfigKeys (ConfUtils.java:logGet(43)) - raft.server.rpc.timeout.min = 5s (custom)
2019-07-13 19:09:56,843 INFO  server.RaftServerConfigKeys (ConfUtils.java:logGet(43)) - raft.server.rpc.timeout.max = 5200ms (custom)
2019-07-13 19:09:56,842 INFO  server.RaftServerConfigKeys (ConfUtils.java:logGet(43)) - raft.server.storage.dir = [/tmp/workdir/hadoop-ozone/integration-test/target/test-dir/MiniOzoneClusterImpl-136afc4f-b221-466b-9398-6948e7bf56bc/datanode-1/data/ratis] (custom)
2019-07-13 19:09:56,843 INFO  server.RaftServerConfigKeys (ConfUtils.java:logGet(43)) - raft.server.rpcslowness.timeout = 120s (custom)
2019-07-13 19:09:56,843 INFO  server.RaftServerConfigKeys (ConfUtils.java:logGet(43)) - raft.server.sleep.deviation.threshold = 300 (default)
2019-07-13 19:09:56,842 INFO  server.RaftServerConfigKeys (ConfUtils.java:logGet(43)) - raft.server.rpcslowness.timeout = 120s (custom)
2019-07-13 19:09:56,843 INFO  server.RaftServerConfigKeys (ConfUtils.java:logGet(43)) - raft.server.log.appender.install.snapshot.enabled = false (custom)
2019-07-13 19:09:56,843 INFO  storage.RaftStorageDirectory (RaftStorageDirectory.java:analyzeStorage(246)) - The storage directory /tmp/workdir/hadoop-ozone/integration-test/target/test-dir/MiniOzoneClusterImpl-136afc4f-b221-466b-9398-6948e7bf56bc/datanode-1/data/ratis/ec4dc071-a4c0-44b2-b2e7-92d9ffd2b499 does not exist. Creating ...
2019-07-13 19:09:56,844 INFO  impl.RaftServerImpl (ServerState.java:<init>(105)) - 830c9cfb-9e36-4b07-baca-db2ce6def4df:group-92D9FFD2B499 ConfigurationManager, init=-1: [fec82ebc-a9e9-48a9-8e9b-efd2a640e840:192.168.69.122:39476, 7f64e164-36f3-4e0a-9859-4318ff6565b2:192.168.69.122:33380, 830c9cfb-9e36-4b07-baca-db2ce6def4df:192.168.69.122:35062], old=null, confs=<EMPTY_MAP>
2019-07-13 19:09:56,843 INFO  server.RaftServerConfigKeys (ConfUtils.java:logGet(43)) - raft.server.sleep.deviation.threshold = 300 (default)
2019-07-13 19:09:56,844 INFO  server.RaftServerConfigKeys (ConfUtils.java:logGet(43)) - raft.server.storage.dir = [/tmp/workdir/hadoop-ozone/integration-test/target/test-dir/MiniOzoneClusterImpl-136afc4f-b221-466b-9398-6948e7bf56bc/datanode-0/data/ratis] (custom)
2019-07-13 19:09:56,844 INFO  server.RaftServerConfigKeys (ConfUtils.java:logGet(43)) - raft.server.log.appender.install.snapshot.enabled = false (custom)
2019-07-13 19:09:56,845 INFO  impl.RaftServerImpl (ServerState.java:<init>(105)) - 7f64e164-36f3-4e0a-9859-4318ff6565b2:group-92D9FFD2B499 ConfigurationManager, init=-1: [fec82ebc-a9e9-48a9-8e9b-efd2a640e840:192.168.69.122:39476, 7f64e164-36f3-4e0a-9859-4318ff6565b2:192.168.69.122:33380, 830c9cfb-9e36-4b07-baca-db2ce6def4df:192.168.69.122:35062], old=null, confs=<EMPTY_MAP>
2019-07-13 19:09:56,845 INFO  storage.RaftStorageDirectory (RaftStorageDirectory.java:analyzeStorage(246)) - The storage directory /tmp/workdir/hadoop-ozone/integration-test/target/test-dir/MiniOzoneClusterImpl-136afc4f-b221-466b-9398-6948e7bf56bc/datanode-0/data/ratis/ec4dc071-a4c0-44b2-b2e7-92d9ffd2b499 does not exist. Creating ...
2019-07-13 19:09:56,845 INFO  server.RaftServerConfigKeys (ConfUtils.java:logGet(43)) - raft.server.storage.dir = [/tmp/workdir/hadoop-ozone/integration-test/target/test-dir/MiniOzoneClusterImpl-136afc4f-b221-466b-9398-6948e7bf56bc/datanode-2/data/ratis] (custom)
2019-07-13 19:09:56,845 INFO  storage.RaftStorageDirectory (RaftStorageDirectory.java:analyzeStorage(246)) - The storage directory /tmp/workdir/hadoop-ozone/integration-test/target/test-dir/MiniOzoneClusterImpl-136afc4f-b221-466b-9398-6948e7bf56bc/datanode-2/data/ratis/ec4dc071-a4c0-44b2-b2e7-92d9ffd2b499 does not exist. Creating ...
2019-07-13 19:09:56,857 INFO  storage.RaftStorageDirectory (RaftStorageDirectory.java:tryLock(328)) - Lock on /tmp/workdir/hadoop-ozone/integration-test/target/test-dir/MiniOzoneClusterImpl-136afc4f-b221-466b-9398-6948e7bf56bc/datanode-0/data/ratis/ec4dc071-a4c0-44b2-b2e7-92d9ffd2b499/in_use.lock acquired by nodename 10860@trunk-nightly-fxqsz-774976932
2019-07-13 19:09:56,857 INFO  storage.RaftStorageDirectory (RaftStorageDirectory.java:tryLock(328)) - Lock on /tmp/workdir/hadoop-ozone/integration-test/target/test-dir/MiniOzoneClusterImpl-136afc4f-b221-466b-9398-6948e7bf56bc/datanode-1/data/ratis/ec4dc071-a4c0-44b2-b2e7-92d9ffd2b499/in_use.lock acquired by nodename 10860@trunk-nightly-fxqsz-774976932
2019-07-13 19:09:56,857 INFO  storage.RaftStorageDirectory (RaftStorageDirectory.java:tryLock(328)) - Lock on /tmp/workdir/hadoop-ozone/integration-test/target/test-dir/MiniOzoneClusterImpl-136afc4f-b221-466b-9398-6948e7bf56bc/datanode-2/data/ratis/ec4dc071-a4c0-44b2-b2e7-92d9ffd2b499/in_use.lock acquired by nodename 10860@trunk-nightly-fxqsz-774976932
2019-07-13 19:09:56,872 INFO  storage.RaftStorage (RaftStorage.java:format(72)) - Storage directory /tmp/workdir/hadoop-ozone/integration-test/target/test-dir/MiniOzoneClusterImpl-136afc4f-b221-466b-9398-6948e7bf56bc/datanode-0/data/ratis/ec4dc071-a4c0-44b2-b2e7-92d9ffd2b499 has been successfully formatted.
2019-07-13 19:09:56,872 INFO  storage.RaftStorage (RaftStorage.java:format(72)) - Storage directory /tmp/workdir/hadoop-ozone/integration-test/target/test-dir/MiniOzoneClusterImpl-136afc4f-b221-466b-9398-6948e7bf56bc/datanode-2/data/ratis/ec4dc071-a4c0-44b2-b2e7-92d9ffd2b499 has been successfully formatted.
2019-07-13 19:09:56,872 INFO  storage.RaftStorage (RaftStorage.java:format(72)) - Storage directory /tmp/workdir/hadoop-ozone/integration-test/target/test-dir/MiniOzoneClusterImpl-136afc4f-b221-466b-9398-6948e7bf56bc/datanode-1/data/ratis/ec4dc071-a4c0-44b2-b2e7-92d9ffd2b499 has been successfully formatted.
2019-07-13 19:09:56,872 INFO  ratis.ContainerStateMachine (ContainerStateMachine.java:loadSnapshot(200)) - The snapshot info is null.Setting the last applied index to:(t:0, i:~)
2019-07-13 19:09:56,872 INFO  ratis.ContainerStateMachine (ContainerStateMachine.java:loadSnapshot(200)) - The snapshot info is null.Setting the last applied index to:(t:0, i:~)
2019-07-13 19:09:56,872 INFO  ratis.ContainerStateMachine (ContainerStateMachine.java:loadSnapshot(200)) - The snapshot info is null.Setting the last applied index to:(t:0, i:~)
2019-07-13 19:09:56,873 INFO  server.RaftServerConfigKeys (ConfUtils.java:logGet(43)) - raft.server.leader.election.timeout = 120s (custom)
2019-07-13 19:09:56,873 INFO  server.RaftServerConfigKeys (ConfUtils.java:logGet(43)) - raft.server.leader.election.timeout = 120s (custom)
2019-07-13 19:09:56,873 INFO  server.RaftServerConfigKeys (ConfUtils.java:logGet(43)) - raft.server.log.use.memory = false (default)
2019-07-13 19:09:56,873 INFO  server.RaftServerConfigKeys (ConfUtils.java:logGet(43)) - raft.server.leader.election.timeout = 120s (custom)
2019-07-13 19:09:56,873 INFO  server.RaftServerConfigKeys (ConfUtils.java:logGet(43)) - raft.server.log.purge.gap = 1000000000 (custom)
2019-07-13 19:09:56,873 INFO  server.RaftServerConfigKeys (ConfUtils.java:logGet(43)) - raft.server.log.use.memory = false (default)
2019-07-13 19:09:56,874 INFO  server.RaftServerConfigKeys (ConfUtils.java:logGet(43)) - raft.server.log.appender.buffer.byte-limit = 33554432 (custom)
2019-07-13 19:09:56,873 INFO  server.RaftServerConfigKeys (ConfUtils.java:logGet(43)) - raft.server.log.use.memory = false (default)
2019-07-13 19:09:56,874 INFO  server.RaftServerConfigKeys (ConfUtils.java:logGet(43)) - raft.server.log.segment.size.max = 1048576 (custom)
2019-07-13 19:09:56,874 INFO  server.RaftServerConfigKeys (ConfUtils.java:logGet(43)) - raft.server.log.segment.cache.num.max = 2 (custom)
2019-07-13 19:09:56,874 INFO  server.RaftServerConfigKeys (ConfUtils.java:logGet(43)) - raft.server.log.purge.gap = 1000000000 (custom)
2019-07-13 19:09:56,874 INFO  segmented.SegmentedRaftLogWorker (SegmentedRaftLogWorker.java:<init>(172)) - new fec82ebc-a9e9-48a9-8e9b-efd2a640e840-SegmentedRaftLogWorker:Storage Directory /tmp/workdir/hadoop-ozone/integration-test/target/test-dir/MiniOzoneClusterImpl-136afc4f-b221-466b-9398-6948e7bf56bc/datanode-1/data/ratis/ec4dc071-a4c0-44b2-b2e7-92d9ffd2b499 for RaftStorage:Storage Directory /tmp/workdir/hadoop-ozone/integration-test/target/test-dir/MiniOzoneClusterImpl-136afc4f-b221-466b-9398-6948e7bf56bc/datanode-1/data/ratis/ec4dc071-a4c0-44b2-b2e7-92d9ffd2b499
2019-07-13 19:09:56,875 INFO  server.RaftServerConfigKeys (ConfUtils.java:logGet(43)) - raft.server.log.queue.byte-limit = 2147483647 (custom)
2019-07-13 19:09:56,874 INFO  server.RaftServerConfigKeys (ConfUtils.java:logGet(43)) - raft.server.log.purge.gap = 1000000000 (custom)
2019-07-13 19:09:56,875 INFO  server.RaftServerConfigKeys (ConfUtils.java:logGet(43)) - raft.server.log.queue.element-limit = 1024 (custom)
2019-07-13 19:09:56,875 INFO  server.RaftServerConfigKeys (ConfUtils.java:logGet(43)) - raft.server.log.appender.buffer.byte-limit = 33554432 (custom)
2019-07-13 19:09:56,875 INFO  server.RaftServerConfigKeys (ConfUtils.java:logGet(43)) - raft.server.log.segment.size.max = 1048576 (custom)
2019-07-13 19:09:56,875 INFO  server.RaftServerConfigKeys (ConfUtils.java:logGet(43)) - raft.server.log.appender.buffer.byte-limit = 33554432 (custom)
2019-07-13 19:09:56,876 INFO  server.RaftServerConfigKeys (ConfUtils.java:logGet(43)) - raft.server.log.preallocated.size = 16384 (custom)
2019-07-13 19:09:56,876 INFO  server.RaftServerConfigKeys (ConfUtils.java:logGet(43)) - raft.server.log.segment.size.max = 1048576 (custom)
2019-07-13 19:09:56,876 INFO  server.RaftServerConfigKeys (ConfUtils.java:logGet(43)) - raft.server.log.write.buffer.size = 33554432 (custom)
2019-07-13 19:09:56,876 INFO  server.RaftServerConfigKeys (ConfUtils.java:logGet(43)) - raft.server.log.segment.size.max = 1048576 (custom)
2019-07-13 19:09:56,876 INFO  server.RaftServerConfigKeys (ConfUtils.java:logGet(43)) - raft.server.log.force.sync.num = 128 (default)
2019-07-13 19:09:56,876 INFO  server.RaftServerConfigKeys (ConfUtils.java:logGet(43)) - raft.server.log.segment.cache.num.max = 2 (custom)
2019-07-13 19:09:56,877 INFO  server.RaftServerConfigKeys (ConfUtils.java:logGet(43)) - raft.server.log.statemachine.data.sync = true (default)
2019-07-13 19:09:56,877 INFO  server.RaftServerConfigKeys (ConfUtils.java:logGet(43)) - raft.server.log.statemachine.data.sync.timeout = 10s (default)
2019-07-13 19:09:56,877 INFO  server.RaftServerConfigKeys (ConfUtils.java:logGet(43)) - raft.server.log.segment.cache.num.max = 2 (custom)
2019-07-13 19:09:56,877 INFO  server.RaftServerConfigKeys (ConfUtils.java:logGet(43)) - raft.server.log.statemachine.data.sync.timeout.retry = -1 (default)
2019-07-13 19:09:56,877 INFO  segmented.SegmentedRaftLogWorker (SegmentedRaftLogWorker.java:<init>(172)) - new 7f64e164-36f3-4e0a-9859-4318ff6565b2-SegmentedRaftLogWorker:Storage Directory /tmp/workdir/hadoop-ozone/integration-test/target/test-dir/MiniOzoneClusterImpl-136afc4f-b221-466b-9398-6948e7bf56bc/datanode-2/data/ratis/ec4dc071-a4c0-44b2-b2e7-92d9ffd2b499 for RaftStorage:Storage Directory /tmp/workdir/hadoop-ozone/integration-test/target/test-dir/MiniOzoneClusterImpl-136afc4f-b221-466b-9398-6948e7bf56bc/datanode-2/data/ratis/ec4dc071-a4c0-44b2-b2e7-92d9ffd2b499
2019-07-13 19:09:56,878 INFO  server.RaftServerConfigKeys (ConfUtils.java:logGet(43)) - raft.server.log.statemachine.data.caching.enabled = true (custom)
2019-07-13 19:09:56,878 INFO  segmented.SegmentedRaftLogWorker (SegmentedRaftLogWorker.java:<init>(172)) - new 830c9cfb-9e36-4b07-baca-db2ce6def4df-SegmentedRaftLogWorker:Storage Directory /tmp/workdir/hadoop-ozone/integration-test/target/test-dir/MiniOzoneClusterImpl-136afc4f-b221-466b-9398-6948e7bf56bc/datanode-0/data/ratis/ec4dc071-a4c0-44b2-b2e7-92d9ffd2b499 for RaftStorage:Storage Directory /tmp/workdir/hadoop-ozone/integration-test/target/test-dir/MiniOzoneClusterImpl-136afc4f-b221-466b-9398-6948e7bf56bc/datanode-0/data/ratis/ec4dc071-a4c0-44b2-b2e7-92d9ffd2b499
2019-07-13 19:09:56,878 INFO  server.RaftServerConfigKeys (ConfUtils.java:logGet(43)) - raft.server.log.queue.byte-limit = 2147483647 (custom)
2019-07-13 19:09:56,878 INFO  server.RaftServerConfigKeys (ConfUtils.java:logGet(43)) - raft.server.log.queue.byte-limit = 2147483647 (custom)
2019-07-13 19:09:56,878 INFO  segmented.SegmentedRaftLogWorker (SegmentedRaftLogWorker.java:lambda$new$0(132)) - fec82ebc-a9e9-48a9-8e9b-efd2a640e840-SegmentedRaftLogWorker:Storage Directory /tmp/workdir/hadoop-ozone/integration-test/target/test-dir/MiniOzoneClusterImpl-136afc4f-b221-466b-9398-6948e7bf56bc/datanode-1/data/ratis/ec4dc071-a4c0-44b2-b2e7-92d9ffd2b499: flushIndex: setUnconditionally 0 -> -1
2019-07-13 19:09:56,879 INFO  server.RaftServerConfigKeys (ConfUtils.java:logGet(43)) - raft.server.log.queue.element-limit = 1024 (custom)
2019-07-13 19:09:56,878 INFO  server.RaftServerConfigKeys (ConfUtils.java:logGet(43)) - raft.server.log.queue.element-limit = 1024 (custom)
2019-07-13 19:09:56,879 INFO  server.RaftServerConfigKeys (ConfUtils.java:logGet(43)) - raft.server.log.segment.size.max = 1048576 (custom)
2019-07-13 19:09:56,879 INFO  server.RaftServerConfigKeys (ConfUtils.java:logGet(43)) - raft.server.snapshot.auto.trigger.enabled = true (custom)
2019-07-13 19:09:56,879 INFO  server.RaftServerConfigKeys (ConfUtils.java:logGet(43)) - raft.server.log.preallocated.size = 16384 (custom)
2019-07-13 19:09:56,880 INFO  server.RaftServerConfigKeys (ConfUtils.java:logGet(43)) - raft.server.log.write.buffer.size = 33554432 (custom)
2019-07-13 19:09:56,879 INFO  server.RaftServerConfigKeys (ConfUtils.java:logGet(43)) - raft.server.log.segment.size.max = 1048576 (custom)
2019-07-13 19:09:56,880 INFO  server.RaftServerConfigKeys (ConfUtils.java:logGet(43)) - raft.server.log.force.sync.num = 128 (default)
2019-07-13 19:09:56,879 INFO  server.RaftServerConfigKeys (ConfUtils.java:logGet(43)) - raft.server.snapshot.auto.trigger.threshold = 10000 (custom)
2019-07-13 19:09:56,880 INFO  server.RaftServerConfigKeys (ConfUtils.java:logGet(43)) - raft.server.log.statemachine.data.sync = true (default)
2019-07-13 19:09:56,880 INFO  server.RaftServerConfigKeys (ConfUtils.java:logGet(43)) - raft.server.log.preallocated.size = 16384 (custom)
2019-07-13 19:09:56,880 INFO  server.RaftServerConfigKeys (ConfUtils.java:logGet(43)) - raft.server.log.statemachine.data.sync.timeout = 10s (default)
2019-07-13 19:09:56,880 INFO  server.RaftServerConfigKeys (ConfUtils.java:logGet(43)) - raft.server.retrycache.expirytime = 600000ms (custom)
2019-07-13 19:09:56,881 INFO  server.RaftServerConfigKeys (ConfUtils.java:logGet(43)) - raft.server.log.statemachine.data.sync.timeout.retry = -1 (default)
2019-07-13 19:09:56,881 INFO  server.RaftServerConfigKeys (ConfUtils.java:logGet(43)) - raft.server.log.write.buffer.size = 33554432 (custom)
2019-07-13 19:09:56,881 INFO  server.RaftServerConfigKeys (ConfUtils.java:logGet(43)) - raft.server.log.statemachine.data.caching.enabled = true (custom)
2019-07-13 19:09:56,881 INFO  impl.RaftServerImpl (RaftServerImpl.java:start(180)) - fec82ebc-a9e9-48a9-8e9b-efd2a640e840: start group-92D9FFD2B499
2019-07-13 19:09:56,881 INFO  server.RaftServerConfigKeys (ConfUtils.java:logGet(43)) - raft.server.log.force.sync.num = 128 (default)
2019-07-13 19:09:56,882 INFO  segmented.SegmentedRaftLogWorker (SegmentedRaftLogWorker.java:lambda$new$0(132)) - 830c9cfb-9e36-4b07-baca-db2ce6def4df-SegmentedRaftLogWorker:Storage Directory /tmp/workdir/hadoop-ozone/integration-test/target/test-dir/MiniOzoneClusterImpl-136afc4f-b221-466b-9398-6948e7bf56bc/datanode-0/data/ratis/ec4dc071-a4c0-44b2-b2e7-92d9ffd2b499: flushIndex: setUnconditionally 0 -> -1
2019-07-13 19:09:56,882 INFO  impl.RaftServerImpl (RaftServerImpl.java:setRole(171)) - fec82ebc-a9e9-48a9-8e9b-efd2a640e840:group-92D9FFD2B499 changes role from null to FOLLOWER at term 0 for startAsFollower
2019-07-13 19:09:56,882 INFO  server.RaftServerConfigKeys (ConfUtils.java:logGet(43)) - raft.server.log.statemachine.data.sync = true (default)
2019-07-13 19:09:56,882 INFO  server.RaftServerConfigKeys (ConfUtils.java:logGet(43)) - raft.server.snapshot.auto.trigger.enabled = true (custom)
2019-07-13 19:09:56,882 INFO  impl.RoleInfo (RoleInfo.java:updateAndGet(143)) - fec82ebc-a9e9-48a9-8e9b-efd2a640e840: start FollowerState
2019-07-13 19:09:56,883 INFO  server.RaftServerConfigKeys (ConfUtils.java:logGet(43)) - raft.server.snapshot.auto.trigger.threshold = 10000 (custom)
2019-07-13 19:09:56,882 INFO  server.RaftServerConfigKeys (ConfUtils.java:logGet(43)) - raft.server.log.statemachine.data.sync.timeout = 10s (default)
2019-07-13 19:09:56,883 INFO  util.JmxRegister (JmxRegister.java:tryRegister(44)) - Successfully registered JMX Bean with object name Ratis:service=RaftServer,group=group-92D9FFD2B499,id=fec82ebc-a9e9-48a9-8e9b-efd2a640e840
2019-07-13 19:09:56,883 INFO  server.RaftServerConfigKeys (ConfUtils.java:logGet(43)) - raft.server.retrycache.expirytime = 600000ms (custom)
2019-07-13 19:09:56,883 INFO  server.RaftServerConfigKeys (ConfUtils.java:logGet(43)) - raft.server.log.statemachine.data.sync.timeout.retry = -1 (default)
2019-07-13 19:09:56,884 INFO  impl.RaftServerImpl (RaftServerImpl.java:start(180)) - 830c9cfb-9e36-4b07-baca-db2ce6def4df: start group-92D9FFD2B499
2019-07-13 19:09:56,884 INFO  server.RaftServerConfigKeys (ConfUtils.java:logGet(43)) - raft.server.log.statemachine.data.caching.enabled = true (custom)
2019-07-13 19:09:56,884 INFO  impl.RaftServerImpl (RaftServerImpl.java:setRole(171)) - 830c9cfb-9e36-4b07-baca-db2ce6def4df:group-92D9FFD2B499 changes role from null to FOLLOWER at term 0 for startAsFollower
2019-07-13 19:09:56,884 INFO  impl.RoleInfo (RoleInfo.java:updateAndGet(143)) - 830c9cfb-9e36-4b07-baca-db2ce6def4df: start FollowerState
2019-07-13 19:09:56,884 INFO  segmented.SegmentedRaftLogWorker (SegmentedRaftLogWorker.java:lambda$new$0(132)) - 7f64e164-36f3-4e0a-9859-4318ff6565b2-SegmentedRaftLogWorker:Storage Directory /tmp/workdir/hadoop-ozone/integration-test/target/test-dir/MiniOzoneClusterImpl-136afc4f-b221-466b-9398-6948e7bf56bc/datanode-2/data/ratis/ec4dc071-a4c0-44b2-b2e7-92d9ffd2b499: flushIndex: setUnconditionally 0 -> -1
2019-07-13 19:09:56,885 INFO  util.JmxRegister (JmxRegister.java:tryRegister(44)) - Successfully registered JMX Bean with object name Ratis:service=RaftServer,group=group-92D9FFD2B499,id=830c9cfb-9e36-4b07-baca-db2ce6def4df
2019-07-13 19:09:56,885 INFO  server.RaftServerConfigKeys (ConfUtils.java:logGet(43)) - raft.server.snapshot.auto.trigger.enabled = true (custom)
2019-07-13 19:09:56,885 INFO  server.RaftServerConfigKeys (ConfUtils.java:logGet(43)) - raft.server.snapshot.auto.trigger.threshold = 10000 (custom)
2019-07-13 19:09:56,885 INFO  server.RaftServerConfigKeys (ConfUtils.java:logGet(43)) - raft.server.retrycache.expirytime = 600000ms (custom)
2019-07-13 19:09:56,885 INFO  impl.RaftServerImpl (RaftServerImpl.java:start(180)) - 7f64e164-36f3-4e0a-9859-4318ff6565b2: start group-92D9FFD2B499
2019-07-13 19:09:56,885 INFO  impl.RaftServerImpl (RaftServerImpl.java:setRole(171)) - 7f64e164-36f3-4e0a-9859-4318ff6565b2:group-92D9FFD2B499 changes role from null to FOLLOWER at term 0 for startAsFollower
2019-07-13 19:09:56,886 INFO  impl.RoleInfo (RoleInfo.java:updateAndGet(143)) - 7f64e164-36f3-4e0a-9859-4318ff6565b2: start FollowerState
2019-07-13 19:09:56,886 INFO  util.JmxRegister (JmxRegister.java:tryRegister(44)) - Successfully registered JMX Bean with object name Ratis:service=RaftServer,group=group-92D9FFD2B499,id=7f64e164-36f3-4e0a-9859-4318ff6565b2
2019-07-13 19:09:56,889 INFO  pipeline.PipelineStateManager (PipelineStateManager.java:addPipeline(56)) - Created pipeline Pipeline[ Id: ec4dc071-a4c0-44b2-b2e7-92d9ffd2b499, Nodes: 830c9cfb-9e36-4b07-baca-db2ce6def4df{ip: 192.168.69.122, host: trunk-nightly-fxqsz-774976932, networkLocation: /default-rack, certSerialId: null}fec82ebc-a9e9-48a9-8e9b-efd2a640e840{ip: 192.168.69.122, host: trunk-nightly-fxqsz-774976932, networkLocation: /default-rack, certSerialId: null}7f64e164-36f3-4e0a-9859-4318ff6565b2{ip: 192.168.69.122, host: trunk-nightly-fxqsz-774976932, networkLocation: /default-rack, certSerialId: null}, Type:RATIS, Factor:THREE, State:OPEN]
2019-07-13 19:09:56,973 INFO  node.SCMNodeManager (SCMNodeManager.java:register(269)) - Registered Data node : f5533a48-6b01-4d64-bb1b-b6223da53acd{ip: 192.168.69.122, host: trunk-nightly-fxqsz-774976932, networkLocation: /default-rack, certSerialId: null}
2019-07-13 19:09:56,989 INFO  impl.RaftServerProxy (RaftServerProxy.java:addNew(89)) - f5533a48-6b01-4d64-bb1b-b6223da53acd: addNew group-51BE4A0000F5:[f5533a48-6b01-4d64-bb1b-b6223da53acd:192.168.69.122:39530] returns group-51BE4A0000F5:java.util.concurrent.CompletableFuture@5b7a0b2e[Not completed]
2019-07-13 19:09:56,990 INFO  impl.RaftServerImpl (RaftServerImpl.java:<init>(93)) - f5533a48-6b01-4d64-bb1b-b6223da53acd: new RaftServerImpl for group-51BE4A0000F5:[f5533a48-6b01-4d64-bb1b-b6223da53acd:192.168.69.122:39530] with ContainerStateMachine:uninitialized
2019-07-13 19:09:56,990 INFO  server.RaftServerConfigKeys (ConfUtils.java:logGet(43)) - raft.server.rpc.timeout.min = 5s (custom)
2019-07-13 19:09:56,991 INFO  server.RaftServerConfigKeys (ConfUtils.java:logGet(43)) - raft.server.rpc.timeout.max = 5200ms (custom)
2019-07-13 19:09:56,991 INFO  server.RaftServerConfigKeys (ConfUtils.java:logGet(43)) - raft.server.rpcslowness.timeout = 120s (custom)
2019-07-13 19:09:56,991 INFO  server.RaftServerConfigKeys (ConfUtils.java:logGet(43)) - raft.server.sleep.deviation.threshold = 300 (default)
2019-07-13 19:09:56,991 INFO  server.RaftServerConfigKeys (ConfUtils.java:logGet(43)) - raft.server.log.appender.install.snapshot.enabled = false (custom)
2019-07-13 19:09:56,991 INFO  impl.RaftServerImpl (ServerState.java:<init>(105)) - f5533a48-6b01-4d64-bb1b-b6223da53acd:group-51BE4A0000F5 ConfigurationManager, init=-1: [f5533a48-6b01-4d64-bb1b-b6223da53acd:192.168.69.122:39530], old=null, confs=<EMPTY_MAP>
2019-07-13 19:09:56,991 INFO  server.RaftServerConfigKeys (ConfUtils.java:logGet(43)) - raft.server.storage.dir = [/tmp/workdir/hadoop-ozone/integration-test/target/test-dir/MiniOzoneClusterImpl-136afc4f-b221-466b-9398-6948e7bf56bc/datanode-3/data/ratis] (custom)
2019-07-13 19:09:56,992 INFO  storage.RaftStorageDirectory (RaftStorageDirectory.java:analyzeStorage(246)) - The storage directory /tmp/workdir/hadoop-ozone/integration-test/target/test-dir/MiniOzoneClusterImpl-136afc4f-b221-466b-9398-6948e7bf56bc/datanode-3/data/ratis/24f3a851-6eeb-4544-9b1e-51be4a0000f5 does not exist. Creating ...
2019-07-13 19:09:57,006 INFO  storage.RaftStorageDirectory (RaftStorageDirectory.java:tryLock(328)) - Lock on /tmp/workdir/hadoop-ozone/integration-test/target/test-dir/MiniOzoneClusterImpl-136afc4f-b221-466b-9398-6948e7bf56bc/datanode-3/data/ratis/24f3a851-6eeb-4544-9b1e-51be4a0000f5/in_use.lock acquired by nodename 10860@trunk-nightly-fxqsz-774976932
2019-07-13 19:09:57,020 INFO  storage.RaftStorage (RaftStorage.java:format(72)) - Storage directory /tmp/workdir/hadoop-ozone/integration-test/target/test-dir/MiniOzoneClusterImpl-136afc4f-b221-466b-9398-6948e7bf56bc/datanode-3/data/ratis/24f3a851-6eeb-4544-9b1e-51be4a0000f5 has been successfully formatted.
2019-07-13 19:09:57,020 INFO  ratis.ContainerStateMachine (ContainerStateMachine.java:loadSnapshot(200)) - The snapshot info is null.Setting the last applied index to:(t:0, i:~)
2019-07-13 19:09:57,020 INFO  server.RaftServerConfigKeys (ConfUtils.java:logGet(43)) - raft.server.leader.election.timeout = 120s (custom)
2019-07-13 19:09:57,020 INFO  server.RaftServerConfigKeys (ConfUtils.java:logGet(43)) - raft.server.log.use.memory = false (default)
2019-07-13 19:09:57,020 INFO  server.RaftServerConfigKeys (ConfUtils.java:logGet(43)) - raft.server.log.purge.gap = 1000000000 (custom)
2019-07-13 19:09:57,020 INFO  server.RaftServerConfigKeys (ConfUtils.java:logGet(43)) - raft.server.log.appender.buffer.byte-limit = 33554432 (custom)
2019-07-13 19:09:57,021 INFO  server.RaftServerConfigKeys (ConfUtils.java:logGet(43)) - raft.server.log.segment.size.max = 1048576 (custom)
2019-07-13 19:09:57,021 INFO  server.RaftServerConfigKeys (ConfUtils.java:logGet(43)) - raft.server.log.segment.cache.num.max = 2 (custom)
2019-07-13 19:09:57,021 INFO  segmented.SegmentedRaftLogWorker (SegmentedRaftLogWorker.java:<init>(172)) - new f5533a48-6b01-4d64-bb1b-b6223da53acd-SegmentedRaftLogWorker:Storage Directory /tmp/workdir/hadoop-ozone/integration-test/target/test-dir/MiniOzoneClusterImpl-136afc4f-b221-466b-9398-6948e7bf56bc/datanode-3/data/ratis/24f3a851-6eeb-4544-9b1e-51be4a0000f5 for RaftStorage:Storage Directory /tmp/workdir/hadoop-ozone/integration-test/target/test-dir/MiniOzoneClusterImpl-136afc4f-b221-466b-9398-6948e7bf56bc/datanode-3/data/ratis/24f3a851-6eeb-4544-9b1e-51be4a0000f5
2019-07-13 19:09:57,021 INFO  server.RaftServerConfigKeys (ConfUtils.java:logGet(43)) - raft.server.log.queue.byte-limit = 2147483647 (custom)
2019-07-13 19:09:57,021 INFO  server.RaftServerConfigKeys (ConfUtils.java:logGet(43)) - raft.server.log.queue.element-limit = 1024 (custom)
2019-07-13 19:09:57,022 INFO  server.RaftServerConfigKeys (ConfUtils.java:logGet(43)) - raft.server.log.segment.size.max = 1048576 (custom)
2019-07-13 19:09:57,022 INFO  server.RaftServerConfigKeys (ConfUtils.java:logGet(43)) - raft.server.log.preallocated.size = 16384 (custom)
2019-07-13 19:09:57,022 INFO  server.RaftServerConfigKeys (ConfUtils.java:logGet(43)) - raft.server.log.write.buffer.size = 33554432 (custom)
2019-07-13 19:09:57,022 INFO  server.RaftServerConfigKeys (ConfUtils.java:logGet(43)) - raft.server.log.force.sync.num = 128 (default)
2019-07-13 19:09:57,022 INFO  server.RaftServerConfigKeys (ConfUtils.java:logGet(43)) - raft.server.log.statemachine.data.sync = true (default)
2019-07-13 19:09:57,022 INFO  server.RaftServerConfigKeys (ConfUtils.java:logGet(43)) - raft.server.log.statemachine.data.sync.timeout = 10s (default)
2019-07-13 19:09:57,023 INFO  server.RaftServerConfigKeys (ConfUtils.java:logGet(43)) - raft.server.log.statemachine.data.sync.timeout.retry = -1 (default)
2019-07-13 19:09:57,023 INFO  server.RaftServerConfigKeys (ConfUtils.java:logGet(43)) - raft.server.log.statemachine.data.caching.enabled = true (custom)
2019-07-13 19:09:57,023 INFO  segmented.SegmentedRaftLogWorker (SegmentedRaftLogWorker.java:lambda$new$0(132)) - f5533a48-6b01-4d64-bb1b-b6223da53acd-SegmentedRaftLogWorker:Storage Directory /tmp/workdir/hadoop-ozone/integration-test/target/test-dir/MiniOzoneClusterImpl-136afc4f-b221-466b-9398-6948e7bf56bc/datanode-3/data/ratis/24f3a851-6eeb-4544-9b1e-51be4a0000f5: flushIndex: setUnconditionally 0 -> -1
2019-07-13 19:09:57,024 INFO  server.RaftServerConfigKeys (ConfUtils.java:logGet(43)) - raft.server.snapshot.auto.trigger.enabled = true (custom)
2019-07-13 19:09:57,024 INFO  server.RaftServerConfigKeys (ConfUtils.java:logGet(43)) - raft.server.snapshot.auto.trigger.threshold = 10000 (custom)
2019-07-13 19:09:57,024 INFO  server.RaftServerConfigKeys (ConfUtils.java:logGet(43)) - raft.server.retrycache.expirytime = 600000ms (custom)
2019-07-13 19:09:57,024 INFO  impl.RaftServerImpl (RaftServerImpl.java:start(180)) - f5533a48-6b01-4d64-bb1b-b6223da53acd: start group-51BE4A0000F5
2019-07-13 19:09:57,024 INFO  impl.RaftServerImpl (RaftServerImpl.java:setRole(171)) - f5533a48-6b01-4d64-bb1b-b6223da53acd:group-51BE4A0000F5 changes role from null to FOLLOWER at term 0 for startAsFollower
2019-07-13 19:09:57,024 INFO  impl.RoleInfo (RoleInfo.java:updateAndGet(143)) - f5533a48-6b01-4d64-bb1b-b6223da53acd: start FollowerState
2019-07-13 19:09:57,025 INFO  util.JmxRegister (JmxRegister.java:tryRegister(44)) - Successfully registered JMX Bean with object name Ratis:service=RaftServer,group=group-51BE4A0000F5,id=f5533a48-6b01-4d64-bb1b-b6223da53acd
2019-07-13 19:09:57,027 INFO  pipeline.PipelineStateManager (PipelineStateManager.java:addPipeline(56)) - Created pipeline Pipeline[ Id: 24f3a851-6eeb-4544-9b1e-51be4a0000f5, Nodes: f5533a48-6b01-4d64-bb1b-b6223da53acd{ip: 192.168.69.122, host: trunk-nightly-fxqsz-774976932, networkLocation: /default-rack, certSerialId: null}, Type:RATIS, Factor:ONE, State:OPEN]
2019-07-13 19:09:57,160 INFO  node.SCMNodeManager (SCMNodeManager.java:register(269)) - Registered Data node : f4c32484-3cd8-4afd-99dc-3cdc56363316{ip: 192.168.69.122, host: trunk-nightly-fxqsz-774976932, networkLocation: /default-rack, certSerialId: null}
2019-07-13 19:09:57,180 INFO  impl.RaftServerProxy (RaftServerProxy.java:addNew(89)) - f4c32484-3cd8-4afd-99dc-3cdc56363316: addNew group-D3B56A622ACF:[f4c32484-3cd8-4afd-99dc-3cdc56363316:192.168.69.122:39777] returns group-D3B56A622ACF:java.util.concurrent.CompletableFuture@731aedda[Not completed]
2019-07-13 19:09:57,181 INFO  impl.RaftServerImpl (RaftServerImpl.java:<init>(93)) - f4c32484-3cd8-4afd-99dc-3cdc56363316: new RaftServerImpl for group-D3B56A622ACF:[f4c32484-3cd8-4afd-99dc-3cdc56363316:192.168.69.122:39777] with ContainerStateMachine:uninitialized
2019-07-13 19:09:57,181 INFO  server.RaftServerConfigKeys (ConfUtils.java:logGet(43)) - raft.server.rpc.timeout.min = 5s (custom)
2019-07-13 19:09:57,181 INFO  server.RaftServerConfigKeys (ConfUtils.java:logGet(43)) - raft.server.rpc.timeout.max = 5200ms (custom)
2019-07-13 19:09:57,181 INFO  server.RaftServerConfigKeys (ConfUtils.java:logGet(43)) - raft.server.rpcslowness.timeout = 120s (custom)
2019-07-13 19:09:57,181 INFO  server.RaftServerConfigKeys (ConfUtils.java:logGet(43)) - raft.server.sleep.deviation.threshold = 300 (default)
2019-07-13 19:09:57,182 INFO  server.RaftServerConfigKeys (ConfUtils.java:logGet(43)) - raft.server.log.appender.install.snapshot.enabled = false (custom)
2019-07-13 19:09:57,182 INFO  impl.RaftServerImpl (ServerState.java:<init>(105)) - f4c32484-3cd8-4afd-99dc-3cdc56363316:group-D3B56A622ACF ConfigurationManager, init=-1: [f4c32484-3cd8-4afd-99dc-3cdc56363316:192.168.69.122:39777], old=null, confs=<EMPTY_MAP>
2019-07-13 19:09:57,182 INFO  server.RaftServerConfigKeys (ConfUtils.java:logGet(43)) - raft.server.storage.dir = [/tmp/workdir/hadoop-ozone/integration-test/target/test-dir/MiniOzoneClusterImpl-136afc4f-b221-466b-9398-6948e7bf56bc/datanode-4/data/ratis] (custom)
2019-07-13 19:09:57,182 INFO  storage.RaftStorageDirectory (RaftStorageDirectory.java:analyzeStorage(246)) - The storage directory /tmp/workdir/hadoop-ozone/integration-test/target/test-dir/MiniOzoneClusterImpl-136afc4f-b221-466b-9398-6948e7bf56bc/datanode-4/data/ratis/1faad223-ddf6-4936-9ebb-d3b56a622acf does not exist. Creating ...
2019-07-13 19:09:57,196 INFO  storage.RaftStorageDirectory (RaftStorageDirectory.java:tryLock(328)) - Lock on /tmp/workdir/hadoop-ozone/integration-test/target/test-dir/MiniOzoneClusterImpl-136afc4f-b221-466b-9398-6948e7bf56bc/datanode-4/data/ratis/1faad223-ddf6-4936-9ebb-d3b56a622acf/in_use.lock acquired by nodename 10860@trunk-nightly-fxqsz-774976932
2019-07-13 19:09:57,211 INFO  storage.RaftStorage (RaftStorage.java:format(72)) - Storage directory /tmp/workdir/hadoop-ozone/integration-test/target/test-dir/MiniOzoneClusterImpl-136afc4f-b221-466b-9398-6948e7bf56bc/datanode-4/data/ratis/1faad223-ddf6-4936-9ebb-d3b56a622acf has been successfully formatted.
2019-07-13 19:09:57,211 INFO  ratis.ContainerStateMachine (ContainerStateMachine.java:loadSnapshot(200)) - The snapshot info is null.Setting the last applied index to:(t:0, i:~)
2019-07-13 19:09:57,211 INFO  server.RaftServerConfigKeys (ConfUtils.java:logGet(43)) - raft.server.leader.election.timeout = 120s (custom)
2019-07-13 19:09:57,211 INFO  server.RaftServerConfigKeys (ConfUtils.java:logGet(43)) - raft.server.log.use.memory = false (default)
2019-07-13 19:09:57,211 INFO  server.RaftServerConfigKeys (ConfUtils.java:logGet(43)) - raft.server.log.purge.gap = 1000000000 (custom)
2019-07-13 19:09:57,212 INFO  server.RaftServerConfigKeys (ConfUtils.java:logGet(43)) - raft.server.log.appender.buffer.byte-limit = 33554432 (custom)
2019-07-13 19:09:57,212 INFO  server.RaftServerConfigKeys (ConfUtils.java:logGet(43)) - raft.server.log.segment.size.max = 1048576 (custom)
2019-07-13 19:09:57,212 INFO  server.RaftServerConfigKeys (ConfUtils.java:logGet(43)) - raft.server.log.segment.cache.num.max = 2 (custom)
2019-07-13 19:09:57,212 INFO  segmented.SegmentedRaftLogWorker (SegmentedRaftLogWorker.java:<init>(172)) - new f4c32484-3cd8-4afd-99dc-3cdc56363316-SegmentedRaftLogWorker:Storage Directory /tmp/workdir/hadoop-ozone/integration-test/target/test-dir/MiniOzoneClusterImpl-136afc4f-b221-466b-9398-6948e7bf56bc/datanode-4/data/ratis/1faad223-ddf6-4936-9ebb-d3b56a622acf for RaftStorage:Storage Directory /tmp/workdir/hadoop-ozone/integration-test/target/test-dir/MiniOzoneClusterImpl-136afc4f-b221-466b-9398-6948e7bf56bc/datanode-4/data/ratis/1faad223-ddf6-4936-9ebb-d3b56a622acf
2019-07-13 19:09:57,212 INFO  server.RaftServerConfigKeys (ConfUtils.java:logGet(43)) - raft.server.log.queue.byte-limit = 2147483647 (custom)
2019-07-13 19:09:57,213 INFO  server.RaftServerConfigKeys (ConfUtils.java:logGet(43)) - raft.server.log.queue.element-limit = 1024 (custom)
2019-07-13 19:09:57,213 INFO  server.RaftServerConfigKeys (ConfUtils.java:logGet(43)) - raft.server.log.segment.size.max = 1048576 (custom)
2019-07-13 19:09:57,213 INFO  server.RaftServerConfigKeys (ConfUtils.java:logGet(43)) - raft.server.log.preallocated.size = 16384 (custom)
2019-07-13 19:09:57,213 INFO  server.RaftServerConfigKeys (ConfUtils.java:logGet(43)) - raft.server.log.write.buffer.size = 33554432 (custom)
2019-07-13 19:09:57,213 INFO  server.RaftServerConfigKeys (ConfUtils.java:logGet(43)) - raft.server.log.force.sync.num = 128 (default)
2019-07-13 19:09:57,213 INFO  server.RaftServerConfigKeys (ConfUtils.java:logGet(43)) - raft.server.log.statemachine.data.sync = true (default)
2019-07-13 19:09:57,214 INFO  server.RaftServerConfigKeys (ConfUtils.java:logGet(43)) - raft.server.log.statemachine.data.sync.timeout = 10s (default)
2019-07-13 19:09:57,214 INFO  server.RaftServerConfigKeys (ConfUtils.java:logGet(43)) - raft.server.log.statemachine.data.sync.timeout.retry = -1 (default)
2019-07-13 19:09:57,214 INFO  server.RaftServerConfigKeys (ConfUtils.java:logGet(43)) - raft.server.log.statemachine.data.caching.enabled = true (custom)
2019-07-13 19:09:57,215 INFO  segmented.SegmentedRaftLogWorker (SegmentedRaftLogWorker.java:lambda$new$0(132)) - f4c32484-3cd8-4afd-99dc-3cdc56363316-SegmentedRaftLogWorker:Storage Directory /tmp/workdir/hadoop-ozone/integration-test/target/test-dir/MiniOzoneClusterImpl-136afc4f-b221-466b-9398-6948e7bf56bc/datanode-4/data/ratis/1faad223-ddf6-4936-9ebb-d3b56a622acf: flushIndex: setUnconditionally 0 -> -1
2019-07-13 19:09:57,215 INFO  server.RaftServerConfigKeys (ConfUtils.java:logGet(43)) - raft.server.snapshot.auto.trigger.enabled = true (custom)
2019-07-13 19:09:57,215 INFO  server.RaftServerConfigKeys (ConfUtils.java:logGet(43)) - raft.server.snapshot.auto.trigger.threshold = 10000 (custom)
2019-07-13 19:09:57,215 INFO  server.RaftServerConfigKeys (ConfUtils.java:logGet(43)) - raft.server.retrycache.expirytime = 600000ms (custom)
2019-07-13 19:09:57,216 INFO  impl.RaftServerImpl (RaftServerImpl.java:start(180)) - f4c32484-3cd8-4afd-99dc-3cdc56363316: start group-D3B56A622ACF
2019-07-13 19:09:57,216 INFO  impl.RaftServerImpl (RaftServerImpl.java:setRole(171)) - f4c32484-3cd8-4afd-99dc-3cdc56363316:group-D3B56A622ACF changes role from null to FOLLOWER at term 0 for startAsFollower
2019-07-13 19:09:57,216 INFO  impl.RoleInfo (RoleInfo.java:updateAndGet(143)) - f4c32484-3cd8-4afd-99dc-3cdc56363316: start FollowerState
2019-07-13 19:09:57,216 INFO  util.JmxRegister (JmxRegister.java:tryRegister(44)) - Successfully registered JMX Bean with object name Ratis:service=RaftServer,group=group-D3B56A622ACF,id=f4c32484-3cd8-4afd-99dc-3cdc56363316
2019-07-13 19:09:57,219 INFO  pipeline.PipelineStateManager (PipelineStateManager.java:addPipeline(56)) - Created pipeline Pipeline[ Id: 1faad223-ddf6-4936-9ebb-d3b56a622acf, Nodes: f4c32484-3cd8-4afd-99dc-3cdc56363316{ip: 192.168.69.122, host: trunk-nightly-fxqsz-774976932, networkLocation: /default-rack, certSerialId: null}, Type:RATIS, Factor:ONE, State:OPEN]
2019-07-13 19:09:57,338 INFO  node.SCMNodeManager (SCMNodeManager.java:register(269)) - Registered Data node : 87646718-667e-4878-8992-a3dd443fe4fc{ip: 192.168.69.122, host: trunk-nightly-fxqsz-774976932, networkLocation: /default-rack, certSerialId: null}
2019-07-13 19:09:57,343 INFO  ozone.MiniOzoneClusterImpl (MiniOzoneClusterImpl.java:lambda$waitForClusterToBeReady$0(142)) - Cluster is ready. Got 6 of 6 DN Heartbeats.
2019-07-13 19:09:57,357 INFO  impl.RaftServerProxy (RaftServerProxy.java:addNew(89)) - 87646718-667e-4878-8992-a3dd443fe4fc: addNew group-6AA768AAEFB9:[87646718-667e-4878-8992-a3dd443fe4fc:192.168.69.122:37862] returns group-6AA768AAEFB9:java.util.concurrent.CompletableFuture@e765df2[Not completed]
2019-07-13 19:09:57,374 INFO  impl.RaftServerImpl (RaftServerImpl.java:<init>(93)) - 87646718-667e-4878-8992-a3dd443fe4fc: new RaftServerImpl for group-6AA768AAEFB9:[87646718-667e-4878-8992-a3dd443fe4fc:192.168.69.122:37862] with ContainerStateMachine:uninitialized
2019-07-13 19:09:57,374 INFO  server.RaftServerConfigKeys (ConfUtils.java:logGet(43)) - raft.server.rpc.timeout.min = 5s (custom)
2019-07-13 19:09:57,374 INFO  server.RaftServerConfigKeys (ConfUtils.java:logGet(43)) - raft.server.rpc.timeout.max = 5200ms (custom)
2019-07-13 19:09:57,374 INFO  server.RaftServerConfigKeys (ConfUtils.java:logGet(43)) - raft.server.rpcslowness.timeout = 120s (custom)
2019-07-13 19:09:57,374 INFO  server.RaftServerConfigKeys (ConfUtils.java:logGet(43)) - raft.server.sleep.deviation.threshold = 300 (default)
2019-07-13 19:09:57,375 INFO  server.RaftServerConfigKeys (ConfUtils.java:logGet(43)) - raft.server.log.appender.install.snapshot.enabled = false (custom)
2019-07-13 19:09:57,375 INFO  impl.RaftServerImpl (ServerState.java:<init>(105)) - 87646718-667e-4878-8992-a3dd443fe4fc:group-6AA768AAEFB9 ConfigurationManager, init=-1: [87646718-667e-4878-8992-a3dd443fe4fc:192.168.69.122:37862], old=null, confs=<EMPTY_MAP>
2019-07-13 19:09:57,379 INFO  server.RaftServerConfigKeys (ConfUtils.java:logGet(43)) - raft.server.storage.dir = [/tmp/workdir/hadoop-ozone/integration-test/target/test-dir/MiniOzoneClusterImpl-136afc4f-b221-466b-9398-6948e7bf56bc/datanode-5/data/ratis] (custom)
2019-07-13 19:09:57,379 INFO  storage.RaftStorageDirectory (RaftStorageDirectory.java:analyzeStorage(246)) - The storage directory /tmp/workdir/hadoop-ozone/integration-test/target/test-dir/MiniOzoneClusterImpl-136afc4f-b221-466b-9398-6948e7bf56bc/datanode-5/data/ratis/ffedb8d0-94f4-423f-a24e-6aa768aaefb9 does not exist. Creating ...
2019-07-13 19:09:57,407 INFO  rpc.RpcClient (RpcClient.java:createVolume(287)) - Creating Volume: datanodefailurehandlingtest, with jenkins1000 as owner.
2019-07-13 19:09:57,423 INFO  storage.RaftStorageDirectory (RaftStorageDirectory.java:tryLock(328)) - Lock on /tmp/workdir/hadoop-ozone/integration-test/target/test-dir/MiniOzoneClusterImpl-136afc4f-b221-466b-9398-6948e7bf56bc/datanode-5/data/ratis/ffedb8d0-94f4-423f-a24e-6aa768aaefb9/in_use.lock acquired by nodename 10860@trunk-nightly-fxqsz-774976932
2019-07-13 19:09:57,427 INFO  rpc.RpcClient (RpcClient.java:createBucket(424)) - Creating Bucket: datanodefailurehandlingtest/datanodefailurehandlingtest, with Versioning false and Storage Type set to DISK and Encryption set to false 
2019-07-13 19:09:57,447 INFO  storage.RaftStorage (RaftStorage.java:format(72)) - Storage directory /tmp/workdir/hadoop-ozone/integration-test/target/test-dir/MiniOzoneClusterImpl-136afc4f-b221-466b-9398-6948e7bf56bc/datanode-5/data/ratis/ffedb8d0-94f4-423f-a24e-6aa768aaefb9 has been successfully formatted.
2019-07-13 19:09:57,447 INFO  ratis.ContainerStateMachine (ContainerStateMachine.java:loadSnapshot(200)) - The snapshot info is null.Setting the last applied index to:(t:0, i:~)
2019-07-13 19:09:57,448 INFO  server.RaftServerConfigKeys (ConfUtils.java:logGet(43)) - raft.server.leader.election.timeout = 120s (custom)
2019-07-13 19:09:57,448 INFO  server.RaftServerConfigKeys (ConfUtils.java:logGet(43)) - raft.server.log.use.memory = false (default)
2019-07-13 19:09:57,448 INFO  server.RaftServerConfigKeys (ConfUtils.java:logGet(43)) - raft.server.log.purge.gap = 1000000000 (custom)
2019-07-13 19:09:57,448 INFO  server.RaftServerConfigKeys (ConfUtils.java:logGet(43)) - raft.server.log.appender.buffer.byte-limit = 33554432 (custom)
2019-07-13 19:09:57,448 INFO  server.RaftServerConfigKeys (ConfUtils.java:logGet(43)) - raft.server.log.segment.size.max = 1048576 (custom)
2019-07-13 19:09:57,448 INFO  server.RaftServerConfigKeys (ConfUtils.java:logGet(43)) - raft.server.log.segment.cache.num.max = 2 (custom)
2019-07-13 19:09:57,449 INFO  segmented.SegmentedRaftLogWorker (SegmentedRaftLogWorker.java:<init>(172)) - new 87646718-667e-4878-8992-a3dd443fe4fc-SegmentedRaftLogWorker:Storage Directory /tmp/workdir/hadoop-ozone/integration-test/target/test-dir/MiniOzoneClusterImpl-136afc4f-b221-466b-9398-6948e7bf56bc/datanode-5/data/ratis/ffedb8d0-94f4-423f-a24e-6aa768aaefb9 for RaftStorage:Storage Directory /tmp/workdir/hadoop-ozone/integration-test/target/test-dir/MiniOzoneClusterImpl-136afc4f-b221-466b-9398-6948e7bf56bc/datanode-5/data/ratis/ffedb8d0-94f4-423f-a24e-6aa768aaefb9
2019-07-13 19:09:57,449 INFO  server.RaftServerConfigKeys (ConfUtils.java:logGet(43)) - raft.server.log.queue.byte-limit = 2147483647 (custom)
2019-07-13 19:09:57,449 INFO  server.RaftServerConfigKeys (ConfUtils.java:logGet(43)) - raft.server.log.queue.element-limit = 1024 (custom)
2019-07-13 19:09:57,449 INFO  server.RaftServerConfigKeys (ConfUtils.java:logGet(43)) - raft.server.log.segment.size.max = 1048576 (custom)
2019-07-13 19:09:57,449 INFO  server.RaftServerConfigKeys (ConfUtils.java:logGet(43)) - raft.server.log.preallocated.size = 16384 (custom)
2019-07-13 19:09:57,450 INFO  server.RaftServerConfigKeys (ConfUtils.java:logGet(43)) - raft.server.log.write.buffer.size = 33554432 (custom)
2019-07-13 19:09:57,450 INFO  server.RaftServerConfigKeys (ConfUtils.java:logGet(43)) - raft.server.log.force.sync.num = 128 (default)
2019-07-13 19:09:57,450 INFO  server.RaftServerConfigKeys (ConfUtils.java:logGet(43)) - raft.server.log.statemachine.data.sync = true (default)
2019-07-13 19:09:57,450 INFO  server.RaftServerConfigKeys (ConfUtils.java:logGet(43)) - raft.server.log.statemachine.data.sync.timeout = 10s (default)
2019-07-13 19:09:57,450 INFO  server.RaftServerConfigKeys (ConfUtils.java:logGet(43)) - raft.server.log.statemachine.data.sync.timeout.retry = -1 (default)
2019-07-13 19:09:57,451 INFO  server.RaftServerConfigKeys (ConfUtils.java:logGet(43)) - raft.server.log.statemachine.data.caching.enabled = true (custom)
2019-07-13 19:09:57,451 INFO  segmented.SegmentedRaftLogWorker (SegmentedRaftLogWorker.java:lambda$new$0(132)) - 87646718-667e-4878-8992-a3dd443fe4fc-SegmentedRaftLogWorker:Storage Directory /tmp/workdir/hadoop-ozone/integration-test/target/test-dir/MiniOzoneClusterImpl-136afc4f-b221-466b-9398-6948e7bf56bc/datanode-5/data/ratis/ffedb8d0-94f4-423f-a24e-6aa768aaefb9: flushIndex: setUnconditionally 0 -> -1
2019-07-13 19:09:57,451 INFO  server.RaftServerConfigKeys (ConfUtils.java:logGet(43)) - raft.server.snapshot.auto.trigger.enabled = true (custom)
2019-07-13 19:09:57,451 INFO  server.RaftServerConfigKeys (ConfUtils.java:logGet(43)) - raft.server.snapshot.auto.trigger.threshold = 10000 (custom)
2019-07-13 19:09:57,452 INFO  server.RaftServerConfigKeys (ConfUtils.java:logGet(43)) - raft.server.retrycache.expirytime = 600000ms (custom)
2019-07-13 19:09:57,452 INFO  impl.RaftServerImpl (RaftServerImpl.java:start(180)) - 87646718-667e-4878-8992-a3dd443fe4fc: start group-6AA768AAEFB9
2019-07-13 19:09:57,452 INFO  impl.RaftServerImpl (RaftServerImpl.java:setRole(171)) - 87646718-667e-4878-8992-a3dd443fe4fc:group-6AA768AAEFB9 changes role from null to FOLLOWER at term 0 for startAsFollower
2019-07-13 19:09:57,452 INFO  impl.RoleInfo (RoleInfo.java:updateAndGet(143)) - 87646718-667e-4878-8992-a3dd443fe4fc: start FollowerState
2019-07-13 19:09:57,453 INFO  util.JmxRegister (JmxRegister.java:tryRegister(44)) - Successfully registered JMX Bean with object name Ratis:service=RaftServer,group=group-6AA768AAEFB9,id=87646718-667e-4878-8992-a3dd443fe4fc
2019-07-13 19:09:57,455 INFO  pipeline.PipelineStateManager (PipelineStateManager.java:addPipeline(56)) - Created pipeline Pipeline[ Id: ffedb8d0-94f4-423f-a24e-6aa768aaefb9, Nodes: 87646718-667e-4878-8992-a3dd443fe4fc{ip: 192.168.69.122, host: trunk-nightly-fxqsz-774976932, networkLocation: /default-rack, certSerialId: null}, Type:RATIS, Factor:ONE, State:OPEN]
2019-07-13 19:09:57,476 INFO  impl.RaftServerProxy (RaftServerProxy.java:addNew(89)) - 87646718-667e-4878-8992-a3dd443fe4fc: addNew group-CB95DDE65814:[f4c32484-3cd8-4afd-99dc-3cdc56363316:192.168.69.122:39777, f5533a48-6b01-4d64-bb1b-b6223da53acd:192.168.69.122:39530, 87646718-667e-4878-8992-a3dd443fe4fc:192.168.69.122:37862] returns group-CB95DDE65814:java.util.concurrent.CompletableFuture@4a0afe20[Not completed]
2019-07-13 19:09:57,477 INFO  impl.RaftServerProxy (RaftServerProxy.java:addNew(89)) - f4c32484-3cd8-4afd-99dc-3cdc56363316: addNew group-CB95DDE65814:[f4c32484-3cd8-4afd-99dc-3cdc56363316:192.168.69.122:39777, f5533a48-6b01-4d64-bb1b-b6223da53acd:192.168.69.122:39530, 87646718-667e-4878-8992-a3dd443fe4fc:192.168.69.122:37862] returns group-CB95DDE65814:java.util.concurrent.CompletableFuture@68f9571c[Not completed]
2019-07-13 19:09:57,476 INFO  impl.RaftServerProxy (RaftServerProxy.java:addNew(89)) - f5533a48-6b01-4d64-bb1b-b6223da53acd: addNew group-CB95DDE65814:[f4c32484-3cd8-4afd-99dc-3cdc56363316:192.168.69.122:39777, f5533a48-6b01-4d64-bb1b-b6223da53acd:192.168.69.122:39530, 87646718-667e-4878-8992-a3dd443fe4fc:192.168.69.122:37862] returns group-CB95DDE65814:java.util.concurrent.CompletableFuture@6577c1f2[Not completed]
2019-07-13 19:09:57,478 INFO  impl.RaftServerImpl (RaftServerImpl.java:<init>(93)) - f5533a48-6b01-4d64-bb1b-b6223da53acd: new RaftServerImpl for group-CB95DDE65814:[f4c32484-3cd8-4afd-99dc-3cdc56363316:192.168.69.122:39777, f5533a48-6b01-4d64-bb1b-b6223da53acd:192.168.69.122:39530, 87646718-667e-4878-8992-a3dd443fe4fc:192.168.69.122:37862] with ContainerStateMachine:uninitialized
2019-07-13 19:09:57,478 INFO  server.RaftServerConfigKeys (ConfUtils.java:logGet(43)) - raft.server.rpc.timeout.min = 5s (custom)
2019-07-13 19:09:57,478 INFO  server.RaftServerConfigKeys (ConfUtils.java:logGet(43)) - raft.server.rpc.timeout.max = 5200ms (custom)
2019-07-13 19:09:57,478 INFO  server.RaftServerConfigKeys (ConfUtils.java:logGet(43)) - raft.server.rpcslowness.timeout = 120s (custom)
2019-07-13 19:09:57,478 INFO  server.RaftServerConfigKeys (ConfUtils.java:logGet(43)) - raft.server.sleep.deviation.threshold = 300 (default)
2019-07-13 19:09:57,478 INFO  impl.RaftServerImpl (RaftServerImpl.java:<init>(93)) - f4c32484-3cd8-4afd-99dc-3cdc56363316: new RaftServerImpl for group-CB95DDE65814:[f4c32484-3cd8-4afd-99dc-3cdc56363316:192.168.69.122:39777, f5533a48-6b01-4d64-bb1b-b6223da53acd:192.168.69.122:39530, 87646718-667e-4878-8992-a3dd443fe4fc:192.168.69.122:37862] with ContainerStateMachine:uninitialized
2019-07-13 19:09:57,479 INFO  server.RaftServerConfigKeys (ConfUtils.java:logGet(43)) - raft.server.log.appender.install.snapshot.enabled = false (custom)
2019-07-13 19:09:57,479 INFO  server.RaftServerConfigKeys (ConfUtils.java:logGet(43)) - raft.server.rpc.timeout.min = 5s (custom)
2019-07-13 19:09:57,479 INFO  impl.RaftServerImpl (RaftServerImpl.java:<init>(93)) - 87646718-667e-4878-8992-a3dd443fe4fc: new RaftServerImpl for group-CB95DDE65814:[f4c32484-3cd8-4afd-99dc-3cdc56363316:192.168.69.122:39777, f5533a48-6b01-4d64-bb1b-b6223da53acd:192.168.69.122:39530, 87646718-667e-4878-8992-a3dd443fe4fc:192.168.69.122:37862] with ContainerStateMachine:uninitialized
2019-07-13 19:09:57,479 INFO  impl.RaftServerImpl (ServerState.java:<init>(105)) - f5533a48-6b01-4d64-bb1b-b6223da53acd:group-CB95DDE65814 ConfigurationManager, init=-1: [f4c32484-3cd8-4afd-99dc-3cdc56363316:192.168.69.122:39777, f5533a48-6b01-4d64-bb1b-b6223da53acd:192.168.69.122:39530, 87646718-667e-4878-8992-a3dd443fe4fc:192.168.69.122:37862], old=null, confs=<EMPTY_MAP>
2019-07-13 19:09:57,479 INFO  server.RaftServerConfigKeys (ConfUtils.java:logGet(43)) - raft.server.rpc.timeout.min = 5s (custom)
2019-07-13 19:09:57,479 INFO  server.RaftServerConfigKeys (ConfUtils.java:logGet(43)) - raft.server.rpc.timeout.max = 5200ms (custom)
2019-07-13 19:09:57,479 INFO  server.RaftServerConfigKeys (ConfUtils.java:logGet(43)) - raft.server.rpc.timeout.max = 5200ms (custom)
2019-07-13 19:09:57,480 INFO  server.RaftServerConfigKeys (ConfUtils.java:logGet(43)) - raft.server.rpcslowness.timeout = 120s (custom)
2019-07-13 19:09:57,480 INFO  server.RaftServerConfigKeys (ConfUtils.java:logGet(43)) - raft.server.sleep.deviation.threshold = 300 (default)
2019-07-13 19:09:57,479 INFO  server.RaftServerConfigKeys (ConfUtils.java:logGet(43)) - raft.server.storage.dir = [/tmp/workdir/hadoop-ozone/integration-test/target/test-dir/MiniOzoneClusterImpl-136afc4f-b221-466b-9398-6948e7bf56bc/datanode-3/data/ratis] (custom)
2019-07-13 19:09:57,480 INFO  server.RaftServerConfigKeys (ConfUtils.java:logGet(43)) - raft.server.log.appender.install.snapshot.enabled = false (custom)
2019-07-13 19:09:57,480 INFO  server.RaftServerConfigKeys (ConfUtils.java:logGet(43)) - raft.server.rpcslowness.timeout = 120s (custom)
2019-07-13 19:09:57,480 INFO  storage.RaftStorageDirectory (RaftStorageDirectory.java:analyzeStorage(246)) - The storage directory /tmp/workdir/hadoop-ozone/integration-test/target/test-dir/MiniOzoneClusterImpl-136afc4f-b221-466b-9398-6948e7bf56bc/datanode-3/data/ratis/bb793384-4ecf-4b1d-a1d2-cb95dde65814 does not exist. Creating ...
2019-07-13 19:09:57,480 INFO  impl.RaftServerImpl (ServerState.java:<init>(105)) - 87646718-667e-4878-8992-a3dd443fe4fc:group-CB95DDE65814 ConfigurationManager, init=-1: [f4c32484-3cd8-4afd-99dc-3cdc56363316:192.168.69.122:39777, f5533a48-6b01-4d64-bb1b-b6223da53acd:192.168.69.122:39530, 87646718-667e-4878-8992-a3dd443fe4fc:192.168.69.122:37862], old=null, confs=<EMPTY_MAP>
2019-07-13 19:09:57,480 INFO  server.RaftServerConfigKeys (ConfUtils.java:logGet(43)) - raft.server.sleep.deviation.threshold = 300 (default)
2019-07-13 19:09:57,481 INFO  server.RaftServerConfigKeys (ConfUtils.java:logGet(43)) - raft.server.storage.dir = [/tmp/workdir/hadoop-ozone/integration-test/target/test-dir/MiniOzoneClusterImpl-136afc4f-b221-466b-9398-6948e7bf56bc/datanode-5/data/ratis] (custom)
2019-07-13 19:09:57,481 INFO  server.RaftServerConfigKeys (ConfUtils.java:logGet(43)) - raft.server.log.appender.install.snapshot.enabled = false (custom)
2019-07-13 19:09:57,481 INFO  impl.RaftServerImpl (ServerState.java:<init>(105)) - f4c32484-3cd8-4afd-99dc-3cdc56363316:group-CB95DDE65814 ConfigurationManager, init=-1: [f4c32484-3cd8-4afd-99dc-3cdc56363316:192.168.69.122:39777, f5533a48-6b01-4d64-bb1b-b6223da53acd:192.168.69.122:39530, 87646718-667e-4878-8992-a3dd443fe4fc:192.168.69.122:37862], old=null, confs=<EMPTY_MAP>
2019-07-13 19:09:57,481 INFO  storage.RaftStorageDirectory (RaftStorageDirectory.java:analyzeStorage(246)) - The storage directory /tmp/workdir/hadoop-ozone/integration-test/target/test-dir/MiniOzoneClusterImpl-136afc4f-b221-466b-9398-6948e7bf56bc/datanode-5/data/ratis/bb793384-4ecf-4b1d-a1d2-cb95dde65814 does not exist. Creating ...
2019-07-13 19:09:57,481 INFO  server.RaftServerConfigKeys (ConfUtils.java:logGet(43)) - raft.server.storage.dir = [/tmp/workdir/hadoop-ozone/integration-test/target/test-dir/MiniOzoneClusterImpl-136afc4f-b221-466b-9398-6948e7bf56bc/datanode-4/data/ratis] (custom)
2019-07-13 19:09:57,482 INFO  storage.RaftStorageDirectory (RaftStorageDirectory.java:analyzeStorage(246)) - The storage directory /tmp/workdir/hadoop-ozone/integration-test/target/test-dir/MiniOzoneClusterImpl-136afc4f-b221-466b-9398-6948e7bf56bc/datanode-4/data/ratis/bb793384-4ecf-4b1d-a1d2-cb95dde65814 does not exist. Creating ...
2019-07-13 19:09:57,494 INFO  storage.RaftStorageDirectory (RaftStorageDirectory.java:tryLock(328)) - Lock on /tmp/workdir/hadoop-ozone/integration-test/target/test-dir/MiniOzoneClusterImpl-136afc4f-b221-466b-9398-6948e7bf56bc/datanode-4/data/ratis/bb793384-4ecf-4b1d-a1d2-cb95dde65814/in_use.lock acquired by nodename 10860@trunk-nightly-fxqsz-774976932
2019-07-13 19:09:57,494 INFO  storage.RaftStorageDirectory (RaftStorageDirectory.java:tryLock(328)) - Lock on /tmp/workdir/hadoop-ozone/integration-test/target/test-dir/MiniOzoneClusterImpl-136afc4f-b221-466b-9398-6948e7bf56bc/datanode-3/data/ratis/bb793384-4ecf-4b1d-a1d2-cb95dde65814/in_use.lock acquired by nodename 10860@trunk-nightly-fxqsz-774976932
2019-07-13 19:09:57,494 INFO  storage.RaftStorageDirectory (RaftStorageDirectory.java:tryLock(328)) - Lock on /tmp/workdir/hadoop-ozone/integration-test/target/test-dir/MiniOzoneClusterImpl-136afc4f-b221-466b-9398-6948e7bf56bc/datanode-5/data/ratis/bb793384-4ecf-4b1d-a1d2-cb95dde65814/in_use.lock acquired by nodename 10860@trunk-nightly-fxqsz-774976932
2019-07-13 19:09:57,508 INFO  storage.RaftStorage (RaftStorage.java:format(72)) - Storage directory /tmp/workdir/hadoop-ozone/integration-test/target/test-dir/MiniOzoneClusterImpl-136afc4f-b221-466b-9398-6948e7bf56bc/datanode-4/data/ratis/bb793384-4ecf-4b1d-a1d2-cb95dde65814 has been successfully formatted.
2019-07-13 19:09:57,508 INFO  storage.RaftStorage (RaftStorage.java:format(72)) - Storage directory /tmp/workdir/hadoop-ozone/integration-test/target/test-dir/MiniOzoneClusterImpl-136afc4f-b221-466b-9398-6948e7bf56bc/datanode-3/data/ratis/bb793384-4ecf-4b1d-a1d2-cb95dde65814 has been successfully formatted.
2019-07-13 19:09:57,508 INFO  storage.RaftStorage (RaftStorage.java:format(72)) - Storage directory /tmp/workdir/hadoop-ozone/integration-test/target/test-dir/MiniOzoneClusterImpl-136afc4f-b221-466b-9398-6948e7bf56bc/datanode-5/data/ratis/bb793384-4ecf-4b1d-a1d2-cb95dde65814 has been successfully formatted.
2019-07-13 19:09:57,508 INFO  ratis.ContainerStateMachine (ContainerStateMachine.java:loadSnapshot(200)) - The snapshot info is null.Setting the last applied index to:(t:0, i:~)
2019-07-13 19:09:57,508 INFO  ratis.ContainerStateMachine (ContainerStateMachine.java:loadSnapshot(200)) - The snapshot info is null.Setting the last applied index to:(t:0, i:~)
2019-07-13 19:09:57,508 INFO  ratis.ContainerStateMachine (ContainerStateMachine.java:loadSnapshot(200)) - The snapshot info is null.Setting the last applied index to:(t:0, i:~)
2019-07-13 19:09:57,509 INFO  server.RaftServerConfigKeys (ConfUtils.java:logGet(43)) - raft.server.leader.election.timeout = 120s (custom)
2019-07-13 19:09:57,509 INFO  server.RaftServerConfigKeys (ConfUtils.java:logGet(43)) - raft.server.leader.election.timeout = 120s (custom)
2019-07-13 19:09:57,509 INFO  server.RaftServerConfigKeys (ConfUtils.java:logGet(43)) - raft.server.log.use.memory = false (default)
2019-07-13 19:09:57,509 INFO  server.RaftServerConfigKeys (ConfUtils.java:logGet(43)) - raft.server.leader.election.timeout = 120s (custom)
2019-07-13 19:09:57,509 INFO  server.RaftServerConfigKeys (ConfUtils.java:logGet(43)) - raft.server.log.purge.gap = 1000000000 (custom)
2019-07-13 19:09:57,509 INFO  server.RaftServerConfigKeys (ConfUtils.java:logGet(43)) - raft.server.log.use.memory = false (default)
2019-07-13 19:09:57,510 INFO  server.RaftServerConfigKeys (ConfUtils.java:logGet(43)) - raft.server.log.appender.buffer.byte-limit = 33554432 (custom)
2019-07-13 19:09:57,509 INFO  server.RaftServerConfigKeys (ConfUtils.java:logGet(43)) - raft.server.log.use.memory = false (default)
2019-07-13 19:09:57,510 INFO  server.RaftServerConfigKeys (ConfUtils.java:logGet(43)) - raft.server.log.segment.size.max = 1048576 (custom)
2019-07-13 19:09:57,510 INFO  server.RaftServerConfigKeys (ConfUtils.java:logGet(43)) - raft.server.log.segment.cache.num.max = 2 (custom)
2019-07-13 19:09:57,510 INFO  server.RaftServerConfigKeys (ConfUtils.java:logGet(43)) - raft.server.log.purge.gap = 1000000000 (custom)
2019-07-13 19:09:57,510 INFO  segmented.SegmentedRaftLogWorker (SegmentedRaftLogWorker.java:<init>(172)) - new 87646718-667e-4878-8992-a3dd443fe4fc-SegmentedRaftLogWorker:Storage Directory /tmp/workdir/hadoop-ozone/integration-test/target/test-dir/MiniOzoneClusterImpl-136afc4f-b221-466b-9398-6948e7bf56bc/datanode-5/data/ratis/bb793384-4ecf-4b1d-a1d2-cb95dde65814 for RaftStorage:Storage Directory /tmp/workdir/hadoop-ozone/integration-test/target/test-dir/MiniOzoneClusterImpl-136afc4f-b221-466b-9398-6948e7bf56bc/datanode-5/data/ratis/bb793384-4ecf-4b1d-a1d2-cb95dde65814
2019-07-13 19:09:57,510 INFO  server.RaftServerConfigKeys (ConfUtils.java:logGet(43)) - raft.server.log.purge.gap = 1000000000 (custom)
2019-07-13 19:09:57,511 INFO  server.RaftServerConfigKeys (ConfUtils.java:logGet(43)) - raft.server.log.queue.byte-limit = 2147483647 (custom)
2019-07-13 19:09:57,511 INFO  server.RaftServerConfigKeys (ConfUtils.java:logGet(43)) - raft.server.log.appender.buffer.byte-limit = 33554432 (custom)
2019-07-13 19:09:57,511 INFO  server.RaftServerConfigKeys (ConfUtils.java:logGet(43)) - raft.server.log.queue.element-limit = 1024 (custom)
2019-07-13 19:09:57,511 INFO  server.RaftServerConfigKeys (ConfUtils.java:logGet(43)) - raft.server.log.appender.buffer.byte-limit = 33554432 (custom)
2019-07-13 19:09:57,511 INFO  server.RaftServerConfigKeys (ConfUtils.java:logGet(43)) - raft.server.log.segment.size.max = 1048576 (custom)
2019-07-13 19:09:57,512 INFO  server.RaftServerConfigKeys (ConfUtils.java:logGet(43)) - raft.server.log.preallocated.size = 16384 (custom)
2019-07-13 19:09:57,511 INFO  server.RaftServerConfigKeys (ConfUtils.java:logGet(43)) - raft.server.log.segment.size.max = 1048576 (custom)
2019-07-13 19:09:57,512 INFO  server.RaftServerConfigKeys (ConfUtils.java:logGet(43)) - raft.server.log.write.buffer.size = 33554432 (custom)
2019-07-13 19:09:57,512 INFO  server.RaftServerConfigKeys (ConfUtils.java:logGet(43)) - raft.server.log.segment.size.max = 1048576 (custom)
2019-07-13 19:09:57,512 INFO  server.RaftServerConfigKeys (ConfUtils.java:logGet(43)) - raft.server.log.force.sync.num = 128 (default)
2019-07-13 19:09:57,512 INFO  server.RaftServerConfigKeys (ConfUtils.java:logGet(43)) - raft.server.log.segment.cache.num.max = 2 (custom)
2019-07-13 19:09:57,512 INFO  server.RaftServerConfigKeys (ConfUtils.java:logGet(43)) - raft.server.log.statemachine.data.sync = true (default)
2019-07-13 19:09:57,512 INFO  server.RaftServerConfigKeys (ConfUtils.java:logGet(43)) - raft.server.log.segment.cache.num.max = 2 (custom)
2019-07-13 19:09:57,513 INFO  server.RaftServerConfigKeys (ConfUtils.java:logGet(43)) - raft.server.log.statemachine.data.sync.timeout = 10s (default)
2019-07-13 19:09:57,513 INFO  server.RaftServerConfigKeys (ConfUtils.java:logGet(43)) - raft.server.log.statemachine.data.sync.timeout.retry = -1 (default)
2019-07-13 19:09:57,513 INFO  segmented.SegmentedRaftLogWorker (SegmentedRaftLogWorker.java:<init>(172)) - new f5533a48-6b01-4d64-bb1b-b6223da53acd-SegmentedRaftLogWorker:Storage Directory /tmp/workdir/hadoop-ozone/integration-test/target/test-dir/MiniOzoneClusterImpl-136afc4f-b221-466b-9398-6948e7bf56bc/datanode-3/data/ratis/bb793384-4ecf-4b1d-a1d2-cb95dde65814 for RaftStorage:Storage Directory /tmp/workdir/hadoop-ozone/integration-test/target/test-dir/MiniOzoneClusterImpl-136afc4f-b221-466b-9398-6948e7bf56bc/datanode-3/data/ratis/bb793384-4ecf-4b1d-a1d2-cb95dde65814
2019-07-13 19:09:57,513 INFO  server.RaftServerConfigKeys (ConfUtils.java:logGet(43)) - raft.server.log.statemachine.data.caching.enabled = true (custom)
2019-07-13 19:09:57,513 INFO  segmented.SegmentedRaftLogWorker (SegmentedRaftLogWorker.java:<init>(172)) - new f4c32484-3cd8-4afd-99dc-3cdc56363316-SegmentedRaftLogWorker:Storage Directory /tmp/workdir/hadoop-ozone/integration-test/target/test-dir/MiniOzoneClusterImpl-136afc4f-b221-466b-9398-6948e7bf56bc/datanode-4/data/ratis/bb793384-4ecf-4b1d-a1d2-cb95dde65814 for RaftStorage:Storage Directory /tmp/workdir/hadoop-ozone/integration-test/target/test-dir/MiniOzoneClusterImpl-136afc4f-b221-466b-9398-6948e7bf56bc/datanode-4/data/ratis/bb793384-4ecf-4b1d-a1d2-cb95dde65814
2019-07-13 19:09:57,513 INFO  server.RaftServerConfigKeys (ConfUtils.java:logGet(43)) - raft.server.log.queue.byte-limit = 2147483647 (custom)
2019-07-13 19:09:57,514 INFO  segmented.SegmentedRaftLogWorker (SegmentedRaftLogWorker.java:lambda$new$0(132)) - 87646718-667e-4878-8992-a3dd443fe4fc-SegmentedRaftLogWorker:Storage Directory /tmp/workdir/hadoop-ozone/integration-test/target/test-dir/MiniOzoneClusterImpl-136afc4f-b221-466b-9398-6948e7bf56bc/datanode-5/data/ratis/bb793384-4ecf-4b1d-a1d2-cb95dde65814: flushIndex: setUnconditionally 0 -> -1
2019-07-13 19:09:57,514 INFO  server.RaftServerConfigKeys (ConfUtils.java:logGet(43)) - raft.server.log.queue.byte-limit = 2147483647 (custom)
2019-07-13 19:09:57,514 INFO  server.RaftServerConfigKeys (ConfUtils.java:logGet(43)) - raft.server.log.queue.element-limit = 1024 (custom)
2019-07-13 19:09:57,514 INFO  server.RaftServerConfigKeys (ConfUtils.java:logGet(43)) - raft.server.snapshot.auto.trigger.enabled = true (custom)
2019-07-13 19:09:57,514 INFO  server.RaftServerConfigKeys (ConfUtils.java:logGet(43)) - raft.server.log.queue.element-limit = 1024 (custom)
2019-07-13 19:09:57,515 INFO  server.RaftServerConfigKeys (ConfUtils.java:logGet(43)) - raft.server.snapshot.auto.trigger.threshold = 10000 (custom)
2019-07-13 19:09:57,514 INFO  server.RaftServerConfigKeys (ConfUtils.java:logGet(43)) - raft.server.log.segment.size.max = 1048576 (custom)
2019-07-13 19:09:57,515 INFO  server.RaftServerConfigKeys (ConfUtils.java:logGet(43)) - raft.server.retrycache.expirytime = 600000ms (custom)
2019-07-13 19:09:57,515 INFO  server.RaftServerConfigKeys (ConfUtils.java:logGet(43)) - raft.server.log.segment.size.max = 1048576 (custom)
2019-07-13 19:09:57,515 INFO  impl.RaftServerImpl (RaftServerImpl.java:start(180)) - 87646718-667e-4878-8992-a3dd443fe4fc: start group-CB95DDE65814
2019-07-13 19:09:57,515 INFO  server.RaftServerConfigKeys (ConfUtils.java:logGet(43)) - raft.server.log.preallocated.size = 16384 (custom)
2019-07-13 19:09:57,515 INFO  impl.RaftServerImpl (RaftServerImpl.java:setRole(171)) - 87646718-667e-4878-8992-a3dd443fe4fc:group-CB95DDE65814 changes role from null to FOLLOWER at term 0 for startAsFollower
2019-07-13 19:09:57,515 INFO  server.RaftServerConfigKeys (ConfUtils.java:logGet(43)) - raft.server.log.preallocated.size = 16384 (custom)
2019-07-13 19:09:57,516 INFO  impl.RoleInfo (RoleInfo.java:updateAndGet(143)) - 87646718-667e-4878-8992-a3dd443fe4fc: start FollowerState
2019-07-13 19:09:57,516 INFO  server.RaftServerConfigKeys (ConfUtils.java:logGet(43)) - raft.server.log.write.buffer.size = 33554432 (custom)
2019-07-13 19:09:57,516 INFO  server.RaftServerConfigKeys (ConfUtils.java:logGet(43)) - raft.server.log.write.buffer.size = 33554432 (custom)
2019-07-13 19:09:57,516 INFO  util.JmxRegister (JmxRegister.java:tryRegister(44)) - Successfully registered JMX Bean with object name Ratis:service=RaftServer,group=group-CB95DDE65814,id=87646718-667e-4878-8992-a3dd443fe4fc
2019-07-13 19:09:57,516 INFO  server.RaftServerConfigKeys (ConfUtils.java:logGet(43)) - raft.server.log.force.sync.num = 128 (default)
2019-07-13 19:09:57,516 INFO  server.RaftServerConfigKeys (ConfUtils.java:logGet(43)) - raft.server.log.force.sync.num = 128 (default)
2019-07-13 19:09:57,517 INFO  server.RaftServerConfigKeys (ConfUtils.java:logGet(43)) - raft.server.log.statemachine.data.sync = true (default)
2019-07-13 19:09:57,517 INFO  server.RaftServerConfigKeys (ConfUtils.java:logGet(43)) - raft.server.log.statemachine.data.sync = true (default)
2019-07-13 19:09:57,517 INFO  server.RaftServerConfigKeys (ConfUtils.java:logGet(43)) - raft.server.log.statemachine.data.sync.timeout = 10s (default)
2019-07-13 19:09:57,517 INFO  server.RaftServerConfigKeys (ConfUtils.java:logGet(43)) - raft.server.log.statemachine.data.sync.timeout = 10s (default)
2019-07-13 19:09:57,517 INFO  server.RaftServerConfigKeys (ConfUtils.java:logGet(43)) - raft.server.log.statemachine.data.sync.timeout.retry = -1 (default)
2019-07-13 19:09:57,517 INFO  server.RaftServerConfigKeys (ConfUtils.java:logGet(43)) - raft.server.log.statemachine.data.sync.timeout.retry = -1 (default)
2019-07-13 19:09:57,518 INFO  server.RaftServerConfigKeys (ConfUtils.java:logGet(43)) - raft.server.log.statemachine.data.caching.enabled = true (custom)
2019-07-13 19:09:57,518 INFO  server.RaftServerConfigKeys (ConfUtils.java:logGet(43)) - raft.server.log.statemachine.data.caching.enabled = true (custom)
2019-07-13 19:09:57,518 INFO  segmented.SegmentedRaftLogWorker (SegmentedRaftLogWorker.java:lambda$new$0(132)) - f5533a48-6b01-4d64-bb1b-b6223da53acd-SegmentedRaftLogWorker:Storage Directory /tmp/workdir/hadoop-ozone/integration-test/target/test-dir/MiniOzoneClusterImpl-136afc4f-b221-466b-9398-6948e7bf56bc/datanode-3/data/ratis/bb793384-4ecf-4b1d-a1d2-cb95dde65814: flushIndex: setUnconditionally 0 -> -1
2019-07-13 19:09:57,518 INFO  segmented.SegmentedRaftLogWorker (SegmentedRaftLogWorker.java:lambda$new$0(132)) - f4c32484-3cd8-4afd-99dc-3cdc56363316-SegmentedRaftLogWorker:Storage Directory /tmp/workdir/hadoop-ozone/integration-test/target/test-dir/MiniOzoneClusterImpl-136afc4f-b221-466b-9398-6948e7bf56bc/datanode-4/data/ratis/bb793384-4ecf-4b1d-a1d2-cb95dde65814: flushIndex: setUnconditionally 0 -> -1
2019-07-13 19:09:57,518 INFO  server.RaftServerConfigKeys (ConfUtils.java:logGet(43)) - raft.server.snapshot.auto.trigger.enabled = true (custom)
2019-07-13 19:09:57,519 INFO  server.RaftServerConfigKeys (ConfUtils.java:logGet(43)) - raft.server.snapshot.auto.trigger.threshold = 10000 (custom)
2019-07-13 19:09:57,519 INFO  server.RaftServerConfigKeys (ConfUtils.java:logGet(43)) - raft.server.snapshot.auto.trigger.enabled = true (custom)
2019-07-13 19:09:57,519 INFO  server.RaftServerConfigKeys (ConfUtils.java:logGet(43)) - raft.server.retrycache.expirytime = 600000ms (custom)
2019-07-13 19:09:57,519 INFO  server.RaftServerConfigKeys (ConfUtils.java:logGet(43)) - raft.server.snapshot.auto.trigger.threshold = 10000 (custom)
2019-07-13 19:09:57,519 INFO  impl.RaftServerImpl (RaftServerImpl.java:start(180)) - f5533a48-6b01-4d64-bb1b-b6223da53acd: start group-CB95DDE65814
2019-07-13 19:09:57,519 INFO  server.RaftServerConfigKeys (ConfUtils.java:logGet(43)) - raft.server.retrycache.expirytime = 600000ms (custom)
2019-07-13 19:09:57,519 INFO  impl.RaftServerImpl (RaftServerImpl.java:setRole(171)) - f5533a48-6b01-4d64-bb1b-b6223da53acd:group-CB95DDE65814 changes role from null to FOLLOWER at term 0 for startAsFollower
2019-07-13 19:09:57,520 INFO  impl.RaftServerImpl (RaftServerImpl.java:start(180)) - f4c32484-3cd8-4afd-99dc-3cdc56363316: start group-CB95DDE65814
2019-07-13 19:09:57,520 INFO  impl.RoleInfo (RoleInfo.java:updateAndGet(143)) - f5533a48-6b01-4d64-bb1b-b6223da53acd: start FollowerState
2019-07-13 19:09:57,520 INFO  impl.RaftServerImpl (RaftServerImpl.java:setRole(171)) - f4c32484-3cd8-4afd-99dc-3cdc56363316:group-CB95DDE65814 changes role from null to FOLLOWER at term 0 for startAsFollower
2019-07-13 19:09:57,520 INFO  impl.RoleInfo (RoleInfo.java:updateAndGet(143)) - f4c32484-3cd8-4afd-99dc-3cdc56363316: start FollowerState
2019-07-13 19:09:57,520 INFO  util.JmxRegister (JmxRegister.java:tryRegister(44)) - Successfully registered JMX Bean with object name Ratis:service=RaftServer,group=group-CB95DDE65814,id=f5533a48-6b01-4d64-bb1b-b6223da53acd
2019-07-13 19:09:57,520 INFO  util.JmxRegister (JmxRegister.java:tryRegister(44)) - Successfully registered JMX Bean with object name Ratis:service=RaftServer,group=group-CB95DDE65814,id=f4c32484-3cd8-4afd-99dc-3cdc56363316
2019-07-13 19:09:57,529 INFO  pipeline.PipelineStateManager (PipelineStateManager.java:addPipeline(56)) - Created pipeline Pipeline[ Id: bb793384-4ecf-4b1d-a1d2-cb95dde65814, Nodes: f4c32484-3cd8-4afd-99dc-3cdc56363316{ip: 192.168.69.122, host: trunk-nightly-fxqsz-774976932, networkLocation: /default-rack, certSerialId: null}87646718-667e-4878-8992-a3dd443fe4fc{ip: 192.168.69.122, host: trunk-nightly-fxqsz-774976932, networkLocation: /default-rack, certSerialId: null}f5533a48-6b01-4d64-bb1b-b6223da53acd{ip: 192.168.69.122, host: trunk-nightly-fxqsz-774976932, networkLocation: /default-rack, certSerialId: null}, Type:RATIS, Factor:THREE, State:OPEN]
2019-07-13 19:09:57,662 INFO  client.GrpcClientProtocolClient (GrpcClientProtocolClient.java:onNext(255)) - client-C441FE1DD4C5->830c9cfb-9e36-4b07-baca-db2ce6def4df: receive RaftClientReply:client-C441FE1DD4C5->830c9cfb-9e36-4b07-baca-db2ce6def4df@group-92D9FFD2B499, cid=66, FAILED org.apache.ratis.protocol.NotLeaderException: Server 830c9cfb-9e36-4b07-baca-db2ce6def4df is not the leader (null). Request must be sent to leader., logIndex=0, commits[830c9cfb-9e36-4b07-baca-db2ce6def4df:c-1]
2019-07-13 19:09:58,707 INFO  client.GrpcClientProtocolClient (GrpcClientProtocolClient.java:onNext(255)) - client-C441FE1DD4C5->7f64e164-36f3-4e0a-9859-4318ff6565b2: receive RaftClientReply:client-C441FE1DD4C5->7f64e164-36f3-4e0a-9859-4318ff6565b2@group-92D9FFD2B499, cid=66, FAILED org.apache.ratis.protocol.NotLeaderException: Server 7f64e164-36f3-4e0a-9859-4318ff6565b2 is not the leader (null). Request must be sent to leader., logIndex=0, commits[7f64e164-36f3-4e0a-9859-4318ff6565b2:c-1]
2019-07-13 19:09:59,363 INFO  container.ReplicationManager (ReplicationManager.java:start(155)) - Starting Replication Monitor Thread.
2019-07-13 19:09:59,371 INFO  container.ReplicationManager (ReplicationManager.java:run(207)) - Replication Monitor Thread took 1 milliseconds for processing 5 containers.
2019-07-13 19:09:59,736 INFO  client.GrpcClientProtocolClient (GrpcClientProtocolClient.java:onNext(255)) - client-C441FE1DD4C5->830c9cfb-9e36-4b07-baca-db2ce6def4df: receive RaftClientReply:client-C441FE1DD4C5->830c9cfb-9e36-4b07-baca-db2ce6def4df@group-92D9FFD2B499, cid=66, FAILED org.apache.ratis.protocol.NotLeaderException: Server 830c9cfb-9e36-4b07-baca-db2ce6def4df is not the leader (null). Request must be sent to leader., logIndex=0, commits[830c9cfb-9e36-4b07-baca-db2ce6def4df:c-1]
2019-07-13 19:10:00,771 INFO  client.GrpcClientProtocolClient (GrpcClientProtocolClient.java:onNext(255)) - client-C441FE1DD4C5->fec82ebc-a9e9-48a9-8e9b-efd2a640e840: receive RaftClientReply:client-C441FE1DD4C5->fec82ebc-a9e9-48a9-8e9b-efd2a640e840@group-92D9FFD2B499, cid=66, FAILED org.apache.ratis.protocol.NotLeaderException: Server fec82ebc-a9e9-48a9-8e9b-efd2a640e840 is not the leader (null). Request must be sent to leader., logIndex=0, commits[fec82ebc-a9e9-48a9-8e9b-efd2a640e840:c-1]
2019-07-13 19:10:01,582 INFO  impl.FollowerState (FollowerState.java:run(106)) - 830c9cfb-9e36-4b07-baca-db2ce6def4df:group-DCF4B8E88C3A changes to CANDIDATE, lastRpcTime:5172, electionTimeout:5172ms
2019-07-13 19:10:01,582 INFO  impl.RoleInfo (RoleInfo.java:shutdownFollowerState(121)) - 830c9cfb-9e36-4b07-baca-db2ce6def4df: shutdown FollowerState
2019-07-13 19:10:01,582 INFO  impl.RaftServerImpl (RaftServerImpl.java:setRole(171)) - 830c9cfb-9e36-4b07-baca-db2ce6def4df:group-DCF4B8E88C3A changes role from FOLLOWER to CANDIDATE at term 0 for changeToCandidate
2019-07-13 19:10:01,582 INFO  impl.RoleInfo (RoleInfo.java:updateAndGet(143)) - 830c9cfb-9e36-4b07-baca-db2ce6def4df: start LeaderElection
2019-07-13 19:10:01,611 INFO  impl.LeaderElection (LeaderElection.java:askForVotes(181)) - 830c9cfb-9e36-4b07-baca-db2ce6def4df:group-DCF4B8E88C3A:LeaderElection35: begin an election at term 1 for -1: [830c9cfb-9e36-4b07-baca-db2ce6def4df:192.168.69.122:35062], old=null
2019-07-13 19:10:01,612 INFO  impl.RoleInfo (RoleInfo.java:shutdownLeaderElection(134)) - 830c9cfb-9e36-4b07-baca-db2ce6def4df: shutdown LeaderElection
2019-07-13 19:10:01,612 INFO  impl.RaftServerImpl (RaftServerImpl.java:setRole(171)) - 830c9cfb-9e36-4b07-baca-db2ce6def4df:group-DCF4B8E88C3A changes role from CANDIDATE to LEADER at term 1 for changeToLeader
2019-07-13 19:10:01,612 INFO  impl.RaftServerImpl (ServerState.java:setLeader(263)) - 830c9cfb-9e36-4b07-baca-db2ce6def4df:group-DCF4B8E88C3A change Leader from null to 830c9cfb-9e36-4b07-baca-db2ce6def4df at term 1 for becomeLeader, leader elected after 5207ms
2019-07-13 19:10:01,612 INFO  server.RaftServerConfigKeys (ConfUtils.java:logGet(43)) - raft.server.staging.catchup.gap = 1000 (default)
2019-07-13 19:10:01,612 INFO  server.RaftServerConfigKeys (ConfUtils.java:logGet(43)) - raft.server.rpc.sleep.time = 25ms (default)
2019-07-13 19:10:01,612 INFO  server.RaftServerConfigKeys (ConfUtils.java:logGet(43)) - raft.server.write.element-limit = 4096 (default)
2019-07-13 19:10:01,613 INFO  server.RaftServerConfigKeys (ConfUtils.java:logGet(43)) - raft.server.watch.timeout = 10s (default)
2019-07-13 19:10:01,613 INFO  server.RaftServerConfigKeys (ConfUtils.java:logGet(43)) - raft.server.watch.timeout.denomination = 1s (default)
2019-07-13 19:10:01,613 INFO  server.RaftServerConfigKeys (ConfUtils.java:logGet(43)) - raft.server.watch.element-limit = 65536 (default)
2019-07-13 19:10:01,613 INFO  impl.RoleInfo (RoleInfo.java:updateAndGet(143)) - 830c9cfb-9e36-4b07-baca-db2ce6def4df: start LeaderState
2019-07-13 19:10:01,614 INFO  segmented.SegmentedRaftLogWorker (SegmentedRaftLogWorker.java:startLogSegment(380)) - 830c9cfb-9e36-4b07-baca-db2ce6def4df-SegmentedRaftLogWorker:Storage Directory /tmp/workdir/hadoop-ozone/integration-test/target/test-dir/MiniOzoneClusterImpl-136afc4f-b221-466b-9398-6948e7bf56bc/datanode-0/data/ratis/ab4ee46c-9e58-4405-8d16-dcf4b8e88c3a: Starting segment from index:0
2019-07-13 19:10:01,614 INFO  impl.RaftServerImpl (ServerState.java:setRaftConf(361)) - 830c9cfb-9e36-4b07-baca-db2ce6def4df:group-DCF4B8E88C3A set configuration 0: [830c9cfb-9e36-4b07-baca-db2ce6def4df:192.168.69.122:35062], old=null at 0
2019-07-13 19:10:01,636 INFO  segmented.SegmentedRaftLogWorker (SegmentedRaftLogWorker.java:execute(569)) - 830c9cfb-9e36-4b07-baca-db2ce6def4df-SegmentedRaftLogWorker:Storage Directory /tmp/workdir/hadoop-ozone/integration-test/target/test-dir/MiniOzoneClusterImpl-136afc4f-b221-466b-9398-6948e7bf56bc/datanode-0/data/ratis/ab4ee46c-9e58-4405-8d16-dcf4b8e88c3a: created new log segment /tmp/workdir/hadoop-ozone/integration-test/target/test-dir/MiniOzoneClusterImpl-136afc4f-b221-466b-9398-6948e7bf56bc/datanode-0/data/ratis/ab4ee46c-9e58-4405-8d16-dcf4b8e88c3a/current/log_inprogress_0
2019-07-13 19:10:01,698 INFO  impl.FollowerState (FollowerState.java:run(106)) - fec82ebc-a9e9-48a9-8e9b-efd2a640e840:group-3C1EBDFFE1C8 changes to CANDIDATE, lastRpcTime:5082, electionTimeout:5082ms
2019-07-13 19:10:01,698 INFO  impl.RoleInfo (RoleInfo.java:shutdownFollowerState(121)) - fec82ebc-a9e9-48a9-8e9b-efd2a640e840: shutdown FollowerState
2019-07-13 19:10:01,698 INFO  impl.RaftServerImpl (RaftServerImpl.java:setRole(171)) - fec82ebc-a9e9-48a9-8e9b-efd2a640e840:group-3C1EBDFFE1C8 changes role from FOLLOWER to CANDIDATE at term 0 for changeToCandidate
2019-07-13 19:10:01,698 INFO  impl.RoleInfo (RoleInfo.java:updateAndGet(143)) - fec82ebc-a9e9-48a9-8e9b-efd2a640e840: start LeaderElection
2019-07-13 19:10:01,723 INFO  impl.LeaderElection (LeaderElection.java:askForVotes(181)) - fec82ebc-a9e9-48a9-8e9b-efd2a640e840:group-3C1EBDFFE1C8:LeaderElection36: begin an election at term 1 for -1: [fec82ebc-a9e9-48a9-8e9b-efd2a640e840:192.168.69.122:39476], old=null
2019-07-13 19:10:01,723 INFO  impl.RoleInfo (RoleInfo.java:shutdownLeaderElection(134)) - fec82ebc-a9e9-48a9-8e9b-efd2a640e840: shutdown LeaderElection
2019-07-13 19:10:01,723 INFO  impl.RaftServerImpl (RaftServerImpl.java:setRole(171)) - fec82ebc-a9e9-48a9-8e9b-efd2a640e840:group-3C1EBDFFE1C8 changes role from CANDIDATE to LEADER at term 1 for changeToLeader
2019-07-13 19:10:01,723 INFO  impl.RaftServerImpl (ServerState.java:setLeader(263)) - fec82ebc-a9e9-48a9-8e9b-efd2a640e840:group-3C1EBDFFE1C8 change Leader from null to fec82ebc-a9e9-48a9-8e9b-efd2a640e840 at term 1 for becomeLeader, leader elected after 5112ms
2019-07-13 19:10:01,723 INFO  server.RaftServerConfigKeys (ConfUtils.java:logGet(43)) - raft.server.staging.catchup.gap = 1000 (default)
2019-07-13 19:10:01,724 INFO  server.RaftServerConfigKeys (ConfUtils.java:logGet(43)) - raft.server.rpc.sleep.time = 25ms (default)
2019-07-13 19:10:01,724 INFO  server.RaftServerConfigKeys (ConfUtils.java:logGet(43)) - raft.server.write.element-limit = 4096 (default)
2019-07-13 19:10:01,724 INFO  server.RaftServerConfigKeys (ConfUtils.java:logGet(43)) - raft.server.watch.timeout = 10s (default)
2019-07-13 19:10:01,724 INFO  server.RaftServerConfigKeys (ConfUtils.java:logGet(43)) - raft.server.watch.timeout.denomination = 1s (default)
2019-07-13 19:10:01,724 INFO  server.RaftServerConfigKeys (ConfUtils.java:logGet(43)) - raft.server.watch.element-limit = 65536 (default)
2019-07-13 19:10:01,725 INFO  impl.RoleInfo (RoleInfo.java:updateAndGet(143)) - fec82ebc-a9e9-48a9-8e9b-efd2a640e840: start LeaderState
2019-07-13 19:10:01,725 INFO  segmented.SegmentedRaftLogWorker (SegmentedRaftLogWorker.java:startLogSegment(380)) - fec82ebc-a9e9-48a9-8e9b-efd2a640e840-SegmentedRaftLogWorker:Storage Directory /tmp/workdir/hadoop-ozone/integration-test/target/test-dir/MiniOzoneClusterImpl-136afc4f-b221-466b-9398-6948e7bf56bc/datanode-1/data/ratis/e5ad3230-badf-4cd9-9531-3c1ebdffe1c8: Starting segment from index:0
2019-07-13 19:10:01,725 INFO  impl.RaftServerImpl (ServerState.java:setRaftConf(361)) - fec82ebc-a9e9-48a9-8e9b-efd2a640e840:group-3C1EBDFFE1C8 set configuration 0: [fec82ebc-a9e9-48a9-8e9b-efd2a640e840:192.168.69.122:39476], old=null at 0
2019-07-13 19:10:01,746 INFO  segmented.SegmentedRaftLogWorker (SegmentedRaftLogWorker.java:execute(569)) - fec82ebc-a9e9-48a9-8e9b-efd2a640e840-SegmentedRaftLogWorker:Storage Directory /tmp/workdir/hadoop-ozone/integration-test/target/test-dir/MiniOzoneClusterImpl-136afc4f-b221-466b-9398-6948e7bf56bc/datanode-1/data/ratis/e5ad3230-badf-4cd9-9531-3c1ebdffe1c8: created new log segment /tmp/workdir/hadoop-ozone/integration-test/target/test-dir/MiniOzoneClusterImpl-136afc4f-b221-466b-9398-6948e7bf56bc/datanode-1/data/ratis/e5ad3230-badf-4cd9-9531-3c1ebdffe1c8/current/log_inprogress_0
2019-07-13 19:10:01,801 INFO  client.GrpcClientProtocolClient (GrpcClientProtocolClient.java:onNext(255)) - client-C441FE1DD4C5->830c9cfb-9e36-4b07-baca-db2ce6def4df: receive RaftClientReply:client-C441FE1DD4C5->830c9cfb-9e36-4b07-baca-db2ce6def4df@group-92D9FFD2B499, cid=66, FAILED org.apache.ratis.protocol.NotLeaderException: Server 830c9cfb-9e36-4b07-baca-db2ce6def4df is not the leader (null). Request must be sent to leader., logIndex=0, commits[830c9cfb-9e36-4b07-baca-db2ce6def4df:c-1]
2019-07-13 19:10:01,823 WARN  io.KeyOutputStream (KeyOutputStream.java:handleException(276)) - Encountered exception java.io.IOException: Unexpected Storage Container Exception: java.util.concurrent.CompletionException: java.util.concurrent.CompletionException: org.apache.ratis.protocol.RaftRetryFailureException: Failed RaftClientRequest:client-C441FE1DD4C5->830c9cfb-9e36-4b07-baca-db2ce6def4df@group-92D9FFD2B499, cid=66, seq=1*, RW, org.apache.hadoop.hdds.scm.XceiverClientRatis$$Lambda$309/1480893137@7e01849b for 5 attempts with RetryLimited(maxAttempts=5, sleepTime=1000ms) on the pipeline Pipeline[ Id: ec4dc071-a4c0-44b2-b2e7-92d9ffd2b499, Nodes: 830c9cfb-9e36-4b07-baca-db2ce6def4df{ip: 192.168.69.122, host: trunk-nightly-fxqsz-774976932, networkLocation: /default-rack, certSerialId: null}fec82ebc-a9e9-48a9-8e9b-efd2a640e840{ip: 192.168.69.122, host: trunk-nightly-fxqsz-774976932, networkLocation: /default-rack, certSerialId: null}7f64e164-36f3-4e0a-9859-4318ff6565b2{ip: 192.168.69.122, host: trunk-nightly-fxqsz-774976932, networkLocation: /default-rack, certSerialId: null}, Type:RATIS, Factor:THREE, State:OPEN]. The last committed block length is 0, uncommitted data length is 2097152 retry count 0
2019-07-13 19:10:01,886 INFO  client.GrpcClientProtocolClient (GrpcClientProtocolClient.java:onNext(255)) - client-FA009844F56A->f4c32484-3cd8-4afd-99dc-3cdc56363316: receive RaftClientReply:client-FA009844F56A->f4c32484-3cd8-4afd-99dc-3cdc56363316@group-CB95DDE65814, cid=70, FAILED org.apache.ratis.protocol.NotLeaderException: Server f4c32484-3cd8-4afd-99dc-3cdc56363316 is not the leader (null). Request must be sent to leader., logIndex=0, commits[f4c32484-3cd8-4afd-99dc-3cdc56363316:c-1]
2019-07-13 19:10:01,914 INFO  impl.FollowerState (FollowerState.java:run(106)) - 7f64e164-36f3-4e0a-9859-4318ff6565b2:group-4EFCBADF2F6F changes to CANDIDATE, lastRpcTime:5100, electionTimeout:5100ms
2019-07-13 19:10:01,914 INFO  impl.RoleInfo (RoleInfo.java:shutdownFollowerState(121)) - 7f64e164-36f3-4e0a-9859-4318ff6565b2: shutdown FollowerState
2019-07-13 19:10:01,914 INFO  impl.RaftServerImpl (RaftServerImpl.java:setRole(171)) - 7f64e164-36f3-4e0a-9859-4318ff6565b2:group-4EFCBADF2F6F changes role from FOLLOWER to CANDIDATE at term 0 for changeToCandidate
2019-07-13 19:10:01,914 INFO  impl.RoleInfo (RoleInfo.java:updateAndGet(143)) - 7f64e164-36f3-4e0a-9859-4318ff6565b2: start LeaderElection
2019-07-13 19:10:01,949 INFO  impl.LeaderElection (LeaderElection.java:askForVotes(181)) - 7f64e164-36f3-4e0a-9859-4318ff6565b2:group-4EFCBADF2F6F:LeaderElection37: begin an election at term 1 for -1: [7f64e164-36f3-4e0a-9859-4318ff6565b2:192.168.69.122:33380], old=null
2019-07-13 19:10:01,949 INFO  impl.RoleInfo (RoleInfo.java:shutdownLeaderElection(134)) - 7f64e164-36f3-4e0a-9859-4318ff6565b2: shutdown LeaderElection
2019-07-13 19:10:01,950 INFO  impl.RaftServerImpl (RaftServerImpl.java:setRole(171)) - 7f64e164-36f3-4e0a-9859-4318ff6565b2:group-4EFCBADF2F6F changes role from CANDIDATE to LEADER at term 1 for changeToLeader
2019-07-13 19:10:01,950 INFO  impl.RaftServerImpl (ServerState.java:setLeader(263)) - 7f64e164-36f3-4e0a-9859-4318ff6565b2:group-4EFCBADF2F6F change Leader from null to 7f64e164-36f3-4e0a-9859-4318ff6565b2 at term 1 for becomeLeader, leader elected after 5140ms
2019-07-13 19:10:01,950 INFO  server.RaftServerConfigKeys (ConfUtils.java:logGet(43)) - raft.server.staging.catchup.gap = 1000 (default)
2019-07-13 19:10:01,950 INFO  server.RaftServerConfigKeys (ConfUtils.java:logGet(43)) - raft.server.rpc.sleep.time = 25ms (default)
2019-07-13 19:10:01,950 INFO  server.RaftServerConfigKeys (ConfUtils.java:logGet(43)) - raft.server.write.element-limit = 4096 (default)
2019-07-13 19:10:01,951 INFO  server.RaftServerConfigKeys (ConfUtils.java:logGet(43)) - raft.server.watch.timeout = 10s (default)
2019-07-13 19:10:01,951 INFO  server.RaftServerConfigKeys (ConfUtils.java:logGet(43)) - raft.server.watch.timeout.denomination = 1s (default)
2019-07-13 19:10:01,951 INFO  server.RaftServerConfigKeys (ConfUtils.java:logGet(43)) - raft.server.watch.element-limit = 65536 (default)
2019-07-13 19:10:01,951 INFO  impl.RoleInfo (RoleInfo.java:updateAndGet(143)) - 7f64e164-36f3-4e0a-9859-4318ff6565b2: start LeaderState
2019-07-13 19:10:01,951 INFO  segmented.SegmentedRaftLogWorker (SegmentedRaftLogWorker.java:startLogSegment(380)) - 7f64e164-36f3-4e0a-9859-4318ff6565b2-SegmentedRaftLogWorker:Storage Directory /tmp/workdir/hadoop-ozone/integration-test/target/test-dir/MiniOzoneClusterImpl-136afc4f-b221-466b-9398-6948e7bf56bc/datanode-2/data/ratis/3e1e0329-cb7b-4595-8f03-4efcbadf2f6f: Starting segment from index:0
2019-07-13 19:10:01,952 INFO  impl.RaftServerImpl (ServerState.java:setRaftConf(361)) - 7f64e164-36f3-4e0a-9859-4318ff6565b2:group-4EFCBADF2F6F set configuration 0: [7f64e164-36f3-4e0a-9859-4318ff6565b2:192.168.69.122:33380], old=null at 0
2019-07-13 19:10:01,957 INFO  impl.FollowerState (FollowerState.java:run(106)) - fec82ebc-a9e9-48a9-8e9b-efd2a640e840:group-92D9FFD2B499 changes to CANDIDATE, lastRpcTime:5074, electionTimeout:5074ms
2019-07-13 19:10:01,957 INFO  impl.RoleInfo (RoleInfo.java:shutdownFollowerState(121)) - fec82ebc-a9e9-48a9-8e9b-efd2a640e840: shutdown FollowerState
2019-07-13 19:10:01,957 INFO  impl.RaftServerImpl (RaftServerImpl.java:setRole(171)) - fec82ebc-a9e9-48a9-8e9b-efd2a640e840:group-92D9FFD2B499 changes role from FOLLOWER to CANDIDATE at term 0 for changeToCandidate
2019-07-13 19:10:01,958 INFO  impl.RoleInfo (RoleInfo.java:updateAndGet(143)) - fec82ebc-a9e9-48a9-8e9b-efd2a640e840: start LeaderElection
2019-07-13 19:10:01,988 INFO  segmented.SegmentedRaftLogWorker (SegmentedRaftLogWorker.java:execute(569)) - 7f64e164-36f3-4e0a-9859-4318ff6565b2-SegmentedRaftLogWorker:Storage Directory /tmp/workdir/hadoop-ozone/integration-test/target/test-dir/MiniOzoneClusterImpl-136afc4f-b221-466b-9398-6948e7bf56bc/datanode-2/data/ratis/3e1e0329-cb7b-4595-8f03-4efcbadf2f6f: created new log segment /tmp/workdir/hadoop-ozone/integration-test/target/test-dir/MiniOzoneClusterImpl-136afc4f-b221-466b-9398-6948e7bf56bc/datanode-2/data/ratis/3e1e0329-cb7b-4595-8f03-4efcbadf2f6f/current/log_inprogress_0
2019-07-13 19:10:01,988 INFO  impl.LeaderElection (LeaderElection.java:askForVotes(181)) - fec82ebc-a9e9-48a9-8e9b-efd2a640e840:group-92D9FFD2B499:LeaderElection38: begin an election at term 1 for -1: [fec82ebc-a9e9-48a9-8e9b-efd2a640e840:192.168.69.122:39476, 7f64e164-36f3-4e0a-9859-4318ff6565b2:192.168.69.122:33380, 830c9cfb-9e36-4b07-baca-db2ce6def4df:192.168.69.122:35062], old=null
2019-07-13 19:10:01,994 INFO  impl.RaftServerImpl (RaftServerImpl.java:setRole(171)) - 7f64e164-36f3-4e0a-9859-4318ff6565b2:group-92D9FFD2B499 changes role from FOLLOWER to FOLLOWER at term 1 for recognizeCandidate:fec82ebc-a9e9-48a9-8e9b-efd2a640e840
2019-07-13 19:10:01,995 INFO  impl.RoleInfo (RoleInfo.java:shutdownFollowerState(121)) - 7f64e164-36f3-4e0a-9859-4318ff6565b2: shutdown FollowerState
2019-07-13 19:10:01,995 INFO  impl.RaftServerImpl (RaftServerImpl.java:setRole(171)) - 830c9cfb-9e36-4b07-baca-db2ce6def4df:group-92D9FFD2B499 changes role from FOLLOWER to FOLLOWER at term 1 for recognizeCandidate:fec82ebc-a9e9-48a9-8e9b-efd2a640e840
2019-07-13 19:10:01,995 INFO  impl.FollowerState (FollowerState.java:run(114)) - 7f64e164-36f3-4e0a-9859-4318ff6565b2: FollowerState was interrupted: java.lang.InterruptedException: sleep interrupted
2019-07-13 19:10:01,995 INFO  impl.RoleInfo (RoleInfo.java:updateAndGet(143)) - 7f64e164-36f3-4e0a-9859-4318ff6565b2: start FollowerState
2019-07-13 19:10:01,995 INFO  impl.RoleInfo (RoleInfo.java:shutdownFollowerState(121)) - 830c9cfb-9e36-4b07-baca-db2ce6def4df: shutdown FollowerState
2019-07-13 19:10:01,996 INFO  impl.FollowerState (FollowerState.java:run(114)) - 830c9cfb-9e36-4b07-baca-db2ce6def4df: FollowerState was interrupted: java.lang.InterruptedException: sleep interrupted
2019-07-13 19:10:01,996 INFO  impl.RoleInfo (RoleInfo.java:updateAndGet(143)) - 830c9cfb-9e36-4b07-baca-db2ce6def4df: start FollowerState
2019-07-13 19:10:02,003 INFO  impl.LeaderElection (LeaderElection.java:logAndReturn(56)) - fec82ebc-a9e9-48a9-8e9b-efd2a640e840:group-92D9FFD2B499:LeaderElection38: Election PASSED; received 1 response(s) [fec82ebc-a9e9-48a9-8e9b-efd2a640e840<-7f64e164-36f3-4e0a-9859-4318ff6565b2#0:OK-t1] and 0 exception(s); fec82ebc-a9e9-48a9-8e9b-efd2a640e840:t1, leader=null, voted=fec82ebc-a9e9-48a9-8e9b-efd2a640e840, raftlog=fec82ebc-a9e9-48a9-8e9b-efd2a640e840-SegmentedRaftLog:OPENED:c-1,f-1,i0, conf=-1: [fec82ebc-a9e9-48a9-8e9b-efd2a640e840:192.168.69.122:39476, 7f64e164-36f3-4e0a-9859-4318ff6565b2:192.168.69.122:33380, 830c9cfb-9e36-4b07-baca-db2ce6def4df:192.168.69.122:35062], old=null
2019-07-13 19:10:02,004 INFO  impl.RoleInfo (RoleInfo.java:shutdownLeaderElection(134)) - fec82ebc-a9e9-48a9-8e9b-efd2a640e840: shutdown LeaderElection
2019-07-13 19:10:02,004 INFO  impl.RaftServerImpl (RaftServerImpl.java:setRole(171)) - fec82ebc-a9e9-48a9-8e9b-efd2a640e840:group-92D9FFD2B499 changes role from CANDIDATE to LEADER at term 1 for changeToLeader
2019-07-13 19:10:02,004 INFO  impl.RaftServerImpl (ServerState.java:setLeader(263)) - fec82ebc-a9e9-48a9-8e9b-efd2a640e840:group-92D9FFD2B499 change Leader from null to fec82ebc-a9e9-48a9-8e9b-efd2a640e840 at term 1 for becomeLeader, leader elected after 5131ms
2019-07-13 19:10:02,004 INFO  server.RaftServerConfigKeys (ConfUtils.java:logGet(43)) - raft.server.staging.catchup.gap = 1000 (default)
2019-07-13 19:10:02,004 INFO  server.RaftServerConfigKeys (ConfUtils.java:logGet(43)) - raft.server.rpc.sleep.time = 25ms (default)
2019-07-13 19:10:02,004 INFO  server.RaftServerConfigKeys (ConfUtils.java:logGet(43)) - raft.server.write.element-limit = 4096 (default)
2019-07-13 19:10:02,005 INFO  server.RaftServerConfigKeys (ConfUtils.java:logGet(43)) - raft.server.watch.timeout = 10s (default)
2019-07-13 19:10:02,005 INFO  server.RaftServerConfigKeys (ConfUtils.java:logGet(43)) - raft.server.watch.timeout.denomination = 1s (default)
2019-07-13 19:10:02,005 INFO  server.RaftServerConfigKeys (ConfUtils.java:logGet(43)) - raft.server.watch.element-limit = 65536 (default)
2019-07-13 19:10:02,005 INFO  server.RaftServerConfigKeys (ConfUtils.java:logGet(43)) - raft.server.log.appender.snapshot.chunk.size.max = 16MB (=16777216) (default)
2019-07-13 19:10:02,005 INFO  server.RaftServerConfigKeys (ConfUtils.java:logGet(43)) - raft.server.log.appender.buffer.byte-limit = 33554432 (custom)
2019-07-13 19:10:02,006 INFO  server.RaftServerConfigKeys (ConfUtils.java:logGet(43)) - raft.server.log.appender.buffer.element-limit = 1 (custom)
2019-07-13 19:10:02,006 INFO  grpc.GrpcConfigKeys$Server (ConfUtils.java:logGet(43)) - raft.grpc.server.leader.outstanding.appends.max = 128 (default)
2019-07-13 19:10:02,006 INFO  server.RaftServerConfigKeys (ConfUtils.java:logGet(43)) - raft.server.rpc.request.timeout = 3000ms (default)
2019-07-13 19:10:02,006 INFO  server.RaftServerConfigKeys (ConfUtils.java:logGet(43)) - raft.server.log.appender.install.snapshot.enabled = false (custom)
2019-07-13 19:10:02,006 INFO  server.RaftServerConfigKeys (ConfUtils.java:logGet(43)) - raft.server.log.appender.snapshot.chunk.size.max = 16MB (=16777216) (default)
2019-07-13 19:10:02,007 INFO  server.RaftServerConfigKeys (ConfUtils.java:logGet(43)) - raft.server.log.appender.buffer.byte-limit = 33554432 (custom)
2019-07-13 19:10:02,007 INFO  server.RaftServerConfigKeys (ConfUtils.java:logGet(43)) - raft.server.log.appender.buffer.element-limit = 1 (custom)
2019-07-13 19:10:02,007 INFO  grpc.GrpcConfigKeys$Server (ConfUtils.java:logGet(43)) - raft.grpc.server.leader.outstanding.appends.max = 128 (default)
2019-07-13 19:10:02,007 INFO  server.RaftServerConfigKeys (ConfUtils.java:logGet(43)) - raft.server.rpc.request.timeout = 3000ms (default)
2019-07-13 19:10:02,007 INFO  server.RaftServerConfigKeys (ConfUtils.java:logGet(43)) - raft.server.log.appender.install.snapshot.enabled = false (custom)
2019-07-13 19:10:02,008 INFO  impl.RoleInfo (RoleInfo.java:updateAndGet(143)) - fec82ebc-a9e9-48a9-8e9b-efd2a640e840: start LeaderState
2019-07-13 19:10:02,008 INFO  segmented.SegmentedRaftLogWorker (SegmentedRaftLogWorker.java:startLogSegment(380)) - fec82ebc-a9e9-48a9-8e9b-efd2a640e840-SegmentedRaftLogWorker:Storage Directory /tmp/workdir/hadoop-ozone/integration-test/target/test-dir/MiniOzoneClusterImpl-136afc4f-b221-466b-9398-6948e7bf56bc/datanode-1/data/ratis/ec4dc071-a4c0-44b2-b2e7-92d9ffd2b499: Starting segment from index:0
2019-07-13 19:10:02,009 INFO  impl.RaftServerImpl (ServerState.java:setRaftConf(361)) - fec82ebc-a9e9-48a9-8e9b-efd2a640e840:group-92D9FFD2B499 set configuration 0: [fec82ebc-a9e9-48a9-8e9b-efd2a640e840:192.168.69.122:39476, 7f64e164-36f3-4e0a-9859-4318ff6565b2:192.168.69.122:33380, 830c9cfb-9e36-4b07-baca-db2ce6def4df:192.168.69.122:35062], old=null at 0
2019-07-13 19:10:02,010 INFO  impl.RaftServerImpl (ServerState.java:setLeader(263)) - 7f64e164-36f3-4e0a-9859-4318ff6565b2:group-92D9FFD2B499 change Leader from null to fec82ebc-a9e9-48a9-8e9b-efd2a640e840 at term 1 for appendEntries, leader elected after 5137ms
2019-07-13 19:10:02,011 INFO  impl.RaftServerImpl (ServerState.java:setLeader(263)) - 830c9cfb-9e36-4b07-baca-db2ce6def4df:group-92D9FFD2B499 change Leader from null to fec82ebc-a9e9-48a9-8e9b-efd2a640e840 at term 1 for appendEntries, leader elected after 5137ms
2019-07-13 19:10:02,041 INFO  impl.RaftServerImpl (ServerState.java:setRaftConf(361)) - 830c9cfb-9e36-4b07-baca-db2ce6def4df:group-92D9FFD2B499 set configuration 0: [fec82ebc-a9e9-48a9-8e9b-efd2a640e840:192.168.69.122:39476, 7f64e164-36f3-4e0a-9859-4318ff6565b2:192.168.69.122:33380, 830c9cfb-9e36-4b07-baca-db2ce6def4df:192.168.69.122:35062], old=null at 0
2019-07-13 19:10:02,041 INFO  impl.RaftServerImpl (ServerState.java:setRaftConf(361)) - 7f64e164-36f3-4e0a-9859-4318ff6565b2:group-92D9FFD2B499 set configuration 0: [fec82ebc-a9e9-48a9-8e9b-efd2a640e840:192.168.69.122:39476, 7f64e164-36f3-4e0a-9859-4318ff6565b2:192.168.69.122:33380, 830c9cfb-9e36-4b07-baca-db2ce6def4df:192.168.69.122:35062], old=null at 0
2019-07-13 19:10:02,042 INFO  segmented.SegmentedRaftLogWorker (SegmentedRaftLogWorker.java:startLogSegment(380)) - 830c9cfb-9e36-4b07-baca-db2ce6def4df-SegmentedRaftLogWorker:Storage Directory /tmp/workdir/hadoop-ozone/integration-test/target/test-dir/MiniOzoneClusterImpl-136afc4f-b221-466b-9398-6948e7bf56bc/datanode-0/data/ratis/ec4dc071-a4c0-44b2-b2e7-92d9ffd2b499: Starting segment from index:0
2019-07-13 19:10:02,042 INFO  segmented.SegmentedRaftLogWorker (SegmentedRaftLogWorker.java:startLogSegment(380)) - 7f64e164-36f3-4e0a-9859-4318ff6565b2-SegmentedRaftLogWorker:Storage Directory /tmp/workdir/hadoop-ozone/integration-test/target/test-dir/MiniOzoneClusterImpl-136afc4f-b221-466b-9398-6948e7bf56bc/datanode-2/data/ratis/ec4dc071-a4c0-44b2-b2e7-92d9ffd2b499: Starting segment from index:0
2019-07-13 19:10:02,052 INFO  segmented.SegmentedRaftLogWorker (SegmentedRaftLogWorker.java:execute(569)) - fec82ebc-a9e9-48a9-8e9b-efd2a640e840-SegmentedRaftLogWorker:Storage Directory /tmp/workdir/hadoop-ozone/integration-test/target/test-dir/MiniOzoneClusterImpl-136afc4f-b221-466b-9398-6948e7bf56bc/datanode-1/data/ratis/ec4dc071-a4c0-44b2-b2e7-92d9ffd2b499: created new log segment /tmp/workdir/hadoop-ozone/integration-test/target/test-dir/MiniOzoneClusterImpl-136afc4f-b221-466b-9398-6948e7bf56bc/datanode-1/data/ratis/ec4dc071-a4c0-44b2-b2e7-92d9ffd2b499/current/log_inprogress_0
2019-07-13 19:10:02,065 INFO  segmented.SegmentedRaftLogWorker (SegmentedRaftLogWorker.java:execute(569)) - 7f64e164-36f3-4e0a-9859-4318ff6565b2-SegmentedRaftLogWorker:Storage Directory /tmp/workdir/hadoop-ozone/integration-test/target/test-dir/MiniOzoneClusterImpl-136afc4f-b221-466b-9398-6948e7bf56bc/datanode-2/data/ratis/ec4dc071-a4c0-44b2-b2e7-92d9ffd2b499: created new log segment /tmp/workdir/hadoop-ozone/integration-test/target/test-dir/MiniOzoneClusterImpl-136afc4f-b221-466b-9398-6948e7bf56bc/datanode-2/data/ratis/ec4dc071-a4c0-44b2-b2e7-92d9ffd2b499/current/log_inprogress_0
2019-07-13 19:10:02,065 INFO  segmented.SegmentedRaftLogWorker (SegmentedRaftLogWorker.java:execute(569)) - 830c9cfb-9e36-4b07-baca-db2ce6def4df-SegmentedRaftLogWorker:Storage Directory /tmp/workdir/hadoop-ozone/integration-test/target/test-dir/MiniOzoneClusterImpl-136afc4f-b221-466b-9398-6948e7bf56bc/datanode-0/data/ratis/ec4dc071-a4c0-44b2-b2e7-92d9ffd2b499: created new log segment /tmp/workdir/hadoop-ozone/integration-test/target/test-dir/MiniOzoneClusterImpl-136afc4f-b221-466b-9398-6948e7bf56bc/datanode-0/data/ratis/ec4dc071-a4c0-44b2-b2e7-92d9ffd2b499/current/log_inprogress_0
2019-07-13 19:10:02,079 INFO  impl.FollowerState (FollowerState.java:run(106)) - f5533a48-6b01-4d64-bb1b-b6223da53acd:group-51BE4A0000F5 changes to CANDIDATE, lastRpcTime:5054, electionTimeout:5054ms
2019-07-13 19:10:02,079 INFO  impl.RoleInfo (RoleInfo.java:shutdownFollowerState(121)) - f5533a48-6b01-4d64-bb1b-b6223da53acd: shutdown FollowerState
2019-07-13 19:10:02,079 INFO  impl.RaftServerImpl (RaftServerImpl.java:setRole(171)) - f5533a48-6b01-4d64-bb1b-b6223da53acd:group-51BE4A0000F5 changes role from FOLLOWER to CANDIDATE at term 0 for changeToCandidate
2019-07-13 19:10:02,079 INFO  impl.RoleInfo (RoleInfo.java:updateAndGet(143)) - f5533a48-6b01-4d64-bb1b-b6223da53acd: start LeaderElection
2019-07-13 19:10:02,101 INFO  impl.LeaderElection (LeaderElection.java:askForVotes(181)) - f5533a48-6b01-4d64-bb1b-b6223da53acd:group-51BE4A0000F5:LeaderElection39: begin an election at term 1 for -1: [f5533a48-6b01-4d64-bb1b-b6223da53acd:192.168.69.122:39530], old=null
2019-07-13 19:10:02,101 INFO  impl.RoleInfo (RoleInfo.java:shutdownLeaderElection(134)) - f5533a48-6b01-4d64-bb1b-b6223da53acd: shutdown LeaderElection
2019-07-13 19:10:02,102 INFO  impl.RaftServerImpl (RaftServerImpl.java:setRole(171)) - f5533a48-6b01-4d64-bb1b-b6223da53acd:group-51BE4A0000F5 changes role from CANDIDATE to LEADER at term 1 for changeToLeader
2019-07-13 19:10:02,102 INFO  impl.RaftServerImpl (ServerState.java:setLeader(263)) - f5533a48-6b01-4d64-bb1b-b6223da53acd:group-51BE4A0000F5 change Leader from null to f5533a48-6b01-4d64-bb1b-b6223da53acd at term 1 for becomeLeader, leader elected after 5081ms
2019-07-13 19:10:02,102 INFO  server.RaftServerConfigKeys (ConfUtils.java:logGet(43)) - raft.server.staging.catchup.gap = 1000 (default)
2019-07-13 19:10:02,102 INFO  server.RaftServerConfigKeys (ConfUtils.java:logGet(43)) - raft.server.rpc.sleep.time = 25ms (default)
2019-07-13 19:10:02,102 INFO  server.RaftServerConfigKeys (ConfUtils.java:logGet(43)) - raft.server.write.element-limit = 4096 (default)
2019-07-13 19:10:02,102 INFO  server.RaftServerConfigKeys (ConfUtils.java:logGet(43)) - raft.server.watch.timeout = 10s (default)
2019-07-13 19:10:02,102 INFO  server.RaftServerConfigKeys (ConfUtils.java:logGet(43)) - raft.server.watch.timeout.denomination = 1s (default)
2019-07-13 19:10:02,103 INFO  server.RaftServerConfigKeys (ConfUtils.java:logGet(43)) - raft.server.watch.element-limit = 65536 (default)
2019-07-13 19:10:02,103 INFO  impl.RoleInfo (RoleInfo.java:updateAndGet(143)) - f5533a48-6b01-4d64-bb1b-b6223da53acd: start LeaderState
2019-07-13 19:10:02,103 INFO  segmented.SegmentedRaftLogWorker (SegmentedRaftLogWorker.java:startLogSegment(380)) - f5533a48-6b01-4d64-bb1b-b6223da53acd-SegmentedRaftLogWorker:Storage Directory /tmp/workdir/hadoop-ozone/integration-test/target/test-dir/MiniOzoneClusterImpl-136afc4f-b221-466b-9398-6948e7bf56bc/datanode-3/data/ratis/24f3a851-6eeb-4544-9b1e-51be4a0000f5: Starting segment from index:0
2019-07-13 19:10:02,104 INFO  impl.RaftServerImpl (ServerState.java:setRaftConf(361)) - f5533a48-6b01-4d64-bb1b-b6223da53acd:group-51BE4A0000F5 set configuration 0: [f5533a48-6b01-4d64-bb1b-b6223da53acd:192.168.69.122:39530], old=null at 0
2019-07-13 19:10:02,134 INFO  segmented.SegmentedRaftLogWorker (SegmentedRaftLogWorker.java:execute(569)) - f5533a48-6b01-4d64-bb1b-b6223da53acd-SegmentedRaftLogWorker:Storage Directory /tmp/workdir/hadoop-ozone/integration-test/target/test-dir/MiniOzoneClusterImpl-136afc4f-b221-466b-9398-6948e7bf56bc/datanode-3/data/ratis/24f3a851-6eeb-4544-9b1e-51be4a0000f5: created new log segment /tmp/workdir/hadoop-ozone/integration-test/target/test-dir/MiniOzoneClusterImpl-136afc4f-b221-466b-9398-6948e7bf56bc/datanode-3/data/ratis/24f3a851-6eeb-4544-9b1e-51be4a0000f5/current/log_inprogress_0
2019-07-13 19:10:02,304 INFO  impl.FollowerState (FollowerState.java:run(106)) - f4c32484-3cd8-4afd-99dc-3cdc56363316:group-D3B56A622ACF changes to CANDIDATE, lastRpcTime:5087, electionTimeout:5087ms
2019-07-13 19:10:02,304 INFO  impl.RoleInfo (RoleInfo.java:shutdownFollowerState(121)) - f4c32484-3cd8-4afd-99dc-3cdc56363316: shutdown FollowerState
2019-07-13 19:10:02,304 INFO  impl.RaftServerImpl (RaftServerImpl.java:setRole(171)) - f4c32484-3cd8-4afd-99dc-3cdc56363316:group-D3B56A622ACF changes role from FOLLOWER to CANDIDATE at term 0 for changeToCandidate
2019-07-13 19:10:02,304 INFO  impl.RoleInfo (RoleInfo.java:updateAndGet(143)) - f4c32484-3cd8-4afd-99dc-3cdc56363316: start LeaderElection
2019-07-13 19:10:02,329 INFO  impl.LeaderElection (LeaderElection.java:askForVotes(181)) - f4c32484-3cd8-4afd-99dc-3cdc56363316:group-D3B56A622ACF:LeaderElection40: begin an election at term 1 for -1: [f4c32484-3cd8-4afd-99dc-3cdc56363316:192.168.69.122:39777], old=null
2019-07-13 19:10:02,329 INFO  impl.RoleInfo (RoleInfo.java:shutdownLeaderElection(134)) - f4c32484-3cd8-4afd-99dc-3cdc56363316: shutdown LeaderElection
2019-07-13 19:10:02,329 INFO  impl.RaftServerImpl (RaftServerImpl.java:setRole(171)) - f4c32484-3cd8-4afd-99dc-3cdc56363316:group-D3B56A622ACF changes role from CANDIDATE to LEADER at term 1 for changeToLeader
2019-07-13 19:10:02,330 INFO  impl.RaftServerImpl (ServerState.java:setLeader(263)) - f4c32484-3cd8-4afd-99dc-3cdc56363316:group-D3B56A622ACF change Leader from null to f4c32484-3cd8-4afd-99dc-3cdc56363316 at term 1 for becomeLeader, leader elected after 5118ms
2019-07-13 19:10:02,330 INFO  server.RaftServerConfigKeys (ConfUtils.java:logGet(43)) - raft.server.staging.catchup.gap = 1000 (default)
2019-07-13 19:10:02,330 INFO  server.RaftServerConfigKeys (ConfUtils.java:logGet(43)) - raft.server.rpc.sleep.time = 25ms (default)
2019-07-13 19:10:02,330 INFO  server.RaftServerConfigKeys (ConfUtils.java:logGet(43)) - raft.server.write.element-limit = 4096 (default)
2019-07-13 19:10:02,330 INFO  server.RaftServerConfigKeys (ConfUtils.java:logGet(43)) - raft.server.watch.timeout = 10s (default)
2019-07-13 19:10:02,330 INFO  server.RaftServerConfigKeys (ConfUtils.java:logGet(43)) - raft.server.watch.timeout.denomination = 1s (default)
2019-07-13 19:10:02,331 INFO  server.RaftServerConfigKeys (ConfUtils.java:logGet(43)) - raft.server.watch.element-limit = 65536 (default)
2019-07-13 19:10:02,331 INFO  impl.RoleInfo (RoleInfo.java:updateAndGet(143)) - f4c32484-3cd8-4afd-99dc-3cdc56363316: start LeaderState
2019-07-13 19:10:02,331 INFO  segmented.SegmentedRaftLogWorker (SegmentedRaftLogWorker.java:startLogSegment(380)) - f4c32484-3cd8-4afd-99dc-3cdc56363316-SegmentedRaftLogWorker:Storage Directory /tmp/workdir/hadoop-ozone/integration-test/target/test-dir/MiniOzoneClusterImpl-136afc4f-b221-466b-9398-6948e7bf56bc/datanode-4/data/ratis/1faad223-ddf6-4936-9ebb-d3b56a622acf: Starting segment from index:0
2019-07-13 19:10:02,332 INFO  impl.RaftServerImpl (ServerState.java:setRaftConf(361)) - f4c32484-3cd8-4afd-99dc-3cdc56363316:group-D3B56A622ACF set configuration 0: [f4c32484-3cd8-4afd-99dc-3cdc56363316:192.168.69.122:39777], old=null at 0
2019-07-13 19:10:02,362 INFO  segmented.SegmentedRaftLogWorker (SegmentedRaftLogWorker.java:execute(569)) - f4c32484-3cd8-4afd-99dc-3cdc56363316-SegmentedRaftLogWorker:Storage Directory /tmp/workdir/hadoop-ozone/integration-test/target/test-dir/MiniOzoneClusterImpl-136afc4f-b221-466b-9398-6948e7bf56bc/datanode-4/data/ratis/1faad223-ddf6-4936-9ebb-d3b56a622acf: created new log segment /tmp/workdir/hadoop-ozone/integration-test/target/test-dir/MiniOzoneClusterImpl-136afc4f-b221-466b-9398-6948e7bf56bc/datanode-4/data/ratis/1faad223-ddf6-4936-9ebb-d3b56a622acf/current/log_inprogress_0
2019-07-13 19:10:02,525 INFO  impl.FollowerState (FollowerState.java:run(106)) - 87646718-667e-4878-8992-a3dd443fe4fc:group-6AA768AAEFB9 changes to CANDIDATE, lastRpcTime:5072, electionTimeout:5072ms
2019-07-13 19:10:02,525 INFO  impl.RoleInfo (RoleInfo.java:shutdownFollowerState(121)) - 87646718-667e-4878-8992-a3dd443fe4fc: shutdown FollowerState
2019-07-13 19:10:02,525 INFO  impl.RaftServerImpl (RaftServerImpl.java:setRole(171)) - 87646718-667e-4878-8992-a3dd443fe4fc:group-6AA768AAEFB9 changes role from FOLLOWER to CANDIDATE at term 0 for changeToCandidate
2019-07-13 19:10:02,525 INFO  impl.RoleInfo (RoleInfo.java:updateAndGet(143)) - 87646718-667e-4878-8992-a3dd443fe4fc: start LeaderElection
2019-07-13 19:10:02,549 INFO  impl.LeaderElection (LeaderElection.java:askForVotes(181)) - 87646718-667e-4878-8992-a3dd443fe4fc:group-6AA768AAEFB9:LeaderElection41: begin an election at term 1 for -1: [87646718-667e-4878-8992-a3dd443fe4fc:192.168.69.122:37862], old=null
2019-07-13 19:10:02,549 INFO  impl.RoleInfo (RoleInfo.java:shutdownLeaderElection(134)) - 87646718-667e-4878-8992-a3dd443fe4fc: shutdown LeaderElection
2019-07-13 19:10:02,549 INFO  impl.RaftServerImpl (RaftServerImpl.java:setRole(171)) - 87646718-667e-4878-8992-a3dd443fe4fc:group-6AA768AAEFB9 changes role from CANDIDATE to LEADER at term 1 for changeToLeader
2019-07-13 19:10:02,549 INFO  impl.RaftServerImpl (ServerState.java:setLeader(263)) - 87646718-667e-4878-8992-a3dd443fe4fc:group-6AA768AAEFB9 change Leader from null to 87646718-667e-4878-8992-a3dd443fe4fc at term 1 for becomeLeader, leader elected after 5101ms
2019-07-13 19:10:02,550 INFO  server.RaftServerConfigKeys (ConfUtils.java:logGet(43)) - raft.server.staging.catchup.gap = 1000 (default)
2019-07-13 19:10:02,550 INFO  server.RaftServerConfigKeys (ConfUtils.java:logGet(43)) - raft.server.rpc.sleep.time = 25ms (default)
2019-07-13 19:10:02,550 INFO  server.RaftServerConfigKeys (ConfUtils.java:logGet(43)) - raft.server.write.element-limit = 4096 (default)
2019-07-13 19:10:02,550 INFO  server.RaftServerConfigKeys (ConfUtils.java:logGet(43)) - raft.server.watch.timeout = 10s (default)
2019-07-13 19:10:02,550 INFO  server.RaftServerConfigKeys (ConfUtils.java:logGet(43)) - raft.server.watch.timeout.denomination = 1s (default)
2019-07-13 19:10:02,550 INFO  server.RaftServerConfigKeys (ConfUtils.java:logGet(43)) - raft.server.watch.element-limit = 65536 (default)
2019-07-13 19:10:02,551 INFO  impl.RoleInfo (RoleInfo.java:updateAndGet(143)) - 87646718-667e-4878-8992-a3dd443fe4fc: start LeaderState
2019-07-13 19:10:02,551 INFO  segmented.SegmentedRaftLogWorker (SegmentedRaftLogWorker.java:startLogSegment(380)) - 87646718-667e-4878-8992-a3dd443fe4fc-SegmentedRaftLogWorker:Storage Directory /tmp/workdir/hadoop-ozone/integration-test/target/test-dir/MiniOzoneClusterImpl-136afc4f-b221-466b-9398-6948e7bf56bc/datanode-5/data/ratis/ffedb8d0-94f4-423f-a24e-6aa768aaefb9: Starting segment from index:0
2019-07-13 19:10:02,551 INFO  impl.RaftServerImpl (ServerState.java:setRaftConf(361)) - 87646718-667e-4878-8992-a3dd443fe4fc:group-6AA768AAEFB9 set configuration 0: [87646718-667e-4878-8992-a3dd443fe4fc:192.168.69.122:37862], old=null at 0
2019-07-13 19:10:02,579 INFO  impl.FollowerState (FollowerState.java:run(106)) - 87646718-667e-4878-8992-a3dd443fe4fc:group-CB95DDE65814 changes to CANDIDATE, lastRpcTime:5063, electionTimeout:5063ms
2019-07-13 19:10:02,580 INFO  impl.RoleInfo (RoleInfo.java:shutdownFollowerState(121)) - 87646718-667e-4878-8992-a3dd443fe4fc: shutdown FollowerState
2019-07-13 19:10:02,580 INFO  impl.RaftServerImpl (RaftServerImpl.java:setRole(171)) - 87646718-667e-4878-8992-a3dd443fe4fc:group-CB95DDE65814 changes role from FOLLOWER to CANDIDATE at term 0 for changeToCandidate
2019-07-13 19:10:02,580 INFO  impl.RoleInfo (RoleInfo.java:updateAndGet(143)) - 87646718-667e-4878-8992-a3dd443fe4fc: start LeaderElection
2019-07-13 19:10:02,589 INFO  segmented.SegmentedRaftLogWorker (SegmentedRaftLogWorker.java:execute(569)) - 87646718-667e-4878-8992-a3dd443fe4fc-SegmentedRaftLogWorker:Storage Directory /tmp/workdir/hadoop-ozone/integration-test/target/test-dir/MiniOzoneClusterImpl-136afc4f-b221-466b-9398-6948e7bf56bc/datanode-5/data/ratis/ffedb8d0-94f4-423f-a24e-6aa768aaefb9: created new log segment /tmp/workdir/hadoop-ozone/integration-test/target/test-dir/MiniOzoneClusterImpl-136afc4f-b221-466b-9398-6948e7bf56bc/datanode-5/data/ratis/ffedb8d0-94f4-423f-a24e-6aa768aaefb9/current/log_inprogress_0
2019-07-13 19:10:02,604 INFO  impl.LeaderElection (LeaderElection.java:askForVotes(181)) - 87646718-667e-4878-8992-a3dd443fe4fc:group-CB95DDE65814:LeaderElection42: begin an election at term 1 for -1: [f4c32484-3cd8-4afd-99dc-3cdc56363316:192.168.69.122:39777, f5533a48-6b01-4d64-bb1b-b6223da53acd:192.168.69.122:39530, 87646718-667e-4878-8992-a3dd443fe4fc:192.168.69.122:37862], old=null
2019-07-13 19:10:02,611 INFO  impl.FollowerState (FollowerState.java:run(106)) - f4c32484-3cd8-4afd-99dc-3cdc56363316:group-CB95DDE65814 changes to CANDIDATE, lastRpcTime:5091, electionTimeout:5089ms
2019-07-13 19:10:02,611 INFO  impl.RoleInfo (RoleInfo.java:shutdownFollowerState(121)) - f4c32484-3cd8-4afd-99dc-3cdc56363316: shutdown FollowerState
2019-07-13 19:10:02,612 INFO  impl.RaftServerImpl (RaftServerImpl.java:setRole(171)) - f4c32484-3cd8-4afd-99dc-3cdc56363316:group-CB95DDE65814 changes role from FOLLOWER to CANDIDATE at term 0 for changeToCandidate
2019-07-13 19:10:02,612 INFO  impl.RoleInfo (RoleInfo.java:updateAndGet(143)) - f4c32484-3cd8-4afd-99dc-3cdc56363316: start LeaderElection
2019-07-13 19:10:02,621 INFO  impl.RaftServerImpl (RaftServerImpl.java:setRole(171)) - f5533a48-6b01-4d64-bb1b-b6223da53acd:group-CB95DDE65814 changes role from FOLLOWER to FOLLOWER at term 1 for recognizeCandidate:87646718-667e-4878-8992-a3dd443fe4fc
2019-07-13 19:10:02,622 INFO  impl.RoleInfo (RoleInfo.java:shutdownFollowerState(121)) - f5533a48-6b01-4d64-bb1b-b6223da53acd: shutdown FollowerState
2019-07-13 19:10:02,622 INFO  impl.RoleInfo (RoleInfo.java:updateAndGet(143)) - f5533a48-6b01-4d64-bb1b-b6223da53acd: start FollowerState
2019-07-13 19:10:02,622 INFO  impl.FollowerState (FollowerState.java:run(114)) - f5533a48-6b01-4d64-bb1b-b6223da53acd: FollowerState was interrupted: java.lang.InterruptedException: sleep interrupted
2019-07-13 19:10:02,630 INFO  impl.LeaderElection (LeaderElection.java:askForVotes(181)) - f4c32484-3cd8-4afd-99dc-3cdc56363316:group-CB95DDE65814:LeaderElection43: begin an election at term 1 for -1: [f4c32484-3cd8-4afd-99dc-3cdc56363316:192.168.69.122:39777, f5533a48-6b01-4d64-bb1b-b6223da53acd:192.168.69.122:39530, 87646718-667e-4878-8992-a3dd443fe4fc:192.168.69.122:37862], old=null
2019-07-13 19:10:02,631 INFO  impl.LeaderElection (LeaderElection.java:logAndReturn(56)) - 87646718-667e-4878-8992-a3dd443fe4fc:group-CB95DDE65814:LeaderElection42: Election PASSED; received 1 response(s) [87646718-667e-4878-8992-a3dd443fe4fc<-f5533a48-6b01-4d64-bb1b-b6223da53acd#0:OK-t1] and 0 exception(s); 87646718-667e-4878-8992-a3dd443fe4fc:t1, leader=null, voted=87646718-667e-4878-8992-a3dd443fe4fc, raftlog=87646718-667e-4878-8992-a3dd443fe4fc-SegmentedRaftLog:OPENED:c-1,f-1,i0, conf=-1: [f4c32484-3cd8-4afd-99dc-3cdc56363316:192.168.69.122:39777, f5533a48-6b01-4d64-bb1b-b6223da53acd:192.168.69.122:39530, 87646718-667e-4878-8992-a3dd443fe4fc:192.168.69.122:37862], old=null
2019-07-13 19:10:02,631 INFO  impl.RoleInfo (RoleInfo.java:shutdownLeaderElection(134)) - 87646718-667e-4878-8992-a3dd443fe4fc: shutdown LeaderElection
2019-07-13 19:10:02,631 INFO  impl.RaftServerImpl (RaftServerImpl.java:setRole(171)) - 87646718-667e-4878-8992-a3dd443fe4fc:group-CB95DDE65814 changes role from CANDIDATE to LEADER at term 1 for changeToLeader
2019-07-13 19:10:02,631 INFO  impl.RaftServerImpl (ServerState.java:setLeader(263)) - 87646718-667e-4878-8992-a3dd443fe4fc:group-CB95DDE65814 change Leader from null to 87646718-667e-4878-8992-a3dd443fe4fc at term 1 for becomeLeader, leader elected after 5122ms
2019-07-13 19:10:02,632 INFO  server.RaftServerConfigKeys (ConfUtils.java:logGet(43)) - raft.server.staging.catchup.gap = 1000 (default)
2019-07-13 19:10:02,632 INFO  server.RaftServerConfigKeys (ConfUtils.java:logGet(43)) - raft.server.rpc.sleep.time = 25ms (default)
2019-07-13 19:10:02,632 INFO  server.RaftServerConfigKeys (ConfUtils.java:logGet(43)) - raft.server.write.element-limit = 4096 (default)
2019-07-13 19:10:02,632 INFO  server.RaftServerConfigKeys (ConfUtils.java:logGet(43)) - raft.server.watch.timeout = 10s (default)
2019-07-13 19:10:02,632 INFO  server.RaftServerConfigKeys (ConfUtils.java:logGet(43)) - raft.server.watch.timeout.denomination = 1s (default)
2019-07-13 19:10:02,632 INFO  server.RaftServerConfigKeys (ConfUtils.java:logGet(43)) - raft.server.watch.element-limit = 65536 (default)
2019-07-13 19:10:02,633 INFO  server.RaftServerConfigKeys (ConfUtils.java:logGet(43)) - raft.server.log.appender.snapshot.chunk.size.max = 16MB (=16777216) (default)
2019-07-13 19:10:02,633 INFO  server.RaftServerConfigKeys (ConfUtils.java:logGet(43)) - raft.server.log.appender.buffer.byte-limit = 33554432 (custom)
2019-07-13 19:10:02,633 INFO  server.RaftServerConfigKeys (ConfUtils.java:logGet(43)) - raft.server.log.appender.buffer.element-limit = 1 (custom)
2019-07-13 19:10:02,633 INFO  grpc.GrpcConfigKeys$Server (ConfUtils.java:logGet(43)) - raft.grpc.server.leader.outstanding.appends.max = 128 (default)
2019-07-13 19:10:02,634 INFO  server.RaftServerConfigKeys (ConfUtils.java:logGet(43)) - raft.server.rpc.request.timeout = 3000ms (default)
2019-07-13 19:10:02,634 INFO  server.RaftServerConfigKeys (ConfUtils.java:logGet(43)) - raft.server.log.appender.install.snapshot.enabled = false (custom)
2019-07-13 19:10:02,634 INFO  server.RaftServerConfigKeys (ConfUtils.java:logGet(43)) - raft.server.log.appender.snapshot.chunk.size.max = 16MB (=16777216) (default)
2019-07-13 19:10:02,638 INFO  server.RaftServerConfigKeys (ConfUtils.java:logGet(43)) - raft.server.log.appender.buffer.byte-limit = 33554432 (custom)
2019-07-13 19:10:02,639 INFO  server.RaftServerConfigKeys (ConfUtils.java:logGet(43)) - raft.server.log.appender.buffer.element-limit = 1 (custom)
2019-07-13 19:10:02,639 INFO  grpc.GrpcConfigKeys$Server (ConfUtils.java:logGet(43)) - raft.grpc.server.leader.outstanding.appends.max = 128 (default)
2019-07-13 19:10:02,639 INFO  server.RaftServerConfigKeys (ConfUtils.java:logGet(43)) - raft.server.rpc.request.timeout = 3000ms (default)
2019-07-13 19:10:02,639 INFO  server.RaftServerConfigKeys (ConfUtils.java:logGet(43)) - raft.server.log.appender.install.snapshot.enabled = false (custom)
2019-07-13 19:10:02,640 INFO  impl.RoleInfo (RoleInfo.java:updateAndGet(143)) - 87646718-667e-4878-8992-a3dd443fe4fc: start LeaderState
2019-07-13 19:10:02,640 INFO  segmented.SegmentedRaftLogWorker (SegmentedRaftLogWorker.java:startLogSegment(380)) - 87646718-667e-4878-8992-a3dd443fe4fc-SegmentedRaftLogWorker:Storage Directory /tmp/workdir/hadoop-ozone/integration-test/target/test-dir/MiniOzoneClusterImpl-136afc4f-b221-466b-9398-6948e7bf56bc/datanode-5/data/ratis/bb793384-4ecf-4b1d-a1d2-cb95dde65814: Starting segment from index:0
2019-07-13 19:10:02,641 INFO  impl.RaftServerImpl (ServerState.java:setRaftConf(361)) - 87646718-667e-4878-8992-a3dd443fe4fc:group-CB95DDE65814 set configuration 0: [f4c32484-3cd8-4afd-99dc-3cdc56363316:192.168.69.122:39777, f5533a48-6b01-4d64-bb1b-b6223da53acd:192.168.69.122:39530, 87646718-667e-4878-8992-a3dd443fe4fc:192.168.69.122:37862], old=null at 0
2019-07-13 19:10:02,641 INFO  impl.RaftServerImpl (RaftServerImpl.java:requestVote(754)) - 87646718-667e-4878-8992-a3dd443fe4fc-LEADER: Withhold vote from candidate f4c32484-3cd8-4afd-99dc-3cdc56363316 with term 1. State: leader=87646718-667e-4878-8992-a3dd443fe4fc, term=1, lastRpcElapsed=null
2019-07-13 19:10:02,642 INFO  impl.RaftServerImpl (RaftServerImpl.java:setRole(171)) - f4c32484-3cd8-4afd-99dc-3cdc56363316:group-CB95DDE65814 changes role from CANDIDATE to FOLLOWER at term 1 for appendEntries
2019-07-13 19:10:02,642 INFO  impl.RoleInfo (RoleInfo.java:shutdownLeaderElection(134)) - f4c32484-3cd8-4afd-99dc-3cdc56363316: shutdown LeaderElection
2019-07-13 19:10:02,642 INFO  impl.RaftServerImpl (ServerState.java:setLeader(263)) - f5533a48-6b01-4d64-bb1b-b6223da53acd:group-CB95DDE65814 change Leader from null to 87646718-667e-4878-8992-a3dd443fe4fc at term 1 for appendEntries, leader elected after 5133ms
2019-07-13 19:10:02,643 INFO  impl.LeaderElection (LeaderElection.java:logAndReturn(56)) - f4c32484-3cd8-4afd-99dc-3cdc56363316:group-CB95DDE65814:LeaderElection43: Election REJECTED; received 2 response(s) [f4c32484-3cd8-4afd-99dc-3cdc56363316<-f5533a48-6b01-4d64-bb1b-b6223da53acd#0:FAIL-t1, f4c32484-3cd8-4afd-99dc-3cdc56363316<-87646718-667e-4878-8992-a3dd443fe4fc#0:FAIL-t1] and 0 exception(s); f4c32484-3cd8-4afd-99dc-3cdc56363316:t1, leader=null, voted=f4c32484-3cd8-4afd-99dc-3cdc56363316, raftlog=f4c32484-3cd8-4afd-99dc-3cdc56363316-SegmentedRaftLog:OPENED:c-1,f-1,i0, conf=-1: [f4c32484-3cd8-4afd-99dc-3cdc56363316:192.168.69.122:39777, f5533a48-6b01-4d64-bb1b-b6223da53acd:192.168.69.122:39530, 87646718-667e-4878-8992-a3dd443fe4fc:192.168.69.122:37862], old=null
2019-07-13 19:10:02,642 INFO  impl.RoleInfo (RoleInfo.java:updateAndGet(143)) - f4c32484-3cd8-4afd-99dc-3cdc56363316: start FollowerState
2019-07-13 19:10:02,644 INFO  impl.RaftServerImpl (ServerState.java:setLeader(263)) - f4c32484-3cd8-4afd-99dc-3cdc56363316:group-CB95DDE65814 change Leader from null to 87646718-667e-4878-8992-a3dd443fe4fc at term 1 for appendEntries, leader elected after 5135ms
2019-07-13 19:10:02,647 INFO  impl.RaftServerImpl (ServerState.java:setRaftConf(361)) - f5533a48-6b01-4d64-bb1b-b6223da53acd:group-CB95DDE65814 set configuration 0: [f4c32484-3cd8-4afd-99dc-3cdc56363316:192.168.69.122:39777, f5533a48-6b01-4d64-bb1b-b6223da53acd:192.168.69.122:39530, 87646718-667e-4878-8992-a3dd443fe4fc:192.168.69.122:37862], old=null at 0
2019-07-13 19:10:02,647 INFO  segmented.SegmentedRaftLogWorker (SegmentedRaftLogWorker.java:startLogSegment(380)) - f5533a48-6b01-4d64-bb1b-b6223da53acd-SegmentedRaftLogWorker:Storage Directory /tmp/workdir/hadoop-ozone/integration-test/target/test-dir/MiniOzoneClusterImpl-136afc4f-b221-466b-9398-6948e7bf56bc/datanode-3/data/ratis/bb793384-4ecf-4b1d-a1d2-cb95dde65814: Starting segment from index:0
2019-07-13 19:10:02,648 INFO  impl.RaftServerImpl (ServerState.java:setRaftConf(361)) - f4c32484-3cd8-4afd-99dc-3cdc56363316:group-CB95DDE65814 set configuration 0: [f4c32484-3cd8-4afd-99dc-3cdc56363316:192.168.69.122:39777, f5533a48-6b01-4d64-bb1b-b6223da53acd:192.168.69.122:39530, 87646718-667e-4878-8992-a3dd443fe4fc:192.168.69.122:37862], old=null at 0
2019-07-13 19:10:02,648 INFO  segmented.SegmentedRaftLogWorker (SegmentedRaftLogWorker.java:startLogSegment(380)) - f4c32484-3cd8-4afd-99dc-3cdc56363316-SegmentedRaftLogWorker:Storage Directory /tmp/workdir/hadoop-ozone/integration-test/target/test-dir/MiniOzoneClusterImpl-136afc4f-b221-466b-9398-6948e7bf56bc/datanode-4/data/ratis/bb793384-4ecf-4b1d-a1d2-cb95dde65814: Starting segment from index:0
2019-07-13 19:10:02,671 INFO  segmented.SegmentedRaftLogWorker (SegmentedRaftLogWorker.java:execute(569)) - 87646718-667e-4878-8992-a3dd443fe4fc-SegmentedRaftLogWorker:Storage Directory /tmp/workdir/hadoop-ozone/integration-test/target/test-dir/MiniOzoneClusterImpl-136afc4f-b221-466b-9398-6948e7bf56bc/datanode-5/data/ratis/bb793384-4ecf-4b1d-a1d2-cb95dde65814: created new log segment /tmp/workdir/hadoop-ozone/integration-test/target/test-dir/MiniOzoneClusterImpl-136afc4f-b221-466b-9398-6948e7bf56bc/datanode-5/data/ratis/bb793384-4ecf-4b1d-a1d2-cb95dde65814/current/log_inprogress_0
2019-07-13 19:10:02,671 INFO  segmented.SegmentedRaftLogWorker (SegmentedRaftLogWorker.java:execute(569)) - f4c32484-3cd8-4afd-99dc-3cdc56363316-SegmentedRaftLogWorker:Storage Directory /tmp/workdir/hadoop-ozone/integration-test/target/test-dir/MiniOzoneClusterImpl-136afc4f-b221-466b-9398-6948e7bf56bc/datanode-4/data/ratis/bb793384-4ecf-4b1d-a1d2-cb95dde65814: created new log segment /tmp/workdir/hadoop-ozone/integration-test/target/test-dir/MiniOzoneClusterImpl-136afc4f-b221-466b-9398-6948e7bf56bc/datanode-4/data/ratis/bb793384-4ecf-4b1d-a1d2-cb95dde65814/current/log_inprogress_0
2019-07-13 19:10:02,671 INFO  segmented.SegmentedRaftLogWorker (SegmentedRaftLogWorker.java:execute(569)) - f5533a48-6b01-4d64-bb1b-b6223da53acd-SegmentedRaftLogWorker:Storage Directory /tmp/workdir/hadoop-ozone/integration-test/target/test-dir/MiniOzoneClusterImpl-136afc4f-b221-466b-9398-6948e7bf56bc/datanode-3/data/ratis/bb793384-4ecf-4b1d-a1d2-cb95dde65814: created new log segment /tmp/workdir/hadoop-ozone/integration-test/target/test-dir/MiniOzoneClusterImpl-136afc4f-b221-466b-9398-6948e7bf56bc/datanode-3/data/ratis/bb793384-4ecf-4b1d-a1d2-cb95dde65814/current/log_inprogress_0
2019-07-13 19:10:02,919 INFO  client.GrpcClientProtocolClient (GrpcClientProtocolClient.java:onNext(255)) - client-FA009844F56A->f5533a48-6b01-4d64-bb1b-b6223da53acd: receive RaftClientReply:client-FA009844F56A->f5533a48-6b01-4d64-bb1b-b6223da53acd@group-CB95DDE65814, cid=70, FAILED org.apache.ratis.protocol.NotLeaderException: Server f5533a48-6b01-4d64-bb1b-b6223da53acd is not the leader (87646718-667e-4878-8992-a3dd443fe4fc:192.168.69.122:37862). Request must be sent to leader., logIndex=0, commits[f5533a48-6b01-4d64-bb1b-b6223da53acd:c-1, f4c32484-3cd8-4afd-99dc-3cdc56363316:c-1, 87646718-667e-4878-8992-a3dd443fe4fc:c-1]
2019-07-13 19:10:03,101 INFO  client.GrpcClientProtocolClient (GrpcClientProtocolClient.java:onNext(255)) - client-FA009844F56A->87646718-667e-4878-8992-a3dd443fe4fc: receive RaftClientReply:client-FA009844F56A->87646718-667e-4878-8992-a3dd443fe4fc@group-CB95DDE65814, cid=70, SUCCESS, logIndex=1, commits[87646718-667e-4878-8992-a3dd443fe4fc:c1, f4c32484-3cd8-4afd-99dc-3cdc56363316:c0, f5533a48-6b01-4d64-bb1b-b6223da53acd:c0]
2019-07-13 19:10:03,212 INFO  client.GrpcClientProtocolClient (GrpcClientProtocolClient.java:onNext(255)) - client-FA009844F56A->87646718-667e-4878-8992-a3dd443fe4fc: receive RaftClientReply:client-FA009844F56A->87646718-667e-4878-8992-a3dd443fe4fc@group-CB95DDE65814, cid=71, SUCCESS, logIndex=3, commits[87646718-667e-4878-8992-a3dd443fe4fc:c8, f4c32484-3cd8-4afd-99dc-3cdc56363316:c5, f5533a48-6b01-4d64-bb1b-b6223da53acd:c5]
2019-07-13 19:10:03,213 INFO  client.GrpcClientProtocolClient (GrpcClientProtocolClient.java:onNext(255)) - client-FA009844F56A->87646718-667e-4878-8992-a3dd443fe4fc: receive RaftClientReply:client-FA009844F56A->87646718-667e-4878-8992-a3dd443fe4fc@group-CB95DDE65814, cid=72, SUCCESS, logIndex=4, commits[87646718-667e-4878-8992-a3dd443fe4fc:c8, f4c32484-3cd8-4afd-99dc-3cdc56363316:c5, f5533a48-6b01-4d64-bb1b-b6223da53acd:c5]
2019-07-13 19:10:03,263 INFO  client.GrpcClientProtocolClient (GrpcClientProtocolClient.java:onNext(255)) - client-FA009844F56A->87646718-667e-4878-8992-a3dd443fe4fc: receive RaftClientReply:client-FA009844F56A->87646718-667e-4878-8992-a3dd443fe4fc@group-CB95DDE65814, cid=73, SUCCESS, logIndex=5, commits[87646718-667e-4878-8992-a3dd443fe4fc:c8, f4c32484-3cd8-4afd-99dc-3cdc56363316:c5, f5533a48-6b01-4d64-bb1b-b6223da53acd:c5]
2019-07-13 19:10:03,311 INFO  client.GrpcClientProtocolClient (GrpcClientProtocolClient.java:onNext(255)) - client-FA009844F56A->87646718-667e-4878-8992-a3dd443fe4fc: receive RaftClientReply:client-FA009844F56A->87646718-667e-4878-8992-a3dd443fe4fc@group-CB95DDE65814, cid=74, SUCCESS, logIndex=9, commits[87646718-667e-4878-8992-a3dd443fe4fc:c12, f4c32484-3cd8-4afd-99dc-3cdc56363316:c8, f5533a48-6b01-4d64-bb1b-b6223da53acd:c8]
2019-07-13 19:10:03,316 INFO  client.GrpcClientProtocolClient (GrpcClientProtocolClient.java:onNext(255)) - client-FA009844F56A->87646718-667e-4878-8992-a3dd443fe4fc: receive RaftClientReply:client-FA009844F56A->87646718-667e-4878-8992-a3dd443fe4fc@group-CB95DDE65814, cid=75, SUCCESS, logIndex=10, commits[87646718-667e-4878-8992-a3dd443fe4fc:c12, f4c32484-3cd8-4afd-99dc-3cdc56363316:c8, f5533a48-6b01-4d64-bb1b-b6223da53acd:c8]
2019-07-13 19:10:03,320 INFO  client.GrpcClientProtocolClient (GrpcClientProtocolClient.java:onNext(255)) - client-FA009844F56A->87646718-667e-4878-8992-a3dd443fe4fc: receive RaftClientReply:client-FA009844F56A->87646718-667e-4878-8992-a3dd443fe4fc@group-CB95DDE65814, cid=76, SUCCESS, logIndex=11, commits[87646718-667e-4878-8992-a3dd443fe4fc:c12, f4c32484-3cd8-4afd-99dc-3cdc56363316:c8, f5533a48-6b01-4d64-bb1b-b6223da53acd:c8]
2019-07-13 19:10:03,328 INFO  client.GrpcClientProtocolClient (GrpcClientProtocolClient.java:onNext(255)) - client-FA009844F56A->87646718-667e-4878-8992-a3dd443fe4fc: receive RaftClientReply:client-FA009844F56A->87646718-667e-4878-8992-a3dd443fe4fc@group-CB95DDE65814, cid=77, SUCCESS, logIndex=12, commits[87646718-667e-4878-8992-a3dd443fe4fc:c12, f4c32484-3cd8-4afd-99dc-3cdc56363316:c8, f5533a48-6b01-4d64-bb1b-b6223da53acd:c8]
2019-07-13 19:10:03,353 INFO  client.GrpcClientProtocolClient (GrpcClientProtocolClient.java:onNext(255)) - client-FA009844F56A->87646718-667e-4878-8992-a3dd443fe4fc: receive RaftClientReply:client-FA009844F56A->87646718-667e-4878-8992-a3dd443fe4fc@group-CB95DDE65814, cid=78, SUCCESS, logIndex=0, commits[87646718-667e-4878-8992-a3dd443fe4fc:c15, f4c32484-3cd8-4afd-99dc-3cdc56363316:c12, f5533a48-6b01-4d64-bb1b-b6223da53acd:c12]
2019-07-13 19:10:03,356 INFO  client.GrpcClientProtocolClient (GrpcClientProtocolClient.java:onNext(255)) - client-FA009844F56A->87646718-667e-4878-8992-a3dd443fe4fc: receive RaftClientReply:client-FA009844F56A->87646718-667e-4878-8992-a3dd443fe4fc@group-CB95DDE65814, cid=79, SUCCESS, logIndex=0, commits[87646718-667e-4878-8992-a3dd443fe4fc:c15, f4c32484-3cd8-4afd-99dc-3cdc56363316:c12, f5533a48-6b01-4d64-bb1b-b6223da53acd:c12]
]]></system-out>
    <system-err><![CDATA[Jul 13, 2019 7:09:52 PM com.sun.jersey.server.impl.application.WebApplicationImpl _initiate
INFO: Initiating Jersey application, version 'Jersey: 1.19 02/11/2015 03:25 AM'
Jul 13, 2019 7:09:52 PM com.sun.jersey.server.impl.application.WebApplicationImpl _initiate
INFO: Initiating Jersey application, version 'Jersey: 1.19 02/11/2015 03:25 AM'
Jul 13, 2019 7:09:52 PM com.sun.jersey.server.impl.application.WebApplicationImpl _initiate
INFO: Initiating Jersey application, version 'Jersey: 1.19 02/11/2015 03:25 AM'
Jul 13, 2019 7:09:52 PM com.sun.jersey.server.impl.application.WebApplicationImpl _initiate
INFO: Initiating Jersey application, version 'Jersey: 1.19 02/11/2015 03:25 AM'
Jul 13, 2019 7:09:53 PM com.sun.jersey.server.impl.application.WebApplicationImpl _initiate
INFO: Initiating Jersey application, version 'Jersey: 1.19 02/11/2015 03:25 AM'
Jul 13, 2019 7:09:53 PM com.sun.jersey.server.impl.application.WebApplicationImpl _initiate
INFO: Initiating Jersey application, version 'Jersey: 1.19 02/11/2015 03:25 AM'
]]></system-err>
  </testcase>
  <testcase name="testBlockWritesWithDnFailures" classname="org.apache.hadoop.ozone.client.rpc.TestFailureHandlingByClient" time="29.394"/>
  <testcase name="testDatanodeExclusionWithMajorityCommit" classname="org.apache.hadoop.ozone.client.rpc.TestFailureHandlingByClient" time="21.29">
    <failure type="java.lang.AssertionError">java.lang.AssertionError
	at org.junit.Assert.fail(Assert.java:86)
	at org.junit.Assert.assertTrue(Assert.java:41)
	at org.junit.Assert.assertTrue(Assert.java:52)
	at org.apache.hadoop.ozone.client.rpc.TestFailureHandlingByClient.testDatanodeExclusionWithMajorityCommit(TestFailureHandlingByClient.java:400)
	at sun.reflect.NativeMethodAccessorImpl.invoke0(Native Method)
	at sun.reflect.NativeMethodAccessorImpl.invoke(NativeMethodAccessorImpl.java:62)
	at sun.reflect.DelegatingMethodAccessorImpl.invoke(DelegatingMethodAccessorImpl.java:43)
	at java.lang.reflect.Method.invoke(Method.java:498)
	at org.junit.runners.model.FrameworkMethod$1.runReflectiveCall(FrameworkMethod.java:47)
	at org.junit.internal.runners.model.ReflectiveCallable.run(ReflectiveCallable.java:12)
	at org.junit.runners.model.FrameworkMethod.invokeExplosively(FrameworkMethod.java:44)
	at org.junit.internal.runners.statements.InvokeMethod.evaluate(InvokeMethod.java:17)
	at org.junit.runners.ParentRunner.runLeaf(ParentRunner.java:271)
	at org.junit.runners.BlockJUnit4ClassRunner.runChild(BlockJUnit4ClassRunner.java:70)
	at org.junit.runners.BlockJUnit4ClassRunner.runChild(BlockJUnit4ClassRunner.java:50)
	at org.junit.runners.ParentRunner$3.run(ParentRunner.java:238)
	at org.junit.runners.ParentRunner$1.schedule(ParentRunner.java:63)
	at org.junit.runners.ParentRunner.runChildren(ParentRunner.java:236)
	at org.junit.runners.ParentRunner.access$000(ParentRunner.java:53)
	at org.junit.runners.ParentRunner$2.evaluate(ParentRunner.java:229)
	at org.junit.runners.ParentRunner.run(ParentRunner.java:309)
	at org.apache.maven.surefire.junit4.JUnit4Provider.execute(JUnit4Provider.java:365)
	at org.apache.maven.surefire.junit4.JUnit4Provider.executeWithRerun(JUnit4Provider.java:273)
	at org.apache.maven.surefire.junit4.JUnit4Provider.executeTestSet(JUnit4Provider.java:238)
	at org.apache.maven.surefire.junit4.JUnit4Provider.invoke(JUnit4Provider.java:159)
	at org.apache.maven.surefire.booter.ForkedBooter.invokeProviderInSameClassLoader(ForkedBooter.java:384)
	at org.apache.maven.surefire.booter.ForkedBooter.runSuitesInProcess(ForkedBooter.java:345)
	at org.apache.maven.surefire.booter.ForkedBooter.execute(ForkedBooter.java:126)
	at org.apache.maven.surefire.booter.ForkedBooter.main(ForkedBooter.java:418)
</failure>
    <system-out><![CDATA[2019-07-13 19:10:32,770 WARN  server.ServerUtils (ServerUtils.java:getScmDbDir(145)) - ozone.scm.db.dirs is not configured. We recommend adding this setting. Falling back to ozone.metadata.dirs instead.
2019-07-13 19:10:32,799 WARN  server.ServerUtils (ServerUtils.java:getScmDbDir(145)) - ozone.scm.db.dirs is not configured. We recommend adding this setting. Falling back to ozone.metadata.dirs instead.
2019-07-13 19:10:32,799 WARN  server.ServerUtils (ServerUtils.java:getScmDbDir(145)) - ozone.scm.db.dirs is not configured. We recommend adding this setting. Falling back to ozone.metadata.dirs instead.
2019-07-13 19:10:32,800 INFO  db.DBStoreBuilder (DBStoreBuilder.java:addTable(110)) - using custom profile for table: deletedBlocks
2019-07-13 19:10:32,800 INFO  db.DBStoreBuilder (DBStoreBuilder.java:processTables(161)) - Using default column profile:DBProfile.DISK for Table:deletedBlocks
2019-07-13 19:10:32,800 INFO  db.DBStoreBuilder (DBStoreBuilder.java:addTable(110)) - using custom profile for table: validCerts
2019-07-13 19:10:32,801 INFO  db.DBStoreBuilder (DBStoreBuilder.java:processTables(161)) - Using default column profile:DBProfile.DISK for Table:validCerts
2019-07-13 19:10:32,801 INFO  db.DBStoreBuilder (DBStoreBuilder.java:addTable(110)) - using custom profile for table: revokedCerts
2019-07-13 19:10:32,801 INFO  db.DBStoreBuilder (DBStoreBuilder.java:processTables(161)) - Using default column profile:DBProfile.DISK for Table:revokedCerts
2019-07-13 19:10:32,801 INFO  db.DBStoreBuilder (DBStoreBuilder.java:addTable(110)) - using custom profile for table: default
2019-07-13 19:10:32,801 INFO  db.DBStoreBuilder (DBStoreBuilder.java:processTables(167)) - Using default column profile:DBProfile.DISK for Table:default
2019-07-13 19:10:32,802 INFO  db.DBStoreBuilder (DBStoreBuilder.java:getDbProfile(198)) - Using default options. DBProfile.DISK
2019-07-13 19:10:33,033 INFO  net.NodeSchemaLoader (NodeSchemaLoader.java:loadSchemaFromFile(125)) - Loading file from sun.misc.CompoundEnumeration@62ad5f35
2019-07-13 19:10:33,033 INFO  net.NodeSchemaLoader (NodeSchemaLoader.java:loadSchema(171)) - Loading network topology layer schema file
2019-07-13 19:10:33,038 INFO  node.SCMNodeManager (SCMNodeManager.java:<init>(119)) - Entering startup safe mode.
2019-07-13 19:10:33,039 WARN  server.ServerUtils (ServerUtils.java:getScmDbDir(145)) - ozone.scm.db.dirs is not configured. We recommend adding this setting. Falling back to ozone.metadata.dirs instead.
2019-07-13 19:10:33,100 INFO  pipeline.SCMPipelineManager (SCMPipelineManager.java:initializePipelineState(126)) - No pipeline exists in current db
2019-07-13 19:10:33,101 WARN  server.ServerUtils (ServerUtils.java:getScmDbDir(145)) - ozone.scm.db.dirs is not configured. We recommend adding this setting. Falling back to ozone.metadata.dirs instead.
2019-07-13 19:10:33,161 WARN  events.EventQueue (EventQueue.java:fireEvent(175)) - No event handler registered for event TypedEvent{payloadType=SafeModeStatus, name='SafeModeStatus'}
2019-07-13 19:10:33,162 INFO  ipc.CallQueueManager (CallQueueManager.java:<init>(84)) - Using callQueue: class java.util.concurrent.LinkedBlockingQueue, queueCapacity: 2000, scheduler: class org.apache.hadoop.ipc.DefaultRpcScheduler, ipcBackoff: false.
2019-07-13 19:10:33,163 INFO  ipc.Server (Server.java:run(1074)) - Starting Socket Reader #1 for port 45841
2019-07-13 19:10:33,172 INFO  ipc.CallQueueManager (CallQueueManager.java:<init>(84)) - Using callQueue: class java.util.concurrent.LinkedBlockingQueue, queueCapacity: 2000, scheduler: class org.apache.hadoop.ipc.DefaultRpcScheduler, ipcBackoff: false.
2019-07-13 19:10:33,173 INFO  ipc.Server (Server.java:run(1074)) - Starting Socket Reader #1 for port 36747
2019-07-13 19:10:33,178 INFO  ipc.CallQueueManager (CallQueueManager.java:<init>(84)) - Using callQueue: class java.util.concurrent.LinkedBlockingQueue, queueCapacity: 2000, scheduler: class org.apache.hadoop.ipc.DefaultRpcScheduler, ipcBackoff: false.
2019-07-13 19:10:33,179 INFO  ipc.Server (Server.java:run(1074)) - Starting Socket Reader #1 for port 37330
2019-07-13 19:10:33,200 INFO  hdfs.DFSUtil (DFSUtil.java:httpServerTemplateForNNAndJN(1641)) - Starting Web-server for scm at: http://0.0.0.0:0
2019-07-13 19:10:33,202 INFO  server.AuthenticationFilter (AuthenticationFilter.java:constructSecretProvider(240)) - Unable to initialize FileSignerSecretProvider, falling back to use random secrets.
2019-07-13 19:10:33,203 WARN  http.HttpRequestLog (HttpRequestLog.java:getRequestLog(97)) - Jetty request log can only be enabled using Log4j
2019-07-13 19:10:33,206 INFO  http.HttpServer2 (HttpServer2.java:addGlobalFilter(975)) - Added global filter 'safety' (class=org.apache.hadoop.http.HttpServer2$QuotingInputFilter)
2019-07-13 19:10:33,207 INFO  http.HttpServer2 (HttpServer2.java:addFilter(948)) - Added filter static_user_filter (class=org.apache.hadoop.http.lib.StaticUserWebFilter$StaticUserFilter) to context scm
2019-07-13 19:10:33,207 INFO  http.HttpServer2 (HttpServer2.java:addFilter(958)) - Added filter static_user_filter (class=org.apache.hadoop.http.lib.StaticUserWebFilter$StaticUserFilter) to context logs
2019-07-13 19:10:33,207 INFO  http.HttpServer2 (HttpServer2.java:addFilter(958)) - Added filter static_user_filter (class=org.apache.hadoop.http.lib.StaticUserWebFilter$StaticUserFilter) to context static
2019-07-13 19:10:33,209 INFO  server.StorageContainerManager (StorageContainerManager.java:start(759)) - StorageContainerLocationProtocol RPC server is listening at /0.0.0.0:37330
2019-07-13 19:10:33,211 WARN  impl.MetricsConfig (MetricsConfig.java:loadFirst(134)) - Cannot locate configuration: tried hadoop-metrics2-storagecontainermanager.properties,hadoop-metrics2.properties
2019-07-13 19:10:33,212 INFO  impl.MetricsSystemImpl (MetricsSystemImpl.java:startTimer(374)) - Scheduled Metric snapshot period at 10 second(s).
2019-07-13 19:10:33,212 INFO  impl.MetricsSystemImpl (MetricsSystemImpl.java:start(191)) - StorageContainerManager metrics system started
2019-07-13 19:10:33,386 INFO  server.SCMClientProtocolServer (SCMClientProtocolServer.java:start(149)) - RPC server for Client  is listening at /0.0.0.0:37330
2019-07-13 19:10:33,386 INFO  ipc.Server (Server.java:run(1314)) - IPC Server Responder: starting
2019-07-13 19:10:33,386 INFO  ipc.Server (Server.java:run(1153)) - IPC Server listener on 37330: starting
2019-07-13 19:10:33,401 INFO  server.StorageContainerManager (StorageContainerManager.java:start(768)) - ScmBlockLocationProtocol RPC server is listening at /0.0.0.0:36747
2019-07-13 19:10:33,401 INFO  server.SCMBlockProtocolServer (SCMBlockProtocolServer.java:start(140)) - RPC server for Block Protocol is listening at /0.0.0.0:36747
2019-07-13 19:10:33,401 INFO  ipc.Server (Server.java:run(1314)) - IPC Server Responder: starting
2019-07-13 19:10:33,401 INFO  ipc.Server (Server.java:run(1153)) - IPC Server listener on 36747: starting
2019-07-13 19:10:33,410 INFO  server.StorageContainerManager (StorageContainerManager.java:start(772)) - ScmDatanodeProtocl RPC server is listening at /0.0.0.0:45841
2019-07-13 19:10:33,411 INFO  server.SCMDatanodeProtocolServer (SCMDatanodeProtocolServer.java:start(191)) - RPC server for DataNodes is listening at /0.0.0.0:45841
2019-07-13 19:10:33,411 INFO  ipc.Server (Server.java:run(1314)) - IPC Server Responder: starting
2019-07-13 19:10:33,411 INFO  ipc.Server (Server.java:run(1153)) - IPC Server listener on 45841: starting
2019-07-13 19:10:33,443 INFO  http.HttpServer2 (HttpServer2.java:bindListener(1191)) - Jetty bound to port 43147
2019-07-13 19:10:33,444 INFO  server.Server (Server.java:doStart(351)) - jetty-9.3.24.v20180605, build timestamp: 2018-06-05T17:11:56Z, git hash: 84205aa28f11a4f31f2a3b86d1bba2cc8ab69827
2019-07-13 19:10:33,446 INFO  handler.ContextHandler (ContextHandler.java:doStart(781)) - Started o.e.j.s.ServletContextHandler@7fda84cf{/logs,file:///tmp/workdir/hadoop-ozone/integration-test/target/log,AVAILABLE}
2019-07-13 19:10:33,446 INFO  handler.ContextHandler (ContextHandler.java:doStart(781)) - Started o.e.j.s.ServletContextHandler@19240b9{/static,file:///tmp/workdir/hadoop-ozone/integration-test/target/test-classes/webapps/static,AVAILABLE}
2019-07-13 19:10:33,451 INFO  handler.ContextHandler (ContextHandler.java:doStart(781)) - Started o.e.j.w.WebAppContext@1ee5792a{/,file:///tmp/workdir/hadoop-ozone/integration-test/target/test-classes/webapps/scm/,AVAILABLE}{/scm}
2019-07-13 19:10:33,451 INFO  server.AbstractConnector (AbstractConnector.java:doStart(278)) - Started ServerConnector@37f60cd4{HTTP/1.1,[http/1.1]}{0.0.0.0:43147}
2019-07-13 19:10:33,455 INFO  server.Server (Server.java:doStart(419)) - Started @127641ms
2019-07-13 19:10:33,456 INFO  server.BaseHttpServer (BaseHttpServer.java:updateConnectorAddress(207)) - HTTP server of SCM is listening at http://0.0.0.0:43147
2019-07-13 19:10:33,456 WARN  server.ServerUtils (ServerUtils.java:getDBPath(222)) - ozone.om.db.dirs is not configured. We recommend adding this setting. Falling back to ozone.metadata.dirs instead.
2019-07-13 19:10:33,459 INFO  util.JvmPauseMonitor (JvmPauseMonitor.java:run(188)) - Starting JVM pause monitor
2019-07-13 19:10:33,485 WARN  server.ServerUtils (ServerUtils.java:getDBPath(222)) - ozone.om.db.dirs is not configured. We recommend adding this setting. Falling back to ozone.metadata.dirs instead.
2019-07-13 19:10:33,485 INFO  om.OzoneManager (OzoneManager.java:setOMNodeDetails(630)) - OM Service ID is not set. Setting it to the default ID: omServiceIdDefault
2019-07-13 19:10:33,486 INFO  om.OzoneManager (OzoneManager.java:setOMNodeDetails(636)) - OM Node ID is not set. Setting it to the OmStorage's OmID: 804420cb-9e89-4ad0-9abc-0d1c57e51b49
2019-07-13 19:10:33,486 INFO  om.OzoneManager (OzoneManager.java:loadOMHAConfigs(587)) - Found matching OM address with OMServiceId: null, OMNodeId: null, RPC Address: localhost:0 and Ratis port: 9872
2019-07-13 19:10:33,514 WARN  server.ServerUtils (ServerUtils.java:getDBPath(222)) - ozone.om.db.dirs is not configured. We recommend adding this setting. Falling back to ozone.metadata.dirs instead.
2019-07-13 19:10:33,515 INFO  db.DBStoreBuilder (DBStoreBuilder.java:addTable(110)) - using custom profile for table: userTable
2019-07-13 19:10:33,515 INFO  db.DBStoreBuilder (DBStoreBuilder.java:processTables(161)) - Using default column profile:DBProfile.DISK for Table:userTable
2019-07-13 19:10:33,515 INFO  db.DBStoreBuilder (DBStoreBuilder.java:addTable(110)) - using custom profile for table: volumeTable
2019-07-13 19:10:33,516 INFO  db.DBStoreBuilder (DBStoreBuilder.java:processTables(161)) - Using default column profile:DBProfile.DISK for Table:volumeTable
2019-07-13 19:10:33,516 INFO  db.DBStoreBuilder (DBStoreBuilder.java:addTable(110)) - using custom profile for table: bucketTable
2019-07-13 19:10:33,516 INFO  db.DBStoreBuilder (DBStoreBuilder.java:processTables(161)) - Using default column profile:DBProfile.DISK for Table:bucketTable
2019-07-13 19:10:33,516 INFO  db.DBStoreBuilder (DBStoreBuilder.java:addTable(110)) - using custom profile for table: keyTable
2019-07-13 19:10:33,517 INFO  db.DBStoreBuilder (DBStoreBuilder.java:processTables(161)) - Using default column profile:DBProfile.DISK for Table:keyTable
2019-07-13 19:10:33,517 INFO  db.DBStoreBuilder (DBStoreBuilder.java:addTable(110)) - using custom profile for table: deletedTable
2019-07-13 19:10:33,517 INFO  db.DBStoreBuilder (DBStoreBuilder.java:processTables(161)) - Using default column profile:DBProfile.DISK for Table:deletedTable
2019-07-13 19:10:33,517 INFO  db.DBStoreBuilder (DBStoreBuilder.java:addTable(110)) - using custom profile for table: openKeyTable
2019-07-13 19:10:33,518 INFO  db.DBStoreBuilder (DBStoreBuilder.java:processTables(161)) - Using default column profile:DBProfile.DISK for Table:openKeyTable
2019-07-13 19:10:33,518 INFO  db.DBStoreBuilder (DBStoreBuilder.java:addTable(110)) - using custom profile for table: s3Table
2019-07-13 19:10:33,518 INFO  db.DBStoreBuilder (DBStoreBuilder.java:processTables(161)) - Using default column profile:DBProfile.DISK for Table:s3Table
2019-07-13 19:10:33,518 INFO  db.DBStoreBuilder (DBStoreBuilder.java:addTable(110)) - using custom profile for table: multipartInfoTable
2019-07-13 19:10:33,519 INFO  db.DBStoreBuilder (DBStoreBuilder.java:processTables(161)) - Using default column profile:DBProfile.DISK for Table:multipartInfoTable
2019-07-13 19:10:33,519 INFO  db.DBStoreBuilder (DBStoreBuilder.java:addTable(110)) - using custom profile for table: dTokenTable
2019-07-13 19:10:33,519 INFO  db.DBStoreBuilder (DBStoreBuilder.java:processTables(161)) - Using default column profile:DBProfile.DISK for Table:dTokenTable
2019-07-13 19:10:33,519 INFO  db.DBStoreBuilder (DBStoreBuilder.java:addTable(110)) - using custom profile for table: s3SecretTable
2019-07-13 19:10:33,520 INFO  db.DBStoreBuilder (DBStoreBuilder.java:processTables(161)) - Using default column profile:DBProfile.DISK for Table:s3SecretTable
2019-07-13 19:10:33,520 INFO  db.DBStoreBuilder (DBStoreBuilder.java:addTable(110)) - using custom profile for table: prefixTable
2019-07-13 19:10:33,520 INFO  db.DBStoreBuilder (DBStoreBuilder.java:processTables(161)) - Using default column profile:DBProfile.DISK for Table:prefixTable
2019-07-13 19:10:33,520 INFO  db.DBStoreBuilder (DBStoreBuilder.java:addTable(110)) - using custom profile for table: default
2019-07-13 19:10:33,520 INFO  db.DBStoreBuilder (DBStoreBuilder.java:processTables(167)) - Using default column profile:DBProfile.DISK for Table:default
2019-07-13 19:10:33,521 INFO  db.DBStoreBuilder (DBStoreBuilder.java:getDbProfile(198)) - Using default options. DBProfile.DISK
2019-07-13 19:10:34,068 INFO  ipc.CallQueueManager (CallQueueManager.java:<init>(84)) - Using callQueue: class java.util.concurrent.LinkedBlockingQueue, queueCapacity: 2000, scheduler: class org.apache.hadoop.ipc.DefaultRpcScheduler, ipcBackoff: false.
2019-07-13 19:10:34,070 INFO  ipc.Server (Server.java:run(1074)) - Starting Socket Reader #1 for port 33752
2019-07-13 19:10:34,095 WARN  server.ServerUtils (ServerUtils.java:getDBPath(222)) - ozone.om.db.dirs is not configured. We recommend adding this setting. Falling back to ozone.metadata.dirs instead.
2019-07-13 19:10:34,095 INFO  om.OzoneManager (OzoneManager.java:start(1228)) - OzoneManager RPC server is listening at localhost/127.0.0.1:33752
2019-07-13 19:10:34,095 INFO  impl.MetricsSystemImpl (MetricsSystemImpl.java:init(158)) - OzoneManager metrics system started (again)
2019-07-13 19:10:34,096 INFO  ipc.Server (Server.java:run(1314)) - IPC Server Responder: starting
2019-07-13 19:10:34,096 INFO  ipc.Server (Server.java:run(1153)) - IPC Server listener on 33752: starting
2019-07-13 19:10:34,114 INFO  hdfs.DFSUtil (DFSUtil.java:httpServerTemplateForNNAndJN(1641)) - Starting Web-server for ozoneManager at: http://0.0.0.0:0
2019-07-13 19:10:34,116 INFO  server.AuthenticationFilter (AuthenticationFilter.java:constructSecretProvider(240)) - Unable to initialize FileSignerSecretProvider, falling back to use random secrets.
2019-07-13 19:10:34,117 WARN  http.HttpRequestLog (HttpRequestLog.java:getRequestLog(97)) - Jetty request log can only be enabled using Log4j
2019-07-13 19:10:34,119 INFO  http.HttpServer2 (HttpServer2.java:addGlobalFilter(975)) - Added global filter 'safety' (class=org.apache.hadoop.http.HttpServer2$QuotingInputFilter)
2019-07-13 19:10:34,120 INFO  http.HttpServer2 (HttpServer2.java:addFilter(948)) - Added filter static_user_filter (class=org.apache.hadoop.http.lib.StaticUserWebFilter$StaticUserFilter) to context ozoneManager
2019-07-13 19:10:34,120 INFO  http.HttpServer2 (HttpServer2.java:addFilter(958)) - Added filter static_user_filter (class=org.apache.hadoop.http.lib.StaticUserWebFilter$StaticUserFilter) to context static
2019-07-13 19:10:34,120 INFO  http.HttpServer2 (HttpServer2.java:addFilter(958)) - Added filter static_user_filter (class=org.apache.hadoop.http.lib.StaticUserWebFilter$StaticUserFilter) to context logs
2019-07-13 19:10:34,122 INFO  http.HttpServer2 (HttpServer2.java:bindListener(1191)) - Jetty bound to port 46316
2019-07-13 19:10:34,122 INFO  server.Server (Server.java:doStart(351)) - jetty-9.3.24.v20180605, build timestamp: 2018-06-05T17:11:56Z, git hash: 84205aa28f11a4f31f2a3b86d1bba2cc8ab69827
2019-07-13 19:10:34,124 INFO  handler.ContextHandler (ContextHandler.java:doStart(781)) - Started o.e.j.s.ServletContextHandler@60cbba57{/logs,file:///tmp/workdir/hadoop-ozone/integration-test/target/log,AVAILABLE}
2019-07-13 19:10:34,125 INFO  handler.ContextHandler (ContextHandler.java:doStart(781)) - Started o.e.j.s.ServletContextHandler@3be2ef56{/static,file:///tmp/workdir/hadoop-ozone/integration-test/target/test-classes/webapps/static,AVAILABLE}
2019-07-13 19:10:34,129 INFO  handler.ContextHandler (ContextHandler.java:doStart(781)) - Started o.e.j.w.WebAppContext@19565b5{/,file:///tmp/workdir/hadoop-ozone/integration-test/target/test-classes/webapps/ozoneManager/,AVAILABLE}{/ozoneManager}
2019-07-13 19:10:34,130 INFO  server.AbstractConnector (AbstractConnector.java:doStart(278)) - Started ServerConnector@2ac7c683{HTTP/1.1,[http/1.1]}{0.0.0.0:46316}
2019-07-13 19:10:34,135 INFO  server.Server (Server.java:doStart(419)) - Started @128322ms
2019-07-13 19:10:34,136 INFO  server.BaseHttpServer (BaseHttpServer.java:updateConnectorAddress(207)) - HTTP server of OZONEMANAGER is listening at http://0.0.0.0:46316
2019-07-13 19:10:34,150 INFO  impl.MetricsSystemImpl (MetricsSystemImpl.java:init(158)) - HddsDatanode metrics system started (again)
2019-07-13 19:10:34,150 INFO  ozone.HddsDatanodeService (HddsDatanodeService.java:start(185)) - HddsDatanodeService host:trunk-nightly-fxqsz-774976932 ip:192.168.69.122
2019-07-13 19:10:34,167 INFO  volume.HddsVolume (HddsVolume.java:<init>(176)) - Creating Volume: /tmp/workdir/hadoop-ozone/integration-test/target/test-dir/MiniOzoneClusterImpl-4e9110eb-ad8a-42ba-abdf-1de919b0d281/datanode-0/data/containers/hdds of  storage type : DISK and capacity : 52710309888
2019-07-13 19:10:34,168 INFO  volume.VolumeSet (VolumeSet.java:initializeVolumeSet(170)) - Added Volume : /tmp/workdir/hadoop-ozone/integration-test/target/test-dir/MiniOzoneClusterImpl-4e9110eb-ad8a-42ba-abdf-1de919b0d281/datanode-0/data/containers/hdds to VolumeSet
2019-07-13 19:10:34,168 INFO  volume.ThrottledAsyncChecker (ThrottledAsyncChecker.java:schedule(140)) - Scheduling a check for org.apache.hadoop.ozone.container.common.volume.HddsVolume@ec67be1
2019-07-13 19:10:34,169 INFO  volume.HddsVolumeChecker (HddsVolumeChecker.java:checkAllVolumes(203)) - Scheduled health check for volume org.apache.hadoop.ozone.container.common.volume.HddsVolume@ec67be1
2019-07-13 19:10:34,201 INFO  impl.RaftServerProxy (ConfUtils.java:logGet(43)) - raft.rpc.type = GRPC (default)
2019-07-13 19:10:34,201 INFO  grpc.GrpcFactory (GrpcFactory.java:checkPooledByteBufAllocatorUseCacheForAllThreads(45)) - PERFORMANCE WARNING: useCacheForAllThreads is true that may cause Netty to create a lot garbage objects and, as a result, trigger GC.
	It is recommended to disable useCacheForAllThreads by setting -Dorg.apache.ratis.thirdparty.io.netty.allocator.useCacheForAllThreads=false in command line.
2019-07-13 19:10:34,201 INFO  grpc.GrpcConfigKeys$Server (ConfUtils.java:logGet(43)) - raft.grpc.server.port = 0 (default)
2019-07-13 19:10:34,202 INFO  server.GrpcService (ConfUtils.java:logGet(43)) - raft.grpc.message.size.max = 33570816 (custom)
2019-07-13 19:10:34,202 INFO  server.RaftServerConfigKeys (ConfUtils.java:logGet(43)) - raft.server.log.appender.buffer.byte-limit = 33554432 (custom)
2019-07-13 19:10:34,202 INFO  server.GrpcService (ConfUtils.java:logGet(43)) - raft.grpc.flow.control.window = 1MB (=1048576) (default)
2019-07-13 19:10:34,202 INFO  server.RaftServerConfigKeys (ConfUtils.java:logGet(43)) - raft.server.rpc.request.timeout = 3000ms (default)
2019-07-13 19:10:34,203 INFO  server.RaftServerConfigKeys (ConfUtils.java:logGet(43)) - raft.server.storage.dir = [/tmp/workdir/hadoop-ozone/integration-test/target/test-dir/MiniOzoneClusterImpl-4e9110eb-ad8a-42ba-abdf-1de919b0d281/datanode-0/data/ratis] (custom)
2019-07-13 19:10:34,204 INFO  replication.SimpleContainerDownloader (SimpleContainerDownloader.java:<init>(72)) - Starting container downloader service to copy containers to replicate.
2019-07-13 19:10:34,205 INFO  hdfs.DFSUtil (DFSUtil.java:httpServerTemplateForNNAndJN(1641)) - Starting Web-server for hddsDatanode at: http://0.0.0.0:0
2019-07-13 19:10:34,207 INFO  server.AuthenticationFilter (AuthenticationFilter.java:constructSecretProvider(240)) - Unable to initialize FileSignerSecretProvider, falling back to use random secrets.
2019-07-13 19:10:34,208 WARN  http.HttpRequestLog (HttpRequestLog.java:getRequestLog(97)) - Jetty request log can only be enabled using Log4j
2019-07-13 19:10:34,210 INFO  http.HttpServer2 (HttpServer2.java:addGlobalFilter(975)) - Added global filter 'safety' (class=org.apache.hadoop.http.HttpServer2$QuotingInputFilter)
2019-07-13 19:10:34,211 INFO  http.HttpServer2 (HttpServer2.java:addFilter(948)) - Added filter static_user_filter (class=org.apache.hadoop.http.lib.StaticUserWebFilter$StaticUserFilter) to context hddsDatanode
2019-07-13 19:10:34,211 INFO  http.HttpServer2 (HttpServer2.java:addFilter(958)) - Added filter static_user_filter (class=org.apache.hadoop.http.lib.StaticUserWebFilter$StaticUserFilter) to context logs
2019-07-13 19:10:34,211 INFO  http.HttpServer2 (HttpServer2.java:addFilter(958)) - Added filter static_user_filter (class=org.apache.hadoop.http.lib.StaticUserWebFilter$StaticUserFilter) to context static
2019-07-13 19:10:34,212 INFO  http.HttpServer2 (HttpServer2.java:bindListener(1191)) - Jetty bound to port 40660
2019-07-13 19:10:34,212 INFO  server.Server (Server.java:doStart(351)) - jetty-9.3.24.v20180605, build timestamp: 2018-06-05T17:11:56Z, git hash: 84205aa28f11a4f31f2a3b86d1bba2cc8ab69827
2019-07-13 19:10:34,215 INFO  handler.ContextHandler (ContextHandler.java:doStart(781)) - Started o.e.j.s.ServletContextHandler@7f922523{/logs,file:///tmp/workdir/hadoop-ozone/integration-test/target/log,AVAILABLE}
2019-07-13 19:10:34,216 INFO  handler.ContextHandler (ContextHandler.java:doStart(781)) - Started o.e.j.s.ServletContextHandler@2c4eda3a{/static,jar:file:/home/user/.m2/repository/org/apache/hadoop/hadoop-hdds-container-service/0.5.0-SNAPSHOT/hadoop-hdds-container-service-0.5.0-SNAPSHOT.jar!/webapps/static,AVAILABLE}
2019-07-13 19:10:34,257 INFO  handler.ContextHandler (ContextHandler.java:doStart(781)) - Started o.e.j.w.WebAppContext@eb77241{/,file:///tmp/jetty-0.0.0.0-40660-hddsDatanode-_-any-30843902990390046.dir/webapp/,AVAILABLE}{/hddsDatanode}
2019-07-13 19:10:34,258 INFO  server.AbstractConnector (AbstractConnector.java:doStart(278)) - Started ServerConnector@197da701{HTTP/1.1,[http/1.1]}{0.0.0.0:40660}
2019-07-13 19:10:34,281 INFO  server.Server (Server.java:doStart(419)) - Started @128468ms
2019-07-13 19:10:34,282 INFO  server.BaseHttpServer (BaseHttpServer.java:updateConnectorAddress(207)) - HTTP server of HDDSDATANODE is listening at http://0.0.0.0:40660
2019-07-13 19:10:34,412 INFO  ozone.HddsDatanodeService (HddsDatanodeService.java:startPlugins(396)) - Started plug-in org.apache.hadoop.ozone.web.OzoneHddsDatanodeService@6b3708f0
2019-07-13 19:10:34,413 INFO  impl.MetricsSystemImpl (MetricsSystemImpl.java:init(158)) - HddsDatanode metrics system started (again)
2019-07-13 19:10:34,413 INFO  ozone.HddsDatanodeService (HddsDatanodeService.java:start(185)) - HddsDatanodeService host:trunk-nightly-fxqsz-774976932 ip:192.168.69.122
2019-07-13 19:10:34,414 INFO  util.JvmPauseMonitor (JvmPauseMonitor.java:run(188)) - Starting JVM pause monitor
2019-07-13 19:10:34,416 INFO  datanode.InitDatanodeState (InitDatanodeState.java:persistContainerDatanodeDetails(140)) - DatanodeDetails is persisted to /tmp/workdir/hadoop-ozone/integration-test/target/test-dir/MiniOzoneClusterImpl-4e9110eb-ad8a-42ba-abdf-1de919b0d281/datanode-0/meta/datanode.id
2019-07-13 19:10:34,428 INFO  volume.HddsVolume (HddsVolume.java:<init>(176)) - Creating Volume: /tmp/workdir/hadoop-ozone/integration-test/target/test-dir/MiniOzoneClusterImpl-4e9110eb-ad8a-42ba-abdf-1de919b0d281/datanode-1/data/containers/hdds of  storage type : DISK and capacity : 52710309888
2019-07-13 19:10:34,429 INFO  volume.VolumeSet (VolumeSet.java:initializeVolumeSet(170)) - Added Volume : /tmp/workdir/hadoop-ozone/integration-test/target/test-dir/MiniOzoneClusterImpl-4e9110eb-ad8a-42ba-abdf-1de919b0d281/datanode-1/data/containers/hdds to VolumeSet
2019-07-13 19:10:34,429 INFO  volume.ThrottledAsyncChecker (ThrottledAsyncChecker.java:schedule(140)) - Scheduling a check for org.apache.hadoop.ozone.container.common.volume.HddsVolume@5ac8916d
2019-07-13 19:10:34,429 INFO  volume.HddsVolumeChecker (HddsVolumeChecker.java:checkAllVolumes(203)) - Scheduled health check for volume org.apache.hadoop.ozone.container.common.volume.HddsVolume@5ac8916d
2019-07-13 19:10:34,447 INFO  impl.RaftServerProxy (ConfUtils.java:logGet(43)) - raft.rpc.type = GRPC (default)
2019-07-13 19:10:34,448 INFO  grpc.GrpcFactory (GrpcFactory.java:checkPooledByteBufAllocatorUseCacheForAllThreads(45)) - PERFORMANCE WARNING: useCacheForAllThreads is true that may cause Netty to create a lot garbage objects and, as a result, trigger GC.
	It is recommended to disable useCacheForAllThreads by setting -Dorg.apache.ratis.thirdparty.io.netty.allocator.useCacheForAllThreads=false in command line.
2019-07-13 19:10:34,448 INFO  grpc.GrpcConfigKeys$Server (ConfUtils.java:logGet(43)) - raft.grpc.server.port = 0 (default)
2019-07-13 19:10:34,448 INFO  server.GrpcService (ConfUtils.java:logGet(43)) - raft.grpc.message.size.max = 33570816 (custom)
2019-07-13 19:10:34,448 INFO  server.RaftServerConfigKeys (ConfUtils.java:logGet(43)) - raft.server.log.appender.buffer.byte-limit = 33554432 (custom)
2019-07-13 19:10:34,448 INFO  server.GrpcService (ConfUtils.java:logGet(43)) - raft.grpc.flow.control.window = 1MB (=1048576) (default)
2019-07-13 19:10:34,448 INFO  server.RaftServerConfigKeys (ConfUtils.java:logGet(43)) - raft.server.rpc.request.timeout = 3000ms (default)
2019-07-13 19:10:34,449 INFO  server.RaftServerConfigKeys (ConfUtils.java:logGet(43)) - raft.server.storage.dir = [/tmp/workdir/hadoop-ozone/integration-test/target/test-dir/MiniOzoneClusterImpl-4e9110eb-ad8a-42ba-abdf-1de919b0d281/datanode-1/data/ratis] (custom)
2019-07-13 19:10:34,449 INFO  replication.SimpleContainerDownloader (SimpleContainerDownloader.java:<init>(72)) - Starting container downloader service to copy containers to replicate.
2019-07-13 19:10:34,450 INFO  hdfs.DFSUtil (DFSUtil.java:httpServerTemplateForNNAndJN(1641)) - Starting Web-server for hddsDatanode at: http://0.0.0.0:0
2019-07-13 19:10:34,468 INFO  server.AuthenticationFilter (AuthenticationFilter.java:constructSecretProvider(240)) - Unable to initialize FileSignerSecretProvider, falling back to use random secrets.
2019-07-13 19:10:34,468 WARN  http.HttpRequestLog (HttpRequestLog.java:getRequestLog(97)) - Jetty request log can only be enabled using Log4j
2019-07-13 19:10:34,470 INFO  http.HttpServer2 (HttpServer2.java:addGlobalFilter(975)) - Added global filter 'safety' (class=org.apache.hadoop.http.HttpServer2$QuotingInputFilter)
2019-07-13 19:10:34,470 INFO  http.HttpServer2 (HttpServer2.java:addFilter(948)) - Added filter static_user_filter (class=org.apache.hadoop.http.lib.StaticUserWebFilter$StaticUserFilter) to context hddsDatanode
2019-07-13 19:10:34,470 INFO  http.HttpServer2 (HttpServer2.java:addFilter(958)) - Added filter static_user_filter (class=org.apache.hadoop.http.lib.StaticUserWebFilter$StaticUserFilter) to context static
2019-07-13 19:10:34,470 INFO  http.HttpServer2 (HttpServer2.java:addFilter(958)) - Added filter static_user_filter (class=org.apache.hadoop.http.lib.StaticUserWebFilter$StaticUserFilter) to context logs
2019-07-13 19:10:34,471 INFO  http.HttpServer2 (HttpServer2.java:bindListener(1191)) - Jetty bound to port 43217
2019-07-13 19:10:34,471 INFO  server.Server (Server.java:doStart(351)) - jetty-9.3.24.v20180605, build timestamp: 2018-06-05T17:11:56Z, git hash: 84205aa28f11a4f31f2a3b86d1bba2cc8ab69827
2019-07-13 19:10:34,473 INFO  handler.ContextHandler (ContextHandler.java:doStart(781)) - Started o.e.j.s.ServletContextHandler@1d3bf0af{/logs,file:///tmp/workdir/hadoop-ozone/integration-test/target/log,AVAILABLE}
2019-07-13 19:10:34,473 INFO  handler.ContextHandler (ContextHandler.java:doStart(781)) - Started o.e.j.s.ServletContextHandler@13446044{/static,jar:file:/home/user/.m2/repository/org/apache/hadoop/hadoop-hdds-container-service/0.5.0-SNAPSHOT/hadoop-hdds-container-service-0.5.0-SNAPSHOT.jar!/webapps/static,AVAILABLE}
2019-07-13 19:10:34,523 INFO  handler.ContextHandler (ContextHandler.java:doStart(781)) - Started o.e.j.w.WebAppContext@2cca7d3c{/,file:///tmp/jetty-0.0.0.0-43217-hddsDatanode-_-any-5383095732116160075.dir/webapp/,AVAILABLE}{/hddsDatanode}
2019-07-13 19:10:34,523 INFO  server.AbstractConnector (AbstractConnector.java:doStart(278)) - Started ServerConnector@5e1535e0{HTTP/1.1,[http/1.1]}{0.0.0.0:43217}
2019-07-13 19:10:34,526 INFO  server.Server (Server.java:doStart(419)) - Started @128713ms
2019-07-13 19:10:34,527 INFO  server.BaseHttpServer (BaseHttpServer.java:updateConnectorAddress(207)) - HTTP server of HDDSDATANODE is listening at http://0.0.0.0:43217
2019-07-13 19:10:34,653 INFO  ozone.HddsDatanodeService (HddsDatanodeService.java:startPlugins(396)) - Started plug-in org.apache.hadoop.ozone.web.OzoneHddsDatanodeService@513fb873
2019-07-13 19:10:34,653 INFO  impl.MetricsSystemImpl (MetricsSystemImpl.java:init(158)) - HddsDatanode metrics system started (again)
2019-07-13 19:10:34,653 INFO  ozone.HddsDatanodeService (HddsDatanodeService.java:start(185)) - HddsDatanodeService host:trunk-nightly-fxqsz-774976932 ip:192.168.69.122
2019-07-13 19:10:34,655 INFO  util.JvmPauseMonitor (JvmPauseMonitor.java:run(188)) - Starting JVM pause monitor
2019-07-13 19:10:34,656 INFO  datanode.InitDatanodeState (InitDatanodeState.java:persistContainerDatanodeDetails(140)) - DatanodeDetails is persisted to /tmp/workdir/hadoop-ozone/integration-test/target/test-dir/MiniOzoneClusterImpl-4e9110eb-ad8a-42ba-abdf-1de919b0d281/datanode-1/meta/datanode.id
2019-07-13 19:10:34,671 INFO  volume.HddsVolume (HddsVolume.java:<init>(176)) - Creating Volume: /tmp/workdir/hadoop-ozone/integration-test/target/test-dir/MiniOzoneClusterImpl-4e9110eb-ad8a-42ba-abdf-1de919b0d281/datanode-2/data/containers/hdds of  storage type : DISK and capacity : 52710309888
2019-07-13 19:10:34,672 INFO  volume.VolumeSet (VolumeSet.java:initializeVolumeSet(170)) - Added Volume : /tmp/workdir/hadoop-ozone/integration-test/target/test-dir/MiniOzoneClusterImpl-4e9110eb-ad8a-42ba-abdf-1de919b0d281/datanode-2/data/containers/hdds to VolumeSet
2019-07-13 19:10:34,672 INFO  volume.ThrottledAsyncChecker (ThrottledAsyncChecker.java:schedule(140)) - Scheduling a check for org.apache.hadoop.ozone.container.common.volume.HddsVolume@1d5ec2ed
2019-07-13 19:10:34,672 INFO  volume.HddsVolumeChecker (HddsVolumeChecker.java:checkAllVolumes(203)) - Scheduled health check for volume org.apache.hadoop.ozone.container.common.volume.HddsVolume@1d5ec2ed
2019-07-13 19:10:34,692 INFO  impl.RaftServerProxy (ConfUtils.java:logGet(43)) - raft.rpc.type = GRPC (default)
2019-07-13 19:10:34,692 INFO  grpc.GrpcFactory (GrpcFactory.java:checkPooledByteBufAllocatorUseCacheForAllThreads(45)) - PERFORMANCE WARNING: useCacheForAllThreads is true that may cause Netty to create a lot garbage objects and, as a result, trigger GC.
	It is recommended to disable useCacheForAllThreads by setting -Dorg.apache.ratis.thirdparty.io.netty.allocator.useCacheForAllThreads=false in command line.
2019-07-13 19:10:34,692 INFO  grpc.GrpcConfigKeys$Server (ConfUtils.java:logGet(43)) - raft.grpc.server.port = 0 (default)
2019-07-13 19:10:34,693 INFO  server.GrpcService (ConfUtils.java:logGet(43)) - raft.grpc.message.size.max = 33570816 (custom)
2019-07-13 19:10:34,693 INFO  server.RaftServerConfigKeys (ConfUtils.java:logGet(43)) - raft.server.log.appender.buffer.byte-limit = 33554432 (custom)
2019-07-13 19:10:34,693 INFO  server.GrpcService (ConfUtils.java:logGet(43)) - raft.grpc.flow.control.window = 1MB (=1048576) (default)
2019-07-13 19:10:34,693 INFO  server.RaftServerConfigKeys (ConfUtils.java:logGet(43)) - raft.server.rpc.request.timeout = 3000ms (default)
2019-07-13 19:10:34,693 INFO  server.RaftServerConfigKeys (ConfUtils.java:logGet(43)) - raft.server.storage.dir = [/tmp/workdir/hadoop-ozone/integration-test/target/test-dir/MiniOzoneClusterImpl-4e9110eb-ad8a-42ba-abdf-1de919b0d281/datanode-2/data/ratis] (custom)
2019-07-13 19:10:34,694 INFO  replication.SimpleContainerDownloader (SimpleContainerDownloader.java:<init>(72)) - Starting container downloader service to copy containers to replicate.
2019-07-13 19:10:34,695 INFO  hdfs.DFSUtil (DFSUtil.java:httpServerTemplateForNNAndJN(1641)) - Starting Web-server for hddsDatanode at: http://0.0.0.0:0
2019-07-13 19:10:34,696 INFO  server.AuthenticationFilter (AuthenticationFilter.java:constructSecretProvider(240)) - Unable to initialize FileSignerSecretProvider, falling back to use random secrets.
2019-07-13 19:10:34,696 WARN  http.HttpRequestLog (HttpRequestLog.java:getRequestLog(97)) - Jetty request log can only be enabled using Log4j
2019-07-13 19:10:34,697 INFO  http.HttpServer2 (HttpServer2.java:addGlobalFilter(975)) - Added global filter 'safety' (class=org.apache.hadoop.http.HttpServer2$QuotingInputFilter)
2019-07-13 19:10:34,698 INFO  http.HttpServer2 (HttpServer2.java:addFilter(948)) - Added filter static_user_filter (class=org.apache.hadoop.http.lib.StaticUserWebFilter$StaticUserFilter) to context hddsDatanode
2019-07-13 19:10:34,698 INFO  http.HttpServer2 (HttpServer2.java:addFilter(958)) - Added filter static_user_filter (class=org.apache.hadoop.http.lib.StaticUserWebFilter$StaticUserFilter) to context logs
2019-07-13 19:10:34,698 INFO  http.HttpServer2 (HttpServer2.java:addFilter(958)) - Added filter static_user_filter (class=org.apache.hadoop.http.lib.StaticUserWebFilter$StaticUserFilter) to context static
2019-07-13 19:10:34,698 INFO  http.HttpServer2 (HttpServer2.java:bindListener(1191)) - Jetty bound to port 43266
2019-07-13 19:10:34,699 INFO  server.Server (Server.java:doStart(351)) - jetty-9.3.24.v20180605, build timestamp: 2018-06-05T17:11:56Z, git hash: 84205aa28f11a4f31f2a3b86d1bba2cc8ab69827
2019-07-13 19:10:34,700 INFO  handler.ContextHandler (ContextHandler.java:doStart(781)) - Started o.e.j.s.ServletContextHandler@63e0c744{/logs,file:///tmp/workdir/hadoop-ozone/integration-test/target/log,AVAILABLE}
2019-07-13 19:10:34,701 INFO  handler.ContextHandler (ContextHandler.java:doStart(781)) - Started o.e.j.s.ServletContextHandler@3284f91f{/static,jar:file:/home/user/.m2/repository/org/apache/hadoop/hadoop-hdds-container-service/0.5.0-SNAPSHOT/hadoop-hdds-container-service-0.5.0-SNAPSHOT.jar!/webapps/static,AVAILABLE}
2019-07-13 19:10:34,737 INFO  handler.ContextHandler (ContextHandler.java:doStart(781)) - Started o.e.j.w.WebAppContext@1b3b5252{/,file:///tmp/jetty-0.0.0.0-43266-hddsDatanode-_-any-6622027955186074828.dir/webapp/,AVAILABLE}{/hddsDatanode}
2019-07-13 19:10:34,738 INFO  server.AbstractConnector (AbstractConnector.java:doStart(278)) - Started ServerConnector@adb15df{HTTP/1.1,[http/1.1]}{0.0.0.0:43266}
2019-07-13 19:10:34,748 INFO  server.Server (Server.java:doStart(419)) - Started @128935ms
2019-07-13 19:10:34,749 INFO  server.BaseHttpServer (BaseHttpServer.java:updateConnectorAddress(207)) - HTTP server of HDDSDATANODE is listening at http://0.0.0.0:43266
2019-07-13 19:10:34,917 INFO  ozone.HddsDatanodeService (HddsDatanodeService.java:startPlugins(396)) - Started plug-in org.apache.hadoop.ozone.web.OzoneHddsDatanodeService@3fb920d9
2019-07-13 19:10:34,917 INFO  impl.MetricsSystemImpl (MetricsSystemImpl.java:init(158)) - HddsDatanode metrics system started (again)
2019-07-13 19:10:34,918 INFO  ozone.HddsDatanodeService (HddsDatanodeService.java:start(185)) - HddsDatanodeService host:trunk-nightly-fxqsz-774976932 ip:192.168.69.122
2019-07-13 19:10:34,919 INFO  util.JvmPauseMonitor (JvmPauseMonitor.java:run(188)) - Starting JVM pause monitor
2019-07-13 19:10:34,921 INFO  datanode.InitDatanodeState (InitDatanodeState.java:persistContainerDatanodeDetails(140)) - DatanodeDetails is persisted to /tmp/workdir/hadoop-ozone/integration-test/target/test-dir/MiniOzoneClusterImpl-4e9110eb-ad8a-42ba-abdf-1de919b0d281/datanode-2/meta/datanode.id
2019-07-13 19:10:34,938 INFO  volume.HddsVolume (HddsVolume.java:<init>(176)) - Creating Volume: /tmp/workdir/hadoop-ozone/integration-test/target/test-dir/MiniOzoneClusterImpl-4e9110eb-ad8a-42ba-abdf-1de919b0d281/datanode-3/data/containers/hdds of  storage type : DISK and capacity : 52710309888
2019-07-13 19:10:34,938 INFO  volume.VolumeSet (VolumeSet.java:initializeVolumeSet(170)) - Added Volume : /tmp/workdir/hadoop-ozone/integration-test/target/test-dir/MiniOzoneClusterImpl-4e9110eb-ad8a-42ba-abdf-1de919b0d281/datanode-3/data/containers/hdds to VolumeSet
2019-07-13 19:10:34,939 INFO  volume.ThrottledAsyncChecker (ThrottledAsyncChecker.java:schedule(140)) - Scheduling a check for org.apache.hadoop.ozone.container.common.volume.HddsVolume@289d9f0d
2019-07-13 19:10:34,940 INFO  volume.HddsVolumeChecker (HddsVolumeChecker.java:checkAllVolumes(203)) - Scheduled health check for volume org.apache.hadoop.ozone.container.common.volume.HddsVolume@289d9f0d
2019-07-13 19:10:34,964 INFO  impl.RaftServerProxy (ConfUtils.java:logGet(43)) - raft.rpc.type = GRPC (default)
2019-07-13 19:10:34,964 INFO  grpc.GrpcFactory (GrpcFactory.java:checkPooledByteBufAllocatorUseCacheForAllThreads(45)) - PERFORMANCE WARNING: useCacheForAllThreads is true that may cause Netty to create a lot garbage objects and, as a result, trigger GC.
	It is recommended to disable useCacheForAllThreads by setting -Dorg.apache.ratis.thirdparty.io.netty.allocator.useCacheForAllThreads=false in command line.
2019-07-13 19:10:34,965 INFO  grpc.GrpcConfigKeys$Server (ConfUtils.java:logGet(43)) - raft.grpc.server.port = 0 (default)
2019-07-13 19:10:34,965 INFO  server.GrpcService (ConfUtils.java:logGet(43)) - raft.grpc.message.size.max = 33570816 (custom)
2019-07-13 19:10:34,965 INFO  server.RaftServerConfigKeys (ConfUtils.java:logGet(43)) - raft.server.log.appender.buffer.byte-limit = 33554432 (custom)
2019-07-13 19:10:34,965 INFO  server.GrpcService (ConfUtils.java:logGet(43)) - raft.grpc.flow.control.window = 1MB (=1048576) (default)
2019-07-13 19:10:34,966 INFO  server.RaftServerConfigKeys (ConfUtils.java:logGet(43)) - raft.server.rpc.request.timeout = 3000ms (default)
2019-07-13 19:10:34,967 INFO  server.RaftServerConfigKeys (ConfUtils.java:logGet(43)) - raft.server.storage.dir = [/tmp/workdir/hadoop-ozone/integration-test/target/test-dir/MiniOzoneClusterImpl-4e9110eb-ad8a-42ba-abdf-1de919b0d281/datanode-3/data/ratis] (custom)
2019-07-13 19:10:34,967 INFO  replication.SimpleContainerDownloader (SimpleContainerDownloader.java:<init>(72)) - Starting container downloader service to copy containers to replicate.
2019-07-13 19:10:34,969 INFO  hdfs.DFSUtil (DFSUtil.java:httpServerTemplateForNNAndJN(1641)) - Starting Web-server for hddsDatanode at: http://0.0.0.0:0
2019-07-13 19:10:34,972 INFO  server.AuthenticationFilter (AuthenticationFilter.java:constructSecretProvider(240)) - Unable to initialize FileSignerSecretProvider, falling back to use random secrets.
2019-07-13 19:10:34,974 WARN  http.HttpRequestLog (HttpRequestLog.java:getRequestLog(97)) - Jetty request log can only be enabled using Log4j
2019-07-13 19:10:34,977 INFO  http.HttpServer2 (HttpServer2.java:addGlobalFilter(975)) - Added global filter 'safety' (class=org.apache.hadoop.http.HttpServer2$QuotingInputFilter)
2019-07-13 19:10:34,978 INFO  http.HttpServer2 (HttpServer2.java:addFilter(948)) - Added filter static_user_filter (class=org.apache.hadoop.http.lib.StaticUserWebFilter$StaticUserFilter) to context hddsDatanode
2019-07-13 19:10:34,978 INFO  http.HttpServer2 (HttpServer2.java:addFilter(958)) - Added filter static_user_filter (class=org.apache.hadoop.http.lib.StaticUserWebFilter$StaticUserFilter) to context logs
2019-07-13 19:10:34,978 INFO  http.HttpServer2 (HttpServer2.java:addFilter(958)) - Added filter static_user_filter (class=org.apache.hadoop.http.lib.StaticUserWebFilter$StaticUserFilter) to context static
2019-07-13 19:10:34,980 INFO  http.HttpServer2 (HttpServer2.java:bindListener(1191)) - Jetty bound to port 35509
2019-07-13 19:10:34,980 INFO  server.Server (Server.java:doStart(351)) - jetty-9.3.24.v20180605, build timestamp: 2018-06-05T17:11:56Z, git hash: 84205aa28f11a4f31f2a3b86d1bba2cc8ab69827
2019-07-13 19:10:34,983 INFO  handler.ContextHandler (ContextHandler.java:doStart(781)) - Started o.e.j.s.ServletContextHandler@5a9a187b{/logs,file:///tmp/workdir/hadoop-ozone/integration-test/target/log,AVAILABLE}
2019-07-13 19:10:34,983 INFO  handler.ContextHandler (ContextHandler.java:doStart(781)) - Started o.e.j.s.ServletContextHandler@5eaa6f76{/static,jar:file:/home/user/.m2/repository/org/apache/hadoop/hadoop-hdds-container-service/0.5.0-SNAPSHOT/hadoop-hdds-container-service-0.5.0-SNAPSHOT.jar!/webapps/static,AVAILABLE}
2019-07-13 19:10:35,024 INFO  handler.ContextHandler (ContextHandler.java:doStart(781)) - Started o.e.j.w.WebAppContext@c8e99{/,file:///tmp/jetty-0.0.0.0-35509-hddsDatanode-_-any-4956691099493210800.dir/webapp/,AVAILABLE}{/hddsDatanode}
2019-07-13 19:10:35,025 INFO  server.AbstractConnector (AbstractConnector.java:doStart(278)) - Started ServerConnector@61d7df22{HTTP/1.1,[http/1.1]}{0.0.0.0:35509}
2019-07-13 19:10:35,032 INFO  server.Server (Server.java:doStart(419)) - Started @129219ms
2019-07-13 19:10:35,033 INFO  server.BaseHttpServer (BaseHttpServer.java:updateConnectorAddress(207)) - HTTP server of HDDSDATANODE is listening at http://0.0.0.0:35509
2019-07-13 19:10:35,441 INFO  ozone.HddsDatanodeService (HddsDatanodeService.java:startPlugins(396)) - Started plug-in org.apache.hadoop.ozone.web.OzoneHddsDatanodeService@4700db93
2019-07-13 19:10:35,442 INFO  impl.MetricsSystemImpl (MetricsSystemImpl.java:init(158)) - HddsDatanode metrics system started (again)
2019-07-13 19:10:35,442 INFO  ozone.HddsDatanodeService (HddsDatanodeService.java:start(185)) - HddsDatanodeService host:trunk-nightly-fxqsz-774976932 ip:192.168.69.122
2019-07-13 19:10:35,444 INFO  util.JvmPauseMonitor (JvmPauseMonitor.java:run(188)) - Starting JVM pause monitor
2019-07-13 19:10:35,446 INFO  datanode.InitDatanodeState (InitDatanodeState.java:persistContainerDatanodeDetails(140)) - DatanodeDetails is persisted to /tmp/workdir/hadoop-ozone/integration-test/target/test-dir/MiniOzoneClusterImpl-4e9110eb-ad8a-42ba-abdf-1de919b0d281/datanode-3/meta/datanode.id
2019-07-13 19:10:35,463 INFO  volume.HddsVolume (HddsVolume.java:<init>(176)) - Creating Volume: /tmp/workdir/hadoop-ozone/integration-test/target/test-dir/MiniOzoneClusterImpl-4e9110eb-ad8a-42ba-abdf-1de919b0d281/datanode-4/data/containers/hdds of  storage type : DISK and capacity : 52710309888
2019-07-13 19:10:35,464 INFO  volume.VolumeSet (VolumeSet.java:initializeVolumeSet(170)) - Added Volume : /tmp/workdir/hadoop-ozone/integration-test/target/test-dir/MiniOzoneClusterImpl-4e9110eb-ad8a-42ba-abdf-1de919b0d281/datanode-4/data/containers/hdds to VolumeSet
2019-07-13 19:10:35,464 INFO  volume.ThrottledAsyncChecker (ThrottledAsyncChecker.java:schedule(140)) - Scheduling a check for org.apache.hadoop.ozone.container.common.volume.HddsVolume@7f680a9a
2019-07-13 19:10:35,465 INFO  volume.HddsVolumeChecker (HddsVolumeChecker.java:checkAllVolumes(203)) - Scheduled health check for volume org.apache.hadoop.ozone.container.common.volume.HddsVolume@7f680a9a
2019-07-13 19:10:35,485 INFO  impl.RaftServerProxy (ConfUtils.java:logGet(43)) - raft.rpc.type = GRPC (default)
2019-07-13 19:10:35,485 INFO  grpc.GrpcFactory (GrpcFactory.java:checkPooledByteBufAllocatorUseCacheForAllThreads(45)) - PERFORMANCE WARNING: useCacheForAllThreads is true that may cause Netty to create a lot garbage objects and, as a result, trigger GC.
	It is recommended to disable useCacheForAllThreads by setting -Dorg.apache.ratis.thirdparty.io.netty.allocator.useCacheForAllThreads=false in command line.
2019-07-13 19:10:35,485 INFO  grpc.GrpcConfigKeys$Server (ConfUtils.java:logGet(43)) - raft.grpc.server.port = 0 (default)
2019-07-13 19:10:35,486 INFO  server.GrpcService (ConfUtils.java:logGet(43)) - raft.grpc.message.size.max = 33570816 (custom)
2019-07-13 19:10:35,486 INFO  server.RaftServerConfigKeys (ConfUtils.java:logGet(43)) - raft.server.log.appender.buffer.byte-limit = 33554432 (custom)
2019-07-13 19:10:35,486 INFO  server.GrpcService (ConfUtils.java:logGet(43)) - raft.grpc.flow.control.window = 1MB (=1048576) (default)
2019-07-13 19:10:35,486 INFO  server.RaftServerConfigKeys (ConfUtils.java:logGet(43)) - raft.server.rpc.request.timeout = 3000ms (default)
2019-07-13 19:10:35,487 INFO  server.RaftServerConfigKeys (ConfUtils.java:logGet(43)) - raft.server.storage.dir = [/tmp/workdir/hadoop-ozone/integration-test/target/test-dir/MiniOzoneClusterImpl-4e9110eb-ad8a-42ba-abdf-1de919b0d281/datanode-4/data/ratis] (custom)
2019-07-13 19:10:35,487 INFO  replication.SimpleContainerDownloader (SimpleContainerDownloader.java:<init>(72)) - Starting container downloader service to copy containers to replicate.
2019-07-13 19:10:35,489 INFO  hdfs.DFSUtil (DFSUtil.java:httpServerTemplateForNNAndJN(1641)) - Starting Web-server for hddsDatanode at: http://0.0.0.0:0
2019-07-13 19:10:35,490 INFO  server.AuthenticationFilter (AuthenticationFilter.java:constructSecretProvider(240)) - Unable to initialize FileSignerSecretProvider, falling back to use random secrets.
2019-07-13 19:10:35,491 WARN  http.HttpRequestLog (HttpRequestLog.java:getRequestLog(97)) - Jetty request log can only be enabled using Log4j
2019-07-13 19:10:35,492 INFO  http.HttpServer2 (HttpServer2.java:addGlobalFilter(975)) - Added global filter 'safety' (class=org.apache.hadoop.http.HttpServer2$QuotingInputFilter)
2019-07-13 19:10:35,492 INFO  http.HttpServer2 (HttpServer2.java:addFilter(948)) - Added filter static_user_filter (class=org.apache.hadoop.http.lib.StaticUserWebFilter$StaticUserFilter) to context hddsDatanode
2019-07-13 19:10:35,493 INFO  http.HttpServer2 (HttpServer2.java:addFilter(958)) - Added filter static_user_filter (class=org.apache.hadoop.http.lib.StaticUserWebFilter$StaticUserFilter) to context logs
2019-07-13 19:10:35,493 INFO  http.HttpServer2 (HttpServer2.java:addFilter(958)) - Added filter static_user_filter (class=org.apache.hadoop.http.lib.StaticUserWebFilter$StaticUserFilter) to context static
2019-07-13 19:10:35,494 INFO  http.HttpServer2 (HttpServer2.java:bindListener(1191)) - Jetty bound to port 46255
2019-07-13 19:10:35,494 INFO  server.Server (Server.java:doStart(351)) - jetty-9.3.24.v20180605, build timestamp: 2018-06-05T17:11:56Z, git hash: 84205aa28f11a4f31f2a3b86d1bba2cc8ab69827
2019-07-13 19:10:35,496 INFO  handler.ContextHandler (ContextHandler.java:doStart(781)) - Started o.e.j.s.ServletContextHandler@23acd55e{/logs,file:///tmp/workdir/hadoop-ozone/integration-test/target/log,AVAILABLE}
2019-07-13 19:10:35,496 INFO  handler.ContextHandler (ContextHandler.java:doStart(781)) - Started o.e.j.s.ServletContextHandler@5add0cc0{/static,jar:file:/home/user/.m2/repository/org/apache/hadoop/hadoop-hdds-container-service/0.5.0-SNAPSHOT/hadoop-hdds-container-service-0.5.0-SNAPSHOT.jar!/webapps/static,AVAILABLE}
2019-07-13 19:10:35,542 INFO  handler.ContextHandler (ContextHandler.java:doStart(781)) - Started o.e.j.w.WebAppContext@2cf6b6e6{/,file:///tmp/jetty-0.0.0.0-46255-hddsDatanode-_-any-3720450772016958076.dir/webapp/,AVAILABLE}{/hddsDatanode}
2019-07-13 19:10:35,542 INFO  server.AbstractConnector (AbstractConnector.java:doStart(278)) - Started ServerConnector@6a16ee0d{HTTP/1.1,[http/1.1]}{0.0.0.0:46255}
2019-07-13 19:10:35,547 INFO  server.Server (Server.java:doStart(419)) - Started @129734ms
2019-07-13 19:10:35,548 INFO  server.BaseHttpServer (BaseHttpServer.java:updateConnectorAddress(207)) - HTTP server of HDDSDATANODE is listening at http://0.0.0.0:46255
2019-07-13 19:10:35,660 INFO  ozone.HddsDatanodeService (HddsDatanodeService.java:startPlugins(396)) - Started plug-in org.apache.hadoop.ozone.web.OzoneHddsDatanodeService@4824d077
2019-07-13 19:10:35,660 INFO  impl.MetricsSystemImpl (MetricsSystemImpl.java:init(158)) - HddsDatanode metrics system started (again)
2019-07-13 19:10:35,660 INFO  ozone.HddsDatanodeService (HddsDatanodeService.java:start(185)) - HddsDatanodeService host:trunk-nightly-fxqsz-774976932 ip:192.168.69.122
2019-07-13 19:10:35,661 INFO  util.JvmPauseMonitor (JvmPauseMonitor.java:run(188)) - Starting JVM pause monitor
2019-07-13 19:10:35,663 INFO  datanode.InitDatanodeState (InitDatanodeState.java:persistContainerDatanodeDetails(140)) - DatanodeDetails is persisted to /tmp/workdir/hadoop-ozone/integration-test/target/test-dir/MiniOzoneClusterImpl-4e9110eb-ad8a-42ba-abdf-1de919b0d281/datanode-4/meta/datanode.id
2019-07-13 19:10:35,677 INFO  volume.HddsVolume (HddsVolume.java:<init>(176)) - Creating Volume: /tmp/workdir/hadoop-ozone/integration-test/target/test-dir/MiniOzoneClusterImpl-4e9110eb-ad8a-42ba-abdf-1de919b0d281/datanode-5/data/containers/hdds of  storage type : DISK and capacity : 52710309888
2019-07-13 19:10:35,677 INFO  volume.VolumeSet (VolumeSet.java:initializeVolumeSet(170)) - Added Volume : /tmp/workdir/hadoop-ozone/integration-test/target/test-dir/MiniOzoneClusterImpl-4e9110eb-ad8a-42ba-abdf-1de919b0d281/datanode-5/data/containers/hdds to VolumeSet
2019-07-13 19:10:35,677 INFO  volume.ThrottledAsyncChecker (ThrottledAsyncChecker.java:schedule(140)) - Scheduling a check for org.apache.hadoop.ozone.container.common.volume.HddsVolume@4283f29b
2019-07-13 19:10:35,678 INFO  volume.HddsVolumeChecker (HddsVolumeChecker.java:checkAllVolumes(203)) - Scheduled health check for volume org.apache.hadoop.ozone.container.common.volume.HddsVolume@4283f29b
2019-07-13 19:10:35,693 INFO  impl.RaftServerProxy (ConfUtils.java:logGet(43)) - raft.rpc.type = GRPC (default)
2019-07-13 19:10:35,693 INFO  grpc.GrpcFactory (GrpcFactory.java:checkPooledByteBufAllocatorUseCacheForAllThreads(45)) - PERFORMANCE WARNING: useCacheForAllThreads is true that may cause Netty to create a lot garbage objects and, as a result, trigger GC.
	It is recommended to disable useCacheForAllThreads by setting -Dorg.apache.ratis.thirdparty.io.netty.allocator.useCacheForAllThreads=false in command line.
2019-07-13 19:10:35,693 INFO  grpc.GrpcConfigKeys$Server (ConfUtils.java:logGet(43)) - raft.grpc.server.port = 0 (default)
2019-07-13 19:10:35,693 INFO  server.GrpcService (ConfUtils.java:logGet(43)) - raft.grpc.message.size.max = 33570816 (custom)
2019-07-13 19:10:35,693 INFO  server.RaftServerConfigKeys (ConfUtils.java:logGet(43)) - raft.server.log.appender.buffer.byte-limit = 33554432 (custom)
2019-07-13 19:10:35,694 INFO  server.GrpcService (ConfUtils.java:logGet(43)) - raft.grpc.flow.control.window = 1MB (=1048576) (default)
2019-07-13 19:10:35,694 INFO  server.RaftServerConfigKeys (ConfUtils.java:logGet(43)) - raft.server.rpc.request.timeout = 3000ms (default)
2019-07-13 19:10:35,694 INFO  server.RaftServerConfigKeys (ConfUtils.java:logGet(43)) - raft.server.storage.dir = [/tmp/workdir/hadoop-ozone/integration-test/target/test-dir/MiniOzoneClusterImpl-4e9110eb-ad8a-42ba-abdf-1de919b0d281/datanode-5/data/ratis] (custom)
2019-07-13 19:10:35,695 INFO  replication.SimpleContainerDownloader (SimpleContainerDownloader.java:<init>(72)) - Starting container downloader service to copy containers to replicate.
2019-07-13 19:10:35,696 INFO  hdfs.DFSUtil (DFSUtil.java:httpServerTemplateForNNAndJN(1641)) - Starting Web-server for hddsDatanode at: http://0.0.0.0:0
2019-07-13 19:10:35,697 INFO  server.AuthenticationFilter (AuthenticationFilter.java:constructSecretProvider(240)) - Unable to initialize FileSignerSecretProvider, falling back to use random secrets.
2019-07-13 19:10:35,697 WARN  http.HttpRequestLog (HttpRequestLog.java:getRequestLog(97)) - Jetty request log can only be enabled using Log4j
2019-07-13 19:10:35,698 INFO  http.HttpServer2 (HttpServer2.java:addGlobalFilter(975)) - Added global filter 'safety' (class=org.apache.hadoop.http.HttpServer2$QuotingInputFilter)
2019-07-13 19:10:35,699 INFO  http.HttpServer2 (HttpServer2.java:addFilter(948)) - Added filter static_user_filter (class=org.apache.hadoop.http.lib.StaticUserWebFilter$StaticUserFilter) to context hddsDatanode
2019-07-13 19:10:35,699 INFO  http.HttpServer2 (HttpServer2.java:addFilter(958)) - Added filter static_user_filter (class=org.apache.hadoop.http.lib.StaticUserWebFilter$StaticUserFilter) to context static
2019-07-13 19:10:35,699 INFO  http.HttpServer2 (HttpServer2.java:addFilter(958)) - Added filter static_user_filter (class=org.apache.hadoop.http.lib.StaticUserWebFilter$StaticUserFilter) to context logs
2019-07-13 19:10:35,699 INFO  http.HttpServer2 (HttpServer2.java:bindListener(1191)) - Jetty bound to port 43789
2019-07-13 19:10:35,699 INFO  server.Server (Server.java:doStart(351)) - jetty-9.3.24.v20180605, build timestamp: 2018-06-05T17:11:56Z, git hash: 84205aa28f11a4f31f2a3b86d1bba2cc8ab69827
2019-07-13 19:10:35,701 INFO  handler.ContextHandler (ContextHandler.java:doStart(781)) - Started o.e.j.s.ServletContextHandler@25af2afe{/logs,file:///tmp/workdir/hadoop-ozone/integration-test/target/log,AVAILABLE}
2019-07-13 19:10:35,701 INFO  handler.ContextHandler (ContextHandler.java:doStart(781)) - Started o.e.j.s.ServletContextHandler@f359e65{/static,jar:file:/home/user/.m2/repository/org/apache/hadoop/hadoop-hdds-container-service/0.5.0-SNAPSHOT/hadoop-hdds-container-service-0.5.0-SNAPSHOT.jar!/webapps/static,AVAILABLE}
2019-07-13 19:10:35,727 INFO  handler.ContextHandler (ContextHandler.java:doStart(781)) - Started o.e.j.w.WebAppContext@294aaa6{/,file:///tmp/jetty-0.0.0.0-43789-hddsDatanode-_-any-5187284339500943093.dir/webapp/,AVAILABLE}{/hddsDatanode}
2019-07-13 19:10:35,727 INFO  server.AbstractConnector (AbstractConnector.java:doStart(278)) - Started ServerConnector@1f612968{HTTP/1.1,[http/1.1]}{0.0.0.0:43789}
2019-07-13 19:10:35,733 INFO  server.Server (Server.java:doStart(419)) - Started @129920ms
2019-07-13 19:10:35,734 INFO  server.BaseHttpServer (BaseHttpServer.java:updateConnectorAddress(207)) - HTTP server of HDDSDATANODE is listening at http://0.0.0.0:43789
2019-07-13 19:10:35,840 INFO  ozone.HddsDatanodeService (HddsDatanodeService.java:startPlugins(396)) - Started plug-in org.apache.hadoop.ozone.web.OzoneHddsDatanodeService@69a14512
2019-07-13 19:10:35,840 INFO  ozone.MiniOzoneClusterImpl (MiniOzoneClusterImpl.java:lambda$waitForClusterToBeReady$0(142)) - Waiting for cluster to be ready. Got 0 of 6 DN Heartbeats.
2019-07-13 19:10:35,842 INFO  util.JvmPauseMonitor (JvmPauseMonitor.java:run(188)) - Starting JVM pause monitor
2019-07-13 19:10:35,843 INFO  datanode.InitDatanodeState (InitDatanodeState.java:persistContainerDatanodeDetails(140)) - DatanodeDetails is persisted to /tmp/workdir/hadoop-ozone/integration-test/target/test-dir/MiniOzoneClusterImpl-4e9110eb-ad8a-42ba-abdf-1de919b0d281/datanode-5/meta/datanode.id
2019-07-13 19:10:36,450 INFO  ozoneimpl.OzoneContainer (OzoneContainer.java:start(186)) - Attempting to start container services.
2019-07-13 19:10:36,450 INFO  ozoneimpl.OzoneContainer (OzoneContainer.java:startContainerScrub(160)) - Background container scrubber has been disabled by hdds.containerscrub.enabled
2019-07-13 19:10:36,451 INFO  ratis.XceiverServerRatis (XceiverServerRatis.java:start(418)) - Starting XceiverServerRatis d92fd9b4-9a09-412f-89f4-a9cd00fb85be at port 0
2019-07-13 19:10:36,457 INFO  impl.RaftServerProxy (RaftServerProxy.java:lambda$start$3(299)) - d92fd9b4-9a09-412f-89f4-a9cd00fb85be: start RPC server
2019-07-13 19:10:36,459 INFO  server.GrpcService (GrpcService.java:startImpl(149)) - d92fd9b4-9a09-412f-89f4-a9cd00fb85be: GrpcService started, listening on 0.0.0.0/0.0.0.0:39437
2019-07-13 19:10:36,459 INFO  ratis.XceiverServerRatis (XceiverServerRatis.java:start(428)) - XceiverServerRatis d92fd9b4-9a09-412f-89f4-a9cd00fb85be is started using port 39437
2019-07-13 19:10:36,459 INFO  server.XceiverServerGrpc (XceiverServerGrpc.java:start(161)) - XceiverServerGrpc d92fd9b4-9a09-412f-89f4-a9cd00fb85be is started using port 45054
2019-07-13 19:10:36,681 INFO  ozoneimpl.OzoneContainer (OzoneContainer.java:start(186)) - Attempting to start container services.
2019-07-13 19:10:36,681 INFO  ozoneimpl.OzoneContainer (OzoneContainer.java:startContainerScrub(160)) - Background container scrubber has been disabled by hdds.containerscrub.enabled
2019-07-13 19:10:36,681 INFO  ratis.XceiverServerRatis (XceiverServerRatis.java:start(418)) - Starting XceiverServerRatis b2834bdc-0b24-4552-85d4-88a911f4f023 at port 0
2019-07-13 19:10:36,689 INFO  impl.RaftServerProxy (RaftServerProxy.java:lambda$start$3(299)) - b2834bdc-0b24-4552-85d4-88a911f4f023: start RPC server
2019-07-13 19:10:36,689 INFO  server.GrpcService (GrpcService.java:startImpl(149)) - b2834bdc-0b24-4552-85d4-88a911f4f023: GrpcService started, listening on 0.0.0.0/0.0.0.0:44775
2019-07-13 19:10:36,690 INFO  ratis.XceiverServerRatis (XceiverServerRatis.java:start(428)) - XceiverServerRatis b2834bdc-0b24-4552-85d4-88a911f4f023 is started using port 44775
2019-07-13 19:10:36,690 INFO  server.XceiverServerGrpc (XceiverServerGrpc.java:start(161)) - XceiverServerGrpc b2834bdc-0b24-4552-85d4-88a911f4f023 is started using port 46577
2019-07-13 19:10:36,841 INFO  ozone.MiniOzoneClusterImpl (MiniOzoneClusterImpl.java:lambda$waitForClusterToBeReady$0(142)) - Waiting for cluster to be ready. Got 0 of 6 DN Heartbeats.
2019-07-13 19:10:36,941 INFO  ozoneimpl.OzoneContainer (OzoneContainer.java:start(186)) - Attempting to start container services.
2019-07-13 19:10:36,941 INFO  ozoneimpl.OzoneContainer (OzoneContainer.java:startContainerScrub(160)) - Background container scrubber has been disabled by hdds.containerscrub.enabled
2019-07-13 19:10:36,941 INFO  ratis.XceiverServerRatis (XceiverServerRatis.java:start(418)) - Starting XceiverServerRatis 87c5d8a8-f726-42e2-9770-a2af52013bda at port 0
2019-07-13 19:10:36,949 INFO  impl.RaftServerProxy (RaftServerProxy.java:lambda$start$3(299)) - 87c5d8a8-f726-42e2-9770-a2af52013bda: start RPC server
2019-07-13 19:10:36,949 INFO  server.GrpcService (GrpcService.java:startImpl(149)) - 87c5d8a8-f726-42e2-9770-a2af52013bda: GrpcService started, listening on 0.0.0.0/0.0.0.0:41190
2019-07-13 19:10:36,949 INFO  ratis.XceiverServerRatis (XceiverServerRatis.java:start(428)) - XceiverServerRatis 87c5d8a8-f726-42e2-9770-a2af52013bda is started using port 41190
2019-07-13 19:10:36,950 INFO  server.XceiverServerGrpc (XceiverServerGrpc.java:start(161)) - XceiverServerGrpc 87c5d8a8-f726-42e2-9770-a2af52013bda is started using port 44086
2019-07-13 19:10:37,458 INFO  ozoneimpl.OzoneContainer (OzoneContainer.java:start(186)) - Attempting to start container services.
2019-07-13 19:10:37,458 INFO  ozoneimpl.OzoneContainer (OzoneContainer.java:startContainerScrub(160)) - Background container scrubber has been disabled by hdds.containerscrub.enabled
2019-07-13 19:10:37,459 INFO  ratis.XceiverServerRatis (XceiverServerRatis.java:start(418)) - Starting XceiverServerRatis 01f061f4-8e05-4c56-97ab-46de16d1ed88 at port 0
2019-07-13 19:10:37,466 INFO  impl.RaftServerProxy (RaftServerProxy.java:lambda$start$3(299)) - 01f061f4-8e05-4c56-97ab-46de16d1ed88: start RPC server
2019-07-13 19:10:37,467 INFO  server.GrpcService (GrpcService.java:startImpl(149)) - 01f061f4-8e05-4c56-97ab-46de16d1ed88: GrpcService started, listening on 0.0.0.0/0.0.0.0:44830
2019-07-13 19:10:37,468 INFO  ratis.XceiverServerRatis (XceiverServerRatis.java:start(428)) - XceiverServerRatis 01f061f4-8e05-4c56-97ab-46de16d1ed88 is started using port 44830
2019-07-13 19:10:37,468 INFO  server.XceiverServerGrpc (XceiverServerGrpc.java:start(161)) - XceiverServerGrpc 01f061f4-8e05-4c56-97ab-46de16d1ed88 is started using port 45426
2019-07-13 19:10:37,676 INFO  ozoneimpl.OzoneContainer (OzoneContainer.java:start(186)) - Attempting to start container services.
2019-07-13 19:10:37,676 INFO  ozoneimpl.OzoneContainer (OzoneContainer.java:startContainerScrub(160)) - Background container scrubber has been disabled by hdds.containerscrub.enabled
2019-07-13 19:10:37,676 INFO  ratis.XceiverServerRatis (XceiverServerRatis.java:start(418)) - Starting XceiverServerRatis d19f59ae-42e2-4df8-8b68-6e798c673ac8 at port 0
2019-07-13 19:10:37,683 INFO  impl.RaftServerProxy (RaftServerProxy.java:lambda$start$3(299)) - d19f59ae-42e2-4df8-8b68-6e798c673ac8: start RPC server
2019-07-13 19:10:37,684 INFO  server.GrpcService (GrpcService.java:startImpl(149)) - d19f59ae-42e2-4df8-8b68-6e798c673ac8: GrpcService started, listening on 0.0.0.0/0.0.0.0:45548
2019-07-13 19:10:37,684 INFO  ratis.XceiverServerRatis (XceiverServerRatis.java:start(428)) - XceiverServerRatis d19f59ae-42e2-4df8-8b68-6e798c673ac8 is started using port 45548
2019-07-13 19:10:37,684 INFO  server.XceiverServerGrpc (XceiverServerGrpc.java:start(161)) - XceiverServerGrpc d19f59ae-42e2-4df8-8b68-6e798c673ac8 is started using port 45561
2019-07-13 19:10:37,841 INFO  ozone.MiniOzoneClusterImpl (MiniOzoneClusterImpl.java:lambda$waitForClusterToBeReady$0(142)) - Waiting for cluster to be ready. Got 0 of 6 DN Heartbeats.
2019-07-13 19:10:37,868 INFO  ozoneimpl.OzoneContainer (OzoneContainer.java:start(186)) - Attempting to start container services.
2019-07-13 19:10:37,868 INFO  ozoneimpl.OzoneContainer (OzoneContainer.java:startContainerScrub(160)) - Background container scrubber has been disabled by hdds.containerscrub.enabled
2019-07-13 19:10:37,868 INFO  ratis.XceiverServerRatis (XceiverServerRatis.java:start(418)) - Starting XceiverServerRatis 4e0e021c-baec-4cf9-9bca-abbc447b3b25 at port 0
2019-07-13 19:10:37,875 INFO  impl.RaftServerProxy (RaftServerProxy.java:lambda$start$3(299)) - 4e0e021c-baec-4cf9-9bca-abbc447b3b25: start RPC server
2019-07-13 19:10:37,876 INFO  server.GrpcService (GrpcService.java:startImpl(149)) - 4e0e021c-baec-4cf9-9bca-abbc447b3b25: GrpcService started, listening on 0.0.0.0/0.0.0.0:37274
2019-07-13 19:10:37,877 INFO  ratis.XceiverServerRatis (XceiverServerRatis.java:start(428)) - XceiverServerRatis 4e0e021c-baec-4cf9-9bca-abbc447b3b25 is started using port 37274
2019-07-13 19:10:37,877 INFO  server.XceiverServerGrpc (XceiverServerGrpc.java:start(161)) - XceiverServerGrpc 4e0e021c-baec-4cf9-9bca-abbc447b3b25 is started using port 33242
2019-07-13 19:10:38,427 INFO  net.NetworkTopology (NetworkTopologyImpl.java:add(110)) - Added a new node: /default-rack/192.168.69.122
2019-07-13 19:10:38,437 INFO  node.SCMNodeManager (SCMNodeManager.java:register(269)) - Registered Data node : d92fd9b4-9a09-412f-89f4-a9cd00fb85be{ip: 192.168.69.122, host: trunk-nightly-fxqsz-774976932, networkLocation: /default-rack, certSerialId: null}
2019-07-13 19:10:38,438 INFO  safemode.SCMSafeModeManager (DataNodeSafeModeRule.java:process(71)) - SCM in safe mode. 1 DataNodes registered, 1 required.
2019-07-13 19:10:38,446 INFO  safemode.SCMSafeModeManager (SCMSafeModeManager.java:validateSafeModeExitRules(177)) - ScmSafeModeManager, all rules are successfully validated
2019-07-13 19:10:38,446 INFO  safemode.SCMSafeModeManager (SCMSafeModeManager.java:exitSafeMode(193)) - SCM exiting safe mode.
2019-07-13 19:10:38,481 INFO  impl.RaftServerProxy (RaftServerProxy.java:addNew(89)) - d92fd9b4-9a09-412f-89f4-a9cd00fb85be: addNew group-8E473BD148A3:[d92fd9b4-9a09-412f-89f4-a9cd00fb85be:192.168.69.122:39437] returns group-8E473BD148A3:java.util.concurrent.CompletableFuture@36833938[Not completed]
2019-07-13 19:10:38,482 INFO  impl.RaftServerImpl (RaftServerImpl.java:<init>(93)) - d92fd9b4-9a09-412f-89f4-a9cd00fb85be: new RaftServerImpl for group-8E473BD148A3:[d92fd9b4-9a09-412f-89f4-a9cd00fb85be:192.168.69.122:39437] with ContainerStateMachine:uninitialized
2019-07-13 19:10:38,483 INFO  server.RaftServerConfigKeys (ConfUtils.java:logGet(43)) - raft.server.rpc.timeout.min = 5s (custom)
2019-07-13 19:10:38,483 INFO  server.RaftServerConfigKeys (ConfUtils.java:logGet(43)) - raft.server.rpc.timeout.max = 5200ms (custom)
2019-07-13 19:10:38,483 INFO  server.RaftServerConfigKeys (ConfUtils.java:logGet(43)) - raft.server.rpcslowness.timeout = 120s (custom)
2019-07-13 19:10:38,483 INFO  server.RaftServerConfigKeys (ConfUtils.java:logGet(43)) - raft.server.sleep.deviation.threshold = 300 (default)
2019-07-13 19:10:38,483 INFO  server.RaftServerConfigKeys (ConfUtils.java:logGet(43)) - raft.server.log.appender.install.snapshot.enabled = false (custom)
2019-07-13 19:10:38,483 INFO  impl.RaftServerImpl (ServerState.java:<init>(105)) - d92fd9b4-9a09-412f-89f4-a9cd00fb85be:group-8E473BD148A3 ConfigurationManager, init=-1: [d92fd9b4-9a09-412f-89f4-a9cd00fb85be:192.168.69.122:39437], old=null, confs=<EMPTY_MAP>
2019-07-13 19:10:38,484 INFO  server.RaftServerConfigKeys (ConfUtils.java:logGet(43)) - raft.server.storage.dir = [/tmp/workdir/hadoop-ozone/integration-test/target/test-dir/MiniOzoneClusterImpl-4e9110eb-ad8a-42ba-abdf-1de919b0d281/datanode-0/data/ratis] (custom)
2019-07-13 19:10:38,484 INFO  storage.RaftStorageDirectory (RaftStorageDirectory.java:analyzeStorage(246)) - The storage directory /tmp/workdir/hadoop-ozone/integration-test/target/test-dir/MiniOzoneClusterImpl-4e9110eb-ad8a-42ba-abdf-1de919b0d281/datanode-0/data/ratis/63ded2c9-b8aa-47bd-92cc-8e473bd148a3 does not exist. Creating ...
2019-07-13 19:10:38,504 INFO  storage.RaftStorageDirectory (RaftStorageDirectory.java:tryLock(328)) - Lock on /tmp/workdir/hadoop-ozone/integration-test/target/test-dir/MiniOzoneClusterImpl-4e9110eb-ad8a-42ba-abdf-1de919b0d281/datanode-0/data/ratis/63ded2c9-b8aa-47bd-92cc-8e473bd148a3/in_use.lock acquired by nodename 10860@trunk-nightly-fxqsz-774976932
2019-07-13 19:10:38,529 INFO  storage.RaftStorage (RaftStorage.java:format(72)) - Storage directory /tmp/workdir/hadoop-ozone/integration-test/target/test-dir/MiniOzoneClusterImpl-4e9110eb-ad8a-42ba-abdf-1de919b0d281/datanode-0/data/ratis/63ded2c9-b8aa-47bd-92cc-8e473bd148a3 has been successfully formatted.
2019-07-13 19:10:38,529 INFO  ratis.ContainerStateMachine (ContainerStateMachine.java:loadSnapshot(200)) - The snapshot info is null.Setting the last applied index to:(t:0, i:~)
2019-07-13 19:10:38,530 INFO  server.RaftServerConfigKeys (ConfUtils.java:logGet(43)) - raft.server.leader.election.timeout = 120s (custom)
2019-07-13 19:10:38,530 INFO  server.RaftServerConfigKeys (ConfUtils.java:logGet(43)) - raft.server.log.use.memory = false (default)
2019-07-13 19:10:38,530 INFO  server.RaftServerConfigKeys (ConfUtils.java:logGet(43)) - raft.server.log.purge.gap = 1000000000 (custom)
2019-07-13 19:10:38,530 INFO  server.RaftServerConfigKeys (ConfUtils.java:logGet(43)) - raft.server.log.appender.buffer.byte-limit = 33554432 (custom)
2019-07-13 19:10:38,530 INFO  server.RaftServerConfigKeys (ConfUtils.java:logGet(43)) - raft.server.log.segment.size.max = 1048576 (custom)
2019-07-13 19:10:38,531 INFO  server.RaftServerConfigKeys (ConfUtils.java:logGet(43)) - raft.server.log.segment.cache.num.max = 2 (custom)
2019-07-13 19:10:38,531 INFO  segmented.SegmentedRaftLogWorker (SegmentedRaftLogWorker.java:<init>(172)) - new d92fd9b4-9a09-412f-89f4-a9cd00fb85be-SegmentedRaftLogWorker:Storage Directory /tmp/workdir/hadoop-ozone/integration-test/target/test-dir/MiniOzoneClusterImpl-4e9110eb-ad8a-42ba-abdf-1de919b0d281/datanode-0/data/ratis/63ded2c9-b8aa-47bd-92cc-8e473bd148a3 for RaftStorage:Storage Directory /tmp/workdir/hadoop-ozone/integration-test/target/test-dir/MiniOzoneClusterImpl-4e9110eb-ad8a-42ba-abdf-1de919b0d281/datanode-0/data/ratis/63ded2c9-b8aa-47bd-92cc-8e473bd148a3
2019-07-13 19:10:38,531 INFO  server.RaftServerConfigKeys (ConfUtils.java:logGet(43)) - raft.server.log.queue.byte-limit = 2147483647 (custom)
2019-07-13 19:10:38,531 INFO  server.RaftServerConfigKeys (ConfUtils.java:logGet(43)) - raft.server.log.queue.element-limit = 1024 (custom)
2019-07-13 19:10:38,532 INFO  server.RaftServerConfigKeys (ConfUtils.java:logGet(43)) - raft.server.log.segment.size.max = 1048576 (custom)
2019-07-13 19:10:38,532 INFO  server.RaftServerConfigKeys (ConfUtils.java:logGet(43)) - raft.server.log.preallocated.size = 16384 (custom)
2019-07-13 19:10:38,532 INFO  server.RaftServerConfigKeys (ConfUtils.java:logGet(43)) - raft.server.log.write.buffer.size = 33554432 (custom)
2019-07-13 19:10:38,532 INFO  server.RaftServerConfigKeys (ConfUtils.java:logGet(43)) - raft.server.log.force.sync.num = 128 (default)
2019-07-13 19:10:38,532 INFO  server.RaftServerConfigKeys (ConfUtils.java:logGet(43)) - raft.server.log.statemachine.data.sync = true (default)
2019-07-13 19:10:38,532 INFO  server.RaftServerConfigKeys (ConfUtils.java:logGet(43)) - raft.server.log.statemachine.data.sync.timeout = 10s (default)
2019-07-13 19:10:38,533 INFO  server.RaftServerConfigKeys (ConfUtils.java:logGet(43)) - raft.server.log.statemachine.data.sync.timeout.retry = -1 (default)
2019-07-13 19:10:38,533 INFO  server.RaftServerConfigKeys (ConfUtils.java:logGet(43)) - raft.server.log.statemachine.data.caching.enabled = true (custom)
2019-07-13 19:10:38,533 INFO  segmented.SegmentedRaftLogWorker (SegmentedRaftLogWorker.java:lambda$new$0(132)) - d92fd9b4-9a09-412f-89f4-a9cd00fb85be-SegmentedRaftLogWorker:Storage Directory /tmp/workdir/hadoop-ozone/integration-test/target/test-dir/MiniOzoneClusterImpl-4e9110eb-ad8a-42ba-abdf-1de919b0d281/datanode-0/data/ratis/63ded2c9-b8aa-47bd-92cc-8e473bd148a3: flushIndex: setUnconditionally 0 -> -1
2019-07-13 19:10:38,534 INFO  server.RaftServerConfigKeys (ConfUtils.java:logGet(43)) - raft.server.snapshot.auto.trigger.enabled = true (custom)
2019-07-13 19:10:38,534 INFO  server.RaftServerConfigKeys (ConfUtils.java:logGet(43)) - raft.server.snapshot.auto.trigger.threshold = 10000 (custom)
2019-07-13 19:10:38,534 INFO  server.RaftServerConfigKeys (ConfUtils.java:logGet(43)) - raft.server.retrycache.expirytime = 600000ms (custom)
2019-07-13 19:10:38,535 INFO  impl.RaftServerImpl (RaftServerImpl.java:start(180)) - d92fd9b4-9a09-412f-89f4-a9cd00fb85be: start group-8E473BD148A3
2019-07-13 19:10:38,535 INFO  impl.RaftServerImpl (RaftServerImpl.java:setRole(171)) - d92fd9b4-9a09-412f-89f4-a9cd00fb85be:group-8E473BD148A3 changes role from null to FOLLOWER at term 0 for startAsFollower
2019-07-13 19:10:38,535 INFO  impl.RoleInfo (RoleInfo.java:updateAndGet(143)) - d92fd9b4-9a09-412f-89f4-a9cd00fb85be: start FollowerState
2019-07-13 19:10:38,536 INFO  util.JmxRegister (JmxRegister.java:tryRegister(44)) - Successfully registered JMX Bean with object name Ratis:service=RaftServer,group=group-8E473BD148A3,id=d92fd9b4-9a09-412f-89f4-a9cd00fb85be
2019-07-13 19:10:38,539 INFO  pipeline.PipelineStateManager (PipelineStateManager.java:addPipeline(56)) - Created pipeline Pipeline[ Id: 63ded2c9-b8aa-47bd-92cc-8e473bd148a3, Nodes: d92fd9b4-9a09-412f-89f4-a9cd00fb85be{ip: 192.168.69.122, host: trunk-nightly-fxqsz-774976932, networkLocation: /default-rack, certSerialId: null}, Type:RATIS, Factor:ONE, State:OPEN]
2019-07-13 19:10:38,656 INFO  node.SCMNodeManager (SCMNodeManager.java:register(269)) - Registered Data node : b2834bdc-0b24-4552-85d4-88a911f4f023{ip: 192.168.69.122, host: trunk-nightly-fxqsz-774976932, networkLocation: /default-rack, certSerialId: null}
2019-07-13 19:10:38,672 INFO  impl.RaftServerProxy (RaftServerProxy.java:addNew(89)) - b2834bdc-0b24-4552-85d4-88a911f4f023: addNew group-6B2253F898E3:[b2834bdc-0b24-4552-85d4-88a911f4f023:192.168.69.122:44775] returns group-6B2253F898E3:java.util.concurrent.CompletableFuture@3f6d9e62[Not completed]
2019-07-13 19:10:38,673 INFO  impl.RaftServerImpl (RaftServerImpl.java:<init>(93)) - b2834bdc-0b24-4552-85d4-88a911f4f023: new RaftServerImpl for group-6B2253F898E3:[b2834bdc-0b24-4552-85d4-88a911f4f023:192.168.69.122:44775] with ContainerStateMachine:uninitialized
2019-07-13 19:10:38,673 INFO  server.RaftServerConfigKeys (ConfUtils.java:logGet(43)) - raft.server.rpc.timeout.min = 5s (custom)
2019-07-13 19:10:38,674 INFO  server.RaftServerConfigKeys (ConfUtils.java:logGet(43)) - raft.server.rpc.timeout.max = 5200ms (custom)
2019-07-13 19:10:38,674 INFO  server.RaftServerConfigKeys (ConfUtils.java:logGet(43)) - raft.server.rpcslowness.timeout = 120s (custom)
2019-07-13 19:10:38,674 INFO  server.RaftServerConfigKeys (ConfUtils.java:logGet(43)) - raft.server.sleep.deviation.threshold = 300 (default)
2019-07-13 19:10:38,674 INFO  server.RaftServerConfigKeys (ConfUtils.java:logGet(43)) - raft.server.log.appender.install.snapshot.enabled = false (custom)
2019-07-13 19:10:38,674 INFO  impl.RaftServerImpl (ServerState.java:<init>(105)) - b2834bdc-0b24-4552-85d4-88a911f4f023:group-6B2253F898E3 ConfigurationManager, init=-1: [b2834bdc-0b24-4552-85d4-88a911f4f023:192.168.69.122:44775], old=null, confs=<EMPTY_MAP>
2019-07-13 19:10:38,674 INFO  server.RaftServerConfigKeys (ConfUtils.java:logGet(43)) - raft.server.storage.dir = [/tmp/workdir/hadoop-ozone/integration-test/target/test-dir/MiniOzoneClusterImpl-4e9110eb-ad8a-42ba-abdf-1de919b0d281/datanode-1/data/ratis] (custom)
2019-07-13 19:10:38,675 INFO  storage.RaftStorageDirectory (RaftStorageDirectory.java:analyzeStorage(246)) - The storage directory /tmp/workdir/hadoop-ozone/integration-test/target/test-dir/MiniOzoneClusterImpl-4e9110eb-ad8a-42ba-abdf-1de919b0d281/datanode-1/data/ratis/0acda718-7e83-423b-8e5a-6b2253f898e3 does not exist. Creating ...
2019-07-13 19:10:38,701 INFO  storage.RaftStorageDirectory (RaftStorageDirectory.java:tryLock(328)) - Lock on /tmp/workdir/hadoop-ozone/integration-test/target/test-dir/MiniOzoneClusterImpl-4e9110eb-ad8a-42ba-abdf-1de919b0d281/datanode-1/data/ratis/0acda718-7e83-423b-8e5a-6b2253f898e3/in_use.lock acquired by nodename 10860@trunk-nightly-fxqsz-774976932
2019-07-13 19:10:38,715 INFO  storage.RaftStorage (RaftStorage.java:format(72)) - Storage directory /tmp/workdir/hadoop-ozone/integration-test/target/test-dir/MiniOzoneClusterImpl-4e9110eb-ad8a-42ba-abdf-1de919b0d281/datanode-1/data/ratis/0acda718-7e83-423b-8e5a-6b2253f898e3 has been successfully formatted.
2019-07-13 19:10:38,716 INFO  ratis.ContainerStateMachine (ContainerStateMachine.java:loadSnapshot(200)) - The snapshot info is null.Setting the last applied index to:(t:0, i:~)
2019-07-13 19:10:38,716 INFO  server.RaftServerConfigKeys (ConfUtils.java:logGet(43)) - raft.server.leader.election.timeout = 120s (custom)
2019-07-13 19:10:38,716 INFO  server.RaftServerConfigKeys (ConfUtils.java:logGet(43)) - raft.server.log.use.memory = false (default)
2019-07-13 19:10:38,716 INFO  server.RaftServerConfigKeys (ConfUtils.java:logGet(43)) - raft.server.log.purge.gap = 1000000000 (custom)
2019-07-13 19:10:38,716 INFO  server.RaftServerConfigKeys (ConfUtils.java:logGet(43)) - raft.server.log.appender.buffer.byte-limit = 33554432 (custom)
2019-07-13 19:10:38,716 INFO  server.RaftServerConfigKeys (ConfUtils.java:logGet(43)) - raft.server.log.segment.size.max = 1048576 (custom)
2019-07-13 19:10:38,717 INFO  server.RaftServerConfigKeys (ConfUtils.java:logGet(43)) - raft.server.log.segment.cache.num.max = 2 (custom)
2019-07-13 19:10:38,717 INFO  segmented.SegmentedRaftLogWorker (SegmentedRaftLogWorker.java:<init>(172)) - new b2834bdc-0b24-4552-85d4-88a911f4f023-SegmentedRaftLogWorker:Storage Directory /tmp/workdir/hadoop-ozone/integration-test/target/test-dir/MiniOzoneClusterImpl-4e9110eb-ad8a-42ba-abdf-1de919b0d281/datanode-1/data/ratis/0acda718-7e83-423b-8e5a-6b2253f898e3 for RaftStorage:Storage Directory /tmp/workdir/hadoop-ozone/integration-test/target/test-dir/MiniOzoneClusterImpl-4e9110eb-ad8a-42ba-abdf-1de919b0d281/datanode-1/data/ratis/0acda718-7e83-423b-8e5a-6b2253f898e3
2019-07-13 19:10:38,717 INFO  server.RaftServerConfigKeys (ConfUtils.java:logGet(43)) - raft.server.log.queue.byte-limit = 2147483647 (custom)
2019-07-13 19:10:38,717 INFO  server.RaftServerConfigKeys (ConfUtils.java:logGet(43)) - raft.server.log.queue.element-limit = 1024 (custom)
2019-07-13 19:10:38,718 INFO  server.RaftServerConfigKeys (ConfUtils.java:logGet(43)) - raft.server.log.segment.size.max = 1048576 (custom)
2019-07-13 19:10:38,718 INFO  server.RaftServerConfigKeys (ConfUtils.java:logGet(43)) - raft.server.log.preallocated.size = 16384 (custom)
2019-07-13 19:10:38,718 INFO  server.RaftServerConfigKeys (ConfUtils.java:logGet(43)) - raft.server.log.write.buffer.size = 33554432 (custom)
2019-07-13 19:10:38,718 INFO  server.RaftServerConfigKeys (ConfUtils.java:logGet(43)) - raft.server.log.force.sync.num = 128 (default)
2019-07-13 19:10:38,718 INFO  server.RaftServerConfigKeys (ConfUtils.java:logGet(43)) - raft.server.log.statemachine.data.sync = true (default)
2019-07-13 19:10:38,718 INFO  server.RaftServerConfigKeys (ConfUtils.java:logGet(43)) - raft.server.log.statemachine.data.sync.timeout = 10s (default)
2019-07-13 19:10:38,719 INFO  server.RaftServerConfigKeys (ConfUtils.java:logGet(43)) - raft.server.log.statemachine.data.sync.timeout.retry = -1 (default)
2019-07-13 19:10:38,719 INFO  server.RaftServerConfigKeys (ConfUtils.java:logGet(43)) - raft.server.log.statemachine.data.caching.enabled = true (custom)
2019-07-13 19:10:38,719 INFO  segmented.SegmentedRaftLogWorker (SegmentedRaftLogWorker.java:lambda$new$0(132)) - b2834bdc-0b24-4552-85d4-88a911f4f023-SegmentedRaftLogWorker:Storage Directory /tmp/workdir/hadoop-ozone/integration-test/target/test-dir/MiniOzoneClusterImpl-4e9110eb-ad8a-42ba-abdf-1de919b0d281/datanode-1/data/ratis/0acda718-7e83-423b-8e5a-6b2253f898e3: flushIndex: setUnconditionally 0 -> -1
2019-07-13 19:10:38,720 INFO  server.RaftServerConfigKeys (ConfUtils.java:logGet(43)) - raft.server.snapshot.auto.trigger.enabled = true (custom)
2019-07-13 19:10:38,720 INFO  server.RaftServerConfigKeys (ConfUtils.java:logGet(43)) - raft.server.snapshot.auto.trigger.threshold = 10000 (custom)
2019-07-13 19:10:38,720 INFO  server.RaftServerConfigKeys (ConfUtils.java:logGet(43)) - raft.server.retrycache.expirytime = 600000ms (custom)
2019-07-13 19:10:38,720 INFO  impl.RaftServerImpl (RaftServerImpl.java:start(180)) - b2834bdc-0b24-4552-85d4-88a911f4f023: start group-6B2253F898E3
2019-07-13 19:10:38,721 INFO  impl.RaftServerImpl (RaftServerImpl.java:setRole(171)) - b2834bdc-0b24-4552-85d4-88a911f4f023:group-6B2253F898E3 changes role from null to FOLLOWER at term 0 for startAsFollower
2019-07-13 19:10:38,721 INFO  impl.RoleInfo (RoleInfo.java:updateAndGet(143)) - b2834bdc-0b24-4552-85d4-88a911f4f023: start FollowerState
2019-07-13 19:10:38,721 INFO  util.JmxRegister (JmxRegister.java:tryRegister(44)) - Successfully registered JMX Bean with object name Ratis:service=RaftServer,group=group-6B2253F898E3,id=b2834bdc-0b24-4552-85d4-88a911f4f023
2019-07-13 19:10:38,724 INFO  pipeline.PipelineStateManager (PipelineStateManager.java:addPipeline(56)) - Created pipeline Pipeline[ Id: 0acda718-7e83-423b-8e5a-6b2253f898e3, Nodes: b2834bdc-0b24-4552-85d4-88a911f4f023{ip: 192.168.69.122, host: trunk-nightly-fxqsz-774976932, networkLocation: /default-rack, certSerialId: null}, Type:RATIS, Factor:ONE, State:OPEN]
2019-07-13 19:10:38,842 INFO  ozone.MiniOzoneClusterImpl (MiniOzoneClusterImpl.java:lambda$waitForClusterToBeReady$0(142)) - Waiting for cluster to be ready. Got 2 of 6 DN Heartbeats.
2019-07-13 19:10:38,919 INFO  node.SCMNodeManager (SCMNodeManager.java:register(269)) - Registered Data node : 87c5d8a8-f726-42e2-9770-a2af52013bda{ip: 192.168.69.122, host: trunk-nightly-fxqsz-774976932, networkLocation: /default-rack, certSerialId: null}
2019-07-13 19:10:38,934 INFO  impl.RaftServerProxy (RaftServerProxy.java:addNew(89)) - 87c5d8a8-f726-42e2-9770-a2af52013bda: addNew group-058D6CC99C55:[87c5d8a8-f726-42e2-9770-a2af52013bda:192.168.69.122:41190] returns group-058D6CC99C55:java.util.concurrent.CompletableFuture@19954c97[Not completed]
2019-07-13 19:10:38,935 INFO  impl.RaftServerImpl (RaftServerImpl.java:<init>(93)) - 87c5d8a8-f726-42e2-9770-a2af52013bda: new RaftServerImpl for group-058D6CC99C55:[87c5d8a8-f726-42e2-9770-a2af52013bda:192.168.69.122:41190] with ContainerStateMachine:uninitialized
2019-07-13 19:10:38,935 INFO  server.RaftServerConfigKeys (ConfUtils.java:logGet(43)) - raft.server.rpc.timeout.min = 5s (custom)
2019-07-13 19:10:38,936 INFO  server.RaftServerConfigKeys (ConfUtils.java:logGet(43)) - raft.server.rpc.timeout.max = 5200ms (custom)
2019-07-13 19:10:38,936 INFO  server.RaftServerConfigKeys (ConfUtils.java:logGet(43)) - raft.server.rpcslowness.timeout = 120s (custom)
2019-07-13 19:10:38,936 INFO  server.RaftServerConfigKeys (ConfUtils.java:logGet(43)) - raft.server.sleep.deviation.threshold = 300 (default)
2019-07-13 19:10:38,936 INFO  server.RaftServerConfigKeys (ConfUtils.java:logGet(43)) - raft.server.log.appender.install.snapshot.enabled = false (custom)
2019-07-13 19:10:38,936 INFO  impl.RaftServerImpl (ServerState.java:<init>(105)) - 87c5d8a8-f726-42e2-9770-a2af52013bda:group-058D6CC99C55 ConfigurationManager, init=-1: [87c5d8a8-f726-42e2-9770-a2af52013bda:192.168.69.122:41190], old=null, confs=<EMPTY_MAP>
2019-07-13 19:10:38,936 INFO  server.RaftServerConfigKeys (ConfUtils.java:logGet(43)) - raft.server.storage.dir = [/tmp/workdir/hadoop-ozone/integration-test/target/test-dir/MiniOzoneClusterImpl-4e9110eb-ad8a-42ba-abdf-1de919b0d281/datanode-2/data/ratis] (custom)
2019-07-13 19:10:38,937 INFO  storage.RaftStorageDirectory (RaftStorageDirectory.java:analyzeStorage(246)) - The storage directory /tmp/workdir/hadoop-ozone/integration-test/target/test-dir/MiniOzoneClusterImpl-4e9110eb-ad8a-42ba-abdf-1de919b0d281/datanode-2/data/ratis/f88e6a67-146c-46a1-bbc0-058d6cc99c55 does not exist. Creating ...
2019-07-13 19:10:38,950 INFO  storage.RaftStorageDirectory (RaftStorageDirectory.java:tryLock(328)) - Lock on /tmp/workdir/hadoop-ozone/integration-test/target/test-dir/MiniOzoneClusterImpl-4e9110eb-ad8a-42ba-abdf-1de919b0d281/datanode-2/data/ratis/f88e6a67-146c-46a1-bbc0-058d6cc99c55/in_use.lock acquired by nodename 10860@trunk-nightly-fxqsz-774976932
2019-07-13 19:10:38,973 INFO  storage.RaftStorage (RaftStorage.java:format(72)) - Storage directory /tmp/workdir/hadoop-ozone/integration-test/target/test-dir/MiniOzoneClusterImpl-4e9110eb-ad8a-42ba-abdf-1de919b0d281/datanode-2/data/ratis/f88e6a67-146c-46a1-bbc0-058d6cc99c55 has been successfully formatted.
2019-07-13 19:10:38,973 INFO  ratis.ContainerStateMachine (ContainerStateMachine.java:loadSnapshot(200)) - The snapshot info is null.Setting the last applied index to:(t:0, i:~)
2019-07-13 19:10:38,973 INFO  server.RaftServerConfigKeys (ConfUtils.java:logGet(43)) - raft.server.leader.election.timeout = 120s (custom)
2019-07-13 19:10:38,973 INFO  server.RaftServerConfigKeys (ConfUtils.java:logGet(43)) - raft.server.log.use.memory = false (default)
2019-07-13 19:10:38,973 INFO  server.RaftServerConfigKeys (ConfUtils.java:logGet(43)) - raft.server.log.purge.gap = 1000000000 (custom)
2019-07-13 19:10:38,974 INFO  server.RaftServerConfigKeys (ConfUtils.java:logGet(43)) - raft.server.log.appender.buffer.byte-limit = 33554432 (custom)
2019-07-13 19:10:38,974 INFO  server.RaftServerConfigKeys (ConfUtils.java:logGet(43)) - raft.server.log.segment.size.max = 1048576 (custom)
2019-07-13 19:10:38,974 INFO  server.RaftServerConfigKeys (ConfUtils.java:logGet(43)) - raft.server.log.segment.cache.num.max = 2 (custom)
2019-07-13 19:10:38,974 INFO  segmented.SegmentedRaftLogWorker (SegmentedRaftLogWorker.java:<init>(172)) - new 87c5d8a8-f726-42e2-9770-a2af52013bda-SegmentedRaftLogWorker:Storage Directory /tmp/workdir/hadoop-ozone/integration-test/target/test-dir/MiniOzoneClusterImpl-4e9110eb-ad8a-42ba-abdf-1de919b0d281/datanode-2/data/ratis/f88e6a67-146c-46a1-bbc0-058d6cc99c55 for RaftStorage:Storage Directory /tmp/workdir/hadoop-ozone/integration-test/target/test-dir/MiniOzoneClusterImpl-4e9110eb-ad8a-42ba-abdf-1de919b0d281/datanode-2/data/ratis/f88e6a67-146c-46a1-bbc0-058d6cc99c55
2019-07-13 19:10:38,974 INFO  server.RaftServerConfigKeys (ConfUtils.java:logGet(43)) - raft.server.log.queue.byte-limit = 2147483647 (custom)
2019-07-13 19:10:38,975 INFO  server.RaftServerConfigKeys (ConfUtils.java:logGet(43)) - raft.server.log.queue.element-limit = 1024 (custom)
2019-07-13 19:10:38,975 INFO  server.RaftServerConfigKeys (ConfUtils.java:logGet(43)) - raft.server.log.segment.size.max = 1048576 (custom)
2019-07-13 19:10:38,975 INFO  server.RaftServerConfigKeys (ConfUtils.java:logGet(43)) - raft.server.log.preallocated.size = 16384 (custom)
2019-07-13 19:10:38,975 INFO  server.RaftServerConfigKeys (ConfUtils.java:logGet(43)) - raft.server.log.write.buffer.size = 33554432 (custom)
2019-07-13 19:10:38,975 INFO  server.RaftServerConfigKeys (ConfUtils.java:logGet(43)) - raft.server.log.force.sync.num = 128 (default)
2019-07-13 19:10:38,976 INFO  server.RaftServerConfigKeys (ConfUtils.java:logGet(43)) - raft.server.log.statemachine.data.sync = true (default)
2019-07-13 19:10:38,976 INFO  server.RaftServerConfigKeys (ConfUtils.java:logGet(43)) - raft.server.log.statemachine.data.sync.timeout = 10s (default)
2019-07-13 19:10:38,976 INFO  server.RaftServerConfigKeys (ConfUtils.java:logGet(43)) - raft.server.log.statemachine.data.sync.timeout.retry = -1 (default)
2019-07-13 19:10:38,976 INFO  server.RaftServerConfigKeys (ConfUtils.java:logGet(43)) - raft.server.log.statemachine.data.caching.enabled = true (custom)
2019-07-13 19:10:38,977 INFO  segmented.SegmentedRaftLogWorker (SegmentedRaftLogWorker.java:lambda$new$0(132)) - 87c5d8a8-f726-42e2-9770-a2af52013bda-SegmentedRaftLogWorker:Storage Directory /tmp/workdir/hadoop-ozone/integration-test/target/test-dir/MiniOzoneClusterImpl-4e9110eb-ad8a-42ba-abdf-1de919b0d281/datanode-2/data/ratis/f88e6a67-146c-46a1-bbc0-058d6cc99c55: flushIndex: setUnconditionally 0 -> -1
2019-07-13 19:10:38,977 INFO  server.RaftServerConfigKeys (ConfUtils.java:logGet(43)) - raft.server.snapshot.auto.trigger.enabled = true (custom)
2019-07-13 19:10:38,977 INFO  server.RaftServerConfigKeys (ConfUtils.java:logGet(43)) - raft.server.snapshot.auto.trigger.threshold = 10000 (custom)
2019-07-13 19:10:38,977 INFO  server.RaftServerConfigKeys (ConfUtils.java:logGet(43)) - raft.server.retrycache.expirytime = 600000ms (custom)
2019-07-13 19:10:38,978 INFO  impl.RaftServerImpl (RaftServerImpl.java:start(180)) - 87c5d8a8-f726-42e2-9770-a2af52013bda: start group-058D6CC99C55
2019-07-13 19:10:38,978 INFO  impl.RaftServerImpl (RaftServerImpl.java:setRole(171)) - 87c5d8a8-f726-42e2-9770-a2af52013bda:group-058D6CC99C55 changes role from null to FOLLOWER at term 0 for startAsFollower
2019-07-13 19:10:38,978 INFO  impl.RoleInfo (RoleInfo.java:updateAndGet(143)) - 87c5d8a8-f726-42e2-9770-a2af52013bda: start FollowerState
2019-07-13 19:10:38,978 INFO  util.JmxRegister (JmxRegister.java:tryRegister(44)) - Successfully registered JMX Bean with object name Ratis:service=RaftServer,group=group-058D6CC99C55,id=87c5d8a8-f726-42e2-9770-a2af52013bda
2019-07-13 19:10:38,981 INFO  pipeline.PipelineStateManager (PipelineStateManager.java:addPipeline(56)) - Created pipeline Pipeline[ Id: f88e6a67-146c-46a1-bbc0-058d6cc99c55, Nodes: 87c5d8a8-f726-42e2-9770-a2af52013bda{ip: 192.168.69.122, host: trunk-nightly-fxqsz-774976932, networkLocation: /default-rack, certSerialId: null}, Type:RATIS, Factor:ONE, State:OPEN]
2019-07-13 19:10:39,048 INFO  impl.RaftServerProxy (RaftServerProxy.java:addNew(89)) - b2834bdc-0b24-4552-85d4-88a911f4f023: addNew group-92313D9D1579:[b2834bdc-0b24-4552-85d4-88a911f4f023:192.168.69.122:44775, 87c5d8a8-f726-42e2-9770-a2af52013bda:192.168.69.122:41190, d92fd9b4-9a09-412f-89f4-a9cd00fb85be:192.168.69.122:39437] returns group-92313D9D1579:java.util.concurrent.CompletableFuture@681706c7[Not completed]
2019-07-13 19:10:39,048 INFO  impl.RaftServerProxy (RaftServerProxy.java:addNew(89)) - d92fd9b4-9a09-412f-89f4-a9cd00fb85be: addNew group-92313D9D1579:[b2834bdc-0b24-4552-85d4-88a911f4f023:192.168.69.122:44775, 87c5d8a8-f726-42e2-9770-a2af52013bda:192.168.69.122:41190, d92fd9b4-9a09-412f-89f4-a9cd00fb85be:192.168.69.122:39437] returns group-92313D9D1579:java.util.concurrent.CompletableFuture@680fb839[Not completed]
2019-07-13 19:10:39,048 INFO  impl.RaftServerProxy (RaftServerProxy.java:addNew(89)) - 87c5d8a8-f726-42e2-9770-a2af52013bda: addNew group-92313D9D1579:[b2834bdc-0b24-4552-85d4-88a911f4f023:192.168.69.122:44775, 87c5d8a8-f726-42e2-9770-a2af52013bda:192.168.69.122:41190, d92fd9b4-9a09-412f-89f4-a9cd00fb85be:192.168.69.122:39437] returns group-92313D9D1579:java.util.concurrent.CompletableFuture@550e0f20[Not completed]
2019-07-13 19:10:39,049 INFO  impl.RaftServerImpl (RaftServerImpl.java:<init>(93)) - b2834bdc-0b24-4552-85d4-88a911f4f023: new RaftServerImpl for group-92313D9D1579:[b2834bdc-0b24-4552-85d4-88a911f4f023:192.168.69.122:44775, 87c5d8a8-f726-42e2-9770-a2af52013bda:192.168.69.122:41190, d92fd9b4-9a09-412f-89f4-a9cd00fb85be:192.168.69.122:39437] with ContainerStateMachine:uninitialized
2019-07-13 19:10:39,049 INFO  server.RaftServerConfigKeys (ConfUtils.java:logGet(43)) - raft.server.rpc.timeout.min = 5s (custom)
2019-07-13 19:10:39,049 INFO  server.RaftServerConfigKeys (ConfUtils.java:logGet(43)) - raft.server.rpc.timeout.max = 5200ms (custom)
2019-07-13 19:10:39,049 INFO  server.RaftServerConfigKeys (ConfUtils.java:logGet(43)) - raft.server.rpcslowness.timeout = 120s (custom)
2019-07-13 19:10:39,049 INFO  impl.RaftServerImpl (RaftServerImpl.java:<init>(93)) - 87c5d8a8-f726-42e2-9770-a2af52013bda: new RaftServerImpl for group-92313D9D1579:[b2834bdc-0b24-4552-85d4-88a911f4f023:192.168.69.122:44775, 87c5d8a8-f726-42e2-9770-a2af52013bda:192.168.69.122:41190, d92fd9b4-9a09-412f-89f4-a9cd00fb85be:192.168.69.122:39437] with ContainerStateMachine:uninitialized
2019-07-13 19:10:39,049 INFO  server.RaftServerConfigKeys (ConfUtils.java:logGet(43)) - raft.server.sleep.deviation.threshold = 300 (default)
2019-07-13 19:10:39,050 INFO  server.RaftServerConfigKeys (ConfUtils.java:logGet(43)) - raft.server.rpc.timeout.min = 5s (custom)
2019-07-13 19:10:39,050 INFO  impl.RaftServerImpl (RaftServerImpl.java:<init>(93)) - d92fd9b4-9a09-412f-89f4-a9cd00fb85be: new RaftServerImpl for group-92313D9D1579:[b2834bdc-0b24-4552-85d4-88a911f4f023:192.168.69.122:44775, 87c5d8a8-f726-42e2-9770-a2af52013bda:192.168.69.122:41190, d92fd9b4-9a09-412f-89f4-a9cd00fb85be:192.168.69.122:39437] with ContainerStateMachine:uninitialized
2019-07-13 19:10:39,050 INFO  server.RaftServerConfigKeys (ConfUtils.java:logGet(43)) - raft.server.log.appender.install.snapshot.enabled = false (custom)
2019-07-13 19:10:39,050 INFO  server.RaftServerConfigKeys (ConfUtils.java:logGet(43)) - raft.server.rpc.timeout.min = 5s (custom)
2019-07-13 19:10:39,050 INFO  server.RaftServerConfigKeys (ConfUtils.java:logGet(43)) - raft.server.rpc.timeout.max = 5200ms (custom)
2019-07-13 19:10:39,050 INFO  server.RaftServerConfigKeys (ConfUtils.java:logGet(43)) - raft.server.rpc.timeout.max = 5200ms (custom)
2019-07-13 19:10:39,050 INFO  server.RaftServerConfigKeys (ConfUtils.java:logGet(43)) - raft.server.rpcslowness.timeout = 120s (custom)
2019-07-13 19:10:39,050 INFO  impl.RaftServerImpl (ServerState.java:<init>(105)) - b2834bdc-0b24-4552-85d4-88a911f4f023:group-92313D9D1579 ConfigurationManager, init=-1: [b2834bdc-0b24-4552-85d4-88a911f4f023:192.168.69.122:44775, 87c5d8a8-f726-42e2-9770-a2af52013bda:192.168.69.122:41190, d92fd9b4-9a09-412f-89f4-a9cd00fb85be:192.168.69.122:39437], old=null, confs=<EMPTY_MAP>
2019-07-13 19:10:39,051 INFO  server.RaftServerConfigKeys (ConfUtils.java:logGet(43)) - raft.server.sleep.deviation.threshold = 300 (default)
2019-07-13 19:10:39,050 INFO  server.RaftServerConfigKeys (ConfUtils.java:logGet(43)) - raft.server.rpcslowness.timeout = 120s (custom)
2019-07-13 19:10:39,051 INFO  server.RaftServerConfigKeys (ConfUtils.java:logGet(43)) - raft.server.log.appender.install.snapshot.enabled = false (custom)
2019-07-13 19:10:39,051 INFO  server.RaftServerConfigKeys (ConfUtils.java:logGet(43)) - raft.server.storage.dir = [/tmp/workdir/hadoop-ozone/integration-test/target/test-dir/MiniOzoneClusterImpl-4e9110eb-ad8a-42ba-abdf-1de919b0d281/datanode-1/data/ratis] (custom)
2019-07-13 19:10:39,051 INFO  impl.RaftServerImpl (ServerState.java:<init>(105)) - d92fd9b4-9a09-412f-89f4-a9cd00fb85be:group-92313D9D1579 ConfigurationManager, init=-1: [b2834bdc-0b24-4552-85d4-88a911f4f023:192.168.69.122:44775, 87c5d8a8-f726-42e2-9770-a2af52013bda:192.168.69.122:41190, d92fd9b4-9a09-412f-89f4-a9cd00fb85be:192.168.69.122:39437], old=null, confs=<EMPTY_MAP>
2019-07-13 19:10:39,051 INFO  server.RaftServerConfigKeys (ConfUtils.java:logGet(43)) - raft.server.sleep.deviation.threshold = 300 (default)
2019-07-13 19:10:39,052 INFO  server.RaftServerConfigKeys (ConfUtils.java:logGet(43)) - raft.server.storage.dir = [/tmp/workdir/hadoop-ozone/integration-test/target/test-dir/MiniOzoneClusterImpl-4e9110eb-ad8a-42ba-abdf-1de919b0d281/datanode-0/data/ratis] (custom)
2019-07-13 19:10:39,052 INFO  server.RaftServerConfigKeys (ConfUtils.java:logGet(43)) - raft.server.log.appender.install.snapshot.enabled = false (custom)
2019-07-13 19:10:39,052 INFO  storage.RaftStorageDirectory (RaftStorageDirectory.java:analyzeStorage(246)) - The storage directory /tmp/workdir/hadoop-ozone/integration-test/target/test-dir/MiniOzoneClusterImpl-4e9110eb-ad8a-42ba-abdf-1de919b0d281/datanode-1/data/ratis/540f42b0-e9a2-45f2-baaa-92313d9d1579 does not exist. Creating ...
2019-07-13 19:10:39,052 INFO  storage.RaftStorageDirectory (RaftStorageDirectory.java:analyzeStorage(246)) - The storage directory /tmp/workdir/hadoop-ozone/integration-test/target/test-dir/MiniOzoneClusterImpl-4e9110eb-ad8a-42ba-abdf-1de919b0d281/datanode-0/data/ratis/540f42b0-e9a2-45f2-baaa-92313d9d1579 does not exist. Creating ...
2019-07-13 19:10:39,052 INFO  impl.RaftServerImpl (ServerState.java:<init>(105)) - 87c5d8a8-f726-42e2-9770-a2af52013bda:group-92313D9D1579 ConfigurationManager, init=-1: [b2834bdc-0b24-4552-85d4-88a911f4f023:192.168.69.122:44775, 87c5d8a8-f726-42e2-9770-a2af52013bda:192.168.69.122:41190, d92fd9b4-9a09-412f-89f4-a9cd00fb85be:192.168.69.122:39437], old=null, confs=<EMPTY_MAP>
2019-07-13 19:10:39,052 INFO  server.RaftServerConfigKeys (ConfUtils.java:logGet(43)) - raft.server.storage.dir = [/tmp/workdir/hadoop-ozone/integration-test/target/test-dir/MiniOzoneClusterImpl-4e9110eb-ad8a-42ba-abdf-1de919b0d281/datanode-2/data/ratis] (custom)
2019-07-13 19:10:39,053 INFO  storage.RaftStorageDirectory (RaftStorageDirectory.java:analyzeStorage(246)) - The storage directory /tmp/workdir/hadoop-ozone/integration-test/target/test-dir/MiniOzoneClusterImpl-4e9110eb-ad8a-42ba-abdf-1de919b0d281/datanode-2/data/ratis/540f42b0-e9a2-45f2-baaa-92313d9d1579 does not exist. Creating ...
2019-07-13 19:10:39,066 INFO  storage.RaftStorageDirectory (RaftStorageDirectory.java:tryLock(328)) - Lock on /tmp/workdir/hadoop-ozone/integration-test/target/test-dir/MiniOzoneClusterImpl-4e9110eb-ad8a-42ba-abdf-1de919b0d281/datanode-0/data/ratis/540f42b0-e9a2-45f2-baaa-92313d9d1579/in_use.lock acquired by nodename 10860@trunk-nightly-fxqsz-774976932
2019-07-13 19:10:39,066 INFO  storage.RaftStorageDirectory (RaftStorageDirectory.java:tryLock(328)) - Lock on /tmp/workdir/hadoop-ozone/integration-test/target/test-dir/MiniOzoneClusterImpl-4e9110eb-ad8a-42ba-abdf-1de919b0d281/datanode-1/data/ratis/540f42b0-e9a2-45f2-baaa-92313d9d1579/in_use.lock acquired by nodename 10860@trunk-nightly-fxqsz-774976932
2019-07-13 19:10:39,066 INFO  storage.RaftStorageDirectory (RaftStorageDirectory.java:tryLock(328)) - Lock on /tmp/workdir/hadoop-ozone/integration-test/target/test-dir/MiniOzoneClusterImpl-4e9110eb-ad8a-42ba-abdf-1de919b0d281/datanode-2/data/ratis/540f42b0-e9a2-45f2-baaa-92313d9d1579/in_use.lock acquired by nodename 10860@trunk-nightly-fxqsz-774976932
2019-07-13 19:10:39,092 INFO  storage.RaftStorage (RaftStorage.java:format(72)) - Storage directory /tmp/workdir/hadoop-ozone/integration-test/target/test-dir/MiniOzoneClusterImpl-4e9110eb-ad8a-42ba-abdf-1de919b0d281/datanode-0/data/ratis/540f42b0-e9a2-45f2-baaa-92313d9d1579 has been successfully formatted.
2019-07-13 19:10:39,092 INFO  storage.RaftStorage (RaftStorage.java:format(72)) - Storage directory /tmp/workdir/hadoop-ozone/integration-test/target/test-dir/MiniOzoneClusterImpl-4e9110eb-ad8a-42ba-abdf-1de919b0d281/datanode-2/data/ratis/540f42b0-e9a2-45f2-baaa-92313d9d1579 has been successfully formatted.
2019-07-13 19:10:39,092 INFO  storage.RaftStorage (RaftStorage.java:format(72)) - Storage directory /tmp/workdir/hadoop-ozone/integration-test/target/test-dir/MiniOzoneClusterImpl-4e9110eb-ad8a-42ba-abdf-1de919b0d281/datanode-1/data/ratis/540f42b0-e9a2-45f2-baaa-92313d9d1579 has been successfully formatted.
2019-07-13 19:10:39,092 INFO  ratis.ContainerStateMachine (ContainerStateMachine.java:loadSnapshot(200)) - The snapshot info is null.Setting the last applied index to:(t:0, i:~)
2019-07-13 19:10:39,092 INFO  ratis.ContainerStateMachine (ContainerStateMachine.java:loadSnapshot(200)) - The snapshot info is null.Setting the last applied index to:(t:0, i:~)
2019-07-13 19:10:39,093 INFO  server.RaftServerConfigKeys (ConfUtils.java:logGet(43)) - raft.server.leader.election.timeout = 120s (custom)
2019-07-13 19:10:39,093 INFO  ratis.ContainerStateMachine (ContainerStateMachine.java:loadSnapshot(200)) - The snapshot info is null.Setting the last applied index to:(t:0, i:~)
2019-07-13 19:10:39,093 INFO  server.RaftServerConfigKeys (ConfUtils.java:logGet(43)) - raft.server.log.use.memory = false (default)
2019-07-13 19:10:39,093 INFO  server.RaftServerConfigKeys (ConfUtils.java:logGet(43)) - raft.server.leader.election.timeout = 120s (custom)
2019-07-13 19:10:39,093 INFO  server.RaftServerConfigKeys (ConfUtils.java:logGet(43)) - raft.server.log.purge.gap = 1000000000 (custom)
2019-07-13 19:10:39,093 INFO  server.RaftServerConfigKeys (ConfUtils.java:logGet(43)) - raft.server.leader.election.timeout = 120s (custom)
2019-07-13 19:10:39,094 INFO  server.RaftServerConfigKeys (ConfUtils.java:logGet(43)) - raft.server.log.appender.buffer.byte-limit = 33554432 (custom)
2019-07-13 19:10:39,094 INFO  server.RaftServerConfigKeys (ConfUtils.java:logGet(43)) - raft.server.log.use.memory = false (default)
2019-07-13 19:10:39,094 INFO  server.RaftServerConfigKeys (ConfUtils.java:logGet(43)) - raft.server.log.segment.size.max = 1048576 (custom)
2019-07-13 19:10:39,094 INFO  server.RaftServerConfigKeys (ConfUtils.java:logGet(43)) - raft.server.log.use.memory = false (default)
2019-07-13 19:10:39,094 INFO  server.RaftServerConfigKeys (ConfUtils.java:logGet(43)) - raft.server.log.segment.cache.num.max = 2 (custom)
2019-07-13 19:10:39,094 INFO  server.RaftServerConfigKeys (ConfUtils.java:logGet(43)) - raft.server.log.purge.gap = 1000000000 (custom)
2019-07-13 19:10:39,095 INFO  segmented.SegmentedRaftLogWorker (SegmentedRaftLogWorker.java:<init>(172)) - new 87c5d8a8-f726-42e2-9770-a2af52013bda-SegmentedRaftLogWorker:Storage Directory /tmp/workdir/hadoop-ozone/integration-test/target/test-dir/MiniOzoneClusterImpl-4e9110eb-ad8a-42ba-abdf-1de919b0d281/datanode-2/data/ratis/540f42b0-e9a2-45f2-baaa-92313d9d1579 for RaftStorage:Storage Directory /tmp/workdir/hadoop-ozone/integration-test/target/test-dir/MiniOzoneClusterImpl-4e9110eb-ad8a-42ba-abdf-1de919b0d281/datanode-2/data/ratis/540f42b0-e9a2-45f2-baaa-92313d9d1579
2019-07-13 19:10:39,095 INFO  server.RaftServerConfigKeys (ConfUtils.java:logGet(43)) - raft.server.log.purge.gap = 1000000000 (custom)
2019-07-13 19:10:39,095 INFO  server.RaftServerConfigKeys (ConfUtils.java:logGet(43)) - raft.server.log.queue.byte-limit = 2147483647 (custom)
2019-07-13 19:10:39,095 INFO  server.RaftServerConfigKeys (ConfUtils.java:logGet(43)) - raft.server.log.appender.buffer.byte-limit = 33554432 (custom)
2019-07-13 19:10:39,095 INFO  server.RaftServerConfigKeys (ConfUtils.java:logGet(43)) - raft.server.log.queue.element-limit = 1024 (custom)
2019-07-13 19:10:39,095 INFO  server.RaftServerConfigKeys (ConfUtils.java:logGet(43)) - raft.server.log.appender.buffer.byte-limit = 33554432 (custom)
2019-07-13 19:10:39,096 INFO  server.RaftServerConfigKeys (ConfUtils.java:logGet(43)) - raft.server.log.segment.size.max = 1048576 (custom)
2019-07-13 19:10:39,096 INFO  server.RaftServerConfigKeys (ConfUtils.java:logGet(43)) - raft.server.log.preallocated.size = 16384 (custom)
2019-07-13 19:10:39,096 INFO  server.RaftServerConfigKeys (ConfUtils.java:logGet(43)) - raft.server.log.segment.size.max = 1048576 (custom)
2019-07-13 19:10:39,096 INFO  server.RaftServerConfigKeys (ConfUtils.java:logGet(43)) - raft.server.log.write.buffer.size = 33554432 (custom)
2019-07-13 19:10:39,096 INFO  server.RaftServerConfigKeys (ConfUtils.java:logGet(43)) - raft.server.log.segment.size.max = 1048576 (custom)
2019-07-13 19:10:39,097 INFO  server.RaftServerConfigKeys (ConfUtils.java:logGet(43)) - raft.server.log.force.sync.num = 128 (default)
2019-07-13 19:10:39,097 INFO  server.RaftServerConfigKeys (ConfUtils.java:logGet(43)) - raft.server.log.segment.cache.num.max = 2 (custom)
2019-07-13 19:10:39,097 INFO  server.RaftServerConfigKeys (ConfUtils.java:logGet(43)) - raft.server.log.statemachine.data.sync = true (default)
2019-07-13 19:10:39,097 INFO  server.RaftServerConfigKeys (ConfUtils.java:logGet(43)) - raft.server.log.segment.cache.num.max = 2 (custom)
2019-07-13 19:10:39,097 INFO  server.RaftServerConfigKeys (ConfUtils.java:logGet(43)) - raft.server.log.statemachine.data.sync.timeout = 10s (default)
2019-07-13 19:10:39,098 INFO  server.RaftServerConfigKeys (ConfUtils.java:logGet(43)) - raft.server.log.statemachine.data.sync.timeout.retry = -1 (default)
2019-07-13 19:10:39,097 INFO  segmented.SegmentedRaftLogWorker (SegmentedRaftLogWorker.java:<init>(172)) - new d92fd9b4-9a09-412f-89f4-a9cd00fb85be-SegmentedRaftLogWorker:Storage Directory /tmp/workdir/hadoop-ozone/integration-test/target/test-dir/MiniOzoneClusterImpl-4e9110eb-ad8a-42ba-abdf-1de919b0d281/datanode-0/data/ratis/540f42b0-e9a2-45f2-baaa-92313d9d1579 for RaftStorage:Storage Directory /tmp/workdir/hadoop-ozone/integration-test/target/test-dir/MiniOzoneClusterImpl-4e9110eb-ad8a-42ba-abdf-1de919b0d281/datanode-0/data/ratis/540f42b0-e9a2-45f2-baaa-92313d9d1579
2019-07-13 19:10:39,098 INFO  server.RaftServerConfigKeys (ConfUtils.java:logGet(43)) - raft.server.log.statemachine.data.caching.enabled = true (custom)
2019-07-13 19:10:39,098 INFO  segmented.SegmentedRaftLogWorker (SegmentedRaftLogWorker.java:<init>(172)) - new b2834bdc-0b24-4552-85d4-88a911f4f023-SegmentedRaftLogWorker:Storage Directory /tmp/workdir/hadoop-ozone/integration-test/target/test-dir/MiniOzoneClusterImpl-4e9110eb-ad8a-42ba-abdf-1de919b0d281/datanode-1/data/ratis/540f42b0-e9a2-45f2-baaa-92313d9d1579 for RaftStorage:Storage Directory /tmp/workdir/hadoop-ozone/integration-test/target/test-dir/MiniOzoneClusterImpl-4e9110eb-ad8a-42ba-abdf-1de919b0d281/datanode-1/data/ratis/540f42b0-e9a2-45f2-baaa-92313d9d1579
2019-07-13 19:10:39,099 INFO  segmented.SegmentedRaftLogWorker (SegmentedRaftLogWorker.java:lambda$new$0(132)) - 87c5d8a8-f726-42e2-9770-a2af52013bda-SegmentedRaftLogWorker:Storage Directory /tmp/workdir/hadoop-ozone/integration-test/target/test-dir/MiniOzoneClusterImpl-4e9110eb-ad8a-42ba-abdf-1de919b0d281/datanode-2/data/ratis/540f42b0-e9a2-45f2-baaa-92313d9d1579: flushIndex: setUnconditionally 0 -> -1
2019-07-13 19:10:39,098 INFO  server.RaftServerConfigKeys (ConfUtils.java:logGet(43)) - raft.server.log.queue.byte-limit = 2147483647 (custom)
2019-07-13 19:10:39,099 INFO  server.RaftServerConfigKeys (ConfUtils.java:logGet(43)) - raft.server.log.queue.byte-limit = 2147483647 (custom)
2019-07-13 19:10:39,099 INFO  server.RaftServerConfigKeys (ConfUtils.java:logGet(43)) - raft.server.snapshot.auto.trigger.enabled = true (custom)
2019-07-13 19:10:39,099 INFO  server.RaftServerConfigKeys (ConfUtils.java:logGet(43)) - raft.server.log.queue.element-limit = 1024 (custom)
2019-07-13 19:10:39,099 INFO  server.RaftServerConfigKeys (ConfUtils.java:logGet(43)) - raft.server.snapshot.auto.trigger.threshold = 10000 (custom)
2019-07-13 19:10:39,099 INFO  server.RaftServerConfigKeys (ConfUtils.java:logGet(43)) - raft.server.log.queue.element-limit = 1024 (custom)
2019-07-13 19:10:39,100 INFO  server.RaftServerConfigKeys (ConfUtils.java:logGet(43)) - raft.server.retrycache.expirytime = 600000ms (custom)
2019-07-13 19:10:39,099 INFO  server.RaftServerConfigKeys (ConfUtils.java:logGet(43)) - raft.server.log.segment.size.max = 1048576 (custom)
2019-07-13 19:10:39,100 INFO  impl.RaftServerImpl (RaftServerImpl.java:start(180)) - 87c5d8a8-f726-42e2-9770-a2af52013bda: start group-92313D9D1579
2019-07-13 19:10:39,100 INFO  server.RaftServerConfigKeys (ConfUtils.java:logGet(43)) - raft.server.log.segment.size.max = 1048576 (custom)
2019-07-13 19:10:39,100 INFO  impl.RaftServerImpl (RaftServerImpl.java:setRole(171)) - 87c5d8a8-f726-42e2-9770-a2af52013bda:group-92313D9D1579 changes role from null to FOLLOWER at term 0 for startAsFollower
2019-07-13 19:10:39,101 INFO  impl.RoleInfo (RoleInfo.java:updateAndGet(143)) - 87c5d8a8-f726-42e2-9770-a2af52013bda: start FollowerState
2019-07-13 19:10:39,100 INFO  server.RaftServerConfigKeys (ConfUtils.java:logGet(43)) - raft.server.log.preallocated.size = 16384 (custom)
2019-07-13 19:10:39,101 INFO  server.RaftServerConfigKeys (ConfUtils.java:logGet(43)) - raft.server.log.preallocated.size = 16384 (custom)
2019-07-13 19:10:39,101 INFO  util.JmxRegister (JmxRegister.java:tryRegister(44)) - Successfully registered JMX Bean with object name Ratis:service=RaftServer,group=group-92313D9D1579,id=87c5d8a8-f726-42e2-9770-a2af52013bda
2019-07-13 19:10:39,101 INFO  server.RaftServerConfigKeys (ConfUtils.java:logGet(43)) - raft.server.log.write.buffer.size = 33554432 (custom)
2019-07-13 19:10:39,102 INFO  server.RaftServerConfigKeys (ConfUtils.java:logGet(43)) - raft.server.log.force.sync.num = 128 (default)
2019-07-13 19:10:39,101 INFO  server.RaftServerConfigKeys (ConfUtils.java:logGet(43)) - raft.server.log.write.buffer.size = 33554432 (custom)
2019-07-13 19:10:39,102 INFO  server.RaftServerConfigKeys (ConfUtils.java:logGet(43)) - raft.server.log.statemachine.data.sync = true (default)
2019-07-13 19:10:39,102 INFO  server.RaftServerConfigKeys (ConfUtils.java:logGet(43)) - raft.server.log.force.sync.num = 128 (default)
2019-07-13 19:10:39,102 INFO  server.RaftServerConfigKeys (ConfUtils.java:logGet(43)) - raft.server.log.statemachine.data.sync.timeout = 10s (default)
2019-07-13 19:10:39,102 INFO  server.RaftServerConfigKeys (ConfUtils.java:logGet(43)) - raft.server.log.statemachine.data.sync = true (default)
2019-07-13 19:10:39,102 INFO  server.RaftServerConfigKeys (ConfUtils.java:logGet(43)) - raft.server.log.statemachine.data.sync.timeout.retry = -1 (default)
2019-07-13 19:10:39,103 INFO  server.RaftServerConfigKeys (ConfUtils.java:logGet(43)) - raft.server.log.statemachine.data.sync.timeout = 10s (default)
2019-07-13 19:10:39,103 INFO  server.RaftServerConfigKeys (ConfUtils.java:logGet(43)) - raft.server.log.statemachine.data.caching.enabled = true (custom)
2019-07-13 19:10:39,103 INFO  server.RaftServerConfigKeys (ConfUtils.java:logGet(43)) - raft.server.log.statemachine.data.sync.timeout.retry = -1 (default)
2019-07-13 19:10:39,103 INFO  server.RaftServerConfigKeys (ConfUtils.java:logGet(43)) - raft.server.log.statemachine.data.caching.enabled = true (custom)
2019-07-13 19:10:39,103 INFO  segmented.SegmentedRaftLogWorker (SegmentedRaftLogWorker.java:lambda$new$0(132)) - d92fd9b4-9a09-412f-89f4-a9cd00fb85be-SegmentedRaftLogWorker:Storage Directory /tmp/workdir/hadoop-ozone/integration-test/target/test-dir/MiniOzoneClusterImpl-4e9110eb-ad8a-42ba-abdf-1de919b0d281/datanode-0/data/ratis/540f42b0-e9a2-45f2-baaa-92313d9d1579: flushIndex: setUnconditionally 0 -> -1
2019-07-13 19:10:39,104 INFO  segmented.SegmentedRaftLogWorker (SegmentedRaftLogWorker.java:lambda$new$0(132)) - b2834bdc-0b24-4552-85d4-88a911f4f023-SegmentedRaftLogWorker:Storage Directory /tmp/workdir/hadoop-ozone/integration-test/target/test-dir/MiniOzoneClusterImpl-4e9110eb-ad8a-42ba-abdf-1de919b0d281/datanode-1/data/ratis/540f42b0-e9a2-45f2-baaa-92313d9d1579: flushIndex: setUnconditionally 0 -> -1
2019-07-13 19:10:39,104 INFO  server.RaftServerConfigKeys (ConfUtils.java:logGet(43)) - raft.server.snapshot.auto.trigger.enabled = true (custom)
2019-07-13 19:10:39,104 INFO  server.RaftServerConfigKeys (ConfUtils.java:logGet(43)) - raft.server.snapshot.auto.trigger.threshold = 10000 (custom)
2019-07-13 19:10:39,104 INFO  server.RaftServerConfigKeys (ConfUtils.java:logGet(43)) - raft.server.snapshot.auto.trigger.enabled = true (custom)
2019-07-13 19:10:39,104 INFO  server.RaftServerConfigKeys (ConfUtils.java:logGet(43)) - raft.server.retrycache.expirytime = 600000ms (custom)
2019-07-13 19:10:39,104 INFO  server.RaftServerConfigKeys (ConfUtils.java:logGet(43)) - raft.server.snapshot.auto.trigger.threshold = 10000 (custom)
2019-07-13 19:10:39,105 INFO  impl.RaftServerImpl (RaftServerImpl.java:start(180)) - d92fd9b4-9a09-412f-89f4-a9cd00fb85be: start group-92313D9D1579
2019-07-13 19:10:39,105 INFO  server.RaftServerConfigKeys (ConfUtils.java:logGet(43)) - raft.server.retrycache.expirytime = 600000ms (custom)
2019-07-13 19:10:39,105 INFO  impl.RaftServerImpl (RaftServerImpl.java:setRole(171)) - d92fd9b4-9a09-412f-89f4-a9cd00fb85be:group-92313D9D1579 changes role from null to FOLLOWER at term 0 for startAsFollower
2019-07-13 19:10:39,105 INFO  impl.RaftServerImpl (RaftServerImpl.java:start(180)) - b2834bdc-0b24-4552-85d4-88a911f4f023: start group-92313D9D1579
2019-07-13 19:10:39,105 INFO  impl.RoleInfo (RoleInfo.java:updateAndGet(143)) - d92fd9b4-9a09-412f-89f4-a9cd00fb85be: start FollowerState
2019-07-13 19:10:39,105 INFO  impl.RaftServerImpl (RaftServerImpl.java:setRole(171)) - b2834bdc-0b24-4552-85d4-88a911f4f023:group-92313D9D1579 changes role from null to FOLLOWER at term 0 for startAsFollower
2019-07-13 19:10:39,105 INFO  impl.RoleInfo (RoleInfo.java:updateAndGet(143)) - b2834bdc-0b24-4552-85d4-88a911f4f023: start FollowerState
2019-07-13 19:10:39,106 INFO  util.JmxRegister (JmxRegister.java:tryRegister(44)) - Successfully registered JMX Bean with object name Ratis:service=RaftServer,group=group-92313D9D1579,id=d92fd9b4-9a09-412f-89f4-a9cd00fb85be
2019-07-13 19:10:39,106 INFO  util.JmxRegister (JmxRegister.java:tryRegister(44)) - Successfully registered JMX Bean with object name Ratis:service=RaftServer,group=group-92313D9D1579,id=b2834bdc-0b24-4552-85d4-88a911f4f023
2019-07-13 19:10:39,108 INFO  pipeline.PipelineStateManager (PipelineStateManager.java:addPipeline(56)) - Created pipeline Pipeline[ Id: 540f42b0-e9a2-45f2-baaa-92313d9d1579, Nodes: d92fd9b4-9a09-412f-89f4-a9cd00fb85be{ip: 192.168.69.122, host: trunk-nightly-fxqsz-774976932, networkLocation: /default-rack, certSerialId: null}b2834bdc-0b24-4552-85d4-88a911f4f023{ip: 192.168.69.122, host: trunk-nightly-fxqsz-774976932, networkLocation: /default-rack, certSerialId: null}87c5d8a8-f726-42e2-9770-a2af52013bda{ip: 192.168.69.122, host: trunk-nightly-fxqsz-774976932, networkLocation: /default-rack, certSerialId: null}, Type:RATIS, Factor:THREE, State:OPEN]
2019-07-13 19:10:39,445 INFO  node.SCMNodeManager (SCMNodeManager.java:register(269)) - Registered Data node : 01f061f4-8e05-4c56-97ab-46de16d1ed88{ip: 192.168.69.122, host: trunk-nightly-fxqsz-774976932, networkLocation: /default-rack, certSerialId: null}
2019-07-13 19:10:39,461 INFO  impl.RaftServerProxy (RaftServerProxy.java:addNew(89)) - 01f061f4-8e05-4c56-97ab-46de16d1ed88: addNew group-F13B96625921:[01f061f4-8e05-4c56-97ab-46de16d1ed88:192.168.69.122:44830] returns group-F13B96625921:java.util.concurrent.CompletableFuture@1f85c854[Not completed]
2019-07-13 19:10:39,462 INFO  impl.RaftServerImpl (RaftServerImpl.java:<init>(93)) - 01f061f4-8e05-4c56-97ab-46de16d1ed88: new RaftServerImpl for group-F13B96625921:[01f061f4-8e05-4c56-97ab-46de16d1ed88:192.168.69.122:44830] with ContainerStateMachine:uninitialized
2019-07-13 19:10:39,462 INFO  server.RaftServerConfigKeys (ConfUtils.java:logGet(43)) - raft.server.rpc.timeout.min = 5s (custom)
2019-07-13 19:10:39,462 INFO  server.RaftServerConfigKeys (ConfUtils.java:logGet(43)) - raft.server.rpc.timeout.max = 5200ms (custom)
2019-07-13 19:10:39,463 INFO  server.RaftServerConfigKeys (ConfUtils.java:logGet(43)) - raft.server.rpcslowness.timeout = 120s (custom)
2019-07-13 19:10:39,463 INFO  server.RaftServerConfigKeys (ConfUtils.java:logGet(43)) - raft.server.sleep.deviation.threshold = 300 (default)
2019-07-13 19:10:39,463 INFO  server.RaftServerConfigKeys (ConfUtils.java:logGet(43)) - raft.server.log.appender.install.snapshot.enabled = false (custom)
2019-07-13 19:10:39,463 INFO  impl.RaftServerImpl (ServerState.java:<init>(105)) - 01f061f4-8e05-4c56-97ab-46de16d1ed88:group-F13B96625921 ConfigurationManager, init=-1: [01f061f4-8e05-4c56-97ab-46de16d1ed88:192.168.69.122:44830], old=null, confs=<EMPTY_MAP>
2019-07-13 19:10:39,463 INFO  server.RaftServerConfigKeys (ConfUtils.java:logGet(43)) - raft.server.storage.dir = [/tmp/workdir/hadoop-ozone/integration-test/target/test-dir/MiniOzoneClusterImpl-4e9110eb-ad8a-42ba-abdf-1de919b0d281/datanode-3/data/ratis] (custom)
2019-07-13 19:10:39,464 INFO  storage.RaftStorageDirectory (RaftStorageDirectory.java:analyzeStorage(246)) - The storage directory /tmp/workdir/hadoop-ozone/integration-test/target/test-dir/MiniOzoneClusterImpl-4e9110eb-ad8a-42ba-abdf-1de919b0d281/datanode-3/data/ratis/a524f8e2-51ee-48e0-8c13-f13b96625921 does not exist. Creating ...
2019-07-13 19:10:39,489 INFO  storage.RaftStorageDirectory (RaftStorageDirectory.java:tryLock(328)) - Lock on /tmp/workdir/hadoop-ozone/integration-test/target/test-dir/MiniOzoneClusterImpl-4e9110eb-ad8a-42ba-abdf-1de919b0d281/datanode-3/data/ratis/a524f8e2-51ee-48e0-8c13-f13b96625921/in_use.lock acquired by nodename 10860@trunk-nightly-fxqsz-774976932
2019-07-13 19:10:39,518 INFO  storage.RaftStorage (RaftStorage.java:format(72)) - Storage directory /tmp/workdir/hadoop-ozone/integration-test/target/test-dir/MiniOzoneClusterImpl-4e9110eb-ad8a-42ba-abdf-1de919b0d281/datanode-3/data/ratis/a524f8e2-51ee-48e0-8c13-f13b96625921 has been successfully formatted.
2019-07-13 19:10:39,518 INFO  ratis.ContainerStateMachine (ContainerStateMachine.java:loadSnapshot(200)) - The snapshot info is null.Setting the last applied index to:(t:0, i:~)
2019-07-13 19:10:39,518 INFO  server.RaftServerConfigKeys (ConfUtils.java:logGet(43)) - raft.server.leader.election.timeout = 120s (custom)
2019-07-13 19:10:39,518 INFO  server.RaftServerConfigKeys (ConfUtils.java:logGet(43)) - raft.server.log.use.memory = false (default)
2019-07-13 19:10:39,518 INFO  server.RaftServerConfigKeys (ConfUtils.java:logGet(43)) - raft.server.log.purge.gap = 1000000000 (custom)
2019-07-13 19:10:39,519 INFO  server.RaftServerConfigKeys (ConfUtils.java:logGet(43)) - raft.server.log.appender.buffer.byte-limit = 33554432 (custom)
2019-07-13 19:10:39,519 INFO  server.RaftServerConfigKeys (ConfUtils.java:logGet(43)) - raft.server.log.segment.size.max = 1048576 (custom)
2019-07-13 19:10:39,519 INFO  server.RaftServerConfigKeys (ConfUtils.java:logGet(43)) - raft.server.log.segment.cache.num.max = 2 (custom)
2019-07-13 19:10:39,519 INFO  segmented.SegmentedRaftLogWorker (SegmentedRaftLogWorker.java:<init>(172)) - new 01f061f4-8e05-4c56-97ab-46de16d1ed88-SegmentedRaftLogWorker:Storage Directory /tmp/workdir/hadoop-ozone/integration-test/target/test-dir/MiniOzoneClusterImpl-4e9110eb-ad8a-42ba-abdf-1de919b0d281/datanode-3/data/ratis/a524f8e2-51ee-48e0-8c13-f13b96625921 for RaftStorage:Storage Directory /tmp/workdir/hadoop-ozone/integration-test/target/test-dir/MiniOzoneClusterImpl-4e9110eb-ad8a-42ba-abdf-1de919b0d281/datanode-3/data/ratis/a524f8e2-51ee-48e0-8c13-f13b96625921
2019-07-13 19:10:39,519 INFO  server.RaftServerConfigKeys (ConfUtils.java:logGet(43)) - raft.server.log.queue.byte-limit = 2147483647 (custom)
2019-07-13 19:10:39,519 INFO  server.RaftServerConfigKeys (ConfUtils.java:logGet(43)) - raft.server.log.queue.element-limit = 1024 (custom)
2019-07-13 19:10:39,520 INFO  server.RaftServerConfigKeys (ConfUtils.java:logGet(43)) - raft.server.log.segment.size.max = 1048576 (custom)
2019-07-13 19:10:39,520 INFO  server.RaftServerConfigKeys (ConfUtils.java:logGet(43)) - raft.server.log.preallocated.size = 16384 (custom)
2019-07-13 19:10:39,520 INFO  server.RaftServerConfigKeys (ConfUtils.java:logGet(43)) - raft.server.log.write.buffer.size = 33554432 (custom)
2019-07-13 19:10:39,520 INFO  server.RaftServerConfigKeys (ConfUtils.java:logGet(43)) - raft.server.log.force.sync.num = 128 (default)
2019-07-13 19:10:39,520 INFO  server.RaftServerConfigKeys (ConfUtils.java:logGet(43)) - raft.server.log.statemachine.data.sync = true (default)
2019-07-13 19:10:39,520 INFO  server.RaftServerConfigKeys (ConfUtils.java:logGet(43)) - raft.server.log.statemachine.data.sync.timeout = 10s (default)
2019-07-13 19:10:39,521 INFO  server.RaftServerConfigKeys (ConfUtils.java:logGet(43)) - raft.server.log.statemachine.data.sync.timeout.retry = -1 (default)
2019-07-13 19:10:39,521 INFO  server.RaftServerConfigKeys (ConfUtils.java:logGet(43)) - raft.server.log.statemachine.data.caching.enabled = true (custom)
2019-07-13 19:10:39,521 INFO  segmented.SegmentedRaftLogWorker (SegmentedRaftLogWorker.java:lambda$new$0(132)) - 01f061f4-8e05-4c56-97ab-46de16d1ed88-SegmentedRaftLogWorker:Storage Directory /tmp/workdir/hadoop-ozone/integration-test/target/test-dir/MiniOzoneClusterImpl-4e9110eb-ad8a-42ba-abdf-1de919b0d281/datanode-3/data/ratis/a524f8e2-51ee-48e0-8c13-f13b96625921: flushIndex: setUnconditionally 0 -> -1
2019-07-13 19:10:39,522 INFO  server.RaftServerConfigKeys (ConfUtils.java:logGet(43)) - raft.server.snapshot.auto.trigger.enabled = true (custom)
2019-07-13 19:10:39,522 INFO  server.RaftServerConfigKeys (ConfUtils.java:logGet(43)) - raft.server.snapshot.auto.trigger.threshold = 10000 (custom)
2019-07-13 19:10:39,522 INFO  server.RaftServerConfigKeys (ConfUtils.java:logGet(43)) - raft.server.retrycache.expirytime = 600000ms (custom)
2019-07-13 19:10:39,522 INFO  impl.RaftServerImpl (RaftServerImpl.java:start(180)) - 01f061f4-8e05-4c56-97ab-46de16d1ed88: start group-F13B96625921
2019-07-13 19:10:39,522 INFO  impl.RaftServerImpl (RaftServerImpl.java:setRole(171)) - 01f061f4-8e05-4c56-97ab-46de16d1ed88:group-F13B96625921 changes role from null to FOLLOWER at term 0 for startAsFollower
2019-07-13 19:10:39,523 INFO  impl.RoleInfo (RoleInfo.java:updateAndGet(143)) - 01f061f4-8e05-4c56-97ab-46de16d1ed88: start FollowerState
2019-07-13 19:10:39,523 INFO  util.JmxRegister (JmxRegister.java:tryRegister(44)) - Successfully registered JMX Bean with object name Ratis:service=RaftServer,group=group-F13B96625921,id=01f061f4-8e05-4c56-97ab-46de16d1ed88
2019-07-13 19:10:39,525 INFO  pipeline.PipelineStateManager (PipelineStateManager.java:addPipeline(56)) - Created pipeline Pipeline[ Id: a524f8e2-51ee-48e0-8c13-f13b96625921, Nodes: 01f061f4-8e05-4c56-97ab-46de16d1ed88{ip: 192.168.69.122, host: trunk-nightly-fxqsz-774976932, networkLocation: /default-rack, certSerialId: null}, Type:RATIS, Factor:ONE, State:OPEN]
2019-07-13 19:10:39,663 INFO  node.SCMNodeManager (SCMNodeManager.java:register(269)) - Registered Data node : d19f59ae-42e2-4df8-8b68-6e798c673ac8{ip: 192.168.69.122, host: trunk-nightly-fxqsz-774976932, networkLocation: /default-rack, certSerialId: null}
2019-07-13 19:10:39,677 INFO  impl.RaftServerProxy (RaftServerProxy.java:addNew(89)) - d19f59ae-42e2-4df8-8b68-6e798c673ac8: addNew group-4E5801F7CE33:[d19f59ae-42e2-4df8-8b68-6e798c673ac8:192.168.69.122:45548] returns group-4E5801F7CE33:java.util.concurrent.CompletableFuture@2b5e48dd[Not completed]
2019-07-13 19:10:39,678 INFO  impl.RaftServerImpl (RaftServerImpl.java:<init>(93)) - d19f59ae-42e2-4df8-8b68-6e798c673ac8: new RaftServerImpl for group-4E5801F7CE33:[d19f59ae-42e2-4df8-8b68-6e798c673ac8:192.168.69.122:45548] with ContainerStateMachine:uninitialized
2019-07-13 19:10:39,678 INFO  server.RaftServerConfigKeys (ConfUtils.java:logGet(43)) - raft.server.rpc.timeout.min = 5s (custom)
2019-07-13 19:10:39,678 INFO  server.RaftServerConfigKeys (ConfUtils.java:logGet(43)) - raft.server.rpc.timeout.max = 5200ms (custom)
2019-07-13 19:10:39,678 INFO  server.RaftServerConfigKeys (ConfUtils.java:logGet(43)) - raft.server.rpcslowness.timeout = 120s (custom)
2019-07-13 19:10:39,678 INFO  server.RaftServerConfigKeys (ConfUtils.java:logGet(43)) - raft.server.sleep.deviation.threshold = 300 (default)
2019-07-13 19:10:39,679 INFO  server.RaftServerConfigKeys (ConfUtils.java:logGet(43)) - raft.server.log.appender.install.snapshot.enabled = false (custom)
2019-07-13 19:10:39,679 INFO  impl.RaftServerImpl (ServerState.java:<init>(105)) - d19f59ae-42e2-4df8-8b68-6e798c673ac8:group-4E5801F7CE33 ConfigurationManager, init=-1: [d19f59ae-42e2-4df8-8b68-6e798c673ac8:192.168.69.122:45548], old=null, confs=<EMPTY_MAP>
2019-07-13 19:10:39,679 INFO  server.RaftServerConfigKeys (ConfUtils.java:logGet(43)) - raft.server.storage.dir = [/tmp/workdir/hadoop-ozone/integration-test/target/test-dir/MiniOzoneClusterImpl-4e9110eb-ad8a-42ba-abdf-1de919b0d281/datanode-4/data/ratis] (custom)
2019-07-13 19:10:39,679 INFO  storage.RaftStorageDirectory (RaftStorageDirectory.java:analyzeStorage(246)) - The storage directory /tmp/workdir/hadoop-ozone/integration-test/target/test-dir/MiniOzoneClusterImpl-4e9110eb-ad8a-42ba-abdf-1de919b0d281/datanode-4/data/ratis/416afe48-1757-40f7-8a10-4e5801f7ce33 does not exist. Creating ...
2019-07-13 19:10:39,704 INFO  storage.RaftStorageDirectory (RaftStorageDirectory.java:tryLock(328)) - Lock on /tmp/workdir/hadoop-ozone/integration-test/target/test-dir/MiniOzoneClusterImpl-4e9110eb-ad8a-42ba-abdf-1de919b0d281/datanode-4/data/ratis/416afe48-1757-40f7-8a10-4e5801f7ce33/in_use.lock acquired by nodename 10860@trunk-nightly-fxqsz-774976932
2019-07-13 19:10:39,719 INFO  storage.RaftStorage (RaftStorage.java:format(72)) - Storage directory /tmp/workdir/hadoop-ozone/integration-test/target/test-dir/MiniOzoneClusterImpl-4e9110eb-ad8a-42ba-abdf-1de919b0d281/datanode-4/data/ratis/416afe48-1757-40f7-8a10-4e5801f7ce33 has been successfully formatted.
2019-07-13 19:10:39,719 INFO  ratis.ContainerStateMachine (ContainerStateMachine.java:loadSnapshot(200)) - The snapshot info is null.Setting the last applied index to:(t:0, i:~)
2019-07-13 19:10:39,719 INFO  server.RaftServerConfigKeys (ConfUtils.java:logGet(43)) - raft.server.leader.election.timeout = 120s (custom)
2019-07-13 19:10:39,720 INFO  server.RaftServerConfigKeys (ConfUtils.java:logGet(43)) - raft.server.log.use.memory = false (default)
2019-07-13 19:10:39,720 INFO  server.RaftServerConfigKeys (ConfUtils.java:logGet(43)) - raft.server.log.purge.gap = 1000000000 (custom)
2019-07-13 19:10:39,720 INFO  server.RaftServerConfigKeys (ConfUtils.java:logGet(43)) - raft.server.log.appender.buffer.byte-limit = 33554432 (custom)
2019-07-13 19:10:39,720 INFO  server.RaftServerConfigKeys (ConfUtils.java:logGet(43)) - raft.server.log.segment.size.max = 1048576 (custom)
2019-07-13 19:10:39,720 INFO  server.RaftServerConfigKeys (ConfUtils.java:logGet(43)) - raft.server.log.segment.cache.num.max = 2 (custom)
2019-07-13 19:10:39,720 INFO  segmented.SegmentedRaftLogWorker (SegmentedRaftLogWorker.java:<init>(172)) - new d19f59ae-42e2-4df8-8b68-6e798c673ac8-SegmentedRaftLogWorker:Storage Directory /tmp/workdir/hadoop-ozone/integration-test/target/test-dir/MiniOzoneClusterImpl-4e9110eb-ad8a-42ba-abdf-1de919b0d281/datanode-4/data/ratis/416afe48-1757-40f7-8a10-4e5801f7ce33 for RaftStorage:Storage Directory /tmp/workdir/hadoop-ozone/integration-test/target/test-dir/MiniOzoneClusterImpl-4e9110eb-ad8a-42ba-abdf-1de919b0d281/datanode-4/data/ratis/416afe48-1757-40f7-8a10-4e5801f7ce33
2019-07-13 19:10:39,721 INFO  server.RaftServerConfigKeys (ConfUtils.java:logGet(43)) - raft.server.log.queue.byte-limit = 2147483647 (custom)
2019-07-13 19:10:39,721 INFO  server.RaftServerConfigKeys (ConfUtils.java:logGet(43)) - raft.server.log.queue.element-limit = 1024 (custom)
2019-07-13 19:10:39,721 INFO  server.RaftServerConfigKeys (ConfUtils.java:logGet(43)) - raft.server.log.segment.size.max = 1048576 (custom)
2019-07-13 19:10:39,721 INFO  server.RaftServerConfigKeys (ConfUtils.java:logGet(43)) - raft.server.log.preallocated.size = 16384 (custom)
2019-07-13 19:10:39,721 INFO  server.RaftServerConfigKeys (ConfUtils.java:logGet(43)) - raft.server.log.write.buffer.size = 33554432 (custom)
2019-07-13 19:10:39,721 INFO  server.RaftServerConfigKeys (ConfUtils.java:logGet(43)) - raft.server.log.force.sync.num = 128 (default)
2019-07-13 19:10:39,721 INFO  server.RaftServerConfigKeys (ConfUtils.java:logGet(43)) - raft.server.log.statemachine.data.sync = true (default)
2019-07-13 19:10:39,722 INFO  server.RaftServerConfigKeys (ConfUtils.java:logGet(43)) - raft.server.log.statemachine.data.sync.timeout = 10s (default)
2019-07-13 19:10:39,722 INFO  server.RaftServerConfigKeys (ConfUtils.java:logGet(43)) - raft.server.log.statemachine.data.sync.timeout.retry = -1 (default)
2019-07-13 19:10:39,722 INFO  server.RaftServerConfigKeys (ConfUtils.java:logGet(43)) - raft.server.log.statemachine.data.caching.enabled = true (custom)
2019-07-13 19:10:39,722 INFO  segmented.SegmentedRaftLogWorker (SegmentedRaftLogWorker.java:lambda$new$0(132)) - d19f59ae-42e2-4df8-8b68-6e798c673ac8-SegmentedRaftLogWorker:Storage Directory /tmp/workdir/hadoop-ozone/integration-test/target/test-dir/MiniOzoneClusterImpl-4e9110eb-ad8a-42ba-abdf-1de919b0d281/datanode-4/data/ratis/416afe48-1757-40f7-8a10-4e5801f7ce33: flushIndex: setUnconditionally 0 -> -1
2019-07-13 19:10:39,723 INFO  server.RaftServerConfigKeys (ConfUtils.java:logGet(43)) - raft.server.snapshot.auto.trigger.enabled = true (custom)
2019-07-13 19:10:39,723 INFO  server.RaftServerConfigKeys (ConfUtils.java:logGet(43)) - raft.server.snapshot.auto.trigger.threshold = 10000 (custom)
2019-07-13 19:10:39,723 INFO  server.RaftServerConfigKeys (ConfUtils.java:logGet(43)) - raft.server.retrycache.expirytime = 600000ms (custom)
2019-07-13 19:10:39,723 INFO  impl.RaftServerImpl (RaftServerImpl.java:start(180)) - d19f59ae-42e2-4df8-8b68-6e798c673ac8: start group-4E5801F7CE33
2019-07-13 19:10:39,723 INFO  impl.RaftServerImpl (RaftServerImpl.java:setRole(171)) - d19f59ae-42e2-4df8-8b68-6e798c673ac8:group-4E5801F7CE33 changes role from null to FOLLOWER at term 0 for startAsFollower
2019-07-13 19:10:39,723 INFO  impl.RoleInfo (RoleInfo.java:updateAndGet(143)) - d19f59ae-42e2-4df8-8b68-6e798c673ac8: start FollowerState
2019-07-13 19:10:39,724 INFO  util.JmxRegister (JmxRegister.java:tryRegister(44)) - Successfully registered JMX Bean with object name Ratis:service=RaftServer,group=group-4E5801F7CE33,id=d19f59ae-42e2-4df8-8b68-6e798c673ac8
2019-07-13 19:10:39,726 INFO  pipeline.PipelineStateManager (PipelineStateManager.java:addPipeline(56)) - Created pipeline Pipeline[ Id: 416afe48-1757-40f7-8a10-4e5801f7ce33, Nodes: d19f59ae-42e2-4df8-8b68-6e798c673ac8{ip: 192.168.69.122, host: trunk-nightly-fxqsz-774976932, networkLocation: /default-rack, certSerialId: null}, Type:RATIS, Factor:ONE, State:OPEN]
2019-07-13 19:10:39,842 INFO  ozone.MiniOzoneClusterImpl (MiniOzoneClusterImpl.java:lambda$waitForClusterToBeReady$0(142)) - Waiting for cluster to be ready. Got 5 of 6 DN Heartbeats.
2019-07-13 19:10:39,843 INFO  node.SCMNodeManager (SCMNodeManager.java:register(269)) - Registered Data node : 4e0e021c-baec-4cf9-9bca-abbc447b3b25{ip: 192.168.69.122, host: trunk-nightly-fxqsz-774976932, networkLocation: /default-rack, certSerialId: null}
2019-07-13 19:10:39,857 INFO  impl.RaftServerProxy (RaftServerProxy.java:addNew(89)) - 4e0e021c-baec-4cf9-9bca-abbc447b3b25: addNew group-CB8D6F3D7AB1:[4e0e021c-baec-4cf9-9bca-abbc447b3b25:192.168.69.122:37274] returns group-CB8D6F3D7AB1:java.util.concurrent.CompletableFuture@32fe32c0[Not completed]
2019-07-13 19:10:39,858 INFO  impl.RaftServerImpl (RaftServerImpl.java:<init>(93)) - 4e0e021c-baec-4cf9-9bca-abbc447b3b25: new RaftServerImpl for group-CB8D6F3D7AB1:[4e0e021c-baec-4cf9-9bca-abbc447b3b25:192.168.69.122:37274] with ContainerStateMachine:uninitialized
2019-07-13 19:10:39,858 INFO  server.RaftServerConfigKeys (ConfUtils.java:logGet(43)) - raft.server.rpc.timeout.min = 5s (custom)
2019-07-13 19:10:39,858 INFO  server.RaftServerConfigKeys (ConfUtils.java:logGet(43)) - raft.server.rpc.timeout.max = 5200ms (custom)
2019-07-13 19:10:39,858 INFO  server.RaftServerConfigKeys (ConfUtils.java:logGet(43)) - raft.server.rpcslowness.timeout = 120s (custom)
2019-07-13 19:10:39,858 INFO  server.RaftServerConfigKeys (ConfUtils.java:logGet(43)) - raft.server.sleep.deviation.threshold = 300 (default)
2019-07-13 19:10:39,859 INFO  server.RaftServerConfigKeys (ConfUtils.java:logGet(43)) - raft.server.log.appender.install.snapshot.enabled = false (custom)
2019-07-13 19:10:39,859 INFO  impl.RaftServerImpl (ServerState.java:<init>(105)) - 4e0e021c-baec-4cf9-9bca-abbc447b3b25:group-CB8D6F3D7AB1 ConfigurationManager, init=-1: [4e0e021c-baec-4cf9-9bca-abbc447b3b25:192.168.69.122:37274], old=null, confs=<EMPTY_MAP>
2019-07-13 19:10:39,859 INFO  server.RaftServerConfigKeys (ConfUtils.java:logGet(43)) - raft.server.storage.dir = [/tmp/workdir/hadoop-ozone/integration-test/target/test-dir/MiniOzoneClusterImpl-4e9110eb-ad8a-42ba-abdf-1de919b0d281/datanode-5/data/ratis] (custom)
2019-07-13 19:10:39,859 INFO  storage.RaftStorageDirectory (RaftStorageDirectory.java:analyzeStorage(246)) - The storage directory /tmp/workdir/hadoop-ozone/integration-test/target/test-dir/MiniOzoneClusterImpl-4e9110eb-ad8a-42ba-abdf-1de919b0d281/datanode-5/data/ratis/a42e2aef-4cb4-4f05-a222-cb8d6f3d7ab1 does not exist. Creating ...
2019-07-13 19:10:39,880 INFO  storage.RaftStorageDirectory (RaftStorageDirectory.java:tryLock(328)) - Lock on /tmp/workdir/hadoop-ozone/integration-test/target/test-dir/MiniOzoneClusterImpl-4e9110eb-ad8a-42ba-abdf-1de919b0d281/datanode-5/data/ratis/a42e2aef-4cb4-4f05-a222-cb8d6f3d7ab1/in_use.lock acquired by nodename 10860@trunk-nightly-fxqsz-774976932
2019-07-13 19:10:39,895 INFO  storage.RaftStorage (RaftStorage.java:format(72)) - Storage directory /tmp/workdir/hadoop-ozone/integration-test/target/test-dir/MiniOzoneClusterImpl-4e9110eb-ad8a-42ba-abdf-1de919b0d281/datanode-5/data/ratis/a42e2aef-4cb4-4f05-a222-cb8d6f3d7ab1 has been successfully formatted.
2019-07-13 19:10:39,895 INFO  ratis.ContainerStateMachine (ContainerStateMachine.java:loadSnapshot(200)) - The snapshot info is null.Setting the last applied index to:(t:0, i:~)
2019-07-13 19:10:39,895 INFO  server.RaftServerConfigKeys (ConfUtils.java:logGet(43)) - raft.server.leader.election.timeout = 120s (custom)
2019-07-13 19:10:39,895 INFO  server.RaftServerConfigKeys (ConfUtils.java:logGet(43)) - raft.server.log.use.memory = false (default)
2019-07-13 19:10:39,896 INFO  server.RaftServerConfigKeys (ConfUtils.java:logGet(43)) - raft.server.log.purge.gap = 1000000000 (custom)
2019-07-13 19:10:39,896 INFO  server.RaftServerConfigKeys (ConfUtils.java:logGet(43)) - raft.server.log.appender.buffer.byte-limit = 33554432 (custom)
2019-07-13 19:10:39,896 INFO  server.RaftServerConfigKeys (ConfUtils.java:logGet(43)) - raft.server.log.segment.size.max = 1048576 (custom)
2019-07-13 19:10:39,896 INFO  server.RaftServerConfigKeys (ConfUtils.java:logGet(43)) - raft.server.log.segment.cache.num.max = 2 (custom)
2019-07-13 19:10:39,896 INFO  segmented.SegmentedRaftLogWorker (SegmentedRaftLogWorker.java:<init>(172)) - new 4e0e021c-baec-4cf9-9bca-abbc447b3b25-SegmentedRaftLogWorker:Storage Directory /tmp/workdir/hadoop-ozone/integration-test/target/test-dir/MiniOzoneClusterImpl-4e9110eb-ad8a-42ba-abdf-1de919b0d281/datanode-5/data/ratis/a42e2aef-4cb4-4f05-a222-cb8d6f3d7ab1 for RaftStorage:Storage Directory /tmp/workdir/hadoop-ozone/integration-test/target/test-dir/MiniOzoneClusterImpl-4e9110eb-ad8a-42ba-abdf-1de919b0d281/datanode-5/data/ratis/a42e2aef-4cb4-4f05-a222-cb8d6f3d7ab1
2019-07-13 19:10:39,896 INFO  server.RaftServerConfigKeys (ConfUtils.java:logGet(43)) - raft.server.log.queue.byte-limit = 2147483647 (custom)
2019-07-13 19:10:39,897 INFO  server.RaftServerConfigKeys (ConfUtils.java:logGet(43)) - raft.server.log.queue.element-limit = 1024 (custom)
2019-07-13 19:10:39,897 INFO  server.RaftServerConfigKeys (ConfUtils.java:logGet(43)) - raft.server.log.segment.size.max = 1048576 (custom)
2019-07-13 19:10:39,897 INFO  server.RaftServerConfigKeys (ConfUtils.java:logGet(43)) - raft.server.log.preallocated.size = 16384 (custom)
2019-07-13 19:10:39,897 INFO  server.RaftServerConfigKeys (ConfUtils.java:logGet(43)) - raft.server.log.write.buffer.size = 33554432 (custom)
2019-07-13 19:10:39,897 INFO  server.RaftServerConfigKeys (ConfUtils.java:logGet(43)) - raft.server.log.force.sync.num = 128 (default)
2019-07-13 19:10:39,897 INFO  server.RaftServerConfigKeys (ConfUtils.java:logGet(43)) - raft.server.log.statemachine.data.sync = true (default)
2019-07-13 19:10:39,898 INFO  server.RaftServerConfigKeys (ConfUtils.java:logGet(43)) - raft.server.log.statemachine.data.sync.timeout = 10s (default)
2019-07-13 19:10:39,898 INFO  server.RaftServerConfigKeys (ConfUtils.java:logGet(43)) - raft.server.log.statemachine.data.sync.timeout.retry = -1 (default)
2019-07-13 19:10:39,898 INFO  server.RaftServerConfigKeys (ConfUtils.java:logGet(43)) - raft.server.log.statemachine.data.caching.enabled = true (custom)
2019-07-13 19:10:39,898 INFO  segmented.SegmentedRaftLogWorker (SegmentedRaftLogWorker.java:lambda$new$0(132)) - 4e0e021c-baec-4cf9-9bca-abbc447b3b25-SegmentedRaftLogWorker:Storage Directory /tmp/workdir/hadoop-ozone/integration-test/target/test-dir/MiniOzoneClusterImpl-4e9110eb-ad8a-42ba-abdf-1de919b0d281/datanode-5/data/ratis/a42e2aef-4cb4-4f05-a222-cb8d6f3d7ab1: flushIndex: setUnconditionally 0 -> -1
2019-07-13 19:10:39,899 INFO  server.RaftServerConfigKeys (ConfUtils.java:logGet(43)) - raft.server.snapshot.auto.trigger.enabled = true (custom)
2019-07-13 19:10:39,899 INFO  server.RaftServerConfigKeys (ConfUtils.java:logGet(43)) - raft.server.snapshot.auto.trigger.threshold = 10000 (custom)
2019-07-13 19:10:39,899 INFO  server.RaftServerConfigKeys (ConfUtils.java:logGet(43)) - raft.server.retrycache.expirytime = 600000ms (custom)
2019-07-13 19:10:39,899 INFO  impl.RaftServerImpl (RaftServerImpl.java:start(180)) - 4e0e021c-baec-4cf9-9bca-abbc447b3b25: start group-CB8D6F3D7AB1
2019-07-13 19:10:39,899 INFO  impl.RaftServerImpl (RaftServerImpl.java:setRole(171)) - 4e0e021c-baec-4cf9-9bca-abbc447b3b25:group-CB8D6F3D7AB1 changes role from null to FOLLOWER at term 0 for startAsFollower
2019-07-13 19:10:39,899 INFO  impl.RoleInfo (RoleInfo.java:updateAndGet(143)) - 4e0e021c-baec-4cf9-9bca-abbc447b3b25: start FollowerState
2019-07-13 19:10:39,900 INFO  util.JmxRegister (JmxRegister.java:tryRegister(44)) - Successfully registered JMX Bean with object name Ratis:service=RaftServer,group=group-CB8D6F3D7AB1,id=4e0e021c-baec-4cf9-9bca-abbc447b3b25
2019-07-13 19:10:39,902 INFO  pipeline.PipelineStateManager (PipelineStateManager.java:addPipeline(56)) - Created pipeline Pipeline[ Id: a42e2aef-4cb4-4f05-a222-cb8d6f3d7ab1, Nodes: 4e0e021c-baec-4cf9-9bca-abbc447b3b25{ip: 192.168.69.122, host: trunk-nightly-fxqsz-774976932, networkLocation: /default-rack, certSerialId: null}, Type:RATIS, Factor:ONE, State:OPEN]
2019-07-13 19:10:39,929 INFO  impl.RaftServerProxy (RaftServerProxy.java:addNew(89)) - d19f59ae-42e2-4df8-8b68-6e798c673ac8: addNew group-AF89BDA5D7E3:[4e0e021c-baec-4cf9-9bca-abbc447b3b25:192.168.69.122:37274, 01f061f4-8e05-4c56-97ab-46de16d1ed88:192.168.69.122:44830, d19f59ae-42e2-4df8-8b68-6e798c673ac8:192.168.69.122:45548] returns group-AF89BDA5D7E3:java.util.concurrent.CompletableFuture@24413ad7[Not completed]
2019-07-13 19:10:39,929 INFO  impl.RaftServerProxy (RaftServerProxy.java:addNew(89)) - 01f061f4-8e05-4c56-97ab-46de16d1ed88: addNew group-AF89BDA5D7E3:[4e0e021c-baec-4cf9-9bca-abbc447b3b25:192.168.69.122:37274, 01f061f4-8e05-4c56-97ab-46de16d1ed88:192.168.69.122:44830, d19f59ae-42e2-4df8-8b68-6e798c673ac8:192.168.69.122:45548] returns group-AF89BDA5D7E3:java.util.concurrent.CompletableFuture@149d7590[Not completed]
2019-07-13 19:10:39,930 INFO  impl.RaftServerProxy (RaftServerProxy.java:addNew(89)) - 4e0e021c-baec-4cf9-9bca-abbc447b3b25: addNew group-AF89BDA5D7E3:[4e0e021c-baec-4cf9-9bca-abbc447b3b25:192.168.69.122:37274, 01f061f4-8e05-4c56-97ab-46de16d1ed88:192.168.69.122:44830, d19f59ae-42e2-4df8-8b68-6e798c673ac8:192.168.69.122:45548] returns group-AF89BDA5D7E3:java.util.concurrent.CompletableFuture@365e9fbd[Not completed]
2019-07-13 19:10:39,930 INFO  impl.RaftServerImpl (RaftServerImpl.java:<init>(93)) - d19f59ae-42e2-4df8-8b68-6e798c673ac8: new RaftServerImpl for group-AF89BDA5D7E3:[4e0e021c-baec-4cf9-9bca-abbc447b3b25:192.168.69.122:37274, 01f061f4-8e05-4c56-97ab-46de16d1ed88:192.168.69.122:44830, d19f59ae-42e2-4df8-8b68-6e798c673ac8:192.168.69.122:45548] with ContainerStateMachine:uninitialized
2019-07-13 19:10:39,931 INFO  server.RaftServerConfigKeys (ConfUtils.java:logGet(43)) - raft.server.rpc.timeout.min = 5s (custom)
2019-07-13 19:10:39,931 INFO  server.RaftServerConfigKeys (ConfUtils.java:logGet(43)) - raft.server.rpc.timeout.max = 5200ms (custom)
2019-07-13 19:10:39,931 INFO  impl.RaftServerImpl (RaftServerImpl.java:<init>(93)) - 4e0e021c-baec-4cf9-9bca-abbc447b3b25: new RaftServerImpl for group-AF89BDA5D7E3:[4e0e021c-baec-4cf9-9bca-abbc447b3b25:192.168.69.122:37274, 01f061f4-8e05-4c56-97ab-46de16d1ed88:192.168.69.122:44830, d19f59ae-42e2-4df8-8b68-6e798c673ac8:192.168.69.122:45548] with ContainerStateMachine:uninitialized
2019-07-13 19:10:39,931 INFO  server.RaftServerConfigKeys (ConfUtils.java:logGet(43)) - raft.server.rpcslowness.timeout = 120s (custom)
2019-07-13 19:10:39,931 INFO  server.RaftServerConfigKeys (ConfUtils.java:logGet(43)) - raft.server.rpc.timeout.min = 5s (custom)
2019-07-13 19:10:39,931 INFO  impl.RaftServerImpl (RaftServerImpl.java:<init>(93)) - 01f061f4-8e05-4c56-97ab-46de16d1ed88: new RaftServerImpl for group-AF89BDA5D7E3:[4e0e021c-baec-4cf9-9bca-abbc447b3b25:192.168.69.122:37274, 01f061f4-8e05-4c56-97ab-46de16d1ed88:192.168.69.122:44830, d19f59ae-42e2-4df8-8b68-6e798c673ac8:192.168.69.122:45548] with ContainerStateMachine:uninitialized
2019-07-13 19:10:39,931 INFO  server.RaftServerConfigKeys (ConfUtils.java:logGet(43)) - raft.server.sleep.deviation.threshold = 300 (default)
2019-07-13 19:10:39,931 INFO  server.RaftServerConfigKeys (ConfUtils.java:logGet(43)) - raft.server.rpc.timeout.min = 5s (custom)
2019-07-13 19:10:39,931 INFO  server.RaftServerConfigKeys (ConfUtils.java:logGet(43)) - raft.server.rpc.timeout.max = 5200ms (custom)
2019-07-13 19:10:39,932 INFO  server.RaftServerConfigKeys (ConfUtils.java:logGet(43)) - raft.server.rpc.timeout.max = 5200ms (custom)
2019-07-13 19:10:39,931 INFO  server.RaftServerConfigKeys (ConfUtils.java:logGet(43)) - raft.server.log.appender.install.snapshot.enabled = false (custom)
2019-07-13 19:10:39,932 INFO  server.RaftServerConfigKeys (ConfUtils.java:logGet(43)) - raft.server.rpcslowness.timeout = 120s (custom)
2019-07-13 19:10:39,932 INFO  server.RaftServerConfigKeys (ConfUtils.java:logGet(43)) - raft.server.rpcslowness.timeout = 120s (custom)
2019-07-13 19:10:39,932 INFO  server.RaftServerConfigKeys (ConfUtils.java:logGet(43)) - raft.server.sleep.deviation.threshold = 300 (default)
2019-07-13 19:10:39,932 INFO  server.RaftServerConfigKeys (ConfUtils.java:logGet(43)) - raft.server.log.appender.install.snapshot.enabled = false (custom)
2019-07-13 19:10:39,932 INFO  impl.RaftServerImpl (ServerState.java:<init>(105)) - d19f59ae-42e2-4df8-8b68-6e798c673ac8:group-AF89BDA5D7E3 ConfigurationManager, init=-1: [4e0e021c-baec-4cf9-9bca-abbc447b3b25:192.168.69.122:37274, 01f061f4-8e05-4c56-97ab-46de16d1ed88:192.168.69.122:44830, d19f59ae-42e2-4df8-8b68-6e798c673ac8:192.168.69.122:45548], old=null, confs=<EMPTY_MAP>
2019-07-13 19:10:39,933 INFO  impl.RaftServerImpl (ServerState.java:<init>(105)) - 01f061f4-8e05-4c56-97ab-46de16d1ed88:group-AF89BDA5D7E3 ConfigurationManager, init=-1: [4e0e021c-baec-4cf9-9bca-abbc447b3b25:192.168.69.122:37274, 01f061f4-8e05-4c56-97ab-46de16d1ed88:192.168.69.122:44830, d19f59ae-42e2-4df8-8b68-6e798c673ac8:192.168.69.122:45548], old=null, confs=<EMPTY_MAP>
2019-07-13 19:10:39,932 INFO  server.RaftServerConfigKeys (ConfUtils.java:logGet(43)) - raft.server.sleep.deviation.threshold = 300 (default)
2019-07-13 19:10:39,933 INFO  server.RaftServerConfigKeys (ConfUtils.java:logGet(43)) - raft.server.storage.dir = [/tmp/workdir/hadoop-ozone/integration-test/target/test-dir/MiniOzoneClusterImpl-4e9110eb-ad8a-42ba-abdf-1de919b0d281/datanode-3/data/ratis] (custom)
2019-07-13 19:10:39,933 INFO  server.RaftServerConfigKeys (ConfUtils.java:logGet(43)) - raft.server.storage.dir = [/tmp/workdir/hadoop-ozone/integration-test/target/test-dir/MiniOzoneClusterImpl-4e9110eb-ad8a-42ba-abdf-1de919b0d281/datanode-4/data/ratis] (custom)
2019-07-13 19:10:39,933 INFO  server.RaftServerConfigKeys (ConfUtils.java:logGet(43)) - raft.server.log.appender.install.snapshot.enabled = false (custom)
2019-07-13 19:10:39,934 INFO  storage.RaftStorageDirectory (RaftStorageDirectory.java:analyzeStorage(246)) - The storage directory /tmp/workdir/hadoop-ozone/integration-test/target/test-dir/MiniOzoneClusterImpl-4e9110eb-ad8a-42ba-abdf-1de919b0d281/datanode-3/data/ratis/2bba5b46-0eae-4663-a5d5-af89bda5d7e3 does not exist. Creating ...
2019-07-13 19:10:39,934 INFO  impl.RaftServerImpl (ServerState.java:<init>(105)) - 4e0e021c-baec-4cf9-9bca-abbc447b3b25:group-AF89BDA5D7E3 ConfigurationManager, init=-1: [4e0e021c-baec-4cf9-9bca-abbc447b3b25:192.168.69.122:37274, 01f061f4-8e05-4c56-97ab-46de16d1ed88:192.168.69.122:44830, d19f59ae-42e2-4df8-8b68-6e798c673ac8:192.168.69.122:45548], old=null, confs=<EMPTY_MAP>
2019-07-13 19:10:39,934 INFO  storage.RaftStorageDirectory (RaftStorageDirectory.java:analyzeStorage(246)) - The storage directory /tmp/workdir/hadoop-ozone/integration-test/target/test-dir/MiniOzoneClusterImpl-4e9110eb-ad8a-42ba-abdf-1de919b0d281/datanode-4/data/ratis/2bba5b46-0eae-4663-a5d5-af89bda5d7e3 does not exist. Creating ...
2019-07-13 19:10:39,934 INFO  server.RaftServerConfigKeys (ConfUtils.java:logGet(43)) - raft.server.storage.dir = [/tmp/workdir/hadoop-ozone/integration-test/target/test-dir/MiniOzoneClusterImpl-4e9110eb-ad8a-42ba-abdf-1de919b0d281/datanode-5/data/ratis] (custom)
2019-07-13 19:10:39,934 INFO  storage.RaftStorageDirectory (RaftStorageDirectory.java:analyzeStorage(246)) - The storage directory /tmp/workdir/hadoop-ozone/integration-test/target/test-dir/MiniOzoneClusterImpl-4e9110eb-ad8a-42ba-abdf-1de919b0d281/datanode-5/data/ratis/2bba5b46-0eae-4663-a5d5-af89bda5d7e3 does not exist. Creating ...
2019-07-13 19:10:39,959 INFO  storage.RaftStorageDirectory (RaftStorageDirectory.java:tryLock(328)) - Lock on /tmp/workdir/hadoop-ozone/integration-test/target/test-dir/MiniOzoneClusterImpl-4e9110eb-ad8a-42ba-abdf-1de919b0d281/datanode-4/data/ratis/2bba5b46-0eae-4663-a5d5-af89bda5d7e3/in_use.lock acquired by nodename 10860@trunk-nightly-fxqsz-774976932
2019-07-13 19:10:39,959 INFO  storage.RaftStorageDirectory (RaftStorageDirectory.java:tryLock(328)) - Lock on /tmp/workdir/hadoop-ozone/integration-test/target/test-dir/MiniOzoneClusterImpl-4e9110eb-ad8a-42ba-abdf-1de919b0d281/datanode-5/data/ratis/2bba5b46-0eae-4663-a5d5-af89bda5d7e3/in_use.lock acquired by nodename 10860@trunk-nightly-fxqsz-774976932
2019-07-13 19:10:39,959 INFO  storage.RaftStorageDirectory (RaftStorageDirectory.java:tryLock(328)) - Lock on /tmp/workdir/hadoop-ozone/integration-test/target/test-dir/MiniOzoneClusterImpl-4e9110eb-ad8a-42ba-abdf-1de919b0d281/datanode-3/data/ratis/2bba5b46-0eae-4663-a5d5-af89bda5d7e3/in_use.lock acquired by nodename 10860@trunk-nightly-fxqsz-774976932
2019-07-13 19:10:39,984 INFO  storage.RaftStorage (RaftStorage.java:format(72)) - Storage directory /tmp/workdir/hadoop-ozone/integration-test/target/test-dir/MiniOzoneClusterImpl-4e9110eb-ad8a-42ba-abdf-1de919b0d281/datanode-3/data/ratis/2bba5b46-0eae-4663-a5d5-af89bda5d7e3 has been successfully formatted.
2019-07-13 19:10:39,984 INFO  storage.RaftStorage (RaftStorage.java:format(72)) - Storage directory /tmp/workdir/hadoop-ozone/integration-test/target/test-dir/MiniOzoneClusterImpl-4e9110eb-ad8a-42ba-abdf-1de919b0d281/datanode-4/data/ratis/2bba5b46-0eae-4663-a5d5-af89bda5d7e3 has been successfully formatted.
2019-07-13 19:10:39,984 INFO  storage.RaftStorage (RaftStorage.java:format(72)) - Storage directory /tmp/workdir/hadoop-ozone/integration-test/target/test-dir/MiniOzoneClusterImpl-4e9110eb-ad8a-42ba-abdf-1de919b0d281/datanode-5/data/ratis/2bba5b46-0eae-4663-a5d5-af89bda5d7e3 has been successfully formatted.
2019-07-13 19:10:39,985 INFO  ratis.ContainerStateMachine (ContainerStateMachine.java:loadSnapshot(200)) - The snapshot info is null.Setting the last applied index to:(t:0, i:~)
2019-07-13 19:10:39,985 INFO  ratis.ContainerStateMachine (ContainerStateMachine.java:loadSnapshot(200)) - The snapshot info is null.Setting the last applied index to:(t:0, i:~)
2019-07-13 19:10:39,985 INFO  server.RaftServerConfigKeys (ConfUtils.java:logGet(43)) - raft.server.leader.election.timeout = 120s (custom)
2019-07-13 19:10:39,985 INFO  ratis.ContainerStateMachine (ContainerStateMachine.java:loadSnapshot(200)) - The snapshot info is null.Setting the last applied index to:(t:0, i:~)
2019-07-13 19:10:39,985 INFO  server.RaftServerConfigKeys (ConfUtils.java:logGet(43)) - raft.server.log.use.memory = false (default)
2019-07-13 19:10:39,985 INFO  server.RaftServerConfigKeys (ConfUtils.java:logGet(43)) - raft.server.leader.election.timeout = 120s (custom)
2019-07-13 19:10:39,986 INFO  server.RaftServerConfigKeys (ConfUtils.java:logGet(43)) - raft.server.log.purge.gap = 1000000000 (custom)
2019-07-13 19:10:39,986 INFO  server.RaftServerConfigKeys (ConfUtils.java:logGet(43)) - raft.server.leader.election.timeout = 120s (custom)
2019-07-13 19:10:39,986 INFO  server.RaftServerConfigKeys (ConfUtils.java:logGet(43)) - raft.server.log.appender.buffer.byte-limit = 33554432 (custom)
2019-07-13 19:10:39,986 INFO  server.RaftServerConfigKeys (ConfUtils.java:logGet(43)) - raft.server.log.use.memory = false (default)
2019-07-13 19:10:39,987 INFO  server.RaftServerConfigKeys (ConfUtils.java:logGet(43)) - raft.server.log.segment.size.max = 1048576 (custom)
2019-07-13 19:10:39,986 INFO  server.RaftServerConfigKeys (ConfUtils.java:logGet(43)) - raft.server.log.use.memory = false (default)
2019-07-13 19:10:39,987 INFO  server.RaftServerConfigKeys (ConfUtils.java:logGet(43)) - raft.server.log.segment.cache.num.max = 2 (custom)
2019-07-13 19:10:39,987 INFO  server.RaftServerConfigKeys (ConfUtils.java:logGet(43)) - raft.server.log.purge.gap = 1000000000 (custom)
2019-07-13 19:10:39,987 INFO  segmented.SegmentedRaftLogWorker (SegmentedRaftLogWorker.java:<init>(172)) - new d19f59ae-42e2-4df8-8b68-6e798c673ac8-SegmentedRaftLogWorker:Storage Directory /tmp/workdir/hadoop-ozone/integration-test/target/test-dir/MiniOzoneClusterImpl-4e9110eb-ad8a-42ba-abdf-1de919b0d281/datanode-4/data/ratis/2bba5b46-0eae-4663-a5d5-af89bda5d7e3 for RaftStorage:Storage Directory /tmp/workdir/hadoop-ozone/integration-test/target/test-dir/MiniOzoneClusterImpl-4e9110eb-ad8a-42ba-abdf-1de919b0d281/datanode-4/data/ratis/2bba5b46-0eae-4663-a5d5-af89bda5d7e3
2019-07-13 19:10:39,987 INFO  server.RaftServerConfigKeys (ConfUtils.java:logGet(43)) - raft.server.log.purge.gap = 1000000000 (custom)
2019-07-13 19:10:39,987 INFO  server.RaftServerConfigKeys (ConfUtils.java:logGet(43)) - raft.server.log.queue.byte-limit = 2147483647 (custom)
2019-07-13 19:10:39,988 INFO  server.RaftServerConfigKeys (ConfUtils.java:logGet(43)) - raft.server.log.queue.element-limit = 1024 (custom)
2019-07-13 19:10:39,987 INFO  server.RaftServerConfigKeys (ConfUtils.java:logGet(43)) - raft.server.log.appender.buffer.byte-limit = 33554432 (custom)
2019-07-13 19:10:39,988 INFO  server.RaftServerConfigKeys (ConfUtils.java:logGet(43)) - raft.server.log.segment.size.max = 1048576 (custom)
2019-07-13 19:10:39,988 INFO  server.RaftServerConfigKeys (ConfUtils.java:logGet(43)) - raft.server.log.appender.buffer.byte-limit = 33554432 (custom)
2019-07-13 19:10:39,988 INFO  server.RaftServerConfigKeys (ConfUtils.java:logGet(43)) - raft.server.log.preallocated.size = 16384 (custom)
2019-07-13 19:10:39,988 INFO  server.RaftServerConfigKeys (ConfUtils.java:logGet(43)) - raft.server.log.segment.size.max = 1048576 (custom)
2019-07-13 19:10:39,989 INFO  server.RaftServerConfigKeys (ConfUtils.java:logGet(43)) - raft.server.log.write.buffer.size = 33554432 (custom)
2019-07-13 19:10:39,989 INFO  server.RaftServerConfigKeys (ConfUtils.java:logGet(43)) - raft.server.log.force.sync.num = 128 (default)
2019-07-13 19:10:39,988 INFO  server.RaftServerConfigKeys (ConfUtils.java:logGet(43)) - raft.server.log.segment.size.max = 1048576 (custom)
2019-07-13 19:10:39,989 INFO  server.RaftServerConfigKeys (ConfUtils.java:logGet(43)) - raft.server.log.statemachine.data.sync = true (default)
2019-07-13 19:10:39,989 INFO  server.RaftServerConfigKeys (ConfUtils.java:logGet(43)) - raft.server.log.statemachine.data.sync.timeout = 10s (default)
2019-07-13 19:10:39,989 INFO  server.RaftServerConfigKeys (ConfUtils.java:logGet(43)) - raft.server.log.segment.cache.num.max = 2 (custom)
2019-07-13 19:10:39,990 INFO  server.RaftServerConfigKeys (ConfUtils.java:logGet(43)) - raft.server.log.statemachine.data.sync.timeout.retry = -1 (default)
2019-07-13 19:10:39,989 INFO  server.RaftServerConfigKeys (ConfUtils.java:logGet(43)) - raft.server.log.segment.cache.num.max = 2 (custom)
2019-07-13 19:10:39,990 INFO  server.RaftServerConfigKeys (ConfUtils.java:logGet(43)) - raft.server.log.statemachine.data.caching.enabled = true (custom)
2019-07-13 19:10:39,990 INFO  segmented.SegmentedRaftLogWorker (SegmentedRaftLogWorker.java:<init>(172)) - new 01f061f4-8e05-4c56-97ab-46de16d1ed88-SegmentedRaftLogWorker:Storage Directory /tmp/workdir/hadoop-ozone/integration-test/target/test-dir/MiniOzoneClusterImpl-4e9110eb-ad8a-42ba-abdf-1de919b0d281/datanode-3/data/ratis/2bba5b46-0eae-4663-a5d5-af89bda5d7e3 for RaftStorage:Storage Directory /tmp/workdir/hadoop-ozone/integration-test/target/test-dir/MiniOzoneClusterImpl-4e9110eb-ad8a-42ba-abdf-1de919b0d281/datanode-3/data/ratis/2bba5b46-0eae-4663-a5d5-af89bda5d7e3
2019-07-13 19:10:39,990 INFO  segmented.SegmentedRaftLogWorker (SegmentedRaftLogWorker.java:<init>(172)) - new 4e0e021c-baec-4cf9-9bca-abbc447b3b25-SegmentedRaftLogWorker:Storage Directory /tmp/workdir/hadoop-ozone/integration-test/target/test-dir/MiniOzoneClusterImpl-4e9110eb-ad8a-42ba-abdf-1de919b0d281/datanode-5/data/ratis/2bba5b46-0eae-4663-a5d5-af89bda5d7e3 for RaftStorage:Storage Directory /tmp/workdir/hadoop-ozone/integration-test/target/test-dir/MiniOzoneClusterImpl-4e9110eb-ad8a-42ba-abdf-1de919b0d281/datanode-5/data/ratis/2bba5b46-0eae-4663-a5d5-af89bda5d7e3
2019-07-13 19:10:39,991 INFO  segmented.SegmentedRaftLogWorker (SegmentedRaftLogWorker.java:lambda$new$0(132)) - d19f59ae-42e2-4df8-8b68-6e798c673ac8-SegmentedRaftLogWorker:Storage Directory /tmp/workdir/hadoop-ozone/integration-test/target/test-dir/MiniOzoneClusterImpl-4e9110eb-ad8a-42ba-abdf-1de919b0d281/datanode-4/data/ratis/2bba5b46-0eae-4663-a5d5-af89bda5d7e3: flushIndex: setUnconditionally 0 -> -1
2019-07-13 19:10:39,991 INFO  server.RaftServerConfigKeys (ConfUtils.java:logGet(43)) - raft.server.log.queue.byte-limit = 2147483647 (custom)
2019-07-13 19:10:39,991 INFO  server.RaftServerConfigKeys (ConfUtils.java:logGet(43)) - raft.server.log.queue.byte-limit = 2147483647 (custom)
2019-07-13 19:10:39,991 INFO  server.RaftServerConfigKeys (ConfUtils.java:logGet(43)) - raft.server.snapshot.auto.trigger.enabled = true (custom)
2019-07-13 19:10:39,991 INFO  server.RaftServerConfigKeys (ConfUtils.java:logGet(43)) - raft.server.log.queue.element-limit = 1024 (custom)
2019-07-13 19:10:39,991 INFO  server.RaftServerConfigKeys (ConfUtils.java:logGet(43)) - raft.server.snapshot.auto.trigger.threshold = 10000 (custom)
2019-07-13 19:10:39,991 INFO  server.RaftServerConfigKeys (ConfUtils.java:logGet(43)) - raft.server.log.queue.element-limit = 1024 (custom)
2019-07-13 19:10:39,992 INFO  server.RaftServerConfigKeys (ConfUtils.java:logGet(43)) - raft.server.retrycache.expirytime = 600000ms (custom)
2019-07-13 19:10:39,992 INFO  server.RaftServerConfigKeys (ConfUtils.java:logGet(43)) - raft.server.log.segment.size.max = 1048576 (custom)
2019-07-13 19:10:39,992 INFO  impl.RaftServerImpl (RaftServerImpl.java:start(180)) - d19f59ae-42e2-4df8-8b68-6e798c673ac8: start group-AF89BDA5D7E3
2019-07-13 19:10:39,992 INFO  impl.RaftServerImpl (RaftServerImpl.java:setRole(171)) - d19f59ae-42e2-4df8-8b68-6e798c673ac8:group-AF89BDA5D7E3 changes role from null to FOLLOWER at term 0 for startAsFollower
2019-07-13 19:10:39,992 INFO  server.RaftServerConfigKeys (ConfUtils.java:logGet(43)) - raft.server.log.segment.size.max = 1048576 (custom)
2019-07-13 19:10:39,993 INFO  impl.RoleInfo (RoleInfo.java:updateAndGet(143)) - d19f59ae-42e2-4df8-8b68-6e798c673ac8: start FollowerState
2019-07-13 19:10:39,992 INFO  server.RaftServerConfigKeys (ConfUtils.java:logGet(43)) - raft.server.log.preallocated.size = 16384 (custom)
2019-07-13 19:10:39,993 INFO  server.RaftServerConfigKeys (ConfUtils.java:logGet(43)) - raft.server.log.preallocated.size = 16384 (custom)
2019-07-13 19:10:39,993 INFO  util.JmxRegister (JmxRegister.java:tryRegister(44)) - Successfully registered JMX Bean with object name Ratis:service=RaftServer,group=group-AF89BDA5D7E3,id=d19f59ae-42e2-4df8-8b68-6e798c673ac8
2019-07-13 19:10:39,993 INFO  server.RaftServerConfigKeys (ConfUtils.java:logGet(43)) - raft.server.log.write.buffer.size = 33554432 (custom)
2019-07-13 19:10:39,993 INFO  server.RaftServerConfigKeys (ConfUtils.java:logGet(43)) - raft.server.log.write.buffer.size = 33554432 (custom)
2019-07-13 19:10:39,993 INFO  server.RaftServerConfigKeys (ConfUtils.java:logGet(43)) - raft.server.log.force.sync.num = 128 (default)
2019-07-13 19:10:39,994 INFO  server.RaftServerConfigKeys (ConfUtils.java:logGet(43)) - raft.server.log.force.sync.num = 128 (default)
2019-07-13 19:10:39,994 INFO  server.RaftServerConfigKeys (ConfUtils.java:logGet(43)) - raft.server.log.statemachine.data.sync = true (default)
2019-07-13 19:10:39,994 INFO  server.RaftServerConfigKeys (ConfUtils.java:logGet(43)) - raft.server.log.statemachine.data.sync = true (default)
2019-07-13 19:10:39,994 INFO  server.RaftServerConfigKeys (ConfUtils.java:logGet(43)) - raft.server.log.statemachine.data.sync.timeout = 10s (default)
2019-07-13 19:10:39,994 INFO  server.RaftServerConfigKeys (ConfUtils.java:logGet(43)) - raft.server.log.statemachine.data.sync.timeout = 10s (default)
2019-07-13 19:10:39,994 INFO  server.RaftServerConfigKeys (ConfUtils.java:logGet(43)) - raft.server.log.statemachine.data.sync.timeout.retry = -1 (default)
2019-07-13 19:10:39,995 INFO  server.RaftServerConfigKeys (ConfUtils.java:logGet(43)) - raft.server.log.statemachine.data.sync.timeout.retry = -1 (default)
2019-07-13 19:10:39,995 INFO  server.RaftServerConfigKeys (ConfUtils.java:logGet(43)) - raft.server.log.statemachine.data.caching.enabled = true (custom)
2019-07-13 19:10:39,995 INFO  server.RaftServerConfigKeys (ConfUtils.java:logGet(43)) - raft.server.log.statemachine.data.caching.enabled = true (custom)
2019-07-13 19:10:39,995 INFO  segmented.SegmentedRaftLogWorker (SegmentedRaftLogWorker.java:lambda$new$0(132)) - 01f061f4-8e05-4c56-97ab-46de16d1ed88-SegmentedRaftLogWorker:Storage Directory /tmp/workdir/hadoop-ozone/integration-test/target/test-dir/MiniOzoneClusterImpl-4e9110eb-ad8a-42ba-abdf-1de919b0d281/datanode-3/data/ratis/2bba5b46-0eae-4663-a5d5-af89bda5d7e3: flushIndex: setUnconditionally 0 -> -1
2019-07-13 19:10:39,996 INFO  segmented.SegmentedRaftLogWorker (SegmentedRaftLogWorker.java:lambda$new$0(132)) - 4e0e021c-baec-4cf9-9bca-abbc447b3b25-SegmentedRaftLogWorker:Storage Directory /tmp/workdir/hadoop-ozone/integration-test/target/test-dir/MiniOzoneClusterImpl-4e9110eb-ad8a-42ba-abdf-1de919b0d281/datanode-5/data/ratis/2bba5b46-0eae-4663-a5d5-af89bda5d7e3: flushIndex: setUnconditionally 0 -> -1
2019-07-13 19:10:39,996 INFO  server.RaftServerConfigKeys (ConfUtils.java:logGet(43)) - raft.server.snapshot.auto.trigger.enabled = true (custom)
2019-07-13 19:10:39,996 INFO  server.RaftServerConfigKeys (ConfUtils.java:logGet(43)) - raft.server.snapshot.auto.trigger.enabled = true (custom)
2019-07-13 19:10:39,996 INFO  server.RaftServerConfigKeys (ConfUtils.java:logGet(43)) - raft.server.snapshot.auto.trigger.threshold = 10000 (custom)
2019-07-13 19:10:39,996 INFO  server.RaftServerConfigKeys (ConfUtils.java:logGet(43)) - raft.server.snapshot.auto.trigger.threshold = 10000 (custom)
2019-07-13 19:10:39,996 INFO  server.RaftServerConfigKeys (ConfUtils.java:logGet(43)) - raft.server.retrycache.expirytime = 600000ms (custom)
2019-07-13 19:10:39,997 INFO  server.RaftServerConfigKeys (ConfUtils.java:logGet(43)) - raft.server.retrycache.expirytime = 600000ms (custom)
2019-07-13 19:10:39,997 INFO  impl.RaftServerImpl (RaftServerImpl.java:start(180)) - 01f061f4-8e05-4c56-97ab-46de16d1ed88: start group-AF89BDA5D7E3
2019-07-13 19:10:39,997 INFO  impl.RaftServerImpl (RaftServerImpl.java:start(180)) - 4e0e021c-baec-4cf9-9bca-abbc447b3b25: start group-AF89BDA5D7E3
2019-07-13 19:10:39,997 INFO  impl.RaftServerImpl (RaftServerImpl.java:setRole(171)) - 01f061f4-8e05-4c56-97ab-46de16d1ed88:group-AF89BDA5D7E3 changes role from null to FOLLOWER at term 0 for startAsFollower
2019-07-13 19:10:39,997 INFO  impl.RaftServerImpl (RaftServerImpl.java:setRole(171)) - 4e0e021c-baec-4cf9-9bca-abbc447b3b25:group-AF89BDA5D7E3 changes role from null to FOLLOWER at term 0 for startAsFollower
2019-07-13 19:10:39,997 INFO  impl.RoleInfo (RoleInfo.java:updateAndGet(143)) - 01f061f4-8e05-4c56-97ab-46de16d1ed88: start FollowerState
2019-07-13 19:10:39,997 INFO  impl.RoleInfo (RoleInfo.java:updateAndGet(143)) - 4e0e021c-baec-4cf9-9bca-abbc447b3b25: start FollowerState
2019-07-13 19:10:39,998 INFO  util.JmxRegister (JmxRegister.java:tryRegister(44)) - Successfully registered JMX Bean with object name Ratis:service=RaftServer,group=group-AF89BDA5D7E3,id=01f061f4-8e05-4c56-97ab-46de16d1ed88
2019-07-13 19:10:39,998 INFO  util.JmxRegister (JmxRegister.java:tryRegister(44)) - Successfully registered JMX Bean with object name Ratis:service=RaftServer,group=group-AF89BDA5D7E3,id=4e0e021c-baec-4cf9-9bca-abbc447b3b25
2019-07-13 19:10:40,000 INFO  pipeline.PipelineStateManager (PipelineStateManager.java:addPipeline(56)) - Created pipeline Pipeline[ Id: 2bba5b46-0eae-4663-a5d5-af89bda5d7e3, Nodes: d19f59ae-42e2-4df8-8b68-6e798c673ac8{ip: 192.168.69.122, host: trunk-nightly-fxqsz-774976932, networkLocation: /default-rack, certSerialId: null}01f061f4-8e05-4c56-97ab-46de16d1ed88{ip: 192.168.69.122, host: trunk-nightly-fxqsz-774976932, networkLocation: /default-rack, certSerialId: null}4e0e021c-baec-4cf9-9bca-abbc447b3b25{ip: 192.168.69.122, host: trunk-nightly-fxqsz-774976932, networkLocation: /default-rack, certSerialId: null}, Type:RATIS, Factor:THREE, State:OPEN]
2019-07-13 19:10:40,843 INFO  ozone.MiniOzoneClusterImpl (MiniOzoneClusterImpl.java:lambda$waitForClusterToBeReady$0(142)) - Cluster is ready. Got 6 of 6 DN Heartbeats.
2019-07-13 19:10:40,888 INFO  rpc.RpcClient (RpcClient.java:createVolume(287)) - Creating Volume: datanodefailurehandlingtest, with jenkins1000 as owner.
2019-07-13 19:10:40,914 INFO  rpc.RpcClient (RpcClient.java:createBucket(424)) - Creating Bucket: datanodefailurehandlingtest/datanodefailurehandlingtest, with Versioning false and Storage Type set to DISK and Encryption set to false 
2019-07-13 19:10:40,979 INFO  client.GrpcClientProtocolClient (GrpcClientProtocolClient.java:onNext(255)) - client-B2C3D09A0A74->d92fd9b4-9a09-412f-89f4-a9cd00fb85be: receive RaftClientReply:client-B2C3D09A0A74->d92fd9b4-9a09-412f-89f4-a9cd00fb85be@group-92313D9D1579, cid=112, FAILED org.apache.ratis.protocol.NotLeaderException: Server d92fd9b4-9a09-412f-89f4-a9cd00fb85be is not the leader (null). Request must be sent to leader., logIndex=0, commits[d92fd9b4-9a09-412f-89f4-a9cd00fb85be:c-1]
2019-07-13 19:10:41,447 INFO  container.ReplicationManager (ReplicationManager.java:start(155)) - Starting Replication Monitor Thread.
2019-07-13 19:10:41,456 INFO  container.ReplicationManager (ReplicationManager.java:run(207)) - Replication Monitor Thread took 1 milliseconds for processing 1 containers.
2019-07-13 19:10:42,042 INFO  client.GrpcClientProtocolClient (GrpcClientProtocolClient.java:onNext(255)) - client-B2C3D09A0A74->87c5d8a8-f726-42e2-9770-a2af52013bda: receive RaftClientReply:client-B2C3D09A0A74->87c5d8a8-f726-42e2-9770-a2af52013bda@group-92313D9D1579, cid=112, FAILED org.apache.ratis.protocol.NotLeaderException: Server 87c5d8a8-f726-42e2-9770-a2af52013bda is not the leader (null). Request must be sent to leader., logIndex=0, commits[87c5d8a8-f726-42e2-9770-a2af52013bda:c-1]
2019-07-13 19:10:43,087 INFO  client.GrpcClientProtocolClient (GrpcClientProtocolClient.java:onNext(255)) - client-B2C3D09A0A74->b2834bdc-0b24-4552-85d4-88a911f4f023: receive RaftClientReply:client-B2C3D09A0A74->b2834bdc-0b24-4552-85d4-88a911f4f023@group-92313D9D1579, cid=112, FAILED org.apache.ratis.protocol.NotLeaderException: Server b2834bdc-0b24-4552-85d4-88a911f4f023 is not the leader (null). Request must be sent to leader., logIndex=0, commits[b2834bdc-0b24-4552-85d4-88a911f4f023:c-1]
2019-07-13 19:10:43,629 INFO  impl.FollowerState (FollowerState.java:run(106)) - d92fd9b4-9a09-412f-89f4-a9cd00fb85be:group-8E473BD148A3 changes to CANDIDATE, lastRpcTime:5093, electionTimeout:5093ms
2019-07-13 19:10:43,629 INFO  impl.RoleInfo (RoleInfo.java:shutdownFollowerState(121)) - d92fd9b4-9a09-412f-89f4-a9cd00fb85be: shutdown FollowerState
2019-07-13 19:10:43,629 INFO  impl.RaftServerImpl (RaftServerImpl.java:setRole(171)) - d92fd9b4-9a09-412f-89f4-a9cd00fb85be:group-8E473BD148A3 changes role from FOLLOWER to CANDIDATE at term 0 for changeToCandidate
2019-07-13 19:10:43,629 INFO  impl.RoleInfo (RoleInfo.java:updateAndGet(143)) - d92fd9b4-9a09-412f-89f4-a9cd00fb85be: start LeaderElection
2019-07-13 19:10:43,663 INFO  impl.LeaderElection (LeaderElection.java:askForVotes(181)) - d92fd9b4-9a09-412f-89f4-a9cd00fb85be:group-8E473BD148A3:LeaderElection57: begin an election at term 1 for -1: [d92fd9b4-9a09-412f-89f4-a9cd00fb85be:192.168.69.122:39437], old=null
2019-07-13 19:10:43,663 INFO  impl.RoleInfo (RoleInfo.java:shutdownLeaderElection(134)) - d92fd9b4-9a09-412f-89f4-a9cd00fb85be: shutdown LeaderElection
2019-07-13 19:10:43,663 INFO  impl.RaftServerImpl (RaftServerImpl.java:setRole(171)) - d92fd9b4-9a09-412f-89f4-a9cd00fb85be:group-8E473BD148A3 changes role from CANDIDATE to LEADER at term 1 for changeToLeader
2019-07-13 19:10:43,663 INFO  impl.RaftServerImpl (ServerState.java:setLeader(263)) - d92fd9b4-9a09-412f-89f4-a9cd00fb85be:group-8E473BD148A3 change Leader from null to d92fd9b4-9a09-412f-89f4-a9cd00fb85be at term 1 for becomeLeader, leader elected after 5133ms
2019-07-13 19:10:43,664 INFO  server.RaftServerConfigKeys (ConfUtils.java:logGet(43)) - raft.server.staging.catchup.gap = 1000 (default)
2019-07-13 19:10:43,664 INFO  server.RaftServerConfigKeys (ConfUtils.java:logGet(43)) - raft.server.rpc.sleep.time = 25ms (default)
2019-07-13 19:10:43,664 INFO  server.RaftServerConfigKeys (ConfUtils.java:logGet(43)) - raft.server.write.element-limit = 4096 (default)
2019-07-13 19:10:43,664 INFO  server.RaftServerConfigKeys (ConfUtils.java:logGet(43)) - raft.server.watch.timeout = 10s (default)
2019-07-13 19:10:43,664 INFO  server.RaftServerConfigKeys (ConfUtils.java:logGet(43)) - raft.server.watch.timeout.denomination = 1s (default)
2019-07-13 19:10:43,664 INFO  server.RaftServerConfigKeys (ConfUtils.java:logGet(43)) - raft.server.watch.element-limit = 65536 (default)
2019-07-13 19:10:43,665 INFO  impl.RoleInfo (RoleInfo.java:updateAndGet(143)) - d92fd9b4-9a09-412f-89f4-a9cd00fb85be: start LeaderState
2019-07-13 19:10:43,665 INFO  segmented.SegmentedRaftLogWorker (SegmentedRaftLogWorker.java:startLogSegment(380)) - d92fd9b4-9a09-412f-89f4-a9cd00fb85be-SegmentedRaftLogWorker:Storage Directory /tmp/workdir/hadoop-ozone/integration-test/target/test-dir/MiniOzoneClusterImpl-4e9110eb-ad8a-42ba-abdf-1de919b0d281/datanode-0/data/ratis/63ded2c9-b8aa-47bd-92cc-8e473bd148a3: Starting segment from index:0
2019-07-13 19:10:43,666 INFO  impl.RaftServerImpl (ServerState.java:setRaftConf(361)) - d92fd9b4-9a09-412f-89f4-a9cd00fb85be:group-8E473BD148A3 set configuration 0: [d92fd9b4-9a09-412f-89f4-a9cd00fb85be:192.168.69.122:39437], old=null at 0
2019-07-13 19:10:43,707 INFO  segmented.SegmentedRaftLogWorker (SegmentedRaftLogWorker.java:execute(569)) - d92fd9b4-9a09-412f-89f4-a9cd00fb85be-SegmentedRaftLogWorker:Storage Directory /tmp/workdir/hadoop-ozone/integration-test/target/test-dir/MiniOzoneClusterImpl-4e9110eb-ad8a-42ba-abdf-1de919b0d281/datanode-0/data/ratis/63ded2c9-b8aa-47bd-92cc-8e473bd148a3: created new log segment /tmp/workdir/hadoop-ozone/integration-test/target/test-dir/MiniOzoneClusterImpl-4e9110eb-ad8a-42ba-abdf-1de919b0d281/datanode-0/data/ratis/63ded2c9-b8aa-47bd-92cc-8e473bd148a3/current/log_inprogress_0
2019-07-13 19:10:43,861 INFO  impl.FollowerState (FollowerState.java:run(106)) - b2834bdc-0b24-4552-85d4-88a911f4f023:group-6B2253F898E3 changes to CANDIDATE, lastRpcTime:5140, electionTimeout:5140ms
2019-07-13 19:10:43,862 INFO  impl.RoleInfo (RoleInfo.java:shutdownFollowerState(121)) - b2834bdc-0b24-4552-85d4-88a911f4f023: shutdown FollowerState
2019-07-13 19:10:43,862 INFO  impl.RaftServerImpl (RaftServerImpl.java:setRole(171)) - b2834bdc-0b24-4552-85d4-88a911f4f023:group-6B2253F898E3 changes role from FOLLOWER to CANDIDATE at term 0 for changeToCandidate
2019-07-13 19:10:43,862 INFO  impl.RoleInfo (RoleInfo.java:updateAndGet(143)) - b2834bdc-0b24-4552-85d4-88a911f4f023: start LeaderElection
2019-07-13 19:10:43,895 INFO  impl.LeaderElection (LeaderElection.java:askForVotes(181)) - b2834bdc-0b24-4552-85d4-88a911f4f023:group-6B2253F898E3:LeaderElection58: begin an election at term 1 for -1: [b2834bdc-0b24-4552-85d4-88a911f4f023:192.168.69.122:44775], old=null
2019-07-13 19:10:43,895 INFO  impl.RoleInfo (RoleInfo.java:shutdownLeaderElection(134)) - b2834bdc-0b24-4552-85d4-88a911f4f023: shutdown LeaderElection
2019-07-13 19:10:43,895 INFO  impl.RaftServerImpl (RaftServerImpl.java:setRole(171)) - b2834bdc-0b24-4552-85d4-88a911f4f023:group-6B2253F898E3 changes role from CANDIDATE to LEADER at term 1 for changeToLeader
2019-07-13 19:10:43,895 INFO  impl.RaftServerImpl (ServerState.java:setLeader(263)) - b2834bdc-0b24-4552-85d4-88a911f4f023:group-6B2253F898E3 change Leader from null to b2834bdc-0b24-4552-85d4-88a911f4f023 at term 1 for becomeLeader, leader elected after 5179ms
2019-07-13 19:10:43,895 INFO  server.RaftServerConfigKeys (ConfUtils.java:logGet(43)) - raft.server.staging.catchup.gap = 1000 (default)
2019-07-13 19:10:43,896 INFO  server.RaftServerConfigKeys (ConfUtils.java:logGet(43)) - raft.server.rpc.sleep.time = 25ms (default)
2019-07-13 19:10:43,896 INFO  server.RaftServerConfigKeys (ConfUtils.java:logGet(43)) - raft.server.write.element-limit = 4096 (default)
2019-07-13 19:10:43,896 INFO  server.RaftServerConfigKeys (ConfUtils.java:logGet(43)) - raft.server.watch.timeout = 10s (default)
2019-07-13 19:10:43,896 INFO  server.RaftServerConfigKeys (ConfUtils.java:logGet(43)) - raft.server.watch.timeout.denomination = 1s (default)
2019-07-13 19:10:43,896 INFO  server.RaftServerConfigKeys (ConfUtils.java:logGet(43)) - raft.server.watch.element-limit = 65536 (default)
2019-07-13 19:10:43,896 INFO  impl.RoleInfo (RoleInfo.java:updateAndGet(143)) - b2834bdc-0b24-4552-85d4-88a911f4f023: start LeaderState
2019-07-13 19:10:43,897 INFO  segmented.SegmentedRaftLogWorker (SegmentedRaftLogWorker.java:startLogSegment(380)) - b2834bdc-0b24-4552-85d4-88a911f4f023-SegmentedRaftLogWorker:Storage Directory /tmp/workdir/hadoop-ozone/integration-test/target/test-dir/MiniOzoneClusterImpl-4e9110eb-ad8a-42ba-abdf-1de919b0d281/datanode-1/data/ratis/0acda718-7e83-423b-8e5a-6b2253f898e3: Starting segment from index:0
2019-07-13 19:10:43,897 INFO  impl.RaftServerImpl (ServerState.java:setRaftConf(361)) - b2834bdc-0b24-4552-85d4-88a911f4f023:group-6B2253F898E3 set configuration 0: [b2834bdc-0b24-4552-85d4-88a911f4f023:192.168.69.122:44775], old=null at 0
2019-07-13 19:10:43,928 INFO  segmented.SegmentedRaftLogWorker (SegmentedRaftLogWorker.java:execute(569)) - b2834bdc-0b24-4552-85d4-88a911f4f023-SegmentedRaftLogWorker:Storage Directory /tmp/workdir/hadoop-ozone/integration-test/target/test-dir/MiniOzoneClusterImpl-4e9110eb-ad8a-42ba-abdf-1de919b0d281/datanode-1/data/ratis/0acda718-7e83-423b-8e5a-6b2253f898e3: created new log segment /tmp/workdir/hadoop-ozone/integration-test/target/test-dir/MiniOzoneClusterImpl-4e9110eb-ad8a-42ba-abdf-1de919b0d281/datanode-1/data/ratis/0acda718-7e83-423b-8e5a-6b2253f898e3/current/log_inprogress_0
2019-07-13 19:10:43,990 INFO  impl.FollowerState (FollowerState.java:run(106)) - 87c5d8a8-f726-42e2-9770-a2af52013bda:group-058D6CC99C55 changes to CANDIDATE, lastRpcTime:5011, electionTimeout:5011ms
2019-07-13 19:10:43,990 INFO  impl.RoleInfo (RoleInfo.java:shutdownFollowerState(121)) - 87c5d8a8-f726-42e2-9770-a2af52013bda: shutdown FollowerState
2019-07-13 19:10:43,990 INFO  impl.RaftServerImpl (RaftServerImpl.java:setRole(171)) - 87c5d8a8-f726-42e2-9770-a2af52013bda:group-058D6CC99C55 changes role from FOLLOWER to CANDIDATE at term 0 for changeToCandidate
2019-07-13 19:10:43,990 INFO  impl.RoleInfo (RoleInfo.java:updateAndGet(143)) - 87c5d8a8-f726-42e2-9770-a2af52013bda: start LeaderElection
2019-07-13 19:10:44,023 INFO  impl.LeaderElection (LeaderElection.java:askForVotes(181)) - 87c5d8a8-f726-42e2-9770-a2af52013bda:group-058D6CC99C55:LeaderElection59: begin an election at term 1 for -1: [87c5d8a8-f726-42e2-9770-a2af52013bda:192.168.69.122:41190], old=null
2019-07-13 19:10:44,023 INFO  impl.RoleInfo (RoleInfo.java:shutdownLeaderElection(134)) - 87c5d8a8-f726-42e2-9770-a2af52013bda: shutdown LeaderElection
2019-07-13 19:10:44,024 INFO  impl.RaftServerImpl (RaftServerImpl.java:setRole(171)) - 87c5d8a8-f726-42e2-9770-a2af52013bda:group-058D6CC99C55 changes role from CANDIDATE to LEADER at term 1 for changeToLeader
2019-07-13 19:10:44,024 INFO  impl.RaftServerImpl (ServerState.java:setLeader(263)) - 87c5d8a8-f726-42e2-9770-a2af52013bda:group-058D6CC99C55 change Leader from null to 87c5d8a8-f726-42e2-9770-a2af52013bda at term 1 for becomeLeader, leader elected after 5050ms
2019-07-13 19:10:44,024 INFO  server.RaftServerConfigKeys (ConfUtils.java:logGet(43)) - raft.server.staging.catchup.gap = 1000 (default)
2019-07-13 19:10:44,024 INFO  server.RaftServerConfigKeys (ConfUtils.java:logGet(43)) - raft.server.rpc.sleep.time = 25ms (default)
2019-07-13 19:10:44,024 INFO  server.RaftServerConfigKeys (ConfUtils.java:logGet(43)) - raft.server.write.element-limit = 4096 (default)
2019-07-13 19:10:44,024 INFO  server.RaftServerConfigKeys (ConfUtils.java:logGet(43)) - raft.server.watch.timeout = 10s (default)
2019-07-13 19:10:44,024 INFO  server.RaftServerConfigKeys (ConfUtils.java:logGet(43)) - raft.server.watch.timeout.denomination = 1s (default)
2019-07-13 19:10:44,024 INFO  server.RaftServerConfigKeys (ConfUtils.java:logGet(43)) - raft.server.watch.element-limit = 65536 (default)
2019-07-13 19:10:44,025 INFO  impl.RoleInfo (RoleInfo.java:updateAndGet(143)) - 87c5d8a8-f726-42e2-9770-a2af52013bda: start LeaderState
2019-07-13 19:10:44,025 INFO  segmented.SegmentedRaftLogWorker (SegmentedRaftLogWorker.java:startLogSegment(380)) - 87c5d8a8-f726-42e2-9770-a2af52013bda-SegmentedRaftLogWorker:Storage Directory /tmp/workdir/hadoop-ozone/integration-test/target/test-dir/MiniOzoneClusterImpl-4e9110eb-ad8a-42ba-abdf-1de919b0d281/datanode-2/data/ratis/f88e6a67-146c-46a1-bbc0-058d6cc99c55: Starting segment from index:0
2019-07-13 19:10:44,025 INFO  impl.RaftServerImpl (ServerState.java:setRaftConf(361)) - 87c5d8a8-f726-42e2-9770-a2af52013bda:group-058D6CC99C55 set configuration 0: [87c5d8a8-f726-42e2-9770-a2af52013bda:192.168.69.122:41190], old=null at 0
2019-07-13 19:10:44,069 INFO  segmented.SegmentedRaftLogWorker (SegmentedRaftLogWorker.java:execute(569)) - 87c5d8a8-f726-42e2-9770-a2af52013bda-SegmentedRaftLogWorker:Storage Directory /tmp/workdir/hadoop-ozone/integration-test/target/test-dir/MiniOzoneClusterImpl-4e9110eb-ad8a-42ba-abdf-1de919b0d281/datanode-2/data/ratis/f88e6a67-146c-46a1-bbc0-058d6cc99c55: created new log segment /tmp/workdir/hadoop-ozone/integration-test/target/test-dir/MiniOzoneClusterImpl-4e9110eb-ad8a-42ba-abdf-1de919b0d281/datanode-2/data/ratis/f88e6a67-146c-46a1-bbc0-058d6cc99c55/current/log_inprogress_0
2019-07-13 19:10:44,110 INFO  impl.FollowerState (FollowerState.java:run(106)) - d92fd9b4-9a09-412f-89f4-a9cd00fb85be:group-92313D9D1579 changes to CANDIDATE, lastRpcTime:5004, electionTimeout:5004ms
2019-07-13 19:10:44,110 INFO  impl.RoleInfo (RoleInfo.java:shutdownFollowerState(121)) - d92fd9b4-9a09-412f-89f4-a9cd00fb85be: shutdown FollowerState
2019-07-13 19:10:44,110 INFO  impl.RaftServerImpl (RaftServerImpl.java:setRole(171)) - d92fd9b4-9a09-412f-89f4-a9cd00fb85be:group-92313D9D1579 changes role from FOLLOWER to CANDIDATE at term 0 for changeToCandidate
2019-07-13 19:10:44,110 INFO  impl.RoleInfo (RoleInfo.java:updateAndGet(143)) - d92fd9b4-9a09-412f-89f4-a9cd00fb85be: start LeaderElection
2019-07-13 19:10:44,120 INFO  impl.FollowerState (FollowerState.java:run(106)) - 87c5d8a8-f726-42e2-9770-a2af52013bda:group-92313D9D1579 changes to CANDIDATE, lastRpcTime:5019, electionTimeout:5017ms
2019-07-13 19:10:44,120 INFO  impl.RoleInfo (RoleInfo.java:shutdownFollowerState(121)) - 87c5d8a8-f726-42e2-9770-a2af52013bda: shutdown FollowerState
2019-07-13 19:10:44,120 INFO  impl.RaftServerImpl (RaftServerImpl.java:setRole(171)) - 87c5d8a8-f726-42e2-9770-a2af52013bda:group-92313D9D1579 changes role from FOLLOWER to CANDIDATE at term 0 for changeToCandidate
2019-07-13 19:10:44,121 INFO  impl.RoleInfo (RoleInfo.java:updateAndGet(143)) - 87c5d8a8-f726-42e2-9770-a2af52013bda: start LeaderElection
2019-07-13 19:10:44,143 INFO  client.GrpcClientProtocolClient (GrpcClientProtocolClient.java:onNext(255)) - client-B2C3D09A0A74->87c5d8a8-f726-42e2-9770-a2af52013bda: receive RaftClientReply:client-B2C3D09A0A74->87c5d8a8-f726-42e2-9770-a2af52013bda@group-92313D9D1579, cid=112, FAILED org.apache.ratis.protocol.NotLeaderException: Server 87c5d8a8-f726-42e2-9770-a2af52013bda is not the leader (null). Request must be sent to leader., logIndex=0, commits[87c5d8a8-f726-42e2-9770-a2af52013bda:c-1]
2019-07-13 19:10:44,159 INFO  impl.LeaderElection (LeaderElection.java:askForVotes(181)) - d92fd9b4-9a09-412f-89f4-a9cd00fb85be:group-92313D9D1579:LeaderElection60: begin an election at term 1 for -1: [b2834bdc-0b24-4552-85d4-88a911f4f023:192.168.69.122:44775, 87c5d8a8-f726-42e2-9770-a2af52013bda:192.168.69.122:41190, d92fd9b4-9a09-412f-89f4-a9cd00fb85be:192.168.69.122:39437], old=null
2019-07-13 19:10:44,159 INFO  impl.LeaderElection (LeaderElection.java:askForVotes(181)) - 87c5d8a8-f726-42e2-9770-a2af52013bda:group-92313D9D1579:LeaderElection61: begin an election at term 1 for -1: [b2834bdc-0b24-4552-85d4-88a911f4f023:192.168.69.122:44775, 87c5d8a8-f726-42e2-9770-a2af52013bda:192.168.69.122:41190, d92fd9b4-9a09-412f-89f4-a9cd00fb85be:192.168.69.122:39437], old=null
2019-07-13 19:10:44,169 INFO  impl.RaftServerImpl (RaftServerImpl.java:setRole(171)) - b2834bdc-0b24-4552-85d4-88a911f4f023:group-92313D9D1579 changes role from FOLLOWER to FOLLOWER at term 1 for recognizeCandidate:d92fd9b4-9a09-412f-89f4-a9cd00fb85be
2019-07-13 19:10:44,177 INFO  impl.RoleInfo (RoleInfo.java:shutdownFollowerState(121)) - b2834bdc-0b24-4552-85d4-88a911f4f023: shutdown FollowerState
2019-07-13 19:10:44,177 INFO  impl.RoleInfo (RoleInfo.java:updateAndGet(143)) - b2834bdc-0b24-4552-85d4-88a911f4f023: start FollowerState
2019-07-13 19:10:44,177 INFO  impl.FollowerState (FollowerState.java:run(114)) - b2834bdc-0b24-4552-85d4-88a911f4f023: FollowerState was interrupted: java.lang.InterruptedException: sleep interrupted
2019-07-13 19:10:44,200 INFO  impl.LeaderElection (LeaderElection.java:logAndReturn(56)) - d92fd9b4-9a09-412f-89f4-a9cd00fb85be:group-92313D9D1579:LeaderElection60: Election PASSED; received 2 response(s) [d92fd9b4-9a09-412f-89f4-a9cd00fb85be<-b2834bdc-0b24-4552-85d4-88a911f4f023#0:OK-t1, d92fd9b4-9a09-412f-89f4-a9cd00fb85be<-87c5d8a8-f726-42e2-9770-a2af52013bda#0:FAIL-t1] and 0 exception(s); d92fd9b4-9a09-412f-89f4-a9cd00fb85be:t1, leader=null, voted=d92fd9b4-9a09-412f-89f4-a9cd00fb85be, raftlog=d92fd9b4-9a09-412f-89f4-a9cd00fb85be-SegmentedRaftLog:OPENED:c-1,f-1,i0, conf=-1: [b2834bdc-0b24-4552-85d4-88a911f4f023:192.168.69.122:44775, 87c5d8a8-f726-42e2-9770-a2af52013bda:192.168.69.122:41190, d92fd9b4-9a09-412f-89f4-a9cd00fb85be:192.168.69.122:39437], old=null
2019-07-13 19:10:44,200 INFO  impl.LeaderElection (LeaderElection.java:logAndReturn(56)) - 87c5d8a8-f726-42e2-9770-a2af52013bda:group-92313D9D1579:LeaderElection61: Election REJECTED; received 2 response(s) [87c5d8a8-f726-42e2-9770-a2af52013bda<-b2834bdc-0b24-4552-85d4-88a911f4f023#0:FAIL-t1, 87c5d8a8-f726-42e2-9770-a2af52013bda<-d92fd9b4-9a09-412f-89f4-a9cd00fb85be#0:FAIL-t1] and 0 exception(s); 87c5d8a8-f726-42e2-9770-a2af52013bda:t1, leader=null, voted=87c5d8a8-f726-42e2-9770-a2af52013bda, raftlog=87c5d8a8-f726-42e2-9770-a2af52013bda-SegmentedRaftLog:OPENED:c-1,f-1,i0, conf=-1: [b2834bdc-0b24-4552-85d4-88a911f4f023:192.168.69.122:44775, 87c5d8a8-f726-42e2-9770-a2af52013bda:192.168.69.122:41190, d92fd9b4-9a09-412f-89f4-a9cd00fb85be:192.168.69.122:39437], old=null
2019-07-13 19:10:44,200 INFO  impl.RoleInfo (RoleInfo.java:shutdownLeaderElection(134)) - d92fd9b4-9a09-412f-89f4-a9cd00fb85be: shutdown LeaderElection
2019-07-13 19:10:44,200 INFO  impl.RaftServerImpl (RaftServerImpl.java:setRole(171)) - 87c5d8a8-f726-42e2-9770-a2af52013bda:group-92313D9D1579 changes role from CANDIDATE to FOLLOWER at term 1 for DISCOVERED_A_NEW_TERM
2019-07-13 19:10:44,200 INFO  impl.RaftServerImpl (RaftServerImpl.java:setRole(171)) - d92fd9b4-9a09-412f-89f4-a9cd00fb85be:group-92313D9D1579 changes role from CANDIDATE to LEADER at term 1 for changeToLeader
2019-07-13 19:10:44,201 INFO  impl.RoleInfo (RoleInfo.java:shutdownLeaderElection(134)) - 87c5d8a8-f726-42e2-9770-a2af52013bda: shutdown LeaderElection
2019-07-13 19:10:44,201 INFO  impl.RaftServerImpl (ServerState.java:setLeader(263)) - d92fd9b4-9a09-412f-89f4-a9cd00fb85be:group-92313D9D1579 change Leader from null to d92fd9b4-9a09-412f-89f4-a9cd00fb85be at term 1 for becomeLeader, leader elected after 5107ms
2019-07-13 19:10:44,201 INFO  impl.RoleInfo (RoleInfo.java:updateAndGet(143)) - 87c5d8a8-f726-42e2-9770-a2af52013bda: start FollowerState
2019-07-13 19:10:44,201 INFO  server.RaftServerConfigKeys (ConfUtils.java:logGet(43)) - raft.server.staging.catchup.gap = 1000 (default)
2019-07-13 19:10:44,201 INFO  server.RaftServerConfigKeys (ConfUtils.java:logGet(43)) - raft.server.rpc.sleep.time = 25ms (default)
2019-07-13 19:10:44,201 INFO  server.RaftServerConfigKeys (ConfUtils.java:logGet(43)) - raft.server.write.element-limit = 4096 (default)
2019-07-13 19:10:44,202 INFO  server.RaftServerConfigKeys (ConfUtils.java:logGet(43)) - raft.server.watch.timeout = 10s (default)
2019-07-13 19:10:44,202 INFO  server.RaftServerConfigKeys (ConfUtils.java:logGet(43)) - raft.server.watch.timeout.denomination = 1s (default)
2019-07-13 19:10:44,202 INFO  server.RaftServerConfigKeys (ConfUtils.java:logGet(43)) - raft.server.watch.element-limit = 65536 (default)
2019-07-13 19:10:44,202 INFO  server.RaftServerConfigKeys (ConfUtils.java:logGet(43)) - raft.server.log.appender.snapshot.chunk.size.max = 16MB (=16777216) (default)
2019-07-13 19:10:44,202 INFO  server.RaftServerConfigKeys (ConfUtils.java:logGet(43)) - raft.server.log.appender.buffer.byte-limit = 33554432 (custom)
2019-07-13 19:10:44,203 INFO  server.RaftServerConfigKeys (ConfUtils.java:logGet(43)) - raft.server.log.appender.buffer.element-limit = 1 (custom)
2019-07-13 19:10:44,203 INFO  grpc.GrpcConfigKeys$Server (ConfUtils.java:logGet(43)) - raft.grpc.server.leader.outstanding.appends.max = 128 (default)
2019-07-13 19:10:44,203 INFO  server.RaftServerConfigKeys (ConfUtils.java:logGet(43)) - raft.server.rpc.request.timeout = 3000ms (default)
2019-07-13 19:10:44,203 INFO  server.RaftServerConfigKeys (ConfUtils.java:logGet(43)) - raft.server.log.appender.install.snapshot.enabled = false (custom)
2019-07-13 19:10:44,203 INFO  server.RaftServerConfigKeys (ConfUtils.java:logGet(43)) - raft.server.log.appender.snapshot.chunk.size.max = 16MB (=16777216) (default)
2019-07-13 19:10:44,204 INFO  server.RaftServerConfigKeys (ConfUtils.java:logGet(43)) - raft.server.log.appender.buffer.byte-limit = 33554432 (custom)
2019-07-13 19:10:44,204 INFO  server.RaftServerConfigKeys (ConfUtils.java:logGet(43)) - raft.server.log.appender.buffer.element-limit = 1 (custom)
2019-07-13 19:10:44,204 INFO  grpc.GrpcConfigKeys$Server (ConfUtils.java:logGet(43)) - raft.grpc.server.leader.outstanding.appends.max = 128 (default)
2019-07-13 19:10:44,204 INFO  server.RaftServerConfigKeys (ConfUtils.java:logGet(43)) - raft.server.rpc.request.timeout = 3000ms (default)
2019-07-13 19:10:44,204 INFO  server.RaftServerConfigKeys (ConfUtils.java:logGet(43)) - raft.server.log.appender.install.snapshot.enabled = false (custom)
2019-07-13 19:10:44,205 INFO  impl.RoleInfo (RoleInfo.java:updateAndGet(143)) - d92fd9b4-9a09-412f-89f4-a9cd00fb85be: start LeaderState
2019-07-13 19:10:44,205 INFO  segmented.SegmentedRaftLogWorker (SegmentedRaftLogWorker.java:startLogSegment(380)) - d92fd9b4-9a09-412f-89f4-a9cd00fb85be-SegmentedRaftLogWorker:Storage Directory /tmp/workdir/hadoop-ozone/integration-test/target/test-dir/MiniOzoneClusterImpl-4e9110eb-ad8a-42ba-abdf-1de919b0d281/datanode-0/data/ratis/540f42b0-e9a2-45f2-baaa-92313d9d1579: Starting segment from index:0
2019-07-13 19:10:44,206 INFO  impl.RaftServerImpl (ServerState.java:setRaftConf(361)) - d92fd9b4-9a09-412f-89f4-a9cd00fb85be:group-92313D9D1579 set configuration 0: [b2834bdc-0b24-4552-85d4-88a911f4f023:192.168.69.122:44775, 87c5d8a8-f726-42e2-9770-a2af52013bda:192.168.69.122:41190, d92fd9b4-9a09-412f-89f4-a9cd00fb85be:192.168.69.122:39437], old=null at 0
2019-07-13 19:10:44,207 INFO  impl.RaftServerImpl (ServerState.java:setLeader(263)) - 87c5d8a8-f726-42e2-9770-a2af52013bda:group-92313D9D1579 change Leader from null to d92fd9b4-9a09-412f-89f4-a9cd00fb85be at term 1 for appendEntries, leader elected after 5114ms
2019-07-13 19:10:44,207 INFO  impl.RaftServerImpl (ServerState.java:setLeader(263)) - b2834bdc-0b24-4552-85d4-88a911f4f023:group-92313D9D1579 change Leader from null to d92fd9b4-9a09-412f-89f4-a9cd00fb85be at term 1 for appendEntries, leader elected after 5113ms
2019-07-13 19:10:44,213 INFO  impl.RaftServerImpl (ServerState.java:setRaftConf(361)) - b2834bdc-0b24-4552-85d4-88a911f4f023:group-92313D9D1579 set configuration 0: [b2834bdc-0b24-4552-85d4-88a911f4f023:192.168.69.122:44775, 87c5d8a8-f726-42e2-9770-a2af52013bda:192.168.69.122:41190, d92fd9b4-9a09-412f-89f4-a9cd00fb85be:192.168.69.122:39437], old=null at 0
2019-07-13 19:10:44,213 INFO  impl.RaftServerImpl (ServerState.java:setRaftConf(361)) - 87c5d8a8-f726-42e2-9770-a2af52013bda:group-92313D9D1579 set configuration 0: [b2834bdc-0b24-4552-85d4-88a911f4f023:192.168.69.122:44775, 87c5d8a8-f726-42e2-9770-a2af52013bda:192.168.69.122:41190, d92fd9b4-9a09-412f-89f4-a9cd00fb85be:192.168.69.122:39437], old=null at 0
2019-07-13 19:10:44,213 INFO  segmented.SegmentedRaftLogWorker (SegmentedRaftLogWorker.java:startLogSegment(380)) - b2834bdc-0b24-4552-85d4-88a911f4f023-SegmentedRaftLogWorker:Storage Directory /tmp/workdir/hadoop-ozone/integration-test/target/test-dir/MiniOzoneClusterImpl-4e9110eb-ad8a-42ba-abdf-1de919b0d281/datanode-1/data/ratis/540f42b0-e9a2-45f2-baaa-92313d9d1579: Starting segment from index:0
2019-07-13 19:10:44,213 INFO  segmented.SegmentedRaftLogWorker (SegmentedRaftLogWorker.java:startLogSegment(380)) - 87c5d8a8-f726-42e2-9770-a2af52013bda-SegmentedRaftLogWorker:Storage Directory /tmp/workdir/hadoop-ozone/integration-test/target/test-dir/MiniOzoneClusterImpl-4e9110eb-ad8a-42ba-abdf-1de919b0d281/datanode-2/data/ratis/540f42b0-e9a2-45f2-baaa-92313d9d1579: Starting segment from index:0
2019-07-13 19:10:44,230 INFO  segmented.SegmentedRaftLogWorker (SegmentedRaftLogWorker.java:execute(569)) - d92fd9b4-9a09-412f-89f4-a9cd00fb85be-SegmentedRaftLogWorker:Storage Directory /tmp/workdir/hadoop-ozone/integration-test/target/test-dir/MiniOzoneClusterImpl-4e9110eb-ad8a-42ba-abdf-1de919b0d281/datanode-0/data/ratis/540f42b0-e9a2-45f2-baaa-92313d9d1579: created new log segment /tmp/workdir/hadoop-ozone/integration-test/target/test-dir/MiniOzoneClusterImpl-4e9110eb-ad8a-42ba-abdf-1de919b0d281/datanode-0/data/ratis/540f42b0-e9a2-45f2-baaa-92313d9d1579/current/log_inprogress_0
2019-07-13 19:10:44,255 INFO  segmented.SegmentedRaftLogWorker (SegmentedRaftLogWorker.java:execute(569)) - b2834bdc-0b24-4552-85d4-88a911f4f023-SegmentedRaftLogWorker:Storage Directory /tmp/workdir/hadoop-ozone/integration-test/target/test-dir/MiniOzoneClusterImpl-4e9110eb-ad8a-42ba-abdf-1de919b0d281/datanode-1/data/ratis/540f42b0-e9a2-45f2-baaa-92313d9d1579: created new log segment /tmp/workdir/hadoop-ozone/integration-test/target/test-dir/MiniOzoneClusterImpl-4e9110eb-ad8a-42ba-abdf-1de919b0d281/datanode-1/data/ratis/540f42b0-e9a2-45f2-baaa-92313d9d1579/current/log_inprogress_0
2019-07-13 19:10:44,255 INFO  segmented.SegmentedRaftLogWorker (SegmentedRaftLogWorker.java:execute(569)) - 87c5d8a8-f726-42e2-9770-a2af52013bda-SegmentedRaftLogWorker:Storage Directory /tmp/workdir/hadoop-ozone/integration-test/target/test-dir/MiniOzoneClusterImpl-4e9110eb-ad8a-42ba-abdf-1de919b0d281/datanode-2/data/ratis/540f42b0-e9a2-45f2-baaa-92313d9d1579: created new log segment /tmp/workdir/hadoop-ozone/integration-test/target/test-dir/MiniOzoneClusterImpl-4e9110eb-ad8a-42ba-abdf-1de919b0d281/datanode-2/data/ratis/540f42b0-e9a2-45f2-baaa-92313d9d1579/current/log_inprogress_0
2019-07-13 19:10:44,560 INFO  impl.FollowerState (FollowerState.java:run(106)) - 01f061f4-8e05-4c56-97ab-46de16d1ed88:group-F13B96625921 changes to CANDIDATE, lastRpcTime:5037, electionTimeout:5037ms
2019-07-13 19:10:44,560 INFO  impl.RoleInfo (RoleInfo.java:shutdownFollowerState(121)) - 01f061f4-8e05-4c56-97ab-46de16d1ed88: shutdown FollowerState
2019-07-13 19:10:44,560 INFO  impl.RaftServerImpl (RaftServerImpl.java:setRole(171)) - 01f061f4-8e05-4c56-97ab-46de16d1ed88:group-F13B96625921 changes role from FOLLOWER to CANDIDATE at term 0 for changeToCandidate
2019-07-13 19:10:44,561 INFO  impl.RoleInfo (RoleInfo.java:updateAndGet(143)) - 01f061f4-8e05-4c56-97ab-46de16d1ed88: start LeaderElection
2019-07-13 19:10:44,604 INFO  impl.LeaderElection (LeaderElection.java:askForVotes(181)) - 01f061f4-8e05-4c56-97ab-46de16d1ed88:group-F13B96625921:LeaderElection62: begin an election at term 1 for -1: [01f061f4-8e05-4c56-97ab-46de16d1ed88:192.168.69.122:44830], old=null
2019-07-13 19:10:44,605 INFO  impl.RoleInfo (RoleInfo.java:shutdownLeaderElection(134)) - 01f061f4-8e05-4c56-97ab-46de16d1ed88: shutdown LeaderElection
2019-07-13 19:10:44,605 INFO  impl.RaftServerImpl (RaftServerImpl.java:setRole(171)) - 01f061f4-8e05-4c56-97ab-46de16d1ed88:group-F13B96625921 changes role from CANDIDATE to LEADER at term 1 for changeToLeader
2019-07-13 19:10:44,605 INFO  impl.RaftServerImpl (ServerState.java:setLeader(263)) - 01f061f4-8e05-4c56-97ab-46de16d1ed88:group-F13B96625921 change Leader from null to 01f061f4-8e05-4c56-97ab-46de16d1ed88 at term 1 for becomeLeader, leader elected after 5086ms
2019-07-13 19:10:44,605 INFO  server.RaftServerConfigKeys (ConfUtils.java:logGet(43)) - raft.server.staging.catchup.gap = 1000 (default)
2019-07-13 19:10:44,605 INFO  server.RaftServerConfigKeys (ConfUtils.java:logGet(43)) - raft.server.rpc.sleep.time = 25ms (default)
2019-07-13 19:10:44,605 INFO  server.RaftServerConfigKeys (ConfUtils.java:logGet(43)) - raft.server.write.element-limit = 4096 (default)
2019-07-13 19:10:44,606 INFO  server.RaftServerConfigKeys (ConfUtils.java:logGet(43)) - raft.server.watch.timeout = 10s (default)
2019-07-13 19:10:44,606 INFO  server.RaftServerConfigKeys (ConfUtils.java:logGet(43)) - raft.server.watch.timeout.denomination = 1s (default)
2019-07-13 19:10:44,606 INFO  server.RaftServerConfigKeys (ConfUtils.java:logGet(43)) - raft.server.watch.element-limit = 65536 (default)
2019-07-13 19:10:44,606 INFO  impl.RoleInfo (RoleInfo.java:updateAndGet(143)) - 01f061f4-8e05-4c56-97ab-46de16d1ed88: start LeaderState
2019-07-13 19:10:44,606 INFO  segmented.SegmentedRaftLogWorker (SegmentedRaftLogWorker.java:startLogSegment(380)) - 01f061f4-8e05-4c56-97ab-46de16d1ed88-SegmentedRaftLogWorker:Storage Directory /tmp/workdir/hadoop-ozone/integration-test/target/test-dir/MiniOzoneClusterImpl-4e9110eb-ad8a-42ba-abdf-1de919b0d281/datanode-3/data/ratis/a524f8e2-51ee-48e0-8c13-f13b96625921: Starting segment from index:0
2019-07-13 19:10:44,607 INFO  impl.RaftServerImpl (ServerState.java:setRaftConf(361)) - 01f061f4-8e05-4c56-97ab-46de16d1ed88:group-F13B96625921 set configuration 0: [01f061f4-8e05-4c56-97ab-46de16d1ed88:192.168.69.122:44830], old=null at 0
2019-07-13 19:10:44,649 INFO  segmented.SegmentedRaftLogWorker (SegmentedRaftLogWorker.java:execute(569)) - 01f061f4-8e05-4c56-97ab-46de16d1ed88-SegmentedRaftLogWorker:Storage Directory /tmp/workdir/hadoop-ozone/integration-test/target/test-dir/MiniOzoneClusterImpl-4e9110eb-ad8a-42ba-abdf-1de919b0d281/datanode-3/data/ratis/a524f8e2-51ee-48e0-8c13-f13b96625921: created new log segment /tmp/workdir/hadoop-ozone/integration-test/target/test-dir/MiniOzoneClusterImpl-4e9110eb-ad8a-42ba-abdf-1de919b0d281/datanode-3/data/ratis/a524f8e2-51ee-48e0-8c13-f13b96625921/current/log_inprogress_0
2019-07-13 19:10:44,861 INFO  impl.FollowerState (FollowerState.java:run(106)) - d19f59ae-42e2-4df8-8b68-6e798c673ac8:group-4E5801F7CE33 changes to CANDIDATE, lastRpcTime:5137, electionTimeout:5137ms
2019-07-13 19:10:44,861 INFO  impl.RoleInfo (RoleInfo.java:shutdownFollowerState(121)) - d19f59ae-42e2-4df8-8b68-6e798c673ac8: shutdown FollowerState
2019-07-13 19:10:44,861 INFO  impl.RaftServerImpl (RaftServerImpl.java:setRole(171)) - d19f59ae-42e2-4df8-8b68-6e798c673ac8:group-4E5801F7CE33 changes role from FOLLOWER to CANDIDATE at term 0 for changeToCandidate
2019-07-13 19:10:44,861 INFO  impl.RoleInfo (RoleInfo.java:updateAndGet(143)) - d19f59ae-42e2-4df8-8b68-6e798c673ac8: start LeaderElection
2019-07-13 19:10:44,909 INFO  impl.LeaderElection (LeaderElection.java:askForVotes(181)) - d19f59ae-42e2-4df8-8b68-6e798c673ac8:group-4E5801F7CE33:LeaderElection63: begin an election at term 1 for -1: [d19f59ae-42e2-4df8-8b68-6e798c673ac8:192.168.69.122:45548], old=null
2019-07-13 19:10:44,909 INFO  impl.RoleInfo (RoleInfo.java:shutdownLeaderElection(134)) - d19f59ae-42e2-4df8-8b68-6e798c673ac8: shutdown LeaderElection
2019-07-13 19:10:44,909 INFO  impl.RaftServerImpl (RaftServerImpl.java:setRole(171)) - d19f59ae-42e2-4df8-8b68-6e798c673ac8:group-4E5801F7CE33 changes role from CANDIDATE to LEADER at term 1 for changeToLeader
2019-07-13 19:10:44,909 INFO  impl.RaftServerImpl (ServerState.java:setLeader(263)) - d19f59ae-42e2-4df8-8b68-6e798c673ac8:group-4E5801F7CE33 change Leader from null to d19f59ae-42e2-4df8-8b68-6e798c673ac8 at term 1 for becomeLeader, leader elected after 5189ms
2019-07-13 19:10:44,909 INFO  server.RaftServerConfigKeys (ConfUtils.java:logGet(43)) - raft.server.staging.catchup.gap = 1000 (default)
2019-07-13 19:10:44,909 INFO  server.RaftServerConfigKeys (ConfUtils.java:logGet(43)) - raft.server.rpc.sleep.time = 25ms (default)
2019-07-13 19:10:44,910 INFO  server.RaftServerConfigKeys (ConfUtils.java:logGet(43)) - raft.server.write.element-limit = 4096 (default)
2019-07-13 19:10:44,910 INFO  server.RaftServerConfigKeys (ConfUtils.java:logGet(43)) - raft.server.watch.timeout = 10s (default)
2019-07-13 19:10:44,910 INFO  server.RaftServerConfigKeys (ConfUtils.java:logGet(43)) - raft.server.watch.timeout.denomination = 1s (default)
2019-07-13 19:10:44,910 INFO  server.RaftServerConfigKeys (ConfUtils.java:logGet(43)) - raft.server.watch.element-limit = 65536 (default)
2019-07-13 19:10:44,910 INFO  impl.RoleInfo (RoleInfo.java:updateAndGet(143)) - d19f59ae-42e2-4df8-8b68-6e798c673ac8: start LeaderState
2019-07-13 19:10:44,910 INFO  segmented.SegmentedRaftLogWorker (SegmentedRaftLogWorker.java:startLogSegment(380)) - d19f59ae-42e2-4df8-8b68-6e798c673ac8-SegmentedRaftLogWorker:Storage Directory /tmp/workdir/hadoop-ozone/integration-test/target/test-dir/MiniOzoneClusterImpl-4e9110eb-ad8a-42ba-abdf-1de919b0d281/datanode-4/data/ratis/416afe48-1757-40f7-8a10-4e5801f7ce33: Starting segment from index:0
2019-07-13 19:10:44,911 INFO  impl.RaftServerImpl (ServerState.java:setRaftConf(361)) - d19f59ae-42e2-4df8-8b68-6e798c673ac8:group-4E5801F7CE33 set configuration 0: [d19f59ae-42e2-4df8-8b68-6e798c673ac8:192.168.69.122:45548], old=null at 0
2019-07-13 19:10:44,954 INFO  segmented.SegmentedRaftLogWorker (SegmentedRaftLogWorker.java:execute(569)) - d19f59ae-42e2-4df8-8b68-6e798c673ac8-SegmentedRaftLogWorker:Storage Directory /tmp/workdir/hadoop-ozone/integration-test/target/test-dir/MiniOzoneClusterImpl-4e9110eb-ad8a-42ba-abdf-1de919b0d281/datanode-4/data/ratis/416afe48-1757-40f7-8a10-4e5801f7ce33: created new log segment /tmp/workdir/hadoop-ozone/integration-test/target/test-dir/MiniOzoneClusterImpl-4e9110eb-ad8a-42ba-abdf-1de919b0d281/datanode-4/data/ratis/416afe48-1757-40f7-8a10-4e5801f7ce33/current/log_inprogress_0
2019-07-13 19:10:44,979 INFO  impl.FollowerState (FollowerState.java:run(106)) - 4e0e021c-baec-4cf9-9bca-abbc447b3b25:group-CB8D6F3D7AB1 changes to CANDIDATE, lastRpcTime:5079, electionTimeout:5079ms
2019-07-13 19:10:44,979 INFO  impl.RoleInfo (RoleInfo.java:shutdownFollowerState(121)) - 4e0e021c-baec-4cf9-9bca-abbc447b3b25: shutdown FollowerState
2019-07-13 19:10:44,979 INFO  impl.RaftServerImpl (RaftServerImpl.java:setRole(171)) - 4e0e021c-baec-4cf9-9bca-abbc447b3b25:group-CB8D6F3D7AB1 changes role from FOLLOWER to CANDIDATE at term 0 for changeToCandidate
2019-07-13 19:10:44,979 INFO  impl.RoleInfo (RoleInfo.java:updateAndGet(143)) - 4e0e021c-baec-4cf9-9bca-abbc447b3b25: start LeaderElection
2019-07-13 19:10:45,011 INFO  impl.LeaderElection (LeaderElection.java:askForVotes(181)) - 4e0e021c-baec-4cf9-9bca-abbc447b3b25:group-CB8D6F3D7AB1:LeaderElection64: begin an election at term 1 for -1: [4e0e021c-baec-4cf9-9bca-abbc447b3b25:192.168.69.122:37274], old=null
2019-07-13 19:10:45,011 INFO  impl.RoleInfo (RoleInfo.java:shutdownLeaderElection(134)) - 4e0e021c-baec-4cf9-9bca-abbc447b3b25: shutdown LeaderElection
2019-07-13 19:10:45,011 INFO  impl.RaftServerImpl (RaftServerImpl.java:setRole(171)) - 4e0e021c-baec-4cf9-9bca-abbc447b3b25:group-CB8D6F3D7AB1 changes role from CANDIDATE to LEADER at term 1 for changeToLeader
2019-07-13 19:10:45,011 INFO  impl.RaftServerImpl (ServerState.java:setLeader(263)) - 4e0e021c-baec-4cf9-9bca-abbc447b3b25:group-CB8D6F3D7AB1 change Leader from null to 4e0e021c-baec-4cf9-9bca-abbc447b3b25 at term 1 for becomeLeader, leader elected after 5115ms
2019-07-13 19:10:45,011 INFO  server.RaftServerConfigKeys (ConfUtils.java:logGet(43)) - raft.server.staging.catchup.gap = 1000 (default)
2019-07-13 19:10:45,011 INFO  server.RaftServerConfigKeys (ConfUtils.java:logGet(43)) - raft.server.rpc.sleep.time = 25ms (default)
2019-07-13 19:10:45,012 INFO  server.RaftServerConfigKeys (ConfUtils.java:logGet(43)) - raft.server.write.element-limit = 4096 (default)
2019-07-13 19:10:45,012 INFO  server.RaftServerConfigKeys (ConfUtils.java:logGet(43)) - raft.server.watch.timeout = 10s (default)
2019-07-13 19:10:45,012 INFO  server.RaftServerConfigKeys (ConfUtils.java:logGet(43)) - raft.server.watch.timeout.denomination = 1s (default)
2019-07-13 19:10:45,012 INFO  server.RaftServerConfigKeys (ConfUtils.java:logGet(43)) - raft.server.watch.element-limit = 65536 (default)
2019-07-13 19:10:45,012 INFO  impl.RoleInfo (RoleInfo.java:updateAndGet(143)) - 4e0e021c-baec-4cf9-9bca-abbc447b3b25: start LeaderState
2019-07-13 19:10:45,012 INFO  segmented.SegmentedRaftLogWorker (SegmentedRaftLogWorker.java:startLogSegment(380)) - 4e0e021c-baec-4cf9-9bca-abbc447b3b25-SegmentedRaftLogWorker:Storage Directory /tmp/workdir/hadoop-ozone/integration-test/target/test-dir/MiniOzoneClusterImpl-4e9110eb-ad8a-42ba-abdf-1de919b0d281/datanode-5/data/ratis/a42e2aef-4cb4-4f05-a222-cb8d6f3d7ab1: Starting segment from index:0
2019-07-13 19:10:45,013 INFO  impl.RaftServerImpl (ServerState.java:setRaftConf(361)) - 4e0e021c-baec-4cf9-9bca-abbc447b3b25:group-CB8D6F3D7AB1 set configuration 0: [4e0e021c-baec-4cf9-9bca-abbc447b3b25:192.168.69.122:37274], old=null at 0
2019-07-13 19:10:45,038 INFO  segmented.SegmentedRaftLogWorker (SegmentedRaftLogWorker.java:execute(569)) - 4e0e021c-baec-4cf9-9bca-abbc447b3b25-SegmentedRaftLogWorker:Storage Directory /tmp/workdir/hadoop-ozone/integration-test/target/test-dir/MiniOzoneClusterImpl-4e9110eb-ad8a-42ba-abdf-1de919b0d281/datanode-5/data/ratis/a42e2aef-4cb4-4f05-a222-cb8d6f3d7ab1: created new log segment /tmp/workdir/hadoop-ozone/integration-test/target/test-dir/MiniOzoneClusterImpl-4e9110eb-ad8a-42ba-abdf-1de919b0d281/datanode-5/data/ratis/a42e2aef-4cb4-4f05-a222-cb8d6f3d7ab1/current/log_inprogress_0
2019-07-13 19:10:45,045 INFO  impl.FollowerState (FollowerState.java:run(106)) - 4e0e021c-baec-4cf9-9bca-abbc447b3b25:group-AF89BDA5D7E3 changes to CANDIDATE, lastRpcTime:5047, electionTimeout:5047ms
2019-07-13 19:10:45,045 INFO  impl.RoleInfo (RoleInfo.java:shutdownFollowerState(121)) - 4e0e021c-baec-4cf9-9bca-abbc447b3b25: shutdown FollowerState
2019-07-13 19:10:45,045 INFO  impl.RaftServerImpl (RaftServerImpl.java:setRole(171)) - 4e0e021c-baec-4cf9-9bca-abbc447b3b25:group-AF89BDA5D7E3 changes role from FOLLOWER to CANDIDATE at term 0 for changeToCandidate
2019-07-13 19:10:45,046 INFO  impl.RoleInfo (RoleInfo.java:updateAndGet(143)) - 4e0e021c-baec-4cf9-9bca-abbc447b3b25: start LeaderElection
2019-07-13 19:10:45,079 INFO  impl.LeaderElection (LeaderElection.java:askForVotes(181)) - 4e0e021c-baec-4cf9-9bca-abbc447b3b25:group-AF89BDA5D7E3:LeaderElection65: begin an election at term 1 for -1: [4e0e021c-baec-4cf9-9bca-abbc447b3b25:192.168.69.122:37274, 01f061f4-8e05-4c56-97ab-46de16d1ed88:192.168.69.122:44830, d19f59ae-42e2-4df8-8b68-6e798c673ac8:192.168.69.122:45548], old=null
2019-07-13 19:10:45,092 INFO  impl.RaftServerImpl (RaftServerImpl.java:setRole(171)) - d19f59ae-42e2-4df8-8b68-6e798c673ac8:group-AF89BDA5D7E3 changes role from FOLLOWER to FOLLOWER at term 1 for recognizeCandidate:4e0e021c-baec-4cf9-9bca-abbc447b3b25
2019-07-13 19:10:45,092 INFO  impl.RaftServerImpl (RaftServerImpl.java:setRole(171)) - 01f061f4-8e05-4c56-97ab-46de16d1ed88:group-AF89BDA5D7E3 changes role from FOLLOWER to FOLLOWER at term 1 for recognizeCandidate:4e0e021c-baec-4cf9-9bca-abbc447b3b25
2019-07-13 19:10:45,092 INFO  impl.RoleInfo (RoleInfo.java:shutdownFollowerState(121)) - d19f59ae-42e2-4df8-8b68-6e798c673ac8: shutdown FollowerState
2019-07-13 19:10:45,093 INFO  impl.RoleInfo (RoleInfo.java:shutdownFollowerState(121)) - 01f061f4-8e05-4c56-97ab-46de16d1ed88: shutdown FollowerState
2019-07-13 19:10:45,093 INFO  impl.FollowerState (FollowerState.java:run(114)) - d19f59ae-42e2-4df8-8b68-6e798c673ac8: FollowerState was interrupted: java.lang.InterruptedException: sleep interrupted
2019-07-13 19:10:45,093 INFO  impl.RoleInfo (RoleInfo.java:updateAndGet(143)) - d19f59ae-42e2-4df8-8b68-6e798c673ac8: start FollowerState
2019-07-13 19:10:45,093 INFO  impl.FollowerState (FollowerState.java:run(114)) - 01f061f4-8e05-4c56-97ab-46de16d1ed88: FollowerState was interrupted: java.lang.InterruptedException: sleep interrupted
2019-07-13 19:10:45,093 INFO  impl.RoleInfo (RoleInfo.java:updateAndGet(143)) - 01f061f4-8e05-4c56-97ab-46de16d1ed88: start FollowerState
2019-07-13 19:10:45,121 INFO  impl.LeaderElection (LeaderElection.java:logAndReturn(56)) - 4e0e021c-baec-4cf9-9bca-abbc447b3b25:group-AF89BDA5D7E3:LeaderElection65: Election PASSED; received 1 response(s) [4e0e021c-baec-4cf9-9bca-abbc447b3b25<-d19f59ae-42e2-4df8-8b68-6e798c673ac8#0:OK-t1] and 0 exception(s); 4e0e021c-baec-4cf9-9bca-abbc447b3b25:t1, leader=null, voted=4e0e021c-baec-4cf9-9bca-abbc447b3b25, raftlog=4e0e021c-baec-4cf9-9bca-abbc447b3b25-SegmentedRaftLog:OPENED:c-1,f-1,i0, conf=-1: [4e0e021c-baec-4cf9-9bca-abbc447b3b25:192.168.69.122:37274, 01f061f4-8e05-4c56-97ab-46de16d1ed88:192.168.69.122:44830, d19f59ae-42e2-4df8-8b68-6e798c673ac8:192.168.69.122:45548], old=null
2019-07-13 19:10:45,121 INFO  impl.RoleInfo (RoleInfo.java:shutdownLeaderElection(134)) - 4e0e021c-baec-4cf9-9bca-abbc447b3b25: shutdown LeaderElection
2019-07-13 19:10:45,121 INFO  impl.RaftServerImpl (RaftServerImpl.java:setRole(171)) - 4e0e021c-baec-4cf9-9bca-abbc447b3b25:group-AF89BDA5D7E3 changes role from CANDIDATE to LEADER at term 1 for changeToLeader
2019-07-13 19:10:45,121 INFO  impl.RaftServerImpl (ServerState.java:setLeader(263)) - 4e0e021c-baec-4cf9-9bca-abbc447b3b25:group-AF89BDA5D7E3 change Leader from null to 4e0e021c-baec-4cf9-9bca-abbc447b3b25 at term 1 for becomeLeader, leader elected after 5135ms
2019-07-13 19:10:45,122 INFO  server.RaftServerConfigKeys (ConfUtils.java:logGet(43)) - raft.server.staging.catchup.gap = 1000 (default)
2019-07-13 19:10:45,122 INFO  server.RaftServerConfigKeys (ConfUtils.java:logGet(43)) - raft.server.rpc.sleep.time = 25ms (default)
2019-07-13 19:10:45,122 INFO  server.RaftServerConfigKeys (ConfUtils.java:logGet(43)) - raft.server.write.element-limit = 4096 (default)
2019-07-13 19:10:45,122 INFO  server.RaftServerConfigKeys (ConfUtils.java:logGet(43)) - raft.server.watch.timeout = 10s (default)
2019-07-13 19:10:45,122 INFO  server.RaftServerConfigKeys (ConfUtils.java:logGet(43)) - raft.server.watch.timeout.denomination = 1s (default)
2019-07-13 19:10:45,122 INFO  server.RaftServerConfigKeys (ConfUtils.java:logGet(43)) - raft.server.watch.element-limit = 65536 (default)
2019-07-13 19:10:45,123 INFO  server.RaftServerConfigKeys (ConfUtils.java:logGet(43)) - raft.server.log.appender.snapshot.chunk.size.max = 16MB (=16777216) (default)
2019-07-13 19:10:45,123 INFO  server.RaftServerConfigKeys (ConfUtils.java:logGet(43)) - raft.server.log.appender.buffer.byte-limit = 33554432 (custom)
2019-07-13 19:10:45,123 INFO  server.RaftServerConfigKeys (ConfUtils.java:logGet(43)) - raft.server.log.appender.buffer.element-limit = 1 (custom)
2019-07-13 19:10:45,123 INFO  grpc.GrpcConfigKeys$Server (ConfUtils.java:logGet(43)) - raft.grpc.server.leader.outstanding.appends.max = 128 (default)
2019-07-13 19:10:45,123 INFO  server.RaftServerConfigKeys (ConfUtils.java:logGet(43)) - raft.server.rpc.request.timeout = 3000ms (default)
2019-07-13 19:10:45,124 INFO  server.RaftServerConfigKeys (ConfUtils.java:logGet(43)) - raft.server.log.appender.install.snapshot.enabled = false (custom)
2019-07-13 19:10:45,124 INFO  server.RaftServerConfigKeys (ConfUtils.java:logGet(43)) - raft.server.log.appender.snapshot.chunk.size.max = 16MB (=16777216) (default)
2019-07-13 19:10:45,124 INFO  server.RaftServerConfigKeys (ConfUtils.java:logGet(43)) - raft.server.log.appender.buffer.byte-limit = 33554432 (custom)
2019-07-13 19:10:45,124 INFO  server.RaftServerConfigKeys (ConfUtils.java:logGet(43)) - raft.server.log.appender.buffer.element-limit = 1 (custom)
2019-07-13 19:10:45,124 INFO  grpc.GrpcConfigKeys$Server (ConfUtils.java:logGet(43)) - raft.grpc.server.leader.outstanding.appends.max = 128 (default)
2019-07-13 19:10:45,124 INFO  server.RaftServerConfigKeys (ConfUtils.java:logGet(43)) - raft.server.rpc.request.timeout = 3000ms (default)
2019-07-13 19:10:45,125 INFO  server.RaftServerConfigKeys (ConfUtils.java:logGet(43)) - raft.server.log.appender.install.snapshot.enabled = false (custom)
2019-07-13 19:10:45,125 INFO  impl.RoleInfo (RoleInfo.java:updateAndGet(143)) - 4e0e021c-baec-4cf9-9bca-abbc447b3b25: start LeaderState
2019-07-13 19:10:45,125 INFO  segmented.SegmentedRaftLogWorker (SegmentedRaftLogWorker.java:startLogSegment(380)) - 4e0e021c-baec-4cf9-9bca-abbc447b3b25-SegmentedRaftLogWorker:Storage Directory /tmp/workdir/hadoop-ozone/integration-test/target/test-dir/MiniOzoneClusterImpl-4e9110eb-ad8a-42ba-abdf-1de919b0d281/datanode-5/data/ratis/2bba5b46-0eae-4663-a5d5-af89bda5d7e3: Starting segment from index:0
2019-07-13 19:10:45,126 INFO  impl.RaftServerImpl (ServerState.java:setRaftConf(361)) - 4e0e021c-baec-4cf9-9bca-abbc447b3b25:group-AF89BDA5D7E3 set configuration 0: [4e0e021c-baec-4cf9-9bca-abbc447b3b25:192.168.69.122:37274, 01f061f4-8e05-4c56-97ab-46de16d1ed88:192.168.69.122:44830, d19f59ae-42e2-4df8-8b68-6e798c673ac8:192.168.69.122:45548], old=null at 0
2019-07-13 19:10:45,127 INFO  impl.RaftServerImpl (ServerState.java:setLeader(263)) - 01f061f4-8e05-4c56-97ab-46de16d1ed88:group-AF89BDA5D7E3 change Leader from null to 4e0e021c-baec-4cf9-9bca-abbc447b3b25 at term 1 for appendEntries, leader elected after 5142ms
2019-07-13 19:10:45,128 INFO  impl.RaftServerImpl (ServerState.java:setLeader(263)) - d19f59ae-42e2-4df8-8b68-6e798c673ac8:group-AF89BDA5D7E3 change Leader from null to 4e0e021c-baec-4cf9-9bca-abbc447b3b25 at term 1 for appendEntries, leader elected after 5142ms
2019-07-13 19:10:45,153 INFO  impl.RaftServerImpl (ServerState.java:setRaftConf(361)) - 01f061f4-8e05-4c56-97ab-46de16d1ed88:group-AF89BDA5D7E3 set configuration 0: [4e0e021c-baec-4cf9-9bca-abbc447b3b25:192.168.69.122:37274, 01f061f4-8e05-4c56-97ab-46de16d1ed88:192.168.69.122:44830, d19f59ae-42e2-4df8-8b68-6e798c673ac8:192.168.69.122:45548], old=null at 0
2019-07-13 19:10:45,153 INFO  impl.RaftServerImpl (ServerState.java:setRaftConf(361)) - d19f59ae-42e2-4df8-8b68-6e798c673ac8:group-AF89BDA5D7E3 set configuration 0: [4e0e021c-baec-4cf9-9bca-abbc447b3b25:192.168.69.122:37274, 01f061f4-8e05-4c56-97ab-46de16d1ed88:192.168.69.122:44830, d19f59ae-42e2-4df8-8b68-6e798c673ac8:192.168.69.122:45548], old=null at 0
2019-07-13 19:10:45,153 INFO  segmented.SegmentedRaftLogWorker (SegmentedRaftLogWorker.java:startLogSegment(380)) - 01f061f4-8e05-4c56-97ab-46de16d1ed88-SegmentedRaftLogWorker:Storage Directory /tmp/workdir/hadoop-ozone/integration-test/target/test-dir/MiniOzoneClusterImpl-4e9110eb-ad8a-42ba-abdf-1de919b0d281/datanode-3/data/ratis/2bba5b46-0eae-4663-a5d5-af89bda5d7e3: Starting segment from index:0
2019-07-13 19:10:45,154 INFO  segmented.SegmentedRaftLogWorker (SegmentedRaftLogWorker.java:startLogSegment(380)) - d19f59ae-42e2-4df8-8b68-6e798c673ac8-SegmentedRaftLogWorker:Storage Directory /tmp/workdir/hadoop-ozone/integration-test/target/test-dir/MiniOzoneClusterImpl-4e9110eb-ad8a-42ba-abdf-1de919b0d281/datanode-4/data/ratis/2bba5b46-0eae-4663-a5d5-af89bda5d7e3: Starting segment from index:0
2019-07-13 19:10:45,175 INFO  segmented.SegmentedRaftLogWorker (SegmentedRaftLogWorker.java:execute(569)) - 4e0e021c-baec-4cf9-9bca-abbc447b3b25-SegmentedRaftLogWorker:Storage Directory /tmp/workdir/hadoop-ozone/integration-test/target/test-dir/MiniOzoneClusterImpl-4e9110eb-ad8a-42ba-abdf-1de919b0d281/datanode-5/data/ratis/2bba5b46-0eae-4663-a5d5-af89bda5d7e3: created new log segment /tmp/workdir/hadoop-ozone/integration-test/target/test-dir/MiniOzoneClusterImpl-4e9110eb-ad8a-42ba-abdf-1de919b0d281/datanode-5/data/ratis/2bba5b46-0eae-4663-a5d5-af89bda5d7e3/current/log_inprogress_0
2019-07-13 19:10:45,178 INFO  segmented.SegmentedRaftLogWorker (SegmentedRaftLogWorker.java:execute(569)) - 01f061f4-8e05-4c56-97ab-46de16d1ed88-SegmentedRaftLogWorker:Storage Directory /tmp/workdir/hadoop-ozone/integration-test/target/test-dir/MiniOzoneClusterImpl-4e9110eb-ad8a-42ba-abdf-1de919b0d281/datanode-3/data/ratis/2bba5b46-0eae-4663-a5d5-af89bda5d7e3: created new log segment /tmp/workdir/hadoop-ozone/integration-test/target/test-dir/MiniOzoneClusterImpl-4e9110eb-ad8a-42ba-abdf-1de919b0d281/datanode-3/data/ratis/2bba5b46-0eae-4663-a5d5-af89bda5d7e3/current/log_inprogress_0
2019-07-13 19:10:45,178 INFO  segmented.SegmentedRaftLogWorker (SegmentedRaftLogWorker.java:execute(569)) - d19f59ae-42e2-4df8-8b68-6e798c673ac8-SegmentedRaftLogWorker:Storage Directory /tmp/workdir/hadoop-ozone/integration-test/target/test-dir/MiniOzoneClusterImpl-4e9110eb-ad8a-42ba-abdf-1de919b0d281/datanode-4/data/ratis/2bba5b46-0eae-4663-a5d5-af89bda5d7e3: created new log segment /tmp/workdir/hadoop-ozone/integration-test/target/test-dir/MiniOzoneClusterImpl-4e9110eb-ad8a-42ba-abdf-1de919b0d281/datanode-4/data/ratis/2bba5b46-0eae-4663-a5d5-af89bda5d7e3/current/log_inprogress_0
2019-07-13 19:10:45,319 INFO  client.GrpcClientProtocolClient (GrpcClientProtocolClient.java:onNext(255)) - client-B2C3D09A0A74->d92fd9b4-9a09-412f-89f4-a9cd00fb85be: receive RaftClientReply:client-B2C3D09A0A74->d92fd9b4-9a09-412f-89f4-a9cd00fb85be@group-92313D9D1579, cid=112, SUCCESS, logIndex=1, commits[d92fd9b4-9a09-412f-89f4-a9cd00fb85be:c1, b2834bdc-0b24-4552-85d4-88a911f4f023:c0, 87c5d8a8-f726-42e2-9770-a2af52013bda:c0]
2019-07-13 19:10:45,433 INFO  client.GrpcClientProtocolClient (GrpcClientProtocolClient.java:onNext(255)) - client-B2C3D09A0A74->d92fd9b4-9a09-412f-89f4-a9cd00fb85be: receive RaftClientReply:client-B2C3D09A0A74->d92fd9b4-9a09-412f-89f4-a9cd00fb85be@group-92313D9D1579, cid=113, SUCCESS, logIndex=3, commits[d92fd9b4-9a09-412f-89f4-a9cd00fb85be:c4, b2834bdc-0b24-4552-85d4-88a911f4f023:c3, 87c5d8a8-f726-42e2-9770-a2af52013bda:c3]
2019-07-13 19:10:45,434 INFO  datanode.ObjectStoreHandler (ObjectStoreHandler.java:close(155)) - Closing ObjectStoreHandler.
2019-07-13 19:10:45,435 INFO  ozone.HddsDatanodeService (HddsDatanodeService.java:stop(452)) - Stopped plug-in org.apache.hadoop.ozone.web.OzoneHddsDatanodeService@6b3708f0
2019-07-13 19:10:46,272 INFO  statemachine.DatanodeStateMachine (DatanodeStateMachine.java:lambda$startDaemon$0(350)) - Ozone container server started.
2019-07-13 19:10:48,316 INFO  node.StaleNodeHandler (StaleNodeHandler.java:onMessage(58)) - Datanode d92fd9b4-9a09-412f-89f4-a9cd00fb85be{ip: 192.168.69.122, host: trunk-nightly-fxqsz-774976932, networkLocation: /default-rack, certSerialId: null} moved to stale state. Finalizing its pipelines [PipelineID=540f42b0-e9a2-45f2-baaa-92313d9d1579, PipelineID=63ded2c9-b8aa-47bd-92cc-8e473bd148a3]
2019-07-13 19:10:48,316 INFO  pipeline.SCMPipelineManager (SCMPipelineManager.java:finalizeAndDestroyPipeline(309)) - destroying pipeline:Pipeline[ Id: 540f42b0-e9a2-45f2-baaa-92313d9d1579, Nodes: d92fd9b4-9a09-412f-89f4-a9cd00fb85be{ip: 192.168.69.122, host: trunk-nightly-fxqsz-774976932, networkLocation: /default-rack, certSerialId: null}b2834bdc-0b24-4552-85d4-88a911f4f023{ip: 192.168.69.122, host: trunk-nightly-fxqsz-774976932, networkLocation: /default-rack, certSerialId: null}87c5d8a8-f726-42e2-9770-a2af52013bda{ip: 192.168.69.122, host: trunk-nightly-fxqsz-774976932, networkLocation: /default-rack, certSerialId: null}, Type:RATIS, Factor:THREE, State:OPEN]
2019-07-13 19:10:48,316 INFO  pipeline.PipelineStateManager (PipelineStateManager.java:finalizePipeline(123)) - Pipeline Pipeline[ Id: 540f42b0-e9a2-45f2-baaa-92313d9d1579, Nodes: d92fd9b4-9a09-412f-89f4-a9cd00fb85be{ip: 192.168.69.122, host: trunk-nightly-fxqsz-774976932, networkLocation: /default-rack, certSerialId: null}b2834bdc-0b24-4552-85d4-88a911f4f023{ip: 192.168.69.122, host: trunk-nightly-fxqsz-774976932, networkLocation: /default-rack, certSerialId: null}87c5d8a8-f726-42e2-9770-a2af52013bda{ip: 192.168.69.122, host: trunk-nightly-fxqsz-774976932, networkLocation: /default-rack, certSerialId: null}, Type:RATIS, Factor:THREE, State:CLOSED] moved to CLOSED state
2019-07-13 19:10:48,317 INFO  pipeline.SCMPipelineManager (SCMPipelineManager.java:finalizeAndDestroyPipeline(309)) - destroying pipeline:Pipeline[ Id: 63ded2c9-b8aa-47bd-92cc-8e473bd148a3, Nodes: d92fd9b4-9a09-412f-89f4-a9cd00fb85be{ip: 192.168.69.122, host: trunk-nightly-fxqsz-774976932, networkLocation: /default-rack, certSerialId: null}, Type:RATIS, Factor:ONE, State:OPEN]
2019-07-13 19:10:48,317 INFO  container.CloseContainerEventHandler (CloseContainerEventHandler.java:onMessage(61)) - Close container Event triggered for container : #1
2019-07-13 19:10:48,317 INFO  pipeline.PipelineStateManager (PipelineStateManager.java:finalizePipeline(123)) - Pipeline Pipeline[ Id: 63ded2c9-b8aa-47bd-92cc-8e473bd148a3, Nodes: d92fd9b4-9a09-412f-89f4-a9cd00fb85be{ip: 192.168.69.122, host: trunk-nightly-fxqsz-774976932, networkLocation: /default-rack, certSerialId: null}, Type:RATIS, Factor:ONE, State:CLOSED] moved to CLOSED state
2019-07-13 19:10:50,436 INFO  ozoneimpl.OzoneContainer (OzoneContainer.java:stop(199)) - Attempting to stop container services.
2019-07-13 19:10:50,437 INFO  impl.RaftServerProxy (RaftServerProxy.java:lambda$close$4(314)) - d92fd9b4-9a09-412f-89f4-a9cd00fb85be: close
2019-07-13 19:10:50,437 INFO  impl.RaftServerImpl (RaftServerImpl.java:lambda$shutdown$3(245)) - d92fd9b4-9a09-412f-89f4-a9cd00fb85be: shutdown group-92313D9D1579
2019-07-13 19:10:50,437 INFO  impl.RaftServerImpl (RaftServerImpl.java:lambda$shutdown$3(245)) - d92fd9b4-9a09-412f-89f4-a9cd00fb85be: shutdown group-8E473BD148A3
2019-07-13 19:10:50,438 INFO  util.JmxRegister (JmxRegister.java:unregister(73)) - Successfully un-registered JMX Bean with object name Ratis:service=RaftServer,group=group-92313D9D1579,id=d92fd9b4-9a09-412f-89f4-a9cd00fb85be
2019-07-13 19:10:50,438 INFO  util.JmxRegister (JmxRegister.java:unregister(73)) - Successfully un-registered JMX Bean with object name Ratis:service=RaftServer,group=group-8E473BD148A3,id=d92fd9b4-9a09-412f-89f4-a9cd00fb85be
2019-07-13 19:10:50,438 INFO  impl.RoleInfo (RoleInfo.java:shutdownLeaderState(104)) - d92fd9b4-9a09-412f-89f4-a9cd00fb85be: shutdown LeaderState
2019-07-13 19:10:50,438 INFO  impl.RoleInfo (RoleInfo.java:shutdownLeaderState(104)) - d92fd9b4-9a09-412f-89f4-a9cd00fb85be: shutdown LeaderState
2019-07-13 19:10:50,453 WARN  server.GrpcLogAppender (GrpcLogAppender.java:mayWait(143)) - GrpcLogAppender(d92fd9b4-9a09-412f-89f4-a9cd00fb85be->87c5d8a8-f726-42e2-9770-a2af52013bda): Wait interrupted by java.lang.InterruptedException
2019-07-13 19:10:50,452 INFO  impl.PendingRequests (PendingRequests.java:sendNotLeaderResponses(202)) - d92fd9b4-9a09-412f-89f4-a9cd00fb85be-PendingRequests: sendNotLeaderResponses
2019-07-13 19:10:50,453 INFO  server.GrpcServerProtocolService (GrpcServerProtocolService.java:onCompleted(104)) - 87c5d8a8-f726-42e2-9770-a2af52013bda: appendEntries completed
2019-07-13 19:10:50,453 INFO  impl.PendingRequests (PendingRequests.java:sendNotLeaderResponses(202)) - d92fd9b4-9a09-412f-89f4-a9cd00fb85be-PendingRequests: sendNotLeaderResponses
2019-07-13 19:10:50,469 WARN  server.GrpcLogAppender (GrpcLogAppender.java:mayWait(143)) - GrpcLogAppender(d92fd9b4-9a09-412f-89f4-a9cd00fb85be->b2834bdc-0b24-4552-85d4-88a911f4f023): Wait interrupted by java.lang.InterruptedException
2019-07-13 19:10:50,471 INFO  server.GrpcLogAppender (GrpcLogAppender.java:onCompleted(292)) - d92fd9b4-9a09-412f-89f4-a9cd00fb85be->87c5d8a8-f726-42e2-9770-a2af52013bda: follower responses appendEntries COMPLETED
2019-07-13 19:10:50,469 INFO  ratis.ContainerStateMachine (ContainerStateMachine.java:takeSnapshot(246)) - Taking snapshot at termIndex:(t:1, i:4)
2019-07-13 19:10:50,477 INFO  ratis.ContainerStateMachine (ContainerStateMachine.java:takeSnapshot(250)) - Taking a snapshot to file /tmp/workdir/hadoop-ozone/integration-test/target/test-dir/MiniOzoneClusterImpl-4e9110eb-ad8a-42ba-abdf-1de919b0d281/datanode-0/data/ratis/540f42b0-e9a2-45f2-baaa-92313d9d1579/sm/snapshot.1_4
2019-07-13 19:10:50,469 INFO  impl.StateMachineUpdater (StateMachineUpdater.java:stopAndJoin(115)) - StateMachineUpdater:d92fd9b4-9a09-412f-89f4-a9cd00fb85be:group-92313D9D1579: set stopIndex = 4
2019-07-13 19:10:50,478 INFO  impl.StateMachineUpdater (StateMachineUpdater.java:takeSnapshot(242)) - StateMachineUpdater:d92fd9b4-9a09-412f-89f4-a9cd00fb85be:group-92313D9D1579: Took a snapshot at index 4
2019-07-13 19:10:50,478 INFO  impl.StateMachineUpdater (StateMachineUpdater.java:lambda$new$0(80)) - StateMachineUpdater:d92fd9b4-9a09-412f-89f4-a9cd00fb85be:group-92313D9D1579: snapshotIndex: updateIncreasingly -1 -> 4
2019-07-13 19:10:50,477 INFO  impl.FollowerInfo (FollowerInfo.java:lambda$new$0(50)) - d92fd9b4-9a09-412f-89f4-a9cd00fb85be->87c5d8a8-f726-42e2-9770-a2af52013bda: nextIndex: updateUnconditionally 5 -> 4
2019-07-13 19:10:50,471 INFO  server.GrpcServerProtocolService (GrpcServerProtocolService.java:onCompleted(104)) - b2834bdc-0b24-4552-85d4-88a911f4f023: appendEntries completed
2019-07-13 19:10:50,471 INFO  ratis.ContainerStateMachine (ContainerStateMachine.java:takeSnapshot(246)) - Taking snapshot at termIndex:(t:0, i:~)
2019-07-13 19:10:50,471 INFO  impl.StateMachineUpdater (StateMachineUpdater.java:stopAndJoin(115)) - StateMachineUpdater:d92fd9b4-9a09-412f-89f4-a9cd00fb85be:group-8E473BD148A3: set stopIndex = 0
2019-07-13 19:10:50,479 INFO  impl.RaftServerImpl (ServerState.java:close(394)) - d92fd9b4-9a09-412f-89f4-a9cd00fb85be:group-8E473BD148A3 closes. The last applied log index is 0
2019-07-13 19:10:50,478 INFO  impl.RaftServerImpl (ServerState.java:close(394)) - d92fd9b4-9a09-412f-89f4-a9cd00fb85be:group-92313D9D1579 closes. The last applied log index is 4
2019-07-13 19:10:50,479 INFO  segmented.SegmentedRaftLogWorker (SegmentedRaftLogWorker.java:run(313)) - d92fd9b4-9a09-412f-89f4-a9cd00fb85be-SegmentedRaftLogWorker:Storage Directory /tmp/workdir/hadoop-ozone/integration-test/target/test-dir/MiniOzoneClusterImpl-4e9110eb-ad8a-42ba-abdf-1de919b0d281/datanode-0/data/ratis/63ded2c9-b8aa-47bd-92cc-8e473bd148a3 was interrupted, exiting. There are 0 tasks remaining in the queue.
2019-07-13 19:10:50,479 INFO  server.GrpcLogAppender (GrpcLogAppender.java:onCompleted(292)) - d92fd9b4-9a09-412f-89f4-a9cd00fb85be->b2834bdc-0b24-4552-85d4-88a911f4f023: follower responses appendEntries COMPLETED
2019-07-13 19:10:50,486 INFO  segmented.SegmentedRaftLogWorker (SegmentedRaftLogWorker.java:close(228)) - d92fd9b4-9a09-412f-89f4-a9cd00fb85be-SegmentedRaftLogWorker:Storage Directory /tmp/workdir/hadoop-ozone/integration-test/target/test-dir/MiniOzoneClusterImpl-4e9110eb-ad8a-42ba-abdf-1de919b0d281/datanode-0/data/ratis/63ded2c9-b8aa-47bd-92cc-8e473bd148a3 close()
2019-07-13 19:10:50,480 INFO  segmented.SegmentedRaftLogWorker (SegmentedRaftLogWorker.java:run(313)) - d92fd9b4-9a09-412f-89f4-a9cd00fb85be-SegmentedRaftLogWorker:Storage Directory /tmp/workdir/hadoop-ozone/integration-test/target/test-dir/MiniOzoneClusterImpl-4e9110eb-ad8a-42ba-abdf-1de919b0d281/datanode-0/data/ratis/540f42b0-e9a2-45f2-baaa-92313d9d1579 was interrupted, exiting. There are 0 tasks remaining in the queue.
2019-07-13 19:10:50,491 INFO  impl.FollowerInfo (FollowerInfo.java:lambda$new$0(50)) - d92fd9b4-9a09-412f-89f4-a9cd00fb85be->b2834bdc-0b24-4552-85d4-88a911f4f023: nextIndex: updateUnconditionally 5 -> 4
2019-07-13 19:10:50,506 INFO  segmented.SegmentedRaftLogWorker (SegmentedRaftLogWorker.java:close(228)) - d92fd9b4-9a09-412f-89f4-a9cd00fb85be-SegmentedRaftLogWorker:Storage Directory /tmp/workdir/hadoop-ozone/integration-test/target/test-dir/MiniOzoneClusterImpl-4e9110eb-ad8a-42ba-abdf-1de919b0d281/datanode-0/data/ratis/540f42b0-e9a2-45f2-baaa-92313d9d1579 close()
2019-07-13 19:10:50,515 INFO  server.GrpcService (GrpcService.java:closeImpl(155)) - d92fd9b4-9a09-412f-89f4-a9cd00fb85be: shutdown server with port 39437 now
2019-07-13 19:10:50,516 INFO  server.GrpcService (GrpcService.java:closeImpl(163)) - d92fd9b4-9a09-412f-89f4-a9cd00fb85be: shutdown server with port 39437 successfully
2019-07-13 19:10:50,518 INFO  utils.BackgroundService (BackgroundService.java:shutdown(148)) - Shutting down service BlockDeletingService
2019-07-13 19:10:50,525 WARN  fs.CachingGetSpaceUsed (CachingGetSpaceUsed.java:run(183)) - Thread Interrupted waiting to refresh disk information: sleep interrupted
2019-07-13 19:10:50,553 INFO  statemachine.DatanodeStateMachine (DatanodeStateMachine.java:stopDaemon(395)) - Ozone container server stopped.
2019-07-13 19:10:50,554 INFO  handler.ContextHandler (ContextHandler.java:doStop(910)) - Stopped o.e.j.w.WebAppContext@eb77241{/,null,UNAVAILABLE}{/hddsDatanode}
2019-07-13 19:10:50,559 INFO  server.AbstractConnector (AbstractConnector.java:doStop(318)) - Stopped ServerConnector@197da701{HTTP/1.1,[http/1.1]}{0.0.0.0:0}
2019-07-13 19:10:50,560 INFO  handler.ContextHandler (ContextHandler.java:doStop(910)) - Stopped o.e.j.s.ServletContextHandler@2c4eda3a{/static,jar:file:/home/user/.m2/repository/org/apache/hadoop/hadoop-hdds-container-service/0.5.0-SNAPSHOT/hadoop-hdds-container-service-0.5.0-SNAPSHOT.jar!/webapps/static,UNAVAILABLE}
2019-07-13 19:10:50,560 INFO  handler.ContextHandler (ContextHandler.java:doStop(910)) - Stopped o.e.j.s.ServletContextHandler@7f922523{/logs,file:///tmp/workdir/hadoop-ozone/integration-test/target/log,UNAVAILABLE}
2019-07-13 19:10:52,616 INFO  client.GrpcClientProtocolClient (GrpcClientProtocolClient.java:onNext(255)) - client-B2C3D09A0A74->b2834bdc-0b24-4552-85d4-88a911f4f023: receive RaftClientReply:client-B2C3D09A0A74->b2834bdc-0b24-4552-85d4-88a911f4f023@group-92313D9D1579, cid=114, FAILED org.apache.ratis.protocol.NotLeaderException: Server b2834bdc-0b24-4552-85d4-88a911f4f023 is not the leader (d92fd9b4-9a09-412f-89f4-a9cd00fb85be:192.168.69.122:39437). Request must be sent to leader., logIndex=0, commits[b2834bdc-0b24-4552-85d4-88a911f4f023:c4, 87c5d8a8-f726-42e2-9770-a2af52013bda:c4, d92fd9b4-9a09-412f-89f4-a9cd00fb85be:c4]
2019-07-13 19:10:53,684 INFO  client.GrpcClientProtocolClient (GrpcClientProtocolClient.java:onNext(255)) - client-B2C3D09A0A74->87c5d8a8-f726-42e2-9770-a2af52013bda: receive RaftClientReply:client-B2C3D09A0A74->87c5d8a8-f726-42e2-9770-a2af52013bda@group-92313D9D1579, cid=114, FAILED org.apache.ratis.protocol.NotLeaderException: Server 87c5d8a8-f726-42e2-9770-a2af52013bda is not the leader (d92fd9b4-9a09-412f-89f4-a9cd00fb85be:192.168.69.122:39437). Request must be sent to leader., logIndex=0, commits[87c5d8a8-f726-42e2-9770-a2af52013bda:c4, b2834bdc-0b24-4552-85d4-88a911f4f023:c4, d92fd9b4-9a09-412f-89f4-a9cd00fb85be:c4]
2019-07-13 19:10:53,740 WARN  io.KeyOutputStream (KeyOutputStream.java:handleException(276)) - Encountered exception java.io.IOException: Unexpected Storage Container Exception: java.util.concurrent.CompletionException: java.util.concurrent.CompletionException: org.apache.ratis.protocol.RaftRetryFailureException: Failed RaftClientRequest:client-B2C3D09A0A74->87c5d8a8-f726-42e2-9770-a2af52013bda@group-92313D9D1579, cid=114, seq=3*, RW, org.apache.hadoop.hdds.scm.XceiverClientRatis$$Lambda$309/1480893137@711bc7df for 5 attempts with RetryLimited(maxAttempts=5, sleepTime=1000ms) on the pipeline Pipeline[ Id: 540f42b0-e9a2-45f2-baaa-92313d9d1579, Nodes: d92fd9b4-9a09-412f-89f4-a9cd00fb85be{ip: 192.168.69.122, host: trunk-nightly-fxqsz-774976932, networkLocation: /default-rack, certSerialId: null}b2834bdc-0b24-4552-85d4-88a911f4f023{ip: 192.168.69.122, host: trunk-nightly-fxqsz-774976932, networkLocation: /default-rack, certSerialId: null}87c5d8a8-f726-42e2-9770-a2af52013bda{ip: 192.168.69.122, host: trunk-nightly-fxqsz-774976932, networkLocation: /default-rack, certSerialId: null}, Type:RATIS, Factor:THREE, State:OPEN]. The last committed block length is 1048576, uncommitted data length is 2097152 retry count 0
2019-07-13 19:10:53,799 INFO  client.GrpcClientProtocolClient (GrpcClientProtocolClient.java:onNext(255)) - client-E3C8EFBC54E4->d19f59ae-42e2-4df8-8b68-6e798c673ac8: receive RaftClientReply:client-E3C8EFBC54E4->d19f59ae-42e2-4df8-8b68-6e798c673ac8@group-AF89BDA5D7E3, cid=118, FAILED org.apache.ratis.protocol.NotLeaderException: Server d19f59ae-42e2-4df8-8b68-6e798c673ac8 is not the leader (4e0e021c-baec-4cf9-9bca-abbc447b3b25:192.168.69.122:37274). Request must be sent to leader., logIndex=0, commits[d19f59ae-42e2-4df8-8b68-6e798c673ac8:c0, 4e0e021c-baec-4cf9-9bca-abbc447b3b25:c0, 01f061f4-8e05-4c56-97ab-46de16d1ed88:c0]
2019-07-13 19:10:53,941 INFO  client.GrpcClientProtocolClient (GrpcClientProtocolClient.java:onNext(255)) - client-E3C8EFBC54E4->4e0e021c-baec-4cf9-9bca-abbc447b3b25: receive RaftClientReply:client-E3C8EFBC54E4->4e0e021c-baec-4cf9-9bca-abbc447b3b25@group-AF89BDA5D7E3, cid=118, SUCCESS, logIndex=1, commits[4e0e021c-baec-4cf9-9bca-abbc447b3b25:c1, 01f061f4-8e05-4c56-97ab-46de16d1ed88:c0, d19f59ae-42e2-4df8-8b68-6e798c673ac8:c0]
2019-07-13 19:10:54,005 INFO  client.GrpcClientProtocolClient (GrpcClientProtocolClient.java:onNext(255)) - client-E3C8EFBC54E4->4e0e021c-baec-4cf9-9bca-abbc447b3b25: receive RaftClientReply:client-E3C8EFBC54E4->4e0e021c-baec-4cf9-9bca-abbc447b3b25@group-AF89BDA5D7E3, cid=119, SUCCESS, logIndex=3, commits[4e0e021c-baec-4cf9-9bca-abbc447b3b25:c7, 01f061f4-8e05-4c56-97ab-46de16d1ed88:c6, d19f59ae-42e2-4df8-8b68-6e798c673ac8:c6]
2019-07-13 19:10:54,006 INFO  client.GrpcClientProtocolClient (GrpcClientProtocolClient.java:onNext(255)) - client-E3C8EFBC54E4->4e0e021c-baec-4cf9-9bca-abbc447b3b25: receive RaftClientReply:client-E3C8EFBC54E4->4e0e021c-baec-4cf9-9bca-abbc447b3b25@group-AF89BDA5D7E3, cid=120, SUCCESS, logIndex=5, commits[4e0e021c-baec-4cf9-9bca-abbc447b3b25:c8, 01f061f4-8e05-4c56-97ab-46de16d1ed88:c6, d19f59ae-42e2-4df8-8b68-6e798c673ac8:c6]
2019-07-13 19:10:54,044 INFO  client.GrpcClientProtocolClient (GrpcClientProtocolClient.java:onNext(255)) - client-E3C8EFBC54E4->4e0e021c-baec-4cf9-9bca-abbc447b3b25: receive RaftClientReply:client-E3C8EFBC54E4->4e0e021c-baec-4cf9-9bca-abbc447b3b25@group-AF89BDA5D7E3, cid=121, SUCCESS, logIndex=6, commits[4e0e021c-baec-4cf9-9bca-abbc447b3b25:c8, 01f061f4-8e05-4c56-97ab-46de16d1ed88:c6, d19f59ae-42e2-4df8-8b68-6e798c673ac8:c6]
]]></system-out>
    <system-err><![CDATA[Jul 13, 2019 7:10:34 PM com.sun.jersey.server.impl.application.WebApplicationImpl _initiate
INFO: Initiating Jersey application, version 'Jersey: 1.19 02/11/2015 03:25 AM'
Jul 13, 2019 7:10:34 PM com.sun.jersey.server.impl.application.WebApplicationImpl _initiate
INFO: Initiating Jersey application, version 'Jersey: 1.19 02/11/2015 03:25 AM'
Jul 13, 2019 7:10:34 PM com.sun.jersey.server.impl.application.WebApplicationImpl _initiate
INFO: Initiating Jersey application, version 'Jersey: 1.19 02/11/2015 03:25 AM'
Jul 13, 2019 7:10:35 PM com.sun.jersey.server.impl.application.WebApplicationImpl _initiate
INFO: Initiating Jersey application, version 'Jersey: 1.19 02/11/2015 03:25 AM'
Jul 13, 2019 7:10:35 PM com.sun.jersey.server.impl.application.WebApplicationImpl _initiate
INFO: Initiating Jersey application, version 'Jersey: 1.19 02/11/2015 03:25 AM'
Jul 13, 2019 7:10:35 PM com.sun.jersey.server.impl.application.WebApplicationImpl _initiate
INFO: Initiating Jersey application, version 'Jersey: 1.19 02/11/2015 03:25 AM'
Jul 13, 2019 7:10:38 PM org.apache.ratis.thirdparty.io.grpc.internal.ManagedChannelOrphanWrapper$ManagedChannelReference cleanQueue
SEVERE: *~*~*~ Channel ManagedChannelImpl{logId=942, target=192.168.69.122:44398} was not shutdown properly!!! ~*~*~*
    Make sure to call shutdown()/shutdownNow() and wait until awaitTermination() returns true.
java.lang.RuntimeException: ManagedChannel allocation site
	at org.apache.ratis.thirdparty.io.grpc.internal.ManagedChannelOrphanWrapper$ManagedChannelReference.<init>(ManagedChannelOrphanWrapper.java:103)
	at org.apache.ratis.thirdparty.io.grpc.internal.ManagedChannelOrphanWrapper.<init>(ManagedChannelOrphanWrapper.java:53)
	at org.apache.ratis.thirdparty.io.grpc.internal.ManagedChannelOrphanWrapper.<init>(ManagedChannelOrphanWrapper.java:44)
	at org.apache.ratis.thirdparty.io.grpc.internal.AbstractManagedChannelImplBuilder.build(AbstractManagedChannelImplBuilder.java:411)
	at org.apache.ratis.grpc.client.GrpcClientProtocolClient.<init>(GrpcClientProtocolClient.java:119)
	at org.apache.ratis.grpc.client.GrpcClientRpc.lambda$new$0(GrpcClientRpc.java:55)
	at org.apache.ratis.util.PeerProxyMap$PeerAndProxy.lambda$getProxy$0(PeerProxyMap.java:61)
	at org.apache.ratis.util.LifeCycle.startAndTransition(LifeCycle.java:202)
	at org.apache.ratis.util.PeerProxyMap$PeerAndProxy.getProxy(PeerProxyMap.java:60)
	at org.apache.ratis.util.PeerProxyMap.getProxy(PeerProxyMap.java:107)
	at org.apache.ratis.grpc.client.GrpcClientRpc.sendRequestAsync(GrpcClientRpc.java:66)
	at org.apache.ratis.client.impl.OrderedAsync.sendRequest(OrderedAsync.java:208)
	at org.apache.ratis.client.impl.OrderedAsync.sendRequestWithRetry(OrderedAsync.java:169)
	at org.apache.ratis.util.SlidingWindow$Client.sendOrDelayRequest(SlidingWindow.java:278)
	at org.apache.ratis.util.SlidingWindow$Client.submitNewRequest(SlidingWindow.java:257)
	at org.apache.ratis.client.impl.OrderedAsync.send(OrderedAsync.java:155)
	at org.apache.ratis.client.impl.RaftClientImpl.sendAsync(RaftClientImpl.java:145)
	at org.apache.ratis.client.impl.RaftClientImpl.sendAsync(RaftClientImpl.java:125)
	at org.apache.hadoop.hdds.scm.XceiverClientRatis.sendRequestAsync(XceiverClientRatis.java:224)
	at org.apache.hadoop.hdds.scm.XceiverClientRatis.sendCommandAsync(XceiverClientRatis.java:302)
	at org.apache.hadoop.hdds.scm.storage.ContainerProtocolCalls.writeChunkAsync(ContainerProtocolCalls.java:310)
	at org.apache.hadoop.hdds.scm.storage.BlockOutputStream.writeChunkToContainer(BlockOutputStream.java:610)
	at org.apache.hadoop.hdds.scm.storage.BlockOutputStream.writeChunk(BlockOutputStream.java:467)
	at org.apache.hadoop.hdds.scm.storage.BlockOutputStream.writeOnRetry(BlockOutputStream.java:293)
	at org.apache.hadoop.ozone.client.io.BlockOutputStreamEntry.writeOnRetry(BlockOutputStreamEntry.java:200)
	at org.apache.hadoop.ozone.client.io.KeyOutputStream.handleWrite(KeyOutputStream.java:209)
	at org.apache.hadoop.ozone.client.io.KeyOutputStream.handleRetry(KeyOutputStream.java:376)
	at org.apache.hadoop.ozone.client.io.KeyOutputStream.handleException(KeyOutputStream.java:325)
	at org.apache.hadoop.ozone.client.io.KeyOutputStream.handleFlushOrClose(KeyOutputStream.java:448)
	at org.apache.hadoop.ozone.client.io.KeyOutputStream.close(KeyOutputStream.java:472)
	at org.apache.hadoop.ozone.client.io.OzoneOutputStream.close(OzoneOutputStream.java:60)
	at org.apache.hadoop.ozone.client.rpc.TestFailureHandlingByClient.testBlockWritesWithDnFailures(TestFailureHandlingByClient.java:146)
	at sun.reflect.NativeMethodAccessorImpl.invoke0(Native Method)
	at sun.reflect.NativeMethodAccessorImpl.invoke(NativeMethodAccessorImpl.java:62)
	at sun.reflect.DelegatingMethodAccessorImpl.invoke(DelegatingMethodAccessorImpl.java:43)
	at java.lang.reflect.Method.invoke(Method.java:498)
	at org.junit.runners.model.FrameworkMethod$1.runReflectiveCall(FrameworkMethod.java:47)
	at org.junit.internal.runners.model.ReflectiveCallable.run(ReflectiveCallable.java:12)
	at org.junit.runners.model.FrameworkMethod.invokeExplosively(FrameworkMethod.java:44)
	at org.junit.internal.runners.statements.InvokeMethod.evaluate(InvokeMethod.java:17)
	at org.junit.runners.ParentRunner.runLeaf(ParentRunner.java:271)
	at org.junit.runners.BlockJUnit4ClassRunner.runChild(BlockJUnit4ClassRunner.java:70)
	at org.junit.runners.BlockJUnit4ClassRunner.runChild(BlockJUnit4ClassRunner.java:50)
	at org.junit.runners.ParentRunner$3.run(ParentRunner.java:238)
	at org.junit.runners.ParentRunner$1.schedule(ParentRunner.java:63)
	at org.junit.runners.ParentRunner.runChildren(ParentRunner.java:236)
	at org.junit.runners.ParentRunner.access$000(ParentRunner.java:53)
	at org.junit.runners.ParentRunner$2.evaluate(ParentRunner.java:229)
	at org.junit.runners.ParentRunner.run(ParentRunner.java:309)
	at org.apache.maven.surefire.junit4.JUnit4Provider.execute(JUnit4Provider.java:365)
	at org.apache.maven.surefire.junit4.JUnit4Provider.executeWithRerun(JUnit4Provider.java:273)
	at org.apache.maven.surefire.junit4.JUnit4Provider.executeTestSet(JUnit4Provider.java:238)
	at org.apache.maven.surefire.junit4.JUnit4Provider.invoke(JUnit4Provider.java:159)
	at org.apache.maven.surefire.booter.ForkedBooter.invokeProviderInSameClassLoader(ForkedBooter.java:384)
	at org.apache.maven.surefire.booter.ForkedBooter.runSuitesInProcess(ForkedBooter.java:345)
	at org.apache.maven.surefire.booter.ForkedBooter.execute(ForkedBooter.java:126)
	at org.apache.maven.surefire.booter.ForkedBooter.main(ForkedBooter.java:418)

Jul 13, 2019 7:10:38 PM org.apache.ratis.thirdparty.io.grpc.internal.ManagedChannelOrphanWrapper$ManagedChannelReference cleanQueue
SEVERE: *~*~*~ Channel ManagedChannelImpl{logId=947, target=192.168.69.122:43157} was not shutdown properly!!! ~*~*~*
    Make sure to call shutdown()/shutdownNow() and wait until awaitTermination() returns true.
java.lang.RuntimeException: ManagedChannel allocation site
	at org.apache.ratis.thirdparty.io.grpc.internal.ManagedChannelOrphanWrapper$ManagedChannelReference.<init>(ManagedChannelOrphanWrapper.java:103)
	at org.apache.ratis.thirdparty.io.grpc.internal.ManagedChannelOrphanWrapper.<init>(ManagedChannelOrphanWrapper.java:53)
	at org.apache.ratis.thirdparty.io.grpc.internal.ManagedChannelOrphanWrapper.<init>(ManagedChannelOrphanWrapper.java:44)
	at org.apache.ratis.thirdparty.io.grpc.internal.AbstractManagedChannelImplBuilder.build(AbstractManagedChannelImplBuilder.java:411)
	at org.apache.hadoop.hdds.scm.XceiverClientGrpc.connectToDatanode(XceiverClientGrpc.java:172)
	at org.apache.hadoop.hdds.scm.XceiverClientGrpc.reconnect(XceiverClientGrpc.java:417)
	at org.apache.hadoop.hdds.scm.XceiverClientGrpc.sendCommandAsync(XceiverClientGrpc.java:366)
	at org.apache.hadoop.hdds.scm.XceiverClientGrpc.sendCommandWithRetry(XceiverClientGrpc.java:279)
	at org.apache.hadoop.hdds.scm.XceiverClientGrpc.sendCommandWithTraceIDAndRetry(XceiverClientGrpc.java:248)
	at org.apache.hadoop.hdds.scm.XceiverClientGrpc.sendCommand(XceiverClientGrpc.java:231)
	at org.apache.hadoop.hdds.scm.storage.ContainerProtocolCalls.getBlock(ContainerProtocolCalls.java:118)
	at org.apache.hadoop.hdds.scm.storage.BlockInputStream.getChunkInfos(BlockInputStream.java:167)
	at org.apache.hadoop.hdds.scm.storage.BlockInputStream.initialize(BlockInputStream.java:118)
	at org.apache.hadoop.hdds.scm.storage.BlockInputStream.read(BlockInputStream.java:222)
	at org.apache.hadoop.ozone.client.io.KeyInputStream.read(KeyInputStream.java:171)
	at org.apache.hadoop.ozone.client.io.OzoneInputStream.read(OzoneInputStream.java:47)
	at java.io.InputStream.read(InputStream.java:101)
	at org.apache.hadoop.ozone.container.ContainerTestHelper.validateData(ContainerTestHelper.java:709)
	at org.apache.hadoop.ozone.client.rpc.TestFailureHandlingByClient.validateData(TestFailureHandlingByClient.java:497)
	at org.apache.hadoop.ozone.client.rpc.TestFailureHandlingByClient.testBlockWritesWithDnFailures(TestFailureHandlingByClient.java:155)
	at sun.reflect.NativeMethodAccessorImpl.invoke0(Native Method)
	at sun.reflect.NativeMethodAccessorImpl.invoke(NativeMethodAccessorImpl.java:62)
	at sun.reflect.DelegatingMethodAccessorImpl.invoke(DelegatingMethodAccessorImpl.java:43)
	at java.lang.reflect.Method.invoke(Method.java:498)
	at org.junit.runners.model.FrameworkMethod$1.runReflectiveCall(FrameworkMethod.java:47)
	at org.junit.internal.runners.model.ReflectiveCallable.run(ReflectiveCallable.java:12)
	at org.junit.runners.model.FrameworkMethod.invokeExplosively(FrameworkMethod.java:44)
	at org.junit.internal.runners.statements.InvokeMethod.evaluate(InvokeMethod.java:17)
	at org.junit.runners.ParentRunner.runLeaf(ParentRunner.java:271)
	at org.junit.runners.BlockJUnit4ClassRunner.runChild(BlockJUnit4ClassRunner.java:70)
	at org.junit.runners.BlockJUnit4ClassRunner.runChild(BlockJUnit4ClassRunner.java:50)
	at org.junit.runners.ParentRunner$3.run(ParentRunner.java:238)
	at org.junit.runners.ParentRunner$1.schedule(ParentRunner.java:63)
	at org.junit.runners.ParentRunner.runChildren(ParentRunner.java:236)
	at org.junit.runners.ParentRunner.access$000(ParentRunner.java:53)
	at org.junit.runners.ParentRunner$2.evaluate(ParentRunner.java:229)
	at org.junit.runners.ParentRunner.run(ParentRunner.java:309)
	at org.apache.maven.surefire.junit4.JUnit4Provider.execute(JUnit4Provider.java:365)
	at org.apache.maven.surefire.junit4.JUnit4Provider.executeWithRerun(JUnit4Provider.java:273)
	at org.apache.maven.surefire.junit4.JUnit4Provider.executeTestSet(JUnit4Provider.java:238)
	at org.apache.maven.surefire.junit4.JUnit4Provider.invoke(JUnit4Provider.java:159)
	at org.apache.maven.surefire.booter.ForkedBooter.invokeProviderInSameClassLoader(ForkedBooter.java:384)
	at org.apache.maven.surefire.booter.ForkedBooter.runSuitesInProcess(ForkedBooter.java:345)
	at org.apache.maven.surefire.booter.ForkedBooter.execute(ForkedBooter.java:126)
	at org.apache.maven.surefire.booter.ForkedBooter.main(ForkedBooter.java:418)

Jul 13, 2019 7:10:38 PM org.apache.ratis.thirdparty.io.grpc.internal.ManagedChannelOrphanWrapper$ManagedChannelReference cleanQueue
SEVERE: *~*~*~ Channel ManagedChannelImpl{logId=937, target=192.168.69.122:34234} was not shutdown properly!!! ~*~*~*
    Make sure to call shutdown()/shutdownNow() and wait until awaitTermination() returns true.
java.lang.RuntimeException: ManagedChannel allocation site
	at org.apache.ratis.thirdparty.io.grpc.internal.ManagedChannelOrphanWrapper$ManagedChannelReference.<init>(ManagedChannelOrphanWrapper.java:103)
	at org.apache.ratis.thirdparty.io.grpc.internal.ManagedChannelOrphanWrapper.<init>(ManagedChannelOrphanWrapper.java:53)
	at org.apache.ratis.thirdparty.io.grpc.internal.ManagedChannelOrphanWrapper.<init>(ManagedChannelOrphanWrapper.java:44)
	at org.apache.ratis.thirdparty.io.grpc.internal.AbstractManagedChannelImplBuilder.build(AbstractManagedChannelImplBuilder.java:411)
	at org.apache.ratis.grpc.client.GrpcClientProtocolClient.<init>(GrpcClientProtocolClient.java:119)
	at org.apache.ratis.grpc.client.GrpcClientRpc.lambda$new$0(GrpcClientRpc.java:55)
	at org.apache.ratis.util.PeerProxyMap$PeerAndProxy.lambda$getProxy$0(PeerProxyMap.java:61)
	at org.apache.ratis.util.LifeCycle.startAndTransition(LifeCycle.java:202)
	at org.apache.ratis.util.PeerProxyMap$PeerAndProxy.getProxy(PeerProxyMap.java:60)
	at org.apache.ratis.util.PeerProxyMap.getProxy(PeerProxyMap.java:107)
	at org.apache.ratis.grpc.client.GrpcClientRpc.sendRequestAsync(GrpcClientRpc.java:66)
	at org.apache.ratis.client.impl.OrderedAsync.sendRequest(OrderedAsync.java:208)
	at org.apache.ratis.client.impl.OrderedAsync.sendRequestWithRetry(OrderedAsync.java:169)
	at org.apache.ratis.util.SlidingWindow$Client.sendOrDelayRequest(SlidingWindow.java:278)
	at org.apache.ratis.util.SlidingWindow$Client.retry(SlidingWindow.java:294)
	at org.apache.ratis.client.impl.OrderedAsync.lambda$scheduleWithTimeout$7(OrderedAsync.java:195)
	at org.apache.ratis.util.TimeoutScheduler.lambda$onTimeout$0(TimeoutScheduler.java:85)
	at org.apache.ratis.util.TimeoutScheduler.lambda$onTimeout$1(TimeoutScheduler.java:104)
	at org.apache.ratis.util.LogUtils.runAndLog(LogUtils.java:50)
	at org.apache.ratis.util.LogUtils$1.run(LogUtils.java:91)
	at java.util.concurrent.Executors$RunnableAdapter.call(Executors.java:511)
	at java.util.concurrent.FutureTask.run(FutureTask.java:266)
	at java.util.concurrent.ScheduledThreadPoolExecutor$ScheduledFutureTask.access$201(ScheduledThreadPoolExecutor.java:180)
	at java.util.concurrent.ScheduledThreadPoolExecutor$ScheduledFutureTask.run(ScheduledThreadPoolExecutor.java:293)
	at java.util.concurrent.ThreadPoolExecutor.runWorker(ThreadPoolExecutor.java:1149)
	at java.util.concurrent.ThreadPoolExecutor$Worker.run(ThreadPoolExecutor.java:624)
	at java.lang.Thread.run(Thread.java:748)

]]></system-err>
  </testcase>
  <testcase name="testMultiBlockWritesWithDnFailures" classname="org.apache.hadoop.ozone.client.rpc.TestFailureHandlingByClient" time="22.856">
    <error message="Allocated 0 blocks. Requested 1 blocks" type="INTERNAL_ERROR org.apache.hadoop.ozone.om.exceptions.OMException">INTERNAL_ERROR org.apache.hadoop.ozone.om.exceptions.OMException: Allocated 0 blocks. Requested 1 blocks
	at org.apache.hadoop.ozone.om.protocolPB.OzoneManagerProtocolClientSideTranslatorPB.handleError(OzoneManagerProtocolClientSideTranslatorPB.java:720)
	at org.apache.hadoop.ozone.om.protocolPB.OzoneManagerProtocolClientSideTranslatorPB.allocateBlock(OzoneManagerProtocolClientSideTranslatorPB.java:752)
	at org.apache.hadoop.ozone.client.io.BlockOutputStreamEntryPool.allocateNewBlock(BlockOutputStreamEntryPool.java:248)
	at org.apache.hadoop.ozone.client.io.BlockOutputStreamEntryPool.allocateBlockIfNeeded(BlockOutputStreamEntryPool.java:296)
	at org.apache.hadoop.ozone.client.io.KeyOutputStream.handleWrite(KeyOutputStream.java:201)
	at org.apache.hadoop.ozone.client.io.KeyOutputStream.handleRetry(KeyOutputStream.java:376)
	at org.apache.hadoop.ozone.client.io.KeyOutputStream.handleException(KeyOutputStream.java:325)
	at org.apache.hadoop.ozone.client.io.KeyOutputStream.handleWrite(KeyOutputStream.java:231)
	at org.apache.hadoop.ozone.client.io.KeyOutputStream.write(KeyOutputStream.java:193)
	at org.apache.hadoop.ozone.client.io.OzoneOutputStream.write(OzoneOutputStream.java:49)
	at java.io.OutputStream.write(OutputStream.java:75)
	at org.apache.hadoop.ozone.client.rpc.TestFailureHandlingByClient.testMultiBlockWritesWithDnFailures(TestFailureHandlingByClient.java:189)
	at sun.reflect.NativeMethodAccessorImpl.invoke0(Native Method)
	at sun.reflect.NativeMethodAccessorImpl.invoke(NativeMethodAccessorImpl.java:62)
	at sun.reflect.DelegatingMethodAccessorImpl.invoke(DelegatingMethodAccessorImpl.java:43)
	at java.lang.reflect.Method.invoke(Method.java:498)
	at org.junit.runners.model.FrameworkMethod$1.runReflectiveCall(FrameworkMethod.java:47)
	at org.junit.internal.runners.model.ReflectiveCallable.run(ReflectiveCallable.java:12)
	at org.junit.runners.model.FrameworkMethod.invokeExplosively(FrameworkMethod.java:44)
	at org.junit.internal.runners.statements.InvokeMethod.evaluate(InvokeMethod.java:17)
	at org.junit.runners.ParentRunner.runLeaf(ParentRunner.java:271)
	at org.junit.runners.BlockJUnit4ClassRunner.runChild(BlockJUnit4ClassRunner.java:70)
	at org.junit.runners.BlockJUnit4ClassRunner.runChild(BlockJUnit4ClassRunner.java:50)
	at org.junit.runners.ParentRunner$3.run(ParentRunner.java:238)
	at org.junit.runners.ParentRunner$1.schedule(ParentRunner.java:63)
	at org.junit.runners.ParentRunner.runChildren(ParentRunner.java:236)
	at org.junit.runners.ParentRunner.access$000(ParentRunner.java:53)
	at org.junit.runners.ParentRunner$2.evaluate(ParentRunner.java:229)
	at org.junit.runners.ParentRunner.run(ParentRunner.java:309)
	at org.apache.maven.surefire.junit4.JUnit4Provider.execute(JUnit4Provider.java:365)
	at org.apache.maven.surefire.junit4.JUnit4Provider.executeWithRerun(JUnit4Provider.java:273)
	at org.apache.maven.surefire.junit4.JUnit4Provider.executeTestSet(JUnit4Provider.java:238)
	at org.apache.maven.surefire.junit4.JUnit4Provider.invoke(JUnit4Provider.java:159)
	at org.apache.maven.surefire.booter.ForkedBooter.invokeProviderInSameClassLoader(ForkedBooter.java:384)
	at org.apache.maven.surefire.booter.ForkedBooter.runSuitesInProcess(ForkedBooter.java:345)
	at org.apache.maven.surefire.booter.ForkedBooter.execute(ForkedBooter.java:126)
	at org.apache.maven.surefire.booter.ForkedBooter.main(ForkedBooter.java:418)
</error>
    <system-out><![CDATA[2019-07-13 19:10:54,062 WARN  server.ServerUtils (ServerUtils.java:getScmDbDir(145)) - ozone.scm.db.dirs is not configured. We recommend adding this setting. Falling back to ozone.metadata.dirs instead.
2019-07-13 19:10:54,067 WARN  server.ServerUtils (ServerUtils.java:getScmDbDir(145)) - ozone.scm.db.dirs is not configured. We recommend adding this setting. Falling back to ozone.metadata.dirs instead.
2019-07-13 19:10:54,068 WARN  server.ServerUtils (ServerUtils.java:getScmDbDir(145)) - ozone.scm.db.dirs is not configured. We recommend adding this setting. Falling back to ozone.metadata.dirs instead.
2019-07-13 19:10:54,068 INFO  db.DBStoreBuilder (DBStoreBuilder.java:addTable(110)) - using custom profile for table: deletedBlocks
2019-07-13 19:10:54,068 INFO  db.DBStoreBuilder (DBStoreBuilder.java:processTables(161)) - Using default column profile:DBProfile.DISK for Table:deletedBlocks
2019-07-13 19:10:54,069 INFO  db.DBStoreBuilder (DBStoreBuilder.java:addTable(110)) - using custom profile for table: validCerts
2019-07-13 19:10:54,069 INFO  db.DBStoreBuilder (DBStoreBuilder.java:processTables(161)) - Using default column profile:DBProfile.DISK for Table:validCerts
2019-07-13 19:10:54,069 INFO  db.DBStoreBuilder (DBStoreBuilder.java:addTable(110)) - using custom profile for table: revokedCerts
2019-07-13 19:10:54,069 INFO  db.DBStoreBuilder (DBStoreBuilder.java:processTables(161)) - Using default column profile:DBProfile.DISK for Table:revokedCerts
2019-07-13 19:10:54,070 INFO  db.DBStoreBuilder (DBStoreBuilder.java:addTable(110)) - using custom profile for table: default
2019-07-13 19:10:54,070 INFO  db.DBStoreBuilder (DBStoreBuilder.java:processTables(167)) - Using default column profile:DBProfile.DISK for Table:default
2019-07-13 19:10:54,070 INFO  db.DBStoreBuilder (DBStoreBuilder.java:getDbProfile(198)) - Using default options. DBProfile.DISK
2019-07-13 19:10:54,219 INFO  net.NodeSchemaLoader (NodeSchemaLoader.java:loadSchemaFromFile(125)) - Loading file from sun.misc.CompoundEnumeration@c52c362
2019-07-13 19:10:54,219 INFO  net.NodeSchemaLoader (NodeSchemaLoader.java:loadSchema(171)) - Loading network topology layer schema file
2019-07-13 19:10:54,224 INFO  node.SCMNodeManager (SCMNodeManager.java:<init>(119)) - Entering startup safe mode.
2019-07-13 19:10:54,225 WARN  server.ServerUtils (ServerUtils.java:getScmDbDir(145)) - ozone.scm.db.dirs is not configured. We recommend adding this setting. Falling back to ozone.metadata.dirs instead.
2019-07-13 19:10:54,289 INFO  pipeline.SCMPipelineManager (SCMPipelineManager.java:initializePipelineState(126)) - No pipeline exists in current db
2019-07-13 19:10:54,289 WARN  server.ServerUtils (ServerUtils.java:getScmDbDir(145)) - ozone.scm.db.dirs is not configured. We recommend adding this setting. Falling back to ozone.metadata.dirs instead.
2019-07-13 19:10:54,345 WARN  events.EventQueue (EventQueue.java:fireEvent(175)) - No event handler registered for event TypedEvent{payloadType=SafeModeStatus, name='SafeModeStatus'}
2019-07-13 19:10:54,346 INFO  ipc.CallQueueManager (CallQueueManager.java:<init>(84)) - Using callQueue: class java.util.concurrent.LinkedBlockingQueue, queueCapacity: 2000, scheduler: class org.apache.hadoop.ipc.DefaultRpcScheduler, ipcBackoff: false.
2019-07-13 19:10:54,347 INFO  ipc.Server (Server.java:run(1074)) - Starting Socket Reader #1 for port 36805
2019-07-13 19:10:54,358 INFO  ipc.CallQueueManager (CallQueueManager.java:<init>(84)) - Using callQueue: class java.util.concurrent.LinkedBlockingQueue, queueCapacity: 2000, scheduler: class org.apache.hadoop.ipc.DefaultRpcScheduler, ipcBackoff: false.
2019-07-13 19:10:54,359 INFO  ipc.Server (Server.java:run(1074)) - Starting Socket Reader #1 for port 44900
2019-07-13 19:10:54,367 INFO  ipc.CallQueueManager (CallQueueManager.java:<init>(84)) - Using callQueue: class java.util.concurrent.LinkedBlockingQueue, queueCapacity: 2000, scheduler: class org.apache.hadoop.ipc.DefaultRpcScheduler, ipcBackoff: false.
2019-07-13 19:10:54,368 INFO  ipc.Server (Server.java:run(1074)) - Starting Socket Reader #1 for port 41386
2019-07-13 19:10:54,376 INFO  hdfs.DFSUtil (DFSUtil.java:httpServerTemplateForNNAndJN(1641)) - Starting Web-server for scm at: http://0.0.0.0:0
2019-07-13 19:10:54,378 INFO  server.AuthenticationFilter (AuthenticationFilter.java:constructSecretProvider(240)) - Unable to initialize FileSignerSecretProvider, falling back to use random secrets.
2019-07-13 19:10:54,379 WARN  http.HttpRequestLog (HttpRequestLog.java:getRequestLog(97)) - Jetty request log can only be enabled using Log4j
2019-07-13 19:10:54,381 INFO  http.HttpServer2 (HttpServer2.java:addGlobalFilter(975)) - Added global filter 'safety' (class=org.apache.hadoop.http.HttpServer2$QuotingInputFilter)
2019-07-13 19:10:54,382 INFO  http.HttpServer2 (HttpServer2.java:addFilter(948)) - Added filter static_user_filter (class=org.apache.hadoop.http.lib.StaticUserWebFilter$StaticUserFilter) to context scm
2019-07-13 19:10:54,382 INFO  http.HttpServer2 (HttpServer2.java:addFilter(958)) - Added filter static_user_filter (class=org.apache.hadoop.http.lib.StaticUserWebFilter$StaticUserFilter) to context logs
2019-07-13 19:10:54,382 INFO  http.HttpServer2 (HttpServer2.java:addFilter(958)) - Added filter static_user_filter (class=org.apache.hadoop.http.lib.StaticUserWebFilter$StaticUserFilter) to context static
2019-07-13 19:10:54,387 INFO  server.StorageContainerManager (StorageContainerManager.java:start(759)) - StorageContainerLocationProtocol RPC server is listening at /0.0.0.0:41386
2019-07-13 19:10:54,387 INFO  impl.MetricsSystemImpl (MetricsSystemImpl.java:init(158)) - StorageContainerManager metrics system started (again)
2019-07-13 19:10:54,388 INFO  server.SCMClientProtocolServer (SCMClientProtocolServer.java:start(149)) - RPC server for Client  is listening at /0.0.0.0:41386
2019-07-13 19:10:54,388 INFO  ipc.Server (Server.java:run(1314)) - IPC Server Responder: starting
2019-07-13 19:10:54,394 INFO  ipc.Server (Server.java:run(1153)) - IPC Server listener on 41386: starting
2019-07-13 19:10:54,408 INFO  server.StorageContainerManager (StorageContainerManager.java:start(768)) - ScmBlockLocationProtocol RPC server is listening at /0.0.0.0:44900
2019-07-13 19:10:54,408 INFO  server.SCMBlockProtocolServer (SCMBlockProtocolServer.java:start(140)) - RPC server for Block Protocol is listening at /0.0.0.0:44900
2019-07-13 19:10:54,408 INFO  ipc.Server (Server.java:run(1314)) - IPC Server Responder: starting
2019-07-13 19:10:54,408 INFO  ipc.Server (Server.java:run(1153)) - IPC Server listener on 44900: starting
2019-07-13 19:10:54,424 INFO  server.StorageContainerManager (StorageContainerManager.java:start(772)) - ScmDatanodeProtocl RPC server is listening at /0.0.0.0:36805
2019-07-13 19:10:54,424 INFO  server.SCMDatanodeProtocolServer (SCMDatanodeProtocolServer.java:start(191)) - RPC server for DataNodes is listening at /0.0.0.0:36805
2019-07-13 19:10:54,425 INFO  ipc.Server (Server.java:run(1314)) - IPC Server Responder: starting
2019-07-13 19:10:54,425 INFO  ipc.Server (Server.java:run(1153)) - IPC Server listener on 36805: starting
2019-07-13 19:10:54,448 INFO  http.HttpServer2 (HttpServer2.java:bindListener(1191)) - Jetty bound to port 36977
2019-07-13 19:10:54,449 INFO  server.Server (Server.java:doStart(351)) - jetty-9.3.24.v20180605, build timestamp: 2018-06-05T17:11:56Z, git hash: 84205aa28f11a4f31f2a3b86d1bba2cc8ab69827
2019-07-13 19:10:54,452 INFO  handler.ContextHandler (ContextHandler.java:doStart(781)) - Started o.e.j.s.ServletContextHandler@643947d1{/logs,file:///tmp/workdir/hadoop-ozone/integration-test/target/log,AVAILABLE}
2019-07-13 19:10:54,453 INFO  handler.ContextHandler (ContextHandler.java:doStart(781)) - Started o.e.j.s.ServletContextHandler@261d7ee2{/static,file:///tmp/workdir/hadoop-ozone/integration-test/target/test-classes/webapps/static,AVAILABLE}
2019-07-13 19:10:54,459 INFO  handler.ContextHandler (ContextHandler.java:doStart(781)) - Started o.e.j.w.WebAppContext@158f0af4{/,file:///tmp/workdir/hadoop-ozone/integration-test/target/test-classes/webapps/scm/,AVAILABLE}{/scm}
2019-07-13 19:10:54,460 INFO  server.AbstractConnector (AbstractConnector.java:doStart(278)) - Started ServerConnector@7a174e4b{HTTP/1.1,[http/1.1]}{0.0.0.0:36977}
2019-07-13 19:10:54,467 INFO  server.Server (Server.java:doStart(419)) - Started @148653ms
2019-07-13 19:10:54,468 INFO  server.BaseHttpServer (BaseHttpServer.java:updateConnectorAddress(207)) - HTTP server of SCM is listening at http://0.0.0.0:36977
2019-07-13 19:10:54,469 WARN  server.ServerUtils (ServerUtils.java:getDBPath(222)) - ozone.om.db.dirs is not configured. We recommend adding this setting. Falling back to ozone.metadata.dirs instead.
2019-07-13 19:10:54,476 INFO  util.JvmPauseMonitor (JvmPauseMonitor.java:run(188)) - Starting JVM pause monitor
2019-07-13 19:10:54,490 WARN  server.ServerUtils (ServerUtils.java:getDBPath(222)) - ozone.om.db.dirs is not configured. We recommend adding this setting. Falling back to ozone.metadata.dirs instead.
2019-07-13 19:10:54,491 INFO  om.OzoneManager (OzoneManager.java:setOMNodeDetails(630)) - OM Service ID is not set. Setting it to the default ID: omServiceIdDefault
2019-07-13 19:10:54,491 INFO  om.OzoneManager (OzoneManager.java:setOMNodeDetails(636)) - OM Node ID is not set. Setting it to the OmStorage's OmID: 0ed4bb1b-cef4-4ab3-964d-a316c310caca
2019-07-13 19:10:54,491 INFO  om.OzoneManager (OzoneManager.java:loadOMHAConfigs(587)) - Found matching OM address with OMServiceId: null, OMNodeId: null, RPC Address: localhost:0 and Ratis port: 9872
2019-07-13 19:10:54,512 WARN  server.ServerUtils (ServerUtils.java:getDBPath(222)) - ozone.om.db.dirs is not configured. We recommend adding this setting. Falling back to ozone.metadata.dirs instead.
2019-07-13 19:10:54,513 INFO  db.DBStoreBuilder (DBStoreBuilder.java:addTable(110)) - using custom profile for table: userTable
2019-07-13 19:10:54,513 INFO  db.DBStoreBuilder (DBStoreBuilder.java:processTables(161)) - Using default column profile:DBProfile.DISK for Table:userTable
2019-07-13 19:10:54,513 INFO  db.DBStoreBuilder (DBStoreBuilder.java:addTable(110)) - using custom profile for table: volumeTable
2019-07-13 19:10:54,513 INFO  db.DBStoreBuilder (DBStoreBuilder.java:processTables(161)) - Using default column profile:DBProfile.DISK for Table:volumeTable
2019-07-13 19:10:54,514 INFO  db.DBStoreBuilder (DBStoreBuilder.java:addTable(110)) - using custom profile for table: bucketTable
2019-07-13 19:10:54,514 INFO  db.DBStoreBuilder (DBStoreBuilder.java:processTables(161)) - Using default column profile:DBProfile.DISK for Table:bucketTable
2019-07-13 19:10:54,514 INFO  db.DBStoreBuilder (DBStoreBuilder.java:addTable(110)) - using custom profile for table: keyTable
2019-07-13 19:10:54,514 INFO  db.DBStoreBuilder (DBStoreBuilder.java:processTables(161)) - Using default column profile:DBProfile.DISK for Table:keyTable
2019-07-13 19:10:54,515 INFO  db.DBStoreBuilder (DBStoreBuilder.java:addTable(110)) - using custom profile for table: deletedTable
2019-07-13 19:10:54,515 INFO  db.DBStoreBuilder (DBStoreBuilder.java:processTables(161)) - Using default column profile:DBProfile.DISK for Table:deletedTable
2019-07-13 19:10:54,515 INFO  db.DBStoreBuilder (DBStoreBuilder.java:addTable(110)) - using custom profile for table: openKeyTable
2019-07-13 19:10:54,515 INFO  db.DBStoreBuilder (DBStoreBuilder.java:processTables(161)) - Using default column profile:DBProfile.DISK for Table:openKeyTable
2019-07-13 19:10:54,516 INFO  db.DBStoreBuilder (DBStoreBuilder.java:addTable(110)) - using custom profile for table: s3Table
2019-07-13 19:10:54,516 INFO  db.DBStoreBuilder (DBStoreBuilder.java:processTables(161)) - Using default column profile:DBProfile.DISK for Table:s3Table
2019-07-13 19:10:54,516 INFO  db.DBStoreBuilder (DBStoreBuilder.java:addTable(110)) - using custom profile for table: multipartInfoTable
2019-07-13 19:10:54,516 INFO  db.DBStoreBuilder (DBStoreBuilder.java:processTables(161)) - Using default column profile:DBProfile.DISK for Table:multipartInfoTable
2019-07-13 19:10:54,517 INFO  db.DBStoreBuilder (DBStoreBuilder.java:addTable(110)) - using custom profile for table: dTokenTable
2019-07-13 19:10:54,517 INFO  db.DBStoreBuilder (DBStoreBuilder.java:processTables(161)) - Using default column profile:DBProfile.DISK for Table:dTokenTable
2019-07-13 19:10:54,517 INFO  db.DBStoreBuilder (DBStoreBuilder.java:addTable(110)) - using custom profile for table: s3SecretTable
2019-07-13 19:10:54,517 INFO  db.DBStoreBuilder (DBStoreBuilder.java:processTables(161)) - Using default column profile:DBProfile.DISK for Table:s3SecretTable
2019-07-13 19:10:54,518 INFO  db.DBStoreBuilder (DBStoreBuilder.java:addTable(110)) - using custom profile for table: prefixTable
2019-07-13 19:10:54,518 INFO  db.DBStoreBuilder (DBStoreBuilder.java:processTables(161)) - Using default column profile:DBProfile.DISK for Table:prefixTable
2019-07-13 19:10:54,518 INFO  db.DBStoreBuilder (DBStoreBuilder.java:addTable(110)) - using custom profile for table: default
2019-07-13 19:10:54,518 INFO  db.DBStoreBuilder (DBStoreBuilder.java:processTables(167)) - Using default column profile:DBProfile.DISK for Table:default
2019-07-13 19:10:54,519 INFO  db.DBStoreBuilder (DBStoreBuilder.java:getDbProfile(198)) - Using default options. DBProfile.DISK
2019-07-13 19:10:55,105 INFO  ipc.CallQueueManager (CallQueueManager.java:<init>(84)) - Using callQueue: class java.util.concurrent.LinkedBlockingQueue, queueCapacity: 2000, scheduler: class org.apache.hadoop.ipc.DefaultRpcScheduler, ipcBackoff: false.
2019-07-13 19:10:55,106 INFO  ipc.Server (Server.java:run(1074)) - Starting Socket Reader #1 for port 46249
2019-07-13 19:10:55,140 WARN  server.ServerUtils (ServerUtils.java:getDBPath(222)) - ozone.om.db.dirs is not configured. We recommend adding this setting. Falling back to ozone.metadata.dirs instead.
2019-07-13 19:10:55,140 INFO  om.OzoneManager (OzoneManager.java:start(1228)) - OzoneManager RPC server is listening at localhost/127.0.0.1:46249
2019-07-13 19:10:55,140 INFO  impl.MetricsSystemImpl (MetricsSystemImpl.java:init(158)) - OzoneManager metrics system started (again)
2019-07-13 19:10:55,141 INFO  ipc.Server (Server.java:run(1314)) - IPC Server Responder: starting
2019-07-13 19:10:55,142 INFO  ipc.Server (Server.java:run(1153)) - IPC Server listener on 46249: starting
2019-07-13 19:10:55,164 INFO  hdfs.DFSUtil (DFSUtil.java:httpServerTemplateForNNAndJN(1641)) - Starting Web-server for ozoneManager at: http://0.0.0.0:0
2019-07-13 19:10:55,166 INFO  server.AuthenticationFilter (AuthenticationFilter.java:constructSecretProvider(240)) - Unable to initialize FileSignerSecretProvider, falling back to use random secrets.
2019-07-13 19:10:55,167 WARN  http.HttpRequestLog (HttpRequestLog.java:getRequestLog(97)) - Jetty request log can only be enabled using Log4j
2019-07-13 19:10:55,169 INFO  http.HttpServer2 (HttpServer2.java:addGlobalFilter(975)) - Added global filter 'safety' (class=org.apache.hadoop.http.HttpServer2$QuotingInputFilter)
2019-07-13 19:10:55,170 INFO  http.HttpServer2 (HttpServer2.java:addFilter(948)) - Added filter static_user_filter (class=org.apache.hadoop.http.lib.StaticUserWebFilter$StaticUserFilter) to context ozoneManager
2019-07-13 19:10:55,170 INFO  http.HttpServer2 (HttpServer2.java:addFilter(958)) - Added filter static_user_filter (class=org.apache.hadoop.http.lib.StaticUserWebFilter$StaticUserFilter) to context logs
2019-07-13 19:10:55,170 INFO  http.HttpServer2 (HttpServer2.java:addFilter(958)) - Added filter static_user_filter (class=org.apache.hadoop.http.lib.StaticUserWebFilter$StaticUserFilter) to context static
2019-07-13 19:10:55,172 INFO  http.HttpServer2 (HttpServer2.java:bindListener(1191)) - Jetty bound to port 46455
2019-07-13 19:10:55,172 INFO  server.Server (Server.java:doStart(351)) - jetty-9.3.24.v20180605, build timestamp: 2018-06-05T17:11:56Z, git hash: 84205aa28f11a4f31f2a3b86d1bba2cc8ab69827
2019-07-13 19:10:55,174 INFO  handler.ContextHandler (ContextHandler.java:doStart(781)) - Started o.e.j.s.ServletContextHandler@51617b93{/logs,file:///tmp/workdir/hadoop-ozone/integration-test/target/log,AVAILABLE}
2019-07-13 19:10:55,175 INFO  handler.ContextHandler (ContextHandler.java:doStart(781)) - Started o.e.j.s.ServletContextHandler@2898cd46{/static,file:///tmp/workdir/hadoop-ozone/integration-test/target/test-classes/webapps/static,AVAILABLE}
2019-07-13 19:10:55,181 INFO  handler.ContextHandler (ContextHandler.java:doStart(781)) - Started o.e.j.w.WebAppContext@440309c5{/,file:///tmp/workdir/hadoop-ozone/integration-test/target/test-classes/webapps/ozoneManager/,AVAILABLE}{/ozoneManager}
2019-07-13 19:10:55,181 INFO  server.AbstractConnector (AbstractConnector.java:doStart(278)) - Started ServerConnector@50c442a5{HTTP/1.1,[http/1.1]}{0.0.0.0:46455}
2019-07-13 19:10:55,189 INFO  server.Server (Server.java:doStart(419)) - Started @149375ms
2019-07-13 19:10:55,191 INFO  server.BaseHttpServer (BaseHttpServer.java:updateConnectorAddress(207)) - HTTP server of OZONEMANAGER is listening at http://0.0.0.0:46455
2019-07-13 19:10:55,208 INFO  impl.MetricsSystemImpl (MetricsSystemImpl.java:init(158)) - HddsDatanode metrics system started (again)
2019-07-13 19:10:55,208 INFO  ozone.HddsDatanodeService (HddsDatanodeService.java:start(185)) - HddsDatanodeService host:trunk-nightly-fxqsz-774976932 ip:192.168.69.122
2019-07-13 19:10:55,234 INFO  volume.HddsVolume (HddsVolume.java:<init>(176)) - Creating Volume: /tmp/workdir/hadoop-ozone/integration-test/target/test-dir/MiniOzoneClusterImpl-7ef340d7-68af-4f58-9b44-58bb6671d0fe/datanode-0/data/containers/hdds of  storage type : DISK and capacity : 52710309888
2019-07-13 19:10:55,235 INFO  volume.VolumeSet (VolumeSet.java:initializeVolumeSet(170)) - Added Volume : /tmp/workdir/hadoop-ozone/integration-test/target/test-dir/MiniOzoneClusterImpl-7ef340d7-68af-4f58-9b44-58bb6671d0fe/datanode-0/data/containers/hdds to VolumeSet
2019-07-13 19:10:55,235 INFO  volume.ThrottledAsyncChecker (ThrottledAsyncChecker.java:schedule(140)) - Scheduling a check for org.apache.hadoop.ozone.container.common.volume.HddsVolume@6960e7a6
2019-07-13 19:10:55,236 INFO  volume.HddsVolumeChecker (HddsVolumeChecker.java:checkAllVolumes(203)) - Scheduled health check for volume org.apache.hadoop.ozone.container.common.volume.HddsVolume@6960e7a6
2019-07-13 19:10:55,258 INFO  impl.RaftServerProxy (ConfUtils.java:logGet(43)) - raft.rpc.type = GRPC (default)
2019-07-13 19:10:55,258 INFO  grpc.GrpcFactory (GrpcFactory.java:checkPooledByteBufAllocatorUseCacheForAllThreads(45)) - PERFORMANCE WARNING: useCacheForAllThreads is true that may cause Netty to create a lot garbage objects and, as a result, trigger GC.
	It is recommended to disable useCacheForAllThreads by setting -Dorg.apache.ratis.thirdparty.io.netty.allocator.useCacheForAllThreads=false in command line.
2019-07-13 19:10:55,258 INFO  grpc.GrpcConfigKeys$Server (ConfUtils.java:logGet(43)) - raft.grpc.server.port = 0 (default)
2019-07-13 19:10:55,259 INFO  server.GrpcService (ConfUtils.java:logGet(43)) - raft.grpc.message.size.max = 33570816 (custom)
2019-07-13 19:10:55,259 INFO  server.RaftServerConfigKeys (ConfUtils.java:logGet(43)) - raft.server.log.appender.buffer.byte-limit = 33554432 (custom)
2019-07-13 19:10:55,259 INFO  server.GrpcService (ConfUtils.java:logGet(43)) - raft.grpc.flow.control.window = 1MB (=1048576) (default)
2019-07-13 19:10:55,259 INFO  server.RaftServerConfigKeys (ConfUtils.java:logGet(43)) - raft.server.rpc.request.timeout = 3000ms (default)
2019-07-13 19:10:55,260 INFO  server.RaftServerConfigKeys (ConfUtils.java:logGet(43)) - raft.server.storage.dir = [/tmp/workdir/hadoop-ozone/integration-test/target/test-dir/MiniOzoneClusterImpl-7ef340d7-68af-4f58-9b44-58bb6671d0fe/datanode-0/data/ratis] (custom)
2019-07-13 19:10:55,261 INFO  replication.SimpleContainerDownloader (SimpleContainerDownloader.java:<init>(72)) - Starting container downloader service to copy containers to replicate.
2019-07-13 19:10:55,262 INFO  hdfs.DFSUtil (DFSUtil.java:httpServerTemplateForNNAndJN(1641)) - Starting Web-server for hddsDatanode at: http://0.0.0.0:0
2019-07-13 19:10:55,263 INFO  server.AuthenticationFilter (AuthenticationFilter.java:constructSecretProvider(240)) - Unable to initialize FileSignerSecretProvider, falling back to use random secrets.
2019-07-13 19:10:55,264 WARN  http.HttpRequestLog (HttpRequestLog.java:getRequestLog(97)) - Jetty request log can only be enabled using Log4j
2019-07-13 19:10:55,266 INFO  http.HttpServer2 (HttpServer2.java:addGlobalFilter(975)) - Added global filter 'safety' (class=org.apache.hadoop.http.HttpServer2$QuotingInputFilter)
2019-07-13 19:10:55,266 INFO  http.HttpServer2 (HttpServer2.java:addFilter(948)) - Added filter static_user_filter (class=org.apache.hadoop.http.lib.StaticUserWebFilter$StaticUserFilter) to context hddsDatanode
2019-07-13 19:10:55,266 INFO  http.HttpServer2 (HttpServer2.java:addFilter(958)) - Added filter static_user_filter (class=org.apache.hadoop.http.lib.StaticUserWebFilter$StaticUserFilter) to context static
2019-07-13 19:10:55,267 INFO  http.HttpServer2 (HttpServer2.java:addFilter(958)) - Added filter static_user_filter (class=org.apache.hadoop.http.lib.StaticUserWebFilter$StaticUserFilter) to context logs
2019-07-13 19:10:55,267 INFO  http.HttpServer2 (HttpServer2.java:bindListener(1191)) - Jetty bound to port 39963
2019-07-13 19:10:55,268 INFO  server.Server (Server.java:doStart(351)) - jetty-9.3.24.v20180605, build timestamp: 2018-06-05T17:11:56Z, git hash: 84205aa28f11a4f31f2a3b86d1bba2cc8ab69827
2019-07-13 19:10:55,270 INFO  handler.ContextHandler (ContextHandler.java:doStart(781)) - Started o.e.j.s.ServletContextHandler@6018a6a2{/logs,file:///tmp/workdir/hadoop-ozone/integration-test/target/log,AVAILABLE}
2019-07-13 19:10:55,270 INFO  handler.ContextHandler (ContextHandler.java:doStart(781)) - Started o.e.j.s.ServletContextHandler@1f15d346{/static,jar:file:/home/user/.m2/repository/org/apache/hadoop/hadoop-hdds-container-service/0.5.0-SNAPSHOT/hadoop-hdds-container-service-0.5.0-SNAPSHOT.jar!/webapps/static,AVAILABLE}
2019-07-13 19:10:55,307 INFO  handler.ContextHandler (ContextHandler.java:doStart(781)) - Started o.e.j.w.WebAppContext@349469db{/,file:///tmp/jetty-0.0.0.0-39963-hddsDatanode-_-any-3223475569379807875.dir/webapp/,AVAILABLE}{/hddsDatanode}
2019-07-13 19:10:55,308 INFO  server.AbstractConnector (AbstractConnector.java:doStart(278)) - Started ServerConnector@2c3a2935{HTTP/1.1,[http/1.1]}{0.0.0.0:39963}
2019-07-13 19:10:55,316 INFO  server.Server (Server.java:doStart(419)) - Started @149502ms
2019-07-13 19:10:55,317 INFO  server.BaseHttpServer (BaseHttpServer.java:updateConnectorAddress(207)) - HTTP server of HDDSDATANODE is listening at http://0.0.0.0:39963
2019-07-13 19:10:55,435 INFO  ozone.HddsDatanodeService (HddsDatanodeService.java:startPlugins(396)) - Started plug-in org.apache.hadoop.ozone.web.OzoneHddsDatanodeService@78854721
2019-07-13 19:10:55,436 INFO  impl.MetricsSystemImpl (MetricsSystemImpl.java:init(158)) - HddsDatanode metrics system started (again)
2019-07-13 19:10:55,436 INFO  ozone.HddsDatanodeService (HddsDatanodeService.java:start(185)) - HddsDatanodeService host:trunk-nightly-fxqsz-774976932 ip:192.168.69.122
2019-07-13 19:10:55,437 INFO  util.JvmPauseMonitor (JvmPauseMonitor.java:run(188)) - Starting JVM pause monitor
2019-07-13 19:10:55,438 INFO  datanode.InitDatanodeState (InitDatanodeState.java:persistContainerDatanodeDetails(140)) - DatanodeDetails is persisted to /tmp/workdir/hadoop-ozone/integration-test/target/test-dir/MiniOzoneClusterImpl-7ef340d7-68af-4f58-9b44-58bb6671d0fe/datanode-0/meta/datanode.id
2019-07-13 19:10:55,478 INFO  volume.HddsVolume (HddsVolume.java:<init>(176)) - Creating Volume: /tmp/workdir/hadoop-ozone/integration-test/target/test-dir/MiniOzoneClusterImpl-7ef340d7-68af-4f58-9b44-58bb6671d0fe/datanode-1/data/containers/hdds of  storage type : DISK and capacity : 52710309888
2019-07-13 19:10:55,479 INFO  volume.VolumeSet (VolumeSet.java:initializeVolumeSet(170)) - Added Volume : /tmp/workdir/hadoop-ozone/integration-test/target/test-dir/MiniOzoneClusterImpl-7ef340d7-68af-4f58-9b44-58bb6671d0fe/datanode-1/data/containers/hdds to VolumeSet
2019-07-13 19:10:55,479 INFO  volume.ThrottledAsyncChecker (ThrottledAsyncChecker.java:schedule(140)) - Scheduling a check for org.apache.hadoop.ozone.container.common.volume.HddsVolume@7296675e
2019-07-13 19:10:55,480 INFO  volume.HddsVolumeChecker (HddsVolumeChecker.java:checkAllVolumes(203)) - Scheduled health check for volume org.apache.hadoop.ozone.container.common.volume.HddsVolume@7296675e
2019-07-13 19:10:55,513 INFO  impl.RaftServerProxy (ConfUtils.java:logGet(43)) - raft.rpc.type = GRPC (default)
2019-07-13 19:10:55,514 INFO  grpc.GrpcFactory (GrpcFactory.java:checkPooledByteBufAllocatorUseCacheForAllThreads(45)) - PERFORMANCE WARNING: useCacheForAllThreads is true that may cause Netty to create a lot garbage objects and, as a result, trigger GC.
	It is recommended to disable useCacheForAllThreads by setting -Dorg.apache.ratis.thirdparty.io.netty.allocator.useCacheForAllThreads=false in command line.
2019-07-13 19:10:55,514 INFO  grpc.GrpcConfigKeys$Server (ConfUtils.java:logGet(43)) - raft.grpc.server.port = 0 (default)
2019-07-13 19:10:55,514 INFO  server.GrpcService (ConfUtils.java:logGet(43)) - raft.grpc.message.size.max = 33570816 (custom)
2019-07-13 19:10:55,515 INFO  server.RaftServerConfigKeys (ConfUtils.java:logGet(43)) - raft.server.log.appender.buffer.byte-limit = 33554432 (custom)
2019-07-13 19:10:55,515 INFO  server.GrpcService (ConfUtils.java:logGet(43)) - raft.grpc.flow.control.window = 1MB (=1048576) (default)
2019-07-13 19:10:55,515 INFO  server.RaftServerConfigKeys (ConfUtils.java:logGet(43)) - raft.server.rpc.request.timeout = 3000ms (default)
2019-07-13 19:10:55,516 INFO  server.RaftServerConfigKeys (ConfUtils.java:logGet(43)) - raft.server.storage.dir = [/tmp/workdir/hadoop-ozone/integration-test/target/test-dir/MiniOzoneClusterImpl-7ef340d7-68af-4f58-9b44-58bb6671d0fe/datanode-1/data/ratis] (custom)
2019-07-13 19:10:55,516 INFO  replication.SimpleContainerDownloader (SimpleContainerDownloader.java:<init>(72)) - Starting container downloader service to copy containers to replicate.
2019-07-13 19:10:55,518 INFO  hdfs.DFSUtil (DFSUtil.java:httpServerTemplateForNNAndJN(1641)) - Starting Web-server for hddsDatanode at: http://0.0.0.0:0
2019-07-13 19:10:55,520 INFO  server.AuthenticationFilter (AuthenticationFilter.java:constructSecretProvider(240)) - Unable to initialize FileSignerSecretProvider, falling back to use random secrets.
2019-07-13 19:10:55,520 WARN  http.HttpRequestLog (HttpRequestLog.java:getRequestLog(97)) - Jetty request log can only be enabled using Log4j
2019-07-13 19:10:55,522 INFO  http.HttpServer2 (HttpServer2.java:addGlobalFilter(975)) - Added global filter 'safety' (class=org.apache.hadoop.http.HttpServer2$QuotingInputFilter)
2019-07-13 19:10:55,523 INFO  http.HttpServer2 (HttpServer2.java:addFilter(948)) - Added filter static_user_filter (class=org.apache.hadoop.http.lib.StaticUserWebFilter$StaticUserFilter) to context hddsDatanode
2019-07-13 19:10:55,523 INFO  http.HttpServer2 (HttpServer2.java:addFilter(958)) - Added filter static_user_filter (class=org.apache.hadoop.http.lib.StaticUserWebFilter$StaticUserFilter) to context logs
2019-07-13 19:10:55,523 INFO  http.HttpServer2 (HttpServer2.java:addFilter(958)) - Added filter static_user_filter (class=org.apache.hadoop.http.lib.StaticUserWebFilter$StaticUserFilter) to context static
2019-07-13 19:10:55,524 INFO  http.HttpServer2 (HttpServer2.java:bindListener(1191)) - Jetty bound to port 43855
2019-07-13 19:10:55,524 INFO  server.Server (Server.java:doStart(351)) - jetty-9.3.24.v20180605, build timestamp: 2018-06-05T17:11:56Z, git hash: 84205aa28f11a4f31f2a3b86d1bba2cc8ab69827
2019-07-13 19:10:55,526 INFO  handler.ContextHandler (ContextHandler.java:doStart(781)) - Started o.e.j.s.ServletContextHandler@3b75b7b4{/logs,file:///tmp/workdir/hadoop-ozone/integration-test/target/log,AVAILABLE}
2019-07-13 19:10:55,527 INFO  handler.ContextHandler (ContextHandler.java:doStart(781)) - Started o.e.j.s.ServletContextHandler@119cd026{/static,jar:file:/home/user/.m2/repository/org/apache/hadoop/hadoop-hdds-container-service/0.5.0-SNAPSHOT/hadoop-hdds-container-service-0.5.0-SNAPSHOT.jar!/webapps/static,AVAILABLE}
2019-07-13 19:10:55,569 INFO  handler.ContextHandler (ContextHandler.java:doStart(781)) - Started o.e.j.w.WebAppContext@dcc7d1c{/,file:///tmp/jetty-0.0.0.0-43855-hddsDatanode-_-any-5970704721366684483.dir/webapp/,AVAILABLE}{/hddsDatanode}
2019-07-13 19:10:55,570 INFO  server.AbstractConnector (AbstractConnector.java:doStart(278)) - Started ServerConnector@6ac9742e{HTTP/1.1,[http/1.1]}{0.0.0.0:43855}
2019-07-13 19:10:55,578 INFO  server.Server (Server.java:doStart(419)) - Started @149765ms
2019-07-13 19:10:55,579 INFO  server.BaseHttpServer (BaseHttpServer.java:updateConnectorAddress(207)) - HTTP server of HDDSDATANODE is listening at http://0.0.0.0:43855
2019-07-13 19:10:55,718 INFO  ozone.HddsDatanodeService (HddsDatanodeService.java:startPlugins(396)) - Started plug-in org.apache.hadoop.ozone.web.OzoneHddsDatanodeService@6d86d1ad
2019-07-13 19:10:55,719 INFO  impl.MetricsSystemImpl (MetricsSystemImpl.java:init(158)) - HddsDatanode metrics system started (again)
2019-07-13 19:10:55,719 INFO  ozone.HddsDatanodeService (HddsDatanodeService.java:start(185)) - HddsDatanodeService host:trunk-nightly-fxqsz-774976932 ip:192.168.69.122
2019-07-13 19:10:55,720 INFO  util.JvmPauseMonitor (JvmPauseMonitor.java:run(188)) - Starting JVM pause monitor
2019-07-13 19:10:55,721 INFO  datanode.InitDatanodeState (InitDatanodeState.java:persistContainerDatanodeDetails(140)) - DatanodeDetails is persisted to /tmp/workdir/hadoop-ozone/integration-test/target/test-dir/MiniOzoneClusterImpl-7ef340d7-68af-4f58-9b44-58bb6671d0fe/datanode-1/meta/datanode.id
2019-07-13 19:10:55,741 INFO  volume.HddsVolume (HddsVolume.java:<init>(176)) - Creating Volume: /tmp/workdir/hadoop-ozone/integration-test/target/test-dir/MiniOzoneClusterImpl-7ef340d7-68af-4f58-9b44-58bb6671d0fe/datanode-2/data/containers/hdds of  storage type : DISK and capacity : 52710309888
2019-07-13 19:10:55,741 INFO  volume.VolumeSet (VolumeSet.java:initializeVolumeSet(170)) - Added Volume : /tmp/workdir/hadoop-ozone/integration-test/target/test-dir/MiniOzoneClusterImpl-7ef340d7-68af-4f58-9b44-58bb6671d0fe/datanode-2/data/containers/hdds to VolumeSet
2019-07-13 19:10:55,741 INFO  volume.ThrottledAsyncChecker (ThrottledAsyncChecker.java:schedule(140)) - Scheduling a check for org.apache.hadoop.ozone.container.common.volume.HddsVolume@6fca831e
2019-07-13 19:10:55,742 INFO  volume.HddsVolumeChecker (HddsVolumeChecker.java:checkAllVolumes(203)) - Scheduled health check for volume org.apache.hadoop.ozone.container.common.volume.HddsVolume@6fca831e
2019-07-13 19:10:55,764 INFO  impl.RaftServerProxy (ConfUtils.java:logGet(43)) - raft.rpc.type = GRPC (default)
2019-07-13 19:10:55,764 INFO  grpc.GrpcFactory (GrpcFactory.java:checkPooledByteBufAllocatorUseCacheForAllThreads(45)) - PERFORMANCE WARNING: useCacheForAllThreads is true that may cause Netty to create a lot garbage objects and, as a result, trigger GC.
	It is recommended to disable useCacheForAllThreads by setting -Dorg.apache.ratis.thirdparty.io.netty.allocator.useCacheForAllThreads=false in command line.
2019-07-13 19:10:55,764 INFO  grpc.GrpcConfigKeys$Server (ConfUtils.java:logGet(43)) - raft.grpc.server.port = 0 (default)
2019-07-13 19:10:55,765 INFO  server.GrpcService (ConfUtils.java:logGet(43)) - raft.grpc.message.size.max = 33570816 (custom)
2019-07-13 19:10:55,765 INFO  server.RaftServerConfigKeys (ConfUtils.java:logGet(43)) - raft.server.log.appender.buffer.byte-limit = 33554432 (custom)
2019-07-13 19:10:55,765 INFO  server.GrpcService (ConfUtils.java:logGet(43)) - raft.grpc.flow.control.window = 1MB (=1048576) (default)
2019-07-13 19:10:55,765 INFO  server.RaftServerConfigKeys (ConfUtils.java:logGet(43)) - raft.server.rpc.request.timeout = 3000ms (default)
2019-07-13 19:10:55,766 INFO  server.RaftServerConfigKeys (ConfUtils.java:logGet(43)) - raft.server.storage.dir = [/tmp/workdir/hadoop-ozone/integration-test/target/test-dir/MiniOzoneClusterImpl-7ef340d7-68af-4f58-9b44-58bb6671d0fe/datanode-2/data/ratis] (custom)
2019-07-13 19:10:55,766 INFO  replication.SimpleContainerDownloader (SimpleContainerDownloader.java:<init>(72)) - Starting container downloader service to copy containers to replicate.
2019-07-13 19:10:55,767 INFO  hdfs.DFSUtil (DFSUtil.java:httpServerTemplateForNNAndJN(1641)) - Starting Web-server for hddsDatanode at: http://0.0.0.0:0
2019-07-13 19:10:55,768 INFO  server.AuthenticationFilter (AuthenticationFilter.java:constructSecretProvider(240)) - Unable to initialize FileSignerSecretProvider, falling back to use random secrets.
2019-07-13 19:10:55,769 WARN  http.HttpRequestLog (HttpRequestLog.java:getRequestLog(97)) - Jetty request log can only be enabled using Log4j
2019-07-13 19:10:55,770 INFO  http.HttpServer2 (HttpServer2.java:addGlobalFilter(975)) - Added global filter 'safety' (class=org.apache.hadoop.http.HttpServer2$QuotingInputFilter)
2019-07-13 19:10:55,770 INFO  http.HttpServer2 (HttpServer2.java:addFilter(948)) - Added filter static_user_filter (class=org.apache.hadoop.http.lib.StaticUserWebFilter$StaticUserFilter) to context hddsDatanode
2019-07-13 19:10:55,770 INFO  http.HttpServer2 (HttpServer2.java:addFilter(958)) - Added filter static_user_filter (class=org.apache.hadoop.http.lib.StaticUserWebFilter$StaticUserFilter) to context logs
2019-07-13 19:10:55,770 INFO  http.HttpServer2 (HttpServer2.java:addFilter(958)) - Added filter static_user_filter (class=org.apache.hadoop.http.lib.StaticUserWebFilter$StaticUserFilter) to context static
2019-07-13 19:10:55,771 INFO  http.HttpServer2 (HttpServer2.java:bindListener(1191)) - Jetty bound to port 44934
2019-07-13 19:10:55,771 INFO  server.Server (Server.java:doStart(351)) - jetty-9.3.24.v20180605, build timestamp: 2018-06-05T17:11:56Z, git hash: 84205aa28f11a4f31f2a3b86d1bba2cc8ab69827
2019-07-13 19:10:55,773 INFO  handler.ContextHandler (ContextHandler.java:doStart(781)) - Started o.e.j.s.ServletContextHandler@75af5f2a{/logs,file:///tmp/workdir/hadoop-ozone/integration-test/target/log,AVAILABLE}
2019-07-13 19:10:55,773 INFO  handler.ContextHandler (ContextHandler.java:doStart(781)) - Started o.e.j.s.ServletContextHandler@728cf276{/static,jar:file:/home/user/.m2/repository/org/apache/hadoop/hadoop-hdds-container-service/0.5.0-SNAPSHOT/hadoop-hdds-container-service-0.5.0-SNAPSHOT.jar!/webapps/static,AVAILABLE}
2019-07-13 19:10:55,799 INFO  handler.ContextHandler (ContextHandler.java:doStart(781)) - Started o.e.j.w.WebAppContext@10d56aab{/,file:///tmp/jetty-0.0.0.0-44934-hddsDatanode-_-any-4451788263445009843.dir/webapp/,AVAILABLE}{/hddsDatanode}
2019-07-13 19:10:55,800 INFO  server.AbstractConnector (AbstractConnector.java:doStart(278)) - Started ServerConnector@7fb84ef7{HTTP/1.1,[http/1.1]}{0.0.0.0:44934}
2019-07-13 19:10:55,800 INFO  server.Server (Server.java:doStart(419)) - Started @149986ms
2019-07-13 19:10:55,807 INFO  server.BaseHttpServer (BaseHttpServer.java:updateConnectorAddress(207)) - HTTP server of HDDSDATANODE is listening at http://0.0.0.0:44934
2019-07-13 19:10:55,954 INFO  ozone.HddsDatanodeService (HddsDatanodeService.java:startPlugins(396)) - Started plug-in org.apache.hadoop.ozone.web.OzoneHddsDatanodeService@32c7495
2019-07-13 19:10:55,954 INFO  impl.MetricsSystemImpl (MetricsSystemImpl.java:init(158)) - HddsDatanode metrics system started (again)
2019-07-13 19:10:55,955 INFO  ozone.HddsDatanodeService (HddsDatanodeService.java:start(185)) - HddsDatanodeService host:trunk-nightly-fxqsz-774976932 ip:192.168.69.122
2019-07-13 19:10:55,956 INFO  util.JvmPauseMonitor (JvmPauseMonitor.java:run(188)) - Starting JVM pause monitor
2019-07-13 19:10:55,957 INFO  datanode.InitDatanodeState (InitDatanodeState.java:persistContainerDatanodeDetails(140)) - DatanodeDetails is persisted to /tmp/workdir/hadoop-ozone/integration-test/target/test-dir/MiniOzoneClusterImpl-7ef340d7-68af-4f58-9b44-58bb6671d0fe/datanode-2/meta/datanode.id
2019-07-13 19:10:55,978 INFO  volume.HddsVolume (HddsVolume.java:<init>(176)) - Creating Volume: /tmp/workdir/hadoop-ozone/integration-test/target/test-dir/MiniOzoneClusterImpl-7ef340d7-68af-4f58-9b44-58bb6671d0fe/datanode-3/data/containers/hdds of  storage type : DISK and capacity : 52710309888
2019-07-13 19:10:55,979 INFO  volume.VolumeSet (VolumeSet.java:initializeVolumeSet(170)) - Added Volume : /tmp/workdir/hadoop-ozone/integration-test/target/test-dir/MiniOzoneClusterImpl-7ef340d7-68af-4f58-9b44-58bb6671d0fe/datanode-3/data/containers/hdds to VolumeSet
2019-07-13 19:10:55,979 INFO  volume.ThrottledAsyncChecker (ThrottledAsyncChecker.java:schedule(140)) - Scheduling a check for org.apache.hadoop.ozone.container.common.volume.HddsVolume@879f852
2019-07-13 19:10:55,980 INFO  volume.HddsVolumeChecker (HddsVolumeChecker.java:checkAllVolumes(203)) - Scheduled health check for volume org.apache.hadoop.ozone.container.common.volume.HddsVolume@879f852
2019-07-13 19:10:56,003 INFO  impl.RaftServerProxy (ConfUtils.java:logGet(43)) - raft.rpc.type = GRPC (default)
2019-07-13 19:10:56,004 INFO  grpc.GrpcFactory (GrpcFactory.java:checkPooledByteBufAllocatorUseCacheForAllThreads(45)) - PERFORMANCE WARNING: useCacheForAllThreads is true that may cause Netty to create a lot garbage objects and, as a result, trigger GC.
	It is recommended to disable useCacheForAllThreads by setting -Dorg.apache.ratis.thirdparty.io.netty.allocator.useCacheForAllThreads=false in command line.
2019-07-13 19:10:56,004 INFO  grpc.GrpcConfigKeys$Server (ConfUtils.java:logGet(43)) - raft.grpc.server.port = 0 (default)
2019-07-13 19:10:56,004 INFO  server.GrpcService (ConfUtils.java:logGet(43)) - raft.grpc.message.size.max = 33570816 (custom)
2019-07-13 19:10:56,005 INFO  server.RaftServerConfigKeys (ConfUtils.java:logGet(43)) - raft.server.log.appender.buffer.byte-limit = 33554432 (custom)
2019-07-13 19:10:56,005 INFO  server.GrpcService (ConfUtils.java:logGet(43)) - raft.grpc.flow.control.window = 1MB (=1048576) (default)
2019-07-13 19:10:56,005 INFO  server.RaftServerConfigKeys (ConfUtils.java:logGet(43)) - raft.server.rpc.request.timeout = 3000ms (default)
2019-07-13 19:10:56,006 INFO  server.RaftServerConfigKeys (ConfUtils.java:logGet(43)) - raft.server.storage.dir = [/tmp/workdir/hadoop-ozone/integration-test/target/test-dir/MiniOzoneClusterImpl-7ef340d7-68af-4f58-9b44-58bb6671d0fe/datanode-3/data/ratis] (custom)
2019-07-13 19:10:56,006 INFO  replication.SimpleContainerDownloader (SimpleContainerDownloader.java:<init>(72)) - Starting container downloader service to copy containers to replicate.
2019-07-13 19:10:56,008 INFO  hdfs.DFSUtil (DFSUtil.java:httpServerTemplateForNNAndJN(1641)) - Starting Web-server for hddsDatanode at: http://0.0.0.0:0
2019-07-13 19:10:56,009 INFO  server.AuthenticationFilter (AuthenticationFilter.java:constructSecretProvider(240)) - Unable to initialize FileSignerSecretProvider, falling back to use random secrets.
2019-07-13 19:10:56,010 WARN  http.HttpRequestLog (HttpRequestLog.java:getRequestLog(97)) - Jetty request log can only be enabled using Log4j
2019-07-13 19:10:56,012 INFO  http.HttpServer2 (HttpServer2.java:addGlobalFilter(975)) - Added global filter 'safety' (class=org.apache.hadoop.http.HttpServer2$QuotingInputFilter)
2019-07-13 19:10:56,012 INFO  http.HttpServer2 (HttpServer2.java:addFilter(948)) - Added filter static_user_filter (class=org.apache.hadoop.http.lib.StaticUserWebFilter$StaticUserFilter) to context hddsDatanode
2019-07-13 19:10:56,013 INFO  http.HttpServer2 (HttpServer2.java:addFilter(958)) - Added filter static_user_filter (class=org.apache.hadoop.http.lib.StaticUserWebFilter$StaticUserFilter) to context logs
2019-07-13 19:10:56,013 INFO  http.HttpServer2 (HttpServer2.java:addFilter(958)) - Added filter static_user_filter (class=org.apache.hadoop.http.lib.StaticUserWebFilter$StaticUserFilter) to context static
2019-07-13 19:10:56,014 INFO  http.HttpServer2 (HttpServer2.java:bindListener(1191)) - Jetty bound to port 40388
2019-07-13 19:10:56,014 INFO  server.Server (Server.java:doStart(351)) - jetty-9.3.24.v20180605, build timestamp: 2018-06-05T17:11:56Z, git hash: 84205aa28f11a4f31f2a3b86d1bba2cc8ab69827
2019-07-13 19:10:56,016 INFO  handler.ContextHandler (ContextHandler.java:doStart(781)) - Started o.e.j.s.ServletContextHandler@2298af09{/logs,file:///tmp/workdir/hadoop-ozone/integration-test/target/log,AVAILABLE}
2019-07-13 19:10:56,016 INFO  handler.ContextHandler (ContextHandler.java:doStart(781)) - Started o.e.j.s.ServletContextHandler@23182d4d{/static,jar:file:/home/user/.m2/repository/org/apache/hadoop/hadoop-hdds-container-service/0.5.0-SNAPSHOT/hadoop-hdds-container-service-0.5.0-SNAPSHOT.jar!/webapps/static,AVAILABLE}
2019-07-13 19:10:56,064 INFO  handler.ContextHandler (ContextHandler.java:doStart(781)) - Started o.e.j.w.WebAppContext@3aafa1c1{/,file:///tmp/jetty-0.0.0.0-40388-hddsDatanode-_-any-8922085181977126156.dir/webapp/,AVAILABLE}{/hddsDatanode}
2019-07-13 19:10:56,065 INFO  server.AbstractConnector (AbstractConnector.java:doStart(278)) - Started ServerConnector@192f807{HTTP/1.1,[http/1.1]}{0.0.0.0:40388}
2019-07-13 19:10:56,072 INFO  server.Server (Server.java:doStart(419)) - Started @150252ms
2019-07-13 19:10:56,073 INFO  server.BaseHttpServer (BaseHttpServer.java:updateConnectorAddress(207)) - HTTP server of HDDSDATANODE is listening at http://0.0.0.0:40388
2019-07-13 19:10:56,196 INFO  ozone.HddsDatanodeService (HddsDatanodeService.java:startPlugins(396)) - Started plug-in org.apache.hadoop.ozone.web.OzoneHddsDatanodeService@3118ed2c
2019-07-13 19:10:56,196 INFO  impl.MetricsSystemImpl (MetricsSystemImpl.java:init(158)) - HddsDatanode metrics system started (again)
2019-07-13 19:10:56,197 INFO  ozone.HddsDatanodeService (HddsDatanodeService.java:start(185)) - HddsDatanodeService host:trunk-nightly-fxqsz-774976932 ip:192.168.69.122
2019-07-13 19:10:56,198 INFO  util.JvmPauseMonitor (JvmPauseMonitor.java:run(188)) - Starting JVM pause monitor
2019-07-13 19:10:56,199 INFO  datanode.InitDatanodeState (InitDatanodeState.java:persistContainerDatanodeDetails(140)) - DatanodeDetails is persisted to /tmp/workdir/hadoop-ozone/integration-test/target/test-dir/MiniOzoneClusterImpl-7ef340d7-68af-4f58-9b44-58bb6671d0fe/datanode-3/meta/datanode.id
2019-07-13 19:10:56,220 INFO  volume.HddsVolume (HddsVolume.java:<init>(176)) - Creating Volume: /tmp/workdir/hadoop-ozone/integration-test/target/test-dir/MiniOzoneClusterImpl-7ef340d7-68af-4f58-9b44-58bb6671d0fe/datanode-4/data/containers/hdds of  storage type : DISK and capacity : 52710309888
2019-07-13 19:10:56,220 INFO  volume.VolumeSet (VolumeSet.java:initializeVolumeSet(170)) - Added Volume : /tmp/workdir/hadoop-ozone/integration-test/target/test-dir/MiniOzoneClusterImpl-7ef340d7-68af-4f58-9b44-58bb6671d0fe/datanode-4/data/containers/hdds to VolumeSet
2019-07-13 19:10:56,220 INFO  volume.ThrottledAsyncChecker (ThrottledAsyncChecker.java:schedule(140)) - Scheduling a check for org.apache.hadoop.ozone.container.common.volume.HddsVolume@2d839402
2019-07-13 19:10:56,221 INFO  volume.HddsVolumeChecker (HddsVolumeChecker.java:checkAllVolumes(203)) - Scheduled health check for volume org.apache.hadoop.ozone.container.common.volume.HddsVolume@2d839402
2019-07-13 19:10:56,241 INFO  impl.RaftServerProxy (ConfUtils.java:logGet(43)) - raft.rpc.type = GRPC (default)
2019-07-13 19:10:56,241 INFO  grpc.GrpcFactory (GrpcFactory.java:checkPooledByteBufAllocatorUseCacheForAllThreads(45)) - PERFORMANCE WARNING: useCacheForAllThreads is true that may cause Netty to create a lot garbage objects and, as a result, trigger GC.
	It is recommended to disable useCacheForAllThreads by setting -Dorg.apache.ratis.thirdparty.io.netty.allocator.useCacheForAllThreads=false in command line.
2019-07-13 19:10:56,242 INFO  grpc.GrpcConfigKeys$Server (ConfUtils.java:logGet(43)) - raft.grpc.server.port = 0 (default)
2019-07-13 19:10:56,242 INFO  server.GrpcService (ConfUtils.java:logGet(43)) - raft.grpc.message.size.max = 33570816 (custom)
2019-07-13 19:10:56,242 INFO  server.RaftServerConfigKeys (ConfUtils.java:logGet(43)) - raft.server.log.appender.buffer.byte-limit = 33554432 (custom)
2019-07-13 19:10:56,242 INFO  server.GrpcService (ConfUtils.java:logGet(43)) - raft.grpc.flow.control.window = 1MB (=1048576) (default)
2019-07-13 19:10:56,242 INFO  server.RaftServerConfigKeys (ConfUtils.java:logGet(43)) - raft.server.rpc.request.timeout = 3000ms (default)
2019-07-13 19:10:56,243 INFO  server.RaftServerConfigKeys (ConfUtils.java:logGet(43)) - raft.server.storage.dir = [/tmp/workdir/hadoop-ozone/integration-test/target/test-dir/MiniOzoneClusterImpl-7ef340d7-68af-4f58-9b44-58bb6671d0fe/datanode-4/data/ratis] (custom)
2019-07-13 19:10:56,243 INFO  replication.SimpleContainerDownloader (SimpleContainerDownloader.java:<init>(72)) - Starting container downloader service to copy containers to replicate.
2019-07-13 19:10:56,244 INFO  hdfs.DFSUtil (DFSUtil.java:httpServerTemplateForNNAndJN(1641)) - Starting Web-server for hddsDatanode at: http://0.0.0.0:0
2019-07-13 19:10:56,246 INFO  server.AuthenticationFilter (AuthenticationFilter.java:constructSecretProvider(240)) - Unable to initialize FileSignerSecretProvider, falling back to use random secrets.
2019-07-13 19:10:56,246 WARN  http.HttpRequestLog (HttpRequestLog.java:getRequestLog(97)) - Jetty request log can only be enabled using Log4j
2019-07-13 19:10:56,247 INFO  http.HttpServer2 (HttpServer2.java:addGlobalFilter(975)) - Added global filter 'safety' (class=org.apache.hadoop.http.HttpServer2$QuotingInputFilter)
2019-07-13 19:10:56,248 INFO  http.HttpServer2 (HttpServer2.java:addFilter(948)) - Added filter static_user_filter (class=org.apache.hadoop.http.lib.StaticUserWebFilter$StaticUserFilter) to context hddsDatanode
2019-07-13 19:10:56,248 INFO  http.HttpServer2 (HttpServer2.java:addFilter(958)) - Added filter static_user_filter (class=org.apache.hadoop.http.lib.StaticUserWebFilter$StaticUserFilter) to context logs
2019-07-13 19:10:56,248 INFO  http.HttpServer2 (HttpServer2.java:addFilter(958)) - Added filter static_user_filter (class=org.apache.hadoop.http.lib.StaticUserWebFilter$StaticUserFilter) to context static
2019-07-13 19:10:56,249 INFO  http.HttpServer2 (HttpServer2.java:bindListener(1191)) - Jetty bound to port 34636
2019-07-13 19:10:56,249 INFO  server.Server (Server.java:doStart(351)) - jetty-9.3.24.v20180605, build timestamp: 2018-06-05T17:11:56Z, git hash: 84205aa28f11a4f31f2a3b86d1bba2cc8ab69827
2019-07-13 19:10:56,251 INFO  handler.ContextHandler (ContextHandler.java:doStart(781)) - Started o.e.j.s.ServletContextHandler@5feceb2f{/logs,file:///tmp/workdir/hadoop-ozone/integration-test/target/log,AVAILABLE}
2019-07-13 19:10:56,251 INFO  handler.ContextHandler (ContextHandler.java:doStart(781)) - Started o.e.j.s.ServletContextHandler@b41ceac{/static,jar:file:/home/user/.m2/repository/org/apache/hadoop/hadoop-hdds-container-service/0.5.0-SNAPSHOT/hadoop-hdds-container-service-0.5.0-SNAPSHOT.jar!/webapps/static,AVAILABLE}
2019-07-13 19:10:56,280 INFO  handler.ContextHandler (ContextHandler.java:doStart(781)) - Started o.e.j.w.WebAppContext@73c25e8{/,file:///tmp/jetty-0.0.0.0-34636-hddsDatanode-_-any-299789041053879859.dir/webapp/,AVAILABLE}{/hddsDatanode}
2019-07-13 19:10:56,280 INFO  server.AbstractConnector (AbstractConnector.java:doStart(278)) - Started ServerConnector@3545bfea{HTTP/1.1,[http/1.1]}{0.0.0.0:34636}
2019-07-13 19:10:56,280 INFO  server.Server (Server.java:doStart(419)) - Started @150467ms
2019-07-13 19:10:56,290 INFO  server.BaseHttpServer (BaseHttpServer.java:updateConnectorAddress(207)) - HTTP server of HDDSDATANODE is listening at http://0.0.0.0:34636
2019-07-13 19:10:56,400 INFO  ozone.HddsDatanodeService (HddsDatanodeService.java:startPlugins(396)) - Started plug-in org.apache.hadoop.ozone.web.OzoneHddsDatanodeService@23c3f787
2019-07-13 19:10:56,400 INFO  impl.MetricsSystemImpl (MetricsSystemImpl.java:init(158)) - HddsDatanode metrics system started (again)
2019-07-13 19:10:56,401 INFO  ozone.HddsDatanodeService (HddsDatanodeService.java:start(185)) - HddsDatanodeService host:trunk-nightly-fxqsz-774976932 ip:192.168.69.122
2019-07-13 19:10:56,402 INFO  util.JvmPauseMonitor (JvmPauseMonitor.java:run(188)) - Starting JVM pause monitor
2019-07-13 19:10:56,403 INFO  datanode.InitDatanodeState (InitDatanodeState.java:persistContainerDatanodeDetails(140)) - DatanodeDetails is persisted to /tmp/workdir/hadoop-ozone/integration-test/target/test-dir/MiniOzoneClusterImpl-7ef340d7-68af-4f58-9b44-58bb6671d0fe/datanode-4/meta/datanode.id
2019-07-13 19:10:56,424 INFO  volume.HddsVolume (HddsVolume.java:<init>(176)) - Creating Volume: /tmp/workdir/hadoop-ozone/integration-test/target/test-dir/MiniOzoneClusterImpl-7ef340d7-68af-4f58-9b44-58bb6671d0fe/datanode-5/data/containers/hdds of  storage type : DISK and capacity : 52710309888
2019-07-13 19:10:56,424 INFO  volume.VolumeSet (VolumeSet.java:initializeVolumeSet(170)) - Added Volume : /tmp/workdir/hadoop-ozone/integration-test/target/test-dir/MiniOzoneClusterImpl-7ef340d7-68af-4f58-9b44-58bb6671d0fe/datanode-5/data/containers/hdds to VolumeSet
2019-07-13 19:10:56,425 INFO  volume.ThrottledAsyncChecker (ThrottledAsyncChecker.java:schedule(140)) - Scheduling a check for org.apache.hadoop.ozone.container.common.volume.HddsVolume@5e60e639
2019-07-13 19:10:56,425 INFO  volume.HddsVolumeChecker (HddsVolumeChecker.java:checkAllVolumes(203)) - Scheduled health check for volume org.apache.hadoop.ozone.container.common.volume.HddsVolume@5e60e639
2019-07-13 19:10:56,451 INFO  impl.RaftServerProxy (ConfUtils.java:logGet(43)) - raft.rpc.type = GRPC (default)
2019-07-13 19:10:56,451 INFO  grpc.GrpcFactory (GrpcFactory.java:checkPooledByteBufAllocatorUseCacheForAllThreads(45)) - PERFORMANCE WARNING: useCacheForAllThreads is true that may cause Netty to create a lot garbage objects and, as a result, trigger GC.
	It is recommended to disable useCacheForAllThreads by setting -Dorg.apache.ratis.thirdparty.io.netty.allocator.useCacheForAllThreads=false in command line.
2019-07-13 19:10:56,452 INFO  grpc.GrpcConfigKeys$Server (ConfUtils.java:logGet(43)) - raft.grpc.server.port = 0 (default)
2019-07-13 19:10:56,452 INFO  server.GrpcService (ConfUtils.java:logGet(43)) - raft.grpc.message.size.max = 33570816 (custom)
2019-07-13 19:10:56,452 INFO  server.RaftServerConfigKeys (ConfUtils.java:logGet(43)) - raft.server.log.appender.buffer.byte-limit = 33554432 (custom)
2019-07-13 19:10:56,452 INFO  server.GrpcService (ConfUtils.java:logGet(43)) - raft.grpc.flow.control.window = 1MB (=1048576) (default)
2019-07-13 19:10:56,453 INFO  server.RaftServerConfigKeys (ConfUtils.java:logGet(43)) - raft.server.rpc.request.timeout = 3000ms (default)
2019-07-13 19:10:56,453 INFO  server.RaftServerConfigKeys (ConfUtils.java:logGet(43)) - raft.server.storage.dir = [/tmp/workdir/hadoop-ozone/integration-test/target/test-dir/MiniOzoneClusterImpl-7ef340d7-68af-4f58-9b44-58bb6671d0fe/datanode-5/data/ratis] (custom)
2019-07-13 19:10:56,453 INFO  replication.SimpleContainerDownloader (SimpleContainerDownloader.java:<init>(72)) - Starting container downloader service to copy containers to replicate.
2019-07-13 19:10:56,454 INFO  hdfs.DFSUtil (DFSUtil.java:httpServerTemplateForNNAndJN(1641)) - Starting Web-server for hddsDatanode at: http://0.0.0.0:0
2019-07-13 19:10:56,456 INFO  server.AuthenticationFilter (AuthenticationFilter.java:constructSecretProvider(240)) - Unable to initialize FileSignerSecretProvider, falling back to use random secrets.
2019-07-13 19:10:56,456 WARN  http.HttpRequestLog (HttpRequestLog.java:getRequestLog(97)) - Jetty request log can only be enabled using Log4j
2019-07-13 19:10:56,457 INFO  http.HttpServer2 (HttpServer2.java:addGlobalFilter(975)) - Added global filter 'safety' (class=org.apache.hadoop.http.HttpServer2$QuotingInputFilter)
2019-07-13 19:10:56,458 INFO  http.HttpServer2 (HttpServer2.java:addFilter(948)) - Added filter static_user_filter (class=org.apache.hadoop.http.lib.StaticUserWebFilter$StaticUserFilter) to context hddsDatanode
2019-07-13 19:10:56,458 INFO  http.HttpServer2 (HttpServer2.java:addFilter(958)) - Added filter static_user_filter (class=org.apache.hadoop.http.lib.StaticUserWebFilter$StaticUserFilter) to context static
2019-07-13 19:10:56,458 INFO  http.HttpServer2 (HttpServer2.java:addFilter(958)) - Added filter static_user_filter (class=org.apache.hadoop.http.lib.StaticUserWebFilter$StaticUserFilter) to context logs
2019-07-13 19:10:56,459 INFO  http.HttpServer2 (HttpServer2.java:bindListener(1191)) - Jetty bound to port 39305
2019-07-13 19:10:56,459 INFO  server.Server (Server.java:doStart(351)) - jetty-9.3.24.v20180605, build timestamp: 2018-06-05T17:11:56Z, git hash: 84205aa28f11a4f31f2a3b86d1bba2cc8ab69827
2019-07-13 19:10:56,461 INFO  handler.ContextHandler (ContextHandler.java:doStart(781)) - Started o.e.j.s.ServletContextHandler@53fa630{/logs,file:///tmp/workdir/hadoop-ozone/integration-test/target/log,AVAILABLE}
2019-07-13 19:10:56,461 INFO  handler.ContextHandler (ContextHandler.java:doStart(781)) - Started o.e.j.s.ServletContextHandler@6d5376b7{/static,jar:file:/home/user/.m2/repository/org/apache/hadoop/hadoop-hdds-container-service/0.5.0-SNAPSHOT/hadoop-hdds-container-service-0.5.0-SNAPSHOT.jar!/webapps/static,AVAILABLE}
2019-07-13 19:10:56,491 INFO  handler.ContextHandler (ContextHandler.java:doStart(781)) - Started o.e.j.w.WebAppContext@41843b88{/,file:///tmp/jetty-0.0.0.0-39305-hddsDatanode-_-any-2724140505628348172.dir/webapp/,AVAILABLE}{/hddsDatanode}
2019-07-13 19:10:56,492 INFO  server.AbstractConnector (AbstractConnector.java:doStart(278)) - Started ServerConnector@3cc7cf58{HTTP/1.1,[http/1.1]}{0.0.0.0:39305}
2019-07-13 19:10:56,492 INFO  server.Server (Server.java:doStart(419)) - Started @150678ms
2019-07-13 19:10:56,501 INFO  server.BaseHttpServer (BaseHttpServer.java:updateConnectorAddress(207)) - HTTP server of HDDSDATANODE is listening at http://0.0.0.0:39305
2019-07-13 19:10:56,626 INFO  ozone.HddsDatanodeService (HddsDatanodeService.java:startPlugins(396)) - Started plug-in org.apache.hadoop.ozone.web.OzoneHddsDatanodeService@59294447
2019-07-13 19:10:56,626 INFO  ozone.MiniOzoneClusterImpl (MiniOzoneClusterImpl.java:lambda$waitForClusterToBeReady$0(142)) - Waiting for cluster to be ready. Got 0 of 6 DN Heartbeats.
2019-07-13 19:10:56,628 INFO  util.JvmPauseMonitor (JvmPauseMonitor.java:run(188)) - Starting JVM pause monitor
2019-07-13 19:10:56,629 INFO  datanode.InitDatanodeState (InitDatanodeState.java:persistContainerDatanodeDetails(140)) - DatanodeDetails is persisted to /tmp/workdir/hadoop-ozone/integration-test/target/test-dir/MiniOzoneClusterImpl-7ef340d7-68af-4f58-9b44-58bb6671d0fe/datanode-5/meta/datanode.id
2019-07-13 19:10:57,622 INFO  ozoneimpl.OzoneContainer (OzoneContainer.java:start(186)) - Attempting to start container services.
2019-07-13 19:10:57,622 INFO  ozoneimpl.OzoneContainer (OzoneContainer.java:startContainerScrub(160)) - Background container scrubber has been disabled by hdds.containerscrub.enabled
2019-07-13 19:10:57,622 INFO  ratis.XceiverServerRatis (XceiverServerRatis.java:start(418)) - Starting XceiverServerRatis 6649e80d-1b3a-4d30-b1f3-c663d3b8bd53 at port 0
2019-07-13 19:10:57,627 INFO  ozone.MiniOzoneClusterImpl (MiniOzoneClusterImpl.java:lambda$waitForClusterToBeReady$0(142)) - Waiting for cluster to be ready. Got 0 of 6 DN Heartbeats.
2019-07-13 19:10:57,630 INFO  impl.RaftServerProxy (RaftServerProxy.java:lambda$start$3(299)) - 6649e80d-1b3a-4d30-b1f3-c663d3b8bd53: start RPC server
2019-07-13 19:10:57,631 INFO  server.GrpcService (GrpcService.java:startImpl(149)) - 6649e80d-1b3a-4d30-b1f3-c663d3b8bd53: GrpcService started, listening on 0.0.0.0/0.0.0.0:38341
2019-07-13 19:10:57,631 INFO  ratis.XceiverServerRatis (XceiverServerRatis.java:start(428)) - XceiverServerRatis 6649e80d-1b3a-4d30-b1f3-c663d3b8bd53 is started using port 38341
2019-07-13 19:10:57,632 INFO  server.XceiverServerGrpc (XceiverServerGrpc.java:start(161)) - XceiverServerGrpc 6649e80d-1b3a-4d30-b1f3-c663d3b8bd53 is started using port 41274
2019-07-13 19:10:57,736 INFO  ozoneimpl.OzoneContainer (OzoneContainer.java:start(186)) - Attempting to start container services.
2019-07-13 19:10:57,736 INFO  ozoneimpl.OzoneContainer (OzoneContainer.java:startContainerScrub(160)) - Background container scrubber has been disabled by hdds.containerscrub.enabled
2019-07-13 19:10:57,737 INFO  ratis.XceiverServerRatis (XceiverServerRatis.java:start(418)) - Starting XceiverServerRatis 4728f292-fc3e-4d51-85e9-6b690bae49b2 at port 0
2019-07-13 19:10:57,743 INFO  impl.RaftServerProxy (RaftServerProxy.java:lambda$start$3(299)) - 4728f292-fc3e-4d51-85e9-6b690bae49b2: start RPC server
2019-07-13 19:10:57,744 INFO  server.GrpcService (GrpcService.java:startImpl(149)) - 4728f292-fc3e-4d51-85e9-6b690bae49b2: GrpcService started, listening on 0.0.0.0/0.0.0.0:43901
2019-07-13 19:10:57,744 INFO  ratis.XceiverServerRatis (XceiverServerRatis.java:start(428)) - XceiverServerRatis 4728f292-fc3e-4d51-85e9-6b690bae49b2 is started using port 43901
2019-07-13 19:10:57,745 INFO  server.XceiverServerGrpc (XceiverServerGrpc.java:start(161)) - XceiverServerGrpc 4728f292-fc3e-4d51-85e9-6b690bae49b2 is started using port 34276
2019-07-13 19:10:57,978 INFO  ozoneimpl.OzoneContainer (OzoneContainer.java:start(186)) - Attempting to start container services.
2019-07-13 19:10:57,978 INFO  ozoneimpl.OzoneContainer (OzoneContainer.java:startContainerScrub(160)) - Background container scrubber has been disabled by hdds.containerscrub.enabled
2019-07-13 19:10:57,979 INFO  ratis.XceiverServerRatis (XceiverServerRatis.java:start(418)) - Starting XceiverServerRatis 2e4d2605-fa3b-4364-8a8a-d4dc65addb57 at port 0
2019-07-13 19:10:57,985 INFO  impl.RaftServerProxy (RaftServerProxy.java:lambda$start$3(299)) - 2e4d2605-fa3b-4364-8a8a-d4dc65addb57: start RPC server
2019-07-13 19:10:57,986 INFO  server.GrpcService (GrpcService.java:startImpl(149)) - 2e4d2605-fa3b-4364-8a8a-d4dc65addb57: GrpcService started, listening on 0.0.0.0/0.0.0.0:35297
2019-07-13 19:10:57,986 INFO  ratis.XceiverServerRatis (XceiverServerRatis.java:start(428)) - XceiverServerRatis 2e4d2605-fa3b-4364-8a8a-d4dc65addb57 is started using port 35297
2019-07-13 19:10:57,986 INFO  server.XceiverServerGrpc (XceiverServerGrpc.java:start(161)) - XceiverServerGrpc 2e4d2605-fa3b-4364-8a8a-d4dc65addb57 is started using port 42752
2019-07-13 19:10:58,213 INFO  ozoneimpl.OzoneContainer (OzoneContainer.java:start(186)) - Attempting to start container services.
2019-07-13 19:10:58,213 INFO  ozoneimpl.OzoneContainer (OzoneContainer.java:startContainerScrub(160)) - Background container scrubber has been disabled by hdds.containerscrub.enabled
2019-07-13 19:10:58,213 INFO  ratis.XceiverServerRatis (XceiverServerRatis.java:start(418)) - Starting XceiverServerRatis 1e39f4ad-28f9-47a0-89ed-fce4606cdd96 at port 0
2019-07-13 19:10:58,220 INFO  impl.RaftServerProxy (RaftServerProxy.java:lambda$start$3(299)) - 1e39f4ad-28f9-47a0-89ed-fce4606cdd96: start RPC server
2019-07-13 19:10:58,221 INFO  server.GrpcService (GrpcService.java:startImpl(149)) - 1e39f4ad-28f9-47a0-89ed-fce4606cdd96: GrpcService started, listening on 0.0.0.0/0.0.0.0:36909
2019-07-13 19:10:58,221 INFO  ratis.XceiverServerRatis (XceiverServerRatis.java:start(428)) - XceiverServerRatis 1e39f4ad-28f9-47a0-89ed-fce4606cdd96 is started using port 36909
2019-07-13 19:10:58,271 INFO  server.XceiverServerGrpc (XceiverServerGrpc.java:start(161)) - XceiverServerGrpc 1e39f4ad-28f9-47a0-89ed-fce4606cdd96 is started using port 43005
2019-07-13 19:10:58,428 INFO  ozoneimpl.OzoneContainer (OzoneContainer.java:start(186)) - Attempting to start container services.
2019-07-13 19:10:58,428 INFO  ozoneimpl.OzoneContainer (OzoneContainer.java:startContainerScrub(160)) - Background container scrubber has been disabled by hdds.containerscrub.enabled
2019-07-13 19:10:58,428 INFO  ratis.XceiverServerRatis (XceiverServerRatis.java:start(418)) - Starting XceiverServerRatis 5d5edfa8-0e23-4b54-b3bf-06bedf46de88 at port 0
2019-07-13 19:10:58,436 INFO  impl.RaftServerProxy (RaftServerProxy.java:lambda$start$3(299)) - 5d5edfa8-0e23-4b54-b3bf-06bedf46de88: start RPC server
2019-07-13 19:10:58,437 INFO  server.GrpcService (GrpcService.java:startImpl(149)) - 5d5edfa8-0e23-4b54-b3bf-06bedf46de88: GrpcService started, listening on 0.0.0.0/0.0.0.0:34694
2019-07-13 19:10:58,437 INFO  ratis.XceiverServerRatis (XceiverServerRatis.java:start(428)) - XceiverServerRatis 5d5edfa8-0e23-4b54-b3bf-06bedf46de88 is started using port 34694
2019-07-13 19:10:58,438 INFO  server.XceiverServerGrpc (XceiverServerGrpc.java:start(161)) - XceiverServerGrpc 5d5edfa8-0e23-4b54-b3bf-06bedf46de88 is started using port 33884
2019-07-13 19:10:58,627 INFO  ozone.MiniOzoneClusterImpl (MiniOzoneClusterImpl.java:lambda$waitForClusterToBeReady$0(142)) - Waiting for cluster to be ready. Got 0 of 6 DN Heartbeats.
2019-07-13 19:10:58,654 INFO  ozoneimpl.OzoneContainer (OzoneContainer.java:start(186)) - Attempting to start container services.
2019-07-13 19:10:58,654 INFO  ozoneimpl.OzoneContainer (OzoneContainer.java:startContainerScrub(160)) - Background container scrubber has been disabled by hdds.containerscrub.enabled
2019-07-13 19:10:58,654 INFO  ratis.XceiverServerRatis (XceiverServerRatis.java:start(418)) - Starting XceiverServerRatis c31fe80b-a978-435c-a5db-d35cb9eb23b0 at port 0
2019-07-13 19:10:58,662 INFO  impl.RaftServerProxy (RaftServerProxy.java:lambda$start$3(299)) - c31fe80b-a978-435c-a5db-d35cb9eb23b0: start RPC server
2019-07-13 19:10:58,663 INFO  server.GrpcService (GrpcService.java:startImpl(149)) - c31fe80b-a978-435c-a5db-d35cb9eb23b0: GrpcService started, listening on 0.0.0.0/0.0.0.0:43530
2019-07-13 19:10:58,663 INFO  ratis.XceiverServerRatis (XceiverServerRatis.java:start(428)) - XceiverServerRatis c31fe80b-a978-435c-a5db-d35cb9eb23b0 is started using port 43530
2019-07-13 19:10:58,664 INFO  server.XceiverServerGrpc (XceiverServerGrpc.java:start(161)) - XceiverServerGrpc c31fe80b-a978-435c-a5db-d35cb9eb23b0 is started using port 32797
2019-07-13 19:10:59,367 INFO  impl.FollowerState (FollowerState.java:run(106)) - b2834bdc-0b24-4552-85d4-88a911f4f023:group-92313D9D1579 changes to CANDIDATE, lastRpcTime:8984, electionTimeout:5069ms
2019-07-13 19:10:59,367 INFO  impl.RoleInfo (RoleInfo.java:shutdownFollowerState(121)) - b2834bdc-0b24-4552-85d4-88a911f4f023: shutdown FollowerState
2019-07-13 19:10:59,367 INFO  impl.RaftServerImpl (RaftServerImpl.java:setRole(171)) - b2834bdc-0b24-4552-85d4-88a911f4f023:group-92313D9D1579 changes role from FOLLOWER to CANDIDATE at term 1 for changeToCandidate
2019-07-13 19:10:59,367 INFO  impl.RoleInfo (RoleInfo.java:updateAndGet(143)) - b2834bdc-0b24-4552-85d4-88a911f4f023: start LeaderElection
2019-07-13 19:10:59,376 INFO  impl.RaftServerImpl (ServerState.java:setLeader(263)) - b2834bdc-0b24-4552-85d4-88a911f4f023:group-92313D9D1579 change Leader from d92fd9b4-9a09-412f-89f4-a9cd00fb85be to null at term 1 for initElection
2019-07-13 19:10:59,401 INFO  impl.LeaderElection (LeaderElection.java:askForVotes(181)) - b2834bdc-0b24-4552-85d4-88a911f4f023:group-92313D9D1579:LeaderElection66: begin an election at term 2 for 0: [b2834bdc-0b24-4552-85d4-88a911f4f023:192.168.69.122:44775, 87c5d8a8-f726-42e2-9770-a2af52013bda:192.168.69.122:41190, d92fd9b4-9a09-412f-89f4-a9cd00fb85be:192.168.69.122:39437], old=null
2019-07-13 19:10:59,405 INFO  impl.LeaderElection (LogUtils.java:infoOrTrace(149)) - b2834bdc-0b24-4552-85d4-88a911f4f023:group-92313D9D1579:LeaderElection66 got exception when requesting votes: {}
java.util.concurrent.ExecutionException: org.apache.ratis.thirdparty.io.grpc.StatusRuntimeException: UNAVAILABLE: io exception
	at java.util.concurrent.FutureTask.report(FutureTask.java:122)
	at java.util.concurrent.FutureTask.get(FutureTask.java:192)
	at org.apache.ratis.server.impl.LeaderElection.waitForResults(LeaderElection.java:262)
	at org.apache.ratis.server.impl.LeaderElection.askForVotes(LeaderElection.java:200)
	at org.apache.ratis.server.impl.LeaderElection.run(LeaderElection.java:130)
	at java.lang.Thread.run(Thread.java:748)
Caused by: org.apache.ratis.thirdparty.io.grpc.StatusRuntimeException: UNAVAILABLE: io exception
	at org.apache.ratis.thirdparty.io.grpc.stub.ClientCalls.toStatusRuntimeException(ClientCalls.java:233)
	at org.apache.ratis.thirdparty.io.grpc.stub.ClientCalls.getUnchecked(ClientCalls.java:214)
	at org.apache.ratis.thirdparty.io.grpc.stub.ClientCalls.blockingUnaryCall(ClientCalls.java:139)
	at org.apache.ratis.proto.grpc.RaftServerProtocolServiceGrpc$RaftServerProtocolServiceBlockingStub.requestVote(RaftServerProtocolServiceGrpc.java:265)
	at org.apache.ratis.grpc.server.GrpcServerProtocolClient.requestVote(GrpcServerProtocolClient.java:83)
	at org.apache.ratis.grpc.server.GrpcService.requestVote(GrpcService.java:195)
	at org.apache.ratis.server.impl.LeaderElection.lambda$submitRequests$1(LeaderElection.java:237)
	at java.util.concurrent.FutureTask.run(FutureTask.java:266)
	at java.util.concurrent.Executors$RunnableAdapter.call(Executors.java:511)
	at java.util.concurrent.FutureTask.run(FutureTask.java:266)
	at java.util.concurrent.ThreadPoolExecutor.runWorker(ThreadPoolExecutor.java:1149)
	at java.util.concurrent.ThreadPoolExecutor$Worker.run(ThreadPoolExecutor.java:624)
	... 1 more
Caused by: org.apache.ratis.thirdparty.io.netty.channel.AbstractChannel$AnnotatedConnectException: Connection refused: /192.168.69.122:39437
	at sun.nio.ch.SocketChannelImpl.checkConnect(Native Method)
	at sun.nio.ch.SocketChannelImpl.finishConnect(SocketChannelImpl.java:717)
	at org.apache.ratis.thirdparty.io.netty.channel.socket.nio.NioSocketChannel.doFinishConnect(NioSocketChannel.java:327)
	at org.apache.ratis.thirdparty.io.netty.channel.nio.AbstractNioChannel$AbstractNioUnsafe.finishConnect(AbstractNioChannel.java:340)
	at org.apache.ratis.thirdparty.io.netty.channel.nio.NioEventLoop.processSelectedKey(NioEventLoop.java:632)
	at org.apache.ratis.thirdparty.io.netty.channel.nio.NioEventLoop.processSelectedKeysOptimized(NioEventLoop.java:579)
	at org.apache.ratis.thirdparty.io.netty.channel.nio.NioEventLoop.processSelectedKeys(NioEventLoop.java:496)
	at org.apache.ratis.thirdparty.io.netty.channel.nio.NioEventLoop.run(NioEventLoop.java:458)
	at org.apache.ratis.thirdparty.io.netty.util.concurrent.SingleThreadEventExecutor$5.run(SingleThreadEventExecutor.java:897)
	at org.apache.ratis.thirdparty.io.netty.util.concurrent.FastThreadLocalRunnable.run(FastThreadLocalRunnable.java:30)
	... 1 more
Caused by: java.net.ConnectException: Connection refused
	... 11 more
2019-07-13 19:10:59,416 INFO  impl.RaftServerImpl (ServerState.java:setLeader(263)) - 87c5d8a8-f726-42e2-9770-a2af52013bda:group-92313D9D1579 change Leader from d92fd9b4-9a09-412f-89f4-a9cd00fb85be to null at term 2 for updateCurrentTerm
2019-07-13 19:10:59,417 INFO  impl.RaftServerImpl (RaftServerImpl.java:setRole(171)) - 87c5d8a8-f726-42e2-9770-a2af52013bda:group-92313D9D1579 changes role from FOLLOWER to FOLLOWER at term 2 for recognizeCandidate:b2834bdc-0b24-4552-85d4-88a911f4f023
2019-07-13 19:10:59,417 INFO  impl.RoleInfo (RoleInfo.java:shutdownFollowerState(121)) - 87c5d8a8-f726-42e2-9770-a2af52013bda: shutdown FollowerState
2019-07-13 19:10:59,417 INFO  impl.RoleInfo (RoleInfo.java:updateAndGet(143)) - 87c5d8a8-f726-42e2-9770-a2af52013bda: start FollowerState
2019-07-13 19:10:59,417 INFO  impl.FollowerState (FollowerState.java:run(114)) - 87c5d8a8-f726-42e2-9770-a2af52013bda: FollowerState was interrupted: java.lang.InterruptedException: sleep interrupted
2019-07-13 19:10:59,445 INFO  net.NetworkTopology (NetworkTopologyImpl.java:add(110)) - Added a new node: /default-rack/192.168.69.122
2019-07-13 19:10:59,446 INFO  node.SCMNodeManager (SCMNodeManager.java:register(269)) - Registered Data node : 6649e80d-1b3a-4d30-b1f3-c663d3b8bd53{ip: 192.168.69.122, host: trunk-nightly-fxqsz-774976932, networkLocation: /default-rack, certSerialId: null}
2019-07-13 19:10:59,454 INFO  impl.LeaderElection (LeaderElection.java:logAndReturn(56)) - b2834bdc-0b24-4552-85d4-88a911f4f023:group-92313D9D1579:LeaderElection66: Election PASSED; received 1 response(s) [b2834bdc-0b24-4552-85d4-88a911f4f023<-87c5d8a8-f726-42e2-9770-a2af52013bda#0:OK-t2] and 1 exception(s); b2834bdc-0b24-4552-85d4-88a911f4f023:t2, leader=null, voted=b2834bdc-0b24-4552-85d4-88a911f4f023, raftlog=b2834bdc-0b24-4552-85d4-88a911f4f023-SegmentedRaftLog:OPENED:c4,f4,i4, conf=0: [b2834bdc-0b24-4552-85d4-88a911f4f023:192.168.69.122:44775, 87c5d8a8-f726-42e2-9770-a2af52013bda:192.168.69.122:41190, d92fd9b4-9a09-412f-89f4-a9cd00fb85be:192.168.69.122:39437], old=null
2019-07-13 19:10:59,454 INFO  impl.LeaderElection (LogUtils.java:infoOrTrace(149)) -   Exception 0: {}
java.util.concurrent.ExecutionException: org.apache.ratis.thirdparty.io.grpc.StatusRuntimeException: UNAVAILABLE: io exception
	at java.util.concurrent.FutureTask.report(FutureTask.java:122)
	at java.util.concurrent.FutureTask.get(FutureTask.java:192)
	at org.apache.ratis.server.impl.LeaderElection.waitForResults(LeaderElection.java:262)
	at org.apache.ratis.server.impl.LeaderElection.askForVotes(LeaderElection.java:200)
	at org.apache.ratis.server.impl.LeaderElection.run(LeaderElection.java:130)
	at java.lang.Thread.run(Thread.java:748)
Caused by: org.apache.ratis.thirdparty.io.grpc.StatusRuntimeException: UNAVAILABLE: io exception
	at org.apache.ratis.thirdparty.io.grpc.stub.ClientCalls.toStatusRuntimeException(ClientCalls.java:233)
	at org.apache.ratis.thirdparty.io.grpc.stub.ClientCalls.getUnchecked(ClientCalls.java:214)
	at org.apache.ratis.thirdparty.io.grpc.stub.ClientCalls.blockingUnaryCall(ClientCalls.java:139)
	at org.apache.ratis.proto.grpc.RaftServerProtocolServiceGrpc$RaftServerProtocolServiceBlockingStub.requestVote(RaftServerProtocolServiceGrpc.java:265)
	at org.apache.ratis.grpc.server.GrpcServerProtocolClient.requestVote(GrpcServerProtocolClient.java:83)
	at org.apache.ratis.grpc.server.GrpcService.requestVote(GrpcService.java:195)
	at org.apache.ratis.server.impl.LeaderElection.lambda$submitRequests$1(LeaderElection.java:237)
	at java.util.concurrent.FutureTask.run(FutureTask.java:266)
	at java.util.concurrent.Executors$RunnableAdapter.call(Executors.java:511)
	at java.util.concurrent.FutureTask.run(FutureTask.java:266)
	at java.util.concurrent.ThreadPoolExecutor.runWorker(ThreadPoolExecutor.java:1149)
	at java.util.concurrent.ThreadPoolExecutor$Worker.run(ThreadPoolExecutor.java:624)
	... 1 more
Caused by: org.apache.ratis.thirdparty.io.netty.channel.AbstractChannel$AnnotatedConnectException: Connection refused: /192.168.69.122:39437
	at sun.nio.ch.SocketChannelImpl.checkConnect(Native Method)
	at sun.nio.ch.SocketChannelImpl.finishConnect(SocketChannelImpl.java:717)
	at org.apache.ratis.thirdparty.io.netty.channel.socket.nio.NioSocketChannel.doFinishConnect(NioSocketChannel.java:327)
	at org.apache.ratis.thirdparty.io.netty.channel.nio.AbstractNioChannel$AbstractNioUnsafe.finishConnect(AbstractNioChannel.java:340)
	at org.apache.ratis.thirdparty.io.netty.channel.nio.NioEventLoop.processSelectedKey(NioEventLoop.java:632)
	at org.apache.ratis.thirdparty.io.netty.channel.nio.NioEventLoop.processSelectedKeysOptimized(NioEventLoop.java:579)
	at org.apache.ratis.thirdparty.io.netty.channel.nio.NioEventLoop.processSelectedKeys(NioEventLoop.java:496)
	at org.apache.ratis.thirdparty.io.netty.channel.nio.NioEventLoop.run(NioEventLoop.java:458)
	at org.apache.ratis.thirdparty.io.netty.util.concurrent.SingleThreadEventExecutor$5.run(SingleThreadEventExecutor.java:897)
	at org.apache.ratis.thirdparty.io.netty.util.concurrent.FastThreadLocalRunnable.run(FastThreadLocalRunnable.java:30)
	... 1 more
Caused by: java.net.ConnectException: Connection refused
	... 11 more
2019-07-13 19:10:59,455 INFO  safemode.SCMSafeModeManager (DataNodeSafeModeRule.java:process(71)) - SCM in safe mode. 1 DataNodes registered, 1 required.
2019-07-13 19:10:59,462 INFO  safemode.SCMSafeModeManager (SCMSafeModeManager.java:validateSafeModeExitRules(177)) - ScmSafeModeManager, all rules are successfully validated
2019-07-13 19:10:59,462 INFO  impl.RoleInfo (RoleInfo.java:shutdownLeaderElection(134)) - b2834bdc-0b24-4552-85d4-88a911f4f023: shutdown LeaderElection
2019-07-13 19:10:59,463 INFO  safemode.SCMSafeModeManager (SCMSafeModeManager.java:exitSafeMode(193)) - SCM exiting safe mode.
2019-07-13 19:10:59,463 INFO  impl.RaftServerImpl (RaftServerImpl.java:setRole(171)) - b2834bdc-0b24-4552-85d4-88a911f4f023:group-92313D9D1579 changes role from CANDIDATE to LEADER at term 2 for changeToLeader
2019-07-13 19:10:59,463 INFO  impl.RaftServerImpl (ServerState.java:setLeader(263)) - b2834bdc-0b24-4552-85d4-88a911f4f023:group-92313D9D1579 change Leader from null to b2834bdc-0b24-4552-85d4-88a911f4f023 at term 2 for becomeLeader, leader elected after 86ms
2019-07-13 19:10:59,463 INFO  server.RaftServerConfigKeys (ConfUtils.java:logGet(43)) - raft.server.staging.catchup.gap = 1000 (default)
2019-07-13 19:10:59,463 INFO  server.RaftServerConfigKeys (ConfUtils.java:logGet(43)) - raft.server.rpc.sleep.time = 25ms (default)
2019-07-13 19:10:59,464 INFO  server.RaftServerConfigKeys (ConfUtils.java:logGet(43)) - raft.server.write.element-limit = 4096 (default)
2019-07-13 19:10:59,464 INFO  server.RaftServerConfigKeys (ConfUtils.java:logGet(43)) - raft.server.watch.timeout = 10s (default)
2019-07-13 19:10:59,464 INFO  server.RaftServerConfigKeys (ConfUtils.java:logGet(43)) - raft.server.watch.timeout.denomination = 1s (default)
2019-07-13 19:10:59,464 INFO  server.RaftServerConfigKeys (ConfUtils.java:logGet(43)) - raft.server.watch.element-limit = 65536 (default)
2019-07-13 19:10:59,464 INFO  server.RaftServerConfigKeys (ConfUtils.java:logGet(43)) - raft.server.log.appender.snapshot.chunk.size.max = 16MB (=16777216) (default)
2019-07-13 19:10:59,465 INFO  server.RaftServerConfigKeys (ConfUtils.java:logGet(43)) - raft.server.log.appender.buffer.byte-limit = 33554432 (custom)
2019-07-13 19:10:59,465 INFO  server.RaftServerConfigKeys (ConfUtils.java:logGet(43)) - raft.server.log.appender.buffer.element-limit = 1 (custom)
2019-07-13 19:10:59,465 INFO  grpc.GrpcConfigKeys$Server (ConfUtils.java:logGet(43)) - raft.grpc.server.leader.outstanding.appends.max = 128 (default)
2019-07-13 19:10:59,465 INFO  server.RaftServerConfigKeys (ConfUtils.java:logGet(43)) - raft.server.rpc.request.timeout = 3000ms (default)
2019-07-13 19:10:59,465 INFO  server.RaftServerConfigKeys (ConfUtils.java:logGet(43)) - raft.server.log.appender.install.snapshot.enabled = false (custom)
2019-07-13 19:10:59,466 INFO  server.RaftServerConfigKeys (ConfUtils.java:logGet(43)) - raft.server.log.appender.snapshot.chunk.size.max = 16MB (=16777216) (default)
2019-07-13 19:10:59,466 INFO  server.RaftServerConfigKeys (ConfUtils.java:logGet(43)) - raft.server.log.appender.buffer.byte-limit = 33554432 (custom)
2019-07-13 19:10:59,466 INFO  server.RaftServerConfigKeys (ConfUtils.java:logGet(43)) - raft.server.log.appender.buffer.element-limit = 1 (custom)
2019-07-13 19:10:59,466 INFO  grpc.GrpcConfigKeys$Server (ConfUtils.java:logGet(43)) - raft.grpc.server.leader.outstanding.appends.max = 128 (default)
2019-07-13 19:10:59,466 INFO  server.RaftServerConfigKeys (ConfUtils.java:logGet(43)) - raft.server.rpc.request.timeout = 3000ms (default)
2019-07-13 19:10:59,467 INFO  server.RaftServerConfigKeys (ConfUtils.java:logGet(43)) - raft.server.log.appender.install.snapshot.enabled = false (custom)
2019-07-13 19:10:59,467 INFO  impl.RoleInfo (RoleInfo.java:updateAndGet(143)) - b2834bdc-0b24-4552-85d4-88a911f4f023: start LeaderState
2019-07-13 19:10:59,474 INFO  segmented.SegmentedRaftLogWorker (SegmentedRaftLogWorker.java:rollLogSegment(385)) - b2834bdc-0b24-4552-85d4-88a911f4f023-SegmentedRaftLogWorker:Storage Directory /tmp/workdir/hadoop-ozone/integration-test/target/test-dir/MiniOzoneClusterImpl-4e9110eb-ad8a-42ba-abdf-1de919b0d281/datanode-1/data/ratis/540f42b0-e9a2-45f2-baaa-92313d9d1579: Rolling segment log-0_4 to index:4
2019-07-13 19:10:59,474 INFO  impl.RaftServerProxy (RaftServerProxy.java:addNew(89)) - 6649e80d-1b3a-4d30-b1f3-c663d3b8bd53: addNew group-B8766955828C:[6649e80d-1b3a-4d30-b1f3-c663d3b8bd53:192.168.69.122:38341] returns group-B8766955828C:java.util.concurrent.CompletableFuture@7295ebc7[Not completed]
2019-07-13 19:10:59,475 INFO  impl.RaftServerImpl (RaftServerImpl.java:<init>(93)) - 6649e80d-1b3a-4d30-b1f3-c663d3b8bd53: new RaftServerImpl for group-B8766955828C:[6649e80d-1b3a-4d30-b1f3-c663d3b8bd53:192.168.69.122:38341] with ContainerStateMachine:uninitialized
2019-07-13 19:10:59,476 INFO  server.RaftServerConfigKeys (ConfUtils.java:logGet(43)) - raft.server.rpc.timeout.min = 5s (custom)
2019-07-13 19:10:59,476 INFO  server.RaftServerConfigKeys (ConfUtils.java:logGet(43)) - raft.server.rpc.timeout.max = 5200ms (custom)
2019-07-13 19:10:59,476 INFO  server.RaftServerConfigKeys (ConfUtils.java:logGet(43)) - raft.server.rpcslowness.timeout = 120s (custom)
2019-07-13 19:10:59,476 INFO  server.RaftServerConfigKeys (ConfUtils.java:logGet(43)) - raft.server.sleep.deviation.threshold = 300 (default)
2019-07-13 19:10:59,476 INFO  server.RaftServerConfigKeys (ConfUtils.java:logGet(43)) - raft.server.log.appender.install.snapshot.enabled = false (custom)
2019-07-13 19:10:59,476 INFO  impl.RaftServerImpl (ServerState.java:<init>(105)) - 6649e80d-1b3a-4d30-b1f3-c663d3b8bd53:group-B8766955828C ConfigurationManager, init=-1: [6649e80d-1b3a-4d30-b1f3-c663d3b8bd53:192.168.69.122:38341], old=null, confs=<EMPTY_MAP>
2019-07-13 19:10:59,476 INFO  server.RaftServerConfigKeys (ConfUtils.java:logGet(43)) - raft.server.storage.dir = [/tmp/workdir/hadoop-ozone/integration-test/target/test-dir/MiniOzoneClusterImpl-7ef340d7-68af-4f58-9b44-58bb6671d0fe/datanode-0/data/ratis] (custom)
2019-07-13 19:10:59,477 INFO  storage.RaftStorageDirectory (RaftStorageDirectory.java:analyzeStorage(246)) - The storage directory /tmp/workdir/hadoop-ozone/integration-test/target/test-dir/MiniOzoneClusterImpl-7ef340d7-68af-4f58-9b44-58bb6671d0fe/datanode-0/data/ratis/471bc150-b2c4-4b86-ba1c-b8766955828c does not exist. Creating ...
2019-07-13 19:10:59,477 INFO  impl.RaftServerImpl (ServerState.java:setRaftConf(361)) - b2834bdc-0b24-4552-85d4-88a911f4f023:group-92313D9D1579 set configuration 5: [b2834bdc-0b24-4552-85d4-88a911f4f023:192.168.69.122:44775, 87c5d8a8-f726-42e2-9770-a2af52013bda:192.168.69.122:41190, d92fd9b4-9a09-412f-89f4-a9cd00fb85be:192.168.69.122:39437], old=null at 5
2019-07-13 19:10:59,477 INFO  segmented.SegmentedRaftLogWorker (SegmentedRaftLogWorker.java:execute(526)) - b2834bdc-0b24-4552-85d4-88a911f4f023-SegmentedRaftLogWorker:Storage Directory /tmp/workdir/hadoop-ozone/integration-test/target/test-dir/MiniOzoneClusterImpl-4e9110eb-ad8a-42ba-abdf-1de919b0d281/datanode-1/data/ratis/540f42b0-e9a2-45f2-baaa-92313d9d1579: Rolled log segment from /tmp/workdir/hadoop-ozone/integration-test/target/test-dir/MiniOzoneClusterImpl-4e9110eb-ad8a-42ba-abdf-1de919b0d281/datanode-1/data/ratis/540f42b0-e9a2-45f2-baaa-92313d9d1579/current/log_inprogress_0 to /tmp/workdir/hadoop-ozone/integration-test/target/test-dir/MiniOzoneClusterImpl-4e9110eb-ad8a-42ba-abdf-1de919b0d281/datanode-1/data/ratis/540f42b0-e9a2-45f2-baaa-92313d9d1579/current/log_0-4
2019-07-13 19:10:59,478 WARN  server.GrpcLogAppender (LogUtils.java:warn(134)) - b2834bdc-0b24-4552-85d4-88a911f4f023->d92fd9b4-9a09-412f-89f4-a9cd00fb85be: Failed appendEntries: org.apache.ratis.thirdparty.io.grpc.StatusRuntimeException: UNAVAILABLE: io exception
2019-07-13 19:10:59,502 INFO  storage.RaftStorageDirectory (RaftStorageDirectory.java:tryLock(328)) - Lock on /tmp/workdir/hadoop-ozone/integration-test/target/test-dir/MiniOzoneClusterImpl-7ef340d7-68af-4f58-9b44-58bb6671d0fe/datanode-0/data/ratis/471bc150-b2c4-4b86-ba1c-b8766955828c/in_use.lock acquired by nodename 10860@trunk-nightly-fxqsz-774976932
2019-07-13 19:10:59,502 INFO  impl.FollowerInfo (FollowerInfo.java:lambda$new$0(50)) - b2834bdc-0b24-4552-85d4-88a911f4f023->d92fd9b4-9a09-412f-89f4-a9cd00fb85be: nextIndex: updateUnconditionally 5 -> 1
2019-07-13 19:10:59,505 INFO  impl.RaftServerImpl (ServerState.java:setLeader(263)) - 87c5d8a8-f726-42e2-9770-a2af52013bda:group-92313D9D1579 change Leader from null to b2834bdc-0b24-4552-85d4-88a911f4f023 at term 2 for appendEntries, leader elected after 88ms
2019-07-13 19:10:59,508 INFO  impl.RaftServerImpl (ServerState.java:setRaftConf(361)) - 87c5d8a8-f726-42e2-9770-a2af52013bda:group-92313D9D1579 set configuration 5: [b2834bdc-0b24-4552-85d4-88a911f4f023:192.168.69.122:44775, 87c5d8a8-f726-42e2-9770-a2af52013bda:192.168.69.122:41190, d92fd9b4-9a09-412f-89f4-a9cd00fb85be:192.168.69.122:39437], old=null at 5
2019-07-13 19:10:59,509 INFO  segmented.SegmentedRaftLogWorker (SegmentedRaftLogWorker.java:rollLogSegment(385)) - 87c5d8a8-f726-42e2-9770-a2af52013bda-SegmentedRaftLogWorker:Storage Directory /tmp/workdir/hadoop-ozone/integration-test/target/test-dir/MiniOzoneClusterImpl-4e9110eb-ad8a-42ba-abdf-1de919b0d281/datanode-2/data/ratis/540f42b0-e9a2-45f2-baaa-92313d9d1579: Rolling segment log-0_4 to index:4
2019-07-13 19:10:59,509 INFO  segmented.SegmentedRaftLogWorker (SegmentedRaftLogWorker.java:execute(526)) - 87c5d8a8-f726-42e2-9770-a2af52013bda-SegmentedRaftLogWorker:Storage Directory /tmp/workdir/hadoop-ozone/integration-test/target/test-dir/MiniOzoneClusterImpl-4e9110eb-ad8a-42ba-abdf-1de919b0d281/datanode-2/data/ratis/540f42b0-e9a2-45f2-baaa-92313d9d1579: Rolled log segment from /tmp/workdir/hadoop-ozone/integration-test/target/test-dir/MiniOzoneClusterImpl-4e9110eb-ad8a-42ba-abdf-1de919b0d281/datanode-2/data/ratis/540f42b0-e9a2-45f2-baaa-92313d9d1579/current/log_inprogress_0 to /tmp/workdir/hadoop-ozone/integration-test/target/test-dir/MiniOzoneClusterImpl-4e9110eb-ad8a-42ba-abdf-1de919b0d281/datanode-2/data/ratis/540f42b0-e9a2-45f2-baaa-92313d9d1579/current/log_0-4
2019-07-13 19:10:59,527 INFO  segmented.SegmentedRaftLogWorker (SegmentedRaftLogWorker.java:execute(569)) - b2834bdc-0b24-4552-85d4-88a911f4f023-SegmentedRaftLogWorker:Storage Directory /tmp/workdir/hadoop-ozone/integration-test/target/test-dir/MiniOzoneClusterImpl-4e9110eb-ad8a-42ba-abdf-1de919b0d281/datanode-1/data/ratis/540f42b0-e9a2-45f2-baaa-92313d9d1579: created new log segment /tmp/workdir/hadoop-ozone/integration-test/target/test-dir/MiniOzoneClusterImpl-4e9110eb-ad8a-42ba-abdf-1de919b0d281/datanode-1/data/ratis/540f42b0-e9a2-45f2-baaa-92313d9d1579/current/log_inprogress_5
2019-07-13 19:10:59,527 INFO  storage.RaftStorage (RaftStorage.java:format(72)) - Storage directory /tmp/workdir/hadoop-ozone/integration-test/target/test-dir/MiniOzoneClusterImpl-7ef340d7-68af-4f58-9b44-58bb6671d0fe/datanode-0/data/ratis/471bc150-b2c4-4b86-ba1c-b8766955828c has been successfully formatted.
2019-07-13 19:10:59,528 INFO  ratis.ContainerStateMachine (ContainerStateMachine.java:loadSnapshot(200)) - The snapshot info is null.Setting the last applied index to:(t:0, i:~)
2019-07-13 19:10:59,528 INFO  server.RaftServerConfigKeys (ConfUtils.java:logGet(43)) - raft.server.leader.election.timeout = 120s (custom)
2019-07-13 19:10:59,528 INFO  server.RaftServerConfigKeys (ConfUtils.java:logGet(43)) - raft.server.log.use.memory = false (default)
2019-07-13 19:10:59,528 INFO  server.RaftServerConfigKeys (ConfUtils.java:logGet(43)) - raft.server.log.purge.gap = 1000000000 (custom)
2019-07-13 19:10:59,528 INFO  server.RaftServerConfigKeys (ConfUtils.java:logGet(43)) - raft.server.log.appender.buffer.byte-limit = 33554432 (custom)
2019-07-13 19:10:59,529 INFO  server.RaftServerConfigKeys (ConfUtils.java:logGet(43)) - raft.server.log.segment.size.max = 1048576 (custom)
2019-07-13 19:10:59,529 INFO  server.RaftServerConfigKeys (ConfUtils.java:logGet(43)) - raft.server.log.segment.cache.num.max = 2 (custom)
2019-07-13 19:10:59,529 INFO  segmented.SegmentedRaftLogWorker (SegmentedRaftLogWorker.java:<init>(172)) - new 6649e80d-1b3a-4d30-b1f3-c663d3b8bd53-SegmentedRaftLogWorker:Storage Directory /tmp/workdir/hadoop-ozone/integration-test/target/test-dir/MiniOzoneClusterImpl-7ef340d7-68af-4f58-9b44-58bb6671d0fe/datanode-0/data/ratis/471bc150-b2c4-4b86-ba1c-b8766955828c for RaftStorage:Storage Directory /tmp/workdir/hadoop-ozone/integration-test/target/test-dir/MiniOzoneClusterImpl-7ef340d7-68af-4f58-9b44-58bb6671d0fe/datanode-0/data/ratis/471bc150-b2c4-4b86-ba1c-b8766955828c
2019-07-13 19:10:59,529 INFO  server.RaftServerConfigKeys (ConfUtils.java:logGet(43)) - raft.server.log.queue.byte-limit = 2147483647 (custom)
2019-07-13 19:10:59,529 INFO  server.RaftServerConfigKeys (ConfUtils.java:logGet(43)) - raft.server.log.queue.element-limit = 1024 (custom)
2019-07-13 19:10:59,529 INFO  server.RaftServerConfigKeys (ConfUtils.java:logGet(43)) - raft.server.log.segment.size.max = 1048576 (custom)
2019-07-13 19:10:59,530 INFO  server.RaftServerConfigKeys (ConfUtils.java:logGet(43)) - raft.server.log.preallocated.size = 16384 (custom)
2019-07-13 19:10:59,530 INFO  server.RaftServerConfigKeys (ConfUtils.java:logGet(43)) - raft.server.log.write.buffer.size = 33554432 (custom)
2019-07-13 19:10:59,530 INFO  server.RaftServerConfigKeys (ConfUtils.java:logGet(43)) - raft.server.log.force.sync.num = 128 (default)
2019-07-13 19:10:59,530 INFO  server.RaftServerConfigKeys (ConfUtils.java:logGet(43)) - raft.server.log.statemachine.data.sync = true (default)
2019-07-13 19:10:59,530 INFO  server.RaftServerConfigKeys (ConfUtils.java:logGet(43)) - raft.server.log.statemachine.data.sync.timeout = 10s (default)
2019-07-13 19:10:59,530 INFO  server.RaftServerConfigKeys (ConfUtils.java:logGet(43)) - raft.server.log.statemachine.data.sync.timeout.retry = -1 (default)
2019-07-13 19:10:59,530 INFO  server.RaftServerConfigKeys (ConfUtils.java:logGet(43)) - raft.server.log.statemachine.data.caching.enabled = true (custom)
2019-07-13 19:10:59,531 INFO  segmented.SegmentedRaftLogWorker (SegmentedRaftLogWorker.java:lambda$new$0(132)) - 6649e80d-1b3a-4d30-b1f3-c663d3b8bd53-SegmentedRaftLogWorker:Storage Directory /tmp/workdir/hadoop-ozone/integration-test/target/test-dir/MiniOzoneClusterImpl-7ef340d7-68af-4f58-9b44-58bb6671d0fe/datanode-0/data/ratis/471bc150-b2c4-4b86-ba1c-b8766955828c: flushIndex: setUnconditionally 0 -> -1
2019-07-13 19:10:59,531 INFO  server.RaftServerConfigKeys (ConfUtils.java:logGet(43)) - raft.server.snapshot.auto.trigger.enabled = true (custom)
2019-07-13 19:10:59,531 INFO  server.RaftServerConfigKeys (ConfUtils.java:logGet(43)) - raft.server.snapshot.auto.trigger.threshold = 10000 (custom)
2019-07-13 19:10:59,531 INFO  server.RaftServerConfigKeys (ConfUtils.java:logGet(43)) - raft.server.retrycache.expirytime = 600000ms (custom)
2019-07-13 19:10:59,532 INFO  impl.RaftServerImpl (RaftServerImpl.java:start(180)) - 6649e80d-1b3a-4d30-b1f3-c663d3b8bd53: start group-B8766955828C
2019-07-13 19:10:59,532 INFO  impl.RaftServerImpl (RaftServerImpl.java:setRole(171)) - 6649e80d-1b3a-4d30-b1f3-c663d3b8bd53:group-B8766955828C changes role from null to FOLLOWER at term 0 for startAsFollower
2019-07-13 19:10:59,532 INFO  impl.RoleInfo (RoleInfo.java:updateAndGet(143)) - 6649e80d-1b3a-4d30-b1f3-c663d3b8bd53: start FollowerState
2019-07-13 19:10:59,532 INFO  util.JmxRegister (JmxRegister.java:tryRegister(44)) - Successfully registered JMX Bean with object name Ratis:service=RaftServer,group=group-B8766955828C,id=6649e80d-1b3a-4d30-b1f3-c663d3b8bd53
2019-07-13 19:10:59,535 INFO  pipeline.PipelineStateManager (PipelineStateManager.java:addPipeline(56)) - Created pipeline Pipeline[ Id: 471bc150-b2c4-4b86-ba1c-b8766955828c, Nodes: 6649e80d-1b3a-4d30-b1f3-c663d3b8bd53{ip: 192.168.69.122, host: trunk-nightly-fxqsz-774976932, networkLocation: /default-rack, certSerialId: null}, Type:RATIS, Factor:ONE, State:OPEN]
2019-07-13 19:10:59,542 INFO  segmented.SegmentedRaftLogWorker (SegmentedRaftLogWorker.java:execute(569)) - 87c5d8a8-f726-42e2-9770-a2af52013bda-SegmentedRaftLogWorker:Storage Directory /tmp/workdir/hadoop-ozone/integration-test/target/test-dir/MiniOzoneClusterImpl-4e9110eb-ad8a-42ba-abdf-1de919b0d281/datanode-2/data/ratis/540f42b0-e9a2-45f2-baaa-92313d9d1579: created new log segment /tmp/workdir/hadoop-ozone/integration-test/target/test-dir/MiniOzoneClusterImpl-4e9110eb-ad8a-42ba-abdf-1de919b0d281/datanode-2/data/ratis/540f42b0-e9a2-45f2-baaa-92313d9d1579/current/log_inprogress_5
2019-07-13 19:10:59,621 WARN  server.GrpcLogAppender (LogUtils.java:warn(134)) - b2834bdc-0b24-4552-85d4-88a911f4f023->d92fd9b4-9a09-412f-89f4-a9cd00fb85be: Failed appendEntries: org.apache.ratis.thirdparty.io.grpc.StatusRuntimeException: UNAVAILABLE: io exception
2019-07-13 19:10:59,629 INFO  ozone.MiniOzoneClusterImpl (MiniOzoneClusterImpl.java:lambda$waitForClusterToBeReady$0(142)) - Waiting for cluster to be ready. Got 1 of 6 DN Heartbeats.
2019-07-13 19:10:59,629 INFO  impl.FollowerInfo (FollowerInfo.java:lambda$new$0(50)) - b2834bdc-0b24-4552-85d4-88a911f4f023->d92fd9b4-9a09-412f-89f4-a9cd00fb85be: nextIndex: updateUnconditionally 2 -> 1
2019-07-13 19:10:59,722 INFO  node.SCMNodeManager (SCMNodeManager.java:register(269)) - Registered Data node : 4728f292-fc3e-4d51-85e9-6b690bae49b2{ip: 192.168.69.122, host: trunk-nightly-fxqsz-774976932, networkLocation: /default-rack, certSerialId: null}
2019-07-13 19:10:59,737 INFO  impl.RaftServerProxy (RaftServerProxy.java:addNew(89)) - 4728f292-fc3e-4d51-85e9-6b690bae49b2: addNew group-4BB1CDE9B208:[4728f292-fc3e-4d51-85e9-6b690bae49b2:192.168.69.122:43901] returns group-4BB1CDE9B208:java.util.concurrent.CompletableFuture@468f2b59[Not completed]
2019-07-13 19:10:59,738 INFO  impl.RaftServerImpl (RaftServerImpl.java:<init>(93)) - 4728f292-fc3e-4d51-85e9-6b690bae49b2: new RaftServerImpl for group-4BB1CDE9B208:[4728f292-fc3e-4d51-85e9-6b690bae49b2:192.168.69.122:43901] with ContainerStateMachine:uninitialized
2019-07-13 19:10:59,739 INFO  server.RaftServerConfigKeys (ConfUtils.java:logGet(43)) - raft.server.rpc.timeout.min = 5s (custom)
2019-07-13 19:10:59,739 INFO  server.RaftServerConfigKeys (ConfUtils.java:logGet(43)) - raft.server.rpc.timeout.max = 5200ms (custom)
2019-07-13 19:10:59,739 INFO  server.RaftServerConfigKeys (ConfUtils.java:logGet(43)) - raft.server.rpcslowness.timeout = 120s (custom)
2019-07-13 19:10:59,739 INFO  server.RaftServerConfigKeys (ConfUtils.java:logGet(43)) - raft.server.sleep.deviation.threshold = 300 (default)
2019-07-13 19:10:59,739 INFO  server.RaftServerConfigKeys (ConfUtils.java:logGet(43)) - raft.server.log.appender.install.snapshot.enabled = false (custom)
2019-07-13 19:10:59,739 INFO  impl.RaftServerImpl (ServerState.java:<init>(105)) - 4728f292-fc3e-4d51-85e9-6b690bae49b2:group-4BB1CDE9B208 ConfigurationManager, init=-1: [4728f292-fc3e-4d51-85e9-6b690bae49b2:192.168.69.122:43901], old=null, confs=<EMPTY_MAP>
2019-07-13 19:10:59,739 INFO  server.RaftServerConfigKeys (ConfUtils.java:logGet(43)) - raft.server.storage.dir = [/tmp/workdir/hadoop-ozone/integration-test/target/test-dir/MiniOzoneClusterImpl-7ef340d7-68af-4f58-9b44-58bb6671d0fe/datanode-1/data/ratis] (custom)
2019-07-13 19:10:59,740 INFO  storage.RaftStorageDirectory (RaftStorageDirectory.java:analyzeStorage(246)) - The storage directory /tmp/workdir/hadoop-ozone/integration-test/target/test-dir/MiniOzoneClusterImpl-7ef340d7-68af-4f58-9b44-58bb6671d0fe/datanode-1/data/ratis/e0aa6dd8-1dca-4b13-9127-4bb1cde9b208 does not exist. Creating ...
2019-07-13 19:10:59,754 INFO  storage.RaftStorageDirectory (RaftStorageDirectory.java:tryLock(328)) - Lock on /tmp/workdir/hadoop-ozone/integration-test/target/test-dir/MiniOzoneClusterImpl-7ef340d7-68af-4f58-9b44-58bb6671d0fe/datanode-1/data/ratis/e0aa6dd8-1dca-4b13-9127-4bb1cde9b208/in_use.lock acquired by nodename 10860@trunk-nightly-fxqsz-774976932
2019-07-13 19:10:59,767 INFO  storage.RaftStorage (RaftStorage.java:format(72)) - Storage directory /tmp/workdir/hadoop-ozone/integration-test/target/test-dir/MiniOzoneClusterImpl-7ef340d7-68af-4f58-9b44-58bb6671d0fe/datanode-1/data/ratis/e0aa6dd8-1dca-4b13-9127-4bb1cde9b208 has been successfully formatted.
2019-07-13 19:10:59,767 INFO  ratis.ContainerStateMachine (ContainerStateMachine.java:loadSnapshot(200)) - The snapshot info is null.Setting the last applied index to:(t:0, i:~)
2019-07-13 19:10:59,767 INFO  server.RaftServerConfigKeys (ConfUtils.java:logGet(43)) - raft.server.leader.election.timeout = 120s (custom)
2019-07-13 19:10:59,767 INFO  server.RaftServerConfigKeys (ConfUtils.java:logGet(43)) - raft.server.log.use.memory = false (default)
2019-07-13 19:10:59,768 INFO  server.RaftServerConfigKeys (ConfUtils.java:logGet(43)) - raft.server.log.purge.gap = 1000000000 (custom)
2019-07-13 19:10:59,768 INFO  server.RaftServerConfigKeys (ConfUtils.java:logGet(43)) - raft.server.log.appender.buffer.byte-limit = 33554432 (custom)
2019-07-13 19:10:59,768 INFO  server.RaftServerConfigKeys (ConfUtils.java:logGet(43)) - raft.server.log.segment.size.max = 1048576 (custom)
2019-07-13 19:10:59,768 INFO  server.RaftServerConfigKeys (ConfUtils.java:logGet(43)) - raft.server.log.segment.cache.num.max = 2 (custom)
2019-07-13 19:10:59,768 INFO  segmented.SegmentedRaftLogWorker (SegmentedRaftLogWorker.java:<init>(172)) - new 4728f292-fc3e-4d51-85e9-6b690bae49b2-SegmentedRaftLogWorker:Storage Directory /tmp/workdir/hadoop-ozone/integration-test/target/test-dir/MiniOzoneClusterImpl-7ef340d7-68af-4f58-9b44-58bb6671d0fe/datanode-1/data/ratis/e0aa6dd8-1dca-4b13-9127-4bb1cde9b208 for RaftStorage:Storage Directory /tmp/workdir/hadoop-ozone/integration-test/target/test-dir/MiniOzoneClusterImpl-7ef340d7-68af-4f58-9b44-58bb6671d0fe/datanode-1/data/ratis/e0aa6dd8-1dca-4b13-9127-4bb1cde9b208
2019-07-13 19:10:59,769 INFO  server.RaftServerConfigKeys (ConfUtils.java:logGet(43)) - raft.server.log.queue.byte-limit = 2147483647 (custom)
2019-07-13 19:10:59,769 INFO  server.RaftServerConfigKeys (ConfUtils.java:logGet(43)) - raft.server.log.queue.element-limit = 1024 (custom)
2019-07-13 19:10:59,769 INFO  server.RaftServerConfigKeys (ConfUtils.java:logGet(43)) - raft.server.log.segment.size.max = 1048576 (custom)
2019-07-13 19:10:59,769 INFO  server.RaftServerConfigKeys (ConfUtils.java:logGet(43)) - raft.server.log.preallocated.size = 16384 (custom)
2019-07-13 19:10:59,769 INFO  server.RaftServerConfigKeys (ConfUtils.java:logGet(43)) - raft.server.log.write.buffer.size = 33554432 (custom)
2019-07-13 19:10:59,769 INFO  server.RaftServerConfigKeys (ConfUtils.java:logGet(43)) - raft.server.log.force.sync.num = 128 (default)
2019-07-13 19:10:59,770 INFO  server.RaftServerConfigKeys (ConfUtils.java:logGet(43)) - raft.server.log.statemachine.data.sync = true (default)
2019-07-13 19:10:59,770 INFO  server.RaftServerConfigKeys (ConfUtils.java:logGet(43)) - raft.server.log.statemachine.data.sync.timeout = 10s (default)
2019-07-13 19:10:59,770 INFO  server.RaftServerConfigKeys (ConfUtils.java:logGet(43)) - raft.server.log.statemachine.data.sync.timeout.retry = -1 (default)
2019-07-13 19:10:59,770 INFO  server.RaftServerConfigKeys (ConfUtils.java:logGet(43)) - raft.server.log.statemachine.data.caching.enabled = true (custom)
2019-07-13 19:10:59,771 INFO  segmented.SegmentedRaftLogWorker (SegmentedRaftLogWorker.java:lambda$new$0(132)) - 4728f292-fc3e-4d51-85e9-6b690bae49b2-SegmentedRaftLogWorker:Storage Directory /tmp/workdir/hadoop-ozone/integration-test/target/test-dir/MiniOzoneClusterImpl-7ef340d7-68af-4f58-9b44-58bb6671d0fe/datanode-1/data/ratis/e0aa6dd8-1dca-4b13-9127-4bb1cde9b208: flushIndex: setUnconditionally 0 -> -1
2019-07-13 19:10:59,771 INFO  server.RaftServerConfigKeys (ConfUtils.java:logGet(43)) - raft.server.snapshot.auto.trigger.enabled = true (custom)
2019-07-13 19:10:59,771 INFO  server.RaftServerConfigKeys (ConfUtils.java:logGet(43)) - raft.server.snapshot.auto.trigger.threshold = 10000 (custom)
2019-07-13 19:10:59,771 INFO  server.RaftServerConfigKeys (ConfUtils.java:logGet(43)) - raft.server.retrycache.expirytime = 600000ms (custom)
2019-07-13 19:10:59,772 INFO  impl.RaftServerImpl (RaftServerImpl.java:start(180)) - 4728f292-fc3e-4d51-85e9-6b690bae49b2: start group-4BB1CDE9B208
2019-07-13 19:10:59,772 INFO  impl.RaftServerImpl (RaftServerImpl.java:setRole(171)) - 4728f292-fc3e-4d51-85e9-6b690bae49b2:group-4BB1CDE9B208 changes role from null to FOLLOWER at term 0 for startAsFollower
2019-07-13 19:10:59,772 INFO  impl.RoleInfo (RoleInfo.java:updateAndGet(143)) - 4728f292-fc3e-4d51-85e9-6b690bae49b2: start FollowerState
2019-07-13 19:10:59,772 INFO  util.JmxRegister (JmxRegister.java:tryRegister(44)) - Successfully registered JMX Bean with object name Ratis:service=RaftServer,group=group-4BB1CDE9B208,id=4728f292-fc3e-4d51-85e9-6b690bae49b2
2019-07-13 19:10:59,775 INFO  pipeline.PipelineStateManager (PipelineStateManager.java:addPipeline(56)) - Created pipeline Pipeline[ Id: e0aa6dd8-1dca-4b13-9127-4bb1cde9b208, Nodes: 4728f292-fc3e-4d51-85e9-6b690bae49b2{ip: 192.168.69.122, host: trunk-nightly-fxqsz-774976932, networkLocation: /default-rack, certSerialId: null}, Type:RATIS, Factor:ONE, State:OPEN]
2019-07-13 19:10:59,957 INFO  node.SCMNodeManager (SCMNodeManager.java:register(269)) - Registered Data node : 2e4d2605-fa3b-4364-8a8a-d4dc65addb57{ip: 192.168.69.122, host: trunk-nightly-fxqsz-774976932, networkLocation: /default-rack, certSerialId: null}
2019-07-13 19:10:59,976 INFO  impl.RaftServerProxy (RaftServerProxy.java:addNew(89)) - 2e4d2605-fa3b-4364-8a8a-d4dc65addb57: addNew group-6142B3ACF7A2:[2e4d2605-fa3b-4364-8a8a-d4dc65addb57:192.168.69.122:35297] returns group-6142B3ACF7A2:java.util.concurrent.CompletableFuture@5c7bf317[Not completed]
2019-07-13 19:10:59,977 INFO  impl.RaftServerImpl (RaftServerImpl.java:<init>(93)) - 2e4d2605-fa3b-4364-8a8a-d4dc65addb57: new RaftServerImpl for group-6142B3ACF7A2:[2e4d2605-fa3b-4364-8a8a-d4dc65addb57:192.168.69.122:35297] with ContainerStateMachine:uninitialized
2019-07-13 19:10:59,978 INFO  server.RaftServerConfigKeys (ConfUtils.java:logGet(43)) - raft.server.rpc.timeout.min = 5s (custom)
2019-07-13 19:10:59,978 INFO  server.RaftServerConfigKeys (ConfUtils.java:logGet(43)) - raft.server.rpc.timeout.max = 5200ms (custom)
2019-07-13 19:10:59,978 INFO  server.RaftServerConfigKeys (ConfUtils.java:logGet(43)) - raft.server.rpcslowness.timeout = 120s (custom)
2019-07-13 19:10:59,978 INFO  server.RaftServerConfigKeys (ConfUtils.java:logGet(43)) - raft.server.sleep.deviation.threshold = 300 (default)
2019-07-13 19:10:59,978 INFO  server.RaftServerConfigKeys (ConfUtils.java:logGet(43)) - raft.server.log.appender.install.snapshot.enabled = false (custom)
2019-07-13 19:10:59,978 INFO  impl.RaftServerImpl (ServerState.java:<init>(105)) - 2e4d2605-fa3b-4364-8a8a-d4dc65addb57:group-6142B3ACF7A2 ConfigurationManager, init=-1: [2e4d2605-fa3b-4364-8a8a-d4dc65addb57:192.168.69.122:35297], old=null, confs=<EMPTY_MAP>
2019-07-13 19:10:59,978 INFO  server.RaftServerConfigKeys (ConfUtils.java:logGet(43)) - raft.server.storage.dir = [/tmp/workdir/hadoop-ozone/integration-test/target/test-dir/MiniOzoneClusterImpl-7ef340d7-68af-4f58-9b44-58bb6671d0fe/datanode-2/data/ratis] (custom)
2019-07-13 19:10:59,979 INFO  storage.RaftStorageDirectory (RaftStorageDirectory.java:analyzeStorage(246)) - The storage directory /tmp/workdir/hadoop-ozone/integration-test/target/test-dir/MiniOzoneClusterImpl-7ef340d7-68af-4f58-9b44-58bb6671d0fe/datanode-2/data/ratis/f2f2a4be-88e6-453b-8e81-6142b3acf7a2 does not exist. Creating ...
2019-07-13 19:10:59,992 INFO  storage.RaftStorageDirectory (RaftStorageDirectory.java:tryLock(328)) - Lock on /tmp/workdir/hadoop-ozone/integration-test/target/test-dir/MiniOzoneClusterImpl-7ef340d7-68af-4f58-9b44-58bb6671d0fe/datanode-2/data/ratis/f2f2a4be-88e6-453b-8e81-6142b3acf7a2/in_use.lock acquired by nodename 10860@trunk-nightly-fxqsz-774976932
2019-07-13 19:11:00,006 INFO  storage.RaftStorage (RaftStorage.java:format(72)) - Storage directory /tmp/workdir/hadoop-ozone/integration-test/target/test-dir/MiniOzoneClusterImpl-7ef340d7-68af-4f58-9b44-58bb6671d0fe/datanode-2/data/ratis/f2f2a4be-88e6-453b-8e81-6142b3acf7a2 has been successfully formatted.
2019-07-13 19:11:00,006 INFO  ratis.ContainerStateMachine (ContainerStateMachine.java:loadSnapshot(200)) - The snapshot info is null.Setting the last applied index to:(t:0, i:~)
2019-07-13 19:11:00,007 INFO  server.RaftServerConfigKeys (ConfUtils.java:logGet(43)) - raft.server.leader.election.timeout = 120s (custom)
2019-07-13 19:11:00,007 INFO  server.RaftServerConfigKeys (ConfUtils.java:logGet(43)) - raft.server.log.use.memory = false (default)
2019-07-13 19:11:00,007 INFO  server.RaftServerConfigKeys (ConfUtils.java:logGet(43)) - raft.server.log.purge.gap = 1000000000 (custom)
2019-07-13 19:11:00,007 INFO  server.RaftServerConfigKeys (ConfUtils.java:logGet(43)) - raft.server.log.appender.buffer.byte-limit = 33554432 (custom)
2019-07-13 19:11:00,007 INFO  server.RaftServerConfigKeys (ConfUtils.java:logGet(43)) - raft.server.log.segment.size.max = 1048576 (custom)
2019-07-13 19:11:00,007 INFO  server.RaftServerConfigKeys (ConfUtils.java:logGet(43)) - raft.server.log.segment.cache.num.max = 2 (custom)
2019-07-13 19:11:00,008 INFO  segmented.SegmentedRaftLogWorker (SegmentedRaftLogWorker.java:<init>(172)) - new 2e4d2605-fa3b-4364-8a8a-d4dc65addb57-SegmentedRaftLogWorker:Storage Directory /tmp/workdir/hadoop-ozone/integration-test/target/test-dir/MiniOzoneClusterImpl-7ef340d7-68af-4f58-9b44-58bb6671d0fe/datanode-2/data/ratis/f2f2a4be-88e6-453b-8e81-6142b3acf7a2 for RaftStorage:Storage Directory /tmp/workdir/hadoop-ozone/integration-test/target/test-dir/MiniOzoneClusterImpl-7ef340d7-68af-4f58-9b44-58bb6671d0fe/datanode-2/data/ratis/f2f2a4be-88e6-453b-8e81-6142b3acf7a2
2019-07-13 19:11:00,008 INFO  server.RaftServerConfigKeys (ConfUtils.java:logGet(43)) - raft.server.log.queue.byte-limit = 2147483647 (custom)
2019-07-13 19:11:00,008 INFO  server.RaftServerConfigKeys (ConfUtils.java:logGet(43)) - raft.server.log.queue.element-limit = 1024 (custom)
2019-07-13 19:11:00,008 INFO  server.RaftServerConfigKeys (ConfUtils.java:logGet(43)) - raft.server.log.segment.size.max = 1048576 (custom)
2019-07-13 19:11:00,008 INFO  server.RaftServerConfigKeys (ConfUtils.java:logGet(43)) - raft.server.log.preallocated.size = 16384 (custom)
2019-07-13 19:11:00,008 INFO  server.RaftServerConfigKeys (ConfUtils.java:logGet(43)) - raft.server.log.write.buffer.size = 33554432 (custom)
2019-07-13 19:11:00,009 INFO  server.RaftServerConfigKeys (ConfUtils.java:logGet(43)) - raft.server.log.force.sync.num = 128 (default)
2019-07-13 19:11:00,009 INFO  server.RaftServerConfigKeys (ConfUtils.java:logGet(43)) - raft.server.log.statemachine.data.sync = true (default)
2019-07-13 19:11:00,009 INFO  server.RaftServerConfigKeys (ConfUtils.java:logGet(43)) - raft.server.log.statemachine.data.sync.timeout = 10s (default)
2019-07-13 19:11:00,009 INFO  server.RaftServerConfigKeys (ConfUtils.java:logGet(43)) - raft.server.log.statemachine.data.sync.timeout.retry = -1 (default)
2019-07-13 19:11:00,009 INFO  server.RaftServerConfigKeys (ConfUtils.java:logGet(43)) - raft.server.log.statemachine.data.caching.enabled = true (custom)
2019-07-13 19:11:00,010 INFO  segmented.SegmentedRaftLogWorker (SegmentedRaftLogWorker.java:lambda$new$0(132)) - 2e4d2605-fa3b-4364-8a8a-d4dc65addb57-SegmentedRaftLogWorker:Storage Directory /tmp/workdir/hadoop-ozone/integration-test/target/test-dir/MiniOzoneClusterImpl-7ef340d7-68af-4f58-9b44-58bb6671d0fe/datanode-2/data/ratis/f2f2a4be-88e6-453b-8e81-6142b3acf7a2: flushIndex: setUnconditionally 0 -> -1
2019-07-13 19:11:00,010 INFO  server.RaftServerConfigKeys (ConfUtils.java:logGet(43)) - raft.server.snapshot.auto.trigger.enabled = true (custom)
2019-07-13 19:11:00,010 INFO  server.RaftServerConfigKeys (ConfUtils.java:logGet(43)) - raft.server.snapshot.auto.trigger.threshold = 10000 (custom)
2019-07-13 19:11:00,010 INFO  server.RaftServerConfigKeys (ConfUtils.java:logGet(43)) - raft.server.retrycache.expirytime = 600000ms (custom)
2019-07-13 19:11:00,011 INFO  impl.RaftServerImpl (RaftServerImpl.java:start(180)) - 2e4d2605-fa3b-4364-8a8a-d4dc65addb57: start group-6142B3ACF7A2
2019-07-13 19:11:00,011 INFO  impl.RaftServerImpl (RaftServerImpl.java:setRole(171)) - 2e4d2605-fa3b-4364-8a8a-d4dc65addb57:group-6142B3ACF7A2 changes role from null to FOLLOWER at term 0 for startAsFollower
2019-07-13 19:11:00,011 INFO  impl.RoleInfo (RoleInfo.java:updateAndGet(143)) - 2e4d2605-fa3b-4364-8a8a-d4dc65addb57: start FollowerState
2019-07-13 19:11:00,011 INFO  util.JmxRegister (JmxRegister.java:tryRegister(44)) - Successfully registered JMX Bean with object name Ratis:service=RaftServer,group=group-6142B3ACF7A2,id=2e4d2605-fa3b-4364-8a8a-d4dc65addb57
2019-07-13 19:11:00,014 INFO  pipeline.PipelineStateManager (PipelineStateManager.java:addPipeline(56)) - Created pipeline Pipeline[ Id: f2f2a4be-88e6-453b-8e81-6142b3acf7a2, Nodes: 2e4d2605-fa3b-4364-8a8a-d4dc65addb57{ip: 192.168.69.122, host: trunk-nightly-fxqsz-774976932, networkLocation: /default-rack, certSerialId: null}, Type:RATIS, Factor:ONE, State:OPEN]
2019-07-13 19:11:00,071 INFO  impl.RaftServerProxy (RaftServerProxy.java:addNew(89)) - 2e4d2605-fa3b-4364-8a8a-d4dc65addb57: addNew group-ED2F29473B6F:[2e4d2605-fa3b-4364-8a8a-d4dc65addb57:192.168.69.122:35297, 4728f292-fc3e-4d51-85e9-6b690bae49b2:192.168.69.122:43901, 6649e80d-1b3a-4d30-b1f3-c663d3b8bd53:192.168.69.122:38341] returns group-ED2F29473B6F:java.util.concurrent.CompletableFuture@43bc2a75[Not completed]
2019-07-13 19:11:00,071 INFO  impl.RaftServerProxy (RaftServerProxy.java:addNew(89)) - 4728f292-fc3e-4d51-85e9-6b690bae49b2: addNew group-ED2F29473B6F:[2e4d2605-fa3b-4364-8a8a-d4dc65addb57:192.168.69.122:35297, 4728f292-fc3e-4d51-85e9-6b690bae49b2:192.168.69.122:43901, 6649e80d-1b3a-4d30-b1f3-c663d3b8bd53:192.168.69.122:38341] returns group-ED2F29473B6F:java.util.concurrent.CompletableFuture@12a72da3[Not completed]
2019-07-13 19:11:00,072 INFO  impl.RaftServerProxy (RaftServerProxy.java:addNew(89)) - 6649e80d-1b3a-4d30-b1f3-c663d3b8bd53: addNew group-ED2F29473B6F:[2e4d2605-fa3b-4364-8a8a-d4dc65addb57:192.168.69.122:35297, 4728f292-fc3e-4d51-85e9-6b690bae49b2:192.168.69.122:43901, 6649e80d-1b3a-4d30-b1f3-c663d3b8bd53:192.168.69.122:38341] returns group-ED2F29473B6F:java.util.concurrent.CompletableFuture@127cc86[Not completed]
2019-07-13 19:11:00,072 INFO  impl.RaftServerImpl (RaftServerImpl.java:<init>(93)) - 2e4d2605-fa3b-4364-8a8a-d4dc65addb57: new RaftServerImpl for group-ED2F29473B6F:[2e4d2605-fa3b-4364-8a8a-d4dc65addb57:192.168.69.122:35297, 4728f292-fc3e-4d51-85e9-6b690bae49b2:192.168.69.122:43901, 6649e80d-1b3a-4d30-b1f3-c663d3b8bd53:192.168.69.122:38341] with ContainerStateMachine:uninitialized
2019-07-13 19:11:00,072 INFO  server.RaftServerConfigKeys (ConfUtils.java:logGet(43)) - raft.server.rpc.timeout.min = 5s (custom)
2019-07-13 19:11:00,072 INFO  impl.RaftServerImpl (RaftServerImpl.java:<init>(93)) - 6649e80d-1b3a-4d30-b1f3-c663d3b8bd53: new RaftServerImpl for group-ED2F29473B6F:[2e4d2605-fa3b-4364-8a8a-d4dc65addb57:192.168.69.122:35297, 4728f292-fc3e-4d51-85e9-6b690bae49b2:192.168.69.122:43901, 6649e80d-1b3a-4d30-b1f3-c663d3b8bd53:192.168.69.122:38341] with ContainerStateMachine:uninitialized
2019-07-13 19:11:00,072 INFO  server.RaftServerConfigKeys (ConfUtils.java:logGet(43)) - raft.server.rpc.timeout.max = 5200ms (custom)
2019-07-13 19:11:00,072 INFO  server.RaftServerConfigKeys (ConfUtils.java:logGet(43)) - raft.server.rpc.timeout.min = 5s (custom)
2019-07-13 19:11:00,073 INFO  impl.RaftServerImpl (RaftServerImpl.java:<init>(93)) - 4728f292-fc3e-4d51-85e9-6b690bae49b2: new RaftServerImpl for group-ED2F29473B6F:[2e4d2605-fa3b-4364-8a8a-d4dc65addb57:192.168.69.122:35297, 4728f292-fc3e-4d51-85e9-6b690bae49b2:192.168.69.122:43901, 6649e80d-1b3a-4d30-b1f3-c663d3b8bd53:192.168.69.122:38341] with ContainerStateMachine:uninitialized
2019-07-13 19:11:00,073 INFO  server.RaftServerConfigKeys (ConfUtils.java:logGet(43)) - raft.server.rpcslowness.timeout = 120s (custom)
2019-07-13 19:11:00,073 INFO  server.RaftServerConfigKeys (ConfUtils.java:logGet(43)) - raft.server.rpc.timeout.min = 5s (custom)
2019-07-13 19:11:00,073 INFO  server.RaftServerConfigKeys (ConfUtils.java:logGet(43)) - raft.server.rpc.timeout.max = 5200ms (custom)
2019-07-13 19:11:00,073 INFO  server.RaftServerConfigKeys (ConfUtils.java:logGet(43)) - raft.server.rpc.timeout.max = 5200ms (custom)
2019-07-13 19:11:00,073 INFO  server.RaftServerConfigKeys (ConfUtils.java:logGet(43)) - raft.server.rpcslowness.timeout = 120s (custom)
2019-07-13 19:11:00,074 INFO  server.RaftServerConfigKeys (ConfUtils.java:logGet(43)) - raft.server.sleep.deviation.threshold = 300 (default)
2019-07-13 19:11:00,073 INFO  server.RaftServerConfigKeys (ConfUtils.java:logGet(43)) - raft.server.sleep.deviation.threshold = 300 (default)
2019-07-13 19:11:00,074 INFO  server.RaftServerConfigKeys (ConfUtils.java:logGet(43)) - raft.server.log.appender.install.snapshot.enabled = false (custom)
2019-07-13 19:11:00,073 INFO  server.RaftServerConfigKeys (ConfUtils.java:logGet(43)) - raft.server.rpcslowness.timeout = 120s (custom)
2019-07-13 19:11:00,074 INFO  impl.RaftServerImpl (ServerState.java:<init>(105)) - 4728f292-fc3e-4d51-85e9-6b690bae49b2:group-ED2F29473B6F ConfigurationManager, init=-1: [2e4d2605-fa3b-4364-8a8a-d4dc65addb57:192.168.69.122:35297, 4728f292-fc3e-4d51-85e9-6b690bae49b2:192.168.69.122:43901, 6649e80d-1b3a-4d30-b1f3-c663d3b8bd53:192.168.69.122:38341], old=null, confs=<EMPTY_MAP>
2019-07-13 19:11:00,074 INFO  server.RaftServerConfigKeys (ConfUtils.java:logGet(43)) - raft.server.log.appender.install.snapshot.enabled = false (custom)
2019-07-13 19:11:00,074 INFO  server.RaftServerConfigKeys (ConfUtils.java:logGet(43)) - raft.server.storage.dir = [/tmp/workdir/hadoop-ozone/integration-test/target/test-dir/MiniOzoneClusterImpl-7ef340d7-68af-4f58-9b44-58bb6671d0fe/datanode-1/data/ratis] (custom)
2019-07-13 19:11:00,074 INFO  server.RaftServerConfigKeys (ConfUtils.java:logGet(43)) - raft.server.sleep.deviation.threshold = 300 (default)
2019-07-13 19:11:00,075 INFO  impl.RaftServerImpl (ServerState.java:<init>(105)) - 2e4d2605-fa3b-4364-8a8a-d4dc65addb57:group-ED2F29473B6F ConfigurationManager, init=-1: [2e4d2605-fa3b-4364-8a8a-d4dc65addb57:192.168.69.122:35297, 4728f292-fc3e-4d51-85e9-6b690bae49b2:192.168.69.122:43901, 6649e80d-1b3a-4d30-b1f3-c663d3b8bd53:192.168.69.122:38341], old=null, confs=<EMPTY_MAP>
2019-07-13 19:11:00,075 INFO  server.RaftServerConfigKeys (ConfUtils.java:logGet(43)) - raft.server.log.appender.install.snapshot.enabled = false (custom)
2019-07-13 19:11:00,075 INFO  server.RaftServerConfigKeys (ConfUtils.java:logGet(43)) - raft.server.storage.dir = [/tmp/workdir/hadoop-ozone/integration-test/target/test-dir/MiniOzoneClusterImpl-7ef340d7-68af-4f58-9b44-58bb6671d0fe/datanode-2/data/ratis] (custom)
2019-07-13 19:11:00,075 INFO  storage.RaftStorageDirectory (RaftStorageDirectory.java:analyzeStorage(246)) - The storage directory /tmp/workdir/hadoop-ozone/integration-test/target/test-dir/MiniOzoneClusterImpl-7ef340d7-68af-4f58-9b44-58bb6671d0fe/datanode-1/data/ratis/425fc588-a79f-43ab-9701-ed2f29473b6f does not exist. Creating ...
2019-07-13 19:11:00,075 INFO  impl.RaftServerImpl (ServerState.java:<init>(105)) - 6649e80d-1b3a-4d30-b1f3-c663d3b8bd53:group-ED2F29473B6F ConfigurationManager, init=-1: [2e4d2605-fa3b-4364-8a8a-d4dc65addb57:192.168.69.122:35297, 4728f292-fc3e-4d51-85e9-6b690bae49b2:192.168.69.122:43901, 6649e80d-1b3a-4d30-b1f3-c663d3b8bd53:192.168.69.122:38341], old=null, confs=<EMPTY_MAP>
2019-07-13 19:11:00,075 INFO  storage.RaftStorageDirectory (RaftStorageDirectory.java:analyzeStorage(246)) - The storage directory /tmp/workdir/hadoop-ozone/integration-test/target/test-dir/MiniOzoneClusterImpl-7ef340d7-68af-4f58-9b44-58bb6671d0fe/datanode-2/data/ratis/425fc588-a79f-43ab-9701-ed2f29473b6f does not exist. Creating ...
2019-07-13 19:11:00,076 INFO  server.RaftServerConfigKeys (ConfUtils.java:logGet(43)) - raft.server.storage.dir = [/tmp/workdir/hadoop-ozone/integration-test/target/test-dir/MiniOzoneClusterImpl-7ef340d7-68af-4f58-9b44-58bb6671d0fe/datanode-0/data/ratis] (custom)
2019-07-13 19:11:00,076 INFO  storage.RaftStorageDirectory (RaftStorageDirectory.java:analyzeStorage(246)) - The storage directory /tmp/workdir/hadoop-ozone/integration-test/target/test-dir/MiniOzoneClusterImpl-7ef340d7-68af-4f58-9b44-58bb6671d0fe/datanode-0/data/ratis/425fc588-a79f-43ab-9701-ed2f29473b6f does not exist. Creating ...
2019-07-13 19:11:00,101 INFO  storage.RaftStorageDirectory (RaftStorageDirectory.java:tryLock(328)) - Lock on /tmp/workdir/hadoop-ozone/integration-test/target/test-dir/MiniOzoneClusterImpl-7ef340d7-68af-4f58-9b44-58bb6671d0fe/datanode-1/data/ratis/425fc588-a79f-43ab-9701-ed2f29473b6f/in_use.lock acquired by nodename 10860@trunk-nightly-fxqsz-774976932
2019-07-13 19:11:00,101 INFO  storage.RaftStorageDirectory (RaftStorageDirectory.java:tryLock(328)) - Lock on /tmp/workdir/hadoop-ozone/integration-test/target/test-dir/MiniOzoneClusterImpl-7ef340d7-68af-4f58-9b44-58bb6671d0fe/datanode-2/data/ratis/425fc588-a79f-43ab-9701-ed2f29473b6f/in_use.lock acquired by nodename 10860@trunk-nightly-fxqsz-774976932
2019-07-13 19:11:00,101 INFO  storage.RaftStorageDirectory (RaftStorageDirectory.java:tryLock(328)) - Lock on /tmp/workdir/hadoop-ozone/integration-test/target/test-dir/MiniOzoneClusterImpl-7ef340d7-68af-4f58-9b44-58bb6671d0fe/datanode-0/data/ratis/425fc588-a79f-43ab-9701-ed2f29473b6f/in_use.lock acquired by nodename 10860@trunk-nightly-fxqsz-774976932
2019-07-13 19:11:00,124 INFO  storage.RaftStorage (RaftStorage.java:format(72)) - Storage directory /tmp/workdir/hadoop-ozone/integration-test/target/test-dir/MiniOzoneClusterImpl-7ef340d7-68af-4f58-9b44-58bb6671d0fe/datanode-1/data/ratis/425fc588-a79f-43ab-9701-ed2f29473b6f has been successfully formatted.
2019-07-13 19:11:00,124 INFO  storage.RaftStorage (RaftStorage.java:format(72)) - Storage directory /tmp/workdir/hadoop-ozone/integration-test/target/test-dir/MiniOzoneClusterImpl-7ef340d7-68af-4f58-9b44-58bb6671d0fe/datanode-2/data/ratis/425fc588-a79f-43ab-9701-ed2f29473b6f has been successfully formatted.
2019-07-13 19:11:00,124 INFO  storage.RaftStorage (RaftStorage.java:format(72)) - Storage directory /tmp/workdir/hadoop-ozone/integration-test/target/test-dir/MiniOzoneClusterImpl-7ef340d7-68af-4f58-9b44-58bb6671d0fe/datanode-0/data/ratis/425fc588-a79f-43ab-9701-ed2f29473b6f has been successfully formatted.
2019-07-13 19:11:00,124 INFO  ratis.ContainerStateMachine (ContainerStateMachine.java:loadSnapshot(200)) - The snapshot info is null.Setting the last applied index to:(t:0, i:~)
2019-07-13 19:11:00,124 INFO  ratis.ContainerStateMachine (ContainerStateMachine.java:loadSnapshot(200)) - The snapshot info is null.Setting the last applied index to:(t:0, i:~)
2019-07-13 19:11:00,125 INFO  server.RaftServerConfigKeys (ConfUtils.java:logGet(43)) - raft.server.leader.election.timeout = 120s (custom)
2019-07-13 19:11:00,125 INFO  ratis.ContainerStateMachine (ContainerStateMachine.java:loadSnapshot(200)) - The snapshot info is null.Setting the last applied index to:(t:0, i:~)
2019-07-13 19:11:00,125 INFO  server.RaftServerConfigKeys (ConfUtils.java:logGet(43)) - raft.server.log.use.memory = false (default)
2019-07-13 19:11:00,125 INFO  server.RaftServerConfigKeys (ConfUtils.java:logGet(43)) - raft.server.leader.election.timeout = 120s (custom)
2019-07-13 19:11:00,125 INFO  server.RaftServerConfigKeys (ConfUtils.java:logGet(43)) - raft.server.log.purge.gap = 1000000000 (custom)
2019-07-13 19:11:00,125 INFO  server.RaftServerConfigKeys (ConfUtils.java:logGet(43)) - raft.server.leader.election.timeout = 120s (custom)
2019-07-13 19:11:00,126 INFO  server.RaftServerConfigKeys (ConfUtils.java:logGet(43)) - raft.server.log.appender.buffer.byte-limit = 33554432 (custom)
2019-07-13 19:11:00,125 INFO  server.RaftServerConfigKeys (ConfUtils.java:logGet(43)) - raft.server.log.use.memory = false (default)
2019-07-13 19:11:00,126 INFO  server.RaftServerConfigKeys (ConfUtils.java:logGet(43)) - raft.server.log.segment.size.max = 1048576 (custom)
2019-07-13 19:11:00,126 INFO  server.RaftServerConfigKeys (ConfUtils.java:logGet(43)) - raft.server.log.use.memory = false (default)
2019-07-13 19:11:00,126 INFO  server.RaftServerConfigKeys (ConfUtils.java:logGet(43)) - raft.server.log.segment.cache.num.max = 2 (custom)
2019-07-13 19:11:00,126 INFO  server.RaftServerConfigKeys (ConfUtils.java:logGet(43)) - raft.server.log.purge.gap = 1000000000 (custom)
2019-07-13 19:11:00,126 INFO  segmented.SegmentedRaftLogWorker (SegmentedRaftLogWorker.java:<init>(172)) - new 2e4d2605-fa3b-4364-8a8a-d4dc65addb57-SegmentedRaftLogWorker:Storage Directory /tmp/workdir/hadoop-ozone/integration-test/target/test-dir/MiniOzoneClusterImpl-7ef340d7-68af-4f58-9b44-58bb6671d0fe/datanode-2/data/ratis/425fc588-a79f-43ab-9701-ed2f29473b6f for RaftStorage:Storage Directory /tmp/workdir/hadoop-ozone/integration-test/target/test-dir/MiniOzoneClusterImpl-7ef340d7-68af-4f58-9b44-58bb6671d0fe/datanode-2/data/ratis/425fc588-a79f-43ab-9701-ed2f29473b6f
2019-07-13 19:11:00,126 INFO  server.RaftServerConfigKeys (ConfUtils.java:logGet(43)) - raft.server.log.purge.gap = 1000000000 (custom)
2019-07-13 19:11:00,127 INFO  server.RaftServerConfigKeys (ConfUtils.java:logGet(43)) - raft.server.log.queue.byte-limit = 2147483647 (custom)
2019-07-13 19:11:00,127 INFO  server.RaftServerConfigKeys (ConfUtils.java:logGet(43)) - raft.server.log.appender.buffer.byte-limit = 33554432 (custom)
2019-07-13 19:11:00,127 INFO  server.RaftServerConfigKeys (ConfUtils.java:logGet(43)) - raft.server.log.queue.element-limit = 1024 (custom)
2019-07-13 19:11:00,127 INFO  server.RaftServerConfigKeys (ConfUtils.java:logGet(43)) - raft.server.log.appender.buffer.byte-limit = 33554432 (custom)
2019-07-13 19:11:00,127 INFO  server.RaftServerConfigKeys (ConfUtils.java:logGet(43)) - raft.server.log.segment.size.max = 1048576 (custom)
2019-07-13 19:11:00,128 INFO  server.RaftServerConfigKeys (ConfUtils.java:logGet(43)) - raft.server.log.preallocated.size = 16384 (custom)
2019-07-13 19:11:00,127 INFO  server.RaftServerConfigKeys (ConfUtils.java:logGet(43)) - raft.server.log.segment.size.max = 1048576 (custom)
2019-07-13 19:11:00,128 INFO  server.RaftServerConfigKeys (ConfUtils.java:logGet(43)) - raft.server.log.write.buffer.size = 33554432 (custom)
2019-07-13 19:11:00,127 INFO  server.RaftServerConfigKeys (ConfUtils.java:logGet(43)) - raft.server.log.segment.size.max = 1048576 (custom)
2019-07-13 19:11:00,128 INFO  server.RaftServerConfigKeys (ConfUtils.java:logGet(43)) - raft.server.log.force.sync.num = 128 (default)
2019-07-13 19:11:00,128 INFO  server.RaftServerConfigKeys (ConfUtils.java:logGet(43)) - raft.server.log.statemachine.data.sync = true (default)
2019-07-13 19:11:00,128 INFO  server.RaftServerConfigKeys (ConfUtils.java:logGet(43)) - raft.server.log.segment.cache.num.max = 2 (custom)
2019-07-13 19:11:00,129 INFO  server.RaftServerConfigKeys (ConfUtils.java:logGet(43)) - raft.server.log.statemachine.data.sync.timeout = 10s (default)
2019-07-13 19:11:00,129 INFO  server.RaftServerConfigKeys (ConfUtils.java:logGet(43)) - raft.server.log.statemachine.data.sync.timeout.retry = -1 (default)
2019-07-13 19:11:00,128 INFO  server.RaftServerConfigKeys (ConfUtils.java:logGet(43)) - raft.server.log.segment.cache.num.max = 2 (custom)
2019-07-13 19:11:00,129 INFO  server.RaftServerConfigKeys (ConfUtils.java:logGet(43)) - raft.server.log.statemachine.data.caching.enabled = true (custom)
2019-07-13 19:11:00,129 INFO  segmented.SegmentedRaftLogWorker (SegmentedRaftLogWorker.java:<init>(172)) - new 4728f292-fc3e-4d51-85e9-6b690bae49b2-SegmentedRaftLogWorker:Storage Directory /tmp/workdir/hadoop-ozone/integration-test/target/test-dir/MiniOzoneClusterImpl-7ef340d7-68af-4f58-9b44-58bb6671d0fe/datanode-1/data/ratis/425fc588-a79f-43ab-9701-ed2f29473b6f for RaftStorage:Storage Directory /tmp/workdir/hadoop-ozone/integration-test/target/test-dir/MiniOzoneClusterImpl-7ef340d7-68af-4f58-9b44-58bb6671d0fe/datanode-1/data/ratis/425fc588-a79f-43ab-9701-ed2f29473b6f
2019-07-13 19:11:00,129 INFO  segmented.SegmentedRaftLogWorker (SegmentedRaftLogWorker.java:lambda$new$0(132)) - 2e4d2605-fa3b-4364-8a8a-d4dc65addb57-SegmentedRaftLogWorker:Storage Directory /tmp/workdir/hadoop-ozone/integration-test/target/test-dir/MiniOzoneClusterImpl-7ef340d7-68af-4f58-9b44-58bb6671d0fe/datanode-2/data/ratis/425fc588-a79f-43ab-9701-ed2f29473b6f: flushIndex: setUnconditionally 0 -> -1
2019-07-13 19:11:00,129 INFO  segmented.SegmentedRaftLogWorker (SegmentedRaftLogWorker.java:<init>(172)) - new 6649e80d-1b3a-4d30-b1f3-c663d3b8bd53-SegmentedRaftLogWorker:Storage Directory /tmp/workdir/hadoop-ozone/integration-test/target/test-dir/MiniOzoneClusterImpl-7ef340d7-68af-4f58-9b44-58bb6671d0fe/datanode-0/data/ratis/425fc588-a79f-43ab-9701-ed2f29473b6f for RaftStorage:Storage Directory /tmp/workdir/hadoop-ozone/integration-test/target/test-dir/MiniOzoneClusterImpl-7ef340d7-68af-4f58-9b44-58bb6671d0fe/datanode-0/data/ratis/425fc588-a79f-43ab-9701-ed2f29473b6f
2019-07-13 19:11:00,130 INFO  server.RaftServerConfigKeys (ConfUtils.java:logGet(43)) - raft.server.log.queue.byte-limit = 2147483647 (custom)
2019-07-13 19:11:00,130 INFO  server.RaftServerConfigKeys (ConfUtils.java:logGet(43)) - raft.server.snapshot.auto.trigger.enabled = true (custom)
2019-07-13 19:11:00,130 INFO  server.RaftServerConfigKeys (ConfUtils.java:logGet(43)) - raft.server.log.queue.byte-limit = 2147483647 (custom)
2019-07-13 19:11:00,130 INFO  server.RaftServerConfigKeys (ConfUtils.java:logGet(43)) - raft.server.snapshot.auto.trigger.threshold = 10000 (custom)
2019-07-13 19:11:00,130 INFO  server.RaftServerConfigKeys (ConfUtils.java:logGet(43)) - raft.server.log.queue.element-limit = 1024 (custom)
2019-07-13 19:11:00,131 INFO  server.RaftServerConfigKeys (ConfUtils.java:logGet(43)) - raft.server.retrycache.expirytime = 600000ms (custom)
2019-07-13 19:11:00,130 INFO  server.RaftServerConfigKeys (ConfUtils.java:logGet(43)) - raft.server.log.queue.element-limit = 1024 (custom)
2019-07-13 19:11:00,131 INFO  impl.RaftServerImpl (RaftServerImpl.java:start(180)) - 2e4d2605-fa3b-4364-8a8a-d4dc65addb57: start group-ED2F29473B6F
2019-07-13 19:11:00,131 INFO  server.RaftServerConfigKeys (ConfUtils.java:logGet(43)) - raft.server.log.segment.size.max = 1048576 (custom)
2019-07-13 19:11:00,131 INFO  impl.RaftServerImpl (RaftServerImpl.java:setRole(171)) - 2e4d2605-fa3b-4364-8a8a-d4dc65addb57:group-ED2F29473B6F changes role from null to FOLLOWER at term 0 for startAsFollower
2019-07-13 19:11:00,131 INFO  server.RaftServerConfigKeys (ConfUtils.java:logGet(43)) - raft.server.log.segment.size.max = 1048576 (custom)
2019-07-13 19:11:00,131 INFO  impl.RoleInfo (RoleInfo.java:updateAndGet(143)) - 2e4d2605-fa3b-4364-8a8a-d4dc65addb57: start FollowerState
2019-07-13 19:11:00,131 INFO  server.RaftServerConfigKeys (ConfUtils.java:logGet(43)) - raft.server.log.preallocated.size = 16384 (custom)
2019-07-13 19:11:00,131 INFO  server.RaftServerConfigKeys (ConfUtils.java:logGet(43)) - raft.server.log.preallocated.size = 16384 (custom)
2019-07-13 19:11:00,132 INFO  util.JmxRegister (JmxRegister.java:tryRegister(44)) - Successfully registered JMX Bean with object name Ratis:service=RaftServer,group=group-ED2F29473B6F,id=2e4d2605-fa3b-4364-8a8a-d4dc65addb57
2019-07-13 19:11:00,132 INFO  server.RaftServerConfigKeys (ConfUtils.java:logGet(43)) - raft.server.log.write.buffer.size = 33554432 (custom)
2019-07-13 19:11:00,132 INFO  server.RaftServerConfigKeys (ConfUtils.java:logGet(43)) - raft.server.log.write.buffer.size = 33554432 (custom)
2019-07-13 19:11:00,132 INFO  server.RaftServerConfigKeys (ConfUtils.java:logGet(43)) - raft.server.log.force.sync.num = 128 (default)
2019-07-13 19:11:00,132 INFO  server.RaftServerConfigKeys (ConfUtils.java:logGet(43)) - raft.server.log.force.sync.num = 128 (default)
2019-07-13 19:11:00,133 INFO  server.RaftServerConfigKeys (ConfUtils.java:logGet(43)) - raft.server.log.statemachine.data.sync = true (default)
2019-07-13 19:11:00,133 INFO  server.RaftServerConfigKeys (ConfUtils.java:logGet(43)) - raft.server.log.statemachine.data.sync = true (default)
2019-07-13 19:11:00,133 INFO  server.RaftServerConfigKeys (ConfUtils.java:logGet(43)) - raft.server.log.statemachine.data.sync.timeout = 10s (default)
2019-07-13 19:11:00,133 INFO  server.RaftServerConfigKeys (ConfUtils.java:logGet(43)) - raft.server.log.statemachine.data.sync.timeout = 10s (default)
2019-07-13 19:11:00,133 INFO  server.RaftServerConfigKeys (ConfUtils.java:logGet(43)) - raft.server.log.statemachine.data.sync.timeout.retry = -1 (default)
2019-07-13 19:11:00,133 INFO  server.RaftServerConfigKeys (ConfUtils.java:logGet(43)) - raft.server.log.statemachine.data.sync.timeout.retry = -1 (default)
2019-07-13 19:11:00,133 INFO  server.RaftServerConfigKeys (ConfUtils.java:logGet(43)) - raft.server.log.statemachine.data.caching.enabled = true (custom)
2019-07-13 19:11:00,134 INFO  server.RaftServerConfigKeys (ConfUtils.java:logGet(43)) - raft.server.log.statemachine.data.caching.enabled = true (custom)
2019-07-13 19:11:00,134 INFO  segmented.SegmentedRaftLogWorker (SegmentedRaftLogWorker.java:lambda$new$0(132)) - 4728f292-fc3e-4d51-85e9-6b690bae49b2-SegmentedRaftLogWorker:Storage Directory /tmp/workdir/hadoop-ozone/integration-test/target/test-dir/MiniOzoneClusterImpl-7ef340d7-68af-4f58-9b44-58bb6671d0fe/datanode-1/data/ratis/425fc588-a79f-43ab-9701-ed2f29473b6f: flushIndex: setUnconditionally 0 -> -1
2019-07-13 19:11:00,134 INFO  segmented.SegmentedRaftLogWorker (SegmentedRaftLogWorker.java:lambda$new$0(132)) - 6649e80d-1b3a-4d30-b1f3-c663d3b8bd53-SegmentedRaftLogWorker:Storage Directory /tmp/workdir/hadoop-ozone/integration-test/target/test-dir/MiniOzoneClusterImpl-7ef340d7-68af-4f58-9b44-58bb6671d0fe/datanode-0/data/ratis/425fc588-a79f-43ab-9701-ed2f29473b6f: flushIndex: setUnconditionally 0 -> -1
2019-07-13 19:11:00,134 INFO  server.RaftServerConfigKeys (ConfUtils.java:logGet(43)) - raft.server.snapshot.auto.trigger.enabled = true (custom)
2019-07-13 19:11:00,134 INFO  server.RaftServerConfigKeys (ConfUtils.java:logGet(43)) - raft.server.snapshot.auto.trigger.threshold = 10000 (custom)
2019-07-13 19:11:00,134 INFO  server.RaftServerConfigKeys (ConfUtils.java:logGet(43)) - raft.server.snapshot.auto.trigger.enabled = true (custom)
2019-07-13 19:11:00,135 INFO  server.RaftServerConfigKeys (ConfUtils.java:logGet(43)) - raft.server.retrycache.expirytime = 600000ms (custom)
2019-07-13 19:11:00,135 INFO  server.RaftServerConfigKeys (ConfUtils.java:logGet(43)) - raft.server.snapshot.auto.trigger.threshold = 10000 (custom)
2019-07-13 19:11:00,135 INFO  impl.RaftServerImpl (RaftServerImpl.java:start(180)) - 4728f292-fc3e-4d51-85e9-6b690bae49b2: start group-ED2F29473B6F
2019-07-13 19:11:00,135 INFO  server.RaftServerConfigKeys (ConfUtils.java:logGet(43)) - raft.server.retrycache.expirytime = 600000ms (custom)
2019-07-13 19:11:00,135 INFO  impl.RaftServerImpl (RaftServerImpl.java:setRole(171)) - 4728f292-fc3e-4d51-85e9-6b690bae49b2:group-ED2F29473B6F changes role from null to FOLLOWER at term 0 for startAsFollower
2019-07-13 19:11:00,135 INFO  impl.RaftServerImpl (RaftServerImpl.java:start(180)) - 6649e80d-1b3a-4d30-b1f3-c663d3b8bd53: start group-ED2F29473B6F
2019-07-13 19:11:00,135 INFO  impl.RoleInfo (RoleInfo.java:updateAndGet(143)) - 4728f292-fc3e-4d51-85e9-6b690bae49b2: start FollowerState
2019-07-13 19:11:00,135 INFO  impl.RaftServerImpl (RaftServerImpl.java:setRole(171)) - 6649e80d-1b3a-4d30-b1f3-c663d3b8bd53:group-ED2F29473B6F changes role from null to FOLLOWER at term 0 for startAsFollower
2019-07-13 19:11:00,136 INFO  impl.RoleInfo (RoleInfo.java:updateAndGet(143)) - 6649e80d-1b3a-4d30-b1f3-c663d3b8bd53: start FollowerState
2019-07-13 19:11:00,136 INFO  util.JmxRegister (JmxRegister.java:tryRegister(44)) - Successfully registered JMX Bean with object name Ratis:service=RaftServer,group=group-ED2F29473B6F,id=4728f292-fc3e-4d51-85e9-6b690bae49b2
2019-07-13 19:11:00,136 INFO  util.JmxRegister (JmxRegister.java:tryRegister(44)) - Successfully registered JMX Bean with object name Ratis:service=RaftServer,group=group-ED2F29473B6F,id=6649e80d-1b3a-4d30-b1f3-c663d3b8bd53
2019-07-13 19:11:00,146 INFO  pipeline.PipelineStateManager (PipelineStateManager.java:addPipeline(56)) - Created pipeline Pipeline[ Id: 425fc588-a79f-43ab-9701-ed2f29473b6f, Nodes: 6649e80d-1b3a-4d30-b1f3-c663d3b8bd53{ip: 192.168.69.122, host: trunk-nightly-fxqsz-774976932, networkLocation: /default-rack, certSerialId: null}4728f292-fc3e-4d51-85e9-6b690bae49b2{ip: 192.168.69.122, host: trunk-nightly-fxqsz-774976932, networkLocation: /default-rack, certSerialId: null}2e4d2605-fa3b-4364-8a8a-d4dc65addb57{ip: 192.168.69.122, host: trunk-nightly-fxqsz-774976932, networkLocation: /default-rack, certSerialId: null}, Type:RATIS, Factor:THREE, State:OPEN]
2019-07-13 19:11:00,199 INFO  node.SCMNodeManager (SCMNodeManager.java:register(269)) - Registered Data node : 1e39f4ad-28f9-47a0-89ed-fce4606cdd96{ip: 192.168.69.122, host: trunk-nightly-fxqsz-774976932, networkLocation: /default-rack, certSerialId: null}
2019-07-13 19:11:00,221 INFO  impl.RaftServerProxy (RaftServerProxy.java:addNew(89)) - 1e39f4ad-28f9-47a0-89ed-fce4606cdd96: addNew group-62F56925AED1:[1e39f4ad-28f9-47a0-89ed-fce4606cdd96:192.168.69.122:36909] returns group-62F56925AED1:java.util.concurrent.CompletableFuture@6f3aec00[Not completed]
2019-07-13 19:11:00,222 INFO  impl.RaftServerImpl (RaftServerImpl.java:<init>(93)) - 1e39f4ad-28f9-47a0-89ed-fce4606cdd96: new RaftServerImpl for group-62F56925AED1:[1e39f4ad-28f9-47a0-89ed-fce4606cdd96:192.168.69.122:36909] with ContainerStateMachine:uninitialized
2019-07-13 19:11:00,222 INFO  server.RaftServerConfigKeys (ConfUtils.java:logGet(43)) - raft.server.rpc.timeout.min = 5s (custom)
2019-07-13 19:11:00,222 INFO  server.RaftServerConfigKeys (ConfUtils.java:logGet(43)) - raft.server.rpc.timeout.max = 5200ms (custom)
2019-07-13 19:11:00,222 INFO  server.RaftServerConfigKeys (ConfUtils.java:logGet(43)) - raft.server.rpcslowness.timeout = 120s (custom)
2019-07-13 19:11:00,222 INFO  server.RaftServerConfigKeys (ConfUtils.java:logGet(43)) - raft.server.sleep.deviation.threshold = 300 (default)
2019-07-13 19:11:00,222 INFO  server.RaftServerConfigKeys (ConfUtils.java:logGet(43)) - raft.server.log.appender.install.snapshot.enabled = false (custom)
2019-07-13 19:11:00,223 INFO  impl.RaftServerImpl (ServerState.java:<init>(105)) - 1e39f4ad-28f9-47a0-89ed-fce4606cdd96:group-62F56925AED1 ConfigurationManager, init=-1: [1e39f4ad-28f9-47a0-89ed-fce4606cdd96:192.168.69.122:36909], old=null, confs=<EMPTY_MAP>
2019-07-13 19:11:00,223 INFO  server.RaftServerConfigKeys (ConfUtils.java:logGet(43)) - raft.server.storage.dir = [/tmp/workdir/hadoop-ozone/integration-test/target/test-dir/MiniOzoneClusterImpl-7ef340d7-68af-4f58-9b44-58bb6671d0fe/datanode-3/data/ratis] (custom)
2019-07-13 19:11:00,223 INFO  storage.RaftStorageDirectory (RaftStorageDirectory.java:analyzeStorage(246)) - The storage directory /tmp/workdir/hadoop-ozone/integration-test/target/test-dir/MiniOzoneClusterImpl-7ef340d7-68af-4f58-9b44-58bb6671d0fe/datanode-3/data/ratis/33a38bbb-0d6f-48b6-afbc-62f56925aed1 does not exist. Creating ...
2019-07-13 19:11:00,248 INFO  storage.RaftStorageDirectory (RaftStorageDirectory.java:tryLock(328)) - Lock on /tmp/workdir/hadoop-ozone/integration-test/target/test-dir/MiniOzoneClusterImpl-7ef340d7-68af-4f58-9b44-58bb6671d0fe/datanode-3/data/ratis/33a38bbb-0d6f-48b6-afbc-62f56925aed1/in_use.lock acquired by nodename 10860@trunk-nightly-fxqsz-774976932
2019-07-13 19:11:00,262 INFO  storage.RaftStorage (RaftStorage.java:format(72)) - Storage directory /tmp/workdir/hadoop-ozone/integration-test/target/test-dir/MiniOzoneClusterImpl-7ef340d7-68af-4f58-9b44-58bb6671d0fe/datanode-3/data/ratis/33a38bbb-0d6f-48b6-afbc-62f56925aed1 has been successfully formatted.
2019-07-13 19:11:00,262 INFO  ratis.ContainerStateMachine (ContainerStateMachine.java:loadSnapshot(200)) - The snapshot info is null.Setting the last applied index to:(t:0, i:~)
2019-07-13 19:11:00,262 INFO  server.RaftServerConfigKeys (ConfUtils.java:logGet(43)) - raft.server.leader.election.timeout = 120s (custom)
2019-07-13 19:11:00,262 INFO  server.RaftServerConfigKeys (ConfUtils.java:logGet(43)) - raft.server.log.use.memory = false (default)
2019-07-13 19:11:00,262 INFO  server.RaftServerConfigKeys (ConfUtils.java:logGet(43)) - raft.server.log.purge.gap = 1000000000 (custom)
2019-07-13 19:11:00,263 INFO  server.RaftServerConfigKeys (ConfUtils.java:logGet(43)) - raft.server.log.appender.buffer.byte-limit = 33554432 (custom)
2019-07-13 19:11:00,263 INFO  server.RaftServerConfigKeys (ConfUtils.java:logGet(43)) - raft.server.log.segment.size.max = 1048576 (custom)
2019-07-13 19:11:00,263 INFO  server.RaftServerConfigKeys (ConfUtils.java:logGet(43)) - raft.server.log.segment.cache.num.max = 2 (custom)
2019-07-13 19:11:00,263 INFO  segmented.SegmentedRaftLogWorker (SegmentedRaftLogWorker.java:<init>(172)) - new 1e39f4ad-28f9-47a0-89ed-fce4606cdd96-SegmentedRaftLogWorker:Storage Directory /tmp/workdir/hadoop-ozone/integration-test/target/test-dir/MiniOzoneClusterImpl-7ef340d7-68af-4f58-9b44-58bb6671d0fe/datanode-3/data/ratis/33a38bbb-0d6f-48b6-afbc-62f56925aed1 for RaftStorage:Storage Directory /tmp/workdir/hadoop-ozone/integration-test/target/test-dir/MiniOzoneClusterImpl-7ef340d7-68af-4f58-9b44-58bb6671d0fe/datanode-3/data/ratis/33a38bbb-0d6f-48b6-afbc-62f56925aed1
2019-07-13 19:11:00,263 INFO  server.RaftServerConfigKeys (ConfUtils.java:logGet(43)) - raft.server.log.queue.byte-limit = 2147483647 (custom)
2019-07-13 19:11:00,263 INFO  server.RaftServerConfigKeys (ConfUtils.java:logGet(43)) - raft.server.log.queue.element-limit = 1024 (custom)
2019-07-13 19:11:00,264 INFO  server.RaftServerConfigKeys (ConfUtils.java:logGet(43)) - raft.server.log.segment.size.max = 1048576 (custom)
2019-07-13 19:11:00,264 INFO  server.RaftServerConfigKeys (ConfUtils.java:logGet(43)) - raft.server.log.preallocated.size = 16384 (custom)
2019-07-13 19:11:00,264 INFO  server.RaftServerConfigKeys (ConfUtils.java:logGet(43)) - raft.server.log.write.buffer.size = 33554432 (custom)
2019-07-13 19:11:00,264 INFO  server.RaftServerConfigKeys (ConfUtils.java:logGet(43)) - raft.server.log.force.sync.num = 128 (default)
2019-07-13 19:11:00,264 INFO  server.RaftServerConfigKeys (ConfUtils.java:logGet(43)) - raft.server.log.statemachine.data.sync = true (default)
2019-07-13 19:11:00,264 INFO  server.RaftServerConfigKeys (ConfUtils.java:logGet(43)) - raft.server.log.statemachine.data.sync.timeout = 10s (default)
2019-07-13 19:11:00,265 INFO  server.RaftServerConfigKeys (ConfUtils.java:logGet(43)) - raft.server.log.statemachine.data.sync.timeout.retry = -1 (default)
2019-07-13 19:11:00,265 INFO  server.RaftServerConfigKeys (ConfUtils.java:logGet(43)) - raft.server.log.statemachine.data.caching.enabled = true (custom)
2019-07-13 19:11:00,265 INFO  segmented.SegmentedRaftLogWorker (SegmentedRaftLogWorker.java:lambda$new$0(132)) - 1e39f4ad-28f9-47a0-89ed-fce4606cdd96-SegmentedRaftLogWorker:Storage Directory /tmp/workdir/hadoop-ozone/integration-test/target/test-dir/MiniOzoneClusterImpl-7ef340d7-68af-4f58-9b44-58bb6671d0fe/datanode-3/data/ratis/33a38bbb-0d6f-48b6-afbc-62f56925aed1: flushIndex: setUnconditionally 0 -> -1
2019-07-13 19:11:00,266 INFO  server.RaftServerConfigKeys (ConfUtils.java:logGet(43)) - raft.server.snapshot.auto.trigger.enabled = true (custom)
2019-07-13 19:11:00,266 INFO  server.RaftServerConfigKeys (ConfUtils.java:logGet(43)) - raft.server.snapshot.auto.trigger.threshold = 10000 (custom)
2019-07-13 19:11:00,266 INFO  server.RaftServerConfigKeys (ConfUtils.java:logGet(43)) - raft.server.retrycache.expirytime = 600000ms (custom)
2019-07-13 19:11:00,266 INFO  impl.RaftServerImpl (RaftServerImpl.java:start(180)) - 1e39f4ad-28f9-47a0-89ed-fce4606cdd96: start group-62F56925AED1
2019-07-13 19:11:00,266 INFO  impl.RaftServerImpl (RaftServerImpl.java:setRole(171)) - 1e39f4ad-28f9-47a0-89ed-fce4606cdd96:group-62F56925AED1 changes role from null to FOLLOWER at term 0 for startAsFollower
2019-07-13 19:11:00,266 INFO  impl.RoleInfo (RoleInfo.java:updateAndGet(143)) - 1e39f4ad-28f9-47a0-89ed-fce4606cdd96: start FollowerState
2019-07-13 19:11:00,267 INFO  util.JmxRegister (JmxRegister.java:tryRegister(44)) - Successfully registered JMX Bean with object name Ratis:service=RaftServer,group=group-62F56925AED1,id=1e39f4ad-28f9-47a0-89ed-fce4606cdd96
2019-07-13 19:11:00,269 INFO  pipeline.PipelineStateManager (PipelineStateManager.java:addPipeline(56)) - Created pipeline Pipeline[ Id: 33a38bbb-0d6f-48b6-afbc-62f56925aed1, Nodes: 1e39f4ad-28f9-47a0-89ed-fce4606cdd96{ip: 192.168.69.122, host: trunk-nightly-fxqsz-774976932, networkLocation: /default-rack, certSerialId: null}, Type:RATIS, Factor:ONE, State:OPEN]
2019-07-13 19:11:00,403 INFO  node.SCMNodeManager (SCMNodeManager.java:register(269)) - Registered Data node : 5d5edfa8-0e23-4b54-b3bf-06bedf46de88{ip: 192.168.69.122, host: trunk-nightly-fxqsz-774976932, networkLocation: /default-rack, certSerialId: null}
2019-07-13 19:11:00,417 INFO  impl.RaftServerProxy (RaftServerProxy.java:addNew(89)) - 5d5edfa8-0e23-4b54-b3bf-06bedf46de88: addNew group-297FD68190F1:[5d5edfa8-0e23-4b54-b3bf-06bedf46de88:192.168.69.122:34694] returns group-297FD68190F1:java.util.concurrent.CompletableFuture@5663f224[Not completed]
2019-07-13 19:11:00,418 INFO  impl.RaftServerImpl (RaftServerImpl.java:<init>(93)) - 5d5edfa8-0e23-4b54-b3bf-06bedf46de88: new RaftServerImpl for group-297FD68190F1:[5d5edfa8-0e23-4b54-b3bf-06bedf46de88:192.168.69.122:34694] with ContainerStateMachine:uninitialized
2019-07-13 19:11:00,418 INFO  server.RaftServerConfigKeys (ConfUtils.java:logGet(43)) - raft.server.rpc.timeout.min = 5s (custom)
2019-07-13 19:11:00,419 INFO  server.RaftServerConfigKeys (ConfUtils.java:logGet(43)) - raft.server.rpc.timeout.max = 5200ms (custom)
2019-07-13 19:11:00,419 INFO  server.RaftServerConfigKeys (ConfUtils.java:logGet(43)) - raft.server.rpcslowness.timeout = 120s (custom)
2019-07-13 19:11:00,419 INFO  server.RaftServerConfigKeys (ConfUtils.java:logGet(43)) - raft.server.sleep.deviation.threshold = 300 (default)
2019-07-13 19:11:00,419 INFO  server.RaftServerConfigKeys (ConfUtils.java:logGet(43)) - raft.server.log.appender.install.snapshot.enabled = false (custom)
2019-07-13 19:11:00,419 INFO  impl.RaftServerImpl (ServerState.java:<init>(105)) - 5d5edfa8-0e23-4b54-b3bf-06bedf46de88:group-297FD68190F1 ConfigurationManager, init=-1: [5d5edfa8-0e23-4b54-b3bf-06bedf46de88:192.168.69.122:34694], old=null, confs=<EMPTY_MAP>
2019-07-13 19:11:00,419 INFO  server.RaftServerConfigKeys (ConfUtils.java:logGet(43)) - raft.server.storage.dir = [/tmp/workdir/hadoop-ozone/integration-test/target/test-dir/MiniOzoneClusterImpl-7ef340d7-68af-4f58-9b44-58bb6671d0fe/datanode-4/data/ratis] (custom)
2019-07-13 19:11:00,420 INFO  storage.RaftStorageDirectory (RaftStorageDirectory.java:analyzeStorage(246)) - The storage directory /tmp/workdir/hadoop-ozone/integration-test/target/test-dir/MiniOzoneClusterImpl-7ef340d7-68af-4f58-9b44-58bb6671d0fe/datanode-4/data/ratis/69a7afa7-618b-48c2-93c4-297fd68190f1 does not exist. Creating ...
2019-07-13 19:11:00,433 INFO  storage.RaftStorageDirectory (RaftStorageDirectory.java:tryLock(328)) - Lock on /tmp/workdir/hadoop-ozone/integration-test/target/test-dir/MiniOzoneClusterImpl-7ef340d7-68af-4f58-9b44-58bb6671d0fe/datanode-4/data/ratis/69a7afa7-618b-48c2-93c4-297fd68190f1/in_use.lock acquired by nodename 10860@trunk-nightly-fxqsz-774976932
2019-07-13 19:11:00,447 INFO  storage.RaftStorage (RaftStorage.java:format(72)) - Storage directory /tmp/workdir/hadoop-ozone/integration-test/target/test-dir/MiniOzoneClusterImpl-7ef340d7-68af-4f58-9b44-58bb6671d0fe/datanode-4/data/ratis/69a7afa7-618b-48c2-93c4-297fd68190f1 has been successfully formatted.
2019-07-13 19:11:00,447 INFO  ratis.ContainerStateMachine (ContainerStateMachine.java:loadSnapshot(200)) - The snapshot info is null.Setting the last applied index to:(t:0, i:~)
2019-07-13 19:11:00,447 INFO  server.RaftServerConfigKeys (ConfUtils.java:logGet(43)) - raft.server.leader.election.timeout = 120s (custom)
2019-07-13 19:11:00,447 INFO  server.RaftServerConfigKeys (ConfUtils.java:logGet(43)) - raft.server.log.use.memory = false (default)
2019-07-13 19:11:00,447 INFO  server.RaftServerConfigKeys (ConfUtils.java:logGet(43)) - raft.server.log.purge.gap = 1000000000 (custom)
2019-07-13 19:11:00,448 INFO  server.RaftServerConfigKeys (ConfUtils.java:logGet(43)) - raft.server.log.appender.buffer.byte-limit = 33554432 (custom)
2019-07-13 19:11:00,448 INFO  server.RaftServerConfigKeys (ConfUtils.java:logGet(43)) - raft.server.log.segment.size.max = 1048576 (custom)
2019-07-13 19:11:00,448 INFO  server.RaftServerConfigKeys (ConfUtils.java:logGet(43)) - raft.server.log.segment.cache.num.max = 2 (custom)
2019-07-13 19:11:00,448 INFO  segmented.SegmentedRaftLogWorker (SegmentedRaftLogWorker.java:<init>(172)) - new 5d5edfa8-0e23-4b54-b3bf-06bedf46de88-SegmentedRaftLogWorker:Storage Directory /tmp/workdir/hadoop-ozone/integration-test/target/test-dir/MiniOzoneClusterImpl-7ef340d7-68af-4f58-9b44-58bb6671d0fe/datanode-4/data/ratis/69a7afa7-618b-48c2-93c4-297fd68190f1 for RaftStorage:Storage Directory /tmp/workdir/hadoop-ozone/integration-test/target/test-dir/MiniOzoneClusterImpl-7ef340d7-68af-4f58-9b44-58bb6671d0fe/datanode-4/data/ratis/69a7afa7-618b-48c2-93c4-297fd68190f1
2019-07-13 19:11:00,448 INFO  server.RaftServerConfigKeys (ConfUtils.java:logGet(43)) - raft.server.log.queue.byte-limit = 2147483647 (custom)
2019-07-13 19:11:00,448 INFO  server.RaftServerConfigKeys (ConfUtils.java:logGet(43)) - raft.server.log.queue.element-limit = 1024 (custom)
2019-07-13 19:11:00,449 INFO  server.RaftServerConfigKeys (ConfUtils.java:logGet(43)) - raft.server.log.segment.size.max = 1048576 (custom)
2019-07-13 19:11:00,449 INFO  server.RaftServerConfigKeys (ConfUtils.java:logGet(43)) - raft.server.log.preallocated.size = 16384 (custom)
2019-07-13 19:11:00,449 INFO  server.RaftServerConfigKeys (ConfUtils.java:logGet(43)) - raft.server.log.write.buffer.size = 33554432 (custom)
2019-07-13 19:11:00,449 INFO  server.RaftServerConfigKeys (ConfUtils.java:logGet(43)) - raft.server.log.force.sync.num = 128 (default)
2019-07-13 19:11:00,449 INFO  server.RaftServerConfigKeys (ConfUtils.java:logGet(43)) - raft.server.log.statemachine.data.sync = true (default)
2019-07-13 19:11:00,450 INFO  server.RaftServerConfigKeys (ConfUtils.java:logGet(43)) - raft.server.log.statemachine.data.sync.timeout = 10s (default)
2019-07-13 19:11:00,450 INFO  server.RaftServerConfigKeys (ConfUtils.java:logGet(43)) - raft.server.log.statemachine.data.sync.timeout.retry = -1 (default)
2019-07-13 19:11:00,450 INFO  server.RaftServerConfigKeys (ConfUtils.java:logGet(43)) - raft.server.log.statemachine.data.caching.enabled = true (custom)
2019-07-13 19:11:00,450 INFO  segmented.SegmentedRaftLogWorker (SegmentedRaftLogWorker.java:lambda$new$0(132)) - 5d5edfa8-0e23-4b54-b3bf-06bedf46de88-SegmentedRaftLogWorker:Storage Directory /tmp/workdir/hadoop-ozone/integration-test/target/test-dir/MiniOzoneClusterImpl-7ef340d7-68af-4f58-9b44-58bb6671d0fe/datanode-4/data/ratis/69a7afa7-618b-48c2-93c4-297fd68190f1: flushIndex: setUnconditionally 0 -> -1
2019-07-13 19:11:00,451 INFO  server.RaftServerConfigKeys (ConfUtils.java:logGet(43)) - raft.server.snapshot.auto.trigger.enabled = true (custom)
2019-07-13 19:11:00,451 INFO  server.RaftServerConfigKeys (ConfUtils.java:logGet(43)) - raft.server.snapshot.auto.trigger.threshold = 10000 (custom)
2019-07-13 19:11:00,451 INFO  server.RaftServerConfigKeys (ConfUtils.java:logGet(43)) - raft.server.retrycache.expirytime = 600000ms (custom)
2019-07-13 19:11:00,451 INFO  impl.RaftServerImpl (RaftServerImpl.java:start(180)) - 5d5edfa8-0e23-4b54-b3bf-06bedf46de88: start group-297FD68190F1
2019-07-13 19:11:00,451 INFO  impl.RaftServerImpl (RaftServerImpl.java:setRole(171)) - 5d5edfa8-0e23-4b54-b3bf-06bedf46de88:group-297FD68190F1 changes role from null to FOLLOWER at term 0 for startAsFollower
2019-07-13 19:11:00,452 INFO  impl.RoleInfo (RoleInfo.java:updateAndGet(143)) - 5d5edfa8-0e23-4b54-b3bf-06bedf46de88: start FollowerState
2019-07-13 19:11:00,485 INFO  util.JmxRegister (JmxRegister.java:tryRegister(44)) - Successfully registered JMX Bean with object name Ratis:service=RaftServer,group=group-297FD68190F1,id=5d5edfa8-0e23-4b54-b3bf-06bedf46de88
2019-07-13 19:11:00,517 INFO  pipeline.PipelineStateManager (PipelineStateManager.java:addPipeline(56)) - Created pipeline Pipeline[ Id: 69a7afa7-618b-48c2-93c4-297fd68190f1, Nodes: 5d5edfa8-0e23-4b54-b3bf-06bedf46de88{ip: 192.168.69.122, host: trunk-nightly-fxqsz-774976932, networkLocation: /default-rack, certSerialId: null}, Type:RATIS, Factor:ONE, State:OPEN]
2019-07-13 19:11:00,629 INFO  node.SCMNodeManager (SCMNodeManager.java:register(269)) - Registered Data node : c31fe80b-a978-435c-a5db-d35cb9eb23b0{ip: 192.168.69.122, host: trunk-nightly-fxqsz-774976932, networkLocation: /default-rack, certSerialId: null}
2019-07-13 19:11:00,629 INFO  ozone.MiniOzoneClusterImpl (MiniOzoneClusterImpl.java:lambda$waitForClusterToBeReady$0(142)) - Cluster is ready. Got 6 of 6 DN Heartbeats.
2019-07-13 19:11:00,692 INFO  impl.RaftServerProxy (RaftServerProxy.java:addNew(89)) - c31fe80b-a978-435c-a5db-d35cb9eb23b0: addNew group-26689906C246:[c31fe80b-a978-435c-a5db-d35cb9eb23b0:192.168.69.122:43530] returns group-26689906C246:java.util.concurrent.CompletableFuture@2c7696e1[Not completed]
2019-07-13 19:11:00,693 INFO  impl.RaftServerImpl (RaftServerImpl.java:<init>(93)) - c31fe80b-a978-435c-a5db-d35cb9eb23b0: new RaftServerImpl for group-26689906C246:[c31fe80b-a978-435c-a5db-d35cb9eb23b0:192.168.69.122:43530] with ContainerStateMachine:uninitialized
2019-07-13 19:11:00,709 INFO  server.RaftServerConfigKeys (ConfUtils.java:logGet(43)) - raft.server.rpc.timeout.min = 5s (custom)
2019-07-13 19:11:00,709 INFO  server.RaftServerConfigKeys (ConfUtils.java:logGet(43)) - raft.server.rpc.timeout.max = 5200ms (custom)
2019-07-13 19:11:00,709 INFO  server.RaftServerConfigKeys (ConfUtils.java:logGet(43)) - raft.server.rpcslowness.timeout = 120s (custom)
2019-07-13 19:11:00,710 INFO  server.RaftServerConfigKeys (ConfUtils.java:logGet(43)) - raft.server.sleep.deviation.threshold = 300 (default)
2019-07-13 19:11:00,710 INFO  server.RaftServerConfigKeys (ConfUtils.java:logGet(43)) - raft.server.log.appender.install.snapshot.enabled = false (custom)
2019-07-13 19:11:00,710 INFO  impl.RaftServerImpl (ServerState.java:<init>(105)) - c31fe80b-a978-435c-a5db-d35cb9eb23b0:group-26689906C246 ConfigurationManager, init=-1: [c31fe80b-a978-435c-a5db-d35cb9eb23b0:192.168.69.122:43530], old=null, confs=<EMPTY_MAP>
2019-07-13 19:11:00,710 INFO  server.RaftServerConfigKeys (ConfUtils.java:logGet(43)) - raft.server.storage.dir = [/tmp/workdir/hadoop-ozone/integration-test/target/test-dir/MiniOzoneClusterImpl-7ef340d7-68af-4f58-9b44-58bb6671d0fe/datanode-5/data/ratis] (custom)
2019-07-13 19:11:00,711 INFO  storage.RaftStorageDirectory (RaftStorageDirectory.java:analyzeStorage(246)) - The storage directory /tmp/workdir/hadoop-ozone/integration-test/target/test-dir/MiniOzoneClusterImpl-7ef340d7-68af-4f58-9b44-58bb6671d0fe/datanode-5/data/ratis/9128eda1-a642-4560-9339-26689906c246 does not exist. Creating ...
2019-07-13 19:11:00,713 INFO  rpc.RpcClient (RpcClient.java:createVolume(287)) - Creating Volume: datanodefailurehandlingtest, with jenkins1000 as owner.
2019-07-13 19:11:00,738 INFO  storage.RaftStorageDirectory (RaftStorageDirectory.java:tryLock(328)) - Lock on /tmp/workdir/hadoop-ozone/integration-test/target/test-dir/MiniOzoneClusterImpl-7ef340d7-68af-4f58-9b44-58bb6671d0fe/datanode-5/data/ratis/9128eda1-a642-4560-9339-26689906c246/in_use.lock acquired by nodename 10860@trunk-nightly-fxqsz-774976932
2019-07-13 19:11:00,745 INFO  rpc.RpcClient (RpcClient.java:createBucket(424)) - Creating Bucket: datanodefailurehandlingtest/datanodefailurehandlingtest, with Versioning false and Storage Type set to DISK and Encryption set to false 
2019-07-13 19:11:00,757 INFO  storage.RaftStorage (RaftStorage.java:format(72)) - Storage directory /tmp/workdir/hadoop-ozone/integration-test/target/test-dir/MiniOzoneClusterImpl-7ef340d7-68af-4f58-9b44-58bb6671d0fe/datanode-5/data/ratis/9128eda1-a642-4560-9339-26689906c246 has been successfully formatted.
2019-07-13 19:11:00,757 INFO  ratis.ContainerStateMachine (ContainerStateMachine.java:loadSnapshot(200)) - The snapshot info is null.Setting the last applied index to:(t:0, i:~)
2019-07-13 19:11:00,758 INFO  server.RaftServerConfigKeys (ConfUtils.java:logGet(43)) - raft.server.leader.election.timeout = 120s (custom)
2019-07-13 19:11:00,758 INFO  server.RaftServerConfigKeys (ConfUtils.java:logGet(43)) - raft.server.log.use.memory = false (default)
2019-07-13 19:11:00,758 INFO  server.RaftServerConfigKeys (ConfUtils.java:logGet(43)) - raft.server.log.purge.gap = 1000000000 (custom)
2019-07-13 19:11:00,758 INFO  server.RaftServerConfigKeys (ConfUtils.java:logGet(43)) - raft.server.log.appender.buffer.byte-limit = 33554432 (custom)
2019-07-13 19:11:00,758 INFO  server.RaftServerConfigKeys (ConfUtils.java:logGet(43)) - raft.server.log.segment.size.max = 1048576 (custom)
2019-07-13 19:11:00,758 INFO  server.RaftServerConfigKeys (ConfUtils.java:logGet(43)) - raft.server.log.segment.cache.num.max = 2 (custom)
2019-07-13 19:11:00,758 INFO  segmented.SegmentedRaftLogWorker (SegmentedRaftLogWorker.java:<init>(172)) - new c31fe80b-a978-435c-a5db-d35cb9eb23b0-SegmentedRaftLogWorker:Storage Directory /tmp/workdir/hadoop-ozone/integration-test/target/test-dir/MiniOzoneClusterImpl-7ef340d7-68af-4f58-9b44-58bb6671d0fe/datanode-5/data/ratis/9128eda1-a642-4560-9339-26689906c246 for RaftStorage:Storage Directory /tmp/workdir/hadoop-ozone/integration-test/target/test-dir/MiniOzoneClusterImpl-7ef340d7-68af-4f58-9b44-58bb6671d0fe/datanode-5/data/ratis/9128eda1-a642-4560-9339-26689906c246
2019-07-13 19:11:00,759 INFO  server.RaftServerConfigKeys (ConfUtils.java:logGet(43)) - raft.server.log.queue.byte-limit = 2147483647 (custom)
2019-07-13 19:11:00,759 INFO  server.RaftServerConfigKeys (ConfUtils.java:logGet(43)) - raft.server.log.queue.element-limit = 1024 (custom)
2019-07-13 19:11:00,759 INFO  server.RaftServerConfigKeys (ConfUtils.java:logGet(43)) - raft.server.log.segment.size.max = 1048576 (custom)
2019-07-13 19:11:00,759 INFO  server.RaftServerConfigKeys (ConfUtils.java:logGet(43)) - raft.server.log.preallocated.size = 16384 (custom)
2019-07-13 19:11:00,759 INFO  server.RaftServerConfigKeys (ConfUtils.java:logGet(43)) - raft.server.log.write.buffer.size = 33554432 (custom)
2019-07-13 19:11:00,759 INFO  server.RaftServerConfigKeys (ConfUtils.java:logGet(43)) - raft.server.log.force.sync.num = 128 (default)
2019-07-13 19:11:00,760 INFO  server.RaftServerConfigKeys (ConfUtils.java:logGet(43)) - raft.server.log.statemachine.data.sync = true (default)
2019-07-13 19:11:00,760 INFO  server.RaftServerConfigKeys (ConfUtils.java:logGet(43)) - raft.server.log.statemachine.data.sync.timeout = 10s (default)
2019-07-13 19:11:00,760 INFO  server.RaftServerConfigKeys (ConfUtils.java:logGet(43)) - raft.server.log.statemachine.data.sync.timeout.retry = -1 (default)
2019-07-13 19:11:00,760 INFO  server.RaftServerConfigKeys (ConfUtils.java:logGet(43)) - raft.server.log.statemachine.data.caching.enabled = true (custom)
2019-07-13 19:11:00,761 INFO  segmented.SegmentedRaftLogWorker (SegmentedRaftLogWorker.java:lambda$new$0(132)) - c31fe80b-a978-435c-a5db-d35cb9eb23b0-SegmentedRaftLogWorker:Storage Directory /tmp/workdir/hadoop-ozone/integration-test/target/test-dir/MiniOzoneClusterImpl-7ef340d7-68af-4f58-9b44-58bb6671d0fe/datanode-5/data/ratis/9128eda1-a642-4560-9339-26689906c246: flushIndex: setUnconditionally 0 -> -1
2019-07-13 19:11:00,761 INFO  server.RaftServerConfigKeys (ConfUtils.java:logGet(43)) - raft.server.snapshot.auto.trigger.enabled = true (custom)
2019-07-13 19:11:00,761 INFO  server.RaftServerConfigKeys (ConfUtils.java:logGet(43)) - raft.server.snapshot.auto.trigger.threshold = 10000 (custom)
2019-07-13 19:11:00,761 INFO  server.RaftServerConfigKeys (ConfUtils.java:logGet(43)) - raft.server.retrycache.expirytime = 600000ms (custom)
2019-07-13 19:11:00,761 INFO  impl.RaftServerImpl (RaftServerImpl.java:start(180)) - c31fe80b-a978-435c-a5db-d35cb9eb23b0: start group-26689906C246
2019-07-13 19:11:00,762 INFO  impl.RaftServerImpl (RaftServerImpl.java:setRole(171)) - c31fe80b-a978-435c-a5db-d35cb9eb23b0:group-26689906C246 changes role from null to FOLLOWER at term 0 for startAsFollower
2019-07-13 19:11:00,762 INFO  impl.RoleInfo (RoleInfo.java:updateAndGet(143)) - c31fe80b-a978-435c-a5db-d35cb9eb23b0: start FollowerState
2019-07-13 19:11:00,762 INFO  util.JmxRegister (JmxRegister.java:tryRegister(44)) - Successfully registered JMX Bean with object name Ratis:service=RaftServer,group=group-26689906C246,id=c31fe80b-a978-435c-a5db-d35cb9eb23b0
2019-07-13 19:11:00,764 INFO  pipeline.PipelineStateManager (PipelineStateManager.java:addPipeline(56)) - Created pipeline Pipeline[ Id: 9128eda1-a642-4560-9339-26689906c246, Nodes: c31fe80b-a978-435c-a5db-d35cb9eb23b0{ip: 192.168.69.122, host: trunk-nightly-fxqsz-774976932, networkLocation: /default-rack, certSerialId: null}, Type:RATIS, Factor:ONE, State:OPEN]
2019-07-13 19:11:00,816 INFO  impl.RaftServerProxy (RaftServerProxy.java:addNew(89)) - c31fe80b-a978-435c-a5db-d35cb9eb23b0: addNew group-00A7BE557B40:[1e39f4ad-28f9-47a0-89ed-fce4606cdd96:192.168.69.122:36909, 5d5edfa8-0e23-4b54-b3bf-06bedf46de88:192.168.69.122:34694, c31fe80b-a978-435c-a5db-d35cb9eb23b0:192.168.69.122:43530] returns group-00A7BE557B40:java.util.concurrent.CompletableFuture@5171ae94[Not completed]
2019-07-13 19:11:00,816 INFO  impl.RaftServerProxy (RaftServerProxy.java:addNew(89)) - 1e39f4ad-28f9-47a0-89ed-fce4606cdd96: addNew group-00A7BE557B40:[1e39f4ad-28f9-47a0-89ed-fce4606cdd96:192.168.69.122:36909, 5d5edfa8-0e23-4b54-b3bf-06bedf46de88:192.168.69.122:34694, c31fe80b-a978-435c-a5db-d35cb9eb23b0:192.168.69.122:43530] returns group-00A7BE557B40:java.util.concurrent.CompletableFuture@29b7789b[Not completed]
2019-07-13 19:11:00,816 INFO  impl.RaftServerProxy (RaftServerProxy.java:addNew(89)) - 5d5edfa8-0e23-4b54-b3bf-06bedf46de88: addNew group-00A7BE557B40:[1e39f4ad-28f9-47a0-89ed-fce4606cdd96:192.168.69.122:36909, 5d5edfa8-0e23-4b54-b3bf-06bedf46de88:192.168.69.122:34694, c31fe80b-a978-435c-a5db-d35cb9eb23b0:192.168.69.122:43530] returns group-00A7BE557B40:java.util.concurrent.CompletableFuture@64d00dab[Not completed]
2019-07-13 19:11:00,817 INFO  impl.RaftServerImpl (RaftServerImpl.java:<init>(93)) - c31fe80b-a978-435c-a5db-d35cb9eb23b0: new RaftServerImpl for group-00A7BE557B40:[1e39f4ad-28f9-47a0-89ed-fce4606cdd96:192.168.69.122:36909, 5d5edfa8-0e23-4b54-b3bf-06bedf46de88:192.168.69.122:34694, c31fe80b-a978-435c-a5db-d35cb9eb23b0:192.168.69.122:43530] with ContainerStateMachine:uninitialized
2019-07-13 19:11:00,817 INFO  server.RaftServerConfigKeys (ConfUtils.java:logGet(43)) - raft.server.rpc.timeout.min = 5s (custom)
2019-07-13 19:11:00,817 INFO  server.RaftServerConfigKeys (ConfUtils.java:logGet(43)) - raft.server.rpc.timeout.max = 5200ms (custom)
2019-07-13 19:11:00,817 INFO  impl.RaftServerImpl (RaftServerImpl.java:<init>(93)) - 5d5edfa8-0e23-4b54-b3bf-06bedf46de88: new RaftServerImpl for group-00A7BE557B40:[1e39f4ad-28f9-47a0-89ed-fce4606cdd96:192.168.69.122:36909, 5d5edfa8-0e23-4b54-b3bf-06bedf46de88:192.168.69.122:34694, c31fe80b-a978-435c-a5db-d35cb9eb23b0:192.168.69.122:43530] with ContainerStateMachine:uninitialized
2019-07-13 19:11:00,818 INFO  server.RaftServerConfigKeys (ConfUtils.java:logGet(43)) - raft.server.rpcslowness.timeout = 120s (custom)
2019-07-13 19:11:00,818 INFO  server.RaftServerConfigKeys (ConfUtils.java:logGet(43)) - raft.server.rpc.timeout.min = 5s (custom)
2019-07-13 19:11:00,818 INFO  impl.RaftServerImpl (RaftServerImpl.java:<init>(93)) - 1e39f4ad-28f9-47a0-89ed-fce4606cdd96: new RaftServerImpl for group-00A7BE557B40:[1e39f4ad-28f9-47a0-89ed-fce4606cdd96:192.168.69.122:36909, 5d5edfa8-0e23-4b54-b3bf-06bedf46de88:192.168.69.122:34694, c31fe80b-a978-435c-a5db-d35cb9eb23b0:192.168.69.122:43530] with ContainerStateMachine:uninitialized
2019-07-13 19:11:00,818 INFO  server.RaftServerConfigKeys (ConfUtils.java:logGet(43)) - raft.server.sleep.deviation.threshold = 300 (default)
2019-07-13 19:11:00,818 INFO  server.RaftServerConfigKeys (ConfUtils.java:logGet(43)) - raft.server.rpc.timeout.min = 5s (custom)
2019-07-13 19:11:00,818 INFO  server.RaftServerConfigKeys (ConfUtils.java:logGet(43)) - raft.server.rpc.timeout.max = 5200ms (custom)
2019-07-13 19:11:00,818 INFO  server.RaftServerConfigKeys (ConfUtils.java:logGet(43)) - raft.server.rpc.timeout.max = 5200ms (custom)
2019-07-13 19:11:00,819 INFO  server.RaftServerConfigKeys (ConfUtils.java:logGet(43)) - raft.server.rpcslowness.timeout = 120s (custom)
2019-07-13 19:11:00,819 INFO  server.RaftServerConfigKeys (ConfUtils.java:logGet(43)) - raft.server.sleep.deviation.threshold = 300 (default)
2019-07-13 19:11:00,818 INFO  server.RaftServerConfigKeys (ConfUtils.java:logGet(43)) - raft.server.log.appender.install.snapshot.enabled = false (custom)
2019-07-13 19:11:00,819 INFO  server.RaftServerConfigKeys (ConfUtils.java:logGet(43)) - raft.server.log.appender.install.snapshot.enabled = false (custom)
2019-07-13 19:11:00,819 INFO  server.RaftServerConfigKeys (ConfUtils.java:logGet(43)) - raft.server.rpcslowness.timeout = 120s (custom)
2019-07-13 19:11:00,819 INFO  impl.RaftServerImpl (ServerState.java:<init>(105)) - 1e39f4ad-28f9-47a0-89ed-fce4606cdd96:group-00A7BE557B40 ConfigurationManager, init=-1: [1e39f4ad-28f9-47a0-89ed-fce4606cdd96:192.168.69.122:36909, 5d5edfa8-0e23-4b54-b3bf-06bedf46de88:192.168.69.122:34694, c31fe80b-a978-435c-a5db-d35cb9eb23b0:192.168.69.122:43530], old=null, confs=<EMPTY_MAP>
2019-07-13 19:11:00,819 INFO  impl.RaftServerImpl (ServerState.java:<init>(105)) - c31fe80b-a978-435c-a5db-d35cb9eb23b0:group-00A7BE557B40 ConfigurationManager, init=-1: [1e39f4ad-28f9-47a0-89ed-fce4606cdd96:192.168.69.122:36909, 5d5edfa8-0e23-4b54-b3bf-06bedf46de88:192.168.69.122:34694, c31fe80b-a978-435c-a5db-d35cb9eb23b0:192.168.69.122:43530], old=null, confs=<EMPTY_MAP>
2019-07-13 19:11:00,820 INFO  server.RaftServerConfigKeys (ConfUtils.java:logGet(43)) - raft.server.storage.dir = [/tmp/workdir/hadoop-ozone/integration-test/target/test-dir/MiniOzoneClusterImpl-7ef340d7-68af-4f58-9b44-58bb6671d0fe/datanode-3/data/ratis] (custom)
2019-07-13 19:11:00,819 INFO  server.RaftServerConfigKeys (ConfUtils.java:logGet(43)) - raft.server.sleep.deviation.threshold = 300 (default)
2019-07-13 19:11:00,820 INFO  server.RaftServerConfigKeys (ConfUtils.java:logGet(43)) - raft.server.storage.dir = [/tmp/workdir/hadoop-ozone/integration-test/target/test-dir/MiniOzoneClusterImpl-7ef340d7-68af-4f58-9b44-58bb6671d0fe/datanode-5/data/ratis] (custom)
2019-07-13 19:11:00,820 INFO  server.RaftServerConfigKeys (ConfUtils.java:logGet(43)) - raft.server.log.appender.install.snapshot.enabled = false (custom)
2019-07-13 19:11:00,820 INFO  storage.RaftStorageDirectory (RaftStorageDirectory.java:analyzeStorage(246)) - The storage directory /tmp/workdir/hadoop-ozone/integration-test/target/test-dir/MiniOzoneClusterImpl-7ef340d7-68af-4f58-9b44-58bb6671d0fe/datanode-3/data/ratis/4e94ec8d-4415-46f2-8208-00a7be557b40 does not exist. Creating ...
2019-07-13 19:11:00,820 INFO  storage.RaftStorageDirectory (RaftStorageDirectory.java:analyzeStorage(246)) - The storage directory /tmp/workdir/hadoop-ozone/integration-test/target/test-dir/MiniOzoneClusterImpl-7ef340d7-68af-4f58-9b44-58bb6671d0fe/datanode-5/data/ratis/4e94ec8d-4415-46f2-8208-00a7be557b40 does not exist. Creating ...
2019-07-13 19:11:00,820 INFO  impl.RaftServerImpl (ServerState.java:<init>(105)) - 5d5edfa8-0e23-4b54-b3bf-06bedf46de88:group-00A7BE557B40 ConfigurationManager, init=-1: [1e39f4ad-28f9-47a0-89ed-fce4606cdd96:192.168.69.122:36909, 5d5edfa8-0e23-4b54-b3bf-06bedf46de88:192.168.69.122:34694, c31fe80b-a978-435c-a5db-d35cb9eb23b0:192.168.69.122:43530], old=null, confs=<EMPTY_MAP>
2019-07-13 19:11:00,821 INFO  server.RaftServerConfigKeys (ConfUtils.java:logGet(43)) - raft.server.storage.dir = [/tmp/workdir/hadoop-ozone/integration-test/target/test-dir/MiniOzoneClusterImpl-7ef340d7-68af-4f58-9b44-58bb6671d0fe/datanode-4/data/ratis] (custom)
2019-07-13 19:11:00,821 INFO  storage.RaftStorageDirectory (RaftStorageDirectory.java:analyzeStorage(246)) - The storage directory /tmp/workdir/hadoop-ozone/integration-test/target/test-dir/MiniOzoneClusterImpl-7ef340d7-68af-4f58-9b44-58bb6671d0fe/datanode-4/data/ratis/4e94ec8d-4415-46f2-8208-00a7be557b40 does not exist. Creating ...
2019-07-13 19:11:00,834 INFO  storage.RaftStorageDirectory (RaftStorageDirectory.java:tryLock(328)) - Lock on /tmp/workdir/hadoop-ozone/integration-test/target/test-dir/MiniOzoneClusterImpl-7ef340d7-68af-4f58-9b44-58bb6671d0fe/datanode-4/data/ratis/4e94ec8d-4415-46f2-8208-00a7be557b40/in_use.lock acquired by nodename 10860@trunk-nightly-fxqsz-774976932
2019-07-13 19:11:00,834 INFO  storage.RaftStorageDirectory (RaftStorageDirectory.java:tryLock(328)) - Lock on /tmp/workdir/hadoop-ozone/integration-test/target/test-dir/MiniOzoneClusterImpl-7ef340d7-68af-4f58-9b44-58bb6671d0fe/datanode-3/data/ratis/4e94ec8d-4415-46f2-8208-00a7be557b40/in_use.lock acquired by nodename 10860@trunk-nightly-fxqsz-774976932
2019-07-13 19:11:00,834 INFO  storage.RaftStorageDirectory (RaftStorageDirectory.java:tryLock(328)) - Lock on /tmp/workdir/hadoop-ozone/integration-test/target/test-dir/MiniOzoneClusterImpl-7ef340d7-68af-4f58-9b44-58bb6671d0fe/datanode-5/data/ratis/4e94ec8d-4415-46f2-8208-00a7be557b40/in_use.lock acquired by nodename 10860@trunk-nightly-fxqsz-774976932
2019-07-13 19:11:01,009 INFO  storage.RaftStorage (RaftStorage.java:format(72)) - Storage directory /tmp/workdir/hadoop-ozone/integration-test/target/test-dir/MiniOzoneClusterImpl-7ef340d7-68af-4f58-9b44-58bb6671d0fe/datanode-4/data/ratis/4e94ec8d-4415-46f2-8208-00a7be557b40 has been successfully formatted.
2019-07-13 19:11:01,009 INFO  storage.RaftStorage (RaftStorage.java:format(72)) - Storage directory /tmp/workdir/hadoop-ozone/integration-test/target/test-dir/MiniOzoneClusterImpl-7ef340d7-68af-4f58-9b44-58bb6671d0fe/datanode-3/data/ratis/4e94ec8d-4415-46f2-8208-00a7be557b40 has been successfully formatted.
2019-07-13 19:11:01,009 INFO  storage.RaftStorage (RaftStorage.java:format(72)) - Storage directory /tmp/workdir/hadoop-ozone/integration-test/target/test-dir/MiniOzoneClusterImpl-7ef340d7-68af-4f58-9b44-58bb6671d0fe/datanode-5/data/ratis/4e94ec8d-4415-46f2-8208-00a7be557b40 has been successfully formatted.
2019-07-13 19:11:01,010 INFO  ratis.ContainerStateMachine (ContainerStateMachine.java:loadSnapshot(200)) - The snapshot info is null.Setting the last applied index to:(t:0, i:~)
2019-07-13 19:11:01,010 INFO  ratis.ContainerStateMachine (ContainerStateMachine.java:loadSnapshot(200)) - The snapshot info is null.Setting the last applied index to:(t:0, i:~)
2019-07-13 19:11:01,010 INFO  server.RaftServerConfigKeys (ConfUtils.java:logGet(43)) - raft.server.leader.election.timeout = 120s (custom)
2019-07-13 19:11:01,010 INFO  ratis.ContainerStateMachine (ContainerStateMachine.java:loadSnapshot(200)) - The snapshot info is null.Setting the last applied index to:(t:0, i:~)
2019-07-13 19:11:01,011 INFO  server.RaftServerConfigKeys (ConfUtils.java:logGet(43)) - raft.server.log.use.memory = false (default)
2019-07-13 19:11:01,010 INFO  server.RaftServerConfigKeys (ConfUtils.java:logGet(43)) - raft.server.leader.election.timeout = 120s (custom)
2019-07-13 19:11:01,033 INFO  server.RaftServerConfigKeys (ConfUtils.java:logGet(43)) - raft.server.log.purge.gap = 1000000000 (custom)
2019-07-13 19:11:01,011 INFO  server.RaftServerConfigKeys (ConfUtils.java:logGet(43)) - raft.server.leader.election.timeout = 120s (custom)
2019-07-13 19:11:01,064 INFO  server.RaftServerConfigKeys (ConfUtils.java:logGet(43)) - raft.server.log.use.memory = false (default)
2019-07-13 19:11:01,064 INFO  server.RaftServerConfigKeys (ConfUtils.java:logGet(43)) - raft.server.log.purge.gap = 1000000000 (custom)
2019-07-13 19:11:01,075 INFO  server.RaftServerConfigKeys (ConfUtils.java:logGet(43)) - raft.server.log.appender.buffer.byte-limit = 33554432 (custom)
2019-07-13 19:11:01,051 INFO  server.RaftServerConfigKeys (ConfUtils.java:logGet(43)) - raft.server.log.appender.buffer.byte-limit = 33554432 (custom)
2019-07-13 19:11:01,034 INFO  server.RaftServerConfigKeys (ConfUtils.java:logGet(43)) - raft.server.log.use.memory = false (default)
2019-07-13 19:11:01,145 INFO  server.RaftServerConfigKeys (ConfUtils.java:logGet(43)) - raft.server.log.segment.size.max = 1048576 (custom)
2019-07-13 19:11:01,097 INFO  server.RaftServerConfigKeys (ConfUtils.java:logGet(43)) - raft.server.log.segment.size.max = 1048576 (custom)
2019-07-13 19:11:01,186 INFO  server.RaftServerConfigKeys (ConfUtils.java:logGet(43)) - raft.server.log.segment.cache.num.max = 2 (custom)
2019-07-13 19:11:01,147 INFO  server.RaftServerConfigKeys (ConfUtils.java:logGet(43)) - raft.server.log.purge.gap = 1000000000 (custom)
2019-07-13 19:11:01,191 INFO  segmented.SegmentedRaftLogWorker (SegmentedRaftLogWorker.java:<init>(172)) - new 1e39f4ad-28f9-47a0-89ed-fce4606cdd96-SegmentedRaftLogWorker:Storage Directory /tmp/workdir/hadoop-ozone/integration-test/target/test-dir/MiniOzoneClusterImpl-7ef340d7-68af-4f58-9b44-58bb6671d0fe/datanode-3/data/ratis/4e94ec8d-4415-46f2-8208-00a7be557b40 for RaftStorage:Storage Directory /tmp/workdir/hadoop-ozone/integration-test/target/test-dir/MiniOzoneClusterImpl-7ef340d7-68af-4f58-9b44-58bb6671d0fe/datanode-3/data/ratis/4e94ec8d-4415-46f2-8208-00a7be557b40
2019-07-13 19:11:01,191 INFO  server.RaftServerConfigKeys (ConfUtils.java:logGet(43)) - raft.server.log.segment.cache.num.max = 2 (custom)
2019-07-13 19:11:01,213 INFO  segmented.SegmentedRaftLogWorker (SegmentedRaftLogWorker.java:<init>(172)) - new c31fe80b-a978-435c-a5db-d35cb9eb23b0-SegmentedRaftLogWorker:Storage Directory /tmp/workdir/hadoop-ozone/integration-test/target/test-dir/MiniOzoneClusterImpl-7ef340d7-68af-4f58-9b44-58bb6671d0fe/datanode-5/data/ratis/4e94ec8d-4415-46f2-8208-00a7be557b40 for RaftStorage:Storage Directory /tmp/workdir/hadoop-ozone/integration-test/target/test-dir/MiniOzoneClusterImpl-7ef340d7-68af-4f58-9b44-58bb6671d0fe/datanode-5/data/ratis/4e94ec8d-4415-46f2-8208-00a7be557b40
2019-07-13 19:11:01,213 INFO  server.RaftServerConfigKeys (ConfUtils.java:logGet(43)) - raft.server.log.queue.byte-limit = 2147483647 (custom)
2019-07-13 19:11:01,214 INFO  server.RaftServerConfigKeys (ConfUtils.java:logGet(43)) - raft.server.log.queue.element-limit = 1024 (custom)
2019-07-13 19:11:01,195 INFO  server.RaftServerConfigKeys (ConfUtils.java:logGet(43)) - raft.server.log.appender.buffer.byte-limit = 33554432 (custom)
2019-07-13 19:11:01,214 INFO  server.RaftServerConfigKeys (ConfUtils.java:logGet(43)) - raft.server.log.segment.size.max = 1048576 (custom)
2019-07-13 19:11:01,214 INFO  server.RaftServerConfigKeys (ConfUtils.java:logGet(43)) - raft.server.log.preallocated.size = 16384 (custom)
2019-07-13 19:11:01,213 INFO  server.RaftServerConfigKeys (ConfUtils.java:logGet(43)) - raft.server.log.queue.byte-limit = 2147483647 (custom)
2019-07-13 19:11:01,214 INFO  server.RaftServerConfigKeys (ConfUtils.java:logGet(43)) - raft.server.log.write.buffer.size = 33554432 (custom)
2019-07-13 19:11:01,215 INFO  server.RaftServerConfigKeys (ConfUtils.java:logGet(43)) - raft.server.log.force.sync.num = 128 (default)
2019-07-13 19:11:01,214 INFO  server.RaftServerConfigKeys (ConfUtils.java:logGet(43)) - raft.server.log.segment.size.max = 1048576 (custom)
2019-07-13 19:11:01,215 INFO  server.RaftServerConfigKeys (ConfUtils.java:logGet(43)) - raft.server.log.statemachine.data.sync = true (default)
2019-07-13 19:11:01,215 INFO  server.RaftServerConfigKeys (ConfUtils.java:logGet(43)) - raft.server.log.statemachine.data.sync.timeout = 10s (default)
2019-07-13 19:11:01,215 INFO  server.RaftServerConfigKeys (ConfUtils.java:logGet(43)) - raft.server.log.queue.element-limit = 1024 (custom)
2019-07-13 19:11:01,215 INFO  server.RaftServerConfigKeys (ConfUtils.java:logGet(43)) - raft.server.log.statemachine.data.sync.timeout.retry = -1 (default)
2019-07-13 19:11:01,215 INFO  server.RaftServerConfigKeys (ConfUtils.java:logGet(43)) - raft.server.log.segment.cache.num.max = 2 (custom)
2019-07-13 19:11:01,216 INFO  server.RaftServerConfigKeys (ConfUtils.java:logGet(43)) - raft.server.log.statemachine.data.caching.enabled = true (custom)
2019-07-13 19:11:01,215 INFO  server.RaftServerConfigKeys (ConfUtils.java:logGet(43)) - raft.server.log.segment.size.max = 1048576 (custom)
2019-07-13 19:11:01,216 INFO  segmented.SegmentedRaftLogWorker (SegmentedRaftLogWorker.java:lambda$new$0(132)) - 1e39f4ad-28f9-47a0-89ed-fce4606cdd96-SegmentedRaftLogWorker:Storage Directory /tmp/workdir/hadoop-ozone/integration-test/target/test-dir/MiniOzoneClusterImpl-7ef340d7-68af-4f58-9b44-58bb6671d0fe/datanode-3/data/ratis/4e94ec8d-4415-46f2-8208-00a7be557b40: flushIndex: setUnconditionally 0 -> -1
2019-07-13 19:11:01,216 INFO  segmented.SegmentedRaftLogWorker (SegmentedRaftLogWorker.java:<init>(172)) - new 5d5edfa8-0e23-4b54-b3bf-06bedf46de88-SegmentedRaftLogWorker:Storage Directory /tmp/workdir/hadoop-ozone/integration-test/target/test-dir/MiniOzoneClusterImpl-7ef340d7-68af-4f58-9b44-58bb6671d0fe/datanode-4/data/ratis/4e94ec8d-4415-46f2-8208-00a7be557b40 for RaftStorage:Storage Directory /tmp/workdir/hadoop-ozone/integration-test/target/test-dir/MiniOzoneClusterImpl-7ef340d7-68af-4f58-9b44-58bb6671d0fe/datanode-4/data/ratis/4e94ec8d-4415-46f2-8208-00a7be557b40
2019-07-13 19:11:01,216 INFO  server.RaftServerConfigKeys (ConfUtils.java:logGet(43)) - raft.server.log.preallocated.size = 16384 (custom)
2019-07-13 19:11:01,216 INFO  server.RaftServerConfigKeys (ConfUtils.java:logGet(43)) - raft.server.log.queue.byte-limit = 2147483647 (custom)
2019-07-13 19:11:01,216 INFO  server.RaftServerConfigKeys (ConfUtils.java:logGet(43)) - raft.server.snapshot.auto.trigger.enabled = true (custom)
2019-07-13 19:11:01,217 INFO  server.RaftServerConfigKeys (ConfUtils.java:logGet(43)) - raft.server.log.queue.element-limit = 1024 (custom)
2019-07-13 19:11:01,217 INFO  server.RaftServerConfigKeys (ConfUtils.java:logGet(43)) - raft.server.log.write.buffer.size = 33554432 (custom)
2019-07-13 19:11:01,217 INFO  server.RaftServerConfigKeys (ConfUtils.java:logGet(43)) - raft.server.log.segment.size.max = 1048576 (custom)
2019-07-13 19:11:01,217 INFO  server.RaftServerConfigKeys (ConfUtils.java:logGet(43)) - raft.server.log.preallocated.size = 16384 (custom)
2019-07-13 19:11:01,217 INFO  server.RaftServerConfigKeys (ConfUtils.java:logGet(43)) - raft.server.snapshot.auto.trigger.threshold = 10000 (custom)
2019-07-13 19:11:01,217 INFO  server.RaftServerConfigKeys (ConfUtils.java:logGet(43)) - raft.server.log.write.buffer.size = 33554432 (custom)
2019-07-13 19:11:01,218 INFO  server.RaftServerConfigKeys (ConfUtils.java:logGet(43)) - raft.server.log.force.sync.num = 128 (default)
2019-07-13 19:11:01,217 INFO  server.RaftServerConfigKeys (ConfUtils.java:logGet(43)) - raft.server.log.force.sync.num = 128 (default)
2019-07-13 19:11:01,218 INFO  server.RaftServerConfigKeys (ConfUtils.java:logGet(43)) - raft.server.log.statemachine.data.sync = true (default)
2019-07-13 19:11:01,218 INFO  server.RaftServerConfigKeys (ConfUtils.java:logGet(43)) - raft.server.log.statemachine.data.sync.timeout = 10s (default)
2019-07-13 19:11:01,218 INFO  server.RaftServerConfigKeys (ConfUtils.java:logGet(43)) - raft.server.retrycache.expirytime = 600000ms (custom)
2019-07-13 19:11:01,218 INFO  server.RaftServerConfigKeys (ConfUtils.java:logGet(43)) - raft.server.log.statemachine.data.sync.timeout.retry = -1 (default)
2019-07-13 19:11:01,218 INFO  server.RaftServerConfigKeys (ConfUtils.java:logGet(43)) - raft.server.log.statemachine.data.sync = true (default)
2019-07-13 19:11:01,219 INFO  server.RaftServerConfigKeys (ConfUtils.java:logGet(43)) - raft.server.log.statemachine.data.caching.enabled = true (custom)
2019-07-13 19:11:01,219 INFO  impl.RaftServerImpl (RaftServerImpl.java:start(180)) - 1e39f4ad-28f9-47a0-89ed-fce4606cdd96: start group-00A7BE557B40
2019-07-13 19:11:01,219 INFO  server.RaftServerConfigKeys (ConfUtils.java:logGet(43)) - raft.server.log.statemachine.data.sync.timeout = 10s (default)
2019-07-13 19:11:01,219 INFO  segmented.SegmentedRaftLogWorker (SegmentedRaftLogWorker.java:lambda$new$0(132)) - 5d5edfa8-0e23-4b54-b3bf-06bedf46de88-SegmentedRaftLogWorker:Storage Directory /tmp/workdir/hadoop-ozone/integration-test/target/test-dir/MiniOzoneClusterImpl-7ef340d7-68af-4f58-9b44-58bb6671d0fe/datanode-4/data/ratis/4e94ec8d-4415-46f2-8208-00a7be557b40: flushIndex: setUnconditionally 0 -> -1
2019-07-13 19:11:01,219 INFO  impl.RaftServerImpl (RaftServerImpl.java:setRole(171)) - 1e39f4ad-28f9-47a0-89ed-fce4606cdd96:group-00A7BE557B40 changes role from null to FOLLOWER at term 0 for startAsFollower
2019-07-13 19:11:01,219 INFO  server.RaftServerConfigKeys (ConfUtils.java:logGet(43)) - raft.server.log.statemachine.data.sync.timeout.retry = -1 (default)
2019-07-13 19:11:01,220 INFO  server.RaftServerConfigKeys (ConfUtils.java:logGet(43)) - raft.server.snapshot.auto.trigger.enabled = true (custom)
2019-07-13 19:11:01,220 INFO  impl.RoleInfo (RoleInfo.java:updateAndGet(143)) - 1e39f4ad-28f9-47a0-89ed-fce4606cdd96: start FollowerState
2019-07-13 19:11:01,220 INFO  server.RaftServerConfigKeys (ConfUtils.java:logGet(43)) - raft.server.snapshot.auto.trigger.threshold = 10000 (custom)
2019-07-13 19:11:01,220 INFO  server.RaftServerConfigKeys (ConfUtils.java:logGet(43)) - raft.server.log.statemachine.data.caching.enabled = true (custom)
2019-07-13 19:11:01,220 INFO  util.JmxRegister (JmxRegister.java:tryRegister(44)) - Successfully registered JMX Bean with object name Ratis:service=RaftServer,group=group-00A7BE557B40,id=1e39f4ad-28f9-47a0-89ed-fce4606cdd96
2019-07-13 19:11:01,220 INFO  server.RaftServerConfigKeys (ConfUtils.java:logGet(43)) - raft.server.retrycache.expirytime = 600000ms (custom)
2019-07-13 19:11:01,220 INFO  segmented.SegmentedRaftLogWorker (SegmentedRaftLogWorker.java:lambda$new$0(132)) - c31fe80b-a978-435c-a5db-d35cb9eb23b0-SegmentedRaftLogWorker:Storage Directory /tmp/workdir/hadoop-ozone/integration-test/target/test-dir/MiniOzoneClusterImpl-7ef340d7-68af-4f58-9b44-58bb6671d0fe/datanode-5/data/ratis/4e94ec8d-4415-46f2-8208-00a7be557b40: flushIndex: setUnconditionally 0 -> -1
2019-07-13 19:11:01,221 INFO  impl.RaftServerImpl (RaftServerImpl.java:start(180)) - 5d5edfa8-0e23-4b54-b3bf-06bedf46de88: start group-00A7BE557B40
2019-07-13 19:11:01,221 INFO  impl.RaftServerImpl (RaftServerImpl.java:setRole(171)) - 5d5edfa8-0e23-4b54-b3bf-06bedf46de88:group-00A7BE557B40 changes role from null to FOLLOWER at term 0 for startAsFollower
2019-07-13 19:11:01,221 INFO  server.RaftServerConfigKeys (ConfUtils.java:logGet(43)) - raft.server.snapshot.auto.trigger.enabled = true (custom)
2019-07-13 19:11:01,221 INFO  impl.RoleInfo (RoleInfo.java:updateAndGet(143)) - 5d5edfa8-0e23-4b54-b3bf-06bedf46de88: start FollowerState
2019-07-13 19:11:01,221 INFO  server.RaftServerConfigKeys (ConfUtils.java:logGet(43)) - raft.server.snapshot.auto.trigger.threshold = 10000 (custom)
2019-07-13 19:11:01,221 INFO  server.RaftServerConfigKeys (ConfUtils.java:logGet(43)) - raft.server.retrycache.expirytime = 600000ms (custom)
2019-07-13 19:11:01,222 INFO  util.JmxRegister (JmxRegister.java:tryRegister(44)) - Successfully registered JMX Bean with object name Ratis:service=RaftServer,group=group-00A7BE557B40,id=5d5edfa8-0e23-4b54-b3bf-06bedf46de88
2019-07-13 19:11:01,222 INFO  impl.RaftServerImpl (RaftServerImpl.java:start(180)) - c31fe80b-a978-435c-a5db-d35cb9eb23b0: start group-00A7BE557B40
2019-07-13 19:11:01,222 INFO  impl.RaftServerImpl (RaftServerImpl.java:setRole(171)) - c31fe80b-a978-435c-a5db-d35cb9eb23b0:group-00A7BE557B40 changes role from null to FOLLOWER at term 0 for startAsFollower
2019-07-13 19:11:01,222 INFO  impl.RoleInfo (RoleInfo.java:updateAndGet(143)) - c31fe80b-a978-435c-a5db-d35cb9eb23b0: start FollowerState
2019-07-13 19:11:01,222 INFO  util.JmxRegister (JmxRegister.java:tryRegister(44)) - Successfully registered JMX Bean with object name Ratis:service=RaftServer,group=group-00A7BE557B40,id=c31fe80b-a978-435c-a5db-d35cb9eb23b0
2019-07-13 19:11:01,224 INFO  pipeline.PipelineStateManager (PipelineStateManager.java:addPipeline(56)) - Created pipeline Pipeline[ Id: 4e94ec8d-4415-46f2-8208-00a7be557b40, Nodes: c31fe80b-a978-435c-a5db-d35cb9eb23b0{ip: 192.168.69.122, host: trunk-nightly-fxqsz-774976932, networkLocation: /default-rack, certSerialId: null}1e39f4ad-28f9-47a0-89ed-fce4606cdd96{ip: 192.168.69.122, host: trunk-nightly-fxqsz-774976932, networkLocation: /default-rack, certSerialId: null}5d5edfa8-0e23-4b54-b3bf-06bedf46de88{ip: 192.168.69.122, host: trunk-nightly-fxqsz-774976932, networkLocation: /default-rack, certSerialId: null}, Type:RATIS, Factor:THREE, State:OPEN]
2019-07-13 19:11:01,256 INFO  client.GrpcClientProtocolClient (GrpcClientProtocolClient.java:onNext(255)) - client-84C592902809->c31fe80b-a978-435c-a5db-d35cb9eb23b0: receive RaftClientReply:client-84C592902809->c31fe80b-a978-435c-a5db-d35cb9eb23b0@group-00A7BE557B40, cid=134, FAILED org.apache.ratis.protocol.NotLeaderException: Server c31fe80b-a978-435c-a5db-d35cb9eb23b0 is not the leader (null). Request must be sent to leader., logIndex=0, commits[c31fe80b-a978-435c-a5db-d35cb9eb23b0:c-1]
2019-07-13 19:11:02,144 WARN  server.GrpcLogAppender (LogUtils.java:warn(134)) - b2834bdc-0b24-4552-85d4-88a911f4f023->d92fd9b4-9a09-412f-89f4-a9cd00fb85be: Failed appendEntries: org.apache.ratis.thirdparty.io.grpc.StatusRuntimeException: UNAVAILABLE: io exception
2019-07-13 19:11:02,151 INFO  impl.FollowerInfo (FollowerInfo.java:lambda$new$0(50)) - b2834bdc-0b24-4552-85d4-88a911f4f023->d92fd9b4-9a09-412f-89f4-a9cd00fb85be: nextIndex: updateUnconditionally 1 -> 0
2019-07-13 19:11:02,314 INFO  client.GrpcClientProtocolClient (GrpcClientProtocolClient.java:onNext(255)) - client-84C592902809->5d5edfa8-0e23-4b54-b3bf-06bedf46de88: receive RaftClientReply:client-84C592902809->5d5edfa8-0e23-4b54-b3bf-06bedf46de88@group-00A7BE557B40, cid=134, FAILED org.apache.ratis.protocol.NotLeaderException: Server 5d5edfa8-0e23-4b54-b3bf-06bedf46de88 is not the leader (null). Request must be sent to leader., logIndex=0, commits[5d5edfa8-0e23-4b54-b3bf-06bedf46de88:c-1]
2019-07-13 19:11:02,464 INFO  container.ReplicationManager (ReplicationManager.java:start(155)) - Starting Replication Monitor Thread.
2019-07-13 19:11:02,472 INFO  container.ReplicationManager (ReplicationManager.java:run(207)) - Replication Monitor Thread took 0 milliseconds for processing 1 containers.
2019-07-13 19:11:03,361 INFO  client.GrpcClientProtocolClient (GrpcClientProtocolClient.java:onNext(255)) - client-84C592902809->1e39f4ad-28f9-47a0-89ed-fce4606cdd96: receive RaftClientReply:client-84C592902809->1e39f4ad-28f9-47a0-89ed-fce4606cdd96@group-00A7BE557B40, cid=134, FAILED org.apache.ratis.protocol.NotLeaderException: Server 1e39f4ad-28f9-47a0-89ed-fce4606cdd96 is not the leader (null). Request must be sent to leader., logIndex=0, commits[1e39f4ad-28f9-47a0-89ed-fce4606cdd96:c-1]
2019-07-13 19:11:04,427 INFO  client.GrpcClientProtocolClient (GrpcClientProtocolClient.java:onNext(255)) - client-84C592902809->c31fe80b-a978-435c-a5db-d35cb9eb23b0: receive RaftClientReply:client-84C592902809->c31fe80b-a978-435c-a5db-d35cb9eb23b0@group-00A7BE557B40, cid=134, FAILED org.apache.ratis.protocol.NotLeaderException: Server c31fe80b-a978-435c-a5db-d35cb9eb23b0 is not the leader (null). Request must be sent to leader., logIndex=0, commits[c31fe80b-a978-435c-a5db-d35cb9eb23b0:c-1]
2019-07-13 19:11:04,633 WARN  server.GrpcLogAppender (LogUtils.java:warn(134)) - b2834bdc-0b24-4552-85d4-88a911f4f023->d92fd9b4-9a09-412f-89f4-a9cd00fb85be: Failed appendEntries: org.apache.ratis.thirdparty.io.grpc.StatusRuntimeException: UNAVAILABLE: io exception
2019-07-13 19:11:04,641 INFO  impl.FollowerInfo (FollowerInfo.java:lambda$new$0(50)) - b2834bdc-0b24-4552-85d4-88a911f4f023->d92fd9b4-9a09-412f-89f4-a9cd00fb85be: nextIndex: updateUnconditionally 0 -> 0
2019-07-13 19:11:04,726 INFO  impl.FollowerState (FollowerState.java:run(106)) - 6649e80d-1b3a-4d30-b1f3-c663d3b8bd53:group-B8766955828C changes to CANDIDATE, lastRpcTime:5194, electionTimeout:5194ms
2019-07-13 19:11:04,727 INFO  impl.RoleInfo (RoleInfo.java:shutdownFollowerState(121)) - 6649e80d-1b3a-4d30-b1f3-c663d3b8bd53: shutdown FollowerState
2019-07-13 19:11:04,727 INFO  impl.RaftServerImpl (RaftServerImpl.java:setRole(171)) - 6649e80d-1b3a-4d30-b1f3-c663d3b8bd53:group-B8766955828C changes role from FOLLOWER to CANDIDATE at term 0 for changeToCandidate
2019-07-13 19:11:04,727 INFO  impl.RoleInfo (RoleInfo.java:updateAndGet(143)) - 6649e80d-1b3a-4d30-b1f3-c663d3b8bd53: start LeaderElection
2019-07-13 19:11:04,767 INFO  impl.LeaderElection (LeaderElection.java:askForVotes(181)) - 6649e80d-1b3a-4d30-b1f3-c663d3b8bd53:group-B8766955828C:LeaderElection67: begin an election at term 1 for -1: [6649e80d-1b3a-4d30-b1f3-c663d3b8bd53:192.168.69.122:38341], old=null
2019-07-13 19:11:04,767 INFO  impl.RoleInfo (RoleInfo.java:shutdownLeaderElection(134)) - 6649e80d-1b3a-4d30-b1f3-c663d3b8bd53: shutdown LeaderElection
2019-07-13 19:11:04,767 INFO  impl.RaftServerImpl (RaftServerImpl.java:setRole(171)) - 6649e80d-1b3a-4d30-b1f3-c663d3b8bd53:group-B8766955828C changes role from CANDIDATE to LEADER at term 1 for changeToLeader
2019-07-13 19:11:04,768 INFO  impl.RaftServerImpl (ServerState.java:setLeader(263)) - 6649e80d-1b3a-4d30-b1f3-c663d3b8bd53:group-B8766955828C change Leader from null to 6649e80d-1b3a-4d30-b1f3-c663d3b8bd53 at term 1 for becomeLeader, leader elected after 5239ms
2019-07-13 19:11:04,768 INFO  server.RaftServerConfigKeys (ConfUtils.java:logGet(43)) - raft.server.staging.catchup.gap = 1000 (default)
2019-07-13 19:11:04,768 INFO  server.RaftServerConfigKeys (ConfUtils.java:logGet(43)) - raft.server.rpc.sleep.time = 25ms (default)
2019-07-13 19:11:04,768 INFO  server.RaftServerConfigKeys (ConfUtils.java:logGet(43)) - raft.server.write.element-limit = 4096 (default)
2019-07-13 19:11:04,768 INFO  server.RaftServerConfigKeys (ConfUtils.java:logGet(43)) - raft.server.watch.timeout = 10s (default)
2019-07-13 19:11:04,768 INFO  server.RaftServerConfigKeys (ConfUtils.java:logGet(43)) - raft.server.watch.timeout.denomination = 1s (default)
2019-07-13 19:11:04,768 INFO  server.RaftServerConfigKeys (ConfUtils.java:logGet(43)) - raft.server.watch.element-limit = 65536 (default)
2019-07-13 19:11:04,769 INFO  impl.RoleInfo (RoleInfo.java:updateAndGet(143)) - 6649e80d-1b3a-4d30-b1f3-c663d3b8bd53: start LeaderState
2019-07-13 19:11:04,769 INFO  segmented.SegmentedRaftLogWorker (SegmentedRaftLogWorker.java:startLogSegment(380)) - 6649e80d-1b3a-4d30-b1f3-c663d3b8bd53-SegmentedRaftLogWorker:Storage Directory /tmp/workdir/hadoop-ozone/integration-test/target/test-dir/MiniOzoneClusterImpl-7ef340d7-68af-4f58-9b44-58bb6671d0fe/datanode-0/data/ratis/471bc150-b2c4-4b86-ba1c-b8766955828c: Starting segment from index:0
2019-07-13 19:11:04,770 INFO  impl.RaftServerImpl (ServerState.java:setRaftConf(361)) - 6649e80d-1b3a-4d30-b1f3-c663d3b8bd53:group-B8766955828C set configuration 0: [6649e80d-1b3a-4d30-b1f3-c663d3b8bd53:192.168.69.122:38341], old=null at 0
2019-07-13 19:11:04,812 INFO  segmented.SegmentedRaftLogWorker (SegmentedRaftLogWorker.java:execute(569)) - 6649e80d-1b3a-4d30-b1f3-c663d3b8bd53-SegmentedRaftLogWorker:Storage Directory /tmp/workdir/hadoop-ozone/integration-test/target/test-dir/MiniOzoneClusterImpl-7ef340d7-68af-4f58-9b44-58bb6671d0fe/datanode-0/data/ratis/471bc150-b2c4-4b86-ba1c-b8766955828c: created new log segment /tmp/workdir/hadoop-ozone/integration-test/target/test-dir/MiniOzoneClusterImpl-7ef340d7-68af-4f58-9b44-58bb6671d0fe/datanode-0/data/ratis/471bc150-b2c4-4b86-ba1c-b8766955828c/current/log_inprogress_0
2019-07-13 19:11:04,956 INFO  impl.FollowerState (FollowerState.java:run(106)) - 4728f292-fc3e-4d51-85e9-6b690bae49b2:group-4BB1CDE9B208 changes to CANDIDATE, lastRpcTime:5183, electionTimeout:5183ms
2019-07-13 19:11:04,956 INFO  impl.RoleInfo (RoleInfo.java:shutdownFollowerState(121)) - 4728f292-fc3e-4d51-85e9-6b690bae49b2: shutdown FollowerState
2019-07-13 19:11:04,956 INFO  impl.RaftServerImpl (RaftServerImpl.java:setRole(171)) - 4728f292-fc3e-4d51-85e9-6b690bae49b2:group-4BB1CDE9B208 changes role from FOLLOWER to CANDIDATE at term 0 for changeToCandidate
2019-07-13 19:11:04,956 INFO  impl.RoleInfo (RoleInfo.java:updateAndGet(143)) - 4728f292-fc3e-4d51-85e9-6b690bae49b2: start LeaderElection
2019-07-13 19:11:04,992 INFO  impl.LeaderElection (LeaderElection.java:askForVotes(181)) - 4728f292-fc3e-4d51-85e9-6b690bae49b2:group-4BB1CDE9B208:LeaderElection68: begin an election at term 1 for -1: [4728f292-fc3e-4d51-85e9-6b690bae49b2:192.168.69.122:43901], old=null
2019-07-13 19:11:04,992 INFO  impl.RoleInfo (RoleInfo.java:shutdownLeaderElection(134)) - 4728f292-fc3e-4d51-85e9-6b690bae49b2: shutdown LeaderElection
2019-07-13 19:11:04,992 INFO  impl.RaftServerImpl (RaftServerImpl.java:setRole(171)) - 4728f292-fc3e-4d51-85e9-6b690bae49b2:group-4BB1CDE9B208 changes role from CANDIDATE to LEADER at term 1 for changeToLeader
2019-07-13 19:11:04,992 INFO  impl.RaftServerImpl (ServerState.java:setLeader(263)) - 4728f292-fc3e-4d51-85e9-6b690bae49b2:group-4BB1CDE9B208 change Leader from null to 4728f292-fc3e-4d51-85e9-6b690bae49b2 at term 1 for becomeLeader, leader elected after 5225ms
2019-07-13 19:11:04,993 INFO  server.RaftServerConfigKeys (ConfUtils.java:logGet(43)) - raft.server.staging.catchup.gap = 1000 (default)
2019-07-13 19:11:04,993 INFO  server.RaftServerConfigKeys (ConfUtils.java:logGet(43)) - raft.server.rpc.sleep.time = 25ms (default)
2019-07-13 19:11:04,993 INFO  server.RaftServerConfigKeys (ConfUtils.java:logGet(43)) - raft.server.write.element-limit = 4096 (default)
2019-07-13 19:11:04,993 INFO  server.RaftServerConfigKeys (ConfUtils.java:logGet(43)) - raft.server.watch.timeout = 10s (default)
2019-07-13 19:11:04,993 INFO  server.RaftServerConfigKeys (ConfUtils.java:logGet(43)) - raft.server.watch.timeout.denomination = 1s (default)
2019-07-13 19:11:04,993 INFO  server.RaftServerConfigKeys (ConfUtils.java:logGet(43)) - raft.server.watch.element-limit = 65536 (default)
2019-07-13 19:11:04,993 INFO  impl.RoleInfo (RoleInfo.java:updateAndGet(143)) - 4728f292-fc3e-4d51-85e9-6b690bae49b2: start LeaderState
2019-07-13 19:11:04,994 INFO  segmented.SegmentedRaftLogWorker (SegmentedRaftLogWorker.java:startLogSegment(380)) - 4728f292-fc3e-4d51-85e9-6b690bae49b2-SegmentedRaftLogWorker:Storage Directory /tmp/workdir/hadoop-ozone/integration-test/target/test-dir/MiniOzoneClusterImpl-7ef340d7-68af-4f58-9b44-58bb6671d0fe/datanode-1/data/ratis/e0aa6dd8-1dca-4b13-9127-4bb1cde9b208: Starting segment from index:0
2019-07-13 19:11:04,994 INFO  impl.RaftServerImpl (ServerState.java:setRaftConf(361)) - 4728f292-fc3e-4d51-85e9-6b690bae49b2:group-4BB1CDE9B208 set configuration 0: [4728f292-fc3e-4d51-85e9-6b690bae49b2:192.168.69.122:43901], old=null at 0
2019-07-13 19:11:05,037 INFO  segmented.SegmentedRaftLogWorker (SegmentedRaftLogWorker.java:execute(569)) - 4728f292-fc3e-4d51-85e9-6b690bae49b2-SegmentedRaftLogWorker:Storage Directory /tmp/workdir/hadoop-ozone/integration-test/target/test-dir/MiniOzoneClusterImpl-7ef340d7-68af-4f58-9b44-58bb6671d0fe/datanode-1/data/ratis/e0aa6dd8-1dca-4b13-9127-4bb1cde9b208: created new log segment /tmp/workdir/hadoop-ozone/integration-test/target/test-dir/MiniOzoneClusterImpl-7ef340d7-68af-4f58-9b44-58bb6671d0fe/datanode-1/data/ratis/e0aa6dd8-1dca-4b13-9127-4bb1cde9b208/current/log_inprogress_0
2019-07-13 19:11:05,058 INFO  impl.FollowerState (FollowerState.java:run(106)) - 2e4d2605-fa3b-4364-8a8a-d4dc65addb57:group-6142B3ACF7A2 changes to CANDIDATE, lastRpcTime:5047, electionTimeout:5047ms
2019-07-13 19:11:05,059 INFO  impl.RoleInfo (RoleInfo.java:shutdownFollowerState(121)) - 2e4d2605-fa3b-4364-8a8a-d4dc65addb57: shutdown FollowerState
2019-07-13 19:11:05,059 INFO  impl.RaftServerImpl (RaftServerImpl.java:setRole(171)) - 2e4d2605-fa3b-4364-8a8a-d4dc65addb57:group-6142B3ACF7A2 changes role from FOLLOWER to CANDIDATE at term 0 for changeToCandidate
2019-07-13 19:11:05,059 INFO  impl.RoleInfo (RoleInfo.java:updateAndGet(143)) - 2e4d2605-fa3b-4364-8a8a-d4dc65addb57: start LeaderElection
2019-07-13 19:11:05,138 INFO  impl.LeaderElection (LeaderElection.java:askForVotes(181)) - 2e4d2605-fa3b-4364-8a8a-d4dc65addb57:group-6142B3ACF7A2:LeaderElection69: begin an election at term 1 for -1: [2e4d2605-fa3b-4364-8a8a-d4dc65addb57:192.168.69.122:35297], old=null
2019-07-13 19:11:05,138 INFO  impl.RoleInfo (RoleInfo.java:shutdownLeaderElection(134)) - 2e4d2605-fa3b-4364-8a8a-d4dc65addb57: shutdown LeaderElection
2019-07-13 19:11:05,139 INFO  impl.RaftServerImpl (RaftServerImpl.java:setRole(171)) - 2e4d2605-fa3b-4364-8a8a-d4dc65addb57:group-6142B3ACF7A2 changes role from CANDIDATE to LEADER at term 1 for changeToLeader
2019-07-13 19:11:05,139 INFO  impl.RaftServerImpl (ServerState.java:setLeader(263)) - 2e4d2605-fa3b-4364-8a8a-d4dc65addb57:group-6142B3ACF7A2 change Leader from null to 2e4d2605-fa3b-4364-8a8a-d4dc65addb57 at term 1 for becomeLeader, leader elected after 5132ms
2019-07-13 19:11:05,139 INFO  server.RaftServerConfigKeys (ConfUtils.java:logGet(43)) - raft.server.staging.catchup.gap = 1000 (default)
2019-07-13 19:11:05,139 INFO  server.RaftServerConfigKeys (ConfUtils.java:logGet(43)) - raft.server.rpc.sleep.time = 25ms (default)
2019-07-13 19:11:05,139 INFO  server.RaftServerConfigKeys (ConfUtils.java:logGet(43)) - raft.server.write.element-limit = 4096 (default)
2019-07-13 19:11:05,139 INFO  server.RaftServerConfigKeys (ConfUtils.java:logGet(43)) - raft.server.watch.timeout = 10s (default)
2019-07-13 19:11:05,139 INFO  server.RaftServerConfigKeys (ConfUtils.java:logGet(43)) - raft.server.watch.timeout.denomination = 1s (default)
2019-07-13 19:11:05,140 INFO  server.RaftServerConfigKeys (ConfUtils.java:logGet(43)) - raft.server.watch.element-limit = 65536 (default)
2019-07-13 19:11:05,140 INFO  impl.RoleInfo (RoleInfo.java:updateAndGet(143)) - 2e4d2605-fa3b-4364-8a8a-d4dc65addb57: start LeaderState
2019-07-13 19:11:05,140 INFO  segmented.SegmentedRaftLogWorker (SegmentedRaftLogWorker.java:startLogSegment(380)) - 2e4d2605-fa3b-4364-8a8a-d4dc65addb57-SegmentedRaftLogWorker:Storage Directory /tmp/workdir/hadoop-ozone/integration-test/target/test-dir/MiniOzoneClusterImpl-7ef340d7-68af-4f58-9b44-58bb6671d0fe/datanode-2/data/ratis/f2f2a4be-88e6-453b-8e81-6142b3acf7a2: Starting segment from index:0
2019-07-13 19:11:05,141 INFO  impl.RaftServerImpl (ServerState.java:setRaftConf(361)) - 2e4d2605-fa3b-4364-8a8a-d4dc65addb57:group-6142B3ACF7A2 set configuration 0: [2e4d2605-fa3b-4364-8a8a-d4dc65addb57:192.168.69.122:35297], old=null at 0
2019-07-13 19:11:05,156 INFO  impl.FollowerState (FollowerState.java:run(106)) - 2e4d2605-fa3b-4364-8a8a-d4dc65addb57:group-ED2F29473B6F changes to CANDIDATE, lastRpcTime:5024, electionTimeout:5024ms
2019-07-13 19:11:05,156 INFO  impl.RoleInfo (RoleInfo.java:shutdownFollowerState(121)) - 2e4d2605-fa3b-4364-8a8a-d4dc65addb57: shutdown FollowerState
2019-07-13 19:11:05,156 INFO  impl.RaftServerImpl (RaftServerImpl.java:setRole(171)) - 2e4d2605-fa3b-4364-8a8a-d4dc65addb57:group-ED2F29473B6F changes role from FOLLOWER to CANDIDATE at term 0 for changeToCandidate
2019-07-13 19:11:05,157 INFO  impl.RoleInfo (RoleInfo.java:updateAndGet(143)) - 2e4d2605-fa3b-4364-8a8a-d4dc65addb57: start LeaderElection
2019-07-13 19:11:05,175 INFO  impl.FollowerState (FollowerState.java:run(106)) - 4728f292-fc3e-4d51-85e9-6b690bae49b2:group-ED2F29473B6F changes to CANDIDATE, lastRpcTime:5039, electionTimeout:5036ms
2019-07-13 19:11:05,175 INFO  impl.RoleInfo (RoleInfo.java:shutdownFollowerState(121)) - 4728f292-fc3e-4d51-85e9-6b690bae49b2: shutdown FollowerState
2019-07-13 19:11:05,175 INFO  impl.RaftServerImpl (RaftServerImpl.java:setRole(171)) - 4728f292-fc3e-4d51-85e9-6b690bae49b2:group-ED2F29473B6F changes role from FOLLOWER to CANDIDATE at term 0 for changeToCandidate
2019-07-13 19:11:05,175 INFO  impl.RoleInfo (RoleInfo.java:updateAndGet(143)) - 4728f292-fc3e-4d51-85e9-6b690bae49b2: start LeaderElection
2019-07-13 19:11:05,212 INFO  segmented.SegmentedRaftLogWorker (SegmentedRaftLogWorker.java:execute(569)) - 2e4d2605-fa3b-4364-8a8a-d4dc65addb57-SegmentedRaftLogWorker:Storage Directory /tmp/workdir/hadoop-ozone/integration-test/target/test-dir/MiniOzoneClusterImpl-7ef340d7-68af-4f58-9b44-58bb6671d0fe/datanode-2/data/ratis/f2f2a4be-88e6-453b-8e81-6142b3acf7a2: created new log segment /tmp/workdir/hadoop-ozone/integration-test/target/test-dir/MiniOzoneClusterImpl-7ef340d7-68af-4f58-9b44-58bb6671d0fe/datanode-2/data/ratis/f2f2a4be-88e6-453b-8e81-6142b3acf7a2/current/log_inprogress_0
2019-07-13 19:11:05,212 INFO  impl.LeaderElection (LeaderElection.java:askForVotes(181)) - 2e4d2605-fa3b-4364-8a8a-d4dc65addb57:group-ED2F29473B6F:LeaderElection70: begin an election at term 1 for -1: [2e4d2605-fa3b-4364-8a8a-d4dc65addb57:192.168.69.122:35297, 4728f292-fc3e-4d51-85e9-6b690bae49b2:192.168.69.122:43901, 6649e80d-1b3a-4d30-b1f3-c663d3b8bd53:192.168.69.122:38341], old=null
2019-07-13 19:11:05,217 INFO  impl.RaftServerImpl (RaftServerImpl.java:setRole(171)) - 6649e80d-1b3a-4d30-b1f3-c663d3b8bd53:group-ED2F29473B6F changes role from FOLLOWER to FOLLOWER at term 1 for recognizeCandidate:2e4d2605-fa3b-4364-8a8a-d4dc65addb57
2019-07-13 19:11:05,218 INFO  impl.RoleInfo (RoleInfo.java:shutdownFollowerState(121)) - 6649e80d-1b3a-4d30-b1f3-c663d3b8bd53: shutdown FollowerState
2019-07-13 19:11:05,218 INFO  impl.RoleInfo (RoleInfo.java:updateAndGet(143)) - 6649e80d-1b3a-4d30-b1f3-c663d3b8bd53: start FollowerState
2019-07-13 19:11:05,218 INFO  impl.FollowerState (FollowerState.java:run(114)) - 6649e80d-1b3a-4d30-b1f3-c663d3b8bd53: FollowerState was interrupted: java.lang.InterruptedException: sleep interrupted
2019-07-13 19:11:05,225 INFO  impl.LeaderElection (LeaderElection.java:askForVotes(181)) - 4728f292-fc3e-4d51-85e9-6b690bae49b2:group-ED2F29473B6F:LeaderElection71: begin an election at term 1 for -1: [2e4d2605-fa3b-4364-8a8a-d4dc65addb57:192.168.69.122:35297, 4728f292-fc3e-4d51-85e9-6b690bae49b2:192.168.69.122:43901, 6649e80d-1b3a-4d30-b1f3-c663d3b8bd53:192.168.69.122:38341], old=null
2019-07-13 19:11:05,236 INFO  impl.LeaderElection (LeaderElection.java:logAndReturn(56)) - 2e4d2605-fa3b-4364-8a8a-d4dc65addb57:group-ED2F29473B6F:LeaderElection70: Election PASSED; received 1 response(s) [2e4d2605-fa3b-4364-8a8a-d4dc65addb57<-6649e80d-1b3a-4d30-b1f3-c663d3b8bd53#0:OK-t1] and 0 exception(s); 2e4d2605-fa3b-4364-8a8a-d4dc65addb57:t1, leader=null, voted=2e4d2605-fa3b-4364-8a8a-d4dc65addb57, raftlog=2e4d2605-fa3b-4364-8a8a-d4dc65addb57-SegmentedRaftLog:OPENED:c-1,f-1,i0, conf=-1: [2e4d2605-fa3b-4364-8a8a-d4dc65addb57:192.168.69.122:35297, 4728f292-fc3e-4d51-85e9-6b690bae49b2:192.168.69.122:43901, 6649e80d-1b3a-4d30-b1f3-c663d3b8bd53:192.168.69.122:38341], old=null
2019-07-13 19:11:05,236 INFO  impl.RoleInfo (RoleInfo.java:shutdownLeaderElection(134)) - 2e4d2605-fa3b-4364-8a8a-d4dc65addb57: shutdown LeaderElection
2019-07-13 19:11:05,236 INFO  impl.RaftServerImpl (RaftServerImpl.java:setRole(171)) - 2e4d2605-fa3b-4364-8a8a-d4dc65addb57:group-ED2F29473B6F changes role from CANDIDATE to LEADER at term 1 for changeToLeader
2019-07-13 19:11:05,236 INFO  impl.RaftServerImpl (ServerState.java:setLeader(263)) - 2e4d2605-fa3b-4364-8a8a-d4dc65addb57:group-ED2F29473B6F change Leader from null to 2e4d2605-fa3b-4364-8a8a-d4dc65addb57 at term 1 for becomeLeader, leader elected after 5111ms
2019-07-13 19:11:05,236 INFO  server.RaftServerConfigKeys (ConfUtils.java:logGet(43)) - raft.server.staging.catchup.gap = 1000 (default)
2019-07-13 19:11:05,236 INFO  server.RaftServerConfigKeys (ConfUtils.java:logGet(43)) - raft.server.rpc.sleep.time = 25ms (default)
2019-07-13 19:11:05,237 INFO  server.RaftServerConfigKeys (ConfUtils.java:logGet(43)) - raft.server.write.element-limit = 4096 (default)
2019-07-13 19:11:05,237 INFO  server.RaftServerConfigKeys (ConfUtils.java:logGet(43)) - raft.server.watch.timeout = 10s (default)
2019-07-13 19:11:05,237 INFO  server.RaftServerConfigKeys (ConfUtils.java:logGet(43)) - raft.server.watch.timeout.denomination = 1s (default)
2019-07-13 19:11:05,237 INFO  server.RaftServerConfigKeys (ConfUtils.java:logGet(43)) - raft.server.watch.element-limit = 65536 (default)
2019-07-13 19:11:05,237 INFO  server.RaftServerConfigKeys (ConfUtils.java:logGet(43)) - raft.server.log.appender.snapshot.chunk.size.max = 16MB (=16777216) (default)
2019-07-13 19:11:05,238 INFO  server.RaftServerConfigKeys (ConfUtils.java:logGet(43)) - raft.server.log.appender.buffer.byte-limit = 33554432 (custom)
2019-07-13 19:11:05,238 INFO  server.RaftServerConfigKeys (ConfUtils.java:logGet(43)) - raft.server.log.appender.buffer.element-limit = 1 (custom)
2019-07-13 19:11:05,238 INFO  grpc.GrpcConfigKeys$Server (ConfUtils.java:logGet(43)) - raft.grpc.server.leader.outstanding.appends.max = 128 (default)
2019-07-13 19:11:05,238 INFO  server.RaftServerConfigKeys (ConfUtils.java:logGet(43)) - raft.server.rpc.request.timeout = 3000ms (default)
2019-07-13 19:11:05,238 INFO  server.RaftServerConfigKeys (ConfUtils.java:logGet(43)) - raft.server.log.appender.install.snapshot.enabled = false (custom)
2019-07-13 19:11:05,238 INFO  server.RaftServerConfigKeys (ConfUtils.java:logGet(43)) - raft.server.log.appender.snapshot.chunk.size.max = 16MB (=16777216) (default)
2019-07-13 19:11:05,239 INFO  server.RaftServerConfigKeys (ConfUtils.java:logGet(43)) - raft.server.log.appender.buffer.byte-limit = 33554432 (custom)
2019-07-13 19:11:05,239 INFO  server.RaftServerConfigKeys (ConfUtils.java:logGet(43)) - raft.server.log.appender.buffer.element-limit = 1 (custom)
2019-07-13 19:11:05,239 INFO  grpc.GrpcConfigKeys$Server (ConfUtils.java:logGet(43)) - raft.grpc.server.leader.outstanding.appends.max = 128 (default)
2019-07-13 19:11:05,239 INFO  server.RaftServerConfigKeys (ConfUtils.java:logGet(43)) - raft.server.rpc.request.timeout = 3000ms (default)
2019-07-13 19:11:05,239 INFO  server.RaftServerConfigKeys (ConfUtils.java:logGet(43)) - raft.server.log.appender.install.snapshot.enabled = false (custom)
2019-07-13 19:11:05,240 INFO  impl.RoleInfo (RoleInfo.java:updateAndGet(143)) - 2e4d2605-fa3b-4364-8a8a-d4dc65addb57: start LeaderState
2019-07-13 19:11:05,240 INFO  segmented.SegmentedRaftLogWorker (SegmentedRaftLogWorker.java:startLogSegment(380)) - 2e4d2605-fa3b-4364-8a8a-d4dc65addb57-SegmentedRaftLogWorker:Storage Directory /tmp/workdir/hadoop-ozone/integration-test/target/test-dir/MiniOzoneClusterImpl-7ef340d7-68af-4f58-9b44-58bb6671d0fe/datanode-2/data/ratis/425fc588-a79f-43ab-9701-ed2f29473b6f: Starting segment from index:0
2019-07-13 19:11:05,241 INFO  impl.RaftServerImpl (ServerState.java:setRaftConf(361)) - 2e4d2605-fa3b-4364-8a8a-d4dc65addb57:group-ED2F29473B6F set configuration 0: [2e4d2605-fa3b-4364-8a8a-d4dc65addb57:192.168.69.122:35297, 4728f292-fc3e-4d51-85e9-6b690bae49b2:192.168.69.122:43901, 6649e80d-1b3a-4d30-b1f3-c663d3b8bd53:192.168.69.122:38341], old=null at 0
2019-07-13 19:11:05,241 INFO  impl.RaftServerImpl (RaftServerImpl.java:requestVote(754)) - 2e4d2605-fa3b-4364-8a8a-d4dc65addb57-LEADER: Withhold vote from candidate 4728f292-fc3e-4d51-85e9-6b690bae49b2 with term 1. State: leader=2e4d2605-fa3b-4364-8a8a-d4dc65addb57, term=1, lastRpcElapsed=null
2019-07-13 19:11:05,242 INFO  impl.RaftServerImpl (ServerState.java:setLeader(263)) - 6649e80d-1b3a-4d30-b1f3-c663d3b8bd53:group-ED2F29473B6F change Leader from null to 2e4d2605-fa3b-4364-8a8a-d4dc65addb57 at term 1 for appendEntries, leader elected after 5117ms
2019-07-13 19:11:05,242 INFO  impl.RaftServerImpl (RaftServerImpl.java:setRole(171)) - 4728f292-fc3e-4d51-85e9-6b690bae49b2:group-ED2F29473B6F changes role from CANDIDATE to FOLLOWER at term 1 for appendEntries
2019-07-13 19:11:05,242 INFO  impl.LeaderElection (LeaderElection.java:logAndReturn(56)) - 4728f292-fc3e-4d51-85e9-6b690bae49b2:group-ED2F29473B6F:LeaderElection71: Election REJECTED; received 2 response(s) [4728f292-fc3e-4d51-85e9-6b690bae49b2<-2e4d2605-fa3b-4364-8a8a-d4dc65addb57#0:FAIL-t1, 4728f292-fc3e-4d51-85e9-6b690bae49b2<-6649e80d-1b3a-4d30-b1f3-c663d3b8bd53#0:FAIL-t1] and 0 exception(s); 4728f292-fc3e-4d51-85e9-6b690bae49b2:t1, leader=null, voted=4728f292-fc3e-4d51-85e9-6b690bae49b2, raftlog=4728f292-fc3e-4d51-85e9-6b690bae49b2-SegmentedRaftLog:OPENED:c-1,f-1,i0, conf=-1: [2e4d2605-fa3b-4364-8a8a-d4dc65addb57:192.168.69.122:35297, 4728f292-fc3e-4d51-85e9-6b690bae49b2:192.168.69.122:43901, 6649e80d-1b3a-4d30-b1f3-c663d3b8bd53:192.168.69.122:38341], old=null
2019-07-13 19:11:05,242 INFO  impl.RoleInfo (RoleInfo.java:shutdownLeaderElection(134)) - 4728f292-fc3e-4d51-85e9-6b690bae49b2: shutdown LeaderElection
2019-07-13 19:11:05,267 INFO  impl.RoleInfo (RoleInfo.java:updateAndGet(143)) - 4728f292-fc3e-4d51-85e9-6b690bae49b2: start FollowerState
2019-07-13 19:11:05,268 INFO  impl.RaftServerImpl (ServerState.java:setLeader(263)) - 4728f292-fc3e-4d51-85e9-6b690bae49b2:group-ED2F29473B6F change Leader from null to 2e4d2605-fa3b-4364-8a8a-d4dc65addb57 at term 1 for appendEntries, leader elected after 5143ms
2019-07-13 19:11:05,269 INFO  impl.RaftServerImpl (ServerState.java:setRaftConf(361)) - 6649e80d-1b3a-4d30-b1f3-c663d3b8bd53:group-ED2F29473B6F set configuration 0: [2e4d2605-fa3b-4364-8a8a-d4dc65addb57:192.168.69.122:35297, 4728f292-fc3e-4d51-85e9-6b690bae49b2:192.168.69.122:43901, 6649e80d-1b3a-4d30-b1f3-c663d3b8bd53:192.168.69.122:38341], old=null at 0
2019-07-13 19:11:05,269 INFO  segmented.SegmentedRaftLogWorker (SegmentedRaftLogWorker.java:startLogSegment(380)) - 6649e80d-1b3a-4d30-b1f3-c663d3b8bd53-SegmentedRaftLogWorker:Storage Directory /tmp/workdir/hadoop-ozone/integration-test/target/test-dir/MiniOzoneClusterImpl-7ef340d7-68af-4f58-9b44-58bb6671d0fe/datanode-0/data/ratis/425fc588-a79f-43ab-9701-ed2f29473b6f: Starting segment from index:0
2019-07-13 19:11:05,270 INFO  impl.RaftServerImpl (ServerState.java:setRaftConf(361)) - 4728f292-fc3e-4d51-85e9-6b690bae49b2:group-ED2F29473B6F set configuration 0: [2e4d2605-fa3b-4364-8a8a-d4dc65addb57:192.168.69.122:35297, 4728f292-fc3e-4d51-85e9-6b690bae49b2:192.168.69.122:43901, 6649e80d-1b3a-4d30-b1f3-c663d3b8bd53:192.168.69.122:38341], old=null at 0
2019-07-13 19:11:05,270 INFO  segmented.SegmentedRaftLogWorker (SegmentedRaftLogWorker.java:startLogSegment(380)) - 4728f292-fc3e-4d51-85e9-6b690bae49b2-SegmentedRaftLogWorker:Storage Directory /tmp/workdir/hadoop-ozone/integration-test/target/test-dir/MiniOzoneClusterImpl-7ef340d7-68af-4f58-9b44-58bb6671d0fe/datanode-1/data/ratis/425fc588-a79f-43ab-9701-ed2f29473b6f: Starting segment from index:0
2019-07-13 19:11:05,280 INFO  segmented.SegmentedRaftLogWorker (SegmentedRaftLogWorker.java:execute(569)) - 2e4d2605-fa3b-4364-8a8a-d4dc65addb57-SegmentedRaftLogWorker:Storage Directory /tmp/workdir/hadoop-ozone/integration-test/target/test-dir/MiniOzoneClusterImpl-7ef340d7-68af-4f58-9b44-58bb6671d0fe/datanode-2/data/ratis/425fc588-a79f-43ab-9701-ed2f29473b6f: created new log segment /tmp/workdir/hadoop-ozone/integration-test/target/test-dir/MiniOzoneClusterImpl-7ef340d7-68af-4f58-9b44-58bb6671d0fe/datanode-2/data/ratis/425fc588-a79f-43ab-9701-ed2f29473b6f/current/log_inprogress_0
2019-07-13 19:11:05,307 INFO  segmented.SegmentedRaftLogWorker (SegmentedRaftLogWorker.java:execute(569)) - 6649e80d-1b3a-4d30-b1f3-c663d3b8bd53-SegmentedRaftLogWorker:Storage Directory /tmp/workdir/hadoop-ozone/integration-test/target/test-dir/MiniOzoneClusterImpl-7ef340d7-68af-4f58-9b44-58bb6671d0fe/datanode-0/data/ratis/425fc588-a79f-43ab-9701-ed2f29473b6f: created new log segment /tmp/workdir/hadoop-ozone/integration-test/target/test-dir/MiniOzoneClusterImpl-7ef340d7-68af-4f58-9b44-58bb6671d0fe/datanode-0/data/ratis/425fc588-a79f-43ab-9701-ed2f29473b6f/current/log_inprogress_0
2019-07-13 19:11:05,307 INFO  segmented.SegmentedRaftLogWorker (SegmentedRaftLogWorker.java:execute(569)) - 4728f292-fc3e-4d51-85e9-6b690bae49b2-SegmentedRaftLogWorker:Storage Directory /tmp/workdir/hadoop-ozone/integration-test/target/test-dir/MiniOzoneClusterImpl-7ef340d7-68af-4f58-9b44-58bb6671d0fe/datanode-1/data/ratis/425fc588-a79f-43ab-9701-ed2f29473b6f: created new log segment /tmp/workdir/hadoop-ozone/integration-test/target/test-dir/MiniOzoneClusterImpl-7ef340d7-68af-4f58-9b44-58bb6671d0fe/datanode-1/data/ratis/425fc588-a79f-43ab-9701-ed2f29473b6f/current/log_inprogress_0
2019-07-13 19:11:05,345 INFO  impl.FollowerState (FollowerState.java:run(106)) - 1e39f4ad-28f9-47a0-89ed-fce4606cdd96:group-62F56925AED1 changes to CANDIDATE, lastRpcTime:5078, electionTimeout:5078ms
2019-07-13 19:11:05,345 INFO  impl.RoleInfo (RoleInfo.java:shutdownFollowerState(121)) - 1e39f4ad-28f9-47a0-89ed-fce4606cdd96: shutdown FollowerState
2019-07-13 19:11:05,345 INFO  impl.RaftServerImpl (RaftServerImpl.java:setRole(171)) - 1e39f4ad-28f9-47a0-89ed-fce4606cdd96:group-62F56925AED1 changes role from FOLLOWER to CANDIDATE at term 0 for changeToCandidate
2019-07-13 19:11:05,345 INFO  impl.RoleInfo (RoleInfo.java:updateAndGet(143)) - 1e39f4ad-28f9-47a0-89ed-fce4606cdd96: start LeaderElection
2019-07-13 19:11:05,383 INFO  impl.LeaderElection (LeaderElection.java:askForVotes(181)) - 1e39f4ad-28f9-47a0-89ed-fce4606cdd96:group-62F56925AED1:LeaderElection72: begin an election at term 1 for -1: [1e39f4ad-28f9-47a0-89ed-fce4606cdd96:192.168.69.122:36909], old=null
2019-07-13 19:11:05,383 INFO  impl.RoleInfo (RoleInfo.java:shutdownLeaderElection(134)) - 1e39f4ad-28f9-47a0-89ed-fce4606cdd96: shutdown LeaderElection
2019-07-13 19:11:05,383 INFO  impl.RaftServerImpl (RaftServerImpl.java:setRole(171)) - 1e39f4ad-28f9-47a0-89ed-fce4606cdd96:group-62F56925AED1 changes role from CANDIDATE to LEADER at term 1 for changeToLeader
2019-07-13 19:11:05,383 INFO  impl.RaftServerImpl (ServerState.java:setLeader(263)) - 1e39f4ad-28f9-47a0-89ed-fce4606cdd96:group-62F56925AED1 change Leader from null to 1e39f4ad-28f9-47a0-89ed-fce4606cdd96 at term 1 for becomeLeader, leader elected after 5121ms
2019-07-13 19:11:05,383 INFO  server.RaftServerConfigKeys (ConfUtils.java:logGet(43)) - raft.server.staging.catchup.gap = 1000 (default)
2019-07-13 19:11:05,384 INFO  server.RaftServerConfigKeys (ConfUtils.java:logGet(43)) - raft.server.rpc.sleep.time = 25ms (default)
2019-07-13 19:11:05,384 INFO  server.RaftServerConfigKeys (ConfUtils.java:logGet(43)) - raft.server.write.element-limit = 4096 (default)
2019-07-13 19:11:05,384 INFO  server.RaftServerConfigKeys (ConfUtils.java:logGet(43)) - raft.server.watch.timeout = 10s (default)
2019-07-13 19:11:05,384 INFO  server.RaftServerConfigKeys (ConfUtils.java:logGet(43)) - raft.server.watch.timeout.denomination = 1s (default)
2019-07-13 19:11:05,384 INFO  server.RaftServerConfigKeys (ConfUtils.java:logGet(43)) - raft.server.watch.element-limit = 65536 (default)
2019-07-13 19:11:05,384 INFO  impl.RoleInfo (RoleInfo.java:updateAndGet(143)) - 1e39f4ad-28f9-47a0-89ed-fce4606cdd96: start LeaderState
2019-07-13 19:11:05,385 INFO  segmented.SegmentedRaftLogWorker (SegmentedRaftLogWorker.java:startLogSegment(380)) - 1e39f4ad-28f9-47a0-89ed-fce4606cdd96-SegmentedRaftLogWorker:Storage Directory /tmp/workdir/hadoop-ozone/integration-test/target/test-dir/MiniOzoneClusterImpl-7ef340d7-68af-4f58-9b44-58bb6671d0fe/datanode-3/data/ratis/33a38bbb-0d6f-48b6-afbc-62f56925aed1: Starting segment from index:0
2019-07-13 19:11:05,385 INFO  impl.RaftServerImpl (ServerState.java:setRaftConf(361)) - 1e39f4ad-28f9-47a0-89ed-fce4606cdd96:group-62F56925AED1 set configuration 0: [1e39f4ad-28f9-47a0-89ed-fce4606cdd96:192.168.69.122:36909], old=null at 0
2019-07-13 19:11:05,423 INFO  segmented.SegmentedRaftLogWorker (SegmentedRaftLogWorker.java:execute(569)) - 1e39f4ad-28f9-47a0-89ed-fce4606cdd96-SegmentedRaftLogWorker:Storage Directory /tmp/workdir/hadoop-ozone/integration-test/target/test-dir/MiniOzoneClusterImpl-7ef340d7-68af-4f58-9b44-58bb6671d0fe/datanode-3/data/ratis/33a38bbb-0d6f-48b6-afbc-62f56925aed1: created new log segment /tmp/workdir/hadoop-ozone/integration-test/target/test-dir/MiniOzoneClusterImpl-7ef340d7-68af-4f58-9b44-58bb6671d0fe/datanode-3/data/ratis/33a38bbb-0d6f-48b6-afbc-62f56925aed1/current/log_inprogress_0
2019-07-13 19:11:05,475 INFO  impl.FollowerState (FollowerState.java:run(106)) - 5d5edfa8-0e23-4b54-b3bf-06bedf46de88:group-297FD68190F1 changes to CANDIDATE, lastRpcTime:5023, electionTimeout:5023ms
2019-07-13 19:11:05,475 INFO  impl.RoleInfo (RoleInfo.java:shutdownFollowerState(121)) - 5d5edfa8-0e23-4b54-b3bf-06bedf46de88: shutdown FollowerState
2019-07-13 19:11:05,476 INFO  impl.RaftServerImpl (RaftServerImpl.java:setRole(171)) - 5d5edfa8-0e23-4b54-b3bf-06bedf46de88:group-297FD68190F1 changes role from FOLLOWER to CANDIDATE at term 0 for changeToCandidate
2019-07-13 19:11:05,476 INFO  impl.RoleInfo (RoleInfo.java:updateAndGet(143)) - 5d5edfa8-0e23-4b54-b3bf-06bedf46de88: start LeaderElection
2019-07-13 19:11:05,554 INFO  client.GrpcClientProtocolClient (GrpcClientProtocolClient.java:onNext(255)) - client-84C592902809->5d5edfa8-0e23-4b54-b3bf-06bedf46de88: receive RaftClientReply:client-84C592902809->5d5edfa8-0e23-4b54-b3bf-06bedf46de88@group-00A7BE557B40, cid=134, FAILED org.apache.ratis.protocol.NotLeaderException: Server 5d5edfa8-0e23-4b54-b3bf-06bedf46de88 is not the leader (null). Request must be sent to leader., logIndex=0, commits[5d5edfa8-0e23-4b54-b3bf-06bedf46de88:c-1]
2019-07-13 19:11:05,595 WARN  io.KeyOutputStream (KeyOutputStream.java:handleException(276)) - Encountered exception java.io.IOException: Unexpected Storage Container Exception: java.util.concurrent.CompletionException: java.util.concurrent.CompletionException: org.apache.ratis.protocol.RaftRetryFailureException: Failed RaftClientRequest:client-84C592902809->5d5edfa8-0e23-4b54-b3bf-06bedf46de88@group-00A7BE557B40, cid=134, seq=1*, RW, org.apache.hadoop.hdds.scm.XceiverClientRatis$$Lambda$309/1480893137@58970798 for 5 attempts with RetryLimited(maxAttempts=5, sleepTime=1000ms) on the pipeline Pipeline[ Id: 4e94ec8d-4415-46f2-8208-00a7be557b40, Nodes: c31fe80b-a978-435c-a5db-d35cb9eb23b0{ip: 192.168.69.122, host: trunk-nightly-fxqsz-774976932, networkLocation: /default-rack, certSerialId: null}1e39f4ad-28f9-47a0-89ed-fce4606cdd96{ip: 192.168.69.122, host: trunk-nightly-fxqsz-774976932, networkLocation: /default-rack, certSerialId: null}5d5edfa8-0e23-4b54-b3bf-06bedf46de88{ip: 192.168.69.122, host: trunk-nightly-fxqsz-774976932, networkLocation: /default-rack, certSerialId: null}, Type:RATIS, Factor:THREE, State:OPEN]. The last committed block length is 0, uncommitted data length is 2097152 retry count 0
2019-07-13 19:11:05,614 INFO  impl.LeaderElection (LeaderElection.java:askForVotes(181)) - 5d5edfa8-0e23-4b54-b3bf-06bedf46de88:group-297FD68190F1:LeaderElection73: begin an election at term 1 for -1: [5d5edfa8-0e23-4b54-b3bf-06bedf46de88:192.168.69.122:34694], old=null
2019-07-13 19:11:05,615 INFO  impl.RoleInfo (RoleInfo.java:shutdownLeaderElection(134)) - 5d5edfa8-0e23-4b54-b3bf-06bedf46de88: shutdown LeaderElection
2019-07-13 19:11:05,615 INFO  impl.RaftServerImpl (RaftServerImpl.java:setRole(171)) - 5d5edfa8-0e23-4b54-b3bf-06bedf46de88:group-297FD68190F1 changes role from CANDIDATE to LEADER at term 1 for changeToLeader
2019-07-13 19:11:05,615 INFO  impl.RaftServerImpl (ServerState.java:setLeader(263)) - 5d5edfa8-0e23-4b54-b3bf-06bedf46de88:group-297FD68190F1 change Leader from null to 5d5edfa8-0e23-4b54-b3bf-06bedf46de88 at term 1 for becomeLeader, leader elected after 5167ms
2019-07-13 19:11:05,615 INFO  server.RaftServerConfigKeys (ConfUtils.java:logGet(43)) - raft.server.staging.catchup.gap = 1000 (default)
2019-07-13 19:11:05,615 INFO  server.RaftServerConfigKeys (ConfUtils.java:logGet(43)) - raft.server.rpc.sleep.time = 25ms (default)
2019-07-13 19:11:05,615 INFO  server.RaftServerConfigKeys (ConfUtils.java:logGet(43)) - raft.server.write.element-limit = 4096 (default)
2019-07-13 19:11:05,616 INFO  server.RaftServerConfigKeys (ConfUtils.java:logGet(43)) - raft.server.watch.timeout = 10s (default)
2019-07-13 19:11:05,616 INFO  server.RaftServerConfigKeys (ConfUtils.java:logGet(43)) - raft.server.watch.timeout.denomination = 1s (default)
2019-07-13 19:11:05,633 INFO  server.RaftServerConfigKeys (ConfUtils.java:logGet(43)) - raft.server.watch.element-limit = 65536 (default)
2019-07-13 19:11:05,634 INFO  impl.RoleInfo (RoleInfo.java:updateAndGet(143)) - 5d5edfa8-0e23-4b54-b3bf-06bedf46de88: start LeaderState
2019-07-13 19:11:05,634 INFO  segmented.SegmentedRaftLogWorker (SegmentedRaftLogWorker.java:startLogSegment(380)) - 5d5edfa8-0e23-4b54-b3bf-06bedf46de88-SegmentedRaftLogWorker:Storage Directory /tmp/workdir/hadoop-ozone/integration-test/target/test-dir/MiniOzoneClusterImpl-7ef340d7-68af-4f58-9b44-58bb6671d0fe/datanode-4/data/ratis/69a7afa7-618b-48c2-93c4-297fd68190f1: Starting segment from index:0
2019-07-13 19:11:05,634 INFO  impl.RaftServerImpl (ServerState.java:setRaftConf(361)) - 5d5edfa8-0e23-4b54-b3bf-06bedf46de88:group-297FD68190F1 set configuration 0: [5d5edfa8-0e23-4b54-b3bf-06bedf46de88:192.168.69.122:34694], old=null at 0
2019-07-13 19:11:05,694 INFO  segmented.SegmentedRaftLogWorker (SegmentedRaftLogWorker.java:execute(569)) - 5d5edfa8-0e23-4b54-b3bf-06bedf46de88-SegmentedRaftLogWorker:Storage Directory /tmp/workdir/hadoop-ozone/integration-test/target/test-dir/MiniOzoneClusterImpl-7ef340d7-68af-4f58-9b44-58bb6671d0fe/datanode-4/data/ratis/69a7afa7-618b-48c2-93c4-297fd68190f1: created new log segment /tmp/workdir/hadoop-ozone/integration-test/target/test-dir/MiniOzoneClusterImpl-7ef340d7-68af-4f58-9b44-58bb6671d0fe/datanode-4/data/ratis/69a7afa7-618b-48c2-93c4-297fd68190f1/current/log_inprogress_0
2019-07-13 19:11:05,695 INFO  client.GrpcClientProtocolClient (GrpcClientProtocolClient.java:onNext(255)) - client-9371CDD4E620->6649e80d-1b3a-4d30-b1f3-c663d3b8bd53: receive RaftClientReply:client-9371CDD4E620->6649e80d-1b3a-4d30-b1f3-c663d3b8bd53@group-ED2F29473B6F, cid=138, FAILED org.apache.ratis.protocol.NotLeaderException: Server 6649e80d-1b3a-4d30-b1f3-c663d3b8bd53 is not the leader (2e4d2605-fa3b-4364-8a8a-d4dc65addb57:192.168.69.122:35297). Request must be sent to leader., logIndex=0, commits[6649e80d-1b3a-4d30-b1f3-c663d3b8bd53:c-1, 2e4d2605-fa3b-4364-8a8a-d4dc65addb57:c-1, 4728f292-fc3e-4d51-85e9-6b690bae49b2:c-1]
2019-07-13 19:11:05,863 INFO  impl.FollowerState (FollowerState.java:run(106)) - c31fe80b-a978-435c-a5db-d35cb9eb23b0:group-26689906C246 changes to CANDIDATE, lastRpcTime:5101, electionTimeout:5101ms
2019-07-13 19:11:05,863 INFO  impl.RoleInfo (RoleInfo.java:shutdownFollowerState(121)) - c31fe80b-a978-435c-a5db-d35cb9eb23b0: shutdown FollowerState
2019-07-13 19:11:05,864 INFO  impl.RaftServerImpl (RaftServerImpl.java:setRole(171)) - c31fe80b-a978-435c-a5db-d35cb9eb23b0:group-26689906C246 changes role from FOLLOWER to CANDIDATE at term 0 for changeToCandidate
2019-07-13 19:11:05,864 INFO  impl.RoleInfo (RoleInfo.java:updateAndGet(143)) - c31fe80b-a978-435c-a5db-d35cb9eb23b0: start LeaderElection
2019-07-13 19:11:05,886 INFO  impl.LeaderElection (LeaderElection.java:askForVotes(181)) - c31fe80b-a978-435c-a5db-d35cb9eb23b0:group-26689906C246:LeaderElection74: begin an election at term 1 for -1: [c31fe80b-a978-435c-a5db-d35cb9eb23b0:192.168.69.122:43530], old=null
2019-07-13 19:11:05,886 INFO  impl.RoleInfo (RoleInfo.java:shutdownLeaderElection(134)) - c31fe80b-a978-435c-a5db-d35cb9eb23b0: shutdown LeaderElection
2019-07-13 19:11:05,886 INFO  impl.RaftServerImpl (RaftServerImpl.java:setRole(171)) - c31fe80b-a978-435c-a5db-d35cb9eb23b0:group-26689906C246 changes role from CANDIDATE to LEADER at term 1 for changeToLeader
2019-07-13 19:11:05,886 INFO  impl.RaftServerImpl (ServerState.java:setLeader(263)) - c31fe80b-a978-435c-a5db-d35cb9eb23b0:group-26689906C246 change Leader from null to c31fe80b-a978-435c-a5db-d35cb9eb23b0 at term 1 for becomeLeader, leader elected after 5128ms
2019-07-13 19:11:05,886 INFO  server.RaftServerConfigKeys (ConfUtils.java:logGet(43)) - raft.server.staging.catchup.gap = 1000 (default)
2019-07-13 19:11:05,887 INFO  server.RaftServerConfigKeys (ConfUtils.java:logGet(43)) - raft.server.rpc.sleep.time = 25ms (default)
2019-07-13 19:11:05,887 INFO  server.RaftServerConfigKeys (ConfUtils.java:logGet(43)) - raft.server.write.element-limit = 4096 (default)
2019-07-13 19:11:05,887 INFO  server.RaftServerConfigKeys (ConfUtils.java:logGet(43)) - raft.server.watch.timeout = 10s (default)
2019-07-13 19:11:05,887 INFO  server.RaftServerConfigKeys (ConfUtils.java:logGet(43)) - raft.server.watch.timeout.denomination = 1s (default)
2019-07-13 19:11:05,887 INFO  server.RaftServerConfigKeys (ConfUtils.java:logGet(43)) - raft.server.watch.element-limit = 65536 (default)
2019-07-13 19:11:05,887 INFO  impl.RoleInfo (RoleInfo.java:updateAndGet(143)) - c31fe80b-a978-435c-a5db-d35cb9eb23b0: start LeaderState
2019-07-13 19:11:05,888 INFO  segmented.SegmentedRaftLogWorker (SegmentedRaftLogWorker.java:startLogSegment(380)) - c31fe80b-a978-435c-a5db-d35cb9eb23b0-SegmentedRaftLogWorker:Storage Directory /tmp/workdir/hadoop-ozone/integration-test/target/test-dir/MiniOzoneClusterImpl-7ef340d7-68af-4f58-9b44-58bb6671d0fe/datanode-5/data/ratis/9128eda1-a642-4560-9339-26689906c246: Starting segment from index:0
2019-07-13 19:11:05,889 INFO  impl.RaftServerImpl (ServerState.java:setRaftConf(361)) - c31fe80b-a978-435c-a5db-d35cb9eb23b0:group-26689906C246 set configuration 0: [c31fe80b-a978-435c-a5db-d35cb9eb23b0:192.168.69.122:43530], old=null at 0
2019-07-13 19:11:05,951 INFO  segmented.SegmentedRaftLogWorker (SegmentedRaftLogWorker.java:execute(569)) - c31fe80b-a978-435c-a5db-d35cb9eb23b0-SegmentedRaftLogWorker:Storage Directory /tmp/workdir/hadoop-ozone/integration-test/target/test-dir/MiniOzoneClusterImpl-7ef340d7-68af-4f58-9b44-58bb6671d0fe/datanode-5/data/ratis/9128eda1-a642-4560-9339-26689906c246: created new log segment /tmp/workdir/hadoop-ozone/integration-test/target/test-dir/MiniOzoneClusterImpl-7ef340d7-68af-4f58-9b44-58bb6671d0fe/datanode-5/data/ratis/9128eda1-a642-4560-9339-26689906c246/current/log_inprogress_0
2019-07-13 19:11:05,952 INFO  client.GrpcClientProtocolClient (GrpcClientProtocolClient.java:onNext(255)) - client-9371CDD4E620->2e4d2605-fa3b-4364-8a8a-d4dc65addb57: receive RaftClientReply:client-9371CDD4E620->2e4d2605-fa3b-4364-8a8a-d4dc65addb57@group-ED2F29473B6F, cid=138, SUCCESS, logIndex=1, commits[2e4d2605-fa3b-4364-8a8a-d4dc65addb57:c1, 4728f292-fc3e-4d51-85e9-6b690bae49b2:c0, 6649e80d-1b3a-4d30-b1f3-c663d3b8bd53:c0]
2019-07-13 19:11:06,094 INFO  client.GrpcClientProtocolClient (GrpcClientProtocolClient.java:onNext(255)) - client-9371CDD4E620->2e4d2605-fa3b-4364-8a8a-d4dc65addb57: receive RaftClientReply:client-9371CDD4E620->2e4d2605-fa3b-4364-8a8a-d4dc65addb57@group-ED2F29473B6F, cid=139, SUCCESS, logIndex=3, commits[2e4d2605-fa3b-4364-8a8a-d4dc65addb57:c8, 4728f292-fc3e-4d51-85e9-6b690bae49b2:c5, 6649e80d-1b3a-4d30-b1f3-c663d3b8bd53:c5]
2019-07-13 19:11:06,095 INFO  client.GrpcClientProtocolClient (GrpcClientProtocolClient.java:onNext(255)) - client-9371CDD4E620->2e4d2605-fa3b-4364-8a8a-d4dc65addb57: receive RaftClientReply:client-9371CDD4E620->2e4d2605-fa3b-4364-8a8a-d4dc65addb57@group-ED2F29473B6F, cid=140, SUCCESS, logIndex=4, commits[2e4d2605-fa3b-4364-8a8a-d4dc65addb57:c8, 4728f292-fc3e-4d51-85e9-6b690bae49b2:c5, 6649e80d-1b3a-4d30-b1f3-c663d3b8bd53:c5]
2019-07-13 19:11:06,191 INFO  client.GrpcClientProtocolClient (GrpcClientProtocolClient.java:onNext(255)) - client-9371CDD4E620->2e4d2605-fa3b-4364-8a8a-d4dc65addb57: receive RaftClientReply:client-9371CDD4E620->2e4d2605-fa3b-4364-8a8a-d4dc65addb57@group-ED2F29473B6F, cid=141, SUCCESS, logIndex=5, commits[2e4d2605-fa3b-4364-8a8a-d4dc65addb57:c8, 4728f292-fc3e-4d51-85e9-6b690bae49b2:c5, 6649e80d-1b3a-4d30-b1f3-c663d3b8bd53:c5]
2019-07-13 19:11:06,229 INFO  client.GrpcClientProtocolClient (GrpcClientProtocolClient.java:onNext(255)) - client-9371CDD4E620->2e4d2605-fa3b-4364-8a8a-d4dc65addb57: receive RaftClientReply:client-9371CDD4E620->2e4d2605-fa3b-4364-8a8a-d4dc65addb57@group-ED2F29473B6F, cid=142, SUCCESS, logIndex=9, commits[2e4d2605-fa3b-4364-8a8a-d4dc65addb57:c12, 4728f292-fc3e-4d51-85e9-6b690bae49b2:c8, 6649e80d-1b3a-4d30-b1f3-c663d3b8bd53:c5]
2019-07-13 19:11:06,230 INFO  client.GrpcClientProtocolClient (GrpcClientProtocolClient.java:onNext(255)) - client-9371CDD4E620->2e4d2605-fa3b-4364-8a8a-d4dc65addb57: receive RaftClientReply:client-9371CDD4E620->2e4d2605-fa3b-4364-8a8a-d4dc65addb57@group-ED2F29473B6F, cid=143, SUCCESS, logIndex=10, commits[2e4d2605-fa3b-4364-8a8a-d4dc65addb57:c12, 4728f292-fc3e-4d51-85e9-6b690bae49b2:c8, 6649e80d-1b3a-4d30-b1f3-c663d3b8bd53:c8]
2019-07-13 19:11:06,230 INFO  client.GrpcClientProtocolClient (GrpcClientProtocolClient.java:onNext(255)) - client-9371CDD4E620->2e4d2605-fa3b-4364-8a8a-d4dc65addb57: receive RaftClientReply:client-9371CDD4E620->2e4d2605-fa3b-4364-8a8a-d4dc65addb57@group-ED2F29473B6F, cid=144, SUCCESS, logIndex=11, commits[2e4d2605-fa3b-4364-8a8a-d4dc65addb57:c12, 4728f292-fc3e-4d51-85e9-6b690bae49b2:c8, 6649e80d-1b3a-4d30-b1f3-c663d3b8bd53:c8]
2019-07-13 19:11:06,231 INFO  client.GrpcClientProtocolClient (GrpcClientProtocolClient.java:onNext(255)) - client-9371CDD4E620->2e4d2605-fa3b-4364-8a8a-d4dc65addb57: receive RaftClientReply:client-9371CDD4E620->2e4d2605-fa3b-4364-8a8a-d4dc65addb57@group-ED2F29473B6F, cid=145, SUCCESS, logIndex=12, commits[2e4d2605-fa3b-4364-8a8a-d4dc65addb57:c12, 4728f292-fc3e-4d51-85e9-6b690bae49b2:c8, 6649e80d-1b3a-4d30-b1f3-c663d3b8bd53:c8]
2019-07-13 19:11:06,252 INFO  client.GrpcClientProtocolClient (GrpcClientProtocolClient.java:onNext(255)) - client-9371CDD4E620->2e4d2605-fa3b-4364-8a8a-d4dc65addb57: receive RaftClientReply:client-9371CDD4E620->2e4d2605-fa3b-4364-8a8a-d4dc65addb57@group-ED2F29473B6F, cid=146, SUCCESS, logIndex=0, commits[2e4d2605-fa3b-4364-8a8a-d4dc65addb57:c13, 4728f292-fc3e-4d51-85e9-6b690bae49b2:c12, 6649e80d-1b3a-4d30-b1f3-c663d3b8bd53:c12]
2019-07-13 19:11:06,254 INFO  client.GrpcClientProtocolClient (GrpcClientProtocolClient.java:onNext(255)) - client-9371CDD4E620->2e4d2605-fa3b-4364-8a8a-d4dc65addb57: receive RaftClientReply:client-9371CDD4E620->2e4d2605-fa3b-4364-8a8a-d4dc65addb57@group-ED2F29473B6F, cid=147, SUCCESS, logIndex=0, commits[2e4d2605-fa3b-4364-8a8a-d4dc65addb57:c13, 4728f292-fc3e-4d51-85e9-6b690bae49b2:c12, 6649e80d-1b3a-4d30-b1f3-c663d3b8bd53:c12]
2019-07-13 19:11:06,280 INFO  datanode.ObjectStoreHandler (ObjectStoreHandler.java:close(155)) - Closing ObjectStoreHandler.
2019-07-13 19:11:06,280 INFO  ozone.HddsDatanodeService (HddsDatanodeService.java:stop(452)) - Stopped plug-in org.apache.hadoop.ozone.web.OzoneHddsDatanodeService@78854721
2019-07-13 19:11:06,282 INFO  impl.FollowerState (FollowerState.java:run(106)) - 1e39f4ad-28f9-47a0-89ed-fce4606cdd96:group-00A7BE557B40 changes to CANDIDATE, lastRpcTime:5062, electionTimeout:5062ms
2019-07-13 19:11:06,283 INFO  impl.RoleInfo (RoleInfo.java:shutdownFollowerState(121)) - 1e39f4ad-28f9-47a0-89ed-fce4606cdd96: shutdown FollowerState
2019-07-13 19:11:06,283 INFO  impl.RaftServerImpl (RaftServerImpl.java:setRole(171)) - 1e39f4ad-28f9-47a0-89ed-fce4606cdd96:group-00A7BE557B40 changes role from FOLLOWER to CANDIDATE at term 0 for changeToCandidate
2019-07-13 19:11:06,283 INFO  impl.RoleInfo (RoleInfo.java:updateAndGet(143)) - 1e39f4ad-28f9-47a0-89ed-fce4606cdd96: start LeaderElection
2019-07-13 19:11:06,296 INFO  impl.FollowerState (FollowerState.java:run(106)) - c31fe80b-a978-435c-a5db-d35cb9eb23b0:group-00A7BE557B40 changes to CANDIDATE, lastRpcTime:5073, electionTimeout:5073ms
2019-07-13 19:11:06,296 INFO  impl.RoleInfo (RoleInfo.java:shutdownFollowerState(121)) - c31fe80b-a978-435c-a5db-d35cb9eb23b0: shutdown FollowerState
2019-07-13 19:11:06,296 INFO  impl.RaftServerImpl (RaftServerImpl.java:setRole(171)) - c31fe80b-a978-435c-a5db-d35cb9eb23b0:group-00A7BE557B40 changes role from FOLLOWER to CANDIDATE at term 0 for changeToCandidate
2019-07-13 19:11:06,296 INFO  impl.RoleInfo (RoleInfo.java:updateAndGet(143)) - c31fe80b-a978-435c-a5db-d35cb9eb23b0: start LeaderElection
2019-07-13 19:11:06,306 INFO  impl.LeaderElection (LeaderElection.java:askForVotes(181)) - 1e39f4ad-28f9-47a0-89ed-fce4606cdd96:group-00A7BE557B40:LeaderElection75: begin an election at term 1 for -1: [1e39f4ad-28f9-47a0-89ed-fce4606cdd96:192.168.69.122:36909, 5d5edfa8-0e23-4b54-b3bf-06bedf46de88:192.168.69.122:34694, c31fe80b-a978-435c-a5db-d35cb9eb23b0:192.168.69.122:43530], old=null
2019-07-13 19:11:06,319 INFO  impl.RaftServerImpl (RaftServerImpl.java:setRole(171)) - 5d5edfa8-0e23-4b54-b3bf-06bedf46de88:group-00A7BE557B40 changes role from FOLLOWER to FOLLOWER at term 1 for recognizeCandidate:1e39f4ad-28f9-47a0-89ed-fce4606cdd96
2019-07-13 19:11:06,319 INFO  impl.RoleInfo (RoleInfo.java:shutdownFollowerState(121)) - 5d5edfa8-0e23-4b54-b3bf-06bedf46de88: shutdown FollowerState
2019-07-13 19:11:06,319 INFO  impl.RoleInfo (RoleInfo.java:updateAndGet(143)) - 5d5edfa8-0e23-4b54-b3bf-06bedf46de88: start FollowerState
2019-07-13 19:11:06,319 INFO  impl.FollowerState (FollowerState.java:run(114)) - 5d5edfa8-0e23-4b54-b3bf-06bedf46de88: FollowerState was interrupted: java.lang.InterruptedException: sleep interrupted
2019-07-13 19:11:06,373 INFO  impl.LeaderElection (LeaderElection.java:askForVotes(181)) - c31fe80b-a978-435c-a5db-d35cb9eb23b0:group-00A7BE557B40:LeaderElection76: begin an election at term 1 for -1: [1e39f4ad-28f9-47a0-89ed-fce4606cdd96:192.168.69.122:36909, 5d5edfa8-0e23-4b54-b3bf-06bedf46de88:192.168.69.122:34694, c31fe80b-a978-435c-a5db-d35cb9eb23b0:192.168.69.122:43530], old=null
2019-07-13 19:11:06,374 INFO  impl.LeaderElection (LeaderElection.java:logAndReturn(56)) - 1e39f4ad-28f9-47a0-89ed-fce4606cdd96:group-00A7BE557B40:LeaderElection75: Election PASSED; received 2 response(s) [1e39f4ad-28f9-47a0-89ed-fce4606cdd96<-5d5edfa8-0e23-4b54-b3bf-06bedf46de88#0:OK-t1, 1e39f4ad-28f9-47a0-89ed-fce4606cdd96<-c31fe80b-a978-435c-a5db-d35cb9eb23b0#0:FAIL-t1] and 0 exception(s); 1e39f4ad-28f9-47a0-89ed-fce4606cdd96:t1, leader=null, voted=1e39f4ad-28f9-47a0-89ed-fce4606cdd96, raftlog=1e39f4ad-28f9-47a0-89ed-fce4606cdd96-SegmentedRaftLog:OPENED:c-1,f-1,i0, conf=-1: [1e39f4ad-28f9-47a0-89ed-fce4606cdd96:192.168.69.122:36909, 5d5edfa8-0e23-4b54-b3bf-06bedf46de88:192.168.69.122:34694, c31fe80b-a978-435c-a5db-d35cb9eb23b0:192.168.69.122:43530], old=null
2019-07-13 19:11:06,374 INFO  impl.RoleInfo (RoleInfo.java:shutdownLeaderElection(134)) - 1e39f4ad-28f9-47a0-89ed-fce4606cdd96: shutdown LeaderElection
2019-07-13 19:11:06,374 INFO  impl.RaftServerImpl (RaftServerImpl.java:setRole(171)) - 1e39f4ad-28f9-47a0-89ed-fce4606cdd96:group-00A7BE557B40 changes role from CANDIDATE to LEADER at term 1 for changeToLeader
2019-07-13 19:11:06,374 INFO  impl.RaftServerImpl (ServerState.java:setLeader(263)) - 1e39f4ad-28f9-47a0-89ed-fce4606cdd96:group-00A7BE557B40 change Leader from null to 1e39f4ad-28f9-47a0-89ed-fce4606cdd96 at term 1 for becomeLeader, leader elected after 5364ms
2019-07-13 19:11:06,375 INFO  server.RaftServerConfigKeys (ConfUtils.java:logGet(43)) - raft.server.staging.catchup.gap = 1000 (default)
2019-07-13 19:11:06,375 INFO  server.RaftServerConfigKeys (ConfUtils.java:logGet(43)) - raft.server.rpc.sleep.time = 25ms (default)
2019-07-13 19:11:06,375 INFO  server.RaftServerConfigKeys (ConfUtils.java:logGet(43)) - raft.server.write.element-limit = 4096 (default)
2019-07-13 19:11:06,375 INFO  server.RaftServerConfigKeys (ConfUtils.java:logGet(43)) - raft.server.watch.timeout = 10s (default)
2019-07-13 19:11:06,375 INFO  server.RaftServerConfigKeys (ConfUtils.java:logGet(43)) - raft.server.watch.timeout.denomination = 1s (default)
2019-07-13 19:11:06,375 INFO  server.RaftServerConfigKeys (ConfUtils.java:logGet(43)) - raft.server.watch.element-limit = 65536 (default)
2019-07-13 19:11:06,376 INFO  server.RaftServerConfigKeys (ConfUtils.java:logGet(43)) - raft.server.log.appender.snapshot.chunk.size.max = 16MB (=16777216) (default)
2019-07-13 19:11:06,376 INFO  server.RaftServerConfigKeys (ConfUtils.java:logGet(43)) - raft.server.log.appender.buffer.byte-limit = 33554432 (custom)
2019-07-13 19:11:06,376 INFO  server.RaftServerConfigKeys (ConfUtils.java:logGet(43)) - raft.server.log.appender.buffer.element-limit = 1 (custom)
2019-07-13 19:11:06,376 INFO  grpc.GrpcConfigKeys$Server (ConfUtils.java:logGet(43)) - raft.grpc.server.leader.outstanding.appends.max = 128 (default)
2019-07-13 19:11:06,376 INFO  server.RaftServerConfigKeys (ConfUtils.java:logGet(43)) - raft.server.rpc.request.timeout = 3000ms (default)
2019-07-13 19:11:06,377 INFO  server.RaftServerConfigKeys (ConfUtils.java:logGet(43)) - raft.server.log.appender.install.snapshot.enabled = false (custom)
2019-07-13 19:11:06,377 INFO  server.RaftServerConfigKeys (ConfUtils.java:logGet(43)) - raft.server.log.appender.snapshot.chunk.size.max = 16MB (=16777216) (default)
2019-07-13 19:11:06,377 INFO  server.RaftServerConfigKeys (ConfUtils.java:logGet(43)) - raft.server.log.appender.buffer.byte-limit = 33554432 (custom)
2019-07-13 19:11:06,377 INFO  server.RaftServerConfigKeys (ConfUtils.java:logGet(43)) - raft.server.log.appender.buffer.element-limit = 1 (custom)
2019-07-13 19:11:06,387 INFO  grpc.GrpcConfigKeys$Server (ConfUtils.java:logGet(43)) - raft.grpc.server.leader.outstanding.appends.max = 128 (default)
2019-07-13 19:11:06,388 INFO  server.RaftServerConfigKeys (ConfUtils.java:logGet(43)) - raft.server.rpc.request.timeout = 3000ms (default)
2019-07-13 19:11:06,388 INFO  server.RaftServerConfigKeys (ConfUtils.java:logGet(43)) - raft.server.log.appender.install.snapshot.enabled = false (custom)
2019-07-13 19:11:06,388 INFO  impl.RoleInfo (RoleInfo.java:updateAndGet(143)) - 1e39f4ad-28f9-47a0-89ed-fce4606cdd96: start LeaderState
2019-07-13 19:11:06,388 INFO  segmented.SegmentedRaftLogWorker (SegmentedRaftLogWorker.java:startLogSegment(380)) - 1e39f4ad-28f9-47a0-89ed-fce4606cdd96-SegmentedRaftLogWorker:Storage Directory /tmp/workdir/hadoop-ozone/integration-test/target/test-dir/MiniOzoneClusterImpl-7ef340d7-68af-4f58-9b44-58bb6671d0fe/datanode-3/data/ratis/4e94ec8d-4415-46f2-8208-00a7be557b40: Starting segment from index:0
2019-07-13 19:11:06,389 INFO  impl.RaftServerImpl (ServerState.java:setRaftConf(361)) - 1e39f4ad-28f9-47a0-89ed-fce4606cdd96:group-00A7BE557B40 set configuration 0: [1e39f4ad-28f9-47a0-89ed-fce4606cdd96:192.168.69.122:36909, 5d5edfa8-0e23-4b54-b3bf-06bedf46de88:192.168.69.122:34694, c31fe80b-a978-435c-a5db-d35cb9eb23b0:192.168.69.122:43530], old=null at 0
2019-07-13 19:11:06,389 INFO  impl.RaftServerImpl (RaftServerImpl.java:requestVote(754)) - 1e39f4ad-28f9-47a0-89ed-fce4606cdd96-LEADER: Withhold vote from candidate c31fe80b-a978-435c-a5db-d35cb9eb23b0 with term 1. State: leader=1e39f4ad-28f9-47a0-89ed-fce4606cdd96, term=1, lastRpcElapsed=null
2019-07-13 19:11:06,390 INFO  impl.RaftServerImpl (RaftServerImpl.java:setRole(171)) - c31fe80b-a978-435c-a5db-d35cb9eb23b0:group-00A7BE557B40 changes role from CANDIDATE to FOLLOWER at term 1 for appendEntries
2019-07-13 19:11:06,390 INFO  impl.RoleInfo (RoleInfo.java:shutdownLeaderElection(134)) - c31fe80b-a978-435c-a5db-d35cb9eb23b0: shutdown LeaderElection
2019-07-13 19:11:06,390 INFO  impl.RaftServerImpl (ServerState.java:setLeader(263)) - 5d5edfa8-0e23-4b54-b3bf-06bedf46de88:group-00A7BE557B40 change Leader from null to 1e39f4ad-28f9-47a0-89ed-fce4606cdd96 at term 1 for appendEntries, leader elected after 5380ms
2019-07-13 19:11:06,391 INFO  impl.RoleInfo (RoleInfo.java:updateAndGet(143)) - c31fe80b-a978-435c-a5db-d35cb9eb23b0: start FollowerState
2019-07-13 19:11:06,392 INFO  impl.LeaderElection (LeaderElection.java:logAndReturn(56)) - c31fe80b-a978-435c-a5db-d35cb9eb23b0:group-00A7BE557B40:LeaderElection76: Election REJECTED; received 2 response(s) [c31fe80b-a978-435c-a5db-d35cb9eb23b0<-1e39f4ad-28f9-47a0-89ed-fce4606cdd96#0:FAIL-t1, c31fe80b-a978-435c-a5db-d35cb9eb23b0<-5d5edfa8-0e23-4b54-b3bf-06bedf46de88#0:FAIL-t1] and 0 exception(s); c31fe80b-a978-435c-a5db-d35cb9eb23b0:t1, leader=null, voted=c31fe80b-a978-435c-a5db-d35cb9eb23b0, raftlog=c31fe80b-a978-435c-a5db-d35cb9eb23b0-SegmentedRaftLog:OPENED:c-1,f-1,i0, conf=-1: [1e39f4ad-28f9-47a0-89ed-fce4606cdd96:192.168.69.122:36909, 5d5edfa8-0e23-4b54-b3bf-06bedf46de88:192.168.69.122:34694, c31fe80b-a978-435c-a5db-d35cb9eb23b0:192.168.69.122:43530], old=null
2019-07-13 19:11:06,392 INFO  impl.RaftServerImpl (ServerState.java:setLeader(263)) - c31fe80b-a978-435c-a5db-d35cb9eb23b0:group-00A7BE557B40 change Leader from null to 1e39f4ad-28f9-47a0-89ed-fce4606cdd96 at term 1 for appendEntries, leader elected after 5381ms
2019-07-13 19:11:06,396 INFO  impl.RaftServerImpl (ServerState.java:setRaftConf(361)) - 5d5edfa8-0e23-4b54-b3bf-06bedf46de88:group-00A7BE557B40 set configuration 0: [1e39f4ad-28f9-47a0-89ed-fce4606cdd96:192.168.69.122:36909, 5d5edfa8-0e23-4b54-b3bf-06bedf46de88:192.168.69.122:34694, c31fe80b-a978-435c-a5db-d35cb9eb23b0:192.168.69.122:43530], old=null at 0
2019-07-13 19:11:06,396 INFO  segmented.SegmentedRaftLogWorker (SegmentedRaftLogWorker.java:startLogSegment(380)) - 5d5edfa8-0e23-4b54-b3bf-06bedf46de88-SegmentedRaftLogWorker:Storage Directory /tmp/workdir/hadoop-ozone/integration-test/target/test-dir/MiniOzoneClusterImpl-7ef340d7-68af-4f58-9b44-58bb6671d0fe/datanode-4/data/ratis/4e94ec8d-4415-46f2-8208-00a7be557b40: Starting segment from index:0
2019-07-13 19:11:06,400 INFO  impl.RaftServerImpl (ServerState.java:setRaftConf(361)) - c31fe80b-a978-435c-a5db-d35cb9eb23b0:group-00A7BE557B40 set configuration 0: [1e39f4ad-28f9-47a0-89ed-fce4606cdd96:192.168.69.122:36909, 5d5edfa8-0e23-4b54-b3bf-06bedf46de88:192.168.69.122:34694, c31fe80b-a978-435c-a5db-d35cb9eb23b0:192.168.69.122:43530], old=null at 0
2019-07-13 19:11:06,401 INFO  segmented.SegmentedRaftLogWorker (SegmentedRaftLogWorker.java:startLogSegment(380)) - c31fe80b-a978-435c-a5db-d35cb9eb23b0-SegmentedRaftLogWorker:Storage Directory /tmp/workdir/hadoop-ozone/integration-test/target/test-dir/MiniOzoneClusterImpl-7ef340d7-68af-4f58-9b44-58bb6671d0fe/datanode-5/data/ratis/4e94ec8d-4415-46f2-8208-00a7be557b40: Starting segment from index:0
2019-07-13 19:11:06,436 INFO  segmented.SegmentedRaftLogWorker (SegmentedRaftLogWorker.java:execute(569)) - 1e39f4ad-28f9-47a0-89ed-fce4606cdd96-SegmentedRaftLogWorker:Storage Directory /tmp/workdir/hadoop-ozone/integration-test/target/test-dir/MiniOzoneClusterImpl-7ef340d7-68af-4f58-9b44-58bb6671d0fe/datanode-3/data/ratis/4e94ec8d-4415-46f2-8208-00a7be557b40: created new log segment /tmp/workdir/hadoop-ozone/integration-test/target/test-dir/MiniOzoneClusterImpl-7ef340d7-68af-4f58-9b44-58bb6671d0fe/datanode-3/data/ratis/4e94ec8d-4415-46f2-8208-00a7be557b40/current/log_inprogress_0
2019-07-13 19:11:06,452 INFO  segmented.SegmentedRaftLogWorker (SegmentedRaftLogWorker.java:execute(569)) - c31fe80b-a978-435c-a5db-d35cb9eb23b0-SegmentedRaftLogWorker:Storage Directory /tmp/workdir/hadoop-ozone/integration-test/target/test-dir/MiniOzoneClusterImpl-7ef340d7-68af-4f58-9b44-58bb6671d0fe/datanode-5/data/ratis/4e94ec8d-4415-46f2-8208-00a7be557b40: created new log segment /tmp/workdir/hadoop-ozone/integration-test/target/test-dir/MiniOzoneClusterImpl-7ef340d7-68af-4f58-9b44-58bb6671d0fe/datanode-5/data/ratis/4e94ec8d-4415-46f2-8208-00a7be557b40/current/log_inprogress_0
2019-07-13 19:11:06,452 INFO  segmented.SegmentedRaftLogWorker (SegmentedRaftLogWorker.java:execute(569)) - 5d5edfa8-0e23-4b54-b3bf-06bedf46de88-SegmentedRaftLogWorker:Storage Directory /tmp/workdir/hadoop-ozone/integration-test/target/test-dir/MiniOzoneClusterImpl-7ef340d7-68af-4f58-9b44-58bb6671d0fe/datanode-4/data/ratis/4e94ec8d-4415-46f2-8208-00a7be557b40: created new log segment /tmp/workdir/hadoop-ozone/integration-test/target/test-dir/MiniOzoneClusterImpl-7ef340d7-68af-4f58-9b44-58bb6671d0fe/datanode-4/data/ratis/4e94ec8d-4415-46f2-8208-00a7be557b40/current/log_inprogress_0
2019-07-13 19:11:06,469 INFO  statemachine.DatanodeStateMachine (DatanodeStateMachine.java:lambda$startDaemon$0(350)) - Ozone container server started.
2019-07-13 19:11:06,484 INFO  client.GrpcClientProtocolClient (GrpcClientProtocolClient.java:onNext(255)) - client-9371CDD4E620->2e4d2605-fa3b-4364-8a8a-d4dc65addb57: receive RaftClientReply:client-9371CDD4E620->2e4d2605-fa3b-4364-8a8a-d4dc65addb57@group-ED2F29473B6F, cid=148, SUCCESS, logIndex=15, commits[2e4d2605-fa3b-4364-8a8a-d4dc65addb57:c16, 4728f292-fc3e-4d51-85e9-6b690bae49b2:c14, 6649e80d-1b3a-4d30-b1f3-c663d3b8bd53:c14]
2019-07-13 19:11:06,560 INFO  client.GrpcClientProtocolClient (GrpcClientProtocolClient.java:onNext(255)) - client-9371CDD4E620->2e4d2605-fa3b-4364-8a8a-d4dc65addb57: receive RaftClientReply:client-9371CDD4E620->2e4d2605-fa3b-4364-8a8a-d4dc65addb57@group-ED2F29473B6F, cid=149, SUCCESS, logIndex=16, commits[2e4d2605-fa3b-4364-8a8a-d4dc65addb57:c18, 4728f292-fc3e-4d51-85e9-6b690bae49b2:c16, 6649e80d-1b3a-4d30-b1f3-c663d3b8bd53:c16]
2019-07-13 19:11:07,124 WARN  server.GrpcLogAppender (LogUtils.java:warn(134)) - b2834bdc-0b24-4552-85d4-88a911f4f023->d92fd9b4-9a09-412f-89f4-a9cd00fb85be: Failed appendEntries: org.apache.ratis.thirdparty.io.grpc.StatusRuntimeException: UNAVAILABLE: io exception
2019-07-13 19:11:07,137 INFO  impl.FollowerInfo (FollowerInfo.java:lambda$new$0(50)) - b2834bdc-0b24-4552-85d4-88a911f4f023->d92fd9b4-9a09-412f-89f4-a9cd00fb85be: nextIndex: updateUnconditionally 0 -> 0
2019-07-13 19:11:08,940 INFO  node.StaleNodeHandler (StaleNodeHandler.java:onMessage(58)) - Datanode 6649e80d-1b3a-4d30-b1f3-c663d3b8bd53{ip: 192.168.69.122, host: trunk-nightly-fxqsz-774976932, networkLocation: /default-rack, certSerialId: null} moved to stale state. Finalizing its pipelines [PipelineID=425fc588-a79f-43ab-9701-ed2f29473b6f, PipelineID=471bc150-b2c4-4b86-ba1c-b8766955828c]
2019-07-13 19:11:08,940 INFO  pipeline.SCMPipelineManager (SCMPipelineManager.java:finalizeAndDestroyPipeline(309)) - destroying pipeline:Pipeline[ Id: 425fc588-a79f-43ab-9701-ed2f29473b6f, Nodes: 6649e80d-1b3a-4d30-b1f3-c663d3b8bd53{ip: 192.168.69.122, host: trunk-nightly-fxqsz-774976932, networkLocation: /default-rack, certSerialId: null}4728f292-fc3e-4d51-85e9-6b690bae49b2{ip: 192.168.69.122, host: trunk-nightly-fxqsz-774976932, networkLocation: /default-rack, certSerialId: null}2e4d2605-fa3b-4364-8a8a-d4dc65addb57{ip: 192.168.69.122, host: trunk-nightly-fxqsz-774976932, networkLocation: /default-rack, certSerialId: null}, Type:RATIS, Factor:THREE, State:OPEN]
2019-07-13 19:11:08,940 INFO  pipeline.PipelineStateManager (PipelineStateManager.java:finalizePipeline(123)) - Pipeline Pipeline[ Id: 425fc588-a79f-43ab-9701-ed2f29473b6f, Nodes: 6649e80d-1b3a-4d30-b1f3-c663d3b8bd53{ip: 192.168.69.122, host: trunk-nightly-fxqsz-774976932, networkLocation: /default-rack, certSerialId: null}4728f292-fc3e-4d51-85e9-6b690bae49b2{ip: 192.168.69.122, host: trunk-nightly-fxqsz-774976932, networkLocation: /default-rack, certSerialId: null}2e4d2605-fa3b-4364-8a8a-d4dc65addb57{ip: 192.168.69.122, host: trunk-nightly-fxqsz-774976932, networkLocation: /default-rack, certSerialId: null}, Type:RATIS, Factor:THREE, State:CLOSED] moved to CLOSED state
2019-07-13 19:11:08,941 INFO  pipeline.SCMPipelineManager (SCMPipelineManager.java:finalizeAndDestroyPipeline(309)) - destroying pipeline:Pipeline[ Id: 471bc150-b2c4-4b86-ba1c-b8766955828c, Nodes: 6649e80d-1b3a-4d30-b1f3-c663d3b8bd53{ip: 192.168.69.122, host: trunk-nightly-fxqsz-774976932, networkLocation: /default-rack, certSerialId: null}, Type:RATIS, Factor:ONE, State:OPEN]
2019-07-13 19:11:08,941 INFO  container.CloseContainerEventHandler (CloseContainerEventHandler.java:onMessage(61)) - Close container Event triggered for container : #2
2019-07-13 19:11:08,941 INFO  pipeline.PipelineStateManager (PipelineStateManager.java:finalizePipeline(123)) - Pipeline Pipeline[ Id: 471bc150-b2c4-4b86-ba1c-b8766955828c, Nodes: 6649e80d-1b3a-4d30-b1f3-c663d3b8bd53{ip: 192.168.69.122, host: trunk-nightly-fxqsz-774976932, networkLocation: /default-rack, certSerialId: null}, Type:RATIS, Factor:ONE, State:CLOSED] moved to CLOSED state
2019-07-13 19:11:08,942 INFO  container.CloseContainerEventHandler (CloseContainerEventHandler.java:onMessage(61)) - Close container Event triggered for container : #3
2019-07-13 19:11:09,624 WARN  server.GrpcLogAppender (LogUtils.java:warn(134)) - b2834bdc-0b24-4552-85d4-88a911f4f023->d92fd9b4-9a09-412f-89f4-a9cd00fb85be: Failed appendEntries: org.apache.ratis.thirdparty.io.grpc.StatusRuntimeException: UNAVAILABLE: io exception
2019-07-13 19:11:09,636 INFO  impl.FollowerInfo (FollowerInfo.java:lambda$new$0(50)) - b2834bdc-0b24-4552-85d4-88a911f4f023->d92fd9b4-9a09-412f-89f4-a9cd00fb85be: nextIndex: updateUnconditionally 0 -> 0
2019-07-13 19:11:10,438 INFO  interfaces.Container (KeyValueContainer.java:compactDB(356)) - Container 2 is closed with bcsId 12.
2019-07-13 19:11:10,468 INFO  interfaces.Container (KeyValueContainer.java:compactDB(356)) - Container 2 is closed with bcsId 12.
2019-07-13 19:11:10,468 INFO  interfaces.Container (KeyValueContainer.java:compactDB(356)) - Container 2 is closed with bcsId 12.
2019-07-13 19:11:10,488 INFO  interfaces.Container (KeyValueContainer.java:compactDB(356)) - Container 3 is closed with bcsId 16.
2019-07-13 19:11:10,491 INFO  interfaces.Container (KeyValueContainer.java:compactDB(356)) - Container 3 is closed with bcsId 16.
2019-07-13 19:11:10,508 INFO  interfaces.Container (KeyValueContainer.java:compactDB(356)) - Container 3 is closed with bcsId 16.
2019-07-13 19:11:11,281 INFO  ozoneimpl.OzoneContainer (OzoneContainer.java:stop(199)) - Attempting to stop container services.
2019-07-13 19:11:11,286 INFO  impl.RaftServerProxy (RaftServerProxy.java:lambda$close$4(314)) - 6649e80d-1b3a-4d30-b1f3-c663d3b8bd53: close
2019-07-13 19:11:11,287 INFO  impl.RaftServerImpl (RaftServerImpl.java:lambda$shutdown$3(245)) - 6649e80d-1b3a-4d30-b1f3-c663d3b8bd53: shutdown group-ED2F29473B6F
2019-07-13 19:11:11,287 INFO  impl.RaftServerImpl (RaftServerImpl.java:lambda$shutdown$3(245)) - 6649e80d-1b3a-4d30-b1f3-c663d3b8bd53: shutdown group-B8766955828C
2019-07-13 19:11:11,288 INFO  util.JmxRegister (JmxRegister.java:unregister(73)) - Successfully un-registered JMX Bean with object name Ratis:service=RaftServer,group=group-ED2F29473B6F,id=6649e80d-1b3a-4d30-b1f3-c663d3b8bd53
2019-07-13 19:11:11,288 INFO  util.JmxRegister (JmxRegister.java:unregister(73)) - Successfully un-registered JMX Bean with object name Ratis:service=RaftServer,group=group-B8766955828C,id=6649e80d-1b3a-4d30-b1f3-c663d3b8bd53
2019-07-13 19:11:11,288 INFO  impl.RoleInfo (RoleInfo.java:shutdownFollowerState(121)) - 6649e80d-1b3a-4d30-b1f3-c663d3b8bd53: shutdown FollowerState
2019-07-13 19:11:11,289 INFO  impl.RoleInfo (RoleInfo.java:shutdownLeaderState(104)) - 6649e80d-1b3a-4d30-b1f3-c663d3b8bd53: shutdown LeaderState
2019-07-13 19:11:11,289 INFO  impl.StateMachineUpdater (StateMachineUpdater.java:stopAndJoin(115)) - StateMachineUpdater:6649e80d-1b3a-4d30-b1f3-c663d3b8bd53:group-ED2F29473B6F: set stopIndex = 21
2019-07-13 19:11:11,289 INFO  impl.PendingRequests (PendingRequests.java:sendNotLeaderResponses(202)) - 6649e80d-1b3a-4d30-b1f3-c663d3b8bd53-PendingRequests: sendNotLeaderResponses
2019-07-13 19:11:11,289 INFO  impl.FollowerState (FollowerState.java:run(114)) - 6649e80d-1b3a-4d30-b1f3-c663d3b8bd53: FollowerState was interrupted: java.lang.InterruptedException: sleep interrupted
2019-07-13 19:11:11,289 INFO  ratis.ContainerStateMachine (ContainerStateMachine.java:takeSnapshot(246)) - Taking snapshot at termIndex:(t:1, i:21)
2019-07-13 19:11:11,319 INFO  ratis.ContainerStateMachine (ContainerStateMachine.java:takeSnapshot(246)) - Taking snapshot at termIndex:(t:0, i:~)
2019-07-13 19:11:11,319 INFO  impl.StateMachineUpdater (StateMachineUpdater.java:stopAndJoin(115)) - StateMachineUpdater:6649e80d-1b3a-4d30-b1f3-c663d3b8bd53:group-B8766955828C: set stopIndex = 0
2019-07-13 19:11:11,319 INFO  impl.RaftServerImpl (ServerState.java:close(394)) - 6649e80d-1b3a-4d30-b1f3-c663d3b8bd53:group-B8766955828C closes. The last applied log index is 0
2019-07-13 19:11:11,319 INFO  ratis.ContainerStateMachine (ContainerStateMachine.java:takeSnapshot(250)) - Taking a snapshot to file /tmp/workdir/hadoop-ozone/integration-test/target/test-dir/MiniOzoneClusterImpl-7ef340d7-68af-4f58-9b44-58bb6671d0fe/datanode-0/data/ratis/425fc588-a79f-43ab-9701-ed2f29473b6f/sm/snapshot.1_21
2019-07-13 19:11:11,320 INFO  segmented.SegmentedRaftLogWorker (SegmentedRaftLogWorker.java:run(313)) - 6649e80d-1b3a-4d30-b1f3-c663d3b8bd53-SegmentedRaftLogWorker:Storage Directory /tmp/workdir/hadoop-ozone/integration-test/target/test-dir/MiniOzoneClusterImpl-7ef340d7-68af-4f58-9b44-58bb6671d0fe/datanode-0/data/ratis/471bc150-b2c4-4b86-ba1c-b8766955828c was interrupted, exiting. There are 0 tasks remaining in the queue.
2019-07-13 19:11:11,330 INFO  segmented.SegmentedRaftLogWorker (SegmentedRaftLogWorker.java:close(228)) - 6649e80d-1b3a-4d30-b1f3-c663d3b8bd53-SegmentedRaftLogWorker:Storage Directory /tmp/workdir/hadoop-ozone/integration-test/target/test-dir/MiniOzoneClusterImpl-7ef340d7-68af-4f58-9b44-58bb6671d0fe/datanode-0/data/ratis/471bc150-b2c4-4b86-ba1c-b8766955828c close()
2019-07-13 19:11:11,346 INFO  impl.StateMachineUpdater (StateMachineUpdater.java:takeSnapshot(242)) - StateMachineUpdater:6649e80d-1b3a-4d30-b1f3-c663d3b8bd53:group-ED2F29473B6F: Took a snapshot at index 21
2019-07-13 19:11:11,346 INFO  impl.StateMachineUpdater (StateMachineUpdater.java:lambda$new$0(80)) - StateMachineUpdater:6649e80d-1b3a-4d30-b1f3-c663d3b8bd53:group-ED2F29473B6F: snapshotIndex: updateIncreasingly -1 -> 21
2019-07-13 19:11:11,346 INFO  impl.RaftServerImpl (ServerState.java:close(394)) - 6649e80d-1b3a-4d30-b1f3-c663d3b8bd53:group-ED2F29473B6F closes. The last applied log index is 21
2019-07-13 19:11:11,347 INFO  segmented.SegmentedRaftLogWorker (SegmentedRaftLogWorker.java:run(313)) - 6649e80d-1b3a-4d30-b1f3-c663d3b8bd53-SegmentedRaftLogWorker:Storage Directory /tmp/workdir/hadoop-ozone/integration-test/target/test-dir/MiniOzoneClusterImpl-7ef340d7-68af-4f58-9b44-58bb6671d0fe/datanode-0/data/ratis/425fc588-a79f-43ab-9701-ed2f29473b6f was interrupted, exiting. There are 0 tasks remaining in the queue.
2019-07-13 19:11:11,354 INFO  segmented.SegmentedRaftLogWorker (SegmentedRaftLogWorker.java:close(228)) - 6649e80d-1b3a-4d30-b1f3-c663d3b8bd53-SegmentedRaftLogWorker:Storage Directory /tmp/workdir/hadoop-ozone/integration-test/target/test-dir/MiniOzoneClusterImpl-7ef340d7-68af-4f58-9b44-58bb6671d0fe/datanode-0/data/ratis/425fc588-a79f-43ab-9701-ed2f29473b6f close()
2019-07-13 19:11:11,368 INFO  server.GrpcService (GrpcService.java:closeImpl(155)) - 6649e80d-1b3a-4d30-b1f3-c663d3b8bd53: shutdown server with port 38341 now
2019-07-13 19:11:11,370 WARN  server.GrpcServerProtocolService (LogUtils.java:warn(134)) - 6649e80d-1b3a-4d30-b1f3-c663d3b8bd53: appendEntries onError: org.apache.ratis.thirdparty.io.grpc.StatusRuntimeException: CANCELLED: cancelled before receiving half close
2019-07-13 19:11:11,370 INFO  server.GrpcService (GrpcService.java:closeImpl(163)) - 6649e80d-1b3a-4d30-b1f3-c663d3b8bd53: shutdown server with port 38341 successfully
2019-07-13 19:11:11,370 WARN  server.GrpcLogAppender (LogUtils.java:warn(134)) - 2e4d2605-fa3b-4364-8a8a-d4dc65addb57->6649e80d-1b3a-4d30-b1f3-c663d3b8bd53: Failed appendEntries: org.apache.ratis.thirdparty.io.grpc.StatusRuntimeException: CANCELLED: HTTP/2 error code: CANCEL
Received Rst Stream
2019-07-13 19:11:11,377 INFO  impl.FollowerInfo (FollowerInfo.java:lambda$new$0(50)) - 2e4d2605-fa3b-4364-8a8a-d4dc65addb57->6649e80d-1b3a-4d30-b1f3-c663d3b8bd53: nextIndex: updateUnconditionally 23 -> 22
2019-07-13 19:11:11,379 INFO  utils.BackgroundService (BackgroundService.java:shutdown(148)) - Shutting down service BlockDeletingService
2019-07-13 19:11:11,380 WARN  fs.CachingGetSpaceUsed (CachingGetSpaceUsed.java:run(183)) - Thread Interrupted waiting to refresh disk information: sleep interrupted
2019-07-13 19:11:11,502 INFO  statemachine.DatanodeStateMachine (DatanodeStateMachine.java:stopDaemon(395)) - Ozone container server stopped.
2019-07-13 19:11:11,504 INFO  handler.ContextHandler (ContextHandler.java:doStop(910)) - Stopped o.e.j.w.WebAppContext@349469db{/,null,UNAVAILABLE}{/hddsDatanode}
2019-07-13 19:11:11,505 INFO  server.AbstractConnector (AbstractConnector.java:doStop(318)) - Stopped ServerConnector@2c3a2935{HTTP/1.1,[http/1.1]}{0.0.0.0:0}
2019-07-13 19:11:11,505 INFO  handler.ContextHandler (ContextHandler.java:doStop(910)) - Stopped o.e.j.s.ServletContextHandler@1f15d346{/static,jar:file:/home/user/.m2/repository/org/apache/hadoop/hadoop-hdds-container-service/0.5.0-SNAPSHOT/hadoop-hdds-container-service-0.5.0-SNAPSHOT.jar!/webapps/static,UNAVAILABLE}
2019-07-13 19:11:11,506 INFO  handler.ContextHandler (ContextHandler.java:doStop(910)) - Stopped o.e.j.s.ServletContextHandler@6018a6a2{/logs,file:///tmp/workdir/hadoop-ozone/integration-test/target/log,UNAVAILABLE}
2019-07-13 19:11:11,507 INFO  datanode.ObjectStoreHandler (ObjectStoreHandler.java:close(155)) - Closing ObjectStoreHandler.
2019-07-13 19:11:11,507 INFO  ozone.HddsDatanodeService (HddsDatanodeService.java:stop(452)) - Stopped plug-in org.apache.hadoop.ozone.web.OzoneHddsDatanodeService@6d86d1ad
2019-07-13 19:11:12,126 WARN  server.GrpcLogAppender (LogUtils.java:warn(134)) - b2834bdc-0b24-4552-85d4-88a911f4f023->d92fd9b4-9a09-412f-89f4-a9cd00fb85be: Failed appendEntries: org.apache.ratis.thirdparty.io.grpc.StatusRuntimeException: UNAVAILABLE: io exception
2019-07-13 19:11:12,139 INFO  impl.FollowerInfo (FollowerInfo.java:lambda$new$0(50)) - b2834bdc-0b24-4552-85d4-88a911f4f023->d92fd9b4-9a09-412f-89f4-a9cd00fb85be: nextIndex: updateUnconditionally 0 -> 0
2019-07-13 19:11:12,502 INFO  statemachine.DatanodeStateMachine (DatanodeStateMachine.java:lambda$startDaemon$0(350)) - Ozone container server started.
2019-07-13 19:11:12,973 WARN  server.GrpcLogAppender (LogUtils.java:warn(134)) - 2e4d2605-fa3b-4364-8a8a-d4dc65addb57->6649e80d-1b3a-4d30-b1f3-c663d3b8bd53: Failed appendEntries: org.apache.ratis.thirdparty.io.grpc.StatusRuntimeException: UNAVAILABLE: io exception
2019-07-13 19:11:12,985 INFO  impl.FollowerInfo (FollowerInfo.java:lambda$new$0(50)) - 2e4d2605-fa3b-4364-8a8a-d4dc65addb57->6649e80d-1b3a-4d30-b1f3-c663d3b8bd53: nextIndex: updateUnconditionally 22 -> 21
2019-07-13 19:11:14,572 INFO  node.StaleNodeHandler (StaleNodeHandler.java:onMessage(58)) - Datanode 4728f292-fc3e-4d51-85e9-6b690bae49b2{ip: 192.168.69.122, host: trunk-nightly-fxqsz-774976932, networkLocation: /default-rack, certSerialId: null} moved to stale state. Finalizing its pipelines [PipelineID=425fc588-a79f-43ab-9701-ed2f29473b6f, PipelineID=e0aa6dd8-1dca-4b13-9127-4bb1cde9b208]
2019-07-13 19:11:14,573 INFO  pipeline.SCMPipelineManager (SCMPipelineManager.java:finalizeAndDestroyPipeline(309)) - destroying pipeline:Pipeline[ Id: 425fc588-a79f-43ab-9701-ed2f29473b6f, Nodes: 6649e80d-1b3a-4d30-b1f3-c663d3b8bd53{ip: 192.168.69.122, host: trunk-nightly-fxqsz-774976932, networkLocation: /default-rack, certSerialId: null}4728f292-fc3e-4d51-85e9-6b690bae49b2{ip: 192.168.69.122, host: trunk-nightly-fxqsz-774976932, networkLocation: /default-rack, certSerialId: null}2e4d2605-fa3b-4364-8a8a-d4dc65addb57{ip: 192.168.69.122, host: trunk-nightly-fxqsz-774976932, networkLocation: /default-rack, certSerialId: null}, Type:RATIS, Factor:THREE, State:CLOSED]
2019-07-13 19:11:14,573 INFO  pipeline.SCMPipelineManager (SCMPipelineManager.java:finalizeAndDestroyPipeline(309)) - destroying pipeline:Pipeline[ Id: e0aa6dd8-1dca-4b13-9127-4bb1cde9b208, Nodes: 4728f292-fc3e-4d51-85e9-6b690bae49b2{ip: 192.168.69.122, host: trunk-nightly-fxqsz-774976932, networkLocation: /default-rack, certSerialId: null}, Type:RATIS, Factor:ONE, State:OPEN]
2019-07-13 19:11:14,573 INFO  pipeline.PipelineStateManager (PipelineStateManager.java:finalizePipeline(123)) - Pipeline Pipeline[ Id: e0aa6dd8-1dca-4b13-9127-4bb1cde9b208, Nodes: 4728f292-fc3e-4d51-85e9-6b690bae49b2{ip: 192.168.69.122, host: trunk-nightly-fxqsz-774976932, networkLocation: /default-rack, certSerialId: null}, Type:RATIS, Factor:ONE, State:CLOSED] moved to CLOSED state
2019-07-13 19:11:14,627 WARN  server.GrpcLogAppender (LogUtils.java:warn(134)) - b2834bdc-0b24-4552-85d4-88a911f4f023->d92fd9b4-9a09-412f-89f4-a9cd00fb85be: Failed appendEntries: org.apache.ratis.thirdparty.io.grpc.StatusRuntimeException: UNAVAILABLE: io exception
2019-07-13 19:11:14,637 INFO  impl.FollowerInfo (FollowerInfo.java:lambda$new$0(50)) - b2834bdc-0b24-4552-85d4-88a911f4f023->d92fd9b4-9a09-412f-89f4-a9cd00fb85be: nextIndex: updateUnconditionally 0 -> 0
2019-07-13 19:11:15,473 WARN  server.GrpcLogAppender (LogUtils.java:warn(134)) - 2e4d2605-fa3b-4364-8a8a-d4dc65addb57->6649e80d-1b3a-4d30-b1f3-c663d3b8bd53: Failed appendEntries: org.apache.ratis.thirdparty.io.grpc.StatusRuntimeException: UNAVAILABLE: io exception
2019-07-13 19:11:15,483 INFO  impl.FollowerInfo (FollowerInfo.java:lambda$new$0(50)) - 2e4d2605-fa3b-4364-8a8a-d4dc65addb57->6649e80d-1b3a-4d30-b1f3-c663d3b8bd53: nextIndex: updateUnconditionally 21 -> 20
2019-07-13 19:11:16,508 INFO  ozoneimpl.OzoneContainer (OzoneContainer.java:stop(199)) - Attempting to stop container services.
2019-07-13 19:11:16,509 INFO  impl.RaftServerProxy (RaftServerProxy.java:lambda$close$4(314)) - 4728f292-fc3e-4d51-85e9-6b690bae49b2: close
2019-07-13 19:11:16,509 INFO  impl.RaftServerImpl (RaftServerImpl.java:lambda$shutdown$3(245)) - 4728f292-fc3e-4d51-85e9-6b690bae49b2: shutdown group-ED2F29473B6F
2019-07-13 19:11:16,510 INFO  impl.RaftServerImpl (RaftServerImpl.java:lambda$shutdown$3(245)) - 4728f292-fc3e-4d51-85e9-6b690bae49b2: shutdown group-4BB1CDE9B208
2019-07-13 19:11:16,510 INFO  util.JmxRegister (JmxRegister.java:unregister(73)) - Successfully un-registered JMX Bean with object name Ratis:service=RaftServer,group=group-ED2F29473B6F,id=4728f292-fc3e-4d51-85e9-6b690bae49b2
2019-07-13 19:11:16,511 INFO  impl.RoleInfo (RoleInfo.java:shutdownFollowerState(121)) - 4728f292-fc3e-4d51-85e9-6b690bae49b2: shutdown FollowerState
2019-07-13 19:11:16,510 INFO  util.JmxRegister (JmxRegister.java:unregister(73)) - Successfully un-registered JMX Bean with object name Ratis:service=RaftServer,group=group-4BB1CDE9B208,id=4728f292-fc3e-4d51-85e9-6b690bae49b2
2019-07-13 19:11:16,511 INFO  ratis.ContainerStateMachine (ContainerStateMachine.java:takeSnapshot(246)) - Taking snapshot at termIndex:(t:1, i:21)
2019-07-13 19:11:16,511 INFO  impl.FollowerState (FollowerState.java:run(114)) - 4728f292-fc3e-4d51-85e9-6b690bae49b2: FollowerState was interrupted: java.lang.InterruptedException: sleep interrupted
2019-07-13 19:11:16,511 INFO  impl.StateMachineUpdater (StateMachineUpdater.java:stopAndJoin(115)) - StateMachineUpdater:4728f292-fc3e-4d51-85e9-6b690bae49b2:group-ED2F29473B6F: set stopIndex = 22
2019-07-13 19:11:16,511 INFO  ratis.ContainerStateMachine (ContainerStateMachine.java:takeSnapshot(250)) - Taking a snapshot to file /tmp/workdir/hadoop-ozone/integration-test/target/test-dir/MiniOzoneClusterImpl-7ef340d7-68af-4f58-9b44-58bb6671d0fe/datanode-1/data/ratis/425fc588-a79f-43ab-9701-ed2f29473b6f/sm/snapshot.1_21
2019-07-13 19:11:16,511 INFO  impl.RoleInfo (RoleInfo.java:shutdownLeaderState(104)) - 4728f292-fc3e-4d51-85e9-6b690bae49b2: shutdown LeaderState
2019-07-13 19:11:16,525 INFO  impl.PendingRequests (PendingRequests.java:sendNotLeaderResponses(202)) - 4728f292-fc3e-4d51-85e9-6b690bae49b2-PendingRequests: sendNotLeaderResponses
2019-07-13 19:11:16,525 INFO  impl.StateMachineUpdater (StateMachineUpdater.java:takeSnapshot(242)) - StateMachineUpdater:4728f292-fc3e-4d51-85e9-6b690bae49b2:group-ED2F29473B6F: Took a snapshot at index 21
2019-07-13 19:11:16,525 INFO  impl.StateMachineUpdater (StateMachineUpdater.java:stopAndJoin(115)) - StateMachineUpdater:4728f292-fc3e-4d51-85e9-6b690bae49b2:group-4BB1CDE9B208: set stopIndex = 0
2019-07-13 19:11:16,525 INFO  ratis.ContainerStateMachine (ContainerStateMachine.java:takeSnapshot(246)) - Taking snapshot at termIndex:(t:0, i:~)
2019-07-13 19:11:16,525 INFO  impl.StateMachineUpdater (StateMachineUpdater.java:lambda$new$0(80)) - StateMachineUpdater:4728f292-fc3e-4d51-85e9-6b690bae49b2:group-ED2F29473B6F: snapshotIndex: updateIncreasingly -1 -> 21
2019-07-13 19:11:16,526 INFO  impl.RaftServerImpl (ServerState.java:close(394)) - 4728f292-fc3e-4d51-85e9-6b690bae49b2:group-4BB1CDE9B208 closes. The last applied log index is 0
2019-07-13 19:11:16,526 INFO  impl.RaftServerImpl (ServerState.java:close(394)) - 4728f292-fc3e-4d51-85e9-6b690bae49b2:group-ED2F29473B6F closes. The last applied log index is 22
2019-07-13 19:11:16,526 INFO  segmented.SegmentedRaftLogWorker (SegmentedRaftLogWorker.java:run(313)) - 4728f292-fc3e-4d51-85e9-6b690bae49b2-SegmentedRaftLogWorker:Storage Directory /tmp/workdir/hadoop-ozone/integration-test/target/test-dir/MiniOzoneClusterImpl-7ef340d7-68af-4f58-9b44-58bb6671d0fe/datanode-1/data/ratis/e0aa6dd8-1dca-4b13-9127-4bb1cde9b208 was interrupted, exiting. There are 0 tasks remaining in the queue.
2019-07-13 19:11:16,526 INFO  segmented.SegmentedRaftLogWorker (SegmentedRaftLogWorker.java:run(313)) - 4728f292-fc3e-4d51-85e9-6b690bae49b2-SegmentedRaftLogWorker:Storage Directory /tmp/workdir/hadoop-ozone/integration-test/target/test-dir/MiniOzoneClusterImpl-7ef340d7-68af-4f58-9b44-58bb6671d0fe/datanode-1/data/ratis/425fc588-a79f-43ab-9701-ed2f29473b6f was interrupted, exiting. There are 0 tasks remaining in the queue.
2019-07-13 19:11:16,534 INFO  segmented.SegmentedRaftLogWorker (SegmentedRaftLogWorker.java:close(228)) - 4728f292-fc3e-4d51-85e9-6b690bae49b2-SegmentedRaftLogWorker:Storage Directory /tmp/workdir/hadoop-ozone/integration-test/target/test-dir/MiniOzoneClusterImpl-7ef340d7-68af-4f58-9b44-58bb6671d0fe/datanode-1/data/ratis/e0aa6dd8-1dca-4b13-9127-4bb1cde9b208 close()
2019-07-13 19:11:16,541 INFO  segmented.SegmentedRaftLogWorker (SegmentedRaftLogWorker.java:close(228)) - 4728f292-fc3e-4d51-85e9-6b690bae49b2-SegmentedRaftLogWorker:Storage Directory /tmp/workdir/hadoop-ozone/integration-test/target/test-dir/MiniOzoneClusterImpl-7ef340d7-68af-4f58-9b44-58bb6671d0fe/datanode-1/data/ratis/425fc588-a79f-43ab-9701-ed2f29473b6f close()
2019-07-13 19:11:16,566 INFO  server.GrpcService (GrpcService.java:closeImpl(155)) - 4728f292-fc3e-4d51-85e9-6b690bae49b2: shutdown server with port 43901 now
2019-07-13 19:11:16,579 WARN  server.GrpcServerProtocolService (LogUtils.java:warn(134)) - 4728f292-fc3e-4d51-85e9-6b690bae49b2: appendEntries onError: org.apache.ratis.thirdparty.io.grpc.StatusRuntimeException: CANCELLED: cancelled before receiving half close
2019-07-13 19:11:16,579 INFO  server.GrpcService (GrpcService.java:closeImpl(163)) - 4728f292-fc3e-4d51-85e9-6b690bae49b2: shutdown server with port 43901 successfully
2019-07-13 19:11:16,579 WARN  server.GrpcLogAppender (LogUtils.java:warn(134)) - 2e4d2605-fa3b-4364-8a8a-d4dc65addb57->4728f292-fc3e-4d51-85e9-6b690bae49b2: Failed appendEntries: org.apache.ratis.thirdparty.io.grpc.StatusRuntimeException: CANCELLED: HTTP/2 error code: CANCEL
Received Rst Stream
2019-07-13 19:11:16,620 INFO  impl.FollowerInfo (FollowerInfo.java:lambda$new$0(50)) - 2e4d2605-fa3b-4364-8a8a-d4dc65addb57->4728f292-fc3e-4d51-85e9-6b690bae49b2: nextIndex: updateUnconditionally 23 -> 22
2019-07-13 19:11:16,623 INFO  utils.BackgroundService (BackgroundService.java:shutdown(148)) - Shutting down service BlockDeletingService
2019-07-13 19:11:16,625 WARN  fs.CachingGetSpaceUsed (CachingGetSpaceUsed.java:run(183)) - Thread Interrupted waiting to refresh disk information: sleep interrupted
2019-07-13 19:11:16,649 INFO  statemachine.DatanodeStateMachine (DatanodeStateMachine.java:stopDaemon(395)) - Ozone container server stopped.
2019-07-13 19:11:16,650 INFO  handler.ContextHandler (ContextHandler.java:doStop(910)) - Stopped o.e.j.w.WebAppContext@dcc7d1c{/,null,UNAVAILABLE}{/hddsDatanode}
2019-07-13 19:11:16,650 INFO  server.AbstractConnector (AbstractConnector.java:doStop(318)) - Stopped ServerConnector@6ac9742e{HTTP/1.1,[http/1.1]}{0.0.0.0:0}
2019-07-13 19:11:16,651 INFO  handler.ContextHandler (ContextHandler.java:doStop(910)) - Stopped o.e.j.s.ServletContextHandler@119cd026{/static,jar:file:/home/user/.m2/repository/org/apache/hadoop/hadoop-hdds-container-service/0.5.0-SNAPSHOT/hadoop-hdds-container-service-0.5.0-SNAPSHOT.jar!/webapps/static,UNAVAILABLE}
2019-07-13 19:11:16,651 INFO  handler.ContextHandler (ContextHandler.java:doStop(910)) - Stopped o.e.j.s.ServletContextHandler@3b75b7b4{/logs,file:///tmp/workdir/hadoop-ozone/integration-test/target/log,UNAVAILABLE}
19:11:16.671 [grpc-default-executor-2] ERROR DNAudit - user=null | ip=null | op=WRITE_CHUNK {blockData=conID: 3 locID: 102435721463267353 bcsId: 16} | ret=FAILURE
org.apache.hadoop.hdds.scm.container.common.helpers.ContainerNotOpenException: Container 3 in CLOSED state
	at org.apache.hadoop.ozone.container.common.impl.HddsDispatcher.validateContainerCommand(HddsDispatcher.java:408) ~[hadoop-hdds-container-service-0.5.0-SNAPSHOT.jar:?]
	at org.apache.hadoop.ozone.container.common.transport.server.ratis.ContainerStateMachine.startTransaction(ContainerStateMachine.java:271) ~[hadoop-hdds-container-service-0.5.0-SNAPSHOT.jar:?]
	at org.apache.ratis.server.impl.RaftServerImpl.submitClientRequestAsync(RaftServerImpl.java:566) ~[ratis-server-0.4.0-2337318-SNAPSHOT.jar:0.4.0-2337318-SNAPSHOT]
	at org.apache.ratis.server.impl.RaftServerProxy.lambda$submitClientRequestAsync$7(RaftServerProxy.java:333) ~[ratis-server-0.4.0-2337318-SNAPSHOT.jar:0.4.0-2337318-SNAPSHOT]
	at org.apache.ratis.server.impl.RaftServerProxy.lambda$null$5(RaftServerProxy.java:328) ~[ratis-server-0.4.0-2337318-SNAPSHOT.jar:0.4.0-2337318-SNAPSHOT]
	at org.apache.ratis.util.JavaUtils.callAsUnchecked(JavaUtils.java:109) ~[ratis-common-0.4.0-2337318-SNAPSHOT.jar:0.4.0-2337318-SNAPSHOT]
	at org.apache.ratis.server.impl.RaftServerProxy.lambda$submitRequest$6(RaftServerProxy.java:328) ~[ratis-server-0.4.0-2337318-SNAPSHOT.jar:0.4.0-2337318-SNAPSHOT]
	at java.util.concurrent.CompletableFuture.uniComposeStage(CompletableFuture.java:981) ~[?:1.8.0_212]
	at java.util.concurrent.CompletableFuture.thenCompose(CompletableFuture.java:2124) ~[?:1.8.0_212]
	at org.apache.ratis.server.impl.RaftServerProxy.submitRequest(RaftServerProxy.java:327) ~[ratis-server-0.4.0-2337318-SNAPSHOT.jar:0.4.0-2337318-SNAPSHOT]
	at org.apache.ratis.server.impl.RaftServerProxy.submitClientRequestAsync(RaftServerProxy.java:333) ~[ratis-server-0.4.0-2337318-SNAPSHOT.jar:0.4.0-2337318-SNAPSHOT]
	at org.apache.ratis.grpc.client.GrpcClientProtocolService$RequestStreamObserver.processClientRequest(GrpcClientProtocolService.java:220) ~[ratis-grpc-0.4.0-2337318-SNAPSHOT.jar:0.4.0-2337318-SNAPSHOT]
	at org.apache.ratis.grpc.client.GrpcClientProtocolService$OrderedRequestStreamObserver.processClientRequest(GrpcClientProtocolService.java:326) ~[ratis-grpc-0.4.0-2337318-SNAPSHOT.jar:0.4.0-2337318-SNAPSHOT]
	at org.apache.ratis.util.SlidingWindow$Server.processRequestsFromHead(SlidingWindow.java:429) [ratis-common-0.4.0-2337318-SNAPSHOT.jar:0.4.0-2337318-SNAPSHOT]
	at org.apache.ratis.util.SlidingWindow$Server.receivedRequest(SlidingWindow.java:421) [ratis-common-0.4.0-2337318-SNAPSHOT.jar:0.4.0-2337318-SNAPSHOT]
	at org.apache.ratis.grpc.client.GrpcClientProtocolService$OrderedRequestStreamObserver.processClientRequest(GrpcClientProtocolService.java:345) [ratis-grpc-0.4.0-2337318-SNAPSHOT.jar:0.4.0-2337318-SNAPSHOT]
	at org.apache.ratis.grpc.client.GrpcClientProtocolService$RequestStreamObserver.onNext(GrpcClientProtocolService.java:240) [ratis-grpc-0.4.0-2337318-SNAPSHOT.jar:0.4.0-2337318-SNAPSHOT]
	at org.apache.ratis.grpc.client.GrpcClientProtocolService$RequestStreamObserver.onNext(GrpcClientProtocolService.java:168) [ratis-grpc-0.4.0-2337318-SNAPSHOT.jar:0.4.0-2337318-SNAPSHOT]
	at org.apache.ratis.thirdparty.io.grpc.stub.ServerCalls$StreamingServerCallHandler$StreamingServerCallListener.onMessage(ServerCalls.java:248) [ratis-thirdparty-misc-0.2.0.jar:0.2.0]
	at org.apache.ratis.thirdparty.io.grpc.internal.ServerCallImpl$ServerStreamListenerImpl.messagesAvailable(ServerCallImpl.java:263) [ratis-thirdparty-misc-0.2.0.jar:0.2.0]
	at org.apache.ratis.thirdparty.io.grpc.internal.ServerImpl$JumpToApplicationThreadServerStreamListener$1MessagesAvailable.runInContext(ServerImpl.java:686) [ratis-thirdparty-misc-0.2.0.jar:0.2.0]
	at org.apache.ratis.thirdparty.io.grpc.internal.ContextRunnable.run(ContextRunnable.java:37) [ratis-thirdparty-misc-0.2.0.jar:0.2.0]
	at org.apache.ratis.thirdparty.io.grpc.internal.SerializingExecutor.run(SerializingExecutor.java:123) [ratis-thirdparty-misc-0.2.0.jar:0.2.0]
	at java.util.concurrent.ThreadPoolExecutor.runWorker(ThreadPoolExecutor.java:1149) [?:1.8.0_212]
	at java.util.concurrent.ThreadPoolExecutor$Worker.run(ThreadPoolExecutor.java:624) [?:1.8.0_212]
	at java.lang.Thread.run(Thread.java:748) [?:1.8.0_212]
19:11:16.675 [grpc-default-executor-2] ERROR DNAudit - user=null | ip=null | op=PUT_BLOCK {blockData=[blockId=conID: 3 locID: 102435721463267353 bcsId: 0,size=2097152]} | ret=FAILURE
org.apache.hadoop.hdds.scm.container.common.helpers.ContainerNotOpenException: Container 3 in CLOSED state
	at org.apache.hadoop.ozone.container.common.impl.HddsDispatcher.validateContainerCommand(HddsDispatcher.java:408) ~[hadoop-hdds-container-service-0.5.0-SNAPSHOT.jar:?]
	at org.apache.hadoop.ozone.container.common.transport.server.ratis.ContainerStateMachine.startTransaction(ContainerStateMachine.java:271) ~[hadoop-hdds-container-service-0.5.0-SNAPSHOT.jar:?]
	at org.apache.ratis.server.impl.RaftServerImpl.submitClientRequestAsync(RaftServerImpl.java:566) ~[ratis-server-0.4.0-2337318-SNAPSHOT.jar:0.4.0-2337318-SNAPSHOT]
	at org.apache.ratis.server.impl.RaftServerProxy.lambda$submitClientRequestAsync$7(RaftServerProxy.java:333) ~[ratis-server-0.4.0-2337318-SNAPSHOT.jar:0.4.0-2337318-SNAPSHOT]
	at org.apache.ratis.server.impl.RaftServerProxy.lambda$null$5(RaftServerProxy.java:328) ~[ratis-server-0.4.0-2337318-SNAPSHOT.jar:0.4.0-2337318-SNAPSHOT]
	at org.apache.ratis.util.JavaUtils.callAsUnchecked(JavaUtils.java:109) ~[ratis-common-0.4.0-2337318-SNAPSHOT.jar:0.4.0-2337318-SNAPSHOT]
	at org.apache.ratis.server.impl.RaftServerProxy.lambda$submitRequest$6(RaftServerProxy.java:328) ~[ratis-server-0.4.0-2337318-SNAPSHOT.jar:0.4.0-2337318-SNAPSHOT]
	at java.util.concurrent.CompletableFuture.uniComposeStage(CompletableFuture.java:981) ~[?:1.8.0_212]
	at java.util.concurrent.CompletableFuture.thenCompose(CompletableFuture.java:2124) ~[?:1.8.0_212]
	at org.apache.ratis.server.impl.RaftServerProxy.submitRequest(RaftServerProxy.java:327) ~[ratis-server-0.4.0-2337318-SNAPSHOT.jar:0.4.0-2337318-SNAPSHOT]
	at org.apache.ratis.server.impl.RaftServerProxy.submitClientRequestAsync(RaftServerProxy.java:333) ~[ratis-server-0.4.0-2337318-SNAPSHOT.jar:0.4.0-2337318-SNAPSHOT]
	at org.apache.ratis.grpc.client.GrpcClientProtocolService$RequestStreamObserver.processClientRequest(GrpcClientProtocolService.java:220) ~[ratis-grpc-0.4.0-2337318-SNAPSHOT.jar:0.4.0-2337318-SNAPSHOT]
	at org.apache.ratis.grpc.client.GrpcClientProtocolService$OrderedRequestStreamObserver.processClientRequest(GrpcClientProtocolService.java:326) ~[ratis-grpc-0.4.0-2337318-SNAPSHOT.jar:0.4.0-2337318-SNAPSHOT]
	at org.apache.ratis.util.SlidingWindow$Server.processRequestsFromHead(SlidingWindow.java:429) [ratis-common-0.4.0-2337318-SNAPSHOT.jar:0.4.0-2337318-SNAPSHOT]
	at org.apache.ratis.util.SlidingWindow$Server.receivedRequest(SlidingWindow.java:421) [ratis-common-0.4.0-2337318-SNAPSHOT.jar:0.4.0-2337318-SNAPSHOT]
	at org.apache.ratis.grpc.client.GrpcClientProtocolService$OrderedRequestStreamObserver.processClientRequest(GrpcClientProtocolService.java:345) [ratis-grpc-0.4.0-2337318-SNAPSHOT.jar:0.4.0-2337318-SNAPSHOT]
	at org.apache.ratis.grpc.client.GrpcClientProtocolService$RequestStreamObserver.onNext(GrpcClientProtocolService.java:240) [ratis-grpc-0.4.0-2337318-SNAPSHOT.jar:0.4.0-2337318-SNAPSHOT]
	at org.apache.ratis.grpc.client.GrpcClientProtocolService$RequestStreamObserver.onNext(GrpcClientProtocolService.java:168) [ratis-grpc-0.4.0-2337318-SNAPSHOT.jar:0.4.0-2337318-SNAPSHOT]
	at org.apache.ratis.thirdparty.io.grpc.stub.ServerCalls$StreamingServerCallHandler$StreamingServerCallListener.onMessage(ServerCalls.java:248) [ratis-thirdparty-misc-0.2.0.jar:0.2.0]
	at org.apache.ratis.thirdparty.io.grpc.internal.ServerCallImpl$ServerStreamListenerImpl.messagesAvailable(ServerCallImpl.java:263) [ratis-thirdparty-misc-0.2.0.jar:0.2.0]
	at org.apache.ratis.thirdparty.io.grpc.internal.ServerImpl$JumpToApplicationThreadServerStreamListener$1MessagesAvailable.runInContext(ServerImpl.java:686) [ratis-thirdparty-misc-0.2.0.jar:0.2.0]
	at org.apache.ratis.thirdparty.io.grpc.internal.ContextRunnable.run(ContextRunnable.java:37) [ratis-thirdparty-misc-0.2.0.jar:0.2.0]
	at org.apache.ratis.thirdparty.io.grpc.internal.SerializingExecutor.run(SerializingExecutor.java:123) [ratis-thirdparty-misc-0.2.0.jar:0.2.0]
	at java.util.concurrent.ThreadPoolExecutor.runWorker(ThreadPoolExecutor.java:1149) [?:1.8.0_212]
	at java.util.concurrent.ThreadPoolExecutor$Worker.run(ThreadPoolExecutor.java:624) [?:1.8.0_212]
	at java.lang.Thread.run(Thread.java:748) [?:1.8.0_212]
2019-07-13 19:11:16,744 INFO  client.GrpcClientProtocolClient (GrpcClientProtocolClient.java:onNext(255)) - client-9371CDD4E620->2e4d2605-fa3b-4364-8a8a-d4dc65addb57: receive RaftClientReply:client-9371CDD4E620->2e4d2605-fa3b-4364-8a8a-d4dc65addb57@group-ED2F29473B6F, cid=150, FAILED org.apache.ratis.protocol.StateMachineException: org.apache.hadoop.hdds.scm.container.common.helpers.ContainerNotOpenException from Server 2e4d2605-fa3b-4364-8a8a-d4dc65addb57: Container 3 in CLOSED state, logIndex=0, commits[2e4d2605-fa3b-4364-8a8a-d4dc65addb57:c22, 4728f292-fc3e-4d51-85e9-6b690bae49b2:c22, 6649e80d-1b3a-4d30-b1f3-c663d3b8bd53:c21]
2019-07-13 19:11:16,747 INFO  client.GrpcClientProtocolClient (GrpcClientProtocolClient.java:onNext(255)) - client-9371CDD4E620->2e4d2605-fa3b-4364-8a8a-d4dc65addb57: receive RaftClientReply:client-9371CDD4E620->2e4d2605-fa3b-4364-8a8a-d4dc65addb57@group-ED2F29473B6F, cid=151, FAILED org.apache.ratis.protocol.StateMachineException: org.apache.hadoop.hdds.scm.container.common.helpers.ContainerNotOpenException from Server 2e4d2605-fa3b-4364-8a8a-d4dc65addb57: Container 3 in CLOSED state, logIndex=0, commits[2e4d2605-fa3b-4364-8a8a-d4dc65addb57:c22, 4728f292-fc3e-4d51-85e9-6b690bae49b2:c22, 6649e80d-1b3a-4d30-b1f3-c663d3b8bd53:c21]
2019-07-13 19:11:16,866 WARN  block.BlockManagerImpl (BlockManagerImpl.java:allocateBlock(192)) - Pipeline creation failed for type:RATIS factor:THREE. Retrying get pipelines call once.
org.apache.hadoop.hdds.scm.pipeline.InsufficientDatanodesException: Cannot create pipeline of factor 3 using 1 nodes.
	at org.apache.hadoop.hdds.scm.pipeline.RatisPipelineProvider.create(RatisPipelineProvider.java:151)
	at org.apache.hadoop.hdds.scm.pipeline.PipelineFactory.create(PipelineFactory.java:57)
	at org.apache.hadoop.hdds.scm.pipeline.SCMPipelineManager.createPipeline(SCMPipelineManager.java:149)
	at org.apache.hadoop.hdds.scm.block.BlockManagerImpl.allocateBlock(BlockManagerImpl.java:190)
	at org.apache.hadoop.hdds.scm.server.SCMBlockProtocolServer.allocateBlock(SCMBlockProtocolServer.java:175)
	at org.apache.hadoop.ozone.protocolPB.ScmBlockLocationProtocolServerSideTranslatorPB.allocateScmBlock(ScmBlockLocationProtocolServerSideTranslatorPB.java:153)
	at org.apache.hadoop.ozone.protocolPB.ScmBlockLocationProtocolServerSideTranslatorPB.send(ScmBlockLocationProtocolServerSideTranslatorPB.java:112)
	at org.apache.hadoop.hdds.protocol.proto.ScmBlockLocationProtocolProtos$ScmBlockLocationProtocolService$2.callBlockingMethod(ScmBlockLocationProtocolProtos.java:13157)
	at org.apache.hadoop.ipc.ProtobufRpcEngine$Server$ProtoBufRpcInvoker.call(ProtobufRpcEngine.java:524)
	at org.apache.hadoop.ipc.RPC$Server.call(RPC.java:1025)
	at org.apache.hadoop.ipc.Server$RpcCall.run(Server.java:876)
	at org.apache.hadoop.ipc.Server$RpcCall.run(Server.java:822)
	at java.security.AccessController.doPrivileged(Native Method)
	at javax.security.auth.Subject.doAs(Subject.java:422)
	at org.apache.hadoop.security.UserGroupInformation.doAs(UserGroupInformation.java:1730)
	at org.apache.hadoop.ipc.Server$Handler.run(Server.java:2682)
2019-07-13 19:11:16,890 INFO  block.BlockManagerImpl (BlockManagerImpl.java:allocateBlock(198)) - Could not find available pipeline of type:RATIS and factor:THREE even after retrying
2019-07-13 19:11:16,897 ERROR block.BlockManagerImpl (BlockManagerImpl.java:allocateBlock(222)) - Unable to allocate a block for the size: 4194304, type: RATIS, factor: THREE
19:11:16.898 [IPC Server handler 8 on 46249] ERROR OMAudit - user=jenkins1000 | ip=127.0.0.1 | op=ALLOCATE_BLOCK {volume=datanodefailurehandlingtest, bucket=datanodefailurehandlingtest, key=ratis3, dataSize=0, replicationType=null, replicationFactor=null, keyLocationInfo=null, clientID=102435721101770774} | ret=FAILURE
org.apache.hadoop.hdds.scm.exceptions.SCMException: Allocated 0 blocks. Requested 1 blocks
	at org.apache.hadoop.hdds.scm.protocolPB.ScmBlockLocationProtocolClientSideTranslatorPB.handleError(ScmBlockLocationProtocolClientSideTranslatorPB.java:118) ~[hadoop-hdds-common-0.5.0-SNAPSHOT.jar:?]
	at org.apache.hadoop.hdds.scm.protocolPB.ScmBlockLocationProtocolClientSideTranslatorPB.allocateBlock(ScmBlockLocationProtocolClientSideTranslatorPB.java:156) ~[hadoop-hdds-common-0.5.0-SNAPSHOT.jar:?]
	at sun.reflect.NativeMethodAccessorImpl.invoke0(Native Method) ~[?:1.8.0_212]
	at sun.reflect.NativeMethodAccessorImpl.invoke(NativeMethodAccessorImpl.java:62) ~[?:1.8.0_212]
	at sun.reflect.DelegatingMethodAccessorImpl.invoke(DelegatingMethodAccessorImpl.java:43) ~[?:1.8.0_212]
	at java.lang.reflect.Method.invoke(Method.java:498) ~[?:1.8.0_212]
	at org.apache.hadoop.hdds.tracing.TraceAllMethod.invoke(TraceAllMethod.java:66) ~[hadoop-hdds-common-0.5.0-SNAPSHOT.jar:?]
	at com.sun.proxy.$Proxy25.allocateBlock(Unknown Source) ~[?:?]
	at org.apache.hadoop.ozone.om.KeyManagerImpl.allocateBlock(KeyManagerImpl.java:355) ~[hadoop-ozone-ozone-manager-0.5.0-SNAPSHOT.jar:?]
	at org.apache.hadoop.ozone.om.KeyManagerImpl.allocateBlock(KeyManagerImpl.java:323) ~[hadoop-ozone-ozone-manager-0.5.0-SNAPSHOT.jar:?]
	at org.apache.hadoop.ozone.om.OzoneManager.allocateBlock(OzoneManager.java:2349) [hadoop-ozone-ozone-manager-0.5.0-SNAPSHOT.jar:?]
	at org.apache.hadoop.ozone.protocolPB.OzoneManagerRequestHandler.allocateBlock(OzoneManagerRequestHandler.java:754) [hadoop-ozone-ozone-manager-0.5.0-SNAPSHOT.jar:?]
	at org.apache.hadoop.ozone.protocolPB.OzoneManagerRequestHandler.handle(OzoneManagerRequestHandler.java:249) [hadoop-ozone-ozone-manager-0.5.0-SNAPSHOT.jar:?]
	at org.apache.hadoop.ozone.protocolPB.OzoneManagerProtocolServerSideTranslatorPB.submitRequestDirectlyToOM(OzoneManagerProtocolServerSideTranslatorPB.java:192) [hadoop-ozone-ozone-manager-0.5.0-SNAPSHOT.jar:?]
	at org.apache.hadoop.ozone.protocolPB.OzoneManagerProtocolServerSideTranslatorPB.submitRequest(OzoneManagerProtocolServerSideTranslatorPB.java:110) [hadoop-ozone-ozone-manager-0.5.0-SNAPSHOT.jar:?]
	at org.apache.hadoop.ozone.protocol.proto.OzoneManagerProtocolProtos$OzoneManagerService$2.callBlockingMethod(OzoneManagerProtocolProtos.java) [hadoop-ozone-common-0.5.0-SNAPSHOT.jar:?]
	at org.apache.hadoop.ipc.ProtobufRpcEngine$Server$ProtoBufRpcInvoker.call(ProtobufRpcEngine.java:524) [hadoop-common-3.2.0.jar:?]
	at org.apache.hadoop.ipc.RPC$Server.call(RPC.java:1025) [hadoop-common-3.2.0.jar:?]
	at org.apache.hadoop.ipc.Server$RpcCall.run(Server.java:876) [hadoop-common-3.2.0.jar:?]
	at org.apache.hadoop.ipc.Server$RpcCall.run(Server.java:822) [hadoop-common-3.2.0.jar:?]
	at java.security.AccessController.doPrivileged(Native Method) [?:1.8.0_212]
	at javax.security.auth.Subject.doAs(Subject.java:422) [?:1.8.0_212]
	at org.apache.hadoop.security.UserGroupInformation.doAs(UserGroupInformation.java:1730) [hadoop-common-3.2.0.jar:?]
	at org.apache.hadoop.ipc.Server$Handler.run(Server.java:2682) [hadoop-common-3.2.0.jar:?]
2019-07-13 19:11:16,900 ERROR io.BlockOutputStreamEntryPool (BlockOutputStreamEntryPool.java:allocateBlockIfNeeded(299)) - Try to allocate more blocks for write failed, already allocated 0 blocks for this write.
INTERNAL_ERROR org.apache.hadoop.ozone.om.exceptions.OMException: Allocated 0 blocks. Requested 1 blocks
	at org.apache.hadoop.ozone.om.protocolPB.OzoneManagerProtocolClientSideTranslatorPB.handleError(OzoneManagerProtocolClientSideTranslatorPB.java:720)
	at org.apache.hadoop.ozone.om.protocolPB.OzoneManagerProtocolClientSideTranslatorPB.allocateBlock(OzoneManagerProtocolClientSideTranslatorPB.java:752)
	at org.apache.hadoop.ozone.client.io.BlockOutputStreamEntryPool.allocateNewBlock(BlockOutputStreamEntryPool.java:248)
	at org.apache.hadoop.ozone.client.io.BlockOutputStreamEntryPool.allocateBlockIfNeeded(BlockOutputStreamEntryPool.java:296)
	at org.apache.hadoop.ozone.client.io.KeyOutputStream.handleWrite(KeyOutputStream.java:201)
	at org.apache.hadoop.ozone.client.io.KeyOutputStream.handleRetry(KeyOutputStream.java:376)
	at org.apache.hadoop.ozone.client.io.KeyOutputStream.handleException(KeyOutputStream.java:325)
	at org.apache.hadoop.ozone.client.io.KeyOutputStream.handleWrite(KeyOutputStream.java:231)
	at org.apache.hadoop.ozone.client.io.KeyOutputStream.write(KeyOutputStream.java:193)
	at org.apache.hadoop.ozone.client.io.OzoneOutputStream.write(OzoneOutputStream.java:49)
	at java.io.OutputStream.write(OutputStream.java:75)
	at org.apache.hadoop.ozone.client.rpc.TestFailureHandlingByClient.testMultiBlockWritesWithDnFailures(TestFailureHandlingByClient.java:189)
	at sun.reflect.NativeMethodAccessorImpl.invoke0(Native Method)
	at sun.reflect.NativeMethodAccessorImpl.invoke(NativeMethodAccessorImpl.java:62)
	at sun.reflect.DelegatingMethodAccessorImpl.invoke(DelegatingMethodAccessorImpl.java:43)
	at java.lang.reflect.Method.invoke(Method.java:498)
	at org.junit.runners.model.FrameworkMethod$1.runReflectiveCall(FrameworkMethod.java:47)
	at org.junit.internal.runners.model.ReflectiveCallable.run(ReflectiveCallable.java:12)
	at org.junit.runners.model.FrameworkMethod.invokeExplosively(FrameworkMethod.java:44)
	at org.junit.internal.runners.statements.InvokeMethod.evaluate(InvokeMethod.java:17)
	at org.junit.runners.ParentRunner.runLeaf(ParentRunner.java:271)
	at org.junit.runners.BlockJUnit4ClassRunner.runChild(BlockJUnit4ClassRunner.java:70)
	at org.junit.runners.BlockJUnit4ClassRunner.runChild(BlockJUnit4ClassRunner.java:50)
	at org.junit.runners.ParentRunner$3.run(ParentRunner.java:238)
	at org.junit.runners.ParentRunner$1.schedule(ParentRunner.java:63)
	at org.junit.runners.ParentRunner.runChildren(ParentRunner.java:236)
	at org.junit.runners.ParentRunner.access$000(ParentRunner.java:53)
	at org.junit.runners.ParentRunner$2.evaluate(ParentRunner.java:229)
	at org.junit.runners.ParentRunner.run(ParentRunner.java:309)
	at org.apache.maven.surefire.junit4.JUnit4Provider.execute(JUnit4Provider.java:365)
	at org.apache.maven.surefire.junit4.JUnit4Provider.executeWithRerun(JUnit4Provider.java:273)
	at org.apache.maven.surefire.junit4.JUnit4Provider.executeTestSet(JUnit4Provider.java:238)
	at org.apache.maven.surefire.junit4.JUnit4Provider.invoke(JUnit4Provider.java:159)
	at org.apache.maven.surefire.booter.ForkedBooter.invokeProviderInSameClassLoader(ForkedBooter.java:384)
	at org.apache.maven.surefire.booter.ForkedBooter.runSuitesInProcess(ForkedBooter.java:345)
	at org.apache.maven.surefire.booter.ForkedBooter.execute(ForkedBooter.java:126)
	at org.apache.maven.surefire.booter.ForkedBooter.main(ForkedBooter.java:418)
]]></system-out>
    <system-err><![CDATA[Jul 13, 2019 7:10:55 PM com.sun.jersey.server.impl.application.WebApplicationImpl _initiate
INFO: Initiating Jersey application, version 'Jersey: 1.19 02/11/2015 03:25 AM'
Jul 13, 2019 7:10:55 PM com.sun.jersey.server.impl.application.WebApplicationImpl _initiate
INFO: Initiating Jersey application, version 'Jersey: 1.19 02/11/2015 03:25 AM'
Jul 13, 2019 7:10:55 PM com.sun.jersey.server.impl.application.WebApplicationImpl _initiate
INFO: Initiating Jersey application, version 'Jersey: 1.19 02/11/2015 03:25 AM'
Jul 13, 2019 7:10:56 PM com.sun.jersey.server.impl.application.WebApplicationImpl _initiate
INFO: Initiating Jersey application, version 'Jersey: 1.19 02/11/2015 03:25 AM'
Jul 13, 2019 7:10:56 PM com.sun.jersey.server.impl.application.WebApplicationImpl _initiate
INFO: Initiating Jersey application, version 'Jersey: 1.19 02/11/2015 03:25 AM'
Jul 13, 2019 7:10:56 PM com.sun.jersey.server.impl.application.WebApplicationImpl _initiate
INFO: Initiating Jersey application, version 'Jersey: 1.19 02/11/2015 03:25 AM'
]]></system-err>
  </testcase>
</testsuite>