<?xml version="1.0" encoding="UTF-8"?>
<testsuite xmlns:xsi="http://www.w3.org/2001/XMLSchema-instance" xsi:noNamespaceSchemaLocation="https://maven.apache.org/surefire/maven-surefire-plugin/xsd/surefire-test-report.xsd" name="org.apache.hadoop.ozone.client.rpc.TestOzoneClientRetriesOnException" time="74.809" tests="2" errors="1" skipped="0" failures="0">
  <properties>
    <property name="awt.toolkit" value="sun.awt.X11.XToolkit"/>
    <property name="file.encoding.pkg" value="sun.io"/>
    <property name="java.specification.version" value="1.8"/>
    <property name="sun.cpu.isalist" value=""/>
    <property name="sun.jnu.encoding" value="UTF-8"/>
    <property name="java.class.path" value="/tmp/workdir/hadoop-ozone/integration-test/target/test-classes:/tmp/workdir/hadoop-ozone/integration-test/target/classes:/home/user/.m2/repository/org/apache/hadoop/hadoop-ozone-common/0.5.0-SNAPSHOT/hadoop-ozone-common-0.5.0-SNAPSHOT.jar:/home/user/.m2/repository/org/apache/commons/commons-compress/1.4.1/commons-compress-1.4.1.jar:/home/user/.m2/repository/org/tukaani/xz/1.0/xz-1.0.jar:/home/user/.m2/repository/org/apache/hadoop/hadoop-common/3.2.0/hadoop-common-3.2.0.jar:/home/user/.m2/repository/org/apache/hadoop/hadoop-hdfs/3.2.0/hadoop-hdfs-3.2.0.jar:/home/user/.m2/repository/org/apache/hadoop/hadoop-hdfs-client/3.2.0/hadoop-hdfs-client-3.2.0.jar:/home/user/.m2/repository/com/fasterxml/jackson/core/jackson-annotations/2.9.5/jackson-annotations-2.9.5.jar:/home/user/.m2/repository/org/apache/hadoop/hadoop-hdds-common/0.5.0-SNAPSHOT/hadoop-hdds-common-0.5.0-SNAPSHOT.jar:/home/user/.m2/repository/javax/annotation/javax.annotation-api/1.2/javax.annotation-api-1.2.jar:/home/user/.m2/repository/org/apache/ratis/ratis-server/0.4.0-2337318-SNAPSHOT/ratis-server-0.4.0-2337318-SNAPSHOT.jar:/home/user/.m2/repository/org/apache/ratis/ratis-thirdparty-misc/0.2.0/ratis-thirdparty-misc-0.2.0.jar:/home/user/.m2/repository/org/apache/ratis/ratis-proto/0.4.0-2337318-SNAPSHOT/ratis-proto-0.4.0-2337318-SNAPSHOT.jar:/home/user/.m2/repository/org/apache/ratis/ratis-common/0.4.0-2337318-SNAPSHOT/ratis-common-0.4.0-2337318-SNAPSHOT.jar:/home/user/.m2/repository/org/apache/ratis/ratis-client/0.4.0-2337318-SNAPSHOT/ratis-client-0.4.0-2337318-SNAPSHOT.jar:/home/user/.m2/repository/org/apache/ratis/ratis-metrics/0.4.0-2337318-SNAPSHOT/ratis-metrics-0.4.0-2337318-SNAPSHOT.jar:/home/user/.m2/repository/org/apache/ratis/ratis-netty/0.4.0-2337318-SNAPSHOT/ratis-netty-0.4.0-2337318-SNAPSHOT.jar:/home/user/.m2/repository/org/apache/ratis/ratis-grpc/0.4.0-2337318-SNAPSHOT/ratis-grpc-0.4.0-2337318-SNAPSHOT.jar:/home/user/.m2/repository/org/rocksdb/rocksdbjni/6.0.1/rocksdbjni-6.0.1.jar:/home/user/.m2/repository/org/apache/logging/log4j/log4j-api/2.11.0/log4j-api-2.11.0.jar:/home/user/.m2/repository/org/apache/logging/log4j/log4j-core/2.11.0/log4j-core-2.11.0.jar:/home/user/.m2/repository/com/lmax/disruptor/3.4.2/disruptor-3.4.2.jar:/home/user/.m2/repository/org/apache/commons/commons-pool2/2.6.0/commons-pool2-2.6.0.jar:/home/user/.m2/repository/org/bouncycastle/bcpkix-jdk15on/1.60/bcpkix-jdk15on-1.60.jar:/home/user/.m2/repository/commons-validator/commons-validator/1.6/commons-validator-1.6.jar:/home/user/.m2/repository/commons-digester/commons-digester/1.8.1/commons-digester-1.8.1.jar:/home/user/.m2/repository/io/jaegertracing/jaeger-client/0.33.1/jaeger-client-0.33.1.jar:/home/user/.m2/repository/io/jaegertracing/jaeger-thrift/0.33.1/jaeger-thrift-0.33.1.jar:/home/user/.m2/repository/org/apache/thrift/libthrift/0.11.0/libthrift-0.11.0.jar:/home/user/.m2/repository/com/squareup/okhttp3/okhttp/3.9.0/okhttp-3.9.0.jar:/home/user/.m2/repository/com/squareup/okio/okio/1.13.0/okio-1.13.0.jar:/home/user/.m2/repository/io/jaegertracing/jaeger-core/0.33.1/jaeger-core-0.33.1.jar:/home/user/.m2/repository/io/jaegertracing/jaeger-tracerresolver/0.33.1/jaeger-tracerresolver-0.33.1.jar:/home/user/.m2/repository/io/opentracing/contrib/opentracing-tracerresolver/0.1.5/opentracing-tracerresolver-0.1.5.jar:/home/user/.m2/repository/io/opentracing/opentracing-util/0.31.0/opentracing-util-0.31.0.jar:/home/user/.m2/repository/io/opentracing/opentracing-api/0.31.0/opentracing-api-0.31.0.jar:/home/user/.m2/repository/io/opentracing/opentracing-noop/0.31.0/opentracing-noop-0.31.0.jar:/home/user/.m2/repository/org/apache/hadoop/hadoop-hdds-server-framework/0.5.0-SNAPSHOT/hadoop-hdds-server-framework-0.5.0-SNAPSHOT.jar:/home/user/.m2/repository/org/apache/hadoop/hadoop-hdds-container-service/0.5.0-SNAPSHOT/hadoop-hdds-container-service-0.5.0-SNAPSHOT.jar:/home/user/.m2/repository/org/apache/hadoop/hadoop-hdds-client/0.5.0-SNAPSHOT/hadoop-hdds-client-0.5.0-SNAPSHOT.jar:/home/user/.m2/repository/org/apache/hadoop/hadoop-hdds-tools/0.5.0-SNAPSHOT/hadoop-hdds-tools-0.5.0-SNAPSHOT.jar:/home/user/.m2/repository/org/apache/hadoop/hadoop-hdds-server-scm/0.5.0-SNAPSHOT/hadoop-hdds-server-scm-0.5.0-SNAPSHOT.jar:/home/user/.m2/repository/org/apache/hadoop/hadoop-hdds-docs/0.5.0-SNAPSHOT/hadoop-hdds-docs-0.5.0-SNAPSHOT.jar:/home/user/.m2/repository/io/dropwizard/metrics/metrics-core/3.2.4/metrics-core-3.2.4.jar:/home/user/.m2/repository/org/hamcrest/hamcrest-all/1.3/hamcrest-all-1.3.jar:/home/user/.m2/repository/org/bouncycastle/bcprov-jdk15on/1.60/bcprov-jdk15on-1.60.jar:/home/user/.m2/repository/info/picocli/picocli/3.9.6/picocli-3.9.6.jar:/home/user/.m2/repository/com/google/protobuf/protobuf-java/2.5.0/protobuf-java-2.5.0.jar:/home/user/.m2/repository/com/google/guava/guava/11.0.2/guava-11.0.2.jar:/home/user/.m2/repository/org/apache/hadoop/hadoop-ozone-ozone-manager/0.5.0-SNAPSHOT/hadoop-ozone-ozone-manager-0.5.0-SNAPSHOT.jar:/home/user/.m2/repository/org/apache/hadoop/hadoop-minikdc/3.2.0/hadoop-minikdc-3.2.0.jar:/home/user/.m2/repository/commons-io/commons-io/2.5/commons-io-2.5.jar:/home/user/.m2/repository/org/apache/kerby/kerb-simplekdc/1.0.1/kerb-simplekdc-1.0.1.jar:/home/user/.m2/repository/org/apache/kerby/kerb-client/1.0.1/kerb-client-1.0.1.jar:/home/user/.m2/repository/org/apache/kerby/kerby-config/1.0.1/kerby-config-1.0.1.jar:/home/user/.m2/repository/org/apache/kerby/kerb-core/1.0.1/kerb-core-1.0.1.jar:/home/user/.m2/repository/org/apache/kerby/kerby-pkix/1.0.1/kerby-pkix-1.0.1.jar:/home/user/.m2/repository/org/apache/kerby/kerby-asn1/1.0.1/kerby-asn1-1.0.1.jar:/home/user/.m2/repository/org/apache/kerby/kerby-util/1.0.1/kerby-util-1.0.1.jar:/home/user/.m2/repository/org/apache/kerby/kerb-common/1.0.1/kerb-common-1.0.1.jar:/home/user/.m2/repository/org/apache/kerby/kerb-crypto/1.0.1/kerb-crypto-1.0.1.jar:/home/user/.m2/repository/org/apache/kerby/kerb-util/1.0.1/kerb-util-1.0.1.jar:/home/user/.m2/repository/org/apache/kerby/token-provider/1.0.1/token-provider-1.0.1.jar:/home/user/.m2/repository/org/apache/kerby/kerb-admin/1.0.1/kerb-admin-1.0.1.jar:/home/user/.m2/repository/org/apache/kerby/kerb-server/1.0.1/kerb-server-1.0.1.jar:/home/user/.m2/repository/org/apache/kerby/kerb-identity/1.0.1/kerb-identity-1.0.1.jar:/home/user/.m2/repository/org/apache/kerby/kerby-xdr/1.0.1/kerby-xdr-1.0.1.jar:/home/user/.m2/repository/org/slf4j/slf4j-log4j12/1.7.25/slf4j-log4j12-1.7.25.jar:/home/user/.m2/repository/org/apache/hadoop/hadoop-ozone-objectstore-service/0.5.0-SNAPSHOT/hadoop-ozone-objectstore-service-0.5.0-SNAPSHOT.jar:/home/user/.m2/repository/org/apache/hadoop/hadoop-ozone-s3gateway/0.5.0-SNAPSHOT/hadoop-ozone-s3gateway-0.5.0-SNAPSHOT.jar:/home/user/.m2/repository/org/jboss/weld/servlet/weld-servlet/2.4.7.Final/weld-servlet-2.4.7.Final.jar:/home/user/.m2/repository/org/glassfish/jersey/containers/jersey-container-servlet-core/2.27/jersey-container-servlet-core-2.27.jar:/home/user/.m2/repository/org/glassfish/hk2/external/javax.inject/2.5.0-b42/javax.inject-2.5.0-b42.jar:/home/user/.m2/repository/org/glassfish/jersey/core/jersey-common/2.27/jersey-common-2.27.jar:/home/user/.m2/repository/org/glassfish/hk2/osgi-resource-locator/1.0.1/osgi-resource-locator-1.0.1.jar:/home/user/.m2/repository/javax/ws/rs/javax.ws.rs-api/2.1/javax.ws.rs-api-2.1.jar:/home/user/.m2/repository/org/glassfish/jersey/ext/cdi/jersey-cdi1x/2.27/jersey-cdi1x-2.27.jar:/home/user/.m2/repository/org/glassfish/jersey/inject/jersey-hk2/2.27/jersey-hk2-2.27.jar:/home/user/.m2/repository/org/glassfish/hk2/hk2-locator/2.5.0-b42/hk2-locator-2.5.0-b42.jar:/home/user/.m2/repository/org/javassist/javassist/3.22.0-CR2/javassist-3.22.0-CR2.jar:/home/user/.m2/repository/org/glassfish/hk2/hk2-api/2.5.0/hk2-api-2.5.0.jar:/home/user/.m2/repository/org/glassfish/hk2/external/jakarta.inject/2.5.0/jakarta.inject-2.5.0.jar:/home/user/.m2/repository/org/glassfish/hk2/hk2-utils/2.5.0/hk2-utils-2.5.0.jar:/home/user/.m2/repository/jakarta/annotation/jakarta.annotation-api/1.3.4/jakarta.annotation-api-1.3.4.jar:/home/user/.m2/repository/org/glassfish/hk2/external/aopalliance-repackaged/2.5.0/aopalliance-repackaged-2.5.0.jar:/home/user/.m2/repository/com/fasterxml/jackson/dataformat/jackson-dataformat-xml/2.9.0/jackson-dataformat-xml-2.9.0.jar:/home/user/.m2/repository/com/fasterxml/jackson/core/jackson-core/2.9.5/jackson-core-2.9.5.jar:/home/user/.m2/repository/com/fasterxml/jackson/module/jackson-module-jaxb-annotations/2.9.5/jackson-module-jaxb-annotations-2.9.5.jar:/home/user/.m2/repository/javax/enterprise/cdi-api/1.2/cdi-api-1.2.jar:/home/user/.m2/repository/javax/el/javax.el-api/3.0.0/javax.el-api-3.0.0.jar:/home/user/.m2/repository/javax/interceptor/javax.interceptor-api/1.2/javax.interceptor-api-1.2.jar:/home/user/.m2/repository/javax/inject/javax.inject/1/javax.inject-1.jar:/home/user/.m2/repository/com/sun/xml/bind/jaxb-impl/2.3.0.1/jaxb-impl-2.3.0.1.jar:/home/user/.m2/repository/com/sun/xml/bind/jaxb-core/2.3.0.1/jaxb-core-2.3.0.1.jar:/home/user/.m2/repository/javax/xml/bind/jaxb-api/2.3.0/jaxb-api-2.3.0.jar:/home/user/.m2/repository/javax/activation/activation/1.1.1/activation-1.1.1.jar:/home/user/.m2/repository/org/apache/hadoop/hadoop-ozone-csi/0.5.0-SNAPSHOT/hadoop-ozone-csi-0.5.0-SNAPSHOT.jar:/home/user/.m2/repository/com/google/protobuf/protobuf-java-util/3.5.1/protobuf-java-util-3.5.1.jar:/home/user/.m2/repository/org/apache/hadoop/hadoop-hdds-config/0.5.0-SNAPSHOT/hadoop-hdds-config-0.5.0-SNAPSHOT.jar:/home/user/.m2/repository/io/grpc/grpc-netty/1.17.1/grpc-netty-1.17.1.jar:/home/user/.m2/repository/io/grpc/grpc-core/1.17.1/grpc-core-1.17.1.jar:/home/user/.m2/repository/io/grpc/grpc-context/1.17.1/grpc-context-1.17.1.jar:/home/user/.m2/repository/com/google/errorprone/error_prone_annotations/2.2.0/error_prone_annotations-2.2.0.jar:/home/user/.m2/repository/org/codehaus/mojo/animal-sniffer-annotations/1.17/animal-sniffer-annotations-1.17.jar:/home/user/.m2/repository/io/opencensus/opencensus-api/0.17.0/opencensus-api-0.17.0.jar:/home/user/.m2/repository/io/opencensus/opencensus-contrib-grpc-metrics/0.17.0/opencensus-contrib-grpc-metrics-0.17.0.jar:/home/user/.m2/repository/io/netty/netty-codec-http2/4.1.30.Final/netty-codec-http2-4.1.30.Final.jar:/home/user/.m2/repository/io/netty/netty-codec-http/4.1.30.Final/netty-codec-http-4.1.30.Final.jar:/home/user/.m2/repository/io/netty/netty-codec/4.1.30.Final/netty-codec-4.1.30.Final.jar:/home/user/.m2/repository/io/netty/netty-handler/4.1.30.Final/netty-handler-4.1.30.Final.jar:/home/user/.m2/repository/io/netty/netty-handler-proxy/4.1.30.Final/netty-handler-proxy-4.1.30.Final.jar:/home/user/.m2/repository/io/netty/netty-codec-socks/4.1.30.Final/netty-codec-socks-4.1.30.Final.jar:/home/user/.m2/repository/io/netty/netty-transport-native-epoll/4.1.30.Final/netty-transport-native-epoll-4.1.30.Final.jar:/home/user/.m2/repository/io/netty/netty-common/4.1.30.Final/netty-common-4.1.30.Final.jar:/home/user/.m2/repository/io/netty/netty-buffer/4.1.30.Final/netty-buffer-4.1.30.Final.jar:/home/user/.m2/repository/io/netty/netty-transport/4.1.30.Final/netty-transport-4.1.30.Final.jar:/home/user/.m2/repository/io/netty/netty-resolver/4.1.30.Final/netty-resolver-4.1.30.Final.jar:/home/user/.m2/repository/io/netty/netty-transport-native-unix-common/4.1.30.Final/netty-transport-native-unix-common-4.1.30.Final.jar:/home/user/.m2/repository/io/grpc/grpc-protobuf/1.17.1/grpc-protobuf-1.17.1.jar:/home/user/.m2/repository/com/google/api/grpc/proto-google-common-protos/1.0.0/proto-google-common-protos-1.0.0.jar:/home/user/.m2/repository/io/grpc/grpc-protobuf-lite/1.17.1/grpc-protobuf-lite-1.17.1.jar:/home/user/.m2/repository/io/grpc/grpc-stub/1.17.1/grpc-stub-1.17.1.jar:/home/user/.m2/repository/org/apache/hadoop/hadoop-ozone-recon/0.5.0-SNAPSHOT/hadoop-ozone-recon-0.5.0-SNAPSHOT.jar:/home/user/.m2/repository/org/apache/hadoop/hadoop-ozone-reconcodegen/0.5.0-SNAPSHOT/hadoop-ozone-reconcodegen-0.5.0-SNAPSHOT.jar:/home/user/.m2/repository/com/google/inject/extensions/guice-multibindings/4.0/guice-multibindings-4.0.jar:/home/user/.m2/repository/com/google/inject/guice/4.0/guice-4.0.jar:/home/user/.m2/repository/aopalliance/aopalliance/1.0/aopalliance-1.0.jar:/home/user/.m2/repository/com/google/inject/extensions/guice-servlet/4.0/guice-servlet-4.0.jar:/home/user/.m2/repository/org/glassfish/jersey/containers/jersey-container-servlet/2.27/jersey-container-servlet-2.27.jar:/home/user/.m2/repository/org/glassfish/hk2/guice-bridge/2.5.0/guice-bridge-2.5.0.jar:/home/user/.m2/repository/org/glassfish/jersey/core/jersey-server/2.27/jersey-server-2.27.jar:/home/user/.m2/repository/org/glassfish/jersey/core/jersey-client/2.27/jersey-client-2.27.jar:/home/user/.m2/repository/org/glassfish/jersey/media/jersey-media-jaxb/2.27/jersey-media-jaxb-2.27.jar:/home/user/.m2/repository/javax/validation/validation-api/1.1.0.Final/validation-api-1.1.0.Final.jar:/home/user/.m2/repository/org/glassfish/jersey/media/jersey-media-json-jackson/2.27/jersey-media-json-jackson-2.27.jar:/home/user/.m2/repository/org/glassfish/jersey/ext/jersey-entity-filtering/2.27/jersey-entity-filtering-2.27.jar:/home/user/.m2/repository/com/google/inject/extensions/guice-assistedinject/4.0/guice-assistedinject-4.0.jar:/home/user/.m2/repository/org/jooq/jooq/3.11.10/jooq-3.11.10.jar:/home/user/.m2/repository/org/jooq/jooq-meta/3.11.10/jooq-meta-3.11.10.jar:/home/user/.m2/repository/org/jooq/jooq-codegen/3.11.10/jooq-codegen-3.11.10.jar:/home/user/.m2/repository/com/jolbox/bonecp/0.8.0.RELEASE/bonecp-0.8.0.RELEASE.jar:/home/user/.m2/repository/org/xerial/sqlite-jdbc/3.25.2/sqlite-jdbc-3.25.2.jar:/home/user/.m2/repository/org/springframework/spring-jdbc/5.1.3.RELEASE/spring-jdbc-5.1.3.RELEASE.jar:/home/user/.m2/repository/org/springframework/spring-beans/5.1.3.RELEASE/spring-beans-5.1.3.RELEASE.jar:/home/user/.m2/repository/org/springframework/spring-core/5.1.3.RELEASE/spring-core-5.1.3.RELEASE.jar:/home/user/.m2/repository/org/springframework/spring-jcl/5.1.3.RELEASE/spring-jcl-5.1.3.RELEASE.jar:/home/user/.m2/repository/org/springframework/spring-tx/5.1.3.RELEASE/spring-tx-5.1.3.RELEASE.jar:/home/user/.m2/repository/org/apache/hadoop/hadoop-ozone-client/0.5.0-SNAPSHOT/hadoop-ozone-client-0.5.0-SNAPSHOT.jar:/home/user/.m2/repository/commons-lang/commons-lang/2.6/commons-lang-2.6.jar:/home/user/.m2/repository/org/apache/hadoop/hadoop-ozone-ozone-manager/0.5.0-SNAPSHOT/hadoop-ozone-ozone-manager-0.5.0-SNAPSHOT-tests.jar:/home/user/.m2/repository/junit/junit/4.11/junit-4.11.jar:/home/user/.m2/repository/org/hamcrest/hamcrest-core/1.3/hamcrest-core-1.3.jar:/home/user/.m2/repository/org/openjdk/jmh/jmh-core/1.19/jmh-core-1.19.jar:/home/user/.m2/repository/net/sf/jopt-simple/jopt-simple/4.6/jopt-simple-4.6.jar:/home/user/.m2/repository/org/apache/commons/commons-math3/3.1.1/commons-math3-3.1.1.jar:/home/user/.m2/repository/org/openjdk/jmh/jmh-generator-annprocess/1.19/jmh-generator-annprocess-1.19.jar:/home/user/.m2/repository/org/mockito/mockito-all/1.8.5/mockito-all-1.8.5.jar:/home/user/.m2/repository/org/apache/hadoop/hadoop-kms/3.2.0/hadoop-kms-3.2.0.jar:/home/user/.m2/repository/org/apache/hadoop/hadoop-auth/3.2.0/hadoop-auth-3.2.0.jar:/home/user/.m2/repository/com/nimbusds/nimbus-jose-jwt/4.41.1/nimbus-jose-jwt-4.41.1.jar:/home/user/.m2/repository/com/github/stephenc/jcip/jcip-annotations/1.0-1/jcip-annotations-1.0-1.jar:/home/user/.m2/repository/net/minidev/json-smart/2.3/json-smart-2.3.jar:/home/user/.m2/repository/net/minidev/accessors-smart/1.2/accessors-smart-1.2.jar:/home/user/.m2/repository/org/ow2/asm/asm/5.0.4/asm-5.0.4.jar:/home/user/.m2/repository/org/apache/curator/curator-framework/2.12.0/curator-framework-2.12.0.jar:/home/user/.m2/repository/com/sun/jersey/jersey-core/1.19/jersey-core-1.19.jar:/home/user/.m2/repository/javax/ws/rs/jsr311-api/1.1.1/jsr311-api-1.1.1.jar:/home/user/.m2/repository/com/sun/jersey/jersey-server/1.19/jersey-server-1.19.jar:/home/user/.m2/repository/javax/servlet/javax.servlet-api/3.1.0/javax.servlet-api-3.1.0.jar:/home/user/.m2/repository/org/eclipse/jetty/jetty-server/9.3.24.v20180605/jetty-server-9.3.24.v20180605.jar:/home/user/.m2/repository/org/eclipse/jetty/jetty-http/9.3.24.v20180605/jetty-http-9.3.24.v20180605.jar:/home/user/.m2/repository/org/eclipse/jetty/jetty-io/9.3.24.v20180605/jetty-io-9.3.24.v20180605.jar:/home/user/.m2/repository/org/eclipse/jetty/jetty-webapp/9.3.24.v20180605/jetty-webapp-9.3.24.v20180605.jar:/home/user/.m2/repository/org/eclipse/jetty/jetty-xml/9.3.24.v20180605/jetty-xml-9.3.24.v20180605.jar:/home/user/.m2/repository/log4j/log4j/1.2.17/log4j-1.2.17.jar:/home/user/.m2/repository/org/slf4j/slf4j-api/1.7.25/slf4j-api-1.7.25.jar:/home/user/.m2/repository/org/slf4j/jul-to-slf4j/1.7.25/jul-to-slf4j-1.7.25.jar:/home/user/.m2/repository/org/eclipse/jetty/jetty-util/9.3.24.v20180605/jetty-util-9.3.24.v20180605.jar:/home/user/.m2/repository/com/fasterxml/jackson/core/jackson-databind/2.9.5/jackson-databind-2.9.5.jar:/home/user/.m2/repository/org/apache/hadoop/hadoop-kms/3.2.0/hadoop-kms-3.2.0-tests.jar:/home/user/.m2/repository/org/apache/hadoop/hadoop-hdds-server-scm/0.5.0-SNAPSHOT/hadoop-hdds-server-scm-0.5.0-SNAPSHOT-tests.jar:/home/user/.m2/repository/org/apache/hadoop/hadoop-hdds-container-service/0.5.0-SNAPSHOT/hadoop-hdds-container-service-0.5.0-SNAPSHOT-tests.jar:/home/user/.m2/repository/org/yaml/snakeyaml/1.16/snakeyaml-1.16.jar:/home/user/.m2/repository/org/apache/hadoop/hadoop-common/3.2.0/hadoop-common-3.2.0-tests.jar:/home/user/.m2/repository/org/apache/hadoop/hadoop-annotations/3.2.0/hadoop-annotations-3.2.0.jar:/usr/lib/jvm/java-1.8-openjdk/jre/../lib/tools.jar:/home/user/.m2/repository/commons-cli/commons-cli/1.2/commons-cli-1.2.jar:/home/user/.m2/repository/org/apache/httpcomponents/httpclient/4.5.2/httpclient-4.5.2.jar:/home/user/.m2/repository/org/apache/httpcomponents/httpcore/4.4.4/httpcore-4.4.4.jar:/home/user/.m2/repository/commons-codec/commons-codec/1.11/commons-codec-1.11.jar:/home/user/.m2/repository/commons-net/commons-net/3.6/commons-net-3.6.jar:/home/user/.m2/repository/commons-collections/commons-collections/3.2.2/commons-collections-3.2.2.jar:/home/user/.m2/repository/org/eclipse/jetty/jetty-servlet/9.3.24.v20180605/jetty-servlet-9.3.24.v20180605.jar:/home/user/.m2/repository/org/eclipse/jetty/jetty-security/9.3.24.v20180605/jetty-security-9.3.24.v20180605.jar:/home/user/.m2/repository/javax/servlet/jsp/jsp-api/2.1/jsp-api-2.1.jar:/home/user/.m2/repository/com/sun/jersey/jersey-servlet/1.19/jersey-servlet-1.19.jar:/home/user/.m2/repository/com/sun/jersey/jersey-json/1.19/jersey-json-1.19.jar:/home/user/.m2/repository/org/codehaus/jettison/jettison/1.1/jettison-1.1.jar:/home/user/.m2/repository/org/codehaus/jackson/jackson-core-asl/1.9.13/jackson-core-asl-1.9.13.jar:/home/user/.m2/repository/org/codehaus/jackson/jackson-mapper-asl/1.9.13/jackson-mapper-asl-1.9.13.jar:/home/user/.m2/repository/org/codehaus/jackson/jackson-jaxrs/1.9.13/jackson-jaxrs-1.9.13.jar:/home/user/.m2/repository/org/codehaus/jackson/jackson-xc/1.9.13/jackson-xc-1.9.13.jar:/home/user/.m2/repository/commons-logging/commons-logging/1.1.3/commons-logging-1.1.3.jar:/home/user/.m2/repository/commons-beanutils/commons-beanutils/1.9.3/commons-beanutils-1.9.3.jar:/home/user/.m2/repository/org/apache/commons/commons-configuration2/2.1.1/commons-configuration2-2.1.1.jar:/home/user/.m2/repository/org/apache/commons/commons-lang3/3.7/commons-lang3-3.7.jar:/home/user/.m2/repository/org/apache/commons/commons-text/1.4/commons-text-1.4.jar:/home/user/.m2/repository/org/apache/avro/avro/1.7.7/avro-1.7.7.jar:/home/user/.m2/repository/com/thoughtworks/paranamer/paranamer/2.3/paranamer-2.3.jar:/home/user/.m2/repository/org/xerial/snappy/snappy-java/1.0.5/snappy-java-1.0.5.jar:/home/user/.m2/repository/com/google/re2j/re2j/1.1/re2j-1.1.jar:/home/user/.m2/repository/com/google/code/gson/gson/2.2.4/gson-2.2.4.jar:/home/user/.m2/repository/com/jcraft/jsch/0.1.54/jsch-0.1.54.jar:/home/user/.m2/repository/org/apache/curator/curator-client/2.12.0/curator-client-2.12.0.jar:/home/user/.m2/repository/org/apache/curator/curator-recipes/2.12.0/curator-recipes-2.12.0.jar:/home/user/.m2/repository/com/google/code/findbugs/jsr305/3.0.0/jsr305-3.0.0.jar:/home/user/.m2/repository/org/apache/htrace/htrace-core4/4.1.0-incubating/htrace-core4-4.1.0-incubating.jar:/home/user/.m2/repository/org/apache/zookeeper/zookeeper/3.4.13/zookeeper-3.4.13.jar:/home/user/.m2/repository/org/apache/yetus/audience-annotations/0.5.0/audience-annotations-0.5.0.jar:/home/user/.m2/repository/org/codehaus/woodstox/stax2-api/3.1.4/stax2-api-3.1.4.jar:/home/user/.m2/repository/com/fasterxml/woodstox/woodstox-core/5.0.3/woodstox-core-5.0.3.jar:/home/user/.m2/repository/dnsjava/dnsjava/2.1.7/dnsjava-2.1.7.jar:/home/user/.m2/repository/org/apache/hadoop/hadoop-hdfs/3.2.0/hadoop-hdfs-3.2.0-tests.jar:/home/user/.m2/repository/org/eclipse/jetty/jetty-util-ajax/9.3.24.v20180605/jetty-util-ajax-9.3.24.v20180605.jar:/home/user/.m2/repository/commons-daemon/commons-daemon/1.0.13/commons-daemon-1.0.13.jar:/home/user/.m2/repository/io/netty/netty/3.10.5.Final/netty-3.10.5.Final.jar:/home/user/.m2/repository/io/netty/netty-all/4.0.52.Final/netty-all-4.0.52.Final.jar:/home/user/.m2/repository/org/fusesource/leveldbjni/leveldbjni-all/1.8/leveldbjni-all-1.8.jar:"/>
    <property name="java.vm.vendor" value="IcedTea"/>
    <property name="sun.arch.data.model" value="64"/>
    <property name="test.build.dir" value="/tmp/workdir/hadoop-ozone/integration-test/target/test-dir"/>
    <property name="test.cache.data" value=""/>
    <property name="java.vendor.url" value="https://icedtea.classpath.org"/>
    <property name="user.timezone" value=""/>
    <property name="java.vm.specification.version" value="1.8"/>
    <property name="os.name" value="Linux"/>
    <property name="test.build.data" value="/tmp/workdir/hadoop-ozone/integration-test/target/test-dir"/>
    <property name="user.country" value="US"/>
    <property name="sun.java.launcher" value="SUN_STANDARD"/>
    <property name="sun.boot.library.path" value="/usr/lib/jvm/java-1.8-openjdk/jre/lib/amd64"/>
    <property name="sun.java.command" value="/tmp/workdir/hadoop-ozone/integration-test/target/surefire/surefirebooter2792123575479334288.jar /tmp/workdir/hadoop-ozone/integration-test/target/surefire 2019-07-13T18-10-45_123-jvmRun1 surefire8101945417554070474tmp surefire_742960828210415277447tmp"/>
    <property name="surefire.test.class.path" value="/tmp/workdir/hadoop-ozone/integration-test/target/test-classes:/tmp/workdir/hadoop-ozone/integration-test/target/classes:/home/user/.m2/repository/org/apache/hadoop/hadoop-ozone-common/0.5.0-SNAPSHOT/hadoop-ozone-common-0.5.0-SNAPSHOT.jar:/home/user/.m2/repository/org/apache/commons/commons-compress/1.4.1/commons-compress-1.4.1.jar:/home/user/.m2/repository/org/tukaani/xz/1.0/xz-1.0.jar:/home/user/.m2/repository/org/apache/hadoop/hadoop-common/3.2.0/hadoop-common-3.2.0.jar:/home/user/.m2/repository/org/apache/hadoop/hadoop-hdfs/3.2.0/hadoop-hdfs-3.2.0.jar:/home/user/.m2/repository/org/apache/hadoop/hadoop-hdfs-client/3.2.0/hadoop-hdfs-client-3.2.0.jar:/home/user/.m2/repository/com/fasterxml/jackson/core/jackson-annotations/2.9.5/jackson-annotations-2.9.5.jar:/home/user/.m2/repository/org/apache/hadoop/hadoop-hdds-common/0.5.0-SNAPSHOT/hadoop-hdds-common-0.5.0-SNAPSHOT.jar:/home/user/.m2/repository/javax/annotation/javax.annotation-api/1.2/javax.annotation-api-1.2.jar:/home/user/.m2/repository/org/apache/ratis/ratis-server/0.4.0-2337318-SNAPSHOT/ratis-server-0.4.0-2337318-SNAPSHOT.jar:/home/user/.m2/repository/org/apache/ratis/ratis-thirdparty-misc/0.2.0/ratis-thirdparty-misc-0.2.0.jar:/home/user/.m2/repository/org/apache/ratis/ratis-proto/0.4.0-2337318-SNAPSHOT/ratis-proto-0.4.0-2337318-SNAPSHOT.jar:/home/user/.m2/repository/org/apache/ratis/ratis-common/0.4.0-2337318-SNAPSHOT/ratis-common-0.4.0-2337318-SNAPSHOT.jar:/home/user/.m2/repository/org/apache/ratis/ratis-client/0.4.0-2337318-SNAPSHOT/ratis-client-0.4.0-2337318-SNAPSHOT.jar:/home/user/.m2/repository/org/apache/ratis/ratis-metrics/0.4.0-2337318-SNAPSHOT/ratis-metrics-0.4.0-2337318-SNAPSHOT.jar:/home/user/.m2/repository/org/apache/ratis/ratis-netty/0.4.0-2337318-SNAPSHOT/ratis-netty-0.4.0-2337318-SNAPSHOT.jar:/home/user/.m2/repository/org/apache/ratis/ratis-grpc/0.4.0-2337318-SNAPSHOT/ratis-grpc-0.4.0-2337318-SNAPSHOT.jar:/home/user/.m2/repository/org/rocksdb/rocksdbjni/6.0.1/rocksdbjni-6.0.1.jar:/home/user/.m2/repository/org/apache/logging/log4j/log4j-api/2.11.0/log4j-api-2.11.0.jar:/home/user/.m2/repository/org/apache/logging/log4j/log4j-core/2.11.0/log4j-core-2.11.0.jar:/home/user/.m2/repository/com/lmax/disruptor/3.4.2/disruptor-3.4.2.jar:/home/user/.m2/repository/org/apache/commons/commons-pool2/2.6.0/commons-pool2-2.6.0.jar:/home/user/.m2/repository/org/bouncycastle/bcpkix-jdk15on/1.60/bcpkix-jdk15on-1.60.jar:/home/user/.m2/repository/commons-validator/commons-validator/1.6/commons-validator-1.6.jar:/home/user/.m2/repository/commons-digester/commons-digester/1.8.1/commons-digester-1.8.1.jar:/home/user/.m2/repository/io/jaegertracing/jaeger-client/0.33.1/jaeger-client-0.33.1.jar:/home/user/.m2/repository/io/jaegertracing/jaeger-thrift/0.33.1/jaeger-thrift-0.33.1.jar:/home/user/.m2/repository/org/apache/thrift/libthrift/0.11.0/libthrift-0.11.0.jar:/home/user/.m2/repository/com/squareup/okhttp3/okhttp/3.9.0/okhttp-3.9.0.jar:/home/user/.m2/repository/com/squareup/okio/okio/1.13.0/okio-1.13.0.jar:/home/user/.m2/repository/io/jaegertracing/jaeger-core/0.33.1/jaeger-core-0.33.1.jar:/home/user/.m2/repository/io/jaegertracing/jaeger-tracerresolver/0.33.1/jaeger-tracerresolver-0.33.1.jar:/home/user/.m2/repository/io/opentracing/contrib/opentracing-tracerresolver/0.1.5/opentracing-tracerresolver-0.1.5.jar:/home/user/.m2/repository/io/opentracing/opentracing-util/0.31.0/opentracing-util-0.31.0.jar:/home/user/.m2/repository/io/opentracing/opentracing-api/0.31.0/opentracing-api-0.31.0.jar:/home/user/.m2/repository/io/opentracing/opentracing-noop/0.31.0/opentracing-noop-0.31.0.jar:/home/user/.m2/repository/org/apache/hadoop/hadoop-hdds-server-framework/0.5.0-SNAPSHOT/hadoop-hdds-server-framework-0.5.0-SNAPSHOT.jar:/home/user/.m2/repository/org/apache/hadoop/hadoop-hdds-container-service/0.5.0-SNAPSHOT/hadoop-hdds-container-service-0.5.0-SNAPSHOT.jar:/home/user/.m2/repository/org/apache/hadoop/hadoop-hdds-client/0.5.0-SNAPSHOT/hadoop-hdds-client-0.5.0-SNAPSHOT.jar:/home/user/.m2/repository/org/apache/hadoop/hadoop-hdds-tools/0.5.0-SNAPSHOT/hadoop-hdds-tools-0.5.0-SNAPSHOT.jar:/home/user/.m2/repository/org/apache/hadoop/hadoop-hdds-server-scm/0.5.0-SNAPSHOT/hadoop-hdds-server-scm-0.5.0-SNAPSHOT.jar:/home/user/.m2/repository/org/apache/hadoop/hadoop-hdds-docs/0.5.0-SNAPSHOT/hadoop-hdds-docs-0.5.0-SNAPSHOT.jar:/home/user/.m2/repository/io/dropwizard/metrics/metrics-core/3.2.4/metrics-core-3.2.4.jar:/home/user/.m2/repository/org/hamcrest/hamcrest-all/1.3/hamcrest-all-1.3.jar:/home/user/.m2/repository/org/bouncycastle/bcprov-jdk15on/1.60/bcprov-jdk15on-1.60.jar:/home/user/.m2/repository/info/picocli/picocli/3.9.6/picocli-3.9.6.jar:/home/user/.m2/repository/com/google/protobuf/protobuf-java/2.5.0/protobuf-java-2.5.0.jar:/home/user/.m2/repository/com/google/guava/guava/11.0.2/guava-11.0.2.jar:/home/user/.m2/repository/org/apache/hadoop/hadoop-ozone-ozone-manager/0.5.0-SNAPSHOT/hadoop-ozone-ozone-manager-0.5.0-SNAPSHOT.jar:/home/user/.m2/repository/org/apache/hadoop/hadoop-minikdc/3.2.0/hadoop-minikdc-3.2.0.jar:/home/user/.m2/repository/commons-io/commons-io/2.5/commons-io-2.5.jar:/home/user/.m2/repository/org/apache/kerby/kerb-simplekdc/1.0.1/kerb-simplekdc-1.0.1.jar:/home/user/.m2/repository/org/apache/kerby/kerb-client/1.0.1/kerb-client-1.0.1.jar:/home/user/.m2/repository/org/apache/kerby/kerby-config/1.0.1/kerby-config-1.0.1.jar:/home/user/.m2/repository/org/apache/kerby/kerb-core/1.0.1/kerb-core-1.0.1.jar:/home/user/.m2/repository/org/apache/kerby/kerby-pkix/1.0.1/kerby-pkix-1.0.1.jar:/home/user/.m2/repository/org/apache/kerby/kerby-asn1/1.0.1/kerby-asn1-1.0.1.jar:/home/user/.m2/repository/org/apache/kerby/kerby-util/1.0.1/kerby-util-1.0.1.jar:/home/user/.m2/repository/org/apache/kerby/kerb-common/1.0.1/kerb-common-1.0.1.jar:/home/user/.m2/repository/org/apache/kerby/kerb-crypto/1.0.1/kerb-crypto-1.0.1.jar:/home/user/.m2/repository/org/apache/kerby/kerb-util/1.0.1/kerb-util-1.0.1.jar:/home/user/.m2/repository/org/apache/kerby/token-provider/1.0.1/token-provider-1.0.1.jar:/home/user/.m2/repository/org/apache/kerby/kerb-admin/1.0.1/kerb-admin-1.0.1.jar:/home/user/.m2/repository/org/apache/kerby/kerb-server/1.0.1/kerb-server-1.0.1.jar:/home/user/.m2/repository/org/apache/kerby/kerb-identity/1.0.1/kerb-identity-1.0.1.jar:/home/user/.m2/repository/org/apache/kerby/kerby-xdr/1.0.1/kerby-xdr-1.0.1.jar:/home/user/.m2/repository/org/slf4j/slf4j-log4j12/1.7.25/slf4j-log4j12-1.7.25.jar:/home/user/.m2/repository/org/apache/hadoop/hadoop-ozone-objectstore-service/0.5.0-SNAPSHOT/hadoop-ozone-objectstore-service-0.5.0-SNAPSHOT.jar:/home/user/.m2/repository/org/apache/hadoop/hadoop-ozone-s3gateway/0.5.0-SNAPSHOT/hadoop-ozone-s3gateway-0.5.0-SNAPSHOT.jar:/home/user/.m2/repository/org/jboss/weld/servlet/weld-servlet/2.4.7.Final/weld-servlet-2.4.7.Final.jar:/home/user/.m2/repository/org/glassfish/jersey/containers/jersey-container-servlet-core/2.27/jersey-container-servlet-core-2.27.jar:/home/user/.m2/repository/org/glassfish/hk2/external/javax.inject/2.5.0-b42/javax.inject-2.5.0-b42.jar:/home/user/.m2/repository/org/glassfish/jersey/core/jersey-common/2.27/jersey-common-2.27.jar:/home/user/.m2/repository/org/glassfish/hk2/osgi-resource-locator/1.0.1/osgi-resource-locator-1.0.1.jar:/home/user/.m2/repository/javax/ws/rs/javax.ws.rs-api/2.1/javax.ws.rs-api-2.1.jar:/home/user/.m2/repository/org/glassfish/jersey/ext/cdi/jersey-cdi1x/2.27/jersey-cdi1x-2.27.jar:/home/user/.m2/repository/org/glassfish/jersey/inject/jersey-hk2/2.27/jersey-hk2-2.27.jar:/home/user/.m2/repository/org/glassfish/hk2/hk2-locator/2.5.0-b42/hk2-locator-2.5.0-b42.jar:/home/user/.m2/repository/org/javassist/javassist/3.22.0-CR2/javassist-3.22.0-CR2.jar:/home/user/.m2/repository/org/glassfish/hk2/hk2-api/2.5.0/hk2-api-2.5.0.jar:/home/user/.m2/repository/org/glassfish/hk2/external/jakarta.inject/2.5.0/jakarta.inject-2.5.0.jar:/home/user/.m2/repository/org/glassfish/hk2/hk2-utils/2.5.0/hk2-utils-2.5.0.jar:/home/user/.m2/repository/jakarta/annotation/jakarta.annotation-api/1.3.4/jakarta.annotation-api-1.3.4.jar:/home/user/.m2/repository/org/glassfish/hk2/external/aopalliance-repackaged/2.5.0/aopalliance-repackaged-2.5.0.jar:/home/user/.m2/repository/com/fasterxml/jackson/dataformat/jackson-dataformat-xml/2.9.0/jackson-dataformat-xml-2.9.0.jar:/home/user/.m2/repository/com/fasterxml/jackson/core/jackson-core/2.9.5/jackson-core-2.9.5.jar:/home/user/.m2/repository/com/fasterxml/jackson/module/jackson-module-jaxb-annotations/2.9.5/jackson-module-jaxb-annotations-2.9.5.jar:/home/user/.m2/repository/javax/enterprise/cdi-api/1.2/cdi-api-1.2.jar:/home/user/.m2/repository/javax/el/javax.el-api/3.0.0/javax.el-api-3.0.0.jar:/home/user/.m2/repository/javax/interceptor/javax.interceptor-api/1.2/javax.interceptor-api-1.2.jar:/home/user/.m2/repository/javax/inject/javax.inject/1/javax.inject-1.jar:/home/user/.m2/repository/com/sun/xml/bind/jaxb-impl/2.3.0.1/jaxb-impl-2.3.0.1.jar:/home/user/.m2/repository/com/sun/xml/bind/jaxb-core/2.3.0.1/jaxb-core-2.3.0.1.jar:/home/user/.m2/repository/javax/xml/bind/jaxb-api/2.3.0/jaxb-api-2.3.0.jar:/home/user/.m2/repository/javax/activation/activation/1.1.1/activation-1.1.1.jar:/home/user/.m2/repository/org/apache/hadoop/hadoop-ozone-csi/0.5.0-SNAPSHOT/hadoop-ozone-csi-0.5.0-SNAPSHOT.jar:/home/user/.m2/repository/com/google/protobuf/protobuf-java-util/3.5.1/protobuf-java-util-3.5.1.jar:/home/user/.m2/repository/org/apache/hadoop/hadoop-hdds-config/0.5.0-SNAPSHOT/hadoop-hdds-config-0.5.0-SNAPSHOT.jar:/home/user/.m2/repository/io/grpc/grpc-netty/1.17.1/grpc-netty-1.17.1.jar:/home/user/.m2/repository/io/grpc/grpc-core/1.17.1/grpc-core-1.17.1.jar:/home/user/.m2/repository/io/grpc/grpc-context/1.17.1/grpc-context-1.17.1.jar:/home/user/.m2/repository/com/google/errorprone/error_prone_annotations/2.2.0/error_prone_annotations-2.2.0.jar:/home/user/.m2/repository/org/codehaus/mojo/animal-sniffer-annotations/1.17/animal-sniffer-annotations-1.17.jar:/home/user/.m2/repository/io/opencensus/opencensus-api/0.17.0/opencensus-api-0.17.0.jar:/home/user/.m2/repository/io/opencensus/opencensus-contrib-grpc-metrics/0.17.0/opencensus-contrib-grpc-metrics-0.17.0.jar:/home/user/.m2/repository/io/netty/netty-codec-http2/4.1.30.Final/netty-codec-http2-4.1.30.Final.jar:/home/user/.m2/repository/io/netty/netty-codec-http/4.1.30.Final/netty-codec-http-4.1.30.Final.jar:/home/user/.m2/repository/io/netty/netty-codec/4.1.30.Final/netty-codec-4.1.30.Final.jar:/home/user/.m2/repository/io/netty/netty-handler/4.1.30.Final/netty-handler-4.1.30.Final.jar:/home/user/.m2/repository/io/netty/netty-handler-proxy/4.1.30.Final/netty-handler-proxy-4.1.30.Final.jar:/home/user/.m2/repository/io/netty/netty-codec-socks/4.1.30.Final/netty-codec-socks-4.1.30.Final.jar:/home/user/.m2/repository/io/netty/netty-transport-native-epoll/4.1.30.Final/netty-transport-native-epoll-4.1.30.Final.jar:/home/user/.m2/repository/io/netty/netty-common/4.1.30.Final/netty-common-4.1.30.Final.jar:/home/user/.m2/repository/io/netty/netty-buffer/4.1.30.Final/netty-buffer-4.1.30.Final.jar:/home/user/.m2/repository/io/netty/netty-transport/4.1.30.Final/netty-transport-4.1.30.Final.jar:/home/user/.m2/repository/io/netty/netty-resolver/4.1.30.Final/netty-resolver-4.1.30.Final.jar:/home/user/.m2/repository/io/netty/netty-transport-native-unix-common/4.1.30.Final/netty-transport-native-unix-common-4.1.30.Final.jar:/home/user/.m2/repository/io/grpc/grpc-protobuf/1.17.1/grpc-protobuf-1.17.1.jar:/home/user/.m2/repository/com/google/api/grpc/proto-google-common-protos/1.0.0/proto-google-common-protos-1.0.0.jar:/home/user/.m2/repository/io/grpc/grpc-protobuf-lite/1.17.1/grpc-protobuf-lite-1.17.1.jar:/home/user/.m2/repository/io/grpc/grpc-stub/1.17.1/grpc-stub-1.17.1.jar:/home/user/.m2/repository/org/apache/hadoop/hadoop-ozone-recon/0.5.0-SNAPSHOT/hadoop-ozone-recon-0.5.0-SNAPSHOT.jar:/home/user/.m2/repository/org/apache/hadoop/hadoop-ozone-reconcodegen/0.5.0-SNAPSHOT/hadoop-ozone-reconcodegen-0.5.0-SNAPSHOT.jar:/home/user/.m2/repository/com/google/inject/extensions/guice-multibindings/4.0/guice-multibindings-4.0.jar:/home/user/.m2/repository/com/google/inject/guice/4.0/guice-4.0.jar:/home/user/.m2/repository/aopalliance/aopalliance/1.0/aopalliance-1.0.jar:/home/user/.m2/repository/com/google/inject/extensions/guice-servlet/4.0/guice-servlet-4.0.jar:/home/user/.m2/repository/org/glassfish/jersey/containers/jersey-container-servlet/2.27/jersey-container-servlet-2.27.jar:/home/user/.m2/repository/org/glassfish/hk2/guice-bridge/2.5.0/guice-bridge-2.5.0.jar:/home/user/.m2/repository/org/glassfish/jersey/core/jersey-server/2.27/jersey-server-2.27.jar:/home/user/.m2/repository/org/glassfish/jersey/core/jersey-client/2.27/jersey-client-2.27.jar:/home/user/.m2/repository/org/glassfish/jersey/media/jersey-media-jaxb/2.27/jersey-media-jaxb-2.27.jar:/home/user/.m2/repository/javax/validation/validation-api/1.1.0.Final/validation-api-1.1.0.Final.jar:/home/user/.m2/repository/org/glassfish/jersey/media/jersey-media-json-jackson/2.27/jersey-media-json-jackson-2.27.jar:/home/user/.m2/repository/org/glassfish/jersey/ext/jersey-entity-filtering/2.27/jersey-entity-filtering-2.27.jar:/home/user/.m2/repository/com/google/inject/extensions/guice-assistedinject/4.0/guice-assistedinject-4.0.jar:/home/user/.m2/repository/org/jooq/jooq/3.11.10/jooq-3.11.10.jar:/home/user/.m2/repository/org/jooq/jooq-meta/3.11.10/jooq-meta-3.11.10.jar:/home/user/.m2/repository/org/jooq/jooq-codegen/3.11.10/jooq-codegen-3.11.10.jar:/home/user/.m2/repository/com/jolbox/bonecp/0.8.0.RELEASE/bonecp-0.8.0.RELEASE.jar:/home/user/.m2/repository/org/xerial/sqlite-jdbc/3.25.2/sqlite-jdbc-3.25.2.jar:/home/user/.m2/repository/org/springframework/spring-jdbc/5.1.3.RELEASE/spring-jdbc-5.1.3.RELEASE.jar:/home/user/.m2/repository/org/springframework/spring-beans/5.1.3.RELEASE/spring-beans-5.1.3.RELEASE.jar:/home/user/.m2/repository/org/springframework/spring-core/5.1.3.RELEASE/spring-core-5.1.3.RELEASE.jar:/home/user/.m2/repository/org/springframework/spring-jcl/5.1.3.RELEASE/spring-jcl-5.1.3.RELEASE.jar:/home/user/.m2/repository/org/springframework/spring-tx/5.1.3.RELEASE/spring-tx-5.1.3.RELEASE.jar:/home/user/.m2/repository/org/apache/hadoop/hadoop-ozone-client/0.5.0-SNAPSHOT/hadoop-ozone-client-0.5.0-SNAPSHOT.jar:/home/user/.m2/repository/commons-lang/commons-lang/2.6/commons-lang-2.6.jar:/home/user/.m2/repository/org/apache/hadoop/hadoop-ozone-ozone-manager/0.5.0-SNAPSHOT/hadoop-ozone-ozone-manager-0.5.0-SNAPSHOT-tests.jar:/home/user/.m2/repository/junit/junit/4.11/junit-4.11.jar:/home/user/.m2/repository/org/hamcrest/hamcrest-core/1.3/hamcrest-core-1.3.jar:/home/user/.m2/repository/org/openjdk/jmh/jmh-core/1.19/jmh-core-1.19.jar:/home/user/.m2/repository/net/sf/jopt-simple/jopt-simple/4.6/jopt-simple-4.6.jar:/home/user/.m2/repository/org/apache/commons/commons-math3/3.1.1/commons-math3-3.1.1.jar:/home/user/.m2/repository/org/openjdk/jmh/jmh-generator-annprocess/1.19/jmh-generator-annprocess-1.19.jar:/home/user/.m2/repository/org/mockito/mockito-all/1.8.5/mockito-all-1.8.5.jar:/home/user/.m2/repository/org/apache/hadoop/hadoop-kms/3.2.0/hadoop-kms-3.2.0.jar:/home/user/.m2/repository/org/apache/hadoop/hadoop-auth/3.2.0/hadoop-auth-3.2.0.jar:/home/user/.m2/repository/com/nimbusds/nimbus-jose-jwt/4.41.1/nimbus-jose-jwt-4.41.1.jar:/home/user/.m2/repository/com/github/stephenc/jcip/jcip-annotations/1.0-1/jcip-annotations-1.0-1.jar:/home/user/.m2/repository/net/minidev/json-smart/2.3/json-smart-2.3.jar:/home/user/.m2/repository/net/minidev/accessors-smart/1.2/accessors-smart-1.2.jar:/home/user/.m2/repository/org/ow2/asm/asm/5.0.4/asm-5.0.4.jar:/home/user/.m2/repository/org/apache/curator/curator-framework/2.12.0/curator-framework-2.12.0.jar:/home/user/.m2/repository/com/sun/jersey/jersey-core/1.19/jersey-core-1.19.jar:/home/user/.m2/repository/javax/ws/rs/jsr311-api/1.1.1/jsr311-api-1.1.1.jar:/home/user/.m2/repository/com/sun/jersey/jersey-server/1.19/jersey-server-1.19.jar:/home/user/.m2/repository/javax/servlet/javax.servlet-api/3.1.0/javax.servlet-api-3.1.0.jar:/home/user/.m2/repository/org/eclipse/jetty/jetty-server/9.3.24.v20180605/jetty-server-9.3.24.v20180605.jar:/home/user/.m2/repository/org/eclipse/jetty/jetty-http/9.3.24.v20180605/jetty-http-9.3.24.v20180605.jar:/home/user/.m2/repository/org/eclipse/jetty/jetty-io/9.3.24.v20180605/jetty-io-9.3.24.v20180605.jar:/home/user/.m2/repository/org/eclipse/jetty/jetty-webapp/9.3.24.v20180605/jetty-webapp-9.3.24.v20180605.jar:/home/user/.m2/repository/org/eclipse/jetty/jetty-xml/9.3.24.v20180605/jetty-xml-9.3.24.v20180605.jar:/home/user/.m2/repository/log4j/log4j/1.2.17/log4j-1.2.17.jar:/home/user/.m2/repository/org/slf4j/slf4j-api/1.7.25/slf4j-api-1.7.25.jar:/home/user/.m2/repository/org/slf4j/jul-to-slf4j/1.7.25/jul-to-slf4j-1.7.25.jar:/home/user/.m2/repository/org/eclipse/jetty/jetty-util/9.3.24.v20180605/jetty-util-9.3.24.v20180605.jar:/home/user/.m2/repository/com/fasterxml/jackson/core/jackson-databind/2.9.5/jackson-databind-2.9.5.jar:/home/user/.m2/repository/org/apache/hadoop/hadoop-kms/3.2.0/hadoop-kms-3.2.0-tests.jar:/home/user/.m2/repository/org/apache/hadoop/hadoop-hdds-server-scm/0.5.0-SNAPSHOT/hadoop-hdds-server-scm-0.5.0-SNAPSHOT-tests.jar:/home/user/.m2/repository/org/apache/hadoop/hadoop-hdds-container-service/0.5.0-SNAPSHOT/hadoop-hdds-container-service-0.5.0-SNAPSHOT-tests.jar:/home/user/.m2/repository/org/yaml/snakeyaml/1.16/snakeyaml-1.16.jar:/home/user/.m2/repository/org/apache/hadoop/hadoop-common/3.2.0/hadoop-common-3.2.0-tests.jar:/home/user/.m2/repository/org/apache/hadoop/hadoop-annotations/3.2.0/hadoop-annotations-3.2.0.jar:/usr/lib/jvm/java-1.8-openjdk/jre/../lib/tools.jar:/home/user/.m2/repository/commons-cli/commons-cli/1.2/commons-cli-1.2.jar:/home/user/.m2/repository/org/apache/httpcomponents/httpclient/4.5.2/httpclient-4.5.2.jar:/home/user/.m2/repository/org/apache/httpcomponents/httpcore/4.4.4/httpcore-4.4.4.jar:/home/user/.m2/repository/commons-codec/commons-codec/1.11/commons-codec-1.11.jar:/home/user/.m2/repository/commons-net/commons-net/3.6/commons-net-3.6.jar:/home/user/.m2/repository/commons-collections/commons-collections/3.2.2/commons-collections-3.2.2.jar:/home/user/.m2/repository/org/eclipse/jetty/jetty-servlet/9.3.24.v20180605/jetty-servlet-9.3.24.v20180605.jar:/home/user/.m2/repository/org/eclipse/jetty/jetty-security/9.3.24.v20180605/jetty-security-9.3.24.v20180605.jar:/home/user/.m2/repository/javax/servlet/jsp/jsp-api/2.1/jsp-api-2.1.jar:/home/user/.m2/repository/com/sun/jersey/jersey-servlet/1.19/jersey-servlet-1.19.jar:/home/user/.m2/repository/com/sun/jersey/jersey-json/1.19/jersey-json-1.19.jar:/home/user/.m2/repository/org/codehaus/jettison/jettison/1.1/jettison-1.1.jar:/home/user/.m2/repository/org/codehaus/jackson/jackson-core-asl/1.9.13/jackson-core-asl-1.9.13.jar:/home/user/.m2/repository/org/codehaus/jackson/jackson-mapper-asl/1.9.13/jackson-mapper-asl-1.9.13.jar:/home/user/.m2/repository/org/codehaus/jackson/jackson-jaxrs/1.9.13/jackson-jaxrs-1.9.13.jar:/home/user/.m2/repository/org/codehaus/jackson/jackson-xc/1.9.13/jackson-xc-1.9.13.jar:/home/user/.m2/repository/commons-logging/commons-logging/1.1.3/commons-logging-1.1.3.jar:/home/user/.m2/repository/commons-beanutils/commons-beanutils/1.9.3/commons-beanutils-1.9.3.jar:/home/user/.m2/repository/org/apache/commons/commons-configuration2/2.1.1/commons-configuration2-2.1.1.jar:/home/user/.m2/repository/org/apache/commons/commons-lang3/3.7/commons-lang3-3.7.jar:/home/user/.m2/repository/org/apache/commons/commons-text/1.4/commons-text-1.4.jar:/home/user/.m2/repository/org/apache/avro/avro/1.7.7/avro-1.7.7.jar:/home/user/.m2/repository/com/thoughtworks/paranamer/paranamer/2.3/paranamer-2.3.jar:/home/user/.m2/repository/org/xerial/snappy/snappy-java/1.0.5/snappy-java-1.0.5.jar:/home/user/.m2/repository/com/google/re2j/re2j/1.1/re2j-1.1.jar:/home/user/.m2/repository/com/google/code/gson/gson/2.2.4/gson-2.2.4.jar:/home/user/.m2/repository/com/jcraft/jsch/0.1.54/jsch-0.1.54.jar:/home/user/.m2/repository/org/apache/curator/curator-client/2.12.0/curator-client-2.12.0.jar:/home/user/.m2/repository/org/apache/curator/curator-recipes/2.12.0/curator-recipes-2.12.0.jar:/home/user/.m2/repository/com/google/code/findbugs/jsr305/3.0.0/jsr305-3.0.0.jar:/home/user/.m2/repository/org/apache/htrace/htrace-core4/4.1.0-incubating/htrace-core4-4.1.0-incubating.jar:/home/user/.m2/repository/org/apache/zookeeper/zookeeper/3.4.13/zookeeper-3.4.13.jar:/home/user/.m2/repository/org/apache/yetus/audience-annotations/0.5.0/audience-annotations-0.5.0.jar:/home/user/.m2/repository/org/codehaus/woodstox/stax2-api/3.1.4/stax2-api-3.1.4.jar:/home/user/.m2/repository/com/fasterxml/woodstox/woodstox-core/5.0.3/woodstox-core-5.0.3.jar:/home/user/.m2/repository/dnsjava/dnsjava/2.1.7/dnsjava-2.1.7.jar:/home/user/.m2/repository/org/apache/hadoop/hadoop-hdfs/3.2.0/hadoop-hdfs-3.2.0-tests.jar:/home/user/.m2/repository/org/eclipse/jetty/jetty-util-ajax/9.3.24.v20180605/jetty-util-ajax-9.3.24.v20180605.jar:/home/user/.m2/repository/commons-daemon/commons-daemon/1.0.13/commons-daemon-1.0.13.jar:/home/user/.m2/repository/io/netty/netty/3.10.5.Final/netty-3.10.5.Final.jar:/home/user/.m2/repository/io/netty/netty-all/4.0.52.Final/netty-all-4.0.52.Final.jar:/home/user/.m2/repository/org/fusesource/leveldbjni/leveldbjni-all/1.8/leveldbjni-all-1.8.jar:"/>
    <property name="sun.cpu.endian" value="little"/>
    <property name="user.home" value="/home/user"/>
    <property name="user.language" value="en"/>
    <property name="java.specification.vendor" value="Oracle Corporation"/>
    <property name="java.home" value="/usr/lib/jvm/java-1.8-openjdk/jre"/>
    <property name="java.security.krb5.conf" value="/tmp/workdir/hadoop-ozone/integration-test/target/test-classes/krb5.conf"/>
    <property name="basedir" value="/tmp/workdir/hadoop-ozone/integration-test"/>
    <property name="file.separator" value="/"/>
    <property name="line.separator" value="&#10;"/>
    <property name="java.vm.specification.vendor" value="Oracle Corporation"/>
    <property name="java.specification.name" value="Java Platform API Specification"/>
    <property name="java.awt.graphicsenv" value="sun.awt.X11GraphicsEnvironment"/>
    <property name="surefire.real.class.path" value="/tmp/workdir/hadoop-ozone/integration-test/target/surefire/surefirebooter2792123575479334288.jar"/>
    <property name="hadoop.log.dir" value="/tmp/workdir/hadoop-ozone/integration-test/target/log"/>
    <property name="sun.boot.class.path" value="/usr/lib/jvm/java-1.8-openjdk/jre/lib/resources.jar:/usr/lib/jvm/java-1.8-openjdk/jre/lib/rt.jar:/usr/lib/jvm/java-1.8-openjdk/jre/lib/sunrsasign.jar:/usr/lib/jvm/java-1.8-openjdk/jre/lib/jsse.jar:/usr/lib/jvm/java-1.8-openjdk/jre/lib/jce.jar:/usr/lib/jvm/java-1.8-openjdk/jre/lib/charsets.jar:/usr/lib/jvm/java-1.8-openjdk/jre/lib/jfr.jar:/usr/lib/jvm/java-1.8-openjdk/jre/classes"/>
    <property name="sun.management.compiler" value="HotSpot 64-Bit Tiered Compilers"/>
    <property name="java.runtime.version" value="1.8.0_212-b04"/>
    <property name="java.net.preferIPv4Stack" value="true"/>
    <property name="user.name" value="jenkins1000"/>
    <property name="path.separator" value=":"/>
    <property name="java.security.egd" value="file:///dev/urandom"/>
    <property name="os.version" value="3.10.0-957.12.2.el7.x86_64"/>
    <property name="java.endorsed.dirs" value="/usr/lib/jvm/java-1.8-openjdk/jre/lib/endorsed"/>
    <property name="java.runtime.name" value="OpenJDK Runtime Environment"/>
    <property name="file.encoding" value="UTF-8"/>
    <property name="java.vm.name" value="OpenJDK 64-Bit Server VM"/>
    <property name="test.build.webapps" value=""/>
    <property name="localRepository" value="/home/user/.m2/repository"/>
    <property name="java.vendor.url.bug" value="https://icedtea.classpath.org/bugzilla"/>
    <property name="java.io.tmpdir" value="/tmp"/>
    <property name="require.test.libhadoop" value=""/>
    <property name="java.version" value="1.8.0_212"/>
    <property name="user.dir" value="/tmp/workdir/hadoop-ozone/integration-test"/>
    <property name="os.arch" value="amd64"/>
    <property name="java.vm.specification.name" value="Java Virtual Machine Specification"/>
    <property name="test.build.classes" value="/tmp/workdir/hadoop-ozone/integration-test/target/test-classes"/>
    <property name="java.awt.printerjob" value="sun.print.PSPrinterJob"/>
    <property name="sun.os.patch.level" value="unknown"/>
    <property name="hadoop.tmp.dir" value="/tmp/workdir/hadoop-ozone/integration-test/target/tmp"/>
    <property name="java.library.path" value="/usr/lib/jvm/java-1.8-openjdk/jre/lib/amd64/server:/usr/lib/jvm/java-1.8-openjdk/jre/lib/amd64:/usr/lib/jvm/java-1.8-openjdk/jre/../lib/amd64:/tmp/workdir/hadoop-ozone/integration-test/target/native/target/usr/local/lib:/tmp/workdir/hadoop-ozone/integration-test/../../hadoop-common-project/hadoop-common/target/native/target/usr/local/lib:/usr/java/packages/lib/amd64:/usr/lib64:/lib64:/lib:/usr/lib"/>
    <property name="java.vm.info" value="mixed mode"/>
    <property name="java.vendor" value="IcedTea"/>
    <property name="java.vm.version" value="25.212-b04"/>
    <property name="java.ext.dirs" value="/usr/lib/jvm/java-1.8-openjdk/jre/lib/ext:/usr/java/packages/lib/ext"/>
    <property name="sun.io.unicode.encoding" value="UnicodeLittle"/>
    <property name="java.class.version" value="52.0"/>
  </properties>
  <testcase name="testGroupMismatchExceptionHandling" classname="org.apache.hadoop.ozone.client.rpc.TestOzoneClientRetriesOnException" time="39.344">
    <error type="java.lang.IllegalArgumentException">java.lang.IllegalArgumentException
	at com.google.common.base.Preconditions.checkArgument(Preconditions.java:72)
	at org.apache.hadoop.hdds.scm.XceiverClientManager.acquireClient(XceiverClientManager.java:150)
	at org.apache.hadoop.hdds.scm.XceiverClientManager.acquireClientForReadData(XceiverClientManager.java:143)
	at org.apache.hadoop.hdds.scm.storage.BlockInputStream.getChunkInfos(BlockInputStream.java:154)
	at org.apache.hadoop.hdds.scm.storage.BlockInputStream.initialize(BlockInputStream.java:118)
	at org.apache.hadoop.hdds.scm.storage.BlockInputStream.read(BlockInputStream.java:222)
	at org.apache.hadoop.ozone.client.io.KeyInputStream.read(KeyInputStream.java:171)
	at org.apache.hadoop.ozone.client.io.OzoneInputStream.read(OzoneInputStream.java:47)
	at java.io.InputStream.read(InputStream.java:101)
	at org.apache.hadoop.ozone.container.ContainerTestHelper.validateData(ContainerTestHelper.java:709)
	at org.apache.hadoop.ozone.client.rpc.TestOzoneClientRetriesOnException.validateData(TestOzoneClientRetriesOnException.java:231)
	at org.apache.hadoop.ozone.client.rpc.TestOzoneClientRetriesOnException.testGroupMismatchExceptionHandling(TestOzoneClientRetriesOnException.java:160)
	at sun.reflect.NativeMethodAccessorImpl.invoke0(Native Method)
	at sun.reflect.NativeMethodAccessorImpl.invoke(NativeMethodAccessorImpl.java:62)
	at sun.reflect.DelegatingMethodAccessorImpl.invoke(DelegatingMethodAccessorImpl.java:43)
	at java.lang.reflect.Method.invoke(Method.java:498)
	at org.junit.runners.model.FrameworkMethod$1.runReflectiveCall(FrameworkMethod.java:47)
	at org.junit.internal.runners.model.ReflectiveCallable.run(ReflectiveCallable.java:12)
	at org.junit.runners.model.FrameworkMethod.invokeExplosively(FrameworkMethod.java:44)
	at org.junit.internal.runners.statements.InvokeMethod.evaluate(InvokeMethod.java:17)
	at org.junit.internal.runners.statements.RunBefores.evaluate(RunBefores.java:26)
	at org.junit.internal.runners.statements.RunAfters.evaluate(RunAfters.java:27)
	at org.junit.runners.ParentRunner.runLeaf(ParentRunner.java:271)
	at org.junit.runners.BlockJUnit4ClassRunner.runChild(BlockJUnit4ClassRunner.java:70)
	at org.junit.runners.BlockJUnit4ClassRunner.runChild(BlockJUnit4ClassRunner.java:50)
	at org.junit.runners.ParentRunner$3.run(ParentRunner.java:238)
	at org.junit.runners.ParentRunner$1.schedule(ParentRunner.java:63)
	at org.junit.runners.ParentRunner.runChildren(ParentRunner.java:236)
	at org.junit.runners.ParentRunner.access$000(ParentRunner.java:53)
	at org.junit.runners.ParentRunner$2.evaluate(ParentRunner.java:229)
	at org.junit.runners.ParentRunner.run(ParentRunner.java:309)
	at org.apache.maven.surefire.junit4.JUnit4Provider.execute(JUnit4Provider.java:365)
	at org.apache.maven.surefire.junit4.JUnit4Provider.executeWithRerun(JUnit4Provider.java:273)
	at org.apache.maven.surefire.junit4.JUnit4Provider.executeTestSet(JUnit4Provider.java:238)
	at org.apache.maven.surefire.junit4.JUnit4Provider.invoke(JUnit4Provider.java:159)
	at org.apache.maven.surefire.booter.ForkedBooter.invokeProviderInSameClassLoader(ForkedBooter.java:384)
	at org.apache.maven.surefire.booter.ForkedBooter.runSuitesInProcess(ForkedBooter.java:345)
	at org.apache.maven.surefire.booter.ForkedBooter.execute(ForkedBooter.java:126)
	at org.apache.maven.surefire.booter.ForkedBooter.main(ForkedBooter.java:418)
</error>
    <system-out><![CDATA[2019-07-13 19:28:13,472 WARN  server.ServerUtils (ServerUtils.java:getScmDbDir(145)) - ozone.scm.db.dirs is not configured. We recommend adding this setting. Falling back to ozone.metadata.dirs instead.
2019-07-13 19:28:13,560 WARN  server.ServerUtils (ServerUtils.java:getScmDbDir(145)) - ozone.scm.db.dirs is not configured. We recommend adding this setting. Falling back to ozone.metadata.dirs instead.
2019-07-13 19:28:13,562 WARN  server.ServerUtils (ServerUtils.java:getScmDbDir(145)) - ozone.scm.db.dirs is not configured. We recommend adding this setting. Falling back to ozone.metadata.dirs instead.
2019-07-13 19:28:13,575 INFO  util.log (Log.java:initialized(192)) - Logging initialized @782ms
2019-07-13 19:28:13,655 INFO  db.DBStoreBuilder (DBStoreBuilder.java:addTable(110)) - using custom profile for table: deletedBlocks
2019-07-13 19:28:13,655 INFO  db.DBStoreBuilder (DBStoreBuilder.java:processTables(161)) - Using default column profile:DBProfile.DISK for Table:deletedBlocks
2019-07-13 19:28:13,656 INFO  db.DBStoreBuilder (DBStoreBuilder.java:addTable(110)) - using custom profile for table: validCerts
2019-07-13 19:28:13,656 INFO  db.DBStoreBuilder (DBStoreBuilder.java:processTables(161)) - Using default column profile:DBProfile.DISK for Table:validCerts
2019-07-13 19:28:13,656 INFO  db.DBStoreBuilder (DBStoreBuilder.java:addTable(110)) - using custom profile for table: revokedCerts
2019-07-13 19:28:13,656 INFO  db.DBStoreBuilder (DBStoreBuilder.java:processTables(161)) - Using default column profile:DBProfile.DISK for Table:revokedCerts
2019-07-13 19:28:13,666 INFO  db.DBStoreBuilder (DBStoreBuilder.java:addTable(110)) - using custom profile for table: default
2019-07-13 19:28:13,666 INFO  db.DBStoreBuilder (DBStoreBuilder.java:processTables(167)) - Using default column profile:DBProfile.DISK for Table:default
2019-07-13 19:28:13,667 INFO  db.DBStoreBuilder (DBStoreBuilder.java:getDbProfile(198)) - Using default options. DBProfile.DISK
2019-07-13 19:28:13,863 INFO  net.NodeSchemaLoader (NodeSchemaLoader.java:loadSchemaFromFile(125)) - Loading file from sun.misc.CompoundEnumeration@20ce78ec
2019-07-13 19:28:13,866 INFO  net.NodeSchemaLoader (NodeSchemaLoader.java:loadSchema(171)) - Loading network topology layer schema file
2019-07-13 19:28:13,949 WARN  server.ServerUtils (ServerUtils.java:sanitizeUserArgs(70)) - ozone.scm.stale.node.interval value = 300000 is larger than max = 100000 based on the key value of ozone.scm.heartbeat.thread.interval, reset to the max value 100000.
2019-07-13 19:28:13,950 WARN  server.ServerUtils (ServerUtils.java:sanitizeUserArgs(70)) - ozone.scm.stale.node.interval value = 300000 is larger than max = 100000 based on the key value of ozone.scm.heartbeat.thread.interval, reset to the max value 100000.
2019-07-13 19:28:13,953 INFO  node.SCMNodeManager (SCMNodeManager.java:<init>(119)) - Entering startup safe mode.
2019-07-13 19:28:14,050 WARN  server.ServerUtils (ServerUtils.java:getScmDbDir(145)) - ozone.scm.db.dirs is not configured. We recommend adding this setting. Falling back to ozone.metadata.dirs instead.
2019-07-13 19:28:14,129 INFO  pipeline.SCMPipelineManager (SCMPipelineManager.java:initializePipelineState(126)) - No pipeline exists in current db
2019-07-13 19:28:14,133 WARN  server.ServerUtils (ServerUtils.java:getScmDbDir(145)) - ozone.scm.db.dirs is not configured. We recommend adding this setting. Falling back to ozone.metadata.dirs instead.
2019-07-13 19:28:14,262 WARN  events.EventQueue (EventQueue.java:fireEvent(175)) - No event handler registered for event TypedEvent{payloadType=SafeModeStatus, name='SafeModeStatus'}
2019-07-13 19:28:14,604 INFO  ipc.CallQueueManager (CallQueueManager.java:<init>(84)) - Using callQueue: class java.util.concurrent.LinkedBlockingQueue, queueCapacity: 2000, scheduler: class org.apache.hadoop.ipc.DefaultRpcScheduler, ipcBackoff: false.
2019-07-13 19:28:14,631 INFO  ipc.Server (Server.java:run(1074)) - Starting Socket Reader #1 for port 46089
2019-07-13 19:28:14,667 INFO  ipc.CallQueueManager (CallQueueManager.java:<init>(84)) - Using callQueue: class java.util.concurrent.LinkedBlockingQueue, queueCapacity: 2000, scheduler: class org.apache.hadoop.ipc.DefaultRpcScheduler, ipcBackoff: false.
2019-07-13 19:28:14,669 INFO  ipc.Server (Server.java:run(1074)) - Starting Socket Reader #1 for port 42031
2019-07-13 19:28:14,678 INFO  ipc.CallQueueManager (CallQueueManager.java:<init>(84)) - Using callQueue: class java.util.concurrent.LinkedBlockingQueue, queueCapacity: 2000, scheduler: class org.apache.hadoop.ipc.DefaultRpcScheduler, ipcBackoff: false.
2019-07-13 19:28:14,679 INFO  ipc.Server (Server.java:run(1074)) - Starting Socket Reader #1 for port 33572
2019-07-13 19:28:14,821 INFO  hdfs.DFSUtil (DFSUtil.java:httpServerTemplateForNNAndJN(1641)) - Starting Web-server for scm at: http://0.0.0.0:0
2019-07-13 19:28:14,985 INFO  server.AuthenticationFilter (AuthenticationFilter.java:constructSecretProvider(240)) - Unable to initialize FileSignerSecretProvider, falling back to use random secrets.
2019-07-13 19:28:14,992 WARN  http.HttpRequestLog (HttpRequestLog.java:getRequestLog(97)) - Jetty request log can only be enabled using Log4j
2019-07-13 19:28:15,000 INFO  http.HttpServer2 (HttpServer2.java:addGlobalFilter(975)) - Added global filter 'safety' (class=org.apache.hadoop.http.HttpServer2$QuotingInputFilter)
2019-07-13 19:28:15,003 INFO  http.HttpServer2 (HttpServer2.java:addFilter(948)) - Added filter static_user_filter (class=org.apache.hadoop.http.lib.StaticUserWebFilter$StaticUserFilter) to context scm
2019-07-13 19:28:15,003 INFO  http.HttpServer2 (HttpServer2.java:addFilter(958)) - Added filter static_user_filter (class=org.apache.hadoop.http.lib.StaticUserWebFilter$StaticUserFilter) to context static
2019-07-13 19:28:15,003 INFO  http.HttpServer2 (HttpServer2.java:addFilter(958)) - Added filter static_user_filter (class=org.apache.hadoop.http.lib.StaticUserWebFilter$StaticUserFilter) to context logs
2019-07-13 19:28:15,030 INFO  server.StorageContainerManager (StorageContainerManager.java:start(759)) - StorageContainerLocationProtocol RPC server is listening at /0.0.0.0:33572
2019-07-13 19:28:15,092 WARN  impl.MetricsConfig (MetricsConfig.java:loadFirst(134)) - Cannot locate configuration: tried hadoop-metrics2-storagecontainermanager.properties,hadoop-metrics2.properties
2019-07-13 19:28:15,106 INFO  impl.MetricsSystemImpl (MetricsSystemImpl.java:startTimer(374)) - Scheduled Metric snapshot period at 10 second(s).
2019-07-13 19:28:15,106 INFO  impl.MetricsSystemImpl (MetricsSystemImpl.java:start(191)) - StorageContainerManager metrics system started
2019-07-13 19:28:15,321 INFO  server.SCMClientProtocolServer (SCMClientProtocolServer.java:start(149)) - RPC server for Client  is listening at /0.0.0.0:33572
2019-07-13 19:28:15,322 INFO  ipc.Server (Server.java:run(1314)) - IPC Server Responder: starting
2019-07-13 19:28:15,322 INFO  ipc.Server (Server.java:run(1153)) - IPC Server listener on 33572: starting
2019-07-13 19:28:15,327 INFO  server.StorageContainerManager (StorageContainerManager.java:start(768)) - ScmBlockLocationProtocol RPC server is listening at /0.0.0.0:42031
2019-07-13 19:28:15,327 INFO  server.SCMBlockProtocolServer (SCMBlockProtocolServer.java:start(140)) - RPC server for Block Protocol is listening at /0.0.0.0:42031
2019-07-13 19:28:15,327 INFO  ipc.Server (Server.java:run(1314)) - IPC Server Responder: starting
2019-07-13 19:28:15,327 INFO  ipc.Server (Server.java:run(1153)) - IPC Server listener on 42031: starting
2019-07-13 19:28:15,334 INFO  server.StorageContainerManager (StorageContainerManager.java:start(772)) - ScmDatanodeProtocl RPC server is listening at /0.0.0.0:46089
2019-07-13 19:28:15,335 INFO  server.SCMDatanodeProtocolServer (SCMDatanodeProtocolServer.java:start(191)) - RPC server for DataNodes is listening at /0.0.0.0:46089
2019-07-13 19:28:15,336 INFO  ipc.Server (Server.java:run(1314)) - IPC Server Responder: starting
2019-07-13 19:28:15,337 INFO  ipc.Server (Server.java:run(1153)) - IPC Server listener on 46089: starting
2019-07-13 19:28:15,349 INFO  http.HttpServer2 (HttpServer2.java:bindListener(1191)) - Jetty bound to port 37457
2019-07-13 19:28:15,351 INFO  server.Server (Server.java:doStart(351)) - jetty-9.3.24.v20180605, build timestamp: 2018-06-05T17:11:56Z, git hash: 84205aa28f11a4f31f2a3b86d1bba2cc8ab69827
2019-07-13 19:28:15,389 INFO  handler.ContextHandler (ContextHandler.java:doStart(781)) - Started o.e.j.s.ServletContextHandler@635572a7{/logs,file:///tmp/workdir/hadoop-ozone/integration-test/target/log,AVAILABLE}
2019-07-13 19:28:15,390 INFO  handler.ContextHandler (ContextHandler.java:doStart(781)) - Started o.e.j.s.ServletContextHandler@4dd02341{/static,file:///tmp/workdir/hadoop-ozone/integration-test/target/test-classes/webapps/static,AVAILABLE}
2019-07-13 19:28:15,422 INFO  handler.ContextHandler (ContextHandler.java:doStart(781)) - Started o.e.j.w.WebAppContext@6fff253c{/,file:///tmp/workdir/hadoop-ozone/integration-test/target/test-classes/webapps/scm/,AVAILABLE}{/scm}
2019-07-13 19:28:15,428 INFO  server.AbstractConnector (AbstractConnector.java:doStart(278)) - Started ServerConnector@7c041b41{HTTP/1.1,[http/1.1]}{0.0.0.0:37457}
2019-07-13 19:28:15,428 INFO  server.Server (Server.java:doStart(419)) - Started @2635ms
2019-07-13 19:28:15,429 INFO  server.BaseHttpServer (BaseHttpServer.java:updateConnectorAddress(207)) - HTTP server of SCM is listening at http://0.0.0.0:37457
2019-07-13 19:28:15,436 INFO  util.JvmPauseMonitor (JvmPauseMonitor.java:run(188)) - Starting JVM pause monitor
2019-07-13 19:28:15,437 WARN  server.ServerUtils (ServerUtils.java:getDBPath(222)) - ozone.om.db.dirs is not configured. We recommend adding this setting. Falling back to ozone.metadata.dirs instead.
2019-07-13 19:28:15,542 WARN  server.ServerUtils (ServerUtils.java:getDBPath(222)) - ozone.om.db.dirs is not configured. We recommend adding this setting. Falling back to ozone.metadata.dirs instead.
2019-07-13 19:28:15,543 INFO  om.OzoneManager (OzoneManager.java:setOMNodeDetails(630)) - OM Service ID is not set. Setting it to the default ID: omServiceIdDefault
2019-07-13 19:28:15,544 INFO  om.OzoneManager (OzoneManager.java:setOMNodeDetails(636)) - OM Node ID is not set. Setting it to the OmStorage's OmID: 58e2f25f-e47b-4ba8-940d-03bc899287ff
2019-07-13 19:28:15,545 INFO  om.OzoneManager (OzoneManager.java:loadOMHAConfigs(587)) - Found matching OM address with OMServiceId: null, OMNodeId: null, RPC Address: localhost:0 and Ratis port: 9872
2019-07-13 19:28:15,827 WARN  server.ServerUtils (ServerUtils.java:getDBPath(222)) - ozone.om.db.dirs is not configured. We recommend adding this setting. Falling back to ozone.metadata.dirs instead.
2019-07-13 19:28:15,840 INFO  db.DBStoreBuilder (DBStoreBuilder.java:addTable(110)) - using custom profile for table: userTable
2019-07-13 19:28:15,840 INFO  db.DBStoreBuilder (DBStoreBuilder.java:processTables(161)) - Using default column profile:DBProfile.DISK for Table:userTable
2019-07-13 19:28:15,841 INFO  db.DBStoreBuilder (DBStoreBuilder.java:addTable(110)) - using custom profile for table: volumeTable
2019-07-13 19:28:15,841 INFO  db.DBStoreBuilder (DBStoreBuilder.java:processTables(161)) - Using default column profile:DBProfile.DISK for Table:volumeTable
2019-07-13 19:28:15,842 INFO  db.DBStoreBuilder (DBStoreBuilder.java:addTable(110)) - using custom profile for table: bucketTable
2019-07-13 19:28:15,842 INFO  db.DBStoreBuilder (DBStoreBuilder.java:processTables(161)) - Using default column profile:DBProfile.DISK for Table:bucketTable
2019-07-13 19:28:15,842 INFO  db.DBStoreBuilder (DBStoreBuilder.java:addTable(110)) - using custom profile for table: keyTable
2019-07-13 19:28:15,843 INFO  db.DBStoreBuilder (DBStoreBuilder.java:processTables(161)) - Using default column profile:DBProfile.DISK for Table:keyTable
2019-07-13 19:28:15,843 INFO  db.DBStoreBuilder (DBStoreBuilder.java:addTable(110)) - using custom profile for table: deletedTable
2019-07-13 19:28:15,844 INFO  db.DBStoreBuilder (DBStoreBuilder.java:processTables(161)) - Using default column profile:DBProfile.DISK for Table:deletedTable
2019-07-13 19:28:15,844 INFO  db.DBStoreBuilder (DBStoreBuilder.java:addTable(110)) - using custom profile for table: openKeyTable
2019-07-13 19:28:15,844 INFO  db.DBStoreBuilder (DBStoreBuilder.java:processTables(161)) - Using default column profile:DBProfile.DISK for Table:openKeyTable
2019-07-13 19:28:15,845 INFO  db.DBStoreBuilder (DBStoreBuilder.java:addTable(110)) - using custom profile for table: s3Table
2019-07-13 19:28:15,845 INFO  db.DBStoreBuilder (DBStoreBuilder.java:processTables(161)) - Using default column profile:DBProfile.DISK for Table:s3Table
2019-07-13 19:28:15,846 INFO  db.DBStoreBuilder (DBStoreBuilder.java:addTable(110)) - using custom profile for table: multipartInfoTable
2019-07-13 19:28:15,846 INFO  db.DBStoreBuilder (DBStoreBuilder.java:processTables(161)) - Using default column profile:DBProfile.DISK for Table:multipartInfoTable
2019-07-13 19:28:15,846 INFO  db.DBStoreBuilder (DBStoreBuilder.java:addTable(110)) - using custom profile for table: dTokenTable
2019-07-13 19:28:15,847 INFO  db.DBStoreBuilder (DBStoreBuilder.java:processTables(161)) - Using default column profile:DBProfile.DISK for Table:dTokenTable
2019-07-13 19:28:15,847 INFO  db.DBStoreBuilder (DBStoreBuilder.java:addTable(110)) - using custom profile for table: s3SecretTable
2019-07-13 19:28:15,848 INFO  db.DBStoreBuilder (DBStoreBuilder.java:processTables(161)) - Using default column profile:DBProfile.DISK for Table:s3SecretTable
2019-07-13 19:28:15,848 INFO  db.DBStoreBuilder (DBStoreBuilder.java:addTable(110)) - using custom profile for table: prefixTable
2019-07-13 19:28:15,848 INFO  db.DBStoreBuilder (DBStoreBuilder.java:processTables(161)) - Using default column profile:DBProfile.DISK for Table:prefixTable
2019-07-13 19:28:15,849 INFO  db.DBStoreBuilder (DBStoreBuilder.java:addTable(110)) - using custom profile for table: default
2019-07-13 19:28:15,849 INFO  db.DBStoreBuilder (DBStoreBuilder.java:processTables(167)) - Using default column profile:DBProfile.DISK for Table:default
2019-07-13 19:28:15,850 INFO  db.DBStoreBuilder (DBStoreBuilder.java:getDbProfile(198)) - Using default options. DBProfile.DISK
2019-07-13 19:28:16,727 INFO  ipc.CallQueueManager (CallQueueManager.java:<init>(84)) - Using callQueue: class java.util.concurrent.LinkedBlockingQueue, queueCapacity: 2000, scheduler: class org.apache.hadoop.ipc.DefaultRpcScheduler, ipcBackoff: false.
2019-07-13 19:28:16,729 INFO  ipc.Server (Server.java:run(1074)) - Starting Socket Reader #1 for port 38059
2019-07-13 19:28:16,757 WARN  server.ServerUtils (ServerUtils.java:getDBPath(222)) - ozone.om.db.dirs is not configured. We recommend adding this setting. Falling back to ozone.metadata.dirs instead.
2019-07-13 19:28:16,758 INFO  om.OzoneManager (OzoneManager.java:start(1228)) - OzoneManager RPC server is listening at localhost/127.0.0.1:38059
2019-07-13 19:28:16,758 INFO  impl.MetricsSystemImpl (MetricsSystemImpl.java:init(158)) - OzoneManager metrics system started (again)
2019-07-13 19:28:16,760 INFO  ipc.Server (Server.java:run(1153)) - IPC Server listener on 38059: starting
2019-07-13 19:28:16,761 INFO  ipc.Server (Server.java:run(1314)) - IPC Server Responder: starting
2019-07-13 19:28:16,773 INFO  hdfs.DFSUtil (DFSUtil.java:httpServerTemplateForNNAndJN(1641)) - Starting Web-server for ozoneManager at: http://0.0.0.0:0
2019-07-13 19:28:16,774 INFO  server.AuthenticationFilter (AuthenticationFilter.java:constructSecretProvider(240)) - Unable to initialize FileSignerSecretProvider, falling back to use random secrets.
2019-07-13 19:28:16,775 WARN  http.HttpRequestLog (HttpRequestLog.java:getRequestLog(97)) - Jetty request log can only be enabled using Log4j
2019-07-13 19:28:16,777 INFO  http.HttpServer2 (HttpServer2.java:addGlobalFilter(975)) - Added global filter 'safety' (class=org.apache.hadoop.http.HttpServer2$QuotingInputFilter)
2019-07-13 19:28:16,778 INFO  http.HttpServer2 (HttpServer2.java:addFilter(948)) - Added filter static_user_filter (class=org.apache.hadoop.http.lib.StaticUserWebFilter$StaticUserFilter) to context ozoneManager
2019-07-13 19:28:16,778 INFO  http.HttpServer2 (HttpServer2.java:addFilter(958)) - Added filter static_user_filter (class=org.apache.hadoop.http.lib.StaticUserWebFilter$StaticUserFilter) to context static
2019-07-13 19:28:16,779 INFO  http.HttpServer2 (HttpServer2.java:addFilter(958)) - Added filter static_user_filter (class=org.apache.hadoop.http.lib.StaticUserWebFilter$StaticUserFilter) to context logs
2019-07-13 19:28:16,781 INFO  http.HttpServer2 (HttpServer2.java:bindListener(1191)) - Jetty bound to port 39733
2019-07-13 19:28:16,781 INFO  server.Server (Server.java:doStart(351)) - jetty-9.3.24.v20180605, build timestamp: 2018-06-05T17:11:56Z, git hash: 84205aa28f11a4f31f2a3b86d1bba2cc8ab69827
2019-07-13 19:28:16,783 INFO  handler.ContextHandler (ContextHandler.java:doStart(781)) - Started o.e.j.s.ServletContextHandler@2d0bfb24{/logs,file:///tmp/workdir/hadoop-ozone/integration-test/target/log,AVAILABLE}
2019-07-13 19:28:16,784 INFO  handler.ContextHandler (ContextHandler.java:doStart(781)) - Started o.e.j.s.ServletContextHandler@7b44b63d{/static,file:///tmp/workdir/hadoop-ozone/integration-test/target/test-classes/webapps/static,AVAILABLE}
2019-07-13 19:28:16,789 INFO  handler.ContextHandler (ContextHandler.java:doStart(781)) - Started o.e.j.w.WebAppContext@3e9803c2{/,file:///tmp/workdir/hadoop-ozone/integration-test/target/test-classes/webapps/ozoneManager/,AVAILABLE}{/ozoneManager}
2019-07-13 19:28:16,789 INFO  server.AbstractConnector (AbstractConnector.java:doStart(278)) - Started ServerConnector@4525d1d3{HTTP/1.1,[http/1.1]}{0.0.0.0:39733}
2019-07-13 19:28:16,790 INFO  server.Server (Server.java:doStart(419)) - Started @3997ms
2019-07-13 19:28:16,790 INFO  server.BaseHttpServer (BaseHttpServer.java:updateConnectorAddress(207)) - HTTP server of OZONEMANAGER is listening at http://0.0.0.0:39733
2019-07-13 19:28:17,109 INFO  impl.MetricsSystemImpl (MetricsSystemImpl.java:init(158)) - HddsDatanode metrics system started (again)
2019-07-13 19:28:17,229 INFO  ozone.HddsDatanodeService (HddsDatanodeService.java:start(185)) - HddsDatanodeService host:trunk-nightly-fxqsz-774976932 ip:192.168.69.122
2019-07-13 19:28:17,266 INFO  volume.HddsVolume (HddsVolume.java:<init>(176)) - Creating Volume: /tmp/workdir/hadoop-ozone/integration-test/target/test-dir/MiniOzoneClusterImpl-8870e792-62d6-436f-b6cb-4a829b9a395c/datanode-0/data/containers/hdds of  storage type : DISK and capacity : 52710309888
2019-07-13 19:28:17,268 INFO  volume.VolumeSet (VolumeSet.java:initializeVolumeSet(170)) - Added Volume : /tmp/workdir/hadoop-ozone/integration-test/target/test-dir/MiniOzoneClusterImpl-8870e792-62d6-436f-b6cb-4a829b9a395c/datanode-0/data/containers/hdds to VolumeSet
2019-07-13 19:28:17,271 INFO  volume.ThrottledAsyncChecker (ThrottledAsyncChecker.java:schedule(140)) - Scheduling a check for org.apache.hadoop.ozone.container.common.volume.HddsVolume@59546cfe
2019-07-13 19:28:17,292 INFO  volume.HddsVolumeChecker (HddsVolumeChecker.java:checkAllVolumes(203)) - Scheduled health check for volume org.apache.hadoop.ozone.container.common.volume.HddsVolume@59546cfe
2019-07-13 19:28:17,405 INFO  impl.RaftServerProxy (ConfUtils.java:logGet(43)) - raft.rpc.type = GRPC (default)
2019-07-13 19:28:17,469 INFO  grpc.GrpcFactory (GrpcFactory.java:checkPooledByteBufAllocatorUseCacheForAllThreads(45)) - PERFORMANCE WARNING: useCacheForAllThreads is true that may cause Netty to create a lot garbage objects and, as a result, trigger GC.
	It is recommended to disable useCacheForAllThreads by setting -Dorg.apache.ratis.thirdparty.io.netty.allocator.useCacheForAllThreads=false in command line.
2019-07-13 19:28:17,473 INFO  grpc.GrpcConfigKeys$Server (ConfUtils.java:logGet(43)) - raft.grpc.server.port = 0 (default)
2019-07-13 19:28:17,474 INFO  server.GrpcService (ConfUtils.java:logGet(43)) - raft.grpc.message.size.max = 33570816 (custom)
2019-07-13 19:28:17,476 INFO  server.RaftServerConfigKeys (ConfUtils.java:logGet(43)) - raft.server.log.appender.buffer.byte-limit = 33554432 (custom)
2019-07-13 19:28:17,477 INFO  server.GrpcService (ConfUtils.java:logGet(43)) - raft.grpc.flow.control.window = 1MB (=1048576) (default)
2019-07-13 19:28:17,477 INFO  server.RaftServerConfigKeys (ConfUtils.java:logGet(43)) - raft.server.rpc.request.timeout = 3000ms (default)
2019-07-13 19:28:17,636 INFO  server.RaftServerConfigKeys (ConfUtils.java:logGet(43)) - raft.server.storage.dir = [/tmp/workdir/hadoop-ozone/integration-test/target/test-dir/MiniOzoneClusterImpl-8870e792-62d6-436f-b6cb-4a829b9a395c/datanode-0/data/ratis] (custom)
2019-07-13 19:28:17,672 INFO  replication.SimpleContainerDownloader (SimpleContainerDownloader.java:<init>(72)) - Starting container downloader service to copy containers to replicate.
2019-07-13 19:28:17,685 INFO  hdfs.DFSUtil (DFSUtil.java:httpServerTemplateForNNAndJN(1641)) - Starting Web-server for hddsDatanode at: http://0.0.0.0:0
2019-07-13 19:28:17,688 INFO  server.AuthenticationFilter (AuthenticationFilter.java:constructSecretProvider(240)) - Unable to initialize FileSignerSecretProvider, falling back to use random secrets.
2019-07-13 19:28:17,689 WARN  http.HttpRequestLog (HttpRequestLog.java:getRequestLog(97)) - Jetty request log can only be enabled using Log4j
2019-07-13 19:28:17,692 INFO  http.HttpServer2 (HttpServer2.java:addGlobalFilter(975)) - Added global filter 'safety' (class=org.apache.hadoop.http.HttpServer2$QuotingInputFilter)
2019-07-13 19:28:17,693 INFO  http.HttpServer2 (HttpServer2.java:addFilter(948)) - Added filter static_user_filter (class=org.apache.hadoop.http.lib.StaticUserWebFilter$StaticUserFilter) to context hddsDatanode
2019-07-13 19:28:17,694 INFO  http.HttpServer2 (HttpServer2.java:addFilter(958)) - Added filter static_user_filter (class=org.apache.hadoop.http.lib.StaticUserWebFilter$StaticUserFilter) to context static
2019-07-13 19:28:17,694 INFO  http.HttpServer2 (HttpServer2.java:addFilter(958)) - Added filter static_user_filter (class=org.apache.hadoop.http.lib.StaticUserWebFilter$StaticUserFilter) to context logs
2019-07-13 19:28:17,695 INFO  http.HttpServer2 (HttpServer2.java:bindListener(1191)) - Jetty bound to port 40596
2019-07-13 19:28:17,696 INFO  server.Server (Server.java:doStart(351)) - jetty-9.3.24.v20180605, build timestamp: 2018-06-05T17:11:56Z, git hash: 84205aa28f11a4f31f2a3b86d1bba2cc8ab69827
2019-07-13 19:28:17,699 INFO  handler.ContextHandler (ContextHandler.java:doStart(781)) - Started o.e.j.s.ServletContextHandler@36cc9385{/logs,file:///tmp/workdir/hadoop-ozone/integration-test/target/log,AVAILABLE}
2019-07-13 19:28:17,700 INFO  handler.ContextHandler (ContextHandler.java:doStart(781)) - Started o.e.j.s.ServletContextHandler@7915bca3{/static,jar:file:/home/user/.m2/repository/org/apache/hadoop/hadoop-hdds-container-service/0.5.0-SNAPSHOT/hadoop-hdds-container-service-0.5.0-SNAPSHOT.jar!/webapps/static,AVAILABLE}
2019-07-13 19:28:17,749 INFO  handler.ContextHandler (ContextHandler.java:doStart(781)) - Started o.e.j.w.WebAppContext@37e0292a{/,file:///tmp/jetty-0.0.0.0-40596-hddsDatanode-_-any-6361094328000606258.dir/webapp/,AVAILABLE}{/hddsDatanode}
2019-07-13 19:28:17,751 INFO  server.AbstractConnector (AbstractConnector.java:doStart(278)) - Started ServerConnector@4af70944{HTTP/1.1,[http/1.1]}{0.0.0.0:40596}
2019-07-13 19:28:17,751 INFO  server.Server (Server.java:doStart(419)) - Started @4959ms
2019-07-13 19:28:17,753 INFO  server.BaseHttpServer (BaseHttpServer.java:updateConnectorAddress(207)) - HTTP server of HDDSDATANODE is listening at http://0.0.0.0:40596
2019-07-13 19:28:18,895 INFO  ozone.HddsDatanodeService (HddsDatanodeService.java:startPlugins(396)) - Started plug-in org.apache.hadoop.ozone.web.OzoneHddsDatanodeService@b4732dc
2019-07-13 19:28:18,898 INFO  impl.MetricsSystemImpl (MetricsSystemImpl.java:init(158)) - HddsDatanode metrics system started (again)
2019-07-13 19:28:18,899 INFO  ozone.HddsDatanodeService (HddsDatanodeService.java:start(185)) - HddsDatanodeService host:trunk-nightly-fxqsz-774976932 ip:192.168.69.122
2019-07-13 19:28:18,906 INFO  util.JvmPauseMonitor (JvmPauseMonitor.java:run(188)) - Starting JVM pause monitor
2019-07-13 19:28:18,912 INFO  volume.HddsVolume (HddsVolume.java:<init>(176)) - Creating Volume: /tmp/workdir/hadoop-ozone/integration-test/target/test-dir/MiniOzoneClusterImpl-8870e792-62d6-436f-b6cb-4a829b9a395c/datanode-1/data/containers/hdds of  storage type : DISK and capacity : 52710309888
2019-07-13 19:28:18,913 INFO  volume.VolumeSet (VolumeSet.java:initializeVolumeSet(170)) - Added Volume : /tmp/workdir/hadoop-ozone/integration-test/target/test-dir/MiniOzoneClusterImpl-8870e792-62d6-436f-b6cb-4a829b9a395c/datanode-1/data/containers/hdds to VolumeSet
2019-07-13 19:28:18,914 INFO  volume.ThrottledAsyncChecker (ThrottledAsyncChecker.java:schedule(140)) - Scheduling a check for org.apache.hadoop.ozone.container.common.volume.HddsVolume@778a1250
2019-07-13 19:28:18,916 INFO  volume.HddsVolumeChecker (HddsVolumeChecker.java:checkAllVolumes(203)) - Scheduled health check for volume org.apache.hadoop.ozone.container.common.volume.HddsVolume@778a1250
2019-07-13 19:28:18,950 INFO  impl.RaftServerProxy (ConfUtils.java:logGet(43)) - raft.rpc.type = GRPC (default)
2019-07-13 19:28:18,951 INFO  grpc.GrpcFactory (GrpcFactory.java:checkPooledByteBufAllocatorUseCacheForAllThreads(45)) - PERFORMANCE WARNING: useCacheForAllThreads is true that may cause Netty to create a lot garbage objects and, as a result, trigger GC.
	It is recommended to disable useCacheForAllThreads by setting -Dorg.apache.ratis.thirdparty.io.netty.allocator.useCacheForAllThreads=false in command line.
2019-07-13 19:28:18,951 INFO  grpc.GrpcConfigKeys$Server (ConfUtils.java:logGet(43)) - raft.grpc.server.port = 0 (default)
2019-07-13 19:28:18,952 INFO  server.GrpcService (ConfUtils.java:logGet(43)) - raft.grpc.message.size.max = 33570816 (custom)
2019-07-13 19:28:18,952 INFO  server.RaftServerConfigKeys (ConfUtils.java:logGet(43)) - raft.server.log.appender.buffer.byte-limit = 33554432 (custom)
2019-07-13 19:28:18,953 INFO  server.GrpcService (ConfUtils.java:logGet(43)) - raft.grpc.flow.control.window = 1MB (=1048576) (default)
2019-07-13 19:28:18,953 INFO  server.RaftServerConfigKeys (ConfUtils.java:logGet(43)) - raft.server.rpc.request.timeout = 3000ms (default)
2019-07-13 19:28:18,955 INFO  server.RaftServerConfigKeys (ConfUtils.java:logGet(43)) - raft.server.storage.dir = [/tmp/workdir/hadoop-ozone/integration-test/target/test-dir/MiniOzoneClusterImpl-8870e792-62d6-436f-b6cb-4a829b9a395c/datanode-1/data/ratis] (custom)
2019-07-13 19:28:18,957 INFO  replication.SimpleContainerDownloader (SimpleContainerDownloader.java:<init>(72)) - Starting container downloader service to copy containers to replicate.
2019-07-13 19:28:18,958 INFO  hdfs.DFSUtil (DFSUtil.java:httpServerTemplateForNNAndJN(1641)) - Starting Web-server for hddsDatanode at: http://0.0.0.0:0
2019-07-13 19:28:18,963 INFO  server.AuthenticationFilter (AuthenticationFilter.java:constructSecretProvider(240)) - Unable to initialize FileSignerSecretProvider, falling back to use random secrets.
2019-07-13 19:28:18,964 WARN  http.HttpRequestLog (HttpRequestLog.java:getRequestLog(97)) - Jetty request log can only be enabled using Log4j
2019-07-13 19:28:18,967 INFO  http.HttpServer2 (HttpServer2.java:addGlobalFilter(975)) - Added global filter 'safety' (class=org.apache.hadoop.http.HttpServer2$QuotingInputFilter)
2019-07-13 19:28:18,968 INFO  http.HttpServer2 (HttpServer2.java:addFilter(948)) - Added filter static_user_filter (class=org.apache.hadoop.http.lib.StaticUserWebFilter$StaticUserFilter) to context hddsDatanode
2019-07-13 19:28:18,969 INFO  http.HttpServer2 (HttpServer2.java:addFilter(958)) - Added filter static_user_filter (class=org.apache.hadoop.http.lib.StaticUserWebFilter$StaticUserFilter) to context static
2019-07-13 19:28:18,969 INFO  http.HttpServer2 (HttpServer2.java:addFilter(958)) - Added filter static_user_filter (class=org.apache.hadoop.http.lib.StaticUserWebFilter$StaticUserFilter) to context logs
2019-07-13 19:28:18,971 INFO  http.HttpServer2 (HttpServer2.java:bindListener(1191)) - Jetty bound to port 34801
2019-07-13 19:28:18,971 INFO  server.Server (Server.java:doStart(351)) - jetty-9.3.24.v20180605, build timestamp: 2018-06-05T17:11:56Z, git hash: 84205aa28f11a4f31f2a3b86d1bba2cc8ab69827
2019-07-13 19:28:18,974 INFO  handler.ContextHandler (ContextHandler.java:doStart(781)) - Started o.e.j.s.ServletContextHandler@359066bc{/logs,file:///tmp/workdir/hadoop-ozone/integration-test/target/log,AVAILABLE}
2019-07-13 19:28:18,975 INFO  handler.ContextHandler (ContextHandler.java:doStart(781)) - Started o.e.j.s.ServletContextHandler@364fd4ae{/static,jar:file:/home/user/.m2/repository/org/apache/hadoop/hadoop-hdds-container-service/0.5.0-SNAPSHOT/hadoop-hdds-container-service-0.5.0-SNAPSHOT.jar!/webapps/static,AVAILABLE}
2019-07-13 19:28:19,017 INFO  handler.ContextHandler (ContextHandler.java:doStart(781)) - Started o.e.j.w.WebAppContext@2e1eb85f{/,file:///tmp/jetty-0.0.0.0-34801-hddsDatanode-_-any-44915985025245790.dir/webapp/,AVAILABLE}{/hddsDatanode}
2019-07-13 19:28:19,019 INFO  server.AbstractConnector (AbstractConnector.java:doStart(278)) - Started ServerConnector@ea7a4c3{HTTP/1.1,[http/1.1]}{0.0.0.0:34801}
2019-07-13 19:28:19,021 INFO  server.Server (Server.java:doStart(419)) - Started @6227ms
2019-07-13 19:28:19,022 INFO  server.BaseHttpServer (BaseHttpServer.java:updateConnectorAddress(207)) - HTTP server of HDDSDATANODE is listening at http://0.0.0.0:34801
2019-07-13 19:28:19,053 INFO  datanode.InitDatanodeState (InitDatanodeState.java:persistContainerDatanodeDetails(140)) - DatanodeDetails is persisted to /tmp/workdir/hadoop-ozone/integration-test/target/test-dir/MiniOzoneClusterImpl-8870e792-62d6-436f-b6cb-4a829b9a395c/datanode-0/meta/datanode.id
2019-07-13 19:28:19,166 INFO  ozone.HddsDatanodeService (HddsDatanodeService.java:startPlugins(396)) - Started plug-in org.apache.hadoop.ozone.web.OzoneHddsDatanodeService@5729b410
2019-07-13 19:28:19,167 INFO  impl.MetricsSystemImpl (MetricsSystemImpl.java:init(158)) - HddsDatanode metrics system started (again)
2019-07-13 19:28:19,168 INFO  ozone.HddsDatanodeService (HddsDatanodeService.java:start(185)) - HddsDatanodeService host:trunk-nightly-fxqsz-774976932 ip:192.168.69.122
2019-07-13 19:28:19,170 INFO  util.JvmPauseMonitor (JvmPauseMonitor.java:run(188)) - Starting JVM pause monitor
2019-07-13 19:28:19,178 INFO  volume.HddsVolume (HddsVolume.java:<init>(176)) - Creating Volume: /tmp/workdir/hadoop-ozone/integration-test/target/test-dir/MiniOzoneClusterImpl-8870e792-62d6-436f-b6cb-4a829b9a395c/datanode-2/data/containers/hdds of  storage type : DISK and capacity : 52710309888
2019-07-13 19:28:19,179 INFO  volume.VolumeSet (VolumeSet.java:initializeVolumeSet(170)) - Added Volume : /tmp/workdir/hadoop-ozone/integration-test/target/test-dir/MiniOzoneClusterImpl-8870e792-62d6-436f-b6cb-4a829b9a395c/datanode-2/data/containers/hdds to VolumeSet
2019-07-13 19:28:19,179 INFO  volume.ThrottledAsyncChecker (ThrottledAsyncChecker.java:schedule(140)) - Scheduling a check for org.apache.hadoop.ozone.container.common.volume.HddsVolume@52b959df
2019-07-13 19:28:19,180 INFO  volume.HddsVolumeChecker (HddsVolumeChecker.java:checkAllVolumes(203)) - Scheduled health check for volume org.apache.hadoop.ozone.container.common.volume.HddsVolume@52b959df
2019-07-13 19:28:19,181 INFO  datanode.InitDatanodeState (InitDatanodeState.java:persistContainerDatanodeDetails(140)) - DatanodeDetails is persisted to /tmp/workdir/hadoop-ozone/integration-test/target/test-dir/MiniOzoneClusterImpl-8870e792-62d6-436f-b6cb-4a829b9a395c/datanode-1/meta/datanode.id
2019-07-13 19:28:19,194 INFO  impl.RaftServerProxy (ConfUtils.java:logGet(43)) - raft.rpc.type = GRPC (default)
2019-07-13 19:28:19,194 INFO  grpc.GrpcFactory (GrpcFactory.java:checkPooledByteBufAllocatorUseCacheForAllThreads(45)) - PERFORMANCE WARNING: useCacheForAllThreads is true that may cause Netty to create a lot garbage objects and, as a result, trigger GC.
	It is recommended to disable useCacheForAllThreads by setting -Dorg.apache.ratis.thirdparty.io.netty.allocator.useCacheForAllThreads=false in command line.
2019-07-13 19:28:19,195 INFO  grpc.GrpcConfigKeys$Server (ConfUtils.java:logGet(43)) - raft.grpc.server.port = 0 (default)
2019-07-13 19:28:19,195 INFO  server.GrpcService (ConfUtils.java:logGet(43)) - raft.grpc.message.size.max = 33570816 (custom)
2019-07-13 19:28:19,195 INFO  server.RaftServerConfigKeys (ConfUtils.java:logGet(43)) - raft.server.log.appender.buffer.byte-limit = 33554432 (custom)
2019-07-13 19:28:19,196 INFO  server.GrpcService (ConfUtils.java:logGet(43)) - raft.grpc.flow.control.window = 1MB (=1048576) (default)
2019-07-13 19:28:19,196 INFO  server.RaftServerConfigKeys (ConfUtils.java:logGet(43)) - raft.server.rpc.request.timeout = 3000ms (default)
2019-07-13 19:28:19,196 INFO  server.RaftServerConfigKeys (ConfUtils.java:logGet(43)) - raft.server.storage.dir = [/tmp/workdir/hadoop-ozone/integration-test/target/test-dir/MiniOzoneClusterImpl-8870e792-62d6-436f-b6cb-4a829b9a395c/datanode-2/data/ratis] (custom)
2019-07-13 19:28:19,197 INFO  replication.SimpleContainerDownloader (SimpleContainerDownloader.java:<init>(72)) - Starting container downloader service to copy containers to replicate.
2019-07-13 19:28:19,198 INFO  hdfs.DFSUtil (DFSUtil.java:httpServerTemplateForNNAndJN(1641)) - Starting Web-server for hddsDatanode at: http://0.0.0.0:0
2019-07-13 19:28:19,199 INFO  server.AuthenticationFilter (AuthenticationFilter.java:constructSecretProvider(240)) - Unable to initialize FileSignerSecretProvider, falling back to use random secrets.
2019-07-13 19:28:19,201 WARN  http.HttpRequestLog (HttpRequestLog.java:getRequestLog(97)) - Jetty request log can only be enabled using Log4j
2019-07-13 19:28:19,203 INFO  http.HttpServer2 (HttpServer2.java:addGlobalFilter(975)) - Added global filter 'safety' (class=org.apache.hadoop.http.HttpServer2$QuotingInputFilter)
2019-07-13 19:28:19,204 INFO  http.HttpServer2 (HttpServer2.java:addFilter(948)) - Added filter static_user_filter (class=org.apache.hadoop.http.lib.StaticUserWebFilter$StaticUserFilter) to context hddsDatanode
2019-07-13 19:28:19,204 INFO  http.HttpServer2 (HttpServer2.java:addFilter(958)) - Added filter static_user_filter (class=org.apache.hadoop.http.lib.StaticUserWebFilter$StaticUserFilter) to context static
2019-07-13 19:28:19,204 INFO  http.HttpServer2 (HttpServer2.java:addFilter(958)) - Added filter static_user_filter (class=org.apache.hadoop.http.lib.StaticUserWebFilter$StaticUserFilter) to context logs
2019-07-13 19:28:19,205 INFO  http.HttpServer2 (HttpServer2.java:bindListener(1191)) - Jetty bound to port 43092
2019-07-13 19:28:19,205 INFO  server.Server (Server.java:doStart(351)) - jetty-9.3.24.v20180605, build timestamp: 2018-06-05T17:11:56Z, git hash: 84205aa28f11a4f31f2a3b86d1bba2cc8ab69827
2019-07-13 19:28:19,209 INFO  handler.ContextHandler (ContextHandler.java:doStart(781)) - Started o.e.j.s.ServletContextHandler@631c6d11{/logs,file:///tmp/workdir/hadoop-ozone/integration-test/target/log,AVAILABLE}
2019-07-13 19:28:19,210 INFO  handler.ContextHandler (ContextHandler.java:doStart(781)) - Started o.e.j.s.ServletContextHandler@62ade015{/static,jar:file:/home/user/.m2/repository/org/apache/hadoop/hadoop-hdds-container-service/0.5.0-SNAPSHOT/hadoop-hdds-container-service-0.5.0-SNAPSHOT.jar!/webapps/static,AVAILABLE}
2019-07-13 19:28:19,240 INFO  handler.ContextHandler (ContextHandler.java:doStart(781)) - Started o.e.j.w.WebAppContext@7197b07f{/,file:///tmp/jetty-0.0.0.0-43092-hddsDatanode-_-any-5911675193967409544.dir/webapp/,AVAILABLE}{/hddsDatanode}
2019-07-13 19:28:19,240 INFO  server.AbstractConnector (AbstractConnector.java:doStart(278)) - Started ServerConnector@1f10fec6{HTTP/1.1,[http/1.1]}{0.0.0.0:43092}
2019-07-13 19:28:19,242 INFO  server.Server (Server.java:doStart(419)) - Started @6450ms
2019-07-13 19:28:19,244 INFO  server.BaseHttpServer (BaseHttpServer.java:updateConnectorAddress(207)) - HTTP server of HDDSDATANODE is listening at http://0.0.0.0:43092
2019-07-13 19:28:19,374 INFO  ozone.HddsDatanodeService (HddsDatanodeService.java:startPlugins(396)) - Started plug-in org.apache.hadoop.ozone.web.OzoneHddsDatanodeService@7436364d
2019-07-13 19:28:19,375 INFO  impl.MetricsSystemImpl (MetricsSystemImpl.java:init(158)) - HddsDatanode metrics system started (again)
2019-07-13 19:28:19,376 INFO  ozone.HddsDatanodeService (HddsDatanodeService.java:start(185)) - HddsDatanodeService host:trunk-nightly-fxqsz-774976932 ip:192.168.69.122
2019-07-13 19:28:19,378 INFO  util.JvmPauseMonitor (JvmPauseMonitor.java:run(188)) - Starting JVM pause monitor
2019-07-13 19:28:19,381 INFO  datanode.InitDatanodeState (InitDatanodeState.java:persistContainerDatanodeDetails(140)) - DatanodeDetails is persisted to /tmp/workdir/hadoop-ozone/integration-test/target/test-dir/MiniOzoneClusterImpl-8870e792-62d6-436f-b6cb-4a829b9a395c/datanode-2/meta/datanode.id
2019-07-13 19:28:19,387 INFO  volume.HddsVolume (HddsVolume.java:<init>(176)) - Creating Volume: /tmp/workdir/hadoop-ozone/integration-test/target/test-dir/MiniOzoneClusterImpl-8870e792-62d6-436f-b6cb-4a829b9a395c/datanode-3/data/containers/hdds of  storage type : DISK and capacity : 52710309888
2019-07-13 19:28:19,387 INFO  volume.VolumeSet (VolumeSet.java:initializeVolumeSet(170)) - Added Volume : /tmp/workdir/hadoop-ozone/integration-test/target/test-dir/MiniOzoneClusterImpl-8870e792-62d6-436f-b6cb-4a829b9a395c/datanode-3/data/containers/hdds to VolumeSet
2019-07-13 19:28:19,388 INFO  volume.ThrottledAsyncChecker (ThrottledAsyncChecker.java:schedule(140)) - Scheduling a check for org.apache.hadoop.ozone.container.common.volume.HddsVolume@517704
2019-07-13 19:28:19,388 INFO  volume.HddsVolumeChecker (HddsVolumeChecker.java:checkAllVolumes(203)) - Scheduled health check for volume org.apache.hadoop.ozone.container.common.volume.HddsVolume@517704
2019-07-13 19:28:19,408 INFO  impl.RaftServerProxy (ConfUtils.java:logGet(43)) - raft.rpc.type = GRPC (default)
2019-07-13 19:28:19,409 INFO  grpc.GrpcFactory (GrpcFactory.java:checkPooledByteBufAllocatorUseCacheForAllThreads(45)) - PERFORMANCE WARNING: useCacheForAllThreads is true that may cause Netty to create a lot garbage objects and, as a result, trigger GC.
	It is recommended to disable useCacheForAllThreads by setting -Dorg.apache.ratis.thirdparty.io.netty.allocator.useCacheForAllThreads=false in command line.
2019-07-13 19:28:19,409 INFO  grpc.GrpcConfigKeys$Server (ConfUtils.java:logGet(43)) - raft.grpc.server.port = 0 (default)
2019-07-13 19:28:19,410 INFO  server.GrpcService (ConfUtils.java:logGet(43)) - raft.grpc.message.size.max = 33570816 (custom)
2019-07-13 19:28:19,410 INFO  server.RaftServerConfigKeys (ConfUtils.java:logGet(43)) - raft.server.log.appender.buffer.byte-limit = 33554432 (custom)
2019-07-13 19:28:19,410 INFO  server.GrpcService (ConfUtils.java:logGet(43)) - raft.grpc.flow.control.window = 1MB (=1048576) (default)
2019-07-13 19:28:19,411 INFO  server.RaftServerConfigKeys (ConfUtils.java:logGet(43)) - raft.server.rpc.request.timeout = 3000ms (default)
2019-07-13 19:28:19,412 INFO  server.RaftServerConfigKeys (ConfUtils.java:logGet(43)) - raft.server.storage.dir = [/tmp/workdir/hadoop-ozone/integration-test/target/test-dir/MiniOzoneClusterImpl-8870e792-62d6-436f-b6cb-4a829b9a395c/datanode-3/data/ratis] (custom)
2019-07-13 19:28:19,412 INFO  replication.SimpleContainerDownloader (SimpleContainerDownloader.java:<init>(72)) - Starting container downloader service to copy containers to replicate.
2019-07-13 19:28:19,414 INFO  hdfs.DFSUtil (DFSUtil.java:httpServerTemplateForNNAndJN(1641)) - Starting Web-server for hddsDatanode at: http://0.0.0.0:0
2019-07-13 19:28:19,416 INFO  server.AuthenticationFilter (AuthenticationFilter.java:constructSecretProvider(240)) - Unable to initialize FileSignerSecretProvider, falling back to use random secrets.
2019-07-13 19:28:19,416 WARN  http.HttpRequestLog (HttpRequestLog.java:getRequestLog(97)) - Jetty request log can only be enabled using Log4j
2019-07-13 19:28:19,418 INFO  http.HttpServer2 (HttpServer2.java:addGlobalFilter(975)) - Added global filter 'safety' (class=org.apache.hadoop.http.HttpServer2$QuotingInputFilter)
2019-07-13 19:28:19,418 INFO  http.HttpServer2 (HttpServer2.java:addFilter(948)) - Added filter static_user_filter (class=org.apache.hadoop.http.lib.StaticUserWebFilter$StaticUserFilter) to context hddsDatanode
2019-07-13 19:28:19,418 INFO  http.HttpServer2 (HttpServer2.java:addFilter(958)) - Added filter static_user_filter (class=org.apache.hadoop.http.lib.StaticUserWebFilter$StaticUserFilter) to context static
2019-07-13 19:28:19,419 INFO  http.HttpServer2 (HttpServer2.java:addFilter(958)) - Added filter static_user_filter (class=org.apache.hadoop.http.lib.StaticUserWebFilter$StaticUserFilter) to context logs
2019-07-13 19:28:19,420 INFO  http.HttpServer2 (HttpServer2.java:bindListener(1191)) - Jetty bound to port 34194
2019-07-13 19:28:19,420 INFO  server.Server (Server.java:doStart(351)) - jetty-9.3.24.v20180605, build timestamp: 2018-06-05T17:11:56Z, git hash: 84205aa28f11a4f31f2a3b86d1bba2cc8ab69827
2019-07-13 19:28:19,422 INFO  handler.ContextHandler (ContextHandler.java:doStart(781)) - Started o.e.j.s.ServletContextHandler@1e30db85{/logs,file:///tmp/workdir/hadoop-ozone/integration-test/target/log,AVAILABLE}
2019-07-13 19:28:19,422 INFO  handler.ContextHandler (ContextHandler.java:doStart(781)) - Started o.e.j.s.ServletContextHandler@cc9ef8d{/static,jar:file:/home/user/.m2/repository/org/apache/hadoop/hadoop-hdds-container-service/0.5.0-SNAPSHOT/hadoop-hdds-container-service-0.5.0-SNAPSHOT.jar!/webapps/static,AVAILABLE}
2019-07-13 19:28:19,451 INFO  handler.ContextHandler (ContextHandler.java:doStart(781)) - Started o.e.j.w.WebAppContext@6a2d867d{/,file:///tmp/jetty-0.0.0.0-34194-hddsDatanode-_-any-842531576435918268.dir/webapp/,AVAILABLE}{/hddsDatanode}
2019-07-13 19:28:19,451 INFO  server.AbstractConnector (AbstractConnector.java:doStart(278)) - Started ServerConnector@73bb1337{HTTP/1.1,[http/1.1]}{0.0.0.0:34194}
2019-07-13 19:28:19,453 INFO  server.Server (Server.java:doStart(419)) - Started @6660ms
2019-07-13 19:28:19,454 INFO  server.BaseHttpServer (BaseHttpServer.java:updateConnectorAddress(207)) - HTTP server of HDDSDATANODE is listening at http://0.0.0.0:34194
2019-07-13 19:28:19,600 INFO  ozone.HddsDatanodeService (HddsDatanodeService.java:startPlugins(396)) - Started plug-in org.apache.hadoop.ozone.web.OzoneHddsDatanodeService@65da01f4
2019-07-13 19:28:19,601 INFO  impl.MetricsSystemImpl (MetricsSystemImpl.java:init(158)) - HddsDatanode metrics system started (again)
2019-07-13 19:28:19,602 INFO  ozone.HddsDatanodeService (HddsDatanodeService.java:start(185)) - HddsDatanodeService host:trunk-nightly-fxqsz-774976932 ip:192.168.69.122
2019-07-13 19:28:19,604 INFO  util.JvmPauseMonitor (JvmPauseMonitor.java:run(188)) - Starting JVM pause monitor
2019-07-13 19:28:19,607 INFO  datanode.InitDatanodeState (InitDatanodeState.java:persistContainerDatanodeDetails(140)) - DatanodeDetails is persisted to /tmp/workdir/hadoop-ozone/integration-test/target/test-dir/MiniOzoneClusterImpl-8870e792-62d6-436f-b6cb-4a829b9a395c/datanode-3/meta/datanode.id
2019-07-13 19:28:19,612 INFO  volume.HddsVolume (HddsVolume.java:<init>(176)) - Creating Volume: /tmp/workdir/hadoop-ozone/integration-test/target/test-dir/MiniOzoneClusterImpl-8870e792-62d6-436f-b6cb-4a829b9a395c/datanode-4/data/containers/hdds of  storage type : DISK and capacity : 52710309888
2019-07-13 19:28:19,612 INFO  volume.VolumeSet (VolumeSet.java:initializeVolumeSet(170)) - Added Volume : /tmp/workdir/hadoop-ozone/integration-test/target/test-dir/MiniOzoneClusterImpl-8870e792-62d6-436f-b6cb-4a829b9a395c/datanode-4/data/containers/hdds to VolumeSet
2019-07-13 19:28:19,612 INFO  volume.ThrottledAsyncChecker (ThrottledAsyncChecker.java:schedule(140)) - Scheduling a check for org.apache.hadoop.ozone.container.common.volume.HddsVolume@6b2fdffc
2019-07-13 19:28:19,614 INFO  volume.HddsVolumeChecker (HddsVolumeChecker.java:checkAllVolumes(203)) - Scheduled health check for volume org.apache.hadoop.ozone.container.common.volume.HddsVolume@6b2fdffc
2019-07-13 19:28:19,629 INFO  impl.RaftServerProxy (ConfUtils.java:logGet(43)) - raft.rpc.type = GRPC (default)
2019-07-13 19:28:19,629 INFO  grpc.GrpcFactory (GrpcFactory.java:checkPooledByteBufAllocatorUseCacheForAllThreads(45)) - PERFORMANCE WARNING: useCacheForAllThreads is true that may cause Netty to create a lot garbage objects and, as a result, trigger GC.
	It is recommended to disable useCacheForAllThreads by setting -Dorg.apache.ratis.thirdparty.io.netty.allocator.useCacheForAllThreads=false in command line.
2019-07-13 19:28:19,629 INFO  grpc.GrpcConfigKeys$Server (ConfUtils.java:logGet(43)) - raft.grpc.server.port = 0 (default)
2019-07-13 19:28:19,630 INFO  server.GrpcService (ConfUtils.java:logGet(43)) - raft.grpc.message.size.max = 33570816 (custom)
2019-07-13 19:28:19,630 INFO  server.RaftServerConfigKeys (ConfUtils.java:logGet(43)) - raft.server.log.appender.buffer.byte-limit = 33554432 (custom)
2019-07-13 19:28:19,630 INFO  server.GrpcService (ConfUtils.java:logGet(43)) - raft.grpc.flow.control.window = 1MB (=1048576) (default)
2019-07-13 19:28:19,630 INFO  server.RaftServerConfigKeys (ConfUtils.java:logGet(43)) - raft.server.rpc.request.timeout = 3000ms (default)
2019-07-13 19:28:19,631 INFO  server.RaftServerConfigKeys (ConfUtils.java:logGet(43)) - raft.server.storage.dir = [/tmp/workdir/hadoop-ozone/integration-test/target/test-dir/MiniOzoneClusterImpl-8870e792-62d6-436f-b6cb-4a829b9a395c/datanode-4/data/ratis] (custom)
2019-07-13 19:28:19,631 INFO  replication.SimpleContainerDownloader (SimpleContainerDownloader.java:<init>(72)) - Starting container downloader service to copy containers to replicate.
2019-07-13 19:28:19,633 INFO  hdfs.DFSUtil (DFSUtil.java:httpServerTemplateForNNAndJN(1641)) - Starting Web-server for hddsDatanode at: http://0.0.0.0:0
2019-07-13 19:28:19,634 INFO  server.AuthenticationFilter (AuthenticationFilter.java:constructSecretProvider(240)) - Unable to initialize FileSignerSecretProvider, falling back to use random secrets.
2019-07-13 19:28:19,634 WARN  http.HttpRequestLog (HttpRequestLog.java:getRequestLog(97)) - Jetty request log can only be enabled using Log4j
2019-07-13 19:28:19,636 INFO  http.HttpServer2 (HttpServer2.java:addGlobalFilter(975)) - Added global filter 'safety' (class=org.apache.hadoop.http.HttpServer2$QuotingInputFilter)
2019-07-13 19:28:19,636 INFO  http.HttpServer2 (HttpServer2.java:addFilter(948)) - Added filter static_user_filter (class=org.apache.hadoop.http.lib.StaticUserWebFilter$StaticUserFilter) to context hddsDatanode
2019-07-13 19:28:19,636 INFO  http.HttpServer2 (HttpServer2.java:addFilter(958)) - Added filter static_user_filter (class=org.apache.hadoop.http.lib.StaticUserWebFilter$StaticUserFilter) to context logs
2019-07-13 19:28:19,637 INFO  http.HttpServer2 (HttpServer2.java:addFilter(958)) - Added filter static_user_filter (class=org.apache.hadoop.http.lib.StaticUserWebFilter$StaticUserFilter) to context static
2019-07-13 19:28:19,637 INFO  http.HttpServer2 (HttpServer2.java:bindListener(1191)) - Jetty bound to port 46147
2019-07-13 19:28:19,637 INFO  server.Server (Server.java:doStart(351)) - jetty-9.3.24.v20180605, build timestamp: 2018-06-05T17:11:56Z, git hash: 84205aa28f11a4f31f2a3b86d1bba2cc8ab69827
2019-07-13 19:28:19,642 INFO  handler.ContextHandler (ContextHandler.java:doStart(781)) - Started o.e.j.s.ServletContextHandler@615db358{/logs,file:///tmp/workdir/hadoop-ozone/integration-test/target/log,AVAILABLE}
2019-07-13 19:28:19,643 INFO  handler.ContextHandler (ContextHandler.java:doStart(781)) - Started o.e.j.s.ServletContextHandler@5fef0c19{/static,jar:file:/home/user/.m2/repository/org/apache/hadoop/hadoop-hdds-container-service/0.5.0-SNAPSHOT/hadoop-hdds-container-service-0.5.0-SNAPSHOT.jar!/webapps/static,AVAILABLE}
2019-07-13 19:28:19,670 INFO  handler.ContextHandler (ContextHandler.java:doStart(781)) - Started o.e.j.w.WebAppContext@367d34c0{/,file:///tmp/jetty-0.0.0.0-46147-hddsDatanode-_-any-5772555169936288152.dir/webapp/,AVAILABLE}{/hddsDatanode}
2019-07-13 19:28:19,671 INFO  server.AbstractConnector (AbstractConnector.java:doStart(278)) - Started ServerConnector@4ce25e47{HTTP/1.1,[http/1.1]}{0.0.0.0:46147}
2019-07-13 19:28:19,672 INFO  server.Server (Server.java:doStart(419)) - Started @6879ms
2019-07-13 19:28:19,672 INFO  server.BaseHttpServer (BaseHttpServer.java:updateConnectorAddress(207)) - HTTP server of HDDSDATANODE is listening at http://0.0.0.0:46147
2019-07-13 19:28:19,792 INFO  ozone.HddsDatanodeService (HddsDatanodeService.java:startPlugins(396)) - Started plug-in org.apache.hadoop.ozone.web.OzoneHddsDatanodeService@15d236fd
2019-07-13 19:28:19,793 INFO  impl.MetricsSystemImpl (MetricsSystemImpl.java:init(158)) - HddsDatanode metrics system started (again)
2019-07-13 19:28:19,794 INFO  ozone.HddsDatanodeService (HddsDatanodeService.java:start(185)) - HddsDatanodeService host:trunk-nightly-fxqsz-774976932 ip:192.168.69.122
2019-07-13 19:28:19,797 INFO  util.JvmPauseMonitor (JvmPauseMonitor.java:run(188)) - Starting JVM pause monitor
2019-07-13 19:28:19,799 INFO  datanode.InitDatanodeState (InitDatanodeState.java:persistContainerDatanodeDetails(140)) - DatanodeDetails is persisted to /tmp/workdir/hadoop-ozone/integration-test/target/test-dir/MiniOzoneClusterImpl-8870e792-62d6-436f-b6cb-4a829b9a395c/datanode-4/meta/datanode.id
2019-07-13 19:28:19,804 INFO  volume.HddsVolume (HddsVolume.java:<init>(176)) - Creating Volume: /tmp/workdir/hadoop-ozone/integration-test/target/test-dir/MiniOzoneClusterImpl-8870e792-62d6-436f-b6cb-4a829b9a395c/datanode-5/data/containers/hdds of  storage type : DISK and capacity : 52710309888
2019-07-13 19:28:19,805 INFO  volume.VolumeSet (VolumeSet.java:initializeVolumeSet(170)) - Added Volume : /tmp/workdir/hadoop-ozone/integration-test/target/test-dir/MiniOzoneClusterImpl-8870e792-62d6-436f-b6cb-4a829b9a395c/datanode-5/data/containers/hdds to VolumeSet
2019-07-13 19:28:19,805 INFO  volume.ThrottledAsyncChecker (ThrottledAsyncChecker.java:schedule(140)) - Scheduling a check for org.apache.hadoop.ozone.container.common.volume.HddsVolume@33eb0d4
2019-07-13 19:28:19,806 INFO  volume.HddsVolumeChecker (HddsVolumeChecker.java:checkAllVolumes(203)) - Scheduled health check for volume org.apache.hadoop.ozone.container.common.volume.HddsVolume@33eb0d4
2019-07-13 19:28:19,827 INFO  impl.RaftServerProxy (ConfUtils.java:logGet(43)) - raft.rpc.type = GRPC (default)
2019-07-13 19:28:19,827 INFO  grpc.GrpcFactory (GrpcFactory.java:checkPooledByteBufAllocatorUseCacheForAllThreads(45)) - PERFORMANCE WARNING: useCacheForAllThreads is true that may cause Netty to create a lot garbage objects and, as a result, trigger GC.
	It is recommended to disable useCacheForAllThreads by setting -Dorg.apache.ratis.thirdparty.io.netty.allocator.useCacheForAllThreads=false in command line.
2019-07-13 19:28:19,828 INFO  grpc.GrpcConfigKeys$Server (ConfUtils.java:logGet(43)) - raft.grpc.server.port = 0 (default)
2019-07-13 19:28:19,828 INFO  server.GrpcService (ConfUtils.java:logGet(43)) - raft.grpc.message.size.max = 33570816 (custom)
2019-07-13 19:28:19,828 INFO  server.RaftServerConfigKeys (ConfUtils.java:logGet(43)) - raft.server.log.appender.buffer.byte-limit = 33554432 (custom)
2019-07-13 19:28:19,829 INFO  server.GrpcService (ConfUtils.java:logGet(43)) - raft.grpc.flow.control.window = 1MB (=1048576) (default)
2019-07-13 19:28:19,829 INFO  server.RaftServerConfigKeys (ConfUtils.java:logGet(43)) - raft.server.rpc.request.timeout = 3000ms (default)
2019-07-13 19:28:19,830 INFO  server.RaftServerConfigKeys (ConfUtils.java:logGet(43)) - raft.server.storage.dir = [/tmp/workdir/hadoop-ozone/integration-test/target/test-dir/MiniOzoneClusterImpl-8870e792-62d6-436f-b6cb-4a829b9a395c/datanode-5/data/ratis] (custom)
2019-07-13 19:28:19,830 INFO  replication.SimpleContainerDownloader (SimpleContainerDownloader.java:<init>(72)) - Starting container downloader service to copy containers to replicate.
2019-07-13 19:28:19,832 INFO  hdfs.DFSUtil (DFSUtil.java:httpServerTemplateForNNAndJN(1641)) - Starting Web-server for hddsDatanode at: http://0.0.0.0:0
2019-07-13 19:28:19,833 INFO  server.AuthenticationFilter (AuthenticationFilter.java:constructSecretProvider(240)) - Unable to initialize FileSignerSecretProvider, falling back to use random secrets.
2019-07-13 19:28:19,833 WARN  http.HttpRequestLog (HttpRequestLog.java:getRequestLog(97)) - Jetty request log can only be enabled using Log4j
2019-07-13 19:28:19,835 INFO  http.HttpServer2 (HttpServer2.java:addGlobalFilter(975)) - Added global filter 'safety' (class=org.apache.hadoop.http.HttpServer2$QuotingInputFilter)
2019-07-13 19:28:19,835 INFO  http.HttpServer2 (HttpServer2.java:addFilter(948)) - Added filter static_user_filter (class=org.apache.hadoop.http.lib.StaticUserWebFilter$StaticUserFilter) to context hddsDatanode
2019-07-13 19:28:19,835 INFO  http.HttpServer2 (HttpServer2.java:addFilter(958)) - Added filter static_user_filter (class=org.apache.hadoop.http.lib.StaticUserWebFilter$StaticUserFilter) to context static
2019-07-13 19:28:19,836 INFO  http.HttpServer2 (HttpServer2.java:addFilter(958)) - Added filter static_user_filter (class=org.apache.hadoop.http.lib.StaticUserWebFilter$StaticUserFilter) to context logs
2019-07-13 19:28:19,836 INFO  http.HttpServer2 (HttpServer2.java:bindListener(1191)) - Jetty bound to port 35751
2019-07-13 19:28:19,836 INFO  server.Server (Server.java:doStart(351)) - jetty-9.3.24.v20180605, build timestamp: 2018-06-05T17:11:56Z, git hash: 84205aa28f11a4f31f2a3b86d1bba2cc8ab69827
2019-07-13 19:28:19,839 INFO  handler.ContextHandler (ContextHandler.java:doStart(781)) - Started o.e.j.s.ServletContextHandler@6885ed19{/logs,file:///tmp/workdir/hadoop-ozone/integration-test/target/log,AVAILABLE}
2019-07-13 19:28:19,839 INFO  handler.ContextHandler (ContextHandler.java:doStart(781)) - Started o.e.j.s.ServletContextHandler@2d4a3e13{/static,jar:file:/home/user/.m2/repository/org/apache/hadoop/hadoop-hdds-container-service/0.5.0-SNAPSHOT/hadoop-hdds-container-service-0.5.0-SNAPSHOT.jar!/webapps/static,AVAILABLE}
2019-07-13 19:28:19,867 INFO  handler.ContextHandler (ContextHandler.java:doStart(781)) - Started o.e.j.w.WebAppContext@561f9d92{/,file:///tmp/jetty-0.0.0.0-35751-hddsDatanode-_-any-4978504520089737532.dir/webapp/,AVAILABLE}{/hddsDatanode}
2019-07-13 19:28:19,867 INFO  server.AbstractConnector (AbstractConnector.java:doStart(278)) - Started ServerConnector@1c84d80a{HTTP/1.1,[http/1.1]}{0.0.0.0:35751}
2019-07-13 19:28:19,868 INFO  server.Server (Server.java:doStart(419)) - Started @7076ms
2019-07-13 19:28:19,869 INFO  server.BaseHttpServer (BaseHttpServer.java:updateConnectorAddress(207)) - HTTP server of HDDSDATANODE is listening at http://0.0.0.0:35751
2019-07-13 19:28:20,002 INFO  ozone.HddsDatanodeService (HddsDatanodeService.java:startPlugins(396)) - Started plug-in org.apache.hadoop.ozone.web.OzoneHddsDatanodeService@16f15ae9
2019-07-13 19:28:20,002 INFO  impl.MetricsSystemImpl (MetricsSystemImpl.java:init(158)) - HddsDatanode metrics system started (again)
2019-07-13 19:28:20,004 INFO  ozone.HddsDatanodeService (HddsDatanodeService.java:start(185)) - HddsDatanodeService host:trunk-nightly-fxqsz-774976932 ip:192.168.69.122
2019-07-13 19:28:20,006 INFO  util.JvmPauseMonitor (JvmPauseMonitor.java:run(188)) - Starting JVM pause monitor
2019-07-13 19:28:20,014 INFO  volume.HddsVolume (HddsVolume.java:<init>(176)) - Creating Volume: /tmp/workdir/hadoop-ozone/integration-test/target/test-dir/MiniOzoneClusterImpl-8870e792-62d6-436f-b6cb-4a829b9a395c/datanode-6/data/containers/hdds of  storage type : DISK and capacity : 52710309888
2019-07-13 19:28:20,014 INFO  datanode.InitDatanodeState (InitDatanodeState.java:persistContainerDatanodeDetails(140)) - DatanodeDetails is persisted to /tmp/workdir/hadoop-ozone/integration-test/target/test-dir/MiniOzoneClusterImpl-8870e792-62d6-436f-b6cb-4a829b9a395c/datanode-5/meta/datanode.id
2019-07-13 19:28:20,014 INFO  volume.VolumeSet (VolumeSet.java:initializeVolumeSet(170)) - Added Volume : /tmp/workdir/hadoop-ozone/integration-test/target/test-dir/MiniOzoneClusterImpl-8870e792-62d6-436f-b6cb-4a829b9a395c/datanode-6/data/containers/hdds to VolumeSet
2019-07-13 19:28:20,015 INFO  volume.ThrottledAsyncChecker (ThrottledAsyncChecker.java:schedule(140)) - Scheduling a check for org.apache.hadoop.ozone.container.common.volume.HddsVolume@2b79c8ff
2019-07-13 19:28:20,015 INFO  volume.HddsVolumeChecker (HddsVolumeChecker.java:checkAllVolumes(203)) - Scheduled health check for volume org.apache.hadoop.ozone.container.common.volume.HddsVolume@2b79c8ff
2019-07-13 19:28:20,033 INFO  impl.RaftServerProxy (ConfUtils.java:logGet(43)) - raft.rpc.type = GRPC (default)
2019-07-13 19:28:20,033 INFO  grpc.GrpcFactory (GrpcFactory.java:checkPooledByteBufAllocatorUseCacheForAllThreads(45)) - PERFORMANCE WARNING: useCacheForAllThreads is true that may cause Netty to create a lot garbage objects and, as a result, trigger GC.
	It is recommended to disable useCacheForAllThreads by setting -Dorg.apache.ratis.thirdparty.io.netty.allocator.useCacheForAllThreads=false in command line.
2019-07-13 19:28:20,034 INFO  grpc.GrpcConfigKeys$Server (ConfUtils.java:logGet(43)) - raft.grpc.server.port = 0 (default)
2019-07-13 19:28:20,034 INFO  server.GrpcService (ConfUtils.java:logGet(43)) - raft.grpc.message.size.max = 33570816 (custom)
2019-07-13 19:28:20,034 INFO  server.RaftServerConfigKeys (ConfUtils.java:logGet(43)) - raft.server.log.appender.buffer.byte-limit = 33554432 (custom)
2019-07-13 19:28:20,034 INFO  server.GrpcService (ConfUtils.java:logGet(43)) - raft.grpc.flow.control.window = 1MB (=1048576) (default)
2019-07-13 19:28:20,034 INFO  server.RaftServerConfigKeys (ConfUtils.java:logGet(43)) - raft.server.rpc.request.timeout = 3000ms (default)
2019-07-13 19:28:20,035 INFO  server.RaftServerConfigKeys (ConfUtils.java:logGet(43)) - raft.server.storage.dir = [/tmp/workdir/hadoop-ozone/integration-test/target/test-dir/MiniOzoneClusterImpl-8870e792-62d6-436f-b6cb-4a829b9a395c/datanode-6/data/ratis] (custom)
2019-07-13 19:28:20,035 INFO  replication.SimpleContainerDownloader (SimpleContainerDownloader.java:<init>(72)) - Starting container downloader service to copy containers to replicate.
2019-07-13 19:28:20,036 INFO  hdfs.DFSUtil (DFSUtil.java:httpServerTemplateForNNAndJN(1641)) - Starting Web-server for hddsDatanode at: http://0.0.0.0:0
2019-07-13 19:28:20,038 INFO  server.AuthenticationFilter (AuthenticationFilter.java:constructSecretProvider(240)) - Unable to initialize FileSignerSecretProvider, falling back to use random secrets.
2019-07-13 19:28:20,038 WARN  http.HttpRequestLog (HttpRequestLog.java:getRequestLog(97)) - Jetty request log can only be enabled using Log4j
2019-07-13 19:28:20,039 INFO  http.HttpServer2 (HttpServer2.java:addGlobalFilter(975)) - Added global filter 'safety' (class=org.apache.hadoop.http.HttpServer2$QuotingInputFilter)
2019-07-13 19:28:20,040 INFO  http.HttpServer2 (HttpServer2.java:addFilter(948)) - Added filter static_user_filter (class=org.apache.hadoop.http.lib.StaticUserWebFilter$StaticUserFilter) to context hddsDatanode
2019-07-13 19:28:20,040 INFO  http.HttpServer2 (HttpServer2.java:addFilter(958)) - Added filter static_user_filter (class=org.apache.hadoop.http.lib.StaticUserWebFilter$StaticUserFilter) to context logs
2019-07-13 19:28:20,040 INFO  http.HttpServer2 (HttpServer2.java:addFilter(958)) - Added filter static_user_filter (class=org.apache.hadoop.http.lib.StaticUserWebFilter$StaticUserFilter) to context static
2019-07-13 19:28:20,041 INFO  http.HttpServer2 (HttpServer2.java:bindListener(1191)) - Jetty bound to port 41417
2019-07-13 19:28:20,041 INFO  server.Server (Server.java:doStart(351)) - jetty-9.3.24.v20180605, build timestamp: 2018-06-05T17:11:56Z, git hash: 84205aa28f11a4f31f2a3b86d1bba2cc8ab69827
2019-07-13 19:28:20,043 INFO  handler.ContextHandler (ContextHandler.java:doStart(781)) - Started o.e.j.s.ServletContextHandler@6568f998{/logs,file:///tmp/workdir/hadoop-ozone/integration-test/target/log,AVAILABLE}
2019-07-13 19:28:20,043 INFO  handler.ContextHandler (ContextHandler.java:doStart(781)) - Started o.e.j.s.ServletContextHandler@782fd504{/static,jar:file:/home/user/.m2/repository/org/apache/hadoop/hadoop-hdds-container-service/0.5.0-SNAPSHOT/hadoop-hdds-container-service-0.5.0-SNAPSHOT.jar!/webapps/static,AVAILABLE}
2019-07-13 19:28:20,071 INFO  handler.ContextHandler (ContextHandler.java:doStart(781)) - Started o.e.j.w.WebAppContext@418f0534{/,file:///tmp/jetty-0.0.0.0-41417-hddsDatanode-_-any-3984923899103451173.dir/webapp/,AVAILABLE}{/hddsDatanode}
2019-07-13 19:28:20,071 INFO  server.AbstractConnector (AbstractConnector.java:doStart(278)) - Started ServerConnector@3dfd7eaa{HTTP/1.1,[http/1.1]}{0.0.0.0:41417}
2019-07-13 19:28:20,072 INFO  server.Server (Server.java:doStart(419)) - Started @7280ms
2019-07-13 19:28:20,073 INFO  server.BaseHttpServer (BaseHttpServer.java:updateConnectorAddress(207)) - HTTP server of HDDSDATANODE is listening at http://0.0.0.0:41417
2019-07-13 19:28:20,294 INFO  ozone.HddsDatanodeService (HddsDatanodeService.java:startPlugins(396)) - Started plug-in org.apache.hadoop.ozone.web.OzoneHddsDatanodeService@28e7bb31
2019-07-13 19:28:20,297 INFO  ozone.MiniOzoneClusterImpl (MiniOzoneClusterImpl.java:lambda$waitForClusterToBeReady$0(142)) - Waiting for cluster to be ready. Got 0 of 7 DN Heartbeats.
2019-07-13 19:28:20,299 INFO  util.JvmPauseMonitor (JvmPauseMonitor.java:run(188)) - Starting JVM pause monitor
2019-07-13 19:28:20,301 INFO  datanode.InitDatanodeState (InitDatanodeState.java:persistContainerDatanodeDetails(140)) - DatanodeDetails is persisted to /tmp/workdir/hadoop-ozone/integration-test/target/test-dir/MiniOzoneClusterImpl-8870e792-62d6-436f-b6cb-4a829b9a395c/datanode-6/meta/datanode.id
2019-07-13 19:28:20,965 INFO  ozoneimpl.OzoneContainer (OzoneContainer.java:start(186)) - Attempting to start container services.
2019-07-13 19:28:20,967 INFO  ozoneimpl.OzoneContainer (OzoneContainer.java:startContainerScrub(160)) - Background container scrubber has been disabled by hdds.containerscrub.enabled
2019-07-13 19:28:20,968 INFO  ratis.XceiverServerRatis (XceiverServerRatis.java:start(418)) - Starting XceiverServerRatis 641a3f2a-10d0-4978-9d9f-4af2391f0f09 at port 0
2019-07-13 19:28:20,992 INFO  impl.RaftServerProxy (RaftServerProxy.java:lambda$start$3(299)) - 641a3f2a-10d0-4978-9d9f-4af2391f0f09: start RPC server
2019-07-13 19:28:21,127 INFO  server.GrpcService (GrpcService.java:startImpl(149)) - 641a3f2a-10d0-4978-9d9f-4af2391f0f09: GrpcService started, listening on 0.0.0.0/0.0.0.0:35732
2019-07-13 19:28:21,129 INFO  ratis.XceiverServerRatis (XceiverServerRatis.java:start(428)) - XceiverServerRatis 641a3f2a-10d0-4978-9d9f-4af2391f0f09 is started using port 35732
2019-07-13 19:28:21,131 INFO  server.XceiverServerGrpc (XceiverServerGrpc.java:start(161)) - XceiverServerGrpc 641a3f2a-10d0-4978-9d9f-4af2391f0f09 is started using port 44740
2019-07-13 19:28:21,187 INFO  ozoneimpl.OzoneContainer (OzoneContainer.java:start(186)) - Attempting to start container services.
2019-07-13 19:28:21,190 INFO  ozoneimpl.OzoneContainer (OzoneContainer.java:startContainerScrub(160)) - Background container scrubber has been disabled by hdds.containerscrub.enabled
2019-07-13 19:28:21,190 INFO  ratis.XceiverServerRatis (XceiverServerRatis.java:start(418)) - Starting XceiverServerRatis b586f36b-7d1b-45fa-beb7-f89578bcb25e at port 0
2019-07-13 19:28:21,199 INFO  impl.RaftServerProxy (RaftServerProxy.java:lambda$start$3(299)) - b586f36b-7d1b-45fa-beb7-f89578bcb25e: start RPC server
2019-07-13 19:28:21,203 INFO  server.GrpcService (GrpcService.java:startImpl(149)) - b586f36b-7d1b-45fa-beb7-f89578bcb25e: GrpcService started, listening on 0.0.0.0/0.0.0.0:33629
2019-07-13 19:28:21,203 INFO  ratis.XceiverServerRatis (XceiverServerRatis.java:start(428)) - XceiverServerRatis b586f36b-7d1b-45fa-beb7-f89578bcb25e is started using port 33629
2019-07-13 19:28:21,206 INFO  server.XceiverServerGrpc (XceiverServerGrpc.java:start(161)) - XceiverServerGrpc b586f36b-7d1b-45fa-beb7-f89578bcb25e is started using port 33874
2019-07-13 19:28:21,298 INFO  ozone.MiniOzoneClusterImpl (MiniOzoneClusterImpl.java:lambda$waitForClusterToBeReady$0(142)) - Waiting for cluster to be ready. Got 0 of 7 DN Heartbeats.
2019-07-13 19:28:21,396 INFO  ozoneimpl.OzoneContainer (OzoneContainer.java:start(186)) - Attempting to start container services.
2019-07-13 19:28:21,398 INFO  ozoneimpl.OzoneContainer (OzoneContainer.java:startContainerScrub(160)) - Background container scrubber has been disabled by hdds.containerscrub.enabled
2019-07-13 19:28:21,398 INFO  ratis.XceiverServerRatis (XceiverServerRatis.java:start(418)) - Starting XceiverServerRatis 579aa93c-41e7-4ba5-b82c-9c867bfee119 at port 0
2019-07-13 19:28:21,408 INFO  impl.RaftServerProxy (RaftServerProxy.java:lambda$start$3(299)) - 579aa93c-41e7-4ba5-b82c-9c867bfee119: start RPC server
2019-07-13 19:28:21,412 INFO  server.GrpcService (GrpcService.java:startImpl(149)) - 579aa93c-41e7-4ba5-b82c-9c867bfee119: GrpcService started, listening on 0.0.0.0/0.0.0.0:34716
2019-07-13 19:28:21,412 INFO  ratis.XceiverServerRatis (XceiverServerRatis.java:start(428)) - XceiverServerRatis 579aa93c-41e7-4ba5-b82c-9c867bfee119 is started using port 34716
2019-07-13 19:28:21,415 INFO  server.XceiverServerGrpc (XceiverServerGrpc.java:start(161)) - XceiverServerGrpc 579aa93c-41e7-4ba5-b82c-9c867bfee119 is started using port 35537
2019-07-13 19:28:21,622 INFO  ozoneimpl.OzoneContainer (OzoneContainer.java:start(186)) - Attempting to start container services.
2019-07-13 19:28:21,628 INFO  ozoneimpl.OzoneContainer (OzoneContainer.java:startContainerScrub(160)) - Background container scrubber has been disabled by hdds.containerscrub.enabled
2019-07-13 19:28:21,628 INFO  ratis.XceiverServerRatis (XceiverServerRatis.java:start(418)) - Starting XceiverServerRatis ae3df460-8e6c-40f9-a646-080cc91d539e at port 0
2019-07-13 19:28:21,639 INFO  impl.RaftServerProxy (RaftServerProxy.java:lambda$start$3(299)) - ae3df460-8e6c-40f9-a646-080cc91d539e: start RPC server
2019-07-13 19:28:21,643 INFO  server.GrpcService (GrpcService.java:startImpl(149)) - ae3df460-8e6c-40f9-a646-080cc91d539e: GrpcService started, listening on 0.0.0.0/0.0.0.0:42161
2019-07-13 19:28:21,643 INFO  ratis.XceiverServerRatis (XceiverServerRatis.java:start(428)) - XceiverServerRatis ae3df460-8e6c-40f9-a646-080cc91d539e is started using port 42161
2019-07-13 19:28:21,646 INFO  server.XceiverServerGrpc (XceiverServerGrpc.java:start(161)) - XceiverServerGrpc ae3df460-8e6c-40f9-a646-080cc91d539e is started using port 38566
2019-07-13 19:28:21,814 INFO  ozoneimpl.OzoneContainer (OzoneContainer.java:start(186)) - Attempting to start container services.
2019-07-13 19:28:21,815 INFO  ozoneimpl.OzoneContainer (OzoneContainer.java:startContainerScrub(160)) - Background container scrubber has been disabled by hdds.containerscrub.enabled
2019-07-13 19:28:21,815 INFO  ratis.XceiverServerRatis (XceiverServerRatis.java:start(418)) - Starting XceiverServerRatis 6d67d047-43fa-44c3-a5c1-93138c27aeb7 at port 0
2019-07-13 19:28:21,826 INFO  impl.RaftServerProxy (RaftServerProxy.java:lambda$start$3(299)) - 6d67d047-43fa-44c3-a5c1-93138c27aeb7: start RPC server
2019-07-13 19:28:21,831 INFO  server.GrpcService (GrpcService.java:startImpl(149)) - 6d67d047-43fa-44c3-a5c1-93138c27aeb7: GrpcService started, listening on 0.0.0.0/0.0.0.0:35782
2019-07-13 19:28:21,831 INFO  ratis.XceiverServerRatis (XceiverServerRatis.java:start(428)) - XceiverServerRatis 6d67d047-43fa-44c3-a5c1-93138c27aeb7 is started using port 35782
2019-07-13 19:28:21,835 INFO  server.XceiverServerGrpc (XceiverServerGrpc.java:start(161)) - XceiverServerGrpc 6d67d047-43fa-44c3-a5c1-93138c27aeb7 is started using port 37623
2019-07-13 19:28:22,024 INFO  ozoneimpl.OzoneContainer (OzoneContainer.java:start(186)) - Attempting to start container services.
2019-07-13 19:28:22,024 INFO  ozoneimpl.OzoneContainer (OzoneContainer.java:startContainerScrub(160)) - Background container scrubber has been disabled by hdds.containerscrub.enabled
2019-07-13 19:28:22,024 INFO  ratis.XceiverServerRatis (XceiverServerRatis.java:start(418)) - Starting XceiverServerRatis a2675045-aace-44ca-bb65-8a5f92450560 at port 0
2019-07-13 19:28:22,035 INFO  impl.RaftServerProxy (RaftServerProxy.java:lambda$start$3(299)) - a2675045-aace-44ca-bb65-8a5f92450560: start RPC server
2019-07-13 19:28:22,039 INFO  server.GrpcService (GrpcService.java:startImpl(149)) - a2675045-aace-44ca-bb65-8a5f92450560: GrpcService started, listening on 0.0.0.0/0.0.0.0:46397
2019-07-13 19:28:22,040 INFO  ratis.XceiverServerRatis (XceiverServerRatis.java:start(428)) - XceiverServerRatis a2675045-aace-44ca-bb65-8a5f92450560 is started using port 46397
2019-07-13 19:28:22,043 INFO  server.XceiverServerGrpc (XceiverServerGrpc.java:start(161)) - XceiverServerGrpc a2675045-aace-44ca-bb65-8a5f92450560 is started using port 43361
2019-07-13 19:28:22,298 INFO  ozone.MiniOzoneClusterImpl (MiniOzoneClusterImpl.java:lambda$waitForClusterToBeReady$0(142)) - Waiting for cluster to be ready. Got 0 of 7 DN Heartbeats.
2019-07-13 19:28:22,316 INFO  ozoneimpl.OzoneContainer (OzoneContainer.java:start(186)) - Attempting to start container services.
2019-07-13 19:28:22,317 INFO  ozoneimpl.OzoneContainer (OzoneContainer.java:startContainerScrub(160)) - Background container scrubber has been disabled by hdds.containerscrub.enabled
2019-07-13 19:28:22,317 INFO  ratis.XceiverServerRatis (XceiverServerRatis.java:start(418)) - Starting XceiverServerRatis ee58ed2e-2e4c-4f98-b1c8-8f92b90669dd at port 0
2019-07-13 19:28:22,327 INFO  impl.RaftServerProxy (RaftServerProxy.java:lambda$start$3(299)) - ee58ed2e-2e4c-4f98-b1c8-8f92b90669dd: start RPC server
2019-07-13 19:28:22,332 INFO  server.GrpcService (GrpcService.java:startImpl(149)) - ee58ed2e-2e4c-4f98-b1c8-8f92b90669dd: GrpcService started, listening on 0.0.0.0/0.0.0.0:38562
2019-07-13 19:28:22,332 INFO  ratis.XceiverServerRatis (XceiverServerRatis.java:start(428)) - XceiverServerRatis ee58ed2e-2e4c-4f98-b1c8-8f92b90669dd is started using port 38562
2019-07-13 19:28:22,336 INFO  server.XceiverServerGrpc (XceiverServerGrpc.java:start(161)) - XceiverServerGrpc ee58ed2e-2e4c-4f98-b1c8-8f92b90669dd is started using port 46068
2019-07-13 19:28:22,955 INFO  net.NetworkTopology (NetworkTopologyImpl.java:add(110)) - Added a new node: /default-rack/192.168.69.122
2019-07-13 19:28:22,955 INFO  node.SCMNodeManager (SCMNodeManager.java:register(269)) - Registered Data node : 641a3f2a-10d0-4978-9d9f-4af2391f0f09{ip: 192.168.69.122, host: trunk-nightly-fxqsz-774976932, networkLocation: /default-rack, certSerialId: null}
2019-07-13 19:28:22,964 INFO  safemode.SCMSafeModeManager (DataNodeSafeModeRule.java:process(71)) - SCM in safe mode. 1 DataNodes registered, 1 required.
2019-07-13 19:28:22,964 INFO  safemode.SCMSafeModeManager (SCMSafeModeManager.java:validateSafeModeExitRules(177)) - ScmSafeModeManager, all rules are successfully validated
2019-07-13 19:28:22,964 INFO  safemode.SCMSafeModeManager (SCMSafeModeManager.java:exitSafeMode(193)) - SCM exiting safe mode.
2019-07-13 19:28:23,174 INFO  node.SCMNodeManager (SCMNodeManager.java:register(269)) - Registered Data node : b586f36b-7d1b-45fa-beb7-f89578bcb25e{ip: 192.168.69.122, host: trunk-nightly-fxqsz-774976932, networkLocation: /default-rack, certSerialId: null}
2019-07-13 19:28:23,299 INFO  ozone.MiniOzoneClusterImpl (MiniOzoneClusterImpl.java:lambda$waitForClusterToBeReady$0(142)) - Waiting for cluster to be ready. Got 2 of 7 DN Heartbeats.
2019-07-13 19:28:23,388 INFO  node.SCMNodeManager (SCMNodeManager.java:register(269)) - Registered Data node : 579aa93c-41e7-4ba5-b82c-9c867bfee119{ip: 192.168.69.122, host: trunk-nightly-fxqsz-774976932, networkLocation: /default-rack, certSerialId: null}
2019-07-13 19:28:23,892 INFO  node.SCMNodeManager (SCMNodeManager.java:register(269)) - Registered Data node : ae3df460-8e6c-40f9-a646-080cc91d539e{ip: 192.168.69.122, host: trunk-nightly-fxqsz-774976932, networkLocation: /default-rack, certSerialId: null}
2019-07-13 19:28:23,892 INFO  node.SCMNodeManager (SCMNodeManager.java:register(269)) - Registered Data node : 6d67d047-43fa-44c3-a5c1-93138c27aeb7{ip: 192.168.69.122, host: trunk-nightly-fxqsz-774976932, networkLocation: /default-rack, certSerialId: null}
2019-07-13 19:28:23,919 INFO  impl.RaftServerProxy (RaftServerProxy.java:addNew(89)) - 641a3f2a-10d0-4978-9d9f-4af2391f0f09: addNew group-EBB9D456E335:[641a3f2a-10d0-4978-9d9f-4af2391f0f09:192.168.69.122:35732] returns group-EBB9D456E335:java.util.concurrent.CompletableFuture@46e31049[Not completed]
2019-07-13 19:28:23,942 INFO  impl.RaftServerImpl (RaftServerImpl.java:<init>(93)) - 641a3f2a-10d0-4978-9d9f-4af2391f0f09: new RaftServerImpl for group-EBB9D456E335:[641a3f2a-10d0-4978-9d9f-4af2391f0f09:192.168.69.122:35732] with ContainerStateMachine:uninitialized
2019-07-13 19:28:23,944 INFO  server.RaftServerConfigKeys (ConfUtils.java:logGet(43)) - raft.server.rpc.timeout.min = 5s (custom)
2019-07-13 19:28:23,946 INFO  server.RaftServerConfigKeys (ConfUtils.java:logGet(43)) - raft.server.rpc.timeout.max = 5200ms (custom)
2019-07-13 19:28:23,946 INFO  server.RaftServerConfigKeys (ConfUtils.java:logGet(43)) - raft.server.rpcslowness.timeout = 120s (custom)
2019-07-13 19:28:23,947 INFO  server.RaftServerConfigKeys (ConfUtils.java:logGet(43)) - raft.server.sleep.deviation.threshold = 300 (default)
2019-07-13 19:28:23,949 INFO  server.RaftServerConfigKeys (ConfUtils.java:logGet(43)) - raft.server.log.appender.install.snapshot.enabled = false (custom)
2019-07-13 19:28:23,957 INFO  impl.RaftServerImpl (ServerState.java:<init>(105)) - 641a3f2a-10d0-4978-9d9f-4af2391f0f09:group-EBB9D456E335 ConfigurationManager, init=-1: [641a3f2a-10d0-4978-9d9f-4af2391f0f09:192.168.69.122:35732], old=null, confs=<EMPTY_MAP>
2019-07-13 19:28:23,958 INFO  server.RaftServerConfigKeys (ConfUtils.java:logGet(43)) - raft.server.storage.dir = [/tmp/workdir/hadoop-ozone/integration-test/target/test-dir/MiniOzoneClusterImpl-8870e792-62d6-436f-b6cb-4a829b9a395c/datanode-0/data/ratis] (custom)
2019-07-13 19:28:23,966 INFO  storage.RaftStorageDirectory (RaftStorageDirectory.java:analyzeStorage(246)) - The storage directory /tmp/workdir/hadoop-ozone/integration-test/target/test-dir/MiniOzoneClusterImpl-8870e792-62d6-436f-b6cb-4a829b9a395c/datanode-0/data/ratis/ba0a8666-fcd8-4311-9ab8-ebb9d456e335 does not exist. Creating ...
2019-07-13 19:28:23,983 INFO  storage.RaftStorageDirectory (RaftStorageDirectory.java:tryLock(328)) - Lock on /tmp/workdir/hadoop-ozone/integration-test/target/test-dir/MiniOzoneClusterImpl-8870e792-62d6-436f-b6cb-4a829b9a395c/datanode-0/data/ratis/ba0a8666-fcd8-4311-9ab8-ebb9d456e335/in_use.lock acquired by nodename 9151@trunk-nightly-fxqsz-774976932
2019-07-13 19:28:23,999 INFO  storage.RaftStorage (RaftStorage.java:format(72)) - Storage directory /tmp/workdir/hadoop-ozone/integration-test/target/test-dir/MiniOzoneClusterImpl-8870e792-62d6-436f-b6cb-4a829b9a395c/datanode-0/data/ratis/ba0a8666-fcd8-4311-9ab8-ebb9d456e335 has been successfully formatted.
2019-07-13 19:28:24,001 INFO  ratis.ContainerStateMachine (ContainerStateMachine.java:loadSnapshot(200)) - The snapshot info is null.Setting the last applied index to:(t:0, i:~)
2019-07-13 19:28:24,001 INFO  server.RaftServerConfigKeys (ConfUtils.java:logGet(43)) - raft.server.leader.election.timeout = 120s (custom)
2019-07-13 19:28:24,004 INFO  server.RaftServerConfigKeys (ConfUtils.java:logGet(43)) - raft.server.log.use.memory = false (default)
2019-07-13 19:28:24,011 INFO  node.SCMNodeManager (SCMNodeManager.java:register(269)) - Registered Data node : a2675045-aace-44ca-bb65-8a5f92450560{ip: 192.168.69.122, host: trunk-nightly-fxqsz-774976932, networkLocation: /default-rack, certSerialId: null}
2019-07-13 19:28:24,011 INFO  server.RaftServerConfigKeys (ConfUtils.java:logGet(43)) - raft.server.log.purge.gap = 1000000000 (custom)
2019-07-13 19:28:24,011 INFO  server.RaftServerConfigKeys (ConfUtils.java:logGet(43)) - raft.server.log.appender.buffer.byte-limit = 33554432 (custom)
2019-07-13 19:28:24,013 INFO  server.RaftServerConfigKeys (ConfUtils.java:logGet(43)) - raft.server.log.segment.size.max = 1048576 (custom)
2019-07-13 19:28:24,018 INFO  server.RaftServerConfigKeys (ConfUtils.java:logGet(43)) - raft.server.log.segment.cache.num.max = 2 (custom)
2019-07-13 19:28:24,023 INFO  segmented.SegmentedRaftLogWorker (SegmentedRaftLogWorker.java:<init>(172)) - new 641a3f2a-10d0-4978-9d9f-4af2391f0f09-SegmentedRaftLogWorker:Storage Directory /tmp/workdir/hadoop-ozone/integration-test/target/test-dir/MiniOzoneClusterImpl-8870e792-62d6-436f-b6cb-4a829b9a395c/datanode-0/data/ratis/ba0a8666-fcd8-4311-9ab8-ebb9d456e335 for RaftStorage:Storage Directory /tmp/workdir/hadoop-ozone/integration-test/target/test-dir/MiniOzoneClusterImpl-8870e792-62d6-436f-b6cb-4a829b9a395c/datanode-0/data/ratis/ba0a8666-fcd8-4311-9ab8-ebb9d456e335
2019-07-13 19:28:24,035 INFO  server.RaftServerConfigKeys (ConfUtils.java:logGet(43)) - raft.server.log.queue.byte-limit = 2147483647 (custom)
2019-07-13 19:28:24,036 INFO  server.RaftServerConfigKeys (ConfUtils.java:logGet(43)) - raft.server.log.queue.element-limit = 1024 (custom)
2019-07-13 19:28:24,040 INFO  server.RaftServerConfigKeys (ConfUtils.java:logGet(43)) - raft.server.log.segment.size.max = 1048576 (custom)
2019-07-13 19:28:24,040 INFO  server.RaftServerConfigKeys (ConfUtils.java:logGet(43)) - raft.server.log.preallocated.size = 16384 (custom)
2019-07-13 19:28:24,041 INFO  server.RaftServerConfigKeys (ConfUtils.java:logGet(43)) - raft.server.log.write.buffer.size = 33554432 (custom)
2019-07-13 19:28:24,041 INFO  server.RaftServerConfigKeys (ConfUtils.java:logGet(43)) - raft.server.log.force.sync.num = 128 (default)
2019-07-13 19:28:24,042 INFO  server.RaftServerConfigKeys (ConfUtils.java:logGet(43)) - raft.server.log.statemachine.data.sync = true (default)
2019-07-13 19:28:24,042 INFO  server.RaftServerConfigKeys (ConfUtils.java:logGet(43)) - raft.server.log.statemachine.data.sync.timeout = 10s (default)
2019-07-13 19:28:24,043 INFO  server.RaftServerConfigKeys (ConfUtils.java:logGet(43)) - raft.server.log.statemachine.data.sync.timeout.retry = -1 (default)
2019-07-13 19:28:24,051 INFO  server.RaftServerConfigKeys (ConfUtils.java:logGet(43)) - raft.server.log.statemachine.data.caching.enabled = true (custom)
2019-07-13 19:28:24,055 INFO  segmented.SegmentedRaftLogWorker (SegmentedRaftLogWorker.java:lambda$new$0(132)) - 641a3f2a-10d0-4978-9d9f-4af2391f0f09-SegmentedRaftLogWorker:Storage Directory /tmp/workdir/hadoop-ozone/integration-test/target/test-dir/MiniOzoneClusterImpl-8870e792-62d6-436f-b6cb-4a829b9a395c/datanode-0/data/ratis/ba0a8666-fcd8-4311-9ab8-ebb9d456e335: flushIndex: setUnconditionally 0 -> -1
2019-07-13 19:28:24,059 INFO  server.RaftServerConfigKeys (ConfUtils.java:logGet(43)) - raft.server.snapshot.auto.trigger.enabled = true (custom)
2019-07-13 19:28:24,060 INFO  server.RaftServerConfigKeys (ConfUtils.java:logGet(43)) - raft.server.snapshot.auto.trigger.threshold = 10000 (custom)
2019-07-13 19:28:24,060 INFO  server.RaftServerConfigKeys (ConfUtils.java:logGet(43)) - raft.server.retrycache.expirytime = 600000ms (custom)
2019-07-13 19:28:24,078 INFO  impl.RaftServerImpl (RaftServerImpl.java:start(180)) - 641a3f2a-10d0-4978-9d9f-4af2391f0f09: start group-EBB9D456E335
2019-07-13 19:28:24,079 INFO  impl.RaftServerImpl (RaftServerImpl.java:setRole(171)) - 641a3f2a-10d0-4978-9d9f-4af2391f0f09:group-EBB9D456E335 changes role from null to FOLLOWER at term 0 for startAsFollower
2019-07-13 19:28:24,080 INFO  impl.RoleInfo (RoleInfo.java:updateAndGet(143)) - 641a3f2a-10d0-4978-9d9f-4af2391f0f09: start FollowerState
2019-07-13 19:28:24,082 INFO  util.JmxRegister (JmxRegister.java:tryRegister(44)) - Successfully registered JMX Bean with object name Ratis:service=RaftServer,group=group-EBB9D456E335,id=641a3f2a-10d0-4978-9d9f-4af2391f0f09
2019-07-13 19:28:24,144 INFO  pipeline.PipelineStateManager (PipelineStateManager.java:addPipeline(56)) - Created pipeline Pipeline[ Id: ba0a8666-fcd8-4311-9ab8-ebb9d456e335, Nodes: 641a3f2a-10d0-4978-9d9f-4af2391f0f09{ip: 192.168.69.122, host: trunk-nightly-fxqsz-774976932, networkLocation: /default-rack, certSerialId: null}, Type:RATIS, Factor:ONE, State:OPEN]
2019-07-13 19:28:24,176 INFO  impl.RaftServerProxy (RaftServerProxy.java:addNew(89)) - ae3df460-8e6c-40f9-a646-080cc91d539e: addNew group-7EEE48995BDC:[ae3df460-8e6c-40f9-a646-080cc91d539e:192.168.69.122:42161] returns group-7EEE48995BDC:java.util.concurrent.CompletableFuture@27cc1dd3[Not completed]
2019-07-13 19:28:24,227 INFO  impl.RaftServerImpl (RaftServerImpl.java:<init>(93)) - ae3df460-8e6c-40f9-a646-080cc91d539e: new RaftServerImpl for group-7EEE48995BDC:[ae3df460-8e6c-40f9-a646-080cc91d539e:192.168.69.122:42161] with ContainerStateMachine:uninitialized
2019-07-13 19:28:24,228 INFO  server.RaftServerConfigKeys (ConfUtils.java:logGet(43)) - raft.server.rpc.timeout.min = 5s (custom)
2019-07-13 19:28:24,229 INFO  server.RaftServerConfigKeys (ConfUtils.java:logGet(43)) - raft.server.rpc.timeout.max = 5200ms (custom)
2019-07-13 19:28:24,229 INFO  server.RaftServerConfigKeys (ConfUtils.java:logGet(43)) - raft.server.rpcslowness.timeout = 120s (custom)
2019-07-13 19:28:24,229 INFO  server.RaftServerConfigKeys (ConfUtils.java:logGet(43)) - raft.server.sleep.deviation.threshold = 300 (default)
2019-07-13 19:28:24,229 INFO  server.RaftServerConfigKeys (ConfUtils.java:logGet(43)) - raft.server.log.appender.install.snapshot.enabled = false (custom)
2019-07-13 19:28:24,229 INFO  impl.RaftServerImpl (ServerState.java:<init>(105)) - ae3df460-8e6c-40f9-a646-080cc91d539e:group-7EEE48995BDC ConfigurationManager, init=-1: [ae3df460-8e6c-40f9-a646-080cc91d539e:192.168.69.122:42161], old=null, confs=<EMPTY_MAP>
2019-07-13 19:28:24,230 INFO  server.RaftServerConfigKeys (ConfUtils.java:logGet(43)) - raft.server.storage.dir = [/tmp/workdir/hadoop-ozone/integration-test/target/test-dir/MiniOzoneClusterImpl-8870e792-62d6-436f-b6cb-4a829b9a395c/datanode-3/data/ratis] (custom)
2019-07-13 19:28:24,230 INFO  storage.RaftStorageDirectory (RaftStorageDirectory.java:analyzeStorage(246)) - The storage directory /tmp/workdir/hadoop-ozone/integration-test/target/test-dir/MiniOzoneClusterImpl-8870e792-62d6-436f-b6cb-4a829b9a395c/datanode-3/data/ratis/b58f7032-399c-4226-b48d-7eee48995bdc does not exist. Creating ...
2019-07-13 19:28:24,245 INFO  storage.RaftStorageDirectory (RaftStorageDirectory.java:tryLock(328)) - Lock on /tmp/workdir/hadoop-ozone/integration-test/target/test-dir/MiniOzoneClusterImpl-8870e792-62d6-436f-b6cb-4a829b9a395c/datanode-3/data/ratis/b58f7032-399c-4226-b48d-7eee48995bdc/in_use.lock acquired by nodename 9151@trunk-nightly-fxqsz-774976932
2019-07-13 19:28:24,258 INFO  storage.RaftStorage (RaftStorage.java:format(72)) - Storage directory /tmp/workdir/hadoop-ozone/integration-test/target/test-dir/MiniOzoneClusterImpl-8870e792-62d6-436f-b6cb-4a829b9a395c/datanode-3/data/ratis/b58f7032-399c-4226-b48d-7eee48995bdc has been successfully formatted.
2019-07-13 19:28:24,260 INFO  ratis.ContainerStateMachine (ContainerStateMachine.java:loadSnapshot(200)) - The snapshot info is null.Setting the last applied index to:(t:0, i:~)
2019-07-13 19:28:24,262 INFO  server.RaftServerConfigKeys (ConfUtils.java:logGet(43)) - raft.server.leader.election.timeout = 120s (custom)
2019-07-13 19:28:24,263 INFO  server.RaftServerConfigKeys (ConfUtils.java:logGet(43)) - raft.server.log.use.memory = false (default)
2019-07-13 19:28:24,263 INFO  server.RaftServerConfigKeys (ConfUtils.java:logGet(43)) - raft.server.log.purge.gap = 1000000000 (custom)
2019-07-13 19:28:24,263 INFO  server.RaftServerConfigKeys (ConfUtils.java:logGet(43)) - raft.server.log.appender.buffer.byte-limit = 33554432 (custom)
2019-07-13 19:28:24,263 INFO  server.RaftServerConfigKeys (ConfUtils.java:logGet(43)) - raft.server.log.segment.size.max = 1048576 (custom)
2019-07-13 19:28:24,263 INFO  server.RaftServerConfigKeys (ConfUtils.java:logGet(43)) - raft.server.log.segment.cache.num.max = 2 (custom)
2019-07-13 19:28:24,264 INFO  segmented.SegmentedRaftLogWorker (SegmentedRaftLogWorker.java:<init>(172)) - new ae3df460-8e6c-40f9-a646-080cc91d539e-SegmentedRaftLogWorker:Storage Directory /tmp/workdir/hadoop-ozone/integration-test/target/test-dir/MiniOzoneClusterImpl-8870e792-62d6-436f-b6cb-4a829b9a395c/datanode-3/data/ratis/b58f7032-399c-4226-b48d-7eee48995bdc for RaftStorage:Storage Directory /tmp/workdir/hadoop-ozone/integration-test/target/test-dir/MiniOzoneClusterImpl-8870e792-62d6-436f-b6cb-4a829b9a395c/datanode-3/data/ratis/b58f7032-399c-4226-b48d-7eee48995bdc
2019-07-13 19:28:24,266 INFO  server.RaftServerConfigKeys (ConfUtils.java:logGet(43)) - raft.server.log.queue.byte-limit = 2147483647 (custom)
2019-07-13 19:28:24,266 INFO  server.RaftServerConfigKeys (ConfUtils.java:logGet(43)) - raft.server.log.queue.element-limit = 1024 (custom)
2019-07-13 19:28:24,266 INFO  server.RaftServerConfigKeys (ConfUtils.java:logGet(43)) - raft.server.log.segment.size.max = 1048576 (custom)
2019-07-13 19:28:24,267 INFO  server.RaftServerConfigKeys (ConfUtils.java:logGet(43)) - raft.server.log.preallocated.size = 16384 (custom)
2019-07-13 19:28:24,267 INFO  server.RaftServerConfigKeys (ConfUtils.java:logGet(43)) - raft.server.log.write.buffer.size = 33554432 (custom)
2019-07-13 19:28:24,267 INFO  server.RaftServerConfigKeys (ConfUtils.java:logGet(43)) - raft.server.log.force.sync.num = 128 (default)
2019-07-13 19:28:24,267 INFO  server.RaftServerConfigKeys (ConfUtils.java:logGet(43)) - raft.server.log.statemachine.data.sync = true (default)
2019-07-13 19:28:24,267 INFO  server.RaftServerConfigKeys (ConfUtils.java:logGet(43)) - raft.server.log.statemachine.data.sync.timeout = 10s (default)
2019-07-13 19:28:24,268 INFO  server.RaftServerConfigKeys (ConfUtils.java:logGet(43)) - raft.server.log.statemachine.data.sync.timeout.retry = -1 (default)
2019-07-13 19:28:24,268 INFO  server.RaftServerConfigKeys (ConfUtils.java:logGet(43)) - raft.server.log.statemachine.data.caching.enabled = true (custom)
2019-07-13 19:28:24,269 INFO  segmented.SegmentedRaftLogWorker (SegmentedRaftLogWorker.java:lambda$new$0(132)) - ae3df460-8e6c-40f9-a646-080cc91d539e-SegmentedRaftLogWorker:Storage Directory /tmp/workdir/hadoop-ozone/integration-test/target/test-dir/MiniOzoneClusterImpl-8870e792-62d6-436f-b6cb-4a829b9a395c/datanode-3/data/ratis/b58f7032-399c-4226-b48d-7eee48995bdc: flushIndex: setUnconditionally 0 -> -1
2019-07-13 19:28:24,269 INFO  server.RaftServerConfigKeys (ConfUtils.java:logGet(43)) - raft.server.snapshot.auto.trigger.enabled = true (custom)
2019-07-13 19:28:24,269 INFO  server.RaftServerConfigKeys (ConfUtils.java:logGet(43)) - raft.server.snapshot.auto.trigger.threshold = 10000 (custom)
2019-07-13 19:28:24,269 INFO  server.RaftServerConfigKeys (ConfUtils.java:logGet(43)) - raft.server.retrycache.expirytime = 600000ms (custom)
2019-07-13 19:28:24,270 INFO  impl.RaftServerImpl (RaftServerImpl.java:start(180)) - ae3df460-8e6c-40f9-a646-080cc91d539e: start group-7EEE48995BDC
2019-07-13 19:28:24,270 INFO  impl.RaftServerImpl (RaftServerImpl.java:setRole(171)) - ae3df460-8e6c-40f9-a646-080cc91d539e:group-7EEE48995BDC changes role from null to FOLLOWER at term 0 for startAsFollower
2019-07-13 19:28:24,270 INFO  impl.RoleInfo (RoleInfo.java:updateAndGet(143)) - ae3df460-8e6c-40f9-a646-080cc91d539e: start FollowerState
2019-07-13 19:28:24,273 INFO  util.JmxRegister (JmxRegister.java:tryRegister(44)) - Successfully registered JMX Bean with object name Ratis:service=RaftServer,group=group-7EEE48995BDC,id=ae3df460-8e6c-40f9-a646-080cc91d539e
2019-07-13 19:28:24,296 INFO  pipeline.PipelineStateManager (PipelineStateManager.java:addPipeline(56)) - Created pipeline Pipeline[ Id: b58f7032-399c-4226-b48d-7eee48995bdc, Nodes: ae3df460-8e6c-40f9-a646-080cc91d539e{ip: 192.168.69.122, host: trunk-nightly-fxqsz-774976932, networkLocation: /default-rack, certSerialId: null}, Type:RATIS, Factor:ONE, State:OPEN]
2019-07-13 19:28:24,299 INFO  ozone.MiniOzoneClusterImpl (MiniOzoneClusterImpl.java:lambda$waitForClusterToBeReady$0(142)) - Waiting for cluster to be ready. Got 6 of 7 DN Heartbeats.
2019-07-13 19:28:24,317 INFO  node.SCMNodeManager (SCMNodeManager.java:register(269)) - Registered Data node : ee58ed2e-2e4c-4f98-b1c8-8f92b90669dd{ip: 192.168.69.122, host: trunk-nightly-fxqsz-774976932, networkLocation: /default-rack, certSerialId: null}
2019-07-13 19:28:24,337 INFO  impl.RaftServerProxy (RaftServerProxy.java:addNew(89)) - 579aa93c-41e7-4ba5-b82c-9c867bfee119: addNew group-AC568129CF0B:[579aa93c-41e7-4ba5-b82c-9c867bfee119:192.168.69.122:34716] returns group-AC568129CF0B:java.util.concurrent.CompletableFuture@77e90a82[Not completed]
2019-07-13 19:28:24,349 INFO  impl.RaftServerImpl (RaftServerImpl.java:<init>(93)) - 579aa93c-41e7-4ba5-b82c-9c867bfee119: new RaftServerImpl for group-AC568129CF0B:[579aa93c-41e7-4ba5-b82c-9c867bfee119:192.168.69.122:34716] with ContainerStateMachine:uninitialized
2019-07-13 19:28:24,349 INFO  server.RaftServerConfigKeys (ConfUtils.java:logGet(43)) - raft.server.rpc.timeout.min = 5s (custom)
2019-07-13 19:28:24,349 INFO  server.RaftServerConfigKeys (ConfUtils.java:logGet(43)) - raft.server.rpc.timeout.max = 5200ms (custom)
2019-07-13 19:28:24,349 INFO  server.RaftServerConfigKeys (ConfUtils.java:logGet(43)) - raft.server.rpcslowness.timeout = 120s (custom)
2019-07-13 19:28:24,350 INFO  server.RaftServerConfigKeys (ConfUtils.java:logGet(43)) - raft.server.sleep.deviation.threshold = 300 (default)
2019-07-13 19:28:24,350 INFO  server.RaftServerConfigKeys (ConfUtils.java:logGet(43)) - raft.server.log.appender.install.snapshot.enabled = false (custom)
2019-07-13 19:28:24,350 INFO  impl.RaftServerImpl (ServerState.java:<init>(105)) - 579aa93c-41e7-4ba5-b82c-9c867bfee119:group-AC568129CF0B ConfigurationManager, init=-1: [579aa93c-41e7-4ba5-b82c-9c867bfee119:192.168.69.122:34716], old=null, confs=<EMPTY_MAP>
2019-07-13 19:28:24,350 INFO  server.RaftServerConfigKeys (ConfUtils.java:logGet(43)) - raft.server.storage.dir = [/tmp/workdir/hadoop-ozone/integration-test/target/test-dir/MiniOzoneClusterImpl-8870e792-62d6-436f-b6cb-4a829b9a395c/datanode-2/data/ratis] (custom)
2019-07-13 19:28:24,351 INFO  storage.RaftStorageDirectory (RaftStorageDirectory.java:analyzeStorage(246)) - The storage directory /tmp/workdir/hadoop-ozone/integration-test/target/test-dir/MiniOzoneClusterImpl-8870e792-62d6-436f-b6cb-4a829b9a395c/datanode-2/data/ratis/3cf37505-4445-4eec-9126-ac568129cf0b does not exist. Creating ...
2019-07-13 19:28:24,364 INFO  storage.RaftStorageDirectory (RaftStorageDirectory.java:tryLock(328)) - Lock on /tmp/workdir/hadoop-ozone/integration-test/target/test-dir/MiniOzoneClusterImpl-8870e792-62d6-436f-b6cb-4a829b9a395c/datanode-2/data/ratis/3cf37505-4445-4eec-9126-ac568129cf0b/in_use.lock acquired by nodename 9151@trunk-nightly-fxqsz-774976932
2019-07-13 19:28:24,378 INFO  storage.RaftStorage (RaftStorage.java:format(72)) - Storage directory /tmp/workdir/hadoop-ozone/integration-test/target/test-dir/MiniOzoneClusterImpl-8870e792-62d6-436f-b6cb-4a829b9a395c/datanode-2/data/ratis/3cf37505-4445-4eec-9126-ac568129cf0b has been successfully formatted.
2019-07-13 19:28:24,378 INFO  ratis.ContainerStateMachine (ContainerStateMachine.java:loadSnapshot(200)) - The snapshot info is null.Setting the last applied index to:(t:0, i:~)
2019-07-13 19:28:24,379 INFO  server.RaftServerConfigKeys (ConfUtils.java:logGet(43)) - raft.server.leader.election.timeout = 120s (custom)
2019-07-13 19:28:24,379 INFO  server.RaftServerConfigKeys (ConfUtils.java:logGet(43)) - raft.server.log.use.memory = false (default)
2019-07-13 19:28:24,379 INFO  server.RaftServerConfigKeys (ConfUtils.java:logGet(43)) - raft.server.log.purge.gap = 1000000000 (custom)
2019-07-13 19:28:24,379 INFO  server.RaftServerConfigKeys (ConfUtils.java:logGet(43)) - raft.server.log.appender.buffer.byte-limit = 33554432 (custom)
2019-07-13 19:28:24,380 INFO  server.RaftServerConfigKeys (ConfUtils.java:logGet(43)) - raft.server.log.segment.size.max = 1048576 (custom)
2019-07-13 19:28:24,380 INFO  server.RaftServerConfigKeys (ConfUtils.java:logGet(43)) - raft.server.log.segment.cache.num.max = 2 (custom)
2019-07-13 19:28:24,380 INFO  segmented.SegmentedRaftLogWorker (SegmentedRaftLogWorker.java:<init>(172)) - new 579aa93c-41e7-4ba5-b82c-9c867bfee119-SegmentedRaftLogWorker:Storage Directory /tmp/workdir/hadoop-ozone/integration-test/target/test-dir/MiniOzoneClusterImpl-8870e792-62d6-436f-b6cb-4a829b9a395c/datanode-2/data/ratis/3cf37505-4445-4eec-9126-ac568129cf0b for RaftStorage:Storage Directory /tmp/workdir/hadoop-ozone/integration-test/target/test-dir/MiniOzoneClusterImpl-8870e792-62d6-436f-b6cb-4a829b9a395c/datanode-2/data/ratis/3cf37505-4445-4eec-9126-ac568129cf0b
2019-07-13 19:28:24,380 INFO  server.RaftServerConfigKeys (ConfUtils.java:logGet(43)) - raft.server.log.queue.byte-limit = 2147483647 (custom)
2019-07-13 19:28:24,380 INFO  server.RaftServerConfigKeys (ConfUtils.java:logGet(43)) - raft.server.log.queue.element-limit = 1024 (custom)
2019-07-13 19:28:24,381 INFO  server.RaftServerConfigKeys (ConfUtils.java:logGet(43)) - raft.server.log.segment.size.max = 1048576 (custom)
2019-07-13 19:28:24,381 INFO  server.RaftServerConfigKeys (ConfUtils.java:logGet(43)) - raft.server.log.preallocated.size = 16384 (custom)
2019-07-13 19:28:24,381 INFO  server.RaftServerConfigKeys (ConfUtils.java:logGet(43)) - raft.server.log.write.buffer.size = 33554432 (custom)
2019-07-13 19:28:24,381 INFO  server.RaftServerConfigKeys (ConfUtils.java:logGet(43)) - raft.server.log.force.sync.num = 128 (default)
2019-07-13 19:28:24,382 INFO  server.RaftServerConfigKeys (ConfUtils.java:logGet(43)) - raft.server.log.statemachine.data.sync = true (default)
2019-07-13 19:28:24,382 INFO  server.RaftServerConfigKeys (ConfUtils.java:logGet(43)) - raft.server.log.statemachine.data.sync.timeout = 10s (default)
2019-07-13 19:28:24,382 INFO  server.RaftServerConfigKeys (ConfUtils.java:logGet(43)) - raft.server.log.statemachine.data.sync.timeout.retry = -1 (default)
2019-07-13 19:28:24,383 INFO  server.RaftServerConfigKeys (ConfUtils.java:logGet(43)) - raft.server.log.statemachine.data.caching.enabled = true (custom)
2019-07-13 19:28:24,383 INFO  segmented.SegmentedRaftLogWorker (SegmentedRaftLogWorker.java:lambda$new$0(132)) - 579aa93c-41e7-4ba5-b82c-9c867bfee119-SegmentedRaftLogWorker:Storage Directory /tmp/workdir/hadoop-ozone/integration-test/target/test-dir/MiniOzoneClusterImpl-8870e792-62d6-436f-b6cb-4a829b9a395c/datanode-2/data/ratis/3cf37505-4445-4eec-9126-ac568129cf0b: flushIndex: setUnconditionally 0 -> -1
2019-07-13 19:28:24,384 INFO  server.RaftServerConfigKeys (ConfUtils.java:logGet(43)) - raft.server.snapshot.auto.trigger.enabled = true (custom)
2019-07-13 19:28:24,384 INFO  server.RaftServerConfigKeys (ConfUtils.java:logGet(43)) - raft.server.snapshot.auto.trigger.threshold = 10000 (custom)
2019-07-13 19:28:24,384 INFO  server.RaftServerConfigKeys (ConfUtils.java:logGet(43)) - raft.server.retrycache.expirytime = 600000ms (custom)
2019-07-13 19:28:24,384 INFO  impl.RaftServerImpl (RaftServerImpl.java:start(180)) - 579aa93c-41e7-4ba5-b82c-9c867bfee119: start group-AC568129CF0B
2019-07-13 19:28:24,385 INFO  impl.RaftServerImpl (RaftServerImpl.java:setRole(171)) - 579aa93c-41e7-4ba5-b82c-9c867bfee119:group-AC568129CF0B changes role from null to FOLLOWER at term 0 for startAsFollower
2019-07-13 19:28:24,385 INFO  impl.RoleInfo (RoleInfo.java:updateAndGet(143)) - 579aa93c-41e7-4ba5-b82c-9c867bfee119: start FollowerState
2019-07-13 19:28:24,385 INFO  util.JmxRegister (JmxRegister.java:tryRegister(44)) - Successfully registered JMX Bean with object name Ratis:service=RaftServer,group=group-AC568129CF0B,id=579aa93c-41e7-4ba5-b82c-9c867bfee119
2019-07-13 19:28:24,402 INFO  pipeline.PipelineStateManager (PipelineStateManager.java:addPipeline(56)) - Created pipeline Pipeline[ Id: 3cf37505-4445-4eec-9126-ac568129cf0b, Nodes: 579aa93c-41e7-4ba5-b82c-9c867bfee119{ip: 192.168.69.122, host: trunk-nightly-fxqsz-774976932, networkLocation: /default-rack, certSerialId: null}, Type:RATIS, Factor:ONE, State:OPEN]
2019-07-13 19:28:24,430 INFO  impl.RaftServerProxy (RaftServerProxy.java:addNew(89)) - ee58ed2e-2e4c-4f98-b1c8-8f92b90669dd: addNew group-9D108BBBE81F:[ee58ed2e-2e4c-4f98-b1c8-8f92b90669dd:192.168.69.122:38562] returns group-9D108BBBE81F:java.util.concurrent.CompletableFuture@a5613c7[Not completed]
2019-07-13 19:28:24,432 INFO  impl.RaftServerImpl (RaftServerImpl.java:<init>(93)) - ee58ed2e-2e4c-4f98-b1c8-8f92b90669dd: new RaftServerImpl for group-9D108BBBE81F:[ee58ed2e-2e4c-4f98-b1c8-8f92b90669dd:192.168.69.122:38562] with ContainerStateMachine:uninitialized
2019-07-13 19:28:24,432 INFO  server.RaftServerConfigKeys (ConfUtils.java:logGet(43)) - raft.server.rpc.timeout.min = 5s (custom)
2019-07-13 19:28:24,432 INFO  server.RaftServerConfigKeys (ConfUtils.java:logGet(43)) - raft.server.rpc.timeout.max = 5200ms (custom)
2019-07-13 19:28:24,433 INFO  server.RaftServerConfigKeys (ConfUtils.java:logGet(43)) - raft.server.rpcslowness.timeout = 120s (custom)
2019-07-13 19:28:24,433 INFO  server.RaftServerConfigKeys (ConfUtils.java:logGet(43)) - raft.server.sleep.deviation.threshold = 300 (default)
2019-07-13 19:28:24,433 INFO  server.RaftServerConfigKeys (ConfUtils.java:logGet(43)) - raft.server.log.appender.install.snapshot.enabled = false (custom)
2019-07-13 19:28:24,433 INFO  impl.RaftServerImpl (ServerState.java:<init>(105)) - ee58ed2e-2e4c-4f98-b1c8-8f92b90669dd:group-9D108BBBE81F ConfigurationManager, init=-1: [ee58ed2e-2e4c-4f98-b1c8-8f92b90669dd:192.168.69.122:38562], old=null, confs=<EMPTY_MAP>
2019-07-13 19:28:24,434 INFO  server.RaftServerConfigKeys (ConfUtils.java:logGet(43)) - raft.server.storage.dir = [/tmp/workdir/hadoop-ozone/integration-test/target/test-dir/MiniOzoneClusterImpl-8870e792-62d6-436f-b6cb-4a829b9a395c/datanode-6/data/ratis] (custom)
2019-07-13 19:28:24,434 INFO  storage.RaftStorageDirectory (RaftStorageDirectory.java:analyzeStorage(246)) - The storage directory /tmp/workdir/hadoop-ozone/integration-test/target/test-dir/MiniOzoneClusterImpl-8870e792-62d6-436f-b6cb-4a829b9a395c/datanode-6/data/ratis/b1cbba51-910f-436d-9847-9d108bbbe81f does not exist. Creating ...
2019-07-13 19:28:24,448 INFO  storage.RaftStorageDirectory (RaftStorageDirectory.java:tryLock(328)) - Lock on /tmp/workdir/hadoop-ozone/integration-test/target/test-dir/MiniOzoneClusterImpl-8870e792-62d6-436f-b6cb-4a829b9a395c/datanode-6/data/ratis/b1cbba51-910f-436d-9847-9d108bbbe81f/in_use.lock acquired by nodename 9151@trunk-nightly-fxqsz-774976932
2019-07-13 19:28:24,461 INFO  storage.RaftStorage (RaftStorage.java:format(72)) - Storage directory /tmp/workdir/hadoop-ozone/integration-test/target/test-dir/MiniOzoneClusterImpl-8870e792-62d6-436f-b6cb-4a829b9a395c/datanode-6/data/ratis/b1cbba51-910f-436d-9847-9d108bbbe81f has been successfully formatted.
2019-07-13 19:28:24,461 INFO  ratis.ContainerStateMachine (ContainerStateMachine.java:loadSnapshot(200)) - The snapshot info is null.Setting the last applied index to:(t:0, i:~)
2019-07-13 19:28:24,461 INFO  server.RaftServerConfigKeys (ConfUtils.java:logGet(43)) - raft.server.leader.election.timeout = 120s (custom)
2019-07-13 19:28:24,462 INFO  server.RaftServerConfigKeys (ConfUtils.java:logGet(43)) - raft.server.log.use.memory = false (default)
2019-07-13 19:28:24,462 INFO  server.RaftServerConfigKeys (ConfUtils.java:logGet(43)) - raft.server.log.purge.gap = 1000000000 (custom)
2019-07-13 19:28:24,462 INFO  server.RaftServerConfigKeys (ConfUtils.java:logGet(43)) - raft.server.log.appender.buffer.byte-limit = 33554432 (custom)
2019-07-13 19:28:24,462 INFO  server.RaftServerConfigKeys (ConfUtils.java:logGet(43)) - raft.server.log.segment.size.max = 1048576 (custom)
2019-07-13 19:28:24,463 INFO  server.RaftServerConfigKeys (ConfUtils.java:logGet(43)) - raft.server.log.segment.cache.num.max = 2 (custom)
2019-07-13 19:28:24,463 INFO  segmented.SegmentedRaftLogWorker (SegmentedRaftLogWorker.java:<init>(172)) - new ee58ed2e-2e4c-4f98-b1c8-8f92b90669dd-SegmentedRaftLogWorker:Storage Directory /tmp/workdir/hadoop-ozone/integration-test/target/test-dir/MiniOzoneClusterImpl-8870e792-62d6-436f-b6cb-4a829b9a395c/datanode-6/data/ratis/b1cbba51-910f-436d-9847-9d108bbbe81f for RaftStorage:Storage Directory /tmp/workdir/hadoop-ozone/integration-test/target/test-dir/MiniOzoneClusterImpl-8870e792-62d6-436f-b6cb-4a829b9a395c/datanode-6/data/ratis/b1cbba51-910f-436d-9847-9d108bbbe81f
2019-07-13 19:28:24,463 INFO  server.RaftServerConfigKeys (ConfUtils.java:logGet(43)) - raft.server.log.queue.byte-limit = 2147483647 (custom)
2019-07-13 19:28:24,463 INFO  server.RaftServerConfigKeys (ConfUtils.java:logGet(43)) - raft.server.log.queue.element-limit = 1024 (custom)
2019-07-13 19:28:24,464 INFO  server.RaftServerConfigKeys (ConfUtils.java:logGet(43)) - raft.server.log.segment.size.max = 1048576 (custom)
2019-07-13 19:28:24,464 INFO  server.RaftServerConfigKeys (ConfUtils.java:logGet(43)) - raft.server.log.preallocated.size = 16384 (custom)
2019-07-13 19:28:24,464 INFO  server.RaftServerConfigKeys (ConfUtils.java:logGet(43)) - raft.server.log.write.buffer.size = 33554432 (custom)
2019-07-13 19:28:24,464 INFO  server.RaftServerConfigKeys (ConfUtils.java:logGet(43)) - raft.server.log.force.sync.num = 128 (default)
2019-07-13 19:28:24,465 INFO  server.RaftServerConfigKeys (ConfUtils.java:logGet(43)) - raft.server.log.statemachine.data.sync = true (default)
2019-07-13 19:28:24,465 INFO  server.RaftServerConfigKeys (ConfUtils.java:logGet(43)) - raft.server.log.statemachine.data.sync.timeout = 10s (default)
2019-07-13 19:28:24,465 INFO  server.RaftServerConfigKeys (ConfUtils.java:logGet(43)) - raft.server.log.statemachine.data.sync.timeout.retry = -1 (default)
2019-07-13 19:28:24,465 INFO  server.RaftServerConfigKeys (ConfUtils.java:logGet(43)) - raft.server.log.statemachine.data.caching.enabled = true (custom)
2019-07-13 19:28:24,466 INFO  segmented.SegmentedRaftLogWorker (SegmentedRaftLogWorker.java:lambda$new$0(132)) - ee58ed2e-2e4c-4f98-b1c8-8f92b90669dd-SegmentedRaftLogWorker:Storage Directory /tmp/workdir/hadoop-ozone/integration-test/target/test-dir/MiniOzoneClusterImpl-8870e792-62d6-436f-b6cb-4a829b9a395c/datanode-6/data/ratis/b1cbba51-910f-436d-9847-9d108bbbe81f: flushIndex: setUnconditionally 0 -> -1
2019-07-13 19:28:24,466 INFO  server.RaftServerConfigKeys (ConfUtils.java:logGet(43)) - raft.server.snapshot.auto.trigger.enabled = true (custom)
2019-07-13 19:28:24,466 INFO  server.RaftServerConfigKeys (ConfUtils.java:logGet(43)) - raft.server.snapshot.auto.trigger.threshold = 10000 (custom)
2019-07-13 19:28:24,466 INFO  server.RaftServerConfigKeys (ConfUtils.java:logGet(43)) - raft.server.retrycache.expirytime = 600000ms (custom)
2019-07-13 19:28:24,467 INFO  impl.RaftServerImpl (RaftServerImpl.java:start(180)) - ee58ed2e-2e4c-4f98-b1c8-8f92b90669dd: start group-9D108BBBE81F
2019-07-13 19:28:24,467 INFO  impl.RaftServerImpl (RaftServerImpl.java:setRole(171)) - ee58ed2e-2e4c-4f98-b1c8-8f92b90669dd:group-9D108BBBE81F changes role from null to FOLLOWER at term 0 for startAsFollower
2019-07-13 19:28:24,467 INFO  impl.RoleInfo (RoleInfo.java:updateAndGet(143)) - ee58ed2e-2e4c-4f98-b1c8-8f92b90669dd: start FollowerState
2019-07-13 19:28:24,467 INFO  util.JmxRegister (JmxRegister.java:tryRegister(44)) - Successfully registered JMX Bean with object name Ratis:service=RaftServer,group=group-9D108BBBE81F,id=ee58ed2e-2e4c-4f98-b1c8-8f92b90669dd
2019-07-13 19:28:24,483 INFO  pipeline.PipelineStateManager (PipelineStateManager.java:addPipeline(56)) - Created pipeline Pipeline[ Id: b1cbba51-910f-436d-9847-9d108bbbe81f, Nodes: ee58ed2e-2e4c-4f98-b1c8-8f92b90669dd{ip: 192.168.69.122, host: trunk-nightly-fxqsz-774976932, networkLocation: /default-rack, certSerialId: null}, Type:RATIS, Factor:ONE, State:OPEN]
2019-07-13 19:28:24,509 INFO  impl.RaftServerProxy (RaftServerProxy.java:addNew(89)) - a2675045-aace-44ca-bb65-8a5f92450560: addNew group-A76B2596B59A:[a2675045-aace-44ca-bb65-8a5f92450560:192.168.69.122:46397] returns group-A76B2596B59A:java.util.concurrent.CompletableFuture@2351eb63[Not completed]
2019-07-13 19:28:24,511 INFO  impl.RaftServerImpl (RaftServerImpl.java:<init>(93)) - a2675045-aace-44ca-bb65-8a5f92450560: new RaftServerImpl for group-A76B2596B59A:[a2675045-aace-44ca-bb65-8a5f92450560:192.168.69.122:46397] with ContainerStateMachine:uninitialized
2019-07-13 19:28:24,512 INFO  server.RaftServerConfigKeys (ConfUtils.java:logGet(43)) - raft.server.rpc.timeout.min = 5s (custom)
2019-07-13 19:28:24,512 INFO  server.RaftServerConfigKeys (ConfUtils.java:logGet(43)) - raft.server.rpc.timeout.max = 5200ms (custom)
2019-07-13 19:28:24,512 INFO  server.RaftServerConfigKeys (ConfUtils.java:logGet(43)) - raft.server.rpcslowness.timeout = 120s (custom)
2019-07-13 19:28:24,512 INFO  server.RaftServerConfigKeys (ConfUtils.java:logGet(43)) - raft.server.sleep.deviation.threshold = 300 (default)
2019-07-13 19:28:24,512 INFO  server.RaftServerConfigKeys (ConfUtils.java:logGet(43)) - raft.server.log.appender.install.snapshot.enabled = false (custom)
2019-07-13 19:28:24,513 INFO  impl.RaftServerImpl (ServerState.java:<init>(105)) - a2675045-aace-44ca-bb65-8a5f92450560:group-A76B2596B59A ConfigurationManager, init=-1: [a2675045-aace-44ca-bb65-8a5f92450560:192.168.69.122:46397], old=null, confs=<EMPTY_MAP>
2019-07-13 19:28:24,513 INFO  server.RaftServerConfigKeys (ConfUtils.java:logGet(43)) - raft.server.storage.dir = [/tmp/workdir/hadoop-ozone/integration-test/target/test-dir/MiniOzoneClusterImpl-8870e792-62d6-436f-b6cb-4a829b9a395c/datanode-5/data/ratis] (custom)
2019-07-13 19:28:24,513 INFO  storage.RaftStorageDirectory (RaftStorageDirectory.java:analyzeStorage(246)) - The storage directory /tmp/workdir/hadoop-ozone/integration-test/target/test-dir/MiniOzoneClusterImpl-8870e792-62d6-436f-b6cb-4a829b9a395c/datanode-5/data/ratis/8037e696-7eb1-48fe-bf27-a76b2596b59a does not exist. Creating ...
2019-07-13 19:28:24,530 INFO  storage.RaftStorageDirectory (RaftStorageDirectory.java:tryLock(328)) - Lock on /tmp/workdir/hadoop-ozone/integration-test/target/test-dir/MiniOzoneClusterImpl-8870e792-62d6-436f-b6cb-4a829b9a395c/datanode-5/data/ratis/8037e696-7eb1-48fe-bf27-a76b2596b59a/in_use.lock acquired by nodename 9151@trunk-nightly-fxqsz-774976932
2019-07-13 19:28:24,543 INFO  storage.RaftStorage (RaftStorage.java:format(72)) - Storage directory /tmp/workdir/hadoop-ozone/integration-test/target/test-dir/MiniOzoneClusterImpl-8870e792-62d6-436f-b6cb-4a829b9a395c/datanode-5/data/ratis/8037e696-7eb1-48fe-bf27-a76b2596b59a has been successfully formatted.
2019-07-13 19:28:24,543 INFO  ratis.ContainerStateMachine (ContainerStateMachine.java:loadSnapshot(200)) - The snapshot info is null.Setting the last applied index to:(t:0, i:~)
2019-07-13 19:28:24,544 INFO  server.RaftServerConfigKeys (ConfUtils.java:logGet(43)) - raft.server.leader.election.timeout = 120s (custom)
2019-07-13 19:28:24,544 INFO  server.RaftServerConfigKeys (ConfUtils.java:logGet(43)) - raft.server.log.use.memory = false (default)
2019-07-13 19:28:24,544 INFO  server.RaftServerConfigKeys (ConfUtils.java:logGet(43)) - raft.server.log.purge.gap = 1000000000 (custom)
2019-07-13 19:28:24,544 INFO  server.RaftServerConfigKeys (ConfUtils.java:logGet(43)) - raft.server.log.appender.buffer.byte-limit = 33554432 (custom)
2019-07-13 19:28:24,544 INFO  server.RaftServerConfigKeys (ConfUtils.java:logGet(43)) - raft.server.log.segment.size.max = 1048576 (custom)
2019-07-13 19:28:24,544 INFO  server.RaftServerConfigKeys (ConfUtils.java:logGet(43)) - raft.server.log.segment.cache.num.max = 2 (custom)
2019-07-13 19:28:24,544 INFO  segmented.SegmentedRaftLogWorker (SegmentedRaftLogWorker.java:<init>(172)) - new a2675045-aace-44ca-bb65-8a5f92450560-SegmentedRaftLogWorker:Storage Directory /tmp/workdir/hadoop-ozone/integration-test/target/test-dir/MiniOzoneClusterImpl-8870e792-62d6-436f-b6cb-4a829b9a395c/datanode-5/data/ratis/8037e696-7eb1-48fe-bf27-a76b2596b59a for RaftStorage:Storage Directory /tmp/workdir/hadoop-ozone/integration-test/target/test-dir/MiniOzoneClusterImpl-8870e792-62d6-436f-b6cb-4a829b9a395c/datanode-5/data/ratis/8037e696-7eb1-48fe-bf27-a76b2596b59a
2019-07-13 19:28:24,544 INFO  server.RaftServerConfigKeys (ConfUtils.java:logGet(43)) - raft.server.log.queue.byte-limit = 2147483647 (custom)
2019-07-13 19:28:24,545 INFO  server.RaftServerConfigKeys (ConfUtils.java:logGet(43)) - raft.server.log.queue.element-limit = 1024 (custom)
2019-07-13 19:28:24,545 INFO  server.RaftServerConfigKeys (ConfUtils.java:logGet(43)) - raft.server.log.segment.size.max = 1048576 (custom)
2019-07-13 19:28:24,545 INFO  server.RaftServerConfigKeys (ConfUtils.java:logGet(43)) - raft.server.log.preallocated.size = 16384 (custom)
2019-07-13 19:28:24,545 INFO  server.RaftServerConfigKeys (ConfUtils.java:logGet(43)) - raft.server.log.write.buffer.size = 33554432 (custom)
2019-07-13 19:28:24,545 INFO  server.RaftServerConfigKeys (ConfUtils.java:logGet(43)) - raft.server.log.force.sync.num = 128 (default)
2019-07-13 19:28:24,545 INFO  server.RaftServerConfigKeys (ConfUtils.java:logGet(43)) - raft.server.log.statemachine.data.sync = true (default)
2019-07-13 19:28:24,545 INFO  server.RaftServerConfigKeys (ConfUtils.java:logGet(43)) - raft.server.log.statemachine.data.sync.timeout = 10s (default)
2019-07-13 19:28:24,545 INFO  server.RaftServerConfigKeys (ConfUtils.java:logGet(43)) - raft.server.log.statemachine.data.sync.timeout.retry = -1 (default)
2019-07-13 19:28:24,546 INFO  server.RaftServerConfigKeys (ConfUtils.java:logGet(43)) - raft.server.log.statemachine.data.caching.enabled = true (custom)
2019-07-13 19:28:24,546 INFO  segmented.SegmentedRaftLogWorker (SegmentedRaftLogWorker.java:lambda$new$0(132)) - a2675045-aace-44ca-bb65-8a5f92450560-SegmentedRaftLogWorker:Storage Directory /tmp/workdir/hadoop-ozone/integration-test/target/test-dir/MiniOzoneClusterImpl-8870e792-62d6-436f-b6cb-4a829b9a395c/datanode-5/data/ratis/8037e696-7eb1-48fe-bf27-a76b2596b59a: flushIndex: setUnconditionally 0 -> -1
2019-07-13 19:28:24,546 INFO  server.RaftServerConfigKeys (ConfUtils.java:logGet(43)) - raft.server.snapshot.auto.trigger.enabled = true (custom)
2019-07-13 19:28:24,546 INFO  server.RaftServerConfigKeys (ConfUtils.java:logGet(43)) - raft.server.snapshot.auto.trigger.threshold = 10000 (custom)
2019-07-13 19:28:24,547 INFO  server.RaftServerConfigKeys (ConfUtils.java:logGet(43)) - raft.server.retrycache.expirytime = 600000ms (custom)
2019-07-13 19:28:24,547 INFO  impl.RaftServerImpl (RaftServerImpl.java:start(180)) - a2675045-aace-44ca-bb65-8a5f92450560: start group-A76B2596B59A
2019-07-13 19:28:24,547 INFO  impl.RaftServerImpl (RaftServerImpl.java:setRole(171)) - a2675045-aace-44ca-bb65-8a5f92450560:group-A76B2596B59A changes role from null to FOLLOWER at term 0 for startAsFollower
2019-07-13 19:28:24,547 INFO  impl.RoleInfo (RoleInfo.java:updateAndGet(143)) - a2675045-aace-44ca-bb65-8a5f92450560: start FollowerState
2019-07-13 19:28:24,547 INFO  util.JmxRegister (JmxRegister.java:tryRegister(44)) - Successfully registered JMX Bean with object name Ratis:service=RaftServer,group=group-A76B2596B59A,id=a2675045-aace-44ca-bb65-8a5f92450560
2019-07-13 19:28:24,563 INFO  pipeline.PipelineStateManager (PipelineStateManager.java:addPipeline(56)) - Created pipeline Pipeline[ Id: 8037e696-7eb1-48fe-bf27-a76b2596b59a, Nodes: a2675045-aace-44ca-bb65-8a5f92450560{ip: 192.168.69.122, host: trunk-nightly-fxqsz-774976932, networkLocation: /default-rack, certSerialId: null}, Type:RATIS, Factor:ONE, State:OPEN]
2019-07-13 19:28:24,593 INFO  impl.RaftServerProxy (RaftServerProxy.java:addNew(89)) - 6d67d047-43fa-44c3-a5c1-93138c27aeb7: addNew group-35F08AB3BB15:[6d67d047-43fa-44c3-a5c1-93138c27aeb7:192.168.69.122:35782] returns group-35F08AB3BB15:java.util.concurrent.CompletableFuture@4f763528[Not completed]
2019-07-13 19:28:24,595 INFO  impl.RaftServerImpl (RaftServerImpl.java:<init>(93)) - 6d67d047-43fa-44c3-a5c1-93138c27aeb7: new RaftServerImpl for group-35F08AB3BB15:[6d67d047-43fa-44c3-a5c1-93138c27aeb7:192.168.69.122:35782] with ContainerStateMachine:uninitialized
2019-07-13 19:28:24,595 INFO  server.RaftServerConfigKeys (ConfUtils.java:logGet(43)) - raft.server.rpc.timeout.min = 5s (custom)
2019-07-13 19:28:24,595 INFO  server.RaftServerConfigKeys (ConfUtils.java:logGet(43)) - raft.server.rpc.timeout.max = 5200ms (custom)
2019-07-13 19:28:24,595 INFO  server.RaftServerConfigKeys (ConfUtils.java:logGet(43)) - raft.server.rpcslowness.timeout = 120s (custom)
2019-07-13 19:28:24,595 INFO  server.RaftServerConfigKeys (ConfUtils.java:logGet(43)) - raft.server.sleep.deviation.threshold = 300 (default)
2019-07-13 19:28:24,595 INFO  server.RaftServerConfigKeys (ConfUtils.java:logGet(43)) - raft.server.log.appender.install.snapshot.enabled = false (custom)
2019-07-13 19:28:24,595 INFO  impl.RaftServerImpl (ServerState.java:<init>(105)) - 6d67d047-43fa-44c3-a5c1-93138c27aeb7:group-35F08AB3BB15 ConfigurationManager, init=-1: [6d67d047-43fa-44c3-a5c1-93138c27aeb7:192.168.69.122:35782], old=null, confs=<EMPTY_MAP>
2019-07-13 19:28:24,596 INFO  server.RaftServerConfigKeys (ConfUtils.java:logGet(43)) - raft.server.storage.dir = [/tmp/workdir/hadoop-ozone/integration-test/target/test-dir/MiniOzoneClusterImpl-8870e792-62d6-436f-b6cb-4a829b9a395c/datanode-4/data/ratis] (custom)
2019-07-13 19:28:24,596 INFO  storage.RaftStorageDirectory (RaftStorageDirectory.java:analyzeStorage(246)) - The storage directory /tmp/workdir/hadoop-ozone/integration-test/target/test-dir/MiniOzoneClusterImpl-8870e792-62d6-436f-b6cb-4a829b9a395c/datanode-4/data/ratis/49b7812e-33bc-4bee-a86f-35f08ab3bb15 does not exist. Creating ...
2019-07-13 19:28:24,609 INFO  storage.RaftStorageDirectory (RaftStorageDirectory.java:tryLock(328)) - Lock on /tmp/workdir/hadoop-ozone/integration-test/target/test-dir/MiniOzoneClusterImpl-8870e792-62d6-436f-b6cb-4a829b9a395c/datanode-4/data/ratis/49b7812e-33bc-4bee-a86f-35f08ab3bb15/in_use.lock acquired by nodename 9151@trunk-nightly-fxqsz-774976932
2019-07-13 19:28:24,622 INFO  storage.RaftStorage (RaftStorage.java:format(72)) - Storage directory /tmp/workdir/hadoop-ozone/integration-test/target/test-dir/MiniOzoneClusterImpl-8870e792-62d6-436f-b6cb-4a829b9a395c/datanode-4/data/ratis/49b7812e-33bc-4bee-a86f-35f08ab3bb15 has been successfully formatted.
2019-07-13 19:28:24,622 INFO  ratis.ContainerStateMachine (ContainerStateMachine.java:loadSnapshot(200)) - The snapshot info is null.Setting the last applied index to:(t:0, i:~)
2019-07-13 19:28:24,622 INFO  server.RaftServerConfigKeys (ConfUtils.java:logGet(43)) - raft.server.leader.election.timeout = 120s (custom)
2019-07-13 19:28:24,622 INFO  server.RaftServerConfigKeys (ConfUtils.java:logGet(43)) - raft.server.log.use.memory = false (default)
2019-07-13 19:28:24,622 INFO  server.RaftServerConfigKeys (ConfUtils.java:logGet(43)) - raft.server.log.purge.gap = 1000000000 (custom)
2019-07-13 19:28:24,623 INFO  server.RaftServerConfigKeys (ConfUtils.java:logGet(43)) - raft.server.log.appender.buffer.byte-limit = 33554432 (custom)
2019-07-13 19:28:24,623 INFO  server.RaftServerConfigKeys (ConfUtils.java:logGet(43)) - raft.server.log.segment.size.max = 1048576 (custom)
2019-07-13 19:28:24,623 INFO  server.RaftServerConfigKeys (ConfUtils.java:logGet(43)) - raft.server.log.segment.cache.num.max = 2 (custom)
2019-07-13 19:28:24,623 INFO  segmented.SegmentedRaftLogWorker (SegmentedRaftLogWorker.java:<init>(172)) - new 6d67d047-43fa-44c3-a5c1-93138c27aeb7-SegmentedRaftLogWorker:Storage Directory /tmp/workdir/hadoop-ozone/integration-test/target/test-dir/MiniOzoneClusterImpl-8870e792-62d6-436f-b6cb-4a829b9a395c/datanode-4/data/ratis/49b7812e-33bc-4bee-a86f-35f08ab3bb15 for RaftStorage:Storage Directory /tmp/workdir/hadoop-ozone/integration-test/target/test-dir/MiniOzoneClusterImpl-8870e792-62d6-436f-b6cb-4a829b9a395c/datanode-4/data/ratis/49b7812e-33bc-4bee-a86f-35f08ab3bb15
2019-07-13 19:28:24,623 INFO  server.RaftServerConfigKeys (ConfUtils.java:logGet(43)) - raft.server.log.queue.byte-limit = 2147483647 (custom)
2019-07-13 19:28:24,623 INFO  server.RaftServerConfigKeys (ConfUtils.java:logGet(43)) - raft.server.log.queue.element-limit = 1024 (custom)
2019-07-13 19:28:24,624 INFO  server.RaftServerConfigKeys (ConfUtils.java:logGet(43)) - raft.server.log.segment.size.max = 1048576 (custom)
2019-07-13 19:28:24,624 INFO  server.RaftServerConfigKeys (ConfUtils.java:logGet(43)) - raft.server.log.preallocated.size = 16384 (custom)
2019-07-13 19:28:24,624 INFO  server.RaftServerConfigKeys (ConfUtils.java:logGet(43)) - raft.server.log.write.buffer.size = 33554432 (custom)
2019-07-13 19:28:24,624 INFO  server.RaftServerConfigKeys (ConfUtils.java:logGet(43)) - raft.server.log.force.sync.num = 128 (default)
2019-07-13 19:28:24,625 INFO  server.RaftServerConfigKeys (ConfUtils.java:logGet(43)) - raft.server.log.statemachine.data.sync = true (default)
2019-07-13 19:28:24,625 INFO  server.RaftServerConfigKeys (ConfUtils.java:logGet(43)) - raft.server.log.statemachine.data.sync.timeout = 10s (default)
2019-07-13 19:28:24,625 INFO  server.RaftServerConfigKeys (ConfUtils.java:logGet(43)) - raft.server.log.statemachine.data.sync.timeout.retry = -1 (default)
2019-07-13 19:28:24,625 INFO  server.RaftServerConfigKeys (ConfUtils.java:logGet(43)) - raft.server.log.statemachine.data.caching.enabled = true (custom)
2019-07-13 19:28:24,626 INFO  segmented.SegmentedRaftLogWorker (SegmentedRaftLogWorker.java:lambda$new$0(132)) - 6d67d047-43fa-44c3-a5c1-93138c27aeb7-SegmentedRaftLogWorker:Storage Directory /tmp/workdir/hadoop-ozone/integration-test/target/test-dir/MiniOzoneClusterImpl-8870e792-62d6-436f-b6cb-4a829b9a395c/datanode-4/data/ratis/49b7812e-33bc-4bee-a86f-35f08ab3bb15: flushIndex: setUnconditionally 0 -> -1
2019-07-13 19:28:24,626 INFO  server.RaftServerConfigKeys (ConfUtils.java:logGet(43)) - raft.server.snapshot.auto.trigger.enabled = true (custom)
2019-07-13 19:28:24,626 INFO  server.RaftServerConfigKeys (ConfUtils.java:logGet(43)) - raft.server.snapshot.auto.trigger.threshold = 10000 (custom)
2019-07-13 19:28:24,627 INFO  server.RaftServerConfigKeys (ConfUtils.java:logGet(43)) - raft.server.retrycache.expirytime = 600000ms (custom)
2019-07-13 19:28:24,627 INFO  impl.RaftServerImpl (RaftServerImpl.java:start(180)) - 6d67d047-43fa-44c3-a5c1-93138c27aeb7: start group-35F08AB3BB15
2019-07-13 19:28:24,627 INFO  impl.RaftServerImpl (RaftServerImpl.java:setRole(171)) - 6d67d047-43fa-44c3-a5c1-93138c27aeb7:group-35F08AB3BB15 changes role from null to FOLLOWER at term 0 for startAsFollower
2019-07-13 19:28:24,627 INFO  impl.RoleInfo (RoleInfo.java:updateAndGet(143)) - 6d67d047-43fa-44c3-a5c1-93138c27aeb7: start FollowerState
2019-07-13 19:28:24,628 INFO  util.JmxRegister (JmxRegister.java:tryRegister(44)) - Successfully registered JMX Bean with object name Ratis:service=RaftServer,group=group-35F08AB3BB15,id=6d67d047-43fa-44c3-a5c1-93138c27aeb7
2019-07-13 19:28:24,642 INFO  pipeline.PipelineStateManager (PipelineStateManager.java:addPipeline(56)) - Created pipeline Pipeline[ Id: 49b7812e-33bc-4bee-a86f-35f08ab3bb15, Nodes: 6d67d047-43fa-44c3-a5c1-93138c27aeb7{ip: 192.168.69.122, host: trunk-nightly-fxqsz-774976932, networkLocation: /default-rack, certSerialId: null}, Type:RATIS, Factor:ONE, State:OPEN]
2019-07-13 19:28:24,662 INFO  impl.RaftServerProxy (RaftServerProxy.java:addNew(89)) - b586f36b-7d1b-45fa-beb7-f89578bcb25e: addNew group-53F6525A1030:[b586f36b-7d1b-45fa-beb7-f89578bcb25e:192.168.69.122:33629] returns group-53F6525A1030:java.util.concurrent.CompletableFuture@105eaa50[Not completed]
2019-07-13 19:28:24,664 INFO  impl.RaftServerImpl (RaftServerImpl.java:<init>(93)) - b586f36b-7d1b-45fa-beb7-f89578bcb25e: new RaftServerImpl for group-53F6525A1030:[b586f36b-7d1b-45fa-beb7-f89578bcb25e:192.168.69.122:33629] with ContainerStateMachine:uninitialized
2019-07-13 19:28:24,664 INFO  server.RaftServerConfigKeys (ConfUtils.java:logGet(43)) - raft.server.rpc.timeout.min = 5s (custom)
2019-07-13 19:28:24,664 INFO  server.RaftServerConfigKeys (ConfUtils.java:logGet(43)) - raft.server.rpc.timeout.max = 5200ms (custom)
2019-07-13 19:28:24,664 INFO  server.RaftServerConfigKeys (ConfUtils.java:logGet(43)) - raft.server.rpcslowness.timeout = 120s (custom)
2019-07-13 19:28:24,664 INFO  server.RaftServerConfigKeys (ConfUtils.java:logGet(43)) - raft.server.sleep.deviation.threshold = 300 (default)
2019-07-13 19:28:24,664 INFO  server.RaftServerConfigKeys (ConfUtils.java:logGet(43)) - raft.server.log.appender.install.snapshot.enabled = false (custom)
2019-07-13 19:28:24,665 INFO  impl.RaftServerImpl (ServerState.java:<init>(105)) - b586f36b-7d1b-45fa-beb7-f89578bcb25e:group-53F6525A1030 ConfigurationManager, init=-1: [b586f36b-7d1b-45fa-beb7-f89578bcb25e:192.168.69.122:33629], old=null, confs=<EMPTY_MAP>
2019-07-13 19:28:24,665 INFO  server.RaftServerConfigKeys (ConfUtils.java:logGet(43)) - raft.server.storage.dir = [/tmp/workdir/hadoop-ozone/integration-test/target/test-dir/MiniOzoneClusterImpl-8870e792-62d6-436f-b6cb-4a829b9a395c/datanode-1/data/ratis] (custom)
2019-07-13 19:28:24,665 INFO  storage.RaftStorageDirectory (RaftStorageDirectory.java:analyzeStorage(246)) - The storage directory /tmp/workdir/hadoop-ozone/integration-test/target/test-dir/MiniOzoneClusterImpl-8870e792-62d6-436f-b6cb-4a829b9a395c/datanode-1/data/ratis/fbddf135-95ea-414e-be5e-53f6525a1030 does not exist. Creating ...
2019-07-13 19:28:24,678 INFO  storage.RaftStorageDirectory (RaftStorageDirectory.java:tryLock(328)) - Lock on /tmp/workdir/hadoop-ozone/integration-test/target/test-dir/MiniOzoneClusterImpl-8870e792-62d6-436f-b6cb-4a829b9a395c/datanode-1/data/ratis/fbddf135-95ea-414e-be5e-53f6525a1030/in_use.lock acquired by nodename 9151@trunk-nightly-fxqsz-774976932
2019-07-13 19:28:24,691 INFO  storage.RaftStorage (RaftStorage.java:format(72)) - Storage directory /tmp/workdir/hadoop-ozone/integration-test/target/test-dir/MiniOzoneClusterImpl-8870e792-62d6-436f-b6cb-4a829b9a395c/datanode-1/data/ratis/fbddf135-95ea-414e-be5e-53f6525a1030 has been successfully formatted.
2019-07-13 19:28:24,691 INFO  ratis.ContainerStateMachine (ContainerStateMachine.java:loadSnapshot(200)) - The snapshot info is null.Setting the last applied index to:(t:0, i:~)
2019-07-13 19:28:24,691 INFO  server.RaftServerConfigKeys (ConfUtils.java:logGet(43)) - raft.server.leader.election.timeout = 120s (custom)
2019-07-13 19:28:24,691 INFO  server.RaftServerConfigKeys (ConfUtils.java:logGet(43)) - raft.server.log.use.memory = false (default)
2019-07-13 19:28:24,691 INFO  server.RaftServerConfigKeys (ConfUtils.java:logGet(43)) - raft.server.log.purge.gap = 1000000000 (custom)
2019-07-13 19:28:24,691 INFO  server.RaftServerConfigKeys (ConfUtils.java:logGet(43)) - raft.server.log.appender.buffer.byte-limit = 33554432 (custom)
2019-07-13 19:28:24,692 INFO  server.RaftServerConfigKeys (ConfUtils.java:logGet(43)) - raft.server.log.segment.size.max = 1048576 (custom)
2019-07-13 19:28:24,692 INFO  server.RaftServerConfigKeys (ConfUtils.java:logGet(43)) - raft.server.log.segment.cache.num.max = 2 (custom)
2019-07-13 19:28:24,692 INFO  segmented.SegmentedRaftLogWorker (SegmentedRaftLogWorker.java:<init>(172)) - new b586f36b-7d1b-45fa-beb7-f89578bcb25e-SegmentedRaftLogWorker:Storage Directory /tmp/workdir/hadoop-ozone/integration-test/target/test-dir/MiniOzoneClusterImpl-8870e792-62d6-436f-b6cb-4a829b9a395c/datanode-1/data/ratis/fbddf135-95ea-414e-be5e-53f6525a1030 for RaftStorage:Storage Directory /tmp/workdir/hadoop-ozone/integration-test/target/test-dir/MiniOzoneClusterImpl-8870e792-62d6-436f-b6cb-4a829b9a395c/datanode-1/data/ratis/fbddf135-95ea-414e-be5e-53f6525a1030
2019-07-13 19:28:24,692 INFO  server.RaftServerConfigKeys (ConfUtils.java:logGet(43)) - raft.server.log.queue.byte-limit = 2147483647 (custom)
2019-07-13 19:28:24,692 INFO  server.RaftServerConfigKeys (ConfUtils.java:logGet(43)) - raft.server.log.queue.element-limit = 1024 (custom)
2019-07-13 19:28:24,693 INFO  server.RaftServerConfigKeys (ConfUtils.java:logGet(43)) - raft.server.log.segment.size.max = 1048576 (custom)
2019-07-13 19:28:24,693 INFO  server.RaftServerConfigKeys (ConfUtils.java:logGet(43)) - raft.server.log.preallocated.size = 16384 (custom)
2019-07-13 19:28:24,693 INFO  server.RaftServerConfigKeys (ConfUtils.java:logGet(43)) - raft.server.log.write.buffer.size = 33554432 (custom)
2019-07-13 19:28:24,693 INFO  server.RaftServerConfigKeys (ConfUtils.java:logGet(43)) - raft.server.log.force.sync.num = 128 (default)
2019-07-13 19:28:24,693 INFO  server.RaftServerConfigKeys (ConfUtils.java:logGet(43)) - raft.server.log.statemachine.data.sync = true (default)
2019-07-13 19:28:24,693 INFO  server.RaftServerConfigKeys (ConfUtils.java:logGet(43)) - raft.server.log.statemachine.data.sync.timeout = 10s (default)
2019-07-13 19:28:24,693 INFO  server.RaftServerConfigKeys (ConfUtils.java:logGet(43)) - raft.server.log.statemachine.data.sync.timeout.retry = -1 (default)
2019-07-13 19:28:24,694 INFO  server.RaftServerConfigKeys (ConfUtils.java:logGet(43)) - raft.server.log.statemachine.data.caching.enabled = true (custom)
2019-07-13 19:28:24,694 INFO  segmented.SegmentedRaftLogWorker (SegmentedRaftLogWorker.java:lambda$new$0(132)) - b586f36b-7d1b-45fa-beb7-f89578bcb25e-SegmentedRaftLogWorker:Storage Directory /tmp/workdir/hadoop-ozone/integration-test/target/test-dir/MiniOzoneClusterImpl-8870e792-62d6-436f-b6cb-4a829b9a395c/datanode-1/data/ratis/fbddf135-95ea-414e-be5e-53f6525a1030: flushIndex: setUnconditionally 0 -> -1
2019-07-13 19:28:24,694 INFO  server.RaftServerConfigKeys (ConfUtils.java:logGet(43)) - raft.server.snapshot.auto.trigger.enabled = true (custom)
2019-07-13 19:28:24,694 INFO  server.RaftServerConfigKeys (ConfUtils.java:logGet(43)) - raft.server.snapshot.auto.trigger.threshold = 10000 (custom)
2019-07-13 19:28:24,695 INFO  server.RaftServerConfigKeys (ConfUtils.java:logGet(43)) - raft.server.retrycache.expirytime = 600000ms (custom)
2019-07-13 19:28:24,695 INFO  impl.RaftServerImpl (RaftServerImpl.java:start(180)) - b586f36b-7d1b-45fa-beb7-f89578bcb25e: start group-53F6525A1030
2019-07-13 19:28:24,695 INFO  impl.RaftServerImpl (RaftServerImpl.java:setRole(171)) - b586f36b-7d1b-45fa-beb7-f89578bcb25e:group-53F6525A1030 changes role from null to FOLLOWER at term 0 for startAsFollower
2019-07-13 19:28:24,695 INFO  impl.RoleInfo (RoleInfo.java:updateAndGet(143)) - b586f36b-7d1b-45fa-beb7-f89578bcb25e: start FollowerState
2019-07-13 19:28:24,696 INFO  util.JmxRegister (JmxRegister.java:tryRegister(44)) - Successfully registered JMX Bean with object name Ratis:service=RaftServer,group=group-53F6525A1030,id=b586f36b-7d1b-45fa-beb7-f89578bcb25e
2019-07-13 19:28:24,716 INFO  pipeline.PipelineStateManager (PipelineStateManager.java:addPipeline(56)) - Created pipeline Pipeline[ Id: fbddf135-95ea-414e-be5e-53f6525a1030, Nodes: b586f36b-7d1b-45fa-beb7-f89578bcb25e{ip: 192.168.69.122, host: trunk-nightly-fxqsz-774976932, networkLocation: /default-rack, certSerialId: null}, Type:RATIS, Factor:ONE, State:OPEN]
2019-07-13 19:28:24,758 INFO  impl.RaftServerProxy (RaftServerProxy.java:addNew(89)) - ae3df460-8e6c-40f9-a646-080cc91d539e: addNew group-11C239CA1CFB:[641a3f2a-10d0-4978-9d9f-4af2391f0f09:192.168.69.122:35732, ee58ed2e-2e4c-4f98-b1c8-8f92b90669dd:192.168.69.122:38562, ae3df460-8e6c-40f9-a646-080cc91d539e:192.168.69.122:42161] returns group-11C239CA1CFB:java.util.concurrent.CompletableFuture@7b6a559a[Not completed]
2019-07-13 19:28:24,769 INFO  impl.RaftServerImpl (RaftServerImpl.java:<init>(93)) - ae3df460-8e6c-40f9-a646-080cc91d539e: new RaftServerImpl for group-11C239CA1CFB:[641a3f2a-10d0-4978-9d9f-4af2391f0f09:192.168.69.122:35732, ee58ed2e-2e4c-4f98-b1c8-8f92b90669dd:192.168.69.122:38562, ae3df460-8e6c-40f9-a646-080cc91d539e:192.168.69.122:42161] with ContainerStateMachine:uninitialized
2019-07-13 19:28:24,770 INFO  impl.RaftServerProxy (RaftServerProxy.java:addNew(89)) - ee58ed2e-2e4c-4f98-b1c8-8f92b90669dd: addNew group-11C239CA1CFB:[641a3f2a-10d0-4978-9d9f-4af2391f0f09:192.168.69.122:35732, ee58ed2e-2e4c-4f98-b1c8-8f92b90669dd:192.168.69.122:38562, ae3df460-8e6c-40f9-a646-080cc91d539e:192.168.69.122:42161] returns group-11C239CA1CFB:java.util.concurrent.CompletableFuture@40710a2a[Not completed]
2019-07-13 19:28:24,770 INFO  impl.RaftServerProxy (RaftServerProxy.java:addNew(89)) - 641a3f2a-10d0-4978-9d9f-4af2391f0f09: addNew group-11C239CA1CFB:[641a3f2a-10d0-4978-9d9f-4af2391f0f09:192.168.69.122:35732, ee58ed2e-2e4c-4f98-b1c8-8f92b90669dd:192.168.69.122:38562, ae3df460-8e6c-40f9-a646-080cc91d539e:192.168.69.122:42161] returns group-11C239CA1CFB:java.util.concurrent.CompletableFuture@3a575fa1[Not completed]
2019-07-13 19:28:24,770 INFO  server.RaftServerConfigKeys (ConfUtils.java:logGet(43)) - raft.server.rpc.timeout.min = 5s (custom)
2019-07-13 19:28:24,770 INFO  server.RaftServerConfigKeys (ConfUtils.java:logGet(43)) - raft.server.rpc.timeout.max = 5200ms (custom)
2019-07-13 19:28:24,771 INFO  server.RaftServerConfigKeys (ConfUtils.java:logGet(43)) - raft.server.rpcslowness.timeout = 120s (custom)
2019-07-13 19:28:24,771 INFO  server.RaftServerConfigKeys (ConfUtils.java:logGet(43)) - raft.server.sleep.deviation.threshold = 300 (default)
2019-07-13 19:28:24,771 INFO  server.RaftServerConfigKeys (ConfUtils.java:logGet(43)) - raft.server.log.appender.install.snapshot.enabled = false (custom)
2019-07-13 19:28:24,771 INFO  impl.RaftServerImpl (ServerState.java:<init>(105)) - ae3df460-8e6c-40f9-a646-080cc91d539e:group-11C239CA1CFB ConfigurationManager, init=-1: [641a3f2a-10d0-4978-9d9f-4af2391f0f09:192.168.69.122:35732, ee58ed2e-2e4c-4f98-b1c8-8f92b90669dd:192.168.69.122:38562, ae3df460-8e6c-40f9-a646-080cc91d539e:192.168.69.122:42161], old=null, confs=<EMPTY_MAP>
2019-07-13 19:28:24,771 INFO  impl.RaftServerImpl (RaftServerImpl.java:<init>(93)) - ee58ed2e-2e4c-4f98-b1c8-8f92b90669dd: new RaftServerImpl for group-11C239CA1CFB:[641a3f2a-10d0-4978-9d9f-4af2391f0f09:192.168.69.122:35732, ee58ed2e-2e4c-4f98-b1c8-8f92b90669dd:192.168.69.122:38562, ae3df460-8e6c-40f9-a646-080cc91d539e:192.168.69.122:42161] with ContainerStateMachine:uninitialized
2019-07-13 19:28:24,772 INFO  server.RaftServerConfigKeys (ConfUtils.java:logGet(43)) - raft.server.rpc.timeout.min = 5s (custom)
2019-07-13 19:28:24,772 INFO  server.RaftServerConfigKeys (ConfUtils.java:logGet(43)) - raft.server.storage.dir = [/tmp/workdir/hadoop-ozone/integration-test/target/test-dir/MiniOzoneClusterImpl-8870e792-62d6-436f-b6cb-4a829b9a395c/datanode-3/data/ratis] (custom)
2019-07-13 19:28:24,772 INFO  server.RaftServerConfigKeys (ConfUtils.java:logGet(43)) - raft.server.rpc.timeout.max = 5200ms (custom)
2019-07-13 19:28:24,772 INFO  server.RaftServerConfigKeys (ConfUtils.java:logGet(43)) - raft.server.rpcslowness.timeout = 120s (custom)
2019-07-13 19:28:24,772 INFO  server.RaftServerConfigKeys (ConfUtils.java:logGet(43)) - raft.server.sleep.deviation.threshold = 300 (default)
2019-07-13 19:28:24,772 INFO  impl.RaftServerImpl (RaftServerImpl.java:<init>(93)) - 641a3f2a-10d0-4978-9d9f-4af2391f0f09: new RaftServerImpl for group-11C239CA1CFB:[641a3f2a-10d0-4978-9d9f-4af2391f0f09:192.168.69.122:35732, ee58ed2e-2e4c-4f98-b1c8-8f92b90669dd:192.168.69.122:38562, ae3df460-8e6c-40f9-a646-080cc91d539e:192.168.69.122:42161] with ContainerStateMachine:uninitialized
2019-07-13 19:28:24,772 INFO  storage.RaftStorageDirectory (RaftStorageDirectory.java:analyzeStorage(246)) - The storage directory /tmp/workdir/hadoop-ozone/integration-test/target/test-dir/MiniOzoneClusterImpl-8870e792-62d6-436f-b6cb-4a829b9a395c/datanode-3/data/ratis/fe0836c3-cbde-4fcc-9714-11c239ca1cfb does not exist. Creating ...
2019-07-13 19:28:24,772 INFO  server.RaftServerConfigKeys (ConfUtils.java:logGet(43)) - raft.server.log.appender.install.snapshot.enabled = false (custom)
2019-07-13 19:28:24,773 INFO  server.RaftServerConfigKeys (ConfUtils.java:logGet(43)) - raft.server.rpc.timeout.min = 5s (custom)
2019-07-13 19:28:24,773 INFO  impl.RaftServerImpl (ServerState.java:<init>(105)) - ee58ed2e-2e4c-4f98-b1c8-8f92b90669dd:group-11C239CA1CFB ConfigurationManager, init=-1: [641a3f2a-10d0-4978-9d9f-4af2391f0f09:192.168.69.122:35732, ee58ed2e-2e4c-4f98-b1c8-8f92b90669dd:192.168.69.122:38562, ae3df460-8e6c-40f9-a646-080cc91d539e:192.168.69.122:42161], old=null, confs=<EMPTY_MAP>
2019-07-13 19:28:24,773 INFO  server.RaftServerConfigKeys (ConfUtils.java:logGet(43)) - raft.server.rpc.timeout.max = 5200ms (custom)
2019-07-13 19:28:24,773 INFO  server.RaftServerConfigKeys (ConfUtils.java:logGet(43)) - raft.server.storage.dir = [/tmp/workdir/hadoop-ozone/integration-test/target/test-dir/MiniOzoneClusterImpl-8870e792-62d6-436f-b6cb-4a829b9a395c/datanode-6/data/ratis] (custom)
2019-07-13 19:28:24,773 INFO  server.RaftServerConfigKeys (ConfUtils.java:logGet(43)) - raft.server.rpcslowness.timeout = 120s (custom)
2019-07-13 19:28:24,774 INFO  server.RaftServerConfigKeys (ConfUtils.java:logGet(43)) - raft.server.sleep.deviation.threshold = 300 (default)
2019-07-13 19:28:24,774 INFO  storage.RaftStorageDirectory (RaftStorageDirectory.java:analyzeStorage(246)) - The storage directory /tmp/workdir/hadoop-ozone/integration-test/target/test-dir/MiniOzoneClusterImpl-8870e792-62d6-436f-b6cb-4a829b9a395c/datanode-6/data/ratis/fe0836c3-cbde-4fcc-9714-11c239ca1cfb does not exist. Creating ...
2019-07-13 19:28:24,774 INFO  server.RaftServerConfigKeys (ConfUtils.java:logGet(43)) - raft.server.log.appender.install.snapshot.enabled = false (custom)
2019-07-13 19:28:24,774 INFO  impl.RaftServerImpl (ServerState.java:<init>(105)) - 641a3f2a-10d0-4978-9d9f-4af2391f0f09:group-11C239CA1CFB ConfigurationManager, init=-1: [641a3f2a-10d0-4978-9d9f-4af2391f0f09:192.168.69.122:35732, ee58ed2e-2e4c-4f98-b1c8-8f92b90669dd:192.168.69.122:38562, ae3df460-8e6c-40f9-a646-080cc91d539e:192.168.69.122:42161], old=null, confs=<EMPTY_MAP>
2019-07-13 19:28:24,774 INFO  server.RaftServerConfigKeys (ConfUtils.java:logGet(43)) - raft.server.storage.dir = [/tmp/workdir/hadoop-ozone/integration-test/target/test-dir/MiniOzoneClusterImpl-8870e792-62d6-436f-b6cb-4a829b9a395c/datanode-0/data/ratis] (custom)
2019-07-13 19:28:24,775 INFO  storage.RaftStorageDirectory (RaftStorageDirectory.java:analyzeStorage(246)) - The storage directory /tmp/workdir/hadoop-ozone/integration-test/target/test-dir/MiniOzoneClusterImpl-8870e792-62d6-436f-b6cb-4a829b9a395c/datanode-0/data/ratis/fe0836c3-cbde-4fcc-9714-11c239ca1cfb does not exist. Creating ...
2019-07-13 19:28:24,786 INFO  storage.RaftStorageDirectory (RaftStorageDirectory.java:tryLock(328)) - Lock on /tmp/workdir/hadoop-ozone/integration-test/target/test-dir/MiniOzoneClusterImpl-8870e792-62d6-436f-b6cb-4a829b9a395c/datanode-6/data/ratis/fe0836c3-cbde-4fcc-9714-11c239ca1cfb/in_use.lock acquired by nodename 9151@trunk-nightly-fxqsz-774976932
2019-07-13 19:28:24,786 INFO  storage.RaftStorageDirectory (RaftStorageDirectory.java:tryLock(328)) - Lock on /tmp/workdir/hadoop-ozone/integration-test/target/test-dir/MiniOzoneClusterImpl-8870e792-62d6-436f-b6cb-4a829b9a395c/datanode-0/data/ratis/fe0836c3-cbde-4fcc-9714-11c239ca1cfb/in_use.lock acquired by nodename 9151@trunk-nightly-fxqsz-774976932
2019-07-13 19:28:24,786 INFO  storage.RaftStorageDirectory (RaftStorageDirectory.java:tryLock(328)) - Lock on /tmp/workdir/hadoop-ozone/integration-test/target/test-dir/MiniOzoneClusterImpl-8870e792-62d6-436f-b6cb-4a829b9a395c/datanode-3/data/ratis/fe0836c3-cbde-4fcc-9714-11c239ca1cfb/in_use.lock acquired by nodename 9151@trunk-nightly-fxqsz-774976932
2019-07-13 19:28:24,800 INFO  storage.RaftStorage (RaftStorage.java:format(72)) - Storage directory /tmp/workdir/hadoop-ozone/integration-test/target/test-dir/MiniOzoneClusterImpl-8870e792-62d6-436f-b6cb-4a829b9a395c/datanode-6/data/ratis/fe0836c3-cbde-4fcc-9714-11c239ca1cfb has been successfully formatted.
2019-07-13 19:28:24,800 INFO  storage.RaftStorage (RaftStorage.java:format(72)) - Storage directory /tmp/workdir/hadoop-ozone/integration-test/target/test-dir/MiniOzoneClusterImpl-8870e792-62d6-436f-b6cb-4a829b9a395c/datanode-0/data/ratis/fe0836c3-cbde-4fcc-9714-11c239ca1cfb has been successfully formatted.
2019-07-13 19:28:24,800 INFO  ratis.ContainerStateMachine (ContainerStateMachine.java:loadSnapshot(200)) - The snapshot info is null.Setting the last applied index to:(t:0, i:~)
2019-07-13 19:28:24,800 INFO  storage.RaftStorage (RaftStorage.java:format(72)) - Storage directory /tmp/workdir/hadoop-ozone/integration-test/target/test-dir/MiniOzoneClusterImpl-8870e792-62d6-436f-b6cb-4a829b9a395c/datanode-3/data/ratis/fe0836c3-cbde-4fcc-9714-11c239ca1cfb has been successfully formatted.
2019-07-13 19:28:24,800 INFO  ratis.ContainerStateMachine (ContainerStateMachine.java:loadSnapshot(200)) - The snapshot info is null.Setting the last applied index to:(t:0, i:~)
2019-07-13 19:28:24,800 INFO  server.RaftServerConfigKeys (ConfUtils.java:logGet(43)) - raft.server.leader.election.timeout = 120s (custom)
2019-07-13 19:28:24,801 INFO  server.RaftServerConfigKeys (ConfUtils.java:logGet(43)) - raft.server.leader.election.timeout = 120s (custom)
2019-07-13 19:28:24,801 INFO  ratis.ContainerStateMachine (ContainerStateMachine.java:loadSnapshot(200)) - The snapshot info is null.Setting the last applied index to:(t:0, i:~)
2019-07-13 19:28:24,801 INFO  server.RaftServerConfigKeys (ConfUtils.java:logGet(43)) - raft.server.log.use.memory = false (default)
2019-07-13 19:28:24,801 INFO  server.RaftServerConfigKeys (ConfUtils.java:logGet(43)) - raft.server.log.use.memory = false (default)
2019-07-13 19:28:24,801 INFO  server.RaftServerConfigKeys (ConfUtils.java:logGet(43)) - raft.server.log.purge.gap = 1000000000 (custom)
2019-07-13 19:28:24,801 INFO  server.RaftServerConfigKeys (ConfUtils.java:logGet(43)) - raft.server.leader.election.timeout = 120s (custom)
2019-07-13 19:28:24,802 INFO  server.RaftServerConfigKeys (ConfUtils.java:logGet(43)) - raft.server.log.appender.buffer.byte-limit = 33554432 (custom)
2019-07-13 19:28:24,802 INFO  server.RaftServerConfigKeys (ConfUtils.java:logGet(43)) - raft.server.log.purge.gap = 1000000000 (custom)
2019-07-13 19:28:24,802 INFO  server.RaftServerConfigKeys (ConfUtils.java:logGet(43)) - raft.server.log.segment.size.max = 1048576 (custom)
2019-07-13 19:28:24,802 INFO  server.RaftServerConfigKeys (ConfUtils.java:logGet(43)) - raft.server.log.use.memory = false (default)
2019-07-13 19:28:24,802 INFO  server.RaftServerConfigKeys (ConfUtils.java:logGet(43)) - raft.server.log.segment.cache.num.max = 2 (custom)
2019-07-13 19:28:24,802 INFO  server.RaftServerConfigKeys (ConfUtils.java:logGet(43)) - raft.server.log.appender.buffer.byte-limit = 33554432 (custom)
2019-07-13 19:28:24,803 INFO  segmented.SegmentedRaftLogWorker (SegmentedRaftLogWorker.java:<init>(172)) - new 641a3f2a-10d0-4978-9d9f-4af2391f0f09-SegmentedRaftLogWorker:Storage Directory /tmp/workdir/hadoop-ozone/integration-test/target/test-dir/MiniOzoneClusterImpl-8870e792-62d6-436f-b6cb-4a829b9a395c/datanode-0/data/ratis/fe0836c3-cbde-4fcc-9714-11c239ca1cfb for RaftStorage:Storage Directory /tmp/workdir/hadoop-ozone/integration-test/target/test-dir/MiniOzoneClusterImpl-8870e792-62d6-436f-b6cb-4a829b9a395c/datanode-0/data/ratis/fe0836c3-cbde-4fcc-9714-11c239ca1cfb
2019-07-13 19:28:24,802 INFO  server.RaftServerConfigKeys (ConfUtils.java:logGet(43)) - raft.server.log.purge.gap = 1000000000 (custom)
2019-07-13 19:28:24,803 INFO  server.RaftServerConfigKeys (ConfUtils.java:logGet(43)) - raft.server.log.queue.byte-limit = 2147483647 (custom)
2019-07-13 19:28:24,803 INFO  server.RaftServerConfigKeys (ConfUtils.java:logGet(43)) - raft.server.log.segment.size.max = 1048576 (custom)
2019-07-13 19:28:24,805 INFO  server.RaftServerConfigKeys (ConfUtils.java:logGet(43)) - raft.server.log.queue.element-limit = 1024 (custom)
2019-07-13 19:28:24,803 INFO  server.RaftServerConfigKeys (ConfUtils.java:logGet(43)) - raft.server.log.appender.buffer.byte-limit = 33554432 (custom)
2019-07-13 19:28:24,806 INFO  server.RaftServerConfigKeys (ConfUtils.java:logGet(43)) - raft.server.log.segment.size.max = 1048576 (custom)
2019-07-13 19:28:24,805 INFO  server.RaftServerConfigKeys (ConfUtils.java:logGet(43)) - raft.server.log.segment.cache.num.max = 2 (custom)
2019-07-13 19:28:24,806 INFO  server.RaftServerConfigKeys (ConfUtils.java:logGet(43)) - raft.server.log.preallocated.size = 16384 (custom)
2019-07-13 19:28:24,806 INFO  server.RaftServerConfigKeys (ConfUtils.java:logGet(43)) - raft.server.log.segment.size.max = 1048576 (custom)
2019-07-13 19:28:24,806 INFO  server.RaftServerConfigKeys (ConfUtils.java:logGet(43)) - raft.server.log.write.buffer.size = 33554432 (custom)
2019-07-13 19:28:24,806 INFO  segmented.SegmentedRaftLogWorker (SegmentedRaftLogWorker.java:<init>(172)) - new ee58ed2e-2e4c-4f98-b1c8-8f92b90669dd-SegmentedRaftLogWorker:Storage Directory /tmp/workdir/hadoop-ozone/integration-test/target/test-dir/MiniOzoneClusterImpl-8870e792-62d6-436f-b6cb-4a829b9a395c/datanode-6/data/ratis/fe0836c3-cbde-4fcc-9714-11c239ca1cfb for RaftStorage:Storage Directory /tmp/workdir/hadoop-ozone/integration-test/target/test-dir/MiniOzoneClusterImpl-8870e792-62d6-436f-b6cb-4a829b9a395c/datanode-6/data/ratis/fe0836c3-cbde-4fcc-9714-11c239ca1cfb
2019-07-13 19:28:24,807 INFO  server.RaftServerConfigKeys (ConfUtils.java:logGet(43)) - raft.server.log.force.sync.num = 128 (default)
2019-07-13 19:28:24,807 INFO  server.RaftServerConfigKeys (ConfUtils.java:logGet(43)) - raft.server.log.segment.cache.num.max = 2 (custom)
2019-07-13 19:28:24,807 INFO  server.RaftServerConfigKeys (ConfUtils.java:logGet(43)) - raft.server.log.statemachine.data.sync = true (default)
2019-07-13 19:28:24,807 INFO  server.RaftServerConfigKeys (ConfUtils.java:logGet(43)) - raft.server.log.queue.byte-limit = 2147483647 (custom)
2019-07-13 19:28:24,809 INFO  server.RaftServerConfigKeys (ConfUtils.java:logGet(43)) - raft.server.log.statemachine.data.sync.timeout = 10s (default)
2019-07-13 19:28:24,809 INFO  segmented.SegmentedRaftLogWorker (SegmentedRaftLogWorker.java:<init>(172)) - new ae3df460-8e6c-40f9-a646-080cc91d539e-SegmentedRaftLogWorker:Storage Directory /tmp/workdir/hadoop-ozone/integration-test/target/test-dir/MiniOzoneClusterImpl-8870e792-62d6-436f-b6cb-4a829b9a395c/datanode-3/data/ratis/fe0836c3-cbde-4fcc-9714-11c239ca1cfb for RaftStorage:Storage Directory /tmp/workdir/hadoop-ozone/integration-test/target/test-dir/MiniOzoneClusterImpl-8870e792-62d6-436f-b6cb-4a829b9a395c/datanode-3/data/ratis/fe0836c3-cbde-4fcc-9714-11c239ca1cfb
2019-07-13 19:28:24,810 INFO  server.RaftServerConfigKeys (ConfUtils.java:logGet(43)) - raft.server.log.statemachine.data.sync.timeout.retry = -1 (default)
2019-07-13 19:28:24,810 INFO  server.RaftServerConfigKeys (ConfUtils.java:logGet(43)) - raft.server.log.queue.element-limit = 1024 (custom)
2019-07-13 19:28:24,810 INFO  server.RaftServerConfigKeys (ConfUtils.java:logGet(43)) - raft.server.log.queue.byte-limit = 2147483647 (custom)
2019-07-13 19:28:24,812 INFO  server.RaftServerConfigKeys (ConfUtils.java:logGet(43)) - raft.server.log.segment.size.max = 1048576 (custom)
2019-07-13 19:28:24,812 INFO  server.RaftServerConfigKeys (ConfUtils.java:logGet(43)) - raft.server.log.statemachine.data.caching.enabled = true (custom)
2019-07-13 19:28:24,812 INFO  server.RaftServerConfigKeys (ConfUtils.java:logGet(43)) - raft.server.log.preallocated.size = 16384 (custom)
2019-07-13 19:28:24,813 INFO  server.RaftServerConfigKeys (ConfUtils.java:logGet(43)) - raft.server.log.write.buffer.size = 33554432 (custom)
2019-07-13 19:28:24,812 INFO  server.RaftServerConfigKeys (ConfUtils.java:logGet(43)) - raft.server.log.queue.element-limit = 1024 (custom)
2019-07-13 19:28:24,813 INFO  segmented.SegmentedRaftLogWorker (SegmentedRaftLogWorker.java:lambda$new$0(132)) - 641a3f2a-10d0-4978-9d9f-4af2391f0f09-SegmentedRaftLogWorker:Storage Directory /tmp/workdir/hadoop-ozone/integration-test/target/test-dir/MiniOzoneClusterImpl-8870e792-62d6-436f-b6cb-4a829b9a395c/datanode-0/data/ratis/fe0836c3-cbde-4fcc-9714-11c239ca1cfb: flushIndex: setUnconditionally 0 -> -1
2019-07-13 19:28:24,813 INFO  server.RaftServerConfigKeys (ConfUtils.java:logGet(43)) - raft.server.log.force.sync.num = 128 (default)
2019-07-13 19:28:24,813 INFO  server.RaftServerConfigKeys (ConfUtils.java:logGet(43)) - raft.server.log.segment.size.max = 1048576 (custom)
2019-07-13 19:28:24,813 INFO  server.RaftServerConfigKeys (ConfUtils.java:logGet(43)) - raft.server.log.statemachine.data.sync = true (default)
2019-07-13 19:28:24,814 INFO  server.RaftServerConfigKeys (ConfUtils.java:logGet(43)) - raft.server.snapshot.auto.trigger.enabled = true (custom)
2019-07-13 19:28:24,814 INFO  server.RaftServerConfigKeys (ConfUtils.java:logGet(43)) - raft.server.log.preallocated.size = 16384 (custom)
2019-07-13 19:28:24,814 INFO  server.RaftServerConfigKeys (ConfUtils.java:logGet(43)) - raft.server.snapshot.auto.trigger.threshold = 10000 (custom)
2019-07-13 19:28:24,814 INFO  server.RaftServerConfigKeys (ConfUtils.java:logGet(43)) - raft.server.log.statemachine.data.sync.timeout = 10s (default)
2019-07-13 19:28:24,814 INFO  server.RaftServerConfigKeys (ConfUtils.java:logGet(43)) - raft.server.retrycache.expirytime = 600000ms (custom)
2019-07-13 19:28:24,814 INFO  server.RaftServerConfigKeys (ConfUtils.java:logGet(43)) - raft.server.log.write.buffer.size = 33554432 (custom)
2019-07-13 19:28:24,815 INFO  impl.RaftServerImpl (RaftServerImpl.java:start(180)) - 641a3f2a-10d0-4978-9d9f-4af2391f0f09: start group-11C239CA1CFB
2019-07-13 19:28:24,814 INFO  server.RaftServerConfigKeys (ConfUtils.java:logGet(43)) - raft.server.log.statemachine.data.sync.timeout.retry = -1 (default)
2019-07-13 19:28:24,815 INFO  impl.RaftServerImpl (RaftServerImpl.java:setRole(171)) - 641a3f2a-10d0-4978-9d9f-4af2391f0f09:group-11C239CA1CFB changes role from null to FOLLOWER at term 0 for startAsFollower
2019-07-13 19:28:24,815 INFO  server.RaftServerConfigKeys (ConfUtils.java:logGet(43)) - raft.server.log.statemachine.data.caching.enabled = true (custom)
2019-07-13 19:28:24,815 INFO  server.RaftServerConfigKeys (ConfUtils.java:logGet(43)) - raft.server.log.force.sync.num = 128 (default)
2019-07-13 19:28:24,815 INFO  impl.RoleInfo (RoleInfo.java:updateAndGet(143)) - 641a3f2a-10d0-4978-9d9f-4af2391f0f09: start FollowerState
2019-07-13 19:28:24,816 INFO  server.RaftServerConfigKeys (ConfUtils.java:logGet(43)) - raft.server.log.statemachine.data.sync = true (default)
2019-07-13 19:28:24,816 INFO  segmented.SegmentedRaftLogWorker (SegmentedRaftLogWorker.java:lambda$new$0(132)) - ee58ed2e-2e4c-4f98-b1c8-8f92b90669dd-SegmentedRaftLogWorker:Storage Directory /tmp/workdir/hadoop-ozone/integration-test/target/test-dir/MiniOzoneClusterImpl-8870e792-62d6-436f-b6cb-4a829b9a395c/datanode-6/data/ratis/fe0836c3-cbde-4fcc-9714-11c239ca1cfb: flushIndex: setUnconditionally 0 -> -1
2019-07-13 19:28:24,816 INFO  server.RaftServerConfigKeys (ConfUtils.java:logGet(43)) - raft.server.log.statemachine.data.sync.timeout = 10s (default)
2019-07-13 19:28:24,816 INFO  util.JmxRegister (JmxRegister.java:tryRegister(44)) - Successfully registered JMX Bean with object name Ratis:service=RaftServer,group=group-11C239CA1CFB,id=641a3f2a-10d0-4978-9d9f-4af2391f0f09
2019-07-13 19:28:24,816 INFO  server.RaftServerConfigKeys (ConfUtils.java:logGet(43)) - raft.server.snapshot.auto.trigger.enabled = true (custom)
2019-07-13 19:28:24,816 INFO  server.RaftServerConfigKeys (ConfUtils.java:logGet(43)) - raft.server.log.statemachine.data.sync.timeout.retry = -1 (default)
2019-07-13 19:28:24,817 INFO  server.RaftServerConfigKeys (ConfUtils.java:logGet(43)) - raft.server.snapshot.auto.trigger.threshold = 10000 (custom)
2019-07-13 19:28:24,817 INFO  server.RaftServerConfigKeys (ConfUtils.java:logGet(43)) - raft.server.log.statemachine.data.caching.enabled = true (custom)
2019-07-13 19:28:24,817 INFO  server.RaftServerConfigKeys (ConfUtils.java:logGet(43)) - raft.server.retrycache.expirytime = 600000ms (custom)
2019-07-13 19:28:24,817 INFO  segmented.SegmentedRaftLogWorker (SegmentedRaftLogWorker.java:lambda$new$0(132)) - ae3df460-8e6c-40f9-a646-080cc91d539e-SegmentedRaftLogWorker:Storage Directory /tmp/workdir/hadoop-ozone/integration-test/target/test-dir/MiniOzoneClusterImpl-8870e792-62d6-436f-b6cb-4a829b9a395c/datanode-3/data/ratis/fe0836c3-cbde-4fcc-9714-11c239ca1cfb: flushIndex: setUnconditionally 0 -> -1
2019-07-13 19:28:24,818 INFO  impl.RaftServerImpl (RaftServerImpl.java:start(180)) - ee58ed2e-2e4c-4f98-b1c8-8f92b90669dd: start group-11C239CA1CFB
2019-07-13 19:28:24,818 INFO  impl.RaftServerImpl (RaftServerImpl.java:setRole(171)) - ee58ed2e-2e4c-4f98-b1c8-8f92b90669dd:group-11C239CA1CFB changes role from null to FOLLOWER at term 0 for startAsFollower
2019-07-13 19:28:24,818 INFO  server.RaftServerConfigKeys (ConfUtils.java:logGet(43)) - raft.server.snapshot.auto.trigger.enabled = true (custom)
2019-07-13 19:28:24,818 INFO  impl.RoleInfo (RoleInfo.java:updateAndGet(143)) - ee58ed2e-2e4c-4f98-b1c8-8f92b90669dd: start FollowerState
2019-07-13 19:28:24,818 INFO  server.RaftServerConfigKeys (ConfUtils.java:logGet(43)) - raft.server.snapshot.auto.trigger.threshold = 10000 (custom)
2019-07-13 19:28:24,819 INFO  server.RaftServerConfigKeys (ConfUtils.java:logGet(43)) - raft.server.retrycache.expirytime = 600000ms (custom)
2019-07-13 19:28:24,819 INFO  util.JmxRegister (JmxRegister.java:tryRegister(44)) - Successfully registered JMX Bean with object name Ratis:service=RaftServer,group=group-11C239CA1CFB,id=ee58ed2e-2e4c-4f98-b1c8-8f92b90669dd
2019-07-13 19:28:24,819 INFO  impl.RaftServerImpl (RaftServerImpl.java:start(180)) - ae3df460-8e6c-40f9-a646-080cc91d539e: start group-11C239CA1CFB
2019-07-13 19:28:24,819 INFO  impl.RaftServerImpl (RaftServerImpl.java:setRole(171)) - ae3df460-8e6c-40f9-a646-080cc91d539e:group-11C239CA1CFB changes role from null to FOLLOWER at term 0 for startAsFollower
2019-07-13 19:28:24,819 INFO  impl.RoleInfo (RoleInfo.java:updateAndGet(143)) - ae3df460-8e6c-40f9-a646-080cc91d539e: start FollowerState
2019-07-13 19:28:24,820 INFO  util.JmxRegister (JmxRegister.java:tryRegister(44)) - Successfully registered JMX Bean with object name Ratis:service=RaftServer,group=group-11C239CA1CFB,id=ae3df460-8e6c-40f9-a646-080cc91d539e
2019-07-13 19:28:24,852 INFO  pipeline.PipelineStateManager (PipelineStateManager.java:addPipeline(56)) - Created pipeline Pipeline[ Id: fe0836c3-cbde-4fcc-9714-11c239ca1cfb, Nodes: ae3df460-8e6c-40f9-a646-080cc91d539e{ip: 192.168.69.122, host: trunk-nightly-fxqsz-774976932, networkLocation: /default-rack, certSerialId: null}641a3f2a-10d0-4978-9d9f-4af2391f0f09{ip: 192.168.69.122, host: trunk-nightly-fxqsz-774976932, networkLocation: /default-rack, certSerialId: null}ee58ed2e-2e4c-4f98-b1c8-8f92b90669dd{ip: 192.168.69.122, host: trunk-nightly-fxqsz-774976932, networkLocation: /default-rack, certSerialId: null}, Type:RATIS, Factor:THREE, State:OPEN]
2019-07-13 19:28:24,889 INFO  impl.RaftServerProxy (RaftServerProxy.java:addNew(89)) - a2675045-aace-44ca-bb65-8a5f92450560: addNew group-64F343D4F2D0:[579aa93c-41e7-4ba5-b82c-9c867bfee119:192.168.69.122:34716, 6d67d047-43fa-44c3-a5c1-93138c27aeb7:192.168.69.122:35782, a2675045-aace-44ca-bb65-8a5f92450560:192.168.69.122:46397] returns group-64F343D4F2D0:java.util.concurrent.CompletableFuture@33e16dd9[Not completed]
2019-07-13 19:28:24,894 INFO  impl.RaftServerProxy (RaftServerProxy.java:addNew(89)) - 579aa93c-41e7-4ba5-b82c-9c867bfee119: addNew group-64F343D4F2D0:[579aa93c-41e7-4ba5-b82c-9c867bfee119:192.168.69.122:34716, 6d67d047-43fa-44c3-a5c1-93138c27aeb7:192.168.69.122:35782, a2675045-aace-44ca-bb65-8a5f92450560:192.168.69.122:46397] returns group-64F343D4F2D0:java.util.concurrent.CompletableFuture@3c09cc8f[Not completed]
2019-07-13 19:28:24,894 INFO  impl.RaftServerProxy (RaftServerProxy.java:addNew(89)) - 6d67d047-43fa-44c3-a5c1-93138c27aeb7: addNew group-64F343D4F2D0:[579aa93c-41e7-4ba5-b82c-9c867bfee119:192.168.69.122:34716, 6d67d047-43fa-44c3-a5c1-93138c27aeb7:192.168.69.122:35782, a2675045-aace-44ca-bb65-8a5f92450560:192.168.69.122:46397] returns group-64F343D4F2D0:java.util.concurrent.CompletableFuture@677cd702[Not completed]
2019-07-13 19:28:24,896 INFO  impl.RaftServerImpl (RaftServerImpl.java:<init>(93)) - a2675045-aace-44ca-bb65-8a5f92450560: new RaftServerImpl for group-64F343D4F2D0:[579aa93c-41e7-4ba5-b82c-9c867bfee119:192.168.69.122:34716, 6d67d047-43fa-44c3-a5c1-93138c27aeb7:192.168.69.122:35782, a2675045-aace-44ca-bb65-8a5f92450560:192.168.69.122:46397] with ContainerStateMachine:uninitialized
2019-07-13 19:28:24,896 INFO  server.RaftServerConfigKeys (ConfUtils.java:logGet(43)) - raft.server.rpc.timeout.min = 5s (custom)
2019-07-13 19:28:24,896 INFO  server.RaftServerConfigKeys (ConfUtils.java:logGet(43)) - raft.server.rpc.timeout.max = 5200ms (custom)
2019-07-13 19:28:24,896 INFO  server.RaftServerConfigKeys (ConfUtils.java:logGet(43)) - raft.server.rpcslowness.timeout = 120s (custom)
2019-07-13 19:28:24,897 INFO  server.RaftServerConfigKeys (ConfUtils.java:logGet(43)) - raft.server.sleep.deviation.threshold = 300 (default)
2019-07-13 19:28:24,897 INFO  server.RaftServerConfigKeys (ConfUtils.java:logGet(43)) - raft.server.log.appender.install.snapshot.enabled = false (custom)
2019-07-13 19:28:24,897 INFO  impl.RaftServerImpl (ServerState.java:<init>(105)) - a2675045-aace-44ca-bb65-8a5f92450560:group-64F343D4F2D0 ConfigurationManager, init=-1: [579aa93c-41e7-4ba5-b82c-9c867bfee119:192.168.69.122:34716, 6d67d047-43fa-44c3-a5c1-93138c27aeb7:192.168.69.122:35782, a2675045-aace-44ca-bb65-8a5f92450560:192.168.69.122:46397], old=null, confs=<EMPTY_MAP>
2019-07-13 19:28:24,897 INFO  server.RaftServerConfigKeys (ConfUtils.java:logGet(43)) - raft.server.storage.dir = [/tmp/workdir/hadoop-ozone/integration-test/target/test-dir/MiniOzoneClusterImpl-8870e792-62d6-436f-b6cb-4a829b9a395c/datanode-5/data/ratis] (custom)
2019-07-13 19:28:24,897 INFO  impl.RaftServerImpl (RaftServerImpl.java:<init>(93)) - 579aa93c-41e7-4ba5-b82c-9c867bfee119: new RaftServerImpl for group-64F343D4F2D0:[579aa93c-41e7-4ba5-b82c-9c867bfee119:192.168.69.122:34716, 6d67d047-43fa-44c3-a5c1-93138c27aeb7:192.168.69.122:35782, a2675045-aace-44ca-bb65-8a5f92450560:192.168.69.122:46397] with ContainerStateMachine:uninitialized
2019-07-13 19:28:24,897 INFO  server.RaftServerConfigKeys (ConfUtils.java:logGet(43)) - raft.server.rpc.timeout.min = 5s (custom)
2019-07-13 19:28:24,898 INFO  storage.RaftStorageDirectory (RaftStorageDirectory.java:analyzeStorage(246)) - The storage directory /tmp/workdir/hadoop-ozone/integration-test/target/test-dir/MiniOzoneClusterImpl-8870e792-62d6-436f-b6cb-4a829b9a395c/datanode-5/data/ratis/0e4f8128-1211-435c-874d-64f343d4f2d0 does not exist. Creating ...
2019-07-13 19:28:24,898 INFO  server.RaftServerConfigKeys (ConfUtils.java:logGet(43)) - raft.server.rpc.timeout.max = 5200ms (custom)
2019-07-13 19:28:24,898 INFO  server.RaftServerConfigKeys (ConfUtils.java:logGet(43)) - raft.server.rpcslowness.timeout = 120s (custom)
2019-07-13 19:28:24,898 INFO  impl.RaftServerImpl (RaftServerImpl.java:<init>(93)) - 6d67d047-43fa-44c3-a5c1-93138c27aeb7: new RaftServerImpl for group-64F343D4F2D0:[579aa93c-41e7-4ba5-b82c-9c867bfee119:192.168.69.122:34716, 6d67d047-43fa-44c3-a5c1-93138c27aeb7:192.168.69.122:35782, a2675045-aace-44ca-bb65-8a5f92450560:192.168.69.122:46397] with ContainerStateMachine:uninitialized
2019-07-13 19:28:24,898 INFO  server.RaftServerConfigKeys (ConfUtils.java:logGet(43)) - raft.server.sleep.deviation.threshold = 300 (default)
2019-07-13 19:28:24,898 INFO  server.RaftServerConfigKeys (ConfUtils.java:logGet(43)) - raft.server.rpc.timeout.min = 5s (custom)
2019-07-13 19:28:24,898 INFO  server.RaftServerConfigKeys (ConfUtils.java:logGet(43)) - raft.server.log.appender.install.snapshot.enabled = false (custom)
2019-07-13 19:28:24,899 INFO  server.RaftServerConfigKeys (ConfUtils.java:logGet(43)) - raft.server.rpc.timeout.max = 5200ms (custom)
2019-07-13 19:28:24,899 INFO  impl.RaftServerImpl (ServerState.java:<init>(105)) - 579aa93c-41e7-4ba5-b82c-9c867bfee119:group-64F343D4F2D0 ConfigurationManager, init=-1: [579aa93c-41e7-4ba5-b82c-9c867bfee119:192.168.69.122:34716, 6d67d047-43fa-44c3-a5c1-93138c27aeb7:192.168.69.122:35782, a2675045-aace-44ca-bb65-8a5f92450560:192.168.69.122:46397], old=null, confs=<EMPTY_MAP>
2019-07-13 19:28:24,899 INFO  server.RaftServerConfigKeys (ConfUtils.java:logGet(43)) - raft.server.rpcslowness.timeout = 120s (custom)
2019-07-13 19:28:24,899 INFO  server.RaftServerConfigKeys (ConfUtils.java:logGet(43)) - raft.server.sleep.deviation.threshold = 300 (default)
2019-07-13 19:28:24,899 INFO  server.RaftServerConfigKeys (ConfUtils.java:logGet(43)) - raft.server.storage.dir = [/tmp/workdir/hadoop-ozone/integration-test/target/test-dir/MiniOzoneClusterImpl-8870e792-62d6-436f-b6cb-4a829b9a395c/datanode-2/data/ratis] (custom)
2019-07-13 19:28:24,899 INFO  server.RaftServerConfigKeys (ConfUtils.java:logGet(43)) - raft.server.log.appender.install.snapshot.enabled = false (custom)
2019-07-13 19:28:24,900 INFO  impl.RaftServerImpl (ServerState.java:<init>(105)) - 6d67d047-43fa-44c3-a5c1-93138c27aeb7:group-64F343D4F2D0 ConfigurationManager, init=-1: [579aa93c-41e7-4ba5-b82c-9c867bfee119:192.168.69.122:34716, 6d67d047-43fa-44c3-a5c1-93138c27aeb7:192.168.69.122:35782, a2675045-aace-44ca-bb65-8a5f92450560:192.168.69.122:46397], old=null, confs=<EMPTY_MAP>
2019-07-13 19:28:24,900 INFO  storage.RaftStorageDirectory (RaftStorageDirectory.java:analyzeStorage(246)) - The storage directory /tmp/workdir/hadoop-ozone/integration-test/target/test-dir/MiniOzoneClusterImpl-8870e792-62d6-436f-b6cb-4a829b9a395c/datanode-2/data/ratis/0e4f8128-1211-435c-874d-64f343d4f2d0 does not exist. Creating ...
2019-07-13 19:28:24,900 INFO  server.RaftServerConfigKeys (ConfUtils.java:logGet(43)) - raft.server.storage.dir = [/tmp/workdir/hadoop-ozone/integration-test/target/test-dir/MiniOzoneClusterImpl-8870e792-62d6-436f-b6cb-4a829b9a395c/datanode-4/data/ratis] (custom)
2019-07-13 19:28:24,900 INFO  storage.RaftStorageDirectory (RaftStorageDirectory.java:analyzeStorage(246)) - The storage directory /tmp/workdir/hadoop-ozone/integration-test/target/test-dir/MiniOzoneClusterImpl-8870e792-62d6-436f-b6cb-4a829b9a395c/datanode-4/data/ratis/0e4f8128-1211-435c-874d-64f343d4f2d0 does not exist. Creating ...
2019-07-13 19:28:24,912 INFO  storage.RaftStorageDirectory (RaftStorageDirectory.java:tryLock(328)) - Lock on /tmp/workdir/hadoop-ozone/integration-test/target/test-dir/MiniOzoneClusterImpl-8870e792-62d6-436f-b6cb-4a829b9a395c/datanode-5/data/ratis/0e4f8128-1211-435c-874d-64f343d4f2d0/in_use.lock acquired by nodename 9151@trunk-nightly-fxqsz-774976932
2019-07-13 19:28:24,912 INFO  storage.RaftStorageDirectory (RaftStorageDirectory.java:tryLock(328)) - Lock on /tmp/workdir/hadoop-ozone/integration-test/target/test-dir/MiniOzoneClusterImpl-8870e792-62d6-436f-b6cb-4a829b9a395c/datanode-4/data/ratis/0e4f8128-1211-435c-874d-64f343d4f2d0/in_use.lock acquired by nodename 9151@trunk-nightly-fxqsz-774976932
2019-07-13 19:28:24,912 INFO  storage.RaftStorageDirectory (RaftStorageDirectory.java:tryLock(328)) - Lock on /tmp/workdir/hadoop-ozone/integration-test/target/test-dir/MiniOzoneClusterImpl-8870e792-62d6-436f-b6cb-4a829b9a395c/datanode-2/data/ratis/0e4f8128-1211-435c-874d-64f343d4f2d0/in_use.lock acquired by nodename 9151@trunk-nightly-fxqsz-774976932
2019-07-13 19:28:24,926 INFO  storage.RaftStorage (RaftStorage.java:format(72)) - Storage directory /tmp/workdir/hadoop-ozone/integration-test/target/test-dir/MiniOzoneClusterImpl-8870e792-62d6-436f-b6cb-4a829b9a395c/datanode-5/data/ratis/0e4f8128-1211-435c-874d-64f343d4f2d0 has been successfully formatted.
2019-07-13 19:28:24,926 INFO  storage.RaftStorage (RaftStorage.java:format(72)) - Storage directory /tmp/workdir/hadoop-ozone/integration-test/target/test-dir/MiniOzoneClusterImpl-8870e792-62d6-436f-b6cb-4a829b9a395c/datanode-4/data/ratis/0e4f8128-1211-435c-874d-64f343d4f2d0 has been successfully formatted.
2019-07-13 19:28:24,926 INFO  ratis.ContainerStateMachine (ContainerStateMachine.java:loadSnapshot(200)) - The snapshot info is null.Setting the last applied index to:(t:0, i:~)
2019-07-13 19:28:24,926 INFO  storage.RaftStorage (RaftStorage.java:format(72)) - Storage directory /tmp/workdir/hadoop-ozone/integration-test/target/test-dir/MiniOzoneClusterImpl-8870e792-62d6-436f-b6cb-4a829b9a395c/datanode-2/data/ratis/0e4f8128-1211-435c-874d-64f343d4f2d0 has been successfully formatted.
2019-07-13 19:28:24,926 INFO  server.RaftServerConfigKeys (ConfUtils.java:logGet(43)) - raft.server.leader.election.timeout = 120s (custom)
2019-07-13 19:28:24,926 INFO  ratis.ContainerStateMachine (ContainerStateMachine.java:loadSnapshot(200)) - The snapshot info is null.Setting the last applied index to:(t:0, i:~)
2019-07-13 19:28:24,926 INFO  ratis.ContainerStateMachine (ContainerStateMachine.java:loadSnapshot(200)) - The snapshot info is null.Setting the last applied index to:(t:0, i:~)
2019-07-13 19:28:24,926 INFO  server.RaftServerConfigKeys (ConfUtils.java:logGet(43)) - raft.server.log.use.memory = false (default)
2019-07-13 19:28:24,927 INFO  server.RaftServerConfigKeys (ConfUtils.java:logGet(43)) - raft.server.leader.election.timeout = 120s (custom)
2019-07-13 19:28:24,926 INFO  server.RaftServerConfigKeys (ConfUtils.java:logGet(43)) - raft.server.leader.election.timeout = 120s (custom)
2019-07-13 19:28:24,927 INFO  server.RaftServerConfigKeys (ConfUtils.java:logGet(43)) - raft.server.log.use.memory = false (default)
2019-07-13 19:28:24,927 INFO  server.RaftServerConfigKeys (ConfUtils.java:logGet(43)) - raft.server.log.purge.gap = 1000000000 (custom)
2019-07-13 19:28:24,927 INFO  server.RaftServerConfigKeys (ConfUtils.java:logGet(43)) - raft.server.log.purge.gap = 1000000000 (custom)
2019-07-13 19:28:24,927 INFO  server.RaftServerConfigKeys (ConfUtils.java:logGet(43)) - raft.server.log.use.memory = false (default)
2019-07-13 19:28:24,928 INFO  server.RaftServerConfigKeys (ConfUtils.java:logGet(43)) - raft.server.log.appender.buffer.byte-limit = 33554432 (custom)
2019-07-13 19:28:24,927 INFO  server.RaftServerConfigKeys (ConfUtils.java:logGet(43)) - raft.server.log.appender.buffer.byte-limit = 33554432 (custom)
2019-07-13 19:28:24,928 INFO  server.RaftServerConfigKeys (ConfUtils.java:logGet(43)) - raft.server.log.segment.size.max = 1048576 (custom)
2019-07-13 19:28:24,928 INFO  server.RaftServerConfigKeys (ConfUtils.java:logGet(43)) - raft.server.log.purge.gap = 1000000000 (custom)
2019-07-13 19:28:24,928 INFO  server.RaftServerConfigKeys (ConfUtils.java:logGet(43)) - raft.server.log.segment.cache.num.max = 2 (custom)
2019-07-13 19:28:24,928 INFO  server.RaftServerConfigKeys (ConfUtils.java:logGet(43)) - raft.server.log.segment.size.max = 1048576 (custom)
2019-07-13 19:28:24,928 INFO  segmented.SegmentedRaftLogWorker (SegmentedRaftLogWorker.java:<init>(172)) - new 579aa93c-41e7-4ba5-b82c-9c867bfee119-SegmentedRaftLogWorker:Storage Directory /tmp/workdir/hadoop-ozone/integration-test/target/test-dir/MiniOzoneClusterImpl-8870e792-62d6-436f-b6cb-4a829b9a395c/datanode-2/data/ratis/0e4f8128-1211-435c-874d-64f343d4f2d0 for RaftStorage:Storage Directory /tmp/workdir/hadoop-ozone/integration-test/target/test-dir/MiniOzoneClusterImpl-8870e792-62d6-436f-b6cb-4a829b9a395c/datanode-2/data/ratis/0e4f8128-1211-435c-874d-64f343d4f2d0
2019-07-13 19:28:24,928 INFO  server.RaftServerConfigKeys (ConfUtils.java:logGet(43)) - raft.server.log.appender.buffer.byte-limit = 33554432 (custom)
2019-07-13 19:28:24,929 INFO  server.RaftServerConfigKeys (ConfUtils.java:logGet(43)) - raft.server.log.queue.byte-limit = 2147483647 (custom)
2019-07-13 19:28:24,929 INFO  server.RaftServerConfigKeys (ConfUtils.java:logGet(43)) - raft.server.log.segment.cache.num.max = 2 (custom)
2019-07-13 19:28:24,931 INFO  server.RaftServerConfigKeys (ConfUtils.java:logGet(43)) - raft.server.log.queue.element-limit = 1024 (custom)
2019-07-13 19:28:24,929 INFO  server.RaftServerConfigKeys (ConfUtils.java:logGet(43)) - raft.server.log.segment.size.max = 1048576 (custom)
2019-07-13 19:28:24,931 INFO  server.RaftServerConfigKeys (ConfUtils.java:logGet(43)) - raft.server.log.segment.size.max = 1048576 (custom)
2019-07-13 19:28:24,931 INFO  segmented.SegmentedRaftLogWorker (SegmentedRaftLogWorker.java:<init>(172)) - new a2675045-aace-44ca-bb65-8a5f92450560-SegmentedRaftLogWorker:Storage Directory /tmp/workdir/hadoop-ozone/integration-test/target/test-dir/MiniOzoneClusterImpl-8870e792-62d6-436f-b6cb-4a829b9a395c/datanode-5/data/ratis/0e4f8128-1211-435c-874d-64f343d4f2d0 for RaftStorage:Storage Directory /tmp/workdir/hadoop-ozone/integration-test/target/test-dir/MiniOzoneClusterImpl-8870e792-62d6-436f-b6cb-4a829b9a395c/datanode-5/data/ratis/0e4f8128-1211-435c-874d-64f343d4f2d0
2019-07-13 19:28:24,932 INFO  server.RaftServerConfigKeys (ConfUtils.java:logGet(43)) - raft.server.log.preallocated.size = 16384 (custom)
2019-07-13 19:28:24,932 INFO  server.RaftServerConfigKeys (ConfUtils.java:logGet(43)) - raft.server.log.segment.cache.num.max = 2 (custom)
2019-07-13 19:28:24,932 INFO  server.RaftServerConfigKeys (ConfUtils.java:logGet(43)) - raft.server.log.write.buffer.size = 33554432 (custom)
2019-07-13 19:28:24,932 INFO  server.RaftServerConfigKeys (ConfUtils.java:logGet(43)) - raft.server.log.queue.byte-limit = 2147483647 (custom)
2019-07-13 19:28:24,934 INFO  server.RaftServerConfigKeys (ConfUtils.java:logGet(43)) - raft.server.log.force.sync.num = 128 (default)
2019-07-13 19:28:24,934 INFO  server.RaftServerConfigKeys (ConfUtils.java:logGet(43)) - raft.server.log.statemachine.data.sync = true (default)
2019-07-13 19:28:24,934 INFO  segmented.SegmentedRaftLogWorker (SegmentedRaftLogWorker.java:<init>(172)) - new 6d67d047-43fa-44c3-a5c1-93138c27aeb7-SegmentedRaftLogWorker:Storage Directory /tmp/workdir/hadoop-ozone/integration-test/target/test-dir/MiniOzoneClusterImpl-8870e792-62d6-436f-b6cb-4a829b9a395c/datanode-4/data/ratis/0e4f8128-1211-435c-874d-64f343d4f2d0 for RaftStorage:Storage Directory /tmp/workdir/hadoop-ozone/integration-test/target/test-dir/MiniOzoneClusterImpl-8870e792-62d6-436f-b6cb-4a829b9a395c/datanode-4/data/ratis/0e4f8128-1211-435c-874d-64f343d4f2d0
2019-07-13 19:28:24,935 INFO  server.RaftServerConfigKeys (ConfUtils.java:logGet(43)) - raft.server.log.statemachine.data.sync.timeout = 10s (default)
2019-07-13 19:28:24,934 INFO  server.RaftServerConfigKeys (ConfUtils.java:logGet(43)) - raft.server.log.queue.element-limit = 1024 (custom)
2019-07-13 19:28:24,935 INFO  server.RaftServerConfigKeys (ConfUtils.java:logGet(43)) - raft.server.log.statemachine.data.sync.timeout.retry = -1 (default)
2019-07-13 19:28:24,935 INFO  server.RaftServerConfigKeys (ConfUtils.java:logGet(43)) - raft.server.log.queue.byte-limit = 2147483647 (custom)
2019-07-13 19:28:24,937 INFO  server.RaftServerConfigKeys (ConfUtils.java:logGet(43)) - raft.server.log.statemachine.data.caching.enabled = true (custom)
2019-07-13 19:28:24,937 INFO  server.RaftServerConfigKeys (ConfUtils.java:logGet(43)) - raft.server.log.segment.size.max = 1048576 (custom)
2019-07-13 19:28:24,937 INFO  server.RaftServerConfigKeys (ConfUtils.java:logGet(43)) - raft.server.log.queue.element-limit = 1024 (custom)
2019-07-13 19:28:24,937 INFO  server.RaftServerConfigKeys (ConfUtils.java:logGet(43)) - raft.server.log.preallocated.size = 16384 (custom)
2019-07-13 19:28:24,937 INFO  segmented.SegmentedRaftLogWorker (SegmentedRaftLogWorker.java:lambda$new$0(132)) - 579aa93c-41e7-4ba5-b82c-9c867bfee119-SegmentedRaftLogWorker:Storage Directory /tmp/workdir/hadoop-ozone/integration-test/target/test-dir/MiniOzoneClusterImpl-8870e792-62d6-436f-b6cb-4a829b9a395c/datanode-2/data/ratis/0e4f8128-1211-435c-874d-64f343d4f2d0: flushIndex: setUnconditionally 0 -> -1
2019-07-13 19:28:24,938 INFO  server.RaftServerConfigKeys (ConfUtils.java:logGet(43)) - raft.server.log.write.buffer.size = 33554432 (custom)
2019-07-13 19:28:24,938 INFO  server.RaftServerConfigKeys (ConfUtils.java:logGet(43)) - raft.server.log.segment.size.max = 1048576 (custom)
2019-07-13 19:28:24,938 INFO  server.RaftServerConfigKeys (ConfUtils.java:logGet(43)) - raft.server.log.force.sync.num = 128 (default)
2019-07-13 19:28:24,938 INFO  server.RaftServerConfigKeys (ConfUtils.java:logGet(43)) - raft.server.snapshot.auto.trigger.enabled = true (custom)
2019-07-13 19:28:24,938 INFO  server.RaftServerConfigKeys (ConfUtils.java:logGet(43)) - raft.server.log.statemachine.data.sync = true (default)
2019-07-13 19:28:24,938 INFO  server.RaftServerConfigKeys (ConfUtils.java:logGet(43)) - raft.server.log.preallocated.size = 16384 (custom)
2019-07-13 19:28:24,939 INFO  server.RaftServerConfigKeys (ConfUtils.java:logGet(43)) - raft.server.log.statemachine.data.sync.timeout = 10s (default)
2019-07-13 19:28:24,939 INFO  server.RaftServerConfigKeys (ConfUtils.java:logGet(43)) - raft.server.snapshot.auto.trigger.threshold = 10000 (custom)
2019-07-13 19:28:24,939 INFO  server.RaftServerConfigKeys (ConfUtils.java:logGet(43)) - raft.server.log.statemachine.data.sync.timeout.retry = -1 (default)
2019-07-13 19:28:24,940 INFO  server.RaftServerConfigKeys (ConfUtils.java:logGet(43)) - raft.server.retrycache.expirytime = 600000ms (custom)
2019-07-13 19:28:24,939 INFO  server.RaftServerConfigKeys (ConfUtils.java:logGet(43)) - raft.server.log.write.buffer.size = 33554432 (custom)
2019-07-13 19:28:24,940 INFO  impl.RaftServerImpl (RaftServerImpl.java:start(180)) - 579aa93c-41e7-4ba5-b82c-9c867bfee119: start group-64F343D4F2D0
2019-07-13 19:28:24,940 INFO  server.RaftServerConfigKeys (ConfUtils.java:logGet(43)) - raft.server.log.statemachine.data.caching.enabled = true (custom)
2019-07-13 19:28:24,940 INFO  server.RaftServerConfigKeys (ConfUtils.java:logGet(43)) - raft.server.log.force.sync.num = 128 (default)
2019-07-13 19:28:24,940 INFO  impl.RaftServerImpl (RaftServerImpl.java:setRole(171)) - 579aa93c-41e7-4ba5-b82c-9c867bfee119:group-64F343D4F2D0 changes role from null to FOLLOWER at term 0 for startAsFollower
2019-07-13 19:28:24,941 INFO  segmented.SegmentedRaftLogWorker (SegmentedRaftLogWorker.java:lambda$new$0(132)) - a2675045-aace-44ca-bb65-8a5f92450560-SegmentedRaftLogWorker:Storage Directory /tmp/workdir/hadoop-ozone/integration-test/target/test-dir/MiniOzoneClusterImpl-8870e792-62d6-436f-b6cb-4a829b9a395c/datanode-5/data/ratis/0e4f8128-1211-435c-874d-64f343d4f2d0: flushIndex: setUnconditionally 0 -> -1
2019-07-13 19:28:24,940 INFO  server.RaftServerConfigKeys (ConfUtils.java:logGet(43)) - raft.server.log.statemachine.data.sync = true (default)
2019-07-13 19:28:24,941 INFO  impl.RoleInfo (RoleInfo.java:updateAndGet(143)) - 579aa93c-41e7-4ba5-b82c-9c867bfee119: start FollowerState
2019-07-13 19:28:24,941 INFO  server.RaftServerConfigKeys (ConfUtils.java:logGet(43)) - raft.server.snapshot.auto.trigger.enabled = true (custom)
2019-07-13 19:28:24,941 INFO  server.RaftServerConfigKeys (ConfUtils.java:logGet(43)) - raft.server.log.statemachine.data.sync.timeout = 10s (default)
2019-07-13 19:28:24,941 INFO  server.RaftServerConfigKeys (ConfUtils.java:logGet(43)) - raft.server.snapshot.auto.trigger.threshold = 10000 (custom)
2019-07-13 19:28:24,942 INFO  util.JmxRegister (JmxRegister.java:tryRegister(44)) - Successfully registered JMX Bean with object name Ratis:service=RaftServer,group=group-64F343D4F2D0,id=579aa93c-41e7-4ba5-b82c-9c867bfee119
2019-07-13 19:28:24,941 INFO  server.RaftServerConfigKeys (ConfUtils.java:logGet(43)) - raft.server.log.statemachine.data.sync.timeout.retry = -1 (default)
2019-07-13 19:28:24,942 INFO  server.RaftServerConfigKeys (ConfUtils.java:logGet(43)) - raft.server.retrycache.expirytime = 600000ms (custom)
2019-07-13 19:28:24,942 INFO  server.RaftServerConfigKeys (ConfUtils.java:logGet(43)) - raft.server.log.statemachine.data.caching.enabled = true (custom)
2019-07-13 19:28:24,942 INFO  impl.RaftServerImpl (RaftServerImpl.java:start(180)) - a2675045-aace-44ca-bb65-8a5f92450560: start group-64F343D4F2D0
2019-07-13 19:28:24,942 INFO  impl.RaftServerImpl (RaftServerImpl.java:setRole(171)) - a2675045-aace-44ca-bb65-8a5f92450560:group-64F343D4F2D0 changes role from null to FOLLOWER at term 0 for startAsFollower
2019-07-13 19:28:24,942 INFO  segmented.SegmentedRaftLogWorker (SegmentedRaftLogWorker.java:lambda$new$0(132)) - 6d67d047-43fa-44c3-a5c1-93138c27aeb7-SegmentedRaftLogWorker:Storage Directory /tmp/workdir/hadoop-ozone/integration-test/target/test-dir/MiniOzoneClusterImpl-8870e792-62d6-436f-b6cb-4a829b9a395c/datanode-4/data/ratis/0e4f8128-1211-435c-874d-64f343d4f2d0: flushIndex: setUnconditionally 0 -> -1
2019-07-13 19:28:24,943 INFO  impl.RoleInfo (RoleInfo.java:updateAndGet(143)) - a2675045-aace-44ca-bb65-8a5f92450560: start FollowerState
2019-07-13 19:28:24,943 INFO  server.RaftServerConfigKeys (ConfUtils.java:logGet(43)) - raft.server.snapshot.auto.trigger.enabled = true (custom)
2019-07-13 19:28:24,943 INFO  server.RaftServerConfigKeys (ConfUtils.java:logGet(43)) - raft.server.snapshot.auto.trigger.threshold = 10000 (custom)
2019-07-13 19:28:24,943 INFO  util.JmxRegister (JmxRegister.java:tryRegister(44)) - Successfully registered JMX Bean with object name Ratis:service=RaftServer,group=group-64F343D4F2D0,id=a2675045-aace-44ca-bb65-8a5f92450560
2019-07-13 19:28:24,943 INFO  server.RaftServerConfigKeys (ConfUtils.java:logGet(43)) - raft.server.retrycache.expirytime = 600000ms (custom)
2019-07-13 19:28:24,944 INFO  impl.RaftServerImpl (RaftServerImpl.java:start(180)) - 6d67d047-43fa-44c3-a5c1-93138c27aeb7: start group-64F343D4F2D0
2019-07-13 19:28:24,944 INFO  impl.RaftServerImpl (RaftServerImpl.java:setRole(171)) - 6d67d047-43fa-44c3-a5c1-93138c27aeb7:group-64F343D4F2D0 changes role from null to FOLLOWER at term 0 for startAsFollower
2019-07-13 19:28:24,944 INFO  impl.RoleInfo (RoleInfo.java:updateAndGet(143)) - 6d67d047-43fa-44c3-a5c1-93138c27aeb7: start FollowerState
2019-07-13 19:28:24,944 INFO  util.JmxRegister (JmxRegister.java:tryRegister(44)) - Successfully registered JMX Bean with object name Ratis:service=RaftServer,group=group-64F343D4F2D0,id=6d67d047-43fa-44c3-a5c1-93138c27aeb7
2019-07-13 19:28:24,966 INFO  pipeline.PipelineStateManager (PipelineStateManager.java:addPipeline(56)) - Created pipeline Pipeline[ Id: 0e4f8128-1211-435c-874d-64f343d4f2d0, Nodes: 579aa93c-41e7-4ba5-b82c-9c867bfee119{ip: 192.168.69.122, host: trunk-nightly-fxqsz-774976932, networkLocation: /default-rack, certSerialId: null}a2675045-aace-44ca-bb65-8a5f92450560{ip: 192.168.69.122, host: trunk-nightly-fxqsz-774976932, networkLocation: /default-rack, certSerialId: null}6d67d047-43fa-44c3-a5c1-93138c27aeb7{ip: 192.168.69.122, host: trunk-nightly-fxqsz-774976932, networkLocation: /default-rack, certSerialId: null}, Type:RATIS, Factor:THREE, State:OPEN]
2019-07-13 19:28:25,300 INFO  ozone.MiniOzoneClusterImpl (MiniOzoneClusterImpl.java:lambda$waitForClusterToBeReady$0(142)) - Cluster is ready. Got 7 of 7 DN Heartbeats.
2019-07-13 19:28:25,640 INFO  rpc.RpcClient (RpcClient.java:createVolume(287)) - Creating Volume: testblockoutputstreamwithretries, with jenkins1000 as owner.
2019-07-13 19:28:25,699 INFO  rpc.RpcClient (RpcClient.java:createBucket(424)) - Creating Bucket: testblockoutputstreamwithretries/testblockoutputstreamwithretries, with Versioning false and Storage Type set to DISK and Encryption set to false 
2019-07-13 19:28:25,968 INFO  container.ReplicationManager (ReplicationManager.java:start(155)) - Starting Replication Monitor Thread.
2019-07-13 19:28:25,975 INFO  container.ReplicationManager (ReplicationManager.java:run(207)) - Replication Monitor Thread took 5 milliseconds for processing 1 containers.
2019-07-13 19:28:25,991 INFO  client.GrpcClientProtocolClient (GrpcClientProtocolClient.java:onNext(255)) - client-71D6DD91D631->ae3df460-8e6c-40f9-a646-080cc91d539e: receive RaftClientReply:client-71D6DD91D631->ae3df460-8e6c-40f9-a646-080cc91d539e@group-11C239CA1CFB, cid=13, FAILED org.apache.ratis.protocol.NotLeaderException: Server ae3df460-8e6c-40f9-a646-080cc91d539e is not the leader (null). Request must be sent to leader., logIndex=0, commits[ae3df460-8e6c-40f9-a646-080cc91d539e:c-1]
2019-07-13 19:28:27,042 INFO  client.GrpcClientProtocolClient (GrpcClientProtocolClient.java:onNext(255)) - client-71D6DD91D631->ee58ed2e-2e4c-4f98-b1c8-8f92b90669dd: receive RaftClientReply:client-71D6DD91D631->ee58ed2e-2e4c-4f98-b1c8-8f92b90669dd@group-11C239CA1CFB, cid=13, FAILED org.apache.ratis.protocol.NotLeaderException: Server ee58ed2e-2e4c-4f98-b1c8-8f92b90669dd is not the leader (null). Request must be sent to leader., logIndex=0, commits[ee58ed2e-2e4c-4f98-b1c8-8f92b90669dd:c-1]
2019-07-13 19:28:28,069 INFO  client.GrpcClientProtocolClient (GrpcClientProtocolClient.java:onNext(255)) - client-71D6DD91D631->641a3f2a-10d0-4978-9d9f-4af2391f0f09: receive RaftClientReply:client-71D6DD91D631->641a3f2a-10d0-4978-9d9f-4af2391f0f09@group-11C239CA1CFB, cid=13, FAILED org.apache.ratis.protocol.NotLeaderException: Server 641a3f2a-10d0-4978-9d9f-4af2391f0f09 is not the leader (null). Request must be sent to leader., logIndex=0, commits[641a3f2a-10d0-4978-9d9f-4af2391f0f09:c-1]
2019-07-13 19:28:29,092 INFO  client.GrpcClientProtocolClient (GrpcClientProtocolClient.java:onNext(255)) - client-71D6DD91D631->ae3df460-8e6c-40f9-a646-080cc91d539e: receive RaftClientReply:client-71D6DD91D631->ae3df460-8e6c-40f9-a646-080cc91d539e@group-11C239CA1CFB, cid=13, FAILED org.apache.ratis.protocol.NotLeaderException: Server ae3df460-8e6c-40f9-a646-080cc91d539e is not the leader (null). Request must be sent to leader., logIndex=0, commits[ae3df460-8e6c-40f9-a646-080cc91d539e:c-1]
2019-07-13 19:28:29,215 INFO  impl.FollowerState (FollowerState.java:run(106)) - 641a3f2a-10d0-4978-9d9f-4af2391f0f09:group-EBB9D456E335 changes to CANDIDATE, lastRpcTime:5135, electionTimeout:5134ms
2019-07-13 19:28:29,215 INFO  impl.RoleInfo (RoleInfo.java:shutdownFollowerState(121)) - 641a3f2a-10d0-4978-9d9f-4af2391f0f09: shutdown FollowerState
2019-07-13 19:28:29,216 INFO  impl.RaftServerImpl (RaftServerImpl.java:setRole(171)) - 641a3f2a-10d0-4978-9d9f-4af2391f0f09:group-EBB9D456E335 changes role from FOLLOWER to CANDIDATE at term 0 for changeToCandidate
2019-07-13 19:28:29,224 INFO  impl.RoleInfo (RoleInfo.java:updateAndGet(143)) - 641a3f2a-10d0-4978-9d9f-4af2391f0f09: start LeaderElection
2019-07-13 19:28:29,246 INFO  impl.LeaderElection (LeaderElection.java:askForVotes(181)) - 641a3f2a-10d0-4978-9d9f-4af2391f0f09:group-EBB9D456E335:LeaderElection1: begin an election at term 1 for -1: [641a3f2a-10d0-4978-9d9f-4af2391f0f09:192.168.69.122:35732], old=null
2019-07-13 19:28:29,249 INFO  impl.RoleInfo (RoleInfo.java:shutdownLeaderElection(134)) - 641a3f2a-10d0-4978-9d9f-4af2391f0f09: shutdown LeaderElection
2019-07-13 19:28:29,249 INFO  impl.RaftServerImpl (RaftServerImpl.java:setRole(171)) - 641a3f2a-10d0-4978-9d9f-4af2391f0f09:group-EBB9D456E335 changes role from CANDIDATE to LEADER at term 1 for changeToLeader
2019-07-13 19:28:29,250 INFO  impl.RaftServerImpl (ServerState.java:setLeader(263)) - 641a3f2a-10d0-4978-9d9f-4af2391f0f09:group-EBB9D456E335 change Leader from null to 641a3f2a-10d0-4978-9d9f-4af2391f0f09 at term 1 for becomeLeader, leader elected after 5248ms
2019-07-13 19:28:29,261 INFO  server.RaftServerConfigKeys (ConfUtils.java:logGet(43)) - raft.server.staging.catchup.gap = 1000 (default)
2019-07-13 19:28:29,261 INFO  server.RaftServerConfigKeys (ConfUtils.java:logGet(43)) - raft.server.rpc.sleep.time = 25ms (default)
2019-07-13 19:28:29,265 INFO  server.RaftServerConfigKeys (ConfUtils.java:logGet(43)) - raft.server.write.element-limit = 4096 (default)
2019-07-13 19:28:29,268 INFO  server.RaftServerConfigKeys (ConfUtils.java:logGet(43)) - raft.server.watch.timeout = 10s (default)
2019-07-13 19:28:29,268 INFO  server.RaftServerConfigKeys (ConfUtils.java:logGet(43)) - raft.server.watch.timeout.denomination = 1s (default)
2019-07-13 19:28:29,270 INFO  server.RaftServerConfigKeys (ConfUtils.java:logGet(43)) - raft.server.watch.element-limit = 65536 (default)
2019-07-13 19:28:29,280 INFO  impl.RoleInfo (RoleInfo.java:updateAndGet(143)) - 641a3f2a-10d0-4978-9d9f-4af2391f0f09: start LeaderState
2019-07-13 19:28:29,304 INFO  impl.FollowerState (FollowerState.java:run(106)) - ae3df460-8e6c-40f9-a646-080cc91d539e:group-7EEE48995BDC changes to CANDIDATE, lastRpcTime:5032, electionTimeout:5029ms
2019-07-13 19:28:29,306 INFO  impl.RoleInfo (RoleInfo.java:shutdownFollowerState(121)) - ae3df460-8e6c-40f9-a646-080cc91d539e: shutdown FollowerState
2019-07-13 19:28:29,307 INFO  impl.RaftServerImpl (RaftServerImpl.java:setRole(171)) - ae3df460-8e6c-40f9-a646-080cc91d539e:group-7EEE48995BDC changes role from FOLLOWER to CANDIDATE at term 0 for changeToCandidate
2019-07-13 19:28:29,307 INFO  impl.RoleInfo (RoleInfo.java:updateAndGet(143)) - ae3df460-8e6c-40f9-a646-080cc91d539e: start LeaderElection
2019-07-13 19:28:29,312 INFO  segmented.SegmentedRaftLogWorker (SegmentedRaftLogWorker.java:startLogSegment(380)) - 641a3f2a-10d0-4978-9d9f-4af2391f0f09-SegmentedRaftLogWorker:Storage Directory /tmp/workdir/hadoop-ozone/integration-test/target/test-dir/MiniOzoneClusterImpl-8870e792-62d6-436f-b6cb-4a829b9a395c/datanode-0/data/ratis/ba0a8666-fcd8-4311-9ab8-ebb9d456e335: Starting segment from index:0
2019-07-13 19:28:29,322 INFO  impl.RaftServerImpl (ServerState.java:setRaftConf(361)) - 641a3f2a-10d0-4978-9d9f-4af2391f0f09:group-EBB9D456E335 set configuration 0: [641a3f2a-10d0-4978-9d9f-4af2391f0f09:192.168.69.122:35732], old=null at 0
2019-07-13 19:28:29,325 INFO  impl.LeaderElection (LeaderElection.java:askForVotes(181)) - ae3df460-8e6c-40f9-a646-080cc91d539e:group-7EEE48995BDC:LeaderElection2: begin an election at term 1 for -1: [ae3df460-8e6c-40f9-a646-080cc91d539e:192.168.69.122:42161], old=null
2019-07-13 19:28:29,327 INFO  impl.RoleInfo (RoleInfo.java:shutdownLeaderElection(134)) - ae3df460-8e6c-40f9-a646-080cc91d539e: shutdown LeaderElection
2019-07-13 19:28:29,327 INFO  impl.RaftServerImpl (RaftServerImpl.java:setRole(171)) - ae3df460-8e6c-40f9-a646-080cc91d539e:group-7EEE48995BDC changes role from CANDIDATE to LEADER at term 1 for changeToLeader
2019-07-13 19:28:29,327 INFO  impl.RaftServerImpl (ServerState.java:setLeader(263)) - ae3df460-8e6c-40f9-a646-080cc91d539e:group-7EEE48995BDC change Leader from null to ae3df460-8e6c-40f9-a646-080cc91d539e at term 1 for becomeLeader, leader elected after 5064ms
2019-07-13 19:28:29,329 INFO  server.RaftServerConfigKeys (ConfUtils.java:logGet(43)) - raft.server.staging.catchup.gap = 1000 (default)
2019-07-13 19:28:29,329 INFO  server.RaftServerConfigKeys (ConfUtils.java:logGet(43)) - raft.server.rpc.sleep.time = 25ms (default)
2019-07-13 19:28:29,330 INFO  server.RaftServerConfigKeys (ConfUtils.java:logGet(43)) - raft.server.write.element-limit = 4096 (default)
2019-07-13 19:28:29,330 INFO  server.RaftServerConfigKeys (ConfUtils.java:logGet(43)) - raft.server.watch.timeout = 10s (default)
2019-07-13 19:28:29,330 INFO  server.RaftServerConfigKeys (ConfUtils.java:logGet(43)) - raft.server.watch.timeout.denomination = 1s (default)
2019-07-13 19:28:29,330 INFO  server.RaftServerConfigKeys (ConfUtils.java:logGet(43)) - raft.server.watch.element-limit = 65536 (default)
2019-07-13 19:28:29,330 INFO  impl.RoleInfo (RoleInfo.java:updateAndGet(143)) - ae3df460-8e6c-40f9-a646-080cc91d539e: start LeaderState
2019-07-13 19:28:29,331 INFO  segmented.SegmentedRaftLogWorker (SegmentedRaftLogWorker.java:startLogSegment(380)) - ae3df460-8e6c-40f9-a646-080cc91d539e-SegmentedRaftLogWorker:Storage Directory /tmp/workdir/hadoop-ozone/integration-test/target/test-dir/MiniOzoneClusterImpl-8870e792-62d6-436f-b6cb-4a829b9a395c/datanode-3/data/ratis/b58f7032-399c-4226-b48d-7eee48995bdc: Starting segment from index:0
2019-07-13 19:28:29,331 INFO  impl.RaftServerImpl (ServerState.java:setRaftConf(361)) - ae3df460-8e6c-40f9-a646-080cc91d539e:group-7EEE48995BDC set configuration 0: [ae3df460-8e6c-40f9-a646-080cc91d539e:192.168.69.122:42161], old=null at 0
2019-07-13 19:28:29,498 INFO  impl.FollowerState (FollowerState.java:run(106)) - 579aa93c-41e7-4ba5-b82c-9c867bfee119:group-AC568129CF0B changes to CANDIDATE, lastRpcTime:5112, electionTimeout:5112ms
2019-07-13 19:28:29,498 INFO  impl.RoleInfo (RoleInfo.java:shutdownFollowerState(121)) - 579aa93c-41e7-4ba5-b82c-9c867bfee119: shutdown FollowerState
2019-07-13 19:28:29,498 INFO  impl.RaftServerImpl (RaftServerImpl.java:setRole(171)) - 579aa93c-41e7-4ba5-b82c-9c867bfee119:group-AC568129CF0B changes role from FOLLOWER to CANDIDATE at term 0 for changeToCandidate
2019-07-13 19:28:29,498 INFO  impl.RoleInfo (RoleInfo.java:updateAndGet(143)) - 579aa93c-41e7-4ba5-b82c-9c867bfee119: start LeaderElection
2019-07-13 19:28:29,534 INFO  impl.LeaderElection (LeaderElection.java:askForVotes(181)) - 579aa93c-41e7-4ba5-b82c-9c867bfee119:group-AC568129CF0B:LeaderElection3: begin an election at term 1 for -1: [579aa93c-41e7-4ba5-b82c-9c867bfee119:192.168.69.122:34716], old=null
2019-07-13 19:28:29,534 INFO  segmented.SegmentedRaftLogWorker (SegmentedRaftLogWorker.java:execute(569)) - 641a3f2a-10d0-4978-9d9f-4af2391f0f09-SegmentedRaftLogWorker:Storage Directory /tmp/workdir/hadoop-ozone/integration-test/target/test-dir/MiniOzoneClusterImpl-8870e792-62d6-436f-b6cb-4a829b9a395c/datanode-0/data/ratis/ba0a8666-fcd8-4311-9ab8-ebb9d456e335: created new log segment /tmp/workdir/hadoop-ozone/integration-test/target/test-dir/MiniOzoneClusterImpl-8870e792-62d6-436f-b6cb-4a829b9a395c/datanode-0/data/ratis/ba0a8666-fcd8-4311-9ab8-ebb9d456e335/current/log_inprogress_0
2019-07-13 19:28:29,535 INFO  impl.RoleInfo (RoleInfo.java:shutdownLeaderElection(134)) - 579aa93c-41e7-4ba5-b82c-9c867bfee119: shutdown LeaderElection
2019-07-13 19:28:29,534 INFO  segmented.SegmentedRaftLogWorker (SegmentedRaftLogWorker.java:execute(569)) - ae3df460-8e6c-40f9-a646-080cc91d539e-SegmentedRaftLogWorker:Storage Directory /tmp/workdir/hadoop-ozone/integration-test/target/test-dir/MiniOzoneClusterImpl-8870e792-62d6-436f-b6cb-4a829b9a395c/datanode-3/data/ratis/b58f7032-399c-4226-b48d-7eee48995bdc: created new log segment /tmp/workdir/hadoop-ozone/integration-test/target/test-dir/MiniOzoneClusterImpl-8870e792-62d6-436f-b6cb-4a829b9a395c/datanode-3/data/ratis/b58f7032-399c-4226-b48d-7eee48995bdc/current/log_inprogress_0
2019-07-13 19:28:29,535 INFO  impl.RaftServerImpl (RaftServerImpl.java:setRole(171)) - 579aa93c-41e7-4ba5-b82c-9c867bfee119:group-AC568129CF0B changes role from CANDIDATE to LEADER at term 1 for changeToLeader
2019-07-13 19:28:29,537 INFO  impl.RaftServerImpl (ServerState.java:setLeader(263)) - 579aa93c-41e7-4ba5-b82c-9c867bfee119:group-AC568129CF0B change Leader from null to 579aa93c-41e7-4ba5-b82c-9c867bfee119 at term 1 for becomeLeader, leader elected after 5158ms
2019-07-13 19:28:29,539 INFO  server.RaftServerConfigKeys (ConfUtils.java:logGet(43)) - raft.server.staging.catchup.gap = 1000 (default)
2019-07-13 19:28:29,539 INFO  server.RaftServerConfigKeys (ConfUtils.java:logGet(43)) - raft.server.rpc.sleep.time = 25ms (default)
2019-07-13 19:28:29,539 INFO  server.RaftServerConfigKeys (ConfUtils.java:logGet(43)) - raft.server.write.element-limit = 4096 (default)
2019-07-13 19:28:29,540 INFO  server.RaftServerConfigKeys (ConfUtils.java:logGet(43)) - raft.server.watch.timeout = 10s (default)
2019-07-13 19:28:29,541 INFO  server.RaftServerConfigKeys (ConfUtils.java:logGet(43)) - raft.server.watch.timeout.denomination = 1s (default)
2019-07-13 19:28:29,542 INFO  server.RaftServerConfigKeys (ConfUtils.java:logGet(43)) - raft.server.watch.element-limit = 65536 (default)
2019-07-13 19:28:29,542 INFO  impl.RoleInfo (RoleInfo.java:updateAndGet(143)) - 579aa93c-41e7-4ba5-b82c-9c867bfee119: start LeaderState
2019-07-13 19:28:29,542 INFO  segmented.SegmentedRaftLogWorker (SegmentedRaftLogWorker.java:startLogSegment(380)) - 579aa93c-41e7-4ba5-b82c-9c867bfee119-SegmentedRaftLogWorker:Storage Directory /tmp/workdir/hadoop-ozone/integration-test/target/test-dir/MiniOzoneClusterImpl-8870e792-62d6-436f-b6cb-4a829b9a395c/datanode-2/data/ratis/3cf37505-4445-4eec-9126-ac568129cf0b: Starting segment from index:0
2019-07-13 19:28:29,543 INFO  impl.RaftServerImpl (ServerState.java:setRaftConf(361)) - 579aa93c-41e7-4ba5-b82c-9c867bfee119:group-AC568129CF0B set configuration 0: [579aa93c-41e7-4ba5-b82c-9c867bfee119:192.168.69.122:34716], old=null at 0
2019-07-13 19:28:29,560 INFO  impl.FollowerState (FollowerState.java:run(106)) - a2675045-aace-44ca-bb65-8a5f92450560:group-A76B2596B59A changes to CANDIDATE, lastRpcTime:5012, electionTimeout:5008ms
2019-07-13 19:28:29,562 INFO  impl.RoleInfo (RoleInfo.java:shutdownFollowerState(121)) - a2675045-aace-44ca-bb65-8a5f92450560: shutdown FollowerState
2019-07-13 19:28:29,562 INFO  impl.RaftServerImpl (RaftServerImpl.java:setRole(171)) - a2675045-aace-44ca-bb65-8a5f92450560:group-A76B2596B59A changes role from FOLLOWER to CANDIDATE at term 0 for changeToCandidate
2019-07-13 19:28:29,562 INFO  impl.RoleInfo (RoleInfo.java:updateAndGet(143)) - a2675045-aace-44ca-bb65-8a5f92450560: start LeaderElection
2019-07-13 19:28:29,575 INFO  segmented.SegmentedRaftLogWorker (SegmentedRaftLogWorker.java:execute(569)) - 579aa93c-41e7-4ba5-b82c-9c867bfee119-SegmentedRaftLogWorker:Storage Directory /tmp/workdir/hadoop-ozone/integration-test/target/test-dir/MiniOzoneClusterImpl-8870e792-62d6-436f-b6cb-4a829b9a395c/datanode-2/data/ratis/3cf37505-4445-4eec-9126-ac568129cf0b: created new log segment /tmp/workdir/hadoop-ozone/integration-test/target/test-dir/MiniOzoneClusterImpl-8870e792-62d6-436f-b6cb-4a829b9a395c/datanode-2/data/ratis/3cf37505-4445-4eec-9126-ac568129cf0b/current/log_inprogress_0
2019-07-13 19:28:29,575 INFO  impl.LeaderElection (LeaderElection.java:askForVotes(181)) - a2675045-aace-44ca-bb65-8a5f92450560:group-A76B2596B59A:LeaderElection4: begin an election at term 1 for -1: [a2675045-aace-44ca-bb65-8a5f92450560:192.168.69.122:46397], old=null
2019-07-13 19:28:29,576 INFO  impl.RoleInfo (RoleInfo.java:shutdownLeaderElection(134)) - a2675045-aace-44ca-bb65-8a5f92450560: shutdown LeaderElection
2019-07-13 19:28:29,576 INFO  impl.RaftServerImpl (RaftServerImpl.java:setRole(171)) - a2675045-aace-44ca-bb65-8a5f92450560:group-A76B2596B59A changes role from CANDIDATE to LEADER at term 1 for changeToLeader
2019-07-13 19:28:29,576 INFO  impl.RaftServerImpl (ServerState.java:setLeader(263)) - a2675045-aace-44ca-bb65-8a5f92450560:group-A76B2596B59A change Leader from null to a2675045-aace-44ca-bb65-8a5f92450560 at term 1 for becomeLeader, leader elected after 5032ms
2019-07-13 19:28:29,578 INFO  server.RaftServerConfigKeys (ConfUtils.java:logGet(43)) - raft.server.staging.catchup.gap = 1000 (default)
2019-07-13 19:28:29,578 INFO  server.RaftServerConfigKeys (ConfUtils.java:logGet(43)) - raft.server.rpc.sleep.time = 25ms (default)
2019-07-13 19:28:29,578 INFO  server.RaftServerConfigKeys (ConfUtils.java:logGet(43)) - raft.server.write.element-limit = 4096 (default)
2019-07-13 19:28:29,578 INFO  server.RaftServerConfigKeys (ConfUtils.java:logGet(43)) - raft.server.watch.timeout = 10s (default)
2019-07-13 19:28:29,578 INFO  server.RaftServerConfigKeys (ConfUtils.java:logGet(43)) - raft.server.watch.timeout.denomination = 1s (default)
2019-07-13 19:28:29,579 INFO  server.RaftServerConfigKeys (ConfUtils.java:logGet(43)) - raft.server.watch.element-limit = 65536 (default)
2019-07-13 19:28:29,579 INFO  impl.RoleInfo (RoleInfo.java:updateAndGet(143)) - a2675045-aace-44ca-bb65-8a5f92450560: start LeaderState
2019-07-13 19:28:29,579 INFO  segmented.SegmentedRaftLogWorker (SegmentedRaftLogWorker.java:startLogSegment(380)) - a2675045-aace-44ca-bb65-8a5f92450560-SegmentedRaftLogWorker:Storage Directory /tmp/workdir/hadoop-ozone/integration-test/target/test-dir/MiniOzoneClusterImpl-8870e792-62d6-436f-b6cb-4a829b9a395c/datanode-5/data/ratis/8037e696-7eb1-48fe-bf27-a76b2596b59a: Starting segment from index:0
2019-07-13 19:28:29,580 INFO  impl.RaftServerImpl (ServerState.java:setRaftConf(361)) - a2675045-aace-44ca-bb65-8a5f92450560:group-A76B2596B59A set configuration 0: [a2675045-aace-44ca-bb65-8a5f92450560:192.168.69.122:46397], old=null at 0
2019-07-13 19:28:29,612 INFO  segmented.SegmentedRaftLogWorker (SegmentedRaftLogWorker.java:execute(569)) - a2675045-aace-44ca-bb65-8a5f92450560-SegmentedRaftLogWorker:Storage Directory /tmp/workdir/hadoop-ozone/integration-test/target/test-dir/MiniOzoneClusterImpl-8870e792-62d6-436f-b6cb-4a829b9a395c/datanode-5/data/ratis/8037e696-7eb1-48fe-bf27-a76b2596b59a: created new log segment /tmp/workdir/hadoop-ozone/integration-test/target/test-dir/MiniOzoneClusterImpl-8870e792-62d6-436f-b6cb-4a829b9a395c/datanode-5/data/ratis/8037e696-7eb1-48fe-bf27-a76b2596b59a/current/log_inprogress_0
2019-07-13 19:28:29,625 INFO  impl.FollowerState (FollowerState.java:run(106)) - ee58ed2e-2e4c-4f98-b1c8-8f92b90669dd:group-9D108BBBE81F changes to CANDIDATE, lastRpcTime:5157, electionTimeout:5157ms
2019-07-13 19:28:29,625 INFO  impl.RoleInfo (RoleInfo.java:shutdownFollowerState(121)) - ee58ed2e-2e4c-4f98-b1c8-8f92b90669dd: shutdown FollowerState
2019-07-13 19:28:29,625 INFO  impl.RaftServerImpl (RaftServerImpl.java:setRole(171)) - ee58ed2e-2e4c-4f98-b1c8-8f92b90669dd:group-9D108BBBE81F changes role from FOLLOWER to CANDIDATE at term 0 for changeToCandidate
2019-07-13 19:28:29,625 INFO  impl.RoleInfo (RoleInfo.java:updateAndGet(143)) - ee58ed2e-2e4c-4f98-b1c8-8f92b90669dd: start LeaderElection
2019-07-13 19:28:29,633 INFO  impl.FollowerState (FollowerState.java:run(106)) - 6d67d047-43fa-44c3-a5c1-93138c27aeb7:group-35F08AB3BB15 changes to CANDIDATE, lastRpcTime:5005, electionTimeout:5005ms
2019-07-13 19:28:29,635 INFO  impl.RoleInfo (RoleInfo.java:shutdownFollowerState(121)) - 6d67d047-43fa-44c3-a5c1-93138c27aeb7: shutdown FollowerState
2019-07-13 19:28:29,635 INFO  impl.RaftServerImpl (RaftServerImpl.java:setRole(171)) - 6d67d047-43fa-44c3-a5c1-93138c27aeb7:group-35F08AB3BB15 changes role from FOLLOWER to CANDIDATE at term 0 for changeToCandidate
2019-07-13 19:28:29,635 INFO  impl.RoleInfo (RoleInfo.java:updateAndGet(143)) - 6d67d047-43fa-44c3-a5c1-93138c27aeb7: start LeaderElection
2019-07-13 19:28:29,644 INFO  impl.LeaderElection (LeaderElection.java:askForVotes(181)) - 6d67d047-43fa-44c3-a5c1-93138c27aeb7:group-35F08AB3BB15:LeaderElection6: begin an election at term 1 for -1: [6d67d047-43fa-44c3-a5c1-93138c27aeb7:192.168.69.122:35782], old=null
2019-07-13 19:28:29,644 INFO  impl.LeaderElection (LeaderElection.java:askForVotes(181)) - ee58ed2e-2e4c-4f98-b1c8-8f92b90669dd:group-9D108BBBE81F:LeaderElection5: begin an election at term 1 for -1: [ee58ed2e-2e4c-4f98-b1c8-8f92b90669dd:192.168.69.122:38562], old=null
2019-07-13 19:28:29,644 INFO  impl.RoleInfo (RoleInfo.java:shutdownLeaderElection(134)) - 6d67d047-43fa-44c3-a5c1-93138c27aeb7: shutdown LeaderElection
2019-07-13 19:28:29,644 INFO  impl.RoleInfo (RoleInfo.java:shutdownLeaderElection(134)) - ee58ed2e-2e4c-4f98-b1c8-8f92b90669dd: shutdown LeaderElection
2019-07-13 19:28:29,644 INFO  impl.RaftServerImpl (RaftServerImpl.java:setRole(171)) - 6d67d047-43fa-44c3-a5c1-93138c27aeb7:group-35F08AB3BB15 changes role from CANDIDATE to LEADER at term 1 for changeToLeader
2019-07-13 19:28:29,644 INFO  impl.RaftServerImpl (RaftServerImpl.java:setRole(171)) - ee58ed2e-2e4c-4f98-b1c8-8f92b90669dd:group-9D108BBBE81F changes role from CANDIDATE to LEADER at term 1 for changeToLeader
2019-07-13 19:28:29,644 INFO  impl.RaftServerImpl (ServerState.java:setLeader(263)) - 6d67d047-43fa-44c3-a5c1-93138c27aeb7:group-35F08AB3BB15 change Leader from null to 6d67d047-43fa-44c3-a5c1-93138c27aeb7 at term 1 for becomeLeader, leader elected after 5022ms
2019-07-13 19:28:29,645 INFO  impl.RaftServerImpl (ServerState.java:setLeader(263)) - ee58ed2e-2e4c-4f98-b1c8-8f92b90669dd:group-9D108BBBE81F change Leader from null to ee58ed2e-2e4c-4f98-b1c8-8f92b90669dd at term 1 for becomeLeader, leader elected after 5183ms
2019-07-13 19:28:29,646 INFO  server.RaftServerConfigKeys (ConfUtils.java:logGet(43)) - raft.server.staging.catchup.gap = 1000 (default)
2019-07-13 19:28:29,648 INFO  server.RaftServerConfigKeys (ConfUtils.java:logGet(43)) - raft.server.staging.catchup.gap = 1000 (default)
2019-07-13 19:28:29,648 INFO  server.RaftServerConfigKeys (ConfUtils.java:logGet(43)) - raft.server.rpc.sleep.time = 25ms (default)
2019-07-13 19:28:29,648 INFO  server.RaftServerConfigKeys (ConfUtils.java:logGet(43)) - raft.server.rpc.sleep.time = 25ms (default)
2019-07-13 19:28:29,648 INFO  server.RaftServerConfigKeys (ConfUtils.java:logGet(43)) - raft.server.write.element-limit = 4096 (default)
2019-07-13 19:28:29,648 INFO  server.RaftServerConfigKeys (ConfUtils.java:logGet(43)) - raft.server.write.element-limit = 4096 (default)
2019-07-13 19:28:29,648 INFO  server.RaftServerConfigKeys (ConfUtils.java:logGet(43)) - raft.server.watch.timeout = 10s (default)
2019-07-13 19:28:29,649 INFO  server.RaftServerConfigKeys (ConfUtils.java:logGet(43)) - raft.server.watch.timeout = 10s (default)
2019-07-13 19:28:29,649 INFO  server.RaftServerConfigKeys (ConfUtils.java:logGet(43)) - raft.server.watch.timeout.denomination = 1s (default)
2019-07-13 19:28:29,649 INFO  server.RaftServerConfigKeys (ConfUtils.java:logGet(43)) - raft.server.watch.timeout.denomination = 1s (default)
2019-07-13 19:28:29,649 INFO  server.RaftServerConfigKeys (ConfUtils.java:logGet(43)) - raft.server.watch.element-limit = 65536 (default)
2019-07-13 19:28:29,649 INFO  server.RaftServerConfigKeys (ConfUtils.java:logGet(43)) - raft.server.watch.element-limit = 65536 (default)
2019-07-13 19:28:29,649 INFO  impl.RoleInfo (RoleInfo.java:updateAndGet(143)) - 6d67d047-43fa-44c3-a5c1-93138c27aeb7: start LeaderState
2019-07-13 19:28:29,650 INFO  impl.RoleInfo (RoleInfo.java:updateAndGet(143)) - ee58ed2e-2e4c-4f98-b1c8-8f92b90669dd: start LeaderState
2019-07-13 19:28:29,650 INFO  segmented.SegmentedRaftLogWorker (SegmentedRaftLogWorker.java:startLogSegment(380)) - 6d67d047-43fa-44c3-a5c1-93138c27aeb7-SegmentedRaftLogWorker:Storage Directory /tmp/workdir/hadoop-ozone/integration-test/target/test-dir/MiniOzoneClusterImpl-8870e792-62d6-436f-b6cb-4a829b9a395c/datanode-4/data/ratis/49b7812e-33bc-4bee-a86f-35f08ab3bb15: Starting segment from index:0
2019-07-13 19:28:29,650 INFO  segmented.SegmentedRaftLogWorker (SegmentedRaftLogWorker.java:startLogSegment(380)) - ee58ed2e-2e4c-4f98-b1c8-8f92b90669dd-SegmentedRaftLogWorker:Storage Directory /tmp/workdir/hadoop-ozone/integration-test/target/test-dir/MiniOzoneClusterImpl-8870e792-62d6-436f-b6cb-4a829b9a395c/datanode-6/data/ratis/b1cbba51-910f-436d-9847-9d108bbbe81f: Starting segment from index:0
2019-07-13 19:28:29,651 INFO  impl.RaftServerImpl (ServerState.java:setRaftConf(361)) - 6d67d047-43fa-44c3-a5c1-93138c27aeb7:group-35F08AB3BB15 set configuration 0: [6d67d047-43fa-44c3-a5c1-93138c27aeb7:192.168.69.122:35782], old=null at 0
2019-07-13 19:28:29,673 INFO  impl.RaftServerImpl (ServerState.java:setRaftConf(361)) - ee58ed2e-2e4c-4f98-b1c8-8f92b90669dd:group-9D108BBBE81F set configuration 0: [ee58ed2e-2e4c-4f98-b1c8-8f92b90669dd:192.168.69.122:38562], old=null at 0
2019-07-13 19:28:29,737 INFO  segmented.SegmentedRaftLogWorker (SegmentedRaftLogWorker.java:execute(569)) - 6d67d047-43fa-44c3-a5c1-93138c27aeb7-SegmentedRaftLogWorker:Storage Directory /tmp/workdir/hadoop-ozone/integration-test/target/test-dir/MiniOzoneClusterImpl-8870e792-62d6-436f-b6cb-4a829b9a395c/datanode-4/data/ratis/49b7812e-33bc-4bee-a86f-35f08ab3bb15: created new log segment /tmp/workdir/hadoop-ozone/integration-test/target/test-dir/MiniOzoneClusterImpl-8870e792-62d6-436f-b6cb-4a829b9a395c/datanode-4/data/ratis/49b7812e-33bc-4bee-a86f-35f08ab3bb15/current/log_inprogress_0
2019-07-13 19:28:29,737 INFO  segmented.SegmentedRaftLogWorker (SegmentedRaftLogWorker.java:execute(569)) - ee58ed2e-2e4c-4f98-b1c8-8f92b90669dd-SegmentedRaftLogWorker:Storage Directory /tmp/workdir/hadoop-ozone/integration-test/target/test-dir/MiniOzoneClusterImpl-8870e792-62d6-436f-b6cb-4a829b9a395c/datanode-6/data/ratis/b1cbba51-910f-436d-9847-9d108bbbe81f: created new log segment /tmp/workdir/hadoop-ozone/integration-test/target/test-dir/MiniOzoneClusterImpl-8870e792-62d6-436f-b6cb-4a829b9a395c/datanode-6/data/ratis/b1cbba51-910f-436d-9847-9d108bbbe81f/current/log_inprogress_0
2019-07-13 19:28:29,818 INFO  impl.FollowerState (FollowerState.java:run(106)) - b586f36b-7d1b-45fa-beb7-f89578bcb25e:group-53F6525A1030 changes to CANDIDATE, lastRpcTime:5122, electionTimeout:5122ms
2019-07-13 19:28:29,827 INFO  impl.RoleInfo (RoleInfo.java:shutdownFollowerState(121)) - b586f36b-7d1b-45fa-beb7-f89578bcb25e: shutdown FollowerState
2019-07-13 19:28:29,827 INFO  impl.RaftServerImpl (RaftServerImpl.java:setRole(171)) - b586f36b-7d1b-45fa-beb7-f89578bcb25e:group-53F6525A1030 changes role from FOLLOWER to CANDIDATE at term 0 for changeToCandidate
2019-07-13 19:28:29,828 INFO  impl.RoleInfo (RoleInfo.java:updateAndGet(143)) - b586f36b-7d1b-45fa-beb7-f89578bcb25e: start LeaderElection
2019-07-13 19:28:29,847 INFO  impl.FollowerState (FollowerState.java:run(106)) - ee58ed2e-2e4c-4f98-b1c8-8f92b90669dd:group-11C239CA1CFB changes to CANDIDATE, lastRpcTime:5028, electionTimeout:5028ms
2019-07-13 19:28:29,849 INFO  impl.RoleInfo (RoleInfo.java:shutdownFollowerState(121)) - ee58ed2e-2e4c-4f98-b1c8-8f92b90669dd: shutdown FollowerState
2019-07-13 19:28:29,849 INFO  impl.LeaderElection (LeaderElection.java:askForVotes(181)) - b586f36b-7d1b-45fa-beb7-f89578bcb25e:group-53F6525A1030:LeaderElection7: begin an election at term 1 for -1: [b586f36b-7d1b-45fa-beb7-f89578bcb25e:192.168.69.122:33629], old=null
2019-07-13 19:28:29,849 INFO  impl.RaftServerImpl (RaftServerImpl.java:setRole(171)) - ee58ed2e-2e4c-4f98-b1c8-8f92b90669dd:group-11C239CA1CFB changes role from FOLLOWER to CANDIDATE at term 0 for changeToCandidate
2019-07-13 19:28:29,849 INFO  impl.RoleInfo (RoleInfo.java:shutdownLeaderElection(134)) - b586f36b-7d1b-45fa-beb7-f89578bcb25e: shutdown LeaderElection
2019-07-13 19:28:29,850 INFO  impl.RoleInfo (RoleInfo.java:updateAndGet(143)) - ee58ed2e-2e4c-4f98-b1c8-8f92b90669dd: start LeaderElection
2019-07-13 19:28:29,850 INFO  impl.RaftServerImpl (RaftServerImpl.java:setRole(171)) - b586f36b-7d1b-45fa-beb7-f89578bcb25e:group-53F6525A1030 changes role from CANDIDATE to LEADER at term 1 for changeToLeader
2019-07-13 19:28:29,850 INFO  impl.RaftServerImpl (ServerState.java:setLeader(263)) - b586f36b-7d1b-45fa-beb7-f89578bcb25e:group-53F6525A1030 change Leader from null to b586f36b-7d1b-45fa-beb7-f89578bcb25e at term 1 for becomeLeader, leader elected after 5158ms
2019-07-13 19:28:29,854 INFO  server.RaftServerConfigKeys (ConfUtils.java:logGet(43)) - raft.server.staging.catchup.gap = 1000 (default)
2019-07-13 19:28:29,854 INFO  server.RaftServerConfigKeys (ConfUtils.java:logGet(43)) - raft.server.rpc.sleep.time = 25ms (default)
2019-07-13 19:28:29,855 INFO  server.RaftServerConfigKeys (ConfUtils.java:logGet(43)) - raft.server.write.element-limit = 4096 (default)
2019-07-13 19:28:29,855 INFO  server.RaftServerConfigKeys (ConfUtils.java:logGet(43)) - raft.server.watch.timeout = 10s (default)
2019-07-13 19:28:29,855 INFO  server.RaftServerConfigKeys (ConfUtils.java:logGet(43)) - raft.server.watch.timeout.denomination = 1s (default)
2019-07-13 19:28:29,855 INFO  server.RaftServerConfigKeys (ConfUtils.java:logGet(43)) - raft.server.watch.element-limit = 65536 (default)
2019-07-13 19:28:29,855 INFO  impl.RoleInfo (RoleInfo.java:updateAndGet(143)) - b586f36b-7d1b-45fa-beb7-f89578bcb25e: start LeaderState
2019-07-13 19:28:29,856 INFO  segmented.SegmentedRaftLogWorker (SegmentedRaftLogWorker.java:startLogSegment(380)) - b586f36b-7d1b-45fa-beb7-f89578bcb25e-SegmentedRaftLogWorker:Storage Directory /tmp/workdir/hadoop-ozone/integration-test/target/test-dir/MiniOzoneClusterImpl-8870e792-62d6-436f-b6cb-4a829b9a395c/datanode-1/data/ratis/fbddf135-95ea-414e-be5e-53f6525a1030: Starting segment from index:0
2019-07-13 19:28:29,856 INFO  impl.FollowerState (FollowerState.java:run(106)) - ae3df460-8e6c-40f9-a646-080cc91d539e:group-11C239CA1CFB changes to CANDIDATE, lastRpcTime:5036, electionTimeout:5036ms
2019-07-13 19:28:29,856 INFO  impl.RoleInfo (RoleInfo.java:shutdownFollowerState(121)) - ae3df460-8e6c-40f9-a646-080cc91d539e: shutdown FollowerState
2019-07-13 19:28:29,856 INFO  impl.RaftServerImpl (RaftServerImpl.java:setRole(171)) - ae3df460-8e6c-40f9-a646-080cc91d539e:group-11C239CA1CFB changes role from FOLLOWER to CANDIDATE at term 0 for changeToCandidate
2019-07-13 19:28:29,857 INFO  impl.RoleInfo (RoleInfo.java:updateAndGet(143)) - ae3df460-8e6c-40f9-a646-080cc91d539e: start LeaderElection
2019-07-13 19:28:29,857 INFO  impl.RaftServerImpl (ServerState.java:setRaftConf(361)) - b586f36b-7d1b-45fa-beb7-f89578bcb25e:group-53F6525A1030 set configuration 0: [b586f36b-7d1b-45fa-beb7-f89578bcb25e:192.168.69.122:33629], old=null at 0
2019-07-13 19:28:29,879 INFO  impl.LeaderElection (LeaderElection.java:askForVotes(181)) - ee58ed2e-2e4c-4f98-b1c8-8f92b90669dd:group-11C239CA1CFB:LeaderElection8: begin an election at term 1 for -1: [641a3f2a-10d0-4978-9d9f-4af2391f0f09:192.168.69.122:35732, ee58ed2e-2e4c-4f98-b1c8-8f92b90669dd:192.168.69.122:38562, ae3df460-8e6c-40f9-a646-080cc91d539e:192.168.69.122:42161], old=null
2019-07-13 19:28:29,895 INFO  segmented.SegmentedRaftLogWorker (SegmentedRaftLogWorker.java:execute(569)) - b586f36b-7d1b-45fa-beb7-f89578bcb25e-SegmentedRaftLogWorker:Storage Directory /tmp/workdir/hadoop-ozone/integration-test/target/test-dir/MiniOzoneClusterImpl-8870e792-62d6-436f-b6cb-4a829b9a395c/datanode-1/data/ratis/fbddf135-95ea-414e-be5e-53f6525a1030: created new log segment /tmp/workdir/hadoop-ozone/integration-test/target/test-dir/MiniOzoneClusterImpl-8870e792-62d6-436f-b6cb-4a829b9a395c/datanode-1/data/ratis/fbddf135-95ea-414e-be5e-53f6525a1030/current/log_inprogress_0
2019-07-13 19:28:29,895 INFO  impl.LeaderElection (LeaderElection.java:askForVotes(181)) - ae3df460-8e6c-40f9-a646-080cc91d539e:group-11C239CA1CFB:LeaderElection9: begin an election at term 1 for -1: [641a3f2a-10d0-4978-9d9f-4af2391f0f09:192.168.69.122:35732, ee58ed2e-2e4c-4f98-b1c8-8f92b90669dd:192.168.69.122:38562, ae3df460-8e6c-40f9-a646-080cc91d539e:192.168.69.122:42161], old=null
2019-07-13 19:28:29,920 INFO  impl.RaftServerImpl (RaftServerImpl.java:setRole(171)) - 641a3f2a-10d0-4978-9d9f-4af2391f0f09:group-11C239CA1CFB changes role from FOLLOWER to FOLLOWER at term 1 for recognizeCandidate:ee58ed2e-2e4c-4f98-b1c8-8f92b90669dd
2019-07-13 19:28:29,923 INFO  impl.RoleInfo (RoleInfo.java:shutdownFollowerState(121)) - 641a3f2a-10d0-4978-9d9f-4af2391f0f09: shutdown FollowerState
2019-07-13 19:28:29,930 INFO  impl.RoleInfo (RoleInfo.java:updateAndGet(143)) - 641a3f2a-10d0-4978-9d9f-4af2391f0f09: start FollowerState
2019-07-13 19:28:29,930 INFO  impl.FollowerState (FollowerState.java:run(114)) - 641a3f2a-10d0-4978-9d9f-4af2391f0f09: FollowerState was interrupted: java.lang.InterruptedException: sleep interrupted
2019-07-13 19:28:29,965 INFO  impl.LeaderElection (LeaderElection.java:logAndReturn(56)) - ee58ed2e-2e4c-4f98-b1c8-8f92b90669dd:group-11C239CA1CFB:LeaderElection8: Election PASSED; received 2 response(s) [ee58ed2e-2e4c-4f98-b1c8-8f92b90669dd<-641a3f2a-10d0-4978-9d9f-4af2391f0f09#0:OK-t1, ee58ed2e-2e4c-4f98-b1c8-8f92b90669dd<-ae3df460-8e6c-40f9-a646-080cc91d539e#0:FAIL-t1] and 0 exception(s); ee58ed2e-2e4c-4f98-b1c8-8f92b90669dd:t1, leader=null, voted=ee58ed2e-2e4c-4f98-b1c8-8f92b90669dd, raftlog=ee58ed2e-2e4c-4f98-b1c8-8f92b90669dd-SegmentedRaftLog:OPENED:c-1,f-1,i0, conf=-1: [641a3f2a-10d0-4978-9d9f-4af2391f0f09:192.168.69.122:35732, ee58ed2e-2e4c-4f98-b1c8-8f92b90669dd:192.168.69.122:38562, ae3df460-8e6c-40f9-a646-080cc91d539e:192.168.69.122:42161], old=null
2019-07-13 19:28:29,965 INFO  impl.LeaderElection (LeaderElection.java:logAndReturn(56)) - ae3df460-8e6c-40f9-a646-080cc91d539e:group-11C239CA1CFB:LeaderElection9: Election REJECTED; received 2 response(s) [ae3df460-8e6c-40f9-a646-080cc91d539e<-641a3f2a-10d0-4978-9d9f-4af2391f0f09#0:FAIL-t1, ae3df460-8e6c-40f9-a646-080cc91d539e<-ee58ed2e-2e4c-4f98-b1c8-8f92b90669dd#0:FAIL-t1] and 0 exception(s); ae3df460-8e6c-40f9-a646-080cc91d539e:t1, leader=null, voted=ae3df460-8e6c-40f9-a646-080cc91d539e, raftlog=ae3df460-8e6c-40f9-a646-080cc91d539e-SegmentedRaftLog:OPENED:c-1,f-1,i0, conf=-1: [641a3f2a-10d0-4978-9d9f-4af2391f0f09:192.168.69.122:35732, ee58ed2e-2e4c-4f98-b1c8-8f92b90669dd:192.168.69.122:38562, ae3df460-8e6c-40f9-a646-080cc91d539e:192.168.69.122:42161], old=null
2019-07-13 19:28:29,965 INFO  impl.RoleInfo (RoleInfo.java:shutdownLeaderElection(134)) - ee58ed2e-2e4c-4f98-b1c8-8f92b90669dd: shutdown LeaderElection
2019-07-13 19:28:29,967 INFO  impl.RaftServerImpl (RaftServerImpl.java:setRole(171)) - ae3df460-8e6c-40f9-a646-080cc91d539e:group-11C239CA1CFB changes role from CANDIDATE to FOLLOWER at term 1 for DISCOVERED_A_NEW_TERM
2019-07-13 19:28:29,968 INFO  impl.RoleInfo (RoleInfo.java:shutdownLeaderElection(134)) - ae3df460-8e6c-40f9-a646-080cc91d539e: shutdown LeaderElection
2019-07-13 19:28:29,967 INFO  impl.RaftServerImpl (RaftServerImpl.java:setRole(171)) - ee58ed2e-2e4c-4f98-b1c8-8f92b90669dd:group-11C239CA1CFB changes role from CANDIDATE to LEADER at term 1 for changeToLeader
2019-07-13 19:28:29,973 INFO  impl.RaftServerImpl (ServerState.java:setLeader(263)) - ee58ed2e-2e4c-4f98-b1c8-8f92b90669dd:group-11C239CA1CFB change Leader from null to ee58ed2e-2e4c-4f98-b1c8-8f92b90669dd at term 1 for becomeLeader, leader elected after 5172ms
2019-07-13 19:28:29,975 INFO  impl.RoleInfo (RoleInfo.java:updateAndGet(143)) - ae3df460-8e6c-40f9-a646-080cc91d539e: start FollowerState
2019-07-13 19:28:29,975 INFO  server.RaftServerConfigKeys (ConfUtils.java:logGet(43)) - raft.server.staging.catchup.gap = 1000 (default)
2019-07-13 19:28:29,975 INFO  server.RaftServerConfigKeys (ConfUtils.java:logGet(43)) - raft.server.rpc.sleep.time = 25ms (default)
2019-07-13 19:28:29,977 INFO  server.RaftServerConfigKeys (ConfUtils.java:logGet(43)) - raft.server.write.element-limit = 4096 (default)
2019-07-13 19:28:29,977 INFO  server.RaftServerConfigKeys (ConfUtils.java:logGet(43)) - raft.server.watch.timeout = 10s (default)
2019-07-13 19:28:29,977 INFO  server.RaftServerConfigKeys (ConfUtils.java:logGet(43)) - raft.server.watch.timeout.denomination = 1s (default)
2019-07-13 19:28:29,977 INFO  server.RaftServerConfigKeys (ConfUtils.java:logGet(43)) - raft.server.watch.element-limit = 65536 (default)
2019-07-13 19:28:29,980 INFO  server.RaftServerConfigKeys (ConfUtils.java:logGet(43)) - raft.server.log.appender.snapshot.chunk.size.max = 16MB (=16777216) (default)
2019-07-13 19:28:29,981 INFO  server.RaftServerConfigKeys (ConfUtils.java:logGet(43)) - raft.server.log.appender.buffer.byte-limit = 33554432 (custom)
2019-07-13 19:28:29,982 INFO  server.RaftServerConfigKeys (ConfUtils.java:logGet(43)) - raft.server.log.appender.buffer.element-limit = 1 (custom)
2019-07-13 19:28:29,985 INFO  grpc.GrpcConfigKeys$Server (ConfUtils.java:logGet(43)) - raft.grpc.server.leader.outstanding.appends.max = 128 (default)
2019-07-13 19:28:29,987 INFO  server.RaftServerConfigKeys (ConfUtils.java:logGet(43)) - raft.server.rpc.request.timeout = 3000ms (default)
2019-07-13 19:28:29,987 INFO  server.RaftServerConfigKeys (ConfUtils.java:logGet(43)) - raft.server.log.appender.install.snapshot.enabled = false (custom)
2019-07-13 19:28:29,987 INFO  server.RaftServerConfigKeys (ConfUtils.java:logGet(43)) - raft.server.log.appender.snapshot.chunk.size.max = 16MB (=16777216) (default)
2019-07-13 19:28:29,988 INFO  server.RaftServerConfigKeys (ConfUtils.java:logGet(43)) - raft.server.log.appender.buffer.byte-limit = 33554432 (custom)
2019-07-13 19:28:29,988 INFO  server.RaftServerConfigKeys (ConfUtils.java:logGet(43)) - raft.server.log.appender.buffer.element-limit = 1 (custom)
2019-07-13 19:28:29,988 INFO  grpc.GrpcConfigKeys$Server (ConfUtils.java:logGet(43)) - raft.grpc.server.leader.outstanding.appends.max = 128 (default)
2019-07-13 19:28:29,988 INFO  server.RaftServerConfigKeys (ConfUtils.java:logGet(43)) - raft.server.rpc.request.timeout = 3000ms (default)
2019-07-13 19:28:29,989 INFO  server.RaftServerConfigKeys (ConfUtils.java:logGet(43)) - raft.server.log.appender.install.snapshot.enabled = false (custom)
2019-07-13 19:28:29,990 INFO  impl.RoleInfo (RoleInfo.java:updateAndGet(143)) - ee58ed2e-2e4c-4f98-b1c8-8f92b90669dd: start LeaderState
2019-07-13 19:28:29,991 INFO  segmented.SegmentedRaftLogWorker (SegmentedRaftLogWorker.java:startLogSegment(380)) - ee58ed2e-2e4c-4f98-b1c8-8f92b90669dd-SegmentedRaftLogWorker:Storage Directory /tmp/workdir/hadoop-ozone/integration-test/target/test-dir/MiniOzoneClusterImpl-8870e792-62d6-436f-b6cb-4a829b9a395c/datanode-6/data/ratis/fe0836c3-cbde-4fcc-9714-11c239ca1cfb: Starting segment from index:0
2019-07-13 19:28:29,992 INFO  impl.RaftServerImpl (ServerState.java:setRaftConf(361)) - ee58ed2e-2e4c-4f98-b1c8-8f92b90669dd:group-11C239CA1CFB set configuration 0: [641a3f2a-10d0-4978-9d9f-4af2391f0f09:192.168.69.122:35732, ee58ed2e-2e4c-4f98-b1c8-8f92b90669dd:192.168.69.122:38562, ae3df460-8e6c-40f9-a646-080cc91d539e:192.168.69.122:42161], old=null at 0
2019-07-13 19:28:30,024 INFO  segmented.SegmentedRaftLogWorker (SegmentedRaftLogWorker.java:execute(569)) - ee58ed2e-2e4c-4f98-b1c8-8f92b90669dd-SegmentedRaftLogWorker:Storage Directory /tmp/workdir/hadoop-ozone/integration-test/target/test-dir/MiniOzoneClusterImpl-8870e792-62d6-436f-b6cb-4a829b9a395c/datanode-6/data/ratis/fe0836c3-cbde-4fcc-9714-11c239ca1cfb: created new log segment /tmp/workdir/hadoop-ozone/integration-test/target/test-dir/MiniOzoneClusterImpl-8870e792-62d6-436f-b6cb-4a829b9a395c/datanode-6/data/ratis/fe0836c3-cbde-4fcc-9714-11c239ca1cfb/current/log_inprogress_0
2019-07-13 19:28:30,025 INFO  impl.FollowerState (FollowerState.java:run(106)) - 6d67d047-43fa-44c3-a5c1-93138c27aeb7:group-64F343D4F2D0 changes to CANDIDATE, lastRpcTime:5081, electionTimeout:5081ms
2019-07-13 19:28:30,026 INFO  impl.RoleInfo (RoleInfo.java:shutdownFollowerState(121)) - 6d67d047-43fa-44c3-a5c1-93138c27aeb7: shutdown FollowerState
2019-07-13 19:28:30,026 INFO  impl.RaftServerImpl (RaftServerImpl.java:setRole(171)) - 6d67d047-43fa-44c3-a5c1-93138c27aeb7:group-64F343D4F2D0 changes role from FOLLOWER to CANDIDATE at term 0 for changeToCandidate
2019-07-13 19:28:30,026 INFO  impl.RoleInfo (RoleInfo.java:updateAndGet(143)) - 6d67d047-43fa-44c3-a5c1-93138c27aeb7: start LeaderElection
2019-07-13 19:28:30,037 INFO  impl.RaftServerImpl (ServerState.java:setLeader(263)) - 641a3f2a-10d0-4978-9d9f-4af2391f0f09:group-11C239CA1CFB change Leader from null to ee58ed2e-2e4c-4f98-b1c8-8f92b90669dd at term 1 for appendEntries, leader elected after 5235ms
2019-07-13 19:28:30,038 INFO  impl.LeaderElection (LeaderElection.java:askForVotes(181)) - 6d67d047-43fa-44c3-a5c1-93138c27aeb7:group-64F343D4F2D0:LeaderElection10: begin an election at term 1 for -1: [579aa93c-41e7-4ba5-b82c-9c867bfee119:192.168.69.122:34716, 6d67d047-43fa-44c3-a5c1-93138c27aeb7:192.168.69.122:35782, a2675045-aace-44ca-bb65-8a5f92450560:192.168.69.122:46397], old=null
2019-07-13 19:28:30,037 INFO  impl.RaftServerImpl (ServerState.java:setLeader(263)) - ae3df460-8e6c-40f9-a646-080cc91d539e:group-11C239CA1CFB change Leader from null to ee58ed2e-2e4c-4f98-b1c8-8f92b90669dd at term 1 for appendEntries, leader elected after 5235ms
2019-07-13 19:28:30,060 INFO  impl.RaftServerImpl (RaftServerImpl.java:setRole(171)) - 579aa93c-41e7-4ba5-b82c-9c867bfee119:group-64F343D4F2D0 changes role from FOLLOWER to FOLLOWER at term 1 for recognizeCandidate:6d67d047-43fa-44c3-a5c1-93138c27aeb7
2019-07-13 19:28:30,060 INFO  impl.RoleInfo (RoleInfo.java:shutdownFollowerState(121)) - 579aa93c-41e7-4ba5-b82c-9c867bfee119: shutdown FollowerState
2019-07-13 19:28:30,060 INFO  impl.RoleInfo (RoleInfo.java:updateAndGet(143)) - 579aa93c-41e7-4ba5-b82c-9c867bfee119: start FollowerState
2019-07-13 19:28:30,062 INFO  impl.FollowerState (FollowerState.java:run(114)) - 579aa93c-41e7-4ba5-b82c-9c867bfee119: FollowerState was interrupted: java.lang.InterruptedException: sleep interrupted
2019-07-13 19:28:30,062 INFO  impl.RaftServerImpl (RaftServerImpl.java:setRole(171)) - a2675045-aace-44ca-bb65-8a5f92450560:group-64F343D4F2D0 changes role from FOLLOWER to FOLLOWER at term 1 for recognizeCandidate:6d67d047-43fa-44c3-a5c1-93138c27aeb7
2019-07-13 19:28:30,064 INFO  impl.RoleInfo (RoleInfo.java:shutdownFollowerState(121)) - a2675045-aace-44ca-bb65-8a5f92450560: shutdown FollowerState
2019-07-13 19:28:30,064 INFO  impl.RoleInfo (RoleInfo.java:updateAndGet(143)) - a2675045-aace-44ca-bb65-8a5f92450560: start FollowerState
2019-07-13 19:28:30,064 INFO  impl.FollowerState (FollowerState.java:run(114)) - a2675045-aace-44ca-bb65-8a5f92450560: FollowerState was interrupted: java.lang.InterruptedException: sleep interrupted
2019-07-13 19:28:30,082 INFO  impl.LeaderElection (LeaderElection.java:logAndReturn(56)) - 6d67d047-43fa-44c3-a5c1-93138c27aeb7:group-64F343D4F2D0:LeaderElection10: Election PASSED; received 1 response(s) [6d67d047-43fa-44c3-a5c1-93138c27aeb7<-a2675045-aace-44ca-bb65-8a5f92450560#0:OK-t1] and 0 exception(s); 6d67d047-43fa-44c3-a5c1-93138c27aeb7:t1, leader=null, voted=6d67d047-43fa-44c3-a5c1-93138c27aeb7, raftlog=6d67d047-43fa-44c3-a5c1-93138c27aeb7-SegmentedRaftLog:OPENED:c-1,f-1,i0, conf=-1: [579aa93c-41e7-4ba5-b82c-9c867bfee119:192.168.69.122:34716, 6d67d047-43fa-44c3-a5c1-93138c27aeb7:192.168.69.122:35782, a2675045-aace-44ca-bb65-8a5f92450560:192.168.69.122:46397], old=null
2019-07-13 19:28:30,083 INFO  impl.RoleInfo (RoleInfo.java:shutdownLeaderElection(134)) - 6d67d047-43fa-44c3-a5c1-93138c27aeb7: shutdown LeaderElection
2019-07-13 19:28:30,086 INFO  impl.RaftServerImpl (RaftServerImpl.java:setRole(171)) - 6d67d047-43fa-44c3-a5c1-93138c27aeb7:group-64F343D4F2D0 changes role from CANDIDATE to LEADER at term 1 for changeToLeader
2019-07-13 19:28:30,087 INFO  impl.RaftServerImpl (ServerState.java:setLeader(263)) - 6d67d047-43fa-44c3-a5c1-93138c27aeb7:group-64F343D4F2D0 change Leader from null to 6d67d047-43fa-44c3-a5c1-93138c27aeb7 at term 1 for becomeLeader, leader elected after 5160ms
2019-07-13 19:28:30,088 INFO  server.RaftServerConfigKeys (ConfUtils.java:logGet(43)) - raft.server.staging.catchup.gap = 1000 (default)
2019-07-13 19:28:30,088 INFO  server.RaftServerConfigKeys (ConfUtils.java:logGet(43)) - raft.server.rpc.sleep.time = 25ms (default)
2019-07-13 19:28:30,088 INFO  server.RaftServerConfigKeys (ConfUtils.java:logGet(43)) - raft.server.write.element-limit = 4096 (default)
2019-07-13 19:28:30,089 INFO  server.RaftServerConfigKeys (ConfUtils.java:logGet(43)) - raft.server.watch.timeout = 10s (default)
2019-07-13 19:28:30,089 INFO  server.RaftServerConfigKeys (ConfUtils.java:logGet(43)) - raft.server.watch.timeout.denomination = 1s (default)
2019-07-13 19:28:30,089 INFO  server.RaftServerConfigKeys (ConfUtils.java:logGet(43)) - raft.server.watch.element-limit = 65536 (default)
2019-07-13 19:28:30,090 INFO  server.RaftServerConfigKeys (ConfUtils.java:logGet(43)) - raft.server.log.appender.snapshot.chunk.size.max = 16MB (=16777216) (default)
2019-07-13 19:28:30,090 INFO  server.RaftServerConfigKeys (ConfUtils.java:logGet(43)) - raft.server.log.appender.buffer.byte-limit = 33554432 (custom)
2019-07-13 19:28:30,090 INFO  server.RaftServerConfigKeys (ConfUtils.java:logGet(43)) - raft.server.log.appender.buffer.element-limit = 1 (custom)
2019-07-13 19:28:30,091 INFO  impl.RaftServerImpl (ServerState.java:setRaftConf(361)) - 641a3f2a-10d0-4978-9d9f-4af2391f0f09:group-11C239CA1CFB set configuration 0: [641a3f2a-10d0-4978-9d9f-4af2391f0f09:192.168.69.122:35732, ee58ed2e-2e4c-4f98-b1c8-8f92b90669dd:192.168.69.122:38562, ae3df460-8e6c-40f9-a646-080cc91d539e:192.168.69.122:42161], old=null at 0
2019-07-13 19:28:30,091 INFO  grpc.GrpcConfigKeys$Server (ConfUtils.java:logGet(43)) - raft.grpc.server.leader.outstanding.appends.max = 128 (default)
2019-07-13 19:28:30,091 INFO  impl.RaftServerImpl (ServerState.java:setRaftConf(361)) - ae3df460-8e6c-40f9-a646-080cc91d539e:group-11C239CA1CFB set configuration 0: [641a3f2a-10d0-4978-9d9f-4af2391f0f09:192.168.69.122:35732, ee58ed2e-2e4c-4f98-b1c8-8f92b90669dd:192.168.69.122:38562, ae3df460-8e6c-40f9-a646-080cc91d539e:192.168.69.122:42161], old=null at 0
2019-07-13 19:28:30,092 INFO  server.RaftServerConfigKeys (ConfUtils.java:logGet(43)) - raft.server.rpc.request.timeout = 3000ms (default)
2019-07-13 19:28:30,092 INFO  segmented.SegmentedRaftLogWorker (SegmentedRaftLogWorker.java:startLogSegment(380)) - 641a3f2a-10d0-4978-9d9f-4af2391f0f09-SegmentedRaftLogWorker:Storage Directory /tmp/workdir/hadoop-ozone/integration-test/target/test-dir/MiniOzoneClusterImpl-8870e792-62d6-436f-b6cb-4a829b9a395c/datanode-0/data/ratis/fe0836c3-cbde-4fcc-9714-11c239ca1cfb: Starting segment from index:0
2019-07-13 19:28:30,093 INFO  server.RaftServerConfigKeys (ConfUtils.java:logGet(43)) - raft.server.log.appender.install.snapshot.enabled = false (custom)
2019-07-13 19:28:30,093 INFO  segmented.SegmentedRaftLogWorker (SegmentedRaftLogWorker.java:startLogSegment(380)) - ae3df460-8e6c-40f9-a646-080cc91d539e-SegmentedRaftLogWorker:Storage Directory /tmp/workdir/hadoop-ozone/integration-test/target/test-dir/MiniOzoneClusterImpl-8870e792-62d6-436f-b6cb-4a829b9a395c/datanode-3/data/ratis/fe0836c3-cbde-4fcc-9714-11c239ca1cfb: Starting segment from index:0
2019-07-13 19:28:30,093 INFO  server.RaftServerConfigKeys (ConfUtils.java:logGet(43)) - raft.server.log.appender.snapshot.chunk.size.max = 16MB (=16777216) (default)
2019-07-13 19:28:30,094 INFO  server.RaftServerConfigKeys (ConfUtils.java:logGet(43)) - raft.server.log.appender.buffer.byte-limit = 33554432 (custom)
2019-07-13 19:28:30,094 INFO  server.RaftServerConfigKeys (ConfUtils.java:logGet(43)) - raft.server.log.appender.buffer.element-limit = 1 (custom)
2019-07-13 19:28:30,094 INFO  grpc.GrpcConfigKeys$Server (ConfUtils.java:logGet(43)) - raft.grpc.server.leader.outstanding.appends.max = 128 (default)
2019-07-13 19:28:30,095 INFO  server.RaftServerConfigKeys (ConfUtils.java:logGet(43)) - raft.server.rpc.request.timeout = 3000ms (default)
2019-07-13 19:28:30,095 INFO  server.RaftServerConfigKeys (ConfUtils.java:logGet(43)) - raft.server.log.appender.install.snapshot.enabled = false (custom)
2019-07-13 19:28:30,095 INFO  impl.RoleInfo (RoleInfo.java:updateAndGet(143)) - 6d67d047-43fa-44c3-a5c1-93138c27aeb7: start LeaderState
2019-07-13 19:28:30,095 INFO  segmented.SegmentedRaftLogWorker (SegmentedRaftLogWorker.java:startLogSegment(380)) - 6d67d047-43fa-44c3-a5c1-93138c27aeb7-SegmentedRaftLogWorker:Storage Directory /tmp/workdir/hadoop-ozone/integration-test/target/test-dir/MiniOzoneClusterImpl-8870e792-62d6-436f-b6cb-4a829b9a395c/datanode-4/data/ratis/0e4f8128-1211-435c-874d-64f343d4f2d0: Starting segment from index:0
2019-07-13 19:28:30,099 INFO  impl.RaftServerImpl (ServerState.java:setRaftConf(361)) - 6d67d047-43fa-44c3-a5c1-93138c27aeb7:group-64F343D4F2D0 set configuration 0: [579aa93c-41e7-4ba5-b82c-9c867bfee119:192.168.69.122:34716, 6d67d047-43fa-44c3-a5c1-93138c27aeb7:192.168.69.122:35782, a2675045-aace-44ca-bb65-8a5f92450560:192.168.69.122:46397], old=null at 0
2019-07-13 19:28:30,128 INFO  impl.RaftServerImpl (ServerState.java:setLeader(263)) - a2675045-aace-44ca-bb65-8a5f92450560:group-64F343D4F2D0 change Leader from null to 6d67d047-43fa-44c3-a5c1-93138c27aeb7 at term 1 for appendEntries, leader elected after 5201ms
2019-07-13 19:28:30,128 INFO  impl.RaftServerImpl (ServerState.java:setLeader(263)) - 579aa93c-41e7-4ba5-b82c-9c867bfee119:group-64F343D4F2D0 change Leader from null to 6d67d047-43fa-44c3-a5c1-93138c27aeb7 at term 1 for appendEntries, leader elected after 5199ms
2019-07-13 19:28:30,132 INFO  segmented.SegmentedRaftLogWorker (SegmentedRaftLogWorker.java:execute(569)) - ae3df460-8e6c-40f9-a646-080cc91d539e-SegmentedRaftLogWorker:Storage Directory /tmp/workdir/hadoop-ozone/integration-test/target/test-dir/MiniOzoneClusterImpl-8870e792-62d6-436f-b6cb-4a829b9a395c/datanode-3/data/ratis/fe0836c3-cbde-4fcc-9714-11c239ca1cfb: created new log segment /tmp/workdir/hadoop-ozone/integration-test/target/test-dir/MiniOzoneClusterImpl-8870e792-62d6-436f-b6cb-4a829b9a395c/datanode-3/data/ratis/fe0836c3-cbde-4fcc-9714-11c239ca1cfb/current/log_inprogress_0
2019-07-13 19:28:30,132 INFO  segmented.SegmentedRaftLogWorker (SegmentedRaftLogWorker.java:execute(569)) - 6d67d047-43fa-44c3-a5c1-93138c27aeb7-SegmentedRaftLogWorker:Storage Directory /tmp/workdir/hadoop-ozone/integration-test/target/test-dir/MiniOzoneClusterImpl-8870e792-62d6-436f-b6cb-4a829b9a395c/datanode-4/data/ratis/0e4f8128-1211-435c-874d-64f343d4f2d0: created new log segment /tmp/workdir/hadoop-ozone/integration-test/target/test-dir/MiniOzoneClusterImpl-8870e792-62d6-436f-b6cb-4a829b9a395c/datanode-4/data/ratis/0e4f8128-1211-435c-874d-64f343d4f2d0/current/log_inprogress_0
2019-07-13 19:28:30,132 INFO  segmented.SegmentedRaftLogWorker (SegmentedRaftLogWorker.java:execute(569)) - 641a3f2a-10d0-4978-9d9f-4af2391f0f09-SegmentedRaftLogWorker:Storage Directory /tmp/workdir/hadoop-ozone/integration-test/target/test-dir/MiniOzoneClusterImpl-8870e792-62d6-436f-b6cb-4a829b9a395c/datanode-0/data/ratis/fe0836c3-cbde-4fcc-9714-11c239ca1cfb: created new log segment /tmp/workdir/hadoop-ozone/integration-test/target/test-dir/MiniOzoneClusterImpl-8870e792-62d6-436f-b6cb-4a829b9a395c/datanode-0/data/ratis/fe0836c3-cbde-4fcc-9714-11c239ca1cfb/current/log_inprogress_0
2019-07-13 19:28:30,135 INFO  impl.RaftServerImpl (ServerState.java:setRaftConf(361)) - 579aa93c-41e7-4ba5-b82c-9c867bfee119:group-64F343D4F2D0 set configuration 0: [579aa93c-41e7-4ba5-b82c-9c867bfee119:192.168.69.122:34716, 6d67d047-43fa-44c3-a5c1-93138c27aeb7:192.168.69.122:35782, a2675045-aace-44ca-bb65-8a5f92450560:192.168.69.122:46397], old=null at 0
2019-07-13 19:28:30,136 INFO  impl.RaftServerImpl (ServerState.java:setRaftConf(361)) - a2675045-aace-44ca-bb65-8a5f92450560:group-64F343D4F2D0 set configuration 0: [579aa93c-41e7-4ba5-b82c-9c867bfee119:192.168.69.122:34716, 6d67d047-43fa-44c3-a5c1-93138c27aeb7:192.168.69.122:35782, a2675045-aace-44ca-bb65-8a5f92450560:192.168.69.122:46397], old=null at 0
2019-07-13 19:28:30,138 INFO  segmented.SegmentedRaftLogWorker (SegmentedRaftLogWorker.java:startLogSegment(380)) - 579aa93c-41e7-4ba5-b82c-9c867bfee119-SegmentedRaftLogWorker:Storage Directory /tmp/workdir/hadoop-ozone/integration-test/target/test-dir/MiniOzoneClusterImpl-8870e792-62d6-436f-b6cb-4a829b9a395c/datanode-2/data/ratis/0e4f8128-1211-435c-874d-64f343d4f2d0: Starting segment from index:0
2019-07-13 19:28:30,138 INFO  segmented.SegmentedRaftLogWorker (SegmentedRaftLogWorker.java:startLogSegment(380)) - a2675045-aace-44ca-bb65-8a5f92450560-SegmentedRaftLogWorker:Storage Directory /tmp/workdir/hadoop-ozone/integration-test/target/test-dir/MiniOzoneClusterImpl-8870e792-62d6-436f-b6cb-4a829b9a395c/datanode-5/data/ratis/0e4f8128-1211-435c-874d-64f343d4f2d0: Starting segment from index:0
2019-07-13 19:28:30,172 INFO  segmented.SegmentedRaftLogWorker (SegmentedRaftLogWorker.java:execute(569)) - 579aa93c-41e7-4ba5-b82c-9c867bfee119-SegmentedRaftLogWorker:Storage Directory /tmp/workdir/hadoop-ozone/integration-test/target/test-dir/MiniOzoneClusterImpl-8870e792-62d6-436f-b6cb-4a829b9a395c/datanode-2/data/ratis/0e4f8128-1211-435c-874d-64f343d4f2d0: created new log segment /tmp/workdir/hadoop-ozone/integration-test/target/test-dir/MiniOzoneClusterImpl-8870e792-62d6-436f-b6cb-4a829b9a395c/datanode-2/data/ratis/0e4f8128-1211-435c-874d-64f343d4f2d0/current/log_inprogress_0
2019-07-13 19:28:30,172 INFO  segmented.SegmentedRaftLogWorker (SegmentedRaftLogWorker.java:execute(569)) - a2675045-aace-44ca-bb65-8a5f92450560-SegmentedRaftLogWorker:Storage Directory /tmp/workdir/hadoop-ozone/integration-test/target/test-dir/MiniOzoneClusterImpl-8870e792-62d6-436f-b6cb-4a829b9a395c/datanode-5/data/ratis/0e4f8128-1211-435c-874d-64f343d4f2d0: created new log segment /tmp/workdir/hadoop-ozone/integration-test/target/test-dir/MiniOzoneClusterImpl-8870e792-62d6-436f-b6cb-4a829b9a395c/datanode-5/data/ratis/0e4f8128-1211-435c-874d-64f343d4f2d0/current/log_inprogress_0
2019-07-13 19:28:30,360 INFO  client.GrpcClientProtocolClient (GrpcClientProtocolClient.java:onNext(255)) - client-71D6DD91D631->ee58ed2e-2e4c-4f98-b1c8-8f92b90669dd: receive RaftClientReply:client-71D6DD91D631->ee58ed2e-2e4c-4f98-b1c8-8f92b90669dd@group-11C239CA1CFB, cid=13, SUCCESS, logIndex=1, commits[ee58ed2e-2e4c-4f98-b1c8-8f92b90669dd:c1, 641a3f2a-10d0-4978-9d9f-4af2391f0f09:c0, ae3df460-8e6c-40f9-a646-080cc91d539e:c0]
2019-07-13 19:28:30,397 INFO  client.GrpcClientProtocolClient (GrpcClientProtocolClient.java:onNext(255)) - client-71D6DD91D631->ee58ed2e-2e4c-4f98-b1c8-8f92b90669dd: receive RaftClientReply:client-71D6DD91D631->ee58ed2e-2e4c-4f98-b1c8-8f92b90669dd@group-11C239CA1CFB, cid=14, SUCCESS, logIndex=3, commits[ee58ed2e-2e4c-4f98-b1c8-8f92b90669dd:c3, 641a3f2a-10d0-4978-9d9f-4af2391f0f09:c2, ae3df460-8e6c-40f9-a646-080cc91d539e:c2]
2019-07-13 19:28:30,472 INFO  client.GrpcClientProtocolClient (GrpcClientProtocolClient.java:onNext(255)) - client-71D6DD91D631->ee58ed2e-2e4c-4f98-b1c8-8f92b90669dd: receive RaftClientReply:client-71D6DD91D631->ee58ed2e-2e4c-4f98-b1c8-8f92b90669dd@group-11C239CA1CFB, cid=15, SUCCESS, logIndex=4, commits[ee58ed2e-2e4c-4f98-b1c8-8f92b90669dd:c12, 641a3f2a-10d0-4978-9d9f-4af2391f0f09:c8, ae3df460-8e6c-40f9-a646-080cc91d539e:c8]
2019-07-13 19:28:30,478 INFO  client.GrpcClientProtocolClient (GrpcClientProtocolClient.java:onNext(255)) - client-71D6DD91D631->ee58ed2e-2e4c-4f98-b1c8-8f92b90669dd: receive RaftClientReply:client-71D6DD91D631->ee58ed2e-2e4c-4f98-b1c8-8f92b90669dd@group-11C239CA1CFB, cid=16, SUCCESS, logIndex=5, commits[ee58ed2e-2e4c-4f98-b1c8-8f92b90669dd:c12, 641a3f2a-10d0-4978-9d9f-4af2391f0f09:c8, ae3df460-8e6c-40f9-a646-080cc91d539e:c8]
2019-07-13 19:28:30,479 INFO  client.GrpcClientProtocolClient (GrpcClientProtocolClient.java:onNext(255)) - client-71D6DD91D631->ee58ed2e-2e4c-4f98-b1c8-8f92b90669dd: receive RaftClientReply:client-71D6DD91D631->ee58ed2e-2e4c-4f98-b1c8-8f92b90669dd@group-11C239CA1CFB, cid=17, SUCCESS, logIndex=7, commits[ee58ed2e-2e4c-4f98-b1c8-8f92b90669dd:c12, 641a3f2a-10d0-4978-9d9f-4af2391f0f09:c8, ae3df460-8e6c-40f9-a646-080cc91d539e:c8]
2019-07-13 19:28:30,557 INFO  client.GrpcClientProtocolClient (GrpcClientProtocolClient.java:onNext(255)) - client-71D6DD91D631->ee58ed2e-2e4c-4f98-b1c8-8f92b90669dd: receive RaftClientReply:client-71D6DD91D631->ee58ed2e-2e4c-4f98-b1c8-8f92b90669dd@group-11C239CA1CFB, cid=18, SUCCESS, logIndex=8, commits[ee58ed2e-2e4c-4f98-b1c8-8f92b90669dd:c12, 641a3f2a-10d0-4978-9d9f-4af2391f0f09:c8, ae3df460-8e6c-40f9-a646-080cc91d539e:c8]
2019-07-13 19:28:30,567 INFO  pipeline.SCMPipelineManager (SCMPipelineManager.java:finalizeAndDestroyPipeline(309)) - destroying pipeline:Pipeline[ Id: fe0836c3-cbde-4fcc-9714-11c239ca1cfb, Nodes: ae3df460-8e6c-40f9-a646-080cc91d539e{ip: 192.168.69.122, host: trunk-nightly-fxqsz-774976932, networkLocation: /default-rack, certSerialId: null}641a3f2a-10d0-4978-9d9f-4af2391f0f09{ip: 192.168.69.122, host: trunk-nightly-fxqsz-774976932, networkLocation: /default-rack, certSerialId: null}ee58ed2e-2e4c-4f98-b1c8-8f92b90669dd{ip: 192.168.69.122, host: trunk-nightly-fxqsz-774976932, networkLocation: /default-rack, certSerialId: null}, Type:RATIS, Factor:THREE, State:OPEN]
2019-07-13 19:28:30,568 INFO  pipeline.PipelineStateManager (PipelineStateManager.java:finalizePipeline(123)) - Pipeline Pipeline[ Id: fe0836c3-cbde-4fcc-9714-11c239ca1cfb, Nodes: ae3df460-8e6c-40f9-a646-080cc91d539e{ip: 192.168.69.122, host: trunk-nightly-fxqsz-774976932, networkLocation: /default-rack, certSerialId: null}641a3f2a-10d0-4978-9d9f-4af2391f0f09{ip: 192.168.69.122, host: trunk-nightly-fxqsz-774976932, networkLocation: /default-rack, certSerialId: null}ee58ed2e-2e4c-4f98-b1c8-8f92b90669dd{ip: 192.168.69.122, host: trunk-nightly-fxqsz-774976932, networkLocation: /default-rack, certSerialId: null}, Type:RATIS, Factor:THREE, State:CLOSED] moved to CLOSED state
2019-07-13 19:28:30,569 INFO  container.CloseContainerEventHandler (CloseContainerEventHandler.java:onMessage(61)) - Close container Event triggered for container : #1
2019-07-13 19:28:30,589 INFO  impl.RaftServerProxy (RaftServerProxy.java:remove(95)) - ae3df460-8e6c-40f9-a646-080cc91d539e: remove FOLLOWER group-11C239CA1CFB ae3df460-8e6c-40f9-a646-080cc91d539e:t1, leader=ee58ed2e-2e4c-4f98-b1c8-8f92b90669dd, voted=ae3df460-8e6c-40f9-a646-080cc91d539e, raftlog=ae3df460-8e6c-40f9-a646-080cc91d539e-SegmentedRaftLog:OPENED:c8,f12,i12, conf=0: [641a3f2a-10d0-4978-9d9f-4af2391f0f09:192.168.69.122:35732, ee58ed2e-2e4c-4f98-b1c8-8f92b90669dd:192.168.69.122:38562, ae3df460-8e6c-40f9-a646-080cc91d539e:192.168.69.122:42161], old=null RUNNING
2019-07-13 19:28:30,593 INFO  impl.RaftServerImpl (RaftServerImpl.java:lambda$shutdown$3(245)) - ae3df460-8e6c-40f9-a646-080cc91d539e: shutdown group-11C239CA1CFB
2019-07-13 19:28:30,593 INFO  util.JmxRegister (JmxRegister.java:unregister(73)) - Successfully un-registered JMX Bean with object name Ratis:service=RaftServer,group=group-11C239CA1CFB,id=ae3df460-8e6c-40f9-a646-080cc91d539e
2019-07-13 19:28:30,593 INFO  impl.RoleInfo (RoleInfo.java:shutdownFollowerState(121)) - ae3df460-8e6c-40f9-a646-080cc91d539e: shutdown FollowerState
2019-07-13 19:28:30,594 INFO  impl.StateMachineUpdater (StateMachineUpdater.java:stopAndJoin(115)) - StateMachineUpdater:ae3df460-8e6c-40f9-a646-080cc91d539e:group-11C239CA1CFB: set stopIndex = 8
2019-07-13 19:28:30,594 INFO  ratis.ContainerStateMachine (ContainerStateMachine.java:takeSnapshot(246)) - Taking snapshot at termIndex:(t:1, i:8)
2019-07-13 19:28:30,594 INFO  impl.FollowerState (FollowerState.java:run(114)) - ae3df460-8e6c-40f9-a646-080cc91d539e: FollowerState was interrupted: java.lang.InterruptedException: sleep interrupted
2019-07-13 19:28:30,596 INFO  ratis.ContainerStateMachine (ContainerStateMachine.java:takeSnapshot(250)) - Taking a snapshot to file /tmp/workdir/hadoop-ozone/integration-test/target/test-dir/MiniOzoneClusterImpl-8870e792-62d6-436f-b6cb-4a829b9a395c/datanode-3/data/ratis/fe0836c3-cbde-4fcc-9714-11c239ca1cfb/sm/snapshot.1_8
2019-07-13 19:28:30,610 INFO  impl.StateMachineUpdater (StateMachineUpdater.java:takeSnapshot(242)) - StateMachineUpdater:ae3df460-8e6c-40f9-a646-080cc91d539e:group-11C239CA1CFB: Took a snapshot at index 8
2019-07-13 19:28:30,612 INFO  impl.StateMachineUpdater (StateMachineUpdater.java:lambda$new$0(80)) - StateMachineUpdater:ae3df460-8e6c-40f9-a646-080cc91d539e:group-11C239CA1CFB: snapshotIndex: updateIncreasingly -1 -> 8
2019-07-13 19:28:30,617 INFO  impl.RaftServerImpl (ServerState.java:close(394)) - ae3df460-8e6c-40f9-a646-080cc91d539e:group-11C239CA1CFB closes. The last applied log index is 8
2019-07-13 19:28:30,619 INFO  segmented.SegmentedRaftLogWorker (SegmentedRaftLogWorker.java:run(313)) - ae3df460-8e6c-40f9-a646-080cc91d539e-SegmentedRaftLogWorker:Storage Directory /tmp/workdir/hadoop-ozone/integration-test/target/test-dir/MiniOzoneClusterImpl-8870e792-62d6-436f-b6cb-4a829b9a395c/datanode-3/data/ratis/fe0836c3-cbde-4fcc-9714-11c239ca1cfb was interrupted, exiting. There are 0 tasks remaining in the queue.
2019-07-13 19:28:30,621 INFO  segmented.SegmentedRaftLogWorker (SegmentedRaftLogWorker.java:close(228)) - ae3df460-8e6c-40f9-a646-080cc91d539e-SegmentedRaftLogWorker:Storage Directory /tmp/workdir/hadoop-ozone/integration-test/target/test-dir/MiniOzoneClusterImpl-8870e792-62d6-436f-b6cb-4a829b9a395c/datanode-3/data/ratis/fe0836c3-cbde-4fcc-9714-11c239ca1cfb close()
2019-07-13 19:28:30,644 INFO  impl.RaftServerProxy (RaftServerProxy.java:remove(95)) - 641a3f2a-10d0-4978-9d9f-4af2391f0f09: remove FOLLOWER group-11C239CA1CFB 641a3f2a-10d0-4978-9d9f-4af2391f0f09:t1, leader=ee58ed2e-2e4c-4f98-b1c8-8f92b90669dd, voted=ee58ed2e-2e4c-4f98-b1c8-8f92b90669dd, raftlog=641a3f2a-10d0-4978-9d9f-4af2391f0f09-SegmentedRaftLog:OPENED:c8,f12,i12, conf=0: [641a3f2a-10d0-4978-9d9f-4af2391f0f09:192.168.69.122:35732, ee58ed2e-2e4c-4f98-b1c8-8f92b90669dd:192.168.69.122:38562, ae3df460-8e6c-40f9-a646-080cc91d539e:192.168.69.122:42161], old=null RUNNING
2019-07-13 19:28:30,644 INFO  impl.RaftServerImpl (RaftServerImpl.java:lambda$shutdown$3(245)) - 641a3f2a-10d0-4978-9d9f-4af2391f0f09: shutdown group-11C239CA1CFB
2019-07-13 19:28:30,645 INFO  util.JmxRegister (JmxRegister.java:unregister(73)) - Successfully un-registered JMX Bean with object name Ratis:service=RaftServer,group=group-11C239CA1CFB,id=641a3f2a-10d0-4978-9d9f-4af2391f0f09
2019-07-13 19:28:30,645 INFO  impl.RoleInfo (RoleInfo.java:shutdownFollowerState(121)) - 641a3f2a-10d0-4978-9d9f-4af2391f0f09: shutdown FollowerState
2019-07-13 19:28:30,645 INFO  impl.StateMachineUpdater (StateMachineUpdater.java:stopAndJoin(115)) - StateMachineUpdater:641a3f2a-10d0-4978-9d9f-4af2391f0f09:group-11C239CA1CFB: set stopIndex = 8
2019-07-13 19:28:30,645 INFO  impl.FollowerState (FollowerState.java:run(114)) - 641a3f2a-10d0-4978-9d9f-4af2391f0f09: FollowerState was interrupted: java.lang.InterruptedException: sleep interrupted
2019-07-13 19:28:30,645 INFO  ratis.ContainerStateMachine (ContainerStateMachine.java:takeSnapshot(246)) - Taking snapshot at termIndex:(t:1, i:8)
2019-07-13 19:28:30,649 INFO  ratis.ContainerStateMachine (ContainerStateMachine.java:takeSnapshot(250)) - Taking a snapshot to file /tmp/workdir/hadoop-ozone/integration-test/target/test-dir/MiniOzoneClusterImpl-8870e792-62d6-436f-b6cb-4a829b9a395c/datanode-0/data/ratis/fe0836c3-cbde-4fcc-9714-11c239ca1cfb/sm/snapshot.1_8
2019-07-13 19:28:30,650 INFO  impl.StateMachineUpdater (StateMachineUpdater.java:takeSnapshot(242)) - StateMachineUpdater:641a3f2a-10d0-4978-9d9f-4af2391f0f09:group-11C239CA1CFB: Took a snapshot at index 8
2019-07-13 19:28:30,650 INFO  impl.StateMachineUpdater (StateMachineUpdater.java:lambda$new$0(80)) - StateMachineUpdater:641a3f2a-10d0-4978-9d9f-4af2391f0f09:group-11C239CA1CFB: snapshotIndex: updateIncreasingly -1 -> 8
2019-07-13 19:28:30,650 INFO  impl.RaftServerImpl (ServerState.java:close(394)) - 641a3f2a-10d0-4978-9d9f-4af2391f0f09:group-11C239CA1CFB closes. The last applied log index is 8
2019-07-13 19:28:30,651 INFO  segmented.SegmentedRaftLogWorker (SegmentedRaftLogWorker.java:run(313)) - 641a3f2a-10d0-4978-9d9f-4af2391f0f09-SegmentedRaftLogWorker:Storage Directory /tmp/workdir/hadoop-ozone/integration-test/target/test-dir/MiniOzoneClusterImpl-8870e792-62d6-436f-b6cb-4a829b9a395c/datanode-0/data/ratis/fe0836c3-cbde-4fcc-9714-11c239ca1cfb was interrupted, exiting. There are 0 tasks remaining in the queue.
2019-07-13 19:28:30,652 INFO  segmented.SegmentedRaftLogWorker (SegmentedRaftLogWorker.java:close(228)) - 641a3f2a-10d0-4978-9d9f-4af2391f0f09-SegmentedRaftLogWorker:Storage Directory /tmp/workdir/hadoop-ozone/integration-test/target/test-dir/MiniOzoneClusterImpl-8870e792-62d6-436f-b6cb-4a829b9a395c/datanode-0/data/ratis/fe0836c3-cbde-4fcc-9714-11c239ca1cfb close()
2019-07-13 19:28:30,670 INFO  impl.RaftServerProxy (RaftServerProxy.java:remove(95)) - ee58ed2e-2e4c-4f98-b1c8-8f92b90669dd: remove   LEADER group-11C239CA1CFB ee58ed2e-2e4c-4f98-b1c8-8f92b90669dd:t1, leader=ee58ed2e-2e4c-4f98-b1c8-8f92b90669dd, voted=ee58ed2e-2e4c-4f98-b1c8-8f92b90669dd, raftlog=ee58ed2e-2e4c-4f98-b1c8-8f92b90669dd-SegmentedRaftLog:OPENED:c12,f12,i12, conf=0: [641a3f2a-10d0-4978-9d9f-4af2391f0f09:192.168.69.122:35732, ee58ed2e-2e4c-4f98-b1c8-8f92b90669dd:192.168.69.122:38562, ae3df460-8e6c-40f9-a646-080cc91d539e:192.168.69.122:42161], old=null RUNNING
2019-07-13 19:28:30,670 INFO  impl.RaftServerImpl (RaftServerImpl.java:lambda$shutdown$3(245)) - ee58ed2e-2e4c-4f98-b1c8-8f92b90669dd: shutdown group-11C239CA1CFB
2019-07-13 19:28:30,670 INFO  util.JmxRegister (JmxRegister.java:unregister(73)) - Successfully un-registered JMX Bean with object name Ratis:service=RaftServer,group=group-11C239CA1CFB,id=ee58ed2e-2e4c-4f98-b1c8-8f92b90669dd
2019-07-13 19:28:30,670 INFO  impl.RoleInfo (RoleInfo.java:shutdownLeaderState(104)) - ee58ed2e-2e4c-4f98-b1c8-8f92b90669dd: shutdown LeaderState
2019-07-13 19:28:30,674 INFO  impl.PendingRequests (PendingRequests.java:sendNotLeaderResponses(202)) - ee58ed2e-2e4c-4f98-b1c8-8f92b90669dd-PendingRequests: sendNotLeaderResponses
2019-07-13 19:28:30,674 WARN  server.GrpcLogAppender (GrpcLogAppender.java:mayWait(143)) - GrpcLogAppender(ee58ed2e-2e4c-4f98-b1c8-8f92b90669dd->641a3f2a-10d0-4978-9d9f-4af2391f0f09): Wait interrupted by java.lang.InterruptedException
2019-07-13 19:28:30,674 WARN  server.GrpcLogAppender (GrpcLogAppender.java:mayWait(143)) - GrpcLogAppender(ee58ed2e-2e4c-4f98-b1c8-8f92b90669dd->ae3df460-8e6c-40f9-a646-080cc91d539e): Wait interrupted by java.lang.InterruptedException
2019-07-13 19:28:30,688 INFO  server.GrpcServerProtocolService (GrpcServerProtocolService.java:onCompleted(104)) - ae3df460-8e6c-40f9-a646-080cc91d539e: appendEntries completed
2019-07-13 19:28:30,688 INFO  server.GrpcServerProtocolService (GrpcServerProtocolService.java:onCompleted(104)) - 641a3f2a-10d0-4978-9d9f-4af2391f0f09: appendEntries completed
2019-07-13 19:28:30,691 INFO  server.GrpcLogAppender (GrpcLogAppender.java:onCompleted(292)) - ee58ed2e-2e4c-4f98-b1c8-8f92b90669dd->ae3df460-8e6c-40f9-a646-080cc91d539e: follower responses appendEntries COMPLETED
2019-07-13 19:28:30,693 INFO  server.GrpcLogAppender (GrpcLogAppender.java:onCompleted(292)) - ee58ed2e-2e4c-4f98-b1c8-8f92b90669dd->641a3f2a-10d0-4978-9d9f-4af2391f0f09: follower responses appendEntries COMPLETED
2019-07-13 19:28:30,697 INFO  impl.FollowerInfo (FollowerInfo.java:lambda$new$0(50)) - ee58ed2e-2e4c-4f98-b1c8-8f92b90669dd->ae3df460-8e6c-40f9-a646-080cc91d539e: nextIndex: updateUnconditionally 13 -> 12
2019-07-13 19:28:30,697 INFO  impl.FollowerInfo (FollowerInfo.java:lambda$new$0(50)) - ee58ed2e-2e4c-4f98-b1c8-8f92b90669dd->641a3f2a-10d0-4978-9d9f-4af2391f0f09: nextIndex: updateUnconditionally 13 -> 12
2019-07-13 19:28:30,702 INFO  impl.StateMachineUpdater (StateMachineUpdater.java:stopAndJoin(115)) - StateMachineUpdater:ee58ed2e-2e4c-4f98-b1c8-8f92b90669dd:group-11C239CA1CFB: set stopIndex = 12
2019-07-13 19:28:30,702 INFO  ratis.ContainerStateMachine (ContainerStateMachine.java:takeSnapshot(246)) - Taking snapshot at termIndex:(t:1, i:12)
2019-07-13 19:28:30,702 INFO  ratis.ContainerStateMachine (ContainerStateMachine.java:takeSnapshot(250)) - Taking a snapshot to file /tmp/workdir/hadoop-ozone/integration-test/target/test-dir/MiniOzoneClusterImpl-8870e792-62d6-436f-b6cb-4a829b9a395c/datanode-6/data/ratis/fe0836c3-cbde-4fcc-9714-11c239ca1cfb/sm/snapshot.1_12
2019-07-13 19:28:30,702 INFO  impl.StateMachineUpdater (StateMachineUpdater.java:takeSnapshot(242)) - StateMachineUpdater:ee58ed2e-2e4c-4f98-b1c8-8f92b90669dd:group-11C239CA1CFB: Took a snapshot at index 12
2019-07-13 19:28:30,702 INFO  impl.StateMachineUpdater (StateMachineUpdater.java:lambda$new$0(80)) - StateMachineUpdater:ee58ed2e-2e4c-4f98-b1c8-8f92b90669dd:group-11C239CA1CFB: snapshotIndex: updateIncreasingly -1 -> 12
2019-07-13 19:28:30,704 INFO  impl.RaftServerImpl (ServerState.java:close(394)) - ee58ed2e-2e4c-4f98-b1c8-8f92b90669dd:group-11C239CA1CFB closes. The last applied log index is 12
2019-07-13 19:28:30,704 INFO  segmented.SegmentedRaftLogWorker (SegmentedRaftLogWorker.java:run(313)) - ee58ed2e-2e4c-4f98-b1c8-8f92b90669dd-SegmentedRaftLogWorker:Storage Directory /tmp/workdir/hadoop-ozone/integration-test/target/test-dir/MiniOzoneClusterImpl-8870e792-62d6-436f-b6cb-4a829b9a395c/datanode-6/data/ratis/fe0836c3-cbde-4fcc-9714-11c239ca1cfb was interrupted, exiting. There are 0 tasks remaining in the queue.
2019-07-13 19:28:30,706 INFO  segmented.SegmentedRaftLogWorker (SegmentedRaftLogWorker.java:close(228)) - ee58ed2e-2e4c-4f98-b1c8-8f92b90669dd-SegmentedRaftLogWorker:Storage Directory /tmp/workdir/hadoop-ozone/integration-test/target/test-dir/MiniOzoneClusterImpl-8870e792-62d6-436f-b6cb-4a829b9a395c/datanode-6/data/ratis/fe0836c3-cbde-4fcc-9714-11c239ca1cfb close()
2019-07-13 19:28:30,714 INFO  pipeline.PipelineStateManager (PipelineStateManager.java:removePipeline(108)) - Pipeline Pipeline[ Id: fe0836c3-cbde-4fcc-9714-11c239ca1cfb, Nodes: ae3df460-8e6c-40f9-a646-080cc91d539e{ip: 192.168.69.122, host: trunk-nightly-fxqsz-774976932, networkLocation: /default-rack, certSerialId: null}641a3f2a-10d0-4978-9d9f-4af2391f0f09{ip: 192.168.69.122, host: trunk-nightly-fxqsz-774976932, networkLocation: /default-rack, certSerialId: null}ee58ed2e-2e4c-4f98-b1c8-8f92b90669dd{ip: 192.168.69.122, host: trunk-nightly-fxqsz-774976932, networkLocation: /default-rack, certSerialId: null}, Type:RATIS, Factor:THREE, State:CLOSED] removed from db
2019-07-13 19:28:30,715 INFO  ratis.XceiverServerRatis (XceiverServerRatis.java:getPipelineIds(614)) - pipeline id PipelineID=b58f7032-399c-4226-b48d-7eee48995bdc
2019-07-13 19:28:30,716 INFO  ratis.XceiverServerRatis (XceiverServerRatis.java:getPipelineIds(614)) - pipeline id PipelineID=ba0a8666-fcd8-4311-9ab8-ebb9d456e335
2019-07-13 19:28:30,716 INFO  ratis.XceiverServerRatis (XceiverServerRatis.java:getPipelineIds(614)) - pipeline id PipelineID=b1cbba51-910f-436d-9847-9d108bbbe81f
2019-07-13 19:28:30,731 INFO  impl.RaftServerProxy (RaftServerProxy.java:addNew(89)) - 641a3f2a-10d0-4978-9d9f-4af2391f0f09: addNew group-97DA876A51F8:[641a3f2a-10d0-4978-9d9f-4af2391f0f09:192.168.69.122:35732, ee58ed2e-2e4c-4f98-b1c8-8f92b90669dd:192.168.69.122:38562, ae3df460-8e6c-40f9-a646-080cc91d539e:192.168.69.122:42161] returns group-97DA876A51F8:java.util.concurrent.CompletableFuture@33abcca2[Not completed]
2019-07-13 19:28:30,733 INFO  impl.RaftServerProxy (RaftServerProxy.java:addNew(89)) - ae3df460-8e6c-40f9-a646-080cc91d539e: addNew group-97DA876A51F8:[641a3f2a-10d0-4978-9d9f-4af2391f0f09:192.168.69.122:35732, ee58ed2e-2e4c-4f98-b1c8-8f92b90669dd:192.168.69.122:38562, ae3df460-8e6c-40f9-a646-080cc91d539e:192.168.69.122:42161] returns group-97DA876A51F8:java.util.concurrent.CompletableFuture@7c6c297e[Not completed]
2019-07-13 19:28:30,736 INFO  impl.RaftServerProxy (RaftServerProxy.java:addNew(89)) - ee58ed2e-2e4c-4f98-b1c8-8f92b90669dd: addNew group-97DA876A51F8:[641a3f2a-10d0-4978-9d9f-4af2391f0f09:192.168.69.122:35732, ee58ed2e-2e4c-4f98-b1c8-8f92b90669dd:192.168.69.122:38562, ae3df460-8e6c-40f9-a646-080cc91d539e:192.168.69.122:42161] returns group-97DA876A51F8:java.util.concurrent.CompletableFuture@6e07c8f0[Not completed]
2019-07-13 19:28:30,736 INFO  impl.RaftServerImpl (RaftServerImpl.java:<init>(93)) - ae3df460-8e6c-40f9-a646-080cc91d539e: new RaftServerImpl for group-97DA876A51F8:[641a3f2a-10d0-4978-9d9f-4af2391f0f09:192.168.69.122:35732, ee58ed2e-2e4c-4f98-b1c8-8f92b90669dd:192.168.69.122:38562, ae3df460-8e6c-40f9-a646-080cc91d539e:192.168.69.122:42161] with ContainerStateMachine:uninitialized
2019-07-13 19:28:30,736 INFO  server.RaftServerConfigKeys (ConfUtils.java:logGet(43)) - raft.server.rpc.timeout.min = 5s (custom)
2019-07-13 19:28:30,737 INFO  server.RaftServerConfigKeys (ConfUtils.java:logGet(43)) - raft.server.rpc.timeout.max = 5200ms (custom)
2019-07-13 19:28:30,737 INFO  server.RaftServerConfigKeys (ConfUtils.java:logGet(43)) - raft.server.rpcslowness.timeout = 120s (custom)
2019-07-13 19:28:30,737 INFO  server.RaftServerConfigKeys (ConfUtils.java:logGet(43)) - raft.server.sleep.deviation.threshold = 300 (default)
2019-07-13 19:28:30,737 INFO  server.RaftServerConfigKeys (ConfUtils.java:logGet(43)) - raft.server.log.appender.install.snapshot.enabled = false (custom)
2019-07-13 19:28:30,737 INFO  impl.RaftServerImpl (RaftServerImpl.java:<init>(93)) - 641a3f2a-10d0-4978-9d9f-4af2391f0f09: new RaftServerImpl for group-97DA876A51F8:[641a3f2a-10d0-4978-9d9f-4af2391f0f09:192.168.69.122:35732, ee58ed2e-2e4c-4f98-b1c8-8f92b90669dd:192.168.69.122:38562, ae3df460-8e6c-40f9-a646-080cc91d539e:192.168.69.122:42161] with ContainerStateMachine:uninitialized
2019-07-13 19:28:30,737 INFO  impl.RaftServerImpl (ServerState.java:<init>(105)) - ae3df460-8e6c-40f9-a646-080cc91d539e:group-97DA876A51F8 ConfigurationManager, init=-1: [641a3f2a-10d0-4978-9d9f-4af2391f0f09:192.168.69.122:35732, ee58ed2e-2e4c-4f98-b1c8-8f92b90669dd:192.168.69.122:38562, ae3df460-8e6c-40f9-a646-080cc91d539e:192.168.69.122:42161], old=null, confs=<EMPTY_MAP>
2019-07-13 19:28:30,737 INFO  server.RaftServerConfigKeys (ConfUtils.java:logGet(43)) - raft.server.rpc.timeout.min = 5s (custom)
2019-07-13 19:28:30,738 INFO  server.RaftServerConfigKeys (ConfUtils.java:logGet(43)) - raft.server.storage.dir = [/tmp/workdir/hadoop-ozone/integration-test/target/test-dir/MiniOzoneClusterImpl-8870e792-62d6-436f-b6cb-4a829b9a395c/datanode-3/data/ratis] (custom)
2019-07-13 19:28:30,738 INFO  server.RaftServerConfigKeys (ConfUtils.java:logGet(43)) - raft.server.rpc.timeout.max = 5200ms (custom)
2019-07-13 19:28:30,738 INFO  server.RaftServerConfigKeys (ConfUtils.java:logGet(43)) - raft.server.rpcslowness.timeout = 120s (custom)
2019-07-13 19:28:30,738 INFO  storage.RaftStorageDirectory (RaftStorageDirectory.java:analyzeStorage(246)) - The storage directory /tmp/workdir/hadoop-ozone/integration-test/target/test-dir/MiniOzoneClusterImpl-8870e792-62d6-436f-b6cb-4a829b9a395c/datanode-3/data/ratis/1c27161a-cfef-436d-818a-97da876a51f8 does not exist. Creating ...
2019-07-13 19:28:30,738 INFO  impl.RaftServerImpl (RaftServerImpl.java:<init>(93)) - ee58ed2e-2e4c-4f98-b1c8-8f92b90669dd: new RaftServerImpl for group-97DA876A51F8:[641a3f2a-10d0-4978-9d9f-4af2391f0f09:192.168.69.122:35732, ee58ed2e-2e4c-4f98-b1c8-8f92b90669dd:192.168.69.122:38562, ae3df460-8e6c-40f9-a646-080cc91d539e:192.168.69.122:42161] with ContainerStateMachine:uninitialized
2019-07-13 19:28:30,738 INFO  server.RaftServerConfigKeys (ConfUtils.java:logGet(43)) - raft.server.sleep.deviation.threshold = 300 (default)
2019-07-13 19:28:30,738 INFO  server.RaftServerConfigKeys (ConfUtils.java:logGet(43)) - raft.server.rpc.timeout.min = 5s (custom)
2019-07-13 19:28:30,739 INFO  server.RaftServerConfigKeys (ConfUtils.java:logGet(43)) - raft.server.log.appender.install.snapshot.enabled = false (custom)
2019-07-13 19:28:30,739 INFO  server.RaftServerConfigKeys (ConfUtils.java:logGet(43)) - raft.server.rpc.timeout.max = 5200ms (custom)
2019-07-13 19:28:30,739 INFO  impl.RaftServerImpl (ServerState.java:<init>(105)) - 641a3f2a-10d0-4978-9d9f-4af2391f0f09:group-97DA876A51F8 ConfigurationManager, init=-1: [641a3f2a-10d0-4978-9d9f-4af2391f0f09:192.168.69.122:35732, ee58ed2e-2e4c-4f98-b1c8-8f92b90669dd:192.168.69.122:38562, ae3df460-8e6c-40f9-a646-080cc91d539e:192.168.69.122:42161], old=null, confs=<EMPTY_MAP>
2019-07-13 19:28:30,739 INFO  server.RaftServerConfigKeys (ConfUtils.java:logGet(43)) - raft.server.rpcslowness.timeout = 120s (custom)
2019-07-13 19:28:30,739 INFO  server.RaftServerConfigKeys (ConfUtils.java:logGet(43)) - raft.server.storage.dir = [/tmp/workdir/hadoop-ozone/integration-test/target/test-dir/MiniOzoneClusterImpl-8870e792-62d6-436f-b6cb-4a829b9a395c/datanode-0/data/ratis] (custom)
2019-07-13 19:28:30,739 INFO  server.RaftServerConfigKeys (ConfUtils.java:logGet(43)) - raft.server.sleep.deviation.threshold = 300 (default)
2019-07-13 19:28:30,740 INFO  server.RaftServerConfigKeys (ConfUtils.java:logGet(43)) - raft.server.log.appender.install.snapshot.enabled = false (custom)
2019-07-13 19:28:30,740 INFO  storage.RaftStorageDirectory (RaftStorageDirectory.java:analyzeStorage(246)) - The storage directory /tmp/workdir/hadoop-ozone/integration-test/target/test-dir/MiniOzoneClusterImpl-8870e792-62d6-436f-b6cb-4a829b9a395c/datanode-0/data/ratis/1c27161a-cfef-436d-818a-97da876a51f8 does not exist. Creating ...
2019-07-13 19:28:30,740 INFO  impl.RaftServerImpl (ServerState.java:<init>(105)) - ee58ed2e-2e4c-4f98-b1c8-8f92b90669dd:group-97DA876A51F8 ConfigurationManager, init=-1: [641a3f2a-10d0-4978-9d9f-4af2391f0f09:192.168.69.122:35732, ee58ed2e-2e4c-4f98-b1c8-8f92b90669dd:192.168.69.122:38562, ae3df460-8e6c-40f9-a646-080cc91d539e:192.168.69.122:42161], old=null, confs=<EMPTY_MAP>
2019-07-13 19:28:30,740 INFO  server.RaftServerConfigKeys (ConfUtils.java:logGet(43)) - raft.server.storage.dir = [/tmp/workdir/hadoop-ozone/integration-test/target/test-dir/MiniOzoneClusterImpl-8870e792-62d6-436f-b6cb-4a829b9a395c/datanode-6/data/ratis] (custom)
2019-07-13 19:28:30,740 INFO  storage.RaftStorageDirectory (RaftStorageDirectory.java:analyzeStorage(246)) - The storage directory /tmp/workdir/hadoop-ozone/integration-test/target/test-dir/MiniOzoneClusterImpl-8870e792-62d6-436f-b6cb-4a829b9a395c/datanode-6/data/ratis/1c27161a-cfef-436d-818a-97da876a51f8 does not exist. Creating ...
2019-07-13 19:28:30,753 INFO  storage.RaftStorageDirectory (RaftStorageDirectory.java:tryLock(328)) - Lock on /tmp/workdir/hadoop-ozone/integration-test/target/test-dir/MiniOzoneClusterImpl-8870e792-62d6-436f-b6cb-4a829b9a395c/datanode-3/data/ratis/1c27161a-cfef-436d-818a-97da876a51f8/in_use.lock acquired by nodename 9151@trunk-nightly-fxqsz-774976932
2019-07-13 19:28:30,753 INFO  storage.RaftStorageDirectory (RaftStorageDirectory.java:tryLock(328)) - Lock on /tmp/workdir/hadoop-ozone/integration-test/target/test-dir/MiniOzoneClusterImpl-8870e792-62d6-436f-b6cb-4a829b9a395c/datanode-0/data/ratis/1c27161a-cfef-436d-818a-97da876a51f8/in_use.lock acquired by nodename 9151@trunk-nightly-fxqsz-774976932
2019-07-13 19:28:30,753 INFO  storage.RaftStorageDirectory (RaftStorageDirectory.java:tryLock(328)) - Lock on /tmp/workdir/hadoop-ozone/integration-test/target/test-dir/MiniOzoneClusterImpl-8870e792-62d6-436f-b6cb-4a829b9a395c/datanode-6/data/ratis/1c27161a-cfef-436d-818a-97da876a51f8/in_use.lock acquired by nodename 9151@trunk-nightly-fxqsz-774976932
2019-07-13 19:28:30,767 INFO  storage.RaftStorage (RaftStorage.java:format(72)) - Storage directory /tmp/workdir/hadoop-ozone/integration-test/target/test-dir/MiniOzoneClusterImpl-8870e792-62d6-436f-b6cb-4a829b9a395c/datanode-6/data/ratis/1c27161a-cfef-436d-818a-97da876a51f8 has been successfully formatted.
2019-07-13 19:28:30,767 INFO  storage.RaftStorage (RaftStorage.java:format(72)) - Storage directory /tmp/workdir/hadoop-ozone/integration-test/target/test-dir/MiniOzoneClusterImpl-8870e792-62d6-436f-b6cb-4a829b9a395c/datanode-3/data/ratis/1c27161a-cfef-436d-818a-97da876a51f8 has been successfully formatted.
2019-07-13 19:28:30,768 INFO  ratis.ContainerStateMachine (ContainerStateMachine.java:loadSnapshot(200)) - The snapshot info is null.Setting the last applied index to:(t:0, i:~)
2019-07-13 19:28:30,768 INFO  ratis.ContainerStateMachine (ContainerStateMachine.java:loadSnapshot(200)) - The snapshot info is null.Setting the last applied index to:(t:0, i:~)
2019-07-13 19:28:30,767 INFO  storage.RaftStorage (RaftStorage.java:format(72)) - Storage directory /tmp/workdir/hadoop-ozone/integration-test/target/test-dir/MiniOzoneClusterImpl-8870e792-62d6-436f-b6cb-4a829b9a395c/datanode-0/data/ratis/1c27161a-cfef-436d-818a-97da876a51f8 has been successfully formatted.
2019-07-13 19:28:30,768 INFO  server.RaftServerConfigKeys (ConfUtils.java:logGet(43)) - raft.server.leader.election.timeout = 120s (custom)
2019-07-13 19:28:30,768 INFO  ratis.ContainerStateMachine (ContainerStateMachine.java:loadSnapshot(200)) - The snapshot info is null.Setting the last applied index to:(t:0, i:~)
2019-07-13 19:28:30,768 INFO  server.RaftServerConfigKeys (ConfUtils.java:logGet(43)) - raft.server.leader.election.timeout = 120s (custom)
2019-07-13 19:28:30,768 INFO  server.RaftServerConfigKeys (ConfUtils.java:logGet(43)) - raft.server.leader.election.timeout = 120s (custom)
2019-07-13 19:28:30,768 INFO  server.RaftServerConfigKeys (ConfUtils.java:logGet(43)) - raft.server.log.use.memory = false (default)
2019-07-13 19:28:30,769 INFO  server.RaftServerConfigKeys (ConfUtils.java:logGet(43)) - raft.server.log.use.memory = false (default)
2019-07-13 19:28:30,769 INFO  server.RaftServerConfigKeys (ConfUtils.java:logGet(43)) - raft.server.log.purge.gap = 1000000000 (custom)
2019-07-13 19:28:30,769 INFO  server.RaftServerConfigKeys (ConfUtils.java:logGet(43)) - raft.server.log.use.memory = false (default)
2019-07-13 19:28:30,769 INFO  server.RaftServerConfigKeys (ConfUtils.java:logGet(43)) - raft.server.log.appender.buffer.byte-limit = 33554432 (custom)
2019-07-13 19:28:30,769 INFO  server.RaftServerConfigKeys (ConfUtils.java:logGet(43)) - raft.server.log.purge.gap = 1000000000 (custom)
2019-07-13 19:28:30,769 INFO  server.RaftServerConfigKeys (ConfUtils.java:logGet(43)) - raft.server.log.segment.size.max = 1048576 (custom)
2019-07-13 19:28:30,769 INFO  server.RaftServerConfigKeys (ConfUtils.java:logGet(43)) - raft.server.log.purge.gap = 1000000000 (custom)
2019-07-13 19:28:30,770 INFO  server.RaftServerConfigKeys (ConfUtils.java:logGet(43)) - raft.server.log.segment.cache.num.max = 2 (custom)
2019-07-13 19:28:30,770 INFO  server.RaftServerConfigKeys (ConfUtils.java:logGet(43)) - raft.server.log.appender.buffer.byte-limit = 33554432 (custom)
2019-07-13 19:28:30,770 INFO  segmented.SegmentedRaftLogWorker (SegmentedRaftLogWorker.java:<init>(172)) - new ae3df460-8e6c-40f9-a646-080cc91d539e-SegmentedRaftLogWorker:Storage Directory /tmp/workdir/hadoop-ozone/integration-test/target/test-dir/MiniOzoneClusterImpl-8870e792-62d6-436f-b6cb-4a829b9a395c/datanode-3/data/ratis/1c27161a-cfef-436d-818a-97da876a51f8 for RaftStorage:Storage Directory /tmp/workdir/hadoop-ozone/integration-test/target/test-dir/MiniOzoneClusterImpl-8870e792-62d6-436f-b6cb-4a829b9a395c/datanode-3/data/ratis/1c27161a-cfef-436d-818a-97da876a51f8
2019-07-13 19:28:30,770 INFO  server.RaftServerConfigKeys (ConfUtils.java:logGet(43)) - raft.server.log.appender.buffer.byte-limit = 33554432 (custom)
2019-07-13 19:28:30,770 INFO  server.RaftServerConfigKeys (ConfUtils.java:logGet(43)) - raft.server.log.queue.byte-limit = 2147483647 (custom)
2019-07-13 19:28:30,770 INFO  server.RaftServerConfigKeys (ConfUtils.java:logGet(43)) - raft.server.log.segment.size.max = 1048576 (custom)
2019-07-13 19:28:30,773 INFO  server.RaftServerConfigKeys (ConfUtils.java:logGet(43)) - raft.server.log.queue.element-limit = 1024 (custom)
2019-07-13 19:28:30,772 INFO  server.RaftServerConfigKeys (ConfUtils.java:logGet(43)) - raft.server.log.segment.size.max = 1048576 (custom)
2019-07-13 19:28:30,773 INFO  server.RaftServerConfigKeys (ConfUtils.java:logGet(43)) - raft.server.log.segment.size.max = 1048576 (custom)
2019-07-13 19:28:30,773 INFO  server.RaftServerConfigKeys (ConfUtils.java:logGet(43)) - raft.server.log.segment.cache.num.max = 2 (custom)
2019-07-13 19:28:30,773 INFO  server.RaftServerConfigKeys (ConfUtils.java:logGet(43)) - raft.server.log.preallocated.size = 16384 (custom)
2019-07-13 19:28:30,774 INFO  server.RaftServerConfigKeys (ConfUtils.java:logGet(43)) - raft.server.log.write.buffer.size = 33554432 (custom)
2019-07-13 19:28:30,773 INFO  server.RaftServerConfigKeys (ConfUtils.java:logGet(43)) - raft.server.log.segment.cache.num.max = 2 (custom)
2019-07-13 19:28:30,774 INFO  server.RaftServerConfigKeys (ConfUtils.java:logGet(43)) - raft.server.log.force.sync.num = 128 (default)
2019-07-13 19:28:30,774 INFO  server.RaftServerConfigKeys (ConfUtils.java:logGet(43)) - raft.server.log.statemachine.data.sync = true (default)
2019-07-13 19:28:30,774 INFO  segmented.SegmentedRaftLogWorker (SegmentedRaftLogWorker.java:<init>(172)) - new 641a3f2a-10d0-4978-9d9f-4af2391f0f09-SegmentedRaftLogWorker:Storage Directory /tmp/workdir/hadoop-ozone/integration-test/target/test-dir/MiniOzoneClusterImpl-8870e792-62d6-436f-b6cb-4a829b9a395c/datanode-0/data/ratis/1c27161a-cfef-436d-818a-97da876a51f8 for RaftStorage:Storage Directory /tmp/workdir/hadoop-ozone/integration-test/target/test-dir/MiniOzoneClusterImpl-8870e792-62d6-436f-b6cb-4a829b9a395c/datanode-0/data/ratis/1c27161a-cfef-436d-818a-97da876a51f8
2019-07-13 19:28:30,774 INFO  server.RaftServerConfigKeys (ConfUtils.java:logGet(43)) - raft.server.log.statemachine.data.sync.timeout = 10s (default)
2019-07-13 19:28:30,774 INFO  segmented.SegmentedRaftLogWorker (SegmentedRaftLogWorker.java:<init>(172)) - new ee58ed2e-2e4c-4f98-b1c8-8f92b90669dd-SegmentedRaftLogWorker:Storage Directory /tmp/workdir/hadoop-ozone/integration-test/target/test-dir/MiniOzoneClusterImpl-8870e792-62d6-436f-b6cb-4a829b9a395c/datanode-6/data/ratis/1c27161a-cfef-436d-818a-97da876a51f8 for RaftStorage:Storage Directory /tmp/workdir/hadoop-ozone/integration-test/target/test-dir/MiniOzoneClusterImpl-8870e792-62d6-436f-b6cb-4a829b9a395c/datanode-6/data/ratis/1c27161a-cfef-436d-818a-97da876a51f8
2019-07-13 19:28:30,775 INFO  server.RaftServerConfigKeys (ConfUtils.java:logGet(43)) - raft.server.log.statemachine.data.sync.timeout.retry = -1 (default)
2019-07-13 19:28:30,775 INFO  server.RaftServerConfigKeys (ConfUtils.java:logGet(43)) - raft.server.log.queue.byte-limit = 2147483647 (custom)
2019-07-13 19:28:30,785 INFO  server.RaftServerConfigKeys (ConfUtils.java:logGet(43)) - raft.server.log.statemachine.data.caching.enabled = true (custom)
2019-07-13 19:28:30,777 INFO  server.RaftServerConfigKeys (ConfUtils.java:logGet(43)) - raft.server.log.queue.byte-limit = 2147483647 (custom)
2019-07-13 19:28:30,785 INFO  server.RaftServerConfigKeys (ConfUtils.java:logGet(43)) - raft.server.log.queue.element-limit = 1024 (custom)
2019-07-13 19:28:30,786 INFO  segmented.SegmentedRaftLogWorker (SegmentedRaftLogWorker.java:lambda$new$0(132)) - ae3df460-8e6c-40f9-a646-080cc91d539e-SegmentedRaftLogWorker:Storage Directory /tmp/workdir/hadoop-ozone/integration-test/target/test-dir/MiniOzoneClusterImpl-8870e792-62d6-436f-b6cb-4a829b9a395c/datanode-3/data/ratis/1c27161a-cfef-436d-818a-97da876a51f8: flushIndex: setUnconditionally 0 -> -1
2019-07-13 19:28:30,786 INFO  server.RaftServerConfigKeys (ConfUtils.java:logGet(43)) - raft.server.log.queue.element-limit = 1024 (custom)
2019-07-13 19:28:30,786 INFO  server.RaftServerConfigKeys (ConfUtils.java:logGet(43)) - raft.server.log.segment.size.max = 1048576 (custom)
2019-07-13 19:28:30,786 INFO  server.RaftServerConfigKeys (ConfUtils.java:logGet(43)) - raft.server.log.segment.size.max = 1048576 (custom)
2019-07-13 19:28:30,786 INFO  server.RaftServerConfigKeys (ConfUtils.java:logGet(43)) - raft.server.snapshot.auto.trigger.enabled = true (custom)
2019-07-13 19:28:30,787 INFO  server.RaftServerConfigKeys (ConfUtils.java:logGet(43)) - raft.server.log.preallocated.size = 16384 (custom)
2019-07-13 19:28:30,787 INFO  server.RaftServerConfigKeys (ConfUtils.java:logGet(43)) - raft.server.log.preallocated.size = 16384 (custom)
2019-07-13 19:28:30,787 INFO  server.RaftServerConfigKeys (ConfUtils.java:logGet(43)) - raft.server.log.write.buffer.size = 33554432 (custom)
2019-07-13 19:28:30,787 INFO  server.RaftServerConfigKeys (ConfUtils.java:logGet(43)) - raft.server.snapshot.auto.trigger.threshold = 10000 (custom)
2019-07-13 19:28:30,788 INFO  server.RaftServerConfigKeys (ConfUtils.java:logGet(43)) - raft.server.log.force.sync.num = 128 (default)
2019-07-13 19:28:30,788 INFO  server.RaftServerConfigKeys (ConfUtils.java:logGet(43)) - raft.server.log.statemachine.data.sync = true (default)
2019-07-13 19:28:30,787 INFO  server.RaftServerConfigKeys (ConfUtils.java:logGet(43)) - raft.server.log.write.buffer.size = 33554432 (custom)
2019-07-13 19:28:30,788 INFO  server.RaftServerConfigKeys (ConfUtils.java:logGet(43)) - raft.server.log.statemachine.data.sync.timeout = 10s (default)
2019-07-13 19:28:30,788 INFO  server.RaftServerConfigKeys (ConfUtils.java:logGet(43)) - raft.server.log.statemachine.data.sync.timeout.retry = -1 (default)
2019-07-13 19:28:30,788 INFO  server.RaftServerConfigKeys (ConfUtils.java:logGet(43)) - raft.server.retrycache.expirytime = 600000ms (custom)
2019-07-13 19:28:30,789 INFO  server.RaftServerConfigKeys (ConfUtils.java:logGet(43)) - raft.server.log.statemachine.data.caching.enabled = true (custom)
2019-07-13 19:28:30,789 INFO  impl.RaftServerImpl (RaftServerImpl.java:start(180)) - ae3df460-8e6c-40f9-a646-080cc91d539e: start group-97DA876A51F8
2019-07-13 19:28:30,788 INFO  server.RaftServerConfigKeys (ConfUtils.java:logGet(43)) - raft.server.log.force.sync.num = 128 (default)
2019-07-13 19:28:30,789 INFO  segmented.SegmentedRaftLogWorker (SegmentedRaftLogWorker.java:lambda$new$0(132)) - ee58ed2e-2e4c-4f98-b1c8-8f92b90669dd-SegmentedRaftLogWorker:Storage Directory /tmp/workdir/hadoop-ozone/integration-test/target/test-dir/MiniOzoneClusterImpl-8870e792-62d6-436f-b6cb-4a829b9a395c/datanode-6/data/ratis/1c27161a-cfef-436d-818a-97da876a51f8: flushIndex: setUnconditionally 0 -> -1
2019-07-13 19:28:30,789 INFO  impl.RaftServerImpl (RaftServerImpl.java:setRole(171)) - ae3df460-8e6c-40f9-a646-080cc91d539e:group-97DA876A51F8 changes role from null to FOLLOWER at term 0 for startAsFollower
2019-07-13 19:28:30,789 INFO  server.RaftServerConfigKeys (ConfUtils.java:logGet(43)) - raft.server.log.statemachine.data.sync = true (default)
2019-07-13 19:28:30,790 INFO  server.RaftServerConfigKeys (ConfUtils.java:logGet(43)) - raft.server.snapshot.auto.trigger.enabled = true (custom)
2019-07-13 19:28:30,790 INFO  impl.RoleInfo (RoleInfo.java:updateAndGet(143)) - ae3df460-8e6c-40f9-a646-080cc91d539e: start FollowerState
2019-07-13 19:28:30,790 INFO  server.RaftServerConfigKeys (ConfUtils.java:logGet(43)) - raft.server.snapshot.auto.trigger.threshold = 10000 (custom)
2019-07-13 19:28:30,790 INFO  server.RaftServerConfigKeys (ConfUtils.java:logGet(43)) - raft.server.log.statemachine.data.sync.timeout = 10s (default)
2019-07-13 19:28:30,790 INFO  server.RaftServerConfigKeys (ConfUtils.java:logGet(43)) - raft.server.retrycache.expirytime = 600000ms (custom)
2019-07-13 19:28:30,791 INFO  util.JmxRegister (JmxRegister.java:tryRegister(44)) - Successfully registered JMX Bean with object name Ratis:service=RaftServer,group=group-97DA876A51F8,id=ae3df460-8e6c-40f9-a646-080cc91d539e
2019-07-13 19:28:30,791 INFO  impl.RaftServerImpl (RaftServerImpl.java:start(180)) - ee58ed2e-2e4c-4f98-b1c8-8f92b90669dd: start group-97DA876A51F8
2019-07-13 19:28:30,791 INFO  server.RaftServerConfigKeys (ConfUtils.java:logGet(43)) - raft.server.log.statemachine.data.sync.timeout.retry = -1 (default)
2019-07-13 19:28:30,791 INFO  impl.RaftServerImpl (RaftServerImpl.java:setRole(171)) - ee58ed2e-2e4c-4f98-b1c8-8f92b90669dd:group-97DA876A51F8 changes role from null to FOLLOWER at term 0 for startAsFollower
2019-07-13 19:28:30,791 INFO  impl.RoleInfo (RoleInfo.java:updateAndGet(143)) - ee58ed2e-2e4c-4f98-b1c8-8f92b90669dd: start FollowerState
2019-07-13 19:28:30,791 INFO  server.RaftServerConfigKeys (ConfUtils.java:logGet(43)) - raft.server.log.statemachine.data.caching.enabled = true (custom)
2019-07-13 19:28:30,792 INFO  segmented.SegmentedRaftLogWorker (SegmentedRaftLogWorker.java:lambda$new$0(132)) - 641a3f2a-10d0-4978-9d9f-4af2391f0f09-SegmentedRaftLogWorker:Storage Directory /tmp/workdir/hadoop-ozone/integration-test/target/test-dir/MiniOzoneClusterImpl-8870e792-62d6-436f-b6cb-4a829b9a395c/datanode-0/data/ratis/1c27161a-cfef-436d-818a-97da876a51f8: flushIndex: setUnconditionally 0 -> -1
2019-07-13 19:28:30,792 INFO  util.JmxRegister (JmxRegister.java:tryRegister(44)) - Successfully registered JMX Bean with object name Ratis:service=RaftServer,group=group-97DA876A51F8,id=ee58ed2e-2e4c-4f98-b1c8-8f92b90669dd
2019-07-13 19:28:30,792 INFO  server.RaftServerConfigKeys (ConfUtils.java:logGet(43)) - raft.server.snapshot.auto.trigger.enabled = true (custom)
2019-07-13 19:28:30,792 INFO  server.RaftServerConfigKeys (ConfUtils.java:logGet(43)) - raft.server.snapshot.auto.trigger.threshold = 10000 (custom)
2019-07-13 19:28:30,795 INFO  server.RaftServerConfigKeys (ConfUtils.java:logGet(43)) - raft.server.retrycache.expirytime = 600000ms (custom)
2019-07-13 19:28:30,795 INFO  impl.RaftServerImpl (RaftServerImpl.java:start(180)) - 641a3f2a-10d0-4978-9d9f-4af2391f0f09: start group-97DA876A51F8
2019-07-13 19:28:30,795 INFO  impl.RaftServerImpl (RaftServerImpl.java:setRole(171)) - 641a3f2a-10d0-4978-9d9f-4af2391f0f09:group-97DA876A51F8 changes role from null to FOLLOWER at term 0 for startAsFollower
2019-07-13 19:28:30,795 INFO  impl.RoleInfo (RoleInfo.java:updateAndGet(143)) - 641a3f2a-10d0-4978-9d9f-4af2391f0f09: start FollowerState
2019-07-13 19:28:30,796 INFO  util.JmxRegister (JmxRegister.java:tryRegister(44)) - Successfully registered JMX Bean with object name Ratis:service=RaftServer,group=group-97DA876A51F8,id=641a3f2a-10d0-4978-9d9f-4af2391f0f09
2019-07-13 19:28:30,803 INFO  pipeline.PipelineStateManager (PipelineStateManager.java:addPipeline(56)) - Created pipeline Pipeline[ Id: 1c27161a-cfef-436d-818a-97da876a51f8, Nodes: ae3df460-8e6c-40f9-a646-080cc91d539e{ip: 192.168.69.122, host: trunk-nightly-fxqsz-774976932, networkLocation: /default-rack, certSerialId: null}641a3f2a-10d0-4978-9d9f-4af2391f0f09{ip: 192.168.69.122, host: trunk-nightly-fxqsz-774976932, networkLocation: /default-rack, certSerialId: null}ee58ed2e-2e4c-4f98-b1c8-8f92b90669dd{ip: 192.168.69.122, host: trunk-nightly-fxqsz-774976932, networkLocation: /default-rack, certSerialId: null}, Type:RATIS, Factor:THREE, State:OPEN]
2019-07-13 19:28:31,803 WARN  io.KeyOutputStream (KeyOutputStream.java:handleException(276)) - Encountered exception java.io.IOException: Unexpected Storage Container Exception: java.util.concurrent.CompletionException: java.util.concurrent.CompletionException: org.apache.ratis.protocol.GroupMismatchException: ee58ed2e-2e4c-4f98-b1c8-8f92b90669dd: group-11C239CA1CFB not found. on the pipeline Pipeline[ Id: fe0836c3-cbde-4fcc-9714-11c239ca1cfb, Nodes: ae3df460-8e6c-40f9-a646-080cc91d539e{ip: 192.168.69.122, host: trunk-nightly-fxqsz-774976932, networkLocation: /default-rack, certSerialId: null}641a3f2a-10d0-4978-9d9f-4af2391f0f09{ip: 192.168.69.122, host: trunk-nightly-fxqsz-774976932, networkLocation: /default-rack, certSerialId: null}ee58ed2e-2e4c-4f98-b1c8-8f92b90669dd{ip: 192.168.69.122, host: trunk-nightly-fxqsz-774976932, networkLocation: /default-rack, certSerialId: null}, Type:RATIS, Factor:THREE, State:OPEN]. The last committed block length is 400, uncommitted data length is 50 retry count 0
2019-07-13 19:28:31,831 INFO  client.GrpcClientProtocolClient (GrpcClientProtocolClient.java:onNext(255)) - client-4A9472EB7FCF->579aa93c-41e7-4ba5-b82c-9c867bfee119: receive RaftClientReply:client-4A9472EB7FCF->579aa93c-41e7-4ba5-b82c-9c867bfee119@group-64F343D4F2D0, cid=27, FAILED org.apache.ratis.protocol.NotLeaderException: Server 579aa93c-41e7-4ba5-b82c-9c867bfee119 is not the leader (6d67d047-43fa-44c3-a5c1-93138c27aeb7:192.168.69.122:35782). Request must be sent to leader., logIndex=0, commits[579aa93c-41e7-4ba5-b82c-9c867bfee119:c-1, 6d67d047-43fa-44c3-a5c1-93138c27aeb7:c-1, a2675045-aace-44ca-bb65-8a5f92450560:c-1]
2019-07-13 19:28:31,979 INFO  client.GrpcClientProtocolClient (GrpcClientProtocolClient.java:onNext(255)) - client-4A9472EB7FCF->6d67d047-43fa-44c3-a5c1-93138c27aeb7: receive RaftClientReply:client-4A9472EB7FCF->6d67d047-43fa-44c3-a5c1-93138c27aeb7@group-64F343D4F2D0, cid=27, SUCCESS, logIndex=1, commits[6d67d047-43fa-44c3-a5c1-93138c27aeb7:c1, 579aa93c-41e7-4ba5-b82c-9c867bfee119:c-1, a2675045-aace-44ca-bb65-8a5f92450560:c0]
2019-07-13 19:28:32,059 INFO  client.GrpcClientProtocolClient (GrpcClientProtocolClient.java:onNext(255)) - client-4A9472EB7FCF->6d67d047-43fa-44c3-a5c1-93138c27aeb7: receive RaftClientReply:client-4A9472EB7FCF->6d67d047-43fa-44c3-a5c1-93138c27aeb7@group-64F343D4F2D0, cid=28, SUCCESS, logIndex=3, commits[6d67d047-43fa-44c3-a5c1-93138c27aeb7:c4, 579aa93c-41e7-4ba5-b82c-9c867bfee119:c3, a2675045-aace-44ca-bb65-8a5f92450560:c3]
2019-07-13 19:28:32,120 INFO  pipeline.Pipeline (Pipeline.java:getProtobufMessage(195)) - Serialize pipeline PipelineID=0e4f8128-1211-435c-874d-64f343d4f2d0 with nodesInOrder{ }
2019-07-13 19:28:32,129 INFO  ozone.MiniOzoneClusterImpl (MiniOzoneClusterImpl.java:shutdown(321)) - Shutting down the Mini Ozone Cluster
2019-07-13 19:28:32,129 INFO  ozone.MiniOzoneClusterImpl (MiniOzoneClusterImpl.java:stop(336)) - Stopping the Mini Ozone Cluster
2019-07-13 19:28:32,129 INFO  ozone.MiniOzoneClusterImpl (MiniOzoneClusterImpl.java:stop(338)) - Stopping the OzoneManager
2019-07-13 19:28:32,130 INFO  ipc.Server (Server.java:stop(3082)) - Stopping server on 38059
2019-07-13 19:28:32,132 INFO  utils.BackgroundService (BackgroundService.java:shutdown(148)) - Shutting down service KeyDeletingService
2019-07-13 19:28:32,132 INFO  ipc.Server (Server.java:run(1319)) - Stopping IPC Server Responder
2019-07-13 19:28:32,132 INFO  ipc.Server (Server.java:run(1185)) - Stopping IPC Server listener on 38059
2019-07-13 19:28:32,137 INFO  handler.ContextHandler (ContextHandler.java:doStop(910)) - Stopped o.e.j.w.WebAppContext@3e9803c2{/,null,UNAVAILABLE}{/ozoneManager}
2019-07-13 19:28:32,144 INFO  server.AbstractConnector (AbstractConnector.java:doStop(318)) - Stopped ServerConnector@4525d1d3{HTTP/1.1,[http/1.1]}{0.0.0.0:0}
2019-07-13 19:28:32,145 INFO  handler.ContextHandler (ContextHandler.java:doStop(910)) - Stopped o.e.j.s.ServletContextHandler@7b44b63d{/static,file:///tmp/workdir/hadoop-ozone/integration-test/target/test-classes/webapps/static,UNAVAILABLE}
2019-07-13 19:28:32,145 INFO  handler.ContextHandler (ContextHandler.java:doStop(910)) - Stopped o.e.j.s.ServletContextHandler@2d0bfb24{/logs,file:///tmp/workdir/hadoop-ozone/integration-test/target/log,UNAVAILABLE}
2019-07-13 19:28:32,165 INFO  ozone.MiniOzoneClusterImpl (MiniOzoneClusterImpl.java:stop(344)) - Shutting the HddsDatanodes
2019-07-13 19:28:32,166 INFO  datanode.ObjectStoreHandler (ObjectStoreHandler.java:close(155)) - Closing ObjectStoreHandler.
2019-07-13 19:28:32,166 INFO  datanode.ObjectStoreHandler (ObjectStoreHandler.java:close(155)) - Closing ObjectStoreHandler.
2019-07-13 19:28:32,170 INFO  ozone.HddsDatanodeService (HddsDatanodeService.java:stop(452)) - Stopped plug-in org.apache.hadoop.ozone.web.OzoneHddsDatanodeService@15d236fd
2019-07-13 19:28:32,170 INFO  ozone.HddsDatanodeService (HddsDatanodeService.java:stop(452)) - Stopped plug-in org.apache.hadoop.ozone.web.OzoneHddsDatanodeService@5729b410
2019-07-13 19:28:32,172 INFO  statemachine.DatanodeStateMachine (DatanodeStateMachine.java:lambda$startDaemon$0(350)) - Ozone container server started.
2019-07-13 19:28:32,953 INFO  statemachine.DatanodeStateMachine (DatanodeStateMachine.java:lambda$startDaemon$0(350)) - Ozone container server started.
2019-07-13 19:28:35,855 INFO  impl.FollowerState (FollowerState.java:run(106)) - ee58ed2e-2e4c-4f98-b1c8-8f92b90669dd:group-97DA876A51F8 changes to CANDIDATE, lastRpcTime:5063, electionTimeout:5063ms
2019-07-13 19:28:35,855 INFO  impl.RoleInfo (RoleInfo.java:shutdownFollowerState(121)) - ee58ed2e-2e4c-4f98-b1c8-8f92b90669dd: shutdown FollowerState
2019-07-13 19:28:35,855 INFO  impl.RaftServerImpl (RaftServerImpl.java:setRole(171)) - ee58ed2e-2e4c-4f98-b1c8-8f92b90669dd:group-97DA876A51F8 changes role from FOLLOWER to CANDIDATE at term 0 for changeToCandidate
2019-07-13 19:28:35,857 INFO  impl.RoleInfo (RoleInfo.java:updateAndGet(143)) - ee58ed2e-2e4c-4f98-b1c8-8f92b90669dd: start LeaderElection
2019-07-13 19:28:35,917 INFO  impl.LeaderElection (LeaderElection.java:askForVotes(181)) - ee58ed2e-2e4c-4f98-b1c8-8f92b90669dd:group-97DA876A51F8:LeaderElection11: begin an election at term 1 for -1: [641a3f2a-10d0-4978-9d9f-4af2391f0f09:192.168.69.122:35732, ee58ed2e-2e4c-4f98-b1c8-8f92b90669dd:192.168.69.122:38562, ae3df460-8e6c-40f9-a646-080cc91d539e:192.168.69.122:42161], old=null
2019-07-13 19:28:35,935 INFO  impl.RaftServerImpl (RaftServerImpl.java:setRole(171)) - 641a3f2a-10d0-4978-9d9f-4af2391f0f09:group-97DA876A51F8 changes role from FOLLOWER to FOLLOWER at term 1 for recognizeCandidate:ee58ed2e-2e4c-4f98-b1c8-8f92b90669dd
2019-07-13 19:28:35,937 INFO  impl.RaftServerImpl (RaftServerImpl.java:setRole(171)) - ae3df460-8e6c-40f9-a646-080cc91d539e:group-97DA876A51F8 changes role from FOLLOWER to FOLLOWER at term 1 for recognizeCandidate:ee58ed2e-2e4c-4f98-b1c8-8f92b90669dd
2019-07-13 19:28:35,937 INFO  impl.RoleInfo (RoleInfo.java:shutdownFollowerState(121)) - 641a3f2a-10d0-4978-9d9f-4af2391f0f09: shutdown FollowerState
2019-07-13 19:28:35,937 INFO  impl.RoleInfo (RoleInfo.java:shutdownFollowerState(121)) - ae3df460-8e6c-40f9-a646-080cc91d539e: shutdown FollowerState
2019-07-13 19:28:35,938 INFO  impl.FollowerState (FollowerState.java:run(114)) - 641a3f2a-10d0-4978-9d9f-4af2391f0f09: FollowerState was interrupted: java.lang.InterruptedException: sleep interrupted
2019-07-13 19:28:35,938 INFO  impl.RoleInfo (RoleInfo.java:updateAndGet(143)) - 641a3f2a-10d0-4978-9d9f-4af2391f0f09: start FollowerState
2019-07-13 19:28:35,938 INFO  impl.FollowerState (FollowerState.java:run(114)) - ae3df460-8e6c-40f9-a646-080cc91d539e: FollowerState was interrupted: java.lang.InterruptedException: sleep interrupted
2019-07-13 19:28:35,938 INFO  impl.RoleInfo (RoleInfo.java:updateAndGet(143)) - ae3df460-8e6c-40f9-a646-080cc91d539e: start FollowerState
2019-07-13 19:28:35,973 INFO  impl.LeaderElection (LeaderElection.java:logAndReturn(56)) - ee58ed2e-2e4c-4f98-b1c8-8f92b90669dd:group-97DA876A51F8:LeaderElection11: Election PASSED; received 1 response(s) [ee58ed2e-2e4c-4f98-b1c8-8f92b90669dd<-ae3df460-8e6c-40f9-a646-080cc91d539e#0:OK-t1] and 0 exception(s); ee58ed2e-2e4c-4f98-b1c8-8f92b90669dd:t1, leader=null, voted=ee58ed2e-2e4c-4f98-b1c8-8f92b90669dd, raftlog=ee58ed2e-2e4c-4f98-b1c8-8f92b90669dd-SegmentedRaftLog:OPENED:c-1,f-1,i0, conf=-1: [641a3f2a-10d0-4978-9d9f-4af2391f0f09:192.168.69.122:35732, ee58ed2e-2e4c-4f98-b1c8-8f92b90669dd:192.168.69.122:38562, ae3df460-8e6c-40f9-a646-080cc91d539e:192.168.69.122:42161], old=null
2019-07-13 19:28:35,973 INFO  impl.RoleInfo (RoleInfo.java:shutdownLeaderElection(134)) - ee58ed2e-2e4c-4f98-b1c8-8f92b90669dd: shutdown LeaderElection
2019-07-13 19:28:35,976 INFO  impl.RaftServerImpl (RaftServerImpl.java:setRole(171)) - ee58ed2e-2e4c-4f98-b1c8-8f92b90669dd:group-97DA876A51F8 changes role from CANDIDATE to LEADER at term 1 for changeToLeader
2019-07-13 19:28:35,976 INFO  impl.RaftServerImpl (ServerState.java:setLeader(263)) - ee58ed2e-2e4c-4f98-b1c8-8f92b90669dd:group-97DA876A51F8 change Leader from null to ee58ed2e-2e4c-4f98-b1c8-8f92b90669dd at term 1 for becomeLeader, leader elected after 5208ms
2019-07-13 19:28:35,976 INFO  server.RaftServerConfigKeys (ConfUtils.java:logGet(43)) - raft.server.staging.catchup.gap = 1000 (default)
2019-07-13 19:28:35,976 INFO  server.RaftServerConfigKeys (ConfUtils.java:logGet(43)) - raft.server.rpc.sleep.time = 25ms (default)
2019-07-13 19:28:35,977 INFO  server.RaftServerConfigKeys (ConfUtils.java:logGet(43)) - raft.server.write.element-limit = 4096 (default)
2019-07-13 19:28:35,977 INFO  server.RaftServerConfigKeys (ConfUtils.java:logGet(43)) - raft.server.watch.timeout = 10s (default)
2019-07-13 19:28:35,977 INFO  server.RaftServerConfigKeys (ConfUtils.java:logGet(43)) - raft.server.watch.timeout.denomination = 1s (default)
2019-07-13 19:28:35,977 INFO  server.RaftServerConfigKeys (ConfUtils.java:logGet(43)) - raft.server.watch.element-limit = 65536 (default)
2019-07-13 19:28:35,977 INFO  server.RaftServerConfigKeys (ConfUtils.java:logGet(43)) - raft.server.log.appender.snapshot.chunk.size.max = 16MB (=16777216) (default)
2019-07-13 19:28:35,978 INFO  server.RaftServerConfigKeys (ConfUtils.java:logGet(43)) - raft.server.log.appender.buffer.byte-limit = 33554432 (custom)
2019-07-13 19:28:35,978 INFO  server.RaftServerConfigKeys (ConfUtils.java:logGet(43)) - raft.server.log.appender.buffer.element-limit = 1 (custom)
2019-07-13 19:28:35,978 INFO  grpc.GrpcConfigKeys$Server (ConfUtils.java:logGet(43)) - raft.grpc.server.leader.outstanding.appends.max = 128 (default)
2019-07-13 19:28:35,979 INFO  server.RaftServerConfigKeys (ConfUtils.java:logGet(43)) - raft.server.rpc.request.timeout = 3000ms (default)
2019-07-13 19:28:35,979 INFO  server.RaftServerConfigKeys (ConfUtils.java:logGet(43)) - raft.server.log.appender.install.snapshot.enabled = false (custom)
2019-07-13 19:28:35,979 INFO  server.RaftServerConfigKeys (ConfUtils.java:logGet(43)) - raft.server.log.appender.snapshot.chunk.size.max = 16MB (=16777216) (default)
2019-07-13 19:28:35,979 INFO  server.RaftServerConfigKeys (ConfUtils.java:logGet(43)) - raft.server.log.appender.buffer.byte-limit = 33554432 (custom)
2019-07-13 19:28:35,979 INFO  server.RaftServerConfigKeys (ConfUtils.java:logGet(43)) - raft.server.log.appender.buffer.element-limit = 1 (custom)
2019-07-13 19:28:35,980 INFO  grpc.GrpcConfigKeys$Server (ConfUtils.java:logGet(43)) - raft.grpc.server.leader.outstanding.appends.max = 128 (default)
2019-07-13 19:28:35,980 INFO  server.RaftServerConfigKeys (ConfUtils.java:logGet(43)) - raft.server.rpc.request.timeout = 3000ms (default)
2019-07-13 19:28:35,980 INFO  server.RaftServerConfigKeys (ConfUtils.java:logGet(43)) - raft.server.log.appender.install.snapshot.enabled = false (custom)
2019-07-13 19:28:35,980 INFO  impl.RoleInfo (RoleInfo.java:updateAndGet(143)) - ee58ed2e-2e4c-4f98-b1c8-8f92b90669dd: start LeaderState
2019-07-13 19:28:35,981 INFO  segmented.SegmentedRaftLogWorker (SegmentedRaftLogWorker.java:startLogSegment(380)) - ee58ed2e-2e4c-4f98-b1c8-8f92b90669dd-SegmentedRaftLogWorker:Storage Directory /tmp/workdir/hadoop-ozone/integration-test/target/test-dir/MiniOzoneClusterImpl-8870e792-62d6-436f-b6cb-4a829b9a395c/datanode-6/data/ratis/1c27161a-cfef-436d-818a-97da876a51f8: Starting segment from index:0
2019-07-13 19:28:35,983 INFO  impl.RaftServerImpl (ServerState.java:setRaftConf(361)) - ee58ed2e-2e4c-4f98-b1c8-8f92b90669dd:group-97DA876A51F8 set configuration 0: [641a3f2a-10d0-4978-9d9f-4af2391f0f09:192.168.69.122:35732, ee58ed2e-2e4c-4f98-b1c8-8f92b90669dd:192.168.69.122:38562, ae3df460-8e6c-40f9-a646-080cc91d539e:192.168.69.122:42161], old=null at 0
2019-07-13 19:28:36,005 INFO  impl.RaftServerImpl (ServerState.java:setLeader(263)) - ae3df460-8e6c-40f9-a646-080cc91d539e:group-97DA876A51F8 change Leader from null to ee58ed2e-2e4c-4f98-b1c8-8f92b90669dd at term 1 for appendEntries, leader elected after 5237ms
2019-07-13 19:28:36,005 INFO  segmented.SegmentedRaftLogWorker (SegmentedRaftLogWorker.java:execute(569)) - ee58ed2e-2e4c-4f98-b1c8-8f92b90669dd-SegmentedRaftLogWorker:Storage Directory /tmp/workdir/hadoop-ozone/integration-test/target/test-dir/MiniOzoneClusterImpl-8870e792-62d6-436f-b6cb-4a829b9a395c/datanode-6/data/ratis/1c27161a-cfef-436d-818a-97da876a51f8: created new log segment /tmp/workdir/hadoop-ozone/integration-test/target/test-dir/MiniOzoneClusterImpl-8870e792-62d6-436f-b6cb-4a829b9a395c/datanode-6/data/ratis/1c27161a-cfef-436d-818a-97da876a51f8/current/log_inprogress_0
2019-07-13 19:28:36,005 INFO  impl.RaftServerImpl (ServerState.java:setLeader(263)) - 641a3f2a-10d0-4978-9d9f-4af2391f0f09:group-97DA876A51F8 change Leader from null to ee58ed2e-2e4c-4f98-b1c8-8f92b90669dd at term 1 for appendEntries, leader elected after 5236ms
2019-07-13 19:28:36,013 INFO  impl.RaftServerImpl (ServerState.java:setRaftConf(361)) - 641a3f2a-10d0-4978-9d9f-4af2391f0f09:group-97DA876A51F8 set configuration 0: [641a3f2a-10d0-4978-9d9f-4af2391f0f09:192.168.69.122:35732, ee58ed2e-2e4c-4f98-b1c8-8f92b90669dd:192.168.69.122:38562, ae3df460-8e6c-40f9-a646-080cc91d539e:192.168.69.122:42161], old=null at 0
2019-07-13 19:28:36,013 INFO  impl.RaftServerImpl (ServerState.java:setRaftConf(361)) - ae3df460-8e6c-40f9-a646-080cc91d539e:group-97DA876A51F8 set configuration 0: [641a3f2a-10d0-4978-9d9f-4af2391f0f09:192.168.69.122:35732, ee58ed2e-2e4c-4f98-b1c8-8f92b90669dd:192.168.69.122:38562, ae3df460-8e6c-40f9-a646-080cc91d539e:192.168.69.122:42161], old=null at 0
2019-07-13 19:28:36,013 INFO  segmented.SegmentedRaftLogWorker (SegmentedRaftLogWorker.java:startLogSegment(380)) - 641a3f2a-10d0-4978-9d9f-4af2391f0f09-SegmentedRaftLogWorker:Storage Directory /tmp/workdir/hadoop-ozone/integration-test/target/test-dir/MiniOzoneClusterImpl-8870e792-62d6-436f-b6cb-4a829b9a395c/datanode-0/data/ratis/1c27161a-cfef-436d-818a-97da876a51f8: Starting segment from index:0
2019-07-13 19:28:36,014 INFO  segmented.SegmentedRaftLogWorker (SegmentedRaftLogWorker.java:startLogSegment(380)) - ae3df460-8e6c-40f9-a646-080cc91d539e-SegmentedRaftLogWorker:Storage Directory /tmp/workdir/hadoop-ozone/integration-test/target/test-dir/MiniOzoneClusterImpl-8870e792-62d6-436f-b6cb-4a829b9a395c/datanode-3/data/ratis/1c27161a-cfef-436d-818a-97da876a51f8: Starting segment from index:0
2019-07-13 19:28:36,035 INFO  segmented.SegmentedRaftLogWorker (SegmentedRaftLogWorker.java:execute(569)) - ae3df460-8e6c-40f9-a646-080cc91d539e-SegmentedRaftLogWorker:Storage Directory /tmp/workdir/hadoop-ozone/integration-test/target/test-dir/MiniOzoneClusterImpl-8870e792-62d6-436f-b6cb-4a829b9a395c/datanode-3/data/ratis/1c27161a-cfef-436d-818a-97da876a51f8: created new log segment /tmp/workdir/hadoop-ozone/integration-test/target/test-dir/MiniOzoneClusterImpl-8870e792-62d6-436f-b6cb-4a829b9a395c/datanode-3/data/ratis/1c27161a-cfef-436d-818a-97da876a51f8/current/log_inprogress_0
2019-07-13 19:28:36,035 INFO  segmented.SegmentedRaftLogWorker (SegmentedRaftLogWorker.java:execute(569)) - 641a3f2a-10d0-4978-9d9f-4af2391f0f09-SegmentedRaftLogWorker:Storage Directory /tmp/workdir/hadoop-ozone/integration-test/target/test-dir/MiniOzoneClusterImpl-8870e792-62d6-436f-b6cb-4a829b9a395c/datanode-0/data/ratis/1c27161a-cfef-436d-818a-97da876a51f8: created new log segment /tmp/workdir/hadoop-ozone/integration-test/target/test-dir/MiniOzoneClusterImpl-8870e792-62d6-436f-b6cb-4a829b9a395c/datanode-0/data/ratis/1c27161a-cfef-436d-818a-97da876a51f8/current/log_inprogress_0
2019-07-13 19:28:37,172 INFO  ozoneimpl.OzoneContainer (OzoneContainer.java:stop(199)) - Attempting to stop container services.
2019-07-13 19:28:37,172 INFO  ozoneimpl.OzoneContainer (OzoneContainer.java:stop(199)) - Attempting to stop container services.
2019-07-13 19:28:37,173 INFO  impl.RaftServerProxy (RaftServerProxy.java:lambda$close$4(314)) - b586f36b-7d1b-45fa-beb7-f89578bcb25e: close
2019-07-13 19:28:37,173 INFO  impl.RaftServerProxy (RaftServerProxy.java:lambda$close$4(314)) - 6d67d047-43fa-44c3-a5c1-93138c27aeb7: close
2019-07-13 19:28:37,175 INFO  impl.RaftServerImpl (RaftServerImpl.java:lambda$shutdown$3(245)) - b586f36b-7d1b-45fa-beb7-f89578bcb25e: shutdown group-53F6525A1030
2019-07-13 19:28:37,175 INFO  impl.RaftServerImpl (RaftServerImpl.java:lambda$shutdown$3(245)) - 6d67d047-43fa-44c3-a5c1-93138c27aeb7: shutdown group-64F343D4F2D0
2019-07-13 19:28:37,175 INFO  util.JmxRegister (JmxRegister.java:unregister(73)) - Successfully un-registered JMX Bean with object name Ratis:service=RaftServer,group=group-53F6525A1030,id=b586f36b-7d1b-45fa-beb7-f89578bcb25e
2019-07-13 19:28:37,176 INFO  util.JmxRegister (JmxRegister.java:unregister(73)) - Successfully un-registered JMX Bean with object name Ratis:service=RaftServer,group=group-64F343D4F2D0,id=6d67d047-43fa-44c3-a5c1-93138c27aeb7
2019-07-13 19:28:37,176 INFO  impl.RoleInfo (RoleInfo.java:shutdownLeaderState(104)) - b586f36b-7d1b-45fa-beb7-f89578bcb25e: shutdown LeaderState
2019-07-13 19:28:37,177 INFO  impl.RoleInfo (RoleInfo.java:shutdownLeaderState(104)) - 6d67d047-43fa-44c3-a5c1-93138c27aeb7: shutdown LeaderState
2019-07-13 19:28:37,177 INFO  impl.PendingRequests (PendingRequests.java:sendNotLeaderResponses(202)) - b586f36b-7d1b-45fa-beb7-f89578bcb25e-PendingRequests: sendNotLeaderResponses
2019-07-13 19:28:37,185 WARN  server.GrpcLogAppender (GrpcLogAppender.java:mayWait(143)) - GrpcLogAppender(6d67d047-43fa-44c3-a5c1-93138c27aeb7->a2675045-aace-44ca-bb65-8a5f92450560): Wait interrupted by java.lang.InterruptedException
2019-07-13 19:28:37,185 WARN  server.GrpcLogAppender (GrpcLogAppender.java:mayWait(143)) - GrpcLogAppender(6d67d047-43fa-44c3-a5c1-93138c27aeb7->579aa93c-41e7-4ba5-b82c-9c867bfee119): Wait interrupted by java.lang.InterruptedException
2019-07-13 19:28:37,183 INFO  impl.PendingRequests (PendingRequests.java:sendNotLeaderResponses(202)) - 6d67d047-43fa-44c3-a5c1-93138c27aeb7-PendingRequests: sendNotLeaderResponses
2019-07-13 19:28:37,185 INFO  ratis.ContainerStateMachine (ContainerStateMachine.java:takeSnapshot(246)) - Taking snapshot at termIndex:(t:0, i:~)
2019-07-13 19:28:37,185 INFO  impl.StateMachineUpdater (StateMachineUpdater.java:stopAndJoin(115)) - StateMachineUpdater:b586f36b-7d1b-45fa-beb7-f89578bcb25e:group-53F6525A1030: set stopIndex = 0
2019-07-13 19:28:37,186 INFO  server.GrpcServerProtocolService (GrpcServerProtocolService.java:onCompleted(104)) - a2675045-aace-44ca-bb65-8a5f92450560: appendEntries completed
2019-07-13 19:28:37,186 INFO  server.GrpcServerProtocolService (GrpcServerProtocolService.java:onCompleted(104)) - 579aa93c-41e7-4ba5-b82c-9c867bfee119: appendEntries completed
2019-07-13 19:28:37,191 INFO  impl.StateMachineUpdater (StateMachineUpdater.java:stopAndJoin(115)) - StateMachineUpdater:6d67d047-43fa-44c3-a5c1-93138c27aeb7:group-64F343D4F2D0: set stopIndex = 4
2019-07-13 19:28:37,186 INFO  impl.RaftServerImpl (ServerState.java:close(394)) - b586f36b-7d1b-45fa-beb7-f89578bcb25e:group-53F6525A1030 closes. The last applied log index is 0
2019-07-13 19:28:37,191 INFO  server.GrpcLogAppender (GrpcLogAppender.java:onCompleted(292)) - 6d67d047-43fa-44c3-a5c1-93138c27aeb7->a2675045-aace-44ca-bb65-8a5f92450560: follower responses appendEntries COMPLETED
2019-07-13 19:28:37,191 INFO  ratis.ContainerStateMachine (ContainerStateMachine.java:takeSnapshot(246)) - Taking snapshot at termIndex:(t:1, i:4)
2019-07-13 19:28:37,196 INFO  impl.FollowerInfo (FollowerInfo.java:lambda$new$0(50)) - 6d67d047-43fa-44c3-a5c1-93138c27aeb7->a2675045-aace-44ca-bb65-8a5f92450560: nextIndex: updateUnconditionally 5 -> 4
2019-07-13 19:28:37,194 INFO  segmented.SegmentedRaftLogWorker (SegmentedRaftLogWorker.java:run(313)) - b586f36b-7d1b-45fa-beb7-f89578bcb25e-SegmentedRaftLogWorker:Storage Directory /tmp/workdir/hadoop-ozone/integration-test/target/test-dir/MiniOzoneClusterImpl-8870e792-62d6-436f-b6cb-4a829b9a395c/datanode-1/data/ratis/fbddf135-95ea-414e-be5e-53f6525a1030 was interrupted, exiting. There are 0 tasks remaining in the queue.
2019-07-13 19:28:37,194 INFO  server.GrpcLogAppender (GrpcLogAppender.java:onCompleted(292)) - 6d67d047-43fa-44c3-a5c1-93138c27aeb7->579aa93c-41e7-4ba5-b82c-9c867bfee119: follower responses appendEntries COMPLETED
2019-07-13 19:28:37,199 INFO  segmented.SegmentedRaftLogWorker (SegmentedRaftLogWorker.java:close(228)) - b586f36b-7d1b-45fa-beb7-f89578bcb25e-SegmentedRaftLogWorker:Storage Directory /tmp/workdir/hadoop-ozone/integration-test/target/test-dir/MiniOzoneClusterImpl-8870e792-62d6-436f-b6cb-4a829b9a395c/datanode-1/data/ratis/fbddf135-95ea-414e-be5e-53f6525a1030 close()
2019-07-13 19:28:37,201 INFO  impl.FollowerInfo (FollowerInfo.java:lambda$new$0(50)) - 6d67d047-43fa-44c3-a5c1-93138c27aeb7->579aa93c-41e7-4ba5-b82c-9c867bfee119: nextIndex: updateUnconditionally 5 -> 4
2019-07-13 19:28:37,196 INFO  ratis.ContainerStateMachine (ContainerStateMachine.java:takeSnapshot(250)) - Taking a snapshot to file /tmp/workdir/hadoop-ozone/integration-test/target/test-dir/MiniOzoneClusterImpl-8870e792-62d6-436f-b6cb-4a829b9a395c/datanode-4/data/ratis/0e4f8128-1211-435c-874d-64f343d4f2d0/sm/snapshot.1_4
2019-07-13 19:28:37,204 INFO  server.GrpcService (GrpcService.java:closeImpl(155)) - b586f36b-7d1b-45fa-beb7-f89578bcb25e: shutdown server with port 33629 now
2019-07-13 19:28:37,204 INFO  impl.StateMachineUpdater (StateMachineUpdater.java:takeSnapshot(242)) - StateMachineUpdater:6d67d047-43fa-44c3-a5c1-93138c27aeb7:group-64F343D4F2D0: Took a snapshot at index 4
2019-07-13 19:28:37,205 INFO  impl.StateMachineUpdater (StateMachineUpdater.java:lambda$new$0(80)) - StateMachineUpdater:6d67d047-43fa-44c3-a5c1-93138c27aeb7:group-64F343D4F2D0: snapshotIndex: updateIncreasingly -1 -> 4
2019-07-13 19:28:37,205 INFO  impl.RaftServerImpl (ServerState.java:close(394)) - 6d67d047-43fa-44c3-a5c1-93138c27aeb7:group-64F343D4F2D0 closes. The last applied log index is 4
2019-07-13 19:28:37,206 INFO  segmented.SegmentedRaftLogWorker (SegmentedRaftLogWorker.java:run(313)) - 6d67d047-43fa-44c3-a5c1-93138c27aeb7-SegmentedRaftLogWorker:Storage Directory /tmp/workdir/hadoop-ozone/integration-test/target/test-dir/MiniOzoneClusterImpl-8870e792-62d6-436f-b6cb-4a829b9a395c/datanode-4/data/ratis/0e4f8128-1211-435c-874d-64f343d4f2d0 was interrupted, exiting. There are 0 tasks remaining in the queue.
2019-07-13 19:28:37,208 INFO  segmented.SegmentedRaftLogWorker (SegmentedRaftLogWorker.java:close(228)) - 6d67d047-43fa-44c3-a5c1-93138c27aeb7-SegmentedRaftLogWorker:Storage Directory /tmp/workdir/hadoop-ozone/integration-test/target/test-dir/MiniOzoneClusterImpl-8870e792-62d6-436f-b6cb-4a829b9a395c/datanode-4/data/ratis/0e4f8128-1211-435c-874d-64f343d4f2d0 close()
2019-07-13 19:28:37,214 INFO  server.GrpcService (GrpcService.java:closeImpl(163)) - b586f36b-7d1b-45fa-beb7-f89578bcb25e: shutdown server with port 33629 successfully
2019-07-13 19:28:37,214 INFO  impl.RaftServerImpl (RaftServerImpl.java:lambda$shutdown$3(245)) - 6d67d047-43fa-44c3-a5c1-93138c27aeb7: shutdown group-35F08AB3BB15
2019-07-13 19:28:37,215 INFO  util.JmxRegister (JmxRegister.java:unregister(73)) - Successfully un-registered JMX Bean with object name Ratis:service=RaftServer,group=group-35F08AB3BB15,id=6d67d047-43fa-44c3-a5c1-93138c27aeb7
2019-07-13 19:28:37,215 INFO  impl.RoleInfo (RoleInfo.java:shutdownLeaderState(104)) - 6d67d047-43fa-44c3-a5c1-93138c27aeb7: shutdown LeaderState
2019-07-13 19:28:37,216 INFO  impl.PendingRequests (PendingRequests.java:sendNotLeaderResponses(202)) - 6d67d047-43fa-44c3-a5c1-93138c27aeb7-PendingRequests: sendNotLeaderResponses
2019-07-13 19:28:37,216 INFO  impl.StateMachineUpdater (StateMachineUpdater.java:stopAndJoin(115)) - StateMachineUpdater:6d67d047-43fa-44c3-a5c1-93138c27aeb7:group-35F08AB3BB15: set stopIndex = 0
2019-07-13 19:28:37,216 INFO  ratis.ContainerStateMachine (ContainerStateMachine.java:takeSnapshot(246)) - Taking snapshot at termIndex:(t:0, i:~)
2019-07-13 19:28:37,217 INFO  impl.RaftServerImpl (ServerState.java:close(394)) - 6d67d047-43fa-44c3-a5c1-93138c27aeb7:group-35F08AB3BB15 closes. The last applied log index is 0
2019-07-13 19:28:37,217 INFO  segmented.SegmentedRaftLogWorker (SegmentedRaftLogWorker.java:run(313)) - 6d67d047-43fa-44c3-a5c1-93138c27aeb7-SegmentedRaftLogWorker:Storage Directory /tmp/workdir/hadoop-ozone/integration-test/target/test-dir/MiniOzoneClusterImpl-8870e792-62d6-436f-b6cb-4a829b9a395c/datanode-4/data/ratis/49b7812e-33bc-4bee-a86f-35f08ab3bb15 was interrupted, exiting. There are 0 tasks remaining in the queue.
2019-07-13 19:28:37,222 INFO  segmented.SegmentedRaftLogWorker (SegmentedRaftLogWorker.java:close(228)) - 6d67d047-43fa-44c3-a5c1-93138c27aeb7-SegmentedRaftLogWorker:Storage Directory /tmp/workdir/hadoop-ozone/integration-test/target/test-dir/MiniOzoneClusterImpl-8870e792-62d6-436f-b6cb-4a829b9a395c/datanode-4/data/ratis/49b7812e-33bc-4bee-a86f-35f08ab3bb15 close()
2019-07-13 19:28:37,226 INFO  server.GrpcService (GrpcService.java:closeImpl(155)) - 6d67d047-43fa-44c3-a5c1-93138c27aeb7: shutdown server with port 35782 now
2019-07-13 19:28:37,230 INFO  server.GrpcService (GrpcService.java:closeImpl(163)) - 6d67d047-43fa-44c3-a5c1-93138c27aeb7: shutdown server with port 35782 successfully
2019-07-13 19:28:37,240 INFO  utils.BackgroundService (BackgroundService.java:shutdown(148)) - Shutting down service BlockDeletingService
2019-07-13 19:28:37,241 WARN  fs.CachingGetSpaceUsed (CachingGetSpaceUsed.java:run(183)) - Thread Interrupted waiting to refresh disk information: sleep interrupted
2019-07-13 19:28:37,246 INFO  utils.BackgroundService (BackgroundService.java:shutdown(148)) - Shutting down service BlockDeletingService
2019-07-13 19:28:37,251 WARN  fs.CachingGetSpaceUsed (CachingGetSpaceUsed.java:run(183)) - Thread Interrupted waiting to refresh disk information: sleep interrupted
2019-07-13 19:28:37,268 INFO  statemachine.DatanodeStateMachine (DatanodeStateMachine.java:stopDaemon(395)) - Ozone container server stopped.
2019-07-13 19:28:37,273 INFO  handler.ContextHandler (ContextHandler.java:doStop(910)) - Stopped o.e.j.w.WebAppContext@2e1eb85f{/,null,UNAVAILABLE}{/hddsDatanode}
2019-07-13 19:28:37,274 INFO  server.AbstractConnector (AbstractConnector.java:doStop(318)) - Stopped ServerConnector@ea7a4c3{HTTP/1.1,[http/1.1]}{0.0.0.0:0}
2019-07-13 19:28:37,275 INFO  handler.ContextHandler (ContextHandler.java:doStop(910)) - Stopped o.e.j.s.ServletContextHandler@364fd4ae{/static,jar:file:/home/user/.m2/repository/org/apache/hadoop/hadoop-hdds-container-service/0.5.0-SNAPSHOT/hadoop-hdds-container-service-0.5.0-SNAPSHOT.jar!/webapps/static,UNAVAILABLE}
2019-07-13 19:28:37,277 INFO  handler.ContextHandler (ContextHandler.java:doStop(910)) - Stopped o.e.j.s.ServletContextHandler@359066bc{/logs,file:///tmp/workdir/hadoop-ozone/integration-test/target/log,UNAVAILABLE}
2019-07-13 19:28:37,279 INFO  datanode.ObjectStoreHandler (ObjectStoreHandler.java:close(155)) - Closing ObjectStoreHandler.
2019-07-13 19:28:37,279 INFO  ozone.HddsDatanodeService (HddsDatanodeService.java:stop(452)) - Stopped plug-in org.apache.hadoop.ozone.web.OzoneHddsDatanodeService@7436364d
2019-07-13 19:28:37,284 INFO  statemachine.DatanodeStateMachine (DatanodeStateMachine.java:stopDaemon(395)) - Ozone container server stopped.
2019-07-13 19:28:37,285 INFO  handler.ContextHandler (ContextHandler.java:doStop(910)) - Stopped o.e.j.w.WebAppContext@367d34c0{/,null,UNAVAILABLE}{/hddsDatanode}
2019-07-13 19:28:37,286 INFO  server.AbstractConnector (AbstractConnector.java:doStop(318)) - Stopped ServerConnector@4ce25e47{HTTP/1.1,[http/1.1]}{0.0.0.0:0}
2019-07-13 19:28:37,286 INFO  handler.ContextHandler (ContextHandler.java:doStop(910)) - Stopped o.e.j.s.ServletContextHandler@5fef0c19{/static,jar:file:/home/user/.m2/repository/org/apache/hadoop/hadoop-hdds-container-service/0.5.0-SNAPSHOT/hadoop-hdds-container-service-0.5.0-SNAPSHOT.jar!/webapps/static,UNAVAILABLE}
2019-07-13 19:28:37,287 INFO  handler.ContextHandler (ContextHandler.java:doStop(910)) - Stopped o.e.j.s.ServletContextHandler@615db358{/logs,file:///tmp/workdir/hadoop-ozone/integration-test/target/log,UNAVAILABLE}
2019-07-13 19:28:37,288 INFO  datanode.ObjectStoreHandler (ObjectStoreHandler.java:close(155)) - Closing ObjectStoreHandler.
2019-07-13 19:28:37,289 INFO  ozone.HddsDatanodeService (HddsDatanodeService.java:stop(452)) - Stopped plug-in org.apache.hadoop.ozone.web.OzoneHddsDatanodeService@65da01f4
2019-07-13 19:28:37,344 INFO  statemachine.DatanodeStateMachine (DatanodeStateMachine.java:lambda$startDaemon$0(350)) - Ozone container server started.
2019-07-13 19:28:37,964 INFO  statemachine.DatanodeStateMachine (DatanodeStateMachine.java:lambda$startDaemon$0(350)) - Ozone container server started.
2019-07-13 19:28:42,280 INFO  ozoneimpl.OzoneContainer (OzoneContainer.java:stop(199)) - Attempting to stop container services.
2019-07-13 19:28:42,281 INFO  impl.RaftServerProxy (RaftServerProxy.java:lambda$close$4(314)) - 579aa93c-41e7-4ba5-b82c-9c867bfee119: close
2019-07-13 19:28:42,281 INFO  impl.RaftServerImpl (RaftServerImpl.java:lambda$shutdown$3(245)) - 579aa93c-41e7-4ba5-b82c-9c867bfee119: shutdown group-64F343D4F2D0
2019-07-13 19:28:42,281 INFO  util.JmxRegister (JmxRegister.java:unregister(73)) - Successfully un-registered JMX Bean with object name Ratis:service=RaftServer,group=group-64F343D4F2D0,id=579aa93c-41e7-4ba5-b82c-9c867bfee119
2019-07-13 19:28:42,282 INFO  impl.RoleInfo (RoleInfo.java:shutdownFollowerState(121)) - 579aa93c-41e7-4ba5-b82c-9c867bfee119: shutdown FollowerState
2019-07-13 19:28:42,282 INFO  impl.StateMachineUpdater (StateMachineUpdater.java:stopAndJoin(115)) - StateMachineUpdater:579aa93c-41e7-4ba5-b82c-9c867bfee119:group-64F343D4F2D0: set stopIndex = 4
2019-07-13 19:28:42,282 INFO  ratis.ContainerStateMachine (ContainerStateMachine.java:takeSnapshot(246)) - Taking snapshot at termIndex:(t:1, i:3)
2019-07-13 19:28:42,283 INFO  ratis.ContainerStateMachine (ContainerStateMachine.java:takeSnapshot(250)) - Taking a snapshot to file /tmp/workdir/hadoop-ozone/integration-test/target/test-dir/MiniOzoneClusterImpl-8870e792-62d6-436f-b6cb-4a829b9a395c/datanode-2/data/ratis/0e4f8128-1211-435c-874d-64f343d4f2d0/sm/snapshot.1_3
2019-07-13 19:28:42,282 INFO  impl.FollowerState (FollowerState.java:run(114)) - 579aa93c-41e7-4ba5-b82c-9c867bfee119: FollowerState was interrupted: java.lang.InterruptedException: sleep interrupted
2019-07-13 19:28:42,286 INFO  impl.StateMachineUpdater (StateMachineUpdater.java:takeSnapshot(242)) - StateMachineUpdater:579aa93c-41e7-4ba5-b82c-9c867bfee119:group-64F343D4F2D0: Took a snapshot at index 3
2019-07-13 19:28:42,286 INFO  impl.StateMachineUpdater (StateMachineUpdater.java:lambda$new$0(80)) - StateMachineUpdater:579aa93c-41e7-4ba5-b82c-9c867bfee119:group-64F343D4F2D0: snapshotIndex: updateIncreasingly -1 -> 3
2019-07-13 19:28:42,287 INFO  impl.RaftServerImpl (ServerState.java:close(394)) - 579aa93c-41e7-4ba5-b82c-9c867bfee119:group-64F343D4F2D0 closes. The last applied log index is 4
2019-07-13 19:28:42,287 INFO  segmented.SegmentedRaftLogWorker (SegmentedRaftLogWorker.java:run(313)) - 579aa93c-41e7-4ba5-b82c-9c867bfee119-SegmentedRaftLogWorker:Storage Directory /tmp/workdir/hadoop-ozone/integration-test/target/test-dir/MiniOzoneClusterImpl-8870e792-62d6-436f-b6cb-4a829b9a395c/datanode-2/data/ratis/0e4f8128-1211-435c-874d-64f343d4f2d0 was interrupted, exiting. There are 0 tasks remaining in the queue.
2019-07-13 19:28:42,289 INFO  segmented.SegmentedRaftLogWorker (SegmentedRaftLogWorker.java:close(228)) - 579aa93c-41e7-4ba5-b82c-9c867bfee119-SegmentedRaftLogWorker:Storage Directory /tmp/workdir/hadoop-ozone/integration-test/target/test-dir/MiniOzoneClusterImpl-8870e792-62d6-436f-b6cb-4a829b9a395c/datanode-2/data/ratis/0e4f8128-1211-435c-874d-64f343d4f2d0 close()
2019-07-13 19:28:42,293 INFO  impl.RaftServerImpl (RaftServerImpl.java:lambda$shutdown$3(245)) - 579aa93c-41e7-4ba5-b82c-9c867bfee119: shutdown group-AC568129CF0B
2019-07-13 19:28:42,293 INFO  ozoneimpl.OzoneContainer (OzoneContainer.java:stop(199)) - Attempting to stop container services.
2019-07-13 19:28:42,293 INFO  util.JmxRegister (JmxRegister.java:unregister(73)) - Successfully un-registered JMX Bean with object name Ratis:service=RaftServer,group=group-AC568129CF0B,id=579aa93c-41e7-4ba5-b82c-9c867bfee119
2019-07-13 19:28:42,294 INFO  impl.RaftServerProxy (RaftServerProxy.java:lambda$close$4(314)) - ae3df460-8e6c-40f9-a646-080cc91d539e: close
2019-07-13 19:28:42,294 INFO  impl.RoleInfo (RoleInfo.java:shutdownLeaderState(104)) - 579aa93c-41e7-4ba5-b82c-9c867bfee119: shutdown LeaderState
2019-07-13 19:28:42,294 INFO  impl.RaftServerImpl (RaftServerImpl.java:lambda$shutdown$3(245)) - ae3df460-8e6c-40f9-a646-080cc91d539e: shutdown group-7EEE48995BDC
2019-07-13 19:28:42,295 INFO  impl.PendingRequests (PendingRequests.java:sendNotLeaderResponses(202)) - 579aa93c-41e7-4ba5-b82c-9c867bfee119-PendingRequests: sendNotLeaderResponses
2019-07-13 19:28:42,295 INFO  util.JmxRegister (JmxRegister.java:unregister(73)) - Successfully un-registered JMX Bean with object name Ratis:service=RaftServer,group=group-7EEE48995BDC,id=ae3df460-8e6c-40f9-a646-080cc91d539e
2019-07-13 19:28:42,295 INFO  ratis.ContainerStateMachine (ContainerStateMachine.java:takeSnapshot(246)) - Taking snapshot at termIndex:(t:0, i:~)
2019-07-13 19:28:42,295 INFO  impl.StateMachineUpdater (StateMachineUpdater.java:stopAndJoin(115)) - StateMachineUpdater:579aa93c-41e7-4ba5-b82c-9c867bfee119:group-AC568129CF0B: set stopIndex = 0
2019-07-13 19:28:42,296 INFO  impl.RoleInfo (RoleInfo.java:shutdownLeaderState(104)) - ae3df460-8e6c-40f9-a646-080cc91d539e: shutdown LeaderState
2019-07-13 19:28:42,296 INFO  impl.RaftServerImpl (ServerState.java:close(394)) - 579aa93c-41e7-4ba5-b82c-9c867bfee119:group-AC568129CF0B closes. The last applied log index is 0
2019-07-13 19:28:42,297 INFO  impl.PendingRequests (PendingRequests.java:sendNotLeaderResponses(202)) - ae3df460-8e6c-40f9-a646-080cc91d539e-PendingRequests: sendNotLeaderResponses
2019-07-13 19:28:42,297 INFO  segmented.SegmentedRaftLogWorker (SegmentedRaftLogWorker.java:run(313)) - 579aa93c-41e7-4ba5-b82c-9c867bfee119-SegmentedRaftLogWorker:Storage Directory /tmp/workdir/hadoop-ozone/integration-test/target/test-dir/MiniOzoneClusterImpl-8870e792-62d6-436f-b6cb-4a829b9a395c/datanode-2/data/ratis/3cf37505-4445-4eec-9126-ac568129cf0b was interrupted, exiting. There are 0 tasks remaining in the queue.
2019-07-13 19:28:42,297 INFO  impl.StateMachineUpdater (StateMachineUpdater.java:stopAndJoin(115)) - StateMachineUpdater:ae3df460-8e6c-40f9-a646-080cc91d539e:group-7EEE48995BDC: set stopIndex = 0
2019-07-13 19:28:42,299 INFO  segmented.SegmentedRaftLogWorker (SegmentedRaftLogWorker.java:close(228)) - 579aa93c-41e7-4ba5-b82c-9c867bfee119-SegmentedRaftLogWorker:Storage Directory /tmp/workdir/hadoop-ozone/integration-test/target/test-dir/MiniOzoneClusterImpl-8870e792-62d6-436f-b6cb-4a829b9a395c/datanode-2/data/ratis/3cf37505-4445-4eec-9126-ac568129cf0b close()
2019-07-13 19:28:42,297 INFO  ratis.ContainerStateMachine (ContainerStateMachine.java:takeSnapshot(246)) - Taking snapshot at termIndex:(t:0, i:~)
2019-07-13 19:28:42,303 INFO  server.GrpcService (GrpcService.java:closeImpl(155)) - 579aa93c-41e7-4ba5-b82c-9c867bfee119: shutdown server with port 34716 now
2019-07-13 19:28:42,303 INFO  impl.RaftServerImpl (ServerState.java:close(394)) - ae3df460-8e6c-40f9-a646-080cc91d539e:group-7EEE48995BDC closes. The last applied log index is 0
2019-07-13 19:28:42,303 INFO  server.GrpcService (GrpcService.java:closeImpl(163)) - 579aa93c-41e7-4ba5-b82c-9c867bfee119: shutdown server with port 34716 successfully
2019-07-13 19:28:42,304 INFO  segmented.SegmentedRaftLogWorker (SegmentedRaftLogWorker.java:run(313)) - ae3df460-8e6c-40f9-a646-080cc91d539e-SegmentedRaftLogWorker:Storage Directory /tmp/workdir/hadoop-ozone/integration-test/target/test-dir/MiniOzoneClusterImpl-8870e792-62d6-436f-b6cb-4a829b9a395c/datanode-3/data/ratis/b58f7032-399c-4226-b48d-7eee48995bdc was interrupted, exiting. There are 0 tasks remaining in the queue.
2019-07-13 19:28:42,306 INFO  segmented.SegmentedRaftLogWorker (SegmentedRaftLogWorker.java:close(228)) - ae3df460-8e6c-40f9-a646-080cc91d539e-SegmentedRaftLogWorker:Storage Directory /tmp/workdir/hadoop-ozone/integration-test/target/test-dir/MiniOzoneClusterImpl-8870e792-62d6-436f-b6cb-4a829b9a395c/datanode-3/data/ratis/b58f7032-399c-4226-b48d-7eee48995bdc close()
2019-07-13 19:28:42,310 INFO  impl.RaftServerImpl (RaftServerImpl.java:lambda$shutdown$3(245)) - ae3df460-8e6c-40f9-a646-080cc91d539e: shutdown group-97DA876A51F8
2019-07-13 19:28:42,310 INFO  util.JmxRegister (JmxRegister.java:unregister(73)) - Successfully un-registered JMX Bean with object name Ratis:service=RaftServer,group=group-97DA876A51F8,id=ae3df460-8e6c-40f9-a646-080cc91d539e
2019-07-13 19:28:42,311 INFO  impl.RoleInfo (RoleInfo.java:shutdownFollowerState(121)) - ae3df460-8e6c-40f9-a646-080cc91d539e: shutdown FollowerState
2019-07-13 19:28:42,311 INFO  impl.StateMachineUpdater (StateMachineUpdater.java:stopAndJoin(115)) - StateMachineUpdater:ae3df460-8e6c-40f9-a646-080cc91d539e:group-97DA876A51F8: set stopIndex = 0
2019-07-13 19:28:42,311 INFO  ratis.ContainerStateMachine (ContainerStateMachine.java:takeSnapshot(246)) - Taking snapshot at termIndex:(t:0, i:~)
2019-07-13 19:28:42,311 INFO  impl.FollowerState (FollowerState.java:run(114)) - ae3df460-8e6c-40f9-a646-080cc91d539e: FollowerState was interrupted: java.lang.InterruptedException: sleep interrupted
2019-07-13 19:28:42,313 INFO  impl.RaftServerImpl (ServerState.java:close(394)) - ae3df460-8e6c-40f9-a646-080cc91d539e:group-97DA876A51F8 closes. The last applied log index is 0
2019-07-13 19:28:42,321 INFO  segmented.SegmentedRaftLogWorker (SegmentedRaftLogWorker.java:run(313)) - ae3df460-8e6c-40f9-a646-080cc91d539e-SegmentedRaftLogWorker:Storage Directory /tmp/workdir/hadoop-ozone/integration-test/target/test-dir/MiniOzoneClusterImpl-8870e792-62d6-436f-b6cb-4a829b9a395c/datanode-3/data/ratis/1c27161a-cfef-436d-818a-97da876a51f8 was interrupted, exiting. There are 0 tasks remaining in the queue.
2019-07-13 19:28:42,323 INFO  segmented.SegmentedRaftLogWorker (SegmentedRaftLogWorker.java:close(228)) - ae3df460-8e6c-40f9-a646-080cc91d539e-SegmentedRaftLogWorker:Storage Directory /tmp/workdir/hadoop-ozone/integration-test/target/test-dir/MiniOzoneClusterImpl-8870e792-62d6-436f-b6cb-4a829b9a395c/datanode-3/data/ratis/1c27161a-cfef-436d-818a-97da876a51f8 close()
2019-07-13 19:28:42,329 INFO  server.GrpcService (GrpcService.java:closeImpl(155)) - ae3df460-8e6c-40f9-a646-080cc91d539e: shutdown server with port 42161 now
2019-07-13 19:28:42,339 INFO  server.GrpcService (GrpcService.java:closeImpl(163)) - ae3df460-8e6c-40f9-a646-080cc91d539e: shutdown server with port 42161 successfully
2019-07-13 19:28:42,340 WARN  server.GrpcLogAppender (LogUtils.java:warn(134)) - ee58ed2e-2e4c-4f98-b1c8-8f92b90669dd->ae3df460-8e6c-40f9-a646-080cc91d539e: Failed appendEntries: org.apache.ratis.thirdparty.io.grpc.StatusRuntimeException: CANCELLED: HTTP/2 error code: CANCEL
Received Rst Stream
2019-07-13 19:28:42,340 WARN  server.GrpcServerProtocolService (LogUtils.java:warn(134)) - ae3df460-8e6c-40f9-a646-080cc91d539e: appendEntries onError: org.apache.ratis.thirdparty.io.grpc.StatusRuntimeException: CANCELLED: cancelled before receiving half close
2019-07-13 19:28:42,342 INFO  impl.FollowerInfo (FollowerInfo.java:lambda$new$0(50)) - ee58ed2e-2e4c-4f98-b1c8-8f92b90669dd->ae3df460-8e6c-40f9-a646-080cc91d539e: nextIndex: updateUnconditionally 1 -> 0
2019-07-13 19:28:42,345 INFO  utils.BackgroundService (BackgroundService.java:shutdown(148)) - Shutting down service BlockDeletingService
2019-07-13 19:28:42,347 WARN  fs.CachingGetSpaceUsed (CachingGetSpaceUsed.java:run(183)) - Thread Interrupted waiting to refresh disk information: sleep interrupted
2019-07-13 19:28:42,355 INFO  utils.BackgroundService (BackgroundService.java:shutdown(148)) - Shutting down service BlockDeletingService
2019-07-13 19:28:42,356 WARN  fs.CachingGetSpaceUsed (CachingGetSpaceUsed.java:run(183)) - Thread Interrupted waiting to refresh disk information: sleep interrupted
2019-07-13 19:28:42,373 INFO  statemachine.DatanodeStateMachine (DatanodeStateMachine.java:stopDaemon(395)) - Ozone container server stopped.
2019-07-13 19:28:42,375 INFO  statemachine.DatanodeStateMachine (DatanodeStateMachine.java:stopDaemon(395)) - Ozone container server stopped.
2019-07-13 19:28:42,379 INFO  handler.ContextHandler (ContextHandler.java:doStop(910)) - Stopped o.e.j.w.WebAppContext@6a2d867d{/,null,UNAVAILABLE}{/hddsDatanode}
2019-07-13 19:28:42,379 INFO  handler.ContextHandler (ContextHandler.java:doStop(910)) - Stopped o.e.j.w.WebAppContext@7197b07f{/,null,UNAVAILABLE}{/hddsDatanode}
2019-07-13 19:28:42,380 INFO  server.AbstractConnector (AbstractConnector.java:doStop(318)) - Stopped ServerConnector@73bb1337{HTTP/1.1,[http/1.1]}{0.0.0.0:0}
2019-07-13 19:28:42,380 INFO  server.AbstractConnector (AbstractConnector.java:doStop(318)) - Stopped ServerConnector@1f10fec6{HTTP/1.1,[http/1.1]}{0.0.0.0:0}
2019-07-13 19:28:42,380 INFO  handler.ContextHandler (ContextHandler.java:doStop(910)) - Stopped o.e.j.s.ServletContextHandler@cc9ef8d{/static,jar:file:/home/user/.m2/repository/org/apache/hadoop/hadoop-hdds-container-service/0.5.0-SNAPSHOT/hadoop-hdds-container-service-0.5.0-SNAPSHOT.jar!/webapps/static,UNAVAILABLE}
2019-07-13 19:28:42,382 INFO  handler.ContextHandler (ContextHandler.java:doStop(910)) - Stopped o.e.j.s.ServletContextHandler@62ade015{/static,jar:file:/home/user/.m2/repository/org/apache/hadoop/hadoop-hdds-container-service/0.5.0-SNAPSHOT/hadoop-hdds-container-service-0.5.0-SNAPSHOT.jar!/webapps/static,UNAVAILABLE}
2019-07-13 19:28:42,382 INFO  handler.ContextHandler (ContextHandler.java:doStop(910)) - Stopped o.e.j.s.ServletContextHandler@1e30db85{/logs,file:///tmp/workdir/hadoop-ozone/integration-test/target/log,UNAVAILABLE}
2019-07-13 19:28:42,383 INFO  handler.ContextHandler (ContextHandler.java:doStop(910)) - Stopped o.e.j.s.ServletContextHandler@631c6d11{/logs,file:///tmp/workdir/hadoop-ozone/integration-test/target/log,UNAVAILABLE}
2019-07-13 19:28:42,384 INFO  datanode.ObjectStoreHandler (ObjectStoreHandler.java:close(155)) - Closing ObjectStoreHandler.
2019-07-13 19:28:42,385 INFO  ozone.HddsDatanodeService (HddsDatanodeService.java:stop(452)) - Stopped plug-in org.apache.hadoop.ozone.web.OzoneHddsDatanodeService@28e7bb31
2019-07-13 19:28:42,386 INFO  datanode.ObjectStoreHandler (ObjectStoreHandler.java:close(155)) - Closing ObjectStoreHandler.
2019-07-13 19:28:42,386 INFO  ozone.HddsDatanodeService (HddsDatanodeService.java:stop(452)) - Stopped plug-in org.apache.hadoop.ozone.web.OzoneHddsDatanodeService@b4732dc
2019-07-13 19:28:43,293 INFO  statemachine.DatanodeStateMachine (DatanodeStateMachine.java:lambda$startDaemon$0(350)) - Ozone container server started.
2019-07-13 19:28:43,342 INFO  statemachine.DatanodeStateMachine (DatanodeStateMachine.java:lambda$startDaemon$0(350)) - Ozone container server started.
2019-07-13 19:28:43,565 WARN  server.GrpcLogAppender (LogUtils.java:warn(134)) - ee58ed2e-2e4c-4f98-b1c8-8f92b90669dd->ae3df460-8e6c-40f9-a646-080cc91d539e: Failed appendEntries: org.apache.ratis.thirdparty.io.grpc.StatusRuntimeException: UNAVAILABLE: io exception
2019-07-13 19:28:43,567 INFO  impl.FollowerInfo (FollowerInfo.java:lambda$new$0(50)) - ee58ed2e-2e4c-4f98-b1c8-8f92b90669dd->ae3df460-8e6c-40f9-a646-080cc91d539e: nextIndex: updateUnconditionally 0 -> 0
2019-07-13 19:28:45,325 INFO  impl.FollowerState (FollowerState.java:run(106)) - a2675045-aace-44ca-bb65-8a5f92450560:group-64F343D4F2D0 changes to CANDIDATE, lastRpcTime:8298, electionTimeout:5014ms
2019-07-13 19:28:45,325 INFO  impl.RoleInfo (RoleInfo.java:shutdownFollowerState(121)) - a2675045-aace-44ca-bb65-8a5f92450560: shutdown FollowerState
2019-07-13 19:28:45,326 INFO  impl.RaftServerImpl (RaftServerImpl.java:setRole(171)) - a2675045-aace-44ca-bb65-8a5f92450560:group-64F343D4F2D0 changes role from FOLLOWER to CANDIDATE at term 1 for changeToCandidate
2019-07-13 19:28:45,326 INFO  impl.RoleInfo (RoleInfo.java:updateAndGet(143)) - a2675045-aace-44ca-bb65-8a5f92450560: start LeaderElection
2019-07-13 19:28:45,327 INFO  impl.RaftServerImpl (ServerState.java:setLeader(263)) - a2675045-aace-44ca-bb65-8a5f92450560:group-64F343D4F2D0 change Leader from 6d67d047-43fa-44c3-a5c1-93138c27aeb7 to null at term 1 for initElection
2019-07-13 19:28:45,343 INFO  impl.LeaderElection (LeaderElection.java:askForVotes(181)) - a2675045-aace-44ca-bb65-8a5f92450560:group-64F343D4F2D0:LeaderElection12: begin an election at term 2 for 0: [579aa93c-41e7-4ba5-b82c-9c867bfee119:192.168.69.122:34716, 6d67d047-43fa-44c3-a5c1-93138c27aeb7:192.168.69.122:35782, a2675045-aace-44ca-bb65-8a5f92450560:192.168.69.122:46397], old=null
2019-07-13 19:28:45,354 INFO  impl.LeaderElection (LogUtils.java:infoOrTrace(149)) - a2675045-aace-44ca-bb65-8a5f92450560:group-64F343D4F2D0:LeaderElection12 got exception when requesting votes: {}
java.util.concurrent.ExecutionException: org.apache.ratis.thirdparty.io.grpc.StatusRuntimeException: UNAVAILABLE: io exception
	at java.util.concurrent.FutureTask.report(FutureTask.java:122)
	at java.util.concurrent.FutureTask.get(FutureTask.java:192)
	at org.apache.ratis.server.impl.LeaderElection.waitForResults(LeaderElection.java:262)
	at org.apache.ratis.server.impl.LeaderElection.askForVotes(LeaderElection.java:200)
	at org.apache.ratis.server.impl.LeaderElection.run(LeaderElection.java:130)
	at java.lang.Thread.run(Thread.java:748)
Caused by: org.apache.ratis.thirdparty.io.grpc.StatusRuntimeException: UNAVAILABLE: io exception
	at org.apache.ratis.thirdparty.io.grpc.stub.ClientCalls.toStatusRuntimeException(ClientCalls.java:233)
	at org.apache.ratis.thirdparty.io.grpc.stub.ClientCalls.getUnchecked(ClientCalls.java:214)
	at org.apache.ratis.thirdparty.io.grpc.stub.ClientCalls.blockingUnaryCall(ClientCalls.java:139)
	at org.apache.ratis.proto.grpc.RaftServerProtocolServiceGrpc$RaftServerProtocolServiceBlockingStub.requestVote(RaftServerProtocolServiceGrpc.java:265)
	at org.apache.ratis.grpc.server.GrpcServerProtocolClient.requestVote(GrpcServerProtocolClient.java:83)
	at org.apache.ratis.grpc.server.GrpcService.requestVote(GrpcService.java:195)
	at org.apache.ratis.server.impl.LeaderElection.lambda$submitRequests$1(LeaderElection.java:237)
	at java.util.concurrent.FutureTask.run(FutureTask.java:266)
	at java.util.concurrent.Executors$RunnableAdapter.call(Executors.java:511)
	at java.util.concurrent.FutureTask.run(FutureTask.java:266)
	at java.util.concurrent.ThreadPoolExecutor.runWorker(ThreadPoolExecutor.java:1149)
	at java.util.concurrent.ThreadPoolExecutor$Worker.run(ThreadPoolExecutor.java:624)
	... 1 more
Caused by: org.apache.ratis.thirdparty.io.netty.channel.AbstractChannel$AnnotatedConnectException: Connection refused: /192.168.69.122:34716
	at sun.nio.ch.SocketChannelImpl.checkConnect(Native Method)
	at sun.nio.ch.SocketChannelImpl.finishConnect(SocketChannelImpl.java:717)
	at org.apache.ratis.thirdparty.io.netty.channel.socket.nio.NioSocketChannel.doFinishConnect(NioSocketChannel.java:327)
	at org.apache.ratis.thirdparty.io.netty.channel.nio.AbstractNioChannel$AbstractNioUnsafe.finishConnect(AbstractNioChannel.java:340)
	at org.apache.ratis.thirdparty.io.netty.channel.nio.NioEventLoop.processSelectedKey(NioEventLoop.java:632)
	at org.apache.ratis.thirdparty.io.netty.channel.nio.NioEventLoop.processSelectedKeysOptimized(NioEventLoop.java:579)
	at org.apache.ratis.thirdparty.io.netty.channel.nio.NioEventLoop.processSelectedKeys(NioEventLoop.java:496)
	at org.apache.ratis.thirdparty.io.netty.channel.nio.NioEventLoop.run(NioEventLoop.java:458)
	at org.apache.ratis.thirdparty.io.netty.util.concurrent.SingleThreadEventExecutor$5.run(SingleThreadEventExecutor.java:897)
	at org.apache.ratis.thirdparty.io.netty.util.concurrent.FastThreadLocalRunnable.run(FastThreadLocalRunnable.java:30)
	... 1 more
Caused by: java.net.ConnectException: Connection refused
	... 11 more
2019-07-13 19:28:45,358 INFO  impl.LeaderElection (LogUtils.java:infoOrTrace(149)) - a2675045-aace-44ca-bb65-8a5f92450560:group-64F343D4F2D0:LeaderElection12 got exception when requesting votes: {}
java.util.concurrent.ExecutionException: org.apache.ratis.thirdparty.io.grpc.StatusRuntimeException: UNAVAILABLE: io exception
	at java.util.concurrent.FutureTask.report(FutureTask.java:122)
	at java.util.concurrent.FutureTask.get(FutureTask.java:192)
	at org.apache.ratis.server.impl.LeaderElection.waitForResults(LeaderElection.java:262)
	at org.apache.ratis.server.impl.LeaderElection.askForVotes(LeaderElection.java:200)
	at org.apache.ratis.server.impl.LeaderElection.run(LeaderElection.java:130)
	at java.lang.Thread.run(Thread.java:748)
Caused by: org.apache.ratis.thirdparty.io.grpc.StatusRuntimeException: UNAVAILABLE: io exception
	at org.apache.ratis.thirdparty.io.grpc.stub.ClientCalls.toStatusRuntimeException(ClientCalls.java:233)
	at org.apache.ratis.thirdparty.io.grpc.stub.ClientCalls.getUnchecked(ClientCalls.java:214)
	at org.apache.ratis.thirdparty.io.grpc.stub.ClientCalls.blockingUnaryCall(ClientCalls.java:139)
	at org.apache.ratis.proto.grpc.RaftServerProtocolServiceGrpc$RaftServerProtocolServiceBlockingStub.requestVote(RaftServerProtocolServiceGrpc.java:265)
	at org.apache.ratis.grpc.server.GrpcServerProtocolClient.requestVote(GrpcServerProtocolClient.java:83)
	at org.apache.ratis.grpc.server.GrpcService.requestVote(GrpcService.java:195)
	at org.apache.ratis.server.impl.LeaderElection.lambda$submitRequests$1(LeaderElection.java:237)
	at java.util.concurrent.FutureTask.run(FutureTask.java:266)
	at java.util.concurrent.Executors$RunnableAdapter.call(Executors.java:511)
	at java.util.concurrent.FutureTask.run(FutureTask.java:266)
	at java.util.concurrent.ThreadPoolExecutor.runWorker(ThreadPoolExecutor.java:1149)
	at java.util.concurrent.ThreadPoolExecutor$Worker.run(ThreadPoolExecutor.java:624)
	... 1 more
Caused by: org.apache.ratis.thirdparty.io.netty.channel.AbstractChannel$AnnotatedConnectException: Connection refused: /192.168.69.122:35782
	at sun.nio.ch.SocketChannelImpl.checkConnect(Native Method)
	at sun.nio.ch.SocketChannelImpl.finishConnect(SocketChannelImpl.java:717)
	at org.apache.ratis.thirdparty.io.netty.channel.socket.nio.NioSocketChannel.doFinishConnect(NioSocketChannel.java:327)
	at org.apache.ratis.thirdparty.io.netty.channel.nio.AbstractNioChannel$AbstractNioUnsafe.finishConnect(AbstractNioChannel.java:340)
	at org.apache.ratis.thirdparty.io.netty.channel.nio.NioEventLoop.processSelectedKey(NioEventLoop.java:632)
	at org.apache.ratis.thirdparty.io.netty.channel.nio.NioEventLoop.processSelectedKeysOptimized(NioEventLoop.java:579)
	at org.apache.ratis.thirdparty.io.netty.channel.nio.NioEventLoop.processSelectedKeys(NioEventLoop.java:496)
	at org.apache.ratis.thirdparty.io.netty.channel.nio.NioEventLoop.run(NioEventLoop.java:458)
	at org.apache.ratis.thirdparty.io.netty.util.concurrent.SingleThreadEventExecutor$5.run(SingleThreadEventExecutor.java:897)
	at org.apache.ratis.thirdparty.io.netty.util.concurrent.FastThreadLocalRunnable.run(FastThreadLocalRunnable.java:30)
	... 1 more
Caused by: java.net.ConnectException: Connection refused
	... 11 more
2019-07-13 19:28:45,360 INFO  impl.LeaderElection (LeaderElection.java:logAndReturn(56)) - a2675045-aace-44ca-bb65-8a5f92450560:group-64F343D4F2D0:LeaderElection12: Election REJECTED; received 0 response(s) [] and 2 exception(s); a2675045-aace-44ca-bb65-8a5f92450560:t2, leader=null, voted=a2675045-aace-44ca-bb65-8a5f92450560, raftlog=a2675045-aace-44ca-bb65-8a5f92450560-SegmentedRaftLog:OPENED:c4,f4,i4, conf=0: [579aa93c-41e7-4ba5-b82c-9c867bfee119:192.168.69.122:34716, 6d67d047-43fa-44c3-a5c1-93138c27aeb7:192.168.69.122:35782, a2675045-aace-44ca-bb65-8a5f92450560:192.168.69.122:46397], old=null
2019-07-13 19:28:45,361 INFO  impl.LeaderElection (LogUtils.java:infoOrTrace(149)) -   Exception 0: {}
java.util.concurrent.ExecutionException: org.apache.ratis.thirdparty.io.grpc.StatusRuntimeException: UNAVAILABLE: io exception
	at java.util.concurrent.FutureTask.report(FutureTask.java:122)
	at java.util.concurrent.FutureTask.get(FutureTask.java:192)
	at org.apache.ratis.server.impl.LeaderElection.waitForResults(LeaderElection.java:262)
	at org.apache.ratis.server.impl.LeaderElection.askForVotes(LeaderElection.java:200)
	at org.apache.ratis.server.impl.LeaderElection.run(LeaderElection.java:130)
	at java.lang.Thread.run(Thread.java:748)
Caused by: org.apache.ratis.thirdparty.io.grpc.StatusRuntimeException: UNAVAILABLE: io exception
	at org.apache.ratis.thirdparty.io.grpc.stub.ClientCalls.toStatusRuntimeException(ClientCalls.java:233)
	at org.apache.ratis.thirdparty.io.grpc.stub.ClientCalls.getUnchecked(ClientCalls.java:214)
	at org.apache.ratis.thirdparty.io.grpc.stub.ClientCalls.blockingUnaryCall(ClientCalls.java:139)
	at org.apache.ratis.proto.grpc.RaftServerProtocolServiceGrpc$RaftServerProtocolServiceBlockingStub.requestVote(RaftServerProtocolServiceGrpc.java:265)
	at org.apache.ratis.grpc.server.GrpcServerProtocolClient.requestVote(GrpcServerProtocolClient.java:83)
	at org.apache.ratis.grpc.server.GrpcService.requestVote(GrpcService.java:195)
	at org.apache.ratis.server.impl.LeaderElection.lambda$submitRequests$1(LeaderElection.java:237)
	at java.util.concurrent.FutureTask.run(FutureTask.java:266)
	at java.util.concurrent.Executors$RunnableAdapter.call(Executors.java:511)
	at java.util.concurrent.FutureTask.run(FutureTask.java:266)
	at java.util.concurrent.ThreadPoolExecutor.runWorker(ThreadPoolExecutor.java:1149)
	at java.util.concurrent.ThreadPoolExecutor$Worker.run(ThreadPoolExecutor.java:624)
	... 1 more
Caused by: org.apache.ratis.thirdparty.io.netty.channel.AbstractChannel$AnnotatedConnectException: Connection refused: /192.168.69.122:34716
	at sun.nio.ch.SocketChannelImpl.checkConnect(Native Method)
	at sun.nio.ch.SocketChannelImpl.finishConnect(SocketChannelImpl.java:717)
	at org.apache.ratis.thirdparty.io.netty.channel.socket.nio.NioSocketChannel.doFinishConnect(NioSocketChannel.java:327)
	at org.apache.ratis.thirdparty.io.netty.channel.nio.AbstractNioChannel$AbstractNioUnsafe.finishConnect(AbstractNioChannel.java:340)
	at org.apache.ratis.thirdparty.io.netty.channel.nio.NioEventLoop.processSelectedKey(NioEventLoop.java:632)
	at org.apache.ratis.thirdparty.io.netty.channel.nio.NioEventLoop.processSelectedKeysOptimized(NioEventLoop.java:579)
	at org.apache.ratis.thirdparty.io.netty.channel.nio.NioEventLoop.processSelectedKeys(NioEventLoop.java:496)
	at org.apache.ratis.thirdparty.io.netty.channel.nio.NioEventLoop.run(NioEventLoop.java:458)
	at org.apache.ratis.thirdparty.io.netty.util.concurrent.SingleThreadEventExecutor$5.run(SingleThreadEventExecutor.java:897)
	at org.apache.ratis.thirdparty.io.netty.util.concurrent.FastThreadLocalRunnable.run(FastThreadLocalRunnable.java:30)
	... 1 more
Caused by: java.net.ConnectException: Connection refused
	... 11 more
2019-07-13 19:28:45,361 INFO  impl.LeaderElection (LogUtils.java:infoOrTrace(149)) -   Exception 1: {}
java.util.concurrent.ExecutionException: org.apache.ratis.thirdparty.io.grpc.StatusRuntimeException: UNAVAILABLE: io exception
	at java.util.concurrent.FutureTask.report(FutureTask.java:122)
	at java.util.concurrent.FutureTask.get(FutureTask.java:192)
	at org.apache.ratis.server.impl.LeaderElection.waitForResults(LeaderElection.java:262)
	at org.apache.ratis.server.impl.LeaderElection.askForVotes(LeaderElection.java:200)
	at org.apache.ratis.server.impl.LeaderElection.run(LeaderElection.java:130)
	at java.lang.Thread.run(Thread.java:748)
Caused by: org.apache.ratis.thirdparty.io.grpc.StatusRuntimeException: UNAVAILABLE: io exception
	at org.apache.ratis.thirdparty.io.grpc.stub.ClientCalls.toStatusRuntimeException(ClientCalls.java:233)
	at org.apache.ratis.thirdparty.io.grpc.stub.ClientCalls.getUnchecked(ClientCalls.java:214)
	at org.apache.ratis.thirdparty.io.grpc.stub.ClientCalls.blockingUnaryCall(ClientCalls.java:139)
	at org.apache.ratis.proto.grpc.RaftServerProtocolServiceGrpc$RaftServerProtocolServiceBlockingStub.requestVote(RaftServerProtocolServiceGrpc.java:265)
	at org.apache.ratis.grpc.server.GrpcServerProtocolClient.requestVote(GrpcServerProtocolClient.java:83)
	at org.apache.ratis.grpc.server.GrpcService.requestVote(GrpcService.java:195)
	at org.apache.ratis.server.impl.LeaderElection.lambda$submitRequests$1(LeaderElection.java:237)
	at java.util.concurrent.FutureTask.run(FutureTask.java:266)
	at java.util.concurrent.Executors$RunnableAdapter.call(Executors.java:511)
	at java.util.concurrent.FutureTask.run(FutureTask.java:266)
	at java.util.concurrent.ThreadPoolExecutor.runWorker(ThreadPoolExecutor.java:1149)
	at java.util.concurrent.ThreadPoolExecutor$Worker.run(ThreadPoolExecutor.java:624)
	... 1 more
Caused by: org.apache.ratis.thirdparty.io.netty.channel.AbstractChannel$AnnotatedConnectException: Connection refused: /192.168.69.122:35782
	at sun.nio.ch.SocketChannelImpl.checkConnect(Native Method)
	at sun.nio.ch.SocketChannelImpl.finishConnect(SocketChannelImpl.java:717)
	at org.apache.ratis.thirdparty.io.netty.channel.socket.nio.NioSocketChannel.doFinishConnect(NioSocketChannel.java:327)
	at org.apache.ratis.thirdparty.io.netty.channel.nio.AbstractNioChannel$AbstractNioUnsafe.finishConnect(AbstractNioChannel.java:340)
	at org.apache.ratis.thirdparty.io.netty.channel.nio.NioEventLoop.processSelectedKey(NioEventLoop.java:632)
	at org.apache.ratis.thirdparty.io.netty.channel.nio.NioEventLoop.processSelectedKeysOptimized(NioEventLoop.java:579)
	at org.apache.ratis.thirdparty.io.netty.channel.nio.NioEventLoop.processSelectedKeys(NioEventLoop.java:496)
	at org.apache.ratis.thirdparty.io.netty.channel.nio.NioEventLoop.run(NioEventLoop.java:458)
	at org.apache.ratis.thirdparty.io.netty.util.concurrent.SingleThreadEventExecutor$5.run(SingleThreadEventExecutor.java:897)
	at org.apache.ratis.thirdparty.io.netty.util.concurrent.FastThreadLocalRunnable.run(FastThreadLocalRunnable.java:30)
	... 1 more
Caused by: java.net.ConnectException: Connection refused
	... 11 more
2019-07-13 19:28:45,362 INFO  impl.RaftServerImpl (RaftServerImpl.java:setRole(171)) - a2675045-aace-44ca-bb65-8a5f92450560:group-64F343D4F2D0 changes role from CANDIDATE to FOLLOWER at term 2 for DISCOVERED_A_NEW_TERM
2019-07-13 19:28:45,363 INFO  impl.RoleInfo (RoleInfo.java:shutdownLeaderElection(134)) - a2675045-aace-44ca-bb65-8a5f92450560: shutdown LeaderElection
2019-07-13 19:28:45,364 INFO  impl.RoleInfo (RoleInfo.java:updateAndGet(143)) - a2675045-aace-44ca-bb65-8a5f92450560: start FollowerState
2019-07-13 19:28:46,063 WARN  server.GrpcLogAppender (LogUtils.java:warn(134)) - ee58ed2e-2e4c-4f98-b1c8-8f92b90669dd->ae3df460-8e6c-40f9-a646-080cc91d539e: Failed appendEntries: org.apache.ratis.thirdparty.io.grpc.StatusRuntimeException: UNAVAILABLE: io exception
2019-07-13 19:28:46,065 INFO  impl.FollowerInfo (FollowerInfo.java:lambda$new$0(50)) - ee58ed2e-2e4c-4f98-b1c8-8f92b90669dd->ae3df460-8e6c-40f9-a646-080cc91d539e: nextIndex: updateUnconditionally 0 -> 0
2019-07-13 19:28:47,386 INFO  ozoneimpl.OzoneContainer (OzoneContainer.java:stop(199)) - Attempting to stop container services.
2019-07-13 19:28:47,387 INFO  impl.RaftServerProxy (RaftServerProxy.java:lambda$close$4(314)) - ee58ed2e-2e4c-4f98-b1c8-8f92b90669dd: close
2019-07-13 19:28:47,387 INFO  ozoneimpl.OzoneContainer (OzoneContainer.java:stop(199)) - Attempting to stop container services.
2019-07-13 19:28:47,387 INFO  impl.RaftServerImpl (RaftServerImpl.java:lambda$shutdown$3(245)) - ee58ed2e-2e4c-4f98-b1c8-8f92b90669dd: shutdown group-9D108BBBE81F
2019-07-13 19:28:47,388 INFO  impl.RaftServerProxy (RaftServerProxy.java:lambda$close$4(314)) - 641a3f2a-10d0-4978-9d9f-4af2391f0f09: close
2019-07-13 19:28:47,388 INFO  util.JmxRegister (JmxRegister.java:unregister(73)) - Successfully un-registered JMX Bean with object name Ratis:service=RaftServer,group=group-9D108BBBE81F,id=ee58ed2e-2e4c-4f98-b1c8-8f92b90669dd
2019-07-13 19:28:47,388 INFO  impl.RaftServerImpl (RaftServerImpl.java:lambda$shutdown$3(245)) - 641a3f2a-10d0-4978-9d9f-4af2391f0f09: shutdown group-EBB9D456E335
2019-07-13 19:28:47,389 INFO  impl.RoleInfo (RoleInfo.java:shutdownLeaderState(104)) - ee58ed2e-2e4c-4f98-b1c8-8f92b90669dd: shutdown LeaderState
2019-07-13 19:28:47,389 INFO  util.JmxRegister (JmxRegister.java:unregister(73)) - Successfully un-registered JMX Bean with object name Ratis:service=RaftServer,group=group-EBB9D456E335,id=641a3f2a-10d0-4978-9d9f-4af2391f0f09
2019-07-13 19:28:47,390 INFO  impl.PendingRequests (PendingRequests.java:sendNotLeaderResponses(202)) - ee58ed2e-2e4c-4f98-b1c8-8f92b90669dd-PendingRequests: sendNotLeaderResponses
2019-07-13 19:28:47,390 INFO  impl.RoleInfo (RoleInfo.java:shutdownLeaderState(104)) - 641a3f2a-10d0-4978-9d9f-4af2391f0f09: shutdown LeaderState
2019-07-13 19:28:47,391 INFO  ratis.ContainerStateMachine (ContainerStateMachine.java:takeSnapshot(246)) - Taking snapshot at termIndex:(t:0, i:~)
2019-07-13 19:28:47,391 INFO  impl.StateMachineUpdater (StateMachineUpdater.java:stopAndJoin(115)) - StateMachineUpdater:ee58ed2e-2e4c-4f98-b1c8-8f92b90669dd:group-9D108BBBE81F: set stopIndex = 0
2019-07-13 19:28:47,391 INFO  impl.RaftServerImpl (ServerState.java:close(394)) - ee58ed2e-2e4c-4f98-b1c8-8f92b90669dd:group-9D108BBBE81F closes. The last applied log index is 0
2019-07-13 19:28:47,391 INFO  impl.PendingRequests (PendingRequests.java:sendNotLeaderResponses(202)) - 641a3f2a-10d0-4978-9d9f-4af2391f0f09-PendingRequests: sendNotLeaderResponses
2019-07-13 19:28:47,392 INFO  segmented.SegmentedRaftLogWorker (SegmentedRaftLogWorker.java:run(313)) - ee58ed2e-2e4c-4f98-b1c8-8f92b90669dd-SegmentedRaftLogWorker:Storage Directory /tmp/workdir/hadoop-ozone/integration-test/target/test-dir/MiniOzoneClusterImpl-8870e792-62d6-436f-b6cb-4a829b9a395c/datanode-6/data/ratis/b1cbba51-910f-436d-9847-9d108bbbe81f was interrupted, exiting. There are 0 tasks remaining in the queue.
2019-07-13 19:28:47,392 INFO  impl.StateMachineUpdater (StateMachineUpdater.java:stopAndJoin(115)) - StateMachineUpdater:641a3f2a-10d0-4978-9d9f-4af2391f0f09:group-EBB9D456E335: set stopIndex = 0
2019-07-13 19:28:47,393 INFO  segmented.SegmentedRaftLogWorker (SegmentedRaftLogWorker.java:close(228)) - ee58ed2e-2e4c-4f98-b1c8-8f92b90669dd-SegmentedRaftLogWorker:Storage Directory /tmp/workdir/hadoop-ozone/integration-test/target/test-dir/MiniOzoneClusterImpl-8870e792-62d6-436f-b6cb-4a829b9a395c/datanode-6/data/ratis/b1cbba51-910f-436d-9847-9d108bbbe81f close()
2019-07-13 19:28:47,393 INFO  ratis.ContainerStateMachine (ContainerStateMachine.java:takeSnapshot(246)) - Taking snapshot at termIndex:(t:0, i:~)
2019-07-13 19:28:47,396 INFO  impl.RaftServerImpl (RaftServerImpl.java:lambda$shutdown$3(245)) - ee58ed2e-2e4c-4f98-b1c8-8f92b90669dd: shutdown group-97DA876A51F8
2019-07-13 19:28:47,396 INFO  impl.RaftServerImpl (ServerState.java:close(394)) - 641a3f2a-10d0-4978-9d9f-4af2391f0f09:group-EBB9D456E335 closes. The last applied log index is 0
2019-07-13 19:28:47,396 INFO  util.JmxRegister (JmxRegister.java:unregister(73)) - Successfully un-registered JMX Bean with object name Ratis:service=RaftServer,group=group-97DA876A51F8,id=ee58ed2e-2e4c-4f98-b1c8-8f92b90669dd
2019-07-13 19:28:47,397 INFO  segmented.SegmentedRaftLogWorker (SegmentedRaftLogWorker.java:run(313)) - 641a3f2a-10d0-4978-9d9f-4af2391f0f09-SegmentedRaftLogWorker:Storage Directory /tmp/workdir/hadoop-ozone/integration-test/target/test-dir/MiniOzoneClusterImpl-8870e792-62d6-436f-b6cb-4a829b9a395c/datanode-0/data/ratis/ba0a8666-fcd8-4311-9ab8-ebb9d456e335 was interrupted, exiting. There are 0 tasks remaining in the queue.
2019-07-13 19:28:47,397 INFO  impl.RoleInfo (RoleInfo.java:shutdownLeaderState(104)) - ee58ed2e-2e4c-4f98-b1c8-8f92b90669dd: shutdown LeaderState
2019-07-13 19:28:47,397 INFO  segmented.SegmentedRaftLogWorker (SegmentedRaftLogWorker.java:close(228)) - 641a3f2a-10d0-4978-9d9f-4af2391f0f09-SegmentedRaftLogWorker:Storage Directory /tmp/workdir/hadoop-ozone/integration-test/target/test-dir/MiniOzoneClusterImpl-8870e792-62d6-436f-b6cb-4a829b9a395c/datanode-0/data/ratis/ba0a8666-fcd8-4311-9ab8-ebb9d456e335 close()
2019-07-13 19:28:47,400 WARN  server.GrpcLogAppender (GrpcLogAppender.java:mayWait(143)) - GrpcLogAppender(ee58ed2e-2e4c-4f98-b1c8-8f92b90669dd->ae3df460-8e6c-40f9-a646-080cc91d539e): Wait interrupted by java.lang.InterruptedException
2019-07-13 19:28:47,402 INFO  impl.RaftServerImpl (RaftServerImpl.java:lambda$shutdown$3(245)) - 641a3f2a-10d0-4978-9d9f-4af2391f0f09: shutdown group-97DA876A51F8
2019-07-13 19:28:47,400 WARN  server.GrpcLogAppender (GrpcLogAppender.java:mayWait(143)) - GrpcLogAppender(ee58ed2e-2e4c-4f98-b1c8-8f92b90669dd->641a3f2a-10d0-4978-9d9f-4af2391f0f09): Wait interrupted by java.lang.InterruptedException
2019-07-13 19:28:47,400 INFO  impl.PendingRequests (PendingRequests.java:sendNotLeaderResponses(202)) - ee58ed2e-2e4c-4f98-b1c8-8f92b90669dd-PendingRequests: sendNotLeaderResponses
2019-07-13 19:28:47,403 INFO  util.JmxRegister (JmxRegister.java:unregister(73)) - Successfully un-registered JMX Bean with object name Ratis:service=RaftServer,group=group-97DA876A51F8,id=641a3f2a-10d0-4978-9d9f-4af2391f0f09
2019-07-13 19:28:47,406 INFO  impl.RoleInfo (RoleInfo.java:shutdownFollowerState(121)) - 641a3f2a-10d0-4978-9d9f-4af2391f0f09: shutdown FollowerState
2019-07-13 19:28:47,406 INFO  impl.StateMachineUpdater (StateMachineUpdater.java:stopAndJoin(115)) - StateMachineUpdater:641a3f2a-10d0-4978-9d9f-4af2391f0f09:group-97DA876A51F8: set stopIndex = 0
2019-07-13 19:28:47,406 INFO  ratis.ContainerStateMachine (ContainerStateMachine.java:takeSnapshot(246)) - Taking snapshot at termIndex:(t:0, i:~)
2019-07-13 19:28:47,406 INFO  impl.StateMachineUpdater (StateMachineUpdater.java:stopAndJoin(115)) - StateMachineUpdater:ee58ed2e-2e4c-4f98-b1c8-8f92b90669dd:group-97DA876A51F8: set stopIndex = 0
2019-07-13 19:28:47,410 INFO  impl.RaftServerImpl (ServerState.java:close(394)) - ee58ed2e-2e4c-4f98-b1c8-8f92b90669dd:group-97DA876A51F8 closes. The last applied log index is 0
2019-07-13 19:28:47,406 INFO  ratis.ContainerStateMachine (ContainerStateMachine.java:takeSnapshot(246)) - Taking snapshot at termIndex:(t:0, i:~)
2019-07-13 19:28:47,406 INFO  impl.FollowerState (FollowerState.java:run(114)) - 641a3f2a-10d0-4978-9d9f-4af2391f0f09: FollowerState was interrupted: java.lang.InterruptedException: sleep interrupted
2019-07-13 19:28:47,411 INFO  impl.RaftServerImpl (ServerState.java:close(394)) - 641a3f2a-10d0-4978-9d9f-4af2391f0f09:group-97DA876A51F8 closes. The last applied log index is 0
2019-07-13 19:28:47,406 INFO  server.GrpcServerProtocolService (GrpcServerProtocolService.java:onCompleted(104)) - 641a3f2a-10d0-4978-9d9f-4af2391f0f09: appendEntries completed
2019-07-13 19:28:47,411 INFO  segmented.SegmentedRaftLogWorker (SegmentedRaftLogWorker.java:run(313)) - 641a3f2a-10d0-4978-9d9f-4af2391f0f09-SegmentedRaftLogWorker:Storage Directory /tmp/workdir/hadoop-ozone/integration-test/target/test-dir/MiniOzoneClusterImpl-8870e792-62d6-436f-b6cb-4a829b9a395c/datanode-0/data/ratis/1c27161a-cfef-436d-818a-97da876a51f8 was interrupted, exiting. There are 0 tasks remaining in the queue.
2019-07-13 19:28:47,410 INFO  segmented.SegmentedRaftLogWorker (SegmentedRaftLogWorker.java:run(313)) - ee58ed2e-2e4c-4f98-b1c8-8f92b90669dd-SegmentedRaftLogWorker:Storage Directory /tmp/workdir/hadoop-ozone/integration-test/target/test-dir/MiniOzoneClusterImpl-8870e792-62d6-436f-b6cb-4a829b9a395c/datanode-6/data/ratis/1c27161a-cfef-436d-818a-97da876a51f8 was interrupted, exiting. There are 0 tasks remaining in the queue.
2019-07-13 19:28:47,411 INFO  segmented.SegmentedRaftLogWorker (SegmentedRaftLogWorker.java:close(228)) - 641a3f2a-10d0-4978-9d9f-4af2391f0f09-SegmentedRaftLogWorker:Storage Directory /tmp/workdir/hadoop-ozone/integration-test/target/test-dir/MiniOzoneClusterImpl-8870e792-62d6-436f-b6cb-4a829b9a395c/datanode-0/data/ratis/1c27161a-cfef-436d-818a-97da876a51f8 close()
2019-07-13 19:28:47,412 INFO  segmented.SegmentedRaftLogWorker (SegmentedRaftLogWorker.java:close(228)) - ee58ed2e-2e4c-4f98-b1c8-8f92b90669dd-SegmentedRaftLogWorker:Storage Directory /tmp/workdir/hadoop-ozone/integration-test/target/test-dir/MiniOzoneClusterImpl-8870e792-62d6-436f-b6cb-4a829b9a395c/datanode-6/data/ratis/1c27161a-cfef-436d-818a-97da876a51f8 close()
2019-07-13 19:28:47,414 INFO  server.GrpcLogAppender (GrpcLogAppender.java:onCompleted(292)) - ee58ed2e-2e4c-4f98-b1c8-8f92b90669dd->641a3f2a-10d0-4978-9d9f-4af2391f0f09: follower responses appendEntries COMPLETED
2019-07-13 19:28:47,413 INFO  server.GrpcService (GrpcService.java:closeImpl(155)) - 641a3f2a-10d0-4978-9d9f-4af2391f0f09: shutdown server with port 35732 now
2019-07-13 19:28:47,415 INFO  server.GrpcService (GrpcService.java:closeImpl(155)) - ee58ed2e-2e4c-4f98-b1c8-8f92b90669dd: shutdown server with port 38562 now
2019-07-13 19:28:47,417 INFO  impl.FollowerInfo (FollowerInfo.java:lambda$new$0(50)) - ee58ed2e-2e4c-4f98-b1c8-8f92b90669dd->641a3f2a-10d0-4978-9d9f-4af2391f0f09: nextIndex: updateUnconditionally 1 -> 0
2019-07-13 19:28:47,418 INFO  server.GrpcService (GrpcService.java:closeImpl(163)) - 641a3f2a-10d0-4978-9d9f-4af2391f0f09: shutdown server with port 35732 successfully
2019-07-13 19:28:47,418 INFO  server.GrpcService (GrpcService.java:closeImpl(163)) - ee58ed2e-2e4c-4f98-b1c8-8f92b90669dd: shutdown server with port 38562 successfully
2019-07-13 19:28:47,420 INFO  utils.BackgroundService (BackgroundService.java:shutdown(148)) - Shutting down service BlockDeletingService
2019-07-13 19:28:47,423 WARN  fs.CachingGetSpaceUsed (CachingGetSpaceUsed.java:run(183)) - Thread Interrupted waiting to refresh disk information: sleep interrupted
2019-07-13 19:28:47,436 INFO  utils.BackgroundService (BackgroundService.java:shutdown(148)) - Shutting down service BlockDeletingService
2019-07-13 19:28:47,440 WARN  fs.CachingGetSpaceUsed (CachingGetSpaceUsed.java:run(183)) - Thread Interrupted waiting to refresh disk information: sleep interrupted
2019-07-13 19:28:47,444 INFO  statemachine.DatanodeStateMachine (DatanodeStateMachine.java:stopDaemon(395)) - Ozone container server stopped.
2019-07-13 19:28:47,445 INFO  handler.ContextHandler (ContextHandler.java:doStop(910)) - Stopped o.e.j.w.WebAppContext@418f0534{/,null,UNAVAILABLE}{/hddsDatanode}
2019-07-13 19:28:47,446 INFO  server.AbstractConnector (AbstractConnector.java:doStop(318)) - Stopped ServerConnector@3dfd7eaa{HTTP/1.1,[http/1.1]}{0.0.0.0:0}
2019-07-13 19:28:47,446 INFO  handler.ContextHandler (ContextHandler.java:doStop(910)) - Stopped o.e.j.s.ServletContextHandler@782fd504{/static,jar:file:/home/user/.m2/repository/org/apache/hadoop/hadoop-hdds-container-service/0.5.0-SNAPSHOT/hadoop-hdds-container-service-0.5.0-SNAPSHOT.jar!/webapps/static,UNAVAILABLE}
2019-07-13 19:28:47,447 INFO  handler.ContextHandler (ContextHandler.java:doStop(910)) - Stopped o.e.j.s.ServletContextHandler@6568f998{/logs,file:///tmp/workdir/hadoop-ozone/integration-test/target/log,UNAVAILABLE}
2019-07-13 19:28:47,449 INFO  datanode.ObjectStoreHandler (ObjectStoreHandler.java:close(155)) - Closing ObjectStoreHandler.
2019-07-13 19:28:47,449 INFO  ozone.HddsDatanodeService (HddsDatanodeService.java:stop(452)) - Stopped plug-in org.apache.hadoop.ozone.web.OzoneHddsDatanodeService@16f15ae9
2019-07-13 19:28:47,460 INFO  statemachine.DatanodeStateMachine (DatanodeStateMachine.java:stopDaemon(395)) - Ozone container server stopped.
2019-07-13 19:28:47,464 INFO  handler.ContextHandler (ContextHandler.java:doStop(910)) - Stopped o.e.j.w.WebAppContext@37e0292a{/,null,UNAVAILABLE}{/hddsDatanode}
2019-07-13 19:28:47,465 INFO  server.AbstractConnector (AbstractConnector.java:doStop(318)) - Stopped ServerConnector@4af70944{HTTP/1.1,[http/1.1]}{0.0.0.0:0}
2019-07-13 19:28:47,466 INFO  handler.ContextHandler (ContextHandler.java:doStop(910)) - Stopped o.e.j.s.ServletContextHandler@7915bca3{/static,jar:file:/home/user/.m2/repository/org/apache/hadoop/hadoop-hdds-container-service/0.5.0-SNAPSHOT/hadoop-hdds-container-service-0.5.0-SNAPSHOT.jar!/webapps/static,UNAVAILABLE}
2019-07-13 19:28:47,467 INFO  handler.ContextHandler (ContextHandler.java:doStop(910)) - Stopped o.e.j.s.ServletContextHandler@36cc9385{/logs,file:///tmp/workdir/hadoop-ozone/integration-test/target/log,UNAVAILABLE}
2019-07-13 19:28:47,960 INFO  statemachine.DatanodeStateMachine (DatanodeStateMachine.java:lambda$startDaemon$0(350)) - Ozone container server started.
2019-07-13 19:28:50,565 INFO  impl.FollowerState (FollowerState.java:run(106)) - a2675045-aace-44ca-bb65-8a5f92450560:group-64F343D4F2D0 changes to CANDIDATE, lastRpcTime:5201, electionTimeout:5199ms
2019-07-13 19:28:50,565 INFO  impl.RoleInfo (RoleInfo.java:shutdownFollowerState(121)) - a2675045-aace-44ca-bb65-8a5f92450560: shutdown FollowerState
2019-07-13 19:28:50,566 INFO  impl.RaftServerImpl (RaftServerImpl.java:setRole(171)) - a2675045-aace-44ca-bb65-8a5f92450560:group-64F343D4F2D0 changes role from FOLLOWER to CANDIDATE at term 2 for changeToCandidate
2019-07-13 19:28:50,566 INFO  impl.RoleInfo (RoleInfo.java:updateAndGet(143)) - a2675045-aace-44ca-bb65-8a5f92450560: start LeaderElection
2019-07-13 19:28:50,583 INFO  impl.LeaderElection (LeaderElection.java:askForVotes(181)) - a2675045-aace-44ca-bb65-8a5f92450560:group-64F343D4F2D0:LeaderElection13: begin an election at term 3 for 0: [579aa93c-41e7-4ba5-b82c-9c867bfee119:192.168.69.122:34716, 6d67d047-43fa-44c3-a5c1-93138c27aeb7:192.168.69.122:35782, a2675045-aace-44ca-bb65-8a5f92450560:192.168.69.122:46397], old=null
2019-07-13 19:28:50,585 INFO  impl.LeaderElection (LogUtils.java:infoOrTrace(149)) - a2675045-aace-44ca-bb65-8a5f92450560:group-64F343D4F2D0:LeaderElection13 got exception when requesting votes: {}
java.util.concurrent.ExecutionException: org.apache.ratis.thirdparty.io.grpc.StatusRuntimeException: UNAVAILABLE: io exception
	at java.util.concurrent.FutureTask.report(FutureTask.java:122)
	at java.util.concurrent.FutureTask.get(FutureTask.java:192)
	at org.apache.ratis.server.impl.LeaderElection.waitForResults(LeaderElection.java:262)
	at org.apache.ratis.server.impl.LeaderElection.askForVotes(LeaderElection.java:200)
	at org.apache.ratis.server.impl.LeaderElection.run(LeaderElection.java:130)
	at java.lang.Thread.run(Thread.java:748)
Caused by: org.apache.ratis.thirdparty.io.grpc.StatusRuntimeException: UNAVAILABLE: io exception
	at org.apache.ratis.thirdparty.io.grpc.stub.ClientCalls.toStatusRuntimeException(ClientCalls.java:233)
	at org.apache.ratis.thirdparty.io.grpc.stub.ClientCalls.getUnchecked(ClientCalls.java:214)
	at org.apache.ratis.thirdparty.io.grpc.stub.ClientCalls.blockingUnaryCall(ClientCalls.java:139)
	at org.apache.ratis.proto.grpc.RaftServerProtocolServiceGrpc$RaftServerProtocolServiceBlockingStub.requestVote(RaftServerProtocolServiceGrpc.java:265)
	at org.apache.ratis.grpc.server.GrpcServerProtocolClient.requestVote(GrpcServerProtocolClient.java:83)
	at org.apache.ratis.grpc.server.GrpcService.requestVote(GrpcService.java:195)
	at org.apache.ratis.server.impl.LeaderElection.lambda$submitRequests$1(LeaderElection.java:237)
	at java.util.concurrent.FutureTask.run(FutureTask.java:266)
	at java.util.concurrent.Executors$RunnableAdapter.call(Executors.java:511)
	at java.util.concurrent.FutureTask.run(FutureTask.java:266)
	at java.util.concurrent.ThreadPoolExecutor.runWorker(ThreadPoolExecutor.java:1149)
	at java.util.concurrent.ThreadPoolExecutor$Worker.run(ThreadPoolExecutor.java:624)
	... 1 more
Caused by: org.apache.ratis.thirdparty.io.netty.channel.AbstractChannel$AnnotatedConnectException: Connection refused: /192.168.69.122:34716
	at sun.nio.ch.SocketChannelImpl.checkConnect(Native Method)
	at sun.nio.ch.SocketChannelImpl.finishConnect(SocketChannelImpl.java:717)
	at org.apache.ratis.thirdparty.io.netty.channel.socket.nio.NioSocketChannel.doFinishConnect(NioSocketChannel.java:327)
	at org.apache.ratis.thirdparty.io.netty.channel.nio.AbstractNioChannel$AbstractNioUnsafe.finishConnect(AbstractNioChannel.java:340)
	at org.apache.ratis.thirdparty.io.netty.channel.nio.NioEventLoop.processSelectedKey(NioEventLoop.java:632)
	at org.apache.ratis.thirdparty.io.netty.channel.nio.NioEventLoop.processSelectedKeysOptimized(NioEventLoop.java:579)
	at org.apache.ratis.thirdparty.io.netty.channel.nio.NioEventLoop.processSelectedKeys(NioEventLoop.java:496)
	at org.apache.ratis.thirdparty.io.netty.channel.nio.NioEventLoop.run(NioEventLoop.java:458)
	at org.apache.ratis.thirdparty.io.netty.util.concurrent.SingleThreadEventExecutor$5.run(SingleThreadEventExecutor.java:897)
	at org.apache.ratis.thirdparty.io.netty.util.concurrent.FastThreadLocalRunnable.run(FastThreadLocalRunnable.java:30)
	... 1 more
Caused by: java.net.ConnectException: Connection refused
	... 11 more
2019-07-13 19:28:50,587 INFO  impl.LeaderElection (LogUtils.java:infoOrTrace(149)) - a2675045-aace-44ca-bb65-8a5f92450560:group-64F343D4F2D0:LeaderElection13 got exception when requesting votes: {}
java.util.concurrent.ExecutionException: org.apache.ratis.thirdparty.io.grpc.StatusRuntimeException: UNAVAILABLE: io exception
	at java.util.concurrent.FutureTask.report(FutureTask.java:122)
	at java.util.concurrent.FutureTask.get(FutureTask.java:192)
	at org.apache.ratis.server.impl.LeaderElection.waitForResults(LeaderElection.java:262)
	at org.apache.ratis.server.impl.LeaderElection.askForVotes(LeaderElection.java:200)
	at org.apache.ratis.server.impl.LeaderElection.run(LeaderElection.java:130)
	at java.lang.Thread.run(Thread.java:748)
Caused by: org.apache.ratis.thirdparty.io.grpc.StatusRuntimeException: UNAVAILABLE: io exception
	at org.apache.ratis.thirdparty.io.grpc.stub.ClientCalls.toStatusRuntimeException(ClientCalls.java:233)
	at org.apache.ratis.thirdparty.io.grpc.stub.ClientCalls.getUnchecked(ClientCalls.java:214)
	at org.apache.ratis.thirdparty.io.grpc.stub.ClientCalls.blockingUnaryCall(ClientCalls.java:139)
	at org.apache.ratis.proto.grpc.RaftServerProtocolServiceGrpc$RaftServerProtocolServiceBlockingStub.requestVote(RaftServerProtocolServiceGrpc.java:265)
	at org.apache.ratis.grpc.server.GrpcServerProtocolClient.requestVote(GrpcServerProtocolClient.java:83)
	at org.apache.ratis.grpc.server.GrpcService.requestVote(GrpcService.java:195)
	at org.apache.ratis.server.impl.LeaderElection.lambda$submitRequests$1(LeaderElection.java:237)
	at java.util.concurrent.FutureTask.run(FutureTask.java:266)
	at java.util.concurrent.Executors$RunnableAdapter.call(Executors.java:511)
	at java.util.concurrent.FutureTask.run(FutureTask.java:266)
	at java.util.concurrent.ThreadPoolExecutor.runWorker(ThreadPoolExecutor.java:1149)
	at java.util.concurrent.ThreadPoolExecutor$Worker.run(ThreadPoolExecutor.java:624)
	... 1 more
Caused by: org.apache.ratis.thirdparty.io.netty.channel.AbstractChannel$AnnotatedConnectException: Connection refused: /192.168.69.122:35782
	at sun.nio.ch.SocketChannelImpl.checkConnect(Native Method)
	at sun.nio.ch.SocketChannelImpl.finishConnect(SocketChannelImpl.java:717)
	at org.apache.ratis.thirdparty.io.netty.channel.socket.nio.NioSocketChannel.doFinishConnect(NioSocketChannel.java:327)
	at org.apache.ratis.thirdparty.io.netty.channel.nio.AbstractNioChannel$AbstractNioUnsafe.finishConnect(AbstractNioChannel.java:340)
	at org.apache.ratis.thirdparty.io.netty.channel.nio.NioEventLoop.processSelectedKey(NioEventLoop.java:632)
	at org.apache.ratis.thirdparty.io.netty.channel.nio.NioEventLoop.processSelectedKeysOptimized(NioEventLoop.java:579)
	at org.apache.ratis.thirdparty.io.netty.channel.nio.NioEventLoop.processSelectedKeys(NioEventLoop.java:496)
	at org.apache.ratis.thirdparty.io.netty.channel.nio.NioEventLoop.run(NioEventLoop.java:458)
	at org.apache.ratis.thirdparty.io.netty.util.concurrent.SingleThreadEventExecutor$5.run(SingleThreadEventExecutor.java:897)
	at org.apache.ratis.thirdparty.io.netty.util.concurrent.FastThreadLocalRunnable.run(FastThreadLocalRunnable.java:30)
	... 1 more
Caused by: java.net.ConnectException: Connection refused
	... 11 more
2019-07-13 19:28:50,589 INFO  impl.LeaderElection (LeaderElection.java:logAndReturn(56)) - a2675045-aace-44ca-bb65-8a5f92450560:group-64F343D4F2D0:LeaderElection13: Election REJECTED; received 0 response(s) [] and 2 exception(s); a2675045-aace-44ca-bb65-8a5f92450560:t3, leader=null, voted=a2675045-aace-44ca-bb65-8a5f92450560, raftlog=a2675045-aace-44ca-bb65-8a5f92450560-SegmentedRaftLog:OPENED:c4,f4,i4, conf=0: [579aa93c-41e7-4ba5-b82c-9c867bfee119:192.168.69.122:34716, 6d67d047-43fa-44c3-a5c1-93138c27aeb7:192.168.69.122:35782, a2675045-aace-44ca-bb65-8a5f92450560:192.168.69.122:46397], old=null
2019-07-13 19:28:50,589 INFO  impl.LeaderElection (LogUtils.java:infoOrTrace(149)) -   Exception 0: {}
java.util.concurrent.ExecutionException: org.apache.ratis.thirdparty.io.grpc.StatusRuntimeException: UNAVAILABLE: io exception
	at java.util.concurrent.FutureTask.report(FutureTask.java:122)
	at java.util.concurrent.FutureTask.get(FutureTask.java:192)
	at org.apache.ratis.server.impl.LeaderElection.waitForResults(LeaderElection.java:262)
	at org.apache.ratis.server.impl.LeaderElection.askForVotes(LeaderElection.java:200)
	at org.apache.ratis.server.impl.LeaderElection.run(LeaderElection.java:130)
	at java.lang.Thread.run(Thread.java:748)
Caused by: org.apache.ratis.thirdparty.io.grpc.StatusRuntimeException: UNAVAILABLE: io exception
	at org.apache.ratis.thirdparty.io.grpc.stub.ClientCalls.toStatusRuntimeException(ClientCalls.java:233)
	at org.apache.ratis.thirdparty.io.grpc.stub.ClientCalls.getUnchecked(ClientCalls.java:214)
	at org.apache.ratis.thirdparty.io.grpc.stub.ClientCalls.blockingUnaryCall(ClientCalls.java:139)
	at org.apache.ratis.proto.grpc.RaftServerProtocolServiceGrpc$RaftServerProtocolServiceBlockingStub.requestVote(RaftServerProtocolServiceGrpc.java:265)
	at org.apache.ratis.grpc.server.GrpcServerProtocolClient.requestVote(GrpcServerProtocolClient.java:83)
	at org.apache.ratis.grpc.server.GrpcService.requestVote(GrpcService.java:195)
	at org.apache.ratis.server.impl.LeaderElection.lambda$submitRequests$1(LeaderElection.java:237)
	at java.util.concurrent.FutureTask.run(FutureTask.java:266)
	at java.util.concurrent.Executors$RunnableAdapter.call(Executors.java:511)
	at java.util.concurrent.FutureTask.run(FutureTask.java:266)
	at java.util.concurrent.ThreadPoolExecutor.runWorker(ThreadPoolExecutor.java:1149)
	at java.util.concurrent.ThreadPoolExecutor$Worker.run(ThreadPoolExecutor.java:624)
	... 1 more
Caused by: org.apache.ratis.thirdparty.io.netty.channel.AbstractChannel$AnnotatedConnectException: Connection refused: /192.168.69.122:34716
	at sun.nio.ch.SocketChannelImpl.checkConnect(Native Method)
	at sun.nio.ch.SocketChannelImpl.finishConnect(SocketChannelImpl.java:717)
	at org.apache.ratis.thirdparty.io.netty.channel.socket.nio.NioSocketChannel.doFinishConnect(NioSocketChannel.java:327)
	at org.apache.ratis.thirdparty.io.netty.channel.nio.AbstractNioChannel$AbstractNioUnsafe.finishConnect(AbstractNioChannel.java:340)
	at org.apache.ratis.thirdparty.io.netty.channel.nio.NioEventLoop.processSelectedKey(NioEventLoop.java:632)
	at org.apache.ratis.thirdparty.io.netty.channel.nio.NioEventLoop.processSelectedKeysOptimized(NioEventLoop.java:579)
	at org.apache.ratis.thirdparty.io.netty.channel.nio.NioEventLoop.processSelectedKeys(NioEventLoop.java:496)
	at org.apache.ratis.thirdparty.io.netty.channel.nio.NioEventLoop.run(NioEventLoop.java:458)
	at org.apache.ratis.thirdparty.io.netty.util.concurrent.SingleThreadEventExecutor$5.run(SingleThreadEventExecutor.java:897)
	at org.apache.ratis.thirdparty.io.netty.util.concurrent.FastThreadLocalRunnable.run(FastThreadLocalRunnable.java:30)
	... 1 more
Caused by: java.net.ConnectException: Connection refused
	... 11 more
2019-07-13 19:28:50,590 INFO  impl.LeaderElection (LogUtils.java:infoOrTrace(149)) -   Exception 1: {}
java.util.concurrent.ExecutionException: org.apache.ratis.thirdparty.io.grpc.StatusRuntimeException: UNAVAILABLE: io exception
	at java.util.concurrent.FutureTask.report(FutureTask.java:122)
	at java.util.concurrent.FutureTask.get(FutureTask.java:192)
	at org.apache.ratis.server.impl.LeaderElection.waitForResults(LeaderElection.java:262)
	at org.apache.ratis.server.impl.LeaderElection.askForVotes(LeaderElection.java:200)
	at org.apache.ratis.server.impl.LeaderElection.run(LeaderElection.java:130)
	at java.lang.Thread.run(Thread.java:748)
Caused by: org.apache.ratis.thirdparty.io.grpc.StatusRuntimeException: UNAVAILABLE: io exception
	at org.apache.ratis.thirdparty.io.grpc.stub.ClientCalls.toStatusRuntimeException(ClientCalls.java:233)
	at org.apache.ratis.thirdparty.io.grpc.stub.ClientCalls.getUnchecked(ClientCalls.java:214)
	at org.apache.ratis.thirdparty.io.grpc.stub.ClientCalls.blockingUnaryCall(ClientCalls.java:139)
	at org.apache.ratis.proto.grpc.RaftServerProtocolServiceGrpc$RaftServerProtocolServiceBlockingStub.requestVote(RaftServerProtocolServiceGrpc.java:265)
	at org.apache.ratis.grpc.server.GrpcServerProtocolClient.requestVote(GrpcServerProtocolClient.java:83)
	at org.apache.ratis.grpc.server.GrpcService.requestVote(GrpcService.java:195)
	at org.apache.ratis.server.impl.LeaderElection.lambda$submitRequests$1(LeaderElection.java:237)
	at java.util.concurrent.FutureTask.run(FutureTask.java:266)
	at java.util.concurrent.Executors$RunnableAdapter.call(Executors.java:511)
	at java.util.concurrent.FutureTask.run(FutureTask.java:266)
	at java.util.concurrent.ThreadPoolExecutor.runWorker(ThreadPoolExecutor.java:1149)
	at java.util.concurrent.ThreadPoolExecutor$Worker.run(ThreadPoolExecutor.java:624)
	... 1 more
Caused by: org.apache.ratis.thirdparty.io.netty.channel.AbstractChannel$AnnotatedConnectException: Connection refused: /192.168.69.122:35782
	at sun.nio.ch.SocketChannelImpl.checkConnect(Native Method)
	at sun.nio.ch.SocketChannelImpl.finishConnect(SocketChannelImpl.java:717)
	at org.apache.ratis.thirdparty.io.netty.channel.socket.nio.NioSocketChannel.doFinishConnect(NioSocketChannel.java:327)
	at org.apache.ratis.thirdparty.io.netty.channel.nio.AbstractNioChannel$AbstractNioUnsafe.finishConnect(AbstractNioChannel.java:340)
	at org.apache.ratis.thirdparty.io.netty.channel.nio.NioEventLoop.processSelectedKey(NioEventLoop.java:632)
	at org.apache.ratis.thirdparty.io.netty.channel.nio.NioEventLoop.processSelectedKeysOptimized(NioEventLoop.java:579)
	at org.apache.ratis.thirdparty.io.netty.channel.nio.NioEventLoop.processSelectedKeys(NioEventLoop.java:496)
	at org.apache.ratis.thirdparty.io.netty.channel.nio.NioEventLoop.run(NioEventLoop.java:458)
	at org.apache.ratis.thirdparty.io.netty.util.concurrent.SingleThreadEventExecutor$5.run(SingleThreadEventExecutor.java:897)
	at org.apache.ratis.thirdparty.io.netty.util.concurrent.FastThreadLocalRunnable.run(FastThreadLocalRunnable.java:30)
	... 1 more
Caused by: java.net.ConnectException: Connection refused
	... 11 more
2019-07-13 19:28:50,591 INFO  impl.RaftServerImpl (RaftServerImpl.java:setRole(171)) - a2675045-aace-44ca-bb65-8a5f92450560:group-64F343D4F2D0 changes role from CANDIDATE to FOLLOWER at term 3 for DISCOVERED_A_NEW_TERM
2019-07-13 19:28:50,592 INFO  impl.RoleInfo (RoleInfo.java:shutdownLeaderElection(134)) - a2675045-aace-44ca-bb65-8a5f92450560: shutdown LeaderElection
2019-07-13 19:28:50,592 INFO  impl.RoleInfo (RoleInfo.java:updateAndGet(143)) - a2675045-aace-44ca-bb65-8a5f92450560: start FollowerState
2019-07-13 19:28:52,451 INFO  ozoneimpl.OzoneContainer (OzoneContainer.java:stop(199)) - Attempting to stop container services.
2019-07-13 19:28:52,451 INFO  impl.RaftServerProxy (RaftServerProxy.java:lambda$close$4(314)) - a2675045-aace-44ca-bb65-8a5f92450560: close
2019-07-13 19:28:52,452 INFO  impl.RaftServerImpl (RaftServerImpl.java:lambda$shutdown$3(245)) - a2675045-aace-44ca-bb65-8a5f92450560: shutdown group-64F343D4F2D0
2019-07-13 19:28:52,452 INFO  impl.RaftServerImpl (RaftServerImpl.java:lambda$shutdown$3(245)) - a2675045-aace-44ca-bb65-8a5f92450560: shutdown group-A76B2596B59A
2019-07-13 19:28:52,453 INFO  util.JmxRegister (JmxRegister.java:unregister(73)) - Successfully un-registered JMX Bean with object name Ratis:service=RaftServer,group=group-64F343D4F2D0,id=a2675045-aace-44ca-bb65-8a5f92450560
2019-07-13 19:28:52,453 INFO  util.JmxRegister (JmxRegister.java:unregister(73)) - Successfully un-registered JMX Bean with object name Ratis:service=RaftServer,group=group-A76B2596B59A,id=a2675045-aace-44ca-bb65-8a5f92450560
2019-07-13 19:28:52,453 INFO  impl.RoleInfo (RoleInfo.java:shutdownFollowerState(121)) - a2675045-aace-44ca-bb65-8a5f92450560: shutdown FollowerState
2019-07-13 19:28:52,454 INFO  impl.RoleInfo (RoleInfo.java:shutdownLeaderState(104)) - a2675045-aace-44ca-bb65-8a5f92450560: shutdown LeaderState
2019-07-13 19:28:52,454 INFO  ratis.ContainerStateMachine (ContainerStateMachine.java:takeSnapshot(246)) - Taking snapshot at termIndex:(t:1, i:3)
2019-07-13 19:28:52,454 INFO  ratis.ContainerStateMachine (ContainerStateMachine.java:takeSnapshot(250)) - Taking a snapshot to file /tmp/workdir/hadoop-ozone/integration-test/target/test-dir/MiniOzoneClusterImpl-8870e792-62d6-436f-b6cb-4a829b9a395c/datanode-5/data/ratis/0e4f8128-1211-435c-874d-64f343d4f2d0/sm/snapshot.1_3
2019-07-13 19:28:52,454 INFO  impl.FollowerState (FollowerState.java:run(114)) - a2675045-aace-44ca-bb65-8a5f92450560: FollowerState was interrupted: java.lang.InterruptedException: sleep interrupted
2019-07-13 19:28:52,454 INFO  impl.StateMachineUpdater (StateMachineUpdater.java:stopAndJoin(115)) - StateMachineUpdater:a2675045-aace-44ca-bb65-8a5f92450560:group-64F343D4F2D0: set stopIndex = 4
2019-07-13 19:28:52,456 INFO  impl.StateMachineUpdater (StateMachineUpdater.java:takeSnapshot(242)) - StateMachineUpdater:a2675045-aace-44ca-bb65-8a5f92450560:group-64F343D4F2D0: Took a snapshot at index 3
2019-07-13 19:28:52,454 INFO  impl.PendingRequests (PendingRequests.java:sendNotLeaderResponses(202)) - a2675045-aace-44ca-bb65-8a5f92450560-PendingRequests: sendNotLeaderResponses
2019-07-13 19:28:52,457 INFO  impl.StateMachineUpdater (StateMachineUpdater.java:lambda$new$0(80)) - StateMachineUpdater:a2675045-aace-44ca-bb65-8a5f92450560:group-64F343D4F2D0: snapshotIndex: updateIncreasingly -1 -> 3
2019-07-13 19:28:52,457 INFO  impl.StateMachineUpdater (StateMachineUpdater.java:stopAndJoin(115)) - StateMachineUpdater:a2675045-aace-44ca-bb65-8a5f92450560:group-A76B2596B59A: set stopIndex = 0
2019-07-13 19:28:52,458 INFO  impl.RaftServerImpl (ServerState.java:close(394)) - a2675045-aace-44ca-bb65-8a5f92450560:group-64F343D4F2D0 closes. The last applied log index is 4
2019-07-13 19:28:52,457 INFO  ratis.ContainerStateMachine (ContainerStateMachine.java:takeSnapshot(246)) - Taking snapshot at termIndex:(t:0, i:~)
2019-07-13 19:28:52,458 INFO  segmented.SegmentedRaftLogWorker (SegmentedRaftLogWorker.java:run(313)) - a2675045-aace-44ca-bb65-8a5f92450560-SegmentedRaftLogWorker:Storage Directory /tmp/workdir/hadoop-ozone/integration-test/target/test-dir/MiniOzoneClusterImpl-8870e792-62d6-436f-b6cb-4a829b9a395c/datanode-5/data/ratis/0e4f8128-1211-435c-874d-64f343d4f2d0 was interrupted, exiting. There are 0 tasks remaining in the queue.
2019-07-13 19:28:52,458 INFO  impl.RaftServerImpl (ServerState.java:close(394)) - a2675045-aace-44ca-bb65-8a5f92450560:group-A76B2596B59A closes. The last applied log index is 0
2019-07-13 19:28:52,459 INFO  segmented.SegmentedRaftLogWorker (SegmentedRaftLogWorker.java:close(228)) - a2675045-aace-44ca-bb65-8a5f92450560-SegmentedRaftLogWorker:Storage Directory /tmp/workdir/hadoop-ozone/integration-test/target/test-dir/MiniOzoneClusterImpl-8870e792-62d6-436f-b6cb-4a829b9a395c/datanode-5/data/ratis/0e4f8128-1211-435c-874d-64f343d4f2d0 close()
2019-07-13 19:28:52,459 INFO  segmented.SegmentedRaftLogWorker (SegmentedRaftLogWorker.java:run(313)) - a2675045-aace-44ca-bb65-8a5f92450560-SegmentedRaftLogWorker:Storage Directory /tmp/workdir/hadoop-ozone/integration-test/target/test-dir/MiniOzoneClusterImpl-8870e792-62d6-436f-b6cb-4a829b9a395c/datanode-5/data/ratis/8037e696-7eb1-48fe-bf27-a76b2596b59a was interrupted, exiting. There are 0 tasks remaining in the queue.
2019-07-13 19:28:52,460 INFO  segmented.SegmentedRaftLogWorker (SegmentedRaftLogWorker.java:close(228)) - a2675045-aace-44ca-bb65-8a5f92450560-SegmentedRaftLogWorker:Storage Directory /tmp/workdir/hadoop-ozone/integration-test/target/test-dir/MiniOzoneClusterImpl-8870e792-62d6-436f-b6cb-4a829b9a395c/datanode-5/data/ratis/8037e696-7eb1-48fe-bf27-a76b2596b59a close()
2019-07-13 19:28:52,462 INFO  server.GrpcService (GrpcService.java:closeImpl(155)) - a2675045-aace-44ca-bb65-8a5f92450560: shutdown server with port 46397 now
2019-07-13 19:28:52,464 INFO  server.GrpcService (GrpcService.java:closeImpl(163)) - a2675045-aace-44ca-bb65-8a5f92450560: shutdown server with port 46397 successfully
2019-07-13 19:28:52,466 INFO  utils.BackgroundService (BackgroundService.java:shutdown(148)) - Shutting down service BlockDeletingService
2019-07-13 19:28:52,468 WARN  fs.CachingGetSpaceUsed (CachingGetSpaceUsed.java:run(183)) - Thread Interrupted waiting to refresh disk information: sleep interrupted
2019-07-13 19:28:52,486 INFO  statemachine.DatanodeStateMachine (DatanodeStateMachine.java:stopDaemon(395)) - Ozone container server stopped.
2019-07-13 19:28:52,488 INFO  handler.ContextHandler (ContextHandler.java:doStop(910)) - Stopped o.e.j.w.WebAppContext@561f9d92{/,null,UNAVAILABLE}{/hddsDatanode}
2019-07-13 19:28:52,488 INFO  server.AbstractConnector (AbstractConnector.java:doStop(318)) - Stopped ServerConnector@1c84d80a{HTTP/1.1,[http/1.1]}{0.0.0.0:0}
2019-07-13 19:28:52,489 INFO  handler.ContextHandler (ContextHandler.java:doStop(910)) - Stopped o.e.j.s.ServletContextHandler@2d4a3e13{/static,jar:file:/home/user/.m2/repository/org/apache/hadoop/hadoop-hdds-container-service/0.5.0-SNAPSHOT/hadoop-hdds-container-service-0.5.0-SNAPSHOT.jar!/webapps/static,UNAVAILABLE}
2019-07-13 19:28:52,489 INFO  handler.ContextHandler (ContextHandler.java:doStop(910)) - Stopped o.e.j.s.ServletContextHandler@6885ed19{/logs,file:///tmp/workdir/hadoop-ozone/integration-test/target/log,UNAVAILABLE}
2019-07-13 19:28:52,491 INFO  ozone.MiniOzoneClusterImpl (MiniOzoneClusterImpl.java:stop(353)) - Stopping the StorageContainerManager
2019-07-13 19:28:52,492 INFO  server.StorageContainerManager (StorageContainerManager.java:stop(796)) - Stopping Replication Manager Service.
2019-07-13 19:28:52,492 INFO  container.ReplicationManager (ReplicationManager.java:stop(187)) - Stopping Replication Monitor Thread.
2019-07-13 19:28:52,492 INFO  server.StorageContainerManager (StorageContainerManager.java:stop(803)) - Stopping Lease Manager of the command watchers
2019-07-13 19:28:52,492 INFO  server.StorageContainerManager (StorageContainerManager.java:stop(810)) - Stopping datanode service RPC server
2019-07-13 19:28:52,493 INFO  server.SCMDatanodeProtocolServer (SCMDatanodeProtocolServer.java:stop(375)) - Stopping the RPC server for DataNodes
2019-07-13 19:28:52,493 INFO  ipc.Server (Server.java:stop(3082)) - Stopping server on 46089
2019-07-13 19:28:52,495 INFO  ipc.Server (Server.java:run(1185)) - Stopping IPC Server listener on 46089
2019-07-13 19:28:52,495 INFO  ipc.Server (Server.java:run(1319)) - Stopping IPC Server Responder
2019-07-13 19:28:52,561 WARN  node.NodeStateManager (NodeStateManager.java:scheduleNextHealthCheck(631)) - Current Thread is interrupted, shutting down HB processing thread for Node Manager.
2019-07-13 19:28:52,561 INFO  server.StorageContainerManager (StorageContainerManager.java:stop(818)) - Stopping block service RPC server
2019-07-13 19:28:52,561 INFO  server.SCMBlockProtocolServer (SCMBlockProtocolServer.java:stop(148)) - Stopping the RPC server for Block Protocol
2019-07-13 19:28:52,562 INFO  ipc.Server (Server.java:stop(3082)) - Stopping server on 42031
2019-07-13 19:28:52,563 INFO  server.StorageContainerManager (StorageContainerManager.java:stop(825)) - Stopping the StorageContainerLocationProtocol RPC server
2019-07-13 19:28:52,563 INFO  server.SCMClientProtocolServer (SCMClientProtocolServer.java:stop(157)) - Stopping the RPC server for Client Protocol
2019-07-13 19:28:52,563 INFO  ipc.Server (Server.java:run(1185)) - Stopping IPC Server listener on 42031
2019-07-13 19:28:52,564 INFO  ipc.Server (Server.java:run(1319)) - Stopping IPC Server Responder
2019-07-13 19:28:52,564 INFO  ipc.Server (Server.java:stop(3082)) - Stopping server on 33572
2019-07-13 19:28:52,565 INFO  server.StorageContainerManager (StorageContainerManager.java:stop(832)) - Stopping Storage Container Manager HTTP server.
2019-07-13 19:28:52,566 INFO  handler.ContextHandler (ContextHandler.java:doStop(910)) - Stopped o.e.j.w.WebAppContext@6fff253c{/,null,UNAVAILABLE}{/scm}
2019-07-13 19:28:52,566 INFO  ipc.Server (Server.java:run(1185)) - Stopping IPC Server listener on 33572
2019-07-13 19:28:52,567 INFO  ipc.Server (Server.java:run(1319)) - Stopping IPC Server Responder
2019-07-13 19:28:52,568 INFO  server.AbstractConnector (AbstractConnector.java:doStop(318)) - Stopped ServerConnector@7c041b41{HTTP/1.1,[http/1.1]}{0.0.0.0:0}
2019-07-13 19:28:52,568 INFO  handler.ContextHandler (ContextHandler.java:doStop(910)) - Stopped o.e.j.s.ServletContextHandler@4dd02341{/static,file:///tmp/workdir/hadoop-ozone/integration-test/target/test-classes/webapps/static,UNAVAILABLE}
2019-07-13 19:28:52,569 INFO  handler.ContextHandler (ContextHandler.java:doStop(910)) - Stopped o.e.j.s.ServletContextHandler@635572a7{/logs,file:///tmp/workdir/hadoop-ozone/integration-test/target/log,UNAVAILABLE}
2019-07-13 19:28:52,570 INFO  server.StorageContainerManager (StorageContainerManager.java:stop(843)) - Stopping Block Manager Service.
2019-07-13 19:28:52,571 INFO  utils.BackgroundService (BackgroundService.java:shutdown(148)) - Shutting down service SCMBlockDeletingService
2019-07-13 19:28:52,571 INFO  utils.BackgroundService (BackgroundService.java:shutdown(148)) - Shutting down service SCMBlockDeletingService
2019-07-13 19:28:52,572 INFO  server.StorageContainerManager (StorageContainerManager.java:stop(865)) - Stopping SCM Event Queue.
2019-07-13 19:28:52,601 INFO  impl.MetricsSystemImpl (MetricsSystemImpl.java:stop(210)) - Stopping HddsDatanode metrics system...
2019-07-13 19:28:52,611 INFO  impl.MetricsSystemImpl (MetricsSystemImpl.java:stop(216)) - HddsDatanode metrics system stopped.
]]></system-out>
    <system-err><![CDATA[ERROR StatusLogger No Log4j 2 configuration file found. Using default configuration (logging only errors to the console), or user programmatically provided configurations. Set system property 'log4j2.debug' to show Log4j 2 internal initialization logging. See https://logging.apache.org/log4j/2.x/manual/configuration.html for instructions on how to configure Log4j 2
Jul 13, 2019 7:28:18 PM com.sun.jersey.server.impl.application.WebApplicationImpl _initiate
INFO: Initiating Jersey application, version 'Jersey: 1.19 02/11/2015 03:25 AM'
Jul 13, 2019 7:28:19 PM com.sun.jersey.server.impl.application.WebApplicationImpl _initiate
INFO: Initiating Jersey application, version 'Jersey: 1.19 02/11/2015 03:25 AM'
Jul 13, 2019 7:28:19 PM com.sun.jersey.server.impl.application.WebApplicationImpl _initiate
INFO: Initiating Jersey application, version 'Jersey: 1.19 02/11/2015 03:25 AM'
Jul 13, 2019 7:28:19 PM com.sun.jersey.server.impl.application.WebApplicationImpl _initiate
INFO: Initiating Jersey application, version 'Jersey: 1.19 02/11/2015 03:25 AM'
Jul 13, 2019 7:28:19 PM com.sun.jersey.server.impl.application.WebApplicationImpl _initiate
INFO: Initiating Jersey application, version 'Jersey: 1.19 02/11/2015 03:25 AM'
Jul 13, 2019 7:28:19 PM com.sun.jersey.server.impl.application.WebApplicationImpl _initiate
INFO: Initiating Jersey application, version 'Jersey: 1.19 02/11/2015 03:25 AM'
Jul 13, 2019 7:28:20 PM com.sun.jersey.server.impl.application.WebApplicationImpl _initiate
INFO: Initiating Jersey application, version 'Jersey: 1.19 02/11/2015 03:25 AM'
]]></system-err>
  </testcase>
  <testcase name="testMaxRetriesByOzoneClient" classname="org.apache.hadoop.ozone.client.rpc.TestOzoneClientRetriesOnException" time="35.256"/>
</testsuite>