<?xml version="1.0" encoding="UTF-8"?>
<testsuite xmlns:xsi="http://www.w3.org/2001/XMLSchema-instance" xsi:noNamespaceSchemaLocation="https://maven.apache.org/surefire/maven-surefire-plugin/xsd/surefire-test-report.xsd" name="org.apache.hadoop.ozone.freon.TestRandomKeyGenerator" time="133.306" tests="5" errors="1" skipped="0" failures="0">
  <properties>
    <property name="awt.toolkit" value="sun.awt.X11.XToolkit"/>
    <property name="file.encoding.pkg" value="sun.io"/>
    <property name="java.specification.version" value="1.8"/>
    <property name="sun.cpu.isalist" value=""/>
    <property name="sun.jnu.encoding" value="UTF-8"/>
    <property name="java.class.path" value="/tmp/workdir/hadoop-ozone/tools/target/test-classes:/tmp/workdir/hadoop-ozone/tools/target/classes:/tmp/workdir/hadoop-ozone/ozone-manager/target/classes:/tmp/workdir/hadoop-hdds/docs/target/classes:/home/user/.m2/repository/org/bouncycastle/bcprov-jdk15on/1.60/bcprov-jdk15on-1.60.jar:/tmp/workdir/hadoop-ozone/common/target/classes:/home/user/.m2/repository/org/apache/commons/commons-compress/1.4.1/commons-compress-1.4.1.jar:/home/user/.m2/repository/org/tukaani/xz/1.0/xz-1.0.jar:/home/user/.m2/repository/org/apache/hadoop/hadoop-hdfs-client/3.2.0/hadoop-hdfs-client-3.2.0.jar:/home/user/.m2/repository/com/fasterxml/jackson/core/jackson-annotations/2.9.5/jackson-annotations-2.9.5.jar:/tmp/workdir/hadoop-hdds/common/target/classes:/tmp/workdir/hadoop-hdds/config/target/classes:/home/user/.m2/repository/javax/annotation/javax.annotation-api/1.2/javax.annotation-api-1.2.jar:/home/user/.m2/repository/org/apache/ratis/ratis-server/0.4.0-2337318-SNAPSHOT/ratis-server-0.4.0-2337318-SNAPSHOT.jar:/home/user/.m2/repository/org/apache/ratis/ratis-thirdparty-misc/0.2.0/ratis-thirdparty-misc-0.2.0.jar:/home/user/.m2/repository/org/apache/ratis/ratis-proto/0.4.0-2337318-SNAPSHOT/ratis-proto-0.4.0-2337318-SNAPSHOT.jar:/home/user/.m2/repository/org/apache/ratis/ratis-common/0.4.0-2337318-SNAPSHOT/ratis-common-0.4.0-2337318-SNAPSHOT.jar:/home/user/.m2/repository/org/apache/ratis/ratis-client/0.4.0-2337318-SNAPSHOT/ratis-client-0.4.0-2337318-SNAPSHOT.jar:/home/user/.m2/repository/org/apache/ratis/ratis-metrics/0.4.0-2337318-SNAPSHOT/ratis-metrics-0.4.0-2337318-SNAPSHOT.jar:/home/user/.m2/repository/org/apache/ratis/ratis-netty/0.4.0-2337318-SNAPSHOT/ratis-netty-0.4.0-2337318-SNAPSHOT.jar:/home/user/.m2/repository/org/apache/ratis/ratis-grpc/0.4.0-2337318-SNAPSHOT/ratis-grpc-0.4.0-2337318-SNAPSHOT.jar:/home/user/.m2/repository/org/rocksdb/rocksdbjni/6.0.1/rocksdbjni-6.0.1.jar:/home/user/.m2/repository/org/apache/logging/log4j/log4j-api/2.11.0/log4j-api-2.11.0.jar:/home/user/.m2/repository/org/apache/logging/log4j/log4j-core/2.11.0/log4j-core-2.11.0.jar:/home/user/.m2/repository/com/lmax/disruptor/3.4.2/disruptor-3.4.2.jar:/home/user/.m2/repository/org/apache/commons/commons-pool2/2.6.0/commons-pool2-2.6.0.jar:/home/user/.m2/repository/org/bouncycastle/bcpkix-jdk15on/1.60/bcpkix-jdk15on-1.60.jar:/home/user/.m2/repository/commons-validator/commons-validator/1.6/commons-validator-1.6.jar:/home/user/.m2/repository/commons-digester/commons-digester/1.8.1/commons-digester-1.8.1.jar:/home/user/.m2/repository/io/jaegertracing/jaeger-client/0.33.1/jaeger-client-0.33.1.jar:/home/user/.m2/repository/io/jaegertracing/jaeger-thrift/0.33.1/jaeger-thrift-0.33.1.jar:/home/user/.m2/repository/org/apache/thrift/libthrift/0.11.0/libthrift-0.11.0.jar:/home/user/.m2/repository/com/squareup/okhttp3/okhttp/3.9.0/okhttp-3.9.0.jar:/home/user/.m2/repository/com/squareup/okio/okio/1.13.0/okio-1.13.0.jar:/home/user/.m2/repository/io/jaegertracing/jaeger-core/0.33.1/jaeger-core-0.33.1.jar:/home/user/.m2/repository/io/jaegertracing/jaeger-tracerresolver/0.33.1/jaeger-tracerresolver-0.33.1.jar:/home/user/.m2/repository/io/opentracing/contrib/opentracing-tracerresolver/0.1.5/opentracing-tracerresolver-0.1.5.jar:/home/user/.m2/repository/io/opentracing/opentracing-util/0.31.0/opentracing-util-0.31.0.jar:/home/user/.m2/repository/io/opentracing/opentracing-api/0.31.0/opentracing-api-0.31.0.jar:/home/user/.m2/repository/io/opentracing/opentracing-noop/0.31.0/opentracing-noop-0.31.0.jar:/home/user/.m2/repository/org/yaml/snakeyaml/1.16/snakeyaml-1.16.jar:/tmp/workdir/hadoop-hdds/container-service/target/classes:/tmp/workdir/hadoop-hdds/client/target/classes:/tmp/workdir/hadoop-hdds/tools/target/classes:/home/user/.m2/repository/org/xerial/sqlite-jdbc/3.25.2/sqlite-jdbc-3.25.2.jar:/tmp/workdir/hadoop-hdds/server-scm/target/classes:/home/user/.m2/repository/org/hamcrest/hamcrest-all/1.3/hamcrest-all-1.3.jar:/home/user/.m2/repository/info/picocli/picocli/3.9.6/picocli-3.9.6.jar:/home/user/.m2/repository/com/google/protobuf/protobuf-java/2.5.0/protobuf-java-2.5.0.jar:/home/user/.m2/repository/com/google/guava/guava/11.0.2/guava-11.0.2.jar:/tmp/workdir/hadoop-ozone/client/target/classes:/home/user/.m2/repository/org/apache/hadoop/hadoop-ozone-filesystem/0.5.0-SNAPSHOT/hadoop-ozone-filesystem-0.5.0-SNAPSHOT.jar:/tmp/workdir/hadoop-hdds/framework/target/classes:/home/user/.m2/repository/org/apache/hadoop/hadoop-common/3.2.0/hadoop-common-3.2.0.jar:/home/user/.m2/repository/org/apache/hadoop/hadoop-annotations/3.2.0/hadoop-annotations-3.2.0.jar:/usr/lib/jvm/java-1.8-openjdk/jre/../lib/tools.jar:/home/user/.m2/repository/commons-cli/commons-cli/1.2/commons-cli-1.2.jar:/home/user/.m2/repository/org/apache/commons/commons-math3/3.1.1/commons-math3-3.1.1.jar:/home/user/.m2/repository/org/apache/httpcomponents/httpclient/4.5.2/httpclient-4.5.2.jar:/home/user/.m2/repository/org/apache/httpcomponents/httpcore/4.4.4/httpcore-4.4.4.jar:/home/user/.m2/repository/commons-codec/commons-codec/1.11/commons-codec-1.11.jar:/home/user/.m2/repository/commons-io/commons-io/2.5/commons-io-2.5.jar:/home/user/.m2/repository/commons-net/commons-net/3.6/commons-net-3.6.jar:/home/user/.m2/repository/commons-collections/commons-collections/3.2.2/commons-collections-3.2.2.jar:/home/user/.m2/repository/javax/servlet/javax.servlet-api/3.1.0/javax.servlet-api-3.1.0.jar:/home/user/.m2/repository/org/eclipse/jetty/jetty-server/9.3.24.v20180605/jetty-server-9.3.24.v20180605.jar:/home/user/.m2/repository/org/eclipse/jetty/jetty-http/9.3.24.v20180605/jetty-http-9.3.24.v20180605.jar:/home/user/.m2/repository/org/eclipse/jetty/jetty-io/9.3.24.v20180605/jetty-io-9.3.24.v20180605.jar:/home/user/.m2/repository/org/eclipse/jetty/jetty-util/9.3.24.v20180605/jetty-util-9.3.24.v20180605.jar:/home/user/.m2/repository/org/eclipse/jetty/jetty-servlet/9.3.24.v20180605/jetty-servlet-9.3.24.v20180605.jar:/home/user/.m2/repository/org/eclipse/jetty/jetty-security/9.3.24.v20180605/jetty-security-9.3.24.v20180605.jar:/home/user/.m2/repository/org/eclipse/jetty/jetty-webapp/9.3.24.v20180605/jetty-webapp-9.3.24.v20180605.jar:/home/user/.m2/repository/org/eclipse/jetty/jetty-xml/9.3.24.v20180605/jetty-xml-9.3.24.v20180605.jar:/home/user/.m2/repository/javax/servlet/jsp/jsp-api/2.1/jsp-api-2.1.jar:/home/user/.m2/repository/com/sun/jersey/jersey-core/1.19/jersey-core-1.19.jar:/home/user/.m2/repository/javax/ws/rs/jsr311-api/1.1.1/jsr311-api-1.1.1.jar:/home/user/.m2/repository/com/sun/jersey/jersey-servlet/1.19/jersey-servlet-1.19.jar:/home/user/.m2/repository/com/sun/jersey/jersey-json/1.19/jersey-json-1.19.jar:/home/user/.m2/repository/org/codehaus/jettison/jettison/1.1/jettison-1.1.jar:/home/user/.m2/repository/com/sun/xml/bind/jaxb-impl/2.3.0.1/jaxb-impl-2.3.0.1.jar:/home/user/.m2/repository/org/codehaus/jackson/jackson-core-asl/1.9.13/jackson-core-asl-1.9.13.jar:/home/user/.m2/repository/org/codehaus/jackson/jackson-mapper-asl/1.9.13/jackson-mapper-asl-1.9.13.jar:/home/user/.m2/repository/org/codehaus/jackson/jackson-jaxrs/1.9.13/jackson-jaxrs-1.9.13.jar:/home/user/.m2/repository/org/codehaus/jackson/jackson-xc/1.9.13/jackson-xc-1.9.13.jar:/home/user/.m2/repository/com/sun/jersey/jersey-server/1.19/jersey-server-1.19.jar:/home/user/.m2/repository/commons-logging/commons-logging/1.1.3/commons-logging-1.1.3.jar:/home/user/.m2/repository/log4j/log4j/1.2.17/log4j-1.2.17.jar:/home/user/.m2/repository/commons-beanutils/commons-beanutils/1.9.3/commons-beanutils-1.9.3.jar:/home/user/.m2/repository/org/apache/commons/commons-configuration2/2.1.1/commons-configuration2-2.1.1.jar:/home/user/.m2/repository/org/apache/commons/commons-lang3/3.7/commons-lang3-3.7.jar:/home/user/.m2/repository/org/apache/commons/commons-text/1.4/commons-text-1.4.jar:/home/user/.m2/repository/org/slf4j/slf4j-api/1.7.25/slf4j-api-1.7.25.jar:/home/user/.m2/repository/org/slf4j/slf4j-log4j12/1.7.25/slf4j-log4j12-1.7.25.jar:/home/user/.m2/repository/org/apache/avro/avro/1.7.7/avro-1.7.7.jar:/home/user/.m2/repository/com/thoughtworks/paranamer/paranamer/2.3/paranamer-2.3.jar:/home/user/.m2/repository/org/xerial/snappy/snappy-java/1.0.5/snappy-java-1.0.5.jar:/home/user/.m2/repository/com/google/re2j/re2j/1.1/re2j-1.1.jar:/home/user/.m2/repository/com/google/code/gson/gson/2.2.4/gson-2.2.4.jar:/home/user/.m2/repository/org/apache/hadoop/hadoop-auth/3.2.0/hadoop-auth-3.2.0.jar:/home/user/.m2/repository/com/nimbusds/nimbus-jose-jwt/4.41.1/nimbus-jose-jwt-4.41.1.jar:/home/user/.m2/repository/com/github/stephenc/jcip/jcip-annotations/1.0-1/jcip-annotations-1.0-1.jar:/home/user/.m2/repository/net/minidev/json-smart/2.3/json-smart-2.3.jar:/home/user/.m2/repository/net/minidev/accessors-smart/1.2/accessors-smart-1.2.jar:/home/user/.m2/repository/org/apache/curator/curator-framework/2.12.0/curator-framework-2.12.0.jar:/home/user/.m2/repository/com/jcraft/jsch/0.1.54/jsch-0.1.54.jar:/home/user/.m2/repository/org/apache/curator/curator-client/2.12.0/curator-client-2.12.0.jar:/home/user/.m2/repository/org/apache/curator/curator-recipes/2.12.0/curator-recipes-2.12.0.jar:/home/user/.m2/repository/com/google/code/findbugs/jsr305/3.0.0/jsr305-3.0.0.jar:/home/user/.m2/repository/org/apache/htrace/htrace-core4/4.1.0-incubating/htrace-core4-4.1.0-incubating.jar:/home/user/.m2/repository/org/apache/zookeeper/zookeeper/3.4.13/zookeeper-3.4.13.jar:/home/user/.m2/repository/org/apache/yetus/audience-annotations/0.5.0/audience-annotations-0.5.0.jar:/home/user/.m2/repository/org/apache/kerby/kerb-simplekdc/1.0.1/kerb-simplekdc-1.0.1.jar:/home/user/.m2/repository/org/apache/kerby/kerb-client/1.0.1/kerb-client-1.0.1.jar:/home/user/.m2/repository/org/apache/kerby/kerby-config/1.0.1/kerby-config-1.0.1.jar:/home/user/.m2/repository/org/apache/kerby/kerb-core/1.0.1/kerb-core-1.0.1.jar:/home/user/.m2/repository/org/apache/kerby/kerby-pkix/1.0.1/kerby-pkix-1.0.1.jar:/home/user/.m2/repository/org/apache/kerby/kerby-asn1/1.0.1/kerby-asn1-1.0.1.jar:/home/user/.m2/repository/org/apache/kerby/kerby-util/1.0.1/kerby-util-1.0.1.jar:/home/user/.m2/repository/org/apache/kerby/kerb-common/1.0.1/kerb-common-1.0.1.jar:/home/user/.m2/repository/org/apache/kerby/kerb-crypto/1.0.1/kerb-crypto-1.0.1.jar:/home/user/.m2/repository/org/apache/kerby/kerb-util/1.0.1/kerb-util-1.0.1.jar:/home/user/.m2/repository/org/apache/kerby/token-provider/1.0.1/token-provider-1.0.1.jar:/home/user/.m2/repository/org/apache/kerby/kerb-admin/1.0.1/kerb-admin-1.0.1.jar:/home/user/.m2/repository/org/apache/kerby/kerb-server/1.0.1/kerb-server-1.0.1.jar:/home/user/.m2/repository/org/apache/kerby/kerb-identity/1.0.1/kerb-identity-1.0.1.jar:/home/user/.m2/repository/org/apache/kerby/kerby-xdr/1.0.1/kerby-xdr-1.0.1.jar:/home/user/.m2/repository/com/fasterxml/jackson/core/jackson-databind/2.9.5/jackson-databind-2.9.5.jar:/home/user/.m2/repository/com/fasterxml/jackson/core/jackson-core/2.9.5/jackson-core-2.9.5.jar:/home/user/.m2/repository/org/codehaus/woodstox/stax2-api/3.1.4/stax2-api-3.1.4.jar:/home/user/.m2/repository/com/fasterxml/woodstox/woodstox-core/5.0.3/woodstox-core-5.0.3.jar:/home/user/.m2/repository/dnsjava/dnsjava/2.1.7/dnsjava-2.1.7.jar:/home/user/.m2/repository/org/apache/hadoop/hadoop-hdfs/3.2.0/hadoop-hdfs-3.2.0.jar:/home/user/.m2/repository/org/eclipse/jetty/jetty-util-ajax/9.3.24.v20180605/jetty-util-ajax-9.3.24.v20180605.jar:/home/user/.m2/repository/commons-daemon/commons-daemon/1.0.13/commons-daemon-1.0.13.jar:/home/user/.m2/repository/io/netty/netty/3.10.5.Final/netty-3.10.5.Final.jar:/home/user/.m2/repository/io/netty/netty-all/4.0.52.Final/netty-all-4.0.52.Final.jar:/home/user/.m2/repository/org/fusesource/leveldbjni/leveldbjni-all/1.8/leveldbjni-all-1.8.jar:/home/user/.m2/repository/com/sun/xml/bind/jaxb-core/2.3.0.1/jaxb-core-2.3.0.1.jar:/home/user/.m2/repository/javax/xml/bind/jaxb-api/2.3.0/jaxb-api-2.3.0.jar:/home/user/.m2/repository/javax/activation/activation/1.1.1/activation-1.1.1.jar:/home/user/.m2/repository/io/dropwizard/metrics/metrics-core/3.2.4/metrics-core-3.2.4.jar:/home/user/.m2/repository/org/openjdk/jmh/jmh-core/1.19/jmh-core-1.19.jar:/home/user/.m2/repository/net/sf/jopt-simple/jopt-simple/4.6/jopt-simple-4.6.jar:/home/user/.m2/repository/org/openjdk/jmh/jmh-generator-annprocess/1.19/jmh-generator-annprocess-1.19.jar:/home/user/.m2/repository/com/google/code/findbugs/findbugs/3.0.1/findbugs-3.0.1.jar:/home/user/.m2/repository/net/jcip/jcip-annotations/1.0/jcip-annotations-1.0.jar:/home/user/.m2/repository/com/google/code/findbugs/bcel-findbugs/6.0/bcel-findbugs-6.0.jar:/home/user/.m2/repository/com/google/code/findbugs/jFormatString/2.0.1/jFormatString-2.0.1.jar:/home/user/.m2/repository/dom4j/dom4j/1.6.1/dom4j-1.6.1.jar:/home/user/.m2/repository/xml-apis/xml-apis/1.0.b2/xml-apis-1.0.b2.jar:/home/user/.m2/repository/org/ow2/asm/asm-debug-all/5.0.2/asm-debug-all-5.0.2.jar:/home/user/.m2/repository/org/ow2/asm/asm-commons/5.0.2/asm-commons-5.0.2.jar:/home/user/.m2/repository/org/ow2/asm/asm-tree/5.0.2/asm-tree-5.0.2.jar:/home/user/.m2/repository/org/ow2/asm/asm/5.0.4/asm-5.0.4.jar:/home/user/.m2/repository/commons-lang/commons-lang/2.6/commons-lang-2.6.jar:/home/user/.m2/repository/com/apple/AppleJavaExtensions/1.4/AppleJavaExtensions-1.4.jar:/home/user/.m2/repository/jaxen/jaxen/1.1.6/jaxen-1.1.6.jar:/home/user/.m2/repository/junit/junit/4.11/junit-4.11.jar:/home/user/.m2/repository/org/hamcrest/hamcrest-core/1.3/hamcrest-core-1.3.jar:/home/user/.m2/repository/org/apache/hadoop/hadoop-common/3.2.0/hadoop-common-3.2.0-tests.jar:/home/user/.m2/repository/org/apache/hadoop/hadoop-ozone-integration-test/0.5.0-SNAPSHOT/hadoop-ozone-integration-test-0.5.0-SNAPSHOT-tests.jar:/tmp/workdir/hadoop-ozone/objectstore-service/target/classes:/tmp/workdir/hadoop-ozone/s3gateway/target/classes:/home/user/.m2/repository/org/jboss/weld/servlet/weld-servlet/2.4.7.Final/weld-servlet-2.4.7.Final.jar:/home/user/.m2/repository/org/glassfish/jersey/containers/jersey-container-servlet-core/2.27/jersey-container-servlet-core-2.27.jar:/home/user/.m2/repository/org/glassfish/hk2/external/javax.inject/2.5.0-b42/javax.inject-2.5.0-b42.jar:/home/user/.m2/repository/org/glassfish/jersey/core/jersey-common/2.27/jersey-common-2.27.jar:/home/user/.m2/repository/org/glassfish/hk2/osgi-resource-locator/1.0.1/osgi-resource-locator-1.0.1.jar:/home/user/.m2/repository/javax/ws/rs/javax.ws.rs-api/2.1/javax.ws.rs-api-2.1.jar:/home/user/.m2/repository/org/glassfish/jersey/ext/cdi/jersey-cdi1x/2.27/jersey-cdi1x-2.27.jar:/home/user/.m2/repository/org/glassfish/jersey/inject/jersey-hk2/2.27/jersey-hk2-2.27.jar:/home/user/.m2/repository/org/glassfish/hk2/hk2-locator/2.5.0-b42/hk2-locator-2.5.0-b42.jar:/home/user/.m2/repository/org/javassist/javassist/3.22.0-CR2/javassist-3.22.0-CR2.jar:/home/user/.m2/repository/org/glassfish/hk2/hk2-api/2.5.0/hk2-api-2.5.0.jar:/home/user/.m2/repository/org/glassfish/hk2/external/jakarta.inject/2.5.0/jakarta.inject-2.5.0.jar:/home/user/.m2/repository/org/glassfish/hk2/hk2-utils/2.5.0/hk2-utils-2.5.0.jar:/home/user/.m2/repository/jakarta/annotation/jakarta.annotation-api/1.3.4/jakarta.annotation-api-1.3.4.jar:/home/user/.m2/repository/org/glassfish/hk2/external/aopalliance-repackaged/2.5.0/aopalliance-repackaged-2.5.0.jar:/home/user/.m2/repository/com/fasterxml/jackson/dataformat/jackson-dataformat-xml/2.9.0/jackson-dataformat-xml-2.9.0.jar:/home/user/.m2/repository/com/fasterxml/jackson/module/jackson-module-jaxb-annotations/2.9.5/jackson-module-jaxb-annotations-2.9.5.jar:/home/user/.m2/repository/javax/enterprise/cdi-api/1.2/cdi-api-1.2.jar:/home/user/.m2/repository/javax/el/javax.el-api/3.0.0/javax.el-api-3.0.0.jar:/home/user/.m2/repository/javax/interceptor/javax.interceptor-api/1.2/javax.interceptor-api-1.2.jar:/home/user/.m2/repository/javax/inject/javax.inject/1/javax.inject-1.jar:/tmp/workdir/hadoop-ozone/csi/target/classes:/home/user/.m2/repository/com/google/protobuf/protobuf-java-util/3.5.1/protobuf-java-util-3.5.1.jar:/home/user/.m2/repository/io/grpc/grpc-netty/1.17.1/grpc-netty-1.17.1.jar:/home/user/.m2/repository/io/grpc/grpc-core/1.17.1/grpc-core-1.17.1.jar:/home/user/.m2/repository/io/grpc/grpc-context/1.17.1/grpc-context-1.17.1.jar:/home/user/.m2/repository/com/google/errorprone/error_prone_annotations/2.2.0/error_prone_annotations-2.2.0.jar:/home/user/.m2/repository/org/codehaus/mojo/animal-sniffer-annotations/1.17/animal-sniffer-annotations-1.17.jar:/home/user/.m2/repository/io/opencensus/opencensus-api/0.17.0/opencensus-api-0.17.0.jar:/home/user/.m2/repository/io/opencensus/opencensus-contrib-grpc-metrics/0.17.0/opencensus-contrib-grpc-metrics-0.17.0.jar:/home/user/.m2/repository/io/netty/netty-codec-http2/4.1.30.Final/netty-codec-http2-4.1.30.Final.jar:/home/user/.m2/repository/io/netty/netty-codec-http/4.1.30.Final/netty-codec-http-4.1.30.Final.jar:/home/user/.m2/repository/io/netty/netty-codec/4.1.30.Final/netty-codec-4.1.30.Final.jar:/home/user/.m2/repository/io/netty/netty-handler/4.1.30.Final/netty-handler-4.1.30.Final.jar:/home/user/.m2/repository/io/netty/netty-handler-proxy/4.1.30.Final/netty-handler-proxy-4.1.30.Final.jar:/home/user/.m2/repository/io/netty/netty-codec-socks/4.1.30.Final/netty-codec-socks-4.1.30.Final.jar:/home/user/.m2/repository/io/netty/netty-transport-native-epoll/4.1.30.Final/netty-transport-native-epoll-4.1.30.Final.jar:/home/user/.m2/repository/io/netty/netty-common/4.1.30.Final/netty-common-4.1.30.Final.jar:/home/user/.m2/repository/io/netty/netty-buffer/4.1.30.Final/netty-buffer-4.1.30.Final.jar:/home/user/.m2/repository/io/netty/netty-transport/4.1.30.Final/netty-transport-4.1.30.Final.jar:/home/user/.m2/repository/io/netty/netty-resolver/4.1.30.Final/netty-resolver-4.1.30.Final.jar:/home/user/.m2/repository/io/netty/netty-transport-native-unix-common/4.1.30.Final/netty-transport-native-unix-common-4.1.30.Final.jar:/home/user/.m2/repository/io/grpc/grpc-protobuf/1.17.1/grpc-protobuf-1.17.1.jar:/home/user/.m2/repository/com/google/api/grpc/proto-google-common-protos/1.0.0/proto-google-common-protos-1.0.0.jar:/home/user/.m2/repository/io/grpc/grpc-protobuf-lite/1.17.1/grpc-protobuf-lite-1.17.1.jar:/home/user/.m2/repository/io/grpc/grpc-stub/1.17.1/grpc-stub-1.17.1.jar:/tmp/workdir/hadoop-ozone/ozone-recon/target/classes:/tmp/workdir/hadoop-ozone/ozone-recon-codegen/target/classes:/home/user/.m2/repository/com/google/inject/extensions/guice-multibindings/4.0/guice-multibindings-4.0.jar:/home/user/.m2/repository/com/google/inject/guice/4.0/guice-4.0.jar:/home/user/.m2/repository/aopalliance/aopalliance/1.0/aopalliance-1.0.jar:/home/user/.m2/repository/com/google/inject/extensions/guice-servlet/4.0/guice-servlet-4.0.jar:/home/user/.m2/repository/org/glassfish/jersey/containers/jersey-container-servlet/2.27/jersey-container-servlet-2.27.jar:/home/user/.m2/repository/org/glassfish/hk2/guice-bridge/2.5.0/guice-bridge-2.5.0.jar:/home/user/.m2/repository/org/glassfish/jersey/core/jersey-server/2.27/jersey-server-2.27.jar:/home/user/.m2/repository/org/glassfish/jersey/core/jersey-client/2.27/jersey-client-2.27.jar:/home/user/.m2/repository/org/glassfish/jersey/media/jersey-media-jaxb/2.27/jersey-media-jaxb-2.27.jar:/home/user/.m2/repository/javax/validation/validation-api/1.1.0.Final/validation-api-1.1.0.Final.jar:/home/user/.m2/repository/org/glassfish/jersey/media/jersey-media-json-jackson/2.27/jersey-media-json-jackson-2.27.jar:/home/user/.m2/repository/org/glassfish/jersey/ext/jersey-entity-filtering/2.27/jersey-entity-filtering-2.27.jar:/home/user/.m2/repository/com/google/inject/extensions/guice-assistedinject/4.0/guice-assistedinject-4.0.jar:/home/user/.m2/repository/org/jooq/jooq/3.11.10/jooq-3.11.10.jar:/home/user/.m2/repository/org/jooq/jooq-meta/3.11.10/jooq-meta-3.11.10.jar:/home/user/.m2/repository/org/jooq/jooq-codegen/3.11.10/jooq-codegen-3.11.10.jar:/home/user/.m2/repository/com/jolbox/bonecp/0.8.0.RELEASE/bonecp-0.8.0.RELEASE.jar:/home/user/.m2/repository/org/springframework/spring-jdbc/5.1.3.RELEASE/spring-jdbc-5.1.3.RELEASE.jar:/home/user/.m2/repository/org/springframework/spring-beans/5.1.3.RELEASE/spring-beans-5.1.3.RELEASE.jar:/home/user/.m2/repository/org/springframework/spring-core/5.1.3.RELEASE/spring-core-5.1.3.RELEASE.jar:/home/user/.m2/repository/org/springframework/spring-jcl/5.1.3.RELEASE/spring-jcl-5.1.3.RELEASE.jar:/home/user/.m2/repository/org/springframework/spring-tx/5.1.3.RELEASE/spring-tx-5.1.3.RELEASE.jar:/home/user/.m2/repository/org/mockito/mockito-core/2.15.0/mockito-core-2.15.0.jar:/home/user/.m2/repository/net/bytebuddy/byte-buddy/1.7.9/byte-buddy-1.7.9.jar:/home/user/.m2/repository/net/bytebuddy/byte-buddy-agent/1.7.9/byte-buddy-agent-1.7.9.jar:/home/user/.m2/repository/org/objenesis/objenesis/1.0/objenesis-1.0.jar:"/>
    <property name="java.vm.vendor" value="IcedTea"/>
    <property name="sun.arch.data.model" value="64"/>
    <property name="test.build.dir" value="/tmp/workdir/hadoop-ozone/tools/target/test-dir"/>
    <property name="test.cache.data" value=""/>
    <property name="java.vendor.url" value="https://icedtea.classpath.org"/>
    <property name="user.timezone" value=""/>
    <property name="java.vm.specification.version" value="1.8"/>
    <property name="os.name" value="Linux"/>
    <property name="test.build.data" value="/tmp/workdir/hadoop-ozone/tools/target/test-dir"/>
    <property name="user.country" value="US"/>
    <property name="sun.java.launcher" value="SUN_STANDARD"/>
    <property name="sun.boot.library.path" value="/usr/lib/jvm/java-1.8-openjdk/jre/lib/amd64"/>
    <property name="sun.java.command" value="/tmp/workdir/hadoop-ozone/tools/target/surefire/surefirebooter3895645124243270380.jar /tmp/workdir/hadoop-ozone/tools/target/surefire 2019-07-09T14-54-26_146-jvmRun1 surefire6438518750971017183tmp surefire_1028194351449767309362tmp"/>
    <property name="surefire.test.class.path" value="/tmp/workdir/hadoop-ozone/tools/target/test-classes:/tmp/workdir/hadoop-ozone/tools/target/classes:/tmp/workdir/hadoop-ozone/ozone-manager/target/classes:/tmp/workdir/hadoop-hdds/docs/target/classes:/home/user/.m2/repository/org/bouncycastle/bcprov-jdk15on/1.60/bcprov-jdk15on-1.60.jar:/tmp/workdir/hadoop-ozone/common/target/classes:/home/user/.m2/repository/org/apache/commons/commons-compress/1.4.1/commons-compress-1.4.1.jar:/home/user/.m2/repository/org/tukaani/xz/1.0/xz-1.0.jar:/home/user/.m2/repository/org/apache/hadoop/hadoop-hdfs-client/3.2.0/hadoop-hdfs-client-3.2.0.jar:/home/user/.m2/repository/com/fasterxml/jackson/core/jackson-annotations/2.9.5/jackson-annotations-2.9.5.jar:/tmp/workdir/hadoop-hdds/common/target/classes:/tmp/workdir/hadoop-hdds/config/target/classes:/home/user/.m2/repository/javax/annotation/javax.annotation-api/1.2/javax.annotation-api-1.2.jar:/home/user/.m2/repository/org/apache/ratis/ratis-server/0.4.0-2337318-SNAPSHOT/ratis-server-0.4.0-2337318-SNAPSHOT.jar:/home/user/.m2/repository/org/apache/ratis/ratis-thirdparty-misc/0.2.0/ratis-thirdparty-misc-0.2.0.jar:/home/user/.m2/repository/org/apache/ratis/ratis-proto/0.4.0-2337318-SNAPSHOT/ratis-proto-0.4.0-2337318-SNAPSHOT.jar:/home/user/.m2/repository/org/apache/ratis/ratis-common/0.4.0-2337318-SNAPSHOT/ratis-common-0.4.0-2337318-SNAPSHOT.jar:/home/user/.m2/repository/org/apache/ratis/ratis-client/0.4.0-2337318-SNAPSHOT/ratis-client-0.4.0-2337318-SNAPSHOT.jar:/home/user/.m2/repository/org/apache/ratis/ratis-metrics/0.4.0-2337318-SNAPSHOT/ratis-metrics-0.4.0-2337318-SNAPSHOT.jar:/home/user/.m2/repository/org/apache/ratis/ratis-netty/0.4.0-2337318-SNAPSHOT/ratis-netty-0.4.0-2337318-SNAPSHOT.jar:/home/user/.m2/repository/org/apache/ratis/ratis-grpc/0.4.0-2337318-SNAPSHOT/ratis-grpc-0.4.0-2337318-SNAPSHOT.jar:/home/user/.m2/repository/org/rocksdb/rocksdbjni/6.0.1/rocksdbjni-6.0.1.jar:/home/user/.m2/repository/org/apache/logging/log4j/log4j-api/2.11.0/log4j-api-2.11.0.jar:/home/user/.m2/repository/org/apache/logging/log4j/log4j-core/2.11.0/log4j-core-2.11.0.jar:/home/user/.m2/repository/com/lmax/disruptor/3.4.2/disruptor-3.4.2.jar:/home/user/.m2/repository/org/apache/commons/commons-pool2/2.6.0/commons-pool2-2.6.0.jar:/home/user/.m2/repository/org/bouncycastle/bcpkix-jdk15on/1.60/bcpkix-jdk15on-1.60.jar:/home/user/.m2/repository/commons-validator/commons-validator/1.6/commons-validator-1.6.jar:/home/user/.m2/repository/commons-digester/commons-digester/1.8.1/commons-digester-1.8.1.jar:/home/user/.m2/repository/io/jaegertracing/jaeger-client/0.33.1/jaeger-client-0.33.1.jar:/home/user/.m2/repository/io/jaegertracing/jaeger-thrift/0.33.1/jaeger-thrift-0.33.1.jar:/home/user/.m2/repository/org/apache/thrift/libthrift/0.11.0/libthrift-0.11.0.jar:/home/user/.m2/repository/com/squareup/okhttp3/okhttp/3.9.0/okhttp-3.9.0.jar:/home/user/.m2/repository/com/squareup/okio/okio/1.13.0/okio-1.13.0.jar:/home/user/.m2/repository/io/jaegertracing/jaeger-core/0.33.1/jaeger-core-0.33.1.jar:/home/user/.m2/repository/io/jaegertracing/jaeger-tracerresolver/0.33.1/jaeger-tracerresolver-0.33.1.jar:/home/user/.m2/repository/io/opentracing/contrib/opentracing-tracerresolver/0.1.5/opentracing-tracerresolver-0.1.5.jar:/home/user/.m2/repository/io/opentracing/opentracing-util/0.31.0/opentracing-util-0.31.0.jar:/home/user/.m2/repository/io/opentracing/opentracing-api/0.31.0/opentracing-api-0.31.0.jar:/home/user/.m2/repository/io/opentracing/opentracing-noop/0.31.0/opentracing-noop-0.31.0.jar:/home/user/.m2/repository/org/yaml/snakeyaml/1.16/snakeyaml-1.16.jar:/tmp/workdir/hadoop-hdds/container-service/target/classes:/tmp/workdir/hadoop-hdds/client/target/classes:/tmp/workdir/hadoop-hdds/tools/target/classes:/home/user/.m2/repository/org/xerial/sqlite-jdbc/3.25.2/sqlite-jdbc-3.25.2.jar:/tmp/workdir/hadoop-hdds/server-scm/target/classes:/home/user/.m2/repository/org/hamcrest/hamcrest-all/1.3/hamcrest-all-1.3.jar:/home/user/.m2/repository/info/picocli/picocli/3.9.6/picocli-3.9.6.jar:/home/user/.m2/repository/com/google/protobuf/protobuf-java/2.5.0/protobuf-java-2.5.0.jar:/home/user/.m2/repository/com/google/guava/guava/11.0.2/guava-11.0.2.jar:/tmp/workdir/hadoop-ozone/client/target/classes:/home/user/.m2/repository/org/apache/hadoop/hadoop-ozone-filesystem/0.5.0-SNAPSHOT/hadoop-ozone-filesystem-0.5.0-SNAPSHOT.jar:/tmp/workdir/hadoop-hdds/framework/target/classes:/home/user/.m2/repository/org/apache/hadoop/hadoop-common/3.2.0/hadoop-common-3.2.0.jar:/home/user/.m2/repository/org/apache/hadoop/hadoop-annotations/3.2.0/hadoop-annotations-3.2.0.jar:/usr/lib/jvm/java-1.8-openjdk/jre/../lib/tools.jar:/home/user/.m2/repository/commons-cli/commons-cli/1.2/commons-cli-1.2.jar:/home/user/.m2/repository/org/apache/commons/commons-math3/3.1.1/commons-math3-3.1.1.jar:/home/user/.m2/repository/org/apache/httpcomponents/httpclient/4.5.2/httpclient-4.5.2.jar:/home/user/.m2/repository/org/apache/httpcomponents/httpcore/4.4.4/httpcore-4.4.4.jar:/home/user/.m2/repository/commons-codec/commons-codec/1.11/commons-codec-1.11.jar:/home/user/.m2/repository/commons-io/commons-io/2.5/commons-io-2.5.jar:/home/user/.m2/repository/commons-net/commons-net/3.6/commons-net-3.6.jar:/home/user/.m2/repository/commons-collections/commons-collections/3.2.2/commons-collections-3.2.2.jar:/home/user/.m2/repository/javax/servlet/javax.servlet-api/3.1.0/javax.servlet-api-3.1.0.jar:/home/user/.m2/repository/org/eclipse/jetty/jetty-server/9.3.24.v20180605/jetty-server-9.3.24.v20180605.jar:/home/user/.m2/repository/org/eclipse/jetty/jetty-http/9.3.24.v20180605/jetty-http-9.3.24.v20180605.jar:/home/user/.m2/repository/org/eclipse/jetty/jetty-io/9.3.24.v20180605/jetty-io-9.3.24.v20180605.jar:/home/user/.m2/repository/org/eclipse/jetty/jetty-util/9.3.24.v20180605/jetty-util-9.3.24.v20180605.jar:/home/user/.m2/repository/org/eclipse/jetty/jetty-servlet/9.3.24.v20180605/jetty-servlet-9.3.24.v20180605.jar:/home/user/.m2/repository/org/eclipse/jetty/jetty-security/9.3.24.v20180605/jetty-security-9.3.24.v20180605.jar:/home/user/.m2/repository/org/eclipse/jetty/jetty-webapp/9.3.24.v20180605/jetty-webapp-9.3.24.v20180605.jar:/home/user/.m2/repository/org/eclipse/jetty/jetty-xml/9.3.24.v20180605/jetty-xml-9.3.24.v20180605.jar:/home/user/.m2/repository/javax/servlet/jsp/jsp-api/2.1/jsp-api-2.1.jar:/home/user/.m2/repository/com/sun/jersey/jersey-core/1.19/jersey-core-1.19.jar:/home/user/.m2/repository/javax/ws/rs/jsr311-api/1.1.1/jsr311-api-1.1.1.jar:/home/user/.m2/repository/com/sun/jersey/jersey-servlet/1.19/jersey-servlet-1.19.jar:/home/user/.m2/repository/com/sun/jersey/jersey-json/1.19/jersey-json-1.19.jar:/home/user/.m2/repository/org/codehaus/jettison/jettison/1.1/jettison-1.1.jar:/home/user/.m2/repository/com/sun/xml/bind/jaxb-impl/2.3.0.1/jaxb-impl-2.3.0.1.jar:/home/user/.m2/repository/org/codehaus/jackson/jackson-core-asl/1.9.13/jackson-core-asl-1.9.13.jar:/home/user/.m2/repository/org/codehaus/jackson/jackson-mapper-asl/1.9.13/jackson-mapper-asl-1.9.13.jar:/home/user/.m2/repository/org/codehaus/jackson/jackson-jaxrs/1.9.13/jackson-jaxrs-1.9.13.jar:/home/user/.m2/repository/org/codehaus/jackson/jackson-xc/1.9.13/jackson-xc-1.9.13.jar:/home/user/.m2/repository/com/sun/jersey/jersey-server/1.19/jersey-server-1.19.jar:/home/user/.m2/repository/commons-logging/commons-logging/1.1.3/commons-logging-1.1.3.jar:/home/user/.m2/repository/log4j/log4j/1.2.17/log4j-1.2.17.jar:/home/user/.m2/repository/commons-beanutils/commons-beanutils/1.9.3/commons-beanutils-1.9.3.jar:/home/user/.m2/repository/org/apache/commons/commons-configuration2/2.1.1/commons-configuration2-2.1.1.jar:/home/user/.m2/repository/org/apache/commons/commons-lang3/3.7/commons-lang3-3.7.jar:/home/user/.m2/repository/org/apache/commons/commons-text/1.4/commons-text-1.4.jar:/home/user/.m2/repository/org/slf4j/slf4j-api/1.7.25/slf4j-api-1.7.25.jar:/home/user/.m2/repository/org/slf4j/slf4j-log4j12/1.7.25/slf4j-log4j12-1.7.25.jar:/home/user/.m2/repository/org/apache/avro/avro/1.7.7/avro-1.7.7.jar:/home/user/.m2/repository/com/thoughtworks/paranamer/paranamer/2.3/paranamer-2.3.jar:/home/user/.m2/repository/org/xerial/snappy/snappy-java/1.0.5/snappy-java-1.0.5.jar:/home/user/.m2/repository/com/google/re2j/re2j/1.1/re2j-1.1.jar:/home/user/.m2/repository/com/google/code/gson/gson/2.2.4/gson-2.2.4.jar:/home/user/.m2/repository/org/apache/hadoop/hadoop-auth/3.2.0/hadoop-auth-3.2.0.jar:/home/user/.m2/repository/com/nimbusds/nimbus-jose-jwt/4.41.1/nimbus-jose-jwt-4.41.1.jar:/home/user/.m2/repository/com/github/stephenc/jcip/jcip-annotations/1.0-1/jcip-annotations-1.0-1.jar:/home/user/.m2/repository/net/minidev/json-smart/2.3/json-smart-2.3.jar:/home/user/.m2/repository/net/minidev/accessors-smart/1.2/accessors-smart-1.2.jar:/home/user/.m2/repository/org/apache/curator/curator-framework/2.12.0/curator-framework-2.12.0.jar:/home/user/.m2/repository/com/jcraft/jsch/0.1.54/jsch-0.1.54.jar:/home/user/.m2/repository/org/apache/curator/curator-client/2.12.0/curator-client-2.12.0.jar:/home/user/.m2/repository/org/apache/curator/curator-recipes/2.12.0/curator-recipes-2.12.0.jar:/home/user/.m2/repository/com/google/code/findbugs/jsr305/3.0.0/jsr305-3.0.0.jar:/home/user/.m2/repository/org/apache/htrace/htrace-core4/4.1.0-incubating/htrace-core4-4.1.0-incubating.jar:/home/user/.m2/repository/org/apache/zookeeper/zookeeper/3.4.13/zookeeper-3.4.13.jar:/home/user/.m2/repository/org/apache/yetus/audience-annotations/0.5.0/audience-annotations-0.5.0.jar:/home/user/.m2/repository/org/apache/kerby/kerb-simplekdc/1.0.1/kerb-simplekdc-1.0.1.jar:/home/user/.m2/repository/org/apache/kerby/kerb-client/1.0.1/kerb-client-1.0.1.jar:/home/user/.m2/repository/org/apache/kerby/kerby-config/1.0.1/kerby-config-1.0.1.jar:/home/user/.m2/repository/org/apache/kerby/kerb-core/1.0.1/kerb-core-1.0.1.jar:/home/user/.m2/repository/org/apache/kerby/kerby-pkix/1.0.1/kerby-pkix-1.0.1.jar:/home/user/.m2/repository/org/apache/kerby/kerby-asn1/1.0.1/kerby-asn1-1.0.1.jar:/home/user/.m2/repository/org/apache/kerby/kerby-util/1.0.1/kerby-util-1.0.1.jar:/home/user/.m2/repository/org/apache/kerby/kerb-common/1.0.1/kerb-common-1.0.1.jar:/home/user/.m2/repository/org/apache/kerby/kerb-crypto/1.0.1/kerb-crypto-1.0.1.jar:/home/user/.m2/repository/org/apache/kerby/kerb-util/1.0.1/kerb-util-1.0.1.jar:/home/user/.m2/repository/org/apache/kerby/token-provider/1.0.1/token-provider-1.0.1.jar:/home/user/.m2/repository/org/apache/kerby/kerb-admin/1.0.1/kerb-admin-1.0.1.jar:/home/user/.m2/repository/org/apache/kerby/kerb-server/1.0.1/kerb-server-1.0.1.jar:/home/user/.m2/repository/org/apache/kerby/kerb-identity/1.0.1/kerb-identity-1.0.1.jar:/home/user/.m2/repository/org/apache/kerby/kerby-xdr/1.0.1/kerby-xdr-1.0.1.jar:/home/user/.m2/repository/com/fasterxml/jackson/core/jackson-databind/2.9.5/jackson-databind-2.9.5.jar:/home/user/.m2/repository/com/fasterxml/jackson/core/jackson-core/2.9.5/jackson-core-2.9.5.jar:/home/user/.m2/repository/org/codehaus/woodstox/stax2-api/3.1.4/stax2-api-3.1.4.jar:/home/user/.m2/repository/com/fasterxml/woodstox/woodstox-core/5.0.3/woodstox-core-5.0.3.jar:/home/user/.m2/repository/dnsjava/dnsjava/2.1.7/dnsjava-2.1.7.jar:/home/user/.m2/repository/org/apache/hadoop/hadoop-hdfs/3.2.0/hadoop-hdfs-3.2.0.jar:/home/user/.m2/repository/org/eclipse/jetty/jetty-util-ajax/9.3.24.v20180605/jetty-util-ajax-9.3.24.v20180605.jar:/home/user/.m2/repository/commons-daemon/commons-daemon/1.0.13/commons-daemon-1.0.13.jar:/home/user/.m2/repository/io/netty/netty/3.10.5.Final/netty-3.10.5.Final.jar:/home/user/.m2/repository/io/netty/netty-all/4.0.52.Final/netty-all-4.0.52.Final.jar:/home/user/.m2/repository/org/fusesource/leveldbjni/leveldbjni-all/1.8/leveldbjni-all-1.8.jar:/home/user/.m2/repository/com/sun/xml/bind/jaxb-core/2.3.0.1/jaxb-core-2.3.0.1.jar:/home/user/.m2/repository/javax/xml/bind/jaxb-api/2.3.0/jaxb-api-2.3.0.jar:/home/user/.m2/repository/javax/activation/activation/1.1.1/activation-1.1.1.jar:/home/user/.m2/repository/io/dropwizard/metrics/metrics-core/3.2.4/metrics-core-3.2.4.jar:/home/user/.m2/repository/org/openjdk/jmh/jmh-core/1.19/jmh-core-1.19.jar:/home/user/.m2/repository/net/sf/jopt-simple/jopt-simple/4.6/jopt-simple-4.6.jar:/home/user/.m2/repository/org/openjdk/jmh/jmh-generator-annprocess/1.19/jmh-generator-annprocess-1.19.jar:/home/user/.m2/repository/com/google/code/findbugs/findbugs/3.0.1/findbugs-3.0.1.jar:/home/user/.m2/repository/net/jcip/jcip-annotations/1.0/jcip-annotations-1.0.jar:/home/user/.m2/repository/com/google/code/findbugs/bcel-findbugs/6.0/bcel-findbugs-6.0.jar:/home/user/.m2/repository/com/google/code/findbugs/jFormatString/2.0.1/jFormatString-2.0.1.jar:/home/user/.m2/repository/dom4j/dom4j/1.6.1/dom4j-1.6.1.jar:/home/user/.m2/repository/xml-apis/xml-apis/1.0.b2/xml-apis-1.0.b2.jar:/home/user/.m2/repository/org/ow2/asm/asm-debug-all/5.0.2/asm-debug-all-5.0.2.jar:/home/user/.m2/repository/org/ow2/asm/asm-commons/5.0.2/asm-commons-5.0.2.jar:/home/user/.m2/repository/org/ow2/asm/asm-tree/5.0.2/asm-tree-5.0.2.jar:/home/user/.m2/repository/org/ow2/asm/asm/5.0.4/asm-5.0.4.jar:/home/user/.m2/repository/commons-lang/commons-lang/2.6/commons-lang-2.6.jar:/home/user/.m2/repository/com/apple/AppleJavaExtensions/1.4/AppleJavaExtensions-1.4.jar:/home/user/.m2/repository/jaxen/jaxen/1.1.6/jaxen-1.1.6.jar:/home/user/.m2/repository/junit/junit/4.11/junit-4.11.jar:/home/user/.m2/repository/org/hamcrest/hamcrest-core/1.3/hamcrest-core-1.3.jar:/home/user/.m2/repository/org/apache/hadoop/hadoop-common/3.2.0/hadoop-common-3.2.0-tests.jar:/home/user/.m2/repository/org/apache/hadoop/hadoop-ozone-integration-test/0.5.0-SNAPSHOT/hadoop-ozone-integration-test-0.5.0-SNAPSHOT-tests.jar:/tmp/workdir/hadoop-ozone/objectstore-service/target/classes:/tmp/workdir/hadoop-ozone/s3gateway/target/classes:/home/user/.m2/repository/org/jboss/weld/servlet/weld-servlet/2.4.7.Final/weld-servlet-2.4.7.Final.jar:/home/user/.m2/repository/org/glassfish/jersey/containers/jersey-container-servlet-core/2.27/jersey-container-servlet-core-2.27.jar:/home/user/.m2/repository/org/glassfish/hk2/external/javax.inject/2.5.0-b42/javax.inject-2.5.0-b42.jar:/home/user/.m2/repository/org/glassfish/jersey/core/jersey-common/2.27/jersey-common-2.27.jar:/home/user/.m2/repository/org/glassfish/hk2/osgi-resource-locator/1.0.1/osgi-resource-locator-1.0.1.jar:/home/user/.m2/repository/javax/ws/rs/javax.ws.rs-api/2.1/javax.ws.rs-api-2.1.jar:/home/user/.m2/repository/org/glassfish/jersey/ext/cdi/jersey-cdi1x/2.27/jersey-cdi1x-2.27.jar:/home/user/.m2/repository/org/glassfish/jersey/inject/jersey-hk2/2.27/jersey-hk2-2.27.jar:/home/user/.m2/repository/org/glassfish/hk2/hk2-locator/2.5.0-b42/hk2-locator-2.5.0-b42.jar:/home/user/.m2/repository/org/javassist/javassist/3.22.0-CR2/javassist-3.22.0-CR2.jar:/home/user/.m2/repository/org/glassfish/hk2/hk2-api/2.5.0/hk2-api-2.5.0.jar:/home/user/.m2/repository/org/glassfish/hk2/external/jakarta.inject/2.5.0/jakarta.inject-2.5.0.jar:/home/user/.m2/repository/org/glassfish/hk2/hk2-utils/2.5.0/hk2-utils-2.5.0.jar:/home/user/.m2/repository/jakarta/annotation/jakarta.annotation-api/1.3.4/jakarta.annotation-api-1.3.4.jar:/home/user/.m2/repository/org/glassfish/hk2/external/aopalliance-repackaged/2.5.0/aopalliance-repackaged-2.5.0.jar:/home/user/.m2/repository/com/fasterxml/jackson/dataformat/jackson-dataformat-xml/2.9.0/jackson-dataformat-xml-2.9.0.jar:/home/user/.m2/repository/com/fasterxml/jackson/module/jackson-module-jaxb-annotations/2.9.5/jackson-module-jaxb-annotations-2.9.5.jar:/home/user/.m2/repository/javax/enterprise/cdi-api/1.2/cdi-api-1.2.jar:/home/user/.m2/repository/javax/el/javax.el-api/3.0.0/javax.el-api-3.0.0.jar:/home/user/.m2/repository/javax/interceptor/javax.interceptor-api/1.2/javax.interceptor-api-1.2.jar:/home/user/.m2/repository/javax/inject/javax.inject/1/javax.inject-1.jar:/tmp/workdir/hadoop-ozone/csi/target/classes:/home/user/.m2/repository/com/google/protobuf/protobuf-java-util/3.5.1/protobuf-java-util-3.5.1.jar:/home/user/.m2/repository/io/grpc/grpc-netty/1.17.1/grpc-netty-1.17.1.jar:/home/user/.m2/repository/io/grpc/grpc-core/1.17.1/grpc-core-1.17.1.jar:/home/user/.m2/repository/io/grpc/grpc-context/1.17.1/grpc-context-1.17.1.jar:/home/user/.m2/repository/com/google/errorprone/error_prone_annotations/2.2.0/error_prone_annotations-2.2.0.jar:/home/user/.m2/repository/org/codehaus/mojo/animal-sniffer-annotations/1.17/animal-sniffer-annotations-1.17.jar:/home/user/.m2/repository/io/opencensus/opencensus-api/0.17.0/opencensus-api-0.17.0.jar:/home/user/.m2/repository/io/opencensus/opencensus-contrib-grpc-metrics/0.17.0/opencensus-contrib-grpc-metrics-0.17.0.jar:/home/user/.m2/repository/io/netty/netty-codec-http2/4.1.30.Final/netty-codec-http2-4.1.30.Final.jar:/home/user/.m2/repository/io/netty/netty-codec-http/4.1.30.Final/netty-codec-http-4.1.30.Final.jar:/home/user/.m2/repository/io/netty/netty-codec/4.1.30.Final/netty-codec-4.1.30.Final.jar:/home/user/.m2/repository/io/netty/netty-handler/4.1.30.Final/netty-handler-4.1.30.Final.jar:/home/user/.m2/repository/io/netty/netty-handler-proxy/4.1.30.Final/netty-handler-proxy-4.1.30.Final.jar:/home/user/.m2/repository/io/netty/netty-codec-socks/4.1.30.Final/netty-codec-socks-4.1.30.Final.jar:/home/user/.m2/repository/io/netty/netty-transport-native-epoll/4.1.30.Final/netty-transport-native-epoll-4.1.30.Final.jar:/home/user/.m2/repository/io/netty/netty-common/4.1.30.Final/netty-common-4.1.30.Final.jar:/home/user/.m2/repository/io/netty/netty-buffer/4.1.30.Final/netty-buffer-4.1.30.Final.jar:/home/user/.m2/repository/io/netty/netty-transport/4.1.30.Final/netty-transport-4.1.30.Final.jar:/home/user/.m2/repository/io/netty/netty-resolver/4.1.30.Final/netty-resolver-4.1.30.Final.jar:/home/user/.m2/repository/io/netty/netty-transport-native-unix-common/4.1.30.Final/netty-transport-native-unix-common-4.1.30.Final.jar:/home/user/.m2/repository/io/grpc/grpc-protobuf/1.17.1/grpc-protobuf-1.17.1.jar:/home/user/.m2/repository/com/google/api/grpc/proto-google-common-protos/1.0.0/proto-google-common-protos-1.0.0.jar:/home/user/.m2/repository/io/grpc/grpc-protobuf-lite/1.17.1/grpc-protobuf-lite-1.17.1.jar:/home/user/.m2/repository/io/grpc/grpc-stub/1.17.1/grpc-stub-1.17.1.jar:/tmp/workdir/hadoop-ozone/ozone-recon/target/classes:/tmp/workdir/hadoop-ozone/ozone-recon-codegen/target/classes:/home/user/.m2/repository/com/google/inject/extensions/guice-multibindings/4.0/guice-multibindings-4.0.jar:/home/user/.m2/repository/com/google/inject/guice/4.0/guice-4.0.jar:/home/user/.m2/repository/aopalliance/aopalliance/1.0/aopalliance-1.0.jar:/home/user/.m2/repository/com/google/inject/extensions/guice-servlet/4.0/guice-servlet-4.0.jar:/home/user/.m2/repository/org/glassfish/jersey/containers/jersey-container-servlet/2.27/jersey-container-servlet-2.27.jar:/home/user/.m2/repository/org/glassfish/hk2/guice-bridge/2.5.0/guice-bridge-2.5.0.jar:/home/user/.m2/repository/org/glassfish/jersey/core/jersey-server/2.27/jersey-server-2.27.jar:/home/user/.m2/repository/org/glassfish/jersey/core/jersey-client/2.27/jersey-client-2.27.jar:/home/user/.m2/repository/org/glassfish/jersey/media/jersey-media-jaxb/2.27/jersey-media-jaxb-2.27.jar:/home/user/.m2/repository/javax/validation/validation-api/1.1.0.Final/validation-api-1.1.0.Final.jar:/home/user/.m2/repository/org/glassfish/jersey/media/jersey-media-json-jackson/2.27/jersey-media-json-jackson-2.27.jar:/home/user/.m2/repository/org/glassfish/jersey/ext/jersey-entity-filtering/2.27/jersey-entity-filtering-2.27.jar:/home/user/.m2/repository/com/google/inject/extensions/guice-assistedinject/4.0/guice-assistedinject-4.0.jar:/home/user/.m2/repository/org/jooq/jooq/3.11.10/jooq-3.11.10.jar:/home/user/.m2/repository/org/jooq/jooq-meta/3.11.10/jooq-meta-3.11.10.jar:/home/user/.m2/repository/org/jooq/jooq-codegen/3.11.10/jooq-codegen-3.11.10.jar:/home/user/.m2/repository/com/jolbox/bonecp/0.8.0.RELEASE/bonecp-0.8.0.RELEASE.jar:/home/user/.m2/repository/org/springframework/spring-jdbc/5.1.3.RELEASE/spring-jdbc-5.1.3.RELEASE.jar:/home/user/.m2/repository/org/springframework/spring-beans/5.1.3.RELEASE/spring-beans-5.1.3.RELEASE.jar:/home/user/.m2/repository/org/springframework/spring-core/5.1.3.RELEASE/spring-core-5.1.3.RELEASE.jar:/home/user/.m2/repository/org/springframework/spring-jcl/5.1.3.RELEASE/spring-jcl-5.1.3.RELEASE.jar:/home/user/.m2/repository/org/springframework/spring-tx/5.1.3.RELEASE/spring-tx-5.1.3.RELEASE.jar:/home/user/.m2/repository/org/mockito/mockito-core/2.15.0/mockito-core-2.15.0.jar:/home/user/.m2/repository/net/bytebuddy/byte-buddy/1.7.9/byte-buddy-1.7.9.jar:/home/user/.m2/repository/net/bytebuddy/byte-buddy-agent/1.7.9/byte-buddy-agent-1.7.9.jar:/home/user/.m2/repository/org/objenesis/objenesis/1.0/objenesis-1.0.jar:"/>
    <property name="sun.cpu.endian" value="little"/>
    <property name="user.home" value="/home/user"/>
    <property name="user.language" value="en"/>
    <property name="java.specification.vendor" value="Oracle Corporation"/>
    <property name="java.home" value="/usr/lib/jvm/java-1.8-openjdk/jre"/>
    <property name="java.security.krb5.conf" value="/tmp/workdir/hadoop-ozone/tools/target/test-classes/krb5.conf"/>
    <property name="basedir" value="/tmp/workdir/hadoop-ozone/tools"/>
    <property name="file.separator" value="/"/>
    <property name="line.separator" value="&#10;"/>
    <property name="java.vm.specification.vendor" value="Oracle Corporation"/>
    <property name="java.specification.name" value="Java Platform API Specification"/>
    <property name="java.awt.graphicsenv" value="sun.awt.X11GraphicsEnvironment"/>
    <property name="surefire.real.class.path" value="/tmp/workdir/hadoop-ozone/tools/target/surefire/surefirebooter3895645124243270380.jar"/>
    <property name="hadoop.log.dir" value="/tmp/workdir/hadoop-ozone/tools/target/log"/>
    <property name="sun.boot.class.path" value="/usr/lib/jvm/java-1.8-openjdk/jre/lib/resources.jar:/usr/lib/jvm/java-1.8-openjdk/jre/lib/rt.jar:/usr/lib/jvm/java-1.8-openjdk/jre/lib/sunrsasign.jar:/usr/lib/jvm/java-1.8-openjdk/jre/lib/jsse.jar:/usr/lib/jvm/java-1.8-openjdk/jre/lib/jce.jar:/usr/lib/jvm/java-1.8-openjdk/jre/lib/charsets.jar:/usr/lib/jvm/java-1.8-openjdk/jre/lib/jfr.jar:/usr/lib/jvm/java-1.8-openjdk/jre/classes"/>
    <property name="sun.management.compiler" value="HotSpot 64-Bit Tiered Compilers"/>
    <property name="java.runtime.version" value="1.8.0_212-b04"/>
    <property name="java.net.preferIPv4Stack" value="true"/>
    <property name="user.name" value="jenkins1000"/>
    <property name="path.separator" value=":"/>
    <property name="java.security.egd" value="file:///dev/urandom"/>
    <property name="os.version" value="3.10.0-957.12.2.el7.x86_64"/>
    <property name="java.endorsed.dirs" value="/usr/lib/jvm/java-1.8-openjdk/jre/lib/endorsed"/>
    <property name="java.runtime.name" value="OpenJDK Runtime Environment"/>
    <property name="file.encoding" value="UTF-8"/>
    <property name="java.vm.name" value="OpenJDK 64-Bit Server VM"/>
    <property name="test.build.webapps" value=""/>
    <property name="localRepository" value="/home/user/.m2/repository"/>
    <property name="java.vendor.url.bug" value="https://icedtea.classpath.org/bugzilla"/>
    <property name="java.io.tmpdir" value="/tmp"/>
    <property name="require.test.libhadoop" value=""/>
    <property name="java.version" value="1.8.0_212"/>
    <property name="user.dir" value="/tmp/workdir/hadoop-ozone/tools"/>
    <property name="os.arch" value="amd64"/>
    <property name="java.vm.specification.name" value="Java Virtual Machine Specification"/>
    <property name="test.build.classes" value="/tmp/workdir/hadoop-ozone/tools/target/test-classes"/>
    <property name="java.awt.printerjob" value="sun.print.PSPrinterJob"/>
    <property name="sun.os.patch.level" value="unknown"/>
    <property name="hadoop.tmp.dir" value="/tmp/workdir/hadoop-ozone/tools/target/tmp"/>
    <property name="java.library.path" value="/usr/lib/jvm/java-1.8-openjdk/jre/lib/amd64/server:/usr/lib/jvm/java-1.8-openjdk/jre/lib/amd64:/usr/lib/jvm/java-1.8-openjdk/jre/../lib/amd64:/tmp/workdir/hadoop-ozone/tools/target/native/target/usr/local/lib:/tmp/workdir/hadoop-ozone/tools/../../hadoop-common-project/hadoop-common/target/native/target/usr/local/lib:/usr/java/packages/lib/amd64:/usr/lib64:/lib64:/lib:/usr/lib"/>
    <property name="java.vm.info" value="mixed mode"/>
    <property name="java.vendor" value="IcedTea"/>
    <property name="java.vm.version" value="25.212-b04"/>
    <property name="java.ext.dirs" value="/usr/lib/jvm/java-1.8-openjdk/jre/lib/ext:/usr/java/packages/lib/ext"/>
    <property name="sun.io.unicode.encoding" value="UnicodeLittle"/>
    <property name="java.class.version" value="52.0"/>
  </properties>
  <testcase name="ratisTest3" classname="org.apache.hadoop.ozone.freon.TestRandomKeyGenerator" time="5.347"/>
  <testcase name="testThreadPoolSize" classname="org.apache.hadoop.ozone.freon.TestRandomKeyGenerator" time="5.036"/>
  <testcase name="defaultTest" classname="org.apache.hadoop.ozone.freon.TestRandomKeyGenerator" time="5.028"/>
  <testcase name="bigFileThan2GB" classname="org.apache.hadoop.ozone.freon.TestRandomKeyGenerator" time="82.581">
    <error message="Allocated 0 blocks. Requested 1 blocks" type="INTERNAL_ERROR org.apache.hadoop.ozone.om.exceptions.OMException">INTERNAL_ERROR org.apache.hadoop.ozone.om.exceptions.OMException: Allocated 0 blocks. Requested 1 blocks
	at org.apache.hadoop.ozone.om.protocolPB.OzoneManagerProtocolClientSideTranslatorPB.handleError(OzoneManagerProtocolClientSideTranslatorPB.java:720)
	at org.apache.hadoop.ozone.om.protocolPB.OzoneManagerProtocolClientSideTranslatorPB.allocateBlock(OzoneManagerProtocolClientSideTranslatorPB.java:752)
	at org.apache.hadoop.ozone.client.io.BlockOutputStreamEntryPool.allocateNewBlock(BlockOutputStreamEntryPool.java:248)
	at org.apache.hadoop.ozone.client.io.BlockOutputStreamEntryPool.allocateBlockIfNeeded(BlockOutputStreamEntryPool.java:296)
	at org.apache.hadoop.ozone.client.io.KeyOutputStream.handleWrite(KeyOutputStream.java:201)
	at org.apache.hadoop.ozone.client.io.KeyOutputStream.write(KeyOutputStream.java:193)
	at org.apache.hadoop.ozone.client.io.OzoneOutputStream.write(OzoneOutputStream.java:49)
	at org.apache.hadoop.ozone.freon.RandomKeyGenerator$KeyProcessor.run(RandomKeyGenerator.java:693)
	at java.util.concurrent.Executors$RunnableAdapter.call(Executors.java:511)
	at java.util.concurrent.FutureTask.run(FutureTask.java:266)
	at java.util.concurrent.ThreadPoolExecutor.runWorker(ThreadPoolExecutor.java:1149)
	at java.util.concurrent.ThreadPoolExecutor$Worker.run(ThreadPoolExecutor.java:624)
	at java.lang.Thread.run(Thread.java:748)
</error>
    <system-out><![CDATA[2019-07-09 15:04:10,507 WARN  client.GrpcClientProtocolService (LogUtils.java:warn(134)) - 9-UnorderedRequestStreamObserver9: onError: org.apache.ratis.thirdparty.io.grpc.StatusRuntimeException: CANCELLED: cancelled before receiving half close
2019-07-09 15:04:17,850 INFO  freon.RandomKeyGenerator (RandomKeyGenerator.java:call(262)) - Number of Threads: 1
2019-07-09 15:04:17,852 INFO  freon.RandomKeyGenerator (RandomKeyGenerator.java:call(267)) - Number of Volumes: 1.
2019-07-09 15:04:17,852 INFO  freon.RandomKeyGenerator (RandomKeyGenerator.java:call(268)) - Number of Buckets per Volume: 1.
2019-07-09 15:04:17,852 INFO  freon.RandomKeyGenerator (RandomKeyGenerator.java:call(269)) - Number of Keys per Bucket: 1.
2019-07-09 15:04:17,852 INFO  freon.RandomKeyGenerator (RandomKeyGenerator.java:call(270)) - Key size: 2147483657 bytes
2019-07-09 15:04:17,852 INFO  freon.RandomKeyGenerator (RandomKeyGenerator.java:call(271)) - Buffer size: 4096 bytes
2019-07-09 15:04:17,854 INFO  freon.RandomKeyGenerator (RandomKeyGenerator.java:call(286)) - Data validation is enabled.
2019-07-09 15:04:17,854 INFO  freon.RandomKeyGenerator (RandomKeyGenerator.java:call(299)) - Starting progress bar Thread.

 0.00% |█                                                                                                    |  0/1 Time: 0:00:002019-07-09 15:04:17,854 INFO  rpc.RpcClient (RpcClient.java:createVolume(289)) - Creating Volume: vol-0-15455, with jenkins1000 as owner.
2019-07-09 15:04:17,867 INFO  rpc.RpcClient (RpcClient.java:createBucket(426)) - Creating Bucket: vol-0-15455/bucket-0-47596, with Versioning false and Storage Type set to DISK and Encryption set to false 
2019-07-09 15:04:17,953 INFO  client.GrpcClientProtocolClient (GrpcClientProtocolClient.java:onNext(255)) - client-A9DCF8B8BD5B->529edf8e-8eae-4246-b33f-5e44130d441c: receive RaftClientReply:client-A9DCF8B8BD5B->529edf8e-8eae-4246-b33f-5e44130d441c@group-A1CD1332DC7D, cid=598, SUCCESS, logIndex=689, commits[529edf8e-8eae-4246-b33f-5e44130d441c:c689, 79bffca9-b028-4c53-a657-872ed973be73:c688, 15654dff-55cd-4f70-96d8-4abf0c061563:c688]
2019-07-09 15:04:17,976 INFO  client.GrpcClientProtocolClient (GrpcClientProtocolClient.java:onNext(255)) - client-A9DCF8B8BD5B->529edf8e-8eae-4246-b33f-5e44130d441c: receive RaftClientReply:client-A9DCF8B8BD5B->529edf8e-8eae-4246-b33f-5e44130d441c@group-A1CD1332DC7D, cid=599, SUCCESS, logIndex=691, commits[529edf8e-8eae-4246-b33f-5e44130d441c:c691, 79bffca9-b028-4c53-a657-872ed973be73:c689, 15654dff-55cd-4f70-96d8-4abf0c061563:c689]
2019-07-09 15:04:17,977 INFO  client.GrpcClientProtocolClient (GrpcClientProtocolClient.java:onNext(255)) - client-A9DCF8B8BD5B->529edf8e-8eae-4246-b33f-5e44130d441c: receive RaftClientReply:client-A9DCF8B8BD5B->529edf8e-8eae-4246-b33f-5e44130d441c@group-A1CD1332DC7D, cid=600, SUCCESS, logIndex=692, commits[529edf8e-8eae-4246-b33f-5e44130d441c:c693, 79bffca9-b028-4c53-a657-872ed973be73:c689, 15654dff-55cd-4f70-96d8-4abf0c061563:c690]
2019-07-09 15:04:17,978 INFO  client.GrpcClientProtocolClient (GrpcClientProtocolClient.java:onNext(255)) - client-A9DCF8B8BD5B->529edf8e-8eae-4246-b33f-5e44130d441c: receive RaftClientReply:client-A9DCF8B8BD5B->529edf8e-8eae-4246-b33f-5e44130d441c@group-A1CD1332DC7D, cid=601, SUCCESS, logIndex=693, commits[529edf8e-8eae-4246-b33f-5e44130d441c:c694, 79bffca9-b028-4c53-a657-872ed973be73:c689, 15654dff-55cd-4f70-96d8-4abf0c061563:c691]
2019-07-09 15:04:17,991 INFO  client.GrpcClientProtocolClient (GrpcClientProtocolClient.java:onNext(255)) - client-A9DCF8B8BD5B->529edf8e-8eae-4246-b33f-5e44130d441c: receive RaftClientReply:client-A9DCF8B8BD5B->529edf8e-8eae-4246-b33f-5e44130d441c@group-A1CD1332DC7D, cid=602, SUCCESS, logIndex=0, commits[529edf8e-8eae-4246-b33f-5e44130d441c:c694, 79bffca9-b028-4c53-a657-872ed973be73:c691, 15654dff-55cd-4f70-96d8-4abf0c061563:c691]
2019-07-09 15:04:18,014 INFO  client.GrpcClientProtocolClient (GrpcClientProtocolClient.java:onNext(255)) - client-A9DCF8B8BD5B->529edf8e-8eae-4246-b33f-5e44130d441c: receive RaftClientReply:client-A9DCF8B8BD5B->529edf8e-8eae-4246-b33f-5e44130d441c@group-A1CD1332DC7D, cid=603, SUCCESS, logIndex=697, commits[529edf8e-8eae-4246-b33f-5e44130d441c:c698, 79bffca9-b028-4c53-a657-872ed973be73:c696, 15654dff-55cd-4f70-96d8-4abf0c061563:c696]
2019-07-09 15:04:18,015 INFO  client.GrpcClientProtocolClient (GrpcClientProtocolClient.java:onNext(255)) - client-A9DCF8B8BD5B->529edf8e-8eae-4246-b33f-5e44130d441c: receive RaftClientReply:client-A9DCF8B8BD5B->529edf8e-8eae-4246-b33f-5e44130d441c@group-A1CD1332DC7D, cid=604, SUCCESS, logIndex=698, commits[529edf8e-8eae-4246-b33f-5e44130d441c:c698, 79bffca9-b028-4c53-a657-872ed973be73:c696, 15654dff-55cd-4f70-96d8-4abf0c061563:c696]
2019-07-09 15:04:18,255 INFO  client.GrpcClientProtocolClient (GrpcClientProtocolClient.java:onNext(255)) - client-A9DCF8B8BD5B->529edf8e-8eae-4246-b33f-5e44130d441c: receive RaftClientReply:client-A9DCF8B8BD5B->529edf8e-8eae-4246-b33f-5e44130d441c@group-A1CD1332DC7D, cid=605, SUCCESS, logIndex=701, commits[529edf8e-8eae-4246-b33f-5e44130d441c:c702, 79bffca9-b028-4c53-a657-872ed973be73:c698, 15654dff-55cd-4f70-96d8-4abf0c061563:c698]
2019-07-09 15:04:18,256 INFO  client.GrpcClientProtocolClient (GrpcClientProtocolClient.java:onNext(255)) - client-A9DCF8B8BD5B->529edf8e-8eae-4246-b33f-5e44130d441c: receive RaftClientReply:client-A9DCF8B8BD5B->529edf8e-8eae-4246-b33f-5e44130d441c@group-A1CD1332DC7D, cid=606, SUCCESS, logIndex=702, commits[529edf8e-8eae-4246-b33f-5e44130d441c:c702, 79bffca9-b028-4c53-a657-872ed973be73:c698, 15654dff-55cd-4f70-96d8-4abf0c061563:c698]
2019-07-09 15:04:18,267 INFO  client.GrpcClientProtocolClient (GrpcClientProtocolClient.java:onNext(255)) - client-A9DCF8B8BD5B->529edf8e-8eae-4246-b33f-5e44130d441c: receive RaftClientReply:client-A9DCF8B8BD5B->529edf8e-8eae-4246-b33f-5e44130d441c@group-A1CD1332DC7D, cid=607, SUCCESS, logIndex=0, commits[529edf8e-8eae-4246-b33f-5e44130d441c:c704, 79bffca9-b028-4c53-a657-872ed973be73:c702, 15654dff-55cd-4f70-96d8-4abf0c061563:c702]
2019-07-09 15:04:18,298 INFO  client.GrpcClientProtocolClient (GrpcClientProtocolClient.java:onNext(255)) - client-A9DCF8B8BD5B->529edf8e-8eae-4246-b33f-5e44130d441c: receive RaftClientReply:client-A9DCF8B8BD5B->529edf8e-8eae-4246-b33f-5e44130d441c@group-A1CD1332DC7D, cid=608, SUCCESS, logIndex=705, commits[529edf8e-8eae-4246-b33f-5e44130d441c:c708, 79bffca9-b028-4c53-a657-872ed973be73:c704, 15654dff-55cd-4f70-96d8-4abf0c061563:c704]
2019-07-09 15:04:18,299 INFO  client.GrpcClientProtocolClient (GrpcClientProtocolClient.java:onNext(255)) - client-A9DCF8B8BD5B->529edf8e-8eae-4246-b33f-5e44130d441c: receive RaftClientReply:client-A9DCF8B8BD5B->529edf8e-8eae-4246-b33f-5e44130d441c@group-A1CD1332DC7D, cid=609, SUCCESS, logIndex=706, commits[529edf8e-8eae-4246-b33f-5e44130d441c:c708, 79bffca9-b028-4c53-a657-872ed973be73:c704, 15654dff-55cd-4f70-96d8-4abf0c061563:c704]
2019-07-09 15:04:18,299 INFO  client.GrpcClientProtocolClient (GrpcClientProtocolClient.java:onNext(255)) - client-A9DCF8B8BD5B->529edf8e-8eae-4246-b33f-5e44130d441c: receive RaftClientReply:client-A9DCF8B8BD5B->529edf8e-8eae-4246-b33f-5e44130d441c@group-A1CD1332DC7D, cid=610, SUCCESS, logIndex=707, commits[529edf8e-8eae-4246-b33f-5e44130d441c:c708, 79bffca9-b028-4c53-a657-872ed973be73:c704, 15654dff-55cd-4f70-96d8-4abf0c061563:c704]
2019-07-09 15:04:18,299 INFO  client.GrpcClientProtocolClient (GrpcClientProtocolClient.java:onNext(255)) - client-A9DCF8B8BD5B->529edf8e-8eae-4246-b33f-5e44130d441c: receive RaftClientReply:client-A9DCF8B8BD5B->529edf8e-8eae-4246-b33f-5e44130d441c@group-A1CD1332DC7D, cid=611, SUCCESS, logIndex=708, commits[529edf8e-8eae-4246-b33f-5e44130d441c:c708, 79bffca9-b028-4c53-a657-872ed973be73:c704, 15654dff-55cd-4f70-96d8-4abf0c061563:c704]
2019-07-09 15:04:18,303 INFO  client.GrpcClientProtocolClient (GrpcClientProtocolClient.java:onNext(255)) - client-A9DCF8B8BD5B->529edf8e-8eae-4246-b33f-5e44130d441c: receive RaftClientReply:client-A9DCF8B8BD5B->529edf8e-8eae-4246-b33f-5e44130d441c@group-A1CD1332DC7D, cid=612, SUCCESS, logIndex=0, commits[529edf8e-8eae-4246-b33f-5e44130d441c:c709, 79bffca9-b028-4c53-a657-872ed973be73:c707, 15654dff-55cd-4f70-96d8-4abf0c061563:c707]
2019-07-09 15:04:18,327 INFO  client.GrpcClientProtocolClient (GrpcClientProtocolClient.java:onNext(255)) - client-A9DCF8B8BD5B->529edf8e-8eae-4246-b33f-5e44130d441c: receive RaftClientReply:client-A9DCF8B8BD5B->529edf8e-8eae-4246-b33f-5e44130d441c@group-A1CD1332DC7D, cid=613, SUCCESS, logIndex=712, commits[529edf8e-8eae-4246-b33f-5e44130d441c:c713, 79bffca9-b028-4c53-a657-872ed973be73:c711, 15654dff-55cd-4f70-96d8-4abf0c061563:c711]
2019-07-09 15:04:18,327 INFO  client.GrpcClientProtocolClient (GrpcClientProtocolClient.java:onNext(255)) - client-A9DCF8B8BD5B->529edf8e-8eae-4246-b33f-5e44130d441c: receive RaftClientReply:client-A9DCF8B8BD5B->529edf8e-8eae-4246-b33f-5e44130d441c@group-A1CD1332DC7D, cid=614, SUCCESS, logIndex=713, commits[529edf8e-8eae-4246-b33f-5e44130d441c:c713, 79bffca9-b028-4c53-a657-872ed973be73:c711, 15654dff-55cd-4f70-96d8-4abf0c061563:c711]
2019-07-09 15:04:18,353 INFO  client.GrpcClientProtocolClient (GrpcClientProtocolClient.java:onNext(255)) - client-A9DCF8B8BD5B->529edf8e-8eae-4246-b33f-5e44130d441c: receive RaftClientReply:client-A9DCF8B8BD5B->529edf8e-8eae-4246-b33f-5e44130d441c@group-A1CD1332DC7D, cid=615, SUCCESS, logIndex=716, commits[529edf8e-8eae-4246-b33f-5e44130d441c:c717, 79bffca9-b028-4c53-a657-872ed973be73:c713, 15654dff-55cd-4f70-96d8-4abf0c061563:c712]
2019-07-09 15:04:18,353 INFO  client.GrpcClientProtocolClient (GrpcClientProtocolClient.java:onNext(255)) - client-A9DCF8B8BD5B->529edf8e-8eae-4246-b33f-5e44130d441c: receive RaftClientReply:client-A9DCF8B8BD5B->529edf8e-8eae-4246-b33f-5e44130d441c@group-A1CD1332DC7D, cid=616, SUCCESS, logIndex=717, commits[529edf8e-8eae-4246-b33f-5e44130d441c:c717, 79bffca9-b028-4c53-a657-872ed973be73:c713, 15654dff-55cd-4f70-96d8-4abf0c061563:c713]
2019-07-09 15:04:18,367 INFO  client.GrpcClientProtocolClient (GrpcClientProtocolClient.java:onNext(255)) - client-A9DCF8B8BD5B->529edf8e-8eae-4246-b33f-5e44130d441c: receive RaftClientReply:client-A9DCF8B8BD5B->529edf8e-8eae-4246-b33f-5e44130d441c@group-A1CD1332DC7D, cid=617, SUCCESS, logIndex=0, commits[529edf8e-8eae-4246-b33f-5e44130d441c:c718, 79bffca9-b028-4c53-a657-872ed973be73:c717, 15654dff-55cd-4f70-96d8-4abf0c061563:c717]
2019-07-09 15:04:18,388 INFO  client.GrpcClientProtocolClient (GrpcClientProtocolClient.java:onNext(255)) - client-A9DCF8B8BD5B->529edf8e-8eae-4246-b33f-5e44130d441c: receive RaftClientReply:client-A9DCF8B8BD5B->529edf8e-8eae-4246-b33f-5e44130d441c@group-A1CD1332DC7D, cid=618, SUCCESS, logIndex=720, commits[529edf8e-8eae-4246-b33f-5e44130d441c:c722, 79bffca9-b028-4c53-a657-872ed973be73:c719, 15654dff-55cd-4f70-96d8-4abf0c061563:c719]
2019-07-09 15:04:18,389 INFO  client.GrpcClientProtocolClient (GrpcClientProtocolClient.java:onNext(255)) - client-A9DCF8B8BD5B->529edf8e-8eae-4246-b33f-5e44130d441c: receive RaftClientReply:client-A9DCF8B8BD5B->529edf8e-8eae-4246-b33f-5e44130d441c@group-A1CD1332DC7D, cid=619, SUCCESS, logIndex=721, commits[529edf8e-8eae-4246-b33f-5e44130d441c:c723, 79bffca9-b028-4c53-a657-872ed973be73:c719, 15654dff-55cd-4f70-96d8-4abf0c061563:c719]
2019-07-09 15:04:18,389 INFO  client.GrpcClientProtocolClient (GrpcClientProtocolClient.java:onNext(255)) - client-A9DCF8B8BD5B->529edf8e-8eae-4246-b33f-5e44130d441c: receive RaftClientReply:client-A9DCF8B8BD5B->529edf8e-8eae-4246-b33f-5e44130d441c@group-A1CD1332DC7D, cid=620, SUCCESS, logIndex=722, commits[529edf8e-8eae-4246-b33f-5e44130d441c:c723, 79bffca9-b028-4c53-a657-872ed973be73:c719, 15654dff-55cd-4f70-96d8-4abf0c061563:c719]
2019-07-09 15:04:18,389 INFO  client.GrpcClientProtocolClient (GrpcClientProtocolClient.java:onNext(255)) - client-A9DCF8B8BD5B->529edf8e-8eae-4246-b33f-5e44130d441c: receive RaftClientReply:client-A9DCF8B8BD5B->529edf8e-8eae-4246-b33f-5e44130d441c@group-A1CD1332DC7D, cid=621, SUCCESS, logIndex=723, commits[529edf8e-8eae-4246-b33f-5e44130d441c:c723, 79bffca9-b028-4c53-a657-872ed973be73:c719, 15654dff-55cd-4f70-96d8-4abf0c061563:c719]
2019-07-09 15:04:18,402 INFO  client.GrpcClientProtocolClient (GrpcClientProtocolClient.java:onNext(255)) - client-A9DCF8B8BD5B->529edf8e-8eae-4246-b33f-5e44130d441c: receive RaftClientReply:client-A9DCF8B8BD5B->529edf8e-8eae-4246-b33f-5e44130d441c@group-A1CD1332DC7D, cid=622, SUCCESS, logIndex=0, commits[529edf8e-8eae-4246-b33f-5e44130d441c:c725, 79bffca9-b028-4c53-a657-872ed973be73:c721, 15654dff-55cd-4f70-96d8-4abf0c061563:c721]
2019-07-09 15:04:18,425 INFO  client.GrpcClientProtocolClient (GrpcClientProtocolClient.java:onNext(255)) - client-A9DCF8B8BD5B->529edf8e-8eae-4246-b33f-5e44130d441c: receive RaftClientReply:client-A9DCF8B8BD5B->529edf8e-8eae-4246-b33f-5e44130d441c@group-A1CD1332DC7D, cid=623, SUCCESS, logIndex=728, commits[529edf8e-8eae-4246-b33f-5e44130d441c:c729, 79bffca9-b028-4c53-a657-872ed973be73:c727, 15654dff-55cd-4f70-96d8-4abf0c061563:c727]
2019-07-09 15:04:18,426 INFO  client.GrpcClientProtocolClient (GrpcClientProtocolClient.java:onNext(255)) - client-A9DCF8B8BD5B->529edf8e-8eae-4246-b33f-5e44130d441c: receive RaftClientReply:client-A9DCF8B8BD5B->529edf8e-8eae-4246-b33f-5e44130d441c@group-A1CD1332DC7D, cid=624, SUCCESS, logIndex=729, commits[529edf8e-8eae-4246-b33f-5e44130d441c:c729, 79bffca9-b028-4c53-a657-872ed973be73:c727, 15654dff-55cd-4f70-96d8-4abf0c061563:c727]
2019-07-09 15:04:18,456 INFO  client.GrpcClientProtocolClient (GrpcClientProtocolClient.java:onNext(255)) - client-A9DCF8B8BD5B->529edf8e-8eae-4246-b33f-5e44130d441c: receive RaftClientReply:client-A9DCF8B8BD5B->529edf8e-8eae-4246-b33f-5e44130d441c@group-A1CD1332DC7D, cid=625, SUCCESS, logIndex=732, commits[529edf8e-8eae-4246-b33f-5e44130d441c:c733, 79bffca9-b028-4c53-a657-872ed973be73:c729, 15654dff-55cd-4f70-96d8-4abf0c061563:c729]
2019-07-09 15:04:18,456 INFO  client.GrpcClientProtocolClient (GrpcClientProtocolClient.java:onNext(255)) - client-A9DCF8B8BD5B->529edf8e-8eae-4246-b33f-5e44130d441c: receive RaftClientReply:client-A9DCF8B8BD5B->529edf8e-8eae-4246-b33f-5e44130d441c@group-A1CD1332DC7D, cid=626, SUCCESS, logIndex=733, commits[529edf8e-8eae-4246-b33f-5e44130d441c:c733, 79bffca9-b028-4c53-a657-872ed973be73:c729, 15654dff-55cd-4f70-96d8-4abf0c061563:c729]
2019-07-09 15:04:18,476 INFO  client.GrpcClientProtocolClient (GrpcClientProtocolClient.java:onNext(255)) - client-A9DCF8B8BD5B->529edf8e-8eae-4246-b33f-5e44130d441c: receive RaftClientReply:client-A9DCF8B8BD5B->529edf8e-8eae-4246-b33f-5e44130d441c@group-A1CD1332DC7D, cid=627, SUCCESS, logIndex=0, commits[529edf8e-8eae-4246-b33f-5e44130d441c:c735, 79bffca9-b028-4c53-a657-872ed973be73:c733, 15654dff-55cd-4f70-96d8-4abf0c061563:c733]
2019-07-09 15:04:18,503 INFO  client.GrpcClientProtocolClient (GrpcClientProtocolClient.java:onNext(255)) - client-A9DCF8B8BD5B->529edf8e-8eae-4246-b33f-5e44130d441c: receive RaftClientReply:client-A9DCF8B8BD5B->529edf8e-8eae-4246-b33f-5e44130d441c@group-A1CD1332DC7D, cid=628, SUCCESS, logIndex=736, commits[529edf8e-8eae-4246-b33f-5e44130d441c:c737, 79bffca9-b028-4c53-a657-872ed973be73:c735, 15654dff-55cd-4f70-96d8-4abf0c061563:c735]
2019-07-09 15:04:18,504 INFO  client.GrpcClientProtocolClient (GrpcClientProtocolClient.java:onNext(255)) - client-A9DCF8B8BD5B->529edf8e-8eae-4246-b33f-5e44130d441c: receive RaftClientReply:client-A9DCF8B8BD5B->529edf8e-8eae-4246-b33f-5e44130d441c@group-A1CD1332DC7D, cid=629, SUCCESS, logIndex=737, commits[529edf8e-8eae-4246-b33f-5e44130d441c:c739, 79bffca9-b028-4c53-a657-872ed973be73:c735, 15654dff-55cd-4f70-96d8-4abf0c061563:c735]
2019-07-09 15:04:18,504 INFO  client.GrpcClientProtocolClient (GrpcClientProtocolClient.java:onNext(255)) - client-A9DCF8B8BD5B->529edf8e-8eae-4246-b33f-5e44130d441c: receive RaftClientReply:client-A9DCF8B8BD5B->529edf8e-8eae-4246-b33f-5e44130d441c@group-A1CD1332DC7D, cid=630, SUCCESS, logIndex=738, commits[529edf8e-8eae-4246-b33f-5e44130d441c:c739, 79bffca9-b028-4c53-a657-872ed973be73:c735, 15654dff-55cd-4f70-96d8-4abf0c061563:c735]
2019-07-09 15:04:18,505 INFO  client.GrpcClientProtocolClient (GrpcClientProtocolClient.java:onNext(255)) - client-A9DCF8B8BD5B->529edf8e-8eae-4246-b33f-5e44130d441c: receive RaftClientReply:client-A9DCF8B8BD5B->529edf8e-8eae-4246-b33f-5e44130d441c@group-A1CD1332DC7D, cid=631, SUCCESS, logIndex=739, commits[529edf8e-8eae-4246-b33f-5e44130d441c:c739, 79bffca9-b028-4c53-a657-872ed973be73:c735, 15654dff-55cd-4f70-96d8-4abf0c061563:c735]
2019-07-09 15:04:18,518 INFO  client.GrpcClientProtocolClient (GrpcClientProtocolClient.java:onNext(255)) - client-A9DCF8B8BD5B->529edf8e-8eae-4246-b33f-5e44130d441c: receive RaftClientReply:client-A9DCF8B8BD5B->529edf8e-8eae-4246-b33f-5e44130d441c@group-A1CD1332DC7D, cid=632, SUCCESS, logIndex=0, commits[529edf8e-8eae-4246-b33f-5e44130d441c:c740, 79bffca9-b028-4c53-a657-872ed973be73:c737, 15654dff-55cd-4f70-96d8-4abf0c061563:c737]
2019-07-09 15:04:18,540 INFO  client.GrpcClientProtocolClient (GrpcClientProtocolClient.java:onNext(255)) - client-A9DCF8B8BD5B->529edf8e-8eae-4246-b33f-5e44130d441c: receive RaftClientReply:client-A9DCF8B8BD5B->529edf8e-8eae-4246-b33f-5e44130d441c@group-A1CD1332DC7D, cid=633, SUCCESS, logIndex=743, commits[529edf8e-8eae-4246-b33f-5e44130d441c:c744, 79bffca9-b028-4c53-a657-872ed973be73:c742, 15654dff-55cd-4f70-96d8-4abf0c061563:c742]
2019-07-09 15:04:18,541 INFO  client.GrpcClientProtocolClient (GrpcClientProtocolClient.java:onNext(255)) - client-A9DCF8B8BD5B->529edf8e-8eae-4246-b33f-5e44130d441c: receive RaftClientReply:client-A9DCF8B8BD5B->529edf8e-8eae-4246-b33f-5e44130d441c@group-A1CD1332DC7D, cid=634, SUCCESS, logIndex=744, commits[529edf8e-8eae-4246-b33f-5e44130d441c:c744, 79bffca9-b028-4c53-a657-872ed973be73:c742, 15654dff-55cd-4f70-96d8-4abf0c061563:c742]
2019-07-09 15:04:18,555 INFO  client.GrpcClientProtocolClient (GrpcClientProtocolClient.java:onNext(255)) - client-A9DCF8B8BD5B->529edf8e-8eae-4246-b33f-5e44130d441c: receive RaftClientReply:client-A9DCF8B8BD5B->529edf8e-8eae-4246-b33f-5e44130d441c@group-A1CD1332DC7D, cid=635, SUCCESS, logIndex=747, commits[529edf8e-8eae-4246-b33f-5e44130d441c:c748, 79bffca9-b028-4c53-a657-872ed973be73:c744, 15654dff-55cd-4f70-96d8-4abf0c061563:c744]
2019-07-09 15:04:18,555 INFO  client.GrpcClientProtocolClient (GrpcClientProtocolClient.java:onNext(255)) - client-A9DCF8B8BD5B->529edf8e-8eae-4246-b33f-5e44130d441c: receive RaftClientReply:client-A9DCF8B8BD5B->529edf8e-8eae-4246-b33f-5e44130d441c@group-A1CD1332DC7D, cid=636, SUCCESS, logIndex=748, commits[529edf8e-8eae-4246-b33f-5e44130d441c:c748, 79bffca9-b028-4c53-a657-872ed973be73:c744, 15654dff-55cd-4f70-96d8-4abf0c061563:c744]
2019-07-09 15:04:18,570 INFO  client.GrpcClientProtocolClient (GrpcClientProtocolClient.java:onNext(255)) - client-A9DCF8B8BD5B->529edf8e-8eae-4246-b33f-5e44130d441c: receive RaftClientReply:client-A9DCF8B8BD5B->529edf8e-8eae-4246-b33f-5e44130d441c@group-A1CD1332DC7D, cid=637, SUCCESS, logIndex=0, commits[529edf8e-8eae-4246-b33f-5e44130d441c:c750, 79bffca9-b028-4c53-a657-872ed973be73:c748, 15654dff-55cd-4f70-96d8-4abf0c061563:c748]
2019-07-09 15:04:18,592 INFO  client.GrpcClientProtocolClient (GrpcClientProtocolClient.java:onNext(255)) - client-A9DCF8B8BD5B->529edf8e-8eae-4246-b33f-5e44130d441c: receive RaftClientReply:client-A9DCF8B8BD5B->529edf8e-8eae-4246-b33f-5e44130d441c@group-A1CD1332DC7D, cid=638, SUCCESS, logIndex=751, commits[529edf8e-8eae-4246-b33f-5e44130d441c:c754, 79bffca9-b028-4c53-a657-872ed973be73:c750, 15654dff-55cd-4f70-96d8-4abf0c061563:c750]
2019-07-09 15:04:18,593 INFO  client.GrpcClientProtocolClient (GrpcClientProtocolClient.java:onNext(255)) - client-A9DCF8B8BD5B->529edf8e-8eae-4246-b33f-5e44130d441c: receive RaftClientReply:client-A9DCF8B8BD5B->529edf8e-8eae-4246-b33f-5e44130d441c@group-A1CD1332DC7D, cid=639, SUCCESS, logIndex=752, commits[529edf8e-8eae-4246-b33f-5e44130d441c:c754, 79bffca9-b028-4c53-a657-872ed973be73:c750, 15654dff-55cd-4f70-96d8-4abf0c061563:c750]
2019-07-09 15:04:18,594 INFO  client.GrpcClientProtocolClient (GrpcClientProtocolClient.java:onNext(255)) - client-A9DCF8B8BD5B->529edf8e-8eae-4246-b33f-5e44130d441c: receive RaftClientReply:client-A9DCF8B8BD5B->529edf8e-8eae-4246-b33f-5e44130d441c@group-A1CD1332DC7D, cid=640, SUCCESS, logIndex=753, commits[529edf8e-8eae-4246-b33f-5e44130d441c:c754, 79bffca9-b028-4c53-a657-872ed973be73:c750, 15654dff-55cd-4f70-96d8-4abf0c061563:c750]
2019-07-09 15:04:18,594 INFO  client.GrpcClientProtocolClient (GrpcClientProtocolClient.java:onNext(255)) - client-A9DCF8B8BD5B->529edf8e-8eae-4246-b33f-5e44130d441c: receive RaftClientReply:client-A9DCF8B8BD5B->529edf8e-8eae-4246-b33f-5e44130d441c@group-A1CD1332DC7D, cid=641, SUCCESS, logIndex=754, commits[529edf8e-8eae-4246-b33f-5e44130d441c:c754, 79bffca9-b028-4c53-a657-872ed973be73:c750, 15654dff-55cd-4f70-96d8-4abf0c061563:c750]
2019-07-09 15:04:18,607 INFO  client.GrpcClientProtocolClient (GrpcClientProtocolClient.java:onNext(255)) - client-A9DCF8B8BD5B->529edf8e-8eae-4246-b33f-5e44130d441c: receive RaftClientReply:client-A9DCF8B8BD5B->529edf8e-8eae-4246-b33f-5e44130d441c@group-A1CD1332DC7D, cid=642, SUCCESS, logIndex=0, commits[529edf8e-8eae-4246-b33f-5e44130d441c:c756, 79bffca9-b028-4c53-a657-872ed973be73:c753, 15654dff-55cd-4f70-96d8-4abf0c061563:c753]
2019-07-09 15:04:18,632 INFO  client.GrpcClientProtocolClient (GrpcClientProtocolClient.java:onNext(255)) - client-A9DCF8B8BD5B->529edf8e-8eae-4246-b33f-5e44130d441c: receive RaftClientReply:client-A9DCF8B8BD5B->529edf8e-8eae-4246-b33f-5e44130d441c@group-A1CD1332DC7D, cid=643, SUCCESS, logIndex=758, commits[529edf8e-8eae-4246-b33f-5e44130d441c:c759, 79bffca9-b028-4c53-a657-872ed973be73:c757, 15654dff-55cd-4f70-96d8-4abf0c061563:c757]
2019-07-09 15:04:18,632 INFO  client.GrpcClientProtocolClient (GrpcClientProtocolClient.java:onNext(255)) - client-A9DCF8B8BD5B->529edf8e-8eae-4246-b33f-5e44130d441c: receive RaftClientReply:client-A9DCF8B8BD5B->529edf8e-8eae-4246-b33f-5e44130d441c@group-A1CD1332DC7D, cid=644, SUCCESS, logIndex=759, commits[529edf8e-8eae-4246-b33f-5e44130d441c:c759, 79bffca9-b028-4c53-a657-872ed973be73:c757, 15654dff-55cd-4f70-96d8-4abf0c061563:c757]
2019-07-09 15:04:18,659 INFO  client.GrpcClientProtocolClient (GrpcClientProtocolClient.java:onNext(255)) - client-A9DCF8B8BD5B->529edf8e-8eae-4246-b33f-5e44130d441c: receive RaftClientReply:client-A9DCF8B8BD5B->529edf8e-8eae-4246-b33f-5e44130d441c@group-A1CD1332DC7D, cid=645, SUCCESS, logIndex=762, commits[529edf8e-8eae-4246-b33f-5e44130d441c:c763, 79bffca9-b028-4c53-a657-872ed973be73:c759, 15654dff-55cd-4f70-96d8-4abf0c061563:c759]
2019-07-09 15:04:18,660 INFO  client.GrpcClientProtocolClient (GrpcClientProtocolClient.java:onNext(255)) - client-A9DCF8B8BD5B->529edf8e-8eae-4246-b33f-5e44130d441c: receive RaftClientReply:client-A9DCF8B8BD5B->529edf8e-8eae-4246-b33f-5e44130d441c@group-A1CD1332DC7D, cid=646, SUCCESS, logIndex=763, commits[529edf8e-8eae-4246-b33f-5e44130d441c:c763, 79bffca9-b028-4c53-a657-872ed973be73:c759, 15654dff-55cd-4f70-96d8-4abf0c061563:c759]
2019-07-09 15:04:18,670 INFO  client.GrpcClientProtocolClient (GrpcClientProtocolClient.java:onNext(255)) - client-A9DCF8B8BD5B->529edf8e-8eae-4246-b33f-5e44130d441c: receive RaftClientReply:client-A9DCF8B8BD5B->529edf8e-8eae-4246-b33f-5e44130d441c@group-A1CD1332DC7D, cid=647, SUCCESS, logIndex=0, commits[529edf8e-8eae-4246-b33f-5e44130d441c:c763, 79bffca9-b028-4c53-a657-872ed973be73:c763, 15654dff-55cd-4f70-96d8-4abf0c061563:c763]
2019-07-09 15:04:18,694 INFO  client.GrpcClientProtocolClient (GrpcClientProtocolClient.java:onNext(255)) - client-A9DCF8B8BD5B->529edf8e-8eae-4246-b33f-5e44130d441c: receive RaftClientReply:client-A9DCF8B8BD5B->529edf8e-8eae-4246-b33f-5e44130d441c@group-A1CD1332DC7D, cid=648, SUCCESS, logIndex=766, commits[529edf8e-8eae-4246-b33f-5e44130d441c:c768, 79bffca9-b028-4c53-a657-872ed973be73:c765, 15654dff-55cd-4f70-96d8-4abf0c061563:c765]
2019-07-09 15:04:18,694 INFO  client.GrpcClientProtocolClient (GrpcClientProtocolClient.java:onNext(255)) - client-A9DCF8B8BD5B->529edf8e-8eae-4246-b33f-5e44130d441c: receive RaftClientReply:client-A9DCF8B8BD5B->529edf8e-8eae-4246-b33f-5e44130d441c@group-A1CD1332DC7D, cid=649, SUCCESS, logIndex=767, commits[529edf8e-8eae-4246-b33f-5e44130d441c:c769, 79bffca9-b028-4c53-a657-872ed973be73:c765, 15654dff-55cd-4f70-96d8-4abf0c061563:c765]
2019-07-09 15:04:18,695 INFO  client.GrpcClientProtocolClient (GrpcClientProtocolClient.java:onNext(255)) - client-A9DCF8B8BD5B->529edf8e-8eae-4246-b33f-5e44130d441c: receive RaftClientReply:client-A9DCF8B8BD5B->529edf8e-8eae-4246-b33f-5e44130d441c@group-A1CD1332DC7D, cid=650, SUCCESS, logIndex=768, commits[529edf8e-8eae-4246-b33f-5e44130d441c:c769, 79bffca9-b028-4c53-a657-872ed973be73:c765, 15654dff-55cd-4f70-96d8-4abf0c061563:c765]
2019-07-09 15:04:18,695 INFO  client.GrpcClientProtocolClient (GrpcClientProtocolClient.java:onNext(255)) - client-A9DCF8B8BD5B->529edf8e-8eae-4246-b33f-5e44130d441c: receive RaftClientReply:client-A9DCF8B8BD5B->529edf8e-8eae-4246-b33f-5e44130d441c@group-A1CD1332DC7D, cid=651, SUCCESS, logIndex=769, commits[529edf8e-8eae-4246-b33f-5e44130d441c:c769, 79bffca9-b028-4c53-a657-872ed973be73:c765, 15654dff-55cd-4f70-96d8-4abf0c061563:c765]
2019-07-09 15:04:18,697 INFO  client.GrpcClientProtocolClient (GrpcClientProtocolClient.java:onNext(255)) - client-A9DCF8B8BD5B->529edf8e-8eae-4246-b33f-5e44130d441c: receive RaftClientReply:client-A9DCF8B8BD5B->529edf8e-8eae-4246-b33f-5e44130d441c@group-A1CD1332DC7D, cid=652, SUCCESS, logIndex=0, commits[529edf8e-8eae-4246-b33f-5e44130d441c:c770, 79bffca9-b028-4c53-a657-872ed973be73:c767, 15654dff-55cd-4f70-96d8-4abf0c061563:c767]
2019-07-09 15:04:18,730 INFO  client.GrpcClientProtocolClient (GrpcClientProtocolClient.java:onNext(255)) - client-A9DCF8B8BD5B->529edf8e-8eae-4246-b33f-5e44130d441c: receive RaftClientReply:client-A9DCF8B8BD5B->529edf8e-8eae-4246-b33f-5e44130d441c@group-A1CD1332DC7D, cid=653, SUCCESS, logIndex=774, commits[529edf8e-8eae-4246-b33f-5e44130d441c:c775, 79bffca9-b028-4c53-a657-872ed973be73:c773, 15654dff-55cd-4f70-96d8-4abf0c061563:c773]
2019-07-09 15:04:18,731 INFO  client.GrpcClientProtocolClient (GrpcClientProtocolClient.java:onNext(255)) - client-A9DCF8B8BD5B->529edf8e-8eae-4246-b33f-5e44130d441c: receive RaftClientReply:client-A9DCF8B8BD5B->529edf8e-8eae-4246-b33f-5e44130d441c@group-A1CD1332DC7D, cid=654, SUCCESS, logIndex=775, commits[529edf8e-8eae-4246-b33f-5e44130d441c:c775, 79bffca9-b028-4c53-a657-872ed973be73:c773, 15654dff-55cd-4f70-96d8-4abf0c061563:c773]
2019-07-09 15:04:18,753 INFO  client.GrpcClientProtocolClient (GrpcClientProtocolClient.java:onNext(255)) - client-A9DCF8B8BD5B->529edf8e-8eae-4246-b33f-5e44130d441c: receive RaftClientReply:client-A9DCF8B8BD5B->529edf8e-8eae-4246-b33f-5e44130d441c@group-A1CD1332DC7D, cid=655, SUCCESS, logIndex=777, commits[529edf8e-8eae-4246-b33f-5e44130d441c:c778, 79bffca9-b028-4c53-a657-872ed973be73:c775, 15654dff-55cd-4f70-96d8-4abf0c061563:c775]
2019-07-09 15:04:18,754 INFO  client.GrpcClientProtocolClient (GrpcClientProtocolClient.java:onNext(255)) - client-A9DCF8B8BD5B->529edf8e-8eae-4246-b33f-5e44130d441c: receive RaftClientReply:client-A9DCF8B8BD5B->529edf8e-8eae-4246-b33f-5e44130d441c@group-A1CD1332DC7D, cid=656, SUCCESS, logIndex=778, commits[529edf8e-8eae-4246-b33f-5e44130d441c:c778, 79bffca9-b028-4c53-a657-872ed973be73:c775, 15654dff-55cd-4f70-96d8-4abf0c061563:c775]
2019-07-09 15:04:18,766 INFO  client.GrpcClientProtocolClient (GrpcClientProtocolClient.java:onNext(255)) - client-A9DCF8B8BD5B->529edf8e-8eae-4246-b33f-5e44130d441c: receive RaftClientReply:client-A9DCF8B8BD5B->529edf8e-8eae-4246-b33f-5e44130d441c@group-A1CD1332DC7D, cid=657, SUCCESS, logIndex=0, commits[529edf8e-8eae-4246-b33f-5e44130d441c:c779, 79bffca9-b028-4c53-a657-872ed973be73:c778, 15654dff-55cd-4f70-96d8-4abf0c061563:c778]
2019-07-09 15:04:18,789 INFO  client.GrpcClientProtocolClient (GrpcClientProtocolClient.java:onNext(255)) - client-A9DCF8B8BD5B->529edf8e-8eae-4246-b33f-5e44130d441c: receive RaftClientReply:client-A9DCF8B8BD5B->529edf8e-8eae-4246-b33f-5e44130d441c@group-A1CD1332DC7D, cid=658, SUCCESS, logIndex=781, commits[529edf8e-8eae-4246-b33f-5e44130d441c:c782, 79bffca9-b028-4c53-a657-872ed973be73:c780, 15654dff-55cd-4f70-96d8-4abf0c061563:c780]
2019-07-09 15:04:18,790 INFO  client.GrpcClientProtocolClient (GrpcClientProtocolClient.java:onNext(255)) - client-A9DCF8B8BD5B->529edf8e-8eae-4246-b33f-5e44130d441c: receive RaftClientReply:client-A9DCF8B8BD5B->529edf8e-8eae-4246-b33f-5e44130d441c@group-A1CD1332DC7D, cid=659, SUCCESS, logIndex=782, commits[529edf8e-8eae-4246-b33f-5e44130d441c:c784, 79bffca9-b028-4c53-a657-872ed973be73:c780, 15654dff-55cd-4f70-96d8-4abf0c061563:c780]
2019-07-09 15:04:18,790 INFO  client.GrpcClientProtocolClient (GrpcClientProtocolClient.java:onNext(255)) - client-A9DCF8B8BD5B->529edf8e-8eae-4246-b33f-5e44130d441c: receive RaftClientReply:client-A9DCF8B8BD5B->529edf8e-8eae-4246-b33f-5e44130d441c@group-A1CD1332DC7D, cid=660, SUCCESS, logIndex=783, commits[529edf8e-8eae-4246-b33f-5e44130d441c:c784, 79bffca9-b028-4c53-a657-872ed973be73:c780, 15654dff-55cd-4f70-96d8-4abf0c061563:c780]
2019-07-09 15:04:18,790 INFO  client.GrpcClientProtocolClient (GrpcClientProtocolClient.java:onNext(255)) - client-A9DCF8B8BD5B->529edf8e-8eae-4246-b33f-5e44130d441c: receive RaftClientReply:client-A9DCF8B8BD5B->529edf8e-8eae-4246-b33f-5e44130d441c@group-A1CD1332DC7D, cid=661, SUCCESS, logIndex=784, commits[529edf8e-8eae-4246-b33f-5e44130d441c:c784, 79bffca9-b028-4c53-a657-872ed973be73:c780, 15654dff-55cd-4f70-96d8-4abf0c061563:c780]
2019-07-09 15:04:18,803 INFO  client.GrpcClientProtocolClient (GrpcClientProtocolClient.java:onNext(255)) - client-A9DCF8B8BD5B->529edf8e-8eae-4246-b33f-5e44130d441c: receive RaftClientReply:client-A9DCF8B8BD5B->529edf8e-8eae-4246-b33f-5e44130d441c@group-A1CD1332DC7D, cid=662, SUCCESS, logIndex=0, commits[529edf8e-8eae-4246-b33f-5e44130d441c:c787, 79bffca9-b028-4c53-a657-872ed973be73:c783, 15654dff-55cd-4f70-96d8-4abf0c061563:c782]
2019-07-09 15:04:18,825 INFO  client.GrpcClientProtocolClient (GrpcClientProtocolClient.java:onNext(255)) - client-A9DCF8B8BD5B->529edf8e-8eae-4246-b33f-5e44130d441c: receive RaftClientReply:client-A9DCF8B8BD5B->529edf8e-8eae-4246-b33f-5e44130d441c@group-A1CD1332DC7D, cid=663, SUCCESS, logIndex=789, commits[529edf8e-8eae-4246-b33f-5e44130d441c:c790, 79bffca9-b028-4c53-a657-872ed973be73:c788, 15654dff-55cd-4f70-96d8-4abf0c061563:c788]
2019-07-09 15:04:18,825 INFO  client.GrpcClientProtocolClient (GrpcClientProtocolClient.java:onNext(255)) - client-A9DCF8B8BD5B->529edf8e-8eae-4246-b33f-5e44130d441c: receive RaftClientReply:client-A9DCF8B8BD5B->529edf8e-8eae-4246-b33f-5e44130d441c@group-A1CD1332DC7D, cid=664, SUCCESS, logIndex=790, commits[529edf8e-8eae-4246-b33f-5e44130d441c:c790, 79bffca9-b028-4c53-a657-872ed973be73:c788, 15654dff-55cd-4f70-96d8-4abf0c061563:c788]
2019-07-09 15:04:18,850 INFO  client.GrpcClientProtocolClient (GrpcClientProtocolClient.java:onNext(255)) - client-A9DCF8B8BD5B->529edf8e-8eae-4246-b33f-5e44130d441c: receive RaftClientReply:client-A9DCF8B8BD5B->529edf8e-8eae-4246-b33f-5e44130d441c@group-A1CD1332DC7D, cid=665, SUCCESS, logIndex=793, commits[529edf8e-8eae-4246-b33f-5e44130d441c:c794, 79bffca9-b028-4c53-a657-872ed973be73:c790, 15654dff-55cd-4f70-96d8-4abf0c061563:c790]
2019-07-09 15:04:18,850 INFO  client.GrpcClientProtocolClient (GrpcClientProtocolClient.java:onNext(255)) - client-A9DCF8B8BD5B->529edf8e-8eae-4246-b33f-5e44130d441c: receive RaftClientReply:client-A9DCF8B8BD5B->529edf8e-8eae-4246-b33f-5e44130d441c@group-A1CD1332DC7D, cid=666, SUCCESS, logIndex=794, commits[529edf8e-8eae-4246-b33f-5e44130d441c:c794, 79bffca9-b028-4c53-a657-872ed973be73:c790, 15654dff-55cd-4f70-96d8-4abf0c061563:c790]
2019-07-09 15:04:18,852 INFO  client.GrpcClientProtocolClient (GrpcClientProtocolClient.java:onNext(255)) - client-A9DCF8B8BD5B->529edf8e-8eae-4246-b33f-5e44130d441c: receive RaftClientReply:client-A9DCF8B8BD5B->529edf8e-8eae-4246-b33f-5e44130d441c@group-A1CD1332DC7D, cid=667, SUCCESS, logIndex=0, commits[529edf8e-8eae-4246-b33f-5e44130d441c:c795, 79bffca9-b028-4c53-a657-872ed973be73:c794, 15654dff-55cd-4f70-96d8-4abf0c061563:c794]
 0.00% |█                                                                                                    |  0/1 Time: 0:00:012019-07-09 15:04:18,873 INFO  client.GrpcClientProtocolClient (GrpcClientProtocolClient.java:onNext(255)) - client-A9DCF8B8BD5B->529edf8e-8eae-4246-b33f-5e44130d441c: receive RaftClientReply:client-A9DCF8B8BD5B->529edf8e-8eae-4246-b33f-5e44130d441c@group-A1CD1332DC7D, cid=668, SUCCESS, logIndex=796, commits[529edf8e-8eae-4246-b33f-5e44130d441c:c797, 79bffca9-b028-4c53-a657-872ed973be73:c795, 15654dff-55cd-4f70-96d8-4abf0c061563:c795]
2019-07-09 15:04:18,874 INFO  client.GrpcClientProtocolClient (GrpcClientProtocolClient.java:onNext(255)) - client-A9DCF8B8BD5B->529edf8e-8eae-4246-b33f-5e44130d441c: receive RaftClientReply:client-A9DCF8B8BD5B->529edf8e-8eae-4246-b33f-5e44130d441c@group-A1CD1332DC7D, cid=669, SUCCESS, logIndex=797, commits[529edf8e-8eae-4246-b33f-5e44130d441c:c799, 79bffca9-b028-4c53-a657-872ed973be73:c795, 15654dff-55cd-4f70-96d8-4abf0c061563:c795]
2019-07-09 15:04:18,874 INFO  client.GrpcClientProtocolClient (GrpcClientProtocolClient.java:onNext(255)) - client-A9DCF8B8BD5B->529edf8e-8eae-4246-b33f-5e44130d441c: receive RaftClientReply:client-A9DCF8B8BD5B->529edf8e-8eae-4246-b33f-5e44130d441c@group-A1CD1332DC7D, cid=670, SUCCESS, logIndex=798, commits[529edf8e-8eae-4246-b33f-5e44130d441c:c799, 79bffca9-b028-4c53-a657-872ed973be73:c795, 15654dff-55cd-4f70-96d8-4abf0c061563:c795]
2019-07-09 15:04:18,874 INFO  client.GrpcClientProtocolClient (GrpcClientProtocolClient.java:onNext(255)) - client-A9DCF8B8BD5B->529edf8e-8eae-4246-b33f-5e44130d441c: receive RaftClientReply:client-A9DCF8B8BD5B->529edf8e-8eae-4246-b33f-5e44130d441c@group-A1CD1332DC7D, cid=671, SUCCESS, logIndex=799, commits[529edf8e-8eae-4246-b33f-5e44130d441c:c799, 79bffca9-b028-4c53-a657-872ed973be73:c795, 15654dff-55cd-4f70-96d8-4abf0c061563:c796]
2019-07-09 15:04:18,876 INFO  client.GrpcClientProtocolClient (GrpcClientProtocolClient.java:onNext(255)) - client-A9DCF8B8BD5B->529edf8e-8eae-4246-b33f-5e44130d441c: receive RaftClientReply:client-A9DCF8B8BD5B->529edf8e-8eae-4246-b33f-5e44130d441c@group-A1CD1332DC7D, cid=672, SUCCESS, logIndex=0, commits[529edf8e-8eae-4246-b33f-5e44130d441c:c803, 79bffca9-b028-4c53-a657-872ed973be73:c797, 15654dff-55cd-4f70-96d8-4abf0c061563:c799]
2019-07-09 15:04:18,896 INFO  client.GrpcClientProtocolClient (GrpcClientProtocolClient.java:onNext(255)) - client-A9DCF8B8BD5B->529edf8e-8eae-4246-b33f-5e44130d441c: receive RaftClientReply:client-A9DCF8B8BD5B->529edf8e-8eae-4246-b33f-5e44130d441c@group-A1CD1332DC7D, cid=673, SUCCESS, logIndex=804, commits[529edf8e-8eae-4246-b33f-5e44130d441c:c805, 79bffca9-b028-4c53-a657-872ed973be73:c803, 15654dff-55cd-4f70-96d8-4abf0c061563:c803]
2019-07-09 15:04:18,896 INFO  client.GrpcClientProtocolClient (GrpcClientProtocolClient.java:onNext(255)) - client-A9DCF8B8BD5B->529edf8e-8eae-4246-b33f-5e44130d441c: receive RaftClientReply:client-A9DCF8B8BD5B->529edf8e-8eae-4246-b33f-5e44130d441c@group-A1CD1332DC7D, cid=674, SUCCESS, logIndex=805, commits[529edf8e-8eae-4246-b33f-5e44130d441c:c805, 79bffca9-b028-4c53-a657-872ed973be73:c803, 15654dff-55cd-4f70-96d8-4abf0c061563:c803]
2019-07-09 15:04:18,911 INFO  client.GrpcClientProtocolClient (GrpcClientProtocolClient.java:onNext(255)) - client-A9DCF8B8BD5B->529edf8e-8eae-4246-b33f-5e44130d441c: receive RaftClientReply:client-A9DCF8B8BD5B->529edf8e-8eae-4246-b33f-5e44130d441c@group-A1CD1332DC7D, cid=675, SUCCESS, logIndex=808, commits[529edf8e-8eae-4246-b33f-5e44130d441c:c809, 79bffca9-b028-4c53-a657-872ed973be73:c805, 15654dff-55cd-4f70-96d8-4abf0c061563:c805]
2019-07-09 15:04:18,912 INFO  client.GrpcClientProtocolClient (GrpcClientProtocolClient.java:onNext(255)) - client-A9DCF8B8BD5B->529edf8e-8eae-4246-b33f-5e44130d441c: receive RaftClientReply:client-A9DCF8B8BD5B->529edf8e-8eae-4246-b33f-5e44130d441c@group-A1CD1332DC7D, cid=676, SUCCESS, logIndex=809, commits[529edf8e-8eae-4246-b33f-5e44130d441c:c809, 79bffca9-b028-4c53-a657-872ed973be73:c805, 15654dff-55cd-4f70-96d8-4abf0c061563:c805]
2019-07-09 15:04:18,926 INFO  client.GrpcClientProtocolClient (GrpcClientProtocolClient.java:onNext(255)) - client-A9DCF8B8BD5B->529edf8e-8eae-4246-b33f-5e44130d441c: receive RaftClientReply:client-A9DCF8B8BD5B->529edf8e-8eae-4246-b33f-5e44130d441c@group-A1CD1332DC7D, cid=677, SUCCESS, logIndex=0, commits[529edf8e-8eae-4246-b33f-5e44130d441c:c811, 79bffca9-b028-4c53-a657-872ed973be73:c809, 15654dff-55cd-4f70-96d8-4abf0c061563:c809]
2019-07-09 15:04:18,949 INFO  client.GrpcClientProtocolClient (GrpcClientProtocolClient.java:onNext(255)) - client-A9DCF8B8BD5B->529edf8e-8eae-4246-b33f-5e44130d441c: receive RaftClientReply:client-A9DCF8B8BD5B->529edf8e-8eae-4246-b33f-5e44130d441c@group-A1CD1332DC7D, cid=678, SUCCESS, logIndex=812, commits[529edf8e-8eae-4246-b33f-5e44130d441c:c813, 79bffca9-b028-4c53-a657-872ed973be73:c811, 15654dff-55cd-4f70-96d8-4abf0c061563:c811]
2019-07-09 15:04:18,950 INFO  client.GrpcClientProtocolClient (GrpcClientProtocolClient.java:onNext(255)) - client-A9DCF8B8BD5B->529edf8e-8eae-4246-b33f-5e44130d441c: receive RaftClientReply:client-A9DCF8B8BD5B->529edf8e-8eae-4246-b33f-5e44130d441c@group-A1CD1332DC7D, cid=679, SUCCESS, logIndex=813, commits[529edf8e-8eae-4246-b33f-5e44130d441c:c814, 79bffca9-b028-4c53-a657-872ed973be73:c811, 15654dff-55cd-4f70-96d8-4abf0c061563:c811]
2019-07-09 15:04:18,950 INFO  client.GrpcClientProtocolClient (GrpcClientProtocolClient.java:onNext(255)) - client-A9DCF8B8BD5B->529edf8e-8eae-4246-b33f-5e44130d441c: receive RaftClientReply:client-A9DCF8B8BD5B->529edf8e-8eae-4246-b33f-5e44130d441c@group-A1CD1332DC7D, cid=680, SUCCESS, logIndex=814, commits[529edf8e-8eae-4246-b33f-5e44130d441c:c815, 79bffca9-b028-4c53-a657-872ed973be73:c811, 15654dff-55cd-4f70-96d8-4abf0c061563:c811]
2019-07-09 15:04:18,951 INFO  client.GrpcClientProtocolClient (GrpcClientProtocolClient.java:onNext(255)) - client-A9DCF8B8BD5B->529edf8e-8eae-4246-b33f-5e44130d441c: receive RaftClientReply:client-A9DCF8B8BD5B->529edf8e-8eae-4246-b33f-5e44130d441c@group-A1CD1332DC7D, cid=681, SUCCESS, logIndex=815, commits[529edf8e-8eae-4246-b33f-5e44130d441c:c815, 79bffca9-b028-4c53-a657-872ed973be73:c811, 15654dff-55cd-4f70-96d8-4abf0c061563:c811]
2019-07-09 15:04:18,963 INFO  client.GrpcClientProtocolClient (GrpcClientProtocolClient.java:onNext(255)) - client-A9DCF8B8BD5B->529edf8e-8eae-4246-b33f-5e44130d441c: receive RaftClientReply:client-A9DCF8B8BD5B->529edf8e-8eae-4246-b33f-5e44130d441c@group-A1CD1332DC7D, cid=682, SUCCESS, logIndex=0, commits[529edf8e-8eae-4246-b33f-5e44130d441c:c819, 79bffca9-b028-4c53-a657-872ed973be73:c815, 15654dff-55cd-4f70-96d8-4abf0c061563:c813]
2019-07-09 15:04:18,989 INFO  client.GrpcClientProtocolClient (GrpcClientProtocolClient.java:onNext(255)) - client-A9DCF8B8BD5B->529edf8e-8eae-4246-b33f-5e44130d441c: receive RaftClientReply:client-A9DCF8B8BD5B->529edf8e-8eae-4246-b33f-5e44130d441c@group-A1CD1332DC7D, cid=683, SUCCESS, logIndex=820, commits[529edf8e-8eae-4246-b33f-5e44130d441c:c821, 79bffca9-b028-4c53-a657-872ed973be73:c819, 15654dff-55cd-4f70-96d8-4abf0c061563:c819]
2019-07-09 15:04:18,990 INFO  client.GrpcClientProtocolClient (GrpcClientProtocolClient.java:onNext(255)) - client-A9DCF8B8BD5B->529edf8e-8eae-4246-b33f-5e44130d441c: receive RaftClientReply:client-A9DCF8B8BD5B->529edf8e-8eae-4246-b33f-5e44130d441c@group-A1CD1332DC7D, cid=684, SUCCESS, logIndex=821, commits[529edf8e-8eae-4246-b33f-5e44130d441c:c821, 79bffca9-b028-4c53-a657-872ed973be73:c819, 15654dff-55cd-4f70-96d8-4abf0c061563:c819]
2019-07-09 15:04:19,014 INFO  client.GrpcClientProtocolClient (GrpcClientProtocolClient.java:onNext(255)) - client-A9DCF8B8BD5B->529edf8e-8eae-4246-b33f-5e44130d441c: receive RaftClientReply:client-A9DCF8B8BD5B->529edf8e-8eae-4246-b33f-5e44130d441c@group-A1CD1332DC7D, cid=685, SUCCESS, logIndex=824, commits[529edf8e-8eae-4246-b33f-5e44130d441c:c825, 79bffca9-b028-4c53-a657-872ed973be73:c821, 15654dff-55cd-4f70-96d8-4abf0c061563:c821]
2019-07-09 15:04:19,015 INFO  client.GrpcClientProtocolClient (GrpcClientProtocolClient.java:onNext(255)) - client-A9DCF8B8BD5B->529edf8e-8eae-4246-b33f-5e44130d441c: receive RaftClientReply:client-A9DCF8B8BD5B->529edf8e-8eae-4246-b33f-5e44130d441c@group-A1CD1332DC7D, cid=686, SUCCESS, logIndex=825, commits[529edf8e-8eae-4246-b33f-5e44130d441c:c825, 79bffca9-b028-4c53-a657-872ed973be73:c821, 15654dff-55cd-4f70-96d8-4abf0c061563:c821]
2019-07-09 15:04:19,030 INFO  client.GrpcClientProtocolClient (GrpcClientProtocolClient.java:onNext(255)) - client-A9DCF8B8BD5B->529edf8e-8eae-4246-b33f-5e44130d441c: receive RaftClientReply:client-A9DCF8B8BD5B->529edf8e-8eae-4246-b33f-5e44130d441c@group-A1CD1332DC7D, cid=687, SUCCESS, logIndex=0, commits[529edf8e-8eae-4246-b33f-5e44130d441c:c827, 79bffca9-b028-4c53-a657-872ed973be73:c825, 15654dff-55cd-4f70-96d8-4abf0c061563:c825]
2019-07-09 15:04:19,158 INFO  client.GrpcClientProtocolClient (GrpcClientProtocolClient.java:onNext(255)) - client-A9DCF8B8BD5B->529edf8e-8eae-4246-b33f-5e44130d441c: receive RaftClientReply:client-A9DCF8B8BD5B->529edf8e-8eae-4246-b33f-5e44130d441c@group-A1CD1332DC7D, cid=688, SUCCESS, logIndex=828, commits[529edf8e-8eae-4246-b33f-5e44130d441c:c829, 79bffca9-b028-4c53-a657-872ed973be73:c827, 15654dff-55cd-4f70-96d8-4abf0c061563:c827]
2019-07-09 15:04:19,159 INFO  client.GrpcClientProtocolClient (GrpcClientProtocolClient.java:onNext(255)) - client-A9DCF8B8BD5B->529edf8e-8eae-4246-b33f-5e44130d441c: receive RaftClientReply:client-A9DCF8B8BD5B->529edf8e-8eae-4246-b33f-5e44130d441c@group-A1CD1332DC7D, cid=689, SUCCESS, logIndex=829, commits[529edf8e-8eae-4246-b33f-5e44130d441c:c831, 79bffca9-b028-4c53-a657-872ed973be73:c827, 15654dff-55cd-4f70-96d8-4abf0c061563:c827]
2019-07-09 15:04:19,159 INFO  client.GrpcClientProtocolClient (GrpcClientProtocolClient.java:onNext(255)) - client-A9DCF8B8BD5B->529edf8e-8eae-4246-b33f-5e44130d441c: receive RaftClientReply:client-A9DCF8B8BD5B->529edf8e-8eae-4246-b33f-5e44130d441c@group-A1CD1332DC7D, cid=690, SUCCESS, logIndex=830, commits[529edf8e-8eae-4246-b33f-5e44130d441c:c831, 79bffca9-b028-4c53-a657-872ed973be73:c827, 15654dff-55cd-4f70-96d8-4abf0c061563:c827]
2019-07-09 15:04:19,159 INFO  client.GrpcClientProtocolClient (GrpcClientProtocolClient.java:onNext(255)) - client-A9DCF8B8BD5B->529edf8e-8eae-4246-b33f-5e44130d441c: receive RaftClientReply:client-A9DCF8B8BD5B->529edf8e-8eae-4246-b33f-5e44130d441c@group-A1CD1332DC7D, cid=691, SUCCESS, logIndex=831, commits[529edf8e-8eae-4246-b33f-5e44130d441c:c831, 79bffca9-b028-4c53-a657-872ed973be73:c827, 15654dff-55cd-4f70-96d8-4abf0c061563:c827]
2019-07-09 15:04:19,161 INFO  client.GrpcClientProtocolClient (GrpcClientProtocolClient.java:onNext(255)) - client-A9DCF8B8BD5B->529edf8e-8eae-4246-b33f-5e44130d441c: receive RaftClientReply:client-A9DCF8B8BD5B->529edf8e-8eae-4246-b33f-5e44130d441c@group-A1CD1332DC7D, cid=692, SUCCESS, logIndex=0, commits[529edf8e-8eae-4246-b33f-5e44130d441c:c832, 79bffca9-b028-4c53-a657-872ed973be73:c829, 15654dff-55cd-4f70-96d8-4abf0c061563:c829]
2019-07-09 15:04:19,187 INFO  client.GrpcClientProtocolClient (GrpcClientProtocolClient.java:onNext(255)) - client-A9DCF8B8BD5B->529edf8e-8eae-4246-b33f-5e44130d441c: receive RaftClientReply:client-A9DCF8B8BD5B->529edf8e-8eae-4246-b33f-5e44130d441c@group-A1CD1332DC7D, cid=693, SUCCESS, logIndex=836, commits[529edf8e-8eae-4246-b33f-5e44130d441c:c837, 79bffca9-b028-4c53-a657-872ed973be73:c832, 15654dff-55cd-4f70-96d8-4abf0c061563:c831]
2019-07-09 15:04:19,187 INFO  client.GrpcClientProtocolClient (GrpcClientProtocolClient.java:onNext(255)) - client-A9DCF8B8BD5B->529edf8e-8eae-4246-b33f-5e44130d441c: receive RaftClientReply:client-A9DCF8B8BD5B->529edf8e-8eae-4246-b33f-5e44130d441c@group-A1CD1332DC7D, cid=694, SUCCESS, logIndex=837, commits[529edf8e-8eae-4246-b33f-5e44130d441c:c837, 79bffca9-b028-4c53-a657-872ed973be73:c832, 15654dff-55cd-4f70-96d8-4abf0c061563:c832]
2019-07-09 15:04:19,213 INFO  client.GrpcClientProtocolClient (GrpcClientProtocolClient.java:onNext(255)) - client-A9DCF8B8BD5B->529edf8e-8eae-4246-b33f-5e44130d441c: receive RaftClientReply:client-A9DCF8B8BD5B->529edf8e-8eae-4246-b33f-5e44130d441c@group-A1CD1332DC7D, cid=695, SUCCESS, logIndex=840, commits[529edf8e-8eae-4246-b33f-5e44130d441c:c841, 79bffca9-b028-4c53-a657-872ed973be73:c837, 15654dff-55cd-4f70-96d8-4abf0c061563:c837]
2019-07-09 15:04:19,214 INFO  client.GrpcClientProtocolClient (GrpcClientProtocolClient.java:onNext(255)) - client-A9DCF8B8BD5B->529edf8e-8eae-4246-b33f-5e44130d441c: receive RaftClientReply:client-A9DCF8B8BD5B->529edf8e-8eae-4246-b33f-5e44130d441c@group-A1CD1332DC7D, cid=696, SUCCESS, logIndex=841, commits[529edf8e-8eae-4246-b33f-5e44130d441c:c841, 79bffca9-b028-4c53-a657-872ed973be73:c837, 15654dff-55cd-4f70-96d8-4abf0c061563:c837]
2019-07-09 15:04:19,225 INFO  client.GrpcClientProtocolClient (GrpcClientProtocolClient.java:onNext(255)) - client-A9DCF8B8BD5B->529edf8e-8eae-4246-b33f-5e44130d441c: receive RaftClientReply:client-A9DCF8B8BD5B->529edf8e-8eae-4246-b33f-5e44130d441c@group-A1CD1332DC7D, cid=697, SUCCESS, logIndex=0, commits[529edf8e-8eae-4246-b33f-5e44130d441c:c842, 79bffca9-b028-4c53-a657-872ed973be73:c841, 15654dff-55cd-4f70-96d8-4abf0c061563:c841]
2019-07-09 15:04:19,257 INFO  client.GrpcClientProtocolClient (GrpcClientProtocolClient.java:onNext(255)) - client-A9DCF8B8BD5B->529edf8e-8eae-4246-b33f-5e44130d441c: receive RaftClientReply:client-A9DCF8B8BD5B->529edf8e-8eae-4246-b33f-5e44130d441c@group-A1CD1332DC7D, cid=698, SUCCESS, logIndex=844, commits[529edf8e-8eae-4246-b33f-5e44130d441c:c845, 79bffca9-b028-4c53-a657-872ed973be73:c843, 15654dff-55cd-4f70-96d8-4abf0c061563:c843]
2019-07-09 15:04:19,258 INFO  client.GrpcClientProtocolClient (GrpcClientProtocolClient.java:onNext(255)) - client-A9DCF8B8BD5B->529edf8e-8eae-4246-b33f-5e44130d441c: receive RaftClientReply:client-A9DCF8B8BD5B->529edf8e-8eae-4246-b33f-5e44130d441c@group-A1CD1332DC7D, cid=699, SUCCESS, logIndex=845, commits[529edf8e-8eae-4246-b33f-5e44130d441c:c847, 79bffca9-b028-4c53-a657-872ed973be73:c843, 15654dff-55cd-4f70-96d8-4abf0c061563:c843]
2019-07-09 15:04:19,258 INFO  client.GrpcClientProtocolClient (GrpcClientProtocolClient.java:onNext(255)) - client-A9DCF8B8BD5B->529edf8e-8eae-4246-b33f-5e44130d441c: receive RaftClientReply:client-A9DCF8B8BD5B->529edf8e-8eae-4246-b33f-5e44130d441c@group-A1CD1332DC7D, cid=700, SUCCESS, logIndex=846, commits[529edf8e-8eae-4246-b33f-5e44130d441c:c847, 79bffca9-b028-4c53-a657-872ed973be73:c843, 15654dff-55cd-4f70-96d8-4abf0c061563:c843]
2019-07-09 15:04:19,259 INFO  client.GrpcClientProtocolClient (GrpcClientProtocolClient.java:onNext(255)) - client-A9DCF8B8BD5B->529edf8e-8eae-4246-b33f-5e44130d441c: receive RaftClientReply:client-A9DCF8B8BD5B->529edf8e-8eae-4246-b33f-5e44130d441c@group-A1CD1332DC7D, cid=701, SUCCESS, logIndex=847, commits[529edf8e-8eae-4246-b33f-5e44130d441c:c847, 79bffca9-b028-4c53-a657-872ed973be73:c843, 15654dff-55cd-4f70-96d8-4abf0c061563:c843]
2019-07-09 15:04:19,272 INFO  client.GrpcClientProtocolClient (GrpcClientProtocolClient.java:onNext(255)) - client-A9DCF8B8BD5B->529edf8e-8eae-4246-b33f-5e44130d441c: receive RaftClientReply:client-A9DCF8B8BD5B->529edf8e-8eae-4246-b33f-5e44130d441c@group-A1CD1332DC7D, cid=702, SUCCESS, logIndex=0, commits[529edf8e-8eae-4246-b33f-5e44130d441c:c849, 79bffca9-b028-4c53-a657-872ed973be73:c845, 15654dff-55cd-4f70-96d8-4abf0c061563:c845]
2019-07-09 15:04:19,295 INFO  client.GrpcClientProtocolClient (GrpcClientProtocolClient.java:onNext(255)) - client-A9DCF8B8BD5B->529edf8e-8eae-4246-b33f-5e44130d441c: receive RaftClientReply:client-A9DCF8B8BD5B->529edf8e-8eae-4246-b33f-5e44130d441c@group-A1CD1332DC7D, cid=703, SUCCESS, logIndex=852, commits[529edf8e-8eae-4246-b33f-5e44130d441c:c853, 79bffca9-b028-4c53-a657-872ed973be73:c851, 15654dff-55cd-4f70-96d8-4abf0c061563:c851]
2019-07-09 15:04:19,295 INFO  client.GrpcClientProtocolClient (GrpcClientProtocolClient.java:onNext(255)) - client-A9DCF8B8BD5B->529edf8e-8eae-4246-b33f-5e44130d441c: receive RaftClientReply:client-A9DCF8B8BD5B->529edf8e-8eae-4246-b33f-5e44130d441c@group-A1CD1332DC7D, cid=704, SUCCESS, logIndex=853, commits[529edf8e-8eae-4246-b33f-5e44130d441c:c853, 79bffca9-b028-4c53-a657-872ed973be73:c851, 15654dff-55cd-4f70-96d8-4abf0c061563:c851]
2019-07-09 15:04:19,309 INFO  client.GrpcClientProtocolClient (GrpcClientProtocolClient.java:onNext(255)) - client-A9DCF8B8BD5B->529edf8e-8eae-4246-b33f-5e44130d441c: receive RaftClientReply:client-A9DCF8B8BD5B->529edf8e-8eae-4246-b33f-5e44130d441c@group-A1CD1332DC7D, cid=705, SUCCESS, logIndex=856, commits[529edf8e-8eae-4246-b33f-5e44130d441c:c857, 79bffca9-b028-4c53-a657-872ed973be73:c852, 15654dff-55cd-4f70-96d8-4abf0c061563:c853]
2019-07-09 15:04:19,309 INFO  client.GrpcClientProtocolClient (GrpcClientProtocolClient.java:onNext(255)) - client-A9DCF8B8BD5B->529edf8e-8eae-4246-b33f-5e44130d441c: receive RaftClientReply:client-A9DCF8B8BD5B->529edf8e-8eae-4246-b33f-5e44130d441c@group-A1CD1332DC7D, cid=706, SUCCESS, logIndex=857, commits[529edf8e-8eae-4246-b33f-5e44130d441c:c857, 79bffca9-b028-4c53-a657-872ed973be73:c852, 15654dff-55cd-4f70-96d8-4abf0c061563:c853]
2019-07-09 15:04:19,311 INFO  client.GrpcClientProtocolClient (GrpcClientProtocolClient.java:onNext(255)) - client-A9DCF8B8BD5B->529edf8e-8eae-4246-b33f-5e44130d441c: receive RaftClientReply:client-A9DCF8B8BD5B->529edf8e-8eae-4246-b33f-5e44130d441c@group-A1CD1332DC7D, cid=707, SUCCESS, logIndex=0, commits[529edf8e-8eae-4246-b33f-5e44130d441c:c857, 79bffca9-b028-4c53-a657-872ed973be73:c853, 15654dff-55cd-4f70-96d8-4abf0c061563:c853]
2019-07-09 15:04:19,312 INFO  client.GrpcClientProtocolClient (GrpcClientProtocolClient.java:onNext(255)) - client-A9DCF8B8BD5B->529edf8e-8eae-4246-b33f-5e44130d441c: receive RaftClientReply:client-A9DCF8B8BD5B->529edf8e-8eae-4246-b33f-5e44130d441c@group-A1CD1332DC7D, cid=708, SUCCESS, logIndex=0, commits[529edf8e-8eae-4246-b33f-5e44130d441c:c858, 79bffca9-b028-4c53-a657-872ed973be73:c857, 15654dff-55cd-4f70-96d8-4abf0c061563:c857]
2019-07-09 15:04:19,337 INFO  client.GrpcClientProtocolClient (GrpcClientProtocolClient.java:onNext(255)) - client-A9DCF8B8BD5B->529edf8e-8eae-4246-b33f-5e44130d441c: receive RaftClientReply:client-A9DCF8B8BD5B->529edf8e-8eae-4246-b33f-5e44130d441c@group-A1CD1332DC7D, cid=709, SUCCESS, logIndex=860, commits[529edf8e-8eae-4246-b33f-5e44130d441c:c862, 79bffca9-b028-4c53-a657-872ed973be73:c858, 15654dff-55cd-4f70-96d8-4abf0c061563:c858]
2019-07-09 15:04:19,337 INFO  client.GrpcClientProtocolClient (GrpcClientProtocolClient.java:onNext(255)) - client-A9DCF8B8BD5B->529edf8e-8eae-4246-b33f-5e44130d441c: receive RaftClientReply:client-A9DCF8B8BD5B->529edf8e-8eae-4246-b33f-5e44130d441c@group-A1CD1332DC7D, cid=710, SUCCESS, logIndex=861, commits[529edf8e-8eae-4246-b33f-5e44130d441c:c863, 79bffca9-b028-4c53-a657-872ed973be73:c858, 15654dff-55cd-4f70-96d8-4abf0c061563:c858]
2019-07-09 15:04:19,338 INFO  client.GrpcClientProtocolClient (GrpcClientProtocolClient.java:onNext(255)) - client-A9DCF8B8BD5B->529edf8e-8eae-4246-b33f-5e44130d441c: receive RaftClientReply:client-A9DCF8B8BD5B->529edf8e-8eae-4246-b33f-5e44130d441c@group-A1CD1332DC7D, cid=711, SUCCESS, logIndex=862, commits[529edf8e-8eae-4246-b33f-5e44130d441c:c863, 79bffca9-b028-4c53-a657-872ed973be73:c858, 15654dff-55cd-4f70-96d8-4abf0c061563:c858]
2019-07-09 15:04:19,338 INFO  client.GrpcClientProtocolClient (GrpcClientProtocolClient.java:onNext(255)) - client-A9DCF8B8BD5B->529edf8e-8eae-4246-b33f-5e44130d441c: receive RaftClientReply:client-A9DCF8B8BD5B->529edf8e-8eae-4246-b33f-5e44130d441c@group-A1CD1332DC7D, cid=712, SUCCESS, logIndex=863, commits[529edf8e-8eae-4246-b33f-5e44130d441c:c863, 79bffca9-b028-4c53-a657-872ed973be73:c858, 15654dff-55cd-4f70-96d8-4abf0c061563:c858]
2019-07-09 15:04:19,351 INFO  client.GrpcClientProtocolClient (GrpcClientProtocolClient.java:onNext(255)) - client-A9DCF8B8BD5B->529edf8e-8eae-4246-b33f-5e44130d441c: receive RaftClientReply:client-A9DCF8B8BD5B->529edf8e-8eae-4246-b33f-5e44130d441c@group-A1CD1332DC7D, cid=713, SUCCESS, logIndex=0, commits[529edf8e-8eae-4246-b33f-5e44130d441c:c865, 79bffca9-b028-4c53-a657-872ed973be73:c861, 15654dff-55cd-4f70-96d8-4abf0c061563:c861]
2019-07-09 15:04:19,372 INFO  client.GrpcClientProtocolClient (GrpcClientProtocolClient.java:onNext(255)) - client-A9DCF8B8BD5B->529edf8e-8eae-4246-b33f-5e44130d441c: receive RaftClientReply:client-A9DCF8B8BD5B->529edf8e-8eae-4246-b33f-5e44130d441c@group-A1CD1332DC7D, cid=714, SUCCESS, logIndex=868, commits[529edf8e-8eae-4246-b33f-5e44130d441c:c869, 79bffca9-b028-4c53-a657-872ed973be73:c867, 15654dff-55cd-4f70-96d8-4abf0c061563:c867]
2019-07-09 15:04:19,373 INFO  client.GrpcClientProtocolClient (GrpcClientProtocolClient.java:onNext(255)) - client-A9DCF8B8BD5B->529edf8e-8eae-4246-b33f-5e44130d441c: receive RaftClientReply:client-A9DCF8B8BD5B->529edf8e-8eae-4246-b33f-5e44130d441c@group-A1CD1332DC7D, cid=715, SUCCESS, logIndex=869, commits[529edf8e-8eae-4246-b33f-5e44130d441c:c869, 79bffca9-b028-4c53-a657-872ed973be73:c867, 15654dff-55cd-4f70-96d8-4abf0c061563:c867]
2019-07-09 15:04:19,396 INFO  client.GrpcClientProtocolClient (GrpcClientProtocolClient.java:onNext(255)) - client-A9DCF8B8BD5B->529edf8e-8eae-4246-b33f-5e44130d441c: receive RaftClientReply:client-A9DCF8B8BD5B->529edf8e-8eae-4246-b33f-5e44130d441c@group-A1CD1332DC7D, cid=716, SUCCESS, logIndex=872, commits[529edf8e-8eae-4246-b33f-5e44130d441c:c873, 79bffca9-b028-4c53-a657-872ed973be73:c869, 15654dff-55cd-4f70-96d8-4abf0c061563:c869]
2019-07-09 15:04:19,396 INFO  client.GrpcClientProtocolClient (GrpcClientProtocolClient.java:onNext(255)) - client-A9DCF8B8BD5B->529edf8e-8eae-4246-b33f-5e44130d441c: receive RaftClientReply:client-A9DCF8B8BD5B->529edf8e-8eae-4246-b33f-5e44130d441c@group-A1CD1332DC7D, cid=717, SUCCESS, logIndex=873, commits[529edf8e-8eae-4246-b33f-5e44130d441c:c873, 79bffca9-b028-4c53-a657-872ed973be73:c869, 15654dff-55cd-4f70-96d8-4abf0c061563:c869]
2019-07-09 15:04:19,397 INFO  client.GrpcClientProtocolClient (GrpcClientProtocolClient.java:onNext(255)) - client-A9DCF8B8BD5B->529edf8e-8eae-4246-b33f-5e44130d441c: receive RaftClientReply:client-A9DCF8B8BD5B->529edf8e-8eae-4246-b33f-5e44130d441c@group-A1CD1332DC7D, cid=718, SUCCESS, logIndex=0, commits[529edf8e-8eae-4246-b33f-5e44130d441c:c874, 79bffca9-b028-4c53-a657-872ed973be73:c873, 15654dff-55cd-4f70-96d8-4abf0c061563:c873]
2019-07-09 15:04:19,418 INFO  client.GrpcClientProtocolClient (GrpcClientProtocolClient.java:onNext(255)) - client-A9DCF8B8BD5B->529edf8e-8eae-4246-b33f-5e44130d441c: receive RaftClientReply:client-A9DCF8B8BD5B->529edf8e-8eae-4246-b33f-5e44130d441c@group-A1CD1332DC7D, cid=719, SUCCESS, logIndex=876, commits[529edf8e-8eae-4246-b33f-5e44130d441c:c877, 79bffca9-b028-4c53-a657-872ed973be73:c875, 15654dff-55cd-4f70-96d8-4abf0c061563:c875]
2019-07-09 15:04:19,419 INFO  client.GrpcClientProtocolClient (GrpcClientProtocolClient.java:onNext(255)) - client-A9DCF8B8BD5B->529edf8e-8eae-4246-b33f-5e44130d441c: receive RaftClientReply:client-A9DCF8B8BD5B->529edf8e-8eae-4246-b33f-5e44130d441c@group-A1CD1332DC7D, cid=720, SUCCESS, logIndex=877, commits[529edf8e-8eae-4246-b33f-5e44130d441c:c879, 79bffca9-b028-4c53-a657-872ed973be73:c875, 15654dff-55cd-4f70-96d8-4abf0c061563:c875]
2019-07-09 15:04:19,419 INFO  client.GrpcClientProtocolClient (GrpcClientProtocolClient.java:onNext(255)) - client-A9DCF8B8BD5B->529edf8e-8eae-4246-b33f-5e44130d441c: receive RaftClientReply:client-A9DCF8B8BD5B->529edf8e-8eae-4246-b33f-5e44130d441c@group-A1CD1332DC7D, cid=721, SUCCESS, logIndex=878, commits[529edf8e-8eae-4246-b33f-5e44130d441c:c879, 79bffca9-b028-4c53-a657-872ed973be73:c875, 15654dff-55cd-4f70-96d8-4abf0c061563:c875]
2019-07-09 15:04:19,420 INFO  client.GrpcClientProtocolClient (GrpcClientProtocolClient.java:onNext(255)) - client-A9DCF8B8BD5B->529edf8e-8eae-4246-b33f-5e44130d441c: receive RaftClientReply:client-A9DCF8B8BD5B->529edf8e-8eae-4246-b33f-5e44130d441c@group-A1CD1332DC7D, cid=722, SUCCESS, logIndex=879, commits[529edf8e-8eae-4246-b33f-5e44130d441c:c879, 79bffca9-b028-4c53-a657-872ed973be73:c875, 15654dff-55cd-4f70-96d8-4abf0c061563:c875]
2019-07-09 15:04:19,422 INFO  client.GrpcClientProtocolClient (GrpcClientProtocolClient.java:onNext(255)) - client-A9DCF8B8BD5B->529edf8e-8eae-4246-b33f-5e44130d441c: receive RaftClientReply:client-A9DCF8B8BD5B->529edf8e-8eae-4246-b33f-5e44130d441c@group-A1CD1332DC7D, cid=723, SUCCESS, logIndex=0, commits[529edf8e-8eae-4246-b33f-5e44130d441c:c881, 79bffca9-b028-4c53-a657-872ed973be73:c877, 15654dff-55cd-4f70-96d8-4abf0c061563:c877]
2019-07-09 15:04:19,442 INFO  client.GrpcClientProtocolClient (GrpcClientProtocolClient.java:onNext(255)) - client-A9DCF8B8BD5B->529edf8e-8eae-4246-b33f-5e44130d441c: receive RaftClientReply:client-A9DCF8B8BD5B->529edf8e-8eae-4246-b33f-5e44130d441c@group-A1CD1332DC7D, cid=724, SUCCESS, logIndex=883, commits[529edf8e-8eae-4246-b33f-5e44130d441c:c884, 79bffca9-b028-4c53-a657-872ed973be73:c882, 15654dff-55cd-4f70-96d8-4abf0c061563:c882]
2019-07-09 15:04:19,443 INFO  client.GrpcClientProtocolClient (GrpcClientProtocolClient.java:onNext(255)) - client-A9DCF8B8BD5B->529edf8e-8eae-4246-b33f-5e44130d441c: receive RaftClientReply:client-A9DCF8B8BD5B->529edf8e-8eae-4246-b33f-5e44130d441c@group-A1CD1332DC7D, cid=725, SUCCESS, logIndex=884, commits[529edf8e-8eae-4246-b33f-5e44130d441c:c884, 79bffca9-b028-4c53-a657-872ed973be73:c882, 15654dff-55cd-4f70-96d8-4abf0c061563:c882]
2019-07-09 15:04:19,456 INFO  client.GrpcClientProtocolClient (GrpcClientProtocolClient.java:onNext(255)) - client-A9DCF8B8BD5B->529edf8e-8eae-4246-b33f-5e44130d441c: receive RaftClientReply:client-A9DCF8B8BD5B->529edf8e-8eae-4246-b33f-5e44130d441c@group-A1CD1332DC7D, cid=726, SUCCESS, logIndex=887, commits[529edf8e-8eae-4246-b33f-5e44130d441c:c888, 79bffca9-b028-4c53-a657-872ed973be73:c883, 15654dff-55cd-4f70-96d8-4abf0c061563:c884]
2019-07-09 15:04:19,456 INFO  client.GrpcClientProtocolClient (GrpcClientProtocolClient.java:onNext(255)) - client-A9DCF8B8BD5B->529edf8e-8eae-4246-b33f-5e44130d441c: receive RaftClientReply:client-A9DCF8B8BD5B->529edf8e-8eae-4246-b33f-5e44130d441c@group-A1CD1332DC7D, cid=727, SUCCESS, logIndex=888, commits[529edf8e-8eae-4246-b33f-5e44130d441c:c888, 79bffca9-b028-4c53-a657-872ed973be73:c884, 15654dff-55cd-4f70-96d8-4abf0c061563:c884]
2019-07-09 15:04:19,473 INFO  client.GrpcClientProtocolClient (GrpcClientProtocolClient.java:onNext(255)) - client-A9DCF8B8BD5B->529edf8e-8eae-4246-b33f-5e44130d441c: receive RaftClientReply:client-A9DCF8B8BD5B->529edf8e-8eae-4246-b33f-5e44130d441c@group-A1CD1332DC7D, cid=728, SUCCESS, logIndex=0, commits[529edf8e-8eae-4246-b33f-5e44130d441c:c889, 79bffca9-b028-4c53-a657-872ed973be73:c888, 15654dff-55cd-4f70-96d8-4abf0c061563:c888]
2019-07-09 15:04:19,508 INFO  client.GrpcClientProtocolClient (GrpcClientProtocolClient.java:onNext(255)) - client-A9DCF8B8BD5B->529edf8e-8eae-4246-b33f-5e44130d441c: receive RaftClientReply:client-A9DCF8B8BD5B->529edf8e-8eae-4246-b33f-5e44130d441c@group-A1CD1332DC7D, cid=729, SUCCESS, logIndex=891, commits[529edf8e-8eae-4246-b33f-5e44130d441c:c893, 79bffca9-b028-4c53-a657-872ed973be73:c890, 15654dff-55cd-4f70-96d8-4abf0c061563:c890]
2019-07-09 15:04:19,509 INFO  client.GrpcClientProtocolClient (GrpcClientProtocolClient.java:onNext(255)) - client-A9DCF8B8BD5B->529edf8e-8eae-4246-b33f-5e44130d441c: receive RaftClientReply:client-A9DCF8B8BD5B->529edf8e-8eae-4246-b33f-5e44130d441c@group-A1CD1332DC7D, cid=730, SUCCESS, logIndex=892, commits[529edf8e-8eae-4246-b33f-5e44130d441c:c894, 79bffca9-b028-4c53-a657-872ed973be73:c890, 15654dff-55cd-4f70-96d8-4abf0c061563:c890]
2019-07-09 15:04:19,509 INFO  client.GrpcClientProtocolClient (GrpcClientProtocolClient.java:onNext(255)) - client-A9DCF8B8BD5B->529edf8e-8eae-4246-b33f-5e44130d441c: receive RaftClientReply:client-A9DCF8B8BD5B->529edf8e-8eae-4246-b33f-5e44130d441c@group-A1CD1332DC7D, cid=731, SUCCESS, logIndex=893, commits[529edf8e-8eae-4246-b33f-5e44130d441c:c894, 79bffca9-b028-4c53-a657-872ed973be73:c890, 15654dff-55cd-4f70-96d8-4abf0c061563:c890]
2019-07-09 15:04:19,510 INFO  client.GrpcClientProtocolClient (GrpcClientProtocolClient.java:onNext(255)) - client-A9DCF8B8BD5B->529edf8e-8eae-4246-b33f-5e44130d441c: receive RaftClientReply:client-A9DCF8B8BD5B->529edf8e-8eae-4246-b33f-5e44130d441c@group-A1CD1332DC7D, cid=732, SUCCESS, logIndex=894, commits[529edf8e-8eae-4246-b33f-5e44130d441c:c894, 79bffca9-b028-4c53-a657-872ed973be73:c890, 15654dff-55cd-4f70-96d8-4abf0c061563:c890]
2019-07-09 15:04:19,520 INFO  client.GrpcClientProtocolClient (GrpcClientProtocolClient.java:onNext(255)) - client-A9DCF8B8BD5B->529edf8e-8eae-4246-b33f-5e44130d441c: receive RaftClientReply:client-A9DCF8B8BD5B->529edf8e-8eae-4246-b33f-5e44130d441c@group-A1CD1332DC7D, cid=733, SUCCESS, logIndex=0, commits[529edf8e-8eae-4246-b33f-5e44130d441c:c896, 79bffca9-b028-4c53-a657-872ed973be73:c893, 15654dff-55cd-4f70-96d8-4abf0c061563:c892]
2019-07-09 15:04:19,542 INFO  client.GrpcClientProtocolClient (GrpcClientProtocolClient.java:onNext(255)) - client-A9DCF8B8BD5B->529edf8e-8eae-4246-b33f-5e44130d441c: receive RaftClientReply:client-A9DCF8B8BD5B->529edf8e-8eae-4246-b33f-5e44130d441c@group-A1CD1332DC7D, cid=734, SUCCESS, logIndex=899, commits[529edf8e-8eae-4246-b33f-5e44130d441c:c900, 79bffca9-b028-4c53-a657-872ed973be73:c898, 15654dff-55cd-4f70-96d8-4abf0c061563:c898]
2019-07-09 15:04:19,543 INFO  client.GrpcClientProtocolClient (GrpcClientProtocolClient.java:onNext(255)) - client-A9DCF8B8BD5B->529edf8e-8eae-4246-b33f-5e44130d441c: receive RaftClientReply:client-A9DCF8B8BD5B->529edf8e-8eae-4246-b33f-5e44130d441c@group-A1CD1332DC7D, cid=735, SUCCESS, logIndex=900, commits[529edf8e-8eae-4246-b33f-5e44130d441c:c900, 79bffca9-b028-4c53-a657-872ed973be73:c898, 15654dff-55cd-4f70-96d8-4abf0c061563:c898]
2019-07-09 15:04:19,568 INFO  client.GrpcClientProtocolClient (GrpcClientProtocolClient.java:onNext(255)) - client-A9DCF8B8BD5B->529edf8e-8eae-4246-b33f-5e44130d441c: receive RaftClientReply:client-A9DCF8B8BD5B->529edf8e-8eae-4246-b33f-5e44130d441c@group-A1CD1332DC7D, cid=736, SUCCESS, logIndex=903, commits[529edf8e-8eae-4246-b33f-5e44130d441c:c903, 79bffca9-b028-4c53-a657-872ed973be73:c900, 15654dff-55cd-4f70-96d8-4abf0c061563:c900]
2019-07-09 15:04:19,568 INFO  client.GrpcClientProtocolClient (GrpcClientProtocolClient.java:onNext(255)) - client-A9DCF8B8BD5B->529edf8e-8eae-4246-b33f-5e44130d441c: receive RaftClientReply:client-A9DCF8B8BD5B->529edf8e-8eae-4246-b33f-5e44130d441c@group-A1CD1332DC7D, cid=737, SUCCESS, logIndex=904, commits[529edf8e-8eae-4246-b33f-5e44130d441c:c904, 79bffca9-b028-4c53-a657-872ed973be73:c900, 15654dff-55cd-4f70-96d8-4abf0c061563:c900]
2019-07-09 15:04:19,582 INFO  client.GrpcClientProtocolClient (GrpcClientProtocolClient.java:onNext(255)) - client-A9DCF8B8BD5B->529edf8e-8eae-4246-b33f-5e44130d441c: receive RaftClientReply:client-A9DCF8B8BD5B->529edf8e-8eae-4246-b33f-5e44130d441c@group-A1CD1332DC7D, cid=738, SUCCESS, logIndex=0, commits[529edf8e-8eae-4246-b33f-5e44130d441c:c906, 79bffca9-b028-4c53-a657-872ed973be73:c904, 15654dff-55cd-4f70-96d8-4abf0c061563:c904]
2019-07-09 15:04:19,607 INFO  client.GrpcClientProtocolClient (GrpcClientProtocolClient.java:onNext(255)) - client-A9DCF8B8BD5B->529edf8e-8eae-4246-b33f-5e44130d441c: receive RaftClientReply:client-A9DCF8B8BD5B->529edf8e-8eae-4246-b33f-5e44130d441c@group-A1CD1332DC7D, cid=739, SUCCESS, logIndex=907, commits[529edf8e-8eae-4246-b33f-5e44130d441c:c908, 79bffca9-b028-4c53-a657-872ed973be73:c906, 15654dff-55cd-4f70-96d8-4abf0c061563:c906]
2019-07-09 15:04:19,607 INFO  client.GrpcClientProtocolClient (GrpcClientProtocolClient.java:onNext(255)) - client-A9DCF8B8BD5B->529edf8e-8eae-4246-b33f-5e44130d441c: receive RaftClientReply:client-A9DCF8B8BD5B->529edf8e-8eae-4246-b33f-5e44130d441c@group-A1CD1332DC7D, cid=740, SUCCESS, logIndex=908, commits[529edf8e-8eae-4246-b33f-5e44130d441c:c908, 79bffca9-b028-4c53-a657-872ed973be73:c906, 15654dff-55cd-4f70-96d8-4abf0c061563:c906]
2019-07-09 15:04:19,617 INFO  client.GrpcClientProtocolClient (GrpcClientProtocolClient.java:onNext(255)) - client-A9DCF8B8BD5B->529edf8e-8eae-4246-b33f-5e44130d441c: receive RaftClientReply:client-A9DCF8B8BD5B->529edf8e-8eae-4246-b33f-5e44130d441c@group-A1CD1332DC7D, cid=741, SUCCESS, logIndex=909, commits[529edf8e-8eae-4246-b33f-5e44130d441c:c910, 79bffca9-b028-4c53-a657-872ed973be73:c906, 15654dff-55cd-4f70-96d8-4abf0c061563:c906]
2019-07-09 15:04:19,617 INFO  client.GrpcClientProtocolClient (GrpcClientProtocolClient.java:onNext(255)) - client-A9DCF8B8BD5B->529edf8e-8eae-4246-b33f-5e44130d441c: receive RaftClientReply:client-A9DCF8B8BD5B->529edf8e-8eae-4246-b33f-5e44130d441c@group-A1CD1332DC7D, cid=742, SUCCESS, logIndex=910, commits[529edf8e-8eae-4246-b33f-5e44130d441c:c910, 79bffca9-b028-4c53-a657-872ed973be73:c908, 15654dff-55cd-4f70-96d8-4abf0c061563:c906]
2019-07-09 15:04:19,620 INFO  client.GrpcClientProtocolClient (GrpcClientProtocolClient.java:onNext(255)) - client-A9DCF8B8BD5B->529edf8e-8eae-4246-b33f-5e44130d441c: receive RaftClientReply:client-A9DCF8B8BD5B->529edf8e-8eae-4246-b33f-5e44130d441c@group-A1CD1332DC7D, cid=743, SUCCESS, logIndex=0, commits[529edf8e-8eae-4246-b33f-5e44130d441c:c912, 79bffca9-b028-4c53-a657-872ed973be73:c908, 15654dff-55cd-4f70-96d8-4abf0c061563:c908]
2019-07-09 15:04:19,634 INFO  client.GrpcClientProtocolClient (GrpcClientProtocolClient.java:onNext(255)) - client-A9DCF8B8BD5B->529edf8e-8eae-4246-b33f-5e44130d441c: receive RaftClientReply:client-A9DCF8B8BD5B->529edf8e-8eae-4246-b33f-5e44130d441c@group-A1CD1332DC7D, cid=744, SUCCESS, logIndex=914, commits[529edf8e-8eae-4246-b33f-5e44130d441c:c915, 79bffca9-b028-4c53-a657-872ed973be73:c910, 15654dff-55cd-4f70-96d8-4abf0c061563:c912]
2019-07-09 15:04:19,634 INFO  client.GrpcClientProtocolClient (GrpcClientProtocolClient.java:onNext(255)) - client-A9DCF8B8BD5B->529edf8e-8eae-4246-b33f-5e44130d441c: receive RaftClientReply:client-A9DCF8B8BD5B->529edf8e-8eae-4246-b33f-5e44130d441c@group-A1CD1332DC7D, cid=745, SUCCESS, logIndex=915, commits[529edf8e-8eae-4246-b33f-5e44130d441c:c915, 79bffca9-b028-4c53-a657-872ed973be73:c912, 15654dff-55cd-4f70-96d8-4abf0c061563:c912]
2019-07-09 15:04:19,655 INFO  client.GrpcClientProtocolClient (GrpcClientProtocolClient.java:onNext(255)) - client-A9DCF8B8BD5B->529edf8e-8eae-4246-b33f-5e44130d441c: receive RaftClientReply:client-A9DCF8B8BD5B->529edf8e-8eae-4246-b33f-5e44130d441c@group-A1CD1332DC7D, cid=746, SUCCESS, logIndex=918, commits[529edf8e-8eae-4246-b33f-5e44130d441c:c919, 79bffca9-b028-4c53-a657-872ed973be73:c917, 15654dff-55cd-4f70-96d8-4abf0c061563:c917]
2019-07-09 15:04:19,655 INFO  client.GrpcClientProtocolClient (GrpcClientProtocolClient.java:onNext(255)) - client-A9DCF8B8BD5B->529edf8e-8eae-4246-b33f-5e44130d441c: receive RaftClientReply:client-A9DCF8B8BD5B->529edf8e-8eae-4246-b33f-5e44130d441c@group-A1CD1332DC7D, cid=747, SUCCESS, logIndex=919, commits[529edf8e-8eae-4246-b33f-5e44130d441c:c919, 79bffca9-b028-4c53-a657-872ed973be73:c917, 15654dff-55cd-4f70-96d8-4abf0c061563:c917]
2019-07-09 15:04:19,669 INFO  client.GrpcClientProtocolClient (GrpcClientProtocolClient.java:onNext(255)) - client-A9DCF8B8BD5B->529edf8e-8eae-4246-b33f-5e44130d441c: receive RaftClientReply:client-A9DCF8B8BD5B->529edf8e-8eae-4246-b33f-5e44130d441c@group-A1CD1332DC7D, cid=748, SUCCESS, logIndex=0, commits[529edf8e-8eae-4246-b33f-5e44130d441c:c921, 79bffca9-b028-4c53-a657-872ed973be73:c919, 15654dff-55cd-4f70-96d8-4abf0c061563:c919]
2019-07-09 15:04:19,690 INFO  client.GrpcClientProtocolClient (GrpcClientProtocolClient.java:onNext(255)) - client-A9DCF8B8BD5B->529edf8e-8eae-4246-b33f-5e44130d441c: receive RaftClientReply:client-A9DCF8B8BD5B->529edf8e-8eae-4246-b33f-5e44130d441c@group-A1CD1332DC7D, cid=749, SUCCESS, logIndex=922, commits[529edf8e-8eae-4246-b33f-5e44130d441c:c925, 79bffca9-b028-4c53-a657-872ed973be73:c921, 15654dff-55cd-4f70-96d8-4abf0c061563:c921]
2019-07-09 15:04:19,691 INFO  client.GrpcClientProtocolClient (GrpcClientProtocolClient.java:onNext(255)) - client-A9DCF8B8BD5B->529edf8e-8eae-4246-b33f-5e44130d441c: receive RaftClientReply:client-A9DCF8B8BD5B->529edf8e-8eae-4246-b33f-5e44130d441c@group-A1CD1332DC7D, cid=750, SUCCESS, logIndex=923, commits[529edf8e-8eae-4246-b33f-5e44130d441c:c925, 79bffca9-b028-4c53-a657-872ed973be73:c921, 15654dff-55cd-4f70-96d8-4abf0c061563:c921]
2019-07-09 15:04:19,691 INFO  client.GrpcClientProtocolClient (GrpcClientProtocolClient.java:onNext(255)) - client-A9DCF8B8BD5B->529edf8e-8eae-4246-b33f-5e44130d441c: receive RaftClientReply:client-A9DCF8B8BD5B->529edf8e-8eae-4246-b33f-5e44130d441c@group-A1CD1332DC7D, cid=751, SUCCESS, logIndex=924, commits[529edf8e-8eae-4246-b33f-5e44130d441c:c925, 79bffca9-b028-4c53-a657-872ed973be73:c921, 15654dff-55cd-4f70-96d8-4abf0c061563:c921]
2019-07-09 15:04:19,691 INFO  client.GrpcClientProtocolClient (GrpcClientProtocolClient.java:onNext(255)) - client-A9DCF8B8BD5B->529edf8e-8eae-4246-b33f-5e44130d441c: receive RaftClientReply:client-A9DCF8B8BD5B->529edf8e-8eae-4246-b33f-5e44130d441c@group-A1CD1332DC7D, cid=752, SUCCESS, logIndex=925, commits[529edf8e-8eae-4246-b33f-5e44130d441c:c925, 79bffca9-b028-4c53-a657-872ed973be73:c921, 15654dff-55cd-4f70-96d8-4abf0c061563:c921]
2019-07-09 15:04:19,694 INFO  client.GrpcClientProtocolClient (GrpcClientProtocolClient.java:onNext(255)) - client-A9DCF8B8BD5B->529edf8e-8eae-4246-b33f-5e44130d441c: receive RaftClientReply:client-A9DCF8B8BD5B->529edf8e-8eae-4246-b33f-5e44130d441c@group-A1CD1332DC7D, cid=753, SUCCESS, logIndex=0, commits[529edf8e-8eae-4246-b33f-5e44130d441c:c926, 79bffca9-b028-4c53-a657-872ed973be73:c923, 15654dff-55cd-4f70-96d8-4abf0c061563:c923]
2019-07-09 15:04:19,706 INFO  client.GrpcClientProtocolClient (GrpcClientProtocolClient.java:onNext(255)) - client-A9DCF8B8BD5B->529edf8e-8eae-4246-b33f-5e44130d441c: receive RaftClientReply:client-A9DCF8B8BD5B->529edf8e-8eae-4246-b33f-5e44130d441c@group-A1CD1332DC7D, cid=754, SUCCESS, logIndex=929, commits[529edf8e-8eae-4246-b33f-5e44130d441c:c930, 79bffca9-b028-4c53-a657-872ed973be73:c926, 15654dff-55cd-4f70-96d8-4abf0c061563:c925]
2019-07-09 15:04:19,706 INFO  client.GrpcClientProtocolClient (GrpcClientProtocolClient.java:onNext(255)) - client-A9DCF8B8BD5B->529edf8e-8eae-4246-b33f-5e44130d441c: receive RaftClientReply:client-A9DCF8B8BD5B->529edf8e-8eae-4246-b33f-5e44130d441c@group-A1CD1332DC7D, cid=755, SUCCESS, logIndex=930, commits[529edf8e-8eae-4246-b33f-5e44130d441c:c930, 79bffca9-b028-4c53-a657-872ed973be73:c926, 15654dff-55cd-4f70-96d8-4abf0c061563:c926]
2019-07-09 15:04:19,727 INFO  client.GrpcClientProtocolClient (GrpcClientProtocolClient.java:onNext(255)) - client-A9DCF8B8BD5B->529edf8e-8eae-4246-b33f-5e44130d441c: receive RaftClientReply:client-A9DCF8B8BD5B->529edf8e-8eae-4246-b33f-5e44130d441c@group-A1CD1332DC7D, cid=756, SUCCESS, logIndex=933, commits[529edf8e-8eae-4246-b33f-5e44130d441c:c934, 79bffca9-b028-4c53-a657-872ed973be73:c932, 15654dff-55cd-4f70-96d8-4abf0c061563:c932]
2019-07-09 15:04:19,728 INFO  client.GrpcClientProtocolClient (GrpcClientProtocolClient.java:onNext(255)) - client-A9DCF8B8BD5B->529edf8e-8eae-4246-b33f-5e44130d441c: receive RaftClientReply:client-A9DCF8B8BD5B->529edf8e-8eae-4246-b33f-5e44130d441c@group-A1CD1332DC7D, cid=757, SUCCESS, logIndex=934, commits[529edf8e-8eae-4246-b33f-5e44130d441c:c934, 79bffca9-b028-4c53-a657-872ed973be73:c932, 15654dff-55cd-4f70-96d8-4abf0c061563:c932]
2019-07-09 15:04:19,757 INFO  client.GrpcClientProtocolClient (GrpcClientProtocolClient.java:onNext(255)) - client-A9DCF8B8BD5B->529edf8e-8eae-4246-b33f-5e44130d441c: receive RaftClientReply:client-A9DCF8B8BD5B->529edf8e-8eae-4246-b33f-5e44130d441c@group-A1CD1332DC7D, cid=758, SUCCESS, logIndex=0, commits[529edf8e-8eae-4246-b33f-5e44130d441c:c936, 79bffca9-b028-4c53-a657-872ed973be73:c934, 15654dff-55cd-4f70-96d8-4abf0c061563:c934]
2019-07-09 15:04:19,780 INFO  client.GrpcClientProtocolClient (GrpcClientProtocolClient.java:onNext(255)) - client-A9DCF8B8BD5B->529edf8e-8eae-4246-b33f-5e44130d441c: receive RaftClientReply:client-A9DCF8B8BD5B->529edf8e-8eae-4246-b33f-5e44130d441c@group-A1CD1332DC7D, cid=759, SUCCESS, logIndex=937, commits[529edf8e-8eae-4246-b33f-5e44130d441c:c938, 79bffca9-b028-4c53-a657-872ed973be73:c936, 15654dff-55cd-4f70-96d8-4abf0c061563:c936]
2019-07-09 15:04:19,781 INFO  client.GrpcClientProtocolClient (GrpcClientProtocolClient.java:onNext(255)) - client-A9DCF8B8BD5B->529edf8e-8eae-4246-b33f-5e44130d441c: receive RaftClientReply:client-A9DCF8B8BD5B->529edf8e-8eae-4246-b33f-5e44130d441c@group-A1CD1332DC7D, cid=760, SUCCESS, logIndex=938, commits[529edf8e-8eae-4246-b33f-5e44130d441c:c940, 79bffca9-b028-4c53-a657-872ed973be73:c936, 15654dff-55cd-4f70-96d8-4abf0c061563:c936]
2019-07-09 15:04:19,781 INFO  client.GrpcClientProtocolClient (GrpcClientProtocolClient.java:onNext(255)) - client-A9DCF8B8BD5B->529edf8e-8eae-4246-b33f-5e44130d441c: receive RaftClientReply:client-A9DCF8B8BD5B->529edf8e-8eae-4246-b33f-5e44130d441c@group-A1CD1332DC7D, cid=761, SUCCESS, logIndex=939, commits[529edf8e-8eae-4246-b33f-5e44130d441c:c940, 79bffca9-b028-4c53-a657-872ed973be73:c936, 15654dff-55cd-4f70-96d8-4abf0c061563:c936]
2019-07-09 15:04:19,781 INFO  client.GrpcClientProtocolClient (GrpcClientProtocolClient.java:onNext(255)) - client-A9DCF8B8BD5B->529edf8e-8eae-4246-b33f-5e44130d441c: receive RaftClientReply:client-A9DCF8B8BD5B->529edf8e-8eae-4246-b33f-5e44130d441c@group-A1CD1332DC7D, cid=762, SUCCESS, logIndex=940, commits[529edf8e-8eae-4246-b33f-5e44130d441c:c940, 79bffca9-b028-4c53-a657-872ed973be73:c936, 15654dff-55cd-4f70-96d8-4abf0c061563:c936]
2019-07-09 15:04:19,795 INFO  client.GrpcClientProtocolClient (GrpcClientProtocolClient.java:onNext(255)) - client-A9DCF8B8BD5B->529edf8e-8eae-4246-b33f-5e44130d441c: receive RaftClientReply:client-A9DCF8B8BD5B->529edf8e-8eae-4246-b33f-5e44130d441c@group-A1CD1332DC7D, cid=763, SUCCESS, logIndex=0, commits[529edf8e-8eae-4246-b33f-5e44130d441c:c942, 79bffca9-b028-4c53-a657-872ed973be73:c938, 15654dff-55cd-4f70-96d8-4abf0c061563:c938]
2019-07-09 15:04:19,815 INFO  client.GrpcClientProtocolClient (GrpcClientProtocolClient.java:onNext(255)) - client-A9DCF8B8BD5B->529edf8e-8eae-4246-b33f-5e44130d441c: receive RaftClientReply:client-A9DCF8B8BD5B->529edf8e-8eae-4246-b33f-5e44130d441c@group-A1CD1332DC7D, cid=764, SUCCESS, logIndex=945, commits[529edf8e-8eae-4246-b33f-5e44130d441c:c946, 79bffca9-b028-4c53-a657-872ed973be73:c944, 15654dff-55cd-4f70-96d8-4abf0c061563:c940]
2019-07-09 15:04:19,816 INFO  client.GrpcClientProtocolClient (GrpcClientProtocolClient.java:onNext(255)) - client-A9DCF8B8BD5B->529edf8e-8eae-4246-b33f-5e44130d441c: receive RaftClientReply:client-A9DCF8B8BD5B->529edf8e-8eae-4246-b33f-5e44130d441c@group-A1CD1332DC7D, cid=765, SUCCESS, logIndex=946, commits[529edf8e-8eae-4246-b33f-5e44130d441c:c946, 79bffca9-b028-4c53-a657-872ed973be73:c944, 15654dff-55cd-4f70-96d8-4abf0c061563:c944]
2019-07-09 15:04:19,829 INFO  client.GrpcClientProtocolClient (GrpcClientProtocolClient.java:onNext(255)) - client-A9DCF8B8BD5B->529edf8e-8eae-4246-b33f-5e44130d441c: receive RaftClientReply:client-A9DCF8B8BD5B->529edf8e-8eae-4246-b33f-5e44130d441c@group-A1CD1332DC7D, cid=766, SUCCESS, logIndex=949, commits[529edf8e-8eae-4246-b33f-5e44130d441c:c950, 79bffca9-b028-4c53-a657-872ed973be73:c945, 15654dff-55cd-4f70-96d8-4abf0c061563:c946]
2019-07-09 15:04:19,830 INFO  client.GrpcClientProtocolClient (GrpcClientProtocolClient.java:onNext(255)) - client-A9DCF8B8BD5B->529edf8e-8eae-4246-b33f-5e44130d441c: receive RaftClientReply:client-A9DCF8B8BD5B->529edf8e-8eae-4246-b33f-5e44130d441c@group-A1CD1332DC7D, cid=767, SUCCESS, logIndex=950, commits[529edf8e-8eae-4246-b33f-5e44130d441c:c950, 79bffca9-b028-4c53-a657-872ed973be73:c946, 15654dff-55cd-4f70-96d8-4abf0c061563:c946]
2019-07-09 15:04:19,845 INFO  client.GrpcClientProtocolClient (GrpcClientProtocolClient.java:onNext(255)) - client-A9DCF8B8BD5B->529edf8e-8eae-4246-b33f-5e44130d441c: receive RaftClientReply:client-A9DCF8B8BD5B->529edf8e-8eae-4246-b33f-5e44130d441c@group-A1CD1332DC7D, cid=768, SUCCESS, logIndex=0, commits[529edf8e-8eae-4246-b33f-5e44130d441c:c952, 79bffca9-b028-4c53-a657-872ed973be73:c950, 15654dff-55cd-4f70-96d8-4abf0c061563:c950]
 0.00% |█                                                                                                    |  0/1 Time: 0:00:022019-07-09 15:04:19,867 INFO  client.GrpcClientProtocolClient (GrpcClientProtocolClient.java:onNext(255)) - client-A9DCF8B8BD5B->529edf8e-8eae-4246-b33f-5e44130d441c: receive RaftClientReply:client-A9DCF8B8BD5B->529edf8e-8eae-4246-b33f-5e44130d441c@group-A1CD1332DC7D, cid=769, SUCCESS, logIndex=953, commits[529edf8e-8eae-4246-b33f-5e44130d441c:c954, 79bffca9-b028-4c53-a657-872ed973be73:c952, 15654dff-55cd-4f70-96d8-4abf0c061563:c952]
2019-07-09 15:04:19,867 INFO  client.GrpcClientProtocolClient (GrpcClientProtocolClient.java:onNext(255)) - client-A9DCF8B8BD5B->529edf8e-8eae-4246-b33f-5e44130d441c: receive RaftClientReply:client-A9DCF8B8BD5B->529edf8e-8eae-4246-b33f-5e44130d441c@group-A1CD1332DC7D, cid=770, SUCCESS, logIndex=954, commits[529edf8e-8eae-4246-b33f-5e44130d441c:c955, 79bffca9-b028-4c53-a657-872ed973be73:c952, 15654dff-55cd-4f70-96d8-4abf0c061563:c952]
2019-07-09 15:04:19,868 INFO  client.GrpcClientProtocolClient (GrpcClientProtocolClient.java:onNext(255)) - client-A9DCF8B8BD5B->529edf8e-8eae-4246-b33f-5e44130d441c: receive RaftClientReply:client-A9DCF8B8BD5B->529edf8e-8eae-4246-b33f-5e44130d441c@group-A1CD1332DC7D, cid=771, SUCCESS, logIndex=955, commits[529edf8e-8eae-4246-b33f-5e44130d441c:c956, 79bffca9-b028-4c53-a657-872ed973be73:c952, 15654dff-55cd-4f70-96d8-4abf0c061563:c952]
2019-07-09 15:04:19,868 INFO  client.GrpcClientProtocolClient (GrpcClientProtocolClient.java:onNext(255)) - client-A9DCF8B8BD5B->529edf8e-8eae-4246-b33f-5e44130d441c: receive RaftClientReply:client-A9DCF8B8BD5B->529edf8e-8eae-4246-b33f-5e44130d441c@group-A1CD1332DC7D, cid=772, SUCCESS, logIndex=956, commits[529edf8e-8eae-4246-b33f-5e44130d441c:c956, 79bffca9-b028-4c53-a657-872ed973be73:c952, 15654dff-55cd-4f70-96d8-4abf0c061563:c952]
2019-07-09 15:04:19,881 INFO  client.GrpcClientProtocolClient (GrpcClientProtocolClient.java:onNext(255)) - client-A9DCF8B8BD5B->529edf8e-8eae-4246-b33f-5e44130d441c: receive RaftClientReply:client-A9DCF8B8BD5B->529edf8e-8eae-4246-b33f-5e44130d441c@group-A1CD1332DC7D, cid=773, SUCCESS, logIndex=0, commits[529edf8e-8eae-4246-b33f-5e44130d441c:c957, 79bffca9-b028-4c53-a657-872ed973be73:c954, 15654dff-55cd-4f70-96d8-4abf0c061563:c954]
2019-07-09 15:04:20,015 INFO  client.GrpcClientProtocolClient (GrpcClientProtocolClient.java:onNext(255)) - client-A9DCF8B8BD5B->529edf8e-8eae-4246-b33f-5e44130d441c: receive RaftClientReply:client-A9DCF8B8BD5B->529edf8e-8eae-4246-b33f-5e44130d441c@group-A1CD1332DC7D, cid=774, SUCCESS, logIndex=961, commits[529edf8e-8eae-4246-b33f-5e44130d441c:c962, 79bffca9-b028-4c53-a657-872ed973be73:c960, 15654dff-55cd-4f70-96d8-4abf0c061563:c960]
2019-07-09 15:04:20,016 INFO  client.GrpcClientProtocolClient (GrpcClientProtocolClient.java:onNext(255)) - client-A9DCF8B8BD5B->529edf8e-8eae-4246-b33f-5e44130d441c: receive RaftClientReply:client-A9DCF8B8BD5B->529edf8e-8eae-4246-b33f-5e44130d441c@group-A1CD1332DC7D, cid=775, SUCCESS, logIndex=962, commits[529edf8e-8eae-4246-b33f-5e44130d441c:c962, 79bffca9-b028-4c53-a657-872ed973be73:c960, 15654dff-55cd-4f70-96d8-4abf0c061563:c960]
2019-07-09 15:04:20,041 INFO  client.GrpcClientProtocolClient (GrpcClientProtocolClient.java:onNext(255)) - client-A9DCF8B8BD5B->529edf8e-8eae-4246-b33f-5e44130d441c: receive RaftClientReply:client-A9DCF8B8BD5B->529edf8e-8eae-4246-b33f-5e44130d441c@group-A1CD1332DC7D, cid=776, SUCCESS, logIndex=965, commits[529edf8e-8eae-4246-b33f-5e44130d441c:c966, 79bffca9-b028-4c53-a657-872ed973be73:c962, 15654dff-55cd-4f70-96d8-4abf0c061563:c962]
2019-07-09 15:04:20,041 INFO  client.GrpcClientProtocolClient (GrpcClientProtocolClient.java:onNext(255)) - client-A9DCF8B8BD5B->529edf8e-8eae-4246-b33f-5e44130d441c: receive RaftClientReply:client-A9DCF8B8BD5B->529edf8e-8eae-4246-b33f-5e44130d441c@group-A1CD1332DC7D, cid=777, SUCCESS, logIndex=966, commits[529edf8e-8eae-4246-b33f-5e44130d441c:c966, 79bffca9-b028-4c53-a657-872ed973be73:c962, 15654dff-55cd-4f70-96d8-4abf0c061563:c962]
2019-07-09 15:04:20,058 INFO  client.GrpcClientProtocolClient (GrpcClientProtocolClient.java:onNext(255)) - client-A9DCF8B8BD5B->529edf8e-8eae-4246-b33f-5e44130d441c: receive RaftClientReply:client-A9DCF8B8BD5B->529edf8e-8eae-4246-b33f-5e44130d441c@group-A1CD1332DC7D, cid=778, SUCCESS, logIndex=0, commits[529edf8e-8eae-4246-b33f-5e44130d441c:c968, 79bffca9-b028-4c53-a657-872ed973be73:c966, 15654dff-55cd-4f70-96d8-4abf0c061563:c966]
2019-07-09 15:04:20,082 INFO  client.GrpcClientProtocolClient (GrpcClientProtocolClient.java:onNext(255)) - client-A9DCF8B8BD5B->529edf8e-8eae-4246-b33f-5e44130d441c: receive RaftClientReply:client-A9DCF8B8BD5B->529edf8e-8eae-4246-b33f-5e44130d441c@group-A1CD1332DC7D, cid=779, SUCCESS, logIndex=969, commits[529edf8e-8eae-4246-b33f-5e44130d441c:c970, 79bffca9-b028-4c53-a657-872ed973be73:c968, 15654dff-55cd-4f70-96d8-4abf0c061563:c968]
2019-07-09 15:04:20,083 INFO  client.GrpcClientProtocolClient (GrpcClientProtocolClient.java:onNext(255)) - client-A9DCF8B8BD5B->529edf8e-8eae-4246-b33f-5e44130d441c: receive RaftClientReply:client-A9DCF8B8BD5B->529edf8e-8eae-4246-b33f-5e44130d441c@group-A1CD1332DC7D, cid=780, SUCCESS, logIndex=970, commits[529edf8e-8eae-4246-b33f-5e44130d441c:c971, 79bffca9-b028-4c53-a657-872ed973be73:c968, 15654dff-55cd-4f70-96d8-4abf0c061563:c968]
2019-07-09 15:04:20,083 INFO  client.GrpcClientProtocolClient (GrpcClientProtocolClient.java:onNext(255)) - client-A9DCF8B8BD5B->529edf8e-8eae-4246-b33f-5e44130d441c: receive RaftClientReply:client-A9DCF8B8BD5B->529edf8e-8eae-4246-b33f-5e44130d441c@group-A1CD1332DC7D, cid=781, SUCCESS, logIndex=971, commits[529edf8e-8eae-4246-b33f-5e44130d441c:c972, 79bffca9-b028-4c53-a657-872ed973be73:c968, 15654dff-55cd-4f70-96d8-4abf0c061563:c968]
2019-07-09 15:04:20,083 INFO  client.GrpcClientProtocolClient (GrpcClientProtocolClient.java:onNext(255)) - client-A9DCF8B8BD5B->529edf8e-8eae-4246-b33f-5e44130d441c: receive RaftClientReply:client-A9DCF8B8BD5B->529edf8e-8eae-4246-b33f-5e44130d441c@group-A1CD1332DC7D, cid=782, SUCCESS, logIndex=972, commits[529edf8e-8eae-4246-b33f-5e44130d441c:c972, 79bffca9-b028-4c53-a657-872ed973be73:c968, 15654dff-55cd-4f70-96d8-4abf0c061563:c968]
2019-07-09 15:04:20,097 INFO  client.GrpcClientProtocolClient (GrpcClientProtocolClient.java:onNext(255)) - client-A9DCF8B8BD5B->529edf8e-8eae-4246-b33f-5e44130d441c: receive RaftClientReply:client-A9DCF8B8BD5B->529edf8e-8eae-4246-b33f-5e44130d441c@group-A1CD1332DC7D, cid=783, SUCCESS, logIndex=0, commits[529edf8e-8eae-4246-b33f-5e44130d441c:c976, 79bffca9-b028-4c53-a657-872ed973be73:c972, 15654dff-55cd-4f70-96d8-4abf0c061563:c970]
2019-07-09 15:04:20,199 INFO  client.GrpcClientProtocolClient (GrpcClientProtocolClient.java:onNext(255)) - client-A9DCF8B8BD5B->529edf8e-8eae-4246-b33f-5e44130d441c: receive RaftClientReply:client-A9DCF8B8BD5B->529edf8e-8eae-4246-b33f-5e44130d441c@group-A1CD1332DC7D, cid=784, SUCCESS, logIndex=977, commits[529edf8e-8eae-4246-b33f-5e44130d441c:c978, 79bffca9-b028-4c53-a657-872ed973be73:c976, 15654dff-55cd-4f70-96d8-4abf0c061563:c976]
2019-07-09 15:04:20,199 INFO  client.GrpcClientProtocolClient (GrpcClientProtocolClient.java:onNext(255)) - client-A9DCF8B8BD5B->529edf8e-8eae-4246-b33f-5e44130d441c: receive RaftClientReply:client-A9DCF8B8BD5B->529edf8e-8eae-4246-b33f-5e44130d441c@group-A1CD1332DC7D, cid=785, SUCCESS, logIndex=978, commits[529edf8e-8eae-4246-b33f-5e44130d441c:c978, 79bffca9-b028-4c53-a657-872ed973be73:c976, 15654dff-55cd-4f70-96d8-4abf0c061563:c976]
2019-07-09 15:04:20,224 INFO  client.GrpcClientProtocolClient (GrpcClientProtocolClient.java:onNext(255)) - client-A9DCF8B8BD5B->529edf8e-8eae-4246-b33f-5e44130d441c: receive RaftClientReply:client-A9DCF8B8BD5B->529edf8e-8eae-4246-b33f-5e44130d441c@group-A1CD1332DC7D, cid=786, SUCCESS, logIndex=981, commits[529edf8e-8eae-4246-b33f-5e44130d441c:c982, 79bffca9-b028-4c53-a657-872ed973be73:c978, 15654dff-55cd-4f70-96d8-4abf0c061563:c978]
2019-07-09 15:04:20,225 INFO  client.GrpcClientProtocolClient (GrpcClientProtocolClient.java:onNext(255)) - client-A9DCF8B8BD5B->529edf8e-8eae-4246-b33f-5e44130d441c: receive RaftClientReply:client-A9DCF8B8BD5B->529edf8e-8eae-4246-b33f-5e44130d441c@group-A1CD1332DC7D, cid=787, SUCCESS, logIndex=982, commits[529edf8e-8eae-4246-b33f-5e44130d441c:c982, 79bffca9-b028-4c53-a657-872ed973be73:c978, 15654dff-55cd-4f70-96d8-4abf0c061563:c978]
2019-07-09 15:04:20,239 INFO  client.GrpcClientProtocolClient (GrpcClientProtocolClient.java:onNext(255)) - client-A9DCF8B8BD5B->529edf8e-8eae-4246-b33f-5e44130d441c: receive RaftClientReply:client-A9DCF8B8BD5B->529edf8e-8eae-4246-b33f-5e44130d441c@group-A1CD1332DC7D, cid=788, SUCCESS, logIndex=0, commits[529edf8e-8eae-4246-b33f-5e44130d441c:c983, 79bffca9-b028-4c53-a657-872ed973be73:c982, 15654dff-55cd-4f70-96d8-4abf0c061563:c982]
2019-07-09 15:04:20,264 INFO  client.GrpcClientProtocolClient (GrpcClientProtocolClient.java:onNext(255)) - client-A9DCF8B8BD5B->529edf8e-8eae-4246-b33f-5e44130d441c: receive RaftClientReply:client-A9DCF8B8BD5B->529edf8e-8eae-4246-b33f-5e44130d441c@group-A1CD1332DC7D, cid=789, SUCCESS, logIndex=985, commits[529edf8e-8eae-4246-b33f-5e44130d441c:c986, 79bffca9-b028-4c53-a657-872ed973be73:c984, 15654dff-55cd-4f70-96d8-4abf0c061563:c984]
2019-07-09 15:04:20,264 INFO  client.GrpcClientProtocolClient (GrpcClientProtocolClient.java:onNext(255)) - client-A9DCF8B8BD5B->529edf8e-8eae-4246-b33f-5e44130d441c: receive RaftClientReply:client-A9DCF8B8BD5B->529edf8e-8eae-4246-b33f-5e44130d441c@group-A1CD1332DC7D, cid=790, SUCCESS, logIndex=986, commits[529edf8e-8eae-4246-b33f-5e44130d441c:c988, 79bffca9-b028-4c53-a657-872ed973be73:c984, 15654dff-55cd-4f70-96d8-4abf0c061563:c984]
2019-07-09 15:04:20,265 INFO  client.GrpcClientProtocolClient (GrpcClientProtocolClient.java:onNext(255)) - client-A9DCF8B8BD5B->529edf8e-8eae-4246-b33f-5e44130d441c: receive RaftClientReply:client-A9DCF8B8BD5B->529edf8e-8eae-4246-b33f-5e44130d441c@group-A1CD1332DC7D, cid=791, SUCCESS, logIndex=987, commits[529edf8e-8eae-4246-b33f-5e44130d441c:c988, 79bffca9-b028-4c53-a657-872ed973be73:c984, 15654dff-55cd-4f70-96d8-4abf0c061563:c984]
2019-07-09 15:04:20,265 INFO  client.GrpcClientProtocolClient (GrpcClientProtocolClient.java:onNext(255)) - client-A9DCF8B8BD5B->529edf8e-8eae-4246-b33f-5e44130d441c: receive RaftClientReply:client-A9DCF8B8BD5B->529edf8e-8eae-4246-b33f-5e44130d441c@group-A1CD1332DC7D, cid=792, SUCCESS, logIndex=988, commits[529edf8e-8eae-4246-b33f-5e44130d441c:c988, 79bffca9-b028-4c53-a657-872ed973be73:c984, 15654dff-55cd-4f70-96d8-4abf0c061563:c984]
2019-07-09 15:04:20,277 INFO  client.GrpcClientProtocolClient (GrpcClientProtocolClient.java:onNext(255)) - client-A9DCF8B8BD5B->529edf8e-8eae-4246-b33f-5e44130d441c: receive RaftClientReply:client-A9DCF8B8BD5B->529edf8e-8eae-4246-b33f-5e44130d441c@group-A1CD1332DC7D, cid=793, SUCCESS, logIndex=0, commits[529edf8e-8eae-4246-b33f-5e44130d441c:c989, 79bffca9-b028-4c53-a657-872ed973be73:c986, 15654dff-55cd-4f70-96d8-4abf0c061563:c986]
2019-07-09 15:04:20,302 INFO  client.GrpcClientProtocolClient (GrpcClientProtocolClient.java:onNext(255)) - client-A9DCF8B8BD5B->529edf8e-8eae-4246-b33f-5e44130d441c: receive RaftClientReply:client-A9DCF8B8BD5B->529edf8e-8eae-4246-b33f-5e44130d441c@group-A1CD1332DC7D, cid=794, SUCCESS, logIndex=992, commits[529edf8e-8eae-4246-b33f-5e44130d441c:c993, 79bffca9-b028-4c53-a657-872ed973be73:c991, 15654dff-55cd-4f70-96d8-4abf0c061563:c991]
2019-07-09 15:04:20,303 INFO  client.GrpcClientProtocolClient (GrpcClientProtocolClient.java:onNext(255)) - client-A9DCF8B8BD5B->529edf8e-8eae-4246-b33f-5e44130d441c: receive RaftClientReply:client-A9DCF8B8BD5B->529edf8e-8eae-4246-b33f-5e44130d441c@group-A1CD1332DC7D, cid=795, SUCCESS, logIndex=993, commits[529edf8e-8eae-4246-b33f-5e44130d441c:c993, 79bffca9-b028-4c53-a657-872ed973be73:c991, 15654dff-55cd-4f70-96d8-4abf0c061563:c991]
2019-07-09 15:04:20,316 INFO  client.GrpcClientProtocolClient (GrpcClientProtocolClient.java:onNext(255)) - client-A9DCF8B8BD5B->529edf8e-8eae-4246-b33f-5e44130d441c: receive RaftClientReply:client-A9DCF8B8BD5B->529edf8e-8eae-4246-b33f-5e44130d441c@group-A1CD1332DC7D, cid=796, SUCCESS, logIndex=996, commits[529edf8e-8eae-4246-b33f-5e44130d441c:c997, 79bffca9-b028-4c53-a657-872ed973be73:c993, 15654dff-55cd-4f70-96d8-4abf0c061563:c993]
2019-07-09 15:04:20,316 INFO  client.GrpcClientProtocolClient (GrpcClientProtocolClient.java:onNext(255)) - client-A9DCF8B8BD5B->529edf8e-8eae-4246-b33f-5e44130d441c: receive RaftClientReply:client-A9DCF8B8BD5B->529edf8e-8eae-4246-b33f-5e44130d441c@group-A1CD1332DC7D, cid=797, SUCCESS, logIndex=997, commits[529edf8e-8eae-4246-b33f-5e44130d441c:c997, 79bffca9-b028-4c53-a657-872ed973be73:c993, 15654dff-55cd-4f70-96d8-4abf0c061563:c993]
2019-07-09 15:04:20,330 INFO  client.GrpcClientProtocolClient (GrpcClientProtocolClient.java:onNext(255)) - client-A9DCF8B8BD5B->529edf8e-8eae-4246-b33f-5e44130d441c: receive RaftClientReply:client-A9DCF8B8BD5B->529edf8e-8eae-4246-b33f-5e44130d441c@group-A1CD1332DC7D, cid=798, SUCCESS, logIndex=0, commits[529edf8e-8eae-4246-b33f-5e44130d441c:c999, 79bffca9-b028-4c53-a657-872ed973be73:c997, 15654dff-55cd-4f70-96d8-4abf0c061563:c997]
2019-07-09 15:04:20,352 INFO  client.GrpcClientProtocolClient (GrpcClientProtocolClient.java:onNext(255)) - client-A9DCF8B8BD5B->529edf8e-8eae-4246-b33f-5e44130d441c: receive RaftClientReply:client-A9DCF8B8BD5B->529edf8e-8eae-4246-b33f-5e44130d441c@group-A1CD1332DC7D, cid=799, SUCCESS, logIndex=1000, commits[529edf8e-8eae-4246-b33f-5e44130d441c:c1001, 79bffca9-b028-4c53-a657-872ed973be73:c999, 15654dff-55cd-4f70-96d8-4abf0c061563:c999]
2019-07-09 15:04:20,353 INFO  client.GrpcClientProtocolClient (GrpcClientProtocolClient.java:onNext(255)) - client-A9DCF8B8BD5B->529edf8e-8eae-4246-b33f-5e44130d441c: receive RaftClientReply:client-A9DCF8B8BD5B->529edf8e-8eae-4246-b33f-5e44130d441c@group-A1CD1332DC7D, cid=800, SUCCESS, logIndex=1001, commits[529edf8e-8eae-4246-b33f-5e44130d441c:c1003, 79bffca9-b028-4c53-a657-872ed973be73:c999, 15654dff-55cd-4f70-96d8-4abf0c061563:c999]
2019-07-09 15:04:20,353 INFO  client.GrpcClientProtocolClient (GrpcClientProtocolClient.java:onNext(255)) - client-A9DCF8B8BD5B->529edf8e-8eae-4246-b33f-5e44130d441c: receive RaftClientReply:client-A9DCF8B8BD5B->529edf8e-8eae-4246-b33f-5e44130d441c@group-A1CD1332DC7D, cid=801, SUCCESS, logIndex=1002, commits[529edf8e-8eae-4246-b33f-5e44130d441c:c1003, 79bffca9-b028-4c53-a657-872ed973be73:c999, 15654dff-55cd-4f70-96d8-4abf0c061563:c999]
2019-07-09 15:04:20,354 INFO  client.GrpcClientProtocolClient (GrpcClientProtocolClient.java:onNext(255)) - client-A9DCF8B8BD5B->529edf8e-8eae-4246-b33f-5e44130d441c: receive RaftClientReply:client-A9DCF8B8BD5B->529edf8e-8eae-4246-b33f-5e44130d441c@group-A1CD1332DC7D, cid=802, SUCCESS, logIndex=1003, commits[529edf8e-8eae-4246-b33f-5e44130d441c:c1003, 79bffca9-b028-4c53-a657-872ed973be73:c999, 15654dff-55cd-4f70-96d8-4abf0c061563:c999]
2019-07-09 15:04:20,367 INFO  client.GrpcClientProtocolClient (GrpcClientProtocolClient.java:onNext(255)) - client-A9DCF8B8BD5B->529edf8e-8eae-4246-b33f-5e44130d441c: receive RaftClientReply:client-A9DCF8B8BD5B->529edf8e-8eae-4246-b33f-5e44130d441c@group-A1CD1332DC7D, cid=803, SUCCESS, logIndex=0, commits[529edf8e-8eae-4246-b33f-5e44130d441c:c1006, 79bffca9-b028-4c53-a657-872ed973be73:c1003, 15654dff-55cd-4f70-96d8-4abf0c061563:c1001]
2019-07-09 15:04:20,388 INFO  client.GrpcClientProtocolClient (GrpcClientProtocolClient.java:onNext(255)) - client-A9DCF8B8BD5B->529edf8e-8eae-4246-b33f-5e44130d441c: receive RaftClientReply:client-A9DCF8B8BD5B->529edf8e-8eae-4246-b33f-5e44130d441c@group-A1CD1332DC7D, cid=804, SUCCESS, logIndex=1008, commits[529edf8e-8eae-4246-b33f-5e44130d441c:c1009, 79bffca9-b028-4c53-a657-872ed973be73:c1007, 15654dff-55cd-4f70-96d8-4abf0c061563:c1007]
2019-07-09 15:04:20,388 INFO  client.GrpcClientProtocolClient (GrpcClientProtocolClient.java:onNext(255)) - client-A9DCF8B8BD5B->529edf8e-8eae-4246-b33f-5e44130d441c: receive RaftClientReply:client-A9DCF8B8BD5B->529edf8e-8eae-4246-b33f-5e44130d441c@group-A1CD1332DC7D, cid=805, SUCCESS, logIndex=1009, commits[529edf8e-8eae-4246-b33f-5e44130d441c:c1009, 79bffca9-b028-4c53-a657-872ed973be73:c1007, 15654dff-55cd-4f70-96d8-4abf0c061563:c1007]
2019-07-09 15:04:20,414 INFO  client.GrpcClientProtocolClient (GrpcClientProtocolClient.java:onNext(255)) - client-A9DCF8B8BD5B->529edf8e-8eae-4246-b33f-5e44130d441c: receive RaftClientReply:client-A9DCF8B8BD5B->529edf8e-8eae-4246-b33f-5e44130d441c@group-A1CD1332DC7D, cid=806, SUCCESS, logIndex=1012, commits[529edf8e-8eae-4246-b33f-5e44130d441c:c1013, 79bffca9-b028-4c53-a657-872ed973be73:c1009, 15654dff-55cd-4f70-96d8-4abf0c061563:c1009]
2019-07-09 15:04:20,414 INFO  client.GrpcClientProtocolClient (GrpcClientProtocolClient.java:onNext(255)) - client-A9DCF8B8BD5B->529edf8e-8eae-4246-b33f-5e44130d441c: receive RaftClientReply:client-A9DCF8B8BD5B->529edf8e-8eae-4246-b33f-5e44130d441c@group-A1CD1332DC7D, cid=807, SUCCESS, logIndex=1013, commits[529edf8e-8eae-4246-b33f-5e44130d441c:c1013, 79bffca9-b028-4c53-a657-872ed973be73:c1009, 15654dff-55cd-4f70-96d8-4abf0c061563:c1009]
2019-07-09 15:04:20,428 INFO  client.GrpcClientProtocolClient (GrpcClientProtocolClient.java:onNext(255)) - client-A9DCF8B8BD5B->529edf8e-8eae-4246-b33f-5e44130d441c: receive RaftClientReply:client-A9DCF8B8BD5B->529edf8e-8eae-4246-b33f-5e44130d441c@group-A1CD1332DC7D, cid=808, SUCCESS, logIndex=0, commits[529edf8e-8eae-4246-b33f-5e44130d441c:c1015, 79bffca9-b028-4c53-a657-872ed973be73:c1013, 15654dff-55cd-4f70-96d8-4abf0c061563:c1013]
2019-07-09 15:04:20,448 INFO  client.GrpcClientProtocolClient (GrpcClientProtocolClient.java:onNext(255)) - client-A9DCF8B8BD5B->529edf8e-8eae-4246-b33f-5e44130d441c: receive RaftClientReply:client-A9DCF8B8BD5B->529edf8e-8eae-4246-b33f-5e44130d441c@group-A1CD1332DC7D, cid=809, SUCCESS, logIndex=1016, commits[529edf8e-8eae-4246-b33f-5e44130d441c:c1018, 79bffca9-b028-4c53-a657-872ed973be73:c1015, 15654dff-55cd-4f70-96d8-4abf0c061563:c1015]
2019-07-09 15:04:20,449 INFO  client.GrpcClientProtocolClient (GrpcClientProtocolClient.java:onNext(255)) - client-A9DCF8B8BD5B->529edf8e-8eae-4246-b33f-5e44130d441c: receive RaftClientReply:client-A9DCF8B8BD5B->529edf8e-8eae-4246-b33f-5e44130d441c@group-A1CD1332DC7D, cid=810, SUCCESS, logIndex=1017, commits[529edf8e-8eae-4246-b33f-5e44130d441c:c1019, 79bffca9-b028-4c53-a657-872ed973be73:c1015, 15654dff-55cd-4f70-96d8-4abf0c061563:c1015]
2019-07-09 15:04:20,450 INFO  client.GrpcClientProtocolClient (GrpcClientProtocolClient.java:onNext(255)) - client-A9DCF8B8BD5B->529edf8e-8eae-4246-b33f-5e44130d441c: receive RaftClientReply:client-A9DCF8B8BD5B->529edf8e-8eae-4246-b33f-5e44130d441c@group-A1CD1332DC7D, cid=811, SUCCESS, logIndex=1018, commits[529edf8e-8eae-4246-b33f-5e44130d441c:c1019, 79bffca9-b028-4c53-a657-872ed973be73:c1015, 15654dff-55cd-4f70-96d8-4abf0c061563:c1015]
2019-07-09 15:04:20,450 INFO  client.GrpcClientProtocolClient (GrpcClientProtocolClient.java:onNext(255)) - client-A9DCF8B8BD5B->529edf8e-8eae-4246-b33f-5e44130d441c: receive RaftClientReply:client-A9DCF8B8BD5B->529edf8e-8eae-4246-b33f-5e44130d441c@group-A1CD1332DC7D, cid=812, SUCCESS, logIndex=1019, commits[529edf8e-8eae-4246-b33f-5e44130d441c:c1019, 79bffca9-b028-4c53-a657-872ed973be73:c1015, 15654dff-55cd-4f70-96d8-4abf0c061563:c1015]
2019-07-09 15:04:20,451 INFO  client.GrpcClientProtocolClient (GrpcClientProtocolClient.java:onNext(255)) - client-A9DCF8B8BD5B->529edf8e-8eae-4246-b33f-5e44130d441c: receive RaftClientReply:client-A9DCF8B8BD5B->529edf8e-8eae-4246-b33f-5e44130d441c@group-A1CD1332DC7D, cid=813, SUCCESS, logIndex=0, commits[529edf8e-8eae-4246-b33f-5e44130d441c:c1022, 79bffca9-b028-4c53-a657-872ed973be73:c1017, 15654dff-55cd-4f70-96d8-4abf0c061563:c1019]
2019-07-09 15:04:20,473 INFO  client.GrpcClientProtocolClient (GrpcClientProtocolClient.java:onNext(255)) - client-A9DCF8B8BD5B->529edf8e-8eae-4246-b33f-5e44130d441c: receive RaftClientReply:client-A9DCF8B8BD5B->529edf8e-8eae-4246-b33f-5e44130d441c@group-A1CD1332DC7D, cid=814, SUCCESS, logIndex=1024, commits[529edf8e-8eae-4246-b33f-5e44130d441c:c1025, 79bffca9-b028-4c53-a657-872ed973be73:c1023, 15654dff-55cd-4f70-96d8-4abf0c061563:c1023]
2019-07-09 15:04:20,474 INFO  client.GrpcClientProtocolClient (GrpcClientProtocolClient.java:onNext(255)) - client-A9DCF8B8BD5B->529edf8e-8eae-4246-b33f-5e44130d441c: receive RaftClientReply:client-A9DCF8B8BD5B->529edf8e-8eae-4246-b33f-5e44130d441c@group-A1CD1332DC7D, cid=815, SUCCESS, logIndex=1025, commits[529edf8e-8eae-4246-b33f-5e44130d441c:c1025, 79bffca9-b028-4c53-a657-872ed973be73:c1023, 15654dff-55cd-4f70-96d8-4abf0c061563:c1023]
2019-07-09 15:04:20,487 INFO  client.GrpcClientProtocolClient (GrpcClientProtocolClient.java:onNext(255)) - client-A9DCF8B8BD5B->529edf8e-8eae-4246-b33f-5e44130d441c: receive RaftClientReply:client-A9DCF8B8BD5B->529edf8e-8eae-4246-b33f-5e44130d441c@group-A1CD1332DC7D, cid=816, SUCCESS, logIndex=1028, commits[529edf8e-8eae-4246-b33f-5e44130d441c:c1029, 79bffca9-b028-4c53-a657-872ed973be73:c1025, 15654dff-55cd-4f70-96d8-4abf0c061563:c1025]
2019-07-09 15:04:20,488 INFO  client.GrpcClientProtocolClient (GrpcClientProtocolClient.java:onNext(255)) - client-A9DCF8B8BD5B->529edf8e-8eae-4246-b33f-5e44130d441c: receive RaftClientReply:client-A9DCF8B8BD5B->529edf8e-8eae-4246-b33f-5e44130d441c@group-A1CD1332DC7D, cid=817, SUCCESS, logIndex=1029, commits[529edf8e-8eae-4246-b33f-5e44130d441c:c1029, 79bffca9-b028-4c53-a657-872ed973be73:c1025, 15654dff-55cd-4f70-96d8-4abf0c061563:c1025]
2019-07-09 15:04:20,491 INFO  client.GrpcClientProtocolClient (GrpcClientProtocolClient.java:onNext(255)) - client-A9DCF8B8BD5B->529edf8e-8eae-4246-b33f-5e44130d441c: receive RaftClientReply:client-A9DCF8B8BD5B->529edf8e-8eae-4246-b33f-5e44130d441c@group-A1CD1332DC7D, cid=818, SUCCESS, logIndex=0, commits[529edf8e-8eae-4246-b33f-5e44130d441c:c1030, 79bffca9-b028-4c53-a657-872ed973be73:c1029, 15654dff-55cd-4f70-96d8-4abf0c061563:c1029]
2019-07-09 15:04:20,514 INFO  client.GrpcClientProtocolClient (GrpcClientProtocolClient.java:onNext(255)) - client-A9DCF8B8BD5B->529edf8e-8eae-4246-b33f-5e44130d441c: receive RaftClientReply:client-A9DCF8B8BD5B->529edf8e-8eae-4246-b33f-5e44130d441c@group-A1CD1332DC7D, cid=819, SUCCESS, logIndex=1032, commits[529edf8e-8eae-4246-b33f-5e44130d441c:c1033, 79bffca9-b028-4c53-a657-872ed973be73:c1029, 15654dff-55cd-4f70-96d8-4abf0c061563:c1030]
2019-07-09 15:04:20,515 INFO  client.GrpcClientProtocolClient (GrpcClientProtocolClient.java:onNext(255)) - client-A9DCF8B8BD5B->529edf8e-8eae-4246-b33f-5e44130d441c: receive RaftClientReply:client-A9DCF8B8BD5B->529edf8e-8eae-4246-b33f-5e44130d441c@group-A1CD1332DC7D, cid=820, SUCCESS, logIndex=1033, commits[529edf8e-8eae-4246-b33f-5e44130d441c:c1033, 79bffca9-b028-4c53-a657-872ed973be73:c1030, 15654dff-55cd-4f70-96d8-4abf0c061563:c1030]
2019-07-09 15:04:20,516 INFO  client.GrpcClientProtocolClient (GrpcClientProtocolClient.java:onNext(255)) - client-A9DCF8B8BD5B->529edf8e-8eae-4246-b33f-5e44130d441c: receive RaftClientReply:client-A9DCF8B8BD5B->529edf8e-8eae-4246-b33f-5e44130d441c@group-A1CD1332DC7D, cid=821, SUCCESS, logIndex=1034, commits[529edf8e-8eae-4246-b33f-5e44130d441c:c1035, 79bffca9-b028-4c53-a657-872ed973be73:c1030, 15654dff-55cd-4f70-96d8-4abf0c061563:c1030]
2019-07-09 15:04:20,516 INFO  client.GrpcClientProtocolClient (GrpcClientProtocolClient.java:onNext(255)) - client-A9DCF8B8BD5B->529edf8e-8eae-4246-b33f-5e44130d441c: receive RaftClientReply:client-A9DCF8B8BD5B->529edf8e-8eae-4246-b33f-5e44130d441c@group-A1CD1332DC7D, cid=822, SUCCESS, logIndex=1035, commits[529edf8e-8eae-4246-b33f-5e44130d441c:c1035, 79bffca9-b028-4c53-a657-872ed973be73:c1030, 15654dff-55cd-4f70-96d8-4abf0c061563:c1030]
2019-07-09 15:04:20,517 INFO  client.GrpcClientProtocolClient (GrpcClientProtocolClient.java:onNext(255)) - client-A9DCF8B8BD5B->529edf8e-8eae-4246-b33f-5e44130d441c: receive RaftClientReply:client-A9DCF8B8BD5B->529edf8e-8eae-4246-b33f-5e44130d441c@group-A1CD1332DC7D, cid=823, SUCCESS, logIndex=0, commits[529edf8e-8eae-4246-b33f-5e44130d441c:c1037, 79bffca9-b028-4c53-a657-872ed973be73:c1033, 15654dff-55cd-4f70-96d8-4abf0c061563:c1033]
2019-07-09 15:04:20,543 INFO  client.GrpcClientProtocolClient (GrpcClientProtocolClient.java:onNext(255)) - client-A9DCF8B8BD5B->529edf8e-8eae-4246-b33f-5e44130d441c: receive RaftClientReply:client-A9DCF8B8BD5B->529edf8e-8eae-4246-b33f-5e44130d441c@group-A1CD1332DC7D, cid=824, SUCCESS, logIndex=1040, commits[529edf8e-8eae-4246-b33f-5e44130d441c:c1041, 79bffca9-b028-4c53-a657-872ed973be73:c1039, 15654dff-55cd-4f70-96d8-4abf0c061563:c1039]
2019-07-09 15:04:20,543 INFO  client.GrpcClientProtocolClient (GrpcClientProtocolClient.java:onNext(255)) - client-A9DCF8B8BD5B->529edf8e-8eae-4246-b33f-5e44130d441c: receive RaftClientReply:client-A9DCF8B8BD5B->529edf8e-8eae-4246-b33f-5e44130d441c@group-A1CD1332DC7D, cid=825, SUCCESS, logIndex=1041, commits[529edf8e-8eae-4246-b33f-5e44130d441c:c1041, 79bffca9-b028-4c53-a657-872ed973be73:c1039, 15654dff-55cd-4f70-96d8-4abf0c061563:c1039]
2019-07-09 15:04:20,561 INFO  client.GrpcClientProtocolClient (GrpcClientProtocolClient.java:onNext(255)) - client-A9DCF8B8BD5B->529edf8e-8eae-4246-b33f-5e44130d441c: receive RaftClientReply:client-A9DCF8B8BD5B->529edf8e-8eae-4246-b33f-5e44130d441c@group-A1CD1332DC7D, cid=826, SUCCESS, logIndex=1044, commits[529edf8e-8eae-4246-b33f-5e44130d441c:c1045, 79bffca9-b028-4c53-a657-872ed973be73:c1042, 15654dff-55cd-4f70-96d8-4abf0c061563:c1041]
2019-07-09 15:04:20,561 INFO  client.GrpcClientProtocolClient (GrpcClientProtocolClient.java:onNext(255)) - client-A9DCF8B8BD5B->529edf8e-8eae-4246-b33f-5e44130d441c: receive RaftClientReply:client-A9DCF8B8BD5B->529edf8e-8eae-4246-b33f-5e44130d441c@group-A1CD1332DC7D, cid=827, SUCCESS, logIndex=1045, commits[529edf8e-8eae-4246-b33f-5e44130d441c:c1045, 79bffca9-b028-4c53-a657-872ed973be73:c1042, 15654dff-55cd-4f70-96d8-4abf0c061563:c1041]
2019-07-09 15:04:20,575 INFO  client.GrpcClientProtocolClient (GrpcClientProtocolClient.java:onNext(255)) - client-A9DCF8B8BD5B->529edf8e-8eae-4246-b33f-5e44130d441c: receive RaftClientReply:client-A9DCF8B8BD5B->529edf8e-8eae-4246-b33f-5e44130d441c@group-A1CD1332DC7D, cid=828, SUCCESS, logIndex=0, commits[529edf8e-8eae-4246-b33f-5e44130d441c:c1047, 79bffca9-b028-4c53-a657-872ed973be73:c1045, 15654dff-55cd-4f70-96d8-4abf0c061563:c1045]
2019-07-09 15:04:20,595 INFO  client.GrpcClientProtocolClient (GrpcClientProtocolClient.java:onNext(255)) - client-A9DCF8B8BD5B->529edf8e-8eae-4246-b33f-5e44130d441c: receive RaftClientReply:client-A9DCF8B8BD5B->529edf8e-8eae-4246-b33f-5e44130d441c@group-A1CD1332DC7D, cid=829, SUCCESS, logIndex=1048, commits[529edf8e-8eae-4246-b33f-5e44130d441c:c1049, 79bffca9-b028-4c53-a657-872ed973be73:c1047, 15654dff-55cd-4f70-96d8-4abf0c061563:c1047]
2019-07-09 15:04:20,596 INFO  client.GrpcClientProtocolClient (GrpcClientProtocolClient.java:onNext(255)) - client-A9DCF8B8BD5B->529edf8e-8eae-4246-b33f-5e44130d441c: receive RaftClientReply:client-A9DCF8B8BD5B->529edf8e-8eae-4246-b33f-5e44130d441c@group-A1CD1332DC7D, cid=830, SUCCESS, logIndex=1049, commits[529edf8e-8eae-4246-b33f-5e44130d441c:c1049, 79bffca9-b028-4c53-a657-872ed973be73:c1047, 15654dff-55cd-4f70-96d8-4abf0c061563:c1047]
2019-07-09 15:04:20,596 INFO  client.GrpcClientProtocolClient (GrpcClientProtocolClient.java:onNext(255)) - client-A9DCF8B8BD5B->529edf8e-8eae-4246-b33f-5e44130d441c: receive RaftClientReply:client-A9DCF8B8BD5B->529edf8e-8eae-4246-b33f-5e44130d441c@group-A1CD1332DC7D, cid=831, SUCCESS, logIndex=1050, commits[529edf8e-8eae-4246-b33f-5e44130d441c:c1051, 79bffca9-b028-4c53-a657-872ed973be73:c1047, 15654dff-55cd-4f70-96d8-4abf0c061563:c1047]
2019-07-09 15:04:20,596 INFO  client.GrpcClientProtocolClient (GrpcClientProtocolClient.java:onNext(255)) - client-A9DCF8B8BD5B->529edf8e-8eae-4246-b33f-5e44130d441c: receive RaftClientReply:client-A9DCF8B8BD5B->529edf8e-8eae-4246-b33f-5e44130d441c@group-A1CD1332DC7D, cid=832, SUCCESS, logIndex=1051, commits[529edf8e-8eae-4246-b33f-5e44130d441c:c1051, 79bffca9-b028-4c53-a657-872ed973be73:c1047, 15654dff-55cd-4f70-96d8-4abf0c061563:c1047]
2019-07-09 15:04:20,610 INFO  client.GrpcClientProtocolClient (GrpcClientProtocolClient.java:onNext(255)) - client-A9DCF8B8BD5B->529edf8e-8eae-4246-b33f-5e44130d441c: receive RaftClientReply:client-A9DCF8B8BD5B->529edf8e-8eae-4246-b33f-5e44130d441c@group-A1CD1332DC7D, cid=833, SUCCESS, logIndex=0, commits[529edf8e-8eae-4246-b33f-5e44130d441c:c1052, 79bffca9-b028-4c53-a657-872ed973be73:c1049, 15654dff-55cd-4f70-96d8-4abf0c061563:c1049]
2019-07-09 15:04:20,632 INFO  client.GrpcClientProtocolClient (GrpcClientProtocolClient.java:onNext(255)) - client-A9DCF8B8BD5B->529edf8e-8eae-4246-b33f-5e44130d441c: receive RaftClientReply:client-A9DCF8B8BD5B->529edf8e-8eae-4246-b33f-5e44130d441c@group-A1CD1332DC7D, cid=834, SUCCESS, logIndex=1056, commits[529edf8e-8eae-4246-b33f-5e44130d441c:c1057, 79bffca9-b028-4c53-a657-872ed973be73:c1055, 15654dff-55cd-4f70-96d8-4abf0c061563:c1055]
2019-07-09 15:04:20,632 INFO  client.GrpcClientProtocolClient (GrpcClientProtocolClient.java:onNext(255)) - client-A9DCF8B8BD5B->529edf8e-8eae-4246-b33f-5e44130d441c: receive RaftClientReply:client-A9DCF8B8BD5B->529edf8e-8eae-4246-b33f-5e44130d441c@group-A1CD1332DC7D, cid=835, SUCCESS, logIndex=1057, commits[529edf8e-8eae-4246-b33f-5e44130d441c:c1057, 79bffca9-b028-4c53-a657-872ed973be73:c1055, 15654dff-55cd-4f70-96d8-4abf0c061563:c1055]
2019-07-09 15:04:20,661 INFO  client.GrpcClientProtocolClient (GrpcClientProtocolClient.java:onNext(255)) - client-A9DCF8B8BD5B->529edf8e-8eae-4246-b33f-5e44130d441c: receive RaftClientReply:client-A9DCF8B8BD5B->529edf8e-8eae-4246-b33f-5e44130d441c@group-A1CD1332DC7D, cid=836, SUCCESS, logIndex=1060, commits[529edf8e-8eae-4246-b33f-5e44130d441c:c1061, 79bffca9-b028-4c53-a657-872ed973be73:c1057, 15654dff-55cd-4f70-96d8-4abf0c061563:c1057]
2019-07-09 15:04:20,661 INFO  client.GrpcClientProtocolClient (GrpcClientProtocolClient.java:onNext(255)) - client-A9DCF8B8BD5B->529edf8e-8eae-4246-b33f-5e44130d441c: receive RaftClientReply:client-A9DCF8B8BD5B->529edf8e-8eae-4246-b33f-5e44130d441c@group-A1CD1332DC7D, cid=837, SUCCESS, logIndex=1061, commits[529edf8e-8eae-4246-b33f-5e44130d441c:c1061, 79bffca9-b028-4c53-a657-872ed973be73:c1057, 15654dff-55cd-4f70-96d8-4abf0c061563:c1057]
2019-07-09 15:04:20,676 INFO  client.GrpcClientProtocolClient (GrpcClientProtocolClient.java:onNext(255)) - client-A9DCF8B8BD5B->529edf8e-8eae-4246-b33f-5e44130d441c: receive RaftClientReply:client-A9DCF8B8BD5B->529edf8e-8eae-4246-b33f-5e44130d441c@group-A1CD1332DC7D, cid=838, SUCCESS, logIndex=0, commits[529edf8e-8eae-4246-b33f-5e44130d441c:c1063, 79bffca9-b028-4c53-a657-872ed973be73:c1061, 15654dff-55cd-4f70-96d8-4abf0c061563:c1061]
2019-07-09 15:04:20,697 INFO  client.GrpcClientProtocolClient (GrpcClientProtocolClient.java:onNext(255)) - client-A9DCF8B8BD5B->529edf8e-8eae-4246-b33f-5e44130d441c: receive RaftClientReply:client-A9DCF8B8BD5B->529edf8e-8eae-4246-b33f-5e44130d441c@group-A1CD1332DC7D, cid=839, SUCCESS, logIndex=1064, commits[529edf8e-8eae-4246-b33f-5e44130d441c:c1065, 79bffca9-b028-4c53-a657-872ed973be73:c1063, 15654dff-55cd-4f70-96d8-4abf0c061563:c1063]
2019-07-09 15:04:20,697 INFO  client.GrpcClientProtocolClient (GrpcClientProtocolClient.java:onNext(255)) - client-A9DCF8B8BD5B->529edf8e-8eae-4246-b33f-5e44130d441c: receive RaftClientReply:client-A9DCF8B8BD5B->529edf8e-8eae-4246-b33f-5e44130d441c@group-A1CD1332DC7D, cid=840, SUCCESS, logIndex=1065, commits[529edf8e-8eae-4246-b33f-5e44130d441c:c1065, 79bffca9-b028-4c53-a657-872ed973be73:c1063, 15654dff-55cd-4f70-96d8-4abf0c061563:c1063]
2019-07-09 15:04:20,813 INFO  client.GrpcClientProtocolClient (GrpcClientProtocolClient.java:onNext(255)) - client-A9DCF8B8BD5B->529edf8e-8eae-4246-b33f-5e44130d441c: receive RaftClientReply:client-A9DCF8B8BD5B->529edf8e-8eae-4246-b33f-5e44130d441c@group-A1CD1332DC7D, cid=841, SUCCESS, logIndex=1066, commits[529edf8e-8eae-4246-b33f-5e44130d441c:c1067, 79bffca9-b028-4c53-a657-872ed973be73:c1063, 15654dff-55cd-4f70-96d8-4abf0c061563:c1065]
2019-07-09 15:04:20,814 INFO  client.GrpcClientProtocolClient (GrpcClientProtocolClient.java:onNext(255)) - client-A9DCF8B8BD5B->529edf8e-8eae-4246-b33f-5e44130d441c: receive RaftClientReply:client-A9DCF8B8BD5B->529edf8e-8eae-4246-b33f-5e44130d441c@group-A1CD1332DC7D, cid=842, SUCCESS, logIndex=1067, commits[529edf8e-8eae-4246-b33f-5e44130d441c:c1068, 79bffca9-b028-4c53-a657-872ed973be73:c1063, 15654dff-55cd-4f70-96d8-4abf0c061563:c1065]
2019-07-09 15:04:20,816 INFO  client.GrpcClientProtocolClient (GrpcClientProtocolClient.java:onNext(255)) - client-A9DCF8B8BD5B->529edf8e-8eae-4246-b33f-5e44130d441c: receive RaftClientReply:client-A9DCF8B8BD5B->529edf8e-8eae-4246-b33f-5e44130d441c@group-A1CD1332DC7D, cid=843, SUCCESS, logIndex=0, commits[529edf8e-8eae-4246-b33f-5e44130d441c:c1068, 79bffca9-b028-4c53-a657-872ed973be73:c1065, 15654dff-55cd-4f70-96d8-4abf0c061563:c1065]
2019-07-09 15:04:20,839 INFO  client.GrpcClientProtocolClient (GrpcClientProtocolClient.java:onNext(255)) - client-A9DCF8B8BD5B->529edf8e-8eae-4246-b33f-5e44130d441c: receive RaftClientReply:client-A9DCF8B8BD5B->529edf8e-8eae-4246-b33f-5e44130d441c@group-A1CD1332DC7D, cid=844, SUCCESS, logIndex=1072, commits[529edf8e-8eae-4246-b33f-5e44130d441c:c1073, 79bffca9-b028-4c53-a657-872ed973be73:c1070, 15654dff-55cd-4f70-96d8-4abf0c061563:c1069]
2019-07-09 15:04:20,848 INFO  client.GrpcClientProtocolClient (GrpcClientProtocolClient.java:onNext(255)) - client-A9DCF8B8BD5B->529edf8e-8eae-4246-b33f-5e44130d441c: receive RaftClientReply:client-A9DCF8B8BD5B->529edf8e-8eae-4246-b33f-5e44130d441c@group-A1CD1332DC7D, cid=845, SUCCESS, logIndex=1073, commits[529edf8e-8eae-4246-b33f-5e44130d441c:c1073, 79bffca9-b028-4c53-a657-872ed973be73:c1070, 15654dff-55cd-4f70-96d8-4abf0c061563:c1070]
 0.00% |█                                                                                                    |  0/1 Time: 0:00:032019-07-09 15:04:20,870 INFO  client.GrpcClientProtocolClient (GrpcClientProtocolClient.java:onNext(255)) - client-A9DCF8B8BD5B->529edf8e-8eae-4246-b33f-5e44130d441c: receive RaftClientReply:client-A9DCF8B8BD5B->529edf8e-8eae-4246-b33f-5e44130d441c@group-A1CD1332DC7D, cid=846, SUCCESS, logIndex=1076, commits[529edf8e-8eae-4246-b33f-5e44130d441c:c1077, 79bffca9-b028-4c53-a657-872ed973be73:c1075, 15654dff-55cd-4f70-96d8-4abf0c061563:c1075]
2019-07-09 15:04:20,871 INFO  client.GrpcClientProtocolClient (GrpcClientProtocolClient.java:onNext(255)) - client-A9DCF8B8BD5B->529edf8e-8eae-4246-b33f-5e44130d441c: receive RaftClientReply:client-A9DCF8B8BD5B->529edf8e-8eae-4246-b33f-5e44130d441c@group-A1CD1332DC7D, cid=847, SUCCESS, logIndex=1077, commits[529edf8e-8eae-4246-b33f-5e44130d441c:c1077, 79bffca9-b028-4c53-a657-872ed973be73:c1075, 15654dff-55cd-4f70-96d8-4abf0c061563:c1075]
2019-07-09 15:04:20,883 INFO  client.GrpcClientProtocolClient (GrpcClientProtocolClient.java:onNext(255)) - client-A9DCF8B8BD5B->529edf8e-8eae-4246-b33f-5e44130d441c: receive RaftClientReply:client-A9DCF8B8BD5B->529edf8e-8eae-4246-b33f-5e44130d441c@group-A1CD1332DC7D, cid=848, SUCCESS, logIndex=0, commits[529edf8e-8eae-4246-b33f-5e44130d441c:c1078, 79bffca9-b028-4c53-a657-872ed973be73:c1077, 15654dff-55cd-4f70-96d8-4abf0c061563:c1077]
2019-07-09 15:04:20,905 INFO  client.GrpcClientProtocolClient (GrpcClientProtocolClient.java:onNext(255)) - client-A9DCF8B8BD5B->529edf8e-8eae-4246-b33f-5e44130d441c: receive RaftClientReply:client-A9DCF8B8BD5B->529edf8e-8eae-4246-b33f-5e44130d441c@group-A1CD1332DC7D, cid=849, SUCCESS, logIndex=1080, commits[529edf8e-8eae-4246-b33f-5e44130d441c:c1081, 79bffca9-b028-4c53-a657-872ed973be73:c1079, 15654dff-55cd-4f70-96d8-4abf0c061563:c1079]
2019-07-09 15:04:20,906 INFO  client.GrpcClientProtocolClient (GrpcClientProtocolClient.java:onNext(255)) - client-A9DCF8B8BD5B->529edf8e-8eae-4246-b33f-5e44130d441c: receive RaftClientReply:client-A9DCF8B8BD5B->529edf8e-8eae-4246-b33f-5e44130d441c@group-A1CD1332DC7D, cid=850, SUCCESS, logIndex=1081, commits[529edf8e-8eae-4246-b33f-5e44130d441c:c1081, 79bffca9-b028-4c53-a657-872ed973be73:c1079, 15654dff-55cd-4f70-96d8-4abf0c061563:c1079]
2019-07-09 15:04:20,907 INFO  client.GrpcClientProtocolClient (GrpcClientProtocolClient.java:onNext(255)) - client-A9DCF8B8BD5B->529edf8e-8eae-4246-b33f-5e44130d441c: receive RaftClientReply:client-A9DCF8B8BD5B->529edf8e-8eae-4246-b33f-5e44130d441c@group-A1CD1332DC7D, cid=851, SUCCESS, logIndex=1082, commits[529edf8e-8eae-4246-b33f-5e44130d441c:c1083, 79bffca9-b028-4c53-a657-872ed973be73:c1079, 15654dff-55cd-4f70-96d8-4abf0c061563:c1079]
2019-07-09 15:04:20,907 INFO  client.GrpcClientProtocolClient (GrpcClientProtocolClient.java:onNext(255)) - client-A9DCF8B8BD5B->529edf8e-8eae-4246-b33f-5e44130d441c: receive RaftClientReply:client-A9DCF8B8BD5B->529edf8e-8eae-4246-b33f-5e44130d441c@group-A1CD1332DC7D, cid=852, SUCCESS, logIndex=1083, commits[529edf8e-8eae-4246-b33f-5e44130d441c:c1083, 79bffca9-b028-4c53-a657-872ed973be73:c1079, 15654dff-55cd-4f70-96d8-4abf0c061563:c1079]
2019-07-09 15:04:20,919 INFO  client.GrpcClientProtocolClient (GrpcClientProtocolClient.java:onNext(255)) - client-A9DCF8B8BD5B->529edf8e-8eae-4246-b33f-5e44130d441c: receive RaftClientReply:client-A9DCF8B8BD5B->529edf8e-8eae-4246-b33f-5e44130d441c@group-A1CD1332DC7D, cid=853, SUCCESS, logIndex=0, commits[529edf8e-8eae-4246-b33f-5e44130d441c:c1085, 79bffca9-b028-4c53-a657-872ed973be73:c1081, 15654dff-55cd-4f70-96d8-4abf0c061563:c1081]
2019-07-09 15:04:20,940 INFO  client.GrpcClientProtocolClient (GrpcClientProtocolClient.java:onNext(255)) - client-A9DCF8B8BD5B->529edf8e-8eae-4246-b33f-5e44130d441c: receive RaftClientReply:client-A9DCF8B8BD5B->529edf8e-8eae-4246-b33f-5e44130d441c@group-A1CD1332DC7D, cid=854, SUCCESS, logIndex=1088, commits[529edf8e-8eae-4246-b33f-5e44130d441c:c1089, 79bffca9-b028-4c53-a657-872ed973be73:c1087, 15654dff-55cd-4f70-96d8-4abf0c061563:c1087]
2019-07-09 15:04:20,941 INFO  client.GrpcClientProtocolClient (GrpcClientProtocolClient.java:onNext(255)) - client-A9DCF8B8BD5B->529edf8e-8eae-4246-b33f-5e44130d441c: receive RaftClientReply:client-A9DCF8B8BD5B->529edf8e-8eae-4246-b33f-5e44130d441c@group-A1CD1332DC7D, cid=855, SUCCESS, logIndex=1089, commits[529edf8e-8eae-4246-b33f-5e44130d441c:c1089, 79bffca9-b028-4c53-a657-872ed973be73:c1087, 15654dff-55cd-4f70-96d8-4abf0c061563:c1087]
2019-07-09 15:04:20,965 INFO  client.GrpcClientProtocolClient (GrpcClientProtocolClient.java:onNext(255)) - client-A9DCF8B8BD5B->529edf8e-8eae-4246-b33f-5e44130d441c: receive RaftClientReply:client-A9DCF8B8BD5B->529edf8e-8eae-4246-b33f-5e44130d441c@group-A1CD1332DC7D, cid=856, SUCCESS, logIndex=1092, commits[529edf8e-8eae-4246-b33f-5e44130d441c:c1093, 79bffca9-b028-4c53-a657-872ed973be73:c1089, 15654dff-55cd-4f70-96d8-4abf0c061563:c1089]
2019-07-09 15:04:20,965 INFO  client.GrpcClientProtocolClient (GrpcClientProtocolClient.java:onNext(255)) - client-A9DCF8B8BD5B->529edf8e-8eae-4246-b33f-5e44130d441c: receive RaftClientReply:client-A9DCF8B8BD5B->529edf8e-8eae-4246-b33f-5e44130d441c@group-A1CD1332DC7D, cid=857, SUCCESS, logIndex=1093, commits[529edf8e-8eae-4246-b33f-5e44130d441c:c1093, 79bffca9-b028-4c53-a657-872ed973be73:c1089, 15654dff-55cd-4f70-96d8-4abf0c061563:c1089]
2019-07-09 15:04:20,976 INFO  client.GrpcClientProtocolClient (GrpcClientProtocolClient.java:onNext(255)) - client-A9DCF8B8BD5B->529edf8e-8eae-4246-b33f-5e44130d441c: receive RaftClientReply:client-A9DCF8B8BD5B->529edf8e-8eae-4246-b33f-5e44130d441c@group-A1CD1332DC7D, cid=858, SUCCESS, logIndex=0, commits[529edf8e-8eae-4246-b33f-5e44130d441c:c1094, 79bffca9-b028-4c53-a657-872ed973be73:c1093, 15654dff-55cd-4f70-96d8-4abf0c061563:c1093]
2019-07-09 15:04:20,999 INFO  client.GrpcClientProtocolClient (GrpcClientProtocolClient.java:onNext(255)) - client-A9DCF8B8BD5B->529edf8e-8eae-4246-b33f-5e44130d441c: receive RaftClientReply:client-A9DCF8B8BD5B->529edf8e-8eae-4246-b33f-5e44130d441c@group-A1CD1332DC7D, cid=859, SUCCESS, logIndex=1096, commits[529edf8e-8eae-4246-b33f-5e44130d441c:c1097, 79bffca9-b028-4c53-a657-872ed973be73:c1095, 15654dff-55cd-4f70-96d8-4abf0c061563:c1095]
2019-07-09 15:04:20,999 INFO  client.GrpcClientProtocolClient (GrpcClientProtocolClient.java:onNext(255)) - client-A9DCF8B8BD5B->529edf8e-8eae-4246-b33f-5e44130d441c: receive RaftClientReply:client-A9DCF8B8BD5B->529edf8e-8eae-4246-b33f-5e44130d441c@group-A1CD1332DC7D, cid=860, SUCCESS, logIndex=1097, commits[529edf8e-8eae-4246-b33f-5e44130d441c:c1098, 79bffca9-b028-4c53-a657-872ed973be73:c1095, 15654dff-55cd-4f70-96d8-4abf0c061563:c1095]
2019-07-09 15:04:21,000 INFO  client.GrpcClientProtocolClient (GrpcClientProtocolClient.java:onNext(255)) - client-A9DCF8B8BD5B->529edf8e-8eae-4246-b33f-5e44130d441c: receive RaftClientReply:client-A9DCF8B8BD5B->529edf8e-8eae-4246-b33f-5e44130d441c@group-A1CD1332DC7D, cid=861, SUCCESS, logIndex=1098, commits[529edf8e-8eae-4246-b33f-5e44130d441c:c1099, 79bffca9-b028-4c53-a657-872ed973be73:c1095, 15654dff-55cd-4f70-96d8-4abf0c061563:c1095]
2019-07-09 15:04:21,000 INFO  client.GrpcClientProtocolClient (GrpcClientProtocolClient.java:onNext(255)) - client-A9DCF8B8BD5B->529edf8e-8eae-4246-b33f-5e44130d441c: receive RaftClientReply:client-A9DCF8B8BD5B->529edf8e-8eae-4246-b33f-5e44130d441c@group-A1CD1332DC7D, cid=862, SUCCESS, logIndex=1099, commits[529edf8e-8eae-4246-b33f-5e44130d441c:c1099, 79bffca9-b028-4c53-a657-872ed973be73:c1095, 15654dff-55cd-4f70-96d8-4abf0c061563:c1095]
2019-07-09 15:04:21,003 INFO  client.GrpcClientProtocolClient (GrpcClientProtocolClient.java:onNext(255)) - client-A9DCF8B8BD5B->529edf8e-8eae-4246-b33f-5e44130d441c: receive RaftClientReply:client-A9DCF8B8BD5B->529edf8e-8eae-4246-b33f-5e44130d441c@group-A1CD1332DC7D, cid=863, SUCCESS, logIndex=0, commits[529edf8e-8eae-4246-b33f-5e44130d441c:c1100, 79bffca9-b028-4c53-a657-872ed973be73:c1097, 15654dff-55cd-4f70-96d8-4abf0c061563:c1097]
2019-07-09 15:04:21,017 INFO  client.GrpcClientProtocolClient (GrpcClientProtocolClient.java:onNext(255)) - client-A9DCF8B8BD5B->529edf8e-8eae-4246-b33f-5e44130d441c: receive RaftClientReply:client-A9DCF8B8BD5B->529edf8e-8eae-4246-b33f-5e44130d441c@group-A1CD1332DC7D, cid=864, SUCCESS, logIndex=1104, commits[529edf8e-8eae-4246-b33f-5e44130d441c:c1105, 79bffca9-b028-4c53-a657-872ed973be73:c1103, 15654dff-55cd-4f70-96d8-4abf0c061563:c1099]
2019-07-09 15:04:21,017 INFO  client.GrpcClientProtocolClient (GrpcClientProtocolClient.java:onNext(255)) - client-A9DCF8B8BD5B->529edf8e-8eae-4246-b33f-5e44130d441c: receive RaftClientReply:client-A9DCF8B8BD5B->529edf8e-8eae-4246-b33f-5e44130d441c@group-A1CD1332DC7D, cid=865, SUCCESS, logIndex=1105, commits[529edf8e-8eae-4246-b33f-5e44130d441c:c1105, 79bffca9-b028-4c53-a657-872ed973be73:c1103, 15654dff-55cd-4f70-96d8-4abf0c061563:c1103]
2019-07-09 15:04:21,053 INFO  client.GrpcClientProtocolClient (GrpcClientProtocolClient.java:onNext(255)) - client-A9DCF8B8BD5B->529edf8e-8eae-4246-b33f-5e44130d441c: receive RaftClientReply:client-A9DCF8B8BD5B->529edf8e-8eae-4246-b33f-5e44130d441c@group-A1CD1332DC7D, cid=866, SUCCESS, logIndex=1108, commits[529edf8e-8eae-4246-b33f-5e44130d441c:c1109, 79bffca9-b028-4c53-a657-872ed973be73:c1107, 15654dff-55cd-4f70-96d8-4abf0c061563:c1105]
2019-07-09 15:04:21,054 INFO  client.GrpcClientProtocolClient (GrpcClientProtocolClient.java:onNext(255)) - client-A9DCF8B8BD5B->529edf8e-8eae-4246-b33f-5e44130d441c: receive RaftClientReply:client-A9DCF8B8BD5B->529edf8e-8eae-4246-b33f-5e44130d441c@group-A1CD1332DC7D, cid=867, SUCCESS, logIndex=1109, commits[529edf8e-8eae-4246-b33f-5e44130d441c:c1109, 79bffca9-b028-4c53-a657-872ed973be73:c1107, 15654dff-55cd-4f70-96d8-4abf0c061563:c1107]
2019-07-09 15:04:21,057 INFO  client.GrpcClientProtocolClient (GrpcClientProtocolClient.java:onNext(255)) - client-A9DCF8B8BD5B->529edf8e-8eae-4246-b33f-5e44130d441c: receive RaftClientReply:client-A9DCF8B8BD5B->529edf8e-8eae-4246-b33f-5e44130d441c@group-A1CD1332DC7D, cid=868, SUCCESS, logIndex=0, commits[529edf8e-8eae-4246-b33f-5e44130d441c:c1110, 79bffca9-b028-4c53-a657-872ed973be73:c1109, 15654dff-55cd-4f70-96d8-4abf0c061563:c1109]
2019-07-09 15:04:21,086 INFO  client.GrpcClientProtocolClient (GrpcClientProtocolClient.java:onNext(255)) - client-A9DCF8B8BD5B->529edf8e-8eae-4246-b33f-5e44130d441c: receive RaftClientReply:client-A9DCF8B8BD5B->529edf8e-8eae-4246-b33f-5e44130d441c@group-A1CD1332DC7D, cid=869, SUCCESS, logIndex=1112, commits[529edf8e-8eae-4246-b33f-5e44130d441c:c1113, 79bffca9-b028-4c53-a657-872ed973be73:c1110, 15654dff-55cd-4f70-96d8-4abf0c061563:c1109]
2019-07-09 15:04:21,087 INFO  client.GrpcClientProtocolClient (GrpcClientProtocolClient.java:onNext(255)) - client-A9DCF8B8BD5B->529edf8e-8eae-4246-b33f-5e44130d441c: receive RaftClientReply:client-A9DCF8B8BD5B->529edf8e-8eae-4246-b33f-5e44130d441c@group-A1CD1332DC7D, cid=870, SUCCESS, logIndex=1113, commits[529edf8e-8eae-4246-b33f-5e44130d441c:c1113, 79bffca9-b028-4c53-a657-872ed973be73:c1110, 15654dff-55cd-4f70-96d8-4abf0c061563:c1110]
2019-07-09 15:04:21,087 INFO  client.GrpcClientProtocolClient (GrpcClientProtocolClient.java:onNext(255)) - client-A9DCF8B8BD5B->529edf8e-8eae-4246-b33f-5e44130d441c: receive RaftClientReply:client-A9DCF8B8BD5B->529edf8e-8eae-4246-b33f-5e44130d441c@group-A1CD1332DC7D, cid=871, SUCCESS, logIndex=1114, commits[529edf8e-8eae-4246-b33f-5e44130d441c:c1115, 79bffca9-b028-4c53-a657-872ed973be73:c1111, 15654dff-55cd-4f70-96d8-4abf0c061563:c1110]
2019-07-09 15:04:21,087 INFO  client.GrpcClientProtocolClient (GrpcClientProtocolClient.java:onNext(255)) - client-A9DCF8B8BD5B->529edf8e-8eae-4246-b33f-5e44130d441c: receive RaftClientReply:client-A9DCF8B8BD5B->529edf8e-8eae-4246-b33f-5e44130d441c@group-A1CD1332DC7D, cid=872, SUCCESS, logIndex=1115, commits[529edf8e-8eae-4246-b33f-5e44130d441c:c1115, 79bffca9-b028-4c53-a657-872ed973be73:c1111, 15654dff-55cd-4f70-96d8-4abf0c061563:c1110]
2019-07-09 15:04:21,100 INFO  client.GrpcClientProtocolClient (GrpcClientProtocolClient.java:onNext(255)) - client-A9DCF8B8BD5B->529edf8e-8eae-4246-b33f-5e44130d441c: receive RaftClientReply:client-A9DCF8B8BD5B->529edf8e-8eae-4246-b33f-5e44130d441c@group-A1CD1332DC7D, cid=873, SUCCESS, logIndex=0, commits[529edf8e-8eae-4246-b33f-5e44130d441c:c1118, 79bffca9-b028-4c53-a657-872ed973be73:c1114, 15654dff-55cd-4f70-96d8-4abf0c061563:c1113]
2019-07-09 15:04:21,121 INFO  client.GrpcClientProtocolClient (GrpcClientProtocolClient.java:onNext(255)) - client-A9DCF8B8BD5B->529edf8e-8eae-4246-b33f-5e44130d441c: receive RaftClientReply:client-A9DCF8B8BD5B->529edf8e-8eae-4246-b33f-5e44130d441c@group-A1CD1332DC7D, cid=874, SUCCESS, logIndex=1120, commits[529edf8e-8eae-4246-b33f-5e44130d441c:c1121, 79bffca9-b028-4c53-a657-872ed973be73:c1119, 15654dff-55cd-4f70-96d8-4abf0c061563:c1119]
2019-07-09 15:04:21,122 INFO  client.GrpcClientProtocolClient (GrpcClientProtocolClient.java:onNext(255)) - client-A9DCF8B8BD5B->529edf8e-8eae-4246-b33f-5e44130d441c: receive RaftClientReply:client-A9DCF8B8BD5B->529edf8e-8eae-4246-b33f-5e44130d441c@group-A1CD1332DC7D, cid=875, SUCCESS, logIndex=1121, commits[529edf8e-8eae-4246-b33f-5e44130d441c:c1121, 79bffca9-b028-4c53-a657-872ed973be73:c1119, 15654dff-55cd-4f70-96d8-4abf0c061563:c1119]
2019-07-09 15:04:21,135 INFO  client.GrpcClientProtocolClient (GrpcClientProtocolClient.java:onNext(255)) - client-A9DCF8B8BD5B->529edf8e-8eae-4246-b33f-5e44130d441c: receive RaftClientReply:client-A9DCF8B8BD5B->529edf8e-8eae-4246-b33f-5e44130d441c@group-A1CD1332DC7D, cid=876, SUCCESS, logIndex=1124, commits[529edf8e-8eae-4246-b33f-5e44130d441c:c1125, 79bffca9-b028-4c53-a657-872ed973be73:c1121, 15654dff-55cd-4f70-96d8-4abf0c061563:c1120]
2019-07-09 15:04:21,135 INFO  client.GrpcClientProtocolClient (GrpcClientProtocolClient.java:onNext(255)) - client-A9DCF8B8BD5B->529edf8e-8eae-4246-b33f-5e44130d441c: receive RaftClientReply:client-A9DCF8B8BD5B->529edf8e-8eae-4246-b33f-5e44130d441c@group-A1CD1332DC7D, cid=877, SUCCESS, logIndex=1125, commits[529edf8e-8eae-4246-b33f-5e44130d441c:c1125, 79bffca9-b028-4c53-a657-872ed973be73:c1121, 15654dff-55cd-4f70-96d8-4abf0c061563:c1121]
2019-07-09 15:04:21,150 INFO  client.GrpcClientProtocolClient (GrpcClientProtocolClient.java:onNext(255)) - client-A9DCF8B8BD5B->529edf8e-8eae-4246-b33f-5e44130d441c: receive RaftClientReply:client-A9DCF8B8BD5B->529edf8e-8eae-4246-b33f-5e44130d441c@group-A1CD1332DC7D, cid=878, SUCCESS, logIndex=0, commits[529edf8e-8eae-4246-b33f-5e44130d441c:c1127, 79bffca9-b028-4c53-a657-872ed973be73:c1125, 15654dff-55cd-4f70-96d8-4abf0c061563:c1125]
2019-07-09 15:04:21,171 INFO  client.GrpcClientProtocolClient (GrpcClientProtocolClient.java:onNext(255)) - client-A9DCF8B8BD5B->529edf8e-8eae-4246-b33f-5e44130d441c: receive RaftClientReply:client-A9DCF8B8BD5B->529edf8e-8eae-4246-b33f-5e44130d441c@group-A1CD1332DC7D, cid=879, SUCCESS, logIndex=1128, commits[529edf8e-8eae-4246-b33f-5e44130d441c:c1129, 79bffca9-b028-4c53-a657-872ed973be73:c1127, 15654dff-55cd-4f70-96d8-4abf0c061563:c1127]
2019-07-09 15:04:21,172 INFO  client.GrpcClientProtocolClient (GrpcClientProtocolClient.java:onNext(255)) - client-A9DCF8B8BD5B->529edf8e-8eae-4246-b33f-5e44130d441c: receive RaftClientReply:client-A9DCF8B8BD5B->529edf8e-8eae-4246-b33f-5e44130d441c@group-A1CD1332DC7D, cid=880, SUCCESS, logIndex=1129, commits[529edf8e-8eae-4246-b33f-5e44130d441c:c1129, 79bffca9-b028-4c53-a657-872ed973be73:c1127, 15654dff-55cd-4f70-96d8-4abf0c061563:c1127]
2019-07-09 15:04:21,172 INFO  client.GrpcClientProtocolClient (GrpcClientProtocolClient.java:onNext(255)) - client-A9DCF8B8BD5B->529edf8e-8eae-4246-b33f-5e44130d441c: receive RaftClientReply:client-A9DCF8B8BD5B->529edf8e-8eae-4246-b33f-5e44130d441c@group-A1CD1332DC7D, cid=881, SUCCESS, logIndex=1130, commits[529edf8e-8eae-4246-b33f-5e44130d441c:c1131, 79bffca9-b028-4c53-a657-872ed973be73:c1127, 15654dff-55cd-4f70-96d8-4abf0c061563:c1127]
2019-07-09 15:04:21,173 INFO  client.GrpcClientProtocolClient (GrpcClientProtocolClient.java:onNext(255)) - client-A9DCF8B8BD5B->529edf8e-8eae-4246-b33f-5e44130d441c: receive RaftClientReply:client-A9DCF8B8BD5B->529edf8e-8eae-4246-b33f-5e44130d441c@group-A1CD1332DC7D, cid=882, SUCCESS, logIndex=1131, commits[529edf8e-8eae-4246-b33f-5e44130d441c:c1131, 79bffca9-b028-4c53-a657-872ed973be73:c1127, 15654dff-55cd-4f70-96d8-4abf0c061563:c1127]
2019-07-09 15:04:21,186 INFO  client.GrpcClientProtocolClient (GrpcClientProtocolClient.java:onNext(255)) - client-A9DCF8B8BD5B->529edf8e-8eae-4246-b33f-5e44130d441c: receive RaftClientReply:client-A9DCF8B8BD5B->529edf8e-8eae-4246-b33f-5e44130d441c@group-A1CD1332DC7D, cid=883, SUCCESS, logIndex=0, commits[529edf8e-8eae-4246-b33f-5e44130d441c:c1133, 79bffca9-b028-4c53-a657-872ed973be73:c1129, 15654dff-55cd-4f70-96d8-4abf0c061563:c1129]
2019-07-09 15:04:21,207 INFO  client.GrpcClientProtocolClient (GrpcClientProtocolClient.java:onNext(255)) - client-A9DCF8B8BD5B->529edf8e-8eae-4246-b33f-5e44130d441c: receive RaftClientReply:client-A9DCF8B8BD5B->529edf8e-8eae-4246-b33f-5e44130d441c@group-A1CD1332DC7D, cid=884, SUCCESS, logIndex=1136, commits[529edf8e-8eae-4246-b33f-5e44130d441c:c1136, 79bffca9-b028-4c53-a657-872ed973be73:c1135, 15654dff-55cd-4f70-96d8-4abf0c061563:c1135]
2019-07-09 15:04:21,208 INFO  client.GrpcClientProtocolClient (GrpcClientProtocolClient.java:onNext(255)) - client-A9DCF8B8BD5B->529edf8e-8eae-4246-b33f-5e44130d441c: receive RaftClientReply:client-A9DCF8B8BD5B->529edf8e-8eae-4246-b33f-5e44130d441c@group-A1CD1332DC7D, cid=885, SUCCESS, logIndex=1137, commits[529edf8e-8eae-4246-b33f-5e44130d441c:c1137, 79bffca9-b028-4c53-a657-872ed973be73:c1135, 15654dff-55cd-4f70-96d8-4abf0c061563:c1135]
2019-07-09 15:04:21,249 INFO  client.GrpcClientProtocolClient (GrpcClientProtocolClient.java:onNext(255)) - client-A9DCF8B8BD5B->529edf8e-8eae-4246-b33f-5e44130d441c: receive RaftClientReply:client-A9DCF8B8BD5B->529edf8e-8eae-4246-b33f-5e44130d441c@group-A1CD1332DC7D, cid=886, SUCCESS, logIndex=1140, commits[529edf8e-8eae-4246-b33f-5e44130d441c:c1141, 79bffca9-b028-4c53-a657-872ed973be73:c1137, 15654dff-55cd-4f70-96d8-4abf0c061563:c1137]
2019-07-09 15:04:21,249 INFO  client.GrpcClientProtocolClient (GrpcClientProtocolClient.java:onNext(255)) - client-A9DCF8B8BD5B->529edf8e-8eae-4246-b33f-5e44130d441c: receive RaftClientReply:client-A9DCF8B8BD5B->529edf8e-8eae-4246-b33f-5e44130d441c@group-A1CD1332DC7D, cid=887, SUCCESS, logIndex=1141, commits[529edf8e-8eae-4246-b33f-5e44130d441c:c1141, 79bffca9-b028-4c53-a657-872ed973be73:c1137, 15654dff-55cd-4f70-96d8-4abf0c061563:c1137]
2019-07-09 15:04:21,273 INFO  client.GrpcClientProtocolClient (GrpcClientProtocolClient.java:onNext(255)) - client-A9DCF8B8BD5B->529edf8e-8eae-4246-b33f-5e44130d441c: receive RaftClientReply:client-A9DCF8B8BD5B->529edf8e-8eae-4246-b33f-5e44130d441c@group-A1CD1332DC7D, cid=888, SUCCESS, logIndex=0, commits[529edf8e-8eae-4246-b33f-5e44130d441c:c1143, 79bffca9-b028-4c53-a657-872ed973be73:c1141, 15654dff-55cd-4f70-96d8-4abf0c061563:c1141]
2019-07-09 15:04:21,310 INFO  client.GrpcClientProtocolClient (GrpcClientProtocolClient.java:onNext(255)) - client-A9DCF8B8BD5B->529edf8e-8eae-4246-b33f-5e44130d441c: receive RaftClientReply:client-A9DCF8B8BD5B->529edf8e-8eae-4246-b33f-5e44130d441c@group-A1CD1332DC7D, cid=889, SUCCESS, logIndex=1144, commits[529edf8e-8eae-4246-b33f-5e44130d441c:c1145, 79bffca9-b028-4c53-a657-872ed973be73:c1143, 15654dff-55cd-4f70-96d8-4abf0c061563:c1141]
2019-07-09 15:04:21,311 INFO  client.GrpcClientProtocolClient (GrpcClientProtocolClient.java:onNext(255)) - client-A9DCF8B8BD5B->529edf8e-8eae-4246-b33f-5e44130d441c: receive RaftClientReply:client-A9DCF8B8BD5B->529edf8e-8eae-4246-b33f-5e44130d441c@group-A1CD1332DC7D, cid=890, SUCCESS, logIndex=1145, commits[529edf8e-8eae-4246-b33f-5e44130d441c:c1145, 79bffca9-b028-4c53-a657-872ed973be73:c1143, 15654dff-55cd-4f70-96d8-4abf0c061563:c1143]
2019-07-09 15:04:21,312 INFO  client.GrpcClientProtocolClient (GrpcClientProtocolClient.java:onNext(255)) - client-A9DCF8B8BD5B->529edf8e-8eae-4246-b33f-5e44130d441c: receive RaftClientReply:client-A9DCF8B8BD5B->529edf8e-8eae-4246-b33f-5e44130d441c@group-A1CD1332DC7D, cid=891, SUCCESS, logIndex=1146, commits[529edf8e-8eae-4246-b33f-5e44130d441c:c1147, 79bffca9-b028-4c53-a657-872ed973be73:c1143, 15654dff-55cd-4f70-96d8-4abf0c061563:c1143]
2019-07-09 15:04:21,312 INFO  client.GrpcClientProtocolClient (GrpcClientProtocolClient.java:onNext(255)) - client-A9DCF8B8BD5B->529edf8e-8eae-4246-b33f-5e44130d441c: receive RaftClientReply:client-A9DCF8B8BD5B->529edf8e-8eae-4246-b33f-5e44130d441c@group-A1CD1332DC7D, cid=892, SUCCESS, logIndex=1147, commits[529edf8e-8eae-4246-b33f-5e44130d441c:c1147, 79bffca9-b028-4c53-a657-872ed973be73:c1143, 15654dff-55cd-4f70-96d8-4abf0c061563:c1143]
2019-07-09 15:04:21,314 INFO  client.GrpcClientProtocolClient (GrpcClientProtocolClient.java:onNext(255)) - client-A9DCF8B8BD5B->529edf8e-8eae-4246-b33f-5e44130d441c: receive RaftClientReply:client-A9DCF8B8BD5B->529edf8e-8eae-4246-b33f-5e44130d441c@group-A1CD1332DC7D, cid=893, SUCCESS, logIndex=0, commits[529edf8e-8eae-4246-b33f-5e44130d441c:c1149, 79bffca9-b028-4c53-a657-872ed973be73:c1147, 15654dff-55cd-4f70-96d8-4abf0c061563:c1145]
2019-07-09 15:04:21,337 INFO  client.GrpcClientProtocolClient (GrpcClientProtocolClient.java:onNext(255)) - client-A9DCF8B8BD5B->529edf8e-8eae-4246-b33f-5e44130d441c: receive RaftClientReply:client-A9DCF8B8BD5B->529edf8e-8eae-4246-b33f-5e44130d441c@group-A1CD1332DC7D, cid=894, SUCCESS, logIndex=1151, commits[529edf8e-8eae-4246-b33f-5e44130d441c:c1152, 79bffca9-b028-4c53-a657-872ed973be73:c1150, 15654dff-55cd-4f70-96d8-4abf0c061563:c1150]
2019-07-09 15:04:21,338 INFO  client.GrpcClientProtocolClient (GrpcClientProtocolClient.java:onNext(255)) - client-A9DCF8B8BD5B->529edf8e-8eae-4246-b33f-5e44130d441c: receive RaftClientReply:client-A9DCF8B8BD5B->529edf8e-8eae-4246-b33f-5e44130d441c@group-A1CD1332DC7D, cid=895, SUCCESS, logIndex=1152, commits[529edf8e-8eae-4246-b33f-5e44130d441c:c1152, 79bffca9-b028-4c53-a657-872ed973be73:c1150, 15654dff-55cd-4f70-96d8-4abf0c061563:c1150]
2019-07-09 15:04:21,362 INFO  client.GrpcClientProtocolClient (GrpcClientProtocolClient.java:onNext(255)) - client-A9DCF8B8BD5B->529edf8e-8eae-4246-b33f-5e44130d441c: receive RaftClientReply:client-A9DCF8B8BD5B->529edf8e-8eae-4246-b33f-5e44130d441c@group-A1CD1332DC7D, cid=896, SUCCESS, logIndex=1155, commits[529edf8e-8eae-4246-b33f-5e44130d441c:c1156, 79bffca9-b028-4c53-a657-872ed973be73:c1152, 15654dff-55cd-4f70-96d8-4abf0c061563:c1152]
2019-07-09 15:04:21,362 INFO  client.GrpcClientProtocolClient (GrpcClientProtocolClient.java:onNext(255)) - client-A9DCF8B8BD5B->529edf8e-8eae-4246-b33f-5e44130d441c: receive RaftClientReply:client-A9DCF8B8BD5B->529edf8e-8eae-4246-b33f-5e44130d441c@group-A1CD1332DC7D, cid=897, SUCCESS, logIndex=1156, commits[529edf8e-8eae-4246-b33f-5e44130d441c:c1156, 79bffca9-b028-4c53-a657-872ed973be73:c1152, 15654dff-55cd-4f70-96d8-4abf0c061563:c1152]
2019-07-09 15:04:21,373 INFO  client.GrpcClientProtocolClient (GrpcClientProtocolClient.java:onNext(255)) - client-A9DCF8B8BD5B->529edf8e-8eae-4246-b33f-5e44130d441c: receive RaftClientReply:client-A9DCF8B8BD5B->529edf8e-8eae-4246-b33f-5e44130d441c@group-A1CD1332DC7D, cid=898, SUCCESS, logIndex=0, commits[529edf8e-8eae-4246-b33f-5e44130d441c:c1157, 79bffca9-b028-4c53-a657-872ed973be73:c1156, 15654dff-55cd-4f70-96d8-4abf0c061563:c1156]
2019-07-09 15:04:21,395 INFO  client.GrpcClientProtocolClient (GrpcClientProtocolClient.java:onNext(255)) - client-A9DCF8B8BD5B->529edf8e-8eae-4246-b33f-5e44130d441c: receive RaftClientReply:client-A9DCF8B8BD5B->529edf8e-8eae-4246-b33f-5e44130d441c@group-A1CD1332DC7D, cid=899, SUCCESS, logIndex=1159, commits[529edf8e-8eae-4246-b33f-5e44130d441c:c1160, 79bffca9-b028-4c53-a657-872ed973be73:c1158, 15654dff-55cd-4f70-96d8-4abf0c061563:c1158]
2019-07-09 15:04:21,395 INFO  client.GrpcClientProtocolClient (GrpcClientProtocolClient.java:onNext(255)) - client-A9DCF8B8BD5B->529edf8e-8eae-4246-b33f-5e44130d441c: receive RaftClientReply:client-A9DCF8B8BD5B->529edf8e-8eae-4246-b33f-5e44130d441c@group-A1CD1332DC7D, cid=900, SUCCESS, logIndex=1160, commits[529edf8e-8eae-4246-b33f-5e44130d441c:c1160, 79bffca9-b028-4c53-a657-872ed973be73:c1158, 15654dff-55cd-4f70-96d8-4abf0c061563:c1158]
2019-07-09 15:04:21,396 INFO  client.GrpcClientProtocolClient (GrpcClientProtocolClient.java:onNext(255)) - client-A9DCF8B8BD5B->529edf8e-8eae-4246-b33f-5e44130d441c: receive RaftClientReply:client-A9DCF8B8BD5B->529edf8e-8eae-4246-b33f-5e44130d441c@group-A1CD1332DC7D, cid=901, SUCCESS, logIndex=1161, commits[529edf8e-8eae-4246-b33f-5e44130d441c:c1161, 79bffca9-b028-4c53-a657-872ed973be73:c1158, 15654dff-55cd-4f70-96d8-4abf0c061563:c1158]
2019-07-09 15:04:21,396 INFO  client.GrpcClientProtocolClient (GrpcClientProtocolClient.java:onNext(255)) - client-A9DCF8B8BD5B->529edf8e-8eae-4246-b33f-5e44130d441c: receive RaftClientReply:client-A9DCF8B8BD5B->529edf8e-8eae-4246-b33f-5e44130d441c@group-A1CD1332DC7D, cid=902, SUCCESS, logIndex=1162, commits[529edf8e-8eae-4246-b33f-5e44130d441c:c1162, 79bffca9-b028-4c53-a657-872ed973be73:c1158, 15654dff-55cd-4f70-96d8-4abf0c061563:c1158]
2019-07-09 15:04:21,399 INFO  client.GrpcClientProtocolClient (GrpcClientProtocolClient.java:onNext(255)) - client-A9DCF8B8BD5B->529edf8e-8eae-4246-b33f-5e44130d441c: receive RaftClientReply:client-A9DCF8B8BD5B->529edf8e-8eae-4246-b33f-5e44130d441c@group-A1CD1332DC7D, cid=903, SUCCESS, logIndex=0, commits[529edf8e-8eae-4246-b33f-5e44130d441c:c1164, 79bffca9-b028-4c53-a657-872ed973be73:c1160, 15654dff-55cd-4f70-96d8-4abf0c061563:c1160]
2019-07-09 15:04:21,412 INFO  client.GrpcClientProtocolClient (GrpcClientProtocolClient.java:onNext(255)) - client-A9DCF8B8BD5B->529edf8e-8eae-4246-b33f-5e44130d441c: receive RaftClientReply:client-A9DCF8B8BD5B->529edf8e-8eae-4246-b33f-5e44130d441c@group-A1CD1332DC7D, cid=904, SUCCESS, logIndex=1167, commits[529edf8e-8eae-4246-b33f-5e44130d441c:c1168, 79bffca9-b028-4c53-a657-872ed973be73:c1164, 15654dff-55cd-4f70-96d8-4abf0c061563:c1162]
2019-07-09 15:04:21,413 INFO  client.GrpcClientProtocolClient (GrpcClientProtocolClient.java:onNext(255)) - client-A9DCF8B8BD5B->529edf8e-8eae-4246-b33f-5e44130d441c: receive RaftClientReply:client-A9DCF8B8BD5B->529edf8e-8eae-4246-b33f-5e44130d441c@group-A1CD1332DC7D, cid=905, SUCCESS, logIndex=1168, commits[529edf8e-8eae-4246-b33f-5e44130d441c:c1168, 79bffca9-b028-4c53-a657-872ed973be73:c1164, 15654dff-55cd-4f70-96d8-4abf0c061563:c1162]
2019-07-09 15:04:21,427 INFO  client.GrpcClientProtocolClient (GrpcClientProtocolClient.java:onNext(255)) - client-A9DCF8B8BD5B->529edf8e-8eae-4246-b33f-5e44130d441c: receive RaftClientReply:client-A9DCF8B8BD5B->529edf8e-8eae-4246-b33f-5e44130d441c@group-A1CD1332DC7D, cid=906, SUCCESS, logIndex=1170, commits[529edf8e-8eae-4246-b33f-5e44130d441c:c1171, 79bffca9-b028-4c53-a657-872ed973be73:c1168, 15654dff-55cd-4f70-96d8-4abf0c061563:c1168]
2019-07-09 15:04:21,428 INFO  client.GrpcClientProtocolClient (GrpcClientProtocolClient.java:onNext(255)) - client-A9DCF8B8BD5B->529edf8e-8eae-4246-b33f-5e44130d441c: receive RaftClientReply:client-A9DCF8B8BD5B->529edf8e-8eae-4246-b33f-5e44130d441c@group-A1CD1332DC7D, cid=907, SUCCESS, logIndex=1171, commits[529edf8e-8eae-4246-b33f-5e44130d441c:c1171, 79bffca9-b028-4c53-a657-872ed973be73:c1168, 15654dff-55cd-4f70-96d8-4abf0c061563:c1168]
2019-07-09 15:04:21,442 INFO  client.GrpcClientProtocolClient (GrpcClientProtocolClient.java:onNext(255)) - client-A9DCF8B8BD5B->529edf8e-8eae-4246-b33f-5e44130d441c: receive RaftClientReply:client-A9DCF8B8BD5B->529edf8e-8eae-4246-b33f-5e44130d441c@group-A1CD1332DC7D, cid=908, SUCCESS, logIndex=0, commits[529edf8e-8eae-4246-b33f-5e44130d441c:c1173, 79bffca9-b028-4c53-a657-872ed973be73:c1171, 15654dff-55cd-4f70-96d8-4abf0c061563:c1171]
2019-07-09 15:04:21,462 INFO  client.GrpcClientProtocolClient (GrpcClientProtocolClient.java:onNext(255)) - client-A9DCF8B8BD5B->529edf8e-8eae-4246-b33f-5e44130d441c: receive RaftClientReply:client-A9DCF8B8BD5B->529edf8e-8eae-4246-b33f-5e44130d441c@group-A1CD1332DC7D, cid=909, SUCCESS, logIndex=1174, commits[529edf8e-8eae-4246-b33f-5e44130d441c:c1175, 79bffca9-b028-4c53-a657-872ed973be73:c1173, 15654dff-55cd-4f70-96d8-4abf0c061563:c1173]
2019-07-09 15:04:21,463 INFO  client.GrpcClientProtocolClient (GrpcClientProtocolClient.java:onNext(255)) - client-A9DCF8B8BD5B->529edf8e-8eae-4246-b33f-5e44130d441c: receive RaftClientReply:client-A9DCF8B8BD5B->529edf8e-8eae-4246-b33f-5e44130d441c@group-A1CD1332DC7D, cid=910, SUCCESS, logIndex=1175, commits[529edf8e-8eae-4246-b33f-5e44130d441c:c1175, 79bffca9-b028-4c53-a657-872ed973be73:c1173, 15654dff-55cd-4f70-96d8-4abf0c061563:c1173]
2019-07-09 15:04:21,463 INFO  client.GrpcClientProtocolClient (GrpcClientProtocolClient.java:onNext(255)) - client-A9DCF8B8BD5B->529edf8e-8eae-4246-b33f-5e44130d441c: receive RaftClientReply:client-A9DCF8B8BD5B->529edf8e-8eae-4246-b33f-5e44130d441c@group-A1CD1332DC7D, cid=911, SUCCESS, logIndex=1176, commits[529edf8e-8eae-4246-b33f-5e44130d441c:c1177, 79bffca9-b028-4c53-a657-872ed973be73:c1173, 15654dff-55cd-4f70-96d8-4abf0c061563:c1173]
2019-07-09 15:04:21,464 INFO  client.GrpcClientProtocolClient (GrpcClientProtocolClient.java:onNext(255)) - client-A9DCF8B8BD5B->529edf8e-8eae-4246-b33f-5e44130d441c: receive RaftClientReply:client-A9DCF8B8BD5B->529edf8e-8eae-4246-b33f-5e44130d441c@group-A1CD1332DC7D, cid=912, SUCCESS, logIndex=1177, commits[529edf8e-8eae-4246-b33f-5e44130d441c:c1177, 79bffca9-b028-4c53-a657-872ed973be73:c1173, 15654dff-55cd-4f70-96d8-4abf0c061563:c1173]
2019-07-09 15:04:21,476 INFO  client.GrpcClientProtocolClient (GrpcClientProtocolClient.java:onNext(255)) - client-A9DCF8B8BD5B->529edf8e-8eae-4246-b33f-5e44130d441c: receive RaftClientReply:client-A9DCF8B8BD5B->529edf8e-8eae-4246-b33f-5e44130d441c@group-A1CD1332DC7D, cid=913, SUCCESS, logIndex=0, commits[529edf8e-8eae-4246-b33f-5e44130d441c:c1179, 79bffca9-b028-4c53-a657-872ed973be73:c1175, 15654dff-55cd-4f70-96d8-4abf0c061563:c1175]
2019-07-09 15:04:21,628 INFO  client.GrpcClientProtocolClient (GrpcClientProtocolClient.java:onNext(255)) - client-A9DCF8B8BD5B->529edf8e-8eae-4246-b33f-5e44130d441c: receive RaftClientReply:client-A9DCF8B8BD5B->529edf8e-8eae-4246-b33f-5e44130d441c@group-A1CD1332DC7D, cid=914, SUCCESS, logIndex=1182, commits[529edf8e-8eae-4246-b33f-5e44130d441c:c1183, 79bffca9-b028-4c53-a657-872ed973be73:c1181, 15654dff-55cd-4f70-96d8-4abf0c061563:c1181]
2019-07-09 15:04:21,628 INFO  client.GrpcClientProtocolClient (GrpcClientProtocolClient.java:onNext(255)) - client-A9DCF8B8BD5B->529edf8e-8eae-4246-b33f-5e44130d441c: receive RaftClientReply:client-A9DCF8B8BD5B->529edf8e-8eae-4246-b33f-5e44130d441c@group-A1CD1332DC7D, cid=915, SUCCESS, logIndex=1183, commits[529edf8e-8eae-4246-b33f-5e44130d441c:c1183, 79bffca9-b028-4c53-a657-872ed973be73:c1181, 15654dff-55cd-4f70-96d8-4abf0c061563:c1181]
2019-07-09 15:04:21,662 INFO  client.GrpcClientProtocolClient (GrpcClientProtocolClient.java:onNext(255)) - client-A9DCF8B8BD5B->529edf8e-8eae-4246-b33f-5e44130d441c: receive RaftClientReply:client-A9DCF8B8BD5B->529edf8e-8eae-4246-b33f-5e44130d441c@group-A1CD1332DC7D, cid=916, SUCCESS, logIndex=1186, commits[529edf8e-8eae-4246-b33f-5e44130d441c:c1187, 79bffca9-b028-4c53-a657-872ed973be73:c1183, 15654dff-55cd-4f70-96d8-4abf0c061563:c1183]
2019-07-09 15:04:21,663 INFO  client.GrpcClientProtocolClient (GrpcClientProtocolClient.java:onNext(255)) - client-A9DCF8B8BD5B->529edf8e-8eae-4246-b33f-5e44130d441c: receive RaftClientReply:client-A9DCF8B8BD5B->529edf8e-8eae-4246-b33f-5e44130d441c@group-A1CD1332DC7D, cid=917, SUCCESS, logIndex=1187, commits[529edf8e-8eae-4246-b33f-5e44130d441c:c1187, 79bffca9-b028-4c53-a657-872ed973be73:c1183, 15654dff-55cd-4f70-96d8-4abf0c061563:c1183]
2019-07-09 15:04:21,666 INFO  client.GrpcClientProtocolClient (GrpcClientProtocolClient.java:onNext(255)) - client-A9DCF8B8BD5B->529edf8e-8eae-4246-b33f-5e44130d441c: receive RaftClientReply:client-A9DCF8B8BD5B->529edf8e-8eae-4246-b33f-5e44130d441c@group-A1CD1332DC7D, cid=918, SUCCESS, logIndex=0, commits[529edf8e-8eae-4246-b33f-5e44130d441c:c1188, 79bffca9-b028-4c53-a657-872ed973be73:c1187, 15654dff-55cd-4f70-96d8-4abf0c061563:c1187]
2019-07-09 15:04:21,693 INFO  client.GrpcClientProtocolClient (GrpcClientProtocolClient.java:onNext(255)) - client-A9DCF8B8BD5B->529edf8e-8eae-4246-b33f-5e44130d441c: receive RaftClientReply:client-A9DCF8B8BD5B->529edf8e-8eae-4246-b33f-5e44130d441c@group-A1CD1332DC7D, cid=919, SUCCESS, logIndex=1190, commits[529edf8e-8eae-4246-b33f-5e44130d441c:c1191, 79bffca9-b028-4c53-a657-872ed973be73:c1188, 15654dff-55cd-4f70-96d8-4abf0c061563:c1187]
2019-07-09 15:04:21,693 INFO  client.GrpcClientProtocolClient (GrpcClientProtocolClient.java:onNext(255)) - client-A9DCF8B8BD5B->529edf8e-8eae-4246-b33f-5e44130d441c: receive RaftClientReply:client-A9DCF8B8BD5B->529edf8e-8eae-4246-b33f-5e44130d441c@group-A1CD1332DC7D, cid=920, SUCCESS, logIndex=1191, commits[529edf8e-8eae-4246-b33f-5e44130d441c:c1191, 79bffca9-b028-4c53-a657-872ed973be73:c1189, 15654dff-55cd-4f70-96d8-4abf0c061563:c1188]
2019-07-09 15:04:21,694 INFO  client.GrpcClientProtocolClient (GrpcClientProtocolClient.java:onNext(255)) - client-A9DCF8B8BD5B->529edf8e-8eae-4246-b33f-5e44130d441c: receive RaftClientReply:client-A9DCF8B8BD5B->529edf8e-8eae-4246-b33f-5e44130d441c@group-A1CD1332DC7D, cid=921, SUCCESS, logIndex=1192, commits[529edf8e-8eae-4246-b33f-5e44130d441c:c1193, 79bffca9-b028-4c53-a657-872ed973be73:c1189, 15654dff-55cd-4f70-96d8-4abf0c061563:c1188]
2019-07-09 15:04:21,694 INFO  client.GrpcClientProtocolClient (GrpcClientProtocolClient.java:onNext(255)) - client-A9DCF8B8BD5B->529edf8e-8eae-4246-b33f-5e44130d441c: receive RaftClientReply:client-A9DCF8B8BD5B->529edf8e-8eae-4246-b33f-5e44130d441c@group-A1CD1332DC7D, cid=922, SUCCESS, logIndex=1193, commits[529edf8e-8eae-4246-b33f-5e44130d441c:c1193, 79bffca9-b028-4c53-a657-872ed973be73:c1189, 15654dff-55cd-4f70-96d8-4abf0c061563:c1188]
2019-07-09 15:04:21,708 INFO  client.GrpcClientProtocolClient (GrpcClientProtocolClient.java:onNext(255)) - client-A9DCF8B8BD5B->529edf8e-8eae-4246-b33f-5e44130d441c: receive RaftClientReply:client-A9DCF8B8BD5B->529edf8e-8eae-4246-b33f-5e44130d441c@group-A1CD1332DC7D, cid=923, SUCCESS, logIndex=0, commits[529edf8e-8eae-4246-b33f-5e44130d441c:c1195, 79bffca9-b028-4c53-a657-872ed973be73:c1191, 15654dff-55cd-4f70-96d8-4abf0c061563:c1191]
2019-07-09 15:04:21,732 INFO  client.GrpcClientProtocolClient (GrpcClientProtocolClient.java:onNext(255)) - client-A9DCF8B8BD5B->529edf8e-8eae-4246-b33f-5e44130d441c: receive RaftClientReply:client-A9DCF8B8BD5B->529edf8e-8eae-4246-b33f-5e44130d441c@group-A1CD1332DC7D, cid=924, SUCCESS, logIndex=1198, commits[529edf8e-8eae-4246-b33f-5e44130d441c:c1199, 79bffca9-b028-4c53-a657-872ed973be73:c1197, 15654dff-55cd-4f70-96d8-4abf0c061563:c1197]
2019-07-09 15:04:21,732 INFO  client.GrpcClientProtocolClient (GrpcClientProtocolClient.java:onNext(255)) - client-A9DCF8B8BD5B->529edf8e-8eae-4246-b33f-5e44130d441c: receive RaftClientReply:client-A9DCF8B8BD5B->529edf8e-8eae-4246-b33f-5e44130d441c@group-A1CD1332DC7D, cid=925, SUCCESS, logIndex=1199, commits[529edf8e-8eae-4246-b33f-5e44130d441c:c1199, 79bffca9-b028-4c53-a657-872ed973be73:c1197, 15654dff-55cd-4f70-96d8-4abf0c061563:c1197]
2019-07-09 15:04:21,746 INFO  client.GrpcClientProtocolClient (GrpcClientProtocolClient.java:onNext(255)) - client-A9DCF8B8BD5B->529edf8e-8eae-4246-b33f-5e44130d441c: receive RaftClientReply:client-A9DCF8B8BD5B->529edf8e-8eae-4246-b33f-5e44130d441c@group-A1CD1332DC7D, cid=926, SUCCESS, logIndex=1202, commits[529edf8e-8eae-4246-b33f-5e44130d441c:c1203, 79bffca9-b028-4c53-a657-872ed973be73:c1199, 15654dff-55cd-4f70-96d8-4abf0c061563:c1199]
2019-07-09 15:04:21,746 INFO  client.GrpcClientProtocolClient (GrpcClientProtocolClient.java:onNext(255)) - client-A9DCF8B8BD5B->529edf8e-8eae-4246-b33f-5e44130d441c: receive RaftClientReply:client-A9DCF8B8BD5B->529edf8e-8eae-4246-b33f-5e44130d441c@group-A1CD1332DC7D, cid=927, SUCCESS, logIndex=1203, commits[529edf8e-8eae-4246-b33f-5e44130d441c:c1203, 79bffca9-b028-4c53-a657-872ed973be73:c1199, 15654dff-55cd-4f70-96d8-4abf0c061563:c1199]
2019-07-09 15:04:21,748 INFO  client.GrpcClientProtocolClient (GrpcClientProtocolClient.java:onNext(255)) - client-A9DCF8B8BD5B->529edf8e-8eae-4246-b33f-5e44130d441c: receive RaftClientReply:client-A9DCF8B8BD5B->529edf8e-8eae-4246-b33f-5e44130d441c@group-A1CD1332DC7D, cid=928, SUCCESS, logIndex=0, commits[529edf8e-8eae-4246-b33f-5e44130d441c:c1205, 79bffca9-b028-4c53-a657-872ed973be73:c1203, 15654dff-55cd-4f70-96d8-4abf0c061563:c1203]
2019-07-09 15:04:21,770 INFO  client.GrpcClientProtocolClient (GrpcClientProtocolClient.java:onNext(255)) - client-A9DCF8B8BD5B->529edf8e-8eae-4246-b33f-5e44130d441c: receive RaftClientReply:client-A9DCF8B8BD5B->529edf8e-8eae-4246-b33f-5e44130d441c@group-A1CD1332DC7D, cid=929, SUCCESS, logIndex=1206, commits[529edf8e-8eae-4246-b33f-5e44130d441c:c1207, 79bffca9-b028-4c53-a657-872ed973be73:c1205, 15654dff-55cd-4f70-96d8-4abf0c061563:c1205]
2019-07-09 15:04:21,771 INFO  client.GrpcClientProtocolClient (GrpcClientProtocolClient.java:onNext(255)) - client-A9DCF8B8BD5B->529edf8e-8eae-4246-b33f-5e44130d441c: receive RaftClientReply:client-A9DCF8B8BD5B->529edf8e-8eae-4246-b33f-5e44130d441c@group-A1CD1332DC7D, cid=930, SUCCESS, logIndex=1207, commits[529edf8e-8eae-4246-b33f-5e44130d441c:c1209, 79bffca9-b028-4c53-a657-872ed973be73:c1205, 15654dff-55cd-4f70-96d8-4abf0c061563:c1205]
2019-07-09 15:04:21,771 INFO  client.GrpcClientProtocolClient (GrpcClientProtocolClient.java:onNext(255)) - client-A9DCF8B8BD5B->529edf8e-8eae-4246-b33f-5e44130d441c: receive RaftClientReply:client-A9DCF8B8BD5B->529edf8e-8eae-4246-b33f-5e44130d441c@group-A1CD1332DC7D, cid=931, SUCCESS, logIndex=1208, commits[529edf8e-8eae-4246-b33f-5e44130d441c:c1209, 79bffca9-b028-4c53-a657-872ed973be73:c1205, 15654dff-55cd-4f70-96d8-4abf0c061563:c1205]
2019-07-09 15:04:21,772 INFO  client.GrpcClientProtocolClient (GrpcClientProtocolClient.java:onNext(255)) - client-A9DCF8B8BD5B->529edf8e-8eae-4246-b33f-5e44130d441c: receive RaftClientReply:client-A9DCF8B8BD5B->529edf8e-8eae-4246-b33f-5e44130d441c@group-A1CD1332DC7D, cid=932, SUCCESS, logIndex=1209, commits[529edf8e-8eae-4246-b33f-5e44130d441c:c1209, 79bffca9-b028-4c53-a657-872ed973be73:c1205, 15654dff-55cd-4f70-96d8-4abf0c061563:c1205]
2019-07-09 15:04:21,773 INFO  client.GrpcClientProtocolClient (GrpcClientProtocolClient.java:onNext(255)) - client-A9DCF8B8BD5B->529edf8e-8eae-4246-b33f-5e44130d441c: receive RaftClientReply:client-A9DCF8B8BD5B->529edf8e-8eae-4246-b33f-5e44130d441c@group-A1CD1332DC7D, cid=933, SUCCESS, logIndex=0, commits[529edf8e-8eae-4246-b33f-5e44130d441c:c1210, 79bffca9-b028-4c53-a657-872ed973be73:c1207, 15654dff-55cd-4f70-96d8-4abf0c061563:c1207]
2019-07-09 15:04:21,786 INFO  client.GrpcClientProtocolClient (GrpcClientProtocolClient.java:onNext(255)) - client-A9DCF8B8BD5B->529edf8e-8eae-4246-b33f-5e44130d441c: receive RaftClientReply:client-A9DCF8B8BD5B->529edf8e-8eae-4246-b33f-5e44130d441c@group-A1CD1332DC7D, cid=934, SUCCESS, logIndex=1213, commits[529edf8e-8eae-4246-b33f-5e44130d441c:c1214, 79bffca9-b028-4c53-a657-872ed973be73:c1210, 15654dff-55cd-4f70-96d8-4abf0c061563:c1209]
2019-07-09 15:04:21,787 INFO  client.GrpcClientProtocolClient (GrpcClientProtocolClient.java:onNext(255)) - client-A9DCF8B8BD5B->529edf8e-8eae-4246-b33f-5e44130d441c: receive RaftClientReply:client-A9DCF8B8BD5B->529edf8e-8eae-4246-b33f-5e44130d441c@group-A1CD1332DC7D, cid=935, SUCCESS, logIndex=1214, commits[529edf8e-8eae-4246-b33f-5e44130d441c:c1214, 79bffca9-b028-4c53-a657-872ed973be73:c1210, 15654dff-55cd-4f70-96d8-4abf0c061563:c1210]
2019-07-09 15:04:21,807 INFO  client.GrpcClientProtocolClient (GrpcClientProtocolClient.java:onNext(255)) - client-A9DCF8B8BD5B->529edf8e-8eae-4246-b33f-5e44130d441c: receive RaftClientReply:client-A9DCF8B8BD5B->529edf8e-8eae-4246-b33f-5e44130d441c@group-A1CD1332DC7D, cid=936, SUCCESS, logIndex=1217, commits[529edf8e-8eae-4246-b33f-5e44130d441c:c1218, 79bffca9-b028-4c53-a657-872ed973be73:c1216, 15654dff-55cd-4f70-96d8-4abf0c061563:c1216]
2019-07-09 15:04:21,808 INFO  client.GrpcClientProtocolClient (GrpcClientProtocolClient.java:onNext(255)) - client-A9DCF8B8BD5B->529edf8e-8eae-4246-b33f-5e44130d441c: receive RaftClientReply:client-A9DCF8B8BD5B->529edf8e-8eae-4246-b33f-5e44130d441c@group-A1CD1332DC7D, cid=937, SUCCESS, logIndex=1218, commits[529edf8e-8eae-4246-b33f-5e44130d441c:c1218, 79bffca9-b028-4c53-a657-872ed973be73:c1216, 15654dff-55cd-4f70-96d8-4abf0c061563:c1216]
2019-07-09 15:04:21,819 INFO  client.GrpcClientProtocolClient (GrpcClientProtocolClient.java:onNext(255)) - client-A9DCF8B8BD5B->529edf8e-8eae-4246-b33f-5e44130d441c: receive RaftClientReply:client-A9DCF8B8BD5B->529edf8e-8eae-4246-b33f-5e44130d441c@group-A1CD1332DC7D, cid=938, SUCCESS, logIndex=0, commits[529edf8e-8eae-4246-b33f-5e44130d441c:c1219, 79bffca9-b028-4c53-a657-872ed973be73:c1218, 15654dff-55cd-4f70-96d8-4abf0c061563:c1218]
 0.00% |█                                                                                                    |  0/1 Time: 0:00:042019-07-09 15:04:21,860 INFO  client.GrpcClientProtocolClient (GrpcClientProtocolClient.java:onNext(255)) - client-A9DCF8B8BD5B->529edf8e-8eae-4246-b33f-5e44130d441c: receive RaftClientReply:client-A9DCF8B8BD5B->529edf8e-8eae-4246-b33f-5e44130d441c@group-A1CD1332DC7D, cid=939, SUCCESS, logIndex=1221, commits[529edf8e-8eae-4246-b33f-5e44130d441c:c1223, 79bffca9-b028-4c53-a657-872ed973be73:c1220, 15654dff-55cd-4f70-96d8-4abf0c061563:c1220]
2019-07-09 15:04:21,861 INFO  client.GrpcClientProtocolClient (GrpcClientProtocolClient.java:onNext(255)) - client-A9DCF8B8BD5B->529edf8e-8eae-4246-b33f-5e44130d441c: receive RaftClientReply:client-A9DCF8B8BD5B->529edf8e-8eae-4246-b33f-5e44130d441c@group-A1CD1332DC7D, cid=940, SUCCESS, logIndex=1222, commits[529edf8e-8eae-4246-b33f-5e44130d441c:c1224, 79bffca9-b028-4c53-a657-872ed973be73:c1220, 15654dff-55cd-4f70-96d8-4abf0c061563:c1220]
2019-07-09 15:04:21,861 INFO  client.GrpcClientProtocolClient (GrpcClientProtocolClient.java:onNext(255)) - client-A9DCF8B8BD5B->529edf8e-8eae-4246-b33f-5e44130d441c: receive RaftClientReply:client-A9DCF8B8BD5B->529edf8e-8eae-4246-b33f-5e44130d441c@group-A1CD1332DC7D, cid=941, SUCCESS, logIndex=1223, commits[529edf8e-8eae-4246-b33f-5e44130d441c:c1224, 79bffca9-b028-4c53-a657-872ed973be73:c1220, 15654dff-55cd-4f70-96d8-4abf0c061563:c1220]
2019-07-09 15:04:21,862 INFO  client.GrpcClientProtocolClient (GrpcClientProtocolClient.java:onNext(255)) - client-A9DCF8B8BD5B->529edf8e-8eae-4246-b33f-5e44130d441c: receive RaftClientReply:client-A9DCF8B8BD5B->529edf8e-8eae-4246-b33f-5e44130d441c@group-A1CD1332DC7D, cid=942, SUCCESS, logIndex=1224, commits[529edf8e-8eae-4246-b33f-5e44130d441c:c1224, 79bffca9-b028-4c53-a657-872ed973be73:c1220, 15654dff-55cd-4f70-96d8-4abf0c061563:c1220]
2019-07-09 15:04:21,863 INFO  client.GrpcClientProtocolClient (GrpcClientProtocolClient.java:onNext(255)) - client-A9DCF8B8BD5B->529edf8e-8eae-4246-b33f-5e44130d441c: receive RaftClientReply:client-A9DCF8B8BD5B->529edf8e-8eae-4246-b33f-5e44130d441c@group-A1CD1332DC7D, cid=943, SUCCESS, logIndex=0, commits[529edf8e-8eae-4246-b33f-5e44130d441c:c1225, 79bffca9-b028-4c53-a657-872ed973be73:c1224, 15654dff-55cd-4f70-96d8-4abf0c061563:c1222]
2019-07-09 15:04:21,887 INFO  client.GrpcClientProtocolClient (GrpcClientProtocolClient.java:onNext(255)) - client-A9DCF8B8BD5B->529edf8e-8eae-4246-b33f-5e44130d441c: receive RaftClientReply:client-A9DCF8B8BD5B->529edf8e-8eae-4246-b33f-5e44130d441c@group-A1CD1332DC7D, cid=944, SUCCESS, logIndex=1229, commits[529edf8e-8eae-4246-b33f-5e44130d441c:c1230, 79bffca9-b028-4c53-a657-872ed973be73:c1225, 15654dff-55cd-4f70-96d8-4abf0c061563:c1225]
2019-07-09 15:04:21,888 INFO  client.GrpcClientProtocolClient (GrpcClientProtocolClient.java:onNext(255)) - client-A9DCF8B8BD5B->529edf8e-8eae-4246-b33f-5e44130d441c: receive RaftClientReply:client-A9DCF8B8BD5B->529edf8e-8eae-4246-b33f-5e44130d441c@group-A1CD1332DC7D, cid=945, SUCCESS, logIndex=1230, commits[529edf8e-8eae-4246-b33f-5e44130d441c:c1230, 79bffca9-b028-4c53-a657-872ed973be73:c1225, 15654dff-55cd-4f70-96d8-4abf0c061563:c1225]
2019-07-09 15:04:21,902 INFO  client.GrpcClientProtocolClient (GrpcClientProtocolClient.java:onNext(255)) - client-A9DCF8B8BD5B->529edf8e-8eae-4246-b33f-5e44130d441c: receive RaftClientReply:client-A9DCF8B8BD5B->529edf8e-8eae-4246-b33f-5e44130d441c@group-A1CD1332DC7D, cid=946, SUCCESS, logIndex=1233, commits[529edf8e-8eae-4246-b33f-5e44130d441c:c1234, 79bffca9-b028-4c53-a657-872ed973be73:c1230, 15654dff-55cd-4f70-96d8-4abf0c061563:c1230]
2019-07-09 15:04:21,902 INFO  client.GrpcClientProtocolClient (GrpcClientProtocolClient.java:onNext(255)) - client-A9DCF8B8BD5B->529edf8e-8eae-4246-b33f-5e44130d441c: receive RaftClientReply:client-A9DCF8B8BD5B->529edf8e-8eae-4246-b33f-5e44130d441c@group-A1CD1332DC7D, cid=947, SUCCESS, logIndex=1234, commits[529edf8e-8eae-4246-b33f-5e44130d441c:c1234, 79bffca9-b028-4c53-a657-872ed973be73:c1230, 15654dff-55cd-4f70-96d8-4abf0c061563:c1230]
2019-07-09 15:04:21,930 INFO  client.GrpcClientProtocolClient (GrpcClientProtocolClient.java:onNext(255)) - client-A9DCF8B8BD5B->529edf8e-8eae-4246-b33f-5e44130d441c: receive RaftClientReply:client-A9DCF8B8BD5B->529edf8e-8eae-4246-b33f-5e44130d441c@group-A1CD1332DC7D, cid=948, SUCCESS, logIndex=0, commits[529edf8e-8eae-4246-b33f-5e44130d441c:c1236, 79bffca9-b028-4c53-a657-872ed973be73:c1234, 15654dff-55cd-4f70-96d8-4abf0c061563:c1234]
2019-07-09 15:04:21,953 INFO  client.GrpcClientProtocolClient (GrpcClientProtocolClient.java:onNext(255)) - client-A9DCF8B8BD5B->529edf8e-8eae-4246-b33f-5e44130d441c: receive RaftClientReply:client-A9DCF8B8BD5B->529edf8e-8eae-4246-b33f-5e44130d441c@group-A1CD1332DC7D, cid=949, SUCCESS, logIndex=1237, commits[529edf8e-8eae-4246-b33f-5e44130d441c:c1238, 79bffca9-b028-4c53-a657-872ed973be73:c1236, 15654dff-55cd-4f70-96d8-4abf0c061563:c1236]
2019-07-09 15:04:21,953 INFO  client.GrpcClientProtocolClient (GrpcClientProtocolClient.java:onNext(255)) - client-A9DCF8B8BD5B->529edf8e-8eae-4246-b33f-5e44130d441c: receive RaftClientReply:client-A9DCF8B8BD5B->529edf8e-8eae-4246-b33f-5e44130d441c@group-A1CD1332DC7D, cid=950, SUCCESS, logIndex=1238, commits[529edf8e-8eae-4246-b33f-5e44130d441c:c1238, 79bffca9-b028-4c53-a657-872ed973be73:c1236, 15654dff-55cd-4f70-96d8-4abf0c061563:c1236]
2019-07-09 15:04:21,954 INFO  client.GrpcClientProtocolClient (GrpcClientProtocolClient.java:onNext(255)) - client-A9DCF8B8BD5B->529edf8e-8eae-4246-b33f-5e44130d441c: receive RaftClientReply:client-A9DCF8B8BD5B->529edf8e-8eae-4246-b33f-5e44130d441c@group-A1CD1332DC7D, cid=951, SUCCESS, logIndex=1239, commits[529edf8e-8eae-4246-b33f-5e44130d441c:c1240, 79bffca9-b028-4c53-a657-872ed973be73:c1236, 15654dff-55cd-4f70-96d8-4abf0c061563:c1236]
2019-07-09 15:04:21,955 INFO  client.GrpcClientProtocolClient (GrpcClientProtocolClient.java:onNext(255)) - client-A9DCF8B8BD5B->529edf8e-8eae-4246-b33f-5e44130d441c: receive RaftClientReply:client-A9DCF8B8BD5B->529edf8e-8eae-4246-b33f-5e44130d441c@group-A1CD1332DC7D, cid=952, SUCCESS, logIndex=1240, commits[529edf8e-8eae-4246-b33f-5e44130d441c:c1240, 79bffca9-b028-4c53-a657-872ed973be73:c1236, 15654dff-55cd-4f70-96d8-4abf0c061563:c1236]
2019-07-09 15:04:21,956 INFO  client.GrpcClientProtocolClient (GrpcClientProtocolClient.java:onNext(255)) - client-A9DCF8B8BD5B->529edf8e-8eae-4246-b33f-5e44130d441c: receive RaftClientReply:client-A9DCF8B8BD5B->529edf8e-8eae-4246-b33f-5e44130d441c@group-A1CD1332DC7D, cid=953, SUCCESS, logIndex=0, commits[529edf8e-8eae-4246-b33f-5e44130d441c:c1243, 79bffca9-b028-4c53-a657-872ed973be73:c1240, 15654dff-55cd-4f70-96d8-4abf0c061563:c1238]
2019-07-09 15:04:21,977 INFO  client.GrpcClientProtocolClient (GrpcClientProtocolClient.java:onNext(255)) - client-A9DCF8B8BD5B->529edf8e-8eae-4246-b33f-5e44130d441c: receive RaftClientReply:client-A9DCF8B8BD5B->529edf8e-8eae-4246-b33f-5e44130d441c@group-A1CD1332DC7D, cid=954, SUCCESS, logIndex=1245, commits[529edf8e-8eae-4246-b33f-5e44130d441c:c1245, 79bffca9-b028-4c53-a657-872ed973be73:c1244, 15654dff-55cd-4f70-96d8-4abf0c061563:c1244]
2019-07-09 15:04:21,977 INFO  client.GrpcClientProtocolClient (GrpcClientProtocolClient.java:onNext(255)) - client-A9DCF8B8BD5B->529edf8e-8eae-4246-b33f-5e44130d441c: receive RaftClientReply:client-A9DCF8B8BD5B->529edf8e-8eae-4246-b33f-5e44130d441c@group-A1CD1332DC7D, cid=955, SUCCESS, logIndex=1246, commits[529edf8e-8eae-4246-b33f-5e44130d441c:c1246, 79bffca9-b028-4c53-a657-872ed973be73:c1244, 15654dff-55cd-4f70-96d8-4abf0c061563:c1244]
2019-07-09 15:04:21,992 INFO  client.GrpcClientProtocolClient (GrpcClientProtocolClient.java:onNext(255)) - client-A9DCF8B8BD5B->529edf8e-8eae-4246-b33f-5e44130d441c: receive RaftClientReply:client-A9DCF8B8BD5B->529edf8e-8eae-4246-b33f-5e44130d441c@group-A1CD1332DC7D, cid=956, SUCCESS, logIndex=1249, commits[529edf8e-8eae-4246-b33f-5e44130d441c:c1250, 79bffca9-b028-4c53-a657-872ed973be73:c1246, 15654dff-55cd-4f70-96d8-4abf0c061563:c1246]
2019-07-09 15:04:21,993 INFO  client.GrpcClientProtocolClient (GrpcClientProtocolClient.java:onNext(255)) - client-A9DCF8B8BD5B->529edf8e-8eae-4246-b33f-5e44130d441c: receive RaftClientReply:client-A9DCF8B8BD5B->529edf8e-8eae-4246-b33f-5e44130d441c@group-A1CD1332DC7D, cid=957, SUCCESS, logIndex=1250, commits[529edf8e-8eae-4246-b33f-5e44130d441c:c1250, 79bffca9-b028-4c53-a657-872ed973be73:c1246, 15654dff-55cd-4f70-96d8-4abf0c061563:c1246]
2019-07-09 15:04:22,004 INFO  client.GrpcClientProtocolClient (GrpcClientProtocolClient.java:onNext(255)) - client-A9DCF8B8BD5B->529edf8e-8eae-4246-b33f-5e44130d441c: receive RaftClientReply:client-A9DCF8B8BD5B->529edf8e-8eae-4246-b33f-5e44130d441c@group-A1CD1332DC7D, cid=958, SUCCESS, logIndex=0, commits[529edf8e-8eae-4246-b33f-5e44130d441c:c1251, 79bffca9-b028-4c53-a657-872ed973be73:c1250, 15654dff-55cd-4f70-96d8-4abf0c061563:c1250]
2019-07-09 15:04:22,026 INFO  client.GrpcClientProtocolClient (GrpcClientProtocolClient.java:onNext(255)) - client-A9DCF8B8BD5B->529edf8e-8eae-4246-b33f-5e44130d441c: receive RaftClientReply:client-A9DCF8B8BD5B->529edf8e-8eae-4246-b33f-5e44130d441c@group-A1CD1332DC7D, cid=959, SUCCESS, logIndex=1253, commits[529edf8e-8eae-4246-b33f-5e44130d441c:c1254, 79bffca9-b028-4c53-a657-872ed973be73:c1252, 15654dff-55cd-4f70-96d8-4abf0c061563:c1252]
2019-07-09 15:04:22,027 INFO  client.GrpcClientProtocolClient (GrpcClientProtocolClient.java:onNext(255)) - client-A9DCF8B8BD5B->529edf8e-8eae-4246-b33f-5e44130d441c: receive RaftClientReply:client-A9DCF8B8BD5B->529edf8e-8eae-4246-b33f-5e44130d441c@group-A1CD1332DC7D, cid=960, SUCCESS, logIndex=1254, commits[529edf8e-8eae-4246-b33f-5e44130d441c:c1255, 79bffca9-b028-4c53-a657-872ed973be73:c1252, 15654dff-55cd-4f70-96d8-4abf0c061563:c1252]
2019-07-09 15:04:22,027 INFO  client.GrpcClientProtocolClient (GrpcClientProtocolClient.java:onNext(255)) - client-A9DCF8B8BD5B->529edf8e-8eae-4246-b33f-5e44130d441c: receive RaftClientReply:client-A9DCF8B8BD5B->529edf8e-8eae-4246-b33f-5e44130d441c@group-A1CD1332DC7D, cid=961, SUCCESS, logIndex=1255, commits[529edf8e-8eae-4246-b33f-5e44130d441c:c1256, 79bffca9-b028-4c53-a657-872ed973be73:c1252, 15654dff-55cd-4f70-96d8-4abf0c061563:c1252]
2019-07-09 15:04:22,027 INFO  client.GrpcClientProtocolClient (GrpcClientProtocolClient.java:onNext(255)) - client-A9DCF8B8BD5B->529edf8e-8eae-4246-b33f-5e44130d441c: receive RaftClientReply:client-A9DCF8B8BD5B->529edf8e-8eae-4246-b33f-5e44130d441c@group-A1CD1332DC7D, cid=962, SUCCESS, logIndex=1256, commits[529edf8e-8eae-4246-b33f-5e44130d441c:c1256, 79bffca9-b028-4c53-a657-872ed973be73:c1252, 15654dff-55cd-4f70-96d8-4abf0c061563:c1252]
2019-07-09 15:04:22,029 INFO  client.GrpcClientProtocolClient (GrpcClientProtocolClient.java:onNext(255)) - client-A9DCF8B8BD5B->529edf8e-8eae-4246-b33f-5e44130d441c: receive RaftClientReply:client-A9DCF8B8BD5B->529edf8e-8eae-4246-b33f-5e44130d441c@group-A1CD1332DC7D, cid=963, SUCCESS, logIndex=0, commits[529edf8e-8eae-4246-b33f-5e44130d441c:c1258, 79bffca9-b028-4c53-a657-872ed973be73:c1254, 15654dff-55cd-4f70-96d8-4abf0c061563:c1254]
2019-07-09 15:04:22,050 INFO  client.GrpcClientProtocolClient (GrpcClientProtocolClient.java:onNext(255)) - client-A9DCF8B8BD5B->529edf8e-8eae-4246-b33f-5e44130d441c: receive RaftClientReply:client-A9DCF8B8BD5B->529edf8e-8eae-4246-b33f-5e44130d441c@group-A1CD1332DC7D, cid=964, SUCCESS, logIndex=1261, commits[529edf8e-8eae-4246-b33f-5e44130d441c:c1262, 79bffca9-b028-4c53-a657-872ed973be73:c1260, 15654dff-55cd-4f70-96d8-4abf0c061563:c1260]
2019-07-09 15:04:22,050 INFO  client.GrpcClientProtocolClient (GrpcClientProtocolClient.java:onNext(255)) - client-A9DCF8B8BD5B->529edf8e-8eae-4246-b33f-5e44130d441c: receive RaftClientReply:client-A9DCF8B8BD5B->529edf8e-8eae-4246-b33f-5e44130d441c@group-A1CD1332DC7D, cid=965, SUCCESS, logIndex=1262, commits[529edf8e-8eae-4246-b33f-5e44130d441c:c1262, 79bffca9-b028-4c53-a657-872ed973be73:c1260, 15654dff-55cd-4f70-96d8-4abf0c061563:c1260]
2019-07-09 15:04:22,075 INFO  client.GrpcClientProtocolClient (GrpcClientProtocolClient.java:onNext(255)) - client-A9DCF8B8BD5B->529edf8e-8eae-4246-b33f-5e44130d441c: receive RaftClientReply:client-A9DCF8B8BD5B->529edf8e-8eae-4246-b33f-5e44130d441c@group-A1CD1332DC7D, cid=966, SUCCESS, logIndex=1265, commits[529edf8e-8eae-4246-b33f-5e44130d441c:c1266, 79bffca9-b028-4c53-a657-872ed973be73:c1262, 15654dff-55cd-4f70-96d8-4abf0c061563:c1262]
2019-07-09 15:04:22,076 INFO  client.GrpcClientProtocolClient (GrpcClientProtocolClient.java:onNext(255)) - client-A9DCF8B8BD5B->529edf8e-8eae-4246-b33f-5e44130d441c: receive RaftClientReply:client-A9DCF8B8BD5B->529edf8e-8eae-4246-b33f-5e44130d441c@group-A1CD1332DC7D, cid=967, SUCCESS, logIndex=1266, commits[529edf8e-8eae-4246-b33f-5e44130d441c:c1266, 79bffca9-b028-4c53-a657-872ed973be73:c1262, 15654dff-55cd-4f70-96d8-4abf0c061563:c1262]
2019-07-09 15:04:22,079 INFO  client.GrpcClientProtocolClient (GrpcClientProtocolClient.java:onNext(255)) - client-A9DCF8B8BD5B->529edf8e-8eae-4246-b33f-5e44130d441c: receive RaftClientReply:client-A9DCF8B8BD5B->529edf8e-8eae-4246-b33f-5e44130d441c@group-A1CD1332DC7D, cid=968, SUCCESS, logIndex=0, commits[529edf8e-8eae-4246-b33f-5e44130d441c:c1267, 79bffca9-b028-4c53-a657-872ed973be73:c1266, 15654dff-55cd-4f70-96d8-4abf0c061563:c1266]
2019-07-09 15:04:22,102 INFO  client.GrpcClientProtocolClient (GrpcClientProtocolClient.java:onNext(255)) - client-A9DCF8B8BD5B->529edf8e-8eae-4246-b33f-5e44130d441c: receive RaftClientReply:client-A9DCF8B8BD5B->529edf8e-8eae-4246-b33f-5e44130d441c@group-A1CD1332DC7D, cid=969, SUCCESS, logIndex=1269, commits[529edf8e-8eae-4246-b33f-5e44130d441c:c1270, 79bffca9-b028-4c53-a657-872ed973be73:c1267, 15654dff-55cd-4f70-96d8-4abf0c061563:c1267]
2019-07-09 15:04:22,103 INFO  client.GrpcClientProtocolClient (GrpcClientProtocolClient.java:onNext(255)) - client-A9DCF8B8BD5B->529edf8e-8eae-4246-b33f-5e44130d441c: receive RaftClientReply:client-A9DCF8B8BD5B->529edf8e-8eae-4246-b33f-5e44130d441c@group-A1CD1332DC7D, cid=970, SUCCESS, logIndex=1270, commits[529edf8e-8eae-4246-b33f-5e44130d441c:c1272, 79bffca9-b028-4c53-a657-872ed973be73:c1267, 15654dff-55cd-4f70-96d8-4abf0c061563:c1267]
2019-07-09 15:04:22,103 INFO  client.GrpcClientProtocolClient (GrpcClientProtocolClient.java:onNext(255)) - client-A9DCF8B8BD5B->529edf8e-8eae-4246-b33f-5e44130d441c: receive RaftClientReply:client-A9DCF8B8BD5B->529edf8e-8eae-4246-b33f-5e44130d441c@group-A1CD1332DC7D, cid=971, SUCCESS, logIndex=1271, commits[529edf8e-8eae-4246-b33f-5e44130d441c:c1272, 79bffca9-b028-4c53-a657-872ed973be73:c1267, 15654dff-55cd-4f70-96d8-4abf0c061563:c1267]
2019-07-09 15:04:22,104 INFO  client.GrpcClientProtocolClient (GrpcClientProtocolClient.java:onNext(255)) - client-A9DCF8B8BD5B->529edf8e-8eae-4246-b33f-5e44130d441c: receive RaftClientReply:client-A9DCF8B8BD5B->529edf8e-8eae-4246-b33f-5e44130d441c@group-A1CD1332DC7D, cid=972, SUCCESS, logIndex=1272, commits[529edf8e-8eae-4246-b33f-5e44130d441c:c1272, 79bffca9-b028-4c53-a657-872ed973be73:c1267, 15654dff-55cd-4f70-96d8-4abf0c061563:c1267]
2019-07-09 15:04:22,105 INFO  client.GrpcClientProtocolClient (GrpcClientProtocolClient.java:onNext(255)) - client-A9DCF8B8BD5B->529edf8e-8eae-4246-b33f-5e44130d441c: receive RaftClientReply:client-A9DCF8B8BD5B->529edf8e-8eae-4246-b33f-5e44130d441c@group-A1CD1332DC7D, cid=973, SUCCESS, logIndex=0, commits[529edf8e-8eae-4246-b33f-5e44130d441c:c1273, 79bffca9-b028-4c53-a657-872ed973be73:c1270, 15654dff-55cd-4f70-96d8-4abf0c061563:c1270]
2019-07-09 15:04:22,120 INFO  client.GrpcClientProtocolClient (GrpcClientProtocolClient.java:onNext(255)) - client-A9DCF8B8BD5B->529edf8e-8eae-4246-b33f-5e44130d441c: receive RaftClientReply:client-A9DCF8B8BD5B->529edf8e-8eae-4246-b33f-5e44130d441c@group-A1CD1332DC7D, cid=974, SUCCESS, logIndex=1276, commits[529edf8e-8eae-4246-b33f-5e44130d441c:c1277, 79bffca9-b028-4c53-a657-872ed973be73:c1273, 15654dff-55cd-4f70-96d8-4abf0c061563:c1273]
2019-07-09 15:04:22,121 INFO  client.GrpcClientProtocolClient (GrpcClientProtocolClient.java:onNext(255)) - client-A9DCF8B8BD5B->529edf8e-8eae-4246-b33f-5e44130d441c: receive RaftClientReply:client-A9DCF8B8BD5B->529edf8e-8eae-4246-b33f-5e44130d441c@group-A1CD1332DC7D, cid=975, SUCCESS, logIndex=1277, commits[529edf8e-8eae-4246-b33f-5e44130d441c:c1277, 79bffca9-b028-4c53-a657-872ed973be73:c1273, 15654dff-55cd-4f70-96d8-4abf0c061563:c1273]
2019-07-09 15:04:22,148 INFO  client.GrpcClientProtocolClient (GrpcClientProtocolClient.java:onNext(255)) - client-A9DCF8B8BD5B->529edf8e-8eae-4246-b33f-5e44130d441c: receive RaftClientReply:client-A9DCF8B8BD5B->529edf8e-8eae-4246-b33f-5e44130d441c@group-A1CD1332DC7D, cid=976, SUCCESS, logIndex=1280, commits[529edf8e-8eae-4246-b33f-5e44130d441c:c1281, 79bffca9-b028-4c53-a657-872ed973be73:c1277, 15654dff-55cd-4f70-96d8-4abf0c061563:c1277]
2019-07-09 15:04:22,148 INFO  client.GrpcClientProtocolClient (GrpcClientProtocolClient.java:onNext(255)) - client-A9DCF8B8BD5B->529edf8e-8eae-4246-b33f-5e44130d441c: receive RaftClientReply:client-A9DCF8B8BD5B->529edf8e-8eae-4246-b33f-5e44130d441c@group-A1CD1332DC7D, cid=977, SUCCESS, logIndex=1281, commits[529edf8e-8eae-4246-b33f-5e44130d441c:c1281, 79bffca9-b028-4c53-a657-872ed973be73:c1277, 15654dff-55cd-4f70-96d8-4abf0c061563:c1277]
2019-07-09 15:04:22,155 INFO  client.GrpcClientProtocolClient (GrpcClientProtocolClient.java:onNext(255)) - client-A9DCF8B8BD5B->529edf8e-8eae-4246-b33f-5e44130d441c: receive RaftClientReply:client-A9DCF8B8BD5B->529edf8e-8eae-4246-b33f-5e44130d441c@group-A1CD1332DC7D, cid=978, SUCCESS, logIndex=0, commits[529edf8e-8eae-4246-b33f-5e44130d441c:c1283, 79bffca9-b028-4c53-a657-872ed973be73:c1281, 15654dff-55cd-4f70-96d8-4abf0c061563:c1281]
2019-07-09 15:04:22,176 INFO  client.GrpcClientProtocolClient (GrpcClientProtocolClient.java:onNext(255)) - client-A9DCF8B8BD5B->529edf8e-8eae-4246-b33f-5e44130d441c: receive RaftClientReply:client-A9DCF8B8BD5B->529edf8e-8eae-4246-b33f-5e44130d441c@group-A1CD1332DC7D, cid=979, SUCCESS, logIndex=1284, commits[529edf8e-8eae-4246-b33f-5e44130d441c:c1285, 79bffca9-b028-4c53-a657-872ed973be73:c1283, 15654dff-55cd-4f70-96d8-4abf0c061563:c1283]
2019-07-09 15:04:22,176 INFO  client.GrpcClientProtocolClient (GrpcClientProtocolClient.java:onNext(255)) - client-A9DCF8B8BD5B->529edf8e-8eae-4246-b33f-5e44130d441c: receive RaftClientReply:client-A9DCF8B8BD5B->529edf8e-8eae-4246-b33f-5e44130d441c@group-A1CD1332DC7D, cid=980, SUCCESS, logIndex=1285, commits[529edf8e-8eae-4246-b33f-5e44130d441c:c1287, 79bffca9-b028-4c53-a657-872ed973be73:c1283, 15654dff-55cd-4f70-96d8-4abf0c061563:c1283]
2019-07-09 15:04:22,177 INFO  client.GrpcClientProtocolClient (GrpcClientProtocolClient.java:onNext(255)) - client-A9DCF8B8BD5B->529edf8e-8eae-4246-b33f-5e44130d441c: receive RaftClientReply:client-A9DCF8B8BD5B->529edf8e-8eae-4246-b33f-5e44130d441c@group-A1CD1332DC7D, cid=981, SUCCESS, logIndex=1286, commits[529edf8e-8eae-4246-b33f-5e44130d441c:c1287, 79bffca9-b028-4c53-a657-872ed973be73:c1283, 15654dff-55cd-4f70-96d8-4abf0c061563:c1283]
2019-07-09 15:04:22,177 INFO  client.GrpcClientProtocolClient (GrpcClientProtocolClient.java:onNext(255)) - client-A9DCF8B8BD5B->529edf8e-8eae-4246-b33f-5e44130d441c: receive RaftClientReply:client-A9DCF8B8BD5B->529edf8e-8eae-4246-b33f-5e44130d441c@group-A1CD1332DC7D, cid=982, SUCCESS, logIndex=1287, commits[529edf8e-8eae-4246-b33f-5e44130d441c:c1287, 79bffca9-b028-4c53-a657-872ed973be73:c1283, 15654dff-55cd-4f70-96d8-4abf0c061563:c1283]
2019-07-09 15:04:22,178 INFO  client.GrpcClientProtocolClient (GrpcClientProtocolClient.java:onNext(255)) - client-A9DCF8B8BD5B->529edf8e-8eae-4246-b33f-5e44130d441c: receive RaftClientReply:client-A9DCF8B8BD5B->529edf8e-8eae-4246-b33f-5e44130d441c@group-A1CD1332DC7D, cid=983, SUCCESS, logIndex=0, commits[529edf8e-8eae-4246-b33f-5e44130d441c:c1288, 79bffca9-b028-4c53-a657-872ed973be73:c1285, 15654dff-55cd-4f70-96d8-4abf0c061563:c1285]
2019-07-09 15:04:22,202 INFO  client.GrpcClientProtocolClient (GrpcClientProtocolClient.java:onNext(255)) - client-A9DCF8B8BD5B->529edf8e-8eae-4246-b33f-5e44130d441c: receive RaftClientReply:client-A9DCF8B8BD5B->529edf8e-8eae-4246-b33f-5e44130d441c@group-A1CD1332DC7D, cid=984, SUCCESS, logIndex=1292, commits[529edf8e-8eae-4246-b33f-5e44130d441c:c1293, 79bffca9-b028-4c53-a657-872ed973be73:c1288, 15654dff-55cd-4f70-96d8-4abf0c061563:c1287]
2019-07-09 15:04:22,203 INFO  client.GrpcClientProtocolClient (GrpcClientProtocolClient.java:onNext(255)) - client-A9DCF8B8BD5B->529edf8e-8eae-4246-b33f-5e44130d441c: receive RaftClientReply:client-A9DCF8B8BD5B->529edf8e-8eae-4246-b33f-5e44130d441c@group-A1CD1332DC7D, cid=985, SUCCESS, logIndex=1293, commits[529edf8e-8eae-4246-b33f-5e44130d441c:c1293, 79bffca9-b028-4c53-a657-872ed973be73:c1288, 15654dff-55cd-4f70-96d8-4abf0c061563:c1288]
2019-07-09 15:04:22,359 INFO  client.GrpcClientProtocolClient (GrpcClientProtocolClient.java:onNext(255)) - client-A9DCF8B8BD5B->529edf8e-8eae-4246-b33f-5e44130d441c: receive RaftClientReply:client-A9DCF8B8BD5B->529edf8e-8eae-4246-b33f-5e44130d441c@group-A1CD1332DC7D, cid=986, SUCCESS, logIndex=1295, commits[529edf8e-8eae-4246-b33f-5e44130d441c:c1296, 79bffca9-b028-4c53-a657-872ed973be73:c1294, 15654dff-55cd-4f70-96d8-4abf0c061563:c1294]
2019-07-09 15:04:22,360 INFO  client.GrpcClientProtocolClient (GrpcClientProtocolClient.java:onNext(255)) - client-A9DCF8B8BD5B->529edf8e-8eae-4246-b33f-5e44130d441c: receive RaftClientReply:client-A9DCF8B8BD5B->529edf8e-8eae-4246-b33f-5e44130d441c@group-A1CD1332DC7D, cid=987, SUCCESS, logIndex=1296, commits[529edf8e-8eae-4246-b33f-5e44130d441c:c1296, 79bffca9-b028-4c53-a657-872ed973be73:c1294, 15654dff-55cd-4f70-96d8-4abf0c061563:c1294]
2019-07-09 15:04:22,387 INFO  client.GrpcClientProtocolClient (GrpcClientProtocolClient.java:onNext(255)) - client-A9DCF8B8BD5B->529edf8e-8eae-4246-b33f-5e44130d441c: receive RaftClientReply:client-A9DCF8B8BD5B->529edf8e-8eae-4246-b33f-5e44130d441c@group-A1CD1332DC7D, cid=988, SUCCESS, logIndex=0, commits[529edf8e-8eae-4246-b33f-5e44130d441c:c1297, 79bffca9-b028-4c53-a657-872ed973be73:c1296, 15654dff-55cd-4f70-96d8-4abf0c061563:c1296]
2019-07-09 15:04:22,414 INFO  client.GrpcClientProtocolClient (GrpcClientProtocolClient.java:onNext(255)) - client-A9DCF8B8BD5B->529edf8e-8eae-4246-b33f-5e44130d441c: receive RaftClientReply:client-A9DCF8B8BD5B->529edf8e-8eae-4246-b33f-5e44130d441c@group-A1CD1332DC7D, cid=989, SUCCESS, logIndex=1299, commits[529edf8e-8eae-4246-b33f-5e44130d441c:c1300, 79bffca9-b028-4c53-a657-872ed973be73:c1297, 15654dff-55cd-4f70-96d8-4abf0c061563:c1296]
2019-07-09 15:04:22,416 INFO  client.GrpcClientProtocolClient (GrpcClientProtocolClient.java:onNext(255)) - client-A9DCF8B8BD5B->529edf8e-8eae-4246-b33f-5e44130d441c: receive RaftClientReply:client-A9DCF8B8BD5B->529edf8e-8eae-4246-b33f-5e44130d441c@group-A1CD1332DC7D, cid=990, SUCCESS, logIndex=1300, commits[529edf8e-8eae-4246-b33f-5e44130d441c:c1300, 79bffca9-b028-4c53-a657-872ed973be73:c1297, 15654dff-55cd-4f70-96d8-4abf0c061563:c1296]
2019-07-09 15:04:22,417 INFO  client.GrpcClientProtocolClient (GrpcClientProtocolClient.java:onNext(255)) - client-A9DCF8B8BD5B->529edf8e-8eae-4246-b33f-5e44130d441c: receive RaftClientReply:client-A9DCF8B8BD5B->529edf8e-8eae-4246-b33f-5e44130d441c@group-A1CD1332DC7D, cid=991, SUCCESS, logIndex=1301, commits[529edf8e-8eae-4246-b33f-5e44130d441c:c1301, 79bffca9-b028-4c53-a657-872ed973be73:c1297, 15654dff-55cd-4f70-96d8-4abf0c061563:c1297]
2019-07-09 15:04:22,417 INFO  client.GrpcClientProtocolClient (GrpcClientProtocolClient.java:onNext(255)) - client-A9DCF8B8BD5B->529edf8e-8eae-4246-b33f-5e44130d441c: receive RaftClientReply:client-A9DCF8B8BD5B->529edf8e-8eae-4246-b33f-5e44130d441c@group-A1CD1332DC7D, cid=992, SUCCESS, logIndex=1302, commits[529edf8e-8eae-4246-b33f-5e44130d441c:c1302, 79bffca9-b028-4c53-a657-872ed973be73:c1297, 15654dff-55cd-4f70-96d8-4abf0c061563:c1297]
2019-07-09 15:04:22,430 INFO  client.GrpcClientProtocolClient (GrpcClientProtocolClient.java:onNext(255)) - client-A9DCF8B8BD5B->529edf8e-8eae-4246-b33f-5e44130d441c: receive RaftClientReply:client-A9DCF8B8BD5B->529edf8e-8eae-4246-b33f-5e44130d441c@group-A1CD1332DC7D, cid=993, SUCCESS, logIndex=0, commits[529edf8e-8eae-4246-b33f-5e44130d441c:c1306, 79bffca9-b028-4c53-a657-872ed973be73:c1300, 15654dff-55cd-4f70-96d8-4abf0c061563:c1302]
2019-07-09 15:04:22,456 INFO  client.GrpcClientProtocolClient (GrpcClientProtocolClient.java:onNext(255)) - client-A9DCF8B8BD5B->529edf8e-8eae-4246-b33f-5e44130d441c: receive RaftClientReply:client-A9DCF8B8BD5B->529edf8e-8eae-4246-b33f-5e44130d441c@group-A1CD1332DC7D, cid=994, SUCCESS, logIndex=1307, commits[529edf8e-8eae-4246-b33f-5e44130d441c:c1308, 79bffca9-b028-4c53-a657-872ed973be73:c1306, 15654dff-55cd-4f70-96d8-4abf0c061563:c1306]
2019-07-09 15:04:22,456 INFO  client.GrpcClientProtocolClient (GrpcClientProtocolClient.java:onNext(255)) - client-A9DCF8B8BD5B->529edf8e-8eae-4246-b33f-5e44130d441c: receive RaftClientReply:client-A9DCF8B8BD5B->529edf8e-8eae-4246-b33f-5e44130d441c@group-A1CD1332DC7D, cid=995, SUCCESS, logIndex=1308, commits[529edf8e-8eae-4246-b33f-5e44130d441c:c1308, 79bffca9-b028-4c53-a657-872ed973be73:c1306, 15654dff-55cd-4f70-96d8-4abf0c061563:c1306]
2019-07-09 15:04:22,480 INFO  client.GrpcClientProtocolClient (GrpcClientProtocolClient.java:onNext(255)) - client-A9DCF8B8BD5B->529edf8e-8eae-4246-b33f-5e44130d441c: receive RaftClientReply:client-A9DCF8B8BD5B->529edf8e-8eae-4246-b33f-5e44130d441c@group-A1CD1332DC7D, cid=996, SUCCESS, logIndex=1311, commits[529edf8e-8eae-4246-b33f-5e44130d441c:c1312, 79bffca9-b028-4c53-a657-872ed973be73:c1308, 15654dff-55cd-4f70-96d8-4abf0c061563:c1308]
2019-07-09 15:04:22,481 INFO  client.GrpcClientProtocolClient (GrpcClientProtocolClient.java:onNext(255)) - client-A9DCF8B8BD5B->529edf8e-8eae-4246-b33f-5e44130d441c: receive RaftClientReply:client-A9DCF8B8BD5B->529edf8e-8eae-4246-b33f-5e44130d441c@group-A1CD1332DC7D, cid=997, SUCCESS, logIndex=1312, commits[529edf8e-8eae-4246-b33f-5e44130d441c:c1312, 79bffca9-b028-4c53-a657-872ed973be73:c1308, 15654dff-55cd-4f70-96d8-4abf0c061563:c1308]
2019-07-09 15:04:22,493 INFO  client.GrpcClientProtocolClient (GrpcClientProtocolClient.java:onNext(255)) - client-A9DCF8B8BD5B->529edf8e-8eae-4246-b33f-5e44130d441c: receive RaftClientReply:client-A9DCF8B8BD5B->529edf8e-8eae-4246-b33f-5e44130d441c@group-A1CD1332DC7D, cid=998, SUCCESS, logIndex=0, commits[529edf8e-8eae-4246-b33f-5e44130d441c:c1313, 79bffca9-b028-4c53-a657-872ed973be73:c1312, 15654dff-55cd-4f70-96d8-4abf0c061563:c1312]
2019-07-09 15:04:22,515 INFO  client.GrpcClientProtocolClient (GrpcClientProtocolClient.java:onNext(255)) - client-A9DCF8B8BD5B->529edf8e-8eae-4246-b33f-5e44130d441c: receive RaftClientReply:client-A9DCF8B8BD5B->529edf8e-8eae-4246-b33f-5e44130d441c@group-A1CD1332DC7D, cid=999, SUCCESS, logIndex=1315, commits[529edf8e-8eae-4246-b33f-5e44130d441c:c1317, 79bffca9-b028-4c53-a657-872ed973be73:c1314, 15654dff-55cd-4f70-96d8-4abf0c061563:c1314]
2019-07-09 15:04:22,515 INFO  client.GrpcClientProtocolClient (GrpcClientProtocolClient.java:onNext(255)) - client-A9DCF8B8BD5B->529edf8e-8eae-4246-b33f-5e44130d441c: receive RaftClientReply:client-A9DCF8B8BD5B->529edf8e-8eae-4246-b33f-5e44130d441c@group-A1CD1332DC7D, cid=1000, SUCCESS, logIndex=1316, commits[529edf8e-8eae-4246-b33f-5e44130d441c:c1318, 79bffca9-b028-4c53-a657-872ed973be73:c1314, 15654dff-55cd-4f70-96d8-4abf0c061563:c1314]
2019-07-09 15:04:22,516 INFO  client.GrpcClientProtocolClient (GrpcClientProtocolClient.java:onNext(255)) - client-A9DCF8B8BD5B->529edf8e-8eae-4246-b33f-5e44130d441c: receive RaftClientReply:client-A9DCF8B8BD5B->529edf8e-8eae-4246-b33f-5e44130d441c@group-A1CD1332DC7D, cid=1001, SUCCESS, logIndex=1317, commits[529edf8e-8eae-4246-b33f-5e44130d441c:c1318, 79bffca9-b028-4c53-a657-872ed973be73:c1314, 15654dff-55cd-4f70-96d8-4abf0c061563:c1314]
2019-07-09 15:04:22,516 INFO  client.GrpcClientProtocolClient (GrpcClientProtocolClient.java:onNext(255)) - client-A9DCF8B8BD5B->529edf8e-8eae-4246-b33f-5e44130d441c: receive RaftClientReply:client-A9DCF8B8BD5B->529edf8e-8eae-4246-b33f-5e44130d441c@group-A1CD1332DC7D, cid=1002, SUCCESS, logIndex=1318, commits[529edf8e-8eae-4246-b33f-5e44130d441c:c1319, 79bffca9-b028-4c53-a657-872ed973be73:c1315, 15654dff-55cd-4f70-96d8-4abf0c061563:c1314]
2019-07-09 15:04:22,529 INFO  client.GrpcClientProtocolClient (GrpcClientProtocolClient.java:onNext(255)) - client-A9DCF8B8BD5B->529edf8e-8eae-4246-b33f-5e44130d441c: receive RaftClientReply:client-A9DCF8B8BD5B->529edf8e-8eae-4246-b33f-5e44130d441c@group-A1CD1332DC7D, cid=1003, SUCCESS, logIndex=0, commits[529edf8e-8eae-4246-b33f-5e44130d441c:c1320, 79bffca9-b028-4c53-a657-872ed973be73:c1316, 15654dff-55cd-4f70-96d8-4abf0c061563:c1316]
2019-07-09 15:04:22,551 INFO  client.GrpcClientProtocolClient (GrpcClientProtocolClient.java:onNext(255)) - client-A9DCF8B8BD5B->529edf8e-8eae-4246-b33f-5e44130d441c: receive RaftClientReply:client-A9DCF8B8BD5B->529edf8e-8eae-4246-b33f-5e44130d441c@group-A1CD1332DC7D, cid=1004, SUCCESS, logIndex=1323, commits[529edf8e-8eae-4246-b33f-5e44130d441c:c1324, 79bffca9-b028-4c53-a657-872ed973be73:c1322, 15654dff-55cd-4f70-96d8-4abf0c061563:c1322]
2019-07-09 15:04:22,552 INFO  client.GrpcClientProtocolClient (GrpcClientProtocolClient.java:onNext(255)) - client-A9DCF8B8BD5B->529edf8e-8eae-4246-b33f-5e44130d441c: receive RaftClientReply:client-A9DCF8B8BD5B->529edf8e-8eae-4246-b33f-5e44130d441c@group-A1CD1332DC7D, cid=1005, SUCCESS, logIndex=1324, commits[529edf8e-8eae-4246-b33f-5e44130d441c:c1324, 79bffca9-b028-4c53-a657-872ed973be73:c1322, 15654dff-55cd-4f70-96d8-4abf0c061563:c1322]
2019-07-09 15:04:22,566 INFO  client.GrpcClientProtocolClient (GrpcClientProtocolClient.java:onNext(255)) - client-A9DCF8B8BD5B->529edf8e-8eae-4246-b33f-5e44130d441c: receive RaftClientReply:client-A9DCF8B8BD5B->529edf8e-8eae-4246-b33f-5e44130d441c@group-A1CD1332DC7D, cid=1006, SUCCESS, logIndex=1327, commits[529edf8e-8eae-4246-b33f-5e44130d441c:c1328, 79bffca9-b028-4c53-a657-872ed973be73:c1326, 15654dff-55cd-4f70-96d8-4abf0c061563:c1326]
2019-07-09 15:04:22,567 INFO  client.GrpcClientProtocolClient (GrpcClientProtocolClient.java:onNext(255)) - client-A9DCF8B8BD5B->529edf8e-8eae-4246-b33f-5e44130d441c: receive RaftClientReply:client-A9DCF8B8BD5B->529edf8e-8eae-4246-b33f-5e44130d441c@group-A1CD1332DC7D, cid=1007, SUCCESS, logIndex=1328, commits[529edf8e-8eae-4246-b33f-5e44130d441c:c1328, 79bffca9-b028-4c53-a657-872ed973be73:c1326, 15654dff-55cd-4f70-96d8-4abf0c061563:c1326]
2019-07-09 15:04:22,569 INFO  client.GrpcClientProtocolClient (GrpcClientProtocolClient.java:onNext(255)) - client-A9DCF8B8BD5B->529edf8e-8eae-4246-b33f-5e44130d441c: receive RaftClientReply:client-A9DCF8B8BD5B->529edf8e-8eae-4246-b33f-5e44130d441c@group-A1CD1332DC7D, cid=1008, SUCCESS, logIndex=0, commits[529edf8e-8eae-4246-b33f-5e44130d441c:c1329, 79bffca9-b028-4c53-a657-872ed973be73:c1328, 15654dff-55cd-4f70-96d8-4abf0c061563:c1328]
2019-07-09 15:04:22,585 INFO  client.GrpcClientProtocolClient (GrpcClientProtocolClient.java:onNext(255)) - client-A9DCF8B8BD5B->529edf8e-8eae-4246-b33f-5e44130d441c: receive RaftClientReply:client-A9DCF8B8BD5B->529edf8e-8eae-4246-b33f-5e44130d441c@group-A1CD1332DC7D, cid=1009, SUCCESS, logIndex=1331, commits[529edf8e-8eae-4246-b33f-5e44130d441c:c1334, 79bffca9-b028-4c53-a657-872ed973be73:c1330, 15654dff-55cd-4f70-96d8-4abf0c061563:c1330]
2019-07-09 15:04:22,585 INFO  client.GrpcClientProtocolClient (GrpcClientProtocolClient.java:onNext(255)) - client-A9DCF8B8BD5B->529edf8e-8eae-4246-b33f-5e44130d441c: receive RaftClientReply:client-A9DCF8B8BD5B->529edf8e-8eae-4246-b33f-5e44130d441c@group-A1CD1332DC7D, cid=1010, SUCCESS, logIndex=1332, commits[529edf8e-8eae-4246-b33f-5e44130d441c:c1334, 79bffca9-b028-4c53-a657-872ed973be73:c1330, 15654dff-55cd-4f70-96d8-4abf0c061563:c1330]
2019-07-09 15:04:22,586 INFO  client.GrpcClientProtocolClient (GrpcClientProtocolClient.java:onNext(255)) - client-A9DCF8B8BD5B->529edf8e-8eae-4246-b33f-5e44130d441c: receive RaftClientReply:client-A9DCF8B8BD5B->529edf8e-8eae-4246-b33f-5e44130d441c@group-A1CD1332DC7D, cid=1011, SUCCESS, logIndex=1333, commits[529edf8e-8eae-4246-b33f-5e44130d441c:c1334, 79bffca9-b028-4c53-a657-872ed973be73:c1330, 15654dff-55cd-4f70-96d8-4abf0c061563:c1330]
2019-07-09 15:04:22,586 INFO  client.GrpcClientProtocolClient (GrpcClientProtocolClient.java:onNext(255)) - client-A9DCF8B8BD5B->529edf8e-8eae-4246-b33f-5e44130d441c: receive RaftClientReply:client-A9DCF8B8BD5B->529edf8e-8eae-4246-b33f-5e44130d441c@group-A1CD1332DC7D, cid=1012, SUCCESS, logIndex=1334, commits[529edf8e-8eae-4246-b33f-5e44130d441c:c1334, 79bffca9-b028-4c53-a657-872ed973be73:c1330, 15654dff-55cd-4f70-96d8-4abf0c061563:c1330]
2019-07-09 15:04:22,588 INFO  client.GrpcClientProtocolClient (GrpcClientProtocolClient.java:onNext(255)) - client-A9DCF8B8BD5B->529edf8e-8eae-4246-b33f-5e44130d441c: receive RaftClientReply:client-A9DCF8B8BD5B->529edf8e-8eae-4246-b33f-5e44130d441c@group-A1CD1332DC7D, cid=1013, SUCCESS, logIndex=0, commits[529edf8e-8eae-4246-b33f-5e44130d441c:c1335, 79bffca9-b028-4c53-a657-872ed973be73:c1332, 15654dff-55cd-4f70-96d8-4abf0c061563:c1332]
2019-07-09 15:04:22,600 INFO  client.GrpcClientProtocolClient (GrpcClientProtocolClient.java:onNext(255)) - client-A9DCF8B8BD5B->529edf8e-8eae-4246-b33f-5e44130d441c: receive RaftClientReply:client-A9DCF8B8BD5B->529edf8e-8eae-4246-b33f-5e44130d441c@group-A1CD1332DC7D, cid=1014, SUCCESS, logIndex=1339, commits[529edf8e-8eae-4246-b33f-5e44130d441c:c1340, 79bffca9-b028-4c53-a657-872ed973be73:c1334, 15654dff-55cd-4f70-96d8-4abf0c061563:c1338]
2019-07-09 15:04:22,601 INFO  client.GrpcClientProtocolClient (GrpcClientProtocolClient.java:onNext(255)) - client-A9DCF8B8BD5B->529edf8e-8eae-4246-b33f-5e44130d441c: receive RaftClientReply:client-A9DCF8B8BD5B->529edf8e-8eae-4246-b33f-5e44130d441c@group-A1CD1332DC7D, cid=1015, SUCCESS, logIndex=1340, commits[529edf8e-8eae-4246-b33f-5e44130d441c:c1340, 79bffca9-b028-4c53-a657-872ed973be73:c1338, 15654dff-55cd-4f70-96d8-4abf0c061563:c1338]
2019-07-09 15:04:22,613 INFO  client.GrpcClientProtocolClient (GrpcClientProtocolClient.java:onNext(255)) - client-A9DCF8B8BD5B->529edf8e-8eae-4246-b33f-5e44130d441c: receive RaftClientReply:client-A9DCF8B8BD5B->529edf8e-8eae-4246-b33f-5e44130d441c@group-A1CD1332DC7D, cid=1016, SUCCESS, logIndex=1343, commits[529edf8e-8eae-4246-b33f-5e44130d441c:c1344, 79bffca9-b028-4c53-a657-872ed973be73:c1340, 15654dff-55cd-4f70-96d8-4abf0c061563:c1342]
2019-07-09 15:04:22,613 INFO  client.GrpcClientProtocolClient (GrpcClientProtocolClient.java:onNext(255)) - client-A9DCF8B8BD5B->529edf8e-8eae-4246-b33f-5e44130d441c: receive RaftClientReply:client-A9DCF8B8BD5B->529edf8e-8eae-4246-b33f-5e44130d441c@group-A1CD1332DC7D, cid=1017, SUCCESS, logIndex=1344, commits[529edf8e-8eae-4246-b33f-5e44130d441c:c1344, 79bffca9-b028-4c53-a657-872ed973be73:c1342, 15654dff-55cd-4f70-96d8-4abf0c061563:c1342]
2019-07-09 15:04:22,615 INFO  client.GrpcClientProtocolClient (GrpcClientProtocolClient.java:onNext(255)) - client-A9DCF8B8BD5B->529edf8e-8eae-4246-b33f-5e44130d441c: receive RaftClientReply:client-A9DCF8B8BD5B->529edf8e-8eae-4246-b33f-5e44130d441c@group-A1CD1332DC7D, cid=1018, SUCCESS, logIndex=0, commits[529edf8e-8eae-4246-b33f-5e44130d441c:c1344, 79bffca9-b028-4c53-a657-872ed973be73:c1344, 15654dff-55cd-4f70-96d8-4abf0c061563:c1344]
2019-07-09 15:04:22,675 INFO  client.GrpcClientProtocolClient (GrpcClientProtocolClient.java:onNext(255)) - client-A9DCF8B8BD5B->529edf8e-8eae-4246-b33f-5e44130d441c: receive RaftClientReply:client-A9DCF8B8BD5B->529edf8e-8eae-4246-b33f-5e44130d441c@group-A1CD1332DC7D, cid=1019, SUCCESS, logIndex=1347, commits[529edf8e-8eae-4246-b33f-5e44130d441c:c1350, 79bffca9-b028-4c53-a657-872ed973be73:c1346, 15654dff-55cd-4f70-96d8-4abf0c061563:c1346]
2019-07-09 15:04:22,676 INFO  client.GrpcClientProtocolClient (GrpcClientProtocolClient.java:onNext(255)) - client-A9DCF8B8BD5B->529edf8e-8eae-4246-b33f-5e44130d441c: receive RaftClientReply:client-A9DCF8B8BD5B->529edf8e-8eae-4246-b33f-5e44130d441c@group-A1CD1332DC7D, cid=1020, SUCCESS, logIndex=1348, commits[529edf8e-8eae-4246-b33f-5e44130d441c:c1350, 79bffca9-b028-4c53-a657-872ed973be73:c1346, 15654dff-55cd-4f70-96d8-4abf0c061563:c1346]
2019-07-09 15:04:22,676 INFO  client.GrpcClientProtocolClient (GrpcClientProtocolClient.java:onNext(255)) - client-A9DCF8B8BD5B->529edf8e-8eae-4246-b33f-5e44130d441c: receive RaftClientReply:client-A9DCF8B8BD5B->529edf8e-8eae-4246-b33f-5e44130d441c@group-A1CD1332DC7D, cid=1021, SUCCESS, logIndex=1349, commits[529edf8e-8eae-4246-b33f-5e44130d441c:c1350, 79bffca9-b028-4c53-a657-872ed973be73:c1346, 15654dff-55cd-4f70-96d8-4abf0c061563:c1346]
2019-07-09 15:04:22,677 INFO  client.GrpcClientProtocolClient (GrpcClientProtocolClient.java:onNext(255)) - client-A9DCF8B8BD5B->529edf8e-8eae-4246-b33f-5e44130d441c: receive RaftClientReply:client-A9DCF8B8BD5B->529edf8e-8eae-4246-b33f-5e44130d441c@group-A1CD1332DC7D, cid=1022, SUCCESS, logIndex=1350, commits[529edf8e-8eae-4246-b33f-5e44130d441c:c1350, 79bffca9-b028-4c53-a657-872ed973be73:c1346, 15654dff-55cd-4f70-96d8-4abf0c061563:c1346]
2019-07-09 15:04:22,709 INFO  client.GrpcClientProtocolClient (GrpcClientProtocolClient.java:onNext(255)) - client-A9DCF8B8BD5B->529edf8e-8eae-4246-b33f-5e44130d441c: receive RaftClientReply:client-A9DCF8B8BD5B->529edf8e-8eae-4246-b33f-5e44130d441c@group-A1CD1332DC7D, cid=1023, SUCCESS, logIndex=0, commits[529edf8e-8eae-4246-b33f-5e44130d441c:c1351, 79bffca9-b028-4c53-a657-872ed973be73:c1349, 15654dff-55cd-4f70-96d8-4abf0c061563:c1349]
2019-07-09 15:04:22,734 INFO  client.GrpcClientProtocolClient (GrpcClientProtocolClient.java:onNext(255)) - client-A9DCF8B8BD5B->529edf8e-8eae-4246-b33f-5e44130d441c: receive RaftClientReply:client-A9DCF8B8BD5B->529edf8e-8eae-4246-b33f-5e44130d441c@group-A1CD1332DC7D, cid=1024, SUCCESS, logIndex=1354, commits[529edf8e-8eae-4246-b33f-5e44130d441c:c1355, 79bffca9-b028-4c53-a657-872ed973be73:c1353, 15654dff-55cd-4f70-96d8-4abf0c061563:c1353]
2019-07-09 15:04:22,734 INFO  client.GrpcClientProtocolClient (GrpcClientProtocolClient.java:onNext(255)) - client-A9DCF8B8BD5B->529edf8e-8eae-4246-b33f-5e44130d441c: receive RaftClientReply:client-A9DCF8B8BD5B->529edf8e-8eae-4246-b33f-5e44130d441c@group-A1CD1332DC7D, cid=1025, SUCCESS, logIndex=1355, commits[529edf8e-8eae-4246-b33f-5e44130d441c:c1355, 79bffca9-b028-4c53-a657-872ed973be73:c1353, 15654dff-55cd-4f70-96d8-4abf0c061563:c1353]
2019-07-09 15:04:22,759 INFO  client.GrpcClientProtocolClient (GrpcClientProtocolClient.java:onNext(255)) - client-A9DCF8B8BD5B->529edf8e-8eae-4246-b33f-5e44130d441c: receive RaftClientReply:client-A9DCF8B8BD5B->529edf8e-8eae-4246-b33f-5e44130d441c@group-A1CD1332DC7D, cid=1026, SUCCESS, logIndex=1358, commits[529edf8e-8eae-4246-b33f-5e44130d441c:c1359, 79bffca9-b028-4c53-a657-872ed973be73:c1355, 15654dff-55cd-4f70-96d8-4abf0c061563:c1354]
2019-07-09 15:04:22,759 INFO  client.GrpcClientProtocolClient (GrpcClientProtocolClient.java:onNext(255)) - client-A9DCF8B8BD5B->529edf8e-8eae-4246-b33f-5e44130d441c: receive RaftClientReply:client-A9DCF8B8BD5B->529edf8e-8eae-4246-b33f-5e44130d441c@group-A1CD1332DC7D, cid=1027, SUCCESS, logIndex=1359, commits[529edf8e-8eae-4246-b33f-5e44130d441c:c1359, 79bffca9-b028-4c53-a657-872ed973be73:c1355, 15654dff-55cd-4f70-96d8-4abf0c061563:c1355]
2019-07-09 15:04:22,771 INFO  client.GrpcClientProtocolClient (GrpcClientProtocolClient.java:onNext(255)) - client-A9DCF8B8BD5B->529edf8e-8eae-4246-b33f-5e44130d441c: receive RaftClientReply:client-A9DCF8B8BD5B->529edf8e-8eae-4246-b33f-5e44130d441c@group-A1CD1332DC7D, cid=1028, SUCCESS, logIndex=0, commits[529edf8e-8eae-4246-b33f-5e44130d441c:c1360, 79bffca9-b028-4c53-a657-872ed973be73:c1359, 15654dff-55cd-4f70-96d8-4abf0c061563:c1359]
2019-07-09 15:04:22,794 INFO  client.GrpcClientProtocolClient (GrpcClientProtocolClient.java:onNext(255)) - client-A9DCF8B8BD5B->529edf8e-8eae-4246-b33f-5e44130d441c: receive RaftClientReply:client-A9DCF8B8BD5B->529edf8e-8eae-4246-b33f-5e44130d441c@group-A1CD1332DC7D, cid=1029, SUCCESS, logIndex=1362, commits[529edf8e-8eae-4246-b33f-5e44130d441c:c1363, 79bffca9-b028-4c53-a657-872ed973be73:c1361, 15654dff-55cd-4f70-96d8-4abf0c061563:c1361]
2019-07-09 15:04:22,795 INFO  client.GrpcClientProtocolClient (GrpcClientProtocolClient.java:onNext(255)) - client-A9DCF8B8BD5B->529edf8e-8eae-4246-b33f-5e44130d441c: receive RaftClientReply:client-A9DCF8B8BD5B->529edf8e-8eae-4246-b33f-5e44130d441c@group-A1CD1332DC7D, cid=1030, SUCCESS, logIndex=1363, commits[529edf8e-8eae-4246-b33f-5e44130d441c:c1365, 79bffca9-b028-4c53-a657-872ed973be73:c1361, 15654dff-55cd-4f70-96d8-4abf0c061563:c1361]
2019-07-09 15:04:22,795 INFO  client.GrpcClientProtocolClient (GrpcClientProtocolClient.java:onNext(255)) - client-A9DCF8B8BD5B->529edf8e-8eae-4246-b33f-5e44130d441c: receive RaftClientReply:client-A9DCF8B8BD5B->529edf8e-8eae-4246-b33f-5e44130d441c@group-A1CD1332DC7D, cid=1031, SUCCESS, logIndex=1364, commits[529edf8e-8eae-4246-b33f-5e44130d441c:c1365, 79bffca9-b028-4c53-a657-872ed973be73:c1361, 15654dff-55cd-4f70-96d8-4abf0c061563:c1361]
2019-07-09 15:04:22,795 INFO  client.GrpcClientProtocolClient (GrpcClientProtocolClient.java:onNext(255)) - client-A9DCF8B8BD5B->529edf8e-8eae-4246-b33f-5e44130d441c: receive RaftClientReply:client-A9DCF8B8BD5B->529edf8e-8eae-4246-b33f-5e44130d441c@group-A1CD1332DC7D, cid=1032, SUCCESS, logIndex=1365, commits[529edf8e-8eae-4246-b33f-5e44130d441c:c1365, 79bffca9-b028-4c53-a657-872ed973be73:c1361, 15654dff-55cd-4f70-96d8-4abf0c061563:c1361]
2019-07-09 15:04:22,811 INFO  client.GrpcClientProtocolClient (GrpcClientProtocolClient.java:onNext(255)) - client-A9DCF8B8BD5B->529edf8e-8eae-4246-b33f-5e44130d441c: receive RaftClientReply:client-A9DCF8B8BD5B->529edf8e-8eae-4246-b33f-5e44130d441c@group-A1CD1332DC7D, cid=1033, SUCCESS, logIndex=0, commits[529edf8e-8eae-4246-b33f-5e44130d441c:c1368, 79bffca9-b028-4c53-a657-872ed973be73:c1365, 15654dff-55cd-4f70-96d8-4abf0c061563:c1363]
2019-07-09 15:04:22,833 INFO  client.GrpcClientProtocolClient (GrpcClientProtocolClient.java:onNext(255)) - client-A9DCF8B8BD5B->529edf8e-8eae-4246-b33f-5e44130d441c: receive RaftClientReply:client-A9DCF8B8BD5B->529edf8e-8eae-4246-b33f-5e44130d441c@group-A1CD1332DC7D, cid=1034, SUCCESS, logIndex=1370, commits[529edf8e-8eae-4246-b33f-5e44130d441c:c1371, 79bffca9-b028-4c53-a657-872ed973be73:c1369, 15654dff-55cd-4f70-96d8-4abf0c061563:c1369]
2019-07-09 15:04:22,833 INFO  client.GrpcClientProtocolClient (GrpcClientProtocolClient.java:onNext(255)) - client-A9DCF8B8BD5B->529edf8e-8eae-4246-b33f-5e44130d441c: receive RaftClientReply:client-A9DCF8B8BD5B->529edf8e-8eae-4246-b33f-5e44130d441c@group-A1CD1332DC7D, cid=1035, SUCCESS, logIndex=1371, commits[529edf8e-8eae-4246-b33f-5e44130d441c:c1371, 79bffca9-b028-4c53-a657-872ed973be73:c1369, 15654dff-55cd-4f70-96d8-4abf0c061563:c1369]
 0.00% |█                                                                                                    |  0/1 Time: 0:00:052019-07-09 15:04:22,857 INFO  client.GrpcClientProtocolClient (GrpcClientProtocolClient.java:onNext(255)) - client-A9DCF8B8BD5B->529edf8e-8eae-4246-b33f-5e44130d441c: receive RaftClientReply:client-A9DCF8B8BD5B->529edf8e-8eae-4246-b33f-5e44130d441c@group-A1CD1332DC7D, cid=1036, SUCCESS, logIndex=1374, commits[529edf8e-8eae-4246-b33f-5e44130d441c:c1375, 79bffca9-b028-4c53-a657-872ed973be73:c1371, 15654dff-55cd-4f70-96d8-4abf0c061563:c1371]
2019-07-09 15:04:22,857 INFO  client.GrpcClientProtocolClient (GrpcClientProtocolClient.java:onNext(255)) - client-A9DCF8B8BD5B->529edf8e-8eae-4246-b33f-5e44130d441c: receive RaftClientReply:client-A9DCF8B8BD5B->529edf8e-8eae-4246-b33f-5e44130d441c@group-A1CD1332DC7D, cid=1037, SUCCESS, logIndex=1375, commits[529edf8e-8eae-4246-b33f-5e44130d441c:c1375, 79bffca9-b028-4c53-a657-872ed973be73:c1371, 15654dff-55cd-4f70-96d8-4abf0c061563:c1371]
2019-07-09 15:04:22,871 INFO  client.GrpcClientProtocolClient (GrpcClientProtocolClient.java:onNext(255)) - client-A9DCF8B8BD5B->529edf8e-8eae-4246-b33f-5e44130d441c: receive RaftClientReply:client-A9DCF8B8BD5B->529edf8e-8eae-4246-b33f-5e44130d441c@group-A1CD1332DC7D, cid=1038, SUCCESS, logIndex=0, commits[529edf8e-8eae-4246-b33f-5e44130d441c:c1377, 79bffca9-b028-4c53-a657-872ed973be73:c1375, 15654dff-55cd-4f70-96d8-4abf0c061563:c1375]
2019-07-09 15:04:22,894 INFO  client.GrpcClientProtocolClient (GrpcClientProtocolClient.java:onNext(255)) - client-A9DCF8B8BD5B->529edf8e-8eae-4246-b33f-5e44130d441c: receive RaftClientReply:client-A9DCF8B8BD5B->529edf8e-8eae-4246-b33f-5e44130d441c@group-A1CD1332DC7D, cid=1039, SUCCESS, logIndex=1378, commits[529edf8e-8eae-4246-b33f-5e44130d441c:c1378, 79bffca9-b028-4c53-a657-872ed973be73:c1377, 15654dff-55cd-4f70-96d8-4abf0c061563:c1375]
2019-07-09 15:04:22,895 INFO  client.GrpcClientProtocolClient (GrpcClientProtocolClient.java:onNext(255)) - client-A9DCF8B8BD5B->529edf8e-8eae-4246-b33f-5e44130d441c: receive RaftClientReply:client-A9DCF8B8BD5B->529edf8e-8eae-4246-b33f-5e44130d441c@group-A1CD1332DC7D, cid=1040, SUCCESS, logIndex=1379, commits[529edf8e-8eae-4246-b33f-5e44130d441c:c1379, 79bffca9-b028-4c53-a657-872ed973be73:c1377, 15654dff-55cd-4f70-96d8-4abf0c061563:c1377]
2019-07-09 15:04:22,897 INFO  client.GrpcClientProtocolClient (GrpcClientProtocolClient.java:onNext(255)) - client-A9DCF8B8BD5B->529edf8e-8eae-4246-b33f-5e44130d441c: receive RaftClientReply:client-A9DCF8B8BD5B->529edf8e-8eae-4246-b33f-5e44130d441c@group-A1CD1332DC7D, cid=1041, SUCCESS, logIndex=1380, commits[529edf8e-8eae-4246-b33f-5e44130d441c:c1381, 79bffca9-b028-4c53-a657-872ed973be73:c1377, 15654dff-55cd-4f70-96d8-4abf0c061563:c1377]
2019-07-09 15:04:22,898 INFO  client.GrpcClientProtocolClient (GrpcClientProtocolClient.java:onNext(255)) - client-A9DCF8B8BD5B->529edf8e-8eae-4246-b33f-5e44130d441c: receive RaftClientReply:client-A9DCF8B8BD5B->529edf8e-8eae-4246-b33f-5e44130d441c@group-A1CD1332DC7D, cid=1042, SUCCESS, logIndex=1381, commits[529edf8e-8eae-4246-b33f-5e44130d441c:c1381, 79bffca9-b028-4c53-a657-872ed973be73:c1377, 15654dff-55cd-4f70-96d8-4abf0c061563:c1377]
2019-07-09 15:04:22,908 INFO  client.GrpcClientProtocolClient (GrpcClientProtocolClient.java:onNext(255)) - client-A9DCF8B8BD5B->529edf8e-8eae-4246-b33f-5e44130d441c: receive RaftClientReply:client-A9DCF8B8BD5B->529edf8e-8eae-4246-b33f-5e44130d441c@group-A1CD1332DC7D, cid=1043, SUCCESS, logIndex=0, commits[529edf8e-8eae-4246-b33f-5e44130d441c:c1383, 79bffca9-b028-4c53-a657-872ed973be73:c1379, 15654dff-55cd-4f70-96d8-4abf0c061563:c1379]
2019-07-09 15:04:22,933 INFO  client.GrpcClientProtocolClient (GrpcClientProtocolClient.java:onNext(255)) - client-A9DCF8B8BD5B->529edf8e-8eae-4246-b33f-5e44130d441c: receive RaftClientReply:client-A9DCF8B8BD5B->529edf8e-8eae-4246-b33f-5e44130d441c@group-A1CD1332DC7D, cid=1044, SUCCESS, logIndex=1386, commits[529edf8e-8eae-4246-b33f-5e44130d441c:c1387, 79bffca9-b028-4c53-a657-872ed973be73:c1385, 15654dff-55cd-4f70-96d8-4abf0c061563:c1385]
2019-07-09 15:04:22,933 INFO  client.GrpcClientProtocolClient (GrpcClientProtocolClient.java:onNext(255)) - client-A9DCF8B8BD5B->529edf8e-8eae-4246-b33f-5e44130d441c: receive RaftClientReply:client-A9DCF8B8BD5B->529edf8e-8eae-4246-b33f-5e44130d441c@group-A1CD1332DC7D, cid=1045, SUCCESS, logIndex=1387, commits[529edf8e-8eae-4246-b33f-5e44130d441c:c1387, 79bffca9-b028-4c53-a657-872ed973be73:c1385, 15654dff-55cd-4f70-96d8-4abf0c061563:c1385]
2019-07-09 15:04:22,965 INFO  client.GrpcClientProtocolClient (GrpcClientProtocolClient.java:onNext(255)) - client-A9DCF8B8BD5B->529edf8e-8eae-4246-b33f-5e44130d441c: receive RaftClientReply:client-A9DCF8B8BD5B->529edf8e-8eae-4246-b33f-5e44130d441c@group-A1CD1332DC7D, cid=1046, SUCCESS, logIndex=1390, commits[529edf8e-8eae-4246-b33f-5e44130d441c:c1391, 79bffca9-b028-4c53-a657-872ed973be73:c1387, 15654dff-55cd-4f70-96d8-4abf0c061563:c1387]
2019-07-09 15:04:22,966 INFO  client.GrpcClientProtocolClient (GrpcClientProtocolClient.java:onNext(255)) - client-A9DCF8B8BD5B->529edf8e-8eae-4246-b33f-5e44130d441c: receive RaftClientReply:client-A9DCF8B8BD5B->529edf8e-8eae-4246-b33f-5e44130d441c@group-A1CD1332DC7D, cid=1047, SUCCESS, logIndex=1391, commits[529edf8e-8eae-4246-b33f-5e44130d441c:c1391, 79bffca9-b028-4c53-a657-872ed973be73:c1387, 15654dff-55cd-4f70-96d8-4abf0c061563:c1387]
2019-07-09 15:04:22,979 INFO  client.GrpcClientProtocolClient (GrpcClientProtocolClient.java:onNext(255)) - client-A9DCF8B8BD5B->529edf8e-8eae-4246-b33f-5e44130d441c: receive RaftClientReply:client-A9DCF8B8BD5B->529edf8e-8eae-4246-b33f-5e44130d441c@group-A1CD1332DC7D, cid=1048, SUCCESS, logIndex=0, commits[529edf8e-8eae-4246-b33f-5e44130d441c:c1392, 79bffca9-b028-4c53-a657-872ed973be73:c1391, 15654dff-55cd-4f70-96d8-4abf0c061563:c1391]
2019-07-09 15:04:23,000 INFO  client.GrpcClientProtocolClient (GrpcClientProtocolClient.java:onNext(255)) - client-A9DCF8B8BD5B->529edf8e-8eae-4246-b33f-5e44130d441c: receive RaftClientReply:client-A9DCF8B8BD5B->529edf8e-8eae-4246-b33f-5e44130d441c@group-A1CD1332DC7D, cid=1049, SUCCESS, logIndex=1394, commits[529edf8e-8eae-4246-b33f-5e44130d441c:c1395, 79bffca9-b028-4c53-a657-872ed973be73:c1393, 15654dff-55cd-4f70-96d8-4abf0c061563:c1393]
2019-07-09 15:04:23,001 INFO  client.GrpcClientProtocolClient (GrpcClientProtocolClient.java:onNext(255)) - client-A9DCF8B8BD5B->529edf8e-8eae-4246-b33f-5e44130d441c: receive RaftClientReply:client-A9DCF8B8BD5B->529edf8e-8eae-4246-b33f-5e44130d441c@group-A1CD1332DC7D, cid=1050, SUCCESS, logIndex=1395, commits[529edf8e-8eae-4246-b33f-5e44130d441c:c1397, 79bffca9-b028-4c53-a657-872ed973be73:c1393, 15654dff-55cd-4f70-96d8-4abf0c061563:c1393]
2019-07-09 15:04:23,001 INFO  client.GrpcClientProtocolClient (GrpcClientProtocolClient.java:onNext(255)) - client-A9DCF8B8BD5B->529edf8e-8eae-4246-b33f-5e44130d441c: receive RaftClientReply:client-A9DCF8B8BD5B->529edf8e-8eae-4246-b33f-5e44130d441c@group-A1CD1332DC7D, cid=1051, SUCCESS, logIndex=1396, commits[529edf8e-8eae-4246-b33f-5e44130d441c:c1398, 79bffca9-b028-4c53-a657-872ed973be73:c1394, 15654dff-55cd-4f70-96d8-4abf0c061563:c1393]
2019-07-09 15:04:23,001 INFO  client.GrpcClientProtocolClient (GrpcClientProtocolClient.java:onNext(255)) - client-A9DCF8B8BD5B->529edf8e-8eae-4246-b33f-5e44130d441c: receive RaftClientReply:client-A9DCF8B8BD5B->529edf8e-8eae-4246-b33f-5e44130d441c@group-A1CD1332DC7D, cid=1052, SUCCESS, logIndex=1397, commits[529edf8e-8eae-4246-b33f-5e44130d441c:c1398, 79bffca9-b028-4c53-a657-872ed973be73:c1394, 15654dff-55cd-4f70-96d8-4abf0c061563:c1394]
2019-07-09 15:04:23,014 INFO  client.GrpcClientProtocolClient (GrpcClientProtocolClient.java:onNext(255)) - client-A9DCF8B8BD5B->529edf8e-8eae-4246-b33f-5e44130d441c: receive RaftClientReply:client-A9DCF8B8BD5B->529edf8e-8eae-4246-b33f-5e44130d441c@group-A1CD1332DC7D, cid=1053, SUCCESS, logIndex=0, commits[529edf8e-8eae-4246-b33f-5e44130d441c:c1400, 79bffca9-b028-4c53-a657-872ed973be73:c1396, 15654dff-55cd-4f70-96d8-4abf0c061563:c1395]
2019-07-09 15:04:23,034 INFO  client.GrpcClientProtocolClient (GrpcClientProtocolClient.java:onNext(255)) - client-A9DCF8B8BD5B->529edf8e-8eae-4246-b33f-5e44130d441c: receive RaftClientReply:client-A9DCF8B8BD5B->529edf8e-8eae-4246-b33f-5e44130d441c@group-A1CD1332DC7D, cid=1054, SUCCESS, logIndex=1402, commits[529edf8e-8eae-4246-b33f-5e44130d441c:c1403, 79bffca9-b028-4c53-a657-872ed973be73:c1401, 15654dff-55cd-4f70-96d8-4abf0c061563:c1401]
2019-07-09 15:04:23,035 INFO  client.GrpcClientProtocolClient (GrpcClientProtocolClient.java:onNext(255)) - client-A9DCF8B8BD5B->529edf8e-8eae-4246-b33f-5e44130d441c: receive RaftClientReply:client-A9DCF8B8BD5B->529edf8e-8eae-4246-b33f-5e44130d441c@group-A1CD1332DC7D, cid=1055, SUCCESS, logIndex=1403, commits[529edf8e-8eae-4246-b33f-5e44130d441c:c1403, 79bffca9-b028-4c53-a657-872ed973be73:c1401, 15654dff-55cd-4f70-96d8-4abf0c061563:c1401]
2019-07-09 15:04:23,176 INFO  client.GrpcClientProtocolClient (GrpcClientProtocolClient.java:onNext(255)) - client-A9DCF8B8BD5B->529edf8e-8eae-4246-b33f-5e44130d441c: receive RaftClientReply:client-A9DCF8B8BD5B->529edf8e-8eae-4246-b33f-5e44130d441c@group-A1CD1332DC7D, cid=1056, SUCCESS, logIndex=1406, commits[529edf8e-8eae-4246-b33f-5e44130d441c:c1407, 79bffca9-b028-4c53-a657-872ed973be73:c1403, 15654dff-55cd-4f70-96d8-4abf0c061563:c1403]
2019-07-09 15:04:23,176 INFO  client.GrpcClientProtocolClient (GrpcClientProtocolClient.java:onNext(255)) - client-A9DCF8B8BD5B->529edf8e-8eae-4246-b33f-5e44130d441c: receive RaftClientReply:client-A9DCF8B8BD5B->529edf8e-8eae-4246-b33f-5e44130d441c@group-A1CD1332DC7D, cid=1057, SUCCESS, logIndex=1407, commits[529edf8e-8eae-4246-b33f-5e44130d441c:c1407, 79bffca9-b028-4c53-a657-872ed973be73:c1403, 15654dff-55cd-4f70-96d8-4abf0c061563:c1403]
2019-07-09 15:04:23,187 INFO  client.GrpcClientProtocolClient (GrpcClientProtocolClient.java:onNext(255)) - client-A9DCF8B8BD5B->529edf8e-8eae-4246-b33f-5e44130d441c: receive RaftClientReply:client-A9DCF8B8BD5B->529edf8e-8eae-4246-b33f-5e44130d441c@group-A1CD1332DC7D, cid=1058, SUCCESS, logIndex=0, commits[529edf8e-8eae-4246-b33f-5e44130d441c:c1408, 79bffca9-b028-4c53-a657-872ed973be73:c1407, 15654dff-55cd-4f70-96d8-4abf0c061563:c1407]
2019-07-09 15:04:23,210 INFO  client.GrpcClientProtocolClient (GrpcClientProtocolClient.java:onNext(255)) - client-A9DCF8B8BD5B->529edf8e-8eae-4246-b33f-5e44130d441c: receive RaftClientReply:client-A9DCF8B8BD5B->529edf8e-8eae-4246-b33f-5e44130d441c@group-A1CD1332DC7D, cid=1059, SUCCESS, logIndex=1410, commits[529edf8e-8eae-4246-b33f-5e44130d441c:c1411, 79bffca9-b028-4c53-a657-872ed973be73:c1409, 15654dff-55cd-4f70-96d8-4abf0c061563:c1409]
2019-07-09 15:04:23,211 INFO  client.GrpcClientProtocolClient (GrpcClientProtocolClient.java:onNext(255)) - client-A9DCF8B8BD5B->529edf8e-8eae-4246-b33f-5e44130d441c: receive RaftClientReply:client-A9DCF8B8BD5B->529edf8e-8eae-4246-b33f-5e44130d441c@group-A1CD1332DC7D, cid=1060, SUCCESS, logIndex=1411, commits[529edf8e-8eae-4246-b33f-5e44130d441c:c1412, 79bffca9-b028-4c53-a657-872ed973be73:c1409, 15654dff-55cd-4f70-96d8-4abf0c061563:c1409]
2019-07-09 15:04:23,211 INFO  client.GrpcClientProtocolClient (GrpcClientProtocolClient.java:onNext(255)) - client-A9DCF8B8BD5B->529edf8e-8eae-4246-b33f-5e44130d441c: receive RaftClientReply:client-A9DCF8B8BD5B->529edf8e-8eae-4246-b33f-5e44130d441c@group-A1CD1332DC7D, cid=1061, SUCCESS, logIndex=1412, commits[529edf8e-8eae-4246-b33f-5e44130d441c:c1413, 79bffca9-b028-4c53-a657-872ed973be73:c1409, 15654dff-55cd-4f70-96d8-4abf0c061563:c1409]
2019-07-09 15:04:23,212 INFO  client.GrpcClientProtocolClient (GrpcClientProtocolClient.java:onNext(255)) - client-A9DCF8B8BD5B->529edf8e-8eae-4246-b33f-5e44130d441c: receive RaftClientReply:client-A9DCF8B8BD5B->529edf8e-8eae-4246-b33f-5e44130d441c@group-A1CD1332DC7D, cid=1062, SUCCESS, logIndex=1413, commits[529edf8e-8eae-4246-b33f-5e44130d441c:c1413, 79bffca9-b028-4c53-a657-872ed973be73:c1409, 15654dff-55cd-4f70-96d8-4abf0c061563:c1409]
2019-07-09 15:04:23,214 INFO  client.GrpcClientProtocolClient (GrpcClientProtocolClient.java:onNext(255)) - client-A9DCF8B8BD5B->529edf8e-8eae-4246-b33f-5e44130d441c: receive RaftClientReply:client-A9DCF8B8BD5B->529edf8e-8eae-4246-b33f-5e44130d441c@group-A1CD1332DC7D, cid=1063, SUCCESS, logIndex=0, commits[529edf8e-8eae-4246-b33f-5e44130d441c:c1417, 79bffca9-b028-4c53-a657-872ed973be73:c1413, 15654dff-55cd-4f70-96d8-4abf0c061563:c1413]
2019-07-09 15:04:23,236 INFO  client.GrpcClientProtocolClient (GrpcClientProtocolClient.java:onNext(255)) - client-A9DCF8B8BD5B->529edf8e-8eae-4246-b33f-5e44130d441c: receive RaftClientReply:client-A9DCF8B8BD5B->529edf8e-8eae-4246-b33f-5e44130d441c@group-A1CD1332DC7D, cid=1064, SUCCESS, logIndex=1418, commits[529edf8e-8eae-4246-b33f-5e44130d441c:c1419, 79bffca9-b028-4c53-a657-872ed973be73:c1417, 15654dff-55cd-4f70-96d8-4abf0c061563:c1417]
2019-07-09 15:04:23,236 INFO  client.GrpcClientProtocolClient (GrpcClientProtocolClient.java:onNext(255)) - client-A9DCF8B8BD5B->529edf8e-8eae-4246-b33f-5e44130d441c: receive RaftClientReply:client-A9DCF8B8BD5B->529edf8e-8eae-4246-b33f-5e44130d441c@group-A1CD1332DC7D, cid=1065, SUCCESS, logIndex=1419, commits[529edf8e-8eae-4246-b33f-5e44130d441c:c1419, 79bffca9-b028-4c53-a657-872ed973be73:c1417, 15654dff-55cd-4f70-96d8-4abf0c061563:c1417]
2019-07-09 15:04:23,262 INFO  client.GrpcClientProtocolClient (GrpcClientProtocolClient.java:onNext(255)) - client-A9DCF8B8BD5B->529edf8e-8eae-4246-b33f-5e44130d441c: receive RaftClientReply:client-A9DCF8B8BD5B->529edf8e-8eae-4246-b33f-5e44130d441c@group-A1CD1332DC7D, cid=1066, SUCCESS, logIndex=1422, commits[529edf8e-8eae-4246-b33f-5e44130d441c:c1423, 79bffca9-b028-4c53-a657-872ed973be73:c1419, 15654dff-55cd-4f70-96d8-4abf0c061563:c1419]
2019-07-09 15:04:23,263 INFO  client.GrpcClientProtocolClient (GrpcClientProtocolClient.java:onNext(255)) - client-A9DCF8B8BD5B->529edf8e-8eae-4246-b33f-5e44130d441c: receive RaftClientReply:client-A9DCF8B8BD5B->529edf8e-8eae-4246-b33f-5e44130d441c@group-A1CD1332DC7D, cid=1067, SUCCESS, logIndex=1423, commits[529edf8e-8eae-4246-b33f-5e44130d441c:c1423, 79bffca9-b028-4c53-a657-872ed973be73:c1419, 15654dff-55cd-4f70-96d8-4abf0c061563:c1419]
2019-07-09 15:04:23,277 INFO  client.GrpcClientProtocolClient (GrpcClientProtocolClient.java:onNext(255)) - client-A9DCF8B8BD5B->529edf8e-8eae-4246-b33f-5e44130d441c: receive RaftClientReply:client-A9DCF8B8BD5B->529edf8e-8eae-4246-b33f-5e44130d441c@group-A1CD1332DC7D, cid=1068, SUCCESS, logIndex=0, commits[529edf8e-8eae-4246-b33f-5e44130d441c:c1425, 79bffca9-b028-4c53-a657-872ed973be73:c1423, 15654dff-55cd-4f70-96d8-4abf0c061563:c1423]
2019-07-09 15:04:23,299 INFO  client.GrpcClientProtocolClient (GrpcClientProtocolClient.java:onNext(255)) - client-A9DCF8B8BD5B->529edf8e-8eae-4246-b33f-5e44130d441c: receive RaftClientReply:client-A9DCF8B8BD5B->529edf8e-8eae-4246-b33f-5e44130d441c@group-A1CD1332DC7D, cid=1069, SUCCESS, logIndex=1426, commits[529edf8e-8eae-4246-b33f-5e44130d441c:c1429, 79bffca9-b028-4c53-a657-872ed973be73:c1425, 15654dff-55cd-4f70-96d8-4abf0c061563:c1425]
2019-07-09 15:04:23,300 INFO  client.GrpcClientProtocolClient (GrpcClientProtocolClient.java:onNext(255)) - client-A9DCF8B8BD5B->529edf8e-8eae-4246-b33f-5e44130d441c: receive RaftClientReply:client-A9DCF8B8BD5B->529edf8e-8eae-4246-b33f-5e44130d441c@group-A1CD1332DC7D, cid=1070, SUCCESS, logIndex=1427, commits[529edf8e-8eae-4246-b33f-5e44130d441c:c1429, 79bffca9-b028-4c53-a657-872ed973be73:c1426, 15654dff-55cd-4f70-96d8-4abf0c061563:c1425]
2019-07-09 15:04:23,300 INFO  client.GrpcClientProtocolClient (GrpcClientProtocolClient.java:onNext(255)) - client-A9DCF8B8BD5B->529edf8e-8eae-4246-b33f-5e44130d441c: receive RaftClientReply:client-A9DCF8B8BD5B->529edf8e-8eae-4246-b33f-5e44130d441c@group-A1CD1332DC7D, cid=1071, SUCCESS, logIndex=1428, commits[529edf8e-8eae-4246-b33f-5e44130d441c:c1430, 79bffca9-b028-4c53-a657-872ed973be73:c1426, 15654dff-55cd-4f70-96d8-4abf0c061563:c1425]
2019-07-09 15:04:23,301 INFO  client.GrpcClientProtocolClient (GrpcClientProtocolClient.java:onNext(255)) - client-A9DCF8B8BD5B->529edf8e-8eae-4246-b33f-5e44130d441c: receive RaftClientReply:client-A9DCF8B8BD5B->529edf8e-8eae-4246-b33f-5e44130d441c@group-A1CD1332DC7D, cid=1072, SUCCESS, logIndex=1429, commits[529edf8e-8eae-4246-b33f-5e44130d441c:c1431, 79bffca9-b028-4c53-a657-872ed973be73:c1426, 15654dff-55cd-4f70-96d8-4abf0c061563:c1427]
2019-07-09 15:04:23,302 INFO  client.GrpcClientProtocolClient (GrpcClientProtocolClient.java:onNext(255)) - client-A9DCF8B8BD5B->529edf8e-8eae-4246-b33f-5e44130d441c: receive RaftClientReply:client-A9DCF8B8BD5B->529edf8e-8eae-4246-b33f-5e44130d441c@group-A1CD1332DC7D, cid=1073, SUCCESS, logIndex=0, commits[529edf8e-8eae-4246-b33f-5e44130d441c:c1433, 79bffca9-b028-4c53-a657-872ed973be73:c1429, 15654dff-55cd-4f70-96d8-4abf0c061563:c1429]
2019-07-09 15:04:23,327 INFO  client.GrpcClientProtocolClient (GrpcClientProtocolClient.java:onNext(255)) - client-A9DCF8B8BD5B->529edf8e-8eae-4246-b33f-5e44130d441c: receive RaftClientReply:client-A9DCF8B8BD5B->529edf8e-8eae-4246-b33f-5e44130d441c@group-A1CD1332DC7D, cid=1074, SUCCESS, logIndex=1434, commits[529edf8e-8eae-4246-b33f-5e44130d441c:c1435, 79bffca9-b028-4c53-a657-872ed973be73:c1433, 15654dff-55cd-4f70-96d8-4abf0c061563:c1433]
2019-07-09 15:04:23,328 INFO  client.GrpcClientProtocolClient (GrpcClientProtocolClient.java:onNext(255)) - client-A9DCF8B8BD5B->529edf8e-8eae-4246-b33f-5e44130d441c: receive RaftClientReply:client-A9DCF8B8BD5B->529edf8e-8eae-4246-b33f-5e44130d441c@group-A1CD1332DC7D, cid=1075, SUCCESS, logIndex=1435, commits[529edf8e-8eae-4246-b33f-5e44130d441c:c1435, 79bffca9-b028-4c53-a657-872ed973be73:c1433, 15654dff-55cd-4f70-96d8-4abf0c061563:c1433]
2019-07-09 15:04:23,351 INFO  client.GrpcClientProtocolClient (GrpcClientProtocolClient.java:onNext(255)) - client-A9DCF8B8BD5B->529edf8e-8eae-4246-b33f-5e44130d441c: receive RaftClientReply:client-A9DCF8B8BD5B->529edf8e-8eae-4246-b33f-5e44130d441c@group-A1CD1332DC7D, cid=1076, SUCCESS, logIndex=1438, commits[529edf8e-8eae-4246-b33f-5e44130d441c:c1439, 79bffca9-b028-4c53-a657-872ed973be73:c1435, 15654dff-55cd-4f70-96d8-4abf0c061563:c1435]
2019-07-09 15:04:23,352 INFO  client.GrpcClientProtocolClient (GrpcClientProtocolClient.java:onNext(255)) - client-A9DCF8B8BD5B->529edf8e-8eae-4246-b33f-5e44130d441c: receive RaftClientReply:client-A9DCF8B8BD5B->529edf8e-8eae-4246-b33f-5e44130d441c@group-A1CD1332DC7D, cid=1077, SUCCESS, logIndex=1439, commits[529edf8e-8eae-4246-b33f-5e44130d441c:c1439, 79bffca9-b028-4c53-a657-872ed973be73:c1435, 15654dff-55cd-4f70-96d8-4abf0c061563:c1435]
2019-07-09 15:04:23,355 INFO  client.GrpcClientProtocolClient (GrpcClientProtocolClient.java:onNext(255)) - client-A9DCF8B8BD5B->529edf8e-8eae-4246-b33f-5e44130d441c: receive RaftClientReply:client-A9DCF8B8BD5B->529edf8e-8eae-4246-b33f-5e44130d441c@group-A1CD1332DC7D, cid=1078, SUCCESS, logIndex=0, commits[529edf8e-8eae-4246-b33f-5e44130d441c:c1440, 79bffca9-b028-4c53-a657-872ed973be73:c1439, 15654dff-55cd-4f70-96d8-4abf0c061563:c1439]
2019-07-09 15:04:23,368 INFO  client.GrpcClientProtocolClient (GrpcClientProtocolClient.java:onNext(255)) - client-A9DCF8B8BD5B->529edf8e-8eae-4246-b33f-5e44130d441c: receive RaftClientReply:client-A9DCF8B8BD5B->529edf8e-8eae-4246-b33f-5e44130d441c@group-A1CD1332DC7D, cid=1079, SUCCESS, logIndex=1442, commits[529edf8e-8eae-4246-b33f-5e44130d441c:c1443, 79bffca9-b028-4c53-a657-872ed973be73:c1440, 15654dff-55cd-4f70-96d8-4abf0c061563:c1439]
2019-07-09 15:04:23,369 INFO  client.GrpcClientProtocolClient (GrpcClientProtocolClient.java:onNext(255)) - client-A9DCF8B8BD5B->529edf8e-8eae-4246-b33f-5e44130d441c: receive RaftClientReply:client-A9DCF8B8BD5B->529edf8e-8eae-4246-b33f-5e44130d441c@group-A1CD1332DC7D, cid=1080, SUCCESS, logIndex=1443, commits[529edf8e-8eae-4246-b33f-5e44130d441c:c1443, 79bffca9-b028-4c53-a657-872ed973be73:c1440, 15654dff-55cd-4f70-96d8-4abf0c061563:c1439]
2019-07-09 15:04:23,381 INFO  client.GrpcClientProtocolClient (GrpcClientProtocolClient.java:onNext(255)) - client-A9DCF8B8BD5B->529edf8e-8eae-4246-b33f-5e44130d441c: receive RaftClientReply:client-A9DCF8B8BD5B->529edf8e-8eae-4246-b33f-5e44130d441c@group-A1CD1332DC7D, cid=1081, SUCCESS, logIndex=1444, commits[529edf8e-8eae-4246-b33f-5e44130d441c:c1445, 79bffca9-b028-4c53-a657-872ed973be73:c1443, 15654dff-55cd-4f70-96d8-4abf0c061563:c1439]
2019-07-09 15:04:23,382 INFO  client.GrpcClientProtocolClient (GrpcClientProtocolClient.java:onNext(255)) - client-A9DCF8B8BD5B->529edf8e-8eae-4246-b33f-5e44130d441c: receive RaftClientReply:client-A9DCF8B8BD5B->529edf8e-8eae-4246-b33f-5e44130d441c@group-A1CD1332DC7D, cid=1082, SUCCESS, logIndex=1445, commits[529edf8e-8eae-4246-b33f-5e44130d441c:c1446, 79bffca9-b028-4c53-a657-872ed973be73:c1443, 15654dff-55cd-4f70-96d8-4abf0c061563:c1440]
2019-07-09 15:04:23,383 INFO  client.GrpcClientProtocolClient (GrpcClientProtocolClient.java:onNext(255)) - client-A9DCF8B8BD5B->529edf8e-8eae-4246-b33f-5e44130d441c: receive RaftClientReply:client-A9DCF8B8BD5B->529edf8e-8eae-4246-b33f-5e44130d441c@group-A1CD1332DC7D, cid=1083, SUCCESS, logIndex=0, commits[529edf8e-8eae-4246-b33f-5e44130d441c:c1447, 79bffca9-b028-4c53-a657-872ed973be73:c1444, 15654dff-55cd-4f70-96d8-4abf0c061563:c1444]
2019-07-09 15:04:23,404 INFO  client.GrpcClientProtocolClient (GrpcClientProtocolClient.java:onNext(255)) - client-A9DCF8B8BD5B->529edf8e-8eae-4246-b33f-5e44130d441c: receive RaftClientReply:client-A9DCF8B8BD5B->529edf8e-8eae-4246-b33f-5e44130d441c@group-A1CD1332DC7D, cid=1084, SUCCESS, logIndex=1449, commits[529edf8e-8eae-4246-b33f-5e44130d441c:c1450, 79bffca9-b028-4c53-a657-872ed973be73:c1448, 15654dff-55cd-4f70-96d8-4abf0c061563:c1448]
2019-07-09 15:04:23,405 INFO  client.GrpcClientProtocolClient (GrpcClientProtocolClient.java:onNext(255)) - client-A9DCF8B8BD5B->529edf8e-8eae-4246-b33f-5e44130d441c: receive RaftClientReply:client-A9DCF8B8BD5B->529edf8e-8eae-4246-b33f-5e44130d441c@group-A1CD1332DC7D, cid=1085, SUCCESS, logIndex=1450, commits[529edf8e-8eae-4246-b33f-5e44130d441c:c1450, 79bffca9-b028-4c53-a657-872ed973be73:c1448, 15654dff-55cd-4f70-96d8-4abf0c061563:c1448]
2019-07-09 15:04:23,418 INFO  client.GrpcClientProtocolClient (GrpcClientProtocolClient.java:onNext(255)) - client-A9DCF8B8BD5B->529edf8e-8eae-4246-b33f-5e44130d441c: receive RaftClientReply:client-A9DCF8B8BD5B->529edf8e-8eae-4246-b33f-5e44130d441c@group-A1CD1332DC7D, cid=1086, SUCCESS, logIndex=1453, commits[529edf8e-8eae-4246-b33f-5e44130d441c:c1454, 79bffca9-b028-4c53-a657-872ed973be73:c1450, 15654dff-55cd-4f70-96d8-4abf0c061563:c1450]
2019-07-09 15:04:23,418 INFO  client.GrpcClientProtocolClient (GrpcClientProtocolClient.java:onNext(255)) - client-A9DCF8B8BD5B->529edf8e-8eae-4246-b33f-5e44130d441c: receive RaftClientReply:client-A9DCF8B8BD5B->529edf8e-8eae-4246-b33f-5e44130d441c@group-A1CD1332DC7D, cid=1087, SUCCESS, logIndex=1454, commits[529edf8e-8eae-4246-b33f-5e44130d441c:c1454, 79bffca9-b028-4c53-a657-872ed973be73:c1450, 15654dff-55cd-4f70-96d8-4abf0c061563:c1450]
2019-07-09 15:04:23,423 INFO  client.GrpcClientProtocolClient (GrpcClientProtocolClient.java:onNext(255)) - client-A9DCF8B8BD5B->529edf8e-8eae-4246-b33f-5e44130d441c: receive RaftClientReply:client-A9DCF8B8BD5B->529edf8e-8eae-4246-b33f-5e44130d441c@group-A1CD1332DC7D, cid=1088, SUCCESS, logIndex=0, commits[529edf8e-8eae-4246-b33f-5e44130d441c:c1455, 79bffca9-b028-4c53-a657-872ed973be73:c1454, 15654dff-55cd-4f70-96d8-4abf0c061563:c1454]
2019-07-09 15:04:23,437 INFO  client.GrpcClientProtocolClient (GrpcClientProtocolClient.java:onNext(255)) - client-A9DCF8B8BD5B->529edf8e-8eae-4246-b33f-5e44130d441c: receive RaftClientReply:client-A9DCF8B8BD5B->529edf8e-8eae-4246-b33f-5e44130d441c@group-A1CD1332DC7D, cid=1089, SUCCESS, logIndex=1457, commits[529edf8e-8eae-4246-b33f-5e44130d441c:c1458, 79bffca9-b028-4c53-a657-872ed973be73:c1456, 15654dff-55cd-4f70-96d8-4abf0c061563:c1454]
2019-07-09 15:04:23,437 INFO  client.GrpcClientProtocolClient (GrpcClientProtocolClient.java:onNext(255)) - client-A9DCF8B8BD5B->529edf8e-8eae-4246-b33f-5e44130d441c: receive RaftClientReply:client-A9DCF8B8BD5B->529edf8e-8eae-4246-b33f-5e44130d441c@group-A1CD1332DC7D, cid=1090, SUCCESS, logIndex=1458, commits[529edf8e-8eae-4246-b33f-5e44130d441c:c1458, 79bffca9-b028-4c53-a657-872ed973be73:c1456, 15654dff-55cd-4f70-96d8-4abf0c061563:c1454]
2019-07-09 15:04:23,439 INFO  client.GrpcClientProtocolClient (GrpcClientProtocolClient.java:onNext(255)) - client-A9DCF8B8BD5B->529edf8e-8eae-4246-b33f-5e44130d441c: receive RaftClientReply:client-A9DCF8B8BD5B->529edf8e-8eae-4246-b33f-5e44130d441c@group-A1CD1332DC7D, cid=1091, SUCCESS, logIndex=1459, commits[529edf8e-8eae-4246-b33f-5e44130d441c:c1461, 79bffca9-b028-4c53-a657-872ed973be73:c1456, 15654dff-55cd-4f70-96d8-4abf0c061563:c1457]
2019-07-09 15:04:23,440 INFO  client.GrpcClientProtocolClient (GrpcClientProtocolClient.java:onNext(255)) - client-A9DCF8B8BD5B->529edf8e-8eae-4246-b33f-5e44130d441c: receive RaftClientReply:client-A9DCF8B8BD5B->529edf8e-8eae-4246-b33f-5e44130d441c@group-A1CD1332DC7D, cid=1092, SUCCESS, logIndex=1460, commits[529edf8e-8eae-4246-b33f-5e44130d441c:c1461, 79bffca9-b028-4c53-a657-872ed973be73:c1456, 15654dff-55cd-4f70-96d8-4abf0c061563:c1457]
2019-07-09 15:04:23,442 INFO  client.GrpcClientProtocolClient (GrpcClientProtocolClient.java:onNext(255)) - client-A9DCF8B8BD5B->529edf8e-8eae-4246-b33f-5e44130d441c: receive RaftClientReply:client-A9DCF8B8BD5B->529edf8e-8eae-4246-b33f-5e44130d441c@group-A1CD1332DC7D, cid=1093, SUCCESS, logIndex=0, commits[529edf8e-8eae-4246-b33f-5e44130d441c:c1462, 79bffca9-b028-4c53-a657-872ed973be73:c1458, 15654dff-55cd-4f70-96d8-4abf0c061563:c1458]
2019-07-09 15:04:23,464 INFO  client.GrpcClientProtocolClient (GrpcClientProtocolClient.java:onNext(255)) - client-A9DCF8B8BD5B->529edf8e-8eae-4246-b33f-5e44130d441c: receive RaftClientReply:client-A9DCF8B8BD5B->529edf8e-8eae-4246-b33f-5e44130d441c@group-A1CD1332DC7D, cid=1094, SUCCESS, logIndex=1464, commits[529edf8e-8eae-4246-b33f-5e44130d441c:c1465, 79bffca9-b028-4c53-a657-872ed973be73:c1463, 15654dff-55cd-4f70-96d8-4abf0c061563:c1463]
2019-07-09 15:04:23,464 INFO  client.GrpcClientProtocolClient (GrpcClientProtocolClient.java:onNext(255)) - client-A9DCF8B8BD5B->529edf8e-8eae-4246-b33f-5e44130d441c: receive RaftClientReply:client-A9DCF8B8BD5B->529edf8e-8eae-4246-b33f-5e44130d441c@group-A1CD1332DC7D, cid=1095, SUCCESS, logIndex=1465, commits[529edf8e-8eae-4246-b33f-5e44130d441c:c1465, 79bffca9-b028-4c53-a657-872ed973be73:c1463, 15654dff-55cd-4f70-96d8-4abf0c061563:c1463]
2019-07-09 15:04:23,481 INFO  client.GrpcClientProtocolClient (GrpcClientProtocolClient.java:onNext(255)) - client-A9DCF8B8BD5B->529edf8e-8eae-4246-b33f-5e44130d441c: receive RaftClientReply:client-A9DCF8B8BD5B->529edf8e-8eae-4246-b33f-5e44130d441c@group-A1CD1332DC7D, cid=1096, SUCCESS, logIndex=1468, commits[529edf8e-8eae-4246-b33f-5e44130d441c:c1469, 79bffca9-b028-4c53-a657-872ed973be73:c1465, 15654dff-55cd-4f70-96d8-4abf0c061563:c1465]
2019-07-09 15:04:23,481 INFO  client.GrpcClientProtocolClient (GrpcClientProtocolClient.java:onNext(255)) - client-A9DCF8B8BD5B->529edf8e-8eae-4246-b33f-5e44130d441c: receive RaftClientReply:client-A9DCF8B8BD5B->529edf8e-8eae-4246-b33f-5e44130d441c@group-A1CD1332DC7D, cid=1097, SUCCESS, logIndex=1469, commits[529edf8e-8eae-4246-b33f-5e44130d441c:c1469, 79bffca9-b028-4c53-a657-872ed973be73:c1465, 15654dff-55cd-4f70-96d8-4abf0c061563:c1465]
2019-07-09 15:04:23,495 INFO  client.GrpcClientProtocolClient (GrpcClientProtocolClient.java:onNext(255)) - client-A9DCF8B8BD5B->529edf8e-8eae-4246-b33f-5e44130d441c: receive RaftClientReply:client-A9DCF8B8BD5B->529edf8e-8eae-4246-b33f-5e44130d441c@group-A1CD1332DC7D, cid=1098, SUCCESS, logIndex=0, commits[529edf8e-8eae-4246-b33f-5e44130d441c:c1470, 79bffca9-b028-4c53-a657-872ed973be73:c1469, 15654dff-55cd-4f70-96d8-4abf0c061563:c1469]
2019-07-09 15:04:23,516 INFO  client.GrpcClientProtocolClient (GrpcClientProtocolClient.java:onNext(255)) - client-A9DCF8B8BD5B->529edf8e-8eae-4246-b33f-5e44130d441c: receive RaftClientReply:client-A9DCF8B8BD5B->529edf8e-8eae-4246-b33f-5e44130d441c@group-A1CD1332DC7D, cid=1099, SUCCESS, logIndex=1472, commits[529edf8e-8eae-4246-b33f-5e44130d441c:c1475, 79bffca9-b028-4c53-a657-872ed973be73:c1471, 15654dff-55cd-4f70-96d8-4abf0c061563:c1471]
2019-07-09 15:04:23,517 INFO  client.GrpcClientProtocolClient (GrpcClientProtocolClient.java:onNext(255)) - client-A9DCF8B8BD5B->529edf8e-8eae-4246-b33f-5e44130d441c: receive RaftClientReply:client-A9DCF8B8BD5B->529edf8e-8eae-4246-b33f-5e44130d441c@group-A1CD1332DC7D, cid=1100, SUCCESS, logIndex=1473, commits[529edf8e-8eae-4246-b33f-5e44130d441c:c1475, 79bffca9-b028-4c53-a657-872ed973be73:c1471, 15654dff-55cd-4f70-96d8-4abf0c061563:c1471]
2019-07-09 15:04:23,518 INFO  client.GrpcClientProtocolClient (GrpcClientProtocolClient.java:onNext(255)) - client-A9DCF8B8BD5B->529edf8e-8eae-4246-b33f-5e44130d441c: receive RaftClientReply:client-A9DCF8B8BD5B->529edf8e-8eae-4246-b33f-5e44130d441c@group-A1CD1332DC7D, cid=1101, SUCCESS, logIndex=1474, commits[529edf8e-8eae-4246-b33f-5e44130d441c:c1475, 79bffca9-b028-4c53-a657-872ed973be73:c1471, 15654dff-55cd-4f70-96d8-4abf0c061563:c1471]
2019-07-09 15:04:23,518 INFO  client.GrpcClientProtocolClient (GrpcClientProtocolClient.java:onNext(255)) - client-A9DCF8B8BD5B->529edf8e-8eae-4246-b33f-5e44130d441c: receive RaftClientReply:client-A9DCF8B8BD5B->529edf8e-8eae-4246-b33f-5e44130d441c@group-A1CD1332DC7D, cid=1102, SUCCESS, logIndex=1475, commits[529edf8e-8eae-4246-b33f-5e44130d441c:c1477, 79bffca9-b028-4c53-a657-872ed973be73:c1472, 15654dff-55cd-4f70-96d8-4abf0c061563:c1473]
2019-07-09 15:04:23,520 INFO  client.GrpcClientProtocolClient (GrpcClientProtocolClient.java:onNext(255)) - client-A9DCF8B8BD5B->529edf8e-8eae-4246-b33f-5e44130d441c: receive RaftClientReply:client-A9DCF8B8BD5B->529edf8e-8eae-4246-b33f-5e44130d441c@group-A1CD1332DC7D, cid=1103, SUCCESS, logIndex=0, commits[529edf8e-8eae-4246-b33f-5e44130d441c:c1479, 79bffca9-b028-4c53-a657-872ed973be73:c1475, 15654dff-55cd-4f70-96d8-4abf0c061563:c1475]
2019-07-09 15:04:23,540 INFO  client.GrpcClientProtocolClient (GrpcClientProtocolClient.java:onNext(255)) - client-A9DCF8B8BD5B->529edf8e-8eae-4246-b33f-5e44130d441c: receive RaftClientReply:client-A9DCF8B8BD5B->529edf8e-8eae-4246-b33f-5e44130d441c@group-A1CD1332DC7D, cid=1104, SUCCESS, logIndex=1480, commits[529edf8e-8eae-4246-b33f-5e44130d441c:c1481, 79bffca9-b028-4c53-a657-872ed973be73:c1479, 15654dff-55cd-4f70-96d8-4abf0c061563:c1479]
2019-07-09 15:04:23,540 INFO  client.GrpcClientProtocolClient (GrpcClientProtocolClient.java:onNext(255)) - client-A9DCF8B8BD5B->529edf8e-8eae-4246-b33f-5e44130d441c: receive RaftClientReply:client-A9DCF8B8BD5B->529edf8e-8eae-4246-b33f-5e44130d441c@group-A1CD1332DC7D, cid=1105, SUCCESS, logIndex=1481, commits[529edf8e-8eae-4246-b33f-5e44130d441c:c1481, 79bffca9-b028-4c53-a657-872ed973be73:c1479, 15654dff-55cd-4f70-96d8-4abf0c061563:c1479]
2019-07-09 15:04:23,555 INFO  client.GrpcClientProtocolClient (GrpcClientProtocolClient.java:onNext(255)) - client-A9DCF8B8BD5B->529edf8e-8eae-4246-b33f-5e44130d441c: receive RaftClientReply:client-A9DCF8B8BD5B->529edf8e-8eae-4246-b33f-5e44130d441c@group-A1CD1332DC7D, cid=1106, SUCCESS, logIndex=1484, commits[529edf8e-8eae-4246-b33f-5e44130d441c:c1485, 79bffca9-b028-4c53-a657-872ed973be73:c1481, 15654dff-55cd-4f70-96d8-4abf0c061563:c1481]
2019-07-09 15:04:23,556 INFO  client.GrpcClientProtocolClient (GrpcClientProtocolClient.java:onNext(255)) - client-A9DCF8B8BD5B->529edf8e-8eae-4246-b33f-5e44130d441c: receive RaftClientReply:client-A9DCF8B8BD5B->529edf8e-8eae-4246-b33f-5e44130d441c@group-A1CD1332DC7D, cid=1107, SUCCESS, logIndex=1485, commits[529edf8e-8eae-4246-b33f-5e44130d441c:c1485, 79bffca9-b028-4c53-a657-872ed973be73:c1481, 15654dff-55cd-4f70-96d8-4abf0c061563:c1481]
2019-07-09 15:04:23,570 INFO  client.GrpcClientProtocolClient (GrpcClientProtocolClient.java:onNext(255)) - client-A9DCF8B8BD5B->529edf8e-8eae-4246-b33f-5e44130d441c: receive RaftClientReply:client-A9DCF8B8BD5B->529edf8e-8eae-4246-b33f-5e44130d441c@group-A1CD1332DC7D, cid=1108, SUCCESS, logIndex=0, commits[529edf8e-8eae-4246-b33f-5e44130d441c:c1487, 79bffca9-b028-4c53-a657-872ed973be73:c1485, 15654dff-55cd-4f70-96d8-4abf0c061563:c1485]
2019-07-09 15:04:23,592 INFO  client.GrpcClientProtocolClient (GrpcClientProtocolClient.java:onNext(255)) - client-A9DCF8B8BD5B->529edf8e-8eae-4246-b33f-5e44130d441c: receive RaftClientReply:client-A9DCF8B8BD5B->529edf8e-8eae-4246-b33f-5e44130d441c@group-A1CD1332DC7D, cid=1109, SUCCESS, logIndex=1488, commits[529edf8e-8eae-4246-b33f-5e44130d441c:c1489, 79bffca9-b028-4c53-a657-872ed973be73:c1487, 15654dff-55cd-4f70-96d8-4abf0c061563:c1487]
2019-07-09 15:04:23,593 INFO  client.GrpcClientProtocolClient (GrpcClientProtocolClient.java:onNext(255)) - client-A9DCF8B8BD5B->529edf8e-8eae-4246-b33f-5e44130d441c: receive RaftClientReply:client-A9DCF8B8BD5B->529edf8e-8eae-4246-b33f-5e44130d441c@group-A1CD1332DC7D, cid=1110, SUCCESS, logIndex=1489, commits[529edf8e-8eae-4246-b33f-5e44130d441c:c1491, 79bffca9-b028-4c53-a657-872ed973be73:c1487, 15654dff-55cd-4f70-96d8-4abf0c061563:c1487]
2019-07-09 15:04:23,593 INFO  client.GrpcClientProtocolClient (GrpcClientProtocolClient.java:onNext(255)) - client-A9DCF8B8BD5B->529edf8e-8eae-4246-b33f-5e44130d441c: receive RaftClientReply:client-A9DCF8B8BD5B->529edf8e-8eae-4246-b33f-5e44130d441c@group-A1CD1332DC7D, cid=1111, SUCCESS, logIndex=1490, commits[529edf8e-8eae-4246-b33f-5e44130d441c:c1491, 79bffca9-b028-4c53-a657-872ed973be73:c1487, 15654dff-55cd-4f70-96d8-4abf0c061563:c1487]
2019-07-09 15:04:23,593 INFO  client.GrpcClientProtocolClient (GrpcClientProtocolClient.java:onNext(255)) - client-A9DCF8B8BD5B->529edf8e-8eae-4246-b33f-5e44130d441c: receive RaftClientReply:client-A9DCF8B8BD5B->529edf8e-8eae-4246-b33f-5e44130d441c@group-A1CD1332DC7D, cid=1112, SUCCESS, logIndex=1491, commits[529edf8e-8eae-4246-b33f-5e44130d441c:c1491, 79bffca9-b028-4c53-a657-872ed973be73:c1489, 15654dff-55cd-4f70-96d8-4abf0c061563:c1487]
2019-07-09 15:04:23,595 INFO  client.GrpcClientProtocolClient (GrpcClientProtocolClient.java:onNext(255)) - client-A9DCF8B8BD5B->529edf8e-8eae-4246-b33f-5e44130d441c: receive RaftClientReply:client-A9DCF8B8BD5B->529edf8e-8eae-4246-b33f-5e44130d441c@group-A1CD1332DC7D, cid=1113, SUCCESS, logIndex=0, commits[529edf8e-8eae-4246-b33f-5e44130d441c:c1493, 79bffca9-b028-4c53-a657-872ed973be73:c1489, 15654dff-55cd-4f70-96d8-4abf0c061563:c1489]
2019-07-09 15:04:23,608 INFO  client.GrpcClientProtocolClient (GrpcClientProtocolClient.java:onNext(255)) - client-A9DCF8B8BD5B->529edf8e-8eae-4246-b33f-5e44130d441c: receive RaftClientReply:client-A9DCF8B8BD5B->529edf8e-8eae-4246-b33f-5e44130d441c@group-A1CD1332DC7D, cid=1114, SUCCESS, logIndex=1496, commits[529edf8e-8eae-4246-b33f-5e44130d441c:c1497, 79bffca9-b028-4c53-a657-872ed973be73:c1495, 15654dff-55cd-4f70-96d8-4abf0c061563:c1491]
2019-07-09 15:04:23,609 INFO  client.GrpcClientProtocolClient (GrpcClientProtocolClient.java:onNext(255)) - client-A9DCF8B8BD5B->529edf8e-8eae-4246-b33f-5e44130d441c: receive RaftClientReply:client-A9DCF8B8BD5B->529edf8e-8eae-4246-b33f-5e44130d441c@group-A1CD1332DC7D, cid=1115, SUCCESS, logIndex=1497, commits[529edf8e-8eae-4246-b33f-5e44130d441c:c1497, 79bffca9-b028-4c53-a657-872ed973be73:c1495, 15654dff-55cd-4f70-96d8-4abf0c061563:c1495]
2019-07-09 15:04:23,630 INFO  client.GrpcClientProtocolClient (GrpcClientProtocolClient.java:onNext(255)) - client-A9DCF8B8BD5B->529edf8e-8eae-4246-b33f-5e44130d441c: receive RaftClientReply:client-A9DCF8B8BD5B->529edf8e-8eae-4246-b33f-5e44130d441c@group-A1CD1332DC7D, cid=1116, SUCCESS, logIndex=1500, commits[529edf8e-8eae-4246-b33f-5e44130d441c:c1501, 79bffca9-b028-4c53-a657-872ed973be73:c1499, 15654dff-55cd-4f70-96d8-4abf0c061563:c1499]
2019-07-09 15:04:23,630 INFO  client.GrpcClientProtocolClient (GrpcClientProtocolClient.java:onNext(255)) - client-A9DCF8B8BD5B->529edf8e-8eae-4246-b33f-5e44130d441c: receive RaftClientReply:client-A9DCF8B8BD5B->529edf8e-8eae-4246-b33f-5e44130d441c@group-A1CD1332DC7D, cid=1117, SUCCESS, logIndex=1501, commits[529edf8e-8eae-4246-b33f-5e44130d441c:c1501, 79bffca9-b028-4c53-a657-872ed973be73:c1499, 15654dff-55cd-4f70-96d8-4abf0c061563:c1499]
2019-07-09 15:04:23,643 INFO  client.GrpcClientProtocolClient (GrpcClientProtocolClient.java:onNext(255)) - client-A9DCF8B8BD5B->529edf8e-8eae-4246-b33f-5e44130d441c: receive RaftClientReply:client-A9DCF8B8BD5B->529edf8e-8eae-4246-b33f-5e44130d441c@group-A1CD1332DC7D, cid=1118, SUCCESS, logIndex=0, commits[529edf8e-8eae-4246-b33f-5e44130d441c:c1503, 79bffca9-b028-4c53-a657-872ed973be73:c1501, 15654dff-55cd-4f70-96d8-4abf0c061563:c1501]
2019-07-09 15:04:23,665 INFO  client.GrpcClientProtocolClient (GrpcClientProtocolClient.java:onNext(255)) - client-A9DCF8B8BD5B->529edf8e-8eae-4246-b33f-5e44130d441c: receive RaftClientReply:client-A9DCF8B8BD5B->529edf8e-8eae-4246-b33f-5e44130d441c@group-A1CD1332DC7D, cid=1119, SUCCESS, logIndex=1504, commits[529edf8e-8eae-4246-b33f-5e44130d441c:c1505, 79bffca9-b028-4c53-a657-872ed973be73:c1503, 15654dff-55cd-4f70-96d8-4abf0c061563:c1503]
2019-07-09 15:04:23,666 INFO  client.GrpcClientProtocolClient (GrpcClientProtocolClient.java:onNext(255)) - client-A9DCF8B8BD5B->529edf8e-8eae-4246-b33f-5e44130d441c: receive RaftClientReply:client-A9DCF8B8BD5B->529edf8e-8eae-4246-b33f-5e44130d441c@group-A1CD1332DC7D, cid=1120, SUCCESS, logIndex=1505, commits[529edf8e-8eae-4246-b33f-5e44130d441c:c1505, 79bffca9-b028-4c53-a657-872ed973be73:c1503, 15654dff-55cd-4f70-96d8-4abf0c061563:c1503]
2019-07-09 15:04:23,666 INFO  client.GrpcClientProtocolClient (GrpcClientProtocolClient.java:onNext(255)) - client-A9DCF8B8BD5B->529edf8e-8eae-4246-b33f-5e44130d441c: receive RaftClientReply:client-A9DCF8B8BD5B->529edf8e-8eae-4246-b33f-5e44130d441c@group-A1CD1332DC7D, cid=1121, SUCCESS, logIndex=1506, commits[529edf8e-8eae-4246-b33f-5e44130d441c:c1506, 79bffca9-b028-4c53-a657-872ed973be73:c1503, 15654dff-55cd-4f70-96d8-4abf0c061563:c1503]
2019-07-09 15:04:23,667 INFO  client.GrpcClientProtocolClient (GrpcClientProtocolClient.java:onNext(255)) - client-A9DCF8B8BD5B->529edf8e-8eae-4246-b33f-5e44130d441c: receive RaftClientReply:client-A9DCF8B8BD5B->529edf8e-8eae-4246-b33f-5e44130d441c@group-A1CD1332DC7D, cid=1122, SUCCESS, logIndex=1507, commits[529edf8e-8eae-4246-b33f-5e44130d441c:c1507, 79bffca9-b028-4c53-a657-872ed973be73:c1503, 15654dff-55cd-4f70-96d8-4abf0c061563:c1503]
2019-07-09 15:04:23,668 INFO  client.GrpcClientProtocolClient (GrpcClientProtocolClient.java:onNext(255)) - client-A9DCF8B8BD5B->529edf8e-8eae-4246-b33f-5e44130d441c: receive RaftClientReply:client-A9DCF8B8BD5B->529edf8e-8eae-4246-b33f-5e44130d441c@group-A1CD1332DC7D, cid=1123, SUCCESS, logIndex=0, commits[529edf8e-8eae-4246-b33f-5e44130d441c:c1509, 79bffca9-b028-4c53-a657-872ed973be73:c1505, 15654dff-55cd-4f70-96d8-4abf0c061563:c1505]
2019-07-09 15:04:23,688 INFO  client.GrpcClientProtocolClient (GrpcClientProtocolClient.java:onNext(255)) - client-A9DCF8B8BD5B->529edf8e-8eae-4246-b33f-5e44130d441c: receive RaftClientReply:client-A9DCF8B8BD5B->529edf8e-8eae-4246-b33f-5e44130d441c@group-A1CD1332DC7D, cid=1124, SUCCESS, logIndex=1512, commits[529edf8e-8eae-4246-b33f-5e44130d441c:c1513, 79bffca9-b028-4c53-a657-872ed973be73:c1511, 15654dff-55cd-4f70-96d8-4abf0c061563:c1511]
2019-07-09 15:04:23,689 INFO  client.GrpcClientProtocolClient (GrpcClientProtocolClient.java:onNext(255)) - client-A9DCF8B8BD5B->529edf8e-8eae-4246-b33f-5e44130d441c: receive RaftClientReply:client-A9DCF8B8BD5B->529edf8e-8eae-4246-b33f-5e44130d441c@group-A1CD1332DC7D, cid=1125, SUCCESS, logIndex=1513, commits[529edf8e-8eae-4246-b33f-5e44130d441c:c1513, 79bffca9-b028-4c53-a657-872ed973be73:c1511, 15654dff-55cd-4f70-96d8-4abf0c061563:c1511]
2019-07-09 15:04:23,702 INFO  client.GrpcClientProtocolClient (GrpcClientProtocolClient.java:onNext(255)) - client-A9DCF8B8BD5B->529edf8e-8eae-4246-b33f-5e44130d441c: receive RaftClientReply:client-A9DCF8B8BD5B->529edf8e-8eae-4246-b33f-5e44130d441c@group-A1CD1332DC7D, cid=1126, SUCCESS, logIndex=1516, commits[529edf8e-8eae-4246-b33f-5e44130d441c:c1517, 79bffca9-b028-4c53-a657-872ed973be73:c1513, 15654dff-55cd-4f70-96d8-4abf0c061563:c1513]
2019-07-09 15:04:23,702 INFO  client.GrpcClientProtocolClient (GrpcClientProtocolClient.java:onNext(255)) - client-A9DCF8B8BD5B->529edf8e-8eae-4246-b33f-5e44130d441c: receive RaftClientReply:client-A9DCF8B8BD5B->529edf8e-8eae-4246-b33f-5e44130d441c@group-A1CD1332DC7D, cid=1127, SUCCESS, logIndex=1517, commits[529edf8e-8eae-4246-b33f-5e44130d441c:c1517, 79bffca9-b028-4c53-a657-872ed973be73:c1513, 15654dff-55cd-4f70-96d8-4abf0c061563:c1513]
2019-07-09 15:04:23,705 INFO  client.GrpcClientProtocolClient (GrpcClientProtocolClient.java:onNext(255)) - client-A9DCF8B8BD5B->529edf8e-8eae-4246-b33f-5e44130d441c: receive RaftClientReply:client-A9DCF8B8BD5B->529edf8e-8eae-4246-b33f-5e44130d441c@group-A1CD1332DC7D, cid=1128, SUCCESS, logIndex=0, commits[529edf8e-8eae-4246-b33f-5e44130d441c:c1519, 79bffca9-b028-4c53-a657-872ed973be73:c1517, 15654dff-55cd-4f70-96d8-4abf0c061563:c1517]
2019-07-09 15:04:23,842 INFO  client.GrpcClientProtocolClient (GrpcClientProtocolClient.java:onNext(255)) - client-A9DCF8B8BD5B->529edf8e-8eae-4246-b33f-5e44130d441c: receive RaftClientReply:client-A9DCF8B8BD5B->529edf8e-8eae-4246-b33f-5e44130d441c@group-A1CD1332DC7D, cid=1129, SUCCESS, logIndex=1520, commits[529edf8e-8eae-4246-b33f-5e44130d441c:c1521, 79bffca9-b028-4c53-a657-872ed973be73:c1519, 15654dff-55cd-4f70-96d8-4abf0c061563:c1519]
2019-07-09 15:04:23,843 INFO  client.GrpcClientProtocolClient (GrpcClientProtocolClient.java:onNext(255)) - client-A9DCF8B8BD5B->529edf8e-8eae-4246-b33f-5e44130d441c: receive RaftClientReply:client-A9DCF8B8BD5B->529edf8e-8eae-4246-b33f-5e44130d441c@group-A1CD1332DC7D, cid=1130, SUCCESS, logIndex=1521, commits[529edf8e-8eae-4246-b33f-5e44130d441c:c1521, 79bffca9-b028-4c53-a657-872ed973be73:c1519, 15654dff-55cd-4f70-96d8-4abf0c061563:c1519]
2019-07-09 15:04:23,844 INFO  client.GrpcClientProtocolClient (GrpcClientProtocolClient.java:onNext(255)) - client-A9DCF8B8BD5B->529edf8e-8eae-4246-b33f-5e44130d441c: receive RaftClientReply:client-A9DCF8B8BD5B->529edf8e-8eae-4246-b33f-5e44130d441c@group-A1CD1332DC7D, cid=1131, SUCCESS, logIndex=1522, commits[529edf8e-8eae-4246-b33f-5e44130d441c:c1523, 79bffca9-b028-4c53-a657-872ed973be73:c1519, 15654dff-55cd-4f70-96d8-4abf0c061563:c1519]
2019-07-09 15:04:23,844 INFO  client.GrpcClientProtocolClient (GrpcClientProtocolClient.java:onNext(255)) - client-A9DCF8B8BD5B->529edf8e-8eae-4246-b33f-5e44130d441c: receive RaftClientReply:client-A9DCF8B8BD5B->529edf8e-8eae-4246-b33f-5e44130d441c@group-A1CD1332DC7D, cid=1132, SUCCESS, logIndex=1523, commits[529edf8e-8eae-4246-b33f-5e44130d441c:c1523, 79bffca9-b028-4c53-a657-872ed973be73:c1519, 15654dff-55cd-4f70-96d8-4abf0c061563:c1519]
 0.00% |█                                                                                                    |  0/1 Time: 0:00:062019-07-09 15:04:23,866 INFO  client.GrpcClientProtocolClient (GrpcClientProtocolClient.java:onNext(255)) - client-A9DCF8B8BD5B->529edf8e-8eae-4246-b33f-5e44130d441c: receive RaftClientReply:client-A9DCF8B8BD5B->529edf8e-8eae-4246-b33f-5e44130d441c@group-A1CD1332DC7D, cid=1133, SUCCESS, logIndex=0, commits[529edf8e-8eae-4246-b33f-5e44130d441c:c1527, 79bffca9-b028-4c53-a657-872ed973be73:c1523, 15654dff-55cd-4f70-96d8-4abf0c061563:c1521]
2019-07-09 15:04:23,889 INFO  client.GrpcClientProtocolClient (GrpcClientProtocolClient.java:onNext(255)) - client-A9DCF8B8BD5B->529edf8e-8eae-4246-b33f-5e44130d441c: receive RaftClientReply:client-A9DCF8B8BD5B->529edf8e-8eae-4246-b33f-5e44130d441c@group-A1CD1332DC7D, cid=1134, SUCCESS, logIndex=1528, commits[529edf8e-8eae-4246-b33f-5e44130d441c:c1529, 79bffca9-b028-4c53-a657-872ed973be73:c1527, 15654dff-55cd-4f70-96d8-4abf0c061563:c1527]
2019-07-09 15:04:23,889 INFO  client.GrpcClientProtocolClient (GrpcClientProtocolClient.java:onNext(255)) - client-A9DCF8B8BD5B->529edf8e-8eae-4246-b33f-5e44130d441c: receive RaftClientReply:client-A9DCF8B8BD5B->529edf8e-8eae-4246-b33f-5e44130d441c@group-A1CD1332DC7D, cid=1135, SUCCESS, logIndex=1529, commits[529edf8e-8eae-4246-b33f-5e44130d441c:c1529, 79bffca9-b028-4c53-a657-872ed973be73:c1527, 15654dff-55cd-4f70-96d8-4abf0c061563:c1527]
2019-07-09 15:04:23,915 INFO  client.GrpcClientProtocolClient (GrpcClientProtocolClient.java:onNext(255)) - client-A9DCF8B8BD5B->529edf8e-8eae-4246-b33f-5e44130d441c: receive RaftClientReply:client-A9DCF8B8BD5B->529edf8e-8eae-4246-b33f-5e44130d441c@group-A1CD1332DC7D, cid=1136, SUCCESS, logIndex=1532, commits[529edf8e-8eae-4246-b33f-5e44130d441c:c1533, 79bffca9-b028-4c53-a657-872ed973be73:c1529, 15654dff-55cd-4f70-96d8-4abf0c061563:c1529]
2019-07-09 15:04:23,915 INFO  client.GrpcClientProtocolClient (GrpcClientProtocolClient.java:onNext(255)) - client-A9DCF8B8BD5B->529edf8e-8eae-4246-b33f-5e44130d441c: receive RaftClientReply:client-A9DCF8B8BD5B->529edf8e-8eae-4246-b33f-5e44130d441c@group-A1CD1332DC7D, cid=1137, SUCCESS, logIndex=1533, commits[529edf8e-8eae-4246-b33f-5e44130d441c:c1533, 79bffca9-b028-4c53-a657-872ed973be73:c1529, 15654dff-55cd-4f70-96d8-4abf0c061563:c1529]
2019-07-09 15:04:23,929 INFO  client.GrpcClientProtocolClient (GrpcClientProtocolClient.java:onNext(255)) - client-A9DCF8B8BD5B->529edf8e-8eae-4246-b33f-5e44130d441c: receive RaftClientReply:client-A9DCF8B8BD5B->529edf8e-8eae-4246-b33f-5e44130d441c@group-A1CD1332DC7D, cid=1138, SUCCESS, logIndex=0, commits[529edf8e-8eae-4246-b33f-5e44130d441c:c1534, 79bffca9-b028-4c53-a657-872ed973be73:c1533, 15654dff-55cd-4f70-96d8-4abf0c061563:c1533]
2019-07-09 15:04:23,951 INFO  client.GrpcClientProtocolClient (GrpcClientProtocolClient.java:onNext(255)) - client-A9DCF8B8BD5B->529edf8e-8eae-4246-b33f-5e44130d441c: receive RaftClientReply:client-A9DCF8B8BD5B->529edf8e-8eae-4246-b33f-5e44130d441c@group-A1CD1332DC7D, cid=1139, SUCCESS, logIndex=1536, commits[529edf8e-8eae-4246-b33f-5e44130d441c:c1537, 79bffca9-b028-4c53-a657-872ed973be73:c1535, 15654dff-55cd-4f70-96d8-4abf0c061563:c1535]
2019-07-09 15:04:23,952 INFO  client.GrpcClientProtocolClient (GrpcClientProtocolClient.java:onNext(255)) - client-A9DCF8B8BD5B->529edf8e-8eae-4246-b33f-5e44130d441c: receive RaftClientReply:client-A9DCF8B8BD5B->529edf8e-8eae-4246-b33f-5e44130d441c@group-A1CD1332DC7D, cid=1140, SUCCESS, logIndex=1537, commits[529edf8e-8eae-4246-b33f-5e44130d441c:c1539, 79bffca9-b028-4c53-a657-872ed973be73:c1535, 15654dff-55cd-4f70-96d8-4abf0c061563:c1535]
2019-07-09 15:04:23,953 INFO  client.GrpcClientProtocolClient (GrpcClientProtocolClient.java:onNext(255)) - client-A9DCF8B8BD5B->529edf8e-8eae-4246-b33f-5e44130d441c: receive RaftClientReply:client-A9DCF8B8BD5B->529edf8e-8eae-4246-b33f-5e44130d441c@group-A1CD1332DC7D, cid=1141, SUCCESS, logIndex=1538, commits[529edf8e-8eae-4246-b33f-5e44130d441c:c1539, 79bffca9-b028-4c53-a657-872ed973be73:c1535, 15654dff-55cd-4f70-96d8-4abf0c061563:c1535]
2019-07-09 15:04:23,953 INFO  client.GrpcClientProtocolClient (GrpcClientProtocolClient.java:onNext(255)) - client-A9DCF8B8BD5B->529edf8e-8eae-4246-b33f-5e44130d441c: receive RaftClientReply:client-A9DCF8B8BD5B->529edf8e-8eae-4246-b33f-5e44130d441c@group-A1CD1332DC7D, cid=1142, SUCCESS, logIndex=1539, commits[529edf8e-8eae-4246-b33f-5e44130d441c:c1539, 79bffca9-b028-4c53-a657-872ed973be73:c1535, 15654dff-55cd-4f70-96d8-4abf0c061563:c1535]
2019-07-09 15:04:23,954 INFO  client.GrpcClientProtocolClient (GrpcClientProtocolClient.java:onNext(255)) - client-A9DCF8B8BD5B->529edf8e-8eae-4246-b33f-5e44130d441c: receive RaftClientReply:client-A9DCF8B8BD5B->529edf8e-8eae-4246-b33f-5e44130d441c@group-A1CD1332DC7D, cid=1143, SUCCESS, logIndex=0, commits[529edf8e-8eae-4246-b33f-5e44130d441c:c1541, 79bffca9-b028-4c53-a657-872ed973be73:c1537, 15654dff-55cd-4f70-96d8-4abf0c061563:c1539]
2019-07-09 15:04:23,976 INFO  client.GrpcClientProtocolClient (GrpcClientProtocolClient.java:onNext(255)) - client-A9DCF8B8BD5B->529edf8e-8eae-4246-b33f-5e44130d441c: receive RaftClientReply:client-A9DCF8B8BD5B->529edf8e-8eae-4246-b33f-5e44130d441c@group-A1CD1332DC7D, cid=1144, SUCCESS, logIndex=1543, commits[529edf8e-8eae-4246-b33f-5e44130d441c:c1544, 79bffca9-b028-4c53-a657-872ed973be73:c1542, 15654dff-55cd-4f70-96d8-4abf0c061563:c1542]
2019-07-09 15:04:23,976 INFO  client.GrpcClientProtocolClient (GrpcClientProtocolClient.java:onNext(255)) - client-A9DCF8B8BD5B->529edf8e-8eae-4246-b33f-5e44130d441c: receive RaftClientReply:client-A9DCF8B8BD5B->529edf8e-8eae-4246-b33f-5e44130d441c@group-A1CD1332DC7D, cid=1145, SUCCESS, logIndex=1544, commits[529edf8e-8eae-4246-b33f-5e44130d441c:c1544, 79bffca9-b028-4c53-a657-872ed973be73:c1542, 15654dff-55cd-4f70-96d8-4abf0c061563:c1542]
2019-07-09 15:04:24,018 INFO  client.GrpcClientProtocolClient (GrpcClientProtocolClient.java:onNext(255)) - client-A9DCF8B8BD5B->529edf8e-8eae-4246-b33f-5e44130d441c: receive RaftClientReply:client-A9DCF8B8BD5B->529edf8e-8eae-4246-b33f-5e44130d441c@group-A1CD1332DC7D, cid=1146, SUCCESS, logIndex=1547, commits[529edf8e-8eae-4246-b33f-5e44130d441c:c1548, 79bffca9-b028-4c53-a657-872ed973be73:c1544, 15654dff-55cd-4f70-96d8-4abf0c061563:c1544]
2019-07-09 15:04:24,018 INFO  client.GrpcClientProtocolClient (GrpcClientProtocolClient.java:onNext(255)) - client-A9DCF8B8BD5B->529edf8e-8eae-4246-b33f-5e44130d441c: receive RaftClientReply:client-A9DCF8B8BD5B->529edf8e-8eae-4246-b33f-5e44130d441c@group-A1CD1332DC7D, cid=1147, SUCCESS, logIndex=1548, commits[529edf8e-8eae-4246-b33f-5e44130d441c:c1548, 79bffca9-b028-4c53-a657-872ed973be73:c1544, 15654dff-55cd-4f70-96d8-4abf0c061563:c1544]
2019-07-09 15:04:24,032 INFO  client.GrpcClientProtocolClient (GrpcClientProtocolClient.java:onNext(255)) - client-A9DCF8B8BD5B->529edf8e-8eae-4246-b33f-5e44130d441c: receive RaftClientReply:client-A9DCF8B8BD5B->529edf8e-8eae-4246-b33f-5e44130d441c@group-A1CD1332DC7D, cid=1148, SUCCESS, logIndex=0, commits[529edf8e-8eae-4246-b33f-5e44130d441c:c1550, 79bffca9-b028-4c53-a657-872ed973be73:c1548, 15654dff-55cd-4f70-96d8-4abf0c061563:c1548]
2019-07-09 15:04:24,053 INFO  client.GrpcClientProtocolClient (GrpcClientProtocolClient.java:onNext(255)) - client-A9DCF8B8BD5B->529edf8e-8eae-4246-b33f-5e44130d441c: receive RaftClientReply:client-A9DCF8B8BD5B->529edf8e-8eae-4246-b33f-5e44130d441c@group-A1CD1332DC7D, cid=1149, SUCCESS, logIndex=1551, commits[529edf8e-8eae-4246-b33f-5e44130d441c:c1552, 79bffca9-b028-4c53-a657-872ed973be73:c1550, 15654dff-55cd-4f70-96d8-4abf0c061563:c1550]
2019-07-09 15:04:24,054 INFO  client.GrpcClientProtocolClient (GrpcClientProtocolClient.java:onNext(255)) - client-A9DCF8B8BD5B->529edf8e-8eae-4246-b33f-5e44130d441c: receive RaftClientReply:client-A9DCF8B8BD5B->529edf8e-8eae-4246-b33f-5e44130d441c@group-A1CD1332DC7D, cid=1150, SUCCESS, logIndex=1552, commits[529edf8e-8eae-4246-b33f-5e44130d441c:c1552, 79bffca9-b028-4c53-a657-872ed973be73:c1550, 15654dff-55cd-4f70-96d8-4abf0c061563:c1550]
2019-07-09 15:04:24,055 INFO  client.GrpcClientProtocolClient (GrpcClientProtocolClient.java:onNext(255)) - client-A9DCF8B8BD5B->529edf8e-8eae-4246-b33f-5e44130d441c: receive RaftClientReply:client-A9DCF8B8BD5B->529edf8e-8eae-4246-b33f-5e44130d441c@group-A1CD1332DC7D, cid=1151, SUCCESS, logIndex=1553, commits[529edf8e-8eae-4246-b33f-5e44130d441c:c1553, 79bffca9-b028-4c53-a657-872ed973be73:c1550, 15654dff-55cd-4f70-96d8-4abf0c061563:c1550]
2019-07-09 15:04:24,055 INFO  client.GrpcClientProtocolClient (GrpcClientProtocolClient.java:onNext(255)) - client-A9DCF8B8BD5B->529edf8e-8eae-4246-b33f-5e44130d441c: receive RaftClientReply:client-A9DCF8B8BD5B->529edf8e-8eae-4246-b33f-5e44130d441c@group-A1CD1332DC7D, cid=1152, SUCCESS, logIndex=1554, commits[529edf8e-8eae-4246-b33f-5e44130d441c:c1554, 79bffca9-b028-4c53-a657-872ed973be73:c1550, 15654dff-55cd-4f70-96d8-4abf0c061563:c1550]
2019-07-09 15:04:24,057 INFO  client.GrpcClientProtocolClient (GrpcClientProtocolClient.java:onNext(255)) - client-A9DCF8B8BD5B->529edf8e-8eae-4246-b33f-5e44130d441c: receive RaftClientReply:client-A9DCF8B8BD5B->529edf8e-8eae-4246-b33f-5e44130d441c@group-A1CD1332DC7D, cid=1153, SUCCESS, logIndex=0, commits[529edf8e-8eae-4246-b33f-5e44130d441c:c1558, 79bffca9-b028-4c53-a657-872ed973be73:c1552, 15654dff-55cd-4f70-96d8-4abf0c061563:c1554]
2019-07-09 15:04:24,078 INFO  client.GrpcClientProtocolClient (GrpcClientProtocolClient.java:onNext(255)) - client-A9DCF8B8BD5B->529edf8e-8eae-4246-b33f-5e44130d441c: receive RaftClientReply:client-A9DCF8B8BD5B->529edf8e-8eae-4246-b33f-5e44130d441c@group-A1CD1332DC7D, cid=1154, SUCCESS, logIndex=1559, commits[529edf8e-8eae-4246-b33f-5e44130d441c:c1560, 79bffca9-b028-4c53-a657-872ed973be73:c1558, 15654dff-55cd-4f70-96d8-4abf0c061563:c1558]
2019-07-09 15:04:24,079 INFO  client.GrpcClientProtocolClient (GrpcClientProtocolClient.java:onNext(255)) - client-A9DCF8B8BD5B->529edf8e-8eae-4246-b33f-5e44130d441c: receive RaftClientReply:client-A9DCF8B8BD5B->529edf8e-8eae-4246-b33f-5e44130d441c@group-A1CD1332DC7D, cid=1155, SUCCESS, logIndex=1560, commits[529edf8e-8eae-4246-b33f-5e44130d441c:c1560, 79bffca9-b028-4c53-a657-872ed973be73:c1558, 15654dff-55cd-4f70-96d8-4abf0c061563:c1558]
2019-07-09 15:04:24,093 INFO  client.GrpcClientProtocolClient (GrpcClientProtocolClient.java:onNext(255)) - client-A9DCF8B8BD5B->529edf8e-8eae-4246-b33f-5e44130d441c: receive RaftClientReply:client-A9DCF8B8BD5B->529edf8e-8eae-4246-b33f-5e44130d441c@group-A1CD1332DC7D, cid=1156, SUCCESS, logIndex=1563, commits[529edf8e-8eae-4246-b33f-5e44130d441c:c1564, 79bffca9-b028-4c53-a657-872ed973be73:c1560, 15654dff-55cd-4f70-96d8-4abf0c061563:c1560]
2019-07-09 15:04:24,093 INFO  client.GrpcClientProtocolClient (GrpcClientProtocolClient.java:onNext(255)) - client-A9DCF8B8BD5B->529edf8e-8eae-4246-b33f-5e44130d441c: receive RaftClientReply:client-A9DCF8B8BD5B->529edf8e-8eae-4246-b33f-5e44130d441c@group-A1CD1332DC7D, cid=1157, SUCCESS, logIndex=1564, commits[529edf8e-8eae-4246-b33f-5e44130d441c:c1564, 79bffca9-b028-4c53-a657-872ed973be73:c1560, 15654dff-55cd-4f70-96d8-4abf0c061563:c1560]
2019-07-09 15:04:24,105 INFO  client.GrpcClientProtocolClient (GrpcClientProtocolClient.java:onNext(255)) - client-A9DCF8B8BD5B->529edf8e-8eae-4246-b33f-5e44130d441c: receive RaftClientReply:client-A9DCF8B8BD5B->529edf8e-8eae-4246-b33f-5e44130d441c@group-A1CD1332DC7D, cid=1158, SUCCESS, logIndex=0, commits[529edf8e-8eae-4246-b33f-5e44130d441c:c1565, 79bffca9-b028-4c53-a657-872ed973be73:c1564, 15654dff-55cd-4f70-96d8-4abf0c061563:c1564]
2019-07-09 15:04:24,126 INFO  client.GrpcClientProtocolClient (GrpcClientProtocolClient.java:onNext(255)) - client-A9DCF8B8BD5B->529edf8e-8eae-4246-b33f-5e44130d441c: receive RaftClientReply:client-A9DCF8B8BD5B->529edf8e-8eae-4246-b33f-5e44130d441c@group-A1CD1332DC7D, cid=1159, SUCCESS, logIndex=1567, commits[529edf8e-8eae-4246-b33f-5e44130d441c:c1568, 79bffca9-b028-4c53-a657-872ed973be73:c1566, 15654dff-55cd-4f70-96d8-4abf0c061563:c1566]
2019-07-09 15:04:24,127 INFO  client.GrpcClientProtocolClient (GrpcClientProtocolClient.java:onNext(255)) - client-A9DCF8B8BD5B->529edf8e-8eae-4246-b33f-5e44130d441c: receive RaftClientReply:client-A9DCF8B8BD5B->529edf8e-8eae-4246-b33f-5e44130d441c@group-A1CD1332DC7D, cid=1160, SUCCESS, logIndex=1568, commits[529edf8e-8eae-4246-b33f-5e44130d441c:c1568, 79bffca9-b028-4c53-a657-872ed973be73:c1566, 15654dff-55cd-4f70-96d8-4abf0c061563:c1566]
2019-07-09 15:04:24,128 INFO  client.GrpcClientProtocolClient (GrpcClientProtocolClient.java:onNext(255)) - client-A9DCF8B8BD5B->529edf8e-8eae-4246-b33f-5e44130d441c: receive RaftClientReply:client-A9DCF8B8BD5B->529edf8e-8eae-4246-b33f-5e44130d441c@group-A1CD1332DC7D, cid=1161, SUCCESS, logIndex=1569, commits[529edf8e-8eae-4246-b33f-5e44130d441c:c1570, 79bffca9-b028-4c53-a657-872ed973be73:c1566, 15654dff-55cd-4f70-96d8-4abf0c061563:c1566]
2019-07-09 15:04:24,128 INFO  client.GrpcClientProtocolClient (GrpcClientProtocolClient.java:onNext(255)) - client-A9DCF8B8BD5B->529edf8e-8eae-4246-b33f-5e44130d441c: receive RaftClientReply:client-A9DCF8B8BD5B->529edf8e-8eae-4246-b33f-5e44130d441c@group-A1CD1332DC7D, cid=1162, SUCCESS, logIndex=1570, commits[529edf8e-8eae-4246-b33f-5e44130d441c:c1570, 79bffca9-b028-4c53-a657-872ed973be73:c1566, 15654dff-55cd-4f70-96d8-4abf0c061563:c1566]
2019-07-09 15:04:24,129 INFO  client.GrpcClientProtocolClient (GrpcClientProtocolClient.java:onNext(255)) - client-A9DCF8B8BD5B->529edf8e-8eae-4246-b33f-5e44130d441c: receive RaftClientReply:client-A9DCF8B8BD5B->529edf8e-8eae-4246-b33f-5e44130d441c@group-A1CD1332DC7D, cid=1163, SUCCESS, logIndex=0, commits[529edf8e-8eae-4246-b33f-5e44130d441c:c1572, 79bffca9-b028-4c53-a657-872ed973be73:c1568, 15654dff-55cd-4f70-96d8-4abf0c061563:c1568]
2019-07-09 15:04:24,211 INFO  client.GrpcClientProtocolClient (GrpcClientProtocolClient.java:onNext(255)) - client-A9DCF8B8BD5B->529edf8e-8eae-4246-b33f-5e44130d441c: receive RaftClientReply:client-A9DCF8B8BD5B->529edf8e-8eae-4246-b33f-5e44130d441c@group-A1CD1332DC7D, cid=1164, SUCCESS, logIndex=1575, commits[529edf8e-8eae-4246-b33f-5e44130d441c:c1576, 79bffca9-b028-4c53-a657-872ed973be73:c1574, 15654dff-55cd-4f70-96d8-4abf0c061563:c1574]
2019-07-09 15:04:24,212 INFO  client.GrpcClientProtocolClient (GrpcClientProtocolClient.java:onNext(255)) - client-A9DCF8B8BD5B->529edf8e-8eae-4246-b33f-5e44130d441c: receive RaftClientReply:client-A9DCF8B8BD5B->529edf8e-8eae-4246-b33f-5e44130d441c@group-A1CD1332DC7D, cid=1165, SUCCESS, logIndex=1576, commits[529edf8e-8eae-4246-b33f-5e44130d441c:c1576, 79bffca9-b028-4c53-a657-872ed973be73:c1574, 15654dff-55cd-4f70-96d8-4abf0c061563:c1574]
2019-07-09 15:04:24,237 INFO  client.GrpcClientProtocolClient (GrpcClientProtocolClient.java:onNext(255)) - client-A9DCF8B8BD5B->529edf8e-8eae-4246-b33f-5e44130d441c: receive RaftClientReply:client-A9DCF8B8BD5B->529edf8e-8eae-4246-b33f-5e44130d441c@group-A1CD1332DC7D, cid=1166, SUCCESS, logIndex=1579, commits[529edf8e-8eae-4246-b33f-5e44130d441c:c1580, 79bffca9-b028-4c53-a657-872ed973be73:c1576, 15654dff-55cd-4f70-96d8-4abf0c061563:c1576]
2019-07-09 15:04:24,238 INFO  client.GrpcClientProtocolClient (GrpcClientProtocolClient.java:onNext(255)) - client-A9DCF8B8BD5B->529edf8e-8eae-4246-b33f-5e44130d441c: receive RaftClientReply:client-A9DCF8B8BD5B->529edf8e-8eae-4246-b33f-5e44130d441c@group-A1CD1332DC7D, cid=1167, SUCCESS, logIndex=1580, commits[529edf8e-8eae-4246-b33f-5e44130d441c:c1580, 79bffca9-b028-4c53-a657-872ed973be73:c1576, 15654dff-55cd-4f70-96d8-4abf0c061563:c1576]
2019-07-09 15:04:24,250 INFO  client.GrpcClientProtocolClient (GrpcClientProtocolClient.java:onNext(255)) - client-A9DCF8B8BD5B->529edf8e-8eae-4246-b33f-5e44130d441c: receive RaftClientReply:client-A9DCF8B8BD5B->529edf8e-8eae-4246-b33f-5e44130d441c@group-A1CD1332DC7D, cid=1168, SUCCESS, logIndex=0, commits[529edf8e-8eae-4246-b33f-5e44130d441c:c1582, 79bffca9-b028-4c53-a657-872ed973be73:c1580, 15654dff-55cd-4f70-96d8-4abf0c061563:c1580]
2019-07-09 15:04:24,265 INFO  client.GrpcClientProtocolClient (GrpcClientProtocolClient.java:onNext(255)) - client-A9DCF8B8BD5B->529edf8e-8eae-4246-b33f-5e44130d441c: receive RaftClientReply:client-A9DCF8B8BD5B->529edf8e-8eae-4246-b33f-5e44130d441c@group-A1CD1332DC7D, cid=1169, SUCCESS, logIndex=1583, commits[529edf8e-8eae-4246-b33f-5e44130d441c:c1584, 79bffca9-b028-4c53-a657-872ed973be73:c1582, 15654dff-55cd-4f70-96d8-4abf0c061563:c1580]
2019-07-09 15:04:24,265 INFO  client.GrpcClientProtocolClient (GrpcClientProtocolClient.java:onNext(255)) - client-A9DCF8B8BD5B->529edf8e-8eae-4246-b33f-5e44130d441c: receive RaftClientReply:client-A9DCF8B8BD5B->529edf8e-8eae-4246-b33f-5e44130d441c@group-A1CD1332DC7D, cid=1170, SUCCESS, logIndex=1584, commits[529edf8e-8eae-4246-b33f-5e44130d441c:c1584, 79bffca9-b028-4c53-a657-872ed973be73:c1582, 15654dff-55cd-4f70-96d8-4abf0c061563:c1580]
2019-07-09 15:04:24,267 INFO  client.GrpcClientProtocolClient (GrpcClientProtocolClient.java:onNext(255)) - client-A9DCF8B8BD5B->529edf8e-8eae-4246-b33f-5e44130d441c: receive RaftClientReply:client-A9DCF8B8BD5B->529edf8e-8eae-4246-b33f-5e44130d441c@group-A1CD1332DC7D, cid=1171, SUCCESS, logIndex=1585, commits[529edf8e-8eae-4246-b33f-5e44130d441c:c1586, 79bffca9-b028-4c53-a657-872ed973be73:c1582, 15654dff-55cd-4f70-96d8-4abf0c061563:c1582]
2019-07-09 15:04:24,267 INFO  client.GrpcClientProtocolClient (GrpcClientProtocolClient.java:onNext(255)) - client-A9DCF8B8BD5B->529edf8e-8eae-4246-b33f-5e44130d441c: receive RaftClientReply:client-A9DCF8B8BD5B->529edf8e-8eae-4246-b33f-5e44130d441c@group-A1CD1332DC7D, cid=1172, SUCCESS, logIndex=1586, commits[529edf8e-8eae-4246-b33f-5e44130d441c:c1586, 79bffca9-b028-4c53-a657-872ed973be73:c1582, 15654dff-55cd-4f70-96d8-4abf0c061563:c1582]
2019-07-09 15:04:24,269 INFO  client.GrpcClientProtocolClient (GrpcClientProtocolClient.java:onNext(255)) - client-A9DCF8B8BD5B->529edf8e-8eae-4246-b33f-5e44130d441c: receive RaftClientReply:client-A9DCF8B8BD5B->529edf8e-8eae-4246-b33f-5e44130d441c@group-A1CD1332DC7D, cid=1173, SUCCESS, logIndex=0, commits[529edf8e-8eae-4246-b33f-5e44130d441c:c1588, 79bffca9-b028-4c53-a657-872ed973be73:c1584, 15654dff-55cd-4f70-96d8-4abf0c061563:c1584]
2019-07-09 15:04:24,289 INFO  client.GrpcClientProtocolClient (GrpcClientProtocolClient.java:onNext(255)) - client-A9DCF8B8BD5B->529edf8e-8eae-4246-b33f-5e44130d441c: receive RaftClientReply:client-A9DCF8B8BD5B->529edf8e-8eae-4246-b33f-5e44130d441c@group-A1CD1332DC7D, cid=1174, SUCCESS, logIndex=1591, commits[529edf8e-8eae-4246-b33f-5e44130d441c:c1592, 79bffca9-b028-4c53-a657-872ed973be73:c1590, 15654dff-55cd-4f70-96d8-4abf0c061563:c1590]
2019-07-09 15:04:24,290 INFO  client.GrpcClientProtocolClient (GrpcClientProtocolClient.java:onNext(255)) - client-A9DCF8B8BD5B->529edf8e-8eae-4246-b33f-5e44130d441c: receive RaftClientReply:client-A9DCF8B8BD5B->529edf8e-8eae-4246-b33f-5e44130d441c@group-A1CD1332DC7D, cid=1175, SUCCESS, logIndex=1592, commits[529edf8e-8eae-4246-b33f-5e44130d441c:c1592, 79bffca9-b028-4c53-a657-872ed973be73:c1590, 15654dff-55cd-4f70-96d8-4abf0c061563:c1590]
2019-07-09 15:04:24,304 INFO  client.GrpcClientProtocolClient (GrpcClientProtocolClient.java:onNext(255)) - client-A9DCF8B8BD5B->529edf8e-8eae-4246-b33f-5e44130d441c: receive RaftClientReply:client-A9DCF8B8BD5B->529edf8e-8eae-4246-b33f-5e44130d441c@group-A1CD1332DC7D, cid=1176, SUCCESS, logIndex=1595, commits[529edf8e-8eae-4246-b33f-5e44130d441c:c1595, 79bffca9-b028-4c53-a657-872ed973be73:c1592, 15654dff-55cd-4f70-96d8-4abf0c061563:c1592]
2019-07-09 15:04:24,305 INFO  client.GrpcClientProtocolClient (GrpcClientProtocolClient.java:onNext(255)) - client-A9DCF8B8BD5B->529edf8e-8eae-4246-b33f-5e44130d441c: receive RaftClientReply:client-A9DCF8B8BD5B->529edf8e-8eae-4246-b33f-5e44130d441c@group-A1CD1332DC7D, cid=1177, SUCCESS, logIndex=1596, commits[529edf8e-8eae-4246-b33f-5e44130d441c:c1596, 79bffca9-b028-4c53-a657-872ed973be73:c1592, 15654dff-55cd-4f70-96d8-4abf0c061563:c1592]
2019-07-09 15:04:24,317 INFO  client.GrpcClientProtocolClient (GrpcClientProtocolClient.java:onNext(255)) - client-A9DCF8B8BD5B->529edf8e-8eae-4246-b33f-5e44130d441c: receive RaftClientReply:client-A9DCF8B8BD5B->529edf8e-8eae-4246-b33f-5e44130d441c@group-A1CD1332DC7D, cid=1178, SUCCESS, logIndex=0, commits[529edf8e-8eae-4246-b33f-5e44130d441c:c1598, 79bffca9-b028-4c53-a657-872ed973be73:c1596, 15654dff-55cd-4f70-96d8-4abf0c061563:c1596]
2019-07-09 15:04:24,338 INFO  client.GrpcClientProtocolClient (GrpcClientProtocolClient.java:onNext(255)) - client-A9DCF8B8BD5B->529edf8e-8eae-4246-b33f-5e44130d441c: receive RaftClientReply:client-A9DCF8B8BD5B->529edf8e-8eae-4246-b33f-5e44130d441c@group-A1CD1332DC7D, cid=1179, SUCCESS, logIndex=1599, commits[529edf8e-8eae-4246-b33f-5e44130d441c:c1600, 79bffca9-b028-4c53-a657-872ed973be73:c1598, 15654dff-55cd-4f70-96d8-4abf0c061563:c1598]
2019-07-09 15:04:24,338 INFO  client.GrpcClientProtocolClient (GrpcClientProtocolClient.java:onNext(255)) - client-A9DCF8B8BD5B->529edf8e-8eae-4246-b33f-5e44130d441c: receive RaftClientReply:client-A9DCF8B8BD5B->529edf8e-8eae-4246-b33f-5e44130d441c@group-A1CD1332DC7D, cid=1180, SUCCESS, logIndex=1600, commits[529edf8e-8eae-4246-b33f-5e44130d441c:c1600, 79bffca9-b028-4c53-a657-872ed973be73:c1598, 15654dff-55cd-4f70-96d8-4abf0c061563:c1598]
2019-07-09 15:04:24,338 INFO  client.GrpcClientProtocolClient (GrpcClientProtocolClient.java:onNext(255)) - client-A9DCF8B8BD5B->529edf8e-8eae-4246-b33f-5e44130d441c: receive RaftClientReply:client-A9DCF8B8BD5B->529edf8e-8eae-4246-b33f-5e44130d441c@group-A1CD1332DC7D, cid=1181, SUCCESS, logIndex=1601, commits[529edf8e-8eae-4246-b33f-5e44130d441c:c1602, 79bffca9-b028-4c53-a657-872ed973be73:c1598, 15654dff-55cd-4f70-96d8-4abf0c061563:c1598]
2019-07-09 15:04:24,339 INFO  client.GrpcClientProtocolClient (GrpcClientProtocolClient.java:onNext(255)) - client-A9DCF8B8BD5B->529edf8e-8eae-4246-b33f-5e44130d441c: receive RaftClientReply:client-A9DCF8B8BD5B->529edf8e-8eae-4246-b33f-5e44130d441c@group-A1CD1332DC7D, cid=1182, SUCCESS, logIndex=1602, commits[529edf8e-8eae-4246-b33f-5e44130d441c:c1602, 79bffca9-b028-4c53-a657-872ed973be73:c1598, 15654dff-55cd-4f70-96d8-4abf0c061563:c1598]
2019-07-09 15:04:24,352 INFO  client.GrpcClientProtocolClient (GrpcClientProtocolClient.java:onNext(255)) - client-A9DCF8B8BD5B->529edf8e-8eae-4246-b33f-5e44130d441c: receive RaftClientReply:client-A9DCF8B8BD5B->529edf8e-8eae-4246-b33f-5e44130d441c@group-A1CD1332DC7D, cid=1183, SUCCESS, logIndex=0, commits[529edf8e-8eae-4246-b33f-5e44130d441c:c1604, 79bffca9-b028-4c53-a657-872ed973be73:c1600, 15654dff-55cd-4f70-96d8-4abf0c061563:c1600]
2019-07-09 15:04:24,371 INFO  client.GrpcClientProtocolClient (GrpcClientProtocolClient.java:onNext(255)) - client-A9DCF8B8BD5B->529edf8e-8eae-4246-b33f-5e44130d441c: receive RaftClientReply:client-A9DCF8B8BD5B->529edf8e-8eae-4246-b33f-5e44130d441c@group-A1CD1332DC7D, cid=1184, SUCCESS, logIndex=1607, commits[529edf8e-8eae-4246-b33f-5e44130d441c:c1608, 79bffca9-b028-4c53-a657-872ed973be73:c1606, 15654dff-55cd-4f70-96d8-4abf0c061563:c1606]
2019-07-09 15:04:24,372 INFO  client.GrpcClientProtocolClient (GrpcClientProtocolClient.java:onNext(255)) - client-A9DCF8B8BD5B->529edf8e-8eae-4246-b33f-5e44130d441c: receive RaftClientReply:client-A9DCF8B8BD5B->529edf8e-8eae-4246-b33f-5e44130d441c@group-A1CD1332DC7D, cid=1185, SUCCESS, logIndex=1608, commits[529edf8e-8eae-4246-b33f-5e44130d441c:c1608, 79bffca9-b028-4c53-a657-872ed973be73:c1606, 15654dff-55cd-4f70-96d8-4abf0c061563:c1606]
2019-07-09 15:04:24,385 INFO  client.GrpcClientProtocolClient (GrpcClientProtocolClient.java:onNext(255)) - client-A9DCF8B8BD5B->529edf8e-8eae-4246-b33f-5e44130d441c: receive RaftClientReply:client-A9DCF8B8BD5B->529edf8e-8eae-4246-b33f-5e44130d441c@group-A1CD1332DC7D, cid=1186, SUCCESS, logIndex=1611, commits[529edf8e-8eae-4246-b33f-5e44130d441c:c1611, 79bffca9-b028-4c53-a657-872ed973be73:c1608, 15654dff-55cd-4f70-96d8-4abf0c061563:c1608]
2019-07-09 15:04:24,385 INFO  client.GrpcClientProtocolClient (GrpcClientProtocolClient.java:onNext(255)) - client-A9DCF8B8BD5B->529edf8e-8eae-4246-b33f-5e44130d441c: receive RaftClientReply:client-A9DCF8B8BD5B->529edf8e-8eae-4246-b33f-5e44130d441c@group-A1CD1332DC7D, cid=1187, SUCCESS, logIndex=1612, commits[529edf8e-8eae-4246-b33f-5e44130d441c:c1612, 79bffca9-b028-4c53-a657-872ed973be73:c1608, 15654dff-55cd-4f70-96d8-4abf0c061563:c1608]
2019-07-09 15:04:24,398 INFO  client.GrpcClientProtocolClient (GrpcClientProtocolClient.java:onNext(255)) - client-A9DCF8B8BD5B->529edf8e-8eae-4246-b33f-5e44130d441c: receive RaftClientReply:client-A9DCF8B8BD5B->529edf8e-8eae-4246-b33f-5e44130d441c@group-A1CD1332DC7D, cid=1188, SUCCESS, logIndex=0, commits[529edf8e-8eae-4246-b33f-5e44130d441c:c1614, 79bffca9-b028-4c53-a657-872ed973be73:c1612, 15654dff-55cd-4f70-96d8-4abf0c061563:c1612]
2019-07-09 15:04:24,420 INFO  client.GrpcClientProtocolClient (GrpcClientProtocolClient.java:onNext(255)) - client-A9DCF8B8BD5B->529edf8e-8eae-4246-b33f-5e44130d441c: receive RaftClientReply:client-A9DCF8B8BD5B->529edf8e-8eae-4246-b33f-5e44130d441c@group-A1CD1332DC7D, cid=1189, SUCCESS, logIndex=1615, commits[529edf8e-8eae-4246-b33f-5e44130d441c:c1617, 79bffca9-b028-4c53-a657-872ed973be73:c1614, 15654dff-55cd-4f70-96d8-4abf0c061563:c1614]
2019-07-09 15:04:24,420 INFO  client.GrpcClientProtocolClient (GrpcClientProtocolClient.java:onNext(255)) - client-A9DCF8B8BD5B->529edf8e-8eae-4246-b33f-5e44130d441c: receive RaftClientReply:client-A9DCF8B8BD5B->529edf8e-8eae-4246-b33f-5e44130d441c@group-A1CD1332DC7D, cid=1190, SUCCESS, logIndex=1616, commits[529edf8e-8eae-4246-b33f-5e44130d441c:c1618, 79bffca9-b028-4c53-a657-872ed973be73:c1614, 15654dff-55cd-4f70-96d8-4abf0c061563:c1614]
2019-07-09 15:04:24,421 INFO  client.GrpcClientProtocolClient (GrpcClientProtocolClient.java:onNext(255)) - client-A9DCF8B8BD5B->529edf8e-8eae-4246-b33f-5e44130d441c: receive RaftClientReply:client-A9DCF8B8BD5B->529edf8e-8eae-4246-b33f-5e44130d441c@group-A1CD1332DC7D, cid=1191, SUCCESS, logIndex=1617, commits[529edf8e-8eae-4246-b33f-5e44130d441c:c1618, 79bffca9-b028-4c53-a657-872ed973be73:c1614, 15654dff-55cd-4f70-96d8-4abf0c061563:c1614]
2019-07-09 15:04:24,421 INFO  client.GrpcClientProtocolClient (GrpcClientProtocolClient.java:onNext(255)) - client-A9DCF8B8BD5B->529edf8e-8eae-4246-b33f-5e44130d441c: receive RaftClientReply:client-A9DCF8B8BD5B->529edf8e-8eae-4246-b33f-5e44130d441c@group-A1CD1332DC7D, cid=1192, SUCCESS, logIndex=1618, commits[529edf8e-8eae-4246-b33f-5e44130d441c:c1618, 79bffca9-b028-4c53-a657-872ed973be73:c1614, 15654dff-55cd-4f70-96d8-4abf0c061563:c1614]
2019-07-09 15:04:24,431 INFO  client.GrpcClientProtocolClient (GrpcClientProtocolClient.java:onNext(255)) - client-A9DCF8B8BD5B->529edf8e-8eae-4246-b33f-5e44130d441c: receive RaftClientReply:client-A9DCF8B8BD5B->529edf8e-8eae-4246-b33f-5e44130d441c@group-A1CD1332DC7D, cid=1193, SUCCESS, logIndex=0, commits[529edf8e-8eae-4246-b33f-5e44130d441c:c1619, 79bffca9-b028-4c53-a657-872ed973be73:c1616, 15654dff-55cd-4f70-96d8-4abf0c061563:c1616]
2019-07-09 15:04:24,451 INFO  client.GrpcClientProtocolClient (GrpcClientProtocolClient.java:onNext(255)) - client-A9DCF8B8BD5B->529edf8e-8eae-4246-b33f-5e44130d441c: receive RaftClientReply:client-A9DCF8B8BD5B->529edf8e-8eae-4246-b33f-5e44130d441c@group-A1CD1332DC7D, cid=1194, SUCCESS, logIndex=1623, commits[529edf8e-8eae-4246-b33f-5e44130d441c:c1624, 79bffca9-b028-4c53-a657-872ed973be73:c1622, 15654dff-55cd-4f70-96d8-4abf0c061563:c1622]
2019-07-09 15:04:24,451 INFO  client.GrpcClientProtocolClient (GrpcClientProtocolClient.java:onNext(255)) - client-A9DCF8B8BD5B->529edf8e-8eae-4246-b33f-5e44130d441c: receive RaftClientReply:client-A9DCF8B8BD5B->529edf8e-8eae-4246-b33f-5e44130d441c@group-A1CD1332DC7D, cid=1195, SUCCESS, logIndex=1624, commits[529edf8e-8eae-4246-b33f-5e44130d441c:c1624, 79bffca9-b028-4c53-a657-872ed973be73:c1622, 15654dff-55cd-4f70-96d8-4abf0c061563:c1622]
2019-07-09 15:04:24,465 INFO  client.GrpcClientProtocolClient (GrpcClientProtocolClient.java:onNext(255)) - client-A9DCF8B8BD5B->529edf8e-8eae-4246-b33f-5e44130d441c: receive RaftClientReply:client-A9DCF8B8BD5B->529edf8e-8eae-4246-b33f-5e44130d441c@group-A1CD1332DC7D, cid=1196, SUCCESS, logIndex=1627, commits[529edf8e-8eae-4246-b33f-5e44130d441c:c1628, 79bffca9-b028-4c53-a657-872ed973be73:c1624, 15654dff-55cd-4f70-96d8-4abf0c061563:c1624]
2019-07-09 15:04:24,466 INFO  client.GrpcClientProtocolClient (GrpcClientProtocolClient.java:onNext(255)) - client-A9DCF8B8BD5B->529edf8e-8eae-4246-b33f-5e44130d441c: receive RaftClientReply:client-A9DCF8B8BD5B->529edf8e-8eae-4246-b33f-5e44130d441c@group-A1CD1332DC7D, cid=1197, SUCCESS, logIndex=1628, commits[529edf8e-8eae-4246-b33f-5e44130d441c:c1628, 79bffca9-b028-4c53-a657-872ed973be73:c1624, 15654dff-55cd-4f70-96d8-4abf0c061563:c1624]
2019-07-09 15:04:24,477 INFO  client.GrpcClientProtocolClient (GrpcClientProtocolClient.java:onNext(255)) - client-A9DCF8B8BD5B->529edf8e-8eae-4246-b33f-5e44130d441c: receive RaftClientReply:client-A9DCF8B8BD5B->529edf8e-8eae-4246-b33f-5e44130d441c@group-A1CD1332DC7D, cid=1198, SUCCESS, logIndex=0, commits[529edf8e-8eae-4246-b33f-5e44130d441c:c1629, 79bffca9-b028-4c53-a657-872ed973be73:c1628, 15654dff-55cd-4f70-96d8-4abf0c061563:c1628]
2019-07-09 15:04:24,594 INFO  client.GrpcClientProtocolClient (GrpcClientProtocolClient.java:onNext(255)) - client-A9DCF8B8BD5B->529edf8e-8eae-4246-b33f-5e44130d441c: receive RaftClientReply:client-A9DCF8B8BD5B->529edf8e-8eae-4246-b33f-5e44130d441c@group-A1CD1332DC7D, cid=1199, SUCCESS, logIndex=1631, commits[529edf8e-8eae-4246-b33f-5e44130d441c:c1632, 79bffca9-b028-4c53-a657-872ed973be73:c1630, 15654dff-55cd-4f70-96d8-4abf0c061563:c1630]
2019-07-09 15:04:24,595 INFO  client.GrpcClientProtocolClient (GrpcClientProtocolClient.java:onNext(255)) - client-A9DCF8B8BD5B->529edf8e-8eae-4246-b33f-5e44130d441c: receive RaftClientReply:client-A9DCF8B8BD5B->529edf8e-8eae-4246-b33f-5e44130d441c@group-A1CD1332DC7D, cid=1200, SUCCESS, logIndex=1632, commits[529edf8e-8eae-4246-b33f-5e44130d441c:c1632, 79bffca9-b028-4c53-a657-872ed973be73:c1630, 15654dff-55cd-4f70-96d8-4abf0c061563:c1630]
2019-07-09 15:04:24,606 INFO  client.GrpcClientProtocolClient (GrpcClientProtocolClient.java:onNext(255)) - client-A9DCF8B8BD5B->529edf8e-8eae-4246-b33f-5e44130d441c: receive RaftClientReply:client-A9DCF8B8BD5B->529edf8e-8eae-4246-b33f-5e44130d441c@group-A1CD1332DC7D, cid=1201, SUCCESS, logIndex=1633, commits[529edf8e-8eae-4246-b33f-5e44130d441c:c1634, 79bffca9-b028-4c53-a657-872ed973be73:c1630, 15654dff-55cd-4f70-96d8-4abf0c061563:c1630]
2019-07-09 15:04:24,606 INFO  client.GrpcClientProtocolClient (GrpcClientProtocolClient.java:onNext(255)) - client-A9DCF8B8BD5B->529edf8e-8eae-4246-b33f-5e44130d441c: receive RaftClientReply:client-A9DCF8B8BD5B->529edf8e-8eae-4246-b33f-5e44130d441c@group-A1CD1332DC7D, cid=1202, SUCCESS, logIndex=1634, commits[529edf8e-8eae-4246-b33f-5e44130d441c:c1634, 79bffca9-b028-4c53-a657-872ed973be73:c1630, 15654dff-55cd-4f70-96d8-4abf0c061563:c1630]
2019-07-09 15:04:24,619 INFO  client.GrpcClientProtocolClient (GrpcClientProtocolClient.java:onNext(255)) - client-A9DCF8B8BD5B->529edf8e-8eae-4246-b33f-5e44130d441c: receive RaftClientReply:client-A9DCF8B8BD5B->529edf8e-8eae-4246-b33f-5e44130d441c@group-A1CD1332DC7D, cid=1203, SUCCESS, logIndex=0, commits[529edf8e-8eae-4246-b33f-5e44130d441c:c1636, 79bffca9-b028-4c53-a657-872ed973be73:c1632, 15654dff-55cd-4f70-96d8-4abf0c061563:c1632]
2019-07-09 15:04:24,645 INFO  client.GrpcClientProtocolClient (GrpcClientProtocolClient.java:onNext(255)) - client-A9DCF8B8BD5B->529edf8e-8eae-4246-b33f-5e44130d441c: receive RaftClientReply:client-A9DCF8B8BD5B->529edf8e-8eae-4246-b33f-5e44130d441c@group-A1CD1332DC7D, cid=1204, SUCCESS, logIndex=1639, commits[529edf8e-8eae-4246-b33f-5e44130d441c:c1640, 79bffca9-b028-4c53-a657-872ed973be73:c1636, 15654dff-55cd-4f70-96d8-4abf0c061563:c1636]
2019-07-09 15:04:24,646 INFO  client.GrpcClientProtocolClient (GrpcClientProtocolClient.java:onNext(255)) - client-A9DCF8B8BD5B->529edf8e-8eae-4246-b33f-5e44130d441c: receive RaftClientReply:client-A9DCF8B8BD5B->529edf8e-8eae-4246-b33f-5e44130d441c@group-A1CD1332DC7D, cid=1205, SUCCESS, logIndex=1640, commits[529edf8e-8eae-4246-b33f-5e44130d441c:c1640, 79bffca9-b028-4c53-a657-872ed973be73:c1636, 15654dff-55cd-4f70-96d8-4abf0c061563:c1636]
2019-07-09 15:04:24,673 INFO  client.GrpcClientProtocolClient (GrpcClientProtocolClient.java:onNext(255)) - client-A9DCF8B8BD5B->529edf8e-8eae-4246-b33f-5e44130d441c: receive RaftClientReply:client-A9DCF8B8BD5B->529edf8e-8eae-4246-b33f-5e44130d441c@group-A1CD1332DC7D, cid=1206, SUCCESS, logIndex=1643, commits[529edf8e-8eae-4246-b33f-5e44130d441c:c1644, 79bffca9-b028-4c53-a657-872ed973be73:c1640, 15654dff-55cd-4f70-96d8-4abf0c061563:c1640]
2019-07-09 15:04:24,673 INFO  client.GrpcClientProtocolClient (GrpcClientProtocolClient.java:onNext(255)) - client-A9DCF8B8BD5B->529edf8e-8eae-4246-b33f-5e44130d441c: receive RaftClientReply:client-A9DCF8B8BD5B->529edf8e-8eae-4246-b33f-5e44130d441c@group-A1CD1332DC7D, cid=1207, SUCCESS, logIndex=1644, commits[529edf8e-8eae-4246-b33f-5e44130d441c:c1644, 79bffca9-b028-4c53-a657-872ed973be73:c1640, 15654dff-55cd-4f70-96d8-4abf0c061563:c1640]
2019-07-09 15:04:24,699 INFO  client.GrpcClientProtocolClient (GrpcClientProtocolClient.java:onNext(255)) - client-A9DCF8B8BD5B->529edf8e-8eae-4246-b33f-5e44130d441c: receive RaftClientReply:client-A9DCF8B8BD5B->529edf8e-8eae-4246-b33f-5e44130d441c@group-A1CD1332DC7D, cid=1208, SUCCESS, logIndex=0, commits[529edf8e-8eae-4246-b33f-5e44130d441c:c1646, 79bffca9-b028-4c53-a657-872ed973be73:c1644, 15654dff-55cd-4f70-96d8-4abf0c061563:c1644]
2019-07-09 15:04:24,722 INFO  client.GrpcClientProtocolClient (GrpcClientProtocolClient.java:onNext(255)) - client-A9DCF8B8BD5B->529edf8e-8eae-4246-b33f-5e44130d441c: receive RaftClientReply:client-A9DCF8B8BD5B->529edf8e-8eae-4246-b33f-5e44130d441c@group-A1CD1332DC7D, cid=1209, SUCCESS, logIndex=1647, commits[529edf8e-8eae-4246-b33f-5e44130d441c:c1648, 79bffca9-b028-4c53-a657-872ed973be73:c1646, 15654dff-55cd-4f70-96d8-4abf0c061563:c1646]
2019-07-09 15:04:24,723 INFO  client.GrpcClientProtocolClient (GrpcClientProtocolClient.java:onNext(255)) - client-A9DCF8B8BD5B->529edf8e-8eae-4246-b33f-5e44130d441c: receive RaftClientReply:client-A9DCF8B8BD5B->529edf8e-8eae-4246-b33f-5e44130d441c@group-A1CD1332DC7D, cid=1210, SUCCESS, logIndex=1648, commits[529edf8e-8eae-4246-b33f-5e44130d441c:c1648, 79bffca9-b028-4c53-a657-872ed973be73:c1646, 15654dff-55cd-4f70-96d8-4abf0c061563:c1646]
2019-07-09 15:04:24,735 INFO  client.GrpcClientProtocolClient (GrpcClientProtocolClient.java:onNext(255)) - client-A9DCF8B8BD5B->529edf8e-8eae-4246-b33f-5e44130d441c: receive RaftClientReply:client-A9DCF8B8BD5B->529edf8e-8eae-4246-b33f-5e44130d441c@group-A1CD1332DC7D, cid=1211, SUCCESS, logIndex=1649, commits[529edf8e-8eae-4246-b33f-5e44130d441c:c1650, 79bffca9-b028-4c53-a657-872ed973be73:c1646, 15654dff-55cd-4f70-96d8-4abf0c061563:c1646]
2019-07-09 15:04:24,735 INFO  client.GrpcClientProtocolClient (GrpcClientProtocolClient.java:onNext(255)) - client-A9DCF8B8BD5B->529edf8e-8eae-4246-b33f-5e44130d441c: receive RaftClientReply:client-A9DCF8B8BD5B->529edf8e-8eae-4246-b33f-5e44130d441c@group-A1CD1332DC7D, cid=1212, SUCCESS, logIndex=1650, commits[529edf8e-8eae-4246-b33f-5e44130d441c:c1650, 79bffca9-b028-4c53-a657-872ed973be73:c1646, 15654dff-55cd-4f70-96d8-4abf0c061563:c1646]
2019-07-09 15:04:24,745 INFO  client.GrpcClientProtocolClient (GrpcClientProtocolClient.java:onNext(255)) - client-A9DCF8B8BD5B->529edf8e-8eae-4246-b33f-5e44130d441c: receive RaftClientReply:client-A9DCF8B8BD5B->529edf8e-8eae-4246-b33f-5e44130d441c@group-A1CD1332DC7D, cid=1213, SUCCESS, logIndex=0, commits[529edf8e-8eae-4246-b33f-5e44130d441c:c1652, 79bffca9-b028-4c53-a657-872ed973be73:c1648, 15654dff-55cd-4f70-96d8-4abf0c061563:c1648]
2019-07-09 15:04:24,776 INFO  client.GrpcClientProtocolClient (GrpcClientProtocolClient.java:onNext(255)) - client-A9DCF8B8BD5B->529edf8e-8eae-4246-b33f-5e44130d441c: receive RaftClientReply:client-A9DCF8B8BD5B->529edf8e-8eae-4246-b33f-5e44130d441c@group-A1CD1332DC7D, cid=1214, SUCCESS, logIndex=1655, commits[529edf8e-8eae-4246-b33f-5e44130d441c:c1656, 79bffca9-b028-4c53-a657-872ed973be73:c1650, 15654dff-55cd-4f70-96d8-4abf0c061563:c1654]
2019-07-09 15:04:24,776 INFO  client.GrpcClientProtocolClient (GrpcClientProtocolClient.java:onNext(255)) - client-A9DCF8B8BD5B->529edf8e-8eae-4246-b33f-5e44130d441c: receive RaftClientReply:client-A9DCF8B8BD5B->529edf8e-8eae-4246-b33f-5e44130d441c@group-A1CD1332DC7D, cid=1215, SUCCESS, logIndex=1656, commits[529edf8e-8eae-4246-b33f-5e44130d441c:c1656, 79bffca9-b028-4c53-a657-872ed973be73:c1654, 15654dff-55cd-4f70-96d8-4abf0c061563:c1654]
2019-07-09 15:04:24,789 INFO  client.GrpcClientProtocolClient (GrpcClientProtocolClient.java:onNext(255)) - client-A9DCF8B8BD5B->529edf8e-8eae-4246-b33f-5e44130d441c: receive RaftClientReply:client-A9DCF8B8BD5B->529edf8e-8eae-4246-b33f-5e44130d441c@group-A1CD1332DC7D, cid=1216, SUCCESS, logIndex=1658, commits[529edf8e-8eae-4246-b33f-5e44130d441c:c1659, 79bffca9-b028-4c53-a657-872ed973be73:c1656, 15654dff-55cd-4f70-96d8-4abf0c061563:c1656]
2019-07-09 15:04:24,790 INFO  client.GrpcClientProtocolClient (GrpcClientProtocolClient.java:onNext(255)) - client-A9DCF8B8BD5B->529edf8e-8eae-4246-b33f-5e44130d441c: receive RaftClientReply:client-A9DCF8B8BD5B->529edf8e-8eae-4246-b33f-5e44130d441c@group-A1CD1332DC7D, cid=1217, SUCCESS, logIndex=1659, commits[529edf8e-8eae-4246-b33f-5e44130d441c:c1659, 79bffca9-b028-4c53-a657-872ed973be73:c1656, 15654dff-55cd-4f70-96d8-4abf0c061563:c1656]
2019-07-09 15:04:24,801 INFO  client.GrpcClientProtocolClient (GrpcClientProtocolClient.java:onNext(255)) - client-A9DCF8B8BD5B->529edf8e-8eae-4246-b33f-5e44130d441c: receive RaftClientReply:client-A9DCF8B8BD5B->529edf8e-8eae-4246-b33f-5e44130d441c@group-A1CD1332DC7D, cid=1218, SUCCESS, logIndex=0, commits[529edf8e-8eae-4246-b33f-5e44130d441c:c1660, 79bffca9-b028-4c53-a657-872ed973be73:c1659, 15654dff-55cd-4f70-96d8-4abf0c061563:c1659]
2019-07-09 15:04:24,822 INFO  client.GrpcClientProtocolClient (GrpcClientProtocolClient.java:onNext(255)) - client-A9DCF8B8BD5B->529edf8e-8eae-4246-b33f-5e44130d441c: receive RaftClientReply:client-A9DCF8B8BD5B->529edf8e-8eae-4246-b33f-5e44130d441c@group-A1CD1332DC7D, cid=1219, SUCCESS, logIndex=1662, commits[529edf8e-8eae-4246-b33f-5e44130d441c:c1663, 79bffca9-b028-4c53-a657-872ed973be73:c1661, 15654dff-55cd-4f70-96d8-4abf0c061563:c1661]
2019-07-09 15:04:24,823 INFO  client.GrpcClientProtocolClient (GrpcClientProtocolClient.java:onNext(255)) - client-A9DCF8B8BD5B->529edf8e-8eae-4246-b33f-5e44130d441c: receive RaftClientReply:client-A9DCF8B8BD5B->529edf8e-8eae-4246-b33f-5e44130d441c@group-A1CD1332DC7D, cid=1220, SUCCESS, logIndex=1663, commits[529edf8e-8eae-4246-b33f-5e44130d441c:c1663, 79bffca9-b028-4c53-a657-872ed973be73:c1661, 15654dff-55cd-4f70-96d8-4abf0c061563:c1661]
2019-07-09 15:04:24,823 INFO  client.GrpcClientProtocolClient (GrpcClientProtocolClient.java:onNext(255)) - client-A9DCF8B8BD5B->529edf8e-8eae-4246-b33f-5e44130d441c: receive RaftClientReply:client-A9DCF8B8BD5B->529edf8e-8eae-4246-b33f-5e44130d441c@group-A1CD1332DC7D, cid=1221, SUCCESS, logIndex=1664, commits[529edf8e-8eae-4246-b33f-5e44130d441c:c1665, 79bffca9-b028-4c53-a657-872ed973be73:c1661, 15654dff-55cd-4f70-96d8-4abf0c061563:c1661]
2019-07-09 15:04:24,823 INFO  client.GrpcClientProtocolClient (GrpcClientProtocolClient.java:onNext(255)) - client-A9DCF8B8BD5B->529edf8e-8eae-4246-b33f-5e44130d441c: receive RaftClientReply:client-A9DCF8B8BD5B->529edf8e-8eae-4246-b33f-5e44130d441c@group-A1CD1332DC7D, cid=1222, SUCCESS, logIndex=1665, commits[529edf8e-8eae-4246-b33f-5e44130d441c:c1665, 79bffca9-b028-4c53-a657-872ed973be73:c1661, 15654dff-55cd-4f70-96d8-4abf0c061563:c1661]
2019-07-09 15:04:24,836 INFO  client.GrpcClientProtocolClient (GrpcClientProtocolClient.java:onNext(255)) - client-A9DCF8B8BD5B->529edf8e-8eae-4246-b33f-5e44130d441c: receive RaftClientReply:client-A9DCF8B8BD5B->529edf8e-8eae-4246-b33f-5e44130d441c@group-A1CD1332DC7D, cid=1223, SUCCESS, logIndex=0, commits[529edf8e-8eae-4246-b33f-5e44130d441c:c1666, 79bffca9-b028-4c53-a657-872ed973be73:c1663, 15654dff-55cd-4f70-96d8-4abf0c061563:c1663]
2019-07-09 15:04:24,856 INFO  client.GrpcClientProtocolClient (GrpcClientProtocolClient.java:onNext(255)) - client-A9DCF8B8BD5B->529edf8e-8eae-4246-b33f-5e44130d441c: receive RaftClientReply:client-A9DCF8B8BD5B->529edf8e-8eae-4246-b33f-5e44130d441c@group-A1CD1332DC7D, cid=1224, SUCCESS, logIndex=1670, commits[529edf8e-8eae-4246-b33f-5e44130d441c:c1670, 79bffca9-b028-4c53-a657-872ed973be73:c1669, 15654dff-55cd-4f70-96d8-4abf0c061563:c1665]
2019-07-09 15:04:24,856 INFO  client.GrpcClientProtocolClient (GrpcClientProtocolClient.java:onNext(255)) - client-A9DCF8B8BD5B->529edf8e-8eae-4246-b33f-5e44130d441c: receive RaftClientReply:client-A9DCF8B8BD5B->529edf8e-8eae-4246-b33f-5e44130d441c@group-A1CD1332DC7D, cid=1225, SUCCESS, logIndex=1671, commits[529edf8e-8eae-4246-b33f-5e44130d441c:c1671, 79bffca9-b028-4c53-a657-872ed973be73:c1669, 15654dff-55cd-4f70-96d8-4abf0c061563:c1669]
 0.00% |█                                                                                                    |  0/1 Time: 0:00:072019-07-09 15:04:24,881 INFO  client.GrpcClientProtocolClient (GrpcClientProtocolClient.java:onNext(255)) - client-A9DCF8B8BD5B->529edf8e-8eae-4246-b33f-5e44130d441c: receive RaftClientReply:client-A9DCF8B8BD5B->529edf8e-8eae-4246-b33f-5e44130d441c@group-A1CD1332DC7D, cid=1226, SUCCESS, logIndex=1674, commits[529edf8e-8eae-4246-b33f-5e44130d441c:c1675, 79bffca9-b028-4c53-a657-872ed973be73:c1671, 15654dff-55cd-4f70-96d8-4abf0c061563:c1671]
2019-07-09 15:04:24,881 INFO  client.GrpcClientProtocolClient (GrpcClientProtocolClient.java:onNext(255)) - client-A9DCF8B8BD5B->529edf8e-8eae-4246-b33f-5e44130d441c: receive RaftClientReply:client-A9DCF8B8BD5B->529edf8e-8eae-4246-b33f-5e44130d441c@group-A1CD1332DC7D, cid=1227, SUCCESS, logIndex=1675, commits[529edf8e-8eae-4246-b33f-5e44130d441c:c1675, 79bffca9-b028-4c53-a657-872ed973be73:c1671, 15654dff-55cd-4f70-96d8-4abf0c061563:c1671]
2019-07-09 15:04:24,907 INFO  client.GrpcClientProtocolClient (GrpcClientProtocolClient.java:onNext(255)) - client-A9DCF8B8BD5B->529edf8e-8eae-4246-b33f-5e44130d441c: receive RaftClientReply:client-A9DCF8B8BD5B->529edf8e-8eae-4246-b33f-5e44130d441c@group-A1CD1332DC7D, cid=1228, SUCCESS, logIndex=0, commits[529edf8e-8eae-4246-b33f-5e44130d441c:c1677, 79bffca9-b028-4c53-a657-872ed973be73:c1675, 15654dff-55cd-4f70-96d8-4abf0c061563:c1675]
2019-07-09 15:04:24,930 INFO  client.GrpcClientProtocolClient (GrpcClientProtocolClient.java:onNext(255)) - client-A9DCF8B8BD5B->529edf8e-8eae-4246-b33f-5e44130d441c: receive RaftClientReply:client-A9DCF8B8BD5B->529edf8e-8eae-4246-b33f-5e44130d441c@group-A1CD1332DC7D, cid=1229, SUCCESS, logIndex=1678, commits[529edf8e-8eae-4246-b33f-5e44130d441c:c1679, 79bffca9-b028-4c53-a657-872ed973be73:c1677, 15654dff-55cd-4f70-96d8-4abf0c061563:c1677]
2019-07-09 15:04:24,931 INFO  client.GrpcClientProtocolClient (GrpcClientProtocolClient.java:onNext(255)) - client-A9DCF8B8BD5B->529edf8e-8eae-4246-b33f-5e44130d441c: receive RaftClientReply:client-A9DCF8B8BD5B->529edf8e-8eae-4246-b33f-5e44130d441c@group-A1CD1332DC7D, cid=1230, SUCCESS, logIndex=1679, commits[529edf8e-8eae-4246-b33f-5e44130d441c:c1679, 79bffca9-b028-4c53-a657-872ed973be73:c1677, 15654dff-55cd-4f70-96d8-4abf0c061563:c1677]
2019-07-09 15:04:24,939 INFO  client.GrpcClientProtocolClient (GrpcClientProtocolClient.java:onNext(255)) - client-A9DCF8B8BD5B->529edf8e-8eae-4246-b33f-5e44130d441c: receive RaftClientReply:client-A9DCF8B8BD5B->529edf8e-8eae-4246-b33f-5e44130d441c@group-A1CD1332DC7D, cid=1231, SUCCESS, logIndex=1680, commits[529edf8e-8eae-4246-b33f-5e44130d441c:c1681, 79bffca9-b028-4c53-a657-872ed973be73:c1677, 15654dff-55cd-4f70-96d8-4abf0c061563:c1677]
2019-07-09 15:04:24,940 INFO  client.GrpcClientProtocolClient (GrpcClientProtocolClient.java:onNext(255)) - client-A9DCF8B8BD5B->529edf8e-8eae-4246-b33f-5e44130d441c: receive RaftClientReply:client-A9DCF8B8BD5B->529edf8e-8eae-4246-b33f-5e44130d441c@group-A1CD1332DC7D, cid=1232, SUCCESS, logIndex=1681, commits[529edf8e-8eae-4246-b33f-5e44130d441c:c1681, 79bffca9-b028-4c53-a657-872ed973be73:c1677, 15654dff-55cd-4f70-96d8-4abf0c061563:c1677]
2019-07-09 15:04:24,955 INFO  client.GrpcClientProtocolClient (GrpcClientProtocolClient.java:onNext(255)) - client-A9DCF8B8BD5B->529edf8e-8eae-4246-b33f-5e44130d441c: receive RaftClientReply:client-A9DCF8B8BD5B->529edf8e-8eae-4246-b33f-5e44130d441c@group-A1CD1332DC7D, cid=1233, SUCCESS, logIndex=0, commits[529edf8e-8eae-4246-b33f-5e44130d441c:c1683, 79bffca9-b028-4c53-a657-872ed973be73:c1679, 15654dff-55cd-4f70-96d8-4abf0c061563:c1679]
2019-07-09 15:04:24,968 INFO  client.GrpcClientProtocolClient (GrpcClientProtocolClient.java:onNext(255)) - client-A9DCF8B8BD5B->529edf8e-8eae-4246-b33f-5e44130d441c: receive RaftClientReply:client-A9DCF8B8BD5B->529edf8e-8eae-4246-b33f-5e44130d441c@group-A1CD1332DC7D, cid=1234, SUCCESS, logIndex=1685, commits[529edf8e-8eae-4246-b33f-5e44130d441c:c1686, 79bffca9-b028-4c53-a657-872ed973be73:c1683, 15654dff-55cd-4f70-96d8-4abf0c061563:c1681]
2019-07-09 15:04:24,968 INFO  client.GrpcClientProtocolClient (GrpcClientProtocolClient.java:onNext(255)) - client-A9DCF8B8BD5B->529edf8e-8eae-4246-b33f-5e44130d441c: receive RaftClientReply:client-A9DCF8B8BD5B->529edf8e-8eae-4246-b33f-5e44130d441c@group-A1CD1332DC7D, cid=1235, SUCCESS, logIndex=1686, commits[529edf8e-8eae-4246-b33f-5e44130d441c:c1686, 79bffca9-b028-4c53-a657-872ed973be73:c1683, 15654dff-55cd-4f70-96d8-4abf0c061563:c1683]
2019-07-09 15:04:24,979 INFO  client.GrpcClientProtocolClient (GrpcClientProtocolClient.java:onNext(255)) - client-A9DCF8B8BD5B->529edf8e-8eae-4246-b33f-5e44130d441c: receive RaftClientReply:client-A9DCF8B8BD5B->529edf8e-8eae-4246-b33f-5e44130d441c@group-A1CD1332DC7D, cid=1236, SUCCESS, logIndex=1689, commits[529edf8e-8eae-4246-b33f-5e44130d441c:c1690, 79bffca9-b028-4c53-a657-872ed973be73:c1686, 15654dff-55cd-4f70-96d8-4abf0c061563:c1688]
2019-07-09 15:04:24,980 INFO  client.GrpcClientProtocolClient (GrpcClientProtocolClient.java:onNext(255)) - client-A9DCF8B8BD5B->529edf8e-8eae-4246-b33f-5e44130d441c: receive RaftClientReply:client-A9DCF8B8BD5B->529edf8e-8eae-4246-b33f-5e44130d441c@group-A1CD1332DC7D, cid=1237, SUCCESS, logIndex=1690, commits[529edf8e-8eae-4246-b33f-5e44130d441c:c1690, 79bffca9-b028-4c53-a657-872ed973be73:c1688, 15654dff-55cd-4f70-96d8-4abf0c061563:c1688]
2019-07-09 15:04:24,982 INFO  client.GrpcClientProtocolClient (GrpcClientProtocolClient.java:onNext(255)) - client-A9DCF8B8BD5B->529edf8e-8eae-4246-b33f-5e44130d441c: receive RaftClientReply:client-A9DCF8B8BD5B->529edf8e-8eae-4246-b33f-5e44130d441c@group-A1CD1332DC7D, cid=1238, SUCCESS, logIndex=0, commits[529edf8e-8eae-4246-b33f-5e44130d441c:c1691, 79bffca9-b028-4c53-a657-872ed973be73:c1690, 15654dff-55cd-4f70-96d8-4abf0c061563:c1690]
2019-07-09 15:04:25,024 INFO  client.GrpcClientProtocolClient (GrpcClientProtocolClient.java:onNext(255)) - client-A9DCF8B8BD5B->529edf8e-8eae-4246-b33f-5e44130d441c: receive RaftClientReply:client-A9DCF8B8BD5B->529edf8e-8eae-4246-b33f-5e44130d441c@group-A1CD1332DC7D, cid=1239, SUCCESS, logIndex=1693, commits[529edf8e-8eae-4246-b33f-5e44130d441c:c1695, 79bffca9-b028-4c53-a657-872ed973be73:c1692, 15654dff-55cd-4f70-96d8-4abf0c061563:c1692]
2019-07-09 15:04:25,025 INFO  client.GrpcClientProtocolClient (GrpcClientProtocolClient.java:onNext(255)) - client-A9DCF8B8BD5B->529edf8e-8eae-4246-b33f-5e44130d441c: receive RaftClientReply:client-A9DCF8B8BD5B->529edf8e-8eae-4246-b33f-5e44130d441c@group-A1CD1332DC7D, cid=1240, SUCCESS, logIndex=1694, commits[529edf8e-8eae-4246-b33f-5e44130d441c:c1696, 79bffca9-b028-4c53-a657-872ed973be73:c1692, 15654dff-55cd-4f70-96d8-4abf0c061563:c1692]
2019-07-09 15:04:25,025 INFO  client.GrpcClientProtocolClient (GrpcClientProtocolClient.java:onNext(255)) - client-A9DCF8B8BD5B->529edf8e-8eae-4246-b33f-5e44130d441c: receive RaftClientReply:client-A9DCF8B8BD5B->529edf8e-8eae-4246-b33f-5e44130d441c@group-A1CD1332DC7D, cid=1241, SUCCESS, logIndex=1695, commits[529edf8e-8eae-4246-b33f-5e44130d441c:c1696, 79bffca9-b028-4c53-a657-872ed973be73:c1692, 15654dff-55cd-4f70-96d8-4abf0c061563:c1692]
2019-07-09 15:04:25,025 INFO  client.GrpcClientProtocolClient (GrpcClientProtocolClient.java:onNext(255)) - client-A9DCF8B8BD5B->529edf8e-8eae-4246-b33f-5e44130d441c: receive RaftClientReply:client-A9DCF8B8BD5B->529edf8e-8eae-4246-b33f-5e44130d441c@group-A1CD1332DC7D, cid=1242, SUCCESS, logIndex=1696, commits[529edf8e-8eae-4246-b33f-5e44130d441c:c1696, 79bffca9-b028-4c53-a657-872ed973be73:c1692, 15654dff-55cd-4f70-96d8-4abf0c061563:c1692]
2019-07-09 15:04:25,037 INFO  client.GrpcClientProtocolClient (GrpcClientProtocolClient.java:onNext(255)) - client-A9DCF8B8BD5B->529edf8e-8eae-4246-b33f-5e44130d441c: receive RaftClientReply:client-A9DCF8B8BD5B->529edf8e-8eae-4246-b33f-5e44130d441c@group-A1CD1332DC7D, cid=1243, SUCCESS, logIndex=0, commits[529edf8e-8eae-4246-b33f-5e44130d441c:c1698, 79bffca9-b028-4c53-a657-872ed973be73:c1694, 15654dff-55cd-4f70-96d8-4abf0c061563:c1694]
2019-07-09 15:04:25,057 INFO  client.GrpcClientProtocolClient (GrpcClientProtocolClient.java:onNext(255)) - client-A9DCF8B8BD5B->529edf8e-8eae-4246-b33f-5e44130d441c: receive RaftClientReply:client-A9DCF8B8BD5B->529edf8e-8eae-4246-b33f-5e44130d441c@group-A1CD1332DC7D, cid=1244, SUCCESS, logIndex=1701, commits[529edf8e-8eae-4246-b33f-5e44130d441c:c1702, 79bffca9-b028-4c53-a657-872ed973be73:c1700, 15654dff-55cd-4f70-96d8-4abf0c061563:c1696]
2019-07-09 15:04:25,057 INFO  client.GrpcClientProtocolClient (GrpcClientProtocolClient.java:onNext(255)) - client-A9DCF8B8BD5B->529edf8e-8eae-4246-b33f-5e44130d441c: receive RaftClientReply:client-A9DCF8B8BD5B->529edf8e-8eae-4246-b33f-5e44130d441c@group-A1CD1332DC7D, cid=1245, SUCCESS, logIndex=1702, commits[529edf8e-8eae-4246-b33f-5e44130d441c:c1702, 79bffca9-b028-4c53-a657-872ed973be73:c1700, 15654dff-55cd-4f70-96d8-4abf0c061563:c1700]
2019-07-09 15:04:25,072 INFO  client.GrpcClientProtocolClient (GrpcClientProtocolClient.java:onNext(255)) - client-A9DCF8B8BD5B->529edf8e-8eae-4246-b33f-5e44130d441c: receive RaftClientReply:client-A9DCF8B8BD5B->529edf8e-8eae-4246-b33f-5e44130d441c@group-A1CD1332DC7D, cid=1246, SUCCESS, logIndex=1705, commits[529edf8e-8eae-4246-b33f-5e44130d441c:c1706, 79bffca9-b028-4c53-a657-872ed973be73:c1702, 15654dff-55cd-4f70-96d8-4abf0c061563:c1702]
2019-07-09 15:04:25,072 INFO  client.GrpcClientProtocolClient (GrpcClientProtocolClient.java:onNext(255)) - client-A9DCF8B8BD5B->529edf8e-8eae-4246-b33f-5e44130d441c: receive RaftClientReply:client-A9DCF8B8BD5B->529edf8e-8eae-4246-b33f-5e44130d441c@group-A1CD1332DC7D, cid=1247, SUCCESS, logIndex=1706, commits[529edf8e-8eae-4246-b33f-5e44130d441c:c1706, 79bffca9-b028-4c53-a657-872ed973be73:c1702, 15654dff-55cd-4f70-96d8-4abf0c061563:c1702]
2019-07-09 15:04:25,098 INFO  client.GrpcClientProtocolClient (GrpcClientProtocolClient.java:onNext(255)) - client-A9DCF8B8BD5B->529edf8e-8eae-4246-b33f-5e44130d441c: receive RaftClientReply:client-A9DCF8B8BD5B->529edf8e-8eae-4246-b33f-5e44130d441c@group-A1CD1332DC7D, cid=1248, SUCCESS, logIndex=0, commits[529edf8e-8eae-4246-b33f-5e44130d441c:c1708, 79bffca9-b028-4c53-a657-872ed973be73:c1706, 15654dff-55cd-4f70-96d8-4abf0c061563:c1706]
2019-07-09 15:04:25,137 INFO  client.GrpcClientProtocolClient (GrpcClientProtocolClient.java:onNext(255)) - client-A9DCF8B8BD5B->529edf8e-8eae-4246-b33f-5e44130d441c: receive RaftClientReply:client-A9DCF8B8BD5B->529edf8e-8eae-4246-b33f-5e44130d441c@group-A1CD1332DC7D, cid=1249, SUCCESS, logIndex=1709, commits[529edf8e-8eae-4246-b33f-5e44130d441c:c1711, 79bffca9-b028-4c53-a657-872ed973be73:c1708, 15654dff-55cd-4f70-96d8-4abf0c061563:c1708]
2019-07-09 15:04:25,138 INFO  client.GrpcClientProtocolClient (GrpcClientProtocolClient.java:onNext(255)) - client-A9DCF8B8BD5B->529edf8e-8eae-4246-b33f-5e44130d441c: receive RaftClientReply:client-A9DCF8B8BD5B->529edf8e-8eae-4246-b33f-5e44130d441c@group-A1CD1332DC7D, cid=1250, SUCCESS, logIndex=1710, commits[529edf8e-8eae-4246-b33f-5e44130d441c:c1712, 79bffca9-b028-4c53-a657-872ed973be73:c1708, 15654dff-55cd-4f70-96d8-4abf0c061563:c1708]
2019-07-09 15:04:25,138 INFO  client.GrpcClientProtocolClient (GrpcClientProtocolClient.java:onNext(255)) - client-A9DCF8B8BD5B->529edf8e-8eae-4246-b33f-5e44130d441c: receive RaftClientReply:client-A9DCF8B8BD5B->529edf8e-8eae-4246-b33f-5e44130d441c@group-A1CD1332DC7D, cid=1251, SUCCESS, logIndex=1711, commits[529edf8e-8eae-4246-b33f-5e44130d441c:c1712, 79bffca9-b028-4c53-a657-872ed973be73:c1708, 15654dff-55cd-4f70-96d8-4abf0c061563:c1708]
2019-07-09 15:04:25,138 INFO  client.GrpcClientProtocolClient (GrpcClientProtocolClient.java:onNext(255)) - client-A9DCF8B8BD5B->529edf8e-8eae-4246-b33f-5e44130d441c: receive RaftClientReply:client-A9DCF8B8BD5B->529edf8e-8eae-4246-b33f-5e44130d441c@group-A1CD1332DC7D, cid=1252, SUCCESS, logIndex=1712, commits[529edf8e-8eae-4246-b33f-5e44130d441c:c1712, 79bffca9-b028-4c53-a657-872ed973be73:c1708, 15654dff-55cd-4f70-96d8-4abf0c061563:c1708]
2019-07-09 15:04:25,150 INFO  client.GrpcClientProtocolClient (GrpcClientProtocolClient.java:onNext(255)) - client-A9DCF8B8BD5B->529edf8e-8eae-4246-b33f-5e44130d441c: receive RaftClientReply:client-A9DCF8B8BD5B->529edf8e-8eae-4246-b33f-5e44130d441c@group-A1CD1332DC7D, cid=1253, SUCCESS, logIndex=0, commits[529edf8e-8eae-4246-b33f-5e44130d441c:c1713, 79bffca9-b028-4c53-a657-872ed973be73:c1710, 15654dff-55cd-4f70-96d8-4abf0c061563:c1710]
2019-07-09 15:04:25,176 INFO  client.GrpcClientProtocolClient (GrpcClientProtocolClient.java:onNext(255)) - client-A9DCF8B8BD5B->529edf8e-8eae-4246-b33f-5e44130d441c: receive RaftClientReply:client-A9DCF8B8BD5B->529edf8e-8eae-4246-b33f-5e44130d441c@group-A1CD1332DC7D, cid=1254, SUCCESS, logIndex=1717, commits[529edf8e-8eae-4246-b33f-5e44130d441c:c1718, 79bffca9-b028-4c53-a657-872ed973be73:c1713, 15654dff-55cd-4f70-96d8-4abf0c061563:c1713]
2019-07-09 15:04:25,176 INFO  client.GrpcClientProtocolClient (GrpcClientProtocolClient.java:onNext(255)) - client-A9DCF8B8BD5B->529edf8e-8eae-4246-b33f-5e44130d441c: receive RaftClientReply:client-A9DCF8B8BD5B->529edf8e-8eae-4246-b33f-5e44130d441c@group-A1CD1332DC7D, cid=1255, SUCCESS, logIndex=1718, commits[529edf8e-8eae-4246-b33f-5e44130d441c:c1718, 79bffca9-b028-4c53-a657-872ed973be73:c1713, 15654dff-55cd-4f70-96d8-4abf0c061563:c1713]
2019-07-09 15:04:25,189 INFO  client.GrpcClientProtocolClient (GrpcClientProtocolClient.java:onNext(255)) - client-A9DCF8B8BD5B->529edf8e-8eae-4246-b33f-5e44130d441c: receive RaftClientReply:client-A9DCF8B8BD5B->529edf8e-8eae-4246-b33f-5e44130d441c@group-A1CD1332DC7D, cid=1256, SUCCESS, logIndex=1721, commits[529edf8e-8eae-4246-b33f-5e44130d441c:c1721, 79bffca9-b028-4c53-a657-872ed973be73:c1718, 15654dff-55cd-4f70-96d8-4abf0c061563:c1718]
2019-07-09 15:04:25,189 INFO  client.GrpcClientProtocolClient (GrpcClientProtocolClient.java:onNext(255)) - client-A9DCF8B8BD5B->529edf8e-8eae-4246-b33f-5e44130d441c: receive RaftClientReply:client-A9DCF8B8BD5B->529edf8e-8eae-4246-b33f-5e44130d441c@group-A1CD1332DC7D, cid=1257, SUCCESS, logIndex=1722, commits[529edf8e-8eae-4246-b33f-5e44130d441c:c1722, 79bffca9-b028-4c53-a657-872ed973be73:c1718, 15654dff-55cd-4f70-96d8-4abf0c061563:c1718]
2019-07-09 15:04:25,206 INFO  client.GrpcClientProtocolClient (GrpcClientProtocolClient.java:onNext(255)) - client-A9DCF8B8BD5B->529edf8e-8eae-4246-b33f-5e44130d441c: receive RaftClientReply:client-A9DCF8B8BD5B->529edf8e-8eae-4246-b33f-5e44130d441c@group-A1CD1332DC7D, cid=1258, SUCCESS, logIndex=0, commits[529edf8e-8eae-4246-b33f-5e44130d441c:c1723, 79bffca9-b028-4c53-a657-872ed973be73:c1722, 15654dff-55cd-4f70-96d8-4abf0c061563:c1722]
2019-07-09 15:04:25,229 INFO  client.GrpcClientProtocolClient (GrpcClientProtocolClient.java:onNext(255)) - client-A9DCF8B8BD5B->529edf8e-8eae-4246-b33f-5e44130d441c: receive RaftClientReply:client-A9DCF8B8BD5B->529edf8e-8eae-4246-b33f-5e44130d441c@group-A1CD1332DC7D, cid=1259, SUCCESS, logIndex=1725, commits[529edf8e-8eae-4246-b33f-5e44130d441c:c1726, 79bffca9-b028-4c53-a657-872ed973be73:c1724, 15654dff-55cd-4f70-96d8-4abf0c061563:c1722]
2019-07-09 15:04:25,230 INFO  client.GrpcClientProtocolClient (GrpcClientProtocolClient.java:onNext(255)) - client-A9DCF8B8BD5B->529edf8e-8eae-4246-b33f-5e44130d441c: receive RaftClientReply:client-A9DCF8B8BD5B->529edf8e-8eae-4246-b33f-5e44130d441c@group-A1CD1332DC7D, cid=1260, SUCCESS, logIndex=1726, commits[529edf8e-8eae-4246-b33f-5e44130d441c:c1726, 79bffca9-b028-4c53-a657-872ed973be73:c1724, 15654dff-55cd-4f70-96d8-4abf0c061563:c1724]
2019-07-09 15:04:25,232 INFO  client.GrpcClientProtocolClient (GrpcClientProtocolClient.java:onNext(255)) - client-A9DCF8B8BD5B->529edf8e-8eae-4246-b33f-5e44130d441c: receive RaftClientReply:client-A9DCF8B8BD5B->529edf8e-8eae-4246-b33f-5e44130d441c@group-A1CD1332DC7D, cid=1261, SUCCESS, logIndex=1727, commits[529edf8e-8eae-4246-b33f-5e44130d441c:c1730, 79bffca9-b028-4c53-a657-872ed973be73:c1726, 15654dff-55cd-4f70-96d8-4abf0c061563:c1724]
2019-07-09 15:04:25,232 INFO  client.GrpcClientProtocolClient (GrpcClientProtocolClient.java:onNext(255)) - client-A9DCF8B8BD5B->529edf8e-8eae-4246-b33f-5e44130d441c: receive RaftClientReply:client-A9DCF8B8BD5B->529edf8e-8eae-4246-b33f-5e44130d441c@group-A1CD1332DC7D, cid=1262, SUCCESS, logIndex=1728, commits[529edf8e-8eae-4246-b33f-5e44130d441c:c1730, 79bffca9-b028-4c53-a657-872ed973be73:c1726, 15654dff-55cd-4f70-96d8-4abf0c061563:c1724]
2019-07-09 15:04:25,233 INFO  client.GrpcClientProtocolClient (GrpcClientProtocolClient.java:onNext(255)) - client-A9DCF8B8BD5B->529edf8e-8eae-4246-b33f-5e44130d441c: receive RaftClientReply:client-A9DCF8B8BD5B->529edf8e-8eae-4246-b33f-5e44130d441c@group-A1CD1332DC7D, cid=1263, SUCCESS, logIndex=0, commits[529edf8e-8eae-4246-b33f-5e44130d441c:c1730, 79bffca9-b028-4c53-a657-872ed973be73:c1726, 15654dff-55cd-4f70-96d8-4abf0c061563:c1726]
2019-07-09 15:04:25,262 INFO  client.GrpcClientProtocolClient (GrpcClientProtocolClient.java:onNext(255)) - client-A9DCF8B8BD5B->529edf8e-8eae-4246-b33f-5e44130d441c: receive RaftClientReply:client-A9DCF8B8BD5B->529edf8e-8eae-4246-b33f-5e44130d441c@group-A1CD1332DC7D, cid=1264, SUCCESS, logIndex=1732, commits[529edf8e-8eae-4246-b33f-5e44130d441c:c1733, 79bffca9-b028-4c53-a657-872ed973be73:c1731, 15654dff-55cd-4f70-96d8-4abf0c061563:c1731]
2019-07-09 15:04:25,263 INFO  client.GrpcClientProtocolClient (GrpcClientProtocolClient.java:onNext(255)) - client-A9DCF8B8BD5B->529edf8e-8eae-4246-b33f-5e44130d441c: receive RaftClientReply:client-A9DCF8B8BD5B->529edf8e-8eae-4246-b33f-5e44130d441c@group-A1CD1332DC7D, cid=1265, SUCCESS, logIndex=1733, commits[529edf8e-8eae-4246-b33f-5e44130d441c:c1733, 79bffca9-b028-4c53-a657-872ed973be73:c1731, 15654dff-55cd-4f70-96d8-4abf0c061563:c1731]
2019-07-09 15:04:25,276 INFO  client.GrpcClientProtocolClient (GrpcClientProtocolClient.java:onNext(255)) - client-A9DCF8B8BD5B->529edf8e-8eae-4246-b33f-5e44130d441c: receive RaftClientReply:client-A9DCF8B8BD5B->529edf8e-8eae-4246-b33f-5e44130d441c@group-A1CD1332DC7D, cid=1266, SUCCESS, logIndex=1736, commits[529edf8e-8eae-4246-b33f-5e44130d441c:c1737, 79bffca9-b028-4c53-a657-872ed973be73:c1733, 15654dff-55cd-4f70-96d8-4abf0c061563:c1733]
2019-07-09 15:04:25,276 INFO  client.GrpcClientProtocolClient (GrpcClientProtocolClient.java:onNext(255)) - client-A9DCF8B8BD5B->529edf8e-8eae-4246-b33f-5e44130d441c: receive RaftClientReply:client-A9DCF8B8BD5B->529edf8e-8eae-4246-b33f-5e44130d441c@group-A1CD1332DC7D, cid=1267, SUCCESS, logIndex=1737, commits[529edf8e-8eae-4246-b33f-5e44130d441c:c1737, 79bffca9-b028-4c53-a657-872ed973be73:c1733, 15654dff-55cd-4f70-96d8-4abf0c061563:c1733]
2019-07-09 15:04:25,287 INFO  client.GrpcClientProtocolClient (GrpcClientProtocolClient.java:onNext(255)) - client-A9DCF8B8BD5B->529edf8e-8eae-4246-b33f-5e44130d441c: receive RaftClientReply:client-A9DCF8B8BD5B->529edf8e-8eae-4246-b33f-5e44130d441c@group-A1CD1332DC7D, cid=1268, SUCCESS, logIndex=0, commits[529edf8e-8eae-4246-b33f-5e44130d441c:c1738, 79bffca9-b028-4c53-a657-872ed973be73:c1737, 15654dff-55cd-4f70-96d8-4abf0c061563:c1737]
2019-07-09 15:04:25,421 INFO  client.GrpcClientProtocolClient (GrpcClientProtocolClient.java:onNext(255)) - client-A9DCF8B8BD5B->529edf8e-8eae-4246-b33f-5e44130d441c: receive RaftClientReply:client-A9DCF8B8BD5B->529edf8e-8eae-4246-b33f-5e44130d441c@group-A1CD1332DC7D, cid=1269, SUCCESS, logIndex=1740, commits[529edf8e-8eae-4246-b33f-5e44130d441c:c1741, 79bffca9-b028-4c53-a657-872ed973be73:c1739, 15654dff-55cd-4f70-96d8-4abf0c061563:c1739]
2019-07-09 15:04:25,422 INFO  client.GrpcClientProtocolClient (GrpcClientProtocolClient.java:onNext(255)) - client-A9DCF8B8BD5B->529edf8e-8eae-4246-b33f-5e44130d441c: receive RaftClientReply:client-A9DCF8B8BD5B->529edf8e-8eae-4246-b33f-5e44130d441c@group-A1CD1332DC7D, cid=1270, SUCCESS, logIndex=1741, commits[529edf8e-8eae-4246-b33f-5e44130d441c:c1743, 79bffca9-b028-4c53-a657-872ed973be73:c1739, 15654dff-55cd-4f70-96d8-4abf0c061563:c1739]
2019-07-09 15:04:25,423 INFO  client.GrpcClientProtocolClient (GrpcClientProtocolClient.java:onNext(255)) - client-A9DCF8B8BD5B->529edf8e-8eae-4246-b33f-5e44130d441c: receive RaftClientReply:client-A9DCF8B8BD5B->529edf8e-8eae-4246-b33f-5e44130d441c@group-A1CD1332DC7D, cid=1271, SUCCESS, logIndex=1742, commits[529edf8e-8eae-4246-b33f-5e44130d441c:c1743, 79bffca9-b028-4c53-a657-872ed973be73:c1739, 15654dff-55cd-4f70-96d8-4abf0c061563:c1739]
2019-07-09 15:04:25,423 INFO  client.GrpcClientProtocolClient (GrpcClientProtocolClient.java:onNext(255)) - client-A9DCF8B8BD5B->529edf8e-8eae-4246-b33f-5e44130d441c: receive RaftClientReply:client-A9DCF8B8BD5B->529edf8e-8eae-4246-b33f-5e44130d441c@group-A1CD1332DC7D, cid=1272, SUCCESS, logIndex=1743, commits[529edf8e-8eae-4246-b33f-5e44130d441c:c1743, 79bffca9-b028-4c53-a657-872ed973be73:c1739, 15654dff-55cd-4f70-96d8-4abf0c061563:c1739]
2019-07-09 15:04:25,424 INFO  client.GrpcClientProtocolClient (GrpcClientProtocolClient.java:onNext(255)) - client-A9DCF8B8BD5B->529edf8e-8eae-4246-b33f-5e44130d441c: receive RaftClientReply:client-A9DCF8B8BD5B->529edf8e-8eae-4246-b33f-5e44130d441c@group-A1CD1332DC7D, cid=1273, SUCCESS, logIndex=0, commits[529edf8e-8eae-4246-b33f-5e44130d441c:c1747, 79bffca9-b028-4c53-a657-872ed973be73:c1743, 15654dff-55cd-4f70-96d8-4abf0c061563:c1743]
2019-07-09 15:04:25,446 INFO  client.GrpcClientProtocolClient (GrpcClientProtocolClient.java:onNext(255)) - client-A9DCF8B8BD5B->529edf8e-8eae-4246-b33f-5e44130d441c: receive RaftClientReply:client-A9DCF8B8BD5B->529edf8e-8eae-4246-b33f-5e44130d441c@group-A1CD1332DC7D, cid=1274, SUCCESS, logIndex=1748, commits[529edf8e-8eae-4246-b33f-5e44130d441c:c1749, 79bffca9-b028-4c53-a657-872ed973be73:c1747, 15654dff-55cd-4f70-96d8-4abf0c061563:c1747]
2019-07-09 15:04:25,447 INFO  client.GrpcClientProtocolClient (GrpcClientProtocolClient.java:onNext(255)) - client-A9DCF8B8BD5B->529edf8e-8eae-4246-b33f-5e44130d441c: receive RaftClientReply:client-A9DCF8B8BD5B->529edf8e-8eae-4246-b33f-5e44130d441c@group-A1CD1332DC7D, cid=1275, SUCCESS, logIndex=1749, commits[529edf8e-8eae-4246-b33f-5e44130d441c:c1749, 79bffca9-b028-4c53-a657-872ed973be73:c1747, 15654dff-55cd-4f70-96d8-4abf0c061563:c1747]
2019-07-09 15:04:25,472 INFO  client.GrpcClientProtocolClient (GrpcClientProtocolClient.java:onNext(255)) - client-A9DCF8B8BD5B->529edf8e-8eae-4246-b33f-5e44130d441c: receive RaftClientReply:client-A9DCF8B8BD5B->529edf8e-8eae-4246-b33f-5e44130d441c@group-A1CD1332DC7D, cid=1276, SUCCESS, logIndex=1752, commits[529edf8e-8eae-4246-b33f-5e44130d441c:c1753, 79bffca9-b028-4c53-a657-872ed973be73:c1749, 15654dff-55cd-4f70-96d8-4abf0c061563:c1749]
2019-07-09 15:04:25,473 INFO  client.GrpcClientProtocolClient (GrpcClientProtocolClient.java:onNext(255)) - client-A9DCF8B8BD5B->529edf8e-8eae-4246-b33f-5e44130d441c: receive RaftClientReply:client-A9DCF8B8BD5B->529edf8e-8eae-4246-b33f-5e44130d441c@group-A1CD1332DC7D, cid=1277, SUCCESS, logIndex=1753, commits[529edf8e-8eae-4246-b33f-5e44130d441c:c1753, 79bffca9-b028-4c53-a657-872ed973be73:c1749, 15654dff-55cd-4f70-96d8-4abf0c061563:c1749]
2019-07-09 15:04:25,484 INFO  client.GrpcClientProtocolClient (GrpcClientProtocolClient.java:onNext(255)) - client-A9DCF8B8BD5B->529edf8e-8eae-4246-b33f-5e44130d441c: receive RaftClientReply:client-A9DCF8B8BD5B->529edf8e-8eae-4246-b33f-5e44130d441c@group-A1CD1332DC7D, cid=1278, SUCCESS, logIndex=0, commits[529edf8e-8eae-4246-b33f-5e44130d441c:c1754, 79bffca9-b028-4c53-a657-872ed973be73:c1753, 15654dff-55cd-4f70-96d8-4abf0c061563:c1753]
2019-07-09 15:04:25,516 INFO  client.GrpcClientProtocolClient (GrpcClientProtocolClient.java:onNext(255)) - client-A9DCF8B8BD5B->529edf8e-8eae-4246-b33f-5e44130d441c: receive RaftClientReply:client-A9DCF8B8BD5B->529edf8e-8eae-4246-b33f-5e44130d441c@group-A1CD1332DC7D, cid=1279, SUCCESS, logIndex=1756, commits[529edf8e-8eae-4246-b33f-5e44130d441c:c1757, 79bffca9-b028-4c53-a657-872ed973be73:c1755, 15654dff-55cd-4f70-96d8-4abf0c061563:c1755]
2019-07-09 15:04:25,517 INFO  client.GrpcClientProtocolClient (GrpcClientProtocolClient.java:onNext(255)) - client-A9DCF8B8BD5B->529edf8e-8eae-4246-b33f-5e44130d441c: receive RaftClientReply:client-A9DCF8B8BD5B->529edf8e-8eae-4246-b33f-5e44130d441c@group-A1CD1332DC7D, cid=1280, SUCCESS, logIndex=1757, commits[529edf8e-8eae-4246-b33f-5e44130d441c:c1757, 79bffca9-b028-4c53-a657-872ed973be73:c1755, 15654dff-55cd-4f70-96d8-4abf0c061563:c1755]
2019-07-09 15:04:25,517 INFO  client.GrpcClientProtocolClient (GrpcClientProtocolClient.java:onNext(255)) - client-A9DCF8B8BD5B->529edf8e-8eae-4246-b33f-5e44130d441c: receive RaftClientReply:client-A9DCF8B8BD5B->529edf8e-8eae-4246-b33f-5e44130d441c@group-A1CD1332DC7D, cid=1281, SUCCESS, logIndex=1758, commits[529edf8e-8eae-4246-b33f-5e44130d441c:c1759, 79bffca9-b028-4c53-a657-872ed973be73:c1755, 15654dff-55cd-4f70-96d8-4abf0c061563:c1755]
2019-07-09 15:04:25,518 INFO  client.GrpcClientProtocolClient (GrpcClientProtocolClient.java:onNext(255)) - client-A9DCF8B8BD5B->529edf8e-8eae-4246-b33f-5e44130d441c: receive RaftClientReply:client-A9DCF8B8BD5B->529edf8e-8eae-4246-b33f-5e44130d441c@group-A1CD1332DC7D, cid=1282, SUCCESS, logIndex=1759, commits[529edf8e-8eae-4246-b33f-5e44130d441c:c1759, 79bffca9-b028-4c53-a657-872ed973be73:c1755, 15654dff-55cd-4f70-96d8-4abf0c061563:c1755]
2019-07-09 15:04:25,533 INFO  client.GrpcClientProtocolClient (GrpcClientProtocolClient.java:onNext(255)) - client-A9DCF8B8BD5B->529edf8e-8eae-4246-b33f-5e44130d441c: receive RaftClientReply:client-A9DCF8B8BD5B->529edf8e-8eae-4246-b33f-5e44130d441c@group-A1CD1332DC7D, cid=1283, SUCCESS, logIndex=0, commits[529edf8e-8eae-4246-b33f-5e44130d441c:c1761, 79bffca9-b028-4c53-a657-872ed973be73:c1757, 15654dff-55cd-4f70-96d8-4abf0c061563:c1757]
2019-07-09 15:04:25,545 INFO  client.GrpcClientProtocolClient (GrpcClientProtocolClient.java:onNext(255)) - client-A9DCF8B8BD5B->529edf8e-8eae-4246-b33f-5e44130d441c: receive RaftClientReply:client-A9DCF8B8BD5B->529edf8e-8eae-4246-b33f-5e44130d441c@group-A1CD1332DC7D, cid=1284, SUCCESS, logIndex=1764, commits[529edf8e-8eae-4246-b33f-5e44130d441c:c1765, 79bffca9-b028-4c53-a657-872ed973be73:c1763, 15654dff-55cd-4f70-96d8-4abf0c061563:c1759]
2019-07-09 15:04:25,545 INFO  client.GrpcClientProtocolClient (GrpcClientProtocolClient.java:onNext(255)) - client-A9DCF8B8BD5B->529edf8e-8eae-4246-b33f-5e44130d441c: receive RaftClientReply:client-A9DCF8B8BD5B->529edf8e-8eae-4246-b33f-5e44130d441c@group-A1CD1332DC7D, cid=1285, SUCCESS, logIndex=1765, commits[529edf8e-8eae-4246-b33f-5e44130d441c:c1765, 79bffca9-b028-4c53-a657-872ed973be73:c1763, 15654dff-55cd-4f70-96d8-4abf0c061563:c1763]
2019-07-09 15:04:25,562 INFO  client.GrpcClientProtocolClient (GrpcClientProtocolClient.java:onNext(255)) - client-A9DCF8B8BD5B->529edf8e-8eae-4246-b33f-5e44130d441c: receive RaftClientReply:client-A9DCF8B8BD5B->529edf8e-8eae-4246-b33f-5e44130d441c@group-A1CD1332DC7D, cid=1286, SUCCESS, logIndex=1768, commits[529edf8e-8eae-4246-b33f-5e44130d441c:c1769, 79bffca9-b028-4c53-a657-872ed973be73:c1767, 15654dff-55cd-4f70-96d8-4abf0c061563:c1765]
2019-07-09 15:04:25,563 INFO  client.GrpcClientProtocolClient (GrpcClientProtocolClient.java:onNext(255)) - client-A9DCF8B8BD5B->529edf8e-8eae-4246-b33f-5e44130d441c: receive RaftClientReply:client-A9DCF8B8BD5B->529edf8e-8eae-4246-b33f-5e44130d441c@group-A1CD1332DC7D, cid=1287, SUCCESS, logIndex=1769, commits[529edf8e-8eae-4246-b33f-5e44130d441c:c1769, 79bffca9-b028-4c53-a657-872ed973be73:c1767, 15654dff-55cd-4f70-96d8-4abf0c061563:c1765]
2019-07-09 15:04:25,588 INFO  client.GrpcClientProtocolClient (GrpcClientProtocolClient.java:onNext(255)) - client-A9DCF8B8BD5B->529edf8e-8eae-4246-b33f-5e44130d441c: receive RaftClientReply:client-A9DCF8B8BD5B->529edf8e-8eae-4246-b33f-5e44130d441c@group-A1CD1332DC7D, cid=1288, SUCCESS, logIndex=0, commits[529edf8e-8eae-4246-b33f-5e44130d441c:c1771, 79bffca9-b028-4c53-a657-872ed973be73:c1769, 15654dff-55cd-4f70-96d8-4abf0c061563:c1769]
2019-07-09 15:04:25,621 INFO  client.GrpcClientProtocolClient (GrpcClientProtocolClient.java:onNext(255)) - client-A9DCF8B8BD5B->529edf8e-8eae-4246-b33f-5e44130d441c: receive RaftClientReply:client-A9DCF8B8BD5B->529edf8e-8eae-4246-b33f-5e44130d441c@group-A1CD1332DC7D, cid=1289, SUCCESS, logIndex=1772, commits[529edf8e-8eae-4246-b33f-5e44130d441c:c1774, 79bffca9-b028-4c53-a657-872ed973be73:c1771, 15654dff-55cd-4f70-96d8-4abf0c061563:c1771]
2019-07-09 15:04:25,622 INFO  client.GrpcClientProtocolClient (GrpcClientProtocolClient.java:onNext(255)) - client-A9DCF8B8BD5B->529edf8e-8eae-4246-b33f-5e44130d441c: receive RaftClientReply:client-A9DCF8B8BD5B->529edf8e-8eae-4246-b33f-5e44130d441c@group-A1CD1332DC7D, cid=1290, SUCCESS, logIndex=1773, commits[529edf8e-8eae-4246-b33f-5e44130d441c:c1775, 79bffca9-b028-4c53-a657-872ed973be73:c1771, 15654dff-55cd-4f70-96d8-4abf0c061563:c1771]
2019-07-09 15:04:25,623 INFO  client.GrpcClientProtocolClient (GrpcClientProtocolClient.java:onNext(255)) - client-A9DCF8B8BD5B->529edf8e-8eae-4246-b33f-5e44130d441c: receive RaftClientReply:client-A9DCF8B8BD5B->529edf8e-8eae-4246-b33f-5e44130d441c@group-A1CD1332DC7D, cid=1291, SUCCESS, logIndex=1774, commits[529edf8e-8eae-4246-b33f-5e44130d441c:c1775, 79bffca9-b028-4c53-a657-872ed973be73:c1771, 15654dff-55cd-4f70-96d8-4abf0c061563:c1771]
2019-07-09 15:04:25,624 INFO  client.GrpcClientProtocolClient (GrpcClientProtocolClient.java:onNext(255)) - client-A9DCF8B8BD5B->529edf8e-8eae-4246-b33f-5e44130d441c: receive RaftClientReply:client-A9DCF8B8BD5B->529edf8e-8eae-4246-b33f-5e44130d441c@group-A1CD1332DC7D, cid=1292, SUCCESS, logIndex=1775, commits[529edf8e-8eae-4246-b33f-5e44130d441c:c1775, 79bffca9-b028-4c53-a657-872ed973be73:c1771, 15654dff-55cd-4f70-96d8-4abf0c061563:c1771]
2019-07-09 15:04:25,625 INFO  client.GrpcClientProtocolClient (GrpcClientProtocolClient.java:onNext(255)) - client-A9DCF8B8BD5B->529edf8e-8eae-4246-b33f-5e44130d441c: receive RaftClientReply:client-A9DCF8B8BD5B->529edf8e-8eae-4246-b33f-5e44130d441c@group-A1CD1332DC7D, cid=1293, SUCCESS, logIndex=0, commits[529edf8e-8eae-4246-b33f-5e44130d441c:c1779, 79bffca9-b028-4c53-a657-872ed973be73:c1775, 15654dff-55cd-4f70-96d8-4abf0c061563:c1775]
2019-07-09 15:04:25,647 INFO  client.GrpcClientProtocolClient (GrpcClientProtocolClient.java:onNext(255)) - client-A9DCF8B8BD5B->529edf8e-8eae-4246-b33f-5e44130d441c: receive RaftClientReply:client-A9DCF8B8BD5B->529edf8e-8eae-4246-b33f-5e44130d441c@group-A1CD1332DC7D, cid=1294, SUCCESS, logIndex=1780, commits[529edf8e-8eae-4246-b33f-5e44130d441c:c1781, 79bffca9-b028-4c53-a657-872ed973be73:c1779, 15654dff-55cd-4f70-96d8-4abf0c061563:c1779]
2019-07-09 15:04:25,647 INFO  client.GrpcClientProtocolClient (GrpcClientProtocolClient.java:onNext(255)) - client-A9DCF8B8BD5B->529edf8e-8eae-4246-b33f-5e44130d441c: receive RaftClientReply:client-A9DCF8B8BD5B->529edf8e-8eae-4246-b33f-5e44130d441c@group-A1CD1332DC7D, cid=1295, SUCCESS, logIndex=1781, commits[529edf8e-8eae-4246-b33f-5e44130d441c:c1781, 79bffca9-b028-4c53-a657-872ed973be73:c1779, 15654dff-55cd-4f70-96d8-4abf0c061563:c1779]
2019-07-09 15:04:25,662 INFO  client.GrpcClientProtocolClient (GrpcClientProtocolClient.java:onNext(255)) - client-A9DCF8B8BD5B->529edf8e-8eae-4246-b33f-5e44130d441c: receive RaftClientReply:client-A9DCF8B8BD5B->529edf8e-8eae-4246-b33f-5e44130d441c@group-A1CD1332DC7D, cid=1296, SUCCESS, logIndex=1784, commits[529edf8e-8eae-4246-b33f-5e44130d441c:c1784, 79bffca9-b028-4c53-a657-872ed973be73:c1781, 15654dff-55cd-4f70-96d8-4abf0c061563:c1781]
2019-07-09 15:04:25,662 INFO  client.GrpcClientProtocolClient (GrpcClientProtocolClient.java:onNext(255)) - client-A9DCF8B8BD5B->529edf8e-8eae-4246-b33f-5e44130d441c: receive RaftClientReply:client-A9DCF8B8BD5B->529edf8e-8eae-4246-b33f-5e44130d441c@group-A1CD1332DC7D, cid=1297, SUCCESS, logIndex=1785, commits[529edf8e-8eae-4246-b33f-5e44130d441c:c1785, 79bffca9-b028-4c53-a657-872ed973be73:c1781, 15654dff-55cd-4f70-96d8-4abf0c061563:c1781]
2019-07-09 15:04:25,687 INFO  client.GrpcClientProtocolClient (GrpcClientProtocolClient.java:onNext(255)) - client-A9DCF8B8BD5B->529edf8e-8eae-4246-b33f-5e44130d441c: receive RaftClientReply:client-A9DCF8B8BD5B->529edf8e-8eae-4246-b33f-5e44130d441c@group-A1CD1332DC7D, cid=1298, SUCCESS, logIndex=0, commits[529edf8e-8eae-4246-b33f-5e44130d441c:c1787, 79bffca9-b028-4c53-a657-872ed973be73:c1785, 15654dff-55cd-4f70-96d8-4abf0c061563:c1785]
2019-07-09 15:04:25,719 INFO  client.GrpcClientProtocolClient (GrpcClientProtocolClient.java:onNext(255)) - client-A9DCF8B8BD5B->529edf8e-8eae-4246-b33f-5e44130d441c: receive RaftClientReply:client-A9DCF8B8BD5B->529edf8e-8eae-4246-b33f-5e44130d441c@group-A1CD1332DC7D, cid=1299, SUCCESS, logIndex=1788, commits[529edf8e-8eae-4246-b33f-5e44130d441c:c1789, 79bffca9-b028-4c53-a657-872ed973be73:c1787, 15654dff-55cd-4f70-96d8-4abf0c061563:c1787]
2019-07-09 15:04:25,720 INFO  client.GrpcClientProtocolClient (GrpcClientProtocolClient.java:onNext(255)) - client-A9DCF8B8BD5B->529edf8e-8eae-4246-b33f-5e44130d441c: receive RaftClientReply:client-A9DCF8B8BD5B->529edf8e-8eae-4246-b33f-5e44130d441c@group-A1CD1332DC7D, cid=1300, SUCCESS, logIndex=1789, commits[529edf8e-8eae-4246-b33f-5e44130d441c:c1789, 79bffca9-b028-4c53-a657-872ed973be73:c1787, 15654dff-55cd-4f70-96d8-4abf0c061563:c1787]
2019-07-09 15:04:25,732 INFO  client.GrpcClientProtocolClient (GrpcClientProtocolClient.java:onNext(255)) - client-A9DCF8B8BD5B->529edf8e-8eae-4246-b33f-5e44130d441c: receive RaftClientReply:client-A9DCF8B8BD5B->529edf8e-8eae-4246-b33f-5e44130d441c@group-A1CD1332DC7D, cid=1301, SUCCESS, logIndex=1790, commits[529edf8e-8eae-4246-b33f-5e44130d441c:c1790, 79bffca9-b028-4c53-a657-872ed973be73:c1787, 15654dff-55cd-4f70-96d8-4abf0c061563:c1787]
2019-07-09 15:04:25,733 INFO  client.GrpcClientProtocolClient (GrpcClientProtocolClient.java:onNext(255)) - client-A9DCF8B8BD5B->529edf8e-8eae-4246-b33f-5e44130d441c: receive RaftClientReply:client-A9DCF8B8BD5B->529edf8e-8eae-4246-b33f-5e44130d441c@group-A1CD1332DC7D, cid=1302, SUCCESS, logIndex=1791, commits[529edf8e-8eae-4246-b33f-5e44130d441c:c1791, 79bffca9-b028-4c53-a657-872ed973be73:c1787, 15654dff-55cd-4f70-96d8-4abf0c061563:c1787]
2019-07-09 15:04:25,752 INFO  client.GrpcClientProtocolClient (GrpcClientProtocolClient.java:onNext(255)) - client-A9DCF8B8BD5B->529edf8e-8eae-4246-b33f-5e44130d441c: receive RaftClientReply:client-A9DCF8B8BD5B->529edf8e-8eae-4246-b33f-5e44130d441c@group-A1CD1332DC7D, cid=1303, SUCCESS, logIndex=0, commits[529edf8e-8eae-4246-b33f-5e44130d441c:c1792, 79bffca9-b028-4c53-a657-872ed973be73:c1789, 15654dff-55cd-4f70-96d8-4abf0c061563:c1789]
2019-07-09 15:04:25,780 INFO  client.GrpcClientProtocolClient (GrpcClientProtocolClient.java:onNext(255)) - client-A9DCF8B8BD5B->529edf8e-8eae-4246-b33f-5e44130d441c: receive RaftClientReply:client-A9DCF8B8BD5B->529edf8e-8eae-4246-b33f-5e44130d441c@group-A1CD1332DC7D, cid=1304, SUCCESS, logIndex=1796, commits[529edf8e-8eae-4246-b33f-5e44130d441c:c1797, 79bffca9-b028-4c53-a657-872ed973be73:c1793, 15654dff-55cd-4f70-96d8-4abf0c061563:c1793]
2019-07-09 15:04:25,780 INFO  client.GrpcClientProtocolClient (GrpcClientProtocolClient.java:onNext(255)) - client-A9DCF8B8BD5B->529edf8e-8eae-4246-b33f-5e44130d441c: receive RaftClientReply:client-A9DCF8B8BD5B->529edf8e-8eae-4246-b33f-5e44130d441c@group-A1CD1332DC7D, cid=1305, SUCCESS, logIndex=1797, commits[529edf8e-8eae-4246-b33f-5e44130d441c:c1797, 79bffca9-b028-4c53-a657-872ed973be73:c1793, 15654dff-55cd-4f70-96d8-4abf0c061563:c1793]
2019-07-09 15:04:25,803 INFO  client.GrpcClientProtocolClient (GrpcClientProtocolClient.java:onNext(255)) - client-A9DCF8B8BD5B->529edf8e-8eae-4246-b33f-5e44130d441c: receive RaftClientReply:client-A9DCF8B8BD5B->529edf8e-8eae-4246-b33f-5e44130d441c@group-A1CD1332DC7D, cid=1306, SUCCESS, logIndex=1800, commits[529edf8e-8eae-4246-b33f-5e44130d441c:c1801, 79bffca9-b028-4c53-a657-872ed973be73:c1797, 15654dff-55cd-4f70-96d8-4abf0c061563:c1797]
2019-07-09 15:04:25,803 INFO  client.GrpcClientProtocolClient (GrpcClientProtocolClient.java:onNext(255)) - client-A9DCF8B8BD5B->529edf8e-8eae-4246-b33f-5e44130d441c: receive RaftClientReply:client-A9DCF8B8BD5B->529edf8e-8eae-4246-b33f-5e44130d441c@group-A1CD1332DC7D, cid=1307, SUCCESS, logIndex=1801, commits[529edf8e-8eae-4246-b33f-5e44130d441c:c1801, 79bffca9-b028-4c53-a657-872ed973be73:c1797, 15654dff-55cd-4f70-96d8-4abf0c061563:c1797]
2019-07-09 15:04:25,815 INFO  client.GrpcClientProtocolClient (GrpcClientProtocolClient.java:onNext(255)) - client-A9DCF8B8BD5B->529edf8e-8eae-4246-b33f-5e44130d441c: receive RaftClientReply:client-A9DCF8B8BD5B->529edf8e-8eae-4246-b33f-5e44130d441c@group-A1CD1332DC7D, cid=1308, SUCCESS, logIndex=0, commits[529edf8e-8eae-4246-b33f-5e44130d441c:c1803, 79bffca9-b028-4c53-a657-872ed973be73:c1801, 15654dff-55cd-4f70-96d8-4abf0c061563:c1801]
2019-07-09 15:04:25,847 INFO  client.GrpcClientProtocolClient (GrpcClientProtocolClient.java:onNext(255)) - client-A9DCF8B8BD5B->529edf8e-8eae-4246-b33f-5e44130d441c: receive RaftClientReply:client-A9DCF8B8BD5B->529edf8e-8eae-4246-b33f-5e44130d441c@group-A1CD1332DC7D, cid=1309, SUCCESS, logIndex=1804, commits[529edf8e-8eae-4246-b33f-5e44130d441c:c1805, 79bffca9-b028-4c53-a657-872ed973be73:c1803, 15654dff-55cd-4f70-96d8-4abf0c061563:c1803]
2019-07-09 15:04:25,847 INFO  client.GrpcClientProtocolClient (GrpcClientProtocolClient.java:onNext(255)) - client-A9DCF8B8BD5B->529edf8e-8eae-4246-b33f-5e44130d441c: receive RaftClientReply:client-A9DCF8B8BD5B->529edf8e-8eae-4246-b33f-5e44130d441c@group-A1CD1332DC7D, cid=1310, SUCCESS, logIndex=1805, commits[529edf8e-8eae-4246-b33f-5e44130d441c:c1805, 79bffca9-b028-4c53-a657-872ed973be73:c1803, 15654dff-55cd-4f70-96d8-4abf0c061563:c1803]
2019-07-09 15:04:25,848 INFO  client.GrpcClientProtocolClient (GrpcClientProtocolClient.java:onNext(255)) - client-A9DCF8B8BD5B->529edf8e-8eae-4246-b33f-5e44130d441c: receive RaftClientReply:client-A9DCF8B8BD5B->529edf8e-8eae-4246-b33f-5e44130d441c@group-A1CD1332DC7D, cid=1311, SUCCESS, logIndex=1806, commits[529edf8e-8eae-4246-b33f-5e44130d441c:c1806, 79bffca9-b028-4c53-a657-872ed973be73:c1803, 15654dff-55cd-4f70-96d8-4abf0c061563:c1803]
2019-07-09 15:04:25,849 INFO  client.GrpcClientProtocolClient (GrpcClientProtocolClient.java:onNext(255)) - client-A9DCF8B8BD5B->529edf8e-8eae-4246-b33f-5e44130d441c: receive RaftClientReply:client-A9DCF8B8BD5B->529edf8e-8eae-4246-b33f-5e44130d441c@group-A1CD1332DC7D, cid=1312, SUCCESS, logIndex=1807, commits[529edf8e-8eae-4246-b33f-5e44130d441c:c1807, 79bffca9-b028-4c53-a657-872ed973be73:c1803, 15654dff-55cd-4f70-96d8-4abf0c061563:c1803]
 0.00% |█                                                                                                    |  0/1 Time: 0:00:082019-07-09 15:04:25,860 INFO  client.GrpcClientProtocolClient (GrpcClientProtocolClient.java:onNext(255)) - client-A9DCF8B8BD5B->529edf8e-8eae-4246-b33f-5e44130d441c: receive RaftClientReply:client-A9DCF8B8BD5B->529edf8e-8eae-4246-b33f-5e44130d441c@group-A1CD1332DC7D, cid=1313, SUCCESS, logIndex=0, commits[529edf8e-8eae-4246-b33f-5e44130d441c:c1809, 79bffca9-b028-4c53-a657-872ed973be73:c1805, 15654dff-55cd-4f70-96d8-4abf0c061563:c1805]
2019-07-09 15:04:25,882 INFO  client.GrpcClientProtocolClient (GrpcClientProtocolClient.java:onNext(255)) - client-A9DCF8B8BD5B->529edf8e-8eae-4246-b33f-5e44130d441c: receive RaftClientReply:client-A9DCF8B8BD5B->529edf8e-8eae-4246-b33f-5e44130d441c@group-A1CD1332DC7D, cid=1314, SUCCESS, logIndex=1812, commits[529edf8e-8eae-4246-b33f-5e44130d441c:c1813, 79bffca9-b028-4c53-a657-872ed973be73:c1811, 15654dff-55cd-4f70-96d8-4abf0c061563:c1811]
2019-07-09 15:04:25,883 INFO  client.GrpcClientProtocolClient (GrpcClientProtocolClient.java:onNext(255)) - client-A9DCF8B8BD5B->529edf8e-8eae-4246-b33f-5e44130d441c: receive RaftClientReply:client-A9DCF8B8BD5B->529edf8e-8eae-4246-b33f-5e44130d441c@group-A1CD1332DC7D, cid=1315, SUCCESS, logIndex=1813, commits[529edf8e-8eae-4246-b33f-5e44130d441c:c1813, 79bffca9-b028-4c53-a657-872ed973be73:c1811, 15654dff-55cd-4f70-96d8-4abf0c061563:c1811]
2019-07-09 15:04:25,898 INFO  client.GrpcClientProtocolClient (GrpcClientProtocolClient.java:onNext(255)) - client-A9DCF8B8BD5B->529edf8e-8eae-4246-b33f-5e44130d441c: receive RaftClientReply:client-A9DCF8B8BD5B->529edf8e-8eae-4246-b33f-5e44130d441c@group-A1CD1332DC7D, cid=1316, SUCCESS, logIndex=1816, commits[529edf8e-8eae-4246-b33f-5e44130d441c:c1817, 79bffca9-b028-4c53-a657-872ed973be73:c1813, 15654dff-55cd-4f70-96d8-4abf0c061563:c1813]
2019-07-09 15:04:25,898 INFO  client.GrpcClientProtocolClient (GrpcClientProtocolClient.java:onNext(255)) - client-A9DCF8B8BD5B->529edf8e-8eae-4246-b33f-5e44130d441c: receive RaftClientReply:client-A9DCF8B8BD5B->529edf8e-8eae-4246-b33f-5e44130d441c@group-A1CD1332DC7D, cid=1317, SUCCESS, logIndex=1817, commits[529edf8e-8eae-4246-b33f-5e44130d441c:c1817, 79bffca9-b028-4c53-a657-872ed973be73:c1813, 15654dff-55cd-4f70-96d8-4abf0c061563:c1813]
2019-07-09 15:04:25,910 INFO  client.GrpcClientProtocolClient (GrpcClientProtocolClient.java:onNext(255)) - client-A9DCF8B8BD5B->529edf8e-8eae-4246-b33f-5e44130d441c: receive RaftClientReply:client-A9DCF8B8BD5B->529edf8e-8eae-4246-b33f-5e44130d441c@group-A1CD1332DC7D, cid=1318, SUCCESS, logIndex=0, commits[529edf8e-8eae-4246-b33f-5e44130d441c:c1818, 79bffca9-b028-4c53-a657-872ed973be73:c1817, 15654dff-55cd-4f70-96d8-4abf0c061563:c1817]
2019-07-09 15:04:25,940 INFO  client.GrpcClientProtocolClient (GrpcClientProtocolClient.java:onNext(255)) - client-A9DCF8B8BD5B->529edf8e-8eae-4246-b33f-5e44130d441c: receive RaftClientReply:client-A9DCF8B8BD5B->529edf8e-8eae-4246-b33f-5e44130d441c@group-A1CD1332DC7D, cid=1319, SUCCESS, logIndex=1820, commits[529edf8e-8eae-4246-b33f-5e44130d441c:c1821, 79bffca9-b028-4c53-a657-872ed973be73:c1819, 15654dff-55cd-4f70-96d8-4abf0c061563:c1819]
2019-07-09 15:04:25,940 INFO  client.GrpcClientProtocolClient (GrpcClientProtocolClient.java:onNext(255)) - client-A9DCF8B8BD5B->529edf8e-8eae-4246-b33f-5e44130d441c: receive RaftClientReply:client-A9DCF8B8BD5B->529edf8e-8eae-4246-b33f-5e44130d441c@group-A1CD1332DC7D, cid=1320, SUCCESS, logIndex=1821, commits[529edf8e-8eae-4246-b33f-5e44130d441c:c1821, 79bffca9-b028-4c53-a657-872ed973be73:c1819, 15654dff-55cd-4f70-96d8-4abf0c061563:c1819]
2019-07-09 15:04:25,952 INFO  client.GrpcClientProtocolClient (GrpcClientProtocolClient.java:onNext(255)) - client-A9DCF8B8BD5B->529edf8e-8eae-4246-b33f-5e44130d441c: receive RaftClientReply:client-A9DCF8B8BD5B->529edf8e-8eae-4246-b33f-5e44130d441c@group-A1CD1332DC7D, cid=1321, SUCCESS, logIndex=1822, commits[529edf8e-8eae-4246-b33f-5e44130d441c:c1823, 79bffca9-b028-4c53-a657-872ed973be73:c1819, 15654dff-55cd-4f70-96d8-4abf0c061563:c1819]
2019-07-09 15:04:25,952 INFO  client.GrpcClientProtocolClient (GrpcClientProtocolClient.java:onNext(255)) - client-A9DCF8B8BD5B->529edf8e-8eae-4246-b33f-5e44130d441c: receive RaftClientReply:client-A9DCF8B8BD5B->529edf8e-8eae-4246-b33f-5e44130d441c@group-A1CD1332DC7D, cid=1322, SUCCESS, logIndex=1823, commits[529edf8e-8eae-4246-b33f-5e44130d441c:c1823, 79bffca9-b028-4c53-a657-872ed973be73:c1819, 15654dff-55cd-4f70-96d8-4abf0c061563:c1819]
2019-07-09 15:04:25,965 INFO  client.GrpcClientProtocolClient (GrpcClientProtocolClient.java:onNext(255)) - client-A9DCF8B8BD5B->529edf8e-8eae-4246-b33f-5e44130d441c: receive RaftClientReply:client-A9DCF8B8BD5B->529edf8e-8eae-4246-b33f-5e44130d441c@group-A1CD1332DC7D, cid=1323, SUCCESS, logIndex=0, commits[529edf8e-8eae-4246-b33f-5e44130d441c:c1825, 79bffca9-b028-4c53-a657-872ed973be73:c1821, 15654dff-55cd-4f70-96d8-4abf0c061563:c1821]
2019-07-09 15:04:25,991 INFO  client.GrpcClientProtocolClient (GrpcClientProtocolClient.java:onNext(255)) - client-A9DCF8B8BD5B->529edf8e-8eae-4246-b33f-5e44130d441c: receive RaftClientReply:client-A9DCF8B8BD5B->529edf8e-8eae-4246-b33f-5e44130d441c@group-A1CD1332DC7D, cid=1324, SUCCESS, logIndex=1828, commits[529edf8e-8eae-4246-b33f-5e44130d441c:c1829, 79bffca9-b028-4c53-a657-872ed973be73:c1825, 15654dff-55cd-4f70-96d8-4abf0c061563:c1825]
2019-07-09 15:04:25,992 INFO  client.GrpcClientProtocolClient (GrpcClientProtocolClient.java:onNext(255)) - client-A9DCF8B8BD5B->529edf8e-8eae-4246-b33f-5e44130d441c: receive RaftClientReply:client-A9DCF8B8BD5B->529edf8e-8eae-4246-b33f-5e44130d441c@group-A1CD1332DC7D, cid=1325, SUCCESS, logIndex=1829, commits[529edf8e-8eae-4246-b33f-5e44130d441c:c1829, 79bffca9-b028-4c53-a657-872ed973be73:c1825, 15654dff-55cd-4f70-96d8-4abf0c061563:c1825]
2019-07-09 15:04:26,006 INFO  client.GrpcClientProtocolClient (GrpcClientProtocolClient.java:onNext(255)) - client-A9DCF8B8BD5B->529edf8e-8eae-4246-b33f-5e44130d441c: receive RaftClientReply:client-A9DCF8B8BD5B->529edf8e-8eae-4246-b33f-5e44130d441c@group-A1CD1332DC7D, cid=1326, SUCCESS, logIndex=1832, commits[529edf8e-8eae-4246-b33f-5e44130d441c:c1832, 79bffca9-b028-4c53-a657-872ed973be73:c1829, 15654dff-55cd-4f70-96d8-4abf0c061563:c1829]
2019-07-09 15:04:26,007 INFO  client.GrpcClientProtocolClient (GrpcClientProtocolClient.java:onNext(255)) - client-A9DCF8B8BD5B->529edf8e-8eae-4246-b33f-5e44130d441c: receive RaftClientReply:client-A9DCF8B8BD5B->529edf8e-8eae-4246-b33f-5e44130d441c@group-A1CD1332DC7D, cid=1327, SUCCESS, logIndex=1833, commits[529edf8e-8eae-4246-b33f-5e44130d441c:c1833, 79bffca9-b028-4c53-a657-872ed973be73:c1829, 15654dff-55cd-4f70-96d8-4abf0c061563:c1829]
2019-07-09 15:04:26,019 INFO  client.GrpcClientProtocolClient (GrpcClientProtocolClient.java:onNext(255)) - client-A9DCF8B8BD5B->529edf8e-8eae-4246-b33f-5e44130d441c: receive RaftClientReply:client-A9DCF8B8BD5B->529edf8e-8eae-4246-b33f-5e44130d441c@group-A1CD1332DC7D, cid=1328, SUCCESS, logIndex=0, commits[529edf8e-8eae-4246-b33f-5e44130d441c:c1835, 79bffca9-b028-4c53-a657-872ed973be73:c1833, 15654dff-55cd-4f70-96d8-4abf0c061563:c1833]
2019-07-09 15:04:26,051 INFO  client.GrpcClientProtocolClient (GrpcClientProtocolClient.java:onNext(255)) - client-A9DCF8B8BD5B->529edf8e-8eae-4246-b33f-5e44130d441c: receive RaftClientReply:client-A9DCF8B8BD5B->529edf8e-8eae-4246-b33f-5e44130d441c@group-A1CD1332DC7D, cid=1329, SUCCESS, logIndex=1836, commits[529edf8e-8eae-4246-b33f-5e44130d441c:c1837, 79bffca9-b028-4c53-a657-872ed973be73:c1835, 15654dff-55cd-4f70-96d8-4abf0c061563:c1835]
2019-07-09 15:04:26,051 INFO  client.GrpcClientProtocolClient (GrpcClientProtocolClient.java:onNext(255)) - client-A9DCF8B8BD5B->529edf8e-8eae-4246-b33f-5e44130d441c: receive RaftClientReply:client-A9DCF8B8BD5B->529edf8e-8eae-4246-b33f-5e44130d441c@group-A1CD1332DC7D, cid=1330, SUCCESS, logIndex=1837, commits[529edf8e-8eae-4246-b33f-5e44130d441c:c1839, 79bffca9-b028-4c53-a657-872ed973be73:c1835, 15654dff-55cd-4f70-96d8-4abf0c061563:c1835]
2019-07-09 15:04:26,052 INFO  client.GrpcClientProtocolClient (GrpcClientProtocolClient.java:onNext(255)) - client-A9DCF8B8BD5B->529edf8e-8eae-4246-b33f-5e44130d441c: receive RaftClientReply:client-A9DCF8B8BD5B->529edf8e-8eae-4246-b33f-5e44130d441c@group-A1CD1332DC7D, cid=1331, SUCCESS, logIndex=1838, commits[529edf8e-8eae-4246-b33f-5e44130d441c:c1839, 79bffca9-b028-4c53-a657-872ed973be73:c1835, 15654dff-55cd-4f70-96d8-4abf0c061563:c1835]
2019-07-09 15:04:26,052 INFO  client.GrpcClientProtocolClient (GrpcClientProtocolClient.java:onNext(255)) - client-A9DCF8B8BD5B->529edf8e-8eae-4246-b33f-5e44130d441c: receive RaftClientReply:client-A9DCF8B8BD5B->529edf8e-8eae-4246-b33f-5e44130d441c@group-A1CD1332DC7D, cid=1332, SUCCESS, logIndex=1839, commits[529edf8e-8eae-4246-b33f-5e44130d441c:c1839, 79bffca9-b028-4c53-a657-872ed973be73:c1835, 15654dff-55cd-4f70-96d8-4abf0c061563:c1835]
2019-07-09 15:04:26,066 INFO  client.GrpcClientProtocolClient (GrpcClientProtocolClient.java:onNext(255)) - client-A9DCF8B8BD5B->529edf8e-8eae-4246-b33f-5e44130d441c: receive RaftClientReply:client-A9DCF8B8BD5B->529edf8e-8eae-4246-b33f-5e44130d441c@group-A1CD1332DC7D, cid=1333, SUCCESS, logIndex=0, commits[529edf8e-8eae-4246-b33f-5e44130d441c:c1841, 79bffca9-b028-4c53-a657-872ed973be73:c1837, 15654dff-55cd-4f70-96d8-4abf0c061563:c1837]
2019-07-09 15:04:26,079 INFO  client.GrpcClientProtocolClient (GrpcClientProtocolClient.java:onNext(255)) - client-A9DCF8B8BD5B->529edf8e-8eae-4246-b33f-5e44130d441c: receive RaftClientReply:client-A9DCF8B8BD5B->529edf8e-8eae-4246-b33f-5e44130d441c@group-A1CD1332DC7D, cid=1334, SUCCESS, logIndex=1844, commits[529edf8e-8eae-4246-b33f-5e44130d441c:c1845, 79bffca9-b028-4c53-a657-872ed973be73:c1843, 15654dff-55cd-4f70-96d8-4abf0c061563:c1843]
2019-07-09 15:04:26,080 INFO  client.GrpcClientProtocolClient (GrpcClientProtocolClient.java:onNext(255)) - client-A9DCF8B8BD5B->529edf8e-8eae-4246-b33f-5e44130d441c: receive RaftClientReply:client-A9DCF8B8BD5B->529edf8e-8eae-4246-b33f-5e44130d441c@group-A1CD1332DC7D, cid=1335, SUCCESS, logIndex=1845, commits[529edf8e-8eae-4246-b33f-5e44130d441c:c1845, 79bffca9-b028-4c53-a657-872ed973be73:c1843, 15654dff-55cd-4f70-96d8-4abf0c061563:c1843]
2019-07-09 15:04:26,200 INFO  client.GrpcClientProtocolClient (GrpcClientProtocolClient.java:onNext(255)) - client-A9DCF8B8BD5B->529edf8e-8eae-4246-b33f-5e44130d441c: receive RaftClientReply:client-A9DCF8B8BD5B->529edf8e-8eae-4246-b33f-5e44130d441c@group-A1CD1332DC7D, cid=1336, SUCCESS, logIndex=1848, commits[529edf8e-8eae-4246-b33f-5e44130d441c:c1849, 79bffca9-b028-4c53-a657-872ed973be73:c1845, 15654dff-55cd-4f70-96d8-4abf0c061563:c1845]
2019-07-09 15:04:26,201 INFO  client.GrpcClientProtocolClient (GrpcClientProtocolClient.java:onNext(255)) - client-A9DCF8B8BD5B->529edf8e-8eae-4246-b33f-5e44130d441c: receive RaftClientReply:client-A9DCF8B8BD5B->529edf8e-8eae-4246-b33f-5e44130d441c@group-A1CD1332DC7D, cid=1337, SUCCESS, logIndex=1849, commits[529edf8e-8eae-4246-b33f-5e44130d441c:c1849, 79bffca9-b028-4c53-a657-872ed973be73:c1845, 15654dff-55cd-4f70-96d8-4abf0c061563:c1845]
2019-07-09 15:04:26,223 INFO  client.GrpcClientProtocolClient (GrpcClientProtocolClient.java:onNext(255)) - client-A9DCF8B8BD5B->529edf8e-8eae-4246-b33f-5e44130d441c: receive RaftClientReply:client-A9DCF8B8BD5B->529edf8e-8eae-4246-b33f-5e44130d441c@group-A1CD1332DC7D, cid=1338, SUCCESS, logIndex=0, commits[529edf8e-8eae-4246-b33f-5e44130d441c:c1851, 79bffca9-b028-4c53-a657-872ed973be73:c1849, 15654dff-55cd-4f70-96d8-4abf0c061563:c1849]
2019-07-09 15:04:26,255 INFO  client.GrpcClientProtocolClient (GrpcClientProtocolClient.java:onNext(255)) - client-A9DCF8B8BD5B->529edf8e-8eae-4246-b33f-5e44130d441c: receive RaftClientReply:client-A9DCF8B8BD5B->529edf8e-8eae-4246-b33f-5e44130d441c@group-A1CD1332DC7D, cid=1339, SUCCESS, logIndex=1852, commits[529edf8e-8eae-4246-b33f-5e44130d441c:c1853, 79bffca9-b028-4c53-a657-872ed973be73:c1851, 15654dff-55cd-4f70-96d8-4abf0c061563:c1851]
2019-07-09 15:04:26,256 INFO  client.GrpcClientProtocolClient (GrpcClientProtocolClient.java:onNext(255)) - client-A9DCF8B8BD5B->529edf8e-8eae-4246-b33f-5e44130d441c: receive RaftClientReply:client-A9DCF8B8BD5B->529edf8e-8eae-4246-b33f-5e44130d441c@group-A1CD1332DC7D, cid=1340, SUCCESS, logIndex=1853, commits[529edf8e-8eae-4246-b33f-5e44130d441c:c1855, 79bffca9-b028-4c53-a657-872ed973be73:c1851, 15654dff-55cd-4f70-96d8-4abf0c061563:c1851]
2019-07-09 15:04:26,256 INFO  client.GrpcClientProtocolClient (GrpcClientProtocolClient.java:onNext(255)) - client-A9DCF8B8BD5B->529edf8e-8eae-4246-b33f-5e44130d441c: receive RaftClientReply:client-A9DCF8B8BD5B->529edf8e-8eae-4246-b33f-5e44130d441c@group-A1CD1332DC7D, cid=1341, SUCCESS, logIndex=1854, commits[529edf8e-8eae-4246-b33f-5e44130d441c:c1855, 79bffca9-b028-4c53-a657-872ed973be73:c1851, 15654dff-55cd-4f70-96d8-4abf0c061563:c1851]
2019-07-09 15:04:26,257 INFO  client.GrpcClientProtocolClient (GrpcClientProtocolClient.java:onNext(255)) - client-A9DCF8B8BD5B->529edf8e-8eae-4246-b33f-5e44130d441c: receive RaftClientReply:client-A9DCF8B8BD5B->529edf8e-8eae-4246-b33f-5e44130d441c@group-A1CD1332DC7D, cid=1342, SUCCESS, logIndex=1855, commits[529edf8e-8eae-4246-b33f-5e44130d441c:c1855, 79bffca9-b028-4c53-a657-872ed973be73:c1851, 15654dff-55cd-4f70-96d8-4abf0c061563:c1851]
2019-07-09 15:04:26,259 INFO  client.GrpcClientProtocolClient (GrpcClientProtocolClient.java:onNext(255)) - client-A9DCF8B8BD5B->529edf8e-8eae-4246-b33f-5e44130d441c: receive RaftClientReply:client-A9DCF8B8BD5B->529edf8e-8eae-4246-b33f-5e44130d441c@group-A1CD1332DC7D, cid=1343, SUCCESS, logIndex=0, commits[529edf8e-8eae-4246-b33f-5e44130d441c:c1859, 79bffca9-b028-4c53-a657-872ed973be73:c1855, 15654dff-55cd-4f70-96d8-4abf0c061563:c1853]
2019-07-09 15:04:26,281 INFO  client.GrpcClientProtocolClient (GrpcClientProtocolClient.java:onNext(255)) - client-A9DCF8B8BD5B->529edf8e-8eae-4246-b33f-5e44130d441c: receive RaftClientReply:client-A9DCF8B8BD5B->529edf8e-8eae-4246-b33f-5e44130d441c@group-A1CD1332DC7D, cid=1344, SUCCESS, logIndex=1860, commits[529edf8e-8eae-4246-b33f-5e44130d441c:c1861, 79bffca9-b028-4c53-a657-872ed973be73:c1859, 15654dff-55cd-4f70-96d8-4abf0c061563:c1859]
2019-07-09 15:04:26,281 INFO  client.GrpcClientProtocolClient (GrpcClientProtocolClient.java:onNext(255)) - client-A9DCF8B8BD5B->529edf8e-8eae-4246-b33f-5e44130d441c: receive RaftClientReply:client-A9DCF8B8BD5B->529edf8e-8eae-4246-b33f-5e44130d441c@group-A1CD1332DC7D, cid=1345, SUCCESS, logIndex=1861, commits[529edf8e-8eae-4246-b33f-5e44130d441c:c1861, 79bffca9-b028-4c53-a657-872ed973be73:c1859, 15654dff-55cd-4f70-96d8-4abf0c061563:c1859]
2019-07-09 15:04:26,306 INFO  client.GrpcClientProtocolClient (GrpcClientProtocolClient.java:onNext(255)) - client-A9DCF8B8BD5B->529edf8e-8eae-4246-b33f-5e44130d441c: receive RaftClientReply:client-A9DCF8B8BD5B->529edf8e-8eae-4246-b33f-5e44130d441c@group-A1CD1332DC7D, cid=1346, SUCCESS, logIndex=1864, commits[529edf8e-8eae-4246-b33f-5e44130d441c:c1865, 79bffca9-b028-4c53-a657-872ed973be73:c1860, 15654dff-55cd-4f70-96d8-4abf0c061563:c1861]
2019-07-09 15:04:26,306 INFO  client.GrpcClientProtocolClient (GrpcClientProtocolClient.java:onNext(255)) - client-A9DCF8B8BD5B->529edf8e-8eae-4246-b33f-5e44130d441c: receive RaftClientReply:client-A9DCF8B8BD5B->529edf8e-8eae-4246-b33f-5e44130d441c@group-A1CD1332DC7D, cid=1347, SUCCESS, logIndex=1865, commits[529edf8e-8eae-4246-b33f-5e44130d441c:c1865, 79bffca9-b028-4c53-a657-872ed973be73:c1861, 15654dff-55cd-4f70-96d8-4abf0c061563:c1861]
2019-07-09 15:04:26,319 INFO  client.GrpcClientProtocolClient (GrpcClientProtocolClient.java:onNext(255)) - client-A9DCF8B8BD5B->529edf8e-8eae-4246-b33f-5e44130d441c: receive RaftClientReply:client-A9DCF8B8BD5B->529edf8e-8eae-4246-b33f-5e44130d441c@group-A1CD1332DC7D, cid=1348, SUCCESS, logIndex=0, commits[529edf8e-8eae-4246-b33f-5e44130d441c:c1867, 79bffca9-b028-4c53-a657-872ed973be73:c1865, 15654dff-55cd-4f70-96d8-4abf0c061563:c1865]
2019-07-09 15:04:26,341 INFO  client.GrpcClientProtocolClient (GrpcClientProtocolClient.java:onNext(255)) - client-A9DCF8B8BD5B->529edf8e-8eae-4246-b33f-5e44130d441c: receive RaftClientReply:client-A9DCF8B8BD5B->529edf8e-8eae-4246-b33f-5e44130d441c@group-A1CD1332DC7D, cid=1349, SUCCESS, logIndex=1868, commits[529edf8e-8eae-4246-b33f-5e44130d441c:c1869, 79bffca9-b028-4c53-a657-872ed973be73:c1867, 15654dff-55cd-4f70-96d8-4abf0c061563:c1867]
2019-07-09 15:04:26,342 INFO  client.GrpcClientProtocolClient (GrpcClientProtocolClient.java:onNext(255)) - client-A9DCF8B8BD5B->529edf8e-8eae-4246-b33f-5e44130d441c: receive RaftClientReply:client-A9DCF8B8BD5B->529edf8e-8eae-4246-b33f-5e44130d441c@group-A1CD1332DC7D, cid=1350, SUCCESS, logIndex=1869, commits[529edf8e-8eae-4246-b33f-5e44130d441c:c1869, 79bffca9-b028-4c53-a657-872ed973be73:c1867, 15654dff-55cd-4f70-96d8-4abf0c061563:c1867]
2019-07-09 15:04:26,342 INFO  client.GrpcClientProtocolClient (GrpcClientProtocolClient.java:onNext(255)) - client-A9DCF8B8BD5B->529edf8e-8eae-4246-b33f-5e44130d441c: receive RaftClientReply:client-A9DCF8B8BD5B->529edf8e-8eae-4246-b33f-5e44130d441c@group-A1CD1332DC7D, cid=1351, SUCCESS, logIndex=1870, commits[529edf8e-8eae-4246-b33f-5e44130d441c:c1871, 79bffca9-b028-4c53-a657-872ed973be73:c1867, 15654dff-55cd-4f70-96d8-4abf0c061563:c1867]
2019-07-09 15:04:26,343 INFO  client.GrpcClientProtocolClient (GrpcClientProtocolClient.java:onNext(255)) - client-A9DCF8B8BD5B->529edf8e-8eae-4246-b33f-5e44130d441c: receive RaftClientReply:client-A9DCF8B8BD5B->529edf8e-8eae-4246-b33f-5e44130d441c@group-A1CD1332DC7D, cid=1352, SUCCESS, logIndex=1871, commits[529edf8e-8eae-4246-b33f-5e44130d441c:c1871, 79bffca9-b028-4c53-a657-872ed973be73:c1867, 15654dff-55cd-4f70-96d8-4abf0c061563:c1867]
2019-07-09 15:04:26,344 INFO  client.GrpcClientProtocolClient (GrpcClientProtocolClient.java:onNext(255)) - client-A9DCF8B8BD5B->529edf8e-8eae-4246-b33f-5e44130d441c: receive RaftClientReply:client-A9DCF8B8BD5B->529edf8e-8eae-4246-b33f-5e44130d441c@group-A1CD1332DC7D, cid=1353, SUCCESS, logIndex=0, commits[529edf8e-8eae-4246-b33f-5e44130d441c:c1873, 79bffca9-b028-4c53-a657-872ed973be73:c1869, 15654dff-55cd-4f70-96d8-4abf0c061563:c1869]
2019-07-09 15:04:26,364 INFO  client.GrpcClientProtocolClient (GrpcClientProtocolClient.java:onNext(255)) - client-A9DCF8B8BD5B->529edf8e-8eae-4246-b33f-5e44130d441c: receive RaftClientReply:client-A9DCF8B8BD5B->529edf8e-8eae-4246-b33f-5e44130d441c@group-A1CD1332DC7D, cid=1354, SUCCESS, logIndex=1876, commits[529edf8e-8eae-4246-b33f-5e44130d441c:c1877, 79bffca9-b028-4c53-a657-872ed973be73:c1875, 15654dff-55cd-4f70-96d8-4abf0c061563:c1875]
2019-07-09 15:04:26,365 INFO  client.GrpcClientProtocolClient (GrpcClientProtocolClient.java:onNext(255)) - client-A9DCF8B8BD5B->529edf8e-8eae-4246-b33f-5e44130d441c: receive RaftClientReply:client-A9DCF8B8BD5B->529edf8e-8eae-4246-b33f-5e44130d441c@group-A1CD1332DC7D, cid=1355, SUCCESS, logIndex=1877, commits[529edf8e-8eae-4246-b33f-5e44130d441c:c1877, 79bffca9-b028-4c53-a657-872ed973be73:c1875, 15654dff-55cd-4f70-96d8-4abf0c061563:c1875]
2019-07-09 15:04:26,393 INFO  client.GrpcClientProtocolClient (GrpcClientProtocolClient.java:onNext(255)) - client-A9DCF8B8BD5B->529edf8e-8eae-4246-b33f-5e44130d441c: receive RaftClientReply:client-A9DCF8B8BD5B->529edf8e-8eae-4246-b33f-5e44130d441c@group-A1CD1332DC7D, cid=1356, SUCCESS, logIndex=1880, commits[529edf8e-8eae-4246-b33f-5e44130d441c:c1880, 79bffca9-b028-4c53-a657-872ed973be73:c1877, 15654dff-55cd-4f70-96d8-4abf0c061563:c1877]
2019-07-09 15:04:26,393 INFO  client.GrpcClientProtocolClient (GrpcClientProtocolClient.java:onNext(255)) - client-A9DCF8B8BD5B->529edf8e-8eae-4246-b33f-5e44130d441c: receive RaftClientReply:client-A9DCF8B8BD5B->529edf8e-8eae-4246-b33f-5e44130d441c@group-A1CD1332DC7D, cid=1357, SUCCESS, logIndex=1881, commits[529edf8e-8eae-4246-b33f-5e44130d441c:c1881, 79bffca9-b028-4c53-a657-872ed973be73:c1877, 15654dff-55cd-4f70-96d8-4abf0c061563:c1877]
2019-07-09 15:04:26,406 INFO  client.GrpcClientProtocolClient (GrpcClientProtocolClient.java:onNext(255)) - client-A9DCF8B8BD5B->529edf8e-8eae-4246-b33f-5e44130d441c: receive RaftClientReply:client-A9DCF8B8BD5B->529edf8e-8eae-4246-b33f-5e44130d441c@group-A1CD1332DC7D, cid=1358, SUCCESS, logIndex=0, commits[529edf8e-8eae-4246-b33f-5e44130d441c:c1883, 79bffca9-b028-4c53-a657-872ed973be73:c1881, 15654dff-55cd-4f70-96d8-4abf0c061563:c1881]
2019-07-09 15:04:26,440 INFO  client.GrpcClientProtocolClient (GrpcClientProtocolClient.java:onNext(255)) - client-A9DCF8B8BD5B->529edf8e-8eae-4246-b33f-5e44130d441c: receive RaftClientReply:client-A9DCF8B8BD5B->529edf8e-8eae-4246-b33f-5e44130d441c@group-A1CD1332DC7D, cid=1359, SUCCESS, logIndex=1884, commits[529edf8e-8eae-4246-b33f-5e44130d441c:c1884, 79bffca9-b028-4c53-a657-872ed973be73:c1881, 15654dff-55cd-4f70-96d8-4abf0c061563:c1883]
2019-07-09 15:04:26,441 INFO  client.GrpcClientProtocolClient (GrpcClientProtocolClient.java:onNext(255)) - client-A9DCF8B8BD5B->529edf8e-8eae-4246-b33f-5e44130d441c: receive RaftClientReply:client-A9DCF8B8BD5B->529edf8e-8eae-4246-b33f-5e44130d441c@group-A1CD1332DC7D, cid=1360, SUCCESS, logIndex=1885, commits[529edf8e-8eae-4246-b33f-5e44130d441c:c1886, 79bffca9-b028-4c53-a657-872ed973be73:c1883, 15654dff-55cd-4f70-96d8-4abf0c061563:c1883]
2019-07-09 15:04:26,441 INFO  client.GrpcClientProtocolClient (GrpcClientProtocolClient.java:onNext(255)) - client-A9DCF8B8BD5B->529edf8e-8eae-4246-b33f-5e44130d441c: receive RaftClientReply:client-A9DCF8B8BD5B->529edf8e-8eae-4246-b33f-5e44130d441c@group-A1CD1332DC7D, cid=1361, SUCCESS, logIndex=1886, commits[529edf8e-8eae-4246-b33f-5e44130d441c:c1887, 79bffca9-b028-4c53-a657-872ed973be73:c1883, 15654dff-55cd-4f70-96d8-4abf0c061563:c1883]
2019-07-09 15:04:26,442 INFO  client.GrpcClientProtocolClient (GrpcClientProtocolClient.java:onNext(255)) - client-A9DCF8B8BD5B->529edf8e-8eae-4246-b33f-5e44130d441c: receive RaftClientReply:client-A9DCF8B8BD5B->529edf8e-8eae-4246-b33f-5e44130d441c@group-A1CD1332DC7D, cid=1362, SUCCESS, logIndex=1887, commits[529edf8e-8eae-4246-b33f-5e44130d441c:c1887, 79bffca9-b028-4c53-a657-872ed973be73:c1883, 15654dff-55cd-4f70-96d8-4abf0c061563:c1883]
2019-07-09 15:04:26,452 INFO  client.GrpcClientProtocolClient (GrpcClientProtocolClient.java:onNext(255)) - client-A9DCF8B8BD5B->529edf8e-8eae-4246-b33f-5e44130d441c: receive RaftClientReply:client-A9DCF8B8BD5B->529edf8e-8eae-4246-b33f-5e44130d441c@group-A1CD1332DC7D, cid=1363, SUCCESS, logIndex=0, commits[529edf8e-8eae-4246-b33f-5e44130d441c:c1891, 79bffca9-b028-4c53-a657-872ed973be73:c1887, 15654dff-55cd-4f70-96d8-4abf0c061563:c1886]
2019-07-09 15:04:26,473 INFO  client.GrpcClientProtocolClient (GrpcClientProtocolClient.java:onNext(255)) - client-A9DCF8B8BD5B->529edf8e-8eae-4246-b33f-5e44130d441c: receive RaftClientReply:client-A9DCF8B8BD5B->529edf8e-8eae-4246-b33f-5e44130d441c@group-A1CD1332DC7D, cid=1364, SUCCESS, logIndex=1892, commits[529edf8e-8eae-4246-b33f-5e44130d441c:c1893, 79bffca9-b028-4c53-a657-872ed973be73:c1891, 15654dff-55cd-4f70-96d8-4abf0c061563:c1891]
2019-07-09 15:04:26,474 INFO  client.GrpcClientProtocolClient (GrpcClientProtocolClient.java:onNext(255)) - client-A9DCF8B8BD5B->529edf8e-8eae-4246-b33f-5e44130d441c: receive RaftClientReply:client-A9DCF8B8BD5B->529edf8e-8eae-4246-b33f-5e44130d441c@group-A1CD1332DC7D, cid=1365, SUCCESS, logIndex=1893, commits[529edf8e-8eae-4246-b33f-5e44130d441c:c1893, 79bffca9-b028-4c53-a657-872ed973be73:c1891, 15654dff-55cd-4f70-96d8-4abf0c061563:c1891]
2019-07-09 15:04:26,487 INFO  client.GrpcClientProtocolClient (GrpcClientProtocolClient.java:onNext(255)) - client-A9DCF8B8BD5B->529edf8e-8eae-4246-b33f-5e44130d441c: receive RaftClientReply:client-A9DCF8B8BD5B->529edf8e-8eae-4246-b33f-5e44130d441c@group-A1CD1332DC7D, cid=1366, SUCCESS, logIndex=1896, commits[529edf8e-8eae-4246-b33f-5e44130d441c:c1897, 79bffca9-b028-4c53-a657-872ed973be73:c1893, 15654dff-55cd-4f70-96d8-4abf0c061563:c1893]
2019-07-09 15:04:26,487 INFO  client.GrpcClientProtocolClient (GrpcClientProtocolClient.java:onNext(255)) - client-A9DCF8B8BD5B->529edf8e-8eae-4246-b33f-5e44130d441c: receive RaftClientReply:client-A9DCF8B8BD5B->529edf8e-8eae-4246-b33f-5e44130d441c@group-A1CD1332DC7D, cid=1367, SUCCESS, logIndex=1897, commits[529edf8e-8eae-4246-b33f-5e44130d441c:c1897, 79bffca9-b028-4c53-a657-872ed973be73:c1893, 15654dff-55cd-4f70-96d8-4abf0c061563:c1893]
2019-07-09 15:04:26,500 INFO  client.GrpcClientProtocolClient (GrpcClientProtocolClient.java:onNext(255)) - client-A9DCF8B8BD5B->529edf8e-8eae-4246-b33f-5e44130d441c: receive RaftClientReply:client-A9DCF8B8BD5B->529edf8e-8eae-4246-b33f-5e44130d441c@group-A1CD1332DC7D, cid=1368, SUCCESS, logIndex=0, commits[529edf8e-8eae-4246-b33f-5e44130d441c:c1898, 79bffca9-b028-4c53-a657-872ed973be73:c1897, 15654dff-55cd-4f70-96d8-4abf0c061563:c1897]
2019-07-09 15:04:26,527 INFO  client.GrpcClientProtocolClient (GrpcClientProtocolClient.java:onNext(255)) - client-A9DCF8B8BD5B->529edf8e-8eae-4246-b33f-5e44130d441c: receive RaftClientReply:client-A9DCF8B8BD5B->529edf8e-8eae-4246-b33f-5e44130d441c@group-A1CD1332DC7D, cid=1369, SUCCESS, logIndex=1900, commits[529edf8e-8eae-4246-b33f-5e44130d441c:c1902, 79bffca9-b028-4c53-a657-872ed973be73:c1899, 15654dff-55cd-4f70-96d8-4abf0c061563:c1899]
2019-07-09 15:04:26,527 INFO  client.GrpcClientProtocolClient (GrpcClientProtocolClient.java:onNext(255)) - client-A9DCF8B8BD5B->529edf8e-8eae-4246-b33f-5e44130d441c: receive RaftClientReply:client-A9DCF8B8BD5B->529edf8e-8eae-4246-b33f-5e44130d441c@group-A1CD1332DC7D, cid=1370, SUCCESS, logIndex=1901, commits[529edf8e-8eae-4246-b33f-5e44130d441c:c1903, 79bffca9-b028-4c53-a657-872ed973be73:c1899, 15654dff-55cd-4f70-96d8-4abf0c061563:c1899]
2019-07-09 15:04:26,528 INFO  client.GrpcClientProtocolClient (GrpcClientProtocolClient.java:onNext(255)) - client-A9DCF8B8BD5B->529edf8e-8eae-4246-b33f-5e44130d441c: receive RaftClientReply:client-A9DCF8B8BD5B->529edf8e-8eae-4246-b33f-5e44130d441c@group-A1CD1332DC7D, cid=1371, SUCCESS, logIndex=1902, commits[529edf8e-8eae-4246-b33f-5e44130d441c:c1903, 79bffca9-b028-4c53-a657-872ed973be73:c1899, 15654dff-55cd-4f70-96d8-4abf0c061563:c1899]
2019-07-09 15:04:26,528 INFO  client.GrpcClientProtocolClient (GrpcClientProtocolClient.java:onNext(255)) - client-A9DCF8B8BD5B->529edf8e-8eae-4246-b33f-5e44130d441c: receive RaftClientReply:client-A9DCF8B8BD5B->529edf8e-8eae-4246-b33f-5e44130d441c@group-A1CD1332DC7D, cid=1372, SUCCESS, logIndex=1903, commits[529edf8e-8eae-4246-b33f-5e44130d441c:c1903, 79bffca9-b028-4c53-a657-872ed973be73:c1899, 15654dff-55cd-4f70-96d8-4abf0c061563:c1899]
2019-07-09 15:04:26,539 INFO  client.GrpcClientProtocolClient (GrpcClientProtocolClient.java:onNext(255)) - client-A9DCF8B8BD5B->529edf8e-8eae-4246-b33f-5e44130d441c: receive RaftClientReply:client-A9DCF8B8BD5B->529edf8e-8eae-4246-b33f-5e44130d441c@group-A1CD1332DC7D, cid=1373, SUCCESS, logIndex=0, commits[529edf8e-8eae-4246-b33f-5e44130d441c:c1904, 79bffca9-b028-4c53-a657-872ed973be73:c1901, 15654dff-55cd-4f70-96d8-4abf0c061563:c1901]
2019-07-09 15:04:26,575 INFO  client.GrpcClientProtocolClient (GrpcClientProtocolClient.java:onNext(255)) - client-A9DCF8B8BD5B->529edf8e-8eae-4246-b33f-5e44130d441c: receive RaftClientReply:client-A9DCF8B8BD5B->529edf8e-8eae-4246-b33f-5e44130d441c@group-A1CD1332DC7D, cid=1374, SUCCESS, logIndex=1908, commits[529edf8e-8eae-4246-b33f-5e44130d441c:c1909, 79bffca9-b028-4c53-a657-872ed973be73:c1907, 15654dff-55cd-4f70-96d8-4abf0c061563:c1907]
2019-07-09 15:04:26,576 INFO  client.GrpcClientProtocolClient (GrpcClientProtocolClient.java:onNext(255)) - client-A9DCF8B8BD5B->529edf8e-8eae-4246-b33f-5e44130d441c: receive RaftClientReply:client-A9DCF8B8BD5B->529edf8e-8eae-4246-b33f-5e44130d441c@group-A1CD1332DC7D, cid=1375, SUCCESS, logIndex=1909, commits[529edf8e-8eae-4246-b33f-5e44130d441c:c1909, 79bffca9-b028-4c53-a657-872ed973be73:c1907, 15654dff-55cd-4f70-96d8-4abf0c061563:c1907]
2019-07-09 15:04:26,597 INFO  client.GrpcClientProtocolClient (GrpcClientProtocolClient.java:onNext(255)) - client-A9DCF8B8BD5B->529edf8e-8eae-4246-b33f-5e44130d441c: receive RaftClientReply:client-A9DCF8B8BD5B->529edf8e-8eae-4246-b33f-5e44130d441c@group-A1CD1332DC7D, cid=1376, SUCCESS, logIndex=1912, commits[529edf8e-8eae-4246-b33f-5e44130d441c:c1913, 79bffca9-b028-4c53-a657-872ed973be73:c1911, 15654dff-55cd-4f70-96d8-4abf0c061563:c1911]
2019-07-09 15:04:26,598 INFO  client.GrpcClientProtocolClient (GrpcClientProtocolClient.java:onNext(255)) - client-A9DCF8B8BD5B->529edf8e-8eae-4246-b33f-5e44130d441c: receive RaftClientReply:client-A9DCF8B8BD5B->529edf8e-8eae-4246-b33f-5e44130d441c@group-A1CD1332DC7D, cid=1377, SUCCESS, logIndex=1913, commits[529edf8e-8eae-4246-b33f-5e44130d441c:c1913, 79bffca9-b028-4c53-a657-872ed973be73:c1911, 15654dff-55cd-4f70-96d8-4abf0c061563:c1911]
2019-07-09 15:04:26,610 INFO  client.GrpcClientProtocolClient (GrpcClientProtocolClient.java:onNext(255)) - client-A9DCF8B8BD5B->529edf8e-8eae-4246-b33f-5e44130d441c: receive RaftClientReply:client-A9DCF8B8BD5B->529edf8e-8eae-4246-b33f-5e44130d441c@group-A1CD1332DC7D, cid=1378, SUCCESS, logIndex=0, commits[529edf8e-8eae-4246-b33f-5e44130d441c:c1915, 79bffca9-b028-4c53-a657-872ed973be73:c1913, 15654dff-55cd-4f70-96d8-4abf0c061563:c1913]
2019-07-09 15:04:26,639 INFO  client.GrpcClientProtocolClient (GrpcClientProtocolClient.java:onNext(255)) - client-A9DCF8B8BD5B->529edf8e-8eae-4246-b33f-5e44130d441c: receive RaftClientReply:client-A9DCF8B8BD5B->529edf8e-8eae-4246-b33f-5e44130d441c@group-A1CD1332DC7D, cid=1379, SUCCESS, logIndex=1916, commits[529edf8e-8eae-4246-b33f-5e44130d441c:c1918, 79bffca9-b028-4c53-a657-872ed973be73:c1915, 15654dff-55cd-4f70-96d8-4abf0c061563:c1915]
2019-07-09 15:04:26,640 INFO  client.GrpcClientProtocolClient (GrpcClientProtocolClient.java:onNext(255)) - client-A9DCF8B8BD5B->529edf8e-8eae-4246-b33f-5e44130d441c: receive RaftClientReply:client-A9DCF8B8BD5B->529edf8e-8eae-4246-b33f-5e44130d441c@group-A1CD1332DC7D, cid=1380, SUCCESS, logIndex=1917, commits[529edf8e-8eae-4246-b33f-5e44130d441c:c1919, 79bffca9-b028-4c53-a657-872ed973be73:c1915, 15654dff-55cd-4f70-96d8-4abf0c061563:c1915]
2019-07-09 15:04:26,640 INFO  client.GrpcClientProtocolClient (GrpcClientProtocolClient.java:onNext(255)) - client-A9DCF8B8BD5B->529edf8e-8eae-4246-b33f-5e44130d441c: receive RaftClientReply:client-A9DCF8B8BD5B->529edf8e-8eae-4246-b33f-5e44130d441c@group-A1CD1332DC7D, cid=1381, SUCCESS, logIndex=1918, commits[529edf8e-8eae-4246-b33f-5e44130d441c:c1919, 79bffca9-b028-4c53-a657-872ed973be73:c1915, 15654dff-55cd-4f70-96d8-4abf0c061563:c1915]
2019-07-09 15:04:26,641 INFO  client.GrpcClientProtocolClient (GrpcClientProtocolClient.java:onNext(255)) - client-A9DCF8B8BD5B->529edf8e-8eae-4246-b33f-5e44130d441c: receive RaftClientReply:client-A9DCF8B8BD5B->529edf8e-8eae-4246-b33f-5e44130d441c@group-A1CD1332DC7D, cid=1382, SUCCESS, logIndex=1919, commits[529edf8e-8eae-4246-b33f-5e44130d441c:c1919, 79bffca9-b028-4c53-a657-872ed973be73:c1915, 15654dff-55cd-4f70-96d8-4abf0c061563:c1915]
2019-07-09 15:04:26,653 INFO  client.GrpcClientProtocolClient (GrpcClientProtocolClient.java:onNext(255)) - client-A9DCF8B8BD5B->529edf8e-8eae-4246-b33f-5e44130d441c: receive RaftClientReply:client-A9DCF8B8BD5B->529edf8e-8eae-4246-b33f-5e44130d441c@group-A1CD1332DC7D, cid=1383, SUCCESS, logIndex=0, commits[529edf8e-8eae-4246-b33f-5e44130d441c:c1920, 79bffca9-b028-4c53-a657-872ed973be73:c1917, 15654dff-55cd-4f70-96d8-4abf0c061563:c1917]
2019-07-09 15:04:26,676 INFO  client.GrpcClientProtocolClient (GrpcClientProtocolClient.java:onNext(255)) - client-A9DCF8B8BD5B->529edf8e-8eae-4246-b33f-5e44130d441c: receive RaftClientReply:client-A9DCF8B8BD5B->529edf8e-8eae-4246-b33f-5e44130d441c@group-A1CD1332DC7D, cid=1384, SUCCESS, logIndex=1924, commits[529edf8e-8eae-4246-b33f-5e44130d441c:c1925, 79bffca9-b028-4c53-a657-872ed973be73:c1923, 15654dff-55cd-4f70-96d8-4abf0c061563:c1923]
2019-07-09 15:04:26,677 INFO  client.GrpcClientProtocolClient (GrpcClientProtocolClient.java:onNext(255)) - client-A9DCF8B8BD5B->529edf8e-8eae-4246-b33f-5e44130d441c: receive RaftClientReply:client-A9DCF8B8BD5B->529edf8e-8eae-4246-b33f-5e44130d441c@group-A1CD1332DC7D, cid=1385, SUCCESS, logIndex=1925, commits[529edf8e-8eae-4246-b33f-5e44130d441c:c1925, 79bffca9-b028-4c53-a657-872ed973be73:c1923, 15654dff-55cd-4f70-96d8-4abf0c061563:c1923]
2019-07-09 15:04:26,691 INFO  client.GrpcClientProtocolClient (GrpcClientProtocolClient.java:onNext(255)) - client-A9DCF8B8BD5B->529edf8e-8eae-4246-b33f-5e44130d441c: receive RaftClientReply:client-A9DCF8B8BD5B->529edf8e-8eae-4246-b33f-5e44130d441c@group-A1CD1332DC7D, cid=1386, SUCCESS, logIndex=1928, commits[529edf8e-8eae-4246-b33f-5e44130d441c:c1929, 79bffca9-b028-4c53-a657-872ed973be73:c1925, 15654dff-55cd-4f70-96d8-4abf0c061563:c1925]
2019-07-09 15:04:26,691 INFO  client.GrpcClientProtocolClient (GrpcClientProtocolClient.java:onNext(255)) - client-A9DCF8B8BD5B->529edf8e-8eae-4246-b33f-5e44130d441c: receive RaftClientReply:client-A9DCF8B8BD5B->529edf8e-8eae-4246-b33f-5e44130d441c@group-A1CD1332DC7D, cid=1387, SUCCESS, logIndex=1929, commits[529edf8e-8eae-4246-b33f-5e44130d441c:c1929, 79bffca9-b028-4c53-a657-872ed973be73:c1925, 15654dff-55cd-4f70-96d8-4abf0c061563:c1925]
2019-07-09 15:04:26,703 INFO  client.GrpcClientProtocolClient (GrpcClientProtocolClient.java:onNext(255)) - client-A9DCF8B8BD5B->529edf8e-8eae-4246-b33f-5e44130d441c: receive RaftClientReply:client-A9DCF8B8BD5B->529edf8e-8eae-4246-b33f-5e44130d441c@group-A1CD1332DC7D, cid=1388, SUCCESS, logIndex=0, commits[529edf8e-8eae-4246-b33f-5e44130d441c:c1931, 79bffca9-b028-4c53-a657-872ed973be73:c1929, 15654dff-55cd-4f70-96d8-4abf0c061563:c1929]
2019-07-09 15:04:26,735 INFO  client.GrpcClientProtocolClient (GrpcClientProtocolClient.java:onNext(255)) - client-A9DCF8B8BD5B->529edf8e-8eae-4246-b33f-5e44130d441c: receive RaftClientReply:client-A9DCF8B8BD5B->529edf8e-8eae-4246-b33f-5e44130d441c@group-A1CD1332DC7D, cid=1389, SUCCESS, logIndex=1932, commits[529edf8e-8eae-4246-b33f-5e44130d441c:c1935, 79bffca9-b028-4c53-a657-872ed973be73:c1931, 15654dff-55cd-4f70-96d8-4abf0c061563:c1929]
2019-07-09 15:04:26,736 INFO  client.GrpcClientProtocolClient (GrpcClientProtocolClient.java:onNext(255)) - client-A9DCF8B8BD5B->529edf8e-8eae-4246-b33f-5e44130d441c: receive RaftClientReply:client-A9DCF8B8BD5B->529edf8e-8eae-4246-b33f-5e44130d441c@group-A1CD1332DC7D, cid=1390, SUCCESS, logIndex=1933, commits[529edf8e-8eae-4246-b33f-5e44130d441c:c1935, 79bffca9-b028-4c53-a657-872ed973be73:c1931, 15654dff-55cd-4f70-96d8-4abf0c061563:c1931]
2019-07-09 15:04:26,736 INFO  client.GrpcClientProtocolClient (GrpcClientProtocolClient.java:onNext(255)) - client-A9DCF8B8BD5B->529edf8e-8eae-4246-b33f-5e44130d441c: receive RaftClientReply:client-A9DCF8B8BD5B->529edf8e-8eae-4246-b33f-5e44130d441c@group-A1CD1332DC7D, cid=1391, SUCCESS, logIndex=1934, commits[529edf8e-8eae-4246-b33f-5e44130d441c:c1935, 79bffca9-b028-4c53-a657-872ed973be73:c1931, 15654dff-55cd-4f70-96d8-4abf0c061563:c1931]
2019-07-09 15:04:26,736 INFO  client.GrpcClientProtocolClient (GrpcClientProtocolClient.java:onNext(255)) - client-A9DCF8B8BD5B->529edf8e-8eae-4246-b33f-5e44130d441c: receive RaftClientReply:client-A9DCF8B8BD5B->529edf8e-8eae-4246-b33f-5e44130d441c@group-A1CD1332DC7D, cid=1392, SUCCESS, logIndex=1935, commits[529edf8e-8eae-4246-b33f-5e44130d441c:c1935, 79bffca9-b028-4c53-a657-872ed973be73:c1931, 15654dff-55cd-4f70-96d8-4abf0c061563:c1931]
2019-07-09 15:04:26,748 INFO  client.GrpcClientProtocolClient (GrpcClientProtocolClient.java:onNext(255)) - client-A9DCF8B8BD5B->529edf8e-8eae-4246-b33f-5e44130d441c: receive RaftClientReply:client-A9DCF8B8BD5B->529edf8e-8eae-4246-b33f-5e44130d441c@group-A1CD1332DC7D, cid=1393, SUCCESS, logIndex=0, commits[529edf8e-8eae-4246-b33f-5e44130d441c:c1937, 79bffca9-b028-4c53-a657-872ed973be73:c1934, 15654dff-55cd-4f70-96d8-4abf0c061563:c1933]
2019-07-09 15:04:26,768 INFO  client.GrpcClientProtocolClient (GrpcClientProtocolClient.java:onNext(255)) - client-A9DCF8B8BD5B->529edf8e-8eae-4246-b33f-5e44130d441c: receive RaftClientReply:client-A9DCF8B8BD5B->529edf8e-8eae-4246-b33f-5e44130d441c@group-A1CD1332DC7D, cid=1394, SUCCESS, logIndex=1940, commits[529edf8e-8eae-4246-b33f-5e44130d441c:c1941, 79bffca9-b028-4c53-a657-872ed973be73:c1939, 15654dff-55cd-4f70-96d8-4abf0c061563:c1939]
2019-07-09 15:04:26,769 INFO  client.GrpcClientProtocolClient (GrpcClientProtocolClient.java:onNext(255)) - client-A9DCF8B8BD5B->529edf8e-8eae-4246-b33f-5e44130d441c: receive RaftClientReply:client-A9DCF8B8BD5B->529edf8e-8eae-4246-b33f-5e44130d441c@group-A1CD1332DC7D, cid=1395, SUCCESS, logIndex=1941, commits[529edf8e-8eae-4246-b33f-5e44130d441c:c1941, 79bffca9-b028-4c53-a657-872ed973be73:c1939, 15654dff-55cd-4f70-96d8-4abf0c061563:c1939]
2019-07-09 15:04:26,781 INFO  client.GrpcClientProtocolClient (GrpcClientProtocolClient.java:onNext(255)) - client-A9DCF8B8BD5B->529edf8e-8eae-4246-b33f-5e44130d441c: receive RaftClientReply:client-A9DCF8B8BD5B->529edf8e-8eae-4246-b33f-5e44130d441c@group-A1CD1332DC7D, cid=1396, SUCCESS, logIndex=1944, commits[529edf8e-8eae-4246-b33f-5e44130d441c:c1945, 79bffca9-b028-4c53-a657-872ed973be73:c1940, 15654dff-55cd-4f70-96d8-4abf0c061563:c1941]
2019-07-09 15:04:26,782 INFO  client.GrpcClientProtocolClient (GrpcClientProtocolClient.java:onNext(255)) - client-A9DCF8B8BD5B->529edf8e-8eae-4246-b33f-5e44130d441c: receive RaftClientReply:client-A9DCF8B8BD5B->529edf8e-8eae-4246-b33f-5e44130d441c@group-A1CD1332DC7D, cid=1397, SUCCESS, logIndex=1945, commits[529edf8e-8eae-4246-b33f-5e44130d441c:c1945, 79bffca9-b028-4c53-a657-872ed973be73:c1941, 15654dff-55cd-4f70-96d8-4abf0c061563:c1941]
2019-07-09 15:04:26,783 INFO  client.GrpcClientProtocolClient (GrpcClientProtocolClient.java:onNext(255)) - client-A9DCF8B8BD5B->529edf8e-8eae-4246-b33f-5e44130d441c: receive RaftClientReply:client-A9DCF8B8BD5B->529edf8e-8eae-4246-b33f-5e44130d441c@group-A1CD1332DC7D, cid=1398, SUCCESS, logIndex=0, commits[529edf8e-8eae-4246-b33f-5e44130d441c:c1946, 79bffca9-b028-4c53-a657-872ed973be73:c1945, 15654dff-55cd-4f70-96d8-4abf0c061563:c1945]
2019-07-09 15:04:26,806 INFO  client.GrpcClientProtocolClient (GrpcClientProtocolClient.java:onNext(255)) - client-A9DCF8B8BD5B->529edf8e-8eae-4246-b33f-5e44130d441c: receive RaftClientReply:client-A9DCF8B8BD5B->529edf8e-8eae-4246-b33f-5e44130d441c@group-A1CD1332DC7D, cid=1399, SUCCESS, logIndex=1948, commits[529edf8e-8eae-4246-b33f-5e44130d441c:c1950, 79bffca9-b028-4c53-a657-872ed973be73:c1947, 15654dff-55cd-4f70-96d8-4abf0c061563:c1947]
2019-07-09 15:04:26,807 INFO  client.GrpcClientProtocolClient (GrpcClientProtocolClient.java:onNext(255)) - client-A9DCF8B8BD5B->529edf8e-8eae-4246-b33f-5e44130d441c: receive RaftClientReply:client-A9DCF8B8BD5B->529edf8e-8eae-4246-b33f-5e44130d441c@group-A1CD1332DC7D, cid=1400, SUCCESS, logIndex=1949, commits[529edf8e-8eae-4246-b33f-5e44130d441c:c1951, 79bffca9-b028-4c53-a657-872ed973be73:c1947, 15654dff-55cd-4f70-96d8-4abf0c061563:c1947]
2019-07-09 15:04:26,807 INFO  client.GrpcClientProtocolClient (GrpcClientProtocolClient.java:onNext(255)) - client-A9DCF8B8BD5B->529edf8e-8eae-4246-b33f-5e44130d441c: receive RaftClientReply:client-A9DCF8B8BD5B->529edf8e-8eae-4246-b33f-5e44130d441c@group-A1CD1332DC7D, cid=1401, SUCCESS, logIndex=1950, commits[529edf8e-8eae-4246-b33f-5e44130d441c:c1951, 79bffca9-b028-4c53-a657-872ed973be73:c1947, 15654dff-55cd-4f70-96d8-4abf0c061563:c1947]
2019-07-09 15:04:26,807 INFO  client.GrpcClientProtocolClient (GrpcClientProtocolClient.java:onNext(255)) - client-A9DCF8B8BD5B->529edf8e-8eae-4246-b33f-5e44130d441c: receive RaftClientReply:client-A9DCF8B8BD5B->529edf8e-8eae-4246-b33f-5e44130d441c@group-A1CD1332DC7D, cid=1402, SUCCESS, logIndex=1951, commits[529edf8e-8eae-4246-b33f-5e44130d441c:c1952, 79bffca9-b028-4c53-a657-872ed973be73:c1949, 15654dff-55cd-4f70-96d8-4abf0c061563:c1947]
2019-07-09 15:04:26,808 INFO  client.GrpcClientProtocolClient (GrpcClientProtocolClient.java:onNext(255)) - client-A9DCF8B8BD5B->529edf8e-8eae-4246-b33f-5e44130d441c: receive RaftClientReply:client-A9DCF8B8BD5B->529edf8e-8eae-4246-b33f-5e44130d441c@group-A1CD1332DC7D, cid=1403, SUCCESS, logIndex=0, commits[529edf8e-8eae-4246-b33f-5e44130d441c:c1953, 79bffca9-b028-4c53-a657-872ed973be73:c1949, 15654dff-55cd-4f70-96d8-4abf0c061563:c1949]
 0.00% |█                                                                                                    |  0/1 Time: 0:00:092019-07-09 15:04:26,931 INFO  client.GrpcClientProtocolClient (GrpcClientProtocolClient.java:onNext(255)) - client-A9DCF8B8BD5B->529edf8e-8eae-4246-b33f-5e44130d441c: receive RaftClientReply:client-A9DCF8B8BD5B->529edf8e-8eae-4246-b33f-5e44130d441c@group-A1CD1332DC7D, cid=1404, SUCCESS, logIndex=1956, commits[529edf8e-8eae-4246-b33f-5e44130d441c:c1957, 79bffca9-b028-4c53-a657-872ed973be73:c1955, 15654dff-55cd-4f70-96d8-4abf0c061563:c1955]
2019-07-09 15:04:26,931 INFO  client.GrpcClientProtocolClient (GrpcClientProtocolClient.java:onNext(255)) - client-A9DCF8B8BD5B->529edf8e-8eae-4246-b33f-5e44130d441c: receive RaftClientReply:client-A9DCF8B8BD5B->529edf8e-8eae-4246-b33f-5e44130d441c@group-A1CD1332DC7D, cid=1405, SUCCESS, logIndex=1957, commits[529edf8e-8eae-4246-b33f-5e44130d441c:c1957, 79bffca9-b028-4c53-a657-872ed973be73:c1955, 15654dff-55cd-4f70-96d8-4abf0c061563:c1955]
2019-07-09 15:04:26,962 INFO  client.GrpcClientProtocolClient (GrpcClientProtocolClient.java:onNext(255)) - client-A9DCF8B8BD5B->529edf8e-8eae-4246-b33f-5e44130d441c: receive RaftClientReply:client-A9DCF8B8BD5B->529edf8e-8eae-4246-b33f-5e44130d441c@group-A1CD1332DC7D, cid=1406, SUCCESS, logIndex=1960, commits[529edf8e-8eae-4246-b33f-5e44130d441c:c1961, 79bffca9-b028-4c53-a657-872ed973be73:c1957, 15654dff-55cd-4f70-96d8-4abf0c061563:c1957]
2019-07-09 15:04:26,962 INFO  client.GrpcClientProtocolClient (GrpcClientProtocolClient.java:onNext(255)) - client-A9DCF8B8BD5B->529edf8e-8eae-4246-b33f-5e44130d441c: receive RaftClientReply:client-A9DCF8B8BD5B->529edf8e-8eae-4246-b33f-5e44130d441c@group-A1CD1332DC7D, cid=1407, SUCCESS, logIndex=1961, commits[529edf8e-8eae-4246-b33f-5e44130d441c:c1961, 79bffca9-b028-4c53-a657-872ed973be73:c1957, 15654dff-55cd-4f70-96d8-4abf0c061563:c1957]
2019-07-09 15:04:26,974 INFO  client.GrpcClientProtocolClient (GrpcClientProtocolClient.java:onNext(255)) - client-A9DCF8B8BD5B->529edf8e-8eae-4246-b33f-5e44130d441c: receive RaftClientReply:client-A9DCF8B8BD5B->529edf8e-8eae-4246-b33f-5e44130d441c@group-A1CD1332DC7D, cid=1408, SUCCESS, logIndex=0, commits[529edf8e-8eae-4246-b33f-5e44130d441c:c1962, 79bffca9-b028-4c53-a657-872ed973be73:c1961, 15654dff-55cd-4f70-96d8-4abf0c061563:c1961]
2019-07-09 15:04:27,008 INFO  client.GrpcClientProtocolClient (GrpcClientProtocolClient.java:onNext(255)) - client-A9DCF8B8BD5B->529edf8e-8eae-4246-b33f-5e44130d441c: receive RaftClientReply:client-A9DCF8B8BD5B->529edf8e-8eae-4246-b33f-5e44130d441c@group-A1CD1332DC7D, cid=1409, SUCCESS, logIndex=1964, commits[529edf8e-8eae-4246-b33f-5e44130d441c:c1967, 79bffca9-b028-4c53-a657-872ed973be73:c1963, 15654dff-55cd-4f70-96d8-4abf0c061563:c1963]
2019-07-09 15:04:27,009 INFO  client.GrpcClientProtocolClient (GrpcClientProtocolClient.java:onNext(255)) - client-A9DCF8B8BD5B->529edf8e-8eae-4246-b33f-5e44130d441c: receive RaftClientReply:client-A9DCF8B8BD5B->529edf8e-8eae-4246-b33f-5e44130d441c@group-A1CD1332DC7D, cid=1410, SUCCESS, logIndex=1965, commits[529edf8e-8eae-4246-b33f-5e44130d441c:c1967, 79bffca9-b028-4c53-a657-872ed973be73:c1963, 15654dff-55cd-4f70-96d8-4abf0c061563:c1963]
2019-07-09 15:04:27,009 INFO  client.GrpcClientProtocolClient (GrpcClientProtocolClient.java:onNext(255)) - client-A9DCF8B8BD5B->529edf8e-8eae-4246-b33f-5e44130d441c: receive RaftClientReply:client-A9DCF8B8BD5B->529edf8e-8eae-4246-b33f-5e44130d441c@group-A1CD1332DC7D, cid=1411, SUCCESS, logIndex=1966, commits[529edf8e-8eae-4246-b33f-5e44130d441c:c1967, 79bffca9-b028-4c53-a657-872ed973be73:c1963, 15654dff-55cd-4f70-96d8-4abf0c061563:c1963]
2019-07-09 15:04:27,009 INFO  client.GrpcClientProtocolClient (GrpcClientProtocolClient.java:onNext(255)) - client-A9DCF8B8BD5B->529edf8e-8eae-4246-b33f-5e44130d441c: receive RaftClientReply:client-A9DCF8B8BD5B->529edf8e-8eae-4246-b33f-5e44130d441c@group-A1CD1332DC7D, cid=1412, SUCCESS, logIndex=1967, commits[529edf8e-8eae-4246-b33f-5e44130d441c:c1967, 79bffca9-b028-4c53-a657-872ed973be73:c1963, 15654dff-55cd-4f70-96d8-4abf0c061563:c1963]
2019-07-09 15:04:27,020 INFO  client.GrpcClientProtocolClient (GrpcClientProtocolClient.java:onNext(255)) - client-A9DCF8B8BD5B->529edf8e-8eae-4246-b33f-5e44130d441c: receive RaftClientReply:client-A9DCF8B8BD5B->529edf8e-8eae-4246-b33f-5e44130d441c@group-A1CD1332DC7D, cid=1413, SUCCESS, logIndex=0, commits[529edf8e-8eae-4246-b33f-5e44130d441c:c1968, 79bffca9-b028-4c53-a657-872ed973be73:c1965, 15654dff-55cd-4f70-96d8-4abf0c061563:c1965]
2019-07-09 15:04:27,041 INFO  client.GrpcClientProtocolClient (GrpcClientProtocolClient.java:onNext(255)) - client-A9DCF8B8BD5B->529edf8e-8eae-4246-b33f-5e44130d441c: receive RaftClientReply:client-A9DCF8B8BD5B->529edf8e-8eae-4246-b33f-5e44130d441c@group-A1CD1332DC7D, cid=1414, SUCCESS, logIndex=1972, commits[529edf8e-8eae-4246-b33f-5e44130d441c:c1973, 79bffca9-b028-4c53-a657-872ed973be73:c1971, 15654dff-55cd-4f70-96d8-4abf0c061563:c1971]
2019-07-09 15:04:27,042 INFO  client.GrpcClientProtocolClient (GrpcClientProtocolClient.java:onNext(255)) - client-A9DCF8B8BD5B->529edf8e-8eae-4246-b33f-5e44130d441c: receive RaftClientReply:client-A9DCF8B8BD5B->529edf8e-8eae-4246-b33f-5e44130d441c@group-A1CD1332DC7D, cid=1415, SUCCESS, logIndex=1973, commits[529edf8e-8eae-4246-b33f-5e44130d441c:c1973, 79bffca9-b028-4c53-a657-872ed973be73:c1971, 15654dff-55cd-4f70-96d8-4abf0c061563:c1971]
2019-07-09 15:04:27,065 INFO  client.GrpcClientProtocolClient (GrpcClientProtocolClient.java:onNext(255)) - client-A9DCF8B8BD5B->529edf8e-8eae-4246-b33f-5e44130d441c: receive RaftClientReply:client-A9DCF8B8BD5B->529edf8e-8eae-4246-b33f-5e44130d441c@group-A1CD1332DC7D, cid=1416, SUCCESS, logIndex=1976, commits[529edf8e-8eae-4246-b33f-5e44130d441c:c1977, 79bffca9-b028-4c53-a657-872ed973be73:c1973, 15654dff-55cd-4f70-96d8-4abf0c061563:c1972]
2019-07-09 15:04:27,066 INFO  client.GrpcClientProtocolClient (GrpcClientProtocolClient.java:onNext(255)) - client-A9DCF8B8BD5B->529edf8e-8eae-4246-b33f-5e44130d441c: receive RaftClientReply:client-A9DCF8B8BD5B->529edf8e-8eae-4246-b33f-5e44130d441c@group-A1CD1332DC7D, cid=1417, SUCCESS, logIndex=1977, commits[529edf8e-8eae-4246-b33f-5e44130d441c:c1977, 79bffca9-b028-4c53-a657-872ed973be73:c1973, 15654dff-55cd-4f70-96d8-4abf0c061563:c1972]
2019-07-09 15:04:27,067 INFO  client.GrpcClientProtocolClient (GrpcClientProtocolClient.java:onNext(255)) - client-A9DCF8B8BD5B->529edf8e-8eae-4246-b33f-5e44130d441c: receive RaftClientReply:client-A9DCF8B8BD5B->529edf8e-8eae-4246-b33f-5e44130d441c@group-A1CD1332DC7D, cid=1418, SUCCESS, logIndex=0, commits[529edf8e-8eae-4246-b33f-5e44130d441c:c1978, 79bffca9-b028-4c53-a657-872ed973be73:c1977, 15654dff-55cd-4f70-96d8-4abf0c061563:c1973]
2019-07-09 15:04:27,069 INFO  client.GrpcClientProtocolClient (GrpcClientProtocolClient.java:onNext(255)) - client-A9DCF8B8BD5B->529edf8e-8eae-4246-b33f-5e44130d441c: receive RaftClientReply:client-A9DCF8B8BD5B->529edf8e-8eae-4246-b33f-5e44130d441c@group-A1CD1332DC7D, cid=1419, SUCCESS, logIndex=0, commits[529edf8e-8eae-4246-b33f-5e44130d441c:c1979, 79bffca9-b028-4c53-a657-872ed973be73:c1977, 15654dff-55cd-4f70-96d8-4abf0c061563:c1977]
2019-07-09 15:04:27,100 INFO  client.GrpcClientProtocolClient (GrpcClientProtocolClient.java:onNext(255)) - client-A9DCF8B8BD5B->529edf8e-8eae-4246-b33f-5e44130d441c: receive RaftClientReply:client-A9DCF8B8BD5B->529edf8e-8eae-4246-b33f-5e44130d441c@group-A1CD1332DC7D, cid=1420, SUCCESS, logIndex=1980, commits[529edf8e-8eae-4246-b33f-5e44130d441c:c1982, 79bffca9-b028-4c53-a657-872ed973be73:c1979, 15654dff-55cd-4f70-96d8-4abf0c061563:c1979]
2019-07-09 15:04:27,101 INFO  client.GrpcClientProtocolClient (GrpcClientProtocolClient.java:onNext(255)) - client-A9DCF8B8BD5B->529edf8e-8eae-4246-b33f-5e44130d441c: receive RaftClientReply:client-A9DCF8B8BD5B->529edf8e-8eae-4246-b33f-5e44130d441c@group-A1CD1332DC7D, cid=1421, SUCCESS, logIndex=1981, commits[529edf8e-8eae-4246-b33f-5e44130d441c:c1983, 79bffca9-b028-4c53-a657-872ed973be73:c1979, 15654dff-55cd-4f70-96d8-4abf0c061563:c1979]
2019-07-09 15:04:27,101 INFO  client.GrpcClientProtocolClient (GrpcClientProtocolClient.java:onNext(255)) - client-A9DCF8B8BD5B->529edf8e-8eae-4246-b33f-5e44130d441c: receive RaftClientReply:client-A9DCF8B8BD5B->529edf8e-8eae-4246-b33f-5e44130d441c@group-A1CD1332DC7D, cid=1422, SUCCESS, logIndex=1982, commits[529edf8e-8eae-4246-b33f-5e44130d441c:c1984, 79bffca9-b028-4c53-a657-872ed973be73:c1981, 15654dff-55cd-4f70-96d8-4abf0c061563:c1979]
2019-07-09 15:04:27,102 INFO  client.GrpcClientProtocolClient (GrpcClientProtocolClient.java:onNext(255)) - client-A9DCF8B8BD5B->529edf8e-8eae-4246-b33f-5e44130d441c: receive RaftClientReply:client-A9DCF8B8BD5B->529edf8e-8eae-4246-b33f-5e44130d441c@group-A1CD1332DC7D, cid=1423, SUCCESS, logIndex=1983, commits[529edf8e-8eae-4246-b33f-5e44130d441c:c1984, 79bffca9-b028-4c53-a657-872ed973be73:c1981, 15654dff-55cd-4f70-96d8-4abf0c061563:c1979]
2019-07-09 15:04:27,103 INFO  client.GrpcClientProtocolClient (GrpcClientProtocolClient.java:onNext(255)) - client-A9DCF8B8BD5B->529edf8e-8eae-4246-b33f-5e44130d441c: receive RaftClientReply:client-A9DCF8B8BD5B->529edf8e-8eae-4246-b33f-5e44130d441c@group-A1CD1332DC7D, cid=1424, SUCCESS, logIndex=0, commits[529edf8e-8eae-4246-b33f-5e44130d441c:c1984, 79bffca9-b028-4c53-a657-872ed973be73:c1981, 15654dff-55cd-4f70-96d8-4abf0c061563:c1981]
2019-07-09 15:04:27,130 INFO  client.GrpcClientProtocolClient (GrpcClientProtocolClient.java:onNext(255)) - client-A9DCF8B8BD5B->529edf8e-8eae-4246-b33f-5e44130d441c: receive RaftClientReply:client-A9DCF8B8BD5B->529edf8e-8eae-4246-b33f-5e44130d441c@group-A1CD1332DC7D, cid=1425, SUCCESS, logIndex=1988, commits[529edf8e-8eae-4246-b33f-5e44130d441c:c1989, 79bffca9-b028-4c53-a657-872ed973be73:c1984, 15654dff-55cd-4f70-96d8-4abf0c061563:c1984]
2019-07-09 15:04:27,130 INFO  client.GrpcClientProtocolClient (GrpcClientProtocolClient.java:onNext(255)) - client-A9DCF8B8BD5B->529edf8e-8eae-4246-b33f-5e44130d441c: receive RaftClientReply:client-A9DCF8B8BD5B->529edf8e-8eae-4246-b33f-5e44130d441c@group-A1CD1332DC7D, cid=1426, SUCCESS, logIndex=1989, commits[529edf8e-8eae-4246-b33f-5e44130d441c:c1989, 79bffca9-b028-4c53-a657-872ed973be73:c1984, 15654dff-55cd-4f70-96d8-4abf0c061563:c1984]
2019-07-09 15:04:27,155 INFO  client.GrpcClientProtocolClient (GrpcClientProtocolClient.java:onNext(255)) - client-A9DCF8B8BD5B->529edf8e-8eae-4246-b33f-5e44130d441c: receive RaftClientReply:client-A9DCF8B8BD5B->529edf8e-8eae-4246-b33f-5e44130d441c@group-A1CD1332DC7D, cid=1427, SUCCESS, logIndex=1991, commits[529edf8e-8eae-4246-b33f-5e44130d441c:c1992, 79bffca9-b028-4c53-a657-872ed973be73:c1989, 15654dff-55cd-4f70-96d8-4abf0c061563:c1989]
2019-07-09 15:04:27,155 INFO  client.GrpcClientProtocolClient (GrpcClientProtocolClient.java:onNext(255)) - client-A9DCF8B8BD5B->529edf8e-8eae-4246-b33f-5e44130d441c: receive RaftClientReply:client-A9DCF8B8BD5B->529edf8e-8eae-4246-b33f-5e44130d441c@group-A1CD1332DC7D, cid=1428, SUCCESS, logIndex=1992, commits[529edf8e-8eae-4246-b33f-5e44130d441c:c1992, 79bffca9-b028-4c53-a657-872ed973be73:c1989, 15654dff-55cd-4f70-96d8-4abf0c061563:c1989]
2019-07-09 15:04:27,169 INFO  client.GrpcClientProtocolClient (GrpcClientProtocolClient.java:onNext(255)) - client-A9DCF8B8BD5B->529edf8e-8eae-4246-b33f-5e44130d441c: receive RaftClientReply:client-A9DCF8B8BD5B->529edf8e-8eae-4246-b33f-5e44130d441c@group-A1CD1332DC7D, cid=1429, SUCCESS, logIndex=0, commits[529edf8e-8eae-4246-b33f-5e44130d441c:c1993, 79bffca9-b028-4c53-a657-872ed973be73:c1992, 15654dff-55cd-4f70-96d8-4abf0c061563:c1992]
2019-07-09 15:04:27,202 INFO  client.GrpcClientProtocolClient (GrpcClientProtocolClient.java:onNext(255)) - client-A9DCF8B8BD5B->529edf8e-8eae-4246-b33f-5e44130d441c: receive RaftClientReply:client-A9DCF8B8BD5B->529edf8e-8eae-4246-b33f-5e44130d441c@group-A1CD1332DC7D, cid=1430, SUCCESS, logIndex=1995, commits[529edf8e-8eae-4246-b33f-5e44130d441c:c1996, 79bffca9-b028-4c53-a657-872ed973be73:c1994, 15654dff-55cd-4f70-96d8-4abf0c061563:c1994]
2019-07-09 15:04:27,202 INFO  client.GrpcClientProtocolClient (GrpcClientProtocolClient.java:onNext(255)) - client-A9DCF8B8BD5B->529edf8e-8eae-4246-b33f-5e44130d441c: receive RaftClientReply:client-A9DCF8B8BD5B->529edf8e-8eae-4246-b33f-5e44130d441c@group-A1CD1332DC7D, cid=1431, SUCCESS, logIndex=1996, commits[529edf8e-8eae-4246-b33f-5e44130d441c:c1998, 79bffca9-b028-4c53-a657-872ed973be73:c1994, 15654dff-55cd-4f70-96d8-4abf0c061563:c1994]
2019-07-09 15:04:27,203 INFO  client.GrpcClientProtocolClient (GrpcClientProtocolClient.java:onNext(255)) - client-A9DCF8B8BD5B->529edf8e-8eae-4246-b33f-5e44130d441c: receive RaftClientReply:client-A9DCF8B8BD5B->529edf8e-8eae-4246-b33f-5e44130d441c@group-A1CD1332DC7D, cid=1432, SUCCESS, logIndex=1997, commits[529edf8e-8eae-4246-b33f-5e44130d441c:c1998, 79bffca9-b028-4c53-a657-872ed973be73:c1994, 15654dff-55cd-4f70-96d8-4abf0c061563:c1994]
2019-07-09 15:04:27,203 INFO  client.GrpcClientProtocolClient (GrpcClientProtocolClient.java:onNext(255)) - client-A9DCF8B8BD5B->529edf8e-8eae-4246-b33f-5e44130d441c: receive RaftClientReply:client-A9DCF8B8BD5B->529edf8e-8eae-4246-b33f-5e44130d441c@group-A1CD1332DC7D, cid=1433, SUCCESS, logIndex=1998, commits[529edf8e-8eae-4246-b33f-5e44130d441c:c1998, 79bffca9-b028-4c53-a657-872ed973be73:c1994, 15654dff-55cd-4f70-96d8-4abf0c061563:c1994]
2019-07-09 15:04:27,204 INFO  client.GrpcClientProtocolClient (GrpcClientProtocolClient.java:onNext(255)) - client-A9DCF8B8BD5B->529edf8e-8eae-4246-b33f-5e44130d441c: receive RaftClientReply:client-A9DCF8B8BD5B->529edf8e-8eae-4246-b33f-5e44130d441c@group-A1CD1332DC7D, cid=1434, SUCCESS, logIndex=0, commits[529edf8e-8eae-4246-b33f-5e44130d441c:c2000, 79bffca9-b028-4c53-a657-872ed973be73:c1996, 15654dff-55cd-4f70-96d8-4abf0c061563:c1996]
2019-07-09 15:04:27,224 INFO  client.GrpcClientProtocolClient (GrpcClientProtocolClient.java:onNext(255)) - client-A9DCF8B8BD5B->529edf8e-8eae-4246-b33f-5e44130d441c: receive RaftClientReply:client-A9DCF8B8BD5B->529edf8e-8eae-4246-b33f-5e44130d441c@group-A1CD1332DC7D, cid=1435, SUCCESS, logIndex=2002, commits[529edf8e-8eae-4246-b33f-5e44130d441c:c2003, 79bffca9-b028-4c53-a657-872ed973be73:c2001, 15654dff-55cd-4f70-96d8-4abf0c061563:c2001]
2019-07-09 15:04:27,224 INFO  client.GrpcClientProtocolClient (GrpcClientProtocolClient.java:onNext(255)) - client-A9DCF8B8BD5B->529edf8e-8eae-4246-b33f-5e44130d441c: receive RaftClientReply:client-A9DCF8B8BD5B->529edf8e-8eae-4246-b33f-5e44130d441c@group-A1CD1332DC7D, cid=1436, SUCCESS, logIndex=2003, commits[529edf8e-8eae-4246-b33f-5e44130d441c:c2003, 79bffca9-b028-4c53-a657-872ed973be73:c2001, 15654dff-55cd-4f70-96d8-4abf0c061563:c2001]
2019-07-09 15:04:27,239 INFO  client.GrpcClientProtocolClient (GrpcClientProtocolClient.java:onNext(255)) - client-A9DCF8B8BD5B->529edf8e-8eae-4246-b33f-5e44130d441c: receive RaftClientReply:client-A9DCF8B8BD5B->529edf8e-8eae-4246-b33f-5e44130d441c@group-A1CD1332DC7D, cid=1437, SUCCESS, logIndex=2006, commits[529edf8e-8eae-4246-b33f-5e44130d441c:c2006, 79bffca9-b028-4c53-a657-872ed973be73:c2003, 15654dff-55cd-4f70-96d8-4abf0c061563:c2003]
2019-07-09 15:04:27,239 INFO  client.GrpcClientProtocolClient (GrpcClientProtocolClient.java:onNext(255)) - client-A9DCF8B8BD5B->529edf8e-8eae-4246-b33f-5e44130d441c: receive RaftClientReply:client-A9DCF8B8BD5B->529edf8e-8eae-4246-b33f-5e44130d441c@group-A1CD1332DC7D, cid=1438, SUCCESS, logIndex=2007, commits[529edf8e-8eae-4246-b33f-5e44130d441c:c2007, 79bffca9-b028-4c53-a657-872ed973be73:c2003, 15654dff-55cd-4f70-96d8-4abf0c061563:c2003]
2019-07-09 15:04:27,254 INFO  client.GrpcClientProtocolClient (GrpcClientProtocolClient.java:onNext(255)) - client-A9DCF8B8BD5B->529edf8e-8eae-4246-b33f-5e44130d441c: receive RaftClientReply:client-A9DCF8B8BD5B->529edf8e-8eae-4246-b33f-5e44130d441c@group-A1CD1332DC7D, cid=1439, SUCCESS, logIndex=0, commits[529edf8e-8eae-4246-b33f-5e44130d441c:c2009, 79bffca9-b028-4c53-a657-872ed973be73:c2007, 15654dff-55cd-4f70-96d8-4abf0c061563:c2007]
2019-07-09 15:04:27,285 INFO  client.GrpcClientProtocolClient (GrpcClientProtocolClient.java:onNext(255)) - client-A9DCF8B8BD5B->529edf8e-8eae-4246-b33f-5e44130d441c: receive RaftClientReply:client-A9DCF8B8BD5B->529edf8e-8eae-4246-b33f-5e44130d441c@group-A1CD1332DC7D, cid=1440, SUCCESS, logIndex=2010, commits[529edf8e-8eae-4246-b33f-5e44130d441c:c2011, 79bffca9-b028-4c53-a657-872ed973be73:c2009, 15654dff-55cd-4f70-96d8-4abf0c061563:c2009]
2019-07-09 15:04:27,286 INFO  client.GrpcClientProtocolClient (GrpcClientProtocolClient.java:onNext(255)) - client-A9DCF8B8BD5B->529edf8e-8eae-4246-b33f-5e44130d441c: receive RaftClientReply:client-A9DCF8B8BD5B->529edf8e-8eae-4246-b33f-5e44130d441c@group-A1CD1332DC7D, cid=1441, SUCCESS, logIndex=2011, commits[529edf8e-8eae-4246-b33f-5e44130d441c:c2011, 79bffca9-b028-4c53-a657-872ed973be73:c2009, 15654dff-55cd-4f70-96d8-4abf0c061563:c2009]
2019-07-09 15:04:27,296 INFO  client.GrpcClientProtocolClient (GrpcClientProtocolClient.java:onNext(255)) - client-A9DCF8B8BD5B->529edf8e-8eae-4246-b33f-5e44130d441c: receive RaftClientReply:client-A9DCF8B8BD5B->529edf8e-8eae-4246-b33f-5e44130d441c@group-A1CD1332DC7D, cid=1442, SUCCESS, logIndex=2012, commits[529edf8e-8eae-4246-b33f-5e44130d441c:c2013, 79bffca9-b028-4c53-a657-872ed973be73:c2009, 15654dff-55cd-4f70-96d8-4abf0c061563:c2009]
2019-07-09 15:04:27,297 INFO  client.GrpcClientProtocolClient (GrpcClientProtocolClient.java:onNext(255)) - client-A9DCF8B8BD5B->529edf8e-8eae-4246-b33f-5e44130d441c: receive RaftClientReply:client-A9DCF8B8BD5B->529edf8e-8eae-4246-b33f-5e44130d441c@group-A1CD1332DC7D, cid=1443, SUCCESS, logIndex=2013, commits[529edf8e-8eae-4246-b33f-5e44130d441c:c2013, 79bffca9-b028-4c53-a657-872ed973be73:c2009, 15654dff-55cd-4f70-96d8-4abf0c061563:c2009]
2019-07-09 15:04:27,299 INFO  client.GrpcClientProtocolClient (GrpcClientProtocolClient.java:onNext(255)) - client-A9DCF8B8BD5B->529edf8e-8eae-4246-b33f-5e44130d441c: receive RaftClientReply:client-A9DCF8B8BD5B->529edf8e-8eae-4246-b33f-5e44130d441c@group-A1CD1332DC7D, cid=1444, SUCCESS, logIndex=0, commits[529edf8e-8eae-4246-b33f-5e44130d441c:c2015, 79bffca9-b028-4c53-a657-872ed973be73:c2011, 15654dff-55cd-4f70-96d8-4abf0c061563:c2011]
2019-07-09 15:04:27,324 INFO  client.GrpcClientProtocolClient (GrpcClientProtocolClient.java:onNext(255)) - client-A9DCF8B8BD5B->529edf8e-8eae-4246-b33f-5e44130d441c: receive RaftClientReply:client-A9DCF8B8BD5B->529edf8e-8eae-4246-b33f-5e44130d441c@group-A1CD1332DC7D, cid=1445, SUCCESS, logIndex=2018, commits[529edf8e-8eae-4246-b33f-5e44130d441c:c2019, 79bffca9-b028-4c53-a657-872ed973be73:c2017, 15654dff-55cd-4f70-96d8-4abf0c061563:c2017]
2019-07-09 15:04:27,325 INFO  client.GrpcClientProtocolClient (GrpcClientProtocolClient.java:onNext(255)) - client-A9DCF8B8BD5B->529edf8e-8eae-4246-b33f-5e44130d441c: receive RaftClientReply:client-A9DCF8B8BD5B->529edf8e-8eae-4246-b33f-5e44130d441c@group-A1CD1332DC7D, cid=1446, SUCCESS, logIndex=2019, commits[529edf8e-8eae-4246-b33f-5e44130d441c:c2019, 79bffca9-b028-4c53-a657-872ed973be73:c2017, 15654dff-55cd-4f70-96d8-4abf0c061563:c2017]
2019-07-09 15:04:27,341 INFO  client.GrpcClientProtocolClient (GrpcClientProtocolClient.java:onNext(255)) - client-A9DCF8B8BD5B->529edf8e-8eae-4246-b33f-5e44130d441c: receive RaftClientReply:client-A9DCF8B8BD5B->529edf8e-8eae-4246-b33f-5e44130d441c@group-A1CD1332DC7D, cid=1447, SUCCESS, logIndex=2022, commits[529edf8e-8eae-4246-b33f-5e44130d441c:c2023, 79bffca9-b028-4c53-a657-872ed973be73:c2020, 15654dff-55cd-4f70-96d8-4abf0c061563:c2020]
2019-07-09 15:04:27,342 INFO  client.GrpcClientProtocolClient (GrpcClientProtocolClient.java:onNext(255)) - client-A9DCF8B8BD5B->529edf8e-8eae-4246-b33f-5e44130d441c: receive RaftClientReply:client-A9DCF8B8BD5B->529edf8e-8eae-4246-b33f-5e44130d441c@group-A1CD1332DC7D, cid=1448, SUCCESS, logIndex=2023, commits[529edf8e-8eae-4246-b33f-5e44130d441c:c2023, 79bffca9-b028-4c53-a657-872ed973be73:c2020, 15654dff-55cd-4f70-96d8-4abf0c061563:c2020]
2019-07-09 15:04:27,355 INFO  client.GrpcClientProtocolClient (GrpcClientProtocolClient.java:onNext(255)) - client-A9DCF8B8BD5B->529edf8e-8eae-4246-b33f-5e44130d441c: receive RaftClientReply:client-A9DCF8B8BD5B->529edf8e-8eae-4246-b33f-5e44130d441c@group-A1CD1332DC7D, cid=1449, SUCCESS, logIndex=0, commits[529edf8e-8eae-4246-b33f-5e44130d441c:c2025, 79bffca9-b028-4c53-a657-872ed973be73:c2023, 15654dff-55cd-4f70-96d8-4abf0c061563:c2023]
2019-07-09 15:04:27,382 INFO  client.GrpcClientProtocolClient (GrpcClientProtocolClient.java:onNext(255)) - client-A9DCF8B8BD5B->529edf8e-8eae-4246-b33f-5e44130d441c: receive RaftClientReply:client-A9DCF8B8BD5B->529edf8e-8eae-4246-b33f-5e44130d441c@group-A1CD1332DC7D, cid=1450, SUCCESS, logIndex=2026, commits[529edf8e-8eae-4246-b33f-5e44130d441c:c2027, 79bffca9-b028-4c53-a657-872ed973be73:c2025, 15654dff-55cd-4f70-96d8-4abf0c061563:c2025]
2019-07-09 15:04:27,382 INFO  client.GrpcClientProtocolClient (GrpcClientProtocolClient.java:onNext(255)) - client-A9DCF8B8BD5B->529edf8e-8eae-4246-b33f-5e44130d441c: receive RaftClientReply:client-A9DCF8B8BD5B->529edf8e-8eae-4246-b33f-5e44130d441c@group-A1CD1332DC7D, cid=1451, SUCCESS, logIndex=2027, commits[529edf8e-8eae-4246-b33f-5e44130d441c:c2027, 79bffca9-b028-4c53-a657-872ed973be73:c2025, 15654dff-55cd-4f70-96d8-4abf0c061563:c2025]
2019-07-09 15:04:27,383 INFO  client.GrpcClientProtocolClient (GrpcClientProtocolClient.java:onNext(255)) - client-A9DCF8B8BD5B->529edf8e-8eae-4246-b33f-5e44130d441c: receive RaftClientReply:client-A9DCF8B8BD5B->529edf8e-8eae-4246-b33f-5e44130d441c@group-A1CD1332DC7D, cid=1452, SUCCESS, logIndex=2028, commits[529edf8e-8eae-4246-b33f-5e44130d441c:c2029, 79bffca9-b028-4c53-a657-872ed973be73:c2025, 15654dff-55cd-4f70-96d8-4abf0c061563:c2025]
2019-07-09 15:04:27,383 INFO  client.GrpcClientProtocolClient (GrpcClientProtocolClient.java:onNext(255)) - client-A9DCF8B8BD5B->529edf8e-8eae-4246-b33f-5e44130d441c: receive RaftClientReply:client-A9DCF8B8BD5B->529edf8e-8eae-4246-b33f-5e44130d441c@group-A1CD1332DC7D, cid=1453, SUCCESS, logIndex=2029, commits[529edf8e-8eae-4246-b33f-5e44130d441c:c2029, 79bffca9-b028-4c53-a657-872ed973be73:c2025, 15654dff-55cd-4f70-96d8-4abf0c061563:c2025]
2019-07-09 15:04:27,397 INFO  client.GrpcClientProtocolClient (GrpcClientProtocolClient.java:onNext(255)) - client-A9DCF8B8BD5B->529edf8e-8eae-4246-b33f-5e44130d441c: receive RaftClientReply:client-A9DCF8B8BD5B->529edf8e-8eae-4246-b33f-5e44130d441c@group-A1CD1332DC7D, cid=1454, SUCCESS, logIndex=0, commits[529edf8e-8eae-4246-b33f-5e44130d441c:c2031, 79bffca9-b028-4c53-a657-872ed973be73:c2027, 15654dff-55cd-4f70-96d8-4abf0c061563:c2028]
2019-07-09 15:04:27,418 INFO  client.GrpcClientProtocolClient (GrpcClientProtocolClient.java:onNext(255)) - client-A9DCF8B8BD5B->529edf8e-8eae-4246-b33f-5e44130d441c: receive RaftClientReply:client-A9DCF8B8BD5B->529edf8e-8eae-4246-b33f-5e44130d441c@group-A1CD1332DC7D, cid=1455, SUCCESS, logIndex=2034, commits[529edf8e-8eae-4246-b33f-5e44130d441c:c2035, 79bffca9-b028-4c53-a657-872ed973be73:c2033, 15654dff-55cd-4f70-96d8-4abf0c061563:c2033]
2019-07-09 15:04:27,418 INFO  client.GrpcClientProtocolClient (GrpcClientProtocolClient.java:onNext(255)) - client-A9DCF8B8BD5B->529edf8e-8eae-4246-b33f-5e44130d441c: receive RaftClientReply:client-A9DCF8B8BD5B->529edf8e-8eae-4246-b33f-5e44130d441c@group-A1CD1332DC7D, cid=1456, SUCCESS, logIndex=2035, commits[529edf8e-8eae-4246-b33f-5e44130d441c:c2035, 79bffca9-b028-4c53-a657-872ed973be73:c2033, 15654dff-55cd-4f70-96d8-4abf0c061563:c2033]
2019-07-09 15:04:27,433 INFO  client.GrpcClientProtocolClient (GrpcClientProtocolClient.java:onNext(255)) - client-A9DCF8B8BD5B->529edf8e-8eae-4246-b33f-5e44130d441c: receive RaftClientReply:client-A9DCF8B8BD5B->529edf8e-8eae-4246-b33f-5e44130d441c@group-A1CD1332DC7D, cid=1457, SUCCESS, logIndex=2038, commits[529edf8e-8eae-4246-b33f-5e44130d441c:c2038, 79bffca9-b028-4c53-a657-872ed973be73:c2035, 15654dff-55cd-4f70-96d8-4abf0c061563:c2035]
2019-07-09 15:04:27,434 INFO  client.GrpcClientProtocolClient (GrpcClientProtocolClient.java:onNext(255)) - client-A9DCF8B8BD5B->529edf8e-8eae-4246-b33f-5e44130d441c: receive RaftClientReply:client-A9DCF8B8BD5B->529edf8e-8eae-4246-b33f-5e44130d441c@group-A1CD1332DC7D, cid=1458, SUCCESS, logIndex=2039, commits[529edf8e-8eae-4246-b33f-5e44130d441c:c2039, 79bffca9-b028-4c53-a657-872ed973be73:c2035, 15654dff-55cd-4f70-96d8-4abf0c061563:c2035]
2019-07-09 15:04:27,447 INFO  client.GrpcClientProtocolClient (GrpcClientProtocolClient.java:onNext(255)) - client-A9DCF8B8BD5B->529edf8e-8eae-4246-b33f-5e44130d441c: receive RaftClientReply:client-A9DCF8B8BD5B->529edf8e-8eae-4246-b33f-5e44130d441c@group-A1CD1332DC7D, cid=1459, SUCCESS, logIndex=0, commits[529edf8e-8eae-4246-b33f-5e44130d441c:c2041, 79bffca9-b028-4c53-a657-872ed973be73:c2039, 15654dff-55cd-4f70-96d8-4abf0c061563:c2039]
2019-07-09 15:04:27,489 INFO  client.GrpcClientProtocolClient (GrpcClientProtocolClient.java:onNext(255)) - client-A9DCF8B8BD5B->529edf8e-8eae-4246-b33f-5e44130d441c: receive RaftClientReply:client-A9DCF8B8BD5B->529edf8e-8eae-4246-b33f-5e44130d441c@group-A1CD1332DC7D, cid=1460, SUCCESS, logIndex=2042, commits[529edf8e-8eae-4246-b33f-5e44130d441c:c2043, 79bffca9-b028-4c53-a657-872ed973be73:c2039, 15654dff-55cd-4f70-96d8-4abf0c061563:c2041]
2019-07-09 15:04:27,489 INFO  client.GrpcClientProtocolClient (GrpcClientProtocolClient.java:onNext(255)) - client-A9DCF8B8BD5B->529edf8e-8eae-4246-b33f-5e44130d441c: receive RaftClientReply:client-A9DCF8B8BD5B->529edf8e-8eae-4246-b33f-5e44130d441c@group-A1CD1332DC7D, cid=1461, SUCCESS, logIndex=2043, commits[529edf8e-8eae-4246-b33f-5e44130d441c:c2043, 79bffca9-b028-4c53-a657-872ed973be73:c2039, 15654dff-55cd-4f70-96d8-4abf0c061563:c2041]
2019-07-09 15:04:27,492 INFO  client.GrpcClientProtocolClient (GrpcClientProtocolClient.java:onNext(255)) - client-A9DCF8B8BD5B->529edf8e-8eae-4246-b33f-5e44130d441c: receive RaftClientReply:client-A9DCF8B8BD5B->529edf8e-8eae-4246-b33f-5e44130d441c@group-A1CD1332DC7D, cid=1462, SUCCESS, logIndex=2044, commits[529edf8e-8eae-4246-b33f-5e44130d441c:c2045, 79bffca9-b028-4c53-a657-872ed973be73:c2041, 15654dff-55cd-4f70-96d8-4abf0c061563:c2041]
2019-07-09 15:04:27,492 INFO  client.GrpcClientProtocolClient (GrpcClientProtocolClient.java:onNext(255)) - client-A9DCF8B8BD5B->529edf8e-8eae-4246-b33f-5e44130d441c: receive RaftClientReply:client-A9DCF8B8BD5B->529edf8e-8eae-4246-b33f-5e44130d441c@group-A1CD1332DC7D, cid=1463, SUCCESS, logIndex=2045, commits[529edf8e-8eae-4246-b33f-5e44130d441c:c2045, 79bffca9-b028-4c53-a657-872ed973be73:c2041, 15654dff-55cd-4f70-96d8-4abf0c061563:c2041]
2019-07-09 15:04:27,494 INFO  client.GrpcClientProtocolClient (GrpcClientProtocolClient.java:onNext(255)) - client-A9DCF8B8BD5B->529edf8e-8eae-4246-b33f-5e44130d441c: receive RaftClientReply:client-A9DCF8B8BD5B->529edf8e-8eae-4246-b33f-5e44130d441c@group-A1CD1332DC7D, cid=1464, SUCCESS, logIndex=0, commits[529edf8e-8eae-4246-b33f-5e44130d441c:c2047, 79bffca9-b028-4c53-a657-872ed973be73:c2043, 15654dff-55cd-4f70-96d8-4abf0c061563:c2043]
2019-07-09 15:04:27,519 INFO  client.GrpcClientProtocolClient (GrpcClientProtocolClient.java:onNext(255)) - client-A9DCF8B8BD5B->529edf8e-8eae-4246-b33f-5e44130d441c: receive RaftClientReply:client-A9DCF8B8BD5B->529edf8e-8eae-4246-b33f-5e44130d441c@group-A1CD1332DC7D, cid=1465, SUCCESS, logIndex=2050, commits[529edf8e-8eae-4246-b33f-5e44130d441c:c2051, 79bffca9-b028-4c53-a657-872ed973be73:c2045, 15654dff-55cd-4f70-96d8-4abf0c061563:c2047]
2019-07-09 15:04:27,519 INFO  client.GrpcClientProtocolClient (GrpcClientProtocolClient.java:onNext(255)) - client-A9DCF8B8BD5B->529edf8e-8eae-4246-b33f-5e44130d441c: receive RaftClientReply:client-A9DCF8B8BD5B->529edf8e-8eae-4246-b33f-5e44130d441c@group-A1CD1332DC7D, cid=1466, SUCCESS, logIndex=2051, commits[529edf8e-8eae-4246-b33f-5e44130d441c:c2051, 79bffca9-b028-4c53-a657-872ed973be73:c2047, 15654dff-55cd-4f70-96d8-4abf0c061563:c2047]
2019-07-09 15:04:27,540 INFO  client.GrpcClientProtocolClient (GrpcClientProtocolClient.java:onNext(255)) - client-A9DCF8B8BD5B->529edf8e-8eae-4246-b33f-5e44130d441c: receive RaftClientReply:client-A9DCF8B8BD5B->529edf8e-8eae-4246-b33f-5e44130d441c@group-A1CD1332DC7D, cid=1467, SUCCESS, logIndex=2054, commits[529edf8e-8eae-4246-b33f-5e44130d441c:c2055, 79bffca9-b028-4c53-a657-872ed973be73:c2053, 15654dff-55cd-4f70-96d8-4abf0c061563:c2053]
2019-07-09 15:04:27,541 INFO  client.GrpcClientProtocolClient (GrpcClientProtocolClient.java:onNext(255)) - client-A9DCF8B8BD5B->529edf8e-8eae-4246-b33f-5e44130d441c: receive RaftClientReply:client-A9DCF8B8BD5B->529edf8e-8eae-4246-b33f-5e44130d441c@group-A1CD1332DC7D, cid=1468, SUCCESS, logIndex=2055, commits[529edf8e-8eae-4246-b33f-5e44130d441c:c2055, 79bffca9-b028-4c53-a657-872ed973be73:c2053, 15654dff-55cd-4f70-96d8-4abf0c061563:c2053]
2019-07-09 15:04:27,546 INFO  client.GrpcClientProtocolClient (GrpcClientProtocolClient.java:onNext(255)) - client-A9DCF8B8BD5B->529edf8e-8eae-4246-b33f-5e44130d441c: receive RaftClientReply:client-A9DCF8B8BD5B->529edf8e-8eae-4246-b33f-5e44130d441c@group-A1CD1332DC7D, cid=1469, SUCCESS, logIndex=0, commits[529edf8e-8eae-4246-b33f-5e44130d441c:c2057, 79bffca9-b028-4c53-a657-872ed973be73:c2055, 15654dff-55cd-4f70-96d8-4abf0c061563:c2055]
2019-07-09 15:04:27,570 INFO  client.GrpcClientProtocolClient (GrpcClientProtocolClient.java:onNext(255)) - client-A9DCF8B8BD5B->529edf8e-8eae-4246-b33f-5e44130d441c: receive RaftClientReply:client-A9DCF8B8BD5B->529edf8e-8eae-4246-b33f-5e44130d441c@group-A1CD1332DC7D, cid=1470, SUCCESS, logIndex=2058, commits[529edf8e-8eae-4246-b33f-5e44130d441c:c2059, 79bffca9-b028-4c53-a657-872ed973be73:c2055, 15654dff-55cd-4f70-96d8-4abf0c061563:c2057]
2019-07-09 15:04:27,570 INFO  client.GrpcClientProtocolClient (GrpcClientProtocolClient.java:onNext(255)) - client-A9DCF8B8BD5B->529edf8e-8eae-4246-b33f-5e44130d441c: receive RaftClientReply:client-A9DCF8B8BD5B->529edf8e-8eae-4246-b33f-5e44130d441c@group-A1CD1332DC7D, cid=1471, SUCCESS, logIndex=2059, commits[529edf8e-8eae-4246-b33f-5e44130d441c:c2059, 79bffca9-b028-4c53-a657-872ed973be73:c2055, 15654dff-55cd-4f70-96d8-4abf0c061563:c2057]
2019-07-09 15:04:27,572 INFO  client.GrpcClientProtocolClient (GrpcClientProtocolClient.java:onNext(255)) - client-A9DCF8B8BD5B->529edf8e-8eae-4246-b33f-5e44130d441c: receive RaftClientReply:client-A9DCF8B8BD5B->529edf8e-8eae-4246-b33f-5e44130d441c@group-A1CD1332DC7D, cid=1472, SUCCESS, logIndex=2060, commits[529edf8e-8eae-4246-b33f-5e44130d441c:c2060, 79bffca9-b028-4c53-a657-872ed973be73:c2057, 15654dff-55cd-4f70-96d8-4abf0c061563:c2057]
2019-07-09 15:04:27,573 INFO  client.GrpcClientProtocolClient (GrpcClientProtocolClient.java:onNext(255)) - client-A9DCF8B8BD5B->529edf8e-8eae-4246-b33f-5e44130d441c: receive RaftClientReply:client-A9DCF8B8BD5B->529edf8e-8eae-4246-b33f-5e44130d441c@group-A1CD1332DC7D, cid=1473, SUCCESS, logIndex=2061, commits[529edf8e-8eae-4246-b33f-5e44130d441c:c2061, 79bffca9-b028-4c53-a657-872ed973be73:c2057, 15654dff-55cd-4f70-96d8-4abf0c061563:c2057]
2019-07-09 15:04:27,574 INFO  client.GrpcClientProtocolClient (GrpcClientProtocolClient.java:onNext(255)) - client-A9DCF8B8BD5B->529edf8e-8eae-4246-b33f-5e44130d441c: receive RaftClientReply:client-A9DCF8B8BD5B->529edf8e-8eae-4246-b33f-5e44130d441c@group-A1CD1332DC7D, cid=1474, SUCCESS, logIndex=0, commits[529edf8e-8eae-4246-b33f-5e44130d441c:c2063, 79bffca9-b028-4c53-a657-872ed973be73:c2059, 15654dff-55cd-4f70-96d8-4abf0c061563:c2059]
2019-07-09 15:04:27,692 INFO  client.GrpcClientProtocolClient (GrpcClientProtocolClient.java:onNext(255)) - client-A9DCF8B8BD5B->529edf8e-8eae-4246-b33f-5e44130d441c: receive RaftClientReply:client-A9DCF8B8BD5B->529edf8e-8eae-4246-b33f-5e44130d441c@group-A1CD1332DC7D, cid=1475, SUCCESS, logIndex=2066, commits[529edf8e-8eae-4246-b33f-5e44130d441c:c2067, 79bffca9-b028-4c53-a657-872ed973be73:c2065, 15654dff-55cd-4f70-96d8-4abf0c061563:c2065]
2019-07-09 15:04:27,692 INFO  client.GrpcClientProtocolClient (GrpcClientProtocolClient.java:onNext(255)) - client-A9DCF8B8BD5B->529edf8e-8eae-4246-b33f-5e44130d441c: receive RaftClientReply:client-A9DCF8B8BD5B->529edf8e-8eae-4246-b33f-5e44130d441c@group-A1CD1332DC7D, cid=1476, SUCCESS, logIndex=2067, commits[529edf8e-8eae-4246-b33f-5e44130d441c:c2067, 79bffca9-b028-4c53-a657-872ed973be73:c2065, 15654dff-55cd-4f70-96d8-4abf0c061563:c2065]
2019-07-09 15:04:27,718 INFO  client.GrpcClientProtocolClient (GrpcClientProtocolClient.java:onNext(255)) - client-A9DCF8B8BD5B->529edf8e-8eae-4246-b33f-5e44130d441c: receive RaftClientReply:client-A9DCF8B8BD5B->529edf8e-8eae-4246-b33f-5e44130d441c@group-A1CD1332DC7D, cid=1477, SUCCESS, logIndex=2070, commits[529edf8e-8eae-4246-b33f-5e44130d441c:c2071, 79bffca9-b028-4c53-a657-872ed973be73:c2067, 15654dff-55cd-4f70-96d8-4abf0c061563:c2067]
2019-07-09 15:04:27,718 INFO  client.GrpcClientProtocolClient (GrpcClientProtocolClient.java:onNext(255)) - client-A9DCF8B8BD5B->529edf8e-8eae-4246-b33f-5e44130d441c: receive RaftClientReply:client-A9DCF8B8BD5B->529edf8e-8eae-4246-b33f-5e44130d441c@group-A1CD1332DC7D, cid=1478, SUCCESS, logIndex=2071, commits[529edf8e-8eae-4246-b33f-5e44130d441c:c2071, 79bffca9-b028-4c53-a657-872ed973be73:c2067, 15654dff-55cd-4f70-96d8-4abf0c061563:c2067]
2019-07-09 15:04:27,730 INFO  client.GrpcClientProtocolClient (GrpcClientProtocolClient.java:onNext(255)) - client-A9DCF8B8BD5B->529edf8e-8eae-4246-b33f-5e44130d441c: receive RaftClientReply:client-A9DCF8B8BD5B->529edf8e-8eae-4246-b33f-5e44130d441c@group-A1CD1332DC7D, cid=1479, SUCCESS, logIndex=0, commits[529edf8e-8eae-4246-b33f-5e44130d441c:c2072, 79bffca9-b028-4c53-a657-872ed973be73:c2071, 15654dff-55cd-4f70-96d8-4abf0c061563:c2071]
2019-07-09 15:04:27,767 INFO  client.GrpcClientProtocolClient (GrpcClientProtocolClient.java:onNext(255)) - client-A9DCF8B8BD5B->529edf8e-8eae-4246-b33f-5e44130d441c: receive RaftClientReply:client-A9DCF8B8BD5B->529edf8e-8eae-4246-b33f-5e44130d441c@group-A1CD1332DC7D, cid=1480, SUCCESS, logIndex=2074, commits[529edf8e-8eae-4246-b33f-5e44130d441c:c2075, 79bffca9-b028-4c53-a657-872ed973be73:c2073, 15654dff-55cd-4f70-96d8-4abf0c061563:c2073]
2019-07-09 15:04:27,768 INFO  client.GrpcClientProtocolClient (GrpcClientProtocolClient.java:onNext(255)) - client-A9DCF8B8BD5B->529edf8e-8eae-4246-b33f-5e44130d441c: receive RaftClientReply:client-A9DCF8B8BD5B->529edf8e-8eae-4246-b33f-5e44130d441c@group-A1CD1332DC7D, cid=1481, SUCCESS, logIndex=2075, commits[529edf8e-8eae-4246-b33f-5e44130d441c:c2075, 79bffca9-b028-4c53-a657-872ed973be73:c2073, 15654dff-55cd-4f70-96d8-4abf0c061563:c2073]
2019-07-09 15:04:27,776 INFO  client.GrpcClientProtocolClient (GrpcClientProtocolClient.java:onNext(255)) - client-A9DCF8B8BD5B->529edf8e-8eae-4246-b33f-5e44130d441c: receive RaftClientReply:client-A9DCF8B8BD5B->529edf8e-8eae-4246-b33f-5e44130d441c@group-A1CD1332DC7D, cid=1482, SUCCESS, logIndex=2076, commits[529edf8e-8eae-4246-b33f-5e44130d441c:c2077, 79bffca9-b028-4c53-a657-872ed973be73:c2073, 15654dff-55cd-4f70-96d8-4abf0c061563:c2073]
2019-07-09 15:04:27,777 INFO  client.GrpcClientProtocolClient (GrpcClientProtocolClient.java:onNext(255)) - client-A9DCF8B8BD5B->529edf8e-8eae-4246-b33f-5e44130d441c: receive RaftClientReply:client-A9DCF8B8BD5B->529edf8e-8eae-4246-b33f-5e44130d441c@group-A1CD1332DC7D, cid=1483, SUCCESS, logIndex=2077, commits[529edf8e-8eae-4246-b33f-5e44130d441c:c2077, 79bffca9-b028-4c53-a657-872ed973be73:c2073, 15654dff-55cd-4f70-96d8-4abf0c061563:c2073]
2019-07-09 15:04:27,790 INFO  client.GrpcClientProtocolClient (GrpcClientProtocolClient.java:onNext(255)) - client-A9DCF8B8BD5B->529edf8e-8eae-4246-b33f-5e44130d441c: receive RaftClientReply:client-A9DCF8B8BD5B->529edf8e-8eae-4246-b33f-5e44130d441c@group-A1CD1332DC7D, cid=1484, SUCCESS, logIndex=0, commits[529edf8e-8eae-4246-b33f-5e44130d441c:c2079, 79bffca9-b028-4c53-a657-872ed973be73:c2075, 15654dff-55cd-4f70-96d8-4abf0c061563:c2075]
2019-07-09 15:04:27,811 INFO  client.GrpcClientProtocolClient (GrpcClientProtocolClient.java:onNext(255)) - client-A9DCF8B8BD5B->529edf8e-8eae-4246-b33f-5e44130d441c: receive RaftClientReply:client-A9DCF8B8BD5B->529edf8e-8eae-4246-b33f-5e44130d441c@group-A1CD1332DC7D, cid=1485, SUCCESS, logIndex=2082, commits[529edf8e-8eae-4246-b33f-5e44130d441c:c2083, 79bffca9-b028-4c53-a657-872ed973be73:c2081, 15654dff-55cd-4f70-96d8-4abf0c061563:c2077]
2019-07-09 15:04:27,812 INFO  client.GrpcClientProtocolClient (GrpcClientProtocolClient.java:onNext(255)) - client-A9DCF8B8BD5B->529edf8e-8eae-4246-b33f-5e44130d441c: receive RaftClientReply:client-A9DCF8B8BD5B->529edf8e-8eae-4246-b33f-5e44130d441c@group-A1CD1332DC7D, cid=1486, SUCCESS, logIndex=2083, commits[529edf8e-8eae-4246-b33f-5e44130d441c:c2083, 79bffca9-b028-4c53-a657-872ed973be73:c2081, 15654dff-55cd-4f70-96d8-4abf0c061563:c2081]
2019-07-09 15:04:27,825 INFO  client.GrpcClientProtocolClient (GrpcClientProtocolClient.java:onNext(255)) - client-A9DCF8B8BD5B->529edf8e-8eae-4246-b33f-5e44130d441c: receive RaftClientReply:client-A9DCF8B8BD5B->529edf8e-8eae-4246-b33f-5e44130d441c@group-A1CD1332DC7D, cid=1487, SUCCESS, logIndex=2086, commits[529edf8e-8eae-4246-b33f-5e44130d441c:c2086, 79bffca9-b028-4c53-a657-872ed973be73:c2083, 15654dff-55cd-4f70-96d8-4abf0c061563:c2083]
2019-07-09 15:04:27,825 INFO  client.GrpcClientProtocolClient (GrpcClientProtocolClient.java:onNext(255)) - client-A9DCF8B8BD5B->529edf8e-8eae-4246-b33f-5e44130d441c: receive RaftClientReply:client-A9DCF8B8BD5B->529edf8e-8eae-4246-b33f-5e44130d441c@group-A1CD1332DC7D, cid=1488, SUCCESS, logIndex=2087, commits[529edf8e-8eae-4246-b33f-5e44130d441c:c2087, 79bffca9-b028-4c53-a657-872ed973be73:c2083, 15654dff-55cd-4f70-96d8-4abf0c061563:c2083]
2019-07-09 15:04:27,860 INFO  client.GrpcClientProtocolClient (GrpcClientProtocolClient.java:onNext(255)) - client-A9DCF8B8BD5B->529edf8e-8eae-4246-b33f-5e44130d441c: receive RaftClientReply:client-A9DCF8B8BD5B->529edf8e-8eae-4246-b33f-5e44130d441c@group-A1CD1332DC7D, cid=1489, SUCCESS, logIndex=0, commits[529edf8e-8eae-4246-b33f-5e44130d441c:c2089, 79bffca9-b028-4c53-a657-872ed973be73:c2087, 15654dff-55cd-4f70-96d8-4abf0c061563:c2087]
2019-07-09 15:04:27,894 INFO  client.GrpcClientProtocolClient (GrpcClientProtocolClient.java:onNext(255)) - client-A9DCF8B8BD5B->529edf8e-8eae-4246-b33f-5e44130d441c: receive RaftClientReply:client-A9DCF8B8BD5B->529edf8e-8eae-4246-b33f-5e44130d441c@group-A1CD1332DC7D, cid=1490, SUCCESS, logIndex=2090, commits[529edf8e-8eae-4246-b33f-5e44130d441c:c2092, 79bffca9-b028-4c53-a657-872ed973be73:c2089, 15654dff-55cd-4f70-96d8-4abf0c061563:c2089]
2019-07-09 15:04:27,895 INFO  client.GrpcClientProtocolClient (GrpcClientProtocolClient.java:onNext(255)) - client-A9DCF8B8BD5B->529edf8e-8eae-4246-b33f-5e44130d441c: receive RaftClientReply:client-A9DCF8B8BD5B->529edf8e-8eae-4246-b33f-5e44130d441c@group-A1CD1332DC7D, cid=1491, SUCCESS, logIndex=2091, commits[529edf8e-8eae-4246-b33f-5e44130d441c:c2093, 79bffca9-b028-4c53-a657-872ed973be73:c2089, 15654dff-55cd-4f70-96d8-4abf0c061563:c2089]
2019-07-09 15:04:27,895 INFO  client.GrpcClientProtocolClient (GrpcClientProtocolClient.java:onNext(255)) - client-A9DCF8B8BD5B->529edf8e-8eae-4246-b33f-5e44130d441c: receive RaftClientReply:client-A9DCF8B8BD5B->529edf8e-8eae-4246-b33f-5e44130d441c@group-A1CD1332DC7D, cid=1492, SUCCESS, logIndex=2092, commits[529edf8e-8eae-4246-b33f-5e44130d441c:c2093, 79bffca9-b028-4c53-a657-872ed973be73:c2089, 15654dff-55cd-4f70-96d8-4abf0c061563:c2089]
2019-07-09 15:04:27,896 INFO  client.GrpcClientProtocolClient (GrpcClientProtocolClient.java:onNext(255)) - client-A9DCF8B8BD5B->529edf8e-8eae-4246-b33f-5e44130d441c: receive RaftClientReply:client-A9DCF8B8BD5B->529edf8e-8eae-4246-b33f-5e44130d441c@group-A1CD1332DC7D, cid=1493, SUCCESS, logIndex=2093, commits[529edf8e-8eae-4246-b33f-5e44130d441c:c2093, 79bffca9-b028-4c53-a657-872ed973be73:c2089, 15654dff-55cd-4f70-96d8-4abf0c061563:c2089]
2019-07-09 15:04:27,897 INFO  client.GrpcClientProtocolClient (GrpcClientProtocolClient.java:onNext(255)) - client-A9DCF8B8BD5B->529edf8e-8eae-4246-b33f-5e44130d441c: receive RaftClientReply:client-A9DCF8B8BD5B->529edf8e-8eae-4246-b33f-5e44130d441c@group-A1CD1332DC7D, cid=1494, SUCCESS, logIndex=0, commits[529edf8e-8eae-4246-b33f-5e44130d441c:c2096, 79bffca9-b028-4c53-a657-872ed973be73:c2091, 15654dff-55cd-4f70-96d8-4abf0c061563:c2092]
 0.00% |█                                                                                                    |  0/1 Time: 0:00:102019-07-09 15:04:27,917 INFO  client.GrpcClientProtocolClient (GrpcClientProtocolClient.java:onNext(255)) - client-A9DCF8B8BD5B->529edf8e-8eae-4246-b33f-5e44130d441c: receive RaftClientReply:client-A9DCF8B8BD5B->529edf8e-8eae-4246-b33f-5e44130d441c@group-A1CD1332DC7D, cid=1495, SUCCESS, logIndex=2098, commits[529edf8e-8eae-4246-b33f-5e44130d441c:c2099, 79bffca9-b028-4c53-a657-872ed973be73:c2097, 15654dff-55cd-4f70-96d8-4abf0c061563:c2097]
2019-07-09 15:04:27,917 INFO  client.GrpcClientProtocolClient (GrpcClientProtocolClient.java:onNext(255)) - client-A9DCF8B8BD5B->529edf8e-8eae-4246-b33f-5e44130d441c: receive RaftClientReply:client-A9DCF8B8BD5B->529edf8e-8eae-4246-b33f-5e44130d441c@group-A1CD1332DC7D, cid=1496, SUCCESS, logIndex=2099, commits[529edf8e-8eae-4246-b33f-5e44130d441c:c2099, 79bffca9-b028-4c53-a657-872ed973be73:c2097, 15654dff-55cd-4f70-96d8-4abf0c061563:c2097]
2019-07-09 15:04:27,931 INFO  client.GrpcClientProtocolClient (GrpcClientProtocolClient.java:onNext(255)) - client-A9DCF8B8BD5B->529edf8e-8eae-4246-b33f-5e44130d441c: receive RaftClientReply:client-A9DCF8B8BD5B->529edf8e-8eae-4246-b33f-5e44130d441c@group-A1CD1332DC7D, cid=1497, SUCCESS, logIndex=2102, commits[529edf8e-8eae-4246-b33f-5e44130d441c:c2103, 79bffca9-b028-4c53-a657-872ed973be73:c2099, 15654dff-55cd-4f70-96d8-4abf0c061563:c2098]
2019-07-09 15:04:27,931 INFO  client.GrpcClientProtocolClient (GrpcClientProtocolClient.java:onNext(255)) - client-A9DCF8B8BD5B->529edf8e-8eae-4246-b33f-5e44130d441c: receive RaftClientReply:client-A9DCF8B8BD5B->529edf8e-8eae-4246-b33f-5e44130d441c@group-A1CD1332DC7D, cid=1498, SUCCESS, logIndex=2103, commits[529edf8e-8eae-4246-b33f-5e44130d441c:c2103, 79bffca9-b028-4c53-a657-872ed973be73:c2099, 15654dff-55cd-4f70-96d8-4abf0c061563:c2099]
2019-07-09 15:04:27,933 INFO  client.GrpcClientProtocolClient (GrpcClientProtocolClient.java:onNext(255)) - client-A9DCF8B8BD5B->529edf8e-8eae-4246-b33f-5e44130d441c: receive RaftClientReply:client-A9DCF8B8BD5B->529edf8e-8eae-4246-b33f-5e44130d441c@group-A1CD1332DC7D, cid=1499, SUCCESS, logIndex=0, commits[529edf8e-8eae-4246-b33f-5e44130d441c:c2104, 79bffca9-b028-4c53-a657-872ed973be73:c2103, 15654dff-55cd-4f70-96d8-4abf0c061563:c2103]
2019-07-09 15:04:27,959 INFO  client.GrpcClientProtocolClient (GrpcClientProtocolClient.java:onNext(255)) - client-A9DCF8B8BD5B->529edf8e-8eae-4246-b33f-5e44130d441c: receive RaftClientReply:client-A9DCF8B8BD5B->529edf8e-8eae-4246-b33f-5e44130d441c@group-A1CD1332DC7D, cid=1500, SUCCESS, logIndex=2106, commits[529edf8e-8eae-4246-b33f-5e44130d441c:c2107, 79bffca9-b028-4c53-a657-872ed973be73:c2105, 15654dff-55cd-4f70-96d8-4abf0c061563:c2105]
2019-07-09 15:04:27,960 INFO  client.GrpcClientProtocolClient (GrpcClientProtocolClient.java:onNext(255)) - client-A9DCF8B8BD5B->529edf8e-8eae-4246-b33f-5e44130d441c: receive RaftClientReply:client-A9DCF8B8BD5B->529edf8e-8eae-4246-b33f-5e44130d441c@group-A1CD1332DC7D, cid=1501, SUCCESS, logIndex=2107, commits[529edf8e-8eae-4246-b33f-5e44130d441c:c2107, 79bffca9-b028-4c53-a657-872ed973be73:c2105, 15654dff-55cd-4f70-96d8-4abf0c061563:c2105]
2019-07-09 15:04:27,960 INFO  client.GrpcClientProtocolClient (GrpcClientProtocolClient.java:onNext(255)) - client-A9DCF8B8BD5B->529edf8e-8eae-4246-b33f-5e44130d441c: receive RaftClientReply:client-A9DCF8B8BD5B->529edf8e-8eae-4246-b33f-5e44130d441c@group-A1CD1332DC7D, cid=1502, SUCCESS, logIndex=2108, commits[529edf8e-8eae-4246-b33f-5e44130d441c:c2109, 79bffca9-b028-4c53-a657-872ed973be73:c2105, 15654dff-55cd-4f70-96d8-4abf0c061563:c2105]
2019-07-09 15:04:27,961 INFO  client.GrpcClientProtocolClient (GrpcClientProtocolClient.java:onNext(255)) - client-A9DCF8B8BD5B->529edf8e-8eae-4246-b33f-5e44130d441c: receive RaftClientReply:client-A9DCF8B8BD5B->529edf8e-8eae-4246-b33f-5e44130d441c@group-A1CD1332DC7D, cid=1503, SUCCESS, logIndex=2109, commits[529edf8e-8eae-4246-b33f-5e44130d441c:c2109, 79bffca9-b028-4c53-a657-872ed973be73:c2105, 15654dff-55cd-4f70-96d8-4abf0c061563:c2105]
2019-07-09 15:04:27,962 INFO  client.GrpcClientProtocolClient (GrpcClientProtocolClient.java:onNext(255)) - client-A9DCF8B8BD5B->529edf8e-8eae-4246-b33f-5e44130d441c: receive RaftClientReply:client-A9DCF8B8BD5B->529edf8e-8eae-4246-b33f-5e44130d441c@group-A1CD1332DC7D, cid=1504, SUCCESS, logIndex=0, commits[529edf8e-8eae-4246-b33f-5e44130d441c:c2111, 79bffca9-b028-4c53-a657-872ed973be73:c2107, 15654dff-55cd-4f70-96d8-4abf0c061563:c2107]
2019-07-09 15:04:27,987 INFO  client.GrpcClientProtocolClient (GrpcClientProtocolClient.java:onNext(255)) - client-A9DCF8B8BD5B->529edf8e-8eae-4246-b33f-5e44130d441c: receive RaftClientReply:client-A9DCF8B8BD5B->529edf8e-8eae-4246-b33f-5e44130d441c@group-A1CD1332DC7D, cid=1505, SUCCESS, logIndex=2114, commits[529edf8e-8eae-4246-b33f-5e44130d441c:c2115, 79bffca9-b028-4c53-a657-872ed973be73:c2111, 15654dff-55cd-4f70-96d8-4abf0c061563:c2109]
2019-07-09 15:04:27,988 INFO  client.GrpcClientProtocolClient (GrpcClientProtocolClient.java:onNext(255)) - client-A9DCF8B8BD5B->529edf8e-8eae-4246-b33f-5e44130d441c: receive RaftClientReply:client-A9DCF8B8BD5B->529edf8e-8eae-4246-b33f-5e44130d441c@group-A1CD1332DC7D, cid=1506, SUCCESS, logIndex=2115, commits[529edf8e-8eae-4246-b33f-5e44130d441c:c2115, 79bffca9-b028-4c53-a657-872ed973be73:c2111, 15654dff-55cd-4f70-96d8-4abf0c061563:c2111]
2019-07-09 15:04:28,009 INFO  client.GrpcClientProtocolClient (GrpcClientProtocolClient.java:onNext(255)) - client-A9DCF8B8BD5B->529edf8e-8eae-4246-b33f-5e44130d441c: receive RaftClientReply:client-A9DCF8B8BD5B->529edf8e-8eae-4246-b33f-5e44130d441c@group-A1CD1332DC7D, cid=1507, SUCCESS, logIndex=2117, commits[529edf8e-8eae-4246-b33f-5e44130d441c:c2118, 79bffca9-b028-4c53-a657-872ed973be73:c2116, 15654dff-55cd-4f70-96d8-4abf0c061563:c2116]
2019-07-09 15:04:28,009 INFO  client.GrpcClientProtocolClient (GrpcClientProtocolClient.java:onNext(255)) - client-A9DCF8B8BD5B->529edf8e-8eae-4246-b33f-5e44130d441c: receive RaftClientReply:client-A9DCF8B8BD5B->529edf8e-8eae-4246-b33f-5e44130d441c@group-A1CD1332DC7D, cid=1508, SUCCESS, logIndex=2118, commits[529edf8e-8eae-4246-b33f-5e44130d441c:c2118, 79bffca9-b028-4c53-a657-872ed973be73:c2116, 15654dff-55cd-4f70-96d8-4abf0c061563:c2116]
2019-07-09 15:04:28,023 INFO  client.GrpcClientProtocolClient (GrpcClientProtocolClient.java:onNext(255)) - client-A9DCF8B8BD5B->529edf8e-8eae-4246-b33f-5e44130d441c: receive RaftClientReply:client-A9DCF8B8BD5B->529edf8e-8eae-4246-b33f-5e44130d441c@group-A1CD1332DC7D, cid=1509, SUCCESS, logIndex=0, commits[529edf8e-8eae-4246-b33f-5e44130d441c:c2120, 79bffca9-b028-4c53-a657-872ed973be73:c2118, 15654dff-55cd-4f70-96d8-4abf0c061563:c2118]
2019-07-09 15:04:28,059 INFO  client.GrpcClientProtocolClient (GrpcClientProtocolClient.java:onNext(255)) - client-A9DCF8B8BD5B->529edf8e-8eae-4246-b33f-5e44130d441c: receive RaftClientReply:client-A9DCF8B8BD5B->529edf8e-8eae-4246-b33f-5e44130d441c@group-A1CD1332DC7D, cid=1510, SUCCESS, logIndex=2121, commits[529edf8e-8eae-4246-b33f-5e44130d441c:c2122, 79bffca9-b028-4c53-a657-872ed973be73:c2120, 15654dff-55cd-4f70-96d8-4abf0c061563:c2120]
2019-07-09 15:04:28,060 INFO  client.GrpcClientProtocolClient (GrpcClientProtocolClient.java:onNext(255)) - client-A9DCF8B8BD5B->529edf8e-8eae-4246-b33f-5e44130d441c: receive RaftClientReply:client-A9DCF8B8BD5B->529edf8e-8eae-4246-b33f-5e44130d441c@group-A1CD1332DC7D, cid=1511, SUCCESS, logIndex=2122, commits[529edf8e-8eae-4246-b33f-5e44130d441c:c2124, 79bffca9-b028-4c53-a657-872ed973be73:c2120, 15654dff-55cd-4f70-96d8-4abf0c061563:c2120]
2019-07-09 15:04:28,060 INFO  client.GrpcClientProtocolClient (GrpcClientProtocolClient.java:onNext(255)) - client-A9DCF8B8BD5B->529edf8e-8eae-4246-b33f-5e44130d441c: receive RaftClientReply:client-A9DCF8B8BD5B->529edf8e-8eae-4246-b33f-5e44130d441c@group-A1CD1332DC7D, cid=1512, SUCCESS, logIndex=2123, commits[529edf8e-8eae-4246-b33f-5e44130d441c:c2124, 79bffca9-b028-4c53-a657-872ed973be73:c2120, 15654dff-55cd-4f70-96d8-4abf0c061563:c2120]
2019-07-09 15:04:28,060 INFO  client.GrpcClientProtocolClient (GrpcClientProtocolClient.java:onNext(255)) - client-A9DCF8B8BD5B->529edf8e-8eae-4246-b33f-5e44130d441c: receive RaftClientReply:client-A9DCF8B8BD5B->529edf8e-8eae-4246-b33f-5e44130d441c@group-A1CD1332DC7D, cid=1513, SUCCESS, logIndex=2124, commits[529edf8e-8eae-4246-b33f-5e44130d441c:c2124, 79bffca9-b028-4c53-a657-872ed973be73:c2120, 15654dff-55cd-4f70-96d8-4abf0c061563:c2120]
2019-07-09 15:04:28,071 INFO  client.GrpcClientProtocolClient (GrpcClientProtocolClient.java:onNext(255)) - client-A9DCF8B8BD5B->529edf8e-8eae-4246-b33f-5e44130d441c: receive RaftClientReply:client-A9DCF8B8BD5B->529edf8e-8eae-4246-b33f-5e44130d441c@group-A1CD1332DC7D, cid=1514, SUCCESS, logIndex=0, commits[529edf8e-8eae-4246-b33f-5e44130d441c:c2126, 79bffca9-b028-4c53-a657-872ed973be73:c2122, 15654dff-55cd-4f70-96d8-4abf0c061563:c2122]
2019-07-09 15:04:28,094 INFO  client.GrpcClientProtocolClient (GrpcClientProtocolClient.java:onNext(255)) - client-A9DCF8B8BD5B->529edf8e-8eae-4246-b33f-5e44130d441c: receive RaftClientReply:client-A9DCF8B8BD5B->529edf8e-8eae-4246-b33f-5e44130d441c@group-A1CD1332DC7D, cid=1515, SUCCESS, logIndex=2129, commits[529edf8e-8eae-4246-b33f-5e44130d441c:c2130, 79bffca9-b028-4c53-a657-872ed973be73:c2128, 15654dff-55cd-4f70-96d8-4abf0c061563:c2128]
2019-07-09 15:04:28,095 INFO  client.GrpcClientProtocolClient (GrpcClientProtocolClient.java:onNext(255)) - client-A9DCF8B8BD5B->529edf8e-8eae-4246-b33f-5e44130d441c: receive RaftClientReply:client-A9DCF8B8BD5B->529edf8e-8eae-4246-b33f-5e44130d441c@group-A1CD1332DC7D, cid=1516, SUCCESS, logIndex=2130, commits[529edf8e-8eae-4246-b33f-5e44130d441c:c2130, 79bffca9-b028-4c53-a657-872ed973be73:c2128, 15654dff-55cd-4f70-96d8-4abf0c061563:c2128]
2019-07-09 15:04:28,112 INFO  client.GrpcClientProtocolClient (GrpcClientProtocolClient.java:onNext(255)) - client-A9DCF8B8BD5B->529edf8e-8eae-4246-b33f-5e44130d441c: receive RaftClientReply:client-A9DCF8B8BD5B->529edf8e-8eae-4246-b33f-5e44130d441c@group-A1CD1332DC7D, cid=1517, SUCCESS, logIndex=2133, commits[529edf8e-8eae-4246-b33f-5e44130d441c:c2133, 79bffca9-b028-4c53-a657-872ed973be73:c2130, 15654dff-55cd-4f70-96d8-4abf0c061563:c2130]
2019-07-09 15:04:28,112 INFO  client.GrpcClientProtocolClient (GrpcClientProtocolClient.java:onNext(255)) - client-A9DCF8B8BD5B->529edf8e-8eae-4246-b33f-5e44130d441c: receive RaftClientReply:client-A9DCF8B8BD5B->529edf8e-8eae-4246-b33f-5e44130d441c@group-A1CD1332DC7D, cid=1518, SUCCESS, logIndex=2134, commits[529edf8e-8eae-4246-b33f-5e44130d441c:c2134, 79bffca9-b028-4c53-a657-872ed973be73:c2130, 15654dff-55cd-4f70-96d8-4abf0c061563:c2130]
2019-07-09 15:04:28,122 INFO  client.GrpcClientProtocolClient (GrpcClientProtocolClient.java:onNext(255)) - client-A9DCF8B8BD5B->529edf8e-8eae-4246-b33f-5e44130d441c: receive RaftClientReply:client-A9DCF8B8BD5B->529edf8e-8eae-4246-b33f-5e44130d441c@group-A1CD1332DC7D, cid=1519, SUCCESS, logIndex=0, commits[529edf8e-8eae-4246-b33f-5e44130d441c:c2136, 79bffca9-b028-4c53-a657-872ed973be73:c2134, 15654dff-55cd-4f70-96d8-4abf0c061563:c2134]
2019-07-09 15:04:28,177 INFO  client.GrpcClientProtocolClient (GrpcClientProtocolClient.java:onNext(255)) - client-A9DCF8B8BD5B->529edf8e-8eae-4246-b33f-5e44130d441c: receive RaftClientReply:client-A9DCF8B8BD5B->529edf8e-8eae-4246-b33f-5e44130d441c@group-A1CD1332DC7D, cid=1520, SUCCESS, logIndex=2137, commits[529edf8e-8eae-4246-b33f-5e44130d441c:c2138, 79bffca9-b028-4c53-a657-872ed973be73:c2136, 15654dff-55cd-4f70-96d8-4abf0c061563:c2136]
2019-07-09 15:04:28,178 INFO  client.GrpcClientProtocolClient (GrpcClientProtocolClient.java:onNext(255)) - client-A9DCF8B8BD5B->529edf8e-8eae-4246-b33f-5e44130d441c: receive RaftClientReply:client-A9DCF8B8BD5B->529edf8e-8eae-4246-b33f-5e44130d441c@group-A1CD1332DC7D, cid=1521, SUCCESS, logIndex=2138, commits[529edf8e-8eae-4246-b33f-5e44130d441c:c2140, 79bffca9-b028-4c53-a657-872ed973be73:c2136, 15654dff-55cd-4f70-96d8-4abf0c061563:c2136]
2019-07-09 15:04:28,178 INFO  client.GrpcClientProtocolClient (GrpcClientProtocolClient.java:onNext(255)) - client-A9DCF8B8BD5B->529edf8e-8eae-4246-b33f-5e44130d441c: receive RaftClientReply:client-A9DCF8B8BD5B->529edf8e-8eae-4246-b33f-5e44130d441c@group-A1CD1332DC7D, cid=1522, SUCCESS, logIndex=2139, commits[529edf8e-8eae-4246-b33f-5e44130d441c:c2140, 79bffca9-b028-4c53-a657-872ed973be73:c2136, 15654dff-55cd-4f70-96d8-4abf0c061563:c2136]
2019-07-09 15:04:28,178 INFO  client.GrpcClientProtocolClient (GrpcClientProtocolClient.java:onNext(255)) - client-A9DCF8B8BD5B->529edf8e-8eae-4246-b33f-5e44130d441c: receive RaftClientReply:client-A9DCF8B8BD5B->529edf8e-8eae-4246-b33f-5e44130d441c@group-A1CD1332DC7D, cid=1523, SUCCESS, logIndex=2140, commits[529edf8e-8eae-4246-b33f-5e44130d441c:c2140, 79bffca9-b028-4c53-a657-872ed973be73:c2136, 15654dff-55cd-4f70-96d8-4abf0c061563:c2136]
2019-07-09 15:04:28,191 INFO  client.GrpcClientProtocolClient (GrpcClientProtocolClient.java:onNext(255)) - client-A9DCF8B8BD5B->529edf8e-8eae-4246-b33f-5e44130d441c: receive RaftClientReply:client-A9DCF8B8BD5B->529edf8e-8eae-4246-b33f-5e44130d441c@group-A1CD1332DC7D, cid=1524, SUCCESS, logIndex=0, commits[529edf8e-8eae-4246-b33f-5e44130d441c:c2142, 79bffca9-b028-4c53-a657-872ed973be73:c2138, 15654dff-55cd-4f70-96d8-4abf0c061563:c2138]
2019-07-09 15:04:28,207 INFO  client.GrpcClientProtocolClient (GrpcClientProtocolClient.java:onNext(255)) - client-A9DCF8B8BD5B->529edf8e-8eae-4246-b33f-5e44130d441c: receive RaftClientReply:client-A9DCF8B8BD5B->529edf8e-8eae-4246-b33f-5e44130d441c@group-A1CD1332DC7D, cid=1525, SUCCESS, logIndex=2144, commits[529edf8e-8eae-4246-b33f-5e44130d441c:c2145, 79bffca9-b028-4c53-a657-872ed973be73:c2143, 15654dff-55cd-4f70-96d8-4abf0c061563:c2140]
2019-07-09 15:04:28,207 INFO  client.GrpcClientProtocolClient (GrpcClientProtocolClient.java:onNext(255)) - client-A9DCF8B8BD5B->529edf8e-8eae-4246-b33f-5e44130d441c: receive RaftClientReply:client-A9DCF8B8BD5B->529edf8e-8eae-4246-b33f-5e44130d441c@group-A1CD1332DC7D, cid=1526, SUCCESS, logIndex=2145, commits[529edf8e-8eae-4246-b33f-5e44130d441c:c2145, 79bffca9-b028-4c53-a657-872ed973be73:c2143, 15654dff-55cd-4f70-96d8-4abf0c061563:c2143]
2019-07-09 15:04:28,223 INFO  client.GrpcClientProtocolClient (GrpcClientProtocolClient.java:onNext(255)) - client-A9DCF8B8BD5B->529edf8e-8eae-4246-b33f-5e44130d441c: receive RaftClientReply:client-A9DCF8B8BD5B->529edf8e-8eae-4246-b33f-5e44130d441c@group-A1CD1332DC7D, cid=1527, SUCCESS, logIndex=2148, commits[529edf8e-8eae-4246-b33f-5e44130d441c:c2149, 79bffca9-b028-4c53-a657-872ed973be73:c2146, 15654dff-55cd-4f70-96d8-4abf0c061563:c2146]
2019-07-09 15:04:28,224 INFO  client.GrpcClientProtocolClient (GrpcClientProtocolClient.java:onNext(255)) - client-A9DCF8B8BD5B->529edf8e-8eae-4246-b33f-5e44130d441c: receive RaftClientReply:client-A9DCF8B8BD5B->529edf8e-8eae-4246-b33f-5e44130d441c@group-A1CD1332DC7D, cid=1528, SUCCESS, logIndex=2149, commits[529edf8e-8eae-4246-b33f-5e44130d441c:c2149, 79bffca9-b028-4c53-a657-872ed973be73:c2146, 15654dff-55cd-4f70-96d8-4abf0c061563:c2146]
2019-07-09 15:04:28,229 INFO  client.GrpcClientProtocolClient (GrpcClientProtocolClient.java:onNext(255)) - client-A9DCF8B8BD5B->529edf8e-8eae-4246-b33f-5e44130d441c: receive RaftClientReply:client-A9DCF8B8BD5B->529edf8e-8eae-4246-b33f-5e44130d441c@group-A1CD1332DC7D, cid=1529, SUCCESS, logIndex=0, commits[529edf8e-8eae-4246-b33f-5e44130d441c:c2150, 79bffca9-b028-4c53-a657-872ed973be73:c2149, 15654dff-55cd-4f70-96d8-4abf0c061563:c2149]
2019-07-09 15:04:28,252 INFO  client.GrpcClientProtocolClient (GrpcClientProtocolClient.java:onNext(255)) - client-A9DCF8B8BD5B->529edf8e-8eae-4246-b33f-5e44130d441c: receive RaftClientReply:client-A9DCF8B8BD5B->529edf8e-8eae-4246-b33f-5e44130d441c@group-A1CD1332DC7D, cid=1530, SUCCESS, logIndex=2152, commits[529edf8e-8eae-4246-b33f-5e44130d441c:c2153, 79bffca9-b028-4c53-a657-872ed973be73:c2151, 15654dff-55cd-4f70-96d8-4abf0c061563:c2149]
2019-07-09 15:04:28,252 INFO  client.GrpcClientProtocolClient (GrpcClientProtocolClient.java:onNext(255)) - client-A9DCF8B8BD5B->529edf8e-8eae-4246-b33f-5e44130d441c: receive RaftClientReply:client-A9DCF8B8BD5B->529edf8e-8eae-4246-b33f-5e44130d441c@group-A1CD1332DC7D, cid=1531, SUCCESS, logIndex=2153, commits[529edf8e-8eae-4246-b33f-5e44130d441c:c2153, 79bffca9-b028-4c53-a657-872ed973be73:c2151, 15654dff-55cd-4f70-96d8-4abf0c061563:c2149]
2019-07-09 15:04:28,253 INFO  client.GrpcClientProtocolClient (GrpcClientProtocolClient.java:onNext(255)) - client-A9DCF8B8BD5B->529edf8e-8eae-4246-b33f-5e44130d441c: receive RaftClientReply:client-A9DCF8B8BD5B->529edf8e-8eae-4246-b33f-5e44130d441c@group-A1CD1332DC7D, cid=1532, SUCCESS, logIndex=2154, commits[529edf8e-8eae-4246-b33f-5e44130d441c:c2155, 79bffca9-b028-4c53-a657-872ed973be73:c2151, 15654dff-55cd-4f70-96d8-4abf0c061563:c2149]
2019-07-09 15:04:28,254 INFO  client.GrpcClientProtocolClient (GrpcClientProtocolClient.java:onNext(255)) - client-A9DCF8B8BD5B->529edf8e-8eae-4246-b33f-5e44130d441c: receive RaftClientReply:client-A9DCF8B8BD5B->529edf8e-8eae-4246-b33f-5e44130d441c@group-A1CD1332DC7D, cid=1533, SUCCESS, logIndex=2155, commits[529edf8e-8eae-4246-b33f-5e44130d441c:c2155, 79bffca9-b028-4c53-a657-872ed973be73:c2151, 15654dff-55cd-4f70-96d8-4abf0c061563:c2151]
2019-07-09 15:04:28,258 INFO  client.GrpcClientProtocolClient (GrpcClientProtocolClient.java:onNext(255)) - client-A9DCF8B8BD5B->529edf8e-8eae-4246-b33f-5e44130d441c: receive RaftClientReply:client-A9DCF8B8BD5B->529edf8e-8eae-4246-b33f-5e44130d441c@group-A1CD1332DC7D, cid=1534, SUCCESS, logIndex=0, commits[529edf8e-8eae-4246-b33f-5e44130d441c:c2158, 79bffca9-b028-4c53-a657-872ed973be73:c2154, 15654dff-55cd-4f70-96d8-4abf0c061563:c2153]
2019-07-09 15:04:28,270 INFO  client.GrpcClientProtocolClient (GrpcClientProtocolClient.java:onNext(255)) - client-A9DCF8B8BD5B->529edf8e-8eae-4246-b33f-5e44130d441c: receive RaftClientReply:client-A9DCF8B8BD5B->529edf8e-8eae-4246-b33f-5e44130d441c@group-A1CD1332DC7D, cid=1535, SUCCESS, logIndex=2160, commits[529edf8e-8eae-4246-b33f-5e44130d441c:c2161, 79bffca9-b028-4c53-a657-872ed973be73:c2155, 15654dff-55cd-4f70-96d8-4abf0c061563:c2159]
2019-07-09 15:04:28,270 INFO  client.GrpcClientProtocolClient (GrpcClientProtocolClient.java:onNext(255)) - client-A9DCF8B8BD5B->529edf8e-8eae-4246-b33f-5e44130d441c: receive RaftClientReply:client-A9DCF8B8BD5B->529edf8e-8eae-4246-b33f-5e44130d441c@group-A1CD1332DC7D, cid=1536, SUCCESS, logIndex=2161, commits[529edf8e-8eae-4246-b33f-5e44130d441c:c2161, 79bffca9-b028-4c53-a657-872ed973be73:c2159, 15654dff-55cd-4f70-96d8-4abf0c061563:c2159]
2019-07-09 15:04:28,282 INFO  client.GrpcClientProtocolClient (GrpcClientProtocolClient.java:onNext(255)) - client-A9DCF8B8BD5B->529edf8e-8eae-4246-b33f-5e44130d441c: receive RaftClientReply:client-A9DCF8B8BD5B->529edf8e-8eae-4246-b33f-5e44130d441c@group-A1CD1332DC7D, cid=1537, SUCCESS, logIndex=2164, commits[529edf8e-8eae-4246-b33f-5e44130d441c:c2165, 79bffca9-b028-4c53-a657-872ed973be73:c2163, 15654dff-55cd-4f70-96d8-4abf0c061563:c2161]
2019-07-09 15:04:28,282 INFO  client.GrpcClientProtocolClient (GrpcClientProtocolClient.java:onNext(255)) - client-A9DCF8B8BD5B->529edf8e-8eae-4246-b33f-5e44130d441c: receive RaftClientReply:client-A9DCF8B8BD5B->529edf8e-8eae-4246-b33f-5e44130d441c@group-A1CD1332DC7D, cid=1538, SUCCESS, logIndex=2165, commits[529edf8e-8eae-4246-b33f-5e44130d441c:c2165, 79bffca9-b028-4c53-a657-872ed973be73:c2163, 15654dff-55cd-4f70-96d8-4abf0c061563:c2163]
2019-07-09 15:04:28,283 INFO  client.GrpcClientProtocolClient (GrpcClientProtocolClient.java:onNext(255)) - client-A9DCF8B8BD5B->529edf8e-8eae-4246-b33f-5e44130d441c: receive RaftClientReply:client-A9DCF8B8BD5B->529edf8e-8eae-4246-b33f-5e44130d441c@group-A1CD1332DC7D, cid=1539, SUCCESS, logIndex=0, commits[529edf8e-8eae-4246-b33f-5e44130d441c:c2166, 79bffca9-b028-4c53-a657-872ed973be73:c2165, 15654dff-55cd-4f70-96d8-4abf0c061563:c2165]
2019-07-09 15:04:28,406 INFO  client.GrpcClientProtocolClient (GrpcClientProtocolClient.java:onNext(255)) - client-A9DCF8B8BD5B->529edf8e-8eae-4246-b33f-5e44130d441c: receive RaftClientReply:client-A9DCF8B8BD5B->529edf8e-8eae-4246-b33f-5e44130d441c@group-A1CD1332DC7D, cid=1540, SUCCESS, logIndex=2168, commits[529edf8e-8eae-4246-b33f-5e44130d441c:c2169, 79bffca9-b028-4c53-a657-872ed973be73:c2165, 15654dff-55cd-4f70-96d8-4abf0c061563:c2167]
2019-07-09 15:04:28,407 INFO  client.GrpcClientProtocolClient (GrpcClientProtocolClient.java:onNext(255)) - client-A9DCF8B8BD5B->529edf8e-8eae-4246-b33f-5e44130d441c: receive RaftClientReply:client-A9DCF8B8BD5B->529edf8e-8eae-4246-b33f-5e44130d441c@group-A1CD1332DC7D, cid=1541, SUCCESS, logIndex=2169, commits[529edf8e-8eae-4246-b33f-5e44130d441c:c2169, 79bffca9-b028-4c53-a657-872ed973be73:c2165, 15654dff-55cd-4f70-96d8-4abf0c061563:c2167]
2019-07-09 15:04:28,428 INFO  client.GrpcClientProtocolClient (GrpcClientProtocolClient.java:onNext(255)) - client-A9DCF8B8BD5B->529edf8e-8eae-4246-b33f-5e44130d441c: receive RaftClientReply:client-A9DCF8B8BD5B->529edf8e-8eae-4246-b33f-5e44130d441c@group-A1CD1332DC7D, cid=1542, SUCCESS, logIndex=2170, commits[529edf8e-8eae-4246-b33f-5e44130d441c:c2171, 79bffca9-b028-4c53-a657-872ed973be73:c2167, 15654dff-55cd-4f70-96d8-4abf0c061563:c2167]
2019-07-09 15:04:28,429 INFO  client.GrpcClientProtocolClient (GrpcClientProtocolClient.java:onNext(255)) - client-A9DCF8B8BD5B->529edf8e-8eae-4246-b33f-5e44130d441c: receive RaftClientReply:client-A9DCF8B8BD5B->529edf8e-8eae-4246-b33f-5e44130d441c@group-A1CD1332DC7D, cid=1543, SUCCESS, logIndex=2171, commits[529edf8e-8eae-4246-b33f-5e44130d441c:c2173, 79bffca9-b028-4c53-a657-872ed973be73:c2169, 15654dff-55cd-4f70-96d8-4abf0c061563:c2167]
2019-07-09 15:04:28,430 INFO  client.GrpcClientProtocolClient (GrpcClientProtocolClient.java:onNext(255)) - client-A9DCF8B8BD5B->529edf8e-8eae-4246-b33f-5e44130d441c: receive RaftClientReply:client-A9DCF8B8BD5B->529edf8e-8eae-4246-b33f-5e44130d441c@group-A1CD1332DC7D, cid=1544, SUCCESS, logIndex=0, commits[529edf8e-8eae-4246-b33f-5e44130d441c:c2175, 79bffca9-b028-4c53-a657-872ed973be73:c2171, 15654dff-55cd-4f70-96d8-4abf0c061563:c2171]
2019-07-09 15:04:28,452 INFO  client.GrpcClientProtocolClient (GrpcClientProtocolClient.java:onNext(255)) - client-A9DCF8B8BD5B->529edf8e-8eae-4246-b33f-5e44130d441c: receive RaftClientReply:client-A9DCF8B8BD5B->529edf8e-8eae-4246-b33f-5e44130d441c@group-A1CD1332DC7D, cid=1545, SUCCESS, logIndex=2176, commits[529edf8e-8eae-4246-b33f-5e44130d441c:c2177, 79bffca9-b028-4c53-a657-872ed973be73:c2175, 15654dff-55cd-4f70-96d8-4abf0c061563:c2175]
2019-07-09 15:04:28,453 INFO  client.GrpcClientProtocolClient (GrpcClientProtocolClient.java:onNext(255)) - client-A9DCF8B8BD5B->529edf8e-8eae-4246-b33f-5e44130d441c: receive RaftClientReply:client-A9DCF8B8BD5B->529edf8e-8eae-4246-b33f-5e44130d441c@group-A1CD1332DC7D, cid=1546, SUCCESS, logIndex=2177, commits[529edf8e-8eae-4246-b33f-5e44130d441c:c2177, 79bffca9-b028-4c53-a657-872ed973be73:c2175, 15654dff-55cd-4f70-96d8-4abf0c061563:c2175]
2019-07-09 15:04:28,477 INFO  client.GrpcClientProtocolClient (GrpcClientProtocolClient.java:onNext(255)) - client-A9DCF8B8BD5B->529edf8e-8eae-4246-b33f-5e44130d441c: receive RaftClientReply:client-A9DCF8B8BD5B->529edf8e-8eae-4246-b33f-5e44130d441c@group-A1CD1332DC7D, cid=1547, SUCCESS, logIndex=2180, commits[529edf8e-8eae-4246-b33f-5e44130d441c:c2181, 79bffca9-b028-4c53-a657-872ed973be73:c2177, 15654dff-55cd-4f70-96d8-4abf0c061563:c2177]
2019-07-09 15:04:28,477 INFO  client.GrpcClientProtocolClient (GrpcClientProtocolClient.java:onNext(255)) - client-A9DCF8B8BD5B->529edf8e-8eae-4246-b33f-5e44130d441c: receive RaftClientReply:client-A9DCF8B8BD5B->529edf8e-8eae-4246-b33f-5e44130d441c@group-A1CD1332DC7D, cid=1548, SUCCESS, logIndex=2181, commits[529edf8e-8eae-4246-b33f-5e44130d441c:c2181, 79bffca9-b028-4c53-a657-872ed973be73:c2177, 15654dff-55cd-4f70-96d8-4abf0c061563:c2177]
2019-07-09 15:04:28,490 INFO  client.GrpcClientProtocolClient (GrpcClientProtocolClient.java:onNext(255)) - client-A9DCF8B8BD5B->529edf8e-8eae-4246-b33f-5e44130d441c: receive RaftClientReply:client-A9DCF8B8BD5B->529edf8e-8eae-4246-b33f-5e44130d441c@group-A1CD1332DC7D, cid=1549, SUCCESS, logIndex=0, commits[529edf8e-8eae-4246-b33f-5e44130d441c:c2182, 79bffca9-b028-4c53-a657-872ed973be73:c2181, 15654dff-55cd-4f70-96d8-4abf0c061563:c2181]
2019-07-09 15:04:28,521 INFO  client.GrpcClientProtocolClient (GrpcClientProtocolClient.java:onNext(255)) - client-A9DCF8B8BD5B->529edf8e-8eae-4246-b33f-5e44130d441c: receive RaftClientReply:client-A9DCF8B8BD5B->529edf8e-8eae-4246-b33f-5e44130d441c@group-A1CD1332DC7D, cid=1550, SUCCESS, logIndex=2184, commits[529edf8e-8eae-4246-b33f-5e44130d441c:c2185, 79bffca9-b028-4c53-a657-872ed973be73:c2183, 15654dff-55cd-4f70-96d8-4abf0c061563:c2183]
2019-07-09 15:04:28,521 INFO  client.GrpcClientProtocolClient (GrpcClientProtocolClient.java:onNext(255)) - client-A9DCF8B8BD5B->529edf8e-8eae-4246-b33f-5e44130d441c: receive RaftClientReply:client-A9DCF8B8BD5B->529edf8e-8eae-4246-b33f-5e44130d441c@group-A1CD1332DC7D, cid=1551, SUCCESS, logIndex=2185, commits[529edf8e-8eae-4246-b33f-5e44130d441c:c2187, 79bffca9-b028-4c53-a657-872ed973be73:c2183, 15654dff-55cd-4f70-96d8-4abf0c061563:c2183]
2019-07-09 15:04:28,522 INFO  client.GrpcClientProtocolClient (GrpcClientProtocolClient.java:onNext(255)) - client-A9DCF8B8BD5B->529edf8e-8eae-4246-b33f-5e44130d441c: receive RaftClientReply:client-A9DCF8B8BD5B->529edf8e-8eae-4246-b33f-5e44130d441c@group-A1CD1332DC7D, cid=1552, SUCCESS, logIndex=2186, commits[529edf8e-8eae-4246-b33f-5e44130d441c:c2187, 79bffca9-b028-4c53-a657-872ed973be73:c2183, 15654dff-55cd-4f70-96d8-4abf0c061563:c2183]
2019-07-09 15:04:28,522 INFO  client.GrpcClientProtocolClient (GrpcClientProtocolClient.java:onNext(255)) - client-A9DCF8B8BD5B->529edf8e-8eae-4246-b33f-5e44130d441c: receive RaftClientReply:client-A9DCF8B8BD5B->529edf8e-8eae-4246-b33f-5e44130d441c@group-A1CD1332DC7D, cid=1553, SUCCESS, logIndex=2187, commits[529edf8e-8eae-4246-b33f-5e44130d441c:c2187, 79bffca9-b028-4c53-a657-872ed973be73:c2183, 15654dff-55cd-4f70-96d8-4abf0c061563:c2183]
2019-07-09 15:04:28,536 INFO  client.GrpcClientProtocolClient (GrpcClientProtocolClient.java:onNext(255)) - client-A9DCF8B8BD5B->529edf8e-8eae-4246-b33f-5e44130d441c: receive RaftClientReply:client-A9DCF8B8BD5B->529edf8e-8eae-4246-b33f-5e44130d441c@group-A1CD1332DC7D, cid=1554, SUCCESS, logIndex=0, commits[529edf8e-8eae-4246-b33f-5e44130d441c:c2189, 79bffca9-b028-4c53-a657-872ed973be73:c2185, 15654dff-55cd-4f70-96d8-4abf0c061563:c2185]
2019-07-09 15:04:28,557 INFO  client.GrpcClientProtocolClient (GrpcClientProtocolClient.java:onNext(255)) - client-A9DCF8B8BD5B->529edf8e-8eae-4246-b33f-5e44130d441c: receive RaftClientReply:client-A9DCF8B8BD5B->529edf8e-8eae-4246-b33f-5e44130d441c@group-A1CD1332DC7D, cid=1555, SUCCESS, logIndex=2191, commits[529edf8e-8eae-4246-b33f-5e44130d441c:c2192, 79bffca9-b028-4c53-a657-872ed973be73:c2190, 15654dff-55cd-4f70-96d8-4abf0c061563:c2190]
2019-07-09 15:04:28,557 INFO  client.GrpcClientProtocolClient (GrpcClientProtocolClient.java:onNext(255)) - client-A9DCF8B8BD5B->529edf8e-8eae-4246-b33f-5e44130d441c: receive RaftClientReply:client-A9DCF8B8BD5B->529edf8e-8eae-4246-b33f-5e44130d441c@group-A1CD1332DC7D, cid=1556, SUCCESS, logIndex=2192, commits[529edf8e-8eae-4246-b33f-5e44130d441c:c2192, 79bffca9-b028-4c53-a657-872ed973be73:c2190, 15654dff-55cd-4f70-96d8-4abf0c061563:c2190]
2019-07-09 15:04:28,572 INFO  client.GrpcClientProtocolClient (GrpcClientProtocolClient.java:onNext(255)) - client-A9DCF8B8BD5B->529edf8e-8eae-4246-b33f-5e44130d441c: receive RaftClientReply:client-A9DCF8B8BD5B->529edf8e-8eae-4246-b33f-5e44130d441c@group-A1CD1332DC7D, cid=1557, SUCCESS, logIndex=2195, commits[529edf8e-8eae-4246-b33f-5e44130d441c:c2196, 79bffca9-b028-4c53-a657-872ed973be73:c2192, 15654dff-55cd-4f70-96d8-4abf0c061563:c2192]
2019-07-09 15:04:28,572 INFO  client.GrpcClientProtocolClient (GrpcClientProtocolClient.java:onNext(255)) - client-A9DCF8B8BD5B->529edf8e-8eae-4246-b33f-5e44130d441c: receive RaftClientReply:client-A9DCF8B8BD5B->529edf8e-8eae-4246-b33f-5e44130d441c@group-A1CD1332DC7D, cid=1558, SUCCESS, logIndex=2196, commits[529edf8e-8eae-4246-b33f-5e44130d441c:c2196, 79bffca9-b028-4c53-a657-872ed973be73:c2192, 15654dff-55cd-4f70-96d8-4abf0c061563:c2192]
2019-07-09 15:04:28,585 INFO  client.GrpcClientProtocolClient (GrpcClientProtocolClient.java:onNext(255)) - client-A9DCF8B8BD5B->529edf8e-8eae-4246-b33f-5e44130d441c: receive RaftClientReply:client-A9DCF8B8BD5B->529edf8e-8eae-4246-b33f-5e44130d441c@group-A1CD1332DC7D, cid=1559, SUCCESS, logIndex=0, commits[529edf8e-8eae-4246-b33f-5e44130d441c:c2198, 79bffca9-b028-4c53-a657-872ed973be73:c2196, 15654dff-55cd-4f70-96d8-4abf0c061563:c2196]
2019-07-09 15:04:28,614 INFO  client.GrpcClientProtocolClient (GrpcClientProtocolClient.java:onNext(255)) - client-A9DCF8B8BD5B->529edf8e-8eae-4246-b33f-5e44130d441c: receive RaftClientReply:client-A9DCF8B8BD5B->529edf8e-8eae-4246-b33f-5e44130d441c@group-A1CD1332DC7D, cid=1560, SUCCESS, logIndex=2199, commits[529edf8e-8eae-4246-b33f-5e44130d441c:c2200, 79bffca9-b028-4c53-a657-872ed973be73:c2198, 15654dff-55cd-4f70-96d8-4abf0c061563:c2198]
2019-07-09 15:04:28,615 INFO  client.GrpcClientProtocolClient (GrpcClientProtocolClient.java:onNext(255)) - client-A9DCF8B8BD5B->529edf8e-8eae-4246-b33f-5e44130d441c: receive RaftClientReply:client-A9DCF8B8BD5B->529edf8e-8eae-4246-b33f-5e44130d441c@group-A1CD1332DC7D, cid=1561, SUCCESS, logIndex=2200, commits[529edf8e-8eae-4246-b33f-5e44130d441c:c2202, 79bffca9-b028-4c53-a657-872ed973be73:c2198, 15654dff-55cd-4f70-96d8-4abf0c061563:c2198]
2019-07-09 15:04:28,615 INFO  client.GrpcClientProtocolClient (GrpcClientProtocolClient.java:onNext(255)) - client-A9DCF8B8BD5B->529edf8e-8eae-4246-b33f-5e44130d441c: receive RaftClientReply:client-A9DCF8B8BD5B->529edf8e-8eae-4246-b33f-5e44130d441c@group-A1CD1332DC7D, cid=1562, SUCCESS, logIndex=2201, commits[529edf8e-8eae-4246-b33f-5e44130d441c:c2202, 79bffca9-b028-4c53-a657-872ed973be73:c2198, 15654dff-55cd-4f70-96d8-4abf0c061563:c2198]
2019-07-09 15:04:28,615 INFO  client.GrpcClientProtocolClient (GrpcClientProtocolClient.java:onNext(255)) - client-A9DCF8B8BD5B->529edf8e-8eae-4246-b33f-5e44130d441c: receive RaftClientReply:client-A9DCF8B8BD5B->529edf8e-8eae-4246-b33f-5e44130d441c@group-A1CD1332DC7D, cid=1563, SUCCESS, logIndex=2202, commits[529edf8e-8eae-4246-b33f-5e44130d441c:c2202, 79bffca9-b028-4c53-a657-872ed973be73:c2198, 15654dff-55cd-4f70-96d8-4abf0c061563:c2198]
2019-07-09 15:04:28,626 INFO  client.GrpcClientProtocolClient (GrpcClientProtocolClient.java:onNext(255)) - client-A9DCF8B8BD5B->529edf8e-8eae-4246-b33f-5e44130d441c: receive RaftClientReply:client-A9DCF8B8BD5B->529edf8e-8eae-4246-b33f-5e44130d441c@group-A1CD1332DC7D, cid=1564, SUCCESS, logIndex=0, commits[529edf8e-8eae-4246-b33f-5e44130d441c:c2203, 79bffca9-b028-4c53-a657-872ed973be73:c2200, 15654dff-55cd-4f70-96d8-4abf0c061563:c2200]
2019-07-09 15:04:28,676 INFO  client.GrpcClientProtocolClient (GrpcClientProtocolClient.java:onNext(255)) - client-A9DCF8B8BD5B->529edf8e-8eae-4246-b33f-5e44130d441c: receive RaftClientReply:client-A9DCF8B8BD5B->529edf8e-8eae-4246-b33f-5e44130d441c@group-A1CD1332DC7D, cid=1565, SUCCESS, logIndex=2207, commits[529edf8e-8eae-4246-b33f-5e44130d441c:c2208, 79bffca9-b028-4c53-a657-872ed973be73:c2206, 15654dff-55cd-4f70-96d8-4abf0c061563:c2206]
2019-07-09 15:04:28,677 INFO  client.GrpcClientProtocolClient (GrpcClientProtocolClient.java:onNext(255)) - client-A9DCF8B8BD5B->529edf8e-8eae-4246-b33f-5e44130d441c: receive RaftClientReply:client-A9DCF8B8BD5B->529edf8e-8eae-4246-b33f-5e44130d441c@group-A1CD1332DC7D, cid=1566, SUCCESS, logIndex=2208, commits[529edf8e-8eae-4246-b33f-5e44130d441c:c2208, 79bffca9-b028-4c53-a657-872ed973be73:c2206, 15654dff-55cd-4f70-96d8-4abf0c061563:c2206]
2019-07-09 15:04:28,702 INFO  client.GrpcClientProtocolClient (GrpcClientProtocolClient.java:onNext(255)) - client-A9DCF8B8BD5B->529edf8e-8eae-4246-b33f-5e44130d441c: receive RaftClientReply:client-A9DCF8B8BD5B->529edf8e-8eae-4246-b33f-5e44130d441c@group-A1CD1332DC7D, cid=1567, SUCCESS, logIndex=2211, commits[529edf8e-8eae-4246-b33f-5e44130d441c:c2212, 79bffca9-b028-4c53-a657-872ed973be73:c2208, 15654dff-55cd-4f70-96d8-4abf0c061563:c2208]
2019-07-09 15:04:28,702 INFO  client.GrpcClientProtocolClient (GrpcClientProtocolClient.java:onNext(255)) - client-A9DCF8B8BD5B->529edf8e-8eae-4246-b33f-5e44130d441c: receive RaftClientReply:client-A9DCF8B8BD5B->529edf8e-8eae-4246-b33f-5e44130d441c@group-A1CD1332DC7D, cid=1568, SUCCESS, logIndex=2212, commits[529edf8e-8eae-4246-b33f-5e44130d441c:c2212, 79bffca9-b028-4c53-a657-872ed973be73:c2208, 15654dff-55cd-4f70-96d8-4abf0c061563:c2208]
2019-07-09 15:04:28,714 INFO  client.GrpcClientProtocolClient (GrpcClientProtocolClient.java:onNext(255)) - client-A9DCF8B8BD5B->529edf8e-8eae-4246-b33f-5e44130d441c: receive RaftClientReply:client-A9DCF8B8BD5B->529edf8e-8eae-4246-b33f-5e44130d441c@group-A1CD1332DC7D, cid=1569, SUCCESS, logIndex=0, commits[529edf8e-8eae-4246-b33f-5e44130d441c:c2213, 79bffca9-b028-4c53-a657-872ed973be73:c2212, 15654dff-55cd-4f70-96d8-4abf0c061563:c2212]
2019-07-09 15:04:28,744 INFO  client.GrpcClientProtocolClient (GrpcClientProtocolClient.java:onNext(255)) - client-A9DCF8B8BD5B->529edf8e-8eae-4246-b33f-5e44130d441c: receive RaftClientReply:client-A9DCF8B8BD5B->529edf8e-8eae-4246-b33f-5e44130d441c@group-A1CD1332DC7D, cid=1570, SUCCESS, logIndex=2215, commits[529edf8e-8eae-4246-b33f-5e44130d441c:c2216, 79bffca9-b028-4c53-a657-872ed973be73:c2214, 15654dff-55cd-4f70-96d8-4abf0c061563:c2214]
2019-07-09 15:04:28,745 INFO  client.GrpcClientProtocolClient (GrpcClientProtocolClient.java:onNext(255)) - client-A9DCF8B8BD5B->529edf8e-8eae-4246-b33f-5e44130d441c: receive RaftClientReply:client-A9DCF8B8BD5B->529edf8e-8eae-4246-b33f-5e44130d441c@group-A1CD1332DC7D, cid=1571, SUCCESS, logIndex=2216, commits[529edf8e-8eae-4246-b33f-5e44130d441c:c2216, 79bffca9-b028-4c53-a657-872ed973be73:c2214, 15654dff-55cd-4f70-96d8-4abf0c061563:c2214]
2019-07-09 15:04:28,746 INFO  client.GrpcClientProtocolClient (GrpcClientProtocolClient.java:onNext(255)) - client-A9DCF8B8BD5B->529edf8e-8eae-4246-b33f-5e44130d441c: receive RaftClientReply:client-A9DCF8B8BD5B->529edf8e-8eae-4246-b33f-5e44130d441c@group-A1CD1332DC7D, cid=1572, SUCCESS, logIndex=2217, commits[529edf8e-8eae-4246-b33f-5e44130d441c:c2217, 79bffca9-b028-4c53-a657-872ed973be73:c2214, 15654dff-55cd-4f70-96d8-4abf0c061563:c2214]
2019-07-09 15:04:28,746 INFO  client.GrpcClientProtocolClient (GrpcClientProtocolClient.java:onNext(255)) - client-A9DCF8B8BD5B->529edf8e-8eae-4246-b33f-5e44130d441c: receive RaftClientReply:client-A9DCF8B8BD5B->529edf8e-8eae-4246-b33f-5e44130d441c@group-A1CD1332DC7D, cid=1573, SUCCESS, logIndex=2218, commits[529edf8e-8eae-4246-b33f-5e44130d441c:c2218, 79bffca9-b028-4c53-a657-872ed973be73:c2214, 15654dff-55cd-4f70-96d8-4abf0c061563:c2214]
2019-07-09 15:04:28,758 INFO  client.GrpcClientProtocolClient (GrpcClientProtocolClient.java:onNext(255)) - client-A9DCF8B8BD5B->529edf8e-8eae-4246-b33f-5e44130d441c: receive RaftClientReply:client-A9DCF8B8BD5B->529edf8e-8eae-4246-b33f-5e44130d441c@group-A1CD1332DC7D, cid=1574, SUCCESS, logIndex=0, commits[529edf8e-8eae-4246-b33f-5e44130d441c:c2220, 79bffca9-b028-4c53-a657-872ed973be73:c2216, 15654dff-55cd-4f70-96d8-4abf0c061563:c2216]
2019-07-09 15:04:28,780 INFO  client.GrpcClientProtocolClient (GrpcClientProtocolClient.java:onNext(255)) - client-A9DCF8B8BD5B->529edf8e-8eae-4246-b33f-5e44130d441c: receive RaftClientReply:client-A9DCF8B8BD5B->529edf8e-8eae-4246-b33f-5e44130d441c@group-A1CD1332DC7D, cid=1575, SUCCESS, logIndex=2223, commits[529edf8e-8eae-4246-b33f-5e44130d441c:c2224, 79bffca9-b028-4c53-a657-872ed973be73:c2222, 15654dff-55cd-4f70-96d8-4abf0c061563:c2222]
2019-07-09 15:04:28,780 INFO  client.GrpcClientProtocolClient (GrpcClientProtocolClient.java:onNext(255)) - client-A9DCF8B8BD5B->529edf8e-8eae-4246-b33f-5e44130d441c: receive RaftClientReply:client-A9DCF8B8BD5B->529edf8e-8eae-4246-b33f-5e44130d441c@group-A1CD1332DC7D, cid=1576, SUCCESS, logIndex=2224, commits[529edf8e-8eae-4246-b33f-5e44130d441c:c2224, 79bffca9-b028-4c53-a657-872ed973be73:c2222, 15654dff-55cd-4f70-96d8-4abf0c061563:c2222]
2019-07-09 15:04:28,805 INFO  client.GrpcClientProtocolClient (GrpcClientProtocolClient.java:onNext(255)) - client-A9DCF8B8BD5B->529edf8e-8eae-4246-b33f-5e44130d441c: receive RaftClientReply:client-A9DCF8B8BD5B->529edf8e-8eae-4246-b33f-5e44130d441c@group-A1CD1332DC7D, cid=1577, SUCCESS, logIndex=2227, commits[529edf8e-8eae-4246-b33f-5e44130d441c:c2228, 79bffca9-b028-4c53-a657-872ed973be73:c2224, 15654dff-55cd-4f70-96d8-4abf0c061563:c2224]
2019-07-09 15:04:28,805 INFO  client.GrpcClientProtocolClient (GrpcClientProtocolClient.java:onNext(255)) - client-A9DCF8B8BD5B->529edf8e-8eae-4246-b33f-5e44130d441c: receive RaftClientReply:client-A9DCF8B8BD5B->529edf8e-8eae-4246-b33f-5e44130d441c@group-A1CD1332DC7D, cid=1578, SUCCESS, logIndex=2228, commits[529edf8e-8eae-4246-b33f-5e44130d441c:c2228, 79bffca9-b028-4c53-a657-872ed973be73:c2224, 15654dff-55cd-4f70-96d8-4abf0c061563:c2224]
2019-07-09 15:04:28,818 INFO  client.GrpcClientProtocolClient (GrpcClientProtocolClient.java:onNext(255)) - client-A9DCF8B8BD5B->529edf8e-8eae-4246-b33f-5e44130d441c: receive RaftClientReply:client-A9DCF8B8BD5B->529edf8e-8eae-4246-b33f-5e44130d441c@group-A1CD1332DC7D, cid=1579, SUCCESS, logIndex=0, commits[529edf8e-8eae-4246-b33f-5e44130d441c:c2230, 79bffca9-b028-4c53-a657-872ed973be73:c2228, 15654dff-55cd-4f70-96d8-4abf0c061563:c2228]
2019-07-09 15:04:28,847 INFO  client.GrpcClientProtocolClient (GrpcClientProtocolClient.java:onNext(255)) - client-A9DCF8B8BD5B->529edf8e-8eae-4246-b33f-5e44130d441c: receive RaftClientReply:client-A9DCF8B8BD5B->529edf8e-8eae-4246-b33f-5e44130d441c@group-A1CD1332DC7D, cid=1580, SUCCESS, logIndex=2231, commits[529edf8e-8eae-4246-b33f-5e44130d441c:c2232, 79bffca9-b028-4c53-a657-872ed973be73:c2230, 15654dff-55cd-4f70-96d8-4abf0c061563:c2230]
2019-07-09 15:04:28,847 INFO  client.GrpcClientProtocolClient (GrpcClientProtocolClient.java:onNext(255)) - client-A9DCF8B8BD5B->529edf8e-8eae-4246-b33f-5e44130d441c: receive RaftClientReply:client-A9DCF8B8BD5B->529edf8e-8eae-4246-b33f-5e44130d441c@group-A1CD1332DC7D, cid=1581, SUCCESS, logIndex=2232, commits[529edf8e-8eae-4246-b33f-5e44130d441c:c2232, 79bffca9-b028-4c53-a657-872ed973be73:c2230, 15654dff-55cd-4f70-96d8-4abf0c061563:c2230]
2019-07-09 15:04:28,860 INFO  client.GrpcClientProtocolClient (GrpcClientProtocolClient.java:onNext(255)) - client-A9DCF8B8BD5B->529edf8e-8eae-4246-b33f-5e44130d441c: receive RaftClientReply:client-A9DCF8B8BD5B->529edf8e-8eae-4246-b33f-5e44130d441c@group-A1CD1332DC7D, cid=1582, SUCCESS, logIndex=2233, commits[529edf8e-8eae-4246-b33f-5e44130d441c:c2234, 79bffca9-b028-4c53-a657-872ed973be73:c2230, 15654dff-55cd-4f70-96d8-4abf0c061563:c2230]
2019-07-09 15:04:28,861 INFO  client.GrpcClientProtocolClient (GrpcClientProtocolClient.java:onNext(255)) - client-A9DCF8B8BD5B->529edf8e-8eae-4246-b33f-5e44130d441c: receive RaftClientReply:client-A9DCF8B8BD5B->529edf8e-8eae-4246-b33f-5e44130d441c@group-A1CD1332DC7D, cid=1583, SUCCESS, logIndex=2234, commits[529edf8e-8eae-4246-b33f-5e44130d441c:c2234, 79bffca9-b028-4c53-a657-872ed973be73:c2230, 15654dff-55cd-4f70-96d8-4abf0c061563:c2230]
2019-07-09 15:04:28,863 INFO  client.GrpcClientProtocolClient (GrpcClientProtocolClient.java:onNext(255)) - client-A9DCF8B8BD5B->529edf8e-8eae-4246-b33f-5e44130d441c: receive RaftClientReply:client-A9DCF8B8BD5B->529edf8e-8eae-4246-b33f-5e44130d441c@group-A1CD1332DC7D, cid=1584, SUCCESS, logIndex=0, commits[529edf8e-8eae-4246-b33f-5e44130d441c:c2236, 79bffca9-b028-4c53-a657-872ed973be73:c2232, 15654dff-55cd-4f70-96d8-4abf0c061563:c2232]
2019-07-09 15:04:28,874 INFO  client.GrpcClientProtocolClient (GrpcClientProtocolClient.java:onNext(255)) - client-A9DCF8B8BD5B->529edf8e-8eae-4246-b33f-5e44130d441c: receive RaftClientReply:client-A9DCF8B8BD5B->529edf8e-8eae-4246-b33f-5e44130d441c@group-A1CD1332DC7D, cid=1585, SUCCESS, logIndex=2239, commits[529edf8e-8eae-4246-b33f-5e44130d441c:c2240, 79bffca9-b028-4c53-a657-872ed973be73:c2234, 15654dff-55cd-4f70-96d8-4abf0c061563:c2238]
2019-07-09 15:04:28,875 INFO  client.GrpcClientProtocolClient (GrpcClientProtocolClient.java:onNext(255)) - client-A9DCF8B8BD5B->529edf8e-8eae-4246-b33f-5e44130d441c: receive RaftClientReply:client-A9DCF8B8BD5B->529edf8e-8eae-4246-b33f-5e44130d441c@group-A1CD1332DC7D, cid=1586, SUCCESS, logIndex=2240, commits[529edf8e-8eae-4246-b33f-5e44130d441c:c2240, 79bffca9-b028-4c53-a657-872ed973be73:c2238, 15654dff-55cd-4f70-96d8-4abf0c061563:c2238]
2019-07-09 15:04:28,886 INFO  client.GrpcClientProtocolClient (GrpcClientProtocolClient.java:onNext(255)) - client-A9DCF8B8BD5B->529edf8e-8eae-4246-b33f-5e44130d441c: receive RaftClientReply:client-A9DCF8B8BD5B->529edf8e-8eae-4246-b33f-5e44130d441c@group-A1CD1332DC7D, cid=1587, SUCCESS, logIndex=2243, commits[529edf8e-8eae-4246-b33f-5e44130d441c:c2244, 79bffca9-b028-4c53-a657-872ed973be73:c2242, 15654dff-55cd-4f70-96d8-4abf0c061563:c2242]
2019-07-09 15:04:28,886 INFO  client.GrpcClientProtocolClient (GrpcClientProtocolClient.java:onNext(255)) - client-A9DCF8B8BD5B->529edf8e-8eae-4246-b33f-5e44130d441c: receive RaftClientReply:client-A9DCF8B8BD5B->529edf8e-8eae-4246-b33f-5e44130d441c@group-A1CD1332DC7D, cid=1588, SUCCESS, logIndex=2244, commits[529edf8e-8eae-4246-b33f-5e44130d441c:c2244, 79bffca9-b028-4c53-a657-872ed973be73:c2242, 15654dff-55cd-4f70-96d8-4abf0c061563:c2242]
2019-07-09 15:04:28,889 INFO  client.GrpcClientProtocolClient (GrpcClientProtocolClient.java:onNext(255)) - client-A9DCF8B8BD5B->529edf8e-8eae-4246-b33f-5e44130d441c: receive RaftClientReply:client-A9DCF8B8BD5B->529edf8e-8eae-4246-b33f-5e44130d441c@group-A1CD1332DC7D, cid=1589, SUCCESS, logIndex=0, commits[529edf8e-8eae-4246-b33f-5e44130d441c:c2245, 79bffca9-b028-4c53-a657-872ed973be73:c2244, 15654dff-55cd-4f70-96d8-4abf0c061563:c2244]
 0.00% |█                                                                                                    |  0/1 Time: 0:00:112019-07-09 15:04:28,917 INFO  client.GrpcClientProtocolClient (GrpcClientProtocolClient.java:onNext(255)) - client-A9DCF8B8BD5B->529edf8e-8eae-4246-b33f-5e44130d441c: receive RaftClientReply:client-A9DCF8B8BD5B->529edf8e-8eae-4246-b33f-5e44130d441c@group-A1CD1332DC7D, cid=1590, SUCCESS, logIndex=2247, commits[529edf8e-8eae-4246-b33f-5e44130d441c:c2248, 79bffca9-b028-4c53-a657-872ed973be73:c2246, 15654dff-55cd-4f70-96d8-4abf0c061563:c2246]
2019-07-09 15:04:28,918 INFO  client.GrpcClientProtocolClient (GrpcClientProtocolClient.java:onNext(255)) - client-A9DCF8B8BD5B->529edf8e-8eae-4246-b33f-5e44130d441c: receive RaftClientReply:client-A9DCF8B8BD5B->529edf8e-8eae-4246-b33f-5e44130d441c@group-A1CD1332DC7D, cid=1591, SUCCESS, logIndex=2248, commits[529edf8e-8eae-4246-b33f-5e44130d441c:c2248, 79bffca9-b028-4c53-a657-872ed973be73:c2246, 15654dff-55cd-4f70-96d8-4abf0c061563:c2246]
2019-07-09 15:04:28,918 INFO  client.GrpcClientProtocolClient (GrpcClientProtocolClient.java:onNext(255)) - client-A9DCF8B8BD5B->529edf8e-8eae-4246-b33f-5e44130d441c: receive RaftClientReply:client-A9DCF8B8BD5B->529edf8e-8eae-4246-b33f-5e44130d441c@group-A1CD1332DC7D, cid=1592, SUCCESS, logIndex=2249, commits[529edf8e-8eae-4246-b33f-5e44130d441c:c2250, 79bffca9-b028-4c53-a657-872ed973be73:c2246, 15654dff-55cd-4f70-96d8-4abf0c061563:c2246]
2019-07-09 15:04:28,919 INFO  client.GrpcClientProtocolClient (GrpcClientProtocolClient.java:onNext(255)) - client-A9DCF8B8BD5B->529edf8e-8eae-4246-b33f-5e44130d441c: receive RaftClientReply:client-A9DCF8B8BD5B->529edf8e-8eae-4246-b33f-5e44130d441c@group-A1CD1332DC7D, cid=1593, SUCCESS, logIndex=2250, commits[529edf8e-8eae-4246-b33f-5e44130d441c:c2250, 79bffca9-b028-4c53-a657-872ed973be73:c2246, 15654dff-55cd-4f70-96d8-4abf0c061563:c2246]
2019-07-09 15:04:28,929 INFO  client.GrpcClientProtocolClient (GrpcClientProtocolClient.java:onNext(255)) - client-A9DCF8B8BD5B->529edf8e-8eae-4246-b33f-5e44130d441c: receive RaftClientReply:client-A9DCF8B8BD5B->529edf8e-8eae-4246-b33f-5e44130d441c@group-A1CD1332DC7D, cid=1594, SUCCESS, logIndex=0, commits[529edf8e-8eae-4246-b33f-5e44130d441c:c2252, 79bffca9-b028-4c53-a657-872ed973be73:c2248, 15654dff-55cd-4f70-96d8-4abf0c061563:c2248]
2019-07-09 15:04:28,947 INFO  client.GrpcClientProtocolClient (GrpcClientProtocolClient.java:onNext(255)) - client-A9DCF8B8BD5B->529edf8e-8eae-4246-b33f-5e44130d441c: receive RaftClientReply:client-A9DCF8B8BD5B->529edf8e-8eae-4246-b33f-5e44130d441c@group-A1CD1332DC7D, cid=1595, SUCCESS, logIndex=2255, commits[529edf8e-8eae-4246-b33f-5e44130d441c:c2256, 79bffca9-b028-4c53-a657-872ed973be73:c2254, 15654dff-55cd-4f70-96d8-4abf0c061563:c2254]
2019-07-09 15:04:28,948 INFO  client.GrpcClientProtocolClient (GrpcClientProtocolClient.java:onNext(255)) - client-A9DCF8B8BD5B->529edf8e-8eae-4246-b33f-5e44130d441c: receive RaftClientReply:client-A9DCF8B8BD5B->529edf8e-8eae-4246-b33f-5e44130d441c@group-A1CD1332DC7D, cid=1596, SUCCESS, logIndex=2256, commits[529edf8e-8eae-4246-b33f-5e44130d441c:c2256, 79bffca9-b028-4c53-a657-872ed973be73:c2254, 15654dff-55cd-4f70-96d8-4abf0c061563:c2254]
2019-07-09 15:04:28,961 INFO  client.GrpcClientProtocolClient (GrpcClientProtocolClient.java:onNext(255)) - client-A9DCF8B8BD5B->529edf8e-8eae-4246-b33f-5e44130d441c: receive RaftClientReply:client-A9DCF8B8BD5B->529edf8e-8eae-4246-b33f-5e44130d441c@group-A1CD1332DC7D, cid=1597, SUCCESS, logIndex=2259, commits[529edf8e-8eae-4246-b33f-5e44130d441c:c2260, 79bffca9-b028-4c53-a657-872ed973be73:c2256, 15654dff-55cd-4f70-96d8-4abf0c061563:c2256]
2019-07-09 15:04:28,961 INFO  client.GrpcClientProtocolClient (GrpcClientProtocolClient.java:onNext(255)) - client-A9DCF8B8BD5B->529edf8e-8eae-4246-b33f-5e44130d441c: receive RaftClientReply:client-A9DCF8B8BD5B->529edf8e-8eae-4246-b33f-5e44130d441c@group-A1CD1332DC7D, cid=1598, SUCCESS, logIndex=2260, commits[529edf8e-8eae-4246-b33f-5e44130d441c:c2260, 79bffca9-b028-4c53-a657-872ed973be73:c2256, 15654dff-55cd-4f70-96d8-4abf0c061563:c2256]
2019-07-09 15:04:28,975 INFO  client.GrpcClientProtocolClient (GrpcClientProtocolClient.java:onNext(255)) - client-A9DCF8B8BD5B->529edf8e-8eae-4246-b33f-5e44130d441c: receive RaftClientReply:client-A9DCF8B8BD5B->529edf8e-8eae-4246-b33f-5e44130d441c@group-A1CD1332DC7D, cid=1599, SUCCESS, logIndex=0, commits[529edf8e-8eae-4246-b33f-5e44130d441c:c2262, 79bffca9-b028-4c53-a657-872ed973be73:c2260, 15654dff-55cd-4f70-96d8-4abf0c061563:c2260]
2019-07-09 15:04:28,999 INFO  client.GrpcClientProtocolClient (GrpcClientProtocolClient.java:onNext(255)) - client-A9DCF8B8BD5B->529edf8e-8eae-4246-b33f-5e44130d441c: receive RaftClientReply:client-A9DCF8B8BD5B->529edf8e-8eae-4246-b33f-5e44130d441c@group-A1CD1332DC7D, cid=1600, SUCCESS, logIndex=2263, commits[529edf8e-8eae-4246-b33f-5e44130d441c:c2264, 79bffca9-b028-4c53-a657-872ed973be73:c2262, 15654dff-55cd-4f70-96d8-4abf0c061563:c2262]
2019-07-09 15:04:29,000 INFO  client.GrpcClientProtocolClient (GrpcClientProtocolClient.java:onNext(255)) - client-A9DCF8B8BD5B->529edf8e-8eae-4246-b33f-5e44130d441c: receive RaftClientReply:client-A9DCF8B8BD5B->529edf8e-8eae-4246-b33f-5e44130d441c@group-A1CD1332DC7D, cid=1601, SUCCESS, logIndex=2264, commits[529edf8e-8eae-4246-b33f-5e44130d441c:c2264, 79bffca9-b028-4c53-a657-872ed973be73:c2262, 15654dff-55cd-4f70-96d8-4abf0c061563:c2262]
2019-07-09 15:04:29,000 INFO  client.GrpcClientProtocolClient (GrpcClientProtocolClient.java:onNext(255)) - client-A9DCF8B8BD5B->529edf8e-8eae-4246-b33f-5e44130d441c: receive RaftClientReply:client-A9DCF8B8BD5B->529edf8e-8eae-4246-b33f-5e44130d441c@group-A1CD1332DC7D, cid=1602, SUCCESS, logIndex=2265, commits[529edf8e-8eae-4246-b33f-5e44130d441c:c2266, 79bffca9-b028-4c53-a657-872ed973be73:c2262, 15654dff-55cd-4f70-96d8-4abf0c061563:c2262]
2019-07-09 15:04:29,001 INFO  client.GrpcClientProtocolClient (GrpcClientProtocolClient.java:onNext(255)) - client-A9DCF8B8BD5B->529edf8e-8eae-4246-b33f-5e44130d441c: receive RaftClientReply:client-A9DCF8B8BD5B->529edf8e-8eae-4246-b33f-5e44130d441c@group-A1CD1332DC7D, cid=1603, SUCCESS, logIndex=2266, commits[529edf8e-8eae-4246-b33f-5e44130d441c:c2266, 79bffca9-b028-4c53-a657-872ed973be73:c2262, 15654dff-55cd-4f70-96d8-4abf0c061563:c2262]
2019-07-09 15:04:29,003 INFO  client.GrpcClientProtocolClient (GrpcClientProtocolClient.java:onNext(255)) - client-A9DCF8B8BD5B->529edf8e-8eae-4246-b33f-5e44130d441c: receive RaftClientReply:client-A9DCF8B8BD5B->529edf8e-8eae-4246-b33f-5e44130d441c@group-A1CD1332DC7D, cid=1604, SUCCESS, logIndex=0, commits[529edf8e-8eae-4246-b33f-5e44130d441c:c2268, 79bffca9-b028-4c53-a657-872ed973be73:c2264, 15654dff-55cd-4f70-96d8-4abf0c061563:c2264]
2019-07-09 15:04:29,015 INFO  client.GrpcClientProtocolClient (GrpcClientProtocolClient.java:onNext(255)) - client-A9DCF8B8BD5B->529edf8e-8eae-4246-b33f-5e44130d441c: receive RaftClientReply:client-A9DCF8B8BD5B->529edf8e-8eae-4246-b33f-5e44130d441c@group-A1CD1332DC7D, cid=1605, SUCCESS, logIndex=2271, commits[529edf8e-8eae-4246-b33f-5e44130d441c:c2272, 79bffca9-b028-4c53-a657-872ed973be73:c2266, 15654dff-55cd-4f70-96d8-4abf0c061563:c2270]
2019-07-09 15:04:29,015 INFO  client.GrpcClientProtocolClient (GrpcClientProtocolClient.java:onNext(255)) - client-A9DCF8B8BD5B->529edf8e-8eae-4246-b33f-5e44130d441c: receive RaftClientReply:client-A9DCF8B8BD5B->529edf8e-8eae-4246-b33f-5e44130d441c@group-A1CD1332DC7D, cid=1606, SUCCESS, logIndex=2272, commits[529edf8e-8eae-4246-b33f-5e44130d441c:c2272, 79bffca9-b028-4c53-a657-872ed973be73:c2270, 15654dff-55cd-4f70-96d8-4abf0c061563:c2270]
2019-07-09 15:04:29,032 INFO  client.GrpcClientProtocolClient (GrpcClientProtocolClient.java:onNext(255)) - client-A9DCF8B8BD5B->529edf8e-8eae-4246-b33f-5e44130d441c: receive RaftClientReply:client-A9DCF8B8BD5B->529edf8e-8eae-4246-b33f-5e44130d441c@group-A1CD1332DC7D, cid=1607, SUCCESS, logIndex=2275, commits[529edf8e-8eae-4246-b33f-5e44130d441c:c2276, 79bffca9-b028-4c53-a657-872ed973be73:c2273, 15654dff-55cd-4f70-96d8-4abf0c061563:c2273]
2019-07-09 15:04:29,032 INFO  client.GrpcClientProtocolClient (GrpcClientProtocolClient.java:onNext(255)) - client-A9DCF8B8BD5B->529edf8e-8eae-4246-b33f-5e44130d441c: receive RaftClientReply:client-A9DCF8B8BD5B->529edf8e-8eae-4246-b33f-5e44130d441c@group-A1CD1332DC7D, cid=1608, SUCCESS, logIndex=2276, commits[529edf8e-8eae-4246-b33f-5e44130d441c:c2276, 79bffca9-b028-4c53-a657-872ed973be73:c2273, 15654dff-55cd-4f70-96d8-4abf0c061563:c2273]
2019-07-09 15:04:29,044 INFO  client.GrpcClientProtocolClient (GrpcClientProtocolClient.java:onNext(255)) - client-A9DCF8B8BD5B->529edf8e-8eae-4246-b33f-5e44130d441c: receive RaftClientReply:client-A9DCF8B8BD5B->529edf8e-8eae-4246-b33f-5e44130d441c@group-A1CD1332DC7D, cid=1609, SUCCESS, logIndex=0, commits[529edf8e-8eae-4246-b33f-5e44130d441c:c2277, 79bffca9-b028-4c53-a657-872ed973be73:c2276, 15654dff-55cd-4f70-96d8-4abf0c061563:c2276]
2019-07-09 15:04:29,180 INFO  client.GrpcClientProtocolClient (GrpcClientProtocolClient.java:onNext(255)) - client-A9DCF8B8BD5B->529edf8e-8eae-4246-b33f-5e44130d441c: receive RaftClientReply:client-A9DCF8B8BD5B->529edf8e-8eae-4246-b33f-5e44130d441c@group-A1CD1332DC7D, cid=1610, SUCCESS, logIndex=2279, commits[529edf8e-8eae-4246-b33f-5e44130d441c:c2280, 79bffca9-b028-4c53-a657-872ed973be73:c2278, 15654dff-55cd-4f70-96d8-4abf0c061563:c2278]
2019-07-09 15:04:29,180 INFO  client.GrpcClientProtocolClient (GrpcClientProtocolClient.java:onNext(255)) - client-A9DCF8B8BD5B->529edf8e-8eae-4246-b33f-5e44130d441c: receive RaftClientReply:client-A9DCF8B8BD5B->529edf8e-8eae-4246-b33f-5e44130d441c@group-A1CD1332DC7D, cid=1611, SUCCESS, logIndex=2280, commits[529edf8e-8eae-4246-b33f-5e44130d441c:c2281, 79bffca9-b028-4c53-a657-872ed973be73:c2278, 15654dff-55cd-4f70-96d8-4abf0c061563:c2278]
2019-07-09 15:04:29,181 INFO  client.GrpcClientProtocolClient (GrpcClientProtocolClient.java:onNext(255)) - client-A9DCF8B8BD5B->529edf8e-8eae-4246-b33f-5e44130d441c: receive RaftClientReply:client-A9DCF8B8BD5B->529edf8e-8eae-4246-b33f-5e44130d441c@group-A1CD1332DC7D, cid=1612, SUCCESS, logIndex=2281, commits[529edf8e-8eae-4246-b33f-5e44130d441c:c2282, 79bffca9-b028-4c53-a657-872ed973be73:c2278, 15654dff-55cd-4f70-96d8-4abf0c061563:c2278]
2019-07-09 15:04:29,181 INFO  client.GrpcClientProtocolClient (GrpcClientProtocolClient.java:onNext(255)) - client-A9DCF8B8BD5B->529edf8e-8eae-4246-b33f-5e44130d441c: receive RaftClientReply:client-A9DCF8B8BD5B->529edf8e-8eae-4246-b33f-5e44130d441c@group-A1CD1332DC7D, cid=1613, SUCCESS, logIndex=2282, commits[529edf8e-8eae-4246-b33f-5e44130d441c:c2282, 79bffca9-b028-4c53-a657-872ed973be73:c2278, 15654dff-55cd-4f70-96d8-4abf0c061563:c2278]
2019-07-09 15:04:29,194 INFO  client.GrpcClientProtocolClient (GrpcClientProtocolClient.java:onNext(255)) - client-A9DCF8B8BD5B->529edf8e-8eae-4246-b33f-5e44130d441c: receive RaftClientReply:client-A9DCF8B8BD5B->529edf8e-8eae-4246-b33f-5e44130d441c@group-A1CD1332DC7D, cid=1614, SUCCESS, logIndex=0, commits[529edf8e-8eae-4246-b33f-5e44130d441c:c2284, 79bffca9-b028-4c53-a657-872ed973be73:c2280, 15654dff-55cd-4f70-96d8-4abf0c061563:c2280]
2019-07-09 15:04:29,217 INFO  client.GrpcClientProtocolClient (GrpcClientProtocolClient.java:onNext(255)) - client-A9DCF8B8BD5B->529edf8e-8eae-4246-b33f-5e44130d441c: receive RaftClientReply:client-A9DCF8B8BD5B->529edf8e-8eae-4246-b33f-5e44130d441c@group-A1CD1332DC7D, cid=1615, SUCCESS, logIndex=2287, commits[529edf8e-8eae-4246-b33f-5e44130d441c:c2288, 79bffca9-b028-4c53-a657-872ed973be73:c2286, 15654dff-55cd-4f70-96d8-4abf0c061563:c2286]
2019-07-09 15:04:29,217 INFO  client.GrpcClientProtocolClient (GrpcClientProtocolClient.java:onNext(255)) - client-A9DCF8B8BD5B->529edf8e-8eae-4246-b33f-5e44130d441c: receive RaftClientReply:client-A9DCF8B8BD5B->529edf8e-8eae-4246-b33f-5e44130d441c@group-A1CD1332DC7D, cid=1616, SUCCESS, logIndex=2288, commits[529edf8e-8eae-4246-b33f-5e44130d441c:c2288, 79bffca9-b028-4c53-a657-872ed973be73:c2286, 15654dff-55cd-4f70-96d8-4abf0c061563:c2286]
2019-07-09 15:04:29,238 INFO  client.GrpcClientProtocolClient (GrpcClientProtocolClient.java:onNext(255)) - client-A9DCF8B8BD5B->529edf8e-8eae-4246-b33f-5e44130d441c: receive RaftClientReply:client-A9DCF8B8BD5B->529edf8e-8eae-4246-b33f-5e44130d441c@group-A1CD1332DC7D, cid=1617, SUCCESS, logIndex=2291, commits[529edf8e-8eae-4246-b33f-5e44130d441c:c2292, 79bffca9-b028-4c53-a657-872ed973be73:c2288, 15654dff-55cd-4f70-96d8-4abf0c061563:c2288]
2019-07-09 15:04:29,239 INFO  client.GrpcClientProtocolClient (GrpcClientProtocolClient.java:onNext(255)) - client-A9DCF8B8BD5B->529edf8e-8eae-4246-b33f-5e44130d441c: receive RaftClientReply:client-A9DCF8B8BD5B->529edf8e-8eae-4246-b33f-5e44130d441c@group-A1CD1332DC7D, cid=1618, SUCCESS, logIndex=2292, commits[529edf8e-8eae-4246-b33f-5e44130d441c:c2292, 79bffca9-b028-4c53-a657-872ed973be73:c2288, 15654dff-55cd-4f70-96d8-4abf0c061563:c2288]
2019-07-09 15:04:29,252 INFO  client.GrpcClientProtocolClient (GrpcClientProtocolClient.java:onNext(255)) - client-A9DCF8B8BD5B->529edf8e-8eae-4246-b33f-5e44130d441c: receive RaftClientReply:client-A9DCF8B8BD5B->529edf8e-8eae-4246-b33f-5e44130d441c@group-A1CD1332DC7D, cid=1619, SUCCESS, logIndex=0, commits[529edf8e-8eae-4246-b33f-5e44130d441c:c2294, 79bffca9-b028-4c53-a657-872ed973be73:c2292, 15654dff-55cd-4f70-96d8-4abf0c061563:c2292]
2019-07-09 15:04:29,279 INFO  client.GrpcClientProtocolClient (GrpcClientProtocolClient.java:onNext(255)) - client-A9DCF8B8BD5B->529edf8e-8eae-4246-b33f-5e44130d441c: receive RaftClientReply:client-A9DCF8B8BD5B->529edf8e-8eae-4246-b33f-5e44130d441c@group-A1CD1332DC7D, cid=1620, SUCCESS, logIndex=2295, commits[529edf8e-8eae-4246-b33f-5e44130d441c:c2296, 79bffca9-b028-4c53-a657-872ed973be73:c2294, 15654dff-55cd-4f70-96d8-4abf0c061563:c2294]
2019-07-09 15:04:29,280 INFO  client.GrpcClientProtocolClient (GrpcClientProtocolClient.java:onNext(255)) - client-A9DCF8B8BD5B->529edf8e-8eae-4246-b33f-5e44130d441c: receive RaftClientReply:client-A9DCF8B8BD5B->529edf8e-8eae-4246-b33f-5e44130d441c@group-A1CD1332DC7D, cid=1621, SUCCESS, logIndex=2296, commits[529edf8e-8eae-4246-b33f-5e44130d441c:c2298, 79bffca9-b028-4c53-a657-872ed973be73:c2294, 15654dff-55cd-4f70-96d8-4abf0c061563:c2294]
2019-07-09 15:04:29,280 INFO  client.GrpcClientProtocolClient (GrpcClientProtocolClient.java:onNext(255)) - client-A9DCF8B8BD5B->529edf8e-8eae-4246-b33f-5e44130d441c: receive RaftClientReply:client-A9DCF8B8BD5B->529edf8e-8eae-4246-b33f-5e44130d441c@group-A1CD1332DC7D, cid=1622, SUCCESS, logIndex=2297, commits[529edf8e-8eae-4246-b33f-5e44130d441c:c2298, 79bffca9-b028-4c53-a657-872ed973be73:c2294, 15654dff-55cd-4f70-96d8-4abf0c061563:c2294]
2019-07-09 15:04:29,280 INFO  client.GrpcClientProtocolClient (GrpcClientProtocolClient.java:onNext(255)) - client-A9DCF8B8BD5B->529edf8e-8eae-4246-b33f-5e44130d441c: receive RaftClientReply:client-A9DCF8B8BD5B->529edf8e-8eae-4246-b33f-5e44130d441c@group-A1CD1332DC7D, cid=1623, SUCCESS, logIndex=2298, commits[529edf8e-8eae-4246-b33f-5e44130d441c:c2298, 79bffca9-b028-4c53-a657-872ed973be73:c2294, 15654dff-55cd-4f70-96d8-4abf0c061563:c2294]
2019-07-09 15:04:29,293 INFO  client.GrpcClientProtocolClient (GrpcClientProtocolClient.java:onNext(255)) - client-A9DCF8B8BD5B->529edf8e-8eae-4246-b33f-5e44130d441c: receive RaftClientReply:client-A9DCF8B8BD5B->529edf8e-8eae-4246-b33f-5e44130d441c@group-A1CD1332DC7D, cid=1624, SUCCESS, logIndex=0, commits[529edf8e-8eae-4246-b33f-5e44130d441c:c2299, 79bffca9-b028-4c53-a657-872ed973be73:c2296, 15654dff-55cd-4f70-96d8-4abf0c061563:c2296]
2019-07-09 15:04:29,313 INFO  client.GrpcClientProtocolClient (GrpcClientProtocolClient.java:onNext(255)) - client-A9DCF8B8BD5B->529edf8e-8eae-4246-b33f-5e44130d441c: receive RaftClientReply:client-A9DCF8B8BD5B->529edf8e-8eae-4246-b33f-5e44130d441c@group-A1CD1332DC7D, cid=1625, SUCCESS, logIndex=2302, commits[529edf8e-8eae-4246-b33f-5e44130d441c:c2303, 79bffca9-b028-4c53-a657-872ed973be73:c2301, 15654dff-55cd-4f70-96d8-4abf0c061563:c2301]
2019-07-09 15:04:29,314 INFO  client.GrpcClientProtocolClient (GrpcClientProtocolClient.java:onNext(255)) - client-A9DCF8B8BD5B->529edf8e-8eae-4246-b33f-5e44130d441c: receive RaftClientReply:client-A9DCF8B8BD5B->529edf8e-8eae-4246-b33f-5e44130d441c@group-A1CD1332DC7D, cid=1626, SUCCESS, logIndex=2303, commits[529edf8e-8eae-4246-b33f-5e44130d441c:c2303, 79bffca9-b028-4c53-a657-872ed973be73:c2301, 15654dff-55cd-4f70-96d8-4abf0c061563:c2301]
2019-07-09 15:04:29,327 INFO  client.GrpcClientProtocolClient (GrpcClientProtocolClient.java:onNext(255)) - client-A9DCF8B8BD5B->529edf8e-8eae-4246-b33f-5e44130d441c: receive RaftClientReply:client-A9DCF8B8BD5B->529edf8e-8eae-4246-b33f-5e44130d441c@group-A1CD1332DC7D, cid=1627, SUCCESS, logIndex=2306, commits[529edf8e-8eae-4246-b33f-5e44130d441c:c2307, 79bffca9-b028-4c53-a657-872ed973be73:c2303, 15654dff-55cd-4f70-96d8-4abf0c061563:c2303]
2019-07-09 15:04:29,328 INFO  client.GrpcClientProtocolClient (GrpcClientProtocolClient.java:onNext(255)) - client-A9DCF8B8BD5B->529edf8e-8eae-4246-b33f-5e44130d441c: receive RaftClientReply:client-A9DCF8B8BD5B->529edf8e-8eae-4246-b33f-5e44130d441c@group-A1CD1332DC7D, cid=1628, SUCCESS, logIndex=2307, commits[529edf8e-8eae-4246-b33f-5e44130d441c:c2307, 79bffca9-b028-4c53-a657-872ed973be73:c2303, 15654dff-55cd-4f70-96d8-4abf0c061563:c2303]
2019-07-09 15:04:29,341 INFO  client.GrpcClientProtocolClient (GrpcClientProtocolClient.java:onNext(255)) - client-A9DCF8B8BD5B->529edf8e-8eae-4246-b33f-5e44130d441c: receive RaftClientReply:client-A9DCF8B8BD5B->529edf8e-8eae-4246-b33f-5e44130d441c@group-A1CD1332DC7D, cid=1629, SUCCESS, logIndex=0, commits[529edf8e-8eae-4246-b33f-5e44130d441c:c2309, 79bffca9-b028-4c53-a657-872ed973be73:c2307, 15654dff-55cd-4f70-96d8-4abf0c061563:c2307]
2019-07-09 15:04:29,370 INFO  client.GrpcClientProtocolClient (GrpcClientProtocolClient.java:onNext(255)) - client-A9DCF8B8BD5B->529edf8e-8eae-4246-b33f-5e44130d441c: receive RaftClientReply:client-A9DCF8B8BD5B->529edf8e-8eae-4246-b33f-5e44130d441c@group-A1CD1332DC7D, cid=1630, SUCCESS, logIndex=2310, commits[529edf8e-8eae-4246-b33f-5e44130d441c:c2311, 79bffca9-b028-4c53-a657-872ed973be73:c2309, 15654dff-55cd-4f70-96d8-4abf0c061563:c2309]
2019-07-09 15:04:29,370 INFO  client.GrpcClientProtocolClient (GrpcClientProtocolClient.java:onNext(255)) - client-A9DCF8B8BD5B->529edf8e-8eae-4246-b33f-5e44130d441c: receive RaftClientReply:client-A9DCF8B8BD5B->529edf8e-8eae-4246-b33f-5e44130d441c@group-A1CD1332DC7D, cid=1631, SUCCESS, logIndex=2311, commits[529edf8e-8eae-4246-b33f-5e44130d441c:c2311, 79bffca9-b028-4c53-a657-872ed973be73:c2309, 15654dff-55cd-4f70-96d8-4abf0c061563:c2309]
2019-07-09 15:04:29,381 INFO  client.GrpcClientProtocolClient (GrpcClientProtocolClient.java:onNext(255)) - client-A9DCF8B8BD5B->529edf8e-8eae-4246-b33f-5e44130d441c: receive RaftClientReply:client-A9DCF8B8BD5B->529edf8e-8eae-4246-b33f-5e44130d441c@group-A1CD1332DC7D, cid=1632, SUCCESS, logIndex=2312, commits[529edf8e-8eae-4246-b33f-5e44130d441c:c2313, 79bffca9-b028-4c53-a657-872ed973be73:c2309, 15654dff-55cd-4f70-96d8-4abf0c061563:c2309]
2019-07-09 15:04:29,382 INFO  client.GrpcClientProtocolClient (GrpcClientProtocolClient.java:onNext(255)) - client-A9DCF8B8BD5B->529edf8e-8eae-4246-b33f-5e44130d441c: receive RaftClientReply:client-A9DCF8B8BD5B->529edf8e-8eae-4246-b33f-5e44130d441c@group-A1CD1332DC7D, cid=1633, SUCCESS, logIndex=2313, commits[529edf8e-8eae-4246-b33f-5e44130d441c:c2313, 79bffca9-b028-4c53-a657-872ed973be73:c2309, 15654dff-55cd-4f70-96d8-4abf0c061563:c2309]
2019-07-09 15:04:29,384 INFO  client.GrpcClientProtocolClient (GrpcClientProtocolClient.java:onNext(255)) - client-A9DCF8B8BD5B->529edf8e-8eae-4246-b33f-5e44130d441c: receive RaftClientReply:client-A9DCF8B8BD5B->529edf8e-8eae-4246-b33f-5e44130d441c@group-A1CD1332DC7D, cid=1634, SUCCESS, logIndex=0, commits[529edf8e-8eae-4246-b33f-5e44130d441c:c2315, 79bffca9-b028-4c53-a657-872ed973be73:c2311, 15654dff-55cd-4f70-96d8-4abf0c061563:c2311]
2019-07-09 15:04:29,409 INFO  client.GrpcClientProtocolClient (GrpcClientProtocolClient.java:onNext(255)) - client-A9DCF8B8BD5B->529edf8e-8eae-4246-b33f-5e44130d441c: receive RaftClientReply:client-A9DCF8B8BD5B->529edf8e-8eae-4246-b33f-5e44130d441c@group-A1CD1332DC7D, cid=1635, SUCCESS, logIndex=2318, commits[529edf8e-8eae-4246-b33f-5e44130d441c:c2319, 79bffca9-b028-4c53-a657-872ed973be73:c2315, 15654dff-55cd-4f70-96d8-4abf0c061563:c2313]
2019-07-09 15:04:29,409 INFO  client.GrpcClientProtocolClient (GrpcClientProtocolClient.java:onNext(255)) - client-A9DCF8B8BD5B->529edf8e-8eae-4246-b33f-5e44130d441c: receive RaftClientReply:client-A9DCF8B8BD5B->529edf8e-8eae-4246-b33f-5e44130d441c@group-A1CD1332DC7D, cid=1636, SUCCESS, logIndex=2319, commits[529edf8e-8eae-4246-b33f-5e44130d441c:c2319, 79bffca9-b028-4c53-a657-872ed973be73:c2315, 15654dff-55cd-4f70-96d8-4abf0c061563:c2315]
2019-07-09 15:04:29,423 INFO  client.GrpcClientProtocolClient (GrpcClientProtocolClient.java:onNext(255)) - client-A9DCF8B8BD5B->529edf8e-8eae-4246-b33f-5e44130d441c: receive RaftClientReply:client-A9DCF8B8BD5B->529edf8e-8eae-4246-b33f-5e44130d441c@group-A1CD1332DC7D, cid=1637, SUCCESS, logIndex=2321, commits[529edf8e-8eae-4246-b33f-5e44130d441c:c2322, 79bffca9-b028-4c53-a657-872ed973be73:c2319, 15654dff-55cd-4f70-96d8-4abf0c061563:c2319]
2019-07-09 15:04:29,423 INFO  client.GrpcClientProtocolClient (GrpcClientProtocolClient.java:onNext(255)) - client-A9DCF8B8BD5B->529edf8e-8eae-4246-b33f-5e44130d441c: receive RaftClientReply:client-A9DCF8B8BD5B->529edf8e-8eae-4246-b33f-5e44130d441c@group-A1CD1332DC7D, cid=1638, SUCCESS, logIndex=2322, commits[529edf8e-8eae-4246-b33f-5e44130d441c:c2322, 79bffca9-b028-4c53-a657-872ed973be73:c2319, 15654dff-55cd-4f70-96d8-4abf0c061563:c2319]
2019-07-09 15:04:29,426 INFO  client.GrpcClientProtocolClient (GrpcClientProtocolClient.java:onNext(255)) - client-A9DCF8B8BD5B->529edf8e-8eae-4246-b33f-5e44130d441c: receive RaftClientReply:client-A9DCF8B8BD5B->529edf8e-8eae-4246-b33f-5e44130d441c@group-A1CD1332DC7D, cid=1639, SUCCESS, logIndex=0, commits[529edf8e-8eae-4246-b33f-5e44130d441c:c2324, 79bffca9-b028-4c53-a657-872ed973be73:c2322, 15654dff-55cd-4f70-96d8-4abf0c061563:c2322]
2019-07-09 15:04:29,454 INFO  client.GrpcClientProtocolClient (GrpcClientProtocolClient.java:onNext(255)) - client-A9DCF8B8BD5B->529edf8e-8eae-4246-b33f-5e44130d441c: receive RaftClientReply:client-A9DCF8B8BD5B->529edf8e-8eae-4246-b33f-5e44130d441c@group-A1CD1332DC7D, cid=1640, SUCCESS, logIndex=2325, commits[529edf8e-8eae-4246-b33f-5e44130d441c:c2326, 79bffca9-b028-4c53-a657-872ed973be73:c2324, 15654dff-55cd-4f70-96d8-4abf0c061563:c2324]
2019-07-09 15:04:29,454 INFO  client.GrpcClientProtocolClient (GrpcClientProtocolClient.java:onNext(255)) - client-A9DCF8B8BD5B->529edf8e-8eae-4246-b33f-5e44130d441c: receive RaftClientReply:client-A9DCF8B8BD5B->529edf8e-8eae-4246-b33f-5e44130d441c@group-A1CD1332DC7D, cid=1641, SUCCESS, logIndex=2326, commits[529edf8e-8eae-4246-b33f-5e44130d441c:c2326, 79bffca9-b028-4c53-a657-872ed973be73:c2324, 15654dff-55cd-4f70-96d8-4abf0c061563:c2324]
2019-07-09 15:04:29,455 INFO  client.GrpcClientProtocolClient (GrpcClientProtocolClient.java:onNext(255)) - client-A9DCF8B8BD5B->529edf8e-8eae-4246-b33f-5e44130d441c: receive RaftClientReply:client-A9DCF8B8BD5B->529edf8e-8eae-4246-b33f-5e44130d441c@group-A1CD1332DC7D, cid=1642, SUCCESS, logIndex=2327, commits[529edf8e-8eae-4246-b33f-5e44130d441c:c2328, 79bffca9-b028-4c53-a657-872ed973be73:c2324, 15654dff-55cd-4f70-96d8-4abf0c061563:c2324]
2019-07-09 15:04:29,455 INFO  client.GrpcClientProtocolClient (GrpcClientProtocolClient.java:onNext(255)) - client-A9DCF8B8BD5B->529edf8e-8eae-4246-b33f-5e44130d441c: receive RaftClientReply:client-A9DCF8B8BD5B->529edf8e-8eae-4246-b33f-5e44130d441c@group-A1CD1332DC7D, cid=1643, SUCCESS, logIndex=2328, commits[529edf8e-8eae-4246-b33f-5e44130d441c:c2328, 79bffca9-b028-4c53-a657-872ed973be73:c2324, 15654dff-55cd-4f70-96d8-4abf0c061563:c2324]
2019-07-09 15:04:29,456 INFO  client.GrpcClientProtocolClient (GrpcClientProtocolClient.java:onNext(255)) - client-A9DCF8B8BD5B->529edf8e-8eae-4246-b33f-5e44130d441c: receive RaftClientReply:client-A9DCF8B8BD5B->529edf8e-8eae-4246-b33f-5e44130d441c@group-A1CD1332DC7D, cid=1644, SUCCESS, logIndex=0, commits[529edf8e-8eae-4246-b33f-5e44130d441c:c2330, 79bffca9-b028-4c53-a657-872ed973be73:c2326, 15654dff-55cd-4f70-96d8-4abf0c061563:c2326]
2019-07-09 15:04:29,469 INFO  client.GrpcClientProtocolClient (GrpcClientProtocolClient.java:onNext(255)) - client-A9DCF8B8BD5B->529edf8e-8eae-4246-b33f-5e44130d441c: receive RaftClientReply:client-A9DCF8B8BD5B->529edf8e-8eae-4246-b33f-5e44130d441c@group-A1CD1332DC7D, cid=1645, SUCCESS, logIndex=2333, commits[529edf8e-8eae-4246-b33f-5e44130d441c:c2334, 79bffca9-b028-4c53-a657-872ed973be73:c2330, 15654dff-55cd-4f70-96d8-4abf0c061563:c2328]
2019-07-09 15:04:29,469 INFO  client.GrpcClientProtocolClient (GrpcClientProtocolClient.java:onNext(255)) - client-A9DCF8B8BD5B->529edf8e-8eae-4246-b33f-5e44130d441c: receive RaftClientReply:client-A9DCF8B8BD5B->529edf8e-8eae-4246-b33f-5e44130d441c@group-A1CD1332DC7D, cid=1646, SUCCESS, logIndex=2334, commits[529edf8e-8eae-4246-b33f-5e44130d441c:c2334, 79bffca9-b028-4c53-a657-872ed973be73:c2330, 15654dff-55cd-4f70-96d8-4abf0c061563:c2330]
2019-07-09 15:04:29,489 INFO  client.GrpcClientProtocolClient (GrpcClientProtocolClient.java:onNext(255)) - client-A9DCF8B8BD5B->529edf8e-8eae-4246-b33f-5e44130d441c: receive RaftClientReply:client-A9DCF8B8BD5B->529edf8e-8eae-4246-b33f-5e44130d441c@group-A1CD1332DC7D, cid=1647, SUCCESS, logIndex=2336, commits[529edf8e-8eae-4246-b33f-5e44130d441c:c2337, 79bffca9-b028-4c53-a657-872ed973be73:c2335, 15654dff-55cd-4f70-96d8-4abf0c061563:c2335]
2019-07-09 15:04:29,489 INFO  client.GrpcClientProtocolClient (GrpcClientProtocolClient.java:onNext(255)) - client-A9DCF8B8BD5B->529edf8e-8eae-4246-b33f-5e44130d441c: receive RaftClientReply:client-A9DCF8B8BD5B->529edf8e-8eae-4246-b33f-5e44130d441c@group-A1CD1332DC7D, cid=1648, SUCCESS, logIndex=2337, commits[529edf8e-8eae-4246-b33f-5e44130d441c:c2337, 79bffca9-b028-4c53-a657-872ed973be73:c2335, 15654dff-55cd-4f70-96d8-4abf0c061563:c2335]
2019-07-09 15:04:29,504 INFO  client.GrpcClientProtocolClient (GrpcClientProtocolClient.java:onNext(255)) - client-A9DCF8B8BD5B->529edf8e-8eae-4246-b33f-5e44130d441c: receive RaftClientReply:client-A9DCF8B8BD5B->529edf8e-8eae-4246-b33f-5e44130d441c@group-A1CD1332DC7D, cid=1649, SUCCESS, logIndex=0, commits[529edf8e-8eae-4246-b33f-5e44130d441c:c2339, 79bffca9-b028-4c53-a657-872ed973be73:c2337, 15654dff-55cd-4f70-96d8-4abf0c061563:c2337]
2019-07-09 15:04:29,530 INFO  client.GrpcClientProtocolClient (GrpcClientProtocolClient.java:onNext(255)) - client-A9DCF8B8BD5B->529edf8e-8eae-4246-b33f-5e44130d441c: receive RaftClientReply:client-A9DCF8B8BD5B->529edf8e-8eae-4246-b33f-5e44130d441c@group-A1CD1332DC7D, cid=1650, SUCCESS, logIndex=2340, commits[529edf8e-8eae-4246-b33f-5e44130d441c:c2341, 79bffca9-b028-4c53-a657-872ed973be73:c2339, 15654dff-55cd-4f70-96d8-4abf0c061563:c2339]
2019-07-09 15:04:29,531 INFO  client.GrpcClientProtocolClient (GrpcClientProtocolClient.java:onNext(255)) - client-A9DCF8B8BD5B->529edf8e-8eae-4246-b33f-5e44130d441c: receive RaftClientReply:client-A9DCF8B8BD5B->529edf8e-8eae-4246-b33f-5e44130d441c@group-A1CD1332DC7D, cid=1651, SUCCESS, logIndex=2341, commits[529edf8e-8eae-4246-b33f-5e44130d441c:c2341, 79bffca9-b028-4c53-a657-872ed973be73:c2339, 15654dff-55cd-4f70-96d8-4abf0c061563:c2339]
2019-07-09 15:04:29,533 INFO  client.GrpcClientProtocolClient (GrpcClientProtocolClient.java:onNext(255)) - client-A9DCF8B8BD5B->529edf8e-8eae-4246-b33f-5e44130d441c: receive RaftClientReply:client-A9DCF8B8BD5B->529edf8e-8eae-4246-b33f-5e44130d441c@group-A1CD1332DC7D, cid=1652, SUCCESS, logIndex=2342, commits[529edf8e-8eae-4246-b33f-5e44130d441c:c2343, 79bffca9-b028-4c53-a657-872ed973be73:c2339, 15654dff-55cd-4f70-96d8-4abf0c061563:c2339]
2019-07-09 15:04:29,533 INFO  client.GrpcClientProtocolClient (GrpcClientProtocolClient.java:onNext(255)) - client-A9DCF8B8BD5B->529edf8e-8eae-4246-b33f-5e44130d441c: receive RaftClientReply:client-A9DCF8B8BD5B->529edf8e-8eae-4246-b33f-5e44130d441c@group-A1CD1332DC7D, cid=1653, SUCCESS, logIndex=2343, commits[529edf8e-8eae-4246-b33f-5e44130d441c:c2343, 79bffca9-b028-4c53-a657-872ed973be73:c2339, 15654dff-55cd-4f70-96d8-4abf0c061563:c2339]
2019-07-09 15:04:29,544 INFO  client.GrpcClientProtocolClient (GrpcClientProtocolClient.java:onNext(255)) - client-A9DCF8B8BD5B->529edf8e-8eae-4246-b33f-5e44130d441c: receive RaftClientReply:client-A9DCF8B8BD5B->529edf8e-8eae-4246-b33f-5e44130d441c@group-A1CD1332DC7D, cid=1654, SUCCESS, logIndex=0, commits[529edf8e-8eae-4246-b33f-5e44130d441c:c2344, 79bffca9-b028-4c53-a657-872ed973be73:c2341, 15654dff-55cd-4f70-96d8-4abf0c061563:c2341]
2019-07-09 15:04:29,564 INFO  client.GrpcClientProtocolClient (GrpcClientProtocolClient.java:onNext(255)) - client-A9DCF8B8BD5B->529edf8e-8eae-4246-b33f-5e44130d441c: receive RaftClientReply:client-A9DCF8B8BD5B->529edf8e-8eae-4246-b33f-5e44130d441c@group-A1CD1332DC7D, cid=1655, SUCCESS, logIndex=2347, commits[529edf8e-8eae-4246-b33f-5e44130d441c:c2348, 79bffca9-b028-4c53-a657-872ed973be73:c2346, 15654dff-55cd-4f70-96d8-4abf0c061563:c2346]
2019-07-09 15:04:29,564 INFO  client.GrpcClientProtocolClient (GrpcClientProtocolClient.java:onNext(255)) - client-A9DCF8B8BD5B->529edf8e-8eae-4246-b33f-5e44130d441c: receive RaftClientReply:client-A9DCF8B8BD5B->529edf8e-8eae-4246-b33f-5e44130d441c@group-A1CD1332DC7D, cid=1656, SUCCESS, logIndex=2348, commits[529edf8e-8eae-4246-b33f-5e44130d441c:c2348, 79bffca9-b028-4c53-a657-872ed973be73:c2346, 15654dff-55cd-4f70-96d8-4abf0c061563:c2346]
2019-07-09 15:04:29,589 INFO  client.GrpcClientProtocolClient (GrpcClientProtocolClient.java:onNext(255)) - client-A9DCF8B8BD5B->529edf8e-8eae-4246-b33f-5e44130d441c: receive RaftClientReply:client-A9DCF8B8BD5B->529edf8e-8eae-4246-b33f-5e44130d441c@group-A1CD1332DC7D, cid=1657, SUCCESS, logIndex=2351, commits[529edf8e-8eae-4246-b33f-5e44130d441c:c2352, 79bffca9-b028-4c53-a657-872ed973be73:c2348, 15654dff-55cd-4f70-96d8-4abf0c061563:c2348]
2019-07-09 15:04:29,589 INFO  client.GrpcClientProtocolClient (GrpcClientProtocolClient.java:onNext(255)) - client-A9DCF8B8BD5B->529edf8e-8eae-4246-b33f-5e44130d441c: receive RaftClientReply:client-A9DCF8B8BD5B->529edf8e-8eae-4246-b33f-5e44130d441c@group-A1CD1332DC7D, cid=1658, SUCCESS, logIndex=2352, commits[529edf8e-8eae-4246-b33f-5e44130d441c:c2352, 79bffca9-b028-4c53-a657-872ed973be73:c2348, 15654dff-55cd-4f70-96d8-4abf0c061563:c2348]
2019-07-09 15:04:29,601 INFO  client.GrpcClientProtocolClient (GrpcClientProtocolClient.java:onNext(255)) - client-A9DCF8B8BD5B->529edf8e-8eae-4246-b33f-5e44130d441c: receive RaftClientReply:client-A9DCF8B8BD5B->529edf8e-8eae-4246-b33f-5e44130d441c@group-A1CD1332DC7D, cid=1659, SUCCESS, logIndex=0, commits[529edf8e-8eae-4246-b33f-5e44130d441c:c2354, 79bffca9-b028-4c53-a657-872ed973be73:c2352, 15654dff-55cd-4f70-96d8-4abf0c061563:c2352]
2019-07-09 15:04:29,633 INFO  client.GrpcClientProtocolClient (GrpcClientProtocolClient.java:onNext(255)) - client-A9DCF8B8BD5B->529edf8e-8eae-4246-b33f-5e44130d441c: receive RaftClientReply:client-A9DCF8B8BD5B->529edf8e-8eae-4246-b33f-5e44130d441c@group-A1CD1332DC7D, cid=1660, SUCCESS, logIndex=2355, commits[529edf8e-8eae-4246-b33f-5e44130d441c:c2356, 79bffca9-b028-4c53-a657-872ed973be73:c2354, 15654dff-55cd-4f70-96d8-4abf0c061563:c2354]
2019-07-09 15:04:29,633 INFO  client.GrpcClientProtocolClient (GrpcClientProtocolClient.java:onNext(255)) - client-A9DCF8B8BD5B->529edf8e-8eae-4246-b33f-5e44130d441c: receive RaftClientReply:client-A9DCF8B8BD5B->529edf8e-8eae-4246-b33f-5e44130d441c@group-A1CD1332DC7D, cid=1661, SUCCESS, logIndex=2356, commits[529edf8e-8eae-4246-b33f-5e44130d441c:c2356, 79bffca9-b028-4c53-a657-872ed973be73:c2354, 15654dff-55cd-4f70-96d8-4abf0c061563:c2354]
2019-07-09 15:04:29,643 INFO  client.GrpcClientProtocolClient (GrpcClientProtocolClient.java:onNext(255)) - client-A9DCF8B8BD5B->529edf8e-8eae-4246-b33f-5e44130d441c: receive RaftClientReply:client-A9DCF8B8BD5B->529edf8e-8eae-4246-b33f-5e44130d441c@group-A1CD1332DC7D, cid=1662, SUCCESS, logIndex=2357, commits[529edf8e-8eae-4246-b33f-5e44130d441c:c2358, 79bffca9-b028-4c53-a657-872ed973be73:c2354, 15654dff-55cd-4f70-96d8-4abf0c061563:c2354]
2019-07-09 15:04:29,643 INFO  client.GrpcClientProtocolClient (GrpcClientProtocolClient.java:onNext(255)) - client-A9DCF8B8BD5B->529edf8e-8eae-4246-b33f-5e44130d441c: receive RaftClientReply:client-A9DCF8B8BD5B->529edf8e-8eae-4246-b33f-5e44130d441c@group-A1CD1332DC7D, cid=1663, SUCCESS, logIndex=2358, commits[529edf8e-8eae-4246-b33f-5e44130d441c:c2358, 79bffca9-b028-4c53-a657-872ed973be73:c2354, 15654dff-55cd-4f70-96d8-4abf0c061563:c2354]
2019-07-09 15:04:29,656 INFO  client.GrpcClientProtocolClient (GrpcClientProtocolClient.java:onNext(255)) - client-A9DCF8B8BD5B->529edf8e-8eae-4246-b33f-5e44130d441c: receive RaftClientReply:client-A9DCF8B8BD5B->529edf8e-8eae-4246-b33f-5e44130d441c@group-A1CD1332DC7D, cid=1664, SUCCESS, logIndex=0, commits[529edf8e-8eae-4246-b33f-5e44130d441c:c2358, 79bffca9-b028-4c53-a657-872ed973be73:c2356, 15654dff-55cd-4f70-96d8-4abf0c061563:c2356]
2019-07-09 15:04:29,667 INFO  client.GrpcClientProtocolClient (GrpcClientProtocolClient.java:onNext(255)) - client-A9DCF8B8BD5B->529edf8e-8eae-4246-b33f-5e44130d441c: receive RaftClientReply:client-A9DCF8B8BD5B->529edf8e-8eae-4246-b33f-5e44130d441c@group-A1CD1332DC7D, cid=1665, SUCCESS, logIndex=2363, commits[529edf8e-8eae-4246-b33f-5e44130d441c:c2364, 79bffca9-b028-4c53-a657-872ed973be73:c2362, 15654dff-55cd-4f70-96d8-4abf0c061563:c2358]
2019-07-09 15:04:29,667 INFO  client.GrpcClientProtocolClient (GrpcClientProtocolClient.java:onNext(255)) - client-A9DCF8B8BD5B->529edf8e-8eae-4246-b33f-5e44130d441c: receive RaftClientReply:client-A9DCF8B8BD5B->529edf8e-8eae-4246-b33f-5e44130d441c@group-A1CD1332DC7D, cid=1666, SUCCESS, logIndex=2364, commits[529edf8e-8eae-4246-b33f-5e44130d441c:c2364, 79bffca9-b028-4c53-a657-872ed973be73:c2362, 15654dff-55cd-4f70-96d8-4abf0c061563:c2362]
2019-07-09 15:04:29,697 INFO  client.GrpcClientProtocolClient (GrpcClientProtocolClient.java:onNext(255)) - client-A9DCF8B8BD5B->529edf8e-8eae-4246-b33f-5e44130d441c: receive RaftClientReply:client-A9DCF8B8BD5B->529edf8e-8eae-4246-b33f-5e44130d441c@group-A1CD1332DC7D, cid=1667, SUCCESS, logIndex=2367, commits[529edf8e-8eae-4246-b33f-5e44130d441c:c2368, 79bffca9-b028-4c53-a657-872ed973be73:c2364, 15654dff-55cd-4f70-96d8-4abf0c061563:c2366]
2019-07-09 15:04:29,697 INFO  client.GrpcClientProtocolClient (GrpcClientProtocolClient.java:onNext(255)) - client-A9DCF8B8BD5B->529edf8e-8eae-4246-b33f-5e44130d441c: receive RaftClientReply:client-A9DCF8B8BD5B->529edf8e-8eae-4246-b33f-5e44130d441c@group-A1CD1332DC7D, cid=1668, SUCCESS, logIndex=2368, commits[529edf8e-8eae-4246-b33f-5e44130d441c:c2368, 79bffca9-b028-4c53-a657-872ed973be73:c2364, 15654dff-55cd-4f70-96d8-4abf0c061563:c2366]
2019-07-09 15:04:29,700 INFO  client.GrpcClientProtocolClient (GrpcClientProtocolClient.java:onNext(255)) - client-A9DCF8B8BD5B->529edf8e-8eae-4246-b33f-5e44130d441c: receive RaftClientReply:client-A9DCF8B8BD5B->529edf8e-8eae-4246-b33f-5e44130d441c@group-A1CD1332DC7D, cid=1669, SUCCESS, logIndex=0, commits[529edf8e-8eae-4246-b33f-5e44130d441c:c2369, 79bffca9-b028-4c53-a657-872ed973be73:c2368, 15654dff-55cd-4f70-96d8-4abf0c061563:c2368]
2019-07-09 15:04:29,744 INFO  client.GrpcClientProtocolClient (GrpcClientProtocolClient.java:onNext(255)) - client-A9DCF8B8BD5B->529edf8e-8eae-4246-b33f-5e44130d441c: receive RaftClientReply:client-A9DCF8B8BD5B->529edf8e-8eae-4246-b33f-5e44130d441c@group-A1CD1332DC7D, cid=1670, SUCCESS, logIndex=2371, commits[529edf8e-8eae-4246-b33f-5e44130d441c:c2372, 79bffca9-b028-4c53-a657-872ed973be73:c2370, 15654dff-55cd-4f70-96d8-4abf0c061563:c2370]
2019-07-09 15:04:29,744 INFO  client.GrpcClientProtocolClient (GrpcClientProtocolClient.java:onNext(255)) - client-A9DCF8B8BD5B->529edf8e-8eae-4246-b33f-5e44130d441c: receive RaftClientReply:client-A9DCF8B8BD5B->529edf8e-8eae-4246-b33f-5e44130d441c@group-A1CD1332DC7D, cid=1671, SUCCESS, logIndex=2372, commits[529edf8e-8eae-4246-b33f-5e44130d441c:c2372, 79bffca9-b028-4c53-a657-872ed973be73:c2370, 15654dff-55cd-4f70-96d8-4abf0c061563:c2370]
2019-07-09 15:04:29,757 INFO  client.GrpcClientProtocolClient (GrpcClientProtocolClient.java:onNext(255)) - client-A9DCF8B8BD5B->529edf8e-8eae-4246-b33f-5e44130d441c: receive RaftClientReply:client-A9DCF8B8BD5B->529edf8e-8eae-4246-b33f-5e44130d441c@group-A1CD1332DC7D, cid=1672, SUCCESS, logIndex=2373, commits[529edf8e-8eae-4246-b33f-5e44130d441c:c2374, 79bffca9-b028-4c53-a657-872ed973be73:c2370, 15654dff-55cd-4f70-96d8-4abf0c061563:c2370]
2019-07-09 15:04:29,757 INFO  client.GrpcClientProtocolClient (GrpcClientProtocolClient.java:onNext(255)) - client-A9DCF8B8BD5B->529edf8e-8eae-4246-b33f-5e44130d441c: receive RaftClientReply:client-A9DCF8B8BD5B->529edf8e-8eae-4246-b33f-5e44130d441c@group-A1CD1332DC7D, cid=1673, SUCCESS, logIndex=2374, commits[529edf8e-8eae-4246-b33f-5e44130d441c:c2374, 79bffca9-b028-4c53-a657-872ed973be73:c2370, 15654dff-55cd-4f70-96d8-4abf0c061563:c2370]
2019-07-09 15:04:29,759 INFO  client.GrpcClientProtocolClient (GrpcClientProtocolClient.java:onNext(255)) - client-A9DCF8B8BD5B->529edf8e-8eae-4246-b33f-5e44130d441c: receive RaftClientReply:client-A9DCF8B8BD5B->529edf8e-8eae-4246-b33f-5e44130d441c@group-A1CD1332DC7D, cid=1674, SUCCESS, logIndex=0, commits[529edf8e-8eae-4246-b33f-5e44130d441c:c2376, 79bffca9-b028-4c53-a657-872ed973be73:c2372, 15654dff-55cd-4f70-96d8-4abf0c061563:c2372]
2019-07-09 15:04:29,772 INFO  client.GrpcClientProtocolClient (GrpcClientProtocolClient.java:onNext(255)) - client-A9DCF8B8BD5B->529edf8e-8eae-4246-b33f-5e44130d441c: receive RaftClientReply:client-A9DCF8B8BD5B->529edf8e-8eae-4246-b33f-5e44130d441c@group-A1CD1332DC7D, cid=1675, SUCCESS, logIndex=2379, commits[529edf8e-8eae-4246-b33f-5e44130d441c:c2380, 79bffca9-b028-4c53-a657-872ed973be73:c2376, 15654dff-55cd-4f70-96d8-4abf0c061563:c2376]
2019-07-09 15:04:29,773 INFO  client.GrpcClientProtocolClient (GrpcClientProtocolClient.java:onNext(255)) - client-A9DCF8B8BD5B->529edf8e-8eae-4246-b33f-5e44130d441c: receive RaftClientReply:client-A9DCF8B8BD5B->529edf8e-8eae-4246-b33f-5e44130d441c@group-A1CD1332DC7D, cid=1676, SUCCESS, logIndex=2380, commits[529edf8e-8eae-4246-b33f-5e44130d441c:c2380, 79bffca9-b028-4c53-a657-872ed973be73:c2376, 15654dff-55cd-4f70-96d8-4abf0c061563:c2376]
2019-07-09 15:04:29,892 INFO  client.GrpcClientProtocolClient (GrpcClientProtocolClient.java:onNext(255)) - client-A9DCF8B8BD5B->529edf8e-8eae-4246-b33f-5e44130d441c: receive RaftClientReply:client-A9DCF8B8BD5B->529edf8e-8eae-4246-b33f-5e44130d441c@group-A1CD1332DC7D, cid=1677, SUCCESS, logIndex=2383, commits[529edf8e-8eae-4246-b33f-5e44130d441c:c2384, 79bffca9-b028-4c53-a657-872ed973be73:c2380, 15654dff-55cd-4f70-96d8-4abf0c061563:c2380]
2019-07-09 15:04:29,893 INFO  client.GrpcClientProtocolClient (GrpcClientProtocolClient.java:onNext(255)) - client-A9DCF8B8BD5B->529edf8e-8eae-4246-b33f-5e44130d441c: receive RaftClientReply:client-A9DCF8B8BD5B->529edf8e-8eae-4246-b33f-5e44130d441c@group-A1CD1332DC7D, cid=1678, SUCCESS, logIndex=2384, commits[529edf8e-8eae-4246-b33f-5e44130d441c:c2384, 79bffca9-b028-4c53-a657-872ed973be73:c2380, 15654dff-55cd-4f70-96d8-4abf0c061563:c2380]
2019-07-09 15:04:29,896 INFO  client.GrpcClientProtocolClient (GrpcClientProtocolClient.java:onNext(255)) - client-A9DCF8B8BD5B->529edf8e-8eae-4246-b33f-5e44130d441c: receive RaftClientReply:client-A9DCF8B8BD5B->529edf8e-8eae-4246-b33f-5e44130d441c@group-A1CD1332DC7D, cid=1679, SUCCESS, logIndex=0, commits[529edf8e-8eae-4246-b33f-5e44130d441c:c2385, 79bffca9-b028-4c53-a657-872ed973be73:c2384, 15654dff-55cd-4f70-96d8-4abf0c061563:c2384]
 0.00% |█                                                                                                    |  0/1 Time: 0:00:122019-07-09 15:04:29,925 INFO  client.GrpcClientProtocolClient (GrpcClientProtocolClient.java:onNext(255)) - client-A9DCF8B8BD5B->529edf8e-8eae-4246-b33f-5e44130d441c: receive RaftClientReply:client-A9DCF8B8BD5B->529edf8e-8eae-4246-b33f-5e44130d441c@group-A1CD1332DC7D, cid=1680, SUCCESS, logIndex=2387, commits[529edf8e-8eae-4246-b33f-5e44130d441c:c2389, 79bffca9-b028-4c53-a657-872ed973be73:c2386, 15654dff-55cd-4f70-96d8-4abf0c061563:c2386]
2019-07-09 15:04:29,926 INFO  client.GrpcClientProtocolClient (GrpcClientProtocolClient.java:onNext(255)) - client-A9DCF8B8BD5B->529edf8e-8eae-4246-b33f-5e44130d441c: receive RaftClientReply:client-A9DCF8B8BD5B->529edf8e-8eae-4246-b33f-5e44130d441c@group-A1CD1332DC7D, cid=1681, SUCCESS, logIndex=2388, commits[529edf8e-8eae-4246-b33f-5e44130d441c:c2390, 79bffca9-b028-4c53-a657-872ed973be73:c2386, 15654dff-55cd-4f70-96d8-4abf0c061563:c2386]
2019-07-09 15:04:29,926 INFO  client.GrpcClientProtocolClient (GrpcClientProtocolClient.java:onNext(255)) - client-A9DCF8B8BD5B->529edf8e-8eae-4246-b33f-5e44130d441c: receive RaftClientReply:client-A9DCF8B8BD5B->529edf8e-8eae-4246-b33f-5e44130d441c@group-A1CD1332DC7D, cid=1682, SUCCESS, logIndex=2389, commits[529edf8e-8eae-4246-b33f-5e44130d441c:c2390, 79bffca9-b028-4c53-a657-872ed973be73:c2386, 15654dff-55cd-4f70-96d8-4abf0c061563:c2386]
2019-07-09 15:04:29,926 INFO  client.GrpcClientProtocolClient (GrpcClientProtocolClient.java:onNext(255)) - client-A9DCF8B8BD5B->529edf8e-8eae-4246-b33f-5e44130d441c: receive RaftClientReply:client-A9DCF8B8BD5B->529edf8e-8eae-4246-b33f-5e44130d441c@group-A1CD1332DC7D, cid=1683, SUCCESS, logIndex=2390, commits[529edf8e-8eae-4246-b33f-5e44130d441c:c2391, 79bffca9-b028-4c53-a657-872ed973be73:c2387, 15654dff-55cd-4f70-96d8-4abf0c061563:c2386]
2019-07-09 15:04:29,939 INFO  client.GrpcClientProtocolClient (GrpcClientProtocolClient.java:onNext(255)) - client-A9DCF8B8BD5B->529edf8e-8eae-4246-b33f-5e44130d441c: receive RaftClientReply:client-A9DCF8B8BD5B->529edf8e-8eae-4246-b33f-5e44130d441c@group-A1CD1332DC7D, cid=1684, SUCCESS, logIndex=0, commits[529edf8e-8eae-4246-b33f-5e44130d441c:c2394, 79bffca9-b028-4c53-a657-872ed973be73:c2390, 15654dff-55cd-4f70-96d8-4abf0c061563:c2389]
2019-07-09 15:04:29,966 INFO  client.GrpcClientProtocolClient (GrpcClientProtocolClient.java:onNext(255)) - client-A9DCF8B8BD5B->529edf8e-8eae-4246-b33f-5e44130d441c: receive RaftClientReply:client-A9DCF8B8BD5B->529edf8e-8eae-4246-b33f-5e44130d441c@group-A1CD1332DC7D, cid=1685, SUCCESS, logIndex=2395, commits[529edf8e-8eae-4246-b33f-5e44130d441c:c2396, 79bffca9-b028-4c53-a657-872ed973be73:c2394, 15654dff-55cd-4f70-96d8-4abf0c061563:c2394]
2019-07-09 15:04:29,966 INFO  client.GrpcClientProtocolClient (GrpcClientProtocolClient.java:onNext(255)) - client-A9DCF8B8BD5B->529edf8e-8eae-4246-b33f-5e44130d441c: receive RaftClientReply:client-A9DCF8B8BD5B->529edf8e-8eae-4246-b33f-5e44130d441c@group-A1CD1332DC7D, cid=1686, SUCCESS, logIndex=2396, commits[529edf8e-8eae-4246-b33f-5e44130d441c:c2396, 79bffca9-b028-4c53-a657-872ed973be73:c2394, 15654dff-55cd-4f70-96d8-4abf0c061563:c2394]
2019-07-09 15:04:29,985 INFO  client.GrpcClientProtocolClient (GrpcClientProtocolClient.java:onNext(255)) - client-A9DCF8B8BD5B->529edf8e-8eae-4246-b33f-5e44130d441c: receive RaftClientReply:client-A9DCF8B8BD5B->529edf8e-8eae-4246-b33f-5e44130d441c@group-A1CD1332DC7D, cid=1687, SUCCESS, logIndex=2399, commits[529edf8e-8eae-4246-b33f-5e44130d441c:c2400, 79bffca9-b028-4c53-a657-872ed973be73:c2397, 15654dff-55cd-4f70-96d8-4abf0c061563:c2397]
2019-07-09 15:04:29,986 INFO  client.GrpcClientProtocolClient (GrpcClientProtocolClient.java:onNext(255)) - client-A9DCF8B8BD5B->529edf8e-8eae-4246-b33f-5e44130d441c: receive RaftClientReply:client-A9DCF8B8BD5B->529edf8e-8eae-4246-b33f-5e44130d441c@group-A1CD1332DC7D, cid=1688, SUCCESS, logIndex=2400, commits[529edf8e-8eae-4246-b33f-5e44130d441c:c2400, 79bffca9-b028-4c53-a657-872ed973be73:c2397, 15654dff-55cd-4f70-96d8-4abf0c061563:c2397]
2019-07-09 15:04:29,999 INFO  client.GrpcClientProtocolClient (GrpcClientProtocolClient.java:onNext(255)) - client-A9DCF8B8BD5B->529edf8e-8eae-4246-b33f-5e44130d441c: receive RaftClientReply:client-A9DCF8B8BD5B->529edf8e-8eae-4246-b33f-5e44130d441c@group-A1CD1332DC7D, cid=1689, SUCCESS, logIndex=0, commits[529edf8e-8eae-4246-b33f-5e44130d441c:c2402, 79bffca9-b028-4c53-a657-872ed973be73:c2400, 15654dff-55cd-4f70-96d8-4abf0c061563:c2400]
2019-07-09 15:04:30,029 INFO  client.GrpcClientProtocolClient (GrpcClientProtocolClient.java:onNext(255)) - client-A9DCF8B8BD5B->529edf8e-8eae-4246-b33f-5e44130d441c: receive RaftClientReply:client-A9DCF8B8BD5B->529edf8e-8eae-4246-b33f-5e44130d441c@group-A1CD1332DC7D, cid=1690, SUCCESS, logIndex=2403, commits[529edf8e-8eae-4246-b33f-5e44130d441c:c2404, 79bffca9-b028-4c53-a657-872ed973be73:c2402, 15654dff-55cd-4f70-96d8-4abf0c061563:c2402]
2019-07-09 15:04:30,029 INFO  client.GrpcClientProtocolClient (GrpcClientProtocolClient.java:onNext(255)) - client-A9DCF8B8BD5B->529edf8e-8eae-4246-b33f-5e44130d441c: receive RaftClientReply:client-A9DCF8B8BD5B->529edf8e-8eae-4246-b33f-5e44130d441c@group-A1CD1332DC7D, cid=1691, SUCCESS, logIndex=2404, commits[529edf8e-8eae-4246-b33f-5e44130d441c:c2406, 79bffca9-b028-4c53-a657-872ed973be73:c2402, 15654dff-55cd-4f70-96d8-4abf0c061563:c2402]
2019-07-09 15:04:30,030 INFO  client.GrpcClientProtocolClient (GrpcClientProtocolClient.java:onNext(255)) - client-A9DCF8B8BD5B->529edf8e-8eae-4246-b33f-5e44130d441c: receive RaftClientReply:client-A9DCF8B8BD5B->529edf8e-8eae-4246-b33f-5e44130d441c@group-A1CD1332DC7D, cid=1692, SUCCESS, logIndex=2405, commits[529edf8e-8eae-4246-b33f-5e44130d441c:c2406, 79bffca9-b028-4c53-a657-872ed973be73:c2402, 15654dff-55cd-4f70-96d8-4abf0c061563:c2402]
2019-07-09 15:04:30,030 INFO  client.GrpcClientProtocolClient (GrpcClientProtocolClient.java:onNext(255)) - client-A9DCF8B8BD5B->529edf8e-8eae-4246-b33f-5e44130d441c: receive RaftClientReply:client-A9DCF8B8BD5B->529edf8e-8eae-4246-b33f-5e44130d441c@group-A1CD1332DC7D, cid=1693, SUCCESS, logIndex=2406, commits[529edf8e-8eae-4246-b33f-5e44130d441c:c2407, 79bffca9-b028-4c53-a657-872ed973be73:c2404, 15654dff-55cd-4f70-96d8-4abf0c061563:c2404]
2019-07-09 15:04:30,050 INFO  client.GrpcClientProtocolClient (GrpcClientProtocolClient.java:onNext(255)) - client-A9DCF8B8BD5B->529edf8e-8eae-4246-b33f-5e44130d441c: receive RaftClientReply:client-A9DCF8B8BD5B->529edf8e-8eae-4246-b33f-5e44130d441c@group-A1CD1332DC7D, cid=1694, SUCCESS, logIndex=2411, commits[529edf8e-8eae-4246-b33f-5e44130d441c:c2412, 79bffca9-b028-4c53-a657-872ed973be73:c2410, 15654dff-55cd-4f70-96d8-4abf0c061563:c2410]
2019-07-09 15:04:30,050 INFO  client.GrpcClientProtocolClient (GrpcClientProtocolClient.java:onNext(255)) - client-A9DCF8B8BD5B->529edf8e-8eae-4246-b33f-5e44130d441c: receive RaftClientReply:client-A9DCF8B8BD5B->529edf8e-8eae-4246-b33f-5e44130d441c@group-A1CD1332DC7D, cid=1695, SUCCESS, logIndex=2412, commits[529edf8e-8eae-4246-b33f-5e44130d441c:c2412, 79bffca9-b028-4c53-a657-872ed973be73:c2410, 15654dff-55cd-4f70-96d8-4abf0c061563:c2410]
2019-07-09 15:04:30,063 INFO  client.GrpcClientProtocolClient (GrpcClientProtocolClient.java:onNext(255)) - client-A9DCF8B8BD5B->529edf8e-8eae-4246-b33f-5e44130d441c: receive RaftClientReply:client-A9DCF8B8BD5B->529edf8e-8eae-4246-b33f-5e44130d441c@group-A1CD1332DC7D, cid=1696, SUCCESS, logIndex=2415, commits[529edf8e-8eae-4246-b33f-5e44130d441c:c2416, 79bffca9-b028-4c53-a657-872ed973be73:c2412, 15654dff-55cd-4f70-96d8-4abf0c061563:c2412]
2019-07-09 15:04:30,063 INFO  client.GrpcClientProtocolClient (GrpcClientProtocolClient.java:onNext(255)) - client-A9DCF8B8BD5B->529edf8e-8eae-4246-b33f-5e44130d441c: receive RaftClientReply:client-A9DCF8B8BD5B->529edf8e-8eae-4246-b33f-5e44130d441c@group-A1CD1332DC7D, cid=1697, SUCCESS, logIndex=2416, commits[529edf8e-8eae-4246-b33f-5e44130d441c:c2416, 79bffca9-b028-4c53-a657-872ed973be73:c2412, 15654dff-55cd-4f70-96d8-4abf0c061563:c2412]
2019-07-09 15:04:30,078 INFO  client.GrpcClientProtocolClient (GrpcClientProtocolClient.java:onNext(255)) - client-A9DCF8B8BD5B->529edf8e-8eae-4246-b33f-5e44130d441c: receive RaftClientReply:client-A9DCF8B8BD5B->529edf8e-8eae-4246-b33f-5e44130d441c@group-A1CD1332DC7D, cid=1698, SUCCESS, logIndex=0, commits[529edf8e-8eae-4246-b33f-5e44130d441c:c2418, 79bffca9-b028-4c53-a657-872ed973be73:c2416, 15654dff-55cd-4f70-96d8-4abf0c061563:c2416]
2019-07-09 15:04:30,107 INFO  client.GrpcClientProtocolClient (GrpcClientProtocolClient.java:onNext(255)) - client-A9DCF8B8BD5B->529edf8e-8eae-4246-b33f-5e44130d441c: receive RaftClientReply:client-A9DCF8B8BD5B->529edf8e-8eae-4246-b33f-5e44130d441c@group-A1CD1332DC7D, cid=1699, SUCCESS, logIndex=2419, commits[529edf8e-8eae-4246-b33f-5e44130d441c:c2420, 79bffca9-b028-4c53-a657-872ed973be73:c2418, 15654dff-55cd-4f70-96d8-4abf0c061563:c2418]
2019-07-09 15:04:30,108 INFO  client.GrpcClientProtocolClient (GrpcClientProtocolClient.java:onNext(255)) - client-A9DCF8B8BD5B->529edf8e-8eae-4246-b33f-5e44130d441c: receive RaftClientReply:client-A9DCF8B8BD5B->529edf8e-8eae-4246-b33f-5e44130d441c@group-A1CD1332DC7D, cid=1700, SUCCESS, logIndex=2420, commits[529edf8e-8eae-4246-b33f-5e44130d441c:c2420, 79bffca9-b028-4c53-a657-872ed973be73:c2418, 15654dff-55cd-4f70-96d8-4abf0c061563:c2418]
2019-07-09 15:04:30,109 INFO  client.GrpcClientProtocolClient (GrpcClientProtocolClient.java:onNext(255)) - client-A9DCF8B8BD5B->529edf8e-8eae-4246-b33f-5e44130d441c: receive RaftClientReply:client-A9DCF8B8BD5B->529edf8e-8eae-4246-b33f-5e44130d441c@group-A1CD1332DC7D, cid=1701, SUCCESS, logIndex=2421, commits[529edf8e-8eae-4246-b33f-5e44130d441c:c2422, 79bffca9-b028-4c53-a657-872ed973be73:c2418, 15654dff-55cd-4f70-96d8-4abf0c061563:c2418]
2019-07-09 15:04:30,109 INFO  client.GrpcClientProtocolClient (GrpcClientProtocolClient.java:onNext(255)) - client-A9DCF8B8BD5B->529edf8e-8eae-4246-b33f-5e44130d441c: receive RaftClientReply:client-A9DCF8B8BD5B->529edf8e-8eae-4246-b33f-5e44130d441c@group-A1CD1332DC7D, cid=1702, SUCCESS, logIndex=2422, commits[529edf8e-8eae-4246-b33f-5e44130d441c:c2422, 79bffca9-b028-4c53-a657-872ed973be73:c2418, 15654dff-55cd-4f70-96d8-4abf0c061563:c2418]
2019-07-09 15:04:30,111 INFO  client.GrpcClientProtocolClient (GrpcClientProtocolClient.java:onNext(255)) - client-A9DCF8B8BD5B->529edf8e-8eae-4246-b33f-5e44130d441c: receive RaftClientReply:client-A9DCF8B8BD5B->529edf8e-8eae-4246-b33f-5e44130d441c@group-A1CD1332DC7D, cid=1703, SUCCESS, logIndex=0, commits[529edf8e-8eae-4246-b33f-5e44130d441c:c2424, 79bffca9-b028-4c53-a657-872ed973be73:c2420, 15654dff-55cd-4f70-96d8-4abf0c061563:c2420]
2019-07-09 15:04:30,123 INFO  client.GrpcClientProtocolClient (GrpcClientProtocolClient.java:onNext(255)) - client-A9DCF8B8BD5B->529edf8e-8eae-4246-b33f-5e44130d441c: receive RaftClientReply:client-A9DCF8B8BD5B->529edf8e-8eae-4246-b33f-5e44130d441c@group-A1CD1332DC7D, cid=1704, SUCCESS, logIndex=2427, commits[529edf8e-8eae-4246-b33f-5e44130d441c:c2428, 79bffca9-b028-4c53-a657-872ed973be73:c2422, 15654dff-55cd-4f70-96d8-4abf0c061563:c2424]
2019-07-09 15:04:30,124 INFO  client.GrpcClientProtocolClient (GrpcClientProtocolClient.java:onNext(255)) - client-A9DCF8B8BD5B->529edf8e-8eae-4246-b33f-5e44130d441c: receive RaftClientReply:client-A9DCF8B8BD5B->529edf8e-8eae-4246-b33f-5e44130d441c@group-A1CD1332DC7D, cid=1705, SUCCESS, logIndex=2428, commits[529edf8e-8eae-4246-b33f-5e44130d441c:c2428, 79bffca9-b028-4c53-a657-872ed973be73:c2424, 15654dff-55cd-4f70-96d8-4abf0c061563:c2424]
2019-07-09 15:04:30,137 INFO  client.GrpcClientProtocolClient (GrpcClientProtocolClient.java:onNext(255)) - client-A9DCF8B8BD5B->529edf8e-8eae-4246-b33f-5e44130d441c: receive RaftClientReply:client-A9DCF8B8BD5B->529edf8e-8eae-4246-b33f-5e44130d441c@group-A1CD1332DC7D, cid=1706, SUCCESS, logIndex=2430, commits[529edf8e-8eae-4246-b33f-5e44130d441c:c2431, 79bffca9-b028-4c53-a657-872ed973be73:c2428, 15654dff-55cd-4f70-96d8-4abf0c061563:c2428]
2019-07-09 15:04:30,137 INFO  client.GrpcClientProtocolClient (GrpcClientProtocolClient.java:onNext(255)) - client-A9DCF8B8BD5B->529edf8e-8eae-4246-b33f-5e44130d441c: receive RaftClientReply:client-A9DCF8B8BD5B->529edf8e-8eae-4246-b33f-5e44130d441c@group-A1CD1332DC7D, cid=1707, SUCCESS, logIndex=2431, commits[529edf8e-8eae-4246-b33f-5e44130d441c:c2431, 79bffca9-b028-4c53-a657-872ed973be73:c2428, 15654dff-55cd-4f70-96d8-4abf0c061563:c2428]
2019-07-09 15:04:30,152 INFO  client.GrpcClientProtocolClient (GrpcClientProtocolClient.java:onNext(255)) - client-A9DCF8B8BD5B->529edf8e-8eae-4246-b33f-5e44130d441c: receive RaftClientReply:client-A9DCF8B8BD5B->529edf8e-8eae-4246-b33f-5e44130d441c@group-A1CD1332DC7D, cid=1708, SUCCESS, logIndex=0, commits[529edf8e-8eae-4246-b33f-5e44130d441c:c2432, 79bffca9-b028-4c53-a657-872ed973be73:c2431, 15654dff-55cd-4f70-96d8-4abf0c061563:c2431]
2019-07-09 15:04:30,180 INFO  client.GrpcClientProtocolClient (GrpcClientProtocolClient.java:onNext(255)) - client-A9DCF8B8BD5B->529edf8e-8eae-4246-b33f-5e44130d441c: receive RaftClientReply:client-A9DCF8B8BD5B->529edf8e-8eae-4246-b33f-5e44130d441c@group-A1CD1332DC7D, cid=1709, SUCCESS, logIndex=2434, commits[529edf8e-8eae-4246-b33f-5e44130d441c:c2435, 79bffca9-b028-4c53-a657-872ed973be73:c2433, 15654dff-55cd-4f70-96d8-4abf0c061563:c2433]
2019-07-09 15:04:30,180 INFO  client.GrpcClientProtocolClient (GrpcClientProtocolClient.java:onNext(255)) - client-A9DCF8B8BD5B->529edf8e-8eae-4246-b33f-5e44130d441c: receive RaftClientReply:client-A9DCF8B8BD5B->529edf8e-8eae-4246-b33f-5e44130d441c@group-A1CD1332DC7D, cid=1710, SUCCESS, logIndex=2435, commits[529edf8e-8eae-4246-b33f-5e44130d441c:c2435, 79bffca9-b028-4c53-a657-872ed973be73:c2433, 15654dff-55cd-4f70-96d8-4abf0c061563:c2433]
2019-07-09 15:04:30,191 INFO  client.GrpcClientProtocolClient (GrpcClientProtocolClient.java:onNext(255)) - client-A9DCF8B8BD5B->529edf8e-8eae-4246-b33f-5e44130d441c: receive RaftClientReply:client-A9DCF8B8BD5B->529edf8e-8eae-4246-b33f-5e44130d441c@group-A1CD1332DC7D, cid=1711, SUCCESS, logIndex=2436, commits[529edf8e-8eae-4246-b33f-5e44130d441c:c2437, 79bffca9-b028-4c53-a657-872ed973be73:c2433, 15654dff-55cd-4f70-96d8-4abf0c061563:c2433]
2019-07-09 15:04:30,191 INFO  client.GrpcClientProtocolClient (GrpcClientProtocolClient.java:onNext(255)) - client-A9DCF8B8BD5B->529edf8e-8eae-4246-b33f-5e44130d441c: receive RaftClientReply:client-A9DCF8B8BD5B->529edf8e-8eae-4246-b33f-5e44130d441c@group-A1CD1332DC7D, cid=1712, SUCCESS, logIndex=2437, commits[529edf8e-8eae-4246-b33f-5e44130d441c:c2437, 79bffca9-b028-4c53-a657-872ed973be73:c2433, 15654dff-55cd-4f70-96d8-4abf0c061563:c2433]
2019-07-09 15:04:30,193 INFO  client.GrpcClientProtocolClient (GrpcClientProtocolClient.java:onNext(255)) - client-A9DCF8B8BD5B->529edf8e-8eae-4246-b33f-5e44130d441c: receive RaftClientReply:client-A9DCF8B8BD5B->529edf8e-8eae-4246-b33f-5e44130d441c@group-A1CD1332DC7D, cid=1713, SUCCESS, logIndex=0, commits[529edf8e-8eae-4246-b33f-5e44130d441c:c2438, 79bffca9-b028-4c53-a657-872ed973be73:c2435, 15654dff-55cd-4f70-96d8-4abf0c061563:c2435]
2019-07-09 15:04:30,217 INFO  client.GrpcClientProtocolClient (GrpcClientProtocolClient.java:onNext(255)) - client-A9DCF8B8BD5B->529edf8e-8eae-4246-b33f-5e44130d441c: receive RaftClientReply:client-A9DCF8B8BD5B->529edf8e-8eae-4246-b33f-5e44130d441c@group-A1CD1332DC7D, cid=1714, SUCCESS, logIndex=2442, commits[529edf8e-8eae-4246-b33f-5e44130d441c:c2443, 79bffca9-b028-4c53-a657-872ed973be73:c2441, 15654dff-55cd-4f70-96d8-4abf0c061563:c2441]
2019-07-09 15:04:30,218 INFO  client.GrpcClientProtocolClient (GrpcClientProtocolClient.java:onNext(255)) - client-A9DCF8B8BD5B->529edf8e-8eae-4246-b33f-5e44130d441c: receive RaftClientReply:client-A9DCF8B8BD5B->529edf8e-8eae-4246-b33f-5e44130d441c@group-A1CD1332DC7D, cid=1715, SUCCESS, logIndex=2443, commits[529edf8e-8eae-4246-b33f-5e44130d441c:c2443, 79bffca9-b028-4c53-a657-872ed973be73:c2441, 15654dff-55cd-4f70-96d8-4abf0c061563:c2441]
2019-07-09 15:04:30,237 INFO  client.GrpcClientProtocolClient (GrpcClientProtocolClient.java:onNext(255)) - client-A9DCF8B8BD5B->529edf8e-8eae-4246-b33f-5e44130d441c: receive RaftClientReply:client-A9DCF8B8BD5B->529edf8e-8eae-4246-b33f-5e44130d441c@group-A1CD1332DC7D, cid=1716, SUCCESS, logIndex=2446, commits[529edf8e-8eae-4246-b33f-5e44130d441c:c2447, 79bffca9-b028-4c53-a657-872ed973be73:c2445, 15654dff-55cd-4f70-96d8-4abf0c061563:c2445]
2019-07-09 15:04:30,238 INFO  client.GrpcClientProtocolClient (GrpcClientProtocolClient.java:onNext(255)) - client-A9DCF8B8BD5B->529edf8e-8eae-4246-b33f-5e44130d441c: receive RaftClientReply:client-A9DCF8B8BD5B->529edf8e-8eae-4246-b33f-5e44130d441c@group-A1CD1332DC7D, cid=1717, SUCCESS, logIndex=2447, commits[529edf8e-8eae-4246-b33f-5e44130d441c:c2447, 79bffca9-b028-4c53-a657-872ed973be73:c2445, 15654dff-55cd-4f70-96d8-4abf0c061563:c2445]
2019-07-09 15:04:30,249 INFO  client.GrpcClientProtocolClient (GrpcClientProtocolClient.java:onNext(255)) - client-A9DCF8B8BD5B->529edf8e-8eae-4246-b33f-5e44130d441c: receive RaftClientReply:client-A9DCF8B8BD5B->529edf8e-8eae-4246-b33f-5e44130d441c@group-A1CD1332DC7D, cid=1718, SUCCESS, logIndex=0, commits[529edf8e-8eae-4246-b33f-5e44130d441c:c2448, 79bffca9-b028-4c53-a657-872ed973be73:c2447, 15654dff-55cd-4f70-96d8-4abf0c061563:c2447]
2019-07-09 15:04:30,276 INFO  client.GrpcClientProtocolClient (GrpcClientProtocolClient.java:onNext(255)) - client-A9DCF8B8BD5B->529edf8e-8eae-4246-b33f-5e44130d441c: receive RaftClientReply:client-A9DCF8B8BD5B->529edf8e-8eae-4246-b33f-5e44130d441c@group-A1CD1332DC7D, cid=1719, SUCCESS, logIndex=2450, commits[529edf8e-8eae-4246-b33f-5e44130d441c:c2451, 79bffca9-b028-4c53-a657-872ed973be73:c2447, 15654dff-55cd-4f70-96d8-4abf0c061563:c2449]
2019-07-09 15:04:30,276 INFO  client.GrpcClientProtocolClient (GrpcClientProtocolClient.java:onNext(255)) - client-A9DCF8B8BD5B->529edf8e-8eae-4246-b33f-5e44130d441c: receive RaftClientReply:client-A9DCF8B8BD5B->529edf8e-8eae-4246-b33f-5e44130d441c@group-A1CD1332DC7D, cid=1720, SUCCESS, logIndex=2451, commits[529edf8e-8eae-4246-b33f-5e44130d441c:c2451, 79bffca9-b028-4c53-a657-872ed973be73:c2447, 15654dff-55cd-4f70-96d8-4abf0c061563:c2449]
2019-07-09 15:04:30,278 INFO  client.GrpcClientProtocolClient (GrpcClientProtocolClient.java:onNext(255)) - client-A9DCF8B8BD5B->529edf8e-8eae-4246-b33f-5e44130d441c: receive RaftClientReply:client-A9DCF8B8BD5B->529edf8e-8eae-4246-b33f-5e44130d441c@group-A1CD1332DC7D, cid=1721, SUCCESS, logIndex=2452, commits[529edf8e-8eae-4246-b33f-5e44130d441c:c2453, 79bffca9-b028-4c53-a657-872ed973be73:c2449, 15654dff-55cd-4f70-96d8-4abf0c061563:c2449]
2019-07-09 15:04:30,278 INFO  client.GrpcClientProtocolClient (GrpcClientProtocolClient.java:onNext(255)) - client-A9DCF8B8BD5B->529edf8e-8eae-4246-b33f-5e44130d441c: receive RaftClientReply:client-A9DCF8B8BD5B->529edf8e-8eae-4246-b33f-5e44130d441c@group-A1CD1332DC7D, cid=1722, SUCCESS, logIndex=2453, commits[529edf8e-8eae-4246-b33f-5e44130d441c:c2453, 79bffca9-b028-4c53-a657-872ed973be73:c2449, 15654dff-55cd-4f70-96d8-4abf0c061563:c2449]
2019-07-09 15:04:30,290 INFO  client.GrpcClientProtocolClient (GrpcClientProtocolClient.java:onNext(255)) - client-A9DCF8B8BD5B->529edf8e-8eae-4246-b33f-5e44130d441c: receive RaftClientReply:client-A9DCF8B8BD5B->529edf8e-8eae-4246-b33f-5e44130d441c@group-A1CD1332DC7D, cid=1723, SUCCESS, logIndex=0, commits[529edf8e-8eae-4246-b33f-5e44130d441c:c2455, 79bffca9-b028-4c53-a657-872ed973be73:c2451, 15654dff-55cd-4f70-96d8-4abf0c061563:c2451]
2019-07-09 15:04:30,309 INFO  client.GrpcClientProtocolClient (GrpcClientProtocolClient.java:onNext(255)) - client-A9DCF8B8BD5B->529edf8e-8eae-4246-b33f-5e44130d441c: receive RaftClientReply:client-A9DCF8B8BD5B->529edf8e-8eae-4246-b33f-5e44130d441c@group-A1CD1332DC7D, cid=1724, SUCCESS, logIndex=2458, commits[529edf8e-8eae-4246-b33f-5e44130d441c:c2459, 79bffca9-b028-4c53-a657-872ed973be73:c2457, 15654dff-55cd-4f70-96d8-4abf0c061563:c2457]
2019-07-09 15:04:30,309 INFO  client.GrpcClientProtocolClient (GrpcClientProtocolClient.java:onNext(255)) - client-A9DCF8B8BD5B->529edf8e-8eae-4246-b33f-5e44130d441c: receive RaftClientReply:client-A9DCF8B8BD5B->529edf8e-8eae-4246-b33f-5e44130d441c@group-A1CD1332DC7D, cid=1725, SUCCESS, logIndex=2459, commits[529edf8e-8eae-4246-b33f-5e44130d441c:c2459, 79bffca9-b028-4c53-a657-872ed973be73:c2457, 15654dff-55cd-4f70-96d8-4abf0c061563:c2457]
2019-07-09 15:04:30,322 INFO  client.GrpcClientProtocolClient (GrpcClientProtocolClient.java:onNext(255)) - client-A9DCF8B8BD5B->529edf8e-8eae-4246-b33f-5e44130d441c: receive RaftClientReply:client-A9DCF8B8BD5B->529edf8e-8eae-4246-b33f-5e44130d441c@group-A1CD1332DC7D, cid=1726, SUCCESS, logIndex=2462, commits[529edf8e-8eae-4246-b33f-5e44130d441c:c2462, 79bffca9-b028-4c53-a657-872ed973be73:c2459, 15654dff-55cd-4f70-96d8-4abf0c061563:c2459]
2019-07-09 15:04:30,323 INFO  client.GrpcClientProtocolClient (GrpcClientProtocolClient.java:onNext(255)) - client-A9DCF8B8BD5B->529edf8e-8eae-4246-b33f-5e44130d441c: receive RaftClientReply:client-A9DCF8B8BD5B->529edf8e-8eae-4246-b33f-5e44130d441c@group-A1CD1332DC7D, cid=1727, SUCCESS, logIndex=2463, commits[529edf8e-8eae-4246-b33f-5e44130d441c:c2463, 79bffca9-b028-4c53-a657-872ed973be73:c2459, 15654dff-55cd-4f70-96d8-4abf0c061563:c2459]
2019-07-09 15:04:30,336 INFO  client.GrpcClientProtocolClient (GrpcClientProtocolClient.java:onNext(255)) - client-A9DCF8B8BD5B->529edf8e-8eae-4246-b33f-5e44130d441c: receive RaftClientReply:client-A9DCF8B8BD5B->529edf8e-8eae-4246-b33f-5e44130d441c@group-A1CD1332DC7D, cid=1728, SUCCESS, logIndex=0, commits[529edf8e-8eae-4246-b33f-5e44130d441c:c2465, 79bffca9-b028-4c53-a657-872ed973be73:c2463, 15654dff-55cd-4f70-96d8-4abf0c061563:c2463]
2019-07-09 15:04:30,361 INFO  client.GrpcClientProtocolClient (GrpcClientProtocolClient.java:onNext(255)) - client-A9DCF8B8BD5B->529edf8e-8eae-4246-b33f-5e44130d441c: receive RaftClientReply:client-A9DCF8B8BD5B->529edf8e-8eae-4246-b33f-5e44130d441c@group-A1CD1332DC7D, cid=1729, SUCCESS, logIndex=2466, commits[529edf8e-8eae-4246-b33f-5e44130d441c:c2468, 79bffca9-b028-4c53-a657-872ed973be73:c2465, 15654dff-55cd-4f70-96d8-4abf0c061563:c2463]
2019-07-09 15:04:30,361 INFO  client.GrpcClientProtocolClient (GrpcClientProtocolClient.java:onNext(255)) - client-A9DCF8B8BD5B->529edf8e-8eae-4246-b33f-5e44130d441c: receive RaftClientReply:client-A9DCF8B8BD5B->529edf8e-8eae-4246-b33f-5e44130d441c@group-A1CD1332DC7D, cid=1730, SUCCESS, logIndex=2467, commits[529edf8e-8eae-4246-b33f-5e44130d441c:c2469, 79bffca9-b028-4c53-a657-872ed973be73:c2465, 15654dff-55cd-4f70-96d8-4abf0c061563:c2465]
2019-07-09 15:04:30,362 INFO  client.GrpcClientProtocolClient (GrpcClientProtocolClient.java:onNext(255)) - client-A9DCF8B8BD5B->529edf8e-8eae-4246-b33f-5e44130d441c: receive RaftClientReply:client-A9DCF8B8BD5B->529edf8e-8eae-4246-b33f-5e44130d441c@group-A1CD1332DC7D, cid=1731, SUCCESS, logIndex=2468, commits[529edf8e-8eae-4246-b33f-5e44130d441c:c2469, 79bffca9-b028-4c53-a657-872ed973be73:c2465, 15654dff-55cd-4f70-96d8-4abf0c061563:c2465]
2019-07-09 15:04:30,362 INFO  client.GrpcClientProtocolClient (GrpcClientProtocolClient.java:onNext(255)) - client-A9DCF8B8BD5B->529edf8e-8eae-4246-b33f-5e44130d441c: receive RaftClientReply:client-A9DCF8B8BD5B->529edf8e-8eae-4246-b33f-5e44130d441c@group-A1CD1332DC7D, cid=1732, SUCCESS, logIndex=2469, commits[529edf8e-8eae-4246-b33f-5e44130d441c:c2469, 79bffca9-b028-4c53-a657-872ed973be73:c2465, 15654dff-55cd-4f70-96d8-4abf0c061563:c2465]
2019-07-09 15:04:30,363 INFO  client.GrpcClientProtocolClient (GrpcClientProtocolClient.java:onNext(255)) - client-A9DCF8B8BD5B->529edf8e-8eae-4246-b33f-5e44130d441c: receive RaftClientReply:client-A9DCF8B8BD5B->529edf8e-8eae-4246-b33f-5e44130d441c@group-A1CD1332DC7D, cid=1733, SUCCESS, logIndex=0, commits[529edf8e-8eae-4246-b33f-5e44130d441c:c2470, 79bffca9-b028-4c53-a657-872ed973be73:c2467, 15654dff-55cd-4f70-96d8-4abf0c061563:c2467]
2019-07-09 15:04:30,382 INFO  client.GrpcClientProtocolClient (GrpcClientProtocolClient.java:onNext(255)) - client-A9DCF8B8BD5B->529edf8e-8eae-4246-b33f-5e44130d441c: receive RaftClientReply:client-A9DCF8B8BD5B->529edf8e-8eae-4246-b33f-5e44130d441c@group-A1CD1332DC7D, cid=1734, SUCCESS, logIndex=2474, commits[529edf8e-8eae-4246-b33f-5e44130d441c:c2474, 79bffca9-b028-4c53-a657-872ed973be73:c2473, 15654dff-55cd-4f70-96d8-4abf0c061563:c2473]
2019-07-09 15:04:30,382 INFO  client.GrpcClientProtocolClient (GrpcClientProtocolClient.java:onNext(255)) - client-A9DCF8B8BD5B->529edf8e-8eae-4246-b33f-5e44130d441c: receive RaftClientReply:client-A9DCF8B8BD5B->529edf8e-8eae-4246-b33f-5e44130d441c@group-A1CD1332DC7D, cid=1735, SUCCESS, logIndex=2475, commits[529edf8e-8eae-4246-b33f-5e44130d441c:c2475, 79bffca9-b028-4c53-a657-872ed973be73:c2473, 15654dff-55cd-4f70-96d8-4abf0c061563:c2473]
2019-07-09 15:04:30,396 INFO  client.GrpcClientProtocolClient (GrpcClientProtocolClient.java:onNext(255)) - client-A9DCF8B8BD5B->529edf8e-8eae-4246-b33f-5e44130d441c: receive RaftClientReply:client-A9DCF8B8BD5B->529edf8e-8eae-4246-b33f-5e44130d441c@group-A1CD1332DC7D, cid=1736, SUCCESS, logIndex=2478, commits[529edf8e-8eae-4246-b33f-5e44130d441c:c2479, 79bffca9-b028-4c53-a657-872ed973be73:c2475, 15654dff-55cd-4f70-96d8-4abf0c061563:c2475]
2019-07-09 15:04:30,396 INFO  client.GrpcClientProtocolClient (GrpcClientProtocolClient.java:onNext(255)) - client-A9DCF8B8BD5B->529edf8e-8eae-4246-b33f-5e44130d441c: receive RaftClientReply:client-A9DCF8B8BD5B->529edf8e-8eae-4246-b33f-5e44130d441c@group-A1CD1332DC7D, cid=1737, SUCCESS, logIndex=2479, commits[529edf8e-8eae-4246-b33f-5e44130d441c:c2479, 79bffca9-b028-4c53-a657-872ed973be73:c2475, 15654dff-55cd-4f70-96d8-4abf0c061563:c2475]
2019-07-09 15:04:30,407 INFO  client.GrpcClientProtocolClient (GrpcClientProtocolClient.java:onNext(255)) - client-A9DCF8B8BD5B->529edf8e-8eae-4246-b33f-5e44130d441c: receive RaftClientReply:client-A9DCF8B8BD5B->529edf8e-8eae-4246-b33f-5e44130d441c@group-A1CD1332DC7D, cid=1738, SUCCESS, logIndex=0, commits[529edf8e-8eae-4246-b33f-5e44130d441c:c2480, 79bffca9-b028-4c53-a657-872ed973be73:c2479, 15654dff-55cd-4f70-96d8-4abf0c061563:c2479]
2019-07-09 15:04:30,432 INFO  client.GrpcClientProtocolClient (GrpcClientProtocolClient.java:onNext(255)) - client-A9DCF8B8BD5B->529edf8e-8eae-4246-b33f-5e44130d441c: receive RaftClientReply:client-A9DCF8B8BD5B->529edf8e-8eae-4246-b33f-5e44130d441c@group-A1CD1332DC7D, cid=1739, SUCCESS, logIndex=2482, commits[529edf8e-8eae-4246-b33f-5e44130d441c:c2483, 79bffca9-b028-4c53-a657-872ed973be73:c2481, 15654dff-55cd-4f70-96d8-4abf0c061563:c2481]
2019-07-09 15:04:30,433 INFO  client.GrpcClientProtocolClient (GrpcClientProtocolClient.java:onNext(255)) - client-A9DCF8B8BD5B->529edf8e-8eae-4246-b33f-5e44130d441c: receive RaftClientReply:client-A9DCF8B8BD5B->529edf8e-8eae-4246-b33f-5e44130d441c@group-A1CD1332DC7D, cid=1740, SUCCESS, logIndex=2483, commits[529edf8e-8eae-4246-b33f-5e44130d441c:c2483, 79bffca9-b028-4c53-a657-872ed973be73:c2481, 15654dff-55cd-4f70-96d8-4abf0c061563:c2481]
2019-07-09 15:04:30,433 INFO  client.GrpcClientProtocolClient (GrpcClientProtocolClient.java:onNext(255)) - client-A9DCF8B8BD5B->529edf8e-8eae-4246-b33f-5e44130d441c: receive RaftClientReply:client-A9DCF8B8BD5B->529edf8e-8eae-4246-b33f-5e44130d441c@group-A1CD1332DC7D, cid=1741, SUCCESS, logIndex=2484, commits[529edf8e-8eae-4246-b33f-5e44130d441c:c2485, 79bffca9-b028-4c53-a657-872ed973be73:c2481, 15654dff-55cd-4f70-96d8-4abf0c061563:c2481]
2019-07-09 15:04:30,434 INFO  client.GrpcClientProtocolClient (GrpcClientProtocolClient.java:onNext(255)) - client-A9DCF8B8BD5B->529edf8e-8eae-4246-b33f-5e44130d441c: receive RaftClientReply:client-A9DCF8B8BD5B->529edf8e-8eae-4246-b33f-5e44130d441c@group-A1CD1332DC7D, cid=1742, SUCCESS, logIndex=2485, commits[529edf8e-8eae-4246-b33f-5e44130d441c:c2485, 79bffca9-b028-4c53-a657-872ed973be73:c2481, 15654dff-55cd-4f70-96d8-4abf0c061563:c2483]
2019-07-09 15:04:30,435 INFO  client.GrpcClientProtocolClient (GrpcClientProtocolClient.java:onNext(255)) - client-A9DCF8B8BD5B->529edf8e-8eae-4246-b33f-5e44130d441c: receive RaftClientReply:client-A9DCF8B8BD5B->529edf8e-8eae-4246-b33f-5e44130d441c@group-A1CD1332DC7D, cid=1743, SUCCESS, logIndex=0, commits[529edf8e-8eae-4246-b33f-5e44130d441c:c2487, 79bffca9-b028-4c53-a657-872ed973be73:c2483, 15654dff-55cd-4f70-96d8-4abf0c061563:c2483]
2019-07-09 15:04:30,551 INFO  client.GrpcClientProtocolClient (GrpcClientProtocolClient.java:onNext(255)) - client-A9DCF8B8BD5B->529edf8e-8eae-4246-b33f-5e44130d441c: receive RaftClientReply:client-A9DCF8B8BD5B->529edf8e-8eae-4246-b33f-5e44130d441c@group-A1CD1332DC7D, cid=1744, SUCCESS, logIndex=2490, commits[529edf8e-8eae-4246-b33f-5e44130d441c:c2491, 79bffca9-b028-4c53-a657-872ed973be73:c2489, 15654dff-55cd-4f70-96d8-4abf0c061563:c2489]
2019-07-09 15:04:30,552 INFO  client.GrpcClientProtocolClient (GrpcClientProtocolClient.java:onNext(255)) - client-A9DCF8B8BD5B->529edf8e-8eae-4246-b33f-5e44130d441c: receive RaftClientReply:client-A9DCF8B8BD5B->529edf8e-8eae-4246-b33f-5e44130d441c@group-A1CD1332DC7D, cid=1745, SUCCESS, logIndex=2491, commits[529edf8e-8eae-4246-b33f-5e44130d441c:c2491, 79bffca9-b028-4c53-a657-872ed973be73:c2489, 15654dff-55cd-4f70-96d8-4abf0c061563:c2489]
2019-07-09 15:04:30,576 INFO  client.GrpcClientProtocolClient (GrpcClientProtocolClient.java:onNext(255)) - client-A9DCF8B8BD5B->529edf8e-8eae-4246-b33f-5e44130d441c: receive RaftClientReply:client-A9DCF8B8BD5B->529edf8e-8eae-4246-b33f-5e44130d441c@group-A1CD1332DC7D, cid=1746, SUCCESS, logIndex=2494, commits[529edf8e-8eae-4246-b33f-5e44130d441c:c2495, 79bffca9-b028-4c53-a657-872ed973be73:c2491, 15654dff-55cd-4f70-96d8-4abf0c061563:c2490]
2019-07-09 15:04:30,577 INFO  client.GrpcClientProtocolClient (GrpcClientProtocolClient.java:onNext(255)) - client-A9DCF8B8BD5B->529edf8e-8eae-4246-b33f-5e44130d441c: receive RaftClientReply:client-A9DCF8B8BD5B->529edf8e-8eae-4246-b33f-5e44130d441c@group-A1CD1332DC7D, cid=1747, SUCCESS, logIndex=2495, commits[529edf8e-8eae-4246-b33f-5e44130d441c:c2495, 79bffca9-b028-4c53-a657-872ed973be73:c2491, 15654dff-55cd-4f70-96d8-4abf0c061563:c2491]
2019-07-09 15:04:30,588 INFO  client.GrpcClientProtocolClient (GrpcClientProtocolClient.java:onNext(255)) - client-A9DCF8B8BD5B->529edf8e-8eae-4246-b33f-5e44130d441c: receive RaftClientReply:client-A9DCF8B8BD5B->529edf8e-8eae-4246-b33f-5e44130d441c@group-A1CD1332DC7D, cid=1748, SUCCESS, logIndex=0, commits[529edf8e-8eae-4246-b33f-5e44130d441c:c2496, 79bffca9-b028-4c53-a657-872ed973be73:c2495, 15654dff-55cd-4f70-96d8-4abf0c061563:c2495]
2019-07-09 15:04:30,619 INFO  client.GrpcClientProtocolClient (GrpcClientProtocolClient.java:onNext(255)) - client-A9DCF8B8BD5B->529edf8e-8eae-4246-b33f-5e44130d441c: receive RaftClientReply:client-A9DCF8B8BD5B->529edf8e-8eae-4246-b33f-5e44130d441c@group-A1CD1332DC7D, cid=1749, SUCCESS, logIndex=2498, commits[529edf8e-8eae-4246-b33f-5e44130d441c:c2500, 79bffca9-b028-4c53-a657-872ed973be73:c2497, 15654dff-55cd-4f70-96d8-4abf0c061563:c2497]
2019-07-09 15:04:30,622 INFO  client.GrpcClientProtocolClient (GrpcClientProtocolClient.java:onNext(255)) - client-A9DCF8B8BD5B->529edf8e-8eae-4246-b33f-5e44130d441c: receive RaftClientReply:client-A9DCF8B8BD5B->529edf8e-8eae-4246-b33f-5e44130d441c@group-A1CD1332DC7D, cid=1750, SUCCESS, logIndex=2499, commits[529edf8e-8eae-4246-b33f-5e44130d441c:c2501, 79bffca9-b028-4c53-a657-872ed973be73:c2497, 15654dff-55cd-4f70-96d8-4abf0c061563:c2497]
2019-07-09 15:04:30,622 INFO  client.GrpcClientProtocolClient (GrpcClientProtocolClient.java:onNext(255)) - client-A9DCF8B8BD5B->529edf8e-8eae-4246-b33f-5e44130d441c: receive RaftClientReply:client-A9DCF8B8BD5B->529edf8e-8eae-4246-b33f-5e44130d441c@group-A1CD1332DC7D, cid=1751, SUCCESS, logIndex=2500, commits[529edf8e-8eae-4246-b33f-5e44130d441c:c2501, 79bffca9-b028-4c53-a657-872ed973be73:c2497, 15654dff-55cd-4f70-96d8-4abf0c061563:c2497]
2019-07-09 15:04:30,623 INFO  client.GrpcClientProtocolClient (GrpcClientProtocolClient.java:onNext(255)) - client-A9DCF8B8BD5B->529edf8e-8eae-4246-b33f-5e44130d441c: receive RaftClientReply:client-A9DCF8B8BD5B->529edf8e-8eae-4246-b33f-5e44130d441c@group-A1CD1332DC7D, cid=1752, SUCCESS, logIndex=2501, commits[529edf8e-8eae-4246-b33f-5e44130d441c:c2502, 79bffca9-b028-4c53-a657-872ed973be73:c2499, 15654dff-55cd-4f70-96d8-4abf0c061563:c2499]
2019-07-09 15:04:30,643 INFO  client.GrpcClientProtocolClient (GrpcClientProtocolClient.java:onNext(255)) - client-A9DCF8B8BD5B->529edf8e-8eae-4246-b33f-5e44130d441c: receive RaftClientReply:client-A9DCF8B8BD5B->529edf8e-8eae-4246-b33f-5e44130d441c@group-A1CD1332DC7D, cid=1753, SUCCESS, logIndex=2506, commits[529edf8e-8eae-4246-b33f-5e44130d441c:c2507, 79bffca9-b028-4c53-a657-872ed973be73:c2505, 15654dff-55cd-4f70-96d8-4abf0c061563:c2505]
2019-07-09 15:04:30,643 INFO  client.GrpcClientProtocolClient (GrpcClientProtocolClient.java:onNext(255)) - client-A9DCF8B8BD5B->529edf8e-8eae-4246-b33f-5e44130d441c: receive RaftClientReply:client-A9DCF8B8BD5B->529edf8e-8eae-4246-b33f-5e44130d441c@group-A1CD1332DC7D, cid=1754, SUCCESS, logIndex=2507, commits[529edf8e-8eae-4246-b33f-5e44130d441c:c2507, 79bffca9-b028-4c53-a657-872ed973be73:c2505, 15654dff-55cd-4f70-96d8-4abf0c061563:c2505]
2019-07-09 15:04:30,657 INFO  client.GrpcClientProtocolClient (GrpcClientProtocolClient.java:onNext(255)) - client-A9DCF8B8BD5B->529edf8e-8eae-4246-b33f-5e44130d441c: receive RaftClientReply:client-A9DCF8B8BD5B->529edf8e-8eae-4246-b33f-5e44130d441c@group-A1CD1332DC7D, cid=1755, SUCCESS, logIndex=2510, commits[529edf8e-8eae-4246-b33f-5e44130d441c:c2511, 79bffca9-b028-4c53-a657-872ed973be73:c2507, 15654dff-55cd-4f70-96d8-4abf0c061563:c2507]
2019-07-09 15:04:30,657 INFO  client.GrpcClientProtocolClient (GrpcClientProtocolClient.java:onNext(255)) - client-A9DCF8B8BD5B->529edf8e-8eae-4246-b33f-5e44130d441c: receive RaftClientReply:client-A9DCF8B8BD5B->529edf8e-8eae-4246-b33f-5e44130d441c@group-A1CD1332DC7D, cid=1756, SUCCESS, logIndex=2511, commits[529edf8e-8eae-4246-b33f-5e44130d441c:c2511, 79bffca9-b028-4c53-a657-872ed973be73:c2507, 15654dff-55cd-4f70-96d8-4abf0c061563:c2507]
2019-07-09 15:04:30,670 INFO  client.GrpcClientProtocolClient (GrpcClientProtocolClient.java:onNext(255)) - client-A9DCF8B8BD5B->529edf8e-8eae-4246-b33f-5e44130d441c: receive RaftClientReply:client-A9DCF8B8BD5B->529edf8e-8eae-4246-b33f-5e44130d441c@group-A1CD1332DC7D, cid=1757, SUCCESS, logIndex=0, commits[529edf8e-8eae-4246-b33f-5e44130d441c:c2513, 79bffca9-b028-4c53-a657-872ed973be73:c2511, 15654dff-55cd-4f70-96d8-4abf0c061563:c2511]
2019-07-09 15:04:30,702 INFO  client.GrpcClientProtocolClient (GrpcClientProtocolClient.java:onNext(255)) - client-A9DCF8B8BD5B->529edf8e-8eae-4246-b33f-5e44130d441c: receive RaftClientReply:client-A9DCF8B8BD5B->529edf8e-8eae-4246-b33f-5e44130d441c@group-A1CD1332DC7D, cid=1758, SUCCESS, logIndex=2514, commits[529edf8e-8eae-4246-b33f-5e44130d441c:c2516, 79bffca9-b028-4c53-a657-872ed973be73:c2513, 15654dff-55cd-4f70-96d8-4abf0c061563:c2513]
2019-07-09 15:04:30,703 INFO  client.GrpcClientProtocolClient (GrpcClientProtocolClient.java:onNext(255)) - client-A9DCF8B8BD5B->529edf8e-8eae-4246-b33f-5e44130d441c: receive RaftClientReply:client-A9DCF8B8BD5B->529edf8e-8eae-4246-b33f-5e44130d441c@group-A1CD1332DC7D, cid=1759, SUCCESS, logIndex=2515, commits[529edf8e-8eae-4246-b33f-5e44130d441c:c2517, 79bffca9-b028-4c53-a657-872ed973be73:c2513, 15654dff-55cd-4f70-96d8-4abf0c061563:c2513]
2019-07-09 15:04:30,703 INFO  client.GrpcClientProtocolClient (GrpcClientProtocolClient.java:onNext(255)) - client-A9DCF8B8BD5B->529edf8e-8eae-4246-b33f-5e44130d441c: receive RaftClientReply:client-A9DCF8B8BD5B->529edf8e-8eae-4246-b33f-5e44130d441c@group-A1CD1332DC7D, cid=1760, SUCCESS, logIndex=2516, commits[529edf8e-8eae-4246-b33f-5e44130d441c:c2517, 79bffca9-b028-4c53-a657-872ed973be73:c2513, 15654dff-55cd-4f70-96d8-4abf0c061563:c2513]
2019-07-09 15:04:30,703 INFO  client.GrpcClientProtocolClient (GrpcClientProtocolClient.java:onNext(255)) - client-A9DCF8B8BD5B->529edf8e-8eae-4246-b33f-5e44130d441c: receive RaftClientReply:client-A9DCF8B8BD5B->529edf8e-8eae-4246-b33f-5e44130d441c@group-A1CD1332DC7D, cid=1761, SUCCESS, logIndex=2517, commits[529edf8e-8eae-4246-b33f-5e44130d441c:c2517, 79bffca9-b028-4c53-a657-872ed973be73:c2513, 15654dff-55cd-4f70-96d8-4abf0c061563:c2513]
2019-07-09 15:04:30,713 INFO  client.GrpcClientProtocolClient (GrpcClientProtocolClient.java:onNext(255)) - client-A9DCF8B8BD5B->529edf8e-8eae-4246-b33f-5e44130d441c: receive RaftClientReply:client-A9DCF8B8BD5B->529edf8e-8eae-4246-b33f-5e44130d441c@group-A1CD1332DC7D, cid=1762, SUCCESS, logIndex=0, commits[529edf8e-8eae-4246-b33f-5e44130d441c:c2518, 79bffca9-b028-4c53-a657-872ed973be73:c2515, 15654dff-55cd-4f70-96d8-4abf0c061563:c2515]
2019-07-09 15:04:30,760 INFO  client.GrpcClientProtocolClient (GrpcClientProtocolClient.java:onNext(255)) - client-A9DCF8B8BD5B->529edf8e-8eae-4246-b33f-5e44130d441c: receive RaftClientReply:client-A9DCF8B8BD5B->529edf8e-8eae-4246-b33f-5e44130d441c@group-A1CD1332DC7D, cid=1763, SUCCESS, logIndex=2522, commits[529edf8e-8eae-4246-b33f-5e44130d441c:c2523, 79bffca9-b028-4c53-a657-872ed973be73:c2521, 15654dff-55cd-4f70-96d8-4abf0c061563:c2521]
2019-07-09 15:04:30,761 INFO  client.GrpcClientProtocolClient (GrpcClientProtocolClient.java:onNext(255)) - client-A9DCF8B8BD5B->529edf8e-8eae-4246-b33f-5e44130d441c: receive RaftClientReply:client-A9DCF8B8BD5B->529edf8e-8eae-4246-b33f-5e44130d441c@group-A1CD1332DC7D, cid=1764, SUCCESS, logIndex=2523, commits[529edf8e-8eae-4246-b33f-5e44130d441c:c2523, 79bffca9-b028-4c53-a657-872ed973be73:c2521, 15654dff-55cd-4f70-96d8-4abf0c061563:c2521]
2019-07-09 15:04:30,775 INFO  client.GrpcClientProtocolClient (GrpcClientProtocolClient.java:onNext(255)) - client-A9DCF8B8BD5B->529edf8e-8eae-4246-b33f-5e44130d441c: receive RaftClientReply:client-A9DCF8B8BD5B->529edf8e-8eae-4246-b33f-5e44130d441c@group-A1CD1332DC7D, cid=1765, SUCCESS, logIndex=2526, commits[529edf8e-8eae-4246-b33f-5e44130d441c:c2527, 79bffca9-b028-4c53-a657-872ed973be73:c2523, 15654dff-55cd-4f70-96d8-4abf0c061563:c2522]
2019-07-09 15:04:30,775 INFO  client.GrpcClientProtocolClient (GrpcClientProtocolClient.java:onNext(255)) - client-A9DCF8B8BD5B->529edf8e-8eae-4246-b33f-5e44130d441c: receive RaftClientReply:client-A9DCF8B8BD5B->529edf8e-8eae-4246-b33f-5e44130d441c@group-A1CD1332DC7D, cid=1766, SUCCESS, logIndex=2527, commits[529edf8e-8eae-4246-b33f-5e44130d441c:c2527, 79bffca9-b028-4c53-a657-872ed973be73:c2523, 15654dff-55cd-4f70-96d8-4abf0c061563:c2523]
2019-07-09 15:04:30,777 INFO  client.GrpcClientProtocolClient (GrpcClientProtocolClient.java:onNext(255)) - client-A9DCF8B8BD5B->529edf8e-8eae-4246-b33f-5e44130d441c: receive RaftClientReply:client-A9DCF8B8BD5B->529edf8e-8eae-4246-b33f-5e44130d441c@group-A1CD1332DC7D, cid=1767, SUCCESS, logIndex=0, commits[529edf8e-8eae-4246-b33f-5e44130d441c:c2528, 79bffca9-b028-4c53-a657-872ed973be73:c2527, 15654dff-55cd-4f70-96d8-4abf0c061563:c2527]
2019-07-09 15:04:30,807 INFO  client.GrpcClientProtocolClient (GrpcClientProtocolClient.java:onNext(255)) - client-A9DCF8B8BD5B->529edf8e-8eae-4246-b33f-5e44130d441c: receive RaftClientReply:client-A9DCF8B8BD5B->529edf8e-8eae-4246-b33f-5e44130d441c@group-A1CD1332DC7D, cid=1768, SUCCESS, logIndex=2530, commits[529edf8e-8eae-4246-b33f-5e44130d441c:c2531, 79bffca9-b028-4c53-a657-872ed973be73:c2529, 15654dff-55cd-4f70-96d8-4abf0c061563:c2529]
2019-07-09 15:04:30,807 INFO  client.GrpcClientProtocolClient (GrpcClientProtocolClient.java:onNext(255)) - client-A9DCF8B8BD5B->529edf8e-8eae-4246-b33f-5e44130d441c: receive RaftClientReply:client-A9DCF8B8BD5B->529edf8e-8eae-4246-b33f-5e44130d441c@group-A1CD1332DC7D, cid=1769, SUCCESS, logIndex=2531, commits[529edf8e-8eae-4246-b33f-5e44130d441c:c2533, 79bffca9-b028-4c53-a657-872ed973be73:c2529, 15654dff-55cd-4f70-96d8-4abf0c061563:c2529]
2019-07-09 15:04:30,808 INFO  client.GrpcClientProtocolClient (GrpcClientProtocolClient.java:onNext(255)) - client-A9DCF8B8BD5B->529edf8e-8eae-4246-b33f-5e44130d441c: receive RaftClientReply:client-A9DCF8B8BD5B->529edf8e-8eae-4246-b33f-5e44130d441c@group-A1CD1332DC7D, cid=1770, SUCCESS, logIndex=2532, commits[529edf8e-8eae-4246-b33f-5e44130d441c:c2533, 79bffca9-b028-4c53-a657-872ed973be73:c2529, 15654dff-55cd-4f70-96d8-4abf0c061563:c2529]
2019-07-09 15:04:30,809 INFO  client.GrpcClientProtocolClient (GrpcClientProtocolClient.java:onNext(255)) - client-A9DCF8B8BD5B->529edf8e-8eae-4246-b33f-5e44130d441c: receive RaftClientReply:client-A9DCF8B8BD5B->529edf8e-8eae-4246-b33f-5e44130d441c@group-A1CD1332DC7D, cid=1771, SUCCESS, logIndex=2533, commits[529edf8e-8eae-4246-b33f-5e44130d441c:c2534, 79bffca9-b028-4c53-a657-872ed973be73:c2531, 15654dff-55cd-4f70-96d8-4abf0c061563:c2529]
2019-07-09 15:04:30,810 INFO  client.GrpcClientProtocolClient (GrpcClientProtocolClient.java:onNext(255)) - client-A9DCF8B8BD5B->529edf8e-8eae-4246-b33f-5e44130d441c: receive RaftClientReply:client-A9DCF8B8BD5B->529edf8e-8eae-4246-b33f-5e44130d441c@group-A1CD1332DC7D, cid=1772, SUCCESS, logIndex=0, commits[529edf8e-8eae-4246-b33f-5e44130d441c:c2537, 79bffca9-b028-4c53-a657-872ed973be73:c2533, 15654dff-55cd-4f70-96d8-4abf0c061563:c2532]
2019-07-09 15:04:30,837 INFO  client.GrpcClientProtocolClient (GrpcClientProtocolClient.java:onNext(255)) - client-A9DCF8B8BD5B->529edf8e-8eae-4246-b33f-5e44130d441c: receive RaftClientReply:client-A9DCF8B8BD5B->529edf8e-8eae-4246-b33f-5e44130d441c@group-A1CD1332DC7D, cid=1773, SUCCESS, logIndex=2538, commits[529edf8e-8eae-4246-b33f-5e44130d441c:c2539, 79bffca9-b028-4c53-a657-872ed973be73:c2537, 15654dff-55cd-4f70-96d8-4abf0c061563:c2537]
2019-07-09 15:04:30,838 INFO  client.GrpcClientProtocolClient (GrpcClientProtocolClient.java:onNext(255)) - client-A9DCF8B8BD5B->529edf8e-8eae-4246-b33f-5e44130d441c: receive RaftClientReply:client-A9DCF8B8BD5B->529edf8e-8eae-4246-b33f-5e44130d441c@group-A1CD1332DC7D, cid=1774, SUCCESS, logIndex=2539, commits[529edf8e-8eae-4246-b33f-5e44130d441c:c2539, 79bffca9-b028-4c53-a657-872ed973be73:c2537, 15654dff-55cd-4f70-96d8-4abf0c061563:c2537]
2019-07-09 15:04:30,852 INFO  client.GrpcClientProtocolClient (GrpcClientProtocolClient.java:onNext(255)) - client-A9DCF8B8BD5B->529edf8e-8eae-4246-b33f-5e44130d441c: receive RaftClientReply:client-A9DCF8B8BD5B->529edf8e-8eae-4246-b33f-5e44130d441c@group-A1CD1332DC7D, cid=1775, SUCCESS, logIndex=2542, commits[529edf8e-8eae-4246-b33f-5e44130d441c:c2543, 79bffca9-b028-4c53-a657-872ed973be73:c2539, 15654dff-55cd-4f70-96d8-4abf0c061563:c2539]
2019-07-09 15:04:30,852 INFO  client.GrpcClientProtocolClient (GrpcClientProtocolClient.java:onNext(255)) - client-A9DCF8B8BD5B->529edf8e-8eae-4246-b33f-5e44130d441c: receive RaftClientReply:client-A9DCF8B8BD5B->529edf8e-8eae-4246-b33f-5e44130d441c@group-A1CD1332DC7D, cid=1776, SUCCESS, logIndex=2543, commits[529edf8e-8eae-4246-b33f-5e44130d441c:c2543, 79bffca9-b028-4c53-a657-872ed973be73:c2539, 15654dff-55cd-4f70-96d8-4abf0c061563:c2539]
2019-07-09 15:04:30,863 INFO  client.GrpcClientProtocolClient (GrpcClientProtocolClient.java:onNext(255)) - client-A9DCF8B8BD5B->529edf8e-8eae-4246-b33f-5e44130d441c: receive RaftClientReply:client-A9DCF8B8BD5B->529edf8e-8eae-4246-b33f-5e44130d441c@group-A1CD1332DC7D, cid=1777, SUCCESS, logIndex=0, commits[529edf8e-8eae-4246-b33f-5e44130d441c:c2545, 79bffca9-b028-4c53-a657-872ed973be73:c2543, 15654dff-55cd-4f70-96d8-4abf0c061563:c2543]
2019-07-09 15:04:30,893 INFO  client.GrpcClientProtocolClient (GrpcClientProtocolClient.java:onNext(255)) - client-A9DCF8B8BD5B->529edf8e-8eae-4246-b33f-5e44130d441c: receive RaftClientReply:client-A9DCF8B8BD5B->529edf8e-8eae-4246-b33f-5e44130d441c@group-A1CD1332DC7D, cid=1778, SUCCESS, logIndex=2546, commits[529edf8e-8eae-4246-b33f-5e44130d441c:c2547, 79bffca9-b028-4c53-a657-872ed973be73:c2545, 15654dff-55cd-4f70-96d8-4abf0c061563:c2545]
2019-07-09 15:04:30,894 INFO  client.GrpcClientProtocolClient (GrpcClientProtocolClient.java:onNext(255)) - client-A9DCF8B8BD5B->529edf8e-8eae-4246-b33f-5e44130d441c: receive RaftClientReply:client-A9DCF8B8BD5B->529edf8e-8eae-4246-b33f-5e44130d441c@group-A1CD1332DC7D, cid=1779, SUCCESS, logIndex=2547, commits[529edf8e-8eae-4246-b33f-5e44130d441c:c2549, 79bffca9-b028-4c53-a657-872ed973be73:c2545, 15654dff-55cd-4f70-96d8-4abf0c061563:c2545]
2019-07-09 15:04:30,894 INFO  client.GrpcClientProtocolClient (GrpcClientProtocolClient.java:onNext(255)) - client-A9DCF8B8BD5B->529edf8e-8eae-4246-b33f-5e44130d441c: receive RaftClientReply:client-A9DCF8B8BD5B->529edf8e-8eae-4246-b33f-5e44130d441c@group-A1CD1332DC7D, cid=1780, SUCCESS, logIndex=2548, commits[529edf8e-8eae-4246-b33f-5e44130d441c:c2549, 79bffca9-b028-4c53-a657-872ed973be73:c2545, 15654dff-55cd-4f70-96d8-4abf0c061563:c2545]
2019-07-09 15:04:30,894 INFO  client.GrpcClientProtocolClient (GrpcClientProtocolClient.java:onNext(255)) - client-A9DCF8B8BD5B->529edf8e-8eae-4246-b33f-5e44130d441c: receive RaftClientReply:client-A9DCF8B8BD5B->529edf8e-8eae-4246-b33f-5e44130d441c@group-A1CD1332DC7D, cid=1781, SUCCESS, logIndex=2549, commits[529edf8e-8eae-4246-b33f-5e44130d441c:c2549, 79bffca9-b028-4c53-a657-872ed973be73:c2545, 15654dff-55cd-4f70-96d8-4abf0c061563:c2545]
2019-07-09 15:04:30,906 INFO  client.GrpcClientProtocolClient (GrpcClientProtocolClient.java:onNext(255)) - client-A9DCF8B8BD5B->529edf8e-8eae-4246-b33f-5e44130d441c: receive RaftClientReply:client-A9DCF8B8BD5B->529edf8e-8eae-4246-b33f-5e44130d441c@group-A1CD1332DC7D, cid=1782, SUCCESS, logIndex=0, commits[529edf8e-8eae-4246-b33f-5e44130d441c:c2551, 79bffca9-b028-4c53-a657-872ed973be73:c2547, 15654dff-55cd-4f70-96d8-4abf0c061563:c2547]
 0.00% |█                                                                                                    |  0/1 Time: 0:00:132019-07-09 15:04:30,927 INFO  client.GrpcClientProtocolClient (GrpcClientProtocolClient.java:onNext(255)) - client-A9DCF8B8BD5B->529edf8e-8eae-4246-b33f-5e44130d441c: receive RaftClientReply:client-A9DCF8B8BD5B->529edf8e-8eae-4246-b33f-5e44130d441c@group-A1CD1332DC7D, cid=1783, SUCCESS, logIndex=2553, commits[529edf8e-8eae-4246-b33f-5e44130d441c:c2554, 79bffca9-b028-4c53-a657-872ed973be73:c2552, 15654dff-55cd-4f70-96d8-4abf0c061563:c2552]
2019-07-09 15:04:30,927 INFO  client.GrpcClientProtocolClient (GrpcClientProtocolClient.java:onNext(255)) - client-A9DCF8B8BD5B->529edf8e-8eae-4246-b33f-5e44130d441c: receive RaftClientReply:client-A9DCF8B8BD5B->529edf8e-8eae-4246-b33f-5e44130d441c@group-A1CD1332DC7D, cid=1784, SUCCESS, logIndex=2554, commits[529edf8e-8eae-4246-b33f-5e44130d441c:c2554, 79bffca9-b028-4c53-a657-872ed973be73:c2552, 15654dff-55cd-4f70-96d8-4abf0c061563:c2552]
2019-07-09 15:04:30,940 INFO  client.GrpcClientProtocolClient (GrpcClientProtocolClient.java:onNext(255)) - client-A9DCF8B8BD5B->529edf8e-8eae-4246-b33f-5e44130d441c: receive RaftClientReply:client-A9DCF8B8BD5B->529edf8e-8eae-4246-b33f-5e44130d441c@group-A1CD1332DC7D, cid=1785, SUCCESS, logIndex=2557, commits[529edf8e-8eae-4246-b33f-5e44130d441c:c2558, 79bffca9-b028-4c53-a657-872ed973be73:c2554, 15654dff-55cd-4f70-96d8-4abf0c061563:c2554]
2019-07-09 15:04:30,940 INFO  client.GrpcClientProtocolClient (GrpcClientProtocolClient.java:onNext(255)) - client-A9DCF8B8BD5B->529edf8e-8eae-4246-b33f-5e44130d441c: receive RaftClientReply:client-A9DCF8B8BD5B->529edf8e-8eae-4246-b33f-5e44130d441c@group-A1CD1332DC7D, cid=1786, SUCCESS, logIndex=2558, commits[529edf8e-8eae-4246-b33f-5e44130d441c:c2558, 79bffca9-b028-4c53-a657-872ed973be73:c2554, 15654dff-55cd-4f70-96d8-4abf0c061563:c2554]
2019-07-09 15:04:30,961 INFO  client.GrpcClientProtocolClient (GrpcClientProtocolClient.java:onNext(255)) - client-A9DCF8B8BD5B->529edf8e-8eae-4246-b33f-5e44130d441c: receive RaftClientReply:client-A9DCF8B8BD5B->529edf8e-8eae-4246-b33f-5e44130d441c@group-A1CD1332DC7D, cid=1787, SUCCESS, logIndex=0, commits[529edf8e-8eae-4246-b33f-5e44130d441c:c2559, 79bffca9-b028-4c53-a657-872ed973be73:c2558, 15654dff-55cd-4f70-96d8-4abf0c061563:c2558]
2019-07-09 15:04:30,992 INFO  client.GrpcClientProtocolClient (GrpcClientProtocolClient.java:onNext(255)) - client-A9DCF8B8BD5B->529edf8e-8eae-4246-b33f-5e44130d441c: receive RaftClientReply:client-A9DCF8B8BD5B->529edf8e-8eae-4246-b33f-5e44130d441c@group-A1CD1332DC7D, cid=1788, SUCCESS, logIndex=2561, commits[529edf8e-8eae-4246-b33f-5e44130d441c:c2562, 79bffca9-b028-4c53-a657-872ed973be73:c2560, 15654dff-55cd-4f70-96d8-4abf0c061563:c2560]
2019-07-09 15:04:30,992 INFO  client.GrpcClientProtocolClient (GrpcClientProtocolClient.java:onNext(255)) - client-A9DCF8B8BD5B->529edf8e-8eae-4246-b33f-5e44130d441c: receive RaftClientReply:client-A9DCF8B8BD5B->529edf8e-8eae-4246-b33f-5e44130d441c@group-A1CD1332DC7D, cid=1789, SUCCESS, logIndex=2562, commits[529edf8e-8eae-4246-b33f-5e44130d441c:c2562, 79bffca9-b028-4c53-a657-872ed973be73:c2560, 15654dff-55cd-4f70-96d8-4abf0c061563:c2560]
2019-07-09 15:04:30,993 INFO  client.GrpcClientProtocolClient (GrpcClientProtocolClient.java:onNext(255)) - client-A9DCF8B8BD5B->529edf8e-8eae-4246-b33f-5e44130d441c: receive RaftClientReply:client-A9DCF8B8BD5B->529edf8e-8eae-4246-b33f-5e44130d441c@group-A1CD1332DC7D, cid=1790, SUCCESS, logIndex=2563, commits[529edf8e-8eae-4246-b33f-5e44130d441c:c2563, 79bffca9-b028-4c53-a657-872ed973be73:c2560, 15654dff-55cd-4f70-96d8-4abf0c061563:c2560]
2019-07-09 15:04:30,994 INFO  client.GrpcClientProtocolClient (GrpcClientProtocolClient.java:onNext(255)) - client-A9DCF8B8BD5B->529edf8e-8eae-4246-b33f-5e44130d441c: receive RaftClientReply:client-A9DCF8B8BD5B->529edf8e-8eae-4246-b33f-5e44130d441c@group-A1CD1332DC7D, cid=1791, SUCCESS, logIndex=2564, commits[529edf8e-8eae-4246-b33f-5e44130d441c:c2564, 79bffca9-b028-4c53-a657-872ed973be73:c2560, 15654dff-55cd-4f70-96d8-4abf0c061563:c2560]
2019-07-09 15:04:30,995 INFO  client.GrpcClientProtocolClient (GrpcClientProtocolClient.java:onNext(255)) - client-A9DCF8B8BD5B->529edf8e-8eae-4246-b33f-5e44130d441c: receive RaftClientReply:client-A9DCF8B8BD5B->529edf8e-8eae-4246-b33f-5e44130d441c@group-A1CD1332DC7D, cid=1792, SUCCESS, logIndex=0, commits[529edf8e-8eae-4246-b33f-5e44130d441c:c2566, 79bffca9-b028-4c53-a657-872ed973be73:c2562, 15654dff-55cd-4f70-96d8-4abf0c061563:c2562]
2019-07-09 15:04:31,014 INFO  client.GrpcClientProtocolClient (GrpcClientProtocolClient.java:onNext(255)) - client-A9DCF8B8BD5B->529edf8e-8eae-4246-b33f-5e44130d441c: receive RaftClientReply:client-A9DCF8B8BD5B->529edf8e-8eae-4246-b33f-5e44130d441c@group-A1CD1332DC7D, cid=1793, SUCCESS, logIndex=2569, commits[529edf8e-8eae-4246-b33f-5e44130d441c:c2570, 79bffca9-b028-4c53-a657-872ed973be73:c2568, 15654dff-55cd-4f70-96d8-4abf0c061563:c2568]
2019-07-09 15:04:31,014 INFO  client.GrpcClientProtocolClient (GrpcClientProtocolClient.java:onNext(255)) - client-A9DCF8B8BD5B->529edf8e-8eae-4246-b33f-5e44130d441c: receive RaftClientReply:client-A9DCF8B8BD5B->529edf8e-8eae-4246-b33f-5e44130d441c@group-A1CD1332DC7D, cid=1794, SUCCESS, logIndex=2570, commits[529edf8e-8eae-4246-b33f-5e44130d441c:c2570, 79bffca9-b028-4c53-a657-872ed973be73:c2568, 15654dff-55cd-4f70-96d8-4abf0c061563:c2568]
2019-07-09 15:04:31,027 INFO  client.GrpcClientProtocolClient (GrpcClientProtocolClient.java:onNext(255)) - client-A9DCF8B8BD5B->529edf8e-8eae-4246-b33f-5e44130d441c: receive RaftClientReply:client-A9DCF8B8BD5B->529edf8e-8eae-4246-b33f-5e44130d441c@group-A1CD1332DC7D, cid=1795, SUCCESS, logIndex=2573, commits[529edf8e-8eae-4246-b33f-5e44130d441c:c2574, 79bffca9-b028-4c53-a657-872ed973be73:c2570, 15654dff-55cd-4f70-96d8-4abf0c061563:c2569]
2019-07-09 15:04:31,028 INFO  client.GrpcClientProtocolClient (GrpcClientProtocolClient.java:onNext(255)) - client-A9DCF8B8BD5B->529edf8e-8eae-4246-b33f-5e44130d441c: receive RaftClientReply:client-A9DCF8B8BD5B->529edf8e-8eae-4246-b33f-5e44130d441c@group-A1CD1332DC7D, cid=1796, SUCCESS, logIndex=2574, commits[529edf8e-8eae-4246-b33f-5e44130d441c:c2574, 79bffca9-b028-4c53-a657-872ed973be73:c2570, 15654dff-55cd-4f70-96d8-4abf0c061563:c2570]
2019-07-09 15:04:31,030 INFO  client.GrpcClientProtocolClient (GrpcClientProtocolClient.java:onNext(255)) - client-A9DCF8B8BD5B->529edf8e-8eae-4246-b33f-5e44130d441c: receive RaftClientReply:client-A9DCF8B8BD5B->529edf8e-8eae-4246-b33f-5e44130d441c@group-A1CD1332DC7D, cid=1797, SUCCESS, logIndex=0, commits[529edf8e-8eae-4246-b33f-5e44130d441c:c2576, 79bffca9-b028-4c53-a657-872ed973be73:c2574, 15654dff-55cd-4f70-96d8-4abf0c061563:c2574]
2019-07-09 15:04:31,067 INFO  client.GrpcClientProtocolClient (GrpcClientProtocolClient.java:onNext(255)) - client-A9DCF8B8BD5B->529edf8e-8eae-4246-b33f-5e44130d441c: receive RaftClientReply:client-A9DCF8B8BD5B->529edf8e-8eae-4246-b33f-5e44130d441c@group-A1CD1332DC7D, cid=1798, SUCCESS, logIndex=2577, commits[529edf8e-8eae-4246-b33f-5e44130d441c:c2579, 79bffca9-b028-4c53-a657-872ed973be73:c2576, 15654dff-55cd-4f70-96d8-4abf0c061563:c2576]
2019-07-09 15:04:31,067 INFO  client.GrpcClientProtocolClient (GrpcClientProtocolClient.java:onNext(255)) - client-A9DCF8B8BD5B->529edf8e-8eae-4246-b33f-5e44130d441c: receive RaftClientReply:client-A9DCF8B8BD5B->529edf8e-8eae-4246-b33f-5e44130d441c@group-A1CD1332DC7D, cid=1799, SUCCESS, logIndex=2578, commits[529edf8e-8eae-4246-b33f-5e44130d441c:c2580, 79bffca9-b028-4c53-a657-872ed973be73:c2576, 15654dff-55cd-4f70-96d8-4abf0c061563:c2576]
2019-07-09 15:04:31,068 INFO  client.GrpcClientProtocolClient (GrpcClientProtocolClient.java:onNext(255)) - client-A9DCF8B8BD5B->529edf8e-8eae-4246-b33f-5e44130d441c: receive RaftClientReply:client-A9DCF8B8BD5B->529edf8e-8eae-4246-b33f-5e44130d441c@group-A1CD1332DC7D, cid=1800, SUCCESS, logIndex=2579, commits[529edf8e-8eae-4246-b33f-5e44130d441c:c2580, 79bffca9-b028-4c53-a657-872ed973be73:c2576, 15654dff-55cd-4f70-96d8-4abf0c061563:c2576]
2019-07-09 15:04:31,068 INFO  client.GrpcClientProtocolClient (GrpcClientProtocolClient.java:onNext(255)) - client-A9DCF8B8BD5B->529edf8e-8eae-4246-b33f-5e44130d441c: receive RaftClientReply:client-A9DCF8B8BD5B->529edf8e-8eae-4246-b33f-5e44130d441c@group-A1CD1332DC7D, cid=1801, SUCCESS, logIndex=2580, commits[529edf8e-8eae-4246-b33f-5e44130d441c:c2580, 79bffca9-b028-4c53-a657-872ed973be73:c2576, 15654dff-55cd-4f70-96d8-4abf0c061563:c2576]
2019-07-09 15:04:31,078 INFO  client.GrpcClientProtocolClient (GrpcClientProtocolClient.java:onNext(255)) - client-A9DCF8B8BD5B->529edf8e-8eae-4246-b33f-5e44130d441c: receive RaftClientReply:client-A9DCF8B8BD5B->529edf8e-8eae-4246-b33f-5e44130d441c@group-A1CD1332DC7D, cid=1802, SUCCESS, logIndex=0, commits[529edf8e-8eae-4246-b33f-5e44130d441c:c2581, 79bffca9-b028-4c53-a657-872ed973be73:c2578, 15654dff-55cd-4f70-96d8-4abf0c061563:c2578]
2019-07-09 15:04:31,101 INFO  client.GrpcClientProtocolClient (GrpcClientProtocolClient.java:onNext(255)) - client-A9DCF8B8BD5B->529edf8e-8eae-4246-b33f-5e44130d441c: receive RaftClientReply:client-A9DCF8B8BD5B->529edf8e-8eae-4246-b33f-5e44130d441c@group-A1CD1332DC7D, cid=1803, SUCCESS, logIndex=2585, commits[529edf8e-8eae-4246-b33f-5e44130d441c:c2586, 79bffca9-b028-4c53-a657-872ed973be73:c2584, 15654dff-55cd-4f70-96d8-4abf0c061563:c2584]
2019-07-09 15:04:31,102 INFO  client.GrpcClientProtocolClient (GrpcClientProtocolClient.java:onNext(255)) - client-A9DCF8B8BD5B->529edf8e-8eae-4246-b33f-5e44130d441c: receive RaftClientReply:client-A9DCF8B8BD5B->529edf8e-8eae-4246-b33f-5e44130d441c@group-A1CD1332DC7D, cid=1804, SUCCESS, logIndex=2586, commits[529edf8e-8eae-4246-b33f-5e44130d441c:c2586, 79bffca9-b028-4c53-a657-872ed973be73:c2584, 15654dff-55cd-4f70-96d8-4abf0c061563:c2584]
2019-07-09 15:04:31,125 INFO  client.GrpcClientProtocolClient (GrpcClientProtocolClient.java:onNext(255)) - client-A9DCF8B8BD5B->529edf8e-8eae-4246-b33f-5e44130d441c: receive RaftClientReply:client-A9DCF8B8BD5B->529edf8e-8eae-4246-b33f-5e44130d441c@group-A1CD1332DC7D, cid=1805, SUCCESS, logIndex=2589, commits[529edf8e-8eae-4246-b33f-5e44130d441c:c2590, 79bffca9-b028-4c53-a657-872ed973be73:c2586, 15654dff-55cd-4f70-96d8-4abf0c061563:c2586]
2019-07-09 15:04:31,126 INFO  client.GrpcClientProtocolClient (GrpcClientProtocolClient.java:onNext(255)) - client-A9DCF8B8BD5B->529edf8e-8eae-4246-b33f-5e44130d441c: receive RaftClientReply:client-A9DCF8B8BD5B->529edf8e-8eae-4246-b33f-5e44130d441c@group-A1CD1332DC7D, cid=1806, SUCCESS, logIndex=2590, commits[529edf8e-8eae-4246-b33f-5e44130d441c:c2590, 79bffca9-b028-4c53-a657-872ed973be73:c2586, 15654dff-55cd-4f70-96d8-4abf0c061563:c2586]
2019-07-09 15:04:31,137 INFO  client.GrpcClientProtocolClient (GrpcClientProtocolClient.java:onNext(255)) - client-A9DCF8B8BD5B->529edf8e-8eae-4246-b33f-5e44130d441c: receive RaftClientReply:client-A9DCF8B8BD5B->529edf8e-8eae-4246-b33f-5e44130d441c@group-A1CD1332DC7D, cid=1807, SUCCESS, logIndex=0, commits[529edf8e-8eae-4246-b33f-5e44130d441c:c2591, 79bffca9-b028-4c53-a657-872ed973be73:c2590, 15654dff-55cd-4f70-96d8-4abf0c061563:c2590]
2019-07-09 15:04:31,282 INFO  client.GrpcClientProtocolClient (GrpcClientProtocolClient.java:onNext(255)) - client-A9DCF8B8BD5B->529edf8e-8eae-4246-b33f-5e44130d441c: receive RaftClientReply:client-A9DCF8B8BD5B->529edf8e-8eae-4246-b33f-5e44130d441c@group-A1CD1332DC7D, cid=1808, SUCCESS, logIndex=2593, commits[529edf8e-8eae-4246-b33f-5e44130d441c:c2595, 79bffca9-b028-4c53-a657-872ed973be73:c2592, 15654dff-55cd-4f70-96d8-4abf0c061563:c2592]
2019-07-09 15:04:31,283 INFO  client.GrpcClientProtocolClient (GrpcClientProtocolClient.java:onNext(255)) - client-A9DCF8B8BD5B->529edf8e-8eae-4246-b33f-5e44130d441c: receive RaftClientReply:client-A9DCF8B8BD5B->529edf8e-8eae-4246-b33f-5e44130d441c@group-A1CD1332DC7D, cid=1809, SUCCESS, logIndex=2594, commits[529edf8e-8eae-4246-b33f-5e44130d441c:c2596, 79bffca9-b028-4c53-a657-872ed973be73:c2592, 15654dff-55cd-4f70-96d8-4abf0c061563:c2592]
2019-07-09 15:04:31,284 INFO  client.GrpcClientProtocolClient (GrpcClientProtocolClient.java:onNext(255)) - client-A9DCF8B8BD5B->529edf8e-8eae-4246-b33f-5e44130d441c: receive RaftClientReply:client-A9DCF8B8BD5B->529edf8e-8eae-4246-b33f-5e44130d441c@group-A1CD1332DC7D, cid=1810, SUCCESS, logIndex=2595, commits[529edf8e-8eae-4246-b33f-5e44130d441c:c2596, 79bffca9-b028-4c53-a657-872ed973be73:c2592, 15654dff-55cd-4f70-96d8-4abf0c061563:c2592]
2019-07-09 15:04:31,284 INFO  client.GrpcClientProtocolClient (GrpcClientProtocolClient.java:onNext(255)) - client-A9DCF8B8BD5B->529edf8e-8eae-4246-b33f-5e44130d441c: receive RaftClientReply:client-A9DCF8B8BD5B->529edf8e-8eae-4246-b33f-5e44130d441c@group-A1CD1332DC7D, cid=1811, SUCCESS, logIndex=2596, commits[529edf8e-8eae-4246-b33f-5e44130d441c:c2597, 79bffca9-b028-4c53-a657-872ed973be73:c2593, 15654dff-55cd-4f70-96d8-4abf0c061563:c2593]
2019-07-09 15:04:31,286 INFO  client.GrpcClientProtocolClient (GrpcClientProtocolClient.java:onNext(255)) - client-A9DCF8B8BD5B->529edf8e-8eae-4246-b33f-5e44130d441c: receive RaftClientReply:client-A9DCF8B8BD5B->529edf8e-8eae-4246-b33f-5e44130d441c@group-A1CD1332DC7D, cid=1812, SUCCESS, logIndex=0, commits[529edf8e-8eae-4246-b33f-5e44130d441c:c2600, 79bffca9-b028-4c53-a657-872ed973be73:c2596, 15654dff-55cd-4f70-96d8-4abf0c061563:c2595]
2019-07-09 15:04:31,309 INFO  client.GrpcClientProtocolClient (GrpcClientProtocolClient.java:onNext(255)) - client-A9DCF8B8BD5B->529edf8e-8eae-4246-b33f-5e44130d441c: receive RaftClientReply:client-A9DCF8B8BD5B->529edf8e-8eae-4246-b33f-5e44130d441c@group-A1CD1332DC7D, cid=1813, SUCCESS, logIndex=2601, commits[529edf8e-8eae-4246-b33f-5e44130d441c:c2601, 79bffca9-b028-4c53-a657-872ed973be73:c2600, 15654dff-55cd-4f70-96d8-4abf0c061563:c2600]
2019-07-09 15:04:31,309 INFO  client.GrpcClientProtocolClient (GrpcClientProtocolClient.java:onNext(255)) - client-A9DCF8B8BD5B->529edf8e-8eae-4246-b33f-5e44130d441c: receive RaftClientReply:client-A9DCF8B8BD5B->529edf8e-8eae-4246-b33f-5e44130d441c@group-A1CD1332DC7D, cid=1814, SUCCESS, logIndex=2602, commits[529edf8e-8eae-4246-b33f-5e44130d441c:c2602, 79bffca9-b028-4c53-a657-872ed973be73:c2600, 15654dff-55cd-4f70-96d8-4abf0c061563:c2600]
2019-07-09 15:04:31,334 INFO  client.GrpcClientProtocolClient (GrpcClientProtocolClient.java:onNext(255)) - client-A9DCF8B8BD5B->529edf8e-8eae-4246-b33f-5e44130d441c: receive RaftClientReply:client-A9DCF8B8BD5B->529edf8e-8eae-4246-b33f-5e44130d441c@group-A1CD1332DC7D, cid=1815, SUCCESS, logIndex=2605, commits[529edf8e-8eae-4246-b33f-5e44130d441c:c2606, 79bffca9-b028-4c53-a657-872ed973be73:c2602, 15654dff-55cd-4f70-96d8-4abf0c061563:c2602]
2019-07-09 15:04:31,334 INFO  client.GrpcClientProtocolClient (GrpcClientProtocolClient.java:onNext(255)) - client-A9DCF8B8BD5B->529edf8e-8eae-4246-b33f-5e44130d441c: receive RaftClientReply:client-A9DCF8B8BD5B->529edf8e-8eae-4246-b33f-5e44130d441c@group-A1CD1332DC7D, cid=1816, SUCCESS, logIndex=2606, commits[529edf8e-8eae-4246-b33f-5e44130d441c:c2606, 79bffca9-b028-4c53-a657-872ed973be73:c2602, 15654dff-55cd-4f70-96d8-4abf0c061563:c2602]
2019-07-09 15:04:31,346 INFO  client.GrpcClientProtocolClient (GrpcClientProtocolClient.java:onNext(255)) - client-A9DCF8B8BD5B->529edf8e-8eae-4246-b33f-5e44130d441c: receive RaftClientReply:client-A9DCF8B8BD5B->529edf8e-8eae-4246-b33f-5e44130d441c@group-A1CD1332DC7D, cid=1817, SUCCESS, logIndex=0, commits[529edf8e-8eae-4246-b33f-5e44130d441c:c2607, 79bffca9-b028-4c53-a657-872ed973be73:c2606, 15654dff-55cd-4f70-96d8-4abf0c061563:c2606]
2019-07-09 15:04:31,377 INFO  client.GrpcClientProtocolClient (GrpcClientProtocolClient.java:onNext(255)) - client-A9DCF8B8BD5B->529edf8e-8eae-4246-b33f-5e44130d441c: receive RaftClientReply:client-A9DCF8B8BD5B->529edf8e-8eae-4246-b33f-5e44130d441c@group-A1CD1332DC7D, cid=1818, SUCCESS, logIndex=2609, commits[529edf8e-8eae-4246-b33f-5e44130d441c:c2610, 79bffca9-b028-4c53-a657-872ed973be73:c2608, 15654dff-55cd-4f70-96d8-4abf0c061563:c2608]
2019-07-09 15:04:31,377 INFO  client.GrpcClientProtocolClient (GrpcClientProtocolClient.java:onNext(255)) - client-A9DCF8B8BD5B->529edf8e-8eae-4246-b33f-5e44130d441c: receive RaftClientReply:client-A9DCF8B8BD5B->529edf8e-8eae-4246-b33f-5e44130d441c@group-A1CD1332DC7D, cid=1819, SUCCESS, logIndex=2610, commits[529edf8e-8eae-4246-b33f-5e44130d441c:c2612, 79bffca9-b028-4c53-a657-872ed973be73:c2608, 15654dff-55cd-4f70-96d8-4abf0c061563:c2608]
2019-07-09 15:04:31,378 INFO  client.GrpcClientProtocolClient (GrpcClientProtocolClient.java:onNext(255)) - client-A9DCF8B8BD5B->529edf8e-8eae-4246-b33f-5e44130d441c: receive RaftClientReply:client-A9DCF8B8BD5B->529edf8e-8eae-4246-b33f-5e44130d441c@group-A1CD1332DC7D, cid=1820, SUCCESS, logIndex=2611, commits[529edf8e-8eae-4246-b33f-5e44130d441c:c2612, 79bffca9-b028-4c53-a657-872ed973be73:c2608, 15654dff-55cd-4f70-96d8-4abf0c061563:c2608]
2019-07-09 15:04:31,378 INFO  client.GrpcClientProtocolClient (GrpcClientProtocolClient.java:onNext(255)) - client-A9DCF8B8BD5B->529edf8e-8eae-4246-b33f-5e44130d441c: receive RaftClientReply:client-A9DCF8B8BD5B->529edf8e-8eae-4246-b33f-5e44130d441c@group-A1CD1332DC7D, cid=1821, SUCCESS, logIndex=2612, commits[529edf8e-8eae-4246-b33f-5e44130d441c:c2612, 79bffca9-b028-4c53-a657-872ed973be73:c2608, 15654dff-55cd-4f70-96d8-4abf0c061563:c2608]
2019-07-09 15:04:31,380 INFO  client.GrpcClientProtocolClient (GrpcClientProtocolClient.java:onNext(255)) - client-A9DCF8B8BD5B->529edf8e-8eae-4246-b33f-5e44130d441c: receive RaftClientReply:client-A9DCF8B8BD5B->529edf8e-8eae-4246-b33f-5e44130d441c@group-A1CD1332DC7D, cid=1822, SUCCESS, logIndex=0, commits[529edf8e-8eae-4246-b33f-5e44130d441c:c2615, 79bffca9-b028-4c53-a657-872ed973be73:c2610, 15654dff-55cd-4f70-96d8-4abf0c061563:c2611]
2019-07-09 15:04:31,405 INFO  client.GrpcClientProtocolClient (GrpcClientProtocolClient.java:onNext(255)) - client-A9DCF8B8BD5B->529edf8e-8eae-4246-b33f-5e44130d441c: receive RaftClientReply:client-A9DCF8B8BD5B->529edf8e-8eae-4246-b33f-5e44130d441c@group-A1CD1332DC7D, cid=1823, SUCCESS, logIndex=2617, commits[529edf8e-8eae-4246-b33f-5e44130d441c:c2618, 79bffca9-b028-4c53-a657-872ed973be73:c2616, 15654dff-55cd-4f70-96d8-4abf0c061563:c2616]
2019-07-09 15:04:31,405 INFO  client.GrpcClientProtocolClient (GrpcClientProtocolClient.java:onNext(255)) - client-A9DCF8B8BD5B->529edf8e-8eae-4246-b33f-5e44130d441c: receive RaftClientReply:client-A9DCF8B8BD5B->529edf8e-8eae-4246-b33f-5e44130d441c@group-A1CD1332DC7D, cid=1824, SUCCESS, logIndex=2618, commits[529edf8e-8eae-4246-b33f-5e44130d441c:c2618, 79bffca9-b028-4c53-a657-872ed973be73:c2616, 15654dff-55cd-4f70-96d8-4abf0c061563:c2616]
2019-07-09 15:04:31,418 INFO  client.GrpcClientProtocolClient (GrpcClientProtocolClient.java:onNext(255)) - client-A9DCF8B8BD5B->529edf8e-8eae-4246-b33f-5e44130d441c: receive RaftClientReply:client-A9DCF8B8BD5B->529edf8e-8eae-4246-b33f-5e44130d441c@group-A1CD1332DC7D, cid=1825, SUCCESS, logIndex=2621, commits[529edf8e-8eae-4246-b33f-5e44130d441c:c2622, 79bffca9-b028-4c53-a657-872ed973be73:c2618, 15654dff-55cd-4f70-96d8-4abf0c061563:c2618]
2019-07-09 15:04:31,419 INFO  client.GrpcClientProtocolClient (GrpcClientProtocolClient.java:onNext(255)) - client-A9DCF8B8BD5B->529edf8e-8eae-4246-b33f-5e44130d441c: receive RaftClientReply:client-A9DCF8B8BD5B->529edf8e-8eae-4246-b33f-5e44130d441c@group-A1CD1332DC7D, cid=1826, SUCCESS, logIndex=2622, commits[529edf8e-8eae-4246-b33f-5e44130d441c:c2622, 79bffca9-b028-4c53-a657-872ed973be73:c2618, 15654dff-55cd-4f70-96d8-4abf0c061563:c2618]
2019-07-09 15:04:31,430 INFO  client.GrpcClientProtocolClient (GrpcClientProtocolClient.java:onNext(255)) - client-A9DCF8B8BD5B->529edf8e-8eae-4246-b33f-5e44130d441c: receive RaftClientReply:client-A9DCF8B8BD5B->529edf8e-8eae-4246-b33f-5e44130d441c@group-A1CD1332DC7D, cid=1827, SUCCESS, logIndex=0, commits[529edf8e-8eae-4246-b33f-5e44130d441c:c2622, 79bffca9-b028-4c53-a657-872ed973be73:c2622, 15654dff-55cd-4f70-96d8-4abf0c061563:c2622]
2019-07-09 15:04:31,457 INFO  client.GrpcClientProtocolClient (GrpcClientProtocolClient.java:onNext(255)) - client-A9DCF8B8BD5B->529edf8e-8eae-4246-b33f-5e44130d441c: receive RaftClientReply:client-A9DCF8B8BD5B->529edf8e-8eae-4246-b33f-5e44130d441c@group-A1CD1332DC7D, cid=1828, SUCCESS, logIndex=2625, commits[529edf8e-8eae-4246-b33f-5e44130d441c:c2626, 79bffca9-b028-4c53-a657-872ed973be73:c2624, 15654dff-55cd-4f70-96d8-4abf0c061563:c2624]
2019-07-09 15:04:31,458 INFO  client.GrpcClientProtocolClient (GrpcClientProtocolClient.java:onNext(255)) - client-A9DCF8B8BD5B->529edf8e-8eae-4246-b33f-5e44130d441c: receive RaftClientReply:client-A9DCF8B8BD5B->529edf8e-8eae-4246-b33f-5e44130d441c@group-A1CD1332DC7D, cid=1829, SUCCESS, logIndex=2626, commits[529edf8e-8eae-4246-b33f-5e44130d441c:c2626, 79bffca9-b028-4c53-a657-872ed973be73:c2624, 15654dff-55cd-4f70-96d8-4abf0c061563:c2624]
2019-07-09 15:04:31,459 INFO  client.GrpcClientProtocolClient (GrpcClientProtocolClient.java:onNext(255)) - client-A9DCF8B8BD5B->529edf8e-8eae-4246-b33f-5e44130d441c: receive RaftClientReply:client-A9DCF8B8BD5B->529edf8e-8eae-4246-b33f-5e44130d441c@group-A1CD1332DC7D, cid=1830, SUCCESS, logIndex=2627, commits[529edf8e-8eae-4246-b33f-5e44130d441c:c2627, 79bffca9-b028-4c53-a657-872ed973be73:c2624, 15654dff-55cd-4f70-96d8-4abf0c061563:c2624]
2019-07-09 15:04:31,459 INFO  client.GrpcClientProtocolClient (GrpcClientProtocolClient.java:onNext(255)) - client-A9DCF8B8BD5B->529edf8e-8eae-4246-b33f-5e44130d441c: receive RaftClientReply:client-A9DCF8B8BD5B->529edf8e-8eae-4246-b33f-5e44130d441c@group-A1CD1332DC7D, cid=1831, SUCCESS, logIndex=2628, commits[529edf8e-8eae-4246-b33f-5e44130d441c:c2628, 79bffca9-b028-4c53-a657-872ed973be73:c2624, 15654dff-55cd-4f70-96d8-4abf0c061563:c2624]
2019-07-09 15:04:31,461 INFO  client.GrpcClientProtocolClient (GrpcClientProtocolClient.java:onNext(255)) - client-A9DCF8B8BD5B->529edf8e-8eae-4246-b33f-5e44130d441c: receive RaftClientReply:client-A9DCF8B8BD5B->529edf8e-8eae-4246-b33f-5e44130d441c@group-A1CD1332DC7D, cid=1832, SUCCESS, logIndex=0, commits[529edf8e-8eae-4246-b33f-5e44130d441c:c2630, 79bffca9-b028-4c53-a657-872ed973be73:c2626, 15654dff-55cd-4f70-96d8-4abf0c061563:c2626]
2019-07-09 15:04:31,483 INFO  client.GrpcClientProtocolClient (GrpcClientProtocolClient.java:onNext(255)) - client-A9DCF8B8BD5B->529edf8e-8eae-4246-b33f-5e44130d441c: receive RaftClientReply:client-A9DCF8B8BD5B->529edf8e-8eae-4246-b33f-5e44130d441c@group-A1CD1332DC7D, cid=1833, SUCCESS, logIndex=2633, commits[529edf8e-8eae-4246-b33f-5e44130d441c:c2634, 79bffca9-b028-4c53-a657-872ed973be73:c2632, 15654dff-55cd-4f70-96d8-4abf0c061563:c2632]
2019-07-09 15:04:31,483 INFO  client.GrpcClientProtocolClient (GrpcClientProtocolClient.java:onNext(255)) - client-A9DCF8B8BD5B->529edf8e-8eae-4246-b33f-5e44130d441c: receive RaftClientReply:client-A9DCF8B8BD5B->529edf8e-8eae-4246-b33f-5e44130d441c@group-A1CD1332DC7D, cid=1834, SUCCESS, logIndex=2634, commits[529edf8e-8eae-4246-b33f-5e44130d441c:c2634, 79bffca9-b028-4c53-a657-872ed973be73:c2632, 15654dff-55cd-4f70-96d8-4abf0c061563:c2632]
2019-07-09 15:04:31,511 INFO  client.GrpcClientProtocolClient (GrpcClientProtocolClient.java:onNext(255)) - client-A9DCF8B8BD5B->529edf8e-8eae-4246-b33f-5e44130d441c: receive RaftClientReply:client-A9DCF8B8BD5B->529edf8e-8eae-4246-b33f-5e44130d441c@group-A1CD1332DC7D, cid=1835, SUCCESS, logIndex=2637, commits[529edf8e-8eae-4246-b33f-5e44130d441c:c2638, 79bffca9-b028-4c53-a657-872ed973be73:c2634, 15654dff-55cd-4f70-96d8-4abf0c061563:c2634]
2019-07-09 15:04:31,512 INFO  client.GrpcClientProtocolClient (GrpcClientProtocolClient.java:onNext(255)) - client-A9DCF8B8BD5B->529edf8e-8eae-4246-b33f-5e44130d441c: receive RaftClientReply:client-A9DCF8B8BD5B->529edf8e-8eae-4246-b33f-5e44130d441c@group-A1CD1332DC7D, cid=1836, SUCCESS, logIndex=2638, commits[529edf8e-8eae-4246-b33f-5e44130d441c:c2638, 79bffca9-b028-4c53-a657-872ed973be73:c2634, 15654dff-55cd-4f70-96d8-4abf0c061563:c2634]
2019-07-09 15:04:31,524 INFO  client.GrpcClientProtocolClient (GrpcClientProtocolClient.java:onNext(255)) - client-A9DCF8B8BD5B->529edf8e-8eae-4246-b33f-5e44130d441c: receive RaftClientReply:client-A9DCF8B8BD5B->529edf8e-8eae-4246-b33f-5e44130d441c@group-A1CD1332DC7D, cid=1837, SUCCESS, logIndex=0, commits[529edf8e-8eae-4246-b33f-5e44130d441c:c2640, 79bffca9-b028-4c53-a657-872ed973be73:c2638, 15654dff-55cd-4f70-96d8-4abf0c061563:c2638]
2019-07-09 15:04:31,554 INFO  client.GrpcClientProtocolClient (GrpcClientProtocolClient.java:onNext(255)) - client-A9DCF8B8BD5B->529edf8e-8eae-4246-b33f-5e44130d441c: receive RaftClientReply:client-A9DCF8B8BD5B->529edf8e-8eae-4246-b33f-5e44130d441c@group-A1CD1332DC7D, cid=1838, SUCCESS, logIndex=2641, commits[529edf8e-8eae-4246-b33f-5e44130d441c:c2643, 79bffca9-b028-4c53-a657-872ed973be73:c2640, 15654dff-55cd-4f70-96d8-4abf0c061563:c2640]
2019-07-09 15:04:31,554 INFO  client.GrpcClientProtocolClient (GrpcClientProtocolClient.java:onNext(255)) - client-A9DCF8B8BD5B->529edf8e-8eae-4246-b33f-5e44130d441c: receive RaftClientReply:client-A9DCF8B8BD5B->529edf8e-8eae-4246-b33f-5e44130d441c@group-A1CD1332DC7D, cid=1839, SUCCESS, logIndex=2642, commits[529edf8e-8eae-4246-b33f-5e44130d441c:c2644, 79bffca9-b028-4c53-a657-872ed973be73:c2640, 15654dff-55cd-4f70-96d8-4abf0c061563:c2640]
2019-07-09 15:04:31,554 INFO  client.GrpcClientProtocolClient (GrpcClientProtocolClient.java:onNext(255)) - client-A9DCF8B8BD5B->529edf8e-8eae-4246-b33f-5e44130d441c: receive RaftClientReply:client-A9DCF8B8BD5B->529edf8e-8eae-4246-b33f-5e44130d441c@group-A1CD1332DC7D, cid=1840, SUCCESS, logIndex=2643, commits[529edf8e-8eae-4246-b33f-5e44130d441c:c2644, 79bffca9-b028-4c53-a657-872ed973be73:c2640, 15654dff-55cd-4f70-96d8-4abf0c061563:c2640]
2019-07-09 15:04:31,555 INFO  client.GrpcClientProtocolClient (GrpcClientProtocolClient.java:onNext(255)) - client-A9DCF8B8BD5B->529edf8e-8eae-4246-b33f-5e44130d441c: receive RaftClientReply:client-A9DCF8B8BD5B->529edf8e-8eae-4246-b33f-5e44130d441c@group-A1CD1332DC7D, cid=1841, SUCCESS, logIndex=2644, commits[529edf8e-8eae-4246-b33f-5e44130d441c:c2644, 79bffca9-b028-4c53-a657-872ed973be73:c2640, 15654dff-55cd-4f70-96d8-4abf0c061563:c2640]
2019-07-09 15:04:31,566 INFO  client.GrpcClientProtocolClient (GrpcClientProtocolClient.java:onNext(255)) - client-A9DCF8B8BD5B->529edf8e-8eae-4246-b33f-5e44130d441c: receive RaftClientReply:client-A9DCF8B8BD5B->529edf8e-8eae-4246-b33f-5e44130d441c@group-A1CD1332DC7D, cid=1842, SUCCESS, logIndex=0, commits[529edf8e-8eae-4246-b33f-5e44130d441c:c2646, 79bffca9-b028-4c53-a657-872ed973be73:c2642, 15654dff-55cd-4f70-96d8-4abf0c061563:c2642]
2019-07-09 15:04:31,585 INFO  client.GrpcClientProtocolClient (GrpcClientProtocolClient.java:onNext(255)) - client-A9DCF8B8BD5B->529edf8e-8eae-4246-b33f-5e44130d441c: receive RaftClientReply:client-A9DCF8B8BD5B->529edf8e-8eae-4246-b33f-5e44130d441c@group-A1CD1332DC7D, cid=1843, SUCCESS, logIndex=2649, commits[529edf8e-8eae-4246-b33f-5e44130d441c:c2650, 79bffca9-b028-4c53-a657-872ed973be73:c2648, 15654dff-55cd-4f70-96d8-4abf0c061563:c2648]
2019-07-09 15:04:31,586 INFO  client.GrpcClientProtocolClient (GrpcClientProtocolClient.java:onNext(255)) - client-A9DCF8B8BD5B->529edf8e-8eae-4246-b33f-5e44130d441c: receive RaftClientReply:client-A9DCF8B8BD5B->529edf8e-8eae-4246-b33f-5e44130d441c@group-A1CD1332DC7D, cid=1844, SUCCESS, logIndex=2650, commits[529edf8e-8eae-4246-b33f-5e44130d441c:c2650, 79bffca9-b028-4c53-a657-872ed973be73:c2648, 15654dff-55cd-4f70-96d8-4abf0c061563:c2648]
2019-07-09 15:04:31,599 INFO  client.GrpcClientProtocolClient (GrpcClientProtocolClient.java:onNext(255)) - client-A9DCF8B8BD5B->529edf8e-8eae-4246-b33f-5e44130d441c: receive RaftClientReply:client-A9DCF8B8BD5B->529edf8e-8eae-4246-b33f-5e44130d441c@group-A1CD1332DC7D, cid=1845, SUCCESS, logIndex=2653, commits[529edf8e-8eae-4246-b33f-5e44130d441c:c2654, 79bffca9-b028-4c53-a657-872ed973be73:c2650, 15654dff-55cd-4f70-96d8-4abf0c061563:c2650]
2019-07-09 15:04:31,599 INFO  client.GrpcClientProtocolClient (GrpcClientProtocolClient.java:onNext(255)) - client-A9DCF8B8BD5B->529edf8e-8eae-4246-b33f-5e44130d441c: receive RaftClientReply:client-A9DCF8B8BD5B->529edf8e-8eae-4246-b33f-5e44130d441c@group-A1CD1332DC7D, cid=1846, SUCCESS, logIndex=2654, commits[529edf8e-8eae-4246-b33f-5e44130d441c:c2654, 79bffca9-b028-4c53-a657-872ed973be73:c2650, 15654dff-55cd-4f70-96d8-4abf0c061563:c2650]
2019-07-09 15:04:31,613 INFO  client.GrpcClientProtocolClient (GrpcClientProtocolClient.java:onNext(255)) - client-A9DCF8B8BD5B->529edf8e-8eae-4246-b33f-5e44130d441c: receive RaftClientReply:client-A9DCF8B8BD5B->529edf8e-8eae-4246-b33f-5e44130d441c@group-A1CD1332DC7D, cid=1847, SUCCESS, logIndex=0, commits[529edf8e-8eae-4246-b33f-5e44130d441c:c2656, 79bffca9-b028-4c53-a657-872ed973be73:c2654, 15654dff-55cd-4f70-96d8-4abf0c061563:c2654]
2019-07-09 15:04:31,643 INFO  client.GrpcClientProtocolClient (GrpcClientProtocolClient.java:onNext(255)) - client-A9DCF8B8BD5B->529edf8e-8eae-4246-b33f-5e44130d441c: receive RaftClientReply:client-A9DCF8B8BD5B->529edf8e-8eae-4246-b33f-5e44130d441c@group-A1CD1332DC7D, cid=1848, SUCCESS, logIndex=2657, commits[529edf8e-8eae-4246-b33f-5e44130d441c:c2658, 79bffca9-b028-4c53-a657-872ed973be73:c2656, 15654dff-55cd-4f70-96d8-4abf0c061563:c2656]
2019-07-09 15:04:31,644 INFO  client.GrpcClientProtocolClient (GrpcClientProtocolClient.java:onNext(255)) - client-A9DCF8B8BD5B->529edf8e-8eae-4246-b33f-5e44130d441c: receive RaftClientReply:client-A9DCF8B8BD5B->529edf8e-8eae-4246-b33f-5e44130d441c@group-A1CD1332DC7D, cid=1849, SUCCESS, logIndex=2658, commits[529edf8e-8eae-4246-b33f-5e44130d441c:c2660, 79bffca9-b028-4c53-a657-872ed973be73:c2656, 15654dff-55cd-4f70-96d8-4abf0c061563:c2656]
2019-07-09 15:04:31,644 INFO  client.GrpcClientProtocolClient (GrpcClientProtocolClient.java:onNext(255)) - client-A9DCF8B8BD5B->529edf8e-8eae-4246-b33f-5e44130d441c: receive RaftClientReply:client-A9DCF8B8BD5B->529edf8e-8eae-4246-b33f-5e44130d441c@group-A1CD1332DC7D, cid=1850, SUCCESS, logIndex=2659, commits[529edf8e-8eae-4246-b33f-5e44130d441c:c2660, 79bffca9-b028-4c53-a657-872ed973be73:c2656, 15654dff-55cd-4f70-96d8-4abf0c061563:c2656]
2019-07-09 15:04:31,644 INFO  client.GrpcClientProtocolClient (GrpcClientProtocolClient.java:onNext(255)) - client-A9DCF8B8BD5B->529edf8e-8eae-4246-b33f-5e44130d441c: receive RaftClientReply:client-A9DCF8B8BD5B->529edf8e-8eae-4246-b33f-5e44130d441c@group-A1CD1332DC7D, cid=1851, SUCCESS, logIndex=2660, commits[529edf8e-8eae-4246-b33f-5e44130d441c:c2660, 79bffca9-b028-4c53-a657-872ed973be73:c2656, 15654dff-55cd-4f70-96d8-4abf0c061563:c2656]
2019-07-09 15:04:31,646 INFO  client.GrpcClientProtocolClient (GrpcClientProtocolClient.java:onNext(255)) - client-A9DCF8B8BD5B->529edf8e-8eae-4246-b33f-5e44130d441c: receive RaftClientReply:client-A9DCF8B8BD5B->529edf8e-8eae-4246-b33f-5e44130d441c@group-A1CD1332DC7D, cid=1852, SUCCESS, logIndex=0, commits[529edf8e-8eae-4246-b33f-5e44130d441c:c2662, 79bffca9-b028-4c53-a657-872ed973be73:c2658, 15654dff-55cd-4f70-96d8-4abf0c061563:c2658]
2019-07-09 15:04:31,666 INFO  client.GrpcClientProtocolClient (GrpcClientProtocolClient.java:onNext(255)) - client-A9DCF8B8BD5B->529edf8e-8eae-4246-b33f-5e44130d441c: receive RaftClientReply:client-A9DCF8B8BD5B->529edf8e-8eae-4246-b33f-5e44130d441c@group-A1CD1332DC7D, cid=1853, SUCCESS, logIndex=2665, commits[529edf8e-8eae-4246-b33f-5e44130d441c:c2666, 79bffca9-b028-4c53-a657-872ed973be73:c2664, 15654dff-55cd-4f70-96d8-4abf0c061563:c2664]
2019-07-09 15:04:31,667 INFO  client.GrpcClientProtocolClient (GrpcClientProtocolClient.java:onNext(255)) - client-A9DCF8B8BD5B->529edf8e-8eae-4246-b33f-5e44130d441c: receive RaftClientReply:client-A9DCF8B8BD5B->529edf8e-8eae-4246-b33f-5e44130d441c@group-A1CD1332DC7D, cid=1854, SUCCESS, logIndex=2666, commits[529edf8e-8eae-4246-b33f-5e44130d441c:c2666, 79bffca9-b028-4c53-a657-872ed973be73:c2664, 15654dff-55cd-4f70-96d8-4abf0c061563:c2664]
2019-07-09 15:04:31,679 INFO  client.GrpcClientProtocolClient (GrpcClientProtocolClient.java:onNext(255)) - client-A9DCF8B8BD5B->529edf8e-8eae-4246-b33f-5e44130d441c: receive RaftClientReply:client-A9DCF8B8BD5B->529edf8e-8eae-4246-b33f-5e44130d441c@group-A1CD1332DC7D, cid=1855, SUCCESS, logIndex=2669, commits[529edf8e-8eae-4246-b33f-5e44130d441c:c2670, 79bffca9-b028-4c53-a657-872ed973be73:c2666, 15654dff-55cd-4f70-96d8-4abf0c061563:c2666]
2019-07-09 15:04:31,682 INFO  client.GrpcClientProtocolClient (GrpcClientProtocolClient.java:onNext(255)) - client-A9DCF8B8BD5B->529edf8e-8eae-4246-b33f-5e44130d441c: receive RaftClientReply:client-A9DCF8B8BD5B->529edf8e-8eae-4246-b33f-5e44130d441c@group-A1CD1332DC7D, cid=1856, SUCCESS, logIndex=2670, commits[529edf8e-8eae-4246-b33f-5e44130d441c:c2670, 79bffca9-b028-4c53-a657-872ed973be73:c2666, 15654dff-55cd-4f70-96d8-4abf0c061563:c2666]
2019-07-09 15:04:31,693 INFO  client.GrpcClientProtocolClient (GrpcClientProtocolClient.java:onNext(255)) - client-A9DCF8B8BD5B->529edf8e-8eae-4246-b33f-5e44130d441c: receive RaftClientReply:client-A9DCF8B8BD5B->529edf8e-8eae-4246-b33f-5e44130d441c@group-A1CD1332DC7D, cid=1857, SUCCESS, logIndex=0, commits[529edf8e-8eae-4246-b33f-5e44130d441c:c2672, 79bffca9-b028-4c53-a657-872ed973be73:c2670, 15654dff-55cd-4f70-96d8-4abf0c061563:c2670]
2019-07-09 15:04:31,720 INFO  client.GrpcClientProtocolClient (GrpcClientProtocolClient.java:onNext(255)) - client-A9DCF8B8BD5B->529edf8e-8eae-4246-b33f-5e44130d441c: receive RaftClientReply:client-A9DCF8B8BD5B->529edf8e-8eae-4246-b33f-5e44130d441c@group-A1CD1332DC7D, cid=1858, SUCCESS, logIndex=2673, commits[529edf8e-8eae-4246-b33f-5e44130d441c:c2674, 79bffca9-b028-4c53-a657-872ed973be73:c2672, 15654dff-55cd-4f70-96d8-4abf0c061563:c2672]
2019-07-09 15:04:31,721 INFO  client.GrpcClientProtocolClient (GrpcClientProtocolClient.java:onNext(255)) - client-A9DCF8B8BD5B->529edf8e-8eae-4246-b33f-5e44130d441c: receive RaftClientReply:client-A9DCF8B8BD5B->529edf8e-8eae-4246-b33f-5e44130d441c@group-A1CD1332DC7D, cid=1859, SUCCESS, logIndex=2674, commits[529edf8e-8eae-4246-b33f-5e44130d441c:c2676, 79bffca9-b028-4c53-a657-872ed973be73:c2672, 15654dff-55cd-4f70-96d8-4abf0c061563:c2672]
2019-07-09 15:04:31,722 INFO  client.GrpcClientProtocolClient (GrpcClientProtocolClient.java:onNext(255)) - client-A9DCF8B8BD5B->529edf8e-8eae-4246-b33f-5e44130d441c: receive RaftClientReply:client-A9DCF8B8BD5B->529edf8e-8eae-4246-b33f-5e44130d441c@group-A1CD1332DC7D, cid=1860, SUCCESS, logIndex=2675, commits[529edf8e-8eae-4246-b33f-5e44130d441c:c2676, 79bffca9-b028-4c53-a657-872ed973be73:c2672, 15654dff-55cd-4f70-96d8-4abf0c061563:c2672]
2019-07-09 15:04:31,722 INFO  client.GrpcClientProtocolClient (GrpcClientProtocolClient.java:onNext(255)) - client-A9DCF8B8BD5B->529edf8e-8eae-4246-b33f-5e44130d441c: receive RaftClientReply:client-A9DCF8B8BD5B->529edf8e-8eae-4246-b33f-5e44130d441c@group-A1CD1332DC7D, cid=1861, SUCCESS, logIndex=2676, commits[529edf8e-8eae-4246-b33f-5e44130d441c:c2677, 79bffca9-b028-4c53-a657-872ed973be73:c2673, 15654dff-55cd-4f70-96d8-4abf0c061563:c2673]
2019-07-09 15:04:31,723 INFO  client.GrpcClientProtocolClient (GrpcClientProtocolClient.java:onNext(255)) - client-A9DCF8B8BD5B->529edf8e-8eae-4246-b33f-5e44130d441c: receive RaftClientReply:client-A9DCF8B8BD5B->529edf8e-8eae-4246-b33f-5e44130d441c@group-A1CD1332DC7D, cid=1862, SUCCESS, logIndex=0, commits[529edf8e-8eae-4246-b33f-5e44130d441c:c2678, 79bffca9-b028-4c53-a657-872ed973be73:c2674, 15654dff-55cd-4f70-96d8-4abf0c061563:c2674]
2019-07-09 15:04:31,743 INFO  client.GrpcClientProtocolClient (GrpcClientProtocolClient.java:onNext(255)) - client-A9DCF8B8BD5B->529edf8e-8eae-4246-b33f-5e44130d441c: receive RaftClientReply:client-A9DCF8B8BD5B->529edf8e-8eae-4246-b33f-5e44130d441c@group-A1CD1332DC7D, cid=1863, SUCCESS, logIndex=2680, commits[529edf8e-8eae-4246-b33f-5e44130d441c:c2681, 79bffca9-b028-4c53-a657-872ed973be73:c2679, 15654dff-55cd-4f70-96d8-4abf0c061563:c2679]
2019-07-09 15:04:31,744 INFO  client.GrpcClientProtocolClient (GrpcClientProtocolClient.java:onNext(255)) - client-A9DCF8B8BD5B->529edf8e-8eae-4246-b33f-5e44130d441c: receive RaftClientReply:client-A9DCF8B8BD5B->529edf8e-8eae-4246-b33f-5e44130d441c@group-A1CD1332DC7D, cid=1864, SUCCESS, logIndex=2681, commits[529edf8e-8eae-4246-b33f-5e44130d441c:c2681, 79bffca9-b028-4c53-a657-872ed973be73:c2679, 15654dff-55cd-4f70-96d8-4abf0c061563:c2679]
2019-07-09 15:04:31,757 INFO  client.GrpcClientProtocolClient (GrpcClientProtocolClient.java:onNext(255)) - client-A9DCF8B8BD5B->529edf8e-8eae-4246-b33f-5e44130d441c: receive RaftClientReply:client-A9DCF8B8BD5B->529edf8e-8eae-4246-b33f-5e44130d441c@group-A1CD1332DC7D, cid=1865, SUCCESS, logIndex=2684, commits[529edf8e-8eae-4246-b33f-5e44130d441c:c2685, 79bffca9-b028-4c53-a657-872ed973be73:c2681, 15654dff-55cd-4f70-96d8-4abf0c061563:c2681]
2019-07-09 15:04:31,757 INFO  client.GrpcClientProtocolClient (GrpcClientProtocolClient.java:onNext(255)) - client-A9DCF8B8BD5B->529edf8e-8eae-4246-b33f-5e44130d441c: receive RaftClientReply:client-A9DCF8B8BD5B->529edf8e-8eae-4246-b33f-5e44130d441c@group-A1CD1332DC7D, cid=1866, SUCCESS, logIndex=2685, commits[529edf8e-8eae-4246-b33f-5e44130d441c:c2685, 79bffca9-b028-4c53-a657-872ed973be73:c2681, 15654dff-55cd-4f70-96d8-4abf0c061563:c2681]
2019-07-09 15:04:31,788 INFO  client.GrpcClientProtocolClient (GrpcClientProtocolClient.java:onNext(255)) - client-A9DCF8B8BD5B->529edf8e-8eae-4246-b33f-5e44130d441c: receive RaftClientReply:client-A9DCF8B8BD5B->529edf8e-8eae-4246-b33f-5e44130d441c@group-A1CD1332DC7D, cid=1867, SUCCESS, logIndex=0, commits[529edf8e-8eae-4246-b33f-5e44130d441c:c2687, 79bffca9-b028-4c53-a657-872ed973be73:c2685, 15654dff-55cd-4f70-96d8-4abf0c061563:c2685]
2019-07-09 15:04:31,819 INFO  client.GrpcClientProtocolClient (GrpcClientProtocolClient.java:onNext(255)) - client-A9DCF8B8BD5B->529edf8e-8eae-4246-b33f-5e44130d441c: receive RaftClientReply:client-A9DCF8B8BD5B->529edf8e-8eae-4246-b33f-5e44130d441c@group-A1CD1332DC7D, cid=1868, SUCCESS, logIndex=2688, commits[529edf8e-8eae-4246-b33f-5e44130d441c:c2689, 79bffca9-b028-4c53-a657-872ed973be73:c2687, 15654dff-55cd-4f70-96d8-4abf0c061563:c2687]
2019-07-09 15:04:31,819 INFO  client.GrpcClientProtocolClient (GrpcClientProtocolClient.java:onNext(255)) - client-A9DCF8B8BD5B->529edf8e-8eae-4246-b33f-5e44130d441c: receive RaftClientReply:client-A9DCF8B8BD5B->529edf8e-8eae-4246-b33f-5e44130d441c@group-A1CD1332DC7D, cid=1869, SUCCESS, logIndex=2689, commits[529edf8e-8eae-4246-b33f-5e44130d441c:c2691, 79bffca9-b028-4c53-a657-872ed973be73:c2687, 15654dff-55cd-4f70-96d8-4abf0c061563:c2687]
2019-07-09 15:04:31,820 INFO  client.GrpcClientProtocolClient (GrpcClientProtocolClient.java:onNext(255)) - client-A9DCF8B8BD5B->529edf8e-8eae-4246-b33f-5e44130d441c: receive RaftClientReply:client-A9DCF8B8BD5B->529edf8e-8eae-4246-b33f-5e44130d441c@group-A1CD1332DC7D, cid=1870, SUCCESS, logIndex=2690, commits[529edf8e-8eae-4246-b33f-5e44130d441c:c2691, 79bffca9-b028-4c53-a657-872ed973be73:c2687, 15654dff-55cd-4f70-96d8-4abf0c061563:c2687]
2019-07-09 15:04:31,820 INFO  client.GrpcClientProtocolClient (GrpcClientProtocolClient.java:onNext(255)) - client-A9DCF8B8BD5B->529edf8e-8eae-4246-b33f-5e44130d441c: receive RaftClientReply:client-A9DCF8B8BD5B->529edf8e-8eae-4246-b33f-5e44130d441c@group-A1CD1332DC7D, cid=1871, SUCCESS, logIndex=2691, commits[529edf8e-8eae-4246-b33f-5e44130d441c:c2691, 79bffca9-b028-4c53-a657-872ed973be73:c2687, 15654dff-55cd-4f70-96d8-4abf0c061563:c2687]
2019-07-09 15:04:31,822 INFO  client.GrpcClientProtocolClient (GrpcClientProtocolClient.java:onNext(255)) - client-A9DCF8B8BD5B->529edf8e-8eae-4246-b33f-5e44130d441c: receive RaftClientReply:client-A9DCF8B8BD5B->529edf8e-8eae-4246-b33f-5e44130d441c@group-A1CD1332DC7D, cid=1872, SUCCESS, logIndex=0, commits[529edf8e-8eae-4246-b33f-5e44130d441c:c2693, 79bffca9-b028-4c53-a657-872ed973be73:c2689, 15654dff-55cd-4f70-96d8-4abf0c061563:c2689]
2019-07-09 15:04:31,844 INFO  client.GrpcClientProtocolClient (GrpcClientProtocolClient.java:onNext(255)) - client-A9DCF8B8BD5B->529edf8e-8eae-4246-b33f-5e44130d441c: receive RaftClientReply:client-A9DCF8B8BD5B->529edf8e-8eae-4246-b33f-5e44130d441c@group-A1CD1332DC7D, cid=1873, SUCCESS, logIndex=2695, commits[529edf8e-8eae-4246-b33f-5e44130d441c:c2696, 79bffca9-b028-4c53-a657-872ed973be73:c2694, 15654dff-55cd-4f70-96d8-4abf0c061563:c2694]
2019-07-09 15:04:31,845 INFO  client.GrpcClientProtocolClient (GrpcClientProtocolClient.java:onNext(255)) - client-A9DCF8B8BD5B->529edf8e-8eae-4246-b33f-5e44130d441c: receive RaftClientReply:client-A9DCF8B8BD5B->529edf8e-8eae-4246-b33f-5e44130d441c@group-A1CD1332DC7D, cid=1874, SUCCESS, logIndex=2696, commits[529edf8e-8eae-4246-b33f-5e44130d441c:c2696, 79bffca9-b028-4c53-a657-872ed973be73:c2694, 15654dff-55cd-4f70-96d8-4abf0c061563:c2694]
 0.00% |█                                                                                                    |  0/1 Time: 0:00:142019-07-09 15:04:31,991 INFO  client.GrpcClientProtocolClient (GrpcClientProtocolClient.java:onNext(255)) - client-A9DCF8B8BD5B->529edf8e-8eae-4246-b33f-5e44130d441c: receive RaftClientReply:client-A9DCF8B8BD5B->529edf8e-8eae-4246-b33f-5e44130d441c@group-A1CD1332DC7D, cid=1875, SUCCESS, logIndex=2699, commits[529edf8e-8eae-4246-b33f-5e44130d441c:c2700, 79bffca9-b028-4c53-a657-872ed973be73:c2698, 15654dff-55cd-4f70-96d8-4abf0c061563:c2698]
2019-07-09 15:04:31,992 INFO  client.GrpcClientProtocolClient (GrpcClientProtocolClient.java:onNext(255)) - client-A9DCF8B8BD5B->529edf8e-8eae-4246-b33f-5e44130d441c: receive RaftClientReply:client-A9DCF8B8BD5B->529edf8e-8eae-4246-b33f-5e44130d441c@group-A1CD1332DC7D, cid=1876, SUCCESS, logIndex=2700, commits[529edf8e-8eae-4246-b33f-5e44130d441c:c2700, 79bffca9-b028-4c53-a657-872ed973be73:c2698, 15654dff-55cd-4f70-96d8-4abf0c061563:c2698]
2019-07-09 15:04:32,002 INFO  client.GrpcClientProtocolClient (GrpcClientProtocolClient.java:onNext(255)) - client-A9DCF8B8BD5B->529edf8e-8eae-4246-b33f-5e44130d441c: receive RaftClientReply:client-A9DCF8B8BD5B->529edf8e-8eae-4246-b33f-5e44130d441c@group-A1CD1332DC7D, cid=1877, SUCCESS, logIndex=0, commits[529edf8e-8eae-4246-b33f-5e44130d441c:c2701, 79bffca9-b028-4c53-a657-872ed973be73:c2700, 15654dff-55cd-4f70-96d8-4abf0c061563:c2700]
2019-07-09 15:04:32,038 INFO  client.GrpcClientProtocolClient (GrpcClientProtocolClient.java:onNext(255)) - client-A9DCF8B8BD5B->529edf8e-8eae-4246-b33f-5e44130d441c: receive RaftClientReply:client-A9DCF8B8BD5B->529edf8e-8eae-4246-b33f-5e44130d441c@group-A1CD1332DC7D, cid=1878, SUCCESS, logIndex=2702, commits[529edf8e-8eae-4246-b33f-5e44130d441c:c2703, 79bffca9-b028-4c53-a657-872ed973be73:c2701, 15654dff-55cd-4f70-96d8-4abf0c061563:c2701]
2019-07-09 15:04:32,039 INFO  client.GrpcClientProtocolClient (GrpcClientProtocolClient.java:onNext(255)) - client-A9DCF8B8BD5B->529edf8e-8eae-4246-b33f-5e44130d441c: receive RaftClientReply:client-A9DCF8B8BD5B->529edf8e-8eae-4246-b33f-5e44130d441c@group-A1CD1332DC7D, cid=1879, SUCCESS, logIndex=2703, commits[529edf8e-8eae-4246-b33f-5e44130d441c:c2705, 79bffca9-b028-4c53-a657-872ed973be73:c2701, 15654dff-55cd-4f70-96d8-4abf0c061563:c2701]
2019-07-09 15:04:32,039 INFO  client.GrpcClientProtocolClient (GrpcClientProtocolClient.java:onNext(255)) - client-A9DCF8B8BD5B->529edf8e-8eae-4246-b33f-5e44130d441c: receive RaftClientReply:client-A9DCF8B8BD5B->529edf8e-8eae-4246-b33f-5e44130d441c@group-A1CD1332DC7D, cid=1880, SUCCESS, logIndex=2704, commits[529edf8e-8eae-4246-b33f-5e44130d441c:c2706, 79bffca9-b028-4c53-a657-872ed973be73:c2701, 15654dff-55cd-4f70-96d8-4abf0c061563:c2702]
2019-07-09 15:04:32,039 INFO  client.GrpcClientProtocolClient (GrpcClientProtocolClient.java:onNext(255)) - client-A9DCF8B8BD5B->529edf8e-8eae-4246-b33f-5e44130d441c: receive RaftClientReply:client-A9DCF8B8BD5B->529edf8e-8eae-4246-b33f-5e44130d441c@group-A1CD1332DC7D, cid=1881, SUCCESS, logIndex=2705, commits[529edf8e-8eae-4246-b33f-5e44130d441c:c2706, 79bffca9-b028-4c53-a657-872ed973be73:c2701, 15654dff-55cd-4f70-96d8-4abf0c061563:c2702]
2019-07-09 15:04:32,040 INFO  client.GrpcClientProtocolClient (GrpcClientProtocolClient.java:onNext(255)) - client-A9DCF8B8BD5B->529edf8e-8eae-4246-b33f-5e44130d441c: receive RaftClientReply:client-A9DCF8B8BD5B->529edf8e-8eae-4246-b33f-5e44130d441c@group-A1CD1332DC7D, cid=1882, SUCCESS, logIndex=0, commits[529edf8e-8eae-4246-b33f-5e44130d441c:c2709, 79bffca9-b028-4c53-a657-872ed973be73:c2703, 15654dff-55cd-4f70-96d8-4abf0c061563:c2705]
2019-07-09 15:04:32,064 INFO  client.GrpcClientProtocolClient (GrpcClientProtocolClient.java:onNext(255)) - client-A9DCF8B8BD5B->529edf8e-8eae-4246-b33f-5e44130d441c: receive RaftClientReply:client-A9DCF8B8BD5B->529edf8e-8eae-4246-b33f-5e44130d441c@group-A1CD1332DC7D, cid=1883, SUCCESS, logIndex=2710, commits[529edf8e-8eae-4246-b33f-5e44130d441c:c2711, 79bffca9-b028-4c53-a657-872ed973be73:c2709, 15654dff-55cd-4f70-96d8-4abf0c061563:c2709]
2019-07-09 15:04:32,065 INFO  client.GrpcClientProtocolClient (GrpcClientProtocolClient.java:onNext(255)) - client-A9DCF8B8BD5B->529edf8e-8eae-4246-b33f-5e44130d441c: receive RaftClientReply:client-A9DCF8B8BD5B->529edf8e-8eae-4246-b33f-5e44130d441c@group-A1CD1332DC7D, cid=1884, SUCCESS, logIndex=2711, commits[529edf8e-8eae-4246-b33f-5e44130d441c:c2711, 79bffca9-b028-4c53-a657-872ed973be73:c2709, 15654dff-55cd-4f70-96d8-4abf0c061563:c2709]
2019-07-09 15:04:32,078 INFO  client.GrpcClientProtocolClient (GrpcClientProtocolClient.java:onNext(255)) - client-A9DCF8B8BD5B->529edf8e-8eae-4246-b33f-5e44130d441c: receive RaftClientReply:client-A9DCF8B8BD5B->529edf8e-8eae-4246-b33f-5e44130d441c@group-A1CD1332DC7D, cid=1885, SUCCESS, logIndex=2714, commits[529edf8e-8eae-4246-b33f-5e44130d441c:c2714, 79bffca9-b028-4c53-a657-872ed973be73:c2711, 15654dff-55cd-4f70-96d8-4abf0c061563:c2711]
2019-07-09 15:04:32,078 INFO  client.GrpcClientProtocolClient (GrpcClientProtocolClient.java:onNext(255)) - client-A9DCF8B8BD5B->529edf8e-8eae-4246-b33f-5e44130d441c: receive RaftClientReply:client-A9DCF8B8BD5B->529edf8e-8eae-4246-b33f-5e44130d441c@group-A1CD1332DC7D, cid=1886, SUCCESS, logIndex=2715, commits[529edf8e-8eae-4246-b33f-5e44130d441c:c2715, 79bffca9-b028-4c53-a657-872ed973be73:c2711, 15654dff-55cd-4f70-96d8-4abf0c061563:c2711]
2019-07-09 15:04:32,091 INFO  client.GrpcClientProtocolClient (GrpcClientProtocolClient.java:onNext(255)) - client-A9DCF8B8BD5B->529edf8e-8eae-4246-b33f-5e44130d441c: receive RaftClientReply:client-A9DCF8B8BD5B->529edf8e-8eae-4246-b33f-5e44130d441c@group-A1CD1332DC7D, cid=1887, SUCCESS, logIndex=0, commits[529edf8e-8eae-4246-b33f-5e44130d441c:c2717, 79bffca9-b028-4c53-a657-872ed973be73:c2715, 15654dff-55cd-4f70-96d8-4abf0c061563:c2715]
2019-07-09 15:04:32,122 INFO  client.GrpcClientProtocolClient (GrpcClientProtocolClient.java:onNext(255)) - client-A9DCF8B8BD5B->529edf8e-8eae-4246-b33f-5e44130d441c: receive RaftClientReply:client-A9DCF8B8BD5B->529edf8e-8eae-4246-b33f-5e44130d441c@group-A1CD1332DC7D, cid=1888, SUCCESS, logIndex=2718, commits[529edf8e-8eae-4246-b33f-5e44130d441c:c2719, 79bffca9-b028-4c53-a657-872ed973be73:c2717, 15654dff-55cd-4f70-96d8-4abf0c061563:c2717]
2019-07-09 15:04:32,123 INFO  client.GrpcClientProtocolClient (GrpcClientProtocolClient.java:onNext(255)) - client-A9DCF8B8BD5B->529edf8e-8eae-4246-b33f-5e44130d441c: receive RaftClientReply:client-A9DCF8B8BD5B->529edf8e-8eae-4246-b33f-5e44130d441c@group-A1CD1332DC7D, cid=1889, SUCCESS, logIndex=2719, commits[529edf8e-8eae-4246-b33f-5e44130d441c:c2721, 79bffca9-b028-4c53-a657-872ed973be73:c2717, 15654dff-55cd-4f70-96d8-4abf0c061563:c2717]
2019-07-09 15:04:32,123 INFO  client.GrpcClientProtocolClient (GrpcClientProtocolClient.java:onNext(255)) - client-A9DCF8B8BD5B->529edf8e-8eae-4246-b33f-5e44130d441c: receive RaftClientReply:client-A9DCF8B8BD5B->529edf8e-8eae-4246-b33f-5e44130d441c@group-A1CD1332DC7D, cid=1890, SUCCESS, logIndex=2720, commits[529edf8e-8eae-4246-b33f-5e44130d441c:c2721, 79bffca9-b028-4c53-a657-872ed973be73:c2717, 15654dff-55cd-4f70-96d8-4abf0c061563:c2717]
2019-07-09 15:04:32,124 INFO  client.GrpcClientProtocolClient (GrpcClientProtocolClient.java:onNext(255)) - client-A9DCF8B8BD5B->529edf8e-8eae-4246-b33f-5e44130d441c: receive RaftClientReply:client-A9DCF8B8BD5B->529edf8e-8eae-4246-b33f-5e44130d441c@group-A1CD1332DC7D, cid=1891, SUCCESS, logIndex=2721, commits[529edf8e-8eae-4246-b33f-5e44130d441c:c2721, 79bffca9-b028-4c53-a657-872ed973be73:c2717, 15654dff-55cd-4f70-96d8-4abf0c061563:c2717]
2019-07-09 15:04:32,135 INFO  client.GrpcClientProtocolClient (GrpcClientProtocolClient.java:onNext(255)) - client-A9DCF8B8BD5B->529edf8e-8eae-4246-b33f-5e44130d441c: receive RaftClientReply:client-A9DCF8B8BD5B->529edf8e-8eae-4246-b33f-5e44130d441c@group-A1CD1332DC7D, cid=1892, SUCCESS, logIndex=0, commits[529edf8e-8eae-4246-b33f-5e44130d441c:c2723, 79bffca9-b028-4c53-a657-872ed973be73:c2719, 15654dff-55cd-4f70-96d8-4abf0c061563:c2719]
2019-07-09 15:04:32,154 INFO  client.GrpcClientProtocolClient (GrpcClientProtocolClient.java:onNext(255)) - client-A9DCF8B8BD5B->529edf8e-8eae-4246-b33f-5e44130d441c: receive RaftClientReply:client-A9DCF8B8BD5B->529edf8e-8eae-4246-b33f-5e44130d441c@group-A1CD1332DC7D, cid=1893, SUCCESS, logIndex=2726, commits[529edf8e-8eae-4246-b33f-5e44130d441c:c2727, 79bffca9-b028-4c53-a657-872ed973be73:c2725, 15654dff-55cd-4f70-96d8-4abf0c061563:c2725]
2019-07-09 15:04:32,154 INFO  client.GrpcClientProtocolClient (GrpcClientProtocolClient.java:onNext(255)) - client-A9DCF8B8BD5B->529edf8e-8eae-4246-b33f-5e44130d441c: receive RaftClientReply:client-A9DCF8B8BD5B->529edf8e-8eae-4246-b33f-5e44130d441c@group-A1CD1332DC7D, cid=1894, SUCCESS, logIndex=2727, commits[529edf8e-8eae-4246-b33f-5e44130d441c:c2727, 79bffca9-b028-4c53-a657-872ed973be73:c2725, 15654dff-55cd-4f70-96d8-4abf0c061563:c2725]
2019-07-09 15:04:32,169 INFO  client.GrpcClientProtocolClient (GrpcClientProtocolClient.java:onNext(255)) - client-A9DCF8B8BD5B->529edf8e-8eae-4246-b33f-5e44130d441c: receive RaftClientReply:client-A9DCF8B8BD5B->529edf8e-8eae-4246-b33f-5e44130d441c@group-A1CD1332DC7D, cid=1895, SUCCESS, logIndex=2730, commits[529edf8e-8eae-4246-b33f-5e44130d441c:c2731, 79bffca9-b028-4c53-a657-872ed973be73:c2727, 15654dff-55cd-4f70-96d8-4abf0c061563:c2727]
2019-07-09 15:04:32,169 INFO  client.GrpcClientProtocolClient (GrpcClientProtocolClient.java:onNext(255)) - client-A9DCF8B8BD5B->529edf8e-8eae-4246-b33f-5e44130d441c: receive RaftClientReply:client-A9DCF8B8BD5B->529edf8e-8eae-4246-b33f-5e44130d441c@group-A1CD1332DC7D, cid=1896, SUCCESS, logIndex=2731, commits[529edf8e-8eae-4246-b33f-5e44130d441c:c2731, 79bffca9-b028-4c53-a657-872ed973be73:c2727, 15654dff-55cd-4f70-96d8-4abf0c061563:c2727]
2019-07-09 15:04:32,180 INFO  client.GrpcClientProtocolClient (GrpcClientProtocolClient.java:onNext(255)) - client-A9DCF8B8BD5B->529edf8e-8eae-4246-b33f-5e44130d441c: receive RaftClientReply:client-A9DCF8B8BD5B->529edf8e-8eae-4246-b33f-5e44130d441c@group-A1CD1332DC7D, cid=1897, SUCCESS, logIndex=0, commits[529edf8e-8eae-4246-b33f-5e44130d441c:c2732, 79bffca9-b028-4c53-a657-872ed973be73:c2731, 15654dff-55cd-4f70-96d8-4abf0c061563:c2731]
2019-07-09 15:04:32,207 INFO  client.GrpcClientProtocolClient (GrpcClientProtocolClient.java:onNext(255)) - client-A9DCF8B8BD5B->529edf8e-8eae-4246-b33f-5e44130d441c: receive RaftClientReply:client-A9DCF8B8BD5B->529edf8e-8eae-4246-b33f-5e44130d441c@group-A1CD1332DC7D, cid=1898, SUCCESS, logIndex=2734, commits[529edf8e-8eae-4246-b33f-5e44130d441c:c2736, 79bffca9-b028-4c53-a657-872ed973be73:c2733, 15654dff-55cd-4f70-96d8-4abf0c061563:c2733]
2019-07-09 15:04:32,207 INFO  client.GrpcClientProtocolClient (GrpcClientProtocolClient.java:onNext(255)) - client-A9DCF8B8BD5B->529edf8e-8eae-4246-b33f-5e44130d441c: receive RaftClientReply:client-A9DCF8B8BD5B->529edf8e-8eae-4246-b33f-5e44130d441c@group-A1CD1332DC7D, cid=1899, SUCCESS, logIndex=2735, commits[529edf8e-8eae-4246-b33f-5e44130d441c:c2737, 79bffca9-b028-4c53-a657-872ed973be73:c2733, 15654dff-55cd-4f70-96d8-4abf0c061563:c2733]
2019-07-09 15:04:32,208 INFO  client.GrpcClientProtocolClient (GrpcClientProtocolClient.java:onNext(255)) - client-A9DCF8B8BD5B->529edf8e-8eae-4246-b33f-5e44130d441c: receive RaftClientReply:client-A9DCF8B8BD5B->529edf8e-8eae-4246-b33f-5e44130d441c@group-A1CD1332DC7D, cid=1900, SUCCESS, logIndex=2736, commits[529edf8e-8eae-4246-b33f-5e44130d441c:c2737, 79bffca9-b028-4c53-a657-872ed973be73:c2733, 15654dff-55cd-4f70-96d8-4abf0c061563:c2733]
2019-07-09 15:04:32,208 INFO  client.GrpcClientProtocolClient (GrpcClientProtocolClient.java:onNext(255)) - client-A9DCF8B8BD5B->529edf8e-8eae-4246-b33f-5e44130d441c: receive RaftClientReply:client-A9DCF8B8BD5B->529edf8e-8eae-4246-b33f-5e44130d441c@group-A1CD1332DC7D, cid=1901, SUCCESS, logIndex=2737, commits[529edf8e-8eae-4246-b33f-5e44130d441c:c2738, 79bffca9-b028-4c53-a657-872ed973be73:c2733, 15654dff-55cd-4f70-96d8-4abf0c061563:c2735]
2019-07-09 15:04:32,210 INFO  client.GrpcClientProtocolClient (GrpcClientProtocolClient.java:onNext(255)) - client-A9DCF8B8BD5B->529edf8e-8eae-4246-b33f-5e44130d441c: receive RaftClientReply:client-A9DCF8B8BD5B->529edf8e-8eae-4246-b33f-5e44130d441c@group-A1CD1332DC7D, cid=1902, SUCCESS, logIndex=0, commits[529edf8e-8eae-4246-b33f-5e44130d441c:c2739, 79bffca9-b028-4c53-a657-872ed973be73:c2735, 15654dff-55cd-4f70-96d8-4abf0c061563:c2735]
2019-07-09 15:04:32,224 INFO  client.GrpcClientProtocolClient (GrpcClientProtocolClient.java:onNext(255)) - client-A9DCF8B8BD5B->529edf8e-8eae-4246-b33f-5e44130d441c: receive RaftClientReply:client-A9DCF8B8BD5B->529edf8e-8eae-4246-b33f-5e44130d441c@group-A1CD1332DC7D, cid=1903, SUCCESS, logIndex=2742, commits[529edf8e-8eae-4246-b33f-5e44130d441c:c2743, 79bffca9-b028-4c53-a657-872ed973be73:c2737, 15654dff-55cd-4f70-96d8-4abf0c061563:c2740]
2019-07-09 15:04:32,225 INFO  client.GrpcClientProtocolClient (GrpcClientProtocolClient.java:onNext(255)) - client-A9DCF8B8BD5B->529edf8e-8eae-4246-b33f-5e44130d441c: receive RaftClientReply:client-A9DCF8B8BD5B->529edf8e-8eae-4246-b33f-5e44130d441c@group-A1CD1332DC7D, cid=1904, SUCCESS, logIndex=2743, commits[529edf8e-8eae-4246-b33f-5e44130d441c:c2743, 79bffca9-b028-4c53-a657-872ed973be73:c2740, 15654dff-55cd-4f70-96d8-4abf0c061563:c2740]
2019-07-09 15:04:32,239 INFO  client.GrpcClientProtocolClient (GrpcClientProtocolClient.java:onNext(255)) - client-A9DCF8B8BD5B->529edf8e-8eae-4246-b33f-5e44130d441c: receive RaftClientReply:client-A9DCF8B8BD5B->529edf8e-8eae-4246-b33f-5e44130d441c@group-A1CD1332DC7D, cid=1905, SUCCESS, logIndex=2745, commits[529edf8e-8eae-4246-b33f-5e44130d441c:c2746, 79bffca9-b028-4c53-a657-872ed973be73:c2743, 15654dff-55cd-4f70-96d8-4abf0c061563:c2743]
2019-07-09 15:04:32,239 INFO  client.GrpcClientProtocolClient (GrpcClientProtocolClient.java:onNext(255)) - client-A9DCF8B8BD5B->529edf8e-8eae-4246-b33f-5e44130d441c: receive RaftClientReply:client-A9DCF8B8BD5B->529edf8e-8eae-4246-b33f-5e44130d441c@group-A1CD1332DC7D, cid=1906, SUCCESS, logIndex=2746, commits[529edf8e-8eae-4246-b33f-5e44130d441c:c2746, 79bffca9-b028-4c53-a657-872ed973be73:c2743, 15654dff-55cd-4f70-96d8-4abf0c061563:c2743]
2019-07-09 15:04:32,253 INFO  client.GrpcClientProtocolClient (GrpcClientProtocolClient.java:onNext(255)) - client-A9DCF8B8BD5B->529edf8e-8eae-4246-b33f-5e44130d441c: receive RaftClientReply:client-A9DCF8B8BD5B->529edf8e-8eae-4246-b33f-5e44130d441c@group-A1CD1332DC7D, cid=1907, SUCCESS, logIndex=0, commits[529edf8e-8eae-4246-b33f-5e44130d441c:c2748, 79bffca9-b028-4c53-a657-872ed973be73:c2746, 15654dff-55cd-4f70-96d8-4abf0c061563:c2746]
2019-07-09 15:04:32,282 INFO  client.GrpcClientProtocolClient (GrpcClientProtocolClient.java:onNext(255)) - client-A9DCF8B8BD5B->529edf8e-8eae-4246-b33f-5e44130d441c: receive RaftClientReply:client-A9DCF8B8BD5B->529edf8e-8eae-4246-b33f-5e44130d441c@group-A1CD1332DC7D, cid=1908, SUCCESS, logIndex=2749, commits[529edf8e-8eae-4246-b33f-5e44130d441c:c2751, 79bffca9-b028-4c53-a657-872ed973be73:c2748, 15654dff-55cd-4f70-96d8-4abf0c061563:c2748]
2019-07-09 15:04:32,282 INFO  client.GrpcClientProtocolClient (GrpcClientProtocolClient.java:onNext(255)) - client-A9DCF8B8BD5B->529edf8e-8eae-4246-b33f-5e44130d441c: receive RaftClientReply:client-A9DCF8B8BD5B->529edf8e-8eae-4246-b33f-5e44130d441c@group-A1CD1332DC7D, cid=1909, SUCCESS, logIndex=2750, commits[529edf8e-8eae-4246-b33f-5e44130d441c:c2752, 79bffca9-b028-4c53-a657-872ed973be73:c2748, 15654dff-55cd-4f70-96d8-4abf0c061563:c2748]
2019-07-09 15:04:32,283 INFO  client.GrpcClientProtocolClient (GrpcClientProtocolClient.java:onNext(255)) - client-A9DCF8B8BD5B->529edf8e-8eae-4246-b33f-5e44130d441c: receive RaftClientReply:client-A9DCF8B8BD5B->529edf8e-8eae-4246-b33f-5e44130d441c@group-A1CD1332DC7D, cid=1910, SUCCESS, logIndex=2751, commits[529edf8e-8eae-4246-b33f-5e44130d441c:c2752, 79bffca9-b028-4c53-a657-872ed973be73:c2748, 15654dff-55cd-4f70-96d8-4abf0c061563:c2748]
2019-07-09 15:04:32,283 INFO  client.GrpcClientProtocolClient (GrpcClientProtocolClient.java:onNext(255)) - client-A9DCF8B8BD5B->529edf8e-8eae-4246-b33f-5e44130d441c: receive RaftClientReply:client-A9DCF8B8BD5B->529edf8e-8eae-4246-b33f-5e44130d441c@group-A1CD1332DC7D, cid=1911, SUCCESS, logIndex=2752, commits[529edf8e-8eae-4246-b33f-5e44130d441c:c2752, 79bffca9-b028-4c53-a657-872ed973be73:c2748, 15654dff-55cd-4f70-96d8-4abf0c061563:c2748]
2019-07-09 15:04:32,295 INFO  client.GrpcClientProtocolClient (GrpcClientProtocolClient.java:onNext(255)) - client-A9DCF8B8BD5B->529edf8e-8eae-4246-b33f-5e44130d441c: receive RaftClientReply:client-A9DCF8B8BD5B->529edf8e-8eae-4246-b33f-5e44130d441c@group-A1CD1332DC7D, cid=1912, SUCCESS, logIndex=0, commits[529edf8e-8eae-4246-b33f-5e44130d441c:c2755, 79bffca9-b028-4c53-a657-872ed973be73:c2750, 15654dff-55cd-4f70-96d8-4abf0c061563:c2751]
2019-07-09 15:04:32,317 INFO  client.GrpcClientProtocolClient (GrpcClientProtocolClient.java:onNext(255)) - client-A9DCF8B8BD5B->529edf8e-8eae-4246-b33f-5e44130d441c: receive RaftClientReply:client-A9DCF8B8BD5B->529edf8e-8eae-4246-b33f-5e44130d441c@group-A1CD1332DC7D, cid=1913, SUCCESS, logIndex=2757, commits[529edf8e-8eae-4246-b33f-5e44130d441c:c2758, 79bffca9-b028-4c53-a657-872ed973be73:c2756, 15654dff-55cd-4f70-96d8-4abf0c061563:c2756]
2019-07-09 15:04:32,318 INFO  client.GrpcClientProtocolClient (GrpcClientProtocolClient.java:onNext(255)) - client-A9DCF8B8BD5B->529edf8e-8eae-4246-b33f-5e44130d441c: receive RaftClientReply:client-A9DCF8B8BD5B->529edf8e-8eae-4246-b33f-5e44130d441c@group-A1CD1332DC7D, cid=1914, SUCCESS, logIndex=2758, commits[529edf8e-8eae-4246-b33f-5e44130d441c:c2758, 79bffca9-b028-4c53-a657-872ed973be73:c2756, 15654dff-55cd-4f70-96d8-4abf0c061563:c2756]
2019-07-09 15:04:32,340 INFO  client.GrpcClientProtocolClient (GrpcClientProtocolClient.java:onNext(255)) - client-A9DCF8B8BD5B->529edf8e-8eae-4246-b33f-5e44130d441c: receive RaftClientReply:client-A9DCF8B8BD5B->529edf8e-8eae-4246-b33f-5e44130d441c@group-A1CD1332DC7D, cid=1915, SUCCESS, logIndex=2761, commits[529edf8e-8eae-4246-b33f-5e44130d441c:c2762, 79bffca9-b028-4c53-a657-872ed973be73:c2757, 15654dff-55cd-4f70-96d8-4abf0c061563:c2758]
2019-07-09 15:04:32,341 INFO  client.GrpcClientProtocolClient (GrpcClientProtocolClient.java:onNext(255)) - client-A9DCF8B8BD5B->529edf8e-8eae-4246-b33f-5e44130d441c: receive RaftClientReply:client-A9DCF8B8BD5B->529edf8e-8eae-4246-b33f-5e44130d441c@group-A1CD1332DC7D, cid=1916, SUCCESS, logIndex=2762, commits[529edf8e-8eae-4246-b33f-5e44130d441c:c2762, 79bffca9-b028-4c53-a657-872ed973be73:c2758, 15654dff-55cd-4f70-96d8-4abf0c061563:c2758]
2019-07-09 15:04:32,343 INFO  client.GrpcClientProtocolClient (GrpcClientProtocolClient.java:onNext(255)) - client-A9DCF8B8BD5B->529edf8e-8eae-4246-b33f-5e44130d441c: receive RaftClientReply:client-A9DCF8B8BD5B->529edf8e-8eae-4246-b33f-5e44130d441c@group-A1CD1332DC7D, cid=1917, SUCCESS, logIndex=0, commits[529edf8e-8eae-4246-b33f-5e44130d441c:c2764, 79bffca9-b028-4c53-a657-872ed973be73:c2762, 15654dff-55cd-4f70-96d8-4abf0c061563:c2762]
2019-07-09 15:04:32,372 INFO  client.GrpcClientProtocolClient (GrpcClientProtocolClient.java:onNext(255)) - client-A9DCF8B8BD5B->529edf8e-8eae-4246-b33f-5e44130d441c: receive RaftClientReply:client-A9DCF8B8BD5B->529edf8e-8eae-4246-b33f-5e44130d441c@group-A1CD1332DC7D, cid=1918, SUCCESS, logIndex=2765, commits[529edf8e-8eae-4246-b33f-5e44130d441c:c2766, 79bffca9-b028-4c53-a657-872ed973be73:c2764, 15654dff-55cd-4f70-96d8-4abf0c061563:c2764]
2019-07-09 15:04:32,373 INFO  client.GrpcClientProtocolClient (GrpcClientProtocolClient.java:onNext(255)) - client-A9DCF8B8BD5B->529edf8e-8eae-4246-b33f-5e44130d441c: receive RaftClientReply:client-A9DCF8B8BD5B->529edf8e-8eae-4246-b33f-5e44130d441c@group-A1CD1332DC7D, cid=1919, SUCCESS, logIndex=2766, commits[529edf8e-8eae-4246-b33f-5e44130d441c:c2766, 79bffca9-b028-4c53-a657-872ed973be73:c2764, 15654dff-55cd-4f70-96d8-4abf0c061563:c2764]
2019-07-09 15:04:32,373 INFO  client.GrpcClientProtocolClient (GrpcClientProtocolClient.java:onNext(255)) - client-A9DCF8B8BD5B->529edf8e-8eae-4246-b33f-5e44130d441c: receive RaftClientReply:client-A9DCF8B8BD5B->529edf8e-8eae-4246-b33f-5e44130d441c@group-A1CD1332DC7D, cid=1920, SUCCESS, logIndex=2767, commits[529edf8e-8eae-4246-b33f-5e44130d441c:c2768, 79bffca9-b028-4c53-a657-872ed973be73:c2764, 15654dff-55cd-4f70-96d8-4abf0c061563:c2764]
2019-07-09 15:04:32,374 INFO  client.GrpcClientProtocolClient (GrpcClientProtocolClient.java:onNext(255)) - client-A9DCF8B8BD5B->529edf8e-8eae-4246-b33f-5e44130d441c: receive RaftClientReply:client-A9DCF8B8BD5B->529edf8e-8eae-4246-b33f-5e44130d441c@group-A1CD1332DC7D, cid=1921, SUCCESS, logIndex=2768, commits[529edf8e-8eae-4246-b33f-5e44130d441c:c2768, 79bffca9-b028-4c53-a657-872ed973be73:c2764, 15654dff-55cd-4f70-96d8-4abf0c061563:c2764]
2019-07-09 15:04:32,375 INFO  client.GrpcClientProtocolClient (GrpcClientProtocolClient.java:onNext(255)) - client-A9DCF8B8BD5B->529edf8e-8eae-4246-b33f-5e44130d441c: receive RaftClientReply:client-A9DCF8B8BD5B->529edf8e-8eae-4246-b33f-5e44130d441c@group-A1CD1332DC7D, cid=1922, SUCCESS, logIndex=0, commits[529edf8e-8eae-4246-b33f-5e44130d441c:c2771, 79bffca9-b028-4c53-a657-872ed973be73:c2767, 15654dff-55cd-4f70-96d8-4abf0c061563:c2766]
2019-07-09 15:04:32,395 INFO  client.GrpcClientProtocolClient (GrpcClientProtocolClient.java:onNext(255)) - client-A9DCF8B8BD5B->529edf8e-8eae-4246-b33f-5e44130d441c: receive RaftClientReply:client-A9DCF8B8BD5B->529edf8e-8eae-4246-b33f-5e44130d441c@group-A1CD1332DC7D, cid=1923, SUCCESS, logIndex=2773, commits[529edf8e-8eae-4246-b33f-5e44130d441c:c2774, 79bffca9-b028-4c53-a657-872ed973be73:c2772, 15654dff-55cd-4f70-96d8-4abf0c061563:c2772]
2019-07-09 15:04:32,396 INFO  client.GrpcClientProtocolClient (GrpcClientProtocolClient.java:onNext(255)) - client-A9DCF8B8BD5B->529edf8e-8eae-4246-b33f-5e44130d441c: receive RaftClientReply:client-A9DCF8B8BD5B->529edf8e-8eae-4246-b33f-5e44130d441c@group-A1CD1332DC7D, cid=1924, SUCCESS, logIndex=2774, commits[529edf8e-8eae-4246-b33f-5e44130d441c:c2774, 79bffca9-b028-4c53-a657-872ed973be73:c2772, 15654dff-55cd-4f70-96d8-4abf0c061563:c2772]
2019-07-09 15:04:32,411 INFO  client.GrpcClientProtocolClient (GrpcClientProtocolClient.java:onNext(255)) - client-A9DCF8B8BD5B->529edf8e-8eae-4246-b33f-5e44130d441c: receive RaftClientReply:client-A9DCF8B8BD5B->529edf8e-8eae-4246-b33f-5e44130d441c@group-A1CD1332DC7D, cid=1925, SUCCESS, logIndex=2777, commits[529edf8e-8eae-4246-b33f-5e44130d441c:c2777, 79bffca9-b028-4c53-a657-872ed973be73:c2774, 15654dff-55cd-4f70-96d8-4abf0c061563:c2774]
2019-07-09 15:04:32,411 INFO  client.GrpcClientProtocolClient (GrpcClientProtocolClient.java:onNext(255)) - client-A9DCF8B8BD5B->529edf8e-8eae-4246-b33f-5e44130d441c: receive RaftClientReply:client-A9DCF8B8BD5B->529edf8e-8eae-4246-b33f-5e44130d441c@group-A1CD1332DC7D, cid=1926, SUCCESS, logIndex=2778, commits[529edf8e-8eae-4246-b33f-5e44130d441c:c2778, 79bffca9-b028-4c53-a657-872ed973be73:c2774, 15654dff-55cd-4f70-96d8-4abf0c061563:c2774]
2019-07-09 15:04:32,424 INFO  client.GrpcClientProtocolClient (GrpcClientProtocolClient.java:onNext(255)) - client-A9DCF8B8BD5B->529edf8e-8eae-4246-b33f-5e44130d441c: receive RaftClientReply:client-A9DCF8B8BD5B->529edf8e-8eae-4246-b33f-5e44130d441c@group-A1CD1332DC7D, cid=1927, SUCCESS, logIndex=0, commits[529edf8e-8eae-4246-b33f-5e44130d441c:c2780, 79bffca9-b028-4c53-a657-872ed973be73:c2778, 15654dff-55cd-4f70-96d8-4abf0c061563:c2778]
2019-07-09 15:04:32,455 INFO  client.GrpcClientProtocolClient (GrpcClientProtocolClient.java:onNext(255)) - client-A9DCF8B8BD5B->529edf8e-8eae-4246-b33f-5e44130d441c: receive RaftClientReply:client-A9DCF8B8BD5B->529edf8e-8eae-4246-b33f-5e44130d441c@group-A1CD1332DC7D, cid=1928, SUCCESS, logIndex=2781, commits[529edf8e-8eae-4246-b33f-5e44130d441c:c2782, 79bffca9-b028-4c53-a657-872ed973be73:c2780, 15654dff-55cd-4f70-96d8-4abf0c061563:c2780]
2019-07-09 15:04:32,455 INFO  client.GrpcClientProtocolClient (GrpcClientProtocolClient.java:onNext(255)) - client-A9DCF8B8BD5B->529edf8e-8eae-4246-b33f-5e44130d441c: receive RaftClientReply:client-A9DCF8B8BD5B->529edf8e-8eae-4246-b33f-5e44130d441c@group-A1CD1332DC7D, cid=1929, SUCCESS, logIndex=2782, commits[529edf8e-8eae-4246-b33f-5e44130d441c:c2782, 79bffca9-b028-4c53-a657-872ed973be73:c2780, 15654dff-55cd-4f70-96d8-4abf0c061563:c2780]
2019-07-09 15:04:32,456 INFO  client.GrpcClientProtocolClient (GrpcClientProtocolClient.java:onNext(255)) - client-A9DCF8B8BD5B->529edf8e-8eae-4246-b33f-5e44130d441c: receive RaftClientReply:client-A9DCF8B8BD5B->529edf8e-8eae-4246-b33f-5e44130d441c@group-A1CD1332DC7D, cid=1930, SUCCESS, logIndex=2783, commits[529edf8e-8eae-4246-b33f-5e44130d441c:c2784, 79bffca9-b028-4c53-a657-872ed973be73:c2780, 15654dff-55cd-4f70-96d8-4abf0c061563:c2780]
2019-07-09 15:04:32,456 INFO  client.GrpcClientProtocolClient (GrpcClientProtocolClient.java:onNext(255)) - client-A9DCF8B8BD5B->529edf8e-8eae-4246-b33f-5e44130d441c: receive RaftClientReply:client-A9DCF8B8BD5B->529edf8e-8eae-4246-b33f-5e44130d441c@group-A1CD1332DC7D, cid=1931, SUCCESS, logIndex=2784, commits[529edf8e-8eae-4246-b33f-5e44130d441c:c2784, 79bffca9-b028-4c53-a657-872ed973be73:c2780, 15654dff-55cd-4f70-96d8-4abf0c061563:c2780]
2019-07-09 15:04:32,468 INFO  client.GrpcClientProtocolClient (GrpcClientProtocolClient.java:onNext(255)) - client-A9DCF8B8BD5B->529edf8e-8eae-4246-b33f-5e44130d441c: receive RaftClientReply:client-A9DCF8B8BD5B->529edf8e-8eae-4246-b33f-5e44130d441c@group-A1CD1332DC7D, cid=1932, SUCCESS, logIndex=0, commits[529edf8e-8eae-4246-b33f-5e44130d441c:c2786, 79bffca9-b028-4c53-a657-872ed973be73:c2782, 15654dff-55cd-4f70-96d8-4abf0c061563:c2782]
2019-07-09 15:04:32,488 INFO  client.GrpcClientProtocolClient (GrpcClientProtocolClient.java:onNext(255)) - client-A9DCF8B8BD5B->529edf8e-8eae-4246-b33f-5e44130d441c: receive RaftClientReply:client-A9DCF8B8BD5B->529edf8e-8eae-4246-b33f-5e44130d441c@group-A1CD1332DC7D, cid=1933, SUCCESS, logIndex=2789, commits[529edf8e-8eae-4246-b33f-5e44130d441c:c2790, 79bffca9-b028-4c53-a657-872ed973be73:c2788, 15654dff-55cd-4f70-96d8-4abf0c061563:c2788]
2019-07-09 15:04:32,489 INFO  client.GrpcClientProtocolClient (GrpcClientProtocolClient.java:onNext(255)) - client-A9DCF8B8BD5B->529edf8e-8eae-4246-b33f-5e44130d441c: receive RaftClientReply:client-A9DCF8B8BD5B->529edf8e-8eae-4246-b33f-5e44130d441c@group-A1CD1332DC7D, cid=1934, SUCCESS, logIndex=2790, commits[529edf8e-8eae-4246-b33f-5e44130d441c:c2790, 79bffca9-b028-4c53-a657-872ed973be73:c2788, 15654dff-55cd-4f70-96d8-4abf0c061563:c2788]
2019-07-09 15:04:32,501 INFO  client.GrpcClientProtocolClient (GrpcClientProtocolClient.java:onNext(255)) - client-A9DCF8B8BD5B->529edf8e-8eae-4246-b33f-5e44130d441c: receive RaftClientReply:client-A9DCF8B8BD5B->529edf8e-8eae-4246-b33f-5e44130d441c@group-A1CD1332DC7D, cid=1935, SUCCESS, logIndex=2793, commits[529edf8e-8eae-4246-b33f-5e44130d441c:c2794, 79bffca9-b028-4c53-a657-872ed973be73:c2790, 15654dff-55cd-4f70-96d8-4abf0c061563:c2790]
2019-07-09 15:04:32,502 INFO  client.GrpcClientProtocolClient (GrpcClientProtocolClient.java:onNext(255)) - client-A9DCF8B8BD5B->529edf8e-8eae-4246-b33f-5e44130d441c: receive RaftClientReply:client-A9DCF8B8BD5B->529edf8e-8eae-4246-b33f-5e44130d441c@group-A1CD1332DC7D, cid=1936, SUCCESS, logIndex=2794, commits[529edf8e-8eae-4246-b33f-5e44130d441c:c2794, 79bffca9-b028-4c53-a657-872ed973be73:c2790, 15654dff-55cd-4f70-96d8-4abf0c061563:c2790]
2019-07-09 15:04:32,516 INFO  client.GrpcClientProtocolClient (GrpcClientProtocolClient.java:onNext(255)) - client-A9DCF8B8BD5B->529edf8e-8eae-4246-b33f-5e44130d441c: receive RaftClientReply:client-A9DCF8B8BD5B->529edf8e-8eae-4246-b33f-5e44130d441c@group-A1CD1332DC7D, cid=1937, SUCCESS, logIndex=0, commits[529edf8e-8eae-4246-b33f-5e44130d441c:c2796, 79bffca9-b028-4c53-a657-872ed973be73:c2794, 15654dff-55cd-4f70-96d8-4abf0c061563:c2794]
2019-07-09 15:04:32,540 INFO  client.GrpcClientProtocolClient (GrpcClientProtocolClient.java:onNext(255)) - client-A9DCF8B8BD5B->529edf8e-8eae-4246-b33f-5e44130d441c: receive RaftClientReply:client-A9DCF8B8BD5B->529edf8e-8eae-4246-b33f-5e44130d441c@group-A1CD1332DC7D, cid=1938, SUCCESS, logIndex=2797, commits[529edf8e-8eae-4246-b33f-5e44130d441c:c2798, 79bffca9-b028-4c53-a657-872ed973be73:c2796, 15654dff-55cd-4f70-96d8-4abf0c061563:c2796]
2019-07-09 15:04:32,541 INFO  client.GrpcClientProtocolClient (GrpcClientProtocolClient.java:onNext(255)) - client-A9DCF8B8BD5B->529edf8e-8eae-4246-b33f-5e44130d441c: receive RaftClientReply:client-A9DCF8B8BD5B->529edf8e-8eae-4246-b33f-5e44130d441c@group-A1CD1332DC7D, cid=1939, SUCCESS, logIndex=2798, commits[529edf8e-8eae-4246-b33f-5e44130d441c:c2800, 79bffca9-b028-4c53-a657-872ed973be73:c2796, 15654dff-55cd-4f70-96d8-4abf0c061563:c2796]
2019-07-09 15:04:32,542 INFO  client.GrpcClientProtocolClient (GrpcClientProtocolClient.java:onNext(255)) - client-A9DCF8B8BD5B->529edf8e-8eae-4246-b33f-5e44130d441c: receive RaftClientReply:client-A9DCF8B8BD5B->529edf8e-8eae-4246-b33f-5e44130d441c@group-A1CD1332DC7D, cid=1940, SUCCESS, logIndex=2799, commits[529edf8e-8eae-4246-b33f-5e44130d441c:c2800, 79bffca9-b028-4c53-a657-872ed973be73:c2796, 15654dff-55cd-4f70-96d8-4abf0c061563:c2796]
2019-07-09 15:04:32,542 INFO  client.GrpcClientProtocolClient (GrpcClientProtocolClient.java:onNext(255)) - client-A9DCF8B8BD5B->529edf8e-8eae-4246-b33f-5e44130d441c: receive RaftClientReply:client-A9DCF8B8BD5B->529edf8e-8eae-4246-b33f-5e44130d441c@group-A1CD1332DC7D, cid=1941, SUCCESS, logIndex=2800, commits[529edf8e-8eae-4246-b33f-5e44130d441c:c2800, 79bffca9-b028-4c53-a657-872ed973be73:c2796, 15654dff-55cd-4f70-96d8-4abf0c061563:c2796]
2019-07-09 15:04:32,543 INFO  client.GrpcClientProtocolClient (GrpcClientProtocolClient.java:onNext(255)) - client-A9DCF8B8BD5B->529edf8e-8eae-4246-b33f-5e44130d441c: receive RaftClientReply:client-A9DCF8B8BD5B->529edf8e-8eae-4246-b33f-5e44130d441c@group-A1CD1332DC7D, cid=1942, SUCCESS, logIndex=0, commits[529edf8e-8eae-4246-b33f-5e44130d441c:c2804, 79bffca9-b028-4c53-a657-872ed973be73:c2799, 15654dff-55cd-4f70-96d8-4abf0c061563:c2800]
2019-07-09 15:04:32,562 INFO  client.GrpcClientProtocolClient (GrpcClientProtocolClient.java:onNext(255)) - client-A9DCF8B8BD5B->529edf8e-8eae-4246-b33f-5e44130d441c: receive RaftClientReply:client-A9DCF8B8BD5B->529edf8e-8eae-4246-b33f-5e44130d441c@group-A1CD1332DC7D, cid=1943, SUCCESS, logIndex=2805, commits[529edf8e-8eae-4246-b33f-5e44130d441c:c2806, 79bffca9-b028-4c53-a657-872ed973be73:c2804, 15654dff-55cd-4f70-96d8-4abf0c061563:c2804]
2019-07-09 15:04:32,562 INFO  client.GrpcClientProtocolClient (GrpcClientProtocolClient.java:onNext(255)) - client-A9DCF8B8BD5B->529edf8e-8eae-4246-b33f-5e44130d441c: receive RaftClientReply:client-A9DCF8B8BD5B->529edf8e-8eae-4246-b33f-5e44130d441c@group-A1CD1332DC7D, cid=1944, SUCCESS, logIndex=2806, commits[529edf8e-8eae-4246-b33f-5e44130d441c:c2806, 79bffca9-b028-4c53-a657-872ed973be73:c2804, 15654dff-55cd-4f70-96d8-4abf0c061563:c2804]
 0.00% |█                                                                                                    |  0/1 Time: 0:00:152019-07-09 15:04:33,054 INFO  client.GrpcClientProtocolClient (GrpcClientProtocolClient.java:onNext(255)) - client-A9DCF8B8BD5B->529edf8e-8eae-4246-b33f-5e44130d441c: receive RaftClientReply:client-A9DCF8B8BD5B->529edf8e-8eae-4246-b33f-5e44130d441c@group-A1CD1332DC7D, cid=1945, SUCCESS, logIndex=2809, commits[529edf8e-8eae-4246-b33f-5e44130d441c:c2810, 79bffca9-b028-4c53-a657-872ed973be73:c2807, 15654dff-55cd-4f70-96d8-4abf0c061563:c2807]
2019-07-09 15:04:33,055 INFO  client.GrpcClientProtocolClient (GrpcClientProtocolClient.java:onNext(255)) - client-A9DCF8B8BD5B->529edf8e-8eae-4246-b33f-5e44130d441c: receive RaftClientReply:client-A9DCF8B8BD5B->529edf8e-8eae-4246-b33f-5e44130d441c@group-A1CD1332DC7D, cid=1946, SUCCESS, logIndex=2810, commits[529edf8e-8eae-4246-b33f-5e44130d441c:c2810, 79bffca9-b028-4c53-a657-872ed973be73:c2807, 15654dff-55cd-4f70-96d8-4abf0c061563:c2807]
2019-07-09 15:04:33,068 INFO  client.GrpcClientProtocolClient (GrpcClientProtocolClient.java:onNext(255)) - client-A9DCF8B8BD5B->529edf8e-8eae-4246-b33f-5e44130d441c: receive RaftClientReply:client-A9DCF8B8BD5B->529edf8e-8eae-4246-b33f-5e44130d441c@group-A1CD1332DC7D, cid=1947, SUCCESS, logIndex=0, commits[529edf8e-8eae-4246-b33f-5e44130d441c:c2812, 79bffca9-b028-4c53-a657-872ed973be73:c2810, 15654dff-55cd-4f70-96d8-4abf0c061563:c2810]
2019-07-09 15:04:33,099 INFO  client.GrpcClientProtocolClient (GrpcClientProtocolClient.java:onNext(255)) - client-A9DCF8B8BD5B->529edf8e-8eae-4246-b33f-5e44130d441c: receive RaftClientReply:client-A9DCF8B8BD5B->529edf8e-8eae-4246-b33f-5e44130d441c@group-A1CD1332DC7D, cid=1948, SUCCESS, logIndex=2813, commits[529edf8e-8eae-4246-b33f-5e44130d441c:c2814, 79bffca9-b028-4c53-a657-872ed973be73:c2812, 15654dff-55cd-4f70-96d8-4abf0c061563:c2812]
2019-07-09 15:04:33,100 INFO  client.GrpcClientProtocolClient (GrpcClientProtocolClient.java:onNext(255)) - client-A9DCF8B8BD5B->529edf8e-8eae-4246-b33f-5e44130d441c: receive RaftClientReply:client-A9DCF8B8BD5B->529edf8e-8eae-4246-b33f-5e44130d441c@group-A1CD1332DC7D, cid=1949, SUCCESS, logIndex=2814, commits[529edf8e-8eae-4246-b33f-5e44130d441c:c2816, 79bffca9-b028-4c53-a657-872ed973be73:c2812, 15654dff-55cd-4f70-96d8-4abf0c061563:c2812]
2019-07-09 15:04:33,100 INFO  client.GrpcClientProtocolClient (GrpcClientProtocolClient.java:onNext(255)) - client-A9DCF8B8BD5B->529edf8e-8eae-4246-b33f-5e44130d441c: receive RaftClientReply:client-A9DCF8B8BD5B->529edf8e-8eae-4246-b33f-5e44130d441c@group-A1CD1332DC7D, cid=1950, SUCCESS, logIndex=2815, commits[529edf8e-8eae-4246-b33f-5e44130d441c:c2816, 79bffca9-b028-4c53-a657-872ed973be73:c2812, 15654dff-55cd-4f70-96d8-4abf0c061563:c2812]
2019-07-09 15:04:33,101 INFO  client.GrpcClientProtocolClient (GrpcClientProtocolClient.java:onNext(255)) - client-A9DCF8B8BD5B->529edf8e-8eae-4246-b33f-5e44130d441c: receive RaftClientReply:client-A9DCF8B8BD5B->529edf8e-8eae-4246-b33f-5e44130d441c@group-A1CD1332DC7D, cid=1951, SUCCESS, logIndex=2816, commits[529edf8e-8eae-4246-b33f-5e44130d441c:c2816, 79bffca9-b028-4c53-a657-872ed973be73:c2812, 15654dff-55cd-4f70-96d8-4abf0c061563:c2812]
2019-07-09 15:04:33,113 INFO  client.GrpcClientProtocolClient (GrpcClientProtocolClient.java:onNext(255)) - client-A9DCF8B8BD5B->529edf8e-8eae-4246-b33f-5e44130d441c: receive RaftClientReply:client-A9DCF8B8BD5B->529edf8e-8eae-4246-b33f-5e44130d441c@group-A1CD1332DC7D, cid=1952, SUCCESS, logIndex=0, commits[529edf8e-8eae-4246-b33f-5e44130d441c:c2818, 79bffca9-b028-4c53-a657-872ed973be73:c2814, 15654dff-55cd-4f70-96d8-4abf0c061563:c2814]
2019-07-09 15:04:33,134 INFO  client.GrpcClientProtocolClient (GrpcClientProtocolClient.java:onNext(255)) - client-A9DCF8B8BD5B->529edf8e-8eae-4246-b33f-5e44130d441c: receive RaftClientReply:client-A9DCF8B8BD5B->529edf8e-8eae-4246-b33f-5e44130d441c@group-A1CD1332DC7D, cid=1953, SUCCESS, logIndex=2821, commits[529edf8e-8eae-4246-b33f-5e44130d441c:c2822, 79bffca9-b028-4c53-a657-872ed973be73:c2820, 15654dff-55cd-4f70-96d8-4abf0c061563:c2820]
2019-07-09 15:04:33,135 INFO  client.GrpcClientProtocolClient (GrpcClientProtocolClient.java:onNext(255)) - client-A9DCF8B8BD5B->529edf8e-8eae-4246-b33f-5e44130d441c: receive RaftClientReply:client-A9DCF8B8BD5B->529edf8e-8eae-4246-b33f-5e44130d441c@group-A1CD1332DC7D, cid=1954, SUCCESS, logIndex=2822, commits[529edf8e-8eae-4246-b33f-5e44130d441c:c2822, 79bffca9-b028-4c53-a657-872ed973be73:c2820, 15654dff-55cd-4f70-96d8-4abf0c061563:c2820]
2019-07-09 15:04:33,148 INFO  client.GrpcClientProtocolClient (GrpcClientProtocolClient.java:onNext(255)) - client-A9DCF8B8BD5B->529edf8e-8eae-4246-b33f-5e44130d441c: receive RaftClientReply:client-A9DCF8B8BD5B->529edf8e-8eae-4246-b33f-5e44130d441c@group-A1CD1332DC7D, cid=1955, SUCCESS, logIndex=2825, commits[529edf8e-8eae-4246-b33f-5e44130d441c:c2826, 79bffca9-b028-4c53-a657-872ed973be73:c2822, 15654dff-55cd-4f70-96d8-4abf0c061563:c2822]
2019-07-09 15:04:33,148 INFO  client.GrpcClientProtocolClient (GrpcClientProtocolClient.java:onNext(255)) - client-A9DCF8B8BD5B->529edf8e-8eae-4246-b33f-5e44130d441c: receive RaftClientReply:client-A9DCF8B8BD5B->529edf8e-8eae-4246-b33f-5e44130d441c@group-A1CD1332DC7D, cid=1956, SUCCESS, logIndex=2826, commits[529edf8e-8eae-4246-b33f-5e44130d441c:c2826, 79bffca9-b028-4c53-a657-872ed973be73:c2822, 15654dff-55cd-4f70-96d8-4abf0c061563:c2822]
2019-07-09 15:04:33,152 INFO  client.GrpcClientProtocolClient (GrpcClientProtocolClient.java:onNext(255)) - client-A9DCF8B8BD5B->529edf8e-8eae-4246-b33f-5e44130d441c: receive RaftClientReply:client-A9DCF8B8BD5B->529edf8e-8eae-4246-b33f-5e44130d441c@group-A1CD1332DC7D, cid=1957, SUCCESS, logIndex=0, commits[529edf8e-8eae-4246-b33f-5e44130d441c:c2828, 79bffca9-b028-4c53-a657-872ed973be73:c2826, 15654dff-55cd-4f70-96d8-4abf0c061563:c2826]
2019-07-09 15:04:33,184 INFO  client.GrpcClientProtocolClient (GrpcClientProtocolClient.java:onNext(255)) - client-A9DCF8B8BD5B->529edf8e-8eae-4246-b33f-5e44130d441c: receive RaftClientReply:client-A9DCF8B8BD5B->529edf8e-8eae-4246-b33f-5e44130d441c@group-A1CD1332DC7D, cid=1958, SUCCESS, logIndex=2829, commits[529edf8e-8eae-4246-b33f-5e44130d441c:c2829, 79bffca9-b028-4c53-a657-872ed973be73:c2828, 15654dff-55cd-4f70-96d8-4abf0c061563:c2828]
2019-07-09 15:04:33,185 INFO  client.GrpcClientProtocolClient (GrpcClientProtocolClient.java:onNext(255)) - client-A9DCF8B8BD5B->529edf8e-8eae-4246-b33f-5e44130d441c: receive RaftClientReply:client-A9DCF8B8BD5B->529edf8e-8eae-4246-b33f-5e44130d441c@group-A1CD1332DC7D, cid=1959, SUCCESS, logIndex=2830, commits[529edf8e-8eae-4246-b33f-5e44130d441c:c2832, 79bffca9-b028-4c53-a657-872ed973be73:c2828, 15654dff-55cd-4f70-96d8-4abf0c061563:c2828]
2019-07-09 15:04:33,185 INFO  client.GrpcClientProtocolClient (GrpcClientProtocolClient.java:onNext(255)) - client-A9DCF8B8BD5B->529edf8e-8eae-4246-b33f-5e44130d441c: receive RaftClientReply:client-A9DCF8B8BD5B->529edf8e-8eae-4246-b33f-5e44130d441c@group-A1CD1332DC7D, cid=1960, SUCCESS, logIndex=2831, commits[529edf8e-8eae-4246-b33f-5e44130d441c:c2832, 79bffca9-b028-4c53-a657-872ed973be73:c2828, 15654dff-55cd-4f70-96d8-4abf0c061563:c2828]
2019-07-09 15:04:33,185 INFO  client.GrpcClientProtocolClient (GrpcClientProtocolClient.java:onNext(255)) - client-A9DCF8B8BD5B->529edf8e-8eae-4246-b33f-5e44130d441c: receive RaftClientReply:client-A9DCF8B8BD5B->529edf8e-8eae-4246-b33f-5e44130d441c@group-A1CD1332DC7D, cid=1961, SUCCESS, logIndex=2832, commits[529edf8e-8eae-4246-b33f-5e44130d441c:c2832, 79bffca9-b028-4c53-a657-872ed973be73:c2828, 15654dff-55cd-4f70-96d8-4abf0c061563:c2828]
2019-07-09 15:04:33,199 INFO  client.GrpcClientProtocolClient (GrpcClientProtocolClient.java:onNext(255)) - client-A9DCF8B8BD5B->529edf8e-8eae-4246-b33f-5e44130d441c: receive RaftClientReply:client-A9DCF8B8BD5B->529edf8e-8eae-4246-b33f-5e44130d441c@group-A1CD1332DC7D, cid=1962, SUCCESS, logIndex=0, commits[529edf8e-8eae-4246-b33f-5e44130d441c:c2835, 79bffca9-b028-4c53-a657-872ed973be73:c2832, 15654dff-55cd-4f70-96d8-4abf0c061563:c2830]
2019-07-09 15:04:33,219 INFO  client.GrpcClientProtocolClient (GrpcClientProtocolClient.java:onNext(255)) - client-A9DCF8B8BD5B->529edf8e-8eae-4246-b33f-5e44130d441c: receive RaftClientReply:client-A9DCF8B8BD5B->529edf8e-8eae-4246-b33f-5e44130d441c@group-A1CD1332DC7D, cid=1963, SUCCESS, logIndex=2836, commits[529edf8e-8eae-4246-b33f-5e44130d441c:c2837, 79bffca9-b028-4c53-a657-872ed973be73:c2835, 15654dff-55cd-4f70-96d8-4abf0c061563:c2835]
2019-07-09 15:04:33,220 INFO  client.GrpcClientProtocolClient (GrpcClientProtocolClient.java:onNext(255)) - client-A9DCF8B8BD5B->529edf8e-8eae-4246-b33f-5e44130d441c: receive RaftClientReply:client-A9DCF8B8BD5B->529edf8e-8eae-4246-b33f-5e44130d441c@group-A1CD1332DC7D, cid=1964, SUCCESS, logIndex=2837, commits[529edf8e-8eae-4246-b33f-5e44130d441c:c2837, 79bffca9-b028-4c53-a657-872ed973be73:c2835, 15654dff-55cd-4f70-96d8-4abf0c061563:c2835]
2019-07-09 15:04:33,233 INFO  client.GrpcClientProtocolClient (GrpcClientProtocolClient.java:onNext(255)) - client-A9DCF8B8BD5B->529edf8e-8eae-4246-b33f-5e44130d441c: receive RaftClientReply:client-A9DCF8B8BD5B->529edf8e-8eae-4246-b33f-5e44130d441c@group-A1CD1332DC7D, cid=1965, SUCCESS, logIndex=2840, commits[529edf8e-8eae-4246-b33f-5e44130d441c:c2840, 79bffca9-b028-4c53-a657-872ed973be73:c2837, 15654dff-55cd-4f70-96d8-4abf0c061563:c2837]
2019-07-09 15:04:33,233 INFO  client.GrpcClientProtocolClient (GrpcClientProtocolClient.java:onNext(255)) - client-A9DCF8B8BD5B->529edf8e-8eae-4246-b33f-5e44130d441c: receive RaftClientReply:client-A9DCF8B8BD5B->529edf8e-8eae-4246-b33f-5e44130d441c@group-A1CD1332DC7D, cid=1966, SUCCESS, logIndex=2841, commits[529edf8e-8eae-4246-b33f-5e44130d441c:c2841, 79bffca9-b028-4c53-a657-872ed973be73:c2837, 15654dff-55cd-4f70-96d8-4abf0c061563:c2837]
2019-07-09 15:04:33,247 INFO  client.GrpcClientProtocolClient (GrpcClientProtocolClient.java:onNext(255)) - client-A9DCF8B8BD5B->529edf8e-8eae-4246-b33f-5e44130d441c: receive RaftClientReply:client-A9DCF8B8BD5B->529edf8e-8eae-4246-b33f-5e44130d441c@group-A1CD1332DC7D, cid=1967, SUCCESS, logIndex=0, commits[529edf8e-8eae-4246-b33f-5e44130d441c:c2843, 79bffca9-b028-4c53-a657-872ed973be73:c2841, 15654dff-55cd-4f70-96d8-4abf0c061563:c2841]
2019-07-09 15:04:33,278 INFO  client.GrpcClientProtocolClient (GrpcClientProtocolClient.java:onNext(255)) - client-A9DCF8B8BD5B->529edf8e-8eae-4246-b33f-5e44130d441c: receive RaftClientReply:client-A9DCF8B8BD5B->529edf8e-8eae-4246-b33f-5e44130d441c@group-A1CD1332DC7D, cid=1968, SUCCESS, logIndex=2844, commits[529edf8e-8eae-4246-b33f-5e44130d441c:c2845, 79bffca9-b028-4c53-a657-872ed973be73:c2843, 15654dff-55cd-4f70-96d8-4abf0c061563:c2843]
2019-07-09 15:04:33,279 INFO  client.GrpcClientProtocolClient (GrpcClientProtocolClient.java:onNext(255)) - client-A9DCF8B8BD5B->529edf8e-8eae-4246-b33f-5e44130d441c: receive RaftClientReply:client-A9DCF8B8BD5B->529edf8e-8eae-4246-b33f-5e44130d441c@group-A1CD1332DC7D, cid=1969, SUCCESS, logIndex=2845, commits[529edf8e-8eae-4246-b33f-5e44130d441c:c2847, 79bffca9-b028-4c53-a657-872ed973be73:c2843, 15654dff-55cd-4f70-96d8-4abf0c061563:c2843]
2019-07-09 15:04:33,279 INFO  client.GrpcClientProtocolClient (GrpcClientProtocolClient.java:onNext(255)) - client-A9DCF8B8BD5B->529edf8e-8eae-4246-b33f-5e44130d441c: receive RaftClientReply:client-A9DCF8B8BD5B->529edf8e-8eae-4246-b33f-5e44130d441c@group-A1CD1332DC7D, cid=1970, SUCCESS, logIndex=2846, commits[529edf8e-8eae-4246-b33f-5e44130d441c:c2847, 79bffca9-b028-4c53-a657-872ed973be73:c2843, 15654dff-55cd-4f70-96d8-4abf0c061563:c2843]
2019-07-09 15:04:33,280 INFO  client.GrpcClientProtocolClient (GrpcClientProtocolClient.java:onNext(255)) - client-A9DCF8B8BD5B->529edf8e-8eae-4246-b33f-5e44130d441c: receive RaftClientReply:client-A9DCF8B8BD5B->529edf8e-8eae-4246-b33f-5e44130d441c@group-A1CD1332DC7D, cid=1971, SUCCESS, logIndex=2847, commits[529edf8e-8eae-4246-b33f-5e44130d441c:c2847, 79bffca9-b028-4c53-a657-872ed973be73:c2843, 15654dff-55cd-4f70-96d8-4abf0c061563:c2843]
2019-07-09 15:04:33,281 INFO  client.GrpcClientProtocolClient (GrpcClientProtocolClient.java:onNext(255)) - client-A9DCF8B8BD5B->529edf8e-8eae-4246-b33f-5e44130d441c: receive RaftClientReply:client-A9DCF8B8BD5B->529edf8e-8eae-4246-b33f-5e44130d441c@group-A1CD1332DC7D, cid=1972, SUCCESS, logIndex=0, commits[529edf8e-8eae-4246-b33f-5e44130d441c:c2849, 79bffca9-b028-4c53-a657-872ed973be73:c2845, 15654dff-55cd-4f70-96d8-4abf0c061563:c2845]
2019-07-09 15:04:33,293 INFO  client.GrpcClientProtocolClient (GrpcClientProtocolClient.java:onNext(255)) - client-A9DCF8B8BD5B->529edf8e-8eae-4246-b33f-5e44130d441c: receive RaftClientReply:client-A9DCF8B8BD5B->529edf8e-8eae-4246-b33f-5e44130d441c@group-A1CD1332DC7D, cid=1973, SUCCESS, logIndex=2852, commits[529edf8e-8eae-4246-b33f-5e44130d441c:c2853, 79bffca9-b028-4c53-a657-872ed973be73:c2851, 15654dff-55cd-4f70-96d8-4abf0c061563:c2851]
2019-07-09 15:04:33,294 INFO  client.GrpcClientProtocolClient (GrpcClientProtocolClient.java:onNext(255)) - client-A9DCF8B8BD5B->529edf8e-8eae-4246-b33f-5e44130d441c: receive RaftClientReply:client-A9DCF8B8BD5B->529edf8e-8eae-4246-b33f-5e44130d441c@group-A1CD1332DC7D, cid=1974, SUCCESS, logIndex=2853, commits[529edf8e-8eae-4246-b33f-5e44130d441c:c2853, 79bffca9-b028-4c53-a657-872ed973be73:c2851, 15654dff-55cd-4f70-96d8-4abf0c061563:c2851]
2019-07-09 15:04:33,306 INFO  client.GrpcClientProtocolClient (GrpcClientProtocolClient.java:onNext(255)) - client-A9DCF8B8BD5B->529edf8e-8eae-4246-b33f-5e44130d441c: receive RaftClientReply:client-A9DCF8B8BD5B->529edf8e-8eae-4246-b33f-5e44130d441c@group-A1CD1332DC7D, cid=1975, SUCCESS, logIndex=2856, commits[529edf8e-8eae-4246-b33f-5e44130d441c:c2857, 79bffca9-b028-4c53-a657-872ed973be73:c2853, 15654dff-55cd-4f70-96d8-4abf0c061563:c2855]
2019-07-09 15:04:33,307 INFO  client.GrpcClientProtocolClient (GrpcClientProtocolClient.java:onNext(255)) - client-A9DCF8B8BD5B->529edf8e-8eae-4246-b33f-5e44130d441c: receive RaftClientReply:client-A9DCF8B8BD5B->529edf8e-8eae-4246-b33f-5e44130d441c@group-A1CD1332DC7D, cid=1976, SUCCESS, logIndex=2857, commits[529edf8e-8eae-4246-b33f-5e44130d441c:c2857, 79bffca9-b028-4c53-a657-872ed973be73:c2855, 15654dff-55cd-4f70-96d8-4abf0c061563:c2855]
2019-07-09 15:04:33,308 INFO  client.GrpcClientProtocolClient (GrpcClientProtocolClient.java:onNext(255)) - client-A9DCF8B8BD5B->529edf8e-8eae-4246-b33f-5e44130d441c: receive RaftClientReply:client-A9DCF8B8BD5B->529edf8e-8eae-4246-b33f-5e44130d441c@group-A1CD1332DC7D, cid=1977, SUCCESS, logIndex=0, commits[529edf8e-8eae-4246-b33f-5e44130d441c:c2858, 79bffca9-b028-4c53-a657-872ed973be73:c2857, 15654dff-55cd-4f70-96d8-4abf0c061563:c2857]
2019-07-09 15:04:33,361 INFO  client.GrpcClientProtocolClient (GrpcClientProtocolClient.java:onNext(255)) - client-A9DCF8B8BD5B->529edf8e-8eae-4246-b33f-5e44130d441c: receive RaftClientReply:client-A9DCF8B8BD5B->529edf8e-8eae-4246-b33f-5e44130d441c@group-A1CD1332DC7D, cid=1978, SUCCESS, logIndex=2860, commits[529edf8e-8eae-4246-b33f-5e44130d441c:c2861, 79bffca9-b028-4c53-a657-872ed973be73:c2859, 15654dff-55cd-4f70-96d8-4abf0c061563:c2859]
2019-07-09 15:04:33,362 INFO  client.GrpcClientProtocolClient (GrpcClientProtocolClient.java:onNext(255)) - client-A9DCF8B8BD5B->529edf8e-8eae-4246-b33f-5e44130d441c: receive RaftClientReply:client-A9DCF8B8BD5B->529edf8e-8eae-4246-b33f-5e44130d441c@group-A1CD1332DC7D, cid=1979, SUCCESS, logIndex=2861, commits[529edf8e-8eae-4246-b33f-5e44130d441c:c2863, 79bffca9-b028-4c53-a657-872ed973be73:c2859, 15654dff-55cd-4f70-96d8-4abf0c061563:c2859]
2019-07-09 15:04:33,362 INFO  client.GrpcClientProtocolClient (GrpcClientProtocolClient.java:onNext(255)) - client-A9DCF8B8BD5B->529edf8e-8eae-4246-b33f-5e44130d441c: receive RaftClientReply:client-A9DCF8B8BD5B->529edf8e-8eae-4246-b33f-5e44130d441c@group-A1CD1332DC7D, cid=1980, SUCCESS, logIndex=2862, commits[529edf8e-8eae-4246-b33f-5e44130d441c:c2863, 79bffca9-b028-4c53-a657-872ed973be73:c2859, 15654dff-55cd-4f70-96d8-4abf0c061563:c2859]
2019-07-09 15:04:33,362 INFO  client.GrpcClientProtocolClient (GrpcClientProtocolClient.java:onNext(255)) - client-A9DCF8B8BD5B->529edf8e-8eae-4246-b33f-5e44130d441c: receive RaftClientReply:client-A9DCF8B8BD5B->529edf8e-8eae-4246-b33f-5e44130d441c@group-A1CD1332DC7D, cid=1981, SUCCESS, logIndex=2863, commits[529edf8e-8eae-4246-b33f-5e44130d441c:c2863, 79bffca9-b028-4c53-a657-872ed973be73:c2859, 15654dff-55cd-4f70-96d8-4abf0c061563:c2859]
2019-07-09 15:04:33,377 INFO  client.GrpcClientProtocolClient (GrpcClientProtocolClient.java:onNext(255)) - client-A9DCF8B8BD5B->529edf8e-8eae-4246-b33f-5e44130d441c: receive RaftClientReply:client-A9DCF8B8BD5B->529edf8e-8eae-4246-b33f-5e44130d441c@group-A1CD1332DC7D, cid=1982, SUCCESS, logIndex=0, commits[529edf8e-8eae-4246-b33f-5e44130d441c:c2864, 79bffca9-b028-4c53-a657-872ed973be73:c2861, 15654dff-55cd-4f70-96d8-4abf0c061563:c2861]
2019-07-09 15:04:33,398 INFO  client.GrpcClientProtocolClient (GrpcClientProtocolClient.java:onNext(255)) - client-A9DCF8B8BD5B->529edf8e-8eae-4246-b33f-5e44130d441c: receive RaftClientReply:client-A9DCF8B8BD5B->529edf8e-8eae-4246-b33f-5e44130d441c@group-A1CD1332DC7D, cid=1983, SUCCESS, logIndex=2867, commits[529edf8e-8eae-4246-b33f-5e44130d441c:c2868, 79bffca9-b028-4c53-a657-872ed973be73:c2866, 15654dff-55cd-4f70-96d8-4abf0c061563:c2866]
2019-07-09 15:04:33,398 INFO  client.GrpcClientProtocolClient (GrpcClientProtocolClient.java:onNext(255)) - client-A9DCF8B8BD5B->529edf8e-8eae-4246-b33f-5e44130d441c: receive RaftClientReply:client-A9DCF8B8BD5B->529edf8e-8eae-4246-b33f-5e44130d441c@group-A1CD1332DC7D, cid=1984, SUCCESS, logIndex=2868, commits[529edf8e-8eae-4246-b33f-5e44130d441c:c2868, 79bffca9-b028-4c53-a657-872ed973be73:c2866, 15654dff-55cd-4f70-96d8-4abf0c061563:c2866]
2019-07-09 15:04:33,411 INFO  client.GrpcClientProtocolClient (GrpcClientProtocolClient.java:onNext(255)) - client-A9DCF8B8BD5B->529edf8e-8eae-4246-b33f-5e44130d441c: receive RaftClientReply:client-A9DCF8B8BD5B->529edf8e-8eae-4246-b33f-5e44130d441c@group-A1CD1332DC7D, cid=1985, SUCCESS, logIndex=2871, commits[529edf8e-8eae-4246-b33f-5e44130d441c:c2872, 79bffca9-b028-4c53-a657-872ed973be73:c2867, 15654dff-55cd-4f70-96d8-4abf0c061563:c2868]
2019-07-09 15:04:33,411 INFO  client.GrpcClientProtocolClient (GrpcClientProtocolClient.java:onNext(255)) - client-A9DCF8B8BD5B->529edf8e-8eae-4246-b33f-5e44130d441c: receive RaftClientReply:client-A9DCF8B8BD5B->529edf8e-8eae-4246-b33f-5e44130d441c@group-A1CD1332DC7D, cid=1986, SUCCESS, logIndex=2872, commits[529edf8e-8eae-4246-b33f-5e44130d441c:c2872, 79bffca9-b028-4c53-a657-872ed973be73:c2868, 15654dff-55cd-4f70-96d8-4abf0c061563:c2868]
2019-07-09 15:04:33,414 INFO  client.GrpcClientProtocolClient (GrpcClientProtocolClient.java:onNext(255)) - client-A9DCF8B8BD5B->529edf8e-8eae-4246-b33f-5e44130d441c: receive RaftClientReply:client-A9DCF8B8BD5B->529edf8e-8eae-4246-b33f-5e44130d441c@group-A1CD1332DC7D, cid=1987, SUCCESS, logIndex=0, commits[529edf8e-8eae-4246-b33f-5e44130d441c:c2873, 79bffca9-b028-4c53-a657-872ed973be73:c2872, 15654dff-55cd-4f70-96d8-4abf0c061563:c2872]
2019-07-09 15:04:33,442 INFO  client.GrpcClientProtocolClient (GrpcClientProtocolClient.java:onNext(255)) - client-A9DCF8B8BD5B->529edf8e-8eae-4246-b33f-5e44130d441c: receive RaftClientReply:client-A9DCF8B8BD5B->529edf8e-8eae-4246-b33f-5e44130d441c@group-A1CD1332DC7D, cid=1988, SUCCESS, logIndex=2875, commits[529edf8e-8eae-4246-b33f-5e44130d441c:c2876, 79bffca9-b028-4c53-a657-872ed973be73:c2874, 15654dff-55cd-4f70-96d8-4abf0c061563:c2874]
2019-07-09 15:04:33,443 INFO  client.GrpcClientProtocolClient (GrpcClientProtocolClient.java:onNext(255)) - client-A9DCF8B8BD5B->529edf8e-8eae-4246-b33f-5e44130d441c: receive RaftClientReply:client-A9DCF8B8BD5B->529edf8e-8eae-4246-b33f-5e44130d441c@group-A1CD1332DC7D, cid=1989, SUCCESS, logIndex=2876, commits[529edf8e-8eae-4246-b33f-5e44130d441c:c2876, 79bffca9-b028-4c53-a657-872ed973be73:c2874, 15654dff-55cd-4f70-96d8-4abf0c061563:c2874]
2019-07-09 15:04:33,443 INFO  client.GrpcClientProtocolClient (GrpcClientProtocolClient.java:onNext(255)) - client-A9DCF8B8BD5B->529edf8e-8eae-4246-b33f-5e44130d441c: receive RaftClientReply:client-A9DCF8B8BD5B->529edf8e-8eae-4246-b33f-5e44130d441c@group-A1CD1332DC7D, cid=1990, SUCCESS, logIndex=2877, commits[529edf8e-8eae-4246-b33f-5e44130d441c:c2878, 79bffca9-b028-4c53-a657-872ed973be73:c2874, 15654dff-55cd-4f70-96d8-4abf0c061563:c2874]
2019-07-09 15:04:33,443 INFO  client.GrpcClientProtocolClient (GrpcClientProtocolClient.java:onNext(255)) - client-A9DCF8B8BD5B->529edf8e-8eae-4246-b33f-5e44130d441c: receive RaftClientReply:client-A9DCF8B8BD5B->529edf8e-8eae-4246-b33f-5e44130d441c@group-A1CD1332DC7D, cid=1991, SUCCESS, logIndex=2878, commits[529edf8e-8eae-4246-b33f-5e44130d441c:c2878, 79bffca9-b028-4c53-a657-872ed973be73:c2874, 15654dff-55cd-4f70-96d8-4abf0c061563:c2874]
2019-07-09 15:04:33,457 INFO  client.GrpcClientProtocolClient (GrpcClientProtocolClient.java:onNext(255)) - client-A9DCF8B8BD5B->529edf8e-8eae-4246-b33f-5e44130d441c: receive RaftClientReply:client-A9DCF8B8BD5B->529edf8e-8eae-4246-b33f-5e44130d441c@group-A1CD1332DC7D, cid=1992, SUCCESS, logIndex=0, commits[529edf8e-8eae-4246-b33f-5e44130d441c:c2880, 79bffca9-b028-4c53-a657-872ed973be73:c2876, 15654dff-55cd-4f70-96d8-4abf0c061563:c2876]
2019-07-09 15:04:33,477 INFO  client.GrpcClientProtocolClient (GrpcClientProtocolClient.java:onNext(255)) - client-A9DCF8B8BD5B->529edf8e-8eae-4246-b33f-5e44130d441c: receive RaftClientReply:client-A9DCF8B8BD5B->529edf8e-8eae-4246-b33f-5e44130d441c@group-A1CD1332DC7D, cid=1993, SUCCESS, logIndex=2883, commits[529edf8e-8eae-4246-b33f-5e44130d441c:c2884, 79bffca9-b028-4c53-a657-872ed973be73:c2882, 15654dff-55cd-4f70-96d8-4abf0c061563:c2882]
2019-07-09 15:04:33,478 INFO  client.GrpcClientProtocolClient (GrpcClientProtocolClient.java:onNext(255)) - client-A9DCF8B8BD5B->529edf8e-8eae-4246-b33f-5e44130d441c: receive RaftClientReply:client-A9DCF8B8BD5B->529edf8e-8eae-4246-b33f-5e44130d441c@group-A1CD1332DC7D, cid=1994, SUCCESS, logIndex=2884, commits[529edf8e-8eae-4246-b33f-5e44130d441c:c2884, 79bffca9-b028-4c53-a657-872ed973be73:c2882, 15654dff-55cd-4f70-96d8-4abf0c061563:c2882]
2019-07-09 15:04:33,493 INFO  client.GrpcClientProtocolClient (GrpcClientProtocolClient.java:onNext(255)) - client-A9DCF8B8BD5B->529edf8e-8eae-4246-b33f-5e44130d441c: receive RaftClientReply:client-A9DCF8B8BD5B->529edf8e-8eae-4246-b33f-5e44130d441c@group-A1CD1332DC7D, cid=1995, SUCCESS, logIndex=2887, commits[529edf8e-8eae-4246-b33f-5e44130d441c:c2888, 79bffca9-b028-4c53-a657-872ed973be73:c2884, 15654dff-55cd-4f70-96d8-4abf0c061563:c2884]
2019-07-09 15:04:33,493 INFO  client.GrpcClientProtocolClient (GrpcClientProtocolClient.java:onNext(255)) - client-A9DCF8B8BD5B->529edf8e-8eae-4246-b33f-5e44130d441c: receive RaftClientReply:client-A9DCF8B8BD5B->529edf8e-8eae-4246-b33f-5e44130d441c@group-A1CD1332DC7D, cid=1996, SUCCESS, logIndex=2888, commits[529edf8e-8eae-4246-b33f-5e44130d441c:c2888, 79bffca9-b028-4c53-a657-872ed973be73:c2884, 15654dff-55cd-4f70-96d8-4abf0c061563:c2884]
2019-07-09 15:04:33,505 INFO  client.GrpcClientProtocolClient (GrpcClientProtocolClient.java:onNext(255)) - client-A9DCF8B8BD5B->529edf8e-8eae-4246-b33f-5e44130d441c: receive RaftClientReply:client-A9DCF8B8BD5B->529edf8e-8eae-4246-b33f-5e44130d441c@group-A1CD1332DC7D, cid=1997, SUCCESS, logIndex=0, commits[529edf8e-8eae-4246-b33f-5e44130d441c:c2889, 79bffca9-b028-4c53-a657-872ed973be73:c2888, 15654dff-55cd-4f70-96d8-4abf0c061563:c2888]
2019-07-09 15:04:33,532 INFO  client.GrpcClientProtocolClient (GrpcClientProtocolClient.java:onNext(255)) - client-A9DCF8B8BD5B->529edf8e-8eae-4246-b33f-5e44130d441c: receive RaftClientReply:client-A9DCF8B8BD5B->529edf8e-8eae-4246-b33f-5e44130d441c@group-A1CD1332DC7D, cid=1998, SUCCESS, logIndex=2891, commits[529edf8e-8eae-4246-b33f-5e44130d441c:c2892, 79bffca9-b028-4c53-a657-872ed973be73:c2890, 15654dff-55cd-4f70-96d8-4abf0c061563:c2890]
2019-07-09 15:04:33,533 INFO  client.GrpcClientProtocolClient (GrpcClientProtocolClient.java:onNext(255)) - client-A9DCF8B8BD5B->529edf8e-8eae-4246-b33f-5e44130d441c: receive RaftClientReply:client-A9DCF8B8BD5B->529edf8e-8eae-4246-b33f-5e44130d441c@group-A1CD1332DC7D, cid=1999, SUCCESS, logIndex=2892, commits[529edf8e-8eae-4246-b33f-5e44130d441c:c2894, 79bffca9-b028-4c53-a657-872ed973be73:c2890, 15654dff-55cd-4f70-96d8-4abf0c061563:c2890]
2019-07-09 15:04:33,534 INFO  client.GrpcClientProtocolClient (GrpcClientProtocolClient.java:onNext(255)) - client-A9DCF8B8BD5B->529edf8e-8eae-4246-b33f-5e44130d441c: receive RaftClientReply:client-A9DCF8B8BD5B->529edf8e-8eae-4246-b33f-5e44130d441c@group-A1CD1332DC7D, cid=2000, SUCCESS, logIndex=2893, commits[529edf8e-8eae-4246-b33f-5e44130d441c:c2894, 79bffca9-b028-4c53-a657-872ed973be73:c2890, 15654dff-55cd-4f70-96d8-4abf0c061563:c2890]
2019-07-09 15:04:33,534 INFO  client.GrpcClientProtocolClient (GrpcClientProtocolClient.java:onNext(255)) - client-A9DCF8B8BD5B->529edf8e-8eae-4246-b33f-5e44130d441c: receive RaftClientReply:client-A9DCF8B8BD5B->529edf8e-8eae-4246-b33f-5e44130d441c@group-A1CD1332DC7D, cid=2001, SUCCESS, logIndex=2894, commits[529edf8e-8eae-4246-b33f-5e44130d441c:c2894, 79bffca9-b028-4c53-a657-872ed973be73:c2890, 15654dff-55cd-4f70-96d8-4abf0c061563:c2890]
2019-07-09 15:04:33,535 INFO  client.GrpcClientProtocolClient (GrpcClientProtocolClient.java:onNext(255)) - client-A9DCF8B8BD5B->529edf8e-8eae-4246-b33f-5e44130d441c: receive RaftClientReply:client-A9DCF8B8BD5B->529edf8e-8eae-4246-b33f-5e44130d441c@group-A1CD1332DC7D, cid=2002, SUCCESS, logIndex=0, commits[529edf8e-8eae-4246-b33f-5e44130d441c:c2896, 79bffca9-b028-4c53-a657-872ed973be73:c2892, 15654dff-55cd-4f70-96d8-4abf0c061563:c2892]
2019-07-09 15:04:33,555 INFO  client.GrpcClientProtocolClient (GrpcClientProtocolClient.java:onNext(255)) - client-A9DCF8B8BD5B->529edf8e-8eae-4246-b33f-5e44130d441c: receive RaftClientReply:client-A9DCF8B8BD5B->529edf8e-8eae-4246-b33f-5e44130d441c@group-A1CD1332DC7D, cid=2003, SUCCESS, logIndex=2899, commits[529edf8e-8eae-4246-b33f-5e44130d441c:c2900, 79bffca9-b028-4c53-a657-872ed973be73:c2898, 15654dff-55cd-4f70-96d8-4abf0c061563:c2898]
2019-07-09 15:04:33,556 INFO  client.GrpcClientProtocolClient (GrpcClientProtocolClient.java:onNext(255)) - client-A9DCF8B8BD5B->529edf8e-8eae-4246-b33f-5e44130d441c: receive RaftClientReply:client-A9DCF8B8BD5B->529edf8e-8eae-4246-b33f-5e44130d441c@group-A1CD1332DC7D, cid=2004, SUCCESS, logIndex=2900, commits[529edf8e-8eae-4246-b33f-5e44130d441c:c2900, 79bffca9-b028-4c53-a657-872ed973be73:c2898, 15654dff-55cd-4f70-96d8-4abf0c061563:c2898]
2019-07-09 15:04:33,582 INFO  client.GrpcClientProtocolClient (GrpcClientProtocolClient.java:onNext(255)) - client-A9DCF8B8BD5B->529edf8e-8eae-4246-b33f-5e44130d441c: receive RaftClientReply:client-A9DCF8B8BD5B->529edf8e-8eae-4246-b33f-5e44130d441c@group-A1CD1332DC7D, cid=2005, SUCCESS, logIndex=2903, commits[529edf8e-8eae-4246-b33f-5e44130d441c:c2904, 79bffca9-b028-4c53-a657-872ed973be73:c2900, 15654dff-55cd-4f70-96d8-4abf0c061563:c2900]
2019-07-09 15:04:33,582 INFO  client.GrpcClientProtocolClient (GrpcClientProtocolClient.java:onNext(255)) - client-A9DCF8B8BD5B->529edf8e-8eae-4246-b33f-5e44130d441c: receive RaftClientReply:client-A9DCF8B8BD5B->529edf8e-8eae-4246-b33f-5e44130d441c@group-A1CD1332DC7D, cid=2006, SUCCESS, logIndex=2904, commits[529edf8e-8eae-4246-b33f-5e44130d441c:c2904, 79bffca9-b028-4c53-a657-872ed973be73:c2900, 15654dff-55cd-4f70-96d8-4abf0c061563:c2900]
2019-07-09 15:04:33,595 INFO  client.GrpcClientProtocolClient (GrpcClientProtocolClient.java:onNext(255)) - client-A9DCF8B8BD5B->529edf8e-8eae-4246-b33f-5e44130d441c: receive RaftClientReply:client-A9DCF8B8BD5B->529edf8e-8eae-4246-b33f-5e44130d441c@group-A1CD1332DC7D, cid=2007, SUCCESS, logIndex=0, commits[529edf8e-8eae-4246-b33f-5e44130d441c:c2905, 79bffca9-b028-4c53-a657-872ed973be73:c2904, 15654dff-55cd-4f70-96d8-4abf0c061563:c2904]
2019-07-09 15:04:33,624 INFO  client.GrpcClientProtocolClient (GrpcClientProtocolClient.java:onNext(255)) - client-A9DCF8B8BD5B->529edf8e-8eae-4246-b33f-5e44130d441c: receive RaftClientReply:client-A9DCF8B8BD5B->529edf8e-8eae-4246-b33f-5e44130d441c@group-A1CD1332DC7D, cid=2008, SUCCESS, logIndex=2907, commits[529edf8e-8eae-4246-b33f-5e44130d441c:c2908, 79bffca9-b028-4c53-a657-872ed973be73:c2906, 15654dff-55cd-4f70-96d8-4abf0c061563:c2906]
2019-07-09 15:04:33,625 INFO  client.GrpcClientProtocolClient (GrpcClientProtocolClient.java:onNext(255)) - client-A9DCF8B8BD5B->529edf8e-8eae-4246-b33f-5e44130d441c: receive RaftClientReply:client-A9DCF8B8BD5B->529edf8e-8eae-4246-b33f-5e44130d441c@group-A1CD1332DC7D, cid=2009, SUCCESS, logIndex=2908, commits[529edf8e-8eae-4246-b33f-5e44130d441c:c2910, 79bffca9-b028-4c53-a657-872ed973be73:c2906, 15654dff-55cd-4f70-96d8-4abf0c061563:c2906]
2019-07-09 15:04:33,625 INFO  client.GrpcClientProtocolClient (GrpcClientProtocolClient.java:onNext(255)) - client-A9DCF8B8BD5B->529edf8e-8eae-4246-b33f-5e44130d441c: receive RaftClientReply:client-A9DCF8B8BD5B->529edf8e-8eae-4246-b33f-5e44130d441c@group-A1CD1332DC7D, cid=2010, SUCCESS, logIndex=2909, commits[529edf8e-8eae-4246-b33f-5e44130d441c:c2910, 79bffca9-b028-4c53-a657-872ed973be73:c2906, 15654dff-55cd-4f70-96d8-4abf0c061563:c2906]
2019-07-09 15:04:33,625 INFO  client.GrpcClientProtocolClient (GrpcClientProtocolClient.java:onNext(255)) - client-A9DCF8B8BD5B->529edf8e-8eae-4246-b33f-5e44130d441c: receive RaftClientReply:client-A9DCF8B8BD5B->529edf8e-8eae-4246-b33f-5e44130d441c@group-A1CD1332DC7D, cid=2011, SUCCESS, logIndex=2910, commits[529edf8e-8eae-4246-b33f-5e44130d441c:c2910, 79bffca9-b028-4c53-a657-872ed973be73:c2906, 15654dff-55cd-4f70-96d8-4abf0c061563:c2906]
2019-07-09 15:04:33,628 INFO  client.GrpcClientProtocolClient (GrpcClientProtocolClient.java:onNext(255)) - client-A9DCF8B8BD5B->529edf8e-8eae-4246-b33f-5e44130d441c: receive RaftClientReply:client-A9DCF8B8BD5B->529edf8e-8eae-4246-b33f-5e44130d441c@group-A1CD1332DC7D, cid=2012, SUCCESS, logIndex=0, commits[529edf8e-8eae-4246-b33f-5e44130d441c:c2913, 79bffca9-b028-4c53-a657-872ed973be73:c2908, 15654dff-55cd-4f70-96d8-4abf0c061563:c2910]
2019-07-09 15:04:33,717 INFO  client.GrpcClientProtocolClient (GrpcClientProtocolClient.java:onNext(255)) - client-A9DCF8B8BD5B->529edf8e-8eae-4246-b33f-5e44130d441c: receive RaftClientReply:client-A9DCF8B8BD5B->529edf8e-8eae-4246-b33f-5e44130d441c@group-A1CD1332DC7D, cid=2013, SUCCESS, logIndex=2914, commits[529edf8e-8eae-4246-b33f-5e44130d441c:c2915, 79bffca9-b028-4c53-a657-872ed973be73:c2913, 15654dff-55cd-4f70-96d8-4abf0c061563:c2913]
2019-07-09 15:04:33,717 INFO  client.GrpcClientProtocolClient (GrpcClientProtocolClient.java:onNext(255)) - client-A9DCF8B8BD5B->529edf8e-8eae-4246-b33f-5e44130d441c: receive RaftClientReply:client-A9DCF8B8BD5B->529edf8e-8eae-4246-b33f-5e44130d441c@group-A1CD1332DC7D, cid=2014, SUCCESS, logIndex=2915, commits[529edf8e-8eae-4246-b33f-5e44130d441c:c2915, 79bffca9-b028-4c53-a657-872ed973be73:c2913, 15654dff-55cd-4f70-96d8-4abf0c061563:c2913]
2019-07-09 15:04:33,742 INFO  client.GrpcClientProtocolClient (GrpcClientProtocolClient.java:onNext(255)) - client-A9DCF8B8BD5B->529edf8e-8eae-4246-b33f-5e44130d441c: receive RaftClientReply:client-A9DCF8B8BD5B->529edf8e-8eae-4246-b33f-5e44130d441c@group-A1CD1332DC7D, cid=2015, SUCCESS, logIndex=2918, commits[529edf8e-8eae-4246-b33f-5e44130d441c:c2919, 79bffca9-b028-4c53-a657-872ed973be73:c2915, 15654dff-55cd-4f70-96d8-4abf0c061563:c2915]
2019-07-09 15:04:33,743 INFO  client.GrpcClientProtocolClient (GrpcClientProtocolClient.java:onNext(255)) - client-A9DCF8B8BD5B->529edf8e-8eae-4246-b33f-5e44130d441c: receive RaftClientReply:client-A9DCF8B8BD5B->529edf8e-8eae-4246-b33f-5e44130d441c@group-A1CD1332DC7D, cid=2016, SUCCESS, logIndex=2919, commits[529edf8e-8eae-4246-b33f-5e44130d441c:c2919, 79bffca9-b028-4c53-a657-872ed973be73:c2915, 15654dff-55cd-4f70-96d8-4abf0c061563:c2915]
2019-07-09 15:04:33,744 INFO  client.GrpcClientProtocolClient (GrpcClientProtocolClient.java:onNext(255)) - client-A9DCF8B8BD5B->529edf8e-8eae-4246-b33f-5e44130d441c: receive RaftClientReply:client-A9DCF8B8BD5B->529edf8e-8eae-4246-b33f-5e44130d441c@group-A1CD1332DC7D, cid=2017, SUCCESS, logIndex=0, commits[529edf8e-8eae-4246-b33f-5e44130d441c:c2921, 79bffca9-b028-4c53-a657-872ed973be73:c2919, 15654dff-55cd-4f70-96d8-4abf0c061563:c2919]
2019-07-09 15:04:33,775 INFO  client.GrpcClientProtocolClient (GrpcClientProtocolClient.java:onNext(255)) - client-A9DCF8B8BD5B->529edf8e-8eae-4246-b33f-5e44130d441c: receive RaftClientReply:client-A9DCF8B8BD5B->529edf8e-8eae-4246-b33f-5e44130d441c@group-A1CD1332DC7D, cid=2018, SUCCESS, logIndex=2922, commits[529edf8e-8eae-4246-b33f-5e44130d441c:c2925, 79bffca9-b028-4c53-a657-872ed973be73:c2921, 15654dff-55cd-4f70-96d8-4abf0c061563:c2921]
2019-07-09 15:04:33,776 INFO  client.GrpcClientProtocolClient (GrpcClientProtocolClient.java:onNext(255)) - client-A9DCF8B8BD5B->529edf8e-8eae-4246-b33f-5e44130d441c: receive RaftClientReply:client-A9DCF8B8BD5B->529edf8e-8eae-4246-b33f-5e44130d441c@group-A1CD1332DC7D, cid=2019, SUCCESS, logIndex=2923, commits[529edf8e-8eae-4246-b33f-5e44130d441c:c2925, 79bffca9-b028-4c53-a657-872ed973be73:c2921, 15654dff-55cd-4f70-96d8-4abf0c061563:c2921]
2019-07-09 15:04:33,776 INFO  client.GrpcClientProtocolClient (GrpcClientProtocolClient.java:onNext(255)) - client-A9DCF8B8BD5B->529edf8e-8eae-4246-b33f-5e44130d441c: receive RaftClientReply:client-A9DCF8B8BD5B->529edf8e-8eae-4246-b33f-5e44130d441c@group-A1CD1332DC7D, cid=2020, SUCCESS, logIndex=2924, commits[529edf8e-8eae-4246-b33f-5e44130d441c:c2926, 79bffca9-b028-4c53-a657-872ed973be73:c2921, 15654dff-55cd-4f70-96d8-4abf0c061563:c2922]
2019-07-09 15:04:33,776 INFO  client.GrpcClientProtocolClient (GrpcClientProtocolClient.java:onNext(255)) - client-A9DCF8B8BD5B->529edf8e-8eae-4246-b33f-5e44130d441c: receive RaftClientReply:client-A9DCF8B8BD5B->529edf8e-8eae-4246-b33f-5e44130d441c@group-A1CD1332DC7D, cid=2021, SUCCESS, logIndex=2925, commits[529edf8e-8eae-4246-b33f-5e44130d441c:c2926, 79bffca9-b028-4c53-a657-872ed973be73:c2921, 15654dff-55cd-4f70-96d8-4abf0c061563:c2922]
2019-07-09 15:04:33,789 INFO  client.GrpcClientProtocolClient (GrpcClientProtocolClient.java:onNext(255)) - client-A9DCF8B8BD5B->529edf8e-8eae-4246-b33f-5e44130d441c: receive RaftClientReply:client-A9DCF8B8BD5B->529edf8e-8eae-4246-b33f-5e44130d441c@group-A1CD1332DC7D, cid=2022, SUCCESS, logIndex=0, commits[529edf8e-8eae-4246-b33f-5e44130d441c:c2929, 79bffca9-b028-4c53-a657-872ed973be73:c2925, 15654dff-55cd-4f70-96d8-4abf0c061563:c2923]
2019-07-09 15:04:33,809 INFO  client.GrpcClientProtocolClient (GrpcClientProtocolClient.java:onNext(255)) - client-A9DCF8B8BD5B->529edf8e-8eae-4246-b33f-5e44130d441c: receive RaftClientReply:client-A9DCF8B8BD5B->529edf8e-8eae-4246-b33f-5e44130d441c@group-A1CD1332DC7D, cid=2023, SUCCESS, logIndex=2930, commits[529edf8e-8eae-4246-b33f-5e44130d441c:c2931, 79bffca9-b028-4c53-a657-872ed973be73:c2929, 15654dff-55cd-4f70-96d8-4abf0c061563:c2929]
2019-07-09 15:04:33,810 INFO  client.GrpcClientProtocolClient (GrpcClientProtocolClient.java:onNext(255)) - client-A9DCF8B8BD5B->529edf8e-8eae-4246-b33f-5e44130d441c: receive RaftClientReply:client-A9DCF8B8BD5B->529edf8e-8eae-4246-b33f-5e44130d441c@group-A1CD1332DC7D, cid=2024, SUCCESS, logIndex=2931, commits[529edf8e-8eae-4246-b33f-5e44130d441c:c2931, 79bffca9-b028-4c53-a657-872ed973be73:c2929, 15654dff-55cd-4f70-96d8-4abf0c061563:c2929]
2019-07-09 15:04:33,829 INFO  client.GrpcClientProtocolClient (GrpcClientProtocolClient.java:onNext(255)) - client-A9DCF8B8BD5B->529edf8e-8eae-4246-b33f-5e44130d441c: receive RaftClientReply:client-A9DCF8B8BD5B->529edf8e-8eae-4246-b33f-5e44130d441c@group-A1CD1332DC7D, cid=2025, SUCCESS, logIndex=2934, commits[529edf8e-8eae-4246-b33f-5e44130d441c:c2935, 79bffca9-b028-4c53-a657-872ed973be73:c2931, 15654dff-55cd-4f70-96d8-4abf0c061563:c2931]
2019-07-09 15:04:33,830 INFO  client.GrpcClientProtocolClient (GrpcClientProtocolClient.java:onNext(255)) - client-A9DCF8B8BD5B->529edf8e-8eae-4246-b33f-5e44130d441c: receive RaftClientReply:client-A9DCF8B8BD5B->529edf8e-8eae-4246-b33f-5e44130d441c@group-A1CD1332DC7D, cid=2026, SUCCESS, logIndex=2935, commits[529edf8e-8eae-4246-b33f-5e44130d441c:c2935, 79bffca9-b028-4c53-a657-872ed973be73:c2931, 15654dff-55cd-4f70-96d8-4abf0c061563:c2931]
2019-07-09 15:04:33,831 INFO  client.GrpcClientProtocolClient (GrpcClientProtocolClient.java:onNext(255)) - client-A9DCF8B8BD5B->529edf8e-8eae-4246-b33f-5e44130d441c: receive RaftClientReply:client-A9DCF8B8BD5B->529edf8e-8eae-4246-b33f-5e44130d441c@group-A1CD1332DC7D, cid=2027, SUCCESS, logIndex=0, commits[529edf8e-8eae-4246-b33f-5e44130d441c:c2936, 79bffca9-b028-4c53-a657-872ed973be73:c2935, 15654dff-55cd-4f70-96d8-4abf0c061563:c2935]
2019-07-09 15:04:33,858 INFO  client.GrpcClientProtocolClient (GrpcClientProtocolClient.java:onNext(255)) - client-A9DCF8B8BD5B->529edf8e-8eae-4246-b33f-5e44130d441c: receive RaftClientReply:client-A9DCF8B8BD5B->529edf8e-8eae-4246-b33f-5e44130d441c@group-A1CD1332DC7D, cid=2028, SUCCESS, logIndex=2937, commits[529edf8e-8eae-4246-b33f-5e44130d441c:c2937, 79bffca9-b028-4c53-a657-872ed973be73:c2936, 15654dff-55cd-4f70-96d8-4abf0c061563:c2936]
2019-07-09 15:04:33,859 INFO  client.GrpcClientProtocolClient (GrpcClientProtocolClient.java:onNext(255)) - client-A9DCF8B8BD5B->529edf8e-8eae-4246-b33f-5e44130d441c: receive RaftClientReply:client-A9DCF8B8BD5B->529edf8e-8eae-4246-b33f-5e44130d441c@group-A1CD1332DC7D, cid=2029, SUCCESS, logIndex=2938, commits[529edf8e-8eae-4246-b33f-5e44130d441c:c2939, 79bffca9-b028-4c53-a657-872ed973be73:c2936, 15654dff-55cd-4f70-96d8-4abf0c061563:c2936]
2019-07-09 15:04:33,859 INFO  client.GrpcClientProtocolClient (GrpcClientProtocolClient.java:onNext(255)) - client-A9DCF8B8BD5B->529edf8e-8eae-4246-b33f-5e44130d441c: receive RaftClientReply:client-A9DCF8B8BD5B->529edf8e-8eae-4246-b33f-5e44130d441c@group-A1CD1332DC7D, cid=2030, SUCCESS, logIndex=2939, commits[529edf8e-8eae-4246-b33f-5e44130d441c:c2940, 79bffca9-b028-4c53-a657-872ed973be73:c2936, 15654dff-55cd-4f70-96d8-4abf0c061563:c2936]
2019-07-09 15:04:33,859 INFO  client.GrpcClientProtocolClient (GrpcClientProtocolClient.java:onNext(255)) - client-A9DCF8B8BD5B->529edf8e-8eae-4246-b33f-5e44130d441c: receive RaftClientReply:client-A9DCF8B8BD5B->529edf8e-8eae-4246-b33f-5e44130d441c@group-A1CD1332DC7D, cid=2031, SUCCESS, logIndex=2940, commits[529edf8e-8eae-4246-b33f-5e44130d441c:c2940, 79bffca9-b028-4c53-a657-872ed973be73:c2936, 15654dff-55cd-4f70-96d8-4abf0c061563:c2936]
2019-07-09 15:04:33,861 INFO  client.GrpcClientProtocolClient (GrpcClientProtocolClient.java:onNext(255)) - client-A9DCF8B8BD5B->529edf8e-8eae-4246-b33f-5e44130d441c: receive RaftClientReply:client-A9DCF8B8BD5B->529edf8e-8eae-4246-b33f-5e44130d441c@group-A1CD1332DC7D, cid=2032, SUCCESS, logIndex=0, commits[529edf8e-8eae-4246-b33f-5e44130d441c:c2942, 79bffca9-b028-4c53-a657-872ed973be73:c2938, 15654dff-55cd-4f70-96d8-4abf0c061563:c2938]
2019-07-09 15:04:33,898 INFO  client.GrpcClientProtocolClient (GrpcClientProtocolClient.java:onNext(255)) - client-A9DCF8B8BD5B->529edf8e-8eae-4246-b33f-5e44130d441c: receive RaftClientReply:client-A9DCF8B8BD5B->529edf8e-8eae-4246-b33f-5e44130d441c@group-A1CD1332DC7D, cid=2033, SUCCESS, logIndex=2945, commits[529edf8e-8eae-4246-b33f-5e44130d441c:c2946, 79bffca9-b028-4c53-a657-872ed973be73:c2944, 15654dff-55cd-4f70-96d8-4abf0c061563:c2944]
2019-07-09 15:04:33,899 INFO  client.GrpcClientProtocolClient (GrpcClientProtocolClient.java:onNext(255)) - client-A9DCF8B8BD5B->529edf8e-8eae-4246-b33f-5e44130d441c: receive RaftClientReply:client-A9DCF8B8BD5B->529edf8e-8eae-4246-b33f-5e44130d441c@group-A1CD1332DC7D, cid=2034, SUCCESS, logIndex=2946, commits[529edf8e-8eae-4246-b33f-5e44130d441c:c2946, 79bffca9-b028-4c53-a657-872ed973be73:c2944, 15654dff-55cd-4f70-96d8-4abf0c061563:c2944]
2019-07-09 15:04:33,923 INFO  client.GrpcClientProtocolClient (GrpcClientProtocolClient.java:onNext(255)) - client-A9DCF8B8BD5B->529edf8e-8eae-4246-b33f-5e44130d441c: receive RaftClientReply:client-A9DCF8B8BD5B->529edf8e-8eae-4246-b33f-5e44130d441c@group-A1CD1332DC7D, cid=2035, SUCCESS, logIndex=2949, commits[529edf8e-8eae-4246-b33f-5e44130d441c:c2950, 79bffca9-b028-4c53-a657-872ed973be73:c2946, 15654dff-55cd-4f70-96d8-4abf0c061563:c2945]
2019-07-09 15:04:33,923 INFO  client.GrpcClientProtocolClient (GrpcClientProtocolClient.java:onNext(255)) - client-A9DCF8B8BD5B->529edf8e-8eae-4246-b33f-5e44130d441c: receive RaftClientReply:client-A9DCF8B8BD5B->529edf8e-8eae-4246-b33f-5e44130d441c@group-A1CD1332DC7D, cid=2036, SUCCESS, logIndex=2950, commits[529edf8e-8eae-4246-b33f-5e44130d441c:c2950, 79bffca9-b028-4c53-a657-872ed973be73:c2946, 15654dff-55cd-4f70-96d8-4abf0c061563:c2946]
2019-07-09 15:04:33,924 INFO  client.GrpcClientProtocolClient (GrpcClientProtocolClient.java:onNext(255)) - client-A9DCF8B8BD5B->529edf8e-8eae-4246-b33f-5e44130d441c: receive RaftClientReply:client-A9DCF8B8BD5B->529edf8e-8eae-4246-b33f-5e44130d441c@group-A1CD1332DC7D, cid=2037, SUCCESS, logIndex=0, commits[529edf8e-8eae-4246-b33f-5e44130d441c:c2951, 79bffca9-b028-4c53-a657-872ed973be73:c2950, 15654dff-55cd-4f70-96d8-4abf0c061563:c2950]
2019-07-09 15:04:33,956 INFO  client.GrpcClientProtocolClient (GrpcClientProtocolClient.java:onNext(255)) - client-A9DCF8B8BD5B->529edf8e-8eae-4246-b33f-5e44130d441c: receive RaftClientReply:client-A9DCF8B8BD5B->529edf8e-8eae-4246-b33f-5e44130d441c@group-A1CD1332DC7D, cid=2038, SUCCESS, logIndex=2953, commits[529edf8e-8eae-4246-b33f-5e44130d441c:c2954, 79bffca9-b028-4c53-a657-872ed973be73:c2952, 15654dff-55cd-4f70-96d8-4abf0c061563:c2952]
2019-07-09 15:04:33,956 INFO  client.GrpcClientProtocolClient (GrpcClientProtocolClient.java:onNext(255)) - client-A9DCF8B8BD5B->529edf8e-8eae-4246-b33f-5e44130d441c: receive RaftClientReply:client-A9DCF8B8BD5B->529edf8e-8eae-4246-b33f-5e44130d441c@group-A1CD1332DC7D, cid=2039, SUCCESS, logIndex=2954, commits[529edf8e-8eae-4246-b33f-5e44130d441c:c2954, 79bffca9-b028-4c53-a657-872ed973be73:c2952, 15654dff-55cd-4f70-96d8-4abf0c061563:c2952]
2019-07-09 15:04:33,957 INFO  client.GrpcClientProtocolClient (GrpcClientProtocolClient.java:onNext(255)) - client-A9DCF8B8BD5B->529edf8e-8eae-4246-b33f-5e44130d441c: receive RaftClientReply:client-A9DCF8B8BD5B->529edf8e-8eae-4246-b33f-5e44130d441c@group-A1CD1332DC7D, cid=2040, SUCCESS, logIndex=2955, commits[529edf8e-8eae-4246-b33f-5e44130d441c:c2955, 79bffca9-b028-4c53-a657-872ed973be73:c2952, 15654dff-55cd-4f70-96d8-4abf0c061563:c2952]
2019-07-09 15:04:33,958 INFO  client.GrpcClientProtocolClient (GrpcClientProtocolClient.java:onNext(255)) - client-A9DCF8B8BD5B->529edf8e-8eae-4246-b33f-5e44130d441c: receive RaftClientReply:client-A9DCF8B8BD5B->529edf8e-8eae-4246-b33f-5e44130d441c@group-A1CD1332DC7D, cid=2041, SUCCESS, logIndex=2956, commits[529edf8e-8eae-4246-b33f-5e44130d441c:c2956, 79bffca9-b028-4c53-a657-872ed973be73:c2952, 15654dff-55cd-4f70-96d8-4abf0c061563:c2952]
2019-07-09 15:04:33,969 INFO  client.GrpcClientProtocolClient (GrpcClientProtocolClient.java:onNext(255)) - client-A9DCF8B8BD5B->529edf8e-8eae-4246-b33f-5e44130d441c: receive RaftClientReply:client-A9DCF8B8BD5B->529edf8e-8eae-4246-b33f-5e44130d441c@group-A1CD1332DC7D, cid=2042, SUCCESS, logIndex=0, commits[529edf8e-8eae-4246-b33f-5e44130d441c:c2958, 79bffca9-b028-4c53-a657-872ed973be73:c2954, 15654dff-55cd-4f70-96d8-4abf0c061563:c2954]
2019-07-09 15:04:33,990 INFO  client.GrpcClientProtocolClient (GrpcClientProtocolClient.java:onNext(255)) - client-A9DCF8B8BD5B->529edf8e-8eae-4246-b33f-5e44130d441c: receive RaftClientReply:client-A9DCF8B8BD5B->529edf8e-8eae-4246-b33f-5e44130d441c@group-A1CD1332DC7D, cid=2043, SUCCESS, logIndex=2961, commits[529edf8e-8eae-4246-b33f-5e44130d441c:c2962, 79bffca9-b028-4c53-a657-872ed973be73:c2960, 15654dff-55cd-4f70-96d8-4abf0c061563:c2960]
2019-07-09 15:04:33,990 INFO  client.GrpcClientProtocolClient (GrpcClientProtocolClient.java:onNext(255)) - client-A9DCF8B8BD5B->529edf8e-8eae-4246-b33f-5e44130d441c: receive RaftClientReply:client-A9DCF8B8BD5B->529edf8e-8eae-4246-b33f-5e44130d441c@group-A1CD1332DC7D, cid=2044, SUCCESS, logIndex=2962, commits[529edf8e-8eae-4246-b33f-5e44130d441c:c2962, 79bffca9-b028-4c53-a657-872ed973be73:c2960, 15654dff-55cd-4f70-96d8-4abf0c061563:c2960]
2019-07-09 15:04:34,004 INFO  client.GrpcClientProtocolClient (GrpcClientProtocolClient.java:onNext(255)) - client-A9DCF8B8BD5B->529edf8e-8eae-4246-b33f-5e44130d441c: receive RaftClientReply:client-A9DCF8B8BD5B->529edf8e-8eae-4246-b33f-5e44130d441c@group-A1CD1332DC7D, cid=2045, SUCCESS, logIndex=2965, commits[529edf8e-8eae-4246-b33f-5e44130d441c:c2965, 79bffca9-b028-4c53-a657-872ed973be73:c2962, 15654dff-55cd-4f70-96d8-4abf0c061563:c2962]
2019-07-09 15:04:34,004 INFO  client.GrpcClientProtocolClient (GrpcClientProtocolClient.java:onNext(255)) - client-A9DCF8B8BD5B->529edf8e-8eae-4246-b33f-5e44130d441c: receive RaftClientReply:client-A9DCF8B8BD5B->529edf8e-8eae-4246-b33f-5e44130d441c@group-A1CD1332DC7D, cid=2046, SUCCESS, logIndex=2966, commits[529edf8e-8eae-4246-b33f-5e44130d441c:c2966, 79bffca9-b028-4c53-a657-872ed973be73:c2962, 15654dff-55cd-4f70-96d8-4abf0c061563:c2962]
2019-07-09 15:04:34,019 INFO  client.GrpcClientProtocolClient (GrpcClientProtocolClient.java:onNext(255)) - client-A9DCF8B8BD5B->529edf8e-8eae-4246-b33f-5e44130d441c: receive RaftClientReply:client-A9DCF8B8BD5B->529edf8e-8eae-4246-b33f-5e44130d441c@group-A1CD1332DC7D, cid=2047, SUCCESS, logIndex=0, commits[529edf8e-8eae-4246-b33f-5e44130d441c:c2967, 79bffca9-b028-4c53-a657-872ed973be73:c2966, 15654dff-55cd-4f70-96d8-4abf0c061563:c2966]
 0.00% |█                                                                                                    |  0/1 Time: 0:00:162019-07-09 15:04:34,047 INFO  client.GrpcClientProtocolClient (GrpcClientProtocolClient.java:onNext(255)) - client-A9DCF8B8BD5B->529edf8e-8eae-4246-b33f-5e44130d441c: receive RaftClientReply:client-A9DCF8B8BD5B->529edf8e-8eae-4246-b33f-5e44130d441c@group-A1CD1332DC7D, cid=2048, SUCCESS, logIndex=2969, commits[529edf8e-8eae-4246-b33f-5e44130d441c:c2971, 79bffca9-b028-4c53-a657-872ed973be73:c2968, 15654dff-55cd-4f70-96d8-4abf0c061563:c2968]
2019-07-09 15:04:34,048 INFO  client.GrpcClientProtocolClient (GrpcClientProtocolClient.java:onNext(255)) - client-A9DCF8B8BD5B->529edf8e-8eae-4246-b33f-5e44130d441c: receive RaftClientReply:client-A9DCF8B8BD5B->529edf8e-8eae-4246-b33f-5e44130d441c@group-A1CD1332DC7D, cid=2049, SUCCESS, logIndex=2970, commits[529edf8e-8eae-4246-b33f-5e44130d441c:c2972, 79bffca9-b028-4c53-a657-872ed973be73:c2968, 15654dff-55cd-4f70-96d8-4abf0c061563:c2968]
2019-07-09 15:04:34,048 INFO  client.GrpcClientProtocolClient (GrpcClientProtocolClient.java:onNext(255)) - client-A9DCF8B8BD5B->529edf8e-8eae-4246-b33f-5e44130d441c: receive RaftClientReply:client-A9DCF8B8BD5B->529edf8e-8eae-4246-b33f-5e44130d441c@group-A1CD1332DC7D, cid=2050, SUCCESS, logIndex=2971, commits[529edf8e-8eae-4246-b33f-5e44130d441c:c2972, 79bffca9-b028-4c53-a657-872ed973be73:c2968, 15654dff-55cd-4f70-96d8-4abf0c061563:c2968]
2019-07-09 15:04:34,048 INFO  client.GrpcClientProtocolClient (GrpcClientProtocolClient.java:onNext(255)) - client-A9DCF8B8BD5B->529edf8e-8eae-4246-b33f-5e44130d441c: receive RaftClientReply:client-A9DCF8B8BD5B->529edf8e-8eae-4246-b33f-5e44130d441c@group-A1CD1332DC7D, cid=2051, SUCCESS, logIndex=2972, commits[529edf8e-8eae-4246-b33f-5e44130d441c:c2972, 79bffca9-b028-4c53-a657-872ed973be73:c2968, 15654dff-55cd-4f70-96d8-4abf0c061563:c2968]
2019-07-09 15:04:34,062 INFO  client.GrpcClientProtocolClient (GrpcClientProtocolClient.java:onNext(255)) - client-A9DCF8B8BD5B->529edf8e-8eae-4246-b33f-5e44130d441c: receive RaftClientReply:client-A9DCF8B8BD5B->529edf8e-8eae-4246-b33f-5e44130d441c@group-A1CD1332DC7D, cid=2052, SUCCESS, logIndex=0, commits[529edf8e-8eae-4246-b33f-5e44130d441c:c2975, 79bffca9-b028-4c53-a657-872ed973be73:c2971, 15654dff-55cd-4f70-96d8-4abf0c061563:c2971]
2019-07-09 15:04:34,091 INFO  client.GrpcClientProtocolClient (GrpcClientProtocolClient.java:onNext(255)) - client-A9DCF8B8BD5B->529edf8e-8eae-4246-b33f-5e44130d441c: receive RaftClientReply:client-A9DCF8B8BD5B->529edf8e-8eae-4246-b33f-5e44130d441c@group-A1CD1332DC7D, cid=2053, SUCCESS, logIndex=2977, commits[529edf8e-8eae-4246-b33f-5e44130d441c:c2978, 79bffca9-b028-4c53-a657-872ed973be73:c2976, 15654dff-55cd-4f70-96d8-4abf0c061563:c2976]
2019-07-09 15:04:34,092 INFO  client.GrpcClientProtocolClient (GrpcClientProtocolClient.java:onNext(255)) - client-A9DCF8B8BD5B->529edf8e-8eae-4246-b33f-5e44130d441c: receive RaftClientReply:client-A9DCF8B8BD5B->529edf8e-8eae-4246-b33f-5e44130d441c@group-A1CD1332DC7D, cid=2054, SUCCESS, logIndex=2978, commits[529edf8e-8eae-4246-b33f-5e44130d441c:c2978, 79bffca9-b028-4c53-a657-872ed973be73:c2976, 15654dff-55cd-4f70-96d8-4abf0c061563:c2976]
2019-07-09 15:04:34,116 INFO  client.GrpcClientProtocolClient (GrpcClientProtocolClient.java:onNext(255)) - client-A9DCF8B8BD5B->529edf8e-8eae-4246-b33f-5e44130d441c: receive RaftClientReply:client-A9DCF8B8BD5B->529edf8e-8eae-4246-b33f-5e44130d441c@group-A1CD1332DC7D, cid=2055, SUCCESS, logIndex=2981, commits[529edf8e-8eae-4246-b33f-5e44130d441c:c2982, 79bffca9-b028-4c53-a657-872ed973be73:c2978, 15654dff-55cd-4f70-96d8-4abf0c061563:c2977]
2019-07-09 15:04:34,116 INFO  client.GrpcClientProtocolClient (GrpcClientProtocolClient.java:onNext(255)) - client-A9DCF8B8BD5B->529edf8e-8eae-4246-b33f-5e44130d441c: receive RaftClientReply:client-A9DCF8B8BD5B->529edf8e-8eae-4246-b33f-5e44130d441c@group-A1CD1332DC7D, cid=2056, SUCCESS, logIndex=2982, commits[529edf8e-8eae-4246-b33f-5e44130d441c:c2982, 79bffca9-b028-4c53-a657-872ed973be73:c2978, 15654dff-55cd-4f70-96d8-4abf0c061563:c2978]
2019-07-09 15:04:34,119 INFO  client.GrpcClientProtocolClient (GrpcClientProtocolClient.java:onNext(255)) - client-A9DCF8B8BD5B->529edf8e-8eae-4246-b33f-5e44130d441c: receive RaftClientReply:client-A9DCF8B8BD5B->529edf8e-8eae-4246-b33f-5e44130d441c@group-A1CD1332DC7D, cid=2057, SUCCESS, logIndex=0, commits[529edf8e-8eae-4246-b33f-5e44130d441c:c2983, 79bffca9-b028-4c53-a657-872ed973be73:c2982, 15654dff-55cd-4f70-96d8-4abf0c061563:c2982]
2019-07-09 15:04:34,148 INFO  client.GrpcClientProtocolClient (GrpcClientProtocolClient.java:onNext(255)) - client-A9DCF8B8BD5B->529edf8e-8eae-4246-b33f-5e44130d441c: receive RaftClientReply:client-A9DCF8B8BD5B->529edf8e-8eae-4246-b33f-5e44130d441c@group-A1CD1332DC7D, cid=2058, SUCCESS, logIndex=2985, commits[529edf8e-8eae-4246-b33f-5e44130d441c:c2986, 79bffca9-b028-4c53-a657-872ed973be73:c2984, 15654dff-55cd-4f70-96d8-4abf0c061563:c2984]
2019-07-09 15:04:34,148 INFO  client.GrpcClientProtocolClient (GrpcClientProtocolClient.java:onNext(255)) - client-A9DCF8B8BD5B->529edf8e-8eae-4246-b33f-5e44130d441c: receive RaftClientReply:client-A9DCF8B8BD5B->529edf8e-8eae-4246-b33f-5e44130d441c@group-A1CD1332DC7D, cid=2059, SUCCESS, logIndex=2986, commits[529edf8e-8eae-4246-b33f-5e44130d441c:c2986, 79bffca9-b028-4c53-a657-872ed973be73:c2984, 15654dff-55cd-4f70-96d8-4abf0c061563:c2984]
2019-07-09 15:04:34,159 INFO  client.GrpcClientProtocolClient (GrpcClientProtocolClient.java:onNext(255)) - client-A9DCF8B8BD5B->529edf8e-8eae-4246-b33f-5e44130d441c: receive RaftClientReply:client-A9DCF8B8BD5B->529edf8e-8eae-4246-b33f-5e44130d441c@group-A1CD1332DC7D, cid=2060, SUCCESS, logIndex=2987, commits[529edf8e-8eae-4246-b33f-5e44130d441c:c2988, 79bffca9-b028-4c53-a657-872ed973be73:c2984, 15654dff-55cd-4f70-96d8-4abf0c061563:c2984]
2019-07-09 15:04:34,159 INFO  client.GrpcClientProtocolClient (GrpcClientProtocolClient.java:onNext(255)) - client-A9DCF8B8BD5B->529edf8e-8eae-4246-b33f-5e44130d441c: receive RaftClientReply:client-A9DCF8B8BD5B->529edf8e-8eae-4246-b33f-5e44130d441c@group-A1CD1332DC7D, cid=2061, SUCCESS, logIndex=2988, commits[529edf8e-8eae-4246-b33f-5e44130d441c:c2988, 79bffca9-b028-4c53-a657-872ed973be73:c2984, 15654dff-55cd-4f70-96d8-4abf0c061563:c2984]
2019-07-09 15:04:34,160 INFO  client.GrpcClientProtocolClient (GrpcClientProtocolClient.java:onNext(255)) - client-A9DCF8B8BD5B->529edf8e-8eae-4246-b33f-5e44130d441c: receive RaftClientReply:client-A9DCF8B8BD5B->529edf8e-8eae-4246-b33f-5e44130d441c@group-A1CD1332DC7D, cid=2062, SUCCESS, logIndex=0, commits[529edf8e-8eae-4246-b33f-5e44130d441c:c2989, 79bffca9-b028-4c53-a657-872ed973be73:c2986, 15654dff-55cd-4f70-96d8-4abf0c061563:c2986]
2019-07-09 15:04:34,180 INFO  client.GrpcClientProtocolClient (GrpcClientProtocolClient.java:onNext(255)) - client-A9DCF8B8BD5B->529edf8e-8eae-4246-b33f-5e44130d441c: receive RaftClientReply:client-A9DCF8B8BD5B->529edf8e-8eae-4246-b33f-5e44130d441c@group-A1CD1332DC7D, cid=2063, SUCCESS, logIndex=2991, commits[529edf8e-8eae-4246-b33f-5e44130d441c:c2992, 79bffca9-b028-4c53-a657-872ed973be73:c2990, 15654dff-55cd-4f70-96d8-4abf0c061563:c2990]
2019-07-09 15:04:34,180 INFO  client.GrpcClientProtocolClient (GrpcClientProtocolClient.java:onNext(255)) - client-A9DCF8B8BD5B->529edf8e-8eae-4246-b33f-5e44130d441c: receive RaftClientReply:client-A9DCF8B8BD5B->529edf8e-8eae-4246-b33f-5e44130d441c@group-A1CD1332DC7D, cid=2064, SUCCESS, logIndex=2992, commits[529edf8e-8eae-4246-b33f-5e44130d441c:c2992, 79bffca9-b028-4c53-a657-872ed973be73:c2990, 15654dff-55cd-4f70-96d8-4abf0c061563:c2990]
2019-07-09 15:04:34,195 INFO  client.GrpcClientProtocolClient (GrpcClientProtocolClient.java:onNext(255)) - client-A9DCF8B8BD5B->529edf8e-8eae-4246-b33f-5e44130d441c: receive RaftClientReply:client-A9DCF8B8BD5B->529edf8e-8eae-4246-b33f-5e44130d441c@group-A1CD1332DC7D, cid=2065, SUCCESS, logIndex=2995, commits[529edf8e-8eae-4246-b33f-5e44130d441c:c2996, 79bffca9-b028-4c53-a657-872ed973be73:c2992, 15654dff-55cd-4f70-96d8-4abf0c061563:c2992]
2019-07-09 15:04:34,195 INFO  client.GrpcClientProtocolClient (GrpcClientProtocolClient.java:onNext(255)) - client-A9DCF8B8BD5B->529edf8e-8eae-4246-b33f-5e44130d441c: receive RaftClientReply:client-A9DCF8B8BD5B->529edf8e-8eae-4246-b33f-5e44130d441c@group-A1CD1332DC7D, cid=2066, SUCCESS, logIndex=2996, commits[529edf8e-8eae-4246-b33f-5e44130d441c:c2996, 79bffca9-b028-4c53-a657-872ed973be73:c2992, 15654dff-55cd-4f70-96d8-4abf0c061563:c2992]
2019-07-09 15:04:34,208 INFO  client.GrpcClientProtocolClient (GrpcClientProtocolClient.java:onNext(255)) - client-A9DCF8B8BD5B->529edf8e-8eae-4246-b33f-5e44130d441c: receive RaftClientReply:client-A9DCF8B8BD5B->529edf8e-8eae-4246-b33f-5e44130d441c@group-A1CD1332DC7D, cid=2067, SUCCESS, logIndex=0, commits[529edf8e-8eae-4246-b33f-5e44130d441c:c2998, 79bffca9-b028-4c53-a657-872ed973be73:c2996, 15654dff-55cd-4f70-96d8-4abf0c061563:c2996]
2019-07-09 15:04:34,234 INFO  client.GrpcClientProtocolClient (GrpcClientProtocolClient.java:onNext(255)) - client-A9DCF8B8BD5B->529edf8e-8eae-4246-b33f-5e44130d441c: receive RaftClientReply:client-A9DCF8B8BD5B->529edf8e-8eae-4246-b33f-5e44130d441c@group-A1CD1332DC7D, cid=2068, SUCCESS, logIndex=2999, commits[529edf8e-8eae-4246-b33f-5e44130d441c:c3000, 79bffca9-b028-4c53-a657-872ed973be73:c2998, 15654dff-55cd-4f70-96d8-4abf0c061563:c2998]
2019-07-09 15:04:34,235 INFO  client.GrpcClientProtocolClient (GrpcClientProtocolClient.java:onNext(255)) - client-A9DCF8B8BD5B->529edf8e-8eae-4246-b33f-5e44130d441c: receive RaftClientReply:client-A9DCF8B8BD5B->529edf8e-8eae-4246-b33f-5e44130d441c@group-A1CD1332DC7D, cid=2069, SUCCESS, logIndex=3000, commits[529edf8e-8eae-4246-b33f-5e44130d441c:c3000, 79bffca9-b028-4c53-a657-872ed973be73:c2998, 15654dff-55cd-4f70-96d8-4abf0c061563:c2998]
2019-07-09 15:04:34,235 INFO  client.GrpcClientProtocolClient (GrpcClientProtocolClient.java:onNext(255)) - client-A9DCF8B8BD5B->529edf8e-8eae-4246-b33f-5e44130d441c: receive RaftClientReply:client-A9DCF8B8BD5B->529edf8e-8eae-4246-b33f-5e44130d441c@group-A1CD1332DC7D, cid=2070, SUCCESS, logIndex=3001, commits[529edf8e-8eae-4246-b33f-5e44130d441c:c3001, 79bffca9-b028-4c53-a657-872ed973be73:c2998, 15654dff-55cd-4f70-96d8-4abf0c061563:c2998]
2019-07-09 15:04:34,235 INFO  client.GrpcClientProtocolClient (GrpcClientProtocolClient.java:onNext(255)) - client-A9DCF8B8BD5B->529edf8e-8eae-4246-b33f-5e44130d441c: receive RaftClientReply:client-A9DCF8B8BD5B->529edf8e-8eae-4246-b33f-5e44130d441c@group-A1CD1332DC7D, cid=2071, SUCCESS, logIndex=3002, commits[529edf8e-8eae-4246-b33f-5e44130d441c:c3002, 79bffca9-b028-4c53-a657-872ed973be73:c2998, 15654dff-55cd-4f70-96d8-4abf0c061563:c2998]
2019-07-09 15:04:34,237 INFO  client.GrpcClientProtocolClient (GrpcClientProtocolClient.java:onNext(255)) - client-A9DCF8B8BD5B->529edf8e-8eae-4246-b33f-5e44130d441c: receive RaftClientReply:client-A9DCF8B8BD5B->529edf8e-8eae-4246-b33f-5e44130d441c@group-A1CD1332DC7D, cid=2072, SUCCESS, logIndex=0, commits[529edf8e-8eae-4246-b33f-5e44130d441c:c3003, 79bffca9-b028-4c53-a657-872ed973be73:c3000, 15654dff-55cd-4f70-96d8-4abf0c061563:c3000]
2019-07-09 15:04:34,250 INFO  client.GrpcClientProtocolClient (GrpcClientProtocolClient.java:onNext(255)) - client-A9DCF8B8BD5B->529edf8e-8eae-4246-b33f-5e44130d441c: receive RaftClientReply:client-A9DCF8B8BD5B->529edf8e-8eae-4246-b33f-5e44130d441c@group-A1CD1332DC7D, cid=2073, SUCCESS, logIndex=3007, commits[529edf8e-8eae-4246-b33f-5e44130d441c:c3007, 79bffca9-b028-4c53-a657-872ed973be73:c3003, 15654dff-55cd-4f70-96d8-4abf0c061563:c3003]
2019-07-09 15:04:34,250 INFO  client.GrpcClientProtocolClient (GrpcClientProtocolClient.java:onNext(255)) - client-A9DCF8B8BD5B->529edf8e-8eae-4246-b33f-5e44130d441c: receive RaftClientReply:client-A9DCF8B8BD5B->529edf8e-8eae-4246-b33f-5e44130d441c@group-A1CD1332DC7D, cid=2074, SUCCESS, logIndex=3008, commits[529edf8e-8eae-4246-b33f-5e44130d441c:c3008, 79bffca9-b028-4c53-a657-872ed973be73:c3003, 15654dff-55cd-4f70-96d8-4abf0c061563:c3003]
2019-07-09 15:04:34,264 INFO  client.GrpcClientProtocolClient (GrpcClientProtocolClient.java:onNext(255)) - client-A9DCF8B8BD5B->529edf8e-8eae-4246-b33f-5e44130d441c: receive RaftClientReply:client-A9DCF8B8BD5B->529edf8e-8eae-4246-b33f-5e44130d441c@group-A1CD1332DC7D, cid=2075, SUCCESS, logIndex=3011, commits[529edf8e-8eae-4246-b33f-5e44130d441c:c3012, 79bffca9-b028-4c53-a657-872ed973be73:c3008, 15654dff-55cd-4f70-96d8-4abf0c061563:c3008]
2019-07-09 15:04:34,264 INFO  client.GrpcClientProtocolClient (GrpcClientProtocolClient.java:onNext(255)) - client-A9DCF8B8BD5B->529edf8e-8eae-4246-b33f-5e44130d441c: receive RaftClientReply:client-A9DCF8B8BD5B->529edf8e-8eae-4246-b33f-5e44130d441c@group-A1CD1332DC7D, cid=2076, SUCCESS, logIndex=3012, commits[529edf8e-8eae-4246-b33f-5e44130d441c:c3012, 79bffca9-b028-4c53-a657-872ed973be73:c3008, 15654dff-55cd-4f70-96d8-4abf0c061563:c3008]
2019-07-09 15:04:34,279 INFO  client.GrpcClientProtocolClient (GrpcClientProtocolClient.java:onNext(255)) - client-A9DCF8B8BD5B->529edf8e-8eae-4246-b33f-5e44130d441c: receive RaftClientReply:client-A9DCF8B8BD5B->529edf8e-8eae-4246-b33f-5e44130d441c@group-A1CD1332DC7D, cid=2077, SUCCESS, logIndex=0, commits[529edf8e-8eae-4246-b33f-5e44130d441c:c3014, 79bffca9-b028-4c53-a657-872ed973be73:c3012, 15654dff-55cd-4f70-96d8-4abf0c061563:c3012]
2019-07-09 15:04:34,309 INFO  client.GrpcClientProtocolClient (GrpcClientProtocolClient.java:onNext(255)) - client-A9DCF8B8BD5B->529edf8e-8eae-4246-b33f-5e44130d441c: receive RaftClientReply:client-A9DCF8B8BD5B->529edf8e-8eae-4246-b33f-5e44130d441c@group-A1CD1332DC7D, cid=2078, SUCCESS, logIndex=3015, commits[529edf8e-8eae-4246-b33f-5e44130d441c:c3016, 79bffca9-b028-4c53-a657-872ed973be73:c3014, 15654dff-55cd-4f70-96d8-4abf0c061563:c3014]
2019-07-09 15:04:34,310 INFO  client.GrpcClientProtocolClient (GrpcClientProtocolClient.java:onNext(255)) - client-A9DCF8B8BD5B->529edf8e-8eae-4246-b33f-5e44130d441c: receive RaftClientReply:client-A9DCF8B8BD5B->529edf8e-8eae-4246-b33f-5e44130d441c@group-A1CD1332DC7D, cid=2079, SUCCESS, logIndex=3016, commits[529edf8e-8eae-4246-b33f-5e44130d441c:c3018, 79bffca9-b028-4c53-a657-872ed973be73:c3014, 15654dff-55cd-4f70-96d8-4abf0c061563:c3014]
2019-07-09 15:04:34,310 INFO  client.GrpcClientProtocolClient (GrpcClientProtocolClient.java:onNext(255)) - client-A9DCF8B8BD5B->529edf8e-8eae-4246-b33f-5e44130d441c: receive RaftClientReply:client-A9DCF8B8BD5B->529edf8e-8eae-4246-b33f-5e44130d441c@group-A1CD1332DC7D, cid=2080, SUCCESS, logIndex=3017, commits[529edf8e-8eae-4246-b33f-5e44130d441c:c3018, 79bffca9-b028-4c53-a657-872ed973be73:c3014, 15654dff-55cd-4f70-96d8-4abf0c061563:c3014]
2019-07-09 15:04:34,311 INFO  client.GrpcClientProtocolClient (GrpcClientProtocolClient.java:onNext(255)) - client-A9DCF8B8BD5B->529edf8e-8eae-4246-b33f-5e44130d441c: receive RaftClientReply:client-A9DCF8B8BD5B->529edf8e-8eae-4246-b33f-5e44130d441c@group-A1CD1332DC7D, cid=2081, SUCCESS, logIndex=3018, commits[529edf8e-8eae-4246-b33f-5e44130d441c:c3018, 79bffca9-b028-4c53-a657-872ed973be73:c3014, 15654dff-55cd-4f70-96d8-4abf0c061563:c3014]
2019-07-09 15:04:34,322 INFO  client.GrpcClientProtocolClient (GrpcClientProtocolClient.java:onNext(255)) - client-A9DCF8B8BD5B->529edf8e-8eae-4246-b33f-5e44130d441c: receive RaftClientReply:client-A9DCF8B8BD5B->529edf8e-8eae-4246-b33f-5e44130d441c@group-A1CD1332DC7D, cid=2082, SUCCESS, logIndex=0, commits[529edf8e-8eae-4246-b33f-5e44130d441c:c3021, 79bffca9-b028-4c53-a657-872ed973be73:c3016, 15654dff-55cd-4f70-96d8-4abf0c061563:c3018]
2019-07-09 15:04:34,436 INFO  client.GrpcClientProtocolClient (GrpcClientProtocolClient.java:onNext(255)) - client-A9DCF8B8BD5B->529edf8e-8eae-4246-b33f-5e44130d441c: receive RaftClientReply:client-A9DCF8B8BD5B->529edf8e-8eae-4246-b33f-5e44130d441c@group-A1CD1332DC7D, cid=2083, SUCCESS, logIndex=3022, commits[529edf8e-8eae-4246-b33f-5e44130d441c:c3023, 79bffca9-b028-4c53-a657-872ed973be73:c3021, 15654dff-55cd-4f70-96d8-4abf0c061563:c3021]
2019-07-09 15:04:34,437 INFO  client.GrpcClientProtocolClient (GrpcClientProtocolClient.java:onNext(255)) - client-A9DCF8B8BD5B->529edf8e-8eae-4246-b33f-5e44130d441c: receive RaftClientReply:client-A9DCF8B8BD5B->529edf8e-8eae-4246-b33f-5e44130d441c@group-A1CD1332DC7D, cid=2084, SUCCESS, logIndex=3023, commits[529edf8e-8eae-4246-b33f-5e44130d441c:c3023, 79bffca9-b028-4c53-a657-872ed973be73:c3021, 15654dff-55cd-4f70-96d8-4abf0c061563:c3021]
2019-07-09 15:04:34,467 INFO  client.GrpcClientProtocolClient (GrpcClientProtocolClient.java:onNext(255)) - client-A9DCF8B8BD5B->529edf8e-8eae-4246-b33f-5e44130d441c: receive RaftClientReply:client-A9DCF8B8BD5B->529edf8e-8eae-4246-b33f-5e44130d441c@group-A1CD1332DC7D, cid=2085, SUCCESS, logIndex=3026, commits[529edf8e-8eae-4246-b33f-5e44130d441c:c3027, 79bffca9-b028-4c53-a657-872ed973be73:c3023, 15654dff-55cd-4f70-96d8-4abf0c061563:c3023]
2019-07-09 15:04:34,467 INFO  client.GrpcClientProtocolClient (GrpcClientProtocolClient.java:onNext(255)) - client-A9DCF8B8BD5B->529edf8e-8eae-4246-b33f-5e44130d441c: receive RaftClientReply:client-A9DCF8B8BD5B->529edf8e-8eae-4246-b33f-5e44130d441c@group-A1CD1332DC7D, cid=2086, SUCCESS, logIndex=3027, commits[529edf8e-8eae-4246-b33f-5e44130d441c:c3027, 79bffca9-b028-4c53-a657-872ed973be73:c3023, 15654dff-55cd-4f70-96d8-4abf0c061563:c3023]
2019-07-09 15:04:34,478 INFO  client.GrpcClientProtocolClient (GrpcClientProtocolClient.java:onNext(255)) - client-A9DCF8B8BD5B->529edf8e-8eae-4246-b33f-5e44130d441c: receive RaftClientReply:client-A9DCF8B8BD5B->529edf8e-8eae-4246-b33f-5e44130d441c@group-A1CD1332DC7D, cid=2087, SUCCESS, logIndex=0, commits[529edf8e-8eae-4246-b33f-5e44130d441c:c3028, 79bffca9-b028-4c53-a657-872ed973be73:c3027, 15654dff-55cd-4f70-96d8-4abf0c061563:c3027]
2019-07-09 15:04:34,510 INFO  client.GrpcClientProtocolClient (GrpcClientProtocolClient.java:onNext(255)) - client-A9DCF8B8BD5B->529edf8e-8eae-4246-b33f-5e44130d441c: receive RaftClientReply:client-A9DCF8B8BD5B->529edf8e-8eae-4246-b33f-5e44130d441c@group-A1CD1332DC7D, cid=2088, SUCCESS, logIndex=3030, commits[529edf8e-8eae-4246-b33f-5e44130d441c:c3031, 79bffca9-b028-4c53-a657-872ed973be73:c3029, 15654dff-55cd-4f70-96d8-4abf0c061563:c3029]
2019-07-09 15:04:34,511 INFO  client.GrpcClientProtocolClient (GrpcClientProtocolClient.java:onNext(255)) - client-A9DCF8B8BD5B->529edf8e-8eae-4246-b33f-5e44130d441c: receive RaftClientReply:client-A9DCF8B8BD5B->529edf8e-8eae-4246-b33f-5e44130d441c@group-A1CD1332DC7D, cid=2089, SUCCESS, logIndex=3031, commits[529edf8e-8eae-4246-b33f-5e44130d441c:c3033, 79bffca9-b028-4c53-a657-872ed973be73:c3029, 15654dff-55cd-4f70-96d8-4abf0c061563:c3029]
2019-07-09 15:04:34,511 INFO  client.GrpcClientProtocolClient (GrpcClientProtocolClient.java:onNext(255)) - client-A9DCF8B8BD5B->529edf8e-8eae-4246-b33f-5e44130d441c: receive RaftClientReply:client-A9DCF8B8BD5B->529edf8e-8eae-4246-b33f-5e44130d441c@group-A1CD1332DC7D, cid=2090, SUCCESS, logIndex=3032, commits[529edf8e-8eae-4246-b33f-5e44130d441c:c3033, 79bffca9-b028-4c53-a657-872ed973be73:c3029, 15654dff-55cd-4f70-96d8-4abf0c061563:c3029]
2019-07-09 15:04:34,512 INFO  client.GrpcClientProtocolClient (GrpcClientProtocolClient.java:onNext(255)) - client-A9DCF8B8BD5B->529edf8e-8eae-4246-b33f-5e44130d441c: receive RaftClientReply:client-A9DCF8B8BD5B->529edf8e-8eae-4246-b33f-5e44130d441c@group-A1CD1332DC7D, cid=2091, SUCCESS, logIndex=3033, commits[529edf8e-8eae-4246-b33f-5e44130d441c:c3033, 79bffca9-b028-4c53-a657-872ed973be73:c3029, 15654dff-55cd-4f70-96d8-4abf0c061563:c3029]
2019-07-09 15:04:34,522 INFO  client.GrpcClientProtocolClient (GrpcClientProtocolClient.java:onNext(255)) - client-A9DCF8B8BD5B->529edf8e-8eae-4246-b33f-5e44130d441c: receive RaftClientReply:client-A9DCF8B8BD5B->529edf8e-8eae-4246-b33f-5e44130d441c@group-A1CD1332DC7D, cid=2092, SUCCESS, logIndex=0, commits[529edf8e-8eae-4246-b33f-5e44130d441c:c3034, 79bffca9-b028-4c53-a657-872ed973be73:c3031, 15654dff-55cd-4f70-96d8-4abf0c061563:c3031]
2019-07-09 15:04:34,543 INFO  client.GrpcClientProtocolClient (GrpcClientProtocolClient.java:onNext(255)) - client-A9DCF8B8BD5B->529edf8e-8eae-4246-b33f-5e44130d441c: receive RaftClientReply:client-A9DCF8B8BD5B->529edf8e-8eae-4246-b33f-5e44130d441c@group-A1CD1332DC7D, cid=2093, SUCCESS, logIndex=3037, commits[529edf8e-8eae-4246-b33f-5e44130d441c:c3038, 79bffca9-b028-4c53-a657-872ed973be73:c3036, 15654dff-55cd-4f70-96d8-4abf0c061563:c3036]
2019-07-09 15:04:34,544 INFO  client.GrpcClientProtocolClient (GrpcClientProtocolClient.java:onNext(255)) - client-A9DCF8B8BD5B->529edf8e-8eae-4246-b33f-5e44130d441c: receive RaftClientReply:client-A9DCF8B8BD5B->529edf8e-8eae-4246-b33f-5e44130d441c@group-A1CD1332DC7D, cid=2094, SUCCESS, logIndex=3038, commits[529edf8e-8eae-4246-b33f-5e44130d441c:c3038, 79bffca9-b028-4c53-a657-872ed973be73:c3036, 15654dff-55cd-4f70-96d8-4abf0c061563:c3036]
2019-07-09 15:04:34,556 INFO  client.GrpcClientProtocolClient (GrpcClientProtocolClient.java:onNext(255)) - client-A9DCF8B8BD5B->529edf8e-8eae-4246-b33f-5e44130d441c: receive RaftClientReply:client-A9DCF8B8BD5B->529edf8e-8eae-4246-b33f-5e44130d441c@group-A1CD1332DC7D, cid=2095, SUCCESS, logIndex=3041, commits[529edf8e-8eae-4246-b33f-5e44130d441c:c3042, 79bffca9-b028-4c53-a657-872ed973be73:c3038, 15654dff-55cd-4f70-96d8-4abf0c061563:c3037]
2019-07-09 15:04:34,557 INFO  client.GrpcClientProtocolClient (GrpcClientProtocolClient.java:onNext(255)) - client-A9DCF8B8BD5B->529edf8e-8eae-4246-b33f-5e44130d441c: receive RaftClientReply:client-A9DCF8B8BD5B->529edf8e-8eae-4246-b33f-5e44130d441c@group-A1CD1332DC7D, cid=2096, SUCCESS, logIndex=3042, commits[529edf8e-8eae-4246-b33f-5e44130d441c:c3042, 79bffca9-b028-4c53-a657-872ed973be73:c3038, 15654dff-55cd-4f70-96d8-4abf0c061563:c3038]
2019-07-09 15:04:34,558 INFO  client.GrpcClientProtocolClient (GrpcClientProtocolClient.java:onNext(255)) - client-A9DCF8B8BD5B->529edf8e-8eae-4246-b33f-5e44130d441c: receive RaftClientReply:client-A9DCF8B8BD5B->529edf8e-8eae-4246-b33f-5e44130d441c@group-A1CD1332DC7D, cid=2097, SUCCESS, logIndex=0, commits[529edf8e-8eae-4246-b33f-5e44130d441c:c3043, 79bffca9-b028-4c53-a657-872ed973be73:c3042, 15654dff-55cd-4f70-96d8-4abf0c061563:c3042]
2019-07-09 15:04:34,639 INFO  client.GrpcClientProtocolClient (GrpcClientProtocolClient.java:onNext(255)) - client-A9DCF8B8BD5B->529edf8e-8eae-4246-b33f-5e44130d441c: receive RaftClientReply:client-A9DCF8B8BD5B->529edf8e-8eae-4246-b33f-5e44130d441c@group-A1CD1332DC7D, cid=2098, SUCCESS, logIndex=3045, commits[529edf8e-8eae-4246-b33f-5e44130d441c:c3047, 79bffca9-b028-4c53-a657-872ed973be73:c3044, 15654dff-55cd-4f70-96d8-4abf0c061563:c3044]
2019-07-09 15:04:34,639 INFO  client.GrpcClientProtocolClient (GrpcClientProtocolClient.java:onNext(255)) - client-A9DCF8B8BD5B->529edf8e-8eae-4246-b33f-5e44130d441c: receive RaftClientReply:client-A9DCF8B8BD5B->529edf8e-8eae-4246-b33f-5e44130d441c@group-A1CD1332DC7D, cid=2099, SUCCESS, logIndex=3046, commits[529edf8e-8eae-4246-b33f-5e44130d441c:c3048, 79bffca9-b028-4c53-a657-872ed973be73:c3044, 15654dff-55cd-4f70-96d8-4abf0c061563:c3044]
2019-07-09 15:04:34,640 INFO  client.GrpcClientProtocolClient (GrpcClientProtocolClient.java:onNext(255)) - client-A9DCF8B8BD5B->529edf8e-8eae-4246-b33f-5e44130d441c: receive RaftClientReply:client-A9DCF8B8BD5B->529edf8e-8eae-4246-b33f-5e44130d441c@group-A1CD1332DC7D, cid=2100, SUCCESS, logIndex=3047, commits[529edf8e-8eae-4246-b33f-5e44130d441c:c3048, 79bffca9-b028-4c53-a657-872ed973be73:c3044, 15654dff-55cd-4f70-96d8-4abf0c061563:c3044]
2019-07-09 15:04:34,640 INFO  client.GrpcClientProtocolClient (GrpcClientProtocolClient.java:onNext(255)) - client-A9DCF8B8BD5B->529edf8e-8eae-4246-b33f-5e44130d441c: receive RaftClientReply:client-A9DCF8B8BD5B->529edf8e-8eae-4246-b33f-5e44130d441c@group-A1CD1332DC7D, cid=2101, SUCCESS, logIndex=3048, commits[529edf8e-8eae-4246-b33f-5e44130d441c:c3048, 79bffca9-b028-4c53-a657-872ed973be73:c3044, 15654dff-55cd-4f70-96d8-4abf0c061563:c3044]
2019-07-09 15:04:34,662 INFO  client.GrpcClientProtocolClient (GrpcClientProtocolClient.java:onNext(255)) - client-A9DCF8B8BD5B->529edf8e-8eae-4246-b33f-5e44130d441c: receive RaftClientReply:client-A9DCF8B8BD5B->529edf8e-8eae-4246-b33f-5e44130d441c@group-A1CD1332DC7D, cid=2102, SUCCESS, logIndex=0, commits[529edf8e-8eae-4246-b33f-5e44130d441c:c3049, 79bffca9-b028-4c53-a657-872ed973be73:c3046, 15654dff-55cd-4f70-96d8-4abf0c061563:c3046]
2019-07-09 15:04:34,686 INFO  client.GrpcClientProtocolClient (GrpcClientProtocolClient.java:onNext(255)) - client-A9DCF8B8BD5B->529edf8e-8eae-4246-b33f-5e44130d441c: receive RaftClientReply:client-A9DCF8B8BD5B->529edf8e-8eae-4246-b33f-5e44130d441c@group-A1CD1332DC7D, cid=2103, SUCCESS, logIndex=3053, commits[529edf8e-8eae-4246-b33f-5e44130d441c:c3054, 79bffca9-b028-4c53-a657-872ed973be73:c3052, 15654dff-55cd-4f70-96d8-4abf0c061563:c3052]
2019-07-09 15:04:34,686 INFO  client.GrpcClientProtocolClient (GrpcClientProtocolClient.java:onNext(255)) - client-A9DCF8B8BD5B->529edf8e-8eae-4246-b33f-5e44130d441c: receive RaftClientReply:client-A9DCF8B8BD5B->529edf8e-8eae-4246-b33f-5e44130d441c@group-A1CD1332DC7D, cid=2104, SUCCESS, logIndex=3054, commits[529edf8e-8eae-4246-b33f-5e44130d441c:c3054, 79bffca9-b028-4c53-a657-872ed973be73:c3052, 15654dff-55cd-4f70-96d8-4abf0c061563:c3052]
2019-07-09 15:04:34,708 INFO  client.GrpcClientProtocolClient (GrpcClientProtocolClient.java:onNext(255)) - client-A9DCF8B8BD5B->529edf8e-8eae-4246-b33f-5e44130d441c: receive RaftClientReply:client-A9DCF8B8BD5B->529edf8e-8eae-4246-b33f-5e44130d441c@group-A1CD1332DC7D, cid=2105, SUCCESS, logIndex=3057, commits[529edf8e-8eae-4246-b33f-5e44130d441c:c3058, 79bffca9-b028-4c53-a657-872ed973be73:c3053, 15654dff-55cd-4f70-96d8-4abf0c061563:c3054]
2019-07-09 15:04:34,708 INFO  client.GrpcClientProtocolClient (GrpcClientProtocolClient.java:onNext(255)) - client-A9DCF8B8BD5B->529edf8e-8eae-4246-b33f-5e44130d441c: receive RaftClientReply:client-A9DCF8B8BD5B->529edf8e-8eae-4246-b33f-5e44130d441c@group-A1CD1332DC7D, cid=2106, SUCCESS, logIndex=3058, commits[529edf8e-8eae-4246-b33f-5e44130d441c:c3058, 79bffca9-b028-4c53-a657-872ed973be73:c3054, 15654dff-55cd-4f70-96d8-4abf0c061563:c3054]
2019-07-09 15:04:34,711 INFO  client.GrpcClientProtocolClient (GrpcClientProtocolClient.java:onNext(255)) - client-A9DCF8B8BD5B->529edf8e-8eae-4246-b33f-5e44130d441c: receive RaftClientReply:client-A9DCF8B8BD5B->529edf8e-8eae-4246-b33f-5e44130d441c@group-A1CD1332DC7D, cid=2107, SUCCESS, logIndex=0, commits[529edf8e-8eae-4246-b33f-5e44130d441c:c3060, 79bffca9-b028-4c53-a657-872ed973be73:c3058, 15654dff-55cd-4f70-96d8-4abf0c061563:c3058]
2019-07-09 15:04:34,737 INFO  client.GrpcClientProtocolClient (GrpcClientProtocolClient.java:onNext(255)) - client-A9DCF8B8BD5B->529edf8e-8eae-4246-b33f-5e44130d441c: receive RaftClientReply:client-A9DCF8B8BD5B->529edf8e-8eae-4246-b33f-5e44130d441c@group-A1CD1332DC7D, cid=2108, SUCCESS, logIndex=3061, commits[529edf8e-8eae-4246-b33f-5e44130d441c:c3062, 79bffca9-b028-4c53-a657-872ed973be73:c3060, 15654dff-55cd-4f70-96d8-4abf0c061563:c3060]
2019-07-09 15:04:34,737 INFO  client.GrpcClientProtocolClient (GrpcClientProtocolClient.java:onNext(255)) - client-A9DCF8B8BD5B->529edf8e-8eae-4246-b33f-5e44130d441c: receive RaftClientReply:client-A9DCF8B8BD5B->529edf8e-8eae-4246-b33f-5e44130d441c@group-A1CD1332DC7D, cid=2109, SUCCESS, logIndex=3062, commits[529edf8e-8eae-4246-b33f-5e44130d441c:c3062, 79bffca9-b028-4c53-a657-872ed973be73:c3060, 15654dff-55cd-4f70-96d8-4abf0c061563:c3060]
2019-07-09 15:04:34,748 INFO  client.GrpcClientProtocolClient (GrpcClientProtocolClient.java:onNext(255)) - client-A9DCF8B8BD5B->529edf8e-8eae-4246-b33f-5e44130d441c: receive RaftClientReply:client-A9DCF8B8BD5B->529edf8e-8eae-4246-b33f-5e44130d441c@group-A1CD1332DC7D, cid=2110, SUCCESS, logIndex=3063, commits[529edf8e-8eae-4246-b33f-5e44130d441c:c3064, 79bffca9-b028-4c53-a657-872ed973be73:c3060, 15654dff-55cd-4f70-96d8-4abf0c061563:c3060]
2019-07-09 15:04:34,749 INFO  client.GrpcClientProtocolClient (GrpcClientProtocolClient.java:onNext(255)) - client-A9DCF8B8BD5B->529edf8e-8eae-4246-b33f-5e44130d441c: receive RaftClientReply:client-A9DCF8B8BD5B->529edf8e-8eae-4246-b33f-5e44130d441c@group-A1CD1332DC7D, cid=2111, SUCCESS, logIndex=3064, commits[529edf8e-8eae-4246-b33f-5e44130d441c:c3064, 79bffca9-b028-4c53-a657-872ed973be73:c3060, 15654dff-55cd-4f70-96d8-4abf0c061563:c3060]
2019-07-09 15:04:34,750 INFO  client.GrpcClientProtocolClient (GrpcClientProtocolClient.java:onNext(255)) - client-A9DCF8B8BD5B->529edf8e-8eae-4246-b33f-5e44130d441c: receive RaftClientReply:client-A9DCF8B8BD5B->529edf8e-8eae-4246-b33f-5e44130d441c@group-A1CD1332DC7D, cid=2112, SUCCESS, logIndex=0, commits[529edf8e-8eae-4246-b33f-5e44130d441c:c3066, 79bffca9-b028-4c53-a657-872ed973be73:c3062, 15654dff-55cd-4f70-96d8-4abf0c061563:c3062]
2019-07-09 15:04:34,771 INFO  client.GrpcClientProtocolClient (GrpcClientProtocolClient.java:onNext(255)) - client-A9DCF8B8BD5B->529edf8e-8eae-4246-b33f-5e44130d441c: receive RaftClientReply:client-A9DCF8B8BD5B->529edf8e-8eae-4246-b33f-5e44130d441c@group-A1CD1332DC7D, cid=2113, SUCCESS, logIndex=3069, commits[529edf8e-8eae-4246-b33f-5e44130d441c:c3070, 79bffca9-b028-4c53-a657-872ed973be73:c3068, 15654dff-55cd-4f70-96d8-4abf0c061563:c3068]
2019-07-09 15:04:34,772 INFO  client.GrpcClientProtocolClient (GrpcClientProtocolClient.java:onNext(255)) - client-A9DCF8B8BD5B->529edf8e-8eae-4246-b33f-5e44130d441c: receive RaftClientReply:client-A9DCF8B8BD5B->529edf8e-8eae-4246-b33f-5e44130d441c@group-A1CD1332DC7D, cid=2114, SUCCESS, logIndex=3070, commits[529edf8e-8eae-4246-b33f-5e44130d441c:c3070, 79bffca9-b028-4c53-a657-872ed973be73:c3068, 15654dff-55cd-4f70-96d8-4abf0c061563:c3068]
2019-07-09 15:04:34,786 INFO  client.GrpcClientProtocolClient (GrpcClientProtocolClient.java:onNext(255)) - client-A9DCF8B8BD5B->529edf8e-8eae-4246-b33f-5e44130d441c: receive RaftClientReply:client-A9DCF8B8BD5B->529edf8e-8eae-4246-b33f-5e44130d441c@group-A1CD1332DC7D, cid=2115, SUCCESS, logIndex=3073, commits[529edf8e-8eae-4246-b33f-5e44130d441c:c3074, 79bffca9-b028-4c53-a657-872ed973be73:c3070, 15654dff-55cd-4f70-96d8-4abf0c061563:c3070]
2019-07-09 15:04:34,786 INFO  client.GrpcClientProtocolClient (GrpcClientProtocolClient.java:onNext(255)) - client-A9DCF8B8BD5B->529edf8e-8eae-4246-b33f-5e44130d441c: receive RaftClientReply:client-A9DCF8B8BD5B->529edf8e-8eae-4246-b33f-5e44130d441c@group-A1CD1332DC7D, cid=2116, SUCCESS, logIndex=3074, commits[529edf8e-8eae-4246-b33f-5e44130d441c:c3074, 79bffca9-b028-4c53-a657-872ed973be73:c3070, 15654dff-55cd-4f70-96d8-4abf0c061563:c3070]
2019-07-09 15:04:34,799 INFO  client.GrpcClientProtocolClient (GrpcClientProtocolClient.java:onNext(255)) - client-A9DCF8B8BD5B->529edf8e-8eae-4246-b33f-5e44130d441c: receive RaftClientReply:client-A9DCF8B8BD5B->529edf8e-8eae-4246-b33f-5e44130d441c@group-A1CD1332DC7D, cid=2117, SUCCESS, logIndex=0, commits[529edf8e-8eae-4246-b33f-5e44130d441c:c3076, 79bffca9-b028-4c53-a657-872ed973be73:c3074, 15654dff-55cd-4f70-96d8-4abf0c061563:c3074]
2019-07-09 15:04:34,825 INFO  client.GrpcClientProtocolClient (GrpcClientProtocolClient.java:onNext(255)) - client-A9DCF8B8BD5B->529edf8e-8eae-4246-b33f-5e44130d441c: receive RaftClientReply:client-A9DCF8B8BD5B->529edf8e-8eae-4246-b33f-5e44130d441c@group-A1CD1332DC7D, cid=2118, SUCCESS, logIndex=3077, commits[529edf8e-8eae-4246-b33f-5e44130d441c:c3079, 79bffca9-b028-4c53-a657-872ed973be73:c3076, 15654dff-55cd-4f70-96d8-4abf0c061563:c3076]
2019-07-09 15:04:34,825 INFO  client.GrpcClientProtocolClient (GrpcClientProtocolClient.java:onNext(255)) - client-A9DCF8B8BD5B->529edf8e-8eae-4246-b33f-5e44130d441c: receive RaftClientReply:client-A9DCF8B8BD5B->529edf8e-8eae-4246-b33f-5e44130d441c@group-A1CD1332DC7D, cid=2119, SUCCESS, logIndex=3078, commits[529edf8e-8eae-4246-b33f-5e44130d441c:c3080, 79bffca9-b028-4c53-a657-872ed973be73:c3076, 15654dff-55cd-4f70-96d8-4abf0c061563:c3076]
2019-07-09 15:04:34,826 INFO  client.GrpcClientProtocolClient (GrpcClientProtocolClient.java:onNext(255)) - client-A9DCF8B8BD5B->529edf8e-8eae-4246-b33f-5e44130d441c: receive RaftClientReply:client-A9DCF8B8BD5B->529edf8e-8eae-4246-b33f-5e44130d441c@group-A1CD1332DC7D, cid=2120, SUCCESS, logIndex=3079, commits[529edf8e-8eae-4246-b33f-5e44130d441c:c3080, 79bffca9-b028-4c53-a657-872ed973be73:c3076, 15654dff-55cd-4f70-96d8-4abf0c061563:c3076]
2019-07-09 15:04:34,826 INFO  client.GrpcClientProtocolClient (GrpcClientProtocolClient.java:onNext(255)) - client-A9DCF8B8BD5B->529edf8e-8eae-4246-b33f-5e44130d441c: receive RaftClientReply:client-A9DCF8B8BD5B->529edf8e-8eae-4246-b33f-5e44130d441c@group-A1CD1332DC7D, cid=2121, SUCCESS, logIndex=3080, commits[529edf8e-8eae-4246-b33f-5e44130d441c:c3080, 79bffca9-b028-4c53-a657-872ed973be73:c3076, 15654dff-55cd-4f70-96d8-4abf0c061563:c3076]
2019-07-09 15:04:34,827 INFO  client.GrpcClientProtocolClient (GrpcClientProtocolClient.java:onNext(255)) - client-A9DCF8B8BD5B->529edf8e-8eae-4246-b33f-5e44130d441c: receive RaftClientReply:client-A9DCF8B8BD5B->529edf8e-8eae-4246-b33f-5e44130d441c@group-A1CD1332DC7D, cid=2122, SUCCESS, logIndex=0, commits[529edf8e-8eae-4246-b33f-5e44130d441c:c3082, 79bffca9-b028-4c53-a657-872ed973be73:c3078, 15654dff-55cd-4f70-96d8-4abf0c061563:c3078]
2019-07-09 15:04:34,860 INFO  client.GrpcClientProtocolClient (GrpcClientProtocolClient.java:onNext(255)) - client-A9DCF8B8BD5B->529edf8e-8eae-4246-b33f-5e44130d441c: receive RaftClientReply:client-A9DCF8B8BD5B->529edf8e-8eae-4246-b33f-5e44130d441c@group-A1CD1332DC7D, cid=2123, SUCCESS, logIndex=3085, commits[529edf8e-8eae-4246-b33f-5e44130d441c:c3086, 79bffca9-b028-4c53-a657-872ed973be73:c3084, 15654dff-55cd-4f70-96d8-4abf0c061563:c3080]
2019-07-09 15:04:34,860 INFO  client.GrpcClientProtocolClient (GrpcClientProtocolClient.java:onNext(255)) - client-A9DCF8B8BD5B->529edf8e-8eae-4246-b33f-5e44130d441c: receive RaftClientReply:client-A9DCF8B8BD5B->529edf8e-8eae-4246-b33f-5e44130d441c@group-A1CD1332DC7D, cid=2124, SUCCESS, logIndex=3086, commits[529edf8e-8eae-4246-b33f-5e44130d441c:c3086, 79bffca9-b028-4c53-a657-872ed973be73:c3084, 15654dff-55cd-4f70-96d8-4abf0c061563:c3084]
2019-07-09 15:04:34,873 INFO  client.GrpcClientProtocolClient (GrpcClientProtocolClient.java:onNext(255)) - client-A9DCF8B8BD5B->529edf8e-8eae-4246-b33f-5e44130d441c: receive RaftClientReply:client-A9DCF8B8BD5B->529edf8e-8eae-4246-b33f-5e44130d441c@group-A1CD1332DC7D, cid=2125, SUCCESS, logIndex=3088, commits[529edf8e-8eae-4246-b33f-5e44130d441c:c3089, 79bffca9-b028-4c53-a657-872ed973be73:c3086, 15654dff-55cd-4f70-96d8-4abf0c061563:c3086]
2019-07-09 15:04:34,874 INFO  client.GrpcClientProtocolClient (GrpcClientProtocolClient.java:onNext(255)) - client-A9DCF8B8BD5B->529edf8e-8eae-4246-b33f-5e44130d441c: receive RaftClientReply:client-A9DCF8B8BD5B->529edf8e-8eae-4246-b33f-5e44130d441c@group-A1CD1332DC7D, cid=2126, SUCCESS, logIndex=3089, commits[529edf8e-8eae-4246-b33f-5e44130d441c:c3089, 79bffca9-b028-4c53-a657-872ed973be73:c3086, 15654dff-55cd-4f70-96d8-4abf0c061563:c3086]
2019-07-09 15:04:34,875 INFO  client.GrpcClientProtocolClient (GrpcClientProtocolClient.java:onNext(255)) - client-A9DCF8B8BD5B->529edf8e-8eae-4246-b33f-5e44130d441c: receive RaftClientReply:client-A9DCF8B8BD5B->529edf8e-8eae-4246-b33f-5e44130d441c@group-A1CD1332DC7D, cid=2127, SUCCESS, logIndex=0, commits[529edf8e-8eae-4246-b33f-5e44130d441c:c3090, 79bffca9-b028-4c53-a657-872ed973be73:c3089, 15654dff-55cd-4f70-96d8-4abf0c061563:c3089]
2019-07-09 15:04:34,903 INFO  client.GrpcClientProtocolClient (GrpcClientProtocolClient.java:onNext(255)) - client-A9DCF8B8BD5B->529edf8e-8eae-4246-b33f-5e44130d441c: receive RaftClientReply:client-A9DCF8B8BD5B->529edf8e-8eae-4246-b33f-5e44130d441c@group-A1CD1332DC7D, cid=2128, SUCCESS, logIndex=3092, commits[529edf8e-8eae-4246-b33f-5e44130d441c:c3093, 79bffca9-b028-4c53-a657-872ed973be73:c3091, 15654dff-55cd-4f70-96d8-4abf0c061563:c3091]
2019-07-09 15:04:34,904 INFO  client.GrpcClientProtocolClient (GrpcClientProtocolClient.java:onNext(255)) - client-A9DCF8B8BD5B->529edf8e-8eae-4246-b33f-5e44130d441c: receive RaftClientReply:client-A9DCF8B8BD5B->529edf8e-8eae-4246-b33f-5e44130d441c@group-A1CD1332DC7D, cid=2129, SUCCESS, logIndex=3093, commits[529edf8e-8eae-4246-b33f-5e44130d441c:c3093, 79bffca9-b028-4c53-a657-872ed973be73:c3091, 15654dff-55cd-4f70-96d8-4abf0c061563:c3091]
2019-07-09 15:04:34,904 INFO  client.GrpcClientProtocolClient (GrpcClientProtocolClient.java:onNext(255)) - client-A9DCF8B8BD5B->529edf8e-8eae-4246-b33f-5e44130d441c: receive RaftClientReply:client-A9DCF8B8BD5B->529edf8e-8eae-4246-b33f-5e44130d441c@group-A1CD1332DC7D, cid=2130, SUCCESS, logIndex=3094, commits[529edf8e-8eae-4246-b33f-5e44130d441c:c3095, 79bffca9-b028-4c53-a657-872ed973be73:c3091, 15654dff-55cd-4f70-96d8-4abf0c061563:c3091]
2019-07-09 15:04:34,905 INFO  client.GrpcClientProtocolClient (GrpcClientProtocolClient.java:onNext(255)) - client-A9DCF8B8BD5B->529edf8e-8eae-4246-b33f-5e44130d441c: receive RaftClientReply:client-A9DCF8B8BD5B->529edf8e-8eae-4246-b33f-5e44130d441c@group-A1CD1332DC7D, cid=2131, SUCCESS, logIndex=3095, commits[529edf8e-8eae-4246-b33f-5e44130d441c:c3095, 79bffca9-b028-4c53-a657-872ed973be73:c3091, 15654dff-55cd-4f70-96d8-4abf0c061563:c3091]
2019-07-09 15:04:34,907 INFO  client.GrpcClientProtocolClient (GrpcClientProtocolClient.java:onNext(255)) - client-A9DCF8B8BD5B->529edf8e-8eae-4246-b33f-5e44130d441c: receive RaftClientReply:client-A9DCF8B8BD5B->529edf8e-8eae-4246-b33f-5e44130d441c@group-A1CD1332DC7D, cid=2132, SUCCESS, logIndex=0, commits[529edf8e-8eae-4246-b33f-5e44130d441c:c3097, 79bffca9-b028-4c53-a657-872ed973be73:c3093, 15654dff-55cd-4f70-96d8-4abf0c061563:c3093]
2019-07-09 15:04:34,926 INFO  client.GrpcClientProtocolClient (GrpcClientProtocolClient.java:onNext(255)) - client-A9DCF8B8BD5B->529edf8e-8eae-4246-b33f-5e44130d441c: receive RaftClientReply:client-A9DCF8B8BD5B->529edf8e-8eae-4246-b33f-5e44130d441c@group-A1CD1332DC7D, cid=2133, SUCCESS, logIndex=3100, commits[529edf8e-8eae-4246-b33f-5e44130d441c:c3101, 79bffca9-b028-4c53-a657-872ed973be73:c3099, 15654dff-55cd-4f70-96d8-4abf0c061563:c3099]
2019-07-09 15:04:34,926 INFO  client.GrpcClientProtocolClient (GrpcClientProtocolClient.java:onNext(255)) - client-A9DCF8B8BD5B->529edf8e-8eae-4246-b33f-5e44130d441c: receive RaftClientReply:client-A9DCF8B8BD5B->529edf8e-8eae-4246-b33f-5e44130d441c@group-A1CD1332DC7D, cid=2134, SUCCESS, logIndex=3101, commits[529edf8e-8eae-4246-b33f-5e44130d441c:c3101, 79bffca9-b028-4c53-a657-872ed973be73:c3099, 15654dff-55cd-4f70-96d8-4abf0c061563:c3099]
2019-07-09 15:04:34,942 INFO  client.GrpcClientProtocolClient (GrpcClientProtocolClient.java:onNext(255)) - client-A9DCF8B8BD5B->529edf8e-8eae-4246-b33f-5e44130d441c: receive RaftClientReply:client-A9DCF8B8BD5B->529edf8e-8eae-4246-b33f-5e44130d441c@group-A1CD1332DC7D, cid=2135, SUCCESS, logIndex=3104, commits[529edf8e-8eae-4246-b33f-5e44130d441c:c3105, 79bffca9-b028-4c53-a657-872ed973be73:c3101, 15654dff-55cd-4f70-96d8-4abf0c061563:c3101]
2019-07-09 15:04:34,943 INFO  client.GrpcClientProtocolClient (GrpcClientProtocolClient.java:onNext(255)) - client-A9DCF8B8BD5B->529edf8e-8eae-4246-b33f-5e44130d441c: receive RaftClientReply:client-A9DCF8B8BD5B->529edf8e-8eae-4246-b33f-5e44130d441c@group-A1CD1332DC7D, cid=2136, SUCCESS, logIndex=3105, commits[529edf8e-8eae-4246-b33f-5e44130d441c:c3105, 79bffca9-b028-4c53-a657-872ed973be73:c3101, 15654dff-55cd-4f70-96d8-4abf0c061563:c3101]
2019-07-09 15:04:34,954 INFO  client.GrpcClientProtocolClient (GrpcClientProtocolClient.java:onNext(255)) - client-A9DCF8B8BD5B->529edf8e-8eae-4246-b33f-5e44130d441c: receive RaftClientReply:client-A9DCF8B8BD5B->529edf8e-8eae-4246-b33f-5e44130d441c@group-A1CD1332DC7D, cid=2137, SUCCESS, logIndex=0, commits[529edf8e-8eae-4246-b33f-5e44130d441c:c3105, 79bffca9-b028-4c53-a657-872ed973be73:c3105, 15654dff-55cd-4f70-96d8-4abf0c061563:c3105]
2019-07-09 15:04:34,980 INFO  client.GrpcClientProtocolClient (GrpcClientProtocolClient.java:onNext(255)) - client-A9DCF8B8BD5B->529edf8e-8eae-4246-b33f-5e44130d441c: receive RaftClientReply:client-A9DCF8B8BD5B->529edf8e-8eae-4246-b33f-5e44130d441c@group-A1CD1332DC7D, cid=2138, SUCCESS, logIndex=3108, commits[529edf8e-8eae-4246-b33f-5e44130d441c:c3109, 79bffca9-b028-4c53-a657-872ed973be73:c3107, 15654dff-55cd-4f70-96d8-4abf0c061563:c3107]
2019-07-09 15:04:34,981 INFO  client.GrpcClientProtocolClient (GrpcClientProtocolClient.java:onNext(255)) - client-A9DCF8B8BD5B->529edf8e-8eae-4246-b33f-5e44130d441c: receive RaftClientReply:client-A9DCF8B8BD5B->529edf8e-8eae-4246-b33f-5e44130d441c@group-A1CD1332DC7D, cid=2139, SUCCESS, logIndex=3109, commits[529edf8e-8eae-4246-b33f-5e44130d441c:c3109, 79bffca9-b028-4c53-a657-872ed973be73:c3107, 15654dff-55cd-4f70-96d8-4abf0c061563:c3107]
2019-07-09 15:04:34,981 INFO  client.GrpcClientProtocolClient (GrpcClientProtocolClient.java:onNext(255)) - client-A9DCF8B8BD5B->529edf8e-8eae-4246-b33f-5e44130d441c: receive RaftClientReply:client-A9DCF8B8BD5B->529edf8e-8eae-4246-b33f-5e44130d441c@group-A1CD1332DC7D, cid=2140, SUCCESS, logIndex=3110, commits[529edf8e-8eae-4246-b33f-5e44130d441c:c3111, 79bffca9-b028-4c53-a657-872ed973be73:c3107, 15654dff-55cd-4f70-96d8-4abf0c061563:c3107]
2019-07-09 15:04:34,982 INFO  client.GrpcClientProtocolClient (GrpcClientProtocolClient.java:onNext(255)) - client-A9DCF8B8BD5B->529edf8e-8eae-4246-b33f-5e44130d441c: receive RaftClientReply:client-A9DCF8B8BD5B->529edf8e-8eae-4246-b33f-5e44130d441c@group-A1CD1332DC7D, cid=2141, SUCCESS, logIndex=3111, commits[529edf8e-8eae-4246-b33f-5e44130d441c:c3111, 79bffca9-b028-4c53-a657-872ed973be73:c3107, 15654dff-55cd-4f70-96d8-4abf0c061563:c3107]
2019-07-09 15:04:34,983 INFO  client.GrpcClientProtocolClient (GrpcClientProtocolClient.java:onNext(255)) - client-A9DCF8B8BD5B->529edf8e-8eae-4246-b33f-5e44130d441c: receive RaftClientReply:client-A9DCF8B8BD5B->529edf8e-8eae-4246-b33f-5e44130d441c@group-A1CD1332DC7D, cid=2142, SUCCESS, logIndex=0, commits[529edf8e-8eae-4246-b33f-5e44130d441c:c3113, 79bffca9-b028-4c53-a657-872ed973be73:c3109, 15654dff-55cd-4f70-96d8-4abf0c061563:c3109]
2019-07-09 15:04:35,003 INFO  client.GrpcClientProtocolClient (GrpcClientProtocolClient.java:onNext(255)) - client-A9DCF8B8BD5B->529edf8e-8eae-4246-b33f-5e44130d441c: receive RaftClientReply:client-A9DCF8B8BD5B->529edf8e-8eae-4246-b33f-5e44130d441c@group-A1CD1332DC7D, cid=2143, SUCCESS, logIndex=3116, commits[529edf8e-8eae-4246-b33f-5e44130d441c:c3117, 79bffca9-b028-4c53-a657-872ed973be73:c3115, 15654dff-55cd-4f70-96d8-4abf0c061563:c3115]
2019-07-09 15:04:35,003 INFO  client.GrpcClientProtocolClient (GrpcClientProtocolClient.java:onNext(255)) - client-A9DCF8B8BD5B->529edf8e-8eae-4246-b33f-5e44130d441c: receive RaftClientReply:client-A9DCF8B8BD5B->529edf8e-8eae-4246-b33f-5e44130d441c@group-A1CD1332DC7D, cid=2144, SUCCESS, logIndex=3117, commits[529edf8e-8eae-4246-b33f-5e44130d441c:c3117, 79bffca9-b028-4c53-a657-872ed973be73:c3115, 15654dff-55cd-4f70-96d8-4abf0c061563:c3115]
2019-07-09 15:04:35,017 INFO  client.GrpcClientProtocolClient (GrpcClientProtocolClient.java:onNext(255)) - client-A9DCF8B8BD5B->529edf8e-8eae-4246-b33f-5e44130d441c: receive RaftClientReply:client-A9DCF8B8BD5B->529edf8e-8eae-4246-b33f-5e44130d441c@group-A1CD1332DC7D, cid=2145, SUCCESS, logIndex=3120, commits[529edf8e-8eae-4246-b33f-5e44130d441c:c3121, 79bffca9-b028-4c53-a657-872ed973be73:c3117, 15654dff-55cd-4f70-96d8-4abf0c061563:c3117]
2019-07-09 15:04:35,018 INFO  client.GrpcClientProtocolClient (GrpcClientProtocolClient.java:onNext(255)) - client-A9DCF8B8BD5B->529edf8e-8eae-4246-b33f-5e44130d441c: receive RaftClientReply:client-A9DCF8B8BD5B->529edf8e-8eae-4246-b33f-5e44130d441c@group-A1CD1332DC7D, cid=2146, SUCCESS, logIndex=3121, commits[529edf8e-8eae-4246-b33f-5e44130d441c:c3121, 79bffca9-b028-4c53-a657-872ed973be73:c3117, 15654dff-55cd-4f70-96d8-4abf0c061563:c3117]
2019-07-09 15:04:35,029 INFO  client.GrpcClientProtocolClient (GrpcClientProtocolClient.java:onNext(255)) - client-A9DCF8B8BD5B->529edf8e-8eae-4246-b33f-5e44130d441c: receive RaftClientReply:client-A9DCF8B8BD5B->529edf8e-8eae-4246-b33f-5e44130d441c@group-A1CD1332DC7D, cid=2147, SUCCESS, logIndex=0, commits[529edf8e-8eae-4246-b33f-5e44130d441c:c3122, 79bffca9-b028-4c53-a657-872ed973be73:c3121, 15654dff-55cd-4f70-96d8-4abf0c061563:c3121]
 0.00% |█                                                                                                    |  0/1 Time: 0:00:172019-07-09 15:04:35,056 INFO  client.GrpcClientProtocolClient (GrpcClientProtocolClient.java:onNext(255)) - client-A9DCF8B8BD5B->529edf8e-8eae-4246-b33f-5e44130d441c: receive RaftClientReply:client-A9DCF8B8BD5B->529edf8e-8eae-4246-b33f-5e44130d441c@group-A1CD1332DC7D, cid=2148, SUCCESS, logIndex=3124, commits[529edf8e-8eae-4246-b33f-5e44130d441c:c3125, 79bffca9-b028-4c53-a657-872ed973be73:c3123, 15654dff-55cd-4f70-96d8-4abf0c061563:c3123]
2019-07-09 15:04:35,056 INFO  client.GrpcClientProtocolClient (GrpcClientProtocolClient.java:onNext(255)) - client-A9DCF8B8BD5B->529edf8e-8eae-4246-b33f-5e44130d441c: receive RaftClientReply:client-A9DCF8B8BD5B->529edf8e-8eae-4246-b33f-5e44130d441c@group-A1CD1332DC7D, cid=2149, SUCCESS, logIndex=3125, commits[529edf8e-8eae-4246-b33f-5e44130d441c:c3127, 79bffca9-b028-4c53-a657-872ed973be73:c3123, 15654dff-55cd-4f70-96d8-4abf0c061563:c3123]
2019-07-09 15:04:35,057 INFO  client.GrpcClientProtocolClient (GrpcClientProtocolClient.java:onNext(255)) - client-A9DCF8B8BD5B->529edf8e-8eae-4246-b33f-5e44130d441c: receive RaftClientReply:client-A9DCF8B8BD5B->529edf8e-8eae-4246-b33f-5e44130d441c@group-A1CD1332DC7D, cid=2150, SUCCESS, logIndex=3126, commits[529edf8e-8eae-4246-b33f-5e44130d441c:c3127, 79bffca9-b028-4c53-a657-872ed973be73:c3123, 15654dff-55cd-4f70-96d8-4abf0c061563:c3123]
2019-07-09 15:04:35,057 INFO  client.GrpcClientProtocolClient (GrpcClientProtocolClient.java:onNext(255)) - client-A9DCF8B8BD5B->529edf8e-8eae-4246-b33f-5e44130d441c: receive RaftClientReply:client-A9DCF8B8BD5B->529edf8e-8eae-4246-b33f-5e44130d441c@group-A1CD1332DC7D, cid=2151, SUCCESS, logIndex=3127, commits[529edf8e-8eae-4246-b33f-5e44130d441c:c3127, 79bffca9-b028-4c53-a657-872ed973be73:c3123, 15654dff-55cd-4f70-96d8-4abf0c061563:c3123]
2019-07-09 15:04:35,059 INFO  client.GrpcClientProtocolClient (GrpcClientProtocolClient.java:onNext(255)) - client-A9DCF8B8BD5B->529edf8e-8eae-4246-b33f-5e44130d441c: receive RaftClientReply:client-A9DCF8B8BD5B->529edf8e-8eae-4246-b33f-5e44130d441c@group-A1CD1332DC7D, cid=2152, SUCCESS, logIndex=0, commits[529edf8e-8eae-4246-b33f-5e44130d441c:c3130, 79bffca9-b028-4c53-a657-872ed973be73:c3125, 15654dff-55cd-4f70-96d8-4abf0c061563:c3127]
2019-07-09 15:04:35,166 INFO  client.GrpcClientProtocolClient (GrpcClientProtocolClient.java:onNext(255)) - client-A9DCF8B8BD5B->529edf8e-8eae-4246-b33f-5e44130d441c: receive RaftClientReply:client-A9DCF8B8BD5B->529edf8e-8eae-4246-b33f-5e44130d441c@group-A1CD1332DC7D, cid=2153, SUCCESS, logIndex=3131, commits[529edf8e-8eae-4246-b33f-5e44130d441c:c3132, 79bffca9-b028-4c53-a657-872ed973be73:c3130, 15654dff-55cd-4f70-96d8-4abf0c061563:c3130]
2019-07-09 15:04:35,167 INFO  client.GrpcClientProtocolClient (GrpcClientProtocolClient.java:onNext(255)) - client-A9DCF8B8BD5B->529edf8e-8eae-4246-b33f-5e44130d441c: receive RaftClientReply:client-A9DCF8B8BD5B->529edf8e-8eae-4246-b33f-5e44130d441c@group-A1CD1332DC7D, cid=2154, SUCCESS, logIndex=3132, commits[529edf8e-8eae-4246-b33f-5e44130d441c:c3132, 79bffca9-b028-4c53-a657-872ed973be73:c3130, 15654dff-55cd-4f70-96d8-4abf0c061563:c3130]
2019-07-09 15:04:35,191 INFO  client.GrpcClientProtocolClient (GrpcClientProtocolClient.java:onNext(255)) - client-A9DCF8B8BD5B->529edf8e-8eae-4246-b33f-5e44130d441c: receive RaftClientReply:client-A9DCF8B8BD5B->529edf8e-8eae-4246-b33f-5e44130d441c@group-A1CD1332DC7D, cid=2155, SUCCESS, logIndex=3135, commits[529edf8e-8eae-4246-b33f-5e44130d441c:c3136, 79bffca9-b028-4c53-a657-872ed973be73:c3132, 15654dff-55cd-4f70-96d8-4abf0c061563:c3132]
2019-07-09 15:04:35,192 INFO  client.GrpcClientProtocolClient (GrpcClientProtocolClient.java:onNext(255)) - client-A9DCF8B8BD5B->529edf8e-8eae-4246-b33f-5e44130d441c: receive RaftClientReply:client-A9DCF8B8BD5B->529edf8e-8eae-4246-b33f-5e44130d441c@group-A1CD1332DC7D, cid=2156, SUCCESS, logIndex=3136, commits[529edf8e-8eae-4246-b33f-5e44130d441c:c3136, 79bffca9-b028-4c53-a657-872ed973be73:c3132, 15654dff-55cd-4f70-96d8-4abf0c061563:c3132]
2019-07-09 15:04:35,205 INFO  client.GrpcClientProtocolClient (GrpcClientProtocolClient.java:onNext(255)) - client-A9DCF8B8BD5B->529edf8e-8eae-4246-b33f-5e44130d441c: receive RaftClientReply:client-A9DCF8B8BD5B->529edf8e-8eae-4246-b33f-5e44130d441c@group-A1CD1332DC7D, cid=2157, SUCCESS, logIndex=0, commits[529edf8e-8eae-4246-b33f-5e44130d441c:c3138, 79bffca9-b028-4c53-a657-872ed973be73:c3136, 15654dff-55cd-4f70-96d8-4abf0c061563:c3136]
2019-07-09 15:04:35,237 INFO  client.GrpcClientProtocolClient (GrpcClientProtocolClient.java:onNext(255)) - client-A9DCF8B8BD5B->529edf8e-8eae-4246-b33f-5e44130d441c: receive RaftClientReply:client-A9DCF8B8BD5B->529edf8e-8eae-4246-b33f-5e44130d441c@group-A1CD1332DC7D, cid=2158, SUCCESS, logIndex=3139, commits[529edf8e-8eae-4246-b33f-5e44130d441c:c3141, 79bffca9-b028-4c53-a657-872ed973be73:c3138, 15654dff-55cd-4f70-96d8-4abf0c061563:c3138]
2019-07-09 15:04:35,238 INFO  client.GrpcClientProtocolClient (GrpcClientProtocolClient.java:onNext(255)) - client-A9DCF8B8BD5B->529edf8e-8eae-4246-b33f-5e44130d441c: receive RaftClientReply:client-A9DCF8B8BD5B->529edf8e-8eae-4246-b33f-5e44130d441c@group-A1CD1332DC7D, cid=2159, SUCCESS, logIndex=3140, commits[529edf8e-8eae-4246-b33f-5e44130d441c:c3142, 79bffca9-b028-4c53-a657-872ed973be73:c3138, 15654dff-55cd-4f70-96d8-4abf0c061563:c3138]
2019-07-09 15:04:35,238 INFO  client.GrpcClientProtocolClient (GrpcClientProtocolClient.java:onNext(255)) - client-A9DCF8B8BD5B->529edf8e-8eae-4246-b33f-5e44130d441c: receive RaftClientReply:client-A9DCF8B8BD5B->529edf8e-8eae-4246-b33f-5e44130d441c@group-A1CD1332DC7D, cid=2160, SUCCESS, logIndex=3141, commits[529edf8e-8eae-4246-b33f-5e44130d441c:c3142, 79bffca9-b028-4c53-a657-872ed973be73:c3138, 15654dff-55cd-4f70-96d8-4abf0c061563:c3138]
2019-07-09 15:04:35,238 INFO  client.GrpcClientProtocolClient (GrpcClientProtocolClient.java:onNext(255)) - client-A9DCF8B8BD5B->529edf8e-8eae-4246-b33f-5e44130d441c: receive RaftClientReply:client-A9DCF8B8BD5B->529edf8e-8eae-4246-b33f-5e44130d441c@group-A1CD1332DC7D, cid=2161, SUCCESS, logIndex=3142, commits[529edf8e-8eae-4246-b33f-5e44130d441c:c3142, 79bffca9-b028-4c53-a657-872ed973be73:c3138, 15654dff-55cd-4f70-96d8-4abf0c061563:c3138]
2019-07-09 15:04:35,250 INFO  client.GrpcClientProtocolClient (GrpcClientProtocolClient.java:onNext(255)) - client-A9DCF8B8BD5B->529edf8e-8eae-4246-b33f-5e44130d441c: receive RaftClientReply:client-A9DCF8B8BD5B->529edf8e-8eae-4246-b33f-5e44130d441c@group-A1CD1332DC7D, cid=2162, SUCCESS, logIndex=0, commits[529edf8e-8eae-4246-b33f-5e44130d441c:c3144, 79bffca9-b028-4c53-a657-872ed973be73:c3141, 15654dff-55cd-4f70-96d8-4abf0c061563:c3141]
2019-07-09 15:04:35,271 INFO  client.GrpcClientProtocolClient (GrpcClientProtocolClient.java:onNext(255)) - client-A9DCF8B8BD5B->529edf8e-8eae-4246-b33f-5e44130d441c: receive RaftClientReply:client-A9DCF8B8BD5B->529edf8e-8eae-4246-b33f-5e44130d441c@group-A1CD1332DC7D, cid=2163, SUCCESS, logIndex=3147, commits[529edf8e-8eae-4246-b33f-5e44130d441c:c3148, 79bffca9-b028-4c53-a657-872ed973be73:c3146, 15654dff-55cd-4f70-96d8-4abf0c061563:c3146]
2019-07-09 15:04:35,271 INFO  client.GrpcClientProtocolClient (GrpcClientProtocolClient.java:onNext(255)) - client-A9DCF8B8BD5B->529edf8e-8eae-4246-b33f-5e44130d441c: receive RaftClientReply:client-A9DCF8B8BD5B->529edf8e-8eae-4246-b33f-5e44130d441c@group-A1CD1332DC7D, cid=2164, SUCCESS, logIndex=3148, commits[529edf8e-8eae-4246-b33f-5e44130d441c:c3148, 79bffca9-b028-4c53-a657-872ed973be73:c3146, 15654dff-55cd-4f70-96d8-4abf0c061563:c3146]
2019-07-09 15:04:35,284 INFO  client.GrpcClientProtocolClient (GrpcClientProtocolClient.java:onNext(255)) - client-A9DCF8B8BD5B->529edf8e-8eae-4246-b33f-5e44130d441c: receive RaftClientReply:client-A9DCF8B8BD5B->529edf8e-8eae-4246-b33f-5e44130d441c@group-A1CD1332DC7D, cid=2165, SUCCESS, logIndex=3151, commits[529edf8e-8eae-4246-b33f-5e44130d441c:c3152, 79bffca9-b028-4c53-a657-872ed973be73:c3148, 15654dff-55cd-4f70-96d8-4abf0c061563:c3148]
2019-07-09 15:04:35,285 INFO  client.GrpcClientProtocolClient (GrpcClientProtocolClient.java:onNext(255)) - client-A9DCF8B8BD5B->529edf8e-8eae-4246-b33f-5e44130d441c: receive RaftClientReply:client-A9DCF8B8BD5B->529edf8e-8eae-4246-b33f-5e44130d441c@group-A1CD1332DC7D, cid=2166, SUCCESS, logIndex=3152, commits[529edf8e-8eae-4246-b33f-5e44130d441c:c3152, 79bffca9-b028-4c53-a657-872ed973be73:c3148, 15654dff-55cd-4f70-96d8-4abf0c061563:c3148]
2019-07-09 15:04:35,298 INFO  client.GrpcClientProtocolClient (GrpcClientProtocolClient.java:onNext(255)) - client-A9DCF8B8BD5B->529edf8e-8eae-4246-b33f-5e44130d441c: receive RaftClientReply:client-A9DCF8B8BD5B->529edf8e-8eae-4246-b33f-5e44130d441c@group-A1CD1332DC7D, cid=2167, SUCCESS, logIndex=0, commits[529edf8e-8eae-4246-b33f-5e44130d441c:c3154, 79bffca9-b028-4c53-a657-872ed973be73:c3152, 15654dff-55cd-4f70-96d8-4abf0c061563:c3152]
2019-07-09 15:04:35,325 INFO  client.GrpcClientProtocolClient (GrpcClientProtocolClient.java:onNext(255)) - client-A9DCF8B8BD5B->529edf8e-8eae-4246-b33f-5e44130d441c: receive RaftClientReply:client-A9DCF8B8BD5B->529edf8e-8eae-4246-b33f-5e44130d441c@group-A1CD1332DC7D, cid=2168, SUCCESS, logIndex=3155, commits[529edf8e-8eae-4246-b33f-5e44130d441c:c3156, 79bffca9-b028-4c53-a657-872ed973be73:c3154, 15654dff-55cd-4f70-96d8-4abf0c061563:c3154]
2019-07-09 15:04:35,326 INFO  client.GrpcClientProtocolClient (GrpcClientProtocolClient.java:onNext(255)) - client-A9DCF8B8BD5B->529edf8e-8eae-4246-b33f-5e44130d441c: receive RaftClientReply:client-A9DCF8B8BD5B->529edf8e-8eae-4246-b33f-5e44130d441c@group-A1CD1332DC7D, cid=2169, SUCCESS, logIndex=3156, commits[529edf8e-8eae-4246-b33f-5e44130d441c:c3156, 79bffca9-b028-4c53-a657-872ed973be73:c3154, 15654dff-55cd-4f70-96d8-4abf0c061563:c3154]
2019-07-09 15:04:35,326 INFO  client.GrpcClientProtocolClient (GrpcClientProtocolClient.java:onNext(255)) - client-A9DCF8B8BD5B->529edf8e-8eae-4246-b33f-5e44130d441c: receive RaftClientReply:client-A9DCF8B8BD5B->529edf8e-8eae-4246-b33f-5e44130d441c@group-A1CD1332DC7D, cid=2170, SUCCESS, logIndex=3157, commits[529edf8e-8eae-4246-b33f-5e44130d441c:c3158, 79bffca9-b028-4c53-a657-872ed973be73:c3154, 15654dff-55cd-4f70-96d8-4abf0c061563:c3154]
2019-07-09 15:04:35,326 INFO  client.GrpcClientProtocolClient (GrpcClientProtocolClient.java:onNext(255)) - client-A9DCF8B8BD5B->529edf8e-8eae-4246-b33f-5e44130d441c: receive RaftClientReply:client-A9DCF8B8BD5B->529edf8e-8eae-4246-b33f-5e44130d441c@group-A1CD1332DC7D, cid=2171, SUCCESS, logIndex=3158, commits[529edf8e-8eae-4246-b33f-5e44130d441c:c3158, 79bffca9-b028-4c53-a657-872ed973be73:c3154, 15654dff-55cd-4f70-96d8-4abf0c061563:c3154]
2019-07-09 15:04:35,330 INFO  client.GrpcClientProtocolClient (GrpcClientProtocolClient.java:onNext(255)) - client-A9DCF8B8BD5B->529edf8e-8eae-4246-b33f-5e44130d441c: receive RaftClientReply:client-A9DCF8B8BD5B->529edf8e-8eae-4246-b33f-5e44130d441c@group-A1CD1332DC7D, cid=2172, SUCCESS, logIndex=0, commits[529edf8e-8eae-4246-b33f-5e44130d441c:c3161, 79bffca9-b028-4c53-a657-872ed973be73:c3156, 15654dff-55cd-4f70-96d8-4abf0c061563:c3158]
2019-07-09 15:04:35,341 INFO  client.GrpcClientProtocolClient (GrpcClientProtocolClient.java:onNext(255)) - client-A9DCF8B8BD5B->529edf8e-8eae-4246-b33f-5e44130d441c: receive RaftClientReply:client-A9DCF8B8BD5B->529edf8e-8eae-4246-b33f-5e44130d441c@group-A1CD1332DC7D, cid=2173, SUCCESS, logIndex=3163, commits[529edf8e-8eae-4246-b33f-5e44130d441c:c3164, 79bffca9-b028-4c53-a657-872ed973be73:c3161, 15654dff-55cd-4f70-96d8-4abf0c061563:c3161]
2019-07-09 15:04:35,342 INFO  client.GrpcClientProtocolClient (GrpcClientProtocolClient.java:onNext(255)) - client-A9DCF8B8BD5B->529edf8e-8eae-4246-b33f-5e44130d441c: receive RaftClientReply:client-A9DCF8B8BD5B->529edf8e-8eae-4246-b33f-5e44130d441c@group-A1CD1332DC7D, cid=2174, SUCCESS, logIndex=3164, commits[529edf8e-8eae-4246-b33f-5e44130d441c:c3164, 79bffca9-b028-4c53-a657-872ed973be73:c3161, 15654dff-55cd-4f70-96d8-4abf0c061563:c3161]
2019-07-09 15:04:35,358 INFO  client.GrpcClientProtocolClient (GrpcClientProtocolClient.java:onNext(255)) - client-A9DCF8B8BD5B->529edf8e-8eae-4246-b33f-5e44130d441c: receive RaftClientReply:client-A9DCF8B8BD5B->529edf8e-8eae-4246-b33f-5e44130d441c@group-A1CD1332DC7D, cid=2175, SUCCESS, logIndex=3167, commits[529edf8e-8eae-4246-b33f-5e44130d441c:c3168, 79bffca9-b028-4c53-a657-872ed973be73:c3165, 15654dff-55cd-4f70-96d8-4abf0c061563:c3165]
2019-07-09 15:04:35,358 INFO  client.GrpcClientProtocolClient (GrpcClientProtocolClient.java:onNext(255)) - client-A9DCF8B8BD5B->529edf8e-8eae-4246-b33f-5e44130d441c: receive RaftClientReply:client-A9DCF8B8BD5B->529edf8e-8eae-4246-b33f-5e44130d441c@group-A1CD1332DC7D, cid=2176, SUCCESS, logIndex=3168, commits[529edf8e-8eae-4246-b33f-5e44130d441c:c3168, 79bffca9-b028-4c53-a657-872ed973be73:c3165, 15654dff-55cd-4f70-96d8-4abf0c061563:c3165]
2019-07-09 15:04:35,361 INFO  client.GrpcClientProtocolClient (GrpcClientProtocolClient.java:onNext(255)) - client-A9DCF8B8BD5B->529edf8e-8eae-4246-b33f-5e44130d441c: receive RaftClientReply:client-A9DCF8B8BD5B->529edf8e-8eae-4246-b33f-5e44130d441c@group-A1CD1332DC7D, cid=2177, SUCCESS, logIndex=0, commits[529edf8e-8eae-4246-b33f-5e44130d441c:c3170, 79bffca9-b028-4c53-a657-872ed973be73:c3168, 15654dff-55cd-4f70-96d8-4abf0c061563:c3168]
2019-07-09 15:04:35,404 INFO  client.GrpcClientProtocolClient (GrpcClientProtocolClient.java:onNext(255)) - client-A9DCF8B8BD5B->529edf8e-8eae-4246-b33f-5e44130d441c: receive RaftClientReply:client-A9DCF8B8BD5B->529edf8e-8eae-4246-b33f-5e44130d441c@group-A1CD1332DC7D, cid=2178, SUCCESS, logIndex=3171, commits[529edf8e-8eae-4246-b33f-5e44130d441c:c3172, 79bffca9-b028-4c53-a657-872ed973be73:c3170, 15654dff-55cd-4f70-96d8-4abf0c061563:c3168]
2019-07-09 15:04:35,405 INFO  client.GrpcClientProtocolClient (GrpcClientProtocolClient.java:onNext(255)) - client-A9DCF8B8BD5B->529edf8e-8eae-4246-b33f-5e44130d441c: receive RaftClientReply:client-A9DCF8B8BD5B->529edf8e-8eae-4246-b33f-5e44130d441c@group-A1CD1332DC7D, cid=2179, SUCCESS, logIndex=3172, commits[529edf8e-8eae-4246-b33f-5e44130d441c:c3172, 79bffca9-b028-4c53-a657-872ed973be73:c3170, 15654dff-55cd-4f70-96d8-4abf0c061563:c3168]
2019-07-09 15:04:35,414 INFO  client.GrpcClientProtocolClient (GrpcClientProtocolClient.java:onNext(255)) - client-A9DCF8B8BD5B->529edf8e-8eae-4246-b33f-5e44130d441c: receive RaftClientReply:client-A9DCF8B8BD5B->529edf8e-8eae-4246-b33f-5e44130d441c@group-A1CD1332DC7D, cid=2180, SUCCESS, logIndex=3173, commits[529edf8e-8eae-4246-b33f-5e44130d441c:c3174, 79bffca9-b028-4c53-a657-872ed973be73:c3170, 15654dff-55cd-4f70-96d8-4abf0c061563:c3170]
2019-07-09 15:04:35,414 INFO  client.GrpcClientProtocolClient (GrpcClientProtocolClient.java:onNext(255)) - client-A9DCF8B8BD5B->529edf8e-8eae-4246-b33f-5e44130d441c: receive RaftClientReply:client-A9DCF8B8BD5B->529edf8e-8eae-4246-b33f-5e44130d441c@group-A1CD1332DC7D, cid=2181, SUCCESS, logIndex=3174, commits[529edf8e-8eae-4246-b33f-5e44130d441c:c3175, 79bffca9-b028-4c53-a657-872ed973be73:c3170, 15654dff-55cd-4f70-96d8-4abf0c061563:c3172]
2019-07-09 15:04:35,415 INFO  client.GrpcClientProtocolClient (GrpcClientProtocolClient.java:onNext(255)) - client-A9DCF8B8BD5B->529edf8e-8eae-4246-b33f-5e44130d441c: receive RaftClientReply:client-A9DCF8B8BD5B->529edf8e-8eae-4246-b33f-5e44130d441c@group-A1CD1332DC7D, cid=2182, SUCCESS, logIndex=0, commits[529edf8e-8eae-4246-b33f-5e44130d441c:c3176, 79bffca9-b028-4c53-a657-872ed973be73:c3172, 15654dff-55cd-4f70-96d8-4abf0c061563:c3172]
2019-07-09 15:04:35,435 INFO  client.GrpcClientProtocolClient (GrpcClientProtocolClient.java:onNext(255)) - client-A9DCF8B8BD5B->529edf8e-8eae-4246-b33f-5e44130d441c: receive RaftClientReply:client-A9DCF8B8BD5B->529edf8e-8eae-4246-b33f-5e44130d441c@group-A1CD1332DC7D, cid=2183, SUCCESS, logIndex=3179, commits[529edf8e-8eae-4246-b33f-5e44130d441c:c3180, 79bffca9-b028-4c53-a657-872ed973be73:c3178, 15654dff-55cd-4f70-96d8-4abf0c061563:c3178]
2019-07-09 15:04:35,435 INFO  client.GrpcClientProtocolClient (GrpcClientProtocolClient.java:onNext(255)) - client-A9DCF8B8BD5B->529edf8e-8eae-4246-b33f-5e44130d441c: receive RaftClientReply:client-A9DCF8B8BD5B->529edf8e-8eae-4246-b33f-5e44130d441c@group-A1CD1332DC7D, cid=2184, SUCCESS, logIndex=3180, commits[529edf8e-8eae-4246-b33f-5e44130d441c:c3180, 79bffca9-b028-4c53-a657-872ed973be73:c3178, 15654dff-55cd-4f70-96d8-4abf0c061563:c3178]
2019-07-09 15:04:35,449 INFO  client.GrpcClientProtocolClient (GrpcClientProtocolClient.java:onNext(255)) - client-A9DCF8B8BD5B->529edf8e-8eae-4246-b33f-5e44130d441c: receive RaftClientReply:client-A9DCF8B8BD5B->529edf8e-8eae-4246-b33f-5e44130d441c@group-A1CD1332DC7D, cid=2185, SUCCESS, logIndex=3183, commits[529edf8e-8eae-4246-b33f-5e44130d441c:c3184, 79bffca9-b028-4c53-a657-872ed973be73:c3180, 15654dff-55cd-4f70-96d8-4abf0c061563:c3180]
2019-07-09 15:04:35,449 INFO  client.GrpcClientProtocolClient (GrpcClientProtocolClient.java:onNext(255)) - client-A9DCF8B8BD5B->529edf8e-8eae-4246-b33f-5e44130d441c: receive RaftClientReply:client-A9DCF8B8BD5B->529edf8e-8eae-4246-b33f-5e44130d441c@group-A1CD1332DC7D, cid=2186, SUCCESS, logIndex=3184, commits[529edf8e-8eae-4246-b33f-5e44130d441c:c3184, 79bffca9-b028-4c53-a657-872ed973be73:c3180, 15654dff-55cd-4f70-96d8-4abf0c061563:c3180]
2019-07-09 15:04:35,461 INFO  client.GrpcClientProtocolClient (GrpcClientProtocolClient.java:onNext(255)) - client-A9DCF8B8BD5B->529edf8e-8eae-4246-b33f-5e44130d441c: receive RaftClientReply:client-A9DCF8B8BD5B->529edf8e-8eae-4246-b33f-5e44130d441c@group-A1CD1332DC7D, cid=2187, SUCCESS, logIndex=0, commits[529edf8e-8eae-4246-b33f-5e44130d441c:c3186, 79bffca9-b028-4c53-a657-872ed973be73:c3184, 15654dff-55cd-4f70-96d8-4abf0c061563:c3184]
2019-07-09 15:04:35,506 INFO  client.GrpcClientProtocolClient (GrpcClientProtocolClient.java:onNext(255)) - client-A9DCF8B8BD5B->529edf8e-8eae-4246-b33f-5e44130d441c: receive RaftClientReply:client-A9DCF8B8BD5B->529edf8e-8eae-4246-b33f-5e44130d441c@group-A1CD1332DC7D, cid=2188, SUCCESS, logIndex=3187, commits[529edf8e-8eae-4246-b33f-5e44130d441c:c3189, 79bffca9-b028-4c53-a657-872ed973be73:c3186, 15654dff-55cd-4f70-96d8-4abf0c061563:c3186]
2019-07-09 15:04:35,506 INFO  client.GrpcClientProtocolClient (GrpcClientProtocolClient.java:onNext(255)) - client-A9DCF8B8BD5B->529edf8e-8eae-4246-b33f-5e44130d441c: receive RaftClientReply:client-A9DCF8B8BD5B->529edf8e-8eae-4246-b33f-5e44130d441c@group-A1CD1332DC7D, cid=2189, SUCCESS, logIndex=3188, commits[529edf8e-8eae-4246-b33f-5e44130d441c:c3190, 79bffca9-b028-4c53-a657-872ed973be73:c3186, 15654dff-55cd-4f70-96d8-4abf0c061563:c3186]
2019-07-09 15:04:35,507 INFO  client.GrpcClientProtocolClient (GrpcClientProtocolClient.java:onNext(255)) - client-A9DCF8B8BD5B->529edf8e-8eae-4246-b33f-5e44130d441c: receive RaftClientReply:client-A9DCF8B8BD5B->529edf8e-8eae-4246-b33f-5e44130d441c@group-A1CD1332DC7D, cid=2190, SUCCESS, logIndex=3189, commits[529edf8e-8eae-4246-b33f-5e44130d441c:c3190, 79bffca9-b028-4c53-a657-872ed973be73:c3186, 15654dff-55cd-4f70-96d8-4abf0c061563:c3186]
2019-07-09 15:04:35,507 INFO  client.GrpcClientProtocolClient (GrpcClientProtocolClient.java:onNext(255)) - client-A9DCF8B8BD5B->529edf8e-8eae-4246-b33f-5e44130d441c: receive RaftClientReply:client-A9DCF8B8BD5B->529edf8e-8eae-4246-b33f-5e44130d441c@group-A1CD1332DC7D, cid=2191, SUCCESS, logIndex=3190, commits[529edf8e-8eae-4246-b33f-5e44130d441c:c3190, 79bffca9-b028-4c53-a657-872ed973be73:c3186, 15654dff-55cd-4f70-96d8-4abf0c061563:c3186]
2019-07-09 15:04:35,508 INFO  client.GrpcClientProtocolClient (GrpcClientProtocolClient.java:onNext(255)) - client-A9DCF8B8BD5B->529edf8e-8eae-4246-b33f-5e44130d441c: receive RaftClientReply:client-A9DCF8B8BD5B->529edf8e-8eae-4246-b33f-5e44130d441c@group-A1CD1332DC7D, cid=2192, SUCCESS, logIndex=0, commits[529edf8e-8eae-4246-b33f-5e44130d441c:c3191, 79bffca9-b028-4c53-a657-872ed973be73:c3188, 15654dff-55cd-4f70-96d8-4abf0c061563:c3188]
2019-07-09 15:04:35,529 INFO  client.GrpcClientProtocolClient (GrpcClientProtocolClient.java:onNext(255)) - client-A9DCF8B8BD5B->529edf8e-8eae-4246-b33f-5e44130d441c: receive RaftClientReply:client-A9DCF8B8BD5B->529edf8e-8eae-4246-b33f-5e44130d441c@group-A1CD1332DC7D, cid=2193, SUCCESS, logIndex=3195, commits[529edf8e-8eae-4246-b33f-5e44130d441c:c3196, 79bffca9-b028-4c53-a657-872ed973be73:c3194, 15654dff-55cd-4f70-96d8-4abf0c061563:c3194]
2019-07-09 15:04:35,529 INFO  client.GrpcClientProtocolClient (GrpcClientProtocolClient.java:onNext(255)) - client-A9DCF8B8BD5B->529edf8e-8eae-4246-b33f-5e44130d441c: receive RaftClientReply:client-A9DCF8B8BD5B->529edf8e-8eae-4246-b33f-5e44130d441c@group-A1CD1332DC7D, cid=2194, SUCCESS, logIndex=3196, commits[529edf8e-8eae-4246-b33f-5e44130d441c:c3196, 79bffca9-b028-4c53-a657-872ed973be73:c3194, 15654dff-55cd-4f70-96d8-4abf0c061563:c3194]
2019-07-09 15:04:35,544 INFO  client.GrpcClientProtocolClient (GrpcClientProtocolClient.java:onNext(255)) - client-A9DCF8B8BD5B->529edf8e-8eae-4246-b33f-5e44130d441c: receive RaftClientReply:client-A9DCF8B8BD5B->529edf8e-8eae-4246-b33f-5e44130d441c@group-A1CD1332DC7D, cid=2195, SUCCESS, logIndex=3199, commits[529edf8e-8eae-4246-b33f-5e44130d441c:c3200, 79bffca9-b028-4c53-a657-872ed973be73:c3196, 15654dff-55cd-4f70-96d8-4abf0c061563:c3196]
2019-07-09 15:04:35,544 INFO  client.GrpcClientProtocolClient (GrpcClientProtocolClient.java:onNext(255)) - client-A9DCF8B8BD5B->529edf8e-8eae-4246-b33f-5e44130d441c: receive RaftClientReply:client-A9DCF8B8BD5B->529edf8e-8eae-4246-b33f-5e44130d441c@group-A1CD1332DC7D, cid=2196, SUCCESS, logIndex=3200, commits[529edf8e-8eae-4246-b33f-5e44130d441c:c3200, 79bffca9-b028-4c53-a657-872ed973be73:c3196, 15654dff-55cd-4f70-96d8-4abf0c061563:c3196]
2019-07-09 15:04:35,556 INFO  client.GrpcClientProtocolClient (GrpcClientProtocolClient.java:onNext(255)) - client-A9DCF8B8BD5B->529edf8e-8eae-4246-b33f-5e44130d441c: receive RaftClientReply:client-A9DCF8B8BD5B->529edf8e-8eae-4246-b33f-5e44130d441c@group-A1CD1332DC7D, cid=2197, SUCCESS, logIndex=0, commits[529edf8e-8eae-4246-b33f-5e44130d441c:c3201, 79bffca9-b028-4c53-a657-872ed973be73:c3200, 15654dff-55cd-4f70-96d8-4abf0c061563:c3200]
2019-07-09 15:04:35,584 INFO  client.GrpcClientProtocolClient (GrpcClientProtocolClient.java:onNext(255)) - client-A9DCF8B8BD5B->529edf8e-8eae-4246-b33f-5e44130d441c: receive RaftClientReply:client-A9DCF8B8BD5B->529edf8e-8eae-4246-b33f-5e44130d441c@group-A1CD1332DC7D, cid=2198, SUCCESS, logIndex=3203, commits[529edf8e-8eae-4246-b33f-5e44130d441c:c3204, 79bffca9-b028-4c53-a657-872ed973be73:c3202, 15654dff-55cd-4f70-96d8-4abf0c061563:c3202]
2019-07-09 15:04:35,585 INFO  client.GrpcClientProtocolClient (GrpcClientProtocolClient.java:onNext(255)) - client-A9DCF8B8BD5B->529edf8e-8eae-4246-b33f-5e44130d441c: receive RaftClientReply:client-A9DCF8B8BD5B->529edf8e-8eae-4246-b33f-5e44130d441c@group-A1CD1332DC7D, cid=2199, SUCCESS, logIndex=3204, commits[529edf8e-8eae-4246-b33f-5e44130d441c:c3204, 79bffca9-b028-4c53-a657-872ed973be73:c3202, 15654dff-55cd-4f70-96d8-4abf0c061563:c3202]
2019-07-09 15:04:35,585 INFO  client.GrpcClientProtocolClient (GrpcClientProtocolClient.java:onNext(255)) - client-A9DCF8B8BD5B->529edf8e-8eae-4246-b33f-5e44130d441c: receive RaftClientReply:client-A9DCF8B8BD5B->529edf8e-8eae-4246-b33f-5e44130d441c@group-A1CD1332DC7D, cid=2200, SUCCESS, logIndex=3205, commits[529edf8e-8eae-4246-b33f-5e44130d441c:c3206, 79bffca9-b028-4c53-a657-872ed973be73:c3202, 15654dff-55cd-4f70-96d8-4abf0c061563:c3202]
2019-07-09 15:04:35,586 INFO  client.GrpcClientProtocolClient (GrpcClientProtocolClient.java:onNext(255)) - client-A9DCF8B8BD5B->529edf8e-8eae-4246-b33f-5e44130d441c: receive RaftClientReply:client-A9DCF8B8BD5B->529edf8e-8eae-4246-b33f-5e44130d441c@group-A1CD1332DC7D, cid=2201, SUCCESS, logIndex=3206, commits[529edf8e-8eae-4246-b33f-5e44130d441c:c3206, 79bffca9-b028-4c53-a657-872ed973be73:c3202, 15654dff-55cd-4f70-96d8-4abf0c061563:c3202]
2019-07-09 15:04:35,588 INFO  client.GrpcClientProtocolClient (GrpcClientProtocolClient.java:onNext(255)) - client-A9DCF8B8BD5B->529edf8e-8eae-4246-b33f-5e44130d441c: receive RaftClientReply:client-A9DCF8B8BD5B->529edf8e-8eae-4246-b33f-5e44130d441c@group-A1CD1332DC7D, cid=2202, SUCCESS, logIndex=0, commits[529edf8e-8eae-4246-b33f-5e44130d441c:c3208, 79bffca9-b028-4c53-a657-872ed973be73:c3204, 15654dff-55cd-4f70-96d8-4abf0c061563:c3204]
2019-07-09 15:04:35,606 INFO  client.GrpcClientProtocolClient (GrpcClientProtocolClient.java:onNext(255)) - client-A9DCF8B8BD5B->529edf8e-8eae-4246-b33f-5e44130d441c: receive RaftClientReply:client-A9DCF8B8BD5B->529edf8e-8eae-4246-b33f-5e44130d441c@group-A1CD1332DC7D, cid=2203, SUCCESS, logIndex=3211, commits[529edf8e-8eae-4246-b33f-5e44130d441c:c3212, 79bffca9-b028-4c53-a657-872ed973be73:c3210, 15654dff-55cd-4f70-96d8-4abf0c061563:c3210]
2019-07-09 15:04:35,607 INFO  client.GrpcClientProtocolClient (GrpcClientProtocolClient.java:onNext(255)) - client-A9DCF8B8BD5B->529edf8e-8eae-4246-b33f-5e44130d441c: receive RaftClientReply:client-A9DCF8B8BD5B->529edf8e-8eae-4246-b33f-5e44130d441c@group-A1CD1332DC7D, cid=2204, SUCCESS, logIndex=3212, commits[529edf8e-8eae-4246-b33f-5e44130d441c:c3212, 79bffca9-b028-4c53-a657-872ed973be73:c3210, 15654dff-55cd-4f70-96d8-4abf0c061563:c3210]
2019-07-09 15:04:35,622 INFO  client.GrpcClientProtocolClient (GrpcClientProtocolClient.java:onNext(255)) - client-A9DCF8B8BD5B->529edf8e-8eae-4246-b33f-5e44130d441c: receive RaftClientReply:client-A9DCF8B8BD5B->529edf8e-8eae-4246-b33f-5e44130d441c@group-A1CD1332DC7D, cid=2205, SUCCESS, logIndex=3215, commits[529edf8e-8eae-4246-b33f-5e44130d441c:c3216, 79bffca9-b028-4c53-a657-872ed973be73:c3212, 15654dff-55cd-4f70-96d8-4abf0c061563:c3212]
2019-07-09 15:04:35,622 INFO  client.GrpcClientProtocolClient (GrpcClientProtocolClient.java:onNext(255)) - client-A9DCF8B8BD5B->529edf8e-8eae-4246-b33f-5e44130d441c: receive RaftClientReply:client-A9DCF8B8BD5B->529edf8e-8eae-4246-b33f-5e44130d441c@group-A1CD1332DC7D, cid=2206, SUCCESS, logIndex=3216, commits[529edf8e-8eae-4246-b33f-5e44130d441c:c3216, 79bffca9-b028-4c53-a657-872ed973be73:c3212, 15654dff-55cd-4f70-96d8-4abf0c061563:c3212]
2019-07-09 15:04:35,634 INFO  client.GrpcClientProtocolClient (GrpcClientProtocolClient.java:onNext(255)) - client-A9DCF8B8BD5B->529edf8e-8eae-4246-b33f-5e44130d441c: receive RaftClientReply:client-A9DCF8B8BD5B->529edf8e-8eae-4246-b33f-5e44130d441c@group-A1CD1332DC7D, cid=2207, SUCCESS, logIndex=0, commits[529edf8e-8eae-4246-b33f-5e44130d441c:c3217, 79bffca9-b028-4c53-a657-872ed973be73:c3216, 15654dff-55cd-4f70-96d8-4abf0c061563:c3216]
2019-07-09 15:04:35,661 INFO  client.GrpcClientProtocolClient (GrpcClientProtocolClient.java:onNext(255)) - client-A9DCF8B8BD5B->529edf8e-8eae-4246-b33f-5e44130d441c: receive RaftClientReply:client-A9DCF8B8BD5B->529edf8e-8eae-4246-b33f-5e44130d441c@group-A1CD1332DC7D, cid=2208, SUCCESS, logIndex=3219, commits[529edf8e-8eae-4246-b33f-5e44130d441c:c3221, 79bffca9-b028-4c53-a657-872ed973be73:c3218, 15654dff-55cd-4f70-96d8-4abf0c061563:c3218]
2019-07-09 15:04:35,662 INFO  client.GrpcClientProtocolClient (GrpcClientProtocolClient.java:onNext(255)) - client-A9DCF8B8BD5B->529edf8e-8eae-4246-b33f-5e44130d441c: receive RaftClientReply:client-A9DCF8B8BD5B->529edf8e-8eae-4246-b33f-5e44130d441c@group-A1CD1332DC7D, cid=2209, SUCCESS, logIndex=3220, commits[529edf8e-8eae-4246-b33f-5e44130d441c:c3222, 79bffca9-b028-4c53-a657-872ed973be73:c3218, 15654dff-55cd-4f70-96d8-4abf0c061563:c3218]
2019-07-09 15:04:35,662 INFO  client.GrpcClientProtocolClient (GrpcClientProtocolClient.java:onNext(255)) - client-A9DCF8B8BD5B->529edf8e-8eae-4246-b33f-5e44130d441c: receive RaftClientReply:client-A9DCF8B8BD5B->529edf8e-8eae-4246-b33f-5e44130d441c@group-A1CD1332DC7D, cid=2210, SUCCESS, logIndex=3221, commits[529edf8e-8eae-4246-b33f-5e44130d441c:c3222, 79bffca9-b028-4c53-a657-872ed973be73:c3218, 15654dff-55cd-4f70-96d8-4abf0c061563:c3218]
2019-07-09 15:04:35,662 INFO  client.GrpcClientProtocolClient (GrpcClientProtocolClient.java:onNext(255)) - client-A9DCF8B8BD5B->529edf8e-8eae-4246-b33f-5e44130d441c: receive RaftClientReply:client-A9DCF8B8BD5B->529edf8e-8eae-4246-b33f-5e44130d441c@group-A1CD1332DC7D, cid=2211, SUCCESS, logIndex=3222, commits[529edf8e-8eae-4246-b33f-5e44130d441c:c3222, 79bffca9-b028-4c53-a657-872ed973be73:c3218, 15654dff-55cd-4f70-96d8-4abf0c061563:c3218]
2019-07-09 15:04:35,663 INFO  client.GrpcClientProtocolClient (GrpcClientProtocolClient.java:onNext(255)) - client-A9DCF8B8BD5B->529edf8e-8eae-4246-b33f-5e44130d441c: receive RaftClientReply:client-A9DCF8B8BD5B->529edf8e-8eae-4246-b33f-5e44130d441c@group-A1CD1332DC7D, cid=2212, SUCCESS, logIndex=0, commits[529edf8e-8eae-4246-b33f-5e44130d441c:c3225, 79bffca9-b028-4c53-a657-872ed973be73:c3220, 15654dff-55cd-4f70-96d8-4abf0c061563:c3221]
2019-07-09 15:04:35,680 INFO  client.GrpcClientProtocolClient (GrpcClientProtocolClient.java:onNext(255)) - client-A9DCF8B8BD5B->529edf8e-8eae-4246-b33f-5e44130d441c: receive RaftClientReply:client-A9DCF8B8BD5B->529edf8e-8eae-4246-b33f-5e44130d441c@group-A1CD1332DC7D, cid=2213, SUCCESS, logIndex=3227, commits[529edf8e-8eae-4246-b33f-5e44130d441c:c3228, 79bffca9-b028-4c53-a657-872ed973be73:c3226, 15654dff-55cd-4f70-96d8-4abf0c061563:c3226]
2019-07-09 15:04:35,681 INFO  client.GrpcClientProtocolClient (GrpcClientProtocolClient.java:onNext(255)) - client-A9DCF8B8BD5B->529edf8e-8eae-4246-b33f-5e44130d441c: receive RaftClientReply:client-A9DCF8B8BD5B->529edf8e-8eae-4246-b33f-5e44130d441c@group-A1CD1332DC7D, cid=2214, SUCCESS, logIndex=3228, commits[529edf8e-8eae-4246-b33f-5e44130d441c:c3228, 79bffca9-b028-4c53-a657-872ed973be73:c3226, 15654dff-55cd-4f70-96d8-4abf0c061563:c3226]
2019-07-09 15:04:35,695 INFO  client.GrpcClientProtocolClient (GrpcClientProtocolClient.java:onNext(255)) - client-A9DCF8B8BD5B->529edf8e-8eae-4246-b33f-5e44130d441c: receive RaftClientReply:client-A9DCF8B8BD5B->529edf8e-8eae-4246-b33f-5e44130d441c@group-A1CD1332DC7D, cid=2215, SUCCESS, logIndex=3231, commits[529edf8e-8eae-4246-b33f-5e44130d441c:c3232, 79bffca9-b028-4c53-a657-872ed973be73:c3228, 15654dff-55cd-4f70-96d8-4abf0c061563:c3228]
2019-07-09 15:04:35,695 INFO  client.GrpcClientProtocolClient (GrpcClientProtocolClient.java:onNext(255)) - client-A9DCF8B8BD5B->529edf8e-8eae-4246-b33f-5e44130d441c: receive RaftClientReply:client-A9DCF8B8BD5B->529edf8e-8eae-4246-b33f-5e44130d441c@group-A1CD1332DC7D, cid=2216, SUCCESS, logIndex=3232, commits[529edf8e-8eae-4246-b33f-5e44130d441c:c3232, 79bffca9-b028-4c53-a657-872ed973be73:c3228, 15654dff-55cd-4f70-96d8-4abf0c061563:c3228]
2019-07-09 15:04:35,707 INFO  client.GrpcClientProtocolClient (GrpcClientProtocolClient.java:onNext(255)) - client-A9DCF8B8BD5B->529edf8e-8eae-4246-b33f-5e44130d441c: receive RaftClientReply:client-A9DCF8B8BD5B->529edf8e-8eae-4246-b33f-5e44130d441c@group-A1CD1332DC7D, cid=2217, SUCCESS, logIndex=0, commits[529edf8e-8eae-4246-b33f-5e44130d441c:c3234, 79bffca9-b028-4c53-a657-872ed973be73:c3232, 15654dff-55cd-4f70-96d8-4abf0c061563:c3232]
2019-07-09 15:04:35,744 INFO  client.GrpcClientProtocolClient (GrpcClientProtocolClient.java:onNext(255)) - client-A9DCF8B8BD5B->529edf8e-8eae-4246-b33f-5e44130d441c: receive RaftClientReply:client-A9DCF8B8BD5B->529edf8e-8eae-4246-b33f-5e44130d441c@group-A1CD1332DC7D, cid=2218, SUCCESS, logIndex=3235, commits[529edf8e-8eae-4246-b33f-5e44130d441c:c3236, 79bffca9-b028-4c53-a657-872ed973be73:c3234, 15654dff-55cd-4f70-96d8-4abf0c061563:c3234]
2019-07-09 15:04:35,744 INFO  client.GrpcClientProtocolClient (GrpcClientProtocolClient.java:onNext(255)) - client-A9DCF8B8BD5B->529edf8e-8eae-4246-b33f-5e44130d441c: receive RaftClientReply:client-A9DCF8B8BD5B->529edf8e-8eae-4246-b33f-5e44130d441c@group-A1CD1332DC7D, cid=2219, SUCCESS, logIndex=3236, commits[529edf8e-8eae-4246-b33f-5e44130d441c:c3238, 79bffca9-b028-4c53-a657-872ed973be73:c3234, 15654dff-55cd-4f70-96d8-4abf0c061563:c3234]
2019-07-09 15:04:35,744 INFO  client.GrpcClientProtocolClient (GrpcClientProtocolClient.java:onNext(255)) - client-A9DCF8B8BD5B->529edf8e-8eae-4246-b33f-5e44130d441c: receive RaftClientReply:client-A9DCF8B8BD5B->529edf8e-8eae-4246-b33f-5e44130d441c@group-A1CD1332DC7D, cid=2220, SUCCESS, logIndex=3237, commits[529edf8e-8eae-4246-b33f-5e44130d441c:c3238, 79bffca9-b028-4c53-a657-872ed973be73:c3234, 15654dff-55cd-4f70-96d8-4abf0c061563:c3234]
2019-07-09 15:04:35,745 INFO  client.GrpcClientProtocolClient (GrpcClientProtocolClient.java:onNext(255)) - client-A9DCF8B8BD5B->529edf8e-8eae-4246-b33f-5e44130d441c: receive RaftClientReply:client-A9DCF8B8BD5B->529edf8e-8eae-4246-b33f-5e44130d441c@group-A1CD1332DC7D, cid=2221, SUCCESS, logIndex=3238, commits[529edf8e-8eae-4246-b33f-5e44130d441c:c3238, 79bffca9-b028-4c53-a657-872ed973be73:c3234, 15654dff-55cd-4f70-96d8-4abf0c061563:c3234]
2019-07-09 15:04:35,755 INFO  client.GrpcClientProtocolClient (GrpcClientProtocolClient.java:onNext(255)) - client-A9DCF8B8BD5B->529edf8e-8eae-4246-b33f-5e44130d441c: receive RaftClientReply:client-A9DCF8B8BD5B->529edf8e-8eae-4246-b33f-5e44130d441c@group-A1CD1332DC7D, cid=2222, SUCCESS, logIndex=0, commits[529edf8e-8eae-4246-b33f-5e44130d441c:c3239, 79bffca9-b028-4c53-a657-872ed973be73:c3236, 15654dff-55cd-4f70-96d8-4abf0c061563:c3236]
2019-07-09 15:04:35,768 INFO  client.GrpcClientProtocolClient (GrpcClientProtocolClient.java:onNext(255)) - client-A9DCF8B8BD5B->529edf8e-8eae-4246-b33f-5e44130d441c: receive RaftClientReply:client-A9DCF8B8BD5B->529edf8e-8eae-4246-b33f-5e44130d441c@group-A1CD1332DC7D, cid=2223, SUCCESS, logIndex=3243, commits[529edf8e-8eae-4246-b33f-5e44130d441c:c3244, 79bffca9-b028-4c53-a657-872ed973be73:c3238, 15654dff-55cd-4f70-96d8-4abf0c061563:c3240]
2019-07-09 15:04:35,768 INFO  client.GrpcClientProtocolClient (GrpcClientProtocolClient.java:onNext(255)) - client-A9DCF8B8BD5B->529edf8e-8eae-4246-b33f-5e44130d441c: receive RaftClientReply:client-A9DCF8B8BD5B->529edf8e-8eae-4246-b33f-5e44130d441c@group-A1CD1332DC7D, cid=2224, SUCCESS, logIndex=3244, commits[529edf8e-8eae-4246-b33f-5e44130d441c:c3244, 79bffca9-b028-4c53-a657-872ed973be73:c3240, 15654dff-55cd-4f70-96d8-4abf0c061563:c3240]
2019-07-09 15:04:35,787 INFO  client.GrpcClientProtocolClient (GrpcClientProtocolClient.java:onNext(255)) - client-A9DCF8B8BD5B->529edf8e-8eae-4246-b33f-5e44130d441c: receive RaftClientReply:client-A9DCF8B8BD5B->529edf8e-8eae-4246-b33f-5e44130d441c@group-A1CD1332DC7D, cid=2225, SUCCESS, logIndex=3247, commits[529edf8e-8eae-4246-b33f-5e44130d441c:c3248, 79bffca9-b028-4c53-a657-872ed973be73:c3246, 15654dff-55cd-4f70-96d8-4abf0c061563:c3246]
2019-07-09 15:04:35,787 INFO  client.GrpcClientProtocolClient (GrpcClientProtocolClient.java:onNext(255)) - client-A9DCF8B8BD5B->529edf8e-8eae-4246-b33f-5e44130d441c: receive RaftClientReply:client-A9DCF8B8BD5B->529edf8e-8eae-4246-b33f-5e44130d441c@group-A1CD1332DC7D, cid=2226, SUCCESS, logIndex=3248, commits[529edf8e-8eae-4246-b33f-5e44130d441c:c3248, 79bffca9-b028-4c53-a657-872ed973be73:c3246, 15654dff-55cd-4f70-96d8-4abf0c061563:c3246]
2019-07-09 15:04:35,801 INFO  client.GrpcClientProtocolClient (GrpcClientProtocolClient.java:onNext(255)) - client-A9DCF8B8BD5B->529edf8e-8eae-4246-b33f-5e44130d441c: receive RaftClientReply:client-A9DCF8B8BD5B->529edf8e-8eae-4246-b33f-5e44130d441c@group-A1CD1332DC7D, cid=2227, SUCCESS, logIndex=0, commits[529edf8e-8eae-4246-b33f-5e44130d441c:c3250, 79bffca9-b028-4c53-a657-872ed973be73:c3248, 15654dff-55cd-4f70-96d8-4abf0c061563:c3248]
2019-07-09 15:04:35,830 INFO  client.GrpcClientProtocolClient (GrpcClientProtocolClient.java:onNext(255)) - client-A9DCF8B8BD5B->529edf8e-8eae-4246-b33f-5e44130d441c: receive RaftClientReply:client-A9DCF8B8BD5B->529edf8e-8eae-4246-b33f-5e44130d441c@group-A1CD1332DC7D, cid=2228, SUCCESS, logIndex=3251, commits[529edf8e-8eae-4246-b33f-5e44130d441c:c3253, 79bffca9-b028-4c53-a657-872ed973be73:c3250, 15654dff-55cd-4f70-96d8-4abf0c061563:c3250]
2019-07-09 15:04:35,830 INFO  client.GrpcClientProtocolClient (GrpcClientProtocolClient.java:onNext(255)) - client-A9DCF8B8BD5B->529edf8e-8eae-4246-b33f-5e44130d441c: receive RaftClientReply:client-A9DCF8B8BD5B->529edf8e-8eae-4246-b33f-5e44130d441c@group-A1CD1332DC7D, cid=2229, SUCCESS, logIndex=3252, commits[529edf8e-8eae-4246-b33f-5e44130d441c:c3254, 79bffca9-b028-4c53-a657-872ed973be73:c3250, 15654dff-55cd-4f70-96d8-4abf0c061563:c3250]
2019-07-09 15:04:35,831 INFO  client.GrpcClientProtocolClient (GrpcClientProtocolClient.java:onNext(255)) - client-A9DCF8B8BD5B->529edf8e-8eae-4246-b33f-5e44130d441c: receive RaftClientReply:client-A9DCF8B8BD5B->529edf8e-8eae-4246-b33f-5e44130d441c@group-A1CD1332DC7D, cid=2230, SUCCESS, logIndex=3253, commits[529edf8e-8eae-4246-b33f-5e44130d441c:c3254, 79bffca9-b028-4c53-a657-872ed973be73:c3250, 15654dff-55cd-4f70-96d8-4abf0c061563:c3250]
2019-07-09 15:04:35,831 INFO  client.GrpcClientProtocolClient (GrpcClientProtocolClient.java:onNext(255)) - client-A9DCF8B8BD5B->529edf8e-8eae-4246-b33f-5e44130d441c: receive RaftClientReply:client-A9DCF8B8BD5B->529edf8e-8eae-4246-b33f-5e44130d441c@group-A1CD1332DC7D, cid=2231, SUCCESS, logIndex=3254, commits[529edf8e-8eae-4246-b33f-5e44130d441c:c3254, 79bffca9-b028-4c53-a657-872ed973be73:c3250, 15654dff-55cd-4f70-96d8-4abf0c061563:c3250]
2019-07-09 15:04:35,844 INFO  client.GrpcClientProtocolClient (GrpcClientProtocolClient.java:onNext(255)) - client-A9DCF8B8BD5B->529edf8e-8eae-4246-b33f-5e44130d441c: receive RaftClientReply:client-A9DCF8B8BD5B->529edf8e-8eae-4246-b33f-5e44130d441c@group-A1CD1332DC7D, cid=2232, SUCCESS, logIndex=0, commits[529edf8e-8eae-4246-b33f-5e44130d441c:c3257, 79bffca9-b028-4c53-a657-872ed973be73:c3253, 15654dff-55cd-4f70-96d8-4abf0c061563:c3252]
2019-07-09 15:04:35,977 INFO  client.GrpcClientProtocolClient (GrpcClientProtocolClient.java:onNext(255)) - client-A9DCF8B8BD5B->529edf8e-8eae-4246-b33f-5e44130d441c: receive RaftClientReply:client-A9DCF8B8BD5B->529edf8e-8eae-4246-b33f-5e44130d441c@group-A1CD1332DC7D, cid=2233, SUCCESS, logIndex=3259, commits[529edf8e-8eae-4246-b33f-5e44130d441c:c3260, 79bffca9-b028-4c53-a657-872ed973be73:c3258, 15654dff-55cd-4f70-96d8-4abf0c061563:c3258]
2019-07-09 15:04:35,978 INFO  client.GrpcClientProtocolClient (GrpcClientProtocolClient.java:onNext(255)) - client-A9DCF8B8BD5B->529edf8e-8eae-4246-b33f-5e44130d441c: receive RaftClientReply:client-A9DCF8B8BD5B->529edf8e-8eae-4246-b33f-5e44130d441c@group-A1CD1332DC7D, cid=2234, SUCCESS, logIndex=3260, commits[529edf8e-8eae-4246-b33f-5e44130d441c:c3260, 79bffca9-b028-4c53-a657-872ed973be73:c3258, 15654dff-55cd-4f70-96d8-4abf0c061563:c3258]
2019-07-09 15:04:35,991 INFO  client.GrpcClientProtocolClient (GrpcClientProtocolClient.java:onNext(255)) - client-A9DCF8B8BD5B->529edf8e-8eae-4246-b33f-5e44130d441c: receive RaftClientReply:client-A9DCF8B8BD5B->529edf8e-8eae-4246-b33f-5e44130d441c@group-A1CD1332DC7D, cid=2235, SUCCESS, logIndex=3263, commits[529edf8e-8eae-4246-b33f-5e44130d441c:c3264, 79bffca9-b028-4c53-a657-872ed973be73:c3260, 15654dff-55cd-4f70-96d8-4abf0c061563:c3260]
2019-07-09 15:04:35,991 INFO  client.GrpcClientProtocolClient (GrpcClientProtocolClient.java:onNext(255)) - client-A9DCF8B8BD5B->529edf8e-8eae-4246-b33f-5e44130d441c: receive RaftClientReply:client-A9DCF8B8BD5B->529edf8e-8eae-4246-b33f-5e44130d441c@group-A1CD1332DC7D, cid=2236, SUCCESS, logIndex=3264, commits[529edf8e-8eae-4246-b33f-5e44130d441c:c3264, 79bffca9-b028-4c53-a657-872ed973be73:c3260, 15654dff-55cd-4f70-96d8-4abf0c061563:c3260]
2019-07-09 15:04:35,994 INFO  client.GrpcClientProtocolClient (GrpcClientProtocolClient.java:onNext(255)) - client-A9DCF8B8BD5B->529edf8e-8eae-4246-b33f-5e44130d441c: receive RaftClientReply:client-A9DCF8B8BD5B->529edf8e-8eae-4246-b33f-5e44130d441c@group-A1CD1332DC7D, cid=2237, SUCCESS, logIndex=0, commits[529edf8e-8eae-4246-b33f-5e44130d441c:c3266, 79bffca9-b028-4c53-a657-872ed973be73:c3264, 15654dff-55cd-4f70-96d8-4abf0c061563:c3264]
2019-07-09 15:04:36,032 INFO  client.GrpcClientProtocolClient (GrpcClientProtocolClient.java:onNext(255)) - client-A9DCF8B8BD5B->529edf8e-8eae-4246-b33f-5e44130d441c: receive RaftClientReply:client-A9DCF8B8BD5B->529edf8e-8eae-4246-b33f-5e44130d441c@group-A1CD1332DC7D, cid=2238, SUCCESS, logIndex=3267, commits[529edf8e-8eae-4246-b33f-5e44130d441c:c3268, 79bffca9-b028-4c53-a657-872ed973be73:c3266, 15654dff-55cd-4f70-96d8-4abf0c061563:c3266]
2019-07-09 15:04:36,032 INFO  client.GrpcClientProtocolClient (GrpcClientProtocolClient.java:onNext(255)) - client-A9DCF8B8BD5B->529edf8e-8eae-4246-b33f-5e44130d441c: receive RaftClientReply:client-A9DCF8B8BD5B->529edf8e-8eae-4246-b33f-5e44130d441c@group-A1CD1332DC7D, cid=2239, SUCCESS, logIndex=3268, commits[529edf8e-8eae-4246-b33f-5e44130d441c:c3270, 79bffca9-b028-4c53-a657-872ed973be73:c3266, 15654dff-55cd-4f70-96d8-4abf0c061563:c3266]
2019-07-09 15:04:36,032 INFO  client.GrpcClientProtocolClient (GrpcClientProtocolClient.java:onNext(255)) - client-A9DCF8B8BD5B->529edf8e-8eae-4246-b33f-5e44130d441c: receive RaftClientReply:client-A9DCF8B8BD5B->529edf8e-8eae-4246-b33f-5e44130d441c@group-A1CD1332DC7D, cid=2240, SUCCESS, logIndex=3269, commits[529edf8e-8eae-4246-b33f-5e44130d441c:c3270, 79bffca9-b028-4c53-a657-872ed973be73:c3266, 15654dff-55cd-4f70-96d8-4abf0c061563:c3266]
2019-07-09 15:04:36,033 INFO  client.GrpcClientProtocolClient (GrpcClientProtocolClient.java:onNext(255)) - client-A9DCF8B8BD5B->529edf8e-8eae-4246-b33f-5e44130d441c: receive RaftClientReply:client-A9DCF8B8BD5B->529edf8e-8eae-4246-b33f-5e44130d441c@group-A1CD1332DC7D, cid=2241, SUCCESS, logIndex=3270, commits[529edf8e-8eae-4246-b33f-5e44130d441c:c3270, 79bffca9-b028-4c53-a657-872ed973be73:c3266, 15654dff-55cd-4f70-96d8-4abf0c061563:c3266]
 0.00% |█                                                                                                    |  0/1 Time: 0:00:182019-07-09 15:04:36,044 INFO  client.GrpcClientProtocolClient (GrpcClientProtocolClient.java:onNext(255)) - client-A9DCF8B8BD5B->529edf8e-8eae-4246-b33f-5e44130d441c: receive RaftClientReply:client-A9DCF8B8BD5B->529edf8e-8eae-4246-b33f-5e44130d441c@group-A1CD1332DC7D, cid=2242, SUCCESS, logIndex=0, commits[529edf8e-8eae-4246-b33f-5e44130d441c:c3273, 79bffca9-b028-4c53-a657-872ed973be73:c3269, 15654dff-55cd-4f70-96d8-4abf0c061563:c3268]
2019-07-09 15:04:36,065 INFO  client.GrpcClientProtocolClient (GrpcClientProtocolClient.java:onNext(255)) - client-A9DCF8B8BD5B->529edf8e-8eae-4246-b33f-5e44130d441c: receive RaftClientReply:client-A9DCF8B8BD5B->529edf8e-8eae-4246-b33f-5e44130d441c@group-A1CD1332DC7D, cid=2243, SUCCESS, logIndex=3275, commits[529edf8e-8eae-4246-b33f-5e44130d441c:c3276, 79bffca9-b028-4c53-a657-872ed973be73:c3274, 15654dff-55cd-4f70-96d8-4abf0c061563:c3274]
2019-07-09 15:04:36,066 INFO  client.GrpcClientProtocolClient (GrpcClientProtocolClient.java:onNext(255)) - client-A9DCF8B8BD5B->529edf8e-8eae-4246-b33f-5e44130d441c: receive RaftClientReply:client-A9DCF8B8BD5B->529edf8e-8eae-4246-b33f-5e44130d441c@group-A1CD1332DC7D, cid=2244, SUCCESS, logIndex=3276, commits[529edf8e-8eae-4246-b33f-5e44130d441c:c3276, 79bffca9-b028-4c53-a657-872ed973be73:c3274, 15654dff-55cd-4f70-96d8-4abf0c061563:c3274]
2019-07-09 15:04:36,081 INFO  client.GrpcClientProtocolClient (GrpcClientProtocolClient.java:onNext(255)) - client-A9DCF8B8BD5B->529edf8e-8eae-4246-b33f-5e44130d441c: receive RaftClientReply:client-A9DCF8B8BD5B->529edf8e-8eae-4246-b33f-5e44130d441c@group-A1CD1332DC7D, cid=2245, SUCCESS, logIndex=3279, commits[529edf8e-8eae-4246-b33f-5e44130d441c:c3280, 79bffca9-b028-4c53-a657-872ed973be73:c3276, 15654dff-55cd-4f70-96d8-4abf0c061563:c3276]
2019-07-09 15:04:36,082 INFO  client.GrpcClientProtocolClient (GrpcClientProtocolClient.java:onNext(255)) - client-A9DCF8B8BD5B->529edf8e-8eae-4246-b33f-5e44130d441c: receive RaftClientReply:client-A9DCF8B8BD5B->529edf8e-8eae-4246-b33f-5e44130d441c@group-A1CD1332DC7D, cid=2246, SUCCESS, logIndex=3280, commits[529edf8e-8eae-4246-b33f-5e44130d441c:c3280, 79bffca9-b028-4c53-a657-872ed973be73:c3276, 15654dff-55cd-4f70-96d8-4abf0c061563:c3276]
2019-07-09 15:04:36,094 INFO  client.GrpcClientProtocolClient (GrpcClientProtocolClient.java:onNext(255)) - client-A9DCF8B8BD5B->529edf8e-8eae-4246-b33f-5e44130d441c: receive RaftClientReply:client-A9DCF8B8BD5B->529edf8e-8eae-4246-b33f-5e44130d441c@group-A1CD1332DC7D, cid=2247, SUCCESS, logIndex=0, commits[529edf8e-8eae-4246-b33f-5e44130d441c:c3282, 79bffca9-b028-4c53-a657-872ed973be73:c3280, 15654dff-55cd-4f70-96d8-4abf0c061563:c3280]
2019-07-09 15:04:36,121 INFO  client.GrpcClientProtocolClient (GrpcClientProtocolClient.java:onNext(255)) - client-A9DCF8B8BD5B->529edf8e-8eae-4246-b33f-5e44130d441c: receive RaftClientReply:client-A9DCF8B8BD5B->529edf8e-8eae-4246-b33f-5e44130d441c@group-A1CD1332DC7D, cid=2248, SUCCESS, logIndex=3283, commits[529edf8e-8eae-4246-b33f-5e44130d441c:c3285, 79bffca9-b028-4c53-a657-872ed973be73:c3282, 15654dff-55cd-4f70-96d8-4abf0c061563:c3282]
2019-07-09 15:04:36,121 INFO  client.GrpcClientProtocolClient (GrpcClientProtocolClient.java:onNext(255)) - client-A9DCF8B8BD5B->529edf8e-8eae-4246-b33f-5e44130d441c: receive RaftClientReply:client-A9DCF8B8BD5B->529edf8e-8eae-4246-b33f-5e44130d441c@group-A1CD1332DC7D, cid=2249, SUCCESS, logIndex=3284, commits[529edf8e-8eae-4246-b33f-5e44130d441c:c3286, 79bffca9-b028-4c53-a657-872ed973be73:c3282, 15654dff-55cd-4f70-96d8-4abf0c061563:c3282]
2019-07-09 15:04:36,122 INFO  client.GrpcClientProtocolClient (GrpcClientProtocolClient.java:onNext(255)) - client-A9DCF8B8BD5B->529edf8e-8eae-4246-b33f-5e44130d441c: receive RaftClientReply:client-A9DCF8B8BD5B->529edf8e-8eae-4246-b33f-5e44130d441c@group-A1CD1332DC7D, cid=2250, SUCCESS, logIndex=3285, commits[529edf8e-8eae-4246-b33f-5e44130d441c:c3286, 79bffca9-b028-4c53-a657-872ed973be73:c3282, 15654dff-55cd-4f70-96d8-4abf0c061563:c3282]
2019-07-09 15:04:36,122 INFO  client.GrpcClientProtocolClient (GrpcClientProtocolClient.java:onNext(255)) - client-A9DCF8B8BD5B->529edf8e-8eae-4246-b33f-5e44130d441c: receive RaftClientReply:client-A9DCF8B8BD5B->529edf8e-8eae-4246-b33f-5e44130d441c@group-A1CD1332DC7D, cid=2251, SUCCESS, logIndex=3286, commits[529edf8e-8eae-4246-b33f-5e44130d441c:c3286, 79bffca9-b028-4c53-a657-872ed973be73:c3282, 15654dff-55cd-4f70-96d8-4abf0c061563:c3282]
2019-07-09 15:04:36,123 INFO  client.GrpcClientProtocolClient (GrpcClientProtocolClient.java:onNext(255)) - client-A9DCF8B8BD5B->529edf8e-8eae-4246-b33f-5e44130d441c: receive RaftClientReply:client-A9DCF8B8BD5B->529edf8e-8eae-4246-b33f-5e44130d441c@group-A1CD1332DC7D, cid=2252, SUCCESS, logIndex=0, commits[529edf8e-8eae-4246-b33f-5e44130d441c:c3290, 79bffca9-b028-4c53-a657-872ed973be73:c3284, 15654dff-55cd-4f70-96d8-4abf0c061563:c3286]
2019-07-09 15:04:36,142 INFO  client.GrpcClientProtocolClient (GrpcClientProtocolClient.java:onNext(255)) - client-A9DCF8B8BD5B->529edf8e-8eae-4246-b33f-5e44130d441c: receive RaftClientReply:client-A9DCF8B8BD5B->529edf8e-8eae-4246-b33f-5e44130d441c@group-A1CD1332DC7D, cid=2253, SUCCESS, logIndex=3291, commits[529edf8e-8eae-4246-b33f-5e44130d441c:c3291, 79bffca9-b028-4c53-a657-872ed973be73:c3290, 15654dff-55cd-4f70-96d8-4abf0c061563:c3290]
2019-07-09 15:04:36,143 INFO  client.GrpcClientProtocolClient (GrpcClientProtocolClient.java:onNext(255)) - client-A9DCF8B8BD5B->529edf8e-8eae-4246-b33f-5e44130d441c: receive RaftClientReply:client-A9DCF8B8BD5B->529edf8e-8eae-4246-b33f-5e44130d441c@group-A1CD1332DC7D, cid=2254, SUCCESS, logIndex=3292, commits[529edf8e-8eae-4246-b33f-5e44130d441c:c3292, 79bffca9-b028-4c53-a657-872ed973be73:c3290, 15654dff-55cd-4f70-96d8-4abf0c061563:c3290]
2019-07-09 15:04:36,156 INFO  client.GrpcClientProtocolClient (GrpcClientProtocolClient.java:onNext(255)) - client-A9DCF8B8BD5B->529edf8e-8eae-4246-b33f-5e44130d441c: receive RaftClientReply:client-A9DCF8B8BD5B->529edf8e-8eae-4246-b33f-5e44130d441c@group-A1CD1332DC7D, cid=2255, SUCCESS, logIndex=3295, commits[529edf8e-8eae-4246-b33f-5e44130d441c:c3295, 79bffca9-b028-4c53-a657-872ed973be73:c3292, 15654dff-55cd-4f70-96d8-4abf0c061563:c3292]
2019-07-09 15:04:36,156 INFO  client.GrpcClientProtocolClient (GrpcClientProtocolClient.java:onNext(255)) - client-A9DCF8B8BD5B->529edf8e-8eae-4246-b33f-5e44130d441c: receive RaftClientReply:client-A9DCF8B8BD5B->529edf8e-8eae-4246-b33f-5e44130d441c@group-A1CD1332DC7D, cid=2256, SUCCESS, logIndex=3296, commits[529edf8e-8eae-4246-b33f-5e44130d441c:c3296, 79bffca9-b028-4c53-a657-872ed973be73:c3292, 15654dff-55cd-4f70-96d8-4abf0c061563:c3292]
2019-07-09 15:04:36,171 INFO  client.GrpcClientProtocolClient (GrpcClientProtocolClient.java:onNext(255)) - client-A9DCF8B8BD5B->529edf8e-8eae-4246-b33f-5e44130d441c: receive RaftClientReply:client-A9DCF8B8BD5B->529edf8e-8eae-4246-b33f-5e44130d441c@group-A1CD1332DC7D, cid=2257, SUCCESS, logIndex=0, commits[529edf8e-8eae-4246-b33f-5e44130d441c:c3298, 79bffca9-b028-4c53-a657-872ed973be73:c3296, 15654dff-55cd-4f70-96d8-4abf0c061563:c3296]
2019-07-09 15:04:36,197 INFO  client.GrpcClientProtocolClient (GrpcClientProtocolClient.java:onNext(255)) - client-A9DCF8B8BD5B->529edf8e-8eae-4246-b33f-5e44130d441c: receive RaftClientReply:client-A9DCF8B8BD5B->529edf8e-8eae-4246-b33f-5e44130d441c@group-A1CD1332DC7D, cid=2258, SUCCESS, logIndex=3299, commits[529edf8e-8eae-4246-b33f-5e44130d441c:c3300, 79bffca9-b028-4c53-a657-872ed973be73:c3298, 15654dff-55cd-4f70-96d8-4abf0c061563:c3298]
2019-07-09 15:04:36,197 INFO  client.GrpcClientProtocolClient (GrpcClientProtocolClient.java:onNext(255)) - client-A9DCF8B8BD5B->529edf8e-8eae-4246-b33f-5e44130d441c: receive RaftClientReply:client-A9DCF8B8BD5B->529edf8e-8eae-4246-b33f-5e44130d441c@group-A1CD1332DC7D, cid=2259, SUCCESS, logIndex=3300, commits[529edf8e-8eae-4246-b33f-5e44130d441c:c3300, 79bffca9-b028-4c53-a657-872ed973be73:c3298, 15654dff-55cd-4f70-96d8-4abf0c061563:c3298]
2019-07-09 15:04:36,198 INFO  client.GrpcClientProtocolClient (GrpcClientProtocolClient.java:onNext(255)) - client-A9DCF8B8BD5B->529edf8e-8eae-4246-b33f-5e44130d441c: receive RaftClientReply:client-A9DCF8B8BD5B->529edf8e-8eae-4246-b33f-5e44130d441c@group-A1CD1332DC7D, cid=2260, SUCCESS, logIndex=3301, commits[529edf8e-8eae-4246-b33f-5e44130d441c:c3301, 79bffca9-b028-4c53-a657-872ed973be73:c3298, 15654dff-55cd-4f70-96d8-4abf0c061563:c3298]
2019-07-09 15:04:36,198 INFO  client.GrpcClientProtocolClient (GrpcClientProtocolClient.java:onNext(255)) - client-A9DCF8B8BD5B->529edf8e-8eae-4246-b33f-5e44130d441c: receive RaftClientReply:client-A9DCF8B8BD5B->529edf8e-8eae-4246-b33f-5e44130d441c@group-A1CD1332DC7D, cid=2261, SUCCESS, logIndex=3302, commits[529edf8e-8eae-4246-b33f-5e44130d441c:c3302, 79bffca9-b028-4c53-a657-872ed973be73:c3298, 15654dff-55cd-4f70-96d8-4abf0c061563:c3298]
2019-07-09 15:04:36,200 INFO  client.GrpcClientProtocolClient (GrpcClientProtocolClient.java:onNext(255)) - client-A9DCF8B8BD5B->529edf8e-8eae-4246-b33f-5e44130d441c: receive RaftClientReply:client-A9DCF8B8BD5B->529edf8e-8eae-4246-b33f-5e44130d441c@group-A1CD1332DC7D, cid=2262, SUCCESS, logIndex=0, commits[529edf8e-8eae-4246-b33f-5e44130d441c:c3304, 79bffca9-b028-4c53-a657-872ed973be73:c3300, 15654dff-55cd-4f70-96d8-4abf0c061563:c3300]
2019-07-09 15:04:36,230 INFO  client.GrpcClientProtocolClient (GrpcClientProtocolClient.java:onNext(255)) - client-A9DCF8B8BD5B->529edf8e-8eae-4246-b33f-5e44130d441c: receive RaftClientReply:client-A9DCF8B8BD5B->529edf8e-8eae-4246-b33f-5e44130d441c@group-A1CD1332DC7D, cid=2263, SUCCESS, logIndex=3307, commits[529edf8e-8eae-4246-b33f-5e44130d441c:c3308, 79bffca9-b028-4c53-a657-872ed973be73:c3306, 15654dff-55cd-4f70-96d8-4abf0c061563:c3306]
2019-07-09 15:04:36,231 INFO  client.GrpcClientProtocolClient (GrpcClientProtocolClient.java:onNext(255)) - client-A9DCF8B8BD5B->529edf8e-8eae-4246-b33f-5e44130d441c: receive RaftClientReply:client-A9DCF8B8BD5B->529edf8e-8eae-4246-b33f-5e44130d441c@group-A1CD1332DC7D, cid=2264, SUCCESS, logIndex=3308, commits[529edf8e-8eae-4246-b33f-5e44130d441c:c3308, 79bffca9-b028-4c53-a657-872ed973be73:c3306, 15654dff-55cd-4f70-96d8-4abf0c061563:c3306]
2019-07-09 15:04:36,243 INFO  client.GrpcClientProtocolClient (GrpcClientProtocolClient.java:onNext(255)) - client-A9DCF8B8BD5B->529edf8e-8eae-4246-b33f-5e44130d441c: receive RaftClientReply:client-A9DCF8B8BD5B->529edf8e-8eae-4246-b33f-5e44130d441c@group-A1CD1332DC7D, cid=2265, SUCCESS, logIndex=3311, commits[529edf8e-8eae-4246-b33f-5e44130d441c:c3312, 79bffca9-b028-4c53-a657-872ed973be73:c3308, 15654dff-55cd-4f70-96d8-4abf0c061563:c3308]
2019-07-09 15:04:36,244 INFO  client.GrpcClientProtocolClient (GrpcClientProtocolClient.java:onNext(255)) - client-A9DCF8B8BD5B->529edf8e-8eae-4246-b33f-5e44130d441c: receive RaftClientReply:client-A9DCF8B8BD5B->529edf8e-8eae-4246-b33f-5e44130d441c@group-A1CD1332DC7D, cid=2266, SUCCESS, logIndex=3312, commits[529edf8e-8eae-4246-b33f-5e44130d441c:c3312, 79bffca9-b028-4c53-a657-872ed973be73:c3308, 15654dff-55cd-4f70-96d8-4abf0c061563:c3308]
2019-07-09 15:04:36,254 INFO  client.GrpcClientProtocolClient (GrpcClientProtocolClient.java:onNext(255)) - client-A9DCF8B8BD5B->529edf8e-8eae-4246-b33f-5e44130d441c: receive RaftClientReply:client-A9DCF8B8BD5B->529edf8e-8eae-4246-b33f-5e44130d441c@group-A1CD1332DC7D, cid=2267, SUCCESS, logIndex=0, commits[529edf8e-8eae-4246-b33f-5e44130d441c:c3314, 79bffca9-b028-4c53-a657-872ed973be73:c3312, 15654dff-55cd-4f70-96d8-4abf0c061563:c3312]
2019-07-09 15:04:36,284 INFO  client.GrpcClientProtocolClient (GrpcClientProtocolClient.java:onNext(255)) - client-A9DCF8B8BD5B->529edf8e-8eae-4246-b33f-5e44130d441c: receive RaftClientReply:client-A9DCF8B8BD5B->529edf8e-8eae-4246-b33f-5e44130d441c@group-A1CD1332DC7D, cid=2268, SUCCESS, logIndex=3315, commits[529edf8e-8eae-4246-b33f-5e44130d441c:c3316, 79bffca9-b028-4c53-a657-872ed973be73:c3314, 15654dff-55cd-4f70-96d8-4abf0c061563:c3314]
2019-07-09 15:04:36,285 INFO  client.GrpcClientProtocolClient (GrpcClientProtocolClient.java:onNext(255)) - client-A9DCF8B8BD5B->529edf8e-8eae-4246-b33f-5e44130d441c: receive RaftClientReply:client-A9DCF8B8BD5B->529edf8e-8eae-4246-b33f-5e44130d441c@group-A1CD1332DC7D, cid=2269, SUCCESS, logIndex=3316, commits[529edf8e-8eae-4246-b33f-5e44130d441c:c3318, 79bffca9-b028-4c53-a657-872ed973be73:c3314, 15654dff-55cd-4f70-96d8-4abf0c061563:c3314]
2019-07-09 15:04:36,285 INFO  client.GrpcClientProtocolClient (GrpcClientProtocolClient.java:onNext(255)) - client-A9DCF8B8BD5B->529edf8e-8eae-4246-b33f-5e44130d441c: receive RaftClientReply:client-A9DCF8B8BD5B->529edf8e-8eae-4246-b33f-5e44130d441c@group-A1CD1332DC7D, cid=2270, SUCCESS, logIndex=3317, commits[529edf8e-8eae-4246-b33f-5e44130d441c:c3318, 79bffca9-b028-4c53-a657-872ed973be73:c3314, 15654dff-55cd-4f70-96d8-4abf0c061563:c3314]
2019-07-09 15:04:36,285 INFO  client.GrpcClientProtocolClient (GrpcClientProtocolClient.java:onNext(255)) - client-A9DCF8B8BD5B->529edf8e-8eae-4246-b33f-5e44130d441c: receive RaftClientReply:client-A9DCF8B8BD5B->529edf8e-8eae-4246-b33f-5e44130d441c@group-A1CD1332DC7D, cid=2271, SUCCESS, logIndex=3318, commits[529edf8e-8eae-4246-b33f-5e44130d441c:c3318, 79bffca9-b028-4c53-a657-872ed973be73:c3314, 15654dff-55cd-4f70-96d8-4abf0c061563:c3314]
2019-07-09 15:04:36,299 INFO  client.GrpcClientProtocolClient (GrpcClientProtocolClient.java:onNext(255)) - client-A9DCF8B8BD5B->529edf8e-8eae-4246-b33f-5e44130d441c: receive RaftClientReply:client-A9DCF8B8BD5B->529edf8e-8eae-4246-b33f-5e44130d441c@group-A1CD1332DC7D, cid=2272, SUCCESS, logIndex=0, commits[529edf8e-8eae-4246-b33f-5e44130d441c:c3320, 79bffca9-b028-4c53-a657-872ed973be73:c3316, 15654dff-55cd-4f70-96d8-4abf0c061563:c3316]
2019-07-09 15:04:36,318 INFO  client.GrpcClientProtocolClient (GrpcClientProtocolClient.java:onNext(255)) - client-A9DCF8B8BD5B->529edf8e-8eae-4246-b33f-5e44130d441c: receive RaftClientReply:client-A9DCF8B8BD5B->529edf8e-8eae-4246-b33f-5e44130d441c@group-A1CD1332DC7D, cid=2273, SUCCESS, logIndex=3322, commits[529edf8e-8eae-4246-b33f-5e44130d441c:c3323, 79bffca9-b028-4c53-a657-872ed973be73:c3321, 15654dff-55cd-4f70-96d8-4abf0c061563:c3321]
2019-07-09 15:04:36,318 INFO  client.GrpcClientProtocolClient (GrpcClientProtocolClient.java:onNext(255)) - client-A9DCF8B8BD5B->529edf8e-8eae-4246-b33f-5e44130d441c: receive RaftClientReply:client-A9DCF8B8BD5B->529edf8e-8eae-4246-b33f-5e44130d441c@group-A1CD1332DC7D, cid=2274, SUCCESS, logIndex=3323, commits[529edf8e-8eae-4246-b33f-5e44130d441c:c3323, 79bffca9-b028-4c53-a657-872ed973be73:c3321, 15654dff-55cd-4f70-96d8-4abf0c061563:c3321]
2019-07-09 15:04:36,336 INFO  client.GrpcClientProtocolClient (GrpcClientProtocolClient.java:onNext(255)) - client-A9DCF8B8BD5B->529edf8e-8eae-4246-b33f-5e44130d441c: receive RaftClientReply:client-A9DCF8B8BD5B->529edf8e-8eae-4246-b33f-5e44130d441c@group-A1CD1332DC7D, cid=2275, SUCCESS, logIndex=3326, commits[529edf8e-8eae-4246-b33f-5e44130d441c:c3327, 79bffca9-b028-4c53-a657-872ed973be73:c3323, 15654dff-55cd-4f70-96d8-4abf0c061563:c3323]
2019-07-09 15:04:36,337 INFO  client.GrpcClientProtocolClient (GrpcClientProtocolClient.java:onNext(255)) - client-A9DCF8B8BD5B->529edf8e-8eae-4246-b33f-5e44130d441c: receive RaftClientReply:client-A9DCF8B8BD5B->529edf8e-8eae-4246-b33f-5e44130d441c@group-A1CD1332DC7D, cid=2276, SUCCESS, logIndex=3327, commits[529edf8e-8eae-4246-b33f-5e44130d441c:c3327, 79bffca9-b028-4c53-a657-872ed973be73:c3323, 15654dff-55cd-4f70-96d8-4abf0c061563:c3323]
2019-07-09 15:04:36,344 INFO  client.GrpcClientProtocolClient (GrpcClientProtocolClient.java:onNext(255)) - client-A9DCF8B8BD5B->529edf8e-8eae-4246-b33f-5e44130d441c: receive RaftClientReply:client-A9DCF8B8BD5B->529edf8e-8eae-4246-b33f-5e44130d441c@group-A1CD1332DC7D, cid=2277, SUCCESS, logIndex=0, commits[529edf8e-8eae-4246-b33f-5e44130d441c:c3327, 79bffca9-b028-4c53-a657-872ed973be73:c3327, 15654dff-55cd-4f70-96d8-4abf0c061563:c3327]
2019-07-09 15:04:36,376 INFO  client.GrpcClientProtocolClient (GrpcClientProtocolClient.java:onNext(255)) - client-A9DCF8B8BD5B->529edf8e-8eae-4246-b33f-5e44130d441c: receive RaftClientReply:client-A9DCF8B8BD5B->529edf8e-8eae-4246-b33f-5e44130d441c@group-A1CD1332DC7D, cid=2278, SUCCESS, logIndex=3330, commits[529edf8e-8eae-4246-b33f-5e44130d441c:c3331, 79bffca9-b028-4c53-a657-872ed973be73:c3329, 15654dff-55cd-4f70-96d8-4abf0c061563:c3329]
2019-07-09 15:04:36,377 INFO  client.GrpcClientProtocolClient (GrpcClientProtocolClient.java:onNext(255)) - client-A9DCF8B8BD5B->529edf8e-8eae-4246-b33f-5e44130d441c: receive RaftClientReply:client-A9DCF8B8BD5B->529edf8e-8eae-4246-b33f-5e44130d441c@group-A1CD1332DC7D, cid=2279, SUCCESS, logIndex=3331, commits[529edf8e-8eae-4246-b33f-5e44130d441c:c3333, 79bffca9-b028-4c53-a657-872ed973be73:c3329, 15654dff-55cd-4f70-96d8-4abf0c061563:c3329]
2019-07-09 15:04:36,377 INFO  client.GrpcClientProtocolClient (GrpcClientProtocolClient.java:onNext(255)) - client-A9DCF8B8BD5B->529edf8e-8eae-4246-b33f-5e44130d441c: receive RaftClientReply:client-A9DCF8B8BD5B->529edf8e-8eae-4246-b33f-5e44130d441c@group-A1CD1332DC7D, cid=2280, SUCCESS, logIndex=3332, commits[529edf8e-8eae-4246-b33f-5e44130d441c:c3333, 79bffca9-b028-4c53-a657-872ed973be73:c3329, 15654dff-55cd-4f70-96d8-4abf0c061563:c3329]
2019-07-09 15:04:36,377 INFO  client.GrpcClientProtocolClient (GrpcClientProtocolClient.java:onNext(255)) - client-A9DCF8B8BD5B->529edf8e-8eae-4246-b33f-5e44130d441c: receive RaftClientReply:client-A9DCF8B8BD5B->529edf8e-8eae-4246-b33f-5e44130d441c@group-A1CD1332DC7D, cid=2281, SUCCESS, logIndex=3333, commits[529edf8e-8eae-4246-b33f-5e44130d441c:c3333, 79bffca9-b028-4c53-a657-872ed973be73:c3329, 15654dff-55cd-4f70-96d8-4abf0c061563:c3329]
2019-07-09 15:04:36,388 INFO  client.GrpcClientProtocolClient (GrpcClientProtocolClient.java:onNext(255)) - client-A9DCF8B8BD5B->529edf8e-8eae-4246-b33f-5e44130d441c: receive RaftClientReply:client-A9DCF8B8BD5B->529edf8e-8eae-4246-b33f-5e44130d441c@group-A1CD1332DC7D, cid=2282, SUCCESS, logIndex=0, commits[529edf8e-8eae-4246-b33f-5e44130d441c:c3334, 79bffca9-b028-4c53-a657-872ed973be73:c3331, 15654dff-55cd-4f70-96d8-4abf0c061563:c3331]
2019-07-09 15:04:36,408 INFO  client.GrpcClientProtocolClient (GrpcClientProtocolClient.java:onNext(255)) - client-A9DCF8B8BD5B->529edf8e-8eae-4246-b33f-5e44130d441c: receive RaftClientReply:client-A9DCF8B8BD5B->529edf8e-8eae-4246-b33f-5e44130d441c@group-A1CD1332DC7D, cid=2283, SUCCESS, logIndex=3337, commits[529edf8e-8eae-4246-b33f-5e44130d441c:c3337, 79bffca9-b028-4c53-a657-872ed973be73:c3336, 15654dff-55cd-4f70-96d8-4abf0c061563:c3336]
2019-07-09 15:04:36,409 INFO  client.GrpcClientProtocolClient (GrpcClientProtocolClient.java:onNext(255)) - client-A9DCF8B8BD5B->529edf8e-8eae-4246-b33f-5e44130d441c: receive RaftClientReply:client-A9DCF8B8BD5B->529edf8e-8eae-4246-b33f-5e44130d441c@group-A1CD1332DC7D, cid=2284, SUCCESS, logIndex=3338, commits[529edf8e-8eae-4246-b33f-5e44130d441c:c3338, 79bffca9-b028-4c53-a657-872ed973be73:c3336, 15654dff-55cd-4f70-96d8-4abf0c061563:c3336]
2019-07-09 15:04:36,423 INFO  client.GrpcClientProtocolClient (GrpcClientProtocolClient.java:onNext(255)) - client-A9DCF8B8BD5B->529edf8e-8eae-4246-b33f-5e44130d441c: receive RaftClientReply:client-A9DCF8B8BD5B->529edf8e-8eae-4246-b33f-5e44130d441c@group-A1CD1332DC7D, cid=2285, SUCCESS, logIndex=3341, commits[529edf8e-8eae-4246-b33f-5e44130d441c:c3342, 79bffca9-b028-4c53-a657-872ed973be73:c3338, 15654dff-55cd-4f70-96d8-4abf0c061563:c3338]
2019-07-09 15:04:36,424 INFO  client.GrpcClientProtocolClient (GrpcClientProtocolClient.java:onNext(255)) - client-A9DCF8B8BD5B->529edf8e-8eae-4246-b33f-5e44130d441c: receive RaftClientReply:client-A9DCF8B8BD5B->529edf8e-8eae-4246-b33f-5e44130d441c@group-A1CD1332DC7D, cid=2286, SUCCESS, logIndex=3342, commits[529edf8e-8eae-4246-b33f-5e44130d441c:c3342, 79bffca9-b028-4c53-a657-872ed973be73:c3338, 15654dff-55cd-4f70-96d8-4abf0c061563:c3338]
2019-07-09 15:04:36,438 INFO  client.GrpcClientProtocolClient (GrpcClientProtocolClient.java:onNext(255)) - client-A9DCF8B8BD5B->529edf8e-8eae-4246-b33f-5e44130d441c: receive RaftClientReply:client-A9DCF8B8BD5B->529edf8e-8eae-4246-b33f-5e44130d441c@group-A1CD1332DC7D, cid=2287, SUCCESS, logIndex=0, commits[529edf8e-8eae-4246-b33f-5e44130d441c:c3344, 79bffca9-b028-4c53-a657-872ed973be73:c3342, 15654dff-55cd-4f70-96d8-4abf0c061563:c3342]
2019-07-09 15:04:36,468 INFO  client.GrpcClientProtocolClient (GrpcClientProtocolClient.java:onNext(255)) - client-A9DCF8B8BD5B->529edf8e-8eae-4246-b33f-5e44130d441c: receive RaftClientReply:client-A9DCF8B8BD5B->529edf8e-8eae-4246-b33f-5e44130d441c@group-A1CD1332DC7D, cid=2288, SUCCESS, logIndex=3345, commits[529edf8e-8eae-4246-b33f-5e44130d441c:c3346, 79bffca9-b028-4c53-a657-872ed973be73:c3344, 15654dff-55cd-4f70-96d8-4abf0c061563:c3344]
2019-07-09 15:04:36,468 INFO  client.GrpcClientProtocolClient (GrpcClientProtocolClient.java:onNext(255)) - client-A9DCF8B8BD5B->529edf8e-8eae-4246-b33f-5e44130d441c: receive RaftClientReply:client-A9DCF8B8BD5B->529edf8e-8eae-4246-b33f-5e44130d441c@group-A1CD1332DC7D, cid=2289, SUCCESS, logIndex=3346, commits[529edf8e-8eae-4246-b33f-5e44130d441c:c3346, 79bffca9-b028-4c53-a657-872ed973be73:c3344, 15654dff-55cd-4f70-96d8-4abf0c061563:c3344]
2019-07-09 15:04:36,469 INFO  client.GrpcClientProtocolClient (GrpcClientProtocolClient.java:onNext(255)) - client-A9DCF8B8BD5B->529edf8e-8eae-4246-b33f-5e44130d441c: receive RaftClientReply:client-A9DCF8B8BD5B->529edf8e-8eae-4246-b33f-5e44130d441c@group-A1CD1332DC7D, cid=2290, SUCCESS, logIndex=3347, commits[529edf8e-8eae-4246-b33f-5e44130d441c:c3348, 79bffca9-b028-4c53-a657-872ed973be73:c3344, 15654dff-55cd-4f70-96d8-4abf0c061563:c3344]
2019-07-09 15:04:36,470 INFO  client.GrpcClientProtocolClient (GrpcClientProtocolClient.java:onNext(255)) - client-A9DCF8B8BD5B->529edf8e-8eae-4246-b33f-5e44130d441c: receive RaftClientReply:client-A9DCF8B8BD5B->529edf8e-8eae-4246-b33f-5e44130d441c@group-A1CD1332DC7D, cid=2291, SUCCESS, logIndex=3348, commits[529edf8e-8eae-4246-b33f-5e44130d441c:c3348, 79bffca9-b028-4c53-a657-872ed973be73:c3344, 15654dff-55cd-4f70-96d8-4abf0c061563:c3344]
2019-07-09 15:04:36,471 INFO  client.GrpcClientProtocolClient (GrpcClientProtocolClient.java:onNext(255)) - client-A9DCF8B8BD5B->529edf8e-8eae-4246-b33f-5e44130d441c: receive RaftClientReply:client-A9DCF8B8BD5B->529edf8e-8eae-4246-b33f-5e44130d441c@group-A1CD1332DC7D, cid=2292, SUCCESS, logIndex=0, commits[529edf8e-8eae-4246-b33f-5e44130d441c:c3350, 79bffca9-b028-4c53-a657-872ed973be73:c3346, 15654dff-55cd-4f70-96d8-4abf0c061563:c3346]
2019-07-09 15:04:36,505 INFO  client.GrpcClientProtocolClient (GrpcClientProtocolClient.java:onNext(255)) - client-A9DCF8B8BD5B->529edf8e-8eae-4246-b33f-5e44130d441c: receive RaftClientReply:client-A9DCF8B8BD5B->529edf8e-8eae-4246-b33f-5e44130d441c@group-A1CD1332DC7D, cid=2293, SUCCESS, logIndex=3353, commits[529edf8e-8eae-4246-b33f-5e44130d441c:c3354, 79bffca9-b028-4c53-a657-872ed973be73:c3352, 15654dff-55cd-4f70-96d8-4abf0c061563:c3352]
2019-07-09 15:04:36,505 INFO  client.GrpcClientProtocolClient (GrpcClientProtocolClient.java:onNext(255)) - client-A9DCF8B8BD5B->529edf8e-8eae-4246-b33f-5e44130d441c: receive RaftClientReply:client-A9DCF8B8BD5B->529edf8e-8eae-4246-b33f-5e44130d441c@group-A1CD1332DC7D, cid=2294, SUCCESS, logIndex=3354, commits[529edf8e-8eae-4246-b33f-5e44130d441c:c3354, 79bffca9-b028-4c53-a657-872ed973be73:c3352, 15654dff-55cd-4f70-96d8-4abf0c061563:c3352]
2019-07-09 15:04:36,530 INFO  client.GrpcClientProtocolClient (GrpcClientProtocolClient.java:onNext(255)) - client-A9DCF8B8BD5B->529edf8e-8eae-4246-b33f-5e44130d441c: receive RaftClientReply:client-A9DCF8B8BD5B->529edf8e-8eae-4246-b33f-5e44130d441c@group-A1CD1332DC7D, cid=2295, SUCCESS, logIndex=3357, commits[529edf8e-8eae-4246-b33f-5e44130d441c:c3357, 79bffca9-b028-4c53-a657-872ed973be73:c3354, 15654dff-55cd-4f70-96d8-4abf0c061563:c3354]
2019-07-09 15:04:36,531 INFO  client.GrpcClientProtocolClient (GrpcClientProtocolClient.java:onNext(255)) - client-A9DCF8B8BD5B->529edf8e-8eae-4246-b33f-5e44130d441c: receive RaftClientReply:client-A9DCF8B8BD5B->529edf8e-8eae-4246-b33f-5e44130d441c@group-A1CD1332DC7D, cid=2296, SUCCESS, logIndex=3358, commits[529edf8e-8eae-4246-b33f-5e44130d441c:c3358, 79bffca9-b028-4c53-a657-872ed973be73:c3354, 15654dff-55cd-4f70-96d8-4abf0c061563:c3354]
2019-07-09 15:04:36,543 INFO  client.GrpcClientProtocolClient (GrpcClientProtocolClient.java:onNext(255)) - client-A9DCF8B8BD5B->529edf8e-8eae-4246-b33f-5e44130d441c: receive RaftClientReply:client-A9DCF8B8BD5B->529edf8e-8eae-4246-b33f-5e44130d441c@group-A1CD1332DC7D, cid=2297, SUCCESS, logIndex=0, commits[529edf8e-8eae-4246-b33f-5e44130d441c:c3360, 79bffca9-b028-4c53-a657-872ed973be73:c3358, 15654dff-55cd-4f70-96d8-4abf0c061563:c3358]
2019-07-09 15:04:36,576 INFO  client.GrpcClientProtocolClient (GrpcClientProtocolClient.java:onNext(255)) - client-A9DCF8B8BD5B->529edf8e-8eae-4246-b33f-5e44130d441c: receive RaftClientReply:client-A9DCF8B8BD5B->529edf8e-8eae-4246-b33f-5e44130d441c@group-A1CD1332DC7D, cid=2298, SUCCESS, logIndex=3361, commits[529edf8e-8eae-4246-b33f-5e44130d441c:c3362, 79bffca9-b028-4c53-a657-872ed973be73:c3360, 15654dff-55cd-4f70-96d8-4abf0c061563:c3360]
2019-07-09 15:04:36,576 INFO  client.GrpcClientProtocolClient (GrpcClientProtocolClient.java:onNext(255)) - client-A9DCF8B8BD5B->529edf8e-8eae-4246-b33f-5e44130d441c: receive RaftClientReply:client-A9DCF8B8BD5B->529edf8e-8eae-4246-b33f-5e44130d441c@group-A1CD1332DC7D, cid=2299, SUCCESS, logIndex=3362, commits[529edf8e-8eae-4246-b33f-5e44130d441c:c3363, 79bffca9-b028-4c53-a657-872ed973be73:c3360, 15654dff-55cd-4f70-96d8-4abf0c061563:c3360]
2019-07-09 15:04:36,576 INFO  client.GrpcClientProtocolClient (GrpcClientProtocolClient.java:onNext(255)) - client-A9DCF8B8BD5B->529edf8e-8eae-4246-b33f-5e44130d441c: receive RaftClientReply:client-A9DCF8B8BD5B->529edf8e-8eae-4246-b33f-5e44130d441c@group-A1CD1332DC7D, cid=2300, SUCCESS, logIndex=3363, commits[529edf8e-8eae-4246-b33f-5e44130d441c:c3364, 79bffca9-b028-4c53-a657-872ed973be73:c3360, 15654dff-55cd-4f70-96d8-4abf0c061563:c3360]
2019-07-09 15:04:36,577 INFO  client.GrpcClientProtocolClient (GrpcClientProtocolClient.java:onNext(255)) - client-A9DCF8B8BD5B->529edf8e-8eae-4246-b33f-5e44130d441c: receive RaftClientReply:client-A9DCF8B8BD5B->529edf8e-8eae-4246-b33f-5e44130d441c@group-A1CD1332DC7D, cid=2301, SUCCESS, logIndex=3364, commits[529edf8e-8eae-4246-b33f-5e44130d441c:c3364, 79bffca9-b028-4c53-a657-872ed973be73:c3360, 15654dff-55cd-4f70-96d8-4abf0c061563:c3360]
2019-07-09 15:04:36,579 INFO  client.GrpcClientProtocolClient (GrpcClientProtocolClient.java:onNext(255)) - client-A9DCF8B8BD5B->529edf8e-8eae-4246-b33f-5e44130d441c: receive RaftClientReply:client-A9DCF8B8BD5B->529edf8e-8eae-4246-b33f-5e44130d441c@group-A1CD1332DC7D, cid=2302, SUCCESS, logIndex=0, commits[529edf8e-8eae-4246-b33f-5e44130d441c:c3366, 79bffca9-b028-4c53-a657-872ed973be73:c3362, 15654dff-55cd-4f70-96d8-4abf0c061563:c3362]
2019-07-09 15:04:36,600 INFO  client.GrpcClientProtocolClient (GrpcClientProtocolClient.java:onNext(255)) - client-A9DCF8B8BD5B->529edf8e-8eae-4246-b33f-5e44130d441c: receive RaftClientReply:client-A9DCF8B8BD5B->529edf8e-8eae-4246-b33f-5e44130d441c@group-A1CD1332DC7D, cid=2303, SUCCESS, logIndex=3369, commits[529edf8e-8eae-4246-b33f-5e44130d441c:c3369, 79bffca9-b028-4c53-a657-872ed973be73:c3368, 15654dff-55cd-4f70-96d8-4abf0c061563:c3368]
2019-07-09 15:04:36,601 INFO  client.GrpcClientProtocolClient (GrpcClientProtocolClient.java:onNext(255)) - client-A9DCF8B8BD5B->529edf8e-8eae-4246-b33f-5e44130d441c: receive RaftClientReply:client-A9DCF8B8BD5B->529edf8e-8eae-4246-b33f-5e44130d441c@group-A1CD1332DC7D, cid=2304, SUCCESS, logIndex=3370, commits[529edf8e-8eae-4246-b33f-5e44130d441c:c3370, 79bffca9-b028-4c53-a657-872ed973be73:c3368, 15654dff-55cd-4f70-96d8-4abf0c061563:c3368]
2019-07-09 15:04:36,614 INFO  client.GrpcClientProtocolClient (GrpcClientProtocolClient.java:onNext(255)) - client-A9DCF8B8BD5B->529edf8e-8eae-4246-b33f-5e44130d441c: receive RaftClientReply:client-A9DCF8B8BD5B->529edf8e-8eae-4246-b33f-5e44130d441c@group-A1CD1332DC7D, cid=2305, SUCCESS, logIndex=3373, commits[529edf8e-8eae-4246-b33f-5e44130d441c:c3374, 79bffca9-b028-4c53-a657-872ed973be73:c3370, 15654dff-55cd-4f70-96d8-4abf0c061563:c3369]
2019-07-09 15:04:36,615 INFO  client.GrpcClientProtocolClient (GrpcClientProtocolClient.java:onNext(255)) - client-A9DCF8B8BD5B->529edf8e-8eae-4246-b33f-5e44130d441c: receive RaftClientReply:client-A9DCF8B8BD5B->529edf8e-8eae-4246-b33f-5e44130d441c@group-A1CD1332DC7D, cid=2306, SUCCESS, logIndex=3374, commits[529edf8e-8eae-4246-b33f-5e44130d441c:c3374, 79bffca9-b028-4c53-a657-872ed973be73:c3370, 15654dff-55cd-4f70-96d8-4abf0c061563:c3370]
2019-07-09 15:04:36,617 INFO  client.GrpcClientProtocolClient (GrpcClientProtocolClient.java:onNext(255)) - client-A9DCF8B8BD5B->529edf8e-8eae-4246-b33f-5e44130d441c: receive RaftClientReply:client-A9DCF8B8BD5B->529edf8e-8eae-4246-b33f-5e44130d441c@group-A1CD1332DC7D, cid=2307, SUCCESS, logIndex=0, commits[529edf8e-8eae-4246-b33f-5e44130d441c:c3376, 79bffca9-b028-4c53-a657-872ed973be73:c3374, 15654dff-55cd-4f70-96d8-4abf0c061563:c3374]
2019-07-09 15:04:36,648 INFO  client.GrpcClientProtocolClient (GrpcClientProtocolClient.java:onNext(255)) - client-A9DCF8B8BD5B->529edf8e-8eae-4246-b33f-5e44130d441c: receive RaftClientReply:client-A9DCF8B8BD5B->529edf8e-8eae-4246-b33f-5e44130d441c@group-A1CD1332DC7D, cid=2308, SUCCESS, logIndex=3377, commits[529edf8e-8eae-4246-b33f-5e44130d441c:c3378, 79bffca9-b028-4c53-a657-872ed973be73:c3376, 15654dff-55cd-4f70-96d8-4abf0c061563:c3376]
2019-07-09 15:04:36,649 INFO  client.GrpcClientProtocolClient (GrpcClientProtocolClient.java:onNext(255)) - client-A9DCF8B8BD5B->529edf8e-8eae-4246-b33f-5e44130d441c: receive RaftClientReply:client-A9DCF8B8BD5B->529edf8e-8eae-4246-b33f-5e44130d441c@group-A1CD1332DC7D, cid=2309, SUCCESS, logIndex=3378, commits[529edf8e-8eae-4246-b33f-5e44130d441c:c3380, 79bffca9-b028-4c53-a657-872ed973be73:c3376, 15654dff-55cd-4f70-96d8-4abf0c061563:c3376]
2019-07-09 15:04:36,649 INFO  client.GrpcClientProtocolClient (GrpcClientProtocolClient.java:onNext(255)) - client-A9DCF8B8BD5B->529edf8e-8eae-4246-b33f-5e44130d441c: receive RaftClientReply:client-A9DCF8B8BD5B->529edf8e-8eae-4246-b33f-5e44130d441c@group-A1CD1332DC7D, cid=2310, SUCCESS, logIndex=3379, commits[529edf8e-8eae-4246-b33f-5e44130d441c:c3380, 79bffca9-b028-4c53-a657-872ed973be73:c3376, 15654dff-55cd-4f70-96d8-4abf0c061563:c3376]
2019-07-09 15:04:36,650 INFO  client.GrpcClientProtocolClient (GrpcClientProtocolClient.java:onNext(255)) - client-A9DCF8B8BD5B->529edf8e-8eae-4246-b33f-5e44130d441c: receive RaftClientReply:client-A9DCF8B8BD5B->529edf8e-8eae-4246-b33f-5e44130d441c@group-A1CD1332DC7D, cid=2311, SUCCESS, logIndex=3380, commits[529edf8e-8eae-4246-b33f-5e44130d441c:c3380, 79bffca9-b028-4c53-a657-872ed973be73:c3376, 15654dff-55cd-4f70-96d8-4abf0c061563:c3376]
2019-07-09 15:04:36,651 INFO  client.GrpcClientProtocolClient (GrpcClientProtocolClient.java:onNext(255)) - client-A9DCF8B8BD5B->529edf8e-8eae-4246-b33f-5e44130d441c: receive RaftClientReply:client-A9DCF8B8BD5B->529edf8e-8eae-4246-b33f-5e44130d441c@group-A1CD1332DC7D, cid=2312, SUCCESS, logIndex=0, commits[529edf8e-8eae-4246-b33f-5e44130d441c:c3382, 79bffca9-b028-4c53-a657-872ed973be73:c3378, 15654dff-55cd-4f70-96d8-4abf0c061563:c3378]
2019-07-09 15:04:36,768 INFO  client.GrpcClientProtocolClient (GrpcClientProtocolClient.java:onNext(255)) - client-A9DCF8B8BD5B->529edf8e-8eae-4246-b33f-5e44130d441c: receive RaftClientReply:client-A9DCF8B8BD5B->529edf8e-8eae-4246-b33f-5e44130d441c@group-A1CD1332DC7D, cid=2313, SUCCESS, logIndex=3385, commits[529edf8e-8eae-4246-b33f-5e44130d441c:c3386, 79bffca9-b028-4c53-a657-872ed973be73:c3384, 15654dff-55cd-4f70-96d8-4abf0c061563:c3384]
2019-07-09 15:04:36,769 INFO  client.GrpcClientProtocolClient (GrpcClientProtocolClient.java:onNext(255)) - client-A9DCF8B8BD5B->529edf8e-8eae-4246-b33f-5e44130d441c: receive RaftClientReply:client-A9DCF8B8BD5B->529edf8e-8eae-4246-b33f-5e44130d441c@group-A1CD1332DC7D, cid=2314, SUCCESS, logIndex=3386, commits[529edf8e-8eae-4246-b33f-5e44130d441c:c3386, 79bffca9-b028-4c53-a657-872ed973be73:c3384, 15654dff-55cd-4f70-96d8-4abf0c061563:c3384]
2019-07-09 15:04:36,781 INFO  client.GrpcClientProtocolClient (GrpcClientProtocolClient.java:onNext(255)) - client-A9DCF8B8BD5B->529edf8e-8eae-4246-b33f-5e44130d441c: receive RaftClientReply:client-A9DCF8B8BD5B->529edf8e-8eae-4246-b33f-5e44130d441c@group-A1CD1332DC7D, cid=2315, SUCCESS, logIndex=3389, commits[529edf8e-8eae-4246-b33f-5e44130d441c:c3389, 79bffca9-b028-4c53-a657-872ed973be73:c3386, 15654dff-55cd-4f70-96d8-4abf0c061563:c3386]
2019-07-09 15:04:36,782 INFO  client.GrpcClientProtocolClient (GrpcClientProtocolClient.java:onNext(255)) - client-A9DCF8B8BD5B->529edf8e-8eae-4246-b33f-5e44130d441c: receive RaftClientReply:client-A9DCF8B8BD5B->529edf8e-8eae-4246-b33f-5e44130d441c@group-A1CD1332DC7D, cid=2316, SUCCESS, logIndex=3390, commits[529edf8e-8eae-4246-b33f-5e44130d441c:c3390, 79bffca9-b028-4c53-a657-872ed973be73:c3386, 15654dff-55cd-4f70-96d8-4abf0c061563:c3386]
2019-07-09 15:04:36,795 INFO  client.GrpcClientProtocolClient (GrpcClientProtocolClient.java:onNext(255)) - client-A9DCF8B8BD5B->529edf8e-8eae-4246-b33f-5e44130d441c: receive RaftClientReply:client-A9DCF8B8BD5B->529edf8e-8eae-4246-b33f-5e44130d441c@group-A1CD1332DC7D, cid=2317, SUCCESS, logIndex=0, commits[529edf8e-8eae-4246-b33f-5e44130d441c:c3392, 79bffca9-b028-4c53-a657-872ed973be73:c3390, 15654dff-55cd-4f70-96d8-4abf0c061563:c3390]
2019-07-09 15:04:36,826 INFO  client.GrpcClientProtocolClient (GrpcClientProtocolClient.java:onNext(255)) - client-A9DCF8B8BD5B->529edf8e-8eae-4246-b33f-5e44130d441c: receive RaftClientReply:client-A9DCF8B8BD5B->529edf8e-8eae-4246-b33f-5e44130d441c@group-A1CD1332DC7D, cid=2318, SUCCESS, logIndex=3393, commits[529edf8e-8eae-4246-b33f-5e44130d441c:c3396, 79bffca9-b028-4c53-a657-872ed973be73:c3390, 15654dff-55cd-4f70-96d8-4abf0c061563:c3392]
2019-07-09 15:04:36,827 INFO  client.GrpcClientProtocolClient (GrpcClientProtocolClient.java:onNext(255)) - client-A9DCF8B8BD5B->529edf8e-8eae-4246-b33f-5e44130d441c: receive RaftClientReply:client-A9DCF8B8BD5B->529edf8e-8eae-4246-b33f-5e44130d441c@group-A1CD1332DC7D, cid=2319, SUCCESS, logIndex=3394, commits[529edf8e-8eae-4246-b33f-5e44130d441c:c3396, 79bffca9-b028-4c53-a657-872ed973be73:c3392, 15654dff-55cd-4f70-96d8-4abf0c061563:c3392]
2019-07-09 15:04:36,827 INFO  client.GrpcClientProtocolClient (GrpcClientProtocolClient.java:onNext(255)) - client-A9DCF8B8BD5B->529edf8e-8eae-4246-b33f-5e44130d441c: receive RaftClientReply:client-A9DCF8B8BD5B->529edf8e-8eae-4246-b33f-5e44130d441c@group-A1CD1332DC7D, cid=2320, SUCCESS, logIndex=3395, commits[529edf8e-8eae-4246-b33f-5e44130d441c:c3396, 79bffca9-b028-4c53-a657-872ed973be73:c3392, 15654dff-55cd-4f70-96d8-4abf0c061563:c3392]
2019-07-09 15:04:36,828 INFO  client.GrpcClientProtocolClient (GrpcClientProtocolClient.java:onNext(255)) - client-A9DCF8B8BD5B->529edf8e-8eae-4246-b33f-5e44130d441c: receive RaftClientReply:client-A9DCF8B8BD5B->529edf8e-8eae-4246-b33f-5e44130d441c@group-A1CD1332DC7D, cid=2321, SUCCESS, logIndex=3396, commits[529edf8e-8eae-4246-b33f-5e44130d441c:c3396, 79bffca9-b028-4c53-a657-872ed973be73:c3392, 15654dff-55cd-4f70-96d8-4abf0c061563:c3392]
2019-07-09 15:04:36,838 INFO  client.GrpcClientProtocolClient (GrpcClientProtocolClient.java:onNext(255)) - client-A9DCF8B8BD5B->529edf8e-8eae-4246-b33f-5e44130d441c: receive RaftClientReply:client-A9DCF8B8BD5B->529edf8e-8eae-4246-b33f-5e44130d441c@group-A1CD1332DC7D, cid=2322, SUCCESS, logIndex=0, commits[529edf8e-8eae-4246-b33f-5e44130d441c:c3397, 79bffca9-b028-4c53-a657-872ed973be73:c3394, 15654dff-55cd-4f70-96d8-4abf0c061563:c3394]
2019-07-09 15:04:36,859 INFO  client.GrpcClientProtocolClient (GrpcClientProtocolClient.java:onNext(255)) - client-A9DCF8B8BD5B->529edf8e-8eae-4246-b33f-5e44130d441c: receive RaftClientReply:client-A9DCF8B8BD5B->529edf8e-8eae-4246-b33f-5e44130d441c@group-A1CD1332DC7D, cid=2323, SUCCESS, logIndex=3401, commits[529edf8e-8eae-4246-b33f-5e44130d441c:c3402, 79bffca9-b028-4c53-a657-872ed973be73:c3400, 15654dff-55cd-4f70-96d8-4abf0c061563:c3400]
2019-07-09 15:04:36,859 INFO  client.GrpcClientProtocolClient (GrpcClientProtocolClient.java:onNext(255)) - client-A9DCF8B8BD5B->529edf8e-8eae-4246-b33f-5e44130d441c: receive RaftClientReply:client-A9DCF8B8BD5B->529edf8e-8eae-4246-b33f-5e44130d441c@group-A1CD1332DC7D, cid=2324, SUCCESS, logIndex=3402, commits[529edf8e-8eae-4246-b33f-5e44130d441c:c3402, 79bffca9-b028-4c53-a657-872ed973be73:c3400, 15654dff-55cd-4f70-96d8-4abf0c061563:c3400]
2019-07-09 15:04:36,873 INFO  client.GrpcClientProtocolClient (GrpcClientProtocolClient.java:onNext(255)) - client-A9DCF8B8BD5B->529edf8e-8eae-4246-b33f-5e44130d441c: receive RaftClientReply:client-A9DCF8B8BD5B->529edf8e-8eae-4246-b33f-5e44130d441c@group-A1CD1332DC7D, cid=2325, SUCCESS, logIndex=3405, commits[529edf8e-8eae-4246-b33f-5e44130d441c:c3406, 79bffca9-b028-4c53-a657-872ed973be73:c3402, 15654dff-55cd-4f70-96d8-4abf0c061563:c3402]
2019-07-09 15:04:36,873 INFO  client.GrpcClientProtocolClient (GrpcClientProtocolClient.java:onNext(255)) - client-A9DCF8B8BD5B->529edf8e-8eae-4246-b33f-5e44130d441c: receive RaftClientReply:client-A9DCF8B8BD5B->529edf8e-8eae-4246-b33f-5e44130d441c@group-A1CD1332DC7D, cid=2326, SUCCESS, logIndex=3406, commits[529edf8e-8eae-4246-b33f-5e44130d441c:c3406, 79bffca9-b028-4c53-a657-872ed973be73:c3402, 15654dff-55cd-4f70-96d8-4abf0c061563:c3402]
2019-07-09 15:04:36,887 INFO  client.GrpcClientProtocolClient (GrpcClientProtocolClient.java:onNext(255)) - client-A9DCF8B8BD5B->529edf8e-8eae-4246-b33f-5e44130d441c: receive RaftClientReply:client-A9DCF8B8BD5B->529edf8e-8eae-4246-b33f-5e44130d441c@group-A1CD1332DC7D, cid=2327, SUCCESS, logIndex=0, commits[529edf8e-8eae-4246-b33f-5e44130d441c:c3408, 79bffca9-b028-4c53-a657-872ed973be73:c3406, 15654dff-55cd-4f70-96d8-4abf0c061563:c3406]
2019-07-09 15:04:36,916 INFO  client.GrpcClientProtocolClient (GrpcClientProtocolClient.java:onNext(255)) - client-A9DCF8B8BD5B->529edf8e-8eae-4246-b33f-5e44130d441c: receive RaftClientReply:client-A9DCF8B8BD5B->529edf8e-8eae-4246-b33f-5e44130d441c@group-A1CD1332DC7D, cid=2328, SUCCESS, logIndex=3409, commits[529edf8e-8eae-4246-b33f-5e44130d441c:c3409, 79bffca9-b028-4c53-a657-872ed973be73:c3408, 15654dff-55cd-4f70-96d8-4abf0c061563:c3408]
2019-07-09 15:04:36,916 INFO  client.GrpcClientProtocolClient (GrpcClientProtocolClient.java:onNext(255)) - client-A9DCF8B8BD5B->529edf8e-8eae-4246-b33f-5e44130d441c: receive RaftClientReply:client-A9DCF8B8BD5B->529edf8e-8eae-4246-b33f-5e44130d441c@group-A1CD1332DC7D, cid=2329, SUCCESS, logIndex=3410, commits[529edf8e-8eae-4246-b33f-5e44130d441c:c3412, 79bffca9-b028-4c53-a657-872ed973be73:c3408, 15654dff-55cd-4f70-96d8-4abf0c061563:c3408]
2019-07-09 15:04:36,917 INFO  client.GrpcClientProtocolClient (GrpcClientProtocolClient.java:onNext(255)) - client-A9DCF8B8BD5B->529edf8e-8eae-4246-b33f-5e44130d441c: receive RaftClientReply:client-A9DCF8B8BD5B->529edf8e-8eae-4246-b33f-5e44130d441c@group-A1CD1332DC7D, cid=2330, SUCCESS, logIndex=3411, commits[529edf8e-8eae-4246-b33f-5e44130d441c:c3412, 79bffca9-b028-4c53-a657-872ed973be73:c3408, 15654dff-55cd-4f70-96d8-4abf0c061563:c3408]
2019-07-09 15:04:36,917 INFO  client.GrpcClientProtocolClient (GrpcClientProtocolClient.java:onNext(255)) - client-A9DCF8B8BD5B->529edf8e-8eae-4246-b33f-5e44130d441c: receive RaftClientReply:client-A9DCF8B8BD5B->529edf8e-8eae-4246-b33f-5e44130d441c@group-A1CD1332DC7D, cid=2331, SUCCESS, logIndex=3412, commits[529edf8e-8eae-4246-b33f-5e44130d441c:c3412, 79bffca9-b028-4c53-a657-872ed973be73:c3408, 15654dff-55cd-4f70-96d8-4abf0c061563:c3408]
2019-07-09 15:04:36,930 INFO  client.GrpcClientProtocolClient (GrpcClientProtocolClient.java:onNext(255)) - client-A9DCF8B8BD5B->529edf8e-8eae-4246-b33f-5e44130d441c: receive RaftClientReply:client-A9DCF8B8BD5B->529edf8e-8eae-4246-b33f-5e44130d441c@group-A1CD1332DC7D, cid=2332, SUCCESS, logIndex=0, commits[529edf8e-8eae-4246-b33f-5e44130d441c:c3414, 79bffca9-b028-4c53-a657-872ed973be73:c3411, 15654dff-55cd-4f70-96d8-4abf0c061563:c3411]
2019-07-09 15:04:36,949 INFO  client.GrpcClientProtocolClient (GrpcClientProtocolClient.java:onNext(255)) - client-A9DCF8B8BD5B->529edf8e-8eae-4246-b33f-5e44130d441c: receive RaftClientReply:client-A9DCF8B8BD5B->529edf8e-8eae-4246-b33f-5e44130d441c@group-A1CD1332DC7D, cid=2333, SUCCESS, logIndex=3416, commits[529edf8e-8eae-4246-b33f-5e44130d441c:c3417, 79bffca9-b028-4c53-a657-872ed973be73:c3415, 15654dff-55cd-4f70-96d8-4abf0c061563:c3415]
2019-07-09 15:04:36,949 INFO  client.GrpcClientProtocolClient (GrpcClientProtocolClient.java:onNext(255)) - client-A9DCF8B8BD5B->529edf8e-8eae-4246-b33f-5e44130d441c: receive RaftClientReply:client-A9DCF8B8BD5B->529edf8e-8eae-4246-b33f-5e44130d441c@group-A1CD1332DC7D, cid=2334, SUCCESS, logIndex=3417, commits[529edf8e-8eae-4246-b33f-5e44130d441c:c3417, 79bffca9-b028-4c53-a657-872ed973be73:c3415, 15654dff-55cd-4f70-96d8-4abf0c061563:c3415]
2019-07-09 15:04:36,963 INFO  client.GrpcClientProtocolClient (GrpcClientProtocolClient.java:onNext(255)) - client-A9DCF8B8BD5B->529edf8e-8eae-4246-b33f-5e44130d441c: receive RaftClientReply:client-A9DCF8B8BD5B->529edf8e-8eae-4246-b33f-5e44130d441c@group-A1CD1332DC7D, cid=2335, SUCCESS, logIndex=3420, commits[529edf8e-8eae-4246-b33f-5e44130d441c:c3421, 79bffca9-b028-4c53-a657-872ed973be73:c3417, 15654dff-55cd-4f70-96d8-4abf0c061563:c3417]
2019-07-09 15:04:36,963 INFO  client.GrpcClientProtocolClient (GrpcClientProtocolClient.java:onNext(255)) - client-A9DCF8B8BD5B->529edf8e-8eae-4246-b33f-5e44130d441c: receive RaftClientReply:client-A9DCF8B8BD5B->529edf8e-8eae-4246-b33f-5e44130d441c@group-A1CD1332DC7D, cid=2336, SUCCESS, logIndex=3421, commits[529edf8e-8eae-4246-b33f-5e44130d441c:c3421, 79bffca9-b028-4c53-a657-872ed973be73:c3417, 15654dff-55cd-4f70-96d8-4abf0c061563:c3417]
2019-07-09 15:04:36,964 INFO  client.GrpcClientProtocolClient (GrpcClientProtocolClient.java:onNext(255)) - client-A9DCF8B8BD5B->529edf8e-8eae-4246-b33f-5e44130d441c: receive RaftClientReply:client-A9DCF8B8BD5B->529edf8e-8eae-4246-b33f-5e44130d441c@group-A1CD1332DC7D, cid=2337, SUCCESS, logIndex=0, commits[529edf8e-8eae-4246-b33f-5e44130d441c:c3422, 79bffca9-b028-4c53-a657-872ed973be73:c3421, 15654dff-55cd-4f70-96d8-4abf0c061563:c3421]
2019-07-09 15:04:37,001 INFO  client.GrpcClientProtocolClient (GrpcClientProtocolClient.java:onNext(255)) - client-A9DCF8B8BD5B->529edf8e-8eae-4246-b33f-5e44130d441c: receive RaftClientReply:client-A9DCF8B8BD5B->529edf8e-8eae-4246-b33f-5e44130d441c@group-A1CD1332DC7D, cid=2338, SUCCESS, logIndex=3424, commits[529edf8e-8eae-4246-b33f-5e44130d441c:c3425, 79bffca9-b028-4c53-a657-872ed973be73:c3423, 15654dff-55cd-4f70-96d8-4abf0c061563:c3423]
2019-07-09 15:04:37,002 INFO  client.GrpcClientProtocolClient (GrpcClientProtocolClient.java:onNext(255)) - client-A9DCF8B8BD5B->529edf8e-8eae-4246-b33f-5e44130d441c: receive RaftClientReply:client-A9DCF8B8BD5B->529edf8e-8eae-4246-b33f-5e44130d441c@group-A1CD1332DC7D, cid=2339, SUCCESS, logIndex=3425, commits[529edf8e-8eae-4246-b33f-5e44130d441c:c3425, 79bffca9-b028-4c53-a657-872ed973be73:c3423, 15654dff-55cd-4f70-96d8-4abf0c061563:c3423]
2019-07-09 15:04:37,013 INFO  client.GrpcClientProtocolClient (GrpcClientProtocolClient.java:onNext(255)) - client-A9DCF8B8BD5B->529edf8e-8eae-4246-b33f-5e44130d441c: receive RaftClientReply:client-A9DCF8B8BD5B->529edf8e-8eae-4246-b33f-5e44130d441c@group-A1CD1332DC7D, cid=2340, SUCCESS, logIndex=3426, commits[529edf8e-8eae-4246-b33f-5e44130d441c:c3427, 79bffca9-b028-4c53-a657-872ed973be73:c3423, 15654dff-55cd-4f70-96d8-4abf0c061563:c3423]
2019-07-09 15:04:37,013 INFO  client.GrpcClientProtocolClient (GrpcClientProtocolClient.java:onNext(255)) - client-A9DCF8B8BD5B->529edf8e-8eae-4246-b33f-5e44130d441c: receive RaftClientReply:client-A9DCF8B8BD5B->529edf8e-8eae-4246-b33f-5e44130d441c@group-A1CD1332DC7D, cid=2341, SUCCESS, logIndex=3427, commits[529edf8e-8eae-4246-b33f-5e44130d441c:c3427, 79bffca9-b028-4c53-a657-872ed973be73:c3423, 15654dff-55cd-4f70-96d8-4abf0c061563:c3423]
2019-07-09 15:04:37,014 INFO  client.GrpcClientProtocolClient (GrpcClientProtocolClient.java:onNext(255)) - client-A9DCF8B8BD5B->529edf8e-8eae-4246-b33f-5e44130d441c: receive RaftClientReply:client-A9DCF8B8BD5B->529edf8e-8eae-4246-b33f-5e44130d441c@group-A1CD1332DC7D, cid=2342, SUCCESS, logIndex=0, commits[529edf8e-8eae-4246-b33f-5e44130d441c:c3429, 79bffca9-b028-4c53-a657-872ed973be73:c3425, 15654dff-55cd-4f70-96d8-4abf0c061563:c3425]
2019-07-09 15:04:37,029 INFO  client.GrpcClientProtocolClient (GrpcClientProtocolClient.java:onNext(255)) - client-A9DCF8B8BD5B->529edf8e-8eae-4246-b33f-5e44130d441c: receive RaftClientReply:client-A9DCF8B8BD5B->529edf8e-8eae-4246-b33f-5e44130d441c@group-A1CD1332DC7D, cid=2343, SUCCESS, logIndex=3432, commits[529edf8e-8eae-4246-b33f-5e44130d441c:c3433, 79bffca9-b028-4c53-a657-872ed973be73:c3427, 15654dff-55cd-4f70-96d8-4abf0c061563:c3431]
2019-07-09 15:04:37,029 INFO  client.GrpcClientProtocolClient (GrpcClientProtocolClient.java:onNext(255)) - client-A9DCF8B8BD5B->529edf8e-8eae-4246-b33f-5e44130d441c: receive RaftClientReply:client-A9DCF8B8BD5B->529edf8e-8eae-4246-b33f-5e44130d441c@group-A1CD1332DC7D, cid=2344, SUCCESS, logIndex=3433, commits[529edf8e-8eae-4246-b33f-5e44130d441c:c3433, 79bffca9-b028-4c53-a657-872ed973be73:c3431, 15654dff-55cd-4f70-96d8-4abf0c061563:c3431]
 0.00% |█                                                                                                    |  0/1 Time: 0:00:192019-07-09 15:04:37,060 INFO  client.GrpcClientProtocolClient (GrpcClientProtocolClient.java:onNext(255)) - client-A9DCF8B8BD5B->529edf8e-8eae-4246-b33f-5e44130d441c: receive RaftClientReply:client-A9DCF8B8BD5B->529edf8e-8eae-4246-b33f-5e44130d441c@group-A1CD1332DC7D, cid=2345, SUCCESS, logIndex=3436, commits[529edf8e-8eae-4246-b33f-5e44130d441c:c3437, 79bffca9-b028-4c53-a657-872ed973be73:c3433, 15654dff-55cd-4f70-96d8-4abf0c061563:c3433]
2019-07-09 15:04:37,060 INFO  client.GrpcClientProtocolClient (GrpcClientProtocolClient.java:onNext(255)) - client-A9DCF8B8BD5B->529edf8e-8eae-4246-b33f-5e44130d441c: receive RaftClientReply:client-A9DCF8B8BD5B->529edf8e-8eae-4246-b33f-5e44130d441c@group-A1CD1332DC7D, cid=2346, SUCCESS, logIndex=3437, commits[529edf8e-8eae-4246-b33f-5e44130d441c:c3437, 79bffca9-b028-4c53-a657-872ed973be73:c3433, 15654dff-55cd-4f70-96d8-4abf0c061563:c3433]
2019-07-09 15:04:37,074 INFO  client.GrpcClientProtocolClient (GrpcClientProtocolClient.java:onNext(255)) - client-A9DCF8B8BD5B->529edf8e-8eae-4246-b33f-5e44130d441c: receive RaftClientReply:client-A9DCF8B8BD5B->529edf8e-8eae-4246-b33f-5e44130d441c@group-A1CD1332DC7D, cid=2347, SUCCESS, logIndex=0, commits[529edf8e-8eae-4246-b33f-5e44130d441c:c3439, 79bffca9-b028-4c53-a657-872ed973be73:c3437, 15654dff-55cd-4f70-96d8-4abf0c061563:c3437]
2019-07-09 15:04:37,105 INFO  client.GrpcClientProtocolClient (GrpcClientProtocolClient.java:onNext(255)) - client-A9DCF8B8BD5B->529edf8e-8eae-4246-b33f-5e44130d441c: receive RaftClientReply:client-A9DCF8B8BD5B->529edf8e-8eae-4246-b33f-5e44130d441c@group-A1CD1332DC7D, cid=2348, SUCCESS, logIndex=3440, commits[529edf8e-8eae-4246-b33f-5e44130d441c:c3441, 79bffca9-b028-4c53-a657-872ed973be73:c3439, 15654dff-55cd-4f70-96d8-4abf0c061563:c3439]
2019-07-09 15:04:37,106 INFO  client.GrpcClientProtocolClient (GrpcClientProtocolClient.java:onNext(255)) - client-A9DCF8B8BD5B->529edf8e-8eae-4246-b33f-5e44130d441c: receive RaftClientReply:client-A9DCF8B8BD5B->529edf8e-8eae-4246-b33f-5e44130d441c@group-A1CD1332DC7D, cid=2349, SUCCESS, logIndex=3441, commits[529edf8e-8eae-4246-b33f-5e44130d441c:c3443, 79bffca9-b028-4c53-a657-872ed973be73:c3439, 15654dff-55cd-4f70-96d8-4abf0c061563:c3439]
2019-07-09 15:04:37,106 INFO  client.GrpcClientProtocolClient (GrpcClientProtocolClient.java:onNext(255)) - client-A9DCF8B8BD5B->529edf8e-8eae-4246-b33f-5e44130d441c: receive RaftClientReply:client-A9DCF8B8BD5B->529edf8e-8eae-4246-b33f-5e44130d441c@group-A1CD1332DC7D, cid=2350, SUCCESS, logIndex=3442, commits[529edf8e-8eae-4246-b33f-5e44130d441c:c3443, 79bffca9-b028-4c53-a657-872ed973be73:c3439, 15654dff-55cd-4f70-96d8-4abf0c061563:c3439]
2019-07-09 15:04:37,106 INFO  client.GrpcClientProtocolClient (GrpcClientProtocolClient.java:onNext(255)) - client-A9DCF8B8BD5B->529edf8e-8eae-4246-b33f-5e44130d441c: receive RaftClientReply:client-A9DCF8B8BD5B->529edf8e-8eae-4246-b33f-5e44130d441c@group-A1CD1332DC7D, cid=2351, SUCCESS, logIndex=3443, commits[529edf8e-8eae-4246-b33f-5e44130d441c:c3443, 79bffca9-b028-4c53-a657-872ed973be73:c3439, 15654dff-55cd-4f70-96d8-4abf0c061563:c3439]
2019-07-09 15:04:37,118 INFO  client.GrpcClientProtocolClient (GrpcClientProtocolClient.java:onNext(255)) - client-A9DCF8B8BD5B->529edf8e-8eae-4246-b33f-5e44130d441c: receive RaftClientReply:client-A9DCF8B8BD5B->529edf8e-8eae-4246-b33f-5e44130d441c@group-A1CD1332DC7D, cid=2352, SUCCESS, logIndex=0, commits[529edf8e-8eae-4246-b33f-5e44130d441c:c3445, 79bffca9-b028-4c53-a657-872ed973be73:c3443, 15654dff-55cd-4f70-96d8-4abf0c061563:c3441]
2019-07-09 15:04:37,137 INFO  client.GrpcClientProtocolClient (GrpcClientProtocolClient.java:onNext(255)) - client-A9DCF8B8BD5B->529edf8e-8eae-4246-b33f-5e44130d441c: receive RaftClientReply:client-A9DCF8B8BD5B->529edf8e-8eae-4246-b33f-5e44130d441c@group-A1CD1332DC7D, cid=2353, SUCCESS, logIndex=3447, commits[529edf8e-8eae-4246-b33f-5e44130d441c:c3448, 79bffca9-b028-4c53-a657-872ed973be73:c3446, 15654dff-55cd-4f70-96d8-4abf0c061563:c3446]
2019-07-09 15:04:37,138 INFO  client.GrpcClientProtocolClient (GrpcClientProtocolClient.java:onNext(255)) - client-A9DCF8B8BD5B->529edf8e-8eae-4246-b33f-5e44130d441c: receive RaftClientReply:client-A9DCF8B8BD5B->529edf8e-8eae-4246-b33f-5e44130d441c@group-A1CD1332DC7D, cid=2354, SUCCESS, logIndex=3448, commits[529edf8e-8eae-4246-b33f-5e44130d441c:c3448, 79bffca9-b028-4c53-a657-872ed973be73:c3446, 15654dff-55cd-4f70-96d8-4abf0c061563:c3446]
2019-07-09 15:04:37,151 INFO  client.GrpcClientProtocolClient (GrpcClientProtocolClient.java:onNext(255)) - client-A9DCF8B8BD5B->529edf8e-8eae-4246-b33f-5e44130d441c: receive RaftClientReply:client-A9DCF8B8BD5B->529edf8e-8eae-4246-b33f-5e44130d441c@group-A1CD1332DC7D, cid=2355, SUCCESS, logIndex=3451, commits[529edf8e-8eae-4246-b33f-5e44130d441c:c3452, 79bffca9-b028-4c53-a657-872ed973be73:c3448, 15654dff-55cd-4f70-96d8-4abf0c061563:c3448]
2019-07-09 15:04:37,152 INFO  client.GrpcClientProtocolClient (GrpcClientProtocolClient.java:onNext(255)) - client-A9DCF8B8BD5B->529edf8e-8eae-4246-b33f-5e44130d441c: receive RaftClientReply:client-A9DCF8B8BD5B->529edf8e-8eae-4246-b33f-5e44130d441c@group-A1CD1332DC7D, cid=2356, SUCCESS, logIndex=3452, commits[529edf8e-8eae-4246-b33f-5e44130d441c:c3452, 79bffca9-b028-4c53-a657-872ed973be73:c3448, 15654dff-55cd-4f70-96d8-4abf0c061563:c3448]
2019-07-09 15:04:37,165 INFO  client.GrpcClientProtocolClient (GrpcClientProtocolClient.java:onNext(255)) - client-A9DCF8B8BD5B->529edf8e-8eae-4246-b33f-5e44130d441c: receive RaftClientReply:client-A9DCF8B8BD5B->529edf8e-8eae-4246-b33f-5e44130d441c@group-A1CD1332DC7D, cid=2357, SUCCESS, logIndex=0, commits[529edf8e-8eae-4246-b33f-5e44130d441c:c3454, 79bffca9-b028-4c53-a657-872ed973be73:c3452, 15654dff-55cd-4f70-96d8-4abf0c061563:c3452]
2019-07-09 15:04:37,194 INFO  client.GrpcClientProtocolClient (GrpcClientProtocolClient.java:onNext(255)) - client-A9DCF8B8BD5B->529edf8e-8eae-4246-b33f-5e44130d441c: receive RaftClientReply:client-A9DCF8B8BD5B->529edf8e-8eae-4246-b33f-5e44130d441c@group-A1CD1332DC7D, cid=2358, SUCCESS, logIndex=3455, commits[529edf8e-8eae-4246-b33f-5e44130d441c:c3456, 79bffca9-b028-4c53-a657-872ed973be73:c3454, 15654dff-55cd-4f70-96d8-4abf0c061563:c3454]
2019-07-09 15:04:37,195 INFO  client.GrpcClientProtocolClient (GrpcClientProtocolClient.java:onNext(255)) - client-A9DCF8B8BD5B->529edf8e-8eae-4246-b33f-5e44130d441c: receive RaftClientReply:client-A9DCF8B8BD5B->529edf8e-8eae-4246-b33f-5e44130d441c@group-A1CD1332DC7D, cid=2359, SUCCESS, logIndex=3456, commits[529edf8e-8eae-4246-b33f-5e44130d441c:c3458, 79bffca9-b028-4c53-a657-872ed973be73:c3454, 15654dff-55cd-4f70-96d8-4abf0c061563:c3454]
2019-07-09 15:04:37,195 INFO  client.GrpcClientProtocolClient (GrpcClientProtocolClient.java:onNext(255)) - client-A9DCF8B8BD5B->529edf8e-8eae-4246-b33f-5e44130d441c: receive RaftClientReply:client-A9DCF8B8BD5B->529edf8e-8eae-4246-b33f-5e44130d441c@group-A1CD1332DC7D, cid=2360, SUCCESS, logIndex=3457, commits[529edf8e-8eae-4246-b33f-5e44130d441c:c3458, 79bffca9-b028-4c53-a657-872ed973be73:c3454, 15654dff-55cd-4f70-96d8-4abf0c061563:c3454]
2019-07-09 15:04:37,195 INFO  client.GrpcClientProtocolClient (GrpcClientProtocolClient.java:onNext(255)) - client-A9DCF8B8BD5B->529edf8e-8eae-4246-b33f-5e44130d441c: receive RaftClientReply:client-A9DCF8B8BD5B->529edf8e-8eae-4246-b33f-5e44130d441c@group-A1CD1332DC7D, cid=2361, SUCCESS, logIndex=3458, commits[529edf8e-8eae-4246-b33f-5e44130d441c:c3458, 79bffca9-b028-4c53-a657-872ed973be73:c3454, 15654dff-55cd-4f70-96d8-4abf0c061563:c3454]
2019-07-09 15:04:37,207 INFO  client.GrpcClientProtocolClient (GrpcClientProtocolClient.java:onNext(255)) - client-A9DCF8B8BD5B->529edf8e-8eae-4246-b33f-5e44130d441c: receive RaftClientReply:client-A9DCF8B8BD5B->529edf8e-8eae-4246-b33f-5e44130d441c@group-A1CD1332DC7D, cid=2362, SUCCESS, logIndex=0, commits[529edf8e-8eae-4246-b33f-5e44130d441c:c3460, 79bffca9-b028-4c53-a657-872ed973be73:c3458, 15654dff-55cd-4f70-96d8-4abf0c061563:c3456]
2019-07-09 15:04:37,227 INFO  client.GrpcClientProtocolClient (GrpcClientProtocolClient.java:onNext(255)) - client-A9DCF8B8BD5B->529edf8e-8eae-4246-b33f-5e44130d441c: receive RaftClientReply:client-A9DCF8B8BD5B->529edf8e-8eae-4246-b33f-5e44130d441c@group-A1CD1332DC7D, cid=2363, SUCCESS, logIndex=3463, commits[529edf8e-8eae-4246-b33f-5e44130d441c:c3464, 79bffca9-b028-4c53-a657-872ed973be73:c3462, 15654dff-55cd-4f70-96d8-4abf0c061563:c3462]
2019-07-09 15:04:37,228 INFO  client.GrpcClientProtocolClient (GrpcClientProtocolClient.java:onNext(255)) - client-A9DCF8B8BD5B->529edf8e-8eae-4246-b33f-5e44130d441c: receive RaftClientReply:client-A9DCF8B8BD5B->529edf8e-8eae-4246-b33f-5e44130d441c@group-A1CD1332DC7D, cid=2364, SUCCESS, logIndex=3464, commits[529edf8e-8eae-4246-b33f-5e44130d441c:c3464, 79bffca9-b028-4c53-a657-872ed973be73:c3462, 15654dff-55cd-4f70-96d8-4abf0c061563:c3462]
2019-07-09 15:04:37,253 INFO  client.GrpcClientProtocolClient (GrpcClientProtocolClient.java:onNext(255)) - client-A9DCF8B8BD5B->529edf8e-8eae-4246-b33f-5e44130d441c: receive RaftClientReply:client-A9DCF8B8BD5B->529edf8e-8eae-4246-b33f-5e44130d441c@group-A1CD1332DC7D, cid=2365, SUCCESS, logIndex=3467, commits[529edf8e-8eae-4246-b33f-5e44130d441c:c3468, 79bffca9-b028-4c53-a657-872ed973be73:c3464, 15654dff-55cd-4f70-96d8-4abf0c061563:c3464]
2019-07-09 15:04:37,254 INFO  client.GrpcClientProtocolClient (GrpcClientProtocolClient.java:onNext(255)) - client-A9DCF8B8BD5B->529edf8e-8eae-4246-b33f-5e44130d441c: receive RaftClientReply:client-A9DCF8B8BD5B->529edf8e-8eae-4246-b33f-5e44130d441c@group-A1CD1332DC7D, cid=2366, SUCCESS, logIndex=3468, commits[529edf8e-8eae-4246-b33f-5e44130d441c:c3468, 79bffca9-b028-4c53-a657-872ed973be73:c3464, 15654dff-55cd-4f70-96d8-4abf0c061563:c3464]
2019-07-09 15:04:37,289 INFO  client.GrpcClientProtocolClient (GrpcClientProtocolClient.java:onNext(255)) - client-A9DCF8B8BD5B->529edf8e-8eae-4246-b33f-5e44130d441c: receive RaftClientReply:client-A9DCF8B8BD5B->529edf8e-8eae-4246-b33f-5e44130d441c@group-A1CD1332DC7D, cid=2367, SUCCESS, logIndex=0, commits[529edf8e-8eae-4246-b33f-5e44130d441c:c3469, 79bffca9-b028-4c53-a657-872ed973be73:c3468, 15654dff-55cd-4f70-96d8-4abf0c061563:c3468]
2019-07-09 15:04:37,321 INFO  client.GrpcClientProtocolClient (GrpcClientProtocolClient.java:onNext(255)) - client-A9DCF8B8BD5B->529edf8e-8eae-4246-b33f-5e44130d441c: receive RaftClientReply:client-A9DCF8B8BD5B->529edf8e-8eae-4246-b33f-5e44130d441c@group-A1CD1332DC7D, cid=2368, SUCCESS, logIndex=3471, commits[529edf8e-8eae-4246-b33f-5e44130d441c:c3472, 79bffca9-b028-4c53-a657-872ed973be73:c3470, 15654dff-55cd-4f70-96d8-4abf0c061563:c3470]
2019-07-09 15:04:37,322 INFO  client.GrpcClientProtocolClient (GrpcClientProtocolClient.java:onNext(255)) - client-A9DCF8B8BD5B->529edf8e-8eae-4246-b33f-5e44130d441c: receive RaftClientReply:client-A9DCF8B8BD5B->529edf8e-8eae-4246-b33f-5e44130d441c@group-A1CD1332DC7D, cid=2369, SUCCESS, logIndex=3472, commits[529edf8e-8eae-4246-b33f-5e44130d441c:c3472, 79bffca9-b028-4c53-a657-872ed973be73:c3470, 15654dff-55cd-4f70-96d8-4abf0c061563:c3470]
2019-07-09 15:04:37,323 INFO  client.GrpcClientProtocolClient (GrpcClientProtocolClient.java:onNext(255)) - client-A9DCF8B8BD5B->529edf8e-8eae-4246-b33f-5e44130d441c: receive RaftClientReply:client-A9DCF8B8BD5B->529edf8e-8eae-4246-b33f-5e44130d441c@group-A1CD1332DC7D, cid=2370, SUCCESS, logIndex=3473, commits[529edf8e-8eae-4246-b33f-5e44130d441c:c3474, 79bffca9-b028-4c53-a657-872ed973be73:c3470, 15654dff-55cd-4f70-96d8-4abf0c061563:c3470]
2019-07-09 15:04:37,323 INFO  client.GrpcClientProtocolClient (GrpcClientProtocolClient.java:onNext(255)) - client-A9DCF8B8BD5B->529edf8e-8eae-4246-b33f-5e44130d441c: receive RaftClientReply:client-A9DCF8B8BD5B->529edf8e-8eae-4246-b33f-5e44130d441c@group-A1CD1332DC7D, cid=2371, SUCCESS, logIndex=3474, commits[529edf8e-8eae-4246-b33f-5e44130d441c:c3474, 79bffca9-b028-4c53-a657-872ed973be73:c3470, 15654dff-55cd-4f70-96d8-4abf0c061563:c3470]
2019-07-09 15:04:37,324 INFO  client.GrpcClientProtocolClient (GrpcClientProtocolClient.java:onNext(255)) - client-A9DCF8B8BD5B->529edf8e-8eae-4246-b33f-5e44130d441c: receive RaftClientReply:client-A9DCF8B8BD5B->529edf8e-8eae-4246-b33f-5e44130d441c@group-A1CD1332DC7D, cid=2372, SUCCESS, logIndex=0, commits[529edf8e-8eae-4246-b33f-5e44130d441c:c3476, 79bffca9-b028-4c53-a657-872ed973be73:c3472, 15654dff-55cd-4f70-96d8-4abf0c061563:c3472]
2019-07-09 15:04:37,345 INFO  client.GrpcClientProtocolClient (GrpcClientProtocolClient.java:onNext(255)) - client-A9DCF8B8BD5B->529edf8e-8eae-4246-b33f-5e44130d441c: receive RaftClientReply:client-A9DCF8B8BD5B->529edf8e-8eae-4246-b33f-5e44130d441c@group-A1CD1332DC7D, cid=2373, SUCCESS, logIndex=3479, commits[529edf8e-8eae-4246-b33f-5e44130d441c:c3480, 79bffca9-b028-4c53-a657-872ed973be73:c3478, 15654dff-55cd-4f70-96d8-4abf0c061563:c3478]
2019-07-09 15:04:37,346 INFO  client.GrpcClientProtocolClient (GrpcClientProtocolClient.java:onNext(255)) - client-A9DCF8B8BD5B->529edf8e-8eae-4246-b33f-5e44130d441c: receive RaftClientReply:client-A9DCF8B8BD5B->529edf8e-8eae-4246-b33f-5e44130d441c@group-A1CD1332DC7D, cid=2374, SUCCESS, logIndex=3480, commits[529edf8e-8eae-4246-b33f-5e44130d441c:c3480, 79bffca9-b028-4c53-a657-872ed973be73:c3478, 15654dff-55cd-4f70-96d8-4abf0c061563:c3478]
2019-07-09 15:04:37,359 INFO  client.GrpcClientProtocolClient (GrpcClientProtocolClient.java:onNext(255)) - client-A9DCF8B8BD5B->529edf8e-8eae-4246-b33f-5e44130d441c: receive RaftClientReply:client-A9DCF8B8BD5B->529edf8e-8eae-4246-b33f-5e44130d441c@group-A1CD1332DC7D, cid=2375, SUCCESS, logIndex=3483, commits[529edf8e-8eae-4246-b33f-5e44130d441c:c3484, 79bffca9-b028-4c53-a657-872ed973be73:c3480, 15654dff-55cd-4f70-96d8-4abf0c061563:c3480]
2019-07-09 15:04:37,360 INFO  client.GrpcClientProtocolClient (GrpcClientProtocolClient.java:onNext(255)) - client-A9DCF8B8BD5B->529edf8e-8eae-4246-b33f-5e44130d441c: receive RaftClientReply:client-A9DCF8B8BD5B->529edf8e-8eae-4246-b33f-5e44130d441c@group-A1CD1332DC7D, cid=2376, SUCCESS, logIndex=3484, commits[529edf8e-8eae-4246-b33f-5e44130d441c:c3484, 79bffca9-b028-4c53-a657-872ed973be73:c3480, 15654dff-55cd-4f70-96d8-4abf0c061563:c3480]
2019-07-09 15:04:37,372 INFO  client.GrpcClientProtocolClient (GrpcClientProtocolClient.java:onNext(255)) - client-A9DCF8B8BD5B->529edf8e-8eae-4246-b33f-5e44130d441c: receive RaftClientReply:client-A9DCF8B8BD5B->529edf8e-8eae-4246-b33f-5e44130d441c@group-A1CD1332DC7D, cid=2377, SUCCESS, logIndex=0, commits[529edf8e-8eae-4246-b33f-5e44130d441c:c3486, 79bffca9-b028-4c53-a657-872ed973be73:c3484, 15654dff-55cd-4f70-96d8-4abf0c061563:c3484]
2019-07-09 15:04:37,403 INFO  client.GrpcClientProtocolClient (GrpcClientProtocolClient.java:onNext(255)) - client-A9DCF8B8BD5B->529edf8e-8eae-4246-b33f-5e44130d441c: receive RaftClientReply:client-A9DCF8B8BD5B->529edf8e-8eae-4246-b33f-5e44130d441c@group-A1CD1332DC7D, cid=2378, SUCCESS, logIndex=3487, commits[529edf8e-8eae-4246-b33f-5e44130d441c:c3488, 79bffca9-b028-4c53-a657-872ed973be73:c3486, 15654dff-55cd-4f70-96d8-4abf0c061563:c3486]
2019-07-09 15:04:37,403 INFO  client.GrpcClientProtocolClient (GrpcClientProtocolClient.java:onNext(255)) - client-A9DCF8B8BD5B->529edf8e-8eae-4246-b33f-5e44130d441c: receive RaftClientReply:client-A9DCF8B8BD5B->529edf8e-8eae-4246-b33f-5e44130d441c@group-A1CD1332DC7D, cid=2379, SUCCESS, logIndex=3488, commits[529edf8e-8eae-4246-b33f-5e44130d441c:c3490, 79bffca9-b028-4c53-a657-872ed973be73:c3486, 15654dff-55cd-4f70-96d8-4abf0c061563:c3486]
2019-07-09 15:04:37,404 INFO  client.GrpcClientProtocolClient (GrpcClientProtocolClient.java:onNext(255)) - client-A9DCF8B8BD5B->529edf8e-8eae-4246-b33f-5e44130d441c: receive RaftClientReply:client-A9DCF8B8BD5B->529edf8e-8eae-4246-b33f-5e44130d441c@group-A1CD1332DC7D, cid=2380, SUCCESS, logIndex=3489, commits[529edf8e-8eae-4246-b33f-5e44130d441c:c3490, 79bffca9-b028-4c53-a657-872ed973be73:c3486, 15654dff-55cd-4f70-96d8-4abf0c061563:c3486]
2019-07-09 15:04:37,404 INFO  client.GrpcClientProtocolClient (GrpcClientProtocolClient.java:onNext(255)) - client-A9DCF8B8BD5B->529edf8e-8eae-4246-b33f-5e44130d441c: receive RaftClientReply:client-A9DCF8B8BD5B->529edf8e-8eae-4246-b33f-5e44130d441c@group-A1CD1332DC7D, cid=2381, SUCCESS, logIndex=3490, commits[529edf8e-8eae-4246-b33f-5e44130d441c:c3490, 79bffca9-b028-4c53-a657-872ed973be73:c3486, 15654dff-55cd-4f70-96d8-4abf0c061563:c3486]
2019-07-09 15:04:37,405 INFO  client.GrpcClientProtocolClient (GrpcClientProtocolClient.java:onNext(255)) - client-A9DCF8B8BD5B->529edf8e-8eae-4246-b33f-5e44130d441c: receive RaftClientReply:client-A9DCF8B8BD5B->529edf8e-8eae-4246-b33f-5e44130d441c@group-A1CD1332DC7D, cid=2382, SUCCESS, logIndex=0, commits[529edf8e-8eae-4246-b33f-5e44130d441c:c3491, 79bffca9-b028-4c53-a657-872ed973be73:c3488, 15654dff-55cd-4f70-96d8-4abf0c061563:c3488]
2019-07-09 15:04:37,425 INFO  client.GrpcClientProtocolClient (GrpcClientProtocolClient.java:onNext(255)) - client-A9DCF8B8BD5B->529edf8e-8eae-4246-b33f-5e44130d441c: receive RaftClientReply:client-A9DCF8B8BD5B->529edf8e-8eae-4246-b33f-5e44130d441c@group-A1CD1332DC7D, cid=2383, SUCCESS, logIndex=3494, commits[529edf8e-8eae-4246-b33f-5e44130d441c:c3495, 79bffca9-b028-4c53-a657-872ed973be73:c3493, 15654dff-55cd-4f70-96d8-4abf0c061563:c3493]
2019-07-09 15:04:37,425 INFO  client.GrpcClientProtocolClient (GrpcClientProtocolClient.java:onNext(255)) - client-A9DCF8B8BD5B->529edf8e-8eae-4246-b33f-5e44130d441c: receive RaftClientReply:client-A9DCF8B8BD5B->529edf8e-8eae-4246-b33f-5e44130d441c@group-A1CD1332DC7D, cid=2384, SUCCESS, logIndex=3495, commits[529edf8e-8eae-4246-b33f-5e44130d441c:c3495, 79bffca9-b028-4c53-a657-872ed973be73:c3493, 15654dff-55cd-4f70-96d8-4abf0c061563:c3493]
2019-07-09 15:04:37,438 INFO  client.GrpcClientProtocolClient (GrpcClientProtocolClient.java:onNext(255)) - client-A9DCF8B8BD5B->529edf8e-8eae-4246-b33f-5e44130d441c: receive RaftClientReply:client-A9DCF8B8BD5B->529edf8e-8eae-4246-b33f-5e44130d441c@group-A1CD1332DC7D, cid=2385, SUCCESS, logIndex=3498, commits[529edf8e-8eae-4246-b33f-5e44130d441c:c3499, 79bffca9-b028-4c53-a657-872ed973be73:c3495, 15654dff-55cd-4f70-96d8-4abf0c061563:c3495]
2019-07-09 15:04:37,438 INFO  client.GrpcClientProtocolClient (GrpcClientProtocolClient.java:onNext(255)) - client-A9DCF8B8BD5B->529edf8e-8eae-4246-b33f-5e44130d441c: receive RaftClientReply:client-A9DCF8B8BD5B->529edf8e-8eae-4246-b33f-5e44130d441c@group-A1CD1332DC7D, cid=2386, SUCCESS, logIndex=3499, commits[529edf8e-8eae-4246-b33f-5e44130d441c:c3499, 79bffca9-b028-4c53-a657-872ed973be73:c3495, 15654dff-55cd-4f70-96d8-4abf0c061563:c3495]
2019-07-09 15:04:37,450 INFO  client.GrpcClientProtocolClient (GrpcClientProtocolClient.java:onNext(255)) - client-A9DCF8B8BD5B->529edf8e-8eae-4246-b33f-5e44130d441c: receive RaftClientReply:client-A9DCF8B8BD5B->529edf8e-8eae-4246-b33f-5e44130d441c@group-A1CD1332DC7D, cid=2387, SUCCESS, logIndex=0, commits[529edf8e-8eae-4246-b33f-5e44130d441c:c3500, 79bffca9-b028-4c53-a657-872ed973be73:c3499, 15654dff-55cd-4f70-96d8-4abf0c061563:c3499]
2019-07-09 15:04:37,480 INFO  client.GrpcClientProtocolClient (GrpcClientProtocolClient.java:onNext(255)) - client-A9DCF8B8BD5B->529edf8e-8eae-4246-b33f-5e44130d441c: receive RaftClientReply:client-A9DCF8B8BD5B->529edf8e-8eae-4246-b33f-5e44130d441c@group-A1CD1332DC7D, cid=2388, SUCCESS, logIndex=3502, commits[529edf8e-8eae-4246-b33f-5e44130d441c:c3504, 79bffca9-b028-4c53-a657-872ed973be73:c3501, 15654dff-55cd-4f70-96d8-4abf0c061563:c3501]
2019-07-09 15:04:37,480 INFO  client.GrpcClientProtocolClient (GrpcClientProtocolClient.java:onNext(255)) - client-A9DCF8B8BD5B->529edf8e-8eae-4246-b33f-5e44130d441c: receive RaftClientReply:client-A9DCF8B8BD5B->529edf8e-8eae-4246-b33f-5e44130d441c@group-A1CD1332DC7D, cid=2389, SUCCESS, logIndex=3503, commits[529edf8e-8eae-4246-b33f-5e44130d441c:c3505, 79bffca9-b028-4c53-a657-872ed973be73:c3501, 15654dff-55cd-4f70-96d8-4abf0c061563:c3501]
2019-07-09 15:04:37,481 INFO  client.GrpcClientProtocolClient (GrpcClientProtocolClient.java:onNext(255)) - client-A9DCF8B8BD5B->529edf8e-8eae-4246-b33f-5e44130d441c: receive RaftClientReply:client-A9DCF8B8BD5B->529edf8e-8eae-4246-b33f-5e44130d441c@group-A1CD1332DC7D, cid=2390, SUCCESS, logIndex=3504, commits[529edf8e-8eae-4246-b33f-5e44130d441c:c3505, 79bffca9-b028-4c53-a657-872ed973be73:c3501, 15654dff-55cd-4f70-96d8-4abf0c061563:c3501]
2019-07-09 15:04:37,481 INFO  client.GrpcClientProtocolClient (GrpcClientProtocolClient.java:onNext(255)) - client-A9DCF8B8BD5B->529edf8e-8eae-4246-b33f-5e44130d441c: receive RaftClientReply:client-A9DCF8B8BD5B->529edf8e-8eae-4246-b33f-5e44130d441c@group-A1CD1332DC7D, cid=2391, SUCCESS, logIndex=3505, commits[529edf8e-8eae-4246-b33f-5e44130d441c:c3506, 79bffca9-b028-4c53-a657-872ed973be73:c3501, 15654dff-55cd-4f70-96d8-4abf0c061563:c3503]
2019-07-09 15:04:37,482 INFO  client.GrpcClientProtocolClient (GrpcClientProtocolClient.java:onNext(255)) - client-A9DCF8B8BD5B->529edf8e-8eae-4246-b33f-5e44130d441c: receive RaftClientReply:client-A9DCF8B8BD5B->529edf8e-8eae-4246-b33f-5e44130d441c@group-A1CD1332DC7D, cid=2392, SUCCESS, logIndex=0, commits[529edf8e-8eae-4246-b33f-5e44130d441c:c3507, 79bffca9-b028-4c53-a657-872ed973be73:c3504, 15654dff-55cd-4f70-96d8-4abf0c061563:c3503]
2019-07-09 15:04:37,501 INFO  client.GrpcClientProtocolClient (GrpcClientProtocolClient.java:onNext(255)) - client-A9DCF8B8BD5B->529edf8e-8eae-4246-b33f-5e44130d441c: receive RaftClientReply:client-A9DCF8B8BD5B->529edf8e-8eae-4246-b33f-5e44130d441c@group-A1CD1332DC7D, cid=2393, SUCCESS, logIndex=3510, commits[529edf8e-8eae-4246-b33f-5e44130d441c:c3511, 79bffca9-b028-4c53-a657-872ed973be73:c3509, 15654dff-55cd-4f70-96d8-4abf0c061563:c3509]
2019-07-09 15:04:37,501 INFO  client.GrpcClientProtocolClient (GrpcClientProtocolClient.java:onNext(255)) - client-A9DCF8B8BD5B->529edf8e-8eae-4246-b33f-5e44130d441c: receive RaftClientReply:client-A9DCF8B8BD5B->529edf8e-8eae-4246-b33f-5e44130d441c@group-A1CD1332DC7D, cid=2394, SUCCESS, logIndex=3511, commits[529edf8e-8eae-4246-b33f-5e44130d441c:c3511, 79bffca9-b028-4c53-a657-872ed973be73:c3509, 15654dff-55cd-4f70-96d8-4abf0c061563:c3509]
2019-07-09 15:04:37,539 INFO  client.GrpcClientProtocolClient (GrpcClientProtocolClient.java:onNext(255)) - client-A9DCF8B8BD5B->529edf8e-8eae-4246-b33f-5e44130d441c: receive RaftClientReply:client-A9DCF8B8BD5B->529edf8e-8eae-4246-b33f-5e44130d441c@group-A1CD1332DC7D, cid=2395, SUCCESS, logIndex=3514, commits[529edf8e-8eae-4246-b33f-5e44130d441c:c3515, 79bffca9-b028-4c53-a657-872ed973be73:c3511, 15654dff-55cd-4f70-96d8-4abf0c061563:c3511]
2019-07-09 15:04:37,540 INFO  client.GrpcClientProtocolClient (GrpcClientProtocolClient.java:onNext(255)) - client-A9DCF8B8BD5B->529edf8e-8eae-4246-b33f-5e44130d441c: receive RaftClientReply:client-A9DCF8B8BD5B->529edf8e-8eae-4246-b33f-5e44130d441c@group-A1CD1332DC7D, cid=2396, SUCCESS, logIndex=3515, commits[529edf8e-8eae-4246-b33f-5e44130d441c:c3515, 79bffca9-b028-4c53-a657-872ed973be73:c3511, 15654dff-55cd-4f70-96d8-4abf0c061563:c3511]
2019-07-09 15:04:37,551 INFO  client.GrpcClientProtocolClient (GrpcClientProtocolClient.java:onNext(255)) - client-A9DCF8B8BD5B->529edf8e-8eae-4246-b33f-5e44130d441c: receive RaftClientReply:client-A9DCF8B8BD5B->529edf8e-8eae-4246-b33f-5e44130d441c@group-A1CD1332DC7D, cid=2397, SUCCESS, logIndex=0, commits[529edf8e-8eae-4246-b33f-5e44130d441c:c3516, 79bffca9-b028-4c53-a657-872ed973be73:c3515, 15654dff-55cd-4f70-96d8-4abf0c061563:c3515]
2019-07-09 15:04:37,704 INFO  client.GrpcClientProtocolClient (GrpcClientProtocolClient.java:onNext(255)) - client-A9DCF8B8BD5B->529edf8e-8eae-4246-b33f-5e44130d441c: receive RaftClientReply:client-A9DCF8B8BD5B->529edf8e-8eae-4246-b33f-5e44130d441c@group-A1CD1332DC7D, cid=2398, SUCCESS, logIndex=3518, commits[529edf8e-8eae-4246-b33f-5e44130d441c:c3519, 79bffca9-b028-4c53-a657-872ed973be73:c3517, 15654dff-55cd-4f70-96d8-4abf0c061563:c3517]
2019-07-09 15:04:37,705 INFO  client.GrpcClientProtocolClient (GrpcClientProtocolClient.java:onNext(255)) - client-A9DCF8B8BD5B->529edf8e-8eae-4246-b33f-5e44130d441c: receive RaftClientReply:client-A9DCF8B8BD5B->529edf8e-8eae-4246-b33f-5e44130d441c@group-A1CD1332DC7D, cid=2399, SUCCESS, logIndex=3519, commits[529edf8e-8eae-4246-b33f-5e44130d441c:c3519, 79bffca9-b028-4c53-a657-872ed973be73:c3517, 15654dff-55cd-4f70-96d8-4abf0c061563:c3517]
2019-07-09 15:04:37,716 INFO  client.GrpcClientProtocolClient (GrpcClientProtocolClient.java:onNext(255)) - client-A9DCF8B8BD5B->529edf8e-8eae-4246-b33f-5e44130d441c: receive RaftClientReply:client-A9DCF8B8BD5B->529edf8e-8eae-4246-b33f-5e44130d441c@group-A1CD1332DC7D, cid=2400, SUCCESS, logIndex=3520, commits[529edf8e-8eae-4246-b33f-5e44130d441c:c3521, 79bffca9-b028-4c53-a657-872ed973be73:c3517, 15654dff-55cd-4f70-96d8-4abf0c061563:c3517]
2019-07-09 15:04:37,716 INFO  client.GrpcClientProtocolClient (GrpcClientProtocolClient.java:onNext(255)) - client-A9DCF8B8BD5B->529edf8e-8eae-4246-b33f-5e44130d441c: receive RaftClientReply:client-A9DCF8B8BD5B->529edf8e-8eae-4246-b33f-5e44130d441c@group-A1CD1332DC7D, cid=2401, SUCCESS, logIndex=3521, commits[529edf8e-8eae-4246-b33f-5e44130d441c:c3523, 79bffca9-b028-4c53-a657-872ed973be73:c3519, 15654dff-55cd-4f70-96d8-4abf0c061563:c3519]
2019-07-09 15:04:37,739 INFO  client.GrpcClientProtocolClient (GrpcClientProtocolClient.java:onNext(255)) - client-A9DCF8B8BD5B->529edf8e-8eae-4246-b33f-5e44130d441c: receive RaftClientReply:client-A9DCF8B8BD5B->529edf8e-8eae-4246-b33f-5e44130d441c@group-A1CD1332DC7D, cid=2402, SUCCESS, logIndex=3526, commits[529edf8e-8eae-4246-b33f-5e44130d441c:c3527, 79bffca9-b028-4c53-a657-872ed973be73:c3525, 15654dff-55cd-4f70-96d8-4abf0c061563:c3525]
2019-07-09 15:04:37,739 INFO  client.GrpcClientProtocolClient (GrpcClientProtocolClient.java:onNext(255)) - client-A9DCF8B8BD5B->529edf8e-8eae-4246-b33f-5e44130d441c: receive RaftClientReply:client-A9DCF8B8BD5B->529edf8e-8eae-4246-b33f-5e44130d441c@group-A1CD1332DC7D, cid=2403, SUCCESS, logIndex=3527, commits[529edf8e-8eae-4246-b33f-5e44130d441c:c3527, 79bffca9-b028-4c53-a657-872ed973be73:c3525, 15654dff-55cd-4f70-96d8-4abf0c061563:c3525]
2019-07-09 15:04:37,776 INFO  client.GrpcClientProtocolClient (GrpcClientProtocolClient.java:onNext(255)) - client-A9DCF8B8BD5B->529edf8e-8eae-4246-b33f-5e44130d441c: receive RaftClientReply:client-A9DCF8B8BD5B->529edf8e-8eae-4246-b33f-5e44130d441c@group-A1CD1332DC7D, cid=2404, SUCCESS, logIndex=3530, commits[529edf8e-8eae-4246-b33f-5e44130d441c:c3531, 79bffca9-b028-4c53-a657-872ed973be73:c3527, 15654dff-55cd-4f70-96d8-4abf0c061563:c3527]
2019-07-09 15:04:37,776 INFO  client.GrpcClientProtocolClient (GrpcClientProtocolClient.java:onNext(255)) - client-A9DCF8B8BD5B->529edf8e-8eae-4246-b33f-5e44130d441c: receive RaftClientReply:client-A9DCF8B8BD5B->529edf8e-8eae-4246-b33f-5e44130d441c@group-A1CD1332DC7D, cid=2405, SUCCESS, logIndex=3531, commits[529edf8e-8eae-4246-b33f-5e44130d441c:c3531, 79bffca9-b028-4c53-a657-872ed973be73:c3527, 15654dff-55cd-4f70-96d8-4abf0c061563:c3527]
2019-07-09 15:04:37,787 INFO  client.GrpcClientProtocolClient (GrpcClientProtocolClient.java:onNext(255)) - client-A9DCF8B8BD5B->529edf8e-8eae-4246-b33f-5e44130d441c: receive RaftClientReply:client-A9DCF8B8BD5B->529edf8e-8eae-4246-b33f-5e44130d441c@group-A1CD1332DC7D, cid=2406, SUCCESS, logIndex=0, commits[529edf8e-8eae-4246-b33f-5e44130d441c:c3532, 79bffca9-b028-4c53-a657-872ed973be73:c3531, 15654dff-55cd-4f70-96d8-4abf0c061563:c3531]
2019-07-09 15:04:37,817 INFO  client.GrpcClientProtocolClient (GrpcClientProtocolClient.java:onNext(255)) - client-A9DCF8B8BD5B->529edf8e-8eae-4246-b33f-5e44130d441c: receive RaftClientReply:client-A9DCF8B8BD5B->529edf8e-8eae-4246-b33f-5e44130d441c@group-A1CD1332DC7D, cid=2407, SUCCESS, logIndex=3534, commits[529edf8e-8eae-4246-b33f-5e44130d441c:c3535, 79bffca9-b028-4c53-a657-872ed973be73:c3533, 15654dff-55cd-4f70-96d8-4abf0c061563:c3533]
2019-07-09 15:04:37,818 INFO  client.GrpcClientProtocolClient (GrpcClientProtocolClient.java:onNext(255)) - client-A9DCF8B8BD5B->529edf8e-8eae-4246-b33f-5e44130d441c: receive RaftClientReply:client-A9DCF8B8BD5B->529edf8e-8eae-4246-b33f-5e44130d441c@group-A1CD1332DC7D, cid=2408, SUCCESS, logIndex=3535, commits[529edf8e-8eae-4246-b33f-5e44130d441c:c3537, 79bffca9-b028-4c53-a657-872ed973be73:c3533, 15654dff-55cd-4f70-96d8-4abf0c061563:c3533]
2019-07-09 15:04:37,818 INFO  client.GrpcClientProtocolClient (GrpcClientProtocolClient.java:onNext(255)) - client-A9DCF8B8BD5B->529edf8e-8eae-4246-b33f-5e44130d441c: receive RaftClientReply:client-A9DCF8B8BD5B->529edf8e-8eae-4246-b33f-5e44130d441c@group-A1CD1332DC7D, cid=2409, SUCCESS, logIndex=3536, commits[529edf8e-8eae-4246-b33f-5e44130d441c:c3538, 79bffca9-b028-4c53-a657-872ed973be73:c3533, 15654dff-55cd-4f70-96d8-4abf0c061563:c3534]
2019-07-09 15:04:37,820 INFO  client.GrpcClientProtocolClient (GrpcClientProtocolClient.java:onNext(255)) - client-A9DCF8B8BD5B->529edf8e-8eae-4246-b33f-5e44130d441c: receive RaftClientReply:client-A9DCF8B8BD5B->529edf8e-8eae-4246-b33f-5e44130d441c@group-A1CD1332DC7D, cid=2410, SUCCESS, logIndex=3537, commits[529edf8e-8eae-4246-b33f-5e44130d441c:c3538, 79bffca9-b028-4c53-a657-872ed973be73:c3533, 15654dff-55cd-4f70-96d8-4abf0c061563:c3534]
2019-07-09 15:04:37,821 INFO  client.GrpcClientProtocolClient (GrpcClientProtocolClient.java:onNext(255)) - client-A9DCF8B8BD5B->529edf8e-8eae-4246-b33f-5e44130d441c: receive RaftClientReply:client-A9DCF8B8BD5B->529edf8e-8eae-4246-b33f-5e44130d441c@group-A1CD1332DC7D, cid=2411, SUCCESS, logIndex=0, commits[529edf8e-8eae-4246-b33f-5e44130d441c:c3541, 79bffca9-b028-4c53-a657-872ed973be73:c3537, 15654dff-55cd-4f70-96d8-4abf0c061563:c3537]
2019-07-09 15:04:37,841 INFO  client.GrpcClientProtocolClient (GrpcClientProtocolClient.java:onNext(255)) - client-A9DCF8B8BD5B->529edf8e-8eae-4246-b33f-5e44130d441c: receive RaftClientReply:client-A9DCF8B8BD5B->529edf8e-8eae-4246-b33f-5e44130d441c@group-A1CD1332DC7D, cid=2412, SUCCESS, logIndex=3542, commits[529edf8e-8eae-4246-b33f-5e44130d441c:c3543, 79bffca9-b028-4c53-a657-872ed973be73:c3541, 15654dff-55cd-4f70-96d8-4abf0c061563:c3541]
2019-07-09 15:04:37,842 INFO  client.GrpcClientProtocolClient (GrpcClientProtocolClient.java:onNext(255)) - client-A9DCF8B8BD5B->529edf8e-8eae-4246-b33f-5e44130d441c: receive RaftClientReply:client-A9DCF8B8BD5B->529edf8e-8eae-4246-b33f-5e44130d441c@group-A1CD1332DC7D, cid=2413, SUCCESS, logIndex=3543, commits[529edf8e-8eae-4246-b33f-5e44130d441c:c3543, 79bffca9-b028-4c53-a657-872ed973be73:c3541, 15654dff-55cd-4f70-96d8-4abf0c061563:c3541]
2019-07-09 15:04:37,855 INFO  client.GrpcClientProtocolClient (GrpcClientProtocolClient.java:onNext(255)) - client-A9DCF8B8BD5B->529edf8e-8eae-4246-b33f-5e44130d441c: receive RaftClientReply:client-A9DCF8B8BD5B->529edf8e-8eae-4246-b33f-5e44130d441c@group-A1CD1332DC7D, cid=2414, SUCCESS, logIndex=3546, commits[529edf8e-8eae-4246-b33f-5e44130d441c:c3547, 79bffca9-b028-4c53-a657-872ed973be73:c3543, 15654dff-55cd-4f70-96d8-4abf0c061563:c3543]
2019-07-09 15:04:37,856 INFO  client.GrpcClientProtocolClient (GrpcClientProtocolClient.java:onNext(255)) - client-A9DCF8B8BD5B->529edf8e-8eae-4246-b33f-5e44130d441c: receive RaftClientReply:client-A9DCF8B8BD5B->529edf8e-8eae-4246-b33f-5e44130d441c@group-A1CD1332DC7D, cid=2415, SUCCESS, logIndex=3547, commits[529edf8e-8eae-4246-b33f-5e44130d441c:c3547, 79bffca9-b028-4c53-a657-872ed973be73:c3543, 15654dff-55cd-4f70-96d8-4abf0c061563:c3543]
2019-07-09 15:04:37,858 INFO  client.GrpcClientProtocolClient (GrpcClientProtocolClient.java:onNext(255)) - client-A9DCF8B8BD5B->529edf8e-8eae-4246-b33f-5e44130d441c: receive RaftClientReply:client-A9DCF8B8BD5B->529edf8e-8eae-4246-b33f-5e44130d441c@group-A1CD1332DC7D, cid=2416, SUCCESS, logIndex=0, commits[529edf8e-8eae-4246-b33f-5e44130d441c:c3549, 79bffca9-b028-4c53-a657-872ed973be73:c3547, 15654dff-55cd-4f70-96d8-4abf0c061563:c3547]
2019-07-09 15:04:37,888 INFO  client.GrpcClientProtocolClient (GrpcClientProtocolClient.java:onNext(255)) - client-A9DCF8B8BD5B->529edf8e-8eae-4246-b33f-5e44130d441c: receive RaftClientReply:client-A9DCF8B8BD5B->529edf8e-8eae-4246-b33f-5e44130d441c@group-A1CD1332DC7D, cid=2417, SUCCESS, logIndex=3550, commits[529edf8e-8eae-4246-b33f-5e44130d441c:c3551, 79bffca9-b028-4c53-a657-872ed973be73:c3549, 15654dff-55cd-4f70-96d8-4abf0c061563:c3549]
2019-07-09 15:04:37,888 INFO  client.GrpcClientProtocolClient (GrpcClientProtocolClient.java:onNext(255)) - client-A9DCF8B8BD5B->529edf8e-8eae-4246-b33f-5e44130d441c: receive RaftClientReply:client-A9DCF8B8BD5B->529edf8e-8eae-4246-b33f-5e44130d441c@group-A1CD1332DC7D, cid=2418, SUCCESS, logIndex=3551, commits[529edf8e-8eae-4246-b33f-5e44130d441c:c3551, 79bffca9-b028-4c53-a657-872ed973be73:c3549, 15654dff-55cd-4f70-96d8-4abf0c061563:c3549]
2019-07-09 15:04:37,889 INFO  client.GrpcClientProtocolClient (GrpcClientProtocolClient.java:onNext(255)) - client-A9DCF8B8BD5B->529edf8e-8eae-4246-b33f-5e44130d441c: receive RaftClientReply:client-A9DCF8B8BD5B->529edf8e-8eae-4246-b33f-5e44130d441c@group-A1CD1332DC7D, cid=2419, SUCCESS, logIndex=3552, commits[529edf8e-8eae-4246-b33f-5e44130d441c:c3553, 79bffca9-b028-4c53-a657-872ed973be73:c3549, 15654dff-55cd-4f70-96d8-4abf0c061563:c3549]
2019-07-09 15:04:37,889 INFO  client.GrpcClientProtocolClient (GrpcClientProtocolClient.java:onNext(255)) - client-A9DCF8B8BD5B->529edf8e-8eae-4246-b33f-5e44130d441c: receive RaftClientReply:client-A9DCF8B8BD5B->529edf8e-8eae-4246-b33f-5e44130d441c@group-A1CD1332DC7D, cid=2420, SUCCESS, logIndex=3553, commits[529edf8e-8eae-4246-b33f-5e44130d441c:c3553, 79bffca9-b028-4c53-a657-872ed973be73:c3549, 15654dff-55cd-4f70-96d8-4abf0c061563:c3549]
2019-07-09 15:04:37,892 INFO  client.GrpcClientProtocolClient (GrpcClientProtocolClient.java:onNext(255)) - client-A9DCF8B8BD5B->529edf8e-8eae-4246-b33f-5e44130d441c: receive RaftClientReply:client-A9DCF8B8BD5B->529edf8e-8eae-4246-b33f-5e44130d441c@group-A1CD1332DC7D, cid=2421, SUCCESS, logIndex=0, commits[529edf8e-8eae-4246-b33f-5e44130d441c:c3555, 79bffca9-b028-4c53-a657-872ed973be73:c3551, 15654dff-55cd-4f70-96d8-4abf0c061563:c3551]
2019-07-09 15:04:37,912 INFO  client.GrpcClientProtocolClient (GrpcClientProtocolClient.java:onNext(255)) - client-A9DCF8B8BD5B->529edf8e-8eae-4246-b33f-5e44130d441c: receive RaftClientReply:client-A9DCF8B8BD5B->529edf8e-8eae-4246-b33f-5e44130d441c@group-A1CD1332DC7D, cid=2422, SUCCESS, logIndex=3558, commits[529edf8e-8eae-4246-b33f-5e44130d441c:c3559, 79bffca9-b028-4c53-a657-872ed973be73:c3557, 15654dff-55cd-4f70-96d8-4abf0c061563:c3557]
2019-07-09 15:04:37,912 INFO  client.GrpcClientProtocolClient (GrpcClientProtocolClient.java:onNext(255)) - client-A9DCF8B8BD5B->529edf8e-8eae-4246-b33f-5e44130d441c: receive RaftClientReply:client-A9DCF8B8BD5B->529edf8e-8eae-4246-b33f-5e44130d441c@group-A1CD1332DC7D, cid=2423, SUCCESS, logIndex=3559, commits[529edf8e-8eae-4246-b33f-5e44130d441c:c3559, 79bffca9-b028-4c53-a657-872ed973be73:c3557, 15654dff-55cd-4f70-96d8-4abf0c061563:c3557]
2019-07-09 15:04:37,925 INFO  client.GrpcClientProtocolClient (GrpcClientProtocolClient.java:onNext(255)) - client-A9DCF8B8BD5B->529edf8e-8eae-4246-b33f-5e44130d441c: receive RaftClientReply:client-A9DCF8B8BD5B->529edf8e-8eae-4246-b33f-5e44130d441c@group-A1CD1332DC7D, cid=2424, SUCCESS, logIndex=3562, commits[529edf8e-8eae-4246-b33f-5e44130d441c:c3562, 79bffca9-b028-4c53-a657-872ed973be73:c3559, 15654dff-55cd-4f70-96d8-4abf0c061563:c3559]
2019-07-09 15:04:37,925 INFO  client.GrpcClientProtocolClient (GrpcClientProtocolClient.java:onNext(255)) - client-A9DCF8B8BD5B->529edf8e-8eae-4246-b33f-5e44130d441c: receive RaftClientReply:client-A9DCF8B8BD5B->529edf8e-8eae-4246-b33f-5e44130d441c@group-A1CD1332DC7D, cid=2425, SUCCESS, logIndex=3563, commits[529edf8e-8eae-4246-b33f-5e44130d441c:c3563, 79bffca9-b028-4c53-a657-872ed973be73:c3559, 15654dff-55cd-4f70-96d8-4abf0c061563:c3559]
2019-07-09 15:04:37,938 INFO  client.GrpcClientProtocolClient (GrpcClientProtocolClient.java:onNext(255)) - client-A9DCF8B8BD5B->529edf8e-8eae-4246-b33f-5e44130d441c: receive RaftClientReply:client-A9DCF8B8BD5B->529edf8e-8eae-4246-b33f-5e44130d441c@group-A1CD1332DC7D, cid=2426, SUCCESS, logIndex=0, commits[529edf8e-8eae-4246-b33f-5e44130d441c:c3565, 79bffca9-b028-4c53-a657-872ed973be73:c3563, 15654dff-55cd-4f70-96d8-4abf0c061563:c3563]
2019-07-09 15:04:37,964 INFO  client.GrpcClientProtocolClient (GrpcClientProtocolClient.java:onNext(255)) - client-A9DCF8B8BD5B->529edf8e-8eae-4246-b33f-5e44130d441c: receive RaftClientReply:client-A9DCF8B8BD5B->529edf8e-8eae-4246-b33f-5e44130d441c@group-A1CD1332DC7D, cid=2427, SUCCESS, logIndex=3566, commits[529edf8e-8eae-4246-b33f-5e44130d441c:c3567, 79bffca9-b028-4c53-a657-872ed973be73:c3565, 15654dff-55cd-4f70-96d8-4abf0c061563:c3565]
2019-07-09 15:04:37,964 INFO  client.GrpcClientProtocolClient (GrpcClientProtocolClient.java:onNext(255)) - client-A9DCF8B8BD5B->529edf8e-8eae-4246-b33f-5e44130d441c: receive RaftClientReply:client-A9DCF8B8BD5B->529edf8e-8eae-4246-b33f-5e44130d441c@group-A1CD1332DC7D, cid=2428, SUCCESS, logIndex=3567, commits[529edf8e-8eae-4246-b33f-5e44130d441c:c3567, 79bffca9-b028-4c53-a657-872ed973be73:c3565, 15654dff-55cd-4f70-96d8-4abf0c061563:c3565]
2019-07-09 15:04:37,975 INFO  client.GrpcClientProtocolClient (GrpcClientProtocolClient.java:onNext(255)) - client-A9DCF8B8BD5B->529edf8e-8eae-4246-b33f-5e44130d441c: receive RaftClientReply:client-A9DCF8B8BD5B->529edf8e-8eae-4246-b33f-5e44130d441c@group-A1CD1332DC7D, cid=2429, SUCCESS, logIndex=3568, commits[529edf8e-8eae-4246-b33f-5e44130d441c:c3569, 79bffca9-b028-4c53-a657-872ed973be73:c3565, 15654dff-55cd-4f70-96d8-4abf0c061563:c3565]
2019-07-09 15:04:37,975 INFO  client.GrpcClientProtocolClient (GrpcClientProtocolClient.java:onNext(255)) - client-A9DCF8B8BD5B->529edf8e-8eae-4246-b33f-5e44130d441c: receive RaftClientReply:client-A9DCF8B8BD5B->529edf8e-8eae-4246-b33f-5e44130d441c@group-A1CD1332DC7D, cid=2430, SUCCESS, logIndex=3569, commits[529edf8e-8eae-4246-b33f-5e44130d441c:c3569, 79bffca9-b028-4c53-a657-872ed973be73:c3565, 15654dff-55cd-4f70-96d8-4abf0c061563:c3565]
2019-07-09 15:04:37,978 INFO  client.GrpcClientProtocolClient (GrpcClientProtocolClient.java:onNext(255)) - client-A9DCF8B8BD5B->529edf8e-8eae-4246-b33f-5e44130d441c: receive RaftClientReply:client-A9DCF8B8BD5B->529edf8e-8eae-4246-b33f-5e44130d441c@group-A1CD1332DC7D, cid=2431, SUCCESS, logIndex=0, commits[529edf8e-8eae-4246-b33f-5e44130d441c:c3573, 79bffca9-b028-4c53-a657-872ed973be73:c3567, 15654dff-55cd-4f70-96d8-4abf0c061563:c3569]
2019-07-09 15:04:37,996 INFO  client.GrpcClientProtocolClient (GrpcClientProtocolClient.java:onNext(255)) - client-A9DCF8B8BD5B->529edf8e-8eae-4246-b33f-5e44130d441c: receive RaftClientReply:client-A9DCF8B8BD5B->529edf8e-8eae-4246-b33f-5e44130d441c@group-A1CD1332DC7D, cid=2432, SUCCESS, logIndex=3574, commits[529edf8e-8eae-4246-b33f-5e44130d441c:c3575, 79bffca9-b028-4c53-a657-872ed973be73:c3573, 15654dff-55cd-4f70-96d8-4abf0c061563:c3573]
2019-07-09 15:04:37,996 INFO  client.GrpcClientProtocolClient (GrpcClientProtocolClient.java:onNext(255)) - client-A9DCF8B8BD5B->529edf8e-8eae-4246-b33f-5e44130d441c: receive RaftClientReply:client-A9DCF8B8BD5B->529edf8e-8eae-4246-b33f-5e44130d441c@group-A1CD1332DC7D, cid=2433, SUCCESS, logIndex=3575, commits[529edf8e-8eae-4246-b33f-5e44130d441c:c3575, 79bffca9-b028-4c53-a657-872ed973be73:c3573, 15654dff-55cd-4f70-96d8-4abf0c061563:c3573]
2019-07-09 15:04:38,009 INFO  client.GrpcClientProtocolClient (GrpcClientProtocolClient.java:onNext(255)) - client-A9DCF8B8BD5B->529edf8e-8eae-4246-b33f-5e44130d441c: receive RaftClientReply:client-A9DCF8B8BD5B->529edf8e-8eae-4246-b33f-5e44130d441c@group-A1CD1332DC7D, cid=2434, SUCCESS, logIndex=3578, commits[529edf8e-8eae-4246-b33f-5e44130d441c:c3579, 79bffca9-b028-4c53-a657-872ed973be73:c3575, 15654dff-55cd-4f70-96d8-4abf0c061563:c3575]
2019-07-09 15:04:38,010 INFO  client.GrpcClientProtocolClient (GrpcClientProtocolClient.java:onNext(255)) - client-A9DCF8B8BD5B->529edf8e-8eae-4246-b33f-5e44130d441c: receive RaftClientReply:client-A9DCF8B8BD5B->529edf8e-8eae-4246-b33f-5e44130d441c@group-A1CD1332DC7D, cid=2435, SUCCESS, logIndex=3579, commits[529edf8e-8eae-4246-b33f-5e44130d441c:c3579, 79bffca9-b028-4c53-a657-872ed973be73:c3575, 15654dff-55cd-4f70-96d8-4abf0c061563:c3575]
2019-07-09 15:04:38,030 INFO  client.GrpcClientProtocolClient (GrpcClientProtocolClient.java:onNext(255)) - client-A9DCF8B8BD5B->529edf8e-8eae-4246-b33f-5e44130d441c: receive RaftClientReply:client-A9DCF8B8BD5B->529edf8e-8eae-4246-b33f-5e44130d441c@group-A1CD1332DC7D, cid=2436, SUCCESS, logIndex=0, commits[529edf8e-8eae-4246-b33f-5e44130d441c:c3580, 79bffca9-b028-4c53-a657-872ed973be73:c3579, 15654dff-55cd-4f70-96d8-4abf0c061563:c3579]
 0.00% |█                                                                                                    |  0/1 Time: 0:00:202019-07-09 15:04:38,055 INFO  client.GrpcClientProtocolClient (GrpcClientProtocolClient.java:onNext(255)) - client-A9DCF8B8BD5B->529edf8e-8eae-4246-b33f-5e44130d441c: receive RaftClientReply:client-A9DCF8B8BD5B->529edf8e-8eae-4246-b33f-5e44130d441c@group-A1CD1332DC7D, cid=2437, SUCCESS, logIndex=3582, commits[529edf8e-8eae-4246-b33f-5e44130d441c:c3585, 79bffca9-b028-4c53-a657-872ed973be73:c3581, 15654dff-55cd-4f70-96d8-4abf0c061563:c3581]
2019-07-09 15:04:38,055 INFO  client.GrpcClientProtocolClient (GrpcClientProtocolClient.java:onNext(255)) - client-A9DCF8B8BD5B->529edf8e-8eae-4246-b33f-5e44130d441c: receive RaftClientReply:client-A9DCF8B8BD5B->529edf8e-8eae-4246-b33f-5e44130d441c@group-A1CD1332DC7D, cid=2438, SUCCESS, logIndex=3583, commits[529edf8e-8eae-4246-b33f-5e44130d441c:c3585, 79bffca9-b028-4c53-a657-872ed973be73:c3581, 15654dff-55cd-4f70-96d8-4abf0c061563:c3581]
2019-07-09 15:04:38,055 INFO  client.GrpcClientProtocolClient (GrpcClientProtocolClient.java:onNext(255)) - client-A9DCF8B8BD5B->529edf8e-8eae-4246-b33f-5e44130d441c: receive RaftClientReply:client-A9DCF8B8BD5B->529edf8e-8eae-4246-b33f-5e44130d441c@group-A1CD1332DC7D, cid=2439, SUCCESS, logIndex=3584, commits[529edf8e-8eae-4246-b33f-5e44130d441c:c3585, 79bffca9-b028-4c53-a657-872ed973be73:c3581, 15654dff-55cd-4f70-96d8-4abf0c061563:c3581]
2019-07-09 15:04:38,056 INFO  client.GrpcClientProtocolClient (GrpcClientProtocolClient.java:onNext(255)) - client-A9DCF8B8BD5B->529edf8e-8eae-4246-b33f-5e44130d441c: receive RaftClientReply:client-A9DCF8B8BD5B->529edf8e-8eae-4246-b33f-5e44130d441c@group-A1CD1332DC7D, cid=2440, SUCCESS, logIndex=3585, commits[529edf8e-8eae-4246-b33f-5e44130d441c:c3585, 79bffca9-b028-4c53-a657-872ed973be73:c3581, 15654dff-55cd-4f70-96d8-4abf0c061563:c3581]
2019-07-09 15:04:38,057 INFO  client.GrpcClientProtocolClient (GrpcClientProtocolClient.java:onNext(255)) - client-A9DCF8B8BD5B->529edf8e-8eae-4246-b33f-5e44130d441c: receive RaftClientReply:client-A9DCF8B8BD5B->529edf8e-8eae-4246-b33f-5e44130d441c@group-A1CD1332DC7D, cid=2441, SUCCESS, logIndex=0, commits[529edf8e-8eae-4246-b33f-5e44130d441c:c3586, 79bffca9-b028-4c53-a657-872ed973be73:c3583, 15654dff-55cd-4f70-96d8-4abf0c061563:c3583]
2019-07-09 15:04:38,075 INFO  client.GrpcClientProtocolClient (GrpcClientProtocolClient.java:onNext(255)) - client-A9DCF8B8BD5B->529edf8e-8eae-4246-b33f-5e44130d441c: receive RaftClientReply:client-A9DCF8B8BD5B->529edf8e-8eae-4246-b33f-5e44130d441c@group-A1CD1332DC7D, cid=2442, SUCCESS, logIndex=3590, commits[529edf8e-8eae-4246-b33f-5e44130d441c:c3591, 79bffca9-b028-4c53-a657-872ed973be73:c3589, 15654dff-55cd-4f70-96d8-4abf0c061563:c3589]
2019-07-09 15:04:38,075 INFO  client.GrpcClientProtocolClient (GrpcClientProtocolClient.java:onNext(255)) - client-A9DCF8B8BD5B->529edf8e-8eae-4246-b33f-5e44130d441c: receive RaftClientReply:client-A9DCF8B8BD5B->529edf8e-8eae-4246-b33f-5e44130d441c@group-A1CD1332DC7D, cid=2443, SUCCESS, logIndex=3591, commits[529edf8e-8eae-4246-b33f-5e44130d441c:c3591, 79bffca9-b028-4c53-a657-872ed973be73:c3589, 15654dff-55cd-4f70-96d8-4abf0c061563:c3589]
2019-07-09 15:04:38,088 INFO  client.GrpcClientProtocolClient (GrpcClientProtocolClient.java:onNext(255)) - client-A9DCF8B8BD5B->529edf8e-8eae-4246-b33f-5e44130d441c: receive RaftClientReply:client-A9DCF8B8BD5B->529edf8e-8eae-4246-b33f-5e44130d441c@group-A1CD1332DC7D, cid=2444, SUCCESS, logIndex=3594, commits[529edf8e-8eae-4246-b33f-5e44130d441c:c3595, 79bffca9-b028-4c53-a657-872ed973be73:c3591, 15654dff-55cd-4f70-96d8-4abf0c061563:c3591]
2019-07-09 15:04:38,088 INFO  client.GrpcClientProtocolClient (GrpcClientProtocolClient.java:onNext(255)) - client-A9DCF8B8BD5B->529edf8e-8eae-4246-b33f-5e44130d441c: receive RaftClientReply:client-A9DCF8B8BD5B->529edf8e-8eae-4246-b33f-5e44130d441c@group-A1CD1332DC7D, cid=2445, SUCCESS, logIndex=3595, commits[529edf8e-8eae-4246-b33f-5e44130d441c:c3595, 79bffca9-b028-4c53-a657-872ed973be73:c3591, 15654dff-55cd-4f70-96d8-4abf0c061563:c3591]
2019-07-09 15:04:38,101 INFO  client.GrpcClientProtocolClient (GrpcClientProtocolClient.java:onNext(255)) - client-A9DCF8B8BD5B->529edf8e-8eae-4246-b33f-5e44130d441c: receive RaftClientReply:client-A9DCF8B8BD5B->529edf8e-8eae-4246-b33f-5e44130d441c@group-A1CD1332DC7D, cid=2446, SUCCESS, logIndex=0, commits[529edf8e-8eae-4246-b33f-5e44130d441c:c3597, 79bffca9-b028-4c53-a657-872ed973be73:c3595, 15654dff-55cd-4f70-96d8-4abf0c061563:c3595]
2019-07-09 15:04:38,142 INFO  client.GrpcClientProtocolClient (GrpcClientProtocolClient.java:onNext(255)) - client-A9DCF8B8BD5B->529edf8e-8eae-4246-b33f-5e44130d441c: receive RaftClientReply:client-A9DCF8B8BD5B->529edf8e-8eae-4246-b33f-5e44130d441c@group-A1CD1332DC7D, cid=2447, SUCCESS, logIndex=3598, commits[529edf8e-8eae-4246-b33f-5e44130d441c:c3600, 79bffca9-b028-4c53-a657-872ed973be73:c3597, 15654dff-55cd-4f70-96d8-4abf0c061563:c3597]
2019-07-09 15:04:38,143 INFO  client.GrpcClientProtocolClient (GrpcClientProtocolClient.java:onNext(255)) - client-A9DCF8B8BD5B->529edf8e-8eae-4246-b33f-5e44130d441c: receive RaftClientReply:client-A9DCF8B8BD5B->529edf8e-8eae-4246-b33f-5e44130d441c@group-A1CD1332DC7D, cid=2448, SUCCESS, logIndex=3599, commits[529edf8e-8eae-4246-b33f-5e44130d441c:c3600, 79bffca9-b028-4c53-a657-872ed973be73:c3597, 15654dff-55cd-4f70-96d8-4abf0c061563:c3597]
2019-07-09 15:04:38,143 INFO  client.GrpcClientProtocolClient (GrpcClientProtocolClient.java:onNext(255)) - client-A9DCF8B8BD5B->529edf8e-8eae-4246-b33f-5e44130d441c: receive RaftClientReply:client-A9DCF8B8BD5B->529edf8e-8eae-4246-b33f-5e44130d441c@group-A1CD1332DC7D, cid=2449, SUCCESS, logIndex=3600, commits[529edf8e-8eae-4246-b33f-5e44130d441c:c3601, 79bffca9-b028-4c53-a657-872ed973be73:c3597, 15654dff-55cd-4f70-96d8-4abf0c061563:c3597]
2019-07-09 15:04:38,144 INFO  client.GrpcClientProtocolClient (GrpcClientProtocolClient.java:onNext(255)) - client-A9DCF8B8BD5B->529edf8e-8eae-4246-b33f-5e44130d441c: receive RaftClientReply:client-A9DCF8B8BD5B->529edf8e-8eae-4246-b33f-5e44130d441c@group-A1CD1332DC7D, cid=2450, SUCCESS, logIndex=3601, commits[529edf8e-8eae-4246-b33f-5e44130d441c:c3601, 79bffca9-b028-4c53-a657-872ed973be73:c3597, 15654dff-55cd-4f70-96d8-4abf0c061563:c3597]
2019-07-09 15:04:38,145 INFO  client.GrpcClientProtocolClient (GrpcClientProtocolClient.java:onNext(255)) - client-A9DCF8B8BD5B->529edf8e-8eae-4246-b33f-5e44130d441c: receive RaftClientReply:client-A9DCF8B8BD5B->529edf8e-8eae-4246-b33f-5e44130d441c@group-A1CD1332DC7D, cid=2451, SUCCESS, logIndex=0, commits[529edf8e-8eae-4246-b33f-5e44130d441c:c3604, 79bffca9-b028-4c53-a657-872ed973be73:c3599, 15654dff-55cd-4f70-96d8-4abf0c061563:c3600]
2019-07-09 15:04:38,165 INFO  client.GrpcClientProtocolClient (GrpcClientProtocolClient.java:onNext(255)) - client-A9DCF8B8BD5B->529edf8e-8eae-4246-b33f-5e44130d441c: receive RaftClientReply:client-A9DCF8B8BD5B->529edf8e-8eae-4246-b33f-5e44130d441c@group-A1CD1332DC7D, cid=2452, SUCCESS, logIndex=3606, commits[529edf8e-8eae-4246-b33f-5e44130d441c:c3607, 79bffca9-b028-4c53-a657-872ed973be73:c3605, 15654dff-55cd-4f70-96d8-4abf0c061563:c3605]
2019-07-09 15:04:38,165 INFO  client.GrpcClientProtocolClient (GrpcClientProtocolClient.java:onNext(255)) - client-A9DCF8B8BD5B->529edf8e-8eae-4246-b33f-5e44130d441c: receive RaftClientReply:client-A9DCF8B8BD5B->529edf8e-8eae-4246-b33f-5e44130d441c@group-A1CD1332DC7D, cid=2453, SUCCESS, logIndex=3607, commits[529edf8e-8eae-4246-b33f-5e44130d441c:c3607, 79bffca9-b028-4c53-a657-872ed973be73:c3605, 15654dff-55cd-4f70-96d8-4abf0c061563:c3605]
2019-07-09 15:04:38,178 INFO  client.GrpcClientProtocolClient (GrpcClientProtocolClient.java:onNext(255)) - client-A9DCF8B8BD5B->529edf8e-8eae-4246-b33f-5e44130d441c: receive RaftClientReply:client-A9DCF8B8BD5B->529edf8e-8eae-4246-b33f-5e44130d441c@group-A1CD1332DC7D, cid=2454, SUCCESS, logIndex=3610, commits[529edf8e-8eae-4246-b33f-5e44130d441c:c3610, 79bffca9-b028-4c53-a657-872ed973be73:c3607, 15654dff-55cd-4f70-96d8-4abf0c061563:c3607]
2019-07-09 15:04:38,178 INFO  client.GrpcClientProtocolClient (GrpcClientProtocolClient.java:onNext(255)) - client-A9DCF8B8BD5B->529edf8e-8eae-4246-b33f-5e44130d441c: receive RaftClientReply:client-A9DCF8B8BD5B->529edf8e-8eae-4246-b33f-5e44130d441c@group-A1CD1332DC7D, cid=2455, SUCCESS, logIndex=3611, commits[529edf8e-8eae-4246-b33f-5e44130d441c:c3611, 79bffca9-b028-4c53-a657-872ed973be73:c3607, 15654dff-55cd-4f70-96d8-4abf0c061563:c3607]
2019-07-09 15:04:38,193 INFO  client.GrpcClientProtocolClient (GrpcClientProtocolClient.java:onNext(255)) - client-A9DCF8B8BD5B->529edf8e-8eae-4246-b33f-5e44130d441c: receive RaftClientReply:client-A9DCF8B8BD5B->529edf8e-8eae-4246-b33f-5e44130d441c@group-A1CD1332DC7D, cid=2456, SUCCESS, logIndex=0, commits[529edf8e-8eae-4246-b33f-5e44130d441c:c3613, 79bffca9-b028-4c53-a657-872ed973be73:c3611, 15654dff-55cd-4f70-96d8-4abf0c061563:c3611]
2019-07-09 15:04:38,224 INFO  client.GrpcClientProtocolClient (GrpcClientProtocolClient.java:onNext(255)) - client-A9DCF8B8BD5B->529edf8e-8eae-4246-b33f-5e44130d441c: receive RaftClientReply:client-A9DCF8B8BD5B->529edf8e-8eae-4246-b33f-5e44130d441c@group-A1CD1332DC7D, cid=2457, SUCCESS, logIndex=3614, commits[529edf8e-8eae-4246-b33f-5e44130d441c:c3615, 79bffca9-b028-4c53-a657-872ed973be73:c3613, 15654dff-55cd-4f70-96d8-4abf0c061563:c3613]
2019-07-09 15:04:38,224 INFO  client.GrpcClientProtocolClient (GrpcClientProtocolClient.java:onNext(255)) - client-A9DCF8B8BD5B->529edf8e-8eae-4246-b33f-5e44130d441c: receive RaftClientReply:client-A9DCF8B8BD5B->529edf8e-8eae-4246-b33f-5e44130d441c@group-A1CD1332DC7D, cid=2458, SUCCESS, logIndex=3615, commits[529edf8e-8eae-4246-b33f-5e44130d441c:c3617, 79bffca9-b028-4c53-a657-872ed973be73:c3613, 15654dff-55cd-4f70-96d8-4abf0c061563:c3613]
2019-07-09 15:04:38,225 INFO  client.GrpcClientProtocolClient (GrpcClientProtocolClient.java:onNext(255)) - client-A9DCF8B8BD5B->529edf8e-8eae-4246-b33f-5e44130d441c: receive RaftClientReply:client-A9DCF8B8BD5B->529edf8e-8eae-4246-b33f-5e44130d441c@group-A1CD1332DC7D, cid=2459, SUCCESS, logIndex=3616, commits[529edf8e-8eae-4246-b33f-5e44130d441c:c3617, 79bffca9-b028-4c53-a657-872ed973be73:c3613, 15654dff-55cd-4f70-96d8-4abf0c061563:c3613]
2019-07-09 15:04:38,225 INFO  client.GrpcClientProtocolClient (GrpcClientProtocolClient.java:onNext(255)) - client-A9DCF8B8BD5B->529edf8e-8eae-4246-b33f-5e44130d441c: receive RaftClientReply:client-A9DCF8B8BD5B->529edf8e-8eae-4246-b33f-5e44130d441c@group-A1CD1332DC7D, cid=2460, SUCCESS, logIndex=3617, commits[529edf8e-8eae-4246-b33f-5e44130d441c:c3618, 79bffca9-b028-4c53-a657-872ed973be73:c3613, 15654dff-55cd-4f70-96d8-4abf0c061563:c3614]
2019-07-09 15:04:38,226 INFO  client.GrpcClientProtocolClient (GrpcClientProtocolClient.java:onNext(255)) - client-A9DCF8B8BD5B->529edf8e-8eae-4246-b33f-5e44130d441c: receive RaftClientReply:client-A9DCF8B8BD5B->529edf8e-8eae-4246-b33f-5e44130d441c@group-A1CD1332DC7D, cid=2461, SUCCESS, logIndex=0, commits[529edf8e-8eae-4246-b33f-5e44130d441c:c3621, 79bffca9-b028-4c53-a657-872ed973be73:c3617, 15654dff-55cd-4f70-96d8-4abf0c061563:c3615]
2019-07-09 15:04:38,246 INFO  client.GrpcClientProtocolClient (GrpcClientProtocolClient.java:onNext(255)) - client-A9DCF8B8BD5B->529edf8e-8eae-4246-b33f-5e44130d441c: receive RaftClientReply:client-A9DCF8B8BD5B->529edf8e-8eae-4246-b33f-5e44130d441c@group-A1CD1332DC7D, cid=2462, SUCCESS, logIndex=3622, commits[529edf8e-8eae-4246-b33f-5e44130d441c:c3623, 79bffca9-b028-4c53-a657-872ed973be73:c3621, 15654dff-55cd-4f70-96d8-4abf0c061563:c3621]
2019-07-09 15:04:38,246 INFO  client.GrpcClientProtocolClient (GrpcClientProtocolClient.java:onNext(255)) - client-A9DCF8B8BD5B->529edf8e-8eae-4246-b33f-5e44130d441c: receive RaftClientReply:client-A9DCF8B8BD5B->529edf8e-8eae-4246-b33f-5e44130d441c@group-A1CD1332DC7D, cid=2463, SUCCESS, logIndex=3623, commits[529edf8e-8eae-4246-b33f-5e44130d441c:c3623, 79bffca9-b028-4c53-a657-872ed973be73:c3621, 15654dff-55cd-4f70-96d8-4abf0c061563:c3621]
2019-07-09 15:04:38,259 INFO  client.GrpcClientProtocolClient (GrpcClientProtocolClient.java:onNext(255)) - client-A9DCF8B8BD5B->529edf8e-8eae-4246-b33f-5e44130d441c: receive RaftClientReply:client-A9DCF8B8BD5B->529edf8e-8eae-4246-b33f-5e44130d441c@group-A1CD1332DC7D, cid=2464, SUCCESS, logIndex=3626, commits[529edf8e-8eae-4246-b33f-5e44130d441c:c3627, 79bffca9-b028-4c53-a657-872ed973be73:c3623, 15654dff-55cd-4f70-96d8-4abf0c061563:c3623]
2019-07-09 15:04:38,260 INFO  client.GrpcClientProtocolClient (GrpcClientProtocolClient.java:onNext(255)) - client-A9DCF8B8BD5B->529edf8e-8eae-4246-b33f-5e44130d441c: receive RaftClientReply:client-A9DCF8B8BD5B->529edf8e-8eae-4246-b33f-5e44130d441c@group-A1CD1332DC7D, cid=2465, SUCCESS, logIndex=3627, commits[529edf8e-8eae-4246-b33f-5e44130d441c:c3627, 79bffca9-b028-4c53-a657-872ed973be73:c3623, 15654dff-55cd-4f70-96d8-4abf0c061563:c3623]
2019-07-09 15:04:38,271 INFO  client.GrpcClientProtocolClient (GrpcClientProtocolClient.java:onNext(255)) - client-A9DCF8B8BD5B->529edf8e-8eae-4246-b33f-5e44130d441c: receive RaftClientReply:client-A9DCF8B8BD5B->529edf8e-8eae-4246-b33f-5e44130d441c@group-A1CD1332DC7D, cid=2466, SUCCESS, logIndex=0, commits[529edf8e-8eae-4246-b33f-5e44130d441c:c3629, 79bffca9-b028-4c53-a657-872ed973be73:c3627, 15654dff-55cd-4f70-96d8-4abf0c061563:c3627]
2019-07-09 15:04:38,297 INFO  client.GrpcClientProtocolClient (GrpcClientProtocolClient.java:onNext(255)) - client-A9DCF8B8BD5B->529edf8e-8eae-4246-b33f-5e44130d441c: receive RaftClientReply:client-A9DCF8B8BD5B->529edf8e-8eae-4246-b33f-5e44130d441c@group-A1CD1332DC7D, cid=2467, SUCCESS, logIndex=3630, commits[529edf8e-8eae-4246-b33f-5e44130d441c:c3631, 79bffca9-b028-4c53-a657-872ed973be73:c3629, 15654dff-55cd-4f70-96d8-4abf0c061563:c3629]
2019-07-09 15:04:38,298 INFO  client.GrpcClientProtocolClient (GrpcClientProtocolClient.java:onNext(255)) - client-A9DCF8B8BD5B->529edf8e-8eae-4246-b33f-5e44130d441c: receive RaftClientReply:client-A9DCF8B8BD5B->529edf8e-8eae-4246-b33f-5e44130d441c@group-A1CD1332DC7D, cid=2468, SUCCESS, logIndex=3631, commits[529edf8e-8eae-4246-b33f-5e44130d441c:c3631, 79bffca9-b028-4c53-a657-872ed973be73:c3629, 15654dff-55cd-4f70-96d8-4abf0c061563:c3629]
2019-07-09 15:04:38,298 INFO  client.GrpcClientProtocolClient (GrpcClientProtocolClient.java:onNext(255)) - client-A9DCF8B8BD5B->529edf8e-8eae-4246-b33f-5e44130d441c: receive RaftClientReply:client-A9DCF8B8BD5B->529edf8e-8eae-4246-b33f-5e44130d441c@group-A1CD1332DC7D, cid=2469, SUCCESS, logIndex=3632, commits[529edf8e-8eae-4246-b33f-5e44130d441c:c3633, 79bffca9-b028-4c53-a657-872ed973be73:c3629, 15654dff-55cd-4f70-96d8-4abf0c061563:c3629]
2019-07-09 15:04:38,299 INFO  client.GrpcClientProtocolClient (GrpcClientProtocolClient.java:onNext(255)) - client-A9DCF8B8BD5B->529edf8e-8eae-4246-b33f-5e44130d441c: receive RaftClientReply:client-A9DCF8B8BD5B->529edf8e-8eae-4246-b33f-5e44130d441c@group-A1CD1332DC7D, cid=2470, SUCCESS, logIndex=3633, commits[529edf8e-8eae-4246-b33f-5e44130d441c:c3633, 79bffca9-b028-4c53-a657-872ed973be73:c3629, 15654dff-55cd-4f70-96d8-4abf0c061563:c3629]
2019-07-09 15:04:38,300 INFO  client.GrpcClientProtocolClient (GrpcClientProtocolClient.java:onNext(255)) - client-A9DCF8B8BD5B->529edf8e-8eae-4246-b33f-5e44130d441c: receive RaftClientReply:client-A9DCF8B8BD5B->529edf8e-8eae-4246-b33f-5e44130d441c@group-A1CD1332DC7D, cid=2471, SUCCESS, logIndex=0, commits[529edf8e-8eae-4246-b33f-5e44130d441c:c3635, 79bffca9-b028-4c53-a657-872ed973be73:c3631, 15654dff-55cd-4f70-96d8-4abf0c061563:c3631]
2019-07-09 15:04:38,321 INFO  client.GrpcClientProtocolClient (GrpcClientProtocolClient.java:onNext(255)) - client-A9DCF8B8BD5B->529edf8e-8eae-4246-b33f-5e44130d441c: receive RaftClientReply:client-A9DCF8B8BD5B->529edf8e-8eae-4246-b33f-5e44130d441c@group-A1CD1332DC7D, cid=2472, SUCCESS, logIndex=3637, commits[529edf8e-8eae-4246-b33f-5e44130d441c:c3637, 79bffca9-b028-4c53-a657-872ed973be73:c3636, 15654dff-55cd-4f70-96d8-4abf0c061563:c3636]
2019-07-09 15:04:38,321 INFO  client.GrpcClientProtocolClient (GrpcClientProtocolClient.java:onNext(255)) - client-A9DCF8B8BD5B->529edf8e-8eae-4246-b33f-5e44130d441c: receive RaftClientReply:client-A9DCF8B8BD5B->529edf8e-8eae-4246-b33f-5e44130d441c@group-A1CD1332DC7D, cid=2473, SUCCESS, logIndex=3638, commits[529edf8e-8eae-4246-b33f-5e44130d441c:c3638, 79bffca9-b028-4c53-a657-872ed973be73:c3636, 15654dff-55cd-4f70-96d8-4abf0c061563:c3636]
2019-07-09 15:04:38,333 INFO  client.GrpcClientProtocolClient (GrpcClientProtocolClient.java:onNext(255)) - client-A9DCF8B8BD5B->529edf8e-8eae-4246-b33f-5e44130d441c: receive RaftClientReply:client-A9DCF8B8BD5B->529edf8e-8eae-4246-b33f-5e44130d441c@group-A1CD1332DC7D, cid=2474, SUCCESS, logIndex=3641, commits[529edf8e-8eae-4246-b33f-5e44130d441c:c3642, 79bffca9-b028-4c53-a657-872ed973be73:c3638, 15654dff-55cd-4f70-96d8-4abf0c061563:c3638]
2019-07-09 15:04:38,334 INFO  client.GrpcClientProtocolClient (GrpcClientProtocolClient.java:onNext(255)) - client-A9DCF8B8BD5B->529edf8e-8eae-4246-b33f-5e44130d441c: receive RaftClientReply:client-A9DCF8B8BD5B->529edf8e-8eae-4246-b33f-5e44130d441c@group-A1CD1332DC7D, cid=2475, SUCCESS, logIndex=3642, commits[529edf8e-8eae-4246-b33f-5e44130d441c:c3642, 79bffca9-b028-4c53-a657-872ed973be73:c3638, 15654dff-55cd-4f70-96d8-4abf0c061563:c3638]
2019-07-09 15:04:38,346 INFO  client.GrpcClientProtocolClient (GrpcClientProtocolClient.java:onNext(255)) - client-A9DCF8B8BD5B->529edf8e-8eae-4246-b33f-5e44130d441c: receive RaftClientReply:client-A9DCF8B8BD5B->529edf8e-8eae-4246-b33f-5e44130d441c@group-A1CD1332DC7D, cid=2476, SUCCESS, logIndex=0, commits[529edf8e-8eae-4246-b33f-5e44130d441c:c3644, 79bffca9-b028-4c53-a657-872ed973be73:c3642, 15654dff-55cd-4f70-96d8-4abf0c061563:c3642]
2019-07-09 15:04:38,372 INFO  client.GrpcClientProtocolClient (GrpcClientProtocolClient.java:onNext(255)) - client-A9DCF8B8BD5B->529edf8e-8eae-4246-b33f-5e44130d441c: receive RaftClientReply:client-A9DCF8B8BD5B->529edf8e-8eae-4246-b33f-5e44130d441c@group-A1CD1332DC7D, cid=2477, SUCCESS, logIndex=3645, commits[529edf8e-8eae-4246-b33f-5e44130d441c:c3646, 79bffca9-b028-4c53-a657-872ed973be73:c3644, 15654dff-55cd-4f70-96d8-4abf0c061563:c3644]
2019-07-09 15:04:38,372 INFO  client.GrpcClientProtocolClient (GrpcClientProtocolClient.java:onNext(255)) - client-A9DCF8B8BD5B->529edf8e-8eae-4246-b33f-5e44130d441c: receive RaftClientReply:client-A9DCF8B8BD5B->529edf8e-8eae-4246-b33f-5e44130d441c@group-A1CD1332DC7D, cid=2478, SUCCESS, logIndex=3646, commits[529edf8e-8eae-4246-b33f-5e44130d441c:c3646, 79bffca9-b028-4c53-a657-872ed973be73:c3644, 15654dff-55cd-4f70-96d8-4abf0c061563:c3644]
2019-07-09 15:04:38,373 INFO  client.GrpcClientProtocolClient (GrpcClientProtocolClient.java:onNext(255)) - client-A9DCF8B8BD5B->529edf8e-8eae-4246-b33f-5e44130d441c: receive RaftClientReply:client-A9DCF8B8BD5B->529edf8e-8eae-4246-b33f-5e44130d441c@group-A1CD1332DC7D, cid=2479, SUCCESS, logIndex=3647, commits[529edf8e-8eae-4246-b33f-5e44130d441c:c3648, 79bffca9-b028-4c53-a657-872ed973be73:c3644, 15654dff-55cd-4f70-96d8-4abf0c061563:c3644]
2019-07-09 15:04:38,373 INFO  client.GrpcClientProtocolClient (GrpcClientProtocolClient.java:onNext(255)) - client-A9DCF8B8BD5B->529edf8e-8eae-4246-b33f-5e44130d441c: receive RaftClientReply:client-A9DCF8B8BD5B->529edf8e-8eae-4246-b33f-5e44130d441c@group-A1CD1332DC7D, cid=2480, SUCCESS, logIndex=3648, commits[529edf8e-8eae-4246-b33f-5e44130d441c:c3648, 79bffca9-b028-4c53-a657-872ed973be73:c3644, 15654dff-55cd-4f70-96d8-4abf0c061563:c3644]
2019-07-09 15:04:38,375 INFO  client.GrpcClientProtocolClient (GrpcClientProtocolClient.java:onNext(255)) - client-A9DCF8B8BD5B->529edf8e-8eae-4246-b33f-5e44130d441c: receive RaftClientReply:client-A9DCF8B8BD5B->529edf8e-8eae-4246-b33f-5e44130d441c@group-A1CD1332DC7D, cid=2481, SUCCESS, logIndex=0, commits[529edf8e-8eae-4246-b33f-5e44130d441c:c3650, 79bffca9-b028-4c53-a657-872ed973be73:c3646, 15654dff-55cd-4f70-96d8-4abf0c061563:c3646]
2019-07-09 15:04:38,393 INFO  client.GrpcClientProtocolClient (GrpcClientProtocolClient.java:onNext(255)) - client-A9DCF8B8BD5B->529edf8e-8eae-4246-b33f-5e44130d441c: receive RaftClientReply:client-A9DCF8B8BD5B->529edf8e-8eae-4246-b33f-5e44130d441c@group-A1CD1332DC7D, cid=2482, SUCCESS, logIndex=3653, commits[529edf8e-8eae-4246-b33f-5e44130d441c:c3654, 79bffca9-b028-4c53-a657-872ed973be73:c3652, 15654dff-55cd-4f70-96d8-4abf0c061563:c3652]
2019-07-09 15:04:38,393 INFO  client.GrpcClientProtocolClient (GrpcClientProtocolClient.java:onNext(255)) - client-A9DCF8B8BD5B->529edf8e-8eae-4246-b33f-5e44130d441c: receive RaftClientReply:client-A9DCF8B8BD5B->529edf8e-8eae-4246-b33f-5e44130d441c@group-A1CD1332DC7D, cid=2483, SUCCESS, logIndex=3654, commits[529edf8e-8eae-4246-b33f-5e44130d441c:c3654, 79bffca9-b028-4c53-a657-872ed973be73:c3652, 15654dff-55cd-4f70-96d8-4abf0c061563:c3652]
2019-07-09 15:04:38,547 INFO  client.GrpcClientProtocolClient (GrpcClientProtocolClient.java:onNext(255)) - client-A9DCF8B8BD5B->529edf8e-8eae-4246-b33f-5e44130d441c: receive RaftClientReply:client-A9DCF8B8BD5B->529edf8e-8eae-4246-b33f-5e44130d441c@group-A1CD1332DC7D, cid=2484, SUCCESS, logIndex=3657, commits[529edf8e-8eae-4246-b33f-5e44130d441c:c3658, 79bffca9-b028-4c53-a657-872ed973be73:c3654, 15654dff-55cd-4f70-96d8-4abf0c061563:c3654]
2019-07-09 15:04:38,548 INFO  client.GrpcClientProtocolClient (GrpcClientProtocolClient.java:onNext(255)) - client-A9DCF8B8BD5B->529edf8e-8eae-4246-b33f-5e44130d441c: receive RaftClientReply:client-A9DCF8B8BD5B->529edf8e-8eae-4246-b33f-5e44130d441c@group-A1CD1332DC7D, cid=2485, SUCCESS, logIndex=3658, commits[529edf8e-8eae-4246-b33f-5e44130d441c:c3658, 79bffca9-b028-4c53-a657-872ed973be73:c3654, 15654dff-55cd-4f70-96d8-4abf0c061563:c3654]
2019-07-09 15:04:38,551 INFO  client.GrpcClientProtocolClient (GrpcClientProtocolClient.java:onNext(255)) - client-A9DCF8B8BD5B->529edf8e-8eae-4246-b33f-5e44130d441c: receive RaftClientReply:client-A9DCF8B8BD5B->529edf8e-8eae-4246-b33f-5e44130d441c@group-A1CD1332DC7D, cid=2486, SUCCESS, logIndex=0, commits[529edf8e-8eae-4246-b33f-5e44130d441c:c3660, 79bffca9-b028-4c53-a657-872ed973be73:c3658, 15654dff-55cd-4f70-96d8-4abf0c061563:c3658]
2019-07-09 15:04:38,583 INFO  client.GrpcClientProtocolClient (GrpcClientProtocolClient.java:onNext(255)) - client-A9DCF8B8BD5B->529edf8e-8eae-4246-b33f-5e44130d441c: receive RaftClientReply:client-A9DCF8B8BD5B->529edf8e-8eae-4246-b33f-5e44130d441c@group-A1CD1332DC7D, cid=2487, SUCCESS, logIndex=3661, commits[529edf8e-8eae-4246-b33f-5e44130d441c:c3662, 79bffca9-b028-4c53-a657-872ed973be73:c3660, 15654dff-55cd-4f70-96d8-4abf0c061563:c3660]
2019-07-09 15:04:38,584 INFO  client.GrpcClientProtocolClient (GrpcClientProtocolClient.java:onNext(255)) - client-A9DCF8B8BD5B->529edf8e-8eae-4246-b33f-5e44130d441c: receive RaftClientReply:client-A9DCF8B8BD5B->529edf8e-8eae-4246-b33f-5e44130d441c@group-A1CD1332DC7D, cid=2488, SUCCESS, logIndex=3662, commits[529edf8e-8eae-4246-b33f-5e44130d441c:c3662, 79bffca9-b028-4c53-a657-872ed973be73:c3660, 15654dff-55cd-4f70-96d8-4abf0c061563:c3660]
2019-07-09 15:04:38,584 INFO  client.GrpcClientProtocolClient (GrpcClientProtocolClient.java:onNext(255)) - client-A9DCF8B8BD5B->529edf8e-8eae-4246-b33f-5e44130d441c: receive RaftClientReply:client-A9DCF8B8BD5B->529edf8e-8eae-4246-b33f-5e44130d441c@group-A1CD1332DC7D, cid=2489, SUCCESS, logIndex=3663, commits[529edf8e-8eae-4246-b33f-5e44130d441c:c3664, 79bffca9-b028-4c53-a657-872ed973be73:c3660, 15654dff-55cd-4f70-96d8-4abf0c061563:c3660]
2019-07-09 15:04:38,585 INFO  client.GrpcClientProtocolClient (GrpcClientProtocolClient.java:onNext(255)) - client-A9DCF8B8BD5B->529edf8e-8eae-4246-b33f-5e44130d441c: receive RaftClientReply:client-A9DCF8B8BD5B->529edf8e-8eae-4246-b33f-5e44130d441c@group-A1CD1332DC7D, cid=2490, SUCCESS, logIndex=3664, commits[529edf8e-8eae-4246-b33f-5e44130d441c:c3664, 79bffca9-b028-4c53-a657-872ed973be73:c3660, 15654dff-55cd-4f70-96d8-4abf0c061563:c3660]
2019-07-09 15:04:38,586 INFO  client.GrpcClientProtocolClient (GrpcClientProtocolClient.java:onNext(255)) - client-A9DCF8B8BD5B->529edf8e-8eae-4246-b33f-5e44130d441c: receive RaftClientReply:client-A9DCF8B8BD5B->529edf8e-8eae-4246-b33f-5e44130d441c@group-A1CD1332DC7D, cid=2491, SUCCESS, logIndex=0, commits[529edf8e-8eae-4246-b33f-5e44130d441c:c3666, 79bffca9-b028-4c53-a657-872ed973be73:c3662, 15654dff-55cd-4f70-96d8-4abf0c061563:c3662]
2019-07-09 15:04:38,607 INFO  client.GrpcClientProtocolClient (GrpcClientProtocolClient.java:onNext(255)) - client-A9DCF8B8BD5B->529edf8e-8eae-4246-b33f-5e44130d441c: receive RaftClientReply:client-A9DCF8B8BD5B->529edf8e-8eae-4246-b33f-5e44130d441c@group-A1CD1332DC7D, cid=2492, SUCCESS, logIndex=3669, commits[529edf8e-8eae-4246-b33f-5e44130d441c:c3669, 79bffca9-b028-4c53-a657-872ed973be73:c3668, 15654dff-55cd-4f70-96d8-4abf0c061563:c3668]
2019-07-09 15:04:38,608 INFO  client.GrpcClientProtocolClient (GrpcClientProtocolClient.java:onNext(255)) - client-A9DCF8B8BD5B->529edf8e-8eae-4246-b33f-5e44130d441c: receive RaftClientReply:client-A9DCF8B8BD5B->529edf8e-8eae-4246-b33f-5e44130d441c@group-A1CD1332DC7D, cid=2493, SUCCESS, logIndex=3670, commits[529edf8e-8eae-4246-b33f-5e44130d441c:c3670, 79bffca9-b028-4c53-a657-872ed973be73:c3668, 15654dff-55cd-4f70-96d8-4abf0c061563:c3668]
2019-07-09 15:04:38,622 INFO  client.GrpcClientProtocolClient (GrpcClientProtocolClient.java:onNext(255)) - client-A9DCF8B8BD5B->529edf8e-8eae-4246-b33f-5e44130d441c: receive RaftClientReply:client-A9DCF8B8BD5B->529edf8e-8eae-4246-b33f-5e44130d441c@group-A1CD1332DC7D, cid=2494, SUCCESS, logIndex=3673, commits[529edf8e-8eae-4246-b33f-5e44130d441c:c3674, 79bffca9-b028-4c53-a657-872ed973be73:c3670, 15654dff-55cd-4f70-96d8-4abf0c061563:c3670]
2019-07-09 15:04:38,622 INFO  client.GrpcClientProtocolClient (GrpcClientProtocolClient.java:onNext(255)) - client-A9DCF8B8BD5B->529edf8e-8eae-4246-b33f-5e44130d441c: receive RaftClientReply:client-A9DCF8B8BD5B->529edf8e-8eae-4246-b33f-5e44130d441c@group-A1CD1332DC7D, cid=2495, SUCCESS, logIndex=3674, commits[529edf8e-8eae-4246-b33f-5e44130d441c:c3674, 79bffca9-b028-4c53-a657-872ed973be73:c3670, 15654dff-55cd-4f70-96d8-4abf0c061563:c3670]
2019-07-09 15:04:38,635 INFO  client.GrpcClientProtocolClient (GrpcClientProtocolClient.java:onNext(255)) - client-A9DCF8B8BD5B->529edf8e-8eae-4246-b33f-5e44130d441c: receive RaftClientReply:client-A9DCF8B8BD5B->529edf8e-8eae-4246-b33f-5e44130d441c@group-A1CD1332DC7D, cid=2496, SUCCESS, logIndex=0, commits[529edf8e-8eae-4246-b33f-5e44130d441c:c3676, 79bffca9-b028-4c53-a657-872ed973be73:c3674, 15654dff-55cd-4f70-96d8-4abf0c061563:c3674]
2019-07-09 15:04:38,664 INFO  client.GrpcClientProtocolClient (GrpcClientProtocolClient.java:onNext(255)) - client-A9DCF8B8BD5B->529edf8e-8eae-4246-b33f-5e44130d441c: receive RaftClientReply:client-A9DCF8B8BD5B->529edf8e-8eae-4246-b33f-5e44130d441c@group-A1CD1332DC7D, cid=2497, SUCCESS, logIndex=3677, commits[529edf8e-8eae-4246-b33f-5e44130d441c:c3678, 79bffca9-b028-4c53-a657-872ed973be73:c3676, 15654dff-55cd-4f70-96d8-4abf0c061563:c3674]
2019-07-09 15:04:38,664 INFO  client.GrpcClientProtocolClient (GrpcClientProtocolClient.java:onNext(255)) - client-A9DCF8B8BD5B->529edf8e-8eae-4246-b33f-5e44130d441c: receive RaftClientReply:client-A9DCF8B8BD5B->529edf8e-8eae-4246-b33f-5e44130d441c@group-A1CD1332DC7D, cid=2498, SUCCESS, logIndex=3678, commits[529edf8e-8eae-4246-b33f-5e44130d441c:c3678, 79bffca9-b028-4c53-a657-872ed973be73:c3676, 15654dff-55cd-4f70-96d8-4abf0c061563:c3674]
2019-07-09 15:04:38,677 INFO  client.GrpcClientProtocolClient (GrpcClientProtocolClient.java:onNext(255)) - client-A9DCF8B8BD5B->529edf8e-8eae-4246-b33f-5e44130d441c: receive RaftClientReply:client-A9DCF8B8BD5B->529edf8e-8eae-4246-b33f-5e44130d441c@group-A1CD1332DC7D, cid=2499, SUCCESS, logIndex=3679, commits[529edf8e-8eae-4246-b33f-5e44130d441c:c3680, 79bffca9-b028-4c53-a657-872ed973be73:c3676, 15654dff-55cd-4f70-96d8-4abf0c061563:c3676]
2019-07-09 15:04:38,677 INFO  client.GrpcClientProtocolClient (GrpcClientProtocolClient.java:onNext(255)) - client-A9DCF8B8BD5B->529edf8e-8eae-4246-b33f-5e44130d441c: receive RaftClientReply:client-A9DCF8B8BD5B->529edf8e-8eae-4246-b33f-5e44130d441c@group-A1CD1332DC7D, cid=2500, SUCCESS, logIndex=3680, commits[529edf8e-8eae-4246-b33f-5e44130d441c:c3680, 79bffca9-b028-4c53-a657-872ed973be73:c3676, 15654dff-55cd-4f70-96d8-4abf0c061563:c3676]
2019-07-09 15:04:38,679 INFO  client.GrpcClientProtocolClient (GrpcClientProtocolClient.java:onNext(255)) - client-A9DCF8B8BD5B->529edf8e-8eae-4246-b33f-5e44130d441c: receive RaftClientReply:client-A9DCF8B8BD5B->529edf8e-8eae-4246-b33f-5e44130d441c@group-A1CD1332DC7D, cid=2501, SUCCESS, logIndex=0, commits[529edf8e-8eae-4246-b33f-5e44130d441c:c3681, 79bffca9-b028-4c53-a657-872ed973be73:c3678, 15654dff-55cd-4f70-96d8-4abf0c061563:c3678]
2019-07-09 15:04:38,701 INFO  client.GrpcClientProtocolClient (GrpcClientProtocolClient.java:onNext(255)) - client-A9DCF8B8BD5B->529edf8e-8eae-4246-b33f-5e44130d441c: receive RaftClientReply:client-A9DCF8B8BD5B->529edf8e-8eae-4246-b33f-5e44130d441c@group-A1CD1332DC7D, cid=2502, SUCCESS, logIndex=3685, commits[529edf8e-8eae-4246-b33f-5e44130d441c:c3686, 79bffca9-b028-4c53-a657-872ed973be73:c3684, 15654dff-55cd-4f70-96d8-4abf0c061563:c3684]
2019-07-09 15:04:38,701 INFO  client.GrpcClientProtocolClient (GrpcClientProtocolClient.java:onNext(255)) - client-A9DCF8B8BD5B->529edf8e-8eae-4246-b33f-5e44130d441c: receive RaftClientReply:client-A9DCF8B8BD5B->529edf8e-8eae-4246-b33f-5e44130d441c@group-A1CD1332DC7D, cid=2503, SUCCESS, logIndex=3686, commits[529edf8e-8eae-4246-b33f-5e44130d441c:c3686, 79bffca9-b028-4c53-a657-872ed973be73:c3684, 15654dff-55cd-4f70-96d8-4abf0c061563:c3684]
2019-07-09 15:04:38,714 INFO  client.GrpcClientProtocolClient (GrpcClientProtocolClient.java:onNext(255)) - client-A9DCF8B8BD5B->529edf8e-8eae-4246-b33f-5e44130d441c: receive RaftClientReply:client-A9DCF8B8BD5B->529edf8e-8eae-4246-b33f-5e44130d441c@group-A1CD1332DC7D, cid=2504, SUCCESS, logIndex=3689, commits[529edf8e-8eae-4246-b33f-5e44130d441c:c3690, 79bffca9-b028-4c53-a657-872ed973be73:c3686, 15654dff-55cd-4f70-96d8-4abf0c061563:c3686]
2019-07-09 15:04:38,715 INFO  client.GrpcClientProtocolClient (GrpcClientProtocolClient.java:onNext(255)) - client-A9DCF8B8BD5B->529edf8e-8eae-4246-b33f-5e44130d441c: receive RaftClientReply:client-A9DCF8B8BD5B->529edf8e-8eae-4246-b33f-5e44130d441c@group-A1CD1332DC7D, cid=2505, SUCCESS, logIndex=3690, commits[529edf8e-8eae-4246-b33f-5e44130d441c:c3690, 79bffca9-b028-4c53-a657-872ed973be73:c3686, 15654dff-55cd-4f70-96d8-4abf0c061563:c3686]
2019-07-09 15:04:38,727 INFO  client.GrpcClientProtocolClient (GrpcClientProtocolClient.java:onNext(255)) - client-A9DCF8B8BD5B->529edf8e-8eae-4246-b33f-5e44130d441c: receive RaftClientReply:client-A9DCF8B8BD5B->529edf8e-8eae-4246-b33f-5e44130d441c@group-A1CD1332DC7D, cid=2506, SUCCESS, logIndex=0, commits[529edf8e-8eae-4246-b33f-5e44130d441c:c3692, 79bffca9-b028-4c53-a657-872ed973be73:c3690, 15654dff-55cd-4f70-96d8-4abf0c061563:c3690]
2019-07-09 15:04:38,758 INFO  client.GrpcClientProtocolClient (GrpcClientProtocolClient.java:onNext(255)) - client-A9DCF8B8BD5B->529edf8e-8eae-4246-b33f-5e44130d441c: receive RaftClientReply:client-A9DCF8B8BD5B->529edf8e-8eae-4246-b33f-5e44130d441c@group-A1CD1332DC7D, cid=2507, SUCCESS, logIndex=3693, commits[529edf8e-8eae-4246-b33f-5e44130d441c:c3694, 79bffca9-b028-4c53-a657-872ed973be73:c3692, 15654dff-55cd-4f70-96d8-4abf0c061563:c3692]
2019-07-09 15:04:38,758 INFO  client.GrpcClientProtocolClient (GrpcClientProtocolClient.java:onNext(255)) - client-A9DCF8B8BD5B->529edf8e-8eae-4246-b33f-5e44130d441c: receive RaftClientReply:client-A9DCF8B8BD5B->529edf8e-8eae-4246-b33f-5e44130d441c@group-A1CD1332DC7D, cid=2508, SUCCESS, logIndex=3694, commits[529edf8e-8eae-4246-b33f-5e44130d441c:c3696, 79bffca9-b028-4c53-a657-872ed973be73:c3692, 15654dff-55cd-4f70-96d8-4abf0c061563:c3692]
2019-07-09 15:04:38,758 INFO  client.GrpcClientProtocolClient (GrpcClientProtocolClient.java:onNext(255)) - client-A9DCF8B8BD5B->529edf8e-8eae-4246-b33f-5e44130d441c: receive RaftClientReply:client-A9DCF8B8BD5B->529edf8e-8eae-4246-b33f-5e44130d441c@group-A1CD1332DC7D, cid=2509, SUCCESS, logIndex=3695, commits[529edf8e-8eae-4246-b33f-5e44130d441c:c3696, 79bffca9-b028-4c53-a657-872ed973be73:c3692, 15654dff-55cd-4f70-96d8-4abf0c061563:c3692]
2019-07-09 15:04:38,759 INFO  client.GrpcClientProtocolClient (GrpcClientProtocolClient.java:onNext(255)) - client-A9DCF8B8BD5B->529edf8e-8eae-4246-b33f-5e44130d441c: receive RaftClientReply:client-A9DCF8B8BD5B->529edf8e-8eae-4246-b33f-5e44130d441c@group-A1CD1332DC7D, cid=2510, SUCCESS, logIndex=3696, commits[529edf8e-8eae-4246-b33f-5e44130d441c:c3696, 79bffca9-b028-4c53-a657-872ed973be73:c3692, 15654dff-55cd-4f70-96d8-4abf0c061563:c3692]
2019-07-09 15:04:38,769 INFO  client.GrpcClientProtocolClient (GrpcClientProtocolClient.java:onNext(255)) - client-A9DCF8B8BD5B->529edf8e-8eae-4246-b33f-5e44130d441c: receive RaftClientReply:client-A9DCF8B8BD5B->529edf8e-8eae-4246-b33f-5e44130d441c@group-A1CD1332DC7D, cid=2511, SUCCESS, logIndex=0, commits[529edf8e-8eae-4246-b33f-5e44130d441c:c3697, 79bffca9-b028-4c53-a657-872ed973be73:c3694, 15654dff-55cd-4f70-96d8-4abf0c061563:c3694]
2019-07-09 15:04:38,795 INFO  client.GrpcClientProtocolClient (GrpcClientProtocolClient.java:onNext(255)) - client-A9DCF8B8BD5B->529edf8e-8eae-4246-b33f-5e44130d441c: receive RaftClientReply:client-A9DCF8B8BD5B->529edf8e-8eae-4246-b33f-5e44130d441c@group-A1CD1332DC7D, cid=2512, SUCCESS, logIndex=3701, commits[529edf8e-8eae-4246-b33f-5e44130d441c:c3702, 79bffca9-b028-4c53-a657-872ed973be73:c3700, 15654dff-55cd-4f70-96d8-4abf0c061563:c3700]
2019-07-09 15:04:38,795 INFO  client.GrpcClientProtocolClient (GrpcClientProtocolClient.java:onNext(255)) - client-A9DCF8B8BD5B->529edf8e-8eae-4246-b33f-5e44130d441c: receive RaftClientReply:client-A9DCF8B8BD5B->529edf8e-8eae-4246-b33f-5e44130d441c@group-A1CD1332DC7D, cid=2513, SUCCESS, logIndex=3702, commits[529edf8e-8eae-4246-b33f-5e44130d441c:c3702, 79bffca9-b028-4c53-a657-872ed973be73:c3700, 15654dff-55cd-4f70-96d8-4abf0c061563:c3700]
2019-07-09 15:04:38,806 INFO  client.GrpcClientProtocolClient (GrpcClientProtocolClient.java:onNext(255)) - client-A9DCF8B8BD5B->529edf8e-8eae-4246-b33f-5e44130d441c: receive RaftClientReply:client-A9DCF8B8BD5B->529edf8e-8eae-4246-b33f-5e44130d441c@group-A1CD1332DC7D, cid=2514, SUCCESS, logIndex=3705, commits[529edf8e-8eae-4246-b33f-5e44130d441c:c3706, 79bffca9-b028-4c53-a657-872ed973be73:c3702, 15654dff-55cd-4f70-96d8-4abf0c061563:c3701]
2019-07-09 15:04:38,806 INFO  client.GrpcClientProtocolClient (GrpcClientProtocolClient.java:onNext(255)) - client-A9DCF8B8BD5B->529edf8e-8eae-4246-b33f-5e44130d441c: receive RaftClientReply:client-A9DCF8B8BD5B->529edf8e-8eae-4246-b33f-5e44130d441c@group-A1CD1332DC7D, cid=2515, SUCCESS, logIndex=3706, commits[529edf8e-8eae-4246-b33f-5e44130d441c:c3706, 79bffca9-b028-4c53-a657-872ed973be73:c3702, 15654dff-55cd-4f70-96d8-4abf0c061563:c3702]
2019-07-09 15:04:38,809 INFO  client.GrpcClientProtocolClient (GrpcClientProtocolClient.java:onNext(255)) - client-A9DCF8B8BD5B->529edf8e-8eae-4246-b33f-5e44130d441c: receive RaftClientReply:client-A9DCF8B8BD5B->529edf8e-8eae-4246-b33f-5e44130d441c@group-A1CD1332DC7D, cid=2516, SUCCESS, logIndex=0, commits[529edf8e-8eae-4246-b33f-5e44130d441c:c3708, 79bffca9-b028-4c53-a657-872ed973be73:c3706, 15654dff-55cd-4f70-96d8-4abf0c061563:c3706]
2019-07-09 15:04:38,836 INFO  client.GrpcClientProtocolClient (GrpcClientProtocolClient.java:onNext(255)) - client-A9DCF8B8BD5B->529edf8e-8eae-4246-b33f-5e44130d441c: receive RaftClientReply:client-A9DCF8B8BD5B->529edf8e-8eae-4246-b33f-5e44130d441c@group-A1CD1332DC7D, cid=2517, SUCCESS, logIndex=3709, commits[529edf8e-8eae-4246-b33f-5e44130d441c:c3712, 79bffca9-b028-4c53-a657-872ed973be73:c3708, 15654dff-55cd-4f70-96d8-4abf0c061563:c3708]
2019-07-09 15:04:38,837 INFO  client.GrpcClientProtocolClient (GrpcClientProtocolClient.java:onNext(255)) - client-A9DCF8B8BD5B->529edf8e-8eae-4246-b33f-5e44130d441c: receive RaftClientReply:client-A9DCF8B8BD5B->529edf8e-8eae-4246-b33f-5e44130d441c@group-A1CD1332DC7D, cid=2518, SUCCESS, logIndex=3710, commits[529edf8e-8eae-4246-b33f-5e44130d441c:c3712, 79bffca9-b028-4c53-a657-872ed973be73:c3708, 15654dff-55cd-4f70-96d8-4abf0c061563:c3708]
2019-07-09 15:04:38,837 INFO  client.GrpcClientProtocolClient (GrpcClientProtocolClient.java:onNext(255)) - client-A9DCF8B8BD5B->529edf8e-8eae-4246-b33f-5e44130d441c: receive RaftClientReply:client-A9DCF8B8BD5B->529edf8e-8eae-4246-b33f-5e44130d441c@group-A1CD1332DC7D, cid=2519, SUCCESS, logIndex=3711, commits[529edf8e-8eae-4246-b33f-5e44130d441c:c3712, 79bffca9-b028-4c53-a657-872ed973be73:c3708, 15654dff-55cd-4f70-96d8-4abf0c061563:c3708]
2019-07-09 15:04:38,837 INFO  client.GrpcClientProtocolClient (GrpcClientProtocolClient.java:onNext(255)) - client-A9DCF8B8BD5B->529edf8e-8eae-4246-b33f-5e44130d441c: receive RaftClientReply:client-A9DCF8B8BD5B->529edf8e-8eae-4246-b33f-5e44130d441c@group-A1CD1332DC7D, cid=2520, SUCCESS, logIndex=3712, commits[529edf8e-8eae-4246-b33f-5e44130d441c:c3712, 79bffca9-b028-4c53-a657-872ed973be73:c3708, 15654dff-55cd-4f70-96d8-4abf0c061563:c3708]
2019-07-09 15:04:38,848 INFO  client.GrpcClientProtocolClient (GrpcClientProtocolClient.java:onNext(255)) - client-A9DCF8B8BD5B->529edf8e-8eae-4246-b33f-5e44130d441c: receive RaftClientReply:client-A9DCF8B8BD5B->529edf8e-8eae-4246-b33f-5e44130d441c@group-A1CD1332DC7D, cid=2521, SUCCESS, logIndex=0, commits[529edf8e-8eae-4246-b33f-5e44130d441c:c3713, 79bffca9-b028-4c53-a657-872ed973be73:c3710, 15654dff-55cd-4f70-96d8-4abf0c061563:c3710]
2019-07-09 15:04:38,868 INFO  client.GrpcClientProtocolClient (GrpcClientProtocolClient.java:onNext(255)) - client-A9DCF8B8BD5B->529edf8e-8eae-4246-b33f-5e44130d441c: receive RaftClientReply:client-A9DCF8B8BD5B->529edf8e-8eae-4246-b33f-5e44130d441c@group-A1CD1332DC7D, cid=2522, SUCCESS, logIndex=3717, commits[529edf8e-8eae-4246-b33f-5e44130d441c:c3717, 79bffca9-b028-4c53-a657-872ed973be73:c3716, 15654dff-55cd-4f70-96d8-4abf0c061563:c3716]
2019-07-09 15:04:38,869 INFO  client.GrpcClientProtocolClient (GrpcClientProtocolClient.java:onNext(255)) - client-A9DCF8B8BD5B->529edf8e-8eae-4246-b33f-5e44130d441c: receive RaftClientReply:client-A9DCF8B8BD5B->529edf8e-8eae-4246-b33f-5e44130d441c@group-A1CD1332DC7D, cid=2523, SUCCESS, logIndex=3718, commits[529edf8e-8eae-4246-b33f-5e44130d441c:c3718, 79bffca9-b028-4c53-a657-872ed973be73:c3716, 15654dff-55cd-4f70-96d8-4abf0c061563:c3716]
2019-07-09 15:04:38,881 INFO  client.GrpcClientProtocolClient (GrpcClientProtocolClient.java:onNext(255)) - client-A9DCF8B8BD5B->529edf8e-8eae-4246-b33f-5e44130d441c: receive RaftClientReply:client-A9DCF8B8BD5B->529edf8e-8eae-4246-b33f-5e44130d441c@group-A1CD1332DC7D, cid=2524, SUCCESS, logIndex=3721, commits[529edf8e-8eae-4246-b33f-5e44130d441c:c3722, 79bffca9-b028-4c53-a657-872ed973be73:c3718, 15654dff-55cd-4f70-96d8-4abf0c061563:c3718]
2019-07-09 15:04:38,882 INFO  client.GrpcClientProtocolClient (GrpcClientProtocolClient.java:onNext(255)) - client-A9DCF8B8BD5B->529edf8e-8eae-4246-b33f-5e44130d441c: receive RaftClientReply:client-A9DCF8B8BD5B->529edf8e-8eae-4246-b33f-5e44130d441c@group-A1CD1332DC7D, cid=2525, SUCCESS, logIndex=3722, commits[529edf8e-8eae-4246-b33f-5e44130d441c:c3722, 79bffca9-b028-4c53-a657-872ed973be73:c3718, 15654dff-55cd-4f70-96d8-4abf0c061563:c3718]
2019-07-09 15:04:38,894 INFO  client.GrpcClientProtocolClient (GrpcClientProtocolClient.java:onNext(255)) - client-A9DCF8B8BD5B->529edf8e-8eae-4246-b33f-5e44130d441c: receive RaftClientReply:client-A9DCF8B8BD5B->529edf8e-8eae-4246-b33f-5e44130d441c@group-A1CD1332DC7D, cid=2526, SUCCESS, logIndex=0, commits[529edf8e-8eae-4246-b33f-5e44130d441c:c3724, 79bffca9-b028-4c53-a657-872ed973be73:c3722, 15654dff-55cd-4f70-96d8-4abf0c061563:c3722]
2019-07-09 15:04:38,921 INFO  client.GrpcClientProtocolClient (GrpcClientProtocolClient.java:onNext(255)) - client-A9DCF8B8BD5B->529edf8e-8eae-4246-b33f-5e44130d441c: receive RaftClientReply:client-A9DCF8B8BD5B->529edf8e-8eae-4246-b33f-5e44130d441c@group-A1CD1332DC7D, cid=2527, SUCCESS, logIndex=3725, commits[529edf8e-8eae-4246-b33f-5e44130d441c:c3727, 79bffca9-b028-4c53-a657-872ed973be73:c3724, 15654dff-55cd-4f70-96d8-4abf0c061563:c3724]
2019-07-09 15:04:38,922 INFO  client.GrpcClientProtocolClient (GrpcClientProtocolClient.java:onNext(255)) - client-A9DCF8B8BD5B->529edf8e-8eae-4246-b33f-5e44130d441c: receive RaftClientReply:client-A9DCF8B8BD5B->529edf8e-8eae-4246-b33f-5e44130d441c@group-A1CD1332DC7D, cid=2528, SUCCESS, logIndex=3726, commits[529edf8e-8eae-4246-b33f-5e44130d441c:c3728, 79bffca9-b028-4c53-a657-872ed973be73:c3724, 15654dff-55cd-4f70-96d8-4abf0c061563:c3724]
2019-07-09 15:04:38,922 INFO  client.GrpcClientProtocolClient (GrpcClientProtocolClient.java:onNext(255)) - client-A9DCF8B8BD5B->529edf8e-8eae-4246-b33f-5e44130d441c: receive RaftClientReply:client-A9DCF8B8BD5B->529edf8e-8eae-4246-b33f-5e44130d441c@group-A1CD1332DC7D, cid=2529, SUCCESS, logIndex=3727, commits[529edf8e-8eae-4246-b33f-5e44130d441c:c3728, 79bffca9-b028-4c53-a657-872ed973be73:c3724, 15654dff-55cd-4f70-96d8-4abf0c061563:c3724]
2019-07-09 15:04:38,923 INFO  client.GrpcClientProtocolClient (GrpcClientProtocolClient.java:onNext(255)) - client-A9DCF8B8BD5B->529edf8e-8eae-4246-b33f-5e44130d441c: receive RaftClientReply:client-A9DCF8B8BD5B->529edf8e-8eae-4246-b33f-5e44130d441c@group-A1CD1332DC7D, cid=2530, SUCCESS, logIndex=3728, commits[529edf8e-8eae-4246-b33f-5e44130d441c:c3728, 79bffca9-b028-4c53-a657-872ed973be73:c3724, 15654dff-55cd-4f70-96d8-4abf0c061563:c3724]
2019-07-09 15:04:38,924 INFO  client.GrpcClientProtocolClient (GrpcClientProtocolClient.java:onNext(255)) - client-A9DCF8B8BD5B->529edf8e-8eae-4246-b33f-5e44130d441c: receive RaftClientReply:client-A9DCF8B8BD5B->529edf8e-8eae-4246-b33f-5e44130d441c@group-A1CD1332DC7D, cid=2531, SUCCESS, logIndex=0, commits[529edf8e-8eae-4246-b33f-5e44130d441c:c3730, 79bffca9-b028-4c53-a657-872ed973be73:c3726, 15654dff-55cd-4f70-96d8-4abf0c061563:c3726]
2019-07-09 15:04:38,937 INFO  client.GrpcClientProtocolClient (GrpcClientProtocolClient.java:onNext(255)) - client-A9DCF8B8BD5B->529edf8e-8eae-4246-b33f-5e44130d441c: receive RaftClientReply:client-A9DCF8B8BD5B->529edf8e-8eae-4246-b33f-5e44130d441c@group-A1CD1332DC7D, cid=2532, SUCCESS, logIndex=3733, commits[529edf8e-8eae-4246-b33f-5e44130d441c:c3734, 79bffca9-b028-4c53-a657-872ed973be73:c3728, 15654dff-55cd-4f70-96d8-4abf0c061563:c3732]
2019-07-09 15:04:38,938 INFO  client.GrpcClientProtocolClient (GrpcClientProtocolClient.java:onNext(255)) - client-A9DCF8B8BD5B->529edf8e-8eae-4246-b33f-5e44130d441c: receive RaftClientReply:client-A9DCF8B8BD5B->529edf8e-8eae-4246-b33f-5e44130d441c@group-A1CD1332DC7D, cid=2533, SUCCESS, logIndex=3734, commits[529edf8e-8eae-4246-b33f-5e44130d441c:c3734, 79bffca9-b028-4c53-a657-872ed973be73:c3732, 15654dff-55cd-4f70-96d8-4abf0c061563:c3732]
2019-07-09 15:04:38,956 INFO  client.GrpcClientProtocolClient (GrpcClientProtocolClient.java:onNext(255)) - client-A9DCF8B8BD5B->529edf8e-8eae-4246-b33f-5e44130d441c: receive RaftClientReply:client-A9DCF8B8BD5B->529edf8e-8eae-4246-b33f-5e44130d441c@group-A1CD1332DC7D, cid=2534, SUCCESS, logIndex=3737, commits[529edf8e-8eae-4246-b33f-5e44130d441c:c3738, 79bffca9-b028-4c53-a657-872ed973be73:c3736, 15654dff-55cd-4f70-96d8-4abf0c061563:c3736]
2019-07-09 15:04:38,957 INFO  client.GrpcClientProtocolClient (GrpcClientProtocolClient.java:onNext(255)) - client-A9DCF8B8BD5B->529edf8e-8eae-4246-b33f-5e44130d441c: receive RaftClientReply:client-A9DCF8B8BD5B->529edf8e-8eae-4246-b33f-5e44130d441c@group-A1CD1332DC7D, cid=2535, SUCCESS, logIndex=3738, commits[529edf8e-8eae-4246-b33f-5e44130d441c:c3738, 79bffca9-b028-4c53-a657-872ed973be73:c3736, 15654dff-55cd-4f70-96d8-4abf0c061563:c3736]
2019-07-09 15:04:38,969 INFO  client.GrpcClientProtocolClient (GrpcClientProtocolClient.java:onNext(255)) - client-A9DCF8B8BD5B->529edf8e-8eae-4246-b33f-5e44130d441c: receive RaftClientReply:client-A9DCF8B8BD5B->529edf8e-8eae-4246-b33f-5e44130d441c@group-A1CD1332DC7D, cid=2536, SUCCESS, logIndex=0, commits[529edf8e-8eae-4246-b33f-5e44130d441c:c3740, 79bffca9-b028-4c53-a657-872ed973be73:c3738, 15654dff-55cd-4f70-96d8-4abf0c061563:c3738]
2019-07-09 15:04:38,995 INFO  client.GrpcClientProtocolClient (GrpcClientProtocolClient.java:onNext(255)) - client-A9DCF8B8BD5B->529edf8e-8eae-4246-b33f-5e44130d441c: receive RaftClientReply:client-A9DCF8B8BD5B->529edf8e-8eae-4246-b33f-5e44130d441c@group-A1CD1332DC7D, cid=2537, SUCCESS, logIndex=3741, commits[529edf8e-8eae-4246-b33f-5e44130d441c:c3743, 79bffca9-b028-4c53-a657-872ed973be73:c3740, 15654dff-55cd-4f70-96d8-4abf0c061563:c3740]
2019-07-09 15:04:38,996 INFO  client.GrpcClientProtocolClient (GrpcClientProtocolClient.java:onNext(255)) - client-A9DCF8B8BD5B->529edf8e-8eae-4246-b33f-5e44130d441c: receive RaftClientReply:client-A9DCF8B8BD5B->529edf8e-8eae-4246-b33f-5e44130d441c@group-A1CD1332DC7D, cid=2538, SUCCESS, logIndex=3742, commits[529edf8e-8eae-4246-b33f-5e44130d441c:c3744, 79bffca9-b028-4c53-a657-872ed973be73:c3740, 15654dff-55cd-4f70-96d8-4abf0c061563:c3740]
2019-07-09 15:04:38,996 INFO  client.GrpcClientProtocolClient (GrpcClientProtocolClient.java:onNext(255)) - client-A9DCF8B8BD5B->529edf8e-8eae-4246-b33f-5e44130d441c: receive RaftClientReply:client-A9DCF8B8BD5B->529edf8e-8eae-4246-b33f-5e44130d441c@group-A1CD1332DC7D, cid=2539, SUCCESS, logIndex=3743, commits[529edf8e-8eae-4246-b33f-5e44130d441c:c3744, 79bffca9-b028-4c53-a657-872ed973be73:c3740, 15654dff-55cd-4f70-96d8-4abf0c061563:c3740]
2019-07-09 15:04:38,997 INFO  client.GrpcClientProtocolClient (GrpcClientProtocolClient.java:onNext(255)) - client-A9DCF8B8BD5B->529edf8e-8eae-4246-b33f-5e44130d441c: receive RaftClientReply:client-A9DCF8B8BD5B->529edf8e-8eae-4246-b33f-5e44130d441c@group-A1CD1332DC7D, cid=2540, SUCCESS, logIndex=3744, commits[529edf8e-8eae-4246-b33f-5e44130d441c:c3744, 79bffca9-b028-4c53-a657-872ed973be73:c3740, 15654dff-55cd-4f70-96d8-4abf0c061563:c3740]
2019-07-09 15:04:38,998 INFO  client.GrpcClientProtocolClient (GrpcClientProtocolClient.java:onNext(255)) - client-A9DCF8B8BD5B->529edf8e-8eae-4246-b33f-5e44130d441c: receive RaftClientReply:client-A9DCF8B8BD5B->529edf8e-8eae-4246-b33f-5e44130d441c@group-A1CD1332DC7D, cid=2541, SUCCESS, logIndex=0, commits[529edf8e-8eae-4246-b33f-5e44130d441c:c3748, 79bffca9-b028-4c53-a657-872ed973be73:c3743, 15654dff-55cd-4f70-96d8-4abf0c061563:c3744]
2019-07-09 15:04:39,017 INFO  client.GrpcClientProtocolClient (GrpcClientProtocolClient.java:onNext(255)) - client-A9DCF8B8BD5B->529edf8e-8eae-4246-b33f-5e44130d441c: receive RaftClientReply:client-A9DCF8B8BD5B->529edf8e-8eae-4246-b33f-5e44130d441c@group-A1CD1332DC7D, cid=2542, SUCCESS, logIndex=3749, commits[529edf8e-8eae-4246-b33f-5e44130d441c:c3749, 79bffca9-b028-4c53-a657-872ed973be73:c3748, 15654dff-55cd-4f70-96d8-4abf0c061563:c3748]
2019-07-09 15:04:39,017 INFO  client.GrpcClientProtocolClient (GrpcClientProtocolClient.java:onNext(255)) - client-A9DCF8B8BD5B->529edf8e-8eae-4246-b33f-5e44130d441c: receive RaftClientReply:client-A9DCF8B8BD5B->529edf8e-8eae-4246-b33f-5e44130d441c@group-A1CD1332DC7D, cid=2543, SUCCESS, logIndex=3750, commits[529edf8e-8eae-4246-b33f-5e44130d441c:c3750, 79bffca9-b028-4c53-a657-872ed973be73:c3748, 15654dff-55cd-4f70-96d8-4abf0c061563:c3748]
2019-07-09 15:04:39,030 INFO  client.GrpcClientProtocolClient (GrpcClientProtocolClient.java:onNext(255)) - client-A9DCF8B8BD5B->529edf8e-8eae-4246-b33f-5e44130d441c: receive RaftClientReply:client-A9DCF8B8BD5B->529edf8e-8eae-4246-b33f-5e44130d441c@group-A1CD1332DC7D, cid=2544, SUCCESS, logIndex=3753, commits[529edf8e-8eae-4246-b33f-5e44130d441c:c3753, 79bffca9-b028-4c53-a657-872ed973be73:c3750, 15654dff-55cd-4f70-96d8-4abf0c061563:c3750]
2019-07-09 15:04:39,030 INFO  client.GrpcClientProtocolClient (GrpcClientProtocolClient.java:onNext(255)) - client-A9DCF8B8BD5B->529edf8e-8eae-4246-b33f-5e44130d441c: receive RaftClientReply:client-A9DCF8B8BD5B->529edf8e-8eae-4246-b33f-5e44130d441c@group-A1CD1332DC7D, cid=2545, SUCCESS, logIndex=3754, commits[529edf8e-8eae-4246-b33f-5e44130d441c:c3754, 79bffca9-b028-4c53-a657-872ed973be73:c3750, 15654dff-55cd-4f70-96d8-4abf0c061563:c3750]
2019-07-09 15:04:39,035 INFO  client.GrpcClientProtocolClient (GrpcClientProtocolClient.java:onNext(255)) - client-A9DCF8B8BD5B->529edf8e-8eae-4246-b33f-5e44130d441c: receive RaftClientReply:client-A9DCF8B8BD5B->529edf8e-8eae-4246-b33f-5e44130d441c@group-A1CD1332DC7D, cid=2546, SUCCESS, logIndex=0, commits[529edf8e-8eae-4246-b33f-5e44130d441c:c3756, 79bffca9-b028-4c53-a657-872ed973be73:c3754, 15654dff-55cd-4f70-96d8-4abf0c061563:c3754]
 0.00% |█                                                                                                    |  0/1 Time: 0:00:212019-07-09 15:04:39,062 INFO  client.GrpcClientProtocolClient (GrpcClientProtocolClient.java:onNext(255)) - client-A9DCF8B8BD5B->529edf8e-8eae-4246-b33f-5e44130d441c: receive RaftClientReply:client-A9DCF8B8BD5B->529edf8e-8eae-4246-b33f-5e44130d441c@group-A1CD1332DC7D, cid=2547, SUCCESS, logIndex=3757, commits[529edf8e-8eae-4246-b33f-5e44130d441c:c3760, 79bffca9-b028-4c53-a657-872ed973be73:c3756, 15654dff-55cd-4f70-96d8-4abf0c061563:c3756]
2019-07-09 15:04:39,062 INFO  client.GrpcClientProtocolClient (GrpcClientProtocolClient.java:onNext(255)) - client-A9DCF8B8BD5B->529edf8e-8eae-4246-b33f-5e44130d441c: receive RaftClientReply:client-A9DCF8B8BD5B->529edf8e-8eae-4246-b33f-5e44130d441c@group-A1CD1332DC7D, cid=2548, SUCCESS, logIndex=3758, commits[529edf8e-8eae-4246-b33f-5e44130d441c:c3760, 79bffca9-b028-4c53-a657-872ed973be73:c3756, 15654dff-55cd-4f70-96d8-4abf0c061563:c3756]
2019-07-09 15:04:39,063 INFO  client.GrpcClientProtocolClient (GrpcClientProtocolClient.java:onNext(255)) - client-A9DCF8B8BD5B->529edf8e-8eae-4246-b33f-5e44130d441c: receive RaftClientReply:client-A9DCF8B8BD5B->529edf8e-8eae-4246-b33f-5e44130d441c@group-A1CD1332DC7D, cid=2549, SUCCESS, logIndex=3759, commits[529edf8e-8eae-4246-b33f-5e44130d441c:c3760, 79bffca9-b028-4c53-a657-872ed973be73:c3756, 15654dff-55cd-4f70-96d8-4abf0c061563:c3756]
2019-07-09 15:04:39,063 INFO  client.GrpcClientProtocolClient (GrpcClientProtocolClient.java:onNext(255)) - client-A9DCF8B8BD5B->529edf8e-8eae-4246-b33f-5e44130d441c: receive RaftClientReply:client-A9DCF8B8BD5B->529edf8e-8eae-4246-b33f-5e44130d441c@group-A1CD1332DC7D, cid=2550, SUCCESS, logIndex=3760, commits[529edf8e-8eae-4246-b33f-5e44130d441c:c3760, 79bffca9-b028-4c53-a657-872ed973be73:c3756, 15654dff-55cd-4f70-96d8-4abf0c061563:c3756]
2019-07-09 15:04:39,074 INFO  client.GrpcClientProtocolClient (GrpcClientProtocolClient.java:onNext(255)) - client-A9DCF8B8BD5B->529edf8e-8eae-4246-b33f-5e44130d441c: receive RaftClientReply:client-A9DCF8B8BD5B->529edf8e-8eae-4246-b33f-5e44130d441c@group-A1CD1332DC7D, cid=2551, SUCCESS, logIndex=0, commits[529edf8e-8eae-4246-b33f-5e44130d441c:c3761, 79bffca9-b028-4c53-a657-872ed973be73:c3759, 15654dff-55cd-4f70-96d8-4abf0c061563:c3759]
2019-07-09 15:04:39,099 INFO  client.GrpcClientProtocolClient (GrpcClientProtocolClient.java:onNext(255)) - client-A9DCF8B8BD5B->529edf8e-8eae-4246-b33f-5e44130d441c: receive RaftClientReply:client-A9DCF8B8BD5B->529edf8e-8eae-4246-b33f-5e44130d441c@group-A1CD1332DC7D, cid=2552, SUCCESS, logIndex=3764, commits[529edf8e-8eae-4246-b33f-5e44130d441c:c3765, 79bffca9-b028-4c53-a657-872ed973be73:c3763, 15654dff-55cd-4f70-96d8-4abf0c061563:c3763]
2019-07-09 15:04:39,100 INFO  client.GrpcClientProtocolClient (GrpcClientProtocolClient.java:onNext(255)) - client-A9DCF8B8BD5B->529edf8e-8eae-4246-b33f-5e44130d441c: receive RaftClientReply:client-A9DCF8B8BD5B->529edf8e-8eae-4246-b33f-5e44130d441c@group-A1CD1332DC7D, cid=2553, SUCCESS, logIndex=3765, commits[529edf8e-8eae-4246-b33f-5e44130d441c:c3765, 79bffca9-b028-4c53-a657-872ed973be73:c3763, 15654dff-55cd-4f70-96d8-4abf0c061563:c3763]
2019-07-09 15:04:39,113 INFO  client.GrpcClientProtocolClient (GrpcClientProtocolClient.java:onNext(255)) - client-A9DCF8B8BD5B->529edf8e-8eae-4246-b33f-5e44130d441c: receive RaftClientReply:client-A9DCF8B8BD5B->529edf8e-8eae-4246-b33f-5e44130d441c@group-A1CD1332DC7D, cid=2554, SUCCESS, logIndex=3768, commits[529edf8e-8eae-4246-b33f-5e44130d441c:c3769, 79bffca9-b028-4c53-a657-872ed973be73:c3765, 15654dff-55cd-4f70-96d8-4abf0c061563:c3765]
2019-07-09 15:04:39,113 INFO  client.GrpcClientProtocolClient (GrpcClientProtocolClient.java:onNext(255)) - client-A9DCF8B8BD5B->529edf8e-8eae-4246-b33f-5e44130d441c: receive RaftClientReply:client-A9DCF8B8BD5B->529edf8e-8eae-4246-b33f-5e44130d441c@group-A1CD1332DC7D, cid=2555, SUCCESS, logIndex=3769, commits[529edf8e-8eae-4246-b33f-5e44130d441c:c3769, 79bffca9-b028-4c53-a657-872ed973be73:c3765, 15654dff-55cd-4f70-96d8-4abf0c061563:c3765]
2019-07-09 15:04:39,126 INFO  client.GrpcClientProtocolClient (GrpcClientProtocolClient.java:onNext(255)) - client-A9DCF8B8BD5B->529edf8e-8eae-4246-b33f-5e44130d441c: receive RaftClientReply:client-A9DCF8B8BD5B->529edf8e-8eae-4246-b33f-5e44130d441c@group-A1CD1332DC7D, cid=2556, SUCCESS, logIndex=0, commits[529edf8e-8eae-4246-b33f-5e44130d441c:c3771, 79bffca9-b028-4c53-a657-872ed973be73:c3769, 15654dff-55cd-4f70-96d8-4abf0c061563:c3769]
2019-07-09 15:04:39,160 INFO  client.GrpcClientProtocolClient (GrpcClientProtocolClient.java:onNext(255)) - client-A9DCF8B8BD5B->529edf8e-8eae-4246-b33f-5e44130d441c: receive RaftClientReply:client-A9DCF8B8BD5B->529edf8e-8eae-4246-b33f-5e44130d441c@group-A1CD1332DC7D, cid=2557, SUCCESS, logIndex=3772, commits[529edf8e-8eae-4246-b33f-5e44130d441c:c3773, 79bffca9-b028-4c53-a657-872ed973be73:c3771, 15654dff-55cd-4f70-96d8-4abf0c061563:c3771]
2019-07-09 15:04:39,161 INFO  client.GrpcClientProtocolClient (GrpcClientProtocolClient.java:onNext(255)) - client-A9DCF8B8BD5B->529edf8e-8eae-4246-b33f-5e44130d441c: receive RaftClientReply:client-A9DCF8B8BD5B->529edf8e-8eae-4246-b33f-5e44130d441c@group-A1CD1332DC7D, cid=2558, SUCCESS, logIndex=3773, commits[529edf8e-8eae-4246-b33f-5e44130d441c:c3773, 79bffca9-b028-4c53-a657-872ed973be73:c3771, 15654dff-55cd-4f70-96d8-4abf0c061563:c3771]
2019-07-09 15:04:39,173 INFO  client.GrpcClientProtocolClient (GrpcClientProtocolClient.java:onNext(255)) - client-A9DCF8B8BD5B->529edf8e-8eae-4246-b33f-5e44130d441c: receive RaftClientReply:client-A9DCF8B8BD5B->529edf8e-8eae-4246-b33f-5e44130d441c@group-A1CD1332DC7D, cid=2559, SUCCESS, logIndex=3774, commits[529edf8e-8eae-4246-b33f-5e44130d441c:c3775, 79bffca9-b028-4c53-a657-872ed973be73:c3771, 15654dff-55cd-4f70-96d8-4abf0c061563:c3771]
2019-07-09 15:04:39,173 INFO  client.GrpcClientProtocolClient (GrpcClientProtocolClient.java:onNext(255)) - client-A9DCF8B8BD5B->529edf8e-8eae-4246-b33f-5e44130d441c: receive RaftClientReply:client-A9DCF8B8BD5B->529edf8e-8eae-4246-b33f-5e44130d441c@group-A1CD1332DC7D, cid=2560, SUCCESS, logIndex=3775, commits[529edf8e-8eae-4246-b33f-5e44130d441c:c3777, 79bffca9-b028-4c53-a657-872ed973be73:c3772, 15654dff-55cd-4f70-96d8-4abf0c061563:c3773]
2019-07-09 15:04:39,175 INFO  client.GrpcClientProtocolClient (GrpcClientProtocolClient.java:onNext(255)) - client-A9DCF8B8BD5B->529edf8e-8eae-4246-b33f-5e44130d441c: receive RaftClientReply:client-A9DCF8B8BD5B->529edf8e-8eae-4246-b33f-5e44130d441c@group-A1CD1332DC7D, cid=2561, SUCCESS, logIndex=0, commits[529edf8e-8eae-4246-b33f-5e44130d441c:c3779, 79bffca9-b028-4c53-a657-872ed973be73:c3775, 15654dff-55cd-4f70-96d8-4abf0c061563:c3775]
2019-07-09 15:04:39,196 INFO  client.GrpcClientProtocolClient (GrpcClientProtocolClient.java:onNext(255)) - client-A9DCF8B8BD5B->529edf8e-8eae-4246-b33f-5e44130d441c: receive RaftClientReply:client-A9DCF8B8BD5B->529edf8e-8eae-4246-b33f-5e44130d441c@group-A1CD1332DC7D, cid=2562, SUCCESS, logIndex=3780, commits[529edf8e-8eae-4246-b33f-5e44130d441c:c3781, 79bffca9-b028-4c53-a657-872ed973be73:c3779, 15654dff-55cd-4f70-96d8-4abf0c061563:c3779]
2019-07-09 15:04:39,197 INFO  client.GrpcClientProtocolClient (GrpcClientProtocolClient.java:onNext(255)) - client-A9DCF8B8BD5B->529edf8e-8eae-4246-b33f-5e44130d441c: receive RaftClientReply:client-A9DCF8B8BD5B->529edf8e-8eae-4246-b33f-5e44130d441c@group-A1CD1332DC7D, cid=2563, SUCCESS, logIndex=3781, commits[529edf8e-8eae-4246-b33f-5e44130d441c:c3781, 79bffca9-b028-4c53-a657-872ed973be73:c3779, 15654dff-55cd-4f70-96d8-4abf0c061563:c3779]
2019-07-09 15:04:39,209 INFO  client.GrpcClientProtocolClient (GrpcClientProtocolClient.java:onNext(255)) - client-A9DCF8B8BD5B->529edf8e-8eae-4246-b33f-5e44130d441c: receive RaftClientReply:client-A9DCF8B8BD5B->529edf8e-8eae-4246-b33f-5e44130d441c@group-A1CD1332DC7D, cid=2564, SUCCESS, logIndex=3784, commits[529edf8e-8eae-4246-b33f-5e44130d441c:c3785, 79bffca9-b028-4c53-a657-872ed973be73:c3781, 15654dff-55cd-4f70-96d8-4abf0c061563:c3781]
2019-07-09 15:04:39,210 INFO  client.GrpcClientProtocolClient (GrpcClientProtocolClient.java:onNext(255)) - client-A9DCF8B8BD5B->529edf8e-8eae-4246-b33f-5e44130d441c: receive RaftClientReply:client-A9DCF8B8BD5B->529edf8e-8eae-4246-b33f-5e44130d441c@group-A1CD1332DC7D, cid=2565, SUCCESS, logIndex=3785, commits[529edf8e-8eae-4246-b33f-5e44130d441c:c3785, 79bffca9-b028-4c53-a657-872ed973be73:c3781, 15654dff-55cd-4f70-96d8-4abf0c061563:c3781]
2019-07-09 15:04:39,223 INFO  client.GrpcClientProtocolClient (GrpcClientProtocolClient.java:onNext(255)) - client-A9DCF8B8BD5B->529edf8e-8eae-4246-b33f-5e44130d441c: receive RaftClientReply:client-A9DCF8B8BD5B->529edf8e-8eae-4246-b33f-5e44130d441c@group-A1CD1332DC7D, cid=2566, SUCCESS, logIndex=0, commits[529edf8e-8eae-4246-b33f-5e44130d441c:c3786, 79bffca9-b028-4c53-a657-872ed973be73:c3785, 15654dff-55cd-4f70-96d8-4abf0c061563:c3785]
2019-07-09 15:04:39,253 INFO  client.GrpcClientProtocolClient (GrpcClientProtocolClient.java:onNext(255)) - client-A9DCF8B8BD5B->529edf8e-8eae-4246-b33f-5e44130d441c: receive RaftClientReply:client-A9DCF8B8BD5B->529edf8e-8eae-4246-b33f-5e44130d441c@group-A1CD1332DC7D, cid=2567, SUCCESS, logIndex=3788, commits[529edf8e-8eae-4246-b33f-5e44130d441c:c3789, 79bffca9-b028-4c53-a657-872ed973be73:c3787, 15654dff-55cd-4f70-96d8-4abf0c061563:c3787]
2019-07-09 15:04:39,254 INFO  client.GrpcClientProtocolClient (GrpcClientProtocolClient.java:onNext(255)) - client-A9DCF8B8BD5B->529edf8e-8eae-4246-b33f-5e44130d441c: receive RaftClientReply:client-A9DCF8B8BD5B->529edf8e-8eae-4246-b33f-5e44130d441c@group-A1CD1332DC7D, cid=2568, SUCCESS, logIndex=3789, commits[529edf8e-8eae-4246-b33f-5e44130d441c:c3789, 79bffca9-b028-4c53-a657-872ed973be73:c3787, 15654dff-55cd-4f70-96d8-4abf0c061563:c3787]
2019-07-09 15:04:39,254 INFO  client.GrpcClientProtocolClient (GrpcClientProtocolClient.java:onNext(255)) - client-A9DCF8B8BD5B->529edf8e-8eae-4246-b33f-5e44130d441c: receive RaftClientReply:client-A9DCF8B8BD5B->529edf8e-8eae-4246-b33f-5e44130d441c@group-A1CD1332DC7D, cid=2569, SUCCESS, logIndex=3790, commits[529edf8e-8eae-4246-b33f-5e44130d441c:c3791, 79bffca9-b028-4c53-a657-872ed973be73:c3787, 15654dff-55cd-4f70-96d8-4abf0c061563:c3787]
2019-07-09 15:04:39,255 INFO  client.GrpcClientProtocolClient (GrpcClientProtocolClient.java:onNext(255)) - client-A9DCF8B8BD5B->529edf8e-8eae-4246-b33f-5e44130d441c: receive RaftClientReply:client-A9DCF8B8BD5B->529edf8e-8eae-4246-b33f-5e44130d441c@group-A1CD1332DC7D, cid=2570, SUCCESS, logIndex=3791, commits[529edf8e-8eae-4246-b33f-5e44130d441c:c3791, 79bffca9-b028-4c53-a657-872ed973be73:c3787, 15654dff-55cd-4f70-96d8-4abf0c061563:c3787]
2019-07-09 15:04:39,256 INFO  client.GrpcClientProtocolClient (GrpcClientProtocolClient.java:onNext(255)) - client-A9DCF8B8BD5B->529edf8e-8eae-4246-b33f-5e44130d441c: receive RaftClientReply:client-A9DCF8B8BD5B->529edf8e-8eae-4246-b33f-5e44130d441c@group-A1CD1332DC7D, cid=2571, SUCCESS, logIndex=0, commits[529edf8e-8eae-4246-b33f-5e44130d441c:c3792, 79bffca9-b028-4c53-a657-872ed973be73:c3789, 15654dff-55cd-4f70-96d8-4abf0c061563:c3789]
2019-07-09 15:04:39,412 INFO  client.GrpcClientProtocolClient (GrpcClientProtocolClient.java:onNext(255)) - client-A9DCF8B8BD5B->529edf8e-8eae-4246-b33f-5e44130d441c: receive RaftClientReply:client-A9DCF8B8BD5B->529edf8e-8eae-4246-b33f-5e44130d441c@group-A1CD1332DC7D, cid=2572, SUCCESS, logIndex=3796, commits[529edf8e-8eae-4246-b33f-5e44130d441c:c3797, 79bffca9-b028-4c53-a657-872ed973be73:c3795, 15654dff-55cd-4f70-96d8-4abf0c061563:c3795]
2019-07-09 15:04:39,412 INFO  client.GrpcClientProtocolClient (GrpcClientProtocolClient.java:onNext(255)) - client-A9DCF8B8BD5B->529edf8e-8eae-4246-b33f-5e44130d441c: receive RaftClientReply:client-A9DCF8B8BD5B->529edf8e-8eae-4246-b33f-5e44130d441c@group-A1CD1332DC7D, cid=2573, SUCCESS, logIndex=3797, commits[529edf8e-8eae-4246-b33f-5e44130d441c:c3797, 79bffca9-b028-4c53-a657-872ed973be73:c3795, 15654dff-55cd-4f70-96d8-4abf0c061563:c3795]
2019-07-09 15:04:39,425 INFO  client.GrpcClientProtocolClient (GrpcClientProtocolClient.java:onNext(255)) - client-A9DCF8B8BD5B->529edf8e-8eae-4246-b33f-5e44130d441c: receive RaftClientReply:client-A9DCF8B8BD5B->529edf8e-8eae-4246-b33f-5e44130d441c@group-A1CD1332DC7D, cid=2574, SUCCESS, logIndex=3800, commits[529edf8e-8eae-4246-b33f-5e44130d441c:c3801, 79bffca9-b028-4c53-a657-872ed973be73:c3796, 15654dff-55cd-4f70-96d8-4abf0c061563:c3797]
2019-07-09 15:04:39,426 INFO  client.GrpcClientProtocolClient (GrpcClientProtocolClient.java:onNext(255)) - client-A9DCF8B8BD5B->529edf8e-8eae-4246-b33f-5e44130d441c: receive RaftClientReply:client-A9DCF8B8BD5B->529edf8e-8eae-4246-b33f-5e44130d441c@group-A1CD1332DC7D, cid=2575, SUCCESS, logIndex=3801, commits[529edf8e-8eae-4246-b33f-5e44130d441c:c3801, 79bffca9-b028-4c53-a657-872ed973be73:c3797, 15654dff-55cd-4f70-96d8-4abf0c061563:c3797]
2019-07-09 15:04:39,429 INFO  client.GrpcClientProtocolClient (GrpcClientProtocolClient.java:onNext(255)) - client-A9DCF8B8BD5B->529edf8e-8eae-4246-b33f-5e44130d441c: receive RaftClientReply:client-A9DCF8B8BD5B->529edf8e-8eae-4246-b33f-5e44130d441c@group-A1CD1332DC7D, cid=2576, SUCCESS, logIndex=0, commits[529edf8e-8eae-4246-b33f-5e44130d441c:c3803, 79bffca9-b028-4c53-a657-872ed973be73:c3801, 15654dff-55cd-4f70-96d8-4abf0c061563:c3801]
2019-07-09 15:04:39,463 INFO  client.GrpcClientProtocolClient (GrpcClientProtocolClient.java:onNext(255)) - client-A9DCF8B8BD5B->529edf8e-8eae-4246-b33f-5e44130d441c: receive RaftClientReply:client-A9DCF8B8BD5B->529edf8e-8eae-4246-b33f-5e44130d441c@group-A1CD1332DC7D, cid=2577, SUCCESS, logIndex=3804, commits[529edf8e-8eae-4246-b33f-5e44130d441c:c3805, 79bffca9-b028-4c53-a657-872ed973be73:c3803, 15654dff-55cd-4f70-96d8-4abf0c061563:c3803]
2019-07-09 15:04:39,463 INFO  client.GrpcClientProtocolClient (GrpcClientProtocolClient.java:onNext(255)) - client-A9DCF8B8BD5B->529edf8e-8eae-4246-b33f-5e44130d441c: receive RaftClientReply:client-A9DCF8B8BD5B->529edf8e-8eae-4246-b33f-5e44130d441c@group-A1CD1332DC7D, cid=2578, SUCCESS, logIndex=3805, commits[529edf8e-8eae-4246-b33f-5e44130d441c:c3805, 79bffca9-b028-4c53-a657-872ed973be73:c3803, 15654dff-55cd-4f70-96d8-4abf0c061563:c3803]
2019-07-09 15:04:39,464 INFO  client.GrpcClientProtocolClient (GrpcClientProtocolClient.java:onNext(255)) - client-A9DCF8B8BD5B->529edf8e-8eae-4246-b33f-5e44130d441c: receive RaftClientReply:client-A9DCF8B8BD5B->529edf8e-8eae-4246-b33f-5e44130d441c@group-A1CD1332DC7D, cid=2579, SUCCESS, logIndex=3806, commits[529edf8e-8eae-4246-b33f-5e44130d441c:c3807, 79bffca9-b028-4c53-a657-872ed973be73:c3803, 15654dff-55cd-4f70-96d8-4abf0c061563:c3803]
2019-07-09 15:04:39,464 INFO  client.GrpcClientProtocolClient (GrpcClientProtocolClient.java:onNext(255)) - client-A9DCF8B8BD5B->529edf8e-8eae-4246-b33f-5e44130d441c: receive RaftClientReply:client-A9DCF8B8BD5B->529edf8e-8eae-4246-b33f-5e44130d441c@group-A1CD1332DC7D, cid=2580, SUCCESS, logIndex=3807, commits[529edf8e-8eae-4246-b33f-5e44130d441c:c3807, 79bffca9-b028-4c53-a657-872ed973be73:c3803, 15654dff-55cd-4f70-96d8-4abf0c061563:c3803]
2019-07-09 15:04:39,465 INFO  client.GrpcClientProtocolClient (GrpcClientProtocolClient.java:onNext(255)) - client-A9DCF8B8BD5B->529edf8e-8eae-4246-b33f-5e44130d441c: receive RaftClientReply:client-A9DCF8B8BD5B->529edf8e-8eae-4246-b33f-5e44130d441c@group-A1CD1332DC7D, cid=2581, SUCCESS, logIndex=0, commits[529edf8e-8eae-4246-b33f-5e44130d441c:c3809, 79bffca9-b028-4c53-a657-872ed973be73:c3805, 15654dff-55cd-4f70-96d8-4abf0c061563:c3805]
2019-07-09 15:04:39,487 INFO  client.GrpcClientProtocolClient (GrpcClientProtocolClient.java:onNext(255)) - client-A9DCF8B8BD5B->529edf8e-8eae-4246-b33f-5e44130d441c: receive RaftClientReply:client-A9DCF8B8BD5B->529edf8e-8eae-4246-b33f-5e44130d441c@group-A1CD1332DC7D, cid=2582, SUCCESS, logIndex=3812, commits[529edf8e-8eae-4246-b33f-5e44130d441c:c3813, 79bffca9-b028-4c53-a657-872ed973be73:c3811, 15654dff-55cd-4f70-96d8-4abf0c061563:c3811]
2019-07-09 15:04:39,488 INFO  client.GrpcClientProtocolClient (GrpcClientProtocolClient.java:onNext(255)) - client-A9DCF8B8BD5B->529edf8e-8eae-4246-b33f-5e44130d441c: receive RaftClientReply:client-A9DCF8B8BD5B->529edf8e-8eae-4246-b33f-5e44130d441c@group-A1CD1332DC7D, cid=2583, SUCCESS, logIndex=3813, commits[529edf8e-8eae-4246-b33f-5e44130d441c:c3813, 79bffca9-b028-4c53-a657-872ed973be73:c3811, 15654dff-55cd-4f70-96d8-4abf0c061563:c3811]
2019-07-09 15:04:39,501 INFO  client.GrpcClientProtocolClient (GrpcClientProtocolClient.java:onNext(255)) - client-A9DCF8B8BD5B->529edf8e-8eae-4246-b33f-5e44130d441c: receive RaftClientReply:client-A9DCF8B8BD5B->529edf8e-8eae-4246-b33f-5e44130d441c@group-A1CD1332DC7D, cid=2584, SUCCESS, logIndex=3816, commits[529edf8e-8eae-4246-b33f-5e44130d441c:c3817, 79bffca9-b028-4c53-a657-872ed973be73:c3813, 15654dff-55cd-4f70-96d8-4abf0c061563:c3812]
2019-07-09 15:04:39,501 INFO  client.GrpcClientProtocolClient (GrpcClientProtocolClient.java:onNext(255)) - client-A9DCF8B8BD5B->529edf8e-8eae-4246-b33f-5e44130d441c: receive RaftClientReply:client-A9DCF8B8BD5B->529edf8e-8eae-4246-b33f-5e44130d441c@group-A1CD1332DC7D, cid=2585, SUCCESS, logIndex=3817, commits[529edf8e-8eae-4246-b33f-5e44130d441c:c3817, 79bffca9-b028-4c53-a657-872ed973be73:c3813, 15654dff-55cd-4f70-96d8-4abf0c061563:c3813]
2019-07-09 15:04:39,504 INFO  client.GrpcClientProtocolClient (GrpcClientProtocolClient.java:onNext(255)) - client-A9DCF8B8BD5B->529edf8e-8eae-4246-b33f-5e44130d441c: receive RaftClientReply:client-A9DCF8B8BD5B->529edf8e-8eae-4246-b33f-5e44130d441c@group-A1CD1332DC7D, cid=2586, SUCCESS, logIndex=0, commits[529edf8e-8eae-4246-b33f-5e44130d441c:c3819, 79bffca9-b028-4c53-a657-872ed973be73:c3817, 15654dff-55cd-4f70-96d8-4abf0c061563:c3817]
2019-07-09 15:04:39,534 INFO  client.GrpcClientProtocolClient (GrpcClientProtocolClient.java:onNext(255)) - client-A9DCF8B8BD5B->529edf8e-8eae-4246-b33f-5e44130d441c: receive RaftClientReply:client-A9DCF8B8BD5B->529edf8e-8eae-4246-b33f-5e44130d441c@group-A1CD1332DC7D, cid=2587, SUCCESS, logIndex=3820, commits[529edf8e-8eae-4246-b33f-5e44130d441c:c3822, 79bffca9-b028-4c53-a657-872ed973be73:c3819, 15654dff-55cd-4f70-96d8-4abf0c061563:c3819]
2019-07-09 15:04:39,534 INFO  client.GrpcClientProtocolClient (GrpcClientProtocolClient.java:onNext(255)) - client-A9DCF8B8BD5B->529edf8e-8eae-4246-b33f-5e44130d441c: receive RaftClientReply:client-A9DCF8B8BD5B->529edf8e-8eae-4246-b33f-5e44130d441c@group-A1CD1332DC7D, cid=2588, SUCCESS, logIndex=3821, commits[529edf8e-8eae-4246-b33f-5e44130d441c:c3823, 79bffca9-b028-4c53-a657-872ed973be73:c3819, 15654dff-55cd-4f70-96d8-4abf0c061563:c3819]
2019-07-09 15:04:39,535 INFO  client.GrpcClientProtocolClient (GrpcClientProtocolClient.java:onNext(255)) - client-A9DCF8B8BD5B->529edf8e-8eae-4246-b33f-5e44130d441c: receive RaftClientReply:client-A9DCF8B8BD5B->529edf8e-8eae-4246-b33f-5e44130d441c@group-A1CD1332DC7D, cid=2589, SUCCESS, logIndex=3822, commits[529edf8e-8eae-4246-b33f-5e44130d441c:c3823, 79bffca9-b028-4c53-a657-872ed973be73:c3819, 15654dff-55cd-4f70-96d8-4abf0c061563:c3819]
2019-07-09 15:04:39,535 INFO  client.GrpcClientProtocolClient (GrpcClientProtocolClient.java:onNext(255)) - client-A9DCF8B8BD5B->529edf8e-8eae-4246-b33f-5e44130d441c: receive RaftClientReply:client-A9DCF8B8BD5B->529edf8e-8eae-4246-b33f-5e44130d441c@group-A1CD1332DC7D, cid=2590, SUCCESS, logIndex=3823, commits[529edf8e-8eae-4246-b33f-5e44130d441c:c3823, 79bffca9-b028-4c53-a657-872ed973be73:c3819, 15654dff-55cd-4f70-96d8-4abf0c061563:c3819]
2019-07-09 15:04:39,536 INFO  client.GrpcClientProtocolClient (GrpcClientProtocolClient.java:onNext(255)) - client-A9DCF8B8BD5B->529edf8e-8eae-4246-b33f-5e44130d441c: receive RaftClientReply:client-A9DCF8B8BD5B->529edf8e-8eae-4246-b33f-5e44130d441c@group-A1CD1332DC7D, cid=2591, SUCCESS, logIndex=0, commits[529edf8e-8eae-4246-b33f-5e44130d441c:c3826, 79bffca9-b028-4c53-a657-872ed973be73:c3822, 15654dff-55cd-4f70-96d8-4abf0c061563:c3821]
2019-07-09 15:04:39,556 INFO  client.GrpcClientProtocolClient (GrpcClientProtocolClient.java:onNext(255)) - client-A9DCF8B8BD5B->529edf8e-8eae-4246-b33f-5e44130d441c: receive RaftClientReply:client-A9DCF8B8BD5B->529edf8e-8eae-4246-b33f-5e44130d441c@group-A1CD1332DC7D, cid=2592, SUCCESS, logIndex=3828, commits[529edf8e-8eae-4246-b33f-5e44130d441c:c3829, 79bffca9-b028-4c53-a657-872ed973be73:c3827, 15654dff-55cd-4f70-96d8-4abf0c061563:c3827]
2019-07-09 15:04:39,556 INFO  client.GrpcClientProtocolClient (GrpcClientProtocolClient.java:onNext(255)) - client-A9DCF8B8BD5B->529edf8e-8eae-4246-b33f-5e44130d441c: receive RaftClientReply:client-A9DCF8B8BD5B->529edf8e-8eae-4246-b33f-5e44130d441c@group-A1CD1332DC7D, cid=2593, SUCCESS, logIndex=3829, commits[529edf8e-8eae-4246-b33f-5e44130d441c:c3829, 79bffca9-b028-4c53-a657-872ed973be73:c3827, 15654dff-55cd-4f70-96d8-4abf0c061563:c3827]
2019-07-09 15:04:39,569 INFO  client.GrpcClientProtocolClient (GrpcClientProtocolClient.java:onNext(255)) - client-A9DCF8B8BD5B->529edf8e-8eae-4246-b33f-5e44130d441c: receive RaftClientReply:client-A9DCF8B8BD5B->529edf8e-8eae-4246-b33f-5e44130d441c@group-A1CD1332DC7D, cid=2594, SUCCESS, logIndex=3832, commits[529edf8e-8eae-4246-b33f-5e44130d441c:c3833, 79bffca9-b028-4c53-a657-872ed973be73:c3829, 15654dff-55cd-4f70-96d8-4abf0c061563:c3829]
2019-07-09 15:04:39,570 INFO  client.GrpcClientProtocolClient (GrpcClientProtocolClient.java:onNext(255)) - client-A9DCF8B8BD5B->529edf8e-8eae-4246-b33f-5e44130d441c: receive RaftClientReply:client-A9DCF8B8BD5B->529edf8e-8eae-4246-b33f-5e44130d441c@group-A1CD1332DC7D, cid=2595, SUCCESS, logIndex=3833, commits[529edf8e-8eae-4246-b33f-5e44130d441c:c3833, 79bffca9-b028-4c53-a657-872ed973be73:c3829, 15654dff-55cd-4f70-96d8-4abf0c061563:c3829]
2019-07-09 15:04:39,582 INFO  client.GrpcClientProtocolClient (GrpcClientProtocolClient.java:onNext(255)) - client-A9DCF8B8BD5B->529edf8e-8eae-4246-b33f-5e44130d441c: receive RaftClientReply:client-A9DCF8B8BD5B->529edf8e-8eae-4246-b33f-5e44130d441c@group-A1CD1332DC7D, cid=2596, SUCCESS, logIndex=0, commits[529edf8e-8eae-4246-b33f-5e44130d441c:c3835, 79bffca9-b028-4c53-a657-872ed973be73:c3833, 15654dff-55cd-4f70-96d8-4abf0c061563:c3833]
2019-07-09 15:04:39,612 INFO  client.GrpcClientProtocolClient (GrpcClientProtocolClient.java:onNext(255)) - client-A9DCF8B8BD5B->529edf8e-8eae-4246-b33f-5e44130d441c: receive RaftClientReply:client-A9DCF8B8BD5B->529edf8e-8eae-4246-b33f-5e44130d441c@group-A1CD1332DC7D, cid=2597, SUCCESS, logIndex=3836, commits[529edf8e-8eae-4246-b33f-5e44130d441c:c3837, 79bffca9-b028-4c53-a657-872ed973be73:c3835, 15654dff-55cd-4f70-96d8-4abf0c061563:c3835]
2019-07-09 15:04:39,612 INFO  client.GrpcClientProtocolClient (GrpcClientProtocolClient.java:onNext(255)) - client-A9DCF8B8BD5B->529edf8e-8eae-4246-b33f-5e44130d441c: receive RaftClientReply:client-A9DCF8B8BD5B->529edf8e-8eae-4246-b33f-5e44130d441c@group-A1CD1332DC7D, cid=2598, SUCCESS, logIndex=3837, commits[529edf8e-8eae-4246-b33f-5e44130d441c:c3839, 79bffca9-b028-4c53-a657-872ed973be73:c3835, 15654dff-55cd-4f70-96d8-4abf0c061563:c3835]
2019-07-09 15:04:39,612 INFO  client.GrpcClientProtocolClient (GrpcClientProtocolClient.java:onNext(255)) - client-A9DCF8B8BD5B->529edf8e-8eae-4246-b33f-5e44130d441c: receive RaftClientReply:client-A9DCF8B8BD5B->529edf8e-8eae-4246-b33f-5e44130d441c@group-A1CD1332DC7D, cid=2599, SUCCESS, logIndex=3838, commits[529edf8e-8eae-4246-b33f-5e44130d441c:c3839, 79bffca9-b028-4c53-a657-872ed973be73:c3835, 15654dff-55cd-4f70-96d8-4abf0c061563:c3835]
2019-07-09 15:04:39,612 INFO  client.GrpcClientProtocolClient (GrpcClientProtocolClient.java:onNext(255)) - client-A9DCF8B8BD5B->529edf8e-8eae-4246-b33f-5e44130d441c: receive RaftClientReply:client-A9DCF8B8BD5B->529edf8e-8eae-4246-b33f-5e44130d441c@group-A1CD1332DC7D, cid=2600, SUCCESS, logIndex=3839, commits[529edf8e-8eae-4246-b33f-5e44130d441c:c3839, 79bffca9-b028-4c53-a657-872ed973be73:c3835, 15654dff-55cd-4f70-96d8-4abf0c061563:c3835]
2019-07-09 15:04:39,614 INFO  client.GrpcClientProtocolClient (GrpcClientProtocolClient.java:onNext(255)) - client-A9DCF8B8BD5B->529edf8e-8eae-4246-b33f-5e44130d441c: receive RaftClientReply:client-A9DCF8B8BD5B->529edf8e-8eae-4246-b33f-5e44130d441c@group-A1CD1332DC7D, cid=2601, SUCCESS, logIndex=0, commits[529edf8e-8eae-4246-b33f-5e44130d441c:c3842, 79bffca9-b028-4c53-a657-872ed973be73:c3839, 15654dff-55cd-4f70-96d8-4abf0c061563:c3837]
2019-07-09 15:04:39,634 INFO  client.GrpcClientProtocolClient (GrpcClientProtocolClient.java:onNext(255)) - client-A9DCF8B8BD5B->529edf8e-8eae-4246-b33f-5e44130d441c: receive RaftClientReply:client-A9DCF8B8BD5B->529edf8e-8eae-4246-b33f-5e44130d441c@group-A1CD1332DC7D, cid=2602, SUCCESS, logIndex=3843, commits[529edf8e-8eae-4246-b33f-5e44130d441c:c3844, 79bffca9-b028-4c53-a657-872ed973be73:c3842, 15654dff-55cd-4f70-96d8-4abf0c061563:c3842]
2019-07-09 15:04:39,634 INFO  client.GrpcClientProtocolClient (GrpcClientProtocolClient.java:onNext(255)) - client-A9DCF8B8BD5B->529edf8e-8eae-4246-b33f-5e44130d441c: receive RaftClientReply:client-A9DCF8B8BD5B->529edf8e-8eae-4246-b33f-5e44130d441c@group-A1CD1332DC7D, cid=2603, SUCCESS, logIndex=3844, commits[529edf8e-8eae-4246-b33f-5e44130d441c:c3844, 79bffca9-b028-4c53-a657-872ed973be73:c3842, 15654dff-55cd-4f70-96d8-4abf0c061563:c3842]
2019-07-09 15:04:39,652 INFO  client.GrpcClientProtocolClient (GrpcClientProtocolClient.java:onNext(255)) - client-A9DCF8B8BD5B->529edf8e-8eae-4246-b33f-5e44130d441c: receive RaftClientReply:client-A9DCF8B8BD5B->529edf8e-8eae-4246-b33f-5e44130d441c@group-A1CD1332DC7D, cid=2604, SUCCESS, logIndex=3847, commits[529edf8e-8eae-4246-b33f-5e44130d441c:c3848, 79bffca9-b028-4c53-a657-872ed973be73:c3844, 15654dff-55cd-4f70-96d8-4abf0c061563:c3844]
2019-07-09 15:04:39,652 INFO  client.GrpcClientProtocolClient (GrpcClientProtocolClient.java:onNext(255)) - client-A9DCF8B8BD5B->529edf8e-8eae-4246-b33f-5e44130d441c: receive RaftClientReply:client-A9DCF8B8BD5B->529edf8e-8eae-4246-b33f-5e44130d441c@group-A1CD1332DC7D, cid=2605, SUCCESS, logIndex=3848, commits[529edf8e-8eae-4246-b33f-5e44130d441c:c3848, 79bffca9-b028-4c53-a657-872ed973be73:c3844, 15654dff-55cd-4f70-96d8-4abf0c061563:c3844]
2019-07-09 15:04:39,665 INFO  client.GrpcClientProtocolClient (GrpcClientProtocolClient.java:onNext(255)) - client-A9DCF8B8BD5B->529edf8e-8eae-4246-b33f-5e44130d441c: receive RaftClientReply:client-A9DCF8B8BD5B->529edf8e-8eae-4246-b33f-5e44130d441c@group-A1CD1332DC7D, cid=2606, SUCCESS, logIndex=0, commits[529edf8e-8eae-4246-b33f-5e44130d441c:c3849, 79bffca9-b028-4c53-a657-872ed973be73:c3848, 15654dff-55cd-4f70-96d8-4abf0c061563:c3848]
2019-07-09 15:04:39,696 INFO  client.GrpcClientProtocolClient (GrpcClientProtocolClient.java:onNext(255)) - client-A9DCF8B8BD5B->529edf8e-8eae-4246-b33f-5e44130d441c: receive RaftClientReply:client-A9DCF8B8BD5B->529edf8e-8eae-4246-b33f-5e44130d441c@group-A1CD1332DC7D, cid=2607, SUCCESS, logIndex=3851, commits[529edf8e-8eae-4246-b33f-5e44130d441c:c3852, 79bffca9-b028-4c53-a657-872ed973be73:c3848, 15654dff-55cd-4f70-96d8-4abf0c061563:c3850]
2019-07-09 15:04:39,696 INFO  client.GrpcClientProtocolClient (GrpcClientProtocolClient.java:onNext(255)) - client-A9DCF8B8BD5B->529edf8e-8eae-4246-b33f-5e44130d441c: receive RaftClientReply:client-A9DCF8B8BD5B->529edf8e-8eae-4246-b33f-5e44130d441c@group-A1CD1332DC7D, cid=2608, SUCCESS, logIndex=3852, commits[529edf8e-8eae-4246-b33f-5e44130d441c:c3852, 79bffca9-b028-4c53-a657-872ed973be73:c3850, 15654dff-55cd-4f70-96d8-4abf0c061563:c3850]
2019-07-09 15:04:39,697 INFO  client.GrpcClientProtocolClient (GrpcClientProtocolClient.java:onNext(255)) - client-A9DCF8B8BD5B->529edf8e-8eae-4246-b33f-5e44130d441c: receive RaftClientReply:client-A9DCF8B8BD5B->529edf8e-8eae-4246-b33f-5e44130d441c@group-A1CD1332DC7D, cid=2609, SUCCESS, logIndex=3853, commits[529edf8e-8eae-4246-b33f-5e44130d441c:c3854, 79bffca9-b028-4c53-a657-872ed973be73:c3850, 15654dff-55cd-4f70-96d8-4abf0c061563:c3850]
2019-07-09 15:04:39,697 INFO  client.GrpcClientProtocolClient (GrpcClientProtocolClient.java:onNext(255)) - client-A9DCF8B8BD5B->529edf8e-8eae-4246-b33f-5e44130d441c: receive RaftClientReply:client-A9DCF8B8BD5B->529edf8e-8eae-4246-b33f-5e44130d441c@group-A1CD1332DC7D, cid=2610, SUCCESS, logIndex=3854, commits[529edf8e-8eae-4246-b33f-5e44130d441c:c3854, 79bffca9-b028-4c53-a657-872ed973be73:c3850, 15654dff-55cd-4f70-96d8-4abf0c061563:c3850]
2019-07-09 15:04:39,699 INFO  client.GrpcClientProtocolClient (GrpcClientProtocolClient.java:onNext(255)) - client-A9DCF8B8BD5B->529edf8e-8eae-4246-b33f-5e44130d441c: receive RaftClientReply:client-A9DCF8B8BD5B->529edf8e-8eae-4246-b33f-5e44130d441c@group-A1CD1332DC7D, cid=2611, SUCCESS, logIndex=0, commits[529edf8e-8eae-4246-b33f-5e44130d441c:c3856, 79bffca9-b028-4c53-a657-872ed973be73:c3852, 15654dff-55cd-4f70-96d8-4abf0c061563:c3852]
2019-07-09 15:04:39,719 INFO  client.GrpcClientProtocolClient (GrpcClientProtocolClient.java:onNext(255)) - client-A9DCF8B8BD5B->529edf8e-8eae-4246-b33f-5e44130d441c: receive RaftClientReply:client-A9DCF8B8BD5B->529edf8e-8eae-4246-b33f-5e44130d441c@group-A1CD1332DC7D, cid=2612, SUCCESS, logIndex=3859, commits[529edf8e-8eae-4246-b33f-5e44130d441c:c3860, 79bffca9-b028-4c53-a657-872ed973be73:c3858, 15654dff-55cd-4f70-96d8-4abf0c061563:c3858]
2019-07-09 15:04:39,720 INFO  client.GrpcClientProtocolClient (GrpcClientProtocolClient.java:onNext(255)) - client-A9DCF8B8BD5B->529edf8e-8eae-4246-b33f-5e44130d441c: receive RaftClientReply:client-A9DCF8B8BD5B->529edf8e-8eae-4246-b33f-5e44130d441c@group-A1CD1332DC7D, cid=2613, SUCCESS, logIndex=3860, commits[529edf8e-8eae-4246-b33f-5e44130d441c:c3860, 79bffca9-b028-4c53-a657-872ed973be73:c3858, 15654dff-55cd-4f70-96d8-4abf0c061563:c3858]
2019-07-09 15:04:39,733 INFO  client.GrpcClientProtocolClient (GrpcClientProtocolClient.java:onNext(255)) - client-A9DCF8B8BD5B->529edf8e-8eae-4246-b33f-5e44130d441c: receive RaftClientReply:client-A9DCF8B8BD5B->529edf8e-8eae-4246-b33f-5e44130d441c@group-A1CD1332DC7D, cid=2614, SUCCESS, logIndex=3863, commits[529edf8e-8eae-4246-b33f-5e44130d441c:c3864, 79bffca9-b028-4c53-a657-872ed973be73:c3860, 15654dff-55cd-4f70-96d8-4abf0c061563:c3860]
2019-07-09 15:04:39,733 INFO  client.GrpcClientProtocolClient (GrpcClientProtocolClient.java:onNext(255)) - client-A9DCF8B8BD5B->529edf8e-8eae-4246-b33f-5e44130d441c: receive RaftClientReply:client-A9DCF8B8BD5B->529edf8e-8eae-4246-b33f-5e44130d441c@group-A1CD1332DC7D, cid=2615, SUCCESS, logIndex=3864, commits[529edf8e-8eae-4246-b33f-5e44130d441c:c3864, 79bffca9-b028-4c53-a657-872ed973be73:c3860, 15654dff-55cd-4f70-96d8-4abf0c061563:c3860]
2019-07-09 15:04:39,746 INFO  client.GrpcClientProtocolClient (GrpcClientProtocolClient.java:onNext(255)) - client-A9DCF8B8BD5B->529edf8e-8eae-4246-b33f-5e44130d441c: receive RaftClientReply:client-A9DCF8B8BD5B->529edf8e-8eae-4246-b33f-5e44130d441c@group-A1CD1332DC7D, cid=2616, SUCCESS, logIndex=0, commits[529edf8e-8eae-4246-b33f-5e44130d441c:c3865, 79bffca9-b028-4c53-a657-872ed973be73:c3864, 15654dff-55cd-4f70-96d8-4abf0c061563:c3864]
2019-07-09 15:04:39,776 INFO  client.GrpcClientProtocolClient (GrpcClientProtocolClient.java:onNext(255)) - client-A9DCF8B8BD5B->529edf8e-8eae-4246-b33f-5e44130d441c: receive RaftClientReply:client-A9DCF8B8BD5B->529edf8e-8eae-4246-b33f-5e44130d441c@group-A1CD1332DC7D, cid=2617, SUCCESS, logIndex=3867, commits[529edf8e-8eae-4246-b33f-5e44130d441c:c3869, 79bffca9-b028-4c53-a657-872ed973be73:c3866, 15654dff-55cd-4f70-96d8-4abf0c061563:c3866]
2019-07-09 15:04:39,776 INFO  client.GrpcClientProtocolClient (GrpcClientProtocolClient.java:onNext(255)) - client-A9DCF8B8BD5B->529edf8e-8eae-4246-b33f-5e44130d441c: receive RaftClientReply:client-A9DCF8B8BD5B->529edf8e-8eae-4246-b33f-5e44130d441c@group-A1CD1332DC7D, cid=2618, SUCCESS, logIndex=3868, commits[529edf8e-8eae-4246-b33f-5e44130d441c:c3870, 79bffca9-b028-4c53-a657-872ed973be73:c3866, 15654dff-55cd-4f70-96d8-4abf0c061563:c3866]
2019-07-09 15:04:39,777 INFO  client.GrpcClientProtocolClient (GrpcClientProtocolClient.java:onNext(255)) - client-A9DCF8B8BD5B->529edf8e-8eae-4246-b33f-5e44130d441c: receive RaftClientReply:client-A9DCF8B8BD5B->529edf8e-8eae-4246-b33f-5e44130d441c@group-A1CD1332DC7D, cid=2619, SUCCESS, logIndex=3869, commits[529edf8e-8eae-4246-b33f-5e44130d441c:c3870, 79bffca9-b028-4c53-a657-872ed973be73:c3866, 15654dff-55cd-4f70-96d8-4abf0c061563:c3866]
2019-07-09 15:04:39,777 INFO  client.GrpcClientProtocolClient (GrpcClientProtocolClient.java:onNext(255)) - client-A9DCF8B8BD5B->529edf8e-8eae-4246-b33f-5e44130d441c: receive RaftClientReply:client-A9DCF8B8BD5B->529edf8e-8eae-4246-b33f-5e44130d441c@group-A1CD1332DC7D, cid=2620, SUCCESS, logIndex=3870, commits[529edf8e-8eae-4246-b33f-5e44130d441c:c3870, 79bffca9-b028-4c53-a657-872ed973be73:c3866, 15654dff-55cd-4f70-96d8-4abf0c061563:c3866]
2019-07-09 15:04:39,789 INFO  client.GrpcClientProtocolClient (GrpcClientProtocolClient.java:onNext(255)) - client-A9DCF8B8BD5B->529edf8e-8eae-4246-b33f-5e44130d441c: receive RaftClientReply:client-A9DCF8B8BD5B->529edf8e-8eae-4246-b33f-5e44130d441c@group-A1CD1332DC7D, cid=2621, SUCCESS, logIndex=0, commits[529edf8e-8eae-4246-b33f-5e44130d441c:c3872, 79bffca9-b028-4c53-a657-872ed973be73:c3868, 15654dff-55cd-4f70-96d8-4abf0c061563:c3868]
2019-07-09 15:04:39,808 INFO  client.GrpcClientProtocolClient (GrpcClientProtocolClient.java:onNext(255)) - client-A9DCF8B8BD5B->529edf8e-8eae-4246-b33f-5e44130d441c: receive RaftClientReply:client-A9DCF8B8BD5B->529edf8e-8eae-4246-b33f-5e44130d441c@group-A1CD1332DC7D, cid=2622, SUCCESS, logIndex=3875, commits[529edf8e-8eae-4246-b33f-5e44130d441c:c3876, 79bffca9-b028-4c53-a657-872ed973be73:c3874, 15654dff-55cd-4f70-96d8-4abf0c061563:c3874]
2019-07-09 15:04:39,809 INFO  client.GrpcClientProtocolClient (GrpcClientProtocolClient.java:onNext(255)) - client-A9DCF8B8BD5B->529edf8e-8eae-4246-b33f-5e44130d441c: receive RaftClientReply:client-A9DCF8B8BD5B->529edf8e-8eae-4246-b33f-5e44130d441c@group-A1CD1332DC7D, cid=2623, SUCCESS, logIndex=3876, commits[529edf8e-8eae-4246-b33f-5e44130d441c:c3876, 79bffca9-b028-4c53-a657-872ed973be73:c3874, 15654dff-55cd-4f70-96d8-4abf0c061563:c3874]
2019-07-09 15:04:39,822 INFO  client.GrpcClientProtocolClient (GrpcClientProtocolClient.java:onNext(255)) - client-A9DCF8B8BD5B->529edf8e-8eae-4246-b33f-5e44130d441c: receive RaftClientReply:client-A9DCF8B8BD5B->529edf8e-8eae-4246-b33f-5e44130d441c@group-A1CD1332DC7D, cid=2624, SUCCESS, logIndex=3879, commits[529edf8e-8eae-4246-b33f-5e44130d441c:c3880, 79bffca9-b028-4c53-a657-872ed973be73:c3876, 15654dff-55cd-4f70-96d8-4abf0c061563:c3876]
2019-07-09 15:04:39,822 INFO  client.GrpcClientProtocolClient (GrpcClientProtocolClient.java:onNext(255)) - client-A9DCF8B8BD5B->529edf8e-8eae-4246-b33f-5e44130d441c: receive RaftClientReply:client-A9DCF8B8BD5B->529edf8e-8eae-4246-b33f-5e44130d441c@group-A1CD1332DC7D, cid=2625, SUCCESS, logIndex=3880, commits[529edf8e-8eae-4246-b33f-5e44130d441c:c3880, 79bffca9-b028-4c53-a657-872ed973be73:c3876, 15654dff-55cd-4f70-96d8-4abf0c061563:c3876]
2019-07-09 15:04:39,834 INFO  client.GrpcClientProtocolClient (GrpcClientProtocolClient.java:onNext(255)) - client-A9DCF8B8BD5B->529edf8e-8eae-4246-b33f-5e44130d441c: receive RaftClientReply:client-A9DCF8B8BD5B->529edf8e-8eae-4246-b33f-5e44130d441c@group-A1CD1332DC7D, cid=2626, SUCCESS, logIndex=0, commits[529edf8e-8eae-4246-b33f-5e44130d441c:c3881, 79bffca9-b028-4c53-a657-872ed973be73:c3880, 15654dff-55cd-4f70-96d8-4abf0c061563:c3880]
2019-07-09 15:04:39,861 INFO  client.GrpcClientProtocolClient (GrpcClientProtocolClient.java:onNext(255)) - client-A9DCF8B8BD5B->529edf8e-8eae-4246-b33f-5e44130d441c: receive RaftClientReply:client-A9DCF8B8BD5B->529edf8e-8eae-4246-b33f-5e44130d441c@group-A1CD1332DC7D, cid=2627, SUCCESS, logIndex=3883, commits[529edf8e-8eae-4246-b33f-5e44130d441c:c3884, 79bffca9-b028-4c53-a657-872ed973be73:c3882, 15654dff-55cd-4f70-96d8-4abf0c061563:c3882]
2019-07-09 15:04:39,862 INFO  client.GrpcClientProtocolClient (GrpcClientProtocolClient.java:onNext(255)) - client-A9DCF8B8BD5B->529edf8e-8eae-4246-b33f-5e44130d441c: receive RaftClientReply:client-A9DCF8B8BD5B->529edf8e-8eae-4246-b33f-5e44130d441c@group-A1CD1332DC7D, cid=2628, SUCCESS, logIndex=3884, commits[529edf8e-8eae-4246-b33f-5e44130d441c:c3886, 79bffca9-b028-4c53-a657-872ed973be73:c3882, 15654dff-55cd-4f70-96d8-4abf0c061563:c3882]
2019-07-09 15:04:39,862 INFO  client.GrpcClientProtocolClient (GrpcClientProtocolClient.java:onNext(255)) - client-A9DCF8B8BD5B->529edf8e-8eae-4246-b33f-5e44130d441c: receive RaftClientReply:client-A9DCF8B8BD5B->529edf8e-8eae-4246-b33f-5e44130d441c@group-A1CD1332DC7D, cid=2629, SUCCESS, logIndex=3885, commits[529edf8e-8eae-4246-b33f-5e44130d441c:c3886, 79bffca9-b028-4c53-a657-872ed973be73:c3882, 15654dff-55cd-4f70-96d8-4abf0c061563:c3882]
2019-07-09 15:04:39,862 INFO  client.GrpcClientProtocolClient (GrpcClientProtocolClient.java:onNext(255)) - client-A9DCF8B8BD5B->529edf8e-8eae-4246-b33f-5e44130d441c: receive RaftClientReply:client-A9DCF8B8BD5B->529edf8e-8eae-4246-b33f-5e44130d441c@group-A1CD1332DC7D, cid=2630, SUCCESS, logIndex=3886, commits[529edf8e-8eae-4246-b33f-5e44130d441c:c3886, 79bffca9-b028-4c53-a657-872ed973be73:c3882, 15654dff-55cd-4f70-96d8-4abf0c061563:c3882]
2019-07-09 15:04:39,872 INFO  client.GrpcClientProtocolClient (GrpcClientProtocolClient.java:onNext(255)) - client-A9DCF8B8BD5B->529edf8e-8eae-4246-b33f-5e44130d441c: receive RaftClientReply:client-A9DCF8B8BD5B->529edf8e-8eae-4246-b33f-5e44130d441c@group-A1CD1332DC7D, cid=2631, SUCCESS, logIndex=0, commits[529edf8e-8eae-4246-b33f-5e44130d441c:c3886, 79bffca9-b028-4c53-a657-872ed973be73:c3884, 15654dff-55cd-4f70-96d8-4abf0c061563:c3884]
2019-07-09 15:04:39,888 INFO  client.GrpcClientProtocolClient (GrpcClientProtocolClient.java:onNext(255)) - client-A9DCF8B8BD5B->529edf8e-8eae-4246-b33f-5e44130d441c: receive RaftClientReply:client-A9DCF8B8BD5B->529edf8e-8eae-4246-b33f-5e44130d441c@group-A1CD1332DC7D, cid=2632, SUCCESS, logIndex=3890, commits[529edf8e-8eae-4246-b33f-5e44130d441c:c3891, 79bffca9-b028-4c53-a657-872ed973be73:c3889, 15654dff-55cd-4f70-96d8-4abf0c061563:c3886]
2019-07-09 15:04:39,888 INFO  client.GrpcClientProtocolClient (GrpcClientProtocolClient.java:onNext(255)) - client-A9DCF8B8BD5B->529edf8e-8eae-4246-b33f-5e44130d441c: receive RaftClientReply:client-A9DCF8B8BD5B->529edf8e-8eae-4246-b33f-5e44130d441c@group-A1CD1332DC7D, cid=2633, SUCCESS, logIndex=3891, commits[529edf8e-8eae-4246-b33f-5e44130d441c:c3891, 79bffca9-b028-4c53-a657-872ed973be73:c3889, 15654dff-55cd-4f70-96d8-4abf0c061563:c3889]
2019-07-09 15:04:39,908 INFO  client.GrpcClientProtocolClient (GrpcClientProtocolClient.java:onNext(255)) - client-A9DCF8B8BD5B->529edf8e-8eae-4246-b33f-5e44130d441c: receive RaftClientReply:client-A9DCF8B8BD5B->529edf8e-8eae-4246-b33f-5e44130d441c@group-A1CD1332DC7D, cid=2634, SUCCESS, logIndex=3894, commits[529edf8e-8eae-4246-b33f-5e44130d441c:c3895, 79bffca9-b028-4c53-a657-872ed973be73:c3893, 15654dff-55cd-4f70-96d8-4abf0c061563:c3893]
2019-07-09 15:04:39,908 INFO  client.GrpcClientProtocolClient (GrpcClientProtocolClient.java:onNext(255)) - client-A9DCF8B8BD5B->529edf8e-8eae-4246-b33f-5e44130d441c: receive RaftClientReply:client-A9DCF8B8BD5B->529edf8e-8eae-4246-b33f-5e44130d441c@group-A1CD1332DC7D, cid=2635, SUCCESS, logIndex=3895, commits[529edf8e-8eae-4246-b33f-5e44130d441c:c3895, 79bffca9-b028-4c53-a657-872ed973be73:c3893, 15654dff-55cd-4f70-96d8-4abf0c061563:c3893]
2019-07-09 15:04:39,921 INFO  client.GrpcClientProtocolClient (GrpcClientProtocolClient.java:onNext(255)) - client-A9DCF8B8BD5B->529edf8e-8eae-4246-b33f-5e44130d441c: receive RaftClientReply:client-A9DCF8B8BD5B->529edf8e-8eae-4246-b33f-5e44130d441c@group-A1CD1332DC7D, cid=2636, SUCCESS, logIndex=0, commits[529edf8e-8eae-4246-b33f-5e44130d441c:c3897, 79bffca9-b028-4c53-a657-872ed973be73:c3895, 15654dff-55cd-4f70-96d8-4abf0c061563:c3895]
2019-07-09 15:04:39,951 INFO  client.GrpcClientProtocolClient (GrpcClientProtocolClient.java:onNext(255)) - client-A9DCF8B8BD5B->529edf8e-8eae-4246-b33f-5e44130d441c: receive RaftClientReply:client-A9DCF8B8BD5B->529edf8e-8eae-4246-b33f-5e44130d441c@group-A1CD1332DC7D, cid=2637, SUCCESS, logIndex=3898, commits[529edf8e-8eae-4246-b33f-5e44130d441c:c3899, 79bffca9-b028-4c53-a657-872ed973be73:c3897, 15654dff-55cd-4f70-96d8-4abf0c061563:c3897]
2019-07-09 15:04:39,951 INFO  client.GrpcClientProtocolClient (GrpcClientProtocolClient.java:onNext(255)) - client-A9DCF8B8BD5B->529edf8e-8eae-4246-b33f-5e44130d441c: receive RaftClientReply:client-A9DCF8B8BD5B->529edf8e-8eae-4246-b33f-5e44130d441c@group-A1CD1332DC7D, cid=2638, SUCCESS, logIndex=3899, commits[529edf8e-8eae-4246-b33f-5e44130d441c:c3901, 79bffca9-b028-4c53-a657-872ed973be73:c3897, 15654dff-55cd-4f70-96d8-4abf0c061563:c3897]
2019-07-09 15:04:39,952 INFO  client.GrpcClientProtocolClient (GrpcClientProtocolClient.java:onNext(255)) - client-A9DCF8B8BD5B->529edf8e-8eae-4246-b33f-5e44130d441c: receive RaftClientReply:client-A9DCF8B8BD5B->529edf8e-8eae-4246-b33f-5e44130d441c@group-A1CD1332DC7D, cid=2639, SUCCESS, logIndex=3900, commits[529edf8e-8eae-4246-b33f-5e44130d441c:c3901, 79bffca9-b028-4c53-a657-872ed973be73:c3897, 15654dff-55cd-4f70-96d8-4abf0c061563:c3897]
2019-07-09 15:04:39,952 INFO  client.GrpcClientProtocolClient (GrpcClientProtocolClient.java:onNext(255)) - client-A9DCF8B8BD5B->529edf8e-8eae-4246-b33f-5e44130d441c: receive RaftClientReply:client-A9DCF8B8BD5B->529edf8e-8eae-4246-b33f-5e44130d441c@group-A1CD1332DC7D, cid=2640, SUCCESS, logIndex=3901, commits[529edf8e-8eae-4246-b33f-5e44130d441c:c3901, 79bffca9-b028-4c53-a657-872ed973be73:c3897, 15654dff-55cd-4f70-96d8-4abf0c061563:c3897]
2019-07-09 15:04:39,962 INFO  client.GrpcClientProtocolClient (GrpcClientProtocolClient.java:onNext(255)) - client-A9DCF8B8BD5B->529edf8e-8eae-4246-b33f-5e44130d441c: receive RaftClientReply:client-A9DCF8B8BD5B->529edf8e-8eae-4246-b33f-5e44130d441c@group-A1CD1332DC7D, cid=2641, SUCCESS, logIndex=0, commits[529edf8e-8eae-4246-b33f-5e44130d441c:c3902, 79bffca9-b028-4c53-a657-872ed973be73:c3899, 15654dff-55cd-4f70-96d8-4abf0c061563:c3899]
2019-07-09 15:04:39,983 INFO  client.GrpcClientProtocolClient (GrpcClientProtocolClient.java:onNext(255)) - client-A9DCF8B8BD5B->529edf8e-8eae-4246-b33f-5e44130d441c: receive RaftClientReply:client-A9DCF8B8BD5B->529edf8e-8eae-4246-b33f-5e44130d441c@group-A1CD1332DC7D, cid=2642, SUCCESS, logIndex=3905, commits[529edf8e-8eae-4246-b33f-5e44130d441c:c3906, 79bffca9-b028-4c53-a657-872ed973be73:c3904, 15654dff-55cd-4f70-96d8-4abf0c061563:c3904]
2019-07-09 15:04:39,983 INFO  client.GrpcClientProtocolClient (GrpcClientProtocolClient.java:onNext(255)) - client-A9DCF8B8BD5B->529edf8e-8eae-4246-b33f-5e44130d441c: receive RaftClientReply:client-A9DCF8B8BD5B->529edf8e-8eae-4246-b33f-5e44130d441c@group-A1CD1332DC7D, cid=2643, SUCCESS, logIndex=3906, commits[529edf8e-8eae-4246-b33f-5e44130d441c:c3906, 79bffca9-b028-4c53-a657-872ed973be73:c3904, 15654dff-55cd-4f70-96d8-4abf0c061563:c3904]
2019-07-09 15:04:39,997 INFO  client.GrpcClientProtocolClient (GrpcClientProtocolClient.java:onNext(255)) - client-A9DCF8B8BD5B->529edf8e-8eae-4246-b33f-5e44130d441c: receive RaftClientReply:client-A9DCF8B8BD5B->529edf8e-8eae-4246-b33f-5e44130d441c@group-A1CD1332DC7D, cid=2644, SUCCESS, logIndex=3909, commits[529edf8e-8eae-4246-b33f-5e44130d441c:c3910, 79bffca9-b028-4c53-a657-872ed973be73:c3906, 15654dff-55cd-4f70-96d8-4abf0c061563:c3906]
2019-07-09 15:04:39,997 INFO  client.GrpcClientProtocolClient (GrpcClientProtocolClient.java:onNext(255)) - client-A9DCF8B8BD5B->529edf8e-8eae-4246-b33f-5e44130d441c: receive RaftClientReply:client-A9DCF8B8BD5B->529edf8e-8eae-4246-b33f-5e44130d441c@group-A1CD1332DC7D, cid=2645, SUCCESS, logIndex=3910, commits[529edf8e-8eae-4246-b33f-5e44130d441c:c3910, 79bffca9-b028-4c53-a657-872ed973be73:c3906, 15654dff-55cd-4f70-96d8-4abf0c061563:c3906]
2019-07-09 15:04:40,010 INFO  client.GrpcClientProtocolClient (GrpcClientProtocolClient.java:onNext(255)) - client-A9DCF8B8BD5B->529edf8e-8eae-4246-b33f-5e44130d441c: receive RaftClientReply:client-A9DCF8B8BD5B->529edf8e-8eae-4246-b33f-5e44130d441c@group-A1CD1332DC7D, cid=2646, SUCCESS, logIndex=0, commits[529edf8e-8eae-4246-b33f-5e44130d441c:c3912, 79bffca9-b028-4c53-a657-872ed973be73:c3910, 15654dff-55cd-4f70-96d8-4abf0c061563:c3910]
 0.00% |█                                                                                                    |  0/1 Time: 0:00:222019-07-09 15:04:40,040 INFO  client.GrpcClientProtocolClient (GrpcClientProtocolClient.java:onNext(255)) - client-A9DCF8B8BD5B->529edf8e-8eae-4246-b33f-5e44130d441c: receive RaftClientReply:client-A9DCF8B8BD5B->529edf8e-8eae-4246-b33f-5e44130d441c@group-A1CD1332DC7D, cid=2647, SUCCESS, logIndex=3913, commits[529edf8e-8eae-4246-b33f-5e44130d441c:c3914, 79bffca9-b028-4c53-a657-872ed973be73:c3912, 15654dff-55cd-4f70-96d8-4abf0c061563:c3912]
2019-07-09 15:04:40,040 INFO  client.GrpcClientProtocolClient (GrpcClientProtocolClient.java:onNext(255)) - client-A9DCF8B8BD5B->529edf8e-8eae-4246-b33f-5e44130d441c: receive RaftClientReply:client-A9DCF8B8BD5B->529edf8e-8eae-4246-b33f-5e44130d441c@group-A1CD1332DC7D, cid=2648, SUCCESS, logIndex=3914, commits[529edf8e-8eae-4246-b33f-5e44130d441c:c3916, 79bffca9-b028-4c53-a657-872ed973be73:c3912, 15654dff-55cd-4f70-96d8-4abf0c061563:c3912]
2019-07-09 15:04:40,041 INFO  client.GrpcClientProtocolClient (GrpcClientProtocolClient.java:onNext(255)) - client-A9DCF8B8BD5B->529edf8e-8eae-4246-b33f-5e44130d441c: receive RaftClientReply:client-A9DCF8B8BD5B->529edf8e-8eae-4246-b33f-5e44130d441c@group-A1CD1332DC7D, cid=2649, SUCCESS, logIndex=3915, commits[529edf8e-8eae-4246-b33f-5e44130d441c:c3916, 79bffca9-b028-4c53-a657-872ed973be73:c3912, 15654dff-55cd-4f70-96d8-4abf0c061563:c3912]
2019-07-09 15:04:40,041 INFO  client.GrpcClientProtocolClient (GrpcClientProtocolClient.java:onNext(255)) - client-A9DCF8B8BD5B->529edf8e-8eae-4246-b33f-5e44130d441c: receive RaftClientReply:client-A9DCF8B8BD5B->529edf8e-8eae-4246-b33f-5e44130d441c@group-A1CD1332DC7D, cid=2650, SUCCESS, logIndex=3916, commits[529edf8e-8eae-4246-b33f-5e44130d441c:c3917, 79bffca9-b028-4c53-a657-872ed973be73:c3912, 15654dff-55cd-4f70-96d8-4abf0c061563:c3913]
2019-07-09 15:04:40,042 INFO  client.GrpcClientProtocolClient (GrpcClientProtocolClient.java:onNext(255)) - client-A9DCF8B8BD5B->529edf8e-8eae-4246-b33f-5e44130d441c: receive RaftClientReply:client-A9DCF8B8BD5B->529edf8e-8eae-4246-b33f-5e44130d441c@group-A1CD1332DC7D, cid=2651, SUCCESS, logIndex=0, commits[529edf8e-8eae-4246-b33f-5e44130d441c:c3919, 79bffca9-b028-4c53-a657-872ed973be73:c3914, 15654dff-55cd-4f70-96d8-4abf0c061563:c3916]
2019-07-09 15:04:40,062 INFO  client.GrpcClientProtocolClient (GrpcClientProtocolClient.java:onNext(255)) - client-A9DCF8B8BD5B->529edf8e-8eae-4246-b33f-5e44130d441c: receive RaftClientReply:client-A9DCF8B8BD5B->529edf8e-8eae-4246-b33f-5e44130d441c@group-A1CD1332DC7D, cid=2652, SUCCESS, logIndex=3920, commits[529edf8e-8eae-4246-b33f-5e44130d441c:c3921, 79bffca9-b028-4c53-a657-872ed973be73:c3919, 15654dff-55cd-4f70-96d8-4abf0c061563:c3919]
2019-07-09 15:04:40,062 INFO  client.GrpcClientProtocolClient (GrpcClientProtocolClient.java:onNext(255)) - client-A9DCF8B8BD5B->529edf8e-8eae-4246-b33f-5e44130d441c: receive RaftClientReply:client-A9DCF8B8BD5B->529edf8e-8eae-4246-b33f-5e44130d441c@group-A1CD1332DC7D, cid=2653, SUCCESS, logIndex=3921, commits[529edf8e-8eae-4246-b33f-5e44130d441c:c3921, 79bffca9-b028-4c53-a657-872ed973be73:c3919, 15654dff-55cd-4f70-96d8-4abf0c061563:c3919]
2019-07-09 15:04:40,076 INFO  client.GrpcClientProtocolClient (GrpcClientProtocolClient.java:onNext(255)) - client-A9DCF8B8BD5B->529edf8e-8eae-4246-b33f-5e44130d441c: receive RaftClientReply:client-A9DCF8B8BD5B->529edf8e-8eae-4246-b33f-5e44130d441c@group-A1CD1332DC7D, cid=2654, SUCCESS, logIndex=3924, commits[529edf8e-8eae-4246-b33f-5e44130d441c:c3924, 79bffca9-b028-4c53-a657-872ed973be73:c3921, 15654dff-55cd-4f70-96d8-4abf0c061563:c3921]
2019-07-09 15:04:40,076 INFO  client.GrpcClientProtocolClient (GrpcClientProtocolClient.java:onNext(255)) - client-A9DCF8B8BD5B->529edf8e-8eae-4246-b33f-5e44130d441c: receive RaftClientReply:client-A9DCF8B8BD5B->529edf8e-8eae-4246-b33f-5e44130d441c@group-A1CD1332DC7D, cid=2655, SUCCESS, logIndex=3925, commits[529edf8e-8eae-4246-b33f-5e44130d441c:c3925, 79bffca9-b028-4c53-a657-872ed973be73:c3921, 15654dff-55cd-4f70-96d8-4abf0c061563:c3921]
2019-07-09 15:04:40,093 INFO  client.GrpcClientProtocolClient (GrpcClientProtocolClient.java:onNext(255)) - client-A9DCF8B8BD5B->529edf8e-8eae-4246-b33f-5e44130d441c: receive RaftClientReply:client-A9DCF8B8BD5B->529edf8e-8eae-4246-b33f-5e44130d441c@group-A1CD1332DC7D, cid=2656, SUCCESS, logIndex=0, commits[529edf8e-8eae-4246-b33f-5e44130d441c:c3927, 79bffca9-b028-4c53-a657-872ed973be73:c3925, 15654dff-55cd-4f70-96d8-4abf0c061563:c3925]
2019-07-09 15:04:40,227 INFO  client.GrpcClientProtocolClient (GrpcClientProtocolClient.java:onNext(255)) - client-A9DCF8B8BD5B->529edf8e-8eae-4246-b33f-5e44130d441c: receive RaftClientReply:client-A9DCF8B8BD5B->529edf8e-8eae-4246-b33f-5e44130d441c@group-A1CD1332DC7D, cid=2657, SUCCESS, logIndex=3928, commits[529edf8e-8eae-4246-b33f-5e44130d441c:c3928, 79bffca9-b028-4c53-a657-872ed973be73:c3927, 15654dff-55cd-4f70-96d8-4abf0c061563:c3927]
2019-07-09 15:04:40,228 INFO  client.GrpcClientProtocolClient (GrpcClientProtocolClient.java:onNext(255)) - client-A9DCF8B8BD5B->529edf8e-8eae-4246-b33f-5e44130d441c: receive RaftClientReply:client-A9DCF8B8BD5B->529edf8e-8eae-4246-b33f-5e44130d441c@group-A1CD1332DC7D, cid=2658, SUCCESS, logIndex=3929, commits[529edf8e-8eae-4246-b33f-5e44130d441c:c3931, 79bffca9-b028-4c53-a657-872ed973be73:c3927, 15654dff-55cd-4f70-96d8-4abf0c061563:c3927]
2019-07-09 15:04:40,228 INFO  client.GrpcClientProtocolClient (GrpcClientProtocolClient.java:onNext(255)) - client-A9DCF8B8BD5B->529edf8e-8eae-4246-b33f-5e44130d441c: receive RaftClientReply:client-A9DCF8B8BD5B->529edf8e-8eae-4246-b33f-5e44130d441c@group-A1CD1332DC7D, cid=2659, SUCCESS, logIndex=3930, commits[529edf8e-8eae-4246-b33f-5e44130d441c:c3931, 79bffca9-b028-4c53-a657-872ed973be73:c3927, 15654dff-55cd-4f70-96d8-4abf0c061563:c3927]
2019-07-09 15:04:40,229 INFO  client.GrpcClientProtocolClient (GrpcClientProtocolClient.java:onNext(255)) - client-A9DCF8B8BD5B->529edf8e-8eae-4246-b33f-5e44130d441c: receive RaftClientReply:client-A9DCF8B8BD5B->529edf8e-8eae-4246-b33f-5e44130d441c@group-A1CD1332DC7D, cid=2660, SUCCESS, logIndex=3931, commits[529edf8e-8eae-4246-b33f-5e44130d441c:c3931, 79bffca9-b028-4c53-a657-872ed973be73:c3927, 15654dff-55cd-4f70-96d8-4abf0c061563:c3927]
2019-07-09 15:04:40,238 INFO  client.GrpcClientProtocolClient (GrpcClientProtocolClient.java:onNext(255)) - client-A9DCF8B8BD5B->529edf8e-8eae-4246-b33f-5e44130d441c: receive RaftClientReply:client-A9DCF8B8BD5B->529edf8e-8eae-4246-b33f-5e44130d441c@group-A1CD1332DC7D, cid=2661, SUCCESS, logIndex=0, commits[529edf8e-8eae-4246-b33f-5e44130d441c:c3932, 79bffca9-b028-4c53-a657-872ed973be73:c3929, 15654dff-55cd-4f70-96d8-4abf0c061563:c3929]
2019-07-09 15:04:40,259 INFO  client.GrpcClientProtocolClient (GrpcClientProtocolClient.java:onNext(255)) - client-A9DCF8B8BD5B->529edf8e-8eae-4246-b33f-5e44130d441c: receive RaftClientReply:client-A9DCF8B8BD5B->529edf8e-8eae-4246-b33f-5e44130d441c@group-A1CD1332DC7D, cid=2662, SUCCESS, logIndex=3935, commits[529edf8e-8eae-4246-b33f-5e44130d441c:c3936, 79bffca9-b028-4c53-a657-872ed973be73:c3934, 15654dff-55cd-4f70-96d8-4abf0c061563:c3934]
2019-07-09 15:04:40,260 INFO  client.GrpcClientProtocolClient (GrpcClientProtocolClient.java:onNext(255)) - client-A9DCF8B8BD5B->529edf8e-8eae-4246-b33f-5e44130d441c: receive RaftClientReply:client-A9DCF8B8BD5B->529edf8e-8eae-4246-b33f-5e44130d441c@group-A1CD1332DC7D, cid=2663, SUCCESS, logIndex=3936, commits[529edf8e-8eae-4246-b33f-5e44130d441c:c3936, 79bffca9-b028-4c53-a657-872ed973be73:c3934, 15654dff-55cd-4f70-96d8-4abf0c061563:c3934]
2019-07-09 15:04:40,273 INFO  client.GrpcClientProtocolClient (GrpcClientProtocolClient.java:onNext(255)) - client-A9DCF8B8BD5B->529edf8e-8eae-4246-b33f-5e44130d441c: receive RaftClientReply:client-A9DCF8B8BD5B->529edf8e-8eae-4246-b33f-5e44130d441c@group-A1CD1332DC7D, cid=2664, SUCCESS, logIndex=3939, commits[529edf8e-8eae-4246-b33f-5e44130d441c:c3940, 79bffca9-b028-4c53-a657-872ed973be73:c3936, 15654dff-55cd-4f70-96d8-4abf0c061563:c3936]
2019-07-09 15:04:40,274 INFO  client.GrpcClientProtocolClient (GrpcClientProtocolClient.java:onNext(255)) - client-A9DCF8B8BD5B->529edf8e-8eae-4246-b33f-5e44130d441c: receive RaftClientReply:client-A9DCF8B8BD5B->529edf8e-8eae-4246-b33f-5e44130d441c@group-A1CD1332DC7D, cid=2665, SUCCESS, logIndex=3940, commits[529edf8e-8eae-4246-b33f-5e44130d441c:c3940, 79bffca9-b028-4c53-a657-872ed973be73:c3936, 15654dff-55cd-4f70-96d8-4abf0c061563:c3936]
2019-07-09 15:04:40,276 INFO  client.GrpcClientProtocolClient (GrpcClientProtocolClient.java:onNext(255)) - client-A9DCF8B8BD5B->529edf8e-8eae-4246-b33f-5e44130d441c: receive RaftClientReply:client-A9DCF8B8BD5B->529edf8e-8eae-4246-b33f-5e44130d441c@group-A1CD1332DC7D, cid=2666, SUCCESS, logIndex=0, commits[529edf8e-8eae-4246-b33f-5e44130d441c:c3942, 79bffca9-b028-4c53-a657-872ed973be73:c3940, 15654dff-55cd-4f70-96d8-4abf0c061563:c3940]
2019-07-09 15:04:40,309 INFO  client.GrpcClientProtocolClient (GrpcClientProtocolClient.java:onNext(255)) - client-A9DCF8B8BD5B->529edf8e-8eae-4246-b33f-5e44130d441c: receive RaftClientReply:client-A9DCF8B8BD5B->529edf8e-8eae-4246-b33f-5e44130d441c@group-A1CD1332DC7D, cid=2667, SUCCESS, logIndex=3943, commits[529edf8e-8eae-4246-b33f-5e44130d441c:c3944, 79bffca9-b028-4c53-a657-872ed973be73:c3942, 15654dff-55cd-4f70-96d8-4abf0c061563:c3942]
2019-07-09 15:04:40,310 INFO  client.GrpcClientProtocolClient (GrpcClientProtocolClient.java:onNext(255)) - client-A9DCF8B8BD5B->529edf8e-8eae-4246-b33f-5e44130d441c: receive RaftClientReply:client-A9DCF8B8BD5B->529edf8e-8eae-4246-b33f-5e44130d441c@group-A1CD1332DC7D, cid=2668, SUCCESS, logIndex=3944, commits[529edf8e-8eae-4246-b33f-5e44130d441c:c3946, 79bffca9-b028-4c53-a657-872ed973be73:c3942, 15654dff-55cd-4f70-96d8-4abf0c061563:c3942]
2019-07-09 15:04:40,310 INFO  client.GrpcClientProtocolClient (GrpcClientProtocolClient.java:onNext(255)) - client-A9DCF8B8BD5B->529edf8e-8eae-4246-b33f-5e44130d441c: receive RaftClientReply:client-A9DCF8B8BD5B->529edf8e-8eae-4246-b33f-5e44130d441c@group-A1CD1332DC7D, cid=2669, SUCCESS, logIndex=3945, commits[529edf8e-8eae-4246-b33f-5e44130d441c:c3946, 79bffca9-b028-4c53-a657-872ed973be73:c3942, 15654dff-55cd-4f70-96d8-4abf0c061563:c3942]
2019-07-09 15:04:40,310 INFO  client.GrpcClientProtocolClient (GrpcClientProtocolClient.java:onNext(255)) - client-A9DCF8B8BD5B->529edf8e-8eae-4246-b33f-5e44130d441c: receive RaftClientReply:client-A9DCF8B8BD5B->529edf8e-8eae-4246-b33f-5e44130d441c@group-A1CD1332DC7D, cid=2670, SUCCESS, logIndex=3946, commits[529edf8e-8eae-4246-b33f-5e44130d441c:c3946, 79bffca9-b028-4c53-a657-872ed973be73:c3942, 15654dff-55cd-4f70-96d8-4abf0c061563:c3942]
2019-07-09 15:04:40,312 INFO  client.GrpcClientProtocolClient (GrpcClientProtocolClient.java:onNext(255)) - client-A9DCF8B8BD5B->529edf8e-8eae-4246-b33f-5e44130d441c: receive RaftClientReply:client-A9DCF8B8BD5B->529edf8e-8eae-4246-b33f-5e44130d441c@group-A1CD1332DC7D, cid=2671, SUCCESS, logIndex=0, commits[529edf8e-8eae-4246-b33f-5e44130d441c:c3948, 79bffca9-b028-4c53-a657-872ed973be73:c3944, 15654dff-55cd-4f70-96d8-4abf0c061563:c3944]
2019-07-09 15:04:40,333 INFO  client.GrpcClientProtocolClient (GrpcClientProtocolClient.java:onNext(255)) - client-A9DCF8B8BD5B->529edf8e-8eae-4246-b33f-5e44130d441c: receive RaftClientReply:client-A9DCF8B8BD5B->529edf8e-8eae-4246-b33f-5e44130d441c@group-A1CD1332DC7D, cid=2672, SUCCESS, logIndex=3951, commits[529edf8e-8eae-4246-b33f-5e44130d441c:c3952, 79bffca9-b028-4c53-a657-872ed973be73:c3950, 15654dff-55cd-4f70-96d8-4abf0c061563:c3950]
2019-07-09 15:04:40,333 INFO  client.GrpcClientProtocolClient (GrpcClientProtocolClient.java:onNext(255)) - client-A9DCF8B8BD5B->529edf8e-8eae-4246-b33f-5e44130d441c: receive RaftClientReply:client-A9DCF8B8BD5B->529edf8e-8eae-4246-b33f-5e44130d441c@group-A1CD1332DC7D, cid=2673, SUCCESS, logIndex=3952, commits[529edf8e-8eae-4246-b33f-5e44130d441c:c3952, 79bffca9-b028-4c53-a657-872ed973be73:c3950, 15654dff-55cd-4f70-96d8-4abf0c061563:c3950]
2019-07-09 15:04:40,347 INFO  client.GrpcClientProtocolClient (GrpcClientProtocolClient.java:onNext(255)) - client-A9DCF8B8BD5B->529edf8e-8eae-4246-b33f-5e44130d441c: receive RaftClientReply:client-A9DCF8B8BD5B->529edf8e-8eae-4246-b33f-5e44130d441c@group-A1CD1332DC7D, cid=2674, SUCCESS, logIndex=3955, commits[529edf8e-8eae-4246-b33f-5e44130d441c:c3955, 79bffca9-b028-4c53-a657-872ed973be73:c3952, 15654dff-55cd-4f70-96d8-4abf0c061563:c3952]
2019-07-09 15:04:40,347 INFO  client.GrpcClientProtocolClient (GrpcClientProtocolClient.java:onNext(255)) - client-A9DCF8B8BD5B->529edf8e-8eae-4246-b33f-5e44130d441c: receive RaftClientReply:client-A9DCF8B8BD5B->529edf8e-8eae-4246-b33f-5e44130d441c@group-A1CD1332DC7D, cid=2675, SUCCESS, logIndex=3956, commits[529edf8e-8eae-4246-b33f-5e44130d441c:c3956, 79bffca9-b028-4c53-a657-872ed973be73:c3952, 15654dff-55cd-4f70-96d8-4abf0c061563:c3952]
2019-07-09 15:04:40,375 INFO  client.GrpcClientProtocolClient (GrpcClientProtocolClient.java:onNext(255)) - client-A9DCF8B8BD5B->529edf8e-8eae-4246-b33f-5e44130d441c: receive RaftClientReply:client-A9DCF8B8BD5B->529edf8e-8eae-4246-b33f-5e44130d441c@group-A1CD1332DC7D, cid=2676, SUCCESS, logIndex=0, commits[529edf8e-8eae-4246-b33f-5e44130d441c:c3958, 79bffca9-b028-4c53-a657-872ed973be73:c3956, 15654dff-55cd-4f70-96d8-4abf0c061563:c3956]
2019-07-09 15:04:40,419 INFO  client.GrpcClientProtocolClient (GrpcClientProtocolClient.java:onNext(255)) - client-A9DCF8B8BD5B->529edf8e-8eae-4246-b33f-5e44130d441c: receive RaftClientReply:client-A9DCF8B8BD5B->529edf8e-8eae-4246-b33f-5e44130d441c@group-A1CD1332DC7D, cid=2677, SUCCESS, logIndex=3959, commits[529edf8e-8eae-4246-b33f-5e44130d441c:c3961, 79bffca9-b028-4c53-a657-872ed973be73:c3958, 15654dff-55cd-4f70-96d8-4abf0c061563:c3958]
2019-07-09 15:04:40,419 INFO  client.GrpcClientProtocolClient (GrpcClientProtocolClient.java:onNext(255)) - client-A9DCF8B8BD5B->529edf8e-8eae-4246-b33f-5e44130d441c: receive RaftClientReply:client-A9DCF8B8BD5B->529edf8e-8eae-4246-b33f-5e44130d441c@group-A1CD1332DC7D, cid=2678, SUCCESS, logIndex=3960, commits[529edf8e-8eae-4246-b33f-5e44130d441c:c3962, 79bffca9-b028-4c53-a657-872ed973be73:c3958, 15654dff-55cd-4f70-96d8-4abf0c061563:c3958]
2019-07-09 15:04:40,420 INFO  client.GrpcClientProtocolClient (GrpcClientProtocolClient.java:onNext(255)) - client-A9DCF8B8BD5B->529edf8e-8eae-4246-b33f-5e44130d441c: receive RaftClientReply:client-A9DCF8B8BD5B->529edf8e-8eae-4246-b33f-5e44130d441c@group-A1CD1332DC7D, cid=2679, SUCCESS, logIndex=3961, commits[529edf8e-8eae-4246-b33f-5e44130d441c:c3962, 79bffca9-b028-4c53-a657-872ed973be73:c3958, 15654dff-55cd-4f70-96d8-4abf0c061563:c3958]
2019-07-09 15:04:40,420 INFO  client.GrpcClientProtocolClient (GrpcClientProtocolClient.java:onNext(255)) - client-A9DCF8B8BD5B->529edf8e-8eae-4246-b33f-5e44130d441c: receive RaftClientReply:client-A9DCF8B8BD5B->529edf8e-8eae-4246-b33f-5e44130d441c@group-A1CD1332DC7D, cid=2680, SUCCESS, logIndex=3962, commits[529edf8e-8eae-4246-b33f-5e44130d441c:c3962, 79bffca9-b028-4c53-a657-872ed973be73:c3958, 15654dff-55cd-4f70-96d8-4abf0c061563:c3958]
2019-07-09 15:04:40,430 INFO  client.GrpcClientProtocolClient (GrpcClientProtocolClient.java:onNext(255)) - client-A9DCF8B8BD5B->529edf8e-8eae-4246-b33f-5e44130d441c: receive RaftClientReply:client-A9DCF8B8BD5B->529edf8e-8eae-4246-b33f-5e44130d441c@group-A1CD1332DC7D, cid=2681, SUCCESS, logIndex=0, commits[529edf8e-8eae-4246-b33f-5e44130d441c:c3963, 79bffca9-b028-4c53-a657-872ed973be73:c3960, 15654dff-55cd-4f70-96d8-4abf0c061563:c3960]
2019-07-09 15:04:40,451 INFO  client.GrpcClientProtocolClient (GrpcClientProtocolClient.java:onNext(255)) - client-A9DCF8B8BD5B->529edf8e-8eae-4246-b33f-5e44130d441c: receive RaftClientReply:client-A9DCF8B8BD5B->529edf8e-8eae-4246-b33f-5e44130d441c@group-A1CD1332DC7D, cid=2682, SUCCESS, logIndex=3967, commits[529edf8e-8eae-4246-b33f-5e44130d441c:c3968, 79bffca9-b028-4c53-a657-872ed973be73:c3966, 15654dff-55cd-4f70-96d8-4abf0c061563:c3966]
2019-07-09 15:04:40,452 INFO  client.GrpcClientProtocolClient (GrpcClientProtocolClient.java:onNext(255)) - client-A9DCF8B8BD5B->529edf8e-8eae-4246-b33f-5e44130d441c: receive RaftClientReply:client-A9DCF8B8BD5B->529edf8e-8eae-4246-b33f-5e44130d441c@group-A1CD1332DC7D, cid=2683, SUCCESS, logIndex=3968, commits[529edf8e-8eae-4246-b33f-5e44130d441c:c3968, 79bffca9-b028-4c53-a657-872ed973be73:c3966, 15654dff-55cd-4f70-96d8-4abf0c061563:c3966]
2019-07-09 15:04:40,465 INFO  client.GrpcClientProtocolClient (GrpcClientProtocolClient.java:onNext(255)) - client-A9DCF8B8BD5B->529edf8e-8eae-4246-b33f-5e44130d441c: receive RaftClientReply:client-A9DCF8B8BD5B->529edf8e-8eae-4246-b33f-5e44130d441c@group-A1CD1332DC7D, cid=2684, SUCCESS, logIndex=3971, commits[529edf8e-8eae-4246-b33f-5e44130d441c:c3972, 79bffca9-b028-4c53-a657-872ed973be73:c3968, 15654dff-55cd-4f70-96d8-4abf0c061563:c3967]
2019-07-09 15:04:40,465 INFO  client.GrpcClientProtocolClient (GrpcClientProtocolClient.java:onNext(255)) - client-A9DCF8B8BD5B->529edf8e-8eae-4246-b33f-5e44130d441c: receive RaftClientReply:client-A9DCF8B8BD5B->529edf8e-8eae-4246-b33f-5e44130d441c@group-A1CD1332DC7D, cid=2685, SUCCESS, logIndex=3972, commits[529edf8e-8eae-4246-b33f-5e44130d441c:c3972, 79bffca9-b028-4c53-a657-872ed973be73:c3968, 15654dff-55cd-4f70-96d8-4abf0c061563:c3968]
2019-07-09 15:04:40,467 INFO  client.GrpcClientProtocolClient (GrpcClientProtocolClient.java:onNext(255)) - client-A9DCF8B8BD5B->529edf8e-8eae-4246-b33f-5e44130d441c: receive RaftClientReply:client-A9DCF8B8BD5B->529edf8e-8eae-4246-b33f-5e44130d441c@group-A1CD1332DC7D, cid=2686, SUCCESS, logIndex=0, commits[529edf8e-8eae-4246-b33f-5e44130d441c:c3973, 79bffca9-b028-4c53-a657-872ed973be73:c3972, 15654dff-55cd-4f70-96d8-4abf0c061563:c3972]
2019-07-09 15:04:40,498 INFO  client.GrpcClientProtocolClient (GrpcClientProtocolClient.java:onNext(255)) - client-A9DCF8B8BD5B->529edf8e-8eae-4246-b33f-5e44130d441c: receive RaftClientReply:client-A9DCF8B8BD5B->529edf8e-8eae-4246-b33f-5e44130d441c@group-A1CD1332DC7D, cid=2687, SUCCESS, logIndex=3975, commits[529edf8e-8eae-4246-b33f-5e44130d441c:c3976, 79bffca9-b028-4c53-a657-872ed973be73:c3974, 15654dff-55cd-4f70-96d8-4abf0c061563:c3974]
2019-07-09 15:04:40,499 INFO  client.GrpcClientProtocolClient (GrpcClientProtocolClient.java:onNext(255)) - client-A9DCF8B8BD5B->529edf8e-8eae-4246-b33f-5e44130d441c: receive RaftClientReply:client-A9DCF8B8BD5B->529edf8e-8eae-4246-b33f-5e44130d441c@group-A1CD1332DC7D, cid=2688, SUCCESS, logIndex=3976, commits[529edf8e-8eae-4246-b33f-5e44130d441c:c3976, 79bffca9-b028-4c53-a657-872ed973be73:c3974, 15654dff-55cd-4f70-96d8-4abf0c061563:c3974]
2019-07-09 15:04:40,500 INFO  client.GrpcClientProtocolClient (GrpcClientProtocolClient.java:onNext(255)) - client-A9DCF8B8BD5B->529edf8e-8eae-4246-b33f-5e44130d441c: receive RaftClientReply:client-A9DCF8B8BD5B->529edf8e-8eae-4246-b33f-5e44130d441c@group-A1CD1332DC7D, cid=2689, SUCCESS, logIndex=3977, commits[529edf8e-8eae-4246-b33f-5e44130d441c:c3978, 79bffca9-b028-4c53-a657-872ed973be73:c3974, 15654dff-55cd-4f70-96d8-4abf0c061563:c3974]
2019-07-09 15:04:40,500 INFO  client.GrpcClientProtocolClient (GrpcClientProtocolClient.java:onNext(255)) - client-A9DCF8B8BD5B->529edf8e-8eae-4246-b33f-5e44130d441c: receive RaftClientReply:client-A9DCF8B8BD5B->529edf8e-8eae-4246-b33f-5e44130d441c@group-A1CD1332DC7D, cid=2690, SUCCESS, logIndex=3978, commits[529edf8e-8eae-4246-b33f-5e44130d441c:c3978, 79bffca9-b028-4c53-a657-872ed973be73:c3974, 15654dff-55cd-4f70-96d8-4abf0c061563:c3974]
2019-07-09 15:04:40,502 INFO  client.GrpcClientProtocolClient (GrpcClientProtocolClient.java:onNext(255)) - client-A9DCF8B8BD5B->529edf8e-8eae-4246-b33f-5e44130d441c: receive RaftClientReply:client-A9DCF8B8BD5B->529edf8e-8eae-4246-b33f-5e44130d441c@group-A1CD1332DC7D, cid=2691, SUCCESS, logIndex=0, commits[529edf8e-8eae-4246-b33f-5e44130d441c:c3980, 79bffca9-b028-4c53-a657-872ed973be73:c3976, 15654dff-55cd-4f70-96d8-4abf0c061563:c3976]
2019-07-09 15:04:40,524 INFO  client.GrpcClientProtocolClient (GrpcClientProtocolClient.java:onNext(255)) - client-A9DCF8B8BD5B->529edf8e-8eae-4246-b33f-5e44130d441c: receive RaftClientReply:client-A9DCF8B8BD5B->529edf8e-8eae-4246-b33f-5e44130d441c@group-A1CD1332DC7D, cid=2692, SUCCESS, logIndex=3983, commits[529edf8e-8eae-4246-b33f-5e44130d441c:c3984, 79bffca9-b028-4c53-a657-872ed973be73:c3982, 15654dff-55cd-4f70-96d8-4abf0c061563:c3982]
2019-07-09 15:04:40,524 INFO  client.GrpcClientProtocolClient (GrpcClientProtocolClient.java:onNext(255)) - client-A9DCF8B8BD5B->529edf8e-8eae-4246-b33f-5e44130d441c: receive RaftClientReply:client-A9DCF8B8BD5B->529edf8e-8eae-4246-b33f-5e44130d441c@group-A1CD1332DC7D, cid=2693, SUCCESS, logIndex=3984, commits[529edf8e-8eae-4246-b33f-5e44130d441c:c3984, 79bffca9-b028-4c53-a657-872ed973be73:c3982, 15654dff-55cd-4f70-96d8-4abf0c061563:c3982]
2019-07-09 15:04:40,548 INFO  client.GrpcClientProtocolClient (GrpcClientProtocolClient.java:onNext(255)) - client-A9DCF8B8BD5B->529edf8e-8eae-4246-b33f-5e44130d441c: receive RaftClientReply:client-A9DCF8B8BD5B->529edf8e-8eae-4246-b33f-5e44130d441c@group-A1CD1332DC7D, cid=2694, SUCCESS, logIndex=3987, commits[529edf8e-8eae-4246-b33f-5e44130d441c:c3988, 79bffca9-b028-4c53-a657-872ed973be73:c3984, 15654dff-55cd-4f70-96d8-4abf0c061563:c3983]
2019-07-09 15:04:40,548 INFO  client.GrpcClientProtocolClient (GrpcClientProtocolClient.java:onNext(255)) - client-A9DCF8B8BD5B->529edf8e-8eae-4246-b33f-5e44130d441c: receive RaftClientReply:client-A9DCF8B8BD5B->529edf8e-8eae-4246-b33f-5e44130d441c@group-A1CD1332DC7D, cid=2695, SUCCESS, logIndex=3988, commits[529edf8e-8eae-4246-b33f-5e44130d441c:c3988, 79bffca9-b028-4c53-a657-872ed973be73:c3984, 15654dff-55cd-4f70-96d8-4abf0c061563:c3984]
2019-07-09 15:04:40,552 INFO  client.GrpcClientProtocolClient (GrpcClientProtocolClient.java:onNext(255)) - client-A9DCF8B8BD5B->529edf8e-8eae-4246-b33f-5e44130d441c: receive RaftClientReply:client-A9DCF8B8BD5B->529edf8e-8eae-4246-b33f-5e44130d441c@group-A1CD1332DC7D, cid=2696, SUCCESS, logIndex=0, commits[529edf8e-8eae-4246-b33f-5e44130d441c:c3990, 79bffca9-b028-4c53-a657-872ed973be73:c3988, 15654dff-55cd-4f70-96d8-4abf0c061563:c3988]
2019-07-09 15:04:40,586 INFO  client.GrpcClientProtocolClient (GrpcClientProtocolClient.java:onNext(255)) - client-A9DCF8B8BD5B->529edf8e-8eae-4246-b33f-5e44130d441c: receive RaftClientReply:client-A9DCF8B8BD5B->529edf8e-8eae-4246-b33f-5e44130d441c@group-A1CD1332DC7D, cid=2697, SUCCESS, logIndex=3991, commits[529edf8e-8eae-4246-b33f-5e44130d441c:c3992, 79bffca9-b028-4c53-a657-872ed973be73:c3990, 15654dff-55cd-4f70-96d8-4abf0c061563:c3990]
2019-07-09 15:04:40,586 INFO  client.GrpcClientProtocolClient (GrpcClientProtocolClient.java:onNext(255)) - client-A9DCF8B8BD5B->529edf8e-8eae-4246-b33f-5e44130d441c: receive RaftClientReply:client-A9DCF8B8BD5B->529edf8e-8eae-4246-b33f-5e44130d441c@group-A1CD1332DC7D, cid=2698, SUCCESS, logIndex=3992, commits[529edf8e-8eae-4246-b33f-5e44130d441c:c3994, 79bffca9-b028-4c53-a657-872ed973be73:c3990, 15654dff-55cd-4f70-96d8-4abf0c061563:c3990]
2019-07-09 15:04:40,587 INFO  client.GrpcClientProtocolClient (GrpcClientProtocolClient.java:onNext(255)) - client-A9DCF8B8BD5B->529edf8e-8eae-4246-b33f-5e44130d441c: receive RaftClientReply:client-A9DCF8B8BD5B->529edf8e-8eae-4246-b33f-5e44130d441c@group-A1CD1332DC7D, cid=2699, SUCCESS, logIndex=3993, commits[529edf8e-8eae-4246-b33f-5e44130d441c:c3994, 79bffca9-b028-4c53-a657-872ed973be73:c3990, 15654dff-55cd-4f70-96d8-4abf0c061563:c3990]
2019-07-09 15:04:40,587 INFO  client.GrpcClientProtocolClient (GrpcClientProtocolClient.java:onNext(255)) - client-A9DCF8B8BD5B->529edf8e-8eae-4246-b33f-5e44130d441c: receive RaftClientReply:client-A9DCF8B8BD5B->529edf8e-8eae-4246-b33f-5e44130d441c@group-A1CD1332DC7D, cid=2700, SUCCESS, logIndex=3994, commits[529edf8e-8eae-4246-b33f-5e44130d441c:c3994, 79bffca9-b028-4c53-a657-872ed973be73:c3990, 15654dff-55cd-4f70-96d8-4abf0c061563:c3990]
2019-07-09 15:04:40,590 INFO  client.GrpcClientProtocolClient (GrpcClientProtocolClient.java:onNext(255)) - client-A9DCF8B8BD5B->529edf8e-8eae-4246-b33f-5e44130d441c: receive RaftClientReply:client-A9DCF8B8BD5B->529edf8e-8eae-4246-b33f-5e44130d441c@group-A1CD1332DC7D, cid=2701, SUCCESS, logIndex=0, commits[529edf8e-8eae-4246-b33f-5e44130d441c:c3996, 79bffca9-b028-4c53-a657-872ed973be73:c3992, 15654dff-55cd-4f70-96d8-4abf0c061563:c3992]
2019-07-09 15:04:40,611 INFO  client.GrpcClientProtocolClient (GrpcClientProtocolClient.java:onNext(255)) - client-A9DCF8B8BD5B->529edf8e-8eae-4246-b33f-5e44130d441c: receive RaftClientReply:client-A9DCF8B8BD5B->529edf8e-8eae-4246-b33f-5e44130d441c@group-A1CD1332DC7D, cid=2702, SUCCESS, logIndex=3999, commits[529edf8e-8eae-4246-b33f-5e44130d441c:c4000, 79bffca9-b028-4c53-a657-872ed973be73:c3998, 15654dff-55cd-4f70-96d8-4abf0c061563:c3998]
2019-07-09 15:04:40,611 INFO  client.GrpcClientProtocolClient (GrpcClientProtocolClient.java:onNext(255)) - client-A9DCF8B8BD5B->529edf8e-8eae-4246-b33f-5e44130d441c: receive RaftClientReply:client-A9DCF8B8BD5B->529edf8e-8eae-4246-b33f-5e44130d441c@group-A1CD1332DC7D, cid=2703, SUCCESS, logIndex=4000, commits[529edf8e-8eae-4246-b33f-5e44130d441c:c4000, 79bffca9-b028-4c53-a657-872ed973be73:c3998, 15654dff-55cd-4f70-96d8-4abf0c061563:c3998]
2019-07-09 15:04:40,625 INFO  client.GrpcClientProtocolClient (GrpcClientProtocolClient.java:onNext(255)) - client-A9DCF8B8BD5B->529edf8e-8eae-4246-b33f-5e44130d441c: receive RaftClientReply:client-A9DCF8B8BD5B->529edf8e-8eae-4246-b33f-5e44130d441c@group-A1CD1332DC7D, cid=2704, SUCCESS, logIndex=4003, commits[529edf8e-8eae-4246-b33f-5e44130d441c:c4004, 79bffca9-b028-4c53-a657-872ed973be73:c4000, 15654dff-55cd-4f70-96d8-4abf0c061563:c3999]
2019-07-09 15:04:40,625 INFO  client.GrpcClientProtocolClient (GrpcClientProtocolClient.java:onNext(255)) - client-A9DCF8B8BD5B->529edf8e-8eae-4246-b33f-5e44130d441c: receive RaftClientReply:client-A9DCF8B8BD5B->529edf8e-8eae-4246-b33f-5e44130d441c@group-A1CD1332DC7D, cid=2705, SUCCESS, logIndex=4004, commits[529edf8e-8eae-4246-b33f-5e44130d441c:c4004, 79bffca9-b028-4c53-a657-872ed973be73:c4000, 15654dff-55cd-4f70-96d8-4abf0c061563:c4000]
2019-07-09 15:04:40,626 INFO  client.GrpcClientProtocolClient (GrpcClientProtocolClient.java:onNext(255)) - client-A9DCF8B8BD5B->529edf8e-8eae-4246-b33f-5e44130d441c: receive RaftClientReply:client-A9DCF8B8BD5B->529edf8e-8eae-4246-b33f-5e44130d441c@group-A1CD1332DC7D, cid=2706, SUCCESS, logIndex=0, commits[529edf8e-8eae-4246-b33f-5e44130d441c:c4005, 79bffca9-b028-4c53-a657-872ed973be73:c4004, 15654dff-55cd-4f70-96d8-4abf0c061563:c4004]
2019-07-09 15:04:40,655 INFO  client.GrpcClientProtocolClient (GrpcClientProtocolClient.java:onNext(255)) - client-A9DCF8B8BD5B->529edf8e-8eae-4246-b33f-5e44130d441c: receive RaftClientReply:client-A9DCF8B8BD5B->529edf8e-8eae-4246-b33f-5e44130d441c@group-A1CD1332DC7D, cid=2707, SUCCESS, logIndex=4007, commits[529edf8e-8eae-4246-b33f-5e44130d441c:c4008, 79bffca9-b028-4c53-a657-872ed973be73:c4006, 15654dff-55cd-4f70-96d8-4abf0c061563:c4006]
2019-07-09 15:04:40,655 INFO  client.GrpcClientProtocolClient (GrpcClientProtocolClient.java:onNext(255)) - client-A9DCF8B8BD5B->529edf8e-8eae-4246-b33f-5e44130d441c: receive RaftClientReply:client-A9DCF8B8BD5B->529edf8e-8eae-4246-b33f-5e44130d441c@group-A1CD1332DC7D, cid=2708, SUCCESS, logIndex=4008, commits[529edf8e-8eae-4246-b33f-5e44130d441c:c4008, 79bffca9-b028-4c53-a657-872ed973be73:c4006, 15654dff-55cd-4f70-96d8-4abf0c061563:c4006]
2019-07-09 15:04:40,672 INFO  client.GrpcClientProtocolClient (GrpcClientProtocolClient.java:onNext(255)) - client-A9DCF8B8BD5B->529edf8e-8eae-4246-b33f-5e44130d441c: receive RaftClientReply:client-A9DCF8B8BD5B->529edf8e-8eae-4246-b33f-5e44130d441c@group-A1CD1332DC7D, cid=2709, SUCCESS, logIndex=4009, commits[529edf8e-8eae-4246-b33f-5e44130d441c:c4010, 79bffca9-b028-4c53-a657-872ed973be73:c4006, 15654dff-55cd-4f70-96d8-4abf0c061563:c4006]
2019-07-09 15:04:40,673 INFO  client.GrpcClientProtocolClient (GrpcClientProtocolClient.java:onNext(255)) - client-A9DCF8B8BD5B->529edf8e-8eae-4246-b33f-5e44130d441c: receive RaftClientReply:client-A9DCF8B8BD5B->529edf8e-8eae-4246-b33f-5e44130d441c@group-A1CD1332DC7D, cid=2710, SUCCESS, logIndex=4010, commits[529edf8e-8eae-4246-b33f-5e44130d441c:c4010, 79bffca9-b028-4c53-a657-872ed973be73:c4006, 15654dff-55cd-4f70-96d8-4abf0c061563:c4006]
2019-07-09 15:04:40,675 INFO  client.GrpcClientProtocolClient (GrpcClientProtocolClient.java:onNext(255)) - client-A9DCF8B8BD5B->529edf8e-8eae-4246-b33f-5e44130d441c: receive RaftClientReply:client-A9DCF8B8BD5B->529edf8e-8eae-4246-b33f-5e44130d441c@group-A1CD1332DC7D, cid=2711, SUCCESS, logIndex=0, commits[529edf8e-8eae-4246-b33f-5e44130d441c:c4012, 79bffca9-b028-4c53-a657-872ed973be73:c4008, 15654dff-55cd-4f70-96d8-4abf0c061563:c4008]
2019-07-09 15:04:40,696 INFO  client.GrpcClientProtocolClient (GrpcClientProtocolClient.java:onNext(255)) - client-A9DCF8B8BD5B->529edf8e-8eae-4246-b33f-5e44130d441c: receive RaftClientReply:client-A9DCF8B8BD5B->529edf8e-8eae-4246-b33f-5e44130d441c@group-A1CD1332DC7D, cid=2712, SUCCESS, logIndex=4015, commits[529edf8e-8eae-4246-b33f-5e44130d441c:c4016, 79bffca9-b028-4c53-a657-872ed973be73:c4014, 15654dff-55cd-4f70-96d8-4abf0c061563:c4014]
2019-07-09 15:04:40,697 INFO  client.GrpcClientProtocolClient (GrpcClientProtocolClient.java:onNext(255)) - client-A9DCF8B8BD5B->529edf8e-8eae-4246-b33f-5e44130d441c: receive RaftClientReply:client-A9DCF8B8BD5B->529edf8e-8eae-4246-b33f-5e44130d441c@group-A1CD1332DC7D, cid=2713, SUCCESS, logIndex=4016, commits[529edf8e-8eae-4246-b33f-5e44130d441c:c4016, 79bffca9-b028-4c53-a657-872ed973be73:c4014, 15654dff-55cd-4f70-96d8-4abf0c061563:c4014]
2019-07-09 15:04:40,710 INFO  client.GrpcClientProtocolClient (GrpcClientProtocolClient.java:onNext(255)) - client-A9DCF8B8BD5B->529edf8e-8eae-4246-b33f-5e44130d441c: receive RaftClientReply:client-A9DCF8B8BD5B->529edf8e-8eae-4246-b33f-5e44130d441c@group-A1CD1332DC7D, cid=2714, SUCCESS, logIndex=4019, commits[529edf8e-8eae-4246-b33f-5e44130d441c:c4020, 79bffca9-b028-4c53-a657-872ed973be73:c4015, 15654dff-55cd-4f70-96d8-4abf0c061563:c4016]
2019-07-09 15:04:40,710 INFO  client.GrpcClientProtocolClient (GrpcClientProtocolClient.java:onNext(255)) - client-A9DCF8B8BD5B->529edf8e-8eae-4246-b33f-5e44130d441c: receive RaftClientReply:client-A9DCF8B8BD5B->529edf8e-8eae-4246-b33f-5e44130d441c@group-A1CD1332DC7D, cid=2715, SUCCESS, logIndex=4020, commits[529edf8e-8eae-4246-b33f-5e44130d441c:c4020, 79bffca9-b028-4c53-a657-872ed973be73:c4016, 15654dff-55cd-4f70-96d8-4abf0c061563:c4016]
2019-07-09 15:04:40,712 INFO  client.GrpcClientProtocolClient (GrpcClientProtocolClient.java:onNext(255)) - client-A9DCF8B8BD5B->529edf8e-8eae-4246-b33f-5e44130d441c: receive RaftClientReply:client-A9DCF8B8BD5B->529edf8e-8eae-4246-b33f-5e44130d441c@group-A1CD1332DC7D, cid=2716, SUCCESS, logIndex=0, commits[529edf8e-8eae-4246-b33f-5e44130d441c:c4022, 79bffca9-b028-4c53-a657-872ed973be73:c4020, 15654dff-55cd-4f70-96d8-4abf0c061563:c4020]
2019-07-09 15:04:40,741 INFO  client.GrpcClientProtocolClient (GrpcClientProtocolClient.java:onNext(255)) - client-A9DCF8B8BD5B->529edf8e-8eae-4246-b33f-5e44130d441c: receive RaftClientReply:client-A9DCF8B8BD5B->529edf8e-8eae-4246-b33f-5e44130d441c@group-A1CD1332DC7D, cid=2717, SUCCESS, logIndex=4023, commits[529edf8e-8eae-4246-b33f-5e44130d441c:c4024, 79bffca9-b028-4c53-a657-872ed973be73:c4022, 15654dff-55cd-4f70-96d8-4abf0c061563:c4022]
2019-07-09 15:04:40,742 INFO  client.GrpcClientProtocolClient (GrpcClientProtocolClient.java:onNext(255)) - client-A9DCF8B8BD5B->529edf8e-8eae-4246-b33f-5e44130d441c: receive RaftClientReply:client-A9DCF8B8BD5B->529edf8e-8eae-4246-b33f-5e44130d441c@group-A1CD1332DC7D, cid=2718, SUCCESS, logIndex=4024, commits[529edf8e-8eae-4246-b33f-5e44130d441c:c4026, 79bffca9-b028-4c53-a657-872ed973be73:c4022, 15654dff-55cd-4f70-96d8-4abf0c061563:c4022]
2019-07-09 15:04:40,742 INFO  client.GrpcClientProtocolClient (GrpcClientProtocolClient.java:onNext(255)) - client-A9DCF8B8BD5B->529edf8e-8eae-4246-b33f-5e44130d441c: receive RaftClientReply:client-A9DCF8B8BD5B->529edf8e-8eae-4246-b33f-5e44130d441c@group-A1CD1332DC7D, cid=2719, SUCCESS, logIndex=4025, commits[529edf8e-8eae-4246-b33f-5e44130d441c:c4026, 79bffca9-b028-4c53-a657-872ed973be73:c4022, 15654dff-55cd-4f70-96d8-4abf0c061563:c4022]
2019-07-09 15:04:40,742 INFO  client.GrpcClientProtocolClient (GrpcClientProtocolClient.java:onNext(255)) - client-A9DCF8B8BD5B->529edf8e-8eae-4246-b33f-5e44130d441c: receive RaftClientReply:client-A9DCF8B8BD5B->529edf8e-8eae-4246-b33f-5e44130d441c@group-A1CD1332DC7D, cid=2720, SUCCESS, logIndex=4026, commits[529edf8e-8eae-4246-b33f-5e44130d441c:c4027, 79bffca9-b028-4c53-a657-872ed973be73:c4023, 15654dff-55cd-4f70-96d8-4abf0c061563:c4022]
2019-07-09 15:04:40,743 INFO  client.GrpcClientProtocolClient (GrpcClientProtocolClient.java:onNext(255)) - client-A9DCF8B8BD5B->529edf8e-8eae-4246-b33f-5e44130d441c: receive RaftClientReply:client-A9DCF8B8BD5B->529edf8e-8eae-4246-b33f-5e44130d441c@group-A1CD1332DC7D, cid=2721, SUCCESS, logIndex=0, commits[529edf8e-8eae-4246-b33f-5e44130d441c:c4029, 79bffca9-b028-4c53-a657-872ed973be73:c4024, 15654dff-55cd-4f70-96d8-4abf0c061563:c4025]
2019-07-09 15:04:40,764 INFO  client.GrpcClientProtocolClient (GrpcClientProtocolClient.java:onNext(255)) - client-A9DCF8B8BD5B->529edf8e-8eae-4246-b33f-5e44130d441c: receive RaftClientReply:client-A9DCF8B8BD5B->529edf8e-8eae-4246-b33f-5e44130d441c@group-A1CD1332DC7D, cid=2722, SUCCESS, logIndex=4031, commits[529edf8e-8eae-4246-b33f-5e44130d441c:c4032, 79bffca9-b028-4c53-a657-872ed973be73:c4030, 15654dff-55cd-4f70-96d8-4abf0c061563:c4030]
2019-07-09 15:04:40,764 INFO  client.GrpcClientProtocolClient (GrpcClientProtocolClient.java:onNext(255)) - client-A9DCF8B8BD5B->529edf8e-8eae-4246-b33f-5e44130d441c: receive RaftClientReply:client-A9DCF8B8BD5B->529edf8e-8eae-4246-b33f-5e44130d441c@group-A1CD1332DC7D, cid=2723, SUCCESS, logIndex=4032, commits[529edf8e-8eae-4246-b33f-5e44130d441c:c4032, 79bffca9-b028-4c53-a657-872ed973be73:c4030, 15654dff-55cd-4f70-96d8-4abf0c061563:c4030]
2019-07-09 15:04:40,777 INFO  client.GrpcClientProtocolClient (GrpcClientProtocolClient.java:onNext(255)) - client-A9DCF8B8BD5B->529edf8e-8eae-4246-b33f-5e44130d441c: receive RaftClientReply:client-A9DCF8B8BD5B->529edf8e-8eae-4246-b33f-5e44130d441c@group-A1CD1332DC7D, cid=2724, SUCCESS, logIndex=4035, commits[529edf8e-8eae-4246-b33f-5e44130d441c:c4035, 79bffca9-b028-4c53-a657-872ed973be73:c4032, 15654dff-55cd-4f70-96d8-4abf0c061563:c4032]
2019-07-09 15:04:40,777 INFO  client.GrpcClientProtocolClient (GrpcClientProtocolClient.java:onNext(255)) - client-A9DCF8B8BD5B->529edf8e-8eae-4246-b33f-5e44130d441c: receive RaftClientReply:client-A9DCF8B8BD5B->529edf8e-8eae-4246-b33f-5e44130d441c@group-A1CD1332DC7D, cid=2725, SUCCESS, logIndex=4036, commits[529edf8e-8eae-4246-b33f-5e44130d441c:c4036, 79bffca9-b028-4c53-a657-872ed973be73:c4032, 15654dff-55cd-4f70-96d8-4abf0c061563:c4032]
2019-07-09 15:04:40,790 INFO  client.GrpcClientProtocolClient (GrpcClientProtocolClient.java:onNext(255)) - client-A9DCF8B8BD5B->529edf8e-8eae-4246-b33f-5e44130d441c: receive RaftClientReply:client-A9DCF8B8BD5B->529edf8e-8eae-4246-b33f-5e44130d441c@group-A1CD1332DC7D, cid=2726, SUCCESS, logIndex=0, commits[529edf8e-8eae-4246-b33f-5e44130d441c:c4038, 79bffca9-b028-4c53-a657-872ed973be73:c4036, 15654dff-55cd-4f70-96d8-4abf0c061563:c4036]
2019-07-09 15:04:40,822 INFO  client.GrpcClientProtocolClient (GrpcClientProtocolClient.java:onNext(255)) - client-A9DCF8B8BD5B->529edf8e-8eae-4246-b33f-5e44130d441c: receive RaftClientReply:client-A9DCF8B8BD5B->529edf8e-8eae-4246-b33f-5e44130d441c@group-A1CD1332DC7D, cid=2727, SUCCESS, logIndex=4039, commits[529edf8e-8eae-4246-b33f-5e44130d441c:c4040, 79bffca9-b028-4c53-a657-872ed973be73:c4038, 15654dff-55cd-4f70-96d8-4abf0c061563:c4038]
2019-07-09 15:04:40,822 INFO  client.GrpcClientProtocolClient (GrpcClientProtocolClient.java:onNext(255)) - client-A9DCF8B8BD5B->529edf8e-8eae-4246-b33f-5e44130d441c: receive RaftClientReply:client-A9DCF8B8BD5B->529edf8e-8eae-4246-b33f-5e44130d441c@group-A1CD1332DC7D, cid=2728, SUCCESS, logIndex=4040, commits[529edf8e-8eae-4246-b33f-5e44130d441c:c4042, 79bffca9-b028-4c53-a657-872ed973be73:c4038, 15654dff-55cd-4f70-96d8-4abf0c061563:c4038]
2019-07-09 15:04:40,823 INFO  client.GrpcClientProtocolClient (GrpcClientProtocolClient.java:onNext(255)) - client-A9DCF8B8BD5B->529edf8e-8eae-4246-b33f-5e44130d441c: receive RaftClientReply:client-A9DCF8B8BD5B->529edf8e-8eae-4246-b33f-5e44130d441c@group-A1CD1332DC7D, cid=2729, SUCCESS, logIndex=4041, commits[529edf8e-8eae-4246-b33f-5e44130d441c:c4042, 79bffca9-b028-4c53-a657-872ed973be73:c4038, 15654dff-55cd-4f70-96d8-4abf0c061563:c4038]
2019-07-09 15:04:40,823 INFO  client.GrpcClientProtocolClient (GrpcClientProtocolClient.java:onNext(255)) - client-A9DCF8B8BD5B->529edf8e-8eae-4246-b33f-5e44130d441c: receive RaftClientReply:client-A9DCF8B8BD5B->529edf8e-8eae-4246-b33f-5e44130d441c@group-A1CD1332DC7D, cid=2730, SUCCESS, logIndex=4042, commits[529edf8e-8eae-4246-b33f-5e44130d441c:c4042, 79bffca9-b028-4c53-a657-872ed973be73:c4038, 15654dff-55cd-4f70-96d8-4abf0c061563:c4038]
2019-07-09 15:04:40,825 INFO  client.GrpcClientProtocolClient (GrpcClientProtocolClient.java:onNext(255)) - client-A9DCF8B8BD5B->529edf8e-8eae-4246-b33f-5e44130d441c: receive RaftClientReply:client-A9DCF8B8BD5B->529edf8e-8eae-4246-b33f-5e44130d441c@group-A1CD1332DC7D, cid=2731, SUCCESS, logIndex=0, commits[529edf8e-8eae-4246-b33f-5e44130d441c:c4046, 79bffca9-b028-4c53-a657-872ed973be73:c4040, 15654dff-55cd-4f70-96d8-4abf0c061563:c4042]
2019-07-09 15:04:40,845 INFO  client.GrpcClientProtocolClient (GrpcClientProtocolClient.java:onNext(255)) - client-A9DCF8B8BD5B->529edf8e-8eae-4246-b33f-5e44130d441c: receive RaftClientReply:client-A9DCF8B8BD5B->529edf8e-8eae-4246-b33f-5e44130d441c@group-A1CD1332DC7D, cid=2732, SUCCESS, logIndex=4047, commits[529edf8e-8eae-4246-b33f-5e44130d441c:c4048, 79bffca9-b028-4c53-a657-872ed973be73:c4046, 15654dff-55cd-4f70-96d8-4abf0c061563:c4046]
2019-07-09 15:04:40,846 INFO  client.GrpcClientProtocolClient (GrpcClientProtocolClient.java:onNext(255)) - client-A9DCF8B8BD5B->529edf8e-8eae-4246-b33f-5e44130d441c: receive RaftClientReply:client-A9DCF8B8BD5B->529edf8e-8eae-4246-b33f-5e44130d441c@group-A1CD1332DC7D, cid=2733, SUCCESS, logIndex=4048, commits[529edf8e-8eae-4246-b33f-5e44130d441c:c4048, 79bffca9-b028-4c53-a657-872ed973be73:c4046, 15654dff-55cd-4f70-96d8-4abf0c061563:c4046]
2019-07-09 15:04:40,859 INFO  client.GrpcClientProtocolClient (GrpcClientProtocolClient.java:onNext(255)) - client-A9DCF8B8BD5B->529edf8e-8eae-4246-b33f-5e44130d441c: receive RaftClientReply:client-A9DCF8B8BD5B->529edf8e-8eae-4246-b33f-5e44130d441c@group-A1CD1332DC7D, cid=2734, SUCCESS, logIndex=4051, commits[529edf8e-8eae-4246-b33f-5e44130d441c:c4051, 79bffca9-b028-4c53-a657-872ed973be73:c4048, 15654dff-55cd-4f70-96d8-4abf0c061563:c4048]
2019-07-09 15:04:40,859 INFO  client.GrpcClientProtocolClient (GrpcClientProtocolClient.java:onNext(255)) - client-A9DCF8B8BD5B->529edf8e-8eae-4246-b33f-5e44130d441c: receive RaftClientReply:client-A9DCF8B8BD5B->529edf8e-8eae-4246-b33f-5e44130d441c@group-A1CD1332DC7D, cid=2735, SUCCESS, logIndex=4052, commits[529edf8e-8eae-4246-b33f-5e44130d441c:c4052, 79bffca9-b028-4c53-a657-872ed973be73:c4048, 15654dff-55cd-4f70-96d8-4abf0c061563:c4048]
2019-07-09 15:04:40,886 INFO  client.GrpcClientProtocolClient (GrpcClientProtocolClient.java:onNext(255)) - client-A9DCF8B8BD5B->529edf8e-8eae-4246-b33f-5e44130d441c: receive RaftClientReply:client-A9DCF8B8BD5B->529edf8e-8eae-4246-b33f-5e44130d441c@group-A1CD1332DC7D, cid=2736, SUCCESS, logIndex=0, commits[529edf8e-8eae-4246-b33f-5e44130d441c:c4054, 79bffca9-b028-4c53-a657-872ed973be73:c4052, 15654dff-55cd-4f70-96d8-4abf0c061563:c4052]
2019-07-09 15:04:40,918 INFO  client.GrpcClientProtocolClient (GrpcClientProtocolClient.java:onNext(255)) - client-A9DCF8B8BD5B->529edf8e-8eae-4246-b33f-5e44130d441c: receive RaftClientReply:client-A9DCF8B8BD5B->529edf8e-8eae-4246-b33f-5e44130d441c@group-A1CD1332DC7D, cid=2737, SUCCESS, logIndex=4055, commits[529edf8e-8eae-4246-b33f-5e44130d441c:c4057, 79bffca9-b028-4c53-a657-872ed973be73:c4054, 15654dff-55cd-4f70-96d8-4abf0c061563:c4054]
2019-07-09 15:04:40,919 INFO  client.GrpcClientProtocolClient (GrpcClientProtocolClient.java:onNext(255)) - client-A9DCF8B8BD5B->529edf8e-8eae-4246-b33f-5e44130d441c: receive RaftClientReply:client-A9DCF8B8BD5B->529edf8e-8eae-4246-b33f-5e44130d441c@group-A1CD1332DC7D, cid=2738, SUCCESS, logIndex=4056, commits[529edf8e-8eae-4246-b33f-5e44130d441c:c4058, 79bffca9-b028-4c53-a657-872ed973be73:c4054, 15654dff-55cd-4f70-96d8-4abf0c061563:c4054]
2019-07-09 15:04:40,919 INFO  client.GrpcClientProtocolClient (GrpcClientProtocolClient.java:onNext(255)) - client-A9DCF8B8BD5B->529edf8e-8eae-4246-b33f-5e44130d441c: receive RaftClientReply:client-A9DCF8B8BD5B->529edf8e-8eae-4246-b33f-5e44130d441c@group-A1CD1332DC7D, cid=2739, SUCCESS, logIndex=4057, commits[529edf8e-8eae-4246-b33f-5e44130d441c:c4058, 79bffca9-b028-4c53-a657-872ed973be73:c4054, 15654dff-55cd-4f70-96d8-4abf0c061563:c4054]
2019-07-09 15:04:40,919 INFO  client.GrpcClientProtocolClient (GrpcClientProtocolClient.java:onNext(255)) - client-A9DCF8B8BD5B->529edf8e-8eae-4246-b33f-5e44130d441c: receive RaftClientReply:client-A9DCF8B8BD5B->529edf8e-8eae-4246-b33f-5e44130d441c@group-A1CD1332DC7D, cid=2740, SUCCESS, logIndex=4058, commits[529edf8e-8eae-4246-b33f-5e44130d441c:c4058, 79bffca9-b028-4c53-a657-872ed973be73:c4054, 15654dff-55cd-4f70-96d8-4abf0c061563:c4054]
2019-07-09 15:04:40,920 INFO  client.GrpcClientProtocolClient (GrpcClientProtocolClient.java:onNext(255)) - client-A9DCF8B8BD5B->529edf8e-8eae-4246-b33f-5e44130d441c: receive RaftClientReply:client-A9DCF8B8BD5B->529edf8e-8eae-4246-b33f-5e44130d441c@group-A1CD1332DC7D, cid=2741, SUCCESS, logIndex=0, commits[529edf8e-8eae-4246-b33f-5e44130d441c:c4059, 79bffca9-b028-4c53-a657-872ed973be73:c4056, 15654dff-55cd-4f70-96d8-4abf0c061563:c4056]
2019-07-09 15:04:40,940 INFO  client.GrpcClientProtocolClient (GrpcClientProtocolClient.java:onNext(255)) - client-A9DCF8B8BD5B->529edf8e-8eae-4246-b33f-5e44130d441c: receive RaftClientReply:client-A9DCF8B8BD5B->529edf8e-8eae-4246-b33f-5e44130d441c@group-A1CD1332DC7D, cid=2742, SUCCESS, logIndex=4063, commits[529edf8e-8eae-4246-b33f-5e44130d441c:c4064, 79bffca9-b028-4c53-a657-872ed973be73:c4062, 15654dff-55cd-4f70-96d8-4abf0c061563:c4062]
2019-07-09 15:04:40,941 INFO  client.GrpcClientProtocolClient (GrpcClientProtocolClient.java:onNext(255)) - client-A9DCF8B8BD5B->529edf8e-8eae-4246-b33f-5e44130d441c: receive RaftClientReply:client-A9DCF8B8BD5B->529edf8e-8eae-4246-b33f-5e44130d441c@group-A1CD1332DC7D, cid=2743, SUCCESS, logIndex=4064, commits[529edf8e-8eae-4246-b33f-5e44130d441c:c4064, 79bffca9-b028-4c53-a657-872ed973be73:c4062, 15654dff-55cd-4f70-96d8-4abf0c061563:c4062]
2019-07-09 15:04:40,954 INFO  client.GrpcClientProtocolClient (GrpcClientProtocolClient.java:onNext(255)) - client-A9DCF8B8BD5B->529edf8e-8eae-4246-b33f-5e44130d441c: receive RaftClientReply:client-A9DCF8B8BD5B->529edf8e-8eae-4246-b33f-5e44130d441c@group-A1CD1332DC7D, cid=2744, SUCCESS, logIndex=4067, commits[529edf8e-8eae-4246-b33f-5e44130d441c:c4067, 79bffca9-b028-4c53-a657-872ed973be73:c4063, 15654dff-55cd-4f70-96d8-4abf0c061563:c4064]
2019-07-09 15:04:40,955 INFO  client.GrpcClientProtocolClient (GrpcClientProtocolClient.java:onNext(255)) - client-A9DCF8B8BD5B->529edf8e-8eae-4246-b33f-5e44130d441c: receive RaftClientReply:client-A9DCF8B8BD5B->529edf8e-8eae-4246-b33f-5e44130d441c@group-A1CD1332DC7D, cid=2745, SUCCESS, logIndex=4068, commits[529edf8e-8eae-4246-b33f-5e44130d441c:c4068, 79bffca9-b028-4c53-a657-872ed973be73:c4064, 15654dff-55cd-4f70-96d8-4abf0c061563:c4064]
2019-07-09 15:04:40,967 INFO  client.GrpcClientProtocolClient (GrpcClientProtocolClient.java:onNext(255)) - client-A9DCF8B8BD5B->529edf8e-8eae-4246-b33f-5e44130d441c: receive RaftClientReply:client-A9DCF8B8BD5B->529edf8e-8eae-4246-b33f-5e44130d441c@group-A1CD1332DC7D, cid=2746, SUCCESS, logIndex=0, commits[529edf8e-8eae-4246-b33f-5e44130d441c:c4070, 79bffca9-b028-4c53-a657-872ed973be73:c4068, 15654dff-55cd-4f70-96d8-4abf0c061563:c4068]
 0.00% |█                                                                                                    |  0/1 Time: 0:00:232019-07-09 15:04:41,087 INFO  client.GrpcClientProtocolClient (GrpcClientProtocolClient.java:onNext(255)) - client-A9DCF8B8BD5B->529edf8e-8eae-4246-b33f-5e44130d441c: receive RaftClientReply:client-A9DCF8B8BD5B->529edf8e-8eae-4246-b33f-5e44130d441c@group-A1CD1332DC7D, cid=2747, SUCCESS, logIndex=4071, commits[529edf8e-8eae-4246-b33f-5e44130d441c:c4071, 79bffca9-b028-4c53-a657-872ed973be73:c4070, 15654dff-55cd-4f70-96d8-4abf0c061563:c4070]
2019-07-09 15:04:41,088 INFO  client.GrpcClientProtocolClient (GrpcClientProtocolClient.java:onNext(255)) - client-A9DCF8B8BD5B->529edf8e-8eae-4246-b33f-5e44130d441c: receive RaftClientReply:client-A9DCF8B8BD5B->529edf8e-8eae-4246-b33f-5e44130d441c@group-A1CD1332DC7D, cid=2748, SUCCESS, logIndex=4072, commits[529edf8e-8eae-4246-b33f-5e44130d441c:c4072, 79bffca9-b028-4c53-a657-872ed973be73:c4070, 15654dff-55cd-4f70-96d8-4abf0c061563:c4070]
2019-07-09 15:04:41,088 INFO  client.GrpcClientProtocolClient (GrpcClientProtocolClient.java:onNext(255)) - client-A9DCF8B8BD5B->529edf8e-8eae-4246-b33f-5e44130d441c: receive RaftClientReply:client-A9DCF8B8BD5B->529edf8e-8eae-4246-b33f-5e44130d441c@group-A1CD1332DC7D, cid=2749, SUCCESS, logIndex=4073, commits[529edf8e-8eae-4246-b33f-5e44130d441c:c4074, 79bffca9-b028-4c53-a657-872ed973be73:c4070, 15654dff-55cd-4f70-96d8-4abf0c061563:c4070]
2019-07-09 15:04:41,089 INFO  client.GrpcClientProtocolClient (GrpcClientProtocolClient.java:onNext(255)) - client-A9DCF8B8BD5B->529edf8e-8eae-4246-b33f-5e44130d441c: receive RaftClientReply:client-A9DCF8B8BD5B->529edf8e-8eae-4246-b33f-5e44130d441c@group-A1CD1332DC7D, cid=2750, SUCCESS, logIndex=4074, commits[529edf8e-8eae-4246-b33f-5e44130d441c:c4074, 79bffca9-b028-4c53-a657-872ed973be73:c4070, 15654dff-55cd-4f70-96d8-4abf0c061563:c4070]
2019-07-09 15:04:41,090 INFO  client.GrpcClientProtocolClient (GrpcClientProtocolClient.java:onNext(255)) - client-A9DCF8B8BD5B->529edf8e-8eae-4246-b33f-5e44130d441c: receive RaftClientReply:client-A9DCF8B8BD5B->529edf8e-8eae-4246-b33f-5e44130d441c@group-A1CD1332DC7D, cid=2751, SUCCESS, logIndex=0, commits[529edf8e-8eae-4246-b33f-5e44130d441c:c4076, 79bffca9-b028-4c53-a657-872ed973be73:c4072, 15654dff-55cd-4f70-96d8-4abf0c061563:c4072]
2019-07-09 15:04:41,110 INFO  client.GrpcClientProtocolClient (GrpcClientProtocolClient.java:onNext(255)) - client-A9DCF8B8BD5B->529edf8e-8eae-4246-b33f-5e44130d441c: receive RaftClientReply:client-A9DCF8B8BD5B->529edf8e-8eae-4246-b33f-5e44130d441c@group-A1CD1332DC7D, cid=2752, SUCCESS, logIndex=4079, commits[529edf8e-8eae-4246-b33f-5e44130d441c:c4080, 79bffca9-b028-4c53-a657-872ed973be73:c4078, 15654dff-55cd-4f70-96d8-4abf0c061563:c4078]
2019-07-09 15:04:41,110 INFO  client.GrpcClientProtocolClient (GrpcClientProtocolClient.java:onNext(255)) - client-A9DCF8B8BD5B->529edf8e-8eae-4246-b33f-5e44130d441c: receive RaftClientReply:client-A9DCF8B8BD5B->529edf8e-8eae-4246-b33f-5e44130d441c@group-A1CD1332DC7D, cid=2753, SUCCESS, logIndex=4080, commits[529edf8e-8eae-4246-b33f-5e44130d441c:c4080, 79bffca9-b028-4c53-a657-872ed973be73:c4078, 15654dff-55cd-4f70-96d8-4abf0c061563:c4078]
2019-07-09 15:04:41,182 INFO  client.GrpcClientProtocolClient (GrpcClientProtocolClient.java:onNext(255)) - client-A9DCF8B8BD5B->529edf8e-8eae-4246-b33f-5e44130d441c: receive RaftClientReply:client-A9DCF8B8BD5B->529edf8e-8eae-4246-b33f-5e44130d441c@group-A1CD1332DC7D, cid=2754, SUCCESS, logIndex=4083, commits[529edf8e-8eae-4246-b33f-5e44130d441c:c4084, 79bffca9-b028-4c53-a657-872ed973be73:c4079, 15654dff-55cd-4f70-96d8-4abf0c061563:c4080]
2019-07-09 15:04:41,182 INFO  client.GrpcClientProtocolClient (GrpcClientProtocolClient.java:onNext(255)) - client-A9DCF8B8BD5B->529edf8e-8eae-4246-b33f-5e44130d441c: receive RaftClientReply:client-A9DCF8B8BD5B->529edf8e-8eae-4246-b33f-5e44130d441c@group-A1CD1332DC7D, cid=2755, SUCCESS, logIndex=4084, commits[529edf8e-8eae-4246-b33f-5e44130d441c:c4084, 79bffca9-b028-4c53-a657-872ed973be73:c4080, 15654dff-55cd-4f70-96d8-4abf0c061563:c4080]
2019-07-09 15:04:41,186 INFO  client.GrpcClientProtocolClient (GrpcClientProtocolClient.java:onNext(255)) - client-A9DCF8B8BD5B->529edf8e-8eae-4246-b33f-5e44130d441c: receive RaftClientReply:client-A9DCF8B8BD5B->529edf8e-8eae-4246-b33f-5e44130d441c@group-A1CD1332DC7D, cid=2756, SUCCESS, logIndex=0, commits[529edf8e-8eae-4246-b33f-5e44130d441c:c4086, 79bffca9-b028-4c53-a657-872ed973be73:c4084, 15654dff-55cd-4f70-96d8-4abf0c061563:c4084]
2019-07-09 15:04:41,236 INFO  client.GrpcClientProtocolClient (GrpcClientProtocolClient.java:onNext(255)) - client-A9DCF8B8BD5B->529edf8e-8eae-4246-b33f-5e44130d441c: receive RaftClientReply:client-A9DCF8B8BD5B->529edf8e-8eae-4246-b33f-5e44130d441c@group-A1CD1332DC7D, cid=2757, SUCCESS, logIndex=4087, commits[529edf8e-8eae-4246-b33f-5e44130d441c:c4089, 79bffca9-b028-4c53-a657-872ed973be73:c4086, 15654dff-55cd-4f70-96d8-4abf0c061563:c4086]
2019-07-09 15:04:41,237 INFO  client.GrpcClientProtocolClient (GrpcClientProtocolClient.java:onNext(255)) - client-A9DCF8B8BD5B->529edf8e-8eae-4246-b33f-5e44130d441c: receive RaftClientReply:client-A9DCF8B8BD5B->529edf8e-8eae-4246-b33f-5e44130d441c@group-A1CD1332DC7D, cid=2758, SUCCESS, logIndex=4088, commits[529edf8e-8eae-4246-b33f-5e44130d441c:c4090, 79bffca9-b028-4c53-a657-872ed973be73:c4086, 15654dff-55cd-4f70-96d8-4abf0c061563:c4086]
2019-07-09 15:04:41,238 INFO  client.GrpcClientProtocolClient (GrpcClientProtocolClient.java:onNext(255)) - client-A9DCF8B8BD5B->529edf8e-8eae-4246-b33f-5e44130d441c: receive RaftClientReply:client-A9DCF8B8BD5B->529edf8e-8eae-4246-b33f-5e44130d441c@group-A1CD1332DC7D, cid=2759, SUCCESS, logIndex=4089, commits[529edf8e-8eae-4246-b33f-5e44130d441c:c4090, 79bffca9-b028-4c53-a657-872ed973be73:c4086, 15654dff-55cd-4f70-96d8-4abf0c061563:c4086]
2019-07-09 15:04:41,238 INFO  client.GrpcClientProtocolClient (GrpcClientProtocolClient.java:onNext(255)) - client-A9DCF8B8BD5B->529edf8e-8eae-4246-b33f-5e44130d441c: receive RaftClientReply:client-A9DCF8B8BD5B->529edf8e-8eae-4246-b33f-5e44130d441c@group-A1CD1332DC7D, cid=2760, SUCCESS, logIndex=4090, commits[529edf8e-8eae-4246-b33f-5e44130d441c:c4090, 79bffca9-b028-4c53-a657-872ed973be73:c4086, 15654dff-55cd-4f70-96d8-4abf0c061563:c4086]
2019-07-09 15:04:41,248 INFO  client.GrpcClientProtocolClient (GrpcClientProtocolClient.java:onNext(255)) - client-A9DCF8B8BD5B->529edf8e-8eae-4246-b33f-5e44130d441c: receive RaftClientReply:client-A9DCF8B8BD5B->529edf8e-8eae-4246-b33f-5e44130d441c@group-A1CD1332DC7D, cid=2761, SUCCESS, logIndex=0, commits[529edf8e-8eae-4246-b33f-5e44130d441c:c4092, 79bffca9-b028-4c53-a657-872ed973be73:c4088, 15654dff-55cd-4f70-96d8-4abf0c061563:c4088]
2019-07-09 15:04:41,269 INFO  client.GrpcClientProtocolClient (GrpcClientProtocolClient.java:onNext(255)) - client-A9DCF8B8BD5B->529edf8e-8eae-4246-b33f-5e44130d441c: receive RaftClientReply:client-A9DCF8B8BD5B->529edf8e-8eae-4246-b33f-5e44130d441c@group-A1CD1332DC7D, cid=2762, SUCCESS, logIndex=4095, commits[529edf8e-8eae-4246-b33f-5e44130d441c:c4096, 79bffca9-b028-4c53-a657-872ed973be73:c4094, 15654dff-55cd-4f70-96d8-4abf0c061563:c4094]
2019-07-09 15:04:41,270 INFO  client.GrpcClientProtocolClient (GrpcClientProtocolClient.java:onNext(255)) - client-A9DCF8B8BD5B->529edf8e-8eae-4246-b33f-5e44130d441c: receive RaftClientReply:client-A9DCF8B8BD5B->529edf8e-8eae-4246-b33f-5e44130d441c@group-A1CD1332DC7D, cid=2763, SUCCESS, logIndex=4096, commits[529edf8e-8eae-4246-b33f-5e44130d441c:c4096, 79bffca9-b028-4c53-a657-872ed973be73:c4094, 15654dff-55cd-4f70-96d8-4abf0c061563:c4094]
2019-07-09 15:04:41,283 INFO  client.GrpcClientProtocolClient (GrpcClientProtocolClient.java:onNext(255)) - client-A9DCF8B8BD5B->529edf8e-8eae-4246-b33f-5e44130d441c: receive RaftClientReply:client-A9DCF8B8BD5B->529edf8e-8eae-4246-b33f-5e44130d441c@group-A1CD1332DC7D, cid=2764, SUCCESS, logIndex=4099, commits[529edf8e-8eae-4246-b33f-5e44130d441c:c4100, 79bffca9-b028-4c53-a657-872ed973be73:c4096, 15654dff-55cd-4f70-96d8-4abf0c061563:c4096]
2019-07-09 15:04:41,283 INFO  client.GrpcClientProtocolClient (GrpcClientProtocolClient.java:onNext(255)) - client-A9DCF8B8BD5B->529edf8e-8eae-4246-b33f-5e44130d441c: receive RaftClientReply:client-A9DCF8B8BD5B->529edf8e-8eae-4246-b33f-5e44130d441c@group-A1CD1332DC7D, cid=2765, SUCCESS, logIndex=4100, commits[529edf8e-8eae-4246-b33f-5e44130d441c:c4100, 79bffca9-b028-4c53-a657-872ed973be73:c4096, 15654dff-55cd-4f70-96d8-4abf0c061563:c4096]
2019-07-09 15:04:41,297 INFO  client.GrpcClientProtocolClient (GrpcClientProtocolClient.java:onNext(255)) - client-A9DCF8B8BD5B->529edf8e-8eae-4246-b33f-5e44130d441c: receive RaftClientReply:client-A9DCF8B8BD5B->529edf8e-8eae-4246-b33f-5e44130d441c@group-A1CD1332DC7D, cid=2766, SUCCESS, logIndex=0, commits[529edf8e-8eae-4246-b33f-5e44130d441c:c4102, 79bffca9-b028-4c53-a657-872ed973be73:c4100, 15654dff-55cd-4f70-96d8-4abf0c061563:c4100]
2019-07-09 15:04:41,327 INFO  client.GrpcClientProtocolClient (GrpcClientProtocolClient.java:onNext(255)) - client-A9DCF8B8BD5B->529edf8e-8eae-4246-b33f-5e44130d441c: receive RaftClientReply:client-A9DCF8B8BD5B->529edf8e-8eae-4246-b33f-5e44130d441c@group-A1CD1332DC7D, cid=2767, SUCCESS, logIndex=4103, commits[529edf8e-8eae-4246-b33f-5e44130d441c:c4105, 79bffca9-b028-4c53-a657-872ed973be73:c4102, 15654dff-55cd-4f70-96d8-4abf0c061563:c4102]
2019-07-09 15:04:41,327 INFO  client.GrpcClientProtocolClient (GrpcClientProtocolClient.java:onNext(255)) - client-A9DCF8B8BD5B->529edf8e-8eae-4246-b33f-5e44130d441c: receive RaftClientReply:client-A9DCF8B8BD5B->529edf8e-8eae-4246-b33f-5e44130d441c@group-A1CD1332DC7D, cid=2768, SUCCESS, logIndex=4104, commits[529edf8e-8eae-4246-b33f-5e44130d441c:c4106, 79bffca9-b028-4c53-a657-872ed973be73:c4102, 15654dff-55cd-4f70-96d8-4abf0c061563:c4102]
2019-07-09 15:04:41,327 INFO  client.GrpcClientProtocolClient (GrpcClientProtocolClient.java:onNext(255)) - client-A9DCF8B8BD5B->529edf8e-8eae-4246-b33f-5e44130d441c: receive RaftClientReply:client-A9DCF8B8BD5B->529edf8e-8eae-4246-b33f-5e44130d441c@group-A1CD1332DC7D, cid=2769, SUCCESS, logIndex=4105, commits[529edf8e-8eae-4246-b33f-5e44130d441c:c4106, 79bffca9-b028-4c53-a657-872ed973be73:c4102, 15654dff-55cd-4f70-96d8-4abf0c061563:c4102]
2019-07-09 15:04:41,328 INFO  client.GrpcClientProtocolClient (GrpcClientProtocolClient.java:onNext(255)) - client-A9DCF8B8BD5B->529edf8e-8eae-4246-b33f-5e44130d441c: receive RaftClientReply:client-A9DCF8B8BD5B->529edf8e-8eae-4246-b33f-5e44130d441c@group-A1CD1332DC7D, cid=2770, SUCCESS, logIndex=4106, commits[529edf8e-8eae-4246-b33f-5e44130d441c:c4106, 79bffca9-b028-4c53-a657-872ed973be73:c4102, 15654dff-55cd-4f70-96d8-4abf0c061563:c4102]
2019-07-09 15:04:41,329 INFO  client.GrpcClientProtocolClient (GrpcClientProtocolClient.java:onNext(255)) - client-A9DCF8B8BD5B->529edf8e-8eae-4246-b33f-5e44130d441c: receive RaftClientReply:client-A9DCF8B8BD5B->529edf8e-8eae-4246-b33f-5e44130d441c@group-A1CD1332DC7D, cid=2771, SUCCESS, logIndex=0, commits[529edf8e-8eae-4246-b33f-5e44130d441c:c4109, 79bffca9-b028-4c53-a657-872ed973be73:c4105, 15654dff-55cd-4f70-96d8-4abf0c061563:c4106]
2019-07-09 15:04:41,349 INFO  client.GrpcClientProtocolClient (GrpcClientProtocolClient.java:onNext(255)) - client-A9DCF8B8BD5B->529edf8e-8eae-4246-b33f-5e44130d441c: receive RaftClientReply:client-A9DCF8B8BD5B->529edf8e-8eae-4246-b33f-5e44130d441c@group-A1CD1332DC7D, cid=2772, SUCCESS, logIndex=4110, commits[529edf8e-8eae-4246-b33f-5e44130d441c:c4111, 79bffca9-b028-4c53-a657-872ed973be73:c4109, 15654dff-55cd-4f70-96d8-4abf0c061563:c4109]
2019-07-09 15:04:41,349 INFO  client.GrpcClientProtocolClient (GrpcClientProtocolClient.java:onNext(255)) - client-A9DCF8B8BD5B->529edf8e-8eae-4246-b33f-5e44130d441c: receive RaftClientReply:client-A9DCF8B8BD5B->529edf8e-8eae-4246-b33f-5e44130d441c@group-A1CD1332DC7D, cid=2773, SUCCESS, logIndex=4111, commits[529edf8e-8eae-4246-b33f-5e44130d441c:c4111, 79bffca9-b028-4c53-a657-872ed973be73:c4109, 15654dff-55cd-4f70-96d8-4abf0c061563:c4109]
2019-07-09 15:04:41,362 INFO  client.GrpcClientProtocolClient (GrpcClientProtocolClient.java:onNext(255)) - client-A9DCF8B8BD5B->529edf8e-8eae-4246-b33f-5e44130d441c: receive RaftClientReply:client-A9DCF8B8BD5B->529edf8e-8eae-4246-b33f-5e44130d441c@group-A1CD1332DC7D, cid=2774, SUCCESS, logIndex=4114, commits[529edf8e-8eae-4246-b33f-5e44130d441c:c4115, 79bffca9-b028-4c53-a657-872ed973be73:c4111, 15654dff-55cd-4f70-96d8-4abf0c061563:c4111]
2019-07-09 15:04:41,363 INFO  client.GrpcClientProtocolClient (GrpcClientProtocolClient.java:onNext(255)) - client-A9DCF8B8BD5B->529edf8e-8eae-4246-b33f-5e44130d441c: receive RaftClientReply:client-A9DCF8B8BD5B->529edf8e-8eae-4246-b33f-5e44130d441c@group-A1CD1332DC7D, cid=2775, SUCCESS, logIndex=4115, commits[529edf8e-8eae-4246-b33f-5e44130d441c:c4115, 79bffca9-b028-4c53-a657-872ed973be73:c4111, 15654dff-55cd-4f70-96d8-4abf0c061563:c4111]
2019-07-09 15:04:41,389 INFO  client.GrpcClientProtocolClient (GrpcClientProtocolClient.java:onNext(255)) - client-A9DCF8B8BD5B->529edf8e-8eae-4246-b33f-5e44130d441c: receive RaftClientReply:client-A9DCF8B8BD5B->529edf8e-8eae-4246-b33f-5e44130d441c@group-A1CD1332DC7D, cid=2776, SUCCESS, logIndex=0, commits[529edf8e-8eae-4246-b33f-5e44130d441c:c4116, 79bffca9-b028-4c53-a657-872ed973be73:c4115, 15654dff-55cd-4f70-96d8-4abf0c061563:c4115]
2019-07-09 15:04:41,420 INFO  client.GrpcClientProtocolClient (GrpcClientProtocolClient.java:onNext(255)) - client-A9DCF8B8BD5B->529edf8e-8eae-4246-b33f-5e44130d441c: receive RaftClientReply:client-A9DCF8B8BD5B->529edf8e-8eae-4246-b33f-5e44130d441c@group-A1CD1332DC7D, cid=2777, SUCCESS, logIndex=4118, commits[529edf8e-8eae-4246-b33f-5e44130d441c:c4119, 79bffca9-b028-4c53-a657-872ed973be73:c4117, 15654dff-55cd-4f70-96d8-4abf0c061563:c4117]
2019-07-09 15:04:41,420 INFO  client.GrpcClientProtocolClient (GrpcClientProtocolClient.java:onNext(255)) - client-A9DCF8B8BD5B->529edf8e-8eae-4246-b33f-5e44130d441c: receive RaftClientReply:client-A9DCF8B8BD5B->529edf8e-8eae-4246-b33f-5e44130d441c@group-A1CD1332DC7D, cid=2778, SUCCESS, logIndex=4119, commits[529edf8e-8eae-4246-b33f-5e44130d441c:c4121, 79bffca9-b028-4c53-a657-872ed973be73:c4117, 15654dff-55cd-4f70-96d8-4abf0c061563:c4117]
2019-07-09 15:04:41,420 INFO  client.GrpcClientProtocolClient (GrpcClientProtocolClient.java:onNext(255)) - client-A9DCF8B8BD5B->529edf8e-8eae-4246-b33f-5e44130d441c: receive RaftClientReply:client-A9DCF8B8BD5B->529edf8e-8eae-4246-b33f-5e44130d441c@group-A1CD1332DC7D, cid=2779, SUCCESS, logIndex=4120, commits[529edf8e-8eae-4246-b33f-5e44130d441c:c4121, 79bffca9-b028-4c53-a657-872ed973be73:c4117, 15654dff-55cd-4f70-96d8-4abf0c061563:c4117]
2019-07-09 15:04:41,421 INFO  client.GrpcClientProtocolClient (GrpcClientProtocolClient.java:onNext(255)) - client-A9DCF8B8BD5B->529edf8e-8eae-4246-b33f-5e44130d441c: receive RaftClientReply:client-A9DCF8B8BD5B->529edf8e-8eae-4246-b33f-5e44130d441c@group-A1CD1332DC7D, cid=2780, SUCCESS, logIndex=4121, commits[529edf8e-8eae-4246-b33f-5e44130d441c:c4121, 79bffca9-b028-4c53-a657-872ed973be73:c4117, 15654dff-55cd-4f70-96d8-4abf0c061563:c4117]
2019-07-09 15:04:41,423 INFO  client.GrpcClientProtocolClient (GrpcClientProtocolClient.java:onNext(255)) - client-A9DCF8B8BD5B->529edf8e-8eae-4246-b33f-5e44130d441c: receive RaftClientReply:client-A9DCF8B8BD5B->529edf8e-8eae-4246-b33f-5e44130d441c@group-A1CD1332DC7D, cid=2781, SUCCESS, logIndex=0, commits[529edf8e-8eae-4246-b33f-5e44130d441c:c4125, 79bffca9-b028-4c53-a657-872ed973be73:c4119, 15654dff-55cd-4f70-96d8-4abf0c061563:c4121]
2019-07-09 15:04:41,441 INFO  client.GrpcClientProtocolClient (GrpcClientProtocolClient.java:onNext(255)) - client-A9DCF8B8BD5B->529edf8e-8eae-4246-b33f-5e44130d441c: receive RaftClientReply:client-A9DCF8B8BD5B->529edf8e-8eae-4246-b33f-5e44130d441c@group-A1CD1332DC7D, cid=2782, SUCCESS, logIndex=4126, commits[529edf8e-8eae-4246-b33f-5e44130d441c:c4127, 79bffca9-b028-4c53-a657-872ed973be73:c4125, 15654dff-55cd-4f70-96d8-4abf0c061563:c4125]
2019-07-09 15:04:41,441 INFO  client.GrpcClientProtocolClient (GrpcClientProtocolClient.java:onNext(255)) - client-A9DCF8B8BD5B->529edf8e-8eae-4246-b33f-5e44130d441c: receive RaftClientReply:client-A9DCF8B8BD5B->529edf8e-8eae-4246-b33f-5e44130d441c@group-A1CD1332DC7D, cid=2783, SUCCESS, logIndex=4127, commits[529edf8e-8eae-4246-b33f-5e44130d441c:c4127, 79bffca9-b028-4c53-a657-872ed973be73:c4125, 15654dff-55cd-4f70-96d8-4abf0c061563:c4125]
2019-07-09 15:04:41,455 INFO  client.GrpcClientProtocolClient (GrpcClientProtocolClient.java:onNext(255)) - client-A9DCF8B8BD5B->529edf8e-8eae-4246-b33f-5e44130d441c: receive RaftClientReply:client-A9DCF8B8BD5B->529edf8e-8eae-4246-b33f-5e44130d441c@group-A1CD1332DC7D, cid=2784, SUCCESS, logIndex=4130, commits[529edf8e-8eae-4246-b33f-5e44130d441c:c4131, 79bffca9-b028-4c53-a657-872ed973be73:c4127, 15654dff-55cd-4f70-96d8-4abf0c061563:c4127]
2019-07-09 15:04:41,455 INFO  client.GrpcClientProtocolClient (GrpcClientProtocolClient.java:onNext(255)) - client-A9DCF8B8BD5B->529edf8e-8eae-4246-b33f-5e44130d441c: receive RaftClientReply:client-A9DCF8B8BD5B->529edf8e-8eae-4246-b33f-5e44130d441c@group-A1CD1332DC7D, cid=2785, SUCCESS, logIndex=4131, commits[529edf8e-8eae-4246-b33f-5e44130d441c:c4131, 79bffca9-b028-4c53-a657-872ed973be73:c4127, 15654dff-55cd-4f70-96d8-4abf0c061563:c4127]
2019-07-09 15:04:41,468 INFO  client.GrpcClientProtocolClient (GrpcClientProtocolClient.java:onNext(255)) - client-A9DCF8B8BD5B->529edf8e-8eae-4246-b33f-5e44130d441c: receive RaftClientReply:client-A9DCF8B8BD5B->529edf8e-8eae-4246-b33f-5e44130d441c@group-A1CD1332DC7D, cid=2786, SUCCESS, logIndex=0, commits[529edf8e-8eae-4246-b33f-5e44130d441c:c4133, 79bffca9-b028-4c53-a657-872ed973be73:c4131, 15654dff-55cd-4f70-96d8-4abf0c061563:c4131]
2019-07-09 15:04:41,499 INFO  client.GrpcClientProtocolClient (GrpcClientProtocolClient.java:onNext(255)) - client-A9DCF8B8BD5B->529edf8e-8eae-4246-b33f-5e44130d441c: receive RaftClientReply:client-A9DCF8B8BD5B->529edf8e-8eae-4246-b33f-5e44130d441c@group-A1CD1332DC7D, cid=2787, SUCCESS, logIndex=4134, commits[529edf8e-8eae-4246-b33f-5e44130d441c:c4135, 79bffca9-b028-4c53-a657-872ed973be73:c4133, 15654dff-55cd-4f70-96d8-4abf0c061563:c4133]
2019-07-09 15:04:41,500 INFO  client.GrpcClientProtocolClient (GrpcClientProtocolClient.java:onNext(255)) - client-A9DCF8B8BD5B->529edf8e-8eae-4246-b33f-5e44130d441c: receive RaftClientReply:client-A9DCF8B8BD5B->529edf8e-8eae-4246-b33f-5e44130d441c@group-A1CD1332DC7D, cid=2788, SUCCESS, logIndex=4135, commits[529edf8e-8eae-4246-b33f-5e44130d441c:c4137, 79bffca9-b028-4c53-a657-872ed973be73:c4133, 15654dff-55cd-4f70-96d8-4abf0c061563:c4133]
2019-07-09 15:04:41,500 INFO  client.GrpcClientProtocolClient (GrpcClientProtocolClient.java:onNext(255)) - client-A9DCF8B8BD5B->529edf8e-8eae-4246-b33f-5e44130d441c: receive RaftClientReply:client-A9DCF8B8BD5B->529edf8e-8eae-4246-b33f-5e44130d441c@group-A1CD1332DC7D, cid=2789, SUCCESS, logIndex=4136, commits[529edf8e-8eae-4246-b33f-5e44130d441c:c4137, 79bffca9-b028-4c53-a657-872ed973be73:c4133, 15654dff-55cd-4f70-96d8-4abf0c061563:c4133]
2019-07-09 15:04:41,501 INFO  client.GrpcClientProtocolClient (GrpcClientProtocolClient.java:onNext(255)) - client-A9DCF8B8BD5B->529edf8e-8eae-4246-b33f-5e44130d441c: receive RaftClientReply:client-A9DCF8B8BD5B->529edf8e-8eae-4246-b33f-5e44130d441c@group-A1CD1332DC7D, cid=2790, SUCCESS, logIndex=4137, commits[529edf8e-8eae-4246-b33f-5e44130d441c:c4137, 79bffca9-b028-4c53-a657-872ed973be73:c4133, 15654dff-55cd-4f70-96d8-4abf0c061563:c4133]
2019-07-09 15:04:41,512 INFO  client.GrpcClientProtocolClient (GrpcClientProtocolClient.java:onNext(255)) - client-A9DCF8B8BD5B->529edf8e-8eae-4246-b33f-5e44130d441c: receive RaftClientReply:client-A9DCF8B8BD5B->529edf8e-8eae-4246-b33f-5e44130d441c@group-A1CD1332DC7D, cid=2791, SUCCESS, logIndex=0, commits[529edf8e-8eae-4246-b33f-5e44130d441c:c4139, 79bffca9-b028-4c53-a657-872ed973be73:c4135, 15654dff-55cd-4f70-96d8-4abf0c061563:c4135]
2019-07-09 15:04:41,532 INFO  client.GrpcClientProtocolClient (GrpcClientProtocolClient.java:onNext(255)) - client-A9DCF8B8BD5B->529edf8e-8eae-4246-b33f-5e44130d441c: receive RaftClientReply:client-A9DCF8B8BD5B->529edf8e-8eae-4246-b33f-5e44130d441c@group-A1CD1332DC7D, cid=2792, SUCCESS, logIndex=4141, commits[529edf8e-8eae-4246-b33f-5e44130d441c:c4142, 79bffca9-b028-4c53-a657-872ed973be73:c4140, 15654dff-55cd-4f70-96d8-4abf0c061563:c4140]
2019-07-09 15:04:41,533 INFO  client.GrpcClientProtocolClient (GrpcClientProtocolClient.java:onNext(255)) - client-A9DCF8B8BD5B->529edf8e-8eae-4246-b33f-5e44130d441c: receive RaftClientReply:client-A9DCF8B8BD5B->529edf8e-8eae-4246-b33f-5e44130d441c@group-A1CD1332DC7D, cid=2793, SUCCESS, logIndex=4142, commits[529edf8e-8eae-4246-b33f-5e44130d441c:c4142, 79bffca9-b028-4c53-a657-872ed973be73:c4140, 15654dff-55cd-4f70-96d8-4abf0c061563:c4140]
2019-07-09 15:04:41,546 INFO  client.GrpcClientProtocolClient (GrpcClientProtocolClient.java:onNext(255)) - client-A9DCF8B8BD5B->529edf8e-8eae-4246-b33f-5e44130d441c: receive RaftClientReply:client-A9DCF8B8BD5B->529edf8e-8eae-4246-b33f-5e44130d441c@group-A1CD1332DC7D, cid=2794, SUCCESS, logIndex=4145, commits[529edf8e-8eae-4246-b33f-5e44130d441c:c4146, 79bffca9-b028-4c53-a657-872ed973be73:c4142, 15654dff-55cd-4f70-96d8-4abf0c061563:c4142]
2019-07-09 15:04:41,546 INFO  client.GrpcClientProtocolClient (GrpcClientProtocolClient.java:onNext(255)) - client-A9DCF8B8BD5B->529edf8e-8eae-4246-b33f-5e44130d441c: receive RaftClientReply:client-A9DCF8B8BD5B->529edf8e-8eae-4246-b33f-5e44130d441c@group-A1CD1332DC7D, cid=2795, SUCCESS, logIndex=4146, commits[529edf8e-8eae-4246-b33f-5e44130d441c:c4146, 79bffca9-b028-4c53-a657-872ed973be73:c4142, 15654dff-55cd-4f70-96d8-4abf0c061563:c4142]
2019-07-09 15:04:41,559 INFO  client.GrpcClientProtocolClient (GrpcClientProtocolClient.java:onNext(255)) - client-A9DCF8B8BD5B->529edf8e-8eae-4246-b33f-5e44130d441c: receive RaftClientReply:client-A9DCF8B8BD5B->529edf8e-8eae-4246-b33f-5e44130d441c@group-A1CD1332DC7D, cid=2796, SUCCESS, logIndex=0, commits[529edf8e-8eae-4246-b33f-5e44130d441c:c4148, 79bffca9-b028-4c53-a657-872ed973be73:c4146, 15654dff-55cd-4f70-96d8-4abf0c061563:c4146]
2019-07-09 15:04:41,592 INFO  client.GrpcClientProtocolClient (GrpcClientProtocolClient.java:onNext(255)) - client-A9DCF8B8BD5B->529edf8e-8eae-4246-b33f-5e44130d441c: receive RaftClientReply:client-A9DCF8B8BD5B->529edf8e-8eae-4246-b33f-5e44130d441c@group-A1CD1332DC7D, cid=2797, SUCCESS, logIndex=4149, commits[529edf8e-8eae-4246-b33f-5e44130d441c:c4152, 79bffca9-b028-4c53-a657-872ed973be73:c4148, 15654dff-55cd-4f70-96d8-4abf0c061563:c4148]
2019-07-09 15:04:41,593 INFO  client.GrpcClientProtocolClient (GrpcClientProtocolClient.java:onNext(255)) - client-A9DCF8B8BD5B->529edf8e-8eae-4246-b33f-5e44130d441c: receive RaftClientReply:client-A9DCF8B8BD5B->529edf8e-8eae-4246-b33f-5e44130d441c@group-A1CD1332DC7D, cid=2798, SUCCESS, logIndex=4150, commits[529edf8e-8eae-4246-b33f-5e44130d441c:c4152, 79bffca9-b028-4c53-a657-872ed973be73:c4148, 15654dff-55cd-4f70-96d8-4abf0c061563:c4148]
2019-07-09 15:04:41,593 INFO  client.GrpcClientProtocolClient (GrpcClientProtocolClient.java:onNext(255)) - client-A9DCF8B8BD5B->529edf8e-8eae-4246-b33f-5e44130d441c: receive RaftClientReply:client-A9DCF8B8BD5B->529edf8e-8eae-4246-b33f-5e44130d441c@group-A1CD1332DC7D, cid=2799, SUCCESS, logIndex=4151, commits[529edf8e-8eae-4246-b33f-5e44130d441c:c4152, 79bffca9-b028-4c53-a657-872ed973be73:c4148, 15654dff-55cd-4f70-96d8-4abf0c061563:c4148]
2019-07-09 15:04:41,593 INFO  client.GrpcClientProtocolClient (GrpcClientProtocolClient.java:onNext(255)) - client-A9DCF8B8BD5B->529edf8e-8eae-4246-b33f-5e44130d441c: receive RaftClientReply:client-A9DCF8B8BD5B->529edf8e-8eae-4246-b33f-5e44130d441c@group-A1CD1332DC7D, cid=2800, SUCCESS, logIndex=4152, commits[529edf8e-8eae-4246-b33f-5e44130d441c:c4152, 79bffca9-b028-4c53-a657-872ed973be73:c4148, 15654dff-55cd-4f70-96d8-4abf0c061563:c4148]
2019-07-09 15:04:41,603 INFO  client.GrpcClientProtocolClient (GrpcClientProtocolClient.java:onNext(255)) - client-A9DCF8B8BD5B->529edf8e-8eae-4246-b33f-5e44130d441c: receive RaftClientReply:client-A9DCF8B8BD5B->529edf8e-8eae-4246-b33f-5e44130d441c@group-A1CD1332DC7D, cid=2801, SUCCESS, logIndex=0, commits[529edf8e-8eae-4246-b33f-5e44130d441c:c4153, 79bffca9-b028-4c53-a657-872ed973be73:c4150, 15654dff-55cd-4f70-96d8-4abf0c061563:c4150]
2019-07-09 15:04:41,623 INFO  client.GrpcClientProtocolClient (GrpcClientProtocolClient.java:onNext(255)) - client-A9DCF8B8BD5B->529edf8e-8eae-4246-b33f-5e44130d441c: receive RaftClientReply:client-A9DCF8B8BD5B->529edf8e-8eae-4246-b33f-5e44130d441c@group-A1CD1332DC7D, cid=2802, SUCCESS, logIndex=4157, commits[529edf8e-8eae-4246-b33f-5e44130d441c:c4158, 79bffca9-b028-4c53-a657-872ed973be73:c4156, 15654dff-55cd-4f70-96d8-4abf0c061563:c4156]
2019-07-09 15:04:41,623 INFO  client.GrpcClientProtocolClient (GrpcClientProtocolClient.java:onNext(255)) - client-A9DCF8B8BD5B->529edf8e-8eae-4246-b33f-5e44130d441c: receive RaftClientReply:client-A9DCF8B8BD5B->529edf8e-8eae-4246-b33f-5e44130d441c@group-A1CD1332DC7D, cid=2803, SUCCESS, logIndex=4158, commits[529edf8e-8eae-4246-b33f-5e44130d441c:c4158, 79bffca9-b028-4c53-a657-872ed973be73:c4156, 15654dff-55cd-4f70-96d8-4abf0c061563:c4156]
2019-07-09 15:04:41,661 INFO  client.GrpcClientProtocolClient (GrpcClientProtocolClient.java:onNext(255)) - client-A9DCF8B8BD5B->529edf8e-8eae-4246-b33f-5e44130d441c: receive RaftClientReply:client-A9DCF8B8BD5B->529edf8e-8eae-4246-b33f-5e44130d441c@group-A1CD1332DC7D, cid=2804, SUCCESS, logIndex=4161, commits[529edf8e-8eae-4246-b33f-5e44130d441c:c4162, 79bffca9-b028-4c53-a657-872ed973be73:c4160, 15654dff-55cd-4f70-96d8-4abf0c061563:c4158]
2019-07-09 15:04:41,662 INFO  client.GrpcClientProtocolClient (GrpcClientProtocolClient.java:onNext(255)) - client-A9DCF8B8BD5B->529edf8e-8eae-4246-b33f-5e44130d441c: receive RaftClientReply:client-A9DCF8B8BD5B->529edf8e-8eae-4246-b33f-5e44130d441c@group-A1CD1332DC7D, cid=2805, SUCCESS, logIndex=4162, commits[529edf8e-8eae-4246-b33f-5e44130d441c:c4162, 79bffca9-b028-4c53-a657-872ed973be73:c4160, 15654dff-55cd-4f70-96d8-4abf0c061563:c4160]
2019-07-09 15:04:41,663 INFO  client.GrpcClientProtocolClient (GrpcClientProtocolClient.java:onNext(255)) - client-A9DCF8B8BD5B->529edf8e-8eae-4246-b33f-5e44130d441c: receive RaftClientReply:client-A9DCF8B8BD5B->529edf8e-8eae-4246-b33f-5e44130d441c@group-A1CD1332DC7D, cid=2806, SUCCESS, logIndex=0, commits[529edf8e-8eae-4246-b33f-5e44130d441c:c4163, 79bffca9-b028-4c53-a657-872ed973be73:c4162, 15654dff-55cd-4f70-96d8-4abf0c061563:c4162]
2019-07-09 15:04:41,697 INFO  client.GrpcClientProtocolClient (GrpcClientProtocolClient.java:onNext(255)) - client-A9DCF8B8BD5B->529edf8e-8eae-4246-b33f-5e44130d441c: receive RaftClientReply:client-A9DCF8B8BD5B->529edf8e-8eae-4246-b33f-5e44130d441c@group-A1CD1332DC7D, cid=2807, SUCCESS, logIndex=4164, commits[529edf8e-8eae-4246-b33f-5e44130d441c:c4165, 79bffca9-b028-4c53-a657-872ed973be73:c4163, 15654dff-55cd-4f70-96d8-4abf0c061563:c4163]
2019-07-09 15:04:41,698 INFO  client.GrpcClientProtocolClient (GrpcClientProtocolClient.java:onNext(255)) - client-A9DCF8B8BD5B->529edf8e-8eae-4246-b33f-5e44130d441c: receive RaftClientReply:client-A9DCF8B8BD5B->529edf8e-8eae-4246-b33f-5e44130d441c@group-A1CD1332DC7D, cid=2808, SUCCESS, logIndex=4165, commits[529edf8e-8eae-4246-b33f-5e44130d441c:c4166, 79bffca9-b028-4c53-a657-872ed973be73:c4163, 15654dff-55cd-4f70-96d8-4abf0c061563:c4163]
2019-07-09 15:04:41,699 INFO  client.GrpcClientProtocolClient (GrpcClientProtocolClient.java:onNext(255)) - client-A9DCF8B8BD5B->529edf8e-8eae-4246-b33f-5e44130d441c: receive RaftClientReply:client-A9DCF8B8BD5B->529edf8e-8eae-4246-b33f-5e44130d441c@group-A1CD1332DC7D, cid=2809, SUCCESS, logIndex=4166, commits[529edf8e-8eae-4246-b33f-5e44130d441c:c4167, 79bffca9-b028-4c53-a657-872ed973be73:c4163, 15654dff-55cd-4f70-96d8-4abf0c061563:c4163]
2019-07-09 15:04:41,699 INFO  client.GrpcClientProtocolClient (GrpcClientProtocolClient.java:onNext(255)) - client-A9DCF8B8BD5B->529edf8e-8eae-4246-b33f-5e44130d441c: receive RaftClientReply:client-A9DCF8B8BD5B->529edf8e-8eae-4246-b33f-5e44130d441c@group-A1CD1332DC7D, cid=2810, SUCCESS, logIndex=4167, commits[529edf8e-8eae-4246-b33f-5e44130d441c:c4167, 79bffca9-b028-4c53-a657-872ed973be73:c4163, 15654dff-55cd-4f70-96d8-4abf0c061563:c4163]
2019-07-09 15:04:41,701 INFO  client.GrpcClientProtocolClient (GrpcClientProtocolClient.java:onNext(255)) - client-A9DCF8B8BD5B->529edf8e-8eae-4246-b33f-5e44130d441c: receive RaftClientReply:client-A9DCF8B8BD5B->529edf8e-8eae-4246-b33f-5e44130d441c@group-A1CD1332DC7D, cid=2811, SUCCESS, logIndex=0, commits[529edf8e-8eae-4246-b33f-5e44130d441c:c4169, 79bffca9-b028-4c53-a657-872ed973be73:c4165, 15654dff-55cd-4f70-96d8-4abf0c061563:c4165]
2019-07-09 15:04:41,740 INFO  client.GrpcClientProtocolClient (GrpcClientProtocolClient.java:onNext(255)) - client-A9DCF8B8BD5B->529edf8e-8eae-4246-b33f-5e44130d441c: receive RaftClientReply:client-A9DCF8B8BD5B->529edf8e-8eae-4246-b33f-5e44130d441c@group-A1CD1332DC7D, cid=2812, SUCCESS, logIndex=4172, commits[529edf8e-8eae-4246-b33f-5e44130d441c:c4173, 79bffca9-b028-4c53-a657-872ed973be73:c4171, 15654dff-55cd-4f70-96d8-4abf0c061563:c4171]
2019-07-09 15:04:41,740 INFO  client.GrpcClientProtocolClient (GrpcClientProtocolClient.java:onNext(255)) - client-A9DCF8B8BD5B->529edf8e-8eae-4246-b33f-5e44130d441c: receive RaftClientReply:client-A9DCF8B8BD5B->529edf8e-8eae-4246-b33f-5e44130d441c@group-A1CD1332DC7D, cid=2813, SUCCESS, logIndex=4173, commits[529edf8e-8eae-4246-b33f-5e44130d441c:c4173, 79bffca9-b028-4c53-a657-872ed973be73:c4171, 15654dff-55cd-4f70-96d8-4abf0c061563:c4171]
2019-07-09 15:04:41,767 INFO  client.GrpcClientProtocolClient (GrpcClientProtocolClient.java:onNext(255)) - client-A9DCF8B8BD5B->529edf8e-8eae-4246-b33f-5e44130d441c: receive RaftClientReply:client-A9DCF8B8BD5B->529edf8e-8eae-4246-b33f-5e44130d441c@group-A1CD1332DC7D, cid=2814, SUCCESS, logIndex=4176, commits[529edf8e-8eae-4246-b33f-5e44130d441c:c4177, 79bffca9-b028-4c53-a657-872ed973be73:c4173, 15654dff-55cd-4f70-96d8-4abf0c061563:c4173]
2019-07-09 15:04:41,767 INFO  client.GrpcClientProtocolClient (GrpcClientProtocolClient.java:onNext(255)) - client-A9DCF8B8BD5B->529edf8e-8eae-4246-b33f-5e44130d441c: receive RaftClientReply:client-A9DCF8B8BD5B->529edf8e-8eae-4246-b33f-5e44130d441c@group-A1CD1332DC7D, cid=2815, SUCCESS, logIndex=4177, commits[529edf8e-8eae-4246-b33f-5e44130d441c:c4177, 79bffca9-b028-4c53-a657-872ed973be73:c4173, 15654dff-55cd-4f70-96d8-4abf0c061563:c4173]
2019-07-09 15:04:41,769 INFO  client.GrpcClientProtocolClient (GrpcClientProtocolClient.java:onNext(255)) - client-A9DCF8B8BD5B->529edf8e-8eae-4246-b33f-5e44130d441c: receive RaftClientReply:client-A9DCF8B8BD5B->529edf8e-8eae-4246-b33f-5e44130d441c@group-A1CD1332DC7D, cid=2816, SUCCESS, logIndex=0, commits[529edf8e-8eae-4246-b33f-5e44130d441c:c4179, 79bffca9-b028-4c53-a657-872ed973be73:c4177, 15654dff-55cd-4f70-96d8-4abf0c061563:c4177]
2019-07-09 15:04:41,802 INFO  client.GrpcClientProtocolClient (GrpcClientProtocolClient.java:onNext(255)) - client-A9DCF8B8BD5B->529edf8e-8eae-4246-b33f-5e44130d441c: receive RaftClientReply:client-A9DCF8B8BD5B->529edf8e-8eae-4246-b33f-5e44130d441c@group-A1CD1332DC7D, cid=2817, SUCCESS, logIndex=4180, commits[529edf8e-8eae-4246-b33f-5e44130d441c:c4181, 79bffca9-b028-4c53-a657-872ed973be73:c4179, 15654dff-55cd-4f70-96d8-4abf0c061563:c4179]
2019-07-09 15:04:41,803 INFO  client.GrpcClientProtocolClient (GrpcClientProtocolClient.java:onNext(255)) - client-A9DCF8B8BD5B->529edf8e-8eae-4246-b33f-5e44130d441c: receive RaftClientReply:client-A9DCF8B8BD5B->529edf8e-8eae-4246-b33f-5e44130d441c@group-A1CD1332DC7D, cid=2818, SUCCESS, logIndex=4181, commits[529edf8e-8eae-4246-b33f-5e44130d441c:c4183, 79bffca9-b028-4c53-a657-872ed973be73:c4179, 15654dff-55cd-4f70-96d8-4abf0c061563:c4179]
2019-07-09 15:04:41,803 INFO  client.GrpcClientProtocolClient (GrpcClientProtocolClient.java:onNext(255)) - client-A9DCF8B8BD5B->529edf8e-8eae-4246-b33f-5e44130d441c: receive RaftClientReply:client-A9DCF8B8BD5B->529edf8e-8eae-4246-b33f-5e44130d441c@group-A1CD1332DC7D, cid=2819, SUCCESS, logIndex=4182, commits[529edf8e-8eae-4246-b33f-5e44130d441c:c4183, 79bffca9-b028-4c53-a657-872ed973be73:c4179, 15654dff-55cd-4f70-96d8-4abf0c061563:c4179]
2019-07-09 15:04:41,803 INFO  client.GrpcClientProtocolClient (GrpcClientProtocolClient.java:onNext(255)) - client-A9DCF8B8BD5B->529edf8e-8eae-4246-b33f-5e44130d441c: receive RaftClientReply:client-A9DCF8B8BD5B->529edf8e-8eae-4246-b33f-5e44130d441c@group-A1CD1332DC7D, cid=2820, SUCCESS, logIndex=4183, commits[529edf8e-8eae-4246-b33f-5e44130d441c:c4183, 79bffca9-b028-4c53-a657-872ed973be73:c4179, 15654dff-55cd-4f70-96d8-4abf0c061563:c4179]
2019-07-09 15:04:41,805 INFO  client.GrpcClientProtocolClient (GrpcClientProtocolClient.java:onNext(255)) - client-A9DCF8B8BD5B->529edf8e-8eae-4246-b33f-5e44130d441c: receive RaftClientReply:client-A9DCF8B8BD5B->529edf8e-8eae-4246-b33f-5e44130d441c@group-A1CD1332DC7D, cid=2821, SUCCESS, logIndex=0, commits[529edf8e-8eae-4246-b33f-5e44130d441c:c4186, 79bffca9-b028-4c53-a657-872ed973be73:c4181, 15654dff-55cd-4f70-96d8-4abf0c061563:c4183]
2019-07-09 15:04:41,826 INFO  client.GrpcClientProtocolClient (GrpcClientProtocolClient.java:onNext(255)) - client-A9DCF8B8BD5B->529edf8e-8eae-4246-b33f-5e44130d441c: receive RaftClientReply:client-A9DCF8B8BD5B->529edf8e-8eae-4246-b33f-5e44130d441c@group-A1CD1332DC7D, cid=2822, SUCCESS, logIndex=4188, commits[529edf8e-8eae-4246-b33f-5e44130d441c:c4189, 79bffca9-b028-4c53-a657-872ed973be73:c4187, 15654dff-55cd-4f70-96d8-4abf0c061563:c4187]
2019-07-09 15:04:41,826 INFO  client.GrpcClientProtocolClient (GrpcClientProtocolClient.java:onNext(255)) - client-A9DCF8B8BD5B->529edf8e-8eae-4246-b33f-5e44130d441c: receive RaftClientReply:client-A9DCF8B8BD5B->529edf8e-8eae-4246-b33f-5e44130d441c@group-A1CD1332DC7D, cid=2823, SUCCESS, logIndex=4189, commits[529edf8e-8eae-4246-b33f-5e44130d441c:c4189, 79bffca9-b028-4c53-a657-872ed973be73:c4187, 15654dff-55cd-4f70-96d8-4abf0c061563:c4187]
2019-07-09 15:04:41,839 INFO  client.GrpcClientProtocolClient (GrpcClientProtocolClient.java:onNext(255)) - client-A9DCF8B8BD5B->529edf8e-8eae-4246-b33f-5e44130d441c: receive RaftClientReply:client-A9DCF8B8BD5B->529edf8e-8eae-4246-b33f-5e44130d441c@group-A1CD1332DC7D, cid=2824, SUCCESS, logIndex=4192, commits[529edf8e-8eae-4246-b33f-5e44130d441c:c4193, 79bffca9-b028-4c53-a657-872ed973be73:c4189, 15654dff-55cd-4f70-96d8-4abf0c061563:c4189]
2019-07-09 15:04:41,840 INFO  client.GrpcClientProtocolClient (GrpcClientProtocolClient.java:onNext(255)) - client-A9DCF8B8BD5B->529edf8e-8eae-4246-b33f-5e44130d441c: receive RaftClientReply:client-A9DCF8B8BD5B->529edf8e-8eae-4246-b33f-5e44130d441c@group-A1CD1332DC7D, cid=2825, SUCCESS, logIndex=4193, commits[529edf8e-8eae-4246-b33f-5e44130d441c:c4193, 79bffca9-b028-4c53-a657-872ed973be73:c4189, 15654dff-55cd-4f70-96d8-4abf0c061563:c4189]
2019-07-09 15:04:41,851 INFO  client.GrpcClientProtocolClient (GrpcClientProtocolClient.java:onNext(255)) - client-A9DCF8B8BD5B->529edf8e-8eae-4246-b33f-5e44130d441c: receive RaftClientReply:client-A9DCF8B8BD5B->529edf8e-8eae-4246-b33f-5e44130d441c@group-A1CD1332DC7D, cid=2826, SUCCESS, logIndex=0, commits[529edf8e-8eae-4246-b33f-5e44130d441c:c4194, 79bffca9-b028-4c53-a657-872ed973be73:c4193, 15654dff-55cd-4f70-96d8-4abf0c061563:c4193]
2019-07-09 15:04:41,883 INFO  client.GrpcClientProtocolClient (GrpcClientProtocolClient.java:onNext(255)) - client-A9DCF8B8BD5B->529edf8e-8eae-4246-b33f-5e44130d441c: receive RaftClientReply:client-A9DCF8B8BD5B->529edf8e-8eae-4246-b33f-5e44130d441c@group-A1CD1332DC7D, cid=2827, SUCCESS, logIndex=4196, commits[529edf8e-8eae-4246-b33f-5e44130d441c:c4196, 79bffca9-b028-4c53-a657-872ed973be73:c4195, 15654dff-55cd-4f70-96d8-4abf0c061563:c4195]
2019-07-09 15:04:41,884 INFO  client.GrpcClientProtocolClient (GrpcClientProtocolClient.java:onNext(255)) - client-A9DCF8B8BD5B->529edf8e-8eae-4246-b33f-5e44130d441c: receive RaftClientReply:client-A9DCF8B8BD5B->529edf8e-8eae-4246-b33f-5e44130d441c@group-A1CD1332DC7D, cid=2828, SUCCESS, logIndex=4197, commits[529edf8e-8eae-4246-b33f-5e44130d441c:c4198, 79bffca9-b028-4c53-a657-872ed973be73:c4195, 15654dff-55cd-4f70-96d8-4abf0c061563:c4195]
2019-07-09 15:04:41,885 INFO  client.GrpcClientProtocolClient (GrpcClientProtocolClient.java:onNext(255)) - client-A9DCF8B8BD5B->529edf8e-8eae-4246-b33f-5e44130d441c: receive RaftClientReply:client-A9DCF8B8BD5B->529edf8e-8eae-4246-b33f-5e44130d441c@group-A1CD1332DC7D, cid=2829, SUCCESS, logIndex=4198, commits[529edf8e-8eae-4246-b33f-5e44130d441c:c4199, 79bffca9-b028-4c53-a657-872ed973be73:c4195, 15654dff-55cd-4f70-96d8-4abf0c061563:c4195]
2019-07-09 15:04:41,885 INFO  client.GrpcClientProtocolClient (GrpcClientProtocolClient.java:onNext(255)) - client-A9DCF8B8BD5B->529edf8e-8eae-4246-b33f-5e44130d441c: receive RaftClientReply:client-A9DCF8B8BD5B->529edf8e-8eae-4246-b33f-5e44130d441c@group-A1CD1332DC7D, cid=2830, SUCCESS, logIndex=4199, commits[529edf8e-8eae-4246-b33f-5e44130d441c:c4199, 79bffca9-b028-4c53-a657-872ed973be73:c4195, 15654dff-55cd-4f70-96d8-4abf0c061563:c4195]
2019-07-09 15:04:41,886 INFO  client.GrpcClientProtocolClient (GrpcClientProtocolClient.java:onNext(255)) - client-A9DCF8B8BD5B->529edf8e-8eae-4246-b33f-5e44130d441c: receive RaftClientReply:client-A9DCF8B8BD5B->529edf8e-8eae-4246-b33f-5e44130d441c@group-A1CD1332DC7D, cid=2831, SUCCESS, logIndex=0, commits[529edf8e-8eae-4246-b33f-5e44130d441c:c4202, 79bffca9-b028-4c53-a657-872ed973be73:c4199, 15654dff-55cd-4f70-96d8-4abf0c061563:c4197]
2019-07-09 15:04:41,927 INFO  client.GrpcClientProtocolClient (GrpcClientProtocolClient.java:onNext(255)) - client-A9DCF8B8BD5B->529edf8e-8eae-4246-b33f-5e44130d441c: receive RaftClientReply:client-A9DCF8B8BD5B->529edf8e-8eae-4246-b33f-5e44130d441c@group-A1CD1332DC7D, cid=2832, SUCCESS, logIndex=4204, commits[529edf8e-8eae-4246-b33f-5e44130d441c:c4205, 79bffca9-b028-4c53-a657-872ed973be73:c4199, 15654dff-55cd-4f70-96d8-4abf0c061563:c4203]
2019-07-09 15:04:41,927 INFO  client.GrpcClientProtocolClient (GrpcClientProtocolClient.java:onNext(255)) - client-A9DCF8B8BD5B->529edf8e-8eae-4246-b33f-5e44130d441c: receive RaftClientReply:client-A9DCF8B8BD5B->529edf8e-8eae-4246-b33f-5e44130d441c@group-A1CD1332DC7D, cid=2833, SUCCESS, logIndex=4205, commits[529edf8e-8eae-4246-b33f-5e44130d441c:c4205, 79bffca9-b028-4c53-a657-872ed973be73:c4203, 15654dff-55cd-4f70-96d8-4abf0c061563:c4203]
2019-07-09 15:04:41,948 INFO  client.GrpcClientProtocolClient (GrpcClientProtocolClient.java:onNext(255)) - client-A9DCF8B8BD5B->529edf8e-8eae-4246-b33f-5e44130d441c: receive RaftClientReply:client-A9DCF8B8BD5B->529edf8e-8eae-4246-b33f-5e44130d441c@group-A1CD1332DC7D, cid=2834, SUCCESS, logIndex=4207, commits[529edf8e-8eae-4246-b33f-5e44130d441c:c4208, 79bffca9-b028-4c53-a657-872ed973be73:c4206, 15654dff-55cd-4f70-96d8-4abf0c061563:c4206]
2019-07-09 15:04:41,949 INFO  client.GrpcClientProtocolClient (GrpcClientProtocolClient.java:onNext(255)) - client-A9DCF8B8BD5B->529edf8e-8eae-4246-b33f-5e44130d441c: receive RaftClientReply:client-A9DCF8B8BD5B->529edf8e-8eae-4246-b33f-5e44130d441c@group-A1CD1332DC7D, cid=2835, SUCCESS, logIndex=4208, commits[529edf8e-8eae-4246-b33f-5e44130d441c:c4208, 79bffca9-b028-4c53-a657-872ed973be73:c4206, 15654dff-55cd-4f70-96d8-4abf0c061563:c4206]
2019-07-09 15:04:41,962 INFO  client.GrpcClientProtocolClient (GrpcClientProtocolClient.java:onNext(255)) - client-A9DCF8B8BD5B->529edf8e-8eae-4246-b33f-5e44130d441c: receive RaftClientReply:client-A9DCF8B8BD5B->529edf8e-8eae-4246-b33f-5e44130d441c@group-A1CD1332DC7D, cid=2836, SUCCESS, logIndex=0, commits[529edf8e-8eae-4246-b33f-5e44130d441c:c4210, 79bffca9-b028-4c53-a657-872ed973be73:c4208, 15654dff-55cd-4f70-96d8-4abf0c061563:c4208]
 0.00% |█                                                                                                    |  0/1 Time: 0:00:242019-07-09 15:04:42,121 INFO  client.GrpcClientProtocolClient (GrpcClientProtocolClient.java:onNext(255)) - client-A9DCF8B8BD5B->529edf8e-8eae-4246-b33f-5e44130d441c: receive RaftClientReply:client-A9DCF8B8BD5B->529edf8e-8eae-4246-b33f-5e44130d441c@group-A1CD1332DC7D, cid=2837, SUCCESS, logIndex=4211, commits[529edf8e-8eae-4246-b33f-5e44130d441c:c4212, 79bffca9-b028-4c53-a657-872ed973be73:c4210, 15654dff-55cd-4f70-96d8-4abf0c061563:c4210]
2019-07-09 15:04:42,122 INFO  client.GrpcClientProtocolClient (GrpcClientProtocolClient.java:onNext(255)) - client-A9DCF8B8BD5B->529edf8e-8eae-4246-b33f-5e44130d441c: receive RaftClientReply:client-A9DCF8B8BD5B->529edf8e-8eae-4246-b33f-5e44130d441c@group-A1CD1332DC7D, cid=2838, SUCCESS, logIndex=4212, commits[529edf8e-8eae-4246-b33f-5e44130d441c:c4214, 79bffca9-b028-4c53-a657-872ed973be73:c4210, 15654dff-55cd-4f70-96d8-4abf0c061563:c4210]
2019-07-09 15:04:42,122 INFO  client.GrpcClientProtocolClient (GrpcClientProtocolClient.java:onNext(255)) - client-A9DCF8B8BD5B->529edf8e-8eae-4246-b33f-5e44130d441c: receive RaftClientReply:client-A9DCF8B8BD5B->529edf8e-8eae-4246-b33f-5e44130d441c@group-A1CD1332DC7D, cid=2839, SUCCESS, logIndex=4213, commits[529edf8e-8eae-4246-b33f-5e44130d441c:c4214, 79bffca9-b028-4c53-a657-872ed973be73:c4210, 15654dff-55cd-4f70-96d8-4abf0c061563:c4210]
2019-07-09 15:04:42,123 INFO  client.GrpcClientProtocolClient (GrpcClientProtocolClient.java:onNext(255)) - client-A9DCF8B8BD5B->529edf8e-8eae-4246-b33f-5e44130d441c: receive RaftClientReply:client-A9DCF8B8BD5B->529edf8e-8eae-4246-b33f-5e44130d441c@group-A1CD1332DC7D, cid=2840, SUCCESS, logIndex=4214, commits[529edf8e-8eae-4246-b33f-5e44130d441c:c4214, 79bffca9-b028-4c53-a657-872ed973be73:c4210, 15654dff-55cd-4f70-96d8-4abf0c061563:c4210]
2019-07-09 15:04:42,132 INFO  client.GrpcClientProtocolClient (GrpcClientProtocolClient.java:onNext(255)) - client-A9DCF8B8BD5B->529edf8e-8eae-4246-b33f-5e44130d441c: receive RaftClientReply:client-A9DCF8B8BD5B->529edf8e-8eae-4246-b33f-5e44130d441c@group-A1CD1332DC7D, cid=2841, SUCCESS, logIndex=0, commits[529edf8e-8eae-4246-b33f-5e44130d441c:c4215, 79bffca9-b028-4c53-a657-872ed973be73:c4212, 15654dff-55cd-4f70-96d8-4abf0c061563:c4212]
2019-07-09 15:04:42,154 INFO  client.GrpcClientProtocolClient (GrpcClientProtocolClient.java:onNext(255)) - client-A9DCF8B8BD5B->529edf8e-8eae-4246-b33f-5e44130d441c: receive RaftClientReply:client-A9DCF8B8BD5B->529edf8e-8eae-4246-b33f-5e44130d441c@group-A1CD1332DC7D, cid=2842, SUCCESS, logIndex=4218, commits[529edf8e-8eae-4246-b33f-5e44130d441c:c4219, 79bffca9-b028-4c53-a657-872ed973be73:c4217, 15654dff-55cd-4f70-96d8-4abf0c061563:c4214]
2019-07-09 15:04:42,155 INFO  client.GrpcClientProtocolClient (GrpcClientProtocolClient.java:onNext(255)) - client-A9DCF8B8BD5B->529edf8e-8eae-4246-b33f-5e44130d441c: receive RaftClientReply:client-A9DCF8B8BD5B->529edf8e-8eae-4246-b33f-5e44130d441c@group-A1CD1332DC7D, cid=2843, SUCCESS, logIndex=4219, commits[529edf8e-8eae-4246-b33f-5e44130d441c:c4219, 79bffca9-b028-4c53-a657-872ed973be73:c4217, 15654dff-55cd-4f70-96d8-4abf0c061563:c4217]
2019-07-09 15:04:42,178 INFO  client.GrpcClientProtocolClient (GrpcClientProtocolClient.java:onNext(255)) - client-A9DCF8B8BD5B->529edf8e-8eae-4246-b33f-5e44130d441c: receive RaftClientReply:client-A9DCF8B8BD5B->529edf8e-8eae-4246-b33f-5e44130d441c@group-A1CD1332DC7D, cid=2844, SUCCESS, logIndex=4221, commits[529edf8e-8eae-4246-b33f-5e44130d441c:c4222, 79bffca9-b028-4c53-a657-872ed973be73:c4219, 15654dff-55cd-4f70-96d8-4abf0c061563:c4219]
2019-07-09 15:04:42,178 INFO  client.GrpcClientProtocolClient (GrpcClientProtocolClient.java:onNext(255)) - client-A9DCF8B8BD5B->529edf8e-8eae-4246-b33f-5e44130d441c: receive RaftClientReply:client-A9DCF8B8BD5B->529edf8e-8eae-4246-b33f-5e44130d441c@group-A1CD1332DC7D, cid=2845, SUCCESS, logIndex=4222, commits[529edf8e-8eae-4246-b33f-5e44130d441c:c4222, 79bffca9-b028-4c53-a657-872ed973be73:c4219, 15654dff-55cd-4f70-96d8-4abf0c061563:c4219]
2019-07-09 15:04:42,180 INFO  client.GrpcClientProtocolClient (GrpcClientProtocolClient.java:onNext(255)) - client-A9DCF8B8BD5B->529edf8e-8eae-4246-b33f-5e44130d441c: receive RaftClientReply:client-A9DCF8B8BD5B->529edf8e-8eae-4246-b33f-5e44130d441c@group-A1CD1332DC7D, cid=2846, SUCCESS, logIndex=0, commits[529edf8e-8eae-4246-b33f-5e44130d441c:c4223, 79bffca9-b028-4c53-a657-872ed973be73:c4222, 15654dff-55cd-4f70-96d8-4abf0c061563:c4222]
2019-07-09 15:04:42,208 INFO  client.GrpcClientProtocolClient (GrpcClientProtocolClient.java:onNext(255)) - client-A9DCF8B8BD5B->529edf8e-8eae-4246-b33f-5e44130d441c: receive RaftClientReply:client-A9DCF8B8BD5B->529edf8e-8eae-4246-b33f-5e44130d441c@group-A1CD1332DC7D, cid=2847, SUCCESS, logIndex=4225, commits[529edf8e-8eae-4246-b33f-5e44130d441c:c4226, 79bffca9-b028-4c53-a657-872ed973be73:c4224, 15654dff-55cd-4f70-96d8-4abf0c061563:c4224]
2019-07-09 15:04:42,209 INFO  client.GrpcClientProtocolClient (GrpcClientProtocolClient.java:onNext(255)) - client-A9DCF8B8BD5B->529edf8e-8eae-4246-b33f-5e44130d441c: receive RaftClientReply:client-A9DCF8B8BD5B->529edf8e-8eae-4246-b33f-5e44130d441c@group-A1CD1332DC7D, cid=2848, SUCCESS, logIndex=4226, commits[529edf8e-8eae-4246-b33f-5e44130d441c:c4226, 79bffca9-b028-4c53-a657-872ed973be73:c4224, 15654dff-55cd-4f70-96d8-4abf0c061563:c4224]
2019-07-09 15:04:42,210 INFO  client.GrpcClientProtocolClient (GrpcClientProtocolClient.java:onNext(255)) - client-A9DCF8B8BD5B->529edf8e-8eae-4246-b33f-5e44130d441c: receive RaftClientReply:client-A9DCF8B8BD5B->529edf8e-8eae-4246-b33f-5e44130d441c@group-A1CD1332DC7D, cid=2849, SUCCESS, logIndex=4227, commits[529edf8e-8eae-4246-b33f-5e44130d441c:c4227, 79bffca9-b028-4c53-a657-872ed973be73:c4224, 15654dff-55cd-4f70-96d8-4abf0c061563:c4224]
2019-07-09 15:04:42,210 INFO  client.GrpcClientProtocolClient (GrpcClientProtocolClient.java:onNext(255)) - client-A9DCF8B8BD5B->529edf8e-8eae-4246-b33f-5e44130d441c: receive RaftClientReply:client-A9DCF8B8BD5B->529edf8e-8eae-4246-b33f-5e44130d441c@group-A1CD1332DC7D, cid=2850, SUCCESS, logIndex=4228, commits[529edf8e-8eae-4246-b33f-5e44130d441c:c4228, 79bffca9-b028-4c53-a657-872ed973be73:c4224, 15654dff-55cd-4f70-96d8-4abf0c061563:c4224]
2019-07-09 15:04:42,212 INFO  client.GrpcClientProtocolClient (GrpcClientProtocolClient.java:onNext(255)) - client-A9DCF8B8BD5B->529edf8e-8eae-4246-b33f-5e44130d441c: receive RaftClientReply:client-A9DCF8B8BD5B->529edf8e-8eae-4246-b33f-5e44130d441c@group-A1CD1332DC7D, cid=2851, SUCCESS, logIndex=0, commits[529edf8e-8eae-4246-b33f-5e44130d441c:c4230, 79bffca9-b028-4c53-a657-872ed973be73:c4226, 15654dff-55cd-4f70-96d8-4abf0c061563:c4226]
2019-07-09 15:04:42,232 INFO  client.GrpcClientProtocolClient (GrpcClientProtocolClient.java:onNext(255)) - client-A9DCF8B8BD5B->529edf8e-8eae-4246-b33f-5e44130d441c: receive RaftClientReply:client-A9DCF8B8BD5B->529edf8e-8eae-4246-b33f-5e44130d441c@group-A1CD1332DC7D, cid=2852, SUCCESS, logIndex=4233, commits[529edf8e-8eae-4246-b33f-5e44130d441c:c4234, 79bffca9-b028-4c53-a657-872ed973be73:c4232, 15654dff-55cd-4f70-96d8-4abf0c061563:c4232]
2019-07-09 15:04:42,233 INFO  client.GrpcClientProtocolClient (GrpcClientProtocolClient.java:onNext(255)) - client-A9DCF8B8BD5B->529edf8e-8eae-4246-b33f-5e44130d441c: receive RaftClientReply:client-A9DCF8B8BD5B->529edf8e-8eae-4246-b33f-5e44130d441c@group-A1CD1332DC7D, cid=2853, SUCCESS, logIndex=4234, commits[529edf8e-8eae-4246-b33f-5e44130d441c:c4234, 79bffca9-b028-4c53-a657-872ed973be73:c4232, 15654dff-55cd-4f70-96d8-4abf0c061563:c4232]
2019-07-09 15:04:42,247 INFO  client.GrpcClientProtocolClient (GrpcClientProtocolClient.java:onNext(255)) - client-A9DCF8B8BD5B->529edf8e-8eae-4246-b33f-5e44130d441c: receive RaftClientReply:client-A9DCF8B8BD5B->529edf8e-8eae-4246-b33f-5e44130d441c@group-A1CD1332DC7D, cid=2854, SUCCESS, logIndex=4237, commits[529edf8e-8eae-4246-b33f-5e44130d441c:c4238, 79bffca9-b028-4c53-a657-872ed973be73:c4234, 15654dff-55cd-4f70-96d8-4abf0c061563:c4234]
2019-07-09 15:04:42,247 INFO  client.GrpcClientProtocolClient (GrpcClientProtocolClient.java:onNext(255)) - client-A9DCF8B8BD5B->529edf8e-8eae-4246-b33f-5e44130d441c: receive RaftClientReply:client-A9DCF8B8BD5B->529edf8e-8eae-4246-b33f-5e44130d441c@group-A1CD1332DC7D, cid=2855, SUCCESS, logIndex=4238, commits[529edf8e-8eae-4246-b33f-5e44130d441c:c4238, 79bffca9-b028-4c53-a657-872ed973be73:c4234, 15654dff-55cd-4f70-96d8-4abf0c061563:c4234]
2019-07-09 15:04:42,260 INFO  client.GrpcClientProtocolClient (GrpcClientProtocolClient.java:onNext(255)) - client-A9DCF8B8BD5B->529edf8e-8eae-4246-b33f-5e44130d441c: receive RaftClientReply:client-A9DCF8B8BD5B->529edf8e-8eae-4246-b33f-5e44130d441c@group-A1CD1332DC7D, cid=2856, SUCCESS, logIndex=0, commits[529edf8e-8eae-4246-b33f-5e44130d441c:c4240, 79bffca9-b028-4c53-a657-872ed973be73:c4238, 15654dff-55cd-4f70-96d8-4abf0c061563:c4238]
2019-07-09 15:04:42,292 INFO  client.GrpcClientProtocolClient (GrpcClientProtocolClient.java:onNext(255)) - client-A9DCF8B8BD5B->529edf8e-8eae-4246-b33f-5e44130d441c: receive RaftClientReply:client-A9DCF8B8BD5B->529edf8e-8eae-4246-b33f-5e44130d441c@group-A1CD1332DC7D, cid=2857, SUCCESS, logIndex=4241, commits[529edf8e-8eae-4246-b33f-5e44130d441c:c4242, 79bffca9-b028-4c53-a657-872ed973be73:c4240, 15654dff-55cd-4f70-96d8-4abf0c061563:c4240]
2019-07-09 15:04:42,293 INFO  client.GrpcClientProtocolClient (GrpcClientProtocolClient.java:onNext(255)) - client-A9DCF8B8BD5B->529edf8e-8eae-4246-b33f-5e44130d441c: receive RaftClientReply:client-A9DCF8B8BD5B->529edf8e-8eae-4246-b33f-5e44130d441c@group-A1CD1332DC7D, cid=2858, SUCCESS, logIndex=4242, commits[529edf8e-8eae-4246-b33f-5e44130d441c:c4244, 79bffca9-b028-4c53-a657-872ed973be73:c4240, 15654dff-55cd-4f70-96d8-4abf0c061563:c4240]
2019-07-09 15:04:42,294 INFO  client.GrpcClientProtocolClient (GrpcClientProtocolClient.java:onNext(255)) - client-A9DCF8B8BD5B->529edf8e-8eae-4246-b33f-5e44130d441c: receive RaftClientReply:client-A9DCF8B8BD5B->529edf8e-8eae-4246-b33f-5e44130d441c@group-A1CD1332DC7D, cid=2859, SUCCESS, logIndex=4243, commits[529edf8e-8eae-4246-b33f-5e44130d441c:c4244, 79bffca9-b028-4c53-a657-872ed973be73:c4240, 15654dff-55cd-4f70-96d8-4abf0c061563:c4240]
2019-07-09 15:04:42,294 INFO  client.GrpcClientProtocolClient (GrpcClientProtocolClient.java:onNext(255)) - client-A9DCF8B8BD5B->529edf8e-8eae-4246-b33f-5e44130d441c: receive RaftClientReply:client-A9DCF8B8BD5B->529edf8e-8eae-4246-b33f-5e44130d441c@group-A1CD1332DC7D, cid=2860, SUCCESS, logIndex=4244, commits[529edf8e-8eae-4246-b33f-5e44130d441c:c4245, 79bffca9-b028-4c53-a657-872ed973be73:c4242, 15654dff-55cd-4f70-96d8-4abf0c061563:c4240]
2019-07-09 15:04:42,295 INFO  client.GrpcClientProtocolClient (GrpcClientProtocolClient.java:onNext(255)) - client-A9DCF8B8BD5B->529edf8e-8eae-4246-b33f-5e44130d441c: receive RaftClientReply:client-A9DCF8B8BD5B->529edf8e-8eae-4246-b33f-5e44130d441c@group-A1CD1332DC7D, cid=2861, SUCCESS, logIndex=0, commits[529edf8e-8eae-4246-b33f-5e44130d441c:c4246, 79bffca9-b028-4c53-a657-872ed973be73:c4242, 15654dff-55cd-4f70-96d8-4abf0c061563:c4242]
2019-07-09 15:04:42,315 INFO  client.GrpcClientProtocolClient (GrpcClientProtocolClient.java:onNext(255)) - client-A9DCF8B8BD5B->529edf8e-8eae-4246-b33f-5e44130d441c: receive RaftClientReply:client-A9DCF8B8BD5B->529edf8e-8eae-4246-b33f-5e44130d441c@group-A1CD1332DC7D, cid=2862, SUCCESS, logIndex=4248, commits[529edf8e-8eae-4246-b33f-5e44130d441c:c4249, 79bffca9-b028-4c53-a657-872ed973be73:c4247, 15654dff-55cd-4f70-96d8-4abf0c061563:c4247]
2019-07-09 15:04:42,315 INFO  client.GrpcClientProtocolClient (GrpcClientProtocolClient.java:onNext(255)) - client-A9DCF8B8BD5B->529edf8e-8eae-4246-b33f-5e44130d441c: receive RaftClientReply:client-A9DCF8B8BD5B->529edf8e-8eae-4246-b33f-5e44130d441c@group-A1CD1332DC7D, cid=2863, SUCCESS, logIndex=4249, commits[529edf8e-8eae-4246-b33f-5e44130d441c:c4249, 79bffca9-b028-4c53-a657-872ed973be73:c4247, 15654dff-55cd-4f70-96d8-4abf0c061563:c4247]
2019-07-09 15:04:42,333 INFO  client.GrpcClientProtocolClient (GrpcClientProtocolClient.java:onNext(255)) - client-A9DCF8B8BD5B->529edf8e-8eae-4246-b33f-5e44130d441c: receive RaftClientReply:client-A9DCF8B8BD5B->529edf8e-8eae-4246-b33f-5e44130d441c@group-A1CD1332DC7D, cid=2864, SUCCESS, logIndex=4252, commits[529edf8e-8eae-4246-b33f-5e44130d441c:c4253, 79bffca9-b028-4c53-a657-872ed973be73:c4249, 15654dff-55cd-4f70-96d8-4abf0c061563:c4249]
2019-07-09 15:04:42,333 INFO  client.GrpcClientProtocolClient (GrpcClientProtocolClient.java:onNext(255)) - client-A9DCF8B8BD5B->529edf8e-8eae-4246-b33f-5e44130d441c: receive RaftClientReply:client-A9DCF8B8BD5B->529edf8e-8eae-4246-b33f-5e44130d441c@group-A1CD1332DC7D, cid=2865, SUCCESS, logIndex=4253, commits[529edf8e-8eae-4246-b33f-5e44130d441c:c4253, 79bffca9-b028-4c53-a657-872ed973be73:c4249, 15654dff-55cd-4f70-96d8-4abf0c061563:c4249]
2019-07-09 15:04:42,346 INFO  client.GrpcClientProtocolClient (GrpcClientProtocolClient.java:onNext(255)) - client-A9DCF8B8BD5B->529edf8e-8eae-4246-b33f-5e44130d441c: receive RaftClientReply:client-A9DCF8B8BD5B->529edf8e-8eae-4246-b33f-5e44130d441c@group-A1CD1332DC7D, cid=2866, SUCCESS, logIndex=0, commits[529edf8e-8eae-4246-b33f-5e44130d441c:c4255, 79bffca9-b028-4c53-a657-872ed973be73:c4253, 15654dff-55cd-4f70-96d8-4abf0c061563:c4253]
2019-07-09 15:04:42,378 INFO  client.GrpcClientProtocolClient (GrpcClientProtocolClient.java:onNext(255)) - client-A9DCF8B8BD5B->529edf8e-8eae-4246-b33f-5e44130d441c: receive RaftClientReply:client-A9DCF8B8BD5B->529edf8e-8eae-4246-b33f-5e44130d441c@group-A1CD1332DC7D, cid=2867, SUCCESS, logIndex=4256, commits[529edf8e-8eae-4246-b33f-5e44130d441c:c4258, 79bffca9-b028-4c53-a657-872ed973be73:c4255, 15654dff-55cd-4f70-96d8-4abf0c061563:c4255]
2019-07-09 15:04:42,378 INFO  client.GrpcClientProtocolClient (GrpcClientProtocolClient.java:onNext(255)) - client-A9DCF8B8BD5B->529edf8e-8eae-4246-b33f-5e44130d441c: receive RaftClientReply:client-A9DCF8B8BD5B->529edf8e-8eae-4246-b33f-5e44130d441c@group-A1CD1332DC7D, cid=2868, SUCCESS, logIndex=4257, commits[529edf8e-8eae-4246-b33f-5e44130d441c:c4259, 79bffca9-b028-4c53-a657-872ed973be73:c4255, 15654dff-55cd-4f70-96d8-4abf0c061563:c4255]
2019-07-09 15:04:42,379 INFO  client.GrpcClientProtocolClient (GrpcClientProtocolClient.java:onNext(255)) - client-A9DCF8B8BD5B->529edf8e-8eae-4246-b33f-5e44130d441c: receive RaftClientReply:client-A9DCF8B8BD5B->529edf8e-8eae-4246-b33f-5e44130d441c@group-A1CD1332DC7D, cid=2869, SUCCESS, logIndex=4258, commits[529edf8e-8eae-4246-b33f-5e44130d441c:c4259, 79bffca9-b028-4c53-a657-872ed973be73:c4255, 15654dff-55cd-4f70-96d8-4abf0c061563:c4255]
2019-07-09 15:04:42,379 INFO  client.GrpcClientProtocolClient (GrpcClientProtocolClient.java:onNext(255)) - client-A9DCF8B8BD5B->529edf8e-8eae-4246-b33f-5e44130d441c: receive RaftClientReply:client-A9DCF8B8BD5B->529edf8e-8eae-4246-b33f-5e44130d441c@group-A1CD1332DC7D, cid=2870, SUCCESS, logIndex=4259, commits[529edf8e-8eae-4246-b33f-5e44130d441c:c4260, 79bffca9-b028-4c53-a657-872ed973be73:c4255, 15654dff-55cd-4f70-96d8-4abf0c061563:c4256]
2019-07-09 15:04:42,380 INFO  client.GrpcClientProtocolClient (GrpcClientProtocolClient.java:onNext(255)) - client-A9DCF8B8BD5B->529edf8e-8eae-4246-b33f-5e44130d441c: receive RaftClientReply:client-A9DCF8B8BD5B->529edf8e-8eae-4246-b33f-5e44130d441c@group-A1CD1332DC7D, cid=2871, SUCCESS, logIndex=0, commits[529edf8e-8eae-4246-b33f-5e44130d441c:c4262, 79bffca9-b028-4c53-a657-872ed973be73:c4258, 15654dff-55cd-4f70-96d8-4abf0c061563:c4257]
2019-07-09 15:04:42,407 INFO  client.GrpcClientProtocolClient (GrpcClientProtocolClient.java:onNext(255)) - client-A9DCF8B8BD5B->529edf8e-8eae-4246-b33f-5e44130d441c: receive RaftClientReply:client-A9DCF8B8BD5B->529edf8e-8eae-4246-b33f-5e44130d441c@group-A1CD1332DC7D, cid=2872, SUCCESS, logIndex=4264, commits[529edf8e-8eae-4246-b33f-5e44130d441c:c4265, 79bffca9-b028-4c53-a657-872ed973be73:c4263, 15654dff-55cd-4f70-96d8-4abf0c061563:c4263]
2019-07-09 15:04:42,408 INFO  client.GrpcClientProtocolClient (GrpcClientProtocolClient.java:onNext(255)) - client-A9DCF8B8BD5B->529edf8e-8eae-4246-b33f-5e44130d441c: receive RaftClientReply:client-A9DCF8B8BD5B->529edf8e-8eae-4246-b33f-5e44130d441c@group-A1CD1332DC7D, cid=2873, SUCCESS, logIndex=4265, commits[529edf8e-8eae-4246-b33f-5e44130d441c:c4265, 79bffca9-b028-4c53-a657-872ed973be73:c4263, 15654dff-55cd-4f70-96d8-4abf0c061563:c4263]
2019-07-09 15:04:42,421 INFO  client.GrpcClientProtocolClient (GrpcClientProtocolClient.java:onNext(255)) - client-A9DCF8B8BD5B->529edf8e-8eae-4246-b33f-5e44130d441c: receive RaftClientReply:client-A9DCF8B8BD5B->529edf8e-8eae-4246-b33f-5e44130d441c@group-A1CD1332DC7D, cid=2874, SUCCESS, logIndex=4268, commits[529edf8e-8eae-4246-b33f-5e44130d441c:c4269, 79bffca9-b028-4c53-a657-872ed973be73:c4265, 15654dff-55cd-4f70-96d8-4abf0c061563:c4265]
2019-07-09 15:04:42,421 INFO  client.GrpcClientProtocolClient (GrpcClientProtocolClient.java:onNext(255)) - client-A9DCF8B8BD5B->529edf8e-8eae-4246-b33f-5e44130d441c: receive RaftClientReply:client-A9DCF8B8BD5B->529edf8e-8eae-4246-b33f-5e44130d441c@group-A1CD1332DC7D, cid=2875, SUCCESS, logIndex=4269, commits[529edf8e-8eae-4246-b33f-5e44130d441c:c4269, 79bffca9-b028-4c53-a657-872ed973be73:c4265, 15654dff-55cd-4f70-96d8-4abf0c061563:c4265]
2019-07-09 15:04:42,432 INFO  client.GrpcClientProtocolClient (GrpcClientProtocolClient.java:onNext(255)) - client-A9DCF8B8BD5B->529edf8e-8eae-4246-b33f-5e44130d441c: receive RaftClientReply:client-A9DCF8B8BD5B->529edf8e-8eae-4246-b33f-5e44130d441c@group-A1CD1332DC7D, cid=2876, SUCCESS, logIndex=0, commits[529edf8e-8eae-4246-b33f-5e44130d441c:c4271, 79bffca9-b028-4c53-a657-872ed973be73:c4269, 15654dff-55cd-4f70-96d8-4abf0c061563:c4269]
2019-07-09 15:04:42,464 INFO  client.GrpcClientProtocolClient (GrpcClientProtocolClient.java:onNext(255)) - client-A9DCF8B8BD5B->529edf8e-8eae-4246-b33f-5e44130d441c: receive RaftClientReply:client-A9DCF8B8BD5B->529edf8e-8eae-4246-b33f-5e44130d441c@group-A1CD1332DC7D, cid=2877, SUCCESS, logIndex=4272, commits[529edf8e-8eae-4246-b33f-5e44130d441c:c4273, 79bffca9-b028-4c53-a657-872ed973be73:c4271, 15654dff-55cd-4f70-96d8-4abf0c061563:c4271]
2019-07-09 15:04:42,465 INFO  client.GrpcClientProtocolClient (GrpcClientProtocolClient.java:onNext(255)) - client-A9DCF8B8BD5B->529edf8e-8eae-4246-b33f-5e44130d441c: receive RaftClientReply:client-A9DCF8B8BD5B->529edf8e-8eae-4246-b33f-5e44130d441c@group-A1CD1332DC7D, cid=2878, SUCCESS, logIndex=4273, commits[529edf8e-8eae-4246-b33f-5e44130d441c:c4273, 79bffca9-b028-4c53-a657-872ed973be73:c4271, 15654dff-55cd-4f70-96d8-4abf0c061563:c4271]
2019-07-09 15:04:42,466 INFO  client.GrpcClientProtocolClient (GrpcClientProtocolClient.java:onNext(255)) - client-A9DCF8B8BD5B->529edf8e-8eae-4246-b33f-5e44130d441c: receive RaftClientReply:client-A9DCF8B8BD5B->529edf8e-8eae-4246-b33f-5e44130d441c@group-A1CD1332DC7D, cid=2879, SUCCESS, logIndex=4274, commits[529edf8e-8eae-4246-b33f-5e44130d441c:c4274, 79bffca9-b028-4c53-a657-872ed973be73:c4271, 15654dff-55cd-4f70-96d8-4abf0c061563:c4271]
2019-07-09 15:04:42,466 INFO  client.GrpcClientProtocolClient (GrpcClientProtocolClient.java:onNext(255)) - client-A9DCF8B8BD5B->529edf8e-8eae-4246-b33f-5e44130d441c: receive RaftClientReply:client-A9DCF8B8BD5B->529edf8e-8eae-4246-b33f-5e44130d441c@group-A1CD1332DC7D, cid=2880, SUCCESS, logIndex=4275, commits[529edf8e-8eae-4246-b33f-5e44130d441c:c4275, 79bffca9-b028-4c53-a657-872ed973be73:c4271, 15654dff-55cd-4f70-96d8-4abf0c061563:c4271]
2019-07-09 15:04:42,468 INFO  client.GrpcClientProtocolClient (GrpcClientProtocolClient.java:onNext(255)) - client-A9DCF8B8BD5B->529edf8e-8eae-4246-b33f-5e44130d441c: receive RaftClientReply:client-A9DCF8B8BD5B->529edf8e-8eae-4246-b33f-5e44130d441c@group-A1CD1332DC7D, cid=2881, SUCCESS, logIndex=0, commits[529edf8e-8eae-4246-b33f-5e44130d441c:c4277, 79bffca9-b028-4c53-a657-872ed973be73:c4273, 15654dff-55cd-4f70-96d8-4abf0c061563:c4273]
2019-07-09 15:04:42,488 INFO  client.GrpcClientProtocolClient (GrpcClientProtocolClient.java:onNext(255)) - client-A9DCF8B8BD5B->529edf8e-8eae-4246-b33f-5e44130d441c: receive RaftClientReply:client-A9DCF8B8BD5B->529edf8e-8eae-4246-b33f-5e44130d441c@group-A1CD1332DC7D, cid=2882, SUCCESS, logIndex=4280, commits[529edf8e-8eae-4246-b33f-5e44130d441c:c4281, 79bffca9-b028-4c53-a657-872ed973be73:c4279, 15654dff-55cd-4f70-96d8-4abf0c061563:c4279]
2019-07-09 15:04:42,488 INFO  client.GrpcClientProtocolClient (GrpcClientProtocolClient.java:onNext(255)) - client-A9DCF8B8BD5B->529edf8e-8eae-4246-b33f-5e44130d441c: receive RaftClientReply:client-A9DCF8B8BD5B->529edf8e-8eae-4246-b33f-5e44130d441c@group-A1CD1332DC7D, cid=2883, SUCCESS, logIndex=4281, commits[529edf8e-8eae-4246-b33f-5e44130d441c:c4281, 79bffca9-b028-4c53-a657-872ed973be73:c4279, 15654dff-55cd-4f70-96d8-4abf0c061563:c4279]
2019-07-09 15:04:42,502 INFO  client.GrpcClientProtocolClient (GrpcClientProtocolClient.java:onNext(255)) - client-A9DCF8B8BD5B->529edf8e-8eae-4246-b33f-5e44130d441c: receive RaftClientReply:client-A9DCF8B8BD5B->529edf8e-8eae-4246-b33f-5e44130d441c@group-A1CD1332DC7D, cid=2884, SUCCESS, logIndex=4284, commits[529edf8e-8eae-4246-b33f-5e44130d441c:c4285, 79bffca9-b028-4c53-a657-872ed973be73:c4281, 15654dff-55cd-4f70-96d8-4abf0c061563:c4281]
2019-07-09 15:04:42,502 INFO  client.GrpcClientProtocolClient (GrpcClientProtocolClient.java:onNext(255)) - client-A9DCF8B8BD5B->529edf8e-8eae-4246-b33f-5e44130d441c: receive RaftClientReply:client-A9DCF8B8BD5B->529edf8e-8eae-4246-b33f-5e44130d441c@group-A1CD1332DC7D, cid=2885, SUCCESS, logIndex=4285, commits[529edf8e-8eae-4246-b33f-5e44130d441c:c4285, 79bffca9-b028-4c53-a657-872ed973be73:c4281, 15654dff-55cd-4f70-96d8-4abf0c061563:c4281]
2019-07-09 15:04:42,516 INFO  client.GrpcClientProtocolClient (GrpcClientProtocolClient.java:onNext(255)) - client-A9DCF8B8BD5B->529edf8e-8eae-4246-b33f-5e44130d441c: receive RaftClientReply:client-A9DCF8B8BD5B->529edf8e-8eae-4246-b33f-5e44130d441c@group-A1CD1332DC7D, cid=2886, SUCCESS, logIndex=0, commits[529edf8e-8eae-4246-b33f-5e44130d441c:c4286, 79bffca9-b028-4c53-a657-872ed973be73:c4285, 15654dff-55cd-4f70-96d8-4abf0c061563:c4285]
2019-07-09 15:04:42,546 INFO  client.GrpcClientProtocolClient (GrpcClientProtocolClient.java:onNext(255)) - client-A9DCF8B8BD5B->529edf8e-8eae-4246-b33f-5e44130d441c: receive RaftClientReply:client-A9DCF8B8BD5B->529edf8e-8eae-4246-b33f-5e44130d441c@group-A1CD1332DC7D, cid=2887, SUCCESS, logIndex=4288, commits[529edf8e-8eae-4246-b33f-5e44130d441c:c4290, 79bffca9-b028-4c53-a657-872ed973be73:c4287, 15654dff-55cd-4f70-96d8-4abf0c061563:c4287]
2019-07-09 15:04:42,547 INFO  client.GrpcClientProtocolClient (GrpcClientProtocolClient.java:onNext(255)) - client-A9DCF8B8BD5B->529edf8e-8eae-4246-b33f-5e44130d441c: receive RaftClientReply:client-A9DCF8B8BD5B->529edf8e-8eae-4246-b33f-5e44130d441c@group-A1CD1332DC7D, cid=2888, SUCCESS, logIndex=4289, commits[529edf8e-8eae-4246-b33f-5e44130d441c:c4291, 79bffca9-b028-4c53-a657-872ed973be73:c4287, 15654dff-55cd-4f70-96d8-4abf0c061563:c4287]
2019-07-09 15:04:42,547 INFO  client.GrpcClientProtocolClient (GrpcClientProtocolClient.java:onNext(255)) - client-A9DCF8B8BD5B->529edf8e-8eae-4246-b33f-5e44130d441c: receive RaftClientReply:client-A9DCF8B8BD5B->529edf8e-8eae-4246-b33f-5e44130d441c@group-A1CD1332DC7D, cid=2889, SUCCESS, logIndex=4290, commits[529edf8e-8eae-4246-b33f-5e44130d441c:c4291, 79bffca9-b028-4c53-a657-872ed973be73:c4287, 15654dff-55cd-4f70-96d8-4abf0c061563:c4287]
2019-07-09 15:04:42,548 INFO  client.GrpcClientProtocolClient (GrpcClientProtocolClient.java:onNext(255)) - client-A9DCF8B8BD5B->529edf8e-8eae-4246-b33f-5e44130d441c: receive RaftClientReply:client-A9DCF8B8BD5B->529edf8e-8eae-4246-b33f-5e44130d441c@group-A1CD1332DC7D, cid=2890, SUCCESS, logIndex=4291, commits[529edf8e-8eae-4246-b33f-5e44130d441c:c4291, 79bffca9-b028-4c53-a657-872ed973be73:c4287, 15654dff-55cd-4f70-96d8-4abf0c061563:c4287]
2019-07-09 15:04:42,549 INFO  client.GrpcClientProtocolClient (GrpcClientProtocolClient.java:onNext(255)) - client-A9DCF8B8BD5B->529edf8e-8eae-4246-b33f-5e44130d441c: receive RaftClientReply:client-A9DCF8B8BD5B->529edf8e-8eae-4246-b33f-5e44130d441c@group-A1CD1332DC7D, cid=2891, SUCCESS, logIndex=0, commits[529edf8e-8eae-4246-b33f-5e44130d441c:c4295, 79bffca9-b028-4c53-a657-872ed973be73:c4291, 15654dff-55cd-4f70-96d8-4abf0c061563:c4289]
2019-07-09 15:04:42,569 INFO  client.GrpcClientProtocolClient (GrpcClientProtocolClient.java:onNext(255)) - client-A9DCF8B8BD5B->529edf8e-8eae-4246-b33f-5e44130d441c: receive RaftClientReply:client-A9DCF8B8BD5B->529edf8e-8eae-4246-b33f-5e44130d441c@group-A1CD1332DC7D, cid=2892, SUCCESS, logIndex=4296, commits[529edf8e-8eae-4246-b33f-5e44130d441c:c4297, 79bffca9-b028-4c53-a657-872ed973be73:c4295, 15654dff-55cd-4f70-96d8-4abf0c061563:c4295]
2019-07-09 15:04:42,569 INFO  client.GrpcClientProtocolClient (GrpcClientProtocolClient.java:onNext(255)) - client-A9DCF8B8BD5B->529edf8e-8eae-4246-b33f-5e44130d441c: receive RaftClientReply:client-A9DCF8B8BD5B->529edf8e-8eae-4246-b33f-5e44130d441c@group-A1CD1332DC7D, cid=2893, SUCCESS, logIndex=4297, commits[529edf8e-8eae-4246-b33f-5e44130d441c:c4297, 79bffca9-b028-4c53-a657-872ed973be73:c4295, 15654dff-55cd-4f70-96d8-4abf0c061563:c4295]
2019-07-09 15:04:42,584 INFO  client.GrpcClientProtocolClient (GrpcClientProtocolClient.java:onNext(255)) - client-A9DCF8B8BD5B->529edf8e-8eae-4246-b33f-5e44130d441c: receive RaftClientReply:client-A9DCF8B8BD5B->529edf8e-8eae-4246-b33f-5e44130d441c@group-A1CD1332DC7D, cid=2894, SUCCESS, logIndex=4300, commits[529edf8e-8eae-4246-b33f-5e44130d441c:c4301, 79bffca9-b028-4c53-a657-872ed973be73:c4297, 15654dff-55cd-4f70-96d8-4abf0c061563:c4297]
2019-07-09 15:04:42,584 INFO  client.GrpcClientProtocolClient (GrpcClientProtocolClient.java:onNext(255)) - client-A9DCF8B8BD5B->529edf8e-8eae-4246-b33f-5e44130d441c: receive RaftClientReply:client-A9DCF8B8BD5B->529edf8e-8eae-4246-b33f-5e44130d441c@group-A1CD1332DC7D, cid=2895, SUCCESS, logIndex=4301, commits[529edf8e-8eae-4246-b33f-5e44130d441c:c4301, 79bffca9-b028-4c53-a657-872ed973be73:c4297, 15654dff-55cd-4f70-96d8-4abf0c061563:c4297]
2019-07-09 15:04:42,597 INFO  client.GrpcClientProtocolClient (GrpcClientProtocolClient.java:onNext(255)) - client-A9DCF8B8BD5B->529edf8e-8eae-4246-b33f-5e44130d441c: receive RaftClientReply:client-A9DCF8B8BD5B->529edf8e-8eae-4246-b33f-5e44130d441c@group-A1CD1332DC7D, cid=2896, SUCCESS, logIndex=0, commits[529edf8e-8eae-4246-b33f-5e44130d441c:c4303, 79bffca9-b028-4c53-a657-872ed973be73:c4301, 15654dff-55cd-4f70-96d8-4abf0c061563:c4301]
2019-07-09 15:04:42,627 INFO  client.GrpcClientProtocolClient (GrpcClientProtocolClient.java:onNext(255)) - client-A9DCF8B8BD5B->529edf8e-8eae-4246-b33f-5e44130d441c: receive RaftClientReply:client-A9DCF8B8BD5B->529edf8e-8eae-4246-b33f-5e44130d441c@group-A1CD1332DC7D, cid=2897, SUCCESS, logIndex=4304, commits[529edf8e-8eae-4246-b33f-5e44130d441c:c4305, 79bffca9-b028-4c53-a657-872ed973be73:c4303, 15654dff-55cd-4f70-96d8-4abf0c061563:c4303]
2019-07-09 15:04:42,628 INFO  client.GrpcClientProtocolClient (GrpcClientProtocolClient.java:onNext(255)) - client-A9DCF8B8BD5B->529edf8e-8eae-4246-b33f-5e44130d441c: receive RaftClientReply:client-A9DCF8B8BD5B->529edf8e-8eae-4246-b33f-5e44130d441c@group-A1CD1332DC7D, cid=2898, SUCCESS, logIndex=4305, commits[529edf8e-8eae-4246-b33f-5e44130d441c:c4305, 79bffca9-b028-4c53-a657-872ed973be73:c4303, 15654dff-55cd-4f70-96d8-4abf0c061563:c4303]
2019-07-09 15:04:42,629 INFO  client.GrpcClientProtocolClient (GrpcClientProtocolClient.java:onNext(255)) - client-A9DCF8B8BD5B->529edf8e-8eae-4246-b33f-5e44130d441c: receive RaftClientReply:client-A9DCF8B8BD5B->529edf8e-8eae-4246-b33f-5e44130d441c@group-A1CD1332DC7D, cid=2899, SUCCESS, logIndex=4306, commits[529edf8e-8eae-4246-b33f-5e44130d441c:c4307, 79bffca9-b028-4c53-a657-872ed973be73:c4303, 15654dff-55cd-4f70-96d8-4abf0c061563:c4303]
2019-07-09 15:04:42,629 INFO  client.GrpcClientProtocolClient (GrpcClientProtocolClient.java:onNext(255)) - client-A9DCF8B8BD5B->529edf8e-8eae-4246-b33f-5e44130d441c: receive RaftClientReply:client-A9DCF8B8BD5B->529edf8e-8eae-4246-b33f-5e44130d441c@group-A1CD1332DC7D, cid=2900, SUCCESS, logIndex=4307, commits[529edf8e-8eae-4246-b33f-5e44130d441c:c4307, 79bffca9-b028-4c53-a657-872ed973be73:c4303, 15654dff-55cd-4f70-96d8-4abf0c061563:c4303]
2019-07-09 15:04:42,630 INFO  client.GrpcClientProtocolClient (GrpcClientProtocolClient.java:onNext(255)) - client-A9DCF8B8BD5B->529edf8e-8eae-4246-b33f-5e44130d441c: receive RaftClientReply:client-A9DCF8B8BD5B->529edf8e-8eae-4246-b33f-5e44130d441c@group-A1CD1332DC7D, cid=2901, SUCCESS, logIndex=0, commits[529edf8e-8eae-4246-b33f-5e44130d441c:c4311, 79bffca9-b028-4c53-a657-872ed973be73:c4305, 15654dff-55cd-4f70-96d8-4abf0c061563:c4307]
2019-07-09 15:04:42,650 INFO  client.GrpcClientProtocolClient (GrpcClientProtocolClient.java:onNext(255)) - client-A9DCF8B8BD5B->529edf8e-8eae-4246-b33f-5e44130d441c: receive RaftClientReply:client-A9DCF8B8BD5B->529edf8e-8eae-4246-b33f-5e44130d441c@group-A1CD1332DC7D, cid=2902, SUCCESS, logIndex=4312, commits[529edf8e-8eae-4246-b33f-5e44130d441c:c4312, 79bffca9-b028-4c53-a657-872ed973be73:c4311, 15654dff-55cd-4f70-96d8-4abf0c061563:c4311]
2019-07-09 15:04:42,651 INFO  client.GrpcClientProtocolClient (GrpcClientProtocolClient.java:onNext(255)) - client-A9DCF8B8BD5B->529edf8e-8eae-4246-b33f-5e44130d441c: receive RaftClientReply:client-A9DCF8B8BD5B->529edf8e-8eae-4246-b33f-5e44130d441c@group-A1CD1332DC7D, cid=2903, SUCCESS, logIndex=4313, commits[529edf8e-8eae-4246-b33f-5e44130d441c:c4313, 79bffca9-b028-4c53-a657-872ed973be73:c4311, 15654dff-55cd-4f70-96d8-4abf0c061563:c4311]
2019-07-09 15:04:42,665 INFO  client.GrpcClientProtocolClient (GrpcClientProtocolClient.java:onNext(255)) - client-A9DCF8B8BD5B->529edf8e-8eae-4246-b33f-5e44130d441c: receive RaftClientReply:client-A9DCF8B8BD5B->529edf8e-8eae-4246-b33f-5e44130d441c@group-A1CD1332DC7D, cid=2904, SUCCESS, logIndex=4316, commits[529edf8e-8eae-4246-b33f-5e44130d441c:c4317, 79bffca9-b028-4c53-a657-872ed973be73:c4313, 15654dff-55cd-4f70-96d8-4abf0c061563:c4313]
2019-07-09 15:04:42,665 INFO  client.GrpcClientProtocolClient (GrpcClientProtocolClient.java:onNext(255)) - client-A9DCF8B8BD5B->529edf8e-8eae-4246-b33f-5e44130d441c: receive RaftClientReply:client-A9DCF8B8BD5B->529edf8e-8eae-4246-b33f-5e44130d441c@group-A1CD1332DC7D, cid=2905, SUCCESS, logIndex=4317, commits[529edf8e-8eae-4246-b33f-5e44130d441c:c4317, 79bffca9-b028-4c53-a657-872ed973be73:c4313, 15654dff-55cd-4f70-96d8-4abf0c061563:c4313]
2019-07-09 15:04:42,696 INFO  client.GrpcClientProtocolClient (GrpcClientProtocolClient.java:onNext(255)) - client-A9DCF8B8BD5B->529edf8e-8eae-4246-b33f-5e44130d441c: receive RaftClientReply:client-A9DCF8B8BD5B->529edf8e-8eae-4246-b33f-5e44130d441c@group-A1CD1332DC7D, cid=2906, SUCCESS, logIndex=0, commits[529edf8e-8eae-4246-b33f-5e44130d441c:c4319, 79bffca9-b028-4c53-a657-872ed973be73:c4317, 15654dff-55cd-4f70-96d8-4abf0c061563:c4317]
2019-07-09 15:04:42,726 INFO  client.GrpcClientProtocolClient (GrpcClientProtocolClient.java:onNext(255)) - client-A9DCF8B8BD5B->529edf8e-8eae-4246-b33f-5e44130d441c: receive RaftClientReply:client-A9DCF8B8BD5B->529edf8e-8eae-4246-b33f-5e44130d441c@group-A1CD1332DC7D, cid=2907, SUCCESS, logIndex=4320, commits[529edf8e-8eae-4246-b33f-5e44130d441c:c4322, 79bffca9-b028-4c53-a657-872ed973be73:c4319, 15654dff-55cd-4f70-96d8-4abf0c061563:c4319]
2019-07-09 15:04:42,726 INFO  client.GrpcClientProtocolClient (GrpcClientProtocolClient.java:onNext(255)) - client-A9DCF8B8BD5B->529edf8e-8eae-4246-b33f-5e44130d441c: receive RaftClientReply:client-A9DCF8B8BD5B->529edf8e-8eae-4246-b33f-5e44130d441c@group-A1CD1332DC7D, cid=2908, SUCCESS, logIndex=4321, commits[529edf8e-8eae-4246-b33f-5e44130d441c:c4323, 79bffca9-b028-4c53-a657-872ed973be73:c4319, 15654dff-55cd-4f70-96d8-4abf0c061563:c4319]
2019-07-09 15:04:42,727 INFO  client.GrpcClientProtocolClient (GrpcClientProtocolClient.java:onNext(255)) - client-A9DCF8B8BD5B->529edf8e-8eae-4246-b33f-5e44130d441c: receive RaftClientReply:client-A9DCF8B8BD5B->529edf8e-8eae-4246-b33f-5e44130d441c@group-A1CD1332DC7D, cid=2909, SUCCESS, logIndex=4322, commits[529edf8e-8eae-4246-b33f-5e44130d441c:c4323, 79bffca9-b028-4c53-a657-872ed973be73:c4319, 15654dff-55cd-4f70-96d8-4abf0c061563:c4319]
2019-07-09 15:04:42,728 INFO  client.GrpcClientProtocolClient (GrpcClientProtocolClient.java:onNext(255)) - client-A9DCF8B8BD5B->529edf8e-8eae-4246-b33f-5e44130d441c: receive RaftClientReply:client-A9DCF8B8BD5B->529edf8e-8eae-4246-b33f-5e44130d441c@group-A1CD1332DC7D, cid=2910, SUCCESS, logIndex=4323, commits[529edf8e-8eae-4246-b33f-5e44130d441c:c4323, 79bffca9-b028-4c53-a657-872ed973be73:c4319, 15654dff-55cd-4f70-96d8-4abf0c061563:c4319]
2019-07-09 15:04:42,729 INFO  client.GrpcClientProtocolClient (GrpcClientProtocolClient.java:onNext(255)) - client-A9DCF8B8BD5B->529edf8e-8eae-4246-b33f-5e44130d441c: receive RaftClientReply:client-A9DCF8B8BD5B->529edf8e-8eae-4246-b33f-5e44130d441c@group-A1CD1332DC7D, cid=2911, SUCCESS, logIndex=0, commits[529edf8e-8eae-4246-b33f-5e44130d441c:c4327, 79bffca9-b028-4c53-a657-872ed973be73:c4322, 15654dff-55cd-4f70-96d8-4abf0c061563:c4323]
2019-07-09 15:04:42,750 INFO  client.GrpcClientProtocolClient (GrpcClientProtocolClient.java:onNext(255)) - client-A9DCF8B8BD5B->529edf8e-8eae-4246-b33f-5e44130d441c: receive RaftClientReply:client-A9DCF8B8BD5B->529edf8e-8eae-4246-b33f-5e44130d441c@group-A1CD1332DC7D, cid=2912, SUCCESS, logIndex=4328, commits[529edf8e-8eae-4246-b33f-5e44130d441c:c4329, 79bffca9-b028-4c53-a657-872ed973be73:c4327, 15654dff-55cd-4f70-96d8-4abf0c061563:c4327]
2019-07-09 15:04:42,750 INFO  client.GrpcClientProtocolClient (GrpcClientProtocolClient.java:onNext(255)) - client-A9DCF8B8BD5B->529edf8e-8eae-4246-b33f-5e44130d441c: receive RaftClientReply:client-A9DCF8B8BD5B->529edf8e-8eae-4246-b33f-5e44130d441c@group-A1CD1332DC7D, cid=2913, SUCCESS, logIndex=4329, commits[529edf8e-8eae-4246-b33f-5e44130d441c:c4329, 79bffca9-b028-4c53-a657-872ed973be73:c4327, 15654dff-55cd-4f70-96d8-4abf0c061563:c4327]
2019-07-09 15:04:42,763 INFO  client.GrpcClientProtocolClient (GrpcClientProtocolClient.java:onNext(255)) - client-A9DCF8B8BD5B->529edf8e-8eae-4246-b33f-5e44130d441c: receive RaftClientReply:client-A9DCF8B8BD5B->529edf8e-8eae-4246-b33f-5e44130d441c@group-A1CD1332DC7D, cid=2914, SUCCESS, logIndex=4332, commits[529edf8e-8eae-4246-b33f-5e44130d441c:c4332, 79bffca9-b028-4c53-a657-872ed973be73:c4329, 15654dff-55cd-4f70-96d8-4abf0c061563:c4329]
2019-07-09 15:04:42,763 INFO  client.GrpcClientProtocolClient (GrpcClientProtocolClient.java:onNext(255)) - client-A9DCF8B8BD5B->529edf8e-8eae-4246-b33f-5e44130d441c: receive RaftClientReply:client-A9DCF8B8BD5B->529edf8e-8eae-4246-b33f-5e44130d441c@group-A1CD1332DC7D, cid=2915, SUCCESS, logIndex=4333, commits[529edf8e-8eae-4246-b33f-5e44130d441c:c4333, 79bffca9-b028-4c53-a657-872ed973be73:c4329, 15654dff-55cd-4f70-96d8-4abf0c061563:c4329]
2019-07-09 15:04:42,776 INFO  client.GrpcClientProtocolClient (GrpcClientProtocolClient.java:onNext(255)) - client-A9DCF8B8BD5B->529edf8e-8eae-4246-b33f-5e44130d441c: receive RaftClientReply:client-A9DCF8B8BD5B->529edf8e-8eae-4246-b33f-5e44130d441c@group-A1CD1332DC7D, cid=2916, SUCCESS, logIndex=0, commits[529edf8e-8eae-4246-b33f-5e44130d441c:c4335, 79bffca9-b028-4c53-a657-872ed973be73:c4333, 15654dff-55cd-4f70-96d8-4abf0c061563:c4333]
2019-07-09 15:04:42,822 INFO  client.GrpcClientProtocolClient (GrpcClientProtocolClient.java:onNext(255)) - client-A9DCF8B8BD5B->529edf8e-8eae-4246-b33f-5e44130d441c: receive RaftClientReply:client-A9DCF8B8BD5B->529edf8e-8eae-4246-b33f-5e44130d441c@group-A1CD1332DC7D, cid=2917, SUCCESS, logIndex=4336, commits[529edf8e-8eae-4246-b33f-5e44130d441c:c4337, 79bffca9-b028-4c53-a657-872ed973be73:c4335, 15654dff-55cd-4f70-96d8-4abf0c061563:c4335]
2019-07-09 15:04:42,823 INFO  client.GrpcClientProtocolClient (GrpcClientProtocolClient.java:onNext(255)) - client-A9DCF8B8BD5B->529edf8e-8eae-4246-b33f-5e44130d441c: receive RaftClientReply:client-A9DCF8B8BD5B->529edf8e-8eae-4246-b33f-5e44130d441c@group-A1CD1332DC7D, cid=2918, SUCCESS, logIndex=4337, commits[529edf8e-8eae-4246-b33f-5e44130d441c:c4339, 79bffca9-b028-4c53-a657-872ed973be73:c4335, 15654dff-55cd-4f70-96d8-4abf0c061563:c4335]
2019-07-09 15:04:42,823 INFO  client.GrpcClientProtocolClient (GrpcClientProtocolClient.java:onNext(255)) - client-A9DCF8B8BD5B->529edf8e-8eae-4246-b33f-5e44130d441c: receive RaftClientReply:client-A9DCF8B8BD5B->529edf8e-8eae-4246-b33f-5e44130d441c@group-A1CD1332DC7D, cid=2919, SUCCESS, logIndex=4338, commits[529edf8e-8eae-4246-b33f-5e44130d441c:c4339, 79bffca9-b028-4c53-a657-872ed973be73:c4335, 15654dff-55cd-4f70-96d8-4abf0c061563:c4335]
2019-07-09 15:04:42,824 INFO  client.GrpcClientProtocolClient (GrpcClientProtocolClient.java:onNext(255)) - client-A9DCF8B8BD5B->529edf8e-8eae-4246-b33f-5e44130d441c: receive RaftClientReply:client-A9DCF8B8BD5B->529edf8e-8eae-4246-b33f-5e44130d441c@group-A1CD1332DC7D, cid=2920, SUCCESS, logIndex=4339, commits[529edf8e-8eae-4246-b33f-5e44130d441c:c4340, 79bffca9-b028-4c53-a657-872ed973be73:c4335, 15654dff-55cd-4f70-96d8-4abf0c061563:c4336]
2019-07-09 15:04:42,825 INFO  client.GrpcClientProtocolClient (GrpcClientProtocolClient.java:onNext(255)) - client-A9DCF8B8BD5B->529edf8e-8eae-4246-b33f-5e44130d441c: receive RaftClientReply:client-A9DCF8B8BD5B->529edf8e-8eae-4246-b33f-5e44130d441c@group-A1CD1332DC7D, cid=2921, SUCCESS, logIndex=0, commits[529edf8e-8eae-4246-b33f-5e44130d441c:c4343, 79bffca9-b028-4c53-a657-872ed973be73:c4337, 15654dff-55cd-4f70-96d8-4abf0c061563:c4339]
2019-07-09 15:04:42,969 INFO  client.GrpcClientProtocolClient (GrpcClientProtocolClient.java:onNext(255)) - client-A9DCF8B8BD5B->529edf8e-8eae-4246-b33f-5e44130d441c: receive RaftClientReply:client-A9DCF8B8BD5B->529edf8e-8eae-4246-b33f-5e44130d441c@group-A1CD1332DC7D, cid=2922, SUCCESS, logIndex=4344, commits[529edf8e-8eae-4246-b33f-5e44130d441c:c4345, 79bffca9-b028-4c53-a657-872ed973be73:c4343, 15654dff-55cd-4f70-96d8-4abf0c061563:c4343]
2019-07-09 15:04:42,969 INFO  client.GrpcClientProtocolClient (GrpcClientProtocolClient.java:onNext(255)) - client-A9DCF8B8BD5B->529edf8e-8eae-4246-b33f-5e44130d441c: receive RaftClientReply:client-A9DCF8B8BD5B->529edf8e-8eae-4246-b33f-5e44130d441c@group-A1CD1332DC7D, cid=2923, SUCCESS, logIndex=4345, commits[529edf8e-8eae-4246-b33f-5e44130d441c:c4345, 79bffca9-b028-4c53-a657-872ed973be73:c4343, 15654dff-55cd-4f70-96d8-4abf0c061563:c4343]
2019-07-09 15:04:42,983 INFO  client.GrpcClientProtocolClient (GrpcClientProtocolClient.java:onNext(255)) - client-A9DCF8B8BD5B->529edf8e-8eae-4246-b33f-5e44130d441c: receive RaftClientReply:client-A9DCF8B8BD5B->529edf8e-8eae-4246-b33f-5e44130d441c@group-A1CD1332DC7D, cid=2924, SUCCESS, logIndex=4348, commits[529edf8e-8eae-4246-b33f-5e44130d441c:c4349, 79bffca9-b028-4c53-a657-872ed973be73:c4345, 15654dff-55cd-4f70-96d8-4abf0c061563:c4345]
2019-07-09 15:04:42,984 INFO  client.GrpcClientProtocolClient (GrpcClientProtocolClient.java:onNext(255)) - client-A9DCF8B8BD5B->529edf8e-8eae-4246-b33f-5e44130d441c: receive RaftClientReply:client-A9DCF8B8BD5B->529edf8e-8eae-4246-b33f-5e44130d441c@group-A1CD1332DC7D, cid=2925, SUCCESS, logIndex=4349, commits[529edf8e-8eae-4246-b33f-5e44130d441c:c4349, 79bffca9-b028-4c53-a657-872ed973be73:c4345, 15654dff-55cd-4f70-96d8-4abf0c061563:c4345]
2019-07-09 15:04:42,987 INFO  client.GrpcClientProtocolClient (GrpcClientProtocolClient.java:onNext(255)) - client-A9DCF8B8BD5B->529edf8e-8eae-4246-b33f-5e44130d441c: receive RaftClientReply:client-A9DCF8B8BD5B->529edf8e-8eae-4246-b33f-5e44130d441c@group-A1CD1332DC7D, cid=2926, SUCCESS, logIndex=0, commits[529edf8e-8eae-4246-b33f-5e44130d441c:c4351, 79bffca9-b028-4c53-a657-872ed973be73:c4349, 15654dff-55cd-4f70-96d8-4abf0c061563:c4349]
2019-07-09 15:04:43,022 INFO  client.GrpcClientProtocolClient (GrpcClientProtocolClient.java:onNext(255)) - client-A9DCF8B8BD5B->529edf8e-8eae-4246-b33f-5e44130d441c: receive RaftClientReply:client-A9DCF8B8BD5B->529edf8e-8eae-4246-b33f-5e44130d441c@group-A1CD1332DC7D, cid=2927, SUCCESS, logIndex=4352, commits[529edf8e-8eae-4246-b33f-5e44130d441c:c4353, 79bffca9-b028-4c53-a657-872ed973be73:c4351, 15654dff-55cd-4f70-96d8-4abf0c061563:c4351]
2019-07-09 15:04:43,023 INFO  client.GrpcClientProtocolClient (GrpcClientProtocolClient.java:onNext(255)) - client-A9DCF8B8BD5B->529edf8e-8eae-4246-b33f-5e44130d441c: receive RaftClientReply:client-A9DCF8B8BD5B->529edf8e-8eae-4246-b33f-5e44130d441c@group-A1CD1332DC7D, cid=2928, SUCCESS, logIndex=4353, commits[529edf8e-8eae-4246-b33f-5e44130d441c:c4355, 79bffca9-b028-4c53-a657-872ed973be73:c4351, 15654dff-55cd-4f70-96d8-4abf0c061563:c4351]
2019-07-09 15:04:43,023 INFO  client.GrpcClientProtocolClient (GrpcClientProtocolClient.java:onNext(255)) - client-A9DCF8B8BD5B->529edf8e-8eae-4246-b33f-5e44130d441c: receive RaftClientReply:client-A9DCF8B8BD5B->529edf8e-8eae-4246-b33f-5e44130d441c@group-A1CD1332DC7D, cid=2929, SUCCESS, logIndex=4354, commits[529edf8e-8eae-4246-b33f-5e44130d441c:c4355, 79bffca9-b028-4c53-a657-872ed973be73:c4351, 15654dff-55cd-4f70-96d8-4abf0c061563:c4351]
2019-07-09 15:04:43,024 INFO  client.GrpcClientProtocolClient (GrpcClientProtocolClient.java:onNext(255)) - client-A9DCF8B8BD5B->529edf8e-8eae-4246-b33f-5e44130d441c: receive RaftClientReply:client-A9DCF8B8BD5B->529edf8e-8eae-4246-b33f-5e44130d441c@group-A1CD1332DC7D, cid=2930, SUCCESS, logIndex=4355, commits[529edf8e-8eae-4246-b33f-5e44130d441c:c4356, 79bffca9-b028-4c53-a657-872ed973be73:c4351, 15654dff-55cd-4f70-96d8-4abf0c061563:c4352]
2019-07-09 15:04:43,025 INFO  client.GrpcClientProtocolClient (GrpcClientProtocolClient.java:onNext(255)) - client-A9DCF8B8BD5B->529edf8e-8eae-4246-b33f-5e44130d441c: receive RaftClientReply:client-A9DCF8B8BD5B->529edf8e-8eae-4246-b33f-5e44130d441c@group-A1CD1332DC7D, cid=2931, SUCCESS, logIndex=0, commits[529edf8e-8eae-4246-b33f-5e44130d441c:c4358, 79bffca9-b028-4c53-a657-872ed973be73:c4354, 15654dff-55cd-4f70-96d8-4abf0c061563:c4354]
2019-07-09 15:04:43,047 INFO  client.GrpcClientProtocolClient (GrpcClientProtocolClient.java:onNext(255)) - client-A9DCF8B8BD5B->529edf8e-8eae-4246-b33f-5e44130d441c: receive RaftClientReply:client-A9DCF8B8BD5B->529edf8e-8eae-4246-b33f-5e44130d441c@group-A1CD1332DC7D, cid=2932, SUCCESS, logIndex=4360, commits[529edf8e-8eae-4246-b33f-5e44130d441c:c4361, 79bffca9-b028-4c53-a657-872ed973be73:c4359, 15654dff-55cd-4f70-96d8-4abf0c061563:c4359]
2019-07-09 15:04:43,047 INFO  client.GrpcClientProtocolClient (GrpcClientProtocolClient.java:onNext(255)) - client-A9DCF8B8BD5B->529edf8e-8eae-4246-b33f-5e44130d441c: receive RaftClientReply:client-A9DCF8B8BD5B->529edf8e-8eae-4246-b33f-5e44130d441c@group-A1CD1332DC7D, cid=2933, SUCCESS, logIndex=4361, commits[529edf8e-8eae-4246-b33f-5e44130d441c:c4361, 79bffca9-b028-4c53-a657-872ed973be73:c4359, 15654dff-55cd-4f70-96d8-4abf0c061563:c4359]
2019-07-09 15:04:43,060 INFO  client.GrpcClientProtocolClient (GrpcClientProtocolClient.java:onNext(255)) - client-A9DCF8B8BD5B->529edf8e-8eae-4246-b33f-5e44130d441c: receive RaftClientReply:client-A9DCF8B8BD5B->529edf8e-8eae-4246-b33f-5e44130d441c@group-A1CD1332DC7D, cid=2934, SUCCESS, logIndex=4364, commits[529edf8e-8eae-4246-b33f-5e44130d441c:c4365, 79bffca9-b028-4c53-a657-872ed973be73:c4361, 15654dff-55cd-4f70-96d8-4abf0c061563:c4361]
2019-07-09 15:04:43,061 INFO  client.GrpcClientProtocolClient (GrpcClientProtocolClient.java:onNext(255)) - client-A9DCF8B8BD5B->529edf8e-8eae-4246-b33f-5e44130d441c: receive RaftClientReply:client-A9DCF8B8BD5B->529edf8e-8eae-4246-b33f-5e44130d441c@group-A1CD1332DC7D, cid=2935, SUCCESS, logIndex=4365, commits[529edf8e-8eae-4246-b33f-5e44130d441c:c4365, 79bffca9-b028-4c53-a657-872ed973be73:c4361, 15654dff-55cd-4f70-96d8-4abf0c061563:c4361]
2019-07-09 15:04:43,073 INFO  client.GrpcClientProtocolClient (GrpcClientProtocolClient.java:onNext(255)) - client-A9DCF8B8BD5B->529edf8e-8eae-4246-b33f-5e44130d441c: receive RaftClientReply:client-A9DCF8B8BD5B->529edf8e-8eae-4246-b33f-5e44130d441c@group-A1CD1332DC7D, cid=2936, SUCCESS, logIndex=0, commits[529edf8e-8eae-4246-b33f-5e44130d441c:c4367, 79bffca9-b028-4c53-a657-872ed973be73:c4365, 15654dff-55cd-4f70-96d8-4abf0c061563:c4365]
 0.00% |█                                                                                                    |  0/1 Time: 0:00:252019-07-09 15:04:43,102 INFO  client.GrpcClientProtocolClient (GrpcClientProtocolClient.java:onNext(255)) - client-A9DCF8B8BD5B->529edf8e-8eae-4246-b33f-5e44130d441c: receive RaftClientReply:client-A9DCF8B8BD5B->529edf8e-8eae-4246-b33f-5e44130d441c@group-A1CD1332DC7D, cid=2937, SUCCESS, logIndex=4368, commits[529edf8e-8eae-4246-b33f-5e44130d441c:c4369, 79bffca9-b028-4c53-a657-872ed973be73:c4367, 15654dff-55cd-4f70-96d8-4abf0c061563:c4367]
2019-07-09 15:04:43,103 INFO  client.GrpcClientProtocolClient (GrpcClientProtocolClient.java:onNext(255)) - client-A9DCF8B8BD5B->529edf8e-8eae-4246-b33f-5e44130d441c: receive RaftClientReply:client-A9DCF8B8BD5B->529edf8e-8eae-4246-b33f-5e44130d441c@group-A1CD1332DC7D, cid=2938, SUCCESS, logIndex=4369, commits[529edf8e-8eae-4246-b33f-5e44130d441c:c4369, 79bffca9-b028-4c53-a657-872ed973be73:c4367, 15654dff-55cd-4f70-96d8-4abf0c061563:c4367]
2019-07-09 15:04:43,103 INFO  client.GrpcClientProtocolClient (GrpcClientProtocolClient.java:onNext(255)) - client-A9DCF8B8BD5B->529edf8e-8eae-4246-b33f-5e44130d441c: receive RaftClientReply:client-A9DCF8B8BD5B->529edf8e-8eae-4246-b33f-5e44130d441c@group-A1CD1332DC7D, cid=2939, SUCCESS, logIndex=4370, commits[529edf8e-8eae-4246-b33f-5e44130d441c:c4371, 79bffca9-b028-4c53-a657-872ed973be73:c4367, 15654dff-55cd-4f70-96d8-4abf0c061563:c4367]
2019-07-09 15:04:43,104 INFO  client.GrpcClientProtocolClient (GrpcClientProtocolClient.java:onNext(255)) - client-A9DCF8B8BD5B->529edf8e-8eae-4246-b33f-5e44130d441c: receive RaftClientReply:client-A9DCF8B8BD5B->529edf8e-8eae-4246-b33f-5e44130d441c@group-A1CD1332DC7D, cid=2940, SUCCESS, logIndex=4371, commits[529edf8e-8eae-4246-b33f-5e44130d441c:c4371, 79bffca9-b028-4c53-a657-872ed973be73:c4367, 15654dff-55cd-4f70-96d8-4abf0c061563:c4367]
2019-07-09 15:04:43,106 INFO  client.GrpcClientProtocolClient (GrpcClientProtocolClient.java:onNext(255)) - client-A9DCF8B8BD5B->529edf8e-8eae-4246-b33f-5e44130d441c: receive RaftClientReply:client-A9DCF8B8BD5B->529edf8e-8eae-4246-b33f-5e44130d441c@group-A1CD1332DC7D, cid=2941, SUCCESS, logIndex=0, commits[529edf8e-8eae-4246-b33f-5e44130d441c:c4375, 79bffca9-b028-4c53-a657-872ed973be73:c4369, 15654dff-55cd-4f70-96d8-4abf0c061563:c4371]
2019-07-09 15:04:43,125 INFO  client.GrpcClientProtocolClient (GrpcClientProtocolClient.java:onNext(255)) - client-A9DCF8B8BD5B->529edf8e-8eae-4246-b33f-5e44130d441c: receive RaftClientReply:client-A9DCF8B8BD5B->529edf8e-8eae-4246-b33f-5e44130d441c@group-A1CD1332DC7D, cid=2942, SUCCESS, logIndex=4376, commits[529edf8e-8eae-4246-b33f-5e44130d441c:c4377, 79bffca9-b028-4c53-a657-872ed973be73:c4375, 15654dff-55cd-4f70-96d8-4abf0c061563:c4375]
2019-07-09 15:04:43,126 INFO  client.GrpcClientProtocolClient (GrpcClientProtocolClient.java:onNext(255)) - client-A9DCF8B8BD5B->529edf8e-8eae-4246-b33f-5e44130d441c: receive RaftClientReply:client-A9DCF8B8BD5B->529edf8e-8eae-4246-b33f-5e44130d441c@group-A1CD1332DC7D, cid=2943, SUCCESS, logIndex=4377, commits[529edf8e-8eae-4246-b33f-5e44130d441c:c4377, 79bffca9-b028-4c53-a657-872ed973be73:c4375, 15654dff-55cd-4f70-96d8-4abf0c061563:c4375]
2019-07-09 15:04:43,139 INFO  client.GrpcClientProtocolClient (GrpcClientProtocolClient.java:onNext(255)) - client-A9DCF8B8BD5B->529edf8e-8eae-4246-b33f-5e44130d441c: receive RaftClientReply:client-A9DCF8B8BD5B->529edf8e-8eae-4246-b33f-5e44130d441c@group-A1CD1332DC7D, cid=2944, SUCCESS, logIndex=4379, commits[529edf8e-8eae-4246-b33f-5e44130d441c:c4380, 79bffca9-b028-4c53-a657-872ed973be73:c4377, 15654dff-55cd-4f70-96d8-4abf0c061563:c4377]
2019-07-09 15:04:43,139 INFO  client.GrpcClientProtocolClient (GrpcClientProtocolClient.java:onNext(255)) - client-A9DCF8B8BD5B->529edf8e-8eae-4246-b33f-5e44130d441c: receive RaftClientReply:client-A9DCF8B8BD5B->529edf8e-8eae-4246-b33f-5e44130d441c@group-A1CD1332DC7D, cid=2945, SUCCESS, logIndex=4380, commits[529edf8e-8eae-4246-b33f-5e44130d441c:c4380, 79bffca9-b028-4c53-a657-872ed973be73:c4377, 15654dff-55cd-4f70-96d8-4abf0c061563:c4377]
2019-07-09 15:04:43,152 INFO  client.GrpcClientProtocolClient (GrpcClientProtocolClient.java:onNext(255)) - client-A9DCF8B8BD5B->529edf8e-8eae-4246-b33f-5e44130d441c: receive RaftClientReply:client-A9DCF8B8BD5B->529edf8e-8eae-4246-b33f-5e44130d441c@group-A1CD1332DC7D, cid=2946, SUCCESS, logIndex=0, commits[529edf8e-8eae-4246-b33f-5e44130d441c:c4382, 79bffca9-b028-4c53-a657-872ed973be73:c4380, 15654dff-55cd-4f70-96d8-4abf0c061563:c4380]
2019-07-09 15:04:43,184 INFO  client.GrpcClientProtocolClient (GrpcClientProtocolClient.java:onNext(255)) - client-A9DCF8B8BD5B->529edf8e-8eae-4246-b33f-5e44130d441c: receive RaftClientReply:client-A9DCF8B8BD5B->529edf8e-8eae-4246-b33f-5e44130d441c@group-A1CD1332DC7D, cid=2947, SUCCESS, logIndex=4383, commits[529edf8e-8eae-4246-b33f-5e44130d441c:c4384, 79bffca9-b028-4c53-a657-872ed973be73:c4382, 15654dff-55cd-4f70-96d8-4abf0c061563:c4382]
2019-07-09 15:04:43,185 INFO  client.GrpcClientProtocolClient (GrpcClientProtocolClient.java:onNext(255)) - client-A9DCF8B8BD5B->529edf8e-8eae-4246-b33f-5e44130d441c: receive RaftClientReply:client-A9DCF8B8BD5B->529edf8e-8eae-4246-b33f-5e44130d441c@group-A1CD1332DC7D, cid=2948, SUCCESS, logIndex=4384, commits[529edf8e-8eae-4246-b33f-5e44130d441c:c4385, 79bffca9-b028-4c53-a657-872ed973be73:c4382, 15654dff-55cd-4f70-96d8-4abf0c061563:c4382]
2019-07-09 15:04:43,185 INFO  client.GrpcClientProtocolClient (GrpcClientProtocolClient.java:onNext(255)) - client-A9DCF8B8BD5B->529edf8e-8eae-4246-b33f-5e44130d441c: receive RaftClientReply:client-A9DCF8B8BD5B->529edf8e-8eae-4246-b33f-5e44130d441c@group-A1CD1332DC7D, cid=2949, SUCCESS, logIndex=4385, commits[529edf8e-8eae-4246-b33f-5e44130d441c:c4386, 79bffca9-b028-4c53-a657-872ed973be73:c4382, 15654dff-55cd-4f70-96d8-4abf0c061563:c4382]
2019-07-09 15:04:43,186 INFO  client.GrpcClientProtocolClient (GrpcClientProtocolClient.java:onNext(255)) - client-A9DCF8B8BD5B->529edf8e-8eae-4246-b33f-5e44130d441c: receive RaftClientReply:client-A9DCF8B8BD5B->529edf8e-8eae-4246-b33f-5e44130d441c@group-A1CD1332DC7D, cid=2950, SUCCESS, logIndex=4386, commits[529edf8e-8eae-4246-b33f-5e44130d441c:c4386, 79bffca9-b028-4c53-a657-872ed973be73:c4382, 15654dff-55cd-4f70-96d8-4abf0c061563:c4382]
2019-07-09 15:04:43,187 INFO  client.GrpcClientProtocolClient (GrpcClientProtocolClient.java:onNext(255)) - client-A9DCF8B8BD5B->529edf8e-8eae-4246-b33f-5e44130d441c: receive RaftClientReply:client-A9DCF8B8BD5B->529edf8e-8eae-4246-b33f-5e44130d441c@group-A1CD1332DC7D, cid=2951, SUCCESS, logIndex=0, commits[529edf8e-8eae-4246-b33f-5e44130d441c:c4390, 79bffca9-b028-4c53-a657-872ed973be73:c4386, 15654dff-55cd-4f70-96d8-4abf0c061563:c4384]
2019-07-09 15:04:43,212 INFO  client.GrpcClientProtocolClient (GrpcClientProtocolClient.java:onNext(255)) - client-A9DCF8B8BD5B->529edf8e-8eae-4246-b33f-5e44130d441c: receive RaftClientReply:client-A9DCF8B8BD5B->529edf8e-8eae-4246-b33f-5e44130d441c@group-A1CD1332DC7D, cid=2952, SUCCESS, logIndex=4391, commits[529edf8e-8eae-4246-b33f-5e44130d441c:c4392, 79bffca9-b028-4c53-a657-872ed973be73:c4390, 15654dff-55cd-4f70-96d8-4abf0c061563:c4386]
2019-07-09 15:04:43,212 INFO  client.GrpcClientProtocolClient (GrpcClientProtocolClient.java:onNext(255)) - client-A9DCF8B8BD5B->529edf8e-8eae-4246-b33f-5e44130d441c: receive RaftClientReply:client-A9DCF8B8BD5B->529edf8e-8eae-4246-b33f-5e44130d441c@group-A1CD1332DC7D, cid=2953, SUCCESS, logIndex=4392, commits[529edf8e-8eae-4246-b33f-5e44130d441c:c4392, 79bffca9-b028-4c53-a657-872ed973be73:c4390, 15654dff-55cd-4f70-96d8-4abf0c061563:c4390]
2019-07-09 15:04:43,231 INFO  client.GrpcClientProtocolClient (GrpcClientProtocolClient.java:onNext(255)) - client-A9DCF8B8BD5B->529edf8e-8eae-4246-b33f-5e44130d441c: receive RaftClientReply:client-A9DCF8B8BD5B->529edf8e-8eae-4246-b33f-5e44130d441c@group-A1CD1332DC7D, cid=2954, SUCCESS, logIndex=4394, commits[529edf8e-8eae-4246-b33f-5e44130d441c:c4394, 79bffca9-b028-4c53-a657-872ed973be73:c4393, 15654dff-55cd-4f70-96d8-4abf0c061563:c4393]
2019-07-09 15:04:43,231 INFO  client.GrpcClientProtocolClient (GrpcClientProtocolClient.java:onNext(255)) - client-A9DCF8B8BD5B->529edf8e-8eae-4246-b33f-5e44130d441c: receive RaftClientReply:client-A9DCF8B8BD5B->529edf8e-8eae-4246-b33f-5e44130d441c@group-A1CD1332DC7D, cid=2955, SUCCESS, logIndex=4395, commits[529edf8e-8eae-4246-b33f-5e44130d441c:c4395, 79bffca9-b028-4c53-a657-872ed973be73:c4393, 15654dff-55cd-4f70-96d8-4abf0c061563:c4393]
2019-07-09 15:04:43,243 INFO  client.GrpcClientProtocolClient (GrpcClientProtocolClient.java:onNext(255)) - client-A9DCF8B8BD5B->529edf8e-8eae-4246-b33f-5e44130d441c: receive RaftClientReply:client-A9DCF8B8BD5B->529edf8e-8eae-4246-b33f-5e44130d441c@group-A1CD1332DC7D, cid=2956, SUCCESS, logIndex=0, commits[529edf8e-8eae-4246-b33f-5e44130d441c:c4397, 79bffca9-b028-4c53-a657-872ed973be73:c4395, 15654dff-55cd-4f70-96d8-4abf0c061563:c4395]
2019-07-09 15:04:43,271 INFO  client.GrpcClientProtocolClient (GrpcClientProtocolClient.java:onNext(255)) - client-A9DCF8B8BD5B->529edf8e-8eae-4246-b33f-5e44130d441c: receive RaftClientReply:client-A9DCF8B8BD5B->529edf8e-8eae-4246-b33f-5e44130d441c@group-A1CD1332DC7D, cid=2957, SUCCESS, logIndex=4398, commits[529edf8e-8eae-4246-b33f-5e44130d441c:c4400, 79bffca9-b028-4c53-a657-872ed973be73:c4397, 15654dff-55cd-4f70-96d8-4abf0c061563:c4397]
2019-07-09 15:04:43,272 INFO  client.GrpcClientProtocolClient (GrpcClientProtocolClient.java:onNext(255)) - client-A9DCF8B8BD5B->529edf8e-8eae-4246-b33f-5e44130d441c: receive RaftClientReply:client-A9DCF8B8BD5B->529edf8e-8eae-4246-b33f-5e44130d441c@group-A1CD1332DC7D, cid=2958, SUCCESS, logIndex=4399, commits[529edf8e-8eae-4246-b33f-5e44130d441c:c4401, 79bffca9-b028-4c53-a657-872ed973be73:c4397, 15654dff-55cd-4f70-96d8-4abf0c061563:c4397]
2019-07-09 15:04:43,272 INFO  client.GrpcClientProtocolClient (GrpcClientProtocolClient.java:onNext(255)) - client-A9DCF8B8BD5B->529edf8e-8eae-4246-b33f-5e44130d441c: receive RaftClientReply:client-A9DCF8B8BD5B->529edf8e-8eae-4246-b33f-5e44130d441c@group-A1CD1332DC7D, cid=2959, SUCCESS, logIndex=4400, commits[529edf8e-8eae-4246-b33f-5e44130d441c:c4401, 79bffca9-b028-4c53-a657-872ed973be73:c4397, 15654dff-55cd-4f70-96d8-4abf0c061563:c4397]
2019-07-09 15:04:43,272 INFO  client.GrpcClientProtocolClient (GrpcClientProtocolClient.java:onNext(255)) - client-A9DCF8B8BD5B->529edf8e-8eae-4246-b33f-5e44130d441c: receive RaftClientReply:client-A9DCF8B8BD5B->529edf8e-8eae-4246-b33f-5e44130d441c@group-A1CD1332DC7D, cid=2960, SUCCESS, logIndex=4401, commits[529edf8e-8eae-4246-b33f-5e44130d441c:c4402, 79bffca9-b028-4c53-a657-872ed973be73:c4397, 15654dff-55cd-4f70-96d8-4abf0c061563:c4399]
2019-07-09 15:04:43,274 INFO  client.GrpcClientProtocolClient (GrpcClientProtocolClient.java:onNext(255)) - client-A9DCF8B8BD5B->529edf8e-8eae-4246-b33f-5e44130d441c: receive RaftClientReply:client-A9DCF8B8BD5B->529edf8e-8eae-4246-b33f-5e44130d441c@group-A1CD1332DC7D, cid=2961, SUCCESS, logIndex=0, commits[529edf8e-8eae-4246-b33f-5e44130d441c:c4403, 79bffca9-b028-4c53-a657-872ed973be73:c4399, 15654dff-55cd-4f70-96d8-4abf0c061563:c4399]
2019-07-09 15:04:43,293 INFO  client.GrpcClientProtocolClient (GrpcClientProtocolClient.java:onNext(255)) - client-A9DCF8B8BD5B->529edf8e-8eae-4246-b33f-5e44130d441c: receive RaftClientReply:client-A9DCF8B8BD5B->529edf8e-8eae-4246-b33f-5e44130d441c@group-A1CD1332DC7D, cid=2962, SUCCESS, logIndex=4406, commits[529edf8e-8eae-4246-b33f-5e44130d441c:c4407, 79bffca9-b028-4c53-a657-872ed973be73:c4405, 15654dff-55cd-4f70-96d8-4abf0c061563:c4405]
2019-07-09 15:04:43,294 INFO  client.GrpcClientProtocolClient (GrpcClientProtocolClient.java:onNext(255)) - client-A9DCF8B8BD5B->529edf8e-8eae-4246-b33f-5e44130d441c: receive RaftClientReply:client-A9DCF8B8BD5B->529edf8e-8eae-4246-b33f-5e44130d441c@group-A1CD1332DC7D, cid=2963, SUCCESS, logIndex=4407, commits[529edf8e-8eae-4246-b33f-5e44130d441c:c4407, 79bffca9-b028-4c53-a657-872ed973be73:c4405, 15654dff-55cd-4f70-96d8-4abf0c061563:c4405]
2019-07-09 15:04:43,307 INFO  client.GrpcClientProtocolClient (GrpcClientProtocolClient.java:onNext(255)) - client-A9DCF8B8BD5B->529edf8e-8eae-4246-b33f-5e44130d441c: receive RaftClientReply:client-A9DCF8B8BD5B->529edf8e-8eae-4246-b33f-5e44130d441c@group-A1CD1332DC7D, cid=2964, SUCCESS, logIndex=4410, commits[529edf8e-8eae-4246-b33f-5e44130d441c:c4411, 79bffca9-b028-4c53-a657-872ed973be73:c4407, 15654dff-55cd-4f70-96d8-4abf0c061563:c4407]
2019-07-09 15:04:43,307 INFO  client.GrpcClientProtocolClient (GrpcClientProtocolClient.java:onNext(255)) - client-A9DCF8B8BD5B->529edf8e-8eae-4246-b33f-5e44130d441c: receive RaftClientReply:client-A9DCF8B8BD5B->529edf8e-8eae-4246-b33f-5e44130d441c@group-A1CD1332DC7D, cid=2965, SUCCESS, logIndex=4411, commits[529edf8e-8eae-4246-b33f-5e44130d441c:c4411, 79bffca9-b028-4c53-a657-872ed973be73:c4407, 15654dff-55cd-4f70-96d8-4abf0c061563:c4407]
2019-07-09 15:04:43,320 INFO  client.GrpcClientProtocolClient (GrpcClientProtocolClient.java:onNext(255)) - client-A9DCF8B8BD5B->529edf8e-8eae-4246-b33f-5e44130d441c: receive RaftClientReply:client-A9DCF8B8BD5B->529edf8e-8eae-4246-b33f-5e44130d441c@group-A1CD1332DC7D, cid=2966, SUCCESS, logIndex=0, commits[529edf8e-8eae-4246-b33f-5e44130d441c:c4413, 79bffca9-b028-4c53-a657-872ed973be73:c4411, 15654dff-55cd-4f70-96d8-4abf0c061563:c4411]
2019-07-09 15:04:43,354 INFO  client.GrpcClientProtocolClient (GrpcClientProtocolClient.java:onNext(255)) - client-A9DCF8B8BD5B->529edf8e-8eae-4246-b33f-5e44130d441c: receive RaftClientReply:client-A9DCF8B8BD5B->529edf8e-8eae-4246-b33f-5e44130d441c@group-A1CD1332DC7D, cid=2967, SUCCESS, logIndex=4414, commits[529edf8e-8eae-4246-b33f-5e44130d441c:c4415, 79bffca9-b028-4c53-a657-872ed973be73:c4413, 15654dff-55cd-4f70-96d8-4abf0c061563:c4413]
2019-07-09 15:04:43,355 INFO  client.GrpcClientProtocolClient (GrpcClientProtocolClient.java:onNext(255)) - client-A9DCF8B8BD5B->529edf8e-8eae-4246-b33f-5e44130d441c: receive RaftClientReply:client-A9DCF8B8BD5B->529edf8e-8eae-4246-b33f-5e44130d441c@group-A1CD1332DC7D, cid=2968, SUCCESS, logIndex=4415, commits[529edf8e-8eae-4246-b33f-5e44130d441c:c4415, 79bffca9-b028-4c53-a657-872ed973be73:c4413, 15654dff-55cd-4f70-96d8-4abf0c061563:c4413]
2019-07-09 15:04:43,356 INFO  client.GrpcClientProtocolClient (GrpcClientProtocolClient.java:onNext(255)) - client-A9DCF8B8BD5B->529edf8e-8eae-4246-b33f-5e44130d441c: receive RaftClientReply:client-A9DCF8B8BD5B->529edf8e-8eae-4246-b33f-5e44130d441c@group-A1CD1332DC7D, cid=2969, SUCCESS, logIndex=4416, commits[529edf8e-8eae-4246-b33f-5e44130d441c:c4416, 79bffca9-b028-4c53-a657-872ed973be73:c4413, 15654dff-55cd-4f70-96d8-4abf0c061563:c4413]
2019-07-09 15:04:43,356 INFO  client.GrpcClientProtocolClient (GrpcClientProtocolClient.java:onNext(255)) - client-A9DCF8B8BD5B->529edf8e-8eae-4246-b33f-5e44130d441c: receive RaftClientReply:client-A9DCF8B8BD5B->529edf8e-8eae-4246-b33f-5e44130d441c@group-A1CD1332DC7D, cid=2970, SUCCESS, logIndex=4417, commits[529edf8e-8eae-4246-b33f-5e44130d441c:c4417, 79bffca9-b028-4c53-a657-872ed973be73:c4413, 15654dff-55cd-4f70-96d8-4abf0c061563:c4413]
2019-07-09 15:04:43,358 INFO  client.GrpcClientProtocolClient (GrpcClientProtocolClient.java:onNext(255)) - client-A9DCF8B8BD5B->529edf8e-8eae-4246-b33f-5e44130d441c: receive RaftClientReply:client-A9DCF8B8BD5B->529edf8e-8eae-4246-b33f-5e44130d441c@group-A1CD1332DC7D, cid=2971, SUCCESS, logIndex=0, commits[529edf8e-8eae-4246-b33f-5e44130d441c:c4419, 79bffca9-b028-4c53-a657-872ed973be73:c4415, 15654dff-55cd-4f70-96d8-4abf0c061563:c4415]
2019-07-09 15:04:43,377 INFO  client.GrpcClientProtocolClient (GrpcClientProtocolClient.java:onNext(255)) - client-A9DCF8B8BD5B->529edf8e-8eae-4246-b33f-5e44130d441c: receive RaftClientReply:client-A9DCF8B8BD5B->529edf8e-8eae-4246-b33f-5e44130d441c@group-A1CD1332DC7D, cid=2972, SUCCESS, logIndex=4422, commits[529edf8e-8eae-4246-b33f-5e44130d441c:c4423, 79bffca9-b028-4c53-a657-872ed973be73:c4421, 15654dff-55cd-4f70-96d8-4abf0c061563:c4421]
2019-07-09 15:04:43,377 INFO  client.GrpcClientProtocolClient (GrpcClientProtocolClient.java:onNext(255)) - client-A9DCF8B8BD5B->529edf8e-8eae-4246-b33f-5e44130d441c: receive RaftClientReply:client-A9DCF8B8BD5B->529edf8e-8eae-4246-b33f-5e44130d441c@group-A1CD1332DC7D, cid=2973, SUCCESS, logIndex=4423, commits[529edf8e-8eae-4246-b33f-5e44130d441c:c4423, 79bffca9-b028-4c53-a657-872ed973be73:c4421, 15654dff-55cd-4f70-96d8-4abf0c061563:c4421]
2019-07-09 15:04:43,390 INFO  client.GrpcClientProtocolClient (GrpcClientProtocolClient.java:onNext(255)) - client-A9DCF8B8BD5B->529edf8e-8eae-4246-b33f-5e44130d441c: receive RaftClientReply:client-A9DCF8B8BD5B->529edf8e-8eae-4246-b33f-5e44130d441c@group-A1CD1332DC7D, cid=2974, SUCCESS, logIndex=4426, commits[529edf8e-8eae-4246-b33f-5e44130d441c:c4427, 79bffca9-b028-4c53-a657-872ed973be73:c4423, 15654dff-55cd-4f70-96d8-4abf0c061563:c4423]
2019-07-09 15:04:43,390 INFO  client.GrpcClientProtocolClient (GrpcClientProtocolClient.java:onNext(255)) - client-A9DCF8B8BD5B->529edf8e-8eae-4246-b33f-5e44130d441c: receive RaftClientReply:client-A9DCF8B8BD5B->529edf8e-8eae-4246-b33f-5e44130d441c@group-A1CD1332DC7D, cid=2975, SUCCESS, logIndex=4427, commits[529edf8e-8eae-4246-b33f-5e44130d441c:c4427, 79bffca9-b028-4c53-a657-872ed973be73:c4423, 15654dff-55cd-4f70-96d8-4abf0c061563:c4423]
2019-07-09 15:04:43,403 INFO  client.GrpcClientProtocolClient (GrpcClientProtocolClient.java:onNext(255)) - client-A9DCF8B8BD5B->529edf8e-8eae-4246-b33f-5e44130d441c: receive RaftClientReply:client-A9DCF8B8BD5B->529edf8e-8eae-4246-b33f-5e44130d441c@group-A1CD1332DC7D, cid=2976, SUCCESS, logIndex=0, commits[529edf8e-8eae-4246-b33f-5e44130d441c:c4429, 79bffca9-b028-4c53-a657-872ed973be73:c4427, 15654dff-55cd-4f70-96d8-4abf0c061563:c4427]
2019-07-09 15:04:43,430 INFO  client.GrpcClientProtocolClient (GrpcClientProtocolClient.java:onNext(255)) - client-A9DCF8B8BD5B->529edf8e-8eae-4246-b33f-5e44130d441c: receive RaftClientReply:client-A9DCF8B8BD5B->529edf8e-8eae-4246-b33f-5e44130d441c@group-A1CD1332DC7D, cid=2977, SUCCESS, logIndex=4430, commits[529edf8e-8eae-4246-b33f-5e44130d441c:c4431, 79bffca9-b028-4c53-a657-872ed973be73:c4429, 15654dff-55cd-4f70-96d8-4abf0c061563:c4429]
2019-07-09 15:04:43,431 INFO  client.GrpcClientProtocolClient (GrpcClientProtocolClient.java:onNext(255)) - client-A9DCF8B8BD5B->529edf8e-8eae-4246-b33f-5e44130d441c: receive RaftClientReply:client-A9DCF8B8BD5B->529edf8e-8eae-4246-b33f-5e44130d441c@group-A1CD1332DC7D, cid=2978, SUCCESS, logIndex=4431, commits[529edf8e-8eae-4246-b33f-5e44130d441c:c4431, 79bffca9-b028-4c53-a657-872ed973be73:c4429, 15654dff-55cd-4f70-96d8-4abf0c061563:c4429]
2019-07-09 15:04:43,432 INFO  client.GrpcClientProtocolClient (GrpcClientProtocolClient.java:onNext(255)) - client-A9DCF8B8BD5B->529edf8e-8eae-4246-b33f-5e44130d441c: receive RaftClientReply:client-A9DCF8B8BD5B->529edf8e-8eae-4246-b33f-5e44130d441c@group-A1CD1332DC7D, cid=2979, SUCCESS, logIndex=4432, commits[529edf8e-8eae-4246-b33f-5e44130d441c:c4433, 79bffca9-b028-4c53-a657-872ed973be73:c4429, 15654dff-55cd-4f70-96d8-4abf0c061563:c4429]
2019-07-09 15:04:43,432 INFO  client.GrpcClientProtocolClient (GrpcClientProtocolClient.java:onNext(255)) - client-A9DCF8B8BD5B->529edf8e-8eae-4246-b33f-5e44130d441c: receive RaftClientReply:client-A9DCF8B8BD5B->529edf8e-8eae-4246-b33f-5e44130d441c@group-A1CD1332DC7D, cid=2980, SUCCESS, logIndex=4433, commits[529edf8e-8eae-4246-b33f-5e44130d441c:c4433, 79bffca9-b028-4c53-a657-872ed973be73:c4429, 15654dff-55cd-4f70-96d8-4abf0c061563:c4429]
2019-07-09 15:04:43,433 INFO  client.GrpcClientProtocolClient (GrpcClientProtocolClient.java:onNext(255)) - client-A9DCF8B8BD5B->529edf8e-8eae-4246-b33f-5e44130d441c: receive RaftClientReply:client-A9DCF8B8BD5B->529edf8e-8eae-4246-b33f-5e44130d441c@group-A1CD1332DC7D, cid=2981, SUCCESS, logIndex=0, commits[529edf8e-8eae-4246-b33f-5e44130d441c:c4435, 79bffca9-b028-4c53-a657-872ed973be73:c4431, 15654dff-55cd-4f70-96d8-4abf0c061563:c4431]
2019-07-09 15:04:43,458 INFO  client.GrpcClientProtocolClient (GrpcClientProtocolClient.java:onNext(255)) - client-A9DCF8B8BD5B->529edf8e-8eae-4246-b33f-5e44130d441c: receive RaftClientReply:client-A9DCF8B8BD5B->529edf8e-8eae-4246-b33f-5e44130d441c@group-A1CD1332DC7D, cid=2982, SUCCESS, logIndex=4438, commits[529edf8e-8eae-4246-b33f-5e44130d441c:c4439, 79bffca9-b028-4c53-a657-872ed973be73:c4437, 15654dff-55cd-4f70-96d8-4abf0c061563:c4437]
2019-07-09 15:04:43,458 INFO  client.GrpcClientProtocolClient (GrpcClientProtocolClient.java:onNext(255)) - client-A9DCF8B8BD5B->529edf8e-8eae-4246-b33f-5e44130d441c: receive RaftClientReply:client-A9DCF8B8BD5B->529edf8e-8eae-4246-b33f-5e44130d441c@group-A1CD1332DC7D, cid=2983, SUCCESS, logIndex=4439, commits[529edf8e-8eae-4246-b33f-5e44130d441c:c4439, 79bffca9-b028-4c53-a657-872ed973be73:c4437, 15654dff-55cd-4f70-96d8-4abf0c061563:c4437]
2019-07-09 15:04:43,472 INFO  client.GrpcClientProtocolClient (GrpcClientProtocolClient.java:onNext(255)) - client-A9DCF8B8BD5B->529edf8e-8eae-4246-b33f-5e44130d441c: receive RaftClientReply:client-A9DCF8B8BD5B->529edf8e-8eae-4246-b33f-5e44130d441c@group-A1CD1332DC7D, cid=2984, SUCCESS, logIndex=4442, commits[529edf8e-8eae-4246-b33f-5e44130d441c:c4443, 79bffca9-b028-4c53-a657-872ed973be73:c4439, 15654dff-55cd-4f70-96d8-4abf0c061563:c4441]
2019-07-09 15:04:43,473 INFO  client.GrpcClientProtocolClient (GrpcClientProtocolClient.java:onNext(255)) - client-A9DCF8B8BD5B->529edf8e-8eae-4246-b33f-5e44130d441c: receive RaftClientReply:client-A9DCF8B8BD5B->529edf8e-8eae-4246-b33f-5e44130d441c@group-A1CD1332DC7D, cid=2985, SUCCESS, logIndex=4443, commits[529edf8e-8eae-4246-b33f-5e44130d441c:c4443, 79bffca9-b028-4c53-a657-872ed973be73:c4441, 15654dff-55cd-4f70-96d8-4abf0c061563:c4441]
2019-07-09 15:04:43,475 INFO  client.GrpcClientProtocolClient (GrpcClientProtocolClient.java:onNext(255)) - client-A9DCF8B8BD5B->529edf8e-8eae-4246-b33f-5e44130d441c: receive RaftClientReply:client-A9DCF8B8BD5B->529edf8e-8eae-4246-b33f-5e44130d441c@group-A1CD1332DC7D, cid=2986, SUCCESS, logIndex=0, commits[529edf8e-8eae-4246-b33f-5e44130d441c:c4444, 79bffca9-b028-4c53-a657-872ed973be73:c4443, 15654dff-55cd-4f70-96d8-4abf0c061563:c4443]
2019-07-09 15:04:43,505 INFO  client.GrpcClientProtocolClient (GrpcClientProtocolClient.java:onNext(255)) - client-A9DCF8B8BD5B->529edf8e-8eae-4246-b33f-5e44130d441c: receive RaftClientReply:client-A9DCF8B8BD5B->529edf8e-8eae-4246-b33f-5e44130d441c@group-A1CD1332DC7D, cid=2987, SUCCESS, logIndex=4445, commits[529edf8e-8eae-4246-b33f-5e44130d441c:c4446, 79bffca9-b028-4c53-a657-872ed973be73:c4444, 15654dff-55cd-4f70-96d8-4abf0c061563:c4444]
2019-07-09 15:04:43,506 INFO  client.GrpcClientProtocolClient (GrpcClientProtocolClient.java:onNext(255)) - client-A9DCF8B8BD5B->529edf8e-8eae-4246-b33f-5e44130d441c: receive RaftClientReply:client-A9DCF8B8BD5B->529edf8e-8eae-4246-b33f-5e44130d441c@group-A1CD1332DC7D, cid=2988, SUCCESS, logIndex=4446, commits[529edf8e-8eae-4246-b33f-5e44130d441c:c4448, 79bffca9-b028-4c53-a657-872ed973be73:c4444, 15654dff-55cd-4f70-96d8-4abf0c061563:c4444]
2019-07-09 15:04:43,506 INFO  client.GrpcClientProtocolClient (GrpcClientProtocolClient.java:onNext(255)) - client-A9DCF8B8BD5B->529edf8e-8eae-4246-b33f-5e44130d441c: receive RaftClientReply:client-A9DCF8B8BD5B->529edf8e-8eae-4246-b33f-5e44130d441c@group-A1CD1332DC7D, cid=2989, SUCCESS, logIndex=4447, commits[529edf8e-8eae-4246-b33f-5e44130d441c:c4448, 79bffca9-b028-4c53-a657-872ed973be73:c4444, 15654dff-55cd-4f70-96d8-4abf0c061563:c4444]
2019-07-09 15:04:43,506 INFO  client.GrpcClientProtocolClient (GrpcClientProtocolClient.java:onNext(255)) - client-A9DCF8B8BD5B->529edf8e-8eae-4246-b33f-5e44130d441c: receive RaftClientReply:client-A9DCF8B8BD5B->529edf8e-8eae-4246-b33f-5e44130d441c@group-A1CD1332DC7D, cid=2990, SUCCESS, logIndex=4448, commits[529edf8e-8eae-4246-b33f-5e44130d441c:c4448, 79bffca9-b028-4c53-a657-872ed973be73:c4444, 15654dff-55cd-4f70-96d8-4abf0c061563:c4444]
2019-07-09 15:04:43,508 INFO  client.GrpcClientProtocolClient (GrpcClientProtocolClient.java:onNext(255)) - client-A9DCF8B8BD5B->529edf8e-8eae-4246-b33f-5e44130d441c: receive RaftClientReply:client-A9DCF8B8BD5B->529edf8e-8eae-4246-b33f-5e44130d441c@group-A1CD1332DC7D, cid=2991, SUCCESS, logIndex=0, commits[529edf8e-8eae-4246-b33f-5e44130d441c:c4450, 79bffca9-b028-4c53-a657-872ed973be73:c4446, 15654dff-55cd-4f70-96d8-4abf0c061563:c4446]
2019-07-09 15:04:43,526 INFO  client.GrpcClientProtocolClient (GrpcClientProtocolClient.java:onNext(255)) - client-A9DCF8B8BD5B->529edf8e-8eae-4246-b33f-5e44130d441c: receive RaftClientReply:client-A9DCF8B8BD5B->529edf8e-8eae-4246-b33f-5e44130d441c@group-A1CD1332DC7D, cid=2992, SUCCESS, logIndex=4453, commits[529edf8e-8eae-4246-b33f-5e44130d441c:c4454, 79bffca9-b028-4c53-a657-872ed973be73:c4452, 15654dff-55cd-4f70-96d8-4abf0c061563:c4452]
2019-07-09 15:04:43,526 INFO  client.GrpcClientProtocolClient (GrpcClientProtocolClient.java:onNext(255)) - client-A9DCF8B8BD5B->529edf8e-8eae-4246-b33f-5e44130d441c: receive RaftClientReply:client-A9DCF8B8BD5B->529edf8e-8eae-4246-b33f-5e44130d441c@group-A1CD1332DC7D, cid=2993, SUCCESS, logIndex=4454, commits[529edf8e-8eae-4246-b33f-5e44130d441c:c4454, 79bffca9-b028-4c53-a657-872ed973be73:c4452, 15654dff-55cd-4f70-96d8-4abf0c061563:c4452]
2019-07-09 15:04:43,539 INFO  client.GrpcClientProtocolClient (GrpcClientProtocolClient.java:onNext(255)) - client-A9DCF8B8BD5B->529edf8e-8eae-4246-b33f-5e44130d441c: receive RaftClientReply:client-A9DCF8B8BD5B->529edf8e-8eae-4246-b33f-5e44130d441c@group-A1CD1332DC7D, cid=2994, SUCCESS, logIndex=4457, commits[529edf8e-8eae-4246-b33f-5e44130d441c:c4457, 79bffca9-b028-4c53-a657-872ed973be73:c4454, 15654dff-55cd-4f70-96d8-4abf0c061563:c4454]
2019-07-09 15:04:43,540 INFO  client.GrpcClientProtocolClient (GrpcClientProtocolClient.java:onNext(255)) - client-A9DCF8B8BD5B->529edf8e-8eae-4246-b33f-5e44130d441c: receive RaftClientReply:client-A9DCF8B8BD5B->529edf8e-8eae-4246-b33f-5e44130d441c@group-A1CD1332DC7D, cid=2995, SUCCESS, logIndex=4458, commits[529edf8e-8eae-4246-b33f-5e44130d441c:c4458, 79bffca9-b028-4c53-a657-872ed973be73:c4454, 15654dff-55cd-4f70-96d8-4abf0c061563:c4454]
2019-07-09 15:04:43,553 INFO  client.GrpcClientProtocolClient (GrpcClientProtocolClient.java:onNext(255)) - client-A9DCF8B8BD5B->529edf8e-8eae-4246-b33f-5e44130d441c: receive RaftClientReply:client-A9DCF8B8BD5B->529edf8e-8eae-4246-b33f-5e44130d441c@group-A1CD1332DC7D, cid=2996, SUCCESS, logIndex=0, commits[529edf8e-8eae-4246-b33f-5e44130d441c:c4460, 79bffca9-b028-4c53-a657-872ed973be73:c4458, 15654dff-55cd-4f70-96d8-4abf0c061563:c4458]
2019-07-09 15:04:43,582 INFO  client.GrpcClientProtocolClient (GrpcClientProtocolClient.java:onNext(255)) - client-A9DCF8B8BD5B->529edf8e-8eae-4246-b33f-5e44130d441c: receive RaftClientReply:client-A9DCF8B8BD5B->529edf8e-8eae-4246-b33f-5e44130d441c@group-A1CD1332DC7D, cid=2997, SUCCESS, logIndex=4461, commits[529edf8e-8eae-4246-b33f-5e44130d441c:c4463, 79bffca9-b028-4c53-a657-872ed973be73:c4460, 15654dff-55cd-4f70-96d8-4abf0c061563:c4460]
2019-07-09 15:04:43,582 INFO  client.GrpcClientProtocolClient (GrpcClientProtocolClient.java:onNext(255)) - client-A9DCF8B8BD5B->529edf8e-8eae-4246-b33f-5e44130d441c: receive RaftClientReply:client-A9DCF8B8BD5B->529edf8e-8eae-4246-b33f-5e44130d441c@group-A1CD1332DC7D, cid=2998, SUCCESS, logIndex=4462, commits[529edf8e-8eae-4246-b33f-5e44130d441c:c4464, 79bffca9-b028-4c53-a657-872ed973be73:c4460, 15654dff-55cd-4f70-96d8-4abf0c061563:c4460]
2019-07-09 15:04:43,583 INFO  client.GrpcClientProtocolClient (GrpcClientProtocolClient.java:onNext(255)) - client-A9DCF8B8BD5B->529edf8e-8eae-4246-b33f-5e44130d441c: receive RaftClientReply:client-A9DCF8B8BD5B->529edf8e-8eae-4246-b33f-5e44130d441c@group-A1CD1332DC7D, cid=2999, SUCCESS, logIndex=4463, commits[529edf8e-8eae-4246-b33f-5e44130d441c:c4464, 79bffca9-b028-4c53-a657-872ed973be73:c4460, 15654dff-55cd-4f70-96d8-4abf0c061563:c4460]
2019-07-09 15:04:43,583 INFO  client.GrpcClientProtocolClient (GrpcClientProtocolClient.java:onNext(255)) - client-A9DCF8B8BD5B->529edf8e-8eae-4246-b33f-5e44130d441c: receive RaftClientReply:client-A9DCF8B8BD5B->529edf8e-8eae-4246-b33f-5e44130d441c@group-A1CD1332DC7D, cid=3000, SUCCESS, logIndex=4464, commits[529edf8e-8eae-4246-b33f-5e44130d441c:c4464, 79bffca9-b028-4c53-a657-872ed973be73:c4460, 15654dff-55cd-4f70-96d8-4abf0c061563:c4460]
2019-07-09 15:04:43,586 INFO  client.GrpcClientProtocolClient (GrpcClientProtocolClient.java:onNext(255)) - client-A9DCF8B8BD5B->529edf8e-8eae-4246-b33f-5e44130d441c: receive RaftClientReply:client-A9DCF8B8BD5B->529edf8e-8eae-4246-b33f-5e44130d441c@group-A1CD1332DC7D, cid=3001, SUCCESS, logIndex=0, commits[529edf8e-8eae-4246-b33f-5e44130d441c:c4466, 79bffca9-b028-4c53-a657-872ed973be73:c4462, 15654dff-55cd-4f70-96d8-4abf0c061563:c4462]
2019-07-09 15:04:43,605 INFO  client.GrpcClientProtocolClient (GrpcClientProtocolClient.java:onNext(255)) - client-A9DCF8B8BD5B->529edf8e-8eae-4246-b33f-5e44130d441c: receive RaftClientReply:client-A9DCF8B8BD5B->529edf8e-8eae-4246-b33f-5e44130d441c@group-A1CD1332DC7D, cid=3002, SUCCESS, logIndex=4469, commits[529edf8e-8eae-4246-b33f-5e44130d441c:c4470, 79bffca9-b028-4c53-a657-872ed973be73:c4468, 15654dff-55cd-4f70-96d8-4abf0c061563:c4468]
2019-07-09 15:04:43,606 INFO  client.GrpcClientProtocolClient (GrpcClientProtocolClient.java:onNext(255)) - client-A9DCF8B8BD5B->529edf8e-8eae-4246-b33f-5e44130d441c: receive RaftClientReply:client-A9DCF8B8BD5B->529edf8e-8eae-4246-b33f-5e44130d441c@group-A1CD1332DC7D, cid=3003, SUCCESS, logIndex=4470, commits[529edf8e-8eae-4246-b33f-5e44130d441c:c4470, 79bffca9-b028-4c53-a657-872ed973be73:c4468, 15654dff-55cd-4f70-96d8-4abf0c061563:c4468]
2019-07-09 15:04:43,619 INFO  client.GrpcClientProtocolClient (GrpcClientProtocolClient.java:onNext(255)) - client-A9DCF8B8BD5B->529edf8e-8eae-4246-b33f-5e44130d441c: receive RaftClientReply:client-A9DCF8B8BD5B->529edf8e-8eae-4246-b33f-5e44130d441c@group-A1CD1332DC7D, cid=3004, SUCCESS, logIndex=4473, commits[529edf8e-8eae-4246-b33f-5e44130d441c:c4474, 79bffca9-b028-4c53-a657-872ed973be73:c4470, 15654dff-55cd-4f70-96d8-4abf0c061563:c4470]
2019-07-09 15:04:43,619 INFO  client.GrpcClientProtocolClient (GrpcClientProtocolClient.java:onNext(255)) - client-A9DCF8B8BD5B->529edf8e-8eae-4246-b33f-5e44130d441c: receive RaftClientReply:client-A9DCF8B8BD5B->529edf8e-8eae-4246-b33f-5e44130d441c@group-A1CD1332DC7D, cid=3005, SUCCESS, logIndex=4474, commits[529edf8e-8eae-4246-b33f-5e44130d441c:c4474, 79bffca9-b028-4c53-a657-872ed973be73:c4470, 15654dff-55cd-4f70-96d8-4abf0c061563:c4470]
2019-07-09 15:04:43,632 INFO  client.GrpcClientProtocolClient (GrpcClientProtocolClient.java:onNext(255)) - client-A9DCF8B8BD5B->529edf8e-8eae-4246-b33f-5e44130d441c: receive RaftClientReply:client-A9DCF8B8BD5B->529edf8e-8eae-4246-b33f-5e44130d441c@group-A1CD1332DC7D, cid=3006, SUCCESS, logIndex=0, commits[529edf8e-8eae-4246-b33f-5e44130d441c:c4476, 79bffca9-b028-4c53-a657-872ed973be73:c4474, 15654dff-55cd-4f70-96d8-4abf0c061563:c4474]
2019-07-09 15:04:43,659 INFO  client.GrpcClientProtocolClient (GrpcClientProtocolClient.java:onNext(255)) - client-A9DCF8B8BD5B->529edf8e-8eae-4246-b33f-5e44130d441c: receive RaftClientReply:client-A9DCF8B8BD5B->529edf8e-8eae-4246-b33f-5e44130d441c@group-A1CD1332DC7D, cid=3007, SUCCESS, logIndex=4477, commits[529edf8e-8eae-4246-b33f-5e44130d441c:c4479, 79bffca9-b028-4c53-a657-872ed973be73:c4476, 15654dff-55cd-4f70-96d8-4abf0c061563:c4476]
2019-07-09 15:04:43,771 INFO  client.GrpcClientProtocolClient (GrpcClientProtocolClient.java:onNext(255)) - client-A9DCF8B8BD5B->529edf8e-8eae-4246-b33f-5e44130d441c: receive RaftClientReply:client-A9DCF8B8BD5B->529edf8e-8eae-4246-b33f-5e44130d441c@group-A1CD1332DC7D, cid=3008, SUCCESS, logIndex=4478, commits[529edf8e-8eae-4246-b33f-5e44130d441c:c4480, 79bffca9-b028-4c53-a657-872ed973be73:c4476, 15654dff-55cd-4f70-96d8-4abf0c061563:c4476]
2019-07-09 15:04:43,771 INFO  client.GrpcClientProtocolClient (GrpcClientProtocolClient.java:onNext(255)) - client-A9DCF8B8BD5B->529edf8e-8eae-4246-b33f-5e44130d441c: receive RaftClientReply:client-A9DCF8B8BD5B->529edf8e-8eae-4246-b33f-5e44130d441c@group-A1CD1332DC7D, cid=3009, SUCCESS, logIndex=4479, commits[529edf8e-8eae-4246-b33f-5e44130d441c:c4480, 79bffca9-b028-4c53-a657-872ed973be73:c4476, 15654dff-55cd-4f70-96d8-4abf0c061563:c4476]
2019-07-09 15:04:43,772 INFO  client.GrpcClientProtocolClient (GrpcClientProtocolClient.java:onNext(255)) - client-A9DCF8B8BD5B->529edf8e-8eae-4246-b33f-5e44130d441c: receive RaftClientReply:client-A9DCF8B8BD5B->529edf8e-8eae-4246-b33f-5e44130d441c@group-A1CD1332DC7D, cid=3010, SUCCESS, logIndex=4480, commits[529edf8e-8eae-4246-b33f-5e44130d441c:c4480, 79bffca9-b028-4c53-a657-872ed973be73:c4476, 15654dff-55cd-4f70-96d8-4abf0c061563:c4476]
2019-07-09 15:04:43,782 INFO  client.GrpcClientProtocolClient (GrpcClientProtocolClient.java:onNext(255)) - client-A9DCF8B8BD5B->529edf8e-8eae-4246-b33f-5e44130d441c: receive RaftClientReply:client-A9DCF8B8BD5B->529edf8e-8eae-4246-b33f-5e44130d441c@group-A1CD1332DC7D, cid=3011, SUCCESS, logIndex=0, commits[529edf8e-8eae-4246-b33f-5e44130d441c:c4484, 79bffca9-b028-4c53-a657-872ed973be73:c4480, 15654dff-55cd-4f70-96d8-4abf0c061563:c4478]
2019-07-09 15:04:43,804 INFO  client.GrpcClientProtocolClient (GrpcClientProtocolClient.java:onNext(255)) - client-A9DCF8B8BD5B->529edf8e-8eae-4246-b33f-5e44130d441c: receive RaftClientReply:client-A9DCF8B8BD5B->529edf8e-8eae-4246-b33f-5e44130d441c@group-A1CD1332DC7D, cid=3012, SUCCESS, logIndex=4485, commits[529edf8e-8eae-4246-b33f-5e44130d441c:c4486, 79bffca9-b028-4c53-a657-872ed973be73:c4484, 15654dff-55cd-4f70-96d8-4abf0c061563:c4484]
2019-07-09 15:04:43,805 INFO  client.GrpcClientProtocolClient (GrpcClientProtocolClient.java:onNext(255)) - client-A9DCF8B8BD5B->529edf8e-8eae-4246-b33f-5e44130d441c: receive RaftClientReply:client-A9DCF8B8BD5B->529edf8e-8eae-4246-b33f-5e44130d441c@group-A1CD1332DC7D, cid=3013, SUCCESS, logIndex=4486, commits[529edf8e-8eae-4246-b33f-5e44130d441c:c4486, 79bffca9-b028-4c53-a657-872ed973be73:c4484, 15654dff-55cd-4f70-96d8-4abf0c061563:c4484]
2019-07-09 15:04:43,818 INFO  client.GrpcClientProtocolClient (GrpcClientProtocolClient.java:onNext(255)) - client-A9DCF8B8BD5B->529edf8e-8eae-4246-b33f-5e44130d441c: receive RaftClientReply:client-A9DCF8B8BD5B->529edf8e-8eae-4246-b33f-5e44130d441c@group-A1CD1332DC7D, cid=3014, SUCCESS, logIndex=4489, commits[529edf8e-8eae-4246-b33f-5e44130d441c:c4490, 79bffca9-b028-4c53-a657-872ed973be73:c4486, 15654dff-55cd-4f70-96d8-4abf0c061563:c4486]
2019-07-09 15:04:43,818 INFO  client.GrpcClientProtocolClient (GrpcClientProtocolClient.java:onNext(255)) - client-A9DCF8B8BD5B->529edf8e-8eae-4246-b33f-5e44130d441c: receive RaftClientReply:client-A9DCF8B8BD5B->529edf8e-8eae-4246-b33f-5e44130d441c@group-A1CD1332DC7D, cid=3015, SUCCESS, logIndex=4490, commits[529edf8e-8eae-4246-b33f-5e44130d441c:c4490, 79bffca9-b028-4c53-a657-872ed973be73:c4486, 15654dff-55cd-4f70-96d8-4abf0c061563:c4486]
2019-07-09 15:04:43,832 INFO  client.GrpcClientProtocolClient (GrpcClientProtocolClient.java:onNext(255)) - client-A9DCF8B8BD5B->529edf8e-8eae-4246-b33f-5e44130d441c: receive RaftClientReply:client-A9DCF8B8BD5B->529edf8e-8eae-4246-b33f-5e44130d441c@group-A1CD1332DC7D, cid=3016, SUCCESS, logIndex=0, commits[529edf8e-8eae-4246-b33f-5e44130d441c:c4492, 79bffca9-b028-4c53-a657-872ed973be73:c4490, 15654dff-55cd-4f70-96d8-4abf0c061563:c4490]
2019-07-09 15:04:43,864 INFO  client.GrpcClientProtocolClient (GrpcClientProtocolClient.java:onNext(255)) - client-A9DCF8B8BD5B->529edf8e-8eae-4246-b33f-5e44130d441c: receive RaftClientReply:client-A9DCF8B8BD5B->529edf8e-8eae-4246-b33f-5e44130d441c@group-A1CD1332DC7D, cid=3017, SUCCESS, logIndex=4493, commits[529edf8e-8eae-4246-b33f-5e44130d441c:c4494, 79bffca9-b028-4c53-a657-872ed973be73:c4490, 15654dff-55cd-4f70-96d8-4abf0c061563:c4492]
2019-07-09 15:04:43,865 INFO  client.GrpcClientProtocolClient (GrpcClientProtocolClient.java:onNext(255)) - client-A9DCF8B8BD5B->529edf8e-8eae-4246-b33f-5e44130d441c: receive RaftClientReply:client-A9DCF8B8BD5B->529edf8e-8eae-4246-b33f-5e44130d441c@group-A1CD1332DC7D, cid=3018, SUCCESS, logIndex=4494, commits[529edf8e-8eae-4246-b33f-5e44130d441c:c4494, 79bffca9-b028-4c53-a657-872ed973be73:c4492, 15654dff-55cd-4f70-96d8-4abf0c061563:c4492]
2019-07-09 15:04:43,865 INFO  client.GrpcClientProtocolClient (GrpcClientProtocolClient.java:onNext(255)) - client-A9DCF8B8BD5B->529edf8e-8eae-4246-b33f-5e44130d441c: receive RaftClientReply:client-A9DCF8B8BD5B->529edf8e-8eae-4246-b33f-5e44130d441c@group-A1CD1332DC7D, cid=3019, SUCCESS, logIndex=4495, commits[529edf8e-8eae-4246-b33f-5e44130d441c:c4496, 79bffca9-b028-4c53-a657-872ed973be73:c4492, 15654dff-55cd-4f70-96d8-4abf0c061563:c4492]
2019-07-09 15:04:43,865 INFO  client.GrpcClientProtocolClient (GrpcClientProtocolClient.java:onNext(255)) - client-A9DCF8B8BD5B->529edf8e-8eae-4246-b33f-5e44130d441c: receive RaftClientReply:client-A9DCF8B8BD5B->529edf8e-8eae-4246-b33f-5e44130d441c@group-A1CD1332DC7D, cid=3020, SUCCESS, logIndex=4496, commits[529edf8e-8eae-4246-b33f-5e44130d441c:c4496, 79bffca9-b028-4c53-a657-872ed973be73:c4492, 15654dff-55cd-4f70-96d8-4abf0c061563:c4492]
2019-07-09 15:04:43,866 INFO  client.GrpcClientProtocolClient (GrpcClientProtocolClient.java:onNext(255)) - client-A9DCF8B8BD5B->529edf8e-8eae-4246-b33f-5e44130d441c: receive RaftClientReply:client-A9DCF8B8BD5B->529edf8e-8eae-4246-b33f-5e44130d441c@group-A1CD1332DC7D, cid=3021, SUCCESS, logIndex=0, commits[529edf8e-8eae-4246-b33f-5e44130d441c:c4498, 79bffca9-b028-4c53-a657-872ed973be73:c4494, 15654dff-55cd-4f70-96d8-4abf0c061563:c4494]
2019-07-09 15:04:43,892 INFO  client.GrpcClientProtocolClient (GrpcClientProtocolClient.java:onNext(255)) - client-A9DCF8B8BD5B->529edf8e-8eae-4246-b33f-5e44130d441c: receive RaftClientReply:client-A9DCF8B8BD5B->529edf8e-8eae-4246-b33f-5e44130d441c@group-A1CD1332DC7D, cid=3022, SUCCESS, logIndex=4501, commits[529edf8e-8eae-4246-b33f-5e44130d441c:c4502, 79bffca9-b028-4c53-a657-872ed973be73:c4500, 15654dff-55cd-4f70-96d8-4abf0c061563:c4500]
2019-07-09 15:04:43,892 INFO  client.GrpcClientProtocolClient (GrpcClientProtocolClient.java:onNext(255)) - client-A9DCF8B8BD5B->529edf8e-8eae-4246-b33f-5e44130d441c: receive RaftClientReply:client-A9DCF8B8BD5B->529edf8e-8eae-4246-b33f-5e44130d441c@group-A1CD1332DC7D, cid=3023, SUCCESS, logIndex=4502, commits[529edf8e-8eae-4246-b33f-5e44130d441c:c4502, 79bffca9-b028-4c53-a657-872ed973be73:c4500, 15654dff-55cd-4f70-96d8-4abf0c061563:c4500]
2019-07-09 15:04:43,905 INFO  client.GrpcClientProtocolClient (GrpcClientProtocolClient.java:onNext(255)) - client-A9DCF8B8BD5B->529edf8e-8eae-4246-b33f-5e44130d441c: receive RaftClientReply:client-A9DCF8B8BD5B->529edf8e-8eae-4246-b33f-5e44130d441c@group-A1CD1332DC7D, cid=3024, SUCCESS, logIndex=4505, commits[529edf8e-8eae-4246-b33f-5e44130d441c:c4506, 79bffca9-b028-4c53-a657-872ed973be73:c4502, 15654dff-55cd-4f70-96d8-4abf0c061563:c4501]
2019-07-09 15:04:43,905 INFO  client.GrpcClientProtocolClient (GrpcClientProtocolClient.java:onNext(255)) - client-A9DCF8B8BD5B->529edf8e-8eae-4246-b33f-5e44130d441c: receive RaftClientReply:client-A9DCF8B8BD5B->529edf8e-8eae-4246-b33f-5e44130d441c@group-A1CD1332DC7D, cid=3025, SUCCESS, logIndex=4506, commits[529edf8e-8eae-4246-b33f-5e44130d441c:c4506, 79bffca9-b028-4c53-a657-872ed973be73:c4502, 15654dff-55cd-4f70-96d8-4abf0c061563:c4502]
2019-07-09 15:04:43,907 INFO  client.GrpcClientProtocolClient (GrpcClientProtocolClient.java:onNext(255)) - client-A9DCF8B8BD5B->529edf8e-8eae-4246-b33f-5e44130d441c: receive RaftClientReply:client-A9DCF8B8BD5B->529edf8e-8eae-4246-b33f-5e44130d441c@group-A1CD1332DC7D, cid=3026, SUCCESS, logIndex=0, commits[529edf8e-8eae-4246-b33f-5e44130d441c:c4508, 79bffca9-b028-4c53-a657-872ed973be73:c4506, 15654dff-55cd-4f70-96d8-4abf0c061563:c4506]
2019-07-09 15:04:43,936 INFO  client.GrpcClientProtocolClient (GrpcClientProtocolClient.java:onNext(255)) - client-A9DCF8B8BD5B->529edf8e-8eae-4246-b33f-5e44130d441c: receive RaftClientReply:client-A9DCF8B8BD5B->529edf8e-8eae-4246-b33f-5e44130d441c@group-A1CD1332DC7D, cid=3027, SUCCESS, logIndex=4509, commits[529edf8e-8eae-4246-b33f-5e44130d441c:c4510, 79bffca9-b028-4c53-a657-872ed973be73:c4508, 15654dff-55cd-4f70-96d8-4abf0c061563:c4508]
2019-07-09 15:04:43,937 INFO  client.GrpcClientProtocolClient (GrpcClientProtocolClient.java:onNext(255)) - client-A9DCF8B8BD5B->529edf8e-8eae-4246-b33f-5e44130d441c: receive RaftClientReply:client-A9DCF8B8BD5B->529edf8e-8eae-4246-b33f-5e44130d441c@group-A1CD1332DC7D, cid=3028, SUCCESS, logIndex=4510, commits[529edf8e-8eae-4246-b33f-5e44130d441c:c4512, 79bffca9-b028-4c53-a657-872ed973be73:c4508, 15654dff-55cd-4f70-96d8-4abf0c061563:c4508]
2019-07-09 15:04:43,937 INFO  client.GrpcClientProtocolClient (GrpcClientProtocolClient.java:onNext(255)) - client-A9DCF8B8BD5B->529edf8e-8eae-4246-b33f-5e44130d441c: receive RaftClientReply:client-A9DCF8B8BD5B->529edf8e-8eae-4246-b33f-5e44130d441c@group-A1CD1332DC7D, cid=3029, SUCCESS, logIndex=4511, commits[529edf8e-8eae-4246-b33f-5e44130d441c:c4512, 79bffca9-b028-4c53-a657-872ed973be73:c4508, 15654dff-55cd-4f70-96d8-4abf0c061563:c4508]
2019-07-09 15:04:43,938 INFO  client.GrpcClientProtocolClient (GrpcClientProtocolClient.java:onNext(255)) - client-A9DCF8B8BD5B->529edf8e-8eae-4246-b33f-5e44130d441c: receive RaftClientReply:client-A9DCF8B8BD5B->529edf8e-8eae-4246-b33f-5e44130d441c@group-A1CD1332DC7D, cid=3030, SUCCESS, logIndex=4512, commits[529edf8e-8eae-4246-b33f-5e44130d441c:c4512, 79bffca9-b028-4c53-a657-872ed973be73:c4508, 15654dff-55cd-4f70-96d8-4abf0c061563:c4509]
2019-07-09 15:04:43,939 INFO  client.GrpcClientProtocolClient (GrpcClientProtocolClient.java:onNext(255)) - client-A9DCF8B8BD5B->529edf8e-8eae-4246-b33f-5e44130d441c: receive RaftClientReply:client-A9DCF8B8BD5B->529edf8e-8eae-4246-b33f-5e44130d441c@group-A1CD1332DC7D, cid=3031, SUCCESS, logIndex=0, commits[529edf8e-8eae-4246-b33f-5e44130d441c:c4515, 79bffca9-b028-4c53-a657-872ed973be73:c4511, 15654dff-55cd-4f70-96d8-4abf0c061563:c4510]
2019-07-09 15:04:43,959 INFO  client.GrpcClientProtocolClient (GrpcClientProtocolClient.java:onNext(255)) - client-A9DCF8B8BD5B->529edf8e-8eae-4246-b33f-5e44130d441c: receive RaftClientReply:client-A9DCF8B8BD5B->529edf8e-8eae-4246-b33f-5e44130d441c@group-A1CD1332DC7D, cid=3032, SUCCESS, logIndex=4517, commits[529edf8e-8eae-4246-b33f-5e44130d441c:c4518, 79bffca9-b028-4c53-a657-872ed973be73:c4516, 15654dff-55cd-4f70-96d8-4abf0c061563:c4516]
2019-07-09 15:04:43,960 INFO  client.GrpcClientProtocolClient (GrpcClientProtocolClient.java:onNext(255)) - client-A9DCF8B8BD5B->529edf8e-8eae-4246-b33f-5e44130d441c: receive RaftClientReply:client-A9DCF8B8BD5B->529edf8e-8eae-4246-b33f-5e44130d441c@group-A1CD1332DC7D, cid=3033, SUCCESS, logIndex=4518, commits[529edf8e-8eae-4246-b33f-5e44130d441c:c4518, 79bffca9-b028-4c53-a657-872ed973be73:c4516, 15654dff-55cd-4f70-96d8-4abf0c061563:c4516]
2019-07-09 15:04:43,973 INFO  client.GrpcClientProtocolClient (GrpcClientProtocolClient.java:onNext(255)) - client-A9DCF8B8BD5B->529edf8e-8eae-4246-b33f-5e44130d441c: receive RaftClientReply:client-A9DCF8B8BD5B->529edf8e-8eae-4246-b33f-5e44130d441c@group-A1CD1332DC7D, cid=3034, SUCCESS, logIndex=4521, commits[529edf8e-8eae-4246-b33f-5e44130d441c:c4522, 79bffca9-b028-4c53-a657-872ed973be73:c4517, 15654dff-55cd-4f70-96d8-4abf0c061563:c4518]
2019-07-09 15:04:43,973 INFO  client.GrpcClientProtocolClient (GrpcClientProtocolClient.java:onNext(255)) - client-A9DCF8B8BD5B->529edf8e-8eae-4246-b33f-5e44130d441c: receive RaftClientReply:client-A9DCF8B8BD5B->529edf8e-8eae-4246-b33f-5e44130d441c@group-A1CD1332DC7D, cid=3035, SUCCESS, logIndex=4522, commits[529edf8e-8eae-4246-b33f-5e44130d441c:c4522, 79bffca9-b028-4c53-a657-872ed973be73:c4518, 15654dff-55cd-4f70-96d8-4abf0c061563:c4518]
2019-07-09 15:04:43,976 INFO  client.GrpcClientProtocolClient (GrpcClientProtocolClient.java:onNext(255)) - client-A9DCF8B8BD5B->529edf8e-8eae-4246-b33f-5e44130d441c: receive RaftClientReply:client-A9DCF8B8BD5B->529edf8e-8eae-4246-b33f-5e44130d441c@group-A1CD1332DC7D, cid=3036, SUCCESS, logIndex=0, commits[529edf8e-8eae-4246-b33f-5e44130d441c:c4524, 79bffca9-b028-4c53-a657-872ed973be73:c4522, 15654dff-55cd-4f70-96d8-4abf0c061563:c4522]
2019-07-09 15:04:44,014 INFO  client.GrpcClientProtocolClient (GrpcClientProtocolClient.java:onNext(255)) - client-A9DCF8B8BD5B->529edf8e-8eae-4246-b33f-5e44130d441c: receive RaftClientReply:client-A9DCF8B8BD5B->529edf8e-8eae-4246-b33f-5e44130d441c@group-A1CD1332DC7D, cid=3037, SUCCESS, logIndex=4525, commits[529edf8e-8eae-4246-b33f-5e44130d441c:c4527, 79bffca9-b028-4c53-a657-872ed973be73:c4524, 15654dff-55cd-4f70-96d8-4abf0c061563:c4524]
2019-07-09 15:04:44,014 INFO  client.GrpcClientProtocolClient (GrpcClientProtocolClient.java:onNext(255)) - client-A9DCF8B8BD5B->529edf8e-8eae-4246-b33f-5e44130d441c: receive RaftClientReply:client-A9DCF8B8BD5B->529edf8e-8eae-4246-b33f-5e44130d441c@group-A1CD1332DC7D, cid=3038, SUCCESS, logIndex=4526, commits[529edf8e-8eae-4246-b33f-5e44130d441c:c4528, 79bffca9-b028-4c53-a657-872ed973be73:c4524, 15654dff-55cd-4f70-96d8-4abf0c061563:c4524]
2019-07-09 15:04:44,015 INFO  client.GrpcClientProtocolClient (GrpcClientProtocolClient.java:onNext(255)) - client-A9DCF8B8BD5B->529edf8e-8eae-4246-b33f-5e44130d441c: receive RaftClientReply:client-A9DCF8B8BD5B->529edf8e-8eae-4246-b33f-5e44130d441c@group-A1CD1332DC7D, cid=3039, SUCCESS, logIndex=4527, commits[529edf8e-8eae-4246-b33f-5e44130d441c:c4528, 79bffca9-b028-4c53-a657-872ed973be73:c4524, 15654dff-55cd-4f70-96d8-4abf0c061563:c4524]
2019-07-09 15:04:44,015 INFO  client.GrpcClientProtocolClient (GrpcClientProtocolClient.java:onNext(255)) - client-A9DCF8B8BD5B->529edf8e-8eae-4246-b33f-5e44130d441c: receive RaftClientReply:client-A9DCF8B8BD5B->529edf8e-8eae-4246-b33f-5e44130d441c@group-A1CD1332DC7D, cid=3040, SUCCESS, logIndex=4528, commits[529edf8e-8eae-4246-b33f-5e44130d441c:c4528, 79bffca9-b028-4c53-a657-872ed973be73:c4524, 15654dff-55cd-4f70-96d8-4abf0c061563:c4524]
2019-07-09 15:04:44,017 INFO  client.GrpcClientProtocolClient (GrpcClientProtocolClient.java:onNext(255)) - client-A9DCF8B8BD5B->529edf8e-8eae-4246-b33f-5e44130d441c: receive RaftClientReply:client-A9DCF8B8BD5B->529edf8e-8eae-4246-b33f-5e44130d441c@group-A1CD1332DC7D, cid=3041, SUCCESS, logIndex=0, commits[529edf8e-8eae-4246-b33f-5e44130d441c:c4530, 79bffca9-b028-4c53-a657-872ed973be73:c4527, 15654dff-55cd-4f70-96d8-4abf0c061563:c4527]
2019-07-09 15:04:44,037 INFO  client.GrpcClientProtocolClient (GrpcClientProtocolClient.java:onNext(255)) - client-A9DCF8B8BD5B->529edf8e-8eae-4246-b33f-5e44130d441c: receive RaftClientReply:client-A9DCF8B8BD5B->529edf8e-8eae-4246-b33f-5e44130d441c@group-A1CD1332DC7D, cid=3042, SUCCESS, logIndex=4533, commits[529edf8e-8eae-4246-b33f-5e44130d441c:c4533, 79bffca9-b028-4c53-a657-872ed973be73:c4532, 15654dff-55cd-4f70-96d8-4abf0c061563:c4532]
2019-07-09 15:04:44,038 INFO  client.GrpcClientProtocolClient (GrpcClientProtocolClient.java:onNext(255)) - client-A9DCF8B8BD5B->529edf8e-8eae-4246-b33f-5e44130d441c: receive RaftClientReply:client-A9DCF8B8BD5B->529edf8e-8eae-4246-b33f-5e44130d441c@group-A1CD1332DC7D, cid=3043, SUCCESS, logIndex=4534, commits[529edf8e-8eae-4246-b33f-5e44130d441c:c4534, 79bffca9-b028-4c53-a657-872ed973be73:c4532, 15654dff-55cd-4f70-96d8-4abf0c061563:c4532]
2019-07-09 15:04:44,051 INFO  client.GrpcClientProtocolClient (GrpcClientProtocolClient.java:onNext(255)) - client-A9DCF8B8BD5B->529edf8e-8eae-4246-b33f-5e44130d441c: receive RaftClientReply:client-A9DCF8B8BD5B->529edf8e-8eae-4246-b33f-5e44130d441c@group-A1CD1332DC7D, cid=3044, SUCCESS, logIndex=4537, commits[529edf8e-8eae-4246-b33f-5e44130d441c:c4537, 79bffca9-b028-4c53-a657-872ed973be73:c4534, 15654dff-55cd-4f70-96d8-4abf0c061563:c4534]
2019-07-09 15:04:44,052 INFO  client.GrpcClientProtocolClient (GrpcClientProtocolClient.java:onNext(255)) - client-A9DCF8B8BD5B->529edf8e-8eae-4246-b33f-5e44130d441c: receive RaftClientReply:client-A9DCF8B8BD5B->529edf8e-8eae-4246-b33f-5e44130d441c@group-A1CD1332DC7D, cid=3045, SUCCESS, logIndex=4538, commits[529edf8e-8eae-4246-b33f-5e44130d441c:c4538, 79bffca9-b028-4c53-a657-872ed973be73:c4534, 15654dff-55cd-4f70-96d8-4abf0c061563:c4534]
2019-07-09 15:04:44,064 INFO  client.GrpcClientProtocolClient (GrpcClientProtocolClient.java:onNext(255)) - client-A9DCF8B8BD5B->529edf8e-8eae-4246-b33f-5e44130d441c: receive RaftClientReply:client-A9DCF8B8BD5B->529edf8e-8eae-4246-b33f-5e44130d441c@group-A1CD1332DC7D, cid=3046, SUCCESS, logIndex=0, commits[529edf8e-8eae-4246-b33f-5e44130d441c:c4540, 79bffca9-b028-4c53-a657-872ed973be73:c4538, 15654dff-55cd-4f70-96d8-4abf0c061563:c4538]
 0.00% |█                                                                                                    |  0/1 Time: 0:00:262019-07-09 15:04:44,095 INFO  client.GrpcClientProtocolClient (GrpcClientProtocolClient.java:onNext(255)) - client-A9DCF8B8BD5B->529edf8e-8eae-4246-b33f-5e44130d441c: receive RaftClientReply:client-A9DCF8B8BD5B->529edf8e-8eae-4246-b33f-5e44130d441c@group-A1CD1332DC7D, cid=3047, SUCCESS, logIndex=4541, commits[529edf8e-8eae-4246-b33f-5e44130d441c:c4543, 79bffca9-b028-4c53-a657-872ed973be73:c4540, 15654dff-55cd-4f70-96d8-4abf0c061563:c4540]
2019-07-09 15:04:44,096 INFO  client.GrpcClientProtocolClient (GrpcClientProtocolClient.java:onNext(255)) - client-A9DCF8B8BD5B->529edf8e-8eae-4246-b33f-5e44130d441c: receive RaftClientReply:client-A9DCF8B8BD5B->529edf8e-8eae-4246-b33f-5e44130d441c@group-A1CD1332DC7D, cid=3048, SUCCESS, logIndex=4542, commits[529edf8e-8eae-4246-b33f-5e44130d441c:c4544, 79bffca9-b028-4c53-a657-872ed973be73:c4540, 15654dff-55cd-4f70-96d8-4abf0c061563:c4540]
2019-07-09 15:04:44,097 INFO  client.GrpcClientProtocolClient (GrpcClientProtocolClient.java:onNext(255)) - client-A9DCF8B8BD5B->529edf8e-8eae-4246-b33f-5e44130d441c: receive RaftClientReply:client-A9DCF8B8BD5B->529edf8e-8eae-4246-b33f-5e44130d441c@group-A1CD1332DC7D, cid=3049, SUCCESS, logIndex=4543, commits[529edf8e-8eae-4246-b33f-5e44130d441c:c4544, 79bffca9-b028-4c53-a657-872ed973be73:c4540, 15654dff-55cd-4f70-96d8-4abf0c061563:c4540]
2019-07-09 15:04:44,097 INFO  client.GrpcClientProtocolClient (GrpcClientProtocolClient.java:onNext(255)) - client-A9DCF8B8BD5B->529edf8e-8eae-4246-b33f-5e44130d441c: receive RaftClientReply:client-A9DCF8B8BD5B->529edf8e-8eae-4246-b33f-5e44130d441c@group-A1CD1332DC7D, cid=3050, SUCCESS, logIndex=4544, commits[529edf8e-8eae-4246-b33f-5e44130d441c:c4545, 79bffca9-b028-4c53-a657-872ed973be73:c4540, 15654dff-55cd-4f70-96d8-4abf0c061563:c4541]
2019-07-09 15:04:44,099 INFO  client.GrpcClientProtocolClient (GrpcClientProtocolClient.java:onNext(255)) - client-A9DCF8B8BD5B->529edf8e-8eae-4246-b33f-5e44130d441c: receive RaftClientReply:client-A9DCF8B8BD5B->529edf8e-8eae-4246-b33f-5e44130d441c@group-A1CD1332DC7D, cid=3051, SUCCESS, logIndex=0, commits[529edf8e-8eae-4246-b33f-5e44130d441c:c4547, 79bffca9-b028-4c53-a657-872ed973be73:c4543, 15654dff-55cd-4f70-96d8-4abf0c061563:c4542]
2019-07-09 15:04:44,120 INFO  client.GrpcClientProtocolClient (GrpcClientProtocolClient.java:onNext(255)) - client-A9DCF8B8BD5B->529edf8e-8eae-4246-b33f-5e44130d441c: receive RaftClientReply:client-A9DCF8B8BD5B->529edf8e-8eae-4246-b33f-5e44130d441c@group-A1CD1332DC7D, cid=3052, SUCCESS, logIndex=4549, commits[529edf8e-8eae-4246-b33f-5e44130d441c:c4550, 79bffca9-b028-4c53-a657-872ed973be73:c4548, 15654dff-55cd-4f70-96d8-4abf0c061563:c4548]
2019-07-09 15:04:44,121 INFO  client.GrpcClientProtocolClient (GrpcClientProtocolClient.java:onNext(255)) - client-A9DCF8B8BD5B->529edf8e-8eae-4246-b33f-5e44130d441c: receive RaftClientReply:client-A9DCF8B8BD5B->529edf8e-8eae-4246-b33f-5e44130d441c@group-A1CD1332DC7D, cid=3053, SUCCESS, logIndex=4550, commits[529edf8e-8eae-4246-b33f-5e44130d441c:c4550, 79bffca9-b028-4c53-a657-872ed973be73:c4548, 15654dff-55cd-4f70-96d8-4abf0c061563:c4548]
2019-07-09 15:04:44,134 INFO  client.GrpcClientProtocolClient (GrpcClientProtocolClient.java:onNext(255)) - client-A9DCF8B8BD5B->529edf8e-8eae-4246-b33f-5e44130d441c: receive RaftClientReply:client-A9DCF8B8BD5B->529edf8e-8eae-4246-b33f-5e44130d441c@group-A1CD1332DC7D, cid=3054, SUCCESS, logIndex=4553, commits[529edf8e-8eae-4246-b33f-5e44130d441c:c4554, 79bffca9-b028-4c53-a657-872ed973be73:c4550, 15654dff-55cd-4f70-96d8-4abf0c061563:c4550]
2019-07-09 15:04:44,134 INFO  client.GrpcClientProtocolClient (GrpcClientProtocolClient.java:onNext(255)) - client-A9DCF8B8BD5B->529edf8e-8eae-4246-b33f-5e44130d441c: receive RaftClientReply:client-A9DCF8B8BD5B->529edf8e-8eae-4246-b33f-5e44130d441c@group-A1CD1332DC7D, cid=3055, SUCCESS, logIndex=4554, commits[529edf8e-8eae-4246-b33f-5e44130d441c:c4554, 79bffca9-b028-4c53-a657-872ed973be73:c4550, 15654dff-55cd-4f70-96d8-4abf0c061563:c4550]
2019-07-09 15:04:44,147 INFO  client.GrpcClientProtocolClient (GrpcClientProtocolClient.java:onNext(255)) - client-A9DCF8B8BD5B->529edf8e-8eae-4246-b33f-5e44130d441c: receive RaftClientReply:client-A9DCF8B8BD5B->529edf8e-8eae-4246-b33f-5e44130d441c@group-A1CD1332DC7D, cid=3056, SUCCESS, logIndex=0, commits[529edf8e-8eae-4246-b33f-5e44130d441c:c4556, 79bffca9-b028-4c53-a657-872ed973be73:c4554, 15654dff-55cd-4f70-96d8-4abf0c061563:c4554]
2019-07-09 15:04:44,179 INFO  client.GrpcClientProtocolClient (GrpcClientProtocolClient.java:onNext(255)) - client-A9DCF8B8BD5B->529edf8e-8eae-4246-b33f-5e44130d441c: receive RaftClientReply:client-A9DCF8B8BD5B->529edf8e-8eae-4246-b33f-5e44130d441c@group-A1CD1332DC7D, cid=3057, SUCCESS, logIndex=4557, commits[529edf8e-8eae-4246-b33f-5e44130d441c:c4559, 79bffca9-b028-4c53-a657-872ed973be73:c4556, 15654dff-55cd-4f70-96d8-4abf0c061563:c4556]
2019-07-09 15:04:44,180 INFO  client.GrpcClientProtocolClient (GrpcClientProtocolClient.java:onNext(255)) - client-A9DCF8B8BD5B->529edf8e-8eae-4246-b33f-5e44130d441c: receive RaftClientReply:client-A9DCF8B8BD5B->529edf8e-8eae-4246-b33f-5e44130d441c@group-A1CD1332DC7D, cid=3058, SUCCESS, logIndex=4558, commits[529edf8e-8eae-4246-b33f-5e44130d441c:c4560, 79bffca9-b028-4c53-a657-872ed973be73:c4556, 15654dff-55cd-4f70-96d8-4abf0c061563:c4556]
2019-07-09 15:04:44,180 INFO  client.GrpcClientProtocolClient (GrpcClientProtocolClient.java:onNext(255)) - client-A9DCF8B8BD5B->529edf8e-8eae-4246-b33f-5e44130d441c: receive RaftClientReply:client-A9DCF8B8BD5B->529edf8e-8eae-4246-b33f-5e44130d441c@group-A1CD1332DC7D, cid=3059, SUCCESS, logIndex=4559, commits[529edf8e-8eae-4246-b33f-5e44130d441c:c4560, 79bffca9-b028-4c53-a657-872ed973be73:c4556, 15654dff-55cd-4f70-96d8-4abf0c061563:c4556]
2019-07-09 15:04:44,181 INFO  client.GrpcClientProtocolClient (GrpcClientProtocolClient.java:onNext(255)) - client-A9DCF8B8BD5B->529edf8e-8eae-4246-b33f-5e44130d441c: receive RaftClientReply:client-A9DCF8B8BD5B->529edf8e-8eae-4246-b33f-5e44130d441c@group-A1CD1332DC7D, cid=3060, SUCCESS, logIndex=4560, commits[529edf8e-8eae-4246-b33f-5e44130d441c:c4560, 79bffca9-b028-4c53-a657-872ed973be73:c4556, 15654dff-55cd-4f70-96d8-4abf0c061563:c4556]
2019-07-09 15:04:44,193 INFO  client.GrpcClientProtocolClient (GrpcClientProtocolClient.java:onNext(255)) - client-A9DCF8B8BD5B->529edf8e-8eae-4246-b33f-5e44130d441c: receive RaftClientReply:client-A9DCF8B8BD5B->529edf8e-8eae-4246-b33f-5e44130d441c@group-A1CD1332DC7D, cid=3061, SUCCESS, logIndex=0, commits[529edf8e-8eae-4246-b33f-5e44130d441c:c4562, 79bffca9-b028-4c53-a657-872ed973be73:c4558, 15654dff-55cd-4f70-96d8-4abf0c061563:c4558]
2019-07-09 15:04:44,213 INFO  client.GrpcClientProtocolClient (GrpcClientProtocolClient.java:onNext(255)) - client-A9DCF8B8BD5B->529edf8e-8eae-4246-b33f-5e44130d441c: receive RaftClientReply:client-A9DCF8B8BD5B->529edf8e-8eae-4246-b33f-5e44130d441c@group-A1CD1332DC7D, cid=3062, SUCCESS, logIndex=4565, commits[529edf8e-8eae-4246-b33f-5e44130d441c:c4566, 79bffca9-b028-4c53-a657-872ed973be73:c4564, 15654dff-55cd-4f70-96d8-4abf0c061563:c4564]
2019-07-09 15:04:44,214 INFO  client.GrpcClientProtocolClient (GrpcClientProtocolClient.java:onNext(255)) - client-A9DCF8B8BD5B->529edf8e-8eae-4246-b33f-5e44130d441c: receive RaftClientReply:client-A9DCF8B8BD5B->529edf8e-8eae-4246-b33f-5e44130d441c@group-A1CD1332DC7D, cid=3063, SUCCESS, logIndex=4566, commits[529edf8e-8eae-4246-b33f-5e44130d441c:c4566, 79bffca9-b028-4c53-a657-872ed973be73:c4564, 15654dff-55cd-4f70-96d8-4abf0c061563:c4564]
2019-07-09 15:04:44,226 INFO  client.GrpcClientProtocolClient (GrpcClientProtocolClient.java:onNext(255)) - client-A9DCF8B8BD5B->529edf8e-8eae-4246-b33f-5e44130d441c: receive RaftClientReply:client-A9DCF8B8BD5B->529edf8e-8eae-4246-b33f-5e44130d441c@group-A1CD1332DC7D, cid=3064, SUCCESS, logIndex=4569, commits[529edf8e-8eae-4246-b33f-5e44130d441c:c4570, 79bffca9-b028-4c53-a657-872ed973be73:c4565, 15654dff-55cd-4f70-96d8-4abf0c061563:c4566]
2019-07-09 15:04:44,226 INFO  client.GrpcClientProtocolClient (GrpcClientProtocolClient.java:onNext(255)) - client-A9DCF8B8BD5B->529edf8e-8eae-4246-b33f-5e44130d441c: receive RaftClientReply:client-A9DCF8B8BD5B->529edf8e-8eae-4246-b33f-5e44130d441c@group-A1CD1332DC7D, cid=3065, SUCCESS, logIndex=4570, commits[529edf8e-8eae-4246-b33f-5e44130d441c:c4570, 79bffca9-b028-4c53-a657-872ed973be73:c4566, 15654dff-55cd-4f70-96d8-4abf0c061563:c4566]
2019-07-09 15:04:44,228 INFO  client.GrpcClientProtocolClient (GrpcClientProtocolClient.java:onNext(255)) - client-A9DCF8B8BD5B->529edf8e-8eae-4246-b33f-5e44130d441c: receive RaftClientReply:client-A9DCF8B8BD5B->529edf8e-8eae-4246-b33f-5e44130d441c@group-A1CD1332DC7D, cid=3066, SUCCESS, logIndex=0, commits[529edf8e-8eae-4246-b33f-5e44130d441c:c4572, 79bffca9-b028-4c53-a657-872ed973be73:c4570, 15654dff-55cd-4f70-96d8-4abf0c061563:c4570]
2019-07-09 15:04:44,262 INFO  client.GrpcClientProtocolClient (GrpcClientProtocolClient.java:onNext(255)) - client-A9DCF8B8BD5B->529edf8e-8eae-4246-b33f-5e44130d441c: receive RaftClientReply:client-A9DCF8B8BD5B->529edf8e-8eae-4246-b33f-5e44130d441c@group-A1CD1332DC7D, cid=3067, SUCCESS, logIndex=4573, commits[529edf8e-8eae-4246-b33f-5e44130d441c:c4576, 79bffca9-b028-4c53-a657-872ed973be73:c4570, 15654dff-55cd-4f70-96d8-4abf0c061563:c4572]
2019-07-09 15:04:44,263 INFO  client.GrpcClientProtocolClient (GrpcClientProtocolClient.java:onNext(255)) - client-A9DCF8B8BD5B->529edf8e-8eae-4246-b33f-5e44130d441c: receive RaftClientReply:client-A9DCF8B8BD5B->529edf8e-8eae-4246-b33f-5e44130d441c@group-A1CD1332DC7D, cid=3068, SUCCESS, logIndex=4574, commits[529edf8e-8eae-4246-b33f-5e44130d441c:c4576, 79bffca9-b028-4c53-a657-872ed973be73:c4572, 15654dff-55cd-4f70-96d8-4abf0c061563:c4572]
2019-07-09 15:04:44,263 INFO  client.GrpcClientProtocolClient (GrpcClientProtocolClient.java:onNext(255)) - client-A9DCF8B8BD5B->529edf8e-8eae-4246-b33f-5e44130d441c: receive RaftClientReply:client-A9DCF8B8BD5B->529edf8e-8eae-4246-b33f-5e44130d441c@group-A1CD1332DC7D, cid=3069, SUCCESS, logIndex=4575, commits[529edf8e-8eae-4246-b33f-5e44130d441c:c4576, 79bffca9-b028-4c53-a657-872ed973be73:c4572, 15654dff-55cd-4f70-96d8-4abf0c061563:c4572]
2019-07-09 15:04:44,264 INFO  client.GrpcClientProtocolClient (GrpcClientProtocolClient.java:onNext(255)) - client-A9DCF8B8BD5B->529edf8e-8eae-4246-b33f-5e44130d441c: receive RaftClientReply:client-A9DCF8B8BD5B->529edf8e-8eae-4246-b33f-5e44130d441c@group-A1CD1332DC7D, cid=3070, SUCCESS, logIndex=4576, commits[529edf8e-8eae-4246-b33f-5e44130d441c:c4576, 79bffca9-b028-4c53-a657-872ed973be73:c4572, 15654dff-55cd-4f70-96d8-4abf0c061563:c4572]
2019-07-09 15:04:44,276 INFO  client.GrpcClientProtocolClient (GrpcClientProtocolClient.java:onNext(255)) - client-A9DCF8B8BD5B->529edf8e-8eae-4246-b33f-5e44130d441c: receive RaftClientReply:client-A9DCF8B8BD5B->529edf8e-8eae-4246-b33f-5e44130d441c@group-A1CD1332DC7D, cid=3071, SUCCESS, logIndex=0, commits[529edf8e-8eae-4246-b33f-5e44130d441c:c4577, 79bffca9-b028-4c53-a657-872ed973be73:c4575, 15654dff-55cd-4f70-96d8-4abf0c061563:c4574]
2019-07-09 15:04:44,303 INFO  client.GrpcClientProtocolClient (GrpcClientProtocolClient.java:onNext(255)) - client-A9DCF8B8BD5B->529edf8e-8eae-4246-b33f-5e44130d441c: receive RaftClientReply:client-A9DCF8B8BD5B->529edf8e-8eae-4246-b33f-5e44130d441c@group-A1CD1332DC7D, cid=3072, SUCCESS, logIndex=4581, commits[529edf8e-8eae-4246-b33f-5e44130d441c:c4582, 79bffca9-b028-4c53-a657-872ed973be73:c4580, 15654dff-55cd-4f70-96d8-4abf0c061563:c4580]
2019-07-09 15:04:44,304 INFO  client.GrpcClientProtocolClient (GrpcClientProtocolClient.java:onNext(255)) - client-A9DCF8B8BD5B->529edf8e-8eae-4246-b33f-5e44130d441c: receive RaftClientReply:client-A9DCF8B8BD5B->529edf8e-8eae-4246-b33f-5e44130d441c@group-A1CD1332DC7D, cid=3073, SUCCESS, logIndex=4582, commits[529edf8e-8eae-4246-b33f-5e44130d441c:c4582, 79bffca9-b028-4c53-a657-872ed973be73:c4580, 15654dff-55cd-4f70-96d8-4abf0c061563:c4580]
2019-07-09 15:04:44,317 INFO  client.GrpcClientProtocolClient (GrpcClientProtocolClient.java:onNext(255)) - client-A9DCF8B8BD5B->529edf8e-8eae-4246-b33f-5e44130d441c: receive RaftClientReply:client-A9DCF8B8BD5B->529edf8e-8eae-4246-b33f-5e44130d441c@group-A1CD1332DC7D, cid=3074, SUCCESS, logIndex=4585, commits[529edf8e-8eae-4246-b33f-5e44130d441c:c4586, 79bffca9-b028-4c53-a657-872ed973be73:c4582, 15654dff-55cd-4f70-96d8-4abf0c061563:c4582]
2019-07-09 15:04:44,317 INFO  client.GrpcClientProtocolClient (GrpcClientProtocolClient.java:onNext(255)) - client-A9DCF8B8BD5B->529edf8e-8eae-4246-b33f-5e44130d441c: receive RaftClientReply:client-A9DCF8B8BD5B->529edf8e-8eae-4246-b33f-5e44130d441c@group-A1CD1332DC7D, cid=3075, SUCCESS, logIndex=4586, commits[529edf8e-8eae-4246-b33f-5e44130d441c:c4586, 79bffca9-b028-4c53-a657-872ed973be73:c4582, 15654dff-55cd-4f70-96d8-4abf0c061563:c4582]
2019-07-09 15:04:44,318 INFO  client.GrpcClientProtocolClient (GrpcClientProtocolClient.java:onNext(255)) - client-A9DCF8B8BD5B->529edf8e-8eae-4246-b33f-5e44130d441c: receive RaftClientReply:client-A9DCF8B8BD5B->529edf8e-8eae-4246-b33f-5e44130d441c@group-A1CD1332DC7D, cid=3076, SUCCESS, logIndex=0, commits[529edf8e-8eae-4246-b33f-5e44130d441c:c4587, 79bffca9-b028-4c53-a657-872ed973be73:c4586, 15654dff-55cd-4f70-96d8-4abf0c061563:c4586]
2019-07-09 15:04:44,346 INFO  client.GrpcClientProtocolClient (GrpcClientProtocolClient.java:onNext(255)) - client-A9DCF8B8BD5B->529edf8e-8eae-4246-b33f-5e44130d441c: receive RaftClientReply:client-A9DCF8B8BD5B->529edf8e-8eae-4246-b33f-5e44130d441c@group-A1CD1332DC7D, cid=3077, SUCCESS, logIndex=4589, commits[529edf8e-8eae-4246-b33f-5e44130d441c:c4591, 79bffca9-b028-4c53-a657-872ed973be73:c4588, 15654dff-55cd-4f70-96d8-4abf0c061563:c4588]
2019-07-09 15:04:44,347 INFO  client.GrpcClientProtocolClient (GrpcClientProtocolClient.java:onNext(255)) - client-A9DCF8B8BD5B->529edf8e-8eae-4246-b33f-5e44130d441c: receive RaftClientReply:client-A9DCF8B8BD5B->529edf8e-8eae-4246-b33f-5e44130d441c@group-A1CD1332DC7D, cid=3078, SUCCESS, logIndex=4590, commits[529edf8e-8eae-4246-b33f-5e44130d441c:c4592, 79bffca9-b028-4c53-a657-872ed973be73:c4588, 15654dff-55cd-4f70-96d8-4abf0c061563:c4588]
2019-07-09 15:04:44,347 INFO  client.GrpcClientProtocolClient (GrpcClientProtocolClient.java:onNext(255)) - client-A9DCF8B8BD5B->529edf8e-8eae-4246-b33f-5e44130d441c: receive RaftClientReply:client-A9DCF8B8BD5B->529edf8e-8eae-4246-b33f-5e44130d441c@group-A1CD1332DC7D, cid=3079, SUCCESS, logIndex=4591, commits[529edf8e-8eae-4246-b33f-5e44130d441c:c4592, 79bffca9-b028-4c53-a657-872ed973be73:c4588, 15654dff-55cd-4f70-96d8-4abf0c061563:c4588]
2019-07-09 15:04:44,347 INFO  client.GrpcClientProtocolClient (GrpcClientProtocolClient.java:onNext(255)) - client-A9DCF8B8BD5B->529edf8e-8eae-4246-b33f-5e44130d441c: receive RaftClientReply:client-A9DCF8B8BD5B->529edf8e-8eae-4246-b33f-5e44130d441c@group-A1CD1332DC7D, cid=3080, SUCCESS, logIndex=4592, commits[529edf8e-8eae-4246-b33f-5e44130d441c:c4592, 79bffca9-b028-4c53-a657-872ed973be73:c4588, 15654dff-55cd-4f70-96d8-4abf0c061563:c4588]
2019-07-09 15:04:44,349 INFO  client.GrpcClientProtocolClient (GrpcClientProtocolClient.java:onNext(255)) - client-A9DCF8B8BD5B->529edf8e-8eae-4246-b33f-5e44130d441c: receive RaftClientReply:client-A9DCF8B8BD5B->529edf8e-8eae-4246-b33f-5e44130d441c@group-A1CD1332DC7D, cid=3081, SUCCESS, logIndex=0, commits[529edf8e-8eae-4246-b33f-5e44130d441c:c4594, 79bffca9-b028-4c53-a657-872ed973be73:c4590, 15654dff-55cd-4f70-96d8-4abf0c061563:c4590]
2019-07-09 15:04:44,369 INFO  client.GrpcClientProtocolClient (GrpcClientProtocolClient.java:onNext(255)) - client-A9DCF8B8BD5B->529edf8e-8eae-4246-b33f-5e44130d441c: receive RaftClientReply:client-A9DCF8B8BD5B->529edf8e-8eae-4246-b33f-5e44130d441c@group-A1CD1332DC7D, cid=3082, SUCCESS, logIndex=4597, commits[529edf8e-8eae-4246-b33f-5e44130d441c:c4598, 79bffca9-b028-4c53-a657-872ed973be73:c4596, 15654dff-55cd-4f70-96d8-4abf0c061563:c4596]
2019-07-09 15:04:44,370 INFO  client.GrpcClientProtocolClient (GrpcClientProtocolClient.java:onNext(255)) - client-A9DCF8B8BD5B->529edf8e-8eae-4246-b33f-5e44130d441c: receive RaftClientReply:client-A9DCF8B8BD5B->529edf8e-8eae-4246-b33f-5e44130d441c@group-A1CD1332DC7D, cid=3083, SUCCESS, logIndex=4598, commits[529edf8e-8eae-4246-b33f-5e44130d441c:c4598, 79bffca9-b028-4c53-a657-872ed973be73:c4596, 15654dff-55cd-4f70-96d8-4abf0c061563:c4596]
2019-07-09 15:04:44,383 INFO  client.GrpcClientProtocolClient (GrpcClientProtocolClient.java:onNext(255)) - client-A9DCF8B8BD5B->529edf8e-8eae-4246-b33f-5e44130d441c: receive RaftClientReply:client-A9DCF8B8BD5B->529edf8e-8eae-4246-b33f-5e44130d441c@group-A1CD1332DC7D, cid=3084, SUCCESS, logIndex=4601, commits[529edf8e-8eae-4246-b33f-5e44130d441c:c4602, 79bffca9-b028-4c53-a657-872ed973be73:c4598, 15654dff-55cd-4f70-96d8-4abf0c061563:c4598]
2019-07-09 15:04:44,383 INFO  client.GrpcClientProtocolClient (GrpcClientProtocolClient.java:onNext(255)) - client-A9DCF8B8BD5B->529edf8e-8eae-4246-b33f-5e44130d441c: receive RaftClientReply:client-A9DCF8B8BD5B->529edf8e-8eae-4246-b33f-5e44130d441c@group-A1CD1332DC7D, cid=3085, SUCCESS, logIndex=4602, commits[529edf8e-8eae-4246-b33f-5e44130d441c:c4602, 79bffca9-b028-4c53-a657-872ed973be73:c4598, 15654dff-55cd-4f70-96d8-4abf0c061563:c4598]
2019-07-09 15:04:44,396 INFO  client.GrpcClientProtocolClient (GrpcClientProtocolClient.java:onNext(255)) - client-A9DCF8B8BD5B->529edf8e-8eae-4246-b33f-5e44130d441c: receive RaftClientReply:client-A9DCF8B8BD5B->529edf8e-8eae-4246-b33f-5e44130d441c@group-A1CD1332DC7D, cid=3086, SUCCESS, logIndex=0, commits[529edf8e-8eae-4246-b33f-5e44130d441c:c4604, 79bffca9-b028-4c53-a657-872ed973be73:c4602, 15654dff-55cd-4f70-96d8-4abf0c061563:c4602]
2019-07-09 15:04:44,428 INFO  client.GrpcClientProtocolClient (GrpcClientProtocolClient.java:onNext(255)) - client-A9DCF8B8BD5B->529edf8e-8eae-4246-b33f-5e44130d441c: receive RaftClientReply:client-A9DCF8B8BD5B->529edf8e-8eae-4246-b33f-5e44130d441c@group-A1CD1332DC7D, cid=3087, SUCCESS, logIndex=4605, commits[529edf8e-8eae-4246-b33f-5e44130d441c:c4607, 79bffca9-b028-4c53-a657-872ed973be73:c4604, 15654dff-55cd-4f70-96d8-4abf0c061563:c4604]
2019-07-09 15:04:44,429 INFO  client.GrpcClientProtocolClient (GrpcClientProtocolClient.java:onNext(255)) - client-A9DCF8B8BD5B->529edf8e-8eae-4246-b33f-5e44130d441c: receive RaftClientReply:client-A9DCF8B8BD5B->529edf8e-8eae-4246-b33f-5e44130d441c@group-A1CD1332DC7D, cid=3088, SUCCESS, logIndex=4606, commits[529edf8e-8eae-4246-b33f-5e44130d441c:c4608, 79bffca9-b028-4c53-a657-872ed973be73:c4604, 15654dff-55cd-4f70-96d8-4abf0c061563:c4604]
2019-07-09 15:04:44,429 INFO  client.GrpcClientProtocolClient (GrpcClientProtocolClient.java:onNext(255)) - client-A9DCF8B8BD5B->529edf8e-8eae-4246-b33f-5e44130d441c: receive RaftClientReply:client-A9DCF8B8BD5B->529edf8e-8eae-4246-b33f-5e44130d441c@group-A1CD1332DC7D, cid=3089, SUCCESS, logIndex=4607, commits[529edf8e-8eae-4246-b33f-5e44130d441c:c4608, 79bffca9-b028-4c53-a657-872ed973be73:c4604, 15654dff-55cd-4f70-96d8-4abf0c061563:c4604]
2019-07-09 15:04:44,430 INFO  client.GrpcClientProtocolClient (GrpcClientProtocolClient.java:onNext(255)) - client-A9DCF8B8BD5B->529edf8e-8eae-4246-b33f-5e44130d441c: receive RaftClientReply:client-A9DCF8B8BD5B->529edf8e-8eae-4246-b33f-5e44130d441c@group-A1CD1332DC7D, cid=3090, SUCCESS, logIndex=4608, commits[529edf8e-8eae-4246-b33f-5e44130d441c:c4608, 79bffca9-b028-4c53-a657-872ed973be73:c4604, 15654dff-55cd-4f70-96d8-4abf0c061563:c4604]
2019-07-09 15:04:44,431 INFO  client.GrpcClientProtocolClient (GrpcClientProtocolClient.java:onNext(255)) - client-A9DCF8B8BD5B->529edf8e-8eae-4246-b33f-5e44130d441c: receive RaftClientReply:client-A9DCF8B8BD5B->529edf8e-8eae-4246-b33f-5e44130d441c@group-A1CD1332DC7D, cid=3091, SUCCESS, logIndex=0, commits[529edf8e-8eae-4246-b33f-5e44130d441c:c4611, 79bffca9-b028-4c53-a657-872ed973be73:c4606, 15654dff-55cd-4f70-96d8-4abf0c061563:c4607]
2019-07-09 15:04:44,451 INFO  client.GrpcClientProtocolClient (GrpcClientProtocolClient.java:onNext(255)) - client-A9DCF8B8BD5B->529edf8e-8eae-4246-b33f-5e44130d441c: receive RaftClientReply:client-A9DCF8B8BD5B->529edf8e-8eae-4246-b33f-5e44130d441c@group-A1CD1332DC7D, cid=3092, SUCCESS, logIndex=4613, commits[529edf8e-8eae-4246-b33f-5e44130d441c:c4614, 79bffca9-b028-4c53-a657-872ed973be73:c4612, 15654dff-55cd-4f70-96d8-4abf0c061563:c4612]
2019-07-09 15:04:44,452 INFO  client.GrpcClientProtocolClient (GrpcClientProtocolClient.java:onNext(255)) - client-A9DCF8B8BD5B->529edf8e-8eae-4246-b33f-5e44130d441c: receive RaftClientReply:client-A9DCF8B8BD5B->529edf8e-8eae-4246-b33f-5e44130d441c@group-A1CD1332DC7D, cid=3093, SUCCESS, logIndex=4614, commits[529edf8e-8eae-4246-b33f-5e44130d441c:c4614, 79bffca9-b028-4c53-a657-872ed973be73:c4612, 15654dff-55cd-4f70-96d8-4abf0c061563:c4612]
2019-07-09 15:04:44,465 INFO  client.GrpcClientProtocolClient (GrpcClientProtocolClient.java:onNext(255)) - client-A9DCF8B8BD5B->529edf8e-8eae-4246-b33f-5e44130d441c: receive RaftClientReply:client-A9DCF8B8BD5B->529edf8e-8eae-4246-b33f-5e44130d441c@group-A1CD1332DC7D, cid=3094, SUCCESS, logIndex=4617, commits[529edf8e-8eae-4246-b33f-5e44130d441c:c4618, 79bffca9-b028-4c53-a657-872ed973be73:c4614, 15654dff-55cd-4f70-96d8-4abf0c061563:c4614]
2019-07-09 15:04:44,465 INFO  client.GrpcClientProtocolClient (GrpcClientProtocolClient.java:onNext(255)) - client-A9DCF8B8BD5B->529edf8e-8eae-4246-b33f-5e44130d441c: receive RaftClientReply:client-A9DCF8B8BD5B->529edf8e-8eae-4246-b33f-5e44130d441c@group-A1CD1332DC7D, cid=3095, SUCCESS, logIndex=4618, commits[529edf8e-8eae-4246-b33f-5e44130d441c:c4618, 79bffca9-b028-4c53-a657-872ed973be73:c4614, 15654dff-55cd-4f70-96d8-4abf0c061563:c4614]
2019-07-09 15:04:44,477 INFO  client.GrpcClientProtocolClient (GrpcClientProtocolClient.java:onNext(255)) - client-A9DCF8B8BD5B->529edf8e-8eae-4246-b33f-5e44130d441c: receive RaftClientReply:client-A9DCF8B8BD5B->529edf8e-8eae-4246-b33f-5e44130d441c@group-A1CD1332DC7D, cid=3096, SUCCESS, logIndex=0, commits[529edf8e-8eae-4246-b33f-5e44130d441c:c4619, 79bffca9-b028-4c53-a657-872ed973be73:c4618, 15654dff-55cd-4f70-96d8-4abf0c061563:c4618]
2019-07-09 15:04:44,624 INFO  client.GrpcClientProtocolClient (GrpcClientProtocolClient.java:onNext(255)) - client-A9DCF8B8BD5B->529edf8e-8eae-4246-b33f-5e44130d441c: receive RaftClientReply:client-A9DCF8B8BD5B->529edf8e-8eae-4246-b33f-5e44130d441c@group-A1CD1332DC7D, cid=3097, SUCCESS, logIndex=4621, commits[529edf8e-8eae-4246-b33f-5e44130d441c:c4622, 79bffca9-b028-4c53-a657-872ed973be73:c4620, 15654dff-55cd-4f70-96d8-4abf0c061563:c4620]
2019-07-09 15:04:44,624 INFO  client.GrpcClientProtocolClient (GrpcClientProtocolClient.java:onNext(255)) - client-A9DCF8B8BD5B->529edf8e-8eae-4246-b33f-5e44130d441c: receive RaftClientReply:client-A9DCF8B8BD5B->529edf8e-8eae-4246-b33f-5e44130d441c@group-A1CD1332DC7D, cid=3098, SUCCESS, logIndex=4622, commits[529edf8e-8eae-4246-b33f-5e44130d441c:c4623, 79bffca9-b028-4c53-a657-872ed973be73:c4620, 15654dff-55cd-4f70-96d8-4abf0c061563:c4620]
2019-07-09 15:04:44,624 INFO  client.GrpcClientProtocolClient (GrpcClientProtocolClient.java:onNext(255)) - client-A9DCF8B8BD5B->529edf8e-8eae-4246-b33f-5e44130d441c: receive RaftClientReply:client-A9DCF8B8BD5B->529edf8e-8eae-4246-b33f-5e44130d441c@group-A1CD1332DC7D, cid=3099, SUCCESS, logIndex=4623, commits[529edf8e-8eae-4246-b33f-5e44130d441c:c4624, 79bffca9-b028-4c53-a657-872ed973be73:c4620, 15654dff-55cd-4f70-96d8-4abf0c061563:c4620]
2019-07-09 15:04:44,625 INFO  client.GrpcClientProtocolClient (GrpcClientProtocolClient.java:onNext(255)) - client-A9DCF8B8BD5B->529edf8e-8eae-4246-b33f-5e44130d441c: receive RaftClientReply:client-A9DCF8B8BD5B->529edf8e-8eae-4246-b33f-5e44130d441c@group-A1CD1332DC7D, cid=3100, SUCCESS, logIndex=4624, commits[529edf8e-8eae-4246-b33f-5e44130d441c:c4624, 79bffca9-b028-4c53-a657-872ed973be73:c4620, 15654dff-55cd-4f70-96d8-4abf0c061563:c4620]
2019-07-09 15:04:44,636 INFO  client.GrpcClientProtocolClient (GrpcClientProtocolClient.java:onNext(255)) - client-A9DCF8B8BD5B->529edf8e-8eae-4246-b33f-5e44130d441c: receive RaftClientReply:client-A9DCF8B8BD5B->529edf8e-8eae-4246-b33f-5e44130d441c@group-A1CD1332DC7D, cid=3101, SUCCESS, logIndex=0, commits[529edf8e-8eae-4246-b33f-5e44130d441c:c4626, 79bffca9-b028-4c53-a657-872ed973be73:c4622, 15654dff-55cd-4f70-96d8-4abf0c061563:c4622]
2019-07-09 15:04:44,658 INFO  client.GrpcClientProtocolClient (GrpcClientProtocolClient.java:onNext(255)) - client-A9DCF8B8BD5B->529edf8e-8eae-4246-b33f-5e44130d441c: receive RaftClientReply:client-A9DCF8B8BD5B->529edf8e-8eae-4246-b33f-5e44130d441c@group-A1CD1332DC7D, cid=3102, SUCCESS, logIndex=4629, commits[529edf8e-8eae-4246-b33f-5e44130d441c:c4630, 79bffca9-b028-4c53-a657-872ed973be73:c4628, 15654dff-55cd-4f70-96d8-4abf0c061563:c4628]
2019-07-09 15:04:44,659 INFO  client.GrpcClientProtocolClient (GrpcClientProtocolClient.java:onNext(255)) - client-A9DCF8B8BD5B->529edf8e-8eae-4246-b33f-5e44130d441c: receive RaftClientReply:client-A9DCF8B8BD5B->529edf8e-8eae-4246-b33f-5e44130d441c@group-A1CD1332DC7D, cid=3103, SUCCESS, logIndex=4630, commits[529edf8e-8eae-4246-b33f-5e44130d441c:c4630, 79bffca9-b028-4c53-a657-872ed973be73:c4628, 15654dff-55cd-4f70-96d8-4abf0c061563:c4628]
2019-07-09 15:04:44,671 INFO  client.GrpcClientProtocolClient (GrpcClientProtocolClient.java:onNext(255)) - client-A9DCF8B8BD5B->529edf8e-8eae-4246-b33f-5e44130d441c: receive RaftClientReply:client-A9DCF8B8BD5B->529edf8e-8eae-4246-b33f-5e44130d441c@group-A1CD1332DC7D, cid=3104, SUCCESS, logIndex=4633, commits[529edf8e-8eae-4246-b33f-5e44130d441c:c4634, 79bffca9-b028-4c53-a657-872ed973be73:c4630, 15654dff-55cd-4f70-96d8-4abf0c061563:c4630]
2019-07-09 15:04:44,672 INFO  client.GrpcClientProtocolClient (GrpcClientProtocolClient.java:onNext(255)) - client-A9DCF8B8BD5B->529edf8e-8eae-4246-b33f-5e44130d441c: receive RaftClientReply:client-A9DCF8B8BD5B->529edf8e-8eae-4246-b33f-5e44130d441c@group-A1CD1332DC7D, cid=3105, SUCCESS, logIndex=4634, commits[529edf8e-8eae-4246-b33f-5e44130d441c:c4634, 79bffca9-b028-4c53-a657-872ed973be73:c4630, 15654dff-55cd-4f70-96d8-4abf0c061563:c4630]
2019-07-09 15:04:44,683 INFO  client.GrpcClientProtocolClient (GrpcClientProtocolClient.java:onNext(255)) - client-A9DCF8B8BD5B->529edf8e-8eae-4246-b33f-5e44130d441c: receive RaftClientReply:client-A9DCF8B8BD5B->529edf8e-8eae-4246-b33f-5e44130d441c@group-A1CD1332DC7D, cid=3106, SUCCESS, logIndex=0, commits[529edf8e-8eae-4246-b33f-5e44130d441c:c4635, 79bffca9-b028-4c53-a657-872ed973be73:c4634, 15654dff-55cd-4f70-96d8-4abf0c061563:c4634]
2019-07-09 15:04:44,720 INFO  client.GrpcClientProtocolClient (GrpcClientProtocolClient.java:onNext(255)) - client-A9DCF8B8BD5B->529edf8e-8eae-4246-b33f-5e44130d441c: receive RaftClientReply:client-A9DCF8B8BD5B->529edf8e-8eae-4246-b33f-5e44130d441c@group-A1CD1332DC7D, cid=3107, SUCCESS, logIndex=4637, commits[529edf8e-8eae-4246-b33f-5e44130d441c:c4638, 79bffca9-b028-4c53-a657-872ed973be73:c4636, 15654dff-55cd-4f70-96d8-4abf0c061563:c4636]
2019-07-09 15:04:44,721 INFO  client.GrpcClientProtocolClient (GrpcClientProtocolClient.java:onNext(255)) - client-A9DCF8B8BD5B->529edf8e-8eae-4246-b33f-5e44130d441c: receive RaftClientReply:client-A9DCF8B8BD5B->529edf8e-8eae-4246-b33f-5e44130d441c@group-A1CD1332DC7D, cid=3108, SUCCESS, logIndex=4638, commits[529edf8e-8eae-4246-b33f-5e44130d441c:c4640, 79bffca9-b028-4c53-a657-872ed973be73:c4636, 15654dff-55cd-4f70-96d8-4abf0c061563:c4636]
2019-07-09 15:04:44,721 INFO  client.GrpcClientProtocolClient (GrpcClientProtocolClient.java:onNext(255)) - client-A9DCF8B8BD5B->529edf8e-8eae-4246-b33f-5e44130d441c: receive RaftClientReply:client-A9DCF8B8BD5B->529edf8e-8eae-4246-b33f-5e44130d441c@group-A1CD1332DC7D, cid=3109, SUCCESS, logIndex=4639, commits[529edf8e-8eae-4246-b33f-5e44130d441c:c4640, 79bffca9-b028-4c53-a657-872ed973be73:c4636, 15654dff-55cd-4f70-96d8-4abf0c061563:c4636]
2019-07-09 15:04:44,722 INFO  client.GrpcClientProtocolClient (GrpcClientProtocolClient.java:onNext(255)) - client-A9DCF8B8BD5B->529edf8e-8eae-4246-b33f-5e44130d441c: receive RaftClientReply:client-A9DCF8B8BD5B->529edf8e-8eae-4246-b33f-5e44130d441c@group-A1CD1332DC7D, cid=3110, SUCCESS, logIndex=4640, commits[529edf8e-8eae-4246-b33f-5e44130d441c:c4640, 79bffca9-b028-4c53-a657-872ed973be73:c4636, 15654dff-55cd-4f70-96d8-4abf0c061563:c4636]
2019-07-09 15:04:44,724 INFO  client.GrpcClientProtocolClient (GrpcClientProtocolClient.java:onNext(255)) - client-A9DCF8B8BD5B->529edf8e-8eae-4246-b33f-5e44130d441c: receive RaftClientReply:client-A9DCF8B8BD5B->529edf8e-8eae-4246-b33f-5e44130d441c@group-A1CD1332DC7D, cid=3111, SUCCESS, logIndex=0, commits[529edf8e-8eae-4246-b33f-5e44130d441c:c4643, 79bffca9-b028-4c53-a657-872ed973be73:c4638, 15654dff-55cd-4f70-96d8-4abf0c061563:c4640]
2019-07-09 15:04:44,744 INFO  client.GrpcClientProtocolClient (GrpcClientProtocolClient.java:onNext(255)) - client-A9DCF8B8BD5B->529edf8e-8eae-4246-b33f-5e44130d441c: receive RaftClientReply:client-A9DCF8B8BD5B->529edf8e-8eae-4246-b33f-5e44130d441c@group-A1CD1332DC7D, cid=3112, SUCCESS, logIndex=4644, commits[529edf8e-8eae-4246-b33f-5e44130d441c:c4645, 79bffca9-b028-4c53-a657-872ed973be73:c4643, 15654dff-55cd-4f70-96d8-4abf0c061563:c4643]
2019-07-09 15:04:44,745 INFO  client.GrpcClientProtocolClient (GrpcClientProtocolClient.java:onNext(255)) - client-A9DCF8B8BD5B->529edf8e-8eae-4246-b33f-5e44130d441c: receive RaftClientReply:client-A9DCF8B8BD5B->529edf8e-8eae-4246-b33f-5e44130d441c@group-A1CD1332DC7D, cid=3113, SUCCESS, logIndex=4645, commits[529edf8e-8eae-4246-b33f-5e44130d441c:c4645, 79bffca9-b028-4c53-a657-872ed973be73:c4643, 15654dff-55cd-4f70-96d8-4abf0c061563:c4643]
2019-07-09 15:04:44,758 INFO  client.GrpcClientProtocolClient (GrpcClientProtocolClient.java:onNext(255)) - client-A9DCF8B8BD5B->529edf8e-8eae-4246-b33f-5e44130d441c: receive RaftClientReply:client-A9DCF8B8BD5B->529edf8e-8eae-4246-b33f-5e44130d441c@group-A1CD1332DC7D, cid=3114, SUCCESS, logIndex=4648, commits[529edf8e-8eae-4246-b33f-5e44130d441c:c4649, 79bffca9-b028-4c53-a657-872ed973be73:c4645, 15654dff-55cd-4f70-96d8-4abf0c061563:c4645]
2019-07-09 15:04:44,758 INFO  client.GrpcClientProtocolClient (GrpcClientProtocolClient.java:onNext(255)) - client-A9DCF8B8BD5B->529edf8e-8eae-4246-b33f-5e44130d441c: receive RaftClientReply:client-A9DCF8B8BD5B->529edf8e-8eae-4246-b33f-5e44130d441c@group-A1CD1332DC7D, cid=3115, SUCCESS, logIndex=4649, commits[529edf8e-8eae-4246-b33f-5e44130d441c:c4649, 79bffca9-b028-4c53-a657-872ed973be73:c4645, 15654dff-55cd-4f70-96d8-4abf0c061563:c4645]
2019-07-09 15:04:44,792 INFO  client.GrpcClientProtocolClient (GrpcClientProtocolClient.java:onNext(255)) - client-A9DCF8B8BD5B->529edf8e-8eae-4246-b33f-5e44130d441c: receive RaftClientReply:client-A9DCF8B8BD5B->529edf8e-8eae-4246-b33f-5e44130d441c@group-A1CD1332DC7D, cid=3116, SUCCESS, logIndex=0, commits[529edf8e-8eae-4246-b33f-5e44130d441c:c4651, 79bffca9-b028-4c53-a657-872ed973be73:c4649, 15654dff-55cd-4f70-96d8-4abf0c061563:c4649]
2019-07-09 15:04:44,825 INFO  client.GrpcClientProtocolClient (GrpcClientProtocolClient.java:onNext(255)) - client-A9DCF8B8BD5B->529edf8e-8eae-4246-b33f-5e44130d441c: receive RaftClientReply:client-A9DCF8B8BD5B->529edf8e-8eae-4246-b33f-5e44130d441c@group-A1CD1332DC7D, cid=3117, SUCCESS, logIndex=4652, commits[529edf8e-8eae-4246-b33f-5e44130d441c:c4654, 79bffca9-b028-4c53-a657-872ed973be73:c4649, 15654dff-55cd-4f70-96d8-4abf0c061563:c4651]
2019-07-09 15:04:44,826 INFO  client.GrpcClientProtocolClient (GrpcClientProtocolClient.java:onNext(255)) - client-A9DCF8B8BD5B->529edf8e-8eae-4246-b33f-5e44130d441c: receive RaftClientReply:client-A9DCF8B8BD5B->529edf8e-8eae-4246-b33f-5e44130d441c@group-A1CD1332DC7D, cid=3118, SUCCESS, logIndex=4653, commits[529edf8e-8eae-4246-b33f-5e44130d441c:c4655, 79bffca9-b028-4c53-a657-872ed973be73:c4651, 15654dff-55cd-4f70-96d8-4abf0c061563:c4651]
2019-07-09 15:04:44,827 INFO  client.GrpcClientProtocolClient (GrpcClientProtocolClient.java:onNext(255)) - client-A9DCF8B8BD5B->529edf8e-8eae-4246-b33f-5e44130d441c: receive RaftClientReply:client-A9DCF8B8BD5B->529edf8e-8eae-4246-b33f-5e44130d441c@group-A1CD1332DC7D, cid=3119, SUCCESS, logIndex=4654, commits[529edf8e-8eae-4246-b33f-5e44130d441c:c4655, 79bffca9-b028-4c53-a657-872ed973be73:c4651, 15654dff-55cd-4f70-96d8-4abf0c061563:c4651]
2019-07-09 15:04:44,827 INFO  client.GrpcClientProtocolClient (GrpcClientProtocolClient.java:onNext(255)) - client-A9DCF8B8BD5B->529edf8e-8eae-4246-b33f-5e44130d441c: receive RaftClientReply:client-A9DCF8B8BD5B->529edf8e-8eae-4246-b33f-5e44130d441c@group-A1CD1332DC7D, cid=3120, SUCCESS, logIndex=4655, commits[529edf8e-8eae-4246-b33f-5e44130d441c:c4655, 79bffca9-b028-4c53-a657-872ed973be73:c4651, 15654dff-55cd-4f70-96d8-4abf0c061563:c4651]
2019-07-09 15:04:44,828 INFO  client.GrpcClientProtocolClient (GrpcClientProtocolClient.java:onNext(255)) - client-A9DCF8B8BD5B->529edf8e-8eae-4246-b33f-5e44130d441c: receive RaftClientReply:client-A9DCF8B8BD5B->529edf8e-8eae-4246-b33f-5e44130d441c@group-A1CD1332DC7D, cid=3121, SUCCESS, logIndex=0, commits[529edf8e-8eae-4246-b33f-5e44130d441c:c4658, 79bffca9-b028-4c53-a657-872ed973be73:c4653, 15654dff-55cd-4f70-96d8-4abf0c061563:c4655]
2019-07-09 15:04:44,849 INFO  client.GrpcClientProtocolClient (GrpcClientProtocolClient.java:onNext(255)) - client-A9DCF8B8BD5B->529edf8e-8eae-4246-b33f-5e44130d441c: receive RaftClientReply:client-A9DCF8B8BD5B->529edf8e-8eae-4246-b33f-5e44130d441c@group-A1CD1332DC7D, cid=3122, SUCCESS, logIndex=4660, commits[529edf8e-8eae-4246-b33f-5e44130d441c:c4660, 79bffca9-b028-4c53-a657-872ed973be73:c4659, 15654dff-55cd-4f70-96d8-4abf0c061563:c4659]
2019-07-09 15:04:44,849 INFO  client.GrpcClientProtocolClient (GrpcClientProtocolClient.java:onNext(255)) - client-A9DCF8B8BD5B->529edf8e-8eae-4246-b33f-5e44130d441c: receive RaftClientReply:client-A9DCF8B8BD5B->529edf8e-8eae-4246-b33f-5e44130d441c@group-A1CD1332DC7D, cid=3123, SUCCESS, logIndex=4661, commits[529edf8e-8eae-4246-b33f-5e44130d441c:c4661, 79bffca9-b028-4c53-a657-872ed973be73:c4659, 15654dff-55cd-4f70-96d8-4abf0c061563:c4659]
2019-07-09 15:04:44,879 INFO  client.GrpcClientProtocolClient (GrpcClientProtocolClient.java:onNext(255)) - client-A9DCF8B8BD5B->529edf8e-8eae-4246-b33f-5e44130d441c: receive RaftClientReply:client-A9DCF8B8BD5B->529edf8e-8eae-4246-b33f-5e44130d441c@group-A1CD1332DC7D, cid=3124, SUCCESS, logIndex=4664, commits[529edf8e-8eae-4246-b33f-5e44130d441c:c4665, 79bffca9-b028-4c53-a657-872ed973be73:c4660, 15654dff-55cd-4f70-96d8-4abf0c061563:c4661]
2019-07-09 15:04:44,879 INFO  client.GrpcClientProtocolClient (GrpcClientProtocolClient.java:onNext(255)) - client-A9DCF8B8BD5B->529edf8e-8eae-4246-b33f-5e44130d441c: receive RaftClientReply:client-A9DCF8B8BD5B->529edf8e-8eae-4246-b33f-5e44130d441c@group-A1CD1332DC7D, cid=3125, SUCCESS, logIndex=4665, commits[529edf8e-8eae-4246-b33f-5e44130d441c:c4665, 79bffca9-b028-4c53-a657-872ed973be73:c4661, 15654dff-55cd-4f70-96d8-4abf0c061563:c4661]
2019-07-09 15:04:44,891 INFO  client.GrpcClientProtocolClient (GrpcClientProtocolClient.java:onNext(255)) - client-A9DCF8B8BD5B->529edf8e-8eae-4246-b33f-5e44130d441c: receive RaftClientReply:client-A9DCF8B8BD5B->529edf8e-8eae-4246-b33f-5e44130d441c@group-A1CD1332DC7D, cid=3126, SUCCESS, logIndex=0, commits[529edf8e-8eae-4246-b33f-5e44130d441c:c4666, 79bffca9-b028-4c53-a657-872ed973be73:c4665, 15654dff-55cd-4f70-96d8-4abf0c061563:c4665]
2019-07-09 15:04:44,926 INFO  client.GrpcClientProtocolClient (GrpcClientProtocolClient.java:onNext(255)) - client-A9DCF8B8BD5B->529edf8e-8eae-4246-b33f-5e44130d441c: receive RaftClientReply:client-A9DCF8B8BD5B->529edf8e-8eae-4246-b33f-5e44130d441c@group-A1CD1332DC7D, cid=3127, SUCCESS, logIndex=4668, commits[529edf8e-8eae-4246-b33f-5e44130d441c:c4670, 79bffca9-b028-4c53-a657-872ed973be73:c4667, 15654dff-55cd-4f70-96d8-4abf0c061563:c4667]
2019-07-09 15:04:44,926 INFO  client.GrpcClientProtocolClient (GrpcClientProtocolClient.java:onNext(255)) - client-A9DCF8B8BD5B->529edf8e-8eae-4246-b33f-5e44130d441c: receive RaftClientReply:client-A9DCF8B8BD5B->529edf8e-8eae-4246-b33f-5e44130d441c@group-A1CD1332DC7D, cid=3128, SUCCESS, logIndex=4669, commits[529edf8e-8eae-4246-b33f-5e44130d441c:c4671, 79bffca9-b028-4c53-a657-872ed973be73:c4667, 15654dff-55cd-4f70-96d8-4abf0c061563:c4667]
2019-07-09 15:04:44,927 INFO  client.GrpcClientProtocolClient (GrpcClientProtocolClient.java:onNext(255)) - client-A9DCF8B8BD5B->529edf8e-8eae-4246-b33f-5e44130d441c: receive RaftClientReply:client-A9DCF8B8BD5B->529edf8e-8eae-4246-b33f-5e44130d441c@group-A1CD1332DC7D, cid=3129, SUCCESS, logIndex=4670, commits[529edf8e-8eae-4246-b33f-5e44130d441c:c4671, 79bffca9-b028-4c53-a657-872ed973be73:c4667, 15654dff-55cd-4f70-96d8-4abf0c061563:c4667]
2019-07-09 15:04:44,927 INFO  client.GrpcClientProtocolClient (GrpcClientProtocolClient.java:onNext(255)) - client-A9DCF8B8BD5B->529edf8e-8eae-4246-b33f-5e44130d441c: receive RaftClientReply:client-A9DCF8B8BD5B->529edf8e-8eae-4246-b33f-5e44130d441c@group-A1CD1332DC7D, cid=3130, SUCCESS, logIndex=4671, commits[529edf8e-8eae-4246-b33f-5e44130d441c:c4671, 79bffca9-b028-4c53-a657-872ed973be73:c4667, 15654dff-55cd-4f70-96d8-4abf0c061563:c4667]
2019-07-09 15:04:44,939 INFO  client.GrpcClientProtocolClient (GrpcClientProtocolClient.java:onNext(255)) - client-A9DCF8B8BD5B->529edf8e-8eae-4246-b33f-5e44130d441c: receive RaftClientReply:client-A9DCF8B8BD5B->529edf8e-8eae-4246-b33f-5e44130d441c@group-A1CD1332DC7D, cid=3131, SUCCESS, logIndex=0, commits[529edf8e-8eae-4246-b33f-5e44130d441c:c4673, 79bffca9-b028-4c53-a657-872ed973be73:c4669, 15654dff-55cd-4f70-96d8-4abf0c061563:c4669]
2019-07-09 15:04:44,958 INFO  client.GrpcClientProtocolClient (GrpcClientProtocolClient.java:onNext(255)) - client-A9DCF8B8BD5B->529edf8e-8eae-4246-b33f-5e44130d441c: receive RaftClientReply:client-A9DCF8B8BD5B->529edf8e-8eae-4246-b33f-5e44130d441c@group-A1CD1332DC7D, cid=3132, SUCCESS, logIndex=4676, commits[529edf8e-8eae-4246-b33f-5e44130d441c:c4677, 79bffca9-b028-4c53-a657-872ed973be73:c4675, 15654dff-55cd-4f70-96d8-4abf0c061563:c4675]
2019-07-09 15:04:44,959 INFO  client.GrpcClientProtocolClient (GrpcClientProtocolClient.java:onNext(255)) - client-A9DCF8B8BD5B->529edf8e-8eae-4246-b33f-5e44130d441c: receive RaftClientReply:client-A9DCF8B8BD5B->529edf8e-8eae-4246-b33f-5e44130d441c@group-A1CD1332DC7D, cid=3133, SUCCESS, logIndex=4677, commits[529edf8e-8eae-4246-b33f-5e44130d441c:c4677, 79bffca9-b028-4c53-a657-872ed973be73:c4675, 15654dff-55cd-4f70-96d8-4abf0c061563:c4675]
2019-07-09 15:04:44,973 INFO  client.GrpcClientProtocolClient (GrpcClientProtocolClient.java:onNext(255)) - client-A9DCF8B8BD5B->529edf8e-8eae-4246-b33f-5e44130d441c: receive RaftClientReply:client-A9DCF8B8BD5B->529edf8e-8eae-4246-b33f-5e44130d441c@group-A1CD1332DC7D, cid=3134, SUCCESS, logIndex=4680, commits[529edf8e-8eae-4246-b33f-5e44130d441c:c4681, 79bffca9-b028-4c53-a657-872ed973be73:c4677, 15654dff-55cd-4f70-96d8-4abf0c061563:c4677]
2019-07-09 15:04:44,973 INFO  client.GrpcClientProtocolClient (GrpcClientProtocolClient.java:onNext(255)) - client-A9DCF8B8BD5B->529edf8e-8eae-4246-b33f-5e44130d441c: receive RaftClientReply:client-A9DCF8B8BD5B->529edf8e-8eae-4246-b33f-5e44130d441c@group-A1CD1332DC7D, cid=3135, SUCCESS, logIndex=4681, commits[529edf8e-8eae-4246-b33f-5e44130d441c:c4681, 79bffca9-b028-4c53-a657-872ed973be73:c4677, 15654dff-55cd-4f70-96d8-4abf0c061563:c4677]
2019-07-09 15:04:44,986 INFO  client.GrpcClientProtocolClient (GrpcClientProtocolClient.java:onNext(255)) - client-A9DCF8B8BD5B->529edf8e-8eae-4246-b33f-5e44130d441c: receive RaftClientReply:client-A9DCF8B8BD5B->529edf8e-8eae-4246-b33f-5e44130d441c@group-A1CD1332DC7D, cid=3136, SUCCESS, logIndex=0, commits[529edf8e-8eae-4246-b33f-5e44130d441c:c4682, 79bffca9-b028-4c53-a657-872ed973be73:c4681, 15654dff-55cd-4f70-96d8-4abf0c061563:c4681]
2019-07-09 15:04:45,019 INFO  client.GrpcClientProtocolClient (GrpcClientProtocolClient.java:onNext(255)) - client-A9DCF8B8BD5B->529edf8e-8eae-4246-b33f-5e44130d441c: receive RaftClientReply:client-A9DCF8B8BD5B->529edf8e-8eae-4246-b33f-5e44130d441c@group-A1CD1332DC7D, cid=3137, SUCCESS, logIndex=4684, commits[529edf8e-8eae-4246-b33f-5e44130d441c:c4686, 79bffca9-b028-4c53-a657-872ed973be73:c4683, 15654dff-55cd-4f70-96d8-4abf0c061563:c4683]
2019-07-09 15:04:45,019 INFO  client.GrpcClientProtocolClient (GrpcClientProtocolClient.java:onNext(255)) - client-A9DCF8B8BD5B->529edf8e-8eae-4246-b33f-5e44130d441c: receive RaftClientReply:client-A9DCF8B8BD5B->529edf8e-8eae-4246-b33f-5e44130d441c@group-A1CD1332DC7D, cid=3138, SUCCESS, logIndex=4685, commits[529edf8e-8eae-4246-b33f-5e44130d441c:c4687, 79bffca9-b028-4c53-a657-872ed973be73:c4683, 15654dff-55cd-4f70-96d8-4abf0c061563:c4683]
2019-07-09 15:04:45,020 INFO  client.GrpcClientProtocolClient (GrpcClientProtocolClient.java:onNext(255)) - client-A9DCF8B8BD5B->529edf8e-8eae-4246-b33f-5e44130d441c: receive RaftClientReply:client-A9DCF8B8BD5B->529edf8e-8eae-4246-b33f-5e44130d441c@group-A1CD1332DC7D, cid=3139, SUCCESS, logIndex=4686, commits[529edf8e-8eae-4246-b33f-5e44130d441c:c4687, 79bffca9-b028-4c53-a657-872ed973be73:c4683, 15654dff-55cd-4f70-96d8-4abf0c061563:c4683]
2019-07-09 15:04:45,020 INFO  client.GrpcClientProtocolClient (GrpcClientProtocolClient.java:onNext(255)) - client-A9DCF8B8BD5B->529edf8e-8eae-4246-b33f-5e44130d441c: receive RaftClientReply:client-A9DCF8B8BD5B->529edf8e-8eae-4246-b33f-5e44130d441c@group-A1CD1332DC7D, cid=3140, SUCCESS, logIndex=4687, commits[529edf8e-8eae-4246-b33f-5e44130d441c:c4687, 79bffca9-b028-4c53-a657-872ed973be73:c4683, 15654dff-55cd-4f70-96d8-4abf0c061563:c4683]
2019-07-09 15:04:45,049 INFO  client.GrpcClientProtocolClient (GrpcClientProtocolClient.java:onNext(255)) - client-A9DCF8B8BD5B->529edf8e-8eae-4246-b33f-5e44130d441c: receive RaftClientReply:client-A9DCF8B8BD5B->529edf8e-8eae-4246-b33f-5e44130d441c@group-A1CD1332DC7D, cid=3141, SUCCESS, logIndex=0, commits[529edf8e-8eae-4246-b33f-5e44130d441c:c4690, 79bffca9-b028-4c53-a657-872ed973be73:c4686, 15654dff-55cd-4f70-96d8-4abf0c061563:c4685]
2019-07-09 15:04:45,077 INFO  client.GrpcClientProtocolClient (GrpcClientProtocolClient.java:onNext(255)) - client-A9DCF8B8BD5B->529edf8e-8eae-4246-b33f-5e44130d441c: receive RaftClientReply:client-A9DCF8B8BD5B->529edf8e-8eae-4246-b33f-5e44130d441c@group-A1CD1332DC7D, cid=3142, SUCCESS, logIndex=4692, commits[529edf8e-8eae-4246-b33f-5e44130d441c:c4693, 79bffca9-b028-4c53-a657-872ed973be73:c4691, 15654dff-55cd-4f70-96d8-4abf0c061563:c4691]
2019-07-09 15:04:45,078 INFO  client.GrpcClientProtocolClient (GrpcClientProtocolClient.java:onNext(255)) - client-A9DCF8B8BD5B->529edf8e-8eae-4246-b33f-5e44130d441c: receive RaftClientReply:client-A9DCF8B8BD5B->529edf8e-8eae-4246-b33f-5e44130d441c@group-A1CD1332DC7D, cid=3143, SUCCESS, logIndex=4693, commits[529edf8e-8eae-4246-b33f-5e44130d441c:c4693, 79bffca9-b028-4c53-a657-872ed973be73:c4691, 15654dff-55cd-4f70-96d8-4abf0c061563:c4691]
 0.00% |█                                                                                                    |  0/1 Time: 0:00:272019-07-09 15:04:45,103 INFO  client.GrpcClientProtocolClient (GrpcClientProtocolClient.java:onNext(255)) - client-A9DCF8B8BD5B->529edf8e-8eae-4246-b33f-5e44130d441c: receive RaftClientReply:client-A9DCF8B8BD5B->529edf8e-8eae-4246-b33f-5e44130d441c@group-A1CD1332DC7D, cid=3144, SUCCESS, logIndex=4696, commits[529edf8e-8eae-4246-b33f-5e44130d441c:c4697, 79bffca9-b028-4c53-a657-872ed973be73:c4693, 15654dff-55cd-4f70-96d8-4abf0c061563:c4693]
2019-07-09 15:04:45,104 INFO  client.GrpcClientProtocolClient (GrpcClientProtocolClient.java:onNext(255)) - client-A9DCF8B8BD5B->529edf8e-8eae-4246-b33f-5e44130d441c: receive RaftClientReply:client-A9DCF8B8BD5B->529edf8e-8eae-4246-b33f-5e44130d441c@group-A1CD1332DC7D, cid=3145, SUCCESS, logIndex=4697, commits[529edf8e-8eae-4246-b33f-5e44130d441c:c4697, 79bffca9-b028-4c53-a657-872ed973be73:c4693, 15654dff-55cd-4f70-96d8-4abf0c061563:c4693]
2019-07-09 15:04:45,116 INFO  client.GrpcClientProtocolClient (GrpcClientProtocolClient.java:onNext(255)) - client-A9DCF8B8BD5B->529edf8e-8eae-4246-b33f-5e44130d441c: receive RaftClientReply:client-A9DCF8B8BD5B->529edf8e-8eae-4246-b33f-5e44130d441c@group-A1CD1332DC7D, cid=3146, SUCCESS, logIndex=0, commits[529edf8e-8eae-4246-b33f-5e44130d441c:c4699, 79bffca9-b028-4c53-a657-872ed973be73:c4697, 15654dff-55cd-4f70-96d8-4abf0c061563:c4697]
2019-07-09 15:04:45,150 INFO  client.GrpcClientProtocolClient (GrpcClientProtocolClient.java:onNext(255)) - client-A9DCF8B8BD5B->529edf8e-8eae-4246-b33f-5e44130d441c: receive RaftClientReply:client-A9DCF8B8BD5B->529edf8e-8eae-4246-b33f-5e44130d441c@group-A1CD1332DC7D, cid=3147, SUCCESS, logIndex=4700, commits[529edf8e-8eae-4246-b33f-5e44130d441c:c4702, 79bffca9-b028-4c53-a657-872ed973be73:c4699, 15654dff-55cd-4f70-96d8-4abf0c061563:c4699]
2019-07-09 15:04:45,151 INFO  client.GrpcClientProtocolClient (GrpcClientProtocolClient.java:onNext(255)) - client-A9DCF8B8BD5B->529edf8e-8eae-4246-b33f-5e44130d441c: receive RaftClientReply:client-A9DCF8B8BD5B->529edf8e-8eae-4246-b33f-5e44130d441c@group-A1CD1332DC7D, cid=3148, SUCCESS, logIndex=4701, commits[529edf8e-8eae-4246-b33f-5e44130d441c:c4703, 79bffca9-b028-4c53-a657-872ed973be73:c4699, 15654dff-55cd-4f70-96d8-4abf0c061563:c4699]
2019-07-09 15:04:45,152 INFO  client.GrpcClientProtocolClient (GrpcClientProtocolClient.java:onNext(255)) - client-A9DCF8B8BD5B->529edf8e-8eae-4246-b33f-5e44130d441c: receive RaftClientReply:client-A9DCF8B8BD5B->529edf8e-8eae-4246-b33f-5e44130d441c@group-A1CD1332DC7D, cid=3149, SUCCESS, logIndex=4702, commits[529edf8e-8eae-4246-b33f-5e44130d441c:c4703, 79bffca9-b028-4c53-a657-872ed973be73:c4699, 15654dff-55cd-4f70-96d8-4abf0c061563:c4699]
2019-07-09 15:04:45,152 INFO  client.GrpcClientProtocolClient (GrpcClientProtocolClient.java:onNext(255)) - client-A9DCF8B8BD5B->529edf8e-8eae-4246-b33f-5e44130d441c: receive RaftClientReply:client-A9DCF8B8BD5B->529edf8e-8eae-4246-b33f-5e44130d441c@group-A1CD1332DC7D, cid=3150, SUCCESS, logIndex=4703, commits[529edf8e-8eae-4246-b33f-5e44130d441c:c4705, 79bffca9-b028-4c53-a657-872ed973be73:c4699, 15654dff-55cd-4f70-96d8-4abf0c061563:c4701]
2019-07-09 15:04:45,154 INFO  client.GrpcClientProtocolClient (GrpcClientProtocolClient.java:onNext(255)) - client-A9DCF8B8BD5B->529edf8e-8eae-4246-b33f-5e44130d441c: receive RaftClientReply:client-A9DCF8B8BD5B->529edf8e-8eae-4246-b33f-5e44130d441c@group-A1CD1332DC7D, cid=3151, SUCCESS, logIndex=0, commits[529edf8e-8eae-4246-b33f-5e44130d441c:c4707, 79bffca9-b028-4c53-a657-872ed973be73:c4702, 15654dff-55cd-4f70-96d8-4abf0c061563:c4703]
2019-07-09 15:04:45,174 INFO  client.GrpcClientProtocolClient (GrpcClientProtocolClient.java:onNext(255)) - client-A9DCF8B8BD5B->529edf8e-8eae-4246-b33f-5e44130d441c: receive RaftClientReply:client-A9DCF8B8BD5B->529edf8e-8eae-4246-b33f-5e44130d441c@group-A1CD1332DC7D, cid=3152, SUCCESS, logIndex=4708, commits[529edf8e-8eae-4246-b33f-5e44130d441c:c4709, 79bffca9-b028-4c53-a657-872ed973be73:c4707, 15654dff-55cd-4f70-96d8-4abf0c061563:c4707]
2019-07-09 15:04:45,174 INFO  client.GrpcClientProtocolClient (GrpcClientProtocolClient.java:onNext(255)) - client-A9DCF8B8BD5B->529edf8e-8eae-4246-b33f-5e44130d441c: receive RaftClientReply:client-A9DCF8B8BD5B->529edf8e-8eae-4246-b33f-5e44130d441c@group-A1CD1332DC7D, cid=3153, SUCCESS, logIndex=4709, commits[529edf8e-8eae-4246-b33f-5e44130d441c:c4709, 79bffca9-b028-4c53-a657-872ed973be73:c4707, 15654dff-55cd-4f70-96d8-4abf0c061563:c4707]
2019-07-09 15:04:45,188 INFO  client.GrpcClientProtocolClient (GrpcClientProtocolClient.java:onNext(255)) - client-A9DCF8B8BD5B->529edf8e-8eae-4246-b33f-5e44130d441c: receive RaftClientReply:client-A9DCF8B8BD5B->529edf8e-8eae-4246-b33f-5e44130d441c@group-A1CD1332DC7D, cid=3154, SUCCESS, logIndex=4712, commits[529edf8e-8eae-4246-b33f-5e44130d441c:c4713, 79bffca9-b028-4c53-a657-872ed973be73:c4709, 15654dff-55cd-4f70-96d8-4abf0c061563:c4709]
2019-07-09 15:04:45,188 INFO  client.GrpcClientProtocolClient (GrpcClientProtocolClient.java:onNext(255)) - client-A9DCF8B8BD5B->529edf8e-8eae-4246-b33f-5e44130d441c: receive RaftClientReply:client-A9DCF8B8BD5B->529edf8e-8eae-4246-b33f-5e44130d441c@group-A1CD1332DC7D, cid=3155, SUCCESS, logIndex=4713, commits[529edf8e-8eae-4246-b33f-5e44130d441c:c4713, 79bffca9-b028-4c53-a657-872ed973be73:c4709, 15654dff-55cd-4f70-96d8-4abf0c061563:c4709]
2019-07-09 15:04:45,200 INFO  client.GrpcClientProtocolClient (GrpcClientProtocolClient.java:onNext(255)) - client-A9DCF8B8BD5B->529edf8e-8eae-4246-b33f-5e44130d441c: receive RaftClientReply:client-A9DCF8B8BD5B->529edf8e-8eae-4246-b33f-5e44130d441c@group-A1CD1332DC7D, cid=3156, SUCCESS, logIndex=0, commits[529edf8e-8eae-4246-b33f-5e44130d441c:c4714, 79bffca9-b028-4c53-a657-872ed973be73:c4713, 15654dff-55cd-4f70-96d8-4abf0c061563:c4713]
2019-07-09 15:04:45,232 INFO  client.GrpcClientProtocolClient (GrpcClientProtocolClient.java:onNext(255)) - client-A9DCF8B8BD5B->529edf8e-8eae-4246-b33f-5e44130d441c: receive RaftClientReply:client-A9DCF8B8BD5B->529edf8e-8eae-4246-b33f-5e44130d441c@group-A1CD1332DC7D, cid=3157, SUCCESS, logIndex=4716, commits[529edf8e-8eae-4246-b33f-5e44130d441c:c4718, 79bffca9-b028-4c53-a657-872ed973be73:c4715, 15654dff-55cd-4f70-96d8-4abf0c061563:c4715]
2019-07-09 15:04:45,233 INFO  client.GrpcClientProtocolClient (GrpcClientProtocolClient.java:onNext(255)) - client-A9DCF8B8BD5B->529edf8e-8eae-4246-b33f-5e44130d441c: receive RaftClientReply:client-A9DCF8B8BD5B->529edf8e-8eae-4246-b33f-5e44130d441c@group-A1CD1332DC7D, cid=3158, SUCCESS, logIndex=4717, commits[529edf8e-8eae-4246-b33f-5e44130d441c:c4719, 79bffca9-b028-4c53-a657-872ed973be73:c4715, 15654dff-55cd-4f70-96d8-4abf0c061563:c4715]
2019-07-09 15:04:45,233 INFO  client.GrpcClientProtocolClient (GrpcClientProtocolClient.java:onNext(255)) - client-A9DCF8B8BD5B->529edf8e-8eae-4246-b33f-5e44130d441c: receive RaftClientReply:client-A9DCF8B8BD5B->529edf8e-8eae-4246-b33f-5e44130d441c@group-A1CD1332DC7D, cid=3159, SUCCESS, logIndex=4718, commits[529edf8e-8eae-4246-b33f-5e44130d441c:c4719, 79bffca9-b028-4c53-a657-872ed973be73:c4715, 15654dff-55cd-4f70-96d8-4abf0c061563:c4715]
2019-07-09 15:04:45,233 INFO  client.GrpcClientProtocolClient (GrpcClientProtocolClient.java:onNext(255)) - client-A9DCF8B8BD5B->529edf8e-8eae-4246-b33f-5e44130d441c: receive RaftClientReply:client-A9DCF8B8BD5B->529edf8e-8eae-4246-b33f-5e44130d441c@group-A1CD1332DC7D, cid=3160, SUCCESS, logIndex=4719, commits[529edf8e-8eae-4246-b33f-5e44130d441c:c4720, 79bffca9-b028-4c53-a657-872ed973be73:c4716, 15654dff-55cd-4f70-96d8-4abf0c061563:c4716]
2019-07-09 15:04:45,234 INFO  client.GrpcClientProtocolClient (GrpcClientProtocolClient.java:onNext(255)) - client-A9DCF8B8BD5B->529edf8e-8eae-4246-b33f-5e44130d441c: receive RaftClientReply:client-A9DCF8B8BD5B->529edf8e-8eae-4246-b33f-5e44130d441c@group-A1CD1332DC7D, cid=3161, SUCCESS, logIndex=0, commits[529edf8e-8eae-4246-b33f-5e44130d441c:c4721, 79bffca9-b028-4c53-a657-872ed973be73:c4717, 15654dff-55cd-4f70-96d8-4abf0c061563:c4717]
2019-07-09 15:04:45,255 INFO  client.GrpcClientProtocolClient (GrpcClientProtocolClient.java:onNext(255)) - client-A9DCF8B8BD5B->529edf8e-8eae-4246-b33f-5e44130d441c: receive RaftClientReply:client-A9DCF8B8BD5B->529edf8e-8eae-4246-b33f-5e44130d441c@group-A1CD1332DC7D, cid=3162, SUCCESS, logIndex=4724, commits[529edf8e-8eae-4246-b33f-5e44130d441c:c4725, 79bffca9-b028-4c53-a657-872ed973be73:c4723, 15654dff-55cd-4f70-96d8-4abf0c061563:c4723]
2019-07-09 15:04:45,256 INFO  client.GrpcClientProtocolClient (GrpcClientProtocolClient.java:onNext(255)) - client-A9DCF8B8BD5B->529edf8e-8eae-4246-b33f-5e44130d441c: receive RaftClientReply:client-A9DCF8B8BD5B->529edf8e-8eae-4246-b33f-5e44130d441c@group-A1CD1332DC7D, cid=3163, SUCCESS, logIndex=4725, commits[529edf8e-8eae-4246-b33f-5e44130d441c:c4725, 79bffca9-b028-4c53-a657-872ed973be73:c4723, 15654dff-55cd-4f70-96d8-4abf0c061563:c4723]
2019-07-09 15:04:45,269 INFO  client.GrpcClientProtocolClient (GrpcClientProtocolClient.java:onNext(255)) - client-A9DCF8B8BD5B->529edf8e-8eae-4246-b33f-5e44130d441c: receive RaftClientReply:client-A9DCF8B8BD5B->529edf8e-8eae-4246-b33f-5e44130d441c@group-A1CD1332DC7D, cid=3164, SUCCESS, logIndex=4728, commits[529edf8e-8eae-4246-b33f-5e44130d441c:c4729, 79bffca9-b028-4c53-a657-872ed973be73:c4725, 15654dff-55cd-4f70-96d8-4abf0c061563:c4725]
2019-07-09 15:04:45,269 INFO  client.GrpcClientProtocolClient (GrpcClientProtocolClient.java:onNext(255)) - client-A9DCF8B8BD5B->529edf8e-8eae-4246-b33f-5e44130d441c: receive RaftClientReply:client-A9DCF8B8BD5B->529edf8e-8eae-4246-b33f-5e44130d441c@group-A1CD1332DC7D, cid=3165, SUCCESS, logIndex=4729, commits[529edf8e-8eae-4246-b33f-5e44130d441c:c4729, 79bffca9-b028-4c53-a657-872ed973be73:c4725, 15654dff-55cd-4f70-96d8-4abf0c061563:c4725]
2019-07-09 15:04:45,298 INFO  client.GrpcClientProtocolClient (GrpcClientProtocolClient.java:onNext(255)) - client-A9DCF8B8BD5B->529edf8e-8eae-4246-b33f-5e44130d441c: receive RaftClientReply:client-A9DCF8B8BD5B->529edf8e-8eae-4246-b33f-5e44130d441c@group-A1CD1332DC7D, cid=3166, SUCCESS, logIndex=0, commits[529edf8e-8eae-4246-b33f-5e44130d441c:c4730, 79bffca9-b028-4c53-a657-872ed973be73:c4729, 15654dff-55cd-4f70-96d8-4abf0c061563:c4729]
2019-07-09 15:04:45,334 INFO  client.GrpcClientProtocolClient (GrpcClientProtocolClient.java:onNext(255)) - client-A9DCF8B8BD5B->529edf8e-8eae-4246-b33f-5e44130d441c: receive RaftClientReply:client-A9DCF8B8BD5B->529edf8e-8eae-4246-b33f-5e44130d441c@group-A1CD1332DC7D, cid=3167, SUCCESS, logIndex=4732, commits[529edf8e-8eae-4246-b33f-5e44130d441c:c4734, 79bffca9-b028-4c53-a657-872ed973be73:c4731, 15654dff-55cd-4f70-96d8-4abf0c061563:c4731]
2019-07-09 15:04:45,334 INFO  client.GrpcClientProtocolClient (GrpcClientProtocolClient.java:onNext(255)) - client-A9DCF8B8BD5B->529edf8e-8eae-4246-b33f-5e44130d441c: receive RaftClientReply:client-A9DCF8B8BD5B->529edf8e-8eae-4246-b33f-5e44130d441c@group-A1CD1332DC7D, cid=3168, SUCCESS, logIndex=4733, commits[529edf8e-8eae-4246-b33f-5e44130d441c:c4735, 79bffca9-b028-4c53-a657-872ed973be73:c4731, 15654dff-55cd-4f70-96d8-4abf0c061563:c4731]
2019-07-09 15:04:45,335 INFO  client.GrpcClientProtocolClient (GrpcClientProtocolClient.java:onNext(255)) - client-A9DCF8B8BD5B->529edf8e-8eae-4246-b33f-5e44130d441c: receive RaftClientReply:client-A9DCF8B8BD5B->529edf8e-8eae-4246-b33f-5e44130d441c@group-A1CD1332DC7D, cid=3169, SUCCESS, logIndex=4734, commits[529edf8e-8eae-4246-b33f-5e44130d441c:c4735, 79bffca9-b028-4c53-a657-872ed973be73:c4731, 15654dff-55cd-4f70-96d8-4abf0c061563:c4731]
2019-07-09 15:04:45,335 INFO  client.GrpcClientProtocolClient (GrpcClientProtocolClient.java:onNext(255)) - client-A9DCF8B8BD5B->529edf8e-8eae-4246-b33f-5e44130d441c: receive RaftClientReply:client-A9DCF8B8BD5B->529edf8e-8eae-4246-b33f-5e44130d441c@group-A1CD1332DC7D, cid=3170, SUCCESS, logIndex=4735, commits[529edf8e-8eae-4246-b33f-5e44130d441c:c4735, 79bffca9-b028-4c53-a657-872ed973be73:c4731, 15654dff-55cd-4f70-96d8-4abf0c061563:c4731]
2019-07-09 15:04:45,337 INFO  client.GrpcClientProtocolClient (GrpcClientProtocolClient.java:onNext(255)) - client-A9DCF8B8BD5B->529edf8e-8eae-4246-b33f-5e44130d441c: receive RaftClientReply:client-A9DCF8B8BD5B->529edf8e-8eae-4246-b33f-5e44130d441c@group-A1CD1332DC7D, cid=3171, SUCCESS, logIndex=0, commits[529edf8e-8eae-4246-b33f-5e44130d441c:c4737, 79bffca9-b028-4c53-a657-872ed973be73:c4734, 15654dff-55cd-4f70-96d8-4abf0c061563:c4734]
2019-07-09 15:04:45,358 INFO  client.GrpcClientProtocolClient (GrpcClientProtocolClient.java:onNext(255)) - client-A9DCF8B8BD5B->529edf8e-8eae-4246-b33f-5e44130d441c: receive RaftClientReply:client-A9DCF8B8BD5B->529edf8e-8eae-4246-b33f-5e44130d441c@group-A1CD1332DC7D, cid=3172, SUCCESS, logIndex=4740, commits[529edf8e-8eae-4246-b33f-5e44130d441c:c4741, 79bffca9-b028-4c53-a657-872ed973be73:c4739, 15654dff-55cd-4f70-96d8-4abf0c061563:c4739]
2019-07-09 15:04:45,358 INFO  client.GrpcClientProtocolClient (GrpcClientProtocolClient.java:onNext(255)) - client-A9DCF8B8BD5B->529edf8e-8eae-4246-b33f-5e44130d441c: receive RaftClientReply:client-A9DCF8B8BD5B->529edf8e-8eae-4246-b33f-5e44130d441c@group-A1CD1332DC7D, cid=3173, SUCCESS, logIndex=4741, commits[529edf8e-8eae-4246-b33f-5e44130d441c:c4741, 79bffca9-b028-4c53-a657-872ed973be73:c4739, 15654dff-55cd-4f70-96d8-4abf0c061563:c4739]
2019-07-09 15:04:45,372 INFO  client.GrpcClientProtocolClient (GrpcClientProtocolClient.java:onNext(255)) - client-A9DCF8B8BD5B->529edf8e-8eae-4246-b33f-5e44130d441c: receive RaftClientReply:client-A9DCF8B8BD5B->529edf8e-8eae-4246-b33f-5e44130d441c@group-A1CD1332DC7D, cid=3174, SUCCESS, logIndex=4744, commits[529edf8e-8eae-4246-b33f-5e44130d441c:c4745, 79bffca9-b028-4c53-a657-872ed973be73:c4741, 15654dff-55cd-4f70-96d8-4abf0c061563:c4740]
2019-07-09 15:04:45,372 INFO  client.GrpcClientProtocolClient (GrpcClientProtocolClient.java:onNext(255)) - client-A9DCF8B8BD5B->529edf8e-8eae-4246-b33f-5e44130d441c: receive RaftClientReply:client-A9DCF8B8BD5B->529edf8e-8eae-4246-b33f-5e44130d441c@group-A1CD1332DC7D, cid=3175, SUCCESS, logIndex=4745, commits[529edf8e-8eae-4246-b33f-5e44130d441c:c4745, 79bffca9-b028-4c53-a657-872ed973be73:c4741, 15654dff-55cd-4f70-96d8-4abf0c061563:c4741]
2019-07-09 15:04:45,375 INFO  client.GrpcClientProtocolClient (GrpcClientProtocolClient.java:onNext(255)) - client-A9DCF8B8BD5B->529edf8e-8eae-4246-b33f-5e44130d441c: receive RaftClientReply:client-A9DCF8B8BD5B->529edf8e-8eae-4246-b33f-5e44130d441c@group-A1CD1332DC7D, cid=3176, SUCCESS, logIndex=0, commits[529edf8e-8eae-4246-b33f-5e44130d441c:c4747, 79bffca9-b028-4c53-a657-872ed973be73:c4745, 15654dff-55cd-4f70-96d8-4abf0c061563:c4745]
2019-07-09 15:04:45,428 INFO  client.GrpcClientProtocolClient (GrpcClientProtocolClient.java:onNext(255)) - client-A9DCF8B8BD5B->529edf8e-8eae-4246-b33f-5e44130d441c: receive RaftClientReply:client-A9DCF8B8BD5B->529edf8e-8eae-4246-b33f-5e44130d441c@group-A1CD1332DC7D, cid=3177, SUCCESS, logIndex=4748, commits[529edf8e-8eae-4246-b33f-5e44130d441c:c4750, 79bffca9-b028-4c53-a657-872ed973be73:c4747, 15654dff-55cd-4f70-96d8-4abf0c061563:c4747]
2019-07-09 15:04:45,429 INFO  client.GrpcClientProtocolClient (GrpcClientProtocolClient.java:onNext(255)) - client-A9DCF8B8BD5B->529edf8e-8eae-4246-b33f-5e44130d441c: receive RaftClientReply:client-A9DCF8B8BD5B->529edf8e-8eae-4246-b33f-5e44130d441c@group-A1CD1332DC7D, cid=3178, SUCCESS, logIndex=4749, commits[529edf8e-8eae-4246-b33f-5e44130d441c:c4751, 79bffca9-b028-4c53-a657-872ed973be73:c4747, 15654dff-55cd-4f70-96d8-4abf0c061563:c4747]
2019-07-09 15:04:45,429 INFO  client.GrpcClientProtocolClient (GrpcClientProtocolClient.java:onNext(255)) - client-A9DCF8B8BD5B->529edf8e-8eae-4246-b33f-5e44130d441c: receive RaftClientReply:client-A9DCF8B8BD5B->529edf8e-8eae-4246-b33f-5e44130d441c@group-A1CD1332DC7D, cid=3179, SUCCESS, logIndex=4750, commits[529edf8e-8eae-4246-b33f-5e44130d441c:c4751, 79bffca9-b028-4c53-a657-872ed973be73:c4747, 15654dff-55cd-4f70-96d8-4abf0c061563:c4747]
2019-07-09 15:04:45,429 INFO  client.GrpcClientProtocolClient (GrpcClientProtocolClient.java:onNext(255)) - client-A9DCF8B8BD5B->529edf8e-8eae-4246-b33f-5e44130d441c: receive RaftClientReply:client-A9DCF8B8BD5B->529edf8e-8eae-4246-b33f-5e44130d441c@group-A1CD1332DC7D, cid=3180, SUCCESS, logIndex=4751, commits[529edf8e-8eae-4246-b33f-5e44130d441c:c4751, 79bffca9-b028-4c53-a657-872ed973be73:c4747, 15654dff-55cd-4f70-96d8-4abf0c061563:c4747]
2019-07-09 15:04:45,440 INFO  client.GrpcClientProtocolClient (GrpcClientProtocolClient.java:onNext(255)) - client-A9DCF8B8BD5B->529edf8e-8eae-4246-b33f-5e44130d441c: receive RaftClientReply:client-A9DCF8B8BD5B->529edf8e-8eae-4246-b33f-5e44130d441c@group-A1CD1332DC7D, cid=3181, SUCCESS, logIndex=0, commits[529edf8e-8eae-4246-b33f-5e44130d441c:c4753, 79bffca9-b028-4c53-a657-872ed973be73:c4749, 15654dff-55cd-4f70-96d8-4abf0c061563:c4749]
2019-07-09 15:04:45,463 INFO  client.GrpcClientProtocolClient (GrpcClientProtocolClient.java:onNext(255)) - client-A9DCF8B8BD5B->529edf8e-8eae-4246-b33f-5e44130d441c: receive RaftClientReply:client-A9DCF8B8BD5B->529edf8e-8eae-4246-b33f-5e44130d441c@group-A1CD1332DC7D, cid=3182, SUCCESS, logIndex=4756, commits[529edf8e-8eae-4246-b33f-5e44130d441c:c4757, 79bffca9-b028-4c53-a657-872ed973be73:c4755, 15654dff-55cd-4f70-96d8-4abf0c061563:c4755]
2019-07-09 15:04:45,463 INFO  client.GrpcClientProtocolClient (GrpcClientProtocolClient.java:onNext(255)) - client-A9DCF8B8BD5B->529edf8e-8eae-4246-b33f-5e44130d441c: receive RaftClientReply:client-A9DCF8B8BD5B->529edf8e-8eae-4246-b33f-5e44130d441c@group-A1CD1332DC7D, cid=3183, SUCCESS, logIndex=4757, commits[529edf8e-8eae-4246-b33f-5e44130d441c:c4757, 79bffca9-b028-4c53-a657-872ed973be73:c4755, 15654dff-55cd-4f70-96d8-4abf0c061563:c4755]
2019-07-09 15:04:45,487 INFO  client.GrpcClientProtocolClient (GrpcClientProtocolClient.java:onNext(255)) - client-A9DCF8B8BD5B->529edf8e-8eae-4246-b33f-5e44130d441c: receive RaftClientReply:client-A9DCF8B8BD5B->529edf8e-8eae-4246-b33f-5e44130d441c@group-A1CD1332DC7D, cid=3184, SUCCESS, logIndex=4760, commits[529edf8e-8eae-4246-b33f-5e44130d441c:c4761, 79bffca9-b028-4c53-a657-872ed973be73:c4757, 15654dff-55cd-4f70-96d8-4abf0c061563:c4757]
2019-07-09 15:04:45,487 INFO  client.GrpcClientProtocolClient (GrpcClientProtocolClient.java:onNext(255)) - client-A9DCF8B8BD5B->529edf8e-8eae-4246-b33f-5e44130d441c: receive RaftClientReply:client-A9DCF8B8BD5B->529edf8e-8eae-4246-b33f-5e44130d441c@group-A1CD1332DC7D, cid=3185, SUCCESS, logIndex=4761, commits[529edf8e-8eae-4246-b33f-5e44130d441c:c4761, 79bffca9-b028-4c53-a657-872ed973be73:c4757, 15654dff-55cd-4f70-96d8-4abf0c061563:c4757]
2019-07-09 15:04:45,630 INFO  client.GrpcClientProtocolClient (GrpcClientProtocolClient.java:onNext(255)) - client-A9DCF8B8BD5B->529edf8e-8eae-4246-b33f-5e44130d441c: receive RaftClientReply:client-A9DCF8B8BD5B->529edf8e-8eae-4246-b33f-5e44130d441c@group-A1CD1332DC7D, cid=3186, SUCCESS, logIndex=0, commits[529edf8e-8eae-4246-b33f-5e44130d441c:c4763, 79bffca9-b028-4c53-a657-872ed973be73:c4761, 15654dff-55cd-4f70-96d8-4abf0c061563:c4761]
2019-07-09 15:04:45,665 INFO  client.GrpcClientProtocolClient (GrpcClientProtocolClient.java:onNext(255)) - client-A9DCF8B8BD5B->529edf8e-8eae-4246-b33f-5e44130d441c: receive RaftClientReply:client-A9DCF8B8BD5B->529edf8e-8eae-4246-b33f-5e44130d441c@group-A1CD1332DC7D, cid=3187, SUCCESS, logIndex=4764, commits[529edf8e-8eae-4246-b33f-5e44130d441c:c4765, 79bffca9-b028-4c53-a657-872ed973be73:c4763, 15654dff-55cd-4f70-96d8-4abf0c061563:c4763]
2019-07-09 15:04:45,666 INFO  client.GrpcClientProtocolClient (GrpcClientProtocolClient.java:onNext(255)) - client-A9DCF8B8BD5B->529edf8e-8eae-4246-b33f-5e44130d441c: receive RaftClientReply:client-A9DCF8B8BD5B->529edf8e-8eae-4246-b33f-5e44130d441c@group-A1CD1332DC7D, cid=3188, SUCCESS, logIndex=4765, commits[529edf8e-8eae-4246-b33f-5e44130d441c:c4767, 79bffca9-b028-4c53-a657-872ed973be73:c4763, 15654dff-55cd-4f70-96d8-4abf0c061563:c4763]
2019-07-09 15:04:45,667 INFO  client.GrpcClientProtocolClient (GrpcClientProtocolClient.java:onNext(255)) - client-A9DCF8B8BD5B->529edf8e-8eae-4246-b33f-5e44130d441c: receive RaftClientReply:client-A9DCF8B8BD5B->529edf8e-8eae-4246-b33f-5e44130d441c@group-A1CD1332DC7D, cid=3189, SUCCESS, logIndex=4766, commits[529edf8e-8eae-4246-b33f-5e44130d441c:c4767, 79bffca9-b028-4c53-a657-872ed973be73:c4763, 15654dff-55cd-4f70-96d8-4abf0c061563:c4763]
2019-07-09 15:04:45,667 INFO  client.GrpcClientProtocolClient (GrpcClientProtocolClient.java:onNext(255)) - client-A9DCF8B8BD5B->529edf8e-8eae-4246-b33f-5e44130d441c: receive RaftClientReply:client-A9DCF8B8BD5B->529edf8e-8eae-4246-b33f-5e44130d441c@group-A1CD1332DC7D, cid=3190, SUCCESS, logIndex=4767, commits[529edf8e-8eae-4246-b33f-5e44130d441c:c4767, 79bffca9-b028-4c53-a657-872ed973be73:c4763, 15654dff-55cd-4f70-96d8-4abf0c061563:c4763]
2019-07-09 15:04:45,669 INFO  client.GrpcClientProtocolClient (GrpcClientProtocolClient.java:onNext(255)) - client-A9DCF8B8BD5B->529edf8e-8eae-4246-b33f-5e44130d441c: receive RaftClientReply:client-A9DCF8B8BD5B->529edf8e-8eae-4246-b33f-5e44130d441c@group-A1CD1332DC7D, cid=3191, SUCCESS, logIndex=0, commits[529edf8e-8eae-4246-b33f-5e44130d441c:c4770, 79bffca9-b028-4c53-a657-872ed973be73:c4766, 15654dff-55cd-4f70-96d8-4abf0c061563:c4766]
2019-07-09 15:04:45,690 INFO  client.GrpcClientProtocolClient (GrpcClientProtocolClient.java:onNext(255)) - client-A9DCF8B8BD5B->529edf8e-8eae-4246-b33f-5e44130d441c: receive RaftClientReply:client-A9DCF8B8BD5B->529edf8e-8eae-4246-b33f-5e44130d441c@group-A1CD1332DC7D, cid=3192, SUCCESS, logIndex=4772, commits[529edf8e-8eae-4246-b33f-5e44130d441c:c4773, 79bffca9-b028-4c53-a657-872ed973be73:c4767, 15654dff-55cd-4f70-96d8-4abf0c061563:c4771]
2019-07-09 15:04:45,690 INFO  client.GrpcClientProtocolClient (GrpcClientProtocolClient.java:onNext(255)) - client-A9DCF8B8BD5B->529edf8e-8eae-4246-b33f-5e44130d441c: receive RaftClientReply:client-A9DCF8B8BD5B->529edf8e-8eae-4246-b33f-5e44130d441c@group-A1CD1332DC7D, cid=3193, SUCCESS, logIndex=4773, commits[529edf8e-8eae-4246-b33f-5e44130d441c:c4773, 79bffca9-b028-4c53-a657-872ed973be73:c4771, 15654dff-55cd-4f70-96d8-4abf0c061563:c4771]
2019-07-09 15:04:45,703 INFO  client.GrpcClientProtocolClient (GrpcClientProtocolClient.java:onNext(255)) - client-A9DCF8B8BD5B->529edf8e-8eae-4246-b33f-5e44130d441c: receive RaftClientReply:client-A9DCF8B8BD5B->529edf8e-8eae-4246-b33f-5e44130d441c@group-A1CD1332DC7D, cid=3194, SUCCESS, logIndex=4776, commits[529edf8e-8eae-4246-b33f-5e44130d441c:c4777, 79bffca9-b028-4c53-a657-872ed973be73:c4773, 15654dff-55cd-4f70-96d8-4abf0c061563:c4773]
2019-07-09 15:04:45,703 INFO  client.GrpcClientProtocolClient (GrpcClientProtocolClient.java:onNext(255)) - client-A9DCF8B8BD5B->529edf8e-8eae-4246-b33f-5e44130d441c: receive RaftClientReply:client-A9DCF8B8BD5B->529edf8e-8eae-4246-b33f-5e44130d441c@group-A1CD1332DC7D, cid=3195, SUCCESS, logIndex=4777, commits[529edf8e-8eae-4246-b33f-5e44130d441c:c4777, 79bffca9-b028-4c53-a657-872ed973be73:c4773, 15654dff-55cd-4f70-96d8-4abf0c061563:c4773]
2019-07-09 15:04:45,718 INFO  client.GrpcClientProtocolClient (GrpcClientProtocolClient.java:onNext(255)) - client-A9DCF8B8BD5B->529edf8e-8eae-4246-b33f-5e44130d441c: receive RaftClientReply:client-A9DCF8B8BD5B->529edf8e-8eae-4246-b33f-5e44130d441c@group-A1CD1332DC7D, cid=3196, SUCCESS, logIndex=0, commits[529edf8e-8eae-4246-b33f-5e44130d441c:c4779, 79bffca9-b028-4c53-a657-872ed973be73:c4777, 15654dff-55cd-4f70-96d8-4abf0c061563:c4777]
2019-07-09 15:04:45,752 INFO  client.GrpcClientProtocolClient (GrpcClientProtocolClient.java:onNext(255)) - client-A9DCF8B8BD5B->529edf8e-8eae-4246-b33f-5e44130d441c: receive RaftClientReply:client-A9DCF8B8BD5B->529edf8e-8eae-4246-b33f-5e44130d441c@group-A1CD1332DC7D, cid=3197, SUCCESS, logIndex=4780, commits[529edf8e-8eae-4246-b33f-5e44130d441c:c4782, 79bffca9-b028-4c53-a657-872ed973be73:c4779, 15654dff-55cd-4f70-96d8-4abf0c061563:c4779]
2019-07-09 15:04:45,752 INFO  client.GrpcClientProtocolClient (GrpcClientProtocolClient.java:onNext(255)) - client-A9DCF8B8BD5B->529edf8e-8eae-4246-b33f-5e44130d441c: receive RaftClientReply:client-A9DCF8B8BD5B->529edf8e-8eae-4246-b33f-5e44130d441c@group-A1CD1332DC7D, cid=3198, SUCCESS, logIndex=4781, commits[529edf8e-8eae-4246-b33f-5e44130d441c:c4783, 79bffca9-b028-4c53-a657-872ed973be73:c4779, 15654dff-55cd-4f70-96d8-4abf0c061563:c4779]
2019-07-09 15:04:45,753 INFO  client.GrpcClientProtocolClient (GrpcClientProtocolClient.java:onNext(255)) - client-A9DCF8B8BD5B->529edf8e-8eae-4246-b33f-5e44130d441c: receive RaftClientReply:client-A9DCF8B8BD5B->529edf8e-8eae-4246-b33f-5e44130d441c@group-A1CD1332DC7D, cid=3199, SUCCESS, logIndex=4782, commits[529edf8e-8eae-4246-b33f-5e44130d441c:c4783, 79bffca9-b028-4c53-a657-872ed973be73:c4779, 15654dff-55cd-4f70-96d8-4abf0c061563:c4779]
2019-07-09 15:04:45,753 INFO  client.GrpcClientProtocolClient (GrpcClientProtocolClient.java:onNext(255)) - client-A9DCF8B8BD5B->529edf8e-8eae-4246-b33f-5e44130d441c: receive RaftClientReply:client-A9DCF8B8BD5B->529edf8e-8eae-4246-b33f-5e44130d441c@group-A1CD1332DC7D, cid=3200, SUCCESS, logIndex=4783, commits[529edf8e-8eae-4246-b33f-5e44130d441c:c4783, 79bffca9-b028-4c53-a657-872ed973be73:c4779, 15654dff-55cd-4f70-96d8-4abf0c061563:c4779]
2019-07-09 15:04:45,765 INFO  client.GrpcClientProtocolClient (GrpcClientProtocolClient.java:onNext(255)) - client-A9DCF8B8BD5B->529edf8e-8eae-4246-b33f-5e44130d441c: receive RaftClientReply:client-A9DCF8B8BD5B->529edf8e-8eae-4246-b33f-5e44130d441c@group-A1CD1332DC7D, cid=3201, SUCCESS, logIndex=0, commits[529edf8e-8eae-4246-b33f-5e44130d441c:c4786, 79bffca9-b028-4c53-a657-872ed973be73:c4782, 15654dff-55cd-4f70-96d8-4abf0c061563:c4783]
2019-07-09 15:04:45,783 INFO  client.GrpcClientProtocolClient (GrpcClientProtocolClient.java:onNext(255)) - client-A9DCF8B8BD5B->529edf8e-8eae-4246-b33f-5e44130d441c: receive RaftClientReply:client-A9DCF8B8BD5B->529edf8e-8eae-4246-b33f-5e44130d441c@group-A1CD1332DC7D, cid=3202, SUCCESS, logIndex=4788, commits[529edf8e-8eae-4246-b33f-5e44130d441c:c4789, 79bffca9-b028-4c53-a657-872ed973be73:c4787, 15654dff-55cd-4f70-96d8-4abf0c061563:c4787]
2019-07-09 15:04:45,783 INFO  client.GrpcClientProtocolClient (GrpcClientProtocolClient.java:onNext(255)) - client-A9DCF8B8BD5B->529edf8e-8eae-4246-b33f-5e44130d441c: receive RaftClientReply:client-A9DCF8B8BD5B->529edf8e-8eae-4246-b33f-5e44130d441c@group-A1CD1332DC7D, cid=3203, SUCCESS, logIndex=4789, commits[529edf8e-8eae-4246-b33f-5e44130d441c:c4789, 79bffca9-b028-4c53-a657-872ed973be73:c4787, 15654dff-55cd-4f70-96d8-4abf0c061563:c4787]
2019-07-09 15:04:45,796 INFO  client.GrpcClientProtocolClient (GrpcClientProtocolClient.java:onNext(255)) - client-A9DCF8B8BD5B->529edf8e-8eae-4246-b33f-5e44130d441c: receive RaftClientReply:client-A9DCF8B8BD5B->529edf8e-8eae-4246-b33f-5e44130d441c@group-A1CD1332DC7D, cid=3204, SUCCESS, logIndex=4792, commits[529edf8e-8eae-4246-b33f-5e44130d441c:c4793, 79bffca9-b028-4c53-a657-872ed973be73:c4789, 15654dff-55cd-4f70-96d8-4abf0c061563:c4789]
2019-07-09 15:04:45,797 INFO  client.GrpcClientProtocolClient (GrpcClientProtocolClient.java:onNext(255)) - client-A9DCF8B8BD5B->529edf8e-8eae-4246-b33f-5e44130d441c: receive RaftClientReply:client-A9DCF8B8BD5B->529edf8e-8eae-4246-b33f-5e44130d441c@group-A1CD1332DC7D, cid=3205, SUCCESS, logIndex=4793, commits[529edf8e-8eae-4246-b33f-5e44130d441c:c4793, 79bffca9-b028-4c53-a657-872ed973be73:c4789, 15654dff-55cd-4f70-96d8-4abf0c061563:c4789]
2019-07-09 15:04:45,809 INFO  client.GrpcClientProtocolClient (GrpcClientProtocolClient.java:onNext(255)) - client-A9DCF8B8BD5B->529edf8e-8eae-4246-b33f-5e44130d441c: receive RaftClientReply:client-A9DCF8B8BD5B->529edf8e-8eae-4246-b33f-5e44130d441c@group-A1CD1332DC7D, cid=3206, SUCCESS, logIndex=0, commits[529edf8e-8eae-4246-b33f-5e44130d441c:c4794, 79bffca9-b028-4c53-a657-872ed973be73:c4793, 15654dff-55cd-4f70-96d8-4abf0c061563:c4793]
2019-07-09 15:04:45,843 INFO  client.GrpcClientProtocolClient (GrpcClientProtocolClient.java:onNext(255)) - client-A9DCF8B8BD5B->529edf8e-8eae-4246-b33f-5e44130d441c: receive RaftClientReply:client-A9DCF8B8BD5B->529edf8e-8eae-4246-b33f-5e44130d441c@group-A1CD1332DC7D, cid=3207, SUCCESS, logIndex=4796, commits[529edf8e-8eae-4246-b33f-5e44130d441c:c4798, 79bffca9-b028-4c53-a657-872ed973be73:c4795, 15654dff-55cd-4f70-96d8-4abf0c061563:c4795]
2019-07-09 15:04:45,844 INFO  client.GrpcClientProtocolClient (GrpcClientProtocolClient.java:onNext(255)) - client-A9DCF8B8BD5B->529edf8e-8eae-4246-b33f-5e44130d441c: receive RaftClientReply:client-A9DCF8B8BD5B->529edf8e-8eae-4246-b33f-5e44130d441c@group-A1CD1332DC7D, cid=3208, SUCCESS, logIndex=4797, commits[529edf8e-8eae-4246-b33f-5e44130d441c:c4799, 79bffca9-b028-4c53-a657-872ed973be73:c4795, 15654dff-55cd-4f70-96d8-4abf0c061563:c4795]
2019-07-09 15:04:45,844 INFO  client.GrpcClientProtocolClient (GrpcClientProtocolClient.java:onNext(255)) - client-A9DCF8B8BD5B->529edf8e-8eae-4246-b33f-5e44130d441c: receive RaftClientReply:client-A9DCF8B8BD5B->529edf8e-8eae-4246-b33f-5e44130d441c@group-A1CD1332DC7D, cid=3209, SUCCESS, logIndex=4798, commits[529edf8e-8eae-4246-b33f-5e44130d441c:c4799, 79bffca9-b028-4c53-a657-872ed973be73:c4795, 15654dff-55cd-4f70-96d8-4abf0c061563:c4795]
2019-07-09 15:04:45,845 INFO  client.GrpcClientProtocolClient (GrpcClientProtocolClient.java:onNext(255)) - client-A9DCF8B8BD5B->529edf8e-8eae-4246-b33f-5e44130d441c: receive RaftClientReply:client-A9DCF8B8BD5B->529edf8e-8eae-4246-b33f-5e44130d441c@group-A1CD1332DC7D, cid=3210, SUCCESS, logIndex=4799, commits[529edf8e-8eae-4246-b33f-5e44130d441c:c4799, 79bffca9-b028-4c53-a657-872ed973be73:c4795, 15654dff-55cd-4f70-96d8-4abf0c061563:c4795]
2019-07-09 15:04:45,856 INFO  client.GrpcClientProtocolClient (GrpcClientProtocolClient.java:onNext(255)) - client-A9DCF8B8BD5B->529edf8e-8eae-4246-b33f-5e44130d441c: receive RaftClientReply:client-A9DCF8B8BD5B->529edf8e-8eae-4246-b33f-5e44130d441c@group-A1CD1332DC7D, cid=3211, SUCCESS, logIndex=0, commits[529edf8e-8eae-4246-b33f-5e44130d441c:c4801, 79bffca9-b028-4c53-a657-872ed973be73:c4797, 15654dff-55cd-4f70-96d8-4abf0c061563:c4797]
2019-07-09 15:04:45,876 INFO  client.GrpcClientProtocolClient (GrpcClientProtocolClient.java:onNext(255)) - client-A9DCF8B8BD5B->529edf8e-8eae-4246-b33f-5e44130d441c: receive RaftClientReply:client-A9DCF8B8BD5B->529edf8e-8eae-4246-b33f-5e44130d441c@group-A1CD1332DC7D, cid=3212, SUCCESS, logIndex=4804, commits[529edf8e-8eae-4246-b33f-5e44130d441c:c4805, 79bffca9-b028-4c53-a657-872ed973be73:c4803, 15654dff-55cd-4f70-96d8-4abf0c061563:c4803]
2019-07-09 15:04:45,876 INFO  client.GrpcClientProtocolClient (GrpcClientProtocolClient.java:onNext(255)) - client-A9DCF8B8BD5B->529edf8e-8eae-4246-b33f-5e44130d441c: receive RaftClientReply:client-A9DCF8B8BD5B->529edf8e-8eae-4246-b33f-5e44130d441c@group-A1CD1332DC7D, cid=3213, SUCCESS, logIndex=4805, commits[529edf8e-8eae-4246-b33f-5e44130d441c:c4805, 79bffca9-b028-4c53-a657-872ed973be73:c4803, 15654dff-55cd-4f70-96d8-4abf0c061563:c4803]
2019-07-09 15:04:45,889 INFO  client.GrpcClientProtocolClient (GrpcClientProtocolClient.java:onNext(255)) - client-A9DCF8B8BD5B->529edf8e-8eae-4246-b33f-5e44130d441c: receive RaftClientReply:client-A9DCF8B8BD5B->529edf8e-8eae-4246-b33f-5e44130d441c@group-A1CD1332DC7D, cid=3214, SUCCESS, logIndex=4808, commits[529edf8e-8eae-4246-b33f-5e44130d441c:c4809, 79bffca9-b028-4c53-a657-872ed973be73:c4805, 15654dff-55cd-4f70-96d8-4abf0c061563:c4805]
2019-07-09 15:04:45,889 INFO  client.GrpcClientProtocolClient (GrpcClientProtocolClient.java:onNext(255)) - client-A9DCF8B8BD5B->529edf8e-8eae-4246-b33f-5e44130d441c: receive RaftClientReply:client-A9DCF8B8BD5B->529edf8e-8eae-4246-b33f-5e44130d441c@group-A1CD1332DC7D, cid=3215, SUCCESS, logIndex=4809, commits[529edf8e-8eae-4246-b33f-5e44130d441c:c4809, 79bffca9-b028-4c53-a657-872ed973be73:c4805, 15654dff-55cd-4f70-96d8-4abf0c061563:c4805]
2019-07-09 15:04:45,902 INFO  client.GrpcClientProtocolClient (GrpcClientProtocolClient.java:onNext(255)) - client-A9DCF8B8BD5B->529edf8e-8eae-4246-b33f-5e44130d441c: receive RaftClientReply:client-A9DCF8B8BD5B->529edf8e-8eae-4246-b33f-5e44130d441c@group-A1CD1332DC7D, cid=3216, SUCCESS, logIndex=0, commits[529edf8e-8eae-4246-b33f-5e44130d441c:c4811, 79bffca9-b028-4c53-a657-872ed973be73:c4809, 15654dff-55cd-4f70-96d8-4abf0c061563:c4809]
2019-07-09 15:04:45,937 INFO  client.GrpcClientProtocolClient (GrpcClientProtocolClient.java:onNext(255)) - client-A9DCF8B8BD5B->529edf8e-8eae-4246-b33f-5e44130d441c: receive RaftClientReply:client-A9DCF8B8BD5B->529edf8e-8eae-4246-b33f-5e44130d441c@group-A1CD1332DC7D, cid=3217, SUCCESS, logIndex=4812, commits[529edf8e-8eae-4246-b33f-5e44130d441c:c4813, 79bffca9-b028-4c53-a657-872ed973be73:c4811, 15654dff-55cd-4f70-96d8-4abf0c061563:c4811]
2019-07-09 15:04:45,938 INFO  client.GrpcClientProtocolClient (GrpcClientProtocolClient.java:onNext(255)) - client-A9DCF8B8BD5B->529edf8e-8eae-4246-b33f-5e44130d441c: receive RaftClientReply:client-A9DCF8B8BD5B->529edf8e-8eae-4246-b33f-5e44130d441c@group-A1CD1332DC7D, cid=3218, SUCCESS, logIndex=4813, commits[529edf8e-8eae-4246-b33f-5e44130d441c:c4815, 79bffca9-b028-4c53-a657-872ed973be73:c4811, 15654dff-55cd-4f70-96d8-4abf0c061563:c4811]
2019-07-09 15:04:45,938 INFO  client.GrpcClientProtocolClient (GrpcClientProtocolClient.java:onNext(255)) - client-A9DCF8B8BD5B->529edf8e-8eae-4246-b33f-5e44130d441c: receive RaftClientReply:client-A9DCF8B8BD5B->529edf8e-8eae-4246-b33f-5e44130d441c@group-A1CD1332DC7D, cid=3219, SUCCESS, logIndex=4814, commits[529edf8e-8eae-4246-b33f-5e44130d441c:c4815, 79bffca9-b028-4c53-a657-872ed973be73:c4811, 15654dff-55cd-4f70-96d8-4abf0c061563:c4811]
2019-07-09 15:04:45,939 INFO  client.GrpcClientProtocolClient (GrpcClientProtocolClient.java:onNext(255)) - client-A9DCF8B8BD5B->529edf8e-8eae-4246-b33f-5e44130d441c: receive RaftClientReply:client-A9DCF8B8BD5B->529edf8e-8eae-4246-b33f-5e44130d441c@group-A1CD1332DC7D, cid=3220, SUCCESS, logIndex=4815, commits[529edf8e-8eae-4246-b33f-5e44130d441c:c4815, 79bffca9-b028-4c53-a657-872ed973be73:c4811, 15654dff-55cd-4f70-96d8-4abf0c061563:c4811]
2019-07-09 15:04:45,940 INFO  client.GrpcClientProtocolClient (GrpcClientProtocolClient.java:onNext(255)) - client-A9DCF8B8BD5B->529edf8e-8eae-4246-b33f-5e44130d441c: receive RaftClientReply:client-A9DCF8B8BD5B->529edf8e-8eae-4246-b33f-5e44130d441c@group-A1CD1332DC7D, cid=3221, SUCCESS, logIndex=0, commits[529edf8e-8eae-4246-b33f-5e44130d441c:c4818, 79bffca9-b028-4c53-a657-872ed973be73:c4814, 15654dff-55cd-4f70-96d8-4abf0c061563:c4814]
2019-07-09 15:04:45,962 INFO  client.GrpcClientProtocolClient (GrpcClientProtocolClient.java:onNext(255)) - client-A9DCF8B8BD5B->529edf8e-8eae-4246-b33f-5e44130d441c: receive RaftClientReply:client-A9DCF8B8BD5B->529edf8e-8eae-4246-b33f-5e44130d441c@group-A1CD1332DC7D, cid=3222, SUCCESS, logIndex=4820, commits[529edf8e-8eae-4246-b33f-5e44130d441c:c4821, 79bffca9-b028-4c53-a657-872ed973be73:c4819, 15654dff-55cd-4f70-96d8-4abf0c061563:c4819]
2019-07-09 15:04:45,962 INFO  client.GrpcClientProtocolClient (GrpcClientProtocolClient.java:onNext(255)) - client-A9DCF8B8BD5B->529edf8e-8eae-4246-b33f-5e44130d441c: receive RaftClientReply:client-A9DCF8B8BD5B->529edf8e-8eae-4246-b33f-5e44130d441c@group-A1CD1332DC7D, cid=3223, SUCCESS, logIndex=4821, commits[529edf8e-8eae-4246-b33f-5e44130d441c:c4821, 79bffca9-b028-4c53-a657-872ed973be73:c4819, 15654dff-55cd-4f70-96d8-4abf0c061563:c4819]
2019-07-09 15:04:45,976 INFO  client.GrpcClientProtocolClient (GrpcClientProtocolClient.java:onNext(255)) - client-A9DCF8B8BD5B->529edf8e-8eae-4246-b33f-5e44130d441c: receive RaftClientReply:client-A9DCF8B8BD5B->529edf8e-8eae-4246-b33f-5e44130d441c@group-A1CD1332DC7D, cid=3224, SUCCESS, logIndex=4824, commits[529edf8e-8eae-4246-b33f-5e44130d441c:c4825, 79bffca9-b028-4c53-a657-872ed973be73:c4821, 15654dff-55cd-4f70-96d8-4abf0c061563:c4821]
2019-07-09 15:04:45,976 INFO  client.GrpcClientProtocolClient (GrpcClientProtocolClient.java:onNext(255)) - client-A9DCF8B8BD5B->529edf8e-8eae-4246-b33f-5e44130d441c: receive RaftClientReply:client-A9DCF8B8BD5B->529edf8e-8eae-4246-b33f-5e44130d441c@group-A1CD1332DC7D, cid=3225, SUCCESS, logIndex=4825, commits[529edf8e-8eae-4246-b33f-5e44130d441c:c4825, 79bffca9-b028-4c53-a657-872ed973be73:c4821, 15654dff-55cd-4f70-96d8-4abf0c061563:c4821]
2019-07-09 15:04:45,989 INFO  client.GrpcClientProtocolClient (GrpcClientProtocolClient.java:onNext(255)) - client-A9DCF8B8BD5B->529edf8e-8eae-4246-b33f-5e44130d441c: receive RaftClientReply:client-A9DCF8B8BD5B->529edf8e-8eae-4246-b33f-5e44130d441c@group-A1CD1332DC7D, cid=3226, SUCCESS, logIndex=0, commits[529edf8e-8eae-4246-b33f-5e44130d441c:c4827, 79bffca9-b028-4c53-a657-872ed973be73:c4825, 15654dff-55cd-4f70-96d8-4abf0c061563:c4825]
2019-07-09 15:04:46,024 INFO  client.GrpcClientProtocolClient (GrpcClientProtocolClient.java:onNext(255)) - client-A9DCF8B8BD5B->529edf8e-8eae-4246-b33f-5e44130d441c: receive RaftClientReply:client-A9DCF8B8BD5B->529edf8e-8eae-4246-b33f-5e44130d441c@group-A1CD1332DC7D, cid=3227, SUCCESS, logIndex=4828, commits[529edf8e-8eae-4246-b33f-5e44130d441c:c4829, 79bffca9-b028-4c53-a657-872ed973be73:c4827, 15654dff-55cd-4f70-96d8-4abf0c061563:c4825]
2019-07-09 15:04:46,025 INFO  client.GrpcClientProtocolClient (GrpcClientProtocolClient.java:onNext(255)) - client-A9DCF8B8BD5B->529edf8e-8eae-4246-b33f-5e44130d441c: receive RaftClientReply:client-A9DCF8B8BD5B->529edf8e-8eae-4246-b33f-5e44130d441c@group-A1CD1332DC7D, cid=3228, SUCCESS, logIndex=4829, commits[529edf8e-8eae-4246-b33f-5e44130d441c:c4829, 79bffca9-b028-4c53-a657-872ed973be73:c4827, 15654dff-55cd-4f70-96d8-4abf0c061563:c4825]
2019-07-09 15:04:46,038 INFO  client.GrpcClientProtocolClient (GrpcClientProtocolClient.java:onNext(255)) - client-A9DCF8B8BD5B->529edf8e-8eae-4246-b33f-5e44130d441c: receive RaftClientReply:client-A9DCF8B8BD5B->529edf8e-8eae-4246-b33f-5e44130d441c@group-A1CD1332DC7D, cid=3229, SUCCESS, logIndex=4830, commits[529edf8e-8eae-4246-b33f-5e44130d441c:c4831, 79bffca9-b028-4c53-a657-872ed973be73:c4827, 15654dff-55cd-4f70-96d8-4abf0c061563:c4827]
2019-07-09 15:04:46,038 INFO  client.GrpcClientProtocolClient (GrpcClientProtocolClient.java:onNext(255)) - client-A9DCF8B8BD5B->529edf8e-8eae-4246-b33f-5e44130d441c: receive RaftClientReply:client-A9DCF8B8BD5B->529edf8e-8eae-4246-b33f-5e44130d441c@group-A1CD1332DC7D, cid=3230, SUCCESS, logIndex=4831, commits[529edf8e-8eae-4246-b33f-5e44130d441c:c4831, 79bffca9-b028-4c53-a657-872ed973be73:c4827, 15654dff-55cd-4f70-96d8-4abf0c061563:c4827]
2019-07-09 15:04:46,040 INFO  client.GrpcClientProtocolClient (GrpcClientProtocolClient.java:onNext(255)) - client-A9DCF8B8BD5B->529edf8e-8eae-4246-b33f-5e44130d441c: receive RaftClientReply:client-A9DCF8B8BD5B->529edf8e-8eae-4246-b33f-5e44130d441c@group-A1CD1332DC7D, cid=3231, SUCCESS, logIndex=0, commits[529edf8e-8eae-4246-b33f-5e44130d441c:c4833, 79bffca9-b028-4c53-a657-872ed973be73:c4829, 15654dff-55cd-4f70-96d8-4abf0c061563:c4829]
2019-07-09 15:04:46,071 INFO  client.GrpcClientProtocolClient (GrpcClientProtocolClient.java:onNext(255)) - client-A9DCF8B8BD5B->529edf8e-8eae-4246-b33f-5e44130d441c: receive RaftClientReply:client-A9DCF8B8BD5B->529edf8e-8eae-4246-b33f-5e44130d441c@group-A1CD1332DC7D, cid=3232, SUCCESS, logIndex=4836, commits[529edf8e-8eae-4246-b33f-5e44130d441c:c4837, 79bffca9-b028-4c53-a657-872ed973be73:c4835, 15654dff-55cd-4f70-96d8-4abf0c061563:c4835]
2019-07-09 15:04:46,071 INFO  client.GrpcClientProtocolClient (GrpcClientProtocolClient.java:onNext(255)) - client-A9DCF8B8BD5B->529edf8e-8eae-4246-b33f-5e44130d441c: receive RaftClientReply:client-A9DCF8B8BD5B->529edf8e-8eae-4246-b33f-5e44130d441c@group-A1CD1332DC7D, cid=3233, SUCCESS, logIndex=4837, commits[529edf8e-8eae-4246-b33f-5e44130d441c:c4837, 79bffca9-b028-4c53-a657-872ed973be73:c4835, 15654dff-55cd-4f70-96d8-4abf0c061563:c4835]
2019-07-09 15:04:46,084 INFO  client.GrpcClientProtocolClient (GrpcClientProtocolClient.java:onNext(255)) - client-A9DCF8B8BD5B->529edf8e-8eae-4246-b33f-5e44130d441c: receive RaftClientReply:client-A9DCF8B8BD5B->529edf8e-8eae-4246-b33f-5e44130d441c@group-A1CD1332DC7D, cid=3234, SUCCESS, logIndex=4840, commits[529edf8e-8eae-4246-b33f-5e44130d441c:c4841, 79bffca9-b028-4c53-a657-872ed973be73:c4837, 15654dff-55cd-4f70-96d8-4abf0c061563:c4837]
2019-07-09 15:04:46,085 INFO  client.GrpcClientProtocolClient (GrpcClientProtocolClient.java:onNext(255)) - client-A9DCF8B8BD5B->529edf8e-8eae-4246-b33f-5e44130d441c: receive RaftClientReply:client-A9DCF8B8BD5B->529edf8e-8eae-4246-b33f-5e44130d441c@group-A1CD1332DC7D, cid=3235, SUCCESS, logIndex=4841, commits[529edf8e-8eae-4246-b33f-5e44130d441c:c4841, 79bffca9-b028-4c53-a657-872ed973be73:c4837, 15654dff-55cd-4f70-96d8-4abf0c061563:c4837]
 0.00% |█                                                                                                    |  0/1 Time: 0:00:282019-07-09 15:04:46,108 INFO  client.GrpcClientProtocolClient (GrpcClientProtocolClient.java:onNext(255)) - client-A9DCF8B8BD5B->529edf8e-8eae-4246-b33f-5e44130d441c: receive RaftClientReply:client-A9DCF8B8BD5B->529edf8e-8eae-4246-b33f-5e44130d441c@group-A1CD1332DC7D, cid=3236, SUCCESS, logIndex=0, commits[529edf8e-8eae-4246-b33f-5e44130d441c:c4843, 79bffca9-b028-4c53-a657-872ed973be73:c4841, 15654dff-55cd-4f70-96d8-4abf0c061563:c4841]
2019-07-09 15:04:46,141 INFO  client.GrpcClientProtocolClient (GrpcClientProtocolClient.java:onNext(255)) - client-A9DCF8B8BD5B->529edf8e-8eae-4246-b33f-5e44130d441c: receive RaftClientReply:client-A9DCF8B8BD5B->529edf8e-8eae-4246-b33f-5e44130d441c@group-A1CD1332DC7D, cid=3237, SUCCESS, logIndex=4844, commits[529edf8e-8eae-4246-b33f-5e44130d441c:c4845, 79bffca9-b028-4c53-a657-872ed973be73:c4843, 15654dff-55cd-4f70-96d8-4abf0c061563:c4843]
2019-07-09 15:04:46,142 INFO  client.GrpcClientProtocolClient (GrpcClientProtocolClient.java:onNext(255)) - client-A9DCF8B8BD5B->529edf8e-8eae-4246-b33f-5e44130d441c: receive RaftClientReply:client-A9DCF8B8BD5B->529edf8e-8eae-4246-b33f-5e44130d441c@group-A1CD1332DC7D, cid=3238, SUCCESS, logIndex=4845, commits[529edf8e-8eae-4246-b33f-5e44130d441c:c4845, 79bffca9-b028-4c53-a657-872ed973be73:c4843, 15654dff-55cd-4f70-96d8-4abf0c061563:c4843]
2019-07-09 15:04:46,143 INFO  client.GrpcClientProtocolClient (GrpcClientProtocolClient.java:onNext(255)) - client-A9DCF8B8BD5B->529edf8e-8eae-4246-b33f-5e44130d441c: receive RaftClientReply:client-A9DCF8B8BD5B->529edf8e-8eae-4246-b33f-5e44130d441c@group-A1CD1332DC7D, cid=3239, SUCCESS, logIndex=4846, commits[529edf8e-8eae-4246-b33f-5e44130d441c:c4846, 79bffca9-b028-4c53-a657-872ed973be73:c4843, 15654dff-55cd-4f70-96d8-4abf0c061563:c4843]
2019-07-09 15:04:46,143 INFO  client.GrpcClientProtocolClient (GrpcClientProtocolClient.java:onNext(255)) - client-A9DCF8B8BD5B->529edf8e-8eae-4246-b33f-5e44130d441c: receive RaftClientReply:client-A9DCF8B8BD5B->529edf8e-8eae-4246-b33f-5e44130d441c@group-A1CD1332DC7D, cid=3240, SUCCESS, logIndex=4847, commits[529edf8e-8eae-4246-b33f-5e44130d441c:c4847, 79bffca9-b028-4c53-a657-872ed973be73:c4843, 15654dff-55cd-4f70-96d8-4abf0c061563:c4843]
2019-07-09 15:04:46,144 INFO  client.GrpcClientProtocolClient (GrpcClientProtocolClient.java:onNext(255)) - client-A9DCF8B8BD5B->529edf8e-8eae-4246-b33f-5e44130d441c: receive RaftClientReply:client-A9DCF8B8BD5B->529edf8e-8eae-4246-b33f-5e44130d441c@group-A1CD1332DC7D, cid=3241, SUCCESS, logIndex=0, commits[529edf8e-8eae-4246-b33f-5e44130d441c:c4849, 79bffca9-b028-4c53-a657-872ed973be73:c4845, 15654dff-55cd-4f70-96d8-4abf0c061563:c4845]
2019-07-09 15:04:46,166 INFO  client.GrpcClientProtocolClient (GrpcClientProtocolClient.java:onNext(255)) - client-A9DCF8B8BD5B->529edf8e-8eae-4246-b33f-5e44130d441c: receive RaftClientReply:client-A9DCF8B8BD5B->529edf8e-8eae-4246-b33f-5e44130d441c@group-A1CD1332DC7D, cid=3242, SUCCESS, logIndex=4852, commits[529edf8e-8eae-4246-b33f-5e44130d441c:c4853, 79bffca9-b028-4c53-a657-872ed973be73:c4851, 15654dff-55cd-4f70-96d8-4abf0c061563:c4851]
2019-07-09 15:04:46,166 INFO  client.GrpcClientProtocolClient (GrpcClientProtocolClient.java:onNext(255)) - client-A9DCF8B8BD5B->529edf8e-8eae-4246-b33f-5e44130d441c: receive RaftClientReply:client-A9DCF8B8BD5B->529edf8e-8eae-4246-b33f-5e44130d441c@group-A1CD1332DC7D, cid=3243, SUCCESS, logIndex=4853, commits[529edf8e-8eae-4246-b33f-5e44130d441c:c4853, 79bffca9-b028-4c53-a657-872ed973be73:c4851, 15654dff-55cd-4f70-96d8-4abf0c061563:c4851]
2019-07-09 15:04:46,179 INFO  client.GrpcClientProtocolClient (GrpcClientProtocolClient.java:onNext(255)) - client-A9DCF8B8BD5B->529edf8e-8eae-4246-b33f-5e44130d441c: receive RaftClientReply:client-A9DCF8B8BD5B->529edf8e-8eae-4246-b33f-5e44130d441c@group-A1CD1332DC7D, cid=3244, SUCCESS, logIndex=4856, commits[529edf8e-8eae-4246-b33f-5e44130d441c:c4857, 79bffca9-b028-4c53-a657-872ed973be73:c4853, 15654dff-55cd-4f70-96d8-4abf0c061563:c4853]
2019-07-09 15:04:46,179 INFO  client.GrpcClientProtocolClient (GrpcClientProtocolClient.java:onNext(255)) - client-A9DCF8B8BD5B->529edf8e-8eae-4246-b33f-5e44130d441c: receive RaftClientReply:client-A9DCF8B8BD5B->529edf8e-8eae-4246-b33f-5e44130d441c@group-A1CD1332DC7D, cid=3245, SUCCESS, logIndex=4857, commits[529edf8e-8eae-4246-b33f-5e44130d441c:c4857, 79bffca9-b028-4c53-a657-872ed973be73:c4853, 15654dff-55cd-4f70-96d8-4abf0c061563:c4853]
2019-07-09 15:04:46,190 INFO  client.GrpcClientProtocolClient (GrpcClientProtocolClient.java:onNext(255)) - client-A9DCF8B8BD5B->529edf8e-8eae-4246-b33f-5e44130d441c: receive RaftClientReply:client-A9DCF8B8BD5B->529edf8e-8eae-4246-b33f-5e44130d441c@group-A1CD1332DC7D, cid=3246, SUCCESS, logIndex=0, commits[529edf8e-8eae-4246-b33f-5e44130d441c:c4858, 79bffca9-b028-4c53-a657-872ed973be73:c4857, 15654dff-55cd-4f70-96d8-4abf0c061563:c4857]
2019-07-09 15:04:46,222 INFO  client.GrpcClientProtocolClient (GrpcClientProtocolClient.java:onNext(255)) - client-A9DCF8B8BD5B->529edf8e-8eae-4246-b33f-5e44130d441c: receive RaftClientReply:client-A9DCF8B8BD5B->529edf8e-8eae-4246-b33f-5e44130d441c@group-A1CD1332DC7D, cid=3247, SUCCESS, logIndex=4860, commits[529edf8e-8eae-4246-b33f-5e44130d441c:c4861, 79bffca9-b028-4c53-a657-872ed973be73:c4859, 15654dff-55cd-4f70-96d8-4abf0c061563:c4859]
2019-07-09 15:04:46,223 INFO  client.GrpcClientProtocolClient (GrpcClientProtocolClient.java:onNext(255)) - client-A9DCF8B8BD5B->529edf8e-8eae-4246-b33f-5e44130d441c: receive RaftClientReply:client-A9DCF8B8BD5B->529edf8e-8eae-4246-b33f-5e44130d441c@group-A1CD1332DC7D, cid=3248, SUCCESS, logIndex=4861, commits[529edf8e-8eae-4246-b33f-5e44130d441c:c4863, 79bffca9-b028-4c53-a657-872ed973be73:c4859, 15654dff-55cd-4f70-96d8-4abf0c061563:c4859]
2019-07-09 15:04:46,223 INFO  client.GrpcClientProtocolClient (GrpcClientProtocolClient.java:onNext(255)) - client-A9DCF8B8BD5B->529edf8e-8eae-4246-b33f-5e44130d441c: receive RaftClientReply:client-A9DCF8B8BD5B->529edf8e-8eae-4246-b33f-5e44130d441c@group-A1CD1332DC7D, cid=3249, SUCCESS, logIndex=4862, commits[529edf8e-8eae-4246-b33f-5e44130d441c:c4863, 79bffca9-b028-4c53-a657-872ed973be73:c4859, 15654dff-55cd-4f70-96d8-4abf0c061563:c4859]
2019-07-09 15:04:46,223 INFO  client.GrpcClientProtocolClient (GrpcClientProtocolClient.java:onNext(255)) - client-A9DCF8B8BD5B->529edf8e-8eae-4246-b33f-5e44130d441c: receive RaftClientReply:client-A9DCF8B8BD5B->529edf8e-8eae-4246-b33f-5e44130d441c@group-A1CD1332DC7D, cid=3250, SUCCESS, logIndex=4863, commits[529edf8e-8eae-4246-b33f-5e44130d441c:c4863, 79bffca9-b028-4c53-a657-872ed973be73:c4859, 15654dff-55cd-4f70-96d8-4abf0c061563:c4859]
2019-07-09 15:04:46,235 INFO  client.GrpcClientProtocolClient (GrpcClientProtocolClient.java:onNext(255)) - client-A9DCF8B8BD5B->529edf8e-8eae-4246-b33f-5e44130d441c: receive RaftClientReply:client-A9DCF8B8BD5B->529edf8e-8eae-4246-b33f-5e44130d441c@group-A1CD1332DC7D, cid=3251, SUCCESS, logIndex=0, commits[529edf8e-8eae-4246-b33f-5e44130d441c:c4865, 79bffca9-b028-4c53-a657-872ed973be73:c4861, 15654dff-55cd-4f70-96d8-4abf0c061563:c4861]
2019-07-09 15:04:46,255 INFO  client.GrpcClientProtocolClient (GrpcClientProtocolClient.java:onNext(255)) - client-A9DCF8B8BD5B->529edf8e-8eae-4246-b33f-5e44130d441c: receive RaftClientReply:client-A9DCF8B8BD5B->529edf8e-8eae-4246-b33f-5e44130d441c@group-A1CD1332DC7D, cid=3252, SUCCESS, logIndex=4868, commits[529edf8e-8eae-4246-b33f-5e44130d441c:c4869, 79bffca9-b028-4c53-a657-872ed973be73:c4867, 15654dff-55cd-4f70-96d8-4abf0c061563:c4867]
2019-07-09 15:04:46,255 INFO  client.GrpcClientProtocolClient (GrpcClientProtocolClient.java:onNext(255)) - client-A9DCF8B8BD5B->529edf8e-8eae-4246-b33f-5e44130d441c: receive RaftClientReply:client-A9DCF8B8BD5B->529edf8e-8eae-4246-b33f-5e44130d441c@group-A1CD1332DC7D, cid=3253, SUCCESS, logIndex=4869, commits[529edf8e-8eae-4246-b33f-5e44130d441c:c4869, 79bffca9-b028-4c53-a657-872ed973be73:c4867, 15654dff-55cd-4f70-96d8-4abf0c061563:c4867]
2019-07-09 15:04:46,268 INFO  client.GrpcClientProtocolClient (GrpcClientProtocolClient.java:onNext(255)) - client-A9DCF8B8BD5B->529edf8e-8eae-4246-b33f-5e44130d441c: receive RaftClientReply:client-A9DCF8B8BD5B->529edf8e-8eae-4246-b33f-5e44130d441c@group-A1CD1332DC7D, cid=3254, SUCCESS, logIndex=4872, commits[529edf8e-8eae-4246-b33f-5e44130d441c:c4873, 79bffca9-b028-4c53-a657-872ed973be73:c4869, 15654dff-55cd-4f70-96d8-4abf0c061563:c4869]
2019-07-09 15:04:46,269 INFO  client.GrpcClientProtocolClient (GrpcClientProtocolClient.java:onNext(255)) - client-A9DCF8B8BD5B->529edf8e-8eae-4246-b33f-5e44130d441c: receive RaftClientReply:client-A9DCF8B8BD5B->529edf8e-8eae-4246-b33f-5e44130d441c@group-A1CD1332DC7D, cid=3255, SUCCESS, logIndex=4873, commits[529edf8e-8eae-4246-b33f-5e44130d441c:c4873, 79bffca9-b028-4c53-a657-872ed973be73:c4869, 15654dff-55cd-4f70-96d8-4abf0c061563:c4869]
2019-07-09 15:04:46,281 INFO  client.GrpcClientProtocolClient (GrpcClientProtocolClient.java:onNext(255)) - client-A9DCF8B8BD5B->529edf8e-8eae-4246-b33f-5e44130d441c: receive RaftClientReply:client-A9DCF8B8BD5B->529edf8e-8eae-4246-b33f-5e44130d441c@group-A1CD1332DC7D, cid=3256, SUCCESS, logIndex=0, commits[529edf8e-8eae-4246-b33f-5e44130d441c:c4875, 79bffca9-b028-4c53-a657-872ed973be73:c4873, 15654dff-55cd-4f70-96d8-4abf0c061563:c4873]
2019-07-09 15:04:46,323 INFO  client.GrpcClientProtocolClient (GrpcClientProtocolClient.java:onNext(255)) - client-A9DCF8B8BD5B->529edf8e-8eae-4246-b33f-5e44130d441c: receive RaftClientReply:client-A9DCF8B8BD5B->529edf8e-8eae-4246-b33f-5e44130d441c@group-A1CD1332DC7D, cid=3257, SUCCESS, logIndex=4876, commits[529edf8e-8eae-4246-b33f-5e44130d441c:c4878, 79bffca9-b028-4c53-a657-872ed973be73:c4875, 15654dff-55cd-4f70-96d8-4abf0c061563:c4875]
2019-07-09 15:04:46,324 INFO  client.GrpcClientProtocolClient (GrpcClientProtocolClient.java:onNext(255)) - client-A9DCF8B8BD5B->529edf8e-8eae-4246-b33f-5e44130d441c: receive RaftClientReply:client-A9DCF8B8BD5B->529edf8e-8eae-4246-b33f-5e44130d441c@group-A1CD1332DC7D, cid=3258, SUCCESS, logIndex=4877, commits[529edf8e-8eae-4246-b33f-5e44130d441c:c4879, 79bffca9-b028-4c53-a657-872ed973be73:c4875, 15654dff-55cd-4f70-96d8-4abf0c061563:c4875]
2019-07-09 15:04:46,324 INFO  client.GrpcClientProtocolClient (GrpcClientProtocolClient.java:onNext(255)) - client-A9DCF8B8BD5B->529edf8e-8eae-4246-b33f-5e44130d441c: receive RaftClientReply:client-A9DCF8B8BD5B->529edf8e-8eae-4246-b33f-5e44130d441c@group-A1CD1332DC7D, cid=3259, SUCCESS, logIndex=4878, commits[529edf8e-8eae-4246-b33f-5e44130d441c:c4879, 79bffca9-b028-4c53-a657-872ed973be73:c4875, 15654dff-55cd-4f70-96d8-4abf0c061563:c4875]
2019-07-09 15:04:46,324 INFO  client.GrpcClientProtocolClient (GrpcClientProtocolClient.java:onNext(255)) - client-A9DCF8B8BD5B->529edf8e-8eae-4246-b33f-5e44130d441c: receive RaftClientReply:client-A9DCF8B8BD5B->529edf8e-8eae-4246-b33f-5e44130d441c@group-A1CD1332DC7D, cid=3260, SUCCESS, logIndex=4879, commits[529edf8e-8eae-4246-b33f-5e44130d441c:c4879, 79bffca9-b028-4c53-a657-872ed973be73:c4875, 15654dff-55cd-4f70-96d8-4abf0c061563:c4875]
2019-07-09 15:04:46,336 INFO  client.GrpcClientProtocolClient (GrpcClientProtocolClient.java:onNext(255)) - client-A9DCF8B8BD5B->529edf8e-8eae-4246-b33f-5e44130d441c: receive RaftClientReply:client-A9DCF8B8BD5B->529edf8e-8eae-4246-b33f-5e44130d441c@group-A1CD1332DC7D, cid=3261, SUCCESS, logIndex=0, commits[529edf8e-8eae-4246-b33f-5e44130d441c:c4881, 79bffca9-b028-4c53-a657-872ed973be73:c4877, 15654dff-55cd-4f70-96d8-4abf0c061563:c4878]
2019-07-09 15:04:46,357 INFO  client.GrpcClientProtocolClient (GrpcClientProtocolClient.java:onNext(255)) - client-A9DCF8B8BD5B->529edf8e-8eae-4246-b33f-5e44130d441c: receive RaftClientReply:client-A9DCF8B8BD5B->529edf8e-8eae-4246-b33f-5e44130d441c@group-A1CD1332DC7D, cid=3262, SUCCESS, logIndex=4884, commits[529edf8e-8eae-4246-b33f-5e44130d441c:c4885, 79bffca9-b028-4c53-a657-872ed973be73:c4883, 15654dff-55cd-4f70-96d8-4abf0c061563:c4883]
2019-07-09 15:04:46,357 INFO  client.GrpcClientProtocolClient (GrpcClientProtocolClient.java:onNext(255)) - client-A9DCF8B8BD5B->529edf8e-8eae-4246-b33f-5e44130d441c: receive RaftClientReply:client-A9DCF8B8BD5B->529edf8e-8eae-4246-b33f-5e44130d441c@group-A1CD1332DC7D, cid=3263, SUCCESS, logIndex=4885, commits[529edf8e-8eae-4246-b33f-5e44130d441c:c4885, 79bffca9-b028-4c53-a657-872ed973be73:c4883, 15654dff-55cd-4f70-96d8-4abf0c061563:c4883]
2019-07-09 15:04:46,370 INFO  client.GrpcClientProtocolClient (GrpcClientProtocolClient.java:onNext(255)) - client-A9DCF8B8BD5B->529edf8e-8eae-4246-b33f-5e44130d441c: receive RaftClientReply:client-A9DCF8B8BD5B->529edf8e-8eae-4246-b33f-5e44130d441c@group-A1CD1332DC7D, cid=3264, SUCCESS, logIndex=4888, commits[529edf8e-8eae-4246-b33f-5e44130d441c:c4889, 79bffca9-b028-4c53-a657-872ed973be73:c4885, 15654dff-55cd-4f70-96d8-4abf0c061563:c4885]
2019-07-09 15:04:46,371 INFO  client.GrpcClientProtocolClient (GrpcClientProtocolClient.java:onNext(255)) - client-A9DCF8B8BD5B->529edf8e-8eae-4246-b33f-5e44130d441c: receive RaftClientReply:client-A9DCF8B8BD5B->529edf8e-8eae-4246-b33f-5e44130d441c@group-A1CD1332DC7D, cid=3265, SUCCESS, logIndex=4889, commits[529edf8e-8eae-4246-b33f-5e44130d441c:c4889, 79bffca9-b028-4c53-a657-872ed973be73:c4885, 15654dff-55cd-4f70-96d8-4abf0c061563:c4885]
2019-07-09 15:04:46,383 INFO  client.GrpcClientProtocolClient (GrpcClientProtocolClient.java:onNext(255)) - client-A9DCF8B8BD5B->529edf8e-8eae-4246-b33f-5e44130d441c: receive RaftClientReply:client-A9DCF8B8BD5B->529edf8e-8eae-4246-b33f-5e44130d441c@group-A1CD1332DC7D, cid=3266, SUCCESS, logIndex=0, commits[529edf8e-8eae-4246-b33f-5e44130d441c:c4891, 79bffca9-b028-4c53-a657-872ed973be73:c4889, 15654dff-55cd-4f70-96d8-4abf0c061563:c4889]
2019-07-09 15:04:46,901 WARN  util.JavaUtils (JavaUtils.java:sleep(250)) - Unexpected long sleep: sleep(1128ms) actually took 1450ms which is over the threshold 300ms
2019-07-09 15:04:46,903 WARN  impl.LogAppender (LogAppender.java:lambda$createRequest$1(218)) - 529edf8e-8eae-4246-b33f-5e44130d441c->15654dff-55cd-4f70-96d8-4abf0c061563: Failed to get (t:1, i:4894), STATEMACHINELOGENTRY, client-A9DCF8B8BD5B, cid=3269 in 498999952ns: {}
java.util.concurrent.TimeoutException
	at java.util.concurrent.CompletableFuture.timedGet(CompletableFuture.java:1771)
	at java.util.concurrent.CompletableFuture.get(CompletableFuture.java:1915)
	at org.apache.ratis.server.raftlog.RaftLog$EntryWithData.getEntry(RaftLog.java:476)
	at org.apache.ratis.util.DataQueue.pollList(DataQueue.java:134)
	at org.apache.ratis.server.impl.LogAppender.createRequest(LogAppender.java:217)
	at org.apache.ratis.grpc.server.GrpcLogAppender.appendLog(GrpcLogAppender.java:169)
	at org.apache.ratis.grpc.server.GrpcLogAppender.runAppenderImpl(GrpcLogAppender.java:113)
	at org.apache.ratis.server.impl.LogAppender$AppenderDaemon.run(LogAppender.java:80)
	at java.lang.Thread.run(Thread.java:748)
2019-07-09 15:04:46,903 WARN  impl.LogAppender (LogAppender.java:lambda$createRequest$1(218)) - 529edf8e-8eae-4246-b33f-5e44130d441c->79bffca9-b028-4c53-a657-872ed973be73: Failed to get (t:1, i:4894), STATEMACHINELOGENTRY, client-A9DCF8B8BD5B, cid=3269 in 498999885ns: {}
java.util.concurrent.TimeoutException
	at java.util.concurrent.CompletableFuture.timedGet(CompletableFuture.java:1771)
	at java.util.concurrent.CompletableFuture.get(CompletableFuture.java:1915)
	at org.apache.ratis.server.raftlog.RaftLog$EntryWithData.getEntry(RaftLog.java:476)
	at org.apache.ratis.util.DataQueue.pollList(DataQueue.java:134)
	at org.apache.ratis.server.impl.LogAppender.createRequest(LogAppender.java:217)
	at org.apache.ratis.grpc.server.GrpcLogAppender.appendLog(GrpcLogAppender.java:169)
	at org.apache.ratis.grpc.server.GrpcLogAppender.runAppenderImpl(GrpcLogAppender.java:113)
	at org.apache.ratis.server.impl.LogAppender$AppenderDaemon.run(LogAppender.java:80)
	at java.lang.Thread.run(Thread.java:748)
2019-07-09 15:04:46,916 INFO  client.GrpcClientProtocolClient (GrpcClientProtocolClient.java:onNext(255)) - client-A9DCF8B8BD5B->529edf8e-8eae-4246-b33f-5e44130d441c: receive RaftClientReply:client-A9DCF8B8BD5B->529edf8e-8eae-4246-b33f-5e44130d441c@group-A1CD1332DC7D, cid=3267, SUCCESS, logIndex=4892, commits[529edf8e-8eae-4246-b33f-5e44130d441c:c4893, 79bffca9-b028-4c53-a657-872ed973be73:c4891, 15654dff-55cd-4f70-96d8-4abf0c061563:c4891]
2019-07-09 15:04:46,917 INFO  client.GrpcClientProtocolClient (GrpcClientProtocolClient.java:onNext(255)) - client-A9DCF8B8BD5B->529edf8e-8eae-4246-b33f-5e44130d441c: receive RaftClientReply:client-A9DCF8B8BD5B->529edf8e-8eae-4246-b33f-5e44130d441c@group-A1CD1332DC7D, cid=3268, SUCCESS, logIndex=4893, commits[529edf8e-8eae-4246-b33f-5e44130d441c:c4893, 79bffca9-b028-4c53-a657-872ed973be73:c4891, 15654dff-55cd-4f70-96d8-4abf0c061563:c4891]
2019-07-09 15:04:46,917 INFO  client.GrpcClientProtocolClient (GrpcClientProtocolClient.java:onNext(255)) - client-A9DCF8B8BD5B->529edf8e-8eae-4246-b33f-5e44130d441c: receive RaftClientReply:client-A9DCF8B8BD5B->529edf8e-8eae-4246-b33f-5e44130d441c@group-A1CD1332DC7D, cid=3269, SUCCESS, logIndex=4894, commits[529edf8e-8eae-4246-b33f-5e44130d441c:c4895, 79bffca9-b028-4c53-a657-872ed973be73:c4891, 15654dff-55cd-4f70-96d8-4abf0c061563:c4891]
2019-07-09 15:04:46,918 INFO  client.GrpcClientProtocolClient (GrpcClientProtocolClient.java:onNext(255)) - client-A9DCF8B8BD5B->529edf8e-8eae-4246-b33f-5e44130d441c: receive RaftClientReply:client-A9DCF8B8BD5B->529edf8e-8eae-4246-b33f-5e44130d441c@group-A1CD1332DC7D, cid=3270, SUCCESS, logIndex=4895, commits[529edf8e-8eae-4246-b33f-5e44130d441c:c4895, 79bffca9-b028-4c53-a657-872ed973be73:c4891, 15654dff-55cd-4f70-96d8-4abf0c061563:c4891]
2019-07-09 15:04:46,919 INFO  client.GrpcClientProtocolClient (GrpcClientProtocolClient.java:onNext(255)) - client-A9DCF8B8BD5B->529edf8e-8eae-4246-b33f-5e44130d441c: receive RaftClientReply:client-A9DCF8B8BD5B->529edf8e-8eae-4246-b33f-5e44130d441c@group-A1CD1332DC7D, cid=3271, SUCCESS, logIndex=0, commits[529edf8e-8eae-4246-b33f-5e44130d441c:c4897, 79bffca9-b028-4c53-a657-872ed973be73:c4893, 15654dff-55cd-4f70-96d8-4abf0c061563:c4893]
2019-07-09 15:04:46,941 INFO  client.GrpcClientProtocolClient (GrpcClientProtocolClient.java:onNext(255)) - client-A9DCF8B8BD5B->529edf8e-8eae-4246-b33f-5e44130d441c: receive RaftClientReply:client-A9DCF8B8BD5B->529edf8e-8eae-4246-b33f-5e44130d441c@group-A1CD1332DC7D, cid=3272, SUCCESS, logIndex=4900, commits[529edf8e-8eae-4246-b33f-5e44130d441c:c4901, 79bffca9-b028-4c53-a657-872ed973be73:c4899, 15654dff-55cd-4f70-96d8-4abf0c061563:c4899]
2019-07-09 15:04:46,941 INFO  client.GrpcClientProtocolClient (GrpcClientProtocolClient.java:onNext(255)) - client-A9DCF8B8BD5B->529edf8e-8eae-4246-b33f-5e44130d441c: receive RaftClientReply:client-A9DCF8B8BD5B->529edf8e-8eae-4246-b33f-5e44130d441c@group-A1CD1332DC7D, cid=3273, SUCCESS, logIndex=4901, commits[529edf8e-8eae-4246-b33f-5e44130d441c:c4901, 79bffca9-b028-4c53-a657-872ed973be73:c4899, 15654dff-55cd-4f70-96d8-4abf0c061563:c4899]
2019-07-09 15:04:46,954 INFO  client.GrpcClientProtocolClient (GrpcClientProtocolClient.java:onNext(255)) - client-A9DCF8B8BD5B->529edf8e-8eae-4246-b33f-5e44130d441c: receive RaftClientReply:client-A9DCF8B8BD5B->529edf8e-8eae-4246-b33f-5e44130d441c@group-A1CD1332DC7D, cid=3274, SUCCESS, logIndex=4904, commits[529edf8e-8eae-4246-b33f-5e44130d441c:c4905, 79bffca9-b028-4c53-a657-872ed973be73:c4901, 15654dff-55cd-4f70-96d8-4abf0c061563:c4901]
2019-07-09 15:04:46,955 INFO  client.GrpcClientProtocolClient (GrpcClientProtocolClient.java:onNext(255)) - client-A9DCF8B8BD5B->529edf8e-8eae-4246-b33f-5e44130d441c: receive RaftClientReply:client-A9DCF8B8BD5B->529edf8e-8eae-4246-b33f-5e44130d441c@group-A1CD1332DC7D, cid=3275, SUCCESS, logIndex=4905, commits[529edf8e-8eae-4246-b33f-5e44130d441c:c4905, 79bffca9-b028-4c53-a657-872ed973be73:c4901, 15654dff-55cd-4f70-96d8-4abf0c061563:c4901]
2019-07-09 15:04:46,967 INFO  client.GrpcClientProtocolClient (GrpcClientProtocolClient.java:onNext(255)) - client-A9DCF8B8BD5B->529edf8e-8eae-4246-b33f-5e44130d441c: receive RaftClientReply:client-A9DCF8B8BD5B->529edf8e-8eae-4246-b33f-5e44130d441c@group-A1CD1332DC7D, cid=3276, SUCCESS, logIndex=0, commits[529edf8e-8eae-4246-b33f-5e44130d441c:c4907, 79bffca9-b028-4c53-a657-872ed973be73:c4905, 15654dff-55cd-4f70-96d8-4abf0c061563:c4905]
2019-07-09 15:04:46,998 INFO  client.GrpcClientProtocolClient (GrpcClientProtocolClient.java:onNext(255)) - client-A9DCF8B8BD5B->529edf8e-8eae-4246-b33f-5e44130d441c: receive RaftClientReply:client-A9DCF8B8BD5B->529edf8e-8eae-4246-b33f-5e44130d441c@group-A1CD1332DC7D, cid=3277, SUCCESS, logIndex=4908, commits[529edf8e-8eae-4246-b33f-5e44130d441c:c4909, 79bffca9-b028-4c53-a657-872ed973be73:c4907, 15654dff-55cd-4f70-96d8-4abf0c061563:c4907]
2019-07-09 15:04:46,999 INFO  client.GrpcClientProtocolClient (GrpcClientProtocolClient.java:onNext(255)) - client-A9DCF8B8BD5B->529edf8e-8eae-4246-b33f-5e44130d441c: receive RaftClientReply:client-A9DCF8B8BD5B->529edf8e-8eae-4246-b33f-5e44130d441c@group-A1CD1332DC7D, cid=3278, SUCCESS, logIndex=4909, commits[529edf8e-8eae-4246-b33f-5e44130d441c:c4911, 79bffca9-b028-4c53-a657-872ed973be73:c4907, 15654dff-55cd-4f70-96d8-4abf0c061563:c4907]
2019-07-09 15:04:47,000 INFO  client.GrpcClientProtocolClient (GrpcClientProtocolClient.java:onNext(255)) - client-A9DCF8B8BD5B->529edf8e-8eae-4246-b33f-5e44130d441c: receive RaftClientReply:client-A9DCF8B8BD5B->529edf8e-8eae-4246-b33f-5e44130d441c@group-A1CD1332DC7D, cid=3279, SUCCESS, logIndex=4910, commits[529edf8e-8eae-4246-b33f-5e44130d441c:c4911, 79bffca9-b028-4c53-a657-872ed973be73:c4907, 15654dff-55cd-4f70-96d8-4abf0c061563:c4907]
2019-07-09 15:04:47,000 INFO  client.GrpcClientProtocolClient (GrpcClientProtocolClient.java:onNext(255)) - client-A9DCF8B8BD5B->529edf8e-8eae-4246-b33f-5e44130d441c: receive RaftClientReply:client-A9DCF8B8BD5B->529edf8e-8eae-4246-b33f-5e44130d441c@group-A1CD1332DC7D, cid=3280, SUCCESS, logIndex=4911, commits[529edf8e-8eae-4246-b33f-5e44130d441c:c4911, 79bffca9-b028-4c53-a657-872ed973be73:c4907, 15654dff-55cd-4f70-96d8-4abf0c061563:c4907]
2019-07-09 15:04:47,001 INFO  client.GrpcClientProtocolClient (GrpcClientProtocolClient.java:onNext(255)) - client-A9DCF8B8BD5B->529edf8e-8eae-4246-b33f-5e44130d441c: receive RaftClientReply:client-A9DCF8B8BD5B->529edf8e-8eae-4246-b33f-5e44130d441c@group-A1CD1332DC7D, cid=3281, SUCCESS, logIndex=0, commits[529edf8e-8eae-4246-b33f-5e44130d441c:c4913, 79bffca9-b028-4c53-a657-872ed973be73:c4909, 15654dff-55cd-4f70-96d8-4abf0c061563:c4909]
2019-07-09 15:04:47,027 INFO  client.GrpcClientProtocolClient (GrpcClientProtocolClient.java:onNext(255)) - client-A9DCF8B8BD5B->529edf8e-8eae-4246-b33f-5e44130d441c: receive RaftClientReply:client-A9DCF8B8BD5B->529edf8e-8eae-4246-b33f-5e44130d441c@group-A1CD1332DC7D, cid=3282, SUCCESS, logIndex=4916, commits[529edf8e-8eae-4246-b33f-5e44130d441c:c4917, 79bffca9-b028-4c53-a657-872ed973be73:c4915, 15654dff-55cd-4f70-96d8-4abf0c061563:c4915]
2019-07-09 15:04:47,028 INFO  client.GrpcClientProtocolClient (GrpcClientProtocolClient.java:onNext(255)) - client-A9DCF8B8BD5B->529edf8e-8eae-4246-b33f-5e44130d441c: receive RaftClientReply:client-A9DCF8B8BD5B->529edf8e-8eae-4246-b33f-5e44130d441c@group-A1CD1332DC7D, cid=3283, SUCCESS, logIndex=4917, commits[529edf8e-8eae-4246-b33f-5e44130d441c:c4917, 79bffca9-b028-4c53-a657-872ed973be73:c4915, 15654dff-55cd-4f70-96d8-4abf0c061563:c4915]
2019-07-09 15:04:47,040 INFO  client.GrpcClientProtocolClient (GrpcClientProtocolClient.java:onNext(255)) - client-A9DCF8B8BD5B->529edf8e-8eae-4246-b33f-5e44130d441c: receive RaftClientReply:client-A9DCF8B8BD5B->529edf8e-8eae-4246-b33f-5e44130d441c@group-A1CD1332DC7D, cid=3284, SUCCESS, logIndex=4920, commits[529edf8e-8eae-4246-b33f-5e44130d441c:c4921, 79bffca9-b028-4c53-a657-872ed973be73:c4917, 15654dff-55cd-4f70-96d8-4abf0c061563:c4917]
2019-07-09 15:04:47,040 INFO  client.GrpcClientProtocolClient (GrpcClientProtocolClient.java:onNext(255)) - client-A9DCF8B8BD5B->529edf8e-8eae-4246-b33f-5e44130d441c: receive RaftClientReply:client-A9DCF8B8BD5B->529edf8e-8eae-4246-b33f-5e44130d441c@group-A1CD1332DC7D, cid=3285, SUCCESS, logIndex=4921, commits[529edf8e-8eae-4246-b33f-5e44130d441c:c4921, 79bffca9-b028-4c53-a657-872ed973be73:c4917, 15654dff-55cd-4f70-96d8-4abf0c061563:c4917]
2019-07-09 15:04:47,052 INFO  client.GrpcClientProtocolClient (GrpcClientProtocolClient.java:onNext(255)) - client-A9DCF8B8BD5B->529edf8e-8eae-4246-b33f-5e44130d441c: receive RaftClientReply:client-A9DCF8B8BD5B->529edf8e-8eae-4246-b33f-5e44130d441c@group-A1CD1332DC7D, cid=3286, SUCCESS, logIndex=0, commits[529edf8e-8eae-4246-b33f-5e44130d441c:c4923, 79bffca9-b028-4c53-a657-872ed973be73:c4921, 15654dff-55cd-4f70-96d8-4abf0c061563:c4921]
2019-07-09 15:04:47,080 INFO  client.GrpcClientProtocolClient (GrpcClientProtocolClient.java:onNext(255)) - client-A9DCF8B8BD5B->529edf8e-8eae-4246-b33f-5e44130d441c: receive RaftClientReply:client-A9DCF8B8BD5B->529edf8e-8eae-4246-b33f-5e44130d441c@group-A1CD1332DC7D, cid=3287, SUCCESS, logIndex=4924, commits[529edf8e-8eae-4246-b33f-5e44130d441c:c4925, 79bffca9-b028-4c53-a657-872ed973be73:c4923, 15654dff-55cd-4f70-96d8-4abf0c061563:c4923]
2019-07-09 15:04:47,081 INFO  client.GrpcClientProtocolClient (GrpcClientProtocolClient.java:onNext(255)) - client-A9DCF8B8BD5B->529edf8e-8eae-4246-b33f-5e44130d441c: receive RaftClientReply:client-A9DCF8B8BD5B->529edf8e-8eae-4246-b33f-5e44130d441c@group-A1CD1332DC7D, cid=3288, SUCCESS, logIndex=4925, commits[529edf8e-8eae-4246-b33f-5e44130d441c:c4925, 79bffca9-b028-4c53-a657-872ed973be73:c4923, 15654dff-55cd-4f70-96d8-4abf0c061563:c4923]
2019-07-09 15:04:47,081 INFO  client.GrpcClientProtocolClient (GrpcClientProtocolClient.java:onNext(255)) - client-A9DCF8B8BD5B->529edf8e-8eae-4246-b33f-5e44130d441c: receive RaftClientReply:client-A9DCF8B8BD5B->529edf8e-8eae-4246-b33f-5e44130d441c@group-A1CD1332DC7D, cid=3289, SUCCESS, logIndex=4926, commits[529edf8e-8eae-4246-b33f-5e44130d441c:c4927, 79bffca9-b028-4c53-a657-872ed973be73:c4923, 15654dff-55cd-4f70-96d8-4abf0c061563:c4923]
2019-07-09 15:04:47,081 INFO  client.GrpcClientProtocolClient (GrpcClientProtocolClient.java:onNext(255)) - client-A9DCF8B8BD5B->529edf8e-8eae-4246-b33f-5e44130d441c: receive RaftClientReply:client-A9DCF8B8BD5B->529edf8e-8eae-4246-b33f-5e44130d441c@group-A1CD1332DC7D, cid=3290, SUCCESS, logIndex=4927, commits[529edf8e-8eae-4246-b33f-5e44130d441c:c4927, 79bffca9-b028-4c53-a657-872ed973be73:c4923, 15654dff-55cd-4f70-96d8-4abf0c061563:c4923]
2019-07-09 15:04:47,082 INFO  client.GrpcClientProtocolClient (GrpcClientProtocolClient.java:onNext(255)) - client-A9DCF8B8BD5B->529edf8e-8eae-4246-b33f-5e44130d441c: receive RaftClientReply:client-A9DCF8B8BD5B->529edf8e-8eae-4246-b33f-5e44130d441c@group-A1CD1332DC7D, cid=3291, SUCCESS, logIndex=0, commits[529edf8e-8eae-4246-b33f-5e44130d441c:c4929, 79bffca9-b028-4c53-a657-872ed973be73:c4925, 15654dff-55cd-4f70-96d8-4abf0c061563:c4925]
 0.00% |█                                                                                                    |  0/1 Time: 0:00:292019-07-09 15:04:47,102 INFO  client.GrpcClientProtocolClient (GrpcClientProtocolClient.java:onNext(255)) - client-A9DCF8B8BD5B->529edf8e-8eae-4246-b33f-5e44130d441c: receive RaftClientReply:client-A9DCF8B8BD5B->529edf8e-8eae-4246-b33f-5e44130d441c@group-A1CD1332DC7D, cid=3292, SUCCESS, logIndex=4932, commits[529edf8e-8eae-4246-b33f-5e44130d441c:c4933, 79bffca9-b028-4c53-a657-872ed973be73:c4931, 15654dff-55cd-4f70-96d8-4abf0c061563:c4931]
2019-07-09 15:04:47,103 INFO  client.GrpcClientProtocolClient (GrpcClientProtocolClient.java:onNext(255)) - client-A9DCF8B8BD5B->529edf8e-8eae-4246-b33f-5e44130d441c: receive RaftClientReply:client-A9DCF8B8BD5B->529edf8e-8eae-4246-b33f-5e44130d441c@group-A1CD1332DC7D, cid=3293, SUCCESS, logIndex=4933, commits[529edf8e-8eae-4246-b33f-5e44130d441c:c4933, 79bffca9-b028-4c53-a657-872ed973be73:c4931, 15654dff-55cd-4f70-96d8-4abf0c061563:c4931]
2019-07-09 15:04:47,116 INFO  client.GrpcClientProtocolClient (GrpcClientProtocolClient.java:onNext(255)) - client-A9DCF8B8BD5B->529edf8e-8eae-4246-b33f-5e44130d441c: receive RaftClientReply:client-A9DCF8B8BD5B->529edf8e-8eae-4246-b33f-5e44130d441c@group-A1CD1332DC7D, cid=3294, SUCCESS, logIndex=4936, commits[529edf8e-8eae-4246-b33f-5e44130d441c:c4937, 79bffca9-b028-4c53-a657-872ed973be73:c4933, 15654dff-55cd-4f70-96d8-4abf0c061563:c4933]
2019-07-09 15:04:47,116 INFO  client.GrpcClientProtocolClient (GrpcClientProtocolClient.java:onNext(255)) - client-A9DCF8B8BD5B->529edf8e-8eae-4246-b33f-5e44130d441c: receive RaftClientReply:client-A9DCF8B8BD5B->529edf8e-8eae-4246-b33f-5e44130d441c@group-A1CD1332DC7D, cid=3295, SUCCESS, logIndex=4937, commits[529edf8e-8eae-4246-b33f-5e44130d441c:c4937, 79bffca9-b028-4c53-a657-872ed973be73:c4933, 15654dff-55cd-4f70-96d8-4abf0c061563:c4933]
2019-07-09 15:04:47,128 INFO  client.GrpcClientProtocolClient (GrpcClientProtocolClient.java:onNext(255)) - client-A9DCF8B8BD5B->529edf8e-8eae-4246-b33f-5e44130d441c: receive RaftClientReply:client-A9DCF8B8BD5B->529edf8e-8eae-4246-b33f-5e44130d441c@group-A1CD1332DC7D, cid=3296, SUCCESS, logIndex=0, commits[529edf8e-8eae-4246-b33f-5e44130d441c:c4939, 79bffca9-b028-4c53-a657-872ed973be73:c4937, 15654dff-55cd-4f70-96d8-4abf0c061563:c4937]
2019-07-09 15:04:47,151 INFO  client.GrpcClientProtocolClient (GrpcClientProtocolClient.java:onNext(255)) - client-A9DCF8B8BD5B->529edf8e-8eae-4246-b33f-5e44130d441c: receive RaftClientReply:client-A9DCF8B8BD5B->529edf8e-8eae-4246-b33f-5e44130d441c@group-A1CD1332DC7D, cid=3297, SUCCESS, logIndex=4940, commits[529edf8e-8eae-4246-b33f-5e44130d441c:c4941, 79bffca9-b028-4c53-a657-872ed973be73:c4937, 15654dff-55cd-4f70-96d8-4abf0c061563:c4939]
2019-07-09 15:04:47,152 INFO  client.GrpcClientProtocolClient (GrpcClientProtocolClient.java:onNext(255)) - client-A9DCF8B8BD5B->529edf8e-8eae-4246-b33f-5e44130d441c: receive RaftClientReply:client-A9DCF8B8BD5B->529edf8e-8eae-4246-b33f-5e44130d441c@group-A1CD1332DC7D, cid=3298, SUCCESS, logIndex=4941, commits[529edf8e-8eae-4246-b33f-5e44130d441c:c4943, 79bffca9-b028-4c53-a657-872ed973be73:c4939, 15654dff-55cd-4f70-96d8-4abf0c061563:c4939]
2019-07-09 15:04:47,152 INFO  client.GrpcClientProtocolClient (GrpcClientProtocolClient.java:onNext(255)) - client-A9DCF8B8BD5B->529edf8e-8eae-4246-b33f-5e44130d441c: receive RaftClientReply:client-A9DCF8B8BD5B->529edf8e-8eae-4246-b33f-5e44130d441c@group-A1CD1332DC7D, cid=3299, SUCCESS, logIndex=4942, commits[529edf8e-8eae-4246-b33f-5e44130d441c:c4943, 79bffca9-b028-4c53-a657-872ed973be73:c4939, 15654dff-55cd-4f70-96d8-4abf0c061563:c4939]
2019-07-09 15:04:47,152 INFO  client.GrpcClientProtocolClient (GrpcClientProtocolClient.java:onNext(255)) - client-A9DCF8B8BD5B->529edf8e-8eae-4246-b33f-5e44130d441c: receive RaftClientReply:client-A9DCF8B8BD5B->529edf8e-8eae-4246-b33f-5e44130d441c@group-A1CD1332DC7D, cid=3300, SUCCESS, logIndex=4943, commits[529edf8e-8eae-4246-b33f-5e44130d441c:c4943, 79bffca9-b028-4c53-a657-872ed973be73:c4939, 15654dff-55cd-4f70-96d8-4abf0c061563:c4939]
2019-07-09 15:04:47,155 INFO  client.GrpcClientProtocolClient (GrpcClientProtocolClient.java:onNext(255)) - client-A9DCF8B8BD5B->529edf8e-8eae-4246-b33f-5e44130d441c: receive RaftClientReply:client-A9DCF8B8BD5B->529edf8e-8eae-4246-b33f-5e44130d441c@group-A1CD1332DC7D, cid=3301, SUCCESS, logIndex=0, commits[529edf8e-8eae-4246-b33f-5e44130d441c:c4946, 79bffca9-b028-4c53-a657-872ed973be73:c4941, 15654dff-55cd-4f70-96d8-4abf0c061563:c4943]
2019-07-09 15:04:47,165 INFO  client.GrpcClientProtocolClient (GrpcClientProtocolClient.java:onNext(255)) - client-A9DCF8B8BD5B->529edf8e-8eae-4246-b33f-5e44130d441c: receive RaftClientReply:client-A9DCF8B8BD5B->529edf8e-8eae-4246-b33f-5e44130d441c@group-A1CD1332DC7D, cid=3302, SUCCESS, logIndex=4947, commits[529edf8e-8eae-4246-b33f-5e44130d441c:c4948, 79bffca9-b028-4c53-a657-872ed973be73:c4943, 15654dff-55cd-4f70-96d8-4abf0c061563:c4946]
2019-07-09 15:04:47,165 INFO  client.GrpcClientProtocolClient (GrpcClientProtocolClient.java:onNext(255)) - client-A9DCF8B8BD5B->529edf8e-8eae-4246-b33f-5e44130d441c: receive RaftClientReply:client-A9DCF8B8BD5B->529edf8e-8eae-4246-b33f-5e44130d441c@group-A1CD1332DC7D, cid=3303, SUCCESS, logIndex=4948, commits[529edf8e-8eae-4246-b33f-5e44130d441c:c4948, 79bffca9-b028-4c53-a657-872ed973be73:c4946, 15654dff-55cd-4f70-96d8-4abf0c061563:c4946]
2019-07-09 15:04:47,202 INFO  client.GrpcClientProtocolClient (GrpcClientProtocolClient.java:onNext(255)) - client-A9DCF8B8BD5B->529edf8e-8eae-4246-b33f-5e44130d441c: receive RaftClientReply:client-A9DCF8B8BD5B->529edf8e-8eae-4246-b33f-5e44130d441c@group-A1CD1332DC7D, cid=3304, SUCCESS, logIndex=4951, commits[529edf8e-8eae-4246-b33f-5e44130d441c:c4952, 79bffca9-b028-4c53-a657-872ed973be73:c4950, 15654dff-55cd-4f70-96d8-4abf0c061563:c4950]
2019-07-09 15:04:47,203 INFO  client.GrpcClientProtocolClient (GrpcClientProtocolClient.java:onNext(255)) - client-A9DCF8B8BD5B->529edf8e-8eae-4246-b33f-5e44130d441c: receive RaftClientReply:client-A9DCF8B8BD5B->529edf8e-8eae-4246-b33f-5e44130d441c@group-A1CD1332DC7D, cid=3305, SUCCESS, logIndex=4952, commits[529edf8e-8eae-4246-b33f-5e44130d441c:c4952, 79bffca9-b028-4c53-a657-872ed973be73:c4950, 15654dff-55cd-4f70-96d8-4abf0c061563:c4950]
2019-07-09 15:04:47,215 INFO  client.GrpcClientProtocolClient (GrpcClientProtocolClient.java:onNext(255)) - client-A9DCF8B8BD5B->529edf8e-8eae-4246-b33f-5e44130d441c: receive RaftClientReply:client-A9DCF8B8BD5B->529edf8e-8eae-4246-b33f-5e44130d441c@group-A1CD1332DC7D, cid=3306, SUCCESS, logIndex=0, commits[529edf8e-8eae-4246-b33f-5e44130d441c:c4953, 79bffca9-b028-4c53-a657-872ed973be73:c4952, 15654dff-55cd-4f70-96d8-4abf0c061563:c4952]
2019-07-09 15:04:47,250 INFO  client.GrpcClientProtocolClient (GrpcClientProtocolClient.java:onNext(255)) - client-A9DCF8B8BD5B->529edf8e-8eae-4246-b33f-5e44130d441c: receive RaftClientReply:client-A9DCF8B8BD5B->529edf8e-8eae-4246-b33f-5e44130d441c@group-A1CD1332DC7D, cid=3307, SUCCESS, logIndex=4955, commits[529edf8e-8eae-4246-b33f-5e44130d441c:c4956, 79bffca9-b028-4c53-a657-872ed973be73:c4954, 15654dff-55cd-4f70-96d8-4abf0c061563:c4954]
2019-07-09 15:04:47,251 INFO  client.GrpcClientProtocolClient (GrpcClientProtocolClient.java:onNext(255)) - client-A9DCF8B8BD5B->529edf8e-8eae-4246-b33f-5e44130d441c: receive RaftClientReply:client-A9DCF8B8BD5B->529edf8e-8eae-4246-b33f-5e44130d441c@group-A1CD1332DC7D, cid=3308, SUCCESS, logIndex=4956, commits[529edf8e-8eae-4246-b33f-5e44130d441c:c4956, 79bffca9-b028-4c53-a657-872ed973be73:c4954, 15654dff-55cd-4f70-96d8-4abf0c061563:c4954]
2019-07-09 15:04:47,251 INFO  client.GrpcClientProtocolClient (GrpcClientProtocolClient.java:onNext(255)) - client-A9DCF8B8BD5B->529edf8e-8eae-4246-b33f-5e44130d441c: receive RaftClientReply:client-A9DCF8B8BD5B->529edf8e-8eae-4246-b33f-5e44130d441c@group-A1CD1332DC7D, cid=3309, SUCCESS, logIndex=4957, commits[529edf8e-8eae-4246-b33f-5e44130d441c:c4957, 79bffca9-b028-4c53-a657-872ed973be73:c4954, 15654dff-55cd-4f70-96d8-4abf0c061563:c4954]
2019-07-09 15:04:47,252 INFO  client.GrpcClientProtocolClient (GrpcClientProtocolClient.java:onNext(255)) - client-A9DCF8B8BD5B->529edf8e-8eae-4246-b33f-5e44130d441c: receive RaftClientReply:client-A9DCF8B8BD5B->529edf8e-8eae-4246-b33f-5e44130d441c@group-A1CD1332DC7D, cid=3310, SUCCESS, logIndex=4958, commits[529edf8e-8eae-4246-b33f-5e44130d441c:c4958, 79bffca9-b028-4c53-a657-872ed973be73:c4954, 15654dff-55cd-4f70-96d8-4abf0c061563:c4954]
2019-07-09 15:04:47,253 INFO  client.GrpcClientProtocolClient (GrpcClientProtocolClient.java:onNext(255)) - client-A9DCF8B8BD5B->529edf8e-8eae-4246-b33f-5e44130d441c: receive RaftClientReply:client-A9DCF8B8BD5B->529edf8e-8eae-4246-b33f-5e44130d441c@group-A1CD1332DC7D, cid=3311, SUCCESS, logIndex=0, commits[529edf8e-8eae-4246-b33f-5e44130d441c:c4960, 79bffca9-b028-4c53-a657-872ed973be73:c4956, 15654dff-55cd-4f70-96d8-4abf0c061563:c4956]
2019-07-09 15:04:47,273 INFO  client.GrpcClientProtocolClient (GrpcClientProtocolClient.java:onNext(255)) - client-A9DCF8B8BD5B->529edf8e-8eae-4246-b33f-5e44130d441c: receive RaftClientReply:client-A9DCF8B8BD5B->529edf8e-8eae-4246-b33f-5e44130d441c@group-A1CD1332DC7D, cid=3312, SUCCESS, logIndex=4963, commits[529edf8e-8eae-4246-b33f-5e44130d441c:c4964, 79bffca9-b028-4c53-a657-872ed973be73:c4962, 15654dff-55cd-4f70-96d8-4abf0c061563:c4962]
2019-07-09 15:04:47,274 INFO  client.GrpcClientProtocolClient (GrpcClientProtocolClient.java:onNext(255)) - client-A9DCF8B8BD5B->529edf8e-8eae-4246-b33f-5e44130d441c: receive RaftClientReply:client-A9DCF8B8BD5B->529edf8e-8eae-4246-b33f-5e44130d441c@group-A1CD1332DC7D, cid=3313, SUCCESS, logIndex=4964, commits[529edf8e-8eae-4246-b33f-5e44130d441c:c4964, 79bffca9-b028-4c53-a657-872ed973be73:c4962, 15654dff-55cd-4f70-96d8-4abf0c061563:c4962]
2019-07-09 15:04:47,287 INFO  client.GrpcClientProtocolClient (GrpcClientProtocolClient.java:onNext(255)) - client-A9DCF8B8BD5B->529edf8e-8eae-4246-b33f-5e44130d441c: receive RaftClientReply:client-A9DCF8B8BD5B->529edf8e-8eae-4246-b33f-5e44130d441c@group-A1CD1332DC7D, cid=3314, SUCCESS, logIndex=4967, commits[529edf8e-8eae-4246-b33f-5e44130d441c:c4968, 79bffca9-b028-4c53-a657-872ed973be73:c4964, 15654dff-55cd-4f70-96d8-4abf0c061563:c4964]
2019-07-09 15:04:47,287 INFO  client.GrpcClientProtocolClient (GrpcClientProtocolClient.java:onNext(255)) - client-A9DCF8B8BD5B->529edf8e-8eae-4246-b33f-5e44130d441c: receive RaftClientReply:client-A9DCF8B8BD5B->529edf8e-8eae-4246-b33f-5e44130d441c@group-A1CD1332DC7D, cid=3315, SUCCESS, logIndex=4968, commits[529edf8e-8eae-4246-b33f-5e44130d441c:c4968, 79bffca9-b028-4c53-a657-872ed973be73:c4964, 15654dff-55cd-4f70-96d8-4abf0c061563:c4964]
2019-07-09 15:04:47,299 INFO  client.GrpcClientProtocolClient (GrpcClientProtocolClient.java:onNext(255)) - client-A9DCF8B8BD5B->529edf8e-8eae-4246-b33f-5e44130d441c: receive RaftClientReply:client-A9DCF8B8BD5B->529edf8e-8eae-4246-b33f-5e44130d441c@group-A1CD1332DC7D, cid=3316, SUCCESS, logIndex=0, commits[529edf8e-8eae-4246-b33f-5e44130d441c:c4969, 79bffca9-b028-4c53-a657-872ed973be73:c4968, 15654dff-55cd-4f70-96d8-4abf0c061563:c4968]
2019-07-09 15:04:47,331 INFO  client.GrpcClientProtocolClient (GrpcClientProtocolClient.java:onNext(255)) - client-A9DCF8B8BD5B->529edf8e-8eae-4246-b33f-5e44130d441c: receive RaftClientReply:client-A9DCF8B8BD5B->529edf8e-8eae-4246-b33f-5e44130d441c@group-A1CD1332DC7D, cid=3317, SUCCESS, logIndex=4971, commits[529edf8e-8eae-4246-b33f-5e44130d441c:c4974, 79bffca9-b028-4c53-a657-872ed973be73:c4970, 15654dff-55cd-4f70-96d8-4abf0c061563:c4970]
2019-07-09 15:04:47,331 INFO  client.GrpcClientProtocolClient (GrpcClientProtocolClient.java:onNext(255)) - client-A9DCF8B8BD5B->529edf8e-8eae-4246-b33f-5e44130d441c: receive RaftClientReply:client-A9DCF8B8BD5B->529edf8e-8eae-4246-b33f-5e44130d441c@group-A1CD1332DC7D, cid=3318, SUCCESS, logIndex=4972, commits[529edf8e-8eae-4246-b33f-5e44130d441c:c4974, 79bffca9-b028-4c53-a657-872ed973be73:c4970, 15654dff-55cd-4f70-96d8-4abf0c061563:c4970]
2019-07-09 15:04:47,332 INFO  client.GrpcClientProtocolClient (GrpcClientProtocolClient.java:onNext(255)) - client-A9DCF8B8BD5B->529edf8e-8eae-4246-b33f-5e44130d441c: receive RaftClientReply:client-A9DCF8B8BD5B->529edf8e-8eae-4246-b33f-5e44130d441c@group-A1CD1332DC7D, cid=3319, SUCCESS, logIndex=4973, commits[529edf8e-8eae-4246-b33f-5e44130d441c:c4974, 79bffca9-b028-4c53-a657-872ed973be73:c4970, 15654dff-55cd-4f70-96d8-4abf0c061563:c4970]
2019-07-09 15:04:47,332 INFO  client.GrpcClientProtocolClient (GrpcClientProtocolClient.java:onNext(255)) - client-A9DCF8B8BD5B->529edf8e-8eae-4246-b33f-5e44130d441c: receive RaftClientReply:client-A9DCF8B8BD5B->529edf8e-8eae-4246-b33f-5e44130d441c@group-A1CD1332DC7D, cid=3320, SUCCESS, logIndex=4974, commits[529edf8e-8eae-4246-b33f-5e44130d441c:c4975, 79bffca9-b028-4c53-a657-872ed973be73:c4970, 15654dff-55cd-4f70-96d8-4abf0c061563:c4972]
2019-07-09 15:04:47,333 INFO  client.GrpcClientProtocolClient (GrpcClientProtocolClient.java:onNext(255)) - client-A9DCF8B8BD5B->529edf8e-8eae-4246-b33f-5e44130d441c: receive RaftClientReply:client-A9DCF8B8BD5B->529edf8e-8eae-4246-b33f-5e44130d441c@group-A1CD1332DC7D, cid=3321, SUCCESS, logIndex=0, commits[529edf8e-8eae-4246-b33f-5e44130d441c:c4977, 79bffca9-b028-4c53-a657-872ed973be73:c4972, 15654dff-55cd-4f70-96d8-4abf0c061563:c4974]
2019-07-09 15:04:47,354 INFO  client.GrpcClientProtocolClient (GrpcClientProtocolClient.java:onNext(255)) - client-A9DCF8B8BD5B->529edf8e-8eae-4246-b33f-5e44130d441c: receive RaftClientReply:client-A9DCF8B8BD5B->529edf8e-8eae-4246-b33f-5e44130d441c@group-A1CD1332DC7D, cid=3322, SUCCESS, logIndex=4979, commits[529edf8e-8eae-4246-b33f-5e44130d441c:c4980, 79bffca9-b028-4c53-a657-872ed973be73:c4978, 15654dff-55cd-4f70-96d8-4abf0c061563:c4978]
2019-07-09 15:04:47,354 INFO  client.GrpcClientProtocolClient (GrpcClientProtocolClient.java:onNext(255)) - client-A9DCF8B8BD5B->529edf8e-8eae-4246-b33f-5e44130d441c: receive RaftClientReply:client-A9DCF8B8BD5B->529edf8e-8eae-4246-b33f-5e44130d441c@group-A1CD1332DC7D, cid=3323, SUCCESS, logIndex=4980, commits[529edf8e-8eae-4246-b33f-5e44130d441c:c4980, 79bffca9-b028-4c53-a657-872ed973be73:c4978, 15654dff-55cd-4f70-96d8-4abf0c061563:c4978]
2019-07-09 15:04:47,368 INFO  client.GrpcClientProtocolClient (GrpcClientProtocolClient.java:onNext(255)) - client-A9DCF8B8BD5B->529edf8e-8eae-4246-b33f-5e44130d441c: receive RaftClientReply:client-A9DCF8B8BD5B->529edf8e-8eae-4246-b33f-5e44130d441c@group-A1CD1332DC7D, cid=3324, SUCCESS, logIndex=4983, commits[529edf8e-8eae-4246-b33f-5e44130d441c:c4983, 79bffca9-b028-4c53-a657-872ed973be73:c4980, 15654dff-55cd-4f70-96d8-4abf0c061563:c4980]
2019-07-09 15:04:47,368 INFO  client.GrpcClientProtocolClient (GrpcClientProtocolClient.java:onNext(255)) - client-A9DCF8B8BD5B->529edf8e-8eae-4246-b33f-5e44130d441c: receive RaftClientReply:client-A9DCF8B8BD5B->529edf8e-8eae-4246-b33f-5e44130d441c@group-A1CD1332DC7D, cid=3325, SUCCESS, logIndex=4984, commits[529edf8e-8eae-4246-b33f-5e44130d441c:c4984, 79bffca9-b028-4c53-a657-872ed973be73:c4980, 15654dff-55cd-4f70-96d8-4abf0c061563:c4980]
2019-07-09 15:04:47,381 INFO  client.GrpcClientProtocolClient (GrpcClientProtocolClient.java:onNext(255)) - client-A9DCF8B8BD5B->529edf8e-8eae-4246-b33f-5e44130d441c: receive RaftClientReply:client-A9DCF8B8BD5B->529edf8e-8eae-4246-b33f-5e44130d441c@group-A1CD1332DC7D, cid=3326, SUCCESS, logIndex=0, commits[529edf8e-8eae-4246-b33f-5e44130d441c:c4986, 79bffca9-b028-4c53-a657-872ed973be73:c4984, 15654dff-55cd-4f70-96d8-4abf0c061563:c4984]
2019-07-09 15:04:47,417 INFO  client.GrpcClientProtocolClient (GrpcClientProtocolClient.java:onNext(255)) - client-A9DCF8B8BD5B->529edf8e-8eae-4246-b33f-5e44130d441c: receive RaftClientReply:client-A9DCF8B8BD5B->529edf8e-8eae-4246-b33f-5e44130d441c@group-A1CD1332DC7D, cid=3327, SUCCESS, logIndex=4987, commits[529edf8e-8eae-4246-b33f-5e44130d441c:c4989, 79bffca9-b028-4c53-a657-872ed973be73:c4986, 15654dff-55cd-4f70-96d8-4abf0c061563:c4986]
2019-07-09 15:04:47,417 INFO  client.GrpcClientProtocolClient (GrpcClientProtocolClient.java:onNext(255)) - client-A9DCF8B8BD5B->529edf8e-8eae-4246-b33f-5e44130d441c: receive RaftClientReply:client-A9DCF8B8BD5B->529edf8e-8eae-4246-b33f-5e44130d441c@group-A1CD1332DC7D, cid=3328, SUCCESS, logIndex=4988, commits[529edf8e-8eae-4246-b33f-5e44130d441c:c4990, 79bffca9-b028-4c53-a657-872ed973be73:c4986, 15654dff-55cd-4f70-96d8-4abf0c061563:c4986]
2019-07-09 15:04:47,418 INFO  client.GrpcClientProtocolClient (GrpcClientProtocolClient.java:onNext(255)) - client-A9DCF8B8BD5B->529edf8e-8eae-4246-b33f-5e44130d441c: receive RaftClientReply:client-A9DCF8B8BD5B->529edf8e-8eae-4246-b33f-5e44130d441c@group-A1CD1332DC7D, cid=3329, SUCCESS, logIndex=4989, commits[529edf8e-8eae-4246-b33f-5e44130d441c:c4990, 79bffca9-b028-4c53-a657-872ed973be73:c4986, 15654dff-55cd-4f70-96d8-4abf0c061563:c4986]
2019-07-09 15:04:47,418 INFO  client.GrpcClientProtocolClient (GrpcClientProtocolClient.java:onNext(255)) - client-A9DCF8B8BD5B->529edf8e-8eae-4246-b33f-5e44130d441c: receive RaftClientReply:client-A9DCF8B8BD5B->529edf8e-8eae-4246-b33f-5e44130d441c@group-A1CD1332DC7D, cid=3330, SUCCESS, logIndex=4990, commits[529edf8e-8eae-4246-b33f-5e44130d441c:c4990, 79bffca9-b028-4c53-a657-872ed973be73:c4986, 15654dff-55cd-4f70-96d8-4abf0c061563:c4986]
2019-07-09 15:04:47,429 INFO  client.GrpcClientProtocolClient (GrpcClientProtocolClient.java:onNext(255)) - client-A9DCF8B8BD5B->529edf8e-8eae-4246-b33f-5e44130d441c: receive RaftClientReply:client-A9DCF8B8BD5B->529edf8e-8eae-4246-b33f-5e44130d441c@group-A1CD1332DC7D, cid=3331, SUCCESS, logIndex=0, commits[529edf8e-8eae-4246-b33f-5e44130d441c:c4992, 79bffca9-b028-4c53-a657-872ed973be73:c4988, 15654dff-55cd-4f70-96d8-4abf0c061563:c4988]
2019-07-09 15:04:47,462 INFO  client.GrpcClientProtocolClient (GrpcClientProtocolClient.java:onNext(255)) - client-A9DCF8B8BD5B->529edf8e-8eae-4246-b33f-5e44130d441c: receive RaftClientReply:client-A9DCF8B8BD5B->529edf8e-8eae-4246-b33f-5e44130d441c@group-A1CD1332DC7D, cid=3332, SUCCESS, logIndex=4995, commits[529edf8e-8eae-4246-b33f-5e44130d441c:c4996, 79bffca9-b028-4c53-a657-872ed973be73:c4994, 15654dff-55cd-4f70-96d8-4abf0c061563:c4994]
2019-07-09 15:04:47,463 INFO  client.GrpcClientProtocolClient (GrpcClientProtocolClient.java:onNext(255)) - client-A9DCF8B8BD5B->529edf8e-8eae-4246-b33f-5e44130d441c: receive RaftClientReply:client-A9DCF8B8BD5B->529edf8e-8eae-4246-b33f-5e44130d441c@group-A1CD1332DC7D, cid=3333, SUCCESS, logIndex=4996, commits[529edf8e-8eae-4246-b33f-5e44130d441c:c4996, 79bffca9-b028-4c53-a657-872ed973be73:c4994, 15654dff-55cd-4f70-96d8-4abf0c061563:c4994]
2019-07-09 15:04:47,477 INFO  client.GrpcClientProtocolClient (GrpcClientProtocolClient.java:onNext(255)) - client-A9DCF8B8BD5B->529edf8e-8eae-4246-b33f-5e44130d441c: receive RaftClientReply:client-A9DCF8B8BD5B->529edf8e-8eae-4246-b33f-5e44130d441c@group-A1CD1332DC7D, cid=3334, SUCCESS, logIndex=4999, commits[529edf8e-8eae-4246-b33f-5e44130d441c:c5000, 79bffca9-b028-4c53-a657-872ed973be73:c4996, 15654dff-55cd-4f70-96d8-4abf0c061563:c4996]
2019-07-09 15:04:47,477 INFO  client.GrpcClientProtocolClient (GrpcClientProtocolClient.java:onNext(255)) - client-A9DCF8B8BD5B->529edf8e-8eae-4246-b33f-5e44130d441c: receive RaftClientReply:client-A9DCF8B8BD5B->529edf8e-8eae-4246-b33f-5e44130d441c@group-A1CD1332DC7D, cid=3335, SUCCESS, logIndex=5000, commits[529edf8e-8eae-4246-b33f-5e44130d441c:c5000, 79bffca9-b028-4c53-a657-872ed973be73:c4996, 15654dff-55cd-4f70-96d8-4abf0c061563:c4996]
2019-07-09 15:04:47,490 INFO  client.GrpcClientProtocolClient (GrpcClientProtocolClient.java:onNext(255)) - client-A9DCF8B8BD5B->529edf8e-8eae-4246-b33f-5e44130d441c: receive RaftClientReply:client-A9DCF8B8BD5B->529edf8e-8eae-4246-b33f-5e44130d441c@group-A1CD1332DC7D, cid=3336, SUCCESS, logIndex=0, commits[529edf8e-8eae-4246-b33f-5e44130d441c:c5001, 79bffca9-b028-4c53-a657-872ed973be73:c5000, 15654dff-55cd-4f70-96d8-4abf0c061563:c5000]
2019-07-09 15:04:47,520 INFO  client.GrpcClientProtocolClient (GrpcClientProtocolClient.java:onNext(255)) - client-A9DCF8B8BD5B->529edf8e-8eae-4246-b33f-5e44130d441c: receive RaftClientReply:client-A9DCF8B8BD5B->529edf8e-8eae-4246-b33f-5e44130d441c@group-A1CD1332DC7D, cid=3337, SUCCESS, logIndex=5003, commits[529edf8e-8eae-4246-b33f-5e44130d441c:c5005, 79bffca9-b028-4c53-a657-872ed973be73:c5002, 15654dff-55cd-4f70-96d8-4abf0c061563:c5002]
2019-07-09 15:04:47,521 INFO  client.GrpcClientProtocolClient (GrpcClientProtocolClient.java:onNext(255)) - client-A9DCF8B8BD5B->529edf8e-8eae-4246-b33f-5e44130d441c: receive RaftClientReply:client-A9DCF8B8BD5B->529edf8e-8eae-4246-b33f-5e44130d441c@group-A1CD1332DC7D, cid=3338, SUCCESS, logIndex=5004, commits[529edf8e-8eae-4246-b33f-5e44130d441c:c5006, 79bffca9-b028-4c53-a657-872ed973be73:c5002, 15654dff-55cd-4f70-96d8-4abf0c061563:c5002]
2019-07-09 15:04:47,521 INFO  client.GrpcClientProtocolClient (GrpcClientProtocolClient.java:onNext(255)) - client-A9DCF8B8BD5B->529edf8e-8eae-4246-b33f-5e44130d441c: receive RaftClientReply:client-A9DCF8B8BD5B->529edf8e-8eae-4246-b33f-5e44130d441c@group-A1CD1332DC7D, cid=3339, SUCCESS, logIndex=5005, commits[529edf8e-8eae-4246-b33f-5e44130d441c:c5006, 79bffca9-b028-4c53-a657-872ed973be73:c5002, 15654dff-55cd-4f70-96d8-4abf0c061563:c5002]
2019-07-09 15:04:47,522 INFO  client.GrpcClientProtocolClient (GrpcClientProtocolClient.java:onNext(255)) - client-A9DCF8B8BD5B->529edf8e-8eae-4246-b33f-5e44130d441c: receive RaftClientReply:client-A9DCF8B8BD5B->529edf8e-8eae-4246-b33f-5e44130d441c@group-A1CD1332DC7D, cid=3340, SUCCESS, logIndex=5006, commits[529edf8e-8eae-4246-b33f-5e44130d441c:c5006, 79bffca9-b028-4c53-a657-872ed973be73:c5002, 15654dff-55cd-4f70-96d8-4abf0c061563:c5002]
2019-07-09 15:04:47,523 INFO  client.GrpcClientProtocolClient (GrpcClientProtocolClient.java:onNext(255)) - client-A9DCF8B8BD5B->529edf8e-8eae-4246-b33f-5e44130d441c: receive RaftClientReply:client-A9DCF8B8BD5B->529edf8e-8eae-4246-b33f-5e44130d441c@group-A1CD1332DC7D, cid=3341, SUCCESS, logIndex=0, commits[529edf8e-8eae-4246-b33f-5e44130d441c:c5008, 79bffca9-b028-4c53-a657-872ed973be73:c5004, 15654dff-55cd-4f70-96d8-4abf0c061563:c5004]
2019-07-09 15:04:47,544 INFO  client.GrpcClientProtocolClient (GrpcClientProtocolClient.java:onNext(255)) - client-A9DCF8B8BD5B->529edf8e-8eae-4246-b33f-5e44130d441c: receive RaftClientReply:client-A9DCF8B8BD5B->529edf8e-8eae-4246-b33f-5e44130d441c@group-A1CD1332DC7D, cid=3342, SUCCESS, logIndex=5011, commits[529edf8e-8eae-4246-b33f-5e44130d441c:c5012, 79bffca9-b028-4c53-a657-872ed973be73:c5010, 15654dff-55cd-4f70-96d8-4abf0c061563:c5010]
2019-07-09 15:04:47,545 INFO  client.GrpcClientProtocolClient (GrpcClientProtocolClient.java:onNext(255)) - client-A9DCF8B8BD5B->529edf8e-8eae-4246-b33f-5e44130d441c: receive RaftClientReply:client-A9DCF8B8BD5B->529edf8e-8eae-4246-b33f-5e44130d441c@group-A1CD1332DC7D, cid=3343, SUCCESS, logIndex=5012, commits[529edf8e-8eae-4246-b33f-5e44130d441c:c5012, 79bffca9-b028-4c53-a657-872ed973be73:c5010, 15654dff-55cd-4f70-96d8-4abf0c061563:c5010]
2019-07-09 15:04:47,558 INFO  client.GrpcClientProtocolClient (GrpcClientProtocolClient.java:onNext(255)) - client-A9DCF8B8BD5B->529edf8e-8eae-4246-b33f-5e44130d441c: receive RaftClientReply:client-A9DCF8B8BD5B->529edf8e-8eae-4246-b33f-5e44130d441c@group-A1CD1332DC7D, cid=3344, SUCCESS, logIndex=5015, commits[529edf8e-8eae-4246-b33f-5e44130d441c:c5016, 79bffca9-b028-4c53-a657-872ed973be73:c5012, 15654dff-55cd-4f70-96d8-4abf0c061563:c5012]
2019-07-09 15:04:47,558 INFO  client.GrpcClientProtocolClient (GrpcClientProtocolClient.java:onNext(255)) - client-A9DCF8B8BD5B->529edf8e-8eae-4246-b33f-5e44130d441c: receive RaftClientReply:client-A9DCF8B8BD5B->529edf8e-8eae-4246-b33f-5e44130d441c@group-A1CD1332DC7D, cid=3345, SUCCESS, logIndex=5016, commits[529edf8e-8eae-4246-b33f-5e44130d441c:c5016, 79bffca9-b028-4c53-a657-872ed973be73:c5012, 15654dff-55cd-4f70-96d8-4abf0c061563:c5012]
2019-07-09 15:04:47,561 INFO  client.GrpcClientProtocolClient (GrpcClientProtocolClient.java:onNext(255)) - client-A9DCF8B8BD5B->529edf8e-8eae-4246-b33f-5e44130d441c: receive RaftClientReply:client-A9DCF8B8BD5B->529edf8e-8eae-4246-b33f-5e44130d441c@group-A1CD1332DC7D, cid=3346, SUCCESS, logIndex=0, commits[529edf8e-8eae-4246-b33f-5e44130d441c:c5018, 79bffca9-b028-4c53-a657-872ed973be73:c5016, 15654dff-55cd-4f70-96d8-4abf0c061563:c5016]
2019-07-09 15:04:47,592 INFO  client.GrpcClientProtocolClient (GrpcClientProtocolClient.java:onNext(255)) - client-A9DCF8B8BD5B->529edf8e-8eae-4246-b33f-5e44130d441c: receive RaftClientReply:client-A9DCF8B8BD5B->529edf8e-8eae-4246-b33f-5e44130d441c@group-A1CD1332DC7D, cid=3347, SUCCESS, logIndex=5019, commits[529edf8e-8eae-4246-b33f-5e44130d441c:c5021, 79bffca9-b028-4c53-a657-872ed973be73:c5018, 15654dff-55cd-4f70-96d8-4abf0c061563:c5018]
2019-07-09 15:04:47,593 INFO  client.GrpcClientProtocolClient (GrpcClientProtocolClient.java:onNext(255)) - client-A9DCF8B8BD5B->529edf8e-8eae-4246-b33f-5e44130d441c: receive RaftClientReply:client-A9DCF8B8BD5B->529edf8e-8eae-4246-b33f-5e44130d441c@group-A1CD1332DC7D, cid=3348, SUCCESS, logIndex=5020, commits[529edf8e-8eae-4246-b33f-5e44130d441c:c5022, 79bffca9-b028-4c53-a657-872ed973be73:c5018, 15654dff-55cd-4f70-96d8-4abf0c061563:c5018]
2019-07-09 15:04:47,593 INFO  client.GrpcClientProtocolClient (GrpcClientProtocolClient.java:onNext(255)) - client-A9DCF8B8BD5B->529edf8e-8eae-4246-b33f-5e44130d441c: receive RaftClientReply:client-A9DCF8B8BD5B->529edf8e-8eae-4246-b33f-5e44130d441c@group-A1CD1332DC7D, cid=3349, SUCCESS, logIndex=5021, commits[529edf8e-8eae-4246-b33f-5e44130d441c:c5022, 79bffca9-b028-4c53-a657-872ed973be73:c5018, 15654dff-55cd-4f70-96d8-4abf0c061563:c5018]
2019-07-09 15:04:47,594 INFO  client.GrpcClientProtocolClient (GrpcClientProtocolClient.java:onNext(255)) - client-A9DCF8B8BD5B->529edf8e-8eae-4246-b33f-5e44130d441c: receive RaftClientReply:client-A9DCF8B8BD5B->529edf8e-8eae-4246-b33f-5e44130d441c@group-A1CD1332DC7D, cid=3350, SUCCESS, logIndex=5022, commits[529edf8e-8eae-4246-b33f-5e44130d441c:c5023, 79bffca9-b028-4c53-a657-872ed973be73:c5018, 15654dff-55cd-4f70-96d8-4abf0c061563:c5019]
2019-07-09 15:04:47,596 INFO  client.GrpcClientProtocolClient (GrpcClientProtocolClient.java:onNext(255)) - client-A9DCF8B8BD5B->529edf8e-8eae-4246-b33f-5e44130d441c: receive RaftClientReply:client-A9DCF8B8BD5B->529edf8e-8eae-4246-b33f-5e44130d441c@group-A1CD1332DC7D, cid=3351, SUCCESS, logIndex=0, commits[529edf8e-8eae-4246-b33f-5e44130d441c:c5026, 79bffca9-b028-4c53-a657-872ed973be73:c5021, 15654dff-55cd-4f70-96d8-4abf0c061563:c5022]
2019-07-09 15:04:47,617 INFO  client.GrpcClientProtocolClient (GrpcClientProtocolClient.java:onNext(255)) - client-A9DCF8B8BD5B->529edf8e-8eae-4246-b33f-5e44130d441c: receive RaftClientReply:client-A9DCF8B8BD5B->529edf8e-8eae-4246-b33f-5e44130d441c@group-A1CD1332DC7D, cid=3352, SUCCESS, logIndex=5027, commits[529edf8e-8eae-4246-b33f-5e44130d441c:c5028, 79bffca9-b028-4c53-a657-872ed973be73:c5026, 15654dff-55cd-4f70-96d8-4abf0c061563:c5026]
2019-07-09 15:04:47,618 INFO  client.GrpcClientProtocolClient (GrpcClientProtocolClient.java:onNext(255)) - client-A9DCF8B8BD5B->529edf8e-8eae-4246-b33f-5e44130d441c: receive RaftClientReply:client-A9DCF8B8BD5B->529edf8e-8eae-4246-b33f-5e44130d441c@group-A1CD1332DC7D, cid=3353, SUCCESS, logIndex=5028, commits[529edf8e-8eae-4246-b33f-5e44130d441c:c5028, 79bffca9-b028-4c53-a657-872ed973be73:c5026, 15654dff-55cd-4f70-96d8-4abf0c061563:c5026]
2019-07-09 15:04:47,747 INFO  client.GrpcClientProtocolClient (GrpcClientProtocolClient.java:onNext(255)) - client-A9DCF8B8BD5B->529edf8e-8eae-4246-b33f-5e44130d441c: receive RaftClientReply:client-A9DCF8B8BD5B->529edf8e-8eae-4246-b33f-5e44130d441c@group-A1CD1332DC7D, cid=3354, SUCCESS, logIndex=5031, commits[529edf8e-8eae-4246-b33f-5e44130d441c:c5032, 79bffca9-b028-4c53-a657-872ed973be73:c5028, 15654dff-55cd-4f70-96d8-4abf0c061563:c5028]
2019-07-09 15:04:47,748 INFO  client.GrpcClientProtocolClient (GrpcClientProtocolClient.java:onNext(255)) - client-A9DCF8B8BD5B->529edf8e-8eae-4246-b33f-5e44130d441c: receive RaftClientReply:client-A9DCF8B8BD5B->529edf8e-8eae-4246-b33f-5e44130d441c@group-A1CD1332DC7D, cid=3355, SUCCESS, logIndex=5032, commits[529edf8e-8eae-4246-b33f-5e44130d441c:c5032, 79bffca9-b028-4c53-a657-872ed973be73:c5028, 15654dff-55cd-4f70-96d8-4abf0c061563:c5028]
2019-07-09 15:04:47,750 INFO  client.GrpcClientProtocolClient (GrpcClientProtocolClient.java:onNext(255)) - client-A9DCF8B8BD5B->529edf8e-8eae-4246-b33f-5e44130d441c: receive RaftClientReply:client-A9DCF8B8BD5B->529edf8e-8eae-4246-b33f-5e44130d441c@group-A1CD1332DC7D, cid=3356, SUCCESS, logIndex=0, commits[529edf8e-8eae-4246-b33f-5e44130d441c:c5033, 79bffca9-b028-4c53-a657-872ed973be73:c5032, 15654dff-55cd-4f70-96d8-4abf0c061563:c5032]
2019-07-09 15:04:47,781 INFO  client.GrpcClientProtocolClient (GrpcClientProtocolClient.java:onNext(255)) - client-A9DCF8B8BD5B->529edf8e-8eae-4246-b33f-5e44130d441c: receive RaftClientReply:client-A9DCF8B8BD5B->529edf8e-8eae-4246-b33f-5e44130d441c@group-A1CD1332DC7D, cid=3357, SUCCESS, logIndex=5035, commits[529edf8e-8eae-4246-b33f-5e44130d441c:c5036, 79bffca9-b028-4c53-a657-872ed973be73:c5034, 15654dff-55cd-4f70-96d8-4abf0c061563:c5034]
2019-07-09 15:04:47,782 INFO  client.GrpcClientProtocolClient (GrpcClientProtocolClient.java:onNext(255)) - client-A9DCF8B8BD5B->529edf8e-8eae-4246-b33f-5e44130d441c: receive RaftClientReply:client-A9DCF8B8BD5B->529edf8e-8eae-4246-b33f-5e44130d441c@group-A1CD1332DC7D, cid=3358, SUCCESS, logIndex=5036, commits[529edf8e-8eae-4246-b33f-5e44130d441c:c5036, 79bffca9-b028-4c53-a657-872ed973be73:c5034, 15654dff-55cd-4f70-96d8-4abf0c061563:c5034]
2019-07-09 15:04:47,782 INFO  client.GrpcClientProtocolClient (GrpcClientProtocolClient.java:onNext(255)) - client-A9DCF8B8BD5B->529edf8e-8eae-4246-b33f-5e44130d441c: receive RaftClientReply:client-A9DCF8B8BD5B->529edf8e-8eae-4246-b33f-5e44130d441c@group-A1CD1332DC7D, cid=3359, SUCCESS, logIndex=5037, commits[529edf8e-8eae-4246-b33f-5e44130d441c:c5038, 79bffca9-b028-4c53-a657-872ed973be73:c5034, 15654dff-55cd-4f70-96d8-4abf0c061563:c5034]
2019-07-09 15:04:47,783 INFO  client.GrpcClientProtocolClient (GrpcClientProtocolClient.java:onNext(255)) - client-A9DCF8B8BD5B->529edf8e-8eae-4246-b33f-5e44130d441c: receive RaftClientReply:client-A9DCF8B8BD5B->529edf8e-8eae-4246-b33f-5e44130d441c@group-A1CD1332DC7D, cid=3360, SUCCESS, logIndex=5038, commits[529edf8e-8eae-4246-b33f-5e44130d441c:c5038, 79bffca9-b028-4c53-a657-872ed973be73:c5034, 15654dff-55cd-4f70-96d8-4abf0c061563:c5034]
2019-07-09 15:04:47,784 INFO  client.GrpcClientProtocolClient (GrpcClientProtocolClient.java:onNext(255)) - client-A9DCF8B8BD5B->529edf8e-8eae-4246-b33f-5e44130d441c: receive RaftClientReply:client-A9DCF8B8BD5B->529edf8e-8eae-4246-b33f-5e44130d441c@group-A1CD1332DC7D, cid=3361, SUCCESS, logIndex=0, commits[529edf8e-8eae-4246-b33f-5e44130d441c:c5040, 79bffca9-b028-4c53-a657-872ed973be73:c5036, 15654dff-55cd-4f70-96d8-4abf0c061563:c5036]
2019-07-09 15:04:47,804 INFO  client.GrpcClientProtocolClient (GrpcClientProtocolClient.java:onNext(255)) - client-A9DCF8B8BD5B->529edf8e-8eae-4246-b33f-5e44130d441c: receive RaftClientReply:client-A9DCF8B8BD5B->529edf8e-8eae-4246-b33f-5e44130d441c@group-A1CD1332DC7D, cid=3362, SUCCESS, logIndex=5043, commits[529edf8e-8eae-4246-b33f-5e44130d441c:c5044, 79bffca9-b028-4c53-a657-872ed973be73:c5042, 15654dff-55cd-4f70-96d8-4abf0c061563:c5042]
2019-07-09 15:04:47,804 INFO  client.GrpcClientProtocolClient (GrpcClientProtocolClient.java:onNext(255)) - client-A9DCF8B8BD5B->529edf8e-8eae-4246-b33f-5e44130d441c: receive RaftClientReply:client-A9DCF8B8BD5B->529edf8e-8eae-4246-b33f-5e44130d441c@group-A1CD1332DC7D, cid=3363, SUCCESS, logIndex=5044, commits[529edf8e-8eae-4246-b33f-5e44130d441c:c5044, 79bffca9-b028-4c53-a657-872ed973be73:c5042, 15654dff-55cd-4f70-96d8-4abf0c061563:c5042]
2019-07-09 15:04:47,818 INFO  client.GrpcClientProtocolClient (GrpcClientProtocolClient.java:onNext(255)) - client-A9DCF8B8BD5B->529edf8e-8eae-4246-b33f-5e44130d441c: receive RaftClientReply:client-A9DCF8B8BD5B->529edf8e-8eae-4246-b33f-5e44130d441c@group-A1CD1332DC7D, cid=3364, SUCCESS, logIndex=5047, commits[529edf8e-8eae-4246-b33f-5e44130d441c:c5048, 79bffca9-b028-4c53-a657-872ed973be73:c5044, 15654dff-55cd-4f70-96d8-4abf0c061563:c5044]
2019-07-09 15:04:47,818 INFO  client.GrpcClientProtocolClient (GrpcClientProtocolClient.java:onNext(255)) - client-A9DCF8B8BD5B->529edf8e-8eae-4246-b33f-5e44130d441c: receive RaftClientReply:client-A9DCF8B8BD5B->529edf8e-8eae-4246-b33f-5e44130d441c@group-A1CD1332DC7D, cid=3365, SUCCESS, logIndex=5048, commits[529edf8e-8eae-4246-b33f-5e44130d441c:c5048, 79bffca9-b028-4c53-a657-872ed973be73:c5044, 15654dff-55cd-4f70-96d8-4abf0c061563:c5044]
2019-07-09 15:04:47,830 INFO  client.GrpcClientProtocolClient (GrpcClientProtocolClient.java:onNext(255)) - client-A9DCF8B8BD5B->529edf8e-8eae-4246-b33f-5e44130d441c: receive RaftClientReply:client-A9DCF8B8BD5B->529edf8e-8eae-4246-b33f-5e44130d441c@group-A1CD1332DC7D, cid=3366, SUCCESS, logIndex=0, commits[529edf8e-8eae-4246-b33f-5e44130d441c:c5049, 79bffca9-b028-4c53-a657-872ed973be73:c5048, 15654dff-55cd-4f70-96d8-4abf0c061563:c5048]
2019-07-09 15:04:47,863 INFO  client.GrpcClientProtocolClient (GrpcClientProtocolClient.java:onNext(255)) - client-A9DCF8B8BD5B->529edf8e-8eae-4246-b33f-5e44130d441c: receive RaftClientReply:client-A9DCF8B8BD5B->529edf8e-8eae-4246-b33f-5e44130d441c@group-A1CD1332DC7D, cid=3367, SUCCESS, logIndex=5051, commits[529edf8e-8eae-4246-b33f-5e44130d441c:c5053, 79bffca9-b028-4c53-a657-872ed973be73:c5050, 15654dff-55cd-4f70-96d8-4abf0c061563:c5050]
2019-07-09 15:04:47,863 INFO  client.GrpcClientProtocolClient (GrpcClientProtocolClient.java:onNext(255)) - client-A9DCF8B8BD5B->529edf8e-8eae-4246-b33f-5e44130d441c: receive RaftClientReply:client-A9DCF8B8BD5B->529edf8e-8eae-4246-b33f-5e44130d441c@group-A1CD1332DC7D, cid=3368, SUCCESS, logIndex=5052, commits[529edf8e-8eae-4246-b33f-5e44130d441c:c5054, 79bffca9-b028-4c53-a657-872ed973be73:c5050, 15654dff-55cd-4f70-96d8-4abf0c061563:c5050]
2019-07-09 15:04:47,864 INFO  client.GrpcClientProtocolClient (GrpcClientProtocolClient.java:onNext(255)) - client-A9DCF8B8BD5B->529edf8e-8eae-4246-b33f-5e44130d441c: receive RaftClientReply:client-A9DCF8B8BD5B->529edf8e-8eae-4246-b33f-5e44130d441c@group-A1CD1332DC7D, cid=3369, SUCCESS, logIndex=5053, commits[529edf8e-8eae-4246-b33f-5e44130d441c:c5054, 79bffca9-b028-4c53-a657-872ed973be73:c5050, 15654dff-55cd-4f70-96d8-4abf0c061563:c5050]
2019-07-09 15:04:47,864 INFO  client.GrpcClientProtocolClient (GrpcClientProtocolClient.java:onNext(255)) - client-A9DCF8B8BD5B->529edf8e-8eae-4246-b33f-5e44130d441c: receive RaftClientReply:client-A9DCF8B8BD5B->529edf8e-8eae-4246-b33f-5e44130d441c@group-A1CD1332DC7D, cid=3370, SUCCESS, logIndex=5054, commits[529edf8e-8eae-4246-b33f-5e44130d441c:c5054, 79bffca9-b028-4c53-a657-872ed973be73:c5050, 15654dff-55cd-4f70-96d8-4abf0c061563:c5050]
2019-07-09 15:04:47,876 INFO  client.GrpcClientProtocolClient (GrpcClientProtocolClient.java:onNext(255)) - client-A9DCF8B8BD5B->529edf8e-8eae-4246-b33f-5e44130d441c: receive RaftClientReply:client-A9DCF8B8BD5B->529edf8e-8eae-4246-b33f-5e44130d441c@group-A1CD1332DC7D, cid=3371, SUCCESS, logIndex=0, commits[529edf8e-8eae-4246-b33f-5e44130d441c:c5056, 79bffca9-b028-4c53-a657-872ed973be73:c5053, 15654dff-55cd-4f70-96d8-4abf0c061563:c5052]
2019-07-09 15:04:47,895 INFO  client.GrpcClientProtocolClient (GrpcClientProtocolClient.java:onNext(255)) - client-A9DCF8B8BD5B->529edf8e-8eae-4246-b33f-5e44130d441c: receive RaftClientReply:client-A9DCF8B8BD5B->529edf8e-8eae-4246-b33f-5e44130d441c@group-A1CD1332DC7D, cid=3372, SUCCESS, logIndex=5059, commits[529edf8e-8eae-4246-b33f-5e44130d441c:c5060, 79bffca9-b028-4c53-a657-872ed973be73:c5058, 15654dff-55cd-4f70-96d8-4abf0c061563:c5058]
2019-07-09 15:04:47,895 INFO  client.GrpcClientProtocolClient (GrpcClientProtocolClient.java:onNext(255)) - client-A9DCF8B8BD5B->529edf8e-8eae-4246-b33f-5e44130d441c: receive RaftClientReply:client-A9DCF8B8BD5B->529edf8e-8eae-4246-b33f-5e44130d441c@group-A1CD1332DC7D, cid=3373, SUCCESS, logIndex=5060, commits[529edf8e-8eae-4246-b33f-5e44130d441c:c5060, 79bffca9-b028-4c53-a657-872ed973be73:c5058, 15654dff-55cd-4f70-96d8-4abf0c061563:c5058]
2019-07-09 15:04:47,908 INFO  client.GrpcClientProtocolClient (GrpcClientProtocolClient.java:onNext(255)) - client-A9DCF8B8BD5B->529edf8e-8eae-4246-b33f-5e44130d441c: receive RaftClientReply:client-A9DCF8B8BD5B->529edf8e-8eae-4246-b33f-5e44130d441c@group-A1CD1332DC7D, cid=3374, SUCCESS, logIndex=5063, commits[529edf8e-8eae-4246-b33f-5e44130d441c:c5063, 79bffca9-b028-4c53-a657-872ed973be73:c5059, 15654dff-55cd-4f70-96d8-4abf0c061563:c5060]
2019-07-09 15:04:47,908 INFO  client.GrpcClientProtocolClient (GrpcClientProtocolClient.java:onNext(255)) - client-A9DCF8B8BD5B->529edf8e-8eae-4246-b33f-5e44130d441c: receive RaftClientReply:client-A9DCF8B8BD5B->529edf8e-8eae-4246-b33f-5e44130d441c@group-A1CD1332DC7D, cid=3375, SUCCESS, logIndex=5064, commits[529edf8e-8eae-4246-b33f-5e44130d441c:c5064, 79bffca9-b028-4c53-a657-872ed973be73:c5060, 15654dff-55cd-4f70-96d8-4abf0c061563:c5060]
2019-07-09 15:04:47,921 INFO  client.GrpcClientProtocolClient (GrpcClientProtocolClient.java:onNext(255)) - client-A9DCF8B8BD5B->529edf8e-8eae-4246-b33f-5e44130d441c: receive RaftClientReply:client-A9DCF8B8BD5B->529edf8e-8eae-4246-b33f-5e44130d441c@group-A1CD1332DC7D, cid=3376, SUCCESS, logIndex=0, commits[529edf8e-8eae-4246-b33f-5e44130d441c:c5066, 79bffca9-b028-4c53-a657-872ed973be73:c5064, 15654dff-55cd-4f70-96d8-4abf0c061563:c5064]
2019-07-09 15:04:47,948 INFO  client.GrpcClientProtocolClient (GrpcClientProtocolClient.java:onNext(255)) - client-A9DCF8B8BD5B->529edf8e-8eae-4246-b33f-5e44130d441c: receive RaftClientReply:client-A9DCF8B8BD5B->529edf8e-8eae-4246-b33f-5e44130d441c@group-A1CD1332DC7D, cid=3377, SUCCESS, logIndex=5067, commits[529edf8e-8eae-4246-b33f-5e44130d441c:c5068, 79bffca9-b028-4c53-a657-872ed973be73:c5066, 15654dff-55cd-4f70-96d8-4abf0c061563:c5066]
2019-07-09 15:04:47,948 INFO  client.GrpcClientProtocolClient (GrpcClientProtocolClient.java:onNext(255)) - client-A9DCF8B8BD5B->529edf8e-8eae-4246-b33f-5e44130d441c: receive RaftClientReply:client-A9DCF8B8BD5B->529edf8e-8eae-4246-b33f-5e44130d441c@group-A1CD1332DC7D, cid=3378, SUCCESS, logIndex=5068, commits[529edf8e-8eae-4246-b33f-5e44130d441c:c5070, 79bffca9-b028-4c53-a657-872ed973be73:c5066, 15654dff-55cd-4f70-96d8-4abf0c061563:c5066]
2019-07-09 15:04:47,949 INFO  client.GrpcClientProtocolClient (GrpcClientProtocolClient.java:onNext(255)) - client-A9DCF8B8BD5B->529edf8e-8eae-4246-b33f-5e44130d441c: receive RaftClientReply:client-A9DCF8B8BD5B->529edf8e-8eae-4246-b33f-5e44130d441c@group-A1CD1332DC7D, cid=3379, SUCCESS, logIndex=5069, commits[529edf8e-8eae-4246-b33f-5e44130d441c:c5070, 79bffca9-b028-4c53-a657-872ed973be73:c5066, 15654dff-55cd-4f70-96d8-4abf0c061563:c5066]
2019-07-09 15:04:47,949 INFO  client.GrpcClientProtocolClient (GrpcClientProtocolClient.java:onNext(255)) - client-A9DCF8B8BD5B->529edf8e-8eae-4246-b33f-5e44130d441c: receive RaftClientReply:client-A9DCF8B8BD5B->529edf8e-8eae-4246-b33f-5e44130d441c@group-A1CD1332DC7D, cid=3380, SUCCESS, logIndex=5070, commits[529edf8e-8eae-4246-b33f-5e44130d441c:c5070, 79bffca9-b028-4c53-a657-872ed973be73:c5066, 15654dff-55cd-4f70-96d8-4abf0c061563:c5066]
2019-07-09 15:04:47,951 INFO  client.GrpcClientProtocolClient (GrpcClientProtocolClient.java:onNext(255)) - client-A9DCF8B8BD5B->529edf8e-8eae-4246-b33f-5e44130d441c: receive RaftClientReply:client-A9DCF8B8BD5B->529edf8e-8eae-4246-b33f-5e44130d441c@group-A1CD1332DC7D, cid=3381, SUCCESS, logIndex=0, commits[529edf8e-8eae-4246-b33f-5e44130d441c:c5074, 79bffca9-b028-4c53-a657-872ed973be73:c5068, 15654dff-55cd-4f70-96d8-4abf0c061563:c5070]
2019-07-09 15:04:47,970 INFO  client.GrpcClientProtocolClient (GrpcClientProtocolClient.java:onNext(255)) - client-A9DCF8B8BD5B->529edf8e-8eae-4246-b33f-5e44130d441c: receive RaftClientReply:client-A9DCF8B8BD5B->529edf8e-8eae-4246-b33f-5e44130d441c@group-A1CD1332DC7D, cid=3382, SUCCESS, logIndex=5075, commits[529edf8e-8eae-4246-b33f-5e44130d441c:c5076, 79bffca9-b028-4c53-a657-872ed973be73:c5074, 15654dff-55cd-4f70-96d8-4abf0c061563:c5074]
2019-07-09 15:04:47,970 INFO  client.GrpcClientProtocolClient (GrpcClientProtocolClient.java:onNext(255)) - client-A9DCF8B8BD5B->529edf8e-8eae-4246-b33f-5e44130d441c: receive RaftClientReply:client-A9DCF8B8BD5B->529edf8e-8eae-4246-b33f-5e44130d441c@group-A1CD1332DC7D, cid=3383, SUCCESS, logIndex=5076, commits[529edf8e-8eae-4246-b33f-5e44130d441c:c5076, 79bffca9-b028-4c53-a657-872ed973be73:c5074, 15654dff-55cd-4f70-96d8-4abf0c061563:c5074]
2019-07-09 15:04:47,992 INFO  client.GrpcClientProtocolClient (GrpcClientProtocolClient.java:onNext(255)) - client-A9DCF8B8BD5B->529edf8e-8eae-4246-b33f-5e44130d441c: receive RaftClientReply:client-A9DCF8B8BD5B->529edf8e-8eae-4246-b33f-5e44130d441c@group-A1CD1332DC7D, cid=3384, SUCCESS, logIndex=5079, commits[529edf8e-8eae-4246-b33f-5e44130d441c:c5080, 79bffca9-b028-4c53-a657-872ed973be73:c5076, 15654dff-55cd-4f70-96d8-4abf0c061563:c5076]
2019-07-09 15:04:47,992 INFO  client.GrpcClientProtocolClient (GrpcClientProtocolClient.java:onNext(255)) - client-A9DCF8B8BD5B->529edf8e-8eae-4246-b33f-5e44130d441c: receive RaftClientReply:client-A9DCF8B8BD5B->529edf8e-8eae-4246-b33f-5e44130d441c@group-A1CD1332DC7D, cid=3385, SUCCESS, logIndex=5080, commits[529edf8e-8eae-4246-b33f-5e44130d441c:c5080, 79bffca9-b028-4c53-a657-872ed973be73:c5076, 15654dff-55cd-4f70-96d8-4abf0c061563:c5076]
2019-07-09 15:04:48,015 INFO  client.GrpcClientProtocolClient (GrpcClientProtocolClient.java:onNext(255)) - client-A9DCF8B8BD5B->529edf8e-8eae-4246-b33f-5e44130d441c: receive RaftClientReply:client-A9DCF8B8BD5B->529edf8e-8eae-4246-b33f-5e44130d441c@group-A1CD1332DC7D, cid=3386, SUCCESS, logIndex=0, commits[529edf8e-8eae-4246-b33f-5e44130d441c:c5081, 79bffca9-b028-4c53-a657-872ed973be73:c5080, 15654dff-55cd-4f70-96d8-4abf0c061563:c5080]
2019-07-09 15:04:48,045 INFO  client.GrpcClientProtocolClient (GrpcClientProtocolClient.java:onNext(255)) - client-A9DCF8B8BD5B->529edf8e-8eae-4246-b33f-5e44130d441c: receive RaftClientReply:client-A9DCF8B8BD5B->529edf8e-8eae-4246-b33f-5e44130d441c@group-A1CD1332DC7D, cid=3387, SUCCESS, logIndex=5083, commits[529edf8e-8eae-4246-b33f-5e44130d441c:c5084, 79bffca9-b028-4c53-a657-872ed973be73:c5082, 15654dff-55cd-4f70-96d8-4abf0c061563:c5082]
2019-07-09 15:04:48,045 INFO  client.GrpcClientProtocolClient (GrpcClientProtocolClient.java:onNext(255)) - client-A9DCF8B8BD5B->529edf8e-8eae-4246-b33f-5e44130d441c: receive RaftClientReply:client-A9DCF8B8BD5B->529edf8e-8eae-4246-b33f-5e44130d441c@group-A1CD1332DC7D, cid=3388, SUCCESS, logIndex=5084, commits[529edf8e-8eae-4246-b33f-5e44130d441c:c5086, 79bffca9-b028-4c53-a657-872ed973be73:c5082, 15654dff-55cd-4f70-96d8-4abf0c061563:c5082]
2019-07-09 15:04:48,045 INFO  client.GrpcClientProtocolClient (GrpcClientProtocolClient.java:onNext(255)) - client-A9DCF8B8BD5B->529edf8e-8eae-4246-b33f-5e44130d441c: receive RaftClientReply:client-A9DCF8B8BD5B->529edf8e-8eae-4246-b33f-5e44130d441c@group-A1CD1332DC7D, cid=3389, SUCCESS, logIndex=5085, commits[529edf8e-8eae-4246-b33f-5e44130d441c:c5086, 79bffca9-b028-4c53-a657-872ed973be73:c5082, 15654dff-55cd-4f70-96d8-4abf0c061563:c5082]
2019-07-09 15:04:48,046 INFO  client.GrpcClientProtocolClient (GrpcClientProtocolClient.java:onNext(255)) - client-A9DCF8B8BD5B->529edf8e-8eae-4246-b33f-5e44130d441c: receive RaftClientReply:client-A9DCF8B8BD5B->529edf8e-8eae-4246-b33f-5e44130d441c@group-A1CD1332DC7D, cid=3390, SUCCESS, logIndex=5086, commits[529edf8e-8eae-4246-b33f-5e44130d441c:c5086, 79bffca9-b028-4c53-a657-872ed973be73:c5082, 15654dff-55cd-4f70-96d8-4abf0c061563:c5082]
2019-07-09 15:04:48,047 INFO  client.GrpcClientProtocolClient (GrpcClientProtocolClient.java:onNext(255)) - client-A9DCF8B8BD5B->529edf8e-8eae-4246-b33f-5e44130d441c: receive RaftClientReply:client-A9DCF8B8BD5B->529edf8e-8eae-4246-b33f-5e44130d441c@group-A1CD1332DC7D, cid=3391, SUCCESS, logIndex=0, commits[529edf8e-8eae-4246-b33f-5e44130d441c:c5089, 79bffca9-b028-4c53-a657-872ed973be73:c5084, 15654dff-55cd-4f70-96d8-4abf0c061563:c5086]
2019-07-09 15:04:48,066 INFO  client.GrpcClientProtocolClient (GrpcClientProtocolClient.java:onNext(255)) - client-A9DCF8B8BD5B->529edf8e-8eae-4246-b33f-5e44130d441c: receive RaftClientReply:client-A9DCF8B8BD5B->529edf8e-8eae-4246-b33f-5e44130d441c@group-A1CD1332DC7D, cid=3392, SUCCESS, logIndex=5091, commits[529edf8e-8eae-4246-b33f-5e44130d441c:c5092, 79bffca9-b028-4c53-a657-872ed973be73:c5090, 15654dff-55cd-4f70-96d8-4abf0c061563:c5090]
2019-07-09 15:04:48,066 INFO  client.GrpcClientProtocolClient (GrpcClientProtocolClient.java:onNext(255)) - client-A9DCF8B8BD5B->529edf8e-8eae-4246-b33f-5e44130d441c: receive RaftClientReply:client-A9DCF8B8BD5B->529edf8e-8eae-4246-b33f-5e44130d441c@group-A1CD1332DC7D, cid=3393, SUCCESS, logIndex=5092, commits[529edf8e-8eae-4246-b33f-5e44130d441c:c5092, 79bffca9-b028-4c53-a657-872ed973be73:c5090, 15654dff-55cd-4f70-96d8-4abf0c061563:c5090]
2019-07-09 15:04:48,079 INFO  client.GrpcClientProtocolClient (GrpcClientProtocolClient.java:onNext(255)) - client-A9DCF8B8BD5B->529edf8e-8eae-4246-b33f-5e44130d441c: receive RaftClientReply:client-A9DCF8B8BD5B->529edf8e-8eae-4246-b33f-5e44130d441c@group-A1CD1332DC7D, cid=3394, SUCCESS, logIndex=5095, commits[529edf8e-8eae-4246-b33f-5e44130d441c:c5095, 79bffca9-b028-4c53-a657-872ed973be73:c5092, 15654dff-55cd-4f70-96d8-4abf0c061563:c5092]
2019-07-09 15:04:48,080 INFO  client.GrpcClientProtocolClient (GrpcClientProtocolClient.java:onNext(255)) - client-A9DCF8B8BD5B->529edf8e-8eae-4246-b33f-5e44130d441c: receive RaftClientReply:client-A9DCF8B8BD5B->529edf8e-8eae-4246-b33f-5e44130d441c@group-A1CD1332DC7D, cid=3395, SUCCESS, logIndex=5096, commits[529edf8e-8eae-4246-b33f-5e44130d441c:c5096, 79bffca9-b028-4c53-a657-872ed973be73:c5092, 15654dff-55cd-4f70-96d8-4abf0c061563:c5092]
2019-07-09 15:04:48,092 INFO  client.GrpcClientProtocolClient (GrpcClientProtocolClient.java:onNext(255)) - client-A9DCF8B8BD5B->529edf8e-8eae-4246-b33f-5e44130d441c: receive RaftClientReply:client-A9DCF8B8BD5B->529edf8e-8eae-4246-b33f-5e44130d441c@group-A1CD1332DC7D, cid=3396, SUCCESS, logIndex=0, commits[529edf8e-8eae-4246-b33f-5e44130d441c:c5098, 79bffca9-b028-4c53-a657-872ed973be73:c5096, 15654dff-55cd-4f70-96d8-4abf0c061563:c5096]
 0.00% |█                                                                                                    |  0/1 Time: 0:00:302019-07-09 15:04:48,121 INFO  client.GrpcClientProtocolClient (GrpcClientProtocolClient.java:onNext(255)) - client-A9DCF8B8BD5B->529edf8e-8eae-4246-b33f-5e44130d441c: receive RaftClientReply:client-A9DCF8B8BD5B->529edf8e-8eae-4246-b33f-5e44130d441c@group-A1CD1332DC7D, cid=3397, SUCCESS, logIndex=5099, commits[529edf8e-8eae-4246-b33f-5e44130d441c:c5100, 79bffca9-b028-4c53-a657-872ed973be73:c5098, 15654dff-55cd-4f70-96d8-4abf0c061563:c5098]
2019-07-09 15:04:48,122 INFO  client.GrpcClientProtocolClient (GrpcClientProtocolClient.java:onNext(255)) - client-A9DCF8B8BD5B->529edf8e-8eae-4246-b33f-5e44130d441c: receive RaftClientReply:client-A9DCF8B8BD5B->529edf8e-8eae-4246-b33f-5e44130d441c@group-A1CD1332DC7D, cid=3398, SUCCESS, logIndex=5100, commits[529edf8e-8eae-4246-b33f-5e44130d441c:c5100, 79bffca9-b028-4c53-a657-872ed973be73:c5098, 15654dff-55cd-4f70-96d8-4abf0c061563:c5098]
2019-07-09 15:04:48,122 INFO  client.GrpcClientProtocolClient (GrpcClientProtocolClient.java:onNext(255)) - client-A9DCF8B8BD5B->529edf8e-8eae-4246-b33f-5e44130d441c: receive RaftClientReply:client-A9DCF8B8BD5B->529edf8e-8eae-4246-b33f-5e44130d441c@group-A1CD1332DC7D, cid=3399, SUCCESS, logIndex=5101, commits[529edf8e-8eae-4246-b33f-5e44130d441c:c5101, 79bffca9-b028-4c53-a657-872ed973be73:c5098, 15654dff-55cd-4f70-96d8-4abf0c061563:c5098]
2019-07-09 15:04:48,123 INFO  client.GrpcClientProtocolClient (GrpcClientProtocolClient.java:onNext(255)) - client-A9DCF8B8BD5B->529edf8e-8eae-4246-b33f-5e44130d441c: receive RaftClientReply:client-A9DCF8B8BD5B->529edf8e-8eae-4246-b33f-5e44130d441c@group-A1CD1332DC7D, cid=3400, SUCCESS, logIndex=5102, commits[529edf8e-8eae-4246-b33f-5e44130d441c:c5102, 79bffca9-b028-4c53-a657-872ed973be73:c5098, 15654dff-55cd-4f70-96d8-4abf0c061563:c5098]
2019-07-09 15:04:48,125 INFO  client.GrpcClientProtocolClient (GrpcClientProtocolClient.java:onNext(255)) - client-A9DCF8B8BD5B->529edf8e-8eae-4246-b33f-5e44130d441c: receive RaftClientReply:client-A9DCF8B8BD5B->529edf8e-8eae-4246-b33f-5e44130d441c@group-A1CD1332DC7D, cid=3401, SUCCESS, logIndex=0, commits[529edf8e-8eae-4246-b33f-5e44130d441c:c5105, 79bffca9-b028-4c53-a657-872ed973be73:c5101, 15654dff-55cd-4f70-96d8-4abf0c061563:c5100]
2019-07-09 15:04:48,143 INFO  client.GrpcClientProtocolClient (GrpcClientProtocolClient.java:onNext(255)) - client-A9DCF8B8BD5B->529edf8e-8eae-4246-b33f-5e44130d441c: receive RaftClientReply:client-A9DCF8B8BD5B->529edf8e-8eae-4246-b33f-5e44130d441c@group-A1CD1332DC7D, cid=3402, SUCCESS, logIndex=5107, commits[529edf8e-8eae-4246-b33f-5e44130d441c:c5108, 79bffca9-b028-4c53-a657-872ed973be73:c5106, 15654dff-55cd-4f70-96d8-4abf0c061563:c5106]
2019-07-09 15:04:48,143 INFO  client.GrpcClientProtocolClient (GrpcClientProtocolClient.java:onNext(255)) - client-A9DCF8B8BD5B->529edf8e-8eae-4246-b33f-5e44130d441c: receive RaftClientReply:client-A9DCF8B8BD5B->529edf8e-8eae-4246-b33f-5e44130d441c@group-A1CD1332DC7D, cid=3403, SUCCESS, logIndex=5108, commits[529edf8e-8eae-4246-b33f-5e44130d441c:c5108, 79bffca9-b028-4c53-a657-872ed973be73:c5106, 15654dff-55cd-4f70-96d8-4abf0c061563:c5106]
2019-07-09 15:04:48,156 INFO  client.GrpcClientProtocolClient (GrpcClientProtocolClient.java:onNext(255)) - client-A9DCF8B8BD5B->529edf8e-8eae-4246-b33f-5e44130d441c: receive RaftClientReply:client-A9DCF8B8BD5B->529edf8e-8eae-4246-b33f-5e44130d441c@group-A1CD1332DC7D, cid=3404, SUCCESS, logIndex=5111, commits[529edf8e-8eae-4246-b33f-5e44130d441c:c5111, 79bffca9-b028-4c53-a657-872ed973be73:c5108, 15654dff-55cd-4f70-96d8-4abf0c061563:c5108]
2019-07-09 15:04:48,157 INFO  client.GrpcClientProtocolClient (GrpcClientProtocolClient.java:onNext(255)) - client-A9DCF8B8BD5B->529edf8e-8eae-4246-b33f-5e44130d441c: receive RaftClientReply:client-A9DCF8B8BD5B->529edf8e-8eae-4246-b33f-5e44130d441c@group-A1CD1332DC7D, cid=3405, SUCCESS, logIndex=5112, commits[529edf8e-8eae-4246-b33f-5e44130d441c:c5112, 79bffca9-b028-4c53-a657-872ed973be73:c5108, 15654dff-55cd-4f70-96d8-4abf0c061563:c5108]
2019-07-09 15:04:48,169 INFO  client.GrpcClientProtocolClient (GrpcClientProtocolClient.java:onNext(255)) - client-A9DCF8B8BD5B->529edf8e-8eae-4246-b33f-5e44130d441c: receive RaftClientReply:client-A9DCF8B8BD5B->529edf8e-8eae-4246-b33f-5e44130d441c@group-A1CD1332DC7D, cid=3406, SUCCESS, logIndex=0, commits[529edf8e-8eae-4246-b33f-5e44130d441c:c5114, 79bffca9-b028-4c53-a657-872ed973be73:c5112, 15654dff-55cd-4f70-96d8-4abf0c061563:c5112]
2019-07-09 15:04:48,199 INFO  client.GrpcClientProtocolClient (GrpcClientProtocolClient.java:onNext(255)) - client-A9DCF8B8BD5B->529edf8e-8eae-4246-b33f-5e44130d441c: receive RaftClientReply:client-A9DCF8B8BD5B->529edf8e-8eae-4246-b33f-5e44130d441c@group-A1CD1332DC7D, cid=3407, SUCCESS, logIndex=5115, commits[529edf8e-8eae-4246-b33f-5e44130d441c:c5115, 79bffca9-b028-4c53-a657-872ed973be73:c5114, 15654dff-55cd-4f70-96d8-4abf0c061563:c5114]
2019-07-09 15:04:48,200 INFO  client.GrpcClientProtocolClient (GrpcClientProtocolClient.java:onNext(255)) - client-A9DCF8B8BD5B->529edf8e-8eae-4246-b33f-5e44130d441c: receive RaftClientReply:client-A9DCF8B8BD5B->529edf8e-8eae-4246-b33f-5e44130d441c@group-A1CD1332DC7D, cid=3408, SUCCESS, logIndex=5116, commits[529edf8e-8eae-4246-b33f-5e44130d441c:c5116, 79bffca9-b028-4c53-a657-872ed973be73:c5114, 15654dff-55cd-4f70-96d8-4abf0c061563:c5114]
2019-07-09 15:04:48,200 INFO  client.GrpcClientProtocolClient (GrpcClientProtocolClient.java:onNext(255)) - client-A9DCF8B8BD5B->529edf8e-8eae-4246-b33f-5e44130d441c: receive RaftClientReply:client-A9DCF8B8BD5B->529edf8e-8eae-4246-b33f-5e44130d441c@group-A1CD1332DC7D, cid=3409, SUCCESS, logIndex=5117, commits[529edf8e-8eae-4246-b33f-5e44130d441c:c5118, 79bffca9-b028-4c53-a657-872ed973be73:c5114, 15654dff-55cd-4f70-96d8-4abf0c061563:c5114]
2019-07-09 15:04:48,200 INFO  client.GrpcClientProtocolClient (GrpcClientProtocolClient.java:onNext(255)) - client-A9DCF8B8BD5B->529edf8e-8eae-4246-b33f-5e44130d441c: receive RaftClientReply:client-A9DCF8B8BD5B->529edf8e-8eae-4246-b33f-5e44130d441c@group-A1CD1332DC7D, cid=3410, SUCCESS, logIndex=5118, commits[529edf8e-8eae-4246-b33f-5e44130d441c:c5118, 79bffca9-b028-4c53-a657-872ed973be73:c5114, 15654dff-55cd-4f70-96d8-4abf0c061563:c5114]
2019-07-09 15:04:48,202 INFO  client.GrpcClientProtocolClient (GrpcClientProtocolClient.java:onNext(255)) - client-A9DCF8B8BD5B->529edf8e-8eae-4246-b33f-5e44130d441c: receive RaftClientReply:client-A9DCF8B8BD5B->529edf8e-8eae-4246-b33f-5e44130d441c@group-A1CD1332DC7D, cid=3411, SUCCESS, logIndex=0, commits[529edf8e-8eae-4246-b33f-5e44130d441c:c5121, 79bffca9-b028-4c53-a657-872ed973be73:c5118, 15654dff-55cd-4f70-96d8-4abf0c061563:c5116]
2019-07-09 15:04:48,220 INFO  client.GrpcClientProtocolClient (GrpcClientProtocolClient.java:onNext(255)) - client-A9DCF8B8BD5B->529edf8e-8eae-4246-b33f-5e44130d441c: receive RaftClientReply:client-A9DCF8B8BD5B->529edf8e-8eae-4246-b33f-5e44130d441c@group-A1CD1332DC7D, cid=3412, SUCCESS, logIndex=5123, commits[529edf8e-8eae-4246-b33f-5e44130d441c:c5124, 79bffca9-b028-4c53-a657-872ed973be73:c5122, 15654dff-55cd-4f70-96d8-4abf0c061563:c5122]
2019-07-09 15:04:48,221 INFO  client.GrpcClientProtocolClient (GrpcClientProtocolClient.java:onNext(255)) - client-A9DCF8B8BD5B->529edf8e-8eae-4246-b33f-5e44130d441c: receive RaftClientReply:client-A9DCF8B8BD5B->529edf8e-8eae-4246-b33f-5e44130d441c@group-A1CD1332DC7D, cid=3413, SUCCESS, logIndex=5124, commits[529edf8e-8eae-4246-b33f-5e44130d441c:c5124, 79bffca9-b028-4c53-a657-872ed973be73:c5122, 15654dff-55cd-4f70-96d8-4abf0c061563:c5122]
2019-07-09 15:04:48,234 INFO  client.GrpcClientProtocolClient (GrpcClientProtocolClient.java:onNext(255)) - client-A9DCF8B8BD5B->529edf8e-8eae-4246-b33f-5e44130d441c: receive RaftClientReply:client-A9DCF8B8BD5B->529edf8e-8eae-4246-b33f-5e44130d441c@group-A1CD1332DC7D, cid=3414, SUCCESS, logIndex=5127, commits[529edf8e-8eae-4246-b33f-5e44130d441c:c5127, 79bffca9-b028-4c53-a657-872ed973be73:c5124, 15654dff-55cd-4f70-96d8-4abf0c061563:c5124]
2019-07-09 15:04:48,234 INFO  client.GrpcClientProtocolClient (GrpcClientProtocolClient.java:onNext(255)) - client-A9DCF8B8BD5B->529edf8e-8eae-4246-b33f-5e44130d441c: receive RaftClientReply:client-A9DCF8B8BD5B->529edf8e-8eae-4246-b33f-5e44130d441c@group-A1CD1332DC7D, cid=3415, SUCCESS, logIndex=5128, commits[529edf8e-8eae-4246-b33f-5e44130d441c:c5128, 79bffca9-b028-4c53-a657-872ed973be73:c5124, 15654dff-55cd-4f70-96d8-4abf0c061563:c5124]
2019-07-09 15:04:48,247 INFO  client.GrpcClientProtocolClient (GrpcClientProtocolClient.java:onNext(255)) - client-A9DCF8B8BD5B->529edf8e-8eae-4246-b33f-5e44130d441c: receive RaftClientReply:client-A9DCF8B8BD5B->529edf8e-8eae-4246-b33f-5e44130d441c@group-A1CD1332DC7D, cid=3416, SUCCESS, logIndex=0, commits[529edf8e-8eae-4246-b33f-5e44130d441c:c5130, 79bffca9-b028-4c53-a657-872ed973be73:c5128, 15654dff-55cd-4f70-96d8-4abf0c061563:c5128]
2019-07-09 15:04:48,277 INFO  client.GrpcClientProtocolClient (GrpcClientProtocolClient.java:onNext(255)) - client-A9DCF8B8BD5B->529edf8e-8eae-4246-b33f-5e44130d441c: receive RaftClientReply:client-A9DCF8B8BD5B->529edf8e-8eae-4246-b33f-5e44130d441c@group-A1CD1332DC7D, cid=3417, SUCCESS, logIndex=5131, commits[529edf8e-8eae-4246-b33f-5e44130d441c:c5132, 79bffca9-b028-4c53-a657-872ed973be73:c5130, 15654dff-55cd-4f70-96d8-4abf0c061563:c5130]
2019-07-09 15:04:48,277 INFO  client.GrpcClientProtocolClient (GrpcClientProtocolClient.java:onNext(255)) - client-A9DCF8B8BD5B->529edf8e-8eae-4246-b33f-5e44130d441c: receive RaftClientReply:client-A9DCF8B8BD5B->529edf8e-8eae-4246-b33f-5e44130d441c@group-A1CD1332DC7D, cid=3418, SUCCESS, logIndex=5132, commits[529edf8e-8eae-4246-b33f-5e44130d441c:c5132, 79bffca9-b028-4c53-a657-872ed973be73:c5130, 15654dff-55cd-4f70-96d8-4abf0c061563:c5130]
2019-07-09 15:04:48,278 INFO  client.GrpcClientProtocolClient (GrpcClientProtocolClient.java:onNext(255)) - client-A9DCF8B8BD5B->529edf8e-8eae-4246-b33f-5e44130d441c: receive RaftClientReply:client-A9DCF8B8BD5B->529edf8e-8eae-4246-b33f-5e44130d441c@group-A1CD1332DC7D, cid=3419, SUCCESS, logIndex=5133, commits[529edf8e-8eae-4246-b33f-5e44130d441c:c5133, 79bffca9-b028-4c53-a657-872ed973be73:c5130, 15654dff-55cd-4f70-96d8-4abf0c061563:c5130]
2019-07-09 15:04:48,278 INFO  client.GrpcClientProtocolClient (GrpcClientProtocolClient.java:onNext(255)) - client-A9DCF8B8BD5B->529edf8e-8eae-4246-b33f-5e44130d441c: receive RaftClientReply:client-A9DCF8B8BD5B->529edf8e-8eae-4246-b33f-5e44130d441c@group-A1CD1332DC7D, cid=3420, SUCCESS, logIndex=5134, commits[529edf8e-8eae-4246-b33f-5e44130d441c:c5134, 79bffca9-b028-4c53-a657-872ed973be73:c5130, 15654dff-55cd-4f70-96d8-4abf0c061563:c5130]
2019-07-09 15:04:48,279 INFO  client.GrpcClientProtocolClient (GrpcClientProtocolClient.java:onNext(255)) - client-A9DCF8B8BD5B->529edf8e-8eae-4246-b33f-5e44130d441c: receive RaftClientReply:client-A9DCF8B8BD5B->529edf8e-8eae-4246-b33f-5e44130d441c@group-A1CD1332DC7D, cid=3421, SUCCESS, logIndex=0, commits[529edf8e-8eae-4246-b33f-5e44130d441c:c5136, 79bffca9-b028-4c53-a657-872ed973be73:c5132, 15654dff-55cd-4f70-96d8-4abf0c061563:c5132]
2019-07-09 15:04:48,291 INFO  client.GrpcClientProtocolClient (GrpcClientProtocolClient.java:onNext(255)) - client-A9DCF8B8BD5B->529edf8e-8eae-4246-b33f-5e44130d441c: receive RaftClientReply:client-A9DCF8B8BD5B->529edf8e-8eae-4246-b33f-5e44130d441c@group-A1CD1332DC7D, cid=3422, SUCCESS, logIndex=5139, commits[529edf8e-8eae-4246-b33f-5e44130d441c:c5140, 79bffca9-b028-4c53-a657-872ed973be73:c5138, 15654dff-55cd-4f70-96d8-4abf0c061563:c5138]
2019-07-09 15:04:48,291 INFO  client.GrpcClientProtocolClient (GrpcClientProtocolClient.java:onNext(255)) - client-A9DCF8B8BD5B->529edf8e-8eae-4246-b33f-5e44130d441c: receive RaftClientReply:client-A9DCF8B8BD5B->529edf8e-8eae-4246-b33f-5e44130d441c@group-A1CD1332DC7D, cid=3423, SUCCESS, logIndex=5140, commits[529edf8e-8eae-4246-b33f-5e44130d441c:c5140, 79bffca9-b028-4c53-a657-872ed973be73:c5138, 15654dff-55cd-4f70-96d8-4abf0c061563:c5138]
2019-07-09 15:04:48,304 INFO  client.GrpcClientProtocolClient (GrpcClientProtocolClient.java:onNext(255)) - client-A9DCF8B8BD5B->529edf8e-8eae-4246-b33f-5e44130d441c: receive RaftClientReply:client-A9DCF8B8BD5B->529edf8e-8eae-4246-b33f-5e44130d441c@group-A1CD1332DC7D, cid=3424, SUCCESS, logIndex=5143, commits[529edf8e-8eae-4246-b33f-5e44130d441c:c5144, 79bffca9-b028-4c53-a657-872ed973be73:c5140, 15654dff-55cd-4f70-96d8-4abf0c061563:c5140]
2019-07-09 15:04:48,304 INFO  client.GrpcClientProtocolClient (GrpcClientProtocolClient.java:onNext(255)) - client-A9DCF8B8BD5B->529edf8e-8eae-4246-b33f-5e44130d441c: receive RaftClientReply:client-A9DCF8B8BD5B->529edf8e-8eae-4246-b33f-5e44130d441c@group-A1CD1332DC7D, cid=3425, SUCCESS, logIndex=5144, commits[529edf8e-8eae-4246-b33f-5e44130d441c:c5144, 79bffca9-b028-4c53-a657-872ed973be73:c5140, 15654dff-55cd-4f70-96d8-4abf0c061563:c5140]
2019-07-09 15:04:48,315 INFO  client.GrpcClientProtocolClient (GrpcClientProtocolClient.java:onNext(255)) - client-A9DCF8B8BD5B->529edf8e-8eae-4246-b33f-5e44130d441c: receive RaftClientReply:client-A9DCF8B8BD5B->529edf8e-8eae-4246-b33f-5e44130d441c@group-A1CD1332DC7D, cid=3426, SUCCESS, logIndex=0, commits[529edf8e-8eae-4246-b33f-5e44130d441c:c5145, 79bffca9-b028-4c53-a657-872ed973be73:c5144, 15654dff-55cd-4f70-96d8-4abf0c061563:c5144]
2019-07-09 15:04:48,346 INFO  client.GrpcClientProtocolClient (GrpcClientProtocolClient.java:onNext(255)) - client-A9DCF8B8BD5B->529edf8e-8eae-4246-b33f-5e44130d441c: receive RaftClientReply:client-A9DCF8B8BD5B->529edf8e-8eae-4246-b33f-5e44130d441c@group-A1CD1332DC7D, cid=3427, SUCCESS, logIndex=5147, commits[529edf8e-8eae-4246-b33f-5e44130d441c:c5148, 79bffca9-b028-4c53-a657-872ed973be73:c5146, 15654dff-55cd-4f70-96d8-4abf0c061563:c5146]
2019-07-09 15:04:48,347 INFO  client.GrpcClientProtocolClient (GrpcClientProtocolClient.java:onNext(255)) - client-A9DCF8B8BD5B->529edf8e-8eae-4246-b33f-5e44130d441c: receive RaftClientReply:client-A9DCF8B8BD5B->529edf8e-8eae-4246-b33f-5e44130d441c@group-A1CD1332DC7D, cid=3428, SUCCESS, logIndex=5148, commits[529edf8e-8eae-4246-b33f-5e44130d441c:c5148, 79bffca9-b028-4c53-a657-872ed973be73:c5146, 15654dff-55cd-4f70-96d8-4abf0c061563:c5146]
2019-07-09 15:04:48,347 INFO  client.GrpcClientProtocolClient (GrpcClientProtocolClient.java:onNext(255)) - client-A9DCF8B8BD5B->529edf8e-8eae-4246-b33f-5e44130d441c: receive RaftClientReply:client-A9DCF8B8BD5B->529edf8e-8eae-4246-b33f-5e44130d441c@group-A1CD1332DC7D, cid=3429, SUCCESS, logIndex=5149, commits[529edf8e-8eae-4246-b33f-5e44130d441c:c5149, 79bffca9-b028-4c53-a657-872ed973be73:c5146, 15654dff-55cd-4f70-96d8-4abf0c061563:c5146]
2019-07-09 15:04:48,348 INFO  client.GrpcClientProtocolClient (GrpcClientProtocolClient.java:onNext(255)) - client-A9DCF8B8BD5B->529edf8e-8eae-4246-b33f-5e44130d441c: receive RaftClientReply:client-A9DCF8B8BD5B->529edf8e-8eae-4246-b33f-5e44130d441c@group-A1CD1332DC7D, cid=3430, SUCCESS, logIndex=5150, commits[529edf8e-8eae-4246-b33f-5e44130d441c:c5150, 79bffca9-b028-4c53-a657-872ed973be73:c5146, 15654dff-55cd-4f70-96d8-4abf0c061563:c5146]
2019-07-09 15:04:48,350 INFO  client.GrpcClientProtocolClient (GrpcClientProtocolClient.java:onNext(255)) - client-A9DCF8B8BD5B->529edf8e-8eae-4246-b33f-5e44130d441c: receive RaftClientReply:client-A9DCF8B8BD5B->529edf8e-8eae-4246-b33f-5e44130d441c@group-A1CD1332DC7D, cid=3431, SUCCESS, logIndex=0, commits[529edf8e-8eae-4246-b33f-5e44130d441c:c5154, 79bffca9-b028-4c53-a657-872ed973be73:c5148, 15654dff-55cd-4f70-96d8-4abf0c061563:c5150]
2019-07-09 15:04:48,370 INFO  client.GrpcClientProtocolClient (GrpcClientProtocolClient.java:onNext(255)) - client-A9DCF8B8BD5B->529edf8e-8eae-4246-b33f-5e44130d441c: receive RaftClientReply:client-A9DCF8B8BD5B->529edf8e-8eae-4246-b33f-5e44130d441c@group-A1CD1332DC7D, cid=3432, SUCCESS, logIndex=5155, commits[529edf8e-8eae-4246-b33f-5e44130d441c:c5156, 79bffca9-b028-4c53-a657-872ed973be73:c5154, 15654dff-55cd-4f70-96d8-4abf0c061563:c5154]
2019-07-09 15:04:48,370 INFO  client.GrpcClientProtocolClient (GrpcClientProtocolClient.java:onNext(255)) - client-A9DCF8B8BD5B->529edf8e-8eae-4246-b33f-5e44130d441c: receive RaftClientReply:client-A9DCF8B8BD5B->529edf8e-8eae-4246-b33f-5e44130d441c@group-A1CD1332DC7D, cid=3433, SUCCESS, logIndex=5156, commits[529edf8e-8eae-4246-b33f-5e44130d441c:c5156, 79bffca9-b028-4c53-a657-872ed973be73:c5154, 15654dff-55cd-4f70-96d8-4abf0c061563:c5154]
2019-07-09 15:04:48,383 INFO  client.GrpcClientProtocolClient (GrpcClientProtocolClient.java:onNext(255)) - client-A9DCF8B8BD5B->529edf8e-8eae-4246-b33f-5e44130d441c: receive RaftClientReply:client-A9DCF8B8BD5B->529edf8e-8eae-4246-b33f-5e44130d441c@group-A1CD1332DC7D, cid=3434, SUCCESS, logIndex=5159, commits[529edf8e-8eae-4246-b33f-5e44130d441c:c5160, 79bffca9-b028-4c53-a657-872ed973be73:c5156, 15654dff-55cd-4f70-96d8-4abf0c061563:c5156]
2019-07-09 15:04:48,383 INFO  client.GrpcClientProtocolClient (GrpcClientProtocolClient.java:onNext(255)) - client-A9DCF8B8BD5B->529edf8e-8eae-4246-b33f-5e44130d441c: receive RaftClientReply:client-A9DCF8B8BD5B->529edf8e-8eae-4246-b33f-5e44130d441c@group-A1CD1332DC7D, cid=3435, SUCCESS, logIndex=5160, commits[529edf8e-8eae-4246-b33f-5e44130d441c:c5160, 79bffca9-b028-4c53-a657-872ed973be73:c5156, 15654dff-55cd-4f70-96d8-4abf0c061563:c5156]
2019-07-09 15:04:48,395 INFO  client.GrpcClientProtocolClient (GrpcClientProtocolClient.java:onNext(255)) - client-A9DCF8B8BD5B->529edf8e-8eae-4246-b33f-5e44130d441c: receive RaftClientReply:client-A9DCF8B8BD5B->529edf8e-8eae-4246-b33f-5e44130d441c@group-A1CD1332DC7D, cid=3436, SUCCESS, logIndex=0, commits[529edf8e-8eae-4246-b33f-5e44130d441c:c5161, 79bffca9-b028-4c53-a657-872ed973be73:c5160, 15654dff-55cd-4f70-96d8-4abf0c061563:c5160]
2019-07-09 15:04:48,439 INFO  client.GrpcClientProtocolClient (GrpcClientProtocolClient.java:onNext(255)) - client-A9DCF8B8BD5B->529edf8e-8eae-4246-b33f-5e44130d441c: receive RaftClientReply:client-A9DCF8B8BD5B->529edf8e-8eae-4246-b33f-5e44130d441c@group-A1CD1332DC7D, cid=3437, SUCCESS, logIndex=5163, commits[529edf8e-8eae-4246-b33f-5e44130d441c:c5164, 79bffca9-b028-4c53-a657-872ed973be73:c5162, 15654dff-55cd-4f70-96d8-4abf0c061563:c5162]
2019-07-09 15:04:48,440 INFO  client.GrpcClientProtocolClient (GrpcClientProtocolClient.java:onNext(255)) - client-A9DCF8B8BD5B->529edf8e-8eae-4246-b33f-5e44130d441c: receive RaftClientReply:client-A9DCF8B8BD5B->529edf8e-8eae-4246-b33f-5e44130d441c@group-A1CD1332DC7D, cid=3438, SUCCESS, logIndex=5164, commits[529edf8e-8eae-4246-b33f-5e44130d441c:c5164, 79bffca9-b028-4c53-a657-872ed973be73:c5162, 15654dff-55cd-4f70-96d8-4abf0c061563:c5162]
2019-07-09 15:04:48,440 INFO  client.GrpcClientProtocolClient (GrpcClientProtocolClient.java:onNext(255)) - client-A9DCF8B8BD5B->529edf8e-8eae-4246-b33f-5e44130d441c: receive RaftClientReply:client-A9DCF8B8BD5B->529edf8e-8eae-4246-b33f-5e44130d441c@group-A1CD1332DC7D, cid=3439, SUCCESS, logIndex=5165, commits[529edf8e-8eae-4246-b33f-5e44130d441c:c5165, 79bffca9-b028-4c53-a657-872ed973be73:c5162, 15654dff-55cd-4f70-96d8-4abf0c061563:c5162]
2019-07-09 15:04:48,441 INFO  client.GrpcClientProtocolClient (GrpcClientProtocolClient.java:onNext(255)) - client-A9DCF8B8BD5B->529edf8e-8eae-4246-b33f-5e44130d441c: receive RaftClientReply:client-A9DCF8B8BD5B->529edf8e-8eae-4246-b33f-5e44130d441c@group-A1CD1332DC7D, cid=3440, SUCCESS, logIndex=5166, commits[529edf8e-8eae-4246-b33f-5e44130d441c:c5166, 79bffca9-b028-4c53-a657-872ed973be73:c5162, 15654dff-55cd-4f70-96d8-4abf0c061563:c5162]
2019-07-09 15:04:48,442 INFO  client.GrpcClientProtocolClient (GrpcClientProtocolClient.java:onNext(255)) - client-A9DCF8B8BD5B->529edf8e-8eae-4246-b33f-5e44130d441c: receive RaftClientReply:client-A9DCF8B8BD5B->529edf8e-8eae-4246-b33f-5e44130d441c@group-A1CD1332DC7D, cid=3441, SUCCESS, logIndex=0, commits[529edf8e-8eae-4246-b33f-5e44130d441c:c5169, 79bffca9-b028-4c53-a657-872ed973be73:c5165, 15654dff-55cd-4f70-96d8-4abf0c061563:c5164]
2019-07-09 15:04:48,463 INFO  client.GrpcClientProtocolClient (GrpcClientProtocolClient.java:onNext(255)) - client-A9DCF8B8BD5B->529edf8e-8eae-4246-b33f-5e44130d441c: receive RaftClientReply:client-A9DCF8B8BD5B->529edf8e-8eae-4246-b33f-5e44130d441c@group-A1CD1332DC7D, cid=3442, SUCCESS, logIndex=5171, commits[529edf8e-8eae-4246-b33f-5e44130d441c:c5172, 79bffca9-b028-4c53-a657-872ed973be73:c5170, 15654dff-55cd-4f70-96d8-4abf0c061563:c5170]
2019-07-09 15:04:48,464 INFO  client.GrpcClientProtocolClient (GrpcClientProtocolClient.java:onNext(255)) - client-A9DCF8B8BD5B->529edf8e-8eae-4246-b33f-5e44130d441c: receive RaftClientReply:client-A9DCF8B8BD5B->529edf8e-8eae-4246-b33f-5e44130d441c@group-A1CD1332DC7D, cid=3443, SUCCESS, logIndex=5172, commits[529edf8e-8eae-4246-b33f-5e44130d441c:c5172, 79bffca9-b028-4c53-a657-872ed973be73:c5170, 15654dff-55cd-4f70-96d8-4abf0c061563:c5170]
2019-07-09 15:04:48,609 INFO  client.GrpcClientProtocolClient (GrpcClientProtocolClient.java:onNext(255)) - client-A9DCF8B8BD5B->529edf8e-8eae-4246-b33f-5e44130d441c: receive RaftClientReply:client-A9DCF8B8BD5B->529edf8e-8eae-4246-b33f-5e44130d441c@group-A1CD1332DC7D, cid=3444, SUCCESS, logIndex=5175, commits[529edf8e-8eae-4246-b33f-5e44130d441c:c5176, 79bffca9-b028-4c53-a657-872ed973be73:c5172, 15654dff-55cd-4f70-96d8-4abf0c061563:c5173]
2019-07-09 15:04:48,610 INFO  client.GrpcClientProtocolClient (GrpcClientProtocolClient.java:onNext(255)) - client-A9DCF8B8BD5B->529edf8e-8eae-4246-b33f-5e44130d441c: receive RaftClientReply:client-A9DCF8B8BD5B->529edf8e-8eae-4246-b33f-5e44130d441c@group-A1CD1332DC7D, cid=3445, SUCCESS, logIndex=5176, commits[529edf8e-8eae-4246-b33f-5e44130d441c:c5176, 79bffca9-b028-4c53-a657-872ed973be73:c5173, 15654dff-55cd-4f70-96d8-4abf0c061563:c5173]
2019-07-09 15:04:48,622 INFO  client.GrpcClientProtocolClient (GrpcClientProtocolClient.java:onNext(255)) - client-A9DCF8B8BD5B->529edf8e-8eae-4246-b33f-5e44130d441c: receive RaftClientReply:client-A9DCF8B8BD5B->529edf8e-8eae-4246-b33f-5e44130d441c@group-A1CD1332DC7D, cid=3446, SUCCESS, logIndex=0, commits[529edf8e-8eae-4246-b33f-5e44130d441c:c5178, 79bffca9-b028-4c53-a657-872ed973be73:c5176, 15654dff-55cd-4f70-96d8-4abf0c061563:c5176]
2019-07-09 15:04:48,654 INFO  client.GrpcClientProtocolClient (GrpcClientProtocolClient.java:onNext(255)) - client-A9DCF8B8BD5B->529edf8e-8eae-4246-b33f-5e44130d441c: receive RaftClientReply:client-A9DCF8B8BD5B->529edf8e-8eae-4246-b33f-5e44130d441c@group-A1CD1332DC7D, cid=3447, SUCCESS, logIndex=5179, commits[529edf8e-8eae-4246-b33f-5e44130d441c:c5180, 79bffca9-b028-4c53-a657-872ed973be73:c5178, 15654dff-55cd-4f70-96d8-4abf0c061563:c5178]
2019-07-09 15:04:48,660 INFO  client.GrpcClientProtocolClient (GrpcClientProtocolClient.java:onNext(255)) - client-A9DCF8B8BD5B->529edf8e-8eae-4246-b33f-5e44130d441c: receive RaftClientReply:client-A9DCF8B8BD5B->529edf8e-8eae-4246-b33f-5e44130d441c@group-A1CD1332DC7D, cid=3448, SUCCESS, logIndex=5180, commits[529edf8e-8eae-4246-b33f-5e44130d441c:c5180, 79bffca9-b028-4c53-a657-872ed973be73:c5178, 15654dff-55cd-4f70-96d8-4abf0c061563:c5178]
2019-07-09 15:04:48,661 INFO  client.GrpcClientProtocolClient (GrpcClientProtocolClient.java:onNext(255)) - client-A9DCF8B8BD5B->529edf8e-8eae-4246-b33f-5e44130d441c: receive RaftClientReply:client-A9DCF8B8BD5B->529edf8e-8eae-4246-b33f-5e44130d441c@group-A1CD1332DC7D, cid=3449, SUCCESS, logIndex=5181, commits[529edf8e-8eae-4246-b33f-5e44130d441c:c5182, 79bffca9-b028-4c53-a657-872ed973be73:c5178, 15654dff-55cd-4f70-96d8-4abf0c061563:c5178]
2019-07-09 15:04:48,661 INFO  client.GrpcClientProtocolClient (GrpcClientProtocolClient.java:onNext(255)) - client-A9DCF8B8BD5B->529edf8e-8eae-4246-b33f-5e44130d441c: receive RaftClientReply:client-A9DCF8B8BD5B->529edf8e-8eae-4246-b33f-5e44130d441c@group-A1CD1332DC7D, cid=3450, SUCCESS, logIndex=5182, commits[529edf8e-8eae-4246-b33f-5e44130d441c:c5184, 79bffca9-b028-4c53-a657-872ed973be73:c5180, 15654dff-55cd-4f70-96d8-4abf0c061563:c5178]
2019-07-09 15:04:48,662 INFO  client.GrpcClientProtocolClient (GrpcClientProtocolClient.java:onNext(255)) - client-A9DCF8B8BD5B->529edf8e-8eae-4246-b33f-5e44130d441c: receive RaftClientReply:client-A9DCF8B8BD5B->529edf8e-8eae-4246-b33f-5e44130d441c@group-A1CD1332DC7D, cid=3451, SUCCESS, logIndex=0, commits[529edf8e-8eae-4246-b33f-5e44130d441c:c5186, 79bffca9-b028-4c53-a657-872ed973be73:c5181, 15654dff-55cd-4f70-96d8-4abf0c061563:c5182]
2019-07-09 15:04:48,684 INFO  client.GrpcClientProtocolClient (GrpcClientProtocolClient.java:onNext(255)) - client-A9DCF8B8BD5B->529edf8e-8eae-4246-b33f-5e44130d441c: receive RaftClientReply:client-A9DCF8B8BD5B->529edf8e-8eae-4246-b33f-5e44130d441c@group-A1CD1332DC7D, cid=3452, SUCCESS, logIndex=5187, commits[529edf8e-8eae-4246-b33f-5e44130d441c:c5188, 79bffca9-b028-4c53-a657-872ed973be73:c5186, 15654dff-55cd-4f70-96d8-4abf0c061563:c5186]
2019-07-09 15:04:48,684 INFO  client.GrpcClientProtocolClient (GrpcClientProtocolClient.java:onNext(255)) - client-A9DCF8B8BD5B->529edf8e-8eae-4246-b33f-5e44130d441c: receive RaftClientReply:client-A9DCF8B8BD5B->529edf8e-8eae-4246-b33f-5e44130d441c@group-A1CD1332DC7D, cid=3453, SUCCESS, logIndex=5188, commits[529edf8e-8eae-4246-b33f-5e44130d441c:c5188, 79bffca9-b028-4c53-a657-872ed973be73:c5186, 15654dff-55cd-4f70-96d8-4abf0c061563:c5186]
2019-07-09 15:04:48,697 INFO  client.GrpcClientProtocolClient (GrpcClientProtocolClient.java:onNext(255)) - client-A9DCF8B8BD5B->529edf8e-8eae-4246-b33f-5e44130d441c: receive RaftClientReply:client-A9DCF8B8BD5B->529edf8e-8eae-4246-b33f-5e44130d441c@group-A1CD1332DC7D, cid=3454, SUCCESS, logIndex=5191, commits[529edf8e-8eae-4246-b33f-5e44130d441c:c5192, 79bffca9-b028-4c53-a657-872ed973be73:c5188, 15654dff-55cd-4f70-96d8-4abf0c061563:c5187]
2019-07-09 15:04:48,698 INFO  client.GrpcClientProtocolClient (GrpcClientProtocolClient.java:onNext(255)) - client-A9DCF8B8BD5B->529edf8e-8eae-4246-b33f-5e44130d441c: receive RaftClientReply:client-A9DCF8B8BD5B->529edf8e-8eae-4246-b33f-5e44130d441c@group-A1CD1332DC7D, cid=3455, SUCCESS, logIndex=5192, commits[529edf8e-8eae-4246-b33f-5e44130d441c:c5192, 79bffca9-b028-4c53-a657-872ed973be73:c5188, 15654dff-55cd-4f70-96d8-4abf0c061563:c5188]
2019-07-09 15:04:48,699 INFO  client.GrpcClientProtocolClient (GrpcClientProtocolClient.java:onNext(255)) - client-A9DCF8B8BD5B->529edf8e-8eae-4246-b33f-5e44130d441c: receive RaftClientReply:client-A9DCF8B8BD5B->529edf8e-8eae-4246-b33f-5e44130d441c@group-A1CD1332DC7D, cid=3456, SUCCESS, logIndex=0, commits[529edf8e-8eae-4246-b33f-5e44130d441c:c5193, 79bffca9-b028-4c53-a657-872ed973be73:c5192, 15654dff-55cd-4f70-96d8-4abf0c061563:c5192]
2019-07-09 15:04:48,730 INFO  client.GrpcClientProtocolClient (GrpcClientProtocolClient.java:onNext(255)) - client-A9DCF8B8BD5B->529edf8e-8eae-4246-b33f-5e44130d441c: receive RaftClientReply:client-A9DCF8B8BD5B->529edf8e-8eae-4246-b33f-5e44130d441c@group-A1CD1332DC7D, cid=3457, SUCCESS, logIndex=5195, commits[529edf8e-8eae-4246-b33f-5e44130d441c:c5196, 79bffca9-b028-4c53-a657-872ed973be73:c5194, 15654dff-55cd-4f70-96d8-4abf0c061563:c5194]
2019-07-09 15:04:48,731 INFO  client.GrpcClientProtocolClient (GrpcClientProtocolClient.java:onNext(255)) - client-A9DCF8B8BD5B->529edf8e-8eae-4246-b33f-5e44130d441c: receive RaftClientReply:client-A9DCF8B8BD5B->529edf8e-8eae-4246-b33f-5e44130d441c@group-A1CD1332DC7D, cid=3458, SUCCESS, logIndex=5196, commits[529edf8e-8eae-4246-b33f-5e44130d441c:c5196, 79bffca9-b028-4c53-a657-872ed973be73:c5194, 15654dff-55cd-4f70-96d8-4abf0c061563:c5194]
2019-07-09 15:04:48,731 INFO  client.GrpcClientProtocolClient (GrpcClientProtocolClient.java:onNext(255)) - client-A9DCF8B8BD5B->529edf8e-8eae-4246-b33f-5e44130d441c: receive RaftClientReply:client-A9DCF8B8BD5B->529edf8e-8eae-4246-b33f-5e44130d441c@group-A1CD1332DC7D, cid=3459, SUCCESS, logIndex=5197, commits[529edf8e-8eae-4246-b33f-5e44130d441c:c5198, 79bffca9-b028-4c53-a657-872ed973be73:c5194, 15654dff-55cd-4f70-96d8-4abf0c061563:c5194]
2019-07-09 15:04:48,732 INFO  client.GrpcClientProtocolClient (GrpcClientProtocolClient.java:onNext(255)) - client-A9DCF8B8BD5B->529edf8e-8eae-4246-b33f-5e44130d441c: receive RaftClientReply:client-A9DCF8B8BD5B->529edf8e-8eae-4246-b33f-5e44130d441c@group-A1CD1332DC7D, cid=3460, SUCCESS, logIndex=5198, commits[529edf8e-8eae-4246-b33f-5e44130d441c:c5198, 79bffca9-b028-4c53-a657-872ed973be73:c5194, 15654dff-55cd-4f70-96d8-4abf0c061563:c5194]
2019-07-09 15:04:48,733 INFO  client.GrpcClientProtocolClient (GrpcClientProtocolClient.java:onNext(255)) - client-A9DCF8B8BD5B->529edf8e-8eae-4246-b33f-5e44130d441c: receive RaftClientReply:client-A9DCF8B8BD5B->529edf8e-8eae-4246-b33f-5e44130d441c@group-A1CD1332DC7D, cid=3461, SUCCESS, logIndex=0, commits[529edf8e-8eae-4246-b33f-5e44130d441c:c5201, 79bffca9-b028-4c53-a657-872ed973be73:c5197, 15654dff-55cd-4f70-96d8-4abf0c061563:c5196]
2019-07-09 15:04:48,756 INFO  client.GrpcClientProtocolClient (GrpcClientProtocolClient.java:onNext(255)) - client-A9DCF8B8BD5B->529edf8e-8eae-4246-b33f-5e44130d441c: receive RaftClientReply:client-A9DCF8B8BD5B->529edf8e-8eae-4246-b33f-5e44130d441c@group-A1CD1332DC7D, cid=3462, SUCCESS, logIndex=5203, commits[529edf8e-8eae-4246-b33f-5e44130d441c:c5204, 79bffca9-b028-4c53-a657-872ed973be73:c5202, 15654dff-55cd-4f70-96d8-4abf0c061563:c5202]
2019-07-09 15:04:48,757 INFO  client.GrpcClientProtocolClient (GrpcClientProtocolClient.java:onNext(255)) - client-A9DCF8B8BD5B->529edf8e-8eae-4246-b33f-5e44130d441c: receive RaftClientReply:client-A9DCF8B8BD5B->529edf8e-8eae-4246-b33f-5e44130d441c@group-A1CD1332DC7D, cid=3463, SUCCESS, logIndex=5204, commits[529edf8e-8eae-4246-b33f-5e44130d441c:c5204, 79bffca9-b028-4c53-a657-872ed973be73:c5202, 15654dff-55cd-4f70-96d8-4abf0c061563:c5202]
2019-07-09 15:04:48,770 INFO  client.GrpcClientProtocolClient (GrpcClientProtocolClient.java:onNext(255)) - client-A9DCF8B8BD5B->529edf8e-8eae-4246-b33f-5e44130d441c: receive RaftClientReply:client-A9DCF8B8BD5B->529edf8e-8eae-4246-b33f-5e44130d441c@group-A1CD1332DC7D, cid=3464, SUCCESS, logIndex=5207, commits[529edf8e-8eae-4246-b33f-5e44130d441c:c5207, 79bffca9-b028-4c53-a657-872ed973be73:c5204, 15654dff-55cd-4f70-96d8-4abf0c061563:c5204]
2019-07-09 15:04:48,770 INFO  client.GrpcClientProtocolClient (GrpcClientProtocolClient.java:onNext(255)) - client-A9DCF8B8BD5B->529edf8e-8eae-4246-b33f-5e44130d441c: receive RaftClientReply:client-A9DCF8B8BD5B->529edf8e-8eae-4246-b33f-5e44130d441c@group-A1CD1332DC7D, cid=3465, SUCCESS, logIndex=5208, commits[529edf8e-8eae-4246-b33f-5e44130d441c:c5208, 79bffca9-b028-4c53-a657-872ed973be73:c5204, 15654dff-55cd-4f70-96d8-4abf0c061563:c5204]
2019-07-09 15:04:48,783 INFO  client.GrpcClientProtocolClient (GrpcClientProtocolClient.java:onNext(255)) - client-A9DCF8B8BD5B->529edf8e-8eae-4246-b33f-5e44130d441c: receive RaftClientReply:client-A9DCF8B8BD5B->529edf8e-8eae-4246-b33f-5e44130d441c@group-A1CD1332DC7D, cid=3466, SUCCESS, logIndex=0, commits[529edf8e-8eae-4246-b33f-5e44130d441c:c5210, 79bffca9-b028-4c53-a657-872ed973be73:c5208, 15654dff-55cd-4f70-96d8-4abf0c061563:c5208]
2019-07-09 15:04:48,818 INFO  client.GrpcClientProtocolClient (GrpcClientProtocolClient.java:onNext(255)) - client-A9DCF8B8BD5B->529edf8e-8eae-4246-b33f-5e44130d441c: receive RaftClientReply:client-A9DCF8B8BD5B->529edf8e-8eae-4246-b33f-5e44130d441c@group-A1CD1332DC7D, cid=3467, SUCCESS, logIndex=5211, commits[529edf8e-8eae-4246-b33f-5e44130d441c:c5212, 79bffca9-b028-4c53-a657-872ed973be73:c5210, 15654dff-55cd-4f70-96d8-4abf0c061563:c5210]
2019-07-09 15:04:48,819 INFO  client.GrpcClientProtocolClient (GrpcClientProtocolClient.java:onNext(255)) - client-A9DCF8B8BD5B->529edf8e-8eae-4246-b33f-5e44130d441c: receive RaftClientReply:client-A9DCF8B8BD5B->529edf8e-8eae-4246-b33f-5e44130d441c@group-A1CD1332DC7D, cid=3468, SUCCESS, logIndex=5212, commits[529edf8e-8eae-4246-b33f-5e44130d441c:c5213, 79bffca9-b028-4c53-a657-872ed973be73:c5210, 15654dff-55cd-4f70-96d8-4abf0c061563:c5210]
2019-07-09 15:04:48,819 INFO  client.GrpcClientProtocolClient (GrpcClientProtocolClient.java:onNext(255)) - client-A9DCF8B8BD5B->529edf8e-8eae-4246-b33f-5e44130d441c: receive RaftClientReply:client-A9DCF8B8BD5B->529edf8e-8eae-4246-b33f-5e44130d441c@group-A1CD1332DC7D, cid=3469, SUCCESS, logIndex=5213, commits[529edf8e-8eae-4246-b33f-5e44130d441c:c5214, 79bffca9-b028-4c53-a657-872ed973be73:c5210, 15654dff-55cd-4f70-96d8-4abf0c061563:c5210]
2019-07-09 15:04:48,819 INFO  client.GrpcClientProtocolClient (GrpcClientProtocolClient.java:onNext(255)) - client-A9DCF8B8BD5B->529edf8e-8eae-4246-b33f-5e44130d441c: receive RaftClientReply:client-A9DCF8B8BD5B->529edf8e-8eae-4246-b33f-5e44130d441c@group-A1CD1332DC7D, cid=3470, SUCCESS, logIndex=5214, commits[529edf8e-8eae-4246-b33f-5e44130d441c:c5214, 79bffca9-b028-4c53-a657-872ed973be73:c5210, 15654dff-55cd-4f70-96d8-4abf0c061563:c5210]
2019-07-09 15:04:48,820 INFO  client.GrpcClientProtocolClient (GrpcClientProtocolClient.java:onNext(255)) - client-A9DCF8B8BD5B->529edf8e-8eae-4246-b33f-5e44130d441c: receive RaftClientReply:client-A9DCF8B8BD5B->529edf8e-8eae-4246-b33f-5e44130d441c@group-A1CD1332DC7D, cid=3471, SUCCESS, logIndex=0, commits[529edf8e-8eae-4246-b33f-5e44130d441c:c5216, 79bffca9-b028-4c53-a657-872ed973be73:c5212, 15654dff-55cd-4f70-96d8-4abf0c061563:c5212]
2019-07-09 15:04:48,841 INFO  client.GrpcClientProtocolClient (GrpcClientProtocolClient.java:onNext(255)) - client-A9DCF8B8BD5B->529edf8e-8eae-4246-b33f-5e44130d441c: receive RaftClientReply:client-A9DCF8B8BD5B->529edf8e-8eae-4246-b33f-5e44130d441c@group-A1CD1332DC7D, cid=3472, SUCCESS, logIndex=5219, commits[529edf8e-8eae-4246-b33f-5e44130d441c:c5220, 79bffca9-b028-4c53-a657-872ed973be73:c5218, 15654dff-55cd-4f70-96d8-4abf0c061563:c5218]
2019-07-09 15:04:48,841 INFO  client.GrpcClientProtocolClient (GrpcClientProtocolClient.java:onNext(255)) - client-A9DCF8B8BD5B->529edf8e-8eae-4246-b33f-5e44130d441c: receive RaftClientReply:client-A9DCF8B8BD5B->529edf8e-8eae-4246-b33f-5e44130d441c@group-A1CD1332DC7D, cid=3473, SUCCESS, logIndex=5220, commits[529edf8e-8eae-4246-b33f-5e44130d441c:c5220, 79bffca9-b028-4c53-a657-872ed973be73:c5218, 15654dff-55cd-4f70-96d8-4abf0c061563:c5218]
2019-07-09 15:04:48,855 INFO  client.GrpcClientProtocolClient (GrpcClientProtocolClient.java:onNext(255)) - client-A9DCF8B8BD5B->529edf8e-8eae-4246-b33f-5e44130d441c: receive RaftClientReply:client-A9DCF8B8BD5B->529edf8e-8eae-4246-b33f-5e44130d441c@group-A1CD1332DC7D, cid=3474, SUCCESS, logIndex=5223, commits[529edf8e-8eae-4246-b33f-5e44130d441c:c5224, 79bffca9-b028-4c53-a657-872ed973be73:c5220, 15654dff-55cd-4f70-96d8-4abf0c061563:c5220]
2019-07-09 15:04:48,855 INFO  client.GrpcClientProtocolClient (GrpcClientProtocolClient.java:onNext(255)) - client-A9DCF8B8BD5B->529edf8e-8eae-4246-b33f-5e44130d441c: receive RaftClientReply:client-A9DCF8B8BD5B->529edf8e-8eae-4246-b33f-5e44130d441c@group-A1CD1332DC7D, cid=3475, SUCCESS, logIndex=5224, commits[529edf8e-8eae-4246-b33f-5e44130d441c:c5224, 79bffca9-b028-4c53-a657-872ed973be73:c5220, 15654dff-55cd-4f70-96d8-4abf0c061563:c5220]
2019-07-09 15:04:48,868 INFO  client.GrpcClientProtocolClient (GrpcClientProtocolClient.java:onNext(255)) - client-A9DCF8B8BD5B->529edf8e-8eae-4246-b33f-5e44130d441c: receive RaftClientReply:client-A9DCF8B8BD5B->529edf8e-8eae-4246-b33f-5e44130d441c@group-A1CD1332DC7D, cid=3476, SUCCESS, logIndex=0, commits[529edf8e-8eae-4246-b33f-5e44130d441c:c5226, 79bffca9-b028-4c53-a657-872ed973be73:c5224, 15654dff-55cd-4f70-96d8-4abf0c061563:c5224]
2019-07-09 15:04:48,901 INFO  client.GrpcClientProtocolClient (GrpcClientProtocolClient.java:onNext(255)) - client-A9DCF8B8BD5B->529edf8e-8eae-4246-b33f-5e44130d441c: receive RaftClientReply:client-A9DCF8B8BD5B->529edf8e-8eae-4246-b33f-5e44130d441c@group-A1CD1332DC7D, cid=3477, SUCCESS, logIndex=5227, commits[529edf8e-8eae-4246-b33f-5e44130d441c:c5228, 79bffca9-b028-4c53-a657-872ed973be73:c5226, 15654dff-55cd-4f70-96d8-4abf0c061563:c5226]
2019-07-09 15:04:48,901 INFO  client.GrpcClientProtocolClient (GrpcClientProtocolClient.java:onNext(255)) - client-A9DCF8B8BD5B->529edf8e-8eae-4246-b33f-5e44130d441c: receive RaftClientReply:client-A9DCF8B8BD5B->529edf8e-8eae-4246-b33f-5e44130d441c@group-A1CD1332DC7D, cid=3478, SUCCESS, logIndex=5228, commits[529edf8e-8eae-4246-b33f-5e44130d441c:c5228, 79bffca9-b028-4c53-a657-872ed973be73:c5226, 15654dff-55cd-4f70-96d8-4abf0c061563:c5226]
2019-07-09 15:04:48,902 INFO  client.GrpcClientProtocolClient (GrpcClientProtocolClient.java:onNext(255)) - client-A9DCF8B8BD5B->529edf8e-8eae-4246-b33f-5e44130d441c: receive RaftClientReply:client-A9DCF8B8BD5B->529edf8e-8eae-4246-b33f-5e44130d441c@group-A1CD1332DC7D, cid=3479, SUCCESS, logIndex=5229, commits[529edf8e-8eae-4246-b33f-5e44130d441c:c5230, 79bffca9-b028-4c53-a657-872ed973be73:c5226, 15654dff-55cd-4f70-96d8-4abf0c061563:c5226]
2019-07-09 15:04:48,903 INFO  client.GrpcClientProtocolClient (GrpcClientProtocolClient.java:onNext(255)) - client-A9DCF8B8BD5B->529edf8e-8eae-4246-b33f-5e44130d441c: receive RaftClientReply:client-A9DCF8B8BD5B->529edf8e-8eae-4246-b33f-5e44130d441c@group-A1CD1332DC7D, cid=3480, SUCCESS, logIndex=5230, commits[529edf8e-8eae-4246-b33f-5e44130d441c:c5230, 79bffca9-b028-4c53-a657-872ed973be73:c5226, 15654dff-55cd-4f70-96d8-4abf0c061563:c5226]
2019-07-09 15:04:48,904 INFO  client.GrpcClientProtocolClient (GrpcClientProtocolClient.java:onNext(255)) - client-A9DCF8B8BD5B->529edf8e-8eae-4246-b33f-5e44130d441c: receive RaftClientReply:client-A9DCF8B8BD5B->529edf8e-8eae-4246-b33f-5e44130d441c@group-A1CD1332DC7D, cid=3481, SUCCESS, logIndex=0, commits[529edf8e-8eae-4246-b33f-5e44130d441c:c5232, 79bffca9-b028-4c53-a657-872ed973be73:c5228, 15654dff-55cd-4f70-96d8-4abf0c061563:c5228]
2019-07-09 15:04:48,925 INFO  client.GrpcClientProtocolClient (GrpcClientProtocolClient.java:onNext(255)) - client-A9DCF8B8BD5B->529edf8e-8eae-4246-b33f-5e44130d441c: receive RaftClientReply:client-A9DCF8B8BD5B->529edf8e-8eae-4246-b33f-5e44130d441c@group-A1CD1332DC7D, cid=3482, SUCCESS, logIndex=5235, commits[529edf8e-8eae-4246-b33f-5e44130d441c:c5236, 79bffca9-b028-4c53-a657-872ed973be73:c5234, 15654dff-55cd-4f70-96d8-4abf0c061563:c5234]
2019-07-09 15:04:48,925 INFO  client.GrpcClientProtocolClient (GrpcClientProtocolClient.java:onNext(255)) - client-A9DCF8B8BD5B->529edf8e-8eae-4246-b33f-5e44130d441c: receive RaftClientReply:client-A9DCF8B8BD5B->529edf8e-8eae-4246-b33f-5e44130d441c@group-A1CD1332DC7D, cid=3483, SUCCESS, logIndex=5236, commits[529edf8e-8eae-4246-b33f-5e44130d441c:c5236, 79bffca9-b028-4c53-a657-872ed973be73:c5234, 15654dff-55cd-4f70-96d8-4abf0c061563:c5234]
2019-07-09 15:04:48,940 INFO  client.GrpcClientProtocolClient (GrpcClientProtocolClient.java:onNext(255)) - client-A9DCF8B8BD5B->529edf8e-8eae-4246-b33f-5e44130d441c: receive RaftClientReply:client-A9DCF8B8BD5B->529edf8e-8eae-4246-b33f-5e44130d441c@group-A1CD1332DC7D, cid=3484, SUCCESS, logIndex=5239, commits[529edf8e-8eae-4246-b33f-5e44130d441c:c5240, 79bffca9-b028-4c53-a657-872ed973be73:c5236, 15654dff-55cd-4f70-96d8-4abf0c061563:c5236]
2019-07-09 15:04:48,940 INFO  client.GrpcClientProtocolClient (GrpcClientProtocolClient.java:onNext(255)) - client-A9DCF8B8BD5B->529edf8e-8eae-4246-b33f-5e44130d441c: receive RaftClientReply:client-A9DCF8B8BD5B->529edf8e-8eae-4246-b33f-5e44130d441c@group-A1CD1332DC7D, cid=3485, SUCCESS, logIndex=5240, commits[529edf8e-8eae-4246-b33f-5e44130d441c:c5240, 79bffca9-b028-4c53-a657-872ed973be73:c5236, 15654dff-55cd-4f70-96d8-4abf0c061563:c5236]
2019-07-09 15:04:48,952 INFO  client.GrpcClientProtocolClient (GrpcClientProtocolClient.java:onNext(255)) - client-A9DCF8B8BD5B->529edf8e-8eae-4246-b33f-5e44130d441c: receive RaftClientReply:client-A9DCF8B8BD5B->529edf8e-8eae-4246-b33f-5e44130d441c@group-A1CD1332DC7D, cid=3486, SUCCESS, logIndex=0, commits[529edf8e-8eae-4246-b33f-5e44130d441c:c5242, 79bffca9-b028-4c53-a657-872ed973be73:c5240, 15654dff-55cd-4f70-96d8-4abf0c061563:c5240]
2019-07-09 15:04:48,988 INFO  client.GrpcClientProtocolClient (GrpcClientProtocolClient.java:onNext(255)) - client-A9DCF8B8BD5B->529edf8e-8eae-4246-b33f-5e44130d441c: receive RaftClientReply:client-A9DCF8B8BD5B->529edf8e-8eae-4246-b33f-5e44130d441c@group-A1CD1332DC7D, cid=3487, SUCCESS, logIndex=5243, commits[529edf8e-8eae-4246-b33f-5e44130d441c:c5244, 79bffca9-b028-4c53-a657-872ed973be73:c5240, 15654dff-55cd-4f70-96d8-4abf0c061563:c5242]
2019-07-09 15:04:48,989 INFO  client.GrpcClientProtocolClient (GrpcClientProtocolClient.java:onNext(255)) - client-A9DCF8B8BD5B->529edf8e-8eae-4246-b33f-5e44130d441c: receive RaftClientReply:client-A9DCF8B8BD5B->529edf8e-8eae-4246-b33f-5e44130d441c@group-A1CD1332DC7D, cid=3488, SUCCESS, logIndex=5244, commits[529edf8e-8eae-4246-b33f-5e44130d441c:c5244, 79bffca9-b028-4c53-a657-872ed973be73:c5240, 15654dff-55cd-4f70-96d8-4abf0c061563:c5242]
2019-07-09 15:04:49,002 INFO  client.GrpcClientProtocolClient (GrpcClientProtocolClient.java:onNext(255)) - client-A9DCF8B8BD5B->529edf8e-8eae-4246-b33f-5e44130d441c: receive RaftClientReply:client-A9DCF8B8BD5B->529edf8e-8eae-4246-b33f-5e44130d441c@group-A1CD1332DC7D, cid=3489, SUCCESS, logIndex=5245, commits[529edf8e-8eae-4246-b33f-5e44130d441c:c5246, 79bffca9-b028-4c53-a657-872ed973be73:c5242, 15654dff-55cd-4f70-96d8-4abf0c061563:c5242]
2019-07-09 15:04:49,003 INFO  client.GrpcClientProtocolClient (GrpcClientProtocolClient.java:onNext(255)) - client-A9DCF8B8BD5B->529edf8e-8eae-4246-b33f-5e44130d441c: receive RaftClientReply:client-A9DCF8B8BD5B->529edf8e-8eae-4246-b33f-5e44130d441c@group-A1CD1332DC7D, cid=3490, SUCCESS, logIndex=5246, commits[529edf8e-8eae-4246-b33f-5e44130d441c:c5246, 79bffca9-b028-4c53-a657-872ed973be73:c5242, 15654dff-55cd-4f70-96d8-4abf0c061563:c5242]
2019-07-09 15:04:49,005 INFO  client.GrpcClientProtocolClient (GrpcClientProtocolClient.java:onNext(255)) - client-A9DCF8B8BD5B->529edf8e-8eae-4246-b33f-5e44130d441c: receive RaftClientReply:client-A9DCF8B8BD5B->529edf8e-8eae-4246-b33f-5e44130d441c@group-A1CD1332DC7D, cid=3491, SUCCESS, logIndex=0, commits[529edf8e-8eae-4246-b33f-5e44130d441c:c5248, 79bffca9-b028-4c53-a657-872ed973be73:c5244, 15654dff-55cd-4f70-96d8-4abf0c061563:c5244]
2019-07-09 15:04:49,017 INFO  client.GrpcClientProtocolClient (GrpcClientProtocolClient.java:onNext(255)) - client-A9DCF8B8BD5B->529edf8e-8eae-4246-b33f-5e44130d441c: receive RaftClientReply:client-A9DCF8B8BD5B->529edf8e-8eae-4246-b33f-5e44130d441c@group-A1CD1332DC7D, cid=3492, SUCCESS, logIndex=5251, commits[529edf8e-8eae-4246-b33f-5e44130d441c:c5252, 79bffca9-b028-4c53-a657-872ed973be73:c5248, 15654dff-55cd-4f70-96d8-4abf0c061563:c5246]
2019-07-09 15:04:49,018 INFO  client.GrpcClientProtocolClient (GrpcClientProtocolClient.java:onNext(255)) - client-A9DCF8B8BD5B->529edf8e-8eae-4246-b33f-5e44130d441c: receive RaftClientReply:client-A9DCF8B8BD5B->529edf8e-8eae-4246-b33f-5e44130d441c@group-A1CD1332DC7D, cid=3493, SUCCESS, logIndex=5252, commits[529edf8e-8eae-4246-b33f-5e44130d441c:c5252, 79bffca9-b028-4c53-a657-872ed973be73:c5248, 15654dff-55cd-4f70-96d8-4abf0c061563:c5248]
2019-07-09 15:04:49,054 INFO  client.GrpcClientProtocolClient (GrpcClientProtocolClient.java:onNext(255)) - client-A9DCF8B8BD5B->529edf8e-8eae-4246-b33f-5e44130d441c: receive RaftClientReply:client-A9DCF8B8BD5B->529edf8e-8eae-4246-b33f-5e44130d441c@group-A1CD1332DC7D, cid=3494, SUCCESS, logIndex=5255, commits[529edf8e-8eae-4246-b33f-5e44130d441c:c5256, 79bffca9-b028-4c53-a657-872ed973be73:c5252, 15654dff-55cd-4f70-96d8-4abf0c061563:c5254]
2019-07-09 15:04:49,055 INFO  client.GrpcClientProtocolClient (GrpcClientProtocolClient.java:onNext(255)) - client-A9DCF8B8BD5B->529edf8e-8eae-4246-b33f-5e44130d441c: receive RaftClientReply:client-A9DCF8B8BD5B->529edf8e-8eae-4246-b33f-5e44130d441c@group-A1CD1332DC7D, cid=3495, SUCCESS, logIndex=5256, commits[529edf8e-8eae-4246-b33f-5e44130d441c:c5256, 79bffca9-b028-4c53-a657-872ed973be73:c5254, 15654dff-55cd-4f70-96d8-4abf0c061563:c5254]
2019-07-09 15:04:49,059 INFO  client.GrpcClientProtocolClient (GrpcClientProtocolClient.java:onNext(255)) - client-A9DCF8B8BD5B->529edf8e-8eae-4246-b33f-5e44130d441c: receive RaftClientReply:client-A9DCF8B8BD5B->529edf8e-8eae-4246-b33f-5e44130d441c@group-A1CD1332DC7D, cid=3496, SUCCESS, logIndex=0, commits[529edf8e-8eae-4246-b33f-5e44130d441c:c5257, 79bffca9-b028-4c53-a657-872ed973be73:c5256, 15654dff-55cd-4f70-96d8-4abf0c061563:c5256]
 0.00% |█                                                                                                    |  0/1 Time: 0:00:312019-07-09 15:04:49,095 INFO  client.GrpcClientProtocolClient (GrpcClientProtocolClient.java:onNext(255)) - client-A9DCF8B8BD5B->529edf8e-8eae-4246-b33f-5e44130d441c: receive RaftClientReply:client-A9DCF8B8BD5B->529edf8e-8eae-4246-b33f-5e44130d441c@group-A1CD1332DC7D, cid=3497, SUCCESS, logIndex=5259, commits[529edf8e-8eae-4246-b33f-5e44130d441c:c5260, 79bffca9-b028-4c53-a657-872ed973be73:c5258, 15654dff-55cd-4f70-96d8-4abf0c061563:c5258]
2019-07-09 15:04:49,096 INFO  client.GrpcClientProtocolClient (GrpcClientProtocolClient.java:onNext(255)) - client-A9DCF8B8BD5B->529edf8e-8eae-4246-b33f-5e44130d441c: receive RaftClientReply:client-A9DCF8B8BD5B->529edf8e-8eae-4246-b33f-5e44130d441c@group-A1CD1332DC7D, cid=3498, SUCCESS, logIndex=5260, commits[529edf8e-8eae-4246-b33f-5e44130d441c:c5260, 79bffca9-b028-4c53-a657-872ed973be73:c5258, 15654dff-55cd-4f70-96d8-4abf0c061563:c5258]
2019-07-09 15:04:49,096 INFO  client.GrpcClientProtocolClient (GrpcClientProtocolClient.java:onNext(255)) - client-A9DCF8B8BD5B->529edf8e-8eae-4246-b33f-5e44130d441c: receive RaftClientReply:client-A9DCF8B8BD5B->529edf8e-8eae-4246-b33f-5e44130d441c@group-A1CD1332DC7D, cid=3499, SUCCESS, logIndex=5261, commits[529edf8e-8eae-4246-b33f-5e44130d441c:c5262, 79bffca9-b028-4c53-a657-872ed973be73:c5258, 15654dff-55cd-4f70-96d8-4abf0c061563:c5258]
2019-07-09 15:04:49,097 INFO  client.GrpcClientProtocolClient (GrpcClientProtocolClient.java:onNext(255)) - client-A9DCF8B8BD5B->529edf8e-8eae-4246-b33f-5e44130d441c: receive RaftClientReply:client-A9DCF8B8BD5B->529edf8e-8eae-4246-b33f-5e44130d441c@group-A1CD1332DC7D, cid=3500, SUCCESS, logIndex=5262, commits[529edf8e-8eae-4246-b33f-5e44130d441c:c5262, 79bffca9-b028-4c53-a657-872ed973be73:c5258, 15654dff-55cd-4f70-96d8-4abf0c061563:c5258]
2019-07-09 15:04:49,098 INFO  client.GrpcClientProtocolClient (GrpcClientProtocolClient.java:onNext(255)) - client-A9DCF8B8BD5B->529edf8e-8eae-4246-b33f-5e44130d441c: receive RaftClientReply:client-A9DCF8B8BD5B->529edf8e-8eae-4246-b33f-5e44130d441c@group-A1CD1332DC7D, cid=3501, SUCCESS, logIndex=0, commits[529edf8e-8eae-4246-b33f-5e44130d441c:c5264, 79bffca9-b028-4c53-a657-872ed973be73:c5261, 15654dff-55cd-4f70-96d8-4abf0c061563:c5260]
2019-07-09 15:04:49,120 INFO  client.GrpcClientProtocolClient (GrpcClientProtocolClient.java:onNext(255)) - client-A9DCF8B8BD5B->529edf8e-8eae-4246-b33f-5e44130d441c: receive RaftClientReply:client-A9DCF8B8BD5B->529edf8e-8eae-4246-b33f-5e44130d441c@group-A1CD1332DC7D, cid=3502, SUCCESS, logIndex=5267, commits[529edf8e-8eae-4246-b33f-5e44130d441c:c5268, 79bffca9-b028-4c53-a657-872ed973be73:c5266, 15654dff-55cd-4f70-96d8-4abf0c061563:c5266]
2019-07-09 15:04:49,120 INFO  client.GrpcClientProtocolClient (GrpcClientProtocolClient.java:onNext(255)) - client-A9DCF8B8BD5B->529edf8e-8eae-4246-b33f-5e44130d441c: receive RaftClientReply:client-A9DCF8B8BD5B->529edf8e-8eae-4246-b33f-5e44130d441c@group-A1CD1332DC7D, cid=3503, SUCCESS, logIndex=5268, commits[529edf8e-8eae-4246-b33f-5e44130d441c:c5268, 79bffca9-b028-4c53-a657-872ed973be73:c5266, 15654dff-55cd-4f70-96d8-4abf0c061563:c5266]
2019-07-09 15:04:49,134 INFO  client.GrpcClientProtocolClient (GrpcClientProtocolClient.java:onNext(255)) - client-A9DCF8B8BD5B->529edf8e-8eae-4246-b33f-5e44130d441c: receive RaftClientReply:client-A9DCF8B8BD5B->529edf8e-8eae-4246-b33f-5e44130d441c@group-A1CD1332DC7D, cid=3504, SUCCESS, logIndex=5271, commits[529edf8e-8eae-4246-b33f-5e44130d441c:c5271, 79bffca9-b028-4c53-a657-872ed973be73:c5268, 15654dff-55cd-4f70-96d8-4abf0c061563:c5268]
2019-07-09 15:04:49,134 INFO  client.GrpcClientProtocolClient (GrpcClientProtocolClient.java:onNext(255)) - client-A9DCF8B8BD5B->529edf8e-8eae-4246-b33f-5e44130d441c: receive RaftClientReply:client-A9DCF8B8BD5B->529edf8e-8eae-4246-b33f-5e44130d441c@group-A1CD1332DC7D, cid=3505, SUCCESS, logIndex=5272, commits[529edf8e-8eae-4246-b33f-5e44130d441c:c5272, 79bffca9-b028-4c53-a657-872ed973be73:c5268, 15654dff-55cd-4f70-96d8-4abf0c061563:c5268]
2019-07-09 15:04:49,147 INFO  client.GrpcClientProtocolClient (GrpcClientProtocolClient.java:onNext(255)) - client-A9DCF8B8BD5B->529edf8e-8eae-4246-b33f-5e44130d441c: receive RaftClientReply:client-A9DCF8B8BD5B->529edf8e-8eae-4246-b33f-5e44130d441c@group-A1CD1332DC7D, cid=3506, SUCCESS, logIndex=0, commits[529edf8e-8eae-4246-b33f-5e44130d441c:c5274, 79bffca9-b028-4c53-a657-872ed973be73:c5272, 15654dff-55cd-4f70-96d8-4abf0c061563:c5272]
2019-07-09 15:04:49,182 INFO  client.GrpcClientProtocolClient (GrpcClientProtocolClient.java:onNext(255)) - client-A9DCF8B8BD5B->529edf8e-8eae-4246-b33f-5e44130d441c: receive RaftClientReply:client-A9DCF8B8BD5B->529edf8e-8eae-4246-b33f-5e44130d441c@group-A1CD1332DC7D, cid=3507, SUCCESS, logIndex=5275, commits[529edf8e-8eae-4246-b33f-5e44130d441c:c5276, 79bffca9-b028-4c53-a657-872ed973be73:c5274, 15654dff-55cd-4f70-96d8-4abf0c061563:c5274]
2019-07-09 15:04:49,182 INFO  client.GrpcClientProtocolClient (GrpcClientProtocolClient.java:onNext(255)) - client-A9DCF8B8BD5B->529edf8e-8eae-4246-b33f-5e44130d441c: receive RaftClientReply:client-A9DCF8B8BD5B->529edf8e-8eae-4246-b33f-5e44130d441c@group-A1CD1332DC7D, cid=3508, SUCCESS, logIndex=5276, commits[529edf8e-8eae-4246-b33f-5e44130d441c:c5276, 79bffca9-b028-4c53-a657-872ed973be73:c5274, 15654dff-55cd-4f70-96d8-4abf0c061563:c5274]
2019-07-09 15:04:49,183 INFO  client.GrpcClientProtocolClient (GrpcClientProtocolClient.java:onNext(255)) - client-A9DCF8B8BD5B->529edf8e-8eae-4246-b33f-5e44130d441c: receive RaftClientReply:client-A9DCF8B8BD5B->529edf8e-8eae-4246-b33f-5e44130d441c@group-A1CD1332DC7D, cid=3509, SUCCESS, logIndex=5277, commits[529edf8e-8eae-4246-b33f-5e44130d441c:c5278, 79bffca9-b028-4c53-a657-872ed973be73:c5274, 15654dff-55cd-4f70-96d8-4abf0c061563:c5274]
2019-07-09 15:04:49,183 INFO  client.GrpcClientProtocolClient (GrpcClientProtocolClient.java:onNext(255)) - client-A9DCF8B8BD5B->529edf8e-8eae-4246-b33f-5e44130d441c: receive RaftClientReply:client-A9DCF8B8BD5B->529edf8e-8eae-4246-b33f-5e44130d441c@group-A1CD1332DC7D, cid=3510, SUCCESS, logIndex=5278, commits[529edf8e-8eae-4246-b33f-5e44130d441c:c5278, 79bffca9-b028-4c53-a657-872ed973be73:c5274, 15654dff-55cd-4f70-96d8-4abf0c061563:c5274]
2019-07-09 15:04:49,185 INFO  client.GrpcClientProtocolClient (GrpcClientProtocolClient.java:onNext(255)) - client-A9DCF8B8BD5B->529edf8e-8eae-4246-b33f-5e44130d441c: receive RaftClientReply:client-A9DCF8B8BD5B->529edf8e-8eae-4246-b33f-5e44130d441c@group-A1CD1332DC7D, cid=3511, SUCCESS, logIndex=0, commits[529edf8e-8eae-4246-b33f-5e44130d441c:c5280, 79bffca9-b028-4c53-a657-872ed973be73:c5276, 15654dff-55cd-4f70-96d8-4abf0c061563:c5276]
2019-07-09 15:04:49,206 INFO  client.GrpcClientProtocolClient (GrpcClientProtocolClient.java:onNext(255)) - client-A9DCF8B8BD5B->529edf8e-8eae-4246-b33f-5e44130d441c: receive RaftClientReply:client-A9DCF8B8BD5B->529edf8e-8eae-4246-b33f-5e44130d441c@group-A1CD1332DC7D, cid=3512, SUCCESS, logIndex=5283, commits[529edf8e-8eae-4246-b33f-5e44130d441c:c5284, 79bffca9-b028-4c53-a657-872ed973be73:c5282, 15654dff-55cd-4f70-96d8-4abf0c061563:c5282]
2019-07-09 15:04:49,206 INFO  client.GrpcClientProtocolClient (GrpcClientProtocolClient.java:onNext(255)) - client-A9DCF8B8BD5B->529edf8e-8eae-4246-b33f-5e44130d441c: receive RaftClientReply:client-A9DCF8B8BD5B->529edf8e-8eae-4246-b33f-5e44130d441c@group-A1CD1332DC7D, cid=3513, SUCCESS, logIndex=5284, commits[529edf8e-8eae-4246-b33f-5e44130d441c:c5284, 79bffca9-b028-4c53-a657-872ed973be73:c5282, 15654dff-55cd-4f70-96d8-4abf0c061563:c5282]
2019-07-09 15:04:49,219 INFO  client.GrpcClientProtocolClient (GrpcClientProtocolClient.java:onNext(255)) - client-A9DCF8B8BD5B->529edf8e-8eae-4246-b33f-5e44130d441c: receive RaftClientReply:client-A9DCF8B8BD5B->529edf8e-8eae-4246-b33f-5e44130d441c@group-A1CD1332DC7D, cid=3514, SUCCESS, logIndex=5287, commits[529edf8e-8eae-4246-b33f-5e44130d441c:c5287, 79bffca9-b028-4c53-a657-872ed973be73:c5284, 15654dff-55cd-4f70-96d8-4abf0c061563:c5284]
2019-07-09 15:04:49,220 INFO  client.GrpcClientProtocolClient (GrpcClientProtocolClient.java:onNext(255)) - client-A9DCF8B8BD5B->529edf8e-8eae-4246-b33f-5e44130d441c: receive RaftClientReply:client-A9DCF8B8BD5B->529edf8e-8eae-4246-b33f-5e44130d441c@group-A1CD1332DC7D, cid=3515, SUCCESS, logIndex=5288, commits[529edf8e-8eae-4246-b33f-5e44130d441c:c5288, 79bffca9-b028-4c53-a657-872ed973be73:c5284, 15654dff-55cd-4f70-96d8-4abf0c061563:c5284]
2019-07-09 15:04:49,233 INFO  client.GrpcClientProtocolClient (GrpcClientProtocolClient.java:onNext(255)) - client-A9DCF8B8BD5B->529edf8e-8eae-4246-b33f-5e44130d441c: receive RaftClientReply:client-A9DCF8B8BD5B->529edf8e-8eae-4246-b33f-5e44130d441c@group-A1CD1332DC7D, cid=3516, SUCCESS, logIndex=0, commits[529edf8e-8eae-4246-b33f-5e44130d441c:c5290, 79bffca9-b028-4c53-a657-872ed973be73:c5288, 15654dff-55cd-4f70-96d8-4abf0c061563:c5288]
2019-07-09 15:04:49,265 INFO  client.GrpcClientProtocolClient (GrpcClientProtocolClient.java:onNext(255)) - client-A9DCF8B8BD5B->529edf8e-8eae-4246-b33f-5e44130d441c: receive RaftClientReply:client-A9DCF8B8BD5B->529edf8e-8eae-4246-b33f-5e44130d441c@group-A1CD1332DC7D, cid=3517, SUCCESS, logIndex=5291, commits[529edf8e-8eae-4246-b33f-5e44130d441c:c5291, 79bffca9-b028-4c53-a657-872ed973be73:c5290, 15654dff-55cd-4f70-96d8-4abf0c061563:c5290]
2019-07-09 15:04:49,266 INFO  client.GrpcClientProtocolClient (GrpcClientProtocolClient.java:onNext(255)) - client-A9DCF8B8BD5B->529edf8e-8eae-4246-b33f-5e44130d441c: receive RaftClientReply:client-A9DCF8B8BD5B->529edf8e-8eae-4246-b33f-5e44130d441c@group-A1CD1332DC7D, cid=3518, SUCCESS, logIndex=5292, commits[529edf8e-8eae-4246-b33f-5e44130d441c:c5294, 79bffca9-b028-4c53-a657-872ed973be73:c5290, 15654dff-55cd-4f70-96d8-4abf0c061563:c5290]
2019-07-09 15:04:49,266 INFO  client.GrpcClientProtocolClient (GrpcClientProtocolClient.java:onNext(255)) - client-A9DCF8B8BD5B->529edf8e-8eae-4246-b33f-5e44130d441c: receive RaftClientReply:client-A9DCF8B8BD5B->529edf8e-8eae-4246-b33f-5e44130d441c@group-A1CD1332DC7D, cid=3519, SUCCESS, logIndex=5293, commits[529edf8e-8eae-4246-b33f-5e44130d441c:c5294, 79bffca9-b028-4c53-a657-872ed973be73:c5290, 15654dff-55cd-4f70-96d8-4abf0c061563:c5290]
2019-07-09 15:04:49,266 INFO  client.GrpcClientProtocolClient (GrpcClientProtocolClient.java:onNext(255)) - client-A9DCF8B8BD5B->529edf8e-8eae-4246-b33f-5e44130d441c: receive RaftClientReply:client-A9DCF8B8BD5B->529edf8e-8eae-4246-b33f-5e44130d441c@group-A1CD1332DC7D, cid=3520, SUCCESS, logIndex=5294, commits[529edf8e-8eae-4246-b33f-5e44130d441c:c5294, 79bffca9-b028-4c53-a657-872ed973be73:c5290, 15654dff-55cd-4f70-96d8-4abf0c061563:c5290]
2019-07-09 15:04:49,269 INFO  client.GrpcClientProtocolClient (GrpcClientProtocolClient.java:onNext(255)) - client-A9DCF8B8BD5B->529edf8e-8eae-4246-b33f-5e44130d441c: receive RaftClientReply:client-A9DCF8B8BD5B->529edf8e-8eae-4246-b33f-5e44130d441c@group-A1CD1332DC7D, cid=3521, SUCCESS, logIndex=0, commits[529edf8e-8eae-4246-b33f-5e44130d441c:c5297, 79bffca9-b028-4c53-a657-872ed973be73:c5294, 15654dff-55cd-4f70-96d8-4abf0c061563:c5294]
2019-07-09 15:04:49,295 INFO  client.GrpcClientProtocolClient (GrpcClientProtocolClient.java:onNext(255)) - client-A9DCF8B8BD5B->529edf8e-8eae-4246-b33f-5e44130d441c: receive RaftClientReply:client-A9DCF8B8BD5B->529edf8e-8eae-4246-b33f-5e44130d441c@group-A1CD1332DC7D, cid=3522, SUCCESS, logIndex=5298, commits[529edf8e-8eae-4246-b33f-5e44130d441c:c5299, 79bffca9-b028-4c53-a657-872ed973be73:c5297, 15654dff-55cd-4f70-96d8-4abf0c061563:c5297]
2019-07-09 15:04:49,295 INFO  client.GrpcClientProtocolClient (GrpcClientProtocolClient.java:onNext(255)) - client-A9DCF8B8BD5B->529edf8e-8eae-4246-b33f-5e44130d441c: receive RaftClientReply:client-A9DCF8B8BD5B->529edf8e-8eae-4246-b33f-5e44130d441c@group-A1CD1332DC7D, cid=3523, SUCCESS, logIndex=5299, commits[529edf8e-8eae-4246-b33f-5e44130d441c:c5299, 79bffca9-b028-4c53-a657-872ed973be73:c5297, 15654dff-55cd-4f70-96d8-4abf0c061563:c5297]
2019-07-09 15:04:49,308 INFO  client.GrpcClientProtocolClient (GrpcClientProtocolClient.java:onNext(255)) - client-A9DCF8B8BD5B->529edf8e-8eae-4246-b33f-5e44130d441c: receive RaftClientReply:client-A9DCF8B8BD5B->529edf8e-8eae-4246-b33f-5e44130d441c@group-A1CD1332DC7D, cid=3524, SUCCESS, logIndex=5302, commits[529edf8e-8eae-4246-b33f-5e44130d441c:c5303, 79bffca9-b028-4c53-a657-872ed973be73:c5299, 15654dff-55cd-4f70-96d8-4abf0c061563:c5299]
2019-07-09 15:04:49,308 INFO  client.GrpcClientProtocolClient (GrpcClientProtocolClient.java:onNext(255)) - client-A9DCF8B8BD5B->529edf8e-8eae-4246-b33f-5e44130d441c: receive RaftClientReply:client-A9DCF8B8BD5B->529edf8e-8eae-4246-b33f-5e44130d441c@group-A1CD1332DC7D, cid=3525, SUCCESS, logIndex=5303, commits[529edf8e-8eae-4246-b33f-5e44130d441c:c5303, 79bffca9-b028-4c53-a657-872ed973be73:c5299, 15654dff-55cd-4f70-96d8-4abf0c061563:c5299]
2019-07-09 15:04:49,332 INFO  client.GrpcClientProtocolClient (GrpcClientProtocolClient.java:onNext(255)) - client-A9DCF8B8BD5B->529edf8e-8eae-4246-b33f-5e44130d441c: receive RaftClientReply:client-A9DCF8B8BD5B->529edf8e-8eae-4246-b33f-5e44130d441c@group-A1CD1332DC7D, cid=3526, SUCCESS, logIndex=0, commits[529edf8e-8eae-4246-b33f-5e44130d441c:c5304, 79bffca9-b028-4c53-a657-872ed973be73:c5303, 15654dff-55cd-4f70-96d8-4abf0c061563:c5303]
2019-07-09 15:04:49,366 INFO  client.GrpcClientProtocolClient (GrpcClientProtocolClient.java:onNext(255)) - client-A9DCF8B8BD5B->529edf8e-8eae-4246-b33f-5e44130d441c: receive RaftClientReply:client-A9DCF8B8BD5B->529edf8e-8eae-4246-b33f-5e44130d441c@group-A1CD1332DC7D, cid=3527, SUCCESS, logIndex=5306, commits[529edf8e-8eae-4246-b33f-5e44130d441c:c5307, 79bffca9-b028-4c53-a657-872ed973be73:c5305, 15654dff-55cd-4f70-96d8-4abf0c061563:c5305]
2019-07-09 15:04:49,367 INFO  client.GrpcClientProtocolClient (GrpcClientProtocolClient.java:onNext(255)) - client-A9DCF8B8BD5B->529edf8e-8eae-4246-b33f-5e44130d441c: receive RaftClientReply:client-A9DCF8B8BD5B->529edf8e-8eae-4246-b33f-5e44130d441c@group-A1CD1332DC7D, cid=3528, SUCCESS, logIndex=5307, commits[529edf8e-8eae-4246-b33f-5e44130d441c:c5307, 79bffca9-b028-4c53-a657-872ed973be73:c5305, 15654dff-55cd-4f70-96d8-4abf0c061563:c5305]
2019-07-09 15:04:49,368 INFO  client.GrpcClientProtocolClient (GrpcClientProtocolClient.java:onNext(255)) - client-A9DCF8B8BD5B->529edf8e-8eae-4246-b33f-5e44130d441c: receive RaftClientReply:client-A9DCF8B8BD5B->529edf8e-8eae-4246-b33f-5e44130d441c@group-A1CD1332DC7D, cid=3529, SUCCESS, logIndex=5308, commits[529edf8e-8eae-4246-b33f-5e44130d441c:c5308, 79bffca9-b028-4c53-a657-872ed973be73:c5305, 15654dff-55cd-4f70-96d8-4abf0c061563:c5305]
2019-07-09 15:04:49,368 INFO  client.GrpcClientProtocolClient (GrpcClientProtocolClient.java:onNext(255)) - client-A9DCF8B8BD5B->529edf8e-8eae-4246-b33f-5e44130d441c: receive RaftClientReply:client-A9DCF8B8BD5B->529edf8e-8eae-4246-b33f-5e44130d441c@group-A1CD1332DC7D, cid=3530, SUCCESS, logIndex=5309, commits[529edf8e-8eae-4246-b33f-5e44130d441c:c5309, 79bffca9-b028-4c53-a657-872ed973be73:c5305, 15654dff-55cd-4f70-96d8-4abf0c061563:c5305]
2019-07-09 15:04:49,370 INFO  client.GrpcClientProtocolClient (GrpcClientProtocolClient.java:onNext(255)) - client-A9DCF8B8BD5B->529edf8e-8eae-4246-b33f-5e44130d441c: receive RaftClientReply:client-A9DCF8B8BD5B->529edf8e-8eae-4246-b33f-5e44130d441c@group-A1CD1332DC7D, cid=3531, SUCCESS, logIndex=0, commits[529edf8e-8eae-4246-b33f-5e44130d441c:c5311, 79bffca9-b028-4c53-a657-872ed973be73:c5307, 15654dff-55cd-4f70-96d8-4abf0c061563:c5307]
2019-07-09 15:04:49,498 INFO  client.GrpcClientProtocolClient (GrpcClientProtocolClient.java:onNext(255)) - client-A9DCF8B8BD5B->529edf8e-8eae-4246-b33f-5e44130d441c: receive RaftClientReply:client-A9DCF8B8BD5B->529edf8e-8eae-4246-b33f-5e44130d441c@group-A1CD1332DC7D, cid=3532, SUCCESS, logIndex=5314, commits[529edf8e-8eae-4246-b33f-5e44130d441c:c5315, 79bffca9-b028-4c53-a657-872ed973be73:c5313, 15654dff-55cd-4f70-96d8-4abf0c061563:c5313]
2019-07-09 15:04:49,499 INFO  client.GrpcClientProtocolClient (GrpcClientProtocolClient.java:onNext(255)) - client-A9DCF8B8BD5B->529edf8e-8eae-4246-b33f-5e44130d441c: receive RaftClientReply:client-A9DCF8B8BD5B->529edf8e-8eae-4246-b33f-5e44130d441c@group-A1CD1332DC7D, cid=3533, SUCCESS, logIndex=5315, commits[529edf8e-8eae-4246-b33f-5e44130d441c:c5315, 79bffca9-b028-4c53-a657-872ed973be73:c5313, 15654dff-55cd-4f70-96d8-4abf0c061563:c5313]
2019-07-09 15:04:49,513 INFO  client.GrpcClientProtocolClient (GrpcClientProtocolClient.java:onNext(255)) - client-A9DCF8B8BD5B->529edf8e-8eae-4246-b33f-5e44130d441c: receive RaftClientReply:client-A9DCF8B8BD5B->529edf8e-8eae-4246-b33f-5e44130d441c@group-A1CD1332DC7D, cid=3534, SUCCESS, logIndex=5318, commits[529edf8e-8eae-4246-b33f-5e44130d441c:c5318, 79bffca9-b028-4c53-a657-872ed973be73:c5315, 15654dff-55cd-4f70-96d8-4abf0c061563:c5315]
2019-07-09 15:04:49,513 INFO  client.GrpcClientProtocolClient (GrpcClientProtocolClient.java:onNext(255)) - client-A9DCF8B8BD5B->529edf8e-8eae-4246-b33f-5e44130d441c: receive RaftClientReply:client-A9DCF8B8BD5B->529edf8e-8eae-4246-b33f-5e44130d441c@group-A1CD1332DC7D, cid=3535, SUCCESS, logIndex=5319, commits[529edf8e-8eae-4246-b33f-5e44130d441c:c5319, 79bffca9-b028-4c53-a657-872ed973be73:c5315, 15654dff-55cd-4f70-96d8-4abf0c061563:c5315]
2019-07-09 15:04:49,532 INFO  client.GrpcClientProtocolClient (GrpcClientProtocolClient.java:onNext(255)) - client-A9DCF8B8BD5B->529edf8e-8eae-4246-b33f-5e44130d441c: receive RaftClientReply:client-A9DCF8B8BD5B->529edf8e-8eae-4246-b33f-5e44130d441c@group-A1CD1332DC7D, cid=3536, SUCCESS, logIndex=0, commits[529edf8e-8eae-4246-b33f-5e44130d441c:c5321, 79bffca9-b028-4c53-a657-872ed973be73:c5319, 15654dff-55cd-4f70-96d8-4abf0c061563:c5319]
2019-07-09 15:04:49,568 INFO  client.GrpcClientProtocolClient (GrpcClientProtocolClient.java:onNext(255)) - client-A9DCF8B8BD5B->529edf8e-8eae-4246-b33f-5e44130d441c: receive RaftClientReply:client-A9DCF8B8BD5B->529edf8e-8eae-4246-b33f-5e44130d441c@group-A1CD1332DC7D, cid=3537, SUCCESS, logIndex=5322, commits[529edf8e-8eae-4246-b33f-5e44130d441c:c5323, 79bffca9-b028-4c53-a657-872ed973be73:c5321, 15654dff-55cd-4f70-96d8-4abf0c061563:c5321]
2019-07-09 15:04:49,569 INFO  client.GrpcClientProtocolClient (GrpcClientProtocolClient.java:onNext(255)) - client-A9DCF8B8BD5B->529edf8e-8eae-4246-b33f-5e44130d441c: receive RaftClientReply:client-A9DCF8B8BD5B->529edf8e-8eae-4246-b33f-5e44130d441c@group-A1CD1332DC7D, cid=3538, SUCCESS, logIndex=5323, commits[529edf8e-8eae-4246-b33f-5e44130d441c:c5325, 79bffca9-b028-4c53-a657-872ed973be73:c5321, 15654dff-55cd-4f70-96d8-4abf0c061563:c5321]
2019-07-09 15:04:49,569 INFO  client.GrpcClientProtocolClient (GrpcClientProtocolClient.java:onNext(255)) - client-A9DCF8B8BD5B->529edf8e-8eae-4246-b33f-5e44130d441c: receive RaftClientReply:client-A9DCF8B8BD5B->529edf8e-8eae-4246-b33f-5e44130d441c@group-A1CD1332DC7D, cid=3539, SUCCESS, logIndex=5324, commits[529edf8e-8eae-4246-b33f-5e44130d441c:c5325, 79bffca9-b028-4c53-a657-872ed973be73:c5321, 15654dff-55cd-4f70-96d8-4abf0c061563:c5321]
2019-07-09 15:04:49,570 INFO  client.GrpcClientProtocolClient (GrpcClientProtocolClient.java:onNext(255)) - client-A9DCF8B8BD5B->529edf8e-8eae-4246-b33f-5e44130d441c: receive RaftClientReply:client-A9DCF8B8BD5B->529edf8e-8eae-4246-b33f-5e44130d441c@group-A1CD1332DC7D, cid=3540, SUCCESS, logIndex=5325, commits[529edf8e-8eae-4246-b33f-5e44130d441c:c5325, 79bffca9-b028-4c53-a657-872ed973be73:c5321, 15654dff-55cd-4f70-96d8-4abf0c061563:c5321]
2019-07-09 15:04:49,571 INFO  client.GrpcClientProtocolClient (GrpcClientProtocolClient.java:onNext(255)) - client-A9DCF8B8BD5B->529edf8e-8eae-4246-b33f-5e44130d441c: receive RaftClientReply:client-A9DCF8B8BD5B->529edf8e-8eae-4246-b33f-5e44130d441c@group-A1CD1332DC7D, cid=3541, SUCCESS, logIndex=0, commits[529edf8e-8eae-4246-b33f-5e44130d441c:c5328, 79bffca9-b028-4c53-a657-872ed973be73:c5325, 15654dff-55cd-4f70-96d8-4abf0c061563:c5323]
2019-07-09 15:04:49,578 INFO  segmented.SegmentedRaftLogWorker (SegmentedRaftLogWorker.java:rollLogSegment(385)) - 529edf8e-8eae-4246-b33f-5e44130d441c-SegmentedRaftLogWorker:Storage Directory /tmp/workdir/hadoop-ozone/tools/target/test-dir/MiniOzoneClusterImpl-72c12ac0-1309-4f8a-b695-5c53df601a0b/datanode-2/data/ratis/9a1e9d91-ce79-4ca9-aa93-a1cd1332dc7d: Rolling segment log-0_5329 to index:5329
2019-07-09 15:04:49,582 INFO  segmented.SegmentedRaftLogWorker (SegmentedRaftLogWorker.java:execute(526)) - 529edf8e-8eae-4246-b33f-5e44130d441c-SegmentedRaftLogWorker:Storage Directory /tmp/workdir/hadoop-ozone/tools/target/test-dir/MiniOzoneClusterImpl-72c12ac0-1309-4f8a-b695-5c53df601a0b/datanode-2/data/ratis/9a1e9d91-ce79-4ca9-aa93-a1cd1332dc7d: Rolled log segment from /tmp/workdir/hadoop-ozone/tools/target/test-dir/MiniOzoneClusterImpl-72c12ac0-1309-4f8a-b695-5c53df601a0b/datanode-2/data/ratis/9a1e9d91-ce79-4ca9-aa93-a1cd1332dc7d/current/log_inprogress_0 to /tmp/workdir/hadoop-ozone/tools/target/test-dir/MiniOzoneClusterImpl-72c12ac0-1309-4f8a-b695-5c53df601a0b/datanode-2/data/ratis/9a1e9d91-ce79-4ca9-aa93-a1cd1332dc7d/current/log_0-5329
2019-07-09 15:04:49,584 INFO  segmented.SegmentedRaftLogWorker (SegmentedRaftLogWorker.java:rollLogSegment(385)) - 79bffca9-b028-4c53-a657-872ed973be73-SegmentedRaftLogWorker:Storage Directory /tmp/workdir/hadoop-ozone/tools/target/test-dir/MiniOzoneClusterImpl-72c12ac0-1309-4f8a-b695-5c53df601a0b/datanode-1/data/ratis/9a1e9d91-ce79-4ca9-aa93-a1cd1332dc7d: Rolling segment log-0_5329 to index:5329
2019-07-09 15:04:49,584 INFO  segmented.SegmentedRaftLogWorker (SegmentedRaftLogWorker.java:rollLogSegment(385)) - 15654dff-55cd-4f70-96d8-4abf0c061563-SegmentedRaftLogWorker:Storage Directory /tmp/workdir/hadoop-ozone/tools/target/test-dir/MiniOzoneClusterImpl-72c12ac0-1309-4f8a-b695-5c53df601a0b/datanode-4/data/ratis/9a1e9d91-ce79-4ca9-aa93-a1cd1332dc7d: Rolling segment log-0_5329 to index:5329
2019-07-09 15:04:49,599 INFO  segmented.SegmentedRaftLogWorker (SegmentedRaftLogWorker.java:execute(526)) - 79bffca9-b028-4c53-a657-872ed973be73-SegmentedRaftLogWorker:Storage Directory /tmp/workdir/hadoop-ozone/tools/target/test-dir/MiniOzoneClusterImpl-72c12ac0-1309-4f8a-b695-5c53df601a0b/datanode-1/data/ratis/9a1e9d91-ce79-4ca9-aa93-a1cd1332dc7d: Rolled log segment from /tmp/workdir/hadoop-ozone/tools/target/test-dir/MiniOzoneClusterImpl-72c12ac0-1309-4f8a-b695-5c53df601a0b/datanode-1/data/ratis/9a1e9d91-ce79-4ca9-aa93-a1cd1332dc7d/current/log_inprogress_0 to /tmp/workdir/hadoop-ozone/tools/target/test-dir/MiniOzoneClusterImpl-72c12ac0-1309-4f8a-b695-5c53df601a0b/datanode-1/data/ratis/9a1e9d91-ce79-4ca9-aa93-a1cd1332dc7d/current/log_0-5329
2019-07-09 15:04:49,599 INFO  segmented.SegmentedRaftLogWorker (SegmentedRaftLogWorker.java:execute(526)) - 15654dff-55cd-4f70-96d8-4abf0c061563-SegmentedRaftLogWorker:Storage Directory /tmp/workdir/hadoop-ozone/tools/target/test-dir/MiniOzoneClusterImpl-72c12ac0-1309-4f8a-b695-5c53df601a0b/datanode-4/data/ratis/9a1e9d91-ce79-4ca9-aa93-a1cd1332dc7d: Rolled log segment from /tmp/workdir/hadoop-ozone/tools/target/test-dir/MiniOzoneClusterImpl-72c12ac0-1309-4f8a-b695-5c53df601a0b/datanode-4/data/ratis/9a1e9d91-ce79-4ca9-aa93-a1cd1332dc7d/current/log_inprogress_0 to /tmp/workdir/hadoop-ozone/tools/target/test-dir/MiniOzoneClusterImpl-72c12ac0-1309-4f8a-b695-5c53df601a0b/datanode-4/data/ratis/9a1e9d91-ce79-4ca9-aa93-a1cd1332dc7d/current/log_0-5329
2019-07-09 15:04:49,618 INFO  segmented.SegmentedRaftLogWorker (SegmentedRaftLogWorker.java:execute(569)) - 529edf8e-8eae-4246-b33f-5e44130d441c-SegmentedRaftLogWorker:Storage Directory /tmp/workdir/hadoop-ozone/tools/target/test-dir/MiniOzoneClusterImpl-72c12ac0-1309-4f8a-b695-5c53df601a0b/datanode-2/data/ratis/9a1e9d91-ce79-4ca9-aa93-a1cd1332dc7d: created new log segment /tmp/workdir/hadoop-ozone/tools/target/test-dir/MiniOzoneClusterImpl-72c12ac0-1309-4f8a-b695-5c53df601a0b/datanode-2/data/ratis/9a1e9d91-ce79-4ca9-aa93-a1cd1332dc7d/current/log_inprogress_5330
2019-07-09 15:04:49,631 INFO  segmented.SegmentedRaftLogWorker (SegmentedRaftLogWorker.java:execute(569)) - 15654dff-55cd-4f70-96d8-4abf0c061563-SegmentedRaftLogWorker:Storage Directory /tmp/workdir/hadoop-ozone/tools/target/test-dir/MiniOzoneClusterImpl-72c12ac0-1309-4f8a-b695-5c53df601a0b/datanode-4/data/ratis/9a1e9d91-ce79-4ca9-aa93-a1cd1332dc7d: created new log segment /tmp/workdir/hadoop-ozone/tools/target/test-dir/MiniOzoneClusterImpl-72c12ac0-1309-4f8a-b695-5c53df601a0b/datanode-4/data/ratis/9a1e9d91-ce79-4ca9-aa93-a1cd1332dc7d/current/log_inprogress_5330
2019-07-09 15:04:49,631 INFO  segmented.SegmentedRaftLogWorker (SegmentedRaftLogWorker.java:execute(569)) - 79bffca9-b028-4c53-a657-872ed973be73-SegmentedRaftLogWorker:Storage Directory /tmp/workdir/hadoop-ozone/tools/target/test-dir/MiniOzoneClusterImpl-72c12ac0-1309-4f8a-b695-5c53df601a0b/datanode-1/data/ratis/9a1e9d91-ce79-4ca9-aa93-a1cd1332dc7d: created new log segment /tmp/workdir/hadoop-ozone/tools/target/test-dir/MiniOzoneClusterImpl-72c12ac0-1309-4f8a-b695-5c53df601a0b/datanode-1/data/ratis/9a1e9d91-ce79-4ca9-aa93-a1cd1332dc7d/current/log_inprogress_5330
2019-07-09 15:04:49,647 INFO  client.GrpcClientProtocolClient (GrpcClientProtocolClient.java:onNext(255)) - client-A9DCF8B8BD5B->529edf8e-8eae-4246-b33f-5e44130d441c: receive RaftClientReply:client-A9DCF8B8BD5B->529edf8e-8eae-4246-b33f-5e44130d441c@group-A1CD1332DC7D, cid=3542, SUCCESS, logIndex=5330, commits[529edf8e-8eae-4246-b33f-5e44130d441c:c5331, 79bffca9-b028-4c53-a657-872ed973be73:c5329, 15654dff-55cd-4f70-96d8-4abf0c061563:c5329]
2019-07-09 15:04:49,649 INFO  client.GrpcClientProtocolClient (GrpcClientProtocolClient.java:onNext(255)) - client-A9DCF8B8BD5B->529edf8e-8eae-4246-b33f-5e44130d441c: receive RaftClientReply:client-A9DCF8B8BD5B->529edf8e-8eae-4246-b33f-5e44130d441c@group-A1CD1332DC7D, cid=3543, SUCCESS, logIndex=5331, commits[529edf8e-8eae-4246-b33f-5e44130d441c:c5331, 79bffca9-b028-4c53-a657-872ed973be73:c5329, 15654dff-55cd-4f70-96d8-4abf0c061563:c5329]
2019-07-09 15:04:49,673 INFO  client.GrpcClientProtocolClient (GrpcClientProtocolClient.java:onNext(255)) - client-A9DCF8B8BD5B->529edf8e-8eae-4246-b33f-5e44130d441c: receive RaftClientReply:client-A9DCF8B8BD5B->529edf8e-8eae-4246-b33f-5e44130d441c@group-A1CD1332DC7D, cid=3544, SUCCESS, logIndex=5334, commits[529edf8e-8eae-4246-b33f-5e44130d441c:c5335, 79bffca9-b028-4c53-a657-872ed973be73:c5331, 15654dff-55cd-4f70-96d8-4abf0c061563:c5331]
2019-07-09 15:04:49,673 INFO  client.GrpcClientProtocolClient (GrpcClientProtocolClient.java:onNext(255)) - client-A9DCF8B8BD5B->529edf8e-8eae-4246-b33f-5e44130d441c: receive RaftClientReply:client-A9DCF8B8BD5B->529edf8e-8eae-4246-b33f-5e44130d441c@group-A1CD1332DC7D, cid=3545, SUCCESS, logIndex=5335, commits[529edf8e-8eae-4246-b33f-5e44130d441c:c5335, 79bffca9-b028-4c53-a657-872ed973be73:c5331, 15654dff-55cd-4f70-96d8-4abf0c061563:c5331]
2019-07-09 15:04:49,675 INFO  client.GrpcClientProtocolClient (GrpcClientProtocolClient.java:onNext(255)) - client-A9DCF8B8BD5B->529edf8e-8eae-4246-b33f-5e44130d441c: receive RaftClientReply:client-A9DCF8B8BD5B->529edf8e-8eae-4246-b33f-5e44130d441c@group-A1CD1332DC7D, cid=3546, SUCCESS, logIndex=0, commits[529edf8e-8eae-4246-b33f-5e44130d441c:c5337, 79bffca9-b028-4c53-a657-872ed973be73:c5335, 15654dff-55cd-4f70-96d8-4abf0c061563:c5335]
2019-07-09 15:04:49,710 INFO  client.GrpcClientProtocolClient (GrpcClientProtocolClient.java:onNext(255)) - client-A9DCF8B8BD5B->529edf8e-8eae-4246-b33f-5e44130d441c: receive RaftClientReply:client-A9DCF8B8BD5B->529edf8e-8eae-4246-b33f-5e44130d441c@group-A1CD1332DC7D, cid=3547, SUCCESS, logIndex=5338, commits[529edf8e-8eae-4246-b33f-5e44130d441c:c5339, 79bffca9-b028-4c53-a657-872ed973be73:c5337, 15654dff-55cd-4f70-96d8-4abf0c061563:c5337]
2019-07-09 15:04:49,711 INFO  client.GrpcClientProtocolClient (GrpcClientProtocolClient.java:onNext(255)) - client-A9DCF8B8BD5B->529edf8e-8eae-4246-b33f-5e44130d441c: receive RaftClientReply:client-A9DCF8B8BD5B->529edf8e-8eae-4246-b33f-5e44130d441c@group-A1CD1332DC7D, cid=3548, SUCCESS, logIndex=5339, commits[529edf8e-8eae-4246-b33f-5e44130d441c:c5339, 79bffca9-b028-4c53-a657-872ed973be73:c5337, 15654dff-55cd-4f70-96d8-4abf0c061563:c5337]
2019-07-09 15:04:49,713 INFO  client.GrpcClientProtocolClient (GrpcClientProtocolClient.java:onNext(255)) - client-A9DCF8B8BD5B->529edf8e-8eae-4246-b33f-5e44130d441c: receive RaftClientReply:client-A9DCF8B8BD5B->529edf8e-8eae-4246-b33f-5e44130d441c@group-A1CD1332DC7D, cid=3549, SUCCESS, logIndex=5340, commits[529edf8e-8eae-4246-b33f-5e44130d441c:c5340, 79bffca9-b028-4c53-a657-872ed973be73:c5337, 15654dff-55cd-4f70-96d8-4abf0c061563:c5337]
2019-07-09 15:04:49,714 INFO  client.GrpcClientProtocolClient (GrpcClientProtocolClient.java:onNext(255)) - client-A9DCF8B8BD5B->529edf8e-8eae-4246-b33f-5e44130d441c: receive RaftClientReply:client-A9DCF8B8BD5B->529edf8e-8eae-4246-b33f-5e44130d441c@group-A1CD1332DC7D, cid=3550, SUCCESS, logIndex=5341, commits[529edf8e-8eae-4246-b33f-5e44130d441c:c5341, 79bffca9-b028-4c53-a657-872ed973be73:c5337, 15654dff-55cd-4f70-96d8-4abf0c061563:c5337]
2019-07-09 15:04:49,715 INFO  client.GrpcClientProtocolClient (GrpcClientProtocolClient.java:onNext(255)) - client-A9DCF8B8BD5B->529edf8e-8eae-4246-b33f-5e44130d441c: receive RaftClientReply:client-A9DCF8B8BD5B->529edf8e-8eae-4246-b33f-5e44130d441c@group-A1CD1332DC7D, cid=3551, SUCCESS, logIndex=0, commits[529edf8e-8eae-4246-b33f-5e44130d441c:c5343, 79bffca9-b028-4c53-a657-872ed973be73:c5339, 15654dff-55cd-4f70-96d8-4abf0c061563:c5339]
2019-07-09 15:04:49,727 INFO  client.GrpcClientProtocolClient (GrpcClientProtocolClient.java:onNext(255)) - client-A9DCF8B8BD5B->529edf8e-8eae-4246-b33f-5e44130d441c: receive RaftClientReply:client-A9DCF8B8BD5B->529edf8e-8eae-4246-b33f-5e44130d441c@group-A1CD1332DC7D, cid=3552, SUCCESS, logIndex=5346, commits[529edf8e-8eae-4246-b33f-5e44130d441c:c5347, 79bffca9-b028-4c53-a657-872ed973be73:c5343, 15654dff-55cd-4f70-96d8-4abf0c061563:c5341]
2019-07-09 15:04:49,727 INFO  client.GrpcClientProtocolClient (GrpcClientProtocolClient.java:onNext(255)) - client-A9DCF8B8BD5B->529edf8e-8eae-4246-b33f-5e44130d441c: receive RaftClientReply:client-A9DCF8B8BD5B->529edf8e-8eae-4246-b33f-5e44130d441c@group-A1CD1332DC7D, cid=3553, SUCCESS, logIndex=5347, commits[529edf8e-8eae-4246-b33f-5e44130d441c:c5347, 79bffca9-b028-4c53-a657-872ed973be73:c5343, 15654dff-55cd-4f70-96d8-4abf0c061563:c5341]
2019-07-09 15:04:49,747 INFO  client.GrpcClientProtocolClient (GrpcClientProtocolClient.java:onNext(255)) - client-A9DCF8B8BD5B->529edf8e-8eae-4246-b33f-5e44130d441c: receive RaftClientReply:client-A9DCF8B8BD5B->529edf8e-8eae-4246-b33f-5e44130d441c@group-A1CD1332DC7D, cid=3554, SUCCESS, logIndex=5350, commits[529edf8e-8eae-4246-b33f-5e44130d441c:c5351, 79bffca9-b028-4c53-a657-872ed973be73:c5349, 15654dff-55cd-4f70-96d8-4abf0c061563:c5349]
2019-07-09 15:04:49,748 INFO  client.GrpcClientProtocolClient (GrpcClientProtocolClient.java:onNext(255)) - client-A9DCF8B8BD5B->529edf8e-8eae-4246-b33f-5e44130d441c: receive RaftClientReply:client-A9DCF8B8BD5B->529edf8e-8eae-4246-b33f-5e44130d441c@group-A1CD1332DC7D, cid=3555, SUCCESS, logIndex=5351, commits[529edf8e-8eae-4246-b33f-5e44130d441c:c5351, 79bffca9-b028-4c53-a657-872ed973be73:c5349, 15654dff-55cd-4f70-96d8-4abf0c061563:c5349]
2019-07-09 15:04:49,760 INFO  client.GrpcClientProtocolClient (GrpcClientProtocolClient.java:onNext(255)) - client-A9DCF8B8BD5B->529edf8e-8eae-4246-b33f-5e44130d441c: receive RaftClientReply:client-A9DCF8B8BD5B->529edf8e-8eae-4246-b33f-5e44130d441c@group-A1CD1332DC7D, cid=3556, SUCCESS, logIndex=0, commits[529edf8e-8eae-4246-b33f-5e44130d441c:c5353, 79bffca9-b028-4c53-a657-872ed973be73:c5351, 15654dff-55cd-4f70-96d8-4abf0c061563:c5351]
2019-07-09 15:04:49,797 INFO  client.GrpcClientProtocolClient (GrpcClientProtocolClient.java:onNext(255)) - client-A9DCF8B8BD5B->529edf8e-8eae-4246-b33f-5e44130d441c: receive RaftClientReply:client-A9DCF8B8BD5B->529edf8e-8eae-4246-b33f-5e44130d441c@group-A1CD1332DC7D, cid=3557, SUCCESS, logIndex=5354, commits[529edf8e-8eae-4246-b33f-5e44130d441c:c5355, 79bffca9-b028-4c53-a657-872ed973be73:c5353, 15654dff-55cd-4f70-96d8-4abf0c061563:c5353]
2019-07-09 15:04:49,797 INFO  client.GrpcClientProtocolClient (GrpcClientProtocolClient.java:onNext(255)) - client-A9DCF8B8BD5B->529edf8e-8eae-4246-b33f-5e44130d441c: receive RaftClientReply:client-A9DCF8B8BD5B->529edf8e-8eae-4246-b33f-5e44130d441c@group-A1CD1332DC7D, cid=3558, SUCCESS, logIndex=5355, commits[529edf8e-8eae-4246-b33f-5e44130d441c:c5357, 79bffca9-b028-4c53-a657-872ed973be73:c5353, 15654dff-55cd-4f70-96d8-4abf0c061563:c5353]
2019-07-09 15:04:49,798 INFO  client.GrpcClientProtocolClient (GrpcClientProtocolClient.java:onNext(255)) - client-A9DCF8B8BD5B->529edf8e-8eae-4246-b33f-5e44130d441c: receive RaftClientReply:client-A9DCF8B8BD5B->529edf8e-8eae-4246-b33f-5e44130d441c@group-A1CD1332DC7D, cid=3559, SUCCESS, logIndex=5356, commits[529edf8e-8eae-4246-b33f-5e44130d441c:c5357, 79bffca9-b028-4c53-a657-872ed973be73:c5353, 15654dff-55cd-4f70-96d8-4abf0c061563:c5353]
2019-07-09 15:04:49,798 INFO  client.GrpcClientProtocolClient (GrpcClientProtocolClient.java:onNext(255)) - client-A9DCF8B8BD5B->529edf8e-8eae-4246-b33f-5e44130d441c: receive RaftClientReply:client-A9DCF8B8BD5B->529edf8e-8eae-4246-b33f-5e44130d441c@group-A1CD1332DC7D, cid=3560, SUCCESS, logIndex=5357, commits[529edf8e-8eae-4246-b33f-5e44130d441c:c5357, 79bffca9-b028-4c53-a657-872ed973be73:c5353, 15654dff-55cd-4f70-96d8-4abf0c061563:c5353]
2019-07-09 15:04:49,800 INFO  client.GrpcClientProtocolClient (GrpcClientProtocolClient.java:onNext(255)) - client-A9DCF8B8BD5B->529edf8e-8eae-4246-b33f-5e44130d441c: receive RaftClientReply:client-A9DCF8B8BD5B->529edf8e-8eae-4246-b33f-5e44130d441c@group-A1CD1332DC7D, cid=3561, SUCCESS, logIndex=0, commits[529edf8e-8eae-4246-b33f-5e44130d441c:c5359, 79bffca9-b028-4c53-a657-872ed973be73:c5355, 15654dff-55cd-4f70-96d8-4abf0c061563:c5355]
2019-07-09 15:04:49,820 INFO  client.GrpcClientProtocolClient (GrpcClientProtocolClient.java:onNext(255)) - client-A9DCF8B8BD5B->529edf8e-8eae-4246-b33f-5e44130d441c: receive RaftClientReply:client-A9DCF8B8BD5B->529edf8e-8eae-4246-b33f-5e44130d441c@group-A1CD1332DC7D, cid=3562, SUCCESS, logIndex=5362, commits[529edf8e-8eae-4246-b33f-5e44130d441c:c5363, 79bffca9-b028-4c53-a657-872ed973be73:c5361, 15654dff-55cd-4f70-96d8-4abf0c061563:c5361]
2019-07-09 15:04:49,820 INFO  client.GrpcClientProtocolClient (GrpcClientProtocolClient.java:onNext(255)) - client-A9DCF8B8BD5B->529edf8e-8eae-4246-b33f-5e44130d441c: receive RaftClientReply:client-A9DCF8B8BD5B->529edf8e-8eae-4246-b33f-5e44130d441c@group-A1CD1332DC7D, cid=3563, SUCCESS, logIndex=5363, commits[529edf8e-8eae-4246-b33f-5e44130d441c:c5363, 79bffca9-b028-4c53-a657-872ed973be73:c5361, 15654dff-55cd-4f70-96d8-4abf0c061563:c5361]
2019-07-09 15:04:49,833 INFO  client.GrpcClientProtocolClient (GrpcClientProtocolClient.java:onNext(255)) - client-A9DCF8B8BD5B->529edf8e-8eae-4246-b33f-5e44130d441c: receive RaftClientReply:client-A9DCF8B8BD5B->529edf8e-8eae-4246-b33f-5e44130d441c@group-A1CD1332DC7D, cid=3564, SUCCESS, logIndex=5366, commits[529edf8e-8eae-4246-b33f-5e44130d441c:c5367, 79bffca9-b028-4c53-a657-872ed973be73:c5363, 15654dff-55cd-4f70-96d8-4abf0c061563:c5362]
2019-07-09 15:04:49,834 INFO  client.GrpcClientProtocolClient (GrpcClientProtocolClient.java:onNext(255)) - client-A9DCF8B8BD5B->529edf8e-8eae-4246-b33f-5e44130d441c: receive RaftClientReply:client-A9DCF8B8BD5B->529edf8e-8eae-4246-b33f-5e44130d441c@group-A1CD1332DC7D, cid=3565, SUCCESS, logIndex=5367, commits[529edf8e-8eae-4246-b33f-5e44130d441c:c5367, 79bffca9-b028-4c53-a657-872ed973be73:c5363, 15654dff-55cd-4f70-96d8-4abf0c061563:c5363]
2019-07-09 15:04:49,836 INFO  client.GrpcClientProtocolClient (GrpcClientProtocolClient.java:onNext(255)) - client-A9DCF8B8BD5B->529edf8e-8eae-4246-b33f-5e44130d441c: receive RaftClientReply:client-A9DCF8B8BD5B->529edf8e-8eae-4246-b33f-5e44130d441c@group-A1CD1332DC7D, cid=3566, SUCCESS, logIndex=0, commits[529edf8e-8eae-4246-b33f-5e44130d441c:c5369, 79bffca9-b028-4c53-a657-872ed973be73:c5367, 15654dff-55cd-4f70-96d8-4abf0c061563:c5367]
2019-07-09 15:04:49,865 INFO  client.GrpcClientProtocolClient (GrpcClientProtocolClient.java:onNext(255)) - client-A9DCF8B8BD5B->529edf8e-8eae-4246-b33f-5e44130d441c: receive RaftClientReply:client-A9DCF8B8BD5B->529edf8e-8eae-4246-b33f-5e44130d441c@group-A1CD1332DC7D, cid=3567, SUCCESS, logIndex=5370, commits[529edf8e-8eae-4246-b33f-5e44130d441c:c5371, 79bffca9-b028-4c53-a657-872ed973be73:c5369, 15654dff-55cd-4f70-96d8-4abf0c061563:c5369]
2019-07-09 15:04:49,865 INFO  client.GrpcClientProtocolClient (GrpcClientProtocolClient.java:onNext(255)) - client-A9DCF8B8BD5B->529edf8e-8eae-4246-b33f-5e44130d441c: receive RaftClientReply:client-A9DCF8B8BD5B->529edf8e-8eae-4246-b33f-5e44130d441c@group-A1CD1332DC7D, cid=3568, SUCCESS, logIndex=5371, commits[529edf8e-8eae-4246-b33f-5e44130d441c:c5371, 79bffca9-b028-4c53-a657-872ed973be73:c5369, 15654dff-55cd-4f70-96d8-4abf0c061563:c5369]
2019-07-09 15:04:49,866 INFO  client.GrpcClientProtocolClient (GrpcClientProtocolClient.java:onNext(255)) - client-A9DCF8B8BD5B->529edf8e-8eae-4246-b33f-5e44130d441c: receive RaftClientReply:client-A9DCF8B8BD5B->529edf8e-8eae-4246-b33f-5e44130d441c@group-A1CD1332DC7D, cid=3569, SUCCESS, logIndex=5372, commits[529edf8e-8eae-4246-b33f-5e44130d441c:c5373, 79bffca9-b028-4c53-a657-872ed973be73:c5369, 15654dff-55cd-4f70-96d8-4abf0c061563:c5369]
2019-07-09 15:04:49,867 INFO  client.GrpcClientProtocolClient (GrpcClientProtocolClient.java:onNext(255)) - client-A9DCF8B8BD5B->529edf8e-8eae-4246-b33f-5e44130d441c: receive RaftClientReply:client-A9DCF8B8BD5B->529edf8e-8eae-4246-b33f-5e44130d441c@group-A1CD1332DC7D, cid=3570, SUCCESS, logIndex=5373, commits[529edf8e-8eae-4246-b33f-5e44130d441c:c5373, 79bffca9-b028-4c53-a657-872ed973be73:c5369, 15654dff-55cd-4f70-96d8-4abf0c061563:c5369]
2019-07-09 15:04:49,868 INFO  client.GrpcClientProtocolClient (GrpcClientProtocolClient.java:onNext(255)) - client-A9DCF8B8BD5B->529edf8e-8eae-4246-b33f-5e44130d441c: receive RaftClientReply:client-A9DCF8B8BD5B->529edf8e-8eae-4246-b33f-5e44130d441c@group-A1CD1332DC7D, cid=3571, SUCCESS, logIndex=0, commits[529edf8e-8eae-4246-b33f-5e44130d441c:c5375, 79bffca9-b028-4c53-a657-872ed973be73:c5371, 15654dff-55cd-4f70-96d8-4abf0c061563:c5371]
2019-07-09 15:04:49,888 INFO  client.GrpcClientProtocolClient (GrpcClientProtocolClient.java:onNext(255)) - client-A9DCF8B8BD5B->529edf8e-8eae-4246-b33f-5e44130d441c: receive RaftClientReply:client-A9DCF8B8BD5B->529edf8e-8eae-4246-b33f-5e44130d441c@group-A1CD1332DC7D, cid=3572, SUCCESS, logIndex=5378, commits[529edf8e-8eae-4246-b33f-5e44130d441c:c5379, 79bffca9-b028-4c53-a657-872ed973be73:c5377, 15654dff-55cd-4f70-96d8-4abf0c061563:c5377]
2019-07-09 15:04:49,888 INFO  client.GrpcClientProtocolClient (GrpcClientProtocolClient.java:onNext(255)) - client-A9DCF8B8BD5B->529edf8e-8eae-4246-b33f-5e44130d441c: receive RaftClientReply:client-A9DCF8B8BD5B->529edf8e-8eae-4246-b33f-5e44130d441c@group-A1CD1332DC7D, cid=3573, SUCCESS, logIndex=5379, commits[529edf8e-8eae-4246-b33f-5e44130d441c:c5379, 79bffca9-b028-4c53-a657-872ed973be73:c5377, 15654dff-55cd-4f70-96d8-4abf0c061563:c5377]
2019-07-09 15:04:49,902 INFO  client.GrpcClientProtocolClient (GrpcClientProtocolClient.java:onNext(255)) - client-A9DCF8B8BD5B->529edf8e-8eae-4246-b33f-5e44130d441c: receive RaftClientReply:client-A9DCF8B8BD5B->529edf8e-8eae-4246-b33f-5e44130d441c@group-A1CD1332DC7D, cid=3574, SUCCESS, logIndex=5382, commits[529edf8e-8eae-4246-b33f-5e44130d441c:c5382, 79bffca9-b028-4c53-a657-872ed973be73:c5379, 15654dff-55cd-4f70-96d8-4abf0c061563:c5379]
2019-07-09 15:04:49,903 INFO  client.GrpcClientProtocolClient (GrpcClientProtocolClient.java:onNext(255)) - client-A9DCF8B8BD5B->529edf8e-8eae-4246-b33f-5e44130d441c: receive RaftClientReply:client-A9DCF8B8BD5B->529edf8e-8eae-4246-b33f-5e44130d441c@group-A1CD1332DC7D, cid=3575, SUCCESS, logIndex=5383, commits[529edf8e-8eae-4246-b33f-5e44130d441c:c5383, 79bffca9-b028-4c53-a657-872ed973be73:c5379, 15654dff-55cd-4f70-96d8-4abf0c061563:c5379]
2019-07-09 15:04:49,915 INFO  client.GrpcClientProtocolClient (GrpcClientProtocolClient.java:onNext(255)) - client-A9DCF8B8BD5B->529edf8e-8eae-4246-b33f-5e44130d441c: receive RaftClientReply:client-A9DCF8B8BD5B->529edf8e-8eae-4246-b33f-5e44130d441c@group-A1CD1332DC7D, cid=3576, SUCCESS, logIndex=0, commits[529edf8e-8eae-4246-b33f-5e44130d441c:c5385, 79bffca9-b028-4c53-a657-872ed973be73:c5383, 15654dff-55cd-4f70-96d8-4abf0c061563:c5383]
2019-07-09 15:04:49,946 INFO  client.GrpcClientProtocolClient (GrpcClientProtocolClient.java:onNext(255)) - client-A9DCF8B8BD5B->529edf8e-8eae-4246-b33f-5e44130d441c: receive RaftClientReply:client-A9DCF8B8BD5B->529edf8e-8eae-4246-b33f-5e44130d441c@group-A1CD1332DC7D, cid=3577, SUCCESS, logIndex=5386, commits[529edf8e-8eae-4246-b33f-5e44130d441c:c5387, 79bffca9-b028-4c53-a657-872ed973be73:c5385, 15654dff-55cd-4f70-96d8-4abf0c061563:c5385]
2019-07-09 15:04:49,947 INFO  client.GrpcClientProtocolClient (GrpcClientProtocolClient.java:onNext(255)) - client-A9DCF8B8BD5B->529edf8e-8eae-4246-b33f-5e44130d441c: receive RaftClientReply:client-A9DCF8B8BD5B->529edf8e-8eae-4246-b33f-5e44130d441c@group-A1CD1332DC7D, cid=3578, SUCCESS, logIndex=5387, commits[529edf8e-8eae-4246-b33f-5e44130d441c:c5388, 79bffca9-b028-4c53-a657-872ed973be73:c5385, 15654dff-55cd-4f70-96d8-4abf0c061563:c5385]
2019-07-09 15:04:49,947 INFO  client.GrpcClientProtocolClient (GrpcClientProtocolClient.java:onNext(255)) - client-A9DCF8B8BD5B->529edf8e-8eae-4246-b33f-5e44130d441c: receive RaftClientReply:client-A9DCF8B8BD5B->529edf8e-8eae-4246-b33f-5e44130d441c@group-A1CD1332DC7D, cid=3579, SUCCESS, logIndex=5388, commits[529edf8e-8eae-4246-b33f-5e44130d441c:c5388, 79bffca9-b028-4c53-a657-872ed973be73:c5385, 15654dff-55cd-4f70-96d8-4abf0c061563:c5385]
2019-07-09 15:04:49,948 INFO  client.GrpcClientProtocolClient (GrpcClientProtocolClient.java:onNext(255)) - client-A9DCF8B8BD5B->529edf8e-8eae-4246-b33f-5e44130d441c: receive RaftClientReply:client-A9DCF8B8BD5B->529edf8e-8eae-4246-b33f-5e44130d441c@group-A1CD1332DC7D, cid=3580, SUCCESS, logIndex=5389, commits[529edf8e-8eae-4246-b33f-5e44130d441c:c5389, 79bffca9-b028-4c53-a657-872ed973be73:c5385, 15654dff-55cd-4f70-96d8-4abf0c061563:c5385]
2019-07-09 15:04:49,949 INFO  client.GrpcClientProtocolClient (GrpcClientProtocolClient.java:onNext(255)) - client-A9DCF8B8BD5B->529edf8e-8eae-4246-b33f-5e44130d441c: receive RaftClientReply:client-A9DCF8B8BD5B->529edf8e-8eae-4246-b33f-5e44130d441c@group-A1CD1332DC7D, cid=3581, SUCCESS, logIndex=0, commits[529edf8e-8eae-4246-b33f-5e44130d441c:c5392, 79bffca9-b028-4c53-a657-872ed973be73:c5387, 15654dff-55cd-4f70-96d8-4abf0c061563:c5388]
2019-07-09 15:04:49,967 INFO  client.GrpcClientProtocolClient (GrpcClientProtocolClient.java:onNext(255)) - client-A9DCF8B8BD5B->529edf8e-8eae-4246-b33f-5e44130d441c: receive RaftClientReply:client-A9DCF8B8BD5B->529edf8e-8eae-4246-b33f-5e44130d441c@group-A1CD1332DC7D, cid=3582, SUCCESS, logIndex=5394, commits[529edf8e-8eae-4246-b33f-5e44130d441c:c5395, 79bffca9-b028-4c53-a657-872ed973be73:c5393, 15654dff-55cd-4f70-96d8-4abf0c061563:c5393]
2019-07-09 15:04:49,968 INFO  client.GrpcClientProtocolClient (GrpcClientProtocolClient.java:onNext(255)) - client-A9DCF8B8BD5B->529edf8e-8eae-4246-b33f-5e44130d441c: receive RaftClientReply:client-A9DCF8B8BD5B->529edf8e-8eae-4246-b33f-5e44130d441c@group-A1CD1332DC7D, cid=3583, SUCCESS, logIndex=5395, commits[529edf8e-8eae-4246-b33f-5e44130d441c:c5395, 79bffca9-b028-4c53-a657-872ed973be73:c5393, 15654dff-55cd-4f70-96d8-4abf0c061563:c5393]
2019-07-09 15:04:49,981 INFO  client.GrpcClientProtocolClient (GrpcClientProtocolClient.java:onNext(255)) - client-A9DCF8B8BD5B->529edf8e-8eae-4246-b33f-5e44130d441c: receive RaftClientReply:client-A9DCF8B8BD5B->529edf8e-8eae-4246-b33f-5e44130d441c@group-A1CD1332DC7D, cid=3584, SUCCESS, logIndex=5398, commits[529edf8e-8eae-4246-b33f-5e44130d441c:c5399, 79bffca9-b028-4c53-a657-872ed973be73:c5395, 15654dff-55cd-4f70-96d8-4abf0c061563:c5395]
2019-07-09 15:04:49,981 INFO  client.GrpcClientProtocolClient (GrpcClientProtocolClient.java:onNext(255)) - client-A9DCF8B8BD5B->529edf8e-8eae-4246-b33f-5e44130d441c: receive RaftClientReply:client-A9DCF8B8BD5B->529edf8e-8eae-4246-b33f-5e44130d441c@group-A1CD1332DC7D, cid=3585, SUCCESS, logIndex=5399, commits[529edf8e-8eae-4246-b33f-5e44130d441c:c5399, 79bffca9-b028-4c53-a657-872ed973be73:c5395, 15654dff-55cd-4f70-96d8-4abf0c061563:c5395]
2019-07-09 15:04:49,992 INFO  client.GrpcClientProtocolClient (GrpcClientProtocolClient.java:onNext(255)) - client-A9DCF8B8BD5B->529edf8e-8eae-4246-b33f-5e44130d441c: receive RaftClientReply:client-A9DCF8B8BD5B->529edf8e-8eae-4246-b33f-5e44130d441c@group-A1CD1332DC7D, cid=3586, SUCCESS, logIndex=0, commits[529edf8e-8eae-4246-b33f-5e44130d441c:c5400, 79bffca9-b028-4c53-a657-872ed973be73:c5399, 15654dff-55cd-4f70-96d8-4abf0c061563:c5399]
2019-07-09 15:04:50,022 INFO  client.GrpcClientProtocolClient (GrpcClientProtocolClient.java:onNext(255)) - client-A9DCF8B8BD5B->529edf8e-8eae-4246-b33f-5e44130d441c: receive RaftClientReply:client-A9DCF8B8BD5B->529edf8e-8eae-4246-b33f-5e44130d441c@group-A1CD1332DC7D, cid=3587, SUCCESS, logIndex=5402, commits[529edf8e-8eae-4246-b33f-5e44130d441c:c5403, 79bffca9-b028-4c53-a657-872ed973be73:c5401, 15654dff-55cd-4f70-96d8-4abf0c061563:c5401]
2019-07-09 15:04:50,023 INFO  client.GrpcClientProtocolClient (GrpcClientProtocolClient.java:onNext(255)) - client-A9DCF8B8BD5B->529edf8e-8eae-4246-b33f-5e44130d441c: receive RaftClientReply:client-A9DCF8B8BD5B->529edf8e-8eae-4246-b33f-5e44130d441c@group-A1CD1332DC7D, cid=3588, SUCCESS, logIndex=5403, commits[529edf8e-8eae-4246-b33f-5e44130d441c:c5404, 79bffca9-b028-4c53-a657-872ed973be73:c5401, 15654dff-55cd-4f70-96d8-4abf0c061563:c5401]
2019-07-09 15:04:50,023 INFO  client.GrpcClientProtocolClient (GrpcClientProtocolClient.java:onNext(255)) - client-A9DCF8B8BD5B->529edf8e-8eae-4246-b33f-5e44130d441c: receive RaftClientReply:client-A9DCF8B8BD5B->529edf8e-8eae-4246-b33f-5e44130d441c@group-A1CD1332DC7D, cid=3589, SUCCESS, logIndex=5404, commits[529edf8e-8eae-4246-b33f-5e44130d441c:c5405, 79bffca9-b028-4c53-a657-872ed973be73:c5401, 15654dff-55cd-4f70-96d8-4abf0c061563:c5401]
2019-07-09 15:04:50,023 INFO  client.GrpcClientProtocolClient (GrpcClientProtocolClient.java:onNext(255)) - client-A9DCF8B8BD5B->529edf8e-8eae-4246-b33f-5e44130d441c: receive RaftClientReply:client-A9DCF8B8BD5B->529edf8e-8eae-4246-b33f-5e44130d441c@group-A1CD1332DC7D, cid=3590, SUCCESS, logIndex=5405, commits[529edf8e-8eae-4246-b33f-5e44130d441c:c5405, 79bffca9-b028-4c53-a657-872ed973be73:c5401, 15654dff-55cd-4f70-96d8-4abf0c061563:c5401]
2019-07-09 15:04:50,036 INFO  client.GrpcClientProtocolClient (GrpcClientProtocolClient.java:onNext(255)) - client-A9DCF8B8BD5B->529edf8e-8eae-4246-b33f-5e44130d441c: receive RaftClientReply:client-A9DCF8B8BD5B->529edf8e-8eae-4246-b33f-5e44130d441c@group-A1CD1332DC7D, cid=3591, SUCCESS, logIndex=0, commits[529edf8e-8eae-4246-b33f-5e44130d441c:c5407, 79bffca9-b028-4c53-a657-872ed973be73:c5403, 15654dff-55cd-4f70-96d8-4abf0c061563:c5403]
2019-07-09 15:04:50,075 INFO  client.GrpcClientProtocolClient (GrpcClientProtocolClient.java:onNext(255)) - client-A9DCF8B8BD5B->529edf8e-8eae-4246-b33f-5e44130d441c: receive RaftClientReply:client-A9DCF8B8BD5B->529edf8e-8eae-4246-b33f-5e44130d441c@group-A1CD1332DC7D, cid=3592, SUCCESS, logIndex=5410, commits[529edf8e-8eae-4246-b33f-5e44130d441c:c5411, 79bffca9-b028-4c53-a657-872ed973be73:c5409, 15654dff-55cd-4f70-96d8-4abf0c061563:c5409]
2019-07-09 15:04:50,075 INFO  client.GrpcClientProtocolClient (GrpcClientProtocolClient.java:onNext(255)) - client-A9DCF8B8BD5B->529edf8e-8eae-4246-b33f-5e44130d441c: receive RaftClientReply:client-A9DCF8B8BD5B->529edf8e-8eae-4246-b33f-5e44130d441c@group-A1CD1332DC7D, cid=3593, SUCCESS, logIndex=5411, commits[529edf8e-8eae-4246-b33f-5e44130d441c:c5411, 79bffca9-b028-4c53-a657-872ed973be73:c5409, 15654dff-55cd-4f70-96d8-4abf0c061563:c5409]
2019-07-09 15:04:50,088 INFO  client.GrpcClientProtocolClient (GrpcClientProtocolClient.java:onNext(255)) - client-A9DCF8B8BD5B->529edf8e-8eae-4246-b33f-5e44130d441c: receive RaftClientReply:client-A9DCF8B8BD5B->529edf8e-8eae-4246-b33f-5e44130d441c@group-A1CD1332DC7D, cid=3594, SUCCESS, logIndex=5414, commits[529edf8e-8eae-4246-b33f-5e44130d441c:c5415, 79bffca9-b028-4c53-a657-872ed973be73:c5411, 15654dff-55cd-4f70-96d8-4abf0c061563:c5411]
2019-07-09 15:04:50,088 INFO  client.GrpcClientProtocolClient (GrpcClientProtocolClient.java:onNext(255)) - client-A9DCF8B8BD5B->529edf8e-8eae-4246-b33f-5e44130d441c: receive RaftClientReply:client-A9DCF8B8BD5B->529edf8e-8eae-4246-b33f-5e44130d441c@group-A1CD1332DC7D, cid=3595, SUCCESS, logIndex=5415, commits[529edf8e-8eae-4246-b33f-5e44130d441c:c5415, 79bffca9-b028-4c53-a657-872ed973be73:c5411, 15654dff-55cd-4f70-96d8-4abf0c061563:c5411]
 0.00% |█                                                                                                    |  0/1 Time: 0:00:322019-07-09 15:04:50,100 INFO  client.GrpcClientProtocolClient (GrpcClientProtocolClient.java:onNext(255)) - client-A9DCF8B8BD5B->529edf8e-8eae-4246-b33f-5e44130d441c: receive RaftClientReply:client-A9DCF8B8BD5B->529edf8e-8eae-4246-b33f-5e44130d441c@group-A1CD1332DC7D, cid=3596, SUCCESS, logIndex=0, commits[529edf8e-8eae-4246-b33f-5e44130d441c:c5416, 79bffca9-b028-4c53-a657-872ed973be73:c5415, 15654dff-55cd-4f70-96d8-4abf0c061563:c5415]
2019-07-09 15:04:50,133 INFO  client.GrpcClientProtocolClient (GrpcClientProtocolClient.java:onNext(255)) - client-A9DCF8B8BD5B->529edf8e-8eae-4246-b33f-5e44130d441c: receive RaftClientReply:client-A9DCF8B8BD5B->529edf8e-8eae-4246-b33f-5e44130d441c@group-A1CD1332DC7D, cid=3597, SUCCESS, logIndex=5418, commits[529edf8e-8eae-4246-b33f-5e44130d441c:c5419, 79bffca9-b028-4c53-a657-872ed973be73:c5417, 15654dff-55cd-4f70-96d8-4abf0c061563:c5417]
2019-07-09 15:04:50,134 INFO  client.GrpcClientProtocolClient (GrpcClientProtocolClient.java:onNext(255)) - client-A9DCF8B8BD5B->529edf8e-8eae-4246-b33f-5e44130d441c: receive RaftClientReply:client-A9DCF8B8BD5B->529edf8e-8eae-4246-b33f-5e44130d441c@group-A1CD1332DC7D, cid=3598, SUCCESS, logIndex=5419, commits[529edf8e-8eae-4246-b33f-5e44130d441c:c5420, 79bffca9-b028-4c53-a657-872ed973be73:c5417, 15654dff-55cd-4f70-96d8-4abf0c061563:c5417]
2019-07-09 15:04:50,134 INFO  client.GrpcClientProtocolClient (GrpcClientProtocolClient.java:onNext(255)) - client-A9DCF8B8BD5B->529edf8e-8eae-4246-b33f-5e44130d441c: receive RaftClientReply:client-A9DCF8B8BD5B->529edf8e-8eae-4246-b33f-5e44130d441c@group-A1CD1332DC7D, cid=3599, SUCCESS, logIndex=5420, commits[529edf8e-8eae-4246-b33f-5e44130d441c:c5421, 79bffca9-b028-4c53-a657-872ed973be73:c5417, 15654dff-55cd-4f70-96d8-4abf0c061563:c5417]
2019-07-09 15:04:50,134 INFO  client.GrpcClientProtocolClient (GrpcClientProtocolClient.java:onNext(255)) - client-A9DCF8B8BD5B->529edf8e-8eae-4246-b33f-5e44130d441c: receive RaftClientReply:client-A9DCF8B8BD5B->529edf8e-8eae-4246-b33f-5e44130d441c@group-A1CD1332DC7D, cid=3600, SUCCESS, logIndex=5421, commits[529edf8e-8eae-4246-b33f-5e44130d441c:c5421, 79bffca9-b028-4c53-a657-872ed973be73:c5417, 15654dff-55cd-4f70-96d8-4abf0c061563:c5417]
2019-07-09 15:04:50,136 INFO  client.GrpcClientProtocolClient (GrpcClientProtocolClient.java:onNext(255)) - client-A9DCF8B8BD5B->529edf8e-8eae-4246-b33f-5e44130d441c: receive RaftClientReply:client-A9DCF8B8BD5B->529edf8e-8eae-4246-b33f-5e44130d441c@group-A1CD1332DC7D, cid=3601, SUCCESS, logIndex=0, commits[529edf8e-8eae-4246-b33f-5e44130d441c:c5425, 79bffca9-b028-4c53-a657-872ed973be73:c5421, 15654dff-55cd-4f70-96d8-4abf0c061563:c5419]
2019-07-09 15:04:50,156 INFO  client.GrpcClientProtocolClient (GrpcClientProtocolClient.java:onNext(255)) - client-A9DCF8B8BD5B->529edf8e-8eae-4246-b33f-5e44130d441c: receive RaftClientReply:client-A9DCF8B8BD5B->529edf8e-8eae-4246-b33f-5e44130d441c@group-A1CD1332DC7D, cid=3602, SUCCESS, logIndex=5426, commits[529edf8e-8eae-4246-b33f-5e44130d441c:c5427, 79bffca9-b028-4c53-a657-872ed973be73:c5425, 15654dff-55cd-4f70-96d8-4abf0c061563:c5425]
2019-07-09 15:04:50,156 INFO  client.GrpcClientProtocolClient (GrpcClientProtocolClient.java:onNext(255)) - client-A9DCF8B8BD5B->529edf8e-8eae-4246-b33f-5e44130d441c: receive RaftClientReply:client-A9DCF8B8BD5B->529edf8e-8eae-4246-b33f-5e44130d441c@group-A1CD1332DC7D, cid=3603, SUCCESS, logIndex=5427, commits[529edf8e-8eae-4246-b33f-5e44130d441c:c5427, 79bffca9-b028-4c53-a657-872ed973be73:c5425, 15654dff-55cd-4f70-96d8-4abf0c061563:c5425]
2019-07-09 15:04:50,169 INFO  client.GrpcClientProtocolClient (GrpcClientProtocolClient.java:onNext(255)) - client-A9DCF8B8BD5B->529edf8e-8eae-4246-b33f-5e44130d441c: receive RaftClientReply:client-A9DCF8B8BD5B->529edf8e-8eae-4246-b33f-5e44130d441c@group-A1CD1332DC7D, cid=3604, SUCCESS, logIndex=5430, commits[529edf8e-8eae-4246-b33f-5e44130d441c:c5431, 79bffca9-b028-4c53-a657-872ed973be73:c5426, 15654dff-55cd-4f70-96d8-4abf0c061563:c5427]
2019-07-09 15:04:50,170 INFO  client.GrpcClientProtocolClient (GrpcClientProtocolClient.java:onNext(255)) - client-A9DCF8B8BD5B->529edf8e-8eae-4246-b33f-5e44130d441c: receive RaftClientReply:client-A9DCF8B8BD5B->529edf8e-8eae-4246-b33f-5e44130d441c@group-A1CD1332DC7D, cid=3605, SUCCESS, logIndex=5431, commits[529edf8e-8eae-4246-b33f-5e44130d441c:c5431, 79bffca9-b028-4c53-a657-872ed973be73:c5427, 15654dff-55cd-4f70-96d8-4abf0c061563:c5427]
2019-07-09 15:04:50,172 INFO  client.GrpcClientProtocolClient (GrpcClientProtocolClient.java:onNext(255)) - client-A9DCF8B8BD5B->529edf8e-8eae-4246-b33f-5e44130d441c: receive RaftClientReply:client-A9DCF8B8BD5B->529edf8e-8eae-4246-b33f-5e44130d441c@group-A1CD1332DC7D, cid=3606, SUCCESS, logIndex=0, commits[529edf8e-8eae-4246-b33f-5e44130d441c:c5433, 79bffca9-b028-4c53-a657-872ed973be73:c5431, 15654dff-55cd-4f70-96d8-4abf0c061563:c5431]
2019-07-09 15:04:50,204 INFO  client.GrpcClientProtocolClient (GrpcClientProtocolClient.java:onNext(255)) - client-A9DCF8B8BD5B->529edf8e-8eae-4246-b33f-5e44130d441c: receive RaftClientReply:client-A9DCF8B8BD5B->529edf8e-8eae-4246-b33f-5e44130d441c@group-A1CD1332DC7D, cid=3607, SUCCESS, logIndex=5434, commits[529edf8e-8eae-4246-b33f-5e44130d441c:c5435, 79bffca9-b028-4c53-a657-872ed973be73:c5433, 15654dff-55cd-4f70-96d8-4abf0c061563:c5433]
2019-07-09 15:04:50,205 INFO  client.GrpcClientProtocolClient (GrpcClientProtocolClient.java:onNext(255)) - client-A9DCF8B8BD5B->529edf8e-8eae-4246-b33f-5e44130d441c: receive RaftClientReply:client-A9DCF8B8BD5B->529edf8e-8eae-4246-b33f-5e44130d441c@group-A1CD1332DC7D, cid=3608, SUCCESS, logIndex=5435, commits[529edf8e-8eae-4246-b33f-5e44130d441c:c5436, 79bffca9-b028-4c53-a657-872ed973be73:c5433, 15654dff-55cd-4f70-96d8-4abf0c061563:c5433]
2019-07-09 15:04:50,206 INFO  client.GrpcClientProtocolClient (GrpcClientProtocolClient.java:onNext(255)) - client-A9DCF8B8BD5B->529edf8e-8eae-4246-b33f-5e44130d441c: receive RaftClientReply:client-A9DCF8B8BD5B->529edf8e-8eae-4246-b33f-5e44130d441c@group-A1CD1332DC7D, cid=3609, SUCCESS, logIndex=5436, commits[529edf8e-8eae-4246-b33f-5e44130d441c:c5437, 79bffca9-b028-4c53-a657-872ed973be73:c5433, 15654dff-55cd-4f70-96d8-4abf0c061563:c5433]
2019-07-09 15:04:50,206 INFO  client.GrpcClientProtocolClient (GrpcClientProtocolClient.java:onNext(255)) - client-A9DCF8B8BD5B->529edf8e-8eae-4246-b33f-5e44130d441c: receive RaftClientReply:client-A9DCF8B8BD5B->529edf8e-8eae-4246-b33f-5e44130d441c@group-A1CD1332DC7D, cid=3610, SUCCESS, logIndex=5437, commits[529edf8e-8eae-4246-b33f-5e44130d441c:c5439, 79bffca9-b028-4c53-a657-872ed973be73:c5435, 15654dff-55cd-4f70-96d8-4abf0c061563:c5433]
2019-07-09 15:04:50,207 INFO  client.GrpcClientProtocolClient (GrpcClientProtocolClient.java:onNext(255)) - client-A9DCF8B8BD5B->529edf8e-8eae-4246-b33f-5e44130d441c: receive RaftClientReply:client-A9DCF8B8BD5B->529edf8e-8eae-4246-b33f-5e44130d441c@group-A1CD1332DC7D, cid=3611, SUCCESS, logIndex=0, commits[529edf8e-8eae-4246-b33f-5e44130d441c:c5441, 79bffca9-b028-4c53-a657-872ed973be73:c5437, 15654dff-55cd-4f70-96d8-4abf0c061563:c5435]
2019-07-09 15:04:50,228 INFO  client.GrpcClientProtocolClient (GrpcClientProtocolClient.java:onNext(255)) - client-A9DCF8B8BD5B->529edf8e-8eae-4246-b33f-5e44130d441c: receive RaftClientReply:client-A9DCF8B8BD5B->529edf8e-8eae-4246-b33f-5e44130d441c@group-A1CD1332DC7D, cid=3612, SUCCESS, logIndex=5442, commits[529edf8e-8eae-4246-b33f-5e44130d441c:c5443, 79bffca9-b028-4c53-a657-872ed973be73:c5441, 15654dff-55cd-4f70-96d8-4abf0c061563:c5441]
2019-07-09 15:04:50,228 INFO  client.GrpcClientProtocolClient (GrpcClientProtocolClient.java:onNext(255)) - client-A9DCF8B8BD5B->529edf8e-8eae-4246-b33f-5e44130d441c: receive RaftClientReply:client-A9DCF8B8BD5B->529edf8e-8eae-4246-b33f-5e44130d441c@group-A1CD1332DC7D, cid=3613, SUCCESS, logIndex=5443, commits[529edf8e-8eae-4246-b33f-5e44130d441c:c5443, 79bffca9-b028-4c53-a657-872ed973be73:c5441, 15654dff-55cd-4f70-96d8-4abf0c061563:c5441]
2019-07-09 15:04:50,242 INFO  client.GrpcClientProtocolClient (GrpcClientProtocolClient.java:onNext(255)) - client-A9DCF8B8BD5B->529edf8e-8eae-4246-b33f-5e44130d441c: receive RaftClientReply:client-A9DCF8B8BD5B->529edf8e-8eae-4246-b33f-5e44130d441c@group-A1CD1332DC7D, cid=3614, SUCCESS, logIndex=5446, commits[529edf8e-8eae-4246-b33f-5e44130d441c:c5447, 79bffca9-b028-4c53-a657-872ed973be73:c5443, 15654dff-55cd-4f70-96d8-4abf0c061563:c5443]
2019-07-09 15:04:50,243 INFO  client.GrpcClientProtocolClient (GrpcClientProtocolClient.java:onNext(255)) - client-A9DCF8B8BD5B->529edf8e-8eae-4246-b33f-5e44130d441c: receive RaftClientReply:client-A9DCF8B8BD5B->529edf8e-8eae-4246-b33f-5e44130d441c@group-A1CD1332DC7D, cid=3615, SUCCESS, logIndex=5447, commits[529edf8e-8eae-4246-b33f-5e44130d441c:c5447, 79bffca9-b028-4c53-a657-872ed973be73:c5443, 15654dff-55cd-4f70-96d8-4abf0c061563:c5443]
2019-07-09 15:04:50,254 INFO  client.GrpcClientProtocolClient (GrpcClientProtocolClient.java:onNext(255)) - client-A9DCF8B8BD5B->529edf8e-8eae-4246-b33f-5e44130d441c: receive RaftClientReply:client-A9DCF8B8BD5B->529edf8e-8eae-4246-b33f-5e44130d441c@group-A1CD1332DC7D, cid=3616, SUCCESS, logIndex=0, commits[529edf8e-8eae-4246-b33f-5e44130d441c:c5448, 79bffca9-b028-4c53-a657-872ed973be73:c5447, 15654dff-55cd-4f70-96d8-4abf0c061563:c5447]
2019-07-09 15:04:50,286 INFO  client.GrpcClientProtocolClient (GrpcClientProtocolClient.java:onNext(255)) - client-A9DCF8B8BD5B->529edf8e-8eae-4246-b33f-5e44130d441c: receive RaftClientReply:client-A9DCF8B8BD5B->529edf8e-8eae-4246-b33f-5e44130d441c@group-A1CD1332DC7D, cid=3617, SUCCESS, logIndex=5450, commits[529edf8e-8eae-4246-b33f-5e44130d441c:c5451, 79bffca9-b028-4c53-a657-872ed973be73:c5449, 15654dff-55cd-4f70-96d8-4abf0c061563:c5449]
2019-07-09 15:04:50,286 INFO  client.GrpcClientProtocolClient (GrpcClientProtocolClient.java:onNext(255)) - client-A9DCF8B8BD5B->529edf8e-8eae-4246-b33f-5e44130d441c: receive RaftClientReply:client-A9DCF8B8BD5B->529edf8e-8eae-4246-b33f-5e44130d441c@group-A1CD1332DC7D, cid=3618, SUCCESS, logIndex=5451, commits[529edf8e-8eae-4246-b33f-5e44130d441c:c5452, 79bffca9-b028-4c53-a657-872ed973be73:c5449, 15654dff-55cd-4f70-96d8-4abf0c061563:c5449]
2019-07-09 15:04:50,286 INFO  client.GrpcClientProtocolClient (GrpcClientProtocolClient.java:onNext(255)) - client-A9DCF8B8BD5B->529edf8e-8eae-4246-b33f-5e44130d441c: receive RaftClientReply:client-A9DCF8B8BD5B->529edf8e-8eae-4246-b33f-5e44130d441c@group-A1CD1332DC7D, cid=3619, SUCCESS, logIndex=5452, commits[529edf8e-8eae-4246-b33f-5e44130d441c:c5453, 79bffca9-b028-4c53-a657-872ed973be73:c5449, 15654dff-55cd-4f70-96d8-4abf0c061563:c5449]
2019-07-09 15:04:50,287 INFO  client.GrpcClientProtocolClient (GrpcClientProtocolClient.java:onNext(255)) - client-A9DCF8B8BD5B->529edf8e-8eae-4246-b33f-5e44130d441c: receive RaftClientReply:client-A9DCF8B8BD5B->529edf8e-8eae-4246-b33f-5e44130d441c@group-A1CD1332DC7D, cid=3620, SUCCESS, logIndex=5453, commits[529edf8e-8eae-4246-b33f-5e44130d441c:c5453, 79bffca9-b028-4c53-a657-872ed973be73:c5449, 15654dff-55cd-4f70-96d8-4abf0c061563:c5449]
2019-07-09 15:04:50,289 INFO  client.GrpcClientProtocolClient (GrpcClientProtocolClient.java:onNext(255)) - client-A9DCF8B8BD5B->529edf8e-8eae-4246-b33f-5e44130d441c: receive RaftClientReply:client-A9DCF8B8BD5B->529edf8e-8eae-4246-b33f-5e44130d441c@group-A1CD1332DC7D, cid=3621, SUCCESS, logIndex=0, commits[529edf8e-8eae-4246-b33f-5e44130d441c:c5457, 79bffca9-b028-4c53-a657-872ed973be73:c5453, 15654dff-55cd-4f70-96d8-4abf0c061563:c5451]
2019-07-09 15:04:50,433 INFO  client.GrpcClientProtocolClient (GrpcClientProtocolClient.java:onNext(255)) - client-A9DCF8B8BD5B->529edf8e-8eae-4246-b33f-5e44130d441c: receive RaftClientReply:client-A9DCF8B8BD5B->529edf8e-8eae-4246-b33f-5e44130d441c@group-A1CD1332DC7D, cid=3622, SUCCESS, logIndex=5458, commits[529edf8e-8eae-4246-b33f-5e44130d441c:c5459, 79bffca9-b028-4c53-a657-872ed973be73:c5457, 15654dff-55cd-4f70-96d8-4abf0c061563:c5457]
2019-07-09 15:04:50,434 INFO  client.GrpcClientProtocolClient (GrpcClientProtocolClient.java:onNext(255)) - client-A9DCF8B8BD5B->529edf8e-8eae-4246-b33f-5e44130d441c: receive RaftClientReply:client-A9DCF8B8BD5B->529edf8e-8eae-4246-b33f-5e44130d441c@group-A1CD1332DC7D, cid=3623, SUCCESS, logIndex=5459, commits[529edf8e-8eae-4246-b33f-5e44130d441c:c5459, 79bffca9-b028-4c53-a657-872ed973be73:c5457, 15654dff-55cd-4f70-96d8-4abf0c061563:c5457]
2019-07-09 15:04:50,447 INFO  client.GrpcClientProtocolClient (GrpcClientProtocolClient.java:onNext(255)) - client-A9DCF8B8BD5B->529edf8e-8eae-4246-b33f-5e44130d441c: receive RaftClientReply:client-A9DCF8B8BD5B->529edf8e-8eae-4246-b33f-5e44130d441c@group-A1CD1332DC7D, cid=3624, SUCCESS, logIndex=5462, commits[529edf8e-8eae-4246-b33f-5e44130d441c:c5462, 79bffca9-b028-4c53-a657-872ed973be73:c5459, 15654dff-55cd-4f70-96d8-4abf0c061563:c5459]
2019-07-09 15:04:50,447 INFO  client.GrpcClientProtocolClient (GrpcClientProtocolClient.java:onNext(255)) - client-A9DCF8B8BD5B->529edf8e-8eae-4246-b33f-5e44130d441c: receive RaftClientReply:client-A9DCF8B8BD5B->529edf8e-8eae-4246-b33f-5e44130d441c@group-A1CD1332DC7D, cid=3625, SUCCESS, logIndex=5463, commits[529edf8e-8eae-4246-b33f-5e44130d441c:c5463, 79bffca9-b028-4c53-a657-872ed973be73:c5459, 15654dff-55cd-4f70-96d8-4abf0c061563:c5459]
2019-07-09 15:04:50,460 INFO  client.GrpcClientProtocolClient (GrpcClientProtocolClient.java:onNext(255)) - client-A9DCF8B8BD5B->529edf8e-8eae-4246-b33f-5e44130d441c: receive RaftClientReply:client-A9DCF8B8BD5B->529edf8e-8eae-4246-b33f-5e44130d441c@group-A1CD1332DC7D, cid=3626, SUCCESS, logIndex=0, commits[529edf8e-8eae-4246-b33f-5e44130d441c:c5465, 79bffca9-b028-4c53-a657-872ed973be73:c5463, 15654dff-55cd-4f70-96d8-4abf0c061563:c5463]
2019-07-09 15:04:50,498 INFO  client.GrpcClientProtocolClient (GrpcClientProtocolClient.java:onNext(255)) - client-A9DCF8B8BD5B->529edf8e-8eae-4246-b33f-5e44130d441c: receive RaftClientReply:client-A9DCF8B8BD5B->529edf8e-8eae-4246-b33f-5e44130d441c@group-A1CD1332DC7D, cid=3627, SUCCESS, logIndex=5466, commits[529edf8e-8eae-4246-b33f-5e44130d441c:c5468, 79bffca9-b028-4c53-a657-872ed973be73:c5465, 15654dff-55cd-4f70-96d8-4abf0c061563:c5465]
2019-07-09 15:04:50,499 INFO  client.GrpcClientProtocolClient (GrpcClientProtocolClient.java:onNext(255)) - client-A9DCF8B8BD5B->529edf8e-8eae-4246-b33f-5e44130d441c: receive RaftClientReply:client-A9DCF8B8BD5B->529edf8e-8eae-4246-b33f-5e44130d441c@group-A1CD1332DC7D, cid=3628, SUCCESS, logIndex=5467, commits[529edf8e-8eae-4246-b33f-5e44130d441c:c5469, 79bffca9-b028-4c53-a657-872ed973be73:c5465, 15654dff-55cd-4f70-96d8-4abf0c061563:c5465]
2019-07-09 15:04:50,499 INFO  client.GrpcClientProtocolClient (GrpcClientProtocolClient.java:onNext(255)) - client-A9DCF8B8BD5B->529edf8e-8eae-4246-b33f-5e44130d441c: receive RaftClientReply:client-A9DCF8B8BD5B->529edf8e-8eae-4246-b33f-5e44130d441c@group-A1CD1332DC7D, cid=3629, SUCCESS, logIndex=5468, commits[529edf8e-8eae-4246-b33f-5e44130d441c:c5469, 79bffca9-b028-4c53-a657-872ed973be73:c5465, 15654dff-55cd-4f70-96d8-4abf0c061563:c5465]
2019-07-09 15:04:50,499 INFO  client.GrpcClientProtocolClient (GrpcClientProtocolClient.java:onNext(255)) - client-A9DCF8B8BD5B->529edf8e-8eae-4246-b33f-5e44130d441c: receive RaftClientReply:client-A9DCF8B8BD5B->529edf8e-8eae-4246-b33f-5e44130d441c@group-A1CD1332DC7D, cid=3630, SUCCESS, logIndex=5469, commits[529edf8e-8eae-4246-b33f-5e44130d441c:c5469, 79bffca9-b028-4c53-a657-872ed973be73:c5465, 15654dff-55cd-4f70-96d8-4abf0c061563:c5465]
2019-07-09 15:04:50,510 INFO  client.GrpcClientProtocolClient (GrpcClientProtocolClient.java:onNext(255)) - client-A9DCF8B8BD5B->529edf8e-8eae-4246-b33f-5e44130d441c: receive RaftClientReply:client-A9DCF8B8BD5B->529edf8e-8eae-4246-b33f-5e44130d441c@group-A1CD1332DC7D, cid=3631, SUCCESS, logIndex=0, commits[529edf8e-8eae-4246-b33f-5e44130d441c:c5471, 79bffca9-b028-4c53-a657-872ed973be73:c5467, 15654dff-55cd-4f70-96d8-4abf0c061563:c5468]
2019-07-09 15:04:50,531 INFO  client.GrpcClientProtocolClient (GrpcClientProtocolClient.java:onNext(255)) - client-A9DCF8B8BD5B->529edf8e-8eae-4246-b33f-5e44130d441c: receive RaftClientReply:client-A9DCF8B8BD5B->529edf8e-8eae-4246-b33f-5e44130d441c@group-A1CD1332DC7D, cid=3632, SUCCESS, logIndex=5474, commits[529edf8e-8eae-4246-b33f-5e44130d441c:c5475, 79bffca9-b028-4c53-a657-872ed973be73:c5473, 15654dff-55cd-4f70-96d8-4abf0c061563:c5473]
2019-07-09 15:04:50,531 INFO  client.GrpcClientProtocolClient (GrpcClientProtocolClient.java:onNext(255)) - client-A9DCF8B8BD5B->529edf8e-8eae-4246-b33f-5e44130d441c: receive RaftClientReply:client-A9DCF8B8BD5B->529edf8e-8eae-4246-b33f-5e44130d441c@group-A1CD1332DC7D, cid=3633, SUCCESS, logIndex=5475, commits[529edf8e-8eae-4246-b33f-5e44130d441c:c5475, 79bffca9-b028-4c53-a657-872ed973be73:c5473, 15654dff-55cd-4f70-96d8-4abf0c061563:c5473]
2019-07-09 15:04:50,555 INFO  client.GrpcClientProtocolClient (GrpcClientProtocolClient.java:onNext(255)) - client-A9DCF8B8BD5B->529edf8e-8eae-4246-b33f-5e44130d441c: receive RaftClientReply:client-A9DCF8B8BD5B->529edf8e-8eae-4246-b33f-5e44130d441c@group-A1CD1332DC7D, cid=3634, SUCCESS, logIndex=5478, commits[529edf8e-8eae-4246-b33f-5e44130d441c:c5479, 79bffca9-b028-4c53-a657-872ed973be73:c5475, 15654dff-55cd-4f70-96d8-4abf0c061563:c5475]
2019-07-09 15:04:50,555 INFO  client.GrpcClientProtocolClient (GrpcClientProtocolClient.java:onNext(255)) - client-A9DCF8B8BD5B->529edf8e-8eae-4246-b33f-5e44130d441c: receive RaftClientReply:client-A9DCF8B8BD5B->529edf8e-8eae-4246-b33f-5e44130d441c@group-A1CD1332DC7D, cid=3635, SUCCESS, logIndex=5479, commits[529edf8e-8eae-4246-b33f-5e44130d441c:c5479, 79bffca9-b028-4c53-a657-872ed973be73:c5475, 15654dff-55cd-4f70-96d8-4abf0c061563:c5475]
2019-07-09 15:04:50,567 INFO  client.GrpcClientProtocolClient (GrpcClientProtocolClient.java:onNext(255)) - client-A9DCF8B8BD5B->529edf8e-8eae-4246-b33f-5e44130d441c: receive RaftClientReply:client-A9DCF8B8BD5B->529edf8e-8eae-4246-b33f-5e44130d441c@group-A1CD1332DC7D, cid=3636, SUCCESS, logIndex=0, commits[529edf8e-8eae-4246-b33f-5e44130d441c:c5480, 79bffca9-b028-4c53-a657-872ed973be73:c5479, 15654dff-55cd-4f70-96d8-4abf0c061563:c5479]
2019-07-09 15:04:50,603 INFO  client.GrpcClientProtocolClient (GrpcClientProtocolClient.java:onNext(255)) - client-A9DCF8B8BD5B->529edf8e-8eae-4246-b33f-5e44130d441c: receive RaftClientReply:client-A9DCF8B8BD5B->529edf8e-8eae-4246-b33f-5e44130d441c@group-A1CD1332DC7D, cid=3637, SUCCESS, logIndex=5482, commits[529edf8e-8eae-4246-b33f-5e44130d441c:c5483, 79bffca9-b028-4c53-a657-872ed973be73:c5481, 15654dff-55cd-4f70-96d8-4abf0c061563:c5481]
2019-07-09 15:04:50,604 INFO  client.GrpcClientProtocolClient (GrpcClientProtocolClient.java:onNext(255)) - client-A9DCF8B8BD5B->529edf8e-8eae-4246-b33f-5e44130d441c: receive RaftClientReply:client-A9DCF8B8BD5B->529edf8e-8eae-4246-b33f-5e44130d441c@group-A1CD1332DC7D, cid=3638, SUCCESS, logIndex=5483, commits[529edf8e-8eae-4246-b33f-5e44130d441c:c5485, 79bffca9-b028-4c53-a657-872ed973be73:c5481, 15654dff-55cd-4f70-96d8-4abf0c061563:c5481]
2019-07-09 15:04:50,604 INFO  client.GrpcClientProtocolClient (GrpcClientProtocolClient.java:onNext(255)) - client-A9DCF8B8BD5B->529edf8e-8eae-4246-b33f-5e44130d441c: receive RaftClientReply:client-A9DCF8B8BD5B->529edf8e-8eae-4246-b33f-5e44130d441c@group-A1CD1332DC7D, cid=3639, SUCCESS, logIndex=5484, commits[529edf8e-8eae-4246-b33f-5e44130d441c:c5485, 79bffca9-b028-4c53-a657-872ed973be73:c5481, 15654dff-55cd-4f70-96d8-4abf0c061563:c5481]
2019-07-09 15:04:50,605 INFO  client.GrpcClientProtocolClient (GrpcClientProtocolClient.java:onNext(255)) - client-A9DCF8B8BD5B->529edf8e-8eae-4246-b33f-5e44130d441c: receive RaftClientReply:client-A9DCF8B8BD5B->529edf8e-8eae-4246-b33f-5e44130d441c@group-A1CD1332DC7D, cid=3640, SUCCESS, logIndex=5485, commits[529edf8e-8eae-4246-b33f-5e44130d441c:c5485, 79bffca9-b028-4c53-a657-872ed973be73:c5481, 15654dff-55cd-4f70-96d8-4abf0c061563:c5481]
2019-07-09 15:04:50,616 INFO  client.GrpcClientProtocolClient (GrpcClientProtocolClient.java:onNext(255)) - client-A9DCF8B8BD5B->529edf8e-8eae-4246-b33f-5e44130d441c: receive RaftClientReply:client-A9DCF8B8BD5B->529edf8e-8eae-4246-b33f-5e44130d441c@group-A1CD1332DC7D, cid=3641, SUCCESS, logIndex=0, commits[529edf8e-8eae-4246-b33f-5e44130d441c:c5487, 79bffca9-b028-4c53-a657-872ed973be73:c5483, 15654dff-55cd-4f70-96d8-4abf0c061563:c5483]
2019-07-09 15:04:50,635 INFO  client.GrpcClientProtocolClient (GrpcClientProtocolClient.java:onNext(255)) - client-A9DCF8B8BD5B->529edf8e-8eae-4246-b33f-5e44130d441c: receive RaftClientReply:client-A9DCF8B8BD5B->529edf8e-8eae-4246-b33f-5e44130d441c@group-A1CD1332DC7D, cid=3642, SUCCESS, logIndex=5490, commits[529edf8e-8eae-4246-b33f-5e44130d441c:c5491, 79bffca9-b028-4c53-a657-872ed973be73:c5489, 15654dff-55cd-4f70-96d8-4abf0c061563:c5489]
2019-07-09 15:04:50,636 INFO  client.GrpcClientProtocolClient (GrpcClientProtocolClient.java:onNext(255)) - client-A9DCF8B8BD5B->529edf8e-8eae-4246-b33f-5e44130d441c: receive RaftClientReply:client-A9DCF8B8BD5B->529edf8e-8eae-4246-b33f-5e44130d441c@group-A1CD1332DC7D, cid=3643, SUCCESS, logIndex=5491, commits[529edf8e-8eae-4246-b33f-5e44130d441c:c5491, 79bffca9-b028-4c53-a657-872ed973be73:c5489, 15654dff-55cd-4f70-96d8-4abf0c061563:c5489]
2019-07-09 15:04:50,665 INFO  client.GrpcClientProtocolClient (GrpcClientProtocolClient.java:onNext(255)) - client-A9DCF8B8BD5B->529edf8e-8eae-4246-b33f-5e44130d441c: receive RaftClientReply:client-A9DCF8B8BD5B->529edf8e-8eae-4246-b33f-5e44130d441c@group-A1CD1332DC7D, cid=3644, SUCCESS, logIndex=5494, commits[529edf8e-8eae-4246-b33f-5e44130d441c:c5495, 79bffca9-b028-4c53-a657-872ed973be73:c5491, 15654dff-55cd-4f70-96d8-4abf0c061563:c5491]
2019-07-09 15:04:50,665 INFO  client.GrpcClientProtocolClient (GrpcClientProtocolClient.java:onNext(255)) - client-A9DCF8B8BD5B->529edf8e-8eae-4246-b33f-5e44130d441c: receive RaftClientReply:client-A9DCF8B8BD5B->529edf8e-8eae-4246-b33f-5e44130d441c@group-A1CD1332DC7D, cid=3645, SUCCESS, logIndex=5495, commits[529edf8e-8eae-4246-b33f-5e44130d441c:c5495, 79bffca9-b028-4c53-a657-872ed973be73:c5491, 15654dff-55cd-4f70-96d8-4abf0c061563:c5491]
2019-07-09 15:04:50,677 INFO  client.GrpcClientProtocolClient (GrpcClientProtocolClient.java:onNext(255)) - client-A9DCF8B8BD5B->529edf8e-8eae-4246-b33f-5e44130d441c: receive RaftClientReply:client-A9DCF8B8BD5B->529edf8e-8eae-4246-b33f-5e44130d441c@group-A1CD1332DC7D, cid=3646, SUCCESS, logIndex=0, commits[529edf8e-8eae-4246-b33f-5e44130d441c:c5497, 79bffca9-b028-4c53-a657-872ed973be73:c5495, 15654dff-55cd-4f70-96d8-4abf0c061563:c5495]
2019-07-09 15:04:50,711 INFO  client.GrpcClientProtocolClient (GrpcClientProtocolClient.java:onNext(255)) - client-A9DCF8B8BD5B->529edf8e-8eae-4246-b33f-5e44130d441c: receive RaftClientReply:client-A9DCF8B8BD5B->529edf8e-8eae-4246-b33f-5e44130d441c@group-A1CD1332DC7D, cid=3647, SUCCESS, logIndex=5498, commits[529edf8e-8eae-4246-b33f-5e44130d441c:c5499, 79bffca9-b028-4c53-a657-872ed973be73:c5497, 15654dff-55cd-4f70-96d8-4abf0c061563:c5497]
2019-07-09 15:04:50,712 INFO  client.GrpcClientProtocolClient (GrpcClientProtocolClient.java:onNext(255)) - client-A9DCF8B8BD5B->529edf8e-8eae-4246-b33f-5e44130d441c: receive RaftClientReply:client-A9DCF8B8BD5B->529edf8e-8eae-4246-b33f-5e44130d441c@group-A1CD1332DC7D, cid=3648, SUCCESS, logIndex=5499, commits[529edf8e-8eae-4246-b33f-5e44130d441c:c5499, 79bffca9-b028-4c53-a657-872ed973be73:c5497, 15654dff-55cd-4f70-96d8-4abf0c061563:c5497]
2019-07-09 15:04:50,713 INFO  client.GrpcClientProtocolClient (GrpcClientProtocolClient.java:onNext(255)) - client-A9DCF8B8BD5B->529edf8e-8eae-4246-b33f-5e44130d441c: receive RaftClientReply:client-A9DCF8B8BD5B->529edf8e-8eae-4246-b33f-5e44130d441c@group-A1CD1332DC7D, cid=3649, SUCCESS, logIndex=5500, commits[529edf8e-8eae-4246-b33f-5e44130d441c:c5501, 79bffca9-b028-4c53-a657-872ed973be73:c5497, 15654dff-55cd-4f70-96d8-4abf0c061563:c5497]
2019-07-09 15:04:50,713 INFO  client.GrpcClientProtocolClient (GrpcClientProtocolClient.java:onNext(255)) - client-A9DCF8B8BD5B->529edf8e-8eae-4246-b33f-5e44130d441c: receive RaftClientReply:client-A9DCF8B8BD5B->529edf8e-8eae-4246-b33f-5e44130d441c@group-A1CD1332DC7D, cid=3650, SUCCESS, logIndex=5501, commits[529edf8e-8eae-4246-b33f-5e44130d441c:c5501, 79bffca9-b028-4c53-a657-872ed973be73:c5497, 15654dff-55cd-4f70-96d8-4abf0c061563:c5497]
2019-07-09 15:04:50,714 INFO  client.GrpcClientProtocolClient (GrpcClientProtocolClient.java:onNext(255)) - client-A9DCF8B8BD5B->529edf8e-8eae-4246-b33f-5e44130d441c: receive RaftClientReply:client-A9DCF8B8BD5B->529edf8e-8eae-4246-b33f-5e44130d441c@group-A1CD1332DC7D, cid=3651, SUCCESS, logIndex=0, commits[529edf8e-8eae-4246-b33f-5e44130d441c:c5503, 79bffca9-b028-4c53-a657-872ed973be73:c5499, 15654dff-55cd-4f70-96d8-4abf0c061563:c5499]
2019-07-09 15:04:50,742 INFO  client.GrpcClientProtocolClient (GrpcClientProtocolClient.java:onNext(255)) - client-A9DCF8B8BD5B->529edf8e-8eae-4246-b33f-5e44130d441c: receive RaftClientReply:client-A9DCF8B8BD5B->529edf8e-8eae-4246-b33f-5e44130d441c@group-A1CD1332DC7D, cid=3652, SUCCESS, logIndex=5506, commits[529edf8e-8eae-4246-b33f-5e44130d441c:c5507, 79bffca9-b028-4c53-a657-872ed973be73:c5505, 15654dff-55cd-4f70-96d8-4abf0c061563:c5505]
2019-07-09 15:04:50,743 INFO  client.GrpcClientProtocolClient (GrpcClientProtocolClient.java:onNext(255)) - client-A9DCF8B8BD5B->529edf8e-8eae-4246-b33f-5e44130d441c: receive RaftClientReply:client-A9DCF8B8BD5B->529edf8e-8eae-4246-b33f-5e44130d441c@group-A1CD1332DC7D, cid=3653, SUCCESS, logIndex=5507, commits[529edf8e-8eae-4246-b33f-5e44130d441c:c5507, 79bffca9-b028-4c53-a657-872ed973be73:c5505, 15654dff-55cd-4f70-96d8-4abf0c061563:c5505]
2019-07-09 15:04:50,755 INFO  client.GrpcClientProtocolClient (GrpcClientProtocolClient.java:onNext(255)) - client-A9DCF8B8BD5B->529edf8e-8eae-4246-b33f-5e44130d441c: receive RaftClientReply:client-A9DCF8B8BD5B->529edf8e-8eae-4246-b33f-5e44130d441c@group-A1CD1332DC7D, cid=3654, SUCCESS, logIndex=5510, commits[529edf8e-8eae-4246-b33f-5e44130d441c:c5511, 79bffca9-b028-4c53-a657-872ed973be73:c5507, 15654dff-55cd-4f70-96d8-4abf0c061563:c5507]
2019-07-09 15:04:50,756 INFO  client.GrpcClientProtocolClient (GrpcClientProtocolClient.java:onNext(255)) - client-A9DCF8B8BD5B->529edf8e-8eae-4246-b33f-5e44130d441c: receive RaftClientReply:client-A9DCF8B8BD5B->529edf8e-8eae-4246-b33f-5e44130d441c@group-A1CD1332DC7D, cid=3655, SUCCESS, logIndex=5511, commits[529edf8e-8eae-4246-b33f-5e44130d441c:c5511, 79bffca9-b028-4c53-a657-872ed973be73:c5507, 15654dff-55cd-4f70-96d8-4abf0c061563:c5507]
2019-07-09 15:04:50,768 INFO  client.GrpcClientProtocolClient (GrpcClientProtocolClient.java:onNext(255)) - client-A9DCF8B8BD5B->529edf8e-8eae-4246-b33f-5e44130d441c: receive RaftClientReply:client-A9DCF8B8BD5B->529edf8e-8eae-4246-b33f-5e44130d441c@group-A1CD1332DC7D, cid=3656, SUCCESS, logIndex=0, commits[529edf8e-8eae-4246-b33f-5e44130d441c:c5513, 79bffca9-b028-4c53-a657-872ed973be73:c5511, 15654dff-55cd-4f70-96d8-4abf0c061563:c5511]
2019-07-09 15:04:50,815 INFO  client.GrpcClientProtocolClient (GrpcClientProtocolClient.java:onNext(255)) - client-A9DCF8B8BD5B->529edf8e-8eae-4246-b33f-5e44130d441c: receive RaftClientReply:client-A9DCF8B8BD5B->529edf8e-8eae-4246-b33f-5e44130d441c@group-A1CD1332DC7D, cid=3657, SUCCESS, logIndex=5514, commits[529edf8e-8eae-4246-b33f-5e44130d441c:c5515, 79bffca9-b028-4c53-a657-872ed973be73:c5513, 15654dff-55cd-4f70-96d8-4abf0c061563:c5511]
2019-07-09 15:04:50,816 INFO  client.GrpcClientProtocolClient (GrpcClientProtocolClient.java:onNext(255)) - client-A9DCF8B8BD5B->529edf8e-8eae-4246-b33f-5e44130d441c: receive RaftClientReply:client-A9DCF8B8BD5B->529edf8e-8eae-4246-b33f-5e44130d441c@group-A1CD1332DC7D, cid=3658, SUCCESS, logIndex=5515, commits[529edf8e-8eae-4246-b33f-5e44130d441c:c5515, 79bffca9-b028-4c53-a657-872ed973be73:c5513, 15654dff-55cd-4f70-96d8-4abf0c061563:c5513]
2019-07-09 15:04:50,817 INFO  client.GrpcClientProtocolClient (GrpcClientProtocolClient.java:onNext(255)) - client-A9DCF8B8BD5B->529edf8e-8eae-4246-b33f-5e44130d441c: receive RaftClientReply:client-A9DCF8B8BD5B->529edf8e-8eae-4246-b33f-5e44130d441c@group-A1CD1332DC7D, cid=3659, SUCCESS, logIndex=5516, commits[529edf8e-8eae-4246-b33f-5e44130d441c:c5517, 79bffca9-b028-4c53-a657-872ed973be73:c5513, 15654dff-55cd-4f70-96d8-4abf0c061563:c5513]
2019-07-09 15:04:50,817 INFO  client.GrpcClientProtocolClient (GrpcClientProtocolClient.java:onNext(255)) - client-A9DCF8B8BD5B->529edf8e-8eae-4246-b33f-5e44130d441c: receive RaftClientReply:client-A9DCF8B8BD5B->529edf8e-8eae-4246-b33f-5e44130d441c@group-A1CD1332DC7D, cid=3660, SUCCESS, logIndex=5517, commits[529edf8e-8eae-4246-b33f-5e44130d441c:c5517, 79bffca9-b028-4c53-a657-872ed973be73:c5513, 15654dff-55cd-4f70-96d8-4abf0c061563:c5513]
2019-07-09 15:04:50,819 INFO  client.GrpcClientProtocolClient (GrpcClientProtocolClient.java:onNext(255)) - client-A9DCF8B8BD5B->529edf8e-8eae-4246-b33f-5e44130d441c: receive RaftClientReply:client-A9DCF8B8BD5B->529edf8e-8eae-4246-b33f-5e44130d441c@group-A1CD1332DC7D, cid=3661, SUCCESS, logIndex=0, commits[529edf8e-8eae-4246-b33f-5e44130d441c:c5519, 79bffca9-b028-4c53-a657-872ed973be73:c5515, 15654dff-55cd-4f70-96d8-4abf0c061563:c5515]
2019-07-09 15:04:50,839 INFO  client.GrpcClientProtocolClient (GrpcClientProtocolClient.java:onNext(255)) - client-A9DCF8B8BD5B->529edf8e-8eae-4246-b33f-5e44130d441c: receive RaftClientReply:client-A9DCF8B8BD5B->529edf8e-8eae-4246-b33f-5e44130d441c@group-A1CD1332DC7D, cid=3662, SUCCESS, logIndex=5522, commits[529edf8e-8eae-4246-b33f-5e44130d441c:c5523, 79bffca9-b028-4c53-a657-872ed973be73:c5521, 15654dff-55cd-4f70-96d8-4abf0c061563:c5521]
2019-07-09 15:04:50,840 INFO  client.GrpcClientProtocolClient (GrpcClientProtocolClient.java:onNext(255)) - client-A9DCF8B8BD5B->529edf8e-8eae-4246-b33f-5e44130d441c: receive RaftClientReply:client-A9DCF8B8BD5B->529edf8e-8eae-4246-b33f-5e44130d441c@group-A1CD1332DC7D, cid=3663, SUCCESS, logIndex=5523, commits[529edf8e-8eae-4246-b33f-5e44130d441c:c5523, 79bffca9-b028-4c53-a657-872ed973be73:c5521, 15654dff-55cd-4f70-96d8-4abf0c061563:c5521]
2019-07-09 15:04:50,852 INFO  client.GrpcClientProtocolClient (GrpcClientProtocolClient.java:onNext(255)) - client-A9DCF8B8BD5B->529edf8e-8eae-4246-b33f-5e44130d441c: receive RaftClientReply:client-A9DCF8B8BD5B->529edf8e-8eae-4246-b33f-5e44130d441c@group-A1CD1332DC7D, cid=3664, SUCCESS, logIndex=5526, commits[529edf8e-8eae-4246-b33f-5e44130d441c:c5526, 79bffca9-b028-4c53-a657-872ed973be73:c5523, 15654dff-55cd-4f70-96d8-4abf0c061563:c5523]
2019-07-09 15:04:50,853 INFO  client.GrpcClientProtocolClient (GrpcClientProtocolClient.java:onNext(255)) - client-A9DCF8B8BD5B->529edf8e-8eae-4246-b33f-5e44130d441c: receive RaftClientReply:client-A9DCF8B8BD5B->529edf8e-8eae-4246-b33f-5e44130d441c@group-A1CD1332DC7D, cid=3665, SUCCESS, logIndex=5527, commits[529edf8e-8eae-4246-b33f-5e44130d441c:c5527, 79bffca9-b028-4c53-a657-872ed973be73:c5523, 15654dff-55cd-4f70-96d8-4abf0c061563:c5523]
2019-07-09 15:04:50,865 INFO  client.GrpcClientProtocolClient (GrpcClientProtocolClient.java:onNext(255)) - client-A9DCF8B8BD5B->529edf8e-8eae-4246-b33f-5e44130d441c: receive RaftClientReply:client-A9DCF8B8BD5B->529edf8e-8eae-4246-b33f-5e44130d441c@group-A1CD1332DC7D, cid=3666, SUCCESS, logIndex=0, commits[529edf8e-8eae-4246-b33f-5e44130d441c:c5529, 79bffca9-b028-4c53-a657-872ed973be73:c5527, 15654dff-55cd-4f70-96d8-4abf0c061563:c5527]
2019-07-09 15:04:50,900 INFO  client.GrpcClientProtocolClient (GrpcClientProtocolClient.java:onNext(255)) - client-A9DCF8B8BD5B->529edf8e-8eae-4246-b33f-5e44130d441c: receive RaftClientReply:client-A9DCF8B8BD5B->529edf8e-8eae-4246-b33f-5e44130d441c@group-A1CD1332DC7D, cid=3667, SUCCESS, logIndex=5530, commits[529edf8e-8eae-4246-b33f-5e44130d441c:c5532, 79bffca9-b028-4c53-a657-872ed973be73:c5529, 15654dff-55cd-4f70-96d8-4abf0c061563:c5529]
2019-07-09 15:04:50,901 INFO  client.GrpcClientProtocolClient (GrpcClientProtocolClient.java:onNext(255)) - client-A9DCF8B8BD5B->529edf8e-8eae-4246-b33f-5e44130d441c: receive RaftClientReply:client-A9DCF8B8BD5B->529edf8e-8eae-4246-b33f-5e44130d441c@group-A1CD1332DC7D, cid=3668, SUCCESS, logIndex=5531, commits[529edf8e-8eae-4246-b33f-5e44130d441c:c5533, 79bffca9-b028-4c53-a657-872ed973be73:c5529, 15654dff-55cd-4f70-96d8-4abf0c061563:c5529]
2019-07-09 15:04:50,901 INFO  client.GrpcClientProtocolClient (GrpcClientProtocolClient.java:onNext(255)) - client-A9DCF8B8BD5B->529edf8e-8eae-4246-b33f-5e44130d441c: receive RaftClientReply:client-A9DCF8B8BD5B->529edf8e-8eae-4246-b33f-5e44130d441c@group-A1CD1332DC7D, cid=3669, SUCCESS, logIndex=5532, commits[529edf8e-8eae-4246-b33f-5e44130d441c:c5533, 79bffca9-b028-4c53-a657-872ed973be73:c5529, 15654dff-55cd-4f70-96d8-4abf0c061563:c5529]
2019-07-09 15:04:50,901 INFO  client.GrpcClientProtocolClient (GrpcClientProtocolClient.java:onNext(255)) - client-A9DCF8B8BD5B->529edf8e-8eae-4246-b33f-5e44130d441c: receive RaftClientReply:client-A9DCF8B8BD5B->529edf8e-8eae-4246-b33f-5e44130d441c@group-A1CD1332DC7D, cid=3670, SUCCESS, logIndex=5533, commits[529edf8e-8eae-4246-b33f-5e44130d441c:c5533, 79bffca9-b028-4c53-a657-872ed973be73:c5529, 15654dff-55cd-4f70-96d8-4abf0c061563:c5529]
2019-07-09 15:04:50,903 INFO  client.GrpcClientProtocolClient (GrpcClientProtocolClient.java:onNext(255)) - client-A9DCF8B8BD5B->529edf8e-8eae-4246-b33f-5e44130d441c: receive RaftClientReply:client-A9DCF8B8BD5B->529edf8e-8eae-4246-b33f-5e44130d441c@group-A1CD1332DC7D, cid=3671, SUCCESS, logIndex=0, commits[529edf8e-8eae-4246-b33f-5e44130d441c:c5535, 79bffca9-b028-4c53-a657-872ed973be73:c5531, 15654dff-55cd-4f70-96d8-4abf0c061563:c5531]
2019-07-09 15:04:50,922 INFO  client.GrpcClientProtocolClient (GrpcClientProtocolClient.java:onNext(255)) - client-A9DCF8B8BD5B->529edf8e-8eae-4246-b33f-5e44130d441c: receive RaftClientReply:client-A9DCF8B8BD5B->529edf8e-8eae-4246-b33f-5e44130d441c@group-A1CD1332DC7D, cid=3672, SUCCESS, logIndex=5538, commits[529edf8e-8eae-4246-b33f-5e44130d441c:c5539, 79bffca9-b028-4c53-a657-872ed973be73:c5537, 15654dff-55cd-4f70-96d8-4abf0c061563:c5537]
2019-07-09 15:04:50,922 INFO  client.GrpcClientProtocolClient (GrpcClientProtocolClient.java:onNext(255)) - client-A9DCF8B8BD5B->529edf8e-8eae-4246-b33f-5e44130d441c: receive RaftClientReply:client-A9DCF8B8BD5B->529edf8e-8eae-4246-b33f-5e44130d441c@group-A1CD1332DC7D, cid=3673, SUCCESS, logIndex=5539, commits[529edf8e-8eae-4246-b33f-5e44130d441c:c5539, 79bffca9-b028-4c53-a657-872ed973be73:c5537, 15654dff-55cd-4f70-96d8-4abf0c061563:c5537]
2019-07-09 15:04:50,935 INFO  client.GrpcClientProtocolClient (GrpcClientProtocolClient.java:onNext(255)) - client-A9DCF8B8BD5B->529edf8e-8eae-4246-b33f-5e44130d441c: receive RaftClientReply:client-A9DCF8B8BD5B->529edf8e-8eae-4246-b33f-5e44130d441c@group-A1CD1332DC7D, cid=3674, SUCCESS, logIndex=5542, commits[529edf8e-8eae-4246-b33f-5e44130d441c:c5542, 79bffca9-b028-4c53-a657-872ed973be73:c5539, 15654dff-55cd-4f70-96d8-4abf0c061563:c5539]
2019-07-09 15:04:50,935 INFO  client.GrpcClientProtocolClient (GrpcClientProtocolClient.java:onNext(255)) - client-A9DCF8B8BD5B->529edf8e-8eae-4246-b33f-5e44130d441c: receive RaftClientReply:client-A9DCF8B8BD5B->529edf8e-8eae-4246-b33f-5e44130d441c@group-A1CD1332DC7D, cid=3675, SUCCESS, logIndex=5543, commits[529edf8e-8eae-4246-b33f-5e44130d441c:c5543, 79bffca9-b028-4c53-a657-872ed973be73:c5539, 15654dff-55cd-4f70-96d8-4abf0c061563:c5539]
2019-07-09 15:04:50,949 INFO  client.GrpcClientProtocolClient (GrpcClientProtocolClient.java:onNext(255)) - client-A9DCF8B8BD5B->529edf8e-8eae-4246-b33f-5e44130d441c: receive RaftClientReply:client-A9DCF8B8BD5B->529edf8e-8eae-4246-b33f-5e44130d441c@group-A1CD1332DC7D, cid=3676, SUCCESS, logIndex=0, commits[529edf8e-8eae-4246-b33f-5e44130d441c:c5545, 79bffca9-b028-4c53-a657-872ed973be73:c5543, 15654dff-55cd-4f70-96d8-4abf0c061563:c5543]
2019-07-09 15:04:50,981 INFO  client.GrpcClientProtocolClient (GrpcClientProtocolClient.java:onNext(255)) - client-A9DCF8B8BD5B->529edf8e-8eae-4246-b33f-5e44130d441c: receive RaftClientReply:client-A9DCF8B8BD5B->529edf8e-8eae-4246-b33f-5e44130d441c@group-A1CD1332DC7D, cid=3677, SUCCESS, logIndex=5546, commits[529edf8e-8eae-4246-b33f-5e44130d441c:c5547, 79bffca9-b028-4c53-a657-872ed973be73:c5545, 15654dff-55cd-4f70-96d8-4abf0c061563:c5545]
2019-07-09 15:04:50,982 INFO  client.GrpcClientProtocolClient (GrpcClientProtocolClient.java:onNext(255)) - client-A9DCF8B8BD5B->529edf8e-8eae-4246-b33f-5e44130d441c: receive RaftClientReply:client-A9DCF8B8BD5B->529edf8e-8eae-4246-b33f-5e44130d441c@group-A1CD1332DC7D, cid=3678, SUCCESS, logIndex=5547, commits[529edf8e-8eae-4246-b33f-5e44130d441c:c5548, 79bffca9-b028-4c53-a657-872ed973be73:c5545, 15654dff-55cd-4f70-96d8-4abf0c061563:c5545]
2019-07-09 15:04:50,983 INFO  client.GrpcClientProtocolClient (GrpcClientProtocolClient.java:onNext(255)) - client-A9DCF8B8BD5B->529edf8e-8eae-4246-b33f-5e44130d441c: receive RaftClientReply:client-A9DCF8B8BD5B->529edf8e-8eae-4246-b33f-5e44130d441c@group-A1CD1332DC7D, cid=3679, SUCCESS, logIndex=5548, commits[529edf8e-8eae-4246-b33f-5e44130d441c:c5549, 79bffca9-b028-4c53-a657-872ed973be73:c5545, 15654dff-55cd-4f70-96d8-4abf0c061563:c5545]
2019-07-09 15:04:50,983 INFO  client.GrpcClientProtocolClient (GrpcClientProtocolClient.java:onNext(255)) - client-A9DCF8B8BD5B->529edf8e-8eae-4246-b33f-5e44130d441c: receive RaftClientReply:client-A9DCF8B8BD5B->529edf8e-8eae-4246-b33f-5e44130d441c@group-A1CD1332DC7D, cid=3680, SUCCESS, logIndex=5549, commits[529edf8e-8eae-4246-b33f-5e44130d441c:c5549, 79bffca9-b028-4c53-a657-872ed973be73:c5545, 15654dff-55cd-4f70-96d8-4abf0c061563:c5545]
2019-07-09 15:04:50,984 INFO  client.GrpcClientProtocolClient (GrpcClientProtocolClient.java:onNext(255)) - client-A9DCF8B8BD5B->529edf8e-8eae-4246-b33f-5e44130d441c: receive RaftClientReply:client-A9DCF8B8BD5B->529edf8e-8eae-4246-b33f-5e44130d441c@group-A1CD1332DC7D, cid=3681, SUCCESS, logIndex=0, commits[529edf8e-8eae-4246-b33f-5e44130d441c:c5552, 79bffca9-b028-4c53-a657-872ed973be73:c5547, 15654dff-55cd-4f70-96d8-4abf0c061563:c5548]
2019-07-09 15:04:51,005 INFO  client.GrpcClientProtocolClient (GrpcClientProtocolClient.java:onNext(255)) - client-A9DCF8B8BD5B->529edf8e-8eae-4246-b33f-5e44130d441c: receive RaftClientReply:client-A9DCF8B8BD5B->529edf8e-8eae-4246-b33f-5e44130d441c@group-A1CD1332DC7D, cid=3682, SUCCESS, logIndex=5554, commits[529edf8e-8eae-4246-b33f-5e44130d441c:c5555, 79bffca9-b028-4c53-a657-872ed973be73:c5553, 15654dff-55cd-4f70-96d8-4abf0c061563:c5553]
2019-07-09 15:04:51,005 INFO  client.GrpcClientProtocolClient (GrpcClientProtocolClient.java:onNext(255)) - client-A9DCF8B8BD5B->529edf8e-8eae-4246-b33f-5e44130d441c: receive RaftClientReply:client-A9DCF8B8BD5B->529edf8e-8eae-4246-b33f-5e44130d441c@group-A1CD1332DC7D, cid=3683, SUCCESS, logIndex=5555, commits[529edf8e-8eae-4246-b33f-5e44130d441c:c5555, 79bffca9-b028-4c53-a657-872ed973be73:c5553, 15654dff-55cd-4f70-96d8-4abf0c061563:c5553]
2019-07-09 15:04:51,018 INFO  client.GrpcClientProtocolClient (GrpcClientProtocolClient.java:onNext(255)) - client-A9DCF8B8BD5B->529edf8e-8eae-4246-b33f-5e44130d441c: receive RaftClientReply:client-A9DCF8B8BD5B->529edf8e-8eae-4246-b33f-5e44130d441c@group-A1CD1332DC7D, cid=3684, SUCCESS, logIndex=5558, commits[529edf8e-8eae-4246-b33f-5e44130d441c:c5559, 79bffca9-b028-4c53-a657-872ed973be73:c5555, 15654dff-55cd-4f70-96d8-4abf0c061563:c5555]
2019-07-09 15:04:51,019 INFO  client.GrpcClientProtocolClient (GrpcClientProtocolClient.java:onNext(255)) - client-A9DCF8B8BD5B->529edf8e-8eae-4246-b33f-5e44130d441c: receive RaftClientReply:client-A9DCF8B8BD5B->529edf8e-8eae-4246-b33f-5e44130d441c@group-A1CD1332DC7D, cid=3685, SUCCESS, logIndex=5559, commits[529edf8e-8eae-4246-b33f-5e44130d441c:c5559, 79bffca9-b028-4c53-a657-872ed973be73:c5555, 15654dff-55cd-4f70-96d8-4abf0c061563:c5555]
2019-07-09 15:04:51,031 INFO  client.GrpcClientProtocolClient (GrpcClientProtocolClient.java:onNext(255)) - client-A9DCF8B8BD5B->529edf8e-8eae-4246-b33f-5e44130d441c: receive RaftClientReply:client-A9DCF8B8BD5B->529edf8e-8eae-4246-b33f-5e44130d441c@group-A1CD1332DC7D, cid=3686, SUCCESS, logIndex=0, commits[529edf8e-8eae-4246-b33f-5e44130d441c:c5560, 79bffca9-b028-4c53-a657-872ed973be73:c5559, 15654dff-55cd-4f70-96d8-4abf0c061563:c5559]
2019-07-09 15:04:51,055 INFO  client.GrpcClientProtocolClient (GrpcClientProtocolClient.java:onNext(255)) - client-A9DCF8B8BD5B->529edf8e-8eae-4246-b33f-5e44130d441c: receive RaftClientReply:client-A9DCF8B8BD5B->529edf8e-8eae-4246-b33f-5e44130d441c@group-A1CD1332DC7D, cid=3687, SUCCESS, logIndex=5562, commits[529edf8e-8eae-4246-b33f-5e44130d441c:c5563, 79bffca9-b028-4c53-a657-872ed973be73:c5561, 15654dff-55cd-4f70-96d8-4abf0c061563:c5561]
2019-07-09 15:04:51,056 INFO  client.GrpcClientProtocolClient (GrpcClientProtocolClient.java:onNext(255)) - client-A9DCF8B8BD5B->529edf8e-8eae-4246-b33f-5e44130d441c: receive RaftClientReply:client-A9DCF8B8BD5B->529edf8e-8eae-4246-b33f-5e44130d441c@group-A1CD1332DC7D, cid=3688, SUCCESS, logIndex=5563, commits[529edf8e-8eae-4246-b33f-5e44130d441c:c5563, 79bffca9-b028-4c53-a657-872ed973be73:c5561, 15654dff-55cd-4f70-96d8-4abf0c061563:c5561]
2019-07-09 15:04:51,057 INFO  client.GrpcClientProtocolClient (GrpcClientProtocolClient.java:onNext(255)) - client-A9DCF8B8BD5B->529edf8e-8eae-4246-b33f-5e44130d441c: receive RaftClientReply:client-A9DCF8B8BD5B->529edf8e-8eae-4246-b33f-5e44130d441c@group-A1CD1332DC7D, cid=3689, SUCCESS, logIndex=5564, commits[529edf8e-8eae-4246-b33f-5e44130d441c:c5564, 79bffca9-b028-4c53-a657-872ed973be73:c5561, 15654dff-55cd-4f70-96d8-4abf0c061563:c5561]
2019-07-09 15:04:51,057 INFO  client.GrpcClientProtocolClient (GrpcClientProtocolClient.java:onNext(255)) - client-A9DCF8B8BD5B->529edf8e-8eae-4246-b33f-5e44130d441c: receive RaftClientReply:client-A9DCF8B8BD5B->529edf8e-8eae-4246-b33f-5e44130d441c@group-A1CD1332DC7D, cid=3690, SUCCESS, logIndex=5565, commits[529edf8e-8eae-4246-b33f-5e44130d441c:c5565, 79bffca9-b028-4c53-a657-872ed973be73:c5561, 15654dff-55cd-4f70-96d8-4abf0c061563:c5561]
2019-07-09 15:04:51,059 INFO  client.GrpcClientProtocolClient (GrpcClientProtocolClient.java:onNext(255)) - client-A9DCF8B8BD5B->529edf8e-8eae-4246-b33f-5e44130d441c: receive RaftClientReply:client-A9DCF8B8BD5B->529edf8e-8eae-4246-b33f-5e44130d441c@group-A1CD1332DC7D, cid=3691, SUCCESS, logIndex=0, commits[529edf8e-8eae-4246-b33f-5e44130d441c:c5566, 79bffca9-b028-4c53-a657-872ed973be73:c5563, 15654dff-55cd-4f70-96d8-4abf0c061563:c5563]
2019-07-09 15:04:51,081 INFO  client.GrpcClientProtocolClient (GrpcClientProtocolClient.java:onNext(255)) - client-A9DCF8B8BD5B->529edf8e-8eae-4246-b33f-5e44130d441c: receive RaftClientReply:client-A9DCF8B8BD5B->529edf8e-8eae-4246-b33f-5e44130d441c@group-A1CD1332DC7D, cid=3692, SUCCESS, logIndex=5569, commits[529edf8e-8eae-4246-b33f-5e44130d441c:c5570, 79bffca9-b028-4c53-a657-872ed973be73:c5568, 15654dff-55cd-4f70-96d8-4abf0c061563:c5568]
2019-07-09 15:04:51,082 INFO  client.GrpcClientProtocolClient (GrpcClientProtocolClient.java:onNext(255)) - client-A9DCF8B8BD5B->529edf8e-8eae-4246-b33f-5e44130d441c: receive RaftClientReply:client-A9DCF8B8BD5B->529edf8e-8eae-4246-b33f-5e44130d441c@group-A1CD1332DC7D, cid=3693, SUCCESS, logIndex=5570, commits[529edf8e-8eae-4246-b33f-5e44130d441c:c5570, 79bffca9-b028-4c53-a657-872ed973be73:c5568, 15654dff-55cd-4f70-96d8-4abf0c061563:c5568]
2019-07-09 15:04:51,095 INFO  client.GrpcClientProtocolClient (GrpcClientProtocolClient.java:onNext(255)) - client-A9DCF8B8BD5B->529edf8e-8eae-4246-b33f-5e44130d441c: receive RaftClientReply:client-A9DCF8B8BD5B->529edf8e-8eae-4246-b33f-5e44130d441c@group-A1CD1332DC7D, cid=3694, SUCCESS, logIndex=5573, commits[529edf8e-8eae-4246-b33f-5e44130d441c:c5574, 79bffca9-b028-4c53-a657-872ed973be73:c5570, 15654dff-55cd-4f70-96d8-4abf0c061563:c5570]
2019-07-09 15:04:51,095 INFO  client.GrpcClientProtocolClient (GrpcClientProtocolClient.java:onNext(255)) - client-A9DCF8B8BD5B->529edf8e-8eae-4246-b33f-5e44130d441c: receive RaftClientReply:client-A9DCF8B8BD5B->529edf8e-8eae-4246-b33f-5e44130d441c@group-A1CD1332DC7D, cid=3695, SUCCESS, logIndex=5574, commits[529edf8e-8eae-4246-b33f-5e44130d441c:c5574, 79bffca9-b028-4c53-a657-872ed973be73:c5570, 15654dff-55cd-4f70-96d8-4abf0c061563:c5570]
 0.00% |█                                                                                                    |  0/1 Time: 0:00:332019-07-09 15:04:51,096 INFO  client.GrpcClientProtocolClient (GrpcClientProtocolClient.java:onNext(255)) - client-A9DCF8B8BD5B->529edf8e-8eae-4246-b33f-5e44130d441c: receive RaftClientReply:client-A9DCF8B8BD5B->529edf8e-8eae-4246-b33f-5e44130d441c@group-A1CD1332DC7D, cid=3696, SUCCESS, logIndex=0, commits[529edf8e-8eae-4246-b33f-5e44130d441c:c5575, 79bffca9-b028-4c53-a657-872ed973be73:c5574, 15654dff-55cd-4f70-96d8-4abf0c061563:c5574]
2019-07-09 15:04:51,186 INFO  client.GrpcClientProtocolClient (GrpcClientProtocolClient.java:onNext(255)) - client-A9DCF8B8BD5B->529edf8e-8eae-4246-b33f-5e44130d441c: receive RaftClientReply:client-A9DCF8B8BD5B->529edf8e-8eae-4246-b33f-5e44130d441c@group-A1CD1332DC7D, cid=3697, SUCCESS, logIndex=5577, commits[529edf8e-8eae-4246-b33f-5e44130d441c:c5578, 79bffca9-b028-4c53-a657-872ed973be73:c5576, 15654dff-55cd-4f70-96d8-4abf0c061563:c5576]
2019-07-09 15:04:51,187 INFO  client.GrpcClientProtocolClient (GrpcClientProtocolClient.java:onNext(255)) - client-A9DCF8B8BD5B->529edf8e-8eae-4246-b33f-5e44130d441c: receive RaftClientReply:client-A9DCF8B8BD5B->529edf8e-8eae-4246-b33f-5e44130d441c@group-A1CD1332DC7D, cid=3698, SUCCESS, logIndex=5578, commits[529edf8e-8eae-4246-b33f-5e44130d441c:c5580, 79bffca9-b028-4c53-a657-872ed973be73:c5576, 15654dff-55cd-4f70-96d8-4abf0c061563:c5576]
2019-07-09 15:04:51,188 INFO  client.GrpcClientProtocolClient (GrpcClientProtocolClient.java:onNext(255)) - client-A9DCF8B8BD5B->529edf8e-8eae-4246-b33f-5e44130d441c: receive RaftClientReply:client-A9DCF8B8BD5B->529edf8e-8eae-4246-b33f-5e44130d441c@group-A1CD1332DC7D, cid=3699, SUCCESS, logIndex=5579, commits[529edf8e-8eae-4246-b33f-5e44130d441c:c5580, 79bffca9-b028-4c53-a657-872ed973be73:c5576, 15654dff-55cd-4f70-96d8-4abf0c061563:c5576]
2019-07-09 15:04:51,188 INFO  client.GrpcClientProtocolClient (GrpcClientProtocolClient.java:onNext(255)) - client-A9DCF8B8BD5B->529edf8e-8eae-4246-b33f-5e44130d441c: receive RaftClientReply:client-A9DCF8B8BD5B->529edf8e-8eae-4246-b33f-5e44130d441c@group-A1CD1332DC7D, cid=3700, SUCCESS, logIndex=5580, commits[529edf8e-8eae-4246-b33f-5e44130d441c:c5580, 79bffca9-b028-4c53-a657-872ed973be73:c5576, 15654dff-55cd-4f70-96d8-4abf0c061563:c5576]
2019-07-09 15:04:51,190 INFO  client.GrpcClientProtocolClient (GrpcClientProtocolClient.java:onNext(255)) - client-A9DCF8B8BD5B->529edf8e-8eae-4246-b33f-5e44130d441c: receive RaftClientReply:client-A9DCF8B8BD5B->529edf8e-8eae-4246-b33f-5e44130d441c@group-A1CD1332DC7D, cid=3701, SUCCESS, logIndex=0, commits[529edf8e-8eae-4246-b33f-5e44130d441c:c5583, 79bffca9-b028-4c53-a657-872ed973be73:c5580, 15654dff-55cd-4f70-96d8-4abf0c061563:c5578]
2019-07-09 15:04:51,221 INFO  client.GrpcClientProtocolClient (GrpcClientProtocolClient.java:onNext(255)) - client-A9DCF8B8BD5B->529edf8e-8eae-4246-b33f-5e44130d441c: receive RaftClientReply:client-A9DCF8B8BD5B->529edf8e-8eae-4246-b33f-5e44130d441c@group-A1CD1332DC7D, cid=3702, SUCCESS, logIndex=5584, commits[529edf8e-8eae-4246-b33f-5e44130d441c:c5585, 79bffca9-b028-4c53-a657-872ed973be73:c5583, 15654dff-55cd-4f70-96d8-4abf0c061563:c5583]
2019-07-09 15:04:51,221 INFO  client.GrpcClientProtocolClient (GrpcClientProtocolClient.java:onNext(255)) - client-A9DCF8B8BD5B->529edf8e-8eae-4246-b33f-5e44130d441c: receive RaftClientReply:client-A9DCF8B8BD5B->529edf8e-8eae-4246-b33f-5e44130d441c@group-A1CD1332DC7D, cid=3703, SUCCESS, logIndex=5585, commits[529edf8e-8eae-4246-b33f-5e44130d441c:c5585, 79bffca9-b028-4c53-a657-872ed973be73:c5583, 15654dff-55cd-4f70-96d8-4abf0c061563:c5583]
2019-07-09 15:04:51,236 INFO  client.GrpcClientProtocolClient (GrpcClientProtocolClient.java:onNext(255)) - client-A9DCF8B8BD5B->529edf8e-8eae-4246-b33f-5e44130d441c: receive RaftClientReply:client-A9DCF8B8BD5B->529edf8e-8eae-4246-b33f-5e44130d441c@group-A1CD1332DC7D, cid=3704, SUCCESS, logIndex=5588, commits[529edf8e-8eae-4246-b33f-5e44130d441c:c5589, 79bffca9-b028-4c53-a657-872ed973be73:c5585, 15654dff-55cd-4f70-96d8-4abf0c061563:c5587]
2019-07-09 15:04:51,236 INFO  client.GrpcClientProtocolClient (GrpcClientProtocolClient.java:onNext(255)) - client-A9DCF8B8BD5B->529edf8e-8eae-4246-b33f-5e44130d441c: receive RaftClientReply:client-A9DCF8B8BD5B->529edf8e-8eae-4246-b33f-5e44130d441c@group-A1CD1332DC7D, cid=3705, SUCCESS, logIndex=5589, commits[529edf8e-8eae-4246-b33f-5e44130d441c:c5589, 79bffca9-b028-4c53-a657-872ed973be73:c5587, 15654dff-55cd-4f70-96d8-4abf0c061563:c5587]
2019-07-09 15:04:51,238 INFO  client.GrpcClientProtocolClient (GrpcClientProtocolClient.java:onNext(255)) - client-A9DCF8B8BD5B->529edf8e-8eae-4246-b33f-5e44130d441c: receive RaftClientReply:client-A9DCF8B8BD5B->529edf8e-8eae-4246-b33f-5e44130d441c@group-A1CD1332DC7D, cid=3706, SUCCESS, logIndex=0, commits[529edf8e-8eae-4246-b33f-5e44130d441c:c5590, 79bffca9-b028-4c53-a657-872ed973be73:c5589, 15654dff-55cd-4f70-96d8-4abf0c061563:c5589]
2019-07-09 15:04:51,270 INFO  client.GrpcClientProtocolClient (GrpcClientProtocolClient.java:onNext(255)) - client-A9DCF8B8BD5B->529edf8e-8eae-4246-b33f-5e44130d441c: receive RaftClientReply:client-A9DCF8B8BD5B->529edf8e-8eae-4246-b33f-5e44130d441c@group-A1CD1332DC7D, cid=3707, SUCCESS, logIndex=5592, commits[529edf8e-8eae-4246-b33f-5e44130d441c:c5594, 79bffca9-b028-4c53-a657-872ed973be73:c5591, 15654dff-55cd-4f70-96d8-4abf0c061563:c5591]
2019-07-09 15:04:51,270 INFO  client.GrpcClientProtocolClient (GrpcClientProtocolClient.java:onNext(255)) - client-A9DCF8B8BD5B->529edf8e-8eae-4246-b33f-5e44130d441c: receive RaftClientReply:client-A9DCF8B8BD5B->529edf8e-8eae-4246-b33f-5e44130d441c@group-A1CD1332DC7D, cid=3708, SUCCESS, logIndex=5593, commits[529edf8e-8eae-4246-b33f-5e44130d441c:c5595, 79bffca9-b028-4c53-a657-872ed973be73:c5591, 15654dff-55cd-4f70-96d8-4abf0c061563:c5591]
2019-07-09 15:04:51,271 INFO  client.GrpcClientProtocolClient (GrpcClientProtocolClient.java:onNext(255)) - client-A9DCF8B8BD5B->529edf8e-8eae-4246-b33f-5e44130d441c: receive RaftClientReply:client-A9DCF8B8BD5B->529edf8e-8eae-4246-b33f-5e44130d441c@group-A1CD1332DC7D, cid=3709, SUCCESS, logIndex=5594, commits[529edf8e-8eae-4246-b33f-5e44130d441c:c5595, 79bffca9-b028-4c53-a657-872ed973be73:c5591, 15654dff-55cd-4f70-96d8-4abf0c061563:c5591]
2019-07-09 15:04:51,271 INFO  client.GrpcClientProtocolClient (GrpcClientProtocolClient.java:onNext(255)) - client-A9DCF8B8BD5B->529edf8e-8eae-4246-b33f-5e44130d441c: receive RaftClientReply:client-A9DCF8B8BD5B->529edf8e-8eae-4246-b33f-5e44130d441c@group-A1CD1332DC7D, cid=3710, SUCCESS, logIndex=5595, commits[529edf8e-8eae-4246-b33f-5e44130d441c:c5595, 79bffca9-b028-4c53-a657-872ed973be73:c5591, 15654dff-55cd-4f70-96d8-4abf0c061563:c5591]
2019-07-09 15:04:51,273 INFO  client.GrpcClientProtocolClient (GrpcClientProtocolClient.java:onNext(255)) - client-A9DCF8B8BD5B->529edf8e-8eae-4246-b33f-5e44130d441c: receive RaftClientReply:client-A9DCF8B8BD5B->529edf8e-8eae-4246-b33f-5e44130d441c@group-A1CD1332DC7D, cid=3711, SUCCESS, logIndex=0, commits[529edf8e-8eae-4246-b33f-5e44130d441c:c5597, 79bffca9-b028-4c53-a657-872ed973be73:c5594, 15654dff-55cd-4f70-96d8-4abf0c061563:c5594]
2019-07-09 15:04:51,416 INFO  client.GrpcClientProtocolClient (GrpcClientProtocolClient.java:onNext(255)) - client-A9DCF8B8BD5B->529edf8e-8eae-4246-b33f-5e44130d441c: receive RaftClientReply:client-A9DCF8B8BD5B->529edf8e-8eae-4246-b33f-5e44130d441c@group-A1CD1332DC7D, cid=3712, SUCCESS, logIndex=5600, commits[529edf8e-8eae-4246-b33f-5e44130d441c:c5601, 79bffca9-b028-4c53-a657-872ed973be73:c5599, 15654dff-55cd-4f70-96d8-4abf0c061563:c5599]
2019-07-09 15:04:51,417 INFO  client.GrpcClientProtocolClient (GrpcClientProtocolClient.java:onNext(255)) - client-A9DCF8B8BD5B->529edf8e-8eae-4246-b33f-5e44130d441c: receive RaftClientReply:client-A9DCF8B8BD5B->529edf8e-8eae-4246-b33f-5e44130d441c@group-A1CD1332DC7D, cid=3713, SUCCESS, logIndex=5601, commits[529edf8e-8eae-4246-b33f-5e44130d441c:c5601, 79bffca9-b028-4c53-a657-872ed973be73:c5599, 15654dff-55cd-4f70-96d8-4abf0c061563:c5599]
2019-07-09 15:04:51,441 INFO  client.GrpcClientProtocolClient (GrpcClientProtocolClient.java:onNext(255)) - client-A9DCF8B8BD5B->529edf8e-8eae-4246-b33f-5e44130d441c: receive RaftClientReply:client-A9DCF8B8BD5B->529edf8e-8eae-4246-b33f-5e44130d441c@group-A1CD1332DC7D, cid=3714, SUCCESS, logIndex=5604, commits[529edf8e-8eae-4246-b33f-5e44130d441c:c5605, 79bffca9-b028-4c53-a657-872ed973be73:c5600, 15654dff-55cd-4f70-96d8-4abf0c061563:c5601]
2019-07-09 15:04:51,441 INFO  client.GrpcClientProtocolClient (GrpcClientProtocolClient.java:onNext(255)) - client-A9DCF8B8BD5B->529edf8e-8eae-4246-b33f-5e44130d441c: receive RaftClientReply:client-A9DCF8B8BD5B->529edf8e-8eae-4246-b33f-5e44130d441c@group-A1CD1332DC7D, cid=3715, SUCCESS, logIndex=5605, commits[529edf8e-8eae-4246-b33f-5e44130d441c:c5605, 79bffca9-b028-4c53-a657-872ed973be73:c5601, 15654dff-55cd-4f70-96d8-4abf0c061563:c5601]
2019-07-09 15:04:51,444 INFO  client.GrpcClientProtocolClient (GrpcClientProtocolClient.java:onNext(255)) - client-A9DCF8B8BD5B->529edf8e-8eae-4246-b33f-5e44130d441c: receive RaftClientReply:client-A9DCF8B8BD5B->529edf8e-8eae-4246-b33f-5e44130d441c@group-A1CD1332DC7D, cid=3716, SUCCESS, logIndex=0, commits[529edf8e-8eae-4246-b33f-5e44130d441c:c5607, 79bffca9-b028-4c53-a657-872ed973be73:c5605, 15654dff-55cd-4f70-96d8-4abf0c061563:c5605]
2019-07-09 15:04:51,481 INFO  client.GrpcClientProtocolClient (GrpcClientProtocolClient.java:onNext(255)) - client-A9DCF8B8BD5B->529edf8e-8eae-4246-b33f-5e44130d441c: receive RaftClientReply:client-A9DCF8B8BD5B->529edf8e-8eae-4246-b33f-5e44130d441c@group-A1CD1332DC7D, cid=3717, SUCCESS, logIndex=5608, commits[529edf8e-8eae-4246-b33f-5e44130d441c:c5609, 79bffca9-b028-4c53-a657-872ed973be73:c5607, 15654dff-55cd-4f70-96d8-4abf0c061563:c5607]
2019-07-09 15:04:51,481 INFO  client.GrpcClientProtocolClient (GrpcClientProtocolClient.java:onNext(255)) - client-A9DCF8B8BD5B->529edf8e-8eae-4246-b33f-5e44130d441c: receive RaftClientReply:client-A9DCF8B8BD5B->529edf8e-8eae-4246-b33f-5e44130d441c@group-A1CD1332DC7D, cid=3718, SUCCESS, logIndex=5609, commits[529edf8e-8eae-4246-b33f-5e44130d441c:c5611, 79bffca9-b028-4c53-a657-872ed973be73:c5607, 15654dff-55cd-4f70-96d8-4abf0c061563:c5607]
2019-07-09 15:04:51,482 INFO  client.GrpcClientProtocolClient (GrpcClientProtocolClient.java:onNext(255)) - client-A9DCF8B8BD5B->529edf8e-8eae-4246-b33f-5e44130d441c: receive RaftClientReply:client-A9DCF8B8BD5B->529edf8e-8eae-4246-b33f-5e44130d441c@group-A1CD1332DC7D, cid=3719, SUCCESS, logIndex=5610, commits[529edf8e-8eae-4246-b33f-5e44130d441c:c5611, 79bffca9-b028-4c53-a657-872ed973be73:c5607, 15654dff-55cd-4f70-96d8-4abf0c061563:c5607]
2019-07-09 15:04:51,482 INFO  client.GrpcClientProtocolClient (GrpcClientProtocolClient.java:onNext(255)) - client-A9DCF8B8BD5B->529edf8e-8eae-4246-b33f-5e44130d441c: receive RaftClientReply:client-A9DCF8B8BD5B->529edf8e-8eae-4246-b33f-5e44130d441c@group-A1CD1332DC7D, cid=3720, SUCCESS, logIndex=5611, commits[529edf8e-8eae-4246-b33f-5e44130d441c:c5611, 79bffca9-b028-4c53-a657-872ed973be73:c5607, 15654dff-55cd-4f70-96d8-4abf0c061563:c5607]
2019-07-09 15:04:51,484 INFO  client.GrpcClientProtocolClient (GrpcClientProtocolClient.java:onNext(255)) - client-A9DCF8B8BD5B->529edf8e-8eae-4246-b33f-5e44130d441c: receive RaftClientReply:client-A9DCF8B8BD5B->529edf8e-8eae-4246-b33f-5e44130d441c@group-A1CD1332DC7D, cid=3721, SUCCESS, logIndex=0, commits[529edf8e-8eae-4246-b33f-5e44130d441c:c5615, 79bffca9-b028-4c53-a657-872ed973be73:c5611, 15654dff-55cd-4f70-96d8-4abf0c061563:c5610]
2019-07-09 15:04:51,504 INFO  client.GrpcClientProtocolClient (GrpcClientProtocolClient.java:onNext(255)) - client-A9DCF8B8BD5B->529edf8e-8eae-4246-b33f-5e44130d441c: receive RaftClientReply:client-A9DCF8B8BD5B->529edf8e-8eae-4246-b33f-5e44130d441c@group-A1CD1332DC7D, cid=3722, SUCCESS, logIndex=5616, commits[529edf8e-8eae-4246-b33f-5e44130d441c:c5617, 79bffca9-b028-4c53-a657-872ed973be73:c5615, 15654dff-55cd-4f70-96d8-4abf0c061563:c5615]
2019-07-09 15:04:51,504 INFO  client.GrpcClientProtocolClient (GrpcClientProtocolClient.java:onNext(255)) - client-A9DCF8B8BD5B->529edf8e-8eae-4246-b33f-5e44130d441c: receive RaftClientReply:client-A9DCF8B8BD5B->529edf8e-8eae-4246-b33f-5e44130d441c@group-A1CD1332DC7D, cid=3723, SUCCESS, logIndex=5617, commits[529edf8e-8eae-4246-b33f-5e44130d441c:c5617, 79bffca9-b028-4c53-a657-872ed973be73:c5615, 15654dff-55cd-4f70-96d8-4abf0c061563:c5615]
2019-07-09 15:04:51,517 INFO  client.GrpcClientProtocolClient (GrpcClientProtocolClient.java:onNext(255)) - client-A9DCF8B8BD5B->529edf8e-8eae-4246-b33f-5e44130d441c: receive RaftClientReply:client-A9DCF8B8BD5B->529edf8e-8eae-4246-b33f-5e44130d441c@group-A1CD1332DC7D, cid=3724, SUCCESS, logIndex=5620, commits[529edf8e-8eae-4246-b33f-5e44130d441c:c5620, 79bffca9-b028-4c53-a657-872ed973be73:c5617, 15654dff-55cd-4f70-96d8-4abf0c061563:c5617]
2019-07-09 15:04:51,518 INFO  client.GrpcClientProtocolClient (GrpcClientProtocolClient.java:onNext(255)) - client-A9DCF8B8BD5B->529edf8e-8eae-4246-b33f-5e44130d441c: receive RaftClientReply:client-A9DCF8B8BD5B->529edf8e-8eae-4246-b33f-5e44130d441c@group-A1CD1332DC7D, cid=3725, SUCCESS, logIndex=5621, commits[529edf8e-8eae-4246-b33f-5e44130d441c:c5621, 79bffca9-b028-4c53-a657-872ed973be73:c5617, 15654dff-55cd-4f70-96d8-4abf0c061563:c5617]
2019-07-09 15:04:51,530 INFO  client.GrpcClientProtocolClient (GrpcClientProtocolClient.java:onNext(255)) - client-A9DCF8B8BD5B->529edf8e-8eae-4246-b33f-5e44130d441c: receive RaftClientReply:client-A9DCF8B8BD5B->529edf8e-8eae-4246-b33f-5e44130d441c@group-A1CD1332DC7D, cid=3726, SUCCESS, logIndex=0, commits[529edf8e-8eae-4246-b33f-5e44130d441c:c5623, 79bffca9-b028-4c53-a657-872ed973be73:c5621, 15654dff-55cd-4f70-96d8-4abf0c061563:c5621]
2019-07-09 15:04:51,567 INFO  client.GrpcClientProtocolClient (GrpcClientProtocolClient.java:onNext(255)) - client-A9DCF8B8BD5B->529edf8e-8eae-4246-b33f-5e44130d441c: receive RaftClientReply:client-A9DCF8B8BD5B->529edf8e-8eae-4246-b33f-5e44130d441c@group-A1CD1332DC7D, cid=3727, SUCCESS, logIndex=5624, commits[529edf8e-8eae-4246-b33f-5e44130d441c:c5625, 79bffca9-b028-4c53-a657-872ed973be73:c5623, 15654dff-55cd-4f70-96d8-4abf0c061563:c5623]
2019-07-09 15:04:51,567 INFO  client.GrpcClientProtocolClient (GrpcClientProtocolClient.java:onNext(255)) - client-A9DCF8B8BD5B->529edf8e-8eae-4246-b33f-5e44130d441c: receive RaftClientReply:client-A9DCF8B8BD5B->529edf8e-8eae-4246-b33f-5e44130d441c@group-A1CD1332DC7D, cid=3728, SUCCESS, logIndex=5625, commits[529edf8e-8eae-4246-b33f-5e44130d441c:c5627, 79bffca9-b028-4c53-a657-872ed973be73:c5623, 15654dff-55cd-4f70-96d8-4abf0c061563:c5623]
2019-07-09 15:04:51,568 INFO  client.GrpcClientProtocolClient (GrpcClientProtocolClient.java:onNext(255)) - client-A9DCF8B8BD5B->529edf8e-8eae-4246-b33f-5e44130d441c: receive RaftClientReply:client-A9DCF8B8BD5B->529edf8e-8eae-4246-b33f-5e44130d441c@group-A1CD1332DC7D, cid=3729, SUCCESS, logIndex=5626, commits[529edf8e-8eae-4246-b33f-5e44130d441c:c5627, 79bffca9-b028-4c53-a657-872ed973be73:c5623, 15654dff-55cd-4f70-96d8-4abf0c061563:c5623]
2019-07-09 15:04:51,568 INFO  client.GrpcClientProtocolClient (GrpcClientProtocolClient.java:onNext(255)) - client-A9DCF8B8BD5B->529edf8e-8eae-4246-b33f-5e44130d441c: receive RaftClientReply:client-A9DCF8B8BD5B->529edf8e-8eae-4246-b33f-5e44130d441c@group-A1CD1332DC7D, cid=3730, SUCCESS, logIndex=5627, commits[529edf8e-8eae-4246-b33f-5e44130d441c:c5627, 79bffca9-b028-4c53-a657-872ed973be73:c5623, 15654dff-55cd-4f70-96d8-4abf0c061563:c5623]
2019-07-09 15:04:51,578 INFO  client.GrpcClientProtocolClient (GrpcClientProtocolClient.java:onNext(255)) - client-A9DCF8B8BD5B->529edf8e-8eae-4246-b33f-5e44130d441c: receive RaftClientReply:client-A9DCF8B8BD5B->529edf8e-8eae-4246-b33f-5e44130d441c@group-A1CD1332DC7D, cid=3731, SUCCESS, logIndex=0, commits[529edf8e-8eae-4246-b33f-5e44130d441c:c5628, 79bffca9-b028-4c53-a657-872ed973be73:c5625, 15654dff-55cd-4f70-96d8-4abf0c061563:c5625]
2019-07-09 15:04:51,606 INFO  client.GrpcClientProtocolClient (GrpcClientProtocolClient.java:onNext(255)) - client-A9DCF8B8BD5B->529edf8e-8eae-4246-b33f-5e44130d441c: receive RaftClientReply:client-A9DCF8B8BD5B->529edf8e-8eae-4246-b33f-5e44130d441c@group-A1CD1332DC7D, cid=3732, SUCCESS, logIndex=5631, commits[529edf8e-8eae-4246-b33f-5e44130d441c:c5632, 79bffca9-b028-4c53-a657-872ed973be73:c5630, 15654dff-55cd-4f70-96d8-4abf0c061563:c5630]
2019-07-09 15:04:51,606 INFO  client.GrpcClientProtocolClient (GrpcClientProtocolClient.java:onNext(255)) - client-A9DCF8B8BD5B->529edf8e-8eae-4246-b33f-5e44130d441c: receive RaftClientReply:client-A9DCF8B8BD5B->529edf8e-8eae-4246-b33f-5e44130d441c@group-A1CD1332DC7D, cid=3733, SUCCESS, logIndex=5632, commits[529edf8e-8eae-4246-b33f-5e44130d441c:c5632, 79bffca9-b028-4c53-a657-872ed973be73:c5630, 15654dff-55cd-4f70-96d8-4abf0c061563:c5630]
2019-07-09 15:04:51,627 INFO  client.GrpcClientProtocolClient (GrpcClientProtocolClient.java:onNext(255)) - client-A9DCF8B8BD5B->529edf8e-8eae-4246-b33f-5e44130d441c: receive RaftClientReply:client-A9DCF8B8BD5B->529edf8e-8eae-4246-b33f-5e44130d441c@group-A1CD1332DC7D, cid=3734, SUCCESS, logIndex=5635, commits[529edf8e-8eae-4246-b33f-5e44130d441c:c5636, 79bffca9-b028-4c53-a657-872ed973be73:c5634, 15654dff-55cd-4f70-96d8-4abf0c061563:c5634]
2019-07-09 15:04:51,627 INFO  client.GrpcClientProtocolClient (GrpcClientProtocolClient.java:onNext(255)) - client-A9DCF8B8BD5B->529edf8e-8eae-4246-b33f-5e44130d441c: receive RaftClientReply:client-A9DCF8B8BD5B->529edf8e-8eae-4246-b33f-5e44130d441c@group-A1CD1332DC7D, cid=3735, SUCCESS, logIndex=5636, commits[529edf8e-8eae-4246-b33f-5e44130d441c:c5636, 79bffca9-b028-4c53-a657-872ed973be73:c5634, 15654dff-55cd-4f70-96d8-4abf0c061563:c5634]
2019-07-09 15:04:51,638 INFO  client.GrpcClientProtocolClient (GrpcClientProtocolClient.java:onNext(255)) - client-A9DCF8B8BD5B->529edf8e-8eae-4246-b33f-5e44130d441c: receive RaftClientReply:client-A9DCF8B8BD5B->529edf8e-8eae-4246-b33f-5e44130d441c@group-A1CD1332DC7D, cid=3736, SUCCESS, logIndex=0, commits[529edf8e-8eae-4246-b33f-5e44130d441c:c5637, 79bffca9-b028-4c53-a657-872ed973be73:c5636, 15654dff-55cd-4f70-96d8-4abf0c061563:c5636]
2019-07-09 15:04:51,673 INFO  client.GrpcClientProtocolClient (GrpcClientProtocolClient.java:onNext(255)) - client-A9DCF8B8BD5B->529edf8e-8eae-4246-b33f-5e44130d441c: receive RaftClientReply:client-A9DCF8B8BD5B->529edf8e-8eae-4246-b33f-5e44130d441c@group-A1CD1332DC7D, cid=3737, SUCCESS, logIndex=5639, commits[529edf8e-8eae-4246-b33f-5e44130d441c:c5640, 79bffca9-b028-4c53-a657-872ed973be73:c5638, 15654dff-55cd-4f70-96d8-4abf0c061563:c5638]
2019-07-09 15:04:51,674 INFO  client.GrpcClientProtocolClient (GrpcClientProtocolClient.java:onNext(255)) - client-A9DCF8B8BD5B->529edf8e-8eae-4246-b33f-5e44130d441c: receive RaftClientReply:client-A9DCF8B8BD5B->529edf8e-8eae-4246-b33f-5e44130d441c@group-A1CD1332DC7D, cid=3738, SUCCESS, logIndex=5640, commits[529edf8e-8eae-4246-b33f-5e44130d441c:c5640, 79bffca9-b028-4c53-a657-872ed973be73:c5638, 15654dff-55cd-4f70-96d8-4abf0c061563:c5638]
2019-07-09 15:04:51,675 INFO  client.GrpcClientProtocolClient (GrpcClientProtocolClient.java:onNext(255)) - client-A9DCF8B8BD5B->529edf8e-8eae-4246-b33f-5e44130d441c: receive RaftClientReply:client-A9DCF8B8BD5B->529edf8e-8eae-4246-b33f-5e44130d441c@group-A1CD1332DC7D, cid=3739, SUCCESS, logIndex=5641, commits[529edf8e-8eae-4246-b33f-5e44130d441c:c5642, 79bffca9-b028-4c53-a657-872ed973be73:c5638, 15654dff-55cd-4f70-96d8-4abf0c061563:c5638]
2019-07-09 15:04:51,675 INFO  client.GrpcClientProtocolClient (GrpcClientProtocolClient.java:onNext(255)) - client-A9DCF8B8BD5B->529edf8e-8eae-4246-b33f-5e44130d441c: receive RaftClientReply:client-A9DCF8B8BD5B->529edf8e-8eae-4246-b33f-5e44130d441c@group-A1CD1332DC7D, cid=3740, SUCCESS, logIndex=5642, commits[529edf8e-8eae-4246-b33f-5e44130d441c:c5642, 79bffca9-b028-4c53-a657-872ed973be73:c5638, 15654dff-55cd-4f70-96d8-4abf0c061563:c5638]
2019-07-09 15:04:51,676 INFO  client.GrpcClientProtocolClient (GrpcClientProtocolClient.java:onNext(255)) - client-A9DCF8B8BD5B->529edf8e-8eae-4246-b33f-5e44130d441c: receive RaftClientReply:client-A9DCF8B8BD5B->529edf8e-8eae-4246-b33f-5e44130d441c@group-A1CD1332DC7D, cid=3741, SUCCESS, logIndex=0, commits[529edf8e-8eae-4246-b33f-5e44130d441c:c5644, 79bffca9-b028-4c53-a657-872ed973be73:c5640, 15654dff-55cd-4f70-96d8-4abf0c061563:c5640]
2019-07-09 15:04:51,695 INFO  client.GrpcClientProtocolClient (GrpcClientProtocolClient.java:onNext(255)) - client-A9DCF8B8BD5B->529edf8e-8eae-4246-b33f-5e44130d441c: receive RaftClientReply:client-A9DCF8B8BD5B->529edf8e-8eae-4246-b33f-5e44130d441c@group-A1CD1332DC7D, cid=3742, SUCCESS, logIndex=5647, commits[529edf8e-8eae-4246-b33f-5e44130d441c:c5648, 79bffca9-b028-4c53-a657-872ed973be73:c5646, 15654dff-55cd-4f70-96d8-4abf0c061563:c5646]
2019-07-09 15:04:51,696 INFO  client.GrpcClientProtocolClient (GrpcClientProtocolClient.java:onNext(255)) - client-A9DCF8B8BD5B->529edf8e-8eae-4246-b33f-5e44130d441c: receive RaftClientReply:client-A9DCF8B8BD5B->529edf8e-8eae-4246-b33f-5e44130d441c@group-A1CD1332DC7D, cid=3743, SUCCESS, logIndex=5648, commits[529edf8e-8eae-4246-b33f-5e44130d441c:c5648, 79bffca9-b028-4c53-a657-872ed973be73:c5646, 15654dff-55cd-4f70-96d8-4abf0c061563:c5646]
2019-07-09 15:04:51,709 INFO  client.GrpcClientProtocolClient (GrpcClientProtocolClient.java:onNext(255)) - client-A9DCF8B8BD5B->529edf8e-8eae-4246-b33f-5e44130d441c: receive RaftClientReply:client-A9DCF8B8BD5B->529edf8e-8eae-4246-b33f-5e44130d441c@group-A1CD1332DC7D, cid=3744, SUCCESS, logIndex=5651, commits[529edf8e-8eae-4246-b33f-5e44130d441c:c5651, 79bffca9-b028-4c53-a657-872ed973be73:c5648, 15654dff-55cd-4f70-96d8-4abf0c061563:c5648]
2019-07-09 15:04:51,709 INFO  client.GrpcClientProtocolClient (GrpcClientProtocolClient.java:onNext(255)) - client-A9DCF8B8BD5B->529edf8e-8eae-4246-b33f-5e44130d441c: receive RaftClientReply:client-A9DCF8B8BD5B->529edf8e-8eae-4246-b33f-5e44130d441c@group-A1CD1332DC7D, cid=3745, SUCCESS, logIndex=5652, commits[529edf8e-8eae-4246-b33f-5e44130d441c:c5652, 79bffca9-b028-4c53-a657-872ed973be73:c5648, 15654dff-55cd-4f70-96d8-4abf0c061563:c5648]
2019-07-09 15:04:51,720 INFO  client.GrpcClientProtocolClient (GrpcClientProtocolClient.java:onNext(255)) - client-A9DCF8B8BD5B->529edf8e-8eae-4246-b33f-5e44130d441c: receive RaftClientReply:client-A9DCF8B8BD5B->529edf8e-8eae-4246-b33f-5e44130d441c@group-A1CD1332DC7D, cid=3746, SUCCESS, logIndex=0, commits[529edf8e-8eae-4246-b33f-5e44130d441c:c5653, 79bffca9-b028-4c53-a657-872ed973be73:c5652, 15654dff-55cd-4f70-96d8-4abf0c061563:c5652]
2019-07-09 15:04:51,764 INFO  client.GrpcClientProtocolClient (GrpcClientProtocolClient.java:onNext(255)) - client-A9DCF8B8BD5B->529edf8e-8eae-4246-b33f-5e44130d441c: receive RaftClientReply:client-A9DCF8B8BD5B->529edf8e-8eae-4246-b33f-5e44130d441c@group-A1CD1332DC7D, cid=3747, SUCCESS, logIndex=5655, commits[529edf8e-8eae-4246-b33f-5e44130d441c:c5656, 79bffca9-b028-4c53-a657-872ed973be73:c5654, 15654dff-55cd-4f70-96d8-4abf0c061563:c5652]
2019-07-09 15:04:51,764 INFO  client.GrpcClientProtocolClient (GrpcClientProtocolClient.java:onNext(255)) - client-A9DCF8B8BD5B->529edf8e-8eae-4246-b33f-5e44130d441c: receive RaftClientReply:client-A9DCF8B8BD5B->529edf8e-8eae-4246-b33f-5e44130d441c@group-A1CD1332DC7D, cid=3748, SUCCESS, logIndex=5656, commits[529edf8e-8eae-4246-b33f-5e44130d441c:c5656, 79bffca9-b028-4c53-a657-872ed973be73:c5654, 15654dff-55cd-4f70-96d8-4abf0c061563:c5652]
2019-07-09 15:04:51,766 INFO  client.GrpcClientProtocolClient (GrpcClientProtocolClient.java:onNext(255)) - client-A9DCF8B8BD5B->529edf8e-8eae-4246-b33f-5e44130d441c: receive RaftClientReply:client-A9DCF8B8BD5B->529edf8e-8eae-4246-b33f-5e44130d441c@group-A1CD1332DC7D, cid=3749, SUCCESS, logIndex=5657, commits[529edf8e-8eae-4246-b33f-5e44130d441c:c5658, 79bffca9-b028-4c53-a657-872ed973be73:c5654, 15654dff-55cd-4f70-96d8-4abf0c061563:c5654]
2019-07-09 15:04:51,766 INFO  client.GrpcClientProtocolClient (GrpcClientProtocolClient.java:onNext(255)) - client-A9DCF8B8BD5B->529edf8e-8eae-4246-b33f-5e44130d441c: receive RaftClientReply:client-A9DCF8B8BD5B->529edf8e-8eae-4246-b33f-5e44130d441c@group-A1CD1332DC7D, cid=3750, SUCCESS, logIndex=5658, commits[529edf8e-8eae-4246-b33f-5e44130d441c:c5658, 79bffca9-b028-4c53-a657-872ed973be73:c5654, 15654dff-55cd-4f70-96d8-4abf0c061563:c5654]
2019-07-09 15:04:51,767 INFO  client.GrpcClientProtocolClient (GrpcClientProtocolClient.java:onNext(255)) - client-A9DCF8B8BD5B->529edf8e-8eae-4246-b33f-5e44130d441c: receive RaftClientReply:client-A9DCF8B8BD5B->529edf8e-8eae-4246-b33f-5e44130d441c@group-A1CD1332DC7D, cid=3751, SUCCESS, logIndex=0, commits[529edf8e-8eae-4246-b33f-5e44130d441c:c5660, 79bffca9-b028-4c53-a657-872ed973be73:c5656, 15654dff-55cd-4f70-96d8-4abf0c061563:c5656]
2019-07-09 15:04:51,789 INFO  client.GrpcClientProtocolClient (GrpcClientProtocolClient.java:onNext(255)) - client-A9DCF8B8BD5B->529edf8e-8eae-4246-b33f-5e44130d441c: receive RaftClientReply:client-A9DCF8B8BD5B->529edf8e-8eae-4246-b33f-5e44130d441c@group-A1CD1332DC7D, cid=3752, SUCCESS, logIndex=5663, commits[529edf8e-8eae-4246-b33f-5e44130d441c:c5664, 79bffca9-b028-4c53-a657-872ed973be73:c5662, 15654dff-55cd-4f70-96d8-4abf0c061563:c5662]
2019-07-09 15:04:51,789 INFO  client.GrpcClientProtocolClient (GrpcClientProtocolClient.java:onNext(255)) - client-A9DCF8B8BD5B->529edf8e-8eae-4246-b33f-5e44130d441c: receive RaftClientReply:client-A9DCF8B8BD5B->529edf8e-8eae-4246-b33f-5e44130d441c@group-A1CD1332DC7D, cid=3753, SUCCESS, logIndex=5664, commits[529edf8e-8eae-4246-b33f-5e44130d441c:c5664, 79bffca9-b028-4c53-a657-872ed973be73:c5662, 15654dff-55cd-4f70-96d8-4abf0c061563:c5662]
2019-07-09 15:04:51,803 INFO  client.GrpcClientProtocolClient (GrpcClientProtocolClient.java:onNext(255)) - client-A9DCF8B8BD5B->529edf8e-8eae-4246-b33f-5e44130d441c: receive RaftClientReply:client-A9DCF8B8BD5B->529edf8e-8eae-4246-b33f-5e44130d441c@group-A1CD1332DC7D, cid=3754, SUCCESS, logIndex=5667, commits[529edf8e-8eae-4246-b33f-5e44130d441c:c5668, 79bffca9-b028-4c53-a657-872ed973be73:c5664, 15654dff-55cd-4f70-96d8-4abf0c061563:c5663]
2019-07-09 15:04:51,803 INFO  client.GrpcClientProtocolClient (GrpcClientProtocolClient.java:onNext(255)) - client-A9DCF8B8BD5B->529edf8e-8eae-4246-b33f-5e44130d441c: receive RaftClientReply:client-A9DCF8B8BD5B->529edf8e-8eae-4246-b33f-5e44130d441c@group-A1CD1332DC7D, cid=3755, SUCCESS, logIndex=5668, commits[529edf8e-8eae-4246-b33f-5e44130d441c:c5668, 79bffca9-b028-4c53-a657-872ed973be73:c5664, 15654dff-55cd-4f70-96d8-4abf0c061563:c5664]
2019-07-09 15:04:51,804 INFO  client.GrpcClientProtocolClient (GrpcClientProtocolClient.java:onNext(255)) - client-A9DCF8B8BD5B->529edf8e-8eae-4246-b33f-5e44130d441c: receive RaftClientReply:client-A9DCF8B8BD5B->529edf8e-8eae-4246-b33f-5e44130d441c@group-A1CD1332DC7D, cid=3756, SUCCESS, logIndex=0, commits[529edf8e-8eae-4246-b33f-5e44130d441c:c5669, 79bffca9-b028-4c53-a657-872ed973be73:c5668, 15654dff-55cd-4f70-96d8-4abf0c061563:c5668]
2019-07-09 15:04:51,834 INFO  client.GrpcClientProtocolClient (GrpcClientProtocolClient.java:onNext(255)) - client-A9DCF8B8BD5B->529edf8e-8eae-4246-b33f-5e44130d441c: receive RaftClientReply:client-A9DCF8B8BD5B->529edf8e-8eae-4246-b33f-5e44130d441c@group-A1CD1332DC7D, cid=3757, SUCCESS, logIndex=5671, commits[529edf8e-8eae-4246-b33f-5e44130d441c:c5671, 79bffca9-b028-4c53-a657-872ed973be73:c5670, 15654dff-55cd-4f70-96d8-4abf0c061563:c5670]
2019-07-09 15:04:51,834 INFO  client.GrpcClientProtocolClient (GrpcClientProtocolClient.java:onNext(255)) - client-A9DCF8B8BD5B->529edf8e-8eae-4246-b33f-5e44130d441c: receive RaftClientReply:client-A9DCF8B8BD5B->529edf8e-8eae-4246-b33f-5e44130d441c@group-A1CD1332DC7D, cid=3758, SUCCESS, logIndex=5672, commits[529edf8e-8eae-4246-b33f-5e44130d441c:c5674, 79bffca9-b028-4c53-a657-872ed973be73:c5670, 15654dff-55cd-4f70-96d8-4abf0c061563:c5670]
2019-07-09 15:04:51,835 INFO  client.GrpcClientProtocolClient (GrpcClientProtocolClient.java:onNext(255)) - client-A9DCF8B8BD5B->529edf8e-8eae-4246-b33f-5e44130d441c: receive RaftClientReply:client-A9DCF8B8BD5B->529edf8e-8eae-4246-b33f-5e44130d441c@group-A1CD1332DC7D, cid=3759, SUCCESS, logIndex=5673, commits[529edf8e-8eae-4246-b33f-5e44130d441c:c5674, 79bffca9-b028-4c53-a657-872ed973be73:c5670, 15654dff-55cd-4f70-96d8-4abf0c061563:c5670]
2019-07-09 15:04:51,836 INFO  client.GrpcClientProtocolClient (GrpcClientProtocolClient.java:onNext(255)) - client-A9DCF8B8BD5B->529edf8e-8eae-4246-b33f-5e44130d441c: receive RaftClientReply:client-A9DCF8B8BD5B->529edf8e-8eae-4246-b33f-5e44130d441c@group-A1CD1332DC7D, cid=3760, SUCCESS, logIndex=5674, commits[529edf8e-8eae-4246-b33f-5e44130d441c:c5674, 79bffca9-b028-4c53-a657-872ed973be73:c5670, 15654dff-55cd-4f70-96d8-4abf0c061563:c5670]
2019-07-09 15:04:51,837 INFO  client.GrpcClientProtocolClient (GrpcClientProtocolClient.java:onNext(255)) - client-A9DCF8B8BD5B->529edf8e-8eae-4246-b33f-5e44130d441c: receive RaftClientReply:client-A9DCF8B8BD5B->529edf8e-8eae-4246-b33f-5e44130d441c@group-A1CD1332DC7D, cid=3761, SUCCESS, logIndex=0, commits[529edf8e-8eae-4246-b33f-5e44130d441c:c5677, 79bffca9-b028-4c53-a657-872ed973be73:c5673, 15654dff-55cd-4f70-96d8-4abf0c061563:c5674]
2019-07-09 15:04:51,862 INFO  client.GrpcClientProtocolClient (GrpcClientProtocolClient.java:onNext(255)) - client-A9DCF8B8BD5B->529edf8e-8eae-4246-b33f-5e44130d441c: receive RaftClientReply:client-A9DCF8B8BD5B->529edf8e-8eae-4246-b33f-5e44130d441c@group-A1CD1332DC7D, cid=3762, SUCCESS, logIndex=5678, commits[529edf8e-8eae-4246-b33f-5e44130d441c:c5679, 79bffca9-b028-4c53-a657-872ed973be73:c5677, 15654dff-55cd-4f70-96d8-4abf0c061563:c5677]
2019-07-09 15:04:51,863 INFO  client.GrpcClientProtocolClient (GrpcClientProtocolClient.java:onNext(255)) - client-A9DCF8B8BD5B->529edf8e-8eae-4246-b33f-5e44130d441c: receive RaftClientReply:client-A9DCF8B8BD5B->529edf8e-8eae-4246-b33f-5e44130d441c@group-A1CD1332DC7D, cid=3763, SUCCESS, logIndex=5679, commits[529edf8e-8eae-4246-b33f-5e44130d441c:c5679, 79bffca9-b028-4c53-a657-872ed973be73:c5677, 15654dff-55cd-4f70-96d8-4abf0c061563:c5677]
2019-07-09 15:04:51,887 INFO  client.GrpcClientProtocolClient (GrpcClientProtocolClient.java:onNext(255)) - client-A9DCF8B8BD5B->529edf8e-8eae-4246-b33f-5e44130d441c: receive RaftClientReply:client-A9DCF8B8BD5B->529edf8e-8eae-4246-b33f-5e44130d441c@group-A1CD1332DC7D, cid=3764, SUCCESS, logIndex=5682, commits[529edf8e-8eae-4246-b33f-5e44130d441c:c5683, 79bffca9-b028-4c53-a657-872ed973be73:c5679, 15654dff-55cd-4f70-96d8-4abf0c061563:c5679]
2019-07-09 15:04:51,887 INFO  client.GrpcClientProtocolClient (GrpcClientProtocolClient.java:onNext(255)) - client-A9DCF8B8BD5B->529edf8e-8eae-4246-b33f-5e44130d441c: receive RaftClientReply:client-A9DCF8B8BD5B->529edf8e-8eae-4246-b33f-5e44130d441c@group-A1CD1332DC7D, cid=3765, SUCCESS, logIndex=5683, commits[529edf8e-8eae-4246-b33f-5e44130d441c:c5683, 79bffca9-b028-4c53-a657-872ed973be73:c5679, 15654dff-55cd-4f70-96d8-4abf0c061563:c5679]
2019-07-09 15:04:51,888 INFO  client.GrpcClientProtocolClient (GrpcClientProtocolClient.java:onNext(255)) - client-A9DCF8B8BD5B->529edf8e-8eae-4246-b33f-5e44130d441c: receive RaftClientReply:client-A9DCF8B8BD5B->529edf8e-8eae-4246-b33f-5e44130d441c@group-A1CD1332DC7D, cid=3766, SUCCESS, logIndex=0, commits[529edf8e-8eae-4246-b33f-5e44130d441c:c5684, 79bffca9-b028-4c53-a657-872ed973be73:c5683, 15654dff-55cd-4f70-96d8-4abf0c061563:c5683]
2019-07-09 15:04:51,921 INFO  client.GrpcClientProtocolClient (GrpcClientProtocolClient.java:onNext(255)) - client-A9DCF8B8BD5B->529edf8e-8eae-4246-b33f-5e44130d441c: receive RaftClientReply:client-A9DCF8B8BD5B->529edf8e-8eae-4246-b33f-5e44130d441c@group-A1CD1332DC7D, cid=3767, SUCCESS, logIndex=5686, commits[529edf8e-8eae-4246-b33f-5e44130d441c:c5687, 79bffca9-b028-4c53-a657-872ed973be73:c5685, 15654dff-55cd-4f70-96d8-4abf0c061563:c5685]
2019-07-09 15:04:51,921 INFO  client.GrpcClientProtocolClient (GrpcClientProtocolClient.java:onNext(255)) - client-A9DCF8B8BD5B->529edf8e-8eae-4246-b33f-5e44130d441c: receive RaftClientReply:client-A9DCF8B8BD5B->529edf8e-8eae-4246-b33f-5e44130d441c@group-A1CD1332DC7D, cid=3768, SUCCESS, logIndex=5687, commits[529edf8e-8eae-4246-b33f-5e44130d441c:c5687, 79bffca9-b028-4c53-a657-872ed973be73:c5685, 15654dff-55cd-4f70-96d8-4abf0c061563:c5685]
2019-07-09 15:04:51,922 INFO  client.GrpcClientProtocolClient (GrpcClientProtocolClient.java:onNext(255)) - client-A9DCF8B8BD5B->529edf8e-8eae-4246-b33f-5e44130d441c: receive RaftClientReply:client-A9DCF8B8BD5B->529edf8e-8eae-4246-b33f-5e44130d441c@group-A1CD1332DC7D, cid=3769, SUCCESS, logIndex=5688, commits[529edf8e-8eae-4246-b33f-5e44130d441c:c5689, 79bffca9-b028-4c53-a657-872ed973be73:c5685, 15654dff-55cd-4f70-96d8-4abf0c061563:c5685]
2019-07-09 15:04:51,922 INFO  client.GrpcClientProtocolClient (GrpcClientProtocolClient.java:onNext(255)) - client-A9DCF8B8BD5B->529edf8e-8eae-4246-b33f-5e44130d441c: receive RaftClientReply:client-A9DCF8B8BD5B->529edf8e-8eae-4246-b33f-5e44130d441c@group-A1CD1332DC7D, cid=3770, SUCCESS, logIndex=5689, commits[529edf8e-8eae-4246-b33f-5e44130d441c:c5689, 79bffca9-b028-4c53-a657-872ed973be73:c5685, 15654dff-55cd-4f70-96d8-4abf0c061563:c5685]
2019-07-09 15:04:51,923 INFO  client.GrpcClientProtocolClient (GrpcClientProtocolClient.java:onNext(255)) - client-A9DCF8B8BD5B->529edf8e-8eae-4246-b33f-5e44130d441c: receive RaftClientReply:client-A9DCF8B8BD5B->529edf8e-8eae-4246-b33f-5e44130d441c@group-A1CD1332DC7D, cid=3771, SUCCESS, logIndex=0, commits[529edf8e-8eae-4246-b33f-5e44130d441c:c5691, 79bffca9-b028-4c53-a657-872ed973be73:c5687, 15654dff-55cd-4f70-96d8-4abf0c061563:c5687]
2019-07-09 15:04:51,944 INFO  client.GrpcClientProtocolClient (GrpcClientProtocolClient.java:onNext(255)) - client-A9DCF8B8BD5B->529edf8e-8eae-4246-b33f-5e44130d441c: receive RaftClientReply:client-A9DCF8B8BD5B->529edf8e-8eae-4246-b33f-5e44130d441c@group-A1CD1332DC7D, cid=3772, SUCCESS, logIndex=5694, commits[529edf8e-8eae-4246-b33f-5e44130d441c:c5695, 79bffca9-b028-4c53-a657-872ed973be73:c5693, 15654dff-55cd-4f70-96d8-4abf0c061563:c5693]
2019-07-09 15:04:51,944 INFO  client.GrpcClientProtocolClient (GrpcClientProtocolClient.java:onNext(255)) - client-A9DCF8B8BD5B->529edf8e-8eae-4246-b33f-5e44130d441c: receive RaftClientReply:client-A9DCF8B8BD5B->529edf8e-8eae-4246-b33f-5e44130d441c@group-A1CD1332DC7D, cid=3773, SUCCESS, logIndex=5695, commits[529edf8e-8eae-4246-b33f-5e44130d441c:c5695, 79bffca9-b028-4c53-a657-872ed973be73:c5693, 15654dff-55cd-4f70-96d8-4abf0c061563:c5693]
2019-07-09 15:04:51,958 INFO  client.GrpcClientProtocolClient (GrpcClientProtocolClient.java:onNext(255)) - client-A9DCF8B8BD5B->529edf8e-8eae-4246-b33f-5e44130d441c: receive RaftClientReply:client-A9DCF8B8BD5B->529edf8e-8eae-4246-b33f-5e44130d441c@group-A1CD1332DC7D, cid=3774, SUCCESS, logIndex=5698, commits[529edf8e-8eae-4246-b33f-5e44130d441c:c5699, 79bffca9-b028-4c53-a657-872ed973be73:c5695, 15654dff-55cd-4f70-96d8-4abf0c061563:c5695]
2019-07-09 15:04:51,958 INFO  client.GrpcClientProtocolClient (GrpcClientProtocolClient.java:onNext(255)) - client-A9DCF8B8BD5B->529edf8e-8eae-4246-b33f-5e44130d441c: receive RaftClientReply:client-A9DCF8B8BD5B->529edf8e-8eae-4246-b33f-5e44130d441c@group-A1CD1332DC7D, cid=3775, SUCCESS, logIndex=5699, commits[529edf8e-8eae-4246-b33f-5e44130d441c:c5699, 79bffca9-b028-4c53-a657-872ed973be73:c5695, 15654dff-55cd-4f70-96d8-4abf0c061563:c5695]
2019-07-09 15:04:51,969 INFO  client.GrpcClientProtocolClient (GrpcClientProtocolClient.java:onNext(255)) - client-A9DCF8B8BD5B->529edf8e-8eae-4246-b33f-5e44130d441c: receive RaftClientReply:client-A9DCF8B8BD5B->529edf8e-8eae-4246-b33f-5e44130d441c@group-A1CD1332DC7D, cid=3776, SUCCESS, logIndex=0, commits[529edf8e-8eae-4246-b33f-5e44130d441c:c5699, 79bffca9-b028-4c53-a657-872ed973be73:c5699, 15654dff-55cd-4f70-96d8-4abf0c061563:c5699]
2019-07-09 15:04:51,996 INFO  client.GrpcClientProtocolClient (GrpcClientProtocolClient.java:onNext(255)) - client-A9DCF8B8BD5B->529edf8e-8eae-4246-b33f-5e44130d441c: receive RaftClientReply:client-A9DCF8B8BD5B->529edf8e-8eae-4246-b33f-5e44130d441c@group-A1CD1332DC7D, cid=3777, SUCCESS, logIndex=5702, commits[529edf8e-8eae-4246-b33f-5e44130d441c:c5704, 79bffca9-b028-4c53-a657-872ed973be73:c5701, 15654dff-55cd-4f70-96d8-4abf0c061563:c5701]
2019-07-09 15:04:51,997 INFO  client.GrpcClientProtocolClient (GrpcClientProtocolClient.java:onNext(255)) - client-A9DCF8B8BD5B->529edf8e-8eae-4246-b33f-5e44130d441c: receive RaftClientReply:client-A9DCF8B8BD5B->529edf8e-8eae-4246-b33f-5e44130d441c@group-A1CD1332DC7D, cid=3778, SUCCESS, logIndex=5703, commits[529edf8e-8eae-4246-b33f-5e44130d441c:c5705, 79bffca9-b028-4c53-a657-872ed973be73:c5701, 15654dff-55cd-4f70-96d8-4abf0c061563:c5701]
2019-07-09 15:04:51,997 INFO  client.GrpcClientProtocolClient (GrpcClientProtocolClient.java:onNext(255)) - client-A9DCF8B8BD5B->529edf8e-8eae-4246-b33f-5e44130d441c: receive RaftClientReply:client-A9DCF8B8BD5B->529edf8e-8eae-4246-b33f-5e44130d441c@group-A1CD1332DC7D, cid=3779, SUCCESS, logIndex=5704, commits[529edf8e-8eae-4246-b33f-5e44130d441c:c5705, 79bffca9-b028-4c53-a657-872ed973be73:c5701, 15654dff-55cd-4f70-96d8-4abf0c061563:c5701]
2019-07-09 15:04:51,997 INFO  client.GrpcClientProtocolClient (GrpcClientProtocolClient.java:onNext(255)) - client-A9DCF8B8BD5B->529edf8e-8eae-4246-b33f-5e44130d441c: receive RaftClientReply:client-A9DCF8B8BD5B->529edf8e-8eae-4246-b33f-5e44130d441c@group-A1CD1332DC7D, cid=3780, SUCCESS, logIndex=5705, commits[529edf8e-8eae-4246-b33f-5e44130d441c:c5705, 79bffca9-b028-4c53-a657-872ed973be73:c5701, 15654dff-55cd-4f70-96d8-4abf0c061563:c5701]
2019-07-09 15:04:51,999 INFO  client.GrpcClientProtocolClient (GrpcClientProtocolClient.java:onNext(255)) - client-A9DCF8B8BD5B->529edf8e-8eae-4246-b33f-5e44130d441c: receive RaftClientReply:client-A9DCF8B8BD5B->529edf8e-8eae-4246-b33f-5e44130d441c@group-A1CD1332DC7D, cid=3781, SUCCESS, logIndex=0, commits[529edf8e-8eae-4246-b33f-5e44130d441c:c5708, 79bffca9-b028-4c53-a657-872ed973be73:c5703, 15654dff-55cd-4f70-96d8-4abf0c061563:c5704]
2019-07-09 15:04:52,018 INFO  client.GrpcClientProtocolClient (GrpcClientProtocolClient.java:onNext(255)) - client-A9DCF8B8BD5B->529edf8e-8eae-4246-b33f-5e44130d441c: receive RaftClientReply:client-A9DCF8B8BD5B->529edf8e-8eae-4246-b33f-5e44130d441c@group-A1CD1332DC7D, cid=3782, SUCCESS, logIndex=5710, commits[529edf8e-8eae-4246-b33f-5e44130d441c:c5711, 79bffca9-b028-4c53-a657-872ed973be73:c5709, 15654dff-55cd-4f70-96d8-4abf0c061563:c5709]
2019-07-09 15:04:52,018 INFO  client.GrpcClientProtocolClient (GrpcClientProtocolClient.java:onNext(255)) - client-A9DCF8B8BD5B->529edf8e-8eae-4246-b33f-5e44130d441c: receive RaftClientReply:client-A9DCF8B8BD5B->529edf8e-8eae-4246-b33f-5e44130d441c@group-A1CD1332DC7D, cid=3783, SUCCESS, logIndex=5711, commits[529edf8e-8eae-4246-b33f-5e44130d441c:c5711, 79bffca9-b028-4c53-a657-872ed973be73:c5709, 15654dff-55cd-4f70-96d8-4abf0c061563:c5709]
2019-07-09 15:04:52,031 INFO  client.GrpcClientProtocolClient (GrpcClientProtocolClient.java:onNext(255)) - client-A9DCF8B8BD5B->529edf8e-8eae-4246-b33f-5e44130d441c: receive RaftClientReply:client-A9DCF8B8BD5B->529edf8e-8eae-4246-b33f-5e44130d441c@group-A1CD1332DC7D, cid=3784, SUCCESS, logIndex=5714, commits[529edf8e-8eae-4246-b33f-5e44130d441c:c5715, 79bffca9-b028-4c53-a657-872ed973be73:c5711, 15654dff-55cd-4f70-96d8-4abf0c061563:c5711]
2019-07-09 15:04:52,031 INFO  client.GrpcClientProtocolClient (GrpcClientProtocolClient.java:onNext(255)) - client-A9DCF8B8BD5B->529edf8e-8eae-4246-b33f-5e44130d441c: receive RaftClientReply:client-A9DCF8B8BD5B->529edf8e-8eae-4246-b33f-5e44130d441c@group-A1CD1332DC7D, cid=3785, SUCCESS, logIndex=5715, commits[529edf8e-8eae-4246-b33f-5e44130d441c:c5715, 79bffca9-b028-4c53-a657-872ed973be73:c5711, 15654dff-55cd-4f70-96d8-4abf0c061563:c5711]
2019-07-09 15:04:52,044 INFO  client.GrpcClientProtocolClient (GrpcClientProtocolClient.java:onNext(255)) - client-A9DCF8B8BD5B->529edf8e-8eae-4246-b33f-5e44130d441c: receive RaftClientReply:client-A9DCF8B8BD5B->529edf8e-8eae-4246-b33f-5e44130d441c@group-A1CD1332DC7D, cid=3786, SUCCESS, logIndex=0, commits[529edf8e-8eae-4246-b33f-5e44130d441c:c5717, 79bffca9-b028-4c53-a657-872ed973be73:c5715, 15654dff-55cd-4f70-96d8-4abf0c061563:c5715]
2019-07-09 15:04:52,073 INFO  client.GrpcClientProtocolClient (GrpcClientProtocolClient.java:onNext(255)) - client-A9DCF8B8BD5B->529edf8e-8eae-4246-b33f-5e44130d441c: receive RaftClientReply:client-A9DCF8B8BD5B->529edf8e-8eae-4246-b33f-5e44130d441c@group-A1CD1332DC7D, cid=3787, SUCCESS, logIndex=5718, commits[529edf8e-8eae-4246-b33f-5e44130d441c:c5720, 79bffca9-b028-4c53-a657-872ed973be73:c5717, 15654dff-55cd-4f70-96d8-4abf0c061563:c5717]
2019-07-09 15:04:52,074 INFO  client.GrpcClientProtocolClient (GrpcClientProtocolClient.java:onNext(255)) - client-A9DCF8B8BD5B->529edf8e-8eae-4246-b33f-5e44130d441c: receive RaftClientReply:client-A9DCF8B8BD5B->529edf8e-8eae-4246-b33f-5e44130d441c@group-A1CD1332DC7D, cid=3788, SUCCESS, logIndex=5719, commits[529edf8e-8eae-4246-b33f-5e44130d441c:c5721, 79bffca9-b028-4c53-a657-872ed973be73:c5717, 15654dff-55cd-4f70-96d8-4abf0c061563:c5717]
2019-07-09 15:04:52,074 INFO  client.GrpcClientProtocolClient (GrpcClientProtocolClient.java:onNext(255)) - client-A9DCF8B8BD5B->529edf8e-8eae-4246-b33f-5e44130d441c: receive RaftClientReply:client-A9DCF8B8BD5B->529edf8e-8eae-4246-b33f-5e44130d441c@group-A1CD1332DC7D, cid=3789, SUCCESS, logIndex=5720, commits[529edf8e-8eae-4246-b33f-5e44130d441c:c5721, 79bffca9-b028-4c53-a657-872ed973be73:c5717, 15654dff-55cd-4f70-96d8-4abf0c061563:c5717]
2019-07-09 15:04:52,074 INFO  client.GrpcClientProtocolClient (GrpcClientProtocolClient.java:onNext(255)) - client-A9DCF8B8BD5B->529edf8e-8eae-4246-b33f-5e44130d441c: receive RaftClientReply:client-A9DCF8B8BD5B->529edf8e-8eae-4246-b33f-5e44130d441c@group-A1CD1332DC7D, cid=3790, SUCCESS, logIndex=5721, commits[529edf8e-8eae-4246-b33f-5e44130d441c:c5721, 79bffca9-b028-4c53-a657-872ed973be73:c5717, 15654dff-55cd-4f70-96d8-4abf0c061563:c5717]
2019-07-09 15:04:52,075 INFO  client.GrpcClientProtocolClient (GrpcClientProtocolClient.java:onNext(255)) - client-A9DCF8B8BD5B->529edf8e-8eae-4246-b33f-5e44130d441c: receive RaftClientReply:client-A9DCF8B8BD5B->529edf8e-8eae-4246-b33f-5e44130d441c@group-A1CD1332DC7D, cid=3791, SUCCESS, logIndex=0, commits[529edf8e-8eae-4246-b33f-5e44130d441c:c5723, 79bffca9-b028-4c53-a657-872ed973be73:c5720, 15654dff-55cd-4f70-96d8-4abf0c061563:c5719]
2019-07-09 15:04:52,095 INFO  client.GrpcClientProtocolClient (GrpcClientProtocolClient.java:onNext(255)) - client-A9DCF8B8BD5B->529edf8e-8eae-4246-b33f-5e44130d441c: receive RaftClientReply:client-A9DCF8B8BD5B->529edf8e-8eae-4246-b33f-5e44130d441c@group-A1CD1332DC7D, cid=3792, SUCCESS, logIndex=5726, commits[529edf8e-8eae-4246-b33f-5e44130d441c:c5727, 79bffca9-b028-4c53-a657-872ed973be73:c5725, 15654dff-55cd-4f70-96d8-4abf0c061563:c5725]
2019-07-09 15:04:52,095 INFO  client.GrpcClientProtocolClient (GrpcClientProtocolClient.java:onNext(255)) - client-A9DCF8B8BD5B->529edf8e-8eae-4246-b33f-5e44130d441c: receive RaftClientReply:client-A9DCF8B8BD5B->529edf8e-8eae-4246-b33f-5e44130d441c@group-A1CD1332DC7D, cid=3793, SUCCESS, logIndex=5727, commits[529edf8e-8eae-4246-b33f-5e44130d441c:c5727, 79bffca9-b028-4c53-a657-872ed973be73:c5725, 15654dff-55cd-4f70-96d8-4abf0c061563:c5725]
 0.00% |█                                                                                                    |  0/1 Time: 0:00:342019-07-09 15:04:52,120 INFO  client.GrpcClientProtocolClient (GrpcClientProtocolClient.java:onNext(255)) - client-A9DCF8B8BD5B->529edf8e-8eae-4246-b33f-5e44130d441c: receive RaftClientReply:client-A9DCF8B8BD5B->529edf8e-8eae-4246-b33f-5e44130d441c@group-A1CD1332DC7D, cid=3794, SUCCESS, logIndex=5730, commits[529edf8e-8eae-4246-b33f-5e44130d441c:c5731, 79bffca9-b028-4c53-a657-872ed973be73:c5727, 15654dff-55cd-4f70-96d8-4abf0c061563:c5727]
2019-07-09 15:04:52,120 INFO  client.GrpcClientProtocolClient (GrpcClientProtocolClient.java:onNext(255)) - client-A9DCF8B8BD5B->529edf8e-8eae-4246-b33f-5e44130d441c: receive RaftClientReply:client-A9DCF8B8BD5B->529edf8e-8eae-4246-b33f-5e44130d441c@group-A1CD1332DC7D, cid=3795, SUCCESS, logIndex=5731, commits[529edf8e-8eae-4246-b33f-5e44130d441c:c5731, 79bffca9-b028-4c53-a657-872ed973be73:c5727, 15654dff-55cd-4f70-96d8-4abf0c061563:c5727]
2019-07-09 15:04:52,128 INFO  client.GrpcClientProtocolClient (GrpcClientProtocolClient.java:onNext(255)) - client-A9DCF8B8BD5B->529edf8e-8eae-4246-b33f-5e44130d441c: receive RaftClientReply:client-A9DCF8B8BD5B->529edf8e-8eae-4246-b33f-5e44130d441c@group-A1CD1332DC7D, cid=3796, SUCCESS, logIndex=0, commits[529edf8e-8eae-4246-b33f-5e44130d441c:c5733, 79bffca9-b028-4c53-a657-872ed973be73:c5731, 15654dff-55cd-4f70-96d8-4abf0c061563:c5731]
2019-07-09 15:04:52,159 INFO  client.GrpcClientProtocolClient (GrpcClientProtocolClient.java:onNext(255)) - client-A9DCF8B8BD5B->529edf8e-8eae-4246-b33f-5e44130d441c: receive RaftClientReply:client-A9DCF8B8BD5B->529edf8e-8eae-4246-b33f-5e44130d441c@group-A1CD1332DC7D, cid=3797, SUCCESS, logIndex=5734, commits[529edf8e-8eae-4246-b33f-5e44130d441c:c5735, 79bffca9-b028-4c53-a657-872ed973be73:c5733, 15654dff-55cd-4f70-96d8-4abf0c061563:c5733]
2019-07-09 15:04:52,160 INFO  client.GrpcClientProtocolClient (GrpcClientProtocolClient.java:onNext(255)) - client-A9DCF8B8BD5B->529edf8e-8eae-4246-b33f-5e44130d441c: receive RaftClientReply:client-A9DCF8B8BD5B->529edf8e-8eae-4246-b33f-5e44130d441c@group-A1CD1332DC7D, cid=3798, SUCCESS, logIndex=5735, commits[529edf8e-8eae-4246-b33f-5e44130d441c:c5737, 79bffca9-b028-4c53-a657-872ed973be73:c5733, 15654dff-55cd-4f70-96d8-4abf0c061563:c5733]
2019-07-09 15:04:52,160 INFO  client.GrpcClientProtocolClient (GrpcClientProtocolClient.java:onNext(255)) - client-A9DCF8B8BD5B->529edf8e-8eae-4246-b33f-5e44130d441c: receive RaftClientReply:client-A9DCF8B8BD5B->529edf8e-8eae-4246-b33f-5e44130d441c@group-A1CD1332DC7D, cid=3799, SUCCESS, logIndex=5736, commits[529edf8e-8eae-4246-b33f-5e44130d441c:c5737, 79bffca9-b028-4c53-a657-872ed973be73:c5733, 15654dff-55cd-4f70-96d8-4abf0c061563:c5733]
2019-07-09 15:04:52,161 INFO  client.GrpcClientProtocolClient (GrpcClientProtocolClient.java:onNext(255)) - client-A9DCF8B8BD5B->529edf8e-8eae-4246-b33f-5e44130d441c: receive RaftClientReply:client-A9DCF8B8BD5B->529edf8e-8eae-4246-b33f-5e44130d441c@group-A1CD1332DC7D, cid=3800, SUCCESS, logIndex=5737, commits[529edf8e-8eae-4246-b33f-5e44130d441c:c5737, 79bffca9-b028-4c53-a657-872ed973be73:c5733, 15654dff-55cd-4f70-96d8-4abf0c061563:c5733]
2019-07-09 15:04:52,162 INFO  client.GrpcClientProtocolClient (GrpcClientProtocolClient.java:onNext(255)) - client-A9DCF8B8BD5B->529edf8e-8eae-4246-b33f-5e44130d441c: receive RaftClientReply:client-A9DCF8B8BD5B->529edf8e-8eae-4246-b33f-5e44130d441c@group-A1CD1332DC7D, cid=3801, SUCCESS, logIndex=0, commits[529edf8e-8eae-4246-b33f-5e44130d441c:c5740, 79bffca9-b028-4c53-a657-872ed973be73:c5737, 15654dff-55cd-4f70-96d8-4abf0c061563:c5735]
2019-07-09 15:04:52,187 INFO  client.GrpcClientProtocolClient (GrpcClientProtocolClient.java:onNext(255)) - client-A9DCF8B8BD5B->529edf8e-8eae-4246-b33f-5e44130d441c: receive RaftClientReply:client-A9DCF8B8BD5B->529edf8e-8eae-4246-b33f-5e44130d441c@group-A1CD1332DC7D, cid=3802, SUCCESS, logIndex=5741, commits[529edf8e-8eae-4246-b33f-5e44130d441c:c5742, 79bffca9-b028-4c53-a657-872ed973be73:c5740, 15654dff-55cd-4f70-96d8-4abf0c061563:c5740]
2019-07-09 15:04:52,187 INFO  client.GrpcClientProtocolClient (GrpcClientProtocolClient.java:onNext(255)) - client-A9DCF8B8BD5B->529edf8e-8eae-4246-b33f-5e44130d441c: receive RaftClientReply:client-A9DCF8B8BD5B->529edf8e-8eae-4246-b33f-5e44130d441c@group-A1CD1332DC7D, cid=3803, SUCCESS, logIndex=5742, commits[529edf8e-8eae-4246-b33f-5e44130d441c:c5742, 79bffca9-b028-4c53-a657-872ed973be73:c5740, 15654dff-55cd-4f70-96d8-4abf0c061563:c5740]
2019-07-09 15:04:52,328 INFO  client.GrpcClientProtocolClient (GrpcClientProtocolClient.java:onNext(255)) - client-A9DCF8B8BD5B->529edf8e-8eae-4246-b33f-5e44130d441c: receive RaftClientReply:client-A9DCF8B8BD5B->529edf8e-8eae-4246-b33f-5e44130d441c@group-A1CD1332DC7D, cid=3804, SUCCESS, logIndex=5745, commits[529edf8e-8eae-4246-b33f-5e44130d441c:c5746, 79bffca9-b028-4c53-a657-872ed973be73:c5742, 15654dff-55cd-4f70-96d8-4abf0c061563:c5742]
2019-07-09 15:04:52,328 INFO  client.GrpcClientProtocolClient (GrpcClientProtocolClient.java:onNext(255)) - client-A9DCF8B8BD5B->529edf8e-8eae-4246-b33f-5e44130d441c: receive RaftClientReply:client-A9DCF8B8BD5B->529edf8e-8eae-4246-b33f-5e44130d441c@group-A1CD1332DC7D, cid=3805, SUCCESS, logIndex=5746, commits[529edf8e-8eae-4246-b33f-5e44130d441c:c5746, 79bffca9-b028-4c53-a657-872ed973be73:c5742, 15654dff-55cd-4f70-96d8-4abf0c061563:c5742]
2019-07-09 15:04:52,331 INFO  client.GrpcClientProtocolClient (GrpcClientProtocolClient.java:onNext(255)) - client-A9DCF8B8BD5B->529edf8e-8eae-4246-b33f-5e44130d441c: receive RaftClientReply:client-A9DCF8B8BD5B->529edf8e-8eae-4246-b33f-5e44130d441c@group-A1CD1332DC7D, cid=3806, SUCCESS, logIndex=0, commits[529edf8e-8eae-4246-b33f-5e44130d441c:c5747, 79bffca9-b028-4c53-a657-872ed973be73:c5746, 15654dff-55cd-4f70-96d8-4abf0c061563:c5746]
2019-07-09 15:04:52,363 INFO  client.GrpcClientProtocolClient (GrpcClientProtocolClient.java:onNext(255)) - client-A9DCF8B8BD5B->529edf8e-8eae-4246-b33f-5e44130d441c: receive RaftClientReply:client-A9DCF8B8BD5B->529edf8e-8eae-4246-b33f-5e44130d441c@group-A1CD1332DC7D, cid=3807, SUCCESS, logIndex=5749, commits[529edf8e-8eae-4246-b33f-5e44130d441c:c5750, 79bffca9-b028-4c53-a657-872ed973be73:c5748, 15654dff-55cd-4f70-96d8-4abf0c061563:c5748]
2019-07-09 15:04:52,364 INFO  client.GrpcClientProtocolClient (GrpcClientProtocolClient.java:onNext(255)) - client-A9DCF8B8BD5B->529edf8e-8eae-4246-b33f-5e44130d441c: receive RaftClientReply:client-A9DCF8B8BD5B->529edf8e-8eae-4246-b33f-5e44130d441c@group-A1CD1332DC7D, cid=3808, SUCCESS, logIndex=5750, commits[529edf8e-8eae-4246-b33f-5e44130d441c:c5752, 79bffca9-b028-4c53-a657-872ed973be73:c5748, 15654dff-55cd-4f70-96d8-4abf0c061563:c5748]
2019-07-09 15:04:52,364 INFO  client.GrpcClientProtocolClient (GrpcClientProtocolClient.java:onNext(255)) - client-A9DCF8B8BD5B->529edf8e-8eae-4246-b33f-5e44130d441c: receive RaftClientReply:client-A9DCF8B8BD5B->529edf8e-8eae-4246-b33f-5e44130d441c@group-A1CD1332DC7D, cid=3809, SUCCESS, logIndex=5751, commits[529edf8e-8eae-4246-b33f-5e44130d441c:c5752, 79bffca9-b028-4c53-a657-872ed973be73:c5748, 15654dff-55cd-4f70-96d8-4abf0c061563:c5748]
2019-07-09 15:04:52,364 INFO  client.GrpcClientProtocolClient (GrpcClientProtocolClient.java:onNext(255)) - client-A9DCF8B8BD5B->529edf8e-8eae-4246-b33f-5e44130d441c: receive RaftClientReply:client-A9DCF8B8BD5B->529edf8e-8eae-4246-b33f-5e44130d441c@group-A1CD1332DC7D, cid=3810, SUCCESS, logIndex=5752, commits[529edf8e-8eae-4246-b33f-5e44130d441c:c5752, 79bffca9-b028-4c53-a657-872ed973be73:c5748, 15654dff-55cd-4f70-96d8-4abf0c061563:c5748]
2019-07-09 15:04:52,366 INFO  client.GrpcClientProtocolClient (GrpcClientProtocolClient.java:onNext(255)) - client-A9DCF8B8BD5B->529edf8e-8eae-4246-b33f-5e44130d441c: receive RaftClientReply:client-A9DCF8B8BD5B->529edf8e-8eae-4246-b33f-5e44130d441c@group-A1CD1332DC7D, cid=3811, SUCCESS, logIndex=0, commits[529edf8e-8eae-4246-b33f-5e44130d441c:c5754, 79bffca9-b028-4c53-a657-872ed973be73:c5752, 15654dff-55cd-4f70-96d8-4abf0c061563:c5750]
2019-07-09 15:04:52,390 INFO  client.GrpcClientProtocolClient (GrpcClientProtocolClient.java:onNext(255)) - client-A9DCF8B8BD5B->529edf8e-8eae-4246-b33f-5e44130d441c: receive RaftClientReply:client-A9DCF8B8BD5B->529edf8e-8eae-4246-b33f-5e44130d441c@group-A1CD1332DC7D, cid=3812, SUCCESS, logIndex=5756, commits[529edf8e-8eae-4246-b33f-5e44130d441c:c5757, 79bffca9-b028-4c53-a657-872ed973be73:c5755, 15654dff-55cd-4f70-96d8-4abf0c061563:c5755]
2019-07-09 15:04:52,390 INFO  client.GrpcClientProtocolClient (GrpcClientProtocolClient.java:onNext(255)) - client-A9DCF8B8BD5B->529edf8e-8eae-4246-b33f-5e44130d441c: receive RaftClientReply:client-A9DCF8B8BD5B->529edf8e-8eae-4246-b33f-5e44130d441c@group-A1CD1332DC7D, cid=3813, SUCCESS, logIndex=5757, commits[529edf8e-8eae-4246-b33f-5e44130d441c:c5757, 79bffca9-b028-4c53-a657-872ed973be73:c5755, 15654dff-55cd-4f70-96d8-4abf0c061563:c5755]
2019-07-09 15:04:52,404 INFO  client.GrpcClientProtocolClient (GrpcClientProtocolClient.java:onNext(255)) - client-A9DCF8B8BD5B->529edf8e-8eae-4246-b33f-5e44130d441c: receive RaftClientReply:client-A9DCF8B8BD5B->529edf8e-8eae-4246-b33f-5e44130d441c@group-A1CD1332DC7D, cid=3814, SUCCESS, logIndex=5760, commits[529edf8e-8eae-4246-b33f-5e44130d441c:c5760, 79bffca9-b028-4c53-a657-872ed973be73:c5757, 15654dff-55cd-4f70-96d8-4abf0c061563:c5757]
2019-07-09 15:04:52,404 INFO  client.GrpcClientProtocolClient (GrpcClientProtocolClient.java:onNext(255)) - client-A9DCF8B8BD5B->529edf8e-8eae-4246-b33f-5e44130d441c: receive RaftClientReply:client-A9DCF8B8BD5B->529edf8e-8eae-4246-b33f-5e44130d441c@group-A1CD1332DC7D, cid=3815, SUCCESS, logIndex=5761, commits[529edf8e-8eae-4246-b33f-5e44130d441c:c5761, 79bffca9-b028-4c53-a657-872ed973be73:c5757, 15654dff-55cd-4f70-96d8-4abf0c061563:c5757]
2019-07-09 15:04:52,436 INFO  client.GrpcClientProtocolClient (GrpcClientProtocolClient.java:onNext(255)) - client-A9DCF8B8BD5B->529edf8e-8eae-4246-b33f-5e44130d441c: receive RaftClientReply:client-A9DCF8B8BD5B->529edf8e-8eae-4246-b33f-5e44130d441c@group-A1CD1332DC7D, cid=3816, SUCCESS, logIndex=0, commits[529edf8e-8eae-4246-b33f-5e44130d441c:c5761, 79bffca9-b028-4c53-a657-872ed973be73:c5761, 15654dff-55cd-4f70-96d8-4abf0c061563:c5761]
2019-07-09 15:04:52,472 INFO  client.GrpcClientProtocolClient (GrpcClientProtocolClient.java:onNext(255)) - client-A9DCF8B8BD5B->529edf8e-8eae-4246-b33f-5e44130d441c: receive RaftClientReply:client-A9DCF8B8BD5B->529edf8e-8eae-4246-b33f-5e44130d441c@group-A1CD1332DC7D, cid=3817, SUCCESS, logIndex=5764, commits[529edf8e-8eae-4246-b33f-5e44130d441c:c5766, 79bffca9-b028-4c53-a657-872ed973be73:c5763, 15654dff-55cd-4f70-96d8-4abf0c061563:c5763]
2019-07-09 15:04:52,473 INFO  client.GrpcClientProtocolClient (GrpcClientProtocolClient.java:onNext(255)) - client-A9DCF8B8BD5B->529edf8e-8eae-4246-b33f-5e44130d441c: receive RaftClientReply:client-A9DCF8B8BD5B->529edf8e-8eae-4246-b33f-5e44130d441c@group-A1CD1332DC7D, cid=3818, SUCCESS, logIndex=5765, commits[529edf8e-8eae-4246-b33f-5e44130d441c:c5767, 79bffca9-b028-4c53-a657-872ed973be73:c5763, 15654dff-55cd-4f70-96d8-4abf0c061563:c5763]
2019-07-09 15:04:52,473 INFO  client.GrpcClientProtocolClient (GrpcClientProtocolClient.java:onNext(255)) - client-A9DCF8B8BD5B->529edf8e-8eae-4246-b33f-5e44130d441c: receive RaftClientReply:client-A9DCF8B8BD5B->529edf8e-8eae-4246-b33f-5e44130d441c@group-A1CD1332DC7D, cid=3819, SUCCESS, logIndex=5766, commits[529edf8e-8eae-4246-b33f-5e44130d441c:c5767, 79bffca9-b028-4c53-a657-872ed973be73:c5763, 15654dff-55cd-4f70-96d8-4abf0c061563:c5763]
2019-07-09 15:04:52,474 INFO  client.GrpcClientProtocolClient (GrpcClientProtocolClient.java:onNext(255)) - client-A9DCF8B8BD5B->529edf8e-8eae-4246-b33f-5e44130d441c: receive RaftClientReply:client-A9DCF8B8BD5B->529edf8e-8eae-4246-b33f-5e44130d441c@group-A1CD1332DC7D, cid=3820, SUCCESS, logIndex=5767, commits[529edf8e-8eae-4246-b33f-5e44130d441c:c5767, 79bffca9-b028-4c53-a657-872ed973be73:c5763, 15654dff-55cd-4f70-96d8-4abf0c061563:c5763]
2019-07-09 15:04:52,475 INFO  client.GrpcClientProtocolClient (GrpcClientProtocolClient.java:onNext(255)) - client-A9DCF8B8BD5B->529edf8e-8eae-4246-b33f-5e44130d441c: receive RaftClientReply:client-A9DCF8B8BD5B->529edf8e-8eae-4246-b33f-5e44130d441c@group-A1CD1332DC7D, cid=3821, SUCCESS, logIndex=0, commits[529edf8e-8eae-4246-b33f-5e44130d441c:c5771, 79bffca9-b028-4c53-a657-872ed973be73:c5767, 15654dff-55cd-4f70-96d8-4abf0c061563:c5765]
2019-07-09 15:04:52,495 INFO  client.GrpcClientProtocolClient (GrpcClientProtocolClient.java:onNext(255)) - client-A9DCF8B8BD5B->529edf8e-8eae-4246-b33f-5e44130d441c: receive RaftClientReply:client-A9DCF8B8BD5B->529edf8e-8eae-4246-b33f-5e44130d441c@group-A1CD1332DC7D, cid=3822, SUCCESS, logIndex=5772, commits[529edf8e-8eae-4246-b33f-5e44130d441c:c5773, 79bffca9-b028-4c53-a657-872ed973be73:c5771, 15654dff-55cd-4f70-96d8-4abf0c061563:c5771]
2019-07-09 15:04:52,496 INFO  client.GrpcClientProtocolClient (GrpcClientProtocolClient.java:onNext(255)) - client-A9DCF8B8BD5B->529edf8e-8eae-4246-b33f-5e44130d441c: receive RaftClientReply:client-A9DCF8B8BD5B->529edf8e-8eae-4246-b33f-5e44130d441c@group-A1CD1332DC7D, cid=3823, SUCCESS, logIndex=5773, commits[529edf8e-8eae-4246-b33f-5e44130d441c:c5773, 79bffca9-b028-4c53-a657-872ed973be73:c5771, 15654dff-55cd-4f70-96d8-4abf0c061563:c5771]
2019-07-09 15:04:52,509 INFO  client.GrpcClientProtocolClient (GrpcClientProtocolClient.java:onNext(255)) - client-A9DCF8B8BD5B->529edf8e-8eae-4246-b33f-5e44130d441c: receive RaftClientReply:client-A9DCF8B8BD5B->529edf8e-8eae-4246-b33f-5e44130d441c@group-A1CD1332DC7D, cid=3824, SUCCESS, logIndex=5776, commits[529edf8e-8eae-4246-b33f-5e44130d441c:c5776, 79bffca9-b028-4c53-a657-872ed973be73:c5773, 15654dff-55cd-4f70-96d8-4abf0c061563:c5773]
2019-07-09 15:04:52,509 INFO  client.GrpcClientProtocolClient (GrpcClientProtocolClient.java:onNext(255)) - client-A9DCF8B8BD5B->529edf8e-8eae-4246-b33f-5e44130d441c: receive RaftClientReply:client-A9DCF8B8BD5B->529edf8e-8eae-4246-b33f-5e44130d441c@group-A1CD1332DC7D, cid=3825, SUCCESS, logIndex=5777, commits[529edf8e-8eae-4246-b33f-5e44130d441c:c5777, 79bffca9-b028-4c53-a657-872ed973be73:c5773, 15654dff-55cd-4f70-96d8-4abf0c061563:c5773]
2019-07-09 15:04:52,522 INFO  client.GrpcClientProtocolClient (GrpcClientProtocolClient.java:onNext(255)) - client-A9DCF8B8BD5B->529edf8e-8eae-4246-b33f-5e44130d441c: receive RaftClientReply:client-A9DCF8B8BD5B->529edf8e-8eae-4246-b33f-5e44130d441c@group-A1CD1332DC7D, cid=3826, SUCCESS, logIndex=0, commits[529edf8e-8eae-4246-b33f-5e44130d441c:c5779, 79bffca9-b028-4c53-a657-872ed973be73:c5777, 15654dff-55cd-4f70-96d8-4abf0c061563:c5777]
2019-07-09 15:04:52,556 INFO  client.GrpcClientProtocolClient (GrpcClientProtocolClient.java:onNext(255)) - client-A9DCF8B8BD5B->529edf8e-8eae-4246-b33f-5e44130d441c: receive RaftClientReply:client-A9DCF8B8BD5B->529edf8e-8eae-4246-b33f-5e44130d441c@group-A1CD1332DC7D, cid=3827, SUCCESS, logIndex=5780, commits[529edf8e-8eae-4246-b33f-5e44130d441c:c5781, 79bffca9-b028-4c53-a657-872ed973be73:c5779, 15654dff-55cd-4f70-96d8-4abf0c061563:c5779]
2019-07-09 15:04:52,557 INFO  client.GrpcClientProtocolClient (GrpcClientProtocolClient.java:onNext(255)) - client-A9DCF8B8BD5B->529edf8e-8eae-4246-b33f-5e44130d441c: receive RaftClientReply:client-A9DCF8B8BD5B->529edf8e-8eae-4246-b33f-5e44130d441c@group-A1CD1332DC7D, cid=3828, SUCCESS, logIndex=5781, commits[529edf8e-8eae-4246-b33f-5e44130d441c:c5781, 79bffca9-b028-4c53-a657-872ed973be73:c5779, 15654dff-55cd-4f70-96d8-4abf0c061563:c5779]
2019-07-09 15:04:52,558 INFO  client.GrpcClientProtocolClient (GrpcClientProtocolClient.java:onNext(255)) - client-A9DCF8B8BD5B->529edf8e-8eae-4246-b33f-5e44130d441c: receive RaftClientReply:client-A9DCF8B8BD5B->529edf8e-8eae-4246-b33f-5e44130d441c@group-A1CD1332DC7D, cid=3829, SUCCESS, logIndex=5782, commits[529edf8e-8eae-4246-b33f-5e44130d441c:c5782, 79bffca9-b028-4c53-a657-872ed973be73:c5779, 15654dff-55cd-4f70-96d8-4abf0c061563:c5779]
2019-07-09 15:04:52,558 INFO  client.GrpcClientProtocolClient (GrpcClientProtocolClient.java:onNext(255)) - client-A9DCF8B8BD5B->529edf8e-8eae-4246-b33f-5e44130d441c: receive RaftClientReply:client-A9DCF8B8BD5B->529edf8e-8eae-4246-b33f-5e44130d441c@group-A1CD1332DC7D, cid=3830, SUCCESS, logIndex=5783, commits[529edf8e-8eae-4246-b33f-5e44130d441c:c5783, 79bffca9-b028-4c53-a657-872ed973be73:c5779, 15654dff-55cd-4f70-96d8-4abf0c061563:c5779]
2019-07-09 15:04:52,570 INFO  client.GrpcClientProtocolClient (GrpcClientProtocolClient.java:onNext(255)) - client-A9DCF8B8BD5B->529edf8e-8eae-4246-b33f-5e44130d441c: receive RaftClientReply:client-A9DCF8B8BD5B->529edf8e-8eae-4246-b33f-5e44130d441c@group-A1CD1332DC7D, cid=3831, SUCCESS, logIndex=0, commits[529edf8e-8eae-4246-b33f-5e44130d441c:c5785, 79bffca9-b028-4c53-a657-872ed973be73:c5781, 15654dff-55cd-4f70-96d8-4abf0c061563:c5781]
2019-07-09 15:04:52,590 INFO  client.GrpcClientProtocolClient (GrpcClientProtocolClient.java:onNext(255)) - client-A9DCF8B8BD5B->529edf8e-8eae-4246-b33f-5e44130d441c: receive RaftClientReply:client-A9DCF8B8BD5B->529edf8e-8eae-4246-b33f-5e44130d441c@group-A1CD1332DC7D, cid=3832, SUCCESS, logIndex=5788, commits[529edf8e-8eae-4246-b33f-5e44130d441c:c5789, 79bffca9-b028-4c53-a657-872ed973be73:c5787, 15654dff-55cd-4f70-96d8-4abf0c061563:c5787]
2019-07-09 15:04:52,590 INFO  client.GrpcClientProtocolClient (GrpcClientProtocolClient.java:onNext(255)) - client-A9DCF8B8BD5B->529edf8e-8eae-4246-b33f-5e44130d441c: receive RaftClientReply:client-A9DCF8B8BD5B->529edf8e-8eae-4246-b33f-5e44130d441c@group-A1CD1332DC7D, cid=3833, SUCCESS, logIndex=5789, commits[529edf8e-8eae-4246-b33f-5e44130d441c:c5789, 79bffca9-b028-4c53-a657-872ed973be73:c5787, 15654dff-55cd-4f70-96d8-4abf0c061563:c5787]
2019-07-09 15:04:52,603 INFO  client.GrpcClientProtocolClient (GrpcClientProtocolClient.java:onNext(255)) - client-A9DCF8B8BD5B->529edf8e-8eae-4246-b33f-5e44130d441c: receive RaftClientReply:client-A9DCF8B8BD5B->529edf8e-8eae-4246-b33f-5e44130d441c@group-A1CD1332DC7D, cid=3834, SUCCESS, logIndex=5792, commits[529edf8e-8eae-4246-b33f-5e44130d441c:c5792, 79bffca9-b028-4c53-a657-872ed973be73:c5789, 15654dff-55cd-4f70-96d8-4abf0c061563:c5789]
2019-07-09 15:04:52,604 INFO  client.GrpcClientProtocolClient (GrpcClientProtocolClient.java:onNext(255)) - client-A9DCF8B8BD5B->529edf8e-8eae-4246-b33f-5e44130d441c: receive RaftClientReply:client-A9DCF8B8BD5B->529edf8e-8eae-4246-b33f-5e44130d441c@group-A1CD1332DC7D, cid=3835, SUCCESS, logIndex=5793, commits[529edf8e-8eae-4246-b33f-5e44130d441c:c5793, 79bffca9-b028-4c53-a657-872ed973be73:c5789, 15654dff-55cd-4f70-96d8-4abf0c061563:c5789]
2019-07-09 15:04:52,629 INFO  client.GrpcClientProtocolClient (GrpcClientProtocolClient.java:onNext(255)) - client-A9DCF8B8BD5B->529edf8e-8eae-4246-b33f-5e44130d441c: receive RaftClientReply:client-A9DCF8B8BD5B->529edf8e-8eae-4246-b33f-5e44130d441c@group-A1CD1332DC7D, cid=3836, SUCCESS, logIndex=0, commits[529edf8e-8eae-4246-b33f-5e44130d441c:c5794, 79bffca9-b028-4c53-a657-872ed973be73:c5793, 15654dff-55cd-4f70-96d8-4abf0c061563:c5793]
2019-07-09 15:04:52,666 INFO  client.GrpcClientProtocolClient (GrpcClientProtocolClient.java:onNext(255)) - client-A9DCF8B8BD5B->529edf8e-8eae-4246-b33f-5e44130d441c: receive RaftClientReply:client-A9DCF8B8BD5B->529edf8e-8eae-4246-b33f-5e44130d441c@group-A1CD1332DC7D, cid=3837, SUCCESS, logIndex=5796, commits[529edf8e-8eae-4246-b33f-5e44130d441c:c5798, 79bffca9-b028-4c53-a657-872ed973be73:c5795, 15654dff-55cd-4f70-96d8-4abf0c061563:c5795]
2019-07-09 15:04:52,667 INFO  client.GrpcClientProtocolClient (GrpcClientProtocolClient.java:onNext(255)) - client-A9DCF8B8BD5B->529edf8e-8eae-4246-b33f-5e44130d441c: receive RaftClientReply:client-A9DCF8B8BD5B->529edf8e-8eae-4246-b33f-5e44130d441c@group-A1CD1332DC7D, cid=3838, SUCCESS, logIndex=5797, commits[529edf8e-8eae-4246-b33f-5e44130d441c:c5800, 79bffca9-b028-4c53-a657-872ed973be73:c5795, 15654dff-55cd-4f70-96d8-4abf0c061563:c5796]
2019-07-09 15:04:52,668 INFO  client.GrpcClientProtocolClient (GrpcClientProtocolClient.java:onNext(255)) - client-A9DCF8B8BD5B->529edf8e-8eae-4246-b33f-5e44130d441c: receive RaftClientReply:client-A9DCF8B8BD5B->529edf8e-8eae-4246-b33f-5e44130d441c@group-A1CD1332DC7D, cid=3839, SUCCESS, logIndex=5798, commits[529edf8e-8eae-4246-b33f-5e44130d441c:c5800, 79bffca9-b028-4c53-a657-872ed973be73:c5795, 15654dff-55cd-4f70-96d8-4abf0c061563:c5796]
2019-07-09 15:04:52,668 INFO  client.GrpcClientProtocolClient (GrpcClientProtocolClient.java:onNext(255)) - client-A9DCF8B8BD5B->529edf8e-8eae-4246-b33f-5e44130d441c: receive RaftClientReply:client-A9DCF8B8BD5B->529edf8e-8eae-4246-b33f-5e44130d441c@group-A1CD1332DC7D, cid=3840, SUCCESS, logIndex=5799, commits[529edf8e-8eae-4246-b33f-5e44130d441c:c5800, 79bffca9-b028-4c53-a657-872ed973be73:c5795, 15654dff-55cd-4f70-96d8-4abf0c061563:c5796]
2019-07-09 15:04:52,669 INFO  client.GrpcClientProtocolClient (GrpcClientProtocolClient.java:onNext(255)) - client-A9DCF8B8BD5B->529edf8e-8eae-4246-b33f-5e44130d441c: receive RaftClientReply:client-A9DCF8B8BD5B->529edf8e-8eae-4246-b33f-5e44130d441c@group-A1CD1332DC7D, cid=3841, SUCCESS, logIndex=0, commits[529edf8e-8eae-4246-b33f-5e44130d441c:c5802, 79bffca9-b028-4c53-a657-872ed973be73:c5798, 15654dff-55cd-4f70-96d8-4abf0c061563:c5798]
2019-07-09 15:04:52,691 INFO  client.GrpcClientProtocolClient (GrpcClientProtocolClient.java:onNext(255)) - client-A9DCF8B8BD5B->529edf8e-8eae-4246-b33f-5e44130d441c: receive RaftClientReply:client-A9DCF8B8BD5B->529edf8e-8eae-4246-b33f-5e44130d441c@group-A1CD1332DC7D, cid=3842, SUCCESS, logIndex=5804, commits[529edf8e-8eae-4246-b33f-5e44130d441c:c5805, 79bffca9-b028-4c53-a657-872ed973be73:c5803, 15654dff-55cd-4f70-96d8-4abf0c061563:c5803]
2019-07-09 15:04:52,691 INFO  client.GrpcClientProtocolClient (GrpcClientProtocolClient.java:onNext(255)) - client-A9DCF8B8BD5B->529edf8e-8eae-4246-b33f-5e44130d441c: receive RaftClientReply:client-A9DCF8B8BD5B->529edf8e-8eae-4246-b33f-5e44130d441c@group-A1CD1332DC7D, cid=3843, SUCCESS, logIndex=5805, commits[529edf8e-8eae-4246-b33f-5e44130d441c:c5805, 79bffca9-b028-4c53-a657-872ed973be73:c5803, 15654dff-55cd-4f70-96d8-4abf0c061563:c5803]
2019-07-09 15:04:52,704 INFO  client.GrpcClientProtocolClient (GrpcClientProtocolClient.java:onNext(255)) - client-A9DCF8B8BD5B->529edf8e-8eae-4246-b33f-5e44130d441c: receive RaftClientReply:client-A9DCF8B8BD5B->529edf8e-8eae-4246-b33f-5e44130d441c@group-A1CD1332DC7D, cid=3844, SUCCESS, logIndex=5808, commits[529edf8e-8eae-4246-b33f-5e44130d441c:c5809, 79bffca9-b028-4c53-a657-872ed973be73:c5805, 15654dff-55cd-4f70-96d8-4abf0c061563:c5805]
2019-07-09 15:04:52,705 INFO  client.GrpcClientProtocolClient (GrpcClientProtocolClient.java:onNext(255)) - client-A9DCF8B8BD5B->529edf8e-8eae-4246-b33f-5e44130d441c: receive RaftClientReply:client-A9DCF8B8BD5B->529edf8e-8eae-4246-b33f-5e44130d441c@group-A1CD1332DC7D, cid=3845, SUCCESS, logIndex=5809, commits[529edf8e-8eae-4246-b33f-5e44130d441c:c5809, 79bffca9-b028-4c53-a657-872ed973be73:c5805, 15654dff-55cd-4f70-96d8-4abf0c061563:c5805]
2019-07-09 15:04:52,717 INFO  client.GrpcClientProtocolClient (GrpcClientProtocolClient.java:onNext(255)) - client-A9DCF8B8BD5B->529edf8e-8eae-4246-b33f-5e44130d441c: receive RaftClientReply:client-A9DCF8B8BD5B->529edf8e-8eae-4246-b33f-5e44130d441c@group-A1CD1332DC7D, cid=3846, SUCCESS, logIndex=0, commits[529edf8e-8eae-4246-b33f-5e44130d441c:c5811, 79bffca9-b028-4c53-a657-872ed973be73:c5809, 15654dff-55cd-4f70-96d8-4abf0c061563:c5809]
2019-07-09 15:04:52,750 INFO  client.GrpcClientProtocolClient (GrpcClientProtocolClient.java:onNext(255)) - client-A9DCF8B8BD5B->529edf8e-8eae-4246-b33f-5e44130d441c: receive RaftClientReply:client-A9DCF8B8BD5B->529edf8e-8eae-4246-b33f-5e44130d441c@group-A1CD1332DC7D, cid=3847, SUCCESS, logIndex=5812, commits[529edf8e-8eae-4246-b33f-5e44130d441c:c5814, 79bffca9-b028-4c53-a657-872ed973be73:c5811, 15654dff-55cd-4f70-96d8-4abf0c061563:c5811]
2019-07-09 15:04:52,751 INFO  client.GrpcClientProtocolClient (GrpcClientProtocolClient.java:onNext(255)) - client-A9DCF8B8BD5B->529edf8e-8eae-4246-b33f-5e44130d441c: receive RaftClientReply:client-A9DCF8B8BD5B->529edf8e-8eae-4246-b33f-5e44130d441c@group-A1CD1332DC7D, cid=3848, SUCCESS, logIndex=5813, commits[529edf8e-8eae-4246-b33f-5e44130d441c:c5814, 79bffca9-b028-4c53-a657-872ed973be73:c5811, 15654dff-55cd-4f70-96d8-4abf0c061563:c5811]
2019-07-09 15:04:52,751 INFO  client.GrpcClientProtocolClient (GrpcClientProtocolClient.java:onNext(255)) - client-A9DCF8B8BD5B->529edf8e-8eae-4246-b33f-5e44130d441c: receive RaftClientReply:client-A9DCF8B8BD5B->529edf8e-8eae-4246-b33f-5e44130d441c@group-A1CD1332DC7D, cid=3849, SUCCESS, logIndex=5814, commits[529edf8e-8eae-4246-b33f-5e44130d441c:c5815, 79bffca9-b028-4c53-a657-872ed973be73:c5811, 15654dff-55cd-4f70-96d8-4abf0c061563:c5811]
2019-07-09 15:04:52,752 INFO  client.GrpcClientProtocolClient (GrpcClientProtocolClient.java:onNext(255)) - client-A9DCF8B8BD5B->529edf8e-8eae-4246-b33f-5e44130d441c: receive RaftClientReply:client-A9DCF8B8BD5B->529edf8e-8eae-4246-b33f-5e44130d441c@group-A1CD1332DC7D, cid=3850, SUCCESS, logIndex=5815, commits[529edf8e-8eae-4246-b33f-5e44130d441c:c5815, 79bffca9-b028-4c53-a657-872ed973be73:c5811, 15654dff-55cd-4f70-96d8-4abf0c061563:c5811]
2019-07-09 15:04:52,753 INFO  client.GrpcClientProtocolClient (GrpcClientProtocolClient.java:onNext(255)) - client-A9DCF8B8BD5B->529edf8e-8eae-4246-b33f-5e44130d441c: receive RaftClientReply:client-A9DCF8B8BD5B->529edf8e-8eae-4246-b33f-5e44130d441c@group-A1CD1332DC7D, cid=3851, SUCCESS, logIndex=0, commits[529edf8e-8eae-4246-b33f-5e44130d441c:c5817, 79bffca9-b028-4c53-a657-872ed973be73:c5814, 15654dff-55cd-4f70-96d8-4abf0c061563:c5815]
2019-07-09 15:04:52,776 INFO  client.GrpcClientProtocolClient (GrpcClientProtocolClient.java:onNext(255)) - client-A9DCF8B8BD5B->529edf8e-8eae-4246-b33f-5e44130d441c: receive RaftClientReply:client-A9DCF8B8BD5B->529edf8e-8eae-4246-b33f-5e44130d441c@group-A1CD1332DC7D, cid=3852, SUCCESS, logIndex=5819, commits[529edf8e-8eae-4246-b33f-5e44130d441c:c5820, 79bffca9-b028-4c53-a657-872ed973be73:c5818, 15654dff-55cd-4f70-96d8-4abf0c061563:c5818]
2019-07-09 15:04:52,777 INFO  client.GrpcClientProtocolClient (GrpcClientProtocolClient.java:onNext(255)) - client-A9DCF8B8BD5B->529edf8e-8eae-4246-b33f-5e44130d441c: receive RaftClientReply:client-A9DCF8B8BD5B->529edf8e-8eae-4246-b33f-5e44130d441c@group-A1CD1332DC7D, cid=3853, SUCCESS, logIndex=5820, commits[529edf8e-8eae-4246-b33f-5e44130d441c:c5820, 79bffca9-b028-4c53-a657-872ed973be73:c5818, 15654dff-55cd-4f70-96d8-4abf0c061563:c5818]
2019-07-09 15:04:52,790 INFO  client.GrpcClientProtocolClient (GrpcClientProtocolClient.java:onNext(255)) - client-A9DCF8B8BD5B->529edf8e-8eae-4246-b33f-5e44130d441c: receive RaftClientReply:client-A9DCF8B8BD5B->529edf8e-8eae-4246-b33f-5e44130d441c@group-A1CD1332DC7D, cid=3854, SUCCESS, logIndex=5823, commits[529edf8e-8eae-4246-b33f-5e44130d441c:c5824, 79bffca9-b028-4c53-a657-872ed973be73:c5820, 15654dff-55cd-4f70-96d8-4abf0c061563:c5820]
2019-07-09 15:04:52,790 INFO  client.GrpcClientProtocolClient (GrpcClientProtocolClient.java:onNext(255)) - client-A9DCF8B8BD5B->529edf8e-8eae-4246-b33f-5e44130d441c: receive RaftClientReply:client-A9DCF8B8BD5B->529edf8e-8eae-4246-b33f-5e44130d441c@group-A1CD1332DC7D, cid=3855, SUCCESS, logIndex=5824, commits[529edf8e-8eae-4246-b33f-5e44130d441c:c5824, 79bffca9-b028-4c53-a657-872ed973be73:c5820, 15654dff-55cd-4f70-96d8-4abf0c061563:c5820]
2019-07-09 15:04:52,802 INFO  client.GrpcClientProtocolClient (GrpcClientProtocolClient.java:onNext(255)) - client-A9DCF8B8BD5B->529edf8e-8eae-4246-b33f-5e44130d441c: receive RaftClientReply:client-A9DCF8B8BD5B->529edf8e-8eae-4246-b33f-5e44130d441c@group-A1CD1332DC7D, cid=3856, SUCCESS, logIndex=0, commits[529edf8e-8eae-4246-b33f-5e44130d441c:c5825, 79bffca9-b028-4c53-a657-872ed973be73:c5824, 15654dff-55cd-4f70-96d8-4abf0c061563:c5824]
2019-07-09 15:04:52,831 INFO  client.GrpcClientProtocolClient (GrpcClientProtocolClient.java:onNext(255)) - client-A9DCF8B8BD5B->529edf8e-8eae-4246-b33f-5e44130d441c: receive RaftClientReply:client-A9DCF8B8BD5B->529edf8e-8eae-4246-b33f-5e44130d441c@group-A1CD1332DC7D, cid=3857, SUCCESS, logIndex=5827, commits[529edf8e-8eae-4246-b33f-5e44130d441c:c5829, 79bffca9-b028-4c53-a657-872ed973be73:c5826, 15654dff-55cd-4f70-96d8-4abf0c061563:c5826]
2019-07-09 15:04:52,832 INFO  client.GrpcClientProtocolClient (GrpcClientProtocolClient.java:onNext(255)) - client-A9DCF8B8BD5B->529edf8e-8eae-4246-b33f-5e44130d441c: receive RaftClientReply:client-A9DCF8B8BD5B->529edf8e-8eae-4246-b33f-5e44130d441c@group-A1CD1332DC7D, cid=3858, SUCCESS, logIndex=5828, commits[529edf8e-8eae-4246-b33f-5e44130d441c:c5830, 79bffca9-b028-4c53-a657-872ed973be73:c5826, 15654dff-55cd-4f70-96d8-4abf0c061563:c5826]
2019-07-09 15:04:52,832 INFO  client.GrpcClientProtocolClient (GrpcClientProtocolClient.java:onNext(255)) - client-A9DCF8B8BD5B->529edf8e-8eae-4246-b33f-5e44130d441c: receive RaftClientReply:client-A9DCF8B8BD5B->529edf8e-8eae-4246-b33f-5e44130d441c@group-A1CD1332DC7D, cid=3859, SUCCESS, logIndex=5829, commits[529edf8e-8eae-4246-b33f-5e44130d441c:c5830, 79bffca9-b028-4c53-a657-872ed973be73:c5826, 15654dff-55cd-4f70-96d8-4abf0c061563:c5826]
2019-07-09 15:04:52,833 INFO  client.GrpcClientProtocolClient (GrpcClientProtocolClient.java:onNext(255)) - client-A9DCF8B8BD5B->529edf8e-8eae-4246-b33f-5e44130d441c: receive RaftClientReply:client-A9DCF8B8BD5B->529edf8e-8eae-4246-b33f-5e44130d441c@group-A1CD1332DC7D, cid=3860, SUCCESS, logIndex=5830, commits[529edf8e-8eae-4246-b33f-5e44130d441c:c5830, 79bffca9-b028-4c53-a657-872ed973be73:c5826, 15654dff-55cd-4f70-96d8-4abf0c061563:c5826]
2019-07-09 15:04:52,834 INFO  client.GrpcClientProtocolClient (GrpcClientProtocolClient.java:onNext(255)) - client-A9DCF8B8BD5B->529edf8e-8eae-4246-b33f-5e44130d441c: receive RaftClientReply:client-A9DCF8B8BD5B->529edf8e-8eae-4246-b33f-5e44130d441c@group-A1CD1332DC7D, cid=3861, SUCCESS, logIndex=0, commits[529edf8e-8eae-4246-b33f-5e44130d441c:c5832, 79bffca9-b028-4c53-a657-872ed973be73:c5828, 15654dff-55cd-4f70-96d8-4abf0c061563:c5828]
2019-07-09 15:04:52,854 INFO  client.GrpcClientProtocolClient (GrpcClientProtocolClient.java:onNext(255)) - client-A9DCF8B8BD5B->529edf8e-8eae-4246-b33f-5e44130d441c: receive RaftClientReply:client-A9DCF8B8BD5B->529edf8e-8eae-4246-b33f-5e44130d441c@group-A1CD1332DC7D, cid=3862, SUCCESS, logIndex=5835, commits[529edf8e-8eae-4246-b33f-5e44130d441c:c5836, 79bffca9-b028-4c53-a657-872ed973be73:c5834, 15654dff-55cd-4f70-96d8-4abf0c061563:c5834]
2019-07-09 15:04:52,854 INFO  client.GrpcClientProtocolClient (GrpcClientProtocolClient.java:onNext(255)) - client-A9DCF8B8BD5B->529edf8e-8eae-4246-b33f-5e44130d441c: receive RaftClientReply:client-A9DCF8B8BD5B->529edf8e-8eae-4246-b33f-5e44130d441c@group-A1CD1332DC7D, cid=3863, SUCCESS, logIndex=5836, commits[529edf8e-8eae-4246-b33f-5e44130d441c:c5836, 79bffca9-b028-4c53-a657-872ed973be73:c5834, 15654dff-55cd-4f70-96d8-4abf0c061563:c5834]
2019-07-09 15:04:52,880 INFO  client.GrpcClientProtocolClient (GrpcClientProtocolClient.java:onNext(255)) - client-A9DCF8B8BD5B->529edf8e-8eae-4246-b33f-5e44130d441c: receive RaftClientReply:client-A9DCF8B8BD5B->529edf8e-8eae-4246-b33f-5e44130d441c@group-A1CD1332DC7D, cid=3864, SUCCESS, logIndex=5839, commits[529edf8e-8eae-4246-b33f-5e44130d441c:c5839, 79bffca9-b028-4c53-a657-872ed973be73:c5836, 15654dff-55cd-4f70-96d8-4abf0c061563:c5836]
2019-07-09 15:04:52,881 INFO  client.GrpcClientProtocolClient (GrpcClientProtocolClient.java:onNext(255)) - client-A9DCF8B8BD5B->529edf8e-8eae-4246-b33f-5e44130d441c: receive RaftClientReply:client-A9DCF8B8BD5B->529edf8e-8eae-4246-b33f-5e44130d441c@group-A1CD1332DC7D, cid=3865, SUCCESS, logIndex=5840, commits[529edf8e-8eae-4246-b33f-5e44130d441c:c5840, 79bffca9-b028-4c53-a657-872ed973be73:c5836, 15654dff-55cd-4f70-96d8-4abf0c061563:c5836]
2019-07-09 15:04:52,893 INFO  client.GrpcClientProtocolClient (GrpcClientProtocolClient.java:onNext(255)) - client-A9DCF8B8BD5B->529edf8e-8eae-4246-b33f-5e44130d441c: receive RaftClientReply:client-A9DCF8B8BD5B->529edf8e-8eae-4246-b33f-5e44130d441c@group-A1CD1332DC7D, cid=3866, SUCCESS, logIndex=0, commits[529edf8e-8eae-4246-b33f-5e44130d441c:c5842, 79bffca9-b028-4c53-a657-872ed973be73:c5840, 15654dff-55cd-4f70-96d8-4abf0c061563:c5840]
2019-07-09 15:04:52,925 INFO  client.GrpcClientProtocolClient (GrpcClientProtocolClient.java:onNext(255)) - client-A9DCF8B8BD5B->529edf8e-8eae-4246-b33f-5e44130d441c: receive RaftClientReply:client-A9DCF8B8BD5B->529edf8e-8eae-4246-b33f-5e44130d441c@group-A1CD1332DC7D, cid=3867, SUCCESS, logIndex=5843, commits[529edf8e-8eae-4246-b33f-5e44130d441c:c5844, 79bffca9-b028-4c53-a657-872ed973be73:c5842, 15654dff-55cd-4f70-96d8-4abf0c061563:c5842]
2019-07-09 15:04:52,926 INFO  client.GrpcClientProtocolClient (GrpcClientProtocolClient.java:onNext(255)) - client-A9DCF8B8BD5B->529edf8e-8eae-4246-b33f-5e44130d441c: receive RaftClientReply:client-A9DCF8B8BD5B->529edf8e-8eae-4246-b33f-5e44130d441c@group-A1CD1332DC7D, cid=3868, SUCCESS, logIndex=5844, commits[529edf8e-8eae-4246-b33f-5e44130d441c:c5846, 79bffca9-b028-4c53-a657-872ed973be73:c5842, 15654dff-55cd-4f70-96d8-4abf0c061563:c5842]
2019-07-09 15:04:52,926 INFO  client.GrpcClientProtocolClient (GrpcClientProtocolClient.java:onNext(255)) - client-A9DCF8B8BD5B->529edf8e-8eae-4246-b33f-5e44130d441c: receive RaftClientReply:client-A9DCF8B8BD5B->529edf8e-8eae-4246-b33f-5e44130d441c@group-A1CD1332DC7D, cid=3869, SUCCESS, logIndex=5845, commits[529edf8e-8eae-4246-b33f-5e44130d441c:c5846, 79bffca9-b028-4c53-a657-872ed973be73:c5842, 15654dff-55cd-4f70-96d8-4abf0c061563:c5842]
2019-07-09 15:04:52,926 INFO  client.GrpcClientProtocolClient (GrpcClientProtocolClient.java:onNext(255)) - client-A9DCF8B8BD5B->529edf8e-8eae-4246-b33f-5e44130d441c: receive RaftClientReply:client-A9DCF8B8BD5B->529edf8e-8eae-4246-b33f-5e44130d441c@group-A1CD1332DC7D, cid=3870, SUCCESS, logIndex=5846, commits[529edf8e-8eae-4246-b33f-5e44130d441c:c5846, 79bffca9-b028-4c53-a657-872ed973be73:c5842, 15654dff-55cd-4f70-96d8-4abf0c061563:c5842]
2019-07-09 15:04:52,937 INFO  client.GrpcClientProtocolClient (GrpcClientProtocolClient.java:onNext(255)) - client-A9DCF8B8BD5B->529edf8e-8eae-4246-b33f-5e44130d441c: receive RaftClientReply:client-A9DCF8B8BD5B->529edf8e-8eae-4246-b33f-5e44130d441c@group-A1CD1332DC7D, cid=3871, SUCCESS, logIndex=0, commits[529edf8e-8eae-4246-b33f-5e44130d441c:c5847, 79bffca9-b028-4c53-a657-872ed973be73:c5844, 15654dff-55cd-4f70-96d8-4abf0c061563:c5844]
2019-07-09 15:04:52,956 INFO  client.GrpcClientProtocolClient (GrpcClientProtocolClient.java:onNext(255)) - client-A9DCF8B8BD5B->529edf8e-8eae-4246-b33f-5e44130d441c: receive RaftClientReply:client-A9DCF8B8BD5B->529edf8e-8eae-4246-b33f-5e44130d441c@group-A1CD1332DC7D, cid=3872, SUCCESS, logIndex=5851, commits[529edf8e-8eae-4246-b33f-5e44130d441c:c5852, 79bffca9-b028-4c53-a657-872ed973be73:c5850, 15654dff-55cd-4f70-96d8-4abf0c061563:c5850]
2019-07-09 15:04:52,956 INFO  client.GrpcClientProtocolClient (GrpcClientProtocolClient.java:onNext(255)) - client-A9DCF8B8BD5B->529edf8e-8eae-4246-b33f-5e44130d441c: receive RaftClientReply:client-A9DCF8B8BD5B->529edf8e-8eae-4246-b33f-5e44130d441c@group-A1CD1332DC7D, cid=3873, SUCCESS, logIndex=5852, commits[529edf8e-8eae-4246-b33f-5e44130d441c:c5852, 79bffca9-b028-4c53-a657-872ed973be73:c5850, 15654dff-55cd-4f70-96d8-4abf0c061563:c5850]
2019-07-09 15:04:52,973 INFO  client.GrpcClientProtocolClient (GrpcClientProtocolClient.java:onNext(255)) - client-A9DCF8B8BD5B->529edf8e-8eae-4246-b33f-5e44130d441c: receive RaftClientReply:client-A9DCF8B8BD5B->529edf8e-8eae-4246-b33f-5e44130d441c@group-A1CD1332DC7D, cid=3874, SUCCESS, logIndex=5855, commits[529edf8e-8eae-4246-b33f-5e44130d441c:c5856, 79bffca9-b028-4c53-a657-872ed973be73:c5852, 15654dff-55cd-4f70-96d8-4abf0c061563:c5852]
2019-07-09 15:04:52,974 INFO  client.GrpcClientProtocolClient (GrpcClientProtocolClient.java:onNext(255)) - client-A9DCF8B8BD5B->529edf8e-8eae-4246-b33f-5e44130d441c: receive RaftClientReply:client-A9DCF8B8BD5B->529edf8e-8eae-4246-b33f-5e44130d441c@group-A1CD1332DC7D, cid=3875, SUCCESS, logIndex=5856, commits[529edf8e-8eae-4246-b33f-5e44130d441c:c5856, 79bffca9-b028-4c53-a657-872ed973be73:c5852, 15654dff-55cd-4f70-96d8-4abf0c061563:c5852]
2019-07-09 15:04:52,982 INFO  client.GrpcClientProtocolClient (GrpcClientProtocolClient.java:onNext(255)) - client-A9DCF8B8BD5B->529edf8e-8eae-4246-b33f-5e44130d441c: receive RaftClientReply:client-A9DCF8B8BD5B->529edf8e-8eae-4246-b33f-5e44130d441c@group-A1CD1332DC7D, cid=3876, SUCCESS, logIndex=0, commits[529edf8e-8eae-4246-b33f-5e44130d441c:c5858, 79bffca9-b028-4c53-a657-872ed973be73:c5856, 15654dff-55cd-4f70-96d8-4abf0c061563:c5856]
2019-07-09 15:04:53,014 INFO  client.GrpcClientProtocolClient (GrpcClientProtocolClient.java:onNext(255)) - client-A9DCF8B8BD5B->529edf8e-8eae-4246-b33f-5e44130d441c: receive RaftClientReply:client-A9DCF8B8BD5B->529edf8e-8eae-4246-b33f-5e44130d441c@group-A1CD1332DC7D, cid=3877, SUCCESS, logIndex=5859, commits[529edf8e-8eae-4246-b33f-5e44130d441c:c5860, 79bffca9-b028-4c53-a657-872ed973be73:c5858, 15654dff-55cd-4f70-96d8-4abf0c061563:c5858]
2019-07-09 15:04:53,015 INFO  client.GrpcClientProtocolClient (GrpcClientProtocolClient.java:onNext(255)) - client-A9DCF8B8BD5B->529edf8e-8eae-4246-b33f-5e44130d441c: receive RaftClientReply:client-A9DCF8B8BD5B->529edf8e-8eae-4246-b33f-5e44130d441c@group-A1CD1332DC7D, cid=3878, SUCCESS, logIndex=5860, commits[529edf8e-8eae-4246-b33f-5e44130d441c:c5862, 79bffca9-b028-4c53-a657-872ed973be73:c5858, 15654dff-55cd-4f70-96d8-4abf0c061563:c5858]
2019-07-09 15:04:53,016 INFO  client.GrpcClientProtocolClient (GrpcClientProtocolClient.java:onNext(255)) - client-A9DCF8B8BD5B->529edf8e-8eae-4246-b33f-5e44130d441c: receive RaftClientReply:client-A9DCF8B8BD5B->529edf8e-8eae-4246-b33f-5e44130d441c@group-A1CD1332DC7D, cid=3879, SUCCESS, logIndex=5861, commits[529edf8e-8eae-4246-b33f-5e44130d441c:c5862, 79bffca9-b028-4c53-a657-872ed973be73:c5858, 15654dff-55cd-4f70-96d8-4abf0c061563:c5858]
2019-07-09 15:04:53,017 INFO  client.GrpcClientProtocolClient (GrpcClientProtocolClient.java:onNext(255)) - client-A9DCF8B8BD5B->529edf8e-8eae-4246-b33f-5e44130d441c: receive RaftClientReply:client-A9DCF8B8BD5B->529edf8e-8eae-4246-b33f-5e44130d441c@group-A1CD1332DC7D, cid=3880, SUCCESS, logIndex=5862, commits[529edf8e-8eae-4246-b33f-5e44130d441c:c5863, 79bffca9-b028-4c53-a657-872ed973be73:c5858, 15654dff-55cd-4f70-96d8-4abf0c061563:c5859]
2019-07-09 15:04:53,018 INFO  client.GrpcClientProtocolClient (GrpcClientProtocolClient.java:onNext(255)) - client-A9DCF8B8BD5B->529edf8e-8eae-4246-b33f-5e44130d441c: receive RaftClientReply:client-A9DCF8B8BD5B->529edf8e-8eae-4246-b33f-5e44130d441c@group-A1CD1332DC7D, cid=3881, SUCCESS, logIndex=0, commits[529edf8e-8eae-4246-b33f-5e44130d441c:c5865, 79bffca9-b028-4c53-a657-872ed973be73:c5860, 15654dff-55cd-4f70-96d8-4abf0c061563:c5861]
2019-07-09 15:04:53,040 INFO  client.GrpcClientProtocolClient (GrpcClientProtocolClient.java:onNext(255)) - client-A9DCF8B8BD5B->529edf8e-8eae-4246-b33f-5e44130d441c: receive RaftClientReply:client-A9DCF8B8BD5B->529edf8e-8eae-4246-b33f-5e44130d441c@group-A1CD1332DC7D, cid=3882, SUCCESS, logIndex=5867, commits[529edf8e-8eae-4246-b33f-5e44130d441c:c5868, 79bffca9-b028-4c53-a657-872ed973be73:c5866, 15654dff-55cd-4f70-96d8-4abf0c061563:c5866]
2019-07-09 15:04:53,040 INFO  client.GrpcClientProtocolClient (GrpcClientProtocolClient.java:onNext(255)) - client-A9DCF8B8BD5B->529edf8e-8eae-4246-b33f-5e44130d441c: receive RaftClientReply:client-A9DCF8B8BD5B->529edf8e-8eae-4246-b33f-5e44130d441c@group-A1CD1332DC7D, cid=3883, SUCCESS, logIndex=5868, commits[529edf8e-8eae-4246-b33f-5e44130d441c:c5868, 79bffca9-b028-4c53-a657-872ed973be73:c5866, 15654dff-55cd-4f70-96d8-4abf0c061563:c5866]
2019-07-09 15:04:53,053 INFO  client.GrpcClientProtocolClient (GrpcClientProtocolClient.java:onNext(255)) - client-A9DCF8B8BD5B->529edf8e-8eae-4246-b33f-5e44130d441c: receive RaftClientReply:client-A9DCF8B8BD5B->529edf8e-8eae-4246-b33f-5e44130d441c@group-A1CD1332DC7D, cid=3884, SUCCESS, logIndex=5871, commits[529edf8e-8eae-4246-b33f-5e44130d441c:c5872, 79bffca9-b028-4c53-a657-872ed973be73:c5868, 15654dff-55cd-4f70-96d8-4abf0c061563:c5868]
2019-07-09 15:04:53,053 INFO  client.GrpcClientProtocolClient (GrpcClientProtocolClient.java:onNext(255)) - client-A9DCF8B8BD5B->529edf8e-8eae-4246-b33f-5e44130d441c: receive RaftClientReply:client-A9DCF8B8BD5B->529edf8e-8eae-4246-b33f-5e44130d441c@group-A1CD1332DC7D, cid=3885, SUCCESS, logIndex=5872, commits[529edf8e-8eae-4246-b33f-5e44130d441c:c5872, 79bffca9-b028-4c53-a657-872ed973be73:c5868, 15654dff-55cd-4f70-96d8-4abf0c061563:c5868]
2019-07-09 15:04:53,065 INFO  client.GrpcClientProtocolClient (GrpcClientProtocolClient.java:onNext(255)) - client-A9DCF8B8BD5B->529edf8e-8eae-4246-b33f-5e44130d441c: receive RaftClientReply:client-A9DCF8B8BD5B->529edf8e-8eae-4246-b33f-5e44130d441c@group-A1CD1332DC7D, cid=3886, SUCCESS, logIndex=0, commits[529edf8e-8eae-4246-b33f-5e44130d441c:c5873, 79bffca9-b028-4c53-a657-872ed973be73:c5872, 15654dff-55cd-4f70-96d8-4abf0c061563:c5872]
 0.00% |█                                                                                                    |  0/1 Time: 0:00:352019-07-09 15:04:53,101 INFO  client.GrpcClientProtocolClient (GrpcClientProtocolClient.java:onNext(255)) - client-A9DCF8B8BD5B->529edf8e-8eae-4246-b33f-5e44130d441c: receive RaftClientReply:client-A9DCF8B8BD5B->529edf8e-8eae-4246-b33f-5e44130d441c@group-A1CD1332DC7D, cid=3887, SUCCESS, logIndex=5875, commits[529edf8e-8eae-4246-b33f-5e44130d441c:c5877, 79bffca9-b028-4c53-a657-872ed973be73:c5874, 15654dff-55cd-4f70-96d8-4abf0c061563:c5874]
2019-07-09 15:04:53,102 INFO  client.GrpcClientProtocolClient (GrpcClientProtocolClient.java:onNext(255)) - client-A9DCF8B8BD5B->529edf8e-8eae-4246-b33f-5e44130d441c: receive RaftClientReply:client-A9DCF8B8BD5B->529edf8e-8eae-4246-b33f-5e44130d441c@group-A1CD1332DC7D, cid=3888, SUCCESS, logIndex=5876, commits[529edf8e-8eae-4246-b33f-5e44130d441c:c5878, 79bffca9-b028-4c53-a657-872ed973be73:c5874, 15654dff-55cd-4f70-96d8-4abf0c061563:c5874]
2019-07-09 15:04:53,102 INFO  client.GrpcClientProtocolClient (GrpcClientProtocolClient.java:onNext(255)) - client-A9DCF8B8BD5B->529edf8e-8eae-4246-b33f-5e44130d441c: receive RaftClientReply:client-A9DCF8B8BD5B->529edf8e-8eae-4246-b33f-5e44130d441c@group-A1CD1332DC7D, cid=3889, SUCCESS, logIndex=5877, commits[529edf8e-8eae-4246-b33f-5e44130d441c:c5878, 79bffca9-b028-4c53-a657-872ed973be73:c5874, 15654dff-55cd-4f70-96d8-4abf0c061563:c5874]
2019-07-09 15:04:53,102 INFO  client.GrpcClientProtocolClient (GrpcClientProtocolClient.java:onNext(255)) - client-A9DCF8B8BD5B->529edf8e-8eae-4246-b33f-5e44130d441c: receive RaftClientReply:client-A9DCF8B8BD5B->529edf8e-8eae-4246-b33f-5e44130d441c@group-A1CD1332DC7D, cid=3890, SUCCESS, logIndex=5878, commits[529edf8e-8eae-4246-b33f-5e44130d441c:c5878, 79bffca9-b028-4c53-a657-872ed973be73:c5874, 15654dff-55cd-4f70-96d8-4abf0c061563:c5874]
2019-07-09 15:04:53,114 INFO  client.GrpcClientProtocolClient (GrpcClientProtocolClient.java:onNext(255)) - client-A9DCF8B8BD5B->529edf8e-8eae-4246-b33f-5e44130d441c: receive RaftClientReply:client-A9DCF8B8BD5B->529edf8e-8eae-4246-b33f-5e44130d441c@group-A1CD1332DC7D, cid=3891, SUCCESS, logIndex=0, commits[529edf8e-8eae-4246-b33f-5e44130d441c:c5880, 79bffca9-b028-4c53-a657-872ed973be73:c5877, 15654dff-55cd-4f70-96d8-4abf0c061563:c5877]
2019-07-09 15:04:53,145 INFO  client.GrpcClientProtocolClient (GrpcClientProtocolClient.java:onNext(255)) - client-A9DCF8B8BD5B->529edf8e-8eae-4246-b33f-5e44130d441c: receive RaftClientReply:client-A9DCF8B8BD5B->529edf8e-8eae-4246-b33f-5e44130d441c@group-A1CD1332DC7D, cid=3892, SUCCESS, logIndex=5883, commits[529edf8e-8eae-4246-b33f-5e44130d441c:c5884, 79bffca9-b028-4c53-a657-872ed973be73:c5882, 15654dff-55cd-4f70-96d8-4abf0c061563:c5882]
2019-07-09 15:04:53,145 INFO  client.GrpcClientProtocolClient (GrpcClientProtocolClient.java:onNext(255)) - client-A9DCF8B8BD5B->529edf8e-8eae-4246-b33f-5e44130d441c: receive RaftClientReply:client-A9DCF8B8BD5B->529edf8e-8eae-4246-b33f-5e44130d441c@group-A1CD1332DC7D, cid=3893, SUCCESS, logIndex=5884, commits[529edf8e-8eae-4246-b33f-5e44130d441c:c5884, 79bffca9-b028-4c53-a657-872ed973be73:c5882, 15654dff-55cd-4f70-96d8-4abf0c061563:c5882]
 0.00% |█                                                                                                    |  0/1 Time: 0:00:362019-07-09 15:04:54,123 INFO  client.GrpcClientProtocolClient (GrpcClientProtocolClient.java:onNext(255)) - client-A9DCF8B8BD5B->529edf8e-8eae-4246-b33f-5e44130d441c: receive RaftClientReply:client-A9DCF8B8BD5B->529edf8e-8eae-4246-b33f-5e44130d441c@group-A1CD1332DC7D, cid=3894, SUCCESS, logIndex=5887, commits[529edf8e-8eae-4246-b33f-5e44130d441c:c5888, 79bffca9-b028-4c53-a657-872ed973be73:c5885, 15654dff-55cd-4f70-96d8-4abf0c061563:c5885]
2019-07-09 15:04:54,125 INFO  client.GrpcClientProtocolClient (GrpcClientProtocolClient.java:onNext(255)) - client-A9DCF8B8BD5B->529edf8e-8eae-4246-b33f-5e44130d441c: receive RaftClientReply:client-A9DCF8B8BD5B->529edf8e-8eae-4246-b33f-5e44130d441c@group-A1CD1332DC7D, cid=3895, SUCCESS, logIndex=5888, commits[529edf8e-8eae-4246-b33f-5e44130d441c:c5888, 79bffca9-b028-4c53-a657-872ed973be73:c5885, 15654dff-55cd-4f70-96d8-4abf0c061563:c5885]
 0.00% |█                                                                                                    |  0/1 Time: 0:00:37 0.00% |█                                                                                                    |  0/1 Time: 0:00:38 0.00% |█                                                                                                    |  0/1 Time: 0:00:392019-07-09 15:04:57,120 WARN  server.GrpcLogAppender (GrpcLogAppender.java:timeoutAppendRequest(200)) - GrpcLogAppender(529edf8e-8eae-4246-b33f-5e44130d441c->15654dff-55cd-4f70-96d8-4abf0c061563): appendEntries Timeout, request=529edf8e-8eae-4246-b33f-5e44130d441c->15654dff-55cd-4f70-96d8-4abf0c061563#5929-t1, previous=(t:1, i:5888), leaderCommit=5885, initializing? false, entries: size=1, first=(t:1, i:5889), METADATAENTRY(c5887)
2019-07-09 15:04:57,120 WARN  server.GrpcLogAppender (GrpcLogAppender.java:timeoutAppendRequest(200)) - GrpcLogAppender(529edf8e-8eae-4246-b33f-5e44130d441c->79bffca9-b028-4c53-a657-872ed973be73): appendEntries Timeout, request=529edf8e-8eae-4246-b33f-5e44130d441c->79bffca9-b028-4c53-a657-872ed973be73#5929-t1, previous=(t:1, i:5888), leaderCommit=5885, initializing? false, entries: size=1, first=(t:1, i:5889), METADATAENTRY(c5887)
2019-07-09 15:04:57,124 WARN  server.GrpcLogAppender (GrpcLogAppender.java:timeoutAppendRequest(200)) - GrpcLogAppender(529edf8e-8eae-4246-b33f-5e44130d441c->15654dff-55cd-4f70-96d8-4abf0c061563): appendEntries Timeout, request=529edf8e-8eae-4246-b33f-5e44130d441c->15654dff-55cd-4f70-96d8-4abf0c061563#5930-t1, previous=(t:1, i:5889), leaderCommit=5885, initializing? false, entries: size=1, first=(t:1, i:5890), METADATAENTRY(c5888)
2019-07-09 15:04:57,124 WARN  server.GrpcLogAppender (GrpcLogAppender.java:timeoutAppendRequest(200)) - GrpcLogAppender(529edf8e-8eae-4246-b33f-5e44130d441c->79bffca9-b028-4c53-a657-872ed973be73): appendEntries Timeout, request=529edf8e-8eae-4246-b33f-5e44130d441c->79bffca9-b028-4c53-a657-872ed973be73#5930-t1, previous=(t:1, i:5889), leaderCommit=5885, initializing? false, entries: size=1, first=(t:1, i:5890), METADATAENTRY(c5888)
2019-07-09 15:04:57,370 WARN  server.GrpcLogAppender (GrpcLogAppender.java:onNextImpl(250)) - org.apache.ratis.grpc.server.GrpcLogAppender$AppendLogResponseHandler@1fd29aec: Request not found, ignoring reply: 529edf8e-8eae-4246-b33f-5e44130d441c<-79bffca9-b028-4c53-a657-872ed973be73#5929:OK,SUCCESS,nextIndex:5890,term:1,followerCommit:5888
2019-07-09 15:04:57,370 WARN  server.GrpcLogAppender (GrpcLogAppender.java:onNextImpl(250)) - org.apache.ratis.grpc.server.GrpcLogAppender$AppendLogResponseHandler@54514e70: Request not found, ignoring reply: 529edf8e-8eae-4246-b33f-5e44130d441c<-15654dff-55cd-4f70-96d8-4abf0c061563#5929:OK,SUCCESS,nextIndex:5890,term:1,followerCommit:5888
2019-07-09 15:04:57,620 WARN  server.GrpcLogAppender (GrpcLogAppender.java:timeoutAppendRequest(200)) - GrpcLogAppender(529edf8e-8eae-4246-b33f-5e44130d441c->79bffca9-b028-4c53-a657-872ed973be73): appendEntries Timeout, request=529edf8e-8eae-4246-b33f-5e44130d441c->79bffca9-b028-4c53-a657-872ed973be73#5931-t1, previous=(t:1, i:5890), leaderCommit=5888, initializing? false, entries: <empty>
2019-07-09 15:04:57,620 WARN  server.GrpcLogAppender (GrpcLogAppender.java:timeoutAppendRequest(200)) - GrpcLogAppender(529edf8e-8eae-4246-b33f-5e44130d441c->15654dff-55cd-4f70-96d8-4abf0c061563): appendEntries Timeout, request=529edf8e-8eae-4246-b33f-5e44130d441c->15654dff-55cd-4f70-96d8-4abf0c061563#5931-t1, previous=(t:1, i:5890), leaderCommit=5888, initializing? false, entries: <empty>
 0.00% |█                                                                                                    |  0/1 Time: 0:00:402019-07-09 15:04:58,120 WARN  server.GrpcLogAppender (GrpcLogAppender.java:timeoutAppendRequest(200)) - GrpcLogAppender(529edf8e-8eae-4246-b33f-5e44130d441c->15654dff-55cd-4f70-96d8-4abf0c061563): appendEntries Timeout, request=529edf8e-8eae-4246-b33f-5e44130d441c->15654dff-55cd-4f70-96d8-4abf0c061563#5932-t1, previous=(t:1, i:5890), leaderCommit=5888, initializing? false, entries: <empty>
2019-07-09 15:04:58,120 WARN  server.GrpcLogAppender (GrpcLogAppender.java:timeoutAppendRequest(200)) - GrpcLogAppender(529edf8e-8eae-4246-b33f-5e44130d441c->79bffca9-b028-4c53-a657-872ed973be73): appendEntries Timeout, request=529edf8e-8eae-4246-b33f-5e44130d441c->79bffca9-b028-4c53-a657-872ed973be73#5932-t1, previous=(t:1, i:5890), leaderCommit=5888, initializing? false, entries: <empty>
2019-07-09 15:04:58,375 WARN  server.GrpcLogAppender (GrpcLogAppender.java:onNextImpl(250)) - org.apache.ratis.grpc.server.GrpcLogAppender$AppendLogResponseHandler@1fd29aec: Request not found, ignoring reply: 529edf8e-8eae-4246-b33f-5e44130d441c<-79bffca9-b028-4c53-a657-872ed973be73#5930:OK,SUCCESS,nextIndex:5891,term:1,followerCommit:5888
2019-07-09 15:04:58,376 WARN  server.GrpcLogAppender (GrpcLogAppender.java:onNextImpl(250)) - org.apache.ratis.grpc.server.GrpcLogAppender$AppendLogResponseHandler@1fd29aec: Request not found, ignoring reply: 529edf8e-8eae-4246-b33f-5e44130d441c<-79bffca9-b028-4c53-a657-872ed973be73#5931:OK,SUCCESS,nextIndex:5891,term:1,followerCommit:5888
2019-07-09 15:04:58,376 WARN  server.GrpcLogAppender (GrpcLogAppender.java:onNextImpl(250)) - org.apache.ratis.grpc.server.GrpcLogAppender$AppendLogResponseHandler@1fd29aec: Request not found, ignoring reply: 529edf8e-8eae-4246-b33f-5e44130d441c<-79bffca9-b028-4c53-a657-872ed973be73#5932:OK,SUCCESS,nextIndex:5891,term:1,followerCommit:5888
2019-07-09 15:04:58,381 WARN  server.GrpcLogAppender (GrpcLogAppender.java:onNextImpl(250)) - org.apache.ratis.grpc.server.GrpcLogAppender$AppendLogResponseHandler@54514e70: Request not found, ignoring reply: 529edf8e-8eae-4246-b33f-5e44130d441c<-15654dff-55cd-4f70-96d8-4abf0c061563#5930:OK,SUCCESS,nextIndex:5891,term:1,followerCommit:5888
2019-07-09 15:04:58,381 WARN  server.GrpcLogAppender (GrpcLogAppender.java:onNextImpl(250)) - org.apache.ratis.grpc.server.GrpcLogAppender$AppendLogResponseHandler@54514e70: Request not found, ignoring reply: 529edf8e-8eae-4246-b33f-5e44130d441c<-15654dff-55cd-4f70-96d8-4abf0c061563#5931:OK,SUCCESS,nextIndex:5891,term:1,followerCommit:5888
2019-07-09 15:04:58,381 WARN  server.GrpcLogAppender (GrpcLogAppender.java:onNextImpl(250)) - org.apache.ratis.grpc.server.GrpcLogAppender$AppendLogResponseHandler@54514e70: Request not found, ignoring reply: 529edf8e-8eae-4246-b33f-5e44130d441c<-15654dff-55cd-4f70-96d8-4abf0c061563#5932:OK,SUCCESS,nextIndex:5891,term:1,followerCommit:5888
2019-07-09 15:04:58,382 INFO  client.GrpcClientProtocolClient (GrpcClientProtocolClient.java:onNext(255)) - client-A9DCF8B8BD5B->529edf8e-8eae-4246-b33f-5e44130d441c: receive RaftClientReply:client-A9DCF8B8BD5B->529edf8e-8eae-4246-b33f-5e44130d441c@group-A1CD1332DC7D, cid=3896, SUCCESS, logIndex=0, commits[529edf8e-8eae-4246-b33f-5e44130d441c:c5890, 79bffca9-b028-4c53-a657-872ed973be73:c5888, 15654dff-55cd-4f70-96d8-4abf0c061563:c5888]
2019-07-09 15:04:58,383 INFO  client.GrpcClientProtocolClient (GrpcClientProtocolClient.java:onNext(255)) - client-A9DCF8B8BD5B->529edf8e-8eae-4246-b33f-5e44130d441c: receive RaftClientReply:client-A9DCF8B8BD5B->529edf8e-8eae-4246-b33f-5e44130d441c@group-A1CD1332DC7D, cid=3896, SUCCESS, logIndex=0, commits[529edf8e-8eae-4246-b33f-5e44130d441c:c5890, 79bffca9-b028-4c53-a657-872ed973be73:c5888, 15654dff-55cd-4f70-96d8-4abf0c061563:c5888]
2019-07-09 15:04:58,426 INFO  client.GrpcClientProtocolClient (GrpcClientProtocolClient.java:onNext(255)) - client-A9DCF8B8BD5B->529edf8e-8eae-4246-b33f-5e44130d441c: receive RaftClientReply:client-A9DCF8B8BD5B->529edf8e-8eae-4246-b33f-5e44130d441c@group-A1CD1332DC7D, cid=3897, SUCCESS, logIndex=5891, commits[529edf8e-8eae-4246-b33f-5e44130d441c:c5894, 79bffca9-b028-4c53-a657-872ed973be73:c5890, 15654dff-55cd-4f70-96d8-4abf0c061563:c5890]
2019-07-09 15:04:58,428 INFO  client.GrpcClientProtocolClient (GrpcClientProtocolClient.java:onNext(255)) - client-A9DCF8B8BD5B->529edf8e-8eae-4246-b33f-5e44130d441c: receive RaftClientReply:client-A9DCF8B8BD5B->529edf8e-8eae-4246-b33f-5e44130d441c@group-A1CD1332DC7D, cid=3898, SUCCESS, logIndex=5892, commits[529edf8e-8eae-4246-b33f-5e44130d441c:c5894, 79bffca9-b028-4c53-a657-872ed973be73:c5890, 15654dff-55cd-4f70-96d8-4abf0c061563:c5890]
2019-07-09 15:04:58,428 INFO  client.GrpcClientProtocolClient (GrpcClientProtocolClient.java:onNext(255)) - client-A9DCF8B8BD5B->529edf8e-8eae-4246-b33f-5e44130d441c: receive RaftClientReply:client-A9DCF8B8BD5B->529edf8e-8eae-4246-b33f-5e44130d441c@group-A1CD1332DC7D, cid=3899, SUCCESS, logIndex=5893, commits[529edf8e-8eae-4246-b33f-5e44130d441c:c5895, 79bffca9-b028-4c53-a657-872ed973be73:c5891, 15654dff-55cd-4f70-96d8-4abf0c061563:c5890]
2019-07-09 15:04:58,429 INFO  client.GrpcClientProtocolClient (GrpcClientProtocolClient.java:onNext(255)) - client-A9DCF8B8BD5B->529edf8e-8eae-4246-b33f-5e44130d441c: receive RaftClientReply:client-A9DCF8B8BD5B->529edf8e-8eae-4246-b33f-5e44130d441c@group-A1CD1332DC7D, cid=3900, SUCCESS, logIndex=5894, commits[529edf8e-8eae-4246-b33f-5e44130d441c:c5895, 79bffca9-b028-4c53-a657-872ed973be73:c5891, 15654dff-55cd-4f70-96d8-4abf0c061563:c5891]
2019-07-09 15:04:58,430 INFO  client.GrpcClientProtocolClient (GrpcClientProtocolClient.java:onNext(255)) - client-A9DCF8B8BD5B->529edf8e-8eae-4246-b33f-5e44130d441c: receive RaftClientReply:client-A9DCF8B8BD5B->529edf8e-8eae-4246-b33f-5e44130d441c@group-A1CD1332DC7D, cid=3901, SUCCESS, logIndex=0, commits[529edf8e-8eae-4246-b33f-5e44130d441c:c5898, 79bffca9-b028-4c53-a657-872ed973be73:c5894, 15654dff-55cd-4f70-96d8-4abf0c061563:c5894]
2019-07-09 15:04:58,458 INFO  client.GrpcClientProtocolClient (GrpcClientProtocolClient.java:onNext(255)) - client-A9DCF8B8BD5B->529edf8e-8eae-4246-b33f-5e44130d441c: receive RaftClientReply:client-A9DCF8B8BD5B->529edf8e-8eae-4246-b33f-5e44130d441c@group-A1CD1332DC7D, cid=3902, SUCCESS, logIndex=5899, commits[529edf8e-8eae-4246-b33f-5e44130d441c:c5900, 79bffca9-b028-4c53-a657-872ed973be73:c5898, 15654dff-55cd-4f70-96d8-4abf0c061563:c5898]
2019-07-09 15:04:58,458 INFO  client.GrpcClientProtocolClient (GrpcClientProtocolClient.java:onNext(255)) - client-A9DCF8B8BD5B->529edf8e-8eae-4246-b33f-5e44130d441c: receive RaftClientReply:client-A9DCF8B8BD5B->529edf8e-8eae-4246-b33f-5e44130d441c@group-A1CD1332DC7D, cid=3903, SUCCESS, logIndex=5900, commits[529edf8e-8eae-4246-b33f-5e44130d441c:c5900, 79bffca9-b028-4c53-a657-872ed973be73:c5898, 15654dff-55cd-4f70-96d8-4abf0c061563:c5898]
2019-07-09 15:04:58,475 INFO  client.GrpcClientProtocolClient (GrpcClientProtocolClient.java:onNext(255)) - client-A9DCF8B8BD5B->529edf8e-8eae-4246-b33f-5e44130d441c: receive RaftClientReply:client-A9DCF8B8BD5B->529edf8e-8eae-4246-b33f-5e44130d441c@group-A1CD1332DC7D, cid=3904, SUCCESS, logIndex=5903, commits[529edf8e-8eae-4246-b33f-5e44130d441c:c5904, 79bffca9-b028-4c53-a657-872ed973be73:c5900, 15654dff-55cd-4f70-96d8-4abf0c061563:c5899]
2019-07-09 15:04:58,475 INFO  client.GrpcClientProtocolClient (GrpcClientProtocolClient.java:onNext(255)) - client-A9DCF8B8BD5B->529edf8e-8eae-4246-b33f-5e44130d441c: receive RaftClientReply:client-A9DCF8B8BD5B->529edf8e-8eae-4246-b33f-5e44130d441c@group-A1CD1332DC7D, cid=3905, SUCCESS, logIndex=5904, commits[529edf8e-8eae-4246-b33f-5e44130d441c:c5904, 79bffca9-b028-4c53-a657-872ed973be73:c5900, 15654dff-55cd-4f70-96d8-4abf0c061563:c5899]
2019-07-09 15:04:58,479 INFO  client.GrpcClientProtocolClient (GrpcClientProtocolClient.java:onNext(255)) - client-A9DCF8B8BD5B->529edf8e-8eae-4246-b33f-5e44130d441c: receive RaftClientReply:client-A9DCF8B8BD5B->529edf8e-8eae-4246-b33f-5e44130d441c@group-A1CD1332DC7D, cid=3906, SUCCESS, logIndex=0, commits[529edf8e-8eae-4246-b33f-5e44130d441c:c5906, 79bffca9-b028-4c53-a657-872ed973be73:c5904, 15654dff-55cd-4f70-96d8-4abf0c061563:c5900]
2019-07-09 15:04:58,490 INFO  client.GrpcClientProtocolClient (GrpcClientProtocolClient.java:onNext(255)) - client-A9DCF8B8BD5B->529edf8e-8eae-4246-b33f-5e44130d441c: receive RaftClientReply:client-A9DCF8B8BD5B->529edf8e-8eae-4246-b33f-5e44130d441c@group-A1CD1332DC7D, cid=3907, SUCCESS, logIndex=0, commits[529edf8e-8eae-4246-b33f-5e44130d441c:c5906, 79bffca9-b028-4c53-a657-872ed973be73:c5904, 15654dff-55cd-4f70-96d8-4abf0c061563:c5904]
2019-07-09 15:04:58,520 INFO  client.GrpcClientProtocolClient (GrpcClientProtocolClient.java:onNext(255)) - client-A9DCF8B8BD5B->529edf8e-8eae-4246-b33f-5e44130d441c: receive RaftClientReply:client-A9DCF8B8BD5B->529edf8e-8eae-4246-b33f-5e44130d441c@group-A1CD1332DC7D, cid=3908, SUCCESS, logIndex=5907, commits[529edf8e-8eae-4246-b33f-5e44130d441c:c5910, 79bffca9-b028-4c53-a657-872ed973be73:c5906, 15654dff-55cd-4f70-96d8-4abf0c061563:c5906]
2019-07-09 15:04:58,521 INFO  client.GrpcClientProtocolClient (GrpcClientProtocolClient.java:onNext(255)) - client-A9DCF8B8BD5B->529edf8e-8eae-4246-b33f-5e44130d441c: receive RaftClientReply:client-A9DCF8B8BD5B->529edf8e-8eae-4246-b33f-5e44130d441c@group-A1CD1332DC7D, cid=3909, SUCCESS, logIndex=5908, commits[529edf8e-8eae-4246-b33f-5e44130d441c:c5910, 79bffca9-b028-4c53-a657-872ed973be73:c5906, 15654dff-55cd-4f70-96d8-4abf0c061563:c5906]
2019-07-09 15:04:58,521 INFO  client.GrpcClientProtocolClient (GrpcClientProtocolClient.java:onNext(255)) - client-A9DCF8B8BD5B->529edf8e-8eae-4246-b33f-5e44130d441c: receive RaftClientReply:client-A9DCF8B8BD5B->529edf8e-8eae-4246-b33f-5e44130d441c@group-A1CD1332DC7D, cid=3910, SUCCESS, logIndex=5909, commits[529edf8e-8eae-4246-b33f-5e44130d441c:c5910, 79bffca9-b028-4c53-a657-872ed973be73:c5906, 15654dff-55cd-4f70-96d8-4abf0c061563:c5906]
2019-07-09 15:04:58,522 INFO  client.GrpcClientProtocolClient (GrpcClientProtocolClient.java:onNext(255)) - client-A9DCF8B8BD5B->529edf8e-8eae-4246-b33f-5e44130d441c: receive RaftClientReply:client-A9DCF8B8BD5B->529edf8e-8eae-4246-b33f-5e44130d441c@group-A1CD1332DC7D, cid=3911, SUCCESS, logIndex=5910, commits[529edf8e-8eae-4246-b33f-5e44130d441c:c5910, 79bffca9-b028-4c53-a657-872ed973be73:c5906, 15654dff-55cd-4f70-96d8-4abf0c061563:c5906]
2019-07-09 15:04:58,523 INFO  client.GrpcClientProtocolClient (GrpcClientProtocolClient.java:onNext(255)) - client-A9DCF8B8BD5B->529edf8e-8eae-4246-b33f-5e44130d441c: receive RaftClientReply:client-A9DCF8B8BD5B->529edf8e-8eae-4246-b33f-5e44130d441c@group-A1CD1332DC7D, cid=3912, SUCCESS, logIndex=0, commits[529edf8e-8eae-4246-b33f-5e44130d441c:c5913, 79bffca9-b028-4c53-a657-872ed973be73:c5909, 15654dff-55cd-4f70-96d8-4abf0c061563:c5908]
2019-07-09 15:04:58,536 INFO  client.GrpcClientProtocolClient (GrpcClientProtocolClient.java:onNext(255)) - client-A9DCF8B8BD5B->529edf8e-8eae-4246-b33f-5e44130d441c: receive RaftClientReply:client-A9DCF8B8BD5B->529edf8e-8eae-4246-b33f-5e44130d441c@group-A1CD1332DC7D, cid=3913, SUCCESS, logIndex=5915, commits[529edf8e-8eae-4246-b33f-5e44130d441c:c5916, 79bffca9-b028-4c53-a657-872ed973be73:c5914, 15654dff-55cd-4f70-96d8-4abf0c061563:c5914]
2019-07-09 15:04:58,536 INFO  client.GrpcClientProtocolClient (GrpcClientProtocolClient.java:onNext(255)) - client-A9DCF8B8BD5B->529edf8e-8eae-4246-b33f-5e44130d441c: receive RaftClientReply:client-A9DCF8B8BD5B->529edf8e-8eae-4246-b33f-5e44130d441c@group-A1CD1332DC7D, cid=3914, SUCCESS, logIndex=5916, commits[529edf8e-8eae-4246-b33f-5e44130d441c:c5916, 79bffca9-b028-4c53-a657-872ed973be73:c5914, 15654dff-55cd-4f70-96d8-4abf0c061563:c5914]
2019-07-09 15:04:58,549 INFO  client.GrpcClientProtocolClient (GrpcClientProtocolClient.java:onNext(255)) - client-A9DCF8B8BD5B->529edf8e-8eae-4246-b33f-5e44130d441c: receive RaftClientReply:client-A9DCF8B8BD5B->529edf8e-8eae-4246-b33f-5e44130d441c@group-A1CD1332DC7D, cid=3915, SUCCESS, logIndex=5919, commits[529edf8e-8eae-4246-b33f-5e44130d441c:c5920, 79bffca9-b028-4c53-a657-872ed973be73:c5916, 15654dff-55cd-4f70-96d8-4abf0c061563:c5916]
2019-07-09 15:04:58,550 INFO  client.GrpcClientProtocolClient (GrpcClientProtocolClient.java:onNext(255)) - client-A9DCF8B8BD5B->529edf8e-8eae-4246-b33f-5e44130d441c: receive RaftClientReply:client-A9DCF8B8BD5B->529edf8e-8eae-4246-b33f-5e44130d441c@group-A1CD1332DC7D, cid=3916, SUCCESS, logIndex=5920, commits[529edf8e-8eae-4246-b33f-5e44130d441c:c5920, 79bffca9-b028-4c53-a657-872ed973be73:c5916, 15654dff-55cd-4f70-96d8-4abf0c061563:c5916]
2019-07-09 15:04:58,562 INFO  client.GrpcClientProtocolClient (GrpcClientProtocolClient.java:onNext(255)) - client-A9DCF8B8BD5B->529edf8e-8eae-4246-b33f-5e44130d441c: receive RaftClientReply:client-A9DCF8B8BD5B->529edf8e-8eae-4246-b33f-5e44130d441c@group-A1CD1332DC7D, cid=3917, SUCCESS, logIndex=0, commits[529edf8e-8eae-4246-b33f-5e44130d441c:c5922, 79bffca9-b028-4c53-a657-872ed973be73:c5920, 15654dff-55cd-4f70-96d8-4abf0c061563:c5920]
2019-07-09 15:04:58,597 INFO  client.GrpcClientProtocolClient (GrpcClientProtocolClient.java:onNext(255)) - client-A9DCF8B8BD5B->529edf8e-8eae-4246-b33f-5e44130d441c: receive RaftClientReply:client-A9DCF8B8BD5B->529edf8e-8eae-4246-b33f-5e44130d441c@group-A1CD1332DC7D, cid=3918, SUCCESS, logIndex=5923, commits[529edf8e-8eae-4246-b33f-5e44130d441c:c5925, 79bffca9-b028-4c53-a657-872ed973be73:c5922, 15654dff-55cd-4f70-96d8-4abf0c061563:c5922]
2019-07-09 15:04:58,598 INFO  client.GrpcClientProtocolClient (GrpcClientProtocolClient.java:onNext(255)) - client-A9DCF8B8BD5B->529edf8e-8eae-4246-b33f-5e44130d441c: receive RaftClientReply:client-A9DCF8B8BD5B->529edf8e-8eae-4246-b33f-5e44130d441c@group-A1CD1332DC7D, cid=3919, SUCCESS, logIndex=5924, commits[529edf8e-8eae-4246-b33f-5e44130d441c:c5926, 79bffca9-b028-4c53-a657-872ed973be73:c5922, 15654dff-55cd-4f70-96d8-4abf0c061563:c5922]
2019-07-09 15:04:58,598 INFO  client.GrpcClientProtocolClient (GrpcClientProtocolClient.java:onNext(255)) - client-A9DCF8B8BD5B->529edf8e-8eae-4246-b33f-5e44130d441c: receive RaftClientReply:client-A9DCF8B8BD5B->529edf8e-8eae-4246-b33f-5e44130d441c@group-A1CD1332DC7D, cid=3920, SUCCESS, logIndex=5925, commits[529edf8e-8eae-4246-b33f-5e44130d441c:c5926, 79bffca9-b028-4c53-a657-872ed973be73:c5922, 15654dff-55cd-4f70-96d8-4abf0c061563:c5922]
2019-07-09 15:04:58,598 INFO  client.GrpcClientProtocolClient (GrpcClientProtocolClient.java:onNext(255)) - client-A9DCF8B8BD5B->529edf8e-8eae-4246-b33f-5e44130d441c: receive RaftClientReply:client-A9DCF8B8BD5B->529edf8e-8eae-4246-b33f-5e44130d441c@group-A1CD1332DC7D, cid=3921, SUCCESS, logIndex=5926, commits[529edf8e-8eae-4246-b33f-5e44130d441c:c5926, 79bffca9-b028-4c53-a657-872ed973be73:c5922, 15654dff-55cd-4f70-96d8-4abf0c061563:c5922]
2019-07-09 15:04:58,610 INFO  client.GrpcClientProtocolClient (GrpcClientProtocolClient.java:onNext(255)) - client-A9DCF8B8BD5B->529edf8e-8eae-4246-b33f-5e44130d441c: receive RaftClientReply:client-A9DCF8B8BD5B->529edf8e-8eae-4246-b33f-5e44130d441c@group-A1CD1332DC7D, cid=3922, SUCCESS, logIndex=0, commits[529edf8e-8eae-4246-b33f-5e44130d441c:c5929, 79bffca9-b028-4c53-a657-872ed973be73:c5925, 15654dff-55cd-4f70-96d8-4abf0c061563:c5924]
2019-07-09 15:04:58,622 INFO  client.GrpcClientProtocolClient (GrpcClientProtocolClient.java:onNext(255)) - client-A9DCF8B8BD5B->529edf8e-8eae-4246-b33f-5e44130d441c: receive RaftClientReply:client-A9DCF8B8BD5B->529edf8e-8eae-4246-b33f-5e44130d441c@group-A1CD1332DC7D, cid=3923, SUCCESS, logIndex=5931, commits[529edf8e-8eae-4246-b33f-5e44130d441c:c5932, 79bffca9-b028-4c53-a657-872ed973be73:c5930, 15654dff-55cd-4f70-96d8-4abf0c061563:c5930]
2019-07-09 15:04:58,622 INFO  client.GrpcClientProtocolClient (GrpcClientProtocolClient.java:onNext(255)) - client-A9DCF8B8BD5B->529edf8e-8eae-4246-b33f-5e44130d441c: receive RaftClientReply:client-A9DCF8B8BD5B->529edf8e-8eae-4246-b33f-5e44130d441c@group-A1CD1332DC7D, cid=3924, SUCCESS, logIndex=5932, commits[529edf8e-8eae-4246-b33f-5e44130d441c:c5932, 79bffca9-b028-4c53-a657-872ed973be73:c5930, 15654dff-55cd-4f70-96d8-4abf0c061563:c5930]
2019-07-09 15:04:58,635 INFO  client.GrpcClientProtocolClient (GrpcClientProtocolClient.java:onNext(255)) - client-A9DCF8B8BD5B->529edf8e-8eae-4246-b33f-5e44130d441c: receive RaftClientReply:client-A9DCF8B8BD5B->529edf8e-8eae-4246-b33f-5e44130d441c@group-A1CD1332DC7D, cid=3925, SUCCESS, logIndex=5935, commits[529edf8e-8eae-4246-b33f-5e44130d441c:c5936, 79bffca9-b028-4c53-a657-872ed973be73:c5931, 15654dff-55cd-4f70-96d8-4abf0c061563:c5932]
2019-07-09 15:04:58,636 INFO  client.GrpcClientProtocolClient (GrpcClientProtocolClient.java:onNext(255)) - client-A9DCF8B8BD5B->529edf8e-8eae-4246-b33f-5e44130d441c: receive RaftClientReply:client-A9DCF8B8BD5B->529edf8e-8eae-4246-b33f-5e44130d441c@group-A1CD1332DC7D, cid=3926, SUCCESS, logIndex=5936, commits[529edf8e-8eae-4246-b33f-5e44130d441c:c5936, 79bffca9-b028-4c53-a657-872ed973be73:c5932, 15654dff-55cd-4f70-96d8-4abf0c061563:c5932]
2019-07-09 15:04:58,651 INFO  client.GrpcClientProtocolClient (GrpcClientProtocolClient.java:onNext(255)) - client-A9DCF8B8BD5B->529edf8e-8eae-4246-b33f-5e44130d441c: receive RaftClientReply:client-A9DCF8B8BD5B->529edf8e-8eae-4246-b33f-5e44130d441c@group-A1CD1332DC7D, cid=3927, SUCCESS, logIndex=0, commits[529edf8e-8eae-4246-b33f-5e44130d441c:c5938, 79bffca9-b028-4c53-a657-872ed973be73:c5936, 15654dff-55cd-4f70-96d8-4abf0c061563:c5936]
2019-07-09 15:04:58,698 INFO  client.GrpcClientProtocolClient (GrpcClientProtocolClient.java:onNext(255)) - client-A9DCF8B8BD5B->529edf8e-8eae-4246-b33f-5e44130d441c: receive RaftClientReply:client-A9DCF8B8BD5B->529edf8e-8eae-4246-b33f-5e44130d441c@group-A1CD1332DC7D, cid=3928, SUCCESS, logIndex=5939, commits[529edf8e-8eae-4246-b33f-5e44130d441c:c5941, 79bffca9-b028-4c53-a657-872ed973be73:c5938, 15654dff-55cd-4f70-96d8-4abf0c061563:c5938]
2019-07-09 15:04:58,698 INFO  client.GrpcClientProtocolClient (GrpcClientProtocolClient.java:onNext(255)) - client-A9DCF8B8BD5B->529edf8e-8eae-4246-b33f-5e44130d441c: receive RaftClientReply:client-A9DCF8B8BD5B->529edf8e-8eae-4246-b33f-5e44130d441c@group-A1CD1332DC7D, cid=3929, SUCCESS, logIndex=5940, commits[529edf8e-8eae-4246-b33f-5e44130d441c:c5942, 79bffca9-b028-4c53-a657-872ed973be73:c5938, 15654dff-55cd-4f70-96d8-4abf0c061563:c5938]
2019-07-09 15:04:58,699 INFO  client.GrpcClientProtocolClient (GrpcClientProtocolClient.java:onNext(255)) - client-A9DCF8B8BD5B->529edf8e-8eae-4246-b33f-5e44130d441c: receive RaftClientReply:client-A9DCF8B8BD5B->529edf8e-8eae-4246-b33f-5e44130d441c@group-A1CD1332DC7D, cid=3930, SUCCESS, logIndex=5941, commits[529edf8e-8eae-4246-b33f-5e44130d441c:c5942, 79bffca9-b028-4c53-a657-872ed973be73:c5938, 15654dff-55cd-4f70-96d8-4abf0c061563:c5938]
2019-07-09 15:04:58,699 INFO  client.GrpcClientProtocolClient (GrpcClientProtocolClient.java:onNext(255)) - client-A9DCF8B8BD5B->529edf8e-8eae-4246-b33f-5e44130d441c: receive RaftClientReply:client-A9DCF8B8BD5B->529edf8e-8eae-4246-b33f-5e44130d441c@group-A1CD1332DC7D, cid=3931, SUCCESS, logIndex=5942, commits[529edf8e-8eae-4246-b33f-5e44130d441c:c5942, 79bffca9-b028-4c53-a657-872ed973be73:c5938, 15654dff-55cd-4f70-96d8-4abf0c061563:c5938]
2019-07-09 15:04:58,700 INFO  client.GrpcClientProtocolClient (GrpcClientProtocolClient.java:onNext(255)) - client-A9DCF8B8BD5B->529edf8e-8eae-4246-b33f-5e44130d441c: receive RaftClientReply:client-A9DCF8B8BD5B->529edf8e-8eae-4246-b33f-5e44130d441c@group-A1CD1332DC7D, cid=3932, SUCCESS, logIndex=0, commits[529edf8e-8eae-4246-b33f-5e44130d441c:c5943, 79bffca9-b028-4c53-a657-872ed973be73:c5940, 15654dff-55cd-4f70-96d8-4abf0c061563:c5941]
2019-07-09 15:04:58,721 INFO  client.GrpcClientProtocolClient (GrpcClientProtocolClient.java:onNext(255)) - client-A9DCF8B8BD5B->529edf8e-8eae-4246-b33f-5e44130d441c: receive RaftClientReply:client-A9DCF8B8BD5B->529edf8e-8eae-4246-b33f-5e44130d441c@group-A1CD1332DC7D, cid=3933, SUCCESS, logIndex=5947, commits[529edf8e-8eae-4246-b33f-5e44130d441c:c5948, 79bffca9-b028-4c53-a657-872ed973be73:c5946, 15654dff-55cd-4f70-96d8-4abf0c061563:c5946]
2019-07-09 15:04:58,722 INFO  client.GrpcClientProtocolClient (GrpcClientProtocolClient.java:onNext(255)) - client-A9DCF8B8BD5B->529edf8e-8eae-4246-b33f-5e44130d441c: receive RaftClientReply:client-A9DCF8B8BD5B->529edf8e-8eae-4246-b33f-5e44130d441c@group-A1CD1332DC7D, cid=3934, SUCCESS, logIndex=5948, commits[529edf8e-8eae-4246-b33f-5e44130d441c:c5948, 79bffca9-b028-4c53-a657-872ed973be73:c5946, 15654dff-55cd-4f70-96d8-4abf0c061563:c5946]
2019-07-09 15:04:58,735 INFO  client.GrpcClientProtocolClient (GrpcClientProtocolClient.java:onNext(255)) - client-A9DCF8B8BD5B->529edf8e-8eae-4246-b33f-5e44130d441c: receive RaftClientReply:client-A9DCF8B8BD5B->529edf8e-8eae-4246-b33f-5e44130d441c@group-A1CD1332DC7D, cid=3935, SUCCESS, logIndex=5951, commits[529edf8e-8eae-4246-b33f-5e44130d441c:c5952, 79bffca9-b028-4c53-a657-872ed973be73:c5948, 15654dff-55cd-4f70-96d8-4abf0c061563:c5948]
2019-07-09 15:04:58,735 INFO  client.GrpcClientProtocolClient (GrpcClientProtocolClient.java:onNext(255)) - client-A9DCF8B8BD5B->529edf8e-8eae-4246-b33f-5e44130d441c: receive RaftClientReply:client-A9DCF8B8BD5B->529edf8e-8eae-4246-b33f-5e44130d441c@group-A1CD1332DC7D, cid=3936, SUCCESS, logIndex=5952, commits[529edf8e-8eae-4246-b33f-5e44130d441c:c5952, 79bffca9-b028-4c53-a657-872ed973be73:c5948, 15654dff-55cd-4f70-96d8-4abf0c061563:c5948]
2019-07-09 15:04:58,759 INFO  client.GrpcClientProtocolClient (GrpcClientProtocolClient.java:onNext(255)) - client-A9DCF8B8BD5B->529edf8e-8eae-4246-b33f-5e44130d441c: receive RaftClientReply:client-A9DCF8B8BD5B->529edf8e-8eae-4246-b33f-5e44130d441c@group-A1CD1332DC7D, cid=3937, SUCCESS, logIndex=0, commits[529edf8e-8eae-4246-b33f-5e44130d441c:c5952, 79bffca9-b028-4c53-a657-872ed973be73:c5952, 15654dff-55cd-4f70-96d8-4abf0c061563:c5952]
2019-07-09 15:04:58,798 INFO  client.GrpcClientProtocolClient (GrpcClientProtocolClient.java:onNext(255)) - client-A9DCF8B8BD5B->529edf8e-8eae-4246-b33f-5e44130d441c: receive RaftClientReply:client-A9DCF8B8BD5B->529edf8e-8eae-4246-b33f-5e44130d441c@group-A1CD1332DC7D, cid=3938, SUCCESS, logIndex=5955, commits[529edf8e-8eae-4246-b33f-5e44130d441c:c5955, 79bffca9-b028-4c53-a657-872ed973be73:c5954, 15654dff-55cd-4f70-96d8-4abf0c061563:c5954]
2019-07-09 15:04:58,798 INFO  client.GrpcClientProtocolClient (GrpcClientProtocolClient.java:onNext(255)) - client-A9DCF8B8BD5B->529edf8e-8eae-4246-b33f-5e44130d441c: receive RaftClientReply:client-A9DCF8B8BD5B->529edf8e-8eae-4246-b33f-5e44130d441c@group-A1CD1332DC7D, cid=3939, SUCCESS, logIndex=5956, commits[529edf8e-8eae-4246-b33f-5e44130d441c:c5958, 79bffca9-b028-4c53-a657-872ed973be73:c5954, 15654dff-55cd-4f70-96d8-4abf0c061563:c5954]
2019-07-09 15:04:58,799 INFO  client.GrpcClientProtocolClient (GrpcClientProtocolClient.java:onNext(255)) - client-A9DCF8B8BD5B->529edf8e-8eae-4246-b33f-5e44130d441c: receive RaftClientReply:client-A9DCF8B8BD5B->529edf8e-8eae-4246-b33f-5e44130d441c@group-A1CD1332DC7D, cid=3940, SUCCESS, logIndex=5957, commits[529edf8e-8eae-4246-b33f-5e44130d441c:c5958, 79bffca9-b028-4c53-a657-872ed973be73:c5954, 15654dff-55cd-4f70-96d8-4abf0c061563:c5954]
2019-07-09 15:04:58,799 INFO  client.GrpcClientProtocolClient (GrpcClientProtocolClient.java:onNext(255)) - client-A9DCF8B8BD5B->529edf8e-8eae-4246-b33f-5e44130d441c: receive RaftClientReply:client-A9DCF8B8BD5B->529edf8e-8eae-4246-b33f-5e44130d441c@group-A1CD1332DC7D, cid=3941, SUCCESS, logIndex=5958, commits[529edf8e-8eae-4246-b33f-5e44130d441c:c5958, 79bffca9-b028-4c53-a657-872ed973be73:c5954, 15654dff-55cd-4f70-96d8-4abf0c061563:c5954]
2019-07-09 15:04:58,815 INFO  client.GrpcClientProtocolClient (GrpcClientProtocolClient.java:onNext(255)) - client-A9DCF8B8BD5B->529edf8e-8eae-4246-b33f-5e44130d441c: receive RaftClientReply:client-A9DCF8B8BD5B->529edf8e-8eae-4246-b33f-5e44130d441c@group-A1CD1332DC7D, cid=3942, SUCCESS, logIndex=0, commits[529edf8e-8eae-4246-b33f-5e44130d441c:c5959, 79bffca9-b028-4c53-a657-872ed973be73:c5957, 15654dff-55cd-4f70-96d8-4abf0c061563:c5957]
2019-07-09 15:04:58,834 INFO  client.GrpcClientProtocolClient (GrpcClientProtocolClient.java:onNext(255)) - client-A9DCF8B8BD5B->529edf8e-8eae-4246-b33f-5e44130d441c: receive RaftClientReply:client-A9DCF8B8BD5B->529edf8e-8eae-4246-b33f-5e44130d441c@group-A1CD1332DC7D, cid=3943, SUCCESS, logIndex=5962, commits[529edf8e-8eae-4246-b33f-5e44130d441c:c5963, 79bffca9-b028-4c53-a657-872ed973be73:c5961, 15654dff-55cd-4f70-96d8-4abf0c061563:c5961]
2019-07-09 15:04:58,835 INFO  client.GrpcClientProtocolClient (GrpcClientProtocolClient.java:onNext(255)) - client-A9DCF8B8BD5B->529edf8e-8eae-4246-b33f-5e44130d441c: receive RaftClientReply:client-A9DCF8B8BD5B->529edf8e-8eae-4246-b33f-5e44130d441c@group-A1CD1332DC7D, cid=3944, SUCCESS, logIndex=5963, commits[529edf8e-8eae-4246-b33f-5e44130d441c:c5963, 79bffca9-b028-4c53-a657-872ed973be73:c5961, 15654dff-55cd-4f70-96d8-4abf0c061563:c5961]
2019-07-09 15:04:58,848 INFO  client.GrpcClientProtocolClient (GrpcClientProtocolClient.java:onNext(255)) - client-A9DCF8B8BD5B->529edf8e-8eae-4246-b33f-5e44130d441c: receive RaftClientReply:client-A9DCF8B8BD5B->529edf8e-8eae-4246-b33f-5e44130d441c@group-A1CD1332DC7D, cid=3945, SUCCESS, logIndex=5966, commits[529edf8e-8eae-4246-b33f-5e44130d441c:c5967, 79bffca9-b028-4c53-a657-872ed973be73:c5963, 15654dff-55cd-4f70-96d8-4abf0c061563:c5963]
2019-07-09 15:04:58,848 INFO  client.GrpcClientProtocolClient (GrpcClientProtocolClient.java:onNext(255)) - client-A9DCF8B8BD5B->529edf8e-8eae-4246-b33f-5e44130d441c: receive RaftClientReply:client-A9DCF8B8BD5B->529edf8e-8eae-4246-b33f-5e44130d441c@group-A1CD1332DC7D, cid=3946, SUCCESS, logIndex=5967, commits[529edf8e-8eae-4246-b33f-5e44130d441c:c5967, 79bffca9-b028-4c53-a657-872ed973be73:c5963, 15654dff-55cd-4f70-96d8-4abf0c061563:c5963]
2019-07-09 15:04:58,861 INFO  client.GrpcClientProtocolClient (GrpcClientProtocolClient.java:onNext(255)) - client-A9DCF8B8BD5B->529edf8e-8eae-4246-b33f-5e44130d441c: receive RaftClientReply:client-A9DCF8B8BD5B->529edf8e-8eae-4246-b33f-5e44130d441c@group-A1CD1332DC7D, cid=3947, SUCCESS, logIndex=0, commits[529edf8e-8eae-4246-b33f-5e44130d441c:c5969, 79bffca9-b028-4c53-a657-872ed973be73:c5967, 15654dff-55cd-4f70-96d8-4abf0c061563:c5967]
2019-07-09 15:04:58,898 INFO  client.GrpcClientProtocolClient (GrpcClientProtocolClient.java:onNext(255)) - client-A9DCF8B8BD5B->529edf8e-8eae-4246-b33f-5e44130d441c: receive RaftClientReply:client-A9DCF8B8BD5B->529edf8e-8eae-4246-b33f-5e44130d441c@group-A1CD1332DC7D, cid=3948, SUCCESS, logIndex=5970, commits[529edf8e-8eae-4246-b33f-5e44130d441c:c5971, 79bffca9-b028-4c53-a657-872ed973be73:c5969, 15654dff-55cd-4f70-96d8-4abf0c061563:c5969]
2019-07-09 15:04:58,898 INFO  client.GrpcClientProtocolClient (GrpcClientProtocolClient.java:onNext(255)) - client-A9DCF8B8BD5B->529edf8e-8eae-4246-b33f-5e44130d441c: receive RaftClientReply:client-A9DCF8B8BD5B->529edf8e-8eae-4246-b33f-5e44130d441c@group-A1CD1332DC7D, cid=3949, SUCCESS, logIndex=5971, commits[529edf8e-8eae-4246-b33f-5e44130d441c:c5973, 79bffca9-b028-4c53-a657-872ed973be73:c5969, 15654dff-55cd-4f70-96d8-4abf0c061563:c5969]
2019-07-09 15:04:58,899 INFO  client.GrpcClientProtocolClient (GrpcClientProtocolClient.java:onNext(255)) - client-A9DCF8B8BD5B->529edf8e-8eae-4246-b33f-5e44130d441c: receive RaftClientReply:client-A9DCF8B8BD5B->529edf8e-8eae-4246-b33f-5e44130d441c@group-A1CD1332DC7D, cid=3950, SUCCESS, logIndex=5972, commits[529edf8e-8eae-4246-b33f-5e44130d441c:c5973, 79bffca9-b028-4c53-a657-872ed973be73:c5969, 15654dff-55cd-4f70-96d8-4abf0c061563:c5969]
2019-07-09 15:04:58,899 INFO  client.GrpcClientProtocolClient (GrpcClientProtocolClient.java:onNext(255)) - client-A9DCF8B8BD5B->529edf8e-8eae-4246-b33f-5e44130d441c: receive RaftClientReply:client-A9DCF8B8BD5B->529edf8e-8eae-4246-b33f-5e44130d441c@group-A1CD1332DC7D, cid=3951, SUCCESS, logIndex=5973, commits[529edf8e-8eae-4246-b33f-5e44130d441c:c5973, 79bffca9-b028-4c53-a657-872ed973be73:c5969, 15654dff-55cd-4f70-96d8-4abf0c061563:c5969]
2019-07-09 15:04:58,910 INFO  client.GrpcClientProtocolClient (GrpcClientProtocolClient.java:onNext(255)) - client-A9DCF8B8BD5B->529edf8e-8eae-4246-b33f-5e44130d441c: receive RaftClientReply:client-A9DCF8B8BD5B->529edf8e-8eae-4246-b33f-5e44130d441c@group-A1CD1332DC7D, cid=3952, SUCCESS, logIndex=0, commits[529edf8e-8eae-4246-b33f-5e44130d441c:c5974, 79bffca9-b028-4c53-a657-872ed973be73:c5971, 15654dff-55cd-4f70-96d8-4abf0c061563:c5971]
2019-07-09 15:04:58,932 INFO  client.GrpcClientProtocolClient (GrpcClientProtocolClient.java:onNext(255)) - client-A9DCF8B8BD5B->529edf8e-8eae-4246-b33f-5e44130d441c: receive RaftClientReply:client-A9DCF8B8BD5B->529edf8e-8eae-4246-b33f-5e44130d441c@group-A1CD1332DC7D, cid=3953, SUCCESS, logIndex=5978, commits[529edf8e-8eae-4246-b33f-5e44130d441c:c5979, 79bffca9-b028-4c53-a657-872ed973be73:c5977, 15654dff-55cd-4f70-96d8-4abf0c061563:c5977]
2019-07-09 15:04:58,933 INFO  client.GrpcClientProtocolClient (GrpcClientProtocolClient.java:onNext(255)) - client-A9DCF8B8BD5B->529edf8e-8eae-4246-b33f-5e44130d441c: receive RaftClientReply:client-A9DCF8B8BD5B->529edf8e-8eae-4246-b33f-5e44130d441c@group-A1CD1332DC7D, cid=3954, SUCCESS, logIndex=5979, commits[529edf8e-8eae-4246-b33f-5e44130d441c:c5979, 79bffca9-b028-4c53-a657-872ed973be73:c5977, 15654dff-55cd-4f70-96d8-4abf0c061563:c5977]
2019-07-09 15:04:58,961 INFO  client.GrpcClientProtocolClient (GrpcClientProtocolClient.java:onNext(255)) - client-A9DCF8B8BD5B->529edf8e-8eae-4246-b33f-5e44130d441c: receive RaftClientReply:client-A9DCF8B8BD5B->529edf8e-8eae-4246-b33f-5e44130d441c@group-A1CD1332DC7D, cid=3955, SUCCESS, logIndex=5982, commits[529edf8e-8eae-4246-b33f-5e44130d441c:c5983, 79bffca9-b028-4c53-a657-872ed973be73:c5979, 15654dff-55cd-4f70-96d8-4abf0c061563:c5979]
2019-07-09 15:04:58,961 INFO  client.GrpcClientProtocolClient (GrpcClientProtocolClient.java:onNext(255)) - client-A9DCF8B8BD5B->529edf8e-8eae-4246-b33f-5e44130d441c: receive RaftClientReply:client-A9DCF8B8BD5B->529edf8e-8eae-4246-b33f-5e44130d441c@group-A1CD1332DC7D, cid=3956, SUCCESS, logIndex=5983, commits[529edf8e-8eae-4246-b33f-5e44130d441c:c5983, 79bffca9-b028-4c53-a657-872ed973be73:c5979, 15654dff-55cd-4f70-96d8-4abf0c061563:c5979]
2019-07-09 15:04:58,962 INFO  client.GrpcClientProtocolClient (GrpcClientProtocolClient.java:onNext(255)) - client-A9DCF8B8BD5B->529edf8e-8eae-4246-b33f-5e44130d441c: receive RaftClientReply:client-A9DCF8B8BD5B->529edf8e-8eae-4246-b33f-5e44130d441c@group-A1CD1332DC7D, cid=3957, SUCCESS, logIndex=0, commits[529edf8e-8eae-4246-b33f-5e44130d441c:c5984, 79bffca9-b028-4c53-a657-872ed973be73:c5983, 15654dff-55cd-4f70-96d8-4abf0c061563:c5983]
2019-07-09 15:04:59,002 INFO  client.GrpcClientProtocolClient (GrpcClientProtocolClient.java:onNext(255)) - client-A9DCF8B8BD5B->529edf8e-8eae-4246-b33f-5e44130d441c: receive RaftClientReply:client-A9DCF8B8BD5B->529edf8e-8eae-4246-b33f-5e44130d441c@group-A1CD1332DC7D, cid=3958, SUCCESS, logIndex=5986, commits[529edf8e-8eae-4246-b33f-5e44130d441c:c5987, 79bffca9-b028-4c53-a657-872ed973be73:c5985, 15654dff-55cd-4f70-96d8-4abf0c061563:c5985]
2019-07-09 15:04:59,002 INFO  client.GrpcClientProtocolClient (GrpcClientProtocolClient.java:onNext(255)) - client-A9DCF8B8BD5B->529edf8e-8eae-4246-b33f-5e44130d441c: receive RaftClientReply:client-A9DCF8B8BD5B->529edf8e-8eae-4246-b33f-5e44130d441c@group-A1CD1332DC7D, cid=3959, SUCCESS, logIndex=5987, commits[529edf8e-8eae-4246-b33f-5e44130d441c:c5988, 79bffca9-b028-4c53-a657-872ed973be73:c5985, 15654dff-55cd-4f70-96d8-4abf0c061563:c5985]
2019-07-09 15:04:59,003 INFO  client.GrpcClientProtocolClient (GrpcClientProtocolClient.java:onNext(255)) - client-A9DCF8B8BD5B->529edf8e-8eae-4246-b33f-5e44130d441c: receive RaftClientReply:client-A9DCF8B8BD5B->529edf8e-8eae-4246-b33f-5e44130d441c@group-A1CD1332DC7D, cid=3960, SUCCESS, logIndex=5988, commits[529edf8e-8eae-4246-b33f-5e44130d441c:c5989, 79bffca9-b028-4c53-a657-872ed973be73:c5985, 15654dff-55cd-4f70-96d8-4abf0c061563:c5985]
2019-07-09 15:04:59,003 INFO  client.GrpcClientProtocolClient (GrpcClientProtocolClient.java:onNext(255)) - client-A9DCF8B8BD5B->529edf8e-8eae-4246-b33f-5e44130d441c: receive RaftClientReply:client-A9DCF8B8BD5B->529edf8e-8eae-4246-b33f-5e44130d441c@group-A1CD1332DC7D, cid=3961, SUCCESS, logIndex=5989, commits[529edf8e-8eae-4246-b33f-5e44130d441c:c5989, 79bffca9-b028-4c53-a657-872ed973be73:c5985, 15654dff-55cd-4f70-96d8-4abf0c061563:c5985]
2019-07-09 15:04:59,005 INFO  client.GrpcClientProtocolClient (GrpcClientProtocolClient.java:onNext(255)) - client-A9DCF8B8BD5B->529edf8e-8eae-4246-b33f-5e44130d441c: receive RaftClientReply:client-A9DCF8B8BD5B->529edf8e-8eae-4246-b33f-5e44130d441c@group-A1CD1332DC7D, cid=3962, SUCCESS, logIndex=0, commits[529edf8e-8eae-4246-b33f-5e44130d441c:c5991, 79bffca9-b028-4c53-a657-872ed973be73:c5987, 15654dff-55cd-4f70-96d8-4abf0c061563:c5987]
2019-07-09 15:04:59,026 INFO  client.GrpcClientProtocolClient (GrpcClientProtocolClient.java:onNext(255)) - client-A9DCF8B8BD5B->529edf8e-8eae-4246-b33f-5e44130d441c: receive RaftClientReply:client-A9DCF8B8BD5B->529edf8e-8eae-4246-b33f-5e44130d441c@group-A1CD1332DC7D, cid=3963, SUCCESS, logIndex=5994, commits[529edf8e-8eae-4246-b33f-5e44130d441c:c5995, 79bffca9-b028-4c53-a657-872ed973be73:c5993, 15654dff-55cd-4f70-96d8-4abf0c061563:c5993]
2019-07-09 15:04:59,027 INFO  client.GrpcClientProtocolClient (GrpcClientProtocolClient.java:onNext(255)) - client-A9DCF8B8BD5B->529edf8e-8eae-4246-b33f-5e44130d441c: receive RaftClientReply:client-A9DCF8B8BD5B->529edf8e-8eae-4246-b33f-5e44130d441c@group-A1CD1332DC7D, cid=3964, SUCCESS, logIndex=5995, commits[529edf8e-8eae-4246-b33f-5e44130d441c:c5995, 79bffca9-b028-4c53-a657-872ed973be73:c5993, 15654dff-55cd-4f70-96d8-4abf0c061563:c5993]
2019-07-09 15:04:59,040 INFO  client.GrpcClientProtocolClient (GrpcClientProtocolClient.java:onNext(255)) - client-A9DCF8B8BD5B->529edf8e-8eae-4246-b33f-5e44130d441c: receive RaftClientReply:client-A9DCF8B8BD5B->529edf8e-8eae-4246-b33f-5e44130d441c@group-A1CD1332DC7D, cid=3965, SUCCESS, logIndex=5998, commits[529edf8e-8eae-4246-b33f-5e44130d441c:c5999, 79bffca9-b028-4c53-a657-872ed973be73:c5994, 15654dff-55cd-4f70-96d8-4abf0c061563:c5995]
2019-07-09 15:04:59,040 INFO  client.GrpcClientProtocolClient (GrpcClientProtocolClient.java:onNext(255)) - client-A9DCF8B8BD5B->529edf8e-8eae-4246-b33f-5e44130d441c: receive RaftClientReply:client-A9DCF8B8BD5B->529edf8e-8eae-4246-b33f-5e44130d441c@group-A1CD1332DC7D, cid=3966, SUCCESS, logIndex=5999, commits[529edf8e-8eae-4246-b33f-5e44130d441c:c5999, 79bffca9-b028-4c53-a657-872ed973be73:c5995, 15654dff-55cd-4f70-96d8-4abf0c061563:c5995]
2019-07-09 15:04:59,043 INFO  client.GrpcClientProtocolClient (GrpcClientProtocolClient.java:onNext(255)) - client-A9DCF8B8BD5B->529edf8e-8eae-4246-b33f-5e44130d441c: receive RaftClientReply:client-A9DCF8B8BD5B->529edf8e-8eae-4246-b33f-5e44130d441c@group-A1CD1332DC7D, cid=3967, SUCCESS, logIndex=0, commits[529edf8e-8eae-4246-b33f-5e44130d441c:c6001, 79bffca9-b028-4c53-a657-872ed973be73:c5999, 15654dff-55cd-4f70-96d8-4abf0c061563:c5999]
2019-07-09 15:04:59,071 INFO  client.GrpcClientProtocolClient (GrpcClientProtocolClient.java:onNext(255)) - client-A9DCF8B8BD5B->529edf8e-8eae-4246-b33f-5e44130d441c: receive RaftClientReply:client-A9DCF8B8BD5B->529edf8e-8eae-4246-b33f-5e44130d441c@group-A1CD1332DC7D, cid=3968, SUCCESS, logIndex=6002, commits[529edf8e-8eae-4246-b33f-5e44130d441c:c6003, 79bffca9-b028-4c53-a657-872ed973be73:c6001, 15654dff-55cd-4f70-96d8-4abf0c061563:c6001]
2019-07-09 15:04:59,072 INFO  client.GrpcClientProtocolClient (GrpcClientProtocolClient.java:onNext(255)) - client-A9DCF8B8BD5B->529edf8e-8eae-4246-b33f-5e44130d441c: receive RaftClientReply:client-A9DCF8B8BD5B->529edf8e-8eae-4246-b33f-5e44130d441c@group-A1CD1332DC7D, cid=3969, SUCCESS, logIndex=6003, commits[529edf8e-8eae-4246-b33f-5e44130d441c:c6005, 79bffca9-b028-4c53-a657-872ed973be73:c6001, 15654dff-55cd-4f70-96d8-4abf0c061563:c6001]
2019-07-09 15:04:59,072 INFO  client.GrpcClientProtocolClient (GrpcClientProtocolClient.java:onNext(255)) - client-A9DCF8B8BD5B->529edf8e-8eae-4246-b33f-5e44130d441c: receive RaftClientReply:client-A9DCF8B8BD5B->529edf8e-8eae-4246-b33f-5e44130d441c@group-A1CD1332DC7D, cid=3970, SUCCESS, logIndex=6004, commits[529edf8e-8eae-4246-b33f-5e44130d441c:c6006, 79bffca9-b028-4c53-a657-872ed973be73:c6002, 15654dff-55cd-4f70-96d8-4abf0c061563:c6002]
2019-07-09 15:04:59,073 INFO  client.GrpcClientProtocolClient (GrpcClientProtocolClient.java:onNext(255)) - client-A9DCF8B8BD5B->529edf8e-8eae-4246-b33f-5e44130d441c: receive RaftClientReply:client-A9DCF8B8BD5B->529edf8e-8eae-4246-b33f-5e44130d441c@group-A1CD1332DC7D, cid=3971, SUCCESS, logIndex=6005, commits[529edf8e-8eae-4246-b33f-5e44130d441c:c6006, 79bffca9-b028-4c53-a657-872ed973be73:c6002, 15654dff-55cd-4f70-96d8-4abf0c061563:c6002]
2019-07-09 15:04:59,074 INFO  client.GrpcClientProtocolClient (GrpcClientProtocolClient.java:onNext(255)) - client-A9DCF8B8BD5B->529edf8e-8eae-4246-b33f-5e44130d441c: receive RaftClientReply:client-A9DCF8B8BD5B->529edf8e-8eae-4246-b33f-5e44130d441c@group-A1CD1332DC7D, cid=3972, SUCCESS, logIndex=0, commits[529edf8e-8eae-4246-b33f-5e44130d441c:c6007, 79bffca9-b028-4c53-a657-872ed973be73:c6004, 15654dff-55cd-4f70-96d8-4abf0c061563:c6004]
2019-07-09 15:04:59,099 INFO  client.GrpcClientProtocolClient (GrpcClientProtocolClient.java:onNext(255)) - client-A9DCF8B8BD5B->529edf8e-8eae-4246-b33f-5e44130d441c: receive RaftClientReply:client-A9DCF8B8BD5B->529edf8e-8eae-4246-b33f-5e44130d441c@group-A1CD1332DC7D, cid=3973, SUCCESS, logIndex=6010, commits[529edf8e-8eae-4246-b33f-5e44130d441c:c6011, 79bffca9-b028-4c53-a657-872ed973be73:c6009, 15654dff-55cd-4f70-96d8-4abf0c061563:c6009]
 0.00% |█                                                                                                    |  0/1 Time: 0:00:412019-07-09 15:04:59,099 INFO  client.GrpcClientProtocolClient (GrpcClientProtocolClient.java:onNext(255)) - client-A9DCF8B8BD5B->529edf8e-8eae-4246-b33f-5e44130d441c: receive RaftClientReply:client-A9DCF8B8BD5B->529edf8e-8eae-4246-b33f-5e44130d441c@group-A1CD1332DC7D, cid=3974, SUCCESS, logIndex=6011, commits[529edf8e-8eae-4246-b33f-5e44130d441c:c6011, 79bffca9-b028-4c53-a657-872ed973be73:c6009, 15654dff-55cd-4f70-96d8-4abf0c061563:c6009]
2019-07-09 15:04:59,112 INFO  client.GrpcClientProtocolClient (GrpcClientProtocolClient.java:onNext(255)) - client-A9DCF8B8BD5B->529edf8e-8eae-4246-b33f-5e44130d441c: receive RaftClientReply:client-A9DCF8B8BD5B->529edf8e-8eae-4246-b33f-5e44130d441c@group-A1CD1332DC7D, cid=3975, SUCCESS, logIndex=6014, commits[529edf8e-8eae-4246-b33f-5e44130d441c:c6015, 79bffca9-b028-4c53-a657-872ed973be73:c6011, 15654dff-55cd-4f70-96d8-4abf0c061563:c6011]
2019-07-09 15:04:59,113 INFO  client.GrpcClientProtocolClient (GrpcClientProtocolClient.java:onNext(255)) - client-A9DCF8B8BD5B->529edf8e-8eae-4246-b33f-5e44130d441c: receive RaftClientReply:client-A9DCF8B8BD5B->529edf8e-8eae-4246-b33f-5e44130d441c@group-A1CD1332DC7D, cid=3976, SUCCESS, logIndex=6015, commits[529edf8e-8eae-4246-b33f-5e44130d441c:c6015, 79bffca9-b028-4c53-a657-872ed973be73:c6011, 15654dff-55cd-4f70-96d8-4abf0c061563:c6011]
2019-07-09 15:04:59,125 INFO  client.GrpcClientProtocolClient (GrpcClientProtocolClient.java:onNext(255)) - client-A9DCF8B8BD5B->529edf8e-8eae-4246-b33f-5e44130d441c: receive RaftClientReply:client-A9DCF8B8BD5B->529edf8e-8eae-4246-b33f-5e44130d441c@group-A1CD1332DC7D, cid=3977, SUCCESS, logIndex=0, commits[529edf8e-8eae-4246-b33f-5e44130d441c:c6016, 79bffca9-b028-4c53-a657-872ed973be73:c6015, 15654dff-55cd-4f70-96d8-4abf0c061563:c6015]
2019-07-09 15:04:59,156 INFO  client.GrpcClientProtocolClient (GrpcClientProtocolClient.java:onNext(255)) - client-A9DCF8B8BD5B->529edf8e-8eae-4246-b33f-5e44130d441c: receive RaftClientReply:client-A9DCF8B8BD5B->529edf8e-8eae-4246-b33f-5e44130d441c@group-A1CD1332DC7D, cid=3978, SUCCESS, logIndex=6018, commits[529edf8e-8eae-4246-b33f-5e44130d441c:c6020, 79bffca9-b028-4c53-a657-872ed973be73:c6017, 15654dff-55cd-4f70-96d8-4abf0c061563:c6017]
2019-07-09 15:04:59,156 INFO  client.GrpcClientProtocolClient (GrpcClientProtocolClient.java:onNext(255)) - client-A9DCF8B8BD5B->529edf8e-8eae-4246-b33f-5e44130d441c: receive RaftClientReply:client-A9DCF8B8BD5B->529edf8e-8eae-4246-b33f-5e44130d441c@group-A1CD1332DC7D, cid=3979, SUCCESS, logIndex=6019, commits[529edf8e-8eae-4246-b33f-5e44130d441c:c6021, 79bffca9-b028-4c53-a657-872ed973be73:c6017, 15654dff-55cd-4f70-96d8-4abf0c061563:c6017]
2019-07-09 15:04:59,157 INFO  client.GrpcClientProtocolClient (GrpcClientProtocolClient.java:onNext(255)) - client-A9DCF8B8BD5B->529edf8e-8eae-4246-b33f-5e44130d441c: receive RaftClientReply:client-A9DCF8B8BD5B->529edf8e-8eae-4246-b33f-5e44130d441c@group-A1CD1332DC7D, cid=3980, SUCCESS, logIndex=6020, commits[529edf8e-8eae-4246-b33f-5e44130d441c:c6021, 79bffca9-b028-4c53-a657-872ed973be73:c6017, 15654dff-55cd-4f70-96d8-4abf0c061563:c6017]
2019-07-09 15:04:59,157 INFO  client.GrpcClientProtocolClient (GrpcClientProtocolClient.java:onNext(255)) - client-A9DCF8B8BD5B->529edf8e-8eae-4246-b33f-5e44130d441c: receive RaftClientReply:client-A9DCF8B8BD5B->529edf8e-8eae-4246-b33f-5e44130d441c@group-A1CD1332DC7D, cid=3981, SUCCESS, logIndex=6021, commits[529edf8e-8eae-4246-b33f-5e44130d441c:c6022, 79bffca9-b028-4c53-a657-872ed973be73:c6018, 15654dff-55cd-4f70-96d8-4abf0c061563:c6017]
2019-07-09 15:04:59,159 INFO  client.GrpcClientProtocolClient (GrpcClientProtocolClient.java:onNext(255)) - client-A9DCF8B8BD5B->529edf8e-8eae-4246-b33f-5e44130d441c: receive RaftClientReply:client-A9DCF8B8BD5B->529edf8e-8eae-4246-b33f-5e44130d441c@group-A1CD1332DC7D, cid=3982, SUCCESS, logIndex=0, commits[529edf8e-8eae-4246-b33f-5e44130d441c:c6025, 79bffca9-b028-4c53-a657-872ed973be73:c6021, 15654dff-55cd-4f70-96d8-4abf0c061563:c6020]
2019-07-09 15:04:59,181 INFO  client.GrpcClientProtocolClient (GrpcClientProtocolClient.java:onNext(255)) - client-A9DCF8B8BD5B->529edf8e-8eae-4246-b33f-5e44130d441c: receive RaftClientReply:client-A9DCF8B8BD5B->529edf8e-8eae-4246-b33f-5e44130d441c@group-A1CD1332DC7D, cid=3983, SUCCESS, logIndex=6026, commits[529edf8e-8eae-4246-b33f-5e44130d441c:c6027, 79bffca9-b028-4c53-a657-872ed973be73:c6025, 15654dff-55cd-4f70-96d8-4abf0c061563:c6025]
2019-07-09 15:04:59,181 INFO  client.GrpcClientProtocolClient (GrpcClientProtocolClient.java:onNext(255)) - client-A9DCF8B8BD5B->529edf8e-8eae-4246-b33f-5e44130d441c: receive RaftClientReply:client-A9DCF8B8BD5B->529edf8e-8eae-4246-b33f-5e44130d441c@group-A1CD1332DC7D, cid=3984, SUCCESS, logIndex=6027, commits[529edf8e-8eae-4246-b33f-5e44130d441c:c6027, 79bffca9-b028-4c53-a657-872ed973be73:c6025, 15654dff-55cd-4f70-96d8-4abf0c061563:c6025]
2019-07-09 15:04:59,298 INFO  client.GrpcClientProtocolClient (GrpcClientProtocolClient.java:onNext(255)) - client-A9DCF8B8BD5B->529edf8e-8eae-4246-b33f-5e44130d441c: receive RaftClientReply:client-A9DCF8B8BD5B->529edf8e-8eae-4246-b33f-5e44130d441c@group-A1CD1332DC7D, cid=3985, SUCCESS, logIndex=6030, commits[529edf8e-8eae-4246-b33f-5e44130d441c:c6031, 79bffca9-b028-4c53-a657-872ed973be73:c6027, 15654dff-55cd-4f70-96d8-4abf0c061563:c6027]
2019-07-09 15:04:59,298 INFO  client.GrpcClientProtocolClient (GrpcClientProtocolClient.java:onNext(255)) - client-A9DCF8B8BD5B->529edf8e-8eae-4246-b33f-5e44130d441c: receive RaftClientReply:client-A9DCF8B8BD5B->529edf8e-8eae-4246-b33f-5e44130d441c@group-A1CD1332DC7D, cid=3986, SUCCESS, logIndex=6031, commits[529edf8e-8eae-4246-b33f-5e44130d441c:c6031, 79bffca9-b028-4c53-a657-872ed973be73:c6027, 15654dff-55cd-4f70-96d8-4abf0c061563:c6027]
2019-07-09 15:04:59,302 INFO  client.GrpcClientProtocolClient (GrpcClientProtocolClient.java:onNext(255)) - client-A9DCF8B8BD5B->529edf8e-8eae-4246-b33f-5e44130d441c: receive RaftClientReply:client-A9DCF8B8BD5B->529edf8e-8eae-4246-b33f-5e44130d441c@group-A1CD1332DC7D, cid=3987, SUCCESS, logIndex=0, commits[529edf8e-8eae-4246-b33f-5e44130d441c:c6033, 79bffca9-b028-4c53-a657-872ed973be73:c6031, 15654dff-55cd-4f70-96d8-4abf0c061563:c6031]
2019-07-09 15:04:59,344 INFO  client.GrpcClientProtocolClient (GrpcClientProtocolClient.java:onNext(255)) - client-A9DCF8B8BD5B->529edf8e-8eae-4246-b33f-5e44130d441c: receive RaftClientReply:client-A9DCF8B8BD5B->529edf8e-8eae-4246-b33f-5e44130d441c@group-A1CD1332DC7D, cid=3988, SUCCESS, logIndex=6034, commits[529edf8e-8eae-4246-b33f-5e44130d441c:c6035, 79bffca9-b028-4c53-a657-872ed973be73:c6033, 15654dff-55cd-4f70-96d8-4abf0c061563:c6033]
2019-07-09 15:04:59,344 INFO  client.GrpcClientProtocolClient (GrpcClientProtocolClient.java:onNext(255)) - client-A9DCF8B8BD5B->529edf8e-8eae-4246-b33f-5e44130d441c: receive RaftClientReply:client-A9DCF8B8BD5B->529edf8e-8eae-4246-b33f-5e44130d441c@group-A1CD1332DC7D, cid=3989, SUCCESS, logIndex=6035, commits[529edf8e-8eae-4246-b33f-5e44130d441c:c6035, 79bffca9-b028-4c53-a657-872ed973be73:c6033, 15654dff-55cd-4f70-96d8-4abf0c061563:c6033]
2019-07-09 15:04:59,345 INFO  client.GrpcClientProtocolClient (GrpcClientProtocolClient.java:onNext(255)) - client-A9DCF8B8BD5B->529edf8e-8eae-4246-b33f-5e44130d441c: receive RaftClientReply:client-A9DCF8B8BD5B->529edf8e-8eae-4246-b33f-5e44130d441c@group-A1CD1332DC7D, cid=3990, SUCCESS, logIndex=6036, commits[529edf8e-8eae-4246-b33f-5e44130d441c:c6037, 79bffca9-b028-4c53-a657-872ed973be73:c6033, 15654dff-55cd-4f70-96d8-4abf0c061563:c6033]
2019-07-09 15:04:59,345 INFO  client.GrpcClientProtocolClient (GrpcClientProtocolClient.java:onNext(255)) - client-A9DCF8B8BD5B->529edf8e-8eae-4246-b33f-5e44130d441c: receive RaftClientReply:client-A9DCF8B8BD5B->529edf8e-8eae-4246-b33f-5e44130d441c@group-A1CD1332DC7D, cid=3991, SUCCESS, logIndex=6037, commits[529edf8e-8eae-4246-b33f-5e44130d441c:c6037, 79bffca9-b028-4c53-a657-872ed973be73:c6033, 15654dff-55cd-4f70-96d8-4abf0c061563:c6033]
2019-07-09 15:04:59,347 INFO  client.GrpcClientProtocolClient (GrpcClientProtocolClient.java:onNext(255)) - client-A9DCF8B8BD5B->529edf8e-8eae-4246-b33f-5e44130d441c: receive RaftClientReply:client-A9DCF8B8BD5B->529edf8e-8eae-4246-b33f-5e44130d441c@group-A1CD1332DC7D, cid=3992, SUCCESS, logIndex=0, commits[529edf8e-8eae-4246-b33f-5e44130d441c:c6039, 79bffca9-b028-4c53-a657-872ed973be73:c6035, 15654dff-55cd-4f70-96d8-4abf0c061563:c6035]
2019-07-09 15:04:59,369 INFO  client.GrpcClientProtocolClient (GrpcClientProtocolClient.java:onNext(255)) - client-A9DCF8B8BD5B->529edf8e-8eae-4246-b33f-5e44130d441c: receive RaftClientReply:client-A9DCF8B8BD5B->529edf8e-8eae-4246-b33f-5e44130d441c@group-A1CD1332DC7D, cid=3993, SUCCESS, logIndex=6042, commits[529edf8e-8eae-4246-b33f-5e44130d441c:c6043, 79bffca9-b028-4c53-a657-872ed973be73:c6041, 15654dff-55cd-4f70-96d8-4abf0c061563:c6041]
2019-07-09 15:04:59,369 INFO  client.GrpcClientProtocolClient (GrpcClientProtocolClient.java:onNext(255)) - client-A9DCF8B8BD5B->529edf8e-8eae-4246-b33f-5e44130d441c: receive RaftClientReply:client-A9DCF8B8BD5B->529edf8e-8eae-4246-b33f-5e44130d441c@group-A1CD1332DC7D, cid=3994, SUCCESS, logIndex=6043, commits[529edf8e-8eae-4246-b33f-5e44130d441c:c6043, 79bffca9-b028-4c53-a657-872ed973be73:c6041, 15654dff-55cd-4f70-96d8-4abf0c061563:c6041]
2019-07-09 15:04:59,382 INFO  client.GrpcClientProtocolClient (GrpcClientProtocolClient.java:onNext(255)) - client-A9DCF8B8BD5B->529edf8e-8eae-4246-b33f-5e44130d441c: receive RaftClientReply:client-A9DCF8B8BD5B->529edf8e-8eae-4246-b33f-5e44130d441c@group-A1CD1332DC7D, cid=3995, SUCCESS, logIndex=6046, commits[529edf8e-8eae-4246-b33f-5e44130d441c:c6047, 79bffca9-b028-4c53-a657-872ed973be73:c6043, 15654dff-55cd-4f70-96d8-4abf0c061563:c6043]
2019-07-09 15:04:59,382 INFO  client.GrpcClientProtocolClient (GrpcClientProtocolClient.java:onNext(255)) - client-A9DCF8B8BD5B->529edf8e-8eae-4246-b33f-5e44130d441c: receive RaftClientReply:client-A9DCF8B8BD5B->529edf8e-8eae-4246-b33f-5e44130d441c@group-A1CD1332DC7D, cid=3996, SUCCESS, logIndex=6047, commits[529edf8e-8eae-4246-b33f-5e44130d441c:c6047, 79bffca9-b028-4c53-a657-872ed973be73:c6043, 15654dff-55cd-4f70-96d8-4abf0c061563:c6043]
2019-07-09 15:04:59,394 INFO  client.GrpcClientProtocolClient (GrpcClientProtocolClient.java:onNext(255)) - client-A9DCF8B8BD5B->529edf8e-8eae-4246-b33f-5e44130d441c: receive RaftClientReply:client-A9DCF8B8BD5B->529edf8e-8eae-4246-b33f-5e44130d441c@group-A1CD1332DC7D, cid=3997, SUCCESS, logIndex=0, commits[529edf8e-8eae-4246-b33f-5e44130d441c:c6048, 79bffca9-b028-4c53-a657-872ed973be73:c6047, 15654dff-55cd-4f70-96d8-4abf0c061563:c6047]
2019-07-09 15:04:59,419 INFO  client.GrpcClientProtocolClient (GrpcClientProtocolClient.java:onNext(255)) - client-A9DCF8B8BD5B->529edf8e-8eae-4246-b33f-5e44130d441c: receive RaftClientReply:client-A9DCF8B8BD5B->529edf8e-8eae-4246-b33f-5e44130d441c@group-A1CD1332DC7D, cid=3998, SUCCESS, logIndex=6050, commits[529edf8e-8eae-4246-b33f-5e44130d441c:c6052, 79bffca9-b028-4c53-a657-872ed973be73:c6049, 15654dff-55cd-4f70-96d8-4abf0c061563:c6049]
2019-07-09 15:04:59,419 INFO  client.GrpcClientProtocolClient (GrpcClientProtocolClient.java:onNext(255)) - client-A9DCF8B8BD5B->529edf8e-8eae-4246-b33f-5e44130d441c: receive RaftClientReply:client-A9DCF8B8BD5B->529edf8e-8eae-4246-b33f-5e44130d441c@group-A1CD1332DC7D, cid=3999, SUCCESS, logIndex=6051, commits[529edf8e-8eae-4246-b33f-5e44130d441c:c6053, 79bffca9-b028-4c53-a657-872ed973be73:c6049, 15654dff-55cd-4f70-96d8-4abf0c061563:c6049]
2019-07-09 15:04:59,419 INFO  client.GrpcClientProtocolClient (GrpcClientProtocolClient.java:onNext(255)) - client-A9DCF8B8BD5B->529edf8e-8eae-4246-b33f-5e44130d441c: receive RaftClientReply:client-A9DCF8B8BD5B->529edf8e-8eae-4246-b33f-5e44130d441c@group-A1CD1332DC7D, cid=4000, SUCCESS, logIndex=6052, commits[529edf8e-8eae-4246-b33f-5e44130d441c:c6053, 79bffca9-b028-4c53-a657-872ed973be73:c6049, 15654dff-55cd-4f70-96d8-4abf0c061563:c6049]
2019-07-09 15:04:59,420 INFO  client.GrpcClientProtocolClient (GrpcClientProtocolClient.java:onNext(255)) - client-A9DCF8B8BD5B->529edf8e-8eae-4246-b33f-5e44130d441c: receive RaftClientReply:client-A9DCF8B8BD5B->529edf8e-8eae-4246-b33f-5e44130d441c@group-A1CD1332DC7D, cid=4001, SUCCESS, logIndex=6053, commits[529edf8e-8eae-4246-b33f-5e44130d441c:c6053, 79bffca9-b028-4c53-a657-872ed973be73:c6049, 15654dff-55cd-4f70-96d8-4abf0c061563:c6049]
2019-07-09 15:04:59,423 INFO  client.GrpcClientProtocolClient (GrpcClientProtocolClient.java:onNext(255)) - client-A9DCF8B8BD5B->529edf8e-8eae-4246-b33f-5e44130d441c: receive RaftClientReply:client-A9DCF8B8BD5B->529edf8e-8eae-4246-b33f-5e44130d441c@group-A1CD1332DC7D, cid=4002, SUCCESS, logIndex=0, commits[529edf8e-8eae-4246-b33f-5e44130d441c:c6055, 79bffca9-b028-4c53-a657-872ed973be73:c6051, 15654dff-55cd-4f70-96d8-4abf0c061563:c6051]
2019-07-09 15:04:59,437 INFO  client.GrpcClientProtocolClient (GrpcClientProtocolClient.java:onNext(255)) - client-A9DCF8B8BD5B->529edf8e-8eae-4246-b33f-5e44130d441c: receive RaftClientReply:client-A9DCF8B8BD5B->529edf8e-8eae-4246-b33f-5e44130d441c@group-A1CD1332DC7D, cid=4003, SUCCESS, logIndex=6058, commits[529edf8e-8eae-4246-b33f-5e44130d441c:c6059, 79bffca9-b028-4c53-a657-872ed973be73:c6057, 15654dff-55cd-4f70-96d8-4abf0c061563:c6057]
2019-07-09 15:04:59,438 INFO  client.GrpcClientProtocolClient (GrpcClientProtocolClient.java:onNext(255)) - client-A9DCF8B8BD5B->529edf8e-8eae-4246-b33f-5e44130d441c: receive RaftClientReply:client-A9DCF8B8BD5B->529edf8e-8eae-4246-b33f-5e44130d441c@group-A1CD1332DC7D, cid=4004, SUCCESS, logIndex=6059, commits[529edf8e-8eae-4246-b33f-5e44130d441c:c6059, 79bffca9-b028-4c53-a657-872ed973be73:c6057, 15654dff-55cd-4f70-96d8-4abf0c061563:c6057]
2019-07-09 15:04:59,451 INFO  client.GrpcClientProtocolClient (GrpcClientProtocolClient.java:onNext(255)) - client-A9DCF8B8BD5B->529edf8e-8eae-4246-b33f-5e44130d441c: receive RaftClientReply:client-A9DCF8B8BD5B->529edf8e-8eae-4246-b33f-5e44130d441c@group-A1CD1332DC7D, cid=4005, SUCCESS, logIndex=6062, commits[529edf8e-8eae-4246-b33f-5e44130d441c:c6062, 79bffca9-b028-4c53-a657-872ed973be73:c6059, 15654dff-55cd-4f70-96d8-4abf0c061563:c6059]
2019-07-09 15:04:59,451 INFO  client.GrpcClientProtocolClient (GrpcClientProtocolClient.java:onNext(255)) - client-A9DCF8B8BD5B->529edf8e-8eae-4246-b33f-5e44130d441c: receive RaftClientReply:client-A9DCF8B8BD5B->529edf8e-8eae-4246-b33f-5e44130d441c@group-A1CD1332DC7D, cid=4006, SUCCESS, logIndex=6063, commits[529edf8e-8eae-4246-b33f-5e44130d441c:c6063, 79bffca9-b028-4c53-a657-872ed973be73:c6059, 15654dff-55cd-4f70-96d8-4abf0c061563:c6059]
2019-07-09 15:04:59,469 INFO  client.GrpcClientProtocolClient (GrpcClientProtocolClient.java:onNext(255)) - client-A9DCF8B8BD5B->529edf8e-8eae-4246-b33f-5e44130d441c: receive RaftClientReply:client-A9DCF8B8BD5B->529edf8e-8eae-4246-b33f-5e44130d441c@group-A1CD1332DC7D, cid=4007, SUCCESS, logIndex=0, commits[529edf8e-8eae-4246-b33f-5e44130d441c:c6065, 79bffca9-b028-4c53-a657-872ed973be73:c6063, 15654dff-55cd-4f70-96d8-4abf0c061563:c6063]
2019-07-09 15:04:59,505 INFO  client.GrpcClientProtocolClient (GrpcClientProtocolClient.java:onNext(255)) - client-A9DCF8B8BD5B->529edf8e-8eae-4246-b33f-5e44130d441c: receive RaftClientReply:client-A9DCF8B8BD5B->529edf8e-8eae-4246-b33f-5e44130d441c@group-A1CD1332DC7D, cid=4008, SUCCESS, logIndex=6066, commits[529edf8e-8eae-4246-b33f-5e44130d441c:c6068, 79bffca9-b028-4c53-a657-872ed973be73:c6065, 15654dff-55cd-4f70-96d8-4abf0c061563:c6065]
2019-07-09 15:04:59,505 INFO  client.GrpcClientProtocolClient (GrpcClientProtocolClient.java:onNext(255)) - client-A9DCF8B8BD5B->529edf8e-8eae-4246-b33f-5e44130d441c: receive RaftClientReply:client-A9DCF8B8BD5B->529edf8e-8eae-4246-b33f-5e44130d441c@group-A1CD1332DC7D, cid=4009, SUCCESS, logIndex=6067, commits[529edf8e-8eae-4246-b33f-5e44130d441c:c6069, 79bffca9-b028-4c53-a657-872ed973be73:c6065, 15654dff-55cd-4f70-96d8-4abf0c061563:c6065]
2019-07-09 15:04:59,506 INFO  client.GrpcClientProtocolClient (GrpcClientProtocolClient.java:onNext(255)) - client-A9DCF8B8BD5B->529edf8e-8eae-4246-b33f-5e44130d441c: receive RaftClientReply:client-A9DCF8B8BD5B->529edf8e-8eae-4246-b33f-5e44130d441c@group-A1CD1332DC7D, cid=4010, SUCCESS, logIndex=6068, commits[529edf8e-8eae-4246-b33f-5e44130d441c:c6069, 79bffca9-b028-4c53-a657-872ed973be73:c6065, 15654dff-55cd-4f70-96d8-4abf0c061563:c6065]
2019-07-09 15:04:59,506 INFO  client.GrpcClientProtocolClient (GrpcClientProtocolClient.java:onNext(255)) - client-A9DCF8B8BD5B->529edf8e-8eae-4246-b33f-5e44130d441c: receive RaftClientReply:client-A9DCF8B8BD5B->529edf8e-8eae-4246-b33f-5e44130d441c@group-A1CD1332DC7D, cid=4011, SUCCESS, logIndex=6069, commits[529edf8e-8eae-4246-b33f-5e44130d441c:c6069, 79bffca9-b028-4c53-a657-872ed973be73:c6065, 15654dff-55cd-4f70-96d8-4abf0c061563:c6065]
2019-07-09 15:04:59,518 INFO  client.GrpcClientProtocolClient (GrpcClientProtocolClient.java:onNext(255)) - client-A9DCF8B8BD5B->529edf8e-8eae-4246-b33f-5e44130d441c: receive RaftClientReply:client-A9DCF8B8BD5B->529edf8e-8eae-4246-b33f-5e44130d441c@group-A1CD1332DC7D, cid=4012, SUCCESS, logIndex=0, commits[529edf8e-8eae-4246-b33f-5e44130d441c:c6071, 79bffca9-b028-4c53-a657-872ed973be73:c6068, 15654dff-55cd-4f70-96d8-4abf0c061563:c6068]
2019-07-09 15:04:59,537 INFO  client.GrpcClientProtocolClient (GrpcClientProtocolClient.java:onNext(255)) - client-A9DCF8B8BD5B->529edf8e-8eae-4246-b33f-5e44130d441c: receive RaftClientReply:client-A9DCF8B8BD5B->529edf8e-8eae-4246-b33f-5e44130d441c@group-A1CD1332DC7D, cid=4013, SUCCESS, logIndex=6074, commits[529edf8e-8eae-4246-b33f-5e44130d441c:c6075, 79bffca9-b028-4c53-a657-872ed973be73:c6073, 15654dff-55cd-4f70-96d8-4abf0c061563:c6073]
2019-07-09 15:04:59,537 INFO  client.GrpcClientProtocolClient (GrpcClientProtocolClient.java:onNext(255)) - client-A9DCF8B8BD5B->529edf8e-8eae-4246-b33f-5e44130d441c: receive RaftClientReply:client-A9DCF8B8BD5B->529edf8e-8eae-4246-b33f-5e44130d441c@group-A1CD1332DC7D, cid=4014, SUCCESS, logIndex=6075, commits[529edf8e-8eae-4246-b33f-5e44130d441c:c6075, 79bffca9-b028-4c53-a657-872ed973be73:c6073, 15654dff-55cd-4f70-96d8-4abf0c061563:c6073]
2019-07-09 15:04:59,550 INFO  client.GrpcClientProtocolClient (GrpcClientProtocolClient.java:onNext(255)) - client-A9DCF8B8BD5B->529edf8e-8eae-4246-b33f-5e44130d441c: receive RaftClientReply:client-A9DCF8B8BD5B->529edf8e-8eae-4246-b33f-5e44130d441c@group-A1CD1332DC7D, cid=4015, SUCCESS, logIndex=6078, commits[529edf8e-8eae-4246-b33f-5e44130d441c:c6079, 79bffca9-b028-4c53-a657-872ed973be73:c6075, 15654dff-55cd-4f70-96d8-4abf0c061563:c6075]
2019-07-09 15:04:59,550 INFO  client.GrpcClientProtocolClient (GrpcClientProtocolClient.java:onNext(255)) - client-A9DCF8B8BD5B->529edf8e-8eae-4246-b33f-5e44130d441c: receive RaftClientReply:client-A9DCF8B8BD5B->529edf8e-8eae-4246-b33f-5e44130d441c@group-A1CD1332DC7D, cid=4016, SUCCESS, logIndex=6079, commits[529edf8e-8eae-4246-b33f-5e44130d441c:c6079, 79bffca9-b028-4c53-a657-872ed973be73:c6075, 15654dff-55cd-4f70-96d8-4abf0c061563:c6075]
2019-07-09 15:04:59,563 INFO  client.GrpcClientProtocolClient (GrpcClientProtocolClient.java:onNext(255)) - client-A9DCF8B8BD5B->529edf8e-8eae-4246-b33f-5e44130d441c: receive RaftClientReply:client-A9DCF8B8BD5B->529edf8e-8eae-4246-b33f-5e44130d441c@group-A1CD1332DC7D, cid=4017, SUCCESS, logIndex=0, commits[529edf8e-8eae-4246-b33f-5e44130d441c:c6081, 79bffca9-b028-4c53-a657-872ed973be73:c6079, 15654dff-55cd-4f70-96d8-4abf0c061563:c6079]
2019-07-09 15:04:59,593 INFO  client.GrpcClientProtocolClient (GrpcClientProtocolClient.java:onNext(255)) - client-A9DCF8B8BD5B->529edf8e-8eae-4246-b33f-5e44130d441c: receive RaftClientReply:client-A9DCF8B8BD5B->529edf8e-8eae-4246-b33f-5e44130d441c@group-A1CD1332DC7D, cid=4018, SUCCESS, logIndex=6082, commits[529edf8e-8eae-4246-b33f-5e44130d441c:c6083, 79bffca9-b028-4c53-a657-872ed973be73:c6081, 15654dff-55cd-4f70-96d8-4abf0c061563:c6081]
2019-07-09 15:04:59,594 INFO  client.GrpcClientProtocolClient (GrpcClientProtocolClient.java:onNext(255)) - client-A9DCF8B8BD5B->529edf8e-8eae-4246-b33f-5e44130d441c: receive RaftClientReply:client-A9DCF8B8BD5B->529edf8e-8eae-4246-b33f-5e44130d441c@group-A1CD1332DC7D, cid=4019, SUCCESS, logIndex=6083, commits[529edf8e-8eae-4246-b33f-5e44130d441c:c6083, 79bffca9-b028-4c53-a657-872ed973be73:c6081, 15654dff-55cd-4f70-96d8-4abf0c061563:c6081]
2019-07-09 15:04:59,594 INFO  client.GrpcClientProtocolClient (GrpcClientProtocolClient.java:onNext(255)) - client-A9DCF8B8BD5B->529edf8e-8eae-4246-b33f-5e44130d441c: receive RaftClientReply:client-A9DCF8B8BD5B->529edf8e-8eae-4246-b33f-5e44130d441c@group-A1CD1332DC7D, cid=4020, SUCCESS, logIndex=6084, commits[529edf8e-8eae-4246-b33f-5e44130d441c:c6085, 79bffca9-b028-4c53-a657-872ed973be73:c6081, 15654dff-55cd-4f70-96d8-4abf0c061563:c6081]
2019-07-09 15:04:59,594 INFO  client.GrpcClientProtocolClient (GrpcClientProtocolClient.java:onNext(255)) - client-A9DCF8B8BD5B->529edf8e-8eae-4246-b33f-5e44130d441c: receive RaftClientReply:client-A9DCF8B8BD5B->529edf8e-8eae-4246-b33f-5e44130d441c@group-A1CD1332DC7D, cid=4021, SUCCESS, logIndex=6085, commits[529edf8e-8eae-4246-b33f-5e44130d441c:c6085, 79bffca9-b028-4c53-a657-872ed973be73:c6081, 15654dff-55cd-4f70-96d8-4abf0c061563:c6081]
2019-07-09 15:04:59,596 INFO  client.GrpcClientProtocolClient (GrpcClientProtocolClient.java:onNext(255)) - client-A9DCF8B8BD5B->529edf8e-8eae-4246-b33f-5e44130d441c: receive RaftClientReply:client-A9DCF8B8BD5B->529edf8e-8eae-4246-b33f-5e44130d441c@group-A1CD1332DC7D, cid=4022, SUCCESS, logIndex=0, commits[529edf8e-8eae-4246-b33f-5e44130d441c:c6087, 79bffca9-b028-4c53-a657-872ed973be73:c6083, 15654dff-55cd-4f70-96d8-4abf0c061563:c6083]
2019-07-09 15:04:59,616 INFO  client.GrpcClientProtocolClient (GrpcClientProtocolClient.java:onNext(255)) - client-A9DCF8B8BD5B->529edf8e-8eae-4246-b33f-5e44130d441c: receive RaftClientReply:client-A9DCF8B8BD5B->529edf8e-8eae-4246-b33f-5e44130d441c@group-A1CD1332DC7D, cid=4023, SUCCESS, logIndex=6090, commits[529edf8e-8eae-4246-b33f-5e44130d441c:c6091, 79bffca9-b028-4c53-a657-872ed973be73:c6089, 15654dff-55cd-4f70-96d8-4abf0c061563:c6089]
2019-07-09 15:04:59,617 INFO  client.GrpcClientProtocolClient (GrpcClientProtocolClient.java:onNext(255)) - client-A9DCF8B8BD5B->529edf8e-8eae-4246-b33f-5e44130d441c: receive RaftClientReply:client-A9DCF8B8BD5B->529edf8e-8eae-4246-b33f-5e44130d441c@group-A1CD1332DC7D, cid=4024, SUCCESS, logIndex=6091, commits[529edf8e-8eae-4246-b33f-5e44130d441c:c6091, 79bffca9-b028-4c53-a657-872ed973be73:c6089, 15654dff-55cd-4f70-96d8-4abf0c061563:c6089]
2019-07-09 15:04:59,636 INFO  client.GrpcClientProtocolClient (GrpcClientProtocolClient.java:onNext(255)) - client-A9DCF8B8BD5B->529edf8e-8eae-4246-b33f-5e44130d441c: receive RaftClientReply:client-A9DCF8B8BD5B->529edf8e-8eae-4246-b33f-5e44130d441c@group-A1CD1332DC7D, cid=4025, SUCCESS, logIndex=6094, commits[529edf8e-8eae-4246-b33f-5e44130d441c:c6095, 79bffca9-b028-4c53-a657-872ed973be73:c6093, 15654dff-55cd-4f70-96d8-4abf0c061563:c6093]
2019-07-09 15:04:59,636 INFO  client.GrpcClientProtocolClient (GrpcClientProtocolClient.java:onNext(255)) - client-A9DCF8B8BD5B->529edf8e-8eae-4246-b33f-5e44130d441c: receive RaftClientReply:client-A9DCF8B8BD5B->529edf8e-8eae-4246-b33f-5e44130d441c@group-A1CD1332DC7D, cid=4026, SUCCESS, logIndex=6095, commits[529edf8e-8eae-4246-b33f-5e44130d441c:c6095, 79bffca9-b028-4c53-a657-872ed973be73:c6093, 15654dff-55cd-4f70-96d8-4abf0c061563:c6093]
2019-07-09 15:04:59,638 INFO  client.GrpcClientProtocolClient (GrpcClientProtocolClient.java:onNext(255)) - client-A9DCF8B8BD5B->529edf8e-8eae-4246-b33f-5e44130d441c: receive RaftClientReply:client-A9DCF8B8BD5B->529edf8e-8eae-4246-b33f-5e44130d441c@group-A1CD1332DC7D, cid=4027, SUCCESS, logIndex=0, commits[529edf8e-8eae-4246-b33f-5e44130d441c:c6097, 79bffca9-b028-4c53-a657-872ed973be73:c6095, 15654dff-55cd-4f70-96d8-4abf0c061563:c6095]
2019-07-09 15:04:59,669 INFO  client.GrpcClientProtocolClient (GrpcClientProtocolClient.java:onNext(255)) - client-A9DCF8B8BD5B->529edf8e-8eae-4246-b33f-5e44130d441c: receive RaftClientReply:client-A9DCF8B8BD5B->529edf8e-8eae-4246-b33f-5e44130d441c@group-A1CD1332DC7D, cid=4028, SUCCESS, logIndex=6098, commits[529edf8e-8eae-4246-b33f-5e44130d441c:c6099, 79bffca9-b028-4c53-a657-872ed973be73:c6097, 15654dff-55cd-4f70-96d8-4abf0c061563:c6097]
2019-07-09 15:04:59,670 INFO  client.GrpcClientProtocolClient (GrpcClientProtocolClient.java:onNext(255)) - client-A9DCF8B8BD5B->529edf8e-8eae-4246-b33f-5e44130d441c: receive RaftClientReply:client-A9DCF8B8BD5B->529edf8e-8eae-4246-b33f-5e44130d441c@group-A1CD1332DC7D, cid=4029, SUCCESS, logIndex=6099, commits[529edf8e-8eae-4246-b33f-5e44130d441c:c6099, 79bffca9-b028-4c53-a657-872ed973be73:c6097, 15654dff-55cd-4f70-96d8-4abf0c061563:c6097]
2019-07-09 15:04:59,670 INFO  client.GrpcClientProtocolClient (GrpcClientProtocolClient.java:onNext(255)) - client-A9DCF8B8BD5B->529edf8e-8eae-4246-b33f-5e44130d441c: receive RaftClientReply:client-A9DCF8B8BD5B->529edf8e-8eae-4246-b33f-5e44130d441c@group-A1CD1332DC7D, cid=4030, SUCCESS, logIndex=6100, commits[529edf8e-8eae-4246-b33f-5e44130d441c:c6100, 79bffca9-b028-4c53-a657-872ed973be73:c6097, 15654dff-55cd-4f70-96d8-4abf0c061563:c6097]
2019-07-09 15:04:59,670 INFO  client.GrpcClientProtocolClient (GrpcClientProtocolClient.java:onNext(255)) - client-A9DCF8B8BD5B->529edf8e-8eae-4246-b33f-5e44130d441c: receive RaftClientReply:client-A9DCF8B8BD5B->529edf8e-8eae-4246-b33f-5e44130d441c@group-A1CD1332DC7D, cid=4031, SUCCESS, logIndex=6101, commits[529edf8e-8eae-4246-b33f-5e44130d441c:c6101, 79bffca9-b028-4c53-a657-872ed973be73:c6097, 15654dff-55cd-4f70-96d8-4abf0c061563:c6097]
2019-07-09 15:04:59,672 INFO  client.GrpcClientProtocolClient (GrpcClientProtocolClient.java:onNext(255)) - client-A9DCF8B8BD5B->529edf8e-8eae-4246-b33f-5e44130d441c: receive RaftClientReply:client-A9DCF8B8BD5B->529edf8e-8eae-4246-b33f-5e44130d441c@group-A1CD1332DC7D, cid=4032, SUCCESS, logIndex=0, commits[529edf8e-8eae-4246-b33f-5e44130d441c:c6103, 79bffca9-b028-4c53-a657-872ed973be73:c6099, 15654dff-55cd-4f70-96d8-4abf0c061563:c6099]
2019-07-09 15:04:59,694 INFO  client.GrpcClientProtocolClient (GrpcClientProtocolClient.java:onNext(255)) - client-A9DCF8B8BD5B->529edf8e-8eae-4246-b33f-5e44130d441c: receive RaftClientReply:client-A9DCF8B8BD5B->529edf8e-8eae-4246-b33f-5e44130d441c@group-A1CD1332DC7D, cid=4033, SUCCESS, logIndex=6106, commits[529edf8e-8eae-4246-b33f-5e44130d441c:c6107, 79bffca9-b028-4c53-a657-872ed973be73:c6105, 15654dff-55cd-4f70-96d8-4abf0c061563:c6105]
2019-07-09 15:04:59,694 INFO  client.GrpcClientProtocolClient (GrpcClientProtocolClient.java:onNext(255)) - client-A9DCF8B8BD5B->529edf8e-8eae-4246-b33f-5e44130d441c: receive RaftClientReply:client-A9DCF8B8BD5B->529edf8e-8eae-4246-b33f-5e44130d441c@group-A1CD1332DC7D, cid=4034, SUCCESS, logIndex=6107, commits[529edf8e-8eae-4246-b33f-5e44130d441c:c6107, 79bffca9-b028-4c53-a657-872ed973be73:c6105, 15654dff-55cd-4f70-96d8-4abf0c061563:c6105]
2019-07-09 15:04:59,707 INFO  client.GrpcClientProtocolClient (GrpcClientProtocolClient.java:onNext(255)) - client-A9DCF8B8BD5B->529edf8e-8eae-4246-b33f-5e44130d441c: receive RaftClientReply:client-A9DCF8B8BD5B->529edf8e-8eae-4246-b33f-5e44130d441c@group-A1CD1332DC7D, cid=4035, SUCCESS, logIndex=6110, commits[529edf8e-8eae-4246-b33f-5e44130d441c:c6111, 79bffca9-b028-4c53-a657-872ed973be73:c6107, 15654dff-55cd-4f70-96d8-4abf0c061563:c6107]
2019-07-09 15:04:59,707 INFO  client.GrpcClientProtocolClient (GrpcClientProtocolClient.java:onNext(255)) - client-A9DCF8B8BD5B->529edf8e-8eae-4246-b33f-5e44130d441c: receive RaftClientReply:client-A9DCF8B8BD5B->529edf8e-8eae-4246-b33f-5e44130d441c@group-A1CD1332DC7D, cid=4036, SUCCESS, logIndex=6111, commits[529edf8e-8eae-4246-b33f-5e44130d441c:c6111, 79bffca9-b028-4c53-a657-872ed973be73:c6107, 15654dff-55cd-4f70-96d8-4abf0c061563:c6107]
2019-07-09 15:04:59,719 INFO  client.GrpcClientProtocolClient (GrpcClientProtocolClient.java:onNext(255)) - client-A9DCF8B8BD5B->529edf8e-8eae-4246-b33f-5e44130d441c: receive RaftClientReply:client-A9DCF8B8BD5B->529edf8e-8eae-4246-b33f-5e44130d441c@group-A1CD1332DC7D, cid=4037, SUCCESS, logIndex=0, commits[529edf8e-8eae-4246-b33f-5e44130d441c:c6112, 79bffca9-b028-4c53-a657-872ed973be73:c6111, 15654dff-55cd-4f70-96d8-4abf0c061563:c6111]
2019-07-09 15:04:59,749 INFO  client.GrpcClientProtocolClient (GrpcClientProtocolClient.java:onNext(255)) - client-A9DCF8B8BD5B->529edf8e-8eae-4246-b33f-5e44130d441c: receive RaftClientReply:client-A9DCF8B8BD5B->529edf8e-8eae-4246-b33f-5e44130d441c@group-A1CD1332DC7D, cid=4038, SUCCESS, logIndex=6114, commits[529edf8e-8eae-4246-b33f-5e44130d441c:c6115, 79bffca9-b028-4c53-a657-872ed973be73:c6113, 15654dff-55cd-4f70-96d8-4abf0c061563:c6113]
2019-07-09 15:04:59,750 INFO  client.GrpcClientProtocolClient (GrpcClientProtocolClient.java:onNext(255)) - client-A9DCF8B8BD5B->529edf8e-8eae-4246-b33f-5e44130d441c: receive RaftClientReply:client-A9DCF8B8BD5B->529edf8e-8eae-4246-b33f-5e44130d441c@group-A1CD1332DC7D, cid=4039, SUCCESS, logIndex=6115, commits[529edf8e-8eae-4246-b33f-5e44130d441c:c6115, 79bffca9-b028-4c53-a657-872ed973be73:c6113, 15654dff-55cd-4f70-96d8-4abf0c061563:c6113]
2019-07-09 15:04:59,750 INFO  client.GrpcClientProtocolClient (GrpcClientProtocolClient.java:onNext(255)) - client-A9DCF8B8BD5B->529edf8e-8eae-4246-b33f-5e44130d441c: receive RaftClientReply:client-A9DCF8B8BD5B->529edf8e-8eae-4246-b33f-5e44130d441c@group-A1CD1332DC7D, cid=4040, SUCCESS, logIndex=6116, commits[529edf8e-8eae-4246-b33f-5e44130d441c:c6117, 79bffca9-b028-4c53-a657-872ed973be73:c6113, 15654dff-55cd-4f70-96d8-4abf0c061563:c6113]
2019-07-09 15:04:59,750 INFO  client.GrpcClientProtocolClient (GrpcClientProtocolClient.java:onNext(255)) - client-A9DCF8B8BD5B->529edf8e-8eae-4246-b33f-5e44130d441c: receive RaftClientReply:client-A9DCF8B8BD5B->529edf8e-8eae-4246-b33f-5e44130d441c@group-A1CD1332DC7D, cid=4041, SUCCESS, logIndex=6117, commits[529edf8e-8eae-4246-b33f-5e44130d441c:c6117, 79bffca9-b028-4c53-a657-872ed973be73:c6113, 15654dff-55cd-4f70-96d8-4abf0c061563:c6113]
2019-07-09 15:04:59,752 INFO  client.GrpcClientProtocolClient (GrpcClientProtocolClient.java:onNext(255)) - client-A9DCF8B8BD5B->529edf8e-8eae-4246-b33f-5e44130d441c: receive RaftClientReply:client-A9DCF8B8BD5B->529edf8e-8eae-4246-b33f-5e44130d441c@group-A1CD1332DC7D, cid=4042, SUCCESS, logIndex=0, commits[529edf8e-8eae-4246-b33f-5e44130d441c:c6119, 79bffca9-b028-4c53-a657-872ed973be73:c6115, 15654dff-55cd-4f70-96d8-4abf0c061563:c6115]
2019-07-09 15:04:59,771 INFO  client.GrpcClientProtocolClient (GrpcClientProtocolClient.java:onNext(255)) - client-A9DCF8B8BD5B->529edf8e-8eae-4246-b33f-5e44130d441c: receive RaftClientReply:client-A9DCF8B8BD5B->529edf8e-8eae-4246-b33f-5e44130d441c@group-A1CD1332DC7D, cid=4043, SUCCESS, logIndex=6121, commits[529edf8e-8eae-4246-b33f-5e44130d441c:c6122, 79bffca9-b028-4c53-a657-872ed973be73:c6120, 15654dff-55cd-4f70-96d8-4abf0c061563:c6120]
2019-07-09 15:04:59,771 INFO  client.GrpcClientProtocolClient (GrpcClientProtocolClient.java:onNext(255)) - client-A9DCF8B8BD5B->529edf8e-8eae-4246-b33f-5e44130d441c: receive RaftClientReply:client-A9DCF8B8BD5B->529edf8e-8eae-4246-b33f-5e44130d441c@group-A1CD1332DC7D, cid=4044, SUCCESS, logIndex=6122, commits[529edf8e-8eae-4246-b33f-5e44130d441c:c6122, 79bffca9-b028-4c53-a657-872ed973be73:c6120, 15654dff-55cd-4f70-96d8-4abf0c061563:c6120]
2019-07-09 15:04:59,784 INFO  client.GrpcClientProtocolClient (GrpcClientProtocolClient.java:onNext(255)) - client-A9DCF8B8BD5B->529edf8e-8eae-4246-b33f-5e44130d441c: receive RaftClientReply:client-A9DCF8B8BD5B->529edf8e-8eae-4246-b33f-5e44130d441c@group-A1CD1332DC7D, cid=4045, SUCCESS, logIndex=6125, commits[529edf8e-8eae-4246-b33f-5e44130d441c:c6126, 79bffca9-b028-4c53-a657-872ed973be73:c6122, 15654dff-55cd-4f70-96d8-4abf0c061563:c6122]
2019-07-09 15:04:59,784 INFO  client.GrpcClientProtocolClient (GrpcClientProtocolClient.java:onNext(255)) - client-A9DCF8B8BD5B->529edf8e-8eae-4246-b33f-5e44130d441c: receive RaftClientReply:client-A9DCF8B8BD5B->529edf8e-8eae-4246-b33f-5e44130d441c@group-A1CD1332DC7D, cid=4046, SUCCESS, logIndex=6126, commits[529edf8e-8eae-4246-b33f-5e44130d441c:c6126, 79bffca9-b028-4c53-a657-872ed973be73:c6122, 15654dff-55cd-4f70-96d8-4abf0c061563:c6122]
2019-07-09 15:04:59,797 INFO  client.GrpcClientProtocolClient (GrpcClientProtocolClient.java:onNext(255)) - client-A9DCF8B8BD5B->529edf8e-8eae-4246-b33f-5e44130d441c: receive RaftClientReply:client-A9DCF8B8BD5B->529edf8e-8eae-4246-b33f-5e44130d441c@group-A1CD1332DC7D, cid=4047, SUCCESS, logIndex=0, commits[529edf8e-8eae-4246-b33f-5e44130d441c:c6128, 79bffca9-b028-4c53-a657-872ed973be73:c6126, 15654dff-55cd-4f70-96d8-4abf0c061563:c6126]
2019-07-09 15:04:59,832 INFO  client.GrpcClientProtocolClient (GrpcClientProtocolClient.java:onNext(255)) - client-A9DCF8B8BD5B->529edf8e-8eae-4246-b33f-5e44130d441c: receive RaftClientReply:client-A9DCF8B8BD5B->529edf8e-8eae-4246-b33f-5e44130d441c@group-A1CD1332DC7D, cid=4048, SUCCESS, logIndex=6129, commits[529edf8e-8eae-4246-b33f-5e44130d441c:c6131, 79bffca9-b028-4c53-a657-872ed973be73:c6128, 15654dff-55cd-4f70-96d8-4abf0c061563:c6128]
2019-07-09 15:04:59,833 INFO  client.GrpcClientProtocolClient (GrpcClientProtocolClient.java:onNext(255)) - client-A9DCF8B8BD5B->529edf8e-8eae-4246-b33f-5e44130d441c: receive RaftClientReply:client-A9DCF8B8BD5B->529edf8e-8eae-4246-b33f-5e44130d441c@group-A1CD1332DC7D, cid=4049, SUCCESS, logIndex=6130, commits[529edf8e-8eae-4246-b33f-5e44130d441c:c6132, 79bffca9-b028-4c53-a657-872ed973be73:c6128, 15654dff-55cd-4f70-96d8-4abf0c061563:c6128]
2019-07-09 15:04:59,833 INFO  client.GrpcClientProtocolClient (GrpcClientProtocolClient.java:onNext(255)) - client-A9DCF8B8BD5B->529edf8e-8eae-4246-b33f-5e44130d441c: receive RaftClientReply:client-A9DCF8B8BD5B->529edf8e-8eae-4246-b33f-5e44130d441c@group-A1CD1332DC7D, cid=4050, SUCCESS, logIndex=6131, commits[529edf8e-8eae-4246-b33f-5e44130d441c:c6132, 79bffca9-b028-4c53-a657-872ed973be73:c6128, 15654dff-55cd-4f70-96d8-4abf0c061563:c6128]
2019-07-09 15:04:59,833 INFO  client.GrpcClientProtocolClient (GrpcClientProtocolClient.java:onNext(255)) - client-A9DCF8B8BD5B->529edf8e-8eae-4246-b33f-5e44130d441c: receive RaftClientReply:client-A9DCF8B8BD5B->529edf8e-8eae-4246-b33f-5e44130d441c@group-A1CD1332DC7D, cid=4051, SUCCESS, logIndex=6132, commits[529edf8e-8eae-4246-b33f-5e44130d441c:c6132, 79bffca9-b028-4c53-a657-872ed973be73:c6128, 15654dff-55cd-4f70-96d8-4abf0c061563:c6128]
2019-07-09 15:04:59,834 INFO  client.GrpcClientProtocolClient (GrpcClientProtocolClient.java:onNext(255)) - client-A9DCF8B8BD5B->529edf8e-8eae-4246-b33f-5e44130d441c: receive RaftClientReply:client-A9DCF8B8BD5B->529edf8e-8eae-4246-b33f-5e44130d441c@group-A1CD1332DC7D, cid=4052, SUCCESS, logIndex=0, commits[529edf8e-8eae-4246-b33f-5e44130d441c:c6134, 79bffca9-b028-4c53-a657-872ed973be73:c6130, 15654dff-55cd-4f70-96d8-4abf0c061563:c6130]
2019-07-09 15:04:59,853 INFO  client.GrpcClientProtocolClient (GrpcClientProtocolClient.java:onNext(255)) - client-A9DCF8B8BD5B->529edf8e-8eae-4246-b33f-5e44130d441c: receive RaftClientReply:client-A9DCF8B8BD5B->529edf8e-8eae-4246-b33f-5e44130d441c@group-A1CD1332DC7D, cid=4053, SUCCESS, logIndex=6137, commits[529edf8e-8eae-4246-b33f-5e44130d441c:c6137, 79bffca9-b028-4c53-a657-872ed973be73:c6136, 15654dff-55cd-4f70-96d8-4abf0c061563:c6136]
2019-07-09 15:04:59,853 INFO  client.GrpcClientProtocolClient (GrpcClientProtocolClient.java:onNext(255)) - client-A9DCF8B8BD5B->529edf8e-8eae-4246-b33f-5e44130d441c: receive RaftClientReply:client-A9DCF8B8BD5B->529edf8e-8eae-4246-b33f-5e44130d441c@group-A1CD1332DC7D, cid=4054, SUCCESS, logIndex=6138, commits[529edf8e-8eae-4246-b33f-5e44130d441c:c6138, 79bffca9-b028-4c53-a657-872ed973be73:c6136, 15654dff-55cd-4f70-96d8-4abf0c061563:c6136]
2019-07-09 15:04:59,866 INFO  client.GrpcClientProtocolClient (GrpcClientProtocolClient.java:onNext(255)) - client-A9DCF8B8BD5B->529edf8e-8eae-4246-b33f-5e44130d441c: receive RaftClientReply:client-A9DCF8B8BD5B->529edf8e-8eae-4246-b33f-5e44130d441c@group-A1CD1332DC7D, cid=4055, SUCCESS, logIndex=6141, commits[529edf8e-8eae-4246-b33f-5e44130d441c:c6142, 79bffca9-b028-4c53-a657-872ed973be73:c6138, 15654dff-55cd-4f70-96d8-4abf0c061563:c6138]
2019-07-09 15:04:59,867 INFO  client.GrpcClientProtocolClient (GrpcClientProtocolClient.java:onNext(255)) - client-A9DCF8B8BD5B->529edf8e-8eae-4246-b33f-5e44130d441c: receive RaftClientReply:client-A9DCF8B8BD5B->529edf8e-8eae-4246-b33f-5e44130d441c@group-A1CD1332DC7D, cid=4056, SUCCESS, logIndex=6142, commits[529edf8e-8eae-4246-b33f-5e44130d441c:c6142, 79bffca9-b028-4c53-a657-872ed973be73:c6138, 15654dff-55cd-4f70-96d8-4abf0c061563:c6138]
2019-07-09 15:04:59,879 INFO  client.GrpcClientProtocolClient (GrpcClientProtocolClient.java:onNext(255)) - client-A9DCF8B8BD5B->529edf8e-8eae-4246-b33f-5e44130d441c: receive RaftClientReply:client-A9DCF8B8BD5B->529edf8e-8eae-4246-b33f-5e44130d441c@group-A1CD1332DC7D, cid=4057, SUCCESS, logIndex=0, commits[529edf8e-8eae-4246-b33f-5e44130d441c:c6143, 79bffca9-b028-4c53-a657-872ed973be73:c6142, 15654dff-55cd-4f70-96d8-4abf0c061563:c6142]
2019-07-09 15:04:59,906 INFO  client.GrpcClientProtocolClient (GrpcClientProtocolClient.java:onNext(255)) - client-A9DCF8B8BD5B->529edf8e-8eae-4246-b33f-5e44130d441c: receive RaftClientReply:client-A9DCF8B8BD5B->529edf8e-8eae-4246-b33f-5e44130d441c@group-A1CD1332DC7D, cid=4058, SUCCESS, logIndex=6145, commits[529edf8e-8eae-4246-b33f-5e44130d441c:c6146, 79bffca9-b028-4c53-a657-872ed973be73:c6144, 15654dff-55cd-4f70-96d8-4abf0c061563:c6144]
2019-07-09 15:04:59,907 INFO  client.GrpcClientProtocolClient (GrpcClientProtocolClient.java:onNext(255)) - client-A9DCF8B8BD5B->529edf8e-8eae-4246-b33f-5e44130d441c: receive RaftClientReply:client-A9DCF8B8BD5B->529edf8e-8eae-4246-b33f-5e44130d441c@group-A1CD1332DC7D, cid=4059, SUCCESS, logIndex=6146, commits[529edf8e-8eae-4246-b33f-5e44130d441c:c6146, 79bffca9-b028-4c53-a657-872ed973be73:c6144, 15654dff-55cd-4f70-96d8-4abf0c061563:c6144]
2019-07-09 15:04:59,907 INFO  client.GrpcClientProtocolClient (GrpcClientProtocolClient.java:onNext(255)) - client-A9DCF8B8BD5B->529edf8e-8eae-4246-b33f-5e44130d441c: receive RaftClientReply:client-A9DCF8B8BD5B->529edf8e-8eae-4246-b33f-5e44130d441c@group-A1CD1332DC7D, cid=4060, SUCCESS, logIndex=6147, commits[529edf8e-8eae-4246-b33f-5e44130d441c:c6148, 79bffca9-b028-4c53-a657-872ed973be73:c6144, 15654dff-55cd-4f70-96d8-4abf0c061563:c6144]
2019-07-09 15:04:59,908 INFO  client.GrpcClientProtocolClient (GrpcClientProtocolClient.java:onNext(255)) - client-A9DCF8B8BD5B->529edf8e-8eae-4246-b33f-5e44130d441c: receive RaftClientReply:client-A9DCF8B8BD5B->529edf8e-8eae-4246-b33f-5e44130d441c@group-A1CD1332DC7D, cid=4061, SUCCESS, logIndex=6148, commits[529edf8e-8eae-4246-b33f-5e44130d441c:c6148, 79bffca9-b028-4c53-a657-872ed973be73:c6144, 15654dff-55cd-4f70-96d8-4abf0c061563:c6144]
2019-07-09 15:04:59,909 INFO  client.GrpcClientProtocolClient (GrpcClientProtocolClient.java:onNext(255)) - client-A9DCF8B8BD5B->529edf8e-8eae-4246-b33f-5e44130d441c: receive RaftClientReply:client-A9DCF8B8BD5B->529edf8e-8eae-4246-b33f-5e44130d441c@group-A1CD1332DC7D, cid=4062, SUCCESS, logIndex=0, commits[529edf8e-8eae-4246-b33f-5e44130d441c:c6150, 79bffca9-b028-4c53-a657-872ed973be73:c6146, 15654dff-55cd-4f70-96d8-4abf0c061563:c6146]
2019-07-09 15:04:59,945 INFO  client.GrpcClientProtocolClient (GrpcClientProtocolClient.java:onNext(255)) - client-A9DCF8B8BD5B->529edf8e-8eae-4246-b33f-5e44130d441c: receive RaftClientReply:client-A9DCF8B8BD5B->529edf8e-8eae-4246-b33f-5e44130d441c@group-A1CD1332DC7D, cid=4063, SUCCESS, logIndex=6153, commits[529edf8e-8eae-4246-b33f-5e44130d441c:c6153, 79bffca9-b028-4c53-a657-872ed973be73:c6152, 15654dff-55cd-4f70-96d8-4abf0c061563:c6152]
2019-07-09 15:04:59,946 INFO  client.GrpcClientProtocolClient (GrpcClientProtocolClient.java:onNext(255)) - client-A9DCF8B8BD5B->529edf8e-8eae-4246-b33f-5e44130d441c: receive RaftClientReply:client-A9DCF8B8BD5B->529edf8e-8eae-4246-b33f-5e44130d441c@group-A1CD1332DC7D, cid=4064, SUCCESS, logIndex=6154, commits[529edf8e-8eae-4246-b33f-5e44130d441c:c6154, 79bffca9-b028-4c53-a657-872ed973be73:c6152, 15654dff-55cd-4f70-96d8-4abf0c061563:c6152]
2019-07-09 15:04:59,967 INFO  client.GrpcClientProtocolClient (GrpcClientProtocolClient.java:onNext(255)) - client-A9DCF8B8BD5B->529edf8e-8eae-4246-b33f-5e44130d441c: receive RaftClientReply:client-A9DCF8B8BD5B->529edf8e-8eae-4246-b33f-5e44130d441c@group-A1CD1332DC7D, cid=4065, SUCCESS, logIndex=6157, commits[529edf8e-8eae-4246-b33f-5e44130d441c:c6158, 79bffca9-b028-4c53-a657-872ed973be73:c6156, 15654dff-55cd-4f70-96d8-4abf0c061563:c6156]
2019-07-09 15:04:59,967 INFO  client.GrpcClientProtocolClient (GrpcClientProtocolClient.java:onNext(255)) - client-A9DCF8B8BD5B->529edf8e-8eae-4246-b33f-5e44130d441c: receive RaftClientReply:client-A9DCF8B8BD5B->529edf8e-8eae-4246-b33f-5e44130d441c@group-A1CD1332DC7D, cid=4066, SUCCESS, logIndex=6158, commits[529edf8e-8eae-4246-b33f-5e44130d441c:c6158, 79bffca9-b028-4c53-a657-872ed973be73:c6156, 15654dff-55cd-4f70-96d8-4abf0c061563:c6156]
2019-07-09 15:04:59,980 INFO  client.GrpcClientProtocolClient (GrpcClientProtocolClient.java:onNext(255)) - client-A9DCF8B8BD5B->529edf8e-8eae-4246-b33f-5e44130d441c: receive RaftClientReply:client-A9DCF8B8BD5B->529edf8e-8eae-4246-b33f-5e44130d441c@group-A1CD1332DC7D, cid=4067, SUCCESS, logIndex=0, commits[529edf8e-8eae-4246-b33f-5e44130d441c:c6160, 79bffca9-b028-4c53-a657-872ed973be73:c6158, 15654dff-55cd-4f70-96d8-4abf0c061563:c6158]
2019-07-09 15:05:00,016 INFO  client.GrpcClientProtocolClient (GrpcClientProtocolClient.java:onNext(255)) - client-A9DCF8B8BD5B->529edf8e-8eae-4246-b33f-5e44130d441c: receive RaftClientReply:client-A9DCF8B8BD5B->529edf8e-8eae-4246-b33f-5e44130d441c@group-A1CD1332DC7D, cid=4068, SUCCESS, logIndex=6161, commits[529edf8e-8eae-4246-b33f-5e44130d441c:c6162, 79bffca9-b028-4c53-a657-872ed973be73:c6160, 15654dff-55cd-4f70-96d8-4abf0c061563:c6160]
2019-07-09 15:05:00,017 INFO  client.GrpcClientProtocolClient (GrpcClientProtocolClient.java:onNext(255)) - client-A9DCF8B8BD5B->529edf8e-8eae-4246-b33f-5e44130d441c: receive RaftClientReply:client-A9DCF8B8BD5B->529edf8e-8eae-4246-b33f-5e44130d441c@group-A1CD1332DC7D, cid=4069, SUCCESS, logIndex=6162, commits[529edf8e-8eae-4246-b33f-5e44130d441c:c6162, 79bffca9-b028-4c53-a657-872ed973be73:c6160, 15654dff-55cd-4f70-96d8-4abf0c061563:c6160]
2019-07-09 15:05:00,017 INFO  client.GrpcClientProtocolClient (GrpcClientProtocolClient.java:onNext(255)) - client-A9DCF8B8BD5B->529edf8e-8eae-4246-b33f-5e44130d441c: receive RaftClientReply:client-A9DCF8B8BD5B->529edf8e-8eae-4246-b33f-5e44130d441c@group-A1CD1332DC7D, cid=4070, SUCCESS, logIndex=6163, commits[529edf8e-8eae-4246-b33f-5e44130d441c:c6164, 79bffca9-b028-4c53-a657-872ed973be73:c6160, 15654dff-55cd-4f70-96d8-4abf0c061563:c6160]
2019-07-09 15:05:00,018 INFO  client.GrpcClientProtocolClient (GrpcClientProtocolClient.java:onNext(255)) - client-A9DCF8B8BD5B->529edf8e-8eae-4246-b33f-5e44130d441c: receive RaftClientReply:client-A9DCF8B8BD5B->529edf8e-8eae-4246-b33f-5e44130d441c@group-A1CD1332DC7D, cid=4071, SUCCESS, logIndex=6164, commits[529edf8e-8eae-4246-b33f-5e44130d441c:c6164, 79bffca9-b028-4c53-a657-872ed973be73:c6160, 15654dff-55cd-4f70-96d8-4abf0c061563:c6160]
2019-07-09 15:05:00,020 INFO  client.GrpcClientProtocolClient (GrpcClientProtocolClient.java:onNext(255)) - client-A9DCF8B8BD5B->529edf8e-8eae-4246-b33f-5e44130d441c: receive RaftClientReply:client-A9DCF8B8BD5B->529edf8e-8eae-4246-b33f-5e44130d441c@group-A1CD1332DC7D, cid=4072, SUCCESS, logIndex=0, commits[529edf8e-8eae-4246-b33f-5e44130d441c:c6166, 79bffca9-b028-4c53-a657-872ed973be73:c6162, 15654dff-55cd-4f70-96d8-4abf0c061563:c6162]
2019-07-09 15:05:00,040 INFO  client.GrpcClientProtocolClient (GrpcClientProtocolClient.java:onNext(255)) - client-A9DCF8B8BD5B->529edf8e-8eae-4246-b33f-5e44130d441c: receive RaftClientReply:client-A9DCF8B8BD5B->529edf8e-8eae-4246-b33f-5e44130d441c@group-A1CD1332DC7D, cid=4073, SUCCESS, logIndex=6169, commits[529edf8e-8eae-4246-b33f-5e44130d441c:c6170, 79bffca9-b028-4c53-a657-872ed973be73:c6168, 15654dff-55cd-4f70-96d8-4abf0c061563:c6168]
2019-07-09 15:05:00,040 INFO  client.GrpcClientProtocolClient (GrpcClientProtocolClient.java:onNext(255)) - client-A9DCF8B8BD5B->529edf8e-8eae-4246-b33f-5e44130d441c: receive RaftClientReply:client-A9DCF8B8BD5B->529edf8e-8eae-4246-b33f-5e44130d441c@group-A1CD1332DC7D, cid=4074, SUCCESS, logIndex=6170, commits[529edf8e-8eae-4246-b33f-5e44130d441c:c6170, 79bffca9-b028-4c53-a657-872ed973be73:c6168, 15654dff-55cd-4f70-96d8-4abf0c061563:c6168]
 0.00% |█                                                                                                    |  0/1 Time: 0:00:422019-07-09 15:05:00,176 INFO  client.GrpcClientProtocolClient (GrpcClientProtocolClient.java:onNext(255)) - client-A9DCF8B8BD5B->529edf8e-8eae-4246-b33f-5e44130d441c: receive RaftClientReply:client-A9DCF8B8BD5B->529edf8e-8eae-4246-b33f-5e44130d441c@group-A1CD1332DC7D, cid=4075, SUCCESS, logIndex=6173, commits[529edf8e-8eae-4246-b33f-5e44130d441c:c6174, 79bffca9-b028-4c53-a657-872ed973be73:c6170, 15654dff-55cd-4f70-96d8-4abf0c061563:c6170]
2019-07-09 15:05:00,176 INFO  client.GrpcClientProtocolClient (GrpcClientProtocolClient.java:onNext(255)) - client-A9DCF8B8BD5B->529edf8e-8eae-4246-b33f-5e44130d441c: receive RaftClientReply:client-A9DCF8B8BD5B->529edf8e-8eae-4246-b33f-5e44130d441c@group-A1CD1332DC7D, cid=4076, SUCCESS, logIndex=6174, commits[529edf8e-8eae-4246-b33f-5e44130d441c:c6174, 79bffca9-b028-4c53-a657-872ed973be73:c6170, 15654dff-55cd-4f70-96d8-4abf0c061563:c6170]
2019-07-09 15:05:00,179 INFO  client.GrpcClientProtocolClient (GrpcClientProtocolClient.java:onNext(255)) - client-A9DCF8B8BD5B->529edf8e-8eae-4246-b33f-5e44130d441c: receive RaftClientReply:client-A9DCF8B8BD5B->529edf8e-8eae-4246-b33f-5e44130d441c@group-A1CD1332DC7D, cid=4077, SUCCESS, logIndex=0, commits[529edf8e-8eae-4246-b33f-5e44130d441c:c6176, 79bffca9-b028-4c53-a657-872ed973be73:c6174, 15654dff-55cd-4f70-96d8-4abf0c061563:c6174]
2019-07-09 15:05:00,209 INFO  client.GrpcClientProtocolClient (GrpcClientProtocolClient.java:onNext(255)) - client-A9DCF8B8BD5B->529edf8e-8eae-4246-b33f-5e44130d441c: receive RaftClientReply:client-A9DCF8B8BD5B->529edf8e-8eae-4246-b33f-5e44130d441c@group-A1CD1332DC7D, cid=4078, SUCCESS, logIndex=6177, commits[529edf8e-8eae-4246-b33f-5e44130d441c:c6177, 79bffca9-b028-4c53-a657-872ed973be73:c6176, 15654dff-55cd-4f70-96d8-4abf0c061563:c6176]
2019-07-09 15:05:00,210 INFO  client.GrpcClientProtocolClient (GrpcClientProtocolClient.java:onNext(255)) - client-A9DCF8B8BD5B->529edf8e-8eae-4246-b33f-5e44130d441c: receive RaftClientReply:client-A9DCF8B8BD5B->529edf8e-8eae-4246-b33f-5e44130d441c@group-A1CD1332DC7D, cid=4079, SUCCESS, logIndex=6178, commits[529edf8e-8eae-4246-b33f-5e44130d441c:c6178, 79bffca9-b028-4c53-a657-872ed973be73:c6176, 15654dff-55cd-4f70-96d8-4abf0c061563:c6176]
2019-07-09 15:05:00,210 INFO  client.GrpcClientProtocolClient (GrpcClientProtocolClient.java:onNext(255)) - client-A9DCF8B8BD5B->529edf8e-8eae-4246-b33f-5e44130d441c: receive RaftClientReply:client-A9DCF8B8BD5B->529edf8e-8eae-4246-b33f-5e44130d441c@group-A1CD1332DC7D, cid=4080, SUCCESS, logIndex=6179, commits[529edf8e-8eae-4246-b33f-5e44130d441c:c6180, 79bffca9-b028-4c53-a657-872ed973be73:c6176, 15654dff-55cd-4f70-96d8-4abf0c061563:c6176]
2019-07-09 15:05:00,210 INFO  client.GrpcClientProtocolClient (GrpcClientProtocolClient.java:onNext(255)) - client-A9DCF8B8BD5B->529edf8e-8eae-4246-b33f-5e44130d441c: receive RaftClientReply:client-A9DCF8B8BD5B->529edf8e-8eae-4246-b33f-5e44130d441c@group-A1CD1332DC7D, cid=4081, SUCCESS, logIndex=6180, commits[529edf8e-8eae-4246-b33f-5e44130d441c:c6180, 79bffca9-b028-4c53-a657-872ed973be73:c6176, 15654dff-55cd-4f70-96d8-4abf0c061563:c6176]
2019-07-09 15:05:00,213 INFO  client.GrpcClientProtocolClient (GrpcClientProtocolClient.java:onNext(255)) - client-A9DCF8B8BD5B->529edf8e-8eae-4246-b33f-5e44130d441c: receive RaftClientReply:client-A9DCF8B8BD5B->529edf8e-8eae-4246-b33f-5e44130d441c@group-A1CD1332DC7D, cid=4082, SUCCESS, logIndex=0, commits[529edf8e-8eae-4246-b33f-5e44130d441c:c6182, 79bffca9-b028-4c53-a657-872ed973be73:c6178, 15654dff-55cd-4f70-96d8-4abf0c061563:c6178]
2019-07-09 15:05:00,236 INFO  client.GrpcClientProtocolClient (GrpcClientProtocolClient.java:onNext(255)) - client-A9DCF8B8BD5B->529edf8e-8eae-4246-b33f-5e44130d441c: receive RaftClientReply:client-A9DCF8B8BD5B->529edf8e-8eae-4246-b33f-5e44130d441c@group-A1CD1332DC7D, cid=4083, SUCCESS, logIndex=6185, commits[529edf8e-8eae-4246-b33f-5e44130d441c:c6186, 79bffca9-b028-4c53-a657-872ed973be73:c6180, 15654dff-55cd-4f70-96d8-4abf0c061563:c6184]
2019-07-09 15:05:00,236 INFO  client.GrpcClientProtocolClient (GrpcClientProtocolClient.java:onNext(255)) - client-A9DCF8B8BD5B->529edf8e-8eae-4246-b33f-5e44130d441c: receive RaftClientReply:client-A9DCF8B8BD5B->529edf8e-8eae-4246-b33f-5e44130d441c@group-A1CD1332DC7D, cid=4084, SUCCESS, logIndex=6186, commits[529edf8e-8eae-4246-b33f-5e44130d441c:c6186, 79bffca9-b028-4c53-a657-872ed973be73:c6184, 15654dff-55cd-4f70-96d8-4abf0c061563:c6184]
2019-07-09 15:05:00,256 INFO  client.GrpcClientProtocolClient (GrpcClientProtocolClient.java:onNext(255)) - client-A9DCF8B8BD5B->529edf8e-8eae-4246-b33f-5e44130d441c: receive RaftClientReply:client-A9DCF8B8BD5B->529edf8e-8eae-4246-b33f-5e44130d441c@group-A1CD1332DC7D, cid=4085, SUCCESS, logIndex=6189, commits[529edf8e-8eae-4246-b33f-5e44130d441c:c6190, 79bffca9-b028-4c53-a657-872ed973be73:c6188, 15654dff-55cd-4f70-96d8-4abf0c061563:c6188]
2019-07-09 15:05:00,257 INFO  client.GrpcClientProtocolClient (GrpcClientProtocolClient.java:onNext(255)) - client-A9DCF8B8BD5B->529edf8e-8eae-4246-b33f-5e44130d441c: receive RaftClientReply:client-A9DCF8B8BD5B->529edf8e-8eae-4246-b33f-5e44130d441c@group-A1CD1332DC7D, cid=4086, SUCCESS, logIndex=6190, commits[529edf8e-8eae-4246-b33f-5e44130d441c:c6190, 79bffca9-b028-4c53-a657-872ed973be73:c6188, 15654dff-55cd-4f70-96d8-4abf0c061563:c6188]
2019-07-09 15:05:00,270 INFO  client.GrpcClientProtocolClient (GrpcClientProtocolClient.java:onNext(255)) - client-A9DCF8B8BD5B->529edf8e-8eae-4246-b33f-5e44130d441c: receive RaftClientReply:client-A9DCF8B8BD5B->529edf8e-8eae-4246-b33f-5e44130d441c@group-A1CD1332DC7D, cid=4087, SUCCESS, logIndex=0, commits[529edf8e-8eae-4246-b33f-5e44130d441c:c6192, 79bffca9-b028-4c53-a657-872ed973be73:c6190, 15654dff-55cd-4f70-96d8-4abf0c061563:c6190]
2019-07-09 15:05:00,303 INFO  client.GrpcClientProtocolClient (GrpcClientProtocolClient.java:onNext(255)) - client-A9DCF8B8BD5B->529edf8e-8eae-4246-b33f-5e44130d441c: receive RaftClientReply:client-A9DCF8B8BD5B->529edf8e-8eae-4246-b33f-5e44130d441c@group-A1CD1332DC7D, cid=4088, SUCCESS, logIndex=6193, commits[529edf8e-8eae-4246-b33f-5e44130d441c:c6194, 79bffca9-b028-4c53-a657-872ed973be73:c6192, 15654dff-55cd-4f70-96d8-4abf0c061563:c6192]
2019-07-09 15:05:00,304 INFO  client.GrpcClientProtocolClient (GrpcClientProtocolClient.java:onNext(255)) - client-A9DCF8B8BD5B->529edf8e-8eae-4246-b33f-5e44130d441c: receive RaftClientReply:client-A9DCF8B8BD5B->529edf8e-8eae-4246-b33f-5e44130d441c@group-A1CD1332DC7D, cid=4089, SUCCESS, logIndex=6194, commits[529edf8e-8eae-4246-b33f-5e44130d441c:c6196, 79bffca9-b028-4c53-a657-872ed973be73:c6192, 15654dff-55cd-4f70-96d8-4abf0c061563:c6192]
2019-07-09 15:05:00,304 INFO  client.GrpcClientProtocolClient (GrpcClientProtocolClient.java:onNext(255)) - client-A9DCF8B8BD5B->529edf8e-8eae-4246-b33f-5e44130d441c: receive RaftClientReply:client-A9DCF8B8BD5B->529edf8e-8eae-4246-b33f-5e44130d441c@group-A1CD1332DC7D, cid=4090, SUCCESS, logIndex=6195, commits[529edf8e-8eae-4246-b33f-5e44130d441c:c6196, 79bffca9-b028-4c53-a657-872ed973be73:c6192, 15654dff-55cd-4f70-96d8-4abf0c061563:c6192]
2019-07-09 15:05:00,304 INFO  client.GrpcClientProtocolClient (GrpcClientProtocolClient.java:onNext(255)) - client-A9DCF8B8BD5B->529edf8e-8eae-4246-b33f-5e44130d441c: receive RaftClientReply:client-A9DCF8B8BD5B->529edf8e-8eae-4246-b33f-5e44130d441c@group-A1CD1332DC7D, cid=4091, SUCCESS, logIndex=6196, commits[529edf8e-8eae-4246-b33f-5e44130d441c:c6196, 79bffca9-b028-4c53-a657-872ed973be73:c6192, 15654dff-55cd-4f70-96d8-4abf0c061563:c6192]
2019-07-09 15:05:00,306 INFO  client.GrpcClientProtocolClient (GrpcClientProtocolClient.java:onNext(255)) - client-A9DCF8B8BD5B->529edf8e-8eae-4246-b33f-5e44130d441c: receive RaftClientReply:client-A9DCF8B8BD5B->529edf8e-8eae-4246-b33f-5e44130d441c@group-A1CD1332DC7D, cid=4092, SUCCESS, logIndex=0, commits[529edf8e-8eae-4246-b33f-5e44130d441c:c6199, 79bffca9-b028-4c53-a657-872ed973be73:c6194, 15654dff-55cd-4f70-96d8-4abf0c061563:c6196]
2019-07-09 15:05:00,327 INFO  client.GrpcClientProtocolClient (GrpcClientProtocolClient.java:onNext(255)) - client-A9DCF8B8BD5B->529edf8e-8eae-4246-b33f-5e44130d441c: receive RaftClientReply:client-A9DCF8B8BD5B->529edf8e-8eae-4246-b33f-5e44130d441c@group-A1CD1332DC7D, cid=4093, SUCCESS, logIndex=6200, commits[529edf8e-8eae-4246-b33f-5e44130d441c:c6201, 79bffca9-b028-4c53-a657-872ed973be73:c6199, 15654dff-55cd-4f70-96d8-4abf0c061563:c6199]
2019-07-09 15:05:00,327 INFO  client.GrpcClientProtocolClient (GrpcClientProtocolClient.java:onNext(255)) - client-A9DCF8B8BD5B->529edf8e-8eae-4246-b33f-5e44130d441c: receive RaftClientReply:client-A9DCF8B8BD5B->529edf8e-8eae-4246-b33f-5e44130d441c@group-A1CD1332DC7D, cid=4094, SUCCESS, logIndex=6201, commits[529edf8e-8eae-4246-b33f-5e44130d441c:c6201, 79bffca9-b028-4c53-a657-872ed973be73:c6199, 15654dff-55cd-4f70-96d8-4abf0c061563:c6199]
2019-07-09 15:05:00,340 INFO  client.GrpcClientProtocolClient (GrpcClientProtocolClient.java:onNext(255)) - client-A9DCF8B8BD5B->529edf8e-8eae-4246-b33f-5e44130d441c: receive RaftClientReply:client-A9DCF8B8BD5B->529edf8e-8eae-4246-b33f-5e44130d441c@group-A1CD1332DC7D, cid=4095, SUCCESS, logIndex=6203, commits[529edf8e-8eae-4246-b33f-5e44130d441c:c6204, 79bffca9-b028-4c53-a657-872ed973be73:c6201, 15654dff-55cd-4f70-96d8-4abf0c061563:c6201]
2019-07-09 15:05:00,340 INFO  client.GrpcClientProtocolClient (GrpcClientProtocolClient.java:onNext(255)) - client-A9DCF8B8BD5B->529edf8e-8eae-4246-b33f-5e44130d441c: receive RaftClientReply:client-A9DCF8B8BD5B->529edf8e-8eae-4246-b33f-5e44130d441c@group-A1CD1332DC7D, cid=4096, SUCCESS, logIndex=6204, commits[529edf8e-8eae-4246-b33f-5e44130d441c:c6204, 79bffca9-b028-4c53-a657-872ed973be73:c6201, 15654dff-55cd-4f70-96d8-4abf0c061563:c6201]
2019-07-09 15:05:00,354 INFO  client.GrpcClientProtocolClient (GrpcClientProtocolClient.java:onNext(255)) - client-A9DCF8B8BD5B->529edf8e-8eae-4246-b33f-5e44130d441c: receive RaftClientReply:client-A9DCF8B8BD5B->529edf8e-8eae-4246-b33f-5e44130d441c@group-A1CD1332DC7D, cid=4097, SUCCESS, logIndex=0, commits[529edf8e-8eae-4246-b33f-5e44130d441c:c6206, 79bffca9-b028-4c53-a657-872ed973be73:c6204, 15654dff-55cd-4f70-96d8-4abf0c061563:c6204]
2019-07-09 15:05:00,386 INFO  client.GrpcClientProtocolClient (GrpcClientProtocolClient.java:onNext(255)) - client-A9DCF8B8BD5B->529edf8e-8eae-4246-b33f-5e44130d441c: receive RaftClientReply:client-A9DCF8B8BD5B->529edf8e-8eae-4246-b33f-5e44130d441c@group-A1CD1332DC7D, cid=4098, SUCCESS, logIndex=6207, commits[529edf8e-8eae-4246-b33f-5e44130d441c:c6208, 79bffca9-b028-4c53-a657-872ed973be73:c6206, 15654dff-55cd-4f70-96d8-4abf0c061563:c6206]
2019-07-09 15:05:00,387 INFO  client.GrpcClientProtocolClient (GrpcClientProtocolClient.java:onNext(255)) - client-A9DCF8B8BD5B->529edf8e-8eae-4246-b33f-5e44130d441c: receive RaftClientReply:client-A9DCF8B8BD5B->529edf8e-8eae-4246-b33f-5e44130d441c@group-A1CD1332DC7D, cid=4099, SUCCESS, logIndex=6208, commits[529edf8e-8eae-4246-b33f-5e44130d441c:c6210, 79bffca9-b028-4c53-a657-872ed973be73:c6206, 15654dff-55cd-4f70-96d8-4abf0c061563:c6206]
2019-07-09 15:05:00,387 INFO  client.GrpcClientProtocolClient (GrpcClientProtocolClient.java:onNext(255)) - client-A9DCF8B8BD5B->529edf8e-8eae-4246-b33f-5e44130d441c: receive RaftClientReply:client-A9DCF8B8BD5B->529edf8e-8eae-4246-b33f-5e44130d441c@group-A1CD1332DC7D, cid=4100, SUCCESS, logIndex=6209, commits[529edf8e-8eae-4246-b33f-5e44130d441c:c6210, 79bffca9-b028-4c53-a657-872ed973be73:c6206, 15654dff-55cd-4f70-96d8-4abf0c061563:c6206]
2019-07-09 15:05:00,387 INFO  client.GrpcClientProtocolClient (GrpcClientProtocolClient.java:onNext(255)) - client-A9DCF8B8BD5B->529edf8e-8eae-4246-b33f-5e44130d441c: receive RaftClientReply:client-A9DCF8B8BD5B->529edf8e-8eae-4246-b33f-5e44130d441c@group-A1CD1332DC7D, cid=4101, SUCCESS, logIndex=6210, commits[529edf8e-8eae-4246-b33f-5e44130d441c:c6210, 79bffca9-b028-4c53-a657-872ed973be73:c6206, 15654dff-55cd-4f70-96d8-4abf0c061563:c6206]
2019-07-09 15:05:00,388 INFO  client.GrpcClientProtocolClient (GrpcClientProtocolClient.java:onNext(255)) - client-A9DCF8B8BD5B->529edf8e-8eae-4246-b33f-5e44130d441c: receive RaftClientReply:client-A9DCF8B8BD5B->529edf8e-8eae-4246-b33f-5e44130d441c@group-A1CD1332DC7D, cid=4102, SUCCESS, logIndex=0, commits[529edf8e-8eae-4246-b33f-5e44130d441c:c6214, 79bffca9-b028-4c53-a657-872ed973be73:c6208, 15654dff-55cd-4f70-96d8-4abf0c061563:c6210]
2019-07-09 15:05:00,407 INFO  client.GrpcClientProtocolClient (GrpcClientProtocolClient.java:onNext(255)) - client-A9DCF8B8BD5B->529edf8e-8eae-4246-b33f-5e44130d441c: receive RaftClientReply:client-A9DCF8B8BD5B->529edf8e-8eae-4246-b33f-5e44130d441c@group-A1CD1332DC7D, cid=4103, SUCCESS, logIndex=6215, commits[529edf8e-8eae-4246-b33f-5e44130d441c:c6216, 79bffca9-b028-4c53-a657-872ed973be73:c6214, 15654dff-55cd-4f70-96d8-4abf0c061563:c6214]
2019-07-09 15:05:00,407 INFO  client.GrpcClientProtocolClient (GrpcClientProtocolClient.java:onNext(255)) - client-A9DCF8B8BD5B->529edf8e-8eae-4246-b33f-5e44130d441c: receive RaftClientReply:client-A9DCF8B8BD5B->529edf8e-8eae-4246-b33f-5e44130d441c@group-A1CD1332DC7D, cid=4104, SUCCESS, logIndex=6216, commits[529edf8e-8eae-4246-b33f-5e44130d441c:c6216, 79bffca9-b028-4c53-a657-872ed973be73:c6214, 15654dff-55cd-4f70-96d8-4abf0c061563:c6214]
2019-07-09 15:05:00,420 INFO  client.GrpcClientProtocolClient (GrpcClientProtocolClient.java:onNext(255)) - client-A9DCF8B8BD5B->529edf8e-8eae-4246-b33f-5e44130d441c: receive RaftClientReply:client-A9DCF8B8BD5B->529edf8e-8eae-4246-b33f-5e44130d441c@group-A1CD1332DC7D, cid=4105, SUCCESS, logIndex=6219, commits[529edf8e-8eae-4246-b33f-5e44130d441c:c6220, 79bffca9-b028-4c53-a657-872ed973be73:c6216, 15654dff-55cd-4f70-96d8-4abf0c061563:c6216]
2019-07-09 15:05:00,421 INFO  client.GrpcClientProtocolClient (GrpcClientProtocolClient.java:onNext(255)) - client-A9DCF8B8BD5B->529edf8e-8eae-4246-b33f-5e44130d441c: receive RaftClientReply:client-A9DCF8B8BD5B->529edf8e-8eae-4246-b33f-5e44130d441c@group-A1CD1332DC7D, cid=4106, SUCCESS, logIndex=6220, commits[529edf8e-8eae-4246-b33f-5e44130d441c:c6220, 79bffca9-b028-4c53-a657-872ed973be73:c6216, 15654dff-55cd-4f70-96d8-4abf0c061563:c6216]
2019-07-09 15:05:00,454 INFO  client.GrpcClientProtocolClient (GrpcClientProtocolClient.java:onNext(255)) - client-A9DCF8B8BD5B->529edf8e-8eae-4246-b33f-5e44130d441c: receive RaftClientReply:client-A9DCF8B8BD5B->529edf8e-8eae-4246-b33f-5e44130d441c@group-A1CD1332DC7D, cid=4107, SUCCESS, logIndex=0, commits[529edf8e-8eae-4246-b33f-5e44130d441c:c6221, 79bffca9-b028-4c53-a657-872ed973be73:c6220, 15654dff-55cd-4f70-96d8-4abf0c061563:c6220]
2019-07-09 15:05:00,484 INFO  client.GrpcClientProtocolClient (GrpcClientProtocolClient.java:onNext(255)) - client-A9DCF8B8BD5B->529edf8e-8eae-4246-b33f-5e44130d441c: receive RaftClientReply:client-A9DCF8B8BD5B->529edf8e-8eae-4246-b33f-5e44130d441c@group-A1CD1332DC7D, cid=4108, SUCCESS, logIndex=6223, commits[529edf8e-8eae-4246-b33f-5e44130d441c:c6225, 79bffca9-b028-4c53-a657-872ed973be73:c6222, 15654dff-55cd-4f70-96d8-4abf0c061563:c6222]
2019-07-09 15:05:00,484 INFO  client.GrpcClientProtocolClient (GrpcClientProtocolClient.java:onNext(255)) - client-A9DCF8B8BD5B->529edf8e-8eae-4246-b33f-5e44130d441c: receive RaftClientReply:client-A9DCF8B8BD5B->529edf8e-8eae-4246-b33f-5e44130d441c@group-A1CD1332DC7D, cid=4109, SUCCESS, logIndex=6224, commits[529edf8e-8eae-4246-b33f-5e44130d441c:c6226, 79bffca9-b028-4c53-a657-872ed973be73:c6222, 15654dff-55cd-4f70-96d8-4abf0c061563:c6222]
2019-07-09 15:05:00,484 INFO  client.GrpcClientProtocolClient (GrpcClientProtocolClient.java:onNext(255)) - client-A9DCF8B8BD5B->529edf8e-8eae-4246-b33f-5e44130d441c: receive RaftClientReply:client-A9DCF8B8BD5B->529edf8e-8eae-4246-b33f-5e44130d441c@group-A1CD1332DC7D, cid=4110, SUCCESS, logIndex=6225, commits[529edf8e-8eae-4246-b33f-5e44130d441c:c6226, 79bffca9-b028-4c53-a657-872ed973be73:c6222, 15654dff-55cd-4f70-96d8-4abf0c061563:c6222]
2019-07-09 15:05:00,485 INFO  client.GrpcClientProtocolClient (GrpcClientProtocolClient.java:onNext(255)) - client-A9DCF8B8BD5B->529edf8e-8eae-4246-b33f-5e44130d441c: receive RaftClientReply:client-A9DCF8B8BD5B->529edf8e-8eae-4246-b33f-5e44130d441c@group-A1CD1332DC7D, cid=4111, SUCCESS, logIndex=6226, commits[529edf8e-8eae-4246-b33f-5e44130d441c:c6226, 79bffca9-b028-4c53-a657-872ed973be73:c6222, 15654dff-55cd-4f70-96d8-4abf0c061563:c6222]
2019-07-09 15:05:00,496 INFO  client.GrpcClientProtocolClient (GrpcClientProtocolClient.java:onNext(255)) - client-A9DCF8B8BD5B->529edf8e-8eae-4246-b33f-5e44130d441c: receive RaftClientReply:client-A9DCF8B8BD5B->529edf8e-8eae-4246-b33f-5e44130d441c@group-A1CD1332DC7D, cid=4112, SUCCESS, logIndex=0, commits[529edf8e-8eae-4246-b33f-5e44130d441c:c6230, 79bffca9-b028-4c53-a657-872ed973be73:c6224, 15654dff-55cd-4f70-96d8-4abf0c061563:c6226]
2019-07-09 15:05:00,515 INFO  client.GrpcClientProtocolClient (GrpcClientProtocolClient.java:onNext(255)) - client-A9DCF8B8BD5B->529edf8e-8eae-4246-b33f-5e44130d441c: receive RaftClientReply:client-A9DCF8B8BD5B->529edf8e-8eae-4246-b33f-5e44130d441c@group-A1CD1332DC7D, cid=4113, SUCCESS, logIndex=6231, commits[529edf8e-8eae-4246-b33f-5e44130d441c:c6232, 79bffca9-b028-4c53-a657-872ed973be73:c6230, 15654dff-55cd-4f70-96d8-4abf0c061563:c6230]
2019-07-09 15:05:00,515 INFO  client.GrpcClientProtocolClient (GrpcClientProtocolClient.java:onNext(255)) - client-A9DCF8B8BD5B->529edf8e-8eae-4246-b33f-5e44130d441c: receive RaftClientReply:client-A9DCF8B8BD5B->529edf8e-8eae-4246-b33f-5e44130d441c@group-A1CD1332DC7D, cid=4114, SUCCESS, logIndex=6232, commits[529edf8e-8eae-4246-b33f-5e44130d441c:c6232, 79bffca9-b028-4c53-a657-872ed973be73:c6230, 15654dff-55cd-4f70-96d8-4abf0c061563:c6230]
2019-07-09 15:05:00,549 INFO  client.GrpcClientProtocolClient (GrpcClientProtocolClient.java:onNext(255)) - client-A9DCF8B8BD5B->529edf8e-8eae-4246-b33f-5e44130d441c: receive RaftClientReply:client-A9DCF8B8BD5B->529edf8e-8eae-4246-b33f-5e44130d441c@group-A1CD1332DC7D, cid=4115, SUCCESS, logIndex=6235, commits[529edf8e-8eae-4246-b33f-5e44130d441c:c6236, 79bffca9-b028-4c53-a657-872ed973be73:c6234, 15654dff-55cd-4f70-96d8-4abf0c061563:c6234]
2019-07-09 15:05:00,550 INFO  client.GrpcClientProtocolClient (GrpcClientProtocolClient.java:onNext(255)) - client-A9DCF8B8BD5B->529edf8e-8eae-4246-b33f-5e44130d441c: receive RaftClientReply:client-A9DCF8B8BD5B->529edf8e-8eae-4246-b33f-5e44130d441c@group-A1CD1332DC7D, cid=4116, SUCCESS, logIndex=6236, commits[529edf8e-8eae-4246-b33f-5e44130d441c:c6236, 79bffca9-b028-4c53-a657-872ed973be73:c6234, 15654dff-55cd-4f70-96d8-4abf0c061563:c6234]
2019-07-09 15:05:00,563 INFO  client.GrpcClientProtocolClient (GrpcClientProtocolClient.java:onNext(255)) - client-A9DCF8B8BD5B->529edf8e-8eae-4246-b33f-5e44130d441c: receive RaftClientReply:client-A9DCF8B8BD5B->529edf8e-8eae-4246-b33f-5e44130d441c@group-A1CD1332DC7D, cid=4117, SUCCESS, logIndex=0, commits[529edf8e-8eae-4246-b33f-5e44130d441c:c6238, 79bffca9-b028-4c53-a657-872ed973be73:c6236, 15654dff-55cd-4f70-96d8-4abf0c061563:c6236]
2019-07-09 15:05:00,593 INFO  client.GrpcClientProtocolClient (GrpcClientProtocolClient.java:onNext(255)) - client-A9DCF8B8BD5B->529edf8e-8eae-4246-b33f-5e44130d441c: receive RaftClientReply:client-A9DCF8B8BD5B->529edf8e-8eae-4246-b33f-5e44130d441c@group-A1CD1332DC7D, cid=4118, SUCCESS, logIndex=6239, commits[529edf8e-8eae-4246-b33f-5e44130d441c:c6240, 79bffca9-b028-4c53-a657-872ed973be73:c6238, 15654dff-55cd-4f70-96d8-4abf0c061563:c6238]
2019-07-09 15:05:00,594 INFO  client.GrpcClientProtocolClient (GrpcClientProtocolClient.java:onNext(255)) - client-A9DCF8B8BD5B->529edf8e-8eae-4246-b33f-5e44130d441c: receive RaftClientReply:client-A9DCF8B8BD5B->529edf8e-8eae-4246-b33f-5e44130d441c@group-A1CD1332DC7D, cid=4119, SUCCESS, logIndex=6240, commits[529edf8e-8eae-4246-b33f-5e44130d441c:c6240, 79bffca9-b028-4c53-a657-872ed973be73:c6238, 15654dff-55cd-4f70-96d8-4abf0c061563:c6238]
2019-07-09 15:05:00,594 INFO  client.GrpcClientProtocolClient (GrpcClientProtocolClient.java:onNext(255)) - client-A9DCF8B8BD5B->529edf8e-8eae-4246-b33f-5e44130d441c: receive RaftClientReply:client-A9DCF8B8BD5B->529edf8e-8eae-4246-b33f-5e44130d441c@group-A1CD1332DC7D, cid=4120, SUCCESS, logIndex=6241, commits[529edf8e-8eae-4246-b33f-5e44130d441c:c6242, 79bffca9-b028-4c53-a657-872ed973be73:c6238, 15654dff-55cd-4f70-96d8-4abf0c061563:c6238]
2019-07-09 15:05:00,594 INFO  client.GrpcClientProtocolClient (GrpcClientProtocolClient.java:onNext(255)) - client-A9DCF8B8BD5B->529edf8e-8eae-4246-b33f-5e44130d441c: receive RaftClientReply:client-A9DCF8B8BD5B->529edf8e-8eae-4246-b33f-5e44130d441c@group-A1CD1332DC7D, cid=4121, SUCCESS, logIndex=6242, commits[529edf8e-8eae-4246-b33f-5e44130d441c:c6242, 79bffca9-b028-4c53-a657-872ed973be73:c6238, 15654dff-55cd-4f70-96d8-4abf0c061563:c6238]
2019-07-09 15:05:00,595 INFO  client.GrpcClientProtocolClient (GrpcClientProtocolClient.java:onNext(255)) - client-A9DCF8B8BD5B->529edf8e-8eae-4246-b33f-5e44130d441c: receive RaftClientReply:client-A9DCF8B8BD5B->529edf8e-8eae-4246-b33f-5e44130d441c@group-A1CD1332DC7D, cid=4122, SUCCESS, logIndex=0, commits[529edf8e-8eae-4246-b33f-5e44130d441c:c6244, 79bffca9-b028-4c53-a657-872ed973be73:c6240, 15654dff-55cd-4f70-96d8-4abf0c061563:c6240]
2019-07-09 15:05:00,614 INFO  client.GrpcClientProtocolClient (GrpcClientProtocolClient.java:onNext(255)) - client-A9DCF8B8BD5B->529edf8e-8eae-4246-b33f-5e44130d441c: receive RaftClientReply:client-A9DCF8B8BD5B->529edf8e-8eae-4246-b33f-5e44130d441c@group-A1CD1332DC7D, cid=4123, SUCCESS, logIndex=6247, commits[529edf8e-8eae-4246-b33f-5e44130d441c:c6248, 79bffca9-b028-4c53-a657-872ed973be73:c6246, 15654dff-55cd-4f70-96d8-4abf0c061563:c6246]
2019-07-09 15:05:00,615 INFO  client.GrpcClientProtocolClient (GrpcClientProtocolClient.java:onNext(255)) - client-A9DCF8B8BD5B->529edf8e-8eae-4246-b33f-5e44130d441c: receive RaftClientReply:client-A9DCF8B8BD5B->529edf8e-8eae-4246-b33f-5e44130d441c@group-A1CD1332DC7D, cid=4124, SUCCESS, logIndex=6248, commits[529edf8e-8eae-4246-b33f-5e44130d441c:c6248, 79bffca9-b028-4c53-a657-872ed973be73:c6246, 15654dff-55cd-4f70-96d8-4abf0c061563:c6246]
2019-07-09 15:05:00,628 INFO  client.GrpcClientProtocolClient (GrpcClientProtocolClient.java:onNext(255)) - client-A9DCF8B8BD5B->529edf8e-8eae-4246-b33f-5e44130d441c: receive RaftClientReply:client-A9DCF8B8BD5B->529edf8e-8eae-4246-b33f-5e44130d441c@group-A1CD1332DC7D, cid=4125, SUCCESS, logIndex=6251, commits[529edf8e-8eae-4246-b33f-5e44130d441c:c6252, 79bffca9-b028-4c53-a657-872ed973be73:c6248, 15654dff-55cd-4f70-96d8-4abf0c061563:c6248]
2019-07-09 15:05:00,628 INFO  client.GrpcClientProtocolClient (GrpcClientProtocolClient.java:onNext(255)) - client-A9DCF8B8BD5B->529edf8e-8eae-4246-b33f-5e44130d441c: receive RaftClientReply:client-A9DCF8B8BD5B->529edf8e-8eae-4246-b33f-5e44130d441c@group-A1CD1332DC7D, cid=4126, SUCCESS, logIndex=6252, commits[529edf8e-8eae-4246-b33f-5e44130d441c:c6252, 79bffca9-b028-4c53-a657-872ed973be73:c6248, 15654dff-55cd-4f70-96d8-4abf0c061563:c6248]
2019-07-09 15:05:00,641 INFO  client.GrpcClientProtocolClient (GrpcClientProtocolClient.java:onNext(255)) - client-A9DCF8B8BD5B->529edf8e-8eae-4246-b33f-5e44130d441c: receive RaftClientReply:client-A9DCF8B8BD5B->529edf8e-8eae-4246-b33f-5e44130d441c@group-A1CD1332DC7D, cid=4127, SUCCESS, logIndex=0, commits[529edf8e-8eae-4246-b33f-5e44130d441c:c6254, 79bffca9-b028-4c53-a657-872ed973be73:c6252, 15654dff-55cd-4f70-96d8-4abf0c061563:c6252]
2019-07-09 15:05:00,677 INFO  client.GrpcClientProtocolClient (GrpcClientProtocolClient.java:onNext(255)) - client-A9DCF8B8BD5B->529edf8e-8eae-4246-b33f-5e44130d441c: receive RaftClientReply:client-A9DCF8B8BD5B->529edf8e-8eae-4246-b33f-5e44130d441c@group-A1CD1332DC7D, cid=4128, SUCCESS, logIndex=6255, commits[529edf8e-8eae-4246-b33f-5e44130d441c:c6256, 79bffca9-b028-4c53-a657-872ed973be73:c6254, 15654dff-55cd-4f70-96d8-4abf0c061563:c6254]
2019-07-09 15:05:00,678 INFO  client.GrpcClientProtocolClient (GrpcClientProtocolClient.java:onNext(255)) - client-A9DCF8B8BD5B->529edf8e-8eae-4246-b33f-5e44130d441c: receive RaftClientReply:client-A9DCF8B8BD5B->529edf8e-8eae-4246-b33f-5e44130d441c@group-A1CD1332DC7D, cid=4129, SUCCESS, logIndex=6256, commits[529edf8e-8eae-4246-b33f-5e44130d441c:c6256, 79bffca9-b028-4c53-a657-872ed973be73:c6254, 15654dff-55cd-4f70-96d8-4abf0c061563:c6254]
2019-07-09 15:05:00,678 INFO  client.GrpcClientProtocolClient (GrpcClientProtocolClient.java:onNext(255)) - client-A9DCF8B8BD5B->529edf8e-8eae-4246-b33f-5e44130d441c: receive RaftClientReply:client-A9DCF8B8BD5B->529edf8e-8eae-4246-b33f-5e44130d441c@group-A1CD1332DC7D, cid=4130, SUCCESS, logIndex=6257, commits[529edf8e-8eae-4246-b33f-5e44130d441c:c6258, 79bffca9-b028-4c53-a657-872ed973be73:c6254, 15654dff-55cd-4f70-96d8-4abf0c061563:c6254]
2019-07-09 15:05:00,679 INFO  client.GrpcClientProtocolClient (GrpcClientProtocolClient.java:onNext(255)) - client-A9DCF8B8BD5B->529edf8e-8eae-4246-b33f-5e44130d441c: receive RaftClientReply:client-A9DCF8B8BD5B->529edf8e-8eae-4246-b33f-5e44130d441c@group-A1CD1332DC7D, cid=4131, SUCCESS, logIndex=6258, commits[529edf8e-8eae-4246-b33f-5e44130d441c:c6258, 79bffca9-b028-4c53-a657-872ed973be73:c6254, 15654dff-55cd-4f70-96d8-4abf0c061563:c6254]
2019-07-09 15:05:00,680 INFO  client.GrpcClientProtocolClient (GrpcClientProtocolClient.java:onNext(255)) - client-A9DCF8B8BD5B->529edf8e-8eae-4246-b33f-5e44130d441c: receive RaftClientReply:client-A9DCF8B8BD5B->529edf8e-8eae-4246-b33f-5e44130d441c@group-A1CD1332DC7D, cid=4132, SUCCESS, logIndex=0, commits[529edf8e-8eae-4246-b33f-5e44130d441c:c6260, 79bffca9-b028-4c53-a657-872ed973be73:c6256, 15654dff-55cd-4f70-96d8-4abf0c061563:c6256]
2019-07-09 15:05:00,698 INFO  client.GrpcClientProtocolClient (GrpcClientProtocolClient.java:onNext(255)) - client-A9DCF8B8BD5B->529edf8e-8eae-4246-b33f-5e44130d441c: receive RaftClientReply:client-A9DCF8B8BD5B->529edf8e-8eae-4246-b33f-5e44130d441c@group-A1CD1332DC7D, cid=4133, SUCCESS, logIndex=6263, commits[529edf8e-8eae-4246-b33f-5e44130d441c:c6263, 79bffca9-b028-4c53-a657-872ed973be73:c6262, 15654dff-55cd-4f70-96d8-4abf0c061563:c6262]
2019-07-09 15:05:00,699 INFO  client.GrpcClientProtocolClient (GrpcClientProtocolClient.java:onNext(255)) - client-A9DCF8B8BD5B->529edf8e-8eae-4246-b33f-5e44130d441c: receive RaftClientReply:client-A9DCF8B8BD5B->529edf8e-8eae-4246-b33f-5e44130d441c@group-A1CD1332DC7D, cid=4134, SUCCESS, logIndex=6264, commits[529edf8e-8eae-4246-b33f-5e44130d441c:c6264, 79bffca9-b028-4c53-a657-872ed973be73:c6262, 15654dff-55cd-4f70-96d8-4abf0c061563:c6262]
2019-07-09 15:05:00,709 INFO  client.GrpcClientProtocolClient (GrpcClientProtocolClient.java:onNext(255)) - client-A9DCF8B8BD5B->529edf8e-8eae-4246-b33f-5e44130d441c: receive RaftClientReply:client-A9DCF8B8BD5B->529edf8e-8eae-4246-b33f-5e44130d441c@group-A1CD1332DC7D, cid=4135, SUCCESS, logIndex=6267, commits[529edf8e-8eae-4246-b33f-5e44130d441c:c6268, 79bffca9-b028-4c53-a657-872ed973be73:c6264, 15654dff-55cd-4f70-96d8-4abf0c061563:c6266]
2019-07-09 15:05:00,709 INFO  client.GrpcClientProtocolClient (GrpcClientProtocolClient.java:onNext(255)) - client-A9DCF8B8BD5B->529edf8e-8eae-4246-b33f-5e44130d441c: receive RaftClientReply:client-A9DCF8B8BD5B->529edf8e-8eae-4246-b33f-5e44130d441c@group-A1CD1332DC7D, cid=4136, SUCCESS, logIndex=6268, commits[529edf8e-8eae-4246-b33f-5e44130d441c:c6268, 79bffca9-b028-4c53-a657-872ed973be73:c6264, 15654dff-55cd-4f70-96d8-4abf0c061563:c6266]
2019-07-09 15:05:00,710 INFO  client.GrpcClientProtocolClient (GrpcClientProtocolClient.java:onNext(255)) - client-A9DCF8B8BD5B->529edf8e-8eae-4246-b33f-5e44130d441c: receive RaftClientReply:client-A9DCF8B8BD5B->529edf8e-8eae-4246-b33f-5e44130d441c@group-A1CD1332DC7D, cid=4137, SUCCESS, logIndex=0, commits[529edf8e-8eae-4246-b33f-5e44130d441c:c6269, 79bffca9-b028-4c53-a657-872ed973be73:c6268, 15654dff-55cd-4f70-96d8-4abf0c061563:c6268]
2019-07-09 15:05:00,764 INFO  client.GrpcClientProtocolClient (GrpcClientProtocolClient.java:onNext(255)) - client-A9DCF8B8BD5B->529edf8e-8eae-4246-b33f-5e44130d441c: receive RaftClientReply:client-A9DCF8B8BD5B->529edf8e-8eae-4246-b33f-5e44130d441c@group-A1CD1332DC7D, cid=4138, SUCCESS, logIndex=6271, commits[529edf8e-8eae-4246-b33f-5e44130d441c:c6272, 79bffca9-b028-4c53-a657-872ed973be73:c6270, 15654dff-55cd-4f70-96d8-4abf0c061563:c6270]
2019-07-09 15:05:00,765 INFO  client.GrpcClientProtocolClient (GrpcClientProtocolClient.java:onNext(255)) - client-A9DCF8B8BD5B->529edf8e-8eae-4246-b33f-5e44130d441c: receive RaftClientReply:client-A9DCF8B8BD5B->529edf8e-8eae-4246-b33f-5e44130d441c@group-A1CD1332DC7D, cid=4139, SUCCESS, logIndex=6272, commits[529edf8e-8eae-4246-b33f-5e44130d441c:c6274, 79bffca9-b028-4c53-a657-872ed973be73:c6270, 15654dff-55cd-4f70-96d8-4abf0c061563:c6270]
2019-07-09 15:05:00,765 INFO  client.GrpcClientProtocolClient (GrpcClientProtocolClient.java:onNext(255)) - client-A9DCF8B8BD5B->529edf8e-8eae-4246-b33f-5e44130d441c: receive RaftClientReply:client-A9DCF8B8BD5B->529edf8e-8eae-4246-b33f-5e44130d441c@group-A1CD1332DC7D, cid=4140, SUCCESS, logIndex=6273, commits[529edf8e-8eae-4246-b33f-5e44130d441c:c6274, 79bffca9-b028-4c53-a657-872ed973be73:c6270, 15654dff-55cd-4f70-96d8-4abf0c061563:c6270]
2019-07-09 15:05:00,766 INFO  client.GrpcClientProtocolClient (GrpcClientProtocolClient.java:onNext(255)) - client-A9DCF8B8BD5B->529edf8e-8eae-4246-b33f-5e44130d441c: receive RaftClientReply:client-A9DCF8B8BD5B->529edf8e-8eae-4246-b33f-5e44130d441c@group-A1CD1332DC7D, cid=4141, SUCCESS, logIndex=6274, commits[529edf8e-8eae-4246-b33f-5e44130d441c:c6274, 79bffca9-b028-4c53-a657-872ed973be73:c6270, 15654dff-55cd-4f70-96d8-4abf0c061563:c6270]
2019-07-09 15:05:00,777 INFO  client.GrpcClientProtocolClient (GrpcClientProtocolClient.java:onNext(255)) - client-A9DCF8B8BD5B->529edf8e-8eae-4246-b33f-5e44130d441c: receive RaftClientReply:client-A9DCF8B8BD5B->529edf8e-8eae-4246-b33f-5e44130d441c@group-A1CD1332DC7D, cid=4142, SUCCESS, logIndex=0, commits[529edf8e-8eae-4246-b33f-5e44130d441c:c6278, 79bffca9-b028-4c53-a657-872ed973be73:c6273, 15654dff-55cd-4f70-96d8-4abf0c061563:c6274]
2019-07-09 15:05:00,803 INFO  client.GrpcClientProtocolClient (GrpcClientProtocolClient.java:onNext(255)) - client-A9DCF8B8BD5B->529edf8e-8eae-4246-b33f-5e44130d441c: receive RaftClientReply:client-A9DCF8B8BD5B->529edf8e-8eae-4246-b33f-5e44130d441c@group-A1CD1332DC7D, cid=4143, SUCCESS, logIndex=6279, commits[529edf8e-8eae-4246-b33f-5e44130d441c:c6280, 79bffca9-b028-4c53-a657-872ed973be73:c6274, 15654dff-55cd-4f70-96d8-4abf0c061563:c6278]
2019-07-09 15:05:00,803 INFO  client.GrpcClientProtocolClient (GrpcClientProtocolClient.java:onNext(255)) - client-A9DCF8B8BD5B->529edf8e-8eae-4246-b33f-5e44130d441c: receive RaftClientReply:client-A9DCF8B8BD5B->529edf8e-8eae-4246-b33f-5e44130d441c@group-A1CD1332DC7D, cid=4144, SUCCESS, logIndex=6280, commits[529edf8e-8eae-4246-b33f-5e44130d441c:c6280, 79bffca9-b028-4c53-a657-872ed973be73:c6278, 15654dff-55cd-4f70-96d8-4abf0c061563:c6278]
2019-07-09 15:05:00,823 INFO  client.GrpcClientProtocolClient (GrpcClientProtocolClient.java:onNext(255)) - client-A9DCF8B8BD5B->529edf8e-8eae-4246-b33f-5e44130d441c: receive RaftClientReply:client-A9DCF8B8BD5B->529edf8e-8eae-4246-b33f-5e44130d441c@group-A1CD1332DC7D, cid=4145, SUCCESS, logIndex=6283, commits[529edf8e-8eae-4246-b33f-5e44130d441c:c6284, 79bffca9-b028-4c53-a657-872ed973be73:c6282, 15654dff-55cd-4f70-96d8-4abf0c061563:c6282]
2019-07-09 15:05:00,823 INFO  client.GrpcClientProtocolClient (GrpcClientProtocolClient.java:onNext(255)) - client-A9DCF8B8BD5B->529edf8e-8eae-4246-b33f-5e44130d441c: receive RaftClientReply:client-A9DCF8B8BD5B->529edf8e-8eae-4246-b33f-5e44130d441c@group-A1CD1332DC7D, cid=4146, SUCCESS, logIndex=6284, commits[529edf8e-8eae-4246-b33f-5e44130d441c:c6284, 79bffca9-b028-4c53-a657-872ed973be73:c6282, 15654dff-55cd-4f70-96d8-4abf0c061563:c6282]
2019-07-09 15:05:00,836 INFO  client.GrpcClientProtocolClient (GrpcClientProtocolClient.java:onNext(255)) - client-A9DCF8B8BD5B->529edf8e-8eae-4246-b33f-5e44130d441c: receive RaftClientReply:client-A9DCF8B8BD5B->529edf8e-8eae-4246-b33f-5e44130d441c@group-A1CD1332DC7D, cid=4147, SUCCESS, logIndex=0, commits[529edf8e-8eae-4246-b33f-5e44130d441c:c6286, 79bffca9-b028-4c53-a657-872ed973be73:c6284, 15654dff-55cd-4f70-96d8-4abf0c061563:c6284]
2019-07-09 15:05:00,869 INFO  client.GrpcClientProtocolClient (GrpcClientProtocolClient.java:onNext(255)) - client-A9DCF8B8BD5B->529edf8e-8eae-4246-b33f-5e44130d441c: receive RaftClientReply:client-A9DCF8B8BD5B->529edf8e-8eae-4246-b33f-5e44130d441c@group-A1CD1332DC7D, cid=4148, SUCCESS, logIndex=6287, commits[529edf8e-8eae-4246-b33f-5e44130d441c:c6288, 79bffca9-b028-4c53-a657-872ed973be73:c6286, 15654dff-55cd-4f70-96d8-4abf0c061563:c6286]
2019-07-09 15:05:00,869 INFO  client.GrpcClientProtocolClient (GrpcClientProtocolClient.java:onNext(255)) - client-A9DCF8B8BD5B->529edf8e-8eae-4246-b33f-5e44130d441c: receive RaftClientReply:client-A9DCF8B8BD5B->529edf8e-8eae-4246-b33f-5e44130d441c@group-A1CD1332DC7D, cid=4149, SUCCESS, logIndex=6288, commits[529edf8e-8eae-4246-b33f-5e44130d441c:c6290, 79bffca9-b028-4c53-a657-872ed973be73:c6286, 15654dff-55cd-4f70-96d8-4abf0c061563:c6286]
2019-07-09 15:05:00,870 INFO  client.GrpcClientProtocolClient (GrpcClientProtocolClient.java:onNext(255)) - client-A9DCF8B8BD5B->529edf8e-8eae-4246-b33f-5e44130d441c: receive RaftClientReply:client-A9DCF8B8BD5B->529edf8e-8eae-4246-b33f-5e44130d441c@group-A1CD1332DC7D, cid=4150, SUCCESS, logIndex=6289, commits[529edf8e-8eae-4246-b33f-5e44130d441c:c6290, 79bffca9-b028-4c53-a657-872ed973be73:c6286, 15654dff-55cd-4f70-96d8-4abf0c061563:c6286]
2019-07-09 15:05:00,870 INFO  client.GrpcClientProtocolClient (GrpcClientProtocolClient.java:onNext(255)) - client-A9DCF8B8BD5B->529edf8e-8eae-4246-b33f-5e44130d441c: receive RaftClientReply:client-A9DCF8B8BD5B->529edf8e-8eae-4246-b33f-5e44130d441c@group-A1CD1332DC7D, cid=4151, SUCCESS, logIndex=6290, commits[529edf8e-8eae-4246-b33f-5e44130d441c:c6290, 79bffca9-b028-4c53-a657-872ed973be73:c6286, 15654dff-55cd-4f70-96d8-4abf0c061563:c6286]
2019-07-09 15:05:00,871 INFO  client.GrpcClientProtocolClient (GrpcClientProtocolClient.java:onNext(255)) - client-A9DCF8B8BD5B->529edf8e-8eae-4246-b33f-5e44130d441c: receive RaftClientReply:client-A9DCF8B8BD5B->529edf8e-8eae-4246-b33f-5e44130d441c@group-A1CD1332DC7D, cid=4152, SUCCESS, logIndex=0, commits[529edf8e-8eae-4246-b33f-5e44130d441c:c6293, 79bffca9-b028-4c53-a657-872ed973be73:c6288, 15654dff-55cd-4f70-96d8-4abf0c061563:c6289]
2019-07-09 15:05:00,891 INFO  client.GrpcClientProtocolClient (GrpcClientProtocolClient.java:onNext(255)) - client-A9DCF8B8BD5B->529edf8e-8eae-4246-b33f-5e44130d441c: receive RaftClientReply:client-A9DCF8B8BD5B->529edf8e-8eae-4246-b33f-5e44130d441c@group-A1CD1332DC7D, cid=4153, SUCCESS, logIndex=6295, commits[529edf8e-8eae-4246-b33f-5e44130d441c:c6295, 79bffca9-b028-4c53-a657-872ed973be73:c6294, 15654dff-55cd-4f70-96d8-4abf0c061563:c6294]
2019-07-09 15:05:00,891 INFO  client.GrpcClientProtocolClient (GrpcClientProtocolClient.java:onNext(255)) - client-A9DCF8B8BD5B->529edf8e-8eae-4246-b33f-5e44130d441c: receive RaftClientReply:client-A9DCF8B8BD5B->529edf8e-8eae-4246-b33f-5e44130d441c@group-A1CD1332DC7D, cid=4154, SUCCESS, logIndex=6296, commits[529edf8e-8eae-4246-b33f-5e44130d441c:c6296, 79bffca9-b028-4c53-a657-872ed973be73:c6294, 15654dff-55cd-4f70-96d8-4abf0c061563:c6294]
2019-07-09 15:05:00,905 INFO  client.GrpcClientProtocolClient (GrpcClientProtocolClient.java:onNext(255)) - client-A9DCF8B8BD5B->529edf8e-8eae-4246-b33f-5e44130d441c: receive RaftClientReply:client-A9DCF8B8BD5B->529edf8e-8eae-4246-b33f-5e44130d441c@group-A1CD1332DC7D, cid=4155, SUCCESS, logIndex=6299, commits[529edf8e-8eae-4246-b33f-5e44130d441c:c6299, 79bffca9-b028-4c53-a657-872ed973be73:c6296, 15654dff-55cd-4f70-96d8-4abf0c061563:c6296]
2019-07-09 15:05:00,905 INFO  client.GrpcClientProtocolClient (GrpcClientProtocolClient.java:onNext(255)) - client-A9DCF8B8BD5B->529edf8e-8eae-4246-b33f-5e44130d441c: receive RaftClientReply:client-A9DCF8B8BD5B->529edf8e-8eae-4246-b33f-5e44130d441c@group-A1CD1332DC7D, cid=4156, SUCCESS, logIndex=6300, commits[529edf8e-8eae-4246-b33f-5e44130d441c:c6300, 79bffca9-b028-4c53-a657-872ed973be73:c6296, 15654dff-55cd-4f70-96d8-4abf0c061563:c6296]
2019-07-09 15:05:00,918 INFO  client.GrpcClientProtocolClient (GrpcClientProtocolClient.java:onNext(255)) - client-A9DCF8B8BD5B->529edf8e-8eae-4246-b33f-5e44130d441c: receive RaftClientReply:client-A9DCF8B8BD5B->529edf8e-8eae-4246-b33f-5e44130d441c@group-A1CD1332DC7D, cid=4157, SUCCESS, logIndex=0, commits[529edf8e-8eae-4246-b33f-5e44130d441c:c6302, 79bffca9-b028-4c53-a657-872ed973be73:c6300, 15654dff-55cd-4f70-96d8-4abf0c061563:c6300]
2019-07-09 15:05:00,951 INFO  client.GrpcClientProtocolClient (GrpcClientProtocolClient.java:onNext(255)) - client-A9DCF8B8BD5B->529edf8e-8eae-4246-b33f-5e44130d441c: receive RaftClientReply:client-A9DCF8B8BD5B->529edf8e-8eae-4246-b33f-5e44130d441c@group-A1CD1332DC7D, cid=4158, SUCCESS, logIndex=6303, commits[529edf8e-8eae-4246-b33f-5e44130d441c:c6304, 79bffca9-b028-4c53-a657-872ed973be73:c6302, 15654dff-55cd-4f70-96d8-4abf0c061563:c6302]
2019-07-09 15:05:00,952 INFO  client.GrpcClientProtocolClient (GrpcClientProtocolClient.java:onNext(255)) - client-A9DCF8B8BD5B->529edf8e-8eae-4246-b33f-5e44130d441c: receive RaftClientReply:client-A9DCF8B8BD5B->529edf8e-8eae-4246-b33f-5e44130d441c@group-A1CD1332DC7D, cid=4159, SUCCESS, logIndex=6304, commits[529edf8e-8eae-4246-b33f-5e44130d441c:c6306, 79bffca9-b028-4c53-a657-872ed973be73:c6302, 15654dff-55cd-4f70-96d8-4abf0c061563:c6302]
2019-07-09 15:05:00,952 INFO  client.GrpcClientProtocolClient (GrpcClientProtocolClient.java:onNext(255)) - client-A9DCF8B8BD5B->529edf8e-8eae-4246-b33f-5e44130d441c: receive RaftClientReply:client-A9DCF8B8BD5B->529edf8e-8eae-4246-b33f-5e44130d441c@group-A1CD1332DC7D, cid=4160, SUCCESS, logIndex=6305, commits[529edf8e-8eae-4246-b33f-5e44130d441c:c6306, 79bffca9-b028-4c53-a657-872ed973be73:c6302, 15654dff-55cd-4f70-96d8-4abf0c061563:c6302]
2019-07-09 15:05:00,952 INFO  client.GrpcClientProtocolClient (GrpcClientProtocolClient.java:onNext(255)) - client-A9DCF8B8BD5B->529edf8e-8eae-4246-b33f-5e44130d441c: receive RaftClientReply:client-A9DCF8B8BD5B->529edf8e-8eae-4246-b33f-5e44130d441c@group-A1CD1332DC7D, cid=4161, SUCCESS, logIndex=6306, commits[529edf8e-8eae-4246-b33f-5e44130d441c:c6306, 79bffca9-b028-4c53-a657-872ed973be73:c6302, 15654dff-55cd-4f70-96d8-4abf0c061563:c6302]
2019-07-09 15:05:00,954 INFO  client.GrpcClientProtocolClient (GrpcClientProtocolClient.java:onNext(255)) - client-A9DCF8B8BD5B->529edf8e-8eae-4246-b33f-5e44130d441c: receive RaftClientReply:client-A9DCF8B8BD5B->529edf8e-8eae-4246-b33f-5e44130d441c@group-A1CD1332DC7D, cid=4162, SUCCESS, logIndex=0, commits[529edf8e-8eae-4246-b33f-5e44130d441c:c6309, 79bffca9-b028-4c53-a657-872ed973be73:c6306, 15654dff-55cd-4f70-96d8-4abf0c061563:c6304]
2019-07-09 15:05:00,974 INFO  client.GrpcClientProtocolClient (GrpcClientProtocolClient.java:onNext(255)) - client-A9DCF8B8BD5B->529edf8e-8eae-4246-b33f-5e44130d441c: receive RaftClientReply:client-A9DCF8B8BD5B->529edf8e-8eae-4246-b33f-5e44130d441c@group-A1CD1332DC7D, cid=4163, SUCCESS, logIndex=6310, commits[529edf8e-8eae-4246-b33f-5e44130d441c:c6311, 79bffca9-b028-4c53-a657-872ed973be73:c6309, 15654dff-55cd-4f70-96d8-4abf0c061563:c6309]
2019-07-09 15:05:00,974 INFO  client.GrpcClientProtocolClient (GrpcClientProtocolClient.java:onNext(255)) - client-A9DCF8B8BD5B->529edf8e-8eae-4246-b33f-5e44130d441c: receive RaftClientReply:client-A9DCF8B8BD5B->529edf8e-8eae-4246-b33f-5e44130d441c@group-A1CD1332DC7D, cid=4164, SUCCESS, logIndex=6311, commits[529edf8e-8eae-4246-b33f-5e44130d441c:c6311, 79bffca9-b028-4c53-a657-872ed973be73:c6309, 15654dff-55cd-4f70-96d8-4abf0c061563:c6309]
2019-07-09 15:05:01,133 INFO  client.GrpcClientProtocolClient (GrpcClientProtocolClient.java:onNext(255)) - client-A9DCF8B8BD5B->529edf8e-8eae-4246-b33f-5e44130d441c: receive RaftClientReply:client-A9DCF8B8BD5B->529edf8e-8eae-4246-b33f-5e44130d441c@group-A1CD1332DC7D, cid=4165, SUCCESS, logIndex=6314, commits[529edf8e-8eae-4246-b33f-5e44130d441c:c6315, 79bffca9-b028-4c53-a657-872ed973be73:c6311, 15654dff-55cd-4f70-96d8-4abf0c061563:c6311]
2019-07-09 15:05:01,134 INFO  client.GrpcClientProtocolClient (GrpcClientProtocolClient.java:onNext(255)) - client-A9DCF8B8BD5B->529edf8e-8eae-4246-b33f-5e44130d441c: receive RaftClientReply:client-A9DCF8B8BD5B->529edf8e-8eae-4246-b33f-5e44130d441c@group-A1CD1332DC7D, cid=4166, SUCCESS, logIndex=6315, commits[529edf8e-8eae-4246-b33f-5e44130d441c:c6315, 79bffca9-b028-4c53-a657-872ed973be73:c6311, 15654dff-55cd-4f70-96d8-4abf0c061563:c6311]
2019-07-09 15:05:01,145 INFO  client.GrpcClientProtocolClient (GrpcClientProtocolClient.java:onNext(255)) - client-A9DCF8B8BD5B->529edf8e-8eae-4246-b33f-5e44130d441c: receive RaftClientReply:client-A9DCF8B8BD5B->529edf8e-8eae-4246-b33f-5e44130d441c@group-A1CD1332DC7D, cid=4167, SUCCESS, logIndex=0, commits[529edf8e-8eae-4246-b33f-5e44130d441c:c6315, 79bffca9-b028-4c53-a657-872ed973be73:c6315, 15654dff-55cd-4f70-96d8-4abf0c061563:c6315]
 0.00% |█                                                                                                    |  0/1 Time: 0:00:432019-07-09 15:05:01,181 INFO  client.GrpcClientProtocolClient (GrpcClientProtocolClient.java:onNext(255)) - client-A9DCF8B8BD5B->529edf8e-8eae-4246-b33f-5e44130d441c: receive RaftClientReply:client-A9DCF8B8BD5B->529edf8e-8eae-4246-b33f-5e44130d441c@group-A1CD1332DC7D, cid=4168, SUCCESS, logIndex=6318, commits[529edf8e-8eae-4246-b33f-5e44130d441c:c6320, 79bffca9-b028-4c53-a657-872ed973be73:c6317, 15654dff-55cd-4f70-96d8-4abf0c061563:c6317]
2019-07-09 15:05:01,182 INFO  client.GrpcClientProtocolClient (GrpcClientProtocolClient.java:onNext(255)) - client-A9DCF8B8BD5B->529edf8e-8eae-4246-b33f-5e44130d441c: receive RaftClientReply:client-A9DCF8B8BD5B->529edf8e-8eae-4246-b33f-5e44130d441c@group-A1CD1332DC7D, cid=4169, SUCCESS, logIndex=6319, commits[529edf8e-8eae-4246-b33f-5e44130d441c:c6321, 79bffca9-b028-4c53-a657-872ed973be73:c6317, 15654dff-55cd-4f70-96d8-4abf0c061563:c6317]
2019-07-09 15:05:01,182 INFO  client.GrpcClientProtocolClient (GrpcClientProtocolClient.java:onNext(255)) - client-A9DCF8B8BD5B->529edf8e-8eae-4246-b33f-5e44130d441c: receive RaftClientReply:client-A9DCF8B8BD5B->529edf8e-8eae-4246-b33f-5e44130d441c@group-A1CD1332DC7D, cid=4170, SUCCESS, logIndex=6320, commits[529edf8e-8eae-4246-b33f-5e44130d441c:c6321, 79bffca9-b028-4c53-a657-872ed973be73:c6317, 15654dff-55cd-4f70-96d8-4abf0c061563:c6317]
2019-07-09 15:05:01,182 INFO  client.GrpcClientProtocolClient (GrpcClientProtocolClient.java:onNext(255)) - client-A9DCF8B8BD5B->529edf8e-8eae-4246-b33f-5e44130d441c: receive RaftClientReply:client-A9DCF8B8BD5B->529edf8e-8eae-4246-b33f-5e44130d441c@group-A1CD1332DC7D, cid=4171, SUCCESS, logIndex=6321, commits[529edf8e-8eae-4246-b33f-5e44130d441c:c6322, 79bffca9-b028-4c53-a657-872ed973be73:c6317, 15654dff-55cd-4f70-96d8-4abf0c061563:c6318]
2019-07-09 15:05:01,183 INFO  client.GrpcClientProtocolClient (GrpcClientProtocolClient.java:onNext(255)) - client-A9DCF8B8BD5B->529edf8e-8eae-4246-b33f-5e44130d441c: receive RaftClientReply:client-A9DCF8B8BD5B->529edf8e-8eae-4246-b33f-5e44130d441c@group-A1CD1332DC7D, cid=4172, SUCCESS, logIndex=0, commits[529edf8e-8eae-4246-b33f-5e44130d441c:c6323, 79bffca9-b028-4c53-a657-872ed973be73:c6319, 15654dff-55cd-4f70-96d8-4abf0c061563:c6319]
2019-07-09 15:05:01,205 INFO  client.GrpcClientProtocolClient (GrpcClientProtocolClient.java:onNext(255)) - client-A9DCF8B8BD5B->529edf8e-8eae-4246-b33f-5e44130d441c: receive RaftClientReply:client-A9DCF8B8BD5B->529edf8e-8eae-4246-b33f-5e44130d441c@group-A1CD1332DC7D, cid=4173, SUCCESS, logIndex=6326, commits[529edf8e-8eae-4246-b33f-5e44130d441c:c6327, 79bffca9-b028-4c53-a657-872ed973be73:c6325, 15654dff-55cd-4f70-96d8-4abf0c061563:c6325]
2019-07-09 15:05:01,206 INFO  client.GrpcClientProtocolClient (GrpcClientProtocolClient.java:onNext(255)) - client-A9DCF8B8BD5B->529edf8e-8eae-4246-b33f-5e44130d441c: receive RaftClientReply:client-A9DCF8B8BD5B->529edf8e-8eae-4246-b33f-5e44130d441c@group-A1CD1332DC7D, cid=4174, SUCCESS, logIndex=6327, commits[529edf8e-8eae-4246-b33f-5e44130d441c:c6327, 79bffca9-b028-4c53-a657-872ed973be73:c6325, 15654dff-55cd-4f70-96d8-4abf0c061563:c6325]
2019-07-09 15:05:01,243 INFO  client.GrpcClientProtocolClient (GrpcClientProtocolClient.java:onNext(255)) - client-A9DCF8B8BD5B->529edf8e-8eae-4246-b33f-5e44130d441c: receive RaftClientReply:client-A9DCF8B8BD5B->529edf8e-8eae-4246-b33f-5e44130d441c@group-A1CD1332DC7D, cid=4175, SUCCESS, logIndex=6330, commits[529edf8e-8eae-4246-b33f-5e44130d441c:c6331, 79bffca9-b028-4c53-a657-872ed973be73:c6326, 15654dff-55cd-4f70-96d8-4abf0c061563:c6327]
2019-07-09 15:05:01,244 INFO  client.GrpcClientProtocolClient (GrpcClientProtocolClient.java:onNext(255)) - client-A9DCF8B8BD5B->529edf8e-8eae-4246-b33f-5e44130d441c: receive RaftClientReply:client-A9DCF8B8BD5B->529edf8e-8eae-4246-b33f-5e44130d441c@group-A1CD1332DC7D, cid=4176, SUCCESS, logIndex=6331, commits[529edf8e-8eae-4246-b33f-5e44130d441c:c6331, 79bffca9-b028-4c53-a657-872ed973be73:c6327, 15654dff-55cd-4f70-96d8-4abf0c061563:c6327]
2019-07-09 15:05:01,248 INFO  client.GrpcClientProtocolClient (GrpcClientProtocolClient.java:onNext(255)) - client-A9DCF8B8BD5B->529edf8e-8eae-4246-b33f-5e44130d441c: receive RaftClientReply:client-A9DCF8B8BD5B->529edf8e-8eae-4246-b33f-5e44130d441c@group-A1CD1332DC7D, cid=4177, SUCCESS, logIndex=0, commits[529edf8e-8eae-4246-b33f-5e44130d441c:c6333, 79bffca9-b028-4c53-a657-872ed973be73:c6331, 15654dff-55cd-4f70-96d8-4abf0c061563:c6331]
2019-07-09 15:05:01,284 INFO  client.GrpcClientProtocolClient (GrpcClientProtocolClient.java:onNext(255)) - client-A9DCF8B8BD5B->529edf8e-8eae-4246-b33f-5e44130d441c: receive RaftClientReply:client-A9DCF8B8BD5B->529edf8e-8eae-4246-b33f-5e44130d441c@group-A1CD1332DC7D, cid=4178, SUCCESS, logIndex=6334, commits[529edf8e-8eae-4246-b33f-5e44130d441c:c6335, 79bffca9-b028-4c53-a657-872ed973be73:c6333, 15654dff-55cd-4f70-96d8-4abf0c061563:c6333]
2019-07-09 15:05:01,285 INFO  client.GrpcClientProtocolClient (GrpcClientProtocolClient.java:onNext(255)) - client-A9DCF8B8BD5B->529edf8e-8eae-4246-b33f-5e44130d441c: receive RaftClientReply:client-A9DCF8B8BD5B->529edf8e-8eae-4246-b33f-5e44130d441c@group-A1CD1332DC7D, cid=4179, SUCCESS, logIndex=6335, commits[529edf8e-8eae-4246-b33f-5e44130d441c:c6337, 79bffca9-b028-4c53-a657-872ed973be73:c6333, 15654dff-55cd-4f70-96d8-4abf0c061563:c6333]
2019-07-09 15:05:01,286 INFO  client.GrpcClientProtocolClient (GrpcClientProtocolClient.java:onNext(255)) - client-A9DCF8B8BD5B->529edf8e-8eae-4246-b33f-5e44130d441c: receive RaftClientReply:client-A9DCF8B8BD5B->529edf8e-8eae-4246-b33f-5e44130d441c@group-A1CD1332DC7D, cid=4180, SUCCESS, logIndex=6336, commits[529edf8e-8eae-4246-b33f-5e44130d441c:c6337, 79bffca9-b028-4c53-a657-872ed973be73:c6333, 15654dff-55cd-4f70-96d8-4abf0c061563:c6333]
2019-07-09 15:05:01,286 INFO  client.GrpcClientProtocolClient (GrpcClientProtocolClient.java:onNext(255)) - client-A9DCF8B8BD5B->529edf8e-8eae-4246-b33f-5e44130d441c: receive RaftClientReply:client-A9DCF8B8BD5B->529edf8e-8eae-4246-b33f-5e44130d441c@group-A1CD1332DC7D, cid=4181, SUCCESS, logIndex=6337, commits[529edf8e-8eae-4246-b33f-5e44130d441c:c6337, 79bffca9-b028-4c53-a657-872ed973be73:c6333, 15654dff-55cd-4f70-96d8-4abf0c061563:c6333]
2019-07-09 15:05:01,287 INFO  client.GrpcClientProtocolClient (GrpcClientProtocolClient.java:onNext(255)) - client-A9DCF8B8BD5B->529edf8e-8eae-4246-b33f-5e44130d441c: receive RaftClientReply:client-A9DCF8B8BD5B->529edf8e-8eae-4246-b33f-5e44130d441c@group-A1CD1332DC7D, cid=4182, SUCCESS, logIndex=0, commits[529edf8e-8eae-4246-b33f-5e44130d441c:c6339, 79bffca9-b028-4c53-a657-872ed973be73:c6335, 15654dff-55cd-4f70-96d8-4abf0c061563:c6335]
2019-07-09 15:05:01,307 INFO  client.GrpcClientProtocolClient (GrpcClientProtocolClient.java:onNext(255)) - client-A9DCF8B8BD5B->529edf8e-8eae-4246-b33f-5e44130d441c: receive RaftClientReply:client-A9DCF8B8BD5B->529edf8e-8eae-4246-b33f-5e44130d441c@group-A1CD1332DC7D, cid=4183, SUCCESS, logIndex=6341, commits[529edf8e-8eae-4246-b33f-5e44130d441c:c6342, 79bffca9-b028-4c53-a657-872ed973be73:c6340, 15654dff-55cd-4f70-96d8-4abf0c061563:c6340]
2019-07-09 15:05:01,308 INFO  client.GrpcClientProtocolClient (GrpcClientProtocolClient.java:onNext(255)) - client-A9DCF8B8BD5B->529edf8e-8eae-4246-b33f-5e44130d441c: receive RaftClientReply:client-A9DCF8B8BD5B->529edf8e-8eae-4246-b33f-5e44130d441c@group-A1CD1332DC7D, cid=4184, SUCCESS, logIndex=6342, commits[529edf8e-8eae-4246-b33f-5e44130d441c:c6342, 79bffca9-b028-4c53-a657-872ed973be73:c6340, 15654dff-55cd-4f70-96d8-4abf0c061563:c6340]
2019-07-09 15:05:01,321 INFO  client.GrpcClientProtocolClient (GrpcClientProtocolClient.java:onNext(255)) - client-A9DCF8B8BD5B->529edf8e-8eae-4246-b33f-5e44130d441c: receive RaftClientReply:client-A9DCF8B8BD5B->529edf8e-8eae-4246-b33f-5e44130d441c@group-A1CD1332DC7D, cid=4185, SUCCESS, logIndex=6345, commits[529edf8e-8eae-4246-b33f-5e44130d441c:c6345, 79bffca9-b028-4c53-a657-872ed973be73:c6342, 15654dff-55cd-4f70-96d8-4abf0c061563:c6342]
2019-07-09 15:05:01,322 INFO  client.GrpcClientProtocolClient (GrpcClientProtocolClient.java:onNext(255)) - client-A9DCF8B8BD5B->529edf8e-8eae-4246-b33f-5e44130d441c: receive RaftClientReply:client-A9DCF8B8BD5B->529edf8e-8eae-4246-b33f-5e44130d441c@group-A1CD1332DC7D, cid=4186, SUCCESS, logIndex=6346, commits[529edf8e-8eae-4246-b33f-5e44130d441c:c6346, 79bffca9-b028-4c53-a657-872ed973be73:c6342, 15654dff-55cd-4f70-96d8-4abf0c061563:c6342]
2019-07-09 15:05:01,335 INFO  client.GrpcClientProtocolClient (GrpcClientProtocolClient.java:onNext(255)) - client-A9DCF8B8BD5B->529edf8e-8eae-4246-b33f-5e44130d441c: receive RaftClientReply:client-A9DCF8B8BD5B->529edf8e-8eae-4246-b33f-5e44130d441c@group-A1CD1332DC7D, cid=4187, SUCCESS, logIndex=0, commits[529edf8e-8eae-4246-b33f-5e44130d441c:c6348, 79bffca9-b028-4c53-a657-872ed973be73:c6346, 15654dff-55cd-4f70-96d8-4abf0c061563:c6346]
2019-07-09 15:05:01,369 INFO  client.GrpcClientProtocolClient (GrpcClientProtocolClient.java:onNext(255)) - client-A9DCF8B8BD5B->529edf8e-8eae-4246-b33f-5e44130d441c: receive RaftClientReply:client-A9DCF8B8BD5B->529edf8e-8eae-4246-b33f-5e44130d441c@group-A1CD1332DC7D, cid=4188, SUCCESS, logIndex=6349, commits[529edf8e-8eae-4246-b33f-5e44130d441c:c6350, 79bffca9-b028-4c53-a657-872ed973be73:c6348, 15654dff-55cd-4f70-96d8-4abf0c061563:c6348]
2019-07-09 15:05:01,370 INFO  client.GrpcClientProtocolClient (GrpcClientProtocolClient.java:onNext(255)) - client-A9DCF8B8BD5B->529edf8e-8eae-4246-b33f-5e44130d441c: receive RaftClientReply:client-A9DCF8B8BD5B->529edf8e-8eae-4246-b33f-5e44130d441c@group-A1CD1332DC7D, cid=4189, SUCCESS, logIndex=6350, commits[529edf8e-8eae-4246-b33f-5e44130d441c:c6352, 79bffca9-b028-4c53-a657-872ed973be73:c6348, 15654dff-55cd-4f70-96d8-4abf0c061563:c6348]
2019-07-09 15:05:01,370 INFO  client.GrpcClientProtocolClient (GrpcClientProtocolClient.java:onNext(255)) - client-A9DCF8B8BD5B->529edf8e-8eae-4246-b33f-5e44130d441c: receive RaftClientReply:client-A9DCF8B8BD5B->529edf8e-8eae-4246-b33f-5e44130d441c@group-A1CD1332DC7D, cid=4190, SUCCESS, logIndex=6351, commits[529edf8e-8eae-4246-b33f-5e44130d441c:c6352, 79bffca9-b028-4c53-a657-872ed973be73:c6348, 15654dff-55cd-4f70-96d8-4abf0c061563:c6348]
2019-07-09 15:05:01,371 INFO  client.GrpcClientProtocolClient (GrpcClientProtocolClient.java:onNext(255)) - client-A9DCF8B8BD5B->529edf8e-8eae-4246-b33f-5e44130d441c: receive RaftClientReply:client-A9DCF8B8BD5B->529edf8e-8eae-4246-b33f-5e44130d441c@group-A1CD1332DC7D, cid=4191, SUCCESS, logIndex=6352, commits[529edf8e-8eae-4246-b33f-5e44130d441c:c6352, 79bffca9-b028-4c53-a657-872ed973be73:c6348, 15654dff-55cd-4f70-96d8-4abf0c061563:c6348]
2019-07-09 15:05:01,372 INFO  client.GrpcClientProtocolClient (GrpcClientProtocolClient.java:onNext(255)) - client-A9DCF8B8BD5B->529edf8e-8eae-4246-b33f-5e44130d441c: receive RaftClientReply:client-A9DCF8B8BD5B->529edf8e-8eae-4246-b33f-5e44130d441c@group-A1CD1332DC7D, cid=4192, SUCCESS, logIndex=0, commits[529edf8e-8eae-4246-b33f-5e44130d441c:c6355, 79bffca9-b028-4c53-a657-872ed973be73:c6350, 15654dff-55cd-4f70-96d8-4abf0c061563:c6351]
2019-07-09 15:05:01,392 INFO  client.GrpcClientProtocolClient (GrpcClientProtocolClient.java:onNext(255)) - client-A9DCF8B8BD5B->529edf8e-8eae-4246-b33f-5e44130d441c: receive RaftClientReply:client-A9DCF8B8BD5B->529edf8e-8eae-4246-b33f-5e44130d441c@group-A1CD1332DC7D, cid=4193, SUCCESS, logIndex=6357, commits[529edf8e-8eae-4246-b33f-5e44130d441c:c6358, 79bffca9-b028-4c53-a657-872ed973be73:c6356, 15654dff-55cd-4f70-96d8-4abf0c061563:c6356]
2019-07-09 15:05:01,392 INFO  client.GrpcClientProtocolClient (GrpcClientProtocolClient.java:onNext(255)) - client-A9DCF8B8BD5B->529edf8e-8eae-4246-b33f-5e44130d441c: receive RaftClientReply:client-A9DCF8B8BD5B->529edf8e-8eae-4246-b33f-5e44130d441c@group-A1CD1332DC7D, cid=4194, SUCCESS, logIndex=6358, commits[529edf8e-8eae-4246-b33f-5e44130d441c:c6358, 79bffca9-b028-4c53-a657-872ed973be73:c6356, 15654dff-55cd-4f70-96d8-4abf0c061563:c6356]
2019-07-09 15:05:01,406 INFO  client.GrpcClientProtocolClient (GrpcClientProtocolClient.java:onNext(255)) - client-A9DCF8B8BD5B->529edf8e-8eae-4246-b33f-5e44130d441c: receive RaftClientReply:client-A9DCF8B8BD5B->529edf8e-8eae-4246-b33f-5e44130d441c@group-A1CD1332DC7D, cid=4195, SUCCESS, logIndex=6361, commits[529edf8e-8eae-4246-b33f-5e44130d441c:c6361, 79bffca9-b028-4c53-a657-872ed973be73:c6358, 15654dff-55cd-4f70-96d8-4abf0c061563:c6358]
2019-07-09 15:05:01,406 INFO  client.GrpcClientProtocolClient (GrpcClientProtocolClient.java:onNext(255)) - client-A9DCF8B8BD5B->529edf8e-8eae-4246-b33f-5e44130d441c: receive RaftClientReply:client-A9DCF8B8BD5B->529edf8e-8eae-4246-b33f-5e44130d441c@group-A1CD1332DC7D, cid=4196, SUCCESS, logIndex=6362, commits[529edf8e-8eae-4246-b33f-5e44130d441c:c6362, 79bffca9-b028-4c53-a657-872ed973be73:c6358, 15654dff-55cd-4f70-96d8-4abf0c061563:c6358]
2019-07-09 15:05:01,419 INFO  client.GrpcClientProtocolClient (GrpcClientProtocolClient.java:onNext(255)) - client-A9DCF8B8BD5B->529edf8e-8eae-4246-b33f-5e44130d441c: receive RaftClientReply:client-A9DCF8B8BD5B->529edf8e-8eae-4246-b33f-5e44130d441c@group-A1CD1332DC7D, cid=4197, SUCCESS, logIndex=0, commits[529edf8e-8eae-4246-b33f-5e44130d441c:c6364, 79bffca9-b028-4c53-a657-872ed973be73:c6362, 15654dff-55cd-4f70-96d8-4abf0c061563:c6362]
2019-07-09 15:05:01,452 INFO  client.GrpcClientProtocolClient (GrpcClientProtocolClient.java:onNext(255)) - client-A9DCF8B8BD5B->529edf8e-8eae-4246-b33f-5e44130d441c: receive RaftClientReply:client-A9DCF8B8BD5B->529edf8e-8eae-4246-b33f-5e44130d441c@group-A1CD1332DC7D, cid=4198, SUCCESS, logIndex=6365, commits[529edf8e-8eae-4246-b33f-5e44130d441c:c6366, 79bffca9-b028-4c53-a657-872ed973be73:c6364, 15654dff-55cd-4f70-96d8-4abf0c061563:c6364]
2019-07-09 15:05:01,452 INFO  client.GrpcClientProtocolClient (GrpcClientProtocolClient.java:onNext(255)) - client-A9DCF8B8BD5B->529edf8e-8eae-4246-b33f-5e44130d441c: receive RaftClientReply:client-A9DCF8B8BD5B->529edf8e-8eae-4246-b33f-5e44130d441c@group-A1CD1332DC7D, cid=4199, SUCCESS, logIndex=6366, commits[529edf8e-8eae-4246-b33f-5e44130d441c:c6368, 79bffca9-b028-4c53-a657-872ed973be73:c6364, 15654dff-55cd-4f70-96d8-4abf0c061563:c6364]
2019-07-09 15:05:01,453 INFO  client.GrpcClientProtocolClient (GrpcClientProtocolClient.java:onNext(255)) - client-A9DCF8B8BD5B->529edf8e-8eae-4246-b33f-5e44130d441c: receive RaftClientReply:client-A9DCF8B8BD5B->529edf8e-8eae-4246-b33f-5e44130d441c@group-A1CD1332DC7D, cid=4200, SUCCESS, logIndex=6367, commits[529edf8e-8eae-4246-b33f-5e44130d441c:c6369, 79bffca9-b028-4c53-a657-872ed973be73:c6364, 15654dff-55cd-4f70-96d8-4abf0c061563:c6365]
2019-07-09 15:05:01,453 INFO  client.GrpcClientProtocolClient (GrpcClientProtocolClient.java:onNext(255)) - client-A9DCF8B8BD5B->529edf8e-8eae-4246-b33f-5e44130d441c: receive RaftClientReply:client-A9DCF8B8BD5B->529edf8e-8eae-4246-b33f-5e44130d441c@group-A1CD1332DC7D, cid=4201, SUCCESS, logIndex=6368, commits[529edf8e-8eae-4246-b33f-5e44130d441c:c6369, 79bffca9-b028-4c53-a657-872ed973be73:c6364, 15654dff-55cd-4f70-96d8-4abf0c061563:c6365]
2019-07-09 15:05:01,455 INFO  client.GrpcClientProtocolClient (GrpcClientProtocolClient.java:onNext(255)) - client-A9DCF8B8BD5B->529edf8e-8eae-4246-b33f-5e44130d441c: receive RaftClientReply:client-A9DCF8B8BD5B->529edf8e-8eae-4246-b33f-5e44130d441c@group-A1CD1332DC7D, cid=4202, SUCCESS, logIndex=0, commits[529edf8e-8eae-4246-b33f-5e44130d441c:c6371, 79bffca9-b028-4c53-a657-872ed973be73:c6366, 15654dff-55cd-4f70-96d8-4abf0c061563:c6368]
2019-07-09 15:05:01,474 INFO  client.GrpcClientProtocolClient (GrpcClientProtocolClient.java:onNext(255)) - client-A9DCF8B8BD5B->529edf8e-8eae-4246-b33f-5e44130d441c: receive RaftClientReply:client-A9DCF8B8BD5B->529edf8e-8eae-4246-b33f-5e44130d441c@group-A1CD1332DC7D, cid=4203, SUCCESS, logIndex=6373, commits[529edf8e-8eae-4246-b33f-5e44130d441c:c6374, 79bffca9-b028-4c53-a657-872ed973be73:c6372, 15654dff-55cd-4f70-96d8-4abf0c061563:c6372]
2019-07-09 15:05:01,475 INFO  client.GrpcClientProtocolClient (GrpcClientProtocolClient.java:onNext(255)) - client-A9DCF8B8BD5B->529edf8e-8eae-4246-b33f-5e44130d441c: receive RaftClientReply:client-A9DCF8B8BD5B->529edf8e-8eae-4246-b33f-5e44130d441c@group-A1CD1332DC7D, cid=4204, SUCCESS, logIndex=6374, commits[529edf8e-8eae-4246-b33f-5e44130d441c:c6374, 79bffca9-b028-4c53-a657-872ed973be73:c6372, 15654dff-55cd-4f70-96d8-4abf0c061563:c6372]
2019-07-09 15:05:01,488 INFO  client.GrpcClientProtocolClient (GrpcClientProtocolClient.java:onNext(255)) - client-A9DCF8B8BD5B->529edf8e-8eae-4246-b33f-5e44130d441c: receive RaftClientReply:client-A9DCF8B8BD5B->529edf8e-8eae-4246-b33f-5e44130d441c@group-A1CD1332DC7D, cid=4205, SUCCESS, logIndex=6377, commits[529edf8e-8eae-4246-b33f-5e44130d441c:c6378, 79bffca9-b028-4c53-a657-872ed973be73:c6374, 15654dff-55cd-4f70-96d8-4abf0c061563:c6374]
2019-07-09 15:05:01,489 INFO  client.GrpcClientProtocolClient (GrpcClientProtocolClient.java:onNext(255)) - client-A9DCF8B8BD5B->529edf8e-8eae-4246-b33f-5e44130d441c: receive RaftClientReply:client-A9DCF8B8BD5B->529edf8e-8eae-4246-b33f-5e44130d441c@group-A1CD1332DC7D, cid=4206, SUCCESS, logIndex=6378, commits[529edf8e-8eae-4246-b33f-5e44130d441c:c6378, 79bffca9-b028-4c53-a657-872ed973be73:c6374, 15654dff-55cd-4f70-96d8-4abf0c061563:c6374]
2019-07-09 15:05:01,502 INFO  client.GrpcClientProtocolClient (GrpcClientProtocolClient.java:onNext(255)) - client-A9DCF8B8BD5B->529edf8e-8eae-4246-b33f-5e44130d441c: receive RaftClientReply:client-A9DCF8B8BD5B->529edf8e-8eae-4246-b33f-5e44130d441c@group-A1CD1332DC7D, cid=4207, SUCCESS, logIndex=0, commits[529edf8e-8eae-4246-b33f-5e44130d441c:c6379, 79bffca9-b028-4c53-a657-872ed973be73:c6378, 15654dff-55cd-4f70-96d8-4abf0c061563:c6378]
2019-07-09 15:05:01,537 INFO  client.GrpcClientProtocolClient (GrpcClientProtocolClient.java:onNext(255)) - client-A9DCF8B8BD5B->529edf8e-8eae-4246-b33f-5e44130d441c: receive RaftClientReply:client-A9DCF8B8BD5B->529edf8e-8eae-4246-b33f-5e44130d441c@group-A1CD1332DC7D, cid=4208, SUCCESS, logIndex=6381, commits[529edf8e-8eae-4246-b33f-5e44130d441c:c6382, 79bffca9-b028-4c53-a657-872ed973be73:c6380, 15654dff-55cd-4f70-96d8-4abf0c061563:c6380]
2019-07-09 15:05:01,538 INFO  client.GrpcClientProtocolClient (GrpcClientProtocolClient.java:onNext(255)) - client-A9DCF8B8BD5B->529edf8e-8eae-4246-b33f-5e44130d441c: receive RaftClientReply:client-A9DCF8B8BD5B->529edf8e-8eae-4246-b33f-5e44130d441c@group-A1CD1332DC7D, cid=4209, SUCCESS, logIndex=6382, commits[529edf8e-8eae-4246-b33f-5e44130d441c:c6384, 79bffca9-b028-4c53-a657-872ed973be73:c6380, 15654dff-55cd-4f70-96d8-4abf0c061563:c6380]
2019-07-09 15:05:01,539 INFO  client.GrpcClientProtocolClient (GrpcClientProtocolClient.java:onNext(255)) - client-A9DCF8B8BD5B->529edf8e-8eae-4246-b33f-5e44130d441c: receive RaftClientReply:client-A9DCF8B8BD5B->529edf8e-8eae-4246-b33f-5e44130d441c@group-A1CD1332DC7D, cid=4210, SUCCESS, logIndex=6383, commits[529edf8e-8eae-4246-b33f-5e44130d441c:c6384, 79bffca9-b028-4c53-a657-872ed973be73:c6380, 15654dff-55cd-4f70-96d8-4abf0c061563:c6380]
2019-07-09 15:05:01,539 INFO  client.GrpcClientProtocolClient (GrpcClientProtocolClient.java:onNext(255)) - client-A9DCF8B8BD5B->529edf8e-8eae-4246-b33f-5e44130d441c: receive RaftClientReply:client-A9DCF8B8BD5B->529edf8e-8eae-4246-b33f-5e44130d441c@group-A1CD1332DC7D, cid=4211, SUCCESS, logIndex=6384, commits[529edf8e-8eae-4246-b33f-5e44130d441c:c6384, 79bffca9-b028-4c53-a657-872ed973be73:c6380, 15654dff-55cd-4f70-96d8-4abf0c061563:c6380]
2019-07-09 15:05:01,540 INFO  client.GrpcClientProtocolClient (GrpcClientProtocolClient.java:onNext(255)) - client-A9DCF8B8BD5B->529edf8e-8eae-4246-b33f-5e44130d441c: receive RaftClientReply:client-A9DCF8B8BD5B->529edf8e-8eae-4246-b33f-5e44130d441c@group-A1CD1332DC7D, cid=4212, SUCCESS, logIndex=0, commits[529edf8e-8eae-4246-b33f-5e44130d441c:c6386, 79bffca9-b028-4c53-a657-872ed973be73:c6382, 15654dff-55cd-4f70-96d8-4abf0c061563:c6382]
2019-07-09 15:05:01,559 INFO  client.GrpcClientProtocolClient (GrpcClientProtocolClient.java:onNext(255)) - client-A9DCF8B8BD5B->529edf8e-8eae-4246-b33f-5e44130d441c: receive RaftClientReply:client-A9DCF8B8BD5B->529edf8e-8eae-4246-b33f-5e44130d441c@group-A1CD1332DC7D, cid=4213, SUCCESS, logIndex=6388, commits[529edf8e-8eae-4246-b33f-5e44130d441c:c6389, 79bffca9-b028-4c53-a657-872ed973be73:c6387, 15654dff-55cd-4f70-96d8-4abf0c061563:c6387]
2019-07-09 15:05:01,560 INFO  client.GrpcClientProtocolClient (GrpcClientProtocolClient.java:onNext(255)) - client-A9DCF8B8BD5B->529edf8e-8eae-4246-b33f-5e44130d441c: receive RaftClientReply:client-A9DCF8B8BD5B->529edf8e-8eae-4246-b33f-5e44130d441c@group-A1CD1332DC7D, cid=4214, SUCCESS, logIndex=6389, commits[529edf8e-8eae-4246-b33f-5e44130d441c:c6389, 79bffca9-b028-4c53-a657-872ed973be73:c6387, 15654dff-55cd-4f70-96d8-4abf0c061563:c6387]
2019-07-09 15:05:01,573 INFO  client.GrpcClientProtocolClient (GrpcClientProtocolClient.java:onNext(255)) - client-A9DCF8B8BD5B->529edf8e-8eae-4246-b33f-5e44130d441c: receive RaftClientReply:client-A9DCF8B8BD5B->529edf8e-8eae-4246-b33f-5e44130d441c@group-A1CD1332DC7D, cid=4215, SUCCESS, logIndex=6392, commits[529edf8e-8eae-4246-b33f-5e44130d441c:c6393, 79bffca9-b028-4c53-a657-872ed973be73:c6389, 15654dff-55cd-4f70-96d8-4abf0c061563:c6389]
2019-07-09 15:05:01,573 INFO  client.GrpcClientProtocolClient (GrpcClientProtocolClient.java:onNext(255)) - client-A9DCF8B8BD5B->529edf8e-8eae-4246-b33f-5e44130d441c: receive RaftClientReply:client-A9DCF8B8BD5B->529edf8e-8eae-4246-b33f-5e44130d441c@group-A1CD1332DC7D, cid=4216, SUCCESS, logIndex=6393, commits[529edf8e-8eae-4246-b33f-5e44130d441c:c6393, 79bffca9-b028-4c53-a657-872ed973be73:c6389, 15654dff-55cd-4f70-96d8-4abf0c061563:c6389]
2019-07-09 15:05:01,585 INFO  client.GrpcClientProtocolClient (GrpcClientProtocolClient.java:onNext(255)) - client-A9DCF8B8BD5B->529edf8e-8eae-4246-b33f-5e44130d441c: receive RaftClientReply:client-A9DCF8B8BD5B->529edf8e-8eae-4246-b33f-5e44130d441c@group-A1CD1332DC7D, cid=4217, SUCCESS, logIndex=0, commits[529edf8e-8eae-4246-b33f-5e44130d441c:c6395, 79bffca9-b028-4c53-a657-872ed973be73:c6393, 15654dff-55cd-4f70-96d8-4abf0c061563:c6393]
2019-07-09 15:05:01,622 INFO  client.GrpcClientProtocolClient (GrpcClientProtocolClient.java:onNext(255)) - client-A9DCF8B8BD5B->529edf8e-8eae-4246-b33f-5e44130d441c: receive RaftClientReply:client-A9DCF8B8BD5B->529edf8e-8eae-4246-b33f-5e44130d441c@group-A1CD1332DC7D, cid=4218, SUCCESS, logIndex=6396, commits[529edf8e-8eae-4246-b33f-5e44130d441c:c6398, 79bffca9-b028-4c53-a657-872ed973be73:c6395, 15654dff-55cd-4f70-96d8-4abf0c061563:c6395]
2019-07-09 15:05:01,623 INFO  client.GrpcClientProtocolClient (GrpcClientProtocolClient.java:onNext(255)) - client-A9DCF8B8BD5B->529edf8e-8eae-4246-b33f-5e44130d441c: receive RaftClientReply:client-A9DCF8B8BD5B->529edf8e-8eae-4246-b33f-5e44130d441c@group-A1CD1332DC7D, cid=4219, SUCCESS, logIndex=6397, commits[529edf8e-8eae-4246-b33f-5e44130d441c:c6399, 79bffca9-b028-4c53-a657-872ed973be73:c6395, 15654dff-55cd-4f70-96d8-4abf0c061563:c6395]
2019-07-09 15:05:01,623 INFO  client.GrpcClientProtocolClient (GrpcClientProtocolClient.java:onNext(255)) - client-A9DCF8B8BD5B->529edf8e-8eae-4246-b33f-5e44130d441c: receive RaftClientReply:client-A9DCF8B8BD5B->529edf8e-8eae-4246-b33f-5e44130d441c@group-A1CD1332DC7D, cid=4220, SUCCESS, logIndex=6398, commits[529edf8e-8eae-4246-b33f-5e44130d441c:c6399, 79bffca9-b028-4c53-a657-872ed973be73:c6395, 15654dff-55cd-4f70-96d8-4abf0c061563:c6395]
2019-07-09 15:05:01,623 INFO  client.GrpcClientProtocolClient (GrpcClientProtocolClient.java:onNext(255)) - client-A9DCF8B8BD5B->529edf8e-8eae-4246-b33f-5e44130d441c: receive RaftClientReply:client-A9DCF8B8BD5B->529edf8e-8eae-4246-b33f-5e44130d441c@group-A1CD1332DC7D, cid=4221, SUCCESS, logIndex=6399, commits[529edf8e-8eae-4246-b33f-5e44130d441c:c6399, 79bffca9-b028-4c53-a657-872ed973be73:c6395, 15654dff-55cd-4f70-96d8-4abf0c061563:c6395]
2019-07-09 15:05:01,627 INFO  client.GrpcClientProtocolClient (GrpcClientProtocolClient.java:onNext(255)) - client-A9DCF8B8BD5B->529edf8e-8eae-4246-b33f-5e44130d441c: receive RaftClientReply:client-A9DCF8B8BD5B->529edf8e-8eae-4246-b33f-5e44130d441c@group-A1CD1332DC7D, cid=4222, SUCCESS, logIndex=0, commits[529edf8e-8eae-4246-b33f-5e44130d441c:c6403, 79bffca9-b028-4c53-a657-872ed973be73:c6399, 15654dff-55cd-4f70-96d8-4abf0c061563:c6397]
2019-07-09 15:05:01,645 INFO  client.GrpcClientProtocolClient (GrpcClientProtocolClient.java:onNext(255)) - client-A9DCF8B8BD5B->529edf8e-8eae-4246-b33f-5e44130d441c: receive RaftClientReply:client-A9DCF8B8BD5B->529edf8e-8eae-4246-b33f-5e44130d441c@group-A1CD1332DC7D, cid=4223, SUCCESS, logIndex=6404, commits[529edf8e-8eae-4246-b33f-5e44130d441c:c6404, 79bffca9-b028-4c53-a657-872ed973be73:c6403, 15654dff-55cd-4f70-96d8-4abf0c061563:c6403]
2019-07-09 15:05:01,646 INFO  client.GrpcClientProtocolClient (GrpcClientProtocolClient.java:onNext(255)) - client-A9DCF8B8BD5B->529edf8e-8eae-4246-b33f-5e44130d441c: receive RaftClientReply:client-A9DCF8B8BD5B->529edf8e-8eae-4246-b33f-5e44130d441c@group-A1CD1332DC7D, cid=4224, SUCCESS, logIndex=6405, commits[529edf8e-8eae-4246-b33f-5e44130d441c:c6405, 79bffca9-b028-4c53-a657-872ed973be73:c6403, 15654dff-55cd-4f70-96d8-4abf0c061563:c6403]
2019-07-09 15:05:01,659 INFO  client.GrpcClientProtocolClient (GrpcClientProtocolClient.java:onNext(255)) - client-A9DCF8B8BD5B->529edf8e-8eae-4246-b33f-5e44130d441c: receive RaftClientReply:client-A9DCF8B8BD5B->529edf8e-8eae-4246-b33f-5e44130d441c@group-A1CD1332DC7D, cid=4225, SUCCESS, logIndex=6408, commits[529edf8e-8eae-4246-b33f-5e44130d441c:c6409, 79bffca9-b028-4c53-a657-872ed973be73:c6405, 15654dff-55cd-4f70-96d8-4abf0c061563:c6405]
2019-07-09 15:05:01,659 INFO  client.GrpcClientProtocolClient (GrpcClientProtocolClient.java:onNext(255)) - client-A9DCF8B8BD5B->529edf8e-8eae-4246-b33f-5e44130d441c: receive RaftClientReply:client-A9DCF8B8BD5B->529edf8e-8eae-4246-b33f-5e44130d441c@group-A1CD1332DC7D, cid=4226, SUCCESS, logIndex=6409, commits[529edf8e-8eae-4246-b33f-5e44130d441c:c6409, 79bffca9-b028-4c53-a657-872ed973be73:c6405, 15654dff-55cd-4f70-96d8-4abf0c061563:c6405]
2019-07-09 15:05:01,672 INFO  client.GrpcClientProtocolClient (GrpcClientProtocolClient.java:onNext(255)) - client-A9DCF8B8BD5B->529edf8e-8eae-4246-b33f-5e44130d441c: receive RaftClientReply:client-A9DCF8B8BD5B->529edf8e-8eae-4246-b33f-5e44130d441c@group-A1CD1332DC7D, cid=4227, SUCCESS, logIndex=0, commits[529edf8e-8eae-4246-b33f-5e44130d441c:c6411, 79bffca9-b028-4c53-a657-872ed973be73:c6409, 15654dff-55cd-4f70-96d8-4abf0c061563:c6409]
2019-07-09 15:05:01,706 INFO  client.GrpcClientProtocolClient (GrpcClientProtocolClient.java:onNext(255)) - client-A9DCF8B8BD5B->529edf8e-8eae-4246-b33f-5e44130d441c: receive RaftClientReply:client-A9DCF8B8BD5B->529edf8e-8eae-4246-b33f-5e44130d441c@group-A1CD1332DC7D, cid=4228, SUCCESS, logIndex=6412, commits[529edf8e-8eae-4246-b33f-5e44130d441c:c6413, 79bffca9-b028-4c53-a657-872ed973be73:c6411, 15654dff-55cd-4f70-96d8-4abf0c061563:c6411]
2019-07-09 15:05:01,707 INFO  client.GrpcClientProtocolClient (GrpcClientProtocolClient.java:onNext(255)) - client-A9DCF8B8BD5B->529edf8e-8eae-4246-b33f-5e44130d441c: receive RaftClientReply:client-A9DCF8B8BD5B->529edf8e-8eae-4246-b33f-5e44130d441c@group-A1CD1332DC7D, cid=4229, SUCCESS, logIndex=6413, commits[529edf8e-8eae-4246-b33f-5e44130d441c:c6413, 79bffca9-b028-4c53-a657-872ed973be73:c6411, 15654dff-55cd-4f70-96d8-4abf0c061563:c6411]
2019-07-09 15:05:01,707 INFO  client.GrpcClientProtocolClient (GrpcClientProtocolClient.java:onNext(255)) - client-A9DCF8B8BD5B->529edf8e-8eae-4246-b33f-5e44130d441c: receive RaftClientReply:client-A9DCF8B8BD5B->529edf8e-8eae-4246-b33f-5e44130d441c@group-A1CD1332DC7D, cid=4230, SUCCESS, logIndex=6414, commits[529edf8e-8eae-4246-b33f-5e44130d441c:c6415, 79bffca9-b028-4c53-a657-872ed973be73:c6411, 15654dff-55cd-4f70-96d8-4abf0c061563:c6411]
2019-07-09 15:05:01,707 INFO  client.GrpcClientProtocolClient (GrpcClientProtocolClient.java:onNext(255)) - client-A9DCF8B8BD5B->529edf8e-8eae-4246-b33f-5e44130d441c: receive RaftClientReply:client-A9DCF8B8BD5B->529edf8e-8eae-4246-b33f-5e44130d441c@group-A1CD1332DC7D, cid=4231, SUCCESS, logIndex=6415, commits[529edf8e-8eae-4246-b33f-5e44130d441c:c6415, 79bffca9-b028-4c53-a657-872ed973be73:c6411, 15654dff-55cd-4f70-96d8-4abf0c061563:c6411]
2019-07-09 15:05:01,710 INFO  client.GrpcClientProtocolClient (GrpcClientProtocolClient.java:onNext(255)) - client-A9DCF8B8BD5B->529edf8e-8eae-4246-b33f-5e44130d441c: receive RaftClientReply:client-A9DCF8B8BD5B->529edf8e-8eae-4246-b33f-5e44130d441c@group-A1CD1332DC7D, cid=4232, SUCCESS, logIndex=0, commits[529edf8e-8eae-4246-b33f-5e44130d441c:c6417, 79bffca9-b028-4c53-a657-872ed973be73:c6413, 15654dff-55cd-4f70-96d8-4abf0c061563:c6413]
2019-07-09 15:05:01,730 INFO  client.GrpcClientProtocolClient (GrpcClientProtocolClient.java:onNext(255)) - client-A9DCF8B8BD5B->529edf8e-8eae-4246-b33f-5e44130d441c: receive RaftClientReply:client-A9DCF8B8BD5B->529edf8e-8eae-4246-b33f-5e44130d441c@group-A1CD1332DC7D, cid=4233, SUCCESS, logIndex=6420, commits[529edf8e-8eae-4246-b33f-5e44130d441c:c6421, 79bffca9-b028-4c53-a657-872ed973be73:c6419, 15654dff-55cd-4f70-96d8-4abf0c061563:c6419]
2019-07-09 15:05:01,730 INFO  client.GrpcClientProtocolClient (GrpcClientProtocolClient.java:onNext(255)) - client-A9DCF8B8BD5B->529edf8e-8eae-4246-b33f-5e44130d441c: receive RaftClientReply:client-A9DCF8B8BD5B->529edf8e-8eae-4246-b33f-5e44130d441c@group-A1CD1332DC7D, cid=4234, SUCCESS, logIndex=6421, commits[529edf8e-8eae-4246-b33f-5e44130d441c:c6421, 79bffca9-b028-4c53-a657-872ed973be73:c6419, 15654dff-55cd-4f70-96d8-4abf0c061563:c6419]
2019-07-09 15:05:01,743 INFO  client.GrpcClientProtocolClient (GrpcClientProtocolClient.java:onNext(255)) - client-A9DCF8B8BD5B->529edf8e-8eae-4246-b33f-5e44130d441c: receive RaftClientReply:client-A9DCF8B8BD5B->529edf8e-8eae-4246-b33f-5e44130d441c@group-A1CD1332DC7D, cid=4235, SUCCESS, logIndex=6424, commits[529edf8e-8eae-4246-b33f-5e44130d441c:c6425, 79bffca9-b028-4c53-a657-872ed973be73:c6421, 15654dff-55cd-4f70-96d8-4abf0c061563:c6421]
2019-07-09 15:05:01,744 INFO  client.GrpcClientProtocolClient (GrpcClientProtocolClient.java:onNext(255)) - client-A9DCF8B8BD5B->529edf8e-8eae-4246-b33f-5e44130d441c: receive RaftClientReply:client-A9DCF8B8BD5B->529edf8e-8eae-4246-b33f-5e44130d441c@group-A1CD1332DC7D, cid=4236, SUCCESS, logIndex=6425, commits[529edf8e-8eae-4246-b33f-5e44130d441c:c6425, 79bffca9-b028-4c53-a657-872ed973be73:c6421, 15654dff-55cd-4f70-96d8-4abf0c061563:c6421]
2019-07-09 15:05:01,757 INFO  client.GrpcClientProtocolClient (GrpcClientProtocolClient.java:onNext(255)) - client-A9DCF8B8BD5B->529edf8e-8eae-4246-b33f-5e44130d441c: receive RaftClientReply:client-A9DCF8B8BD5B->529edf8e-8eae-4246-b33f-5e44130d441c@group-A1CD1332DC7D, cid=4237, SUCCESS, logIndex=0, commits[529edf8e-8eae-4246-b33f-5e44130d441c:c6427, 79bffca9-b028-4c53-a657-872ed973be73:c6425, 15654dff-55cd-4f70-96d8-4abf0c061563:c6425]
2019-07-09 15:05:01,786 INFO  client.GrpcClientProtocolClient (GrpcClientProtocolClient.java:onNext(255)) - client-A9DCF8B8BD5B->529edf8e-8eae-4246-b33f-5e44130d441c: receive RaftClientReply:client-A9DCF8B8BD5B->529edf8e-8eae-4246-b33f-5e44130d441c@group-A1CD1332DC7D, cid=4238, SUCCESS, logIndex=6428, commits[529edf8e-8eae-4246-b33f-5e44130d441c:c6429, 79bffca9-b028-4c53-a657-872ed973be73:c6427, 15654dff-55cd-4f70-96d8-4abf0c061563:c6425]
2019-07-09 15:05:01,787 INFO  client.GrpcClientProtocolClient (GrpcClientProtocolClient.java:onNext(255)) - client-A9DCF8B8BD5B->529edf8e-8eae-4246-b33f-5e44130d441c: receive RaftClientReply:client-A9DCF8B8BD5B->529edf8e-8eae-4246-b33f-5e44130d441c@group-A1CD1332DC7D, cid=4239, SUCCESS, logIndex=6429, commits[529edf8e-8eae-4246-b33f-5e44130d441c:c6429, 79bffca9-b028-4c53-a657-872ed973be73:c6427, 15654dff-55cd-4f70-96d8-4abf0c061563:c6425]
2019-07-09 15:05:01,788 INFO  client.GrpcClientProtocolClient (GrpcClientProtocolClient.java:onNext(255)) - client-A9DCF8B8BD5B->529edf8e-8eae-4246-b33f-5e44130d441c: receive RaftClientReply:client-A9DCF8B8BD5B->529edf8e-8eae-4246-b33f-5e44130d441c@group-A1CD1332DC7D, cid=4240, SUCCESS, logIndex=6430, commits[529edf8e-8eae-4246-b33f-5e44130d441c:c6431, 79bffca9-b028-4c53-a657-872ed973be73:c6427, 15654dff-55cd-4f70-96d8-4abf0c061563:c6427]
2019-07-09 15:05:01,789 INFO  client.GrpcClientProtocolClient (GrpcClientProtocolClient.java:onNext(255)) - client-A9DCF8B8BD5B->529edf8e-8eae-4246-b33f-5e44130d441c: receive RaftClientReply:client-A9DCF8B8BD5B->529edf8e-8eae-4246-b33f-5e44130d441c@group-A1CD1332DC7D, cid=4241, SUCCESS, logIndex=6431, commits[529edf8e-8eae-4246-b33f-5e44130d441c:c6431, 79bffca9-b028-4c53-a657-872ed973be73:c6427, 15654dff-55cd-4f70-96d8-4abf0c061563:c6427]
2019-07-09 15:05:01,790 INFO  client.GrpcClientProtocolClient (GrpcClientProtocolClient.java:onNext(255)) - client-A9DCF8B8BD5B->529edf8e-8eae-4246-b33f-5e44130d441c: receive RaftClientReply:client-A9DCF8B8BD5B->529edf8e-8eae-4246-b33f-5e44130d441c@group-A1CD1332DC7D, cid=4242, SUCCESS, logIndex=0, commits[529edf8e-8eae-4246-b33f-5e44130d441c:c6433, 79bffca9-b028-4c53-a657-872ed973be73:c6429, 15654dff-55cd-4f70-96d8-4abf0c061563:c6430]
2019-07-09 15:05:01,822 INFO  client.GrpcClientProtocolClient (GrpcClientProtocolClient.java:onNext(255)) - client-A9DCF8B8BD5B->529edf8e-8eae-4246-b33f-5e44130d441c: receive RaftClientReply:client-A9DCF8B8BD5B->529edf8e-8eae-4246-b33f-5e44130d441c@group-A1CD1332DC7D, cid=4243, SUCCESS, logIndex=6436, commits[529edf8e-8eae-4246-b33f-5e44130d441c:c6436, 79bffca9-b028-4c53-a657-872ed973be73:c6435, 15654dff-55cd-4f70-96d8-4abf0c061563:c6435]
2019-07-09 15:05:01,823 INFO  client.GrpcClientProtocolClient (GrpcClientProtocolClient.java:onNext(255)) - client-A9DCF8B8BD5B->529edf8e-8eae-4246-b33f-5e44130d441c: receive RaftClientReply:client-A9DCF8B8BD5B->529edf8e-8eae-4246-b33f-5e44130d441c@group-A1CD1332DC7D, cid=4244, SUCCESS, logIndex=6437, commits[529edf8e-8eae-4246-b33f-5e44130d441c:c6437, 79bffca9-b028-4c53-a657-872ed973be73:c6435, 15654dff-55cd-4f70-96d8-4abf0c061563:c6435]
2019-07-09 15:05:01,836 INFO  client.GrpcClientProtocolClient (GrpcClientProtocolClient.java:onNext(255)) - client-A9DCF8B8BD5B->529edf8e-8eae-4246-b33f-5e44130d441c: receive RaftClientReply:client-A9DCF8B8BD5B->529edf8e-8eae-4246-b33f-5e44130d441c@group-A1CD1332DC7D, cid=4245, SUCCESS, logIndex=6440, commits[529edf8e-8eae-4246-b33f-5e44130d441c:c6441, 79bffca9-b028-4c53-a657-872ed973be73:c6437, 15654dff-55cd-4f70-96d8-4abf0c061563:c6437]
2019-07-09 15:05:01,837 INFO  client.GrpcClientProtocolClient (GrpcClientProtocolClient.java:onNext(255)) - client-A9DCF8B8BD5B->529edf8e-8eae-4246-b33f-5e44130d441c: receive RaftClientReply:client-A9DCF8B8BD5B->529edf8e-8eae-4246-b33f-5e44130d441c@group-A1CD1332DC7D, cid=4246, SUCCESS, logIndex=6441, commits[529edf8e-8eae-4246-b33f-5e44130d441c:c6441, 79bffca9-b028-4c53-a657-872ed973be73:c6437, 15654dff-55cd-4f70-96d8-4abf0c061563:c6437]
2019-07-09 15:05:01,848 INFO  client.GrpcClientProtocolClient (GrpcClientProtocolClient.java:onNext(255)) - client-A9DCF8B8BD5B->529edf8e-8eae-4246-b33f-5e44130d441c: receive RaftClientReply:client-A9DCF8B8BD5B->529edf8e-8eae-4246-b33f-5e44130d441c@group-A1CD1332DC7D, cid=4247, SUCCESS, logIndex=0, commits[529edf8e-8eae-4246-b33f-5e44130d441c:c6442, 79bffca9-b028-4c53-a657-872ed973be73:c6441, 15654dff-55cd-4f70-96d8-4abf0c061563:c6441]
2019-07-09 15:05:01,887 INFO  client.GrpcClientProtocolClient (GrpcClientProtocolClient.java:onNext(255)) - client-A9DCF8B8BD5B->529edf8e-8eae-4246-b33f-5e44130d441c: receive RaftClientReply:client-A9DCF8B8BD5B->529edf8e-8eae-4246-b33f-5e44130d441c@group-A1CD1332DC7D, cid=4248, SUCCESS, logIndex=6444, commits[529edf8e-8eae-4246-b33f-5e44130d441c:c6445, 79bffca9-b028-4c53-a657-872ed973be73:c6443, 15654dff-55cd-4f70-96d8-4abf0c061563:c6443]
2019-07-09 15:05:01,887 INFO  client.GrpcClientProtocolClient (GrpcClientProtocolClient.java:onNext(255)) - client-A9DCF8B8BD5B->529edf8e-8eae-4246-b33f-5e44130d441c: receive RaftClientReply:client-A9DCF8B8BD5B->529edf8e-8eae-4246-b33f-5e44130d441c@group-A1CD1332DC7D, cid=4249, SUCCESS, logIndex=6445, commits[529edf8e-8eae-4246-b33f-5e44130d441c:c6446, 79bffca9-b028-4c53-a657-872ed973be73:c6443, 15654dff-55cd-4f70-96d8-4abf0c061563:c6443]
2019-07-09 15:05:01,888 INFO  client.GrpcClientProtocolClient (GrpcClientProtocolClient.java:onNext(255)) - client-A9DCF8B8BD5B->529edf8e-8eae-4246-b33f-5e44130d441c: receive RaftClientReply:client-A9DCF8B8BD5B->529edf8e-8eae-4246-b33f-5e44130d441c@group-A1CD1332DC7D, cid=4250, SUCCESS, logIndex=6446, commits[529edf8e-8eae-4246-b33f-5e44130d441c:c6447, 79bffca9-b028-4c53-a657-872ed973be73:c6443, 15654dff-55cd-4f70-96d8-4abf0c061563:c6443]
2019-07-09 15:05:01,888 INFO  client.GrpcClientProtocolClient (GrpcClientProtocolClient.java:onNext(255)) - client-A9DCF8B8BD5B->529edf8e-8eae-4246-b33f-5e44130d441c: receive RaftClientReply:client-A9DCF8B8BD5B->529edf8e-8eae-4246-b33f-5e44130d441c@group-A1CD1332DC7D, cid=4251, SUCCESS, logIndex=6447, commits[529edf8e-8eae-4246-b33f-5e44130d441c:c6447, 79bffca9-b028-4c53-a657-872ed973be73:c6443, 15654dff-55cd-4f70-96d8-4abf0c061563:c6443]
2019-07-09 15:05:01,889 INFO  client.GrpcClientProtocolClient (GrpcClientProtocolClient.java:onNext(255)) - client-A9DCF8B8BD5B->529edf8e-8eae-4246-b33f-5e44130d441c: receive RaftClientReply:client-A9DCF8B8BD5B->529edf8e-8eae-4246-b33f-5e44130d441c@group-A1CD1332DC7D, cid=4252, SUCCESS, logIndex=0, commits[529edf8e-8eae-4246-b33f-5e44130d441c:c6451, 79bffca9-b028-4c53-a657-872ed973be73:c6447, 15654dff-55cd-4f70-96d8-4abf0c061563:c6446]
2019-07-09 15:05:01,911 INFO  client.GrpcClientProtocolClient (GrpcClientProtocolClient.java:onNext(255)) - client-A9DCF8B8BD5B->529edf8e-8eae-4246-b33f-5e44130d441c: receive RaftClientReply:client-A9DCF8B8BD5B->529edf8e-8eae-4246-b33f-5e44130d441c@group-A1CD1332DC7D, cid=4253, SUCCESS, logIndex=6452, commits[529edf8e-8eae-4246-b33f-5e44130d441c:c6452, 79bffca9-b028-4c53-a657-872ed973be73:c6451, 15654dff-55cd-4f70-96d8-4abf0c061563:c6451]
2019-07-09 15:05:01,911 INFO  client.GrpcClientProtocolClient (GrpcClientProtocolClient.java:onNext(255)) - client-A9DCF8B8BD5B->529edf8e-8eae-4246-b33f-5e44130d441c: receive RaftClientReply:client-A9DCF8B8BD5B->529edf8e-8eae-4246-b33f-5e44130d441c@group-A1CD1332DC7D, cid=4254, SUCCESS, logIndex=6453, commits[529edf8e-8eae-4246-b33f-5e44130d441c:c6453, 79bffca9-b028-4c53-a657-872ed973be73:c6451, 15654dff-55cd-4f70-96d8-4abf0c061563:c6451]
2019-07-09 15:05:02,061 INFO  client.GrpcClientProtocolClient (GrpcClientProtocolClient.java:onNext(255)) - client-A9DCF8B8BD5B->529edf8e-8eae-4246-b33f-5e44130d441c: receive RaftClientReply:client-A9DCF8B8BD5B->529edf8e-8eae-4246-b33f-5e44130d441c@group-A1CD1332DC7D, cid=4255, SUCCESS, logIndex=6456, commits[529edf8e-8eae-4246-b33f-5e44130d441c:c6456, 79bffca9-b028-4c53-a657-872ed973be73:c6453, 15654dff-55cd-4f70-96d8-4abf0c061563:c6453]
2019-07-09 15:05:02,061 INFO  client.GrpcClientProtocolClient (GrpcClientProtocolClient.java:onNext(255)) - client-A9DCF8B8BD5B->529edf8e-8eae-4246-b33f-5e44130d441c: receive RaftClientReply:client-A9DCF8B8BD5B->529edf8e-8eae-4246-b33f-5e44130d441c@group-A1CD1332DC7D, cid=4256, SUCCESS, logIndex=6457, commits[529edf8e-8eae-4246-b33f-5e44130d441c:c6457, 79bffca9-b028-4c53-a657-872ed973be73:c6453, 15654dff-55cd-4f70-96d8-4abf0c061563:c6453]
2019-07-09 15:05:02,089 INFO  client.GrpcClientProtocolClient (GrpcClientProtocolClient.java:onNext(255)) - client-A9DCF8B8BD5B->529edf8e-8eae-4246-b33f-5e44130d441c: receive RaftClientReply:client-A9DCF8B8BD5B->529edf8e-8eae-4246-b33f-5e44130d441c@group-A1CD1332DC7D, cid=4257, SUCCESS, logIndex=0, commits[529edf8e-8eae-4246-b33f-5e44130d441c:c6459, 79bffca9-b028-4c53-a657-872ed973be73:c6457, 15654dff-55cd-4f70-96d8-4abf0c061563:c6457]
2019-07-09 15:05:02,128 INFO  client.GrpcClientProtocolClient (GrpcClientProtocolClient.java:onNext(255)) - client-A9DCF8B8BD5B->529edf8e-8eae-4246-b33f-5e44130d441c: receive RaftClientReply:client-A9DCF8B8BD5B->529edf8e-8eae-4246-b33f-5e44130d441c@group-A1CD1332DC7D, cid=4258, SUCCESS, logIndex=6460, commits[529edf8e-8eae-4246-b33f-5e44130d441c:c6462, 79bffca9-b028-4c53-a657-872ed973be73:c6459, 15654dff-55cd-4f70-96d8-4abf0c061563:c6459]
2019-07-09 15:05:02,129 INFO  client.GrpcClientProtocolClient (GrpcClientProtocolClient.java:onNext(255)) - client-A9DCF8B8BD5B->529edf8e-8eae-4246-b33f-5e44130d441c: receive RaftClientReply:client-A9DCF8B8BD5B->529edf8e-8eae-4246-b33f-5e44130d441c@group-A1CD1332DC7D, cid=4259, SUCCESS, logIndex=6461, commits[529edf8e-8eae-4246-b33f-5e44130d441c:c6462, 79bffca9-b028-4c53-a657-872ed973be73:c6459, 15654dff-55cd-4f70-96d8-4abf0c061563:c6459]
2019-07-09 15:05:02,130 INFO  client.GrpcClientProtocolClient (GrpcClientProtocolClient.java:onNext(255)) - client-A9DCF8B8BD5B->529edf8e-8eae-4246-b33f-5e44130d441c: receive RaftClientReply:client-A9DCF8B8BD5B->529edf8e-8eae-4246-b33f-5e44130d441c@group-A1CD1332DC7D, cid=4260, SUCCESS, logIndex=6462, commits[529edf8e-8eae-4246-b33f-5e44130d441c:c6463, 79bffca9-b028-4c53-a657-872ed973be73:c6459, 15654dff-55cd-4f70-96d8-4abf0c061563:c6459]
2019-07-09 15:05:02,130 INFO  client.GrpcClientProtocolClient (GrpcClientProtocolClient.java:onNext(255)) - client-A9DCF8B8BD5B->529edf8e-8eae-4246-b33f-5e44130d441c: receive RaftClientReply:client-A9DCF8B8BD5B->529edf8e-8eae-4246-b33f-5e44130d441c@group-A1CD1332DC7D, cid=4261, SUCCESS, logIndex=6463, commits[529edf8e-8eae-4246-b33f-5e44130d441c:c6463, 79bffca9-b028-4c53-a657-872ed973be73:c6459, 15654dff-55cd-4f70-96d8-4abf0c061563:c6459]
2019-07-09 15:05:02,133 INFO  client.GrpcClientProtocolClient (GrpcClientProtocolClient.java:onNext(255)) - client-A9DCF8B8BD5B->529edf8e-8eae-4246-b33f-5e44130d441c: receive RaftClientReply:client-A9DCF8B8BD5B->529edf8e-8eae-4246-b33f-5e44130d441c@group-A1CD1332DC7D, cid=4262, SUCCESS, logIndex=0, commits[529edf8e-8eae-4246-b33f-5e44130d441c:c6467, 79bffca9-b028-4c53-a657-872ed973be73:c6461, 15654dff-55cd-4f70-96d8-4abf0c061563:c6463]
2019-07-09 15:05:02,155 INFO  client.GrpcClientProtocolClient (GrpcClientProtocolClient.java:onNext(255)) - client-A9DCF8B8BD5B->529edf8e-8eae-4246-b33f-5e44130d441c: receive RaftClientReply:client-A9DCF8B8BD5B->529edf8e-8eae-4246-b33f-5e44130d441c@group-A1CD1332DC7D, cid=4263, SUCCESS, logIndex=6468, commits[529edf8e-8eae-4246-b33f-5e44130d441c:c6469, 79bffca9-b028-4c53-a657-872ed973be73:c6467, 15654dff-55cd-4f70-96d8-4abf0c061563:c6467]
2019-07-09 15:05:02,155 INFO  client.GrpcClientProtocolClient (GrpcClientProtocolClient.java:onNext(255)) - client-A9DCF8B8BD5B->529edf8e-8eae-4246-b33f-5e44130d441c: receive RaftClientReply:client-A9DCF8B8BD5B->529edf8e-8eae-4246-b33f-5e44130d441c@group-A1CD1332DC7D, cid=4264, SUCCESS, logIndex=6469, commits[529edf8e-8eae-4246-b33f-5e44130d441c:c6469, 79bffca9-b028-4c53-a657-872ed973be73:c6467, 15654dff-55cd-4f70-96d8-4abf0c061563:c6467]
 0.00% |█                                                                                                    |  0/1 Time: 0:00:442019-07-09 15:05:02,169 INFO  client.GrpcClientProtocolClient (GrpcClientProtocolClient.java:onNext(255)) - client-A9DCF8B8BD5B->529edf8e-8eae-4246-b33f-5e44130d441c: receive RaftClientReply:client-A9DCF8B8BD5B->529edf8e-8eae-4246-b33f-5e44130d441c@group-A1CD1332DC7D, cid=4265, SUCCESS, logIndex=6472, commits[529edf8e-8eae-4246-b33f-5e44130d441c:c6473, 79bffca9-b028-4c53-a657-872ed973be73:c6469, 15654dff-55cd-4f70-96d8-4abf0c061563:c6469]
2019-07-09 15:05:02,169 INFO  client.GrpcClientProtocolClient (GrpcClientProtocolClient.java:onNext(255)) - client-A9DCF8B8BD5B->529edf8e-8eae-4246-b33f-5e44130d441c: receive RaftClientReply:client-A9DCF8B8BD5B->529edf8e-8eae-4246-b33f-5e44130d441c@group-A1CD1332DC7D, cid=4266, SUCCESS, logIndex=6473, commits[529edf8e-8eae-4246-b33f-5e44130d441c:c6473, 79bffca9-b028-4c53-a657-872ed973be73:c6469, 15654dff-55cd-4f70-96d8-4abf0c061563:c6469]
2019-07-09 15:05:02,182 INFO  client.GrpcClientProtocolClient (GrpcClientProtocolClient.java:onNext(255)) - client-A9DCF8B8BD5B->529edf8e-8eae-4246-b33f-5e44130d441c: receive RaftClientReply:client-A9DCF8B8BD5B->529edf8e-8eae-4246-b33f-5e44130d441c@group-A1CD1332DC7D, cid=4267, SUCCESS, logIndex=0, commits[529edf8e-8eae-4246-b33f-5e44130d441c:c6474, 79bffca9-b028-4c53-a657-872ed973be73:c6473, 15654dff-55cd-4f70-96d8-4abf0c061563:c6473]
2019-07-09 15:05:02,239 INFO  client.GrpcClientProtocolClient (GrpcClientProtocolClient.java:onNext(255)) - client-A9DCF8B8BD5B->529edf8e-8eae-4246-b33f-5e44130d441c: receive RaftClientReply:client-A9DCF8B8BD5B->529edf8e-8eae-4246-b33f-5e44130d441c@group-A1CD1332DC7D, cid=4268, SUCCESS, logIndex=6476, commits[529edf8e-8eae-4246-b33f-5e44130d441c:c6477, 79bffca9-b028-4c53-a657-872ed973be73:c6475, 15654dff-55cd-4f70-96d8-4abf0c061563:c6475]
2019-07-09 15:05:02,240 INFO  client.GrpcClientProtocolClient (GrpcClientProtocolClient.java:onNext(255)) - client-A9DCF8B8BD5B->529edf8e-8eae-4246-b33f-5e44130d441c: receive RaftClientReply:client-A9DCF8B8BD5B->529edf8e-8eae-4246-b33f-5e44130d441c@group-A1CD1332DC7D, cid=4269, SUCCESS, logIndex=6477, commits[529edf8e-8eae-4246-b33f-5e44130d441c:c6479, 79bffca9-b028-4c53-a657-872ed973be73:c6475, 15654dff-55cd-4f70-96d8-4abf0c061563:c6475]
2019-07-09 15:05:02,240 INFO  client.GrpcClientProtocolClient (GrpcClientProtocolClient.java:onNext(255)) - client-A9DCF8B8BD5B->529edf8e-8eae-4246-b33f-5e44130d441c: receive RaftClientReply:client-A9DCF8B8BD5B->529edf8e-8eae-4246-b33f-5e44130d441c@group-A1CD1332DC7D, cid=4270, SUCCESS, logIndex=6478, commits[529edf8e-8eae-4246-b33f-5e44130d441c:c6479, 79bffca9-b028-4c53-a657-872ed973be73:c6475, 15654dff-55cd-4f70-96d8-4abf0c061563:c6475]
2019-07-09 15:05:02,241 INFO  client.GrpcClientProtocolClient (GrpcClientProtocolClient.java:onNext(255)) - client-A9DCF8B8BD5B->529edf8e-8eae-4246-b33f-5e44130d441c: receive RaftClientReply:client-A9DCF8B8BD5B->529edf8e-8eae-4246-b33f-5e44130d441c@group-A1CD1332DC7D, cid=4271, SUCCESS, logIndex=6479, commits[529edf8e-8eae-4246-b33f-5e44130d441c:c6479, 79bffca9-b028-4c53-a657-872ed973be73:c6475, 15654dff-55cd-4f70-96d8-4abf0c061563:c6475]
2019-07-09 15:05:02,250 INFO  client.GrpcClientProtocolClient (GrpcClientProtocolClient.java:onNext(255)) - client-A9DCF8B8BD5B->529edf8e-8eae-4246-b33f-5e44130d441c: receive RaftClientReply:client-A9DCF8B8BD5B->529edf8e-8eae-4246-b33f-5e44130d441c@group-A1CD1332DC7D, cid=4272, SUCCESS, logIndex=0, commits[529edf8e-8eae-4246-b33f-5e44130d441c:c6480, 79bffca9-b028-4c53-a657-872ed973be73:c6477, 15654dff-55cd-4f70-96d8-4abf0c061563:c6477]
2019-07-09 15:05:02,271 INFO  client.GrpcClientProtocolClient (GrpcClientProtocolClient.java:onNext(255)) - client-A9DCF8B8BD5B->529edf8e-8eae-4246-b33f-5e44130d441c: receive RaftClientReply:client-A9DCF8B8BD5B->529edf8e-8eae-4246-b33f-5e44130d441c@group-A1CD1332DC7D, cid=4273, SUCCESS, logIndex=6483, commits[529edf8e-8eae-4246-b33f-5e44130d441c:c6484, 79bffca9-b028-4c53-a657-872ed973be73:c6482, 15654dff-55cd-4f70-96d8-4abf0c061563:c6482]
2019-07-09 15:05:02,272 INFO  client.GrpcClientProtocolClient (GrpcClientProtocolClient.java:onNext(255)) - client-A9DCF8B8BD5B->529edf8e-8eae-4246-b33f-5e44130d441c: receive RaftClientReply:client-A9DCF8B8BD5B->529edf8e-8eae-4246-b33f-5e44130d441c@group-A1CD1332DC7D, cid=4274, SUCCESS, logIndex=6484, commits[529edf8e-8eae-4246-b33f-5e44130d441c:c6484, 79bffca9-b028-4c53-a657-872ed973be73:c6482, 15654dff-55cd-4f70-96d8-4abf0c061563:c6482]
2019-07-09 15:05:02,285 INFO  client.GrpcClientProtocolClient (GrpcClientProtocolClient.java:onNext(255)) - client-A9DCF8B8BD5B->529edf8e-8eae-4246-b33f-5e44130d441c: receive RaftClientReply:client-A9DCF8B8BD5B->529edf8e-8eae-4246-b33f-5e44130d441c@group-A1CD1332DC7D, cid=4275, SUCCESS, logIndex=6487, commits[529edf8e-8eae-4246-b33f-5e44130d441c:c6487, 79bffca9-b028-4c53-a657-872ed973be73:c6484, 15654dff-55cd-4f70-96d8-4abf0c061563:c6484]
2019-07-09 15:05:02,285 INFO  client.GrpcClientProtocolClient (GrpcClientProtocolClient.java:onNext(255)) - client-A9DCF8B8BD5B->529edf8e-8eae-4246-b33f-5e44130d441c: receive RaftClientReply:client-A9DCF8B8BD5B->529edf8e-8eae-4246-b33f-5e44130d441c@group-A1CD1332DC7D, cid=4276, SUCCESS, logIndex=6488, commits[529edf8e-8eae-4246-b33f-5e44130d441c:c6488, 79bffca9-b028-4c53-a657-872ed973be73:c6484, 15654dff-55cd-4f70-96d8-4abf0c061563:c6484]
2019-07-09 15:05:02,287 INFO  client.GrpcClientProtocolClient (GrpcClientProtocolClient.java:onNext(255)) - client-A9DCF8B8BD5B->529edf8e-8eae-4246-b33f-5e44130d441c: receive RaftClientReply:client-A9DCF8B8BD5B->529edf8e-8eae-4246-b33f-5e44130d441c@group-A1CD1332DC7D, cid=4277, SUCCESS, logIndex=0, commits[529edf8e-8eae-4246-b33f-5e44130d441c:c6490, 79bffca9-b028-4c53-a657-872ed973be73:c6488, 15654dff-55cd-4f70-96d8-4abf0c061563:c6488]
2019-07-09 15:05:02,323 INFO  client.GrpcClientProtocolClient (GrpcClientProtocolClient.java:onNext(255)) - client-A9DCF8B8BD5B->529edf8e-8eae-4246-b33f-5e44130d441c: receive RaftClientReply:client-A9DCF8B8BD5B->529edf8e-8eae-4246-b33f-5e44130d441c@group-A1CD1332DC7D, cid=4278, SUCCESS, logIndex=6491, commits[529edf8e-8eae-4246-b33f-5e44130d441c:c6491, 79bffca9-b028-4c53-a657-872ed973be73:c6490, 15654dff-55cd-4f70-96d8-4abf0c061563:c6490]
2019-07-09 15:05:02,324 INFO  client.GrpcClientProtocolClient (GrpcClientProtocolClient.java:onNext(255)) - client-A9DCF8B8BD5B->529edf8e-8eae-4246-b33f-5e44130d441c: receive RaftClientReply:client-A9DCF8B8BD5B->529edf8e-8eae-4246-b33f-5e44130d441c@group-A1CD1332DC7D, cid=4279, SUCCESS, logIndex=6492, commits[529edf8e-8eae-4246-b33f-5e44130d441c:c6494, 79bffca9-b028-4c53-a657-872ed973be73:c6490, 15654dff-55cd-4f70-96d8-4abf0c061563:c6490]
2019-07-09 15:05:02,325 INFO  client.GrpcClientProtocolClient (GrpcClientProtocolClient.java:onNext(255)) - client-A9DCF8B8BD5B->529edf8e-8eae-4246-b33f-5e44130d441c: receive RaftClientReply:client-A9DCF8B8BD5B->529edf8e-8eae-4246-b33f-5e44130d441c@group-A1CD1332DC7D, cid=4280, SUCCESS, logIndex=6493, commits[529edf8e-8eae-4246-b33f-5e44130d441c:c6494, 79bffca9-b028-4c53-a657-872ed973be73:c6490, 15654dff-55cd-4f70-96d8-4abf0c061563:c6490]
2019-07-09 15:05:02,325 INFO  client.GrpcClientProtocolClient (GrpcClientProtocolClient.java:onNext(255)) - client-A9DCF8B8BD5B->529edf8e-8eae-4246-b33f-5e44130d441c: receive RaftClientReply:client-A9DCF8B8BD5B->529edf8e-8eae-4246-b33f-5e44130d441c@group-A1CD1332DC7D, cid=4281, SUCCESS, logIndex=6494, commits[529edf8e-8eae-4246-b33f-5e44130d441c:c6494, 79bffca9-b028-4c53-a657-872ed973be73:c6490, 15654dff-55cd-4f70-96d8-4abf0c061563:c6490]
2019-07-09 15:05:02,327 INFO  client.GrpcClientProtocolClient (GrpcClientProtocolClient.java:onNext(255)) - client-A9DCF8B8BD5B->529edf8e-8eae-4246-b33f-5e44130d441c: receive RaftClientReply:client-A9DCF8B8BD5B->529edf8e-8eae-4246-b33f-5e44130d441c@group-A1CD1332DC7D, cid=4282, SUCCESS, logIndex=0, commits[529edf8e-8eae-4246-b33f-5e44130d441c:c6498, 79bffca9-b028-4c53-a657-872ed973be73:c6494, 15654dff-55cd-4f70-96d8-4abf0c061563:c6492]
2019-07-09 15:05:02,348 INFO  client.GrpcClientProtocolClient (GrpcClientProtocolClient.java:onNext(255)) - client-A9DCF8B8BD5B->529edf8e-8eae-4246-b33f-5e44130d441c: receive RaftClientReply:client-A9DCF8B8BD5B->529edf8e-8eae-4246-b33f-5e44130d441c@group-A1CD1332DC7D, cid=4283, SUCCESS, logIndex=6499, commits[529edf8e-8eae-4246-b33f-5e44130d441c:c6499, 79bffca9-b028-4c53-a657-872ed973be73:c6498, 15654dff-55cd-4f70-96d8-4abf0c061563:c6498]
2019-07-09 15:05:02,348 INFO  client.GrpcClientProtocolClient (GrpcClientProtocolClient.java:onNext(255)) - client-A9DCF8B8BD5B->529edf8e-8eae-4246-b33f-5e44130d441c: receive RaftClientReply:client-A9DCF8B8BD5B->529edf8e-8eae-4246-b33f-5e44130d441c@group-A1CD1332DC7D, cid=4284, SUCCESS, logIndex=6500, commits[529edf8e-8eae-4246-b33f-5e44130d441c:c6500, 79bffca9-b028-4c53-a657-872ed973be73:c6498, 15654dff-55cd-4f70-96d8-4abf0c061563:c6498]
2019-07-09 15:05:02,380 INFO  client.GrpcClientProtocolClient (GrpcClientProtocolClient.java:onNext(255)) - client-A9DCF8B8BD5B->529edf8e-8eae-4246-b33f-5e44130d441c: receive RaftClientReply:client-A9DCF8B8BD5B->529edf8e-8eae-4246-b33f-5e44130d441c@group-A1CD1332DC7D, cid=4285, SUCCESS, logIndex=6503, commits[529edf8e-8eae-4246-b33f-5e44130d441c:c6504, 79bffca9-b028-4c53-a657-872ed973be73:c6500, 15654dff-55cd-4f70-96d8-4abf0c061563:c6500]
2019-07-09 15:05:02,381 INFO  client.GrpcClientProtocolClient (GrpcClientProtocolClient.java:onNext(255)) - client-A9DCF8B8BD5B->529edf8e-8eae-4246-b33f-5e44130d441c: receive RaftClientReply:client-A9DCF8B8BD5B->529edf8e-8eae-4246-b33f-5e44130d441c@group-A1CD1332DC7D, cid=4286, SUCCESS, logIndex=6504, commits[529edf8e-8eae-4246-b33f-5e44130d441c:c6504, 79bffca9-b028-4c53-a657-872ed973be73:c6500, 15654dff-55cd-4f70-96d8-4abf0c061563:c6500]
2019-07-09 15:05:02,404 INFO  client.GrpcClientProtocolClient (GrpcClientProtocolClient.java:onNext(255)) - client-A9DCF8B8BD5B->529edf8e-8eae-4246-b33f-5e44130d441c: receive RaftClientReply:client-A9DCF8B8BD5B->529edf8e-8eae-4246-b33f-5e44130d441c@group-A1CD1332DC7D, cid=4287, SUCCESS, logIndex=0, commits[529edf8e-8eae-4246-b33f-5e44130d441c:c6505, 79bffca9-b028-4c53-a657-872ed973be73:c6504, 15654dff-55cd-4f70-96d8-4abf0c061563:c6504]
2019-07-09 15:05:02,442 INFO  client.GrpcClientProtocolClient (GrpcClientProtocolClient.java:onNext(255)) - client-A9DCF8B8BD5B->529edf8e-8eae-4246-b33f-5e44130d441c: receive RaftClientReply:client-A9DCF8B8BD5B->529edf8e-8eae-4246-b33f-5e44130d441c@group-A1CD1332DC7D, cid=4288, SUCCESS, logIndex=6507, commits[529edf8e-8eae-4246-b33f-5e44130d441c:c6508, 79bffca9-b028-4c53-a657-872ed973be73:c6506, 15654dff-55cd-4f70-96d8-4abf0c061563:c6506]
2019-07-09 15:05:02,443 INFO  client.GrpcClientProtocolClient (GrpcClientProtocolClient.java:onNext(255)) - client-A9DCF8B8BD5B->529edf8e-8eae-4246-b33f-5e44130d441c: receive RaftClientReply:client-A9DCF8B8BD5B->529edf8e-8eae-4246-b33f-5e44130d441c@group-A1CD1332DC7D, cid=4289, SUCCESS, logIndex=6508, commits[529edf8e-8eae-4246-b33f-5e44130d441c:c6510, 79bffca9-b028-4c53-a657-872ed973be73:c6506, 15654dff-55cd-4f70-96d8-4abf0c061563:c6506]
2019-07-09 15:05:02,443 INFO  client.GrpcClientProtocolClient (GrpcClientProtocolClient.java:onNext(255)) - client-A9DCF8B8BD5B->529edf8e-8eae-4246-b33f-5e44130d441c: receive RaftClientReply:client-A9DCF8B8BD5B->529edf8e-8eae-4246-b33f-5e44130d441c@group-A1CD1332DC7D, cid=4290, SUCCESS, logIndex=6509, commits[529edf8e-8eae-4246-b33f-5e44130d441c:c6510, 79bffca9-b028-4c53-a657-872ed973be73:c6506, 15654dff-55cd-4f70-96d8-4abf0c061563:c6506]
2019-07-09 15:05:02,444 INFO  client.GrpcClientProtocolClient (GrpcClientProtocolClient.java:onNext(255)) - client-A9DCF8B8BD5B->529edf8e-8eae-4246-b33f-5e44130d441c: receive RaftClientReply:client-A9DCF8B8BD5B->529edf8e-8eae-4246-b33f-5e44130d441c@group-A1CD1332DC7D, cid=4291, SUCCESS, logIndex=6510, commits[529edf8e-8eae-4246-b33f-5e44130d441c:c6511, 79bffca9-b028-4c53-a657-872ed973be73:c6507, 15654dff-55cd-4f70-96d8-4abf0c061563:c6506]
2019-07-09 15:05:02,445 INFO  client.GrpcClientProtocolClient (GrpcClientProtocolClient.java:onNext(255)) - client-A9DCF8B8BD5B->529edf8e-8eae-4246-b33f-5e44130d441c: receive RaftClientReply:client-A9DCF8B8BD5B->529edf8e-8eae-4246-b33f-5e44130d441c@group-A1CD1332DC7D, cid=4292, SUCCESS, logIndex=0, commits[529edf8e-8eae-4246-b33f-5e44130d441c:c6511, 79bffca9-b028-4c53-a657-872ed973be73:c6508, 15654dff-55cd-4f70-96d8-4abf0c061563:c6508]
2019-07-09 15:05:02,466 INFO  client.GrpcClientProtocolClient (GrpcClientProtocolClient.java:onNext(255)) - client-A9DCF8B8BD5B->529edf8e-8eae-4246-b33f-5e44130d441c: receive RaftClientReply:client-A9DCF8B8BD5B->529edf8e-8eae-4246-b33f-5e44130d441c@group-A1CD1332DC7D, cid=4293, SUCCESS, logIndex=6515, commits[529edf8e-8eae-4246-b33f-5e44130d441c:c6516, 79bffca9-b028-4c53-a657-872ed973be73:c6514, 15654dff-55cd-4f70-96d8-4abf0c061563:c6514]
2019-07-09 15:05:02,467 INFO  client.GrpcClientProtocolClient (GrpcClientProtocolClient.java:onNext(255)) - client-A9DCF8B8BD5B->529edf8e-8eae-4246-b33f-5e44130d441c: receive RaftClientReply:client-A9DCF8B8BD5B->529edf8e-8eae-4246-b33f-5e44130d441c@group-A1CD1332DC7D, cid=4294, SUCCESS, logIndex=6516, commits[529edf8e-8eae-4246-b33f-5e44130d441c:c6516, 79bffca9-b028-4c53-a657-872ed973be73:c6514, 15654dff-55cd-4f70-96d8-4abf0c061563:c6514]
2019-07-09 15:05:02,480 INFO  client.GrpcClientProtocolClient (GrpcClientProtocolClient.java:onNext(255)) - client-A9DCF8B8BD5B->529edf8e-8eae-4246-b33f-5e44130d441c: receive RaftClientReply:client-A9DCF8B8BD5B->529edf8e-8eae-4246-b33f-5e44130d441c@group-A1CD1332DC7D, cid=4295, SUCCESS, logIndex=6519, commits[529edf8e-8eae-4246-b33f-5e44130d441c:c6520, 79bffca9-b028-4c53-a657-872ed973be73:c6516, 15654dff-55cd-4f70-96d8-4abf0c061563:c6515]
2019-07-09 15:05:02,480 INFO  client.GrpcClientProtocolClient (GrpcClientProtocolClient.java:onNext(255)) - client-A9DCF8B8BD5B->529edf8e-8eae-4246-b33f-5e44130d441c: receive RaftClientReply:client-A9DCF8B8BD5B->529edf8e-8eae-4246-b33f-5e44130d441c@group-A1CD1332DC7D, cid=4296, SUCCESS, logIndex=6520, commits[529edf8e-8eae-4246-b33f-5e44130d441c:c6520, 79bffca9-b028-4c53-a657-872ed973be73:c6516, 15654dff-55cd-4f70-96d8-4abf0c061563:c6516]
2019-07-09 15:05:02,483 INFO  client.GrpcClientProtocolClient (GrpcClientProtocolClient.java:onNext(255)) - client-A9DCF8B8BD5B->529edf8e-8eae-4246-b33f-5e44130d441c: receive RaftClientReply:client-A9DCF8B8BD5B->529edf8e-8eae-4246-b33f-5e44130d441c@group-A1CD1332DC7D, cid=4297, SUCCESS, logIndex=0, commits[529edf8e-8eae-4246-b33f-5e44130d441c:c6522, 79bffca9-b028-4c53-a657-872ed973be73:c6520, 15654dff-55cd-4f70-96d8-4abf0c061563:c6520]
2019-07-09 15:05:02,522 INFO  client.GrpcClientProtocolClient (GrpcClientProtocolClient.java:onNext(255)) - client-A9DCF8B8BD5B->529edf8e-8eae-4246-b33f-5e44130d441c: receive RaftClientReply:client-A9DCF8B8BD5B->529edf8e-8eae-4246-b33f-5e44130d441c@group-A1CD1332DC7D, cid=4298, SUCCESS, logIndex=6523, commits[529edf8e-8eae-4246-b33f-5e44130d441c:c6524, 79bffca9-b028-4c53-a657-872ed973be73:c6522, 15654dff-55cd-4f70-96d8-4abf0c061563:c6522]
2019-07-09 15:05:02,523 INFO  client.GrpcClientProtocolClient (GrpcClientProtocolClient.java:onNext(255)) - client-A9DCF8B8BD5B->529edf8e-8eae-4246-b33f-5e44130d441c: receive RaftClientReply:client-A9DCF8B8BD5B->529edf8e-8eae-4246-b33f-5e44130d441c@group-A1CD1332DC7D, cid=4299, SUCCESS, logIndex=6524, commits[529edf8e-8eae-4246-b33f-5e44130d441c:c6525, 79bffca9-b028-4c53-a657-872ed973be73:c6522, 15654dff-55cd-4f70-96d8-4abf0c061563:c6522]
2019-07-09 15:05:02,524 INFO  client.GrpcClientProtocolClient (GrpcClientProtocolClient.java:onNext(255)) - client-A9DCF8B8BD5B->529edf8e-8eae-4246-b33f-5e44130d441c: receive RaftClientReply:client-A9DCF8B8BD5B->529edf8e-8eae-4246-b33f-5e44130d441c@group-A1CD1332DC7D, cid=4300, SUCCESS, logIndex=6525, commits[529edf8e-8eae-4246-b33f-5e44130d441c:c6526, 79bffca9-b028-4c53-a657-872ed973be73:c6522, 15654dff-55cd-4f70-96d8-4abf0c061563:c6522]
2019-07-09 15:05:02,524 INFO  client.GrpcClientProtocolClient (GrpcClientProtocolClient.java:onNext(255)) - client-A9DCF8B8BD5B->529edf8e-8eae-4246-b33f-5e44130d441c: receive RaftClientReply:client-A9DCF8B8BD5B->529edf8e-8eae-4246-b33f-5e44130d441c@group-A1CD1332DC7D, cid=4301, SUCCESS, logIndex=6526, commits[529edf8e-8eae-4246-b33f-5e44130d441c:c6526, 79bffca9-b028-4c53-a657-872ed973be73:c6522, 15654dff-55cd-4f70-96d8-4abf0c061563:c6522]
2019-07-09 15:05:02,525 INFO  client.GrpcClientProtocolClient (GrpcClientProtocolClient.java:onNext(255)) - client-A9DCF8B8BD5B->529edf8e-8eae-4246-b33f-5e44130d441c: receive RaftClientReply:client-A9DCF8B8BD5B->529edf8e-8eae-4246-b33f-5e44130d441c@group-A1CD1332DC7D, cid=4302, SUCCESS, logIndex=0, commits[529edf8e-8eae-4246-b33f-5e44130d441c:c6529, 79bffca9-b028-4c53-a657-872ed973be73:c6525, 15654dff-55cd-4f70-96d8-4abf0c061563:c6524]
2019-07-09 15:05:02,547 INFO  client.GrpcClientProtocolClient (GrpcClientProtocolClient.java:onNext(255)) - client-A9DCF8B8BD5B->529edf8e-8eae-4246-b33f-5e44130d441c: receive RaftClientReply:client-A9DCF8B8BD5B->529edf8e-8eae-4246-b33f-5e44130d441c@group-A1CD1332DC7D, cid=4303, SUCCESS, logIndex=6531, commits[529edf8e-8eae-4246-b33f-5e44130d441c:c6531, 79bffca9-b028-4c53-a657-872ed973be73:c6530, 15654dff-55cd-4f70-96d8-4abf0c061563:c6530]
2019-07-09 15:05:02,547 INFO  client.GrpcClientProtocolClient (GrpcClientProtocolClient.java:onNext(255)) - client-A9DCF8B8BD5B->529edf8e-8eae-4246-b33f-5e44130d441c: receive RaftClientReply:client-A9DCF8B8BD5B->529edf8e-8eae-4246-b33f-5e44130d441c@group-A1CD1332DC7D, cid=4304, SUCCESS, logIndex=6532, commits[529edf8e-8eae-4246-b33f-5e44130d441c:c6532, 79bffca9-b028-4c53-a657-872ed973be73:c6530, 15654dff-55cd-4f70-96d8-4abf0c061563:c6530]
2019-07-09 15:05:02,561 INFO  client.GrpcClientProtocolClient (GrpcClientProtocolClient.java:onNext(255)) - client-A9DCF8B8BD5B->529edf8e-8eae-4246-b33f-5e44130d441c: receive RaftClientReply:client-A9DCF8B8BD5B->529edf8e-8eae-4246-b33f-5e44130d441c@group-A1CD1332DC7D, cid=4305, SUCCESS, logIndex=6535, commits[529edf8e-8eae-4246-b33f-5e44130d441c:c6536, 79bffca9-b028-4c53-a657-872ed973be73:c6532, 15654dff-55cd-4f70-96d8-4abf0c061563:c6531]
2019-07-09 15:05:02,561 INFO  client.GrpcClientProtocolClient (GrpcClientProtocolClient.java:onNext(255)) - client-A9DCF8B8BD5B->529edf8e-8eae-4246-b33f-5e44130d441c: receive RaftClientReply:client-A9DCF8B8BD5B->529edf8e-8eae-4246-b33f-5e44130d441c@group-A1CD1332DC7D, cid=4306, SUCCESS, logIndex=6536, commits[529edf8e-8eae-4246-b33f-5e44130d441c:c6536, 79bffca9-b028-4c53-a657-872ed973be73:c6532, 15654dff-55cd-4f70-96d8-4abf0c061563:c6531]
2019-07-09 15:05:02,562 INFO  client.GrpcClientProtocolClient (GrpcClientProtocolClient.java:onNext(255)) - client-A9DCF8B8BD5B->529edf8e-8eae-4246-b33f-5e44130d441c: receive RaftClientReply:client-A9DCF8B8BD5B->529edf8e-8eae-4246-b33f-5e44130d441c@group-A1CD1332DC7D, cid=4307, SUCCESS, logIndex=0, commits[529edf8e-8eae-4246-b33f-5e44130d441c:c6536, 79bffca9-b028-4c53-a657-872ed973be73:c6532, 15654dff-55cd-4f70-96d8-4abf0c061563:c6532]
2019-07-09 15:05:02,564 INFO  client.GrpcClientProtocolClient (GrpcClientProtocolClient.java:onNext(255)) - client-A9DCF8B8BD5B->529edf8e-8eae-4246-b33f-5e44130d441c: receive RaftClientReply:client-A9DCF8B8BD5B->529edf8e-8eae-4246-b33f-5e44130d441c@group-A1CD1332DC7D, cid=4308, SUCCESS, logIndex=0, commits[529edf8e-8eae-4246-b33f-5e44130d441c:c6538, 79bffca9-b028-4c53-a657-872ed973be73:c6536, 15654dff-55cd-4f70-96d8-4abf0c061563:c6536]
2019-07-09 15:05:02,599 INFO  client.GrpcClientProtocolClient (GrpcClientProtocolClient.java:onNext(255)) - client-A9DCF8B8BD5B->529edf8e-8eae-4246-b33f-5e44130d441c: receive RaftClientReply:client-A9DCF8B8BD5B->529edf8e-8eae-4246-b33f-5e44130d441c@group-A1CD1332DC7D, cid=4309, SUCCESS, logIndex=6539, commits[529edf8e-8eae-4246-b33f-5e44130d441c:c6540, 79bffca9-b028-4c53-a657-872ed973be73:c6538, 15654dff-55cd-4f70-96d8-4abf0c061563:c6538]
2019-07-09 15:05:02,599 INFO  client.GrpcClientProtocolClient (GrpcClientProtocolClient.java:onNext(255)) - client-A9DCF8B8BD5B->529edf8e-8eae-4246-b33f-5e44130d441c: receive RaftClientReply:client-A9DCF8B8BD5B->529edf8e-8eae-4246-b33f-5e44130d441c@group-A1CD1332DC7D, cid=4310, SUCCESS, logIndex=6540, commits[529edf8e-8eae-4246-b33f-5e44130d441c:c6540, 79bffca9-b028-4c53-a657-872ed973be73:c6538, 15654dff-55cd-4f70-96d8-4abf0c061563:c6538]
2019-07-09 15:05:02,600 INFO  client.GrpcClientProtocolClient (GrpcClientProtocolClient.java:onNext(255)) - client-A9DCF8B8BD5B->529edf8e-8eae-4246-b33f-5e44130d441c: receive RaftClientReply:client-A9DCF8B8BD5B->529edf8e-8eae-4246-b33f-5e44130d441c@group-A1CD1332DC7D, cid=4311, SUCCESS, logIndex=6541, commits[529edf8e-8eae-4246-b33f-5e44130d441c:c6542, 79bffca9-b028-4c53-a657-872ed973be73:c6538, 15654dff-55cd-4f70-96d8-4abf0c061563:c6538]
2019-07-09 15:05:02,600 INFO  client.GrpcClientProtocolClient (GrpcClientProtocolClient.java:onNext(255)) - client-A9DCF8B8BD5B->529edf8e-8eae-4246-b33f-5e44130d441c: receive RaftClientReply:client-A9DCF8B8BD5B->529edf8e-8eae-4246-b33f-5e44130d441c@group-A1CD1332DC7D, cid=4312, SUCCESS, logIndex=6542, commits[529edf8e-8eae-4246-b33f-5e44130d441c:c6542, 79bffca9-b028-4c53-a657-872ed973be73:c6538, 15654dff-55cd-4f70-96d8-4abf0c061563:c6538]
2019-07-09 15:05:02,602 INFO  client.GrpcClientProtocolClient (GrpcClientProtocolClient.java:onNext(255)) - client-A9DCF8B8BD5B->529edf8e-8eae-4246-b33f-5e44130d441c: receive RaftClientReply:client-A9DCF8B8BD5B->529edf8e-8eae-4246-b33f-5e44130d441c@group-A1CD1332DC7D, cid=4313, SUCCESS, logIndex=0, commits[529edf8e-8eae-4246-b33f-5e44130d441c:c6546, 79bffca9-b028-4c53-a657-872ed973be73:c6540, 15654dff-55cd-4f70-96d8-4abf0c061563:c6542]
2019-07-09 15:05:02,637 INFO  client.GrpcClientProtocolClient (GrpcClientProtocolClient.java:onNext(255)) - client-A9DCF8B8BD5B->529edf8e-8eae-4246-b33f-5e44130d441c: receive RaftClientReply:client-A9DCF8B8BD5B->529edf8e-8eae-4246-b33f-5e44130d441c@group-A1CD1332DC7D, cid=4314, SUCCESS, logIndex=6547, commits[529edf8e-8eae-4246-b33f-5e44130d441c:c6548, 79bffca9-b028-4c53-a657-872ed973be73:c6542, 15654dff-55cd-4f70-96d8-4abf0c061563:c6546]
2019-07-09 15:05:02,638 INFO  client.GrpcClientProtocolClient (GrpcClientProtocolClient.java:onNext(255)) - client-A9DCF8B8BD5B->529edf8e-8eae-4246-b33f-5e44130d441c: receive RaftClientReply:client-A9DCF8B8BD5B->529edf8e-8eae-4246-b33f-5e44130d441c@group-A1CD1332DC7D, cid=4315, SUCCESS, logIndex=6548, commits[529edf8e-8eae-4246-b33f-5e44130d441c:c6548, 79bffca9-b028-4c53-a657-872ed973be73:c6546, 15654dff-55cd-4f70-96d8-4abf0c061563:c6546]
2019-07-09 15:05:02,655 INFO  client.GrpcClientProtocolClient (GrpcClientProtocolClient.java:onNext(255)) - client-A9DCF8B8BD5B->529edf8e-8eae-4246-b33f-5e44130d441c: receive RaftClientReply:client-A9DCF8B8BD5B->529edf8e-8eae-4246-b33f-5e44130d441c@group-A1CD1332DC7D, cid=4316, SUCCESS, logIndex=6551, commits[529edf8e-8eae-4246-b33f-5e44130d441c:c6552, 79bffca9-b028-4c53-a657-872ed973be73:c6550, 15654dff-55cd-4f70-96d8-4abf0c061563:c6550]
2019-07-09 15:05:02,655 INFO  client.GrpcClientProtocolClient (GrpcClientProtocolClient.java:onNext(255)) - client-A9DCF8B8BD5B->529edf8e-8eae-4246-b33f-5e44130d441c: receive RaftClientReply:client-A9DCF8B8BD5B->529edf8e-8eae-4246-b33f-5e44130d441c@group-A1CD1332DC7D, cid=4317, SUCCESS, logIndex=6552, commits[529edf8e-8eae-4246-b33f-5e44130d441c:c6552, 79bffca9-b028-4c53-a657-872ed973be73:c6550, 15654dff-55cd-4f70-96d8-4abf0c061563:c6550]
2019-07-09 15:05:02,679 INFO  client.GrpcClientProtocolClient (GrpcClientProtocolClient.java:onNext(255)) - client-A9DCF8B8BD5B->529edf8e-8eae-4246-b33f-5e44130d441c: receive RaftClientReply:client-A9DCF8B8BD5B->529edf8e-8eae-4246-b33f-5e44130d441c@group-A1CD1332DC7D, cid=4318, SUCCESS, logIndex=0, commits[529edf8e-8eae-4246-b33f-5e44130d441c:c6554, 79bffca9-b028-4c53-a657-872ed973be73:c6552, 15654dff-55cd-4f70-96d8-4abf0c061563:c6552]
2019-07-09 15:05:02,717 INFO  client.GrpcClientProtocolClient (GrpcClientProtocolClient.java:onNext(255)) - client-A9DCF8B8BD5B->529edf8e-8eae-4246-b33f-5e44130d441c: receive RaftClientReply:client-A9DCF8B8BD5B->529edf8e-8eae-4246-b33f-5e44130d441c@group-A1CD1332DC7D, cid=4319, SUCCESS, logIndex=6555, commits[529edf8e-8eae-4246-b33f-5e44130d441c:c6556, 79bffca9-b028-4c53-a657-872ed973be73:c6554, 15654dff-55cd-4f70-96d8-4abf0c061563:c6554]
2019-07-09 15:05:02,717 INFO  client.GrpcClientProtocolClient (GrpcClientProtocolClient.java:onNext(255)) - client-A9DCF8B8BD5B->529edf8e-8eae-4246-b33f-5e44130d441c: receive RaftClientReply:client-A9DCF8B8BD5B->529edf8e-8eae-4246-b33f-5e44130d441c@group-A1CD1332DC7D, cid=4320, SUCCESS, logIndex=6556, commits[529edf8e-8eae-4246-b33f-5e44130d441c:c6556, 79bffca9-b028-4c53-a657-872ed973be73:c6554, 15654dff-55cd-4f70-96d8-4abf0c061563:c6554]
2019-07-09 15:05:02,718 INFO  client.GrpcClientProtocolClient (GrpcClientProtocolClient.java:onNext(255)) - client-A9DCF8B8BD5B->529edf8e-8eae-4246-b33f-5e44130d441c: receive RaftClientReply:client-A9DCF8B8BD5B->529edf8e-8eae-4246-b33f-5e44130d441c@group-A1CD1332DC7D, cid=4321, SUCCESS, logIndex=6557, commits[529edf8e-8eae-4246-b33f-5e44130d441c:c6558, 79bffca9-b028-4c53-a657-872ed973be73:c6554, 15654dff-55cd-4f70-96d8-4abf0c061563:c6554]
2019-07-09 15:05:02,718 INFO  client.GrpcClientProtocolClient (GrpcClientProtocolClient.java:onNext(255)) - client-A9DCF8B8BD5B->529edf8e-8eae-4246-b33f-5e44130d441c: receive RaftClientReply:client-A9DCF8B8BD5B->529edf8e-8eae-4246-b33f-5e44130d441c@group-A1CD1332DC7D, cid=4322, SUCCESS, logIndex=6558, commits[529edf8e-8eae-4246-b33f-5e44130d441c:c6558, 79bffca9-b028-4c53-a657-872ed973be73:c6554, 15654dff-55cd-4f70-96d8-4abf0c061563:c6554]
2019-07-09 15:05:02,719 INFO  client.GrpcClientProtocolClient (GrpcClientProtocolClient.java:onNext(255)) - client-A9DCF8B8BD5B->529edf8e-8eae-4246-b33f-5e44130d441c: receive RaftClientReply:client-A9DCF8B8BD5B->529edf8e-8eae-4246-b33f-5e44130d441c@group-A1CD1332DC7D, cid=4323, SUCCESS, logIndex=0, commits[529edf8e-8eae-4246-b33f-5e44130d441c:c6560, 79bffca9-b028-4c53-a657-872ed973be73:c6556, 15654dff-55cd-4f70-96d8-4abf0c061563:c6556]
2019-07-09 15:05:02,756 INFO  client.GrpcClientProtocolClient (GrpcClientProtocolClient.java:onNext(255)) - client-A9DCF8B8BD5B->529edf8e-8eae-4246-b33f-5e44130d441c: receive RaftClientReply:client-A9DCF8B8BD5B->529edf8e-8eae-4246-b33f-5e44130d441c@group-A1CD1332DC7D, cid=4324, SUCCESS, logIndex=6563, commits[529edf8e-8eae-4246-b33f-5e44130d441c:c6564, 79bffca9-b028-4c53-a657-872ed973be73:c6562, 15654dff-55cd-4f70-96d8-4abf0c061563:c6562]
2019-07-09 15:05:02,757 INFO  client.GrpcClientProtocolClient (GrpcClientProtocolClient.java:onNext(255)) - client-A9DCF8B8BD5B->529edf8e-8eae-4246-b33f-5e44130d441c: receive RaftClientReply:client-A9DCF8B8BD5B->529edf8e-8eae-4246-b33f-5e44130d441c@group-A1CD1332DC7D, cid=4325, SUCCESS, logIndex=6564, commits[529edf8e-8eae-4246-b33f-5e44130d441c:c6564, 79bffca9-b028-4c53-a657-872ed973be73:c6562, 15654dff-55cd-4f70-96d8-4abf0c061563:c6562]
2019-07-09 15:05:02,770 INFO  client.GrpcClientProtocolClient (GrpcClientProtocolClient.java:onNext(255)) - client-A9DCF8B8BD5B->529edf8e-8eae-4246-b33f-5e44130d441c: receive RaftClientReply:client-A9DCF8B8BD5B->529edf8e-8eae-4246-b33f-5e44130d441c@group-A1CD1332DC7D, cid=4326, SUCCESS, logIndex=6567, commits[529edf8e-8eae-4246-b33f-5e44130d441c:c6568, 79bffca9-b028-4c53-a657-872ed973be73:c6564, 15654dff-55cd-4f70-96d8-4abf0c061563:c6564]
2019-07-09 15:05:02,770 INFO  client.GrpcClientProtocolClient (GrpcClientProtocolClient.java:onNext(255)) - client-A9DCF8B8BD5B->529edf8e-8eae-4246-b33f-5e44130d441c: receive RaftClientReply:client-A9DCF8B8BD5B->529edf8e-8eae-4246-b33f-5e44130d441c@group-A1CD1332DC7D, cid=4327, SUCCESS, logIndex=6568, commits[529edf8e-8eae-4246-b33f-5e44130d441c:c6568, 79bffca9-b028-4c53-a657-872ed973be73:c6564, 15654dff-55cd-4f70-96d8-4abf0c061563:c6564]
2019-07-09 15:05:02,782 INFO  client.GrpcClientProtocolClient (GrpcClientProtocolClient.java:onNext(255)) - client-A9DCF8B8BD5B->529edf8e-8eae-4246-b33f-5e44130d441c: receive RaftClientReply:client-A9DCF8B8BD5B->529edf8e-8eae-4246-b33f-5e44130d441c@group-A1CD1332DC7D, cid=4328, SUCCESS, logIndex=0, commits[529edf8e-8eae-4246-b33f-5e44130d441c:c6569, 79bffca9-b028-4c53-a657-872ed973be73:c6568, 15654dff-55cd-4f70-96d8-4abf0c061563:c6568]
2019-07-09 15:05:02,818 INFO  client.GrpcClientProtocolClient (GrpcClientProtocolClient.java:onNext(255)) - client-A9DCF8B8BD5B->529edf8e-8eae-4246-b33f-5e44130d441c: receive RaftClientReply:client-A9DCF8B8BD5B->529edf8e-8eae-4246-b33f-5e44130d441c@group-A1CD1332DC7D, cid=4329, SUCCESS, logIndex=6571, commits[529edf8e-8eae-4246-b33f-5e44130d441c:c6572, 79bffca9-b028-4c53-a657-872ed973be73:c6570, 15654dff-55cd-4f70-96d8-4abf0c061563:c6570]
2019-07-09 15:05:02,819 INFO  client.GrpcClientProtocolClient (GrpcClientProtocolClient.java:onNext(255)) - client-A9DCF8B8BD5B->529edf8e-8eae-4246-b33f-5e44130d441c: receive RaftClientReply:client-A9DCF8B8BD5B->529edf8e-8eae-4246-b33f-5e44130d441c@group-A1CD1332DC7D, cid=4330, SUCCESS, logIndex=6572, commits[529edf8e-8eae-4246-b33f-5e44130d441c:c6572, 79bffca9-b028-4c53-a657-872ed973be73:c6570, 15654dff-55cd-4f70-96d8-4abf0c061563:c6570]
2019-07-09 15:05:02,820 INFO  client.GrpcClientProtocolClient (GrpcClientProtocolClient.java:onNext(255)) - client-A9DCF8B8BD5B->529edf8e-8eae-4246-b33f-5e44130d441c: receive RaftClientReply:client-A9DCF8B8BD5B->529edf8e-8eae-4246-b33f-5e44130d441c@group-A1CD1332DC7D, cid=4331, SUCCESS, logIndex=6573, commits[529edf8e-8eae-4246-b33f-5e44130d441c:c6574, 79bffca9-b028-4c53-a657-872ed973be73:c6570, 15654dff-55cd-4f70-96d8-4abf0c061563:c6570]
2019-07-09 15:05:02,820 INFO  client.GrpcClientProtocolClient (GrpcClientProtocolClient.java:onNext(255)) - client-A9DCF8B8BD5B->529edf8e-8eae-4246-b33f-5e44130d441c: receive RaftClientReply:client-A9DCF8B8BD5B->529edf8e-8eae-4246-b33f-5e44130d441c@group-A1CD1332DC7D, cid=4332, SUCCESS, logIndex=6574, commits[529edf8e-8eae-4246-b33f-5e44130d441c:c6574, 79bffca9-b028-4c53-a657-872ed973be73:c6570, 15654dff-55cd-4f70-96d8-4abf0c061563:c6570]
2019-07-09 15:05:02,822 INFO  client.GrpcClientProtocolClient (GrpcClientProtocolClient.java:onNext(255)) - client-A9DCF8B8BD5B->529edf8e-8eae-4246-b33f-5e44130d441c: receive RaftClientReply:client-A9DCF8B8BD5B->529edf8e-8eae-4246-b33f-5e44130d441c@group-A1CD1332DC7D, cid=4333, SUCCESS, logIndex=0, commits[529edf8e-8eae-4246-b33f-5e44130d441c:c6578, 79bffca9-b028-4c53-a657-872ed973be73:c6572, 15654dff-55cd-4f70-96d8-4abf0c061563:c6574]
2019-07-09 15:05:02,841 INFO  client.GrpcClientProtocolClient (GrpcClientProtocolClient.java:onNext(255)) - client-A9DCF8B8BD5B->529edf8e-8eae-4246-b33f-5e44130d441c: receive RaftClientReply:client-A9DCF8B8BD5B->529edf8e-8eae-4246-b33f-5e44130d441c@group-A1CD1332DC7D, cid=4334, SUCCESS, logIndex=6579, commits[529edf8e-8eae-4246-b33f-5e44130d441c:c6579, 79bffca9-b028-4c53-a657-872ed973be73:c6578, 15654dff-55cd-4f70-96d8-4abf0c061563:c6578]
2019-07-09 15:05:02,842 INFO  client.GrpcClientProtocolClient (GrpcClientProtocolClient.java:onNext(255)) - client-A9DCF8B8BD5B->529edf8e-8eae-4246-b33f-5e44130d441c: receive RaftClientReply:client-A9DCF8B8BD5B->529edf8e-8eae-4246-b33f-5e44130d441c@group-A1CD1332DC7D, cid=4335, SUCCESS, logIndex=6580, commits[529edf8e-8eae-4246-b33f-5e44130d441c:c6580, 79bffca9-b028-4c53-a657-872ed973be73:c6578, 15654dff-55cd-4f70-96d8-4abf0c061563:c6578]
2019-07-09 15:05:02,855 INFO  client.GrpcClientProtocolClient (GrpcClientProtocolClient.java:onNext(255)) - client-A9DCF8B8BD5B->529edf8e-8eae-4246-b33f-5e44130d441c: receive RaftClientReply:client-A9DCF8B8BD5B->529edf8e-8eae-4246-b33f-5e44130d441c@group-A1CD1332DC7D, cid=4336, SUCCESS, logIndex=6583, commits[529edf8e-8eae-4246-b33f-5e44130d441c:c6584, 79bffca9-b028-4c53-a657-872ed973be73:c6580, 15654dff-55cd-4f70-96d8-4abf0c061563:c6580]
2019-07-09 15:05:02,855 INFO  client.GrpcClientProtocolClient (GrpcClientProtocolClient.java:onNext(255)) - client-A9DCF8B8BD5B->529edf8e-8eae-4246-b33f-5e44130d441c: receive RaftClientReply:client-A9DCF8B8BD5B->529edf8e-8eae-4246-b33f-5e44130d441c@group-A1CD1332DC7D, cid=4337, SUCCESS, logIndex=6584, commits[529edf8e-8eae-4246-b33f-5e44130d441c:c6584, 79bffca9-b028-4c53-a657-872ed973be73:c6580, 15654dff-55cd-4f70-96d8-4abf0c061563:c6580]
2019-07-09 15:05:02,866 INFO  client.GrpcClientProtocolClient (GrpcClientProtocolClient.java:onNext(255)) - client-A9DCF8B8BD5B->529edf8e-8eae-4246-b33f-5e44130d441c: receive RaftClientReply:client-A9DCF8B8BD5B->529edf8e-8eae-4246-b33f-5e44130d441c@group-A1CD1332DC7D, cid=4338, SUCCESS, logIndex=0, commits[529edf8e-8eae-4246-b33f-5e44130d441c:c6584, 79bffca9-b028-4c53-a657-872ed973be73:c6584, 15654dff-55cd-4f70-96d8-4abf0c061563:c6584]
2019-07-09 15:05:02,898 INFO  client.GrpcClientProtocolClient (GrpcClientProtocolClient.java:onNext(255)) - client-A9DCF8B8BD5B->529edf8e-8eae-4246-b33f-5e44130d441c: receive RaftClientReply:client-A9DCF8B8BD5B->529edf8e-8eae-4246-b33f-5e44130d441c@group-A1CD1332DC7D, cid=4339, SUCCESS, logIndex=6587, commits[529edf8e-8eae-4246-b33f-5e44130d441c:c6588, 79bffca9-b028-4c53-a657-872ed973be73:c6586, 15654dff-55cd-4f70-96d8-4abf0c061563:c6586]
2019-07-09 15:05:02,898 INFO  client.GrpcClientProtocolClient (GrpcClientProtocolClient.java:onNext(255)) - client-A9DCF8B8BD5B->529edf8e-8eae-4246-b33f-5e44130d441c: receive RaftClientReply:client-A9DCF8B8BD5B->529edf8e-8eae-4246-b33f-5e44130d441c@group-A1CD1332DC7D, cid=4340, SUCCESS, logIndex=6588, commits[529edf8e-8eae-4246-b33f-5e44130d441c:c6588, 79bffca9-b028-4c53-a657-872ed973be73:c6586, 15654dff-55cd-4f70-96d8-4abf0c061563:c6586]
2019-07-09 15:05:02,899 INFO  client.GrpcClientProtocolClient (GrpcClientProtocolClient.java:onNext(255)) - client-A9DCF8B8BD5B->529edf8e-8eae-4246-b33f-5e44130d441c: receive RaftClientReply:client-A9DCF8B8BD5B->529edf8e-8eae-4246-b33f-5e44130d441c@group-A1CD1332DC7D, cid=4341, SUCCESS, logIndex=6589, commits[529edf8e-8eae-4246-b33f-5e44130d441c:c6590, 79bffca9-b028-4c53-a657-872ed973be73:c6586, 15654dff-55cd-4f70-96d8-4abf0c061563:c6586]
2019-07-09 15:05:02,899 INFO  client.GrpcClientProtocolClient (GrpcClientProtocolClient.java:onNext(255)) - client-A9DCF8B8BD5B->529edf8e-8eae-4246-b33f-5e44130d441c: receive RaftClientReply:client-A9DCF8B8BD5B->529edf8e-8eae-4246-b33f-5e44130d441c@group-A1CD1332DC7D, cid=4342, SUCCESS, logIndex=6590, commits[529edf8e-8eae-4246-b33f-5e44130d441c:c6590, 79bffca9-b028-4c53-a657-872ed973be73:c6586, 15654dff-55cd-4f70-96d8-4abf0c061563:c6586]
2019-07-09 15:05:02,901 INFO  client.GrpcClientProtocolClient (GrpcClientProtocolClient.java:onNext(255)) - client-A9DCF8B8BD5B->529edf8e-8eae-4246-b33f-5e44130d441c: receive RaftClientReply:client-A9DCF8B8BD5B->529edf8e-8eae-4246-b33f-5e44130d441c@group-A1CD1332DC7D, cid=4343, SUCCESS, logIndex=0, commits[529edf8e-8eae-4246-b33f-5e44130d441c:c6591, 79bffca9-b028-4c53-a657-872ed973be73:c6588, 15654dff-55cd-4f70-96d8-4abf0c061563:c6588]
2019-07-09 15:05:02,923 INFO  client.GrpcClientProtocolClient (GrpcClientProtocolClient.java:onNext(255)) - client-A9DCF8B8BD5B->529edf8e-8eae-4246-b33f-5e44130d441c: receive RaftClientReply:client-A9DCF8B8BD5B->529edf8e-8eae-4246-b33f-5e44130d441c@group-A1CD1332DC7D, cid=4344, SUCCESS, logIndex=6595, commits[529edf8e-8eae-4246-b33f-5e44130d441c:c6596, 79bffca9-b028-4c53-a657-872ed973be73:c6594, 15654dff-55cd-4f70-96d8-4abf0c061563:c6590]
2019-07-09 15:05:02,923 INFO  client.GrpcClientProtocolClient (GrpcClientProtocolClient.java:onNext(255)) - client-A9DCF8B8BD5B->529edf8e-8eae-4246-b33f-5e44130d441c: receive RaftClientReply:client-A9DCF8B8BD5B->529edf8e-8eae-4246-b33f-5e44130d441c@group-A1CD1332DC7D, cid=4345, SUCCESS, logIndex=6596, commits[529edf8e-8eae-4246-b33f-5e44130d441c:c6596, 79bffca9-b028-4c53-a657-872ed973be73:c6594, 15654dff-55cd-4f70-96d8-4abf0c061563:c6590]
2019-07-09 15:05:03,060 INFO  client.GrpcClientProtocolClient (GrpcClientProtocolClient.java:onNext(255)) - client-A9DCF8B8BD5B->529edf8e-8eae-4246-b33f-5e44130d441c: receive RaftClientReply:client-A9DCF8B8BD5B->529edf8e-8eae-4246-b33f-5e44130d441c@group-A1CD1332DC7D, cid=4346, SUCCESS, logIndex=6599, commits[529edf8e-8eae-4246-b33f-5e44130d441c:c6600, 79bffca9-b028-4c53-a657-872ed973be73:c6598, 15654dff-55cd-4f70-96d8-4abf0c061563:c6598]
2019-07-09 15:05:03,060 INFO  client.GrpcClientProtocolClient (GrpcClientProtocolClient.java:onNext(255)) - client-A9DCF8B8BD5B->529edf8e-8eae-4246-b33f-5e44130d441c: receive RaftClientReply:client-A9DCF8B8BD5B->529edf8e-8eae-4246-b33f-5e44130d441c@group-A1CD1332DC7D, cid=4347, SUCCESS, logIndex=6600, commits[529edf8e-8eae-4246-b33f-5e44130d441c:c6600, 79bffca9-b028-4c53-a657-872ed973be73:c6598, 15654dff-55cd-4f70-96d8-4abf0c061563:c6598]
 0.00% |█                                                                                                    |  0/1 Time: 0:00:45 0.00% |█                                                                                                    |  0/1 Time: 0:00:46 0.00% |█                                                                                                    |  0/1 Time: 0:00:472019-07-09 15:05:05,184 INFO  client.GrpcClientProtocolClient (GrpcClientProtocolClient.java:onNext(255)) - client-A9DCF8B8BD5B->529edf8e-8eae-4246-b33f-5e44130d441c: receive RaftClientReply:client-A9DCF8B8BD5B->529edf8e-8eae-4246-b33f-5e44130d441c@group-A1CD1332DC7D, cid=4348, SUCCESS, logIndex=0, commits[529edf8e-8eae-4246-b33f-5e44130d441c:c6600, 79bffca9-b028-4c53-a657-872ed973be73:c6600, 15654dff-55cd-4f70-96d8-4abf0c061563:c6600]
 0.00% |█                                                                                                    |  0/1 Time: 0:00:48 0.00% |█                                                                                                    |  0/1 Time: 0:00:49 0.00% |█                                                                                                    |  0/1 Time: 0:00:502019-07-09 15:05:08,209 WARN  server.GrpcLogAppender (GrpcLogAppender.java:timeoutAppendRequest(200)) - GrpcLogAppender(529edf8e-8eae-4246-b33f-5e44130d441c->15654dff-55cd-4f70-96d8-4abf0c061563): appendEntries Timeout, request=529edf8e-8eae-4246-b33f-5e44130d441c->15654dff-55cd-4f70-96d8-4abf0c061563#6655-t1, previous=(t:1, i:6602), leaderCommit=6601, initializing? false, entries: size=1, first=(t:1, i:6603), STATEMACHINELOGENTRY, client-A9DCF8B8BD5B, cid=4350
2019-07-09 15:05:08,209 WARN  server.GrpcLogAppender (GrpcLogAppender.java:onNextImpl(250)) - org.apache.ratis.grpc.server.GrpcLogAppender$AppendLogResponseHandler@54514e70: Request not found, ignoring reply: 529edf8e-8eae-4246-b33f-5e44130d441c<-15654dff-55cd-4f70-96d8-4abf0c061563#6655:OK,SUCCESS,nextIndex:6604,term:1,followerCommit:6601
 0.00% |█                                                                                                    |  0/1 Time: 0:00:51 0.00% |█                                                                                                    |  0/1 Time: 0:00:522019-07-09 15:05:10,305 INFO  client.GrpcClientProtocolClient (GrpcClientProtocolClient.java:onNext(255)) - client-A9DCF8B8BD5B->79bffca9-b028-4c53-a657-872ed973be73: receive RaftClientReply:client-A9DCF8B8BD5B->79bffca9-b028-4c53-a657-872ed973be73@group-A1CD1332DC7D, cid=4349, FAILED org.apache.ratis.protocol.NotLeaderException: Server 79bffca9-b028-4c53-a657-872ed973be73 is not the leader (529edf8e-8eae-4246-b33f-5e44130d441c:192.168.69.75:46338). Request must be sent to leader., logIndex=0, commits[79bffca9-b028-4c53-a657-872ed973be73:c6603, 529edf8e-8eae-4246-b33f-5e44130d441c:c6603, 15654dff-55cd-4f70-96d8-4abf0c061563:c6601]
2019-07-09 15:05:10,332 INFO  client.GrpcClientProtocolClient (GrpcClientProtocolClient.java:onNext(255)) - client-A9DCF8B8BD5B->529edf8e-8eae-4246-b33f-5e44130d441c: receive RaftClientReply:client-A9DCF8B8BD5B->529edf8e-8eae-4246-b33f-5e44130d441c@group-A1CD1332DC7D, cid=4349, SUCCESS, logIndex=6602, commits[529edf8e-8eae-4246-b33f-5e44130d441c:c6603, 79bffca9-b028-4c53-a657-872ed973be73:c6601, 15654dff-55cd-4f70-96d8-4abf0c061563:c6601]
2019-07-09 15:05:10,341 INFO  client.GrpcClientProtocolClient (GrpcClientProtocolClient.java:onNext(255)) - client-A9DCF8B8BD5B->529edf8e-8eae-4246-b33f-5e44130d441c: receive RaftClientReply:client-A9DCF8B8BD5B->529edf8e-8eae-4246-b33f-5e44130d441c@group-A1CD1332DC7D, cid=4350, SUCCESS, logIndex=6603, commits[529edf8e-8eae-4246-b33f-5e44130d441c:c6603, 79bffca9-b028-4c53-a657-872ed973be73:c6601, 15654dff-55cd-4f70-96d8-4abf0c061563:c6601]
 0.00% |█                                                                                                    |  0/1 Time: 0:00:532019-07-09 15:05:11,208 WARN  server.GrpcLogAppender (GrpcLogAppender.java:timeoutAppendRequest(200)) - GrpcLogAppender(529edf8e-8eae-4246-b33f-5e44130d441c->15654dff-55cd-4f70-96d8-4abf0c061563): appendEntries Timeout, request=529edf8e-8eae-4246-b33f-5e44130d441c->15654dff-55cd-4f70-96d8-4abf0c061563#6663-t1, previous=(t:1, i:6605), leaderCommit=6602, initializing? false, entries: size=1, first=(t:1, i:6606), METADATAENTRY(c6602)
2019-07-09 15:05:11,211 WARN  server.GrpcLogAppender (GrpcLogAppender.java:timeoutAppendRequest(200)) - GrpcLogAppender(529edf8e-8eae-4246-b33f-5e44130d441c->79bffca9-b028-4c53-a657-872ed973be73): appendEntries Timeout, request=529edf8e-8eae-4246-b33f-5e44130d441c->79bffca9-b028-4c53-a657-872ed973be73#6663-t1, previous=(t:1, i:6605), leaderCommit=6603, initializing? false, entries: size=1, first=(t:1, i:6606), METADATAENTRY(c6602)
2019-07-09 15:05:11,212 WARN  server.GrpcLogAppender (GrpcLogAppender.java:timeoutAppendRequest(200)) - GrpcLogAppender(529edf8e-8eae-4246-b33f-5e44130d441c->15654dff-55cd-4f70-96d8-4abf0c061563): appendEntries Timeout, request=529edf8e-8eae-4246-b33f-5e44130d441c->15654dff-55cd-4f70-96d8-4abf0c061563#6664-t1, previous=(t:1, i:6606), leaderCommit=6603, initializing? false, entries: size=1, first=(t:1, i:6607), METADATAENTRY(c6603)
2019-07-09 15:05:11,212 WARN  server.GrpcLogAppender (GrpcLogAppender.java:timeoutAppendRequest(200)) - GrpcLogAppender(529edf8e-8eae-4246-b33f-5e44130d441c->79bffca9-b028-4c53-a657-872ed973be73): appendEntries Timeout, request=529edf8e-8eae-4246-b33f-5e44130d441c->79bffca9-b028-4c53-a657-872ed973be73#6664-t1, previous=(t:1, i:6606), leaderCommit=6603, initializing? false, entries: size=1, first=(t:1, i:6607), METADATAENTRY(c6603)
2019-07-09 15:05:11,212 WARN  server.GrpcLogAppender (GrpcLogAppender.java:timeoutAppendRequest(200)) - GrpcLogAppender(529edf8e-8eae-4246-b33f-5e44130d441c->15654dff-55cd-4f70-96d8-4abf0c061563): appendEntries Timeout, request=529edf8e-8eae-4246-b33f-5e44130d441c->15654dff-55cd-4f70-96d8-4abf0c061563#6665-t1, previous=(t:1, i:6607), leaderCommit=6603, initializing? false, entries: size=1, first=(t:1, i:6608), METADATAENTRY(c6604)
2019-07-09 15:05:11,212 WARN  server.GrpcLogAppender (GrpcLogAppender.java:timeoutAppendRequest(200)) - GrpcLogAppender(529edf8e-8eae-4246-b33f-5e44130d441c->79bffca9-b028-4c53-a657-872ed973be73): appendEntries Timeout, request=529edf8e-8eae-4246-b33f-5e44130d441c->79bffca9-b028-4c53-a657-872ed973be73#6665-t1, previous=(t:1, i:6607), leaderCommit=6603, initializing? false, entries: size=1, first=(t:1, i:6608), METADATAENTRY(c6604)
2019-07-09 15:05:11,212 WARN  server.GrpcLogAppender (GrpcLogAppender.java:timeoutAppendRequest(200)) - GrpcLogAppender(529edf8e-8eae-4246-b33f-5e44130d441c->15654dff-55cd-4f70-96d8-4abf0c061563): appendEntries Timeout, request=529edf8e-8eae-4246-b33f-5e44130d441c->15654dff-55cd-4f70-96d8-4abf0c061563#6666-t1, previous=(t:1, i:6608), leaderCommit=6603, initializing? false, entries: size=1, first=(t:1, i:6609), METADATAENTRY(c6605)
2019-07-09 15:05:11,213 WARN  server.GrpcLogAppender (GrpcLogAppender.java:timeoutAppendRequest(200)) - GrpcLogAppender(529edf8e-8eae-4246-b33f-5e44130d441c->79bffca9-b028-4c53-a657-872ed973be73): appendEntries Timeout, request=529edf8e-8eae-4246-b33f-5e44130d441c->79bffca9-b028-4c53-a657-872ed973be73#6666-t1, previous=(t:1, i:6608), leaderCommit=6603, initializing? false, entries: size=1, first=(t:1, i:6609), METADATAENTRY(c6605)
2019-07-09 15:05:11,637 WARN  server.GrpcLogAppender (GrpcLogAppender.java:onNextImpl(250)) - org.apache.ratis.grpc.server.GrpcLogAppender$AppendLogResponseHandler@54514e70: Request not found, ignoring reply: 529edf8e-8eae-4246-b33f-5e44130d441c<-15654dff-55cd-4f70-96d8-4abf0c061563#6663:OK,SUCCESS,nextIndex:6607,term:1,followerCommit:6603
2019-07-09 15:05:11,637 WARN  server.GrpcLogAppender (GrpcLogAppender.java:onNextImpl(250)) - org.apache.ratis.grpc.server.GrpcLogAppender$AppendLogResponseHandler@1fd29aec: Request not found, ignoring reply: 529edf8e-8eae-4246-b33f-5e44130d441c<-79bffca9-b028-4c53-a657-872ed973be73#6663:OK,SUCCESS,nextIndex:6607,term:1,followerCommit:6603
2019-07-09 15:05:11,710 WARN  server.GrpcLogAppender (GrpcLogAppender.java:timeoutAppendRequest(200)) - GrpcLogAppender(529edf8e-8eae-4246-b33f-5e44130d441c->15654dff-55cd-4f70-96d8-4abf0c061563): appendEntries Timeout, request=529edf8e-8eae-4246-b33f-5e44130d441c->15654dff-55cd-4f70-96d8-4abf0c061563#6667-t1, previous=(t:1, i:6609), leaderCommit=6603, initializing? false, entries: <empty>
2019-07-09 15:05:11,710 WARN  server.GrpcLogAppender (GrpcLogAppender.java:timeoutAppendRequest(200)) - GrpcLogAppender(529edf8e-8eae-4246-b33f-5e44130d441c->79bffca9-b028-4c53-a657-872ed973be73): appendEntries Timeout, request=529edf8e-8eae-4246-b33f-5e44130d441c->79bffca9-b028-4c53-a657-872ed973be73#6667-t1, previous=(t:1, i:6609), leaderCommit=6603, initializing? false, entries: <empty>
2019-07-09 15:05:11,734 INFO  client.GrpcClientProtocolClient (GrpcClientProtocolClient.java:onNext(255)) - client-A9DCF8B8BD5B->529edf8e-8eae-4246-b33f-5e44130d441c: receive RaftClientReply:client-A9DCF8B8BD5B->529edf8e-8eae-4246-b33f-5e44130d441c@group-A1CD1332DC7D, cid=4351, SUCCESS, logIndex=6604, commits[529edf8e-8eae-4246-b33f-5e44130d441c:c6605, 79bffca9-b028-4c53-a657-872ed973be73:c6601, 15654dff-55cd-4f70-96d8-4abf0c061563:c6601]
 0.00% |█                                                                                                    |  0/1 Time: 0:00:542019-07-09 15:05:12,210 WARN  server.GrpcLogAppender (GrpcLogAppender.java:timeoutAppendRequest(200)) - GrpcLogAppender(529edf8e-8eae-4246-b33f-5e44130d441c->15654dff-55cd-4f70-96d8-4abf0c061563): appendEntries Timeout, request=529edf8e-8eae-4246-b33f-5e44130d441c->15654dff-55cd-4f70-96d8-4abf0c061563#6668-t1, previous=(t:1, i:6609), leaderCommit=6603, initializing? false, entries: <empty>
2019-07-09 15:05:12,211 WARN  server.GrpcLogAppender (GrpcLogAppender.java:timeoutAppendRequest(200)) - GrpcLogAppender(529edf8e-8eae-4246-b33f-5e44130d441c->79bffca9-b028-4c53-a657-872ed973be73): appendEntries Timeout, request=529edf8e-8eae-4246-b33f-5e44130d441c->79bffca9-b028-4c53-a657-872ed973be73#6668-t1, previous=(t:1, i:6609), leaderCommit=6603, initializing? false, entries: <empty>
2019-07-09 15:05:12,711 WARN  server.GrpcLogAppender (GrpcLogAppender.java:timeoutAppendRequest(200)) - GrpcLogAppender(529edf8e-8eae-4246-b33f-5e44130d441c->15654dff-55cd-4f70-96d8-4abf0c061563): appendEntries Timeout, request=529edf8e-8eae-4246-b33f-5e44130d441c->15654dff-55cd-4f70-96d8-4abf0c061563#6669-t1, previous=(t:1, i:6609), leaderCommit=6603, initializing? false, entries: <empty>
2019-07-09 15:05:12,711 WARN  server.GrpcLogAppender (GrpcLogAppender.java:timeoutAppendRequest(200)) - GrpcLogAppender(529edf8e-8eae-4246-b33f-5e44130d441c->79bffca9-b028-4c53-a657-872ed973be73): appendEntries Timeout, request=529edf8e-8eae-4246-b33f-5e44130d441c->79bffca9-b028-4c53-a657-872ed973be73#6669-t1, previous=(t:1, i:6609), leaderCommit=6603, initializing? false, entries: <empty>
 0.00% |█                                                                                                    |  0/1 Time: 0:00:552019-07-09 15:05:13,211 WARN  server.GrpcLogAppender (GrpcLogAppender.java:timeoutAppendRequest(200)) - GrpcLogAppender(529edf8e-8eae-4246-b33f-5e44130d441c->15654dff-55cd-4f70-96d8-4abf0c061563): appendEntries Timeout, request=529edf8e-8eae-4246-b33f-5e44130d441c->15654dff-55cd-4f70-96d8-4abf0c061563#6670-t1, previous=(t:1, i:6609), leaderCommit=6603, initializing? false, entries: <empty>
2019-07-09 15:05:13,211 WARN  server.GrpcLogAppender (GrpcLogAppender.java:timeoutAppendRequest(200)) - GrpcLogAppender(529edf8e-8eae-4246-b33f-5e44130d441c->79bffca9-b028-4c53-a657-872ed973be73): appendEntries Timeout, request=529edf8e-8eae-4246-b33f-5e44130d441c->79bffca9-b028-4c53-a657-872ed973be73#6670-t1, previous=(t:1, i:6609), leaderCommit=6603, initializing? false, entries: <empty>
2019-07-09 15:05:13,295 WARN  server.GrpcLogAppender (GrpcLogAppender.java:onNextImpl(250)) - org.apache.ratis.grpc.server.GrpcLogAppender$AppendLogResponseHandler@1fd29aec: Request not found, ignoring reply: 529edf8e-8eae-4246-b33f-5e44130d441c<-79bffca9-b028-4c53-a657-872ed973be73#6664:OK,SUCCESS,nextIndex:6608,term:1,followerCommit:6605
2019-07-09 15:05:13,295 WARN  server.GrpcLogAppender (GrpcLogAppender.java:onNextImpl(250)) - org.apache.ratis.grpc.server.GrpcLogAppender$AppendLogResponseHandler@54514e70: Request not found, ignoring reply: 529edf8e-8eae-4246-b33f-5e44130d441c<-15654dff-55cd-4f70-96d8-4abf0c061563#6664:OK,SUCCESS,nextIndex:6608,term:1,followerCommit:6605
2019-07-09 15:05:13,296 WARN  server.GrpcLogAppender (GrpcLogAppender.java:onNextImpl(250)) - org.apache.ratis.grpc.server.GrpcLogAppender$AppendLogResponseHandler@1fd29aec: Request not found, ignoring reply: 529edf8e-8eae-4246-b33f-5e44130d441c<-79bffca9-b028-4c53-a657-872ed973be73#6665:OK,SUCCESS,nextIndex:6609,term:1,followerCommit:6605
2019-07-09 15:05:13,296 WARN  server.GrpcLogAppender (GrpcLogAppender.java:onNextImpl(250)) - org.apache.ratis.grpc.server.GrpcLogAppender$AppendLogResponseHandler@54514e70: Request not found, ignoring reply: 529edf8e-8eae-4246-b33f-5e44130d441c<-15654dff-55cd-4f70-96d8-4abf0c061563#6665:OK,SUCCESS,nextIndex:6609,term:1,followerCommit:6605
2019-07-09 15:05:13,296 WARN  server.GrpcLogAppender (GrpcLogAppender.java:onNextImpl(250)) - org.apache.ratis.grpc.server.GrpcLogAppender$AppendLogResponseHandler@1fd29aec: Request not found, ignoring reply: 529edf8e-8eae-4246-b33f-5e44130d441c<-79bffca9-b028-4c53-a657-872ed973be73#6666:OK,SUCCESS,nextIndex:6610,term:1,followerCommit:6605
2019-07-09 15:05:13,296 WARN  server.GrpcLogAppender (GrpcLogAppender.java:onNextImpl(250)) - org.apache.ratis.grpc.server.GrpcLogAppender$AppendLogResponseHandler@54514e70: Request not found, ignoring reply: 529edf8e-8eae-4246-b33f-5e44130d441c<-15654dff-55cd-4f70-96d8-4abf0c061563#6666:OK,SUCCESS,nextIndex:6610,term:1,followerCommit:6605
2019-07-09 15:05:13,297 WARN  server.GrpcLogAppender (GrpcLogAppender.java:onNextImpl(250)) - org.apache.ratis.grpc.server.GrpcLogAppender$AppendLogResponseHandler@1fd29aec: Request not found, ignoring reply: 529edf8e-8eae-4246-b33f-5e44130d441c<-79bffca9-b028-4c53-a657-872ed973be73#6667:OK,SUCCESS,nextIndex:6610,term:1,followerCommit:6603
2019-07-09 15:05:13,297 WARN  server.GrpcLogAppender (GrpcLogAppender.java:onNextImpl(250)) - org.apache.ratis.grpc.server.GrpcLogAppender$AppendLogResponseHandler@54514e70: Request not found, ignoring reply: 529edf8e-8eae-4246-b33f-5e44130d441c<-15654dff-55cd-4f70-96d8-4abf0c061563#6667:OK,SUCCESS,nextIndex:6610,term:1,followerCommit:6603
2019-07-09 15:05:13,297 WARN  server.GrpcLogAppender (GrpcLogAppender.java:onNextImpl(250)) - org.apache.ratis.grpc.server.GrpcLogAppender$AppendLogResponseHandler@1fd29aec: Request not found, ignoring reply: 529edf8e-8eae-4246-b33f-5e44130d441c<-79bffca9-b028-4c53-a657-872ed973be73#6668:OK,SUCCESS,nextIndex:6610,term:1,followerCommit:6603
2019-07-09 15:05:13,297 WARN  server.GrpcLogAppender (GrpcLogAppender.java:onNextImpl(250)) - org.apache.ratis.grpc.server.GrpcLogAppender$AppendLogResponseHandler@54514e70: Request not found, ignoring reply: 529edf8e-8eae-4246-b33f-5e44130d441c<-15654dff-55cd-4f70-96d8-4abf0c061563#6668:OK,SUCCESS,nextIndex:6610,term:1,followerCommit:6603
2019-07-09 15:05:13,297 WARN  server.GrpcLogAppender (GrpcLogAppender.java:onNextImpl(250)) - org.apache.ratis.grpc.server.GrpcLogAppender$AppendLogResponseHandler@1fd29aec: Request not found, ignoring reply: 529edf8e-8eae-4246-b33f-5e44130d441c<-79bffca9-b028-4c53-a657-872ed973be73#6669:OK,SUCCESS,nextIndex:6610,term:1,followerCommit:6603
2019-07-09 15:05:13,297 WARN  server.GrpcLogAppender (GrpcLogAppender.java:onNextImpl(250)) - org.apache.ratis.grpc.server.GrpcLogAppender$AppendLogResponseHandler@54514e70: Request not found, ignoring reply: 529edf8e-8eae-4246-b33f-5e44130d441c<-15654dff-55cd-4f70-96d8-4abf0c061563#6669:OK,SUCCESS,nextIndex:6610,term:1,followerCommit:6603
2019-07-09 15:05:13,297 WARN  server.GrpcLogAppender (GrpcLogAppender.java:onNextImpl(250)) - org.apache.ratis.grpc.server.GrpcLogAppender$AppendLogResponseHandler@1fd29aec: Request not found, ignoring reply: 529edf8e-8eae-4246-b33f-5e44130d441c<-79bffca9-b028-4c53-a657-872ed973be73#6670:OK,SUCCESS,nextIndex:6610,term:1,followerCommit:6603
2019-07-09 15:05:13,298 WARN  server.GrpcLogAppender (GrpcLogAppender.java:onNextImpl(250)) - org.apache.ratis.grpc.server.GrpcLogAppender$AppendLogResponseHandler@54514e70: Request not found, ignoring reply: 529edf8e-8eae-4246-b33f-5e44130d441c<-15654dff-55cd-4f70-96d8-4abf0c061563#6670:OK,SUCCESS,nextIndex:6610,term:1,followerCommit:6603
 0.00% |█                                                                                                    |  0/1 Time: 0:00:56 0.00% |█                                                                                                    |  0/1 Time: 0:00:572019-07-09 15:05:15,372 INFO  client.GrpcClientProtocolClient (GrpcClientProtocolClient.java:onNext(255)) - client-A9DCF8B8BD5B->15654dff-55cd-4f70-96d8-4abf0c061563: receive RaftClientReply:client-A9DCF8B8BD5B->15654dff-55cd-4f70-96d8-4abf0c061563@group-A1CD1332DC7D, cid=4352, FAILED org.apache.ratis.protocol.NotLeaderException: Server 15654dff-55cd-4f70-96d8-4abf0c061563 is not the leader (529edf8e-8eae-4246-b33f-5e44130d441c:192.168.69.75:46338). Request must be sent to leader., logIndex=0, commits[15654dff-55cd-4f70-96d8-4abf0c061563:c6609, 529edf8e-8eae-4246-b33f-5e44130d441c:c6609, 79bffca9-b028-4c53-a657-872ed973be73:c6609]
2019-07-09 15:05:15,398 INFO  client.GrpcClientProtocolClient (GrpcClientProtocolClient.java:onNext(255)) - client-A9DCF8B8BD5B->529edf8e-8eae-4246-b33f-5e44130d441c: receive RaftClientReply:client-A9DCF8B8BD5B->529edf8e-8eae-4246-b33f-5e44130d441c@group-A1CD1332DC7D, cid=4352, SUCCESS, logIndex=6605, commits[529edf8e-8eae-4246-b33f-5e44130d441c:c6609, 79bffca9-b028-4c53-a657-872ed973be73:c6609, 15654dff-55cd-4f70-96d8-4abf0c061563:c6609]
 0.00% |█                                                                                                    |  0/1 Time: 0:00:582019-07-09 15:05:16,947 INFO  client.GrpcClientProtocolClient (GrpcClientProtocolClient.java:onNext(255)) - client-A9DCF8B8BD5B->529edf8e-8eae-4246-b33f-5e44130d441c: receive RaftClientReply:client-A9DCF8B8BD5B->529edf8e-8eae-4246-b33f-5e44130d441c@group-A1CD1332DC7D, cid=4353, SUCCESS, logIndex=6610, commits[529edf8e-8eae-4246-b33f-5e44130d441c:c6611, 79bffca9-b028-4c53-a657-872ed973be73:c6609, 15654dff-55cd-4f70-96d8-4abf0c061563:c6609]
 0.00% |█                                                                                                    |  0/1 Time: 0:00:59 0.00% |█                                                                                                    |  0/1 Time: 0:01:00 0.00% |█                                                                                                    |  0/1 Time: 0:01:012019-07-09 15:05:19,869 WARN  server.GrpcLogAppender (GrpcLogAppender.java:timeoutAppendRequest(200)) - GrpcLogAppender(529edf8e-8eae-4246-b33f-5e44130d441c->15654dff-55cd-4f70-96d8-4abf0c061563): appendEntries Timeout, request=529edf8e-8eae-4246-b33f-5e44130d441c->15654dff-55cd-4f70-96d8-4abf0c061563#6686-t1, previous=(t:1, i:6613), leaderCommit=6610, initializing? false, entries: size=1, first=(t:1, i:6614), METADATAENTRY(c6610)
2019-07-09 15:05:19,869 WARN  server.GrpcLogAppender (GrpcLogAppender.java:timeoutAppendRequest(200)) - GrpcLogAppender(529edf8e-8eae-4246-b33f-5e44130d441c->79bffca9-b028-4c53-a657-872ed973be73): appendEntries Timeout, request=529edf8e-8eae-4246-b33f-5e44130d441c->79bffca9-b028-4c53-a657-872ed973be73#6686-t1, previous=(t:1, i:6613), leaderCommit=6610, initializing? false, entries: size=1, first=(t:1, i:6614), METADATAENTRY(c6610)
2019-07-09 15:05:19,870 WARN  server.GrpcLogAppender (GrpcLogAppender.java:timeoutAppendRequest(200)) - GrpcLogAppender(529edf8e-8eae-4246-b33f-5e44130d441c->15654dff-55cd-4f70-96d8-4abf0c061563): appendEntries Timeout, request=529edf8e-8eae-4246-b33f-5e44130d441c->15654dff-55cd-4f70-96d8-4abf0c061563#6687-t1, previous=(t:1, i:6614), leaderCommit=6611, initializing? false, entries: size=1, first=(t:1, i:6615), METADATAENTRY(c6611)
2019-07-09 15:05:19,870 WARN  server.GrpcLogAppender (GrpcLogAppender.java:timeoutAppendRequest(200)) - GrpcLogAppender(529edf8e-8eae-4246-b33f-5e44130d441c->79bffca9-b028-4c53-a657-872ed973be73): appendEntries Timeout, request=529edf8e-8eae-4246-b33f-5e44130d441c->79bffca9-b028-4c53-a657-872ed973be73#6687-t1, previous=(t:1, i:6614), leaderCommit=6611, initializing? false, entries: size=1, first=(t:1, i:6615), METADATAENTRY(c6611)
2019-07-09 15:05:19,871 WARN  server.GrpcLogAppender (GrpcLogAppender.java:timeoutAppendRequest(200)) - GrpcLogAppender(529edf8e-8eae-4246-b33f-5e44130d441c->79bffca9-b028-4c53-a657-872ed973be73): appendEntries Timeout, request=529edf8e-8eae-4246-b33f-5e44130d441c->79bffca9-b028-4c53-a657-872ed973be73#6688-t1, previous=(t:1, i:6615), leaderCommit=6611, initializing? false, entries: size=1, first=(t:1, i:6616), METADATAENTRY(c6612)
2019-07-09 15:05:19,871 WARN  server.GrpcLogAppender (GrpcLogAppender.java:timeoutAppendRequest(200)) - GrpcLogAppender(529edf8e-8eae-4246-b33f-5e44130d441c->15654dff-55cd-4f70-96d8-4abf0c061563): appendEntries Timeout, request=529edf8e-8eae-4246-b33f-5e44130d441c->15654dff-55cd-4f70-96d8-4abf0c061563#6688-t1, previous=(t:1, i:6615), leaderCommit=6611, initializing? false, entries: size=1, first=(t:1, i:6616), METADATAENTRY(c6612)
2019-07-09 15:05:19,871 WARN  server.GrpcLogAppender (GrpcLogAppender.java:timeoutAppendRequest(200)) - GrpcLogAppender(529edf8e-8eae-4246-b33f-5e44130d441c->79bffca9-b028-4c53-a657-872ed973be73): appendEntries Timeout, request=529edf8e-8eae-4246-b33f-5e44130d441c->79bffca9-b028-4c53-a657-872ed973be73#6689-t1, previous=(t:1, i:6616), leaderCommit=6611, initializing? false, entries: size=1, first=(t:1, i:6617), METADATAENTRY(c6613)
2019-07-09 15:05:19,871 WARN  server.GrpcLogAppender (GrpcLogAppender.java:timeoutAppendRequest(200)) - GrpcLogAppender(529edf8e-8eae-4246-b33f-5e44130d441c->15654dff-55cd-4f70-96d8-4abf0c061563): appendEntries Timeout, request=529edf8e-8eae-4246-b33f-5e44130d441c->15654dff-55cd-4f70-96d8-4abf0c061563#6689-t1, previous=(t:1, i:6616), leaderCommit=6611, initializing? false, entries: size=1, first=(t:1, i:6617), METADATAENTRY(c6613)
 0.00% |█                                                                                                    |  0/1 Time: 0:01:022019-07-09 15:05:20,372 WARN  server.GrpcLogAppender (GrpcLogAppender.java:timeoutAppendRequest(200)) - GrpcLogAppender(529edf8e-8eae-4246-b33f-5e44130d441c->15654dff-55cd-4f70-96d8-4abf0c061563): appendEntries Timeout, request=529edf8e-8eae-4246-b33f-5e44130d441c->15654dff-55cd-4f70-96d8-4abf0c061563#6690-t1, previous=(t:1, i:6617), leaderCommit=6611, initializing? false, entries: <empty>
2019-07-09 15:05:20,372 WARN  server.GrpcLogAppender (GrpcLogAppender.java:timeoutAppendRequest(200)) - GrpcLogAppender(529edf8e-8eae-4246-b33f-5e44130d441c->79bffca9-b028-4c53-a657-872ed973be73): appendEntries Timeout, request=529edf8e-8eae-4246-b33f-5e44130d441c->79bffca9-b028-4c53-a657-872ed973be73#6690-t1, previous=(t:1, i:6617), leaderCommit=6611, initializing? false, entries: <empty>
2019-07-09 15:05:20,447 INFO  client.GrpcClientProtocolClient (GrpcClientProtocolClient.java:onNext(255)) - client-A9DCF8B8BD5B->15654dff-55cd-4f70-96d8-4abf0c061563: receive RaftClientReply:client-A9DCF8B8BD5B->15654dff-55cd-4f70-96d8-4abf0c061563@group-A1CD1332DC7D, cid=4354, FAILED org.apache.ratis.protocol.NotLeaderException: Server 15654dff-55cd-4f70-96d8-4abf0c061563 is not the leader (529edf8e-8eae-4246-b33f-5e44130d441c:192.168.69.75:46338). Request must be sent to leader., logIndex=0, commits[15654dff-55cd-4f70-96d8-4abf0c061563:c6611, 529edf8e-8eae-4246-b33f-5e44130d441c:c6611, 79bffca9-b028-4c53-a657-872ed973be73:c6609]
2019-07-09 15:05:20,872 WARN  server.GrpcLogAppender (GrpcLogAppender.java:timeoutAppendRequest(200)) - GrpcLogAppender(529edf8e-8eae-4246-b33f-5e44130d441c->15654dff-55cd-4f70-96d8-4abf0c061563): appendEntries Timeout, request=529edf8e-8eae-4246-b33f-5e44130d441c->15654dff-55cd-4f70-96d8-4abf0c061563#6691-t1, previous=(t:1, i:6617), leaderCommit=6611, initializing? false, entries: <empty>
2019-07-09 15:05:20,872 WARN  server.GrpcLogAppender (GrpcLogAppender.java:timeoutAppendRequest(200)) - GrpcLogAppender(529edf8e-8eae-4246-b33f-5e44130d441c->79bffca9-b028-4c53-a657-872ed973be73): appendEntries Timeout, request=529edf8e-8eae-4246-b33f-5e44130d441c->79bffca9-b028-4c53-a657-872ed973be73#6691-t1, previous=(t:1, i:6617), leaderCommit=6611, initializing? false, entries: <empty>
 0.00% |█                                                                                                    |  0/1 Time: 0:01:032019-07-09 15:05:21,341 WARN  server.GrpcLogAppender (GrpcLogAppender.java:onNextImpl(250)) - org.apache.ratis.grpc.server.GrpcLogAppender$AppendLogResponseHandler@54514e70: Request not found, ignoring reply: 529edf8e-8eae-4246-b33f-5e44130d441c<-15654dff-55cd-4f70-96d8-4abf0c061563#6686:OK,SUCCESS,nextIndex:6615,term:1,followerCommit:6611
2019-07-09 15:05:21,341 WARN  server.GrpcLogAppender (GrpcLogAppender.java:onNextImpl(250)) - org.apache.ratis.grpc.server.GrpcLogAppender$AppendLogResponseHandler@1fd29aec: Request not found, ignoring reply: 529edf8e-8eae-4246-b33f-5e44130d441c<-79bffca9-b028-4c53-a657-872ed973be73#6686:OK,SUCCESS,nextIndex:6615,term:1,followerCommit:6611
2019-07-09 15:05:21,344 WARN  server.GrpcLogAppender (GrpcLogAppender.java:onNextImpl(250)) - org.apache.ratis.grpc.server.GrpcLogAppender$AppendLogResponseHandler@1fd29aec: Request not found, ignoring reply: 529edf8e-8eae-4246-b33f-5e44130d441c<-79bffca9-b028-4c53-a657-872ed973be73#6687:OK,SUCCESS,nextIndex:6616,term:1,followerCommit:6611
2019-07-09 15:05:21,352 INFO  client.GrpcClientProtocolClient (GrpcClientProtocolClient.java:onNext(255)) - client-A9DCF8B8BD5B->529edf8e-8eae-4246-b33f-5e44130d441c: receive RaftClientReply:client-A9DCF8B8BD5B->529edf8e-8eae-4246-b33f-5e44130d441c@group-A1CD1332DC7D, cid=4354, SUCCESS, logIndex=6611, commits[529edf8e-8eae-4246-b33f-5e44130d441c:c6611, 79bffca9-b028-4c53-a657-872ed973be73:c6609, 15654dff-55cd-4f70-96d8-4abf0c061563:c6609]
2019-07-09 15:05:21,364 INFO  client.GrpcClientProtocolClient (GrpcClientProtocolClient.java:onNext(255)) - client-A9DCF8B8BD5B->529edf8e-8eae-4246-b33f-5e44130d441c: receive RaftClientReply:client-A9DCF8B8BD5B->529edf8e-8eae-4246-b33f-5e44130d441c@group-A1CD1332DC7D, cid=4355, SUCCESS, logIndex=6612, commits[529edf8e-8eae-4246-b33f-5e44130d441c:c6613, 79bffca9-b028-4c53-a657-872ed973be73:c6609, 15654dff-55cd-4f70-96d8-4abf0c061563:c6609]
2019-07-09 15:05:21,364 INFO  client.GrpcClientProtocolClient (GrpcClientProtocolClient.java:onNext(255)) - client-A9DCF8B8BD5B->529edf8e-8eae-4246-b33f-5e44130d441c: receive RaftClientReply:client-A9DCF8B8BD5B->529edf8e-8eae-4246-b33f-5e44130d441c@group-A1CD1332DC7D, cid=4356, SUCCESS, logIndex=6613, commits[529edf8e-8eae-4246-b33f-5e44130d441c:c6613, 79bffca9-b028-4c53-a657-872ed973be73:c6609, 15654dff-55cd-4f70-96d8-4abf0c061563:c6609]
2019-07-09 15:05:21,372 WARN  server.GrpcLogAppender (GrpcLogAppender.java:timeoutAppendRequest(200)) - GrpcLogAppender(529edf8e-8eae-4246-b33f-5e44130d441c->79bffca9-b028-4c53-a657-872ed973be73): appendEntries Timeout, request=529edf8e-8eae-4246-b33f-5e44130d441c->79bffca9-b028-4c53-a657-872ed973be73#6692-t1, previous=(t:1, i:6617), leaderCommit=6611, initializing? false, entries: <empty>
2019-07-09 15:05:21,372 WARN  server.GrpcLogAppender (GrpcLogAppender.java:timeoutAppendRequest(200)) - GrpcLogAppender(529edf8e-8eae-4246-b33f-5e44130d441c->15654dff-55cd-4f70-96d8-4abf0c061563): appendEntries Timeout, request=529edf8e-8eae-4246-b33f-5e44130d441c->15654dff-55cd-4f70-96d8-4abf0c061563#6692-t1, previous=(t:1, i:6617), leaderCommit=6611, initializing? false, entries: <empty>
2019-07-09 15:05:21,872 WARN  server.GrpcLogAppender (GrpcLogAppender.java:timeoutAppendRequest(200)) - GrpcLogAppender(529edf8e-8eae-4246-b33f-5e44130d441c->15654dff-55cd-4f70-96d8-4abf0c061563): appendEntries Timeout, request=529edf8e-8eae-4246-b33f-5e44130d441c->15654dff-55cd-4f70-96d8-4abf0c061563#6693-t1, previous=(t:1, i:6617), leaderCommit=6611, initializing? false, entries: <empty>
2019-07-09 15:05:21,872 WARN  server.GrpcLogAppender (GrpcLogAppender.java:timeoutAppendRequest(200)) - GrpcLogAppender(529edf8e-8eae-4246-b33f-5e44130d441c->79bffca9-b028-4c53-a657-872ed973be73): appendEntries Timeout, request=529edf8e-8eae-4246-b33f-5e44130d441c->79bffca9-b028-4c53-a657-872ed973be73#6693-t1, previous=(t:1, i:6617), leaderCommit=6611, initializing? false, entries: <empty>
 0.00% |█                                                                                                    |  0/1 Time: 0:01:042019-07-09 15:05:22,373 WARN  server.GrpcLogAppender (GrpcLogAppender.java:timeoutAppendRequest(200)) - GrpcLogAppender(529edf8e-8eae-4246-b33f-5e44130d441c->15654dff-55cd-4f70-96d8-4abf0c061563): appendEntries Timeout, request=529edf8e-8eae-4246-b33f-5e44130d441c->15654dff-55cd-4f70-96d8-4abf0c061563#6694-t1, previous=(t:1, i:6617), leaderCommit=6611, initializing? false, entries: <empty>
2019-07-09 15:05:22,373 WARN  server.GrpcLogAppender (GrpcLogAppender.java:timeoutAppendRequest(200)) - GrpcLogAppender(529edf8e-8eae-4246-b33f-5e44130d441c->79bffca9-b028-4c53-a657-872ed973be73): appendEntries Timeout, request=529edf8e-8eae-4246-b33f-5e44130d441c->79bffca9-b028-4c53-a657-872ed973be73#6694-t1, previous=(t:1, i:6617), leaderCommit=6611, initializing? false, entries: <empty>
2019-07-09 15:05:22,873 WARN  server.GrpcLogAppender (GrpcLogAppender.java:timeoutAppendRequest(200)) - GrpcLogAppender(529edf8e-8eae-4246-b33f-5e44130d441c->15654dff-55cd-4f70-96d8-4abf0c061563): appendEntries Timeout, request=529edf8e-8eae-4246-b33f-5e44130d441c->15654dff-55cd-4f70-96d8-4abf0c061563#6695-t1, previous=(t:1, i:6617), leaderCommit=6611, initializing? false, entries: <empty>
2019-07-09 15:05:22,873 WARN  server.GrpcLogAppender (GrpcLogAppender.java:timeoutAppendRequest(200)) - GrpcLogAppender(529edf8e-8eae-4246-b33f-5e44130d441c->79bffca9-b028-4c53-a657-872ed973be73): appendEntries Timeout, request=529edf8e-8eae-4246-b33f-5e44130d441c->79bffca9-b028-4c53-a657-872ed973be73#6695-t1, previous=(t:1, i:6617), leaderCommit=6611, initializing? false, entries: <empty>
 0.00% |█                                                                                                    |  0/1 Time: 0:01:052019-07-09 15:05:23,373 WARN  server.GrpcLogAppender (GrpcLogAppender.java:timeoutAppendRequest(200)) - GrpcLogAppender(529edf8e-8eae-4246-b33f-5e44130d441c->15654dff-55cd-4f70-96d8-4abf0c061563): appendEntries Timeout, request=529edf8e-8eae-4246-b33f-5e44130d441c->15654dff-55cd-4f70-96d8-4abf0c061563#6696-t1, previous=(t:1, i:6617), leaderCommit=6611, initializing? false, entries: <empty>
2019-07-09 15:05:23,373 WARN  server.GrpcLogAppender (GrpcLogAppender.java:timeoutAppendRequest(200)) - GrpcLogAppender(529edf8e-8eae-4246-b33f-5e44130d441c->79bffca9-b028-4c53-a657-872ed973be73): appendEntries Timeout, request=529edf8e-8eae-4246-b33f-5e44130d441c->79bffca9-b028-4c53-a657-872ed973be73#6696-t1, previous=(t:1, i:6617), leaderCommit=6611, initializing? false, entries: <empty>
2019-07-09 15:05:23,876 WARN  server.GrpcLogAppender (GrpcLogAppender.java:timeoutAppendRequest(200)) - GrpcLogAppender(529edf8e-8eae-4246-b33f-5e44130d441c->79bffca9-b028-4c53-a657-872ed973be73): appendEntries Timeout, request=529edf8e-8eae-4246-b33f-5e44130d441c->79bffca9-b028-4c53-a657-872ed973be73#6697-t1, previous=(t:1, i:6617), leaderCommit=6611, initializing? false, entries: <empty>
2019-07-09 15:05:23,876 WARN  server.GrpcLogAppender (GrpcLogAppender.java:timeoutAppendRequest(200)) - GrpcLogAppender(529edf8e-8eae-4246-b33f-5e44130d441c->15654dff-55cd-4f70-96d8-4abf0c061563): appendEntries Timeout, request=529edf8e-8eae-4246-b33f-5e44130d441c->15654dff-55cd-4f70-96d8-4abf0c061563#6697-t1, previous=(t:1, i:6617), leaderCommit=6611, initializing? false, entries: <empty>
 0.00% |█                                                                                                    |  0/1 Time: 0:01:062019-07-09 15:05:24,841 WARN  server.GrpcLogAppender (GrpcLogAppender.java:timeoutAppendRequest(200)) - GrpcLogAppender(529edf8e-8eae-4246-b33f-5e44130d441c->15654dff-55cd-4f70-96d8-4abf0c061563): appendEntries Timeout, request=529edf8e-8eae-4246-b33f-5e44130d441c->15654dff-55cd-4f70-96d8-4abf0c061563#6698-t1, previous=(t:1, i:6617), leaderCommit=6613, initializing? false, entries: <empty>
2019-07-09 15:05:24,845 WARN  server.GrpcLogAppender (GrpcLogAppender.java:timeoutAppendRequest(200)) - GrpcLogAppender(529edf8e-8eae-4246-b33f-5e44130d441c->79bffca9-b028-4c53-a657-872ed973be73): appendEntries Timeout, request=529edf8e-8eae-4246-b33f-5e44130d441c->79bffca9-b028-4c53-a657-872ed973be73#6698-t1, previous=(t:1, i:6617), leaderCommit=6613, initializing? false, entries: <empty>
 0.00% |█                                                                                                    |  0/1 Time: 0:01:072019-07-09 15:05:25,342 WARN  server.GrpcLogAppender (GrpcLogAppender.java:timeoutAppendRequest(200)) - GrpcLogAppender(529edf8e-8eae-4246-b33f-5e44130d441c->15654dff-55cd-4f70-96d8-4abf0c061563): appendEntries Timeout, request=529edf8e-8eae-4246-b33f-5e44130d441c->15654dff-55cd-4f70-96d8-4abf0c061563#6699-t1, previous=(t:1, i:6617), leaderCommit=6613, initializing? false, entries: <empty>
2019-07-09 15:05:25,345 WARN  server.GrpcLogAppender (GrpcLogAppender.java:timeoutAppendRequest(200)) - GrpcLogAppender(529edf8e-8eae-4246-b33f-5e44130d441c->79bffca9-b028-4c53-a657-872ed973be73): appendEntries Timeout, request=529edf8e-8eae-4246-b33f-5e44130d441c->79bffca9-b028-4c53-a657-872ed973be73#6699-t1, previous=(t:1, i:6617), leaderCommit=6613, initializing? false, entries: <empty>
2019-07-09 15:05:25,842 WARN  server.GrpcLogAppender (GrpcLogAppender.java:timeoutAppendRequest(200)) - GrpcLogAppender(529edf8e-8eae-4246-b33f-5e44130d441c->15654dff-55cd-4f70-96d8-4abf0c061563): appendEntries Timeout, request=529edf8e-8eae-4246-b33f-5e44130d441c->15654dff-55cd-4f70-96d8-4abf0c061563#6700-t1, previous=(t:1, i:6617), leaderCommit=6613, initializing? false, entries: <empty>
2019-07-09 15:05:25,846 WARN  server.GrpcLogAppender (GrpcLogAppender.java:timeoutAppendRequest(200)) - GrpcLogAppender(529edf8e-8eae-4246-b33f-5e44130d441c->79bffca9-b028-4c53-a657-872ed973be73): appendEntries Timeout, request=529edf8e-8eae-4246-b33f-5e44130d441c->79bffca9-b028-4c53-a657-872ed973be73#6700-t1, previous=(t:1, i:6617), leaderCommit=6613, initializing? false, entries: <empty>
 0.00% |█                                                                                                    |  0/1 Time: 0:01:082019-07-09 15:05:26,342 WARN  server.GrpcLogAppender (GrpcLogAppender.java:timeoutAppendRequest(200)) - GrpcLogAppender(529edf8e-8eae-4246-b33f-5e44130d441c->15654dff-55cd-4f70-96d8-4abf0c061563): appendEntries Timeout, request=529edf8e-8eae-4246-b33f-5e44130d441c->15654dff-55cd-4f70-96d8-4abf0c061563#6701-t1, previous=(t:1, i:6617), leaderCommit=6613, initializing? false, entries: <empty>
2019-07-09 15:05:26,346 WARN  server.GrpcLogAppender (GrpcLogAppender.java:timeoutAppendRequest(200)) - GrpcLogAppender(529edf8e-8eae-4246-b33f-5e44130d441c->79bffca9-b028-4c53-a657-872ed973be73): appendEntries Timeout, request=529edf8e-8eae-4246-b33f-5e44130d441c->79bffca9-b028-4c53-a657-872ed973be73#6701-t1, previous=(t:1, i:6617), leaderCommit=6613, initializing? false, entries: <empty>
2019-07-09 15:05:26,366 WARN  scm.XceiverClientRatis (XceiverClientRatis.java:watchForCommit(262)) - 3 way commit failed 
java.util.concurrent.TimeoutException
	at java.util.concurrent.CompletableFuture.timedGet(CompletableFuture.java:1771)
	at java.util.concurrent.CompletableFuture.get(CompletableFuture.java:1915)
	at org.apache.hadoop.hdds.scm.XceiverClientRatis.watchForCommit(XceiverClientRatis.java:259)
	at org.apache.hadoop.hdds.scm.storage.CommitWatcher.watchForCommit(CommitWatcher.java:194)
	at org.apache.hadoop.hdds.scm.storage.CommitWatcher.watchOnFirstIndex(CommitWatcher.java:135)
	at org.apache.hadoop.hdds.scm.storage.BlockOutputStream.watchForCommit(BlockOutputStream.java:355)
	at org.apache.hadoop.hdds.scm.storage.BlockOutputStream.handleFullBuffer(BlockOutputStream.java:332)
	at org.apache.hadoop.hdds.scm.storage.BlockOutputStream.write(BlockOutputStream.java:259)
	at org.apache.hadoop.ozone.client.io.BlockOutputStreamEntry.write(BlockOutputStreamEntry.java:129)
	at org.apache.hadoop.ozone.client.io.KeyOutputStream.handleWrite(KeyOutputStream.java:211)
	at org.apache.hadoop.ozone.client.io.KeyOutputStream.write(KeyOutputStream.java:193)
	at org.apache.hadoop.ozone.client.io.OzoneOutputStream.write(OzoneOutputStream.java:49)
	at org.apache.hadoop.ozone.freon.RandomKeyGenerator$KeyProcessor.run(RandomKeyGenerator.java:693)
	at java.util.concurrent.Executors$RunnableAdapter.call(Executors.java:511)
	at java.util.concurrent.FutureTask.run(FutureTask.java:266)
	at java.util.concurrent.ThreadPoolExecutor.runWorker(ThreadPoolExecutor.java:1149)
	at java.util.concurrent.ThreadPoolExecutor$Worker.run(ThreadPoolExecutor.java:624)
	at java.lang.Thread.run(Thread.java:748)
2019-07-09 15:05:26,842 WARN  server.GrpcLogAppender (GrpcLogAppender.java:timeoutAppendRequest(200)) - GrpcLogAppender(529edf8e-8eae-4246-b33f-5e44130d441c->15654dff-55cd-4f70-96d8-4abf0c061563): appendEntries Timeout, request=529edf8e-8eae-4246-b33f-5e44130d441c->15654dff-55cd-4f70-96d8-4abf0c061563#6702-t1, previous=(t:1, i:6617), leaderCommit=6613, initializing? false, entries: <empty>
2019-07-09 15:05:26,846 WARN  server.GrpcLogAppender (GrpcLogAppender.java:timeoutAppendRequest(200)) - GrpcLogAppender(529edf8e-8eae-4246-b33f-5e44130d441c->79bffca9-b028-4c53-a657-872ed973be73): appendEntries Timeout, request=529edf8e-8eae-4246-b33f-5e44130d441c->79bffca9-b028-4c53-a657-872ed973be73#6702-t1, previous=(t:1, i:6617), leaderCommit=6613, initializing? false, entries: <empty>
 0.00% |█                                                                                                    |  0/1 Time: 0:01:092019-07-09 15:05:27,271 WARN  server.GrpcLogAppender (GrpcLogAppender.java:onNextImpl(250)) - org.apache.ratis.grpc.server.GrpcLogAppender$AppendLogResponseHandler@54514e70: Request not found, ignoring reply: 529edf8e-8eae-4246-b33f-5e44130d441c<-15654dff-55cd-4f70-96d8-4abf0c061563#6687:OK,SUCCESS,nextIndex:6616,term:1,followerCommit:6613
2019-07-09 15:05:27,271 WARN  server.GrpcLogAppender (GrpcLogAppender.java:onNextImpl(250)) - org.apache.ratis.grpc.server.GrpcLogAppender$AppendLogResponseHandler@54514e70: Request not found, ignoring reply: 529edf8e-8eae-4246-b33f-5e44130d441c<-15654dff-55cd-4f70-96d8-4abf0c061563#6688:OK,SUCCESS,nextIndex:6617,term:1,followerCommit:6613
2019-07-09 15:05:27,271 WARN  server.GrpcLogAppender (GrpcLogAppender.java:onNextImpl(250)) - org.apache.ratis.grpc.server.GrpcLogAppender$AppendLogResponseHandler@54514e70: Request not found, ignoring reply: 529edf8e-8eae-4246-b33f-5e44130d441c<-15654dff-55cd-4f70-96d8-4abf0c061563#6689:OK,SUCCESS,nextIndex:6618,term:1,followerCommit:6613
2019-07-09 15:05:27,271 WARN  server.GrpcLogAppender (GrpcLogAppender.java:onNextImpl(250)) - org.apache.ratis.grpc.server.GrpcLogAppender$AppendLogResponseHandler@54514e70: Request not found, ignoring reply: 529edf8e-8eae-4246-b33f-5e44130d441c<-15654dff-55cd-4f70-96d8-4abf0c061563#6690:OK,SUCCESS,nextIndex:6618,term:1,followerCommit:6611
2019-07-09 15:05:27,272 WARN  server.GrpcLogAppender (GrpcLogAppender.java:onNextImpl(250)) - org.apache.ratis.grpc.server.GrpcLogAppender$AppendLogResponseHandler@54514e70: Request not found, ignoring reply: 529edf8e-8eae-4246-b33f-5e44130d441c<-15654dff-55cd-4f70-96d8-4abf0c061563#6691:OK,SUCCESS,nextIndex:6618,term:1,followerCommit:6611
2019-07-09 15:05:27,272 WARN  server.GrpcLogAppender (GrpcLogAppender.java:onNextImpl(250)) - org.apache.ratis.grpc.server.GrpcLogAppender$AppendLogResponseHandler@54514e70: Request not found, ignoring reply: 529edf8e-8eae-4246-b33f-5e44130d441c<-15654dff-55cd-4f70-96d8-4abf0c061563#6692:OK,SUCCESS,nextIndex:6618,term:1,followerCommit:6611
2019-07-09 15:05:27,272 WARN  server.GrpcLogAppender (GrpcLogAppender.java:onNextImpl(250)) - org.apache.ratis.grpc.server.GrpcLogAppender$AppendLogResponseHandler@54514e70: Request not found, ignoring reply: 529edf8e-8eae-4246-b33f-5e44130d441c<-15654dff-55cd-4f70-96d8-4abf0c061563#6693:OK,SUCCESS,nextIndex:6618,term:1,followerCommit:6611
2019-07-09 15:05:27,272 WARN  server.GrpcLogAppender (GrpcLogAppender.java:onNextImpl(250)) - org.apache.ratis.grpc.server.GrpcLogAppender$AppendLogResponseHandler@54514e70: Request not found, ignoring reply: 529edf8e-8eae-4246-b33f-5e44130d441c<-15654dff-55cd-4f70-96d8-4abf0c061563#6694:OK,SUCCESS,nextIndex:6618,term:1,followerCommit:6611
2019-07-09 15:05:27,273 WARN  server.GrpcLogAppender (GrpcLogAppender.java:onNextImpl(250)) - org.apache.ratis.grpc.server.GrpcLogAppender$AppendLogResponseHandler@54514e70: Request not found, ignoring reply: 529edf8e-8eae-4246-b33f-5e44130d441c<-15654dff-55cd-4f70-96d8-4abf0c061563#6695:OK,SUCCESS,nextIndex:6618,term:1,followerCommit:6611
2019-07-09 15:05:27,273 WARN  server.GrpcLogAppender (GrpcLogAppender.java:onNextImpl(250)) - org.apache.ratis.grpc.server.GrpcLogAppender$AppendLogResponseHandler@54514e70: Request not found, ignoring reply: 529edf8e-8eae-4246-b33f-5e44130d441c<-15654dff-55cd-4f70-96d8-4abf0c061563#6696:OK,SUCCESS,nextIndex:6618,term:1,followerCommit:6611
2019-07-09 15:05:27,273 WARN  server.GrpcLogAppender (GrpcLogAppender.java:onNextImpl(250)) - org.apache.ratis.grpc.server.GrpcLogAppender$AppendLogResponseHandler@54514e70: Request not found, ignoring reply: 529edf8e-8eae-4246-b33f-5e44130d441c<-15654dff-55cd-4f70-96d8-4abf0c061563#6697:OK,SUCCESS,nextIndex:6618,term:1,followerCommit:6611
2019-07-09 15:05:27,273 WARN  server.GrpcLogAppender (GrpcLogAppender.java:onNextImpl(250)) - org.apache.ratis.grpc.server.GrpcLogAppender$AppendLogResponseHandler@54514e70: Request not found, ignoring reply: 529edf8e-8eae-4246-b33f-5e44130d441c<-15654dff-55cd-4f70-96d8-4abf0c061563#6698:OK,SUCCESS,nextIndex:6618,term:1,followerCommit:6613
2019-07-09 15:05:27,273 WARN  server.GrpcLogAppender (GrpcLogAppender.java:onNextImpl(250)) - org.apache.ratis.grpc.server.GrpcLogAppender$AppendLogResponseHandler@54514e70: Request not found, ignoring reply: 529edf8e-8eae-4246-b33f-5e44130d441c<-15654dff-55cd-4f70-96d8-4abf0c061563#6699:OK,SUCCESS,nextIndex:6618,term:1,followerCommit:6613
2019-07-09 15:05:27,274 WARN  server.GrpcLogAppender (GrpcLogAppender.java:onNextImpl(250)) - org.apache.ratis.grpc.server.GrpcLogAppender$AppendLogResponseHandler@54514e70: Request not found, ignoring reply: 529edf8e-8eae-4246-b33f-5e44130d441c<-15654dff-55cd-4f70-96d8-4abf0c061563#6700:OK,SUCCESS,nextIndex:6618,term:1,followerCommit:6613
2019-07-09 15:05:27,274 WARN  server.GrpcLogAppender (GrpcLogAppender.java:onNextImpl(250)) - org.apache.ratis.grpc.server.GrpcLogAppender$AppendLogResponseHandler@54514e70: Request not found, ignoring reply: 529edf8e-8eae-4246-b33f-5e44130d441c<-15654dff-55cd-4f70-96d8-4abf0c061563#6701:OK,SUCCESS,nextIndex:6618,term:1,followerCommit:6613
2019-07-09 15:05:27,274 WARN  server.GrpcLogAppender (GrpcLogAppender.java:onNextImpl(250)) - org.apache.ratis.grpc.server.GrpcLogAppender$AppendLogResponseHandler@54514e70: Request not found, ignoring reply: 529edf8e-8eae-4246-b33f-5e44130d441c<-15654dff-55cd-4f70-96d8-4abf0c061563#6702:OK,SUCCESS,nextIndex:6618,term:1,followerCommit:6613
2019-07-09 15:05:27,274 WARN  server.GrpcLogAppender (GrpcLogAppender.java:onNextImpl(250)) - org.apache.ratis.grpc.server.GrpcLogAppender$AppendLogResponseHandler@1fd29aec: Request not found, ignoring reply: 529edf8e-8eae-4246-b33f-5e44130d441c<-79bffca9-b028-4c53-a657-872ed973be73#6688:OK,SUCCESS,nextIndex:6617,term:1,followerCommit:6613
2019-07-09 15:05:27,274 WARN  server.GrpcLogAppender (GrpcLogAppender.java:onNextImpl(250)) - org.apache.ratis.grpc.server.GrpcLogAppender$AppendLogResponseHandler@1fd29aec: Request not found, ignoring reply: 529edf8e-8eae-4246-b33f-5e44130d441c<-79bffca9-b028-4c53-a657-872ed973be73#6689:OK,SUCCESS,nextIndex:6618,term:1,followerCommit:6613
2019-07-09 15:05:27,278 WARN  server.GrpcLogAppender (GrpcLogAppender.java:onNextImpl(250)) - org.apache.ratis.grpc.server.GrpcLogAppender$AppendLogResponseHandler@1fd29aec: Request not found, ignoring reply: 529edf8e-8eae-4246-b33f-5e44130d441c<-79bffca9-b028-4c53-a657-872ed973be73#6690:OK,SUCCESS,nextIndex:6618,term:1,followerCommit:6611
2019-07-09 15:05:27,278 WARN  server.GrpcLogAppender (GrpcLogAppender.java:onNextImpl(250)) - org.apache.ratis.grpc.server.GrpcLogAppender$AppendLogResponseHandler@1fd29aec: Request not found, ignoring reply: 529edf8e-8eae-4246-b33f-5e44130d441c<-79bffca9-b028-4c53-a657-872ed973be73#6691:OK,SUCCESS,nextIndex:6618,term:1,followerCommit:6611
2019-07-09 15:05:27,279 WARN  server.GrpcLogAppender (GrpcLogAppender.java:onNextImpl(250)) - org.apache.ratis.grpc.server.GrpcLogAppender$AppendLogResponseHandler@1fd29aec: Request not found, ignoring reply: 529edf8e-8eae-4246-b33f-5e44130d441c<-79bffca9-b028-4c53-a657-872ed973be73#6692:OK,SUCCESS,nextIndex:6618,term:1,followerCommit:6611
2019-07-09 15:05:27,279 INFO  client.GrpcClientProtocolClient (GrpcClientProtocolClient.java:onNext(255)) - client-A9DCF8B8BD5B->529edf8e-8eae-4246-b33f-5e44130d441c: receive RaftClientReply:client-A9DCF8B8BD5B->529edf8e-8eae-4246-b33f-5e44130d441c@group-A1CD1332DC7D, cid=4358, SUCCESS, logIndex=0, commits[529edf8e-8eae-4246-b33f-5e44130d441c:c6613, 79bffca9-b028-4c53-a657-872ed973be73:c6609, 15654dff-55cd-4f70-96d8-4abf0c061563:c6613]
2019-07-09 15:05:27,279 WARN  server.GrpcLogAppender (GrpcLogAppender.java:onNextImpl(250)) - org.apache.ratis.grpc.server.GrpcLogAppender$AppendLogResponseHandler@1fd29aec: Request not found, ignoring reply: 529edf8e-8eae-4246-b33f-5e44130d441c<-79bffca9-b028-4c53-a657-872ed973be73#6693:OK,SUCCESS,nextIndex:6618,term:1,followerCommit:6611
2019-07-09 15:05:27,280 WARN  server.GrpcLogAppender (GrpcLogAppender.java:onNextImpl(250)) - org.apache.ratis.grpc.server.GrpcLogAppender$AppendLogResponseHandler@1fd29aec: Request not found, ignoring reply: 529edf8e-8eae-4246-b33f-5e44130d441c<-79bffca9-b028-4c53-a657-872ed973be73#6694:OK,SUCCESS,nextIndex:6618,term:1,followerCommit:6611
2019-07-09 15:05:27,280 WARN  server.GrpcLogAppender (GrpcLogAppender.java:onNextImpl(250)) - org.apache.ratis.grpc.server.GrpcLogAppender$AppendLogResponseHandler@1fd29aec: Request not found, ignoring reply: 529edf8e-8eae-4246-b33f-5e44130d441c<-79bffca9-b028-4c53-a657-872ed973be73#6695:OK,SUCCESS,nextIndex:6618,term:1,followerCommit:6611
2019-07-09 15:05:27,280 WARN  server.GrpcLogAppender (GrpcLogAppender.java:onNextImpl(250)) - org.apache.ratis.grpc.server.GrpcLogAppender$AppendLogResponseHandler@1fd29aec: Request not found, ignoring reply: 529edf8e-8eae-4246-b33f-5e44130d441c<-79bffca9-b028-4c53-a657-872ed973be73#6696:OK,SUCCESS,nextIndex:6618,term:1,followerCommit:6611
2019-07-09 15:05:27,280 WARN  server.GrpcLogAppender (GrpcLogAppender.java:onNextImpl(250)) - org.apache.ratis.grpc.server.GrpcLogAppender$AppendLogResponseHandler@1fd29aec: Request not found, ignoring reply: 529edf8e-8eae-4246-b33f-5e44130d441c<-79bffca9-b028-4c53-a657-872ed973be73#6697:OK,SUCCESS,nextIndex:6618,term:1,followerCommit:6611
2019-07-09 15:05:27,281 WARN  server.GrpcLogAppender (GrpcLogAppender.java:onNextImpl(250)) - org.apache.ratis.grpc.server.GrpcLogAppender$AppendLogResponseHandler@1fd29aec: Request not found, ignoring reply: 529edf8e-8eae-4246-b33f-5e44130d441c<-79bffca9-b028-4c53-a657-872ed973be73#6698:OK,SUCCESS,nextIndex:6618,term:1,followerCommit:6613
2019-07-09 15:05:27,281 WARN  server.GrpcLogAppender (GrpcLogAppender.java:onNextImpl(250)) - org.apache.ratis.grpc.server.GrpcLogAppender$AppendLogResponseHandler@1fd29aec: Request not found, ignoring reply: 529edf8e-8eae-4246-b33f-5e44130d441c<-79bffca9-b028-4c53-a657-872ed973be73#6699:OK,SUCCESS,nextIndex:6618,term:1,followerCommit:6613
2019-07-09 15:05:27,281 WARN  server.GrpcLogAppender (GrpcLogAppender.java:onNextImpl(250)) - org.apache.ratis.grpc.server.GrpcLogAppender$AppendLogResponseHandler@1fd29aec: Request not found, ignoring reply: 529edf8e-8eae-4246-b33f-5e44130d441c<-79bffca9-b028-4c53-a657-872ed973be73#6700:OK,SUCCESS,nextIndex:6618,term:1,followerCommit:6613
2019-07-09 15:05:27,281 WARN  server.GrpcLogAppender (GrpcLogAppender.java:onNextImpl(250)) - org.apache.ratis.grpc.server.GrpcLogAppender$AppendLogResponseHandler@1fd29aec: Request not found, ignoring reply: 529edf8e-8eae-4246-b33f-5e44130d441c<-79bffca9-b028-4c53-a657-872ed973be73#6701:OK,SUCCESS,nextIndex:6618,term:1,followerCommit:6613
2019-07-09 15:05:27,281 WARN  server.GrpcLogAppender (GrpcLogAppender.java:onNextImpl(250)) - org.apache.ratis.grpc.server.GrpcLogAppender$AppendLogResponseHandler@1fd29aec: Request not found, ignoring reply: 529edf8e-8eae-4246-b33f-5e44130d441c<-79bffca9-b028-4c53-a657-872ed973be73#6702:OK,SUCCESS,nextIndex:6618,term:1,followerCommit:6613
2019-07-09 15:05:27,282 INFO  client.GrpcClientProtocolClient (GrpcClientProtocolClient.java:onNext(255)) - client-A9DCF8B8BD5B->529edf8e-8eae-4246-b33f-5e44130d441c: receive RaftClientReply:client-A9DCF8B8BD5B->529edf8e-8eae-4246-b33f-5e44130d441c@group-A1CD1332DC7D, cid=4357, SUCCESS, logIndex=0, commits[529edf8e-8eae-4246-b33f-5e44130d441c:c6617, 79bffca9-b028-4c53-a657-872ed973be73:c6613, 15654dff-55cd-4f70-96d8-4abf0c061563:c6613]
2019-07-09 15:05:27,283 INFO  client.GrpcClientProtocolClient (GrpcClientProtocolClient.java:onNext(255)) - client-A9DCF8B8BD5B->529edf8e-8eae-4246-b33f-5e44130d441c: receive RaftClientReply:client-A9DCF8B8BD5B->529edf8e-8eae-4246-b33f-5e44130d441c@group-A1CD1332DC7D, cid=4357, SUCCESS, logIndex=0, commits[529edf8e-8eae-4246-b33f-5e44130d441c:c6617, 79bffca9-b028-4c53-a657-872ed973be73:c6613, 15654dff-55cd-4f70-96d8-4abf0c061563:c6613]
2019-07-09 15:05:27,284 INFO  scm.XceiverClientRatis (XceiverClientRatis.java:lambda$watchForCommit$7(280)) - Could not commit 6611 to all the nodes. Server 79bffca9-b028-4c53-a657-872ed973be73 has failed. Committed by majority.
2019-07-09 15:05:27,286 INFO  client.GrpcClientProtocolClient (GrpcClientProtocolClient.java:onNext(255)) - client-A9DCF8B8BD5B->529edf8e-8eae-4246-b33f-5e44130d441c: receive RaftClientReply:client-A9DCF8B8BD5B->529edf8e-8eae-4246-b33f-5e44130d441c@group-A1CD1332DC7D, cid=4359, SUCCESS, logIndex=0, commits[529edf8e-8eae-4246-b33f-5e44130d441c:c6617, 79bffca9-b028-4c53-a657-872ed973be73:c6613, 15654dff-55cd-4f70-96d8-4abf0c061563:c6613]
2019-07-09 15:05:27,321 WARN  block.BlockManagerImpl (BlockManagerImpl.java:allocateBlock(192)) - Pipeline creation failed for type:RATIS factor:THREE. Retrying get pipelines call once.
org.apache.hadoop.hdds.scm.pipeline.InsufficientDatanodesException: Cannot create pipeline of factor 3 using 2 nodes.
	at org.apache.hadoop.hdds.scm.pipeline.RatisPipelineProvider.create(RatisPipelineProvider.java:151)
	at org.apache.hadoop.hdds.scm.pipeline.PipelineFactory.create(PipelineFactory.java:57)
	at org.apache.hadoop.hdds.scm.pipeline.SCMPipelineManager.createPipeline(SCMPipelineManager.java:149)
	at org.apache.hadoop.hdds.scm.block.BlockManagerImpl.allocateBlock(BlockManagerImpl.java:190)
	at org.apache.hadoop.hdds.scm.server.SCMBlockProtocolServer.allocateBlock(SCMBlockProtocolServer.java:172)
	at org.apache.hadoop.ozone.protocolPB.ScmBlockLocationProtocolServerSideTranslatorPB.allocateScmBlock(ScmBlockLocationProtocolServerSideTranslatorPB.java:144)
	at org.apache.hadoop.ozone.protocolPB.ScmBlockLocationProtocolServerSideTranslatorPB.send(ScmBlockLocationProtocolServerSideTranslatorPB.java:107)
	at org.apache.hadoop.hdds.protocol.proto.ScmBlockLocationProtocolProtos$ScmBlockLocationProtocolService$2.callBlockingMethod(ScmBlockLocationProtocolProtos.java:11281)
	at org.apache.hadoop.ipc.ProtobufRpcEngine$Server$ProtoBufRpcInvoker.call(ProtobufRpcEngine.java:524)
	at org.apache.hadoop.ipc.RPC$Server.call(RPC.java:1025)
	at org.apache.hadoop.ipc.Server$RpcCall.run(Server.java:876)
	at org.apache.hadoop.ipc.Server$RpcCall.run(Server.java:822)
	at java.security.AccessController.doPrivileged(Native Method)
	at javax.security.auth.Subject.doAs(Subject.java:422)
	at org.apache.hadoop.security.UserGroupInformation.doAs(UserGroupInformation.java:1730)
	at org.apache.hadoop.ipc.Server$Handler.run(Server.java:2682)
2019-07-09 15:05:27,322 INFO  block.BlockManagerImpl (BlockManagerImpl.java:allocateBlock(198)) - Could not find available pipeline of type:RATIS and factor:THREE even after retrying
2019-07-09 15:05:27,322 ERROR block.BlockManagerImpl (BlockManagerImpl.java:allocateBlock(222)) - Unable to allocate a block for the size: 4194304, type: RATIS, factor: THREE
15:05:27.329 [IPC Server handler 14 on 34322] ERROR OMAudit - user=jenkins1000 | ip=127.0.0.1 | op=ALLOCATE_BLOCK {volume=vol-0-15455, bucket=bucket-0-47596, key=key-0-85829, dataSize=0, replicationType=null, replicationFactor=null, keyLocationInfo=null, clientID=102412101738430866} | ret=FAILURE
org.apache.hadoop.hdds.scm.exceptions.SCMException: Allocated 0 blocks. Requested 1 blocks
	at org.apache.hadoop.hdds.scm.protocolPB.ScmBlockLocationProtocolClientSideTranslatorPB.handleError(ScmBlockLocationProtocolClientSideTranslatorPB.java:113) ~[classes/:?]
	at org.apache.hadoop.hdds.scm.protocolPB.ScmBlockLocationProtocolClientSideTranslatorPB.allocateBlock(ScmBlockLocationProtocolClientSideTranslatorPB.java:151) ~[classes/:?]
	at sun.reflect.GeneratedMethodAccessor45.invoke(Unknown Source) ~[?:?]
	at sun.reflect.DelegatingMethodAccessorImpl.invoke(DelegatingMethodAccessorImpl.java:43) ~[?:1.8.0_212]
	at java.lang.reflect.Method.invoke(Method.java:498) ~[?:1.8.0_212]
	at org.apache.hadoop.hdds.tracing.TraceAllMethod.invoke(TraceAllMethod.java:66) ~[classes/:?]
	at com.sun.proxy.$Proxy27.allocateBlock(Unknown Source) ~[?:?]
	at org.apache.hadoop.ozone.om.KeyManagerImpl.allocateBlock(KeyManagerImpl.java:348) ~[classes/:?]
	at org.apache.hadoop.ozone.om.KeyManagerImpl.allocateBlock(KeyManagerImpl.java:316) ~[classes/:?]
	at org.apache.hadoop.ozone.om.OzoneManager.allocateBlock(OzoneManager.java:2291) [classes/:?]
	at org.apache.hadoop.ozone.protocolPB.OzoneManagerRequestHandler.allocateBlock(OzoneManagerRequestHandler.java:756) [classes/:?]
	at org.apache.hadoop.ozone.protocolPB.OzoneManagerRequestHandler.handle(OzoneManagerRequestHandler.java:249) [classes/:?]
	at org.apache.hadoop.ozone.protocolPB.OzoneManagerProtocolServerSideTranslatorPB.submitRequestDirectlyToOM(OzoneManagerProtocolServerSideTranslatorPB.java:192) [classes/:?]
	at org.apache.hadoop.ozone.protocolPB.OzoneManagerProtocolServerSideTranslatorPB.submitRequest(OzoneManagerProtocolServerSideTranslatorPB.java:110) [classes/:?]
	at org.apache.hadoop.ozone.protocol.proto.OzoneManagerProtocolProtos$OzoneManagerService$2.callBlockingMethod(OzoneManagerProtocolProtos.java) [classes/:?]
	at org.apache.hadoop.ipc.ProtobufRpcEngine$Server$ProtoBufRpcInvoker.call(ProtobufRpcEngine.java:524) [hadoop-common-3.2.0.jar:?]
	at org.apache.hadoop.ipc.RPC$Server.call(RPC.java:1025) [hadoop-common-3.2.0.jar:?]
	at org.apache.hadoop.ipc.Server$RpcCall.run(Server.java:876) [hadoop-common-3.2.0.jar:?]
	at org.apache.hadoop.ipc.Server$RpcCall.run(Server.java:822) [hadoop-common-3.2.0.jar:?]
	at java.security.AccessController.doPrivileged(Native Method) [?:1.8.0_212]
	at javax.security.auth.Subject.doAs(Subject.java:422) [?:1.8.0_212]
	at org.apache.hadoop.security.UserGroupInformation.doAs(UserGroupInformation.java:1730) [hadoop-common-3.2.0.jar:?]
	at org.apache.hadoop.ipc.Server$Handler.run(Server.java:2682) [hadoop-common-3.2.0.jar:?]
2019-07-09 15:05:27,355 ERROR io.BlockOutputStreamEntryPool (BlockOutputStreamEntryPool.java:allocateBlockIfNeeded(299)) - Try to allocate more blocks for write failed, already allocated 0 blocks for this write.
INTERNAL_ERROR org.apache.hadoop.ozone.om.exceptions.OMException: Allocated 0 blocks. Requested 1 blocks
	at org.apache.hadoop.ozone.om.protocolPB.OzoneManagerProtocolClientSideTranslatorPB.handleError(OzoneManagerProtocolClientSideTranslatorPB.java:720)
	at org.apache.hadoop.ozone.om.protocolPB.OzoneManagerProtocolClientSideTranslatorPB.allocateBlock(OzoneManagerProtocolClientSideTranslatorPB.java:752)
	at org.apache.hadoop.ozone.client.io.BlockOutputStreamEntryPool.allocateNewBlock(BlockOutputStreamEntryPool.java:248)
	at org.apache.hadoop.ozone.client.io.BlockOutputStreamEntryPool.allocateBlockIfNeeded(BlockOutputStreamEntryPool.java:296)
	at org.apache.hadoop.ozone.client.io.KeyOutputStream.handleWrite(KeyOutputStream.java:201)
	at org.apache.hadoop.ozone.client.io.KeyOutputStream.write(KeyOutputStream.java:193)
	at org.apache.hadoop.ozone.client.io.OzoneOutputStream.write(OzoneOutputStream.java:49)
	at org.apache.hadoop.ozone.freon.RandomKeyGenerator$KeyProcessor.run(RandomKeyGenerator.java:693)
	at java.util.concurrent.Executors$RunnableAdapter.call(Executors.java:511)
	at java.util.concurrent.FutureTask.run(FutureTask.java:266)
	at java.util.concurrent.ThreadPoolExecutor.runWorker(ThreadPoolExecutor.java:1149)
	at java.util.concurrent.ThreadPoolExecutor$Worker.run(ThreadPoolExecutor.java:624)
	at java.lang.Thread.run(Thread.java:748)
2019-07-09 15:05:27,356 ERROR freon.RandomKeyGenerator (RandomKeyGenerator.java:run(718)) - Exception while adding key: key-0-85829 in bucket: bucket-0-47596 of volume: vol-0-15455.
INTERNAL_ERROR org.apache.hadoop.ozone.om.exceptions.OMException: Allocated 0 blocks. Requested 1 blocks
	at org.apache.hadoop.ozone.om.protocolPB.OzoneManagerProtocolClientSideTranslatorPB.handleError(OzoneManagerProtocolClientSideTranslatorPB.java:720)
	at org.apache.hadoop.ozone.om.protocolPB.OzoneManagerProtocolClientSideTranslatorPB.allocateBlock(OzoneManagerProtocolClientSideTranslatorPB.java:752)
	at org.apache.hadoop.ozone.client.io.BlockOutputStreamEntryPool.allocateNewBlock(BlockOutputStreamEntryPool.java:248)
	at org.apache.hadoop.ozone.client.io.BlockOutputStreamEntryPool.allocateBlockIfNeeded(BlockOutputStreamEntryPool.java:296)
	at org.apache.hadoop.ozone.client.io.KeyOutputStream.handleWrite(KeyOutputStream.java:201)
	at org.apache.hadoop.ozone.client.io.KeyOutputStream.write(KeyOutputStream.java:193)
	at org.apache.hadoop.ozone.client.io.OzoneOutputStream.write(OzoneOutputStream.java:49)
	at org.apache.hadoop.ozone.freon.RandomKeyGenerator$KeyProcessor.run(RandomKeyGenerator.java:693)
	at java.util.concurrent.Executors$RunnableAdapter.call(Executors.java:511)
	at java.util.concurrent.FutureTask.run(FutureTask.java:266)
	at java.util.concurrent.ThreadPoolExecutor.runWorker(ThreadPoolExecutor.java:1149)
	at java.util.concurrent.ThreadPoolExecutor$Worker.run(ThreadPoolExecutor.java:624)
	at java.lang.Thread.run(Thread.java:748)
 100.00% |█████████████████████████████████████████████████████████████████████████████████████████████████████|  1/1 Time: 0:01:10
]]></system-out>
  </testcase>
  <testcase name="multiThread" classname="org.apache.hadoop.ozone.freon.TestRandomKeyGenerator" time="20.03"/>
</testsuite>