<?xml version="1.0" encoding="UTF-8"?>
<testsuite xmlns:xsi="http://www.w3.org/2001/XMLSchema-instance" xsi:noNamespaceSchemaLocation="https://maven.apache.org/surefire/maven-surefire-plugin/xsd/surefire-test-report.xsd" name="org.apache.hadoop.ozone.client.rpc.TestOzoneClientRetriesOnException" time="383.7" tests="2" errors="1" skipped="0" failures="0">
  <properties>
    <property name="awt.toolkit" value="sun.awt.X11.XToolkit"/>
    <property name="file.encoding.pkg" value="sun.io"/>
    <property name="java.specification.version" value="1.8"/>
    <property name="sun.cpu.isalist" value=""/>
    <property name="sun.jnu.encoding" value="UTF-8"/>
    <property name="java.class.path" value="/workdir/hadoop-ozone/integration-test/target/test-classes:/workdir/hadoop-ozone/integration-test/target/classes:/home/user/.m2/repository/org/apache/hadoop/hadoop-ozone-common/0.5.0-SNAPSHOT/hadoop-ozone-common-0.5.0-SNAPSHOT.jar:/home/user/.m2/repository/org/apache/commons/commons-compress/1.4.1/commons-compress-1.4.1.jar:/home/user/.m2/repository/org/tukaani/xz/1.0/xz-1.0.jar:/home/user/.m2/repository/org/apache/hadoop/hadoop-common/3.2.0/hadoop-common-3.2.0.jar:/home/user/.m2/repository/org/apache/hadoop/hadoop-hdfs/3.2.0/hadoop-hdfs-3.2.0.jar:/home/user/.m2/repository/org/apache/hadoop/hadoop-hdfs-client/3.2.0/hadoop-hdfs-client-3.2.0.jar:/home/user/.m2/repository/com/fasterxml/jackson/core/jackson-annotations/2.9.5/jackson-annotations-2.9.5.jar:/home/user/.m2/repository/org/apache/hadoop/hadoop-hdds-common/0.5.0-SNAPSHOT/hadoop-hdds-common-0.5.0-SNAPSHOT.jar:/home/user/.m2/repository/javax/annotation/javax.annotation-api/1.2/javax.annotation-api-1.2.jar:/home/user/.m2/repository/org/apache/ratis/ratis-server/0.4.0-2337318-SNAPSHOT/ratis-server-0.4.0-2337318-SNAPSHOT.jar:/home/user/.m2/repository/org/apache/ratis/ratis-thirdparty-misc/0.2.0/ratis-thirdparty-misc-0.2.0.jar:/home/user/.m2/repository/org/apache/ratis/ratis-proto/0.4.0-2337318-SNAPSHOT/ratis-proto-0.4.0-2337318-SNAPSHOT.jar:/home/user/.m2/repository/org/apache/ratis/ratis-common/0.4.0-2337318-SNAPSHOT/ratis-common-0.4.0-2337318-SNAPSHOT.jar:/home/user/.m2/repository/org/apache/ratis/ratis-client/0.4.0-2337318-SNAPSHOT/ratis-client-0.4.0-2337318-SNAPSHOT.jar:/home/user/.m2/repository/org/apache/ratis/ratis-metrics/0.4.0-2337318-SNAPSHOT/ratis-metrics-0.4.0-2337318-SNAPSHOT.jar:/home/user/.m2/repository/org/apache/ratis/ratis-netty/0.4.0-2337318-SNAPSHOT/ratis-netty-0.4.0-2337318-SNAPSHOT.jar:/home/user/.m2/repository/org/apache/ratis/ratis-grpc/0.4.0-2337318-SNAPSHOT/ratis-grpc-0.4.0-2337318-SNAPSHOT.jar:/home/user/.m2/repository/org/rocksdb/rocksdbjni/6.0.1/rocksdbjni-6.0.1.jar:/home/user/.m2/repository/org/apache/logging/log4j/log4j-api/2.11.0/log4j-api-2.11.0.jar:/home/user/.m2/repository/org/apache/logging/log4j/log4j-core/2.11.0/log4j-core-2.11.0.jar:/home/user/.m2/repository/com/lmax/disruptor/3.4.2/disruptor-3.4.2.jar:/home/user/.m2/repository/org/apache/commons/commons-pool2/2.6.0/commons-pool2-2.6.0.jar:/home/user/.m2/repository/org/bouncycastle/bcpkix-jdk15on/1.60/bcpkix-jdk15on-1.60.jar:/home/user/.m2/repository/commons-validator/commons-validator/1.6/commons-validator-1.6.jar:/home/user/.m2/repository/commons-digester/commons-digester/1.8.1/commons-digester-1.8.1.jar:/home/user/.m2/repository/io/jaegertracing/jaeger-client/0.33.1/jaeger-client-0.33.1.jar:/home/user/.m2/repository/io/jaegertracing/jaeger-thrift/0.33.1/jaeger-thrift-0.33.1.jar:/home/user/.m2/repository/org/apache/thrift/libthrift/0.11.0/libthrift-0.11.0.jar:/home/user/.m2/repository/com/squareup/okhttp3/okhttp/3.9.0/okhttp-3.9.0.jar:/home/user/.m2/repository/com/squareup/okio/okio/1.13.0/okio-1.13.0.jar:/home/user/.m2/repository/io/jaegertracing/jaeger-core/0.33.1/jaeger-core-0.33.1.jar:/home/user/.m2/repository/io/jaegertracing/jaeger-tracerresolver/0.33.1/jaeger-tracerresolver-0.33.1.jar:/home/user/.m2/repository/io/opentracing/contrib/opentracing-tracerresolver/0.1.5/opentracing-tracerresolver-0.1.5.jar:/home/user/.m2/repository/io/opentracing/opentracing-util/0.31.0/opentracing-util-0.31.0.jar:/home/user/.m2/repository/io/opentracing/opentracing-api/0.31.0/opentracing-api-0.31.0.jar:/home/user/.m2/repository/io/opentracing/opentracing-noop/0.31.0/opentracing-noop-0.31.0.jar:/home/user/.m2/repository/org/apache/hadoop/hadoop-hdds-server-framework/0.5.0-SNAPSHOT/hadoop-hdds-server-framework-0.5.0-SNAPSHOT.jar:/home/user/.m2/repository/org/apache/hadoop/hadoop-hdds-container-service/0.5.0-SNAPSHOT/hadoop-hdds-container-service-0.5.0-SNAPSHOT.jar:/home/user/.m2/repository/org/apache/hadoop/hadoop-hdds-client/0.5.0-SNAPSHOT/hadoop-hdds-client-0.5.0-SNAPSHOT.jar:/home/user/.m2/repository/org/apache/hadoop/hadoop-hdds-tools/0.5.0-SNAPSHOT/hadoop-hdds-tools-0.5.0-SNAPSHOT.jar:/home/user/.m2/repository/org/apache/hadoop/hadoop-hdds-server-scm/0.5.0-SNAPSHOT/hadoop-hdds-server-scm-0.5.0-SNAPSHOT.jar:/home/user/.m2/repository/org/apache/hadoop/hadoop-hdds-docs/0.5.0-SNAPSHOT/hadoop-hdds-docs-0.5.0-SNAPSHOT.jar:/home/user/.m2/repository/io/dropwizard/metrics/metrics-core/3.2.4/metrics-core-3.2.4.jar:/home/user/.m2/repository/org/hamcrest/hamcrest-all/1.3/hamcrest-all-1.3.jar:/home/user/.m2/repository/org/bouncycastle/bcprov-jdk15on/1.60/bcprov-jdk15on-1.60.jar:/home/user/.m2/repository/info/picocli/picocli/3.9.6/picocli-3.9.6.jar:/home/user/.m2/repository/com/google/protobuf/protobuf-java/2.5.0/protobuf-java-2.5.0.jar:/home/user/.m2/repository/com/google/guava/guava/11.0.2/guava-11.0.2.jar:/home/user/.m2/repository/org/apache/hadoop/hadoop-ozone-ozone-manager/0.5.0-SNAPSHOT/hadoop-ozone-ozone-manager-0.5.0-SNAPSHOT.jar:/home/user/.m2/repository/org/apache/hadoop/hadoop-minikdc/3.2.0/hadoop-minikdc-3.2.0.jar:/home/user/.m2/repository/commons-io/commons-io/2.5/commons-io-2.5.jar:/home/user/.m2/repository/org/apache/kerby/kerb-simplekdc/1.0.1/kerb-simplekdc-1.0.1.jar:/home/user/.m2/repository/org/apache/kerby/kerb-client/1.0.1/kerb-client-1.0.1.jar:/home/user/.m2/repository/org/apache/kerby/kerby-config/1.0.1/kerby-config-1.0.1.jar:/home/user/.m2/repository/org/apache/kerby/kerb-core/1.0.1/kerb-core-1.0.1.jar:/home/user/.m2/repository/org/apache/kerby/kerby-pkix/1.0.1/kerby-pkix-1.0.1.jar:/home/user/.m2/repository/org/apache/kerby/kerby-asn1/1.0.1/kerby-asn1-1.0.1.jar:/home/user/.m2/repository/org/apache/kerby/kerby-util/1.0.1/kerby-util-1.0.1.jar:/home/user/.m2/repository/org/apache/kerby/kerb-common/1.0.1/kerb-common-1.0.1.jar:/home/user/.m2/repository/org/apache/kerby/kerb-crypto/1.0.1/kerb-crypto-1.0.1.jar:/home/user/.m2/repository/org/apache/kerby/kerb-util/1.0.1/kerb-util-1.0.1.jar:/home/user/.m2/repository/org/apache/kerby/token-provider/1.0.1/token-provider-1.0.1.jar:/home/user/.m2/repository/org/apache/kerby/kerb-admin/1.0.1/kerb-admin-1.0.1.jar:/home/user/.m2/repository/org/apache/kerby/kerb-server/1.0.1/kerb-server-1.0.1.jar:/home/user/.m2/repository/org/apache/kerby/kerb-identity/1.0.1/kerb-identity-1.0.1.jar:/home/user/.m2/repository/org/apache/kerby/kerby-xdr/1.0.1/kerby-xdr-1.0.1.jar:/home/user/.m2/repository/org/slf4j/slf4j-log4j12/1.7.25/slf4j-log4j12-1.7.25.jar:/home/user/.m2/repository/org/apache/hadoop/hadoop-ozone-s3gateway/0.5.0-SNAPSHOT/hadoop-ozone-s3gateway-0.5.0-SNAPSHOT.jar:/home/user/.m2/repository/org/jboss/weld/servlet/weld-servlet/2.4.7.Final/weld-servlet-2.4.7.Final.jar:/home/user/.m2/repository/org/glassfish/jersey/containers/jersey-container-servlet-core/2.27/jersey-container-servlet-core-2.27.jar:/home/user/.m2/repository/org/glassfish/hk2/external/javax.inject/2.5.0-b42/javax.inject-2.5.0-b42.jar:/home/user/.m2/repository/org/glassfish/jersey/core/jersey-common/2.27/jersey-common-2.27.jar:/home/user/.m2/repository/org/glassfish/hk2/osgi-resource-locator/1.0.1/osgi-resource-locator-1.0.1.jar:/home/user/.m2/repository/javax/ws/rs/javax.ws.rs-api/2.1/javax.ws.rs-api-2.1.jar:/home/user/.m2/repository/org/glassfish/jersey/ext/cdi/jersey-cdi1x/2.27/jersey-cdi1x-2.27.jar:/home/user/.m2/repository/org/glassfish/jersey/inject/jersey-hk2/2.27/jersey-hk2-2.27.jar:/home/user/.m2/repository/org/glassfish/hk2/hk2-locator/2.5.0-b42/hk2-locator-2.5.0-b42.jar:/home/user/.m2/repository/org/javassist/javassist/3.22.0-CR2/javassist-3.22.0-CR2.jar:/home/user/.m2/repository/org/glassfish/hk2/hk2-api/2.5.0/hk2-api-2.5.0.jar:/home/user/.m2/repository/org/glassfish/hk2/external/jakarta.inject/2.5.0/jakarta.inject-2.5.0.jar:/home/user/.m2/repository/org/glassfish/hk2/hk2-utils/2.5.0/hk2-utils-2.5.0.jar:/home/user/.m2/repository/jakarta/annotation/jakarta.annotation-api/1.3.4/jakarta.annotation-api-1.3.4.jar:/home/user/.m2/repository/org/glassfish/hk2/external/aopalliance-repackaged/2.5.0/aopalliance-repackaged-2.5.0.jar:/home/user/.m2/repository/com/fasterxml/jackson/dataformat/jackson-dataformat-xml/2.9.0/jackson-dataformat-xml-2.9.0.jar:/home/user/.m2/repository/com/fasterxml/jackson/core/jackson-core/2.9.5/jackson-core-2.9.5.jar:/home/user/.m2/repository/com/fasterxml/jackson/module/jackson-module-jaxb-annotations/2.9.5/jackson-module-jaxb-annotations-2.9.5.jar:/home/user/.m2/repository/javax/enterprise/cdi-api/1.2/cdi-api-1.2.jar:/home/user/.m2/repository/javax/el/javax.el-api/3.0.0/javax.el-api-3.0.0.jar:/home/user/.m2/repository/javax/interceptor/javax.interceptor-api/1.2/javax.interceptor-api-1.2.jar:/home/user/.m2/repository/javax/inject/javax.inject/1/javax.inject-1.jar:/home/user/.m2/repository/com/sun/xml/bind/jaxb-impl/2.3.0.1/jaxb-impl-2.3.0.1.jar:/home/user/.m2/repository/com/sun/xml/bind/jaxb-core/2.3.0.1/jaxb-core-2.3.0.1.jar:/home/user/.m2/repository/javax/xml/bind/jaxb-api/2.3.0/jaxb-api-2.3.0.jar:/home/user/.m2/repository/javax/activation/activation/1.1.1/activation-1.1.1.jar:/home/user/.m2/repository/org/apache/hadoop/hadoop-ozone-csi/0.5.0-SNAPSHOT/hadoop-ozone-csi-0.5.0-SNAPSHOT.jar:/home/user/.m2/repository/com/google/protobuf/protobuf-java-util/3.5.1/protobuf-java-util-3.5.1.jar:/home/user/.m2/repository/org/apache/hadoop/hadoop-hdds-config/0.5.0-SNAPSHOT/hadoop-hdds-config-0.5.0-SNAPSHOT.jar:/home/user/.m2/repository/io/grpc/grpc-netty/1.17.1/grpc-netty-1.17.1.jar:/home/user/.m2/repository/io/grpc/grpc-core/1.17.1/grpc-core-1.17.1.jar:/home/user/.m2/repository/io/grpc/grpc-context/1.17.1/grpc-context-1.17.1.jar:/home/user/.m2/repository/com/google/errorprone/error_prone_annotations/2.2.0/error_prone_annotations-2.2.0.jar:/home/user/.m2/repository/org/codehaus/mojo/animal-sniffer-annotations/1.17/animal-sniffer-annotations-1.17.jar:/home/user/.m2/repository/io/opencensus/opencensus-api/0.17.0/opencensus-api-0.17.0.jar:/home/user/.m2/repository/io/opencensus/opencensus-contrib-grpc-metrics/0.17.0/opencensus-contrib-grpc-metrics-0.17.0.jar:/home/user/.m2/repository/io/netty/netty-codec-http2/4.1.30.Final/netty-codec-http2-4.1.30.Final.jar:/home/user/.m2/repository/io/netty/netty-codec-http/4.1.30.Final/netty-codec-http-4.1.30.Final.jar:/home/user/.m2/repository/io/netty/netty-codec/4.1.30.Final/netty-codec-4.1.30.Final.jar:/home/user/.m2/repository/io/netty/netty-handler/4.1.30.Final/netty-handler-4.1.30.Final.jar:/home/user/.m2/repository/io/netty/netty-handler-proxy/4.1.30.Final/netty-handler-proxy-4.1.30.Final.jar:/home/user/.m2/repository/io/netty/netty-codec-socks/4.1.30.Final/netty-codec-socks-4.1.30.Final.jar:/home/user/.m2/repository/io/netty/netty-transport-native-epoll/4.1.30.Final/netty-transport-native-epoll-4.1.30.Final.jar:/home/user/.m2/repository/io/netty/netty-common/4.1.30.Final/netty-common-4.1.30.Final.jar:/home/user/.m2/repository/io/netty/netty-buffer/4.1.30.Final/netty-buffer-4.1.30.Final.jar:/home/user/.m2/repository/io/netty/netty-transport/4.1.30.Final/netty-transport-4.1.30.Final.jar:/home/user/.m2/repository/io/netty/netty-resolver/4.1.30.Final/netty-resolver-4.1.30.Final.jar:/home/user/.m2/repository/io/netty/netty-transport-native-unix-common/4.1.30.Final/netty-transport-native-unix-common-4.1.30.Final.jar:/home/user/.m2/repository/io/grpc/grpc-protobuf/1.17.1/grpc-protobuf-1.17.1.jar:/home/user/.m2/repository/com/google/api/grpc/proto-google-common-protos/1.0.0/proto-google-common-protos-1.0.0.jar:/home/user/.m2/repository/io/grpc/grpc-protobuf-lite/1.17.1/grpc-protobuf-lite-1.17.1.jar:/home/user/.m2/repository/io/grpc/grpc-stub/1.17.1/grpc-stub-1.17.1.jar:/home/user/.m2/repository/org/apache/hadoop/hadoop-ozone-recon/0.5.0-SNAPSHOT/hadoop-ozone-recon-0.5.0-SNAPSHOT.jar:/home/user/.m2/repository/org/apache/hadoop/hadoop-ozone-reconcodegen/0.5.0-SNAPSHOT/hadoop-ozone-reconcodegen-0.5.0-SNAPSHOT.jar:/home/user/.m2/repository/com/google/inject/extensions/guice-multibindings/4.0/guice-multibindings-4.0.jar:/home/user/.m2/repository/com/google/inject/guice/4.0/guice-4.0.jar:/home/user/.m2/repository/aopalliance/aopalliance/1.0/aopalliance-1.0.jar:/home/user/.m2/repository/com/google/inject/extensions/guice-servlet/4.0/guice-servlet-4.0.jar:/home/user/.m2/repository/org/glassfish/jersey/containers/jersey-container-servlet/2.27/jersey-container-servlet-2.27.jar:/home/user/.m2/repository/org/glassfish/hk2/guice-bridge/2.5.0/guice-bridge-2.5.0.jar:/home/user/.m2/repository/org/glassfish/jersey/core/jersey-server/2.27/jersey-server-2.27.jar:/home/user/.m2/repository/org/glassfish/jersey/core/jersey-client/2.27/jersey-client-2.27.jar:/home/user/.m2/repository/org/glassfish/jersey/media/jersey-media-jaxb/2.27/jersey-media-jaxb-2.27.jar:/home/user/.m2/repository/javax/validation/validation-api/1.1.0.Final/validation-api-1.1.0.Final.jar:/home/user/.m2/repository/org/glassfish/jersey/media/jersey-media-json-jackson/2.27/jersey-media-json-jackson-2.27.jar:/home/user/.m2/repository/org/glassfish/jersey/ext/jersey-entity-filtering/2.27/jersey-entity-filtering-2.27.jar:/home/user/.m2/repository/com/google/inject/extensions/guice-assistedinject/4.0/guice-assistedinject-4.0.jar:/home/user/.m2/repository/org/jooq/jooq/3.11.10/jooq-3.11.10.jar:/home/user/.m2/repository/org/jooq/jooq-meta/3.11.10/jooq-meta-3.11.10.jar:/home/user/.m2/repository/org/jooq/jooq-codegen/3.11.10/jooq-codegen-3.11.10.jar:/home/user/.m2/repository/com/jolbox/bonecp/0.8.0.RELEASE/bonecp-0.8.0.RELEASE.jar:/home/user/.m2/repository/org/xerial/sqlite-jdbc/3.25.2/sqlite-jdbc-3.25.2.jar:/home/user/.m2/repository/org/springframework/spring-jdbc/5.1.3.RELEASE/spring-jdbc-5.1.3.RELEASE.jar:/home/user/.m2/repository/org/springframework/spring-beans/5.1.3.RELEASE/spring-beans-5.1.3.RELEASE.jar:/home/user/.m2/repository/org/springframework/spring-core/5.1.3.RELEASE/spring-core-5.1.3.RELEASE.jar:/home/user/.m2/repository/org/springframework/spring-jcl/5.1.3.RELEASE/spring-jcl-5.1.3.RELEASE.jar:/home/user/.m2/repository/org/springframework/spring-tx/5.1.3.RELEASE/spring-tx-5.1.3.RELEASE.jar:/home/user/.m2/repository/org/apache/hadoop/hadoop-ozone-client/0.5.0-SNAPSHOT/hadoop-ozone-client-0.5.0-SNAPSHOT.jar:/home/user/.m2/repository/commons-lang/commons-lang/2.6/commons-lang-2.6.jar:/home/user/.m2/repository/org/apache/hadoop/hadoop-ozone-ozone-manager/0.5.0-SNAPSHOT/hadoop-ozone-ozone-manager-0.5.0-SNAPSHOT-tests.jar:/home/user/.m2/repository/junit/junit/4.11/junit-4.11.jar:/home/user/.m2/repository/org/hamcrest/hamcrest-core/1.3/hamcrest-core-1.3.jar:/home/user/.m2/repository/org/openjdk/jmh/jmh-core/1.19/jmh-core-1.19.jar:/home/user/.m2/repository/net/sf/jopt-simple/jopt-simple/4.6/jopt-simple-4.6.jar:/home/user/.m2/repository/org/apache/commons/commons-math3/3.1.1/commons-math3-3.1.1.jar:/home/user/.m2/repository/org/openjdk/jmh/jmh-generator-annprocess/1.19/jmh-generator-annprocess-1.19.jar:/home/user/.m2/repository/org/mockito/mockito-all/1.8.5/mockito-all-1.8.5.jar:/home/user/.m2/repository/org/apache/hadoop/hadoop-kms/3.2.0/hadoop-kms-3.2.0.jar:/home/user/.m2/repository/org/apache/hadoop/hadoop-auth/3.2.0/hadoop-auth-3.2.0.jar:/home/user/.m2/repository/com/nimbusds/nimbus-jose-jwt/4.41.1/nimbus-jose-jwt-4.41.1.jar:/home/user/.m2/repository/com/github/stephenc/jcip/jcip-annotations/1.0-1/jcip-annotations-1.0-1.jar:/home/user/.m2/repository/net/minidev/json-smart/2.3/json-smart-2.3.jar:/home/user/.m2/repository/net/minidev/accessors-smart/1.2/accessors-smart-1.2.jar:/home/user/.m2/repository/org/ow2/asm/asm/5.0.4/asm-5.0.4.jar:/home/user/.m2/repository/org/apache/curator/curator-framework/2.12.0/curator-framework-2.12.0.jar:/home/user/.m2/repository/com/sun/jersey/jersey-core/1.19/jersey-core-1.19.jar:/home/user/.m2/repository/javax/ws/rs/jsr311-api/1.1.1/jsr311-api-1.1.1.jar:/home/user/.m2/repository/com/sun/jersey/jersey-server/1.19/jersey-server-1.19.jar:/home/user/.m2/repository/javax/servlet/javax.servlet-api/3.1.0/javax.servlet-api-3.1.0.jar:/home/user/.m2/repository/org/eclipse/jetty/jetty-server/9.3.24.v20180605/jetty-server-9.3.24.v20180605.jar:/home/user/.m2/repository/org/eclipse/jetty/jetty-http/9.3.24.v20180605/jetty-http-9.3.24.v20180605.jar:/home/user/.m2/repository/org/eclipse/jetty/jetty-io/9.3.24.v20180605/jetty-io-9.3.24.v20180605.jar:/home/user/.m2/repository/org/eclipse/jetty/jetty-webapp/9.3.24.v20180605/jetty-webapp-9.3.24.v20180605.jar:/home/user/.m2/repository/org/eclipse/jetty/jetty-xml/9.3.24.v20180605/jetty-xml-9.3.24.v20180605.jar:/home/user/.m2/repository/log4j/log4j/1.2.17/log4j-1.2.17.jar:/home/user/.m2/repository/org/slf4j/slf4j-api/1.7.25/slf4j-api-1.7.25.jar:/home/user/.m2/repository/org/slf4j/jul-to-slf4j/1.7.25/jul-to-slf4j-1.7.25.jar:/home/user/.m2/repository/org/eclipse/jetty/jetty-util/9.3.24.v20180605/jetty-util-9.3.24.v20180605.jar:/home/user/.m2/repository/com/fasterxml/jackson/core/jackson-databind/2.9.5/jackson-databind-2.9.5.jar:/home/user/.m2/repository/org/apache/hadoop/hadoop-kms/3.2.0/hadoop-kms-3.2.0-tests.jar:/home/user/.m2/repository/org/apache/hadoop/hadoop-hdds-server-scm/0.5.0-SNAPSHOT/hadoop-hdds-server-scm-0.5.0-SNAPSHOT-tests.jar:/home/user/.m2/repository/org/apache/hadoop/hadoop-hdds-container-service/0.5.0-SNAPSHOT/hadoop-hdds-container-service-0.5.0-SNAPSHOT-tests.jar:/home/user/.m2/repository/org/yaml/snakeyaml/1.16/snakeyaml-1.16.jar:/home/user/.m2/repository/org/apache/hadoop/hadoop-common/3.2.0/hadoop-common-3.2.0-tests.jar:/home/user/.m2/repository/org/apache/hadoop/hadoop-annotations/3.2.0/hadoop-annotations-3.2.0.jar:/usr/lib/jvm/java-1.8-openjdk/jre/../lib/tools.jar:/home/user/.m2/repository/commons-cli/commons-cli/1.2/commons-cli-1.2.jar:/home/user/.m2/repository/org/apache/httpcomponents/httpclient/4.5.2/httpclient-4.5.2.jar:/home/user/.m2/repository/org/apache/httpcomponents/httpcore/4.4.4/httpcore-4.4.4.jar:/home/user/.m2/repository/commons-codec/commons-codec/1.11/commons-codec-1.11.jar:/home/user/.m2/repository/commons-net/commons-net/3.6/commons-net-3.6.jar:/home/user/.m2/repository/commons-collections/commons-collections/3.2.2/commons-collections-3.2.2.jar:/home/user/.m2/repository/org/eclipse/jetty/jetty-servlet/9.3.24.v20180605/jetty-servlet-9.3.24.v20180605.jar:/home/user/.m2/repository/org/eclipse/jetty/jetty-security/9.3.24.v20180605/jetty-security-9.3.24.v20180605.jar:/home/user/.m2/repository/javax/servlet/jsp/jsp-api/2.1/jsp-api-2.1.jar:/home/user/.m2/repository/com/sun/jersey/jersey-servlet/1.19/jersey-servlet-1.19.jar:/home/user/.m2/repository/com/sun/jersey/jersey-json/1.19/jersey-json-1.19.jar:/home/user/.m2/repository/org/codehaus/jettison/jettison/1.1/jettison-1.1.jar:/home/user/.m2/repository/org/codehaus/jackson/jackson-core-asl/1.9.13/jackson-core-asl-1.9.13.jar:/home/user/.m2/repository/org/codehaus/jackson/jackson-mapper-asl/1.9.13/jackson-mapper-asl-1.9.13.jar:/home/user/.m2/repository/org/codehaus/jackson/jackson-jaxrs/1.9.13/jackson-jaxrs-1.9.13.jar:/home/user/.m2/repository/org/codehaus/jackson/jackson-xc/1.9.13/jackson-xc-1.9.13.jar:/home/user/.m2/repository/commons-logging/commons-logging/1.1.3/commons-logging-1.1.3.jar:/home/user/.m2/repository/commons-beanutils/commons-beanutils/1.9.3/commons-beanutils-1.9.3.jar:/home/user/.m2/repository/org/apache/commons/commons-configuration2/2.1.1/commons-configuration2-2.1.1.jar:/home/user/.m2/repository/org/apache/commons/commons-lang3/3.7/commons-lang3-3.7.jar:/home/user/.m2/repository/org/apache/commons/commons-text/1.4/commons-text-1.4.jar:/home/user/.m2/repository/org/apache/avro/avro/1.7.7/avro-1.7.7.jar:/home/user/.m2/repository/com/thoughtworks/paranamer/paranamer/2.3/paranamer-2.3.jar:/home/user/.m2/repository/org/xerial/snappy/snappy-java/1.0.5/snappy-java-1.0.5.jar:/home/user/.m2/repository/com/google/re2j/re2j/1.1/re2j-1.1.jar:/home/user/.m2/repository/com/google/code/gson/gson/2.2.4/gson-2.2.4.jar:/home/user/.m2/repository/com/jcraft/jsch/0.1.54/jsch-0.1.54.jar:/home/user/.m2/repository/org/apache/curator/curator-client/2.12.0/curator-client-2.12.0.jar:/home/user/.m2/repository/org/apache/curator/curator-recipes/2.12.0/curator-recipes-2.12.0.jar:/home/user/.m2/repository/com/google/code/findbugs/jsr305/3.0.0/jsr305-3.0.0.jar:/home/user/.m2/repository/org/apache/htrace/htrace-core4/4.1.0-incubating/htrace-core4-4.1.0-incubating.jar:/home/user/.m2/repository/org/apache/zookeeper/zookeeper/3.4.13/zookeeper-3.4.13.jar:/home/user/.m2/repository/org/apache/yetus/audience-annotations/0.5.0/audience-annotations-0.5.0.jar:/home/user/.m2/repository/org/codehaus/woodstox/stax2-api/3.1.4/stax2-api-3.1.4.jar:/home/user/.m2/repository/com/fasterxml/woodstox/woodstox-core/5.0.3/woodstox-core-5.0.3.jar:/home/user/.m2/repository/dnsjava/dnsjava/2.1.7/dnsjava-2.1.7.jar:/home/user/.m2/repository/org/apache/hadoop/hadoop-hdfs/3.2.0/hadoop-hdfs-3.2.0-tests.jar:/home/user/.m2/repository/org/eclipse/jetty/jetty-util-ajax/9.3.24.v20180605/jetty-util-ajax-9.3.24.v20180605.jar:/home/user/.m2/repository/commons-daemon/commons-daemon/1.0.13/commons-daemon-1.0.13.jar:/home/user/.m2/repository/io/netty/netty/3.10.5.Final/netty-3.10.5.Final.jar:/home/user/.m2/repository/io/netty/netty-all/4.0.52.Final/netty-all-4.0.52.Final.jar:/home/user/.m2/repository/org/fusesource/leveldbjni/leveldbjni-all/1.8/leveldbjni-all-1.8.jar:"/>
    <property name="java.vm.vendor" value="IcedTea"/>
    <property name="sun.arch.data.model" value="64"/>
    <property name="test.build.dir" value="/workdir/hadoop-ozone/integration-test/target/test-dir"/>
    <property name="test.cache.data" value=""/>
    <property name="java.vendor.url" value="https://icedtea.classpath.org"/>
    <property name="user.timezone" value=""/>
    <property name="java.vm.specification.version" value="1.8"/>
    <property name="os.name" value="Linux"/>
    <property name="test.build.data" value="/workdir/hadoop-ozone/integration-test/target/test-dir"/>
    <property name="user.country" value="US"/>
    <property name="sun.java.launcher" value="SUN_STANDARD"/>
    <property name="sun.boot.library.path" value="/usr/lib/jvm/java-1.8-openjdk/jre/lib/amd64"/>
    <property name="sun.java.command" value="/workdir/hadoop-ozone/integration-test/target/surefire/surefirebooter719998520021068532.jar /workdir/hadoop-ozone/integration-test/target/surefire 2019-08-31T05-12-38_895-jvmRun1 surefire3782136485711848069tmp surefire_38110631903243124705tmp"/>
    <property name="test" value="!TestMiniChaosOzoneCluster"/>
    <property name="surefire.test.class.path" value="/workdir/hadoop-ozone/integration-test/target/test-classes:/workdir/hadoop-ozone/integration-test/target/classes:/home/user/.m2/repository/org/apache/hadoop/hadoop-ozone-common/0.5.0-SNAPSHOT/hadoop-ozone-common-0.5.0-SNAPSHOT.jar:/home/user/.m2/repository/org/apache/commons/commons-compress/1.4.1/commons-compress-1.4.1.jar:/home/user/.m2/repository/org/tukaani/xz/1.0/xz-1.0.jar:/home/user/.m2/repository/org/apache/hadoop/hadoop-common/3.2.0/hadoop-common-3.2.0.jar:/home/user/.m2/repository/org/apache/hadoop/hadoop-hdfs/3.2.0/hadoop-hdfs-3.2.0.jar:/home/user/.m2/repository/org/apache/hadoop/hadoop-hdfs-client/3.2.0/hadoop-hdfs-client-3.2.0.jar:/home/user/.m2/repository/com/fasterxml/jackson/core/jackson-annotations/2.9.5/jackson-annotations-2.9.5.jar:/home/user/.m2/repository/org/apache/hadoop/hadoop-hdds-common/0.5.0-SNAPSHOT/hadoop-hdds-common-0.5.0-SNAPSHOT.jar:/home/user/.m2/repository/javax/annotation/javax.annotation-api/1.2/javax.annotation-api-1.2.jar:/home/user/.m2/repository/org/apache/ratis/ratis-server/0.4.0-2337318-SNAPSHOT/ratis-server-0.4.0-2337318-SNAPSHOT.jar:/home/user/.m2/repository/org/apache/ratis/ratis-thirdparty-misc/0.2.0/ratis-thirdparty-misc-0.2.0.jar:/home/user/.m2/repository/org/apache/ratis/ratis-proto/0.4.0-2337318-SNAPSHOT/ratis-proto-0.4.0-2337318-SNAPSHOT.jar:/home/user/.m2/repository/org/apache/ratis/ratis-common/0.4.0-2337318-SNAPSHOT/ratis-common-0.4.0-2337318-SNAPSHOT.jar:/home/user/.m2/repository/org/apache/ratis/ratis-client/0.4.0-2337318-SNAPSHOT/ratis-client-0.4.0-2337318-SNAPSHOT.jar:/home/user/.m2/repository/org/apache/ratis/ratis-metrics/0.4.0-2337318-SNAPSHOT/ratis-metrics-0.4.0-2337318-SNAPSHOT.jar:/home/user/.m2/repository/org/apache/ratis/ratis-netty/0.4.0-2337318-SNAPSHOT/ratis-netty-0.4.0-2337318-SNAPSHOT.jar:/home/user/.m2/repository/org/apache/ratis/ratis-grpc/0.4.0-2337318-SNAPSHOT/ratis-grpc-0.4.0-2337318-SNAPSHOT.jar:/home/user/.m2/repository/org/rocksdb/rocksdbjni/6.0.1/rocksdbjni-6.0.1.jar:/home/user/.m2/repository/org/apache/logging/log4j/log4j-api/2.11.0/log4j-api-2.11.0.jar:/home/user/.m2/repository/org/apache/logging/log4j/log4j-core/2.11.0/log4j-core-2.11.0.jar:/home/user/.m2/repository/com/lmax/disruptor/3.4.2/disruptor-3.4.2.jar:/home/user/.m2/repository/org/apache/commons/commons-pool2/2.6.0/commons-pool2-2.6.0.jar:/home/user/.m2/repository/org/bouncycastle/bcpkix-jdk15on/1.60/bcpkix-jdk15on-1.60.jar:/home/user/.m2/repository/commons-validator/commons-validator/1.6/commons-validator-1.6.jar:/home/user/.m2/repository/commons-digester/commons-digester/1.8.1/commons-digester-1.8.1.jar:/home/user/.m2/repository/io/jaegertracing/jaeger-client/0.33.1/jaeger-client-0.33.1.jar:/home/user/.m2/repository/io/jaegertracing/jaeger-thrift/0.33.1/jaeger-thrift-0.33.1.jar:/home/user/.m2/repository/org/apache/thrift/libthrift/0.11.0/libthrift-0.11.0.jar:/home/user/.m2/repository/com/squareup/okhttp3/okhttp/3.9.0/okhttp-3.9.0.jar:/home/user/.m2/repository/com/squareup/okio/okio/1.13.0/okio-1.13.0.jar:/home/user/.m2/repository/io/jaegertracing/jaeger-core/0.33.1/jaeger-core-0.33.1.jar:/home/user/.m2/repository/io/jaegertracing/jaeger-tracerresolver/0.33.1/jaeger-tracerresolver-0.33.1.jar:/home/user/.m2/repository/io/opentracing/contrib/opentracing-tracerresolver/0.1.5/opentracing-tracerresolver-0.1.5.jar:/home/user/.m2/repository/io/opentracing/opentracing-util/0.31.0/opentracing-util-0.31.0.jar:/home/user/.m2/repository/io/opentracing/opentracing-api/0.31.0/opentracing-api-0.31.0.jar:/home/user/.m2/repository/io/opentracing/opentracing-noop/0.31.0/opentracing-noop-0.31.0.jar:/home/user/.m2/repository/org/apache/hadoop/hadoop-hdds-server-framework/0.5.0-SNAPSHOT/hadoop-hdds-server-framework-0.5.0-SNAPSHOT.jar:/home/user/.m2/repository/org/apache/hadoop/hadoop-hdds-container-service/0.5.0-SNAPSHOT/hadoop-hdds-container-service-0.5.0-SNAPSHOT.jar:/home/user/.m2/repository/org/apache/hadoop/hadoop-hdds-client/0.5.0-SNAPSHOT/hadoop-hdds-client-0.5.0-SNAPSHOT.jar:/home/user/.m2/repository/org/apache/hadoop/hadoop-hdds-tools/0.5.0-SNAPSHOT/hadoop-hdds-tools-0.5.0-SNAPSHOT.jar:/home/user/.m2/repository/org/apache/hadoop/hadoop-hdds-server-scm/0.5.0-SNAPSHOT/hadoop-hdds-server-scm-0.5.0-SNAPSHOT.jar:/home/user/.m2/repository/org/apache/hadoop/hadoop-hdds-docs/0.5.0-SNAPSHOT/hadoop-hdds-docs-0.5.0-SNAPSHOT.jar:/home/user/.m2/repository/io/dropwizard/metrics/metrics-core/3.2.4/metrics-core-3.2.4.jar:/home/user/.m2/repository/org/hamcrest/hamcrest-all/1.3/hamcrest-all-1.3.jar:/home/user/.m2/repository/org/bouncycastle/bcprov-jdk15on/1.60/bcprov-jdk15on-1.60.jar:/home/user/.m2/repository/info/picocli/picocli/3.9.6/picocli-3.9.6.jar:/home/user/.m2/repository/com/google/protobuf/protobuf-java/2.5.0/protobuf-java-2.5.0.jar:/home/user/.m2/repository/com/google/guava/guava/11.0.2/guava-11.0.2.jar:/home/user/.m2/repository/org/apache/hadoop/hadoop-ozone-ozone-manager/0.5.0-SNAPSHOT/hadoop-ozone-ozone-manager-0.5.0-SNAPSHOT.jar:/home/user/.m2/repository/org/apache/hadoop/hadoop-minikdc/3.2.0/hadoop-minikdc-3.2.0.jar:/home/user/.m2/repository/commons-io/commons-io/2.5/commons-io-2.5.jar:/home/user/.m2/repository/org/apache/kerby/kerb-simplekdc/1.0.1/kerb-simplekdc-1.0.1.jar:/home/user/.m2/repository/org/apache/kerby/kerb-client/1.0.1/kerb-client-1.0.1.jar:/home/user/.m2/repository/org/apache/kerby/kerby-config/1.0.1/kerby-config-1.0.1.jar:/home/user/.m2/repository/org/apache/kerby/kerb-core/1.0.1/kerb-core-1.0.1.jar:/home/user/.m2/repository/org/apache/kerby/kerby-pkix/1.0.1/kerby-pkix-1.0.1.jar:/home/user/.m2/repository/org/apache/kerby/kerby-asn1/1.0.1/kerby-asn1-1.0.1.jar:/home/user/.m2/repository/org/apache/kerby/kerby-util/1.0.1/kerby-util-1.0.1.jar:/home/user/.m2/repository/org/apache/kerby/kerb-common/1.0.1/kerb-common-1.0.1.jar:/home/user/.m2/repository/org/apache/kerby/kerb-crypto/1.0.1/kerb-crypto-1.0.1.jar:/home/user/.m2/repository/org/apache/kerby/kerb-util/1.0.1/kerb-util-1.0.1.jar:/home/user/.m2/repository/org/apache/kerby/token-provider/1.0.1/token-provider-1.0.1.jar:/home/user/.m2/repository/org/apache/kerby/kerb-admin/1.0.1/kerb-admin-1.0.1.jar:/home/user/.m2/repository/org/apache/kerby/kerb-server/1.0.1/kerb-server-1.0.1.jar:/home/user/.m2/repository/org/apache/kerby/kerb-identity/1.0.1/kerb-identity-1.0.1.jar:/home/user/.m2/repository/org/apache/kerby/kerby-xdr/1.0.1/kerby-xdr-1.0.1.jar:/home/user/.m2/repository/org/slf4j/slf4j-log4j12/1.7.25/slf4j-log4j12-1.7.25.jar:/home/user/.m2/repository/org/apache/hadoop/hadoop-ozone-s3gateway/0.5.0-SNAPSHOT/hadoop-ozone-s3gateway-0.5.0-SNAPSHOT.jar:/home/user/.m2/repository/org/jboss/weld/servlet/weld-servlet/2.4.7.Final/weld-servlet-2.4.7.Final.jar:/home/user/.m2/repository/org/glassfish/jersey/containers/jersey-container-servlet-core/2.27/jersey-container-servlet-core-2.27.jar:/home/user/.m2/repository/org/glassfish/hk2/external/javax.inject/2.5.0-b42/javax.inject-2.5.0-b42.jar:/home/user/.m2/repository/org/glassfish/jersey/core/jersey-common/2.27/jersey-common-2.27.jar:/home/user/.m2/repository/org/glassfish/hk2/osgi-resource-locator/1.0.1/osgi-resource-locator-1.0.1.jar:/home/user/.m2/repository/javax/ws/rs/javax.ws.rs-api/2.1/javax.ws.rs-api-2.1.jar:/home/user/.m2/repository/org/glassfish/jersey/ext/cdi/jersey-cdi1x/2.27/jersey-cdi1x-2.27.jar:/home/user/.m2/repository/org/glassfish/jersey/inject/jersey-hk2/2.27/jersey-hk2-2.27.jar:/home/user/.m2/repository/org/glassfish/hk2/hk2-locator/2.5.0-b42/hk2-locator-2.5.0-b42.jar:/home/user/.m2/repository/org/javassist/javassist/3.22.0-CR2/javassist-3.22.0-CR2.jar:/home/user/.m2/repository/org/glassfish/hk2/hk2-api/2.5.0/hk2-api-2.5.0.jar:/home/user/.m2/repository/org/glassfish/hk2/external/jakarta.inject/2.5.0/jakarta.inject-2.5.0.jar:/home/user/.m2/repository/org/glassfish/hk2/hk2-utils/2.5.0/hk2-utils-2.5.0.jar:/home/user/.m2/repository/jakarta/annotation/jakarta.annotation-api/1.3.4/jakarta.annotation-api-1.3.4.jar:/home/user/.m2/repository/org/glassfish/hk2/external/aopalliance-repackaged/2.5.0/aopalliance-repackaged-2.5.0.jar:/home/user/.m2/repository/com/fasterxml/jackson/dataformat/jackson-dataformat-xml/2.9.0/jackson-dataformat-xml-2.9.0.jar:/home/user/.m2/repository/com/fasterxml/jackson/core/jackson-core/2.9.5/jackson-core-2.9.5.jar:/home/user/.m2/repository/com/fasterxml/jackson/module/jackson-module-jaxb-annotations/2.9.5/jackson-module-jaxb-annotations-2.9.5.jar:/home/user/.m2/repository/javax/enterprise/cdi-api/1.2/cdi-api-1.2.jar:/home/user/.m2/repository/javax/el/javax.el-api/3.0.0/javax.el-api-3.0.0.jar:/home/user/.m2/repository/javax/interceptor/javax.interceptor-api/1.2/javax.interceptor-api-1.2.jar:/home/user/.m2/repository/javax/inject/javax.inject/1/javax.inject-1.jar:/home/user/.m2/repository/com/sun/xml/bind/jaxb-impl/2.3.0.1/jaxb-impl-2.3.0.1.jar:/home/user/.m2/repository/com/sun/xml/bind/jaxb-core/2.3.0.1/jaxb-core-2.3.0.1.jar:/home/user/.m2/repository/javax/xml/bind/jaxb-api/2.3.0/jaxb-api-2.3.0.jar:/home/user/.m2/repository/javax/activation/activation/1.1.1/activation-1.1.1.jar:/home/user/.m2/repository/org/apache/hadoop/hadoop-ozone-csi/0.5.0-SNAPSHOT/hadoop-ozone-csi-0.5.0-SNAPSHOT.jar:/home/user/.m2/repository/com/google/protobuf/protobuf-java-util/3.5.1/protobuf-java-util-3.5.1.jar:/home/user/.m2/repository/org/apache/hadoop/hadoop-hdds-config/0.5.0-SNAPSHOT/hadoop-hdds-config-0.5.0-SNAPSHOT.jar:/home/user/.m2/repository/io/grpc/grpc-netty/1.17.1/grpc-netty-1.17.1.jar:/home/user/.m2/repository/io/grpc/grpc-core/1.17.1/grpc-core-1.17.1.jar:/home/user/.m2/repository/io/grpc/grpc-context/1.17.1/grpc-context-1.17.1.jar:/home/user/.m2/repository/com/google/errorprone/error_prone_annotations/2.2.0/error_prone_annotations-2.2.0.jar:/home/user/.m2/repository/org/codehaus/mojo/animal-sniffer-annotations/1.17/animal-sniffer-annotations-1.17.jar:/home/user/.m2/repository/io/opencensus/opencensus-api/0.17.0/opencensus-api-0.17.0.jar:/home/user/.m2/repository/io/opencensus/opencensus-contrib-grpc-metrics/0.17.0/opencensus-contrib-grpc-metrics-0.17.0.jar:/home/user/.m2/repository/io/netty/netty-codec-http2/4.1.30.Final/netty-codec-http2-4.1.30.Final.jar:/home/user/.m2/repository/io/netty/netty-codec-http/4.1.30.Final/netty-codec-http-4.1.30.Final.jar:/home/user/.m2/repository/io/netty/netty-codec/4.1.30.Final/netty-codec-4.1.30.Final.jar:/home/user/.m2/repository/io/netty/netty-handler/4.1.30.Final/netty-handler-4.1.30.Final.jar:/home/user/.m2/repository/io/netty/netty-handler-proxy/4.1.30.Final/netty-handler-proxy-4.1.30.Final.jar:/home/user/.m2/repository/io/netty/netty-codec-socks/4.1.30.Final/netty-codec-socks-4.1.30.Final.jar:/home/user/.m2/repository/io/netty/netty-transport-native-epoll/4.1.30.Final/netty-transport-native-epoll-4.1.30.Final.jar:/home/user/.m2/repository/io/netty/netty-common/4.1.30.Final/netty-common-4.1.30.Final.jar:/home/user/.m2/repository/io/netty/netty-buffer/4.1.30.Final/netty-buffer-4.1.30.Final.jar:/home/user/.m2/repository/io/netty/netty-transport/4.1.30.Final/netty-transport-4.1.30.Final.jar:/home/user/.m2/repository/io/netty/netty-resolver/4.1.30.Final/netty-resolver-4.1.30.Final.jar:/home/user/.m2/repository/io/netty/netty-transport-native-unix-common/4.1.30.Final/netty-transport-native-unix-common-4.1.30.Final.jar:/home/user/.m2/repository/io/grpc/grpc-protobuf/1.17.1/grpc-protobuf-1.17.1.jar:/home/user/.m2/repository/com/google/api/grpc/proto-google-common-protos/1.0.0/proto-google-common-protos-1.0.0.jar:/home/user/.m2/repository/io/grpc/grpc-protobuf-lite/1.17.1/grpc-protobuf-lite-1.17.1.jar:/home/user/.m2/repository/io/grpc/grpc-stub/1.17.1/grpc-stub-1.17.1.jar:/home/user/.m2/repository/org/apache/hadoop/hadoop-ozone-recon/0.5.0-SNAPSHOT/hadoop-ozone-recon-0.5.0-SNAPSHOT.jar:/home/user/.m2/repository/org/apache/hadoop/hadoop-ozone-reconcodegen/0.5.0-SNAPSHOT/hadoop-ozone-reconcodegen-0.5.0-SNAPSHOT.jar:/home/user/.m2/repository/com/google/inject/extensions/guice-multibindings/4.0/guice-multibindings-4.0.jar:/home/user/.m2/repository/com/google/inject/guice/4.0/guice-4.0.jar:/home/user/.m2/repository/aopalliance/aopalliance/1.0/aopalliance-1.0.jar:/home/user/.m2/repository/com/google/inject/extensions/guice-servlet/4.0/guice-servlet-4.0.jar:/home/user/.m2/repository/org/glassfish/jersey/containers/jersey-container-servlet/2.27/jersey-container-servlet-2.27.jar:/home/user/.m2/repository/org/glassfish/hk2/guice-bridge/2.5.0/guice-bridge-2.5.0.jar:/home/user/.m2/repository/org/glassfish/jersey/core/jersey-server/2.27/jersey-server-2.27.jar:/home/user/.m2/repository/org/glassfish/jersey/core/jersey-client/2.27/jersey-client-2.27.jar:/home/user/.m2/repository/org/glassfish/jersey/media/jersey-media-jaxb/2.27/jersey-media-jaxb-2.27.jar:/home/user/.m2/repository/javax/validation/validation-api/1.1.0.Final/validation-api-1.1.0.Final.jar:/home/user/.m2/repository/org/glassfish/jersey/media/jersey-media-json-jackson/2.27/jersey-media-json-jackson-2.27.jar:/home/user/.m2/repository/org/glassfish/jersey/ext/jersey-entity-filtering/2.27/jersey-entity-filtering-2.27.jar:/home/user/.m2/repository/com/google/inject/extensions/guice-assistedinject/4.0/guice-assistedinject-4.0.jar:/home/user/.m2/repository/org/jooq/jooq/3.11.10/jooq-3.11.10.jar:/home/user/.m2/repository/org/jooq/jooq-meta/3.11.10/jooq-meta-3.11.10.jar:/home/user/.m2/repository/org/jooq/jooq-codegen/3.11.10/jooq-codegen-3.11.10.jar:/home/user/.m2/repository/com/jolbox/bonecp/0.8.0.RELEASE/bonecp-0.8.0.RELEASE.jar:/home/user/.m2/repository/org/xerial/sqlite-jdbc/3.25.2/sqlite-jdbc-3.25.2.jar:/home/user/.m2/repository/org/springframework/spring-jdbc/5.1.3.RELEASE/spring-jdbc-5.1.3.RELEASE.jar:/home/user/.m2/repository/org/springframework/spring-beans/5.1.3.RELEASE/spring-beans-5.1.3.RELEASE.jar:/home/user/.m2/repository/org/springframework/spring-core/5.1.3.RELEASE/spring-core-5.1.3.RELEASE.jar:/home/user/.m2/repository/org/springframework/spring-jcl/5.1.3.RELEASE/spring-jcl-5.1.3.RELEASE.jar:/home/user/.m2/repository/org/springframework/spring-tx/5.1.3.RELEASE/spring-tx-5.1.3.RELEASE.jar:/home/user/.m2/repository/org/apache/hadoop/hadoop-ozone-client/0.5.0-SNAPSHOT/hadoop-ozone-client-0.5.0-SNAPSHOT.jar:/home/user/.m2/repository/commons-lang/commons-lang/2.6/commons-lang-2.6.jar:/home/user/.m2/repository/org/apache/hadoop/hadoop-ozone-ozone-manager/0.5.0-SNAPSHOT/hadoop-ozone-ozone-manager-0.5.0-SNAPSHOT-tests.jar:/home/user/.m2/repository/junit/junit/4.11/junit-4.11.jar:/home/user/.m2/repository/org/hamcrest/hamcrest-core/1.3/hamcrest-core-1.3.jar:/home/user/.m2/repository/org/openjdk/jmh/jmh-core/1.19/jmh-core-1.19.jar:/home/user/.m2/repository/net/sf/jopt-simple/jopt-simple/4.6/jopt-simple-4.6.jar:/home/user/.m2/repository/org/apache/commons/commons-math3/3.1.1/commons-math3-3.1.1.jar:/home/user/.m2/repository/org/openjdk/jmh/jmh-generator-annprocess/1.19/jmh-generator-annprocess-1.19.jar:/home/user/.m2/repository/org/mockito/mockito-all/1.8.5/mockito-all-1.8.5.jar:/home/user/.m2/repository/org/apache/hadoop/hadoop-kms/3.2.0/hadoop-kms-3.2.0.jar:/home/user/.m2/repository/org/apache/hadoop/hadoop-auth/3.2.0/hadoop-auth-3.2.0.jar:/home/user/.m2/repository/com/nimbusds/nimbus-jose-jwt/4.41.1/nimbus-jose-jwt-4.41.1.jar:/home/user/.m2/repository/com/github/stephenc/jcip/jcip-annotations/1.0-1/jcip-annotations-1.0-1.jar:/home/user/.m2/repository/net/minidev/json-smart/2.3/json-smart-2.3.jar:/home/user/.m2/repository/net/minidev/accessors-smart/1.2/accessors-smart-1.2.jar:/home/user/.m2/repository/org/ow2/asm/asm/5.0.4/asm-5.0.4.jar:/home/user/.m2/repository/org/apache/curator/curator-framework/2.12.0/curator-framework-2.12.0.jar:/home/user/.m2/repository/com/sun/jersey/jersey-core/1.19/jersey-core-1.19.jar:/home/user/.m2/repository/javax/ws/rs/jsr311-api/1.1.1/jsr311-api-1.1.1.jar:/home/user/.m2/repository/com/sun/jersey/jersey-server/1.19/jersey-server-1.19.jar:/home/user/.m2/repository/javax/servlet/javax.servlet-api/3.1.0/javax.servlet-api-3.1.0.jar:/home/user/.m2/repository/org/eclipse/jetty/jetty-server/9.3.24.v20180605/jetty-server-9.3.24.v20180605.jar:/home/user/.m2/repository/org/eclipse/jetty/jetty-http/9.3.24.v20180605/jetty-http-9.3.24.v20180605.jar:/home/user/.m2/repository/org/eclipse/jetty/jetty-io/9.3.24.v20180605/jetty-io-9.3.24.v20180605.jar:/home/user/.m2/repository/org/eclipse/jetty/jetty-webapp/9.3.24.v20180605/jetty-webapp-9.3.24.v20180605.jar:/home/user/.m2/repository/org/eclipse/jetty/jetty-xml/9.3.24.v20180605/jetty-xml-9.3.24.v20180605.jar:/home/user/.m2/repository/log4j/log4j/1.2.17/log4j-1.2.17.jar:/home/user/.m2/repository/org/slf4j/slf4j-api/1.7.25/slf4j-api-1.7.25.jar:/home/user/.m2/repository/org/slf4j/jul-to-slf4j/1.7.25/jul-to-slf4j-1.7.25.jar:/home/user/.m2/repository/org/eclipse/jetty/jetty-util/9.3.24.v20180605/jetty-util-9.3.24.v20180605.jar:/home/user/.m2/repository/com/fasterxml/jackson/core/jackson-databind/2.9.5/jackson-databind-2.9.5.jar:/home/user/.m2/repository/org/apache/hadoop/hadoop-kms/3.2.0/hadoop-kms-3.2.0-tests.jar:/home/user/.m2/repository/org/apache/hadoop/hadoop-hdds-server-scm/0.5.0-SNAPSHOT/hadoop-hdds-server-scm-0.5.0-SNAPSHOT-tests.jar:/home/user/.m2/repository/org/apache/hadoop/hadoop-hdds-container-service/0.5.0-SNAPSHOT/hadoop-hdds-container-service-0.5.0-SNAPSHOT-tests.jar:/home/user/.m2/repository/org/yaml/snakeyaml/1.16/snakeyaml-1.16.jar:/home/user/.m2/repository/org/apache/hadoop/hadoop-common/3.2.0/hadoop-common-3.2.0-tests.jar:/home/user/.m2/repository/org/apache/hadoop/hadoop-annotations/3.2.0/hadoop-annotations-3.2.0.jar:/usr/lib/jvm/java-1.8-openjdk/jre/../lib/tools.jar:/home/user/.m2/repository/commons-cli/commons-cli/1.2/commons-cli-1.2.jar:/home/user/.m2/repository/org/apache/httpcomponents/httpclient/4.5.2/httpclient-4.5.2.jar:/home/user/.m2/repository/org/apache/httpcomponents/httpcore/4.4.4/httpcore-4.4.4.jar:/home/user/.m2/repository/commons-codec/commons-codec/1.11/commons-codec-1.11.jar:/home/user/.m2/repository/commons-net/commons-net/3.6/commons-net-3.6.jar:/home/user/.m2/repository/commons-collections/commons-collections/3.2.2/commons-collections-3.2.2.jar:/home/user/.m2/repository/org/eclipse/jetty/jetty-servlet/9.3.24.v20180605/jetty-servlet-9.3.24.v20180605.jar:/home/user/.m2/repository/org/eclipse/jetty/jetty-security/9.3.24.v20180605/jetty-security-9.3.24.v20180605.jar:/home/user/.m2/repository/javax/servlet/jsp/jsp-api/2.1/jsp-api-2.1.jar:/home/user/.m2/repository/com/sun/jersey/jersey-servlet/1.19/jersey-servlet-1.19.jar:/home/user/.m2/repository/com/sun/jersey/jersey-json/1.19/jersey-json-1.19.jar:/home/user/.m2/repository/org/codehaus/jettison/jettison/1.1/jettison-1.1.jar:/home/user/.m2/repository/org/codehaus/jackson/jackson-core-asl/1.9.13/jackson-core-asl-1.9.13.jar:/home/user/.m2/repository/org/codehaus/jackson/jackson-mapper-asl/1.9.13/jackson-mapper-asl-1.9.13.jar:/home/user/.m2/repository/org/codehaus/jackson/jackson-jaxrs/1.9.13/jackson-jaxrs-1.9.13.jar:/home/user/.m2/repository/org/codehaus/jackson/jackson-xc/1.9.13/jackson-xc-1.9.13.jar:/home/user/.m2/repository/commons-logging/commons-logging/1.1.3/commons-logging-1.1.3.jar:/home/user/.m2/repository/commons-beanutils/commons-beanutils/1.9.3/commons-beanutils-1.9.3.jar:/home/user/.m2/repository/org/apache/commons/commons-configuration2/2.1.1/commons-configuration2-2.1.1.jar:/home/user/.m2/repository/org/apache/commons/commons-lang3/3.7/commons-lang3-3.7.jar:/home/user/.m2/repository/org/apache/commons/commons-text/1.4/commons-text-1.4.jar:/home/user/.m2/repository/org/apache/avro/avro/1.7.7/avro-1.7.7.jar:/home/user/.m2/repository/com/thoughtworks/paranamer/paranamer/2.3/paranamer-2.3.jar:/home/user/.m2/repository/org/xerial/snappy/snappy-java/1.0.5/snappy-java-1.0.5.jar:/home/user/.m2/repository/com/google/re2j/re2j/1.1/re2j-1.1.jar:/home/user/.m2/repository/com/google/code/gson/gson/2.2.4/gson-2.2.4.jar:/home/user/.m2/repository/com/jcraft/jsch/0.1.54/jsch-0.1.54.jar:/home/user/.m2/repository/org/apache/curator/curator-client/2.12.0/curator-client-2.12.0.jar:/home/user/.m2/repository/org/apache/curator/curator-recipes/2.12.0/curator-recipes-2.12.0.jar:/home/user/.m2/repository/com/google/code/findbugs/jsr305/3.0.0/jsr305-3.0.0.jar:/home/user/.m2/repository/org/apache/htrace/htrace-core4/4.1.0-incubating/htrace-core4-4.1.0-incubating.jar:/home/user/.m2/repository/org/apache/zookeeper/zookeeper/3.4.13/zookeeper-3.4.13.jar:/home/user/.m2/repository/org/apache/yetus/audience-annotations/0.5.0/audience-annotations-0.5.0.jar:/home/user/.m2/repository/org/codehaus/woodstox/stax2-api/3.1.4/stax2-api-3.1.4.jar:/home/user/.m2/repository/com/fasterxml/woodstox/woodstox-core/5.0.3/woodstox-core-5.0.3.jar:/home/user/.m2/repository/dnsjava/dnsjava/2.1.7/dnsjava-2.1.7.jar:/home/user/.m2/repository/org/apache/hadoop/hadoop-hdfs/3.2.0/hadoop-hdfs-3.2.0-tests.jar:/home/user/.m2/repository/org/eclipse/jetty/jetty-util-ajax/9.3.24.v20180605/jetty-util-ajax-9.3.24.v20180605.jar:/home/user/.m2/repository/commons-daemon/commons-daemon/1.0.13/commons-daemon-1.0.13.jar:/home/user/.m2/repository/io/netty/netty/3.10.5.Final/netty-3.10.5.Final.jar:/home/user/.m2/repository/io/netty/netty-all/4.0.52.Final/netty-all-4.0.52.Final.jar:/home/user/.m2/repository/org/fusesource/leveldbjni/leveldbjni-all/1.8/leveldbjni-all-1.8.jar:"/>
    <property name="sun.cpu.endian" value="little"/>
    <property name="user.home" value="/home/user"/>
    <property name="user.language" value="en"/>
    <property name="java.specification.vendor" value="Oracle Corporation"/>
    <property name="java.home" value="/usr/lib/jvm/java-1.8-openjdk/jre"/>
    <property name="java.security.krb5.conf" value="/workdir/hadoop-ozone/integration-test/target/test-classes/krb5.conf"/>
    <property name="basedir" value="/workdir/hadoop-ozone/integration-test"/>
    <property name="file.separator" value="/"/>
    <property name="line.separator" value="&#10;"/>
    <property name="java.vm.specification.vendor" value="Oracle Corporation"/>
    <property name="java.specification.name" value="Java Platform API Specification"/>
    <property name="java.awt.graphicsenv" value="sun.awt.X11GraphicsEnvironment"/>
    <property name="surefire.real.class.path" value="/workdir/hadoop-ozone/integration-test/target/surefire/surefirebooter719998520021068532.jar"/>
    <property name="hadoop.log.dir" value="/workdir/hadoop-ozone/integration-test/target/log"/>
    <property name="sun.boot.class.path" value="/usr/lib/jvm/java-1.8-openjdk/jre/lib/resources.jar:/usr/lib/jvm/java-1.8-openjdk/jre/lib/rt.jar:/usr/lib/jvm/java-1.8-openjdk/jre/lib/sunrsasign.jar:/usr/lib/jvm/java-1.8-openjdk/jre/lib/jsse.jar:/usr/lib/jvm/java-1.8-openjdk/jre/lib/jce.jar:/usr/lib/jvm/java-1.8-openjdk/jre/lib/charsets.jar:/usr/lib/jvm/java-1.8-openjdk/jre/lib/jfr.jar:/usr/lib/jvm/java-1.8-openjdk/jre/classes"/>
    <property name="sun.management.compiler" value="HotSpot 64-Bit Tiered Compilers"/>
    <property name="java.runtime.version" value="1.8.0_212-b04"/>
    <property name="java.net.preferIPv4Stack" value="true"/>
    <property name="user.name" value="jenkins1000"/>
    <property name="path.separator" value=":"/>
    <property name="java.security.egd" value="file:///dev/urandom"/>
    <property name="os.version" value="3.10.0-957.12.2.el7.x86_64"/>
    <property name="java.endorsed.dirs" value="/usr/lib/jvm/java-1.8-openjdk/jre/lib/endorsed"/>
    <property name="java.runtime.name" value="OpenJDK Runtime Environment"/>
    <property name="file.encoding" value="UTF-8"/>
    <property name="java.vm.name" value="OpenJDK 64-Bit Server VM"/>
    <property name="test.build.webapps" value=""/>
    <property name="localRepository" value="/home/user/.m2/repository"/>
    <property name="java.vendor.url.bug" value="https://icedtea.classpath.org/bugzilla"/>
    <property name="java.io.tmpdir" value="/tmp"/>
    <property name="require.test.libhadoop" value=""/>
    <property name="java.version" value="1.8.0_212"/>
    <property name="user.dir" value="/workdir/hadoop-ozone/integration-test"/>
    <property name="os.arch" value="amd64"/>
    <property name="java.vm.specification.name" value="Java Virtual Machine Specification"/>
    <property name="test.build.classes" value="/workdir/hadoop-ozone/integration-test/target/test-classes"/>
    <property name="java.awt.printerjob" value="sun.print.PSPrinterJob"/>
    <property name="sun.os.patch.level" value="unknown"/>
    <property name="hadoop.tmp.dir" value="/workdir/hadoop-ozone/integration-test/target/tmp"/>
    <property name="java.library.path" value="/usr/lib/jvm/java-1.8-openjdk/jre/lib/amd64/server:/usr/lib/jvm/java-1.8-openjdk/jre/lib/amd64:/usr/lib/jvm/java-1.8-openjdk/jre/../lib/amd64:/workdir/hadoop-ozone/integration-test/target/native/target/usr/local/lib:/workdir/hadoop-ozone/integration-test/../../hadoop-common-project/hadoop-common/target/native/target/usr/local/lib:/usr/java/packages/lib/amd64:/usr/lib64:/lib64:/lib:/usr/lib"/>
    <property name="java.vm.info" value="mixed mode"/>
    <property name="java.vendor" value="IcedTea"/>
    <property name="java.vm.version" value="25.212-b04"/>
    <property name="java.ext.dirs" value="/usr/lib/jvm/java-1.8-openjdk/jre/lib/ext:/usr/java/packages/lib/ext"/>
    <property name="sun.io.unicode.encoding" value="UnicodeLittle"/>
    <property name="java.class.version" value="52.0"/>
  </properties>
  <testcase name="testGroupMismatchExceptionHandling" classname="org.apache.hadoop.ozone.client.rpc.TestOzoneClientRetriesOnException" time="46.753"/>
  <testcase name="testMaxRetriesByOzoneClient" classname="org.apache.hadoop.ozone.client.rpc.TestOzoneClientRetriesOnException" time="336.712">
    <error message="Failed to command cmdType: CreateContainer&#10;containerID: 1&#10;datanodeUuid: &quot;65d7ba33-73cf-428f-8fa2-8b778f097bac&quot;&#10;createContainer {&#10;}&#10;" type="java.io.IOException">java.io.IOException: 
Failed to command cmdType: CreateContainer
containerID: 1
datanodeUuid: "65d7ba33-73cf-428f-8fa2-8b778f097bac"
createContainer {
}

	at org.apache.hadoop.hdds.scm.XceiverClientSpi.sendCommand(XceiverClientSpi.java:113)
	at org.apache.hadoop.ozone.client.rpc.TestOzoneClientRetriesOnException.testMaxRetriesByOzoneClient(TestOzoneClientRetriesOnException.java:190)
	at sun.reflect.NativeMethodAccessorImpl.invoke0(Native Method)
	at sun.reflect.NativeMethodAccessorImpl.invoke(NativeMethodAccessorImpl.java:62)
	at sun.reflect.DelegatingMethodAccessorImpl.invoke(DelegatingMethodAccessorImpl.java:43)
	at java.lang.reflect.Method.invoke(Method.java:498)
	at org.junit.runners.model.FrameworkMethod$1.runReflectiveCall(FrameworkMethod.java:47)
	at org.junit.internal.runners.model.ReflectiveCallable.run(ReflectiveCallable.java:12)
	at org.junit.runners.model.FrameworkMethod.invokeExplosively(FrameworkMethod.java:44)
	at org.junit.internal.runners.statements.InvokeMethod.evaluate(InvokeMethod.java:17)
	at org.junit.internal.runners.statements.RunBefores.evaluate(RunBefores.java:26)
	at org.junit.internal.runners.statements.RunAfters.evaluate(RunAfters.java:27)
	at org.junit.runners.ParentRunner.runLeaf(ParentRunner.java:271)
	at org.junit.runners.BlockJUnit4ClassRunner.runChild(BlockJUnit4ClassRunner.java:70)
	at org.junit.runners.BlockJUnit4ClassRunner.runChild(BlockJUnit4ClassRunner.java:50)
	at org.junit.runners.ParentRunner$3.run(ParentRunner.java:238)
	at org.junit.runners.ParentRunner$1.schedule(ParentRunner.java:63)
	at org.junit.runners.ParentRunner.runChildren(ParentRunner.java:236)
	at org.junit.runners.ParentRunner.access$000(ParentRunner.java:53)
	at org.junit.runners.ParentRunner$2.evaluate(ParentRunner.java:229)
	at org.junit.runners.ParentRunner.run(ParentRunner.java:309)
	at org.apache.maven.surefire.junit4.JUnit4Provider.execute(JUnit4Provider.java:365)
	at org.apache.maven.surefire.junit4.JUnit4Provider.executeWithRerun(JUnit4Provider.java:273)
	at org.apache.maven.surefire.junit4.JUnit4Provider.executeTestSet(JUnit4Provider.java:238)
	at org.apache.maven.surefire.junit4.JUnit4Provider.invoke(JUnit4Provider.java:159)
	at org.apache.maven.surefire.booter.ForkedBooter.invokeProviderInSameClassLoader(ForkedBooter.java:384)
	at org.apache.maven.surefire.booter.ForkedBooter.runSuitesInProcess(ForkedBooter.java:345)
	at org.apache.maven.surefire.booter.ForkedBooter.execute(ForkedBooter.java:126)
	at org.apache.maven.surefire.booter.ForkedBooter.main(ForkedBooter.java:418)
Caused by: java.util.concurrent.ExecutionException: org.apache.ratis.protocol.RaftRetryFailureException: Failed RaftClientRequest:client-F4948A49CD3F->65d7ba33-73cf-428f-8fa2-8b778f097bac@group-FBB19C0E0420, cid=45, seq=4*, RW, org.apache.hadoop.hdds.scm.XceiverClientRatis$$Lambda$326/1822651119@6ad3fa4e for 180 attempts with RetryLimited(maxAttempts=180, sleepTime=1000ms)
	at java.util.concurrent.CompletableFuture.reportGet(CompletableFuture.java:357)
	at java.util.concurrent.CompletableFuture.get(CompletableFuture.java:1895)
	at org.apache.hadoop.hdds.scm.XceiverClientSpi.sendCommand(XceiverClientSpi.java:110)
	... 28 more
Caused by: org.apache.ratis.protocol.RaftRetryFailureException: Failed RaftClientRequest:client-F4948A49CD3F->65d7ba33-73cf-428f-8fa2-8b778f097bac@group-FBB19C0E0420, cid=45, seq=4*, RW, org.apache.hadoop.hdds.scm.XceiverClientRatis$$Lambda$326/1822651119@6ad3fa4e for 180 attempts with RetryLimited(maxAttempts=180, sleepTime=1000ms)
	at org.apache.ratis.client.impl.RaftClientImpl.noMoreRetries(RaftClientImpl.java:272)
	at org.apache.ratis.client.impl.OrderedAsync.handleAsyncRetryFailure(OrderedAsync.java:138)
	at org.apache.ratis.client.impl.OrderedAsync.lambda$sendRequest$10(OrderedAsync.java:230)
	at java.util.concurrent.CompletableFuture.uniExceptionally(CompletableFuture.java:870)
	at java.util.concurrent.CompletableFuture$UniExceptionally.tryFire(CompletableFuture.java:852)
	at java.util.concurrent.CompletableFuture.postComplete(CompletableFuture.java:474)
	at java.util.concurrent.CompletableFuture.completeExceptionally(CompletableFuture.java:1977)
	at org.apache.ratis.grpc.client.GrpcClientProtocolClient$AsyncStreamObservers.completeReplyExceptionally(GrpcClientProtocolClient.java:330)
	at org.apache.ratis.grpc.client.GrpcClientProtocolClient$AsyncStreamObservers.access$000(GrpcClientProtocolClient.java:246)
	at org.apache.ratis.grpc.client.GrpcClientProtocolClient$AsyncStreamObservers$1.onNext(GrpcClientProtocolClient.java:258)
	at org.apache.ratis.grpc.client.GrpcClientProtocolClient$AsyncStreamObservers$1.onNext(GrpcClientProtocolClient.java:249)
	at org.apache.ratis.thirdparty.io.grpc.stub.ClientCalls$StreamObserverToCallListenerAdapter.onMessage(ClientCalls.java:421)
	at org.apache.ratis.thirdparty.io.grpc.ForwardingClientCallListener.onMessage(ForwardingClientCallListener.java:33)
	at org.apache.ratis.thirdparty.io.grpc.ForwardingClientCallListener.onMessage(ForwardingClientCallListener.java:33)
	at org.apache.ratis.thirdparty.io.grpc.internal.ClientCallImpl$ClientStreamListenerImpl$1MessagesAvailable.runInContext(ClientCallImpl.java:519)
	at org.apache.ratis.thirdparty.io.grpc.internal.ContextRunnable.run(ContextRunnable.java:37)
	at org.apache.ratis.thirdparty.io.grpc.internal.SerializingExecutor.run(SerializingExecutor.java:123)
	at java.util.concurrent.ThreadPoolExecutor.runWorker(ThreadPoolExecutor.java:1149)
	at java.util.concurrent.ThreadPoolExecutor$Worker.run(ThreadPoolExecutor.java:624)
	at java.lang.Thread.run(Thread.java:748)
Caused by: org.apache.ratis.protocol.NotLeaderException: Server 65d7ba33-73cf-428f-8fa2-8b778f097bac is not the leader (c9f78a1f-7704-4a39-8b7a-67be0f070410:192.168.69.127:33553). Request must be sent to leader.
	at org.apache.ratis.client.impl.ClientProtoUtils.toRaftClientReply(ClientProtoUtils.java:242)
	at org.apache.ratis.grpc.client.GrpcClientProtocolClient$AsyncStreamObservers$1.onNext(GrpcClientProtocolClient.java:254)
	... 10 more
</error>
    <system-out><![CDATA[2019-08-31 05:58:30,212 [main] WARN  server.ServerUtils (ServerUtils.java:getScmDbDir(145)) - ozone.scm.db.dirs is not configured. We recommend adding this setting. Falling back to ozone.metadata.dirs instead.
2019-08-31 05:58:30,267 [main] WARN  server.ServerUtils (ServerUtils.java:getScmDbDir(145)) - ozone.scm.db.dirs is not configured. We recommend adding this setting. Falling back to ozone.metadata.dirs instead.
2019-08-31 05:58:30,268 [main] WARN  server.ServerUtils (ServerUtils.java:getScmDbDir(145)) - ozone.scm.db.dirs is not configured. We recommend adding this setting. Falling back to ozone.metadata.dirs instead.
2019-08-31 05:58:30,269 [main] INFO  db.DBStoreBuilder (DBStoreBuilder.java:addTable(110)) - using custom profile for table: deletedBlocks
2019-08-31 05:58:30,269 [main] INFO  db.DBStoreBuilder (DBStoreBuilder.java:processTables(161)) - Using default column profile:DBProfile.DISK for Table:deletedBlocks
2019-08-31 05:58:30,270 [main] INFO  db.DBStoreBuilder (DBStoreBuilder.java:addTable(110)) - using custom profile for table: validCerts
2019-08-31 05:58:30,270 [main] INFO  db.DBStoreBuilder (DBStoreBuilder.java:processTables(161)) - Using default column profile:DBProfile.DISK for Table:validCerts
2019-08-31 05:58:30,271 [main] INFO  db.DBStoreBuilder (DBStoreBuilder.java:addTable(110)) - using custom profile for table: revokedCerts
2019-08-31 05:58:30,271 [main] INFO  db.DBStoreBuilder (DBStoreBuilder.java:processTables(161)) - Using default column profile:DBProfile.DISK for Table:revokedCerts
2019-08-31 05:58:30,271 [main] INFO  db.DBStoreBuilder (DBStoreBuilder.java:addTable(110)) - using custom profile for table: default
2019-08-31 05:58:30,272 [main] INFO  db.DBStoreBuilder (DBStoreBuilder.java:processTables(167)) - Using default column profile:DBProfile.DISK for Table:default
2019-08-31 05:58:30,272 [main] INFO  db.DBStoreBuilder (DBStoreBuilder.java:getDbProfile(198)) - Using default options. DBProfile.DISK
2019-08-31 05:58:30,576 [main] INFO  net.NodeSchemaLoader (NodeSchemaLoader.java:loadSchemaFromFile(125)) - Loading file from sun.misc.CompoundEnumeration@2f4b98f6
2019-08-31 05:58:30,577 [main] INFO  net.NodeSchemaLoader (NodeSchemaLoader.java:loadSchema(171)) - Loading network topology layer schema file
2019-08-31 05:58:30,584 [main] WARN  server.ServerUtils (ServerUtils.java:sanitizeUserArgs(70)) - ozone.scm.stale.node.interval value = 300000 is larger than max = 100000 based on the key value of ozone.scm.heartbeat.thread.interval, reset to the max value 100000.
2019-08-31 05:58:30,584 [main] WARN  server.ServerUtils (ServerUtils.java:sanitizeUserArgs(70)) - ozone.scm.stale.node.interval value = 300000 is larger than max = 100000 based on the key value of ozone.scm.heartbeat.thread.interval, reset to the max value 100000.
2019-08-31 05:58:30,585 [main] INFO  node.SCMNodeManager (SCMNodeManager.java:<init>(114)) - Entering startup safe mode.
2019-08-31 05:58:30,586 [main] INFO  algorithms.ContainerPlacementPolicyFactory (ContainerPlacementPolicyFactory.java:getPolicy(55)) - Create container placement policy of type org.apache.hadoop.hdds.scm.container.placement.algorithms.SCMContainerPlacementRandom
2019-08-31 05:58:30,587 [main] WARN  server.ServerUtils (ServerUtils.java:getScmDbDir(145)) - ozone.scm.db.dirs is not configured. We recommend adding this setting. Falling back to ozone.metadata.dirs instead.
2019-08-31 05:58:30,752 [main] INFO  pipeline.SCMPipelineManager (SCMPipelineManager.java:initializePipelineState(126)) - No pipeline exists in current db
2019-08-31 05:58:30,752 [main] WARN  server.ServerUtils (ServerUtils.java:getScmDbDir(145)) - ozone.scm.db.dirs is not configured. We recommend adding this setting. Falling back to ozone.metadata.dirs instead.
2019-08-31 05:58:30,880 [main] WARN  events.EventQueue (EventQueue.java:fireEvent(183)) - No event handler registered for event TypedEvent{payloadType=SafeModeStatus, name='SafeModeStatus'}
2019-08-31 05:58:30,881 [main] INFO  ipc.CallQueueManager (CallQueueManager.java:<init>(84)) - Using callQueue: class java.util.concurrent.LinkedBlockingQueue, queueCapacity: 2000, scheduler: class org.apache.hadoop.ipc.DefaultRpcScheduler, ipcBackoff: false.
2019-08-31 05:58:30,882 [Socket Reader #1 for port 40452] INFO  ipc.Server (Server.java:run(1074)) - Starting Socket Reader #1 for port 40452
2019-08-31 05:58:30,885 [main] INFO  ipc.CallQueueManager (CallQueueManager.java:<init>(84)) - Using callQueue: class java.util.concurrent.LinkedBlockingQueue, queueCapacity: 2000, scheduler: class org.apache.hadoop.ipc.DefaultRpcScheduler, ipcBackoff: false.
2019-08-31 05:58:30,886 [Socket Reader #1 for port 42596] INFO  ipc.Server (Server.java:run(1074)) - Starting Socket Reader #1 for port 42596
2019-08-31 05:58:30,887 [main] INFO  ipc.CallQueueManager (CallQueueManager.java:<init>(84)) - Using callQueue: class java.util.concurrent.LinkedBlockingQueue, queueCapacity: 2000, scheduler: class org.apache.hadoop.ipc.DefaultRpcScheduler, ipcBackoff: false.
2019-08-31 05:58:30,888 [Socket Reader #1 for port 42375] INFO  ipc.Server (Server.java:run(1074)) - Starting Socket Reader #1 for port 42375
2019-08-31 05:58:30,891 [main] INFO  hdfs.DFSUtil (DFSUtil.java:httpServerTemplateForNNAndJN(1641)) - Starting Web-server for scm at: http://0.0.0.0:0
2019-08-31 05:58:30,894 [main] INFO  server.AuthenticationFilter (AuthenticationFilter.java:constructSecretProvider(240)) - Unable to initialize FileSignerSecretProvider, falling back to use random secrets.
2019-08-31 05:58:30,894 [main] WARN  http.HttpRequestLog (HttpRequestLog.java:getRequestLog(97)) - Jetty request log can only be enabled using Log4j
2019-08-31 05:58:30,897 [main] INFO  http.HttpServer2 (HttpServer2.java:addGlobalFilter(975)) - Added global filter 'safety' (class=org.apache.hadoop.http.HttpServer2$QuotingInputFilter)
2019-08-31 05:58:30,897 [main] INFO  http.HttpServer2 (HttpServer2.java:addFilter(948)) - Added filter static_user_filter (class=org.apache.hadoop.http.lib.StaticUserWebFilter$StaticUserFilter) to context scm
2019-08-31 05:58:30,898 [main] INFO  http.HttpServer2 (HttpServer2.java:addFilter(958)) - Added filter static_user_filter (class=org.apache.hadoop.http.lib.StaticUserWebFilter$StaticUserFilter) to context static
2019-08-31 05:58:30,898 [main] INFO  http.HttpServer2 (HttpServer2.java:addFilter(958)) - Added filter static_user_filter (class=org.apache.hadoop.http.lib.StaticUserWebFilter$StaticUserFilter) to context logs
2019-08-31 05:58:30,901 [main] INFO  server.StorageContainerManager (StorageContainerManager.java:start(759)) - StorageContainerLocationProtocol RPC server is listening at /0.0.0.0:42375
2019-08-31 05:58:30,903 [main] WARN  impl.MetricsConfig (MetricsConfig.java:loadFirst(134)) - Cannot locate configuration: tried hadoop-metrics2-storagecontainermanager.properties,hadoop-metrics2.properties
2019-08-31 05:58:30,904 [main] INFO  impl.MetricsSystemImpl (MetricsSystemImpl.java:startTimer(374)) - Scheduled Metric snapshot period at 10 second(s).
2019-08-31 05:58:30,905 [main] INFO  impl.MetricsSystemImpl (MetricsSystemImpl.java:start(191)) - StorageContainerManager metrics system started
2019-08-31 05:58:30,922 [main] WARN  impl.MetricsSystemImpl (MetricsSystemImpl.java:register(276)) - Sink prometheus already exists!
2019-08-31 05:58:30,938 [main] INFO  server.SCMClientProtocolServer (SCMClientProtocolServer.java:start(151)) - RPC server for Client  is listening at /0.0.0.0:42375
2019-08-31 05:58:30,939 [IPC Server Responder] INFO  ipc.Server (Server.java:run(1314)) - IPC Server Responder: starting
2019-08-31 05:58:30,939 [IPC Server listener on 42375] INFO  ipc.Server (Server.java:run(1153)) - IPC Server listener on 42375: starting
2019-08-31 05:58:30,942 [main] INFO  server.StorageContainerManager (StorageContainerManager.java:start(769)) - ScmBlockLocationProtocol RPC server is listening at /0.0.0.0:42596
2019-08-31 05:58:30,943 [main] INFO  server.SCMBlockProtocolServer (SCMBlockProtocolServer.java:start(146)) - RPC server for Block Protocol is listening at /0.0.0.0:42596
2019-08-31 05:58:30,944 [IPC Server Responder] INFO  ipc.Server (Server.java:run(1314)) - IPC Server Responder: starting
2019-08-31 05:58:30,944 [IPC Server listener on 42596] INFO  ipc.Server (Server.java:run(1153)) - IPC Server listener on 42596: starting
2019-08-31 05:58:30,947 [main] INFO  server.StorageContainerManager (StorageContainerManager.java:start(773)) - ScmDatanodeProtocl RPC server is listening at /0.0.0.0:40452
2019-08-31 05:58:30,947 [main] INFO  server.SCMDatanodeProtocolServer (SCMDatanodeProtocolServer.java:start(191)) - RPC server for DataNodes is listening at /0.0.0.0:40452
2019-08-31 05:58:30,948 [IPC Server Responder] INFO  ipc.Server (Server.java:run(1314)) - IPC Server Responder: starting
2019-08-31 05:58:30,948 [IPC Server listener on 40452] INFO  ipc.Server (Server.java:run(1153)) - IPC Server listener on 40452: starting
2019-08-31 05:58:30,952 [main] INFO  http.HttpServer2 (HttpServer2.java:bindListener(1191)) - Jetty bound to port 35463
2019-08-31 05:58:30,952 [main] INFO  server.Server (Server.java:doStart(351)) - jetty-9.3.24.v20180605, build timestamp: 2018-06-05T17:11:56Z, git hash: 84205aa28f11a4f31f2a3b86d1bba2cc8ab69827
2019-08-31 05:58:30,954 [main] INFO  handler.ContextHandler (ContextHandler.java:doStart(781)) - Started o.e.j.s.ServletContextHandler@7e307087{/logs,file:///workdir/hadoop-ozone/integration-test/target/log,AVAILABLE}
2019-08-31 05:58:30,955 [main] INFO  handler.ContextHandler (ContextHandler.java:doStart(781)) - Started o.e.j.s.ServletContextHandler@1a8b81e8{/static,file:///workdir/hadoop-ozone/integration-test/target/test-classes/webapps/static,AVAILABLE}
2019-08-31 05:58:30,960 [main] INFO  handler.ContextHandler (ContextHandler.java:doStart(781)) - Started o.e.j.w.WebAppContext@49cb1baf{/,file:///workdir/hadoop-ozone/integration-test/target/test-classes/webapps/scm/,AVAILABLE}{/scm}
2019-08-31 05:58:30,961 [main] INFO  server.AbstractConnector (AbstractConnector.java:doStart(278)) - Started ServerConnector@3664f108{HTTP/1.1,[http/1.1]}{0.0.0.0:35463}
2019-08-31 05:58:30,961 [main] INFO  server.Server (Server.java:doStart(419)) - Started @48092ms
2019-08-31 05:58:30,961 [main] WARN  impl.MetricsSystemImpl (MetricsSystemImpl.java:register(276)) - Sink prometheus already exists!
2019-08-31 05:58:30,962 [main] INFO  server.BaseHttpServer (BaseHttpServer.java:updateConnectorAddress(215)) - HTTP server of SCM is listening at http://0.0.0.0:35463
2019-08-31 05:58:30,963 [main] WARN  server.ServerUtils (ServerUtils.java:getDBPath(222)) - ozone.om.db.dirs is not configured. We recommend adding this setting. Falling back to ozone.metadata.dirs instead.
2019-08-31 05:58:30,963 [org.apache.hadoop.util.JvmPauseMonitor$Monitor@34a2d6e0] INFO  util.JvmPauseMonitor (JvmPauseMonitor.java:run(188)) - Starting JVM pause monitor
2019-08-31 05:58:30,993 [main] WARN  server.ServerUtils (ServerUtils.java:getDBPath(222)) - ozone.om.db.dirs is not configured. We recommend adding this setting. Falling back to ozone.metadata.dirs instead.
2019-08-31 05:58:30,994 [main] WARN  server.ServerUtils (ServerUtils.java:getDBPath(222)) - ozone.om.db.dirs is not configured. We recommend adding this setting. Falling back to ozone.metadata.dirs instead.
2019-08-31 05:58:30,995 [main] INFO  om.OzoneManager (OzoneManager.java:setOMNodeDetails(649)) - OM Service ID is not set. Setting it to the default ID: omServiceIdDefault
2019-08-31 05:58:30,995 [main] INFO  om.OzoneManager (OzoneManager.java:setOMNodeDetails(655)) - OM Node ID is not set. Setting it to the OmStorage's OmID: 80311831-cf62-4a5d-929a-f9207bda7b0f
2019-08-31 05:58:30,995 [main] INFO  om.OzoneManager (OzoneManager.java:loadOMHAConfigs(606)) - Found matching OM address with OMServiceId: null, OMNodeId: null, RPC Address: localhost:0 and Ratis port: 9872
2019-08-31 05:58:31,006 [main] WARN  server.ServerUtils (ServerUtils.java:getDBPath(222)) - ozone.om.db.dirs is not configured. We recommend adding this setting. Falling back to ozone.metadata.dirs instead.
2019-08-31 05:58:31,007 [main] INFO  db.DBStoreBuilder (DBStoreBuilder.java:addTable(110)) - using custom profile for table: userTable
2019-08-31 05:58:31,007 [main] INFO  db.DBStoreBuilder (DBStoreBuilder.java:processTables(161)) - Using default column profile:DBProfile.DISK for Table:userTable
2019-08-31 05:58:31,008 [main] INFO  db.DBStoreBuilder (DBStoreBuilder.java:addTable(110)) - using custom profile for table: volumeTable
2019-08-31 05:58:31,008 [main] INFO  db.DBStoreBuilder (DBStoreBuilder.java:processTables(161)) - Using default column profile:DBProfile.DISK for Table:volumeTable
2019-08-31 05:58:31,008 [main] INFO  db.DBStoreBuilder (DBStoreBuilder.java:addTable(110)) - using custom profile for table: bucketTable
2019-08-31 05:58:31,009 [main] INFO  db.DBStoreBuilder (DBStoreBuilder.java:processTables(161)) - Using default column profile:DBProfile.DISK for Table:bucketTable
2019-08-31 05:58:31,009 [main] INFO  db.DBStoreBuilder (DBStoreBuilder.java:addTable(110)) - using custom profile for table: keyTable
2019-08-31 05:58:31,009 [main] INFO  db.DBStoreBuilder (DBStoreBuilder.java:processTables(161)) - Using default column profile:DBProfile.DISK for Table:keyTable
2019-08-31 05:58:31,010 [main] INFO  db.DBStoreBuilder (DBStoreBuilder.java:addTable(110)) - using custom profile for table: deletedTable
2019-08-31 05:58:31,010 [main] INFO  db.DBStoreBuilder (DBStoreBuilder.java:processTables(161)) - Using default column profile:DBProfile.DISK for Table:deletedTable
2019-08-31 05:58:31,010 [main] INFO  db.DBStoreBuilder (DBStoreBuilder.java:addTable(110)) - using custom profile for table: openKeyTable
2019-08-31 05:58:31,011 [main] INFO  db.DBStoreBuilder (DBStoreBuilder.java:processTables(161)) - Using default column profile:DBProfile.DISK for Table:openKeyTable
2019-08-31 05:58:31,011 [main] INFO  db.DBStoreBuilder (DBStoreBuilder.java:addTable(110)) - using custom profile for table: s3Table
2019-08-31 05:58:31,011 [main] INFO  db.DBStoreBuilder (DBStoreBuilder.java:processTables(161)) - Using default column profile:DBProfile.DISK for Table:s3Table
2019-08-31 05:58:31,012 [main] INFO  db.DBStoreBuilder (DBStoreBuilder.java:addTable(110)) - using custom profile for table: multipartInfoTable
2019-08-31 05:58:31,012 [main] INFO  db.DBStoreBuilder (DBStoreBuilder.java:processTables(161)) - Using default column profile:DBProfile.DISK for Table:multipartInfoTable
2019-08-31 05:58:31,012 [main] INFO  db.DBStoreBuilder (DBStoreBuilder.java:addTable(110)) - using custom profile for table: dTokenTable
2019-08-31 05:58:31,013 [main] INFO  db.DBStoreBuilder (DBStoreBuilder.java:processTables(161)) - Using default column profile:DBProfile.DISK for Table:dTokenTable
2019-08-31 05:58:31,013 [main] INFO  db.DBStoreBuilder (DBStoreBuilder.java:addTable(110)) - using custom profile for table: s3SecretTable
2019-08-31 05:58:31,013 [main] INFO  db.DBStoreBuilder (DBStoreBuilder.java:processTables(161)) - Using default column profile:DBProfile.DISK for Table:s3SecretTable
2019-08-31 05:58:31,013 [main] INFO  db.DBStoreBuilder (DBStoreBuilder.java:addTable(110)) - using custom profile for table: prefixTable
2019-08-31 05:58:31,014 [main] INFO  db.DBStoreBuilder (DBStoreBuilder.java:processTables(161)) - Using default column profile:DBProfile.DISK for Table:prefixTable
2019-08-31 05:58:31,014 [main] INFO  db.DBStoreBuilder (DBStoreBuilder.java:addTable(110)) - using custom profile for table: default
2019-08-31 05:58:31,014 [main] INFO  db.DBStoreBuilder (DBStoreBuilder.java:processTables(167)) - Using default column profile:DBProfile.DISK for Table:default
2019-08-31 05:58:31,015 [main] INFO  db.DBStoreBuilder (DBStoreBuilder.java:getDbProfile(198)) - Using default options. DBProfile.DISK
2019-08-31 05:58:31,939 [main] INFO  ipc.CallQueueManager (CallQueueManager.java:<init>(84)) - Using callQueue: class java.util.concurrent.LinkedBlockingQueue, queueCapacity: 2000, scheduler: class org.apache.hadoop.ipc.DefaultRpcScheduler, ipcBackoff: false.
2019-08-31 05:58:31,940 [Socket Reader #1 for port 43023] INFO  ipc.Server (Server.java:run(1074)) - Starting Socket Reader #1 for port 43023
2019-08-31 05:58:31,953 [main] INFO  om.OzoneManager (OzoneManager.java:start(1240)) - OzoneManager RPC server is listening at localhost/127.0.0.1:43023
2019-08-31 05:58:31,953 [main] INFO  impl.MetricsSystemImpl (MetricsSystemImpl.java:init(158)) - OzoneManager metrics system started (again)
2019-08-31 05:58:31,954 [IPC Server Responder] INFO  ipc.Server (Server.java:run(1314)) - IPC Server Responder: starting
2019-08-31 05:58:31,954 [IPC Server listener on 43023] INFO  ipc.Server (Server.java:run(1153)) - IPC Server listener on 43023: starting
2019-08-31 05:58:31,958 [main] INFO  hdfs.DFSUtil (DFSUtil.java:httpServerTemplateForNNAndJN(1641)) - Starting Web-server for ozoneManager at: http://0.0.0.0:0
2019-08-31 05:58:31,960 [main] INFO  server.AuthenticationFilter (AuthenticationFilter.java:constructSecretProvider(240)) - Unable to initialize FileSignerSecretProvider, falling back to use random secrets.
2019-08-31 05:58:31,960 [main] WARN  http.HttpRequestLog (HttpRequestLog.java:getRequestLog(97)) - Jetty request log can only be enabled using Log4j
2019-08-31 05:58:31,962 [main] INFO  http.HttpServer2 (HttpServer2.java:addGlobalFilter(975)) - Added global filter 'safety' (class=org.apache.hadoop.http.HttpServer2$QuotingInputFilter)
2019-08-31 05:58:31,963 [main] INFO  http.HttpServer2 (HttpServer2.java:addFilter(948)) - Added filter static_user_filter (class=org.apache.hadoop.http.lib.StaticUserWebFilter$StaticUserFilter) to context ozoneManager
2019-08-31 05:58:31,963 [main] INFO  http.HttpServer2 (HttpServer2.java:addFilter(958)) - Added filter static_user_filter (class=org.apache.hadoop.http.lib.StaticUserWebFilter$StaticUserFilter) to context static
2019-08-31 05:58:31,963 [main] INFO  http.HttpServer2 (HttpServer2.java:addFilter(958)) - Added filter static_user_filter (class=org.apache.hadoop.http.lib.StaticUserWebFilter$StaticUserFilter) to context logs
2019-08-31 05:58:31,964 [main] INFO  http.HttpServer2 (HttpServer2.java:bindListener(1191)) - Jetty bound to port 37293
2019-08-31 05:58:31,964 [main] INFO  server.Server (Server.java:doStart(351)) - jetty-9.3.24.v20180605, build timestamp: 2018-06-05T17:11:56Z, git hash: 84205aa28f11a4f31f2a3b86d1bba2cc8ab69827
2019-08-31 05:58:31,966 [main] INFO  handler.ContextHandler (ContextHandler.java:doStart(781)) - Started o.e.j.s.ServletContextHandler@6f1b8544{/logs,file:///workdir/hadoop-ozone/integration-test/target/log,AVAILABLE}
2019-08-31 05:58:31,966 [main] INFO  handler.ContextHandler (ContextHandler.java:doStart(781)) - Started o.e.j.s.ServletContextHandler@688a2c09{/static,file:///workdir/hadoop-ozone/integration-test/target/test-classes/webapps/static,AVAILABLE}
2019-08-31 05:58:31,971 [main] INFO  handler.ContextHandler (ContextHandler.java:doStart(781)) - Started o.e.j.w.WebAppContext@6198e9b5{/,file:///workdir/hadoop-ozone/integration-test/target/test-classes/webapps/ozoneManager/,AVAILABLE}{/ozoneManager}
2019-08-31 05:58:31,971 [main] INFO  server.AbstractConnector (AbstractConnector.java:doStart(278)) - Started ServerConnector@6d099323{HTTP/1.1,[http/1.1]}{0.0.0.0:37293}
2019-08-31 05:58:31,972 [main] INFO  server.Server (Server.java:doStart(419)) - Started @49102ms
2019-08-31 05:58:31,972 [main] WARN  impl.MetricsSystemImpl (MetricsSystemImpl.java:register(276)) - Sink prometheus already exists!
2019-08-31 05:58:31,973 [main] INFO  server.BaseHttpServer (BaseHttpServer.java:updateConnectorAddress(215)) - HTTP server of OZONEMANAGER is listening at http://0.0.0.0:37293
2019-08-31 05:58:31,989 [main] INFO  impl.MetricsSystemImpl (MetricsSystemImpl.java:init(158)) - HddsDatanode metrics system started (again)
2019-08-31 05:58:31,991 [main] INFO  ozone.HddsDatanodeService (HddsDatanodeService.java:start(184)) - HddsDatanodeService host:trunk-nightly-20190831-ctmzz-2056601931 ip:192.168.69.127
2019-08-31 05:58:31,996 [main] INFO  volume.HddsVolume (HddsVolume.java:<init>(176)) - Creating Volume: /workdir/hadoop-ozone/integration-test/target/test-dir/MiniOzoneClusterImpl-08f3fe21-1a76-4db7-ba59-51f14a367526/datanode-0/data/containers/hdds of  storage type : DISK and capacity : 1482555576320
2019-08-31 05:58:31,996 [main] INFO  volume.VolumeSet (VolumeSet.java:initializeVolumeSet(170)) - Added Volume : /workdir/hadoop-ozone/integration-test/target/test-dir/MiniOzoneClusterImpl-08f3fe21-1a76-4db7-ba59-51f14a367526/datanode-0/data/containers/hdds to VolumeSet
2019-08-31 05:58:31,996 [main] INFO  volume.ThrottledAsyncChecker (ThrottledAsyncChecker.java:schedule(140)) - Scheduling a check for org.apache.hadoop.ozone.container.common.volume.HddsVolume@3c66b7d8
2019-08-31 05:58:31,997 [main] INFO  volume.HddsVolumeChecker (HddsVolumeChecker.java:checkAllVolumes(203)) - Scheduled health check for volume org.apache.hadoop.ozone.container.common.volume.HddsVolume@3c66b7d8
2019-08-31 05:58:32,013 [main] INFO  impl.RaftServerProxy (ConfUtils.java:logGet(43)) - raft.rpc.type = GRPC (default)
2019-08-31 05:58:32,014 [main] INFO  grpc.GrpcFactory (GrpcFactory.java:checkPooledByteBufAllocatorUseCacheForAllThreads(45)) - PERFORMANCE WARNING: useCacheForAllThreads is true that may cause Netty to create a lot garbage objects and, as a result, trigger GC.
	It is recommended to disable useCacheForAllThreads by setting -Dorg.apache.ratis.thirdparty.io.netty.allocator.useCacheForAllThreads=false in command line.
2019-08-31 05:58:32,014 [main] INFO  grpc.GrpcConfigKeys$Server (ConfUtils.java:logGet(43)) - raft.grpc.server.port = 0 (default)
2019-08-31 05:58:32,014 [main] INFO  server.GrpcService (ConfUtils.java:logGet(43)) - raft.grpc.message.size.max = 33570816 (custom)
2019-08-31 05:58:32,014 [main] INFO  server.RaftServerConfigKeys (ConfUtils.java:logGet(43)) - raft.server.log.appender.buffer.byte-limit = 33554432 (custom)
2019-08-31 05:58:32,015 [main] INFO  server.GrpcService (ConfUtils.java:logGet(43)) - raft.grpc.flow.control.window = 1MB (=1048576) (default)
2019-08-31 05:58:32,015 [main] INFO  server.RaftServerConfigKeys (ConfUtils.java:logGet(43)) - raft.server.rpc.request.timeout = 3000ms (default)
2019-08-31 05:58:32,016 [main] INFO  server.RaftServerConfigKeys (ConfUtils.java:logGet(43)) - raft.server.storage.dir = [/workdir/hadoop-ozone/integration-test/target/test-dir/MiniOzoneClusterImpl-08f3fe21-1a76-4db7-ba59-51f14a367526/datanode-0/data/ratis] (custom)
2019-08-31 05:58:32,017 [main] INFO  hdfs.DFSUtil (DFSUtil.java:httpServerTemplateForNNAndJN(1641)) - Starting Web-server for hddsDatanode at: http://0.0.0.0:0
2019-08-31 05:58:32,018 [main] INFO  server.AuthenticationFilter (AuthenticationFilter.java:constructSecretProvider(240)) - Unable to initialize FileSignerSecretProvider, falling back to use random secrets.
2019-08-31 05:58:32,019 [main] WARN  http.HttpRequestLog (HttpRequestLog.java:getRequestLog(97)) - Jetty request log can only be enabled using Log4j
2019-08-31 05:58:32,020 [main] INFO  http.HttpServer2 (HttpServer2.java:addGlobalFilter(975)) - Added global filter 'safety' (class=org.apache.hadoop.http.HttpServer2$QuotingInputFilter)
2019-08-31 05:58:32,021 [main] INFO  http.HttpServer2 (HttpServer2.java:addFilter(948)) - Added filter static_user_filter (class=org.apache.hadoop.http.lib.StaticUserWebFilter$StaticUserFilter) to context hddsDatanode
2019-08-31 05:58:32,021 [main] INFO  http.HttpServer2 (HttpServer2.java:addFilter(958)) - Added filter static_user_filter (class=org.apache.hadoop.http.lib.StaticUserWebFilter$StaticUserFilter) to context static
2019-08-31 05:58:32,021 [main] INFO  http.HttpServer2 (HttpServer2.java:addFilter(958)) - Added filter static_user_filter (class=org.apache.hadoop.http.lib.StaticUserWebFilter$StaticUserFilter) to context logs
2019-08-31 05:58:32,022 [main] INFO  http.HttpServer2 (HttpServer2.java:bindListener(1191)) - Jetty bound to port 36633
2019-08-31 05:58:32,022 [main] INFO  server.Server (Server.java:doStart(351)) - jetty-9.3.24.v20180605, build timestamp: 2018-06-05T17:11:56Z, git hash: 84205aa28f11a4f31f2a3b86d1bba2cc8ab69827
2019-08-31 05:58:32,024 [main] INFO  handler.ContextHandler (ContextHandler.java:doStart(781)) - Started o.e.j.s.ServletContextHandler@2dbfcf7{/logs,file:///workdir/hadoop-ozone/integration-test/target/log,AVAILABLE}
2019-08-31 05:58:32,024 [main] INFO  handler.ContextHandler (ContextHandler.java:doStart(781)) - Started o.e.j.s.ServletContextHandler@38cedb7d{/static,jar:file:/home/user/.m2/repository/org/apache/hadoop/hadoop-hdds-container-service/0.5.0-SNAPSHOT/hadoop-hdds-container-service-0.5.0-SNAPSHOT.jar!/webapps/static,AVAILABLE}
2019-08-31 05:58:32,053 [main] INFO  handler.ContextHandler (ContextHandler.java:doStart(781)) - Started o.e.j.w.WebAppContext@33a55bd8{/,file:///tmp/jetty-0.0.0.0-36633-hddsDatanode-_-any-825433348007297732.dir/webapp/,AVAILABLE}{/hddsDatanode}
2019-08-31 05:58:32,053 [main] INFO  server.AbstractConnector (AbstractConnector.java:doStart(278)) - Started ServerConnector@73a8e994{HTTP/1.1,[http/1.1]}{0.0.0.0:36633}
2019-08-31 05:58:32,054 [main] INFO  server.Server (Server.java:doStart(419)) - Started @49185ms
2019-08-31 05:58:32,054 [main] WARN  impl.MetricsSystemImpl (MetricsSystemImpl.java:register(276)) - Sink prometheus already exists!
2019-08-31 05:58:32,055 [main] INFO  server.BaseHttpServer (BaseHttpServer.java:updateConnectorAddress(215)) - HTTP server of HDDSDATANODE is listening at http://0.0.0.0:36633
2019-08-31 05:58:32,055 [main] INFO  impl.MetricsSystemImpl (MetricsSystemImpl.java:init(158)) - HddsDatanode metrics system started (again)
2019-08-31 05:58:32,058 [org.apache.hadoop.util.JvmPauseMonitor$Monitor@2efda28f] INFO  util.JvmPauseMonitor (JvmPauseMonitor.java:run(188)) - Starting JVM pause monitor
2019-08-31 05:58:32,059 [main] INFO  ozone.HddsDatanodeService (HddsDatanodeService.java:start(184)) - HddsDatanodeService host:trunk-nightly-20190831-ctmzz-2056601931 ip:192.168.69.127
2019-08-31 05:58:32,062 [Datanode State Machine Thread - 0] INFO  datanode.InitDatanodeState (InitDatanodeState.java:persistContainerDatanodeDetails(140)) - DatanodeDetails is persisted to /workdir/hadoop-ozone/integration-test/target/test-dir/MiniOzoneClusterImpl-08f3fe21-1a76-4db7-ba59-51f14a367526/datanode-0/meta/datanode.id
2019-08-31 05:58:32,064 [main] INFO  volume.HddsVolume (HddsVolume.java:<init>(176)) - Creating Volume: /workdir/hadoop-ozone/integration-test/target/test-dir/MiniOzoneClusterImpl-08f3fe21-1a76-4db7-ba59-51f14a367526/datanode-1/data/containers/hdds of  storage type : DISK and capacity : 1482555576320
2019-08-31 05:58:32,064 [main] INFO  volume.VolumeSet (VolumeSet.java:initializeVolumeSet(170)) - Added Volume : /workdir/hadoop-ozone/integration-test/target/test-dir/MiniOzoneClusterImpl-08f3fe21-1a76-4db7-ba59-51f14a367526/datanode-1/data/containers/hdds to VolumeSet
2019-08-31 05:58:32,064 [main] INFO  volume.ThrottledAsyncChecker (ThrottledAsyncChecker.java:schedule(140)) - Scheduling a check for org.apache.hadoop.ozone.container.common.volume.HddsVolume@228bda54
2019-08-31 05:58:32,065 [main] INFO  volume.HddsVolumeChecker (HddsVolumeChecker.java:checkAllVolumes(203)) - Scheduled health check for volume org.apache.hadoop.ozone.container.common.volume.HddsVolume@228bda54
2019-08-31 05:58:32,077 [main] INFO  impl.RaftServerProxy (ConfUtils.java:logGet(43)) - raft.rpc.type = GRPC (default)
2019-08-31 05:58:32,077 [main] INFO  grpc.GrpcFactory (GrpcFactory.java:checkPooledByteBufAllocatorUseCacheForAllThreads(45)) - PERFORMANCE WARNING: useCacheForAllThreads is true that may cause Netty to create a lot garbage objects and, as a result, trigger GC.
	It is recommended to disable useCacheForAllThreads by setting -Dorg.apache.ratis.thirdparty.io.netty.allocator.useCacheForAllThreads=false in command line.
2019-08-31 05:58:32,078 [main] INFO  grpc.GrpcConfigKeys$Server (ConfUtils.java:logGet(43)) - raft.grpc.server.port = 0 (default)
2019-08-31 05:58:32,078 [main] INFO  server.GrpcService (ConfUtils.java:logGet(43)) - raft.grpc.message.size.max = 33570816 (custom)
2019-08-31 05:58:32,078 [main] INFO  server.RaftServerConfigKeys (ConfUtils.java:logGet(43)) - raft.server.log.appender.buffer.byte-limit = 33554432 (custom)
2019-08-31 05:58:32,078 [main] INFO  server.GrpcService (ConfUtils.java:logGet(43)) - raft.grpc.flow.control.window = 1MB (=1048576) (default)
2019-08-31 05:58:32,078 [main] INFO  server.RaftServerConfigKeys (ConfUtils.java:logGet(43)) - raft.server.rpc.request.timeout = 3000ms (default)
2019-08-31 05:58:32,079 [main] INFO  server.RaftServerConfigKeys (ConfUtils.java:logGet(43)) - raft.server.storage.dir = [/workdir/hadoop-ozone/integration-test/target/test-dir/MiniOzoneClusterImpl-08f3fe21-1a76-4db7-ba59-51f14a367526/datanode-1/data/ratis] (custom)
2019-08-31 05:58:32,081 [main] INFO  hdfs.DFSUtil (DFSUtil.java:httpServerTemplateForNNAndJN(1641)) - Starting Web-server for hddsDatanode at: http://0.0.0.0:0
2019-08-31 05:58:32,083 [main] INFO  server.AuthenticationFilter (AuthenticationFilter.java:constructSecretProvider(240)) - Unable to initialize FileSignerSecretProvider, falling back to use random secrets.
2019-08-31 05:58:32,083 [main] WARN  http.HttpRequestLog (HttpRequestLog.java:getRequestLog(97)) - Jetty request log can only be enabled using Log4j
2019-08-31 05:58:32,084 [main] INFO  http.HttpServer2 (HttpServer2.java:addGlobalFilter(975)) - Added global filter 'safety' (class=org.apache.hadoop.http.HttpServer2$QuotingInputFilter)
2019-08-31 05:58:32,085 [main] INFO  http.HttpServer2 (HttpServer2.java:addFilter(948)) - Added filter static_user_filter (class=org.apache.hadoop.http.lib.StaticUserWebFilter$StaticUserFilter) to context hddsDatanode
2019-08-31 05:58:32,085 [main] INFO  http.HttpServer2 (HttpServer2.java:addFilter(958)) - Added filter static_user_filter (class=org.apache.hadoop.http.lib.StaticUserWebFilter$StaticUserFilter) to context logs
2019-08-31 05:58:32,085 [main] INFO  http.HttpServer2 (HttpServer2.java:addFilter(958)) - Added filter static_user_filter (class=org.apache.hadoop.http.lib.StaticUserWebFilter$StaticUserFilter) to context static
2019-08-31 05:58:32,086 [main] INFO  http.HttpServer2 (HttpServer2.java:bindListener(1191)) - Jetty bound to port 40083
2019-08-31 05:58:32,086 [main] INFO  server.Server (Server.java:doStart(351)) - jetty-9.3.24.v20180605, build timestamp: 2018-06-05T17:11:56Z, git hash: 84205aa28f11a4f31f2a3b86d1bba2cc8ab69827
2019-08-31 05:58:32,088 [main] INFO  handler.ContextHandler (ContextHandler.java:doStart(781)) - Started o.e.j.s.ServletContextHandler@76d72b5b{/logs,file:///workdir/hadoop-ozone/integration-test/target/log,AVAILABLE}
2019-08-31 05:58:32,088 [main] INFO  handler.ContextHandler (ContextHandler.java:doStart(781)) - Started o.e.j.s.ServletContextHandler@479b5066{/static,jar:file:/home/user/.m2/repository/org/apache/hadoop/hadoop-hdds-container-service/0.5.0-SNAPSHOT/hadoop-hdds-container-service-0.5.0-SNAPSHOT.jar!/webapps/static,AVAILABLE}
2019-08-31 05:58:32,130 [main] INFO  handler.ContextHandler (ContextHandler.java:doStart(781)) - Started o.e.j.w.WebAppContext@36c2d629{/,file:///tmp/jetty-0.0.0.0-40083-hddsDatanode-_-any-1002717539604090110.dir/webapp/,AVAILABLE}{/hddsDatanode}
2019-08-31 05:58:32,130 [main] INFO  server.AbstractConnector (AbstractConnector.java:doStart(278)) - Started ServerConnector@55fee662{HTTP/1.1,[http/1.1]}{0.0.0.0:40083}
2019-08-31 05:58:32,132 [main] INFO  server.Server (Server.java:doStart(419)) - Started @49262ms
2019-08-31 05:58:32,132 [main] WARN  impl.MetricsSystemImpl (MetricsSystemImpl.java:register(276)) - Sink prometheus already exists!
2019-08-31 05:58:32,133 [main] INFO  server.BaseHttpServer (BaseHttpServer.java:updateConnectorAddress(215)) - HTTP server of HDDSDATANODE is listening at http://0.0.0.0:40083
2019-08-31 05:58:32,133 [main] INFO  impl.MetricsSystemImpl (MetricsSystemImpl.java:init(158)) - HddsDatanode metrics system started (again)
2019-08-31 05:58:32,137 [main] INFO  ozone.HddsDatanodeService (HddsDatanodeService.java:start(184)) - HddsDatanodeService host:trunk-nightly-20190831-ctmzz-2056601931 ip:192.168.69.127
2019-08-31 05:58:32,137 [org.apache.hadoop.util.JvmPauseMonitor$Monitor@410fbe06] INFO  util.JvmPauseMonitor (JvmPauseMonitor.java:run(188)) - Starting JVM pause monitor
2019-08-31 05:58:32,139 [Datanode State Machine Thread - 0] INFO  datanode.InitDatanodeState (InitDatanodeState.java:persistContainerDatanodeDetails(140)) - DatanodeDetails is persisted to /workdir/hadoop-ozone/integration-test/target/test-dir/MiniOzoneClusterImpl-08f3fe21-1a76-4db7-ba59-51f14a367526/datanode-1/meta/datanode.id
2019-08-31 05:58:32,143 [main] INFO  volume.HddsVolume (HddsVolume.java:<init>(176)) - Creating Volume: /workdir/hadoop-ozone/integration-test/target/test-dir/MiniOzoneClusterImpl-08f3fe21-1a76-4db7-ba59-51f14a367526/datanode-2/data/containers/hdds of  storage type : DISK and capacity : 1482555576320
2019-08-31 05:58:32,143 [main] INFO  volume.VolumeSet (VolumeSet.java:initializeVolumeSet(170)) - Added Volume : /workdir/hadoop-ozone/integration-test/target/test-dir/MiniOzoneClusterImpl-08f3fe21-1a76-4db7-ba59-51f14a367526/datanode-2/data/containers/hdds to VolumeSet
2019-08-31 05:58:32,143 [main] INFO  volume.ThrottledAsyncChecker (ThrottledAsyncChecker.java:schedule(140)) - Scheduling a check for org.apache.hadoop.ozone.container.common.volume.HddsVolume@10c47c79
2019-08-31 05:58:32,144 [main] INFO  volume.HddsVolumeChecker (HddsVolumeChecker.java:checkAllVolumes(203)) - Scheduled health check for volume org.apache.hadoop.ozone.container.common.volume.HddsVolume@10c47c79
2019-08-31 05:58:32,157 [main] INFO  impl.RaftServerProxy (ConfUtils.java:logGet(43)) - raft.rpc.type = GRPC (default)
2019-08-31 05:58:32,158 [main] INFO  grpc.GrpcFactory (GrpcFactory.java:checkPooledByteBufAllocatorUseCacheForAllThreads(45)) - PERFORMANCE WARNING: useCacheForAllThreads is true that may cause Netty to create a lot garbage objects and, as a result, trigger GC.
	It is recommended to disable useCacheForAllThreads by setting -Dorg.apache.ratis.thirdparty.io.netty.allocator.useCacheForAllThreads=false in command line.
2019-08-31 05:58:32,158 [main] INFO  grpc.GrpcConfigKeys$Server (ConfUtils.java:logGet(43)) - raft.grpc.server.port = 0 (default)
2019-08-31 05:58:32,158 [main] INFO  server.GrpcService (ConfUtils.java:logGet(43)) - raft.grpc.message.size.max = 33570816 (custom)
2019-08-31 05:58:32,158 [main] INFO  server.RaftServerConfigKeys (ConfUtils.java:logGet(43)) - raft.server.log.appender.buffer.byte-limit = 33554432 (custom)
2019-08-31 05:58:32,158 [main] INFO  server.GrpcService (ConfUtils.java:logGet(43)) - raft.grpc.flow.control.window = 1MB (=1048576) (default)
2019-08-31 05:58:32,159 [main] INFO  server.RaftServerConfigKeys (ConfUtils.java:logGet(43)) - raft.server.rpc.request.timeout = 3000ms (default)
2019-08-31 05:58:32,159 [main] INFO  server.RaftServerConfigKeys (ConfUtils.java:logGet(43)) - raft.server.storage.dir = [/workdir/hadoop-ozone/integration-test/target/test-dir/MiniOzoneClusterImpl-08f3fe21-1a76-4db7-ba59-51f14a367526/datanode-2/data/ratis] (custom)
2019-08-31 05:58:32,160 [main] INFO  hdfs.DFSUtil (DFSUtil.java:httpServerTemplateForNNAndJN(1641)) - Starting Web-server for hddsDatanode at: http://0.0.0.0:0
2019-08-31 05:58:32,161 [main] INFO  server.AuthenticationFilter (AuthenticationFilter.java:constructSecretProvider(240)) - Unable to initialize FileSignerSecretProvider, falling back to use random secrets.
2019-08-31 05:58:32,162 [main] WARN  http.HttpRequestLog (HttpRequestLog.java:getRequestLog(97)) - Jetty request log can only be enabled using Log4j
2019-08-31 05:58:32,163 [main] INFO  http.HttpServer2 (HttpServer2.java:addGlobalFilter(975)) - Added global filter 'safety' (class=org.apache.hadoop.http.HttpServer2$QuotingInputFilter)
2019-08-31 05:58:32,164 [main] INFO  http.HttpServer2 (HttpServer2.java:addFilter(948)) - Added filter static_user_filter (class=org.apache.hadoop.http.lib.StaticUserWebFilter$StaticUserFilter) to context hddsDatanode
2019-08-31 05:58:32,164 [main] INFO  http.HttpServer2 (HttpServer2.java:addFilter(958)) - Added filter static_user_filter (class=org.apache.hadoop.http.lib.StaticUserWebFilter$StaticUserFilter) to context logs
2019-08-31 05:58:32,164 [main] INFO  http.HttpServer2 (HttpServer2.java:addFilter(958)) - Added filter static_user_filter (class=org.apache.hadoop.http.lib.StaticUserWebFilter$StaticUserFilter) to context static
2019-08-31 05:58:32,165 [main] INFO  http.HttpServer2 (HttpServer2.java:bindListener(1191)) - Jetty bound to port 36857
2019-08-31 05:58:32,165 [main] INFO  server.Server (Server.java:doStart(351)) - jetty-9.3.24.v20180605, build timestamp: 2018-06-05T17:11:56Z, git hash: 84205aa28f11a4f31f2a3b86d1bba2cc8ab69827
2019-08-31 05:58:32,167 [main] INFO  handler.ContextHandler (ContextHandler.java:doStart(781)) - Started o.e.j.s.ServletContextHandler@35c4e864{/logs,file:///workdir/hadoop-ozone/integration-test/target/log,AVAILABLE}
2019-08-31 05:58:32,168 [main] INFO  handler.ContextHandler (ContextHandler.java:doStart(781)) - Started o.e.j.s.ServletContextHandler@682af059{/static,jar:file:/home/user/.m2/repository/org/apache/hadoop/hadoop-hdds-container-service/0.5.0-SNAPSHOT/hadoop-hdds-container-service-0.5.0-SNAPSHOT.jar!/webapps/static,AVAILABLE}
2019-08-31 05:58:32,195 [main] INFO  handler.ContextHandler (ContextHandler.java:doStart(781)) - Started o.e.j.w.WebAppContext@68d6d775{/,file:///tmp/jetty-0.0.0.0-36857-hddsDatanode-_-any-2480263454856029452.dir/webapp/,AVAILABLE}{/hddsDatanode}
2019-08-31 05:58:32,195 [main] INFO  server.AbstractConnector (AbstractConnector.java:doStart(278)) - Started ServerConnector@b67cc70{HTTP/1.1,[http/1.1]}{0.0.0.0:36857}
2019-08-31 05:58:32,196 [main] INFO  server.Server (Server.java:doStart(419)) - Started @49326ms
2019-08-31 05:58:32,196 [main] WARN  impl.MetricsSystemImpl (MetricsSystemImpl.java:register(276)) - Sink prometheus already exists!
2019-08-31 05:58:32,197 [main] INFO  server.BaseHttpServer (BaseHttpServer.java:updateConnectorAddress(215)) - HTTP server of HDDSDATANODE is listening at http://0.0.0.0:36857
2019-08-31 05:58:32,197 [main] INFO  impl.MetricsSystemImpl (MetricsSystemImpl.java:init(158)) - HddsDatanode metrics system started (again)
2019-08-31 05:58:32,200 [org.apache.hadoop.util.JvmPauseMonitor$Monitor@4caba535] INFO  util.JvmPauseMonitor (JvmPauseMonitor.java:run(188)) - Starting JVM pause monitor
2019-08-31 05:58:32,200 [main] INFO  ozone.HddsDatanodeService (HddsDatanodeService.java:start(184)) - HddsDatanodeService host:trunk-nightly-20190831-ctmzz-2056601931 ip:192.168.69.127
2019-08-31 05:58:32,202 [Datanode State Machine Thread - 0] INFO  datanode.InitDatanodeState (InitDatanodeState.java:persistContainerDatanodeDetails(140)) - DatanodeDetails is persisted to /workdir/hadoop-ozone/integration-test/target/test-dir/MiniOzoneClusterImpl-08f3fe21-1a76-4db7-ba59-51f14a367526/datanode-2/meta/datanode.id
2019-08-31 05:58:32,206 [main] INFO  volume.HddsVolume (HddsVolume.java:<init>(176)) - Creating Volume: /workdir/hadoop-ozone/integration-test/target/test-dir/MiniOzoneClusterImpl-08f3fe21-1a76-4db7-ba59-51f14a367526/datanode-3/data/containers/hdds of  storage type : DISK and capacity : 1482555576320
2019-08-31 05:58:32,207 [main] INFO  volume.VolumeSet (VolumeSet.java:initializeVolumeSet(170)) - Added Volume : /workdir/hadoop-ozone/integration-test/target/test-dir/MiniOzoneClusterImpl-08f3fe21-1a76-4db7-ba59-51f14a367526/datanode-3/data/containers/hdds to VolumeSet
2019-08-31 05:58:32,207 [main] INFO  volume.ThrottledAsyncChecker (ThrottledAsyncChecker.java:schedule(140)) - Scheduling a check for org.apache.hadoop.ozone.container.common.volume.HddsVolume@2fe74516
2019-08-31 05:58:32,207 [main] INFO  volume.HddsVolumeChecker (HddsVolumeChecker.java:checkAllVolumes(203)) - Scheduled health check for volume org.apache.hadoop.ozone.container.common.volume.HddsVolume@2fe74516
2019-08-31 05:58:32,222 [main] INFO  impl.RaftServerProxy (ConfUtils.java:logGet(43)) - raft.rpc.type = GRPC (default)
2019-08-31 05:58:32,223 [main] INFO  grpc.GrpcFactory (GrpcFactory.java:checkPooledByteBufAllocatorUseCacheForAllThreads(45)) - PERFORMANCE WARNING: useCacheForAllThreads is true that may cause Netty to create a lot garbage objects and, as a result, trigger GC.
	It is recommended to disable useCacheForAllThreads by setting -Dorg.apache.ratis.thirdparty.io.netty.allocator.useCacheForAllThreads=false in command line.
2019-08-31 05:58:32,223 [main] INFO  grpc.GrpcConfigKeys$Server (ConfUtils.java:logGet(43)) - raft.grpc.server.port = 0 (default)
2019-08-31 05:58:32,223 [main] INFO  server.GrpcService (ConfUtils.java:logGet(43)) - raft.grpc.message.size.max = 33570816 (custom)
2019-08-31 05:58:32,223 [main] INFO  server.RaftServerConfigKeys (ConfUtils.java:logGet(43)) - raft.server.log.appender.buffer.byte-limit = 33554432 (custom)
2019-08-31 05:58:32,223 [main] INFO  server.GrpcService (ConfUtils.java:logGet(43)) - raft.grpc.flow.control.window = 1MB (=1048576) (default)
2019-08-31 05:58:32,224 [main] INFO  server.RaftServerConfigKeys (ConfUtils.java:logGet(43)) - raft.server.rpc.request.timeout = 3000ms (default)
2019-08-31 05:58:32,224 [main] INFO  server.RaftServerConfigKeys (ConfUtils.java:logGet(43)) - raft.server.storage.dir = [/workdir/hadoop-ozone/integration-test/target/test-dir/MiniOzoneClusterImpl-08f3fe21-1a76-4db7-ba59-51f14a367526/datanode-3/data/ratis] (custom)
2019-08-31 05:58:32,225 [main] INFO  hdfs.DFSUtil (DFSUtil.java:httpServerTemplateForNNAndJN(1641)) - Starting Web-server for hddsDatanode at: http://0.0.0.0:0
2019-08-31 05:58:32,227 [main] INFO  server.AuthenticationFilter (AuthenticationFilter.java:constructSecretProvider(240)) - Unable to initialize FileSignerSecretProvider, falling back to use random secrets.
2019-08-31 05:58:32,227 [main] WARN  http.HttpRequestLog (HttpRequestLog.java:getRequestLog(97)) - Jetty request log can only be enabled using Log4j
2019-08-31 05:58:32,228 [main] INFO  http.HttpServer2 (HttpServer2.java:addGlobalFilter(975)) - Added global filter 'safety' (class=org.apache.hadoop.http.HttpServer2$QuotingInputFilter)
2019-08-31 05:58:32,229 [main] INFO  http.HttpServer2 (HttpServer2.java:addFilter(948)) - Added filter static_user_filter (class=org.apache.hadoop.http.lib.StaticUserWebFilter$StaticUserFilter) to context hddsDatanode
2019-08-31 05:58:32,229 [main] INFO  http.HttpServer2 (HttpServer2.java:addFilter(958)) - Added filter static_user_filter (class=org.apache.hadoop.http.lib.StaticUserWebFilter$StaticUserFilter) to context static
2019-08-31 05:58:32,229 [main] INFO  http.HttpServer2 (HttpServer2.java:addFilter(958)) - Added filter static_user_filter (class=org.apache.hadoop.http.lib.StaticUserWebFilter$StaticUserFilter) to context logs
2019-08-31 05:58:32,230 [main] INFO  http.HttpServer2 (HttpServer2.java:bindListener(1191)) - Jetty bound to port 46020
2019-08-31 05:58:32,230 [main] INFO  server.Server (Server.java:doStart(351)) - jetty-9.3.24.v20180605, build timestamp: 2018-06-05T17:11:56Z, git hash: 84205aa28f11a4f31f2a3b86d1bba2cc8ab69827
2019-08-31 05:58:32,231 [main] INFO  handler.ContextHandler (ContextHandler.java:doStart(781)) - Started o.e.j.s.ServletContextHandler@1fbf088b{/logs,file:///workdir/hadoop-ozone/integration-test/target/log,AVAILABLE}
2019-08-31 05:58:32,232 [main] INFO  handler.ContextHandler (ContextHandler.java:doStart(781)) - Started o.e.j.s.ServletContextHandler@d70f722{/static,jar:file:/home/user/.m2/repository/org/apache/hadoop/hadoop-hdds-container-service/0.5.0-SNAPSHOT/hadoop-hdds-container-service-0.5.0-SNAPSHOT.jar!/webapps/static,AVAILABLE}
2019-08-31 05:58:32,259 [main] INFO  handler.ContextHandler (ContextHandler.java:doStart(781)) - Started o.e.j.w.WebAppContext@4c6b4ed7{/,file:///tmp/jetty-0.0.0.0-46020-hddsDatanode-_-any-2558716674760707284.dir/webapp/,AVAILABLE}{/hddsDatanode}
2019-08-31 05:58:32,259 [main] INFO  server.AbstractConnector (AbstractConnector.java:doStart(278)) - Started ServerConnector@21263314{HTTP/1.1,[http/1.1]}{0.0.0.0:46020}
2019-08-31 05:58:32,261 [main] INFO  server.Server (Server.java:doStart(419)) - Started @49392ms
2019-08-31 05:58:32,261 [main] WARN  impl.MetricsSystemImpl (MetricsSystemImpl.java:register(276)) - Sink prometheus already exists!
2019-08-31 05:58:32,262 [main] INFO  server.BaseHttpServer (BaseHttpServer.java:updateConnectorAddress(215)) - HTTP server of HDDSDATANODE is listening at http://0.0.0.0:46020
2019-08-31 05:58:32,262 [main] INFO  impl.MetricsSystemImpl (MetricsSystemImpl.java:init(158)) - HddsDatanode metrics system started (again)
2019-08-31 05:58:32,266 [org.apache.hadoop.util.JvmPauseMonitor$Monitor@5b9f0fb] INFO  util.JvmPauseMonitor (JvmPauseMonitor.java:run(188)) - Starting JVM pause monitor
2019-08-31 05:58:32,266 [main] INFO  ozone.HddsDatanodeService (HddsDatanodeService.java:start(184)) - HddsDatanodeService host:trunk-nightly-20190831-ctmzz-2056601931 ip:192.168.69.127
2019-08-31 05:58:32,267 [Datanode State Machine Thread - 0] INFO  datanode.InitDatanodeState (InitDatanodeState.java:persistContainerDatanodeDetails(140)) - DatanodeDetails is persisted to /workdir/hadoop-ozone/integration-test/target/test-dir/MiniOzoneClusterImpl-08f3fe21-1a76-4db7-ba59-51f14a367526/datanode-3/meta/datanode.id
2019-08-31 05:58:32,271 [main] INFO  volume.HddsVolume (HddsVolume.java:<init>(176)) - Creating Volume: /workdir/hadoop-ozone/integration-test/target/test-dir/MiniOzoneClusterImpl-08f3fe21-1a76-4db7-ba59-51f14a367526/datanode-4/data/containers/hdds of  storage type : DISK and capacity : 1482555576320
2019-08-31 05:58:32,272 [main] INFO  volume.VolumeSet (VolumeSet.java:initializeVolumeSet(170)) - Added Volume : /workdir/hadoop-ozone/integration-test/target/test-dir/MiniOzoneClusterImpl-08f3fe21-1a76-4db7-ba59-51f14a367526/datanode-4/data/containers/hdds to VolumeSet
2019-08-31 05:58:32,272 [main] INFO  volume.ThrottledAsyncChecker (ThrottledAsyncChecker.java:schedule(140)) - Scheduling a check for org.apache.hadoop.ozone.container.common.volume.HddsVolume@40247d48
2019-08-31 05:58:32,273 [main] INFO  volume.HddsVolumeChecker (HddsVolumeChecker.java:checkAllVolumes(203)) - Scheduled health check for volume org.apache.hadoop.ozone.container.common.volume.HddsVolume@40247d48
2019-08-31 05:58:32,291 [main] INFO  impl.RaftServerProxy (ConfUtils.java:logGet(43)) - raft.rpc.type = GRPC (default)
2019-08-31 05:58:32,292 [main] INFO  grpc.GrpcFactory (GrpcFactory.java:checkPooledByteBufAllocatorUseCacheForAllThreads(45)) - PERFORMANCE WARNING: useCacheForAllThreads is true that may cause Netty to create a lot garbage objects and, as a result, trigger GC.
	It is recommended to disable useCacheForAllThreads by setting -Dorg.apache.ratis.thirdparty.io.netty.allocator.useCacheForAllThreads=false in command line.
2019-08-31 05:58:32,292 [main] INFO  grpc.GrpcConfigKeys$Server (ConfUtils.java:logGet(43)) - raft.grpc.server.port = 0 (default)
2019-08-31 05:58:32,292 [main] INFO  server.GrpcService (ConfUtils.java:logGet(43)) - raft.grpc.message.size.max = 33570816 (custom)
2019-08-31 05:58:32,293 [main] INFO  server.RaftServerConfigKeys (ConfUtils.java:logGet(43)) - raft.server.log.appender.buffer.byte-limit = 33554432 (custom)
2019-08-31 05:58:32,293 [main] INFO  server.GrpcService (ConfUtils.java:logGet(43)) - raft.grpc.flow.control.window = 1MB (=1048576) (default)
2019-08-31 05:58:32,293 [main] INFO  server.RaftServerConfigKeys (ConfUtils.java:logGet(43)) - raft.server.rpc.request.timeout = 3000ms (default)
2019-08-31 05:58:32,294 [main] INFO  server.RaftServerConfigKeys (ConfUtils.java:logGet(43)) - raft.server.storage.dir = [/workdir/hadoop-ozone/integration-test/target/test-dir/MiniOzoneClusterImpl-08f3fe21-1a76-4db7-ba59-51f14a367526/datanode-4/data/ratis] (custom)
2019-08-31 05:58:32,295 [main] INFO  hdfs.DFSUtil (DFSUtil.java:httpServerTemplateForNNAndJN(1641)) - Starting Web-server for hddsDatanode at: http://0.0.0.0:0
2019-08-31 05:58:32,297 [main] INFO  server.AuthenticationFilter (AuthenticationFilter.java:constructSecretProvider(240)) - Unable to initialize FileSignerSecretProvider, falling back to use random secrets.
2019-08-31 05:58:32,297 [main] WARN  http.HttpRequestLog (HttpRequestLog.java:getRequestLog(97)) - Jetty request log can only be enabled using Log4j
2019-08-31 05:58:32,298 [main] INFO  http.HttpServer2 (HttpServer2.java:addGlobalFilter(975)) - Added global filter 'safety' (class=org.apache.hadoop.http.HttpServer2$QuotingInputFilter)
2019-08-31 05:58:32,299 [main] INFO  http.HttpServer2 (HttpServer2.java:addFilter(948)) - Added filter static_user_filter (class=org.apache.hadoop.http.lib.StaticUserWebFilter$StaticUserFilter) to context hddsDatanode
2019-08-31 05:58:32,299 [main] INFO  http.HttpServer2 (HttpServer2.java:addFilter(958)) - Added filter static_user_filter (class=org.apache.hadoop.http.lib.StaticUserWebFilter$StaticUserFilter) to context logs
2019-08-31 05:58:32,299 [main] INFO  http.HttpServer2 (HttpServer2.java:addFilter(958)) - Added filter static_user_filter (class=org.apache.hadoop.http.lib.StaticUserWebFilter$StaticUserFilter) to context static
2019-08-31 05:58:32,300 [main] INFO  http.HttpServer2 (HttpServer2.java:bindListener(1191)) - Jetty bound to port 45272
2019-08-31 05:58:32,300 [main] INFO  server.Server (Server.java:doStart(351)) - jetty-9.3.24.v20180605, build timestamp: 2018-06-05T17:11:56Z, git hash: 84205aa28f11a4f31f2a3b86d1bba2cc8ab69827
2019-08-31 05:58:32,302 [main] INFO  handler.ContextHandler (ContextHandler.java:doStart(781)) - Started o.e.j.s.ServletContextHandler@3e1fd62b{/logs,file:///workdir/hadoop-ozone/integration-test/target/log,AVAILABLE}
2019-08-31 05:58:32,303 [main] INFO  handler.ContextHandler (ContextHandler.java:doStart(781)) - Started o.e.j.s.ServletContextHandler@558b4942{/static,jar:file:/home/user/.m2/repository/org/apache/hadoop/hadoop-hdds-container-service/0.5.0-SNAPSHOT/hadoop-hdds-container-service-0.5.0-SNAPSHOT.jar!/webapps/static,AVAILABLE}
2019-08-31 05:58:32,331 [main] INFO  handler.ContextHandler (ContextHandler.java:doStart(781)) - Started o.e.j.w.WebAppContext@77f991c{/,file:///tmp/jetty-0.0.0.0-45272-hddsDatanode-_-any-8432639550914290948.dir/webapp/,AVAILABLE}{/hddsDatanode}
2019-08-31 05:58:32,331 [main] INFO  server.AbstractConnector (AbstractConnector.java:doStart(278)) - Started ServerConnector@3a7e365{HTTP/1.1,[http/1.1]}{0.0.0.0:45272}
2019-08-31 05:58:32,333 [main] INFO  server.Server (Server.java:doStart(419)) - Started @49463ms
2019-08-31 05:58:32,333 [main] WARN  impl.MetricsSystemImpl (MetricsSystemImpl.java:register(276)) - Sink prometheus already exists!
2019-08-31 05:58:32,334 [main] INFO  server.BaseHttpServer (BaseHttpServer.java:updateConnectorAddress(215)) - HTTP server of HDDSDATANODE is listening at http://0.0.0.0:45272
2019-08-31 05:58:32,334 [main] INFO  impl.MetricsSystemImpl (MetricsSystemImpl.java:init(158)) - HddsDatanode metrics system started (again)
2019-08-31 05:58:32,339 [org.apache.hadoop.util.JvmPauseMonitor$Monitor@6a1b0e2b] INFO  util.JvmPauseMonitor (JvmPauseMonitor.java:run(188)) - Starting JVM pause monitor
2019-08-31 05:58:32,339 [main] INFO  ozone.HddsDatanodeService (HddsDatanodeService.java:start(184)) - HddsDatanodeService host:trunk-nightly-20190831-ctmzz-2056601931 ip:192.168.69.127
2019-08-31 05:58:32,341 [Datanode State Machine Thread - 0] INFO  datanode.InitDatanodeState (InitDatanodeState.java:persistContainerDatanodeDetails(140)) - DatanodeDetails is persisted to /workdir/hadoop-ozone/integration-test/target/test-dir/MiniOzoneClusterImpl-08f3fe21-1a76-4db7-ba59-51f14a367526/datanode-4/meta/datanode.id
2019-08-31 05:58:32,345 [main] INFO  volume.HddsVolume (HddsVolume.java:<init>(176)) - Creating Volume: /workdir/hadoop-ozone/integration-test/target/test-dir/MiniOzoneClusterImpl-08f3fe21-1a76-4db7-ba59-51f14a367526/datanode-5/data/containers/hdds of  storage type : DISK and capacity : 1482555576320
2019-08-31 05:58:32,346 [main] INFO  volume.VolumeSet (VolumeSet.java:initializeVolumeSet(170)) - Added Volume : /workdir/hadoop-ozone/integration-test/target/test-dir/MiniOzoneClusterImpl-08f3fe21-1a76-4db7-ba59-51f14a367526/datanode-5/data/containers/hdds to VolumeSet
2019-08-31 05:58:32,346 [main] INFO  volume.ThrottledAsyncChecker (ThrottledAsyncChecker.java:schedule(140)) - Scheduling a check for org.apache.hadoop.ozone.container.common.volume.HddsVolume@d48e998
2019-08-31 05:58:32,346 [main] INFO  volume.HddsVolumeChecker (HddsVolumeChecker.java:checkAllVolumes(203)) - Scheduled health check for volume org.apache.hadoop.ozone.container.common.volume.HddsVolume@d48e998
2019-08-31 05:58:32,360 [main] INFO  impl.RaftServerProxy (ConfUtils.java:logGet(43)) - raft.rpc.type = GRPC (default)
2019-08-31 05:58:32,360 [main] INFO  grpc.GrpcFactory (GrpcFactory.java:checkPooledByteBufAllocatorUseCacheForAllThreads(45)) - PERFORMANCE WARNING: useCacheForAllThreads is true that may cause Netty to create a lot garbage objects and, as a result, trigger GC.
	It is recommended to disable useCacheForAllThreads by setting -Dorg.apache.ratis.thirdparty.io.netty.allocator.useCacheForAllThreads=false in command line.
2019-08-31 05:58:32,360 [main] INFO  grpc.GrpcConfigKeys$Server (ConfUtils.java:logGet(43)) - raft.grpc.server.port = 0 (default)
2019-08-31 05:58:32,361 [main] INFO  server.GrpcService (ConfUtils.java:logGet(43)) - raft.grpc.message.size.max = 33570816 (custom)
2019-08-31 05:58:32,361 [main] INFO  server.RaftServerConfigKeys (ConfUtils.java:logGet(43)) - raft.server.log.appender.buffer.byte-limit = 33554432 (custom)
2019-08-31 05:58:32,361 [main] INFO  server.GrpcService (ConfUtils.java:logGet(43)) - raft.grpc.flow.control.window = 1MB (=1048576) (default)
2019-08-31 05:58:32,361 [main] INFO  server.RaftServerConfigKeys (ConfUtils.java:logGet(43)) - raft.server.rpc.request.timeout = 3000ms (default)
2019-08-31 05:58:32,362 [main] INFO  server.RaftServerConfigKeys (ConfUtils.java:logGet(43)) - raft.server.storage.dir = [/workdir/hadoop-ozone/integration-test/target/test-dir/MiniOzoneClusterImpl-08f3fe21-1a76-4db7-ba59-51f14a367526/datanode-5/data/ratis] (custom)
2019-08-31 05:58:32,363 [main] INFO  hdfs.DFSUtil (DFSUtil.java:httpServerTemplateForNNAndJN(1641)) - Starting Web-server for hddsDatanode at: http://0.0.0.0:0
2019-08-31 05:58:32,364 [main] INFO  server.AuthenticationFilter (AuthenticationFilter.java:constructSecretProvider(240)) - Unable to initialize FileSignerSecretProvider, falling back to use random secrets.
2019-08-31 05:58:32,364 [main] WARN  http.HttpRequestLog (HttpRequestLog.java:getRequestLog(97)) - Jetty request log can only be enabled using Log4j
2019-08-31 05:58:32,366 [main] INFO  http.HttpServer2 (HttpServer2.java:addGlobalFilter(975)) - Added global filter 'safety' (class=org.apache.hadoop.http.HttpServer2$QuotingInputFilter)
2019-08-31 05:58:32,366 [main] INFO  http.HttpServer2 (HttpServer2.java:addFilter(948)) - Added filter static_user_filter (class=org.apache.hadoop.http.lib.StaticUserWebFilter$StaticUserFilter) to context hddsDatanode
2019-08-31 05:58:32,366 [main] INFO  http.HttpServer2 (HttpServer2.java:addFilter(958)) - Added filter static_user_filter (class=org.apache.hadoop.http.lib.StaticUserWebFilter$StaticUserFilter) to context logs
2019-08-31 05:58:32,367 [main] INFO  http.HttpServer2 (HttpServer2.java:addFilter(958)) - Added filter static_user_filter (class=org.apache.hadoop.http.lib.StaticUserWebFilter$StaticUserFilter) to context static
2019-08-31 05:58:32,367 [main] INFO  http.HttpServer2 (HttpServer2.java:bindListener(1191)) - Jetty bound to port 36968
2019-08-31 05:58:32,367 [main] INFO  server.Server (Server.java:doStart(351)) - jetty-9.3.24.v20180605, build timestamp: 2018-06-05T17:11:56Z, git hash: 84205aa28f11a4f31f2a3b86d1bba2cc8ab69827
2019-08-31 05:58:32,369 [main] INFO  handler.ContextHandler (ContextHandler.java:doStart(781)) - Started o.e.j.s.ServletContextHandler@27a09971{/logs,file:///workdir/hadoop-ozone/integration-test/target/log,AVAILABLE}
2019-08-31 05:58:32,369 [main] INFO  handler.ContextHandler (ContextHandler.java:doStart(781)) - Started o.e.j.s.ServletContextHandler@46dcbeab{/static,jar:file:/home/user/.m2/repository/org/apache/hadoop/hadoop-hdds-container-service/0.5.0-SNAPSHOT/hadoop-hdds-container-service-0.5.0-SNAPSHOT.jar!/webapps/static,AVAILABLE}
2019-08-31 05:58:32,396 [main] INFO  handler.ContextHandler (ContextHandler.java:doStart(781)) - Started o.e.j.w.WebAppContext@687e6293{/,file:///tmp/jetty-0.0.0.0-36968-hddsDatanode-_-any-5235773114661254920.dir/webapp/,AVAILABLE}{/hddsDatanode}
2019-08-31 05:58:32,396 [main] INFO  server.AbstractConnector (AbstractConnector.java:doStart(278)) - Started ServerConnector@6870c3c2{HTTP/1.1,[http/1.1]}{0.0.0.0:36968}
2019-08-31 05:58:32,398 [main] INFO  server.Server (Server.java:doStart(419)) - Started @49529ms
2019-08-31 05:58:32,398 [main] WARN  impl.MetricsSystemImpl (MetricsSystemImpl.java:register(276)) - Sink prometheus already exists!
2019-08-31 05:58:32,399 [main] INFO  server.BaseHttpServer (BaseHttpServer.java:updateConnectorAddress(215)) - HTTP server of HDDSDATANODE is listening at http://0.0.0.0:36968
2019-08-31 05:58:32,399 [main] INFO  impl.MetricsSystemImpl (MetricsSystemImpl.java:init(158)) - HddsDatanode metrics system started (again)
2019-08-31 05:58:32,404 [org.apache.hadoop.util.JvmPauseMonitor$Monitor@31a7a06c] INFO  util.JvmPauseMonitor (JvmPauseMonitor.java:run(188)) - Starting JVM pause monitor
2019-08-31 05:58:32,404 [main] INFO  ozone.HddsDatanodeService (HddsDatanodeService.java:start(184)) - HddsDatanodeService host:trunk-nightly-20190831-ctmzz-2056601931 ip:192.168.69.127
2019-08-31 05:58:32,406 [Datanode State Machine Thread - 0] INFO  datanode.InitDatanodeState (InitDatanodeState.java:persistContainerDatanodeDetails(140)) - DatanodeDetails is persisted to /workdir/hadoop-ozone/integration-test/target/test-dir/MiniOzoneClusterImpl-08f3fe21-1a76-4db7-ba59-51f14a367526/datanode-5/meta/datanode.id
2019-08-31 05:58:32,410 [main] INFO  volume.HddsVolume (HddsVolume.java:<init>(176)) - Creating Volume: /workdir/hadoop-ozone/integration-test/target/test-dir/MiniOzoneClusterImpl-08f3fe21-1a76-4db7-ba59-51f14a367526/datanode-6/data/containers/hdds of  storage type : DISK and capacity : 1482555576320
2019-08-31 05:58:32,410 [main] INFO  volume.VolumeSet (VolumeSet.java:initializeVolumeSet(170)) - Added Volume : /workdir/hadoop-ozone/integration-test/target/test-dir/MiniOzoneClusterImpl-08f3fe21-1a76-4db7-ba59-51f14a367526/datanode-6/data/containers/hdds to VolumeSet
2019-08-31 05:58:32,410 [main] INFO  volume.ThrottledAsyncChecker (ThrottledAsyncChecker.java:schedule(140)) - Scheduling a check for org.apache.hadoop.ozone.container.common.volume.HddsVolume@5b47731f
2019-08-31 05:58:32,411 [main] INFO  volume.HddsVolumeChecker (HddsVolumeChecker.java:checkAllVolumes(203)) - Scheduled health check for volume org.apache.hadoop.ozone.container.common.volume.HddsVolume@5b47731f
2019-08-31 05:58:32,427 [main] INFO  impl.RaftServerProxy (ConfUtils.java:logGet(43)) - raft.rpc.type = GRPC (default)
2019-08-31 05:58:32,427 [main] INFO  grpc.GrpcFactory (GrpcFactory.java:checkPooledByteBufAllocatorUseCacheForAllThreads(45)) - PERFORMANCE WARNING: useCacheForAllThreads is true that may cause Netty to create a lot garbage objects and, as a result, trigger GC.
	It is recommended to disable useCacheForAllThreads by setting -Dorg.apache.ratis.thirdparty.io.netty.allocator.useCacheForAllThreads=false in command line.
2019-08-31 05:58:32,427 [main] INFO  grpc.GrpcConfigKeys$Server (ConfUtils.java:logGet(43)) - raft.grpc.server.port = 0 (default)
2019-08-31 05:58:32,427 [main] INFO  server.GrpcService (ConfUtils.java:logGet(43)) - raft.grpc.message.size.max = 33570816 (custom)
2019-08-31 05:58:32,428 [main] INFO  server.RaftServerConfigKeys (ConfUtils.java:logGet(43)) - raft.server.log.appender.buffer.byte-limit = 33554432 (custom)
2019-08-31 05:58:32,428 [main] INFO  server.GrpcService (ConfUtils.java:logGet(43)) - raft.grpc.flow.control.window = 1MB (=1048576) (default)
2019-08-31 05:58:32,428 [main] INFO  server.RaftServerConfigKeys (ConfUtils.java:logGet(43)) - raft.server.rpc.request.timeout = 3000ms (default)
2019-08-31 05:58:32,428 [main] INFO  server.RaftServerConfigKeys (ConfUtils.java:logGet(43)) - raft.server.storage.dir = [/workdir/hadoop-ozone/integration-test/target/test-dir/MiniOzoneClusterImpl-08f3fe21-1a76-4db7-ba59-51f14a367526/datanode-6/data/ratis] (custom)
2019-08-31 05:58:32,430 [main] INFO  hdfs.DFSUtil (DFSUtil.java:httpServerTemplateForNNAndJN(1641)) - Starting Web-server for hddsDatanode at: http://0.0.0.0:0
2019-08-31 05:58:32,431 [main] INFO  server.AuthenticationFilter (AuthenticationFilter.java:constructSecretProvider(240)) - Unable to initialize FileSignerSecretProvider, falling back to use random secrets.
2019-08-31 05:58:32,431 [main] WARN  http.HttpRequestLog (HttpRequestLog.java:getRequestLog(97)) - Jetty request log can only be enabled using Log4j
2019-08-31 05:58:32,432 [main] INFO  http.HttpServer2 (HttpServer2.java:addGlobalFilter(975)) - Added global filter 'safety' (class=org.apache.hadoop.http.HttpServer2$QuotingInputFilter)
2019-08-31 05:58:32,433 [main] INFO  http.HttpServer2 (HttpServer2.java:addFilter(948)) - Added filter static_user_filter (class=org.apache.hadoop.http.lib.StaticUserWebFilter$StaticUserFilter) to context hddsDatanode
2019-08-31 05:58:32,433 [main] INFO  http.HttpServer2 (HttpServer2.java:addFilter(958)) - Added filter static_user_filter (class=org.apache.hadoop.http.lib.StaticUserWebFilter$StaticUserFilter) to context static
2019-08-31 05:58:32,433 [main] INFO  http.HttpServer2 (HttpServer2.java:addFilter(958)) - Added filter static_user_filter (class=org.apache.hadoop.http.lib.StaticUserWebFilter$StaticUserFilter) to context logs
2019-08-31 05:58:32,434 [main] INFO  http.HttpServer2 (HttpServer2.java:bindListener(1191)) - Jetty bound to port 40137
2019-08-31 05:58:32,434 [main] INFO  server.Server (Server.java:doStart(351)) - jetty-9.3.24.v20180605, build timestamp: 2018-06-05T17:11:56Z, git hash: 84205aa28f11a4f31f2a3b86d1bba2cc8ab69827
2019-08-31 05:58:32,436 [main] INFO  handler.ContextHandler (ContextHandler.java:doStart(781)) - Started o.e.j.s.ServletContextHandler@3408f695{/logs,file:///workdir/hadoop-ozone/integration-test/target/log,AVAILABLE}
2019-08-31 05:58:32,436 [main] INFO  handler.ContextHandler (ContextHandler.java:doStart(781)) - Started o.e.j.s.ServletContextHandler@4dde8976{/static,jar:file:/home/user/.m2/repository/org/apache/hadoop/hadoop-hdds-container-service/0.5.0-SNAPSHOT/hadoop-hdds-container-service-0.5.0-SNAPSHOT.jar!/webapps/static,AVAILABLE}
2019-08-31 05:58:32,463 [main] INFO  handler.ContextHandler (ContextHandler.java:doStart(781)) - Started o.e.j.w.WebAppContext@de7e193{/,file:///tmp/jetty-0.0.0.0-40137-hddsDatanode-_-any-7636331087042742331.dir/webapp/,AVAILABLE}{/hddsDatanode}
2019-08-31 05:58:32,463 [main] INFO  server.AbstractConnector (AbstractConnector.java:doStart(278)) - Started ServerConnector@13e5d243{HTTP/1.1,[http/1.1]}{0.0.0.0:40137}
2019-08-31 05:58:32,465 [main] INFO  server.Server (Server.java:doStart(419)) - Started @49596ms
2019-08-31 05:58:32,466 [main] WARN  impl.MetricsSystemImpl (MetricsSystemImpl.java:register(276)) - Sink prometheus already exists!
2019-08-31 05:58:32,466 [main] INFO  server.BaseHttpServer (BaseHttpServer.java:updateConnectorAddress(215)) - HTTP server of HDDSDATANODE is listening at http://0.0.0.0:40137
2019-08-31 05:58:32,466 [main] INFO  ozone.MiniOzoneClusterImpl (MiniOzoneClusterImpl.java:lambda$waitForClusterToBeReady$0(140)) - Waiting for cluster to be ready. Got 0 of 7 DN Heartbeats.
2019-08-31 05:58:32,470 [org.apache.hadoop.util.JvmPauseMonitor$Monitor@2b80746a] INFO  util.JvmPauseMonitor (JvmPauseMonitor.java:run(188)) - Starting JVM pause monitor
2019-08-31 05:58:32,472 [Datanode State Machine Thread - 0] INFO  datanode.InitDatanodeState (InitDatanodeState.java:persistContainerDatanodeDetails(140)) - DatanodeDetails is persisted to /workdir/hadoop-ozone/integration-test/target/test-dir/MiniOzoneClusterImpl-08f3fe21-1a76-4db7-ba59-51f14a367526/datanode-6/meta/datanode.id
2019-08-31 05:58:33,467 [main] INFO  ozone.MiniOzoneClusterImpl (MiniOzoneClusterImpl.java:lambda$waitForClusterToBeReady$0(140)) - Waiting for cluster to be ready. Got 0 of 7 DN Heartbeats.
2019-08-31 05:58:34,096 [Datanode State Machine Thread - 0] INFO  ozoneimpl.OzoneContainer (OzoneContainer.java:start(201)) - Attempting to start container services.
2019-08-31 05:58:34,099 [Datanode State Machine Thread - 0] INFO  ozoneimpl.OzoneContainer (OzoneContainer.java:startContainerScrub(175)) - Background container scrubber has been disabled by hdds.containerscrub.enabled
2019-08-31 05:58:34,099 [Datanode State Machine Thread - 0] INFO  ratis.XceiverServerRatis (XceiverServerRatis.java:start(393)) - Starting XceiverServerRatis d1263130-17f8-4f58-a581-d3edf1a76ba2 at port 0
2019-08-31 05:58:34,105 [Datanode State Machine Thread - 0] INFO  impl.RaftServerProxy (RaftServerProxy.java:lambda$start$3(299)) - d1263130-17f8-4f58-a581-d3edf1a76ba2: start RPC server
2019-08-31 05:58:34,107 [Datanode State Machine Thread - 0] INFO  server.GrpcService (GrpcService.java:startImpl(149)) - d1263130-17f8-4f58-a581-d3edf1a76ba2: GrpcService started, listening on 0.0.0.0/0.0.0.0:36926
2019-08-31 05:58:34,107 [Datanode State Machine Thread - 0] INFO  ratis.XceiverServerRatis (XceiverServerRatis.java:start(403)) - XceiverServerRatis d1263130-17f8-4f58-a581-d3edf1a76ba2 is started using port 36926
2019-08-31 05:58:34,107 [Datanode State Machine Thread - 0] INFO  server.XceiverServerGrpc (XceiverServerGrpc.java:start(163)) - XceiverServerGrpc d1263130-17f8-4f58-a581-d3edf1a76ba2 is started using port 44457
2019-08-31 05:58:34,163 [Datanode State Machine Thread - 0] INFO  ozoneimpl.OzoneContainer (OzoneContainer.java:start(201)) - Attempting to start container services.
2019-08-31 05:58:34,167 [Datanode State Machine Thread - 0] INFO  ozoneimpl.OzoneContainer (OzoneContainer.java:startContainerScrub(175)) - Background container scrubber has been disabled by hdds.containerscrub.enabled
2019-08-31 05:58:34,167 [Datanode State Machine Thread - 0] INFO  ratis.XceiverServerRatis (XceiverServerRatis.java:start(393)) - Starting XceiverServerRatis c9f78a1f-7704-4a39-8b7a-67be0f070410 at port 0
2019-08-31 05:58:34,173 [Datanode State Machine Thread - 0] INFO  impl.RaftServerProxy (RaftServerProxy.java:lambda$start$3(299)) - c9f78a1f-7704-4a39-8b7a-67be0f070410: start RPC server
2019-08-31 05:58:34,176 [Datanode State Machine Thread - 0] INFO  server.GrpcService (GrpcService.java:startImpl(149)) - c9f78a1f-7704-4a39-8b7a-67be0f070410: GrpcService started, listening on 0.0.0.0/0.0.0.0:33553
2019-08-31 05:58:34,176 [Datanode State Machine Thread - 0] INFO  ratis.XceiverServerRatis (XceiverServerRatis.java:start(403)) - XceiverServerRatis c9f78a1f-7704-4a39-8b7a-67be0f070410 is started using port 33553
2019-08-31 05:58:34,182 [Datanode State Machine Thread - 0] INFO  server.XceiverServerGrpc (XceiverServerGrpc.java:start(163)) - XceiverServerGrpc c9f78a1f-7704-4a39-8b7a-67be0f070410 is started using port 43587
2019-08-31 05:58:34,231 [Datanode State Machine Thread - 0] INFO  ozoneimpl.OzoneContainer (OzoneContainer.java:start(201)) - Attempting to start container services.
2019-08-31 05:58:34,236 [Datanode State Machine Thread - 0] INFO  ozoneimpl.OzoneContainer (OzoneContainer.java:startContainerScrub(175)) - Background container scrubber has been disabled by hdds.containerscrub.enabled
2019-08-31 05:58:34,236 [Datanode State Machine Thread - 0] INFO  ratis.XceiverServerRatis (XceiverServerRatis.java:start(393)) - Starting XceiverServerRatis 1e87e662-ddb2-4042-9692-4141064b7de5 at port 0
2019-08-31 05:58:34,243 [Datanode State Machine Thread - 0] INFO  impl.RaftServerProxy (RaftServerProxy.java:lambda$start$3(299)) - 1e87e662-ddb2-4042-9692-4141064b7de5: start RPC server
2019-08-31 05:58:34,246 [Datanode State Machine Thread - 0] INFO  server.GrpcService (GrpcService.java:startImpl(149)) - 1e87e662-ddb2-4042-9692-4141064b7de5: GrpcService started, listening on 0.0.0.0/0.0.0.0:43336
2019-08-31 05:58:34,246 [Datanode State Machine Thread - 0] INFO  ratis.XceiverServerRatis (XceiverServerRatis.java:start(403)) - XceiverServerRatis 1e87e662-ddb2-4042-9692-4141064b7de5 is started using port 43336
2019-08-31 05:58:34,254 [Datanode State Machine Thread - 0] INFO  server.XceiverServerGrpc (XceiverServerGrpc.java:start(163)) - XceiverServerGrpc 1e87e662-ddb2-4042-9692-4141064b7de5 is started using port 37986
2019-08-31 05:58:34,289 [Datanode State Machine Thread - 0] INFO  ozoneimpl.OzoneContainer (OzoneContainer.java:start(201)) - Attempting to start container services.
2019-08-31 05:58:34,290 [Datanode State Machine Thread - 0] INFO  ozoneimpl.OzoneContainer (OzoneContainer.java:startContainerScrub(175)) - Background container scrubber has been disabled by hdds.containerscrub.enabled
2019-08-31 05:58:34,290 [Datanode State Machine Thread - 0] INFO  ratis.XceiverServerRatis (XceiverServerRatis.java:start(393)) - Starting XceiverServerRatis d8a08337-d972-42b7-8129-7e1e1c0cc8b1 at port 0
2019-08-31 05:58:34,296 [Datanode State Machine Thread - 0] INFO  impl.RaftServerProxy (RaftServerProxy.java:lambda$start$3(299)) - d8a08337-d972-42b7-8129-7e1e1c0cc8b1: start RPC server
2019-08-31 05:58:34,297 [Datanode State Machine Thread - 0] INFO  server.GrpcService (GrpcService.java:startImpl(149)) - d8a08337-d972-42b7-8129-7e1e1c0cc8b1: GrpcService started, listening on 0.0.0.0/0.0.0.0:40089
2019-08-31 05:58:34,298 [Datanode State Machine Thread - 0] INFO  ratis.XceiverServerRatis (XceiverServerRatis.java:start(403)) - XceiverServerRatis d8a08337-d972-42b7-8129-7e1e1c0cc8b1 is started using port 40089
2019-08-31 05:58:34,301 [Datanode State Machine Thread - 0] INFO  server.XceiverServerGrpc (XceiverServerGrpc.java:start(163)) - XceiverServerGrpc d8a08337-d972-42b7-8129-7e1e1c0cc8b1 is started using port 33606
2019-08-31 05:58:34,365 [Datanode State Machine Thread - 0] INFO  ozoneimpl.OzoneContainer (OzoneContainer.java:start(201)) - Attempting to start container services.
2019-08-31 05:58:34,365 [Datanode State Machine Thread - 0] INFO  ozoneimpl.OzoneContainer (OzoneContainer.java:startContainerScrub(175)) - Background container scrubber has been disabled by hdds.containerscrub.enabled
2019-08-31 05:58:34,365 [Datanode State Machine Thread - 0] INFO  ratis.XceiverServerRatis (XceiverServerRatis.java:start(393)) - Starting XceiverServerRatis be6717d3-e2b4-4098-8560-d6596398ce3c at port 0
2019-08-31 05:58:34,372 [Datanode State Machine Thread - 0] INFO  impl.RaftServerProxy (RaftServerProxy.java:lambda$start$3(299)) - be6717d3-e2b4-4098-8560-d6596398ce3c: start RPC server
2019-08-31 05:58:34,373 [Datanode State Machine Thread - 0] INFO  server.GrpcService (GrpcService.java:startImpl(149)) - be6717d3-e2b4-4098-8560-d6596398ce3c: GrpcService started, listening on 0.0.0.0/0.0.0.0:37525
2019-08-31 05:58:34,373 [Datanode State Machine Thread - 0] INFO  ratis.XceiverServerRatis (XceiverServerRatis.java:start(403)) - XceiverServerRatis be6717d3-e2b4-4098-8560-d6596398ce3c is started using port 37525
2019-08-31 05:58:34,377 [Datanode State Machine Thread - 0] INFO  server.XceiverServerGrpc (XceiverServerGrpc.java:start(163)) - XceiverServerGrpc be6717d3-e2b4-4098-8560-d6596398ce3c is started using port 39722
2019-08-31 05:58:34,432 [Datanode State Machine Thread - 0] INFO  ozoneimpl.OzoneContainer (OzoneContainer.java:start(201)) - Attempting to start container services.
2019-08-31 05:58:34,432 [Datanode State Machine Thread - 0] INFO  ozoneimpl.OzoneContainer (OzoneContainer.java:startContainerScrub(175)) - Background container scrubber has been disabled by hdds.containerscrub.enabled
2019-08-31 05:58:34,432 [Datanode State Machine Thread - 0] INFO  ratis.XceiverServerRatis (XceiverServerRatis.java:start(393)) - Starting XceiverServerRatis ca67342a-fc2d-4b3c-849c-12f1afc677bb at port 0
2019-08-31 05:58:34,439 [Datanode State Machine Thread - 0] INFO  impl.RaftServerProxy (RaftServerProxy.java:lambda$start$3(299)) - ca67342a-fc2d-4b3c-849c-12f1afc677bb: start RPC server
2019-08-31 05:58:34,443 [Datanode State Machine Thread - 0] INFO  server.GrpcService (GrpcService.java:startImpl(149)) - ca67342a-fc2d-4b3c-849c-12f1afc677bb: GrpcService started, listening on 0.0.0.0/0.0.0.0:40946
2019-08-31 05:58:34,443 [Datanode State Machine Thread - 0] INFO  ratis.XceiverServerRatis (XceiverServerRatis.java:start(403)) - XceiverServerRatis ca67342a-fc2d-4b3c-849c-12f1afc677bb is started using port 40946
2019-08-31 05:58:34,444 [Datanode State Machine Thread - 0] INFO  server.XceiverServerGrpc (XceiverServerGrpc.java:start(163)) - XceiverServerGrpc ca67342a-fc2d-4b3c-849c-12f1afc677bb is started using port 34493
2019-08-31 05:58:34,467 [main] INFO  ozone.MiniOzoneClusterImpl (MiniOzoneClusterImpl.java:lambda$waitForClusterToBeReady$0(140)) - Waiting for cluster to be ready. Got 0 of 7 DN Heartbeats.
2019-08-31 05:58:34,499 [Datanode State Machine Thread - 0] INFO  ozoneimpl.OzoneContainer (OzoneContainer.java:start(201)) - Attempting to start container services.
2019-08-31 05:58:34,499 [Datanode State Machine Thread - 0] INFO  ozoneimpl.OzoneContainer (OzoneContainer.java:startContainerScrub(175)) - Background container scrubber has been disabled by hdds.containerscrub.enabled
2019-08-31 05:58:34,499 [Datanode State Machine Thread - 0] INFO  ratis.XceiverServerRatis (XceiverServerRatis.java:start(393)) - Starting XceiverServerRatis 65d7ba33-73cf-428f-8fa2-8b778f097bac at port 0
2019-08-31 05:58:34,506 [Datanode State Machine Thread - 0] INFO  impl.RaftServerProxy (RaftServerProxy.java:lambda$start$3(299)) - 65d7ba33-73cf-428f-8fa2-8b778f097bac: start RPC server
2019-08-31 05:58:34,510 [Datanode State Machine Thread - 0] INFO  server.GrpcService (GrpcService.java:startImpl(149)) - 65d7ba33-73cf-428f-8fa2-8b778f097bac: GrpcService started, listening on 0.0.0.0/0.0.0.0:44563
2019-08-31 05:58:34,510 [Datanode State Machine Thread - 0] INFO  ratis.XceiverServerRatis (XceiverServerRatis.java:start(403)) - XceiverServerRatis 65d7ba33-73cf-428f-8fa2-8b778f097bac is started using port 44563
2019-08-31 05:58:34,512 [Datanode State Machine Thread - 0] INFO  server.XceiverServerGrpc (XceiverServerGrpc.java:start(163)) - XceiverServerGrpc 65d7ba33-73cf-428f-8fa2-8b778f097bac is started using port 40455
2019-08-31 05:58:35,468 [main] INFO  ozone.MiniOzoneClusterImpl (MiniOzoneClusterImpl.java:lambda$waitForClusterToBeReady$0(140)) - Waiting for cluster to be ready. Got 0 of 7 DN Heartbeats.
2019-08-31 05:58:36,064 [IPC Server handler 0 on 40452] INFO  net.NetworkTopology (NetworkTopologyImpl.java:add(110)) - Added a new node: /default-rack/d1263130-17f8-4f58-a581-d3edf1a76ba2
2019-08-31 05:58:36,067 [IPC Server handler 0 on 40452] INFO  node.SCMNodeManager (SCMNodeManager.java:register(266)) - Registered Data node : d1263130-17f8-4f58-a581-d3edf1a76ba2{ip: 192.168.69.127, host: trunk-nightly-20190831-ctmzz-2056601931, networkLocation: /default-rack, certSerialId: null}
2019-08-31 05:58:36,068 [EventQueue-NodeRegistrationContainerReportForDataNodeSafeModeRule] INFO  safemode.SCMSafeModeManager (DataNodeSafeModeRule.java:process(71)) - SCM in safe mode. 1 DataNodes registered, 1 required.
2019-08-31 05:58:36,070 [EventQueue-NodeRegistrationContainerReportForDataNodeSafeModeRule] INFO  safemode.SCMSafeModeManager (SCMSafeModeManager.java:validateSafeModeExitRules(177)) - ScmSafeModeManager, all rules are successfully validated
2019-08-31 05:58:36,071 [EventQueue-NodeRegistrationContainerReportForDataNodeSafeModeRule] INFO  safemode.SCMSafeModeManager (SCMSafeModeManager.java:exitSafeMode(193)) - SCM exiting safe mode.
2019-08-31 05:58:36,085 [grpc-default-executor-4] INFO  impl.RaftServerProxy (RaftServerProxy.java:addNew(89)) - d1263130-17f8-4f58-a581-d3edf1a76ba2: addNew group-12B951339C10:[d1263130-17f8-4f58-a581-d3edf1a76ba2:192.168.69.127:36926] returns group-12B951339C10:java.util.concurrent.CompletableFuture@55f6ff47[Not completed]
2019-08-31 05:58:36,087 [pool-119-thread-1] INFO  impl.RaftServerImpl (RaftServerImpl.java:<init>(93)) - d1263130-17f8-4f58-a581-d3edf1a76ba2: new RaftServerImpl for group-12B951339C10:[d1263130-17f8-4f58-a581-d3edf1a76ba2:192.168.69.127:36926] with ContainerStateMachine:uninitialized
2019-08-31 05:58:36,087 [pool-119-thread-1] INFO  server.RaftServerConfigKeys (ConfUtils.java:logGet(43)) - raft.server.rpc.timeout.min = 5s (custom)
2019-08-31 05:58:36,088 [pool-119-thread-1] INFO  server.RaftServerConfigKeys (ConfUtils.java:logGet(43)) - raft.server.rpc.timeout.max = 5200ms (custom)
2019-08-31 05:58:36,088 [pool-119-thread-1] INFO  server.RaftServerConfigKeys (ConfUtils.java:logGet(43)) - raft.server.rpcslowness.timeout = 120s (custom)
2019-08-31 05:58:36,088 [pool-119-thread-1] INFO  server.RaftServerConfigKeys (ConfUtils.java:logGet(43)) - raft.server.sleep.deviation.threshold = 300 (default)
2019-08-31 05:58:36,088 [pool-119-thread-1] INFO  server.RaftServerConfigKeys (ConfUtils.java:logGet(43)) - raft.server.log.appender.install.snapshot.enabled = false (custom)
2019-08-31 05:58:36,088 [pool-119-thread-1] INFO  impl.RaftServerImpl (ServerState.java:<init>(105)) - d1263130-17f8-4f58-a581-d3edf1a76ba2:group-12B951339C10 ConfigurationManager, init=-1: [d1263130-17f8-4f58-a581-d3edf1a76ba2:192.168.69.127:36926], old=null, confs=<EMPTY_MAP>
2019-08-31 05:58:36,089 [pool-119-thread-1] INFO  server.RaftServerConfigKeys (ConfUtils.java:logGet(43)) - raft.server.storage.dir = [/workdir/hadoop-ozone/integration-test/target/test-dir/MiniOzoneClusterImpl-08f3fe21-1a76-4db7-ba59-51f14a367526/datanode-0/data/ratis] (custom)
2019-08-31 05:58:36,089 [pool-119-thread-1] INFO  storage.RaftStorageDirectory (RaftStorageDirectory.java:analyzeStorage(246)) - The storage directory /workdir/hadoop-ozone/integration-test/target/test-dir/MiniOzoneClusterImpl-08f3fe21-1a76-4db7-ba59-51f14a367526/datanode-0/data/ratis/af53e80e-c014-4436-8eba-12b951339c10 does not exist. Creating ...
2019-08-31 05:58:36,116 [pool-119-thread-1] INFO  storage.RaftStorageDirectory (RaftStorageDirectory.java:tryLock(328)) - Lock on /workdir/hadoop-ozone/integration-test/target/test-dir/MiniOzoneClusterImpl-08f3fe21-1a76-4db7-ba59-51f14a367526/datanode-0/data/ratis/af53e80e-c014-4436-8eba-12b951339c10/in_use.lock acquired by nodename 3050@trunk-nightly-20190831-ctmzz-2056601931
2019-08-31 05:58:36,139 [IPC Server handler 1 on 40452] INFO  net.NetworkTopology (NetworkTopologyImpl.java:add(110)) - Added a new node: /default-rack/c9f78a1f-7704-4a39-8b7a-67be0f070410
2019-08-31 05:58:36,139 [IPC Server handler 1 on 40452] INFO  node.SCMNodeManager (SCMNodeManager.java:register(266)) - Registered Data node : c9f78a1f-7704-4a39-8b7a-67be0f070410{ip: 192.168.69.127, host: trunk-nightly-20190831-ctmzz-2056601931, networkLocation: /default-rack, certSerialId: null}
2019-08-31 05:58:36,142 [pool-119-thread-1] INFO  storage.RaftStorage (RaftStorage.java:format(72)) - Storage directory /workdir/hadoop-ozone/integration-test/target/test-dir/MiniOzoneClusterImpl-08f3fe21-1a76-4db7-ba59-51f14a367526/datanode-0/data/ratis/af53e80e-c014-4436-8eba-12b951339c10 has been successfully formatted.
2019-08-31 05:58:36,142 [pool-119-thread-1] INFO  ratis.ContainerStateMachine (ContainerStateMachine.java:loadSnapshot(227)) - group-12B951339C10: The snapshot info is null. Setting the last applied indexto:(t:0, i:~)
2019-08-31 05:58:36,142 [pool-119-thread-1] INFO  server.RaftServerConfigKeys (ConfUtils.java:logGet(43)) - raft.server.leader.election.timeout = 120s (custom)
2019-08-31 05:58:36,143 [pool-119-thread-1] INFO  server.RaftServerConfigKeys (ConfUtils.java:logGet(43)) - raft.server.log.use.memory = false (default)
2019-08-31 05:58:36,143 [pool-119-thread-1] INFO  server.RaftServerConfigKeys (ConfUtils.java:logGet(43)) - raft.server.log.purge.gap = 1000000 (custom)
2019-08-31 05:58:36,143 [pool-119-thread-1] INFO  server.RaftServerConfigKeys (ConfUtils.java:logGet(43)) - raft.server.log.appender.buffer.byte-limit = 33554432 (custom)
2019-08-31 05:58:36,143 [pool-119-thread-1] INFO  server.RaftServerConfigKeys (ConfUtils.java:logGet(43)) - raft.server.log.segment.size.max = 1048576 (custom)
2019-08-31 05:58:36,144 [pool-119-thread-1] INFO  server.RaftServerConfigKeys (ConfUtils.java:logGet(43)) - raft.server.log.segment.cache.num.max = 2 (custom)
2019-08-31 05:58:36,144 [pool-119-thread-1] INFO  segmented.SegmentedRaftLogWorker (SegmentedRaftLogWorker.java:<init>(172)) - new d1263130-17f8-4f58-a581-d3edf1a76ba2-SegmentedRaftLogWorker:Storage Directory /workdir/hadoop-ozone/integration-test/target/test-dir/MiniOzoneClusterImpl-08f3fe21-1a76-4db7-ba59-51f14a367526/datanode-0/data/ratis/af53e80e-c014-4436-8eba-12b951339c10 for RaftStorage:Storage Directory /workdir/hadoop-ozone/integration-test/target/test-dir/MiniOzoneClusterImpl-08f3fe21-1a76-4db7-ba59-51f14a367526/datanode-0/data/ratis/af53e80e-c014-4436-8eba-12b951339c10
2019-08-31 05:58:36,144 [pool-119-thread-1] INFO  server.RaftServerConfigKeys (ConfUtils.java:logGet(43)) - raft.server.log.queue.byte-limit = 2147483647 (custom)
2019-08-31 05:58:36,144 [pool-119-thread-1] INFO  server.RaftServerConfigKeys (ConfUtils.java:logGet(43)) - raft.server.log.queue.element-limit = 1024 (custom)
2019-08-31 05:58:36,145 [pool-119-thread-1] INFO  server.RaftServerConfigKeys (ConfUtils.java:logGet(43)) - raft.server.log.segment.size.max = 1048576 (custom)
2019-08-31 05:58:36,145 [pool-119-thread-1] INFO  server.RaftServerConfigKeys (ConfUtils.java:logGet(43)) - raft.server.log.preallocated.size = 16384 (custom)
2019-08-31 05:58:36,145 [pool-119-thread-1] INFO  server.RaftServerConfigKeys (ConfUtils.java:logGet(43)) - raft.server.log.write.buffer.size = 33554432 (custom)
2019-08-31 05:58:36,146 [pool-119-thread-1] INFO  server.RaftServerConfigKeys (ConfUtils.java:logGet(43)) - raft.server.log.force.sync.num = 128 (default)
2019-08-31 05:58:36,146 [pool-119-thread-1] INFO  server.RaftServerConfigKeys (ConfUtils.java:logGet(43)) - raft.server.log.statemachine.data.sync = true (default)
2019-08-31 05:58:36,146 [pool-119-thread-1] INFO  server.RaftServerConfigKeys (ConfUtils.java:logGet(43)) - raft.server.log.statemachine.data.sync.timeout = 10s (default)
2019-08-31 05:58:36,146 [pool-119-thread-1] INFO  server.RaftServerConfigKeys (ConfUtils.java:logGet(43)) - raft.server.log.statemachine.data.sync.timeout.retry = -1 (default)
2019-08-31 05:58:36,147 [pool-119-thread-1] INFO  server.RaftServerConfigKeys (ConfUtils.java:logGet(43)) - raft.server.log.statemachine.data.caching.enabled = true (custom)
2019-08-31 05:58:36,147 [pool-119-thread-1] INFO  segmented.SegmentedRaftLogWorker (SegmentedRaftLogWorker.java:lambda$new$0(132)) - d1263130-17f8-4f58-a581-d3edf1a76ba2-SegmentedRaftLogWorker:Storage Directory /workdir/hadoop-ozone/integration-test/target/test-dir/MiniOzoneClusterImpl-08f3fe21-1a76-4db7-ba59-51f14a367526/datanode-0/data/ratis/af53e80e-c014-4436-8eba-12b951339c10: flushIndex: setUnconditionally 0 -> -1
2019-08-31 05:58:36,148 [pool-119-thread-1] INFO  server.RaftServerConfigKeys (ConfUtils.java:logGet(43)) - raft.server.snapshot.auto.trigger.enabled = true (custom)
2019-08-31 05:58:36,148 [pool-119-thread-1] INFO  server.RaftServerConfigKeys (ConfUtils.java:logGet(43)) - raft.server.snapshot.auto.trigger.threshold = 10000 (custom)
2019-08-31 05:58:36,148 [pool-119-thread-1] INFO  server.RaftServerConfigKeys (ConfUtils.java:logGet(43)) - raft.server.retrycache.expirytime = 600000ms (custom)
2019-08-31 05:58:36,148 [pool-119-thread-1] INFO  impl.RaftServerImpl (RaftServerImpl.java:start(180)) - d1263130-17f8-4f58-a581-d3edf1a76ba2: start group-12B951339C10
2019-08-31 05:58:36,149 [pool-119-thread-1] INFO  impl.RaftServerImpl (RaftServerImpl.java:setRole(171)) - d1263130-17f8-4f58-a581-d3edf1a76ba2:group-12B951339C10 changes role from null to FOLLOWER at term 0 for startAsFollower
2019-08-31 05:58:36,149 [pool-119-thread-1] INFO  impl.RoleInfo (RoleInfo.java:updateAndGet(143)) - d1263130-17f8-4f58-a581-d3edf1a76ba2: start FollowerState
2019-08-31 05:58:36,149 [pool-119-thread-1] INFO  util.JmxRegister (JmxRegister.java:tryRegister(44)) - Successfully registered JMX Bean with object name Ratis:service=RaftServer,group=group-12B951339C10,id=d1263130-17f8-4f58-a581-d3edf1a76ba2
2019-08-31 05:58:36,153 [RatisPipelineUtilsThread] INFO  pipeline.PipelineStateManager (PipelineStateManager.java:addPipeline(56)) - Created pipeline Pipeline[ Id: af53e80e-c014-4436-8eba-12b951339c10, Nodes: d1263130-17f8-4f58-a581-d3edf1a76ba2{ip: 192.168.69.127, host: trunk-nightly-20190831-ctmzz-2056601931, networkLocation: /default-rack, certSerialId: null}, Type:RATIS, Factor:ONE, State:OPEN]
2019-08-31 05:58:36,163 [grpc-default-executor-4] INFO  impl.RaftServerProxy (RaftServerProxy.java:addNew(89)) - c9f78a1f-7704-4a39-8b7a-67be0f070410: addNew group-D7B9A8C926B2:[c9f78a1f-7704-4a39-8b7a-67be0f070410:192.168.69.127:33553] returns group-D7B9A8C926B2:java.util.concurrent.CompletableFuture@23f1c13[Not completed]
2019-08-31 05:58:36,166 [pool-129-thread-1] INFO  impl.RaftServerImpl (RaftServerImpl.java:<init>(93)) - c9f78a1f-7704-4a39-8b7a-67be0f070410: new RaftServerImpl for group-D7B9A8C926B2:[c9f78a1f-7704-4a39-8b7a-67be0f070410:192.168.69.127:33553] with ContainerStateMachine:uninitialized
2019-08-31 05:58:36,166 [pool-129-thread-1] INFO  server.RaftServerConfigKeys (ConfUtils.java:logGet(43)) - raft.server.rpc.timeout.min = 5s (custom)
2019-08-31 05:58:36,166 [pool-129-thread-1] INFO  server.RaftServerConfigKeys (ConfUtils.java:logGet(43)) - raft.server.rpc.timeout.max = 5200ms (custom)
2019-08-31 05:58:36,166 [pool-129-thread-1] INFO  server.RaftServerConfigKeys (ConfUtils.java:logGet(43)) - raft.server.rpcslowness.timeout = 120s (custom)
2019-08-31 05:58:36,166 [pool-129-thread-1] INFO  server.RaftServerConfigKeys (ConfUtils.java:logGet(43)) - raft.server.sleep.deviation.threshold = 300 (default)
2019-08-31 05:58:36,167 [pool-129-thread-1] INFO  server.RaftServerConfigKeys (ConfUtils.java:logGet(43)) - raft.server.log.appender.install.snapshot.enabled = false (custom)
2019-08-31 05:58:36,167 [pool-129-thread-1] INFO  impl.RaftServerImpl (ServerState.java:<init>(105)) - c9f78a1f-7704-4a39-8b7a-67be0f070410:group-D7B9A8C926B2 ConfigurationManager, init=-1: [c9f78a1f-7704-4a39-8b7a-67be0f070410:192.168.69.127:33553], old=null, confs=<EMPTY_MAP>
2019-08-31 05:58:36,167 [pool-129-thread-1] INFO  server.RaftServerConfigKeys (ConfUtils.java:logGet(43)) - raft.server.storage.dir = [/workdir/hadoop-ozone/integration-test/target/test-dir/MiniOzoneClusterImpl-08f3fe21-1a76-4db7-ba59-51f14a367526/datanode-1/data/ratis] (custom)
2019-08-31 05:58:36,167 [pool-129-thread-1] INFO  storage.RaftStorageDirectory (RaftStorageDirectory.java:analyzeStorage(246)) - The storage directory /workdir/hadoop-ozone/integration-test/target/test-dir/MiniOzoneClusterImpl-08f3fe21-1a76-4db7-ba59-51f14a367526/datanode-1/data/ratis/4fbd616a-0515-4ff2-b182-d7b9a8c926b2 does not exist. Creating ...
2019-08-31 05:58:36,192 [pool-129-thread-1] INFO  storage.RaftStorageDirectory (RaftStorageDirectory.java:tryLock(328)) - Lock on /workdir/hadoop-ozone/integration-test/target/test-dir/MiniOzoneClusterImpl-08f3fe21-1a76-4db7-ba59-51f14a367526/datanode-1/data/ratis/4fbd616a-0515-4ff2-b182-d7b9a8c926b2/in_use.lock acquired by nodename 3050@trunk-nightly-20190831-ctmzz-2056601931
2019-08-31 05:58:36,202 [IPC Server handler 3 on 40452] INFO  net.NetworkTopology (NetworkTopologyImpl.java:add(110)) - Added a new node: /default-rack/1e87e662-ddb2-4042-9692-4141064b7de5
2019-08-31 05:58:36,202 [IPC Server handler 3 on 40452] INFO  node.SCMNodeManager (SCMNodeManager.java:register(266)) - Registered Data node : 1e87e662-ddb2-4042-9692-4141064b7de5{ip: 192.168.69.127, host: trunk-nightly-20190831-ctmzz-2056601931, networkLocation: /default-rack, certSerialId: null}
2019-08-31 05:58:36,218 [pool-129-thread-1] INFO  storage.RaftStorage (RaftStorage.java:format(72)) - Storage directory /workdir/hadoop-ozone/integration-test/target/test-dir/MiniOzoneClusterImpl-08f3fe21-1a76-4db7-ba59-51f14a367526/datanode-1/data/ratis/4fbd616a-0515-4ff2-b182-d7b9a8c926b2 has been successfully formatted.
2019-08-31 05:58:36,218 [pool-129-thread-1] INFO  ratis.ContainerStateMachine (ContainerStateMachine.java:loadSnapshot(227)) - group-D7B9A8C926B2: The snapshot info is null. Setting the last applied indexto:(t:0, i:~)
2019-08-31 05:58:36,218 [pool-129-thread-1] INFO  server.RaftServerConfigKeys (ConfUtils.java:logGet(43)) - raft.server.leader.election.timeout = 120s (custom)
2019-08-31 05:58:36,218 [pool-129-thread-1] INFO  server.RaftServerConfigKeys (ConfUtils.java:logGet(43)) - raft.server.log.use.memory = false (default)
2019-08-31 05:58:36,219 [pool-129-thread-1] INFO  server.RaftServerConfigKeys (ConfUtils.java:logGet(43)) - raft.server.log.purge.gap = 1000000 (custom)
2019-08-31 05:58:36,219 [pool-129-thread-1] INFO  server.RaftServerConfigKeys (ConfUtils.java:logGet(43)) - raft.server.log.appender.buffer.byte-limit = 33554432 (custom)
2019-08-31 05:58:36,219 [pool-129-thread-1] INFO  server.RaftServerConfigKeys (ConfUtils.java:logGet(43)) - raft.server.log.segment.size.max = 1048576 (custom)
2019-08-31 05:58:36,219 [pool-129-thread-1] INFO  server.RaftServerConfigKeys (ConfUtils.java:logGet(43)) - raft.server.log.segment.cache.num.max = 2 (custom)
2019-08-31 05:58:36,219 [pool-129-thread-1] INFO  segmented.SegmentedRaftLogWorker (SegmentedRaftLogWorker.java:<init>(172)) - new c9f78a1f-7704-4a39-8b7a-67be0f070410-SegmentedRaftLogWorker:Storage Directory /workdir/hadoop-ozone/integration-test/target/test-dir/MiniOzoneClusterImpl-08f3fe21-1a76-4db7-ba59-51f14a367526/datanode-1/data/ratis/4fbd616a-0515-4ff2-b182-d7b9a8c926b2 for RaftStorage:Storage Directory /workdir/hadoop-ozone/integration-test/target/test-dir/MiniOzoneClusterImpl-08f3fe21-1a76-4db7-ba59-51f14a367526/datanode-1/data/ratis/4fbd616a-0515-4ff2-b182-d7b9a8c926b2
2019-08-31 05:58:36,219 [pool-129-thread-1] INFO  server.RaftServerConfigKeys (ConfUtils.java:logGet(43)) - raft.server.log.queue.byte-limit = 2147483647 (custom)
2019-08-31 05:58:36,220 [pool-129-thread-1] INFO  server.RaftServerConfigKeys (ConfUtils.java:logGet(43)) - raft.server.log.queue.element-limit = 1024 (custom)
2019-08-31 05:58:36,220 [pool-129-thread-1] INFO  server.RaftServerConfigKeys (ConfUtils.java:logGet(43)) - raft.server.log.segment.size.max = 1048576 (custom)
2019-08-31 05:58:36,220 [pool-129-thread-1] INFO  server.RaftServerConfigKeys (ConfUtils.java:logGet(43)) - raft.server.log.preallocated.size = 16384 (custom)
2019-08-31 05:58:36,220 [pool-129-thread-1] INFO  server.RaftServerConfigKeys (ConfUtils.java:logGet(43)) - raft.server.log.write.buffer.size = 33554432 (custom)
2019-08-31 05:58:36,221 [pool-129-thread-1] INFO  server.RaftServerConfigKeys (ConfUtils.java:logGet(43)) - raft.server.log.force.sync.num = 128 (default)
2019-08-31 05:58:36,221 [pool-129-thread-1] INFO  server.RaftServerConfigKeys (ConfUtils.java:logGet(43)) - raft.server.log.statemachine.data.sync = true (default)
2019-08-31 05:58:36,221 [pool-129-thread-1] INFO  server.RaftServerConfigKeys (ConfUtils.java:logGet(43)) - raft.server.log.statemachine.data.sync.timeout = 10s (default)
2019-08-31 05:58:36,221 [pool-129-thread-1] INFO  server.RaftServerConfigKeys (ConfUtils.java:logGet(43)) - raft.server.log.statemachine.data.sync.timeout.retry = -1 (default)
2019-08-31 05:58:36,221 [pool-129-thread-1] INFO  server.RaftServerConfigKeys (ConfUtils.java:logGet(43)) - raft.server.log.statemachine.data.caching.enabled = true (custom)
2019-08-31 05:58:36,222 [pool-129-thread-1] INFO  segmented.SegmentedRaftLogWorker (SegmentedRaftLogWorker.java:lambda$new$0(132)) - c9f78a1f-7704-4a39-8b7a-67be0f070410-SegmentedRaftLogWorker:Storage Directory /workdir/hadoop-ozone/integration-test/target/test-dir/MiniOzoneClusterImpl-08f3fe21-1a76-4db7-ba59-51f14a367526/datanode-1/data/ratis/4fbd616a-0515-4ff2-b182-d7b9a8c926b2: flushIndex: setUnconditionally 0 -> -1
2019-08-31 05:58:36,222 [pool-129-thread-1] INFO  server.RaftServerConfigKeys (ConfUtils.java:logGet(43)) - raft.server.snapshot.auto.trigger.enabled = true (custom)
2019-08-31 05:58:36,222 [pool-129-thread-1] INFO  server.RaftServerConfigKeys (ConfUtils.java:logGet(43)) - raft.server.snapshot.auto.trigger.threshold = 10000 (custom)
2019-08-31 05:58:36,223 [pool-129-thread-1] INFO  server.RaftServerConfigKeys (ConfUtils.java:logGet(43)) - raft.server.retrycache.expirytime = 600000ms (custom)
2019-08-31 05:58:36,223 [pool-129-thread-1] INFO  impl.RaftServerImpl (RaftServerImpl.java:start(180)) - c9f78a1f-7704-4a39-8b7a-67be0f070410: start group-D7B9A8C926B2
2019-08-31 05:58:36,223 [pool-129-thread-1] INFO  impl.RaftServerImpl (RaftServerImpl.java:setRole(171)) - c9f78a1f-7704-4a39-8b7a-67be0f070410:group-D7B9A8C926B2 changes role from null to FOLLOWER at term 0 for startAsFollower
2019-08-31 05:58:36,223 [pool-129-thread-1] INFO  impl.RoleInfo (RoleInfo.java:updateAndGet(143)) - c9f78a1f-7704-4a39-8b7a-67be0f070410: start FollowerState
2019-08-31 05:58:36,224 [pool-129-thread-1] INFO  util.JmxRegister (JmxRegister.java:tryRegister(44)) - Successfully registered JMX Bean with object name Ratis:service=RaftServer,group=group-D7B9A8C926B2,id=c9f78a1f-7704-4a39-8b7a-67be0f070410
2019-08-31 05:58:36,227 [RatisPipelineUtilsThread] INFO  pipeline.PipelineStateManager (PipelineStateManager.java:addPipeline(56)) - Created pipeline Pipeline[ Id: 4fbd616a-0515-4ff2-b182-d7b9a8c926b2, Nodes: c9f78a1f-7704-4a39-8b7a-67be0f070410{ip: 192.168.69.127, host: trunk-nightly-20190831-ctmzz-2056601931, networkLocation: /default-rack, certSerialId: null}, Type:RATIS, Factor:ONE, State:OPEN]
2019-08-31 05:58:36,236 [grpc-default-executor-4] INFO  impl.RaftServerProxy (RaftServerProxy.java:addNew(89)) - 1e87e662-ddb2-4042-9692-4141064b7de5: addNew group-47F2B1CF4101:[1e87e662-ddb2-4042-9692-4141064b7de5:192.168.69.127:43336] returns group-47F2B1CF4101:java.util.concurrent.CompletableFuture@1e4c7eb0[Not completed]
2019-08-31 05:58:36,242 [pool-139-thread-1] INFO  impl.RaftServerImpl (RaftServerImpl.java:<init>(93)) - 1e87e662-ddb2-4042-9692-4141064b7de5: new RaftServerImpl for group-47F2B1CF4101:[1e87e662-ddb2-4042-9692-4141064b7de5:192.168.69.127:43336] with ContainerStateMachine:uninitialized
2019-08-31 05:58:36,242 [pool-139-thread-1] INFO  server.RaftServerConfigKeys (ConfUtils.java:logGet(43)) - raft.server.rpc.timeout.min = 5s (custom)
2019-08-31 05:58:36,242 [pool-139-thread-1] INFO  server.RaftServerConfigKeys (ConfUtils.java:logGet(43)) - raft.server.rpc.timeout.max = 5200ms (custom)
2019-08-31 05:58:36,242 [pool-139-thread-1] INFO  server.RaftServerConfigKeys (ConfUtils.java:logGet(43)) - raft.server.rpcslowness.timeout = 120s (custom)
2019-08-31 05:58:36,242 [pool-139-thread-1] INFO  server.RaftServerConfigKeys (ConfUtils.java:logGet(43)) - raft.server.sleep.deviation.threshold = 300 (default)
2019-08-31 05:58:36,243 [pool-139-thread-1] INFO  server.RaftServerConfigKeys (ConfUtils.java:logGet(43)) - raft.server.log.appender.install.snapshot.enabled = false (custom)
2019-08-31 05:58:36,243 [pool-139-thread-1] INFO  impl.RaftServerImpl (ServerState.java:<init>(105)) - 1e87e662-ddb2-4042-9692-4141064b7de5:group-47F2B1CF4101 ConfigurationManager, init=-1: [1e87e662-ddb2-4042-9692-4141064b7de5:192.168.69.127:43336], old=null, confs=<EMPTY_MAP>
2019-08-31 05:58:36,243 [pool-139-thread-1] INFO  server.RaftServerConfigKeys (ConfUtils.java:logGet(43)) - raft.server.storage.dir = [/workdir/hadoop-ozone/integration-test/target/test-dir/MiniOzoneClusterImpl-08f3fe21-1a76-4db7-ba59-51f14a367526/datanode-2/data/ratis] (custom)
2019-08-31 05:58:36,244 [pool-139-thread-1] INFO  storage.RaftStorageDirectory (RaftStorageDirectory.java:analyzeStorage(246)) - The storage directory /workdir/hadoop-ozone/integration-test/target/test-dir/MiniOzoneClusterImpl-08f3fe21-1a76-4db7-ba59-51f14a367526/datanode-2/data/ratis/167f9f98-90b2-4b7d-82b6-47f2b1cf4101 does not exist. Creating ...
2019-08-31 05:58:36,267 [IPC Server handler 2 on 40452] INFO  net.NetworkTopology (NetworkTopologyImpl.java:add(110)) - Added a new node: /default-rack/d8a08337-d972-42b7-8129-7e1e1c0cc8b1
2019-08-31 05:58:36,268 [IPC Server handler 2 on 40452] INFO  node.SCMNodeManager (SCMNodeManager.java:register(266)) - Registered Data node : d8a08337-d972-42b7-8129-7e1e1c0cc8b1{ip: 192.168.69.127, host: trunk-nightly-20190831-ctmzz-2056601931, networkLocation: /default-rack, certSerialId: null}
2019-08-31 05:58:36,268 [pool-139-thread-1] INFO  storage.RaftStorageDirectory (RaftStorageDirectory.java:tryLock(328)) - Lock on /workdir/hadoop-ozone/integration-test/target/test-dir/MiniOzoneClusterImpl-08f3fe21-1a76-4db7-ba59-51f14a367526/datanode-2/data/ratis/167f9f98-90b2-4b7d-82b6-47f2b1cf4101/in_use.lock acquired by nodename 3050@trunk-nightly-20190831-ctmzz-2056601931
2019-08-31 05:58:36,293 [pool-139-thread-1] INFO  storage.RaftStorage (RaftStorage.java:format(72)) - Storage directory /workdir/hadoop-ozone/integration-test/target/test-dir/MiniOzoneClusterImpl-08f3fe21-1a76-4db7-ba59-51f14a367526/datanode-2/data/ratis/167f9f98-90b2-4b7d-82b6-47f2b1cf4101 has been successfully formatted.
2019-08-31 05:58:36,294 [pool-139-thread-1] INFO  ratis.ContainerStateMachine (ContainerStateMachine.java:loadSnapshot(227)) - group-47F2B1CF4101: The snapshot info is null. Setting the last applied indexto:(t:0, i:~)
2019-08-31 05:58:36,294 [pool-139-thread-1] INFO  server.RaftServerConfigKeys (ConfUtils.java:logGet(43)) - raft.server.leader.election.timeout = 120s (custom)
2019-08-31 05:58:36,294 [pool-139-thread-1] INFO  server.RaftServerConfigKeys (ConfUtils.java:logGet(43)) - raft.server.log.use.memory = false (default)
2019-08-31 05:58:36,294 [pool-139-thread-1] INFO  server.RaftServerConfigKeys (ConfUtils.java:logGet(43)) - raft.server.log.purge.gap = 1000000 (custom)
2019-08-31 05:58:36,294 [pool-139-thread-1] INFO  server.RaftServerConfigKeys (ConfUtils.java:logGet(43)) - raft.server.log.appender.buffer.byte-limit = 33554432 (custom)
2019-08-31 05:58:36,295 [pool-139-thread-1] INFO  server.RaftServerConfigKeys (ConfUtils.java:logGet(43)) - raft.server.log.segment.size.max = 1048576 (custom)
2019-08-31 05:58:36,295 [pool-139-thread-1] INFO  server.RaftServerConfigKeys (ConfUtils.java:logGet(43)) - raft.server.log.segment.cache.num.max = 2 (custom)
2019-08-31 05:58:36,295 [pool-139-thread-1] INFO  segmented.SegmentedRaftLogWorker (SegmentedRaftLogWorker.java:<init>(172)) - new 1e87e662-ddb2-4042-9692-4141064b7de5-SegmentedRaftLogWorker:Storage Directory /workdir/hadoop-ozone/integration-test/target/test-dir/MiniOzoneClusterImpl-08f3fe21-1a76-4db7-ba59-51f14a367526/datanode-2/data/ratis/167f9f98-90b2-4b7d-82b6-47f2b1cf4101 for RaftStorage:Storage Directory /workdir/hadoop-ozone/integration-test/target/test-dir/MiniOzoneClusterImpl-08f3fe21-1a76-4db7-ba59-51f14a367526/datanode-2/data/ratis/167f9f98-90b2-4b7d-82b6-47f2b1cf4101
2019-08-31 05:58:36,295 [pool-139-thread-1] INFO  server.RaftServerConfigKeys (ConfUtils.java:logGet(43)) - raft.server.log.queue.byte-limit = 2147483647 (custom)
2019-08-31 05:58:36,295 [pool-139-thread-1] INFO  server.RaftServerConfigKeys (ConfUtils.java:logGet(43)) - raft.server.log.queue.element-limit = 1024 (custom)
2019-08-31 05:58:36,296 [pool-139-thread-1] INFO  server.RaftServerConfigKeys (ConfUtils.java:logGet(43)) - raft.server.log.segment.size.max = 1048576 (custom)
2019-08-31 05:58:36,296 [pool-139-thread-1] INFO  server.RaftServerConfigKeys (ConfUtils.java:logGet(43)) - raft.server.log.preallocated.size = 16384 (custom)
2019-08-31 05:58:36,296 [pool-139-thread-1] INFO  server.RaftServerConfigKeys (ConfUtils.java:logGet(43)) - raft.server.log.write.buffer.size = 33554432 (custom)
2019-08-31 05:58:36,296 [pool-139-thread-1] INFO  server.RaftServerConfigKeys (ConfUtils.java:logGet(43)) - raft.server.log.force.sync.num = 128 (default)
2019-08-31 05:58:36,297 [pool-139-thread-1] INFO  server.RaftServerConfigKeys (ConfUtils.java:logGet(43)) - raft.server.log.statemachine.data.sync = true (default)
2019-08-31 05:58:36,297 [pool-139-thread-1] INFO  server.RaftServerConfigKeys (ConfUtils.java:logGet(43)) - raft.server.log.statemachine.data.sync.timeout = 10s (default)
2019-08-31 05:58:36,297 [pool-139-thread-1] INFO  server.RaftServerConfigKeys (ConfUtils.java:logGet(43)) - raft.server.log.statemachine.data.sync.timeout.retry = -1 (default)
2019-08-31 05:58:36,297 [pool-139-thread-1] INFO  server.RaftServerConfigKeys (ConfUtils.java:logGet(43)) - raft.server.log.statemachine.data.caching.enabled = true (custom)
2019-08-31 05:58:36,298 [pool-139-thread-1] INFO  segmented.SegmentedRaftLogWorker (SegmentedRaftLogWorker.java:lambda$new$0(132)) - 1e87e662-ddb2-4042-9692-4141064b7de5-SegmentedRaftLogWorker:Storage Directory /workdir/hadoop-ozone/integration-test/target/test-dir/MiniOzoneClusterImpl-08f3fe21-1a76-4db7-ba59-51f14a367526/datanode-2/data/ratis/167f9f98-90b2-4b7d-82b6-47f2b1cf4101: flushIndex: setUnconditionally 0 -> -1
2019-08-31 05:58:36,298 [pool-139-thread-1] INFO  server.RaftServerConfigKeys (ConfUtils.java:logGet(43)) - raft.server.snapshot.auto.trigger.enabled = true (custom)
2019-08-31 05:58:36,298 [pool-139-thread-1] INFO  server.RaftServerConfigKeys (ConfUtils.java:logGet(43)) - raft.server.snapshot.auto.trigger.threshold = 10000 (custom)
2019-08-31 05:58:36,298 [pool-139-thread-1] INFO  server.RaftServerConfigKeys (ConfUtils.java:logGet(43)) - raft.server.retrycache.expirytime = 600000ms (custom)
2019-08-31 05:58:36,299 [pool-139-thread-1] INFO  impl.RaftServerImpl (RaftServerImpl.java:start(180)) - 1e87e662-ddb2-4042-9692-4141064b7de5: start group-47F2B1CF4101
2019-08-31 05:58:36,299 [pool-139-thread-1] INFO  impl.RaftServerImpl (RaftServerImpl.java:setRole(171)) - 1e87e662-ddb2-4042-9692-4141064b7de5:group-47F2B1CF4101 changes role from null to FOLLOWER at term 0 for startAsFollower
2019-08-31 05:58:36,299 [pool-139-thread-1] INFO  impl.RoleInfo (RoleInfo.java:updateAndGet(143)) - 1e87e662-ddb2-4042-9692-4141064b7de5: start FollowerState
2019-08-31 05:58:36,300 [pool-139-thread-1] INFO  util.JmxRegister (JmxRegister.java:tryRegister(44)) - Successfully registered JMX Bean with object name Ratis:service=RaftServer,group=group-47F2B1CF4101,id=1e87e662-ddb2-4042-9692-4141064b7de5
2019-08-31 05:58:36,303 [RatisPipelineUtilsThread] INFO  pipeline.PipelineStateManager (PipelineStateManager.java:addPipeline(56)) - Created pipeline Pipeline[ Id: 167f9f98-90b2-4b7d-82b6-47f2b1cf4101, Nodes: 1e87e662-ddb2-4042-9692-4141064b7de5{ip: 192.168.69.127, host: trunk-nightly-20190831-ctmzz-2056601931, networkLocation: /default-rack, certSerialId: null}, Type:RATIS, Factor:ONE, State:OPEN]
2019-08-31 05:58:36,315 [grpc-default-executor-4] INFO  impl.RaftServerProxy (RaftServerProxy.java:addNew(89)) - d8a08337-d972-42b7-8129-7e1e1c0cc8b1: addNew group-83B9349DE4A5:[d8a08337-d972-42b7-8129-7e1e1c0cc8b1:192.168.69.127:40089] returns group-83B9349DE4A5:java.util.concurrent.CompletableFuture@390aba67[Not completed]
2019-08-31 05:58:36,321 [pool-149-thread-1] INFO  impl.RaftServerImpl (RaftServerImpl.java:<init>(93)) - d8a08337-d972-42b7-8129-7e1e1c0cc8b1: new RaftServerImpl for group-83B9349DE4A5:[d8a08337-d972-42b7-8129-7e1e1c0cc8b1:192.168.69.127:40089] with ContainerStateMachine:uninitialized
2019-08-31 05:58:36,322 [pool-149-thread-1] INFO  server.RaftServerConfigKeys (ConfUtils.java:logGet(43)) - raft.server.rpc.timeout.min = 5s (custom)
2019-08-31 05:58:36,322 [pool-149-thread-1] INFO  server.RaftServerConfigKeys (ConfUtils.java:logGet(43)) - raft.server.rpc.timeout.max = 5200ms (custom)
2019-08-31 05:58:36,322 [pool-149-thread-1] INFO  server.RaftServerConfigKeys (ConfUtils.java:logGet(43)) - raft.server.rpcslowness.timeout = 120s (custom)
2019-08-31 05:58:36,322 [pool-149-thread-1] INFO  server.RaftServerConfigKeys (ConfUtils.java:logGet(43)) - raft.server.sleep.deviation.threshold = 300 (default)
2019-08-31 05:58:36,323 [pool-149-thread-1] INFO  server.RaftServerConfigKeys (ConfUtils.java:logGet(43)) - raft.server.log.appender.install.snapshot.enabled = false (custom)
2019-08-31 05:58:36,323 [pool-149-thread-1] INFO  impl.RaftServerImpl (ServerState.java:<init>(105)) - d8a08337-d972-42b7-8129-7e1e1c0cc8b1:group-83B9349DE4A5 ConfigurationManager, init=-1: [d8a08337-d972-42b7-8129-7e1e1c0cc8b1:192.168.69.127:40089], old=null, confs=<EMPTY_MAP>
2019-08-31 05:58:36,323 [pool-149-thread-1] INFO  server.RaftServerConfigKeys (ConfUtils.java:logGet(43)) - raft.server.storage.dir = [/workdir/hadoop-ozone/integration-test/target/test-dir/MiniOzoneClusterImpl-08f3fe21-1a76-4db7-ba59-51f14a367526/datanode-3/data/ratis] (custom)
2019-08-31 05:58:36,323 [pool-149-thread-1] INFO  storage.RaftStorageDirectory (RaftStorageDirectory.java:analyzeStorage(246)) - The storage directory /workdir/hadoop-ozone/integration-test/target/test-dir/MiniOzoneClusterImpl-08f3fe21-1a76-4db7-ba59-51f14a367526/datanode-3/data/ratis/7fcdfe0b-e02f-46c2-99bb-83b9349de4a5 does not exist. Creating ...
2019-08-31 05:58:36,340 [IPC Server handler 5 on 40452] INFO  net.NetworkTopology (NetworkTopologyImpl.java:add(110)) - Added a new node: /default-rack/be6717d3-e2b4-4098-8560-d6596398ce3c
2019-08-31 05:58:36,341 [IPC Server handler 5 on 40452] INFO  node.SCMNodeManager (SCMNodeManager.java:register(266)) - Registered Data node : be6717d3-e2b4-4098-8560-d6596398ce3c{ip: 192.168.69.127, host: trunk-nightly-20190831-ctmzz-2056601931, networkLocation: /default-rack, certSerialId: null}
2019-08-31 05:58:36,352 [pool-149-thread-1] INFO  storage.RaftStorageDirectory (RaftStorageDirectory.java:tryLock(328)) - Lock on /workdir/hadoop-ozone/integration-test/target/test-dir/MiniOzoneClusterImpl-08f3fe21-1a76-4db7-ba59-51f14a367526/datanode-3/data/ratis/7fcdfe0b-e02f-46c2-99bb-83b9349de4a5/in_use.lock acquired by nodename 3050@trunk-nightly-20190831-ctmzz-2056601931
2019-08-31 05:58:36,378 [pool-149-thread-1] INFO  storage.RaftStorage (RaftStorage.java:format(72)) - Storage directory /workdir/hadoop-ozone/integration-test/target/test-dir/MiniOzoneClusterImpl-08f3fe21-1a76-4db7-ba59-51f14a367526/datanode-3/data/ratis/7fcdfe0b-e02f-46c2-99bb-83b9349de4a5 has been successfully formatted.
2019-08-31 05:58:36,378 [pool-149-thread-1] INFO  ratis.ContainerStateMachine (ContainerStateMachine.java:loadSnapshot(227)) - group-83B9349DE4A5: The snapshot info is null. Setting the last applied indexto:(t:0, i:~)
2019-08-31 05:58:36,378 [pool-149-thread-1] INFO  server.RaftServerConfigKeys (ConfUtils.java:logGet(43)) - raft.server.leader.election.timeout = 120s (custom)
2019-08-31 05:58:36,378 [pool-149-thread-1] INFO  server.RaftServerConfigKeys (ConfUtils.java:logGet(43)) - raft.server.log.use.memory = false (default)
2019-08-31 05:58:36,379 [pool-149-thread-1] INFO  server.RaftServerConfigKeys (ConfUtils.java:logGet(43)) - raft.server.log.purge.gap = 1000000 (custom)
2019-08-31 05:58:36,379 [pool-149-thread-1] INFO  server.RaftServerConfigKeys (ConfUtils.java:logGet(43)) - raft.server.log.appender.buffer.byte-limit = 33554432 (custom)
2019-08-31 05:58:36,379 [pool-149-thread-1] INFO  server.RaftServerConfigKeys (ConfUtils.java:logGet(43)) - raft.server.log.segment.size.max = 1048576 (custom)
2019-08-31 05:58:36,379 [pool-149-thread-1] INFO  server.RaftServerConfigKeys (ConfUtils.java:logGet(43)) - raft.server.log.segment.cache.num.max = 2 (custom)
2019-08-31 05:58:36,379 [pool-149-thread-1] INFO  segmented.SegmentedRaftLogWorker (SegmentedRaftLogWorker.java:<init>(172)) - new d8a08337-d972-42b7-8129-7e1e1c0cc8b1-SegmentedRaftLogWorker:Storage Directory /workdir/hadoop-ozone/integration-test/target/test-dir/MiniOzoneClusterImpl-08f3fe21-1a76-4db7-ba59-51f14a367526/datanode-3/data/ratis/7fcdfe0b-e02f-46c2-99bb-83b9349de4a5 for RaftStorage:Storage Directory /workdir/hadoop-ozone/integration-test/target/test-dir/MiniOzoneClusterImpl-08f3fe21-1a76-4db7-ba59-51f14a367526/datanode-3/data/ratis/7fcdfe0b-e02f-46c2-99bb-83b9349de4a5
2019-08-31 05:58:36,380 [pool-149-thread-1] INFO  server.RaftServerConfigKeys (ConfUtils.java:logGet(43)) - raft.server.log.queue.byte-limit = 2147483647 (custom)
2019-08-31 05:58:36,380 [pool-149-thread-1] INFO  server.RaftServerConfigKeys (ConfUtils.java:logGet(43)) - raft.server.log.queue.element-limit = 1024 (custom)
2019-08-31 05:58:36,380 [pool-149-thread-1] INFO  server.RaftServerConfigKeys (ConfUtils.java:logGet(43)) - raft.server.log.segment.size.max = 1048576 (custom)
2019-08-31 05:58:36,380 [pool-149-thread-1] INFO  server.RaftServerConfigKeys (ConfUtils.java:logGet(43)) - raft.server.log.preallocated.size = 16384 (custom)
2019-08-31 05:58:36,380 [pool-149-thread-1] INFO  server.RaftServerConfigKeys (ConfUtils.java:logGet(43)) - raft.server.log.write.buffer.size = 33554432 (custom)
2019-08-31 05:58:36,381 [pool-149-thread-1] INFO  server.RaftServerConfigKeys (ConfUtils.java:logGet(43)) - raft.server.log.force.sync.num = 128 (default)
2019-08-31 05:58:36,381 [pool-149-thread-1] INFO  server.RaftServerConfigKeys (ConfUtils.java:logGet(43)) - raft.server.log.statemachine.data.sync = true (default)
2019-08-31 05:58:36,381 [pool-149-thread-1] INFO  server.RaftServerConfigKeys (ConfUtils.java:logGet(43)) - raft.server.log.statemachine.data.sync.timeout = 10s (default)
2019-08-31 05:58:36,381 [pool-149-thread-1] INFO  server.RaftServerConfigKeys (ConfUtils.java:logGet(43)) - raft.server.log.statemachine.data.sync.timeout.retry = -1 (default)
2019-08-31 05:58:36,381 [pool-149-thread-1] INFO  server.RaftServerConfigKeys (ConfUtils.java:logGet(43)) - raft.server.log.statemachine.data.caching.enabled = true (custom)
2019-08-31 05:58:36,382 [pool-149-thread-1] INFO  segmented.SegmentedRaftLogWorker (SegmentedRaftLogWorker.java:lambda$new$0(132)) - d8a08337-d972-42b7-8129-7e1e1c0cc8b1-SegmentedRaftLogWorker:Storage Directory /workdir/hadoop-ozone/integration-test/target/test-dir/MiniOzoneClusterImpl-08f3fe21-1a76-4db7-ba59-51f14a367526/datanode-3/data/ratis/7fcdfe0b-e02f-46c2-99bb-83b9349de4a5: flushIndex: setUnconditionally 0 -> -1
2019-08-31 05:58:36,382 [pool-149-thread-1] INFO  server.RaftServerConfigKeys (ConfUtils.java:logGet(43)) - raft.server.snapshot.auto.trigger.enabled = true (custom)
2019-08-31 05:58:36,382 [pool-149-thread-1] INFO  server.RaftServerConfigKeys (ConfUtils.java:logGet(43)) - raft.server.snapshot.auto.trigger.threshold = 10000 (custom)
2019-08-31 05:58:36,383 [pool-149-thread-1] INFO  server.RaftServerConfigKeys (ConfUtils.java:logGet(43)) - raft.server.retrycache.expirytime = 600000ms (custom)
2019-08-31 05:58:36,383 [pool-149-thread-1] INFO  impl.RaftServerImpl (RaftServerImpl.java:start(180)) - d8a08337-d972-42b7-8129-7e1e1c0cc8b1: start group-83B9349DE4A5
2019-08-31 05:58:36,383 [pool-149-thread-1] INFO  impl.RaftServerImpl (RaftServerImpl.java:setRole(171)) - d8a08337-d972-42b7-8129-7e1e1c0cc8b1:group-83B9349DE4A5 changes role from null to FOLLOWER at term 0 for startAsFollower
2019-08-31 05:58:36,383 [pool-149-thread-1] INFO  impl.RoleInfo (RoleInfo.java:updateAndGet(143)) - d8a08337-d972-42b7-8129-7e1e1c0cc8b1: start FollowerState
2019-08-31 05:58:36,395 [pool-149-thread-1] INFO  util.JmxRegister (JmxRegister.java:tryRegister(44)) - Successfully registered JMX Bean with object name Ratis:service=RaftServer,group=group-83B9349DE4A5,id=d8a08337-d972-42b7-8129-7e1e1c0cc8b1
2019-08-31 05:58:36,405 [RatisPipelineUtilsThread] INFO  pipeline.PipelineStateManager (PipelineStateManager.java:addPipeline(56)) - Created pipeline Pipeline[ Id: 7fcdfe0b-e02f-46c2-99bb-83b9349de4a5, Nodes: d8a08337-d972-42b7-8129-7e1e1c0cc8b1{ip: 192.168.69.127, host: trunk-nightly-20190831-ctmzz-2056601931, networkLocation: /default-rack, certSerialId: null}, Type:RATIS, Factor:ONE, State:OPEN]
2019-08-31 05:58:36,405 [IPC Server handler 6 on 40452] INFO  net.NetworkTopology (NetworkTopologyImpl.java:add(110)) - Added a new node: /default-rack/ca67342a-fc2d-4b3c-849c-12f1afc677bb
2019-08-31 05:58:36,406 [IPC Server handler 6 on 40452] INFO  node.SCMNodeManager (SCMNodeManager.java:register(266)) - Registered Data node : ca67342a-fc2d-4b3c-849c-12f1afc677bb{ip: 192.168.69.127, host: trunk-nightly-20190831-ctmzz-2056601931, networkLocation: /default-rack, certSerialId: null}
2019-08-31 05:58:36,415 [grpc-default-executor-4] INFO  impl.RaftServerProxy (RaftServerProxy.java:addNew(89)) - be6717d3-e2b4-4098-8560-d6596398ce3c: addNew group-706DEF0025B9:[be6717d3-e2b4-4098-8560-d6596398ce3c:192.168.69.127:37525] returns group-706DEF0025B9:java.util.concurrent.CompletableFuture@2288bbec[Not completed]
2019-08-31 05:58:36,421 [pool-159-thread-1] INFO  impl.RaftServerImpl (RaftServerImpl.java:<init>(93)) - be6717d3-e2b4-4098-8560-d6596398ce3c: new RaftServerImpl for group-706DEF0025B9:[be6717d3-e2b4-4098-8560-d6596398ce3c:192.168.69.127:37525] with ContainerStateMachine:uninitialized
2019-08-31 05:58:36,421 [pool-159-thread-1] INFO  server.RaftServerConfigKeys (ConfUtils.java:logGet(43)) - raft.server.rpc.timeout.min = 5s (custom)
2019-08-31 05:58:36,421 [pool-159-thread-1] INFO  server.RaftServerConfigKeys (ConfUtils.java:logGet(43)) - raft.server.rpc.timeout.max = 5200ms (custom)
2019-08-31 05:58:36,422 [pool-159-thread-1] INFO  server.RaftServerConfigKeys (ConfUtils.java:logGet(43)) - raft.server.rpcslowness.timeout = 120s (custom)
2019-08-31 05:58:36,422 [pool-159-thread-1] INFO  server.RaftServerConfigKeys (ConfUtils.java:logGet(43)) - raft.server.sleep.deviation.threshold = 300 (default)
2019-08-31 05:58:36,422 [pool-159-thread-1] INFO  server.RaftServerConfigKeys (ConfUtils.java:logGet(43)) - raft.server.log.appender.install.snapshot.enabled = false (custom)
2019-08-31 05:58:36,422 [pool-159-thread-1] INFO  impl.RaftServerImpl (ServerState.java:<init>(105)) - be6717d3-e2b4-4098-8560-d6596398ce3c:group-706DEF0025B9 ConfigurationManager, init=-1: [be6717d3-e2b4-4098-8560-d6596398ce3c:192.168.69.127:37525], old=null, confs=<EMPTY_MAP>
2019-08-31 05:58:36,422 [pool-159-thread-1] INFO  server.RaftServerConfigKeys (ConfUtils.java:logGet(43)) - raft.server.storage.dir = [/workdir/hadoop-ozone/integration-test/target/test-dir/MiniOzoneClusterImpl-08f3fe21-1a76-4db7-ba59-51f14a367526/datanode-4/data/ratis] (custom)
2019-08-31 05:58:36,423 [pool-159-thread-1] INFO  storage.RaftStorageDirectory (RaftStorageDirectory.java:analyzeStorage(246)) - The storage directory /workdir/hadoop-ozone/integration-test/target/test-dir/MiniOzoneClusterImpl-08f3fe21-1a76-4db7-ba59-51f14a367526/datanode-4/data/ratis/8413854a-f47d-43e1-ae6d-706def0025b9 does not exist. Creating ...
2019-08-31 05:58:36,444 [pool-159-thread-1] INFO  storage.RaftStorageDirectory (RaftStorageDirectory.java:tryLock(328)) - Lock on /workdir/hadoop-ozone/integration-test/target/test-dir/MiniOzoneClusterImpl-08f3fe21-1a76-4db7-ba59-51f14a367526/datanode-4/data/ratis/8413854a-f47d-43e1-ae6d-706def0025b9/in_use.lock acquired by nodename 3050@trunk-nightly-20190831-ctmzz-2056601931
2019-08-31 05:58:36,469 [main] INFO  ozone.MiniOzoneClusterImpl (MiniOzoneClusterImpl.java:lambda$waitForClusterToBeReady$0(140)) - Waiting for cluster to be ready. Got 6 of 7 DN Heartbeats.
2019-08-31 05:58:36,470 [pool-159-thread-1] INFO  storage.RaftStorage (RaftStorage.java:format(72)) - Storage directory /workdir/hadoop-ozone/integration-test/target/test-dir/MiniOzoneClusterImpl-08f3fe21-1a76-4db7-ba59-51f14a367526/datanode-4/data/ratis/8413854a-f47d-43e1-ae6d-706def0025b9 has been successfully formatted.
2019-08-31 05:58:36,471 [pool-159-thread-1] INFO  ratis.ContainerStateMachine (ContainerStateMachine.java:loadSnapshot(227)) - group-706DEF0025B9: The snapshot info is null. Setting the last applied indexto:(t:0, i:~)
2019-08-31 05:58:36,471 [pool-159-thread-1] INFO  server.RaftServerConfigKeys (ConfUtils.java:logGet(43)) - raft.server.leader.election.timeout = 120s (custom)
2019-08-31 05:58:36,471 [pool-159-thread-1] INFO  server.RaftServerConfigKeys (ConfUtils.java:logGet(43)) - raft.server.log.use.memory = false (default)
2019-08-31 05:58:36,471 [pool-159-thread-1] INFO  server.RaftServerConfigKeys (ConfUtils.java:logGet(43)) - raft.server.log.purge.gap = 1000000 (custom)
2019-08-31 05:58:36,472 [pool-159-thread-1] INFO  server.RaftServerConfigKeys (ConfUtils.java:logGet(43)) - raft.server.log.appender.buffer.byte-limit = 33554432 (custom)
2019-08-31 05:58:36,472 [IPC Server handler 10 on 40452] INFO  net.NetworkTopology (NetworkTopologyImpl.java:add(110)) - Added a new node: /default-rack/65d7ba33-73cf-428f-8fa2-8b778f097bac
2019-08-31 05:58:36,472 [pool-159-thread-1] INFO  server.RaftServerConfigKeys (ConfUtils.java:logGet(43)) - raft.server.log.segment.size.max = 1048576 (custom)
2019-08-31 05:58:36,472 [IPC Server handler 10 on 40452] INFO  node.SCMNodeManager (SCMNodeManager.java:register(266)) - Registered Data node : 65d7ba33-73cf-428f-8fa2-8b778f097bac{ip: 192.168.69.127, host: trunk-nightly-20190831-ctmzz-2056601931, networkLocation: /default-rack, certSerialId: null}
2019-08-31 05:58:36,472 [pool-159-thread-1] INFO  server.RaftServerConfigKeys (ConfUtils.java:logGet(43)) - raft.server.log.segment.cache.num.max = 2 (custom)
2019-08-31 05:58:36,473 [pool-159-thread-1] INFO  segmented.SegmentedRaftLogWorker (SegmentedRaftLogWorker.java:<init>(172)) - new be6717d3-e2b4-4098-8560-d6596398ce3c-SegmentedRaftLogWorker:Storage Directory /workdir/hadoop-ozone/integration-test/target/test-dir/MiniOzoneClusterImpl-08f3fe21-1a76-4db7-ba59-51f14a367526/datanode-4/data/ratis/8413854a-f47d-43e1-ae6d-706def0025b9 for RaftStorage:Storage Directory /workdir/hadoop-ozone/integration-test/target/test-dir/MiniOzoneClusterImpl-08f3fe21-1a76-4db7-ba59-51f14a367526/datanode-4/data/ratis/8413854a-f47d-43e1-ae6d-706def0025b9
2019-08-31 05:58:36,473 [pool-159-thread-1] INFO  server.RaftServerConfigKeys (ConfUtils.java:logGet(43)) - raft.server.log.queue.byte-limit = 2147483647 (custom)
2019-08-31 05:58:36,473 [pool-159-thread-1] INFO  server.RaftServerConfigKeys (ConfUtils.java:logGet(43)) - raft.server.log.queue.element-limit = 1024 (custom)
2019-08-31 05:58:36,474 [pool-159-thread-1] INFO  server.RaftServerConfigKeys (ConfUtils.java:logGet(43)) - raft.server.log.segment.size.max = 1048576 (custom)
2019-08-31 05:58:36,474 [pool-159-thread-1] INFO  server.RaftServerConfigKeys (ConfUtils.java:logGet(43)) - raft.server.log.preallocated.size = 16384 (custom)
2019-08-31 05:58:36,474 [pool-159-thread-1] INFO  server.RaftServerConfigKeys (ConfUtils.java:logGet(43)) - raft.server.log.write.buffer.size = 33554432 (custom)
2019-08-31 05:58:36,474 [pool-159-thread-1] INFO  server.RaftServerConfigKeys (ConfUtils.java:logGet(43)) - raft.server.log.force.sync.num = 128 (default)
2019-08-31 05:58:36,474 [pool-159-thread-1] INFO  server.RaftServerConfigKeys (ConfUtils.java:logGet(43)) - raft.server.log.statemachine.data.sync = true (default)
2019-08-31 05:58:36,475 [pool-159-thread-1] INFO  server.RaftServerConfigKeys (ConfUtils.java:logGet(43)) - raft.server.log.statemachine.data.sync.timeout = 10s (default)
2019-08-31 05:58:36,475 [pool-159-thread-1] INFO  server.RaftServerConfigKeys (ConfUtils.java:logGet(43)) - raft.server.log.statemachine.data.sync.timeout.retry = -1 (default)
2019-08-31 05:58:36,475 [pool-159-thread-1] INFO  server.RaftServerConfigKeys (ConfUtils.java:logGet(43)) - raft.server.log.statemachine.data.caching.enabled = true (custom)
2019-08-31 05:58:36,476 [pool-159-thread-1] INFO  segmented.SegmentedRaftLogWorker (SegmentedRaftLogWorker.java:lambda$new$0(132)) - be6717d3-e2b4-4098-8560-d6596398ce3c-SegmentedRaftLogWorker:Storage Directory /workdir/hadoop-ozone/integration-test/target/test-dir/MiniOzoneClusterImpl-08f3fe21-1a76-4db7-ba59-51f14a367526/datanode-4/data/ratis/8413854a-f47d-43e1-ae6d-706def0025b9: flushIndex: setUnconditionally 0 -> -1
2019-08-31 05:58:36,476 [pool-159-thread-1] INFO  server.RaftServerConfigKeys (ConfUtils.java:logGet(43)) - raft.server.snapshot.auto.trigger.enabled = true (custom)
2019-08-31 05:58:36,476 [pool-159-thread-1] INFO  server.RaftServerConfigKeys (ConfUtils.java:logGet(43)) - raft.server.snapshot.auto.trigger.threshold = 10000 (custom)
2019-08-31 05:58:36,477 [pool-159-thread-1] INFO  server.RaftServerConfigKeys (ConfUtils.java:logGet(43)) - raft.server.retrycache.expirytime = 600000ms (custom)
2019-08-31 05:58:36,477 [pool-159-thread-1] INFO  impl.RaftServerImpl (RaftServerImpl.java:start(180)) - be6717d3-e2b4-4098-8560-d6596398ce3c: start group-706DEF0025B9
2019-08-31 05:58:36,477 [pool-159-thread-1] INFO  impl.RaftServerImpl (RaftServerImpl.java:setRole(171)) - be6717d3-e2b4-4098-8560-d6596398ce3c:group-706DEF0025B9 changes role from null to FOLLOWER at term 0 for startAsFollower
2019-08-31 05:58:36,477 [pool-159-thread-1] INFO  impl.RoleInfo (RoleInfo.java:updateAndGet(143)) - be6717d3-e2b4-4098-8560-d6596398ce3c: start FollowerState
2019-08-31 05:58:36,478 [pool-159-thread-1] INFO  util.JmxRegister (JmxRegister.java:tryRegister(44)) - Successfully registered JMX Bean with object name Ratis:service=RaftServer,group=group-706DEF0025B9,id=be6717d3-e2b4-4098-8560-d6596398ce3c
2019-08-31 05:58:36,481 [RatisPipelineUtilsThread] INFO  pipeline.PipelineStateManager (PipelineStateManager.java:addPipeline(56)) - Created pipeline Pipeline[ Id: 8413854a-f47d-43e1-ae6d-706def0025b9, Nodes: be6717d3-e2b4-4098-8560-d6596398ce3c{ip: 192.168.69.127, host: trunk-nightly-20190831-ctmzz-2056601931, networkLocation: /default-rack, certSerialId: null}, Type:RATIS, Factor:ONE, State:OPEN]
2019-08-31 05:58:36,500 [grpc-default-executor-4] INFO  impl.RaftServerProxy (RaftServerProxy.java:addNew(89)) - 65d7ba33-73cf-428f-8fa2-8b778f097bac: addNew group-20CECF5EB906:[65d7ba33-73cf-428f-8fa2-8b778f097bac:192.168.69.127:44563] returns group-20CECF5EB906:java.util.concurrent.CompletableFuture@7f7e0884[Not completed]
2019-08-31 05:58:36,505 [pool-179-thread-1] INFO  impl.RaftServerImpl (RaftServerImpl.java:<init>(93)) - 65d7ba33-73cf-428f-8fa2-8b778f097bac: new RaftServerImpl for group-20CECF5EB906:[65d7ba33-73cf-428f-8fa2-8b778f097bac:192.168.69.127:44563] with ContainerStateMachine:uninitialized
2019-08-31 05:58:36,505 [pool-179-thread-1] INFO  server.RaftServerConfigKeys (ConfUtils.java:logGet(43)) - raft.server.rpc.timeout.min = 5s (custom)
2019-08-31 05:58:36,505 [pool-179-thread-1] INFO  server.RaftServerConfigKeys (ConfUtils.java:logGet(43)) - raft.server.rpc.timeout.max = 5200ms (custom)
2019-08-31 05:58:36,505 [pool-179-thread-1] INFO  server.RaftServerConfigKeys (ConfUtils.java:logGet(43)) - raft.server.rpcslowness.timeout = 120s (custom)
2019-08-31 05:58:36,506 [pool-179-thread-1] INFO  server.RaftServerConfigKeys (ConfUtils.java:logGet(43)) - raft.server.sleep.deviation.threshold = 300 (default)
2019-08-31 05:58:36,506 [pool-179-thread-1] INFO  server.RaftServerConfigKeys (ConfUtils.java:logGet(43)) - raft.server.log.appender.install.snapshot.enabled = false (custom)
2019-08-31 05:58:36,506 [pool-179-thread-1] INFO  impl.RaftServerImpl (ServerState.java:<init>(105)) - 65d7ba33-73cf-428f-8fa2-8b778f097bac:group-20CECF5EB906 ConfigurationManager, init=-1: [65d7ba33-73cf-428f-8fa2-8b778f097bac:192.168.69.127:44563], old=null, confs=<EMPTY_MAP>
2019-08-31 05:58:36,506 [pool-179-thread-1] INFO  server.RaftServerConfigKeys (ConfUtils.java:logGet(43)) - raft.server.storage.dir = [/workdir/hadoop-ozone/integration-test/target/test-dir/MiniOzoneClusterImpl-08f3fe21-1a76-4db7-ba59-51f14a367526/datanode-6/data/ratis] (custom)
2019-08-31 05:58:36,530 [pool-179-thread-1] INFO  storage.RaftStorageDirectory (RaftStorageDirectory.java:analyzeStorage(246)) - The storage directory /workdir/hadoop-ozone/integration-test/target/test-dir/MiniOzoneClusterImpl-08f3fe21-1a76-4db7-ba59-51f14a367526/datanode-6/data/ratis/e158a795-05d5-46c9-8916-20cecf5eb906 does not exist. Creating ...
2019-08-31 05:58:36,554 [pool-179-thread-1] INFO  storage.RaftStorageDirectory (RaftStorageDirectory.java:tryLock(328)) - Lock on /workdir/hadoop-ozone/integration-test/target/test-dir/MiniOzoneClusterImpl-08f3fe21-1a76-4db7-ba59-51f14a367526/datanode-6/data/ratis/e158a795-05d5-46c9-8916-20cecf5eb906/in_use.lock acquired by nodename 3050@trunk-nightly-20190831-ctmzz-2056601931
2019-08-31 05:58:36,583 [pool-179-thread-1] INFO  storage.RaftStorage (RaftStorage.java:format(72)) - Storage directory /workdir/hadoop-ozone/integration-test/target/test-dir/MiniOzoneClusterImpl-08f3fe21-1a76-4db7-ba59-51f14a367526/datanode-6/data/ratis/e158a795-05d5-46c9-8916-20cecf5eb906 has been successfully formatted.
2019-08-31 05:58:36,583 [pool-179-thread-1] INFO  ratis.ContainerStateMachine (ContainerStateMachine.java:loadSnapshot(227)) - group-20CECF5EB906: The snapshot info is null. Setting the last applied indexto:(t:0, i:~)
2019-08-31 05:58:36,584 [pool-179-thread-1] INFO  server.RaftServerConfigKeys (ConfUtils.java:logGet(43)) - raft.server.leader.election.timeout = 120s (custom)
2019-08-31 05:58:36,584 [pool-179-thread-1] INFO  server.RaftServerConfigKeys (ConfUtils.java:logGet(43)) - raft.server.log.use.memory = false (default)
2019-08-31 05:58:36,584 [pool-179-thread-1] INFO  server.RaftServerConfigKeys (ConfUtils.java:logGet(43)) - raft.server.log.purge.gap = 1000000 (custom)
2019-08-31 05:58:36,584 [pool-179-thread-1] INFO  server.RaftServerConfigKeys (ConfUtils.java:logGet(43)) - raft.server.log.appender.buffer.byte-limit = 33554432 (custom)
2019-08-31 05:58:36,584 [pool-179-thread-1] INFO  server.RaftServerConfigKeys (ConfUtils.java:logGet(43)) - raft.server.log.segment.size.max = 1048576 (custom)
2019-08-31 05:58:36,584 [pool-179-thread-1] INFO  server.RaftServerConfigKeys (ConfUtils.java:logGet(43)) - raft.server.log.segment.cache.num.max = 2 (custom)
2019-08-31 05:58:36,584 [pool-179-thread-1] INFO  segmented.SegmentedRaftLogWorker (SegmentedRaftLogWorker.java:<init>(172)) - new 65d7ba33-73cf-428f-8fa2-8b778f097bac-SegmentedRaftLogWorker:Storage Directory /workdir/hadoop-ozone/integration-test/target/test-dir/MiniOzoneClusterImpl-08f3fe21-1a76-4db7-ba59-51f14a367526/datanode-6/data/ratis/e158a795-05d5-46c9-8916-20cecf5eb906 for RaftStorage:Storage Directory /workdir/hadoop-ozone/integration-test/target/test-dir/MiniOzoneClusterImpl-08f3fe21-1a76-4db7-ba59-51f14a367526/datanode-6/data/ratis/e158a795-05d5-46c9-8916-20cecf5eb906
2019-08-31 05:58:36,585 [pool-179-thread-1] INFO  server.RaftServerConfigKeys (ConfUtils.java:logGet(43)) - raft.server.log.queue.byte-limit = 2147483647 (custom)
2019-08-31 05:58:36,585 [pool-179-thread-1] INFO  server.RaftServerConfigKeys (ConfUtils.java:logGet(43)) - raft.server.log.queue.element-limit = 1024 (custom)
2019-08-31 05:58:36,585 [pool-179-thread-1] INFO  server.RaftServerConfigKeys (ConfUtils.java:logGet(43)) - raft.server.log.segment.size.max = 1048576 (custom)
2019-08-31 05:58:36,585 [pool-179-thread-1] INFO  server.RaftServerConfigKeys (ConfUtils.java:logGet(43)) - raft.server.log.preallocated.size = 16384 (custom)
2019-08-31 05:58:36,585 [pool-179-thread-1] INFO  server.RaftServerConfigKeys (ConfUtils.java:logGet(43)) - raft.server.log.write.buffer.size = 33554432 (custom)
2019-08-31 05:58:36,586 [pool-179-thread-1] INFO  server.RaftServerConfigKeys (ConfUtils.java:logGet(43)) - raft.server.log.force.sync.num = 128 (default)
2019-08-31 05:58:36,586 [pool-179-thread-1] INFO  server.RaftServerConfigKeys (ConfUtils.java:logGet(43)) - raft.server.log.statemachine.data.sync = true (default)
2019-08-31 05:58:36,586 [pool-179-thread-1] INFO  server.RaftServerConfigKeys (ConfUtils.java:logGet(43)) - raft.server.log.statemachine.data.sync.timeout = 10s (default)
2019-08-31 05:58:36,586 [pool-179-thread-1] INFO  server.RaftServerConfigKeys (ConfUtils.java:logGet(43)) - raft.server.log.statemachine.data.sync.timeout.retry = -1 (default)
2019-08-31 05:58:36,586 [pool-179-thread-1] INFO  server.RaftServerConfigKeys (ConfUtils.java:logGet(43)) - raft.server.log.statemachine.data.caching.enabled = true (custom)
2019-08-31 05:58:36,587 [pool-179-thread-1] INFO  segmented.SegmentedRaftLogWorker (SegmentedRaftLogWorker.java:lambda$new$0(132)) - 65d7ba33-73cf-428f-8fa2-8b778f097bac-SegmentedRaftLogWorker:Storage Directory /workdir/hadoop-ozone/integration-test/target/test-dir/MiniOzoneClusterImpl-08f3fe21-1a76-4db7-ba59-51f14a367526/datanode-6/data/ratis/e158a795-05d5-46c9-8916-20cecf5eb906: flushIndex: setUnconditionally 0 -> -1
2019-08-31 05:58:36,587 [pool-179-thread-1] INFO  server.RaftServerConfigKeys (ConfUtils.java:logGet(43)) - raft.server.snapshot.auto.trigger.enabled = true (custom)
2019-08-31 05:58:36,587 [pool-179-thread-1] INFO  server.RaftServerConfigKeys (ConfUtils.java:logGet(43)) - raft.server.snapshot.auto.trigger.threshold = 10000 (custom)
2019-08-31 05:58:36,587 [pool-179-thread-1] INFO  server.RaftServerConfigKeys (ConfUtils.java:logGet(43)) - raft.server.retrycache.expirytime = 600000ms (custom)
2019-08-31 05:58:36,587 [pool-179-thread-1] INFO  impl.RaftServerImpl (RaftServerImpl.java:start(180)) - 65d7ba33-73cf-428f-8fa2-8b778f097bac: start group-20CECF5EB906
2019-08-31 05:58:36,588 [pool-179-thread-1] INFO  impl.RaftServerImpl (RaftServerImpl.java:setRole(171)) - 65d7ba33-73cf-428f-8fa2-8b778f097bac:group-20CECF5EB906 changes role from null to FOLLOWER at term 0 for startAsFollower
2019-08-31 05:58:36,588 [pool-179-thread-1] INFO  impl.RoleInfo (RoleInfo.java:updateAndGet(143)) - 65d7ba33-73cf-428f-8fa2-8b778f097bac: start FollowerState
2019-08-31 05:58:36,588 [pool-179-thread-1] INFO  util.JmxRegister (JmxRegister.java:tryRegister(44)) - Successfully registered JMX Bean with object name Ratis:service=RaftServer,group=group-20CECF5EB906,id=65d7ba33-73cf-428f-8fa2-8b778f097bac
2019-08-31 05:58:36,591 [RatisPipelineUtilsThread] INFO  pipeline.PipelineStateManager (PipelineStateManager.java:addPipeline(56)) - Created pipeline Pipeline[ Id: e158a795-05d5-46c9-8916-20cecf5eb906, Nodes: 65d7ba33-73cf-428f-8fa2-8b778f097bac{ip: 192.168.69.127, host: trunk-nightly-20190831-ctmzz-2056601931, networkLocation: /default-rack, certSerialId: null}, Type:RATIS, Factor:ONE, State:OPEN]
2019-08-31 05:58:36,600 [grpc-default-executor-4] INFO  impl.RaftServerProxy (RaftServerProxy.java:addNew(89)) - ca67342a-fc2d-4b3c-849c-12f1afc677bb: addNew group-71294CFF61A2:[ca67342a-fc2d-4b3c-849c-12f1afc677bb:192.168.69.127:40946] returns group-71294CFF61A2:java.util.concurrent.CompletableFuture@42d2dc8b[Not completed]
2019-08-31 05:58:36,605 [pool-169-thread-1] INFO  impl.RaftServerImpl (RaftServerImpl.java:<init>(93)) - ca67342a-fc2d-4b3c-849c-12f1afc677bb: new RaftServerImpl for group-71294CFF61A2:[ca67342a-fc2d-4b3c-849c-12f1afc677bb:192.168.69.127:40946] with ContainerStateMachine:uninitialized
2019-08-31 05:58:36,605 [pool-169-thread-1] INFO  server.RaftServerConfigKeys (ConfUtils.java:logGet(43)) - raft.server.rpc.timeout.min = 5s (custom)
2019-08-31 05:58:36,605 [pool-169-thread-1] INFO  server.RaftServerConfigKeys (ConfUtils.java:logGet(43)) - raft.server.rpc.timeout.max = 5200ms (custom)
2019-08-31 05:58:36,606 [pool-169-thread-1] INFO  server.RaftServerConfigKeys (ConfUtils.java:logGet(43)) - raft.server.rpcslowness.timeout = 120s (custom)
2019-08-31 05:58:36,606 [pool-169-thread-1] INFO  server.RaftServerConfigKeys (ConfUtils.java:logGet(43)) - raft.server.sleep.deviation.threshold = 300 (default)
2019-08-31 05:58:36,606 [pool-169-thread-1] INFO  server.RaftServerConfigKeys (ConfUtils.java:logGet(43)) - raft.server.log.appender.install.snapshot.enabled = false (custom)
2019-08-31 05:58:36,606 [pool-169-thread-1] INFO  impl.RaftServerImpl (ServerState.java:<init>(105)) - ca67342a-fc2d-4b3c-849c-12f1afc677bb:group-71294CFF61A2 ConfigurationManager, init=-1: [ca67342a-fc2d-4b3c-849c-12f1afc677bb:192.168.69.127:40946], old=null, confs=<EMPTY_MAP>
2019-08-31 05:58:36,606 [pool-169-thread-1] INFO  server.RaftServerConfigKeys (ConfUtils.java:logGet(43)) - raft.server.storage.dir = [/workdir/hadoop-ozone/integration-test/target/test-dir/MiniOzoneClusterImpl-08f3fe21-1a76-4db7-ba59-51f14a367526/datanode-5/data/ratis] (custom)
2019-08-31 05:58:36,606 [pool-169-thread-1] INFO  storage.RaftStorageDirectory (RaftStorageDirectory.java:analyzeStorage(246)) - The storage directory /workdir/hadoop-ozone/integration-test/target/test-dir/MiniOzoneClusterImpl-08f3fe21-1a76-4db7-ba59-51f14a367526/datanode-5/data/ratis/bcfd8e08-b9db-4437-a2e4-71294cff61a2 does not exist. Creating ...
2019-08-31 05:58:36,633 [pool-169-thread-1] INFO  storage.RaftStorageDirectory (RaftStorageDirectory.java:tryLock(328)) - Lock on /workdir/hadoop-ozone/integration-test/target/test-dir/MiniOzoneClusterImpl-08f3fe21-1a76-4db7-ba59-51f14a367526/datanode-5/data/ratis/bcfd8e08-b9db-4437-a2e4-71294cff61a2/in_use.lock acquired by nodename 3050@trunk-nightly-20190831-ctmzz-2056601931
2019-08-31 05:58:36,671 [pool-169-thread-1] INFO  storage.RaftStorage (RaftStorage.java:format(72)) - Storage directory /workdir/hadoop-ozone/integration-test/target/test-dir/MiniOzoneClusterImpl-08f3fe21-1a76-4db7-ba59-51f14a367526/datanode-5/data/ratis/bcfd8e08-b9db-4437-a2e4-71294cff61a2 has been successfully formatted.
2019-08-31 05:58:36,671 [pool-169-thread-1] INFO  ratis.ContainerStateMachine (ContainerStateMachine.java:loadSnapshot(227)) - group-71294CFF61A2: The snapshot info is null. Setting the last applied indexto:(t:0, i:~)
2019-08-31 05:58:36,671 [pool-169-thread-1] INFO  server.RaftServerConfigKeys (ConfUtils.java:logGet(43)) - raft.server.leader.election.timeout = 120s (custom)
2019-08-31 05:58:36,672 [pool-169-thread-1] INFO  server.RaftServerConfigKeys (ConfUtils.java:logGet(43)) - raft.server.log.use.memory = false (default)
2019-08-31 05:58:36,672 [pool-169-thread-1] INFO  server.RaftServerConfigKeys (ConfUtils.java:logGet(43)) - raft.server.log.purge.gap = 1000000 (custom)
2019-08-31 05:58:36,672 [pool-169-thread-1] INFO  server.RaftServerConfigKeys (ConfUtils.java:logGet(43)) - raft.server.log.appender.buffer.byte-limit = 33554432 (custom)
2019-08-31 05:58:36,672 [pool-169-thread-1] INFO  server.RaftServerConfigKeys (ConfUtils.java:logGet(43)) - raft.server.log.segment.size.max = 1048576 (custom)
2019-08-31 05:58:36,672 [pool-169-thread-1] INFO  server.RaftServerConfigKeys (ConfUtils.java:logGet(43)) - raft.server.log.segment.cache.num.max = 2 (custom)
2019-08-31 05:58:36,672 [pool-169-thread-1] INFO  segmented.SegmentedRaftLogWorker (SegmentedRaftLogWorker.java:<init>(172)) - new ca67342a-fc2d-4b3c-849c-12f1afc677bb-SegmentedRaftLogWorker:Storage Directory /workdir/hadoop-ozone/integration-test/target/test-dir/MiniOzoneClusterImpl-08f3fe21-1a76-4db7-ba59-51f14a367526/datanode-5/data/ratis/bcfd8e08-b9db-4437-a2e4-71294cff61a2 for RaftStorage:Storage Directory /workdir/hadoop-ozone/integration-test/target/test-dir/MiniOzoneClusterImpl-08f3fe21-1a76-4db7-ba59-51f14a367526/datanode-5/data/ratis/bcfd8e08-b9db-4437-a2e4-71294cff61a2
2019-08-31 05:58:36,672 [pool-169-thread-1] INFO  server.RaftServerConfigKeys (ConfUtils.java:logGet(43)) - raft.server.log.queue.byte-limit = 2147483647 (custom)
2019-08-31 05:58:36,672 [pool-169-thread-1] INFO  server.RaftServerConfigKeys (ConfUtils.java:logGet(43)) - raft.server.log.queue.element-limit = 1024 (custom)
2019-08-31 05:58:36,673 [pool-169-thread-1] INFO  server.RaftServerConfigKeys (ConfUtils.java:logGet(43)) - raft.server.log.segment.size.max = 1048576 (custom)
2019-08-31 05:58:36,673 [pool-169-thread-1] INFO  server.RaftServerConfigKeys (ConfUtils.java:logGet(43)) - raft.server.log.preallocated.size = 16384 (custom)
2019-08-31 05:58:36,673 [pool-169-thread-1] INFO  server.RaftServerConfigKeys (ConfUtils.java:logGet(43)) - raft.server.log.write.buffer.size = 33554432 (custom)
2019-08-31 05:58:36,673 [pool-169-thread-1] INFO  server.RaftServerConfigKeys (ConfUtils.java:logGet(43)) - raft.server.log.force.sync.num = 128 (default)
2019-08-31 05:58:36,673 [pool-169-thread-1] INFO  server.RaftServerConfigKeys (ConfUtils.java:logGet(43)) - raft.server.log.statemachine.data.sync = true (default)
2019-08-31 05:58:36,673 [pool-169-thread-1] INFO  server.RaftServerConfigKeys (ConfUtils.java:logGet(43)) - raft.server.log.statemachine.data.sync.timeout = 10s (default)
2019-08-31 05:58:36,674 [pool-169-thread-1] INFO  server.RaftServerConfigKeys (ConfUtils.java:logGet(43)) - raft.server.log.statemachine.data.sync.timeout.retry = -1 (default)
2019-08-31 05:58:36,674 [pool-169-thread-1] INFO  server.RaftServerConfigKeys (ConfUtils.java:logGet(43)) - raft.server.log.statemachine.data.caching.enabled = true (custom)
2019-08-31 05:58:36,674 [pool-169-thread-1] INFO  segmented.SegmentedRaftLogWorker (SegmentedRaftLogWorker.java:lambda$new$0(132)) - ca67342a-fc2d-4b3c-849c-12f1afc677bb-SegmentedRaftLogWorker:Storage Directory /workdir/hadoop-ozone/integration-test/target/test-dir/MiniOzoneClusterImpl-08f3fe21-1a76-4db7-ba59-51f14a367526/datanode-5/data/ratis/bcfd8e08-b9db-4437-a2e4-71294cff61a2: flushIndex: setUnconditionally 0 -> -1
2019-08-31 05:58:36,674 [pool-169-thread-1] INFO  server.RaftServerConfigKeys (ConfUtils.java:logGet(43)) - raft.server.snapshot.auto.trigger.enabled = true (custom)
2019-08-31 05:58:36,674 [pool-169-thread-1] INFO  server.RaftServerConfigKeys (ConfUtils.java:logGet(43)) - raft.server.snapshot.auto.trigger.threshold = 10000 (custom)
2019-08-31 05:58:36,675 [pool-169-thread-1] INFO  server.RaftServerConfigKeys (ConfUtils.java:logGet(43)) - raft.server.retrycache.expirytime = 600000ms (custom)
2019-08-31 05:58:36,675 [pool-169-thread-1] INFO  impl.RaftServerImpl (RaftServerImpl.java:start(180)) - ca67342a-fc2d-4b3c-849c-12f1afc677bb: start group-71294CFF61A2
2019-08-31 05:58:36,675 [pool-169-thread-1] INFO  impl.RaftServerImpl (RaftServerImpl.java:setRole(171)) - ca67342a-fc2d-4b3c-849c-12f1afc677bb:group-71294CFF61A2 changes role from null to FOLLOWER at term 0 for startAsFollower
2019-08-31 05:58:36,675 [pool-169-thread-1] INFO  impl.RoleInfo (RoleInfo.java:updateAndGet(143)) - ca67342a-fc2d-4b3c-849c-12f1afc677bb: start FollowerState
2019-08-31 05:58:36,675 [pool-169-thread-1] INFO  util.JmxRegister (JmxRegister.java:tryRegister(44)) - Successfully registered JMX Bean with object name Ratis:service=RaftServer,group=group-71294CFF61A2,id=ca67342a-fc2d-4b3c-849c-12f1afc677bb
2019-08-31 05:58:36,678 [RatisPipelineUtilsThread] INFO  pipeline.PipelineStateManager (PipelineStateManager.java:addPipeline(56)) - Created pipeline Pipeline[ Id: bcfd8e08-b9db-4437-a2e4-71294cff61a2, Nodes: ca67342a-fc2d-4b3c-849c-12f1afc677bb{ip: 192.168.69.127, host: trunk-nightly-20190831-ctmzz-2056601931, networkLocation: /default-rack, certSerialId: null}, Type:RATIS, Factor:ONE, State:OPEN]
2019-08-31 05:58:36,695 [grpc-default-executor-3] INFO  impl.RaftServerProxy (RaftServerProxy.java:addNew(89)) - 65d7ba33-73cf-428f-8fa2-8b778f097bac: addNew group-FBB19C0E0420:[c9f78a1f-7704-4a39-8b7a-67be0f070410:192.168.69.127:33553, be6717d3-e2b4-4098-8560-d6596398ce3c:192.168.69.127:37525, 65d7ba33-73cf-428f-8fa2-8b778f097bac:192.168.69.127:44563] returns group-FBB19C0E0420:java.util.concurrent.CompletableFuture@3c7c4852[Not completed]
2019-08-31 05:58:36,695 [grpc-default-executor-2] INFO  impl.RaftServerProxy (RaftServerProxy.java:addNew(89)) - be6717d3-e2b4-4098-8560-d6596398ce3c: addNew group-FBB19C0E0420:[c9f78a1f-7704-4a39-8b7a-67be0f070410:192.168.69.127:33553, be6717d3-e2b4-4098-8560-d6596398ce3c:192.168.69.127:37525, 65d7ba33-73cf-428f-8fa2-8b778f097bac:192.168.69.127:44563] returns group-FBB19C0E0420:java.util.concurrent.CompletableFuture@c0c47ef[Not completed]
2019-08-31 05:58:36,696 [grpc-default-executor-4] INFO  impl.RaftServerProxy (RaftServerProxy.java:addNew(89)) - c9f78a1f-7704-4a39-8b7a-67be0f070410: addNew group-FBB19C0E0420:[c9f78a1f-7704-4a39-8b7a-67be0f070410:192.168.69.127:33553, be6717d3-e2b4-4098-8560-d6596398ce3c:192.168.69.127:37525, 65d7ba33-73cf-428f-8fa2-8b778f097bac:192.168.69.127:44563] returns group-FBB19C0E0420:java.util.concurrent.CompletableFuture@219fa0e6[Not completed]
2019-08-31 05:58:36,697 [pool-179-thread-1] INFO  impl.RaftServerImpl (RaftServerImpl.java:<init>(93)) - 65d7ba33-73cf-428f-8fa2-8b778f097bac: new RaftServerImpl for group-FBB19C0E0420:[c9f78a1f-7704-4a39-8b7a-67be0f070410:192.168.69.127:33553, be6717d3-e2b4-4098-8560-d6596398ce3c:192.168.69.127:37525, 65d7ba33-73cf-428f-8fa2-8b778f097bac:192.168.69.127:44563] with ContainerStateMachine:uninitialized
2019-08-31 05:58:36,697 [pool-179-thread-1] INFO  server.RaftServerConfigKeys (ConfUtils.java:logGet(43)) - raft.server.rpc.timeout.min = 5s (custom)
2019-08-31 05:58:36,697 [pool-179-thread-1] INFO  server.RaftServerConfigKeys (ConfUtils.java:logGet(43)) - raft.server.rpc.timeout.max = 5200ms (custom)
2019-08-31 05:58:36,697 [pool-179-thread-1] INFO  server.RaftServerConfigKeys (ConfUtils.java:logGet(43)) - raft.server.rpcslowness.timeout = 120s (custom)
2019-08-31 05:58:36,698 [pool-179-thread-1] INFO  server.RaftServerConfigKeys (ConfUtils.java:logGet(43)) - raft.server.sleep.deviation.threshold = 300 (default)
2019-08-31 05:58:36,698 [pool-179-thread-1] INFO  server.RaftServerConfigKeys (ConfUtils.java:logGet(43)) - raft.server.log.appender.install.snapshot.enabled = false (custom)
2019-08-31 05:58:36,698 [pool-179-thread-1] INFO  impl.RaftServerImpl (ServerState.java:<init>(105)) - 65d7ba33-73cf-428f-8fa2-8b778f097bac:group-FBB19C0E0420 ConfigurationManager, init=-1: [c9f78a1f-7704-4a39-8b7a-67be0f070410:192.168.69.127:33553, be6717d3-e2b4-4098-8560-d6596398ce3c:192.168.69.127:37525, 65d7ba33-73cf-428f-8fa2-8b778f097bac:192.168.69.127:44563], old=null, confs=<EMPTY_MAP>
2019-08-31 05:58:36,698 [pool-159-thread-1] INFO  impl.RaftServerImpl (RaftServerImpl.java:<init>(93)) - be6717d3-e2b4-4098-8560-d6596398ce3c: new RaftServerImpl for group-FBB19C0E0420:[c9f78a1f-7704-4a39-8b7a-67be0f070410:192.168.69.127:33553, be6717d3-e2b4-4098-8560-d6596398ce3c:192.168.69.127:37525, 65d7ba33-73cf-428f-8fa2-8b778f097bac:192.168.69.127:44563] with ContainerStateMachine:uninitialized
2019-08-31 05:58:36,698 [pool-179-thread-1] INFO  server.RaftServerConfigKeys (ConfUtils.java:logGet(43)) - raft.server.storage.dir = [/workdir/hadoop-ozone/integration-test/target/test-dir/MiniOzoneClusterImpl-08f3fe21-1a76-4db7-ba59-51f14a367526/datanode-6/data/ratis] (custom)
2019-08-31 05:58:36,698 [pool-159-thread-1] INFO  server.RaftServerConfigKeys (ConfUtils.java:logGet(43)) - raft.server.rpc.timeout.min = 5s (custom)
2019-08-31 05:58:36,699 [pool-159-thread-1] INFO  server.RaftServerConfigKeys (ConfUtils.java:logGet(43)) - raft.server.rpc.timeout.max = 5200ms (custom)
2019-08-31 05:58:36,699 [pool-129-thread-1] INFO  impl.RaftServerImpl (RaftServerImpl.java:<init>(93)) - c9f78a1f-7704-4a39-8b7a-67be0f070410: new RaftServerImpl for group-FBB19C0E0420:[c9f78a1f-7704-4a39-8b7a-67be0f070410:192.168.69.127:33553, be6717d3-e2b4-4098-8560-d6596398ce3c:192.168.69.127:37525, 65d7ba33-73cf-428f-8fa2-8b778f097bac:192.168.69.127:44563] with ContainerStateMachine:uninitialized
2019-08-31 05:58:36,699 [pool-179-thread-1] INFO  storage.RaftStorageDirectory (RaftStorageDirectory.java:analyzeStorage(246)) - The storage directory /workdir/hadoop-ozone/integration-test/target/test-dir/MiniOzoneClusterImpl-08f3fe21-1a76-4db7-ba59-51f14a367526/datanode-6/data/ratis/107d3d70-f8f9-4030-b5b4-fbb19c0e0420 does not exist. Creating ...
2019-08-31 05:58:36,699 [pool-129-thread-1] INFO  server.RaftServerConfigKeys (ConfUtils.java:logGet(43)) - raft.server.rpc.timeout.min = 5s (custom)
2019-08-31 05:58:36,699 [pool-159-thread-1] INFO  server.RaftServerConfigKeys (ConfUtils.java:logGet(43)) - raft.server.rpcslowness.timeout = 120s (custom)
2019-08-31 05:58:36,699 [pool-129-thread-1] INFO  server.RaftServerConfigKeys (ConfUtils.java:logGet(43)) - raft.server.rpc.timeout.max = 5200ms (custom)
2019-08-31 05:58:36,699 [pool-159-thread-1] INFO  server.RaftServerConfigKeys (ConfUtils.java:logGet(43)) - raft.server.sleep.deviation.threshold = 300 (default)
2019-08-31 05:58:36,700 [pool-129-thread-1] INFO  server.RaftServerConfigKeys (ConfUtils.java:logGet(43)) - raft.server.rpcslowness.timeout = 120s (custom)
2019-08-31 05:58:36,700 [pool-159-thread-1] INFO  server.RaftServerConfigKeys (ConfUtils.java:logGet(43)) - raft.server.log.appender.install.snapshot.enabled = false (custom)
2019-08-31 05:58:36,700 [pool-129-thread-1] INFO  server.RaftServerConfigKeys (ConfUtils.java:logGet(43)) - raft.server.sleep.deviation.threshold = 300 (default)
2019-08-31 05:58:36,700 [pool-159-thread-1] INFO  impl.RaftServerImpl (ServerState.java:<init>(105)) - be6717d3-e2b4-4098-8560-d6596398ce3c:group-FBB19C0E0420 ConfigurationManager, init=-1: [c9f78a1f-7704-4a39-8b7a-67be0f070410:192.168.69.127:33553, be6717d3-e2b4-4098-8560-d6596398ce3c:192.168.69.127:37525, 65d7ba33-73cf-428f-8fa2-8b778f097bac:192.168.69.127:44563], old=null, confs=<EMPTY_MAP>
2019-08-31 05:58:36,700 [pool-129-thread-1] INFO  server.RaftServerConfigKeys (ConfUtils.java:logGet(43)) - raft.server.log.appender.install.snapshot.enabled = false (custom)
2019-08-31 05:58:36,700 [pool-159-thread-1] INFO  server.RaftServerConfigKeys (ConfUtils.java:logGet(43)) - raft.server.storage.dir = [/workdir/hadoop-ozone/integration-test/target/test-dir/MiniOzoneClusterImpl-08f3fe21-1a76-4db7-ba59-51f14a367526/datanode-4/data/ratis] (custom)
2019-08-31 05:58:36,700 [pool-129-thread-1] INFO  impl.RaftServerImpl (ServerState.java:<init>(105)) - c9f78a1f-7704-4a39-8b7a-67be0f070410:group-FBB19C0E0420 ConfigurationManager, init=-1: [c9f78a1f-7704-4a39-8b7a-67be0f070410:192.168.69.127:33553, be6717d3-e2b4-4098-8560-d6596398ce3c:192.168.69.127:37525, 65d7ba33-73cf-428f-8fa2-8b778f097bac:192.168.69.127:44563], old=null, confs=<EMPTY_MAP>
2019-08-31 05:58:36,701 [pool-129-thread-1] INFO  server.RaftServerConfigKeys (ConfUtils.java:logGet(43)) - raft.server.storage.dir = [/workdir/hadoop-ozone/integration-test/target/test-dir/MiniOzoneClusterImpl-08f3fe21-1a76-4db7-ba59-51f14a367526/datanode-1/data/ratis] (custom)
2019-08-31 05:58:36,701 [pool-159-thread-1] INFO  storage.RaftStorageDirectory (RaftStorageDirectory.java:analyzeStorage(246)) - The storage directory /workdir/hadoop-ozone/integration-test/target/test-dir/MiniOzoneClusterImpl-08f3fe21-1a76-4db7-ba59-51f14a367526/datanode-4/data/ratis/107d3d70-f8f9-4030-b5b4-fbb19c0e0420 does not exist. Creating ...
2019-08-31 05:58:36,701 [pool-129-thread-1] INFO  storage.RaftStorageDirectory (RaftStorageDirectory.java:analyzeStorage(246)) - The storage directory /workdir/hadoop-ozone/integration-test/target/test-dir/MiniOzoneClusterImpl-08f3fe21-1a76-4db7-ba59-51f14a367526/datanode-1/data/ratis/107d3d70-f8f9-4030-b5b4-fbb19c0e0420 does not exist. Creating ...
2019-08-31 05:58:36,715 [pool-179-thread-1] INFO  storage.RaftStorageDirectory (RaftStorageDirectory.java:tryLock(328)) - Lock on /workdir/hadoop-ozone/integration-test/target/test-dir/MiniOzoneClusterImpl-08f3fe21-1a76-4db7-ba59-51f14a367526/datanode-6/data/ratis/107d3d70-f8f9-4030-b5b4-fbb19c0e0420/in_use.lock acquired by nodename 3050@trunk-nightly-20190831-ctmzz-2056601931
2019-08-31 05:58:36,715 [pool-159-thread-1] INFO  storage.RaftStorageDirectory (RaftStorageDirectory.java:tryLock(328)) - Lock on /workdir/hadoop-ozone/integration-test/target/test-dir/MiniOzoneClusterImpl-08f3fe21-1a76-4db7-ba59-51f14a367526/datanode-4/data/ratis/107d3d70-f8f9-4030-b5b4-fbb19c0e0420/in_use.lock acquired by nodename 3050@trunk-nightly-20190831-ctmzz-2056601931
2019-08-31 05:58:36,715 [pool-129-thread-1] INFO  storage.RaftStorageDirectory (RaftStorageDirectory.java:tryLock(328)) - Lock on /workdir/hadoop-ozone/integration-test/target/test-dir/MiniOzoneClusterImpl-08f3fe21-1a76-4db7-ba59-51f14a367526/datanode-1/data/ratis/107d3d70-f8f9-4030-b5b4-fbb19c0e0420/in_use.lock acquired by nodename 3050@trunk-nightly-20190831-ctmzz-2056601931
2019-08-31 05:58:36,734 [pool-179-thread-1] INFO  storage.RaftStorage (RaftStorage.java:format(72)) - Storage directory /workdir/hadoop-ozone/integration-test/target/test-dir/MiniOzoneClusterImpl-08f3fe21-1a76-4db7-ba59-51f14a367526/datanode-6/data/ratis/107d3d70-f8f9-4030-b5b4-fbb19c0e0420 has been successfully formatted.
2019-08-31 05:58:36,734 [pool-129-thread-1] INFO  storage.RaftStorage (RaftStorage.java:format(72)) - Storage directory /workdir/hadoop-ozone/integration-test/target/test-dir/MiniOzoneClusterImpl-08f3fe21-1a76-4db7-ba59-51f14a367526/datanode-1/data/ratis/107d3d70-f8f9-4030-b5b4-fbb19c0e0420 has been successfully formatted.
2019-08-31 05:58:36,734 [pool-159-thread-1] INFO  storage.RaftStorage (RaftStorage.java:format(72)) - Storage directory /workdir/hadoop-ozone/integration-test/target/test-dir/MiniOzoneClusterImpl-08f3fe21-1a76-4db7-ba59-51f14a367526/datanode-4/data/ratis/107d3d70-f8f9-4030-b5b4-fbb19c0e0420 has been successfully formatted.
2019-08-31 05:58:36,735 [pool-179-thread-1] INFO  ratis.ContainerStateMachine (ContainerStateMachine.java:loadSnapshot(227)) - group-FBB19C0E0420: The snapshot info is null. Setting the last applied indexto:(t:0, i:~)
2019-08-31 05:58:36,735 [pool-129-thread-1] INFO  ratis.ContainerStateMachine (ContainerStateMachine.java:loadSnapshot(227)) - group-FBB19C0E0420: The snapshot info is null. Setting the last applied indexto:(t:0, i:~)
2019-08-31 05:58:36,735 [pool-179-thread-1] INFO  server.RaftServerConfigKeys (ConfUtils.java:logGet(43)) - raft.server.leader.election.timeout = 120s (custom)
2019-08-31 05:58:36,735 [pool-159-thread-1] INFO  ratis.ContainerStateMachine (ContainerStateMachine.java:loadSnapshot(227)) - group-FBB19C0E0420: The snapshot info is null. Setting the last applied indexto:(t:0, i:~)
2019-08-31 05:58:36,735 [pool-179-thread-1] INFO  server.RaftServerConfigKeys (ConfUtils.java:logGet(43)) - raft.server.log.use.memory = false (default)
2019-08-31 05:58:36,735 [pool-129-thread-1] INFO  server.RaftServerConfigKeys (ConfUtils.java:logGet(43)) - raft.server.leader.election.timeout = 120s (custom)
2019-08-31 05:58:36,736 [pool-179-thread-1] INFO  server.RaftServerConfigKeys (ConfUtils.java:logGet(43)) - raft.server.log.purge.gap = 1000000 (custom)
2019-08-31 05:58:36,736 [pool-159-thread-1] INFO  server.RaftServerConfigKeys (ConfUtils.java:logGet(43)) - raft.server.leader.election.timeout = 120s (custom)
2019-08-31 05:58:36,736 [pool-179-thread-1] INFO  server.RaftServerConfigKeys (ConfUtils.java:logGet(43)) - raft.server.log.appender.buffer.byte-limit = 33554432 (custom)
2019-08-31 05:58:36,736 [pool-129-thread-1] INFO  server.RaftServerConfigKeys (ConfUtils.java:logGet(43)) - raft.server.log.use.memory = false (default)
2019-08-31 05:58:36,736 [pool-179-thread-1] INFO  server.RaftServerConfigKeys (ConfUtils.java:logGet(43)) - raft.server.log.segment.size.max = 1048576 (custom)
2019-08-31 05:58:36,736 [pool-159-thread-1] INFO  server.RaftServerConfigKeys (ConfUtils.java:logGet(43)) - raft.server.log.use.memory = false (default)
2019-08-31 05:58:36,737 [pool-179-thread-1] INFO  server.RaftServerConfigKeys (ConfUtils.java:logGet(43)) - raft.server.log.segment.cache.num.max = 2 (custom)
2019-08-31 05:58:36,737 [pool-129-thread-1] INFO  server.RaftServerConfigKeys (ConfUtils.java:logGet(43)) - raft.server.log.purge.gap = 1000000 (custom)
2019-08-31 05:58:36,737 [pool-179-thread-1] INFO  segmented.SegmentedRaftLogWorker (SegmentedRaftLogWorker.java:<init>(172)) - new 65d7ba33-73cf-428f-8fa2-8b778f097bac-SegmentedRaftLogWorker:Storage Directory /workdir/hadoop-ozone/integration-test/target/test-dir/MiniOzoneClusterImpl-08f3fe21-1a76-4db7-ba59-51f14a367526/datanode-6/data/ratis/107d3d70-f8f9-4030-b5b4-fbb19c0e0420 for RaftStorage:Storage Directory /workdir/hadoop-ozone/integration-test/target/test-dir/MiniOzoneClusterImpl-08f3fe21-1a76-4db7-ba59-51f14a367526/datanode-6/data/ratis/107d3d70-f8f9-4030-b5b4-fbb19c0e0420
2019-08-31 05:58:36,737 [pool-159-thread-1] INFO  server.RaftServerConfigKeys (ConfUtils.java:logGet(43)) - raft.server.log.purge.gap = 1000000 (custom)
2019-08-31 05:58:36,737 [pool-179-thread-1] INFO  server.RaftServerConfigKeys (ConfUtils.java:logGet(43)) - raft.server.log.queue.byte-limit = 2147483647 (custom)
2019-08-31 05:58:36,737 [pool-129-thread-1] INFO  server.RaftServerConfigKeys (ConfUtils.java:logGet(43)) - raft.server.log.appender.buffer.byte-limit = 33554432 (custom)
2019-08-31 05:58:36,738 [pool-179-thread-1] INFO  server.RaftServerConfigKeys (ConfUtils.java:logGet(43)) - raft.server.log.queue.element-limit = 1024 (custom)
2019-08-31 05:58:36,738 [pool-159-thread-1] INFO  server.RaftServerConfigKeys (ConfUtils.java:logGet(43)) - raft.server.log.appender.buffer.byte-limit = 33554432 (custom)
2019-08-31 05:58:36,738 [pool-179-thread-1] INFO  server.RaftServerConfigKeys (ConfUtils.java:logGet(43)) - raft.server.log.segment.size.max = 1048576 (custom)
2019-08-31 05:58:36,738 [pool-129-thread-1] INFO  server.RaftServerConfigKeys (ConfUtils.java:logGet(43)) - raft.server.log.segment.size.max = 1048576 (custom)
2019-08-31 05:58:36,738 [pool-179-thread-1] INFO  server.RaftServerConfigKeys (ConfUtils.java:logGet(43)) - raft.server.log.preallocated.size = 16384 (custom)
2019-08-31 05:58:36,738 [pool-159-thread-1] INFO  server.RaftServerConfigKeys (ConfUtils.java:logGet(43)) - raft.server.log.segment.size.max = 1048576 (custom)
2019-08-31 05:58:36,739 [pool-179-thread-1] INFO  server.RaftServerConfigKeys (ConfUtils.java:logGet(43)) - raft.server.log.write.buffer.size = 33554432 (custom)
2019-08-31 05:58:36,739 [pool-129-thread-1] INFO  server.RaftServerConfigKeys (ConfUtils.java:logGet(43)) - raft.server.log.segment.cache.num.max = 2 (custom)
2019-08-31 05:58:36,739 [pool-179-thread-1] INFO  server.RaftServerConfigKeys (ConfUtils.java:logGet(43)) - raft.server.log.force.sync.num = 128 (default)
2019-08-31 05:58:36,739 [pool-159-thread-1] INFO  server.RaftServerConfigKeys (ConfUtils.java:logGet(43)) - raft.server.log.segment.cache.num.max = 2 (custom)
2019-08-31 05:58:36,739 [pool-179-thread-1] INFO  server.RaftServerConfigKeys (ConfUtils.java:logGet(43)) - raft.server.log.statemachine.data.sync = true (default)
2019-08-31 05:58:36,739 [pool-129-thread-1] INFO  segmented.SegmentedRaftLogWorker (SegmentedRaftLogWorker.java:<init>(172)) - new c9f78a1f-7704-4a39-8b7a-67be0f070410-SegmentedRaftLogWorker:Storage Directory /workdir/hadoop-ozone/integration-test/target/test-dir/MiniOzoneClusterImpl-08f3fe21-1a76-4db7-ba59-51f14a367526/datanode-1/data/ratis/107d3d70-f8f9-4030-b5b4-fbb19c0e0420 for RaftStorage:Storage Directory /workdir/hadoop-ozone/integration-test/target/test-dir/MiniOzoneClusterImpl-08f3fe21-1a76-4db7-ba59-51f14a367526/datanode-1/data/ratis/107d3d70-f8f9-4030-b5b4-fbb19c0e0420
2019-08-31 05:58:36,740 [pool-179-thread-1] INFO  server.RaftServerConfigKeys (ConfUtils.java:logGet(43)) - raft.server.log.statemachine.data.sync.timeout = 10s (default)
2019-08-31 05:58:36,739 [pool-159-thread-1] INFO  segmented.SegmentedRaftLogWorker (SegmentedRaftLogWorker.java:<init>(172)) - new be6717d3-e2b4-4098-8560-d6596398ce3c-SegmentedRaftLogWorker:Storage Directory /workdir/hadoop-ozone/integration-test/target/test-dir/MiniOzoneClusterImpl-08f3fe21-1a76-4db7-ba59-51f14a367526/datanode-4/data/ratis/107d3d70-f8f9-4030-b5b4-fbb19c0e0420 for RaftStorage:Storage Directory /workdir/hadoop-ozone/integration-test/target/test-dir/MiniOzoneClusterImpl-08f3fe21-1a76-4db7-ba59-51f14a367526/datanode-4/data/ratis/107d3d70-f8f9-4030-b5b4-fbb19c0e0420
2019-08-31 05:58:36,740 [pool-179-thread-1] INFO  server.RaftServerConfigKeys (ConfUtils.java:logGet(43)) - raft.server.log.statemachine.data.sync.timeout.retry = -1 (default)
2019-08-31 05:58:36,740 [pool-129-thread-1] INFO  server.RaftServerConfigKeys (ConfUtils.java:logGet(43)) - raft.server.log.queue.byte-limit = 2147483647 (custom)
2019-08-31 05:58:36,740 [pool-179-thread-1] INFO  server.RaftServerConfigKeys (ConfUtils.java:logGet(43)) - raft.server.log.statemachine.data.caching.enabled = true (custom)
2019-08-31 05:58:36,740 [pool-159-thread-1] INFO  server.RaftServerConfigKeys (ConfUtils.java:logGet(43)) - raft.server.log.queue.byte-limit = 2147483647 (custom)
2019-08-31 05:58:36,740 [pool-129-thread-1] INFO  server.RaftServerConfigKeys (ConfUtils.java:logGet(43)) - raft.server.log.queue.element-limit = 1024 (custom)
2019-08-31 05:58:36,741 [pool-179-thread-1] INFO  segmented.SegmentedRaftLogWorker (SegmentedRaftLogWorker.java:lambda$new$0(132)) - 65d7ba33-73cf-428f-8fa2-8b778f097bac-SegmentedRaftLogWorker:Storage Directory /workdir/hadoop-ozone/integration-test/target/test-dir/MiniOzoneClusterImpl-08f3fe21-1a76-4db7-ba59-51f14a367526/datanode-6/data/ratis/107d3d70-f8f9-4030-b5b4-fbb19c0e0420: flushIndex: setUnconditionally 0 -> -1
2019-08-31 05:58:36,741 [pool-159-thread-1] INFO  server.RaftServerConfigKeys (ConfUtils.java:logGet(43)) - raft.server.log.queue.element-limit = 1024 (custom)
2019-08-31 05:58:36,741 [pool-129-thread-1] INFO  server.RaftServerConfigKeys (ConfUtils.java:logGet(43)) - raft.server.log.segment.size.max = 1048576 (custom)
2019-08-31 05:58:36,741 [pool-159-thread-1] INFO  server.RaftServerConfigKeys (ConfUtils.java:logGet(43)) - raft.server.log.segment.size.max = 1048576 (custom)
2019-08-31 05:58:36,741 [pool-129-thread-1] INFO  server.RaftServerConfigKeys (ConfUtils.java:logGet(43)) - raft.server.log.preallocated.size = 16384 (custom)
2019-08-31 05:58:36,741 [pool-179-thread-1] INFO  server.RaftServerConfigKeys (ConfUtils.java:logGet(43)) - raft.server.snapshot.auto.trigger.enabled = true (custom)
2019-08-31 05:58:36,742 [pool-129-thread-1] INFO  server.RaftServerConfigKeys (ConfUtils.java:logGet(43)) - raft.server.log.write.buffer.size = 33554432 (custom)
2019-08-31 05:58:36,742 [pool-159-thread-1] INFO  server.RaftServerConfigKeys (ConfUtils.java:logGet(43)) - raft.server.log.preallocated.size = 16384 (custom)
2019-08-31 05:58:36,742 [pool-129-thread-1] INFO  server.RaftServerConfigKeys (ConfUtils.java:logGet(43)) - raft.server.log.force.sync.num = 128 (default)
2019-08-31 05:58:36,742 [pool-179-thread-1] INFO  server.RaftServerConfigKeys (ConfUtils.java:logGet(43)) - raft.server.snapshot.auto.trigger.threshold = 10000 (custom)
2019-08-31 05:58:36,742 [pool-129-thread-1] INFO  server.RaftServerConfigKeys (ConfUtils.java:logGet(43)) - raft.server.log.statemachine.data.sync = true (default)
2019-08-31 05:58:36,742 [pool-159-thread-1] INFO  server.RaftServerConfigKeys (ConfUtils.java:logGet(43)) - raft.server.log.write.buffer.size = 33554432 (custom)
2019-08-31 05:58:36,743 [pool-129-thread-1] INFO  server.RaftServerConfigKeys (ConfUtils.java:logGet(43)) - raft.server.log.statemachine.data.sync.timeout = 10s (default)
2019-08-31 05:58:36,743 [pool-179-thread-1] INFO  server.RaftServerConfigKeys (ConfUtils.java:logGet(43)) - raft.server.retrycache.expirytime = 600000ms (custom)
2019-08-31 05:58:36,743 [pool-129-thread-1] INFO  server.RaftServerConfigKeys (ConfUtils.java:logGet(43)) - raft.server.log.statemachine.data.sync.timeout.retry = -1 (default)
2019-08-31 05:58:36,743 [pool-159-thread-1] INFO  server.RaftServerConfigKeys (ConfUtils.java:logGet(43)) - raft.server.log.force.sync.num = 128 (default)
2019-08-31 05:58:36,743 [pool-129-thread-1] INFO  server.RaftServerConfigKeys (ConfUtils.java:logGet(43)) - raft.server.log.statemachine.data.caching.enabled = true (custom)
2019-08-31 05:58:36,743 [pool-179-thread-1] INFO  impl.RaftServerImpl (RaftServerImpl.java:start(180)) - 65d7ba33-73cf-428f-8fa2-8b778f097bac: start group-FBB19C0E0420
2019-08-31 05:58:36,744 [pool-159-thread-1] INFO  server.RaftServerConfigKeys (ConfUtils.java:logGet(43)) - raft.server.log.statemachine.data.sync = true (default)
2019-08-31 05:58:36,744 [pool-129-thread-1] INFO  segmented.SegmentedRaftLogWorker (SegmentedRaftLogWorker.java:lambda$new$0(132)) - c9f78a1f-7704-4a39-8b7a-67be0f070410-SegmentedRaftLogWorker:Storage Directory /workdir/hadoop-ozone/integration-test/target/test-dir/MiniOzoneClusterImpl-08f3fe21-1a76-4db7-ba59-51f14a367526/datanode-1/data/ratis/107d3d70-f8f9-4030-b5b4-fbb19c0e0420: flushIndex: setUnconditionally 0 -> -1
2019-08-31 05:58:36,744 [pool-179-thread-1] INFO  impl.RaftServerImpl (RaftServerImpl.java:setRole(171)) - 65d7ba33-73cf-428f-8fa2-8b778f097bac:group-FBB19C0E0420 changes role from null to FOLLOWER at term 0 for startAsFollower
2019-08-31 05:58:36,744 [pool-159-thread-1] INFO  server.RaftServerConfigKeys (ConfUtils.java:logGet(43)) - raft.server.log.statemachine.data.sync.timeout = 10s (default)
2019-08-31 05:58:36,744 [pool-129-thread-1] INFO  server.RaftServerConfigKeys (ConfUtils.java:logGet(43)) - raft.server.snapshot.auto.trigger.enabled = true (custom)
2019-08-31 05:58:36,744 [pool-179-thread-1] INFO  impl.RoleInfo (RoleInfo.java:updateAndGet(143)) - 65d7ba33-73cf-428f-8fa2-8b778f097bac: start FollowerState
2019-08-31 05:58:36,745 [pool-129-thread-1] INFO  server.RaftServerConfigKeys (ConfUtils.java:logGet(43)) - raft.server.snapshot.auto.trigger.threshold = 10000 (custom)
2019-08-31 05:58:36,744 [pool-159-thread-1] INFO  server.RaftServerConfigKeys (ConfUtils.java:logGet(43)) - raft.server.log.statemachine.data.sync.timeout.retry = -1 (default)
2019-08-31 05:58:36,745 [pool-129-thread-1] INFO  server.RaftServerConfigKeys (ConfUtils.java:logGet(43)) - raft.server.retrycache.expirytime = 600000ms (custom)
2019-08-31 05:58:36,745 [pool-159-thread-1] INFO  server.RaftServerConfigKeys (ConfUtils.java:logGet(43)) - raft.server.log.statemachine.data.caching.enabled = true (custom)
2019-08-31 05:58:36,745 [pool-179-thread-1] INFO  util.JmxRegister (JmxRegister.java:tryRegister(44)) - Successfully registered JMX Bean with object name Ratis:service=RaftServer,group=group-FBB19C0E0420,id=65d7ba33-73cf-428f-8fa2-8b778f097bac
2019-08-31 05:58:36,745 [pool-129-thread-1] INFO  impl.RaftServerImpl (RaftServerImpl.java:start(180)) - c9f78a1f-7704-4a39-8b7a-67be0f070410: start group-FBB19C0E0420
2019-08-31 05:58:36,745 [pool-159-thread-1] INFO  segmented.SegmentedRaftLogWorker (SegmentedRaftLogWorker.java:lambda$new$0(132)) - be6717d3-e2b4-4098-8560-d6596398ce3c-SegmentedRaftLogWorker:Storage Directory /workdir/hadoop-ozone/integration-test/target/test-dir/MiniOzoneClusterImpl-08f3fe21-1a76-4db7-ba59-51f14a367526/datanode-4/data/ratis/107d3d70-f8f9-4030-b5b4-fbb19c0e0420: flushIndex: setUnconditionally 0 -> -1
2019-08-31 05:58:36,746 [pool-129-thread-1] INFO  impl.RaftServerImpl (RaftServerImpl.java:setRole(171)) - c9f78a1f-7704-4a39-8b7a-67be0f070410:group-FBB19C0E0420 changes role from null to FOLLOWER at term 0 for startAsFollower
2019-08-31 05:58:36,746 [pool-159-thread-1] INFO  server.RaftServerConfigKeys (ConfUtils.java:logGet(43)) - raft.server.snapshot.auto.trigger.enabled = true (custom)
2019-08-31 05:58:36,746 [pool-129-thread-1] INFO  impl.RoleInfo (RoleInfo.java:updateAndGet(143)) - c9f78a1f-7704-4a39-8b7a-67be0f070410: start FollowerState
2019-08-31 05:58:36,746 [pool-159-thread-1] INFO  server.RaftServerConfigKeys (ConfUtils.java:logGet(43)) - raft.server.snapshot.auto.trigger.threshold = 10000 (custom)
2019-08-31 05:58:36,747 [pool-159-thread-1] INFO  server.RaftServerConfigKeys (ConfUtils.java:logGet(43)) - raft.server.retrycache.expirytime = 600000ms (custom)
2019-08-31 05:58:36,747 [pool-129-thread-1] INFO  util.JmxRegister (JmxRegister.java:tryRegister(44)) - Successfully registered JMX Bean with object name Ratis:service=RaftServer,group=group-FBB19C0E0420,id=c9f78a1f-7704-4a39-8b7a-67be0f070410
2019-08-31 05:58:36,747 [pool-159-thread-1] INFO  impl.RaftServerImpl (RaftServerImpl.java:start(180)) - be6717d3-e2b4-4098-8560-d6596398ce3c: start group-FBB19C0E0420
2019-08-31 05:58:36,747 [pool-159-thread-1] INFO  impl.RaftServerImpl (RaftServerImpl.java:setRole(171)) - be6717d3-e2b4-4098-8560-d6596398ce3c:group-FBB19C0E0420 changes role from null to FOLLOWER at term 0 for startAsFollower
2019-08-31 05:58:36,747 [pool-159-thread-1] INFO  impl.RoleInfo (RoleInfo.java:updateAndGet(143)) - be6717d3-e2b4-4098-8560-d6596398ce3c: start FollowerState
2019-08-31 05:58:36,748 [pool-159-thread-1] INFO  util.JmxRegister (JmxRegister.java:tryRegister(44)) - Successfully registered JMX Bean with object name Ratis:service=RaftServer,group=group-FBB19C0E0420,id=be6717d3-e2b4-4098-8560-d6596398ce3c
2019-08-31 05:58:36,752 [RatisPipelineUtilsThread] INFO  pipeline.PipelineStateManager (PipelineStateManager.java:addPipeline(56)) - Created pipeline Pipeline[ Id: 107d3d70-f8f9-4030-b5b4-fbb19c0e0420, Nodes: 65d7ba33-73cf-428f-8fa2-8b778f097bac{ip: 192.168.69.127, host: trunk-nightly-20190831-ctmzz-2056601931, networkLocation: /default-rack, certSerialId: null}be6717d3-e2b4-4098-8560-d6596398ce3c{ip: 192.168.69.127, host: trunk-nightly-20190831-ctmzz-2056601931, networkLocation: /default-rack, certSerialId: null}c9f78a1f-7704-4a39-8b7a-67be0f070410{ip: 192.168.69.127, host: trunk-nightly-20190831-ctmzz-2056601931, networkLocation: /default-rack, certSerialId: null}, Type:RATIS, Factor:THREE, State:OPEN]
2019-08-31 05:58:36,771 [grpc-default-executor-3] INFO  impl.RaftServerProxy (RaftServerProxy.java:addNew(89)) - 1e87e662-ddb2-4042-9692-4141064b7de5: addNew group-7CC32E3369E5:[1e87e662-ddb2-4042-9692-4141064b7de5:192.168.69.127:43336, ca67342a-fc2d-4b3c-849c-12f1afc677bb:192.168.69.127:40946, d8a08337-d972-42b7-8129-7e1e1c0cc8b1:192.168.69.127:40089] returns group-7CC32E3369E5:java.util.concurrent.CompletableFuture@281be245[Not completed]
2019-08-31 05:58:36,771 [grpc-default-executor-4] INFO  impl.RaftServerProxy (RaftServerProxy.java:addNew(89)) - d8a08337-d972-42b7-8129-7e1e1c0cc8b1: addNew group-7CC32E3369E5:[1e87e662-ddb2-4042-9692-4141064b7de5:192.168.69.127:43336, ca67342a-fc2d-4b3c-849c-12f1afc677bb:192.168.69.127:40946, d8a08337-d972-42b7-8129-7e1e1c0cc8b1:192.168.69.127:40089] returns group-7CC32E3369E5:java.util.concurrent.CompletableFuture@492807a1[Not completed]
2019-08-31 05:58:36,771 [grpc-default-executor-2] INFO  impl.RaftServerProxy (RaftServerProxy.java:addNew(89)) - ca67342a-fc2d-4b3c-849c-12f1afc677bb: addNew group-7CC32E3369E5:[1e87e662-ddb2-4042-9692-4141064b7de5:192.168.69.127:43336, ca67342a-fc2d-4b3c-849c-12f1afc677bb:192.168.69.127:40946, d8a08337-d972-42b7-8129-7e1e1c0cc8b1:192.168.69.127:40089] returns group-7CC32E3369E5:java.util.concurrent.CompletableFuture@326fc82[Not completed]
2019-08-31 05:58:36,773 [pool-139-thread-1] INFO  impl.RaftServerImpl (RaftServerImpl.java:<init>(93)) - 1e87e662-ddb2-4042-9692-4141064b7de5: new RaftServerImpl for group-7CC32E3369E5:[1e87e662-ddb2-4042-9692-4141064b7de5:192.168.69.127:43336, ca67342a-fc2d-4b3c-849c-12f1afc677bb:192.168.69.127:40946, d8a08337-d972-42b7-8129-7e1e1c0cc8b1:192.168.69.127:40089] with ContainerStateMachine:uninitialized
2019-08-31 05:58:36,774 [pool-139-thread-1] INFO  server.RaftServerConfigKeys (ConfUtils.java:logGet(43)) - raft.server.rpc.timeout.min = 5s (custom)
2019-08-31 05:58:36,774 [pool-139-thread-1] INFO  server.RaftServerConfigKeys (ConfUtils.java:logGet(43)) - raft.server.rpc.timeout.max = 5200ms (custom)
2019-08-31 05:58:36,774 [pool-139-thread-1] INFO  server.RaftServerConfigKeys (ConfUtils.java:logGet(43)) - raft.server.rpcslowness.timeout = 120s (custom)
2019-08-31 05:58:36,774 [pool-139-thread-1] INFO  server.RaftServerConfigKeys (ConfUtils.java:logGet(43)) - raft.server.sleep.deviation.threshold = 300 (default)
2019-08-31 05:58:36,774 [pool-149-thread-1] INFO  impl.RaftServerImpl (RaftServerImpl.java:<init>(93)) - d8a08337-d972-42b7-8129-7e1e1c0cc8b1: new RaftServerImpl for group-7CC32E3369E5:[1e87e662-ddb2-4042-9692-4141064b7de5:192.168.69.127:43336, ca67342a-fc2d-4b3c-849c-12f1afc677bb:192.168.69.127:40946, d8a08337-d972-42b7-8129-7e1e1c0cc8b1:192.168.69.127:40089] with ContainerStateMachine:uninitialized
2019-08-31 05:58:36,774 [pool-139-thread-1] INFO  server.RaftServerConfigKeys (ConfUtils.java:logGet(43)) - raft.server.log.appender.install.snapshot.enabled = false (custom)
2019-08-31 05:58:36,775 [pool-149-thread-1] INFO  server.RaftServerConfigKeys (ConfUtils.java:logGet(43)) - raft.server.rpc.timeout.min = 5s (custom)
2019-08-31 05:58:36,775 [pool-139-thread-1] INFO  impl.RaftServerImpl (ServerState.java:<init>(105)) - 1e87e662-ddb2-4042-9692-4141064b7de5:group-7CC32E3369E5 ConfigurationManager, init=-1: [1e87e662-ddb2-4042-9692-4141064b7de5:192.168.69.127:43336, ca67342a-fc2d-4b3c-849c-12f1afc677bb:192.168.69.127:40946, d8a08337-d972-42b7-8129-7e1e1c0cc8b1:192.168.69.127:40089], old=null, confs=<EMPTY_MAP>
2019-08-31 05:58:36,775 [pool-149-thread-1] INFO  server.RaftServerConfigKeys (ConfUtils.java:logGet(43)) - raft.server.rpc.timeout.max = 5200ms (custom)
2019-08-31 05:58:36,775 [pool-169-thread-1] INFO  impl.RaftServerImpl (RaftServerImpl.java:<init>(93)) - ca67342a-fc2d-4b3c-849c-12f1afc677bb: new RaftServerImpl for group-7CC32E3369E5:[1e87e662-ddb2-4042-9692-4141064b7de5:192.168.69.127:43336, ca67342a-fc2d-4b3c-849c-12f1afc677bb:192.168.69.127:40946, d8a08337-d972-42b7-8129-7e1e1c0cc8b1:192.168.69.127:40089] with ContainerStateMachine:uninitialized
2019-08-31 05:58:36,775 [pool-139-thread-1] INFO  server.RaftServerConfigKeys (ConfUtils.java:logGet(43)) - raft.server.storage.dir = [/workdir/hadoop-ozone/integration-test/target/test-dir/MiniOzoneClusterImpl-08f3fe21-1a76-4db7-ba59-51f14a367526/datanode-2/data/ratis] (custom)
2019-08-31 05:58:36,775 [pool-149-thread-1] INFO  server.RaftServerConfigKeys (ConfUtils.java:logGet(43)) - raft.server.rpcslowness.timeout = 120s (custom)
2019-08-31 05:58:36,775 [pool-169-thread-1] INFO  server.RaftServerConfigKeys (ConfUtils.java:logGet(43)) - raft.server.rpc.timeout.min = 5s (custom)
2019-08-31 05:58:36,776 [pool-149-thread-1] INFO  server.RaftServerConfigKeys (ConfUtils.java:logGet(43)) - raft.server.sleep.deviation.threshold = 300 (default)
2019-08-31 05:58:36,776 [pool-169-thread-1] INFO  server.RaftServerConfigKeys (ConfUtils.java:logGet(43)) - raft.server.rpc.timeout.max = 5200ms (custom)
2019-08-31 05:58:36,776 [pool-139-thread-1] INFO  storage.RaftStorageDirectory (RaftStorageDirectory.java:analyzeStorage(246)) - The storage directory /workdir/hadoop-ozone/integration-test/target/test-dir/MiniOzoneClusterImpl-08f3fe21-1a76-4db7-ba59-51f14a367526/datanode-2/data/ratis/707f458a-137e-453b-be13-7cc32e3369e5 does not exist. Creating ...
2019-08-31 05:58:36,776 [pool-149-thread-1] INFO  server.RaftServerConfigKeys (ConfUtils.java:logGet(43)) - raft.server.log.appender.install.snapshot.enabled = false (custom)
2019-08-31 05:58:36,776 [pool-169-thread-1] INFO  server.RaftServerConfigKeys (ConfUtils.java:logGet(43)) - raft.server.rpcslowness.timeout = 120s (custom)
2019-08-31 05:58:36,776 [pool-149-thread-1] INFO  impl.RaftServerImpl (ServerState.java:<init>(105)) - d8a08337-d972-42b7-8129-7e1e1c0cc8b1:group-7CC32E3369E5 ConfigurationManager, init=-1: [1e87e662-ddb2-4042-9692-4141064b7de5:192.168.69.127:43336, ca67342a-fc2d-4b3c-849c-12f1afc677bb:192.168.69.127:40946, d8a08337-d972-42b7-8129-7e1e1c0cc8b1:192.168.69.127:40089], old=null, confs=<EMPTY_MAP>
2019-08-31 05:58:36,776 [pool-169-thread-1] INFO  server.RaftServerConfigKeys (ConfUtils.java:logGet(43)) - raft.server.sleep.deviation.threshold = 300 (default)
2019-08-31 05:58:36,777 [pool-149-thread-1] INFO  server.RaftServerConfigKeys (ConfUtils.java:logGet(43)) - raft.server.storage.dir = [/workdir/hadoop-ozone/integration-test/target/test-dir/MiniOzoneClusterImpl-08f3fe21-1a76-4db7-ba59-51f14a367526/datanode-3/data/ratis] (custom)
2019-08-31 05:58:36,777 [pool-169-thread-1] INFO  server.RaftServerConfigKeys (ConfUtils.java:logGet(43)) - raft.server.log.appender.install.snapshot.enabled = false (custom)
2019-08-31 05:58:36,777 [pool-169-thread-1] INFO  impl.RaftServerImpl (ServerState.java:<init>(105)) - ca67342a-fc2d-4b3c-849c-12f1afc677bb:group-7CC32E3369E5 ConfigurationManager, init=-1: [1e87e662-ddb2-4042-9692-4141064b7de5:192.168.69.127:43336, ca67342a-fc2d-4b3c-849c-12f1afc677bb:192.168.69.127:40946, d8a08337-d972-42b7-8129-7e1e1c0cc8b1:192.168.69.127:40089], old=null, confs=<EMPTY_MAP>
2019-08-31 05:58:36,777 [pool-149-thread-1] INFO  storage.RaftStorageDirectory (RaftStorageDirectory.java:analyzeStorage(246)) - The storage directory /workdir/hadoop-ozone/integration-test/target/test-dir/MiniOzoneClusterImpl-08f3fe21-1a76-4db7-ba59-51f14a367526/datanode-3/data/ratis/707f458a-137e-453b-be13-7cc32e3369e5 does not exist. Creating ...
2019-08-31 05:58:36,777 [pool-169-thread-1] INFO  server.RaftServerConfigKeys (ConfUtils.java:logGet(43)) - raft.server.storage.dir = [/workdir/hadoop-ozone/integration-test/target/test-dir/MiniOzoneClusterImpl-08f3fe21-1a76-4db7-ba59-51f14a367526/datanode-5/data/ratis] (custom)
2019-08-31 05:58:36,777 [pool-169-thread-1] INFO  storage.RaftStorageDirectory (RaftStorageDirectory.java:analyzeStorage(246)) - The storage directory /workdir/hadoop-ozone/integration-test/target/test-dir/MiniOzoneClusterImpl-08f3fe21-1a76-4db7-ba59-51f14a367526/datanode-5/data/ratis/707f458a-137e-453b-be13-7cc32e3369e5 does not exist. Creating ...
2019-08-31 05:58:36,799 [pool-139-thread-1] INFO  storage.RaftStorageDirectory (RaftStorageDirectory.java:tryLock(328)) - Lock on /workdir/hadoop-ozone/integration-test/target/test-dir/MiniOzoneClusterImpl-08f3fe21-1a76-4db7-ba59-51f14a367526/datanode-2/data/ratis/707f458a-137e-453b-be13-7cc32e3369e5/in_use.lock acquired by nodename 3050@trunk-nightly-20190831-ctmzz-2056601931
2019-08-31 05:58:36,799 [pool-149-thread-1] INFO  storage.RaftStorageDirectory (RaftStorageDirectory.java:tryLock(328)) - Lock on /workdir/hadoop-ozone/integration-test/target/test-dir/MiniOzoneClusterImpl-08f3fe21-1a76-4db7-ba59-51f14a367526/datanode-3/data/ratis/707f458a-137e-453b-be13-7cc32e3369e5/in_use.lock acquired by nodename 3050@trunk-nightly-20190831-ctmzz-2056601931
2019-08-31 05:58:36,799 [pool-169-thread-1] INFO  storage.RaftStorageDirectory (RaftStorageDirectory.java:tryLock(328)) - Lock on /workdir/hadoop-ozone/integration-test/target/test-dir/MiniOzoneClusterImpl-08f3fe21-1a76-4db7-ba59-51f14a367526/datanode-5/data/ratis/707f458a-137e-453b-be13-7cc32e3369e5/in_use.lock acquired by nodename 3050@trunk-nightly-20190831-ctmzz-2056601931
2019-08-31 05:58:36,825 [pool-149-thread-1] INFO  storage.RaftStorage (RaftStorage.java:format(72)) - Storage directory /workdir/hadoop-ozone/integration-test/target/test-dir/MiniOzoneClusterImpl-08f3fe21-1a76-4db7-ba59-51f14a367526/datanode-3/data/ratis/707f458a-137e-453b-be13-7cc32e3369e5 has been successfully formatted.
2019-08-31 05:58:36,825 [pool-139-thread-1] INFO  storage.RaftStorage (RaftStorage.java:format(72)) - Storage directory /workdir/hadoop-ozone/integration-test/target/test-dir/MiniOzoneClusterImpl-08f3fe21-1a76-4db7-ba59-51f14a367526/datanode-2/data/ratis/707f458a-137e-453b-be13-7cc32e3369e5 has been successfully formatted.
2019-08-31 05:58:36,825 [pool-149-thread-1] INFO  ratis.ContainerStateMachine (ContainerStateMachine.java:loadSnapshot(227)) - group-7CC32E3369E5: The snapshot info is null. Setting the last applied indexto:(t:0, i:~)
2019-08-31 05:58:36,825 [pool-169-thread-1] INFO  storage.RaftStorage (RaftStorage.java:format(72)) - Storage directory /workdir/hadoop-ozone/integration-test/target/test-dir/MiniOzoneClusterImpl-08f3fe21-1a76-4db7-ba59-51f14a367526/datanode-5/data/ratis/707f458a-137e-453b-be13-7cc32e3369e5 has been successfully formatted.
2019-08-31 05:58:36,825 [pool-139-thread-1] INFO  ratis.ContainerStateMachine (ContainerStateMachine.java:loadSnapshot(227)) - group-7CC32E3369E5: The snapshot info is null. Setting the last applied indexto:(t:0, i:~)
2019-08-31 05:58:36,826 [pool-169-thread-1] INFO  ratis.ContainerStateMachine (ContainerStateMachine.java:loadSnapshot(227)) - group-7CC32E3369E5: The snapshot info is null. Setting the last applied indexto:(t:0, i:~)
2019-08-31 05:58:36,826 [pool-149-thread-1] INFO  server.RaftServerConfigKeys (ConfUtils.java:logGet(43)) - raft.server.leader.election.timeout = 120s (custom)
2019-08-31 05:58:36,826 [pool-169-thread-1] INFO  server.RaftServerConfigKeys (ConfUtils.java:logGet(43)) - raft.server.leader.election.timeout = 120s (custom)
2019-08-31 05:58:36,826 [pool-139-thread-1] INFO  server.RaftServerConfigKeys (ConfUtils.java:logGet(43)) - raft.server.leader.election.timeout = 120s (custom)
2019-08-31 05:58:36,826 [pool-169-thread-1] INFO  server.RaftServerConfigKeys (ConfUtils.java:logGet(43)) - raft.server.log.use.memory = false (default)
2019-08-31 05:58:36,826 [pool-149-thread-1] INFO  server.RaftServerConfigKeys (ConfUtils.java:logGet(43)) - raft.server.log.use.memory = false (default)
2019-08-31 05:58:36,826 [pool-169-thread-1] INFO  server.RaftServerConfigKeys (ConfUtils.java:logGet(43)) - raft.server.log.purge.gap = 1000000 (custom)
2019-08-31 05:58:36,826 [pool-139-thread-1] INFO  server.RaftServerConfigKeys (ConfUtils.java:logGet(43)) - raft.server.log.use.memory = false (default)
2019-08-31 05:58:36,827 [pool-169-thread-1] INFO  server.RaftServerConfigKeys (ConfUtils.java:logGet(43)) - raft.server.log.appender.buffer.byte-limit = 33554432 (custom)
2019-08-31 05:58:36,827 [pool-149-thread-1] INFO  server.RaftServerConfigKeys (ConfUtils.java:logGet(43)) - raft.server.log.purge.gap = 1000000 (custom)
2019-08-31 05:58:36,827 [pool-169-thread-1] INFO  server.RaftServerConfigKeys (ConfUtils.java:logGet(43)) - raft.server.log.segment.size.max = 1048576 (custom)
2019-08-31 05:58:36,827 [pool-139-thread-1] INFO  server.RaftServerConfigKeys (ConfUtils.java:logGet(43)) - raft.server.log.purge.gap = 1000000 (custom)
2019-08-31 05:58:36,827 [pool-169-thread-1] INFO  server.RaftServerConfigKeys (ConfUtils.java:logGet(43)) - raft.server.log.segment.cache.num.max = 2 (custom)
2019-08-31 05:58:36,827 [pool-149-thread-1] INFO  server.RaftServerConfigKeys (ConfUtils.java:logGet(43)) - raft.server.log.appender.buffer.byte-limit = 33554432 (custom)
2019-08-31 05:58:36,828 [pool-169-thread-1] INFO  segmented.SegmentedRaftLogWorker (SegmentedRaftLogWorker.java:<init>(172)) - new ca67342a-fc2d-4b3c-849c-12f1afc677bb-SegmentedRaftLogWorker:Storage Directory /workdir/hadoop-ozone/integration-test/target/test-dir/MiniOzoneClusterImpl-08f3fe21-1a76-4db7-ba59-51f14a367526/datanode-5/data/ratis/707f458a-137e-453b-be13-7cc32e3369e5 for RaftStorage:Storage Directory /workdir/hadoop-ozone/integration-test/target/test-dir/MiniOzoneClusterImpl-08f3fe21-1a76-4db7-ba59-51f14a367526/datanode-5/data/ratis/707f458a-137e-453b-be13-7cc32e3369e5
2019-08-31 05:58:36,827 [pool-139-thread-1] INFO  server.RaftServerConfigKeys (ConfUtils.java:logGet(43)) - raft.server.log.appender.buffer.byte-limit = 33554432 (custom)
2019-08-31 05:58:36,828 [pool-169-thread-1] INFO  server.RaftServerConfigKeys (ConfUtils.java:logGet(43)) - raft.server.log.queue.byte-limit = 2147483647 (custom)
2019-08-31 05:58:36,828 [pool-149-thread-1] INFO  server.RaftServerConfigKeys (ConfUtils.java:logGet(43)) - raft.server.log.segment.size.max = 1048576 (custom)
2019-08-31 05:58:36,828 [pool-169-thread-1] INFO  server.RaftServerConfigKeys (ConfUtils.java:logGet(43)) - raft.server.log.queue.element-limit = 1024 (custom)
2019-08-31 05:58:36,828 [pool-139-thread-1] INFO  server.RaftServerConfigKeys (ConfUtils.java:logGet(43)) - raft.server.log.segment.size.max = 1048576 (custom)
2019-08-31 05:58:36,829 [pool-169-thread-1] INFO  server.RaftServerConfigKeys (ConfUtils.java:logGet(43)) - raft.server.log.segment.size.max = 1048576 (custom)
2019-08-31 05:58:36,828 [pool-149-thread-1] INFO  server.RaftServerConfigKeys (ConfUtils.java:logGet(43)) - raft.server.log.segment.cache.num.max = 2 (custom)
2019-08-31 05:58:36,829 [pool-169-thread-1] INFO  server.RaftServerConfigKeys (ConfUtils.java:logGet(43)) - raft.server.log.preallocated.size = 16384 (custom)
2019-08-31 05:58:36,829 [pool-139-thread-1] INFO  server.RaftServerConfigKeys (ConfUtils.java:logGet(43)) - raft.server.log.segment.cache.num.max = 2 (custom)
2019-08-31 05:58:36,829 [pool-169-thread-1] INFO  server.RaftServerConfigKeys (ConfUtils.java:logGet(43)) - raft.server.log.write.buffer.size = 33554432 (custom)
2019-08-31 05:58:36,829 [pool-149-thread-1] INFO  segmented.SegmentedRaftLogWorker (SegmentedRaftLogWorker.java:<init>(172)) - new d8a08337-d972-42b7-8129-7e1e1c0cc8b1-SegmentedRaftLogWorker:Storage Directory /workdir/hadoop-ozone/integration-test/target/test-dir/MiniOzoneClusterImpl-08f3fe21-1a76-4db7-ba59-51f14a367526/datanode-3/data/ratis/707f458a-137e-453b-be13-7cc32e3369e5 for RaftStorage:Storage Directory /workdir/hadoop-ozone/integration-test/target/test-dir/MiniOzoneClusterImpl-08f3fe21-1a76-4db7-ba59-51f14a367526/datanode-3/data/ratis/707f458a-137e-453b-be13-7cc32e3369e5
2019-08-31 05:58:36,829 [pool-169-thread-1] INFO  server.RaftServerConfigKeys (ConfUtils.java:logGet(43)) - raft.server.log.force.sync.num = 128 (default)
2019-08-31 05:58:36,829 [pool-139-thread-1] INFO  segmented.SegmentedRaftLogWorker (SegmentedRaftLogWorker.java:<init>(172)) - new 1e87e662-ddb2-4042-9692-4141064b7de5-SegmentedRaftLogWorker:Storage Directory /workdir/hadoop-ozone/integration-test/target/test-dir/MiniOzoneClusterImpl-08f3fe21-1a76-4db7-ba59-51f14a367526/datanode-2/data/ratis/707f458a-137e-453b-be13-7cc32e3369e5 for RaftStorage:Storage Directory /workdir/hadoop-ozone/integration-test/target/test-dir/MiniOzoneClusterImpl-08f3fe21-1a76-4db7-ba59-51f14a367526/datanode-2/data/ratis/707f458a-137e-453b-be13-7cc32e3369e5
2019-08-31 05:58:36,830 [pool-169-thread-1] INFO  server.RaftServerConfigKeys (ConfUtils.java:logGet(43)) - raft.server.log.statemachine.data.sync = true (default)
2019-08-31 05:58:36,830 [pool-149-thread-1] INFO  server.RaftServerConfigKeys (ConfUtils.java:logGet(43)) - raft.server.log.queue.byte-limit = 2147483647 (custom)
2019-08-31 05:58:36,830 [pool-169-thread-1] INFO  server.RaftServerConfigKeys (ConfUtils.java:logGet(43)) - raft.server.log.statemachine.data.sync.timeout = 10s (default)
2019-08-31 05:58:36,830 [pool-139-thread-1] INFO  server.RaftServerConfigKeys (ConfUtils.java:logGet(43)) - raft.server.log.queue.byte-limit = 2147483647 (custom)
2019-08-31 05:58:36,830 [pool-169-thread-1] INFO  server.RaftServerConfigKeys (ConfUtils.java:logGet(43)) - raft.server.log.statemachine.data.sync.timeout.retry = -1 (default)
2019-08-31 05:58:36,830 [pool-149-thread-1] INFO  server.RaftServerConfigKeys (ConfUtils.java:logGet(43)) - raft.server.log.queue.element-limit = 1024 (custom)
2019-08-31 05:58:36,831 [pool-169-thread-1] INFO  server.RaftServerConfigKeys (ConfUtils.java:logGet(43)) - raft.server.log.statemachine.data.caching.enabled = true (custom)
2019-08-31 05:58:36,831 [pool-139-thread-1] INFO  server.RaftServerConfigKeys (ConfUtils.java:logGet(43)) - raft.server.log.queue.element-limit = 1024 (custom)
2019-08-31 05:58:36,831 [pool-149-thread-1] INFO  server.RaftServerConfigKeys (ConfUtils.java:logGet(43)) - raft.server.log.segment.size.max = 1048576 (custom)
2019-08-31 05:58:36,831 [pool-139-thread-1] INFO  server.RaftServerConfigKeys (ConfUtils.java:logGet(43)) - raft.server.log.segment.size.max = 1048576 (custom)
2019-08-31 05:58:36,831 [pool-169-thread-1] INFO  segmented.SegmentedRaftLogWorker (SegmentedRaftLogWorker.java:lambda$new$0(132)) - ca67342a-fc2d-4b3c-849c-12f1afc677bb-SegmentedRaftLogWorker:Storage Directory /workdir/hadoop-ozone/integration-test/target/test-dir/MiniOzoneClusterImpl-08f3fe21-1a76-4db7-ba59-51f14a367526/datanode-5/data/ratis/707f458a-137e-453b-be13-7cc32e3369e5: flushIndex: setUnconditionally 0 -> -1
2019-08-31 05:58:36,831 [pool-139-thread-1] INFO  server.RaftServerConfigKeys (ConfUtils.java:logGet(43)) - raft.server.log.preallocated.size = 16384 (custom)
2019-08-31 05:58:36,831 [pool-149-thread-1] INFO  server.RaftServerConfigKeys (ConfUtils.java:logGet(43)) - raft.server.log.preallocated.size = 16384 (custom)
2019-08-31 05:58:36,832 [pool-139-thread-1] INFO  server.RaftServerConfigKeys (ConfUtils.java:logGet(43)) - raft.server.log.write.buffer.size = 33554432 (custom)
2019-08-31 05:58:36,832 [pool-149-thread-1] INFO  server.RaftServerConfigKeys (ConfUtils.java:logGet(43)) - raft.server.log.write.buffer.size = 33554432 (custom)
2019-08-31 05:58:36,832 [pool-169-thread-1] INFO  server.RaftServerConfigKeys (ConfUtils.java:logGet(43)) - raft.server.snapshot.auto.trigger.enabled = true (custom)
2019-08-31 05:58:36,832 [pool-149-thread-1] INFO  server.RaftServerConfigKeys (ConfUtils.java:logGet(43)) - raft.server.log.force.sync.num = 128 (default)
2019-08-31 05:58:36,832 [pool-149-thread-1] INFO  server.RaftServerConfigKeys (ConfUtils.java:logGet(43)) - raft.server.log.statemachine.data.sync = true (default)
2019-08-31 05:58:36,832 [pool-139-thread-1] INFO  server.RaftServerConfigKeys (ConfUtils.java:logGet(43)) - raft.server.log.force.sync.num = 128 (default)
2019-08-31 05:58:36,832 [pool-149-thread-1] INFO  server.RaftServerConfigKeys (ConfUtils.java:logGet(43)) - raft.server.log.statemachine.data.sync.timeout = 10s (default)
2019-08-31 05:58:36,832 [pool-169-thread-1] INFO  server.RaftServerConfigKeys (ConfUtils.java:logGet(43)) - raft.server.snapshot.auto.trigger.threshold = 10000 (custom)
2019-08-31 05:58:36,833 [pool-149-thread-1] INFO  server.RaftServerConfigKeys (ConfUtils.java:logGet(43)) - raft.server.log.statemachine.data.sync.timeout.retry = -1 (default)
2019-08-31 05:58:36,833 [pool-169-thread-1] INFO  server.RaftServerConfigKeys (ConfUtils.java:logGet(43)) - raft.server.retrycache.expirytime = 600000ms (custom)
2019-08-31 05:58:36,833 [pool-139-thread-1] INFO  server.RaftServerConfigKeys (ConfUtils.java:logGet(43)) - raft.server.log.statemachine.data.sync = true (default)
2019-08-31 05:58:36,833 [pool-169-thread-1] INFO  impl.RaftServerImpl (RaftServerImpl.java:start(180)) - ca67342a-fc2d-4b3c-849c-12f1afc677bb: start group-7CC32E3369E5
2019-08-31 05:58:36,833 [pool-149-thread-1] INFO  server.RaftServerConfigKeys (ConfUtils.java:logGet(43)) - raft.server.log.statemachine.data.caching.enabled = true (custom)
2019-08-31 05:58:36,833 [pool-169-thread-1] INFO  impl.RaftServerImpl (RaftServerImpl.java:setRole(171)) - ca67342a-fc2d-4b3c-849c-12f1afc677bb:group-7CC32E3369E5 changes role from null to FOLLOWER at term 0 for startAsFollower
2019-08-31 05:58:36,833 [pool-139-thread-1] INFO  server.RaftServerConfigKeys (ConfUtils.java:logGet(43)) - raft.server.log.statemachine.data.sync.timeout = 10s (default)
2019-08-31 05:58:36,834 [pool-169-thread-1] INFO  impl.RoleInfo (RoleInfo.java:updateAndGet(143)) - ca67342a-fc2d-4b3c-849c-12f1afc677bb: start FollowerState
2019-08-31 05:58:36,834 [pool-149-thread-1] INFO  segmented.SegmentedRaftLogWorker (SegmentedRaftLogWorker.java:lambda$new$0(132)) - d8a08337-d972-42b7-8129-7e1e1c0cc8b1-SegmentedRaftLogWorker:Storage Directory /workdir/hadoop-ozone/integration-test/target/test-dir/MiniOzoneClusterImpl-08f3fe21-1a76-4db7-ba59-51f14a367526/datanode-3/data/ratis/707f458a-137e-453b-be13-7cc32e3369e5: flushIndex: setUnconditionally 0 -> -1
2019-08-31 05:58:36,834 [pool-139-thread-1] INFO  server.RaftServerConfigKeys (ConfUtils.java:logGet(43)) - raft.server.log.statemachine.data.sync.timeout.retry = -1 (default)
2019-08-31 05:58:36,834 [pool-149-thread-1] INFO  server.RaftServerConfigKeys (ConfUtils.java:logGet(43)) - raft.server.snapshot.auto.trigger.enabled = true (custom)
2019-08-31 05:58:36,834 [pool-139-thread-1] INFO  server.RaftServerConfigKeys (ConfUtils.java:logGet(43)) - raft.server.log.statemachine.data.caching.enabled = true (custom)
2019-08-31 05:58:36,834 [pool-169-thread-1] INFO  util.JmxRegister (JmxRegister.java:tryRegister(44)) - Successfully registered JMX Bean with object name Ratis:service=RaftServer,group=group-7CC32E3369E5,id=ca67342a-fc2d-4b3c-849c-12f1afc677bb
2019-08-31 05:58:36,834 [pool-149-thread-1] INFO  server.RaftServerConfigKeys (ConfUtils.java:logGet(43)) - raft.server.snapshot.auto.trigger.threshold = 10000 (custom)
2019-08-31 05:58:36,835 [pool-139-thread-1] INFO  segmented.SegmentedRaftLogWorker (SegmentedRaftLogWorker.java:lambda$new$0(132)) - 1e87e662-ddb2-4042-9692-4141064b7de5-SegmentedRaftLogWorker:Storage Directory /workdir/hadoop-ozone/integration-test/target/test-dir/MiniOzoneClusterImpl-08f3fe21-1a76-4db7-ba59-51f14a367526/datanode-2/data/ratis/707f458a-137e-453b-be13-7cc32e3369e5: flushIndex: setUnconditionally 0 -> -1
2019-08-31 05:58:36,835 [pool-149-thread-1] INFO  server.RaftServerConfigKeys (ConfUtils.java:logGet(43)) - raft.server.retrycache.expirytime = 600000ms (custom)
2019-08-31 05:58:36,835 [pool-149-thread-1] INFO  impl.RaftServerImpl (RaftServerImpl.java:start(180)) - d8a08337-d972-42b7-8129-7e1e1c0cc8b1: start group-7CC32E3369E5
2019-08-31 05:58:36,835 [pool-149-thread-1] INFO  impl.RaftServerImpl (RaftServerImpl.java:setRole(171)) - d8a08337-d972-42b7-8129-7e1e1c0cc8b1:group-7CC32E3369E5 changes role from null to FOLLOWER at term 0 for startAsFollower
2019-08-31 05:58:36,835 [pool-139-thread-1] INFO  server.RaftServerConfigKeys (ConfUtils.java:logGet(43)) - raft.server.snapshot.auto.trigger.enabled = true (custom)
2019-08-31 05:58:36,835 [pool-149-thread-1] INFO  impl.RoleInfo (RoleInfo.java:updateAndGet(143)) - d8a08337-d972-42b7-8129-7e1e1c0cc8b1: start FollowerState
2019-08-31 05:58:36,835 [pool-139-thread-1] INFO  server.RaftServerConfigKeys (ConfUtils.java:logGet(43)) - raft.server.snapshot.auto.trigger.threshold = 10000 (custom)
2019-08-31 05:58:36,836 [pool-149-thread-1] INFO  util.JmxRegister (JmxRegister.java:tryRegister(44)) - Successfully registered JMX Bean with object name Ratis:service=RaftServer,group=group-7CC32E3369E5,id=d8a08337-d972-42b7-8129-7e1e1c0cc8b1
2019-08-31 05:58:36,836 [pool-139-thread-1] INFO  server.RaftServerConfigKeys (ConfUtils.java:logGet(43)) - raft.server.retrycache.expirytime = 600000ms (custom)
2019-08-31 05:58:36,836 [pool-139-thread-1] INFO  impl.RaftServerImpl (RaftServerImpl.java:start(180)) - 1e87e662-ddb2-4042-9692-4141064b7de5: start group-7CC32E3369E5
2019-08-31 05:58:36,836 [pool-139-thread-1] INFO  impl.RaftServerImpl (RaftServerImpl.java:setRole(171)) - 1e87e662-ddb2-4042-9692-4141064b7de5:group-7CC32E3369E5 changes role from null to FOLLOWER at term 0 for startAsFollower
2019-08-31 05:58:36,836 [pool-139-thread-1] INFO  impl.RoleInfo (RoleInfo.java:updateAndGet(143)) - 1e87e662-ddb2-4042-9692-4141064b7de5: start FollowerState
2019-08-31 05:58:36,837 [pool-139-thread-1] INFO  util.JmxRegister (JmxRegister.java:tryRegister(44)) - Successfully registered JMX Bean with object name Ratis:service=RaftServer,group=group-7CC32E3369E5,id=1e87e662-ddb2-4042-9692-4141064b7de5
2019-08-31 05:58:36,840 [RatisPipelineUtilsThread] INFO  pipeline.PipelineStateManager (PipelineStateManager.java:addPipeline(56)) - Created pipeline Pipeline[ Id: 707f458a-137e-453b-be13-7cc32e3369e5, Nodes: 1e87e662-ddb2-4042-9692-4141064b7de5{ip: 192.168.69.127, host: trunk-nightly-20190831-ctmzz-2056601931, networkLocation: /default-rack, certSerialId: null}d8a08337-d972-42b7-8129-7e1e1c0cc8b1{ip: 192.168.69.127, host: trunk-nightly-20190831-ctmzz-2056601931, networkLocation: /default-rack, certSerialId: null}ca67342a-fc2d-4b3c-849c-12f1afc677bb{ip: 192.168.69.127, host: trunk-nightly-20190831-ctmzz-2056601931, networkLocation: /default-rack, certSerialId: null}, Type:RATIS, Factor:THREE, State:OPEN]
2019-08-31 05:58:37,469 [main] INFO  ozone.MiniOzoneClusterImpl (MiniOzoneClusterImpl.java:lambda$waitForClusterToBeReady$0(140)) - Cluster is ready. Got 7 of 7 DN Heartbeats.
2019-08-31 05:58:37,501 [main] INFO  rpc.RpcClient (RpcClient.java:createVolume(293)) - Creating Volume: testblockoutputstreamwithretries, with jenkins1000 as owner.
2019-08-31 05:58:37,514 [main] INFO  rpc.RpcClient (RpcClient.java:createBucket(432)) - Creating Bucket: testblockoutputstreamwithretries/testblockoutputstreamwithretries, with Versioning false and Storage Type set to DISK and Encryption set to false 
2019-08-31 05:58:37,545 [grpc-default-executor-2] INFO  client.GrpcClientProtocolClient (GrpcClientProtocolClient.java:onNext(255)) - client-F4948A49CD3F->65d7ba33-73cf-428f-8fa2-8b778f097bac: receive RaftClientReply:client-F4948A49CD3F->65d7ba33-73cf-428f-8fa2-8b778f097bac@group-FBB19C0E0420, cid=42, FAILED org.apache.ratis.protocol.NotLeaderException: Server 65d7ba33-73cf-428f-8fa2-8b778f097bac is not the leader (null). Request must be sent to leader., logIndex=0, commits[65d7ba33-73cf-428f-8fa2-8b778f097bac:c-1]
2019-08-31 05:58:38,576 [grpc-default-executor-2] INFO  client.GrpcClientProtocolClient (GrpcClientProtocolClient.java:onNext(255)) - client-F4948A49CD3F->be6717d3-e2b4-4098-8560-d6596398ce3c: receive RaftClientReply:client-F4948A49CD3F->be6717d3-e2b4-4098-8560-d6596398ce3c@group-FBB19C0E0420, cid=42, FAILED org.apache.ratis.protocol.NotLeaderException: Server be6717d3-e2b4-4098-8560-d6596398ce3c is not the leader (null). Request must be sent to leader., logIndex=0, commits[be6717d3-e2b4-4098-8560-d6596398ce3c:c-1]
2019-08-31 05:58:39,139 [Thread-709] INFO  container.ReplicationManager (ReplicationManager.java:start(162)) - Starting Replication Monitor Thread.
2019-08-31 05:58:39,142 [ReplicationMonitor] INFO  container.ReplicationManager (ReplicationManager.java:run(225)) - Replication Monitor Thread took 0 milliseconds for processing 3 containers.
2019-08-31 05:58:39,597 [grpc-default-executor-2] INFO  client.GrpcClientProtocolClient (GrpcClientProtocolClient.java:onNext(255)) - client-F4948A49CD3F->65d7ba33-73cf-428f-8fa2-8b778f097bac: receive RaftClientReply:client-F4948A49CD3F->65d7ba33-73cf-428f-8fa2-8b778f097bac@group-FBB19C0E0420, cid=42, FAILED org.apache.ratis.protocol.NotLeaderException: Server 65d7ba33-73cf-428f-8fa2-8b778f097bac is not the leader (null). Request must be sent to leader., logIndex=0, commits[65d7ba33-73cf-428f-8fa2-8b778f097bac:c-1]
2019-08-31 05:58:40,625 [grpc-default-executor-4] INFO  client.GrpcClientProtocolClient (GrpcClientProtocolClient.java:onNext(255)) - client-F4948A49CD3F->be6717d3-e2b4-4098-8560-d6596398ce3c: receive RaftClientReply:client-F4948A49CD3F->be6717d3-e2b4-4098-8560-d6596398ce3c@group-FBB19C0E0420, cid=42, FAILED org.apache.ratis.protocol.NotLeaderException: Server be6717d3-e2b4-4098-8560-d6596398ce3c is not the leader (null). Request must be sent to leader., logIndex=0, commits[be6717d3-e2b4-4098-8560-d6596398ce3c:c-1]
2019-08-31 05:58:41,306 [Thread-711] INFO  impl.FollowerState (FollowerState.java:run(106)) - d1263130-17f8-4f58-a581-d3edf1a76ba2:group-12B951339C10 changes to CANDIDATE, lastRpcTime:5157, electionTimeout:5157ms
2019-08-31 05:58:41,307 [Thread-711] INFO  impl.RoleInfo (RoleInfo.java:shutdownFollowerState(121)) - d1263130-17f8-4f58-a581-d3edf1a76ba2: shutdown FollowerState
2019-08-31 05:58:41,307 [Thread-711] INFO  impl.RaftServerImpl (RaftServerImpl.java:setRole(171)) - d1263130-17f8-4f58-a581-d3edf1a76ba2:group-12B951339C10 changes role from FOLLOWER to CANDIDATE at term 0 for changeToCandidate
2019-08-31 05:58:41,307 [Thread-711] INFO  impl.RoleInfo (RoleInfo.java:updateAndGet(143)) - d1263130-17f8-4f58-a581-d3edf1a76ba2: start LeaderElection
2019-08-31 05:58:41,316 [Thread-717] INFO  impl.FollowerState (FollowerState.java:run(106)) - 1e87e662-ddb2-4042-9692-4141064b7de5:group-47F2B1CF4101 changes to CANDIDATE, lastRpcTime:5012, electionTimeout:5011ms
2019-08-31 05:58:41,316 [Thread-717] INFO  impl.RoleInfo (RoleInfo.java:shutdownFollowerState(121)) - 1e87e662-ddb2-4042-9692-4141064b7de5: shutdown FollowerState
2019-08-31 05:58:41,317 [Thread-717] INFO  impl.RaftServerImpl (RaftServerImpl.java:setRole(171)) - 1e87e662-ddb2-4042-9692-4141064b7de5:group-47F2B1CF4101 changes role from FOLLOWER to CANDIDATE at term 0 for changeToCandidate
2019-08-31 05:58:41,317 [Thread-717] INFO  impl.RoleInfo (RoleInfo.java:updateAndGet(143)) - 1e87e662-ddb2-4042-9692-4141064b7de5: start LeaderElection
2019-08-31 05:58:41,359 [d1263130-17f8-4f58-a581-d3edf1a76ba2:group-12B951339C10:LeaderElection16] INFO  impl.LeaderElection (LeaderElection.java:askForVotes(181)) - d1263130-17f8-4f58-a581-d3edf1a76ba2:group-12B951339C10:LeaderElection16: begin an election at term 1 for -1: [d1263130-17f8-4f58-a581-d3edf1a76ba2:192.168.69.127:36926], old=null
2019-08-31 05:58:41,360 [d1263130-17f8-4f58-a581-d3edf1a76ba2:group-12B951339C10:LeaderElection16] INFO  impl.RoleInfo (RoleInfo.java:shutdownLeaderElection(134)) - d1263130-17f8-4f58-a581-d3edf1a76ba2: shutdown LeaderElection
2019-08-31 05:58:41,360 [d1263130-17f8-4f58-a581-d3edf1a76ba2:group-12B951339C10:LeaderElection16] INFO  impl.RaftServerImpl (RaftServerImpl.java:setRole(171)) - d1263130-17f8-4f58-a581-d3edf1a76ba2:group-12B951339C10 changes role from CANDIDATE to LEADER at term 1 for changeToLeader
2019-08-31 05:58:41,360 [d1263130-17f8-4f58-a581-d3edf1a76ba2:group-12B951339C10:LeaderElection16] INFO  impl.RaftServerImpl (ServerState.java:setLeader(263)) - d1263130-17f8-4f58-a581-d3edf1a76ba2:group-12B951339C10 change Leader from null to d1263130-17f8-4f58-a581-d3edf1a76ba2 at term 1 for becomeLeader, leader elected after 5217ms
2019-08-31 05:58:41,363 [d1263130-17f8-4f58-a581-d3edf1a76ba2:group-12B951339C10:LeaderElection16] INFO  server.RaftServerConfigKeys (ConfUtils.java:logGet(43)) - raft.server.staging.catchup.gap = 1000 (default)
2019-08-31 05:58:41,363 [d1263130-17f8-4f58-a581-d3edf1a76ba2:group-12B951339C10:LeaderElection16] INFO  server.RaftServerConfigKeys (ConfUtils.java:logGet(43)) - raft.server.rpc.sleep.time = 25ms (default)
2019-08-31 05:58:41,363 [d1263130-17f8-4f58-a581-d3edf1a76ba2:group-12B951339C10:LeaderElection16] INFO  server.RaftServerConfigKeys (ConfUtils.java:logGet(43)) - raft.server.write.element-limit = 4096 (default)
2019-08-31 05:58:41,363 [d1263130-17f8-4f58-a581-d3edf1a76ba2:group-12B951339C10:LeaderElection16] INFO  server.RaftServerConfigKeys (ConfUtils.java:logGet(43)) - raft.server.watch.timeout = 10s (default)
2019-08-31 05:58:41,364 [d1263130-17f8-4f58-a581-d3edf1a76ba2:group-12B951339C10:LeaderElection16] INFO  server.RaftServerConfigKeys (ConfUtils.java:logGet(43)) - raft.server.watch.timeout.denomination = 1s (default)
2019-08-31 05:58:41,364 [d1263130-17f8-4f58-a581-d3edf1a76ba2:group-12B951339C10:LeaderElection16] INFO  server.RaftServerConfigKeys (ConfUtils.java:logGet(43)) - raft.server.watch.element-limit = 65536 (default)
2019-08-31 05:58:41,364 [d1263130-17f8-4f58-a581-d3edf1a76ba2:group-12B951339C10:LeaderElection16] INFO  impl.RoleInfo (RoleInfo.java:updateAndGet(143)) - d1263130-17f8-4f58-a581-d3edf1a76ba2: start LeaderState
2019-08-31 05:58:41,365 [d1263130-17f8-4f58-a581-d3edf1a76ba2:group-12B951339C10:LeaderElection16] INFO  segmented.SegmentedRaftLogWorker (SegmentedRaftLogWorker.java:startLogSegment(380)) - d1263130-17f8-4f58-a581-d3edf1a76ba2-SegmentedRaftLogWorker:Storage Directory /workdir/hadoop-ozone/integration-test/target/test-dir/MiniOzoneClusterImpl-08f3fe21-1a76-4db7-ba59-51f14a367526/datanode-0/data/ratis/af53e80e-c014-4436-8eba-12b951339c10: Starting segment from index:0
2019-08-31 05:58:41,365 [d1263130-17f8-4f58-a581-d3edf1a76ba2:group-12B951339C10:LeaderElection16] INFO  impl.RaftServerImpl (ServerState.java:setRaftConf(361)) - d1263130-17f8-4f58-a581-d3edf1a76ba2:group-12B951339C10 set configuration 0: [d1263130-17f8-4f58-a581-d3edf1a76ba2:192.168.69.127:36926], old=null at 0
2019-08-31 05:58:41,376 [Thread-714] INFO  impl.FollowerState (FollowerState.java:run(106)) - c9f78a1f-7704-4a39-8b7a-67be0f070410:group-D7B9A8C926B2 changes to CANDIDATE, lastRpcTime:5152, electionTimeout:5152ms
2019-08-31 05:58:41,376 [1e87e662-ddb2-4042-9692-4141064b7de5:group-47F2B1CF4101:LeaderElection17] INFO  impl.LeaderElection (LeaderElection.java:askForVotes(181)) - 1e87e662-ddb2-4042-9692-4141064b7de5:group-47F2B1CF4101:LeaderElection17: begin an election at term 1 for -1: [1e87e662-ddb2-4042-9692-4141064b7de5:192.168.69.127:43336], old=null
2019-08-31 05:58:41,376 [Thread-714] INFO  impl.RoleInfo (RoleInfo.java:shutdownFollowerState(121)) - c9f78a1f-7704-4a39-8b7a-67be0f070410: shutdown FollowerState
2019-08-31 05:58:41,376 [1e87e662-ddb2-4042-9692-4141064b7de5:group-47F2B1CF4101:LeaderElection17] INFO  impl.RoleInfo (RoleInfo.java:shutdownLeaderElection(134)) - 1e87e662-ddb2-4042-9692-4141064b7de5: shutdown LeaderElection
2019-08-31 05:58:41,377 [Thread-714] INFO  impl.RaftServerImpl (RaftServerImpl.java:setRole(171)) - c9f78a1f-7704-4a39-8b7a-67be0f070410:group-D7B9A8C926B2 changes role from FOLLOWER to CANDIDATE at term 0 for changeToCandidate
2019-08-31 05:58:41,377 [1e87e662-ddb2-4042-9692-4141064b7de5:group-47F2B1CF4101:LeaderElection17] INFO  impl.RaftServerImpl (RaftServerImpl.java:setRole(171)) - 1e87e662-ddb2-4042-9692-4141064b7de5:group-47F2B1CF4101 changes role from CANDIDATE to LEADER at term 1 for changeToLeader
2019-08-31 05:58:41,377 [Thread-714] INFO  impl.RoleInfo (RoleInfo.java:updateAndGet(143)) - c9f78a1f-7704-4a39-8b7a-67be0f070410: start LeaderElection
2019-08-31 05:58:41,377 [1e87e662-ddb2-4042-9692-4141064b7de5:group-47F2B1CF4101:LeaderElection17] INFO  impl.RaftServerImpl (ServerState.java:setLeader(263)) - 1e87e662-ddb2-4042-9692-4141064b7de5:group-47F2B1CF4101 change Leader from null to 1e87e662-ddb2-4042-9692-4141064b7de5 at term 1 for becomeLeader, leader elected after 5083ms
2019-08-31 05:58:41,411 [1e87e662-ddb2-4042-9692-4141064b7de5:group-47F2B1CF4101:LeaderElection17] INFO  server.RaftServerConfigKeys (ConfUtils.java:logGet(43)) - raft.server.staging.catchup.gap = 1000 (default)
2019-08-31 05:58:41,412 [1e87e662-ddb2-4042-9692-4141064b7de5:group-47F2B1CF4101:LeaderElection17] INFO  server.RaftServerConfigKeys (ConfUtils.java:logGet(43)) - raft.server.rpc.sleep.time = 25ms (default)
2019-08-31 05:58:41,412 [1e87e662-ddb2-4042-9692-4141064b7de5:group-47F2B1CF4101:LeaderElection17] INFO  server.RaftServerConfigKeys (ConfUtils.java:logGet(43)) - raft.server.write.element-limit = 4096 (default)
2019-08-31 05:58:41,412 [1e87e662-ddb2-4042-9692-4141064b7de5:group-47F2B1CF4101:LeaderElection17] INFO  server.RaftServerConfigKeys (ConfUtils.java:logGet(43)) - raft.server.watch.timeout = 10s (default)
2019-08-31 05:58:41,412 [1e87e662-ddb2-4042-9692-4141064b7de5:group-47F2B1CF4101:LeaderElection17] INFO  server.RaftServerConfigKeys (ConfUtils.java:logGet(43)) - raft.server.watch.timeout.denomination = 1s (default)
2019-08-31 05:58:41,412 [1e87e662-ddb2-4042-9692-4141064b7de5:group-47F2B1CF4101:LeaderElection17] INFO  server.RaftServerConfigKeys (ConfUtils.java:logGet(43)) - raft.server.watch.element-limit = 65536 (default)
2019-08-31 05:58:41,412 [1e87e662-ddb2-4042-9692-4141064b7de5:group-47F2B1CF4101:LeaderElection17] INFO  impl.RoleInfo (RoleInfo.java:updateAndGet(143)) - 1e87e662-ddb2-4042-9692-4141064b7de5: start LeaderState
2019-08-31 05:58:41,413 [1e87e662-ddb2-4042-9692-4141064b7de5:group-47F2B1CF4101:LeaderElection17] INFO  segmented.SegmentedRaftLogWorker (SegmentedRaftLogWorker.java:startLogSegment(380)) - 1e87e662-ddb2-4042-9692-4141064b7de5-SegmentedRaftLogWorker:Storage Directory /workdir/hadoop-ozone/integration-test/target/test-dir/MiniOzoneClusterImpl-08f3fe21-1a76-4db7-ba59-51f14a367526/datanode-2/data/ratis/167f9f98-90b2-4b7d-82b6-47f2b1cf4101: Starting segment from index:0
2019-08-31 05:58:41,413 [1e87e662-ddb2-4042-9692-4141064b7de5:group-47F2B1CF4101:LeaderElection17] INFO  impl.RaftServerImpl (ServerState.java:setRaftConf(361)) - 1e87e662-ddb2-4042-9692-4141064b7de5:group-47F2B1CF4101 set configuration 0: [1e87e662-ddb2-4042-9692-4141064b7de5:192.168.69.127:43336], old=null at 0
2019-08-31 05:58:41,449 [d1263130-17f8-4f58-a581-d3edf1a76ba2-SegmentedRaftLogWorker:Storage Directory /workdir/hadoop-ozone/integration-test/target/test-dir/MiniOzoneClusterImpl-08f3fe21-1a76-4db7-ba59-51f14a367526/datanode-0/data/ratis/af53e80e-c014-4436-8eba-12b951339c10] INFO  segmented.SegmentedRaftLogWorker (SegmentedRaftLogWorker.java:execute(569)) - d1263130-17f8-4f58-a581-d3edf1a76ba2-SegmentedRaftLogWorker:Storage Directory /workdir/hadoop-ozone/integration-test/target/test-dir/MiniOzoneClusterImpl-08f3fe21-1a76-4db7-ba59-51f14a367526/datanode-0/data/ratis/af53e80e-c014-4436-8eba-12b951339c10: created new log segment /workdir/hadoop-ozone/integration-test/target/test-dir/MiniOzoneClusterImpl-08f3fe21-1a76-4db7-ba59-51f14a367526/datanode-0/data/ratis/af53e80e-c014-4436-8eba-12b951339c10/current/log_inprogress_0
2019-08-31 05:58:41,449 [c9f78a1f-7704-4a39-8b7a-67be0f070410:group-D7B9A8C926B2:LeaderElection18] INFO  impl.LeaderElection (LeaderElection.java:askForVotes(181)) - c9f78a1f-7704-4a39-8b7a-67be0f070410:group-D7B9A8C926B2:LeaderElection18: begin an election at term 1 for -1: [c9f78a1f-7704-4a39-8b7a-67be0f070410:192.168.69.127:33553], old=null
2019-08-31 05:58:41,449 [c9f78a1f-7704-4a39-8b7a-67be0f070410:group-D7B9A8C926B2:LeaderElection18] INFO  impl.RoleInfo (RoleInfo.java:shutdownLeaderElection(134)) - c9f78a1f-7704-4a39-8b7a-67be0f070410: shutdown LeaderElection
2019-08-31 05:58:41,449 [c9f78a1f-7704-4a39-8b7a-67be0f070410:group-D7B9A8C926B2:LeaderElection18] INFO  impl.RaftServerImpl (RaftServerImpl.java:setRole(171)) - c9f78a1f-7704-4a39-8b7a-67be0f070410:group-D7B9A8C926B2 changes role from CANDIDATE to LEADER at term 1 for changeToLeader
2019-08-31 05:58:41,450 [c9f78a1f-7704-4a39-8b7a-67be0f070410:group-D7B9A8C926B2:LeaderElection18] INFO  impl.RaftServerImpl (ServerState.java:setLeader(263)) - c9f78a1f-7704-4a39-8b7a-67be0f070410:group-D7B9A8C926B2 change Leader from null to c9f78a1f-7704-4a39-8b7a-67be0f070410 at term 1 for becomeLeader, leader elected after 5231ms
2019-08-31 05:58:41,453 [c9f78a1f-7704-4a39-8b7a-67be0f070410:group-D7B9A8C926B2:LeaderElection18] INFO  server.RaftServerConfigKeys (ConfUtils.java:logGet(43)) - raft.server.staging.catchup.gap = 1000 (default)
2019-08-31 05:58:41,453 [c9f78a1f-7704-4a39-8b7a-67be0f070410:group-D7B9A8C926B2:LeaderElection18] INFO  server.RaftServerConfigKeys (ConfUtils.java:logGet(43)) - raft.server.rpc.sleep.time = 25ms (default)
2019-08-31 05:58:41,453 [c9f78a1f-7704-4a39-8b7a-67be0f070410:group-D7B9A8C926B2:LeaderElection18] INFO  server.RaftServerConfigKeys (ConfUtils.java:logGet(43)) - raft.server.write.element-limit = 4096 (default)
2019-08-31 05:58:41,453 [c9f78a1f-7704-4a39-8b7a-67be0f070410:group-D7B9A8C926B2:LeaderElection18] INFO  server.RaftServerConfigKeys (ConfUtils.java:logGet(43)) - raft.server.watch.timeout = 10s (default)
2019-08-31 05:58:41,453 [c9f78a1f-7704-4a39-8b7a-67be0f070410:group-D7B9A8C926B2:LeaderElection18] INFO  server.RaftServerConfigKeys (ConfUtils.java:logGet(43)) - raft.server.watch.timeout.denomination = 1s (default)
2019-08-31 05:58:41,453 [c9f78a1f-7704-4a39-8b7a-67be0f070410:group-D7B9A8C926B2:LeaderElection18] INFO  server.RaftServerConfigKeys (ConfUtils.java:logGet(43)) - raft.server.watch.element-limit = 65536 (default)
2019-08-31 05:58:41,454 [c9f78a1f-7704-4a39-8b7a-67be0f070410:group-D7B9A8C926B2:LeaderElection18] INFO  impl.RoleInfo (RoleInfo.java:updateAndGet(143)) - c9f78a1f-7704-4a39-8b7a-67be0f070410: start LeaderState
2019-08-31 05:58:41,454 [c9f78a1f-7704-4a39-8b7a-67be0f070410:group-D7B9A8C926B2:LeaderElection18] INFO  segmented.SegmentedRaftLogWorker (SegmentedRaftLogWorker.java:startLogSegment(380)) - c9f78a1f-7704-4a39-8b7a-67be0f070410-SegmentedRaftLogWorker:Storage Directory /workdir/hadoop-ozone/integration-test/target/test-dir/MiniOzoneClusterImpl-08f3fe21-1a76-4db7-ba59-51f14a367526/datanode-1/data/ratis/4fbd616a-0515-4ff2-b182-d7b9a8c926b2: Starting segment from index:0
2019-08-31 05:58:41,455 [c9f78a1f-7704-4a39-8b7a-67be0f070410:group-D7B9A8C926B2:LeaderElection18] INFO  impl.RaftServerImpl (ServerState.java:setRaftConf(361)) - c9f78a1f-7704-4a39-8b7a-67be0f070410:group-D7B9A8C926B2 set configuration 0: [c9f78a1f-7704-4a39-8b7a-67be0f070410:192.168.69.127:33553], old=null at 0
2019-08-31 05:58:41,485 [1e87e662-ddb2-4042-9692-4141064b7de5-SegmentedRaftLogWorker:Storage Directory /workdir/hadoop-ozone/integration-test/target/test-dir/MiniOzoneClusterImpl-08f3fe21-1a76-4db7-ba59-51f14a367526/datanode-2/data/ratis/167f9f98-90b2-4b7d-82b6-47f2b1cf4101] INFO  segmented.SegmentedRaftLogWorker (SegmentedRaftLogWorker.java:execute(569)) - 1e87e662-ddb2-4042-9692-4141064b7de5-SegmentedRaftLogWorker:Storage Directory /workdir/hadoop-ozone/integration-test/target/test-dir/MiniOzoneClusterImpl-08f3fe21-1a76-4db7-ba59-51f14a367526/datanode-2/data/ratis/167f9f98-90b2-4b7d-82b6-47f2b1cf4101: created new log segment /workdir/hadoop-ozone/integration-test/target/test-dir/MiniOzoneClusterImpl-08f3fe21-1a76-4db7-ba59-51f14a367526/datanode-2/data/ratis/167f9f98-90b2-4b7d-82b6-47f2b1cf4101/current/log_inprogress_0
2019-08-31 05:58:41,510 [c9f78a1f-7704-4a39-8b7a-67be0f070410-SegmentedRaftLogWorker:Storage Directory /workdir/hadoop-ozone/integration-test/target/test-dir/MiniOzoneClusterImpl-08f3fe21-1a76-4db7-ba59-51f14a367526/datanode-1/data/ratis/4fbd616a-0515-4ff2-b182-d7b9a8c926b2] INFO  segmented.SegmentedRaftLogWorker (SegmentedRaftLogWorker.java:execute(569)) - c9f78a1f-7704-4a39-8b7a-67be0f070410-SegmentedRaftLogWorker:Storage Directory /workdir/hadoop-ozone/integration-test/target/test-dir/MiniOzoneClusterImpl-08f3fe21-1a76-4db7-ba59-51f14a367526/datanode-1/data/ratis/4fbd616a-0515-4ff2-b182-d7b9a8c926b2: created new log segment /workdir/hadoop-ozone/integration-test/target/test-dir/MiniOzoneClusterImpl-08f3fe21-1a76-4db7-ba59-51f14a367526/datanode-1/data/ratis/4fbd616a-0515-4ff2-b182-d7b9a8c926b2/current/log_inprogress_0
2019-08-31 05:58:41,516 [Thread-720] INFO  impl.FollowerState (FollowerState.java:run(106)) - d8a08337-d972-42b7-8129-7e1e1c0cc8b1:group-83B9349DE4A5 changes to CANDIDATE, lastRpcTime:5132, electionTimeout:5132ms
2019-08-31 05:58:41,516 [Thread-720] INFO  impl.RoleInfo (RoleInfo.java:shutdownFollowerState(121)) - d8a08337-d972-42b7-8129-7e1e1c0cc8b1: shutdown FollowerState
2019-08-31 05:58:41,516 [Thread-720] INFO  impl.RaftServerImpl (RaftServerImpl.java:setRole(171)) - d8a08337-d972-42b7-8129-7e1e1c0cc8b1:group-83B9349DE4A5 changes role from FOLLOWER to CANDIDATE at term 0 for changeToCandidate
2019-08-31 05:58:41,516 [Thread-720] INFO  impl.RoleInfo (RoleInfo.java:updateAndGet(143)) - d8a08337-d972-42b7-8129-7e1e1c0cc8b1: start LeaderElection
2019-08-31 05:58:41,553 [d8a08337-d972-42b7-8129-7e1e1c0cc8b1:group-83B9349DE4A5:LeaderElection19] INFO  impl.LeaderElection (LeaderElection.java:askForVotes(181)) - d8a08337-d972-42b7-8129-7e1e1c0cc8b1:group-83B9349DE4A5:LeaderElection19: begin an election at term 1 for -1: [d8a08337-d972-42b7-8129-7e1e1c0cc8b1:192.168.69.127:40089], old=null
2019-08-31 05:58:41,553 [d8a08337-d972-42b7-8129-7e1e1c0cc8b1:group-83B9349DE4A5:LeaderElection19] INFO  impl.RoleInfo (RoleInfo.java:shutdownLeaderElection(134)) - d8a08337-d972-42b7-8129-7e1e1c0cc8b1: shutdown LeaderElection
2019-08-31 05:58:41,553 [d8a08337-d972-42b7-8129-7e1e1c0cc8b1:group-83B9349DE4A5:LeaderElection19] INFO  impl.RaftServerImpl (RaftServerImpl.java:setRole(171)) - d8a08337-d972-42b7-8129-7e1e1c0cc8b1:group-83B9349DE4A5 changes role from CANDIDATE to LEADER at term 1 for changeToLeader
2019-08-31 05:58:41,553 [d8a08337-d972-42b7-8129-7e1e1c0cc8b1:group-83B9349DE4A5:LeaderElection19] INFO  impl.RaftServerImpl (ServerState.java:setLeader(263)) - d8a08337-d972-42b7-8129-7e1e1c0cc8b1:group-83B9349DE4A5 change Leader from null to d8a08337-d972-42b7-8129-7e1e1c0cc8b1 at term 1 for becomeLeader, leader elected after 5175ms
2019-08-31 05:58:41,556 [d8a08337-d972-42b7-8129-7e1e1c0cc8b1:group-83B9349DE4A5:LeaderElection19] INFO  server.RaftServerConfigKeys (ConfUtils.java:logGet(43)) - raft.server.staging.catchup.gap = 1000 (default)
2019-08-31 05:58:41,556 [d8a08337-d972-42b7-8129-7e1e1c0cc8b1:group-83B9349DE4A5:LeaderElection19] INFO  server.RaftServerConfigKeys (ConfUtils.java:logGet(43)) - raft.server.rpc.sleep.time = 25ms (default)
2019-08-31 05:58:41,556 [d8a08337-d972-42b7-8129-7e1e1c0cc8b1:group-83B9349DE4A5:LeaderElection19] INFO  server.RaftServerConfigKeys (ConfUtils.java:logGet(43)) - raft.server.write.element-limit = 4096 (default)
2019-08-31 05:58:41,557 [d8a08337-d972-42b7-8129-7e1e1c0cc8b1:group-83B9349DE4A5:LeaderElection19] INFO  server.RaftServerConfigKeys (ConfUtils.java:logGet(43)) - raft.server.watch.timeout = 10s (default)
2019-08-31 05:58:41,557 [d8a08337-d972-42b7-8129-7e1e1c0cc8b1:group-83B9349DE4A5:LeaderElection19] INFO  server.RaftServerConfigKeys (ConfUtils.java:logGet(43)) - raft.server.watch.timeout.denomination = 1s (default)
2019-08-31 05:58:41,557 [d8a08337-d972-42b7-8129-7e1e1c0cc8b1:group-83B9349DE4A5:LeaderElection19] INFO  server.RaftServerConfigKeys (ConfUtils.java:logGet(43)) - raft.server.watch.element-limit = 65536 (default)
2019-08-31 05:58:41,557 [d8a08337-d972-42b7-8129-7e1e1c0cc8b1:group-83B9349DE4A5:LeaderElection19] INFO  impl.RoleInfo (RoleInfo.java:updateAndGet(143)) - d8a08337-d972-42b7-8129-7e1e1c0cc8b1: start LeaderState
2019-08-31 05:58:41,557 [d8a08337-d972-42b7-8129-7e1e1c0cc8b1:group-83B9349DE4A5:LeaderElection19] INFO  segmented.SegmentedRaftLogWorker (SegmentedRaftLogWorker.java:startLogSegment(380)) - d8a08337-d972-42b7-8129-7e1e1c0cc8b1-SegmentedRaftLogWorker:Storage Directory /workdir/hadoop-ozone/integration-test/target/test-dir/MiniOzoneClusterImpl-08f3fe21-1a76-4db7-ba59-51f14a367526/datanode-3/data/ratis/7fcdfe0b-e02f-46c2-99bb-83b9349de4a5: Starting segment from index:0
2019-08-31 05:58:41,558 [d8a08337-d972-42b7-8129-7e1e1c0cc8b1:group-83B9349DE4A5:LeaderElection19] INFO  impl.RaftServerImpl (ServerState.java:setRaftConf(361)) - d8a08337-d972-42b7-8129-7e1e1c0cc8b1:group-83B9349DE4A5 set configuration 0: [d8a08337-d972-42b7-8129-7e1e1c0cc8b1:192.168.69.127:40089], old=null at 0
2019-08-31 05:58:41,620 [d8a08337-d972-42b7-8129-7e1e1c0cc8b1-SegmentedRaftLogWorker:Storage Directory /workdir/hadoop-ozone/integration-test/target/test-dir/MiniOzoneClusterImpl-08f3fe21-1a76-4db7-ba59-51f14a367526/datanode-3/data/ratis/7fcdfe0b-e02f-46c2-99bb-83b9349de4a5] INFO  segmented.SegmentedRaftLogWorker (SegmentedRaftLogWorker.java:execute(569)) - d8a08337-d972-42b7-8129-7e1e1c0cc8b1-SegmentedRaftLogWorker:Storage Directory /workdir/hadoop-ozone/integration-test/target/test-dir/MiniOzoneClusterImpl-08f3fe21-1a76-4db7-ba59-51f14a367526/datanode-3/data/ratis/7fcdfe0b-e02f-46c2-99bb-83b9349de4a5: created new log segment /workdir/hadoop-ozone/integration-test/target/test-dir/MiniOzoneClusterImpl-08f3fe21-1a76-4db7-ba59-51f14a367526/datanode-3/data/ratis/7fcdfe0b-e02f-46c2-99bb-83b9349de4a5/current/log_inprogress_0
2019-08-31 05:58:41,622 [Thread-723] INFO  impl.FollowerState (FollowerState.java:run(106)) - be6717d3-e2b4-4098-8560-d6596398ce3c:group-706DEF0025B9 changes to CANDIDATE, lastRpcTime:5144, electionTimeout:5144ms
2019-08-31 05:58:41,622 [Thread-723] INFO  impl.RoleInfo (RoleInfo.java:shutdownFollowerState(121)) - be6717d3-e2b4-4098-8560-d6596398ce3c: shutdown FollowerState
2019-08-31 05:58:41,622 [Thread-723] INFO  impl.RaftServerImpl (RaftServerImpl.java:setRole(171)) - be6717d3-e2b4-4098-8560-d6596398ce3c:group-706DEF0025B9 changes role from FOLLOWER to CANDIDATE at term 0 for changeToCandidate
2019-08-31 05:58:41,623 [Thread-723] INFO  impl.RoleInfo (RoleInfo.java:updateAndGet(143)) - be6717d3-e2b4-4098-8560-d6596398ce3c: start LeaderElection
2019-08-31 05:58:41,626 [Thread-726] INFO  impl.FollowerState (FollowerState.java:run(106)) - 65d7ba33-73cf-428f-8fa2-8b778f097bac:group-20CECF5EB906 changes to CANDIDATE, lastRpcTime:5038, electionTimeout:5038ms
2019-08-31 05:58:41,626 [Thread-726] INFO  impl.RoleInfo (RoleInfo.java:shutdownFollowerState(121)) - 65d7ba33-73cf-428f-8fa2-8b778f097bac: shutdown FollowerState
2019-08-31 05:58:41,629 [Thread-726] INFO  impl.RaftServerImpl (RaftServerImpl.java:setRole(171)) - 65d7ba33-73cf-428f-8fa2-8b778f097bac:group-20CECF5EB906 changes role from FOLLOWER to CANDIDATE at term 0 for changeToCandidate
2019-08-31 05:58:41,629 [Thread-726] INFO  impl.RoleInfo (RoleInfo.java:updateAndGet(143)) - 65d7ba33-73cf-428f-8fa2-8b778f097bac: start LeaderElection
2019-08-31 05:58:41,642 [grpc-default-executor-2] INFO  client.GrpcClientProtocolClient (GrpcClientProtocolClient.java:onNext(255)) - client-F4948A49CD3F->65d7ba33-73cf-428f-8fa2-8b778f097bac: receive RaftClientReply:client-F4948A49CD3F->65d7ba33-73cf-428f-8fa2-8b778f097bac@group-FBB19C0E0420, cid=42, FAILED org.apache.ratis.protocol.NotLeaderException: Server 65d7ba33-73cf-428f-8fa2-8b778f097bac is not the leader (null). Request must be sent to leader., logIndex=0, commits[65d7ba33-73cf-428f-8fa2-8b778f097bac:c-1]
2019-08-31 05:58:41,647 [be6717d3-e2b4-4098-8560-d6596398ce3c:group-706DEF0025B9:LeaderElection20] INFO  impl.LeaderElection (LeaderElection.java:askForVotes(181)) - be6717d3-e2b4-4098-8560-d6596398ce3c:group-706DEF0025B9:LeaderElection20: begin an election at term 1 for -1: [be6717d3-e2b4-4098-8560-d6596398ce3c:192.168.69.127:37525], old=null
2019-08-31 05:58:41,647 [65d7ba33-73cf-428f-8fa2-8b778f097bac:group-20CECF5EB906:LeaderElection21] INFO  impl.LeaderElection (LeaderElection.java:askForVotes(181)) - 65d7ba33-73cf-428f-8fa2-8b778f097bac:group-20CECF5EB906:LeaderElection21: begin an election at term 1 for -1: [65d7ba33-73cf-428f-8fa2-8b778f097bac:192.168.69.127:44563], old=null
2019-08-31 05:58:41,649 [be6717d3-e2b4-4098-8560-d6596398ce3c:group-706DEF0025B9:LeaderElection20] INFO  impl.RoleInfo (RoleInfo.java:shutdownLeaderElection(134)) - be6717d3-e2b4-4098-8560-d6596398ce3c: shutdown LeaderElection
2019-08-31 05:58:41,649 [65d7ba33-73cf-428f-8fa2-8b778f097bac:group-20CECF5EB906:LeaderElection21] INFO  impl.RoleInfo (RoleInfo.java:shutdownLeaderElection(134)) - 65d7ba33-73cf-428f-8fa2-8b778f097bac: shutdown LeaderElection
2019-08-31 05:58:41,649 [be6717d3-e2b4-4098-8560-d6596398ce3c:group-706DEF0025B9:LeaderElection20] INFO  impl.RaftServerImpl (RaftServerImpl.java:setRole(171)) - be6717d3-e2b4-4098-8560-d6596398ce3c:group-706DEF0025B9 changes role from CANDIDATE to LEADER at term 1 for changeToLeader
2019-08-31 05:58:41,649 [65d7ba33-73cf-428f-8fa2-8b778f097bac:group-20CECF5EB906:LeaderElection21] INFO  impl.RaftServerImpl (RaftServerImpl.java:setRole(171)) - 65d7ba33-73cf-428f-8fa2-8b778f097bac:group-20CECF5EB906 changes role from CANDIDATE to LEADER at term 1 for changeToLeader
2019-08-31 05:58:41,649 [be6717d3-e2b4-4098-8560-d6596398ce3c:group-706DEF0025B9:LeaderElection20] INFO  impl.RaftServerImpl (ServerState.java:setLeader(263)) - be6717d3-e2b4-4098-8560-d6596398ce3c:group-706DEF0025B9 change Leader from null to be6717d3-e2b4-4098-8560-d6596398ce3c at term 1 for becomeLeader, leader elected after 5178ms
2019-08-31 05:58:41,649 [65d7ba33-73cf-428f-8fa2-8b778f097bac:group-20CECF5EB906:LeaderElection21] INFO  impl.RaftServerImpl (ServerState.java:setLeader(263)) - 65d7ba33-73cf-428f-8fa2-8b778f097bac:group-20CECF5EB906 change Leader from null to 65d7ba33-73cf-428f-8fa2-8b778f097bac at term 1 for becomeLeader, leader elected after 5065ms
2019-08-31 05:58:41,652 [be6717d3-e2b4-4098-8560-d6596398ce3c:group-706DEF0025B9:LeaderElection20] INFO  server.RaftServerConfigKeys (ConfUtils.java:logGet(43)) - raft.server.staging.catchup.gap = 1000 (default)
2019-08-31 05:58:41,654 [65d7ba33-73cf-428f-8fa2-8b778f097bac:group-20CECF5EB906:LeaderElection21] INFO  server.RaftServerConfigKeys (ConfUtils.java:logGet(43)) - raft.server.staging.catchup.gap = 1000 (default)
2019-08-31 05:58:41,654 [be6717d3-e2b4-4098-8560-d6596398ce3c:group-706DEF0025B9:LeaderElection20] INFO  server.RaftServerConfigKeys (ConfUtils.java:logGet(43)) - raft.server.rpc.sleep.time = 25ms (default)
2019-08-31 05:58:41,654 [65d7ba33-73cf-428f-8fa2-8b778f097bac:group-20CECF5EB906:LeaderElection21] INFO  server.RaftServerConfigKeys (ConfUtils.java:logGet(43)) - raft.server.rpc.sleep.time = 25ms (default)
2019-08-31 05:58:41,654 [be6717d3-e2b4-4098-8560-d6596398ce3c:group-706DEF0025B9:LeaderElection20] INFO  server.RaftServerConfigKeys (ConfUtils.java:logGet(43)) - raft.server.write.element-limit = 4096 (default)
2019-08-31 05:58:41,654 [65d7ba33-73cf-428f-8fa2-8b778f097bac:group-20CECF5EB906:LeaderElection21] INFO  server.RaftServerConfigKeys (ConfUtils.java:logGet(43)) - raft.server.write.element-limit = 4096 (default)
2019-08-31 05:58:41,654 [be6717d3-e2b4-4098-8560-d6596398ce3c:group-706DEF0025B9:LeaderElection20] INFO  server.RaftServerConfigKeys (ConfUtils.java:logGet(43)) - raft.server.watch.timeout = 10s (default)
2019-08-31 05:58:41,654 [65d7ba33-73cf-428f-8fa2-8b778f097bac:group-20CECF5EB906:LeaderElection21] INFO  server.RaftServerConfigKeys (ConfUtils.java:logGet(43)) - raft.server.watch.timeout = 10s (default)
2019-08-31 05:58:41,655 [be6717d3-e2b4-4098-8560-d6596398ce3c:group-706DEF0025B9:LeaderElection20] INFO  server.RaftServerConfigKeys (ConfUtils.java:logGet(43)) - raft.server.watch.timeout.denomination = 1s (default)
2019-08-31 05:58:41,655 [65d7ba33-73cf-428f-8fa2-8b778f097bac:group-20CECF5EB906:LeaderElection21] INFO  server.RaftServerConfigKeys (ConfUtils.java:logGet(43)) - raft.server.watch.timeout.denomination = 1s (default)
2019-08-31 05:58:41,655 [be6717d3-e2b4-4098-8560-d6596398ce3c:group-706DEF0025B9:LeaderElection20] INFO  server.RaftServerConfigKeys (ConfUtils.java:logGet(43)) - raft.server.watch.element-limit = 65536 (default)
2019-08-31 05:58:41,655 [65d7ba33-73cf-428f-8fa2-8b778f097bac:group-20CECF5EB906:LeaderElection21] INFO  server.RaftServerConfigKeys (ConfUtils.java:logGet(43)) - raft.server.watch.element-limit = 65536 (default)
2019-08-31 05:58:41,655 [65d7ba33-73cf-428f-8fa2-8b778f097bac:group-20CECF5EB906:LeaderElection21] INFO  impl.RoleInfo (RoleInfo.java:updateAndGet(143)) - 65d7ba33-73cf-428f-8fa2-8b778f097bac: start LeaderState
2019-08-31 05:58:41,655 [be6717d3-e2b4-4098-8560-d6596398ce3c:group-706DEF0025B9:LeaderElection20] INFO  impl.RoleInfo (RoleInfo.java:updateAndGet(143)) - be6717d3-e2b4-4098-8560-d6596398ce3c: start LeaderState
2019-08-31 05:58:41,656 [65d7ba33-73cf-428f-8fa2-8b778f097bac:group-20CECF5EB906:LeaderElection21] INFO  segmented.SegmentedRaftLogWorker (SegmentedRaftLogWorker.java:startLogSegment(380)) - 65d7ba33-73cf-428f-8fa2-8b778f097bac-SegmentedRaftLogWorker:Storage Directory /workdir/hadoop-ozone/integration-test/target/test-dir/MiniOzoneClusterImpl-08f3fe21-1a76-4db7-ba59-51f14a367526/datanode-6/data/ratis/e158a795-05d5-46c9-8916-20cecf5eb906: Starting segment from index:0
2019-08-31 05:58:41,656 [be6717d3-e2b4-4098-8560-d6596398ce3c:group-706DEF0025B9:LeaderElection20] INFO  segmented.SegmentedRaftLogWorker (SegmentedRaftLogWorker.java:startLogSegment(380)) - be6717d3-e2b4-4098-8560-d6596398ce3c-SegmentedRaftLogWorker:Storage Directory /workdir/hadoop-ozone/integration-test/target/test-dir/MiniOzoneClusterImpl-08f3fe21-1a76-4db7-ba59-51f14a367526/datanode-4/data/ratis/8413854a-f47d-43e1-ae6d-706def0025b9: Starting segment from index:0
2019-08-31 05:58:41,656 [65d7ba33-73cf-428f-8fa2-8b778f097bac:group-20CECF5EB906:LeaderElection21] INFO  impl.RaftServerImpl (ServerState.java:setRaftConf(361)) - 65d7ba33-73cf-428f-8fa2-8b778f097bac:group-20CECF5EB906 set configuration 0: [65d7ba33-73cf-428f-8fa2-8b778f097bac:192.168.69.127:44563], old=null at 0
2019-08-31 05:58:41,685 [be6717d3-e2b4-4098-8560-d6596398ce3c:group-706DEF0025B9:LeaderElection20] INFO  impl.RaftServerImpl (ServerState.java:setRaftConf(361)) - be6717d3-e2b4-4098-8560-d6596398ce3c:group-706DEF0025B9 set configuration 0: [be6717d3-e2b4-4098-8560-d6596398ce3c:192.168.69.127:37525], old=null at 0
2019-08-31 05:58:41,717 [65d7ba33-73cf-428f-8fa2-8b778f097bac-SegmentedRaftLogWorker:Storage Directory /workdir/hadoop-ozone/integration-test/target/test-dir/MiniOzoneClusterImpl-08f3fe21-1a76-4db7-ba59-51f14a367526/datanode-6/data/ratis/e158a795-05d5-46c9-8916-20cecf5eb906] INFO  segmented.SegmentedRaftLogWorker (SegmentedRaftLogWorker.java:execute(569)) - 65d7ba33-73cf-428f-8fa2-8b778f097bac-SegmentedRaftLogWorker:Storage Directory /workdir/hadoop-ozone/integration-test/target/test-dir/MiniOzoneClusterImpl-08f3fe21-1a76-4db7-ba59-51f14a367526/datanode-6/data/ratis/e158a795-05d5-46c9-8916-20cecf5eb906: created new log segment /workdir/hadoop-ozone/integration-test/target/test-dir/MiniOzoneClusterImpl-08f3fe21-1a76-4db7-ba59-51f14a367526/datanode-6/data/ratis/e158a795-05d5-46c9-8916-20cecf5eb906/current/log_inprogress_0
2019-08-31 05:58:41,737 [be6717d3-e2b4-4098-8560-d6596398ce3c-SegmentedRaftLogWorker:Storage Directory /workdir/hadoop-ozone/integration-test/target/test-dir/MiniOzoneClusterImpl-08f3fe21-1a76-4db7-ba59-51f14a367526/datanode-4/data/ratis/8413854a-f47d-43e1-ae6d-706def0025b9] INFO  segmented.SegmentedRaftLogWorker (SegmentedRaftLogWorker.java:execute(569)) - be6717d3-e2b4-4098-8560-d6596398ce3c-SegmentedRaftLogWorker:Storage Directory /workdir/hadoop-ozone/integration-test/target/test-dir/MiniOzoneClusterImpl-08f3fe21-1a76-4db7-ba59-51f14a367526/datanode-4/data/ratis/8413854a-f47d-43e1-ae6d-706def0025b9: created new log segment /workdir/hadoop-ozone/integration-test/target/test-dir/MiniOzoneClusterImpl-08f3fe21-1a76-4db7-ba59-51f14a367526/datanode-4/data/ratis/8413854a-f47d-43e1-ae6d-706def0025b9/current/log_inprogress_0
2019-08-31 05:58:41,753 [Thread-735] INFO  impl.FollowerState (FollowerState.java:run(106)) - c9f78a1f-7704-4a39-8b7a-67be0f070410:group-FBB19C0E0420 changes to CANDIDATE, lastRpcTime:5006, electionTimeout:5006ms
2019-08-31 05:58:41,753 [Thread-735] INFO  impl.RoleInfo (RoleInfo.java:shutdownFollowerState(121)) - c9f78a1f-7704-4a39-8b7a-67be0f070410: shutdown FollowerState
2019-08-31 05:58:41,753 [Thread-735] INFO  impl.RaftServerImpl (RaftServerImpl.java:setRole(171)) - c9f78a1f-7704-4a39-8b7a-67be0f070410:group-FBB19C0E0420 changes role from FOLLOWER to CANDIDATE at term 0 for changeToCandidate
2019-08-31 05:58:41,753 [Thread-735] INFO  impl.RoleInfo (RoleInfo.java:updateAndGet(143)) - c9f78a1f-7704-4a39-8b7a-67be0f070410: start LeaderElection
2019-08-31 05:58:41,772 [Thread-729] INFO  impl.FollowerState (FollowerState.java:run(106)) - ca67342a-fc2d-4b3c-849c-12f1afc677bb:group-71294CFF61A2 changes to CANDIDATE, lastRpcTime:5096, electionTimeout:5096ms
2019-08-31 05:58:41,772 [Thread-729] INFO  impl.RoleInfo (RoleInfo.java:shutdownFollowerState(121)) - ca67342a-fc2d-4b3c-849c-12f1afc677bb: shutdown FollowerState
2019-08-31 05:58:41,772 [Thread-729] INFO  impl.RaftServerImpl (RaftServerImpl.java:setRole(171)) - ca67342a-fc2d-4b3c-849c-12f1afc677bb:group-71294CFF61A2 changes role from FOLLOWER to CANDIDATE at term 0 for changeToCandidate
2019-08-31 05:58:41,772 [Thread-729] INFO  impl.RoleInfo (RoleInfo.java:updateAndGet(143)) - ca67342a-fc2d-4b3c-849c-12f1afc677bb: start LeaderElection
2019-08-31 05:58:41,779 [c9f78a1f-7704-4a39-8b7a-67be0f070410:group-FBB19C0E0420:LeaderElection22] INFO  impl.LeaderElection (LeaderElection.java:askForVotes(181)) - c9f78a1f-7704-4a39-8b7a-67be0f070410:group-FBB19C0E0420:LeaderElection22: begin an election at term 1 for -1: [c9f78a1f-7704-4a39-8b7a-67be0f070410:192.168.69.127:33553, be6717d3-e2b4-4098-8560-d6596398ce3c:192.168.69.127:37525, 65d7ba33-73cf-428f-8fa2-8b778f097bac:192.168.69.127:44563], old=null
2019-08-31 05:58:41,786 [grpc-default-executor-4] INFO  impl.RaftServerImpl (RaftServerImpl.java:setRole(171)) - 65d7ba33-73cf-428f-8fa2-8b778f097bac:group-FBB19C0E0420 changes role from FOLLOWER to FOLLOWER at term 1 for recognizeCandidate:c9f78a1f-7704-4a39-8b7a-67be0f070410
2019-08-31 05:58:41,786 [grpc-default-executor-2] INFO  impl.RaftServerImpl (RaftServerImpl.java:setRole(171)) - be6717d3-e2b4-4098-8560-d6596398ce3c:group-FBB19C0E0420 changes role from FOLLOWER to FOLLOWER at term 1 for recognizeCandidate:c9f78a1f-7704-4a39-8b7a-67be0f070410
2019-08-31 05:58:41,786 [grpc-default-executor-4] INFO  impl.RoleInfo (RoleInfo.java:shutdownFollowerState(121)) - 65d7ba33-73cf-428f-8fa2-8b778f097bac: shutdown FollowerState
2019-08-31 05:58:41,786 [grpc-default-executor-2] INFO  impl.RoleInfo (RoleInfo.java:shutdownFollowerState(121)) - be6717d3-e2b4-4098-8560-d6596398ce3c: shutdown FollowerState
2019-08-31 05:58:41,786 [grpc-default-executor-4] INFO  impl.RoleInfo (RoleInfo.java:updateAndGet(143)) - 65d7ba33-73cf-428f-8fa2-8b778f097bac: start FollowerState
2019-08-31 05:58:41,786 [Thread-738] INFO  impl.FollowerState (FollowerState.java:run(114)) - be6717d3-e2b4-4098-8560-d6596398ce3c: FollowerState was interrupted: java.lang.InterruptedException: sleep interrupted
2019-08-31 05:58:41,786 [Thread-732] INFO  impl.FollowerState (FollowerState.java:run(114)) - 65d7ba33-73cf-428f-8fa2-8b778f097bac: FollowerState was interrupted: java.lang.InterruptedException: sleep interrupted
2019-08-31 05:58:41,786 [grpc-default-executor-2] INFO  impl.RoleInfo (RoleInfo.java:updateAndGet(143)) - be6717d3-e2b4-4098-8560-d6596398ce3c: start FollowerState
2019-08-31 05:58:41,796 [ca67342a-fc2d-4b3c-849c-12f1afc677bb:group-71294CFF61A2:LeaderElection23] INFO  impl.LeaderElection (LeaderElection.java:askForVotes(181)) - ca67342a-fc2d-4b3c-849c-12f1afc677bb:group-71294CFF61A2:LeaderElection23: begin an election at term 1 for -1: [ca67342a-fc2d-4b3c-849c-12f1afc677bb:192.168.69.127:40946], old=null
2019-08-31 05:58:41,797 [ca67342a-fc2d-4b3c-849c-12f1afc677bb:group-71294CFF61A2:LeaderElection23] INFO  impl.RoleInfo (RoleInfo.java:shutdownLeaderElection(134)) - ca67342a-fc2d-4b3c-849c-12f1afc677bb: shutdown LeaderElection
2019-08-31 05:58:41,797 [ca67342a-fc2d-4b3c-849c-12f1afc677bb:group-71294CFF61A2:LeaderElection23] INFO  impl.RaftServerImpl (RaftServerImpl.java:setRole(171)) - ca67342a-fc2d-4b3c-849c-12f1afc677bb:group-71294CFF61A2 changes role from CANDIDATE to LEADER at term 1 for changeToLeader
2019-08-31 05:58:41,797 [ca67342a-fc2d-4b3c-849c-12f1afc677bb:group-71294CFF61A2:LeaderElection23] INFO  impl.RaftServerImpl (ServerState.java:setLeader(263)) - ca67342a-fc2d-4b3c-849c-12f1afc677bb:group-71294CFF61A2 change Leader from null to ca67342a-fc2d-4b3c-849c-12f1afc677bb at term 1 for becomeLeader, leader elected after 5125ms
2019-08-31 05:58:41,803 [ca67342a-fc2d-4b3c-849c-12f1afc677bb:group-71294CFF61A2:LeaderElection23] INFO  server.RaftServerConfigKeys (ConfUtils.java:logGet(43)) - raft.server.staging.catchup.gap = 1000 (default)
2019-08-31 05:58:41,804 [ca67342a-fc2d-4b3c-849c-12f1afc677bb:group-71294CFF61A2:LeaderElection23] INFO  server.RaftServerConfigKeys (ConfUtils.java:logGet(43)) - raft.server.rpc.sleep.time = 25ms (default)
2019-08-31 05:58:41,804 [ca67342a-fc2d-4b3c-849c-12f1afc677bb:group-71294CFF61A2:LeaderElection23] INFO  server.RaftServerConfigKeys (ConfUtils.java:logGet(43)) - raft.server.write.element-limit = 4096 (default)
2019-08-31 05:58:41,804 [ca67342a-fc2d-4b3c-849c-12f1afc677bb:group-71294CFF61A2:LeaderElection23] INFO  server.RaftServerConfigKeys (ConfUtils.java:logGet(43)) - raft.server.watch.timeout = 10s (default)
2019-08-31 05:58:41,804 [ca67342a-fc2d-4b3c-849c-12f1afc677bb:group-71294CFF61A2:LeaderElection23] INFO  server.RaftServerConfigKeys (ConfUtils.java:logGet(43)) - raft.server.watch.timeout.denomination = 1s (default)
2019-08-31 05:58:41,804 [ca67342a-fc2d-4b3c-849c-12f1afc677bb:group-71294CFF61A2:LeaderElection23] INFO  server.RaftServerConfigKeys (ConfUtils.java:logGet(43)) - raft.server.watch.element-limit = 65536 (default)
2019-08-31 05:58:41,804 [ca67342a-fc2d-4b3c-849c-12f1afc677bb:group-71294CFF61A2:LeaderElection23] INFO  impl.RoleInfo (RoleInfo.java:updateAndGet(143)) - ca67342a-fc2d-4b3c-849c-12f1afc677bb: start LeaderState
2019-08-31 05:58:41,805 [ca67342a-fc2d-4b3c-849c-12f1afc677bb:group-71294CFF61A2:LeaderElection23] INFO  segmented.SegmentedRaftLogWorker (SegmentedRaftLogWorker.java:startLogSegment(380)) - ca67342a-fc2d-4b3c-849c-12f1afc677bb-SegmentedRaftLogWorker:Storage Directory /workdir/hadoop-ozone/integration-test/target/test-dir/MiniOzoneClusterImpl-08f3fe21-1a76-4db7-ba59-51f14a367526/datanode-5/data/ratis/bcfd8e08-b9db-4437-a2e4-71294cff61a2: Starting segment from index:0
2019-08-31 05:58:41,805 [ca67342a-fc2d-4b3c-849c-12f1afc677bb:group-71294CFF61A2:LeaderElection23] INFO  impl.RaftServerImpl (ServerState.java:setRaftConf(361)) - ca67342a-fc2d-4b3c-849c-12f1afc677bb:group-71294CFF61A2 set configuration 0: [ca67342a-fc2d-4b3c-849c-12f1afc677bb:192.168.69.127:40946], old=null at 0
2019-08-31 05:58:41,815 [c9f78a1f-7704-4a39-8b7a-67be0f070410:group-FBB19C0E0420:LeaderElection22] INFO  impl.LeaderElection (LeaderElection.java:logAndReturn(56)) - c9f78a1f-7704-4a39-8b7a-67be0f070410:group-FBB19C0E0420:LeaderElection22: Election PASSED; received 1 response(s) [c9f78a1f-7704-4a39-8b7a-67be0f070410<-65d7ba33-73cf-428f-8fa2-8b778f097bac#0:OK-t1] and 0 exception(s); c9f78a1f-7704-4a39-8b7a-67be0f070410:t1, leader=null, voted=c9f78a1f-7704-4a39-8b7a-67be0f070410, raftlog=c9f78a1f-7704-4a39-8b7a-67be0f070410-SegmentedRaftLog:OPENED:c-1,f-1,i0, conf=-1: [c9f78a1f-7704-4a39-8b7a-67be0f070410:192.168.69.127:33553, be6717d3-e2b4-4098-8560-d6596398ce3c:192.168.69.127:37525, 65d7ba33-73cf-428f-8fa2-8b778f097bac:192.168.69.127:44563], old=null
2019-08-31 05:58:41,815 [c9f78a1f-7704-4a39-8b7a-67be0f070410:group-FBB19C0E0420:LeaderElection22] INFO  impl.RoleInfo (RoleInfo.java:shutdownLeaderElection(134)) - c9f78a1f-7704-4a39-8b7a-67be0f070410: shutdown LeaderElection
2019-08-31 05:58:41,816 [c9f78a1f-7704-4a39-8b7a-67be0f070410:group-FBB19C0E0420:LeaderElection22] INFO  impl.RaftServerImpl (RaftServerImpl.java:setRole(171)) - c9f78a1f-7704-4a39-8b7a-67be0f070410:group-FBB19C0E0420 changes role from CANDIDATE to LEADER at term 1 for changeToLeader
2019-08-31 05:58:41,816 [c9f78a1f-7704-4a39-8b7a-67be0f070410:group-FBB19C0E0420:LeaderElection22] INFO  impl.RaftServerImpl (ServerState.java:setLeader(263)) - c9f78a1f-7704-4a39-8b7a-67be0f070410:group-FBB19C0E0420 change Leader from null to c9f78a1f-7704-4a39-8b7a-67be0f070410 at term 1 for becomeLeader, leader elected after 5080ms
2019-08-31 05:58:41,816 [c9f78a1f-7704-4a39-8b7a-67be0f070410:group-FBB19C0E0420:LeaderElection22] INFO  server.RaftServerConfigKeys (ConfUtils.java:logGet(43)) - raft.server.staging.catchup.gap = 1000 (default)
2019-08-31 05:58:41,816 [c9f78a1f-7704-4a39-8b7a-67be0f070410:group-FBB19C0E0420:LeaderElection22] INFO  server.RaftServerConfigKeys (ConfUtils.java:logGet(43)) - raft.server.rpc.sleep.time = 25ms (default)
2019-08-31 05:58:41,816 [c9f78a1f-7704-4a39-8b7a-67be0f070410:group-FBB19C0E0420:LeaderElection22] INFO  server.RaftServerConfigKeys (ConfUtils.java:logGet(43)) - raft.server.write.element-limit = 4096 (default)
2019-08-31 05:58:41,816 [c9f78a1f-7704-4a39-8b7a-67be0f070410:group-FBB19C0E0420:LeaderElection22] INFO  server.RaftServerConfigKeys (ConfUtils.java:logGet(43)) - raft.server.watch.timeout = 10s (default)
2019-08-31 05:58:41,817 [c9f78a1f-7704-4a39-8b7a-67be0f070410:group-FBB19C0E0420:LeaderElection22] INFO  server.RaftServerConfigKeys (ConfUtils.java:logGet(43)) - raft.server.watch.timeout.denomination = 1s (default)
2019-08-31 05:58:41,817 [c9f78a1f-7704-4a39-8b7a-67be0f070410:group-FBB19C0E0420:LeaderElection22] INFO  server.RaftServerConfigKeys (ConfUtils.java:logGet(43)) - raft.server.watch.element-limit = 65536 (default)
2019-08-31 05:58:41,817 [c9f78a1f-7704-4a39-8b7a-67be0f070410:group-FBB19C0E0420:LeaderElection22] INFO  server.RaftServerConfigKeys (ConfUtils.java:logGet(43)) - raft.server.log.appender.snapshot.chunk.size.max = 16MB (=16777216) (default)
2019-08-31 05:58:41,817 [c9f78a1f-7704-4a39-8b7a-67be0f070410:group-FBB19C0E0420:LeaderElection22] INFO  server.RaftServerConfigKeys (ConfUtils.java:logGet(43)) - raft.server.log.appender.buffer.byte-limit = 33554432 (custom)
2019-08-31 05:58:41,817 [c9f78a1f-7704-4a39-8b7a-67be0f070410:group-FBB19C0E0420:LeaderElection22] INFO  server.RaftServerConfigKeys (ConfUtils.java:logGet(43)) - raft.server.log.appender.buffer.element-limit = 1 (custom)
2019-08-31 05:58:41,818 [c9f78a1f-7704-4a39-8b7a-67be0f070410:group-FBB19C0E0420:LeaderElection22] INFO  grpc.GrpcConfigKeys$Server (ConfUtils.java:logGet(43)) - raft.grpc.server.leader.outstanding.appends.max = 128 (default)
2019-08-31 05:58:41,818 [c9f78a1f-7704-4a39-8b7a-67be0f070410:group-FBB19C0E0420:LeaderElection22] INFO  server.RaftServerConfigKeys (ConfUtils.java:logGet(43)) - raft.server.rpc.request.timeout = 3000ms (default)
2019-08-31 05:58:41,818 [c9f78a1f-7704-4a39-8b7a-67be0f070410:group-FBB19C0E0420:LeaderElection22] INFO  server.RaftServerConfigKeys (ConfUtils.java:logGet(43)) - raft.server.log.appender.install.snapshot.enabled = false (custom)
2019-08-31 05:58:41,818 [c9f78a1f-7704-4a39-8b7a-67be0f070410:group-FBB19C0E0420:LeaderElection22] INFO  server.RaftServerConfigKeys (ConfUtils.java:logGet(43)) - raft.server.log.appender.snapshot.chunk.size.max = 16MB (=16777216) (default)
2019-08-31 05:58:41,818 [c9f78a1f-7704-4a39-8b7a-67be0f070410:group-FBB19C0E0420:LeaderElection22] INFO  server.RaftServerConfigKeys (ConfUtils.java:logGet(43)) - raft.server.log.appender.buffer.byte-limit = 33554432 (custom)
2019-08-31 05:58:41,819 [c9f78a1f-7704-4a39-8b7a-67be0f070410:group-FBB19C0E0420:LeaderElection22] INFO  server.RaftServerConfigKeys (ConfUtils.java:logGet(43)) - raft.server.log.appender.buffer.element-limit = 1 (custom)
2019-08-31 05:58:41,819 [c9f78a1f-7704-4a39-8b7a-67be0f070410:group-FBB19C0E0420:LeaderElection22] INFO  grpc.GrpcConfigKeys$Server (ConfUtils.java:logGet(43)) - raft.grpc.server.leader.outstanding.appends.max = 128 (default)
2019-08-31 05:58:41,819 [c9f78a1f-7704-4a39-8b7a-67be0f070410:group-FBB19C0E0420:LeaderElection22] INFO  server.RaftServerConfigKeys (ConfUtils.java:logGet(43)) - raft.server.rpc.request.timeout = 3000ms (default)
2019-08-31 05:58:41,819 [c9f78a1f-7704-4a39-8b7a-67be0f070410:group-FBB19C0E0420:LeaderElection22] INFO  server.RaftServerConfigKeys (ConfUtils.java:logGet(43)) - raft.server.log.appender.install.snapshot.enabled = false (custom)
2019-08-31 05:58:41,819 [c9f78a1f-7704-4a39-8b7a-67be0f070410:group-FBB19C0E0420:LeaderElection22] INFO  impl.RoleInfo (RoleInfo.java:updateAndGet(143)) - c9f78a1f-7704-4a39-8b7a-67be0f070410: start LeaderState
2019-08-31 05:58:41,820 [c9f78a1f-7704-4a39-8b7a-67be0f070410:group-FBB19C0E0420:LeaderElection22] INFO  segmented.SegmentedRaftLogWorker (SegmentedRaftLogWorker.java:startLogSegment(380)) - c9f78a1f-7704-4a39-8b7a-67be0f070410-SegmentedRaftLogWorker:Storage Directory /workdir/hadoop-ozone/integration-test/target/test-dir/MiniOzoneClusterImpl-08f3fe21-1a76-4db7-ba59-51f14a367526/datanode-1/data/ratis/107d3d70-f8f9-4030-b5b4-fbb19c0e0420: Starting segment from index:0
2019-08-31 05:58:41,820 [c9f78a1f-7704-4a39-8b7a-67be0f070410:group-FBB19C0E0420:LeaderElection22] INFO  impl.RaftServerImpl (ServerState.java:setRaftConf(361)) - c9f78a1f-7704-4a39-8b7a-67be0f070410:group-FBB19C0E0420 set configuration 0: [c9f78a1f-7704-4a39-8b7a-67be0f070410:192.168.69.127:33553, be6717d3-e2b4-4098-8560-d6596398ce3c:192.168.69.127:37525, 65d7ba33-73cf-428f-8fa2-8b778f097bac:192.168.69.127:44563], old=null at 0
2019-08-31 05:58:41,849 [Thread-744] INFO  impl.FollowerState (FollowerState.java:run(106)) - d8a08337-d972-42b7-8129-7e1e1c0cc8b1:group-7CC32E3369E5 changes to CANDIDATE, lastRpcTime:5013, electionTimeout:5002ms
2019-08-31 05:58:41,849 [Thread-744] INFO  impl.RoleInfo (RoleInfo.java:shutdownFollowerState(121)) - d8a08337-d972-42b7-8129-7e1e1c0cc8b1: shutdown FollowerState
2019-08-31 05:58:41,849 [Thread-744] INFO  impl.RaftServerImpl (RaftServerImpl.java:setRole(171)) - d8a08337-d972-42b7-8129-7e1e1c0cc8b1:group-7CC32E3369E5 changes role from FOLLOWER to CANDIDATE at term 0 for changeToCandidate
2019-08-31 05:58:41,849 [Thread-744] INFO  impl.RoleInfo (RoleInfo.java:updateAndGet(143)) - d8a08337-d972-42b7-8129-7e1e1c0cc8b1: start LeaderElection
2019-08-31 05:58:41,855 [grpc-default-executor-2] INFO  impl.RaftServerImpl (ServerState.java:setLeader(263)) - 65d7ba33-73cf-428f-8fa2-8b778f097bac:group-FBB19C0E0420 change Leader from null to c9f78a1f-7704-4a39-8b7a-67be0f070410 at term 1 for appendEntries, leader elected after 5120ms
2019-08-31 05:58:41,857 [grpc-default-executor-4] INFO  impl.RaftServerImpl (ServerState.java:setLeader(263)) - be6717d3-e2b4-4098-8560-d6596398ce3c:group-FBB19C0E0420 change Leader from null to c9f78a1f-7704-4a39-8b7a-67be0f070410 at term 1 for appendEntries, leader elected after 5121ms
2019-08-31 05:58:41,861 [grpc-default-executor-4] INFO  impl.RaftServerImpl (ServerState.java:setRaftConf(361)) - 65d7ba33-73cf-428f-8fa2-8b778f097bac:group-FBB19C0E0420 set configuration 0: [c9f78a1f-7704-4a39-8b7a-67be0f070410:192.168.69.127:33553, be6717d3-e2b4-4098-8560-d6596398ce3c:192.168.69.127:37525, 65d7ba33-73cf-428f-8fa2-8b778f097bac:192.168.69.127:44563], old=null at 0
2019-08-31 05:58:41,861 [grpc-default-executor-2] INFO  impl.RaftServerImpl (ServerState.java:setRaftConf(361)) - be6717d3-e2b4-4098-8560-d6596398ce3c:group-FBB19C0E0420 set configuration 0: [c9f78a1f-7704-4a39-8b7a-67be0f070410:192.168.69.127:33553, be6717d3-e2b4-4098-8560-d6596398ce3c:192.168.69.127:37525, 65d7ba33-73cf-428f-8fa2-8b778f097bac:192.168.69.127:44563], old=null at 0
2019-08-31 05:58:41,861 [grpc-default-executor-4] INFO  segmented.SegmentedRaftLogWorker (SegmentedRaftLogWorker.java:startLogSegment(380)) - 65d7ba33-73cf-428f-8fa2-8b778f097bac-SegmentedRaftLogWorker:Storage Directory /workdir/hadoop-ozone/integration-test/target/test-dir/MiniOzoneClusterImpl-08f3fe21-1a76-4db7-ba59-51f14a367526/datanode-6/data/ratis/107d3d70-f8f9-4030-b5b4-fbb19c0e0420: Starting segment from index:0
2019-08-31 05:58:41,861 [grpc-default-executor-2] INFO  segmented.SegmentedRaftLogWorker (SegmentedRaftLogWorker.java:startLogSegment(380)) - be6717d3-e2b4-4098-8560-d6596398ce3c-SegmentedRaftLogWorker:Storage Directory /workdir/hadoop-ozone/integration-test/target/test-dir/MiniOzoneClusterImpl-08f3fe21-1a76-4db7-ba59-51f14a367526/datanode-4/data/ratis/107d3d70-f8f9-4030-b5b4-fbb19c0e0420: Starting segment from index:0
2019-08-31 05:58:41,872 [ca67342a-fc2d-4b3c-849c-12f1afc677bb-SegmentedRaftLogWorker:Storage Directory /workdir/hadoop-ozone/integration-test/target/test-dir/MiniOzoneClusterImpl-08f3fe21-1a76-4db7-ba59-51f14a367526/datanode-5/data/ratis/bcfd8e08-b9db-4437-a2e4-71294cff61a2] INFO  segmented.SegmentedRaftLogWorker (SegmentedRaftLogWorker.java:execute(569)) - ca67342a-fc2d-4b3c-849c-12f1afc677bb-SegmentedRaftLogWorker:Storage Directory /workdir/hadoop-ozone/integration-test/target/test-dir/MiniOzoneClusterImpl-08f3fe21-1a76-4db7-ba59-51f14a367526/datanode-5/data/ratis/bcfd8e08-b9db-4437-a2e4-71294cff61a2: created new log segment /workdir/hadoop-ozone/integration-test/target/test-dir/MiniOzoneClusterImpl-08f3fe21-1a76-4db7-ba59-51f14a367526/datanode-5/data/ratis/bcfd8e08-b9db-4437-a2e4-71294cff61a2/current/log_inprogress_0
2019-08-31 05:58:41,873 [d8a08337-d972-42b7-8129-7e1e1c0cc8b1:group-7CC32E3369E5:LeaderElection24] INFO  impl.LeaderElection (LeaderElection.java:askForVotes(181)) - d8a08337-d972-42b7-8129-7e1e1c0cc8b1:group-7CC32E3369E5:LeaderElection24: begin an election at term 1 for -1: [1e87e662-ddb2-4042-9692-4141064b7de5:192.168.69.127:43336, ca67342a-fc2d-4b3c-849c-12f1afc677bb:192.168.69.127:40946, d8a08337-d972-42b7-8129-7e1e1c0cc8b1:192.168.69.127:40089], old=null
2019-08-31 05:58:41,872 [c9f78a1f-7704-4a39-8b7a-67be0f070410-SegmentedRaftLogWorker:Storage Directory /workdir/hadoop-ozone/integration-test/target/test-dir/MiniOzoneClusterImpl-08f3fe21-1a76-4db7-ba59-51f14a367526/datanode-1/data/ratis/107d3d70-f8f9-4030-b5b4-fbb19c0e0420] INFO  segmented.SegmentedRaftLogWorker (SegmentedRaftLogWorker.java:execute(569)) - c9f78a1f-7704-4a39-8b7a-67be0f070410-SegmentedRaftLogWorker:Storage Directory /workdir/hadoop-ozone/integration-test/target/test-dir/MiniOzoneClusterImpl-08f3fe21-1a76-4db7-ba59-51f14a367526/datanode-1/data/ratis/107d3d70-f8f9-4030-b5b4-fbb19c0e0420: created new log segment /workdir/hadoop-ozone/integration-test/target/test-dir/MiniOzoneClusterImpl-08f3fe21-1a76-4db7-ba59-51f14a367526/datanode-1/data/ratis/107d3d70-f8f9-4030-b5b4-fbb19c0e0420/current/log_inprogress_0
2019-08-31 05:58:41,901 [grpc-default-executor-2] INFO  impl.RaftServerImpl (RaftServerImpl.java:setRole(171)) - ca67342a-fc2d-4b3c-849c-12f1afc677bb:group-7CC32E3369E5 changes role from FOLLOWER to FOLLOWER at term 1 for recognizeCandidate:d8a08337-d972-42b7-8129-7e1e1c0cc8b1
2019-08-31 05:58:41,901 [grpc-default-executor-2] INFO  impl.RoleInfo (RoleInfo.java:shutdownFollowerState(121)) - ca67342a-fc2d-4b3c-849c-12f1afc677bb: shutdown FollowerState
2019-08-31 05:58:41,901 [grpc-default-executor-4] INFO  impl.RaftServerImpl (RaftServerImpl.java:setRole(171)) - 1e87e662-ddb2-4042-9692-4141064b7de5:group-7CC32E3369E5 changes role from FOLLOWER to FOLLOWER at term 1 for recognizeCandidate:d8a08337-d972-42b7-8129-7e1e1c0cc8b1
2019-08-31 05:58:41,901 [Thread-741] INFO  impl.FollowerState (FollowerState.java:run(114)) - ca67342a-fc2d-4b3c-849c-12f1afc677bb: FollowerState was interrupted: java.lang.InterruptedException: sleep interrupted
2019-08-31 05:58:41,901 [grpc-default-executor-4] INFO  impl.RoleInfo (RoleInfo.java:shutdownFollowerState(121)) - 1e87e662-ddb2-4042-9692-4141064b7de5: shutdown FollowerState
2019-08-31 05:58:41,901 [grpc-default-executor-2] INFO  impl.RoleInfo (RoleInfo.java:updateAndGet(143)) - ca67342a-fc2d-4b3c-849c-12f1afc677bb: start FollowerState
2019-08-31 05:58:41,903 [Thread-747] INFO  impl.FollowerState (FollowerState.java:run(114)) - 1e87e662-ddb2-4042-9692-4141064b7de5: FollowerState was interrupted: java.lang.InterruptedException: sleep interrupted
2019-08-31 05:58:41,903 [grpc-default-executor-4] INFO  impl.RoleInfo (RoleInfo.java:updateAndGet(143)) - 1e87e662-ddb2-4042-9692-4141064b7de5: start FollowerState
2019-08-31 05:58:41,923 [65d7ba33-73cf-428f-8fa2-8b778f097bac-SegmentedRaftLogWorker:Storage Directory /workdir/hadoop-ozone/integration-test/target/test-dir/MiniOzoneClusterImpl-08f3fe21-1a76-4db7-ba59-51f14a367526/datanode-6/data/ratis/107d3d70-f8f9-4030-b5b4-fbb19c0e0420] INFO  segmented.SegmentedRaftLogWorker (SegmentedRaftLogWorker.java:execute(569)) - 65d7ba33-73cf-428f-8fa2-8b778f097bac-SegmentedRaftLogWorker:Storage Directory /workdir/hadoop-ozone/integration-test/target/test-dir/MiniOzoneClusterImpl-08f3fe21-1a76-4db7-ba59-51f14a367526/datanode-6/data/ratis/107d3d70-f8f9-4030-b5b4-fbb19c0e0420: created new log segment /workdir/hadoop-ozone/integration-test/target/test-dir/MiniOzoneClusterImpl-08f3fe21-1a76-4db7-ba59-51f14a367526/datanode-6/data/ratis/107d3d70-f8f9-4030-b5b4-fbb19c0e0420/current/log_inprogress_0
2019-08-31 05:58:41,923 [be6717d3-e2b4-4098-8560-d6596398ce3c-SegmentedRaftLogWorker:Storage Directory /workdir/hadoop-ozone/integration-test/target/test-dir/MiniOzoneClusterImpl-08f3fe21-1a76-4db7-ba59-51f14a367526/datanode-4/data/ratis/107d3d70-f8f9-4030-b5b4-fbb19c0e0420] INFO  segmented.SegmentedRaftLogWorker (SegmentedRaftLogWorker.java:execute(569)) - be6717d3-e2b4-4098-8560-d6596398ce3c-SegmentedRaftLogWorker:Storage Directory /workdir/hadoop-ozone/integration-test/target/test-dir/MiniOzoneClusterImpl-08f3fe21-1a76-4db7-ba59-51f14a367526/datanode-4/data/ratis/107d3d70-f8f9-4030-b5b4-fbb19c0e0420: created new log segment /workdir/hadoop-ozone/integration-test/target/test-dir/MiniOzoneClusterImpl-08f3fe21-1a76-4db7-ba59-51f14a367526/datanode-4/data/ratis/107d3d70-f8f9-4030-b5b4-fbb19c0e0420/current/log_inprogress_0
2019-08-31 05:58:41,924 [d8a08337-d972-42b7-8129-7e1e1c0cc8b1:group-7CC32E3369E5:LeaderElection24] INFO  impl.LeaderElection (LeaderElection.java:logAndReturn(56)) - d8a08337-d972-42b7-8129-7e1e1c0cc8b1:group-7CC32E3369E5:LeaderElection24: Election PASSED; received 1 response(s) [d8a08337-d972-42b7-8129-7e1e1c0cc8b1<-ca67342a-fc2d-4b3c-849c-12f1afc677bb#0:OK-t1] and 0 exception(s); d8a08337-d972-42b7-8129-7e1e1c0cc8b1:t1, leader=null, voted=d8a08337-d972-42b7-8129-7e1e1c0cc8b1, raftlog=d8a08337-d972-42b7-8129-7e1e1c0cc8b1-SegmentedRaftLog:OPENED:c-1,f-1,i0, conf=-1: [1e87e662-ddb2-4042-9692-4141064b7de5:192.168.69.127:43336, ca67342a-fc2d-4b3c-849c-12f1afc677bb:192.168.69.127:40946, d8a08337-d972-42b7-8129-7e1e1c0cc8b1:192.168.69.127:40089], old=null
2019-08-31 05:58:41,924 [d8a08337-d972-42b7-8129-7e1e1c0cc8b1:group-7CC32E3369E5:LeaderElection24] INFO  impl.RoleInfo (RoleInfo.java:shutdownLeaderElection(134)) - d8a08337-d972-42b7-8129-7e1e1c0cc8b1: shutdown LeaderElection
2019-08-31 05:58:41,924 [d8a08337-d972-42b7-8129-7e1e1c0cc8b1:group-7CC32E3369E5:LeaderElection24] INFO  impl.RaftServerImpl (RaftServerImpl.java:setRole(171)) - d8a08337-d972-42b7-8129-7e1e1c0cc8b1:group-7CC32E3369E5 changes role from CANDIDATE to LEADER at term 1 for changeToLeader
2019-08-31 05:58:41,925 [d8a08337-d972-42b7-8129-7e1e1c0cc8b1:group-7CC32E3369E5:LeaderElection24] INFO  impl.RaftServerImpl (ServerState.java:setLeader(263)) - d8a08337-d972-42b7-8129-7e1e1c0cc8b1:group-7CC32E3369E5 change Leader from null to d8a08337-d972-42b7-8129-7e1e1c0cc8b1 at term 1 for becomeLeader, leader elected after 5099ms
2019-08-31 05:58:41,925 [d8a08337-d972-42b7-8129-7e1e1c0cc8b1:group-7CC32E3369E5:LeaderElection24] INFO  server.RaftServerConfigKeys (ConfUtils.java:logGet(43)) - raft.server.staging.catchup.gap = 1000 (default)
2019-08-31 05:58:41,925 [d8a08337-d972-42b7-8129-7e1e1c0cc8b1:group-7CC32E3369E5:LeaderElection24] INFO  server.RaftServerConfigKeys (ConfUtils.java:logGet(43)) - raft.server.rpc.sleep.time = 25ms (default)
2019-08-31 05:58:41,925 [d8a08337-d972-42b7-8129-7e1e1c0cc8b1:group-7CC32E3369E5:LeaderElection24] INFO  server.RaftServerConfigKeys (ConfUtils.java:logGet(43)) - raft.server.write.element-limit = 4096 (default)
2019-08-31 05:58:41,925 [d8a08337-d972-42b7-8129-7e1e1c0cc8b1:group-7CC32E3369E5:LeaderElection24] INFO  server.RaftServerConfigKeys (ConfUtils.java:logGet(43)) - raft.server.watch.timeout = 10s (default)
2019-08-31 05:58:41,925 [d8a08337-d972-42b7-8129-7e1e1c0cc8b1:group-7CC32E3369E5:LeaderElection24] INFO  server.RaftServerConfigKeys (ConfUtils.java:logGet(43)) - raft.server.watch.timeout.denomination = 1s (default)
2019-08-31 05:58:41,925 [d8a08337-d972-42b7-8129-7e1e1c0cc8b1:group-7CC32E3369E5:LeaderElection24] INFO  server.RaftServerConfigKeys (ConfUtils.java:logGet(43)) - raft.server.watch.element-limit = 65536 (default)
2019-08-31 05:58:41,926 [d8a08337-d972-42b7-8129-7e1e1c0cc8b1:group-7CC32E3369E5:LeaderElection24] INFO  server.RaftServerConfigKeys (ConfUtils.java:logGet(43)) - raft.server.log.appender.snapshot.chunk.size.max = 16MB (=16777216) (default)
2019-08-31 05:58:41,926 [d8a08337-d972-42b7-8129-7e1e1c0cc8b1:group-7CC32E3369E5:LeaderElection24] INFO  server.RaftServerConfigKeys (ConfUtils.java:logGet(43)) - raft.server.log.appender.buffer.byte-limit = 33554432 (custom)
2019-08-31 05:58:41,926 [d8a08337-d972-42b7-8129-7e1e1c0cc8b1:group-7CC32E3369E5:LeaderElection24] INFO  server.RaftServerConfigKeys (ConfUtils.java:logGet(43)) - raft.server.log.appender.buffer.element-limit = 1 (custom)
2019-08-31 05:58:41,926 [d8a08337-d972-42b7-8129-7e1e1c0cc8b1:group-7CC32E3369E5:LeaderElection24] INFO  grpc.GrpcConfigKeys$Server (ConfUtils.java:logGet(43)) - raft.grpc.server.leader.outstanding.appends.max = 128 (default)
2019-08-31 05:58:41,927 [d8a08337-d972-42b7-8129-7e1e1c0cc8b1:group-7CC32E3369E5:LeaderElection24] INFO  server.RaftServerConfigKeys (ConfUtils.java:logGet(43)) - raft.server.rpc.request.timeout = 3000ms (default)
2019-08-31 05:58:41,927 [d8a08337-d972-42b7-8129-7e1e1c0cc8b1:group-7CC32E3369E5:LeaderElection24] INFO  server.RaftServerConfigKeys (ConfUtils.java:logGet(43)) - raft.server.log.appender.install.snapshot.enabled = false (custom)
2019-08-31 05:58:41,927 [d8a08337-d972-42b7-8129-7e1e1c0cc8b1:group-7CC32E3369E5:LeaderElection24] INFO  server.RaftServerConfigKeys (ConfUtils.java:logGet(43)) - raft.server.log.appender.snapshot.chunk.size.max = 16MB (=16777216) (default)
2019-08-31 05:58:41,927 [d8a08337-d972-42b7-8129-7e1e1c0cc8b1:group-7CC32E3369E5:LeaderElection24] INFO  server.RaftServerConfigKeys (ConfUtils.java:logGet(43)) - raft.server.log.appender.buffer.byte-limit = 33554432 (custom)
2019-08-31 05:58:41,927 [d8a08337-d972-42b7-8129-7e1e1c0cc8b1:group-7CC32E3369E5:LeaderElection24] INFO  server.RaftServerConfigKeys (ConfUtils.java:logGet(43)) - raft.server.log.appender.buffer.element-limit = 1 (custom)
2019-08-31 05:58:41,928 [d8a08337-d972-42b7-8129-7e1e1c0cc8b1:group-7CC32E3369E5:LeaderElection24] INFO  grpc.GrpcConfigKeys$Server (ConfUtils.java:logGet(43)) - raft.grpc.server.leader.outstanding.appends.max = 128 (default)
2019-08-31 05:58:41,928 [d8a08337-d972-42b7-8129-7e1e1c0cc8b1:group-7CC32E3369E5:LeaderElection24] INFO  server.RaftServerConfigKeys (ConfUtils.java:logGet(43)) - raft.server.rpc.request.timeout = 3000ms (default)
2019-08-31 05:58:41,928 [d8a08337-d972-42b7-8129-7e1e1c0cc8b1:group-7CC32E3369E5:LeaderElection24] INFO  server.RaftServerConfigKeys (ConfUtils.java:logGet(43)) - raft.server.log.appender.install.snapshot.enabled = false (custom)
2019-08-31 05:58:41,928 [d8a08337-d972-42b7-8129-7e1e1c0cc8b1:group-7CC32E3369E5:LeaderElection24] INFO  impl.RoleInfo (RoleInfo.java:updateAndGet(143)) - d8a08337-d972-42b7-8129-7e1e1c0cc8b1: start LeaderState
2019-08-31 05:58:41,928 [d8a08337-d972-42b7-8129-7e1e1c0cc8b1:group-7CC32E3369E5:LeaderElection24] INFO  segmented.SegmentedRaftLogWorker (SegmentedRaftLogWorker.java:startLogSegment(380)) - d8a08337-d972-42b7-8129-7e1e1c0cc8b1-SegmentedRaftLogWorker:Storage Directory /workdir/hadoop-ozone/integration-test/target/test-dir/MiniOzoneClusterImpl-08f3fe21-1a76-4db7-ba59-51f14a367526/datanode-3/data/ratis/707f458a-137e-453b-be13-7cc32e3369e5: Starting segment from index:0
2019-08-31 05:58:41,929 [d8a08337-d972-42b7-8129-7e1e1c0cc8b1:group-7CC32E3369E5:LeaderElection24] INFO  impl.RaftServerImpl (ServerState.java:setRaftConf(361)) - d8a08337-d972-42b7-8129-7e1e1c0cc8b1:group-7CC32E3369E5 set configuration 0: [1e87e662-ddb2-4042-9692-4141064b7de5:192.168.69.127:43336, ca67342a-fc2d-4b3c-849c-12f1afc677bb:192.168.69.127:40946, d8a08337-d972-42b7-8129-7e1e1c0cc8b1:192.168.69.127:40089], old=null at 0
2019-08-31 05:58:41,962 [grpc-default-executor-4] INFO  impl.RaftServerImpl (ServerState.java:setLeader(263)) - ca67342a-fc2d-4b3c-849c-12f1afc677bb:group-7CC32E3369E5 change Leader from null to d8a08337-d972-42b7-8129-7e1e1c0cc8b1 at term 1 for appendEntries, leader elected after 5136ms
2019-08-31 05:58:41,964 [grpc-default-executor-2] INFO  impl.RaftServerImpl (ServerState.java:setLeader(263)) - 1e87e662-ddb2-4042-9692-4141064b7de5:group-7CC32E3369E5 change Leader from null to d8a08337-d972-42b7-8129-7e1e1c0cc8b1 at term 1 for appendEntries, leader elected after 5138ms
2019-08-31 05:58:41,968 [grpc-default-executor-2] INFO  impl.RaftServerImpl (ServerState.java:setRaftConf(361)) - ca67342a-fc2d-4b3c-849c-12f1afc677bb:group-7CC32E3369E5 set configuration 0: [1e87e662-ddb2-4042-9692-4141064b7de5:192.168.69.127:43336, ca67342a-fc2d-4b3c-849c-12f1afc677bb:192.168.69.127:40946, d8a08337-d972-42b7-8129-7e1e1c0cc8b1:192.168.69.127:40089], old=null at 0
2019-08-31 05:58:41,968 [grpc-default-executor-2] INFO  segmented.SegmentedRaftLogWorker (SegmentedRaftLogWorker.java:startLogSegment(380)) - ca67342a-fc2d-4b3c-849c-12f1afc677bb-SegmentedRaftLogWorker:Storage Directory /workdir/hadoop-ozone/integration-test/target/test-dir/MiniOzoneClusterImpl-08f3fe21-1a76-4db7-ba59-51f14a367526/datanode-5/data/ratis/707f458a-137e-453b-be13-7cc32e3369e5: Starting segment from index:0
2019-08-31 05:58:41,968 [grpc-default-executor-4] INFO  impl.RaftServerImpl (ServerState.java:setRaftConf(361)) - 1e87e662-ddb2-4042-9692-4141064b7de5:group-7CC32E3369E5 set configuration 0: [1e87e662-ddb2-4042-9692-4141064b7de5:192.168.69.127:43336, ca67342a-fc2d-4b3c-849c-12f1afc677bb:192.168.69.127:40946, d8a08337-d972-42b7-8129-7e1e1c0cc8b1:192.168.69.127:40089], old=null at 0
2019-08-31 05:58:41,968 [grpc-default-executor-4] INFO  segmented.SegmentedRaftLogWorker (SegmentedRaftLogWorker.java:startLogSegment(380)) - 1e87e662-ddb2-4042-9692-4141064b7de5-SegmentedRaftLogWorker:Storage Directory /workdir/hadoop-ozone/integration-test/target/test-dir/MiniOzoneClusterImpl-08f3fe21-1a76-4db7-ba59-51f14a367526/datanode-2/data/ratis/707f458a-137e-453b-be13-7cc32e3369e5: Starting segment from index:0
2019-08-31 05:58:41,973 [d8a08337-d972-42b7-8129-7e1e1c0cc8b1-SegmentedRaftLogWorker:Storage Directory /workdir/hadoop-ozone/integration-test/target/test-dir/MiniOzoneClusterImpl-08f3fe21-1a76-4db7-ba59-51f14a367526/datanode-3/data/ratis/707f458a-137e-453b-be13-7cc32e3369e5] INFO  segmented.SegmentedRaftLogWorker (SegmentedRaftLogWorker.java:execute(569)) - d8a08337-d972-42b7-8129-7e1e1c0cc8b1-SegmentedRaftLogWorker:Storage Directory /workdir/hadoop-ozone/integration-test/target/test-dir/MiniOzoneClusterImpl-08f3fe21-1a76-4db7-ba59-51f14a367526/datanode-3/data/ratis/707f458a-137e-453b-be13-7cc32e3369e5: created new log segment /workdir/hadoop-ozone/integration-test/target/test-dir/MiniOzoneClusterImpl-08f3fe21-1a76-4db7-ba59-51f14a367526/datanode-3/data/ratis/707f458a-137e-453b-be13-7cc32e3369e5/current/log_inprogress_0
2019-08-31 05:58:42,016 [1e87e662-ddb2-4042-9692-4141064b7de5-SegmentedRaftLogWorker:Storage Directory /workdir/hadoop-ozone/integration-test/target/test-dir/MiniOzoneClusterImpl-08f3fe21-1a76-4db7-ba59-51f14a367526/datanode-2/data/ratis/707f458a-137e-453b-be13-7cc32e3369e5] INFO  segmented.SegmentedRaftLogWorker (SegmentedRaftLogWorker.java:execute(569)) - 1e87e662-ddb2-4042-9692-4141064b7de5-SegmentedRaftLogWorker:Storage Directory /workdir/hadoop-ozone/integration-test/target/test-dir/MiniOzoneClusterImpl-08f3fe21-1a76-4db7-ba59-51f14a367526/datanode-2/data/ratis/707f458a-137e-453b-be13-7cc32e3369e5: created new log segment /workdir/hadoop-ozone/integration-test/target/test-dir/MiniOzoneClusterImpl-08f3fe21-1a76-4db7-ba59-51f14a367526/datanode-2/data/ratis/707f458a-137e-453b-be13-7cc32e3369e5/current/log_inprogress_0
2019-08-31 05:58:42,032 [ca67342a-fc2d-4b3c-849c-12f1afc677bb-SegmentedRaftLogWorker:Storage Directory /workdir/hadoop-ozone/integration-test/target/test-dir/MiniOzoneClusterImpl-08f3fe21-1a76-4db7-ba59-51f14a367526/datanode-5/data/ratis/707f458a-137e-453b-be13-7cc32e3369e5] INFO  segmented.SegmentedRaftLogWorker (SegmentedRaftLogWorker.java:execute(569)) - ca67342a-fc2d-4b3c-849c-12f1afc677bb-SegmentedRaftLogWorker:Storage Directory /workdir/hadoop-ozone/integration-test/target/test-dir/MiniOzoneClusterImpl-08f3fe21-1a76-4db7-ba59-51f14a367526/datanode-5/data/ratis/707f458a-137e-453b-be13-7cc32e3369e5: created new log segment /workdir/hadoop-ozone/integration-test/target/test-dir/MiniOzoneClusterImpl-08f3fe21-1a76-4db7-ba59-51f14a367526/datanode-5/data/ratis/707f458a-137e-453b-be13-7cc32e3369e5/current/log_inprogress_0
2019-08-31 05:58:42,660 [grpc-default-executor-4] INFO  client.GrpcClientProtocolClient (GrpcClientProtocolClient.java:onNext(255)) - client-F4948A49CD3F->be6717d3-e2b4-4098-8560-d6596398ce3c: receive RaftClientReply:client-F4948A49CD3F->be6717d3-e2b4-4098-8560-d6596398ce3c@group-FBB19C0E0420, cid=42, FAILED org.apache.ratis.protocol.NotLeaderException: Server be6717d3-e2b4-4098-8560-d6596398ce3c is not the leader (c9f78a1f-7704-4a39-8b7a-67be0f070410:192.168.69.127:33553). Request must be sent to leader., logIndex=0, commits[be6717d3-e2b4-4098-8560-d6596398ce3c:c-1, c9f78a1f-7704-4a39-8b7a-67be0f070410:c-1, 65d7ba33-73cf-428f-8fa2-8b778f097bac:c-1]
2019-08-31 05:58:42,879 [grpc-default-executor-4] INFO  client.GrpcClientProtocolClient (GrpcClientProtocolClient.java:onNext(255)) - client-F4948A49CD3F->c9f78a1f-7704-4a39-8b7a-67be0f070410: receive RaftClientReply:client-F4948A49CD3F->c9f78a1f-7704-4a39-8b7a-67be0f070410@group-FBB19C0E0420, cid=42, SUCCESS, logIndex=1, commits[c9f78a1f-7704-4a39-8b7a-67be0f070410:c2, be6717d3-e2b4-4098-8560-d6596398ce3c:c1, 65d7ba33-73cf-428f-8fa2-8b778f097bac:c1]
2019-08-31 05:58:43,111 [grpc-default-executor-2] INFO  client.GrpcClientProtocolClient (GrpcClientProtocolClient.java:onNext(255)) - client-F4948A49CD3F->c9f78a1f-7704-4a39-8b7a-67be0f070410: receive RaftClientReply:client-F4948A49CD3F->c9f78a1f-7704-4a39-8b7a-67be0f070410@group-FBB19C0E0420, cid=43, SUCCESS, logIndex=3, commits[c9f78a1f-7704-4a39-8b7a-67be0f070410:c4, be6717d3-e2b4-4098-8560-d6596398ce3c:c3, 65d7ba33-73cf-428f-8fa2-8b778f097bac:c3]
2019-08-31 05:58:43,326 [grpc-default-executor-4] INFO  client.GrpcClientProtocolClient (GrpcClientProtocolClient.java:onNext(255)) - client-F4948A49CD3F->c9f78a1f-7704-4a39-8b7a-67be0f070410: receive RaftClientReply:client-F4948A49CD3F->c9f78a1f-7704-4a39-8b7a-67be0f070410@group-FBB19C0E0420, cid=44, SUCCESS, logIndex=5, commits[c9f78a1f-7704-4a39-8b7a-67be0f070410:c6, be6717d3-e2b4-4098-8560-d6596398ce3c:c5, 65d7ba33-73cf-428f-8fa2-8b778f097bac:c5]
2019-08-31 05:58:48,396 [grpc-default-executor-2] INFO  client.GrpcClientProtocolClient (GrpcClientProtocolClient.java:onNext(255)) - client-F4948A49CD3F->be6717d3-e2b4-4098-8560-d6596398ce3c: receive RaftClientReply:client-F4948A49CD3F->be6717d3-e2b4-4098-8560-d6596398ce3c@group-FBB19C0E0420, cid=45, FAILED org.apache.ratis.protocol.NotLeaderException: Server be6717d3-e2b4-4098-8560-d6596398ce3c is not the leader (c9f78a1f-7704-4a39-8b7a-67be0f070410:192.168.69.127:33553). Request must be sent to leader., logIndex=0, commits[be6717d3-e2b4-4098-8560-d6596398ce3c:c8, c9f78a1f-7704-4a39-8b7a-67be0f070410:c8, 65d7ba33-73cf-428f-8fa2-8b778f097bac:c8]
2019-08-31 05:58:53,458 [grpc-default-executor-4] INFO  client.GrpcClientProtocolClient (GrpcClientProtocolClient.java:onNext(255)) - client-F4948A49CD3F->be6717d3-e2b4-4098-8560-d6596398ce3c: receive RaftClientReply:client-F4948A49CD3F->be6717d3-e2b4-4098-8560-d6596398ce3c@group-FBB19C0E0420, cid=45, FAILED org.apache.ratis.protocol.NotLeaderException: Server be6717d3-e2b4-4098-8560-d6596398ce3c is not the leader (c9f78a1f-7704-4a39-8b7a-67be0f070410:192.168.69.127:33553). Request must be sent to leader., logIndex=0, commits[be6717d3-e2b4-4098-8560-d6596398ce3c:c8, c9f78a1f-7704-4a39-8b7a-67be0f070410:c8, 65d7ba33-73cf-428f-8fa2-8b778f097bac:c8]
2019-08-31 05:58:58,508 [grpc-default-executor-4] INFO  client.GrpcClientProtocolClient (GrpcClientProtocolClient.java:onNext(255)) - client-F4948A49CD3F->be6717d3-e2b4-4098-8560-d6596398ce3c: receive RaftClientReply:client-F4948A49CD3F->be6717d3-e2b4-4098-8560-d6596398ce3c@group-FBB19C0E0420, cid=45, FAILED org.apache.ratis.protocol.NotLeaderException: Server be6717d3-e2b4-4098-8560-d6596398ce3c is not the leader (c9f78a1f-7704-4a39-8b7a-67be0f070410:192.168.69.127:33553). Request must be sent to leader., logIndex=0, commits[be6717d3-e2b4-4098-8560-d6596398ce3c:c8, c9f78a1f-7704-4a39-8b7a-67be0f070410:c8, 65d7ba33-73cf-428f-8fa2-8b778f097bac:c8]
2019-08-31 05:59:03,552 [grpc-default-executor-2] INFO  client.GrpcClientProtocolClient (GrpcClientProtocolClient.java:onNext(255)) - client-F4948A49CD3F->be6717d3-e2b4-4098-8560-d6596398ce3c: receive RaftClientReply:client-F4948A49CD3F->be6717d3-e2b4-4098-8560-d6596398ce3c@group-FBB19C0E0420, cid=45, FAILED org.apache.ratis.protocol.NotLeaderException: Server be6717d3-e2b4-4098-8560-d6596398ce3c is not the leader (c9f78a1f-7704-4a39-8b7a-67be0f070410:192.168.69.127:33553). Request must be sent to leader., logIndex=0, commits[be6717d3-e2b4-4098-8560-d6596398ce3c:c8, c9f78a1f-7704-4a39-8b7a-67be0f070410:c8, 65d7ba33-73cf-428f-8fa2-8b778f097bac:c8]
2019-08-31 05:59:08,594 [grpc-default-executor-4] INFO  client.GrpcClientProtocolClient (GrpcClientProtocolClient.java:onNext(255)) - client-F4948A49CD3F->be6717d3-e2b4-4098-8560-d6596398ce3c: receive RaftClientReply:client-F4948A49CD3F->be6717d3-e2b4-4098-8560-d6596398ce3c@group-FBB19C0E0420, cid=45, FAILED org.apache.ratis.protocol.NotLeaderException: Server be6717d3-e2b4-4098-8560-d6596398ce3c is not the leader (c9f78a1f-7704-4a39-8b7a-67be0f070410:192.168.69.127:33553). Request must be sent to leader., logIndex=0, commits[be6717d3-e2b4-4098-8560-d6596398ce3c:c8, c9f78a1f-7704-4a39-8b7a-67be0f070410:c8, 65d7ba33-73cf-428f-8fa2-8b778f097bac:c8]
2019-08-31 05:59:13,633 [grpc-default-executor-2] INFO  client.GrpcClientProtocolClient (GrpcClientProtocolClient.java:onNext(255)) - client-F4948A49CD3F->be6717d3-e2b4-4098-8560-d6596398ce3c: receive RaftClientReply:client-F4948A49CD3F->be6717d3-e2b4-4098-8560-d6596398ce3c@group-FBB19C0E0420, cid=45, FAILED org.apache.ratis.protocol.NotLeaderException: Server be6717d3-e2b4-4098-8560-d6596398ce3c is not the leader (c9f78a1f-7704-4a39-8b7a-67be0f070410:192.168.69.127:33553). Request must be sent to leader., logIndex=0, commits[be6717d3-e2b4-4098-8560-d6596398ce3c:c8, c9f78a1f-7704-4a39-8b7a-67be0f070410:c8, 65d7ba33-73cf-428f-8fa2-8b778f097bac:c8]
2019-08-31 05:59:18,671 [grpc-default-executor-2] INFO  client.GrpcClientProtocolClient (GrpcClientProtocolClient.java:onNext(255)) - client-F4948A49CD3F->be6717d3-e2b4-4098-8560-d6596398ce3c: receive RaftClientReply:client-F4948A49CD3F->be6717d3-e2b4-4098-8560-d6596398ce3c@group-FBB19C0E0420, cid=45, FAILED org.apache.ratis.protocol.NotLeaderException: Server be6717d3-e2b4-4098-8560-d6596398ce3c is not the leader (c9f78a1f-7704-4a39-8b7a-67be0f070410:192.168.69.127:33553). Request must be sent to leader., logIndex=0, commits[be6717d3-e2b4-4098-8560-d6596398ce3c:c8, c9f78a1f-7704-4a39-8b7a-67be0f070410:c8, 65d7ba33-73cf-428f-8fa2-8b778f097bac:c8]
2019-08-31 05:59:23,719 [grpc-default-executor-4] INFO  client.GrpcClientProtocolClient (GrpcClientProtocolClient.java:onNext(255)) - client-F4948A49CD3F->be6717d3-e2b4-4098-8560-d6596398ce3c: receive RaftClientReply:client-F4948A49CD3F->be6717d3-e2b4-4098-8560-d6596398ce3c@group-FBB19C0E0420, cid=45, FAILED org.apache.ratis.protocol.NotLeaderException: Server be6717d3-e2b4-4098-8560-d6596398ce3c is not the leader (c9f78a1f-7704-4a39-8b7a-67be0f070410:192.168.69.127:33553). Request must be sent to leader., logIndex=0, commits[be6717d3-e2b4-4098-8560-d6596398ce3c:c8, c9f78a1f-7704-4a39-8b7a-67be0f070410:c8, 65d7ba33-73cf-428f-8fa2-8b778f097bac:c8]
2019-08-31 05:59:28,767 [grpc-default-executor-2] INFO  client.GrpcClientProtocolClient (GrpcClientProtocolClient.java:onNext(255)) - client-F4948A49CD3F->be6717d3-e2b4-4098-8560-d6596398ce3c: receive RaftClientReply:client-F4948A49CD3F->be6717d3-e2b4-4098-8560-d6596398ce3c@group-FBB19C0E0420, cid=45, FAILED org.apache.ratis.protocol.NotLeaderException: Server be6717d3-e2b4-4098-8560-d6596398ce3c is not the leader (c9f78a1f-7704-4a39-8b7a-67be0f070410:192.168.69.127:33553). Request must be sent to leader., logIndex=0, commits[be6717d3-e2b4-4098-8560-d6596398ce3c:c8, c9f78a1f-7704-4a39-8b7a-67be0f070410:c8, 65d7ba33-73cf-428f-8fa2-8b778f097bac:c8]
2019-08-31 05:59:33,820 [grpc-default-executor-4] INFO  client.GrpcClientProtocolClient (GrpcClientProtocolClient.java:onNext(255)) - client-F4948A49CD3F->65d7ba33-73cf-428f-8fa2-8b778f097bac: receive RaftClientReply:client-F4948A49CD3F->65d7ba33-73cf-428f-8fa2-8b778f097bac@group-FBB19C0E0420, cid=45, FAILED org.apache.ratis.protocol.NotLeaderException: Server 65d7ba33-73cf-428f-8fa2-8b778f097bac is not the leader (c9f78a1f-7704-4a39-8b7a-67be0f070410:192.168.69.127:33553). Request must be sent to leader., logIndex=0, commits[65d7ba33-73cf-428f-8fa2-8b778f097bac:c8, c9f78a1f-7704-4a39-8b7a-67be0f070410:c8, be6717d3-e2b4-4098-8560-d6596398ce3c:c8]
2019-08-31 05:59:38,862 [grpc-default-executor-4] INFO  client.GrpcClientProtocolClient (GrpcClientProtocolClient.java:onNext(255)) - client-F4948A49CD3F->be6717d3-e2b4-4098-8560-d6596398ce3c: receive RaftClientReply:client-F4948A49CD3F->be6717d3-e2b4-4098-8560-d6596398ce3c@group-FBB19C0E0420, cid=45, FAILED org.apache.ratis.protocol.NotLeaderException: Server be6717d3-e2b4-4098-8560-d6596398ce3c is not the leader (c9f78a1f-7704-4a39-8b7a-67be0f070410:192.168.69.127:33553). Request must be sent to leader., logIndex=0, commits[be6717d3-e2b4-4098-8560-d6596398ce3c:c8, c9f78a1f-7704-4a39-8b7a-67be0f070410:c8, 65d7ba33-73cf-428f-8fa2-8b778f097bac:c8]
2019-08-31 05:59:43,902 [grpc-default-executor-4] INFO  client.GrpcClientProtocolClient (GrpcClientProtocolClient.java:onNext(255)) - client-F4948A49CD3F->65d7ba33-73cf-428f-8fa2-8b778f097bac: receive RaftClientReply:client-F4948A49CD3F->65d7ba33-73cf-428f-8fa2-8b778f097bac@group-FBB19C0E0420, cid=45, FAILED org.apache.ratis.protocol.NotLeaderException: Server 65d7ba33-73cf-428f-8fa2-8b778f097bac is not the leader (c9f78a1f-7704-4a39-8b7a-67be0f070410:192.168.69.127:33553). Request must be sent to leader., logIndex=0, commits[65d7ba33-73cf-428f-8fa2-8b778f097bac:c8, c9f78a1f-7704-4a39-8b7a-67be0f070410:c8, be6717d3-e2b4-4098-8560-d6596398ce3c:c8]
2019-08-31 05:59:49,162 [grpc-default-executor-4] INFO  client.GrpcClientProtocolClient (GrpcClientProtocolClient.java:onNext(255)) - client-F4948A49CD3F->65d7ba33-73cf-428f-8fa2-8b778f097bac: receive RaftClientReply:client-F4948A49CD3F->65d7ba33-73cf-428f-8fa2-8b778f097bac@group-FBB19C0E0420, cid=45, FAILED org.apache.ratis.protocol.NotLeaderException: Server 65d7ba33-73cf-428f-8fa2-8b778f097bac is not the leader (c9f78a1f-7704-4a39-8b7a-67be0f070410:192.168.69.127:33553). Request must be sent to leader., logIndex=0, commits[65d7ba33-73cf-428f-8fa2-8b778f097bac:c8, c9f78a1f-7704-4a39-8b7a-67be0f070410:c8, be6717d3-e2b4-4098-8560-d6596398ce3c:c8]
2019-08-31 05:59:54,286 [grpc-default-executor-4] INFO  client.GrpcClientProtocolClient (GrpcClientProtocolClient.java:onNext(255)) - client-F4948A49CD3F->65d7ba33-73cf-428f-8fa2-8b778f097bac: receive RaftClientReply:client-F4948A49CD3F->65d7ba33-73cf-428f-8fa2-8b778f097bac@group-FBB19C0E0420, cid=45, FAILED org.apache.ratis.protocol.NotLeaderException: Server 65d7ba33-73cf-428f-8fa2-8b778f097bac is not the leader (c9f78a1f-7704-4a39-8b7a-67be0f070410:192.168.69.127:33553). Request must be sent to leader., logIndex=0, commits[65d7ba33-73cf-428f-8fa2-8b778f097bac:c8, c9f78a1f-7704-4a39-8b7a-67be0f070410:c8, be6717d3-e2b4-4098-8560-d6596398ce3c:c8]
2019-08-31 05:59:59,354 [grpc-default-executor-4] INFO  client.GrpcClientProtocolClient (GrpcClientProtocolClient.java:onNext(255)) - client-F4948A49CD3F->65d7ba33-73cf-428f-8fa2-8b778f097bac: receive RaftClientReply:client-F4948A49CD3F->65d7ba33-73cf-428f-8fa2-8b778f097bac@group-FBB19C0E0420, cid=45, FAILED org.apache.ratis.protocol.NotLeaderException: Server 65d7ba33-73cf-428f-8fa2-8b778f097bac is not the leader (c9f78a1f-7704-4a39-8b7a-67be0f070410:192.168.69.127:33553). Request must be sent to leader., logIndex=0, commits[65d7ba33-73cf-428f-8fa2-8b778f097bac:c8, c9f78a1f-7704-4a39-8b7a-67be0f070410:c8, be6717d3-e2b4-4098-8560-d6596398ce3c:c8]
2019-08-31 06:00:04,422 [grpc-default-executor-2] INFO  client.GrpcClientProtocolClient (GrpcClientProtocolClient.java:onNext(255)) - client-F4948A49CD3F->65d7ba33-73cf-428f-8fa2-8b778f097bac: receive RaftClientReply:client-F4948A49CD3F->65d7ba33-73cf-428f-8fa2-8b778f097bac@group-FBB19C0E0420, cid=45, FAILED org.apache.ratis.protocol.NotLeaderException: Server 65d7ba33-73cf-428f-8fa2-8b778f097bac is not the leader (c9f78a1f-7704-4a39-8b7a-67be0f070410:192.168.69.127:33553). Request must be sent to leader., logIndex=0, commits[65d7ba33-73cf-428f-8fa2-8b778f097bac:c8, c9f78a1f-7704-4a39-8b7a-67be0f070410:c8, be6717d3-e2b4-4098-8560-d6596398ce3c:c8]
2019-08-31 06:00:09,463 [grpc-default-executor-4] INFO  client.GrpcClientProtocolClient (GrpcClientProtocolClient.java:onNext(255)) - client-F4948A49CD3F->65d7ba33-73cf-428f-8fa2-8b778f097bac: receive RaftClientReply:client-F4948A49CD3F->65d7ba33-73cf-428f-8fa2-8b778f097bac@group-FBB19C0E0420, cid=45, FAILED org.apache.ratis.protocol.NotLeaderException: Server 65d7ba33-73cf-428f-8fa2-8b778f097bac is not the leader (c9f78a1f-7704-4a39-8b7a-67be0f070410:192.168.69.127:33553). Request must be sent to leader., logIndex=0, commits[65d7ba33-73cf-428f-8fa2-8b778f097bac:c8, c9f78a1f-7704-4a39-8b7a-67be0f070410:c8, be6717d3-e2b4-4098-8560-d6596398ce3c:c8]
2019-08-31 06:00:14,505 [grpc-default-executor-4] INFO  client.GrpcClientProtocolClient (GrpcClientProtocolClient.java:onNext(255)) - client-F4948A49CD3F->be6717d3-e2b4-4098-8560-d6596398ce3c: receive RaftClientReply:client-F4948A49CD3F->be6717d3-e2b4-4098-8560-d6596398ce3c@group-FBB19C0E0420, cid=45, FAILED org.apache.ratis.protocol.NotLeaderException: Server be6717d3-e2b4-4098-8560-d6596398ce3c is not the leader (c9f78a1f-7704-4a39-8b7a-67be0f070410:192.168.69.127:33553). Request must be sent to leader., logIndex=0, commits[be6717d3-e2b4-4098-8560-d6596398ce3c:c8, c9f78a1f-7704-4a39-8b7a-67be0f070410:c8, 65d7ba33-73cf-428f-8fa2-8b778f097bac:c8]
2019-08-31 06:00:19,549 [grpc-default-executor-2] INFO  client.GrpcClientProtocolClient (GrpcClientProtocolClient.java:onNext(255)) - client-F4948A49CD3F->be6717d3-e2b4-4098-8560-d6596398ce3c: receive RaftClientReply:client-F4948A49CD3F->be6717d3-e2b4-4098-8560-d6596398ce3c@group-FBB19C0E0420, cid=45, FAILED org.apache.ratis.protocol.NotLeaderException: Server be6717d3-e2b4-4098-8560-d6596398ce3c is not the leader (c9f78a1f-7704-4a39-8b7a-67be0f070410:192.168.69.127:33553). Request must be sent to leader., logIndex=0, commits[be6717d3-e2b4-4098-8560-d6596398ce3c:c8, c9f78a1f-7704-4a39-8b7a-67be0f070410:c8, 65d7ba33-73cf-428f-8fa2-8b778f097bac:c8]
2019-08-31 06:00:24,613 [grpc-default-executor-4] INFO  client.GrpcClientProtocolClient (GrpcClientProtocolClient.java:onNext(255)) - client-F4948A49CD3F->be6717d3-e2b4-4098-8560-d6596398ce3c: receive RaftClientReply:client-F4948A49CD3F->be6717d3-e2b4-4098-8560-d6596398ce3c@group-FBB19C0E0420, cid=45, FAILED org.apache.ratis.protocol.NotLeaderException: Server be6717d3-e2b4-4098-8560-d6596398ce3c is not the leader (c9f78a1f-7704-4a39-8b7a-67be0f070410:192.168.69.127:33553). Request must be sent to leader., logIndex=0, commits[be6717d3-e2b4-4098-8560-d6596398ce3c:c8, c9f78a1f-7704-4a39-8b7a-67be0f070410:c8, 65d7ba33-73cf-428f-8fa2-8b778f097bac:c8]
2019-08-31 06:00:29,655 [grpc-default-executor-4] INFO  client.GrpcClientProtocolClient (GrpcClientProtocolClient.java:onNext(255)) - client-F4948A49CD3F->be6717d3-e2b4-4098-8560-d6596398ce3c: receive RaftClientReply:client-F4948A49CD3F->be6717d3-e2b4-4098-8560-d6596398ce3c@group-FBB19C0E0420, cid=45, FAILED org.apache.ratis.protocol.NotLeaderException: Server be6717d3-e2b4-4098-8560-d6596398ce3c is not the leader (c9f78a1f-7704-4a39-8b7a-67be0f070410:192.168.69.127:33553). Request must be sent to leader., logIndex=0, commits[be6717d3-e2b4-4098-8560-d6596398ce3c:c8, c9f78a1f-7704-4a39-8b7a-67be0f070410:c8, 65d7ba33-73cf-428f-8fa2-8b778f097bac:c8]
2019-08-31 06:00:34,695 [grpc-default-executor-2] INFO  client.GrpcClientProtocolClient (GrpcClientProtocolClient.java:onNext(255)) - client-F4948A49CD3F->65d7ba33-73cf-428f-8fa2-8b778f097bac: receive RaftClientReply:client-F4948A49CD3F->65d7ba33-73cf-428f-8fa2-8b778f097bac@group-FBB19C0E0420, cid=45, FAILED org.apache.ratis.protocol.NotLeaderException: Server 65d7ba33-73cf-428f-8fa2-8b778f097bac is not the leader (c9f78a1f-7704-4a39-8b7a-67be0f070410:192.168.69.127:33553). Request must be sent to leader., logIndex=0, commits[65d7ba33-73cf-428f-8fa2-8b778f097bac:c8, c9f78a1f-7704-4a39-8b7a-67be0f070410:c8, be6717d3-e2b4-4098-8560-d6596398ce3c:c8]
2019-08-31 06:00:39,726 [grpc-default-executor-2] INFO  client.GrpcClientProtocolClient (GrpcClientProtocolClient.java:onNext(255)) - client-F4948A49CD3F->65d7ba33-73cf-428f-8fa2-8b778f097bac: receive RaftClientReply:client-F4948A49CD3F->65d7ba33-73cf-428f-8fa2-8b778f097bac@group-FBB19C0E0420, cid=45, FAILED org.apache.ratis.protocol.NotLeaderException: Server 65d7ba33-73cf-428f-8fa2-8b778f097bac is not the leader (c9f78a1f-7704-4a39-8b7a-67be0f070410:192.168.69.127:33553). Request must be sent to leader., logIndex=0, commits[65d7ba33-73cf-428f-8fa2-8b778f097bac:c8, c9f78a1f-7704-4a39-8b7a-67be0f070410:c8, be6717d3-e2b4-4098-8560-d6596398ce3c:c8]
2019-08-31 06:00:44,764 [grpc-default-executor-2] INFO  client.GrpcClientProtocolClient (GrpcClientProtocolClient.java:onNext(255)) - client-F4948A49CD3F->be6717d3-e2b4-4098-8560-d6596398ce3c: receive RaftClientReply:client-F4948A49CD3F->be6717d3-e2b4-4098-8560-d6596398ce3c@group-FBB19C0E0420, cid=45, FAILED org.apache.ratis.protocol.NotLeaderException: Server be6717d3-e2b4-4098-8560-d6596398ce3c is not the leader (c9f78a1f-7704-4a39-8b7a-67be0f070410:192.168.69.127:33553). Request must be sent to leader., logIndex=0, commits[be6717d3-e2b4-4098-8560-d6596398ce3c:c8, c9f78a1f-7704-4a39-8b7a-67be0f070410:c8, 65d7ba33-73cf-428f-8fa2-8b778f097bac:c8]
2019-08-31 06:00:49,817 [grpc-default-executor-6] INFO  client.GrpcClientProtocolClient (GrpcClientProtocolClient.java:onNext(255)) - client-F4948A49CD3F->65d7ba33-73cf-428f-8fa2-8b778f097bac: receive RaftClientReply:client-F4948A49CD3F->65d7ba33-73cf-428f-8fa2-8b778f097bac@group-FBB19C0E0420, cid=45, FAILED org.apache.ratis.protocol.NotLeaderException: Server 65d7ba33-73cf-428f-8fa2-8b778f097bac is not the leader (c9f78a1f-7704-4a39-8b7a-67be0f070410:192.168.69.127:33553). Request must be sent to leader., logIndex=0, commits[65d7ba33-73cf-428f-8fa2-8b778f097bac:c8, c9f78a1f-7704-4a39-8b7a-67be0f070410:c8, be6717d3-e2b4-4098-8560-d6596398ce3c:c8]
2019-08-31 06:00:54,867 [grpc-default-executor-6] INFO  client.GrpcClientProtocolClient (GrpcClientProtocolClient.java:onNext(255)) - client-F4948A49CD3F->65d7ba33-73cf-428f-8fa2-8b778f097bac: receive RaftClientReply:client-F4948A49CD3F->65d7ba33-73cf-428f-8fa2-8b778f097bac@group-FBB19C0E0420, cid=45, FAILED org.apache.ratis.protocol.NotLeaderException: Server 65d7ba33-73cf-428f-8fa2-8b778f097bac is not the leader (c9f78a1f-7704-4a39-8b7a-67be0f070410:192.168.69.127:33553). Request must be sent to leader., logIndex=0, commits[65d7ba33-73cf-428f-8fa2-8b778f097bac:c8, c9f78a1f-7704-4a39-8b7a-67be0f070410:c8, be6717d3-e2b4-4098-8560-d6596398ce3c:c8]
2019-08-31 06:00:59,900 [grpc-default-executor-6] INFO  client.GrpcClientProtocolClient (GrpcClientProtocolClient.java:onNext(255)) - client-F4948A49CD3F->65d7ba33-73cf-428f-8fa2-8b778f097bac: receive RaftClientReply:client-F4948A49CD3F->65d7ba33-73cf-428f-8fa2-8b778f097bac@group-FBB19C0E0420, cid=45, FAILED org.apache.ratis.protocol.NotLeaderException: Server 65d7ba33-73cf-428f-8fa2-8b778f097bac is not the leader (c9f78a1f-7704-4a39-8b7a-67be0f070410:192.168.69.127:33553). Request must be sent to leader., logIndex=0, commits[65d7ba33-73cf-428f-8fa2-8b778f097bac:c8, c9f78a1f-7704-4a39-8b7a-67be0f070410:c8, be6717d3-e2b4-4098-8560-d6596398ce3c:c8]
2019-08-31 06:01:04,939 [grpc-default-executor-6] INFO  client.GrpcClientProtocolClient (GrpcClientProtocolClient.java:onNext(255)) - client-F4948A49CD3F->65d7ba33-73cf-428f-8fa2-8b778f097bac: receive RaftClientReply:client-F4948A49CD3F->65d7ba33-73cf-428f-8fa2-8b778f097bac@group-FBB19C0E0420, cid=45, FAILED org.apache.ratis.protocol.NotLeaderException: Server 65d7ba33-73cf-428f-8fa2-8b778f097bac is not the leader (c9f78a1f-7704-4a39-8b7a-67be0f070410:192.168.69.127:33553). Request must be sent to leader., logIndex=0, commits[65d7ba33-73cf-428f-8fa2-8b778f097bac:c8, c9f78a1f-7704-4a39-8b7a-67be0f070410:c8, be6717d3-e2b4-4098-8560-d6596398ce3c:c8]
2019-08-31 06:01:09,982 [grpc-default-executor-2] INFO  client.GrpcClientProtocolClient (GrpcClientProtocolClient.java:onNext(255)) - client-F4948A49CD3F->be6717d3-e2b4-4098-8560-d6596398ce3c: receive RaftClientReply:client-F4948A49CD3F->be6717d3-e2b4-4098-8560-d6596398ce3c@group-FBB19C0E0420, cid=45, FAILED org.apache.ratis.protocol.NotLeaderException: Server be6717d3-e2b4-4098-8560-d6596398ce3c is not the leader (c9f78a1f-7704-4a39-8b7a-67be0f070410:192.168.69.127:33553). Request must be sent to leader., logIndex=0, commits[be6717d3-e2b4-4098-8560-d6596398ce3c:c8, c9f78a1f-7704-4a39-8b7a-67be0f070410:c8, 65d7ba33-73cf-428f-8fa2-8b778f097bac:c8]
2019-08-31 06:01:15,040 [grpc-default-executor-2] INFO  client.GrpcClientProtocolClient (GrpcClientProtocolClient.java:onNext(255)) - client-F4948A49CD3F->be6717d3-e2b4-4098-8560-d6596398ce3c: receive RaftClientReply:client-F4948A49CD3F->be6717d3-e2b4-4098-8560-d6596398ce3c@group-FBB19C0E0420, cid=45, FAILED org.apache.ratis.protocol.NotLeaderException: Server be6717d3-e2b4-4098-8560-d6596398ce3c is not the leader (c9f78a1f-7704-4a39-8b7a-67be0f070410:192.168.69.127:33553). Request must be sent to leader., logIndex=0, commits[be6717d3-e2b4-4098-8560-d6596398ce3c:c8, c9f78a1f-7704-4a39-8b7a-67be0f070410:c8, 65d7ba33-73cf-428f-8fa2-8b778f097bac:c8]
2019-08-31 06:01:20,093 [grpc-default-executor-2] INFO  client.GrpcClientProtocolClient (GrpcClientProtocolClient.java:onNext(255)) - client-F4948A49CD3F->65d7ba33-73cf-428f-8fa2-8b778f097bac: receive RaftClientReply:client-F4948A49CD3F->65d7ba33-73cf-428f-8fa2-8b778f097bac@group-FBB19C0E0420, cid=45, FAILED org.apache.ratis.protocol.NotLeaderException: Server 65d7ba33-73cf-428f-8fa2-8b778f097bac is not the leader (c9f78a1f-7704-4a39-8b7a-67be0f070410:192.168.69.127:33553). Request must be sent to leader., logIndex=0, commits[65d7ba33-73cf-428f-8fa2-8b778f097bac:c8, c9f78a1f-7704-4a39-8b7a-67be0f070410:c8, be6717d3-e2b4-4098-8560-d6596398ce3c:c8]
2019-08-31 06:01:25,132 [grpc-default-executor-6] INFO  client.GrpcClientProtocolClient (GrpcClientProtocolClient.java:onNext(255)) - client-F4948A49CD3F->be6717d3-e2b4-4098-8560-d6596398ce3c: receive RaftClientReply:client-F4948A49CD3F->be6717d3-e2b4-4098-8560-d6596398ce3c@group-FBB19C0E0420, cid=45, FAILED org.apache.ratis.protocol.NotLeaderException: Server be6717d3-e2b4-4098-8560-d6596398ce3c is not the leader (c9f78a1f-7704-4a39-8b7a-67be0f070410:192.168.69.127:33553). Request must be sent to leader., logIndex=0, commits[be6717d3-e2b4-4098-8560-d6596398ce3c:c8, c9f78a1f-7704-4a39-8b7a-67be0f070410:c8, 65d7ba33-73cf-428f-8fa2-8b778f097bac:c8]
2019-08-31 06:01:30,176 [grpc-default-executor-6] INFO  client.GrpcClientProtocolClient (GrpcClientProtocolClient.java:onNext(255)) - client-F4948A49CD3F->be6717d3-e2b4-4098-8560-d6596398ce3c: receive RaftClientReply:client-F4948A49CD3F->be6717d3-e2b4-4098-8560-d6596398ce3c@group-FBB19C0E0420, cid=45, FAILED org.apache.ratis.protocol.NotLeaderException: Server be6717d3-e2b4-4098-8560-d6596398ce3c is not the leader (c9f78a1f-7704-4a39-8b7a-67be0f070410:192.168.69.127:33553). Request must be sent to leader., logIndex=0, commits[be6717d3-e2b4-4098-8560-d6596398ce3c:c8, c9f78a1f-7704-4a39-8b7a-67be0f070410:c8, 65d7ba33-73cf-428f-8fa2-8b778f097bac:c8]
2019-08-31 06:01:35,214 [grpc-default-executor-6] INFO  client.GrpcClientProtocolClient (GrpcClientProtocolClient.java:onNext(255)) - client-F4948A49CD3F->65d7ba33-73cf-428f-8fa2-8b778f097bac: receive RaftClientReply:client-F4948A49CD3F->65d7ba33-73cf-428f-8fa2-8b778f097bac@group-FBB19C0E0420, cid=45, FAILED org.apache.ratis.protocol.NotLeaderException: Server 65d7ba33-73cf-428f-8fa2-8b778f097bac is not the leader (c9f78a1f-7704-4a39-8b7a-67be0f070410:192.168.69.127:33553). Request must be sent to leader., logIndex=0, commits[65d7ba33-73cf-428f-8fa2-8b778f097bac:c8, c9f78a1f-7704-4a39-8b7a-67be0f070410:c8, be6717d3-e2b4-4098-8560-d6596398ce3c:c8]
2019-08-31 06:01:40,252 [grpc-default-executor-6] INFO  client.GrpcClientProtocolClient (GrpcClientProtocolClient.java:onNext(255)) - client-F4948A49CD3F->65d7ba33-73cf-428f-8fa2-8b778f097bac: receive RaftClientReply:client-F4948A49CD3F->65d7ba33-73cf-428f-8fa2-8b778f097bac@group-FBB19C0E0420, cid=45, FAILED org.apache.ratis.protocol.NotLeaderException: Server 65d7ba33-73cf-428f-8fa2-8b778f097bac is not the leader (c9f78a1f-7704-4a39-8b7a-67be0f070410:192.168.69.127:33553). Request must be sent to leader., logIndex=0, commits[65d7ba33-73cf-428f-8fa2-8b778f097bac:c8, c9f78a1f-7704-4a39-8b7a-67be0f070410:c8, be6717d3-e2b4-4098-8560-d6596398ce3c:c8]
2019-08-31 06:01:45,288 [grpc-default-executor-6] INFO  client.GrpcClientProtocolClient (GrpcClientProtocolClient.java:onNext(255)) - client-F4948A49CD3F->be6717d3-e2b4-4098-8560-d6596398ce3c: receive RaftClientReply:client-F4948A49CD3F->be6717d3-e2b4-4098-8560-d6596398ce3c@group-FBB19C0E0420, cid=45, FAILED org.apache.ratis.protocol.NotLeaderException: Server be6717d3-e2b4-4098-8560-d6596398ce3c is not the leader (c9f78a1f-7704-4a39-8b7a-67be0f070410:192.168.69.127:33553). Request must be sent to leader., logIndex=0, commits[be6717d3-e2b4-4098-8560-d6596398ce3c:c8, c9f78a1f-7704-4a39-8b7a-67be0f070410:c8, 65d7ba33-73cf-428f-8fa2-8b778f097bac:c8]
2019-08-31 06:01:50,329 [grpc-default-executor-2] INFO  client.GrpcClientProtocolClient (GrpcClientProtocolClient.java:onNext(255)) - client-F4948A49CD3F->be6717d3-e2b4-4098-8560-d6596398ce3c: receive RaftClientReply:client-F4948A49CD3F->be6717d3-e2b4-4098-8560-d6596398ce3c@group-FBB19C0E0420, cid=45, FAILED org.apache.ratis.protocol.NotLeaderException: Server be6717d3-e2b4-4098-8560-d6596398ce3c is not the leader (c9f78a1f-7704-4a39-8b7a-67be0f070410:192.168.69.127:33553). Request must be sent to leader., logIndex=0, commits[be6717d3-e2b4-4098-8560-d6596398ce3c:c8, c9f78a1f-7704-4a39-8b7a-67be0f070410:c8, 65d7ba33-73cf-428f-8fa2-8b778f097bac:c8]
2019-08-31 06:01:55,369 [grpc-default-executor-2] INFO  client.GrpcClientProtocolClient (GrpcClientProtocolClient.java:onNext(255)) - client-F4948A49CD3F->65d7ba33-73cf-428f-8fa2-8b778f097bac: receive RaftClientReply:client-F4948A49CD3F->65d7ba33-73cf-428f-8fa2-8b778f097bac@group-FBB19C0E0420, cid=45, FAILED org.apache.ratis.protocol.NotLeaderException: Server 65d7ba33-73cf-428f-8fa2-8b778f097bac is not the leader (c9f78a1f-7704-4a39-8b7a-67be0f070410:192.168.69.127:33553). Request must be sent to leader., logIndex=0, commits[65d7ba33-73cf-428f-8fa2-8b778f097bac:c8, c9f78a1f-7704-4a39-8b7a-67be0f070410:c8, be6717d3-e2b4-4098-8560-d6596398ce3c:c8]
2019-08-31 06:02:00,433 [grpc-default-executor-6] INFO  client.GrpcClientProtocolClient (GrpcClientProtocolClient.java:onNext(255)) - client-F4948A49CD3F->be6717d3-e2b4-4098-8560-d6596398ce3c: receive RaftClientReply:client-F4948A49CD3F->be6717d3-e2b4-4098-8560-d6596398ce3c@group-FBB19C0E0420, cid=45, FAILED org.apache.ratis.protocol.NotLeaderException: Server be6717d3-e2b4-4098-8560-d6596398ce3c is not the leader (c9f78a1f-7704-4a39-8b7a-67be0f070410:192.168.69.127:33553). Request must be sent to leader., logIndex=0, commits[be6717d3-e2b4-4098-8560-d6596398ce3c:c8, c9f78a1f-7704-4a39-8b7a-67be0f070410:c8, 65d7ba33-73cf-428f-8fa2-8b778f097bac:c8]
2019-08-31 06:02:05,472 [grpc-default-executor-6] INFO  client.GrpcClientProtocolClient (GrpcClientProtocolClient.java:onNext(255)) - client-F4948A49CD3F->65d7ba33-73cf-428f-8fa2-8b778f097bac: receive RaftClientReply:client-F4948A49CD3F->65d7ba33-73cf-428f-8fa2-8b778f097bac@group-FBB19C0E0420, cid=45, FAILED org.apache.ratis.protocol.NotLeaderException: Server 65d7ba33-73cf-428f-8fa2-8b778f097bac is not the leader (c9f78a1f-7704-4a39-8b7a-67be0f070410:192.168.69.127:33553). Request must be sent to leader., logIndex=0, commits[65d7ba33-73cf-428f-8fa2-8b778f097bac:c8, c9f78a1f-7704-4a39-8b7a-67be0f070410:c8, be6717d3-e2b4-4098-8560-d6596398ce3c:c8]
2019-08-31 06:02:10,510 [grpc-default-executor-2] INFO  client.GrpcClientProtocolClient (GrpcClientProtocolClient.java:onNext(255)) - client-F4948A49CD3F->be6717d3-e2b4-4098-8560-d6596398ce3c: receive RaftClientReply:client-F4948A49CD3F->be6717d3-e2b4-4098-8560-d6596398ce3c@group-FBB19C0E0420, cid=45, FAILED org.apache.ratis.protocol.NotLeaderException: Server be6717d3-e2b4-4098-8560-d6596398ce3c is not the leader (c9f78a1f-7704-4a39-8b7a-67be0f070410:192.168.69.127:33553). Request must be sent to leader., logIndex=0, commits[be6717d3-e2b4-4098-8560-d6596398ce3c:c8, c9f78a1f-7704-4a39-8b7a-67be0f070410:c8, 65d7ba33-73cf-428f-8fa2-8b778f097bac:c8]
2019-08-31 06:02:15,555 [grpc-default-executor-2] INFO  client.GrpcClientProtocolClient (GrpcClientProtocolClient.java:onNext(255)) - client-F4948A49CD3F->be6717d3-e2b4-4098-8560-d6596398ce3c: receive RaftClientReply:client-F4948A49CD3F->be6717d3-e2b4-4098-8560-d6596398ce3c@group-FBB19C0E0420, cid=45, FAILED org.apache.ratis.protocol.NotLeaderException: Server be6717d3-e2b4-4098-8560-d6596398ce3c is not the leader (c9f78a1f-7704-4a39-8b7a-67be0f070410:192.168.69.127:33553). Request must be sent to leader., logIndex=0, commits[be6717d3-e2b4-4098-8560-d6596398ce3c:c8, c9f78a1f-7704-4a39-8b7a-67be0f070410:c8, 65d7ba33-73cf-428f-8fa2-8b778f097bac:c8]
2019-08-31 06:02:20,590 [grpc-default-executor-6] INFO  client.GrpcClientProtocolClient (GrpcClientProtocolClient.java:onNext(255)) - client-F4948A49CD3F->65d7ba33-73cf-428f-8fa2-8b778f097bac: receive RaftClientReply:client-F4948A49CD3F->65d7ba33-73cf-428f-8fa2-8b778f097bac@group-FBB19C0E0420, cid=45, FAILED org.apache.ratis.protocol.NotLeaderException: Server 65d7ba33-73cf-428f-8fa2-8b778f097bac is not the leader (c9f78a1f-7704-4a39-8b7a-67be0f070410:192.168.69.127:33553). Request must be sent to leader., logIndex=0, commits[65d7ba33-73cf-428f-8fa2-8b778f097bac:c8, c9f78a1f-7704-4a39-8b7a-67be0f070410:c8, be6717d3-e2b4-4098-8560-d6596398ce3c:c8]
2019-08-31 06:02:25,652 [grpc-default-executor-6] INFO  client.GrpcClientProtocolClient (GrpcClientProtocolClient.java:onNext(255)) - client-F4948A49CD3F->be6717d3-e2b4-4098-8560-d6596398ce3c: receive RaftClientReply:client-F4948A49CD3F->be6717d3-e2b4-4098-8560-d6596398ce3c@group-FBB19C0E0420, cid=45, FAILED org.apache.ratis.protocol.NotLeaderException: Server be6717d3-e2b4-4098-8560-d6596398ce3c is not the leader (c9f78a1f-7704-4a39-8b7a-67be0f070410:192.168.69.127:33553). Request must be sent to leader., logIndex=0, commits[be6717d3-e2b4-4098-8560-d6596398ce3c:c8, c9f78a1f-7704-4a39-8b7a-67be0f070410:c8, 65d7ba33-73cf-428f-8fa2-8b778f097bac:c8]
2019-08-31 06:02:30,704 [grpc-default-executor-6] INFO  client.GrpcClientProtocolClient (GrpcClientProtocolClient.java:onNext(255)) - client-F4948A49CD3F->be6717d3-e2b4-4098-8560-d6596398ce3c: receive RaftClientReply:client-F4948A49CD3F->be6717d3-e2b4-4098-8560-d6596398ce3c@group-FBB19C0E0420, cid=45, FAILED org.apache.ratis.protocol.NotLeaderException: Server be6717d3-e2b4-4098-8560-d6596398ce3c is not the leader (c9f78a1f-7704-4a39-8b7a-67be0f070410:192.168.69.127:33553). Request must be sent to leader., logIndex=0, commits[be6717d3-e2b4-4098-8560-d6596398ce3c:c8, c9f78a1f-7704-4a39-8b7a-67be0f070410:c8, 65d7ba33-73cf-428f-8fa2-8b778f097bac:c8]
2019-08-31 06:02:35,745 [grpc-default-executor-6] INFO  client.GrpcClientProtocolClient (GrpcClientProtocolClient.java:onNext(255)) - client-F4948A49CD3F->65d7ba33-73cf-428f-8fa2-8b778f097bac: receive RaftClientReply:client-F4948A49CD3F->65d7ba33-73cf-428f-8fa2-8b778f097bac@group-FBB19C0E0420, cid=45, FAILED org.apache.ratis.protocol.NotLeaderException: Server 65d7ba33-73cf-428f-8fa2-8b778f097bac is not the leader (c9f78a1f-7704-4a39-8b7a-67be0f070410:192.168.69.127:33553). Request must be sent to leader., logIndex=0, commits[65d7ba33-73cf-428f-8fa2-8b778f097bac:c8, c9f78a1f-7704-4a39-8b7a-67be0f070410:c8, be6717d3-e2b4-4098-8560-d6596398ce3c:c8]
2019-08-31 06:02:40,787 [grpc-default-executor-2] INFO  client.GrpcClientProtocolClient (GrpcClientProtocolClient.java:onNext(255)) - client-F4948A49CD3F->be6717d3-e2b4-4098-8560-d6596398ce3c: receive RaftClientReply:client-F4948A49CD3F->be6717d3-e2b4-4098-8560-d6596398ce3c@group-FBB19C0E0420, cid=45, FAILED org.apache.ratis.protocol.NotLeaderException: Server be6717d3-e2b4-4098-8560-d6596398ce3c is not the leader (c9f78a1f-7704-4a39-8b7a-67be0f070410:192.168.69.127:33553). Request must be sent to leader., logIndex=0, commits[be6717d3-e2b4-4098-8560-d6596398ce3c:c8, c9f78a1f-7704-4a39-8b7a-67be0f070410:c8, 65d7ba33-73cf-428f-8fa2-8b778f097bac:c8]
2019-08-31 06:02:45,825 [grpc-default-executor-6] INFO  client.GrpcClientProtocolClient (GrpcClientProtocolClient.java:onNext(255)) - client-F4948A49CD3F->be6717d3-e2b4-4098-8560-d6596398ce3c: receive RaftClientReply:client-F4948A49CD3F->be6717d3-e2b4-4098-8560-d6596398ce3c@group-FBB19C0E0420, cid=45, FAILED org.apache.ratis.protocol.NotLeaderException: Server be6717d3-e2b4-4098-8560-d6596398ce3c is not the leader (c9f78a1f-7704-4a39-8b7a-67be0f070410:192.168.69.127:33553). Request must be sent to leader., logIndex=0, commits[be6717d3-e2b4-4098-8560-d6596398ce3c:c8, c9f78a1f-7704-4a39-8b7a-67be0f070410:c8, 65d7ba33-73cf-428f-8fa2-8b778f097bac:c8]
2019-08-31 06:02:50,868 [grpc-default-executor-6] INFO  client.GrpcClientProtocolClient (GrpcClientProtocolClient.java:onNext(255)) - client-F4948A49CD3F->65d7ba33-73cf-428f-8fa2-8b778f097bac: receive RaftClientReply:client-F4948A49CD3F->65d7ba33-73cf-428f-8fa2-8b778f097bac@group-FBB19C0E0420, cid=45, FAILED org.apache.ratis.protocol.NotLeaderException: Server 65d7ba33-73cf-428f-8fa2-8b778f097bac is not the leader (c9f78a1f-7704-4a39-8b7a-67be0f070410:192.168.69.127:33553). Request must be sent to leader., logIndex=0, commits[65d7ba33-73cf-428f-8fa2-8b778f097bac:c8, c9f78a1f-7704-4a39-8b7a-67be0f070410:c8, be6717d3-e2b4-4098-8560-d6596398ce3c:c8]
2019-08-31 06:02:55,925 [grpc-default-executor-7] INFO  client.GrpcClientProtocolClient (GrpcClientProtocolClient.java:onNext(255)) - client-F4948A49CD3F->be6717d3-e2b4-4098-8560-d6596398ce3c: receive RaftClientReply:client-F4948A49CD3F->be6717d3-e2b4-4098-8560-d6596398ce3c@group-FBB19C0E0420, cid=45, FAILED org.apache.ratis.protocol.NotLeaderException: Server be6717d3-e2b4-4098-8560-d6596398ce3c is not the leader (c9f78a1f-7704-4a39-8b7a-67be0f070410:192.168.69.127:33553). Request must be sent to leader., logIndex=0, commits[be6717d3-e2b4-4098-8560-d6596398ce3c:c8, c9f78a1f-7704-4a39-8b7a-67be0f070410:c8, 65d7ba33-73cf-428f-8fa2-8b778f097bac:c8]
2019-08-31 06:03:00,965 [grpc-default-executor-6] INFO  client.GrpcClientProtocolClient (GrpcClientProtocolClient.java:onNext(255)) - client-F4948A49CD3F->be6717d3-e2b4-4098-8560-d6596398ce3c: receive RaftClientReply:client-F4948A49CD3F->be6717d3-e2b4-4098-8560-d6596398ce3c@group-FBB19C0E0420, cid=45, FAILED org.apache.ratis.protocol.NotLeaderException: Server be6717d3-e2b4-4098-8560-d6596398ce3c is not the leader (c9f78a1f-7704-4a39-8b7a-67be0f070410:192.168.69.127:33553). Request must be sent to leader., logIndex=0, commits[be6717d3-e2b4-4098-8560-d6596398ce3c:c8, c9f78a1f-7704-4a39-8b7a-67be0f070410:c8, 65d7ba33-73cf-428f-8fa2-8b778f097bac:c8]
2019-08-31 06:03:06,009 [grpc-default-executor-6] INFO  client.GrpcClientProtocolClient (GrpcClientProtocolClient.java:onNext(255)) - client-F4948A49CD3F->65d7ba33-73cf-428f-8fa2-8b778f097bac: receive RaftClientReply:client-F4948A49CD3F->65d7ba33-73cf-428f-8fa2-8b778f097bac@group-FBB19C0E0420, cid=45, FAILED org.apache.ratis.protocol.NotLeaderException: Server 65d7ba33-73cf-428f-8fa2-8b778f097bac is not the leader (c9f78a1f-7704-4a39-8b7a-67be0f070410:192.168.69.127:33553). Request must be sent to leader., logIndex=0, commits[65d7ba33-73cf-428f-8fa2-8b778f097bac:c8, c9f78a1f-7704-4a39-8b7a-67be0f070410:c8, be6717d3-e2b4-4098-8560-d6596398ce3c:c8]
2019-08-31 06:03:11,047 [grpc-default-executor-7] INFO  client.GrpcClientProtocolClient (GrpcClientProtocolClient.java:onNext(255)) - client-F4948A49CD3F->65d7ba33-73cf-428f-8fa2-8b778f097bac: receive RaftClientReply:client-F4948A49CD3F->65d7ba33-73cf-428f-8fa2-8b778f097bac@group-FBB19C0E0420, cid=45, FAILED org.apache.ratis.protocol.NotLeaderException: Server 65d7ba33-73cf-428f-8fa2-8b778f097bac is not the leader (c9f78a1f-7704-4a39-8b7a-67be0f070410:192.168.69.127:33553). Request must be sent to leader., logIndex=0, commits[65d7ba33-73cf-428f-8fa2-8b778f097bac:c8, c9f78a1f-7704-4a39-8b7a-67be0f070410:c8, be6717d3-e2b4-4098-8560-d6596398ce3c:c8]
2019-08-31 06:03:16,106 [grpc-default-executor-7] INFO  client.GrpcClientProtocolClient (GrpcClientProtocolClient.java:onNext(255)) - client-F4948A49CD3F->65d7ba33-73cf-428f-8fa2-8b778f097bac: receive RaftClientReply:client-F4948A49CD3F->65d7ba33-73cf-428f-8fa2-8b778f097bac@group-FBB19C0E0420, cid=45, FAILED org.apache.ratis.protocol.NotLeaderException: Server 65d7ba33-73cf-428f-8fa2-8b778f097bac is not the leader (c9f78a1f-7704-4a39-8b7a-67be0f070410:192.168.69.127:33553). Request must be sent to leader., logIndex=0, commits[65d7ba33-73cf-428f-8fa2-8b778f097bac:c8, c9f78a1f-7704-4a39-8b7a-67be0f070410:c8, be6717d3-e2b4-4098-8560-d6596398ce3c:c8]
2019-08-31 06:03:21,162 [grpc-default-executor-6] INFO  client.GrpcClientProtocolClient (GrpcClientProtocolClient.java:onNext(255)) - client-F4948A49CD3F->be6717d3-e2b4-4098-8560-d6596398ce3c: receive RaftClientReply:client-F4948A49CD3F->be6717d3-e2b4-4098-8560-d6596398ce3c@group-FBB19C0E0420, cid=45, FAILED org.apache.ratis.protocol.NotLeaderException: Server be6717d3-e2b4-4098-8560-d6596398ce3c is not the leader (c9f78a1f-7704-4a39-8b7a-67be0f070410:192.168.69.127:33553). Request must be sent to leader., logIndex=0, commits[be6717d3-e2b4-4098-8560-d6596398ce3c:c8, c9f78a1f-7704-4a39-8b7a-67be0f070410:c8, 65d7ba33-73cf-428f-8fa2-8b778f097bac:c8]
2019-08-31 06:03:26,200 [grpc-default-executor-6] INFO  client.GrpcClientProtocolClient (GrpcClientProtocolClient.java:onNext(255)) - client-F4948A49CD3F->65d7ba33-73cf-428f-8fa2-8b778f097bac: receive RaftClientReply:client-F4948A49CD3F->65d7ba33-73cf-428f-8fa2-8b778f097bac@group-FBB19C0E0420, cid=45, FAILED org.apache.ratis.protocol.NotLeaderException: Server 65d7ba33-73cf-428f-8fa2-8b778f097bac is not the leader (c9f78a1f-7704-4a39-8b7a-67be0f070410:192.168.69.127:33553). Request must be sent to leader., logIndex=0, commits[65d7ba33-73cf-428f-8fa2-8b778f097bac:c8, c9f78a1f-7704-4a39-8b7a-67be0f070410:c8, be6717d3-e2b4-4098-8560-d6596398ce3c:c8]
2019-08-31 06:03:31,257 [grpc-default-executor-6] INFO  client.GrpcClientProtocolClient (GrpcClientProtocolClient.java:onNext(255)) - client-F4948A49CD3F->be6717d3-e2b4-4098-8560-d6596398ce3c: receive RaftClientReply:client-F4948A49CD3F->be6717d3-e2b4-4098-8560-d6596398ce3c@group-FBB19C0E0420, cid=45, FAILED org.apache.ratis.protocol.NotLeaderException: Server be6717d3-e2b4-4098-8560-d6596398ce3c is not the leader (c9f78a1f-7704-4a39-8b7a-67be0f070410:192.168.69.127:33553). Request must be sent to leader., logIndex=0, commits[be6717d3-e2b4-4098-8560-d6596398ce3c:c8, c9f78a1f-7704-4a39-8b7a-67be0f070410:c8, 65d7ba33-73cf-428f-8fa2-8b778f097bac:c8]
2019-08-31 06:03:36,295 [grpc-default-executor-7] INFO  client.GrpcClientProtocolClient (GrpcClientProtocolClient.java:onNext(255)) - client-F4948A49CD3F->be6717d3-e2b4-4098-8560-d6596398ce3c: receive RaftClientReply:client-F4948A49CD3F->be6717d3-e2b4-4098-8560-d6596398ce3c@group-FBB19C0E0420, cid=45, FAILED org.apache.ratis.protocol.NotLeaderException: Server be6717d3-e2b4-4098-8560-d6596398ce3c is not the leader (c9f78a1f-7704-4a39-8b7a-67be0f070410:192.168.69.127:33553). Request must be sent to leader., logIndex=0, commits[be6717d3-e2b4-4098-8560-d6596398ce3c:c8, c9f78a1f-7704-4a39-8b7a-67be0f070410:c8, 65d7ba33-73cf-428f-8fa2-8b778f097bac:c8]
2019-08-31 06:03:39,143 [ReplicationMonitor] INFO  container.ReplicationManager (ReplicationManager.java:run(225)) - Replication Monitor Thread took 0 milliseconds for processing 3 containers.
2019-08-31 06:03:41,346 [grpc-default-executor-7] INFO  client.GrpcClientProtocolClient (GrpcClientProtocolClient.java:onNext(255)) - client-F4948A49CD3F->65d7ba33-73cf-428f-8fa2-8b778f097bac: receive RaftClientReply:client-F4948A49CD3F->65d7ba33-73cf-428f-8fa2-8b778f097bac@group-FBB19C0E0420, cid=45, FAILED org.apache.ratis.protocol.NotLeaderException: Server 65d7ba33-73cf-428f-8fa2-8b778f097bac is not the leader (c9f78a1f-7704-4a39-8b7a-67be0f070410:192.168.69.127:33553). Request must be sent to leader., logIndex=0, commits[65d7ba33-73cf-428f-8fa2-8b778f097bac:c8, c9f78a1f-7704-4a39-8b7a-67be0f070410:c8, be6717d3-e2b4-4098-8560-d6596398ce3c:c8]
2019-08-31 06:03:46,394 [grpc-default-executor-6] INFO  client.GrpcClientProtocolClient (GrpcClientProtocolClient.java:onNext(255)) - client-F4948A49CD3F->65d7ba33-73cf-428f-8fa2-8b778f097bac: receive RaftClientReply:client-F4948A49CD3F->65d7ba33-73cf-428f-8fa2-8b778f097bac@group-FBB19C0E0420, cid=45, FAILED org.apache.ratis.protocol.NotLeaderException: Server 65d7ba33-73cf-428f-8fa2-8b778f097bac is not the leader (c9f78a1f-7704-4a39-8b7a-67be0f070410:192.168.69.127:33553). Request must be sent to leader., logIndex=0, commits[65d7ba33-73cf-428f-8fa2-8b778f097bac:c8, c9f78a1f-7704-4a39-8b7a-67be0f070410:c8, be6717d3-e2b4-4098-8560-d6596398ce3c:c8]
2019-08-31 06:03:46,405 [main] INFO  ozone.MiniOzoneClusterImpl (MiniOzoneClusterImpl.java:shutdown(307)) - Shutting down the Mini Ozone Cluster
2019-08-31 06:03:46,405 [main] INFO  ozone.MiniOzoneClusterImpl (MiniOzoneClusterImpl.java:stop(322)) - Stopping the Mini Ozone Cluster
2019-08-31 06:03:46,405 [main] INFO  ozone.MiniOzoneClusterImpl (MiniOzoneClusterImpl.java:stop(324)) - Stopping the OzoneManager
2019-08-31 06:03:46,406 [main] INFO  ipc.Server (Server.java:stop(3082)) - Stopping server on 43023
2019-08-31 06:03:46,419 [IPC Server listener on 43023] INFO  ipc.Server (Server.java:run(1185)) - Stopping IPC Server listener on 43023
2019-08-31 06:03:46,422 [IPC Server Responder] INFO  ipc.Server (Server.java:run(1319)) - Stopping IPC Server Responder
2019-08-31 06:03:46,422 [main] INFO  ratis.OzoneManagerDoubleBuffer (OzoneManagerDoubleBuffer.java:stop(248)) - Stopping OMDoubleBuffer flush thread
2019-08-31 06:03:46,448 [OMDoubleBufferFlushThread] INFO  ratis.OzoneManagerDoubleBuffer (OzoneManagerDoubleBuffer.java:flushTransactions(191)) - OMDoubleBuffer flush thread OMDoubleBufferFlushThread is interrupted and will exit. OMDoubleBufferFlushThread
2019-08-31 06:03:46,449 [main] INFO  utils.BackgroundService (BackgroundService.java:shutdown(148)) - Shutting down service KeyDeletingService
2019-08-31 06:03:46,451 [main] INFO  handler.ContextHandler (ContextHandler.java:doStop(910)) - Stopped o.e.j.w.WebAppContext@6198e9b5{/,null,UNAVAILABLE}{/ozoneManager}
2019-08-31 06:03:46,452 [main] INFO  server.AbstractConnector (AbstractConnector.java:doStop(318)) - Stopped ServerConnector@6d099323{HTTP/1.1,[http/1.1]}{0.0.0.0:0}
2019-08-31 06:03:46,453 [main] INFO  handler.ContextHandler (ContextHandler.java:doStop(910)) - Stopped o.e.j.s.ServletContextHandler@688a2c09{/static,file:///workdir/hadoop-ozone/integration-test/target/test-classes/webapps/static,UNAVAILABLE}
2019-08-31 06:03:46,454 [main] INFO  handler.ContextHandler (ContextHandler.java:doStop(910)) - Stopped o.e.j.s.ServletContextHandler@6f1b8544{/logs,file:///workdir/hadoop-ozone/integration-test/target/log,UNAVAILABLE}
2019-08-31 06:03:46,458 [main] INFO  ozone.MiniOzoneClusterImpl (MiniOzoneClusterImpl.java:stop(330)) - Shutting the HddsDatanodes
2019-08-31 06:03:47,390 [Datanode State Machine Thread - 0] INFO  statemachine.DatanodeStateMachine (DatanodeStateMachine.java:lambda$startDaemon$0(350)) - Ozone container server started.
2019-08-31 06:03:47,393 [Datanode State Machine Thread - 0] INFO  statemachine.DatanodeStateMachine (DatanodeStateMachine.java:lambda$startDaemon$0(350)) - Ozone container server started.
2019-08-31 06:03:51,459 [ForkJoinPool.commonPool-worker-1] INFO  ozoneimpl.OzoneContainer (OzoneContainer.java:stop(215)) - Attempting to stop container services.
2019-08-31 06:03:51,460 [main] INFO  ozoneimpl.OzoneContainer (OzoneContainer.java:stop(215)) - Attempting to stop container services.
2019-08-31 06:03:51,460 [ForkJoinPool.commonPool-worker-1] INFO  impl.RaftServerProxy (RaftServerProxy.java:lambda$close$4(314)) - c9f78a1f-7704-4a39-8b7a-67be0f070410: close
2019-08-31 06:03:51,461 [main] INFO  impl.RaftServerProxy (RaftServerProxy.java:lambda$close$4(314)) - be6717d3-e2b4-4098-8560-d6596398ce3c: close
2019-08-31 06:03:51,461 [ForkJoinPool.commonPool-worker-1] INFO  impl.RaftServerImpl (RaftServerImpl.java:lambda$shutdown$3(245)) - c9f78a1f-7704-4a39-8b7a-67be0f070410: shutdown group-D7B9A8C926B2
2019-08-31 06:03:51,461 [main] INFO  impl.RaftServerImpl (RaftServerImpl.java:lambda$shutdown$3(245)) - be6717d3-e2b4-4098-8560-d6596398ce3c: shutdown group-706DEF0025B9
2019-08-31 06:03:51,462 [ForkJoinPool.commonPool-worker-1] INFO  util.JmxRegister (JmxRegister.java:unregister(73)) - Successfully un-registered JMX Bean with object name Ratis:service=RaftServer,group=group-D7B9A8C926B2,id=c9f78a1f-7704-4a39-8b7a-67be0f070410
2019-08-31 06:03:51,462 [main] INFO  util.JmxRegister (JmxRegister.java:unregister(73)) - Successfully un-registered JMX Bean with object name Ratis:service=RaftServer,group=group-706DEF0025B9,id=be6717d3-e2b4-4098-8560-d6596398ce3c
2019-08-31 06:03:51,463 [ForkJoinPool.commonPool-worker-1] INFO  impl.RoleInfo (RoleInfo.java:shutdownLeaderState(104)) - c9f78a1f-7704-4a39-8b7a-67be0f070410: shutdown LeaderState
2019-08-31 06:03:51,463 [main] INFO  impl.RoleInfo (RoleInfo.java:shutdownLeaderState(104)) - be6717d3-e2b4-4098-8560-d6596398ce3c: shutdown LeaderState
2019-08-31 06:03:51,463 [ForkJoinPool.commonPool-worker-1] INFO  impl.PendingRequests (PendingRequests.java:sendNotLeaderResponses(202)) - c9f78a1f-7704-4a39-8b7a-67be0f070410-PendingRequests: sendNotLeaderResponses
2019-08-31 06:03:51,464 [main] INFO  impl.PendingRequests (PendingRequests.java:sendNotLeaderResponses(202)) - be6717d3-e2b4-4098-8560-d6596398ce3c-PendingRequests: sendNotLeaderResponses
2019-08-31 06:03:51,465 [ForkJoinPool.commonPool-worker-1] INFO  impl.StateMachineUpdater (StateMachineUpdater.java:stopAndJoin(115)) - StateMachineUpdater:c9f78a1f-7704-4a39-8b7a-67be0f070410:group-D7B9A8C926B2: set stopIndex = 0
2019-08-31 06:03:51,465 [main] INFO  impl.StateMachineUpdater (StateMachineUpdater.java:stopAndJoin(115)) - StateMachineUpdater:be6717d3-e2b4-4098-8560-d6596398ce3c:group-706DEF0025B9: set stopIndex = 0
2019-08-31 06:03:51,465 [ForkJoinPool.commonPool-worker-1] INFO  impl.RaftServerImpl (ServerState.java:close(394)) - c9f78a1f-7704-4a39-8b7a-67be0f070410:group-D7B9A8C926B2 closes. The last applied log index is 0
2019-08-31 06:03:51,466 [main] INFO  impl.RaftServerImpl (ServerState.java:close(394)) - be6717d3-e2b4-4098-8560-d6596398ce3c:group-706DEF0025B9 closes. The last applied log index is 0
2019-08-31 06:03:51,466 [c9f78a1f-7704-4a39-8b7a-67be0f070410-SegmentedRaftLogWorker:Storage Directory /workdir/hadoop-ozone/integration-test/target/test-dir/MiniOzoneClusterImpl-08f3fe21-1a76-4db7-ba59-51f14a367526/datanode-1/data/ratis/4fbd616a-0515-4ff2-b182-d7b9a8c926b2] INFO  segmented.SegmentedRaftLogWorker (SegmentedRaftLogWorker.java:run(313)) - c9f78a1f-7704-4a39-8b7a-67be0f070410-SegmentedRaftLogWorker:Storage Directory /workdir/hadoop-ozone/integration-test/target/test-dir/MiniOzoneClusterImpl-08f3fe21-1a76-4db7-ba59-51f14a367526/datanode-1/data/ratis/4fbd616a-0515-4ff2-b182-d7b9a8c926b2 was interrupted, exiting. There are 0 tasks remaining in the queue.
2019-08-31 06:03:51,466 [be6717d3-e2b4-4098-8560-d6596398ce3c-SegmentedRaftLogWorker:Storage Directory /workdir/hadoop-ozone/integration-test/target/test-dir/MiniOzoneClusterImpl-08f3fe21-1a76-4db7-ba59-51f14a367526/datanode-4/data/ratis/8413854a-f47d-43e1-ae6d-706def0025b9] INFO  segmented.SegmentedRaftLogWorker (SegmentedRaftLogWorker.java:run(313)) - be6717d3-e2b4-4098-8560-d6596398ce3c-SegmentedRaftLogWorker:Storage Directory /workdir/hadoop-ozone/integration-test/target/test-dir/MiniOzoneClusterImpl-08f3fe21-1a76-4db7-ba59-51f14a367526/datanode-4/data/ratis/8413854a-f47d-43e1-ae6d-706def0025b9 was interrupted, exiting. There are 0 tasks remaining in the queue.
2019-08-31 06:03:51,470 [ForkJoinPool.commonPool-worker-1] INFO  segmented.SegmentedRaftLogWorker (SegmentedRaftLogWorker.java:close(228)) - c9f78a1f-7704-4a39-8b7a-67be0f070410-SegmentedRaftLogWorker:Storage Directory /workdir/hadoop-ozone/integration-test/target/test-dir/MiniOzoneClusterImpl-08f3fe21-1a76-4db7-ba59-51f14a367526/datanode-1/data/ratis/4fbd616a-0515-4ff2-b182-d7b9a8c926b2 close()
2019-08-31 06:03:51,472 [main] INFO  segmented.SegmentedRaftLogWorker (SegmentedRaftLogWorker.java:close(228)) - be6717d3-e2b4-4098-8560-d6596398ce3c-SegmentedRaftLogWorker:Storage Directory /workdir/hadoop-ozone/integration-test/target/test-dir/MiniOzoneClusterImpl-08f3fe21-1a76-4db7-ba59-51f14a367526/datanode-4/data/ratis/8413854a-f47d-43e1-ae6d-706def0025b9 close()
2019-08-31 06:03:51,476 [ForkJoinPool.commonPool-worker-1] INFO  impl.RaftServerImpl (RaftServerImpl.java:lambda$shutdown$3(245)) - c9f78a1f-7704-4a39-8b7a-67be0f070410: shutdown group-FBB19C0E0420
2019-08-31 06:03:51,484 [main] INFO  impl.RaftServerImpl (RaftServerImpl.java:lambda$shutdown$3(245)) - be6717d3-e2b4-4098-8560-d6596398ce3c: shutdown group-FBB19C0E0420
2019-08-31 06:03:51,484 [ForkJoinPool.commonPool-worker-1] INFO  util.JmxRegister (JmxRegister.java:unregister(73)) - Successfully un-registered JMX Bean with object name Ratis:service=RaftServer,group=group-FBB19C0E0420,id=c9f78a1f-7704-4a39-8b7a-67be0f070410
2019-08-31 06:03:51,484 [main] INFO  util.JmxRegister (JmxRegister.java:unregister(73)) - Successfully un-registered JMX Bean with object name Ratis:service=RaftServer,group=group-FBB19C0E0420,id=be6717d3-e2b4-4098-8560-d6596398ce3c
2019-08-31 06:03:51,484 [ForkJoinPool.commonPool-worker-1] INFO  impl.RoleInfo (RoleInfo.java:shutdownLeaderState(104)) - c9f78a1f-7704-4a39-8b7a-67be0f070410: shutdown LeaderState
2019-08-31 06:03:51,485 [main] INFO  impl.RoleInfo (RoleInfo.java:shutdownFollowerState(121)) - be6717d3-e2b4-4098-8560-d6596398ce3c: shutdown FollowerState
2019-08-31 06:03:51,489 [org.apache.ratis.server.impl.LogAppender$AppenderDaemon$$Lambda$472/2115946184@6251e2c7] WARN  server.GrpcLogAppender (GrpcLogAppender.java:mayWait(143)) - GrpcLogAppender(c9f78a1f-7704-4a39-8b7a-67be0f070410->65d7ba33-73cf-428f-8fa2-8b778f097bac): Wait interrupted by java.lang.InterruptedException
2019-08-31 06:03:51,489 [org.apache.ratis.server.impl.LogAppender$AppenderDaemon$$Lambda$472/2115946184@27536849] WARN  server.GrpcLogAppender (GrpcLogAppender.java:mayWait(143)) - GrpcLogAppender(c9f78a1f-7704-4a39-8b7a-67be0f070410->be6717d3-e2b4-4098-8560-d6596398ce3c): Wait interrupted by java.lang.InterruptedException
2019-08-31 06:03:51,490 [StateMachineUpdater:be6717d3-e2b4-4098-8560-d6596398ce3c:group-FBB19C0E0420] INFO  ratis.ContainerStateMachine (ContainerStateMachine.java:takeSnapshot(284)) - group-FBB19C0E0420: Taking a snapshot at:(t:1, i:6) file /workdir/hadoop-ozone/integration-test/target/test-dir/MiniOzoneClusterImpl-08f3fe21-1a76-4db7-ba59-51f14a367526/datanode-4/data/ratis/107d3d70-f8f9-4030-b5b4-fbb19c0e0420/sm/snapshot.1_6
2019-08-31 06:03:51,489 [ForkJoinPool.commonPool-worker-1] INFO  impl.PendingRequests (PendingRequests.java:sendNotLeaderResponses(202)) - c9f78a1f-7704-4a39-8b7a-67be0f070410-PendingRequests: sendNotLeaderResponses
2019-08-31 06:03:51,489 [Thread-784] INFO  impl.FollowerState (FollowerState.java:run(114)) - be6717d3-e2b4-4098-8560-d6596398ce3c: FollowerState was interrupted: java.lang.InterruptedException: sleep interrupted
2019-08-31 06:03:51,489 [main] INFO  impl.StateMachineUpdater (StateMachineUpdater.java:stopAndJoin(115)) - StateMachineUpdater:be6717d3-e2b4-4098-8560-d6596398ce3c:group-FBB19C0E0420: set stopIndex = 8
2019-08-31 06:03:51,493 [grpc-default-executor-6] INFO  server.GrpcServerProtocolService (GrpcServerProtocolService.java:onCompleted(104)) - be6717d3-e2b4-4098-8560-d6596398ce3c: appendEntries completed
2019-08-31 06:03:51,492 [grpc-default-executor-7] INFO  server.GrpcServerProtocolService (GrpcServerProtocolService.java:onCompleted(104)) - 65d7ba33-73cf-428f-8fa2-8b778f097bac: appendEntries completed
2019-08-31 06:03:51,496 [ForkJoinPool.commonPool-worker-1] INFO  impl.StateMachineUpdater (StateMachineUpdater.java:stopAndJoin(115)) - StateMachineUpdater:c9f78a1f-7704-4a39-8b7a-67be0f070410:group-FBB19C0E0420: set stopIndex = 8
2019-08-31 06:03:51,496 [StateMachineUpdater:be6717d3-e2b4-4098-8560-d6596398ce3c:group-FBB19C0E0420] INFO  ratis.ContainerStateMachine (ContainerStateMachine.java:takeSnapshot(295)) - group-FBB19C0E0420: Finished taking a snapshot at:(t:1, i:6) file:/workdir/hadoop-ozone/integration-test/target/test-dir/MiniOzoneClusterImpl-08f3fe21-1a76-4db7-ba59-51f14a367526/datanode-4/data/ratis/107d3d70-f8f9-4030-b5b4-fbb19c0e0420/sm/snapshot.1_6 time:7
2019-08-31 06:03:51,497 [StateMachineUpdater:be6717d3-e2b4-4098-8560-d6596398ce3c:group-FBB19C0E0420] INFO  impl.StateMachineUpdater (StateMachineUpdater.java:takeSnapshot(242)) - StateMachineUpdater:be6717d3-e2b4-4098-8560-d6596398ce3c:group-FBB19C0E0420: Took a snapshot at index 6
2019-08-31 06:03:51,497 [StateMachineUpdater:c9f78a1f-7704-4a39-8b7a-67be0f070410:group-FBB19C0E0420] INFO  ratis.ContainerStateMachine (ContainerStateMachine.java:takeSnapshot(284)) - group-FBB19C0E0420: Taking a snapshot at:(t:1, i:6) file /workdir/hadoop-ozone/integration-test/target/test-dir/MiniOzoneClusterImpl-08f3fe21-1a76-4db7-ba59-51f14a367526/datanode-1/data/ratis/107d3d70-f8f9-4030-b5b4-fbb19c0e0420/sm/snapshot.1_6
2019-08-31 06:03:51,497 [StateMachineUpdater:be6717d3-e2b4-4098-8560-d6596398ce3c:group-FBB19C0E0420] INFO  impl.StateMachineUpdater (StateMachineUpdater.java:lambda$new$0(80)) - StateMachineUpdater:be6717d3-e2b4-4098-8560-d6596398ce3c:group-FBB19C0E0420: snapshotIndex: updateIncreasingly -1 -> 6
2019-08-31 06:03:51,497 [grpc-default-executor-6] INFO  server.GrpcLogAppender (GrpcLogAppender.java:onCompleted(292)) - c9f78a1f-7704-4a39-8b7a-67be0f070410->be6717d3-e2b4-4098-8560-d6596398ce3c: follower responses appendEntries COMPLETED
2019-08-31 06:03:51,497 [grpc-default-executor-7] INFO  server.GrpcLogAppender (GrpcLogAppender.java:onCompleted(292)) - c9f78a1f-7704-4a39-8b7a-67be0f070410->65d7ba33-73cf-428f-8fa2-8b778f097bac: follower responses appendEntries COMPLETED
2019-08-31 06:03:51,500 [grpc-default-executor-6] INFO  impl.FollowerInfo (FollowerInfo.java:lambda$new$0(50)) - c9f78a1f-7704-4a39-8b7a-67be0f070410->be6717d3-e2b4-4098-8560-d6596398ce3c: nextIndex: updateUnconditionally 9 -> 8
2019-08-31 06:03:51,500 [StateMachineUpdater:c9f78a1f-7704-4a39-8b7a-67be0f070410:group-FBB19C0E0420] INFO  ratis.ContainerStateMachine (ContainerStateMachine.java:takeSnapshot(295)) - group-FBB19C0E0420: Finished taking a snapshot at:(t:1, i:6) file:/workdir/hadoop-ozone/integration-test/target/test-dir/MiniOzoneClusterImpl-08f3fe21-1a76-4db7-ba59-51f14a367526/datanode-1/data/ratis/107d3d70-f8f9-4030-b5b4-fbb19c0e0420/sm/snapshot.1_6 time:3
2019-08-31 06:03:51,502 [main] INFO  impl.RaftServerImpl (ServerState.java:close(394)) - be6717d3-e2b4-4098-8560-d6596398ce3c:group-FBB19C0E0420 closes. The last applied log index is 8
2019-08-31 06:03:51,502 [grpc-default-executor-7] INFO  impl.FollowerInfo (FollowerInfo.java:lambda$new$0(50)) - c9f78a1f-7704-4a39-8b7a-67be0f070410->65d7ba33-73cf-428f-8fa2-8b778f097bac: nextIndex: updateUnconditionally 9 -> 8
2019-08-31 06:03:51,502 [StateMachineUpdater:c9f78a1f-7704-4a39-8b7a-67be0f070410:group-FBB19C0E0420] INFO  impl.StateMachineUpdater (StateMachineUpdater.java:takeSnapshot(242)) - StateMachineUpdater:c9f78a1f-7704-4a39-8b7a-67be0f070410:group-FBB19C0E0420: Took a snapshot at index 6
2019-08-31 06:03:51,503 [be6717d3-e2b4-4098-8560-d6596398ce3c-SegmentedRaftLogWorker:Storage Directory /workdir/hadoop-ozone/integration-test/target/test-dir/MiniOzoneClusterImpl-08f3fe21-1a76-4db7-ba59-51f14a367526/datanode-4/data/ratis/107d3d70-f8f9-4030-b5b4-fbb19c0e0420] INFO  segmented.SegmentedRaftLogWorker (SegmentedRaftLogWorker.java:run(313)) - be6717d3-e2b4-4098-8560-d6596398ce3c-SegmentedRaftLogWorker:Storage Directory /workdir/hadoop-ozone/integration-test/target/test-dir/MiniOzoneClusterImpl-08f3fe21-1a76-4db7-ba59-51f14a367526/datanode-4/data/ratis/107d3d70-f8f9-4030-b5b4-fbb19c0e0420 was interrupted, exiting. There are 0 tasks remaining in the queue.
2019-08-31 06:03:51,503 [StateMachineUpdater:c9f78a1f-7704-4a39-8b7a-67be0f070410:group-FBB19C0E0420] INFO  impl.StateMachineUpdater (StateMachineUpdater.java:lambda$new$0(80)) - StateMachineUpdater:c9f78a1f-7704-4a39-8b7a-67be0f070410:group-FBB19C0E0420: snapshotIndex: updateIncreasingly -1 -> 6
2019-08-31 06:03:51,505 [main] INFO  segmented.SegmentedRaftLogWorker (SegmentedRaftLogWorker.java:close(228)) - be6717d3-e2b4-4098-8560-d6596398ce3c-SegmentedRaftLogWorker:Storage Directory /workdir/hadoop-ozone/integration-test/target/test-dir/MiniOzoneClusterImpl-08f3fe21-1a76-4db7-ba59-51f14a367526/datanode-4/data/ratis/107d3d70-f8f9-4030-b5b4-fbb19c0e0420 close()
2019-08-31 06:03:51,505 [ForkJoinPool.commonPool-worker-1] INFO  impl.RaftServerImpl (ServerState.java:close(394)) - c9f78a1f-7704-4a39-8b7a-67be0f070410:group-FBB19C0E0420 closes. The last applied log index is 8
2019-08-31 06:03:51,508 [main] INFO  server.GrpcService (GrpcService.java:closeImpl(155)) - be6717d3-e2b4-4098-8560-d6596398ce3c: shutdown server with port 37525 now
2019-08-31 06:03:51,509 [c9f78a1f-7704-4a39-8b7a-67be0f070410-SegmentedRaftLogWorker:Storage Directory /workdir/hadoop-ozone/integration-test/target/test-dir/MiniOzoneClusterImpl-08f3fe21-1a76-4db7-ba59-51f14a367526/datanode-1/data/ratis/107d3d70-f8f9-4030-b5b4-fbb19c0e0420] INFO  segmented.SegmentedRaftLogWorker (SegmentedRaftLogWorker.java:run(313)) - c9f78a1f-7704-4a39-8b7a-67be0f070410-SegmentedRaftLogWorker:Storage Directory /workdir/hadoop-ozone/integration-test/target/test-dir/MiniOzoneClusterImpl-08f3fe21-1a76-4db7-ba59-51f14a367526/datanode-1/data/ratis/107d3d70-f8f9-4030-b5b4-fbb19c0e0420 was interrupted, exiting. There are 0 tasks remaining in the queue.
2019-08-31 06:03:51,511 [ForkJoinPool.commonPool-worker-1] INFO  segmented.SegmentedRaftLogWorker (SegmentedRaftLogWorker.java:close(228)) - c9f78a1f-7704-4a39-8b7a-67be0f070410-SegmentedRaftLogWorker:Storage Directory /workdir/hadoop-ozone/integration-test/target/test-dir/MiniOzoneClusterImpl-08f3fe21-1a76-4db7-ba59-51f14a367526/datanode-1/data/ratis/107d3d70-f8f9-4030-b5b4-fbb19c0e0420 close()
2019-08-31 06:03:51,524 [ForkJoinPool.commonPool-worker-1] INFO  server.GrpcService (GrpcService.java:closeImpl(155)) - c9f78a1f-7704-4a39-8b7a-67be0f070410: shutdown server with port 33553 now
2019-08-31 06:03:51,524 [main] INFO  server.GrpcService (GrpcService.java:closeImpl(163)) - be6717d3-e2b4-4098-8560-d6596398ce3c: shutdown server with port 37525 successfully
2019-08-31 06:03:51,524 [ForkJoinPool.commonPool-worker-1] INFO  server.GrpcService (GrpcService.java:closeImpl(163)) - c9f78a1f-7704-4a39-8b7a-67be0f070410: shutdown server with port 33553 successfully
2019-08-31 06:03:51,526 [refreshUsed-/workdir/hadoop-ozone/integration-test/target/test-dir/MiniOzoneClusterImpl-08f3fe21-1a76-4db7-ba59-51f14a367526/datanode-1/data/containers] WARN  fs.CachingGetSpaceUsed (CachingGetSpaceUsed.java:run(183)) - Thread Interrupted waiting to refresh disk information: sleep interrupted
2019-08-31 06:03:51,527 [refreshUsed-/workdir/hadoop-ozone/integration-test/target/test-dir/MiniOzoneClusterImpl-08f3fe21-1a76-4db7-ba59-51f14a367526/datanode-4/data/containers] WARN  fs.CachingGetSpaceUsed (CachingGetSpaceUsed.java:run(183)) - Thread Interrupted waiting to refresh disk information: sleep interrupted
2019-08-31 06:03:51,547 [ForkJoinPool.commonPool-worker-1] INFO  utils.BackgroundService (BackgroundService.java:shutdown(148)) - Shutting down service BlockDeletingService
2019-08-31 06:03:51,547 [main] INFO  utils.BackgroundService (BackgroundService.java:shutdown(148)) - Shutting down service BlockDeletingService
2019-08-31 06:03:51,552 [ForkJoinPool.commonPool-worker-1] INFO  statemachine.DatanodeStateMachine (DatanodeStateMachine.java:stopDaemon(395)) - Ozone container server stopped.
2019-08-31 06:03:51,560 [main] INFO  statemachine.DatanodeStateMachine (DatanodeStateMachine.java:stopDaemon(395)) - Ozone container server stopped.
2019-08-31 06:03:51,562 [ForkJoinPool.commonPool-worker-1] INFO  handler.ContextHandler (ContextHandler.java:doStop(910)) - Stopped o.e.j.w.WebAppContext@36c2d629{/,null,UNAVAILABLE}{/hddsDatanode}
2019-08-31 06:03:51,562 [main] INFO  handler.ContextHandler (ContextHandler.java:doStop(910)) - Stopped o.e.j.w.WebAppContext@77f991c{/,null,UNAVAILABLE}{/hddsDatanode}
2019-08-31 06:03:51,563 [ForkJoinPool.commonPool-worker-1] INFO  server.AbstractConnector (AbstractConnector.java:doStop(318)) - Stopped ServerConnector@55fee662{HTTP/1.1,[http/1.1]}{0.0.0.0:0}
2019-08-31 06:03:51,563 [main] INFO  server.AbstractConnector (AbstractConnector.java:doStop(318)) - Stopped ServerConnector@3a7e365{HTTP/1.1,[http/1.1]}{0.0.0.0:0}
2019-08-31 06:03:51,565 [ForkJoinPool.commonPool-worker-1] INFO  handler.ContextHandler (ContextHandler.java:doStop(910)) - Stopped o.e.j.s.ServletContextHandler@479b5066{/static,jar:file:/home/user/.m2/repository/org/apache/hadoop/hadoop-hdds-container-service/0.5.0-SNAPSHOT/hadoop-hdds-container-service-0.5.0-SNAPSHOT.jar!/webapps/static,UNAVAILABLE}
2019-08-31 06:03:51,565 [main] INFO  handler.ContextHandler (ContextHandler.java:doStop(910)) - Stopped o.e.j.s.ServletContextHandler@558b4942{/static,jar:file:/home/user/.m2/repository/org/apache/hadoop/hadoop-hdds-container-service/0.5.0-SNAPSHOT/hadoop-hdds-container-service-0.5.0-SNAPSHOT.jar!/webapps/static,UNAVAILABLE}
2019-08-31 06:03:51,567 [ForkJoinPool.commonPool-worker-1] INFO  handler.ContextHandler (ContextHandler.java:doStop(910)) - Stopped o.e.j.s.ServletContextHandler@76d72b5b{/logs,file:///workdir/hadoop-ozone/integration-test/target/log,UNAVAILABLE}
2019-08-31 06:03:51,567 [main] INFO  handler.ContextHandler (ContextHandler.java:doStop(910)) - Stopped o.e.j.s.ServletContextHandler@3e1fd62b{/logs,file:///workdir/hadoop-ozone/integration-test/target/log,UNAVAILABLE}
2019-08-31 06:03:52,248 [Datanode State Machine Thread - 0] INFO  statemachine.DatanodeStateMachine (DatanodeStateMachine.java:lambda$startDaemon$0(350)) - Ozone container server started.
2019-08-31 06:03:52,326 [Datanode State Machine Thread - 0] INFO  statemachine.DatanodeStateMachine (DatanodeStateMachine.java:lambda$startDaemon$0(350)) - Ozone container server started.
2019-08-31 06:03:56,570 [ForkJoinPool.commonPool-worker-1] INFO  ozoneimpl.OzoneContainer (OzoneContainer.java:stop(215)) - Attempting to stop container services.
2019-08-31 06:03:56,570 [main] INFO  ozoneimpl.OzoneContainer (OzoneContainer.java:stop(215)) - Attempting to stop container services.
2019-08-31 06:03:56,570 [ForkJoinPool.commonPool-worker-1] INFO  impl.RaftServerProxy (RaftServerProxy.java:lambda$close$4(314)) - 1e87e662-ddb2-4042-9692-4141064b7de5: close
2019-08-31 06:03:56,571 [main] INFO  impl.RaftServerProxy (RaftServerProxy.java:lambda$close$4(314)) - d8a08337-d972-42b7-8129-7e1e1c0cc8b1: close
2019-08-31 06:03:56,571 [ForkJoinPool.commonPool-worker-1] INFO  impl.RaftServerImpl (RaftServerImpl.java:lambda$shutdown$3(245)) - 1e87e662-ddb2-4042-9692-4141064b7de5: shutdown group-47F2B1CF4101
2019-08-31 06:03:56,571 [main] INFO  impl.RaftServerImpl (RaftServerImpl.java:lambda$shutdown$3(245)) - d8a08337-d972-42b7-8129-7e1e1c0cc8b1: shutdown group-83B9349DE4A5
2019-08-31 06:03:56,572 [ForkJoinPool.commonPool-worker-1] INFO  util.JmxRegister (JmxRegister.java:unregister(73)) - Successfully un-registered JMX Bean with object name Ratis:service=RaftServer,group=group-47F2B1CF4101,id=1e87e662-ddb2-4042-9692-4141064b7de5
2019-08-31 06:03:56,572 [main] INFO  util.JmxRegister (JmxRegister.java:unregister(73)) - Successfully un-registered JMX Bean with object name Ratis:service=RaftServer,group=group-83B9349DE4A5,id=d8a08337-d972-42b7-8129-7e1e1c0cc8b1
2019-08-31 06:03:56,572 [ForkJoinPool.commonPool-worker-1] INFO  impl.RoleInfo (RoleInfo.java:shutdownLeaderState(104)) - 1e87e662-ddb2-4042-9692-4141064b7de5: shutdown LeaderState
2019-08-31 06:03:56,573 [main] INFO  impl.RoleInfo (RoleInfo.java:shutdownLeaderState(104)) - d8a08337-d972-42b7-8129-7e1e1c0cc8b1: shutdown LeaderState
2019-08-31 06:03:56,573 [ForkJoinPool.commonPool-worker-1] INFO  impl.PendingRequests (PendingRequests.java:sendNotLeaderResponses(202)) - 1e87e662-ddb2-4042-9692-4141064b7de5-PendingRequests: sendNotLeaderResponses
2019-08-31 06:03:56,573 [main] INFO  impl.PendingRequests (PendingRequests.java:sendNotLeaderResponses(202)) - d8a08337-d972-42b7-8129-7e1e1c0cc8b1-PendingRequests: sendNotLeaderResponses
2019-08-31 06:03:56,574 [ForkJoinPool.commonPool-worker-1] INFO  impl.StateMachineUpdater (StateMachineUpdater.java:stopAndJoin(115)) - StateMachineUpdater:1e87e662-ddb2-4042-9692-4141064b7de5:group-47F2B1CF4101: set stopIndex = 0
2019-08-31 06:03:56,574 [main] INFO  impl.StateMachineUpdater (StateMachineUpdater.java:stopAndJoin(115)) - StateMachineUpdater:d8a08337-d972-42b7-8129-7e1e1c0cc8b1:group-83B9349DE4A5: set stopIndex = 0
2019-08-31 06:03:56,575 [ForkJoinPool.commonPool-worker-1] INFO  impl.RaftServerImpl (ServerState.java:close(394)) - 1e87e662-ddb2-4042-9692-4141064b7de5:group-47F2B1CF4101 closes. The last applied log index is 0
2019-08-31 06:03:56,575 [main] INFO  impl.RaftServerImpl (ServerState.java:close(394)) - d8a08337-d972-42b7-8129-7e1e1c0cc8b1:group-83B9349DE4A5 closes. The last applied log index is 0
2019-08-31 06:03:56,575 [1e87e662-ddb2-4042-9692-4141064b7de5-SegmentedRaftLogWorker:Storage Directory /workdir/hadoop-ozone/integration-test/target/test-dir/MiniOzoneClusterImpl-08f3fe21-1a76-4db7-ba59-51f14a367526/datanode-2/data/ratis/167f9f98-90b2-4b7d-82b6-47f2b1cf4101] INFO  segmented.SegmentedRaftLogWorker (SegmentedRaftLogWorker.java:run(313)) - 1e87e662-ddb2-4042-9692-4141064b7de5-SegmentedRaftLogWorker:Storage Directory /workdir/hadoop-ozone/integration-test/target/test-dir/MiniOzoneClusterImpl-08f3fe21-1a76-4db7-ba59-51f14a367526/datanode-2/data/ratis/167f9f98-90b2-4b7d-82b6-47f2b1cf4101 was interrupted, exiting. There are 0 tasks remaining in the queue.
2019-08-31 06:03:56,579 [d8a08337-d972-42b7-8129-7e1e1c0cc8b1-SegmentedRaftLogWorker:Storage Directory /workdir/hadoop-ozone/integration-test/target/test-dir/MiniOzoneClusterImpl-08f3fe21-1a76-4db7-ba59-51f14a367526/datanode-3/data/ratis/7fcdfe0b-e02f-46c2-99bb-83b9349de4a5] INFO  segmented.SegmentedRaftLogWorker (SegmentedRaftLogWorker.java:run(313)) - d8a08337-d972-42b7-8129-7e1e1c0cc8b1-SegmentedRaftLogWorker:Storage Directory /workdir/hadoop-ozone/integration-test/target/test-dir/MiniOzoneClusterImpl-08f3fe21-1a76-4db7-ba59-51f14a367526/datanode-3/data/ratis/7fcdfe0b-e02f-46c2-99bb-83b9349de4a5 was interrupted, exiting. There are 0 tasks remaining in the queue.
2019-08-31 06:03:56,579 [ForkJoinPool.commonPool-worker-1] INFO  segmented.SegmentedRaftLogWorker (SegmentedRaftLogWorker.java:close(228)) - 1e87e662-ddb2-4042-9692-4141064b7de5-SegmentedRaftLogWorker:Storage Directory /workdir/hadoop-ozone/integration-test/target/test-dir/MiniOzoneClusterImpl-08f3fe21-1a76-4db7-ba59-51f14a367526/datanode-2/data/ratis/167f9f98-90b2-4b7d-82b6-47f2b1cf4101 close()
2019-08-31 06:03:56,582 [main] INFO  segmented.SegmentedRaftLogWorker (SegmentedRaftLogWorker.java:close(228)) - d8a08337-d972-42b7-8129-7e1e1c0cc8b1-SegmentedRaftLogWorker:Storage Directory /workdir/hadoop-ozone/integration-test/target/test-dir/MiniOzoneClusterImpl-08f3fe21-1a76-4db7-ba59-51f14a367526/datanode-3/data/ratis/7fcdfe0b-e02f-46c2-99bb-83b9349de4a5 close()
2019-08-31 06:03:56,584 [ForkJoinPool.commonPool-worker-1] INFO  impl.RaftServerImpl (RaftServerImpl.java:lambda$shutdown$3(245)) - 1e87e662-ddb2-4042-9692-4141064b7de5: shutdown group-7CC32E3369E5
2019-08-31 06:03:56,586 [main] INFO  impl.RaftServerImpl (RaftServerImpl.java:lambda$shutdown$3(245)) - d8a08337-d972-42b7-8129-7e1e1c0cc8b1: shutdown group-7CC32E3369E5
2019-08-31 06:03:56,586 [ForkJoinPool.commonPool-worker-1] INFO  util.JmxRegister (JmxRegister.java:unregister(73)) - Successfully un-registered JMX Bean with object name Ratis:service=RaftServer,group=group-7CC32E3369E5,id=1e87e662-ddb2-4042-9692-4141064b7de5
2019-08-31 06:03:56,587 [main] INFO  util.JmxRegister (JmxRegister.java:unregister(73)) - Successfully un-registered JMX Bean with object name Ratis:service=RaftServer,group=group-7CC32E3369E5,id=d8a08337-d972-42b7-8129-7e1e1c0cc8b1
2019-08-31 06:03:56,587 [ForkJoinPool.commonPool-worker-1] INFO  impl.RoleInfo (RoleInfo.java:shutdownFollowerState(121)) - 1e87e662-ddb2-4042-9692-4141064b7de5: shutdown FollowerState
2019-08-31 06:03:56,587 [main] INFO  impl.RoleInfo (RoleInfo.java:shutdownLeaderState(104)) - d8a08337-d972-42b7-8129-7e1e1c0cc8b1: shutdown LeaderState
2019-08-31 06:03:56,588 [Thread-797] INFO  impl.FollowerState (FollowerState.java:run(114)) - 1e87e662-ddb2-4042-9692-4141064b7de5: FollowerState was interrupted: java.lang.InterruptedException: sleep interrupted
2019-08-31 06:03:56,592 [main] INFO  impl.PendingRequests (PendingRequests.java:sendNotLeaderResponses(202)) - d8a08337-d972-42b7-8129-7e1e1c0cc8b1-PendingRequests: sendNotLeaderResponses
2019-08-31 06:03:56,588 [ForkJoinPool.commonPool-worker-1] INFO  impl.StateMachineUpdater (StateMachineUpdater.java:stopAndJoin(115)) - StateMachineUpdater:1e87e662-ddb2-4042-9692-4141064b7de5:group-7CC32E3369E5: set stopIndex = 0
2019-08-31 06:03:56,594 [main] INFO  impl.StateMachineUpdater (StateMachineUpdater.java:stopAndJoin(115)) - StateMachineUpdater:d8a08337-d972-42b7-8129-7e1e1c0cc8b1:group-7CC32E3369E5: set stopIndex = 0
2019-08-31 06:03:56,594 [org.apache.ratis.server.impl.LogAppender$AppenderDaemon$$Lambda$472/2115946184@5ee976ae] WARN  server.GrpcLogAppender (GrpcLogAppender.java:mayWait(143)) - GrpcLogAppender(d8a08337-d972-42b7-8129-7e1e1c0cc8b1->1e87e662-ddb2-4042-9692-4141064b7de5): Wait interrupted by java.lang.InterruptedException
2019-08-31 06:03:56,592 [org.apache.ratis.server.impl.LogAppender$AppenderDaemon$$Lambda$472/2115946184@1bebf317] WARN  server.GrpcLogAppender (GrpcLogAppender.java:mayWait(143)) - GrpcLogAppender(d8a08337-d972-42b7-8129-7e1e1c0cc8b1->ca67342a-fc2d-4b3c-849c-12f1afc677bb): Wait interrupted by java.lang.InterruptedException
2019-08-31 06:03:56,595 [main] INFO  impl.RaftServerImpl (ServerState.java:close(394)) - d8a08337-d972-42b7-8129-7e1e1c0cc8b1:group-7CC32E3369E5 closes. The last applied log index is 0
2019-08-31 06:03:56,595 [ForkJoinPool.commonPool-worker-1] INFO  impl.RaftServerImpl (ServerState.java:close(394)) - 1e87e662-ddb2-4042-9692-4141064b7de5:group-7CC32E3369E5 closes. The last applied log index is 0
2019-08-31 06:03:56,596 [d8a08337-d972-42b7-8129-7e1e1c0cc8b1-SegmentedRaftLogWorker:Storage Directory /workdir/hadoop-ozone/integration-test/target/test-dir/MiniOzoneClusterImpl-08f3fe21-1a76-4db7-ba59-51f14a367526/datanode-3/data/ratis/707f458a-137e-453b-be13-7cc32e3369e5] INFO  segmented.SegmentedRaftLogWorker (SegmentedRaftLogWorker.java:run(313)) - d8a08337-d972-42b7-8129-7e1e1c0cc8b1-SegmentedRaftLogWorker:Storage Directory /workdir/hadoop-ozone/integration-test/target/test-dir/MiniOzoneClusterImpl-08f3fe21-1a76-4db7-ba59-51f14a367526/datanode-3/data/ratis/707f458a-137e-453b-be13-7cc32e3369e5 was interrupted, exiting. There are 0 tasks remaining in the queue.
2019-08-31 06:03:56,596 [grpc-default-executor-6] INFO  server.GrpcServerProtocolService (GrpcServerProtocolService.java:onCompleted(104)) - ca67342a-fc2d-4b3c-849c-12f1afc677bb: appendEntries completed
2019-08-31 06:03:56,596 [grpc-default-executor-7] INFO  server.GrpcServerProtocolService (GrpcServerProtocolService.java:onCompleted(104)) - 1e87e662-ddb2-4042-9692-4141064b7de5: appendEntries completed
2019-08-31 06:03:56,598 [main] INFO  segmented.SegmentedRaftLogWorker (SegmentedRaftLogWorker.java:close(228)) - d8a08337-d972-42b7-8129-7e1e1c0cc8b1-SegmentedRaftLogWorker:Storage Directory /workdir/hadoop-ozone/integration-test/target/test-dir/MiniOzoneClusterImpl-08f3fe21-1a76-4db7-ba59-51f14a367526/datanode-3/data/ratis/707f458a-137e-453b-be13-7cc32e3369e5 close()
2019-08-31 06:03:56,599 [grpc-default-executor-6] INFO  server.GrpcLogAppender (GrpcLogAppender.java:onCompleted(292)) - d8a08337-d972-42b7-8129-7e1e1c0cc8b1->1e87e662-ddb2-4042-9692-4141064b7de5: follower responses appendEntries COMPLETED
2019-08-31 06:03:56,596 [1e87e662-ddb2-4042-9692-4141064b7de5-SegmentedRaftLogWorker:Storage Directory /workdir/hadoop-ozone/integration-test/target/test-dir/MiniOzoneClusterImpl-08f3fe21-1a76-4db7-ba59-51f14a367526/datanode-2/data/ratis/707f458a-137e-453b-be13-7cc32e3369e5] INFO  segmented.SegmentedRaftLogWorker (SegmentedRaftLogWorker.java:run(313)) - 1e87e662-ddb2-4042-9692-4141064b7de5-SegmentedRaftLogWorker:Storage Directory /workdir/hadoop-ozone/integration-test/target/test-dir/MiniOzoneClusterImpl-08f3fe21-1a76-4db7-ba59-51f14a367526/datanode-2/data/ratis/707f458a-137e-453b-be13-7cc32e3369e5 was interrupted, exiting. There are 0 tasks remaining in the queue.
2019-08-31 06:03:56,601 [main] INFO  server.GrpcService (GrpcService.java:closeImpl(155)) - d8a08337-d972-42b7-8129-7e1e1c0cc8b1: shutdown server with port 40089 now
2019-08-31 06:03:56,599 [grpc-default-executor-7] INFO  server.GrpcLogAppender (GrpcLogAppender.java:onCompleted(292)) - d8a08337-d972-42b7-8129-7e1e1c0cc8b1->ca67342a-fc2d-4b3c-849c-12f1afc677bb: follower responses appendEntries COMPLETED
2019-08-31 06:03:56,605 [ForkJoinPool.commonPool-worker-1] INFO  segmented.SegmentedRaftLogWorker (SegmentedRaftLogWorker.java:close(228)) - 1e87e662-ddb2-4042-9692-4141064b7de5-SegmentedRaftLogWorker:Storage Directory /workdir/hadoop-ozone/integration-test/target/test-dir/MiniOzoneClusterImpl-08f3fe21-1a76-4db7-ba59-51f14a367526/datanode-2/data/ratis/707f458a-137e-453b-be13-7cc32e3369e5 close()
2019-08-31 06:03:56,605 [grpc-default-executor-6] INFO  impl.FollowerInfo (FollowerInfo.java:lambda$new$0(50)) - d8a08337-d972-42b7-8129-7e1e1c0cc8b1->1e87e662-ddb2-4042-9692-4141064b7de5: nextIndex: updateUnconditionally 1 -> 0
2019-08-31 06:03:56,609 [ForkJoinPool.commonPool-worker-1] INFO  server.GrpcService (GrpcService.java:closeImpl(155)) - 1e87e662-ddb2-4042-9692-4141064b7de5: shutdown server with port 43336 now
2019-08-31 06:03:56,607 [main] INFO  server.GrpcService (GrpcService.java:closeImpl(163)) - d8a08337-d972-42b7-8129-7e1e1c0cc8b1: shutdown server with port 40089 successfully
2019-08-31 06:03:56,607 [grpc-default-executor-7] INFO  impl.FollowerInfo (FollowerInfo.java:lambda$new$0(50)) - d8a08337-d972-42b7-8129-7e1e1c0cc8b1->ca67342a-fc2d-4b3c-849c-12f1afc677bb: nextIndex: updateUnconditionally 1 -> 0
2019-08-31 06:03:56,610 [ForkJoinPool.commonPool-worker-1] INFO  server.GrpcService (GrpcService.java:closeImpl(163)) - 1e87e662-ddb2-4042-9692-4141064b7de5: shutdown server with port 43336 successfully
2019-08-31 06:03:56,612 [refreshUsed-/workdir/hadoop-ozone/integration-test/target/test-dir/MiniOzoneClusterImpl-08f3fe21-1a76-4db7-ba59-51f14a367526/datanode-3/data/containers] WARN  fs.CachingGetSpaceUsed (CachingGetSpaceUsed.java:run(183)) - Thread Interrupted waiting to refresh disk information: sleep interrupted
2019-08-31 06:03:56,613 [refreshUsed-/workdir/hadoop-ozone/integration-test/target/test-dir/MiniOzoneClusterImpl-08f3fe21-1a76-4db7-ba59-51f14a367526/datanode-2/data/containers] WARN  fs.CachingGetSpaceUsed (CachingGetSpaceUsed.java:run(183)) - Thread Interrupted waiting to refresh disk information: sleep interrupted
2019-08-31 06:03:56,633 [main] INFO  utils.BackgroundService (BackgroundService.java:shutdown(148)) - Shutting down service BlockDeletingService
2019-08-31 06:03:56,633 [ForkJoinPool.commonPool-worker-1] INFO  utils.BackgroundService (BackgroundService.java:shutdown(148)) - Shutting down service BlockDeletingService
2019-08-31 06:03:56,641 [ForkJoinPool.commonPool-worker-1] INFO  statemachine.DatanodeStateMachine (DatanodeStateMachine.java:stopDaemon(395)) - Ozone container server stopped.
2019-08-31 06:03:56,642 [main] INFO  statemachine.DatanodeStateMachine (DatanodeStateMachine.java:stopDaemon(395)) - Ozone container server stopped.
2019-08-31 06:03:56,647 [ForkJoinPool.commonPool-worker-1] INFO  handler.ContextHandler (ContextHandler.java:doStop(910)) - Stopped o.e.j.w.WebAppContext@68d6d775{/,null,UNAVAILABLE}{/hddsDatanode}
2019-08-31 06:03:56,647 [main] INFO  handler.ContextHandler (ContextHandler.java:doStop(910)) - Stopped o.e.j.w.WebAppContext@4c6b4ed7{/,null,UNAVAILABLE}{/hddsDatanode}
2019-08-31 06:03:56,647 [ForkJoinPool.commonPool-worker-1] INFO  server.AbstractConnector (AbstractConnector.java:doStop(318)) - Stopped ServerConnector@b67cc70{HTTP/1.1,[http/1.1]}{0.0.0.0:0}
2019-08-31 06:03:56,647 [main] INFO  server.AbstractConnector (AbstractConnector.java:doStop(318)) - Stopped ServerConnector@21263314{HTTP/1.1,[http/1.1]}{0.0.0.0:0}
2019-08-31 06:03:56,649 [ForkJoinPool.commonPool-worker-1] INFO  handler.ContextHandler (ContextHandler.java:doStop(910)) - Stopped o.e.j.s.ServletContextHandler@682af059{/static,jar:file:/home/user/.m2/repository/org/apache/hadoop/hadoop-hdds-container-service/0.5.0-SNAPSHOT/hadoop-hdds-container-service-0.5.0-SNAPSHOT.jar!/webapps/static,UNAVAILABLE}
2019-08-31 06:03:56,649 [main] INFO  handler.ContextHandler (ContextHandler.java:doStop(910)) - Stopped o.e.j.s.ServletContextHandler@d70f722{/static,jar:file:/home/user/.m2/repository/org/apache/hadoop/hadoop-hdds-container-service/0.5.0-SNAPSHOT/hadoop-hdds-container-service-0.5.0-SNAPSHOT.jar!/webapps/static,UNAVAILABLE}
2019-08-31 06:03:56,650 [ForkJoinPool.commonPool-worker-1] INFO  handler.ContextHandler (ContextHandler.java:doStop(910)) - Stopped o.e.j.s.ServletContextHandler@35c4e864{/logs,file:///workdir/hadoop-ozone/integration-test/target/log,UNAVAILABLE}
2019-08-31 06:03:56,651 [main] INFO  handler.ContextHandler (ContextHandler.java:doStop(910)) - Stopped o.e.j.s.ServletContextHandler@1fbf088b{/logs,file:///workdir/hadoop-ozone/integration-test/target/log,UNAVAILABLE}
2019-08-31 06:03:57,186 [Datanode State Machine Thread - 0] INFO  statemachine.DatanodeStateMachine (DatanodeStateMachine.java:lambda$startDaemon$0(350)) - Ozone container server started.
2019-08-31 06:03:57,405 [Datanode State Machine Thread - 0] INFO  statemachine.DatanodeStateMachine (DatanodeStateMachine.java:lambda$startDaemon$0(350)) - Ozone container server started.
2019-08-31 06:03:57,877 [Thread-783] INFO  impl.FollowerState (FollowerState.java:run(106)) - 65d7ba33-73cf-428f-8fa2-8b778f097bac:group-FBB19C0E0420 changes to CANDIDATE, lastRpcTime:6606, electionTimeout:5164ms
2019-08-31 06:03:57,877 [Thread-783] INFO  impl.RoleInfo (RoleInfo.java:shutdownFollowerState(121)) - 65d7ba33-73cf-428f-8fa2-8b778f097bac: shutdown FollowerState
2019-08-31 06:03:57,877 [Thread-783] INFO  impl.RaftServerImpl (RaftServerImpl.java:setRole(171)) - 65d7ba33-73cf-428f-8fa2-8b778f097bac:group-FBB19C0E0420 changes role from FOLLOWER to CANDIDATE at term 1 for changeToCandidate
2019-08-31 06:03:57,878 [Thread-783] INFO  impl.RoleInfo (RoleInfo.java:updateAndGet(143)) - 65d7ba33-73cf-428f-8fa2-8b778f097bac: start LeaderElection
2019-08-31 06:03:57,881 [65d7ba33-73cf-428f-8fa2-8b778f097bac:group-FBB19C0E0420:LeaderElection25] INFO  impl.RaftServerImpl (ServerState.java:setLeader(263)) - 65d7ba33-73cf-428f-8fa2-8b778f097bac:group-FBB19C0E0420 change Leader from c9f78a1f-7704-4a39-8b7a-67be0f070410 to null at term 1 for initElection
2019-08-31 06:03:57,905 [65d7ba33-73cf-428f-8fa2-8b778f097bac:group-FBB19C0E0420:LeaderElection25] INFO  impl.LeaderElection (LeaderElection.java:askForVotes(181)) - 65d7ba33-73cf-428f-8fa2-8b778f097bac:group-FBB19C0E0420:LeaderElection25: begin an election at term 2 for 0: [c9f78a1f-7704-4a39-8b7a-67be0f070410:192.168.69.127:33553, be6717d3-e2b4-4098-8560-d6596398ce3c:192.168.69.127:37525, 65d7ba33-73cf-428f-8fa2-8b778f097bac:192.168.69.127:44563], old=null
2019-08-31 06:03:57,910 [65d7ba33-73cf-428f-8fa2-8b778f097bac:group-FBB19C0E0420:LeaderElection25] INFO  impl.LeaderElection (LogUtils.java:infoOrTrace(149)) - 65d7ba33-73cf-428f-8fa2-8b778f097bac:group-FBB19C0E0420:LeaderElection25 got exception when requesting votes: {}
java.util.concurrent.ExecutionException: org.apache.ratis.thirdparty.io.grpc.StatusRuntimeException: UNAVAILABLE: io exception
	at java.util.concurrent.FutureTask.report(FutureTask.java:122)
	at java.util.concurrent.FutureTask.get(FutureTask.java:192)
	at org.apache.ratis.server.impl.LeaderElection.waitForResults(LeaderElection.java:262)
	at org.apache.ratis.server.impl.LeaderElection.askForVotes(LeaderElection.java:200)
	at org.apache.ratis.server.impl.LeaderElection.run(LeaderElection.java:130)
	at java.lang.Thread.run(Thread.java:748)
Caused by: org.apache.ratis.thirdparty.io.grpc.StatusRuntimeException: UNAVAILABLE: io exception
	at org.apache.ratis.thirdparty.io.grpc.stub.ClientCalls.toStatusRuntimeException(ClientCalls.java:233)
	at org.apache.ratis.thirdparty.io.grpc.stub.ClientCalls.getUnchecked(ClientCalls.java:214)
	at org.apache.ratis.thirdparty.io.grpc.stub.ClientCalls.blockingUnaryCall(ClientCalls.java:139)
	at org.apache.ratis.proto.grpc.RaftServerProtocolServiceGrpc$RaftServerProtocolServiceBlockingStub.requestVote(RaftServerProtocolServiceGrpc.java:265)
	at org.apache.ratis.grpc.server.GrpcServerProtocolClient.requestVote(GrpcServerProtocolClient.java:83)
	at org.apache.ratis.grpc.server.GrpcService.requestVote(GrpcService.java:195)
	at org.apache.ratis.server.impl.LeaderElection.lambda$submitRequests$1(LeaderElection.java:237)
	at java.util.concurrent.FutureTask.run(FutureTask.java:266)
	at java.util.concurrent.Executors$RunnableAdapter.call(Executors.java:511)
	at java.util.concurrent.FutureTask.run(FutureTask.java:266)
	at java.util.concurrent.ThreadPoolExecutor.runWorker(ThreadPoolExecutor.java:1149)
	at java.util.concurrent.ThreadPoolExecutor$Worker.run(ThreadPoolExecutor.java:624)
	... 1 more
Caused by: org.apache.ratis.thirdparty.io.netty.channel.AbstractChannel$AnnotatedConnectException: Connection refused: /192.168.69.127:37525
	at sun.nio.ch.SocketChannelImpl.checkConnect(Native Method)
	at sun.nio.ch.SocketChannelImpl.finishConnect(SocketChannelImpl.java:717)
	at org.apache.ratis.thirdparty.io.netty.channel.socket.nio.NioSocketChannel.doFinishConnect(NioSocketChannel.java:327)
	at org.apache.ratis.thirdparty.io.netty.channel.nio.AbstractNioChannel$AbstractNioUnsafe.finishConnect(AbstractNioChannel.java:340)
	at org.apache.ratis.thirdparty.io.netty.channel.nio.NioEventLoop.processSelectedKey(NioEventLoop.java:632)
	at org.apache.ratis.thirdparty.io.netty.channel.nio.NioEventLoop.processSelectedKeysOptimized(NioEventLoop.java:579)
	at org.apache.ratis.thirdparty.io.netty.channel.nio.NioEventLoop.processSelectedKeys(NioEventLoop.java:496)
	at org.apache.ratis.thirdparty.io.netty.channel.nio.NioEventLoop.run(NioEventLoop.java:458)
	at org.apache.ratis.thirdparty.io.netty.util.concurrent.SingleThreadEventExecutor$5.run(SingleThreadEventExecutor.java:897)
	at org.apache.ratis.thirdparty.io.netty.util.concurrent.FastThreadLocalRunnable.run(FastThreadLocalRunnable.java:30)
	... 1 more
Caused by: java.net.ConnectException: Connection refused
	... 11 more
2019-08-31 06:03:57,912 [65d7ba33-73cf-428f-8fa2-8b778f097bac:group-FBB19C0E0420:LeaderElection25] INFO  impl.LeaderElection (LogUtils.java:infoOrTrace(149)) - 65d7ba33-73cf-428f-8fa2-8b778f097bac:group-FBB19C0E0420:LeaderElection25 got exception when requesting votes: {}
java.util.concurrent.ExecutionException: org.apache.ratis.thirdparty.io.grpc.StatusRuntimeException: UNAVAILABLE: io exception
	at java.util.concurrent.FutureTask.report(FutureTask.java:122)
	at java.util.concurrent.FutureTask.get(FutureTask.java:192)
	at org.apache.ratis.server.impl.LeaderElection.waitForResults(LeaderElection.java:262)
	at org.apache.ratis.server.impl.LeaderElection.askForVotes(LeaderElection.java:200)
	at org.apache.ratis.server.impl.LeaderElection.run(LeaderElection.java:130)
	at java.lang.Thread.run(Thread.java:748)
Caused by: org.apache.ratis.thirdparty.io.grpc.StatusRuntimeException: UNAVAILABLE: io exception
	at org.apache.ratis.thirdparty.io.grpc.stub.ClientCalls.toStatusRuntimeException(ClientCalls.java:233)
	at org.apache.ratis.thirdparty.io.grpc.stub.ClientCalls.getUnchecked(ClientCalls.java:214)
	at org.apache.ratis.thirdparty.io.grpc.stub.ClientCalls.blockingUnaryCall(ClientCalls.java:139)
	at org.apache.ratis.proto.grpc.RaftServerProtocolServiceGrpc$RaftServerProtocolServiceBlockingStub.requestVote(RaftServerProtocolServiceGrpc.java:265)
	at org.apache.ratis.grpc.server.GrpcServerProtocolClient.requestVote(GrpcServerProtocolClient.java:83)
	at org.apache.ratis.grpc.server.GrpcService.requestVote(GrpcService.java:195)
	at org.apache.ratis.server.impl.LeaderElection.lambda$submitRequests$1(LeaderElection.java:237)
	at java.util.concurrent.FutureTask.run(FutureTask.java:266)
	at java.util.concurrent.Executors$RunnableAdapter.call(Executors.java:511)
	at java.util.concurrent.FutureTask.run(FutureTask.java:266)
	at java.util.concurrent.ThreadPoolExecutor.runWorker(ThreadPoolExecutor.java:1149)
	at java.util.concurrent.ThreadPoolExecutor$Worker.run(ThreadPoolExecutor.java:624)
	... 1 more
Caused by: org.apache.ratis.thirdparty.io.netty.channel.AbstractChannel$AnnotatedConnectException: Connection refused: /192.168.69.127:33553
	at sun.nio.ch.SocketChannelImpl.checkConnect(Native Method)
	at sun.nio.ch.SocketChannelImpl.finishConnect(SocketChannelImpl.java:717)
	at org.apache.ratis.thirdparty.io.netty.channel.socket.nio.NioSocketChannel.doFinishConnect(NioSocketChannel.java:327)
	at org.apache.ratis.thirdparty.io.netty.channel.nio.AbstractNioChannel$AbstractNioUnsafe.finishConnect(AbstractNioChannel.java:340)
	at org.apache.ratis.thirdparty.io.netty.channel.nio.NioEventLoop.processSelectedKey(NioEventLoop.java:632)
	at org.apache.ratis.thirdparty.io.netty.channel.nio.NioEventLoop.processSelectedKeysOptimized(NioEventLoop.java:579)
	at org.apache.ratis.thirdparty.io.netty.channel.nio.NioEventLoop.processSelectedKeys(NioEventLoop.java:496)
	at org.apache.ratis.thirdparty.io.netty.channel.nio.NioEventLoop.run(NioEventLoop.java:458)
	at org.apache.ratis.thirdparty.io.netty.util.concurrent.SingleThreadEventExecutor$5.run(SingleThreadEventExecutor.java:897)
	at org.apache.ratis.thirdparty.io.netty.util.concurrent.FastThreadLocalRunnable.run(FastThreadLocalRunnable.java:30)
	... 1 more
Caused by: java.net.ConnectException: Connection refused
	... 11 more
2019-08-31 06:03:57,916 [65d7ba33-73cf-428f-8fa2-8b778f097bac:group-FBB19C0E0420:LeaderElection25] INFO  impl.LeaderElection (LeaderElection.java:logAndReturn(56)) - 65d7ba33-73cf-428f-8fa2-8b778f097bac:group-FBB19C0E0420:LeaderElection25: Election REJECTED; received 0 response(s) [] and 2 exception(s); 65d7ba33-73cf-428f-8fa2-8b778f097bac:t2, leader=null, voted=65d7ba33-73cf-428f-8fa2-8b778f097bac, raftlog=65d7ba33-73cf-428f-8fa2-8b778f097bac-SegmentedRaftLog:OPENED:c8,f8,i8, conf=0: [c9f78a1f-7704-4a39-8b7a-67be0f070410:192.168.69.127:33553, be6717d3-e2b4-4098-8560-d6596398ce3c:192.168.69.127:37525, 65d7ba33-73cf-428f-8fa2-8b778f097bac:192.168.69.127:44563], old=null
2019-08-31 06:03:57,916 [65d7ba33-73cf-428f-8fa2-8b778f097bac:group-FBB19C0E0420:LeaderElection25] INFO  impl.LeaderElection (LogUtils.java:infoOrTrace(149)) -   Exception 0: {}
java.util.concurrent.ExecutionException: org.apache.ratis.thirdparty.io.grpc.StatusRuntimeException: UNAVAILABLE: io exception
	at java.util.concurrent.FutureTask.report(FutureTask.java:122)
	at java.util.concurrent.FutureTask.get(FutureTask.java:192)
	at org.apache.ratis.server.impl.LeaderElection.waitForResults(LeaderElection.java:262)
	at org.apache.ratis.server.impl.LeaderElection.askForVotes(LeaderElection.java:200)
	at org.apache.ratis.server.impl.LeaderElection.run(LeaderElection.java:130)
	at java.lang.Thread.run(Thread.java:748)
Caused by: org.apache.ratis.thirdparty.io.grpc.StatusRuntimeException: UNAVAILABLE: io exception
	at org.apache.ratis.thirdparty.io.grpc.stub.ClientCalls.toStatusRuntimeException(ClientCalls.java:233)
	at org.apache.ratis.thirdparty.io.grpc.stub.ClientCalls.getUnchecked(ClientCalls.java:214)
	at org.apache.ratis.thirdparty.io.grpc.stub.ClientCalls.blockingUnaryCall(ClientCalls.java:139)
	at org.apache.ratis.proto.grpc.RaftServerProtocolServiceGrpc$RaftServerProtocolServiceBlockingStub.requestVote(RaftServerProtocolServiceGrpc.java:265)
	at org.apache.ratis.grpc.server.GrpcServerProtocolClient.requestVote(GrpcServerProtocolClient.java:83)
	at org.apache.ratis.grpc.server.GrpcService.requestVote(GrpcService.java:195)
	at org.apache.ratis.server.impl.LeaderElection.lambda$submitRequests$1(LeaderElection.java:237)
	at java.util.concurrent.FutureTask.run(FutureTask.java:266)
	at java.util.concurrent.Executors$RunnableAdapter.call(Executors.java:511)
	at java.util.concurrent.FutureTask.run(FutureTask.java:266)
	at java.util.concurrent.ThreadPoolExecutor.runWorker(ThreadPoolExecutor.java:1149)
	at java.util.concurrent.ThreadPoolExecutor$Worker.run(ThreadPoolExecutor.java:624)
	... 1 more
Caused by: org.apache.ratis.thirdparty.io.netty.channel.AbstractChannel$AnnotatedConnectException: Connection refused: /192.168.69.127:37525
	at sun.nio.ch.SocketChannelImpl.checkConnect(Native Method)
	at sun.nio.ch.SocketChannelImpl.finishConnect(SocketChannelImpl.java:717)
	at org.apache.ratis.thirdparty.io.netty.channel.socket.nio.NioSocketChannel.doFinishConnect(NioSocketChannel.java:327)
	at org.apache.ratis.thirdparty.io.netty.channel.nio.AbstractNioChannel$AbstractNioUnsafe.finishConnect(AbstractNioChannel.java:340)
	at org.apache.ratis.thirdparty.io.netty.channel.nio.NioEventLoop.processSelectedKey(NioEventLoop.java:632)
	at org.apache.ratis.thirdparty.io.netty.channel.nio.NioEventLoop.processSelectedKeysOptimized(NioEventLoop.java:579)
	at org.apache.ratis.thirdparty.io.netty.channel.nio.NioEventLoop.processSelectedKeys(NioEventLoop.java:496)
	at org.apache.ratis.thirdparty.io.netty.channel.nio.NioEventLoop.run(NioEventLoop.java:458)
	at org.apache.ratis.thirdparty.io.netty.util.concurrent.SingleThreadEventExecutor$5.run(SingleThreadEventExecutor.java:897)
	at org.apache.ratis.thirdparty.io.netty.util.concurrent.FastThreadLocalRunnable.run(FastThreadLocalRunnable.java:30)
	... 1 more
Caused by: java.net.ConnectException: Connection refused
	... 11 more
2019-08-31 06:03:57,917 [65d7ba33-73cf-428f-8fa2-8b778f097bac:group-FBB19C0E0420:LeaderElection25] INFO  impl.LeaderElection (LogUtils.java:infoOrTrace(149)) -   Exception 1: {}
java.util.concurrent.ExecutionException: org.apache.ratis.thirdparty.io.grpc.StatusRuntimeException: UNAVAILABLE: io exception
	at java.util.concurrent.FutureTask.report(FutureTask.java:122)
	at java.util.concurrent.FutureTask.get(FutureTask.java:192)
	at org.apache.ratis.server.impl.LeaderElection.waitForResults(LeaderElection.java:262)
	at org.apache.ratis.server.impl.LeaderElection.askForVotes(LeaderElection.java:200)
	at org.apache.ratis.server.impl.LeaderElection.run(LeaderElection.java:130)
	at java.lang.Thread.run(Thread.java:748)
Caused by: org.apache.ratis.thirdparty.io.grpc.StatusRuntimeException: UNAVAILABLE: io exception
	at org.apache.ratis.thirdparty.io.grpc.stub.ClientCalls.toStatusRuntimeException(ClientCalls.java:233)
	at org.apache.ratis.thirdparty.io.grpc.stub.ClientCalls.getUnchecked(ClientCalls.java:214)
	at org.apache.ratis.thirdparty.io.grpc.stub.ClientCalls.blockingUnaryCall(ClientCalls.java:139)
	at org.apache.ratis.proto.grpc.RaftServerProtocolServiceGrpc$RaftServerProtocolServiceBlockingStub.requestVote(RaftServerProtocolServiceGrpc.java:265)
	at org.apache.ratis.grpc.server.GrpcServerProtocolClient.requestVote(GrpcServerProtocolClient.java:83)
	at org.apache.ratis.grpc.server.GrpcService.requestVote(GrpcService.java:195)
	at org.apache.ratis.server.impl.LeaderElection.lambda$submitRequests$1(LeaderElection.java:237)
	at java.util.concurrent.FutureTask.run(FutureTask.java:266)
	at java.util.concurrent.Executors$RunnableAdapter.call(Executors.java:511)
	at java.util.concurrent.FutureTask.run(FutureTask.java:266)
	at java.util.concurrent.ThreadPoolExecutor.runWorker(ThreadPoolExecutor.java:1149)
	at java.util.concurrent.ThreadPoolExecutor$Worker.run(ThreadPoolExecutor.java:624)
	... 1 more
Caused by: org.apache.ratis.thirdparty.io.netty.channel.AbstractChannel$AnnotatedConnectException: Connection refused: /192.168.69.127:33553
	at sun.nio.ch.SocketChannelImpl.checkConnect(Native Method)
	at sun.nio.ch.SocketChannelImpl.finishConnect(SocketChannelImpl.java:717)
	at org.apache.ratis.thirdparty.io.netty.channel.socket.nio.NioSocketChannel.doFinishConnect(NioSocketChannel.java:327)
	at org.apache.ratis.thirdparty.io.netty.channel.nio.AbstractNioChannel$AbstractNioUnsafe.finishConnect(AbstractNioChannel.java:340)
	at org.apache.ratis.thirdparty.io.netty.channel.nio.NioEventLoop.processSelectedKey(NioEventLoop.java:632)
	at org.apache.ratis.thirdparty.io.netty.channel.nio.NioEventLoop.processSelectedKeysOptimized(NioEventLoop.java:579)
	at org.apache.ratis.thirdparty.io.netty.channel.nio.NioEventLoop.processSelectedKeys(NioEventLoop.java:496)
	at org.apache.ratis.thirdparty.io.netty.channel.nio.NioEventLoop.run(NioEventLoop.java:458)
	at org.apache.ratis.thirdparty.io.netty.util.concurrent.SingleThreadEventExecutor$5.run(SingleThreadEventExecutor.java:897)
	at org.apache.ratis.thirdparty.io.netty.util.concurrent.FastThreadLocalRunnable.run(FastThreadLocalRunnable.java:30)
	... 1 more
Caused by: java.net.ConnectException: Connection refused
	... 11 more
2019-08-31 06:03:57,918 [65d7ba33-73cf-428f-8fa2-8b778f097bac:group-FBB19C0E0420:LeaderElection25] INFO  impl.RaftServerImpl (RaftServerImpl.java:setRole(171)) - 65d7ba33-73cf-428f-8fa2-8b778f097bac:group-FBB19C0E0420 changes role from CANDIDATE to FOLLOWER at term 2 for DISCOVERED_A_NEW_TERM
2019-08-31 06:03:57,918 [65d7ba33-73cf-428f-8fa2-8b778f097bac:group-FBB19C0E0420:LeaderElection25] INFO  impl.RoleInfo (RoleInfo.java:shutdownLeaderElection(134)) - 65d7ba33-73cf-428f-8fa2-8b778f097bac: shutdown LeaderElection
2019-08-31 06:03:57,918 [65d7ba33-73cf-428f-8fa2-8b778f097bac:group-FBB19C0E0420:LeaderElection25] INFO  impl.RoleInfo (RoleInfo.java:updateAndGet(143)) - 65d7ba33-73cf-428f-8fa2-8b778f097bac: start FollowerState
2019-08-31 06:04:01,652 [ForkJoinPool.commonPool-worker-1] INFO  ozoneimpl.OzoneContainer (OzoneContainer.java:stop(215)) - Attempting to stop container services.
2019-08-31 06:04:01,653 [main] INFO  ozoneimpl.OzoneContainer (OzoneContainer.java:stop(215)) - Attempting to stop container services.
2019-08-31 06:04:01,653 [ForkJoinPool.commonPool-worker-1] INFO  impl.RaftServerProxy (RaftServerProxy.java:lambda$close$4(314)) - d1263130-17f8-4f58-a581-d3edf1a76ba2: close
2019-08-31 06:04:01,653 [main] INFO  impl.RaftServerProxy (RaftServerProxy.java:lambda$close$4(314)) - 65d7ba33-73cf-428f-8fa2-8b778f097bac: close
2019-08-31 06:04:01,654 [ForkJoinPool.commonPool-worker-1] INFO  impl.RaftServerImpl (RaftServerImpl.java:lambda$shutdown$3(245)) - d1263130-17f8-4f58-a581-d3edf1a76ba2: shutdown group-12B951339C10
2019-08-31 06:04:01,654 [main] INFO  impl.RaftServerImpl (RaftServerImpl.java:lambda$shutdown$3(245)) - 65d7ba33-73cf-428f-8fa2-8b778f097bac: shutdown group-20CECF5EB906
2019-08-31 06:04:01,654 [ForkJoinPool.commonPool-worker-1] INFO  util.JmxRegister (JmxRegister.java:unregister(73)) - Successfully un-registered JMX Bean with object name Ratis:service=RaftServer,group=group-12B951339C10,id=d1263130-17f8-4f58-a581-d3edf1a76ba2
2019-08-31 06:04:01,654 [main] INFO  util.JmxRegister (JmxRegister.java:unregister(73)) - Successfully un-registered JMX Bean with object name Ratis:service=RaftServer,group=group-20CECF5EB906,id=65d7ba33-73cf-428f-8fa2-8b778f097bac
2019-08-31 06:04:01,655 [ForkJoinPool.commonPool-worker-1] INFO  impl.RoleInfo (RoleInfo.java:shutdownLeaderState(104)) - d1263130-17f8-4f58-a581-d3edf1a76ba2: shutdown LeaderState
2019-08-31 06:04:01,655 [main] INFO  impl.RoleInfo (RoleInfo.java:shutdownLeaderState(104)) - 65d7ba33-73cf-428f-8fa2-8b778f097bac: shutdown LeaderState
2019-08-31 06:04:01,655 [ForkJoinPool.commonPool-worker-1] INFO  impl.PendingRequests (PendingRequests.java:sendNotLeaderResponses(202)) - d1263130-17f8-4f58-a581-d3edf1a76ba2-PendingRequests: sendNotLeaderResponses
2019-08-31 06:04:01,655 [main] INFO  impl.PendingRequests (PendingRequests.java:sendNotLeaderResponses(202)) - 65d7ba33-73cf-428f-8fa2-8b778f097bac-PendingRequests: sendNotLeaderResponses
2019-08-31 06:04:01,656 [ForkJoinPool.commonPool-worker-1] INFO  impl.StateMachineUpdater (StateMachineUpdater.java:stopAndJoin(115)) - StateMachineUpdater:d1263130-17f8-4f58-a581-d3edf1a76ba2:group-12B951339C10: set stopIndex = 0
2019-08-31 06:04:01,656 [main] INFO  impl.StateMachineUpdater (StateMachineUpdater.java:stopAndJoin(115)) - StateMachineUpdater:65d7ba33-73cf-428f-8fa2-8b778f097bac:group-20CECF5EB906: set stopIndex = 0
2019-08-31 06:04:01,656 [ForkJoinPool.commonPool-worker-1] INFO  impl.RaftServerImpl (ServerState.java:close(394)) - d1263130-17f8-4f58-a581-d3edf1a76ba2:group-12B951339C10 closes. The last applied log index is 0
2019-08-31 06:04:01,657 [main] INFO  impl.RaftServerImpl (ServerState.java:close(394)) - 65d7ba33-73cf-428f-8fa2-8b778f097bac:group-20CECF5EB906 closes. The last applied log index is 0
2019-08-31 06:04:01,657 [d1263130-17f8-4f58-a581-d3edf1a76ba2-SegmentedRaftLogWorker:Storage Directory /workdir/hadoop-ozone/integration-test/target/test-dir/MiniOzoneClusterImpl-08f3fe21-1a76-4db7-ba59-51f14a367526/datanode-0/data/ratis/af53e80e-c014-4436-8eba-12b951339c10] INFO  segmented.SegmentedRaftLogWorker (SegmentedRaftLogWorker.java:run(313)) - d1263130-17f8-4f58-a581-d3edf1a76ba2-SegmentedRaftLogWorker:Storage Directory /workdir/hadoop-ozone/integration-test/target/test-dir/MiniOzoneClusterImpl-08f3fe21-1a76-4db7-ba59-51f14a367526/datanode-0/data/ratis/af53e80e-c014-4436-8eba-12b951339c10 was interrupted, exiting. There are 0 tasks remaining in the queue.
2019-08-31 06:04:01,659 [65d7ba33-73cf-428f-8fa2-8b778f097bac-SegmentedRaftLogWorker:Storage Directory /workdir/hadoop-ozone/integration-test/target/test-dir/MiniOzoneClusterImpl-08f3fe21-1a76-4db7-ba59-51f14a367526/datanode-6/data/ratis/e158a795-05d5-46c9-8916-20cecf5eb906] INFO  segmented.SegmentedRaftLogWorker (SegmentedRaftLogWorker.java:run(313)) - 65d7ba33-73cf-428f-8fa2-8b778f097bac-SegmentedRaftLogWorker:Storage Directory /workdir/hadoop-ozone/integration-test/target/test-dir/MiniOzoneClusterImpl-08f3fe21-1a76-4db7-ba59-51f14a367526/datanode-6/data/ratis/e158a795-05d5-46c9-8916-20cecf5eb906 was interrupted, exiting. There are 0 tasks remaining in the queue.
2019-08-31 06:04:01,659 [ForkJoinPool.commonPool-worker-1] INFO  segmented.SegmentedRaftLogWorker (SegmentedRaftLogWorker.java:close(228)) - d1263130-17f8-4f58-a581-d3edf1a76ba2-SegmentedRaftLogWorker:Storage Directory /workdir/hadoop-ozone/integration-test/target/test-dir/MiniOzoneClusterImpl-08f3fe21-1a76-4db7-ba59-51f14a367526/datanode-0/data/ratis/af53e80e-c014-4436-8eba-12b951339c10 close()
2019-08-31 06:04:01,660 [main] INFO  segmented.SegmentedRaftLogWorker (SegmentedRaftLogWorker.java:close(228)) - 65d7ba33-73cf-428f-8fa2-8b778f097bac-SegmentedRaftLogWorker:Storage Directory /workdir/hadoop-ozone/integration-test/target/test-dir/MiniOzoneClusterImpl-08f3fe21-1a76-4db7-ba59-51f14a367526/datanode-6/data/ratis/e158a795-05d5-46c9-8916-20cecf5eb906 close()
2019-08-31 06:04:01,661 [ForkJoinPool.commonPool-worker-1] INFO  server.GrpcService (GrpcService.java:closeImpl(155)) - d1263130-17f8-4f58-a581-d3edf1a76ba2: shutdown server with port 36926 now
2019-08-31 06:04:01,667 [main] INFO  impl.RaftServerImpl (RaftServerImpl.java:lambda$shutdown$3(245)) - 65d7ba33-73cf-428f-8fa2-8b778f097bac: shutdown group-FBB19C0E0420
2019-08-31 06:04:01,668 [ForkJoinPool.commonPool-worker-1] INFO  server.GrpcService (GrpcService.java:closeImpl(163)) - d1263130-17f8-4f58-a581-d3edf1a76ba2: shutdown server with port 36926 successfully
2019-08-31 06:04:01,668 [main] INFO  util.JmxRegister (JmxRegister.java:unregister(73)) - Successfully un-registered JMX Bean with object name Ratis:service=RaftServer,group=group-FBB19C0E0420,id=65d7ba33-73cf-428f-8fa2-8b778f097bac
2019-08-31 06:04:01,669 [main] INFO  impl.RoleInfo (RoleInfo.java:shutdownFollowerState(121)) - 65d7ba33-73cf-428f-8fa2-8b778f097bac: shutdown FollowerState
2019-08-31 06:04:01,669 [main] INFO  impl.StateMachineUpdater (StateMachineUpdater.java:stopAndJoin(115)) - StateMachineUpdater:65d7ba33-73cf-428f-8fa2-8b778f097bac:group-FBB19C0E0420: set stopIndex = 8
2019-08-31 06:04:01,670 [refreshUsed-/workdir/hadoop-ozone/integration-test/target/test-dir/MiniOzoneClusterImpl-08f3fe21-1a76-4db7-ba59-51f14a367526/datanode-0/data/containers] WARN  fs.CachingGetSpaceUsed (CachingGetSpaceUsed.java:run(183)) - Thread Interrupted waiting to refresh disk information: sleep interrupted
2019-08-31 06:04:01,670 [StateMachineUpdater:65d7ba33-73cf-428f-8fa2-8b778f097bac:group-FBB19C0E0420] INFO  ratis.ContainerStateMachine (ContainerStateMachine.java:takeSnapshot(284)) - group-FBB19C0E0420: Taking a snapshot at:(t:1, i:6) file /workdir/hadoop-ozone/integration-test/target/test-dir/MiniOzoneClusterImpl-08f3fe21-1a76-4db7-ba59-51f14a367526/datanode-6/data/ratis/107d3d70-f8f9-4030-b5b4-fbb19c0e0420/sm/snapshot.1_6
2019-08-31 06:04:01,669 [Thread-1740] INFO  impl.FollowerState (FollowerState.java:run(114)) - 65d7ba33-73cf-428f-8fa2-8b778f097bac: FollowerState was interrupted: java.lang.InterruptedException: sleep interrupted
2019-08-31 06:04:01,683 [StateMachineUpdater:65d7ba33-73cf-428f-8fa2-8b778f097bac:group-FBB19C0E0420] INFO  ratis.ContainerStateMachine (ContainerStateMachine.java:takeSnapshot(295)) - group-FBB19C0E0420: Finished taking a snapshot at:(t:1, i:6) file:/workdir/hadoop-ozone/integration-test/target/test-dir/MiniOzoneClusterImpl-08f3fe21-1a76-4db7-ba59-51f14a367526/datanode-6/data/ratis/107d3d70-f8f9-4030-b5b4-fbb19c0e0420/sm/snapshot.1_6 time:14
2019-08-31 06:04:01,683 [StateMachineUpdater:65d7ba33-73cf-428f-8fa2-8b778f097bac:group-FBB19C0E0420] INFO  impl.StateMachineUpdater (StateMachineUpdater.java:takeSnapshot(242)) - StateMachineUpdater:65d7ba33-73cf-428f-8fa2-8b778f097bac:group-FBB19C0E0420: Took a snapshot at index 6
2019-08-31 06:04:01,683 [StateMachineUpdater:65d7ba33-73cf-428f-8fa2-8b778f097bac:group-FBB19C0E0420] INFO  impl.StateMachineUpdater (StateMachineUpdater.java:lambda$new$0(80)) - StateMachineUpdater:65d7ba33-73cf-428f-8fa2-8b778f097bac:group-FBB19C0E0420: snapshotIndex: updateIncreasingly -1 -> 6
2019-08-31 06:04:01,683 [ForkJoinPool.commonPool-worker-1] INFO  utils.BackgroundService (BackgroundService.java:shutdown(148)) - Shutting down service BlockDeletingService
2019-08-31 06:04:01,684 [main] INFO  impl.RaftServerImpl (ServerState.java:close(394)) - 65d7ba33-73cf-428f-8fa2-8b778f097bac:group-FBB19C0E0420 closes. The last applied log index is 8
2019-08-31 06:04:01,684 [65d7ba33-73cf-428f-8fa2-8b778f097bac-SegmentedRaftLogWorker:Storage Directory /workdir/hadoop-ozone/integration-test/target/test-dir/MiniOzoneClusterImpl-08f3fe21-1a76-4db7-ba59-51f14a367526/datanode-6/data/ratis/107d3d70-f8f9-4030-b5b4-fbb19c0e0420] INFO  segmented.SegmentedRaftLogWorker (SegmentedRaftLogWorker.java:run(313)) - 65d7ba33-73cf-428f-8fa2-8b778f097bac-SegmentedRaftLogWorker:Storage Directory /workdir/hadoop-ozone/integration-test/target/test-dir/MiniOzoneClusterImpl-08f3fe21-1a76-4db7-ba59-51f14a367526/datanode-6/data/ratis/107d3d70-f8f9-4030-b5b4-fbb19c0e0420 was interrupted, exiting. There are 0 tasks remaining in the queue.
2019-08-31 06:04:01,686 [main] INFO  segmented.SegmentedRaftLogWorker (SegmentedRaftLogWorker.java:close(228)) - 65d7ba33-73cf-428f-8fa2-8b778f097bac-SegmentedRaftLogWorker:Storage Directory /workdir/hadoop-ozone/integration-test/target/test-dir/MiniOzoneClusterImpl-08f3fe21-1a76-4db7-ba59-51f14a367526/datanode-6/data/ratis/107d3d70-f8f9-4030-b5b4-fbb19c0e0420 close()
2019-08-31 06:04:01,687 [ForkJoinPool.commonPool-worker-1] INFO  statemachine.DatanodeStateMachine (DatanodeStateMachine.java:stopDaemon(395)) - Ozone container server stopped.
2019-08-31 06:04:01,688 [main] INFO  server.GrpcService (GrpcService.java:closeImpl(155)) - 65d7ba33-73cf-428f-8fa2-8b778f097bac: shutdown server with port 44563 now
2019-08-31 06:04:01,692 [ForkJoinPool.commonPool-worker-1] INFO  handler.ContextHandler (ContextHandler.java:doStop(910)) - Stopped o.e.j.w.WebAppContext@33a55bd8{/,null,UNAVAILABLE}{/hddsDatanode}
2019-08-31 06:04:01,693 [main] INFO  server.GrpcService (GrpcService.java:closeImpl(163)) - 65d7ba33-73cf-428f-8fa2-8b778f097bac: shutdown server with port 44563 successfully
2019-08-31 06:04:01,693 [ForkJoinPool.commonPool-worker-1] INFO  server.AbstractConnector (AbstractConnector.java:doStop(318)) - Stopped ServerConnector@73a8e994{HTTP/1.1,[http/1.1]}{0.0.0.0:0}
2019-08-31 06:04:01,696 [grpc-default-executor-7] WARN  client.GrpcClientProtocolService (LogUtils.java:warn(134)) - 29-OrderedRequestStreamObserver29: onError: org.apache.ratis.thirdparty.io.grpc.StatusRuntimeException: CANCELLED: cancelled before receiving half close
2019-08-31 06:04:01,697 [ForkJoinPool.commonPool-worker-1] INFO  handler.ContextHandler (ContextHandler.java:doStop(910)) - Stopped o.e.j.s.ServletContextHandler@38cedb7d{/static,jar:file:/home/user/.m2/repository/org/apache/hadoop/hadoop-hdds-container-service/0.5.0-SNAPSHOT/hadoop-hdds-container-service-0.5.0-SNAPSHOT.jar!/webapps/static,UNAVAILABLE}
2019-08-31 06:04:01,697 [ForkJoinPool.commonPool-worker-1] INFO  handler.ContextHandler (ContextHandler.java:doStop(910)) - Stopped o.e.j.s.ServletContextHandler@2dbfcf7{/logs,file:///workdir/hadoop-ozone/integration-test/target/log,UNAVAILABLE}
2019-08-31 06:04:01,700 [refreshUsed-/workdir/hadoop-ozone/integration-test/target/test-dir/MiniOzoneClusterImpl-08f3fe21-1a76-4db7-ba59-51f14a367526/datanode-6/data/containers] WARN  fs.CachingGetSpaceUsed (CachingGetSpaceUsed.java:run(183)) - Thread Interrupted waiting to refresh disk information: sleep interrupted
2019-08-31 06:04:01,715 [main] INFO  utils.BackgroundService (BackgroundService.java:shutdown(148)) - Shutting down service BlockDeletingService
2019-08-31 06:04:01,719 [main] INFO  statemachine.DatanodeStateMachine (DatanodeStateMachine.java:stopDaemon(395)) - Ozone container server stopped.
2019-08-31 06:04:01,721 [main] INFO  handler.ContextHandler (ContextHandler.java:doStop(910)) - Stopped o.e.j.w.WebAppContext@de7e193{/,null,UNAVAILABLE}{/hddsDatanode}
2019-08-31 06:04:01,722 [main] INFO  server.AbstractConnector (AbstractConnector.java:doStop(318)) - Stopped ServerConnector@13e5d243{HTTP/1.1,[http/1.1]}{0.0.0.0:0}
2019-08-31 06:04:01,722 [main] INFO  handler.ContextHandler (ContextHandler.java:doStop(910)) - Stopped o.e.j.s.ServletContextHandler@4dde8976{/static,jar:file:/home/user/.m2/repository/org/apache/hadoop/hadoop-hdds-container-service/0.5.0-SNAPSHOT/hadoop-hdds-container-service-0.5.0-SNAPSHOT.jar!/webapps/static,UNAVAILABLE}
2019-08-31 06:04:01,723 [main] INFO  handler.ContextHandler (ContextHandler.java:doStop(910)) - Stopped o.e.j.s.ServletContextHandler@3408f695{/logs,file:///workdir/hadoop-ozone/integration-test/target/log,UNAVAILABLE}
2019-08-31 06:04:02,451 [Datanode State Machine Thread - 0] INFO  statemachine.DatanodeStateMachine (DatanodeStateMachine.java:lambda$startDaemon$0(350)) - Ozone container server started.
2019-08-31 06:04:03,505 [Thread-796] INFO  impl.FollowerState (FollowerState.java:run(106)) - ca67342a-fc2d-4b3c-849c-12f1afc677bb:group-7CC32E3369E5 changes to CANDIDATE, lastRpcTime:8585, electionTimeout:5029ms
2019-08-31 06:04:03,505 [Thread-796] INFO  impl.RoleInfo (RoleInfo.java:shutdownFollowerState(121)) - ca67342a-fc2d-4b3c-849c-12f1afc677bb: shutdown FollowerState
2019-08-31 06:04:03,505 [Thread-796] INFO  impl.RaftServerImpl (RaftServerImpl.java:setRole(171)) - ca67342a-fc2d-4b3c-849c-12f1afc677bb:group-7CC32E3369E5 changes role from FOLLOWER to CANDIDATE at term 1 for changeToCandidate
2019-08-31 06:04:03,505 [Thread-796] INFO  impl.RoleInfo (RoleInfo.java:updateAndGet(143)) - ca67342a-fc2d-4b3c-849c-12f1afc677bb: start LeaderElection
2019-08-31 06:04:03,507 [ca67342a-fc2d-4b3c-849c-12f1afc677bb:group-7CC32E3369E5:LeaderElection26] INFO  impl.RaftServerImpl (ServerState.java:setLeader(263)) - ca67342a-fc2d-4b3c-849c-12f1afc677bb:group-7CC32E3369E5 change Leader from d8a08337-d972-42b7-8129-7e1e1c0cc8b1 to null at term 1 for initElection
2019-08-31 06:04:03,533 [ca67342a-fc2d-4b3c-849c-12f1afc677bb:group-7CC32E3369E5:LeaderElection26] INFO  impl.LeaderElection (LeaderElection.java:askForVotes(181)) - ca67342a-fc2d-4b3c-849c-12f1afc677bb:group-7CC32E3369E5:LeaderElection26: begin an election at term 2 for 0: [1e87e662-ddb2-4042-9692-4141064b7de5:192.168.69.127:43336, ca67342a-fc2d-4b3c-849c-12f1afc677bb:192.168.69.127:40946, d8a08337-d972-42b7-8129-7e1e1c0cc8b1:192.168.69.127:40089], old=null
2019-08-31 06:04:03,542 [ca67342a-fc2d-4b3c-849c-12f1afc677bb:group-7CC32E3369E5:LeaderElection26] INFO  impl.LeaderElection (LogUtils.java:infoOrTrace(149)) - ca67342a-fc2d-4b3c-849c-12f1afc677bb:group-7CC32E3369E5:LeaderElection26 got exception when requesting votes: {}
java.util.concurrent.ExecutionException: org.apache.ratis.thirdparty.io.grpc.StatusRuntimeException: UNAVAILABLE: io exception
	at java.util.concurrent.FutureTask.report(FutureTask.java:122)
	at java.util.concurrent.FutureTask.get(FutureTask.java:192)
	at org.apache.ratis.server.impl.LeaderElection.waitForResults(LeaderElection.java:262)
	at org.apache.ratis.server.impl.LeaderElection.askForVotes(LeaderElection.java:200)
	at org.apache.ratis.server.impl.LeaderElection.run(LeaderElection.java:130)
	at java.lang.Thread.run(Thread.java:748)
Caused by: org.apache.ratis.thirdparty.io.grpc.StatusRuntimeException: UNAVAILABLE: io exception
	at org.apache.ratis.thirdparty.io.grpc.stub.ClientCalls.toStatusRuntimeException(ClientCalls.java:233)
	at org.apache.ratis.thirdparty.io.grpc.stub.ClientCalls.getUnchecked(ClientCalls.java:214)
	at org.apache.ratis.thirdparty.io.grpc.stub.ClientCalls.blockingUnaryCall(ClientCalls.java:139)
	at org.apache.ratis.proto.grpc.RaftServerProtocolServiceGrpc$RaftServerProtocolServiceBlockingStub.requestVote(RaftServerProtocolServiceGrpc.java:265)
	at org.apache.ratis.grpc.server.GrpcServerProtocolClient.requestVote(GrpcServerProtocolClient.java:83)
	at org.apache.ratis.grpc.server.GrpcService.requestVote(GrpcService.java:195)
	at org.apache.ratis.server.impl.LeaderElection.lambda$submitRequests$1(LeaderElection.java:237)
	at java.util.concurrent.FutureTask.run(FutureTask.java:266)
	at java.util.concurrent.Executors$RunnableAdapter.call(Executors.java:511)
	at java.util.concurrent.FutureTask.run(FutureTask.java:266)
	at java.util.concurrent.ThreadPoolExecutor.runWorker(ThreadPoolExecutor.java:1149)
	at java.util.concurrent.ThreadPoolExecutor$Worker.run(ThreadPoolExecutor.java:624)
	... 1 more
Caused by: org.apache.ratis.thirdparty.io.netty.channel.AbstractChannel$AnnotatedConnectException: Connection refused: /192.168.69.127:43336
	at sun.nio.ch.SocketChannelImpl.checkConnect(Native Method)
	at sun.nio.ch.SocketChannelImpl.finishConnect(SocketChannelImpl.java:717)
	at org.apache.ratis.thirdparty.io.netty.channel.socket.nio.NioSocketChannel.doFinishConnect(NioSocketChannel.java:327)
	at org.apache.ratis.thirdparty.io.netty.channel.nio.AbstractNioChannel$AbstractNioUnsafe.finishConnect(AbstractNioChannel.java:340)
	at org.apache.ratis.thirdparty.io.netty.channel.nio.NioEventLoop.processSelectedKey(NioEventLoop.java:632)
	at org.apache.ratis.thirdparty.io.netty.channel.nio.NioEventLoop.processSelectedKeysOptimized(NioEventLoop.java:579)
	at org.apache.ratis.thirdparty.io.netty.channel.nio.NioEventLoop.processSelectedKeys(NioEventLoop.java:496)
	at org.apache.ratis.thirdparty.io.netty.channel.nio.NioEventLoop.run(NioEventLoop.java:458)
	at org.apache.ratis.thirdparty.io.netty.util.concurrent.SingleThreadEventExecutor$5.run(SingleThreadEventExecutor.java:897)
	at org.apache.ratis.thirdparty.io.netty.util.concurrent.FastThreadLocalRunnable.run(FastThreadLocalRunnable.java:30)
	... 1 more
Caused by: java.net.ConnectException: Connection refused
	... 11 more
2019-08-31 06:04:03,544 [ca67342a-fc2d-4b3c-849c-12f1afc677bb:group-7CC32E3369E5:LeaderElection26] INFO  impl.LeaderElection (LogUtils.java:infoOrTrace(149)) - ca67342a-fc2d-4b3c-849c-12f1afc677bb:group-7CC32E3369E5:LeaderElection26 got exception when requesting votes: {}
java.util.concurrent.ExecutionException: org.apache.ratis.thirdparty.io.grpc.StatusRuntimeException: UNAVAILABLE: io exception
	at java.util.concurrent.FutureTask.report(FutureTask.java:122)
	at java.util.concurrent.FutureTask.get(FutureTask.java:192)
	at org.apache.ratis.server.impl.LeaderElection.waitForResults(LeaderElection.java:262)
	at org.apache.ratis.server.impl.LeaderElection.askForVotes(LeaderElection.java:200)
	at org.apache.ratis.server.impl.LeaderElection.run(LeaderElection.java:130)
	at java.lang.Thread.run(Thread.java:748)
Caused by: org.apache.ratis.thirdparty.io.grpc.StatusRuntimeException: UNAVAILABLE: io exception
	at org.apache.ratis.thirdparty.io.grpc.stub.ClientCalls.toStatusRuntimeException(ClientCalls.java:233)
	at org.apache.ratis.thirdparty.io.grpc.stub.ClientCalls.getUnchecked(ClientCalls.java:214)
	at org.apache.ratis.thirdparty.io.grpc.stub.ClientCalls.blockingUnaryCall(ClientCalls.java:139)
	at org.apache.ratis.proto.grpc.RaftServerProtocolServiceGrpc$RaftServerProtocolServiceBlockingStub.requestVote(RaftServerProtocolServiceGrpc.java:265)
	at org.apache.ratis.grpc.server.GrpcServerProtocolClient.requestVote(GrpcServerProtocolClient.java:83)
	at org.apache.ratis.grpc.server.GrpcService.requestVote(GrpcService.java:195)
	at org.apache.ratis.server.impl.LeaderElection.lambda$submitRequests$1(LeaderElection.java:237)
	at java.util.concurrent.FutureTask.run(FutureTask.java:266)
	at java.util.concurrent.Executors$RunnableAdapter.call(Executors.java:511)
	at java.util.concurrent.FutureTask.run(FutureTask.java:266)
	at java.util.concurrent.ThreadPoolExecutor.runWorker(ThreadPoolExecutor.java:1149)
	at java.util.concurrent.ThreadPoolExecutor$Worker.run(ThreadPoolExecutor.java:624)
	... 1 more
Caused by: org.apache.ratis.thirdparty.io.netty.channel.AbstractChannel$AnnotatedConnectException: Connection refused: /192.168.69.127:40089
	at sun.nio.ch.SocketChannelImpl.checkConnect(Native Method)
	at sun.nio.ch.SocketChannelImpl.finishConnect(SocketChannelImpl.java:717)
	at org.apache.ratis.thirdparty.io.netty.channel.socket.nio.NioSocketChannel.doFinishConnect(NioSocketChannel.java:327)
	at org.apache.ratis.thirdparty.io.netty.channel.nio.AbstractNioChannel$AbstractNioUnsafe.finishConnect(AbstractNioChannel.java:340)
	at org.apache.ratis.thirdparty.io.netty.channel.nio.NioEventLoop.processSelectedKey(NioEventLoop.java:632)
	at org.apache.ratis.thirdparty.io.netty.channel.nio.NioEventLoop.processSelectedKeysOptimized(NioEventLoop.java:579)
	at org.apache.ratis.thirdparty.io.netty.channel.nio.NioEventLoop.processSelectedKeys(NioEventLoop.java:496)
	at org.apache.ratis.thirdparty.io.netty.channel.nio.NioEventLoop.run(NioEventLoop.java:458)
	at org.apache.ratis.thirdparty.io.netty.util.concurrent.SingleThreadEventExecutor$5.run(SingleThreadEventExecutor.java:897)
	at org.apache.ratis.thirdparty.io.netty.util.concurrent.FastThreadLocalRunnable.run(FastThreadLocalRunnable.java:30)
	... 1 more
Caused by: java.net.ConnectException: Connection refused
	... 11 more
2019-08-31 06:04:03,546 [ca67342a-fc2d-4b3c-849c-12f1afc677bb:group-7CC32E3369E5:LeaderElection26] INFO  impl.LeaderElection (LeaderElection.java:logAndReturn(56)) - ca67342a-fc2d-4b3c-849c-12f1afc677bb:group-7CC32E3369E5:LeaderElection26: Election REJECTED; received 0 response(s) [] and 2 exception(s); ca67342a-fc2d-4b3c-849c-12f1afc677bb:t2, leader=null, voted=ca67342a-fc2d-4b3c-849c-12f1afc677bb, raftlog=ca67342a-fc2d-4b3c-849c-12f1afc677bb-SegmentedRaftLog:OPENED:c0,f0,i0, conf=0: [1e87e662-ddb2-4042-9692-4141064b7de5:192.168.69.127:43336, ca67342a-fc2d-4b3c-849c-12f1afc677bb:192.168.69.127:40946, d8a08337-d972-42b7-8129-7e1e1c0cc8b1:192.168.69.127:40089], old=null
2019-08-31 06:04:03,546 [ca67342a-fc2d-4b3c-849c-12f1afc677bb:group-7CC32E3369E5:LeaderElection26] INFO  impl.LeaderElection (LogUtils.java:infoOrTrace(149)) -   Exception 0: {}
java.util.concurrent.ExecutionException: org.apache.ratis.thirdparty.io.grpc.StatusRuntimeException: UNAVAILABLE: io exception
	at java.util.concurrent.FutureTask.report(FutureTask.java:122)
	at java.util.concurrent.FutureTask.get(FutureTask.java:192)
	at org.apache.ratis.server.impl.LeaderElection.waitForResults(LeaderElection.java:262)
	at org.apache.ratis.server.impl.LeaderElection.askForVotes(LeaderElection.java:200)
	at org.apache.ratis.server.impl.LeaderElection.run(LeaderElection.java:130)
	at java.lang.Thread.run(Thread.java:748)
Caused by: org.apache.ratis.thirdparty.io.grpc.StatusRuntimeException: UNAVAILABLE: io exception
	at org.apache.ratis.thirdparty.io.grpc.stub.ClientCalls.toStatusRuntimeException(ClientCalls.java:233)
	at org.apache.ratis.thirdparty.io.grpc.stub.ClientCalls.getUnchecked(ClientCalls.java:214)
	at org.apache.ratis.thirdparty.io.grpc.stub.ClientCalls.blockingUnaryCall(ClientCalls.java:139)
	at org.apache.ratis.proto.grpc.RaftServerProtocolServiceGrpc$RaftServerProtocolServiceBlockingStub.requestVote(RaftServerProtocolServiceGrpc.java:265)
	at org.apache.ratis.grpc.server.GrpcServerProtocolClient.requestVote(GrpcServerProtocolClient.java:83)
	at org.apache.ratis.grpc.server.GrpcService.requestVote(GrpcService.java:195)
	at org.apache.ratis.server.impl.LeaderElection.lambda$submitRequests$1(LeaderElection.java:237)
	at java.util.concurrent.FutureTask.run(FutureTask.java:266)
	at java.util.concurrent.Executors$RunnableAdapter.call(Executors.java:511)
	at java.util.concurrent.FutureTask.run(FutureTask.java:266)
	at java.util.concurrent.ThreadPoolExecutor.runWorker(ThreadPoolExecutor.java:1149)
	at java.util.concurrent.ThreadPoolExecutor$Worker.run(ThreadPoolExecutor.java:624)
	... 1 more
Caused by: org.apache.ratis.thirdparty.io.netty.channel.AbstractChannel$AnnotatedConnectException: Connection refused: /192.168.69.127:43336
	at sun.nio.ch.SocketChannelImpl.checkConnect(Native Method)
	at sun.nio.ch.SocketChannelImpl.finishConnect(SocketChannelImpl.java:717)
	at org.apache.ratis.thirdparty.io.netty.channel.socket.nio.NioSocketChannel.doFinishConnect(NioSocketChannel.java:327)
	at org.apache.ratis.thirdparty.io.netty.channel.nio.AbstractNioChannel$AbstractNioUnsafe.finishConnect(AbstractNioChannel.java:340)
	at org.apache.ratis.thirdparty.io.netty.channel.nio.NioEventLoop.processSelectedKey(NioEventLoop.java:632)
	at org.apache.ratis.thirdparty.io.netty.channel.nio.NioEventLoop.processSelectedKeysOptimized(NioEventLoop.java:579)
	at org.apache.ratis.thirdparty.io.netty.channel.nio.NioEventLoop.processSelectedKeys(NioEventLoop.java:496)
	at org.apache.ratis.thirdparty.io.netty.channel.nio.NioEventLoop.run(NioEventLoop.java:458)
	at org.apache.ratis.thirdparty.io.netty.util.concurrent.SingleThreadEventExecutor$5.run(SingleThreadEventExecutor.java:897)
	at org.apache.ratis.thirdparty.io.netty.util.concurrent.FastThreadLocalRunnable.run(FastThreadLocalRunnable.java:30)
	... 1 more
Caused by: java.net.ConnectException: Connection refused
	... 11 more
2019-08-31 06:04:03,547 [ca67342a-fc2d-4b3c-849c-12f1afc677bb:group-7CC32E3369E5:LeaderElection26] INFO  impl.LeaderElection (LogUtils.java:infoOrTrace(149)) -   Exception 1: {}
java.util.concurrent.ExecutionException: org.apache.ratis.thirdparty.io.grpc.StatusRuntimeException: UNAVAILABLE: io exception
	at java.util.concurrent.FutureTask.report(FutureTask.java:122)
	at java.util.concurrent.FutureTask.get(FutureTask.java:192)
	at org.apache.ratis.server.impl.LeaderElection.waitForResults(LeaderElection.java:262)
	at org.apache.ratis.server.impl.LeaderElection.askForVotes(LeaderElection.java:200)
	at org.apache.ratis.server.impl.LeaderElection.run(LeaderElection.java:130)
	at java.lang.Thread.run(Thread.java:748)
Caused by: org.apache.ratis.thirdparty.io.grpc.StatusRuntimeException: UNAVAILABLE: io exception
	at org.apache.ratis.thirdparty.io.grpc.stub.ClientCalls.toStatusRuntimeException(ClientCalls.java:233)
	at org.apache.ratis.thirdparty.io.grpc.stub.ClientCalls.getUnchecked(ClientCalls.java:214)
	at org.apache.ratis.thirdparty.io.grpc.stub.ClientCalls.blockingUnaryCall(ClientCalls.java:139)
	at org.apache.ratis.proto.grpc.RaftServerProtocolServiceGrpc$RaftServerProtocolServiceBlockingStub.requestVote(RaftServerProtocolServiceGrpc.java:265)
	at org.apache.ratis.grpc.server.GrpcServerProtocolClient.requestVote(GrpcServerProtocolClient.java:83)
	at org.apache.ratis.grpc.server.GrpcService.requestVote(GrpcService.java:195)
	at org.apache.ratis.server.impl.LeaderElection.lambda$submitRequests$1(LeaderElection.java:237)
	at java.util.concurrent.FutureTask.run(FutureTask.java:266)
	at java.util.concurrent.Executors$RunnableAdapter.call(Executors.java:511)
	at java.util.concurrent.FutureTask.run(FutureTask.java:266)
	at java.util.concurrent.ThreadPoolExecutor.runWorker(ThreadPoolExecutor.java:1149)
	at java.util.concurrent.ThreadPoolExecutor$Worker.run(ThreadPoolExecutor.java:624)
	... 1 more
Caused by: org.apache.ratis.thirdparty.io.netty.channel.AbstractChannel$AnnotatedConnectException: Connection refused: /192.168.69.127:40089
	at sun.nio.ch.SocketChannelImpl.checkConnect(Native Method)
	at sun.nio.ch.SocketChannelImpl.finishConnect(SocketChannelImpl.java:717)
	at org.apache.ratis.thirdparty.io.netty.channel.socket.nio.NioSocketChannel.doFinishConnect(NioSocketChannel.java:327)
	at org.apache.ratis.thirdparty.io.netty.channel.nio.AbstractNioChannel$AbstractNioUnsafe.finishConnect(AbstractNioChannel.java:340)
	at org.apache.ratis.thirdparty.io.netty.channel.nio.NioEventLoop.processSelectedKey(NioEventLoop.java:632)
	at org.apache.ratis.thirdparty.io.netty.channel.nio.NioEventLoop.processSelectedKeysOptimized(NioEventLoop.java:579)
	at org.apache.ratis.thirdparty.io.netty.channel.nio.NioEventLoop.processSelectedKeys(NioEventLoop.java:496)
	at org.apache.ratis.thirdparty.io.netty.channel.nio.NioEventLoop.run(NioEventLoop.java:458)
	at org.apache.ratis.thirdparty.io.netty.util.concurrent.SingleThreadEventExecutor$5.run(SingleThreadEventExecutor.java:897)
	at org.apache.ratis.thirdparty.io.netty.util.concurrent.FastThreadLocalRunnable.run(FastThreadLocalRunnable.java:30)
	... 1 more
Caused by: java.net.ConnectException: Connection refused
	... 11 more
2019-08-31 06:04:03,547 [ca67342a-fc2d-4b3c-849c-12f1afc677bb:group-7CC32E3369E5:LeaderElection26] INFO  impl.RaftServerImpl (RaftServerImpl.java:setRole(171)) - ca67342a-fc2d-4b3c-849c-12f1afc677bb:group-7CC32E3369E5 changes role from CANDIDATE to FOLLOWER at term 2 for DISCOVERED_A_NEW_TERM
2019-08-31 06:04:03,547 [ca67342a-fc2d-4b3c-849c-12f1afc677bb:group-7CC32E3369E5:LeaderElection26] INFO  impl.RoleInfo (RoleInfo.java:shutdownLeaderElection(134)) - ca67342a-fc2d-4b3c-849c-12f1afc677bb: shutdown LeaderElection
2019-08-31 06:04:03,548 [ca67342a-fc2d-4b3c-849c-12f1afc677bb:group-7CC32E3369E5:LeaderElection26] INFO  impl.RoleInfo (RoleInfo.java:updateAndGet(143)) - ca67342a-fc2d-4b3c-849c-12f1afc677bb: start FollowerState
2019-08-31 06:04:06,699 [ForkJoinPool.commonPool-worker-1] INFO  ozoneimpl.OzoneContainer (OzoneContainer.java:stop(215)) - Attempting to stop container services.
2019-08-31 06:04:06,700 [ForkJoinPool.commonPool-worker-1] INFO  impl.RaftServerProxy (RaftServerProxy.java:lambda$close$4(314)) - ca67342a-fc2d-4b3c-849c-12f1afc677bb: close
2019-08-31 06:04:06,700 [ForkJoinPool.commonPool-worker-1] INFO  impl.RaftServerImpl (RaftServerImpl.java:lambda$shutdown$3(245)) - ca67342a-fc2d-4b3c-849c-12f1afc677bb: shutdown group-7CC32E3369E5
2019-08-31 06:04:06,700 [ForkJoinPool.commonPool-worker-1] INFO  util.JmxRegister (JmxRegister.java:unregister(73)) - Successfully un-registered JMX Bean with object name Ratis:service=RaftServer,group=group-7CC32E3369E5,id=ca67342a-fc2d-4b3c-849c-12f1afc677bb
2019-08-31 06:04:06,701 [ForkJoinPool.commonPool-worker-1] INFO  impl.RoleInfo (RoleInfo.java:shutdownFollowerState(121)) - ca67342a-fc2d-4b3c-849c-12f1afc677bb: shutdown FollowerState
2019-08-31 06:04:06,701 [ForkJoinPool.commonPool-worker-1] INFO  impl.StateMachineUpdater (StateMachineUpdater.java:stopAndJoin(115)) - StateMachineUpdater:ca67342a-fc2d-4b3c-849c-12f1afc677bb:group-7CC32E3369E5: set stopIndex = 0
2019-08-31 06:04:06,702 [ForkJoinPool.commonPool-worker-1] INFO  impl.RaftServerImpl (ServerState.java:close(394)) - ca67342a-fc2d-4b3c-849c-12f1afc677bb:group-7CC32E3369E5 closes. The last applied log index is 0
2019-08-31 06:04:06,701 [Thread-1744] INFO  impl.FollowerState (FollowerState.java:run(114)) - ca67342a-fc2d-4b3c-849c-12f1afc677bb: FollowerState was interrupted: java.lang.InterruptedException: sleep interrupted
2019-08-31 06:04:06,704 [ca67342a-fc2d-4b3c-849c-12f1afc677bb-SegmentedRaftLogWorker:Storage Directory /workdir/hadoop-ozone/integration-test/target/test-dir/MiniOzoneClusterImpl-08f3fe21-1a76-4db7-ba59-51f14a367526/datanode-5/data/ratis/707f458a-137e-453b-be13-7cc32e3369e5] INFO  segmented.SegmentedRaftLogWorker (SegmentedRaftLogWorker.java:run(313)) - ca67342a-fc2d-4b3c-849c-12f1afc677bb-SegmentedRaftLogWorker:Storage Directory /workdir/hadoop-ozone/integration-test/target/test-dir/MiniOzoneClusterImpl-08f3fe21-1a76-4db7-ba59-51f14a367526/datanode-5/data/ratis/707f458a-137e-453b-be13-7cc32e3369e5 was interrupted, exiting. There are 0 tasks remaining in the queue.
2019-08-31 06:04:06,704 [ForkJoinPool.commonPool-worker-1] INFO  segmented.SegmentedRaftLogWorker (SegmentedRaftLogWorker.java:close(228)) - ca67342a-fc2d-4b3c-849c-12f1afc677bb-SegmentedRaftLogWorker:Storage Directory /workdir/hadoop-ozone/integration-test/target/test-dir/MiniOzoneClusterImpl-08f3fe21-1a76-4db7-ba59-51f14a367526/datanode-5/data/ratis/707f458a-137e-453b-be13-7cc32e3369e5 close()
2019-08-31 06:04:06,705 [ForkJoinPool.commonPool-worker-1] INFO  impl.RaftServerImpl (RaftServerImpl.java:lambda$shutdown$3(245)) - ca67342a-fc2d-4b3c-849c-12f1afc677bb: shutdown group-71294CFF61A2
2019-08-31 06:04:06,705 [ForkJoinPool.commonPool-worker-1] INFO  util.JmxRegister (JmxRegister.java:unregister(73)) - Successfully un-registered JMX Bean with object name Ratis:service=RaftServer,group=group-71294CFF61A2,id=ca67342a-fc2d-4b3c-849c-12f1afc677bb
2019-08-31 06:04:06,706 [ForkJoinPool.commonPool-worker-1] INFO  impl.RoleInfo (RoleInfo.java:shutdownLeaderState(104)) - ca67342a-fc2d-4b3c-849c-12f1afc677bb: shutdown LeaderState
2019-08-31 06:04:06,706 [ForkJoinPool.commonPool-worker-1] INFO  impl.PendingRequests (PendingRequests.java:sendNotLeaderResponses(202)) - ca67342a-fc2d-4b3c-849c-12f1afc677bb-PendingRequests: sendNotLeaderResponses
2019-08-31 06:04:06,707 [ForkJoinPool.commonPool-worker-1] INFO  impl.StateMachineUpdater (StateMachineUpdater.java:stopAndJoin(115)) - StateMachineUpdater:ca67342a-fc2d-4b3c-849c-12f1afc677bb:group-71294CFF61A2: set stopIndex = 0
2019-08-31 06:04:06,707 [ForkJoinPool.commonPool-worker-1] INFO  impl.RaftServerImpl (ServerState.java:close(394)) - ca67342a-fc2d-4b3c-849c-12f1afc677bb:group-71294CFF61A2 closes. The last applied log index is 0
2019-08-31 06:04:06,707 [ca67342a-fc2d-4b3c-849c-12f1afc677bb-SegmentedRaftLogWorker:Storage Directory /workdir/hadoop-ozone/integration-test/target/test-dir/MiniOzoneClusterImpl-08f3fe21-1a76-4db7-ba59-51f14a367526/datanode-5/data/ratis/bcfd8e08-b9db-4437-a2e4-71294cff61a2] INFO  segmented.SegmentedRaftLogWorker (SegmentedRaftLogWorker.java:run(313)) - ca67342a-fc2d-4b3c-849c-12f1afc677bb-SegmentedRaftLogWorker:Storage Directory /workdir/hadoop-ozone/integration-test/target/test-dir/MiniOzoneClusterImpl-08f3fe21-1a76-4db7-ba59-51f14a367526/datanode-5/data/ratis/bcfd8e08-b9db-4437-a2e4-71294cff61a2 was interrupted, exiting. There are 0 tasks remaining in the queue.
2019-08-31 06:04:06,708 [ForkJoinPool.commonPool-worker-1] INFO  segmented.SegmentedRaftLogWorker (SegmentedRaftLogWorker.java:close(228)) - ca67342a-fc2d-4b3c-849c-12f1afc677bb-SegmentedRaftLogWorker:Storage Directory /workdir/hadoop-ozone/integration-test/target/test-dir/MiniOzoneClusterImpl-08f3fe21-1a76-4db7-ba59-51f14a367526/datanode-5/data/ratis/bcfd8e08-b9db-4437-a2e4-71294cff61a2 close()
2019-08-31 06:04:06,708 [ForkJoinPool.commonPool-worker-1] INFO  server.GrpcService (GrpcService.java:closeImpl(155)) - ca67342a-fc2d-4b3c-849c-12f1afc677bb: shutdown server with port 40946 now
2019-08-31 06:04:06,711 [ForkJoinPool.commonPool-worker-1] INFO  server.GrpcService (GrpcService.java:closeImpl(163)) - ca67342a-fc2d-4b3c-849c-12f1afc677bb: shutdown server with port 40946 successfully
2019-08-31 06:04:06,714 [refreshUsed-/workdir/hadoop-ozone/integration-test/target/test-dir/MiniOzoneClusterImpl-08f3fe21-1a76-4db7-ba59-51f14a367526/datanode-5/data/containers] WARN  fs.CachingGetSpaceUsed (CachingGetSpaceUsed.java:run(183)) - Thread Interrupted waiting to refresh disk information: sleep interrupted
2019-08-31 06:04:06,734 [ForkJoinPool.commonPool-worker-1] INFO  utils.BackgroundService (BackgroundService.java:shutdown(148)) - Shutting down service BlockDeletingService
2019-08-31 06:04:06,737 [ForkJoinPool.commonPool-worker-1] INFO  statemachine.DatanodeStateMachine (DatanodeStateMachine.java:stopDaemon(395)) - Ozone container server stopped.
2019-08-31 06:04:06,740 [ForkJoinPool.commonPool-worker-1] INFO  handler.ContextHandler (ContextHandler.java:doStop(910)) - Stopped o.e.j.w.WebAppContext@687e6293{/,null,UNAVAILABLE}{/hddsDatanode}
2019-08-31 06:04:06,741 [ForkJoinPool.commonPool-worker-1] INFO  server.AbstractConnector (AbstractConnector.java:doStop(318)) - Stopped ServerConnector@6870c3c2{HTTP/1.1,[http/1.1]}{0.0.0.0:0}
2019-08-31 06:04:06,742 [ForkJoinPool.commonPool-worker-1] INFO  handler.ContextHandler (ContextHandler.java:doStop(910)) - Stopped o.e.j.s.ServletContextHandler@46dcbeab{/static,jar:file:/home/user/.m2/repository/org/apache/hadoop/hadoop-hdds-container-service/0.5.0-SNAPSHOT/hadoop-hdds-container-service-0.5.0-SNAPSHOT.jar!/webapps/static,UNAVAILABLE}
2019-08-31 06:04:06,742 [ForkJoinPool.commonPool-worker-1] INFO  handler.ContextHandler (ContextHandler.java:doStop(910)) - Stopped o.e.j.s.ServletContextHandler@27a09971{/logs,file:///workdir/hadoop-ozone/integration-test/target/log,UNAVAILABLE}
2019-08-31 06:04:06,743 [main] INFO  ozone.MiniOzoneClusterImpl (MiniOzoneClusterImpl.java:stop(339)) - Stopping the StorageContainerManager
2019-08-31 06:04:06,744 [main] INFO  server.StorageContainerManager (StorageContainerManager.java:stop(797)) - Stopping Replication Manager Service.
2019-08-31 06:04:06,744 [main] INFO  container.ReplicationManager (ReplicationManager.java:stop(203)) - Stopping Replication Monitor Thread.
2019-08-31 06:04:06,744 [main] INFO  server.StorageContainerManager (StorageContainerManager.java:stop(804)) - Stopping Lease Manager of the command watchers
2019-08-31 06:04:06,744 [main] INFO  server.StorageContainerManager (StorageContainerManager.java:stop(811)) - Stopping datanode service RPC server
2019-08-31 06:04:06,745 [main] INFO  server.SCMDatanodeProtocolServer (SCMDatanodeProtocolServer.java:stop(367)) - Stopping the RPC server for DataNodes
2019-08-31 06:04:06,745 [main] INFO  ipc.Server (Server.java:stop(3082)) - Stopping server on 40452
2019-08-31 06:04:06,747 [IPC Server listener on 40452] INFO  ipc.Server (Server.java:run(1185)) - Stopping IPC Server listener on 40452
2019-08-31 06:04:06,749 [IPC Server Responder] INFO  ipc.Server (Server.java:run(1319)) - Stopping IPC Server Responder
2019-08-31 06:04:06,828 [SCM Heartbeat Processing Thread - 0] WARN  node.NodeStateManager (NodeStateManager.java:scheduleNextHealthCheck(646)) - Current Thread is interrupted, shutting down HB processing thread for Node Manager.
2019-08-31 06:04:06,829 [main] INFO  server.StorageContainerManager (StorageContainerManager.java:stop(819)) - Stopping block service RPC server
2019-08-31 06:04:06,829 [main] INFO  server.SCMBlockProtocolServer (SCMBlockProtocolServer.java:stop(155)) - Stopping the RPC server for Block Protocol
2019-08-31 06:04:06,829 [main] INFO  ipc.Server (Server.java:stop(3082)) - Stopping server on 42596
2019-08-31 06:04:06,833 [IPC Server listener on 42596] INFO  ipc.Server (Server.java:run(1185)) - Stopping IPC Server listener on 42596
2019-08-31 06:04:06,833 [main] INFO  server.StorageContainerManager (StorageContainerManager.java:stop(826)) - Stopping the StorageContainerLocationProtocol RPC server
2019-08-31 06:04:06,833 [IPC Server Responder] INFO  ipc.Server (Server.java:run(1319)) - Stopping IPC Server Responder
2019-08-31 06:04:06,834 [main] INFO  server.SCMClientProtocolServer (SCMClientProtocolServer.java:stop(159)) - Stopping the RPC server for Client Protocol
2019-08-31 06:04:06,834 [main] INFO  ipc.Server (Server.java:stop(3082)) - Stopping server on 42375
2019-08-31 06:04:06,837 [IPC Server listener on 42375] INFO  ipc.Server (Server.java:run(1185)) - Stopping IPC Server listener on 42375
2019-08-31 06:04:06,837 [main] INFO  server.StorageContainerManager (StorageContainerManager.java:stop(833)) - Stopping Storage Container Manager HTTP server.
2019-08-31 06:04:06,837 [IPC Server Responder] INFO  ipc.Server (Server.java:run(1319)) - Stopping IPC Server Responder
2019-08-31 06:04:06,839 [main] INFO  handler.ContextHandler (ContextHandler.java:doStop(910)) - Stopped o.e.j.w.WebAppContext@49cb1baf{/,null,UNAVAILABLE}{/scm}
2019-08-31 06:04:06,840 [main] INFO  server.AbstractConnector (AbstractConnector.java:doStop(318)) - Stopped ServerConnector@3664f108{HTTP/1.1,[http/1.1]}{0.0.0.0:0}
2019-08-31 06:04:06,840 [main] INFO  handler.ContextHandler (ContextHandler.java:doStop(910)) - Stopped o.e.j.s.ServletContextHandler@1a8b81e8{/static,file:///workdir/hadoop-ozone/integration-test/target/test-classes/webapps/static,UNAVAILABLE}
2019-08-31 06:04:06,841 [main] INFO  handler.ContextHandler (ContextHandler.java:doStop(910)) - Stopped o.e.j.s.ServletContextHandler@7e307087{/logs,file:///workdir/hadoop-ozone/integration-test/target/log,UNAVAILABLE}
2019-08-31 06:04:06,842 [main] INFO  server.StorageContainerManager (StorageContainerManager.java:stop(844)) - Stopping Block Manager Service.
2019-08-31 06:04:06,842 [main] INFO  utils.BackgroundService (BackgroundService.java:shutdown(148)) - Shutting down service SCMBlockDeletingService
2019-08-31 06:04:06,842 [main] INFO  utils.BackgroundService (BackgroundService.java:shutdown(148)) - Shutting down service SCMBlockDeletingService
2019-08-31 06:04:06,843 [main] INFO  server.StorageContainerManager (StorageContainerManager.java:stop(866)) - Stopping SCM Event Queue.
2019-08-31 06:04:06,848 [main] INFO  impl.MetricsSystemImpl (MetricsSystemImpl.java:stop(210)) - Stopping HddsDatanode metrics system...
2019-08-31 06:04:06,854 [main] INFO  impl.MetricsSystemImpl (MetricsSystemImpl.java:stop(216)) - HddsDatanode metrics system stopped.
]]></system-out>
  </testcase>
</testsuite>