<?xml version="1.0" encoding="UTF-8"?>
<testsuite xmlns:xsi="http://www.w3.org/2001/XMLSchema-instance" xsi:noNamespaceSchemaLocation="https://maven.apache.org/surefire/maven-surefire-plugin/xsd/surefire-test-report.xsd" name="org.apache.hadoop.ozone.client.rpc.TestMultiBlockWritesWithDnFailures" time="148.074" tests="2" errors="1" skipped="0" failures="0">
  <properties>
    <property name="awt.toolkit" value="sun.awt.X11.XToolkit"/>
    <property name="file.encoding.pkg" value="sun.io"/>
    <property name="java.specification.version" value="1.8"/>
    <property name="sun.cpu.isalist" value=""/>
    <property name="sun.jnu.encoding" value="UTF-8"/>
    <property name="java.class.path" value="/workdir/hadoop-ozone/integration-test/target/test-classes:/workdir/hadoop-ozone/integration-test/target/classes:/home/user/.m2/repository/org/apache/hadoop/hadoop-ozone-common/0.5.0-SNAPSHOT/hadoop-ozone-common-0.5.0-SNAPSHOT.jar:/home/user/.m2/repository/org/apache/commons/commons-compress/1.4.1/commons-compress-1.4.1.jar:/home/user/.m2/repository/org/tukaani/xz/1.0/xz-1.0.jar:/home/user/.m2/repository/org/apache/hadoop/hadoop-common/3.2.0/hadoop-common-3.2.0.jar:/home/user/.m2/repository/org/apache/hadoop/hadoop-hdfs/3.2.0/hadoop-hdfs-3.2.0.jar:/home/user/.m2/repository/org/apache/hadoop/hadoop-hdfs-client/3.2.0/hadoop-hdfs-client-3.2.0.jar:/home/user/.m2/repository/com/fasterxml/jackson/core/jackson-annotations/2.9.5/jackson-annotations-2.9.5.jar:/home/user/.m2/repository/org/apache/hadoop/hadoop-hdds-common/0.5.0-SNAPSHOT/hadoop-hdds-common-0.5.0-SNAPSHOT.jar:/home/user/.m2/repository/javax/annotation/javax.annotation-api/1.2/javax.annotation-api-1.2.jar:/home/user/.m2/repository/org/apache/ratis/ratis-server/0.4.0-2337318-SNAPSHOT/ratis-server-0.4.0-2337318-SNAPSHOT.jar:/home/user/.m2/repository/org/apache/ratis/ratis-thirdparty-misc/0.2.0/ratis-thirdparty-misc-0.2.0.jar:/home/user/.m2/repository/org/apache/ratis/ratis-proto/0.4.0-2337318-SNAPSHOT/ratis-proto-0.4.0-2337318-SNAPSHOT.jar:/home/user/.m2/repository/org/apache/ratis/ratis-common/0.4.0-2337318-SNAPSHOT/ratis-common-0.4.0-2337318-SNAPSHOT.jar:/home/user/.m2/repository/org/apache/ratis/ratis-client/0.4.0-2337318-SNAPSHOT/ratis-client-0.4.0-2337318-SNAPSHOT.jar:/home/user/.m2/repository/org/apache/ratis/ratis-metrics/0.4.0-2337318-SNAPSHOT/ratis-metrics-0.4.0-2337318-SNAPSHOT.jar:/home/user/.m2/repository/org/apache/ratis/ratis-netty/0.4.0-2337318-SNAPSHOT/ratis-netty-0.4.0-2337318-SNAPSHOT.jar:/home/user/.m2/repository/org/apache/ratis/ratis-grpc/0.4.0-2337318-SNAPSHOT/ratis-grpc-0.4.0-2337318-SNAPSHOT.jar:/home/user/.m2/repository/org/rocksdb/rocksdbjni/6.0.1/rocksdbjni-6.0.1.jar:/home/user/.m2/repository/org/apache/logging/log4j/log4j-api/2.11.0/log4j-api-2.11.0.jar:/home/user/.m2/repository/org/apache/logging/log4j/log4j-core/2.11.0/log4j-core-2.11.0.jar:/home/user/.m2/repository/com/lmax/disruptor/3.4.2/disruptor-3.4.2.jar:/home/user/.m2/repository/org/apache/commons/commons-pool2/2.6.0/commons-pool2-2.6.0.jar:/home/user/.m2/repository/org/bouncycastle/bcpkix-jdk15on/1.60/bcpkix-jdk15on-1.60.jar:/home/user/.m2/repository/commons-validator/commons-validator/1.6/commons-validator-1.6.jar:/home/user/.m2/repository/commons-digester/commons-digester/1.8.1/commons-digester-1.8.1.jar:/home/user/.m2/repository/io/jaegertracing/jaeger-client/0.33.1/jaeger-client-0.33.1.jar:/home/user/.m2/repository/io/jaegertracing/jaeger-thrift/0.33.1/jaeger-thrift-0.33.1.jar:/home/user/.m2/repository/org/apache/thrift/libthrift/0.11.0/libthrift-0.11.0.jar:/home/user/.m2/repository/com/squareup/okhttp3/okhttp/3.9.0/okhttp-3.9.0.jar:/home/user/.m2/repository/com/squareup/okio/okio/1.13.0/okio-1.13.0.jar:/home/user/.m2/repository/io/jaegertracing/jaeger-core/0.33.1/jaeger-core-0.33.1.jar:/home/user/.m2/repository/io/jaegertracing/jaeger-tracerresolver/0.33.1/jaeger-tracerresolver-0.33.1.jar:/home/user/.m2/repository/io/opentracing/contrib/opentracing-tracerresolver/0.1.5/opentracing-tracerresolver-0.1.5.jar:/home/user/.m2/repository/io/opentracing/opentracing-util/0.31.0/opentracing-util-0.31.0.jar:/home/user/.m2/repository/io/opentracing/opentracing-api/0.31.0/opentracing-api-0.31.0.jar:/home/user/.m2/repository/io/opentracing/opentracing-noop/0.31.0/opentracing-noop-0.31.0.jar:/home/user/.m2/repository/org/apache/hadoop/hadoop-hdds-server-framework/0.5.0-SNAPSHOT/hadoop-hdds-server-framework-0.5.0-SNAPSHOT.jar:/home/user/.m2/repository/org/apache/hadoop/hadoop-hdds-container-service/0.5.0-SNAPSHOT/hadoop-hdds-container-service-0.5.0-SNAPSHOT.jar:/home/user/.m2/repository/org/apache/hadoop/hadoop-hdds-client/0.5.0-SNAPSHOT/hadoop-hdds-client-0.5.0-SNAPSHOT.jar:/home/user/.m2/repository/org/apache/hadoop/hadoop-hdds-tools/0.5.0-SNAPSHOT/hadoop-hdds-tools-0.5.0-SNAPSHOT.jar:/home/user/.m2/repository/org/apache/hadoop/hadoop-hdds-server-scm/0.5.0-SNAPSHOT/hadoop-hdds-server-scm-0.5.0-SNAPSHOT.jar:/home/user/.m2/repository/org/apache/hadoop/hadoop-hdds-docs/0.5.0-SNAPSHOT/hadoop-hdds-docs-0.5.0-SNAPSHOT.jar:/home/user/.m2/repository/io/dropwizard/metrics/metrics-core/3.2.4/metrics-core-3.2.4.jar:/home/user/.m2/repository/org/hamcrest/hamcrest-all/1.3/hamcrest-all-1.3.jar:/home/user/.m2/repository/org/bouncycastle/bcprov-jdk15on/1.60/bcprov-jdk15on-1.60.jar:/home/user/.m2/repository/info/picocli/picocli/3.9.6/picocli-3.9.6.jar:/home/user/.m2/repository/com/google/protobuf/protobuf-java/2.5.0/protobuf-java-2.5.0.jar:/home/user/.m2/repository/com/google/guava/guava/11.0.2/guava-11.0.2.jar:/home/user/.m2/repository/org/apache/hadoop/hadoop-ozone-ozone-manager/0.5.0-SNAPSHOT/hadoop-ozone-ozone-manager-0.5.0-SNAPSHOT.jar:/home/user/.m2/repository/org/apache/hadoop/hadoop-minikdc/3.2.0/hadoop-minikdc-3.2.0.jar:/home/user/.m2/repository/commons-io/commons-io/2.5/commons-io-2.5.jar:/home/user/.m2/repository/org/apache/kerby/kerb-simplekdc/1.0.1/kerb-simplekdc-1.0.1.jar:/home/user/.m2/repository/org/apache/kerby/kerb-client/1.0.1/kerb-client-1.0.1.jar:/home/user/.m2/repository/org/apache/kerby/kerby-config/1.0.1/kerby-config-1.0.1.jar:/home/user/.m2/repository/org/apache/kerby/kerb-core/1.0.1/kerb-core-1.0.1.jar:/home/user/.m2/repository/org/apache/kerby/kerby-pkix/1.0.1/kerby-pkix-1.0.1.jar:/home/user/.m2/repository/org/apache/kerby/kerby-asn1/1.0.1/kerby-asn1-1.0.1.jar:/home/user/.m2/repository/org/apache/kerby/kerby-util/1.0.1/kerby-util-1.0.1.jar:/home/user/.m2/repository/org/apache/kerby/kerb-common/1.0.1/kerb-common-1.0.1.jar:/home/user/.m2/repository/org/apache/kerby/kerb-crypto/1.0.1/kerb-crypto-1.0.1.jar:/home/user/.m2/repository/org/apache/kerby/kerb-util/1.0.1/kerb-util-1.0.1.jar:/home/user/.m2/repository/org/apache/kerby/token-provider/1.0.1/token-provider-1.0.1.jar:/home/user/.m2/repository/org/apache/kerby/kerb-admin/1.0.1/kerb-admin-1.0.1.jar:/home/user/.m2/repository/org/apache/kerby/kerb-server/1.0.1/kerb-server-1.0.1.jar:/home/user/.m2/repository/org/apache/kerby/kerb-identity/1.0.1/kerb-identity-1.0.1.jar:/home/user/.m2/repository/org/apache/kerby/kerby-xdr/1.0.1/kerby-xdr-1.0.1.jar:/home/user/.m2/repository/org/slf4j/slf4j-log4j12/1.7.25/slf4j-log4j12-1.7.25.jar:/home/user/.m2/repository/org/apache/hadoop/hadoop-ozone-objectstore-service/0.5.0-SNAPSHOT/hadoop-ozone-objectstore-service-0.5.0-SNAPSHOT.jar:/home/user/.m2/repository/org/apache/hadoop/hadoop-ozone-s3gateway/0.5.0-SNAPSHOT/hadoop-ozone-s3gateway-0.5.0-SNAPSHOT.jar:/home/user/.m2/repository/org/jboss/weld/servlet/weld-servlet/2.4.7.Final/weld-servlet-2.4.7.Final.jar:/home/user/.m2/repository/org/glassfish/jersey/containers/jersey-container-servlet-core/2.27/jersey-container-servlet-core-2.27.jar:/home/user/.m2/repository/org/glassfish/hk2/external/javax.inject/2.5.0-b42/javax.inject-2.5.0-b42.jar:/home/user/.m2/repository/org/glassfish/jersey/core/jersey-common/2.27/jersey-common-2.27.jar:/home/user/.m2/repository/org/glassfish/hk2/osgi-resource-locator/1.0.1/osgi-resource-locator-1.0.1.jar:/home/user/.m2/repository/javax/ws/rs/javax.ws.rs-api/2.1/javax.ws.rs-api-2.1.jar:/home/user/.m2/repository/org/glassfish/jersey/ext/cdi/jersey-cdi1x/2.27/jersey-cdi1x-2.27.jar:/home/user/.m2/repository/org/glassfish/jersey/inject/jersey-hk2/2.27/jersey-hk2-2.27.jar:/home/user/.m2/repository/org/glassfish/hk2/hk2-locator/2.5.0-b42/hk2-locator-2.5.0-b42.jar:/home/user/.m2/repository/org/javassist/javassist/3.22.0-CR2/javassist-3.22.0-CR2.jar:/home/user/.m2/repository/org/glassfish/hk2/hk2-api/2.5.0/hk2-api-2.5.0.jar:/home/user/.m2/repository/org/glassfish/hk2/external/jakarta.inject/2.5.0/jakarta.inject-2.5.0.jar:/home/user/.m2/repository/org/glassfish/hk2/hk2-utils/2.5.0/hk2-utils-2.5.0.jar:/home/user/.m2/repository/jakarta/annotation/jakarta.annotation-api/1.3.4/jakarta.annotation-api-1.3.4.jar:/home/user/.m2/repository/org/glassfish/hk2/external/aopalliance-repackaged/2.5.0/aopalliance-repackaged-2.5.0.jar:/home/user/.m2/repository/com/fasterxml/jackson/dataformat/jackson-dataformat-xml/2.9.0/jackson-dataformat-xml-2.9.0.jar:/home/user/.m2/repository/com/fasterxml/jackson/core/jackson-core/2.9.5/jackson-core-2.9.5.jar:/home/user/.m2/repository/com/fasterxml/jackson/module/jackson-module-jaxb-annotations/2.9.5/jackson-module-jaxb-annotations-2.9.5.jar:/home/user/.m2/repository/javax/enterprise/cdi-api/1.2/cdi-api-1.2.jar:/home/user/.m2/repository/javax/el/javax.el-api/3.0.0/javax.el-api-3.0.0.jar:/home/user/.m2/repository/javax/interceptor/javax.interceptor-api/1.2/javax.interceptor-api-1.2.jar:/home/user/.m2/repository/javax/inject/javax.inject/1/javax.inject-1.jar:/home/user/.m2/repository/com/sun/xml/bind/jaxb-impl/2.3.0.1/jaxb-impl-2.3.0.1.jar:/home/user/.m2/repository/com/sun/xml/bind/jaxb-core/2.3.0.1/jaxb-core-2.3.0.1.jar:/home/user/.m2/repository/javax/xml/bind/jaxb-api/2.3.0/jaxb-api-2.3.0.jar:/home/user/.m2/repository/javax/activation/activation/1.1.1/activation-1.1.1.jar:/home/user/.m2/repository/org/apache/hadoop/hadoop-ozone-csi/0.5.0-SNAPSHOT/hadoop-ozone-csi-0.5.0-SNAPSHOT.jar:/home/user/.m2/repository/com/google/protobuf/protobuf-java-util/3.5.1/protobuf-java-util-3.5.1.jar:/home/user/.m2/repository/org/apache/hadoop/hadoop-hdds-config/0.5.0-SNAPSHOT/hadoop-hdds-config-0.5.0-SNAPSHOT.jar:/home/user/.m2/repository/io/grpc/grpc-netty/1.17.1/grpc-netty-1.17.1.jar:/home/user/.m2/repository/io/grpc/grpc-core/1.17.1/grpc-core-1.17.1.jar:/home/user/.m2/repository/io/grpc/grpc-context/1.17.1/grpc-context-1.17.1.jar:/home/user/.m2/repository/com/google/errorprone/error_prone_annotations/2.2.0/error_prone_annotations-2.2.0.jar:/home/user/.m2/repository/org/codehaus/mojo/animal-sniffer-annotations/1.17/animal-sniffer-annotations-1.17.jar:/home/user/.m2/repository/io/opencensus/opencensus-api/0.17.0/opencensus-api-0.17.0.jar:/home/user/.m2/repository/io/opencensus/opencensus-contrib-grpc-metrics/0.17.0/opencensus-contrib-grpc-metrics-0.17.0.jar:/home/user/.m2/repository/io/netty/netty-codec-http2/4.1.30.Final/netty-codec-http2-4.1.30.Final.jar:/home/user/.m2/repository/io/netty/netty-codec-http/4.1.30.Final/netty-codec-http-4.1.30.Final.jar:/home/user/.m2/repository/io/netty/netty-codec/4.1.30.Final/netty-codec-4.1.30.Final.jar:/home/user/.m2/repository/io/netty/netty-handler/4.1.30.Final/netty-handler-4.1.30.Final.jar:/home/user/.m2/repository/io/netty/netty-handler-proxy/4.1.30.Final/netty-handler-proxy-4.1.30.Final.jar:/home/user/.m2/repository/io/netty/netty-codec-socks/4.1.30.Final/netty-codec-socks-4.1.30.Final.jar:/home/user/.m2/repository/io/netty/netty-transport-native-epoll/4.1.30.Final/netty-transport-native-epoll-4.1.30.Final.jar:/home/user/.m2/repository/io/netty/netty-common/4.1.30.Final/netty-common-4.1.30.Final.jar:/home/user/.m2/repository/io/netty/netty-buffer/4.1.30.Final/netty-buffer-4.1.30.Final.jar:/home/user/.m2/repository/io/netty/netty-transport/4.1.30.Final/netty-transport-4.1.30.Final.jar:/home/user/.m2/repository/io/netty/netty-resolver/4.1.30.Final/netty-resolver-4.1.30.Final.jar:/home/user/.m2/repository/io/netty/netty-transport-native-unix-common/4.1.30.Final/netty-transport-native-unix-common-4.1.30.Final.jar:/home/user/.m2/repository/io/grpc/grpc-protobuf/1.17.1/grpc-protobuf-1.17.1.jar:/home/user/.m2/repository/com/google/api/grpc/proto-google-common-protos/1.0.0/proto-google-common-protos-1.0.0.jar:/home/user/.m2/repository/io/grpc/grpc-protobuf-lite/1.17.1/grpc-protobuf-lite-1.17.1.jar:/home/user/.m2/repository/io/grpc/grpc-stub/1.17.1/grpc-stub-1.17.1.jar:/home/user/.m2/repository/org/apache/hadoop/hadoop-ozone-recon/0.5.0-SNAPSHOT/hadoop-ozone-recon-0.5.0-SNAPSHOT.jar:/home/user/.m2/repository/org/apache/hadoop/hadoop-ozone-reconcodegen/0.5.0-SNAPSHOT/hadoop-ozone-reconcodegen-0.5.0-SNAPSHOT.jar:/home/user/.m2/repository/com/google/inject/extensions/guice-multibindings/4.0/guice-multibindings-4.0.jar:/home/user/.m2/repository/com/google/inject/guice/4.0/guice-4.0.jar:/home/user/.m2/repository/aopalliance/aopalliance/1.0/aopalliance-1.0.jar:/home/user/.m2/repository/com/google/inject/extensions/guice-servlet/4.0/guice-servlet-4.0.jar:/home/user/.m2/repository/org/glassfish/jersey/containers/jersey-container-servlet/2.27/jersey-container-servlet-2.27.jar:/home/user/.m2/repository/org/glassfish/hk2/guice-bridge/2.5.0/guice-bridge-2.5.0.jar:/home/user/.m2/repository/org/glassfish/jersey/core/jersey-server/2.27/jersey-server-2.27.jar:/home/user/.m2/repository/org/glassfish/jersey/core/jersey-client/2.27/jersey-client-2.27.jar:/home/user/.m2/repository/org/glassfish/jersey/media/jersey-media-jaxb/2.27/jersey-media-jaxb-2.27.jar:/home/user/.m2/repository/javax/validation/validation-api/1.1.0.Final/validation-api-1.1.0.Final.jar:/home/user/.m2/repository/org/glassfish/jersey/media/jersey-media-json-jackson/2.27/jersey-media-json-jackson-2.27.jar:/home/user/.m2/repository/org/glassfish/jersey/ext/jersey-entity-filtering/2.27/jersey-entity-filtering-2.27.jar:/home/user/.m2/repository/com/google/inject/extensions/guice-assistedinject/4.0/guice-assistedinject-4.0.jar:/home/user/.m2/repository/org/jooq/jooq/3.11.10/jooq-3.11.10.jar:/home/user/.m2/repository/org/jooq/jooq-meta/3.11.10/jooq-meta-3.11.10.jar:/home/user/.m2/repository/org/jooq/jooq-codegen/3.11.10/jooq-codegen-3.11.10.jar:/home/user/.m2/repository/com/jolbox/bonecp/0.8.0.RELEASE/bonecp-0.8.0.RELEASE.jar:/home/user/.m2/repository/org/xerial/sqlite-jdbc/3.25.2/sqlite-jdbc-3.25.2.jar:/home/user/.m2/repository/org/springframework/spring-jdbc/5.1.3.RELEASE/spring-jdbc-5.1.3.RELEASE.jar:/home/user/.m2/repository/org/springframework/spring-beans/5.1.3.RELEASE/spring-beans-5.1.3.RELEASE.jar:/home/user/.m2/repository/org/springframework/spring-core/5.1.3.RELEASE/spring-core-5.1.3.RELEASE.jar:/home/user/.m2/repository/org/springframework/spring-jcl/5.1.3.RELEASE/spring-jcl-5.1.3.RELEASE.jar:/home/user/.m2/repository/org/springframework/spring-tx/5.1.3.RELEASE/spring-tx-5.1.3.RELEASE.jar:/home/user/.m2/repository/org/apache/hadoop/hadoop-ozone-client/0.5.0-SNAPSHOT/hadoop-ozone-client-0.5.0-SNAPSHOT.jar:/home/user/.m2/repository/commons-lang/commons-lang/2.6/commons-lang-2.6.jar:/home/user/.m2/repository/org/apache/hadoop/hadoop-ozone-ozone-manager/0.5.0-SNAPSHOT/hadoop-ozone-ozone-manager-0.5.0-SNAPSHOT-tests.jar:/home/user/.m2/repository/junit/junit/4.11/junit-4.11.jar:/home/user/.m2/repository/org/hamcrest/hamcrest-core/1.3/hamcrest-core-1.3.jar:/home/user/.m2/repository/org/openjdk/jmh/jmh-core/1.19/jmh-core-1.19.jar:/home/user/.m2/repository/net/sf/jopt-simple/jopt-simple/4.6/jopt-simple-4.6.jar:/home/user/.m2/repository/org/apache/commons/commons-math3/3.1.1/commons-math3-3.1.1.jar:/home/user/.m2/repository/org/openjdk/jmh/jmh-generator-annprocess/1.19/jmh-generator-annprocess-1.19.jar:/home/user/.m2/repository/org/mockito/mockito-all/1.8.5/mockito-all-1.8.5.jar:/home/user/.m2/repository/org/apache/hadoop/hadoop-kms/3.2.0/hadoop-kms-3.2.0.jar:/home/user/.m2/repository/org/apache/hadoop/hadoop-auth/3.2.0/hadoop-auth-3.2.0.jar:/home/user/.m2/repository/com/nimbusds/nimbus-jose-jwt/4.41.1/nimbus-jose-jwt-4.41.1.jar:/home/user/.m2/repository/com/github/stephenc/jcip/jcip-annotations/1.0-1/jcip-annotations-1.0-1.jar:/home/user/.m2/repository/net/minidev/json-smart/2.3/json-smart-2.3.jar:/home/user/.m2/repository/net/minidev/accessors-smart/1.2/accessors-smart-1.2.jar:/home/user/.m2/repository/org/ow2/asm/asm/5.0.4/asm-5.0.4.jar:/home/user/.m2/repository/org/apache/curator/curator-framework/2.12.0/curator-framework-2.12.0.jar:/home/user/.m2/repository/com/sun/jersey/jersey-core/1.19/jersey-core-1.19.jar:/home/user/.m2/repository/javax/ws/rs/jsr311-api/1.1.1/jsr311-api-1.1.1.jar:/home/user/.m2/repository/com/sun/jersey/jersey-server/1.19/jersey-server-1.19.jar:/home/user/.m2/repository/javax/servlet/javax.servlet-api/3.1.0/javax.servlet-api-3.1.0.jar:/home/user/.m2/repository/org/eclipse/jetty/jetty-server/9.3.24.v20180605/jetty-server-9.3.24.v20180605.jar:/home/user/.m2/repository/org/eclipse/jetty/jetty-http/9.3.24.v20180605/jetty-http-9.3.24.v20180605.jar:/home/user/.m2/repository/org/eclipse/jetty/jetty-io/9.3.24.v20180605/jetty-io-9.3.24.v20180605.jar:/home/user/.m2/repository/org/eclipse/jetty/jetty-webapp/9.3.24.v20180605/jetty-webapp-9.3.24.v20180605.jar:/home/user/.m2/repository/org/eclipse/jetty/jetty-xml/9.3.24.v20180605/jetty-xml-9.3.24.v20180605.jar:/home/user/.m2/repository/log4j/log4j/1.2.17/log4j-1.2.17.jar:/home/user/.m2/repository/org/slf4j/slf4j-api/1.7.25/slf4j-api-1.7.25.jar:/home/user/.m2/repository/org/slf4j/jul-to-slf4j/1.7.25/jul-to-slf4j-1.7.25.jar:/home/user/.m2/repository/org/eclipse/jetty/jetty-util/9.3.24.v20180605/jetty-util-9.3.24.v20180605.jar:/home/user/.m2/repository/com/fasterxml/jackson/core/jackson-databind/2.9.5/jackson-databind-2.9.5.jar:/home/user/.m2/repository/org/apache/hadoop/hadoop-kms/3.2.0/hadoop-kms-3.2.0-tests.jar:/home/user/.m2/repository/org/apache/hadoop/hadoop-hdds-server-scm/0.5.0-SNAPSHOT/hadoop-hdds-server-scm-0.5.0-SNAPSHOT-tests.jar:/home/user/.m2/repository/org/apache/hadoop/hadoop-hdds-container-service/0.5.0-SNAPSHOT/hadoop-hdds-container-service-0.5.0-SNAPSHOT-tests.jar:/home/user/.m2/repository/org/yaml/snakeyaml/1.16/snakeyaml-1.16.jar:/home/user/.m2/repository/org/apache/hadoop/hadoop-common/3.2.0/hadoop-common-3.2.0-tests.jar:/home/user/.m2/repository/org/apache/hadoop/hadoop-annotations/3.2.0/hadoop-annotations-3.2.0.jar:/usr/lib/jvm/java-1.8-openjdk/jre/../lib/tools.jar:/home/user/.m2/repository/commons-cli/commons-cli/1.2/commons-cli-1.2.jar:/home/user/.m2/repository/org/apache/httpcomponents/httpclient/4.5.2/httpclient-4.5.2.jar:/home/user/.m2/repository/org/apache/httpcomponents/httpcore/4.4.4/httpcore-4.4.4.jar:/home/user/.m2/repository/commons-codec/commons-codec/1.11/commons-codec-1.11.jar:/home/user/.m2/repository/commons-net/commons-net/3.6/commons-net-3.6.jar:/home/user/.m2/repository/commons-collections/commons-collections/3.2.2/commons-collections-3.2.2.jar:/home/user/.m2/repository/org/eclipse/jetty/jetty-servlet/9.3.24.v20180605/jetty-servlet-9.3.24.v20180605.jar:/home/user/.m2/repository/org/eclipse/jetty/jetty-security/9.3.24.v20180605/jetty-security-9.3.24.v20180605.jar:/home/user/.m2/repository/javax/servlet/jsp/jsp-api/2.1/jsp-api-2.1.jar:/home/user/.m2/repository/com/sun/jersey/jersey-servlet/1.19/jersey-servlet-1.19.jar:/home/user/.m2/repository/com/sun/jersey/jersey-json/1.19/jersey-json-1.19.jar:/home/user/.m2/repository/org/codehaus/jettison/jettison/1.1/jettison-1.1.jar:/home/user/.m2/repository/org/codehaus/jackson/jackson-core-asl/1.9.13/jackson-core-asl-1.9.13.jar:/home/user/.m2/repository/org/codehaus/jackson/jackson-mapper-asl/1.9.13/jackson-mapper-asl-1.9.13.jar:/home/user/.m2/repository/org/codehaus/jackson/jackson-jaxrs/1.9.13/jackson-jaxrs-1.9.13.jar:/home/user/.m2/repository/org/codehaus/jackson/jackson-xc/1.9.13/jackson-xc-1.9.13.jar:/home/user/.m2/repository/commons-logging/commons-logging/1.1.3/commons-logging-1.1.3.jar:/home/user/.m2/repository/commons-beanutils/commons-beanutils/1.9.3/commons-beanutils-1.9.3.jar:/home/user/.m2/repository/org/apache/commons/commons-configuration2/2.1.1/commons-configuration2-2.1.1.jar:/home/user/.m2/repository/org/apache/commons/commons-lang3/3.7/commons-lang3-3.7.jar:/home/user/.m2/repository/org/apache/commons/commons-text/1.4/commons-text-1.4.jar:/home/user/.m2/repository/org/apache/avro/avro/1.7.7/avro-1.7.7.jar:/home/user/.m2/repository/com/thoughtworks/paranamer/paranamer/2.3/paranamer-2.3.jar:/home/user/.m2/repository/org/xerial/snappy/snappy-java/1.0.5/snappy-java-1.0.5.jar:/home/user/.m2/repository/com/google/re2j/re2j/1.1/re2j-1.1.jar:/home/user/.m2/repository/com/google/code/gson/gson/2.2.4/gson-2.2.4.jar:/home/user/.m2/repository/com/jcraft/jsch/0.1.54/jsch-0.1.54.jar:/home/user/.m2/repository/org/apache/curator/curator-client/2.12.0/curator-client-2.12.0.jar:/home/user/.m2/repository/org/apache/curator/curator-recipes/2.12.0/curator-recipes-2.12.0.jar:/home/user/.m2/repository/com/google/code/findbugs/jsr305/3.0.0/jsr305-3.0.0.jar:/home/user/.m2/repository/org/apache/htrace/htrace-core4/4.1.0-incubating/htrace-core4-4.1.0-incubating.jar:/home/user/.m2/repository/org/apache/zookeeper/zookeeper/3.4.13/zookeeper-3.4.13.jar:/home/user/.m2/repository/org/apache/yetus/audience-annotations/0.5.0/audience-annotations-0.5.0.jar:/home/user/.m2/repository/org/codehaus/woodstox/stax2-api/3.1.4/stax2-api-3.1.4.jar:/home/user/.m2/repository/com/fasterxml/woodstox/woodstox-core/5.0.3/woodstox-core-5.0.3.jar:/home/user/.m2/repository/dnsjava/dnsjava/2.1.7/dnsjava-2.1.7.jar:/home/user/.m2/repository/org/apache/hadoop/hadoop-hdfs/3.2.0/hadoop-hdfs-3.2.0-tests.jar:/home/user/.m2/repository/org/eclipse/jetty/jetty-util-ajax/9.3.24.v20180605/jetty-util-ajax-9.3.24.v20180605.jar:/home/user/.m2/repository/commons-daemon/commons-daemon/1.0.13/commons-daemon-1.0.13.jar:/home/user/.m2/repository/io/netty/netty/3.10.5.Final/netty-3.10.5.Final.jar:/home/user/.m2/repository/io/netty/netty-all/4.0.52.Final/netty-all-4.0.52.Final.jar:/home/user/.m2/repository/org/fusesource/leveldbjni/leveldbjni-all/1.8/leveldbjni-all-1.8.jar:"/>
    <property name="java.vm.vendor" value="IcedTea"/>
    <property name="sun.arch.data.model" value="64"/>
    <property name="test.build.dir" value="/workdir/hadoop-ozone/integration-test/target/test-dir"/>
    <property name="test.cache.data" value=""/>
    <property name="java.vendor.url" value="https://icedtea.classpath.org"/>
    <property name="user.timezone" value=""/>
    <property name="java.vm.specification.version" value="1.8"/>
    <property name="os.name" value="Linux"/>
    <property name="test.build.data" value="/workdir/hadoop-ozone/integration-test/target/test-dir"/>
    <property name="user.country" value="US"/>
    <property name="sun.java.launcher" value="SUN_STANDARD"/>
    <property name="sun.boot.library.path" value="/usr/lib/jvm/java-1.8-openjdk/jre/lib/amd64"/>
    <property name="sun.java.command" value="/workdir/hadoop-ozone/integration-test/target/surefire/surefirebooter2775790009264924672.jar /workdir/hadoop-ozone/integration-test/target/surefire 2019-08-20T14-44-38_007-jvmRun1 surefire5435165860884716886tmp surefire_305498356861439723398tmp"/>
    <property name="test" value="!TestMiniChaosOzoneCluster"/>
    <property name="surefire.test.class.path" value="/workdir/hadoop-ozone/integration-test/target/test-classes:/workdir/hadoop-ozone/integration-test/target/classes:/home/user/.m2/repository/org/apache/hadoop/hadoop-ozone-common/0.5.0-SNAPSHOT/hadoop-ozone-common-0.5.0-SNAPSHOT.jar:/home/user/.m2/repository/org/apache/commons/commons-compress/1.4.1/commons-compress-1.4.1.jar:/home/user/.m2/repository/org/tukaani/xz/1.0/xz-1.0.jar:/home/user/.m2/repository/org/apache/hadoop/hadoop-common/3.2.0/hadoop-common-3.2.0.jar:/home/user/.m2/repository/org/apache/hadoop/hadoop-hdfs/3.2.0/hadoop-hdfs-3.2.0.jar:/home/user/.m2/repository/org/apache/hadoop/hadoop-hdfs-client/3.2.0/hadoop-hdfs-client-3.2.0.jar:/home/user/.m2/repository/com/fasterxml/jackson/core/jackson-annotations/2.9.5/jackson-annotations-2.9.5.jar:/home/user/.m2/repository/org/apache/hadoop/hadoop-hdds-common/0.5.0-SNAPSHOT/hadoop-hdds-common-0.5.0-SNAPSHOT.jar:/home/user/.m2/repository/javax/annotation/javax.annotation-api/1.2/javax.annotation-api-1.2.jar:/home/user/.m2/repository/org/apache/ratis/ratis-server/0.4.0-2337318-SNAPSHOT/ratis-server-0.4.0-2337318-SNAPSHOT.jar:/home/user/.m2/repository/org/apache/ratis/ratis-thirdparty-misc/0.2.0/ratis-thirdparty-misc-0.2.0.jar:/home/user/.m2/repository/org/apache/ratis/ratis-proto/0.4.0-2337318-SNAPSHOT/ratis-proto-0.4.0-2337318-SNAPSHOT.jar:/home/user/.m2/repository/org/apache/ratis/ratis-common/0.4.0-2337318-SNAPSHOT/ratis-common-0.4.0-2337318-SNAPSHOT.jar:/home/user/.m2/repository/org/apache/ratis/ratis-client/0.4.0-2337318-SNAPSHOT/ratis-client-0.4.0-2337318-SNAPSHOT.jar:/home/user/.m2/repository/org/apache/ratis/ratis-metrics/0.4.0-2337318-SNAPSHOT/ratis-metrics-0.4.0-2337318-SNAPSHOT.jar:/home/user/.m2/repository/org/apache/ratis/ratis-netty/0.4.0-2337318-SNAPSHOT/ratis-netty-0.4.0-2337318-SNAPSHOT.jar:/home/user/.m2/repository/org/apache/ratis/ratis-grpc/0.4.0-2337318-SNAPSHOT/ratis-grpc-0.4.0-2337318-SNAPSHOT.jar:/home/user/.m2/repository/org/rocksdb/rocksdbjni/6.0.1/rocksdbjni-6.0.1.jar:/home/user/.m2/repository/org/apache/logging/log4j/log4j-api/2.11.0/log4j-api-2.11.0.jar:/home/user/.m2/repository/org/apache/logging/log4j/log4j-core/2.11.0/log4j-core-2.11.0.jar:/home/user/.m2/repository/com/lmax/disruptor/3.4.2/disruptor-3.4.2.jar:/home/user/.m2/repository/org/apache/commons/commons-pool2/2.6.0/commons-pool2-2.6.0.jar:/home/user/.m2/repository/org/bouncycastle/bcpkix-jdk15on/1.60/bcpkix-jdk15on-1.60.jar:/home/user/.m2/repository/commons-validator/commons-validator/1.6/commons-validator-1.6.jar:/home/user/.m2/repository/commons-digester/commons-digester/1.8.1/commons-digester-1.8.1.jar:/home/user/.m2/repository/io/jaegertracing/jaeger-client/0.33.1/jaeger-client-0.33.1.jar:/home/user/.m2/repository/io/jaegertracing/jaeger-thrift/0.33.1/jaeger-thrift-0.33.1.jar:/home/user/.m2/repository/org/apache/thrift/libthrift/0.11.0/libthrift-0.11.0.jar:/home/user/.m2/repository/com/squareup/okhttp3/okhttp/3.9.0/okhttp-3.9.0.jar:/home/user/.m2/repository/com/squareup/okio/okio/1.13.0/okio-1.13.0.jar:/home/user/.m2/repository/io/jaegertracing/jaeger-core/0.33.1/jaeger-core-0.33.1.jar:/home/user/.m2/repository/io/jaegertracing/jaeger-tracerresolver/0.33.1/jaeger-tracerresolver-0.33.1.jar:/home/user/.m2/repository/io/opentracing/contrib/opentracing-tracerresolver/0.1.5/opentracing-tracerresolver-0.1.5.jar:/home/user/.m2/repository/io/opentracing/opentracing-util/0.31.0/opentracing-util-0.31.0.jar:/home/user/.m2/repository/io/opentracing/opentracing-api/0.31.0/opentracing-api-0.31.0.jar:/home/user/.m2/repository/io/opentracing/opentracing-noop/0.31.0/opentracing-noop-0.31.0.jar:/home/user/.m2/repository/org/apache/hadoop/hadoop-hdds-server-framework/0.5.0-SNAPSHOT/hadoop-hdds-server-framework-0.5.0-SNAPSHOT.jar:/home/user/.m2/repository/org/apache/hadoop/hadoop-hdds-container-service/0.5.0-SNAPSHOT/hadoop-hdds-container-service-0.5.0-SNAPSHOT.jar:/home/user/.m2/repository/org/apache/hadoop/hadoop-hdds-client/0.5.0-SNAPSHOT/hadoop-hdds-client-0.5.0-SNAPSHOT.jar:/home/user/.m2/repository/org/apache/hadoop/hadoop-hdds-tools/0.5.0-SNAPSHOT/hadoop-hdds-tools-0.5.0-SNAPSHOT.jar:/home/user/.m2/repository/org/apache/hadoop/hadoop-hdds-server-scm/0.5.0-SNAPSHOT/hadoop-hdds-server-scm-0.5.0-SNAPSHOT.jar:/home/user/.m2/repository/org/apache/hadoop/hadoop-hdds-docs/0.5.0-SNAPSHOT/hadoop-hdds-docs-0.5.0-SNAPSHOT.jar:/home/user/.m2/repository/io/dropwizard/metrics/metrics-core/3.2.4/metrics-core-3.2.4.jar:/home/user/.m2/repository/org/hamcrest/hamcrest-all/1.3/hamcrest-all-1.3.jar:/home/user/.m2/repository/org/bouncycastle/bcprov-jdk15on/1.60/bcprov-jdk15on-1.60.jar:/home/user/.m2/repository/info/picocli/picocli/3.9.6/picocli-3.9.6.jar:/home/user/.m2/repository/com/google/protobuf/protobuf-java/2.5.0/protobuf-java-2.5.0.jar:/home/user/.m2/repository/com/google/guava/guava/11.0.2/guava-11.0.2.jar:/home/user/.m2/repository/org/apache/hadoop/hadoop-ozone-ozone-manager/0.5.0-SNAPSHOT/hadoop-ozone-ozone-manager-0.5.0-SNAPSHOT.jar:/home/user/.m2/repository/org/apache/hadoop/hadoop-minikdc/3.2.0/hadoop-minikdc-3.2.0.jar:/home/user/.m2/repository/commons-io/commons-io/2.5/commons-io-2.5.jar:/home/user/.m2/repository/org/apache/kerby/kerb-simplekdc/1.0.1/kerb-simplekdc-1.0.1.jar:/home/user/.m2/repository/org/apache/kerby/kerb-client/1.0.1/kerb-client-1.0.1.jar:/home/user/.m2/repository/org/apache/kerby/kerby-config/1.0.1/kerby-config-1.0.1.jar:/home/user/.m2/repository/org/apache/kerby/kerb-core/1.0.1/kerb-core-1.0.1.jar:/home/user/.m2/repository/org/apache/kerby/kerby-pkix/1.0.1/kerby-pkix-1.0.1.jar:/home/user/.m2/repository/org/apache/kerby/kerby-asn1/1.0.1/kerby-asn1-1.0.1.jar:/home/user/.m2/repository/org/apache/kerby/kerby-util/1.0.1/kerby-util-1.0.1.jar:/home/user/.m2/repository/org/apache/kerby/kerb-common/1.0.1/kerb-common-1.0.1.jar:/home/user/.m2/repository/org/apache/kerby/kerb-crypto/1.0.1/kerb-crypto-1.0.1.jar:/home/user/.m2/repository/org/apache/kerby/kerb-util/1.0.1/kerb-util-1.0.1.jar:/home/user/.m2/repository/org/apache/kerby/token-provider/1.0.1/token-provider-1.0.1.jar:/home/user/.m2/repository/org/apache/kerby/kerb-admin/1.0.1/kerb-admin-1.0.1.jar:/home/user/.m2/repository/org/apache/kerby/kerb-server/1.0.1/kerb-server-1.0.1.jar:/home/user/.m2/repository/org/apache/kerby/kerb-identity/1.0.1/kerb-identity-1.0.1.jar:/home/user/.m2/repository/org/apache/kerby/kerby-xdr/1.0.1/kerby-xdr-1.0.1.jar:/home/user/.m2/repository/org/slf4j/slf4j-log4j12/1.7.25/slf4j-log4j12-1.7.25.jar:/home/user/.m2/repository/org/apache/hadoop/hadoop-ozone-objectstore-service/0.5.0-SNAPSHOT/hadoop-ozone-objectstore-service-0.5.0-SNAPSHOT.jar:/home/user/.m2/repository/org/apache/hadoop/hadoop-ozone-s3gateway/0.5.0-SNAPSHOT/hadoop-ozone-s3gateway-0.5.0-SNAPSHOT.jar:/home/user/.m2/repository/org/jboss/weld/servlet/weld-servlet/2.4.7.Final/weld-servlet-2.4.7.Final.jar:/home/user/.m2/repository/org/glassfish/jersey/containers/jersey-container-servlet-core/2.27/jersey-container-servlet-core-2.27.jar:/home/user/.m2/repository/org/glassfish/hk2/external/javax.inject/2.5.0-b42/javax.inject-2.5.0-b42.jar:/home/user/.m2/repository/org/glassfish/jersey/core/jersey-common/2.27/jersey-common-2.27.jar:/home/user/.m2/repository/org/glassfish/hk2/osgi-resource-locator/1.0.1/osgi-resource-locator-1.0.1.jar:/home/user/.m2/repository/javax/ws/rs/javax.ws.rs-api/2.1/javax.ws.rs-api-2.1.jar:/home/user/.m2/repository/org/glassfish/jersey/ext/cdi/jersey-cdi1x/2.27/jersey-cdi1x-2.27.jar:/home/user/.m2/repository/org/glassfish/jersey/inject/jersey-hk2/2.27/jersey-hk2-2.27.jar:/home/user/.m2/repository/org/glassfish/hk2/hk2-locator/2.5.0-b42/hk2-locator-2.5.0-b42.jar:/home/user/.m2/repository/org/javassist/javassist/3.22.0-CR2/javassist-3.22.0-CR2.jar:/home/user/.m2/repository/org/glassfish/hk2/hk2-api/2.5.0/hk2-api-2.5.0.jar:/home/user/.m2/repository/org/glassfish/hk2/external/jakarta.inject/2.5.0/jakarta.inject-2.5.0.jar:/home/user/.m2/repository/org/glassfish/hk2/hk2-utils/2.5.0/hk2-utils-2.5.0.jar:/home/user/.m2/repository/jakarta/annotation/jakarta.annotation-api/1.3.4/jakarta.annotation-api-1.3.4.jar:/home/user/.m2/repository/org/glassfish/hk2/external/aopalliance-repackaged/2.5.0/aopalliance-repackaged-2.5.0.jar:/home/user/.m2/repository/com/fasterxml/jackson/dataformat/jackson-dataformat-xml/2.9.0/jackson-dataformat-xml-2.9.0.jar:/home/user/.m2/repository/com/fasterxml/jackson/core/jackson-core/2.9.5/jackson-core-2.9.5.jar:/home/user/.m2/repository/com/fasterxml/jackson/module/jackson-module-jaxb-annotations/2.9.5/jackson-module-jaxb-annotations-2.9.5.jar:/home/user/.m2/repository/javax/enterprise/cdi-api/1.2/cdi-api-1.2.jar:/home/user/.m2/repository/javax/el/javax.el-api/3.0.0/javax.el-api-3.0.0.jar:/home/user/.m2/repository/javax/interceptor/javax.interceptor-api/1.2/javax.interceptor-api-1.2.jar:/home/user/.m2/repository/javax/inject/javax.inject/1/javax.inject-1.jar:/home/user/.m2/repository/com/sun/xml/bind/jaxb-impl/2.3.0.1/jaxb-impl-2.3.0.1.jar:/home/user/.m2/repository/com/sun/xml/bind/jaxb-core/2.3.0.1/jaxb-core-2.3.0.1.jar:/home/user/.m2/repository/javax/xml/bind/jaxb-api/2.3.0/jaxb-api-2.3.0.jar:/home/user/.m2/repository/javax/activation/activation/1.1.1/activation-1.1.1.jar:/home/user/.m2/repository/org/apache/hadoop/hadoop-ozone-csi/0.5.0-SNAPSHOT/hadoop-ozone-csi-0.5.0-SNAPSHOT.jar:/home/user/.m2/repository/com/google/protobuf/protobuf-java-util/3.5.1/protobuf-java-util-3.5.1.jar:/home/user/.m2/repository/org/apache/hadoop/hadoop-hdds-config/0.5.0-SNAPSHOT/hadoop-hdds-config-0.5.0-SNAPSHOT.jar:/home/user/.m2/repository/io/grpc/grpc-netty/1.17.1/grpc-netty-1.17.1.jar:/home/user/.m2/repository/io/grpc/grpc-core/1.17.1/grpc-core-1.17.1.jar:/home/user/.m2/repository/io/grpc/grpc-context/1.17.1/grpc-context-1.17.1.jar:/home/user/.m2/repository/com/google/errorprone/error_prone_annotations/2.2.0/error_prone_annotations-2.2.0.jar:/home/user/.m2/repository/org/codehaus/mojo/animal-sniffer-annotations/1.17/animal-sniffer-annotations-1.17.jar:/home/user/.m2/repository/io/opencensus/opencensus-api/0.17.0/opencensus-api-0.17.0.jar:/home/user/.m2/repository/io/opencensus/opencensus-contrib-grpc-metrics/0.17.0/opencensus-contrib-grpc-metrics-0.17.0.jar:/home/user/.m2/repository/io/netty/netty-codec-http2/4.1.30.Final/netty-codec-http2-4.1.30.Final.jar:/home/user/.m2/repository/io/netty/netty-codec-http/4.1.30.Final/netty-codec-http-4.1.30.Final.jar:/home/user/.m2/repository/io/netty/netty-codec/4.1.30.Final/netty-codec-4.1.30.Final.jar:/home/user/.m2/repository/io/netty/netty-handler/4.1.30.Final/netty-handler-4.1.30.Final.jar:/home/user/.m2/repository/io/netty/netty-handler-proxy/4.1.30.Final/netty-handler-proxy-4.1.30.Final.jar:/home/user/.m2/repository/io/netty/netty-codec-socks/4.1.30.Final/netty-codec-socks-4.1.30.Final.jar:/home/user/.m2/repository/io/netty/netty-transport-native-epoll/4.1.30.Final/netty-transport-native-epoll-4.1.30.Final.jar:/home/user/.m2/repository/io/netty/netty-common/4.1.30.Final/netty-common-4.1.30.Final.jar:/home/user/.m2/repository/io/netty/netty-buffer/4.1.30.Final/netty-buffer-4.1.30.Final.jar:/home/user/.m2/repository/io/netty/netty-transport/4.1.30.Final/netty-transport-4.1.30.Final.jar:/home/user/.m2/repository/io/netty/netty-resolver/4.1.30.Final/netty-resolver-4.1.30.Final.jar:/home/user/.m2/repository/io/netty/netty-transport-native-unix-common/4.1.30.Final/netty-transport-native-unix-common-4.1.30.Final.jar:/home/user/.m2/repository/io/grpc/grpc-protobuf/1.17.1/grpc-protobuf-1.17.1.jar:/home/user/.m2/repository/com/google/api/grpc/proto-google-common-protos/1.0.0/proto-google-common-protos-1.0.0.jar:/home/user/.m2/repository/io/grpc/grpc-protobuf-lite/1.17.1/grpc-protobuf-lite-1.17.1.jar:/home/user/.m2/repository/io/grpc/grpc-stub/1.17.1/grpc-stub-1.17.1.jar:/home/user/.m2/repository/org/apache/hadoop/hadoop-ozone-recon/0.5.0-SNAPSHOT/hadoop-ozone-recon-0.5.0-SNAPSHOT.jar:/home/user/.m2/repository/org/apache/hadoop/hadoop-ozone-reconcodegen/0.5.0-SNAPSHOT/hadoop-ozone-reconcodegen-0.5.0-SNAPSHOT.jar:/home/user/.m2/repository/com/google/inject/extensions/guice-multibindings/4.0/guice-multibindings-4.0.jar:/home/user/.m2/repository/com/google/inject/guice/4.0/guice-4.0.jar:/home/user/.m2/repository/aopalliance/aopalliance/1.0/aopalliance-1.0.jar:/home/user/.m2/repository/com/google/inject/extensions/guice-servlet/4.0/guice-servlet-4.0.jar:/home/user/.m2/repository/org/glassfish/jersey/containers/jersey-container-servlet/2.27/jersey-container-servlet-2.27.jar:/home/user/.m2/repository/org/glassfish/hk2/guice-bridge/2.5.0/guice-bridge-2.5.0.jar:/home/user/.m2/repository/org/glassfish/jersey/core/jersey-server/2.27/jersey-server-2.27.jar:/home/user/.m2/repository/org/glassfish/jersey/core/jersey-client/2.27/jersey-client-2.27.jar:/home/user/.m2/repository/org/glassfish/jersey/media/jersey-media-jaxb/2.27/jersey-media-jaxb-2.27.jar:/home/user/.m2/repository/javax/validation/validation-api/1.1.0.Final/validation-api-1.1.0.Final.jar:/home/user/.m2/repository/org/glassfish/jersey/media/jersey-media-json-jackson/2.27/jersey-media-json-jackson-2.27.jar:/home/user/.m2/repository/org/glassfish/jersey/ext/jersey-entity-filtering/2.27/jersey-entity-filtering-2.27.jar:/home/user/.m2/repository/com/google/inject/extensions/guice-assistedinject/4.0/guice-assistedinject-4.0.jar:/home/user/.m2/repository/org/jooq/jooq/3.11.10/jooq-3.11.10.jar:/home/user/.m2/repository/org/jooq/jooq-meta/3.11.10/jooq-meta-3.11.10.jar:/home/user/.m2/repository/org/jooq/jooq-codegen/3.11.10/jooq-codegen-3.11.10.jar:/home/user/.m2/repository/com/jolbox/bonecp/0.8.0.RELEASE/bonecp-0.8.0.RELEASE.jar:/home/user/.m2/repository/org/xerial/sqlite-jdbc/3.25.2/sqlite-jdbc-3.25.2.jar:/home/user/.m2/repository/org/springframework/spring-jdbc/5.1.3.RELEASE/spring-jdbc-5.1.3.RELEASE.jar:/home/user/.m2/repository/org/springframework/spring-beans/5.1.3.RELEASE/spring-beans-5.1.3.RELEASE.jar:/home/user/.m2/repository/org/springframework/spring-core/5.1.3.RELEASE/spring-core-5.1.3.RELEASE.jar:/home/user/.m2/repository/org/springframework/spring-jcl/5.1.3.RELEASE/spring-jcl-5.1.3.RELEASE.jar:/home/user/.m2/repository/org/springframework/spring-tx/5.1.3.RELEASE/spring-tx-5.1.3.RELEASE.jar:/home/user/.m2/repository/org/apache/hadoop/hadoop-ozone-client/0.5.0-SNAPSHOT/hadoop-ozone-client-0.5.0-SNAPSHOT.jar:/home/user/.m2/repository/commons-lang/commons-lang/2.6/commons-lang-2.6.jar:/home/user/.m2/repository/org/apache/hadoop/hadoop-ozone-ozone-manager/0.5.0-SNAPSHOT/hadoop-ozone-ozone-manager-0.5.0-SNAPSHOT-tests.jar:/home/user/.m2/repository/junit/junit/4.11/junit-4.11.jar:/home/user/.m2/repository/org/hamcrest/hamcrest-core/1.3/hamcrest-core-1.3.jar:/home/user/.m2/repository/org/openjdk/jmh/jmh-core/1.19/jmh-core-1.19.jar:/home/user/.m2/repository/net/sf/jopt-simple/jopt-simple/4.6/jopt-simple-4.6.jar:/home/user/.m2/repository/org/apache/commons/commons-math3/3.1.1/commons-math3-3.1.1.jar:/home/user/.m2/repository/org/openjdk/jmh/jmh-generator-annprocess/1.19/jmh-generator-annprocess-1.19.jar:/home/user/.m2/repository/org/mockito/mockito-all/1.8.5/mockito-all-1.8.5.jar:/home/user/.m2/repository/org/apache/hadoop/hadoop-kms/3.2.0/hadoop-kms-3.2.0.jar:/home/user/.m2/repository/org/apache/hadoop/hadoop-auth/3.2.0/hadoop-auth-3.2.0.jar:/home/user/.m2/repository/com/nimbusds/nimbus-jose-jwt/4.41.1/nimbus-jose-jwt-4.41.1.jar:/home/user/.m2/repository/com/github/stephenc/jcip/jcip-annotations/1.0-1/jcip-annotations-1.0-1.jar:/home/user/.m2/repository/net/minidev/json-smart/2.3/json-smart-2.3.jar:/home/user/.m2/repository/net/minidev/accessors-smart/1.2/accessors-smart-1.2.jar:/home/user/.m2/repository/org/ow2/asm/asm/5.0.4/asm-5.0.4.jar:/home/user/.m2/repository/org/apache/curator/curator-framework/2.12.0/curator-framework-2.12.0.jar:/home/user/.m2/repository/com/sun/jersey/jersey-core/1.19/jersey-core-1.19.jar:/home/user/.m2/repository/javax/ws/rs/jsr311-api/1.1.1/jsr311-api-1.1.1.jar:/home/user/.m2/repository/com/sun/jersey/jersey-server/1.19/jersey-server-1.19.jar:/home/user/.m2/repository/javax/servlet/javax.servlet-api/3.1.0/javax.servlet-api-3.1.0.jar:/home/user/.m2/repository/org/eclipse/jetty/jetty-server/9.3.24.v20180605/jetty-server-9.3.24.v20180605.jar:/home/user/.m2/repository/org/eclipse/jetty/jetty-http/9.3.24.v20180605/jetty-http-9.3.24.v20180605.jar:/home/user/.m2/repository/org/eclipse/jetty/jetty-io/9.3.24.v20180605/jetty-io-9.3.24.v20180605.jar:/home/user/.m2/repository/org/eclipse/jetty/jetty-webapp/9.3.24.v20180605/jetty-webapp-9.3.24.v20180605.jar:/home/user/.m2/repository/org/eclipse/jetty/jetty-xml/9.3.24.v20180605/jetty-xml-9.3.24.v20180605.jar:/home/user/.m2/repository/log4j/log4j/1.2.17/log4j-1.2.17.jar:/home/user/.m2/repository/org/slf4j/slf4j-api/1.7.25/slf4j-api-1.7.25.jar:/home/user/.m2/repository/org/slf4j/jul-to-slf4j/1.7.25/jul-to-slf4j-1.7.25.jar:/home/user/.m2/repository/org/eclipse/jetty/jetty-util/9.3.24.v20180605/jetty-util-9.3.24.v20180605.jar:/home/user/.m2/repository/com/fasterxml/jackson/core/jackson-databind/2.9.5/jackson-databind-2.9.5.jar:/home/user/.m2/repository/org/apache/hadoop/hadoop-kms/3.2.0/hadoop-kms-3.2.0-tests.jar:/home/user/.m2/repository/org/apache/hadoop/hadoop-hdds-server-scm/0.5.0-SNAPSHOT/hadoop-hdds-server-scm-0.5.0-SNAPSHOT-tests.jar:/home/user/.m2/repository/org/apache/hadoop/hadoop-hdds-container-service/0.5.0-SNAPSHOT/hadoop-hdds-container-service-0.5.0-SNAPSHOT-tests.jar:/home/user/.m2/repository/org/yaml/snakeyaml/1.16/snakeyaml-1.16.jar:/home/user/.m2/repository/org/apache/hadoop/hadoop-common/3.2.0/hadoop-common-3.2.0-tests.jar:/home/user/.m2/repository/org/apache/hadoop/hadoop-annotations/3.2.0/hadoop-annotations-3.2.0.jar:/usr/lib/jvm/java-1.8-openjdk/jre/../lib/tools.jar:/home/user/.m2/repository/commons-cli/commons-cli/1.2/commons-cli-1.2.jar:/home/user/.m2/repository/org/apache/httpcomponents/httpclient/4.5.2/httpclient-4.5.2.jar:/home/user/.m2/repository/org/apache/httpcomponents/httpcore/4.4.4/httpcore-4.4.4.jar:/home/user/.m2/repository/commons-codec/commons-codec/1.11/commons-codec-1.11.jar:/home/user/.m2/repository/commons-net/commons-net/3.6/commons-net-3.6.jar:/home/user/.m2/repository/commons-collections/commons-collections/3.2.2/commons-collections-3.2.2.jar:/home/user/.m2/repository/org/eclipse/jetty/jetty-servlet/9.3.24.v20180605/jetty-servlet-9.3.24.v20180605.jar:/home/user/.m2/repository/org/eclipse/jetty/jetty-security/9.3.24.v20180605/jetty-security-9.3.24.v20180605.jar:/home/user/.m2/repository/javax/servlet/jsp/jsp-api/2.1/jsp-api-2.1.jar:/home/user/.m2/repository/com/sun/jersey/jersey-servlet/1.19/jersey-servlet-1.19.jar:/home/user/.m2/repository/com/sun/jersey/jersey-json/1.19/jersey-json-1.19.jar:/home/user/.m2/repository/org/codehaus/jettison/jettison/1.1/jettison-1.1.jar:/home/user/.m2/repository/org/codehaus/jackson/jackson-core-asl/1.9.13/jackson-core-asl-1.9.13.jar:/home/user/.m2/repository/org/codehaus/jackson/jackson-mapper-asl/1.9.13/jackson-mapper-asl-1.9.13.jar:/home/user/.m2/repository/org/codehaus/jackson/jackson-jaxrs/1.9.13/jackson-jaxrs-1.9.13.jar:/home/user/.m2/repository/org/codehaus/jackson/jackson-xc/1.9.13/jackson-xc-1.9.13.jar:/home/user/.m2/repository/commons-logging/commons-logging/1.1.3/commons-logging-1.1.3.jar:/home/user/.m2/repository/commons-beanutils/commons-beanutils/1.9.3/commons-beanutils-1.9.3.jar:/home/user/.m2/repository/org/apache/commons/commons-configuration2/2.1.1/commons-configuration2-2.1.1.jar:/home/user/.m2/repository/org/apache/commons/commons-lang3/3.7/commons-lang3-3.7.jar:/home/user/.m2/repository/org/apache/commons/commons-text/1.4/commons-text-1.4.jar:/home/user/.m2/repository/org/apache/avro/avro/1.7.7/avro-1.7.7.jar:/home/user/.m2/repository/com/thoughtworks/paranamer/paranamer/2.3/paranamer-2.3.jar:/home/user/.m2/repository/org/xerial/snappy/snappy-java/1.0.5/snappy-java-1.0.5.jar:/home/user/.m2/repository/com/google/re2j/re2j/1.1/re2j-1.1.jar:/home/user/.m2/repository/com/google/code/gson/gson/2.2.4/gson-2.2.4.jar:/home/user/.m2/repository/com/jcraft/jsch/0.1.54/jsch-0.1.54.jar:/home/user/.m2/repository/org/apache/curator/curator-client/2.12.0/curator-client-2.12.0.jar:/home/user/.m2/repository/org/apache/curator/curator-recipes/2.12.0/curator-recipes-2.12.0.jar:/home/user/.m2/repository/com/google/code/findbugs/jsr305/3.0.0/jsr305-3.0.0.jar:/home/user/.m2/repository/org/apache/htrace/htrace-core4/4.1.0-incubating/htrace-core4-4.1.0-incubating.jar:/home/user/.m2/repository/org/apache/zookeeper/zookeeper/3.4.13/zookeeper-3.4.13.jar:/home/user/.m2/repository/org/apache/yetus/audience-annotations/0.5.0/audience-annotations-0.5.0.jar:/home/user/.m2/repository/org/codehaus/woodstox/stax2-api/3.1.4/stax2-api-3.1.4.jar:/home/user/.m2/repository/com/fasterxml/woodstox/woodstox-core/5.0.3/woodstox-core-5.0.3.jar:/home/user/.m2/repository/dnsjava/dnsjava/2.1.7/dnsjava-2.1.7.jar:/home/user/.m2/repository/org/apache/hadoop/hadoop-hdfs/3.2.0/hadoop-hdfs-3.2.0-tests.jar:/home/user/.m2/repository/org/eclipse/jetty/jetty-util-ajax/9.3.24.v20180605/jetty-util-ajax-9.3.24.v20180605.jar:/home/user/.m2/repository/commons-daemon/commons-daemon/1.0.13/commons-daemon-1.0.13.jar:/home/user/.m2/repository/io/netty/netty/3.10.5.Final/netty-3.10.5.Final.jar:/home/user/.m2/repository/io/netty/netty-all/4.0.52.Final/netty-all-4.0.52.Final.jar:/home/user/.m2/repository/org/fusesource/leveldbjni/leveldbjni-all/1.8/leveldbjni-all-1.8.jar:"/>
    <property name="sun.cpu.endian" value="little"/>
    <property name="user.home" value="/home/user"/>
    <property name="user.language" value="en"/>
    <property name="java.specification.vendor" value="Oracle Corporation"/>
    <property name="java.home" value="/usr/lib/jvm/java-1.8-openjdk/jre"/>
    <property name="java.security.krb5.conf" value="/workdir/hadoop-ozone/integration-test/target/test-classes/krb5.conf"/>
    <property name="basedir" value="/workdir/hadoop-ozone/integration-test"/>
    <property name="file.separator" value="/"/>
    <property name="line.separator" value="&#10;"/>
    <property name="java.vm.specification.vendor" value="Oracle Corporation"/>
    <property name="java.specification.name" value="Java Platform API Specification"/>
    <property name="java.awt.graphicsenv" value="sun.awt.X11GraphicsEnvironment"/>
    <property name="surefire.real.class.path" value="/workdir/hadoop-ozone/integration-test/target/surefire/surefirebooter2775790009264924672.jar"/>
    <property name="hadoop.log.dir" value="/workdir/hadoop-ozone/integration-test/target/log"/>
    <property name="sun.boot.class.path" value="/usr/lib/jvm/java-1.8-openjdk/jre/lib/resources.jar:/usr/lib/jvm/java-1.8-openjdk/jre/lib/rt.jar:/usr/lib/jvm/java-1.8-openjdk/jre/lib/sunrsasign.jar:/usr/lib/jvm/java-1.8-openjdk/jre/lib/jsse.jar:/usr/lib/jvm/java-1.8-openjdk/jre/lib/jce.jar:/usr/lib/jvm/java-1.8-openjdk/jre/lib/charsets.jar:/usr/lib/jvm/java-1.8-openjdk/jre/lib/jfr.jar:/usr/lib/jvm/java-1.8-openjdk/jre/classes"/>
    <property name="sun.management.compiler" value="HotSpot 64-Bit Tiered Compilers"/>
    <property name="java.runtime.version" value="1.8.0_212-b04"/>
    <property name="java.net.preferIPv4Stack" value="true"/>
    <property name="user.name" value="jenkins1000"/>
    <property name="path.separator" value=":"/>
    <property name="java.security.egd" value="file:///dev/urandom"/>
    <property name="os.version" value="3.10.0-957.12.2.el7.x86_64"/>
    <property name="java.endorsed.dirs" value="/usr/lib/jvm/java-1.8-openjdk/jre/lib/endorsed"/>
    <property name="java.runtime.name" value="OpenJDK Runtime Environment"/>
    <property name="file.encoding" value="UTF-8"/>
    <property name="java.vm.name" value="OpenJDK 64-Bit Server VM"/>
    <property name="test.build.webapps" value=""/>
    <property name="localRepository" value="/home/user/.m2/repository"/>
    <property name="java.vendor.url.bug" value="https://icedtea.classpath.org/bugzilla"/>
    <property name="java.io.tmpdir" value="/tmp"/>
    <property name="require.test.libhadoop" value=""/>
    <property name="java.version" value="1.8.0_212"/>
    <property name="user.dir" value="/workdir/hadoop-ozone/integration-test"/>
    <property name="os.arch" value="amd64"/>
    <property name="java.vm.specification.name" value="Java Virtual Machine Specification"/>
    <property name="test.build.classes" value="/workdir/hadoop-ozone/integration-test/target/test-classes"/>
    <property name="java.awt.printerjob" value="sun.print.PSPrinterJob"/>
    <property name="sun.os.patch.level" value="unknown"/>
    <property name="hadoop.tmp.dir" value="/workdir/hadoop-ozone/integration-test/target/tmp"/>
    <property name="java.library.path" value="/usr/lib/jvm/java-1.8-openjdk/jre/lib/amd64/server:/usr/lib/jvm/java-1.8-openjdk/jre/lib/amd64:/usr/lib/jvm/java-1.8-openjdk/jre/../lib/amd64:/workdir/hadoop-ozone/integration-test/target/native/target/usr/local/lib:/workdir/hadoop-ozone/integration-test/../../hadoop-common-project/hadoop-common/target/native/target/usr/local/lib:/usr/java/packages/lib/amd64:/usr/lib64:/lib64:/lib:/usr/lib"/>
    <property name="java.vm.info" value="mixed mode"/>
    <property name="java.vendor" value="IcedTea"/>
    <property name="java.vm.version" value="25.212-b04"/>
    <property name="java.ext.dirs" value="/usr/lib/jvm/java-1.8-openjdk/jre/lib/ext:/usr/java/packages/lib/ext"/>
    <property name="sun.io.unicode.encoding" value="UnicodeLittle"/>
    <property name="java.class.version" value="52.0"/>
  </properties>
  <testcase name="testMultiBlockWritesWithIntermittentDnFailures" classname="org.apache.hadoop.ozone.client.rpc.TestMultiBlockWritesWithDnFailures" time="79.568"/>
  <testcase name="testMultiBlockWritesWithDnFailures" classname="org.apache.hadoop.ozone.client.rpc.TestMultiBlockWritesWithDnFailures" time="68.44">
    <error message="Allocated 0 blocks. Requested 1 blocks" type="INTERNAL_ERROR org.apache.hadoop.ozone.om.exceptions.OMException">INTERNAL_ERROR org.apache.hadoop.ozone.om.exceptions.OMException: Allocated 0 blocks. Requested 1 blocks
	at org.apache.hadoop.ozone.om.protocolPB.OzoneManagerProtocolClientSideTranslatorPB.handleError(OzoneManagerProtocolClientSideTranslatorPB.java:725)
	at org.apache.hadoop.ozone.om.protocolPB.OzoneManagerProtocolClientSideTranslatorPB.allocateBlock(OzoneManagerProtocolClientSideTranslatorPB.java:757)
	at org.apache.hadoop.ozone.client.io.BlockOutputStreamEntryPool.allocateNewBlock(BlockOutputStreamEntryPool.java:248)
	at org.apache.hadoop.ozone.client.io.BlockOutputStreamEntryPool.allocateBlockIfNeeded(BlockOutputStreamEntryPool.java:296)
	at org.apache.hadoop.ozone.client.io.KeyOutputStream.handleWrite(KeyOutputStream.java:201)
	at org.apache.hadoop.ozone.client.io.KeyOutputStream.handleRetry(KeyOutputStream.java:376)
	at org.apache.hadoop.ozone.client.io.KeyOutputStream.handleException(KeyOutputStream.java:325)
	at org.apache.hadoop.ozone.client.io.KeyOutputStream.handleWrite(KeyOutputStream.java:231)
	at org.apache.hadoop.ozone.client.io.KeyOutputStream.write(KeyOutputStream.java:193)
	at org.apache.hadoop.ozone.client.io.OzoneOutputStream.write(OzoneOutputStream.java:49)
	at java.io.OutputStream.write(OutputStream.java:75)
	at org.apache.hadoop.ozone.client.rpc.TestMultiBlockWritesWithDnFailures.testMultiBlockWritesWithDnFailures(TestMultiBlockWritesWithDnFailures.java:145)
	at sun.reflect.NativeMethodAccessorImpl.invoke0(Native Method)
	at sun.reflect.NativeMethodAccessorImpl.invoke(NativeMethodAccessorImpl.java:62)
	at sun.reflect.DelegatingMethodAccessorImpl.invoke(DelegatingMethodAccessorImpl.java:43)
	at java.lang.reflect.Method.invoke(Method.java:498)
	at org.junit.runners.model.FrameworkMethod$1.runReflectiveCall(FrameworkMethod.java:47)
	at org.junit.internal.runners.model.ReflectiveCallable.run(ReflectiveCallable.java:12)
	at org.junit.runners.model.FrameworkMethod.invokeExplosively(FrameworkMethod.java:44)
	at org.junit.internal.runners.statements.InvokeMethod.evaluate(InvokeMethod.java:17)
	at org.junit.internal.runners.statements.RunAfters.evaluate(RunAfters.java:27)
	at org.junit.runners.ParentRunner.runLeaf(ParentRunner.java:271)
	at org.junit.runners.BlockJUnit4ClassRunner.runChild(BlockJUnit4ClassRunner.java:70)
	at org.junit.runners.BlockJUnit4ClassRunner.runChild(BlockJUnit4ClassRunner.java:50)
	at org.junit.runners.ParentRunner$3.run(ParentRunner.java:238)
	at org.junit.runners.ParentRunner$1.schedule(ParentRunner.java:63)
	at org.junit.runners.ParentRunner.runChildren(ParentRunner.java:236)
	at org.junit.runners.ParentRunner.access$000(ParentRunner.java:53)
	at org.junit.runners.ParentRunner$2.evaluate(ParentRunner.java:229)
	at org.junit.runners.ParentRunner.run(ParentRunner.java:309)
	at org.apache.maven.surefire.junit4.JUnit4Provider.execute(JUnit4Provider.java:365)
	at org.apache.maven.surefire.junit4.JUnit4Provider.executeWithRerun(JUnit4Provider.java:273)
	at org.apache.maven.surefire.junit4.JUnit4Provider.executeTestSet(JUnit4Provider.java:238)
	at org.apache.maven.surefire.junit4.JUnit4Provider.invoke(JUnit4Provider.java:159)
	at org.apache.maven.surefire.booter.ForkedBooter.invokeProviderInSameClassLoader(ForkedBooter.java:384)
	at org.apache.maven.surefire.booter.ForkedBooter.runSuitesInProcess(ForkedBooter.java:345)
	at org.apache.maven.surefire.booter.ForkedBooter.execute(ForkedBooter.java:126)
	at org.apache.maven.surefire.booter.ForkedBooter.main(ForkedBooter.java:418)
</error>
    <system-out><![CDATA[2019-08-20 15:29:25,395 [main] WARN  server.ServerUtils (ServerUtils.java:getScmDbDir(145)) - ozone.scm.db.dirs is not configured. We recommend adding this setting. Falling back to ozone.metadata.dirs instead.
2019-08-20 15:29:25,422 [main] WARN  server.ServerUtils (ServerUtils.java:getScmDbDir(145)) - ozone.scm.db.dirs is not configured. We recommend adding this setting. Falling back to ozone.metadata.dirs instead.
2019-08-20 15:29:25,422 [main] WARN  server.ServerUtils (ServerUtils.java:getScmDbDir(145)) - ozone.scm.db.dirs is not configured. We recommend adding this setting. Falling back to ozone.metadata.dirs instead.
2019-08-20 15:29:25,423 [main] INFO  db.DBStoreBuilder (DBStoreBuilder.java:addTable(110)) - using custom profile for table: deletedBlocks
2019-08-20 15:29:25,423 [main] INFO  db.DBStoreBuilder (DBStoreBuilder.java:processTables(161)) - Using default column profile:DBProfile.DISK for Table:deletedBlocks
2019-08-20 15:29:25,423 [main] INFO  db.DBStoreBuilder (DBStoreBuilder.java:addTable(110)) - using custom profile for table: validCerts
2019-08-20 15:29:25,423 [main] INFO  db.DBStoreBuilder (DBStoreBuilder.java:processTables(161)) - Using default column profile:DBProfile.DISK for Table:validCerts
2019-08-20 15:29:25,424 [main] INFO  db.DBStoreBuilder (DBStoreBuilder.java:addTable(110)) - using custom profile for table: revokedCerts
2019-08-20 15:29:25,424 [main] INFO  db.DBStoreBuilder (DBStoreBuilder.java:processTables(161)) - Using default column profile:DBProfile.DISK for Table:revokedCerts
2019-08-20 15:29:25,424 [main] INFO  db.DBStoreBuilder (DBStoreBuilder.java:addTable(110)) - using custom profile for table: default
2019-08-20 15:29:25,424 [main] INFO  db.DBStoreBuilder (DBStoreBuilder.java:processTables(167)) - Using default column profile:DBProfile.DISK for Table:default
2019-08-20 15:29:25,424 [main] INFO  db.DBStoreBuilder (DBStoreBuilder.java:getDbProfile(198)) - Using default options. DBProfile.DISK
2019-08-20 15:29:25,577 [main] INFO  net.NodeSchemaLoader (NodeSchemaLoader.java:loadSchemaFromFile(125)) - Loading file from sun.misc.CompoundEnumeration@37c87fcc
2019-08-20 15:29:25,577 [main] INFO  net.NodeSchemaLoader (NodeSchemaLoader.java:loadSchema(171)) - Loading network topology layer schema file
2019-08-20 15:29:25,581 [main] INFO  node.SCMNodeManager (SCMNodeManager.java:<init>(121)) - Entering startup safe mode.
2019-08-20 15:29:25,582 [main] INFO  algorithms.ContainerPlacementPolicyFactory (ContainerPlacementPolicyFactory.java:getPolicy(55)) - Create container placement policy of type org.apache.hadoop.hdds.scm.container.placement.algorithms.SCMContainerPlacementRandom
2019-08-20 15:29:25,582 [main] WARN  server.ServerUtils (ServerUtils.java:getScmDbDir(145)) - ozone.scm.db.dirs is not configured. We recommend adding this setting. Falling back to ozone.metadata.dirs instead.
2019-08-20 15:29:25,645 [main] INFO  pipeline.SCMPipelineManager (SCMPipelineManager.java:initializePipelineState(126)) - No pipeline exists in current db
2019-08-20 15:29:25,645 [main] WARN  server.ServerUtils (ServerUtils.java:getScmDbDir(145)) - ozone.scm.db.dirs is not configured. We recommend adding this setting. Falling back to ozone.metadata.dirs instead.
2019-08-20 15:29:25,711 [main] WARN  events.EventQueue (EventQueue.java:fireEvent(175)) - No event handler registered for event TypedEvent{payloadType=SafeModeStatus, name='SafeModeStatus'}
2019-08-20 15:29:25,713 [main] INFO  ipc.CallQueueManager (CallQueueManager.java:<init>(84)) - Using callQueue: class java.util.concurrent.LinkedBlockingQueue, queueCapacity: 2000, scheduler: class org.apache.hadoop.ipc.DefaultRpcScheduler, ipcBackoff: false.
2019-08-20 15:29:25,713 [Socket Reader #1 for port 43185] INFO  ipc.Server (Server.java:run(1074)) - Starting Socket Reader #1 for port 43185
2019-08-20 15:29:25,715 [main] INFO  ipc.CallQueueManager (CallQueueManager.java:<init>(84)) - Using callQueue: class java.util.concurrent.LinkedBlockingQueue, queueCapacity: 2000, scheduler: class org.apache.hadoop.ipc.DefaultRpcScheduler, ipcBackoff: false.
2019-08-20 15:29:25,716 [Socket Reader #1 for port 46702] INFO  ipc.Server (Server.java:run(1074)) - Starting Socket Reader #1 for port 46702
2019-08-20 15:29:25,717 [main] INFO  ipc.CallQueueManager (CallQueueManager.java:<init>(84)) - Using callQueue: class java.util.concurrent.LinkedBlockingQueue, queueCapacity: 2000, scheduler: class org.apache.hadoop.ipc.DefaultRpcScheduler, ipcBackoff: false.
2019-08-20 15:29:25,718 [Socket Reader #1 for port 32995] INFO  ipc.Server (Server.java:run(1074)) - Starting Socket Reader #1 for port 32995
2019-08-20 15:29:25,720 [main] INFO  hdfs.DFSUtil (DFSUtil.java:httpServerTemplateForNNAndJN(1641)) - Starting Web-server for scm at: http://0.0.0.0:0
2019-08-20 15:29:25,722 [main] INFO  server.AuthenticationFilter (AuthenticationFilter.java:constructSecretProvider(240)) - Unable to initialize FileSignerSecretProvider, falling back to use random secrets.
2019-08-20 15:29:25,723 [main] WARN  http.HttpRequestLog (HttpRequestLog.java:getRequestLog(97)) - Jetty request log can only be enabled using Log4j
2019-08-20 15:29:25,725 [main] INFO  http.HttpServer2 (HttpServer2.java:addGlobalFilter(975)) - Added global filter 'safety' (class=org.apache.hadoop.http.HttpServer2$QuotingInputFilter)
2019-08-20 15:29:25,725 [main] INFO  http.HttpServer2 (HttpServer2.java:addFilter(948)) - Added filter static_user_filter (class=org.apache.hadoop.http.lib.StaticUserWebFilter$StaticUserFilter) to context scm
2019-08-20 15:29:25,725 [main] INFO  http.HttpServer2 (HttpServer2.java:addFilter(958)) - Added filter static_user_filter (class=org.apache.hadoop.http.lib.StaticUserWebFilter$StaticUserFilter) to context static
2019-08-20 15:29:25,726 [main] INFO  http.HttpServer2 (HttpServer2.java:addFilter(958)) - Added filter static_user_filter (class=org.apache.hadoop.http.lib.StaticUserWebFilter$StaticUserFilter) to context logs
2019-08-20 15:29:25,728 [main] INFO  server.StorageContainerManager (StorageContainerManager.java:start(759)) - StorageContainerLocationProtocol RPC server is listening at /0.0.0.0:32995
2019-08-20 15:29:25,729 [main] WARN  impl.MetricsConfig (MetricsConfig.java:loadFirst(134)) - Cannot locate configuration: tried hadoop-metrics2-storagecontainermanager.properties,hadoop-metrics2.properties
2019-08-20 15:29:25,730 [main] INFO  impl.MetricsSystemImpl (MetricsSystemImpl.java:startTimer(374)) - Scheduled Metric snapshot period at 10 second(s).
2019-08-20 15:29:25,730 [main] INFO  impl.MetricsSystemImpl (MetricsSystemImpl.java:start(191)) - StorageContainerManager metrics system started
2019-08-20 15:29:25,778 [main] INFO  server.SCMClientProtocolServer (SCMClientProtocolServer.java:start(151)) - RPC server for Client  is listening at /0.0.0.0:32995
2019-08-20 15:29:25,778 [IPC Server Responder] INFO  ipc.Server (Server.java:run(1314)) - IPC Server Responder: starting
2019-08-20 15:29:25,778 [IPC Server listener on 32995] INFO  ipc.Server (Server.java:run(1153)) - IPC Server listener on 32995: starting
2019-08-20 15:29:25,781 [main] INFO  server.StorageContainerManager (StorageContainerManager.java:start(769)) - ScmBlockLocationProtocol RPC server is listening at /0.0.0.0:46702
2019-08-20 15:29:25,782 [main] INFO  server.SCMBlockProtocolServer (SCMBlockProtocolServer.java:start(140)) - RPC server for Block Protocol is listening at /0.0.0.0:46702
2019-08-20 15:29:25,782 [IPC Server Responder] INFO  ipc.Server (Server.java:run(1314)) - IPC Server Responder: starting
2019-08-20 15:29:25,782 [IPC Server listener on 46702] INFO  ipc.Server (Server.java:run(1153)) - IPC Server listener on 46702: starting
2019-08-20 15:29:25,786 [main] INFO  server.StorageContainerManager (StorageContainerManager.java:start(773)) - ScmDatanodeProtocl RPC server is listening at /0.0.0.0:43185
2019-08-20 15:29:25,786 [main] INFO  server.SCMDatanodeProtocolServer (SCMDatanodeProtocolServer.java:start(191)) - RPC server for DataNodes is listening at /0.0.0.0:43185
2019-08-20 15:29:25,786 [IPC Server Responder] INFO  ipc.Server (Server.java:run(1314)) - IPC Server Responder: starting
2019-08-20 15:29:25,786 [IPC Server listener on 43185] INFO  ipc.Server (Server.java:run(1153)) - IPC Server listener on 43185: starting
2019-08-20 15:29:25,789 [main] INFO  http.HttpServer2 (HttpServer2.java:bindListener(1191)) - Jetty bound to port 42407
2019-08-20 15:29:25,790 [main] INFO  server.Server (Server.java:doStart(351)) - jetty-9.3.24.v20180605, build timestamp: 2018-06-05T17:11:56Z, git hash: 84205aa28f11a4f31f2a3b86d1bba2cc8ab69827
2019-08-20 15:29:25,791 [main] INFO  handler.ContextHandler (ContextHandler.java:doStart(781)) - Started o.e.j.s.ServletContextHandler@32328dc4{/logs,file:///workdir/hadoop-ozone/integration-test/target/log,AVAILABLE}
2019-08-20 15:29:25,792 [main] INFO  handler.ContextHandler (ContextHandler.java:doStart(781)) - Started o.e.j.s.ServletContextHandler@21540255{/static,file:///workdir/hadoop-ozone/integration-test/target/test-classes/webapps/static,AVAILABLE}
2019-08-20 15:29:25,798 [main] INFO  handler.ContextHandler (ContextHandler.java:doStart(781)) - Started o.e.j.w.WebAppContext@5342eec5{/,file:///workdir/hadoop-ozone/integration-test/target/test-classes/webapps/scm/,AVAILABLE}{/scm}
2019-08-20 15:29:25,798 [main] INFO  server.AbstractConnector (AbstractConnector.java:doStart(278)) - Started ServerConnector@60e47aab{HTTP/1.1,[http/1.1]}{0.0.0.0:42407}
2019-08-20 15:29:25,799 [main] INFO  server.Server (Server.java:doStart(419)) - Started @80451ms
2019-08-20 15:29:25,800 [main] INFO  server.BaseHttpServer (BaseHttpServer.java:updateConnectorAddress(213)) - HTTP server of SCM is listening at http://0.0.0.0:42407
2019-08-20 15:29:25,801 [main] WARN  server.ServerUtils (ServerUtils.java:getDBPath(222)) - ozone.om.db.dirs is not configured. We recommend adding this setting. Falling back to ozone.metadata.dirs instead.
2019-08-20 15:29:25,801 [org.apache.hadoop.util.JvmPauseMonitor$Monitor@adc8683] INFO  util.JvmPauseMonitor (JvmPauseMonitor.java:run(188)) - Starting JVM pause monitor
2019-08-20 15:29:25,811 [main] WARN  server.ServerUtils (ServerUtils.java:getDBPath(222)) - ozone.om.db.dirs is not configured. We recommend adding this setting. Falling back to ozone.metadata.dirs instead.
2019-08-20 15:29:25,811 [main] WARN  server.ServerUtils (ServerUtils.java:getDBPath(222)) - ozone.om.db.dirs is not configured. We recommend adding this setting. Falling back to ozone.metadata.dirs instead.
2019-08-20 15:29:25,811 [main] INFO  om.OzoneManager (OzoneManager.java:setOMNodeDetails(648)) - OM Service ID is not set. Setting it to the default ID: omServiceIdDefault
2019-08-20 15:29:25,811 [main] INFO  om.OzoneManager (OzoneManager.java:setOMNodeDetails(654)) - OM Node ID is not set. Setting it to the OmStorage's OmID: a24abb8d-4a0f-4067-9d75-faeb9cda1850
2019-08-20 15:29:25,812 [main] INFO  om.OzoneManager (OzoneManager.java:loadOMHAConfigs(605)) - Found matching OM address with OMServiceId: null, OMNodeId: null, RPC Address: localhost:0 and Ratis port: 9872
2019-08-20 15:29:25,816 | INFO  | SCMAudit | user=jenkins1000 | ip=192.168.5.139 | op=GET_SCM_INFO null | ret=SUCCESS |  
2019-08-20 15:29:25,819 [main] WARN  server.ServerUtils (ServerUtils.java:getDBPath(222)) - ozone.om.db.dirs is not configured. We recommend adding this setting. Falling back to ozone.metadata.dirs instead.
2019-08-20 15:29:25,819 [main] INFO  db.DBStoreBuilder (DBStoreBuilder.java:addTable(110)) - using custom profile for table: userTable
2019-08-20 15:29:25,819 [main] INFO  db.DBStoreBuilder (DBStoreBuilder.java:processTables(161)) - Using default column profile:DBProfile.DISK for Table:userTable
2019-08-20 15:29:25,819 [main] INFO  db.DBStoreBuilder (DBStoreBuilder.java:addTable(110)) - using custom profile for table: volumeTable
2019-08-20 15:29:25,819 [main] INFO  db.DBStoreBuilder (DBStoreBuilder.java:processTables(161)) - Using default column profile:DBProfile.DISK for Table:volumeTable
2019-08-20 15:29:25,820 [main] INFO  db.DBStoreBuilder (DBStoreBuilder.java:addTable(110)) - using custom profile for table: bucketTable
2019-08-20 15:29:25,820 [main] INFO  db.DBStoreBuilder (DBStoreBuilder.java:processTables(161)) - Using default column profile:DBProfile.DISK for Table:bucketTable
2019-08-20 15:29:25,820 [main] INFO  db.DBStoreBuilder (DBStoreBuilder.java:addTable(110)) - using custom profile for table: keyTable
2019-08-20 15:29:25,820 [main] INFO  db.DBStoreBuilder (DBStoreBuilder.java:processTables(161)) - Using default column profile:DBProfile.DISK for Table:keyTable
2019-08-20 15:29:25,820 [main] INFO  db.DBStoreBuilder (DBStoreBuilder.java:addTable(110)) - using custom profile for table: deletedTable
2019-08-20 15:29:25,821 [main] INFO  db.DBStoreBuilder (DBStoreBuilder.java:processTables(161)) - Using default column profile:DBProfile.DISK for Table:deletedTable
2019-08-20 15:29:25,821 [main] INFO  db.DBStoreBuilder (DBStoreBuilder.java:addTable(110)) - using custom profile for table: openKeyTable
2019-08-20 15:29:25,821 [main] INFO  db.DBStoreBuilder (DBStoreBuilder.java:processTables(161)) - Using default column profile:DBProfile.DISK for Table:openKeyTable
2019-08-20 15:29:25,821 [main] INFO  db.DBStoreBuilder (DBStoreBuilder.java:addTable(110)) - using custom profile for table: s3Table
2019-08-20 15:29:25,821 [main] INFO  db.DBStoreBuilder (DBStoreBuilder.java:processTables(161)) - Using default column profile:DBProfile.DISK for Table:s3Table
2019-08-20 15:29:25,821 [main] INFO  db.DBStoreBuilder (DBStoreBuilder.java:addTable(110)) - using custom profile for table: multipartInfoTable
2019-08-20 15:29:25,822 [main] INFO  db.DBStoreBuilder (DBStoreBuilder.java:processTables(161)) - Using default column profile:DBProfile.DISK for Table:multipartInfoTable
2019-08-20 15:29:25,822 [main] INFO  db.DBStoreBuilder (DBStoreBuilder.java:addTable(110)) - using custom profile for table: dTokenTable
2019-08-20 15:29:25,822 [main] INFO  db.DBStoreBuilder (DBStoreBuilder.java:processTables(161)) - Using default column profile:DBProfile.DISK for Table:dTokenTable
2019-08-20 15:29:25,822 [main] INFO  db.DBStoreBuilder (DBStoreBuilder.java:addTable(110)) - using custom profile for table: s3SecretTable
2019-08-20 15:29:25,822 [main] INFO  db.DBStoreBuilder (DBStoreBuilder.java:processTables(161)) - Using default column profile:DBProfile.DISK for Table:s3SecretTable
2019-08-20 15:29:25,822 [main] INFO  db.DBStoreBuilder (DBStoreBuilder.java:addTable(110)) - using custom profile for table: prefixTable
2019-08-20 15:29:25,823 [main] INFO  db.DBStoreBuilder (DBStoreBuilder.java:processTables(161)) - Using default column profile:DBProfile.DISK for Table:prefixTable
2019-08-20 15:29:25,823 [main] INFO  db.DBStoreBuilder (DBStoreBuilder.java:addTable(110)) - using custom profile for table: default
2019-08-20 15:29:25,823 [main] INFO  db.DBStoreBuilder (DBStoreBuilder.java:processTables(167)) - Using default column profile:DBProfile.DISK for Table:default
2019-08-20 15:29:25,823 [main] INFO  db.DBStoreBuilder (DBStoreBuilder.java:getDbProfile(198)) - Using default options. DBProfile.DISK
2019-08-20 15:29:26,298 [main] INFO  ipc.CallQueueManager (CallQueueManager.java:<init>(84)) - Using callQueue: class java.util.concurrent.LinkedBlockingQueue, queueCapacity: 2000, scheduler: class org.apache.hadoop.ipc.DefaultRpcScheduler, ipcBackoff: false.
2019-08-20 15:29:26,299 [Socket Reader #1 for port 45036] INFO  ipc.Server (Server.java:run(1074)) - Starting Socket Reader #1 for port 45036
2019-08-20 15:29:26,310 [main] INFO  om.OzoneManager (OzoneManager.java:start(1259)) - OzoneManager RPC server is listening at localhost/127.0.0.1:45036
2019-08-20 15:29:26,310 [main] INFO  impl.MetricsSystemImpl (MetricsSystemImpl.java:init(158)) - OzoneManager metrics system started (again)
2019-08-20 15:29:26,311 [IPC Server listener on 45036] INFO  ipc.Server (Server.java:run(1153)) - IPC Server listener on 45036: starting
2019-08-20 15:29:26,311 [IPC Server Responder] INFO  ipc.Server (Server.java:run(1314)) - IPC Server Responder: starting
2019-08-20 15:29:26,316 [main] INFO  hdfs.DFSUtil (DFSUtil.java:httpServerTemplateForNNAndJN(1641)) - Starting Web-server for ozoneManager at: http://0.0.0.0:0
2019-08-20 15:29:26,318 [main] INFO  server.AuthenticationFilter (AuthenticationFilter.java:constructSecretProvider(240)) - Unable to initialize FileSignerSecretProvider, falling back to use random secrets.
2019-08-20 15:29:26,318 [main] WARN  http.HttpRequestLog (HttpRequestLog.java:getRequestLog(97)) - Jetty request log can only be enabled using Log4j
2019-08-20 15:29:26,320 [main] INFO  http.HttpServer2 (HttpServer2.java:addGlobalFilter(975)) - Added global filter 'safety' (class=org.apache.hadoop.http.HttpServer2$QuotingInputFilter)
2019-08-20 15:29:26,321 [main] INFO  http.HttpServer2 (HttpServer2.java:addFilter(948)) - Added filter static_user_filter (class=org.apache.hadoop.http.lib.StaticUserWebFilter$StaticUserFilter) to context ozoneManager
2019-08-20 15:29:26,321 [main] INFO  http.HttpServer2 (HttpServer2.java:addFilter(958)) - Added filter static_user_filter (class=org.apache.hadoop.http.lib.StaticUserWebFilter$StaticUserFilter) to context static
2019-08-20 15:29:26,321 [main] INFO  http.HttpServer2 (HttpServer2.java:addFilter(958)) - Added filter static_user_filter (class=org.apache.hadoop.http.lib.StaticUserWebFilter$StaticUserFilter) to context logs
2019-08-20 15:29:26,322 [main] INFO  http.HttpServer2 (HttpServer2.java:bindListener(1191)) - Jetty bound to port 45192
2019-08-20 15:29:26,323 [main] INFO  server.Server (Server.java:doStart(351)) - jetty-9.3.24.v20180605, build timestamp: 2018-06-05T17:11:56Z, git hash: 84205aa28f11a4f31f2a3b86d1bba2cc8ab69827
2019-08-20 15:29:26,325 [main] INFO  handler.ContextHandler (ContextHandler.java:doStart(781)) - Started o.e.j.s.ServletContextHandler@a44effb{/logs,file:///workdir/hadoop-ozone/integration-test/target/log,AVAILABLE}
2019-08-20 15:29:26,326 [main] INFO  handler.ContextHandler (ContextHandler.java:doStart(781)) - Started o.e.j.s.ServletContextHandler@4f676900{/static,file:///workdir/hadoop-ozone/integration-test/target/test-classes/webapps/static,AVAILABLE}
2019-08-20 15:29:26,332 [main] INFO  handler.ContextHandler (ContextHandler.java:doStart(781)) - Started o.e.j.w.WebAppContext@39f4a7c4{/,file:///workdir/hadoop-ozone/integration-test/target/test-classes/webapps/ozoneManager/,AVAILABLE}{/ozoneManager}
2019-08-20 15:29:26,332 [main] INFO  server.AbstractConnector (AbstractConnector.java:doStart(278)) - Started ServerConnector@111fe921{HTTP/1.1,[http/1.1]}{0.0.0.0:45192}
2019-08-20 15:29:26,334 [main] INFO  server.Server (Server.java:doStart(419)) - Started @80986ms
2019-08-20 15:29:26,335 [main] INFO  server.BaseHttpServer (BaseHttpServer.java:updateConnectorAddress(213)) - HTTP server of OZONEMANAGER is listening at http://0.0.0.0:45192
2019-08-20 15:29:26,354 [main] INFO  impl.MetricsSystemImpl (MetricsSystemImpl.java:init(158)) - HddsDatanode metrics system started (again)
2019-08-20 15:29:26,357 [main] INFO  ozone.HddsDatanodeService (HddsDatanodeService.java:start(184)) - HddsDatanodeService host:pr-hdds-1200-9hlr9-3148487106 ip:192.168.5.139
2019-08-20 15:29:26,364 [main] INFO  volume.HddsVolume (HddsVolume.java:<init>(176)) - Creating Volume: /workdir/hadoop-ozone/integration-test/target/test-dir/MiniOzoneClusterImpl-d3dddc0d-c158-44f0-ad9e-80fc57836fb1/datanode-0/data/containers/hdds of  storage type : DISK and capacity : 1482555576320
2019-08-20 15:29:26,365 [main] INFO  volume.VolumeSet (VolumeSet.java:initializeVolumeSet(170)) - Added Volume : /workdir/hadoop-ozone/integration-test/target/test-dir/MiniOzoneClusterImpl-d3dddc0d-c158-44f0-ad9e-80fc57836fb1/datanode-0/data/containers/hdds to VolumeSet
2019-08-20 15:29:26,365 [main] INFO  volume.ThrottledAsyncChecker (ThrottledAsyncChecker.java:schedule(140)) - Scheduling a check for org.apache.hadoop.ozone.container.common.volume.HddsVolume@28e48b65
2019-08-20 15:29:26,367 [main] INFO  volume.HddsVolumeChecker (HddsVolumeChecker.java:checkAllVolumes(203)) - Scheduled health check for volume org.apache.hadoop.ozone.container.common.volume.HddsVolume@28e48b65
2019-08-20 15:29:26,381 [main] INFO  impl.RaftServerProxy (ConfUtils.java:logGet(43)) - raft.rpc.type = GRPC (default)
2019-08-20 15:29:26,382 [main] INFO  grpc.GrpcFactory (GrpcFactory.java:checkPooledByteBufAllocatorUseCacheForAllThreads(45)) - PERFORMANCE WARNING: useCacheForAllThreads is true that may cause Netty to create a lot garbage objects and, as a result, trigger GC.
	It is recommended to disable useCacheForAllThreads by setting -Dorg.apache.ratis.thirdparty.io.netty.allocator.useCacheForAllThreads=false in command line.
2019-08-20 15:29:26,382 [main] INFO  grpc.GrpcConfigKeys$Server (ConfUtils.java:logGet(43)) - raft.grpc.server.port = 0 (default)
2019-08-20 15:29:26,382 [main] INFO  server.GrpcService (ConfUtils.java:logGet(43)) - raft.grpc.message.size.max = 33570816 (custom)
2019-08-20 15:29:26,382 [main] INFO  server.RaftServerConfigKeys (ConfUtils.java:logGet(43)) - raft.server.log.appender.buffer.byte-limit = 33554432 (custom)
2019-08-20 15:29:26,383 [main] INFO  server.GrpcService (ConfUtils.java:logGet(43)) - raft.grpc.flow.control.window = 1MB (=1048576) (default)
2019-08-20 15:29:26,383 [main] INFO  server.RaftServerConfigKeys (ConfUtils.java:logGet(43)) - raft.server.rpc.request.timeout = 3000ms (default)
2019-08-20 15:29:26,383 [main] INFO  server.RaftServerConfigKeys (ConfUtils.java:logGet(43)) - raft.server.storage.dir = [/workdir/hadoop-ozone/integration-test/target/test-dir/MiniOzoneClusterImpl-d3dddc0d-c158-44f0-ad9e-80fc57836fb1/datanode-0/data/ratis] (custom)
2019-08-20 15:29:26,384 [main] INFO  replication.SimpleContainerDownloader (SimpleContainerDownloader.java:<init>(72)) - Starting container downloader service to copy containers to replicate.
2019-08-20 15:29:26,385 [main] INFO  hdfs.DFSUtil (DFSUtil.java:httpServerTemplateForNNAndJN(1641)) - Starting Web-server for hddsDatanode at: http://0.0.0.0:0
2019-08-20 15:29:26,387 [main] INFO  server.AuthenticationFilter (AuthenticationFilter.java:constructSecretProvider(240)) - Unable to initialize FileSignerSecretProvider, falling back to use random secrets.
2019-08-20 15:29:26,387 [main] WARN  http.HttpRequestLog (HttpRequestLog.java:getRequestLog(97)) - Jetty request log can only be enabled using Log4j
2019-08-20 15:29:26,389 [main] INFO  http.HttpServer2 (HttpServer2.java:addGlobalFilter(975)) - Added global filter 'safety' (class=org.apache.hadoop.http.HttpServer2$QuotingInputFilter)
2019-08-20 15:29:26,389 [main] INFO  http.HttpServer2 (HttpServer2.java:addFilter(948)) - Added filter static_user_filter (class=org.apache.hadoop.http.lib.StaticUserWebFilter$StaticUserFilter) to context hddsDatanode
2019-08-20 15:29:26,390 [main] INFO  http.HttpServer2 (HttpServer2.java:addFilter(958)) - Added filter static_user_filter (class=org.apache.hadoop.http.lib.StaticUserWebFilter$StaticUserFilter) to context logs
2019-08-20 15:29:26,390 [main] INFO  http.HttpServer2 (HttpServer2.java:addFilter(958)) - Added filter static_user_filter (class=org.apache.hadoop.http.lib.StaticUserWebFilter$StaticUserFilter) to context static
2019-08-20 15:29:26,391 [main] INFO  http.HttpServer2 (HttpServer2.java:bindListener(1191)) - Jetty bound to port 35157
2019-08-20 15:29:26,391 [main] INFO  server.Server (Server.java:doStart(351)) - jetty-9.3.24.v20180605, build timestamp: 2018-06-05T17:11:56Z, git hash: 84205aa28f11a4f31f2a3b86d1bba2cc8ab69827
2019-08-20 15:29:26,393 [main] INFO  handler.ContextHandler (ContextHandler.java:doStart(781)) - Started o.e.j.s.ServletContextHandler@e994ca{/logs,file:///workdir/hadoop-ozone/integration-test/target/log,AVAILABLE}
2019-08-20 15:29:26,393 [main] INFO  handler.ContextHandler (ContextHandler.java:doStart(781)) - Started o.e.j.s.ServletContextHandler@7fb44737{/static,jar:file:/home/user/.m2/repository/org/apache/hadoop/hadoop-hdds-container-service/0.5.0-SNAPSHOT/hadoop-hdds-container-service-0.5.0-SNAPSHOT.jar!/webapps/static,AVAILABLE}
2019-08-20 15:29:26,429 [main] INFO  handler.ContextHandler (ContextHandler.java:doStart(781)) - Started o.e.j.w.WebAppContext@5599dc60{/,file:///tmp/jetty-0.0.0.0-35157-hddsDatanode-_-any-6649800166769201079.dir/webapp/,AVAILABLE}{/hddsDatanode}
2019-08-20 15:29:26,429 [main] INFO  server.AbstractConnector (AbstractConnector.java:doStart(278)) - Started ServerConnector@35554635{HTTP/1.1,[http/1.1]}{0.0.0.0:35157}
2019-08-20 15:29:26,431 [main] INFO  server.Server (Server.java:doStart(419)) - Started @81083ms
2019-08-20 15:29:26,432 [main] INFO  server.BaseHttpServer (BaseHttpServer.java:updateConnectorAddress(213)) - HTTP server of HDDSDATANODE is listening at http://0.0.0.0:35157
2019-08-20 15:29:26,570 | INFO  | ObjectStoreRestHttpServer | Listening HDDS REST traffic on /0.0.0.0:39691 |  
2019-08-20 15:29:26,570 [main] INFO  ozone.HddsDatanodeService (HddsDatanodeService.java:startPlugins(395)) - Started plug-in org.apache.hadoop.ozone.web.OzoneHddsDatanodeService@4ff074a0
2019-08-20 15:29:26,570 [main] INFO  impl.MetricsSystemImpl (MetricsSystemImpl.java:init(158)) - HddsDatanode metrics system started (again)
2019-08-20 15:29:26,572 [org.apache.hadoop.util.JvmPauseMonitor$Monitor@7e4c1b7e] INFO  util.JvmPauseMonitor (JvmPauseMonitor.java:run(188)) - Starting JVM pause monitor
2019-08-20 15:29:26,573 [main] INFO  ozone.HddsDatanodeService (HddsDatanodeService.java:start(184)) - HddsDatanodeService host:pr-hdds-1200-9hlr9-3148487106 ip:192.168.5.139
2019-08-20 15:29:26,574 [Datanode State Machine Thread - 0] INFO  datanode.InitDatanodeState (InitDatanodeState.java:persistContainerDatanodeDetails(140)) - DatanodeDetails is persisted to /workdir/hadoop-ozone/integration-test/target/test-dir/MiniOzoneClusterImpl-d3dddc0d-c158-44f0-ad9e-80fc57836fb1/datanode-0/meta/datanode.id
2019-08-20 15:29:26,578 [main] INFO  volume.HddsVolume (HddsVolume.java:<init>(176)) - Creating Volume: /workdir/hadoop-ozone/integration-test/target/test-dir/MiniOzoneClusterImpl-d3dddc0d-c158-44f0-ad9e-80fc57836fb1/datanode-1/data/containers/hdds of  storage type : DISK and capacity : 1482555576320
2019-08-20 15:29:26,578 [main] INFO  volume.VolumeSet (VolumeSet.java:initializeVolumeSet(170)) - Added Volume : /workdir/hadoop-ozone/integration-test/target/test-dir/MiniOzoneClusterImpl-d3dddc0d-c158-44f0-ad9e-80fc57836fb1/datanode-1/data/containers/hdds to VolumeSet
2019-08-20 15:29:26,579 [main] INFO  volume.ThrottledAsyncChecker (ThrottledAsyncChecker.java:schedule(140)) - Scheduling a check for org.apache.hadoop.ozone.container.common.volume.HddsVolume@32dbca45
2019-08-20 15:29:26,579 [main] INFO  volume.HddsVolumeChecker (HddsVolumeChecker.java:checkAllVolumes(203)) - Scheduled health check for volume org.apache.hadoop.ozone.container.common.volume.HddsVolume@32dbca45
2019-08-20 15:29:26,593 [main] INFO  impl.RaftServerProxy (ConfUtils.java:logGet(43)) - raft.rpc.type = GRPC (default)
2019-08-20 15:29:26,593 [main] INFO  grpc.GrpcFactory (GrpcFactory.java:checkPooledByteBufAllocatorUseCacheForAllThreads(45)) - PERFORMANCE WARNING: useCacheForAllThreads is true that may cause Netty to create a lot garbage objects and, as a result, trigger GC.
	It is recommended to disable useCacheForAllThreads by setting -Dorg.apache.ratis.thirdparty.io.netty.allocator.useCacheForAllThreads=false in command line.
2019-08-20 15:29:26,593 [main] INFO  grpc.GrpcConfigKeys$Server (ConfUtils.java:logGet(43)) - raft.grpc.server.port = 0 (default)
2019-08-20 15:29:26,593 [main] INFO  server.GrpcService (ConfUtils.java:logGet(43)) - raft.grpc.message.size.max = 33570816 (custom)
2019-08-20 15:29:26,593 [main] INFO  server.RaftServerConfigKeys (ConfUtils.java:logGet(43)) - raft.server.log.appender.buffer.byte-limit = 33554432 (custom)
2019-08-20 15:29:26,594 [main] INFO  server.GrpcService (ConfUtils.java:logGet(43)) - raft.grpc.flow.control.window = 1MB (=1048576) (default)
2019-08-20 15:29:26,594 [main] INFO  server.RaftServerConfigKeys (ConfUtils.java:logGet(43)) - raft.server.rpc.request.timeout = 3000ms (default)
2019-08-20 15:29:26,594 [main] INFO  server.RaftServerConfigKeys (ConfUtils.java:logGet(43)) - raft.server.storage.dir = [/workdir/hadoop-ozone/integration-test/target/test-dir/MiniOzoneClusterImpl-d3dddc0d-c158-44f0-ad9e-80fc57836fb1/datanode-1/data/ratis] (custom)
2019-08-20 15:29:26,595 [main] INFO  replication.SimpleContainerDownloader (SimpleContainerDownloader.java:<init>(72)) - Starting container downloader service to copy containers to replicate.
2019-08-20 15:29:26,596 [main] INFO  hdfs.DFSUtil (DFSUtil.java:httpServerTemplateForNNAndJN(1641)) - Starting Web-server for hddsDatanode at: http://0.0.0.0:0
2019-08-20 15:29:26,598 [main] INFO  server.AuthenticationFilter (AuthenticationFilter.java:constructSecretProvider(240)) - Unable to initialize FileSignerSecretProvider, falling back to use random secrets.
2019-08-20 15:29:26,598 [main] WARN  http.HttpRequestLog (HttpRequestLog.java:getRequestLog(97)) - Jetty request log can only be enabled using Log4j
2019-08-20 15:29:26,599 [main] INFO  http.HttpServer2 (HttpServer2.java:addGlobalFilter(975)) - Added global filter 'safety' (class=org.apache.hadoop.http.HttpServer2$QuotingInputFilter)
2019-08-20 15:29:26,600 [main] INFO  http.HttpServer2 (HttpServer2.java:addFilter(948)) - Added filter static_user_filter (class=org.apache.hadoop.http.lib.StaticUserWebFilter$StaticUserFilter) to context hddsDatanode
2019-08-20 15:29:26,600 [main] INFO  http.HttpServer2 (HttpServer2.java:addFilter(958)) - Added filter static_user_filter (class=org.apache.hadoop.http.lib.StaticUserWebFilter$StaticUserFilter) to context static
2019-08-20 15:29:26,601 [main] INFO  http.HttpServer2 (HttpServer2.java:addFilter(958)) - Added filter static_user_filter (class=org.apache.hadoop.http.lib.StaticUserWebFilter$StaticUserFilter) to context logs
2019-08-20 15:29:26,601 [main] INFO  http.HttpServer2 (HttpServer2.java:bindListener(1191)) - Jetty bound to port 44666
2019-08-20 15:29:26,602 [main] INFO  server.Server (Server.java:doStart(351)) - jetty-9.3.24.v20180605, build timestamp: 2018-06-05T17:11:56Z, git hash: 84205aa28f11a4f31f2a3b86d1bba2cc8ab69827
2019-08-20 15:29:26,604 [main] INFO  handler.ContextHandler (ContextHandler.java:doStart(781)) - Started o.e.j.s.ServletContextHandler@42238078{/logs,file:///workdir/hadoop-ozone/integration-test/target/log,AVAILABLE}
2019-08-20 15:29:26,604 [main] INFO  handler.ContextHandler (ContextHandler.java:doStart(781)) - Started o.e.j.s.ServletContextHandler@49fe0bcd{/static,jar:file:/home/user/.m2/repository/org/apache/hadoop/hadoop-hdds-container-service/0.5.0-SNAPSHOT/hadoop-hdds-container-service-0.5.0-SNAPSHOT.jar!/webapps/static,AVAILABLE}
2019-08-20 15:29:26,633 [main] INFO  handler.ContextHandler (ContextHandler.java:doStart(781)) - Started o.e.j.w.WebAppContext@5d0e703a{/,file:///tmp/jetty-0.0.0.0-44666-hddsDatanode-_-any-6160068404499499778.dir/webapp/,AVAILABLE}{/hddsDatanode}
2019-08-20 15:29:26,633 [main] INFO  server.AbstractConnector (AbstractConnector.java:doStart(278)) - Started ServerConnector@7f77e065{HTTP/1.1,[http/1.1]}{0.0.0.0:44666}
2019-08-20 15:29:26,634 [main] INFO  server.Server (Server.java:doStart(419)) - Started @81287ms
2019-08-20 15:29:26,635 [main] INFO  server.BaseHttpServer (BaseHttpServer.java:updateConnectorAddress(213)) - HTTP server of HDDSDATANODE is listening at http://0.0.0.0:44666
2019-08-20 15:29:26,762 | INFO  | ObjectStoreRestHttpServer | Listening HDDS REST traffic on /0.0.0.0:41272 |  
2019-08-20 15:29:26,762 [main] INFO  ozone.HddsDatanodeService (HddsDatanodeService.java:startPlugins(395)) - Started plug-in org.apache.hadoop.ozone.web.OzoneHddsDatanodeService@a7ae340
2019-08-20 15:29:26,762 [main] INFO  impl.MetricsSystemImpl (MetricsSystemImpl.java:init(158)) - HddsDatanode metrics system started (again)
2019-08-20 15:29:26,763 [org.apache.hadoop.util.JvmPauseMonitor$Monitor@3cbfcf26] INFO  util.JvmPauseMonitor (JvmPauseMonitor.java:run(188)) - Starting JVM pause monitor
2019-08-20 15:29:26,765 [main] INFO  ozone.HddsDatanodeService (HddsDatanodeService.java:start(184)) - HddsDatanodeService host:pr-hdds-1200-9hlr9-3148487106 ip:192.168.5.139
2019-08-20 15:29:26,765 [Datanode State Machine Thread - 0] INFO  datanode.InitDatanodeState (InitDatanodeState.java:persistContainerDatanodeDetails(140)) - DatanodeDetails is persisted to /workdir/hadoop-ozone/integration-test/target/test-dir/MiniOzoneClusterImpl-d3dddc0d-c158-44f0-ad9e-80fc57836fb1/datanode-1/meta/datanode.id
2019-08-20 15:29:26,771 [main] INFO  volume.HddsVolume (HddsVolume.java:<init>(176)) - Creating Volume: /workdir/hadoop-ozone/integration-test/target/test-dir/MiniOzoneClusterImpl-d3dddc0d-c158-44f0-ad9e-80fc57836fb1/datanode-2/data/containers/hdds of  storage type : DISK and capacity : 1482555576320
2019-08-20 15:29:26,771 [main] INFO  volume.VolumeSet (VolumeSet.java:initializeVolumeSet(170)) - Added Volume : /workdir/hadoop-ozone/integration-test/target/test-dir/MiniOzoneClusterImpl-d3dddc0d-c158-44f0-ad9e-80fc57836fb1/datanode-2/data/containers/hdds to VolumeSet
2019-08-20 15:29:26,772 [main] INFO  volume.ThrottledAsyncChecker (ThrottledAsyncChecker.java:schedule(140)) - Scheduling a check for org.apache.hadoop.ozone.container.common.volume.HddsVolume@74619273
2019-08-20 15:29:26,772 [main] INFO  volume.HddsVolumeChecker (HddsVolumeChecker.java:checkAllVolumes(203)) - Scheduled health check for volume org.apache.hadoop.ozone.container.common.volume.HddsVolume@74619273
2019-08-20 15:29:26,784 [main] INFO  impl.RaftServerProxy (ConfUtils.java:logGet(43)) - raft.rpc.type = GRPC (default)
2019-08-20 15:29:26,785 [main] INFO  grpc.GrpcFactory (GrpcFactory.java:checkPooledByteBufAllocatorUseCacheForAllThreads(45)) - PERFORMANCE WARNING: useCacheForAllThreads is true that may cause Netty to create a lot garbage objects and, as a result, trigger GC.
	It is recommended to disable useCacheForAllThreads by setting -Dorg.apache.ratis.thirdparty.io.netty.allocator.useCacheForAllThreads=false in command line.
2019-08-20 15:29:26,785 [main] INFO  grpc.GrpcConfigKeys$Server (ConfUtils.java:logGet(43)) - raft.grpc.server.port = 0 (default)
2019-08-20 15:29:26,785 [main] INFO  server.GrpcService (ConfUtils.java:logGet(43)) - raft.grpc.message.size.max = 33570816 (custom)
2019-08-20 15:29:26,785 [main] INFO  server.RaftServerConfigKeys (ConfUtils.java:logGet(43)) - raft.server.log.appender.buffer.byte-limit = 33554432 (custom)
2019-08-20 15:29:26,785 [main] INFO  server.GrpcService (ConfUtils.java:logGet(43)) - raft.grpc.flow.control.window = 1MB (=1048576) (default)
2019-08-20 15:29:26,785 [main] INFO  server.RaftServerConfigKeys (ConfUtils.java:logGet(43)) - raft.server.rpc.request.timeout = 3000ms (default)
2019-08-20 15:29:26,786 [main] INFO  server.RaftServerConfigKeys (ConfUtils.java:logGet(43)) - raft.server.storage.dir = [/workdir/hadoop-ozone/integration-test/target/test-dir/MiniOzoneClusterImpl-d3dddc0d-c158-44f0-ad9e-80fc57836fb1/datanode-2/data/ratis] (custom)
2019-08-20 15:29:26,786 [main] INFO  replication.SimpleContainerDownloader (SimpleContainerDownloader.java:<init>(72)) - Starting container downloader service to copy containers to replicate.
2019-08-20 15:29:26,787 [main] INFO  hdfs.DFSUtil (DFSUtil.java:httpServerTemplateForNNAndJN(1641)) - Starting Web-server for hddsDatanode at: http://0.0.0.0:0
2019-08-20 15:29:26,789 [main] INFO  server.AuthenticationFilter (AuthenticationFilter.java:constructSecretProvider(240)) - Unable to initialize FileSignerSecretProvider, falling back to use random secrets.
2019-08-20 15:29:26,789 [main] WARN  http.HttpRequestLog (HttpRequestLog.java:getRequestLog(97)) - Jetty request log can only be enabled using Log4j
2019-08-20 15:29:26,790 [main] INFO  http.HttpServer2 (HttpServer2.java:addGlobalFilter(975)) - Added global filter 'safety' (class=org.apache.hadoop.http.HttpServer2$QuotingInputFilter)
2019-08-20 15:29:26,791 [main] INFO  http.HttpServer2 (HttpServer2.java:addFilter(948)) - Added filter static_user_filter (class=org.apache.hadoop.http.lib.StaticUserWebFilter$StaticUserFilter) to context hddsDatanode
2019-08-20 15:29:26,791 [main] INFO  http.HttpServer2 (HttpServer2.java:addFilter(958)) - Added filter static_user_filter (class=org.apache.hadoop.http.lib.StaticUserWebFilter$StaticUserFilter) to context static
2019-08-20 15:29:26,791 [main] INFO  http.HttpServer2 (HttpServer2.java:addFilter(958)) - Added filter static_user_filter (class=org.apache.hadoop.http.lib.StaticUserWebFilter$StaticUserFilter) to context logs
2019-08-20 15:29:26,792 [main] INFO  http.HttpServer2 (HttpServer2.java:bindListener(1191)) - Jetty bound to port 39553
2019-08-20 15:29:26,792 [main] INFO  server.Server (Server.java:doStart(351)) - jetty-9.3.24.v20180605, build timestamp: 2018-06-05T17:11:56Z, git hash: 84205aa28f11a4f31f2a3b86d1bba2cc8ab69827
2019-08-20 15:29:26,793 [main] INFO  handler.ContextHandler (ContextHandler.java:doStart(781)) - Started o.e.j.s.ServletContextHandler@775edae0{/logs,file:///workdir/hadoop-ozone/integration-test/target/log,AVAILABLE}
2019-08-20 15:29:26,794 [main] INFO  handler.ContextHandler (ContextHandler.java:doStart(781)) - Started o.e.j.s.ServletContextHandler@2567c091{/static,jar:file:/home/user/.m2/repository/org/apache/hadoop/hadoop-hdds-container-service/0.5.0-SNAPSHOT/hadoop-hdds-container-service-0.5.0-SNAPSHOT.jar!/webapps/static,AVAILABLE}
2019-08-20 15:29:26,819 [main] INFO  handler.ContextHandler (ContextHandler.java:doStart(781)) - Started o.e.j.w.WebAppContext@2842c098{/,file:///tmp/jetty-0.0.0.0-39553-hddsDatanode-_-any-7582764347969944027.dir/webapp/,AVAILABLE}{/hddsDatanode}
2019-08-20 15:29:26,820 [main] INFO  server.AbstractConnector (AbstractConnector.java:doStart(278)) - Started ServerConnector@2820b369{HTTP/1.1,[http/1.1]}{0.0.0.0:39553}
2019-08-20 15:29:26,821 [main] INFO  server.Server (Server.java:doStart(419)) - Started @81474ms
2019-08-20 15:29:26,822 [main] INFO  server.BaseHttpServer (BaseHttpServer.java:updateConnectorAddress(213)) - HTTP server of HDDSDATANODE is listening at http://0.0.0.0:39553
2019-08-20 15:29:26,918 | INFO  | ObjectStoreRestHttpServer | Listening HDDS REST traffic on /0.0.0.0:44796 |  
2019-08-20 15:29:26,918 [main] INFO  ozone.HddsDatanodeService (HddsDatanodeService.java:startPlugins(395)) - Started plug-in org.apache.hadoop.ozone.web.OzoneHddsDatanodeService@57afe44b
2019-08-20 15:29:26,919 [main] INFO  impl.MetricsSystemImpl (MetricsSystemImpl.java:init(158)) - HddsDatanode metrics system started (again)
2019-08-20 15:29:26,922 [main] INFO  ozone.HddsDatanodeService (HddsDatanodeService.java:start(184)) - HddsDatanodeService host:pr-hdds-1200-9hlr9-3148487106 ip:192.168.5.139
2019-08-20 15:29:26,922 [org.apache.hadoop.util.JvmPauseMonitor$Monitor@5951133f] INFO  util.JvmPauseMonitor (JvmPauseMonitor.java:run(188)) - Starting JVM pause monitor
2019-08-20 15:29:26,924 [Datanode State Machine Thread - 0] INFO  datanode.InitDatanodeState (InitDatanodeState.java:persistContainerDatanodeDetails(140)) - DatanodeDetails is persisted to /workdir/hadoop-ozone/integration-test/target/test-dir/MiniOzoneClusterImpl-d3dddc0d-c158-44f0-ad9e-80fc57836fb1/datanode-2/meta/datanode.id
2019-08-20 15:29:26,929 [main] INFO  volume.HddsVolume (HddsVolume.java:<init>(176)) - Creating Volume: /workdir/hadoop-ozone/integration-test/target/test-dir/MiniOzoneClusterImpl-d3dddc0d-c158-44f0-ad9e-80fc57836fb1/datanode-3/data/containers/hdds of  storage type : DISK and capacity : 1482555576320
2019-08-20 15:29:26,929 [main] INFO  volume.VolumeSet (VolumeSet.java:initializeVolumeSet(170)) - Added Volume : /workdir/hadoop-ozone/integration-test/target/test-dir/MiniOzoneClusterImpl-d3dddc0d-c158-44f0-ad9e-80fc57836fb1/datanode-3/data/containers/hdds to VolumeSet
2019-08-20 15:29:26,930 [main] INFO  volume.ThrottledAsyncChecker (ThrottledAsyncChecker.java:schedule(140)) - Scheduling a check for org.apache.hadoop.ozone.container.common.volume.HddsVolume@6dd2e453
2019-08-20 15:29:26,930 [main] INFO  volume.HddsVolumeChecker (HddsVolumeChecker.java:checkAllVolumes(203)) - Scheduled health check for volume org.apache.hadoop.ozone.container.common.volume.HddsVolume@6dd2e453
2019-08-20 15:29:26,943 [main] INFO  impl.RaftServerProxy (ConfUtils.java:logGet(43)) - raft.rpc.type = GRPC (default)
2019-08-20 15:29:26,943 [main] INFO  grpc.GrpcFactory (GrpcFactory.java:checkPooledByteBufAllocatorUseCacheForAllThreads(45)) - PERFORMANCE WARNING: useCacheForAllThreads is true that may cause Netty to create a lot garbage objects and, as a result, trigger GC.
	It is recommended to disable useCacheForAllThreads by setting -Dorg.apache.ratis.thirdparty.io.netty.allocator.useCacheForAllThreads=false in command line.
2019-08-20 15:29:26,943 [main] INFO  grpc.GrpcConfigKeys$Server (ConfUtils.java:logGet(43)) - raft.grpc.server.port = 0 (default)
2019-08-20 15:29:26,943 [main] INFO  server.GrpcService (ConfUtils.java:logGet(43)) - raft.grpc.message.size.max = 33570816 (custom)
2019-08-20 15:29:26,944 [main] INFO  server.RaftServerConfigKeys (ConfUtils.java:logGet(43)) - raft.server.log.appender.buffer.byte-limit = 33554432 (custom)
2019-08-20 15:29:26,944 [main] INFO  server.GrpcService (ConfUtils.java:logGet(43)) - raft.grpc.flow.control.window = 1MB (=1048576) (default)
2019-08-20 15:29:26,944 [main] INFO  server.RaftServerConfigKeys (ConfUtils.java:logGet(43)) - raft.server.rpc.request.timeout = 3000ms (default)
2019-08-20 15:29:26,944 [main] INFO  server.RaftServerConfigKeys (ConfUtils.java:logGet(43)) - raft.server.storage.dir = [/workdir/hadoop-ozone/integration-test/target/test-dir/MiniOzoneClusterImpl-d3dddc0d-c158-44f0-ad9e-80fc57836fb1/datanode-3/data/ratis] (custom)
2019-08-20 15:29:26,945 [main] INFO  replication.SimpleContainerDownloader (SimpleContainerDownloader.java:<init>(72)) - Starting container downloader service to copy containers to replicate.
2019-08-20 15:29:26,946 [main] INFO  hdfs.DFSUtil (DFSUtil.java:httpServerTemplateForNNAndJN(1641)) - Starting Web-server for hddsDatanode at: http://0.0.0.0:0
2019-08-20 15:29:26,947 [main] INFO  server.AuthenticationFilter (AuthenticationFilter.java:constructSecretProvider(240)) - Unable to initialize FileSignerSecretProvider, falling back to use random secrets.
2019-08-20 15:29:26,947 [main] WARN  http.HttpRequestLog (HttpRequestLog.java:getRequestLog(97)) - Jetty request log can only be enabled using Log4j
2019-08-20 15:29:26,948 [main] INFO  http.HttpServer2 (HttpServer2.java:addGlobalFilter(975)) - Added global filter 'safety' (class=org.apache.hadoop.http.HttpServer2$QuotingInputFilter)
2019-08-20 15:29:26,948 [main] INFO  http.HttpServer2 (HttpServer2.java:addFilter(948)) - Added filter static_user_filter (class=org.apache.hadoop.http.lib.StaticUserWebFilter$StaticUserFilter) to context hddsDatanode
2019-08-20 15:29:26,949 [main] INFO  http.HttpServer2 (HttpServer2.java:addFilter(958)) - Added filter static_user_filter (class=org.apache.hadoop.http.lib.StaticUserWebFilter$StaticUserFilter) to context logs
2019-08-20 15:29:26,949 [main] INFO  http.HttpServer2 (HttpServer2.java:addFilter(958)) - Added filter static_user_filter (class=org.apache.hadoop.http.lib.StaticUserWebFilter$StaticUserFilter) to context static
2019-08-20 15:29:26,949 [main] INFO  http.HttpServer2 (HttpServer2.java:bindListener(1191)) - Jetty bound to port 41100
2019-08-20 15:29:26,950 [main] INFO  server.Server (Server.java:doStart(351)) - jetty-9.3.24.v20180605, build timestamp: 2018-06-05T17:11:56Z, git hash: 84205aa28f11a4f31f2a3b86d1bba2cc8ab69827
2019-08-20 15:29:26,951 [main] INFO  handler.ContextHandler (ContextHandler.java:doStart(781)) - Started o.e.j.s.ServletContextHandler@6d5508a5{/logs,file:///workdir/hadoop-ozone/integration-test/target/log,AVAILABLE}
2019-08-20 15:29:26,951 [main] INFO  handler.ContextHandler (ContextHandler.java:doStart(781)) - Started o.e.j.s.ServletContextHandler@106802ea{/static,jar:file:/home/user/.m2/repository/org/apache/hadoop/hadoop-hdds-container-service/0.5.0-SNAPSHOT/hadoop-hdds-container-service-0.5.0-SNAPSHOT.jar!/webapps/static,AVAILABLE}
2019-08-20 15:29:26,977 [main] INFO  handler.ContextHandler (ContextHandler.java:doStart(781)) - Started o.e.j.w.WebAppContext@86bf90b{/,file:///tmp/jetty-0.0.0.0-41100-hddsDatanode-_-any-7338865657137286683.dir/webapp/,AVAILABLE}{/hddsDatanode}
2019-08-20 15:29:26,977 [main] INFO  server.AbstractConnector (AbstractConnector.java:doStart(278)) - Started ServerConnector@5c13af01{HTTP/1.1,[http/1.1]}{0.0.0.0:41100}
2019-08-20 15:29:26,979 [main] INFO  server.Server (Server.java:doStart(419)) - Started @81631ms
2019-08-20 15:29:26,980 [main] INFO  server.BaseHttpServer (BaseHttpServer.java:updateConnectorAddress(213)) - HTTP server of HDDSDATANODE is listening at http://0.0.0.0:41100
2019-08-20 15:29:27,079 | INFO  | ObjectStoreRestHttpServer | Listening HDDS REST traffic on /0.0.0.0:39586 |  
2019-08-20 15:29:27,079 [main] INFO  ozone.HddsDatanodeService (HddsDatanodeService.java:startPlugins(395)) - Started plug-in org.apache.hadoop.ozone.web.OzoneHddsDatanodeService@306c9b2c
2019-08-20 15:29:27,080 [main] INFO  impl.MetricsSystemImpl (MetricsSystemImpl.java:init(158)) - HddsDatanode metrics system started (again)
2019-08-20 15:29:27,082 [org.apache.hadoop.util.JvmPauseMonitor$Monitor@2aa33eec] INFO  util.JvmPauseMonitor (JvmPauseMonitor.java:run(188)) - Starting JVM pause monitor
2019-08-20 15:29:27,083 [main] INFO  ozone.HddsDatanodeService (HddsDatanodeService.java:start(184)) - HddsDatanodeService host:pr-hdds-1200-9hlr9-3148487106 ip:192.168.5.139
2019-08-20 15:29:27,084 [Datanode State Machine Thread - 0] INFO  datanode.InitDatanodeState (InitDatanodeState.java:persistContainerDatanodeDetails(140)) - DatanodeDetails is persisted to /workdir/hadoop-ozone/integration-test/target/test-dir/MiniOzoneClusterImpl-d3dddc0d-c158-44f0-ad9e-80fc57836fb1/datanode-3/meta/datanode.id
2019-08-20 15:29:27,090 [main] INFO  volume.HddsVolume (HddsVolume.java:<init>(176)) - Creating Volume: /workdir/hadoop-ozone/integration-test/target/test-dir/MiniOzoneClusterImpl-d3dddc0d-c158-44f0-ad9e-80fc57836fb1/datanode-4/data/containers/hdds of  storage type : DISK and capacity : 1482555576320
2019-08-20 15:29:27,091 [main] INFO  volume.VolumeSet (VolumeSet.java:initializeVolumeSet(170)) - Added Volume : /workdir/hadoop-ozone/integration-test/target/test-dir/MiniOzoneClusterImpl-d3dddc0d-c158-44f0-ad9e-80fc57836fb1/datanode-4/data/containers/hdds to VolumeSet
2019-08-20 15:29:27,091 [main] INFO  volume.ThrottledAsyncChecker (ThrottledAsyncChecker.java:schedule(140)) - Scheduling a check for org.apache.hadoop.ozone.container.common.volume.HddsVolume@5f781173
2019-08-20 15:29:27,091 [main] INFO  volume.HddsVolumeChecker (HddsVolumeChecker.java:checkAllVolumes(203)) - Scheduled health check for volume org.apache.hadoop.ozone.container.common.volume.HddsVolume@5f781173
2019-08-20 15:29:27,105 [main] INFO  impl.RaftServerProxy (ConfUtils.java:logGet(43)) - raft.rpc.type = GRPC (default)
2019-08-20 15:29:27,105 [main] INFO  grpc.GrpcFactory (GrpcFactory.java:checkPooledByteBufAllocatorUseCacheForAllThreads(45)) - PERFORMANCE WARNING: useCacheForAllThreads is true that may cause Netty to create a lot garbage objects and, as a result, trigger GC.
	It is recommended to disable useCacheForAllThreads by setting -Dorg.apache.ratis.thirdparty.io.netty.allocator.useCacheForAllThreads=false in command line.
2019-08-20 15:29:27,106 [main] INFO  grpc.GrpcConfigKeys$Server (ConfUtils.java:logGet(43)) - raft.grpc.server.port = 0 (default)
2019-08-20 15:29:27,106 [main] INFO  server.GrpcService (ConfUtils.java:logGet(43)) - raft.grpc.message.size.max = 33570816 (custom)
2019-08-20 15:29:27,106 [main] INFO  server.RaftServerConfigKeys (ConfUtils.java:logGet(43)) - raft.server.log.appender.buffer.byte-limit = 33554432 (custom)
2019-08-20 15:29:27,106 [main] INFO  server.GrpcService (ConfUtils.java:logGet(43)) - raft.grpc.flow.control.window = 1MB (=1048576) (default)
2019-08-20 15:29:27,106 [main] INFO  server.RaftServerConfigKeys (ConfUtils.java:logGet(43)) - raft.server.rpc.request.timeout = 3000ms (default)
2019-08-20 15:29:27,107 [main] INFO  server.RaftServerConfigKeys (ConfUtils.java:logGet(43)) - raft.server.storage.dir = [/workdir/hadoop-ozone/integration-test/target/test-dir/MiniOzoneClusterImpl-d3dddc0d-c158-44f0-ad9e-80fc57836fb1/datanode-4/data/ratis] (custom)
2019-08-20 15:29:27,107 [main] INFO  replication.SimpleContainerDownloader (SimpleContainerDownloader.java:<init>(72)) - Starting container downloader service to copy containers to replicate.
2019-08-20 15:29:27,108 [main] INFO  hdfs.DFSUtil (DFSUtil.java:httpServerTemplateForNNAndJN(1641)) - Starting Web-server for hddsDatanode at: http://0.0.0.0:0
2019-08-20 15:29:27,110 [main] INFO  server.AuthenticationFilter (AuthenticationFilter.java:constructSecretProvider(240)) - Unable to initialize FileSignerSecretProvider, falling back to use random secrets.
2019-08-20 15:29:27,110 [main] WARN  http.HttpRequestLog (HttpRequestLog.java:getRequestLog(97)) - Jetty request log can only be enabled using Log4j
2019-08-20 15:29:27,111 [main] INFO  http.HttpServer2 (HttpServer2.java:addGlobalFilter(975)) - Added global filter 'safety' (class=org.apache.hadoop.http.HttpServer2$QuotingInputFilter)
2019-08-20 15:29:27,112 [main] INFO  http.HttpServer2 (HttpServer2.java:addFilter(948)) - Added filter static_user_filter (class=org.apache.hadoop.http.lib.StaticUserWebFilter$StaticUserFilter) to context hddsDatanode
2019-08-20 15:29:27,112 [main] INFO  http.HttpServer2 (HttpServer2.java:addFilter(958)) - Added filter static_user_filter (class=org.apache.hadoop.http.lib.StaticUserWebFilter$StaticUserFilter) to context static
2019-08-20 15:29:27,112 [main] INFO  http.HttpServer2 (HttpServer2.java:addFilter(958)) - Added filter static_user_filter (class=org.apache.hadoop.http.lib.StaticUserWebFilter$StaticUserFilter) to context logs
2019-08-20 15:29:27,113 [main] INFO  http.HttpServer2 (HttpServer2.java:bindListener(1191)) - Jetty bound to port 40462
2019-08-20 15:29:27,113 [main] INFO  server.Server (Server.java:doStart(351)) - jetty-9.3.24.v20180605, build timestamp: 2018-06-05T17:11:56Z, git hash: 84205aa28f11a4f31f2a3b86d1bba2cc8ab69827
2019-08-20 15:29:27,115 [main] INFO  handler.ContextHandler (ContextHandler.java:doStart(781)) - Started o.e.j.s.ServletContextHandler@645c9f0f{/logs,file:///workdir/hadoop-ozone/integration-test/target/log,AVAILABLE}
2019-08-20 15:29:27,115 [main] INFO  handler.ContextHandler (ContextHandler.java:doStart(781)) - Started o.e.j.s.ServletContextHandler@999cd18{/static,jar:file:/home/user/.m2/repository/org/apache/hadoop/hadoop-hdds-container-service/0.5.0-SNAPSHOT/hadoop-hdds-container-service-0.5.0-SNAPSHOT.jar!/webapps/static,AVAILABLE}
2019-08-20 15:29:27,140 [main] INFO  handler.ContextHandler (ContextHandler.java:doStart(781)) - Started o.e.j.w.WebAppContext@41492479{/,file:///tmp/jetty-0.0.0.0-40462-hddsDatanode-_-any-3304075314467278342.dir/webapp/,AVAILABLE}{/hddsDatanode}
2019-08-20 15:29:27,141 [main] INFO  server.AbstractConnector (AbstractConnector.java:doStart(278)) - Started ServerConnector@7bef7505{HTTP/1.1,[http/1.1]}{0.0.0.0:40462}
2019-08-20 15:29:27,143 [main] INFO  server.Server (Server.java:doStart(419)) - Started @81795ms
2019-08-20 15:29:27,143 [main] INFO  server.BaseHttpServer (BaseHttpServer.java:updateConnectorAddress(213)) - HTTP server of HDDSDATANODE is listening at http://0.0.0.0:40462
2019-08-20 15:29:27,245 | INFO  | ObjectStoreRestHttpServer | Listening HDDS REST traffic on /0.0.0.0:41221 |  
2019-08-20 15:29:27,245 [main] INFO  ozone.HddsDatanodeService (HddsDatanodeService.java:startPlugins(395)) - Started plug-in org.apache.hadoop.ozone.web.OzoneHddsDatanodeService@470f0637
2019-08-20 15:29:27,245 [main] INFO  impl.MetricsSystemImpl (MetricsSystemImpl.java:init(158)) - HddsDatanode metrics system started (again)
2019-08-20 15:29:27,249 [org.apache.hadoop.util.JvmPauseMonitor$Monitor@2eba1e2d] INFO  util.JvmPauseMonitor (JvmPauseMonitor.java:run(188)) - Starting JVM pause monitor
2019-08-20 15:29:27,250 [main] INFO  ozone.HddsDatanodeService (HddsDatanodeService.java:start(184)) - HddsDatanodeService host:pr-hdds-1200-9hlr9-3148487106 ip:192.168.5.139
2019-08-20 15:29:27,251 [Datanode State Machine Thread - 0] INFO  datanode.InitDatanodeState (InitDatanodeState.java:persistContainerDatanodeDetails(140)) - DatanodeDetails is persisted to /workdir/hadoop-ozone/integration-test/target/test-dir/MiniOzoneClusterImpl-d3dddc0d-c158-44f0-ad9e-80fc57836fb1/datanode-4/meta/datanode.id
2019-08-20 15:29:27,257 [main] INFO  volume.HddsVolume (HddsVolume.java:<init>(176)) - Creating Volume: /workdir/hadoop-ozone/integration-test/target/test-dir/MiniOzoneClusterImpl-d3dddc0d-c158-44f0-ad9e-80fc57836fb1/datanode-5/data/containers/hdds of  storage type : DISK and capacity : 1482555576320
2019-08-20 15:29:27,257 [main] INFO  volume.VolumeSet (VolumeSet.java:initializeVolumeSet(170)) - Added Volume : /workdir/hadoop-ozone/integration-test/target/test-dir/MiniOzoneClusterImpl-d3dddc0d-c158-44f0-ad9e-80fc57836fb1/datanode-5/data/containers/hdds to VolumeSet
2019-08-20 15:29:27,257 [main] INFO  volume.ThrottledAsyncChecker (ThrottledAsyncChecker.java:schedule(140)) - Scheduling a check for org.apache.hadoop.ozone.container.common.volume.HddsVolume@6f2a3b37
2019-08-20 15:29:27,258 [main] INFO  volume.HddsVolumeChecker (HddsVolumeChecker.java:checkAllVolumes(203)) - Scheduled health check for volume org.apache.hadoop.ozone.container.common.volume.HddsVolume@6f2a3b37
2019-08-20 15:29:27,271 [main] INFO  impl.RaftServerProxy (ConfUtils.java:logGet(43)) - raft.rpc.type = GRPC (default)
2019-08-20 15:29:27,271 [main] INFO  grpc.GrpcFactory (GrpcFactory.java:checkPooledByteBufAllocatorUseCacheForAllThreads(45)) - PERFORMANCE WARNING: useCacheForAllThreads is true that may cause Netty to create a lot garbage objects and, as a result, trigger GC.
	It is recommended to disable useCacheForAllThreads by setting -Dorg.apache.ratis.thirdparty.io.netty.allocator.useCacheForAllThreads=false in command line.
2019-08-20 15:29:27,271 [main] INFO  grpc.GrpcConfigKeys$Server (ConfUtils.java:logGet(43)) - raft.grpc.server.port = 0 (default)
2019-08-20 15:29:27,271 [main] INFO  server.GrpcService (ConfUtils.java:logGet(43)) - raft.grpc.message.size.max = 33570816 (custom)
2019-08-20 15:29:27,271 [main] INFO  server.RaftServerConfigKeys (ConfUtils.java:logGet(43)) - raft.server.log.appender.buffer.byte-limit = 33554432 (custom)
2019-08-20 15:29:27,272 [main] INFO  server.GrpcService (ConfUtils.java:logGet(43)) - raft.grpc.flow.control.window = 1MB (=1048576) (default)
2019-08-20 15:29:27,272 [main] INFO  server.RaftServerConfigKeys (ConfUtils.java:logGet(43)) - raft.server.rpc.request.timeout = 3000ms (default)
2019-08-20 15:29:27,272 [main] INFO  server.RaftServerConfigKeys (ConfUtils.java:logGet(43)) - raft.server.storage.dir = [/workdir/hadoop-ozone/integration-test/target/test-dir/MiniOzoneClusterImpl-d3dddc0d-c158-44f0-ad9e-80fc57836fb1/datanode-5/data/ratis] (custom)
2019-08-20 15:29:27,273 [main] INFO  replication.SimpleContainerDownloader (SimpleContainerDownloader.java:<init>(72)) - Starting container downloader service to copy containers to replicate.
2019-08-20 15:29:27,274 [main] INFO  hdfs.DFSUtil (DFSUtil.java:httpServerTemplateForNNAndJN(1641)) - Starting Web-server for hddsDatanode at: http://0.0.0.0:0
2019-08-20 15:29:27,276 [main] INFO  server.AuthenticationFilter (AuthenticationFilter.java:constructSecretProvider(240)) - Unable to initialize FileSignerSecretProvider, falling back to use random secrets.
2019-08-20 15:29:27,276 [main] WARN  http.HttpRequestLog (HttpRequestLog.java:getRequestLog(97)) - Jetty request log can only be enabled using Log4j
2019-08-20 15:29:27,277 [main] INFO  http.HttpServer2 (HttpServer2.java:addGlobalFilter(975)) - Added global filter 'safety' (class=org.apache.hadoop.http.HttpServer2$QuotingInputFilter)
2019-08-20 15:29:27,277 [main] INFO  http.HttpServer2 (HttpServer2.java:addFilter(948)) - Added filter static_user_filter (class=org.apache.hadoop.http.lib.StaticUserWebFilter$StaticUserFilter) to context hddsDatanode
2019-08-20 15:29:27,278 [main] INFO  http.HttpServer2 (HttpServer2.java:addFilter(958)) - Added filter static_user_filter (class=org.apache.hadoop.http.lib.StaticUserWebFilter$StaticUserFilter) to context static
2019-08-20 15:29:27,278 [main] INFO  http.HttpServer2 (HttpServer2.java:addFilter(958)) - Added filter static_user_filter (class=org.apache.hadoop.http.lib.StaticUserWebFilter$StaticUserFilter) to context logs
2019-08-20 15:29:27,278 [main] INFO  http.HttpServer2 (HttpServer2.java:bindListener(1191)) - Jetty bound to port 39296
2019-08-20 15:29:27,278 [main] INFO  server.Server (Server.java:doStart(351)) - jetty-9.3.24.v20180605, build timestamp: 2018-06-05T17:11:56Z, git hash: 84205aa28f11a4f31f2a3b86d1bba2cc8ab69827
2019-08-20 15:29:27,280 [main] INFO  handler.ContextHandler (ContextHandler.java:doStart(781)) - Started o.e.j.s.ServletContextHandler@58ac0823{/logs,file:///workdir/hadoop-ozone/integration-test/target/log,AVAILABLE}
2019-08-20 15:29:27,280 [main] INFO  handler.ContextHandler (ContextHandler.java:doStart(781)) - Started o.e.j.s.ServletContextHandler@28a3fc34{/static,jar:file:/home/user/.m2/repository/org/apache/hadoop/hadoop-hdds-container-service/0.5.0-SNAPSHOT/hadoop-hdds-container-service-0.5.0-SNAPSHOT.jar!/webapps/static,AVAILABLE}
2019-08-20 15:29:27,308 [main] INFO  handler.ContextHandler (ContextHandler.java:doStart(781)) - Started o.e.j.w.WebAppContext@33ccead{/,file:///tmp/jetty-0.0.0.0-39296-hddsDatanode-_-any-5290344563181449269.dir/webapp/,AVAILABLE}{/hddsDatanode}
2019-08-20 15:29:27,309 [main] INFO  server.AbstractConnector (AbstractConnector.java:doStart(278)) - Started ServerConnector@42ebece0{HTTP/1.1,[http/1.1]}{0.0.0.0:39296}
2019-08-20 15:29:27,311 [main] INFO  server.Server (Server.java:doStart(419)) - Started @81963ms
2019-08-20 15:29:27,312 [main] INFO  server.BaseHttpServer (BaseHttpServer.java:updateConnectorAddress(213)) - HTTP server of HDDSDATANODE is listening at http://0.0.0.0:39296
2019-08-20 15:29:27,449 | INFO  | ObjectStoreRestHttpServer | Listening HDDS REST traffic on /0.0.0.0:45702 |  
2019-08-20 15:29:27,449 [main] INFO  ozone.HddsDatanodeService (HddsDatanodeService.java:startPlugins(395)) - Started plug-in org.apache.hadoop.ozone.web.OzoneHddsDatanodeService@35f22eef
2019-08-20 15:29:27,449 [main] INFO  ozone.MiniOzoneClusterImpl (MiniOzoneClusterImpl.java:lambda$waitForClusterToBeReady$0(142)) - Waiting for cluster to be ready. Got 0 of 6 DN Heartbeats.
2019-08-20 15:29:27,450 [org.apache.hadoop.util.JvmPauseMonitor$Monitor@3a0824e4] INFO  util.JvmPauseMonitor (JvmPauseMonitor.java:run(188)) - Starting JVM pause monitor
2019-08-20 15:29:27,469 [Datanode State Machine Thread - 0] INFO  datanode.InitDatanodeState (InitDatanodeState.java:persistContainerDatanodeDetails(140)) - DatanodeDetails is persisted to /workdir/hadoop-ozone/integration-test/target/test-dir/MiniOzoneClusterImpl-d3dddc0d-c158-44f0-ad9e-80fc57836fb1/datanode-5/meta/datanode.id
2019-08-20 15:29:28,450 [main] INFO  ozone.MiniOzoneClusterImpl (MiniOzoneClusterImpl.java:lambda$waitForClusterToBeReady$0(142)) - Waiting for cluster to be ready. Got 0 of 6 DN Heartbeats.
2019-08-20 15:29:28,577 | INFO  | SCMAudit | user=jenkins1000 | ip=192.168.5.139 | op=GET_VERSION null | ret=SUCCESS |  
2019-08-20 15:29:28,593 [Datanode State Machine Thread - 0] INFO  ozoneimpl.OzoneContainer (OzoneContainer.java:start(201)) - Attempting to start container services.
2019-08-20 15:29:28,593 [Datanode State Machine Thread - 0] INFO  ozoneimpl.OzoneContainer (OzoneContainer.java:startContainerScrub(163)) - Background container scanner has been disabled.
2019-08-20 15:29:28,594 [Datanode State Machine Thread - 0] INFO  ratis.XceiverServerRatis (XceiverServerRatis.java:start(404)) - Starting XceiverServerRatis 2d7c5efc-b074-4fc9-b95b-682c27e862a3 at port 0
2019-08-20 15:29:28,598 [Datanode State Machine Thread - 0] INFO  impl.RaftServerProxy (RaftServerProxy.java:lambda$start$3(299)) - 2d7c5efc-b074-4fc9-b95b-682c27e862a3: start RPC server
2019-08-20 15:29:28,600 [Datanode State Machine Thread - 0] INFO  server.GrpcService (GrpcService.java:startImpl(149)) - 2d7c5efc-b074-4fc9-b95b-682c27e862a3: GrpcService started, listening on 0.0.0.0/0.0.0.0:35694
2019-08-20 15:29:28,600 [Datanode State Machine Thread - 0] INFO  ratis.XceiverServerRatis (XceiverServerRatis.java:start(414)) - XceiverServerRatis 2d7c5efc-b074-4fc9-b95b-682c27e862a3 is started using port 35694
2019-08-20 15:29:28,601 [Datanode State Machine Thread - 0] INFO  server.XceiverServerGrpc (XceiverServerGrpc.java:start(161)) - XceiverServerGrpc 2d7c5efc-b074-4fc9-b95b-682c27e862a3 is started using port 41488
2019-08-20 15:29:28,764 | INFO  | SCMAudit | user=jenkins1000 | ip=192.168.5.139 | op=GET_VERSION null | ret=SUCCESS |  
2019-08-20 15:29:28,787 [Datanode State Machine Thread - 0] INFO  ozoneimpl.OzoneContainer (OzoneContainer.java:start(201)) - Attempting to start container services.
2019-08-20 15:29:28,787 [Datanode State Machine Thread - 0] INFO  ozoneimpl.OzoneContainer (OzoneContainer.java:startContainerScrub(163)) - Background container scanner has been disabled.
2019-08-20 15:29:28,787 [Datanode State Machine Thread - 0] INFO  ratis.XceiverServerRatis (XceiverServerRatis.java:start(404)) - Starting XceiverServerRatis 9bc9fff1-11e1-427b-a164-f7900332836f at port 0
2019-08-20 15:29:28,791 [Datanode State Machine Thread - 0] INFO  impl.RaftServerProxy (RaftServerProxy.java:lambda$start$3(299)) - 9bc9fff1-11e1-427b-a164-f7900332836f: start RPC server
2019-08-20 15:29:28,792 [Datanode State Machine Thread - 0] INFO  server.GrpcService (GrpcService.java:startImpl(149)) - 9bc9fff1-11e1-427b-a164-f7900332836f: GrpcService started, listening on 0.0.0.0/0.0.0.0:38309
2019-08-20 15:29:28,792 [Datanode State Machine Thread - 0] INFO  ratis.XceiverServerRatis (XceiverServerRatis.java:start(414)) - XceiverServerRatis 9bc9fff1-11e1-427b-a164-f7900332836f is started using port 38309
2019-08-20 15:29:28,794 [Datanode State Machine Thread - 0] INFO  server.XceiverServerGrpc (XceiverServerGrpc.java:start(161)) - XceiverServerGrpc 9bc9fff1-11e1-427b-a164-f7900332836f is started using port 39233
2019-08-20 15:29:28,923 | INFO  | SCMAudit | user=jenkins1000 | ip=192.168.5.139 | op=GET_VERSION null | ret=SUCCESS |  
2019-08-20 15:29:28,939 [Datanode State Machine Thread - 0] INFO  ozoneimpl.OzoneContainer (OzoneContainer.java:start(201)) - Attempting to start container services.
2019-08-20 15:29:28,939 [Datanode State Machine Thread - 0] INFO  ozoneimpl.OzoneContainer (OzoneContainer.java:startContainerScrub(163)) - Background container scanner has been disabled.
2019-08-20 15:29:28,939 [Datanode State Machine Thread - 0] INFO  ratis.XceiverServerRatis (XceiverServerRatis.java:start(404)) - Starting XceiverServerRatis 5cf37c60-ab16-4b46-8923-a2be97bd85ed at port 0
2019-08-20 15:29:28,945 [Datanode State Machine Thread - 0] INFO  impl.RaftServerProxy (RaftServerProxy.java:lambda$start$3(299)) - 5cf37c60-ab16-4b46-8923-a2be97bd85ed: start RPC server
2019-08-20 15:29:28,946 [Datanode State Machine Thread - 0] INFO  server.GrpcService (GrpcService.java:startImpl(149)) - 5cf37c60-ab16-4b46-8923-a2be97bd85ed: GrpcService started, listening on 0.0.0.0/0.0.0.0:37767
2019-08-20 15:29:28,946 [Datanode State Machine Thread - 0] INFO  ratis.XceiverServerRatis (XceiverServerRatis.java:start(414)) - XceiverServerRatis 5cf37c60-ab16-4b46-8923-a2be97bd85ed is started using port 37767
2019-08-20 15:29:28,947 [Datanode State Machine Thread - 0] INFO  server.XceiverServerGrpc (XceiverServerGrpc.java:start(161)) - XceiverServerGrpc 5cf37c60-ab16-4b46-8923-a2be97bd85ed is started using port 37052
2019-08-20 15:29:29,083 | INFO  | SCMAudit | user=jenkins1000 | ip=192.168.5.139 | op=GET_VERSION null | ret=SUCCESS |  
2019-08-20 15:29:29,098 [Datanode State Machine Thread - 0] INFO  ozoneimpl.OzoneContainer (OzoneContainer.java:start(201)) - Attempting to start container services.
2019-08-20 15:29:29,098 [Datanode State Machine Thread - 0] INFO  ozoneimpl.OzoneContainer (OzoneContainer.java:startContainerScrub(163)) - Background container scanner has been disabled.
2019-08-20 15:29:29,098 [Datanode State Machine Thread - 0] INFO  ratis.XceiverServerRatis (XceiverServerRatis.java:start(404)) - Starting XceiverServerRatis b8771e3f-612a-4e3a-af1f-a8b98b915a10 at port 0
2019-08-20 15:29:29,103 [Datanode State Machine Thread - 0] INFO  impl.RaftServerProxy (RaftServerProxy.java:lambda$start$3(299)) - b8771e3f-612a-4e3a-af1f-a8b98b915a10: start RPC server
2019-08-20 15:29:29,104 [Datanode State Machine Thread - 0] INFO  server.GrpcService (GrpcService.java:startImpl(149)) - b8771e3f-612a-4e3a-af1f-a8b98b915a10: GrpcService started, listening on 0.0.0.0/0.0.0.0:33664
2019-08-20 15:29:29,104 [Datanode State Machine Thread - 0] INFO  ratis.XceiverServerRatis (XceiverServerRatis.java:start(414)) - XceiverServerRatis b8771e3f-612a-4e3a-af1f-a8b98b915a10 is started using port 33664
2019-08-20 15:29:29,104 [Datanode State Machine Thread - 0] INFO  server.XceiverServerGrpc (XceiverServerGrpc.java:start(161)) - XceiverServerGrpc b8771e3f-612a-4e3a-af1f-a8b98b915a10 is started using port 34549
2019-08-20 15:29:29,250 | INFO  | SCMAudit | user=jenkins1000 | ip=192.168.5.139 | op=GET_VERSION null | ret=SUCCESS |  
2019-08-20 15:29:29,264 [Datanode State Machine Thread - 0] INFO  ozoneimpl.OzoneContainer (OzoneContainer.java:start(201)) - Attempting to start container services.
2019-08-20 15:29:29,265 [Datanode State Machine Thread - 0] INFO  ozoneimpl.OzoneContainer (OzoneContainer.java:startContainerScrub(163)) - Background container scanner has been disabled.
2019-08-20 15:29:29,265 [Datanode State Machine Thread - 0] INFO  ratis.XceiverServerRatis (XceiverServerRatis.java:start(404)) - Starting XceiverServerRatis 2027f18d-61d0-44de-a18a-8f9fe8580b83 at port 0
2019-08-20 15:29:29,270 [Datanode State Machine Thread - 0] INFO  impl.RaftServerProxy (RaftServerProxy.java:lambda$start$3(299)) - 2027f18d-61d0-44de-a18a-8f9fe8580b83: start RPC server
2019-08-20 15:29:29,273 [Datanode State Machine Thread - 0] INFO  server.GrpcService (GrpcService.java:startImpl(149)) - 2027f18d-61d0-44de-a18a-8f9fe8580b83: GrpcService started, listening on 0.0.0.0/0.0.0.0:44922
2019-08-20 15:29:29,273 [Datanode State Machine Thread - 0] INFO  ratis.XceiverServerRatis (XceiverServerRatis.java:start(414)) - XceiverServerRatis 2027f18d-61d0-44de-a18a-8f9fe8580b83 is started using port 44922
2019-08-20 15:29:29,274 [Datanode State Machine Thread - 0] INFO  server.XceiverServerGrpc (XceiverServerGrpc.java:start(161)) - XceiverServerGrpc 2027f18d-61d0-44de-a18a-8f9fe8580b83 is started using port 35733
2019-08-20 15:29:29,451 [main] INFO  ozone.MiniOzoneClusterImpl (MiniOzoneClusterImpl.java:lambda$waitForClusterToBeReady$0(142)) - Waiting for cluster to be ready. Got 0 of 6 DN Heartbeats.
2019-08-20 15:29:29,451 | INFO  | SCMAudit | user=jenkins1000 | ip=192.168.5.139 | op=GET_VERSION null | ret=SUCCESS |  
2019-08-20 15:29:29,458 [Datanode State Machine Thread - 0] INFO  ozoneimpl.OzoneContainer (OzoneContainer.java:start(201)) - Attempting to start container services.
2019-08-20 15:29:29,459 [Datanode State Machine Thread - 0] INFO  ozoneimpl.OzoneContainer (OzoneContainer.java:startContainerScrub(163)) - Background container scanner has been disabled.
2019-08-20 15:29:29,459 [Datanode State Machine Thread - 0] INFO  ratis.XceiverServerRatis (XceiverServerRatis.java:start(404)) - Starting XceiverServerRatis c96ba33e-ed49-489d-8101-2a883ad7391b at port 0
2019-08-20 15:29:29,464 [Datanode State Machine Thread - 0] INFO  impl.RaftServerProxy (RaftServerProxy.java:lambda$start$3(299)) - c96ba33e-ed49-489d-8101-2a883ad7391b: start RPC server
2019-08-20 15:29:29,465 [Datanode State Machine Thread - 0] INFO  server.GrpcService (GrpcService.java:startImpl(149)) - c96ba33e-ed49-489d-8101-2a883ad7391b: GrpcService started, listening on 0.0.0.0/0.0.0.0:46601
2019-08-20 15:29:29,465 [Datanode State Machine Thread - 0] INFO  ratis.XceiverServerRatis (XceiverServerRatis.java:start(414)) - XceiverServerRatis c96ba33e-ed49-489d-8101-2a883ad7391b is started using port 46601
2019-08-20 15:29:29,468 [Datanode State Machine Thread - 0] INFO  server.XceiverServerGrpc (XceiverServerGrpc.java:start(161)) - XceiverServerGrpc c96ba33e-ed49-489d-8101-2a883ad7391b is started using port 43654
2019-08-20 15:29:30,451 [main] INFO  ozone.MiniOzoneClusterImpl (MiniOzoneClusterImpl.java:lambda$waitForClusterToBeReady$0(142)) - Waiting for cluster to be ready. Got 0 of 6 DN Heartbeats.
2019-08-20 15:29:30,576 [IPC Server handler 4 on 43185] INFO  net.NetworkTopology (NetworkTopologyImpl.java:add(110)) - Added a new node: /default-rack/2d7c5efc-b074-4fc9-b95b-682c27e862a3
2019-08-20 15:29:30,577 [IPC Server handler 4 on 43185] INFO  node.SCMNodeManager (SCMNodeManager.java:register(273)) - Registered Data node : 2d7c5efc-b074-4fc9-b95b-682c27e862a3{ip: 192.168.5.139, host: pr-hdds-1200-9hlr9-3148487106, networkLocation: /default-rack, certSerialId: null}
2019-08-20 15:29:30,578 [EventQueue-NodeRegistrationContainerReportForDataNodeSafeModeRule] INFO  safemode.SCMSafeModeManager (DataNodeSafeModeRule.java:process(71)) - SCM in safe mode. 1 DataNodes registered, 1 required.
2019-08-20 15:29:30,578 | INFO  | SCMAudit | user=jenkins1000 | ip=192.168.5.139 | op=REGISTER {datanodeDetails=2d7c5efc-b074-4fc9-b95b-682c27e862a3{ip: 192.168.5.139, host: pr-hdds-1200-9hlr9-3148487106, networkLocation: /default-rack, certSerialId: null}} | ret=SUCCESS |  
2019-08-20 15:29:30,579 [EventQueue-NodeRegistrationContainerReportForDataNodeSafeModeRule] INFO  safemode.SCMSafeModeManager (SCMSafeModeManager.java:validateSafeModeExitRules(177)) - ScmSafeModeManager, all rules are successfully validated
2019-08-20 15:29:30,579 [EventQueue-NodeRegistrationContainerReportForDataNodeSafeModeRule] INFO  safemode.SCMSafeModeManager (SCMSafeModeManager.java:exitSafeMode(193)) - SCM exiting safe mode.
2019-08-20 15:29:30,586 [grpc-default-executor-0] INFO  impl.RaftServerProxy (RaftServerProxy.java:addNew(89)) - 2d7c5efc-b074-4fc9-b95b-682c27e862a3: addNew group-1ABB9C285F0D:[2d7c5efc-b074-4fc9-b95b-682c27e862a3:192.168.5.139:35694] returns group-1ABB9C285F0D:java.util.concurrent.CompletableFuture@7daad398[Not completed]
2019-08-20 15:29:30,588 [pool-163-thread-1] INFO  impl.RaftServerImpl (RaftServerImpl.java:<init>(93)) - 2d7c5efc-b074-4fc9-b95b-682c27e862a3: new RaftServerImpl for group-1ABB9C285F0D:[2d7c5efc-b074-4fc9-b95b-682c27e862a3:192.168.5.139:35694] with ContainerStateMachine:uninitialized
2019-08-20 15:29:30,588 [pool-163-thread-1] INFO  server.RaftServerConfigKeys (ConfUtils.java:logGet(43)) - raft.server.rpc.timeout.min = 1s (custom)
2019-08-20 15:29:30,588 [pool-163-thread-1] INFO  server.RaftServerConfigKeys (ConfUtils.java:logGet(43)) - raft.server.rpc.timeout.max = 1200ms (custom)
2019-08-20 15:29:30,588 [pool-163-thread-1] INFO  server.RaftServerConfigKeys (ConfUtils.java:logGet(43)) - raft.server.rpcslowness.timeout = 120s (custom)
2019-08-20 15:29:30,588 [pool-163-thread-1] INFO  server.RaftServerConfigKeys (ConfUtils.java:logGet(43)) - raft.server.sleep.deviation.threshold = 300 (default)
2019-08-20 15:29:30,588 [pool-163-thread-1] INFO  server.RaftServerConfigKeys (ConfUtils.java:logGet(43)) - raft.server.log.appender.install.snapshot.enabled = false (custom)
2019-08-20 15:29:30,588 [pool-163-thread-1] INFO  impl.RaftServerImpl (ServerState.java:<init>(105)) - 2d7c5efc-b074-4fc9-b95b-682c27e862a3:group-1ABB9C285F0D ConfigurationManager, init=-1: [2d7c5efc-b074-4fc9-b95b-682c27e862a3:192.168.5.139:35694], old=null, confs=<EMPTY_MAP>
2019-08-20 15:29:30,588 [pool-163-thread-1] INFO  server.RaftServerConfigKeys (ConfUtils.java:logGet(43)) - raft.server.storage.dir = [/workdir/hadoop-ozone/integration-test/target/test-dir/MiniOzoneClusterImpl-d3dddc0d-c158-44f0-ad9e-80fc57836fb1/datanode-0/data/ratis] (custom)
2019-08-20 15:29:30,589 [pool-163-thread-1] INFO  storage.RaftStorageDirectory (RaftStorageDirectory.java:analyzeStorage(246)) - The storage directory /workdir/hadoop-ozone/integration-test/target/test-dir/MiniOzoneClusterImpl-d3dddc0d-c158-44f0-ad9e-80fc57836fb1/datanode-0/data/ratis/b2e9a922-785c-411e-8f67-1abb9c285f0d does not exist. Creating ...
2019-08-20 15:29:30,604 [pool-163-thread-1] INFO  storage.RaftStorageDirectory (RaftStorageDirectory.java:tryLock(328)) - Lock on /workdir/hadoop-ozone/integration-test/target/test-dir/MiniOzoneClusterImpl-d3dddc0d-c158-44f0-ad9e-80fc57836fb1/datanode-0/data/ratis/b2e9a922-785c-411e-8f67-1abb9c285f0d/in_use.lock acquired by nodename 1270@pr-hdds-1200-9hlr9-3148487106
2019-08-20 15:29:30,618 [pool-163-thread-1] INFO  storage.RaftStorage (RaftStorage.java:format(72)) - Storage directory /workdir/hadoop-ozone/integration-test/target/test-dir/MiniOzoneClusterImpl-d3dddc0d-c158-44f0-ad9e-80fc57836fb1/datanode-0/data/ratis/b2e9a922-785c-411e-8f67-1abb9c285f0d has been successfully formatted.
2019-08-20 15:29:30,618 [pool-163-thread-1] INFO  ratis.ContainerStateMachine (ContainerStateMachine.java:loadSnapshot(222)) - group-1ABB9C285F0D: The snapshot info is null. Setting the last applied indexto:(t:0, i:~)
2019-08-20 15:29:30,618 [pool-163-thread-1] INFO  server.RaftServerConfigKeys (ConfUtils.java:logGet(43)) - raft.server.leader.election.timeout = 120s (custom)
2019-08-20 15:29:30,619 [pool-163-thread-1] INFO  server.RaftServerConfigKeys (ConfUtils.java:logGet(43)) - raft.server.log.use.memory = false (default)
2019-08-20 15:29:30,619 [pool-163-thread-1] INFO  server.RaftServerConfigKeys (ConfUtils.java:logGet(43)) - raft.server.log.purge.gap = 1000000 (custom)
2019-08-20 15:29:30,619 [pool-163-thread-1] INFO  server.RaftServerConfigKeys (ConfUtils.java:logGet(43)) - raft.server.log.appender.buffer.byte-limit = 33554432 (custom)
2019-08-20 15:29:30,619 [pool-163-thread-1] INFO  server.RaftServerConfigKeys (ConfUtils.java:logGet(43)) - raft.server.log.segment.size.max = 1048576 (custom)
2019-08-20 15:29:30,619 [pool-163-thread-1] INFO  server.RaftServerConfigKeys (ConfUtils.java:logGet(43)) - raft.server.log.segment.cache.num.max = 2 (custom)
2019-08-20 15:29:30,619 [pool-163-thread-1] INFO  segmented.SegmentedRaftLogWorker (SegmentedRaftLogWorker.java:<init>(172)) - new 2d7c5efc-b074-4fc9-b95b-682c27e862a3-SegmentedRaftLogWorker:Storage Directory /workdir/hadoop-ozone/integration-test/target/test-dir/MiniOzoneClusterImpl-d3dddc0d-c158-44f0-ad9e-80fc57836fb1/datanode-0/data/ratis/b2e9a922-785c-411e-8f67-1abb9c285f0d for RaftStorage:Storage Directory /workdir/hadoop-ozone/integration-test/target/test-dir/MiniOzoneClusterImpl-d3dddc0d-c158-44f0-ad9e-80fc57836fb1/datanode-0/data/ratis/b2e9a922-785c-411e-8f67-1abb9c285f0d
2019-08-20 15:29:30,619 [pool-163-thread-1] INFO  server.RaftServerConfigKeys (ConfUtils.java:logGet(43)) - raft.server.log.queue.byte-limit = 2147483647 (custom)
2019-08-20 15:29:30,620 [pool-163-thread-1] INFO  server.RaftServerConfigKeys (ConfUtils.java:logGet(43)) - raft.server.log.queue.element-limit = 1024 (custom)
2019-08-20 15:29:30,620 [pool-163-thread-1] INFO  server.RaftServerConfigKeys (ConfUtils.java:logGet(43)) - raft.server.log.segment.size.max = 1048576 (custom)
2019-08-20 15:29:30,620 [pool-163-thread-1] INFO  server.RaftServerConfigKeys (ConfUtils.java:logGet(43)) - raft.server.log.preallocated.size = 16384 (custom)
2019-08-20 15:29:30,620 [pool-163-thread-1] INFO  server.RaftServerConfigKeys (ConfUtils.java:logGet(43)) - raft.server.log.write.buffer.size = 33554432 (custom)
2019-08-20 15:29:30,620 [pool-163-thread-1] INFO  server.RaftServerConfigKeys (ConfUtils.java:logGet(43)) - raft.server.log.force.sync.num = 128 (default)
2019-08-20 15:29:30,620 [pool-163-thread-1] INFO  server.RaftServerConfigKeys (ConfUtils.java:logGet(43)) - raft.server.log.statemachine.data.sync = true (default)
2019-08-20 15:29:30,620 [pool-163-thread-1] INFO  server.RaftServerConfigKeys (ConfUtils.java:logGet(43)) - raft.server.log.statemachine.data.sync.timeout = 10s (default)
2019-08-20 15:29:30,620 [pool-163-thread-1] INFO  server.RaftServerConfigKeys (ConfUtils.java:logGet(43)) - raft.server.log.statemachine.data.sync.timeout.retry = -1 (default)
2019-08-20 15:29:30,621 [pool-163-thread-1] INFO  server.RaftServerConfigKeys (ConfUtils.java:logGet(43)) - raft.server.log.statemachine.data.caching.enabled = true (custom)
2019-08-20 15:29:30,621 [pool-163-thread-1] INFO  segmented.SegmentedRaftLogWorker (SegmentedRaftLogWorker.java:lambda$new$0(132)) - 2d7c5efc-b074-4fc9-b95b-682c27e862a3-SegmentedRaftLogWorker:Storage Directory /workdir/hadoop-ozone/integration-test/target/test-dir/MiniOzoneClusterImpl-d3dddc0d-c158-44f0-ad9e-80fc57836fb1/datanode-0/data/ratis/b2e9a922-785c-411e-8f67-1abb9c285f0d: flushIndex: setUnconditionally 0 -> -1
2019-08-20 15:29:30,621 [pool-163-thread-1] INFO  server.RaftServerConfigKeys (ConfUtils.java:logGet(43)) - raft.server.snapshot.auto.trigger.enabled = true (custom)
2019-08-20 15:29:30,622 [pool-163-thread-1] INFO  server.RaftServerConfigKeys (ConfUtils.java:logGet(43)) - raft.server.snapshot.auto.trigger.threshold = 10000 (custom)
2019-08-20 15:29:30,622 [pool-163-thread-1] INFO  server.RaftServerConfigKeys (ConfUtils.java:logGet(43)) - raft.server.retrycache.expirytime = 600000ms (custom)
2019-08-20 15:29:30,622 [pool-163-thread-1] INFO  impl.RaftServerImpl (RaftServerImpl.java:start(180)) - 2d7c5efc-b074-4fc9-b95b-682c27e862a3: start group-1ABB9C285F0D
2019-08-20 15:29:30,622 [pool-163-thread-1] INFO  impl.RaftServerImpl (RaftServerImpl.java:setRole(171)) - 2d7c5efc-b074-4fc9-b95b-682c27e862a3:group-1ABB9C285F0D changes role from null to FOLLOWER at term 0 for startAsFollower
2019-08-20 15:29:30,622 [pool-163-thread-1] INFO  impl.RoleInfo (RoleInfo.java:updateAndGet(143)) - 2d7c5efc-b074-4fc9-b95b-682c27e862a3: start FollowerState
2019-08-20 15:29:30,630 [pool-163-thread-1] INFO  util.JmxRegister (JmxRegister.java:tryRegister(44)) - Successfully registered JMX Bean with object name Ratis:service=RaftServer,group=group-1ABB9C285F0D,id=2d7c5efc-b074-4fc9-b95b-682c27e862a3
2019-08-20 15:29:30,637 [RatisPipelineUtilsThread] INFO  pipeline.PipelineStateManager (PipelineStateManager.java:addPipeline(56)) - Created pipeline Pipeline[ Id: b2e9a922-785c-411e-8f67-1abb9c285f0d, Nodes: 2d7c5efc-b074-4fc9-b95b-682c27e862a3{ip: 192.168.5.139, host: pr-hdds-1200-9hlr9-3148487106, networkLocation: /default-rack, certSerialId: null}, Type:RATIS, Factor:ONE, State:OPEN]
2019-08-20 15:29:30,766 [IPC Server handler 5 on 43185] INFO  net.NetworkTopology (NetworkTopologyImpl.java:add(110)) - Added a new node: /default-rack/9bc9fff1-11e1-427b-a164-f7900332836f
2019-08-20 15:29:30,766 [IPC Server handler 5 on 43185] INFO  node.SCMNodeManager (SCMNodeManager.java:register(273)) - Registered Data node : 9bc9fff1-11e1-427b-a164-f7900332836f{ip: 192.168.5.139, host: pr-hdds-1200-9hlr9-3148487106, networkLocation: /default-rack, certSerialId: null}
2019-08-20 15:29:30,767 | INFO  | SCMAudit | user=jenkins1000 | ip=192.168.5.139 | op=REGISTER {datanodeDetails=9bc9fff1-11e1-427b-a164-f7900332836f{ip: 192.168.5.139, host: pr-hdds-1200-9hlr9-3148487106, networkLocation: /default-rack, certSerialId: null}} | ret=SUCCESS |  
2019-08-20 15:29:30,776 [grpc-default-executor-0] INFO  impl.RaftServerProxy (RaftServerProxy.java:addNew(89)) - 9bc9fff1-11e1-427b-a164-f7900332836f: addNew group-6AB4FC6FEE3F:[9bc9fff1-11e1-427b-a164-f7900332836f:192.168.5.139:38309] returns group-6AB4FC6FEE3F:java.util.concurrent.CompletableFuture@7936a05e[Not completed]
2019-08-20 15:29:30,777 [pool-174-thread-1] INFO  impl.RaftServerImpl (RaftServerImpl.java:<init>(93)) - 9bc9fff1-11e1-427b-a164-f7900332836f: new RaftServerImpl for group-6AB4FC6FEE3F:[9bc9fff1-11e1-427b-a164-f7900332836f:192.168.5.139:38309] with ContainerStateMachine:uninitialized
2019-08-20 15:29:30,777 [pool-174-thread-1] INFO  server.RaftServerConfigKeys (ConfUtils.java:logGet(43)) - raft.server.rpc.timeout.min = 1s (custom)
2019-08-20 15:29:30,778 [pool-174-thread-1] INFO  server.RaftServerConfigKeys (ConfUtils.java:logGet(43)) - raft.server.rpc.timeout.max = 1200ms (custom)
2019-08-20 15:29:30,778 [pool-174-thread-1] INFO  server.RaftServerConfigKeys (ConfUtils.java:logGet(43)) - raft.server.rpcslowness.timeout = 120s (custom)
2019-08-20 15:29:30,778 [pool-174-thread-1] INFO  server.RaftServerConfigKeys (ConfUtils.java:logGet(43)) - raft.server.sleep.deviation.threshold = 300 (default)
2019-08-20 15:29:30,778 [pool-174-thread-1] INFO  server.RaftServerConfigKeys (ConfUtils.java:logGet(43)) - raft.server.log.appender.install.snapshot.enabled = false (custom)
2019-08-20 15:29:30,778 [pool-174-thread-1] INFO  impl.RaftServerImpl (ServerState.java:<init>(105)) - 9bc9fff1-11e1-427b-a164-f7900332836f:group-6AB4FC6FEE3F ConfigurationManager, init=-1: [9bc9fff1-11e1-427b-a164-f7900332836f:192.168.5.139:38309], old=null, confs=<EMPTY_MAP>
2019-08-20 15:29:30,778 [pool-174-thread-1] INFO  server.RaftServerConfigKeys (ConfUtils.java:logGet(43)) - raft.server.storage.dir = [/workdir/hadoop-ozone/integration-test/target/test-dir/MiniOzoneClusterImpl-d3dddc0d-c158-44f0-ad9e-80fc57836fb1/datanode-1/data/ratis] (custom)
2019-08-20 15:29:30,778 [pool-174-thread-1] INFO  storage.RaftStorageDirectory (RaftStorageDirectory.java:analyzeStorage(246)) - The storage directory /workdir/hadoop-ozone/integration-test/target/test-dir/MiniOzoneClusterImpl-d3dddc0d-c158-44f0-ad9e-80fc57836fb1/datanode-1/data/ratis/5e6388a2-594a-4f89-9cb7-6ab4fc6fee3f does not exist. Creating ...
2019-08-20 15:29:30,783 [pool-174-thread-1] INFO  storage.RaftStorageDirectory (RaftStorageDirectory.java:tryLock(328)) - Lock on /workdir/hadoop-ozone/integration-test/target/test-dir/MiniOzoneClusterImpl-d3dddc0d-c158-44f0-ad9e-80fc57836fb1/datanode-1/data/ratis/5e6388a2-594a-4f89-9cb7-6ab4fc6fee3f/in_use.lock acquired by nodename 1270@pr-hdds-1200-9hlr9-3148487106
2019-08-20 15:29:30,790 [pool-174-thread-1] INFO  storage.RaftStorage (RaftStorage.java:format(72)) - Storage directory /workdir/hadoop-ozone/integration-test/target/test-dir/MiniOzoneClusterImpl-d3dddc0d-c158-44f0-ad9e-80fc57836fb1/datanode-1/data/ratis/5e6388a2-594a-4f89-9cb7-6ab4fc6fee3f has been successfully formatted.
2019-08-20 15:29:30,791 [pool-174-thread-1] INFO  ratis.ContainerStateMachine (ContainerStateMachine.java:loadSnapshot(222)) - group-6AB4FC6FEE3F: The snapshot info is null. Setting the last applied indexto:(t:0, i:~)
2019-08-20 15:29:30,791 [pool-174-thread-1] INFO  server.RaftServerConfigKeys (ConfUtils.java:logGet(43)) - raft.server.leader.election.timeout = 120s (custom)
2019-08-20 15:29:30,791 [pool-174-thread-1] INFO  server.RaftServerConfigKeys (ConfUtils.java:logGet(43)) - raft.server.log.use.memory = false (default)
2019-08-20 15:29:30,791 [pool-174-thread-1] INFO  server.RaftServerConfigKeys (ConfUtils.java:logGet(43)) - raft.server.log.purge.gap = 1000000 (custom)
2019-08-20 15:29:30,792 [pool-174-thread-1] INFO  server.RaftServerConfigKeys (ConfUtils.java:logGet(43)) - raft.server.log.appender.buffer.byte-limit = 33554432 (custom)
2019-08-20 15:29:30,792 [pool-174-thread-1] INFO  server.RaftServerConfigKeys (ConfUtils.java:logGet(43)) - raft.server.log.segment.size.max = 1048576 (custom)
2019-08-20 15:29:30,792 [pool-174-thread-1] INFO  server.RaftServerConfigKeys (ConfUtils.java:logGet(43)) - raft.server.log.segment.cache.num.max = 2 (custom)
2019-08-20 15:29:30,792 [pool-174-thread-1] INFO  segmented.SegmentedRaftLogWorker (SegmentedRaftLogWorker.java:<init>(172)) - new 9bc9fff1-11e1-427b-a164-f7900332836f-SegmentedRaftLogWorker:Storage Directory /workdir/hadoop-ozone/integration-test/target/test-dir/MiniOzoneClusterImpl-d3dddc0d-c158-44f0-ad9e-80fc57836fb1/datanode-1/data/ratis/5e6388a2-594a-4f89-9cb7-6ab4fc6fee3f for RaftStorage:Storage Directory /workdir/hadoop-ozone/integration-test/target/test-dir/MiniOzoneClusterImpl-d3dddc0d-c158-44f0-ad9e-80fc57836fb1/datanode-1/data/ratis/5e6388a2-594a-4f89-9cb7-6ab4fc6fee3f
2019-08-20 15:29:30,792 [pool-174-thread-1] INFO  server.RaftServerConfigKeys (ConfUtils.java:logGet(43)) - raft.server.log.queue.byte-limit = 2147483647 (custom)
2019-08-20 15:29:30,792 [pool-174-thread-1] INFO  server.RaftServerConfigKeys (ConfUtils.java:logGet(43)) - raft.server.log.queue.element-limit = 1024 (custom)
2019-08-20 15:29:30,793 [pool-174-thread-1] INFO  server.RaftServerConfigKeys (ConfUtils.java:logGet(43)) - raft.server.log.segment.size.max = 1048576 (custom)
2019-08-20 15:29:30,793 [pool-174-thread-1] INFO  server.RaftServerConfigKeys (ConfUtils.java:logGet(43)) - raft.server.log.preallocated.size = 16384 (custom)
2019-08-20 15:29:30,793 [pool-174-thread-1] INFO  server.RaftServerConfigKeys (ConfUtils.java:logGet(43)) - raft.server.log.write.buffer.size = 33554432 (custom)
2019-08-20 15:29:30,793 [pool-174-thread-1] INFO  server.RaftServerConfigKeys (ConfUtils.java:logGet(43)) - raft.server.log.force.sync.num = 128 (default)
2019-08-20 15:29:30,793 [pool-174-thread-1] INFO  server.RaftServerConfigKeys (ConfUtils.java:logGet(43)) - raft.server.log.statemachine.data.sync = true (default)
2019-08-20 15:29:30,794 [pool-174-thread-1] INFO  server.RaftServerConfigKeys (ConfUtils.java:logGet(43)) - raft.server.log.statemachine.data.sync.timeout = 10s (default)
2019-08-20 15:29:30,794 [pool-174-thread-1] INFO  server.RaftServerConfigKeys (ConfUtils.java:logGet(43)) - raft.server.log.statemachine.data.sync.timeout.retry = -1 (default)
2019-08-20 15:29:30,794 [pool-174-thread-1] INFO  server.RaftServerConfigKeys (ConfUtils.java:logGet(43)) - raft.server.log.statemachine.data.caching.enabled = true (custom)
2019-08-20 15:29:30,794 [pool-174-thread-1] INFO  segmented.SegmentedRaftLogWorker (SegmentedRaftLogWorker.java:lambda$new$0(132)) - 9bc9fff1-11e1-427b-a164-f7900332836f-SegmentedRaftLogWorker:Storage Directory /workdir/hadoop-ozone/integration-test/target/test-dir/MiniOzoneClusterImpl-d3dddc0d-c158-44f0-ad9e-80fc57836fb1/datanode-1/data/ratis/5e6388a2-594a-4f89-9cb7-6ab4fc6fee3f: flushIndex: setUnconditionally 0 -> -1
2019-08-20 15:29:30,795 [pool-174-thread-1] INFO  server.RaftServerConfigKeys (ConfUtils.java:logGet(43)) - raft.server.snapshot.auto.trigger.enabled = true (custom)
2019-08-20 15:29:30,795 [pool-174-thread-1] INFO  server.RaftServerConfigKeys (ConfUtils.java:logGet(43)) - raft.server.snapshot.auto.trigger.threshold = 10000 (custom)
2019-08-20 15:29:30,795 [pool-174-thread-1] INFO  server.RaftServerConfigKeys (ConfUtils.java:logGet(43)) - raft.server.retrycache.expirytime = 600000ms (custom)
2019-08-20 15:29:30,796 [pool-174-thread-1] INFO  impl.RaftServerImpl (RaftServerImpl.java:start(180)) - 9bc9fff1-11e1-427b-a164-f7900332836f: start group-6AB4FC6FEE3F
2019-08-20 15:29:30,796 [pool-174-thread-1] INFO  impl.RaftServerImpl (RaftServerImpl.java:setRole(171)) - 9bc9fff1-11e1-427b-a164-f7900332836f:group-6AB4FC6FEE3F changes role from null to FOLLOWER at term 0 for startAsFollower
2019-08-20 15:29:30,796 [pool-174-thread-1] INFO  impl.RoleInfo (RoleInfo.java:updateAndGet(143)) - 9bc9fff1-11e1-427b-a164-f7900332836f: start FollowerState
2019-08-20 15:29:30,796 [pool-174-thread-1] INFO  util.JmxRegister (JmxRegister.java:tryRegister(44)) - Successfully registered JMX Bean with object name Ratis:service=RaftServer,group=group-6AB4FC6FEE3F,id=9bc9fff1-11e1-427b-a164-f7900332836f
2019-08-20 15:29:30,799 [RatisPipelineUtilsThread] INFO  pipeline.PipelineStateManager (PipelineStateManager.java:addPipeline(56)) - Created pipeline Pipeline[ Id: 5e6388a2-594a-4f89-9cb7-6ab4fc6fee3f, Nodes: 9bc9fff1-11e1-427b-a164-f7900332836f{ip: 192.168.5.139, host: pr-hdds-1200-9hlr9-3148487106, networkLocation: /default-rack, certSerialId: null}, Type:RATIS, Factor:ONE, State:OPEN]
2019-08-20 15:29:30,923 [IPC Server handler 0 on 43185] INFO  net.NetworkTopology (NetworkTopologyImpl.java:add(110)) - Added a new node: /default-rack/5cf37c60-ab16-4b46-8923-a2be97bd85ed
2019-08-20 15:29:30,924 [IPC Server handler 0 on 43185] INFO  node.SCMNodeManager (SCMNodeManager.java:register(273)) - Registered Data node : 5cf37c60-ab16-4b46-8923-a2be97bd85ed{ip: 192.168.5.139, host: pr-hdds-1200-9hlr9-3148487106, networkLocation: /default-rack, certSerialId: null}
2019-08-20 15:29:30,926 | INFO  | SCMAudit | user=jenkins1000 | ip=192.168.5.139 | op=REGISTER {datanodeDetails=5cf37c60-ab16-4b46-8923-a2be97bd85ed{ip: 192.168.5.139, host: pr-hdds-1200-9hlr9-3148487106, networkLocation: /default-rack, certSerialId: null}} | ret=SUCCESS |  
2019-08-20 15:29:30,933 [grpc-default-executor-0] INFO  impl.RaftServerProxy (RaftServerProxy.java:addNew(89)) - 5cf37c60-ab16-4b46-8923-a2be97bd85ed: addNew group-B95CB74C547D:[5cf37c60-ab16-4b46-8923-a2be97bd85ed:192.168.5.139:37767] returns group-B95CB74C547D:java.util.concurrent.CompletableFuture@161ce6cc[Not completed]
2019-08-20 15:29:30,934 [pool-185-thread-1] INFO  impl.RaftServerImpl (RaftServerImpl.java:<init>(93)) - 5cf37c60-ab16-4b46-8923-a2be97bd85ed: new RaftServerImpl for group-B95CB74C547D:[5cf37c60-ab16-4b46-8923-a2be97bd85ed:192.168.5.139:37767] with ContainerStateMachine:uninitialized
2019-08-20 15:29:30,934 [pool-185-thread-1] INFO  server.RaftServerConfigKeys (ConfUtils.java:logGet(43)) - raft.server.rpc.timeout.min = 1s (custom)
2019-08-20 15:29:30,934 [pool-185-thread-1] INFO  server.RaftServerConfigKeys (ConfUtils.java:logGet(43)) - raft.server.rpc.timeout.max = 1200ms (custom)
2019-08-20 15:29:30,934 [pool-185-thread-1] INFO  server.RaftServerConfigKeys (ConfUtils.java:logGet(43)) - raft.server.rpcslowness.timeout = 120s (custom)
2019-08-20 15:29:30,935 [pool-185-thread-1] INFO  server.RaftServerConfigKeys (ConfUtils.java:logGet(43)) - raft.server.sleep.deviation.threshold = 300 (default)
2019-08-20 15:29:30,935 [pool-185-thread-1] INFO  server.RaftServerConfigKeys (ConfUtils.java:logGet(43)) - raft.server.log.appender.install.snapshot.enabled = false (custom)
2019-08-20 15:29:30,935 [pool-185-thread-1] INFO  impl.RaftServerImpl (ServerState.java:<init>(105)) - 5cf37c60-ab16-4b46-8923-a2be97bd85ed:group-B95CB74C547D ConfigurationManager, init=-1: [5cf37c60-ab16-4b46-8923-a2be97bd85ed:192.168.5.139:37767], old=null, confs=<EMPTY_MAP>
2019-08-20 15:29:30,935 [pool-185-thread-1] INFO  server.RaftServerConfigKeys (ConfUtils.java:logGet(43)) - raft.server.storage.dir = [/workdir/hadoop-ozone/integration-test/target/test-dir/MiniOzoneClusterImpl-d3dddc0d-c158-44f0-ad9e-80fc57836fb1/datanode-2/data/ratis] (custom)
2019-08-20 15:29:30,935 [pool-185-thread-1] INFO  storage.RaftStorageDirectory (RaftStorageDirectory.java:analyzeStorage(246)) - The storage directory /workdir/hadoop-ozone/integration-test/target/test-dir/MiniOzoneClusterImpl-d3dddc0d-c158-44f0-ad9e-80fc57836fb1/datanode-2/data/ratis/481f73df-757a-480e-a597-b95cb74c547d does not exist. Creating ...
2019-08-20 15:29:30,944 [pool-185-thread-1] INFO  storage.RaftStorageDirectory (RaftStorageDirectory.java:tryLock(328)) - Lock on /workdir/hadoop-ozone/integration-test/target/test-dir/MiniOzoneClusterImpl-d3dddc0d-c158-44f0-ad9e-80fc57836fb1/datanode-2/data/ratis/481f73df-757a-480e-a597-b95cb74c547d/in_use.lock acquired by nodename 1270@pr-hdds-1200-9hlr9-3148487106
2019-08-20 15:29:30,959 [pool-185-thread-1] INFO  storage.RaftStorage (RaftStorage.java:format(72)) - Storage directory /workdir/hadoop-ozone/integration-test/target/test-dir/MiniOzoneClusterImpl-d3dddc0d-c158-44f0-ad9e-80fc57836fb1/datanode-2/data/ratis/481f73df-757a-480e-a597-b95cb74c547d has been successfully formatted.
2019-08-20 15:29:30,960 [pool-185-thread-1] INFO  ratis.ContainerStateMachine (ContainerStateMachine.java:loadSnapshot(222)) - group-B95CB74C547D: The snapshot info is null. Setting the last applied indexto:(t:0, i:~)
2019-08-20 15:29:30,960 [pool-185-thread-1] INFO  server.RaftServerConfigKeys (ConfUtils.java:logGet(43)) - raft.server.leader.election.timeout = 120s (custom)
2019-08-20 15:29:30,960 [pool-185-thread-1] INFO  server.RaftServerConfigKeys (ConfUtils.java:logGet(43)) - raft.server.log.use.memory = false (default)
2019-08-20 15:29:30,960 [pool-185-thread-1] INFO  server.RaftServerConfigKeys (ConfUtils.java:logGet(43)) - raft.server.log.purge.gap = 1000000 (custom)
2019-08-20 15:29:30,960 [pool-185-thread-1] INFO  server.RaftServerConfigKeys (ConfUtils.java:logGet(43)) - raft.server.log.appender.buffer.byte-limit = 33554432 (custom)
2019-08-20 15:29:30,960 [pool-185-thread-1] INFO  server.RaftServerConfigKeys (ConfUtils.java:logGet(43)) - raft.server.log.segment.size.max = 1048576 (custom)
2019-08-20 15:29:30,960 [pool-185-thread-1] INFO  server.RaftServerConfigKeys (ConfUtils.java:logGet(43)) - raft.server.log.segment.cache.num.max = 2 (custom)
2019-08-20 15:29:30,961 [pool-185-thread-1] INFO  segmented.SegmentedRaftLogWorker (SegmentedRaftLogWorker.java:<init>(172)) - new 5cf37c60-ab16-4b46-8923-a2be97bd85ed-SegmentedRaftLogWorker:Storage Directory /workdir/hadoop-ozone/integration-test/target/test-dir/MiniOzoneClusterImpl-d3dddc0d-c158-44f0-ad9e-80fc57836fb1/datanode-2/data/ratis/481f73df-757a-480e-a597-b95cb74c547d for RaftStorage:Storage Directory /workdir/hadoop-ozone/integration-test/target/test-dir/MiniOzoneClusterImpl-d3dddc0d-c158-44f0-ad9e-80fc57836fb1/datanode-2/data/ratis/481f73df-757a-480e-a597-b95cb74c547d
2019-08-20 15:29:30,961 [pool-185-thread-1] INFO  server.RaftServerConfigKeys (ConfUtils.java:logGet(43)) - raft.server.log.queue.byte-limit = 2147483647 (custom)
2019-08-20 15:29:30,961 [pool-185-thread-1] INFO  server.RaftServerConfigKeys (ConfUtils.java:logGet(43)) - raft.server.log.queue.element-limit = 1024 (custom)
2019-08-20 15:29:30,961 [pool-185-thread-1] INFO  server.RaftServerConfigKeys (ConfUtils.java:logGet(43)) - raft.server.log.segment.size.max = 1048576 (custom)
2019-08-20 15:29:30,961 [pool-185-thread-1] INFO  server.RaftServerConfigKeys (ConfUtils.java:logGet(43)) - raft.server.log.preallocated.size = 16384 (custom)
2019-08-20 15:29:30,961 [pool-185-thread-1] INFO  server.RaftServerConfigKeys (ConfUtils.java:logGet(43)) - raft.server.log.write.buffer.size = 33554432 (custom)
2019-08-20 15:29:30,962 [pool-185-thread-1] INFO  server.RaftServerConfigKeys (ConfUtils.java:logGet(43)) - raft.server.log.force.sync.num = 128 (default)
2019-08-20 15:29:30,962 [pool-185-thread-1] INFO  server.RaftServerConfigKeys (ConfUtils.java:logGet(43)) - raft.server.log.statemachine.data.sync = true (default)
2019-08-20 15:29:30,962 [pool-185-thread-1] INFO  server.RaftServerConfigKeys (ConfUtils.java:logGet(43)) - raft.server.log.statemachine.data.sync.timeout = 10s (default)
2019-08-20 15:29:30,962 [pool-185-thread-1] INFO  server.RaftServerConfigKeys (ConfUtils.java:logGet(43)) - raft.server.log.statemachine.data.sync.timeout.retry = -1 (default)
2019-08-20 15:29:30,962 [pool-185-thread-1] INFO  server.RaftServerConfigKeys (ConfUtils.java:logGet(43)) - raft.server.log.statemachine.data.caching.enabled = true (custom)
2019-08-20 15:29:30,962 [pool-185-thread-1] INFO  segmented.SegmentedRaftLogWorker (SegmentedRaftLogWorker.java:lambda$new$0(132)) - 5cf37c60-ab16-4b46-8923-a2be97bd85ed-SegmentedRaftLogWorker:Storage Directory /workdir/hadoop-ozone/integration-test/target/test-dir/MiniOzoneClusterImpl-d3dddc0d-c158-44f0-ad9e-80fc57836fb1/datanode-2/data/ratis/481f73df-757a-480e-a597-b95cb74c547d: flushIndex: setUnconditionally 0 -> -1
2019-08-20 15:29:30,963 [pool-185-thread-1] INFO  server.RaftServerConfigKeys (ConfUtils.java:logGet(43)) - raft.server.snapshot.auto.trigger.enabled = true (custom)
2019-08-20 15:29:30,963 [pool-185-thread-1] INFO  server.RaftServerConfigKeys (ConfUtils.java:logGet(43)) - raft.server.snapshot.auto.trigger.threshold = 10000 (custom)
2019-08-20 15:29:30,963 [pool-185-thread-1] INFO  server.RaftServerConfigKeys (ConfUtils.java:logGet(43)) - raft.server.retrycache.expirytime = 600000ms (custom)
2019-08-20 15:29:30,963 [pool-185-thread-1] INFO  impl.RaftServerImpl (RaftServerImpl.java:start(180)) - 5cf37c60-ab16-4b46-8923-a2be97bd85ed: start group-B95CB74C547D
2019-08-20 15:29:30,963 [pool-185-thread-1] INFO  impl.RaftServerImpl (RaftServerImpl.java:setRole(171)) - 5cf37c60-ab16-4b46-8923-a2be97bd85ed:group-B95CB74C547D changes role from null to FOLLOWER at term 0 for startAsFollower
2019-08-20 15:29:30,963 [pool-185-thread-1] INFO  impl.RoleInfo (RoleInfo.java:updateAndGet(143)) - 5cf37c60-ab16-4b46-8923-a2be97bd85ed: start FollowerState
2019-08-20 15:29:30,963 [pool-185-thread-1] INFO  util.JmxRegister (JmxRegister.java:tryRegister(44)) - Successfully registered JMX Bean with object name Ratis:service=RaftServer,group=group-B95CB74C547D,id=5cf37c60-ab16-4b46-8923-a2be97bd85ed
2019-08-20 15:29:30,965 [RatisPipelineUtilsThread] INFO  pipeline.PipelineStateManager (PipelineStateManager.java:addPipeline(56)) - Created pipeline Pipeline[ Id: 481f73df-757a-480e-a597-b95cb74c547d, Nodes: 5cf37c60-ab16-4b46-8923-a2be97bd85ed{ip: 192.168.5.139, host: pr-hdds-1200-9hlr9-3148487106, networkLocation: /default-rack, certSerialId: null}, Type:RATIS, Factor:ONE, State:OPEN]
2019-08-20 15:29:30,984 [grpc-default-executor-0] INFO  impl.RaftServerProxy (RaftServerProxy.java:addNew(89)) - 2d7c5efc-b074-4fc9-b95b-682c27e862a3: addNew group-FDC4B371A35E:[5cf37c60-ab16-4b46-8923-a2be97bd85ed:192.168.5.139:37767, 2d7c5efc-b074-4fc9-b95b-682c27e862a3:192.168.5.139:35694, 9bc9fff1-11e1-427b-a164-f7900332836f:192.168.5.139:38309] returns group-FDC4B371A35E:java.util.concurrent.CompletableFuture@5416f5bc[Not completed]
2019-08-20 15:29:30,984 [grpc-default-executor-5] INFO  impl.RaftServerProxy (RaftServerProxy.java:addNew(89)) - 9bc9fff1-11e1-427b-a164-f7900332836f: addNew group-FDC4B371A35E:[5cf37c60-ab16-4b46-8923-a2be97bd85ed:192.168.5.139:37767, 2d7c5efc-b074-4fc9-b95b-682c27e862a3:192.168.5.139:35694, 9bc9fff1-11e1-427b-a164-f7900332836f:192.168.5.139:38309] returns group-FDC4B371A35E:java.util.concurrent.CompletableFuture@15d25a7[Not completed]
2019-08-20 15:29:30,984 [grpc-default-executor-4] INFO  impl.RaftServerProxy (RaftServerProxy.java:addNew(89)) - 5cf37c60-ab16-4b46-8923-a2be97bd85ed: addNew group-FDC4B371A35E:[5cf37c60-ab16-4b46-8923-a2be97bd85ed:192.168.5.139:37767, 2d7c5efc-b074-4fc9-b95b-682c27e862a3:192.168.5.139:35694, 9bc9fff1-11e1-427b-a164-f7900332836f:192.168.5.139:38309] returns group-FDC4B371A35E:java.util.concurrent.CompletableFuture@6e4a3ff3[Not completed]
2019-08-20 15:29:30,985 [pool-185-thread-1] INFO  impl.RaftServerImpl (RaftServerImpl.java:<init>(93)) - 5cf37c60-ab16-4b46-8923-a2be97bd85ed: new RaftServerImpl for group-FDC4B371A35E:[5cf37c60-ab16-4b46-8923-a2be97bd85ed:192.168.5.139:37767, 2d7c5efc-b074-4fc9-b95b-682c27e862a3:192.168.5.139:35694, 9bc9fff1-11e1-427b-a164-f7900332836f:192.168.5.139:38309] with ContainerStateMachine:uninitialized
2019-08-20 15:29:30,985 [pool-185-thread-1] INFO  server.RaftServerConfigKeys (ConfUtils.java:logGet(43)) - raft.server.rpc.timeout.min = 1s (custom)
2019-08-20 15:29:30,985 [pool-185-thread-1] INFO  server.RaftServerConfigKeys (ConfUtils.java:logGet(43)) - raft.server.rpc.timeout.max = 1200ms (custom)
2019-08-20 15:29:30,985 [pool-185-thread-1] INFO  server.RaftServerConfigKeys (ConfUtils.java:logGet(43)) - raft.server.rpcslowness.timeout = 120s (custom)
2019-08-20 15:29:30,985 [pool-174-thread-1] INFO  impl.RaftServerImpl (RaftServerImpl.java:<init>(93)) - 9bc9fff1-11e1-427b-a164-f7900332836f: new RaftServerImpl for group-FDC4B371A35E:[5cf37c60-ab16-4b46-8923-a2be97bd85ed:192.168.5.139:37767, 2d7c5efc-b074-4fc9-b95b-682c27e862a3:192.168.5.139:35694, 9bc9fff1-11e1-427b-a164-f7900332836f:192.168.5.139:38309] with ContainerStateMachine:uninitialized
2019-08-20 15:29:30,985 [pool-185-thread-1] INFO  server.RaftServerConfigKeys (ConfUtils.java:logGet(43)) - raft.server.sleep.deviation.threshold = 300 (default)
2019-08-20 15:29:30,985 [pool-174-thread-1] INFO  server.RaftServerConfigKeys (ConfUtils.java:logGet(43)) - raft.server.rpc.timeout.min = 1s (custom)
2019-08-20 15:29:30,985 [pool-185-thread-1] INFO  server.RaftServerConfigKeys (ConfUtils.java:logGet(43)) - raft.server.log.appender.install.snapshot.enabled = false (custom)
2019-08-20 15:29:30,985 [pool-174-thread-1] INFO  server.RaftServerConfigKeys (ConfUtils.java:logGet(43)) - raft.server.rpc.timeout.max = 1200ms (custom)
2019-08-20 15:29:30,986 [pool-185-thread-1] INFO  impl.RaftServerImpl (ServerState.java:<init>(105)) - 5cf37c60-ab16-4b46-8923-a2be97bd85ed:group-FDC4B371A35E ConfigurationManager, init=-1: [5cf37c60-ab16-4b46-8923-a2be97bd85ed:192.168.5.139:37767, 2d7c5efc-b074-4fc9-b95b-682c27e862a3:192.168.5.139:35694, 9bc9fff1-11e1-427b-a164-f7900332836f:192.168.5.139:38309], old=null, confs=<EMPTY_MAP>
2019-08-20 15:29:30,986 [pool-174-thread-1] INFO  server.RaftServerConfigKeys (ConfUtils.java:logGet(43)) - raft.server.rpcslowness.timeout = 120s (custom)
2019-08-20 15:29:30,986 [pool-185-thread-1] INFO  server.RaftServerConfigKeys (ConfUtils.java:logGet(43)) - raft.server.storage.dir = [/workdir/hadoop-ozone/integration-test/target/test-dir/MiniOzoneClusterImpl-d3dddc0d-c158-44f0-ad9e-80fc57836fb1/datanode-2/data/ratis] (custom)
2019-08-20 15:29:30,986 [pool-174-thread-1] INFO  server.RaftServerConfigKeys (ConfUtils.java:logGet(43)) - raft.server.sleep.deviation.threshold = 300 (default)
2019-08-20 15:29:30,986 [pool-174-thread-1] INFO  server.RaftServerConfigKeys (ConfUtils.java:logGet(43)) - raft.server.log.appender.install.snapshot.enabled = false (custom)
2019-08-20 15:29:30,986 [pool-163-thread-1] INFO  impl.RaftServerImpl (RaftServerImpl.java:<init>(93)) - 2d7c5efc-b074-4fc9-b95b-682c27e862a3: new RaftServerImpl for group-FDC4B371A35E:[5cf37c60-ab16-4b46-8923-a2be97bd85ed:192.168.5.139:37767, 2d7c5efc-b074-4fc9-b95b-682c27e862a3:192.168.5.139:35694, 9bc9fff1-11e1-427b-a164-f7900332836f:192.168.5.139:38309] with ContainerStateMachine:uninitialized
2019-08-20 15:29:30,986 [pool-174-thread-1] INFO  impl.RaftServerImpl (ServerState.java:<init>(105)) - 9bc9fff1-11e1-427b-a164-f7900332836f:group-FDC4B371A35E ConfigurationManager, init=-1: [5cf37c60-ab16-4b46-8923-a2be97bd85ed:192.168.5.139:37767, 2d7c5efc-b074-4fc9-b95b-682c27e862a3:192.168.5.139:35694, 9bc9fff1-11e1-427b-a164-f7900332836f:192.168.5.139:38309], old=null, confs=<EMPTY_MAP>
2019-08-20 15:29:30,986 [pool-185-thread-1] INFO  storage.RaftStorageDirectory (RaftStorageDirectory.java:analyzeStorage(246)) - The storage directory /workdir/hadoop-ozone/integration-test/target/test-dir/MiniOzoneClusterImpl-d3dddc0d-c158-44f0-ad9e-80fc57836fb1/datanode-2/data/ratis/bc1aa628-619d-401d-b51d-fdc4b371a35e does not exist. Creating ...
2019-08-20 15:29:30,986 [pool-174-thread-1] INFO  server.RaftServerConfigKeys (ConfUtils.java:logGet(43)) - raft.server.storage.dir = [/workdir/hadoop-ozone/integration-test/target/test-dir/MiniOzoneClusterImpl-d3dddc0d-c158-44f0-ad9e-80fc57836fb1/datanode-1/data/ratis] (custom)
2019-08-20 15:29:30,986 [pool-163-thread-1] INFO  server.RaftServerConfigKeys (ConfUtils.java:logGet(43)) - raft.server.rpc.timeout.min = 1s (custom)
2019-08-20 15:29:30,987 [pool-163-thread-1] INFO  server.RaftServerConfigKeys (ConfUtils.java:logGet(43)) - raft.server.rpc.timeout.max = 1200ms (custom)
2019-08-20 15:29:30,987 [pool-174-thread-1] INFO  storage.RaftStorageDirectory (RaftStorageDirectory.java:analyzeStorage(246)) - The storage directory /workdir/hadoop-ozone/integration-test/target/test-dir/MiniOzoneClusterImpl-d3dddc0d-c158-44f0-ad9e-80fc57836fb1/datanode-1/data/ratis/bc1aa628-619d-401d-b51d-fdc4b371a35e does not exist. Creating ...
2019-08-20 15:29:30,987 [pool-163-thread-1] INFO  server.RaftServerConfigKeys (ConfUtils.java:logGet(43)) - raft.server.rpcslowness.timeout = 120s (custom)
2019-08-20 15:29:30,987 [pool-163-thread-1] INFO  server.RaftServerConfigKeys (ConfUtils.java:logGet(43)) - raft.server.sleep.deviation.threshold = 300 (default)
2019-08-20 15:29:30,987 [pool-163-thread-1] INFO  server.RaftServerConfigKeys (ConfUtils.java:logGet(43)) - raft.server.log.appender.install.snapshot.enabled = false (custom)
2019-08-20 15:29:30,987 [pool-163-thread-1] INFO  impl.RaftServerImpl (ServerState.java:<init>(105)) - 2d7c5efc-b074-4fc9-b95b-682c27e862a3:group-FDC4B371A35E ConfigurationManager, init=-1: [5cf37c60-ab16-4b46-8923-a2be97bd85ed:192.168.5.139:37767, 2d7c5efc-b074-4fc9-b95b-682c27e862a3:192.168.5.139:35694, 9bc9fff1-11e1-427b-a164-f7900332836f:192.168.5.139:38309], old=null, confs=<EMPTY_MAP>
2019-08-20 15:29:30,988 [pool-163-thread-1] INFO  server.RaftServerConfigKeys (ConfUtils.java:logGet(43)) - raft.server.storage.dir = [/workdir/hadoop-ozone/integration-test/target/test-dir/MiniOzoneClusterImpl-d3dddc0d-c158-44f0-ad9e-80fc57836fb1/datanode-0/data/ratis] (custom)
2019-08-20 15:29:30,988 [pool-163-thread-1] INFO  storage.RaftStorageDirectory (RaftStorageDirectory.java:analyzeStorage(246)) - The storage directory /workdir/hadoop-ozone/integration-test/target/test-dir/MiniOzoneClusterImpl-d3dddc0d-c158-44f0-ad9e-80fc57836fb1/datanode-0/data/ratis/bc1aa628-619d-401d-b51d-fdc4b371a35e does not exist. Creating ...
2019-08-20 15:29:30,994 [pool-174-thread-1] INFO  storage.RaftStorageDirectory (RaftStorageDirectory.java:tryLock(328)) - Lock on /workdir/hadoop-ozone/integration-test/target/test-dir/MiniOzoneClusterImpl-d3dddc0d-c158-44f0-ad9e-80fc57836fb1/datanode-1/data/ratis/bc1aa628-619d-401d-b51d-fdc4b371a35e/in_use.lock acquired by nodename 1270@pr-hdds-1200-9hlr9-3148487106
2019-08-20 15:29:30,994 [pool-185-thread-1] INFO  storage.RaftStorageDirectory (RaftStorageDirectory.java:tryLock(328)) - Lock on /workdir/hadoop-ozone/integration-test/target/test-dir/MiniOzoneClusterImpl-d3dddc0d-c158-44f0-ad9e-80fc57836fb1/datanode-2/data/ratis/bc1aa628-619d-401d-b51d-fdc4b371a35e/in_use.lock acquired by nodename 1270@pr-hdds-1200-9hlr9-3148487106
2019-08-20 15:29:30,994 [pool-163-thread-1] INFO  storage.RaftStorageDirectory (RaftStorageDirectory.java:tryLock(328)) - Lock on /workdir/hadoop-ozone/integration-test/target/test-dir/MiniOzoneClusterImpl-d3dddc0d-c158-44f0-ad9e-80fc57836fb1/datanode-0/data/ratis/bc1aa628-619d-401d-b51d-fdc4b371a35e/in_use.lock acquired by nodename 1270@pr-hdds-1200-9hlr9-3148487106
2019-08-20 15:29:31,008 [pool-174-thread-1] INFO  storage.RaftStorage (RaftStorage.java:format(72)) - Storage directory /workdir/hadoop-ozone/integration-test/target/test-dir/MiniOzoneClusterImpl-d3dddc0d-c158-44f0-ad9e-80fc57836fb1/datanode-1/data/ratis/bc1aa628-619d-401d-b51d-fdc4b371a35e has been successfully formatted.
2019-08-20 15:29:31,008 [pool-185-thread-1] INFO  storage.RaftStorage (RaftStorage.java:format(72)) - Storage directory /workdir/hadoop-ozone/integration-test/target/test-dir/MiniOzoneClusterImpl-d3dddc0d-c158-44f0-ad9e-80fc57836fb1/datanode-2/data/ratis/bc1aa628-619d-401d-b51d-fdc4b371a35e has been successfully formatted.
2019-08-20 15:29:31,008 [pool-163-thread-1] INFO  storage.RaftStorage (RaftStorage.java:format(72)) - Storage directory /workdir/hadoop-ozone/integration-test/target/test-dir/MiniOzoneClusterImpl-d3dddc0d-c158-44f0-ad9e-80fc57836fb1/datanode-0/data/ratis/bc1aa628-619d-401d-b51d-fdc4b371a35e has been successfully formatted.
2019-08-20 15:29:31,009 [pool-185-thread-1] INFO  ratis.ContainerStateMachine (ContainerStateMachine.java:loadSnapshot(222)) - group-FDC4B371A35E: The snapshot info is null. Setting the last applied indexto:(t:0, i:~)
2019-08-20 15:29:31,009 [pool-174-thread-1] INFO  ratis.ContainerStateMachine (ContainerStateMachine.java:loadSnapshot(222)) - group-FDC4B371A35E: The snapshot info is null. Setting the last applied indexto:(t:0, i:~)
2019-08-20 15:29:31,009 [pool-185-thread-1] INFO  server.RaftServerConfigKeys (ConfUtils.java:logGet(43)) - raft.server.leader.election.timeout = 120s (custom)
2019-08-20 15:29:31,009 [pool-174-thread-1] INFO  server.RaftServerConfigKeys (ConfUtils.java:logGet(43)) - raft.server.leader.election.timeout = 120s (custom)
2019-08-20 15:29:31,009 [pool-163-thread-1] INFO  ratis.ContainerStateMachine (ContainerStateMachine.java:loadSnapshot(222)) - group-FDC4B371A35E: The snapshot info is null. Setting the last applied indexto:(t:0, i:~)
2019-08-20 15:29:31,009 [pool-174-thread-1] INFO  server.RaftServerConfigKeys (ConfUtils.java:logGet(43)) - raft.server.log.use.memory = false (default)
2019-08-20 15:29:31,009 [pool-185-thread-1] INFO  server.RaftServerConfigKeys (ConfUtils.java:logGet(43)) - raft.server.log.use.memory = false (default)
2019-08-20 15:29:31,010 [pool-174-thread-1] INFO  server.RaftServerConfigKeys (ConfUtils.java:logGet(43)) - raft.server.log.purge.gap = 1000000 (custom)
2019-08-20 15:29:31,009 [pool-163-thread-1] INFO  server.RaftServerConfigKeys (ConfUtils.java:logGet(43)) - raft.server.leader.election.timeout = 120s (custom)
2019-08-20 15:29:31,010 [pool-174-thread-1] INFO  server.RaftServerConfigKeys (ConfUtils.java:logGet(43)) - raft.server.log.appender.buffer.byte-limit = 33554432 (custom)
2019-08-20 15:29:31,010 [pool-185-thread-1] INFO  server.RaftServerConfigKeys (ConfUtils.java:logGet(43)) - raft.server.log.purge.gap = 1000000 (custom)
2019-08-20 15:29:31,010 [pool-174-thread-1] INFO  server.RaftServerConfigKeys (ConfUtils.java:logGet(43)) - raft.server.log.segment.size.max = 1048576 (custom)
2019-08-20 15:29:31,010 [pool-163-thread-1] INFO  server.RaftServerConfigKeys (ConfUtils.java:logGet(43)) - raft.server.log.use.memory = false (default)
2019-08-20 15:29:31,010 [pool-174-thread-1] INFO  server.RaftServerConfigKeys (ConfUtils.java:logGet(43)) - raft.server.log.segment.cache.num.max = 2 (custom)
2019-08-20 15:29:31,010 [pool-185-thread-1] INFO  server.RaftServerConfigKeys (ConfUtils.java:logGet(43)) - raft.server.log.appender.buffer.byte-limit = 33554432 (custom)
2019-08-20 15:29:31,011 [pool-174-thread-1] INFO  segmented.SegmentedRaftLogWorker (SegmentedRaftLogWorker.java:<init>(172)) - new 9bc9fff1-11e1-427b-a164-f7900332836f-SegmentedRaftLogWorker:Storage Directory /workdir/hadoop-ozone/integration-test/target/test-dir/MiniOzoneClusterImpl-d3dddc0d-c158-44f0-ad9e-80fc57836fb1/datanode-1/data/ratis/bc1aa628-619d-401d-b51d-fdc4b371a35e for RaftStorage:Storage Directory /workdir/hadoop-ozone/integration-test/target/test-dir/MiniOzoneClusterImpl-d3dddc0d-c158-44f0-ad9e-80fc57836fb1/datanode-1/data/ratis/bc1aa628-619d-401d-b51d-fdc4b371a35e
2019-08-20 15:29:31,011 [pool-163-thread-1] INFO  server.RaftServerConfigKeys (ConfUtils.java:logGet(43)) - raft.server.log.purge.gap = 1000000 (custom)
2019-08-20 15:29:31,011 [pool-174-thread-1] INFO  server.RaftServerConfigKeys (ConfUtils.java:logGet(43)) - raft.server.log.queue.byte-limit = 2147483647 (custom)
2019-08-20 15:29:31,011 [pool-185-thread-1] INFO  server.RaftServerConfigKeys (ConfUtils.java:logGet(43)) - raft.server.log.segment.size.max = 1048576 (custom)
2019-08-20 15:29:31,011 [pool-174-thread-1] INFO  server.RaftServerConfigKeys (ConfUtils.java:logGet(43)) - raft.server.log.queue.element-limit = 1024 (custom)
2019-08-20 15:29:31,011 [pool-163-thread-1] INFO  server.RaftServerConfigKeys (ConfUtils.java:logGet(43)) - raft.server.log.appender.buffer.byte-limit = 33554432 (custom)
2019-08-20 15:29:31,012 [pool-174-thread-1] INFO  server.RaftServerConfigKeys (ConfUtils.java:logGet(43)) - raft.server.log.segment.size.max = 1048576 (custom)
2019-08-20 15:29:31,012 [pool-185-thread-1] INFO  server.RaftServerConfigKeys (ConfUtils.java:logGet(43)) - raft.server.log.segment.cache.num.max = 2 (custom)
2019-08-20 15:29:31,012 [pool-174-thread-1] INFO  server.RaftServerConfigKeys (ConfUtils.java:logGet(43)) - raft.server.log.preallocated.size = 16384 (custom)
2019-08-20 15:29:31,012 [pool-163-thread-1] INFO  server.RaftServerConfigKeys (ConfUtils.java:logGet(43)) - raft.server.log.segment.size.max = 1048576 (custom)
2019-08-20 15:29:31,012 [pool-174-thread-1] INFO  server.RaftServerConfigKeys (ConfUtils.java:logGet(43)) - raft.server.log.write.buffer.size = 33554432 (custom)
2019-08-20 15:29:31,012 [pool-185-thread-1] INFO  segmented.SegmentedRaftLogWorker (SegmentedRaftLogWorker.java:<init>(172)) - new 5cf37c60-ab16-4b46-8923-a2be97bd85ed-SegmentedRaftLogWorker:Storage Directory /workdir/hadoop-ozone/integration-test/target/test-dir/MiniOzoneClusterImpl-d3dddc0d-c158-44f0-ad9e-80fc57836fb1/datanode-2/data/ratis/bc1aa628-619d-401d-b51d-fdc4b371a35e for RaftStorage:Storage Directory /workdir/hadoop-ozone/integration-test/target/test-dir/MiniOzoneClusterImpl-d3dddc0d-c158-44f0-ad9e-80fc57836fb1/datanode-2/data/ratis/bc1aa628-619d-401d-b51d-fdc4b371a35e
2019-08-20 15:29:31,012 [pool-174-thread-1] INFO  server.RaftServerConfigKeys (ConfUtils.java:logGet(43)) - raft.server.log.force.sync.num = 128 (default)
2019-08-20 15:29:31,012 [pool-163-thread-1] INFO  server.RaftServerConfigKeys (ConfUtils.java:logGet(43)) - raft.server.log.segment.cache.num.max = 2 (custom)
2019-08-20 15:29:31,013 [pool-174-thread-1] INFO  server.RaftServerConfigKeys (ConfUtils.java:logGet(43)) - raft.server.log.statemachine.data.sync = true (default)
2019-08-20 15:29:31,013 [pool-185-thread-1] INFO  server.RaftServerConfigKeys (ConfUtils.java:logGet(43)) - raft.server.log.queue.byte-limit = 2147483647 (custom)
2019-08-20 15:29:31,013 [pool-174-thread-1] INFO  server.RaftServerConfigKeys (ConfUtils.java:logGet(43)) - raft.server.log.statemachine.data.sync.timeout = 10s (default)
2019-08-20 15:29:31,013 [pool-163-thread-1] INFO  segmented.SegmentedRaftLogWorker (SegmentedRaftLogWorker.java:<init>(172)) - new 2d7c5efc-b074-4fc9-b95b-682c27e862a3-SegmentedRaftLogWorker:Storage Directory /workdir/hadoop-ozone/integration-test/target/test-dir/MiniOzoneClusterImpl-d3dddc0d-c158-44f0-ad9e-80fc57836fb1/datanode-0/data/ratis/bc1aa628-619d-401d-b51d-fdc4b371a35e for RaftStorage:Storage Directory /workdir/hadoop-ozone/integration-test/target/test-dir/MiniOzoneClusterImpl-d3dddc0d-c158-44f0-ad9e-80fc57836fb1/datanode-0/data/ratis/bc1aa628-619d-401d-b51d-fdc4b371a35e
2019-08-20 15:29:31,013 [pool-174-thread-1] INFO  server.RaftServerConfigKeys (ConfUtils.java:logGet(43)) - raft.server.log.statemachine.data.sync.timeout.retry = -1 (default)
2019-08-20 15:29:31,013 [pool-185-thread-1] INFO  server.RaftServerConfigKeys (ConfUtils.java:logGet(43)) - raft.server.log.queue.element-limit = 1024 (custom)
2019-08-20 15:29:31,013 [pool-174-thread-1] INFO  server.RaftServerConfigKeys (ConfUtils.java:logGet(43)) - raft.server.log.statemachine.data.caching.enabled = true (custom)
2019-08-20 15:29:31,013 [pool-163-thread-1] INFO  server.RaftServerConfigKeys (ConfUtils.java:logGet(43)) - raft.server.log.queue.byte-limit = 2147483647 (custom)
2019-08-20 15:29:31,013 [pool-185-thread-1] INFO  server.RaftServerConfigKeys (ConfUtils.java:logGet(43)) - raft.server.log.segment.size.max = 1048576 (custom)
2019-08-20 15:29:31,014 [pool-174-thread-1] INFO  segmented.SegmentedRaftLogWorker (SegmentedRaftLogWorker.java:lambda$new$0(132)) - 9bc9fff1-11e1-427b-a164-f7900332836f-SegmentedRaftLogWorker:Storage Directory /workdir/hadoop-ozone/integration-test/target/test-dir/MiniOzoneClusterImpl-d3dddc0d-c158-44f0-ad9e-80fc57836fb1/datanode-1/data/ratis/bc1aa628-619d-401d-b51d-fdc4b371a35e: flushIndex: setUnconditionally 0 -> -1
2019-08-20 15:29:31,014 [pool-163-thread-1] INFO  server.RaftServerConfigKeys (ConfUtils.java:logGet(43)) - raft.server.log.queue.element-limit = 1024 (custom)
2019-08-20 15:29:31,014 [pool-185-thread-1] INFO  server.RaftServerConfigKeys (ConfUtils.java:logGet(43)) - raft.server.log.preallocated.size = 16384 (custom)
2019-08-20 15:29:31,014 [pool-174-thread-1] INFO  server.RaftServerConfigKeys (ConfUtils.java:logGet(43)) - raft.server.snapshot.auto.trigger.enabled = true (custom)
2019-08-20 15:29:31,014 [pool-163-thread-1] INFO  server.RaftServerConfigKeys (ConfUtils.java:logGet(43)) - raft.server.log.segment.size.max = 1048576 (custom)
2019-08-20 15:29:31,014 [pool-185-thread-1] INFO  server.RaftServerConfigKeys (ConfUtils.java:logGet(43)) - raft.server.log.write.buffer.size = 33554432 (custom)
2019-08-20 15:29:31,014 [pool-163-thread-1] INFO  server.RaftServerConfigKeys (ConfUtils.java:logGet(43)) - raft.server.log.preallocated.size = 16384 (custom)
2019-08-20 15:29:31,014 [pool-174-thread-1] INFO  server.RaftServerConfigKeys (ConfUtils.java:logGet(43)) - raft.server.snapshot.auto.trigger.threshold = 10000 (custom)
2019-08-20 15:29:31,015 [pool-163-thread-1] INFO  server.RaftServerConfigKeys (ConfUtils.java:logGet(43)) - raft.server.log.write.buffer.size = 33554432 (custom)
2019-08-20 15:29:31,014 [pool-185-thread-1] INFO  server.RaftServerConfigKeys (ConfUtils.java:logGet(43)) - raft.server.log.force.sync.num = 128 (default)
2019-08-20 15:29:31,015 [pool-163-thread-1] INFO  server.RaftServerConfigKeys (ConfUtils.java:logGet(43)) - raft.server.log.force.sync.num = 128 (default)
2019-08-20 15:29:31,015 [pool-174-thread-1] INFO  server.RaftServerConfigKeys (ConfUtils.java:logGet(43)) - raft.server.retrycache.expirytime = 600000ms (custom)
2019-08-20 15:29:31,015 [pool-163-thread-1] INFO  server.RaftServerConfigKeys (ConfUtils.java:logGet(43)) - raft.server.log.statemachine.data.sync = true (default)
2019-08-20 15:29:31,015 [pool-185-thread-1] INFO  server.RaftServerConfigKeys (ConfUtils.java:logGet(43)) - raft.server.log.statemachine.data.sync = true (default)
2019-08-20 15:29:31,015 [pool-163-thread-1] INFO  server.RaftServerConfigKeys (ConfUtils.java:logGet(43)) - raft.server.log.statemachine.data.sync.timeout = 10s (default)
2019-08-20 15:29:31,015 [pool-174-thread-1] INFO  impl.RaftServerImpl (RaftServerImpl.java:start(180)) - 9bc9fff1-11e1-427b-a164-f7900332836f: start group-FDC4B371A35E
2019-08-20 15:29:31,016 [pool-163-thread-1] INFO  server.RaftServerConfigKeys (ConfUtils.java:logGet(43)) - raft.server.log.statemachine.data.sync.timeout.retry = -1 (default)
2019-08-20 15:29:31,015 [pool-185-thread-1] INFO  server.RaftServerConfigKeys (ConfUtils.java:logGet(43)) - raft.server.log.statemachine.data.sync.timeout = 10s (default)
2019-08-20 15:29:31,016 [pool-163-thread-1] INFO  server.RaftServerConfigKeys (ConfUtils.java:logGet(43)) - raft.server.log.statemachine.data.caching.enabled = true (custom)
2019-08-20 15:29:31,016 [pool-174-thread-1] INFO  impl.RaftServerImpl (RaftServerImpl.java:setRole(171)) - 9bc9fff1-11e1-427b-a164-f7900332836f:group-FDC4B371A35E changes role from null to FOLLOWER at term 0 for startAsFollower
2019-08-20 15:29:31,016 [pool-185-thread-1] INFO  server.RaftServerConfigKeys (ConfUtils.java:logGet(43)) - raft.server.log.statemachine.data.sync.timeout.retry = -1 (default)
2019-08-20 15:29:31,016 [pool-174-thread-1] INFO  impl.RoleInfo (RoleInfo.java:updateAndGet(143)) - 9bc9fff1-11e1-427b-a164-f7900332836f: start FollowerState
2019-08-20 15:29:31,016 [pool-185-thread-1] INFO  server.RaftServerConfigKeys (ConfUtils.java:logGet(43)) - raft.server.log.statemachine.data.caching.enabled = true (custom)
2019-08-20 15:29:31,016 [pool-163-thread-1] INFO  segmented.SegmentedRaftLogWorker (SegmentedRaftLogWorker.java:lambda$new$0(132)) - 2d7c5efc-b074-4fc9-b95b-682c27e862a3-SegmentedRaftLogWorker:Storage Directory /workdir/hadoop-ozone/integration-test/target/test-dir/MiniOzoneClusterImpl-d3dddc0d-c158-44f0-ad9e-80fc57836fb1/datanode-0/data/ratis/bc1aa628-619d-401d-b51d-fdc4b371a35e: flushIndex: setUnconditionally 0 -> -1
2019-08-20 15:29:31,017 [pool-185-thread-1] INFO  segmented.SegmentedRaftLogWorker (SegmentedRaftLogWorker.java:lambda$new$0(132)) - 5cf37c60-ab16-4b46-8923-a2be97bd85ed-SegmentedRaftLogWorker:Storage Directory /workdir/hadoop-ozone/integration-test/target/test-dir/MiniOzoneClusterImpl-d3dddc0d-c158-44f0-ad9e-80fc57836fb1/datanode-2/data/ratis/bc1aa628-619d-401d-b51d-fdc4b371a35e: flushIndex: setUnconditionally 0 -> -1
2019-08-20 15:29:31,017 [pool-174-thread-1] INFO  util.JmxRegister (JmxRegister.java:tryRegister(44)) - Successfully registered JMX Bean with object name Ratis:service=RaftServer,group=group-FDC4B371A35E,id=9bc9fff1-11e1-427b-a164-f7900332836f
2019-08-20 15:29:31,017 [pool-163-thread-1] INFO  server.RaftServerConfigKeys (ConfUtils.java:logGet(43)) - raft.server.snapshot.auto.trigger.enabled = true (custom)
2019-08-20 15:29:31,017 [pool-185-thread-1] INFO  server.RaftServerConfigKeys (ConfUtils.java:logGet(43)) - raft.server.snapshot.auto.trigger.enabled = true (custom)
2019-08-20 15:29:31,017 [pool-163-thread-1] INFO  server.RaftServerConfigKeys (ConfUtils.java:logGet(43)) - raft.server.snapshot.auto.trigger.threshold = 10000 (custom)
2019-08-20 15:29:31,017 [pool-185-thread-1] INFO  server.RaftServerConfigKeys (ConfUtils.java:logGet(43)) - raft.server.snapshot.auto.trigger.threshold = 10000 (custom)
2019-08-20 15:29:31,017 [pool-163-thread-1] INFO  server.RaftServerConfigKeys (ConfUtils.java:logGet(43)) - raft.server.retrycache.expirytime = 600000ms (custom)
2019-08-20 15:29:31,017 [pool-185-thread-1] INFO  server.RaftServerConfigKeys (ConfUtils.java:logGet(43)) - raft.server.retrycache.expirytime = 600000ms (custom)
2019-08-20 15:29:31,018 [pool-163-thread-1] INFO  impl.RaftServerImpl (RaftServerImpl.java:start(180)) - 2d7c5efc-b074-4fc9-b95b-682c27e862a3: start group-FDC4B371A35E
2019-08-20 15:29:31,018 [pool-185-thread-1] INFO  impl.RaftServerImpl (RaftServerImpl.java:start(180)) - 5cf37c60-ab16-4b46-8923-a2be97bd85ed: start group-FDC4B371A35E
2019-08-20 15:29:31,018 [pool-163-thread-1] INFO  impl.RaftServerImpl (RaftServerImpl.java:setRole(171)) - 2d7c5efc-b074-4fc9-b95b-682c27e862a3:group-FDC4B371A35E changes role from null to FOLLOWER at term 0 for startAsFollower
2019-08-20 15:29:31,018 [pool-185-thread-1] INFO  impl.RaftServerImpl (RaftServerImpl.java:setRole(171)) - 5cf37c60-ab16-4b46-8923-a2be97bd85ed:group-FDC4B371A35E changes role from null to FOLLOWER at term 0 for startAsFollower
2019-08-20 15:29:31,018 [pool-163-thread-1] INFO  impl.RoleInfo (RoleInfo.java:updateAndGet(143)) - 2d7c5efc-b074-4fc9-b95b-682c27e862a3: start FollowerState
2019-08-20 15:29:31,018 [pool-185-thread-1] INFO  impl.RoleInfo (RoleInfo.java:updateAndGet(143)) - 5cf37c60-ab16-4b46-8923-a2be97bd85ed: start FollowerState
2019-08-20 15:29:31,018 [pool-185-thread-1] INFO  util.JmxRegister (JmxRegister.java:tryRegister(44)) - Successfully registered JMX Bean with object name Ratis:service=RaftServer,group=group-FDC4B371A35E,id=5cf37c60-ab16-4b46-8923-a2be97bd85ed
2019-08-20 15:29:31,019 [pool-163-thread-1] INFO  util.JmxRegister (JmxRegister.java:tryRegister(44)) - Successfully registered JMX Bean with object name Ratis:service=RaftServer,group=group-FDC4B371A35E,id=2d7c5efc-b074-4fc9-b95b-682c27e862a3
2019-08-20 15:29:31,020 [RatisPipelineUtilsThread] INFO  pipeline.PipelineStateManager (PipelineStateManager.java:addPipeline(56)) - Created pipeline Pipeline[ Id: bc1aa628-619d-401d-b51d-fdc4b371a35e, Nodes: 2d7c5efc-b074-4fc9-b95b-682c27e862a3{ip: 192.168.5.139, host: pr-hdds-1200-9hlr9-3148487106, networkLocation: /default-rack, certSerialId: null}9bc9fff1-11e1-427b-a164-f7900332836f{ip: 192.168.5.139, host: pr-hdds-1200-9hlr9-3148487106, networkLocation: /default-rack, certSerialId: null}5cf37c60-ab16-4b46-8923-a2be97bd85ed{ip: 192.168.5.139, host: pr-hdds-1200-9hlr9-3148487106, networkLocation: /default-rack, certSerialId: null}, Type:RATIS, Factor:THREE, State:OPEN]
2019-08-20 15:29:31,084 [IPC Server handler 1 on 43185] INFO  net.NetworkTopology (NetworkTopologyImpl.java:add(110)) - Added a new node: /default-rack/b8771e3f-612a-4e3a-af1f-a8b98b915a10
2019-08-20 15:29:31,084 [IPC Server handler 1 on 43185] INFO  node.SCMNodeManager (SCMNodeManager.java:register(273)) - Registered Data node : b8771e3f-612a-4e3a-af1f-a8b98b915a10{ip: 192.168.5.139, host: pr-hdds-1200-9hlr9-3148487106, networkLocation: /default-rack, certSerialId: null}
2019-08-20 15:29:31,084 | INFO  | SCMAudit | user=jenkins1000 | ip=192.168.5.139 | op=REGISTER {datanodeDetails=b8771e3f-612a-4e3a-af1f-a8b98b915a10{ip: 192.168.5.139, host: pr-hdds-1200-9hlr9-3148487106, networkLocation: /default-rack, certSerialId: null}} | ret=SUCCESS |  
2019-08-20 15:29:31,091 [grpc-default-executor-4] INFO  impl.RaftServerProxy (RaftServerProxy.java:addNew(89)) - b8771e3f-612a-4e3a-af1f-a8b98b915a10: addNew group-305DEA941FDB:[b8771e3f-612a-4e3a-af1f-a8b98b915a10:192.168.5.139:33664] returns group-305DEA941FDB:java.util.concurrent.CompletableFuture@116d506b[Not completed]
2019-08-20 15:29:31,092 [pool-196-thread-1] INFO  impl.RaftServerImpl (RaftServerImpl.java:<init>(93)) - b8771e3f-612a-4e3a-af1f-a8b98b915a10: new RaftServerImpl for group-305DEA941FDB:[b8771e3f-612a-4e3a-af1f-a8b98b915a10:192.168.5.139:33664] with ContainerStateMachine:uninitialized
2019-08-20 15:29:31,092 [pool-196-thread-1] INFO  server.RaftServerConfigKeys (ConfUtils.java:logGet(43)) - raft.server.rpc.timeout.min = 1s (custom)
2019-08-20 15:29:31,092 [pool-196-thread-1] INFO  server.RaftServerConfigKeys (ConfUtils.java:logGet(43)) - raft.server.rpc.timeout.max = 1200ms (custom)
2019-08-20 15:29:31,092 [pool-196-thread-1] INFO  server.RaftServerConfigKeys (ConfUtils.java:logGet(43)) - raft.server.rpcslowness.timeout = 120s (custom)
2019-08-20 15:29:31,092 [pool-196-thread-1] INFO  server.RaftServerConfigKeys (ConfUtils.java:logGet(43)) - raft.server.sleep.deviation.threshold = 300 (default)
2019-08-20 15:29:31,092 [pool-196-thread-1] INFO  server.RaftServerConfigKeys (ConfUtils.java:logGet(43)) - raft.server.log.appender.install.snapshot.enabled = false (custom)
2019-08-20 15:29:31,092 [pool-196-thread-1] INFO  impl.RaftServerImpl (ServerState.java:<init>(105)) - b8771e3f-612a-4e3a-af1f-a8b98b915a10:group-305DEA941FDB ConfigurationManager, init=-1: [b8771e3f-612a-4e3a-af1f-a8b98b915a10:192.168.5.139:33664], old=null, confs=<EMPTY_MAP>
2019-08-20 15:29:31,092 [pool-196-thread-1] INFO  server.RaftServerConfigKeys (ConfUtils.java:logGet(43)) - raft.server.storage.dir = [/workdir/hadoop-ozone/integration-test/target/test-dir/MiniOzoneClusterImpl-d3dddc0d-c158-44f0-ad9e-80fc57836fb1/datanode-3/data/ratis] (custom)
2019-08-20 15:29:31,093 [pool-196-thread-1] INFO  storage.RaftStorageDirectory (RaftStorageDirectory.java:analyzeStorage(246)) - The storage directory /workdir/hadoop-ozone/integration-test/target/test-dir/MiniOzoneClusterImpl-d3dddc0d-c158-44f0-ad9e-80fc57836fb1/datanode-3/data/ratis/be62afd5-fc5d-48f4-901d-305dea941fdb does not exist. Creating ...
2019-08-20 15:29:31,104 [pool-196-thread-1] INFO  storage.RaftStorageDirectory (RaftStorageDirectory.java:tryLock(328)) - Lock on /workdir/hadoop-ozone/integration-test/target/test-dir/MiniOzoneClusterImpl-d3dddc0d-c158-44f0-ad9e-80fc57836fb1/datanode-3/data/ratis/be62afd5-fc5d-48f4-901d-305dea941fdb/in_use.lock acquired by nodename 1270@pr-hdds-1200-9hlr9-3148487106
2019-08-20 15:29:31,119 [pool-196-thread-1] INFO  storage.RaftStorage (RaftStorage.java:format(72)) - Storage directory /workdir/hadoop-ozone/integration-test/target/test-dir/MiniOzoneClusterImpl-d3dddc0d-c158-44f0-ad9e-80fc57836fb1/datanode-3/data/ratis/be62afd5-fc5d-48f4-901d-305dea941fdb has been successfully formatted.
2019-08-20 15:29:31,119 [pool-196-thread-1] INFO  ratis.ContainerStateMachine (ContainerStateMachine.java:loadSnapshot(222)) - group-305DEA941FDB: The snapshot info is null. Setting the last applied indexto:(t:0, i:~)
2019-08-20 15:29:31,119 [pool-196-thread-1] INFO  server.RaftServerConfigKeys (ConfUtils.java:logGet(43)) - raft.server.leader.election.timeout = 120s (custom)
2019-08-20 15:29:31,119 [pool-196-thread-1] INFO  server.RaftServerConfigKeys (ConfUtils.java:logGet(43)) - raft.server.log.use.memory = false (default)
2019-08-20 15:29:31,119 [pool-196-thread-1] INFO  server.RaftServerConfigKeys (ConfUtils.java:logGet(43)) - raft.server.log.purge.gap = 1000000 (custom)
2019-08-20 15:29:31,119 [pool-196-thread-1] INFO  server.RaftServerConfigKeys (ConfUtils.java:logGet(43)) - raft.server.log.appender.buffer.byte-limit = 33554432 (custom)
2019-08-20 15:29:31,120 [pool-196-thread-1] INFO  server.RaftServerConfigKeys (ConfUtils.java:logGet(43)) - raft.server.log.segment.size.max = 1048576 (custom)
2019-08-20 15:29:31,120 [pool-196-thread-1] INFO  server.RaftServerConfigKeys (ConfUtils.java:logGet(43)) - raft.server.log.segment.cache.num.max = 2 (custom)
2019-08-20 15:29:31,120 [pool-196-thread-1] INFO  segmented.SegmentedRaftLogWorker (SegmentedRaftLogWorker.java:<init>(172)) - new b8771e3f-612a-4e3a-af1f-a8b98b915a10-SegmentedRaftLogWorker:Storage Directory /workdir/hadoop-ozone/integration-test/target/test-dir/MiniOzoneClusterImpl-d3dddc0d-c158-44f0-ad9e-80fc57836fb1/datanode-3/data/ratis/be62afd5-fc5d-48f4-901d-305dea941fdb for RaftStorage:Storage Directory /workdir/hadoop-ozone/integration-test/target/test-dir/MiniOzoneClusterImpl-d3dddc0d-c158-44f0-ad9e-80fc57836fb1/datanode-3/data/ratis/be62afd5-fc5d-48f4-901d-305dea941fdb
2019-08-20 15:29:31,120 [pool-196-thread-1] INFO  server.RaftServerConfigKeys (ConfUtils.java:logGet(43)) - raft.server.log.queue.byte-limit = 2147483647 (custom)
2019-08-20 15:29:31,120 [pool-196-thread-1] INFO  server.RaftServerConfigKeys (ConfUtils.java:logGet(43)) - raft.server.log.queue.element-limit = 1024 (custom)
2019-08-20 15:29:31,120 [pool-196-thread-1] INFO  server.RaftServerConfigKeys (ConfUtils.java:logGet(43)) - raft.server.log.segment.size.max = 1048576 (custom)
2019-08-20 15:29:31,120 [pool-196-thread-1] INFO  server.RaftServerConfigKeys (ConfUtils.java:logGet(43)) - raft.server.log.preallocated.size = 16384 (custom)
2019-08-20 15:29:31,120 [pool-196-thread-1] INFO  server.RaftServerConfigKeys (ConfUtils.java:logGet(43)) - raft.server.log.write.buffer.size = 33554432 (custom)
2019-08-20 15:29:31,121 [pool-196-thread-1] INFO  server.RaftServerConfigKeys (ConfUtils.java:logGet(43)) - raft.server.log.force.sync.num = 128 (default)
2019-08-20 15:29:31,121 [pool-196-thread-1] INFO  server.RaftServerConfigKeys (ConfUtils.java:logGet(43)) - raft.server.log.statemachine.data.sync = true (default)
2019-08-20 15:29:31,121 [pool-196-thread-1] INFO  server.RaftServerConfigKeys (ConfUtils.java:logGet(43)) - raft.server.log.statemachine.data.sync.timeout = 10s (default)
2019-08-20 15:29:31,121 [pool-196-thread-1] INFO  server.RaftServerConfigKeys (ConfUtils.java:logGet(43)) - raft.server.log.statemachine.data.sync.timeout.retry = -1 (default)
2019-08-20 15:29:31,121 [pool-196-thread-1] INFO  server.RaftServerConfigKeys (ConfUtils.java:logGet(43)) - raft.server.log.statemachine.data.caching.enabled = true (custom)
2019-08-20 15:29:31,121 [pool-196-thread-1] INFO  segmented.SegmentedRaftLogWorker (SegmentedRaftLogWorker.java:lambda$new$0(132)) - b8771e3f-612a-4e3a-af1f-a8b98b915a10-SegmentedRaftLogWorker:Storage Directory /workdir/hadoop-ozone/integration-test/target/test-dir/MiniOzoneClusterImpl-d3dddc0d-c158-44f0-ad9e-80fc57836fb1/datanode-3/data/ratis/be62afd5-fc5d-48f4-901d-305dea941fdb: flushIndex: setUnconditionally 0 -> -1
2019-08-20 15:29:31,122 [pool-196-thread-1] INFO  server.RaftServerConfigKeys (ConfUtils.java:logGet(43)) - raft.server.snapshot.auto.trigger.enabled = true (custom)
2019-08-20 15:29:31,122 [pool-196-thread-1] INFO  server.RaftServerConfigKeys (ConfUtils.java:logGet(43)) - raft.server.snapshot.auto.trigger.threshold = 10000 (custom)
2019-08-20 15:29:31,122 [pool-196-thread-1] INFO  server.RaftServerConfigKeys (ConfUtils.java:logGet(43)) - raft.server.retrycache.expirytime = 600000ms (custom)
2019-08-20 15:29:31,122 [pool-196-thread-1] INFO  impl.RaftServerImpl (RaftServerImpl.java:start(180)) - b8771e3f-612a-4e3a-af1f-a8b98b915a10: start group-305DEA941FDB
2019-08-20 15:29:31,122 [pool-196-thread-1] INFO  impl.RaftServerImpl (RaftServerImpl.java:setRole(171)) - b8771e3f-612a-4e3a-af1f-a8b98b915a10:group-305DEA941FDB changes role from null to FOLLOWER at term 0 for startAsFollower
2019-08-20 15:29:31,122 [pool-196-thread-1] INFO  impl.RoleInfo (RoleInfo.java:updateAndGet(143)) - b8771e3f-612a-4e3a-af1f-a8b98b915a10: start FollowerState
2019-08-20 15:29:31,123 [pool-196-thread-1] INFO  util.JmxRegister (JmxRegister.java:tryRegister(44)) - Successfully registered JMX Bean with object name Ratis:service=RaftServer,group=group-305DEA941FDB,id=b8771e3f-612a-4e3a-af1f-a8b98b915a10
2019-08-20 15:29:31,125 [RatisPipelineUtilsThread] INFO  pipeline.PipelineStateManager (PipelineStateManager.java:addPipeline(56)) - Created pipeline Pipeline[ Id: be62afd5-fc5d-48f4-901d-305dea941fdb, Nodes: b8771e3f-612a-4e3a-af1f-a8b98b915a10{ip: 192.168.5.139, host: pr-hdds-1200-9hlr9-3148487106, networkLocation: /default-rack, certSerialId: null}, Type:RATIS, Factor:ONE, State:OPEN]
2019-08-20 15:29:31,251 [IPC Server handler 3 on 43185] INFO  net.NetworkTopology (NetworkTopologyImpl.java:add(110)) - Added a new node: /default-rack/2027f18d-61d0-44de-a18a-8f9fe8580b83
2019-08-20 15:29:31,251 [IPC Server handler 3 on 43185] INFO  node.SCMNodeManager (SCMNodeManager.java:register(273)) - Registered Data node : 2027f18d-61d0-44de-a18a-8f9fe8580b83{ip: 192.168.5.139, host: pr-hdds-1200-9hlr9-3148487106, networkLocation: /default-rack, certSerialId: null}
2019-08-20 15:29:31,251 | INFO  | SCMAudit | user=jenkins1000 | ip=192.168.5.139 | op=REGISTER {datanodeDetails=2027f18d-61d0-44de-a18a-8f9fe8580b83{ip: 192.168.5.139, host: pr-hdds-1200-9hlr9-3148487106, networkLocation: /default-rack, certSerialId: null}} | ret=SUCCESS |  
2019-08-20 15:29:31,259 [grpc-default-executor-4] INFO  impl.RaftServerProxy (RaftServerProxy.java:addNew(89)) - 2027f18d-61d0-44de-a18a-8f9fe8580b83: addNew group-C6A002A9F9B5:[2027f18d-61d0-44de-a18a-8f9fe8580b83:192.168.5.139:44922] returns group-C6A002A9F9B5:java.util.concurrent.CompletableFuture@3e3521fd[Not completed]
2019-08-20 15:29:31,260 [pool-207-thread-1] INFO  impl.RaftServerImpl (RaftServerImpl.java:<init>(93)) - 2027f18d-61d0-44de-a18a-8f9fe8580b83: new RaftServerImpl for group-C6A002A9F9B5:[2027f18d-61d0-44de-a18a-8f9fe8580b83:192.168.5.139:44922] with ContainerStateMachine:uninitialized
2019-08-20 15:29:31,261 [pool-207-thread-1] INFO  server.RaftServerConfigKeys (ConfUtils.java:logGet(43)) - raft.server.rpc.timeout.min = 1s (custom)
2019-08-20 15:29:31,261 [pool-207-thread-1] INFO  server.RaftServerConfigKeys (ConfUtils.java:logGet(43)) - raft.server.rpc.timeout.max = 1200ms (custom)
2019-08-20 15:29:31,261 [pool-207-thread-1] INFO  server.RaftServerConfigKeys (ConfUtils.java:logGet(43)) - raft.server.rpcslowness.timeout = 120s (custom)
2019-08-20 15:29:31,261 [pool-207-thread-1] INFO  server.RaftServerConfigKeys (ConfUtils.java:logGet(43)) - raft.server.sleep.deviation.threshold = 300 (default)
2019-08-20 15:29:31,261 [pool-207-thread-1] INFO  server.RaftServerConfigKeys (ConfUtils.java:logGet(43)) - raft.server.log.appender.install.snapshot.enabled = false (custom)
2019-08-20 15:29:31,261 [pool-207-thread-1] INFO  impl.RaftServerImpl (ServerState.java:<init>(105)) - 2027f18d-61d0-44de-a18a-8f9fe8580b83:group-C6A002A9F9B5 ConfigurationManager, init=-1: [2027f18d-61d0-44de-a18a-8f9fe8580b83:192.168.5.139:44922], old=null, confs=<EMPTY_MAP>
2019-08-20 15:29:31,261 [pool-207-thread-1] INFO  server.RaftServerConfigKeys (ConfUtils.java:logGet(43)) - raft.server.storage.dir = [/workdir/hadoop-ozone/integration-test/target/test-dir/MiniOzoneClusterImpl-d3dddc0d-c158-44f0-ad9e-80fc57836fb1/datanode-4/data/ratis] (custom)
2019-08-20 15:29:31,262 [pool-207-thread-1] INFO  storage.RaftStorageDirectory (RaftStorageDirectory.java:analyzeStorage(246)) - The storage directory /workdir/hadoop-ozone/integration-test/target/test-dir/MiniOzoneClusterImpl-d3dddc0d-c158-44f0-ad9e-80fc57836fb1/datanode-4/data/ratis/9965ddba-6bd6-4224-9602-c6a002a9f9b5 does not exist. Creating ...
2019-08-20 15:29:31,275 [pool-207-thread-1] INFO  storage.RaftStorageDirectory (RaftStorageDirectory.java:tryLock(328)) - Lock on /workdir/hadoop-ozone/integration-test/target/test-dir/MiniOzoneClusterImpl-d3dddc0d-c158-44f0-ad9e-80fc57836fb1/datanode-4/data/ratis/9965ddba-6bd6-4224-9602-c6a002a9f9b5/in_use.lock acquired by nodename 1270@pr-hdds-1200-9hlr9-3148487106
2019-08-20 15:29:31,288 [pool-207-thread-1] INFO  storage.RaftStorage (RaftStorage.java:format(72)) - Storage directory /workdir/hadoop-ozone/integration-test/target/test-dir/MiniOzoneClusterImpl-d3dddc0d-c158-44f0-ad9e-80fc57836fb1/datanode-4/data/ratis/9965ddba-6bd6-4224-9602-c6a002a9f9b5 has been successfully formatted.
2019-08-20 15:29:31,288 [pool-207-thread-1] INFO  ratis.ContainerStateMachine (ContainerStateMachine.java:loadSnapshot(222)) - group-C6A002A9F9B5: The snapshot info is null. Setting the last applied indexto:(t:0, i:~)
2019-08-20 15:29:31,288 [pool-207-thread-1] INFO  server.RaftServerConfigKeys (ConfUtils.java:logGet(43)) - raft.server.leader.election.timeout = 120s (custom)
2019-08-20 15:29:31,288 [pool-207-thread-1] INFO  server.RaftServerConfigKeys (ConfUtils.java:logGet(43)) - raft.server.log.use.memory = false (default)
2019-08-20 15:29:31,288 [pool-207-thread-1] INFO  server.RaftServerConfigKeys (ConfUtils.java:logGet(43)) - raft.server.log.purge.gap = 1000000 (custom)
2019-08-20 15:29:31,289 [pool-207-thread-1] INFO  server.RaftServerConfigKeys (ConfUtils.java:logGet(43)) - raft.server.log.appender.buffer.byte-limit = 33554432 (custom)
2019-08-20 15:29:31,289 [pool-207-thread-1] INFO  server.RaftServerConfigKeys (ConfUtils.java:logGet(43)) - raft.server.log.segment.size.max = 1048576 (custom)
2019-08-20 15:29:31,289 [pool-207-thread-1] INFO  server.RaftServerConfigKeys (ConfUtils.java:logGet(43)) - raft.server.log.segment.cache.num.max = 2 (custom)
2019-08-20 15:29:31,289 [pool-207-thread-1] INFO  segmented.SegmentedRaftLogWorker (SegmentedRaftLogWorker.java:<init>(172)) - new 2027f18d-61d0-44de-a18a-8f9fe8580b83-SegmentedRaftLogWorker:Storage Directory /workdir/hadoop-ozone/integration-test/target/test-dir/MiniOzoneClusterImpl-d3dddc0d-c158-44f0-ad9e-80fc57836fb1/datanode-4/data/ratis/9965ddba-6bd6-4224-9602-c6a002a9f9b5 for RaftStorage:Storage Directory /workdir/hadoop-ozone/integration-test/target/test-dir/MiniOzoneClusterImpl-d3dddc0d-c158-44f0-ad9e-80fc57836fb1/datanode-4/data/ratis/9965ddba-6bd6-4224-9602-c6a002a9f9b5
2019-08-20 15:29:31,289 [pool-207-thread-1] INFO  server.RaftServerConfigKeys (ConfUtils.java:logGet(43)) - raft.server.log.queue.byte-limit = 2147483647 (custom)
2019-08-20 15:29:31,289 [pool-207-thread-1] INFO  server.RaftServerConfigKeys (ConfUtils.java:logGet(43)) - raft.server.log.queue.element-limit = 1024 (custom)
2019-08-20 15:29:31,289 [pool-207-thread-1] INFO  server.RaftServerConfigKeys (ConfUtils.java:logGet(43)) - raft.server.log.segment.size.max = 1048576 (custom)
2019-08-20 15:29:31,290 [pool-207-thread-1] INFO  server.RaftServerConfigKeys (ConfUtils.java:logGet(43)) - raft.server.log.preallocated.size = 16384 (custom)
2019-08-20 15:29:31,290 [pool-207-thread-1] INFO  server.RaftServerConfigKeys (ConfUtils.java:logGet(43)) - raft.server.log.write.buffer.size = 33554432 (custom)
2019-08-20 15:29:31,290 [pool-207-thread-1] INFO  server.RaftServerConfigKeys (ConfUtils.java:logGet(43)) - raft.server.log.force.sync.num = 128 (default)
2019-08-20 15:29:31,290 [pool-207-thread-1] INFO  server.RaftServerConfigKeys (ConfUtils.java:logGet(43)) - raft.server.log.statemachine.data.sync = true (default)
2019-08-20 15:29:31,290 [pool-207-thread-1] INFO  server.RaftServerConfigKeys (ConfUtils.java:logGet(43)) - raft.server.log.statemachine.data.sync.timeout = 10s (default)
2019-08-20 15:29:31,290 [pool-207-thread-1] INFO  server.RaftServerConfigKeys (ConfUtils.java:logGet(43)) - raft.server.log.statemachine.data.sync.timeout.retry = -1 (default)
2019-08-20 15:29:31,291 [pool-207-thread-1] INFO  server.RaftServerConfigKeys (ConfUtils.java:logGet(43)) - raft.server.log.statemachine.data.caching.enabled = true (custom)
2019-08-20 15:29:31,291 [pool-207-thread-1] INFO  segmented.SegmentedRaftLogWorker (SegmentedRaftLogWorker.java:lambda$new$0(132)) - 2027f18d-61d0-44de-a18a-8f9fe8580b83-SegmentedRaftLogWorker:Storage Directory /workdir/hadoop-ozone/integration-test/target/test-dir/MiniOzoneClusterImpl-d3dddc0d-c158-44f0-ad9e-80fc57836fb1/datanode-4/data/ratis/9965ddba-6bd6-4224-9602-c6a002a9f9b5: flushIndex: setUnconditionally 0 -> -1
2019-08-20 15:29:31,291 [pool-207-thread-1] INFO  server.RaftServerConfigKeys (ConfUtils.java:logGet(43)) - raft.server.snapshot.auto.trigger.enabled = true (custom)
2019-08-20 15:29:31,291 [pool-207-thread-1] INFO  server.RaftServerConfigKeys (ConfUtils.java:logGet(43)) - raft.server.snapshot.auto.trigger.threshold = 10000 (custom)
2019-08-20 15:29:31,291 [pool-207-thread-1] INFO  server.RaftServerConfigKeys (ConfUtils.java:logGet(43)) - raft.server.retrycache.expirytime = 600000ms (custom)
2019-08-20 15:29:31,292 [pool-207-thread-1] INFO  impl.RaftServerImpl (RaftServerImpl.java:start(180)) - 2027f18d-61d0-44de-a18a-8f9fe8580b83: start group-C6A002A9F9B5
2019-08-20 15:29:31,292 [pool-207-thread-1] INFO  impl.RaftServerImpl (RaftServerImpl.java:setRole(171)) - 2027f18d-61d0-44de-a18a-8f9fe8580b83:group-C6A002A9F9B5 changes role from null to FOLLOWER at term 0 for startAsFollower
2019-08-20 15:29:31,292 [pool-207-thread-1] INFO  impl.RoleInfo (RoleInfo.java:updateAndGet(143)) - 2027f18d-61d0-44de-a18a-8f9fe8580b83: start FollowerState
2019-08-20 15:29:31,292 [pool-207-thread-1] INFO  util.JmxRegister (JmxRegister.java:tryRegister(44)) - Successfully registered JMX Bean with object name Ratis:service=RaftServer,group=group-C6A002A9F9B5,id=2027f18d-61d0-44de-a18a-8f9fe8580b83
2019-08-20 15:29:31,294 [RatisPipelineUtilsThread] INFO  pipeline.PipelineStateManager (PipelineStateManager.java:addPipeline(56)) - Created pipeline Pipeline[ Id: 9965ddba-6bd6-4224-9602-c6a002a9f9b5, Nodes: 2027f18d-61d0-44de-a18a-8f9fe8580b83{ip: 192.168.5.139, host: pr-hdds-1200-9hlr9-3148487106, networkLocation: /default-rack, certSerialId: null}, Type:RATIS, Factor:ONE, State:OPEN]
2019-08-20 15:29:31,452 [main] INFO  ozone.MiniOzoneClusterImpl (MiniOzoneClusterImpl.java:lambda$waitForClusterToBeReady$0(142)) - Waiting for cluster to be ready. Got 5 of 6 DN Heartbeats.
2019-08-20 15:29:31,452 [IPC Server handler 4 on 43185] INFO  net.NetworkTopology (NetworkTopologyImpl.java:add(110)) - Added a new node: /default-rack/c96ba33e-ed49-489d-8101-2a883ad7391b
2019-08-20 15:29:31,452 [IPC Server handler 4 on 43185] INFO  node.SCMNodeManager (SCMNodeManager.java:register(273)) - Registered Data node : c96ba33e-ed49-489d-8101-2a883ad7391b{ip: 192.168.5.139, host: pr-hdds-1200-9hlr9-3148487106, networkLocation: /default-rack, certSerialId: null}
2019-08-20 15:29:31,455 | INFO  | SCMAudit | user=jenkins1000 | ip=192.168.5.139 | op=REGISTER {datanodeDetails=c96ba33e-ed49-489d-8101-2a883ad7391b{ip: 192.168.5.139, host: pr-hdds-1200-9hlr9-3148487106, networkLocation: /default-rack, certSerialId: null}} | ret=SUCCESS |  
2019-08-20 15:29:31,471 [grpc-default-executor-4] INFO  impl.RaftServerProxy (RaftServerProxy.java:addNew(89)) - c96ba33e-ed49-489d-8101-2a883ad7391b: addNew group-D84C984DD537:[c96ba33e-ed49-489d-8101-2a883ad7391b:192.168.5.139:46601] returns group-D84C984DD537:java.util.concurrent.CompletableFuture@699debd8[Not completed]
2019-08-20 15:29:31,472 [pool-218-thread-1] INFO  impl.RaftServerImpl (RaftServerImpl.java:<init>(93)) - c96ba33e-ed49-489d-8101-2a883ad7391b: new RaftServerImpl for group-D84C984DD537:[c96ba33e-ed49-489d-8101-2a883ad7391b:192.168.5.139:46601] with ContainerStateMachine:uninitialized
2019-08-20 15:29:31,473 [pool-218-thread-1] INFO  server.RaftServerConfigKeys (ConfUtils.java:logGet(43)) - raft.server.rpc.timeout.min = 1s (custom)
2019-08-20 15:29:31,473 [pool-218-thread-1] INFO  server.RaftServerConfigKeys (ConfUtils.java:logGet(43)) - raft.server.rpc.timeout.max = 1200ms (custom)
2019-08-20 15:29:31,473 [pool-218-thread-1] INFO  server.RaftServerConfigKeys (ConfUtils.java:logGet(43)) - raft.server.rpcslowness.timeout = 120s (custom)
2019-08-20 15:29:31,473 [pool-218-thread-1] INFO  server.RaftServerConfigKeys (ConfUtils.java:logGet(43)) - raft.server.sleep.deviation.threshold = 300 (default)
2019-08-20 15:29:31,473 [pool-218-thread-1] INFO  server.RaftServerConfigKeys (ConfUtils.java:logGet(43)) - raft.server.log.appender.install.snapshot.enabled = false (custom)
2019-08-20 15:29:31,473 [pool-218-thread-1] INFO  impl.RaftServerImpl (ServerState.java:<init>(105)) - c96ba33e-ed49-489d-8101-2a883ad7391b:group-D84C984DD537 ConfigurationManager, init=-1: [c96ba33e-ed49-489d-8101-2a883ad7391b:192.168.5.139:46601], old=null, confs=<EMPTY_MAP>
2019-08-20 15:29:31,474 [pool-218-thread-1] INFO  server.RaftServerConfigKeys (ConfUtils.java:logGet(43)) - raft.server.storage.dir = [/workdir/hadoop-ozone/integration-test/target/test-dir/MiniOzoneClusterImpl-d3dddc0d-c158-44f0-ad9e-80fc57836fb1/datanode-5/data/ratis] (custom)
2019-08-20 15:29:31,474 [pool-218-thread-1] INFO  storage.RaftStorageDirectory (RaftStorageDirectory.java:analyzeStorage(246)) - The storage directory /workdir/hadoop-ozone/integration-test/target/test-dir/MiniOzoneClusterImpl-d3dddc0d-c158-44f0-ad9e-80fc57836fb1/datanode-5/data/ratis/9d2267e7-18e2-47a5-b73f-d84c984dd537 does not exist. Creating ...
2019-08-20 15:29:31,487 [pool-218-thread-1] INFO  storage.RaftStorageDirectory (RaftStorageDirectory.java:tryLock(328)) - Lock on /workdir/hadoop-ozone/integration-test/target/test-dir/MiniOzoneClusterImpl-d3dddc0d-c158-44f0-ad9e-80fc57836fb1/datanode-5/data/ratis/9d2267e7-18e2-47a5-b73f-d84c984dd537/in_use.lock acquired by nodename 1270@pr-hdds-1200-9hlr9-3148487106
2019-08-20 15:29:31,501 [pool-218-thread-1] INFO  storage.RaftStorage (RaftStorage.java:format(72)) - Storage directory /workdir/hadoop-ozone/integration-test/target/test-dir/MiniOzoneClusterImpl-d3dddc0d-c158-44f0-ad9e-80fc57836fb1/datanode-5/data/ratis/9d2267e7-18e2-47a5-b73f-d84c984dd537 has been successfully formatted.
2019-08-20 15:29:31,502 [pool-218-thread-1] INFO  ratis.ContainerStateMachine (ContainerStateMachine.java:loadSnapshot(222)) - group-D84C984DD537: The snapshot info is null. Setting the last applied indexto:(t:0, i:~)
2019-08-20 15:29:31,502 [pool-218-thread-1] INFO  server.RaftServerConfigKeys (ConfUtils.java:logGet(43)) - raft.server.leader.election.timeout = 120s (custom)
2019-08-20 15:29:31,502 [pool-218-thread-1] INFO  server.RaftServerConfigKeys (ConfUtils.java:logGet(43)) - raft.server.log.use.memory = false (default)
2019-08-20 15:29:31,502 [pool-218-thread-1] INFO  server.RaftServerConfigKeys (ConfUtils.java:logGet(43)) - raft.server.log.purge.gap = 1000000 (custom)
2019-08-20 15:29:31,502 [pool-218-thread-1] INFO  server.RaftServerConfigKeys (ConfUtils.java:logGet(43)) - raft.server.log.appender.buffer.byte-limit = 33554432 (custom)
2019-08-20 15:29:31,502 [pool-218-thread-1] INFO  server.RaftServerConfigKeys (ConfUtils.java:logGet(43)) - raft.server.log.segment.size.max = 1048576 (custom)
2019-08-20 15:29:31,503 [pool-218-thread-1] INFO  server.RaftServerConfigKeys (ConfUtils.java:logGet(43)) - raft.server.log.segment.cache.num.max = 2 (custom)
2019-08-20 15:29:31,503 [pool-218-thread-1] INFO  segmented.SegmentedRaftLogWorker (SegmentedRaftLogWorker.java:<init>(172)) - new c96ba33e-ed49-489d-8101-2a883ad7391b-SegmentedRaftLogWorker:Storage Directory /workdir/hadoop-ozone/integration-test/target/test-dir/MiniOzoneClusterImpl-d3dddc0d-c158-44f0-ad9e-80fc57836fb1/datanode-5/data/ratis/9d2267e7-18e2-47a5-b73f-d84c984dd537 for RaftStorage:Storage Directory /workdir/hadoop-ozone/integration-test/target/test-dir/MiniOzoneClusterImpl-d3dddc0d-c158-44f0-ad9e-80fc57836fb1/datanode-5/data/ratis/9d2267e7-18e2-47a5-b73f-d84c984dd537
2019-08-20 15:29:31,503 [pool-218-thread-1] INFO  server.RaftServerConfigKeys (ConfUtils.java:logGet(43)) - raft.server.log.queue.byte-limit = 2147483647 (custom)
2019-08-20 15:29:31,503 [pool-218-thread-1] INFO  server.RaftServerConfigKeys (ConfUtils.java:logGet(43)) - raft.server.log.queue.element-limit = 1024 (custom)
2019-08-20 15:29:31,503 [pool-218-thread-1] INFO  server.RaftServerConfigKeys (ConfUtils.java:logGet(43)) - raft.server.log.segment.size.max = 1048576 (custom)
2019-08-20 15:29:31,503 [pool-218-thread-1] INFO  server.RaftServerConfigKeys (ConfUtils.java:logGet(43)) - raft.server.log.preallocated.size = 16384 (custom)
2019-08-20 15:29:31,504 [pool-218-thread-1] INFO  server.RaftServerConfigKeys (ConfUtils.java:logGet(43)) - raft.server.log.write.buffer.size = 33554432 (custom)
2019-08-20 15:29:31,504 [pool-218-thread-1] INFO  server.RaftServerConfigKeys (ConfUtils.java:logGet(43)) - raft.server.log.force.sync.num = 128 (default)
2019-08-20 15:29:31,504 [pool-218-thread-1] INFO  server.RaftServerConfigKeys (ConfUtils.java:logGet(43)) - raft.server.log.statemachine.data.sync = true (default)
2019-08-20 15:29:31,504 [pool-218-thread-1] INFO  server.RaftServerConfigKeys (ConfUtils.java:logGet(43)) - raft.server.log.statemachine.data.sync.timeout = 10s (default)
2019-08-20 15:29:31,504 [pool-218-thread-1] INFO  server.RaftServerConfigKeys (ConfUtils.java:logGet(43)) - raft.server.log.statemachine.data.sync.timeout.retry = -1 (default)
2019-08-20 15:29:31,504 [pool-218-thread-1] INFO  server.RaftServerConfigKeys (ConfUtils.java:logGet(43)) - raft.server.log.statemachine.data.caching.enabled = true (custom)
2019-08-20 15:29:31,505 [pool-218-thread-1] INFO  segmented.SegmentedRaftLogWorker (SegmentedRaftLogWorker.java:lambda$new$0(132)) - c96ba33e-ed49-489d-8101-2a883ad7391b-SegmentedRaftLogWorker:Storage Directory /workdir/hadoop-ozone/integration-test/target/test-dir/MiniOzoneClusterImpl-d3dddc0d-c158-44f0-ad9e-80fc57836fb1/datanode-5/data/ratis/9d2267e7-18e2-47a5-b73f-d84c984dd537: flushIndex: setUnconditionally 0 -> -1
2019-08-20 15:29:31,505 [pool-218-thread-1] INFO  server.RaftServerConfigKeys (ConfUtils.java:logGet(43)) - raft.server.snapshot.auto.trigger.enabled = true (custom)
2019-08-20 15:29:31,505 [pool-218-thread-1] INFO  server.RaftServerConfigKeys (ConfUtils.java:logGet(43)) - raft.server.snapshot.auto.trigger.threshold = 10000 (custom)
2019-08-20 15:29:31,505 [pool-218-thread-1] INFO  server.RaftServerConfigKeys (ConfUtils.java:logGet(43)) - raft.server.retrycache.expirytime = 600000ms (custom)
2019-08-20 15:29:31,506 [pool-218-thread-1] INFO  impl.RaftServerImpl (RaftServerImpl.java:start(180)) - c96ba33e-ed49-489d-8101-2a883ad7391b: start group-D84C984DD537
2019-08-20 15:29:31,506 [pool-218-thread-1] INFO  impl.RaftServerImpl (RaftServerImpl.java:setRole(171)) - c96ba33e-ed49-489d-8101-2a883ad7391b:group-D84C984DD537 changes role from null to FOLLOWER at term 0 for startAsFollower
2019-08-20 15:29:31,506 [pool-218-thread-1] INFO  impl.RoleInfo (RoleInfo.java:updateAndGet(143)) - c96ba33e-ed49-489d-8101-2a883ad7391b: start FollowerState
2019-08-20 15:29:31,506 [pool-218-thread-1] INFO  util.JmxRegister (JmxRegister.java:tryRegister(44)) - Successfully registered JMX Bean with object name Ratis:service=RaftServer,group=group-D84C984DD537,id=c96ba33e-ed49-489d-8101-2a883ad7391b
2019-08-20 15:29:31,508 [RatisPipelineUtilsThread] INFO  pipeline.PipelineStateManager (PipelineStateManager.java:addPipeline(56)) - Created pipeline Pipeline[ Id: 9d2267e7-18e2-47a5-b73f-d84c984dd537, Nodes: c96ba33e-ed49-489d-8101-2a883ad7391b{ip: 192.168.5.139, host: pr-hdds-1200-9hlr9-3148487106, networkLocation: /default-rack, certSerialId: null}, Type:RATIS, Factor:ONE, State:OPEN]
2019-08-20 15:29:31,525 [grpc-default-executor-4] INFO  impl.RaftServerProxy (RaftServerProxy.java:addNew(89)) - b8771e3f-612a-4e3a-af1f-a8b98b915a10: addNew group-2583FFA27FA9:[c96ba33e-ed49-489d-8101-2a883ad7391b:192.168.5.139:46601, b8771e3f-612a-4e3a-af1f-a8b98b915a10:192.168.5.139:33664, 2027f18d-61d0-44de-a18a-8f9fe8580b83:192.168.5.139:44922] returns group-2583FFA27FA9:java.util.concurrent.CompletableFuture@3dd1a841[Not completed]
2019-08-20 15:29:31,525 [grpc-default-executor-0] INFO  impl.RaftServerProxy (RaftServerProxy.java:addNew(89)) - 2027f18d-61d0-44de-a18a-8f9fe8580b83: addNew group-2583FFA27FA9:[c96ba33e-ed49-489d-8101-2a883ad7391b:192.168.5.139:46601, b8771e3f-612a-4e3a-af1f-a8b98b915a10:192.168.5.139:33664, 2027f18d-61d0-44de-a18a-8f9fe8580b83:192.168.5.139:44922] returns group-2583FFA27FA9:java.util.concurrent.CompletableFuture@762c9263[Not completed]
2019-08-20 15:29:31,525 [grpc-default-executor-5] INFO  impl.RaftServerProxy (RaftServerProxy.java:addNew(89)) - c96ba33e-ed49-489d-8101-2a883ad7391b: addNew group-2583FFA27FA9:[c96ba33e-ed49-489d-8101-2a883ad7391b:192.168.5.139:46601, b8771e3f-612a-4e3a-af1f-a8b98b915a10:192.168.5.139:33664, 2027f18d-61d0-44de-a18a-8f9fe8580b83:192.168.5.139:44922] returns group-2583FFA27FA9:java.util.concurrent.CompletableFuture@3b3f5589[Not completed]
2019-08-20 15:29:31,526 [pool-207-thread-1] INFO  impl.RaftServerImpl (RaftServerImpl.java:<init>(93)) - 2027f18d-61d0-44de-a18a-8f9fe8580b83: new RaftServerImpl for group-2583FFA27FA9:[c96ba33e-ed49-489d-8101-2a883ad7391b:192.168.5.139:46601, b8771e3f-612a-4e3a-af1f-a8b98b915a10:192.168.5.139:33664, 2027f18d-61d0-44de-a18a-8f9fe8580b83:192.168.5.139:44922] with ContainerStateMachine:uninitialized
2019-08-20 15:29:31,527 [pool-207-thread-1] INFO  server.RaftServerConfigKeys (ConfUtils.java:logGet(43)) - raft.server.rpc.timeout.min = 1s (custom)
2019-08-20 15:29:31,527 [pool-207-thread-1] INFO  server.RaftServerConfigKeys (ConfUtils.java:logGet(43)) - raft.server.rpc.timeout.max = 1200ms (custom)
2019-08-20 15:29:31,527 [pool-207-thread-1] INFO  server.RaftServerConfigKeys (ConfUtils.java:logGet(43)) - raft.server.rpcslowness.timeout = 120s (custom)
2019-08-20 15:29:31,527 [pool-207-thread-1] INFO  server.RaftServerConfigKeys (ConfUtils.java:logGet(43)) - raft.server.sleep.deviation.threshold = 300 (default)
2019-08-20 15:29:31,527 [pool-207-thread-1] INFO  server.RaftServerConfigKeys (ConfUtils.java:logGet(43)) - raft.server.log.appender.install.snapshot.enabled = false (custom)
2019-08-20 15:29:31,527 [pool-207-thread-1] INFO  impl.RaftServerImpl (ServerState.java:<init>(105)) - 2027f18d-61d0-44de-a18a-8f9fe8580b83:group-2583FFA27FA9 ConfigurationManager, init=-1: [c96ba33e-ed49-489d-8101-2a883ad7391b:192.168.5.139:46601, b8771e3f-612a-4e3a-af1f-a8b98b915a10:192.168.5.139:33664, 2027f18d-61d0-44de-a18a-8f9fe8580b83:192.168.5.139:44922], old=null, confs=<EMPTY_MAP>
2019-08-20 15:29:31,527 [pool-218-thread-1] INFO  impl.RaftServerImpl (RaftServerImpl.java:<init>(93)) - c96ba33e-ed49-489d-8101-2a883ad7391b: new RaftServerImpl for group-2583FFA27FA9:[c96ba33e-ed49-489d-8101-2a883ad7391b:192.168.5.139:46601, b8771e3f-612a-4e3a-af1f-a8b98b915a10:192.168.5.139:33664, 2027f18d-61d0-44de-a18a-8f9fe8580b83:192.168.5.139:44922] with ContainerStateMachine:uninitialized
2019-08-20 15:29:31,527 [pool-207-thread-1] INFO  server.RaftServerConfigKeys (ConfUtils.java:logGet(43)) - raft.server.storage.dir = [/workdir/hadoop-ozone/integration-test/target/test-dir/MiniOzoneClusterImpl-d3dddc0d-c158-44f0-ad9e-80fc57836fb1/datanode-4/data/ratis] (custom)
2019-08-20 15:29:31,527 [pool-218-thread-1] INFO  server.RaftServerConfigKeys (ConfUtils.java:logGet(43)) - raft.server.rpc.timeout.min = 1s (custom)
2019-08-20 15:29:31,527 [pool-218-thread-1] INFO  server.RaftServerConfigKeys (ConfUtils.java:logGet(43)) - raft.server.rpc.timeout.max = 1200ms (custom)
2019-08-20 15:29:31,527 [pool-207-thread-1] INFO  storage.RaftStorageDirectory (RaftStorageDirectory.java:analyzeStorage(246)) - The storage directory /workdir/hadoop-ozone/integration-test/target/test-dir/MiniOzoneClusterImpl-d3dddc0d-c158-44f0-ad9e-80fc57836fb1/datanode-4/data/ratis/3afb2716-99fd-4bf6-ba03-2583ffa27fa9 does not exist. Creating ...
2019-08-20 15:29:31,528 [pool-218-thread-1] INFO  server.RaftServerConfigKeys (ConfUtils.java:logGet(43)) - raft.server.rpcslowness.timeout = 120s (custom)
2019-08-20 15:29:31,528 [pool-196-thread-1] INFO  impl.RaftServerImpl (RaftServerImpl.java:<init>(93)) - b8771e3f-612a-4e3a-af1f-a8b98b915a10: new RaftServerImpl for group-2583FFA27FA9:[c96ba33e-ed49-489d-8101-2a883ad7391b:192.168.5.139:46601, b8771e3f-612a-4e3a-af1f-a8b98b915a10:192.168.5.139:33664, 2027f18d-61d0-44de-a18a-8f9fe8580b83:192.168.5.139:44922] with ContainerStateMachine:uninitialized
2019-08-20 15:29:31,528 [pool-218-thread-1] INFO  server.RaftServerConfigKeys (ConfUtils.java:logGet(43)) - raft.server.sleep.deviation.threshold = 300 (default)
2019-08-20 15:29:31,528 [pool-196-thread-1] INFO  server.RaftServerConfigKeys (ConfUtils.java:logGet(43)) - raft.server.rpc.timeout.min = 1s (custom)
2019-08-20 15:29:31,528 [pool-218-thread-1] INFO  server.RaftServerConfigKeys (ConfUtils.java:logGet(43)) - raft.server.log.appender.install.snapshot.enabled = false (custom)
2019-08-20 15:29:31,528 [pool-196-thread-1] INFO  server.RaftServerConfigKeys (ConfUtils.java:logGet(43)) - raft.server.rpc.timeout.max = 1200ms (custom)
2019-08-20 15:29:31,528 [pool-196-thread-1] INFO  server.RaftServerConfigKeys (ConfUtils.java:logGet(43)) - raft.server.rpcslowness.timeout = 120s (custom)
2019-08-20 15:29:31,528 [pool-218-thread-1] INFO  impl.RaftServerImpl (ServerState.java:<init>(105)) - c96ba33e-ed49-489d-8101-2a883ad7391b:group-2583FFA27FA9 ConfigurationManager, init=-1: [c96ba33e-ed49-489d-8101-2a883ad7391b:192.168.5.139:46601, b8771e3f-612a-4e3a-af1f-a8b98b915a10:192.168.5.139:33664, 2027f18d-61d0-44de-a18a-8f9fe8580b83:192.168.5.139:44922], old=null, confs=<EMPTY_MAP>
2019-08-20 15:29:31,528 [pool-196-thread-1] INFO  server.RaftServerConfigKeys (ConfUtils.java:logGet(43)) - raft.server.sleep.deviation.threshold = 300 (default)
2019-08-20 15:29:31,529 [pool-218-thread-1] INFO  server.RaftServerConfigKeys (ConfUtils.java:logGet(43)) - raft.server.storage.dir = [/workdir/hadoop-ozone/integration-test/target/test-dir/MiniOzoneClusterImpl-d3dddc0d-c158-44f0-ad9e-80fc57836fb1/datanode-5/data/ratis] (custom)
2019-08-20 15:29:31,529 [pool-196-thread-1] INFO  server.RaftServerConfigKeys (ConfUtils.java:logGet(43)) - raft.server.log.appender.install.snapshot.enabled = false (custom)
2019-08-20 15:29:31,529 [pool-196-thread-1] INFO  impl.RaftServerImpl (ServerState.java:<init>(105)) - b8771e3f-612a-4e3a-af1f-a8b98b915a10:group-2583FFA27FA9 ConfigurationManager, init=-1: [c96ba33e-ed49-489d-8101-2a883ad7391b:192.168.5.139:46601, b8771e3f-612a-4e3a-af1f-a8b98b915a10:192.168.5.139:33664, 2027f18d-61d0-44de-a18a-8f9fe8580b83:192.168.5.139:44922], old=null, confs=<EMPTY_MAP>
2019-08-20 15:29:31,529 [pool-196-thread-1] INFO  server.RaftServerConfigKeys (ConfUtils.java:logGet(43)) - raft.server.storage.dir = [/workdir/hadoop-ozone/integration-test/target/test-dir/MiniOzoneClusterImpl-d3dddc0d-c158-44f0-ad9e-80fc57836fb1/datanode-3/data/ratis] (custom)
2019-08-20 15:29:31,529 [pool-218-thread-1] INFO  storage.RaftStorageDirectory (RaftStorageDirectory.java:analyzeStorage(246)) - The storage directory /workdir/hadoop-ozone/integration-test/target/test-dir/MiniOzoneClusterImpl-d3dddc0d-c158-44f0-ad9e-80fc57836fb1/datanode-5/data/ratis/3afb2716-99fd-4bf6-ba03-2583ffa27fa9 does not exist. Creating ...
2019-08-20 15:29:31,529 [pool-196-thread-1] INFO  storage.RaftStorageDirectory (RaftStorageDirectory.java:analyzeStorage(246)) - The storage directory /workdir/hadoop-ozone/integration-test/target/test-dir/MiniOzoneClusterImpl-d3dddc0d-c158-44f0-ad9e-80fc57836fb1/datanode-3/data/ratis/3afb2716-99fd-4bf6-ba03-2583ffa27fa9 does not exist. Creating ...
2019-08-20 15:29:31,541 [pool-196-thread-1] INFO  storage.RaftStorageDirectory (RaftStorageDirectory.java:tryLock(328)) - Lock on /workdir/hadoop-ozone/integration-test/target/test-dir/MiniOzoneClusterImpl-d3dddc0d-c158-44f0-ad9e-80fc57836fb1/datanode-3/data/ratis/3afb2716-99fd-4bf6-ba03-2583ffa27fa9/in_use.lock acquired by nodename 1270@pr-hdds-1200-9hlr9-3148487106
2019-08-20 15:29:31,541 [pool-207-thread-1] INFO  storage.RaftStorageDirectory (RaftStorageDirectory.java:tryLock(328)) - Lock on /workdir/hadoop-ozone/integration-test/target/test-dir/MiniOzoneClusterImpl-d3dddc0d-c158-44f0-ad9e-80fc57836fb1/datanode-4/data/ratis/3afb2716-99fd-4bf6-ba03-2583ffa27fa9/in_use.lock acquired by nodename 1270@pr-hdds-1200-9hlr9-3148487106
2019-08-20 15:29:31,541 [pool-218-thread-1] INFO  storage.RaftStorageDirectory (RaftStorageDirectory.java:tryLock(328)) - Lock on /workdir/hadoop-ozone/integration-test/target/test-dir/MiniOzoneClusterImpl-d3dddc0d-c158-44f0-ad9e-80fc57836fb1/datanode-5/data/ratis/3afb2716-99fd-4bf6-ba03-2583ffa27fa9/in_use.lock acquired by nodename 1270@pr-hdds-1200-9hlr9-3148487106
2019-08-20 15:29:31,555 [pool-196-thread-1] INFO  storage.RaftStorage (RaftStorage.java:format(72)) - Storage directory /workdir/hadoop-ozone/integration-test/target/test-dir/MiniOzoneClusterImpl-d3dddc0d-c158-44f0-ad9e-80fc57836fb1/datanode-3/data/ratis/3afb2716-99fd-4bf6-ba03-2583ffa27fa9 has been successfully formatted.
2019-08-20 15:29:31,555 [pool-218-thread-1] INFO  storage.RaftStorage (RaftStorage.java:format(72)) - Storage directory /workdir/hadoop-ozone/integration-test/target/test-dir/MiniOzoneClusterImpl-d3dddc0d-c158-44f0-ad9e-80fc57836fb1/datanode-5/data/ratis/3afb2716-99fd-4bf6-ba03-2583ffa27fa9 has been successfully formatted.
2019-08-20 15:29:31,555 [pool-207-thread-1] INFO  storage.RaftStorage (RaftStorage.java:format(72)) - Storage directory /workdir/hadoop-ozone/integration-test/target/test-dir/MiniOzoneClusterImpl-d3dddc0d-c158-44f0-ad9e-80fc57836fb1/datanode-4/data/ratis/3afb2716-99fd-4bf6-ba03-2583ffa27fa9 has been successfully formatted.
2019-08-20 15:29:31,555 [pool-218-thread-1] INFO  ratis.ContainerStateMachine (ContainerStateMachine.java:loadSnapshot(222)) - group-2583FFA27FA9: The snapshot info is null. Setting the last applied indexto:(t:0, i:~)
2019-08-20 15:29:31,555 [pool-207-thread-1] INFO  ratis.ContainerStateMachine (ContainerStateMachine.java:loadSnapshot(222)) - group-2583FFA27FA9: The snapshot info is null. Setting the last applied indexto:(t:0, i:~)
2019-08-20 15:29:31,555 [pool-196-thread-1] INFO  ratis.ContainerStateMachine (ContainerStateMachine.java:loadSnapshot(222)) - group-2583FFA27FA9: The snapshot info is null. Setting the last applied indexto:(t:0, i:~)
2019-08-20 15:29:31,555 [pool-207-thread-1] INFO  server.RaftServerConfigKeys (ConfUtils.java:logGet(43)) - raft.server.leader.election.timeout = 120s (custom)
2019-08-20 15:29:31,555 [pool-218-thread-1] INFO  server.RaftServerConfigKeys (ConfUtils.java:logGet(43)) - raft.server.leader.election.timeout = 120s (custom)
2019-08-20 15:29:31,556 [pool-207-thread-1] INFO  server.RaftServerConfigKeys (ConfUtils.java:logGet(43)) - raft.server.log.use.memory = false (default)
2019-08-20 15:29:31,555 [pool-196-thread-1] INFO  server.RaftServerConfigKeys (ConfUtils.java:logGet(43)) - raft.server.leader.election.timeout = 120s (custom)
2019-08-20 15:29:31,556 [pool-207-thread-1] INFO  server.RaftServerConfigKeys (ConfUtils.java:logGet(43)) - raft.server.log.purge.gap = 1000000 (custom)
2019-08-20 15:29:31,556 [pool-218-thread-1] INFO  server.RaftServerConfigKeys (ConfUtils.java:logGet(43)) - raft.server.log.use.memory = false (default)
2019-08-20 15:29:31,556 [pool-207-thread-1] INFO  server.RaftServerConfigKeys (ConfUtils.java:logGet(43)) - raft.server.log.appender.buffer.byte-limit = 33554432 (custom)
2019-08-20 15:29:31,556 [pool-196-thread-1] INFO  server.RaftServerConfigKeys (ConfUtils.java:logGet(43)) - raft.server.log.use.memory = false (default)
2019-08-20 15:29:31,556 [pool-207-thread-1] INFO  server.RaftServerConfigKeys (ConfUtils.java:logGet(43)) - raft.server.log.segment.size.max = 1048576 (custom)
2019-08-20 15:29:31,556 [pool-218-thread-1] INFO  server.RaftServerConfigKeys (ConfUtils.java:logGet(43)) - raft.server.log.purge.gap = 1000000 (custom)
2019-08-20 15:29:31,556 [pool-207-thread-1] INFO  server.RaftServerConfigKeys (ConfUtils.java:logGet(43)) - raft.server.log.segment.cache.num.max = 2 (custom)
2019-08-20 15:29:31,556 [pool-196-thread-1] INFO  server.RaftServerConfigKeys (ConfUtils.java:logGet(43)) - raft.server.log.purge.gap = 1000000 (custom)
2019-08-20 15:29:31,556 [pool-207-thread-1] INFO  segmented.SegmentedRaftLogWorker (SegmentedRaftLogWorker.java:<init>(172)) - new 2027f18d-61d0-44de-a18a-8f9fe8580b83-SegmentedRaftLogWorker:Storage Directory /workdir/hadoop-ozone/integration-test/target/test-dir/MiniOzoneClusterImpl-d3dddc0d-c158-44f0-ad9e-80fc57836fb1/datanode-4/data/ratis/3afb2716-99fd-4bf6-ba03-2583ffa27fa9 for RaftStorage:Storage Directory /workdir/hadoop-ozone/integration-test/target/test-dir/MiniOzoneClusterImpl-d3dddc0d-c158-44f0-ad9e-80fc57836fb1/datanode-4/data/ratis/3afb2716-99fd-4bf6-ba03-2583ffa27fa9
2019-08-20 15:29:31,556 [pool-218-thread-1] INFO  server.RaftServerConfigKeys (ConfUtils.java:logGet(43)) - raft.server.log.appender.buffer.byte-limit = 33554432 (custom)
2019-08-20 15:29:31,556 [pool-207-thread-1] INFO  server.RaftServerConfigKeys (ConfUtils.java:logGet(43)) - raft.server.log.queue.byte-limit = 2147483647 (custom)
2019-08-20 15:29:31,556 [pool-196-thread-1] INFO  server.RaftServerConfigKeys (ConfUtils.java:logGet(43)) - raft.server.log.appender.buffer.byte-limit = 33554432 (custom)
2019-08-20 15:29:31,557 [pool-207-thread-1] INFO  server.RaftServerConfigKeys (ConfUtils.java:logGet(43)) - raft.server.log.queue.element-limit = 1024 (custom)
2019-08-20 15:29:31,557 [pool-218-thread-1] INFO  server.RaftServerConfigKeys (ConfUtils.java:logGet(43)) - raft.server.log.segment.size.max = 1048576 (custom)
2019-08-20 15:29:31,557 [pool-207-thread-1] INFO  server.RaftServerConfigKeys (ConfUtils.java:logGet(43)) - raft.server.log.segment.size.max = 1048576 (custom)
2019-08-20 15:29:31,557 [pool-196-thread-1] INFO  server.RaftServerConfigKeys (ConfUtils.java:logGet(43)) - raft.server.log.segment.size.max = 1048576 (custom)
2019-08-20 15:29:31,557 [pool-207-thread-1] INFO  server.RaftServerConfigKeys (ConfUtils.java:logGet(43)) - raft.server.log.preallocated.size = 16384 (custom)
2019-08-20 15:29:31,557 [pool-218-thread-1] INFO  server.RaftServerConfigKeys (ConfUtils.java:logGet(43)) - raft.server.log.segment.cache.num.max = 2 (custom)
2019-08-20 15:29:31,557 [pool-207-thread-1] INFO  server.RaftServerConfigKeys (ConfUtils.java:logGet(43)) - raft.server.log.write.buffer.size = 33554432 (custom)
2019-08-20 15:29:31,557 [pool-196-thread-1] INFO  server.RaftServerConfigKeys (ConfUtils.java:logGet(43)) - raft.server.log.segment.cache.num.max = 2 (custom)
2019-08-20 15:29:31,557 [pool-207-thread-1] INFO  server.RaftServerConfigKeys (ConfUtils.java:logGet(43)) - raft.server.log.force.sync.num = 128 (default)
2019-08-20 15:29:31,557 [pool-218-thread-1] INFO  segmented.SegmentedRaftLogWorker (SegmentedRaftLogWorker.java:<init>(172)) - new c96ba33e-ed49-489d-8101-2a883ad7391b-SegmentedRaftLogWorker:Storage Directory /workdir/hadoop-ozone/integration-test/target/test-dir/MiniOzoneClusterImpl-d3dddc0d-c158-44f0-ad9e-80fc57836fb1/datanode-5/data/ratis/3afb2716-99fd-4bf6-ba03-2583ffa27fa9 for RaftStorage:Storage Directory /workdir/hadoop-ozone/integration-test/target/test-dir/MiniOzoneClusterImpl-d3dddc0d-c158-44f0-ad9e-80fc57836fb1/datanode-5/data/ratis/3afb2716-99fd-4bf6-ba03-2583ffa27fa9
2019-08-20 15:29:31,557 [pool-207-thread-1] INFO  server.RaftServerConfigKeys (ConfUtils.java:logGet(43)) - raft.server.log.statemachine.data.sync = true (default)
2019-08-20 15:29:31,557 [pool-196-thread-1] INFO  segmented.SegmentedRaftLogWorker (SegmentedRaftLogWorker.java:<init>(172)) - new b8771e3f-612a-4e3a-af1f-a8b98b915a10-SegmentedRaftLogWorker:Storage Directory /workdir/hadoop-ozone/integration-test/target/test-dir/MiniOzoneClusterImpl-d3dddc0d-c158-44f0-ad9e-80fc57836fb1/datanode-3/data/ratis/3afb2716-99fd-4bf6-ba03-2583ffa27fa9 for RaftStorage:Storage Directory /workdir/hadoop-ozone/integration-test/target/test-dir/MiniOzoneClusterImpl-d3dddc0d-c158-44f0-ad9e-80fc57836fb1/datanode-3/data/ratis/3afb2716-99fd-4bf6-ba03-2583ffa27fa9
2019-08-20 15:29:31,558 [pool-207-thread-1] INFO  server.RaftServerConfigKeys (ConfUtils.java:logGet(43)) - raft.server.log.statemachine.data.sync.timeout = 10s (default)
2019-08-20 15:29:31,558 [pool-218-thread-1] INFO  server.RaftServerConfigKeys (ConfUtils.java:logGet(43)) - raft.server.log.queue.byte-limit = 2147483647 (custom)
2019-08-20 15:29:31,558 [pool-207-thread-1] INFO  server.RaftServerConfigKeys (ConfUtils.java:logGet(43)) - raft.server.log.statemachine.data.sync.timeout.retry = -1 (default)
2019-08-20 15:29:31,558 [pool-196-thread-1] INFO  server.RaftServerConfigKeys (ConfUtils.java:logGet(43)) - raft.server.log.queue.byte-limit = 2147483647 (custom)
2019-08-20 15:29:31,558 [pool-207-thread-1] INFO  server.RaftServerConfigKeys (ConfUtils.java:logGet(43)) - raft.server.log.statemachine.data.caching.enabled = true (custom)
2019-08-20 15:29:31,558 [pool-218-thread-1] INFO  server.RaftServerConfigKeys (ConfUtils.java:logGet(43)) - raft.server.log.queue.element-limit = 1024 (custom)
2019-08-20 15:29:31,558 [pool-196-thread-1] INFO  server.RaftServerConfigKeys (ConfUtils.java:logGet(43)) - raft.server.log.queue.element-limit = 1024 (custom)
2019-08-20 15:29:31,558 [pool-207-thread-1] INFO  segmented.SegmentedRaftLogWorker (SegmentedRaftLogWorker.java:lambda$new$0(132)) - 2027f18d-61d0-44de-a18a-8f9fe8580b83-SegmentedRaftLogWorker:Storage Directory /workdir/hadoop-ozone/integration-test/target/test-dir/MiniOzoneClusterImpl-d3dddc0d-c158-44f0-ad9e-80fc57836fb1/datanode-4/data/ratis/3afb2716-99fd-4bf6-ba03-2583ffa27fa9: flushIndex: setUnconditionally 0 -> -1
2019-08-20 15:29:31,558 [pool-218-thread-1] INFO  server.RaftServerConfigKeys (ConfUtils.java:logGet(43)) - raft.server.log.segment.size.max = 1048576 (custom)
2019-08-20 15:29:31,558 [pool-196-thread-1] INFO  server.RaftServerConfigKeys (ConfUtils.java:logGet(43)) - raft.server.log.segment.size.max = 1048576 (custom)
2019-08-20 15:29:31,559 [pool-207-thread-1] INFO  server.RaftServerConfigKeys (ConfUtils.java:logGet(43)) - raft.server.snapshot.auto.trigger.enabled = true (custom)
2019-08-20 15:29:31,558 [pool-218-thread-1] INFO  server.RaftServerConfigKeys (ConfUtils.java:logGet(43)) - raft.server.log.preallocated.size = 16384 (custom)
2019-08-20 15:29:31,559 [pool-207-thread-1] INFO  server.RaftServerConfigKeys (ConfUtils.java:logGet(43)) - raft.server.snapshot.auto.trigger.threshold = 10000 (custom)
2019-08-20 15:29:31,559 [pool-196-thread-1] INFO  server.RaftServerConfigKeys (ConfUtils.java:logGet(43)) - raft.server.log.preallocated.size = 16384 (custom)
2019-08-20 15:29:31,559 [pool-207-thread-1] INFO  server.RaftServerConfigKeys (ConfUtils.java:logGet(43)) - raft.server.retrycache.expirytime = 600000ms (custom)
2019-08-20 15:29:31,559 [pool-218-thread-1] INFO  server.RaftServerConfigKeys (ConfUtils.java:logGet(43)) - raft.server.log.write.buffer.size = 33554432 (custom)
2019-08-20 15:29:31,559 [pool-196-thread-1] INFO  server.RaftServerConfigKeys (ConfUtils.java:logGet(43)) - raft.server.log.write.buffer.size = 33554432 (custom)
2019-08-20 15:29:31,559 [pool-207-thread-1] INFO  impl.RaftServerImpl (RaftServerImpl.java:start(180)) - 2027f18d-61d0-44de-a18a-8f9fe8580b83: start group-2583FFA27FA9
2019-08-20 15:29:31,559 [pool-218-thread-1] INFO  server.RaftServerConfigKeys (ConfUtils.java:logGet(43)) - raft.server.log.force.sync.num = 128 (default)
2019-08-20 15:29:31,559 [pool-207-thread-1] INFO  impl.RaftServerImpl (RaftServerImpl.java:setRole(171)) - 2027f18d-61d0-44de-a18a-8f9fe8580b83:group-2583FFA27FA9 changes role from null to FOLLOWER at term 0 for startAsFollower
2019-08-20 15:29:31,559 [pool-196-thread-1] INFO  server.RaftServerConfigKeys (ConfUtils.java:logGet(43)) - raft.server.log.force.sync.num = 128 (default)
2019-08-20 15:29:31,559 [pool-207-thread-1] INFO  impl.RoleInfo (RoleInfo.java:updateAndGet(143)) - 2027f18d-61d0-44de-a18a-8f9fe8580b83: start FollowerState
2019-08-20 15:29:31,559 [pool-218-thread-1] INFO  server.RaftServerConfigKeys (ConfUtils.java:logGet(43)) - raft.server.log.statemachine.data.sync = true (default)
2019-08-20 15:29:31,559 [pool-196-thread-1] INFO  server.RaftServerConfigKeys (ConfUtils.java:logGet(43)) - raft.server.log.statemachine.data.sync = true (default)
2019-08-20 15:29:31,560 [pool-218-thread-1] INFO  server.RaftServerConfigKeys (ConfUtils.java:logGet(43)) - raft.server.log.statemachine.data.sync.timeout = 10s (default)
2019-08-20 15:29:31,560 [pool-207-thread-1] INFO  util.JmxRegister (JmxRegister.java:tryRegister(44)) - Successfully registered JMX Bean with object name Ratis:service=RaftServer,group=group-2583FFA27FA9,id=2027f18d-61d0-44de-a18a-8f9fe8580b83
2019-08-20 15:29:31,560 [pool-196-thread-1] INFO  server.RaftServerConfigKeys (ConfUtils.java:logGet(43)) - raft.server.log.statemachine.data.sync.timeout = 10s (default)
2019-08-20 15:29:31,560 [pool-218-thread-1] INFO  server.RaftServerConfigKeys (ConfUtils.java:logGet(43)) - raft.server.log.statemachine.data.sync.timeout.retry = -1 (default)
2019-08-20 15:29:31,560 [pool-196-thread-1] INFO  server.RaftServerConfigKeys (ConfUtils.java:logGet(43)) - raft.server.log.statemachine.data.sync.timeout.retry = -1 (default)
2019-08-20 15:29:31,560 [pool-218-thread-1] INFO  server.RaftServerConfigKeys (ConfUtils.java:logGet(43)) - raft.server.log.statemachine.data.caching.enabled = true (custom)
2019-08-20 15:29:31,560 [pool-196-thread-1] INFO  server.RaftServerConfigKeys (ConfUtils.java:logGet(43)) - raft.server.log.statemachine.data.caching.enabled = true (custom)
2019-08-20 15:29:31,560 [pool-218-thread-1] INFO  segmented.SegmentedRaftLogWorker (SegmentedRaftLogWorker.java:lambda$new$0(132)) - c96ba33e-ed49-489d-8101-2a883ad7391b-SegmentedRaftLogWorker:Storage Directory /workdir/hadoop-ozone/integration-test/target/test-dir/MiniOzoneClusterImpl-d3dddc0d-c158-44f0-ad9e-80fc57836fb1/datanode-5/data/ratis/3afb2716-99fd-4bf6-ba03-2583ffa27fa9: flushIndex: setUnconditionally 0 -> -1
2019-08-20 15:29:31,560 [pool-196-thread-1] INFO  segmented.SegmentedRaftLogWorker (SegmentedRaftLogWorker.java:lambda$new$0(132)) - b8771e3f-612a-4e3a-af1f-a8b98b915a10-SegmentedRaftLogWorker:Storage Directory /workdir/hadoop-ozone/integration-test/target/test-dir/MiniOzoneClusterImpl-d3dddc0d-c158-44f0-ad9e-80fc57836fb1/datanode-3/data/ratis/3afb2716-99fd-4bf6-ba03-2583ffa27fa9: flushIndex: setUnconditionally 0 -> -1
2019-08-20 15:29:31,560 [pool-218-thread-1] INFO  server.RaftServerConfigKeys (ConfUtils.java:logGet(43)) - raft.server.snapshot.auto.trigger.enabled = true (custom)
2019-08-20 15:29:31,561 [pool-218-thread-1] INFO  server.RaftServerConfigKeys (ConfUtils.java:logGet(43)) - raft.server.snapshot.auto.trigger.threshold = 10000 (custom)
2019-08-20 15:29:31,561 [pool-196-thread-1] INFO  server.RaftServerConfigKeys (ConfUtils.java:logGet(43)) - raft.server.snapshot.auto.trigger.enabled = true (custom)
2019-08-20 15:29:31,561 [pool-218-thread-1] INFO  server.RaftServerConfigKeys (ConfUtils.java:logGet(43)) - raft.server.retrycache.expirytime = 600000ms (custom)
2019-08-20 15:29:31,561 [pool-196-thread-1] INFO  server.RaftServerConfigKeys (ConfUtils.java:logGet(43)) - raft.server.snapshot.auto.trigger.threshold = 10000 (custom)
2019-08-20 15:29:31,561 [pool-218-thread-1] INFO  impl.RaftServerImpl (RaftServerImpl.java:start(180)) - c96ba33e-ed49-489d-8101-2a883ad7391b: start group-2583FFA27FA9
2019-08-20 15:29:31,561 [pool-196-thread-1] INFO  server.RaftServerConfigKeys (ConfUtils.java:logGet(43)) - raft.server.retrycache.expirytime = 600000ms (custom)
2019-08-20 15:29:31,561 [pool-218-thread-1] INFO  impl.RaftServerImpl (RaftServerImpl.java:setRole(171)) - c96ba33e-ed49-489d-8101-2a883ad7391b:group-2583FFA27FA9 changes role from null to FOLLOWER at term 0 for startAsFollower
2019-08-20 15:29:31,561 [pool-196-thread-1] INFO  impl.RaftServerImpl (RaftServerImpl.java:start(180)) - b8771e3f-612a-4e3a-af1f-a8b98b915a10: start group-2583FFA27FA9
2019-08-20 15:29:31,561 [pool-218-thread-1] INFO  impl.RoleInfo (RoleInfo.java:updateAndGet(143)) - c96ba33e-ed49-489d-8101-2a883ad7391b: start FollowerState
2019-08-20 15:29:31,561 [pool-196-thread-1] INFO  impl.RaftServerImpl (RaftServerImpl.java:setRole(171)) - b8771e3f-612a-4e3a-af1f-a8b98b915a10:group-2583FFA27FA9 changes role from null to FOLLOWER at term 0 for startAsFollower
2019-08-20 15:29:31,561 [pool-196-thread-1] INFO  impl.RoleInfo (RoleInfo.java:updateAndGet(143)) - b8771e3f-612a-4e3a-af1f-a8b98b915a10: start FollowerState
2019-08-20 15:29:31,561 [pool-218-thread-1] INFO  util.JmxRegister (JmxRegister.java:tryRegister(44)) - Successfully registered JMX Bean with object name Ratis:service=RaftServer,group=group-2583FFA27FA9,id=c96ba33e-ed49-489d-8101-2a883ad7391b
2019-08-20 15:29:31,562 [pool-196-thread-1] INFO  util.JmxRegister (JmxRegister.java:tryRegister(44)) - Successfully registered JMX Bean with object name Ratis:service=RaftServer,group=group-2583FFA27FA9,id=b8771e3f-612a-4e3a-af1f-a8b98b915a10
2019-08-20 15:29:31,563 [RatisPipelineUtilsThread] INFO  pipeline.PipelineStateManager (PipelineStateManager.java:addPipeline(56)) - Created pipeline Pipeline[ Id: 3afb2716-99fd-4bf6-ba03-2583ffa27fa9, Nodes: c96ba33e-ed49-489d-8101-2a883ad7391b{ip: 192.168.5.139, host: pr-hdds-1200-9hlr9-3148487106, networkLocation: /default-rack, certSerialId: null}2027f18d-61d0-44de-a18a-8f9fe8580b83{ip: 192.168.5.139, host: pr-hdds-1200-9hlr9-3148487106, networkLocation: /default-rack, certSerialId: null}b8771e3f-612a-4e3a-af1f-a8b98b915a10{ip: 192.168.5.139, host: pr-hdds-1200-9hlr9-3148487106, networkLocation: /default-rack, certSerialId: null}, Type:RATIS, Factor:THREE, State:OPEN]
2019-08-20 15:29:31,653 [Thread-1490] INFO  impl.FollowerState (FollowerState.java:run(106)) - 2d7c5efc-b074-4fc9-b95b-682c27e862a3:group-1ABB9C285F0D changes to CANDIDATE, lastRpcTime:1030, electionTimeout:1030ms
2019-08-20 15:29:31,653 [Thread-1490] INFO  impl.RoleInfo (RoleInfo.java:shutdownFollowerState(121)) - 2d7c5efc-b074-4fc9-b95b-682c27e862a3: shutdown FollowerState
2019-08-20 15:29:31,653 [Thread-1490] INFO  impl.RaftServerImpl (RaftServerImpl.java:setRole(171)) - 2d7c5efc-b074-4fc9-b95b-682c27e862a3:group-1ABB9C285F0D changes role from FOLLOWER to CANDIDATE at term 0 for changeToCandidate
2019-08-20 15:29:31,653 [Thread-1490] INFO  impl.RoleInfo (RoleInfo.java:updateAndGet(143)) - 2d7c5efc-b074-4fc9-b95b-682c27e862a3: start LeaderElection
2019-08-20 15:29:31,682 [2d7c5efc-b074-4fc9-b95b-682c27e862a3:group-1ABB9C285F0D:LeaderElection28] INFO  impl.LeaderElection (LeaderElection.java:askForVotes(181)) - 2d7c5efc-b074-4fc9-b95b-682c27e862a3:group-1ABB9C285F0D:LeaderElection28: begin an election at term 1 for -1: [2d7c5efc-b074-4fc9-b95b-682c27e862a3:192.168.5.139:35694], old=null
2019-08-20 15:29:31,683 [2d7c5efc-b074-4fc9-b95b-682c27e862a3:group-1ABB9C285F0D:LeaderElection28] INFO  impl.RoleInfo (RoleInfo.java:shutdownLeaderElection(134)) - 2d7c5efc-b074-4fc9-b95b-682c27e862a3: shutdown LeaderElection
2019-08-20 15:29:31,683 [2d7c5efc-b074-4fc9-b95b-682c27e862a3:group-1ABB9C285F0D:LeaderElection28] INFO  impl.RaftServerImpl (RaftServerImpl.java:setRole(171)) - 2d7c5efc-b074-4fc9-b95b-682c27e862a3:group-1ABB9C285F0D changes role from CANDIDATE to LEADER at term 1 for changeToLeader
2019-08-20 15:29:31,683 [2d7c5efc-b074-4fc9-b95b-682c27e862a3:group-1ABB9C285F0D:LeaderElection28] INFO  impl.RaftServerImpl (ServerState.java:setLeader(263)) - 2d7c5efc-b074-4fc9-b95b-682c27e862a3:group-1ABB9C285F0D change Leader from null to 2d7c5efc-b074-4fc9-b95b-682c27e862a3 at term 1 for becomeLeader, leader elected after 1064ms
2019-08-20 15:29:31,683 [2d7c5efc-b074-4fc9-b95b-682c27e862a3:group-1ABB9C285F0D:LeaderElection28] INFO  server.RaftServerConfigKeys (ConfUtils.java:logGet(43)) - raft.server.staging.catchup.gap = 1000 (default)
2019-08-20 15:29:31,683 [2d7c5efc-b074-4fc9-b95b-682c27e862a3:group-1ABB9C285F0D:LeaderElection28] INFO  server.RaftServerConfigKeys (ConfUtils.java:logGet(43)) - raft.server.rpc.sleep.time = 25ms (default)
2019-08-20 15:29:31,683 [2d7c5efc-b074-4fc9-b95b-682c27e862a3:group-1ABB9C285F0D:LeaderElection28] INFO  server.RaftServerConfigKeys (ConfUtils.java:logGet(43)) - raft.server.write.element-limit = 4096 (default)
2019-08-20 15:29:31,684 [2d7c5efc-b074-4fc9-b95b-682c27e862a3:group-1ABB9C285F0D:LeaderElection28] INFO  server.RaftServerConfigKeys (ConfUtils.java:logGet(43)) - raft.server.watch.timeout = 10s (default)
2019-08-20 15:29:31,684 [2d7c5efc-b074-4fc9-b95b-682c27e862a3:group-1ABB9C285F0D:LeaderElection28] INFO  server.RaftServerConfigKeys (ConfUtils.java:logGet(43)) - raft.server.watch.timeout.denomination = 1s (default)
2019-08-20 15:29:31,684 [2d7c5efc-b074-4fc9-b95b-682c27e862a3:group-1ABB9C285F0D:LeaderElection28] INFO  server.RaftServerConfigKeys (ConfUtils.java:logGet(43)) - raft.server.watch.element-limit = 65536 (default)
2019-08-20 15:29:31,684 [2d7c5efc-b074-4fc9-b95b-682c27e862a3:group-1ABB9C285F0D:LeaderElection28] INFO  impl.RoleInfo (RoleInfo.java:updateAndGet(143)) - 2d7c5efc-b074-4fc9-b95b-682c27e862a3: start LeaderState
2019-08-20 15:29:31,684 [2d7c5efc-b074-4fc9-b95b-682c27e862a3:group-1ABB9C285F0D:LeaderElection28] INFO  segmented.SegmentedRaftLogWorker (SegmentedRaftLogWorker.java:startLogSegment(380)) - 2d7c5efc-b074-4fc9-b95b-682c27e862a3-SegmentedRaftLogWorker:Storage Directory /workdir/hadoop-ozone/integration-test/target/test-dir/MiniOzoneClusterImpl-d3dddc0d-c158-44f0-ad9e-80fc57836fb1/datanode-0/data/ratis/b2e9a922-785c-411e-8f67-1abb9c285f0d: Starting segment from index:0
2019-08-20 15:29:31,685 [2d7c5efc-b074-4fc9-b95b-682c27e862a3:group-1ABB9C285F0D:LeaderElection28] INFO  impl.RaftServerImpl (ServerState.java:setRaftConf(361)) - 2d7c5efc-b074-4fc9-b95b-682c27e862a3:group-1ABB9C285F0D set configuration 0: [2d7c5efc-b074-4fc9-b95b-682c27e862a3:192.168.5.139:35694], old=null at 0
2019-08-20 15:29:31,730 [2d7c5efc-b074-4fc9-b95b-682c27e862a3-SegmentedRaftLogWorker:Storage Directory /workdir/hadoop-ozone/integration-test/target/test-dir/MiniOzoneClusterImpl-d3dddc0d-c158-44f0-ad9e-80fc57836fb1/datanode-0/data/ratis/b2e9a922-785c-411e-8f67-1abb9c285f0d] INFO  segmented.SegmentedRaftLogWorker (SegmentedRaftLogWorker.java:execute(569)) - 2d7c5efc-b074-4fc9-b95b-682c27e862a3-SegmentedRaftLogWorker:Storage Directory /workdir/hadoop-ozone/integration-test/target/test-dir/MiniOzoneClusterImpl-d3dddc0d-c158-44f0-ad9e-80fc57836fb1/datanode-0/data/ratis/b2e9a922-785c-411e-8f67-1abb9c285f0d: created new log segment /workdir/hadoop-ozone/integration-test/target/test-dir/MiniOzoneClusterImpl-d3dddc0d-c158-44f0-ad9e-80fc57836fb1/datanode-0/data/ratis/b2e9a922-785c-411e-8f67-1abb9c285f0d/current/log_inprogress_0
2019-08-20 15:29:31,937 [Thread-1493] INFO  impl.FollowerState (FollowerState.java:run(106)) - 9bc9fff1-11e1-427b-a164-f7900332836f:group-6AB4FC6FEE3F changes to CANDIDATE, lastRpcTime:1141, electionTimeout:1141ms
2019-08-20 15:29:31,937 [Thread-1493] INFO  impl.RoleInfo (RoleInfo.java:shutdownFollowerState(121)) - 9bc9fff1-11e1-427b-a164-f7900332836f: shutdown FollowerState
2019-08-20 15:29:31,938 [Thread-1493] INFO  impl.RaftServerImpl (RaftServerImpl.java:setRole(171)) - 9bc9fff1-11e1-427b-a164-f7900332836f:group-6AB4FC6FEE3F changes role from FOLLOWER to CANDIDATE at term 0 for changeToCandidate
2019-08-20 15:29:31,938 [Thread-1493] INFO  impl.RoleInfo (RoleInfo.java:updateAndGet(143)) - 9bc9fff1-11e1-427b-a164-f7900332836f: start LeaderElection
2019-08-20 15:29:31,950 [9bc9fff1-11e1-427b-a164-f7900332836f:group-6AB4FC6FEE3F:LeaderElection29] INFO  impl.LeaderElection (LeaderElection.java:askForVotes(181)) - 9bc9fff1-11e1-427b-a164-f7900332836f:group-6AB4FC6FEE3F:LeaderElection29: begin an election at term 1 for -1: [9bc9fff1-11e1-427b-a164-f7900332836f:192.168.5.139:38309], old=null
2019-08-20 15:29:31,950 [9bc9fff1-11e1-427b-a164-f7900332836f:group-6AB4FC6FEE3F:LeaderElection29] INFO  impl.RoleInfo (RoleInfo.java:shutdownLeaderElection(134)) - 9bc9fff1-11e1-427b-a164-f7900332836f: shutdown LeaderElection
2019-08-20 15:29:31,950 [9bc9fff1-11e1-427b-a164-f7900332836f:group-6AB4FC6FEE3F:LeaderElection29] INFO  impl.RaftServerImpl (RaftServerImpl.java:setRole(171)) - 9bc9fff1-11e1-427b-a164-f7900332836f:group-6AB4FC6FEE3F changes role from CANDIDATE to LEADER at term 1 for changeToLeader
2019-08-20 15:29:31,950 [9bc9fff1-11e1-427b-a164-f7900332836f:group-6AB4FC6FEE3F:LeaderElection29] INFO  impl.RaftServerImpl (ServerState.java:setLeader(263)) - 9bc9fff1-11e1-427b-a164-f7900332836f:group-6AB4FC6FEE3F change Leader from null to 9bc9fff1-11e1-427b-a164-f7900332836f at term 1 for becomeLeader, leader elected after 1158ms
2019-08-20 15:29:31,950 [9bc9fff1-11e1-427b-a164-f7900332836f:group-6AB4FC6FEE3F:LeaderElection29] INFO  server.RaftServerConfigKeys (ConfUtils.java:logGet(43)) - raft.server.staging.catchup.gap = 1000 (default)
2019-08-20 15:29:31,950 [9bc9fff1-11e1-427b-a164-f7900332836f:group-6AB4FC6FEE3F:LeaderElection29] INFO  server.RaftServerConfigKeys (ConfUtils.java:logGet(43)) - raft.server.rpc.sleep.time = 25ms (default)
2019-08-20 15:29:31,950 [9bc9fff1-11e1-427b-a164-f7900332836f:group-6AB4FC6FEE3F:LeaderElection29] INFO  server.RaftServerConfigKeys (ConfUtils.java:logGet(43)) - raft.server.write.element-limit = 4096 (default)
2019-08-20 15:29:31,950 [9bc9fff1-11e1-427b-a164-f7900332836f:group-6AB4FC6FEE3F:LeaderElection29] INFO  server.RaftServerConfigKeys (ConfUtils.java:logGet(43)) - raft.server.watch.timeout = 10s (default)
2019-08-20 15:29:31,950 [9bc9fff1-11e1-427b-a164-f7900332836f:group-6AB4FC6FEE3F:LeaderElection29] INFO  server.RaftServerConfigKeys (ConfUtils.java:logGet(43)) - raft.server.watch.timeout.denomination = 1s (default)
2019-08-20 15:29:31,950 [9bc9fff1-11e1-427b-a164-f7900332836f:group-6AB4FC6FEE3F:LeaderElection29] INFO  server.RaftServerConfigKeys (ConfUtils.java:logGet(43)) - raft.server.watch.element-limit = 65536 (default)
2019-08-20 15:29:31,951 [9bc9fff1-11e1-427b-a164-f7900332836f:group-6AB4FC6FEE3F:LeaderElection29] INFO  impl.RoleInfo (RoleInfo.java:updateAndGet(143)) - 9bc9fff1-11e1-427b-a164-f7900332836f: start LeaderState
2019-08-20 15:29:31,951 [9bc9fff1-11e1-427b-a164-f7900332836f:group-6AB4FC6FEE3F:LeaderElection29] INFO  segmented.SegmentedRaftLogWorker (SegmentedRaftLogWorker.java:startLogSegment(380)) - 9bc9fff1-11e1-427b-a164-f7900332836f-SegmentedRaftLogWorker:Storage Directory /workdir/hadoop-ozone/integration-test/target/test-dir/MiniOzoneClusterImpl-d3dddc0d-c158-44f0-ad9e-80fc57836fb1/datanode-1/data/ratis/5e6388a2-594a-4f89-9cb7-6ab4fc6fee3f: Starting segment from index:0
2019-08-20 15:29:31,951 [9bc9fff1-11e1-427b-a164-f7900332836f:group-6AB4FC6FEE3F:LeaderElection29] INFO  impl.RaftServerImpl (ServerState.java:setRaftConf(361)) - 9bc9fff1-11e1-427b-a164-f7900332836f:group-6AB4FC6FEE3F set configuration 0: [9bc9fff1-11e1-427b-a164-f7900332836f:192.168.5.139:38309], old=null at 0
2019-08-20 15:29:31,983 [9bc9fff1-11e1-427b-a164-f7900332836f-SegmentedRaftLogWorker:Storage Directory /workdir/hadoop-ozone/integration-test/target/test-dir/MiniOzoneClusterImpl-d3dddc0d-c158-44f0-ad9e-80fc57836fb1/datanode-1/data/ratis/5e6388a2-594a-4f89-9cb7-6ab4fc6fee3f] INFO  segmented.SegmentedRaftLogWorker (SegmentedRaftLogWorker.java:execute(569)) - 9bc9fff1-11e1-427b-a164-f7900332836f-SegmentedRaftLogWorker:Storage Directory /workdir/hadoop-ozone/integration-test/target/test-dir/MiniOzoneClusterImpl-d3dddc0d-c158-44f0-ad9e-80fc57836fb1/datanode-1/data/ratis/5e6388a2-594a-4f89-9cb7-6ab4fc6fee3f: created new log segment /workdir/hadoop-ozone/integration-test/target/test-dir/MiniOzoneClusterImpl-d3dddc0d-c158-44f0-ad9e-80fc57836fb1/datanode-1/data/ratis/5e6388a2-594a-4f89-9cb7-6ab4fc6fee3f/current/log_inprogress_0
2019-08-20 15:29:32,085 [Thread-1496] INFO  impl.FollowerState (FollowerState.java:run(106)) - 5cf37c60-ab16-4b46-8923-a2be97bd85ed:group-B95CB74C547D changes to CANDIDATE, lastRpcTime:1122, electionTimeout:1122ms
2019-08-20 15:29:32,086 [Thread-1496] INFO  impl.RoleInfo (RoleInfo.java:shutdownFollowerState(121)) - 5cf37c60-ab16-4b46-8923-a2be97bd85ed: shutdown FollowerState
2019-08-20 15:29:32,086 [Thread-1496] INFO  impl.RaftServerImpl (RaftServerImpl.java:setRole(171)) - 5cf37c60-ab16-4b46-8923-a2be97bd85ed:group-B95CB74C547D changes role from FOLLOWER to CANDIDATE at term 0 for changeToCandidate
2019-08-20 15:29:32,086 [Thread-1496] INFO  impl.RoleInfo (RoleInfo.java:updateAndGet(143)) - 5cf37c60-ab16-4b46-8923-a2be97bd85ed: start LeaderElection
2019-08-20 15:29:32,093 [5cf37c60-ab16-4b46-8923-a2be97bd85ed:group-B95CB74C547D:LeaderElection30] INFO  impl.LeaderElection (LeaderElection.java:askForVotes(181)) - 5cf37c60-ab16-4b46-8923-a2be97bd85ed:group-B95CB74C547D:LeaderElection30: begin an election at term 1 for -1: [5cf37c60-ab16-4b46-8923-a2be97bd85ed:192.168.5.139:37767], old=null
2019-08-20 15:29:32,093 [5cf37c60-ab16-4b46-8923-a2be97bd85ed:group-B95CB74C547D:LeaderElection30] INFO  impl.RoleInfo (RoleInfo.java:shutdownLeaderElection(134)) - 5cf37c60-ab16-4b46-8923-a2be97bd85ed: shutdown LeaderElection
2019-08-20 15:29:32,093 [5cf37c60-ab16-4b46-8923-a2be97bd85ed:group-B95CB74C547D:LeaderElection30] INFO  impl.RaftServerImpl (RaftServerImpl.java:setRole(171)) - 5cf37c60-ab16-4b46-8923-a2be97bd85ed:group-B95CB74C547D changes role from CANDIDATE to LEADER at term 1 for changeToLeader
2019-08-20 15:29:32,093 [5cf37c60-ab16-4b46-8923-a2be97bd85ed:group-B95CB74C547D:LeaderElection30] INFO  impl.RaftServerImpl (ServerState.java:setLeader(263)) - 5cf37c60-ab16-4b46-8923-a2be97bd85ed:group-B95CB74C547D change Leader from null to 5cf37c60-ab16-4b46-8923-a2be97bd85ed at term 1 for becomeLeader, leader elected after 1133ms
2019-08-20 15:29:32,093 [5cf37c60-ab16-4b46-8923-a2be97bd85ed:group-B95CB74C547D:LeaderElection30] INFO  server.RaftServerConfigKeys (ConfUtils.java:logGet(43)) - raft.server.staging.catchup.gap = 1000 (default)
2019-08-20 15:29:32,093 [5cf37c60-ab16-4b46-8923-a2be97bd85ed:group-B95CB74C547D:LeaderElection30] INFO  server.RaftServerConfigKeys (ConfUtils.java:logGet(43)) - raft.server.rpc.sleep.time = 25ms (default)
2019-08-20 15:29:32,093 [5cf37c60-ab16-4b46-8923-a2be97bd85ed:group-B95CB74C547D:LeaderElection30] INFO  server.RaftServerConfigKeys (ConfUtils.java:logGet(43)) - raft.server.write.element-limit = 4096 (default)
2019-08-20 15:29:32,094 [5cf37c60-ab16-4b46-8923-a2be97bd85ed:group-B95CB74C547D:LeaderElection30] INFO  server.RaftServerConfigKeys (ConfUtils.java:logGet(43)) - raft.server.watch.timeout = 10s (default)
2019-08-20 15:29:32,094 [5cf37c60-ab16-4b46-8923-a2be97bd85ed:group-B95CB74C547D:LeaderElection30] INFO  server.RaftServerConfigKeys (ConfUtils.java:logGet(43)) - raft.server.watch.timeout.denomination = 1s (default)
2019-08-20 15:29:32,094 [5cf37c60-ab16-4b46-8923-a2be97bd85ed:group-B95CB74C547D:LeaderElection30] INFO  server.RaftServerConfigKeys (ConfUtils.java:logGet(43)) - raft.server.watch.element-limit = 65536 (default)
2019-08-20 15:29:32,094 [5cf37c60-ab16-4b46-8923-a2be97bd85ed:group-B95CB74C547D:LeaderElection30] INFO  impl.RoleInfo (RoleInfo.java:updateAndGet(143)) - 5cf37c60-ab16-4b46-8923-a2be97bd85ed: start LeaderState
2019-08-20 15:29:32,094 [5cf37c60-ab16-4b46-8923-a2be97bd85ed:group-B95CB74C547D:LeaderElection30] INFO  segmented.SegmentedRaftLogWorker (SegmentedRaftLogWorker.java:startLogSegment(380)) - 5cf37c60-ab16-4b46-8923-a2be97bd85ed-SegmentedRaftLogWorker:Storage Directory /workdir/hadoop-ozone/integration-test/target/test-dir/MiniOzoneClusterImpl-d3dddc0d-c158-44f0-ad9e-80fc57836fb1/datanode-2/data/ratis/481f73df-757a-480e-a597-b95cb74c547d: Starting segment from index:0
2019-08-20 15:29:32,094 [5cf37c60-ab16-4b46-8923-a2be97bd85ed:group-B95CB74C547D:LeaderElection30] INFO  impl.RaftServerImpl (ServerState.java:setRaftConf(361)) - 5cf37c60-ab16-4b46-8923-a2be97bd85ed:group-B95CB74C547D set configuration 0: [5cf37c60-ab16-4b46-8923-a2be97bd85ed:192.168.5.139:37767], old=null at 0
2019-08-20 15:29:32,131 [5cf37c60-ab16-4b46-8923-a2be97bd85ed-SegmentedRaftLogWorker:Storage Directory /workdir/hadoop-ozone/integration-test/target/test-dir/MiniOzoneClusterImpl-d3dddc0d-c158-44f0-ad9e-80fc57836fb1/datanode-2/data/ratis/481f73df-757a-480e-a597-b95cb74c547d] INFO  segmented.SegmentedRaftLogWorker (SegmentedRaftLogWorker.java:execute(569)) - 5cf37c60-ab16-4b46-8923-a2be97bd85ed-SegmentedRaftLogWorker:Storage Directory /workdir/hadoop-ozone/integration-test/target/test-dir/MiniOzoneClusterImpl-d3dddc0d-c158-44f0-ad9e-80fc57836fb1/datanode-2/data/ratis/481f73df-757a-480e-a597-b95cb74c547d: created new log segment /workdir/hadoop-ozone/integration-test/target/test-dir/MiniOzoneClusterImpl-d3dddc0d-c158-44f0-ad9e-80fc57836fb1/datanode-2/data/ratis/481f73df-757a-480e-a597-b95cb74c547d/current/log_inprogress_0
2019-08-20 15:29:32,156 [Thread-1508] INFO  impl.FollowerState (FollowerState.java:run(106)) - b8771e3f-612a-4e3a-af1f-a8b98b915a10:group-305DEA941FDB changes to CANDIDATE, lastRpcTime:1033, electionTimeout:1033ms
2019-08-20 15:29:32,156 [Thread-1508] INFO  impl.RoleInfo (RoleInfo.java:shutdownFollowerState(121)) - b8771e3f-612a-4e3a-af1f-a8b98b915a10: shutdown FollowerState
2019-08-20 15:29:32,156 [Thread-1508] INFO  impl.RaftServerImpl (RaftServerImpl.java:setRole(171)) - b8771e3f-612a-4e3a-af1f-a8b98b915a10:group-305DEA941FDB changes role from FOLLOWER to CANDIDATE at term 0 for changeToCandidate
2019-08-20 15:29:32,156 [Thread-1508] INFO  impl.RoleInfo (RoleInfo.java:updateAndGet(143)) - b8771e3f-612a-4e3a-af1f-a8b98b915a10: start LeaderElection
2019-08-20 15:29:32,164 [b8771e3f-612a-4e3a-af1f-a8b98b915a10:group-305DEA941FDB:LeaderElection31] INFO  impl.LeaderElection (LeaderElection.java:askForVotes(181)) - b8771e3f-612a-4e3a-af1f-a8b98b915a10:group-305DEA941FDB:LeaderElection31: begin an election at term 1 for -1: [b8771e3f-612a-4e3a-af1f-a8b98b915a10:192.168.5.139:33664], old=null
2019-08-20 15:29:32,164 [b8771e3f-612a-4e3a-af1f-a8b98b915a10:group-305DEA941FDB:LeaderElection31] INFO  impl.RoleInfo (RoleInfo.java:shutdownLeaderElection(134)) - b8771e3f-612a-4e3a-af1f-a8b98b915a10: shutdown LeaderElection
2019-08-20 15:29:32,164 [b8771e3f-612a-4e3a-af1f-a8b98b915a10:group-305DEA941FDB:LeaderElection31] INFO  impl.RaftServerImpl (RaftServerImpl.java:setRole(171)) - b8771e3f-612a-4e3a-af1f-a8b98b915a10:group-305DEA941FDB changes role from CANDIDATE to LEADER at term 1 for changeToLeader
2019-08-20 15:29:32,164 [b8771e3f-612a-4e3a-af1f-a8b98b915a10:group-305DEA941FDB:LeaderElection31] INFO  impl.RaftServerImpl (ServerState.java:setLeader(263)) - b8771e3f-612a-4e3a-af1f-a8b98b915a10:group-305DEA941FDB change Leader from null to b8771e3f-612a-4e3a-af1f-a8b98b915a10 at term 1 for becomeLeader, leader elected after 1045ms
2019-08-20 15:29:32,164 [b8771e3f-612a-4e3a-af1f-a8b98b915a10:group-305DEA941FDB:LeaderElection31] INFO  server.RaftServerConfigKeys (ConfUtils.java:logGet(43)) - raft.server.staging.catchup.gap = 1000 (default)
2019-08-20 15:29:32,165 [b8771e3f-612a-4e3a-af1f-a8b98b915a10:group-305DEA941FDB:LeaderElection31] INFO  server.RaftServerConfigKeys (ConfUtils.java:logGet(43)) - raft.server.rpc.sleep.time = 25ms (default)
2019-08-20 15:29:32,165 [b8771e3f-612a-4e3a-af1f-a8b98b915a10:group-305DEA941FDB:LeaderElection31] INFO  server.RaftServerConfigKeys (ConfUtils.java:logGet(43)) - raft.server.write.element-limit = 4096 (default)
2019-08-20 15:29:32,165 [b8771e3f-612a-4e3a-af1f-a8b98b915a10:group-305DEA941FDB:LeaderElection31] INFO  server.RaftServerConfigKeys (ConfUtils.java:logGet(43)) - raft.server.watch.timeout = 10s (default)
2019-08-20 15:29:32,165 [b8771e3f-612a-4e3a-af1f-a8b98b915a10:group-305DEA941FDB:LeaderElection31] INFO  server.RaftServerConfigKeys (ConfUtils.java:logGet(43)) - raft.server.watch.timeout.denomination = 1s (default)
2019-08-20 15:29:32,165 [b8771e3f-612a-4e3a-af1f-a8b98b915a10:group-305DEA941FDB:LeaderElection31] INFO  server.RaftServerConfigKeys (ConfUtils.java:logGet(43)) - raft.server.watch.element-limit = 65536 (default)
2019-08-20 15:29:32,165 [b8771e3f-612a-4e3a-af1f-a8b98b915a10:group-305DEA941FDB:LeaderElection31] INFO  impl.RoleInfo (RoleInfo.java:updateAndGet(143)) - b8771e3f-612a-4e3a-af1f-a8b98b915a10: start LeaderState
2019-08-20 15:29:32,165 [b8771e3f-612a-4e3a-af1f-a8b98b915a10:group-305DEA941FDB:LeaderElection31] INFO  segmented.SegmentedRaftLogWorker (SegmentedRaftLogWorker.java:startLogSegment(380)) - b8771e3f-612a-4e3a-af1f-a8b98b915a10-SegmentedRaftLogWorker:Storage Directory /workdir/hadoop-ozone/integration-test/target/test-dir/MiniOzoneClusterImpl-d3dddc0d-c158-44f0-ad9e-80fc57836fb1/datanode-3/data/ratis/be62afd5-fc5d-48f4-901d-305dea941fdb: Starting segment from index:0
2019-08-20 15:29:32,166 [b8771e3f-612a-4e3a-af1f-a8b98b915a10:group-305DEA941FDB:LeaderElection31] INFO  impl.RaftServerImpl (ServerState.java:setRaftConf(361)) - b8771e3f-612a-4e3a-af1f-a8b98b915a10:group-305DEA941FDB set configuration 0: [b8771e3f-612a-4e3a-af1f-a8b98b915a10:192.168.5.139:33664], old=null at 0
2019-08-20 15:29:32,200 [Thread-1504] INFO  impl.FollowerState (FollowerState.java:run(106)) - 5cf37c60-ab16-4b46-8923-a2be97bd85ed:group-FDC4B371A35E changes to CANDIDATE, lastRpcTime:1181, electionTimeout:1181ms
2019-08-20 15:29:32,200 [Thread-1504] INFO  impl.RoleInfo (RoleInfo.java:shutdownFollowerState(121)) - 5cf37c60-ab16-4b46-8923-a2be97bd85ed: shutdown FollowerState
2019-08-20 15:29:32,200 [Thread-1504] INFO  impl.RaftServerImpl (RaftServerImpl.java:setRole(171)) - 5cf37c60-ab16-4b46-8923-a2be97bd85ed:group-FDC4B371A35E changes role from FOLLOWER to CANDIDATE at term 0 for changeToCandidate
2019-08-20 15:29:32,200 [Thread-1504] INFO  impl.RoleInfo (RoleInfo.java:updateAndGet(143)) - 5cf37c60-ab16-4b46-8923-a2be97bd85ed: start LeaderElection
2019-08-20 15:29:32,203 [Thread-1499] INFO  impl.FollowerState (FollowerState.java:run(106)) - 9bc9fff1-11e1-427b-a164-f7900332836f:group-FDC4B371A35E changes to CANDIDATE, lastRpcTime:1186, electionTimeout:1186ms
2019-08-20 15:29:32,203 [Thread-1499] INFO  impl.RoleInfo (RoleInfo.java:shutdownFollowerState(121)) - 9bc9fff1-11e1-427b-a164-f7900332836f: shutdown FollowerState
2019-08-20 15:29:32,203 [Thread-1499] INFO  impl.RaftServerImpl (RaftServerImpl.java:setRole(171)) - 9bc9fff1-11e1-427b-a164-f7900332836f:group-FDC4B371A35E changes role from FOLLOWER to CANDIDATE at term 0 for changeToCandidate
2019-08-20 15:29:32,203 [Thread-1499] INFO  impl.RoleInfo (RoleInfo.java:updateAndGet(143)) - 9bc9fff1-11e1-427b-a164-f7900332836f: start LeaderElection
2019-08-20 15:29:32,207 [b8771e3f-612a-4e3a-af1f-a8b98b915a10-SegmentedRaftLogWorker:Storage Directory /workdir/hadoop-ozone/integration-test/target/test-dir/MiniOzoneClusterImpl-d3dddc0d-c158-44f0-ad9e-80fc57836fb1/datanode-3/data/ratis/be62afd5-fc5d-48f4-901d-305dea941fdb] INFO  segmented.SegmentedRaftLogWorker (SegmentedRaftLogWorker.java:execute(569)) - b8771e3f-612a-4e3a-af1f-a8b98b915a10-SegmentedRaftLogWorker:Storage Directory /workdir/hadoop-ozone/integration-test/target/test-dir/MiniOzoneClusterImpl-d3dddc0d-c158-44f0-ad9e-80fc57836fb1/datanode-3/data/ratis/be62afd5-fc5d-48f4-901d-305dea941fdb: created new log segment /workdir/hadoop-ozone/integration-test/target/test-dir/MiniOzoneClusterImpl-d3dddc0d-c158-44f0-ad9e-80fc57836fb1/datanode-3/data/ratis/be62afd5-fc5d-48f4-901d-305dea941fdb/current/log_inprogress_0
2019-08-20 15:29:32,209 [9bc9fff1-11e1-427b-a164-f7900332836f:group-FDC4B371A35E:LeaderElection33] INFO  impl.LeaderElection (LeaderElection.java:askForVotes(181)) - 9bc9fff1-11e1-427b-a164-f7900332836f:group-FDC4B371A35E:LeaderElection33: begin an election at term 1 for -1: [5cf37c60-ab16-4b46-8923-a2be97bd85ed:192.168.5.139:37767, 2d7c5efc-b074-4fc9-b95b-682c27e862a3:192.168.5.139:35694, 9bc9fff1-11e1-427b-a164-f7900332836f:192.168.5.139:38309], old=null
2019-08-20 15:29:32,209 [5cf37c60-ab16-4b46-8923-a2be97bd85ed:group-FDC4B371A35E:LeaderElection32] INFO  impl.LeaderElection (LeaderElection.java:askForVotes(181)) - 5cf37c60-ab16-4b46-8923-a2be97bd85ed:group-FDC4B371A35E:LeaderElection32: begin an election at term 1 for -1: [5cf37c60-ab16-4b46-8923-a2be97bd85ed:192.168.5.139:37767, 2d7c5efc-b074-4fc9-b95b-682c27e862a3:192.168.5.139:35694, 9bc9fff1-11e1-427b-a164-f7900332836f:192.168.5.139:38309], old=null
2019-08-20 15:29:32,215 [grpc-default-executor-0] INFO  impl.RaftServerImpl (RaftServerImpl.java:setRole(171)) - 2d7c5efc-b074-4fc9-b95b-682c27e862a3:group-FDC4B371A35E changes role from FOLLOWER to FOLLOWER at term 1 for recognizeCandidate:9bc9fff1-11e1-427b-a164-f7900332836f
2019-08-20 15:29:32,216 [grpc-default-executor-0] INFO  impl.RoleInfo (RoleInfo.java:shutdownFollowerState(121)) - 2d7c5efc-b074-4fc9-b95b-682c27e862a3: shutdown FollowerState
2019-08-20 15:29:32,218 [grpc-default-executor-0] INFO  impl.RoleInfo (RoleInfo.java:updateAndGet(143)) - 2d7c5efc-b074-4fc9-b95b-682c27e862a3: start FollowerState
2019-08-20 15:29:32,237 [9bc9fff1-11e1-427b-a164-f7900332836f:group-FDC4B371A35E:LeaderElection33] INFO  impl.LeaderElection (LeaderElection.java:logAndReturn(56)) - 9bc9fff1-11e1-427b-a164-f7900332836f:group-FDC4B371A35E:LeaderElection33: Election PASSED; received 2 response(s) [9bc9fff1-11e1-427b-a164-f7900332836f<-5cf37c60-ab16-4b46-8923-a2be97bd85ed#0:FAIL-t1, 9bc9fff1-11e1-427b-a164-f7900332836f<-2d7c5efc-b074-4fc9-b95b-682c27e862a3#0:OK-t1] and 0 exception(s); 9bc9fff1-11e1-427b-a164-f7900332836f:t1, leader=null, voted=9bc9fff1-11e1-427b-a164-f7900332836f, raftlog=9bc9fff1-11e1-427b-a164-f7900332836f-SegmentedRaftLog:OPENED:c-1,f-1,i0, conf=-1: [5cf37c60-ab16-4b46-8923-a2be97bd85ed:192.168.5.139:37767, 2d7c5efc-b074-4fc9-b95b-682c27e862a3:192.168.5.139:35694, 9bc9fff1-11e1-427b-a164-f7900332836f:192.168.5.139:38309], old=null
2019-08-20 15:29:32,237 [5cf37c60-ab16-4b46-8923-a2be97bd85ed:group-FDC4B371A35E:LeaderElection32] INFO  impl.LeaderElection (LeaderElection.java:logAndReturn(56)) - 5cf37c60-ab16-4b46-8923-a2be97bd85ed:group-FDC4B371A35E:LeaderElection32: Election REJECTED; received 2 response(s) [5cf37c60-ab16-4b46-8923-a2be97bd85ed<-2d7c5efc-b074-4fc9-b95b-682c27e862a3#0:FAIL-t1, 5cf37c60-ab16-4b46-8923-a2be97bd85ed<-9bc9fff1-11e1-427b-a164-f7900332836f#0:FAIL-t1] and 0 exception(s); 5cf37c60-ab16-4b46-8923-a2be97bd85ed:t1, leader=null, voted=5cf37c60-ab16-4b46-8923-a2be97bd85ed, raftlog=5cf37c60-ab16-4b46-8923-a2be97bd85ed-SegmentedRaftLog:OPENED:c-1,f-1,i0, conf=-1: [5cf37c60-ab16-4b46-8923-a2be97bd85ed:192.168.5.139:37767, 2d7c5efc-b074-4fc9-b95b-682c27e862a3:192.168.5.139:35694, 9bc9fff1-11e1-427b-a164-f7900332836f:192.168.5.139:38309], old=null
2019-08-20 15:29:32,237 [9bc9fff1-11e1-427b-a164-f7900332836f:group-FDC4B371A35E:LeaderElection33] INFO  impl.RoleInfo (RoleInfo.java:shutdownLeaderElection(134)) - 9bc9fff1-11e1-427b-a164-f7900332836f: shutdown LeaderElection
2019-08-20 15:29:32,237 [5cf37c60-ab16-4b46-8923-a2be97bd85ed:group-FDC4B371A35E:LeaderElection32] INFO  impl.RaftServerImpl (RaftServerImpl.java:setRole(171)) - 5cf37c60-ab16-4b46-8923-a2be97bd85ed:group-FDC4B371A35E changes role from CANDIDATE to FOLLOWER at term 1 for DISCOVERED_A_NEW_TERM
2019-08-20 15:29:32,237 [9bc9fff1-11e1-427b-a164-f7900332836f:group-FDC4B371A35E:LeaderElection33] INFO  impl.RaftServerImpl (RaftServerImpl.java:setRole(171)) - 9bc9fff1-11e1-427b-a164-f7900332836f:group-FDC4B371A35E changes role from CANDIDATE to LEADER at term 1 for changeToLeader
2019-08-20 15:29:32,237 [5cf37c60-ab16-4b46-8923-a2be97bd85ed:group-FDC4B371A35E:LeaderElection32] INFO  impl.RoleInfo (RoleInfo.java:shutdownLeaderElection(134)) - 5cf37c60-ab16-4b46-8923-a2be97bd85ed: shutdown LeaderElection
2019-08-20 15:29:32,237 [9bc9fff1-11e1-427b-a164-f7900332836f:group-FDC4B371A35E:LeaderElection33] INFO  impl.RaftServerImpl (ServerState.java:setLeader(263)) - 9bc9fff1-11e1-427b-a164-f7900332836f:group-FDC4B371A35E change Leader from null to 9bc9fff1-11e1-427b-a164-f7900332836f at term 1 for becomeLeader, leader elected after 1228ms
2019-08-20 15:29:32,237 [5cf37c60-ab16-4b46-8923-a2be97bd85ed:group-FDC4B371A35E:LeaderElection32] INFO  impl.RoleInfo (RoleInfo.java:updateAndGet(143)) - 5cf37c60-ab16-4b46-8923-a2be97bd85ed: start FollowerState
2019-08-20 15:29:32,237 [9bc9fff1-11e1-427b-a164-f7900332836f:group-FDC4B371A35E:LeaderElection33] INFO  server.RaftServerConfigKeys (ConfUtils.java:logGet(43)) - raft.server.staging.catchup.gap = 1000 (default)
2019-08-20 15:29:32,237 [9bc9fff1-11e1-427b-a164-f7900332836f:group-FDC4B371A35E:LeaderElection33] INFO  server.RaftServerConfigKeys (ConfUtils.java:logGet(43)) - raft.server.rpc.sleep.time = 25ms (default)
2019-08-20 15:29:32,238 [9bc9fff1-11e1-427b-a164-f7900332836f:group-FDC4B371A35E:LeaderElection33] INFO  server.RaftServerConfigKeys (ConfUtils.java:logGet(43)) - raft.server.write.element-limit = 4096 (default)
2019-08-20 15:29:32,238 [9bc9fff1-11e1-427b-a164-f7900332836f:group-FDC4B371A35E:LeaderElection33] INFO  server.RaftServerConfigKeys (ConfUtils.java:logGet(43)) - raft.server.watch.timeout = 10s (default)
2019-08-20 15:29:32,238 [9bc9fff1-11e1-427b-a164-f7900332836f:group-FDC4B371A35E:LeaderElection33] INFO  server.RaftServerConfigKeys (ConfUtils.java:logGet(43)) - raft.server.watch.timeout.denomination = 1s (default)
2019-08-20 15:29:32,238 [9bc9fff1-11e1-427b-a164-f7900332836f:group-FDC4B371A35E:LeaderElection33] INFO  server.RaftServerConfigKeys (ConfUtils.java:logGet(43)) - raft.server.watch.element-limit = 65536 (default)
2019-08-20 15:29:32,238 [9bc9fff1-11e1-427b-a164-f7900332836f:group-FDC4B371A35E:LeaderElection33] INFO  server.RaftServerConfigKeys (ConfUtils.java:logGet(43)) - raft.server.log.appender.snapshot.chunk.size.max = 16MB (=16777216) (default)
2019-08-20 15:29:32,238 [9bc9fff1-11e1-427b-a164-f7900332836f:group-FDC4B371A35E:LeaderElection33] INFO  server.RaftServerConfigKeys (ConfUtils.java:logGet(43)) - raft.server.log.appender.buffer.byte-limit = 33554432 (custom)
2019-08-20 15:29:32,239 [9bc9fff1-11e1-427b-a164-f7900332836f:group-FDC4B371A35E:LeaderElection33] INFO  server.RaftServerConfigKeys (ConfUtils.java:logGet(43)) - raft.server.log.appender.buffer.element-limit = 1 (custom)
2019-08-20 15:29:32,239 [9bc9fff1-11e1-427b-a164-f7900332836f:group-FDC4B371A35E:LeaderElection33] INFO  grpc.GrpcConfigKeys$Server (ConfUtils.java:logGet(43)) - raft.grpc.server.leader.outstanding.appends.max = 128 (default)
2019-08-20 15:29:32,239 [9bc9fff1-11e1-427b-a164-f7900332836f:group-FDC4B371A35E:LeaderElection33] INFO  server.RaftServerConfigKeys (ConfUtils.java:logGet(43)) - raft.server.rpc.request.timeout = 3000ms (default)
2019-08-20 15:29:32,239 [9bc9fff1-11e1-427b-a164-f7900332836f:group-FDC4B371A35E:LeaderElection33] INFO  server.RaftServerConfigKeys (ConfUtils.java:logGet(43)) - raft.server.log.appender.install.snapshot.enabled = false (custom)
2019-08-20 15:29:32,239 [9bc9fff1-11e1-427b-a164-f7900332836f:group-FDC4B371A35E:LeaderElection33] INFO  server.RaftServerConfigKeys (ConfUtils.java:logGet(43)) - raft.server.log.appender.snapshot.chunk.size.max = 16MB (=16777216) (default)
2019-08-20 15:29:32,239 [9bc9fff1-11e1-427b-a164-f7900332836f:group-FDC4B371A35E:LeaderElection33] INFO  server.RaftServerConfigKeys (ConfUtils.java:logGet(43)) - raft.server.log.appender.buffer.byte-limit = 33554432 (custom)
2019-08-20 15:29:32,239 [9bc9fff1-11e1-427b-a164-f7900332836f:group-FDC4B371A35E:LeaderElection33] INFO  server.RaftServerConfigKeys (ConfUtils.java:logGet(43)) - raft.server.log.appender.buffer.element-limit = 1 (custom)
2019-08-20 15:29:32,239 [9bc9fff1-11e1-427b-a164-f7900332836f:group-FDC4B371A35E:LeaderElection33] INFO  grpc.GrpcConfigKeys$Server (ConfUtils.java:logGet(43)) - raft.grpc.server.leader.outstanding.appends.max = 128 (default)
2019-08-20 15:29:32,240 [9bc9fff1-11e1-427b-a164-f7900332836f:group-FDC4B371A35E:LeaderElection33] INFO  server.RaftServerConfigKeys (ConfUtils.java:logGet(43)) - raft.server.rpc.request.timeout = 3000ms (default)
2019-08-20 15:29:32,240 [9bc9fff1-11e1-427b-a164-f7900332836f:group-FDC4B371A35E:LeaderElection33] INFO  server.RaftServerConfigKeys (ConfUtils.java:logGet(43)) - raft.server.log.appender.install.snapshot.enabled = false (custom)
2019-08-20 15:29:32,240 [9bc9fff1-11e1-427b-a164-f7900332836f:group-FDC4B371A35E:LeaderElection33] INFO  impl.RoleInfo (RoleInfo.java:updateAndGet(143)) - 9bc9fff1-11e1-427b-a164-f7900332836f: start LeaderState
2019-08-20 15:29:32,240 [9bc9fff1-11e1-427b-a164-f7900332836f:group-FDC4B371A35E:LeaderElection33] INFO  segmented.SegmentedRaftLogWorker (SegmentedRaftLogWorker.java:startLogSegment(380)) - 9bc9fff1-11e1-427b-a164-f7900332836f-SegmentedRaftLogWorker:Storage Directory /workdir/hadoop-ozone/integration-test/target/test-dir/MiniOzoneClusterImpl-d3dddc0d-c158-44f0-ad9e-80fc57836fb1/datanode-1/data/ratis/bc1aa628-619d-401d-b51d-fdc4b371a35e: Starting segment from index:0
2019-08-20 15:29:32,241 [9bc9fff1-11e1-427b-a164-f7900332836f:group-FDC4B371A35E:LeaderElection33] INFO  impl.RaftServerImpl (ServerState.java:setRaftConf(361)) - 9bc9fff1-11e1-427b-a164-f7900332836f:group-FDC4B371A35E set configuration 0: [5cf37c60-ab16-4b46-8923-a2be97bd85ed:192.168.5.139:37767, 2d7c5efc-b074-4fc9-b95b-682c27e862a3:192.168.5.139:35694, 9bc9fff1-11e1-427b-a164-f7900332836f:192.168.5.139:38309], old=null at 0
2019-08-20 15:29:32,242 [grpc-default-executor-0] INFO  impl.RaftServerImpl (ServerState.java:setLeader(263)) - 2d7c5efc-b074-4fc9-b95b-682c27e862a3:group-FDC4B371A35E change Leader from null to 9bc9fff1-11e1-427b-a164-f7900332836f at term 1 for appendEntries, leader elected after 1232ms
2019-08-20 15:29:32,242 [grpc-default-executor-4] INFO  impl.RaftServerImpl (ServerState.java:setLeader(263)) - 5cf37c60-ab16-4b46-8923-a2be97bd85ed:group-FDC4B371A35E change Leader from null to 9bc9fff1-11e1-427b-a164-f7900332836f at term 1 for appendEntries, leader elected after 1232ms
2019-08-20 15:29:32,243 [grpc-default-executor-0] INFO  impl.RaftServerImpl (ServerState.java:setRaftConf(361)) - 5cf37c60-ab16-4b46-8923-a2be97bd85ed:group-FDC4B371A35E set configuration 0: [5cf37c60-ab16-4b46-8923-a2be97bd85ed:192.168.5.139:37767, 2d7c5efc-b074-4fc9-b95b-682c27e862a3:192.168.5.139:35694, 9bc9fff1-11e1-427b-a164-f7900332836f:192.168.5.139:38309], old=null at 0
2019-08-20 15:29:32,243 [grpc-default-executor-4] INFO  impl.RaftServerImpl (ServerState.java:setRaftConf(361)) - 2d7c5efc-b074-4fc9-b95b-682c27e862a3:group-FDC4B371A35E set configuration 0: [5cf37c60-ab16-4b46-8923-a2be97bd85ed:192.168.5.139:37767, 2d7c5efc-b074-4fc9-b95b-682c27e862a3:192.168.5.139:35694, 9bc9fff1-11e1-427b-a164-f7900332836f:192.168.5.139:38309], old=null at 0
2019-08-20 15:29:32,243 [grpc-default-executor-0] INFO  segmented.SegmentedRaftLogWorker (SegmentedRaftLogWorker.java:startLogSegment(380)) - 5cf37c60-ab16-4b46-8923-a2be97bd85ed-SegmentedRaftLogWorker:Storage Directory /workdir/hadoop-ozone/integration-test/target/test-dir/MiniOzoneClusterImpl-d3dddc0d-c158-44f0-ad9e-80fc57836fb1/datanode-2/data/ratis/bc1aa628-619d-401d-b51d-fdc4b371a35e: Starting segment from index:0
2019-08-20 15:29:32,244 [grpc-default-executor-4] INFO  segmented.SegmentedRaftLogWorker (SegmentedRaftLogWorker.java:startLogSegment(380)) - 2d7c5efc-b074-4fc9-b95b-682c27e862a3-SegmentedRaftLogWorker:Storage Directory /workdir/hadoop-ozone/integration-test/target/test-dir/MiniOzoneClusterImpl-d3dddc0d-c158-44f0-ad9e-80fc57836fb1/datanode-0/data/ratis/bc1aa628-619d-401d-b51d-fdc4b371a35e: Starting segment from index:0
2019-08-20 15:29:32,269 [9bc9fff1-11e1-427b-a164-f7900332836f-SegmentedRaftLogWorker:Storage Directory /workdir/hadoop-ozone/integration-test/target/test-dir/MiniOzoneClusterImpl-d3dddc0d-c158-44f0-ad9e-80fc57836fb1/datanode-1/data/ratis/bc1aa628-619d-401d-b51d-fdc4b371a35e] INFO  segmented.SegmentedRaftLogWorker (SegmentedRaftLogWorker.java:execute(569)) - 9bc9fff1-11e1-427b-a164-f7900332836f-SegmentedRaftLogWorker:Storage Directory /workdir/hadoop-ozone/integration-test/target/test-dir/MiniOzoneClusterImpl-d3dddc0d-c158-44f0-ad9e-80fc57836fb1/datanode-1/data/ratis/bc1aa628-619d-401d-b51d-fdc4b371a35e: created new log segment /workdir/hadoop-ozone/integration-test/target/test-dir/MiniOzoneClusterImpl-d3dddc0d-c158-44f0-ad9e-80fc57836fb1/datanode-1/data/ratis/bc1aa628-619d-401d-b51d-fdc4b371a35e/current/log_inprogress_0
2019-08-20 15:29:32,271 [2d7c5efc-b074-4fc9-b95b-682c27e862a3-SegmentedRaftLogWorker:Storage Directory /workdir/hadoop-ozone/integration-test/target/test-dir/MiniOzoneClusterImpl-d3dddc0d-c158-44f0-ad9e-80fc57836fb1/datanode-0/data/ratis/bc1aa628-619d-401d-b51d-fdc4b371a35e] INFO  segmented.SegmentedRaftLogWorker (SegmentedRaftLogWorker.java:execute(569)) - 2d7c5efc-b074-4fc9-b95b-682c27e862a3-SegmentedRaftLogWorker:Storage Directory /workdir/hadoop-ozone/integration-test/target/test-dir/MiniOzoneClusterImpl-d3dddc0d-c158-44f0-ad9e-80fc57836fb1/datanode-0/data/ratis/bc1aa628-619d-401d-b51d-fdc4b371a35e: created new log segment /workdir/hadoop-ozone/integration-test/target/test-dir/MiniOzoneClusterImpl-d3dddc0d-c158-44f0-ad9e-80fc57836fb1/datanode-0/data/ratis/bc1aa628-619d-401d-b51d-fdc4b371a35e/current/log_inprogress_0
2019-08-20 15:29:32,288 [5cf37c60-ab16-4b46-8923-a2be97bd85ed-SegmentedRaftLogWorker:Storage Directory /workdir/hadoop-ozone/integration-test/target/test-dir/MiniOzoneClusterImpl-d3dddc0d-c158-44f0-ad9e-80fc57836fb1/datanode-2/data/ratis/bc1aa628-619d-401d-b51d-fdc4b371a35e] INFO  segmented.SegmentedRaftLogWorker (SegmentedRaftLogWorker.java:execute(569)) - 5cf37c60-ab16-4b46-8923-a2be97bd85ed-SegmentedRaftLogWorker:Storage Directory /workdir/hadoop-ozone/integration-test/target/test-dir/MiniOzoneClusterImpl-d3dddc0d-c158-44f0-ad9e-80fc57836fb1/datanode-2/data/ratis/bc1aa628-619d-401d-b51d-fdc4b371a35e: created new log segment /workdir/hadoop-ozone/integration-test/target/test-dir/MiniOzoneClusterImpl-d3dddc0d-c158-44f0-ad9e-80fc57836fb1/datanode-2/data/ratis/bc1aa628-619d-401d-b51d-fdc4b371a35e/current/log_inprogress_0
2019-08-20 15:29:32,326 [Thread-1511] INFO  impl.FollowerState (FollowerState.java:run(106)) - 2027f18d-61d0-44de-a18a-8f9fe8580b83:group-C6A002A9F9B5 changes to CANDIDATE, lastRpcTime:1034, electionTimeout:1034ms
2019-08-20 15:29:32,327 [Thread-1511] INFO  impl.RoleInfo (RoleInfo.java:shutdownFollowerState(121)) - 2027f18d-61d0-44de-a18a-8f9fe8580b83: shutdown FollowerState
2019-08-20 15:29:32,327 [Thread-1511] INFO  impl.RaftServerImpl (RaftServerImpl.java:setRole(171)) - 2027f18d-61d0-44de-a18a-8f9fe8580b83:group-C6A002A9F9B5 changes role from FOLLOWER to CANDIDATE at term 0 for changeToCandidate
2019-08-20 15:29:32,327 [Thread-1511] INFO  impl.RoleInfo (RoleInfo.java:updateAndGet(143)) - 2027f18d-61d0-44de-a18a-8f9fe8580b83: start LeaderElection
2019-08-20 15:29:32,343 [2027f18d-61d0-44de-a18a-8f9fe8580b83:group-C6A002A9F9B5:LeaderElection34] INFO  impl.LeaderElection (LeaderElection.java:askForVotes(181)) - 2027f18d-61d0-44de-a18a-8f9fe8580b83:group-C6A002A9F9B5:LeaderElection34: begin an election at term 1 for -1: [2027f18d-61d0-44de-a18a-8f9fe8580b83:192.168.5.139:44922], old=null
2019-08-20 15:29:32,343 [2027f18d-61d0-44de-a18a-8f9fe8580b83:group-C6A002A9F9B5:LeaderElection34] INFO  impl.RoleInfo (RoleInfo.java:shutdownLeaderElection(134)) - 2027f18d-61d0-44de-a18a-8f9fe8580b83: shutdown LeaderElection
2019-08-20 15:29:32,343 [2027f18d-61d0-44de-a18a-8f9fe8580b83:group-C6A002A9F9B5:LeaderElection34] INFO  impl.RaftServerImpl (RaftServerImpl.java:setRole(171)) - 2027f18d-61d0-44de-a18a-8f9fe8580b83:group-C6A002A9F9B5 changes role from CANDIDATE to LEADER at term 1 for changeToLeader
2019-08-20 15:29:32,343 [2027f18d-61d0-44de-a18a-8f9fe8580b83:group-C6A002A9F9B5:LeaderElection34] INFO  impl.RaftServerImpl (ServerState.java:setLeader(263)) - 2027f18d-61d0-44de-a18a-8f9fe8580b83:group-C6A002A9F9B5 change Leader from null to 2027f18d-61d0-44de-a18a-8f9fe8580b83 at term 1 for becomeLeader, leader elected after 1054ms
2019-08-20 15:29:32,343 [2027f18d-61d0-44de-a18a-8f9fe8580b83:group-C6A002A9F9B5:LeaderElection34] INFO  server.RaftServerConfigKeys (ConfUtils.java:logGet(43)) - raft.server.staging.catchup.gap = 1000 (default)
2019-08-20 15:29:32,343 [2027f18d-61d0-44de-a18a-8f9fe8580b83:group-C6A002A9F9B5:LeaderElection34] INFO  server.RaftServerConfigKeys (ConfUtils.java:logGet(43)) - raft.server.rpc.sleep.time = 25ms (default)
2019-08-20 15:29:32,343 [2027f18d-61d0-44de-a18a-8f9fe8580b83:group-C6A002A9F9B5:LeaderElection34] INFO  server.RaftServerConfigKeys (ConfUtils.java:logGet(43)) - raft.server.write.element-limit = 4096 (default)
2019-08-20 15:29:32,344 [2027f18d-61d0-44de-a18a-8f9fe8580b83:group-C6A002A9F9B5:LeaderElection34] INFO  server.RaftServerConfigKeys (ConfUtils.java:logGet(43)) - raft.server.watch.timeout = 10s (default)
2019-08-20 15:29:32,344 [2027f18d-61d0-44de-a18a-8f9fe8580b83:group-C6A002A9F9B5:LeaderElection34] INFO  server.RaftServerConfigKeys (ConfUtils.java:logGet(43)) - raft.server.watch.timeout.denomination = 1s (default)
2019-08-20 15:29:32,344 [2027f18d-61d0-44de-a18a-8f9fe8580b83:group-C6A002A9F9B5:LeaderElection34] INFO  server.RaftServerConfigKeys (ConfUtils.java:logGet(43)) - raft.server.watch.element-limit = 65536 (default)
2019-08-20 15:29:32,344 [2027f18d-61d0-44de-a18a-8f9fe8580b83:group-C6A002A9F9B5:LeaderElection34] INFO  impl.RoleInfo (RoleInfo.java:updateAndGet(143)) - 2027f18d-61d0-44de-a18a-8f9fe8580b83: start LeaderState
2019-08-20 15:29:32,344 [2027f18d-61d0-44de-a18a-8f9fe8580b83:group-C6A002A9F9B5:LeaderElection34] INFO  segmented.SegmentedRaftLogWorker (SegmentedRaftLogWorker.java:startLogSegment(380)) - 2027f18d-61d0-44de-a18a-8f9fe8580b83-SegmentedRaftLogWorker:Storage Directory /workdir/hadoop-ozone/integration-test/target/test-dir/MiniOzoneClusterImpl-d3dddc0d-c158-44f0-ad9e-80fc57836fb1/datanode-4/data/ratis/9965ddba-6bd6-4224-9602-c6a002a9f9b5: Starting segment from index:0
2019-08-20 15:29:32,344 [2027f18d-61d0-44de-a18a-8f9fe8580b83:group-C6A002A9F9B5:LeaderElection34] INFO  impl.RaftServerImpl (ServerState.java:setRaftConf(361)) - 2027f18d-61d0-44de-a18a-8f9fe8580b83:group-C6A002A9F9B5 set configuration 0: [2027f18d-61d0-44de-a18a-8f9fe8580b83:192.168.5.139:44922], old=null at 0
2019-08-20 15:29:32,386 [2027f18d-61d0-44de-a18a-8f9fe8580b83-SegmentedRaftLogWorker:Storage Directory /workdir/hadoop-ozone/integration-test/target/test-dir/MiniOzoneClusterImpl-d3dddc0d-c158-44f0-ad9e-80fc57836fb1/datanode-4/data/ratis/9965ddba-6bd6-4224-9602-c6a002a9f9b5] INFO  segmented.SegmentedRaftLogWorker (SegmentedRaftLogWorker.java:execute(569)) - 2027f18d-61d0-44de-a18a-8f9fe8580b83-SegmentedRaftLogWorker:Storage Directory /workdir/hadoop-ozone/integration-test/target/test-dir/MiniOzoneClusterImpl-d3dddc0d-c158-44f0-ad9e-80fc57836fb1/datanode-4/data/ratis/9965ddba-6bd6-4224-9602-c6a002a9f9b5: created new log segment /workdir/hadoop-ozone/integration-test/target/test-dir/MiniOzoneClusterImpl-d3dddc0d-c158-44f0-ad9e-80fc57836fb1/datanode-4/data/ratis/9965ddba-6bd6-4224-9602-c6a002a9f9b5/current/log_inprogress_0
2019-08-20 15:29:32,452 [main] INFO  ozone.MiniOzoneClusterImpl (MiniOzoneClusterImpl.java:lambda$waitForClusterToBeReady$0(142)) - Cluster is ready. Got 6 of 6 DN Heartbeats.
2019-08-20 15:29:32,481 [main] INFO  rpc.RpcClient (RpcClient.java:createVolume(292)) - Creating Volume: datanodefailurehandlingtest, with jenkins1000 as owner.
2019-08-20 15:29:32,483 | INFO  | OMAudit | user=jenkins1000 | ip=127.0.0.1 | op=CREATE_VOLUME {admin=jenkins1000, owner=jenkins1000, volume=datanodefailurehandlingtest, creationTime=1566314972483, quotaInBytes=1152921504606846976} | ret=SUCCESS |  
2019-08-20 15:29:32,492 | INFO  | OMAudit | user=jenkins1000 | ip=127.0.0.1 | op=READ_VOLUME {volume=datanodefailurehandlingtest} | ret=SUCCESS |  
2019-08-20 15:29:32,493 [main] INFO  rpc.RpcClient (RpcClient.java:createBucket(431)) - Creating Bucket: datanodefailurehandlingtest/datanodefailurehandlingtest, with Versioning false and Storage Type set to DISK and Encryption set to false 
2019-08-20 15:29:32,496 | INFO  | OMAudit | user=jenkins1000 | ip=127.0.0.1 | op=CREATE_BUCKET {volume=datanodefailurehandlingtest, bucket=datanodefailurehandlingtest, acls=[user:jenkins1000:a[ACCESS], group:default:a[ACCESS]], isVersionEnabled=false, storageType=DISK, creationTime=0} | ret=SUCCESS |  
2019-08-20 15:29:32,498 | INFO  | OMAudit | user=jenkins1000 | ip=127.0.0.1 | op=READ_VOLUME {volume=datanodefailurehandlingtest} | ret=SUCCESS |  
2019-08-20 15:29:32,500 | INFO  | OMAudit | user=jenkins1000 | ip=127.0.0.1 | op=READ_BUCKET {volume=datanodefailurehandlingtest, bucket=datanodefailurehandlingtest} | ret=SUCCESS |  
2019-08-20 15:29:32,503 | INFO  | SCMAudit | user=jenkins1000 | ip=192.168.5.139 | op=ALLOCATE_BLOCK {owner=a24abb8d-4a0f-4067-9d75-faeb9cda1850, size=4194304, type=RATIS, factor=THREE} | ret=SUCCESS |  
2019-08-20 15:29:32,506 | INFO  | OMAudit | user=jenkins1000 | ip=127.0.0.1 | op=ALLOCATE_KEY {volume=datanodefailurehandlingtest, bucket=datanodefailurehandlingtest, key=ratis3, dataSize=0, replicationType=RATIS, replicationFactor=THREE, keyLocationInfo=null} | ret=SUCCESS |  
2019-08-20 15:29:32,506 [Thread-1514] INFO  impl.FollowerState (FollowerState.java:run(106)) - c96ba33e-ed49-489d-8101-2a883ad7391b:group-D84C984DD537 changes to CANDIDATE, lastRpcTime:1000, electionTimeout:1000ms
2019-08-20 15:29:32,506 [Thread-1514] INFO  impl.RoleInfo (RoleInfo.java:shutdownFollowerState(121)) - c96ba33e-ed49-489d-8101-2a883ad7391b: shutdown FollowerState
2019-08-20 15:29:32,507 [Thread-1514] INFO  impl.RaftServerImpl (RaftServerImpl.java:setRole(171)) - c96ba33e-ed49-489d-8101-2a883ad7391b:group-D84C984DD537 changes role from FOLLOWER to CANDIDATE at term 0 for changeToCandidate
2019-08-20 15:29:32,507 [Thread-1514] INFO  impl.RoleInfo (RoleInfo.java:updateAndGet(143)) - c96ba33e-ed49-489d-8101-2a883ad7391b: start LeaderElection
2019-08-20 15:29:32,524 [c96ba33e-ed49-489d-8101-2a883ad7391b:group-D84C984DD537:LeaderElection35] INFO  impl.LeaderElection (LeaderElection.java:askForVotes(181)) - c96ba33e-ed49-489d-8101-2a883ad7391b:group-D84C984DD537:LeaderElection35: begin an election at term 1 for -1: [c96ba33e-ed49-489d-8101-2a883ad7391b:192.168.5.139:46601], old=null
2019-08-20 15:29:32,525 [c96ba33e-ed49-489d-8101-2a883ad7391b:group-D84C984DD537:LeaderElection35] INFO  impl.RoleInfo (RoleInfo.java:shutdownLeaderElection(134)) - c96ba33e-ed49-489d-8101-2a883ad7391b: shutdown LeaderElection
2019-08-20 15:29:32,525 [c96ba33e-ed49-489d-8101-2a883ad7391b:group-D84C984DD537:LeaderElection35] INFO  impl.RaftServerImpl (RaftServerImpl.java:setRole(171)) - c96ba33e-ed49-489d-8101-2a883ad7391b:group-D84C984DD537 changes role from CANDIDATE to LEADER at term 1 for changeToLeader
2019-08-20 15:29:32,525 [c96ba33e-ed49-489d-8101-2a883ad7391b:group-D84C984DD537:LeaderElection35] INFO  impl.RaftServerImpl (ServerState.java:setLeader(263)) - c96ba33e-ed49-489d-8101-2a883ad7391b:group-D84C984DD537 change Leader from null to c96ba33e-ed49-489d-8101-2a883ad7391b at term 1 for becomeLeader, leader elected after 1022ms
2019-08-20 15:29:32,525 [c96ba33e-ed49-489d-8101-2a883ad7391b:group-D84C984DD537:LeaderElection35] INFO  server.RaftServerConfigKeys (ConfUtils.java:logGet(43)) - raft.server.staging.catchup.gap = 1000 (default)
2019-08-20 15:29:32,525 [c96ba33e-ed49-489d-8101-2a883ad7391b:group-D84C984DD537:LeaderElection35] INFO  server.RaftServerConfigKeys (ConfUtils.java:logGet(43)) - raft.server.rpc.sleep.time = 25ms (default)
2019-08-20 15:29:32,525 [c96ba33e-ed49-489d-8101-2a883ad7391b:group-D84C984DD537:LeaderElection35] INFO  server.RaftServerConfigKeys (ConfUtils.java:logGet(43)) - raft.server.write.element-limit = 4096 (default)
2019-08-20 15:29:32,525 [c96ba33e-ed49-489d-8101-2a883ad7391b:group-D84C984DD537:LeaderElection35] INFO  server.RaftServerConfigKeys (ConfUtils.java:logGet(43)) - raft.server.watch.timeout = 10s (default)
2019-08-20 15:29:32,525 [c96ba33e-ed49-489d-8101-2a883ad7391b:group-D84C984DD537:LeaderElection35] INFO  server.RaftServerConfigKeys (ConfUtils.java:logGet(43)) - raft.server.watch.timeout.denomination = 1s (default)
2019-08-20 15:29:32,526 [c96ba33e-ed49-489d-8101-2a883ad7391b:group-D84C984DD537:LeaderElection35] INFO  server.RaftServerConfigKeys (ConfUtils.java:logGet(43)) - raft.server.watch.element-limit = 65536 (default)
2019-08-20 15:29:32,526 [c96ba33e-ed49-489d-8101-2a883ad7391b:group-D84C984DD537:LeaderElection35] INFO  impl.RoleInfo (RoleInfo.java:updateAndGet(143)) - c96ba33e-ed49-489d-8101-2a883ad7391b: start LeaderState
2019-08-20 15:29:32,526 [c96ba33e-ed49-489d-8101-2a883ad7391b:group-D84C984DD537:LeaderElection35] INFO  segmented.SegmentedRaftLogWorker (SegmentedRaftLogWorker.java:startLogSegment(380)) - c96ba33e-ed49-489d-8101-2a883ad7391b-SegmentedRaftLogWorker:Storage Directory /workdir/hadoop-ozone/integration-test/target/test-dir/MiniOzoneClusterImpl-d3dddc0d-c158-44f0-ad9e-80fc57836fb1/datanode-5/data/ratis/9d2267e7-18e2-47a5-b73f-d84c984dd537: Starting segment from index:0
2019-08-20 15:29:32,526 [c96ba33e-ed49-489d-8101-2a883ad7391b:group-D84C984DD537:LeaderElection35] INFO  impl.RaftServerImpl (ServerState.java:setRaftConf(361)) - c96ba33e-ed49-489d-8101-2a883ad7391b:group-D84C984DD537 set configuration 0: [c96ba33e-ed49-489d-8101-2a883ad7391b:192.168.5.139:46601], old=null at 0
2019-08-20 15:29:32,561 [c96ba33e-ed49-489d-8101-2a883ad7391b-SegmentedRaftLogWorker:Storage Directory /workdir/hadoop-ozone/integration-test/target/test-dir/MiniOzoneClusterImpl-d3dddc0d-c158-44f0-ad9e-80fc57836fb1/datanode-5/data/ratis/9d2267e7-18e2-47a5-b73f-d84c984dd537] INFO  segmented.SegmentedRaftLogWorker (SegmentedRaftLogWorker.java:execute(569)) - c96ba33e-ed49-489d-8101-2a883ad7391b-SegmentedRaftLogWorker:Storage Directory /workdir/hadoop-ozone/integration-test/target/test-dir/MiniOzoneClusterImpl-d3dddc0d-c158-44f0-ad9e-80fc57836fb1/datanode-5/data/ratis/9d2267e7-18e2-47a5-b73f-d84c984dd537: created new log segment /workdir/hadoop-ozone/integration-test/target/test-dir/MiniOzoneClusterImpl-d3dddc0d-c158-44f0-ad9e-80fc57836fb1/datanode-5/data/ratis/9d2267e7-18e2-47a5-b73f-d84c984dd537/current/log_inprogress_0
2019-08-20 15:29:32,573 | INFO  | SCMAudit | user=jenkins1000 | ip=192.168.5.139 | op=SEND_HEARTBEAT {datanodeUUID=2d7c5efc-b074-4fc9-b95b-682c27e862a3, command=[]} | ret=SUCCESS |  
2019-08-20 15:29:32,581 [Thread-1521] INFO  impl.FollowerState (FollowerState.java:run(106)) - c96ba33e-ed49-489d-8101-2a883ad7391b:group-2583FFA27FA9 changes to CANDIDATE, lastRpcTime:1019, electionTimeout:1019ms
2019-08-20 15:29:32,581 [Thread-1521] INFO  impl.RoleInfo (RoleInfo.java:shutdownFollowerState(121)) - c96ba33e-ed49-489d-8101-2a883ad7391b: shutdown FollowerState
2019-08-20 15:29:32,581 [Thread-1521] INFO  impl.RaftServerImpl (RaftServerImpl.java:setRole(171)) - c96ba33e-ed49-489d-8101-2a883ad7391b:group-2583FFA27FA9 changes role from FOLLOWER to CANDIDATE at term 0 for changeToCandidate
2019-08-20 15:29:32,581 [Thread-1521] INFO  impl.RoleInfo (RoleInfo.java:updateAndGet(143)) - c96ba33e-ed49-489d-8101-2a883ad7391b: start LeaderElection
2019-08-20 15:29:32,587 [Thread-1517] INFO  impl.FollowerState (FollowerState.java:run(106)) - 2027f18d-61d0-44de-a18a-8f9fe8580b83:group-2583FFA27FA9 changes to CANDIDATE, lastRpcTime:1028, electionTimeout:1022ms
2019-08-20 15:29:32,587 [Thread-1517] INFO  impl.RoleInfo (RoleInfo.java:shutdownFollowerState(121)) - 2027f18d-61d0-44de-a18a-8f9fe8580b83: shutdown FollowerState
2019-08-20 15:29:32,588 [Thread-1517] INFO  impl.RaftServerImpl (RaftServerImpl.java:setRole(171)) - 2027f18d-61d0-44de-a18a-8f9fe8580b83:group-2583FFA27FA9 changes role from FOLLOWER to CANDIDATE at term 0 for changeToCandidate
2019-08-20 15:29:32,588 [Thread-1517] INFO  impl.RoleInfo (RoleInfo.java:updateAndGet(143)) - 2027f18d-61d0-44de-a18a-8f9fe8580b83: start LeaderElection
2019-08-20 15:29:32,659 [Thread-1522] INFO  impl.FollowerState (FollowerState.java:run(106)) - b8771e3f-612a-4e3a-af1f-a8b98b915a10:group-2583FFA27FA9 changes to CANDIDATE, lastRpcTime:1097, electionTimeout:1054ms
2019-08-20 15:29:32,665 [Thread-1522] INFO  impl.RoleInfo (RoleInfo.java:shutdownFollowerState(121)) - b8771e3f-612a-4e3a-af1f-a8b98b915a10: shutdown FollowerState
2019-08-20 15:29:32,665 [Thread-1522] INFO  impl.RaftServerImpl (RaftServerImpl.java:setRole(171)) - b8771e3f-612a-4e3a-af1f-a8b98b915a10:group-2583FFA27FA9 changes role from FOLLOWER to CANDIDATE at term 0 for changeToCandidate
2019-08-20 15:29:32,666 [Thread-1522] INFO  impl.RoleInfo (RoleInfo.java:updateAndGet(143)) - b8771e3f-612a-4e3a-af1f-a8b98b915a10: start LeaderElection
2019-08-20 15:29:32,670 [2027f18d-61d0-44de-a18a-8f9fe8580b83:group-2583FFA27FA9:LeaderElection37] INFO  impl.LeaderElection (LeaderElection.java:askForVotes(181)) - 2027f18d-61d0-44de-a18a-8f9fe8580b83:group-2583FFA27FA9:LeaderElection37: begin an election at term 1 for -1: [c96ba33e-ed49-489d-8101-2a883ad7391b:192.168.5.139:46601, b8771e3f-612a-4e3a-af1f-a8b98b915a10:192.168.5.139:33664, 2027f18d-61d0-44de-a18a-8f9fe8580b83:192.168.5.139:44922], old=null
2019-08-20 15:29:32,670 [c96ba33e-ed49-489d-8101-2a883ad7391b:group-2583FFA27FA9:LeaderElection36] INFO  impl.LeaderElection (LeaderElection.java:askForVotes(181)) - c96ba33e-ed49-489d-8101-2a883ad7391b:group-2583FFA27FA9:LeaderElection36: begin an election at term 1 for -1: [c96ba33e-ed49-489d-8101-2a883ad7391b:192.168.5.139:46601, b8771e3f-612a-4e3a-af1f-a8b98b915a10:192.168.5.139:33664, 2027f18d-61d0-44de-a18a-8f9fe8580b83:192.168.5.139:44922], old=null
2019-08-20 15:29:32,683 [b8771e3f-612a-4e3a-af1f-a8b98b915a10:group-2583FFA27FA9:LeaderElection38] INFO  impl.LeaderElection (LeaderElection.java:askForVotes(181)) - b8771e3f-612a-4e3a-af1f-a8b98b915a10:group-2583FFA27FA9:LeaderElection38: begin an election at term 1 for -1: [c96ba33e-ed49-489d-8101-2a883ad7391b:192.168.5.139:46601, b8771e3f-612a-4e3a-af1f-a8b98b915a10:192.168.5.139:33664, 2027f18d-61d0-44de-a18a-8f9fe8580b83:192.168.5.139:44922], old=null
2019-08-20 15:29:32,731 [2027f18d-61d0-44de-a18a-8f9fe8580b83:group-2583FFA27FA9:LeaderElection37] INFO  impl.LeaderElection (LeaderElection.java:logAndReturn(56)) - 2027f18d-61d0-44de-a18a-8f9fe8580b83:group-2583FFA27FA9:LeaderElection37: Election REJECTED; received 2 response(s) [2027f18d-61d0-44de-a18a-8f9fe8580b83<-b8771e3f-612a-4e3a-af1f-a8b98b915a10#0:FAIL-t1, 2027f18d-61d0-44de-a18a-8f9fe8580b83<-c96ba33e-ed49-489d-8101-2a883ad7391b#0:FAIL-t1] and 0 exception(s); 2027f18d-61d0-44de-a18a-8f9fe8580b83:t1, leader=null, voted=2027f18d-61d0-44de-a18a-8f9fe8580b83, raftlog=2027f18d-61d0-44de-a18a-8f9fe8580b83-SegmentedRaftLog:OPENED:c-1,f-1,i0, conf=-1: [c96ba33e-ed49-489d-8101-2a883ad7391b:192.168.5.139:46601, b8771e3f-612a-4e3a-af1f-a8b98b915a10:192.168.5.139:33664, 2027f18d-61d0-44de-a18a-8f9fe8580b83:192.168.5.139:44922], old=null
2019-08-20 15:29:32,731 [2027f18d-61d0-44de-a18a-8f9fe8580b83:group-2583FFA27FA9:LeaderElection37] INFO  impl.RaftServerImpl (RaftServerImpl.java:setRole(171)) - 2027f18d-61d0-44de-a18a-8f9fe8580b83:group-2583FFA27FA9 changes role from CANDIDATE to FOLLOWER at term 1 for DISCOVERED_A_NEW_TERM
2019-08-20 15:29:32,731 [c96ba33e-ed49-489d-8101-2a883ad7391b:group-2583FFA27FA9:LeaderElection36] INFO  impl.LeaderElection (LeaderElection.java:logAndReturn(56)) - c96ba33e-ed49-489d-8101-2a883ad7391b:group-2583FFA27FA9:LeaderElection36: Election REJECTED; received 2 response(s) [c96ba33e-ed49-489d-8101-2a883ad7391b<-b8771e3f-612a-4e3a-af1f-a8b98b915a10#0:FAIL-t1, c96ba33e-ed49-489d-8101-2a883ad7391b<-2027f18d-61d0-44de-a18a-8f9fe8580b83#0:FAIL-t1] and 0 exception(s); c96ba33e-ed49-489d-8101-2a883ad7391b:t1, leader=null, voted=c96ba33e-ed49-489d-8101-2a883ad7391b, raftlog=c96ba33e-ed49-489d-8101-2a883ad7391b-SegmentedRaftLog:OPENED:c-1,f-1,i0, conf=-1: [c96ba33e-ed49-489d-8101-2a883ad7391b:192.168.5.139:46601, b8771e3f-612a-4e3a-af1f-a8b98b915a10:192.168.5.139:33664, 2027f18d-61d0-44de-a18a-8f9fe8580b83:192.168.5.139:44922], old=null
2019-08-20 15:29:32,731 [2027f18d-61d0-44de-a18a-8f9fe8580b83:group-2583FFA27FA9:LeaderElection37] INFO  impl.RoleInfo (RoleInfo.java:shutdownLeaderElection(134)) - 2027f18d-61d0-44de-a18a-8f9fe8580b83: shutdown LeaderElection
2019-08-20 15:29:32,732 [c96ba33e-ed49-489d-8101-2a883ad7391b:group-2583FFA27FA9:LeaderElection36] INFO  impl.RaftServerImpl (RaftServerImpl.java:setRole(171)) - c96ba33e-ed49-489d-8101-2a883ad7391b:group-2583FFA27FA9 changes role from CANDIDATE to FOLLOWER at term 1 for DISCOVERED_A_NEW_TERM
2019-08-20 15:29:32,732 [2027f18d-61d0-44de-a18a-8f9fe8580b83:group-2583FFA27FA9:LeaderElection37] INFO  impl.RoleInfo (RoleInfo.java:updateAndGet(143)) - 2027f18d-61d0-44de-a18a-8f9fe8580b83: start FollowerState
2019-08-20 15:29:32,732 [c96ba33e-ed49-489d-8101-2a883ad7391b:group-2583FFA27FA9:LeaderElection36] INFO  impl.RoleInfo (RoleInfo.java:shutdownLeaderElection(134)) - c96ba33e-ed49-489d-8101-2a883ad7391b: shutdown LeaderElection
2019-08-20 15:29:32,732 [c96ba33e-ed49-489d-8101-2a883ad7391b:group-2583FFA27FA9:LeaderElection36] INFO  impl.RoleInfo (RoleInfo.java:updateAndGet(143)) - c96ba33e-ed49-489d-8101-2a883ad7391b: start FollowerState
2019-08-20 15:29:32,733 [b8771e3f-612a-4e3a-af1f-a8b98b915a10:group-2583FFA27FA9:LeaderElection38] INFO  impl.LeaderElection (LeaderElection.java:logAndReturn(56)) - b8771e3f-612a-4e3a-af1f-a8b98b915a10:group-2583FFA27FA9:LeaderElection38: Election REJECTED; received 2 response(s) [b8771e3f-612a-4e3a-af1f-a8b98b915a10<-c96ba33e-ed49-489d-8101-2a883ad7391b#0:FAIL-t1, b8771e3f-612a-4e3a-af1f-a8b98b915a10<-2027f18d-61d0-44de-a18a-8f9fe8580b83#0:FAIL-t1] and 0 exception(s); b8771e3f-612a-4e3a-af1f-a8b98b915a10:t1, leader=null, voted=b8771e3f-612a-4e3a-af1f-a8b98b915a10, raftlog=b8771e3f-612a-4e3a-af1f-a8b98b915a10-SegmentedRaftLog:OPENED:c-1,f-1,i0, conf=-1: [c96ba33e-ed49-489d-8101-2a883ad7391b:192.168.5.139:46601, b8771e3f-612a-4e3a-af1f-a8b98b915a10:192.168.5.139:33664, 2027f18d-61d0-44de-a18a-8f9fe8580b83:192.168.5.139:44922], old=null
2019-08-20 15:29:32,733 [b8771e3f-612a-4e3a-af1f-a8b98b915a10:group-2583FFA27FA9:LeaderElection38] INFO  impl.RaftServerImpl (RaftServerImpl.java:setRole(171)) - b8771e3f-612a-4e3a-af1f-a8b98b915a10:group-2583FFA27FA9 changes role from CANDIDATE to FOLLOWER at term 1 for DISCOVERED_A_NEW_TERM
2019-08-20 15:29:32,733 [b8771e3f-612a-4e3a-af1f-a8b98b915a10:group-2583FFA27FA9:LeaderElection38] INFO  impl.RoleInfo (RoleInfo.java:shutdownLeaderElection(134)) - b8771e3f-612a-4e3a-af1f-a8b98b915a10: shutdown LeaderElection
2019-08-20 15:29:32,735 [b8771e3f-612a-4e3a-af1f-a8b98b915a10:group-2583FFA27FA9:LeaderElection38] INFO  impl.RoleInfo (RoleInfo.java:updateAndGet(143)) - b8771e3f-612a-4e3a-af1f-a8b98b915a10: start FollowerState
2019-08-20 15:29:32,748 [grpc-default-executor-1] INFO  client.GrpcClientProtocolClient (GrpcClientProtocolClient.java:onNext(255)) - client-B1A1BA6C8B3D->2d7c5efc-b074-4fc9-b95b-682c27e862a3: receive RaftClientReply:client-B1A1BA6C8B3D->2d7c5efc-b074-4fc9-b95b-682c27e862a3@group-FDC4B371A35E, cid=85, FAILED org.apache.ratis.protocol.NotLeaderException: Server 2d7c5efc-b074-4fc9-b95b-682c27e862a3 is not the leader (9bc9fff1-11e1-427b-a164-f7900332836f:192.168.5.139:38309). Request must be sent to leader., logIndex=0, commits[2d7c5efc-b074-4fc9-b95b-682c27e862a3:c-1, 5cf37c60-ab16-4b46-8923-a2be97bd85ed:c-1, 9bc9fff1-11e1-427b-a164-f7900332836f:c-1]
2019-08-20 15:29:32,764 | INFO  | SCMAudit | user=jenkins1000 | ip=192.168.5.139 | op=SEND_HEARTBEAT {datanodeUUID=9bc9fff1-11e1-427b-a164-f7900332836f, command=[]} | ret=SUCCESS |  
2019-08-20 15:29:32,850 | INFO  | SCMAudit | user=jenkins1000 | ip=192.168.5.139 | op=SEND_HEARTBEAT {datanodeUUID=5cf37c60-ab16-4b46-8923-a2be97bd85ed, command=[]} | ret=SUCCESS |  
2019-08-20 15:29:32,850 | INFO  | SCMAudit | user=jenkins1000 | ip=192.168.5.139 | op=SEND_HEARTBEAT {datanodeUUID=9bc9fff1-11e1-427b-a164-f7900332836f, command=[]} | ret=SUCCESS |  
2019-08-20 15:29:32,850 | INFO  | SCMAudit | user=jenkins1000 | ip=192.168.5.139 | op=SEND_HEARTBEAT {datanodeUUID=2d7c5efc-b074-4fc9-b95b-682c27e862a3, command=[]} | ret=SUCCESS |  
2019-08-20 15:29:32,855 | INFO  | DNAudit | user=null | ip=null | op=WRITE_CHUNK {blockData=conID: 1 locID: 102650018037956616 bcsId: 0} | ret=SUCCESS |  
2019-08-20 15:29:32,855 | INFO  | DNAudit | user=null | ip=null | op=WRITE_CHUNK {blockData=conID: 1 locID: 102650018037956616 bcsId: 0} | ret=SUCCESS |  
2019-08-20 15:29:32,855 | INFO  | DNAudit | user=null | ip=null | op=WRITE_CHUNK {blockData=conID: 1 locID: 102650018037956616 bcsId: 0} | ret=SUCCESS |  
2019-08-20 15:29:32,863 | INFO  | DNAudit | user=null | ip=null | op=WRITE_CHUNK {blockData=conID: 1 locID: 102650018037956616 bcsId: 0} | ret=SUCCESS |  
2019-08-20 15:29:32,869 | INFO  | DNAudit | user=null | ip=null | op=WRITE_CHUNK {blockData=conID: 1 locID: 102650018037956616 bcsId: 0} | ret=SUCCESS |  
2019-08-20 15:29:32,869 [grpc-default-executor-4] INFO  client.GrpcClientProtocolClient (GrpcClientProtocolClient.java:onNext(255)) - client-B1A1BA6C8B3D->9bc9fff1-11e1-427b-a164-f7900332836f: receive RaftClientReply:client-B1A1BA6C8B3D->9bc9fff1-11e1-427b-a164-f7900332836f@group-FDC4B371A35E, cid=85, SUCCESS, logIndex=1, commits[9bc9fff1-11e1-427b-a164-f7900332836f:c1, 5cf37c60-ab16-4b46-8923-a2be97bd85ed:c0, 2d7c5efc-b074-4fc9-b95b-682c27e862a3:c0]
2019-08-20 15:29:32,869 | INFO  | DNAudit | user=null | ip=null | op=WRITE_CHUNK {blockData=conID: 1 locID: 102650018037956616 bcsId: 0} | ret=SUCCESS |  
2019-08-20 15:29:32,884 | INFO  | DNAudit | user=null | ip=null | op=WRITE_CHUNK {blockData=conID: 1 locID: 102650018037956616 bcsId: 0} | ret=SUCCESS |  
2019-08-20 15:29:32,891 | INFO  | DNAudit | user=null | ip=null | op=WRITE_CHUNK {blockData=conID: 1 locID: 102650018037956616 bcsId: 0} | ret=SUCCESS |  
2019-08-20 15:29:32,892 | INFO  | DNAudit | user=null | ip=null | op=WRITE_CHUNK {blockData=conID: 1 locID: 102650018037956616 bcsId: 0} | ret=SUCCESS |  
2019-08-20 15:29:32,938 | INFO  | DNAudit | user=null | ip=null | op=PUT_BLOCK {blockData=[blockId=conID: 1 locID: 102650018037956616 bcsId: 0,size=1048576]} | ret=SUCCESS |  
2019-08-20 15:29:32,942 | INFO  | DNAudit | user=null | ip=null | op=WRITE_CHUNK {blockData=conID: 1 locID: 102650018037956616 bcsId: 0} | ret=SUCCESS |  
2019-08-20 15:29:32,942 [grpc-default-executor-4] INFO  client.GrpcClientProtocolClient (GrpcClientProtocolClient.java:onNext(255)) - client-B1A1BA6C8B3D->9bc9fff1-11e1-427b-a164-f7900332836f: receive RaftClientReply:client-B1A1BA6C8B3D->9bc9fff1-11e1-427b-a164-f7900332836f@group-FDC4B371A35E, cid=86, SUCCESS, logIndex=3, commits[9bc9fff1-11e1-427b-a164-f7900332836f:c8, 5cf37c60-ab16-4b46-8923-a2be97bd85ed:c6, 2d7c5efc-b074-4fc9-b95b-682c27e862a3:c6]
2019-08-20 15:29:32,943 [grpc-default-executor-4] INFO  client.GrpcClientProtocolClient (GrpcClientProtocolClient.java:onNext(255)) - client-B1A1BA6C8B3D->9bc9fff1-11e1-427b-a164-f7900332836f: receive RaftClientReply:client-B1A1BA6C8B3D->9bc9fff1-11e1-427b-a164-f7900332836f@group-FDC4B371A35E, cid=87, SUCCESS, logIndex=5, commits[9bc9fff1-11e1-427b-a164-f7900332836f:c8, 5cf37c60-ab16-4b46-8923-a2be97bd85ed:c6, 2d7c5efc-b074-4fc9-b95b-682c27e862a3:c6]
2019-08-20 15:29:33,010 | INFO  | DNAudit | user=null | ip=null | op=PUT_BLOCK {blockData=[blockId=conID: 1 locID: 102650018037956616 bcsId: 0,size=1048576]} | ret=SUCCESS |  
2019-08-20 15:29:33,011 | INFO  | DNAudit | user=null | ip=null | op=WRITE_CHUNK {blockData=conID: 1 locID: 102650018037956616 bcsId: 0} | ret=SUCCESS |  
2019-08-20 15:29:33,053 | INFO  | DNAudit | user=null | ip=null | op=PUT_BLOCK {blockData=[blockId=conID: 1 locID: 102650018037956616 bcsId: 0,size=1048576]} | ret=SUCCESS |  
2019-08-20 15:29:33,053 | INFO  | DNAudit | user=null | ip=null | op=PUT_BLOCK {blockData=[blockId=conID: 1 locID: 102650018037956616 bcsId: 0,size=2097152]} | ret=SUCCESS |  
2019-08-20 15:29:33,050 | INFO  | DNAudit | user=null | ip=null | op=PUT_BLOCK {blockData=[blockId=conID: 1 locID: 102650018037956616 bcsId: 0,size=2097152]} | ret=SUCCESS |  
2019-08-20 15:29:33,053 | INFO  | DNAudit | user=null | ip=null | op=WRITE_CHUNK {blockData=conID: 1 locID: 102650018037956616 bcsId: 0} | ret=SUCCESS |  
2019-08-20 15:29:33,054 | INFO  | DNAudit | user=null | ip=null | op=PUT_BLOCK {blockData=[blockId=conID: 1 locID: 102650018037956616 bcsId: 0,size=2097152]} | ret=SUCCESS |  
2019-08-20 15:29:33,054 [grpc-default-executor-4] INFO  client.GrpcClientProtocolClient (GrpcClientProtocolClient.java:onNext(255)) - client-B1A1BA6C8B3D->9bc9fff1-11e1-427b-a164-f7900332836f: receive RaftClientReply:client-B1A1BA6C8B3D->9bc9fff1-11e1-427b-a164-f7900332836f@group-FDC4B371A35E, cid=88, SUCCESS, logIndex=6, commits[9bc9fff1-11e1-427b-a164-f7900332836f:c8, 5cf37c60-ab16-4b46-8923-a2be97bd85ed:c6, 2d7c5efc-b074-4fc9-b95b-682c27e862a3:c6]
2019-08-20 15:29:33,068 | INFO  | DNAudit | user=null | ip=null | op=WRITE_CHUNK {blockData=conID: 1 locID: 102650018037956616 bcsId: 6} | ret=SUCCESS |  
2019-08-20 15:29:33,071 | INFO  | DNAudit | user=null | ip=null | op=WRITE_CHUNK {blockData=conID: 1 locID: 102650018037956616 bcsId: 6} | ret=SUCCESS |  
2019-08-20 15:29:33,073 | INFO  | DNAudit | user=null | ip=null | op=WRITE_CHUNK {blockData=conID: 1 locID: 102650018037956616 bcsId: 6} | ret=SUCCESS |  
2019-08-20 15:29:33,074 | INFO  | DNAudit | user=null | ip=null | op=WRITE_CHUNK {blockData=conID: 1 locID: 102650018037956616 bcsId: 6} | ret=SUCCESS |  
2019-08-20 15:29:33,075 | INFO  | DNAudit | user=null | ip=null | op=WRITE_CHUNK {blockData=conID: 1 locID: 102650018037956616 bcsId: 6} | ret=SUCCESS |  
2019-08-20 15:29:33,076 | INFO  | DNAudit | user=null | ip=null | op=WRITE_CHUNK {blockData=conID: 1 locID: 102650018037956616 bcsId: 6} | ret=SUCCESS |  
2019-08-20 15:29:33,079 | INFO  | DNAudit | user=null | ip=null | op=WRITE_CHUNK {blockData=conID: 1 locID: 102650018037956616 bcsId: 6} | ret=SUCCESS |  
2019-08-20 15:29:33,080 | INFO  | DNAudit | user=null | ip=null | op=PUT_BLOCK {blockData=[blockId=conID: 1 locID: 102650018037956616 bcsId: 0,size=3145728]} | ret=SUCCESS |  
2019-08-20 15:29:33,080 [grpc-default-executor-5] INFO  client.GrpcClientProtocolClient (GrpcClientProtocolClient.java:onNext(255)) - client-B1A1BA6C8B3D->9bc9fff1-11e1-427b-a164-f7900332836f: receive RaftClientReply:client-B1A1BA6C8B3D->9bc9fff1-11e1-427b-a164-f7900332836f@group-FDC4B371A35E, cid=89, SUCCESS, logIndex=9, commits[9bc9fff1-11e1-427b-a164-f7900332836f:c12, 5cf37c60-ab16-4b46-8923-a2be97bd85ed:c8, 2d7c5efc-b074-4fc9-b95b-682c27e862a3:c8]
2019-08-20 15:29:33,081 | INFO  | DNAudit | user=null | ip=null | op=WRITE_CHUNK {blockData=conID: 1 locID: 102650018037956616 bcsId: 6} | ret=SUCCESS |  
2019-08-20 15:29:33,081 [grpc-default-executor-5] INFO  client.GrpcClientProtocolClient (GrpcClientProtocolClient.java:onNext(255)) - client-B1A1BA6C8B3D->9bc9fff1-11e1-427b-a164-f7900332836f: receive RaftClientReply:client-B1A1BA6C8B3D->9bc9fff1-11e1-427b-a164-f7900332836f@group-FDC4B371A35E, cid=90, SUCCESS, logIndex=10, commits[9bc9fff1-11e1-427b-a164-f7900332836f:c12, 5cf37c60-ab16-4b46-8923-a2be97bd85ed:c8, 2d7c5efc-b074-4fc9-b95b-682c27e862a3:c8]
2019-08-20 15:29:33,082 | INFO  | DNAudit | user=null | ip=null | op=PUT_BLOCK {blockData=[blockId=conID: 1 locID: 102650018037956616 bcsId: 0,size=4194304]} | ret=SUCCESS |  
2019-08-20 15:29:33,082 | INFO  | DNAudit | user=null | ip=null | op=WRITE_CHUNK {blockData=conID: 1 locID: 102650018037956616 bcsId: 6} | ret=SUCCESS |  
2019-08-20 15:29:33,082 [grpc-default-executor-4] INFO  client.GrpcClientProtocolClient (GrpcClientProtocolClient.java:onNext(255)) - client-B1A1BA6C8B3D->9bc9fff1-11e1-427b-a164-f7900332836f: receive RaftClientReply:client-B1A1BA6C8B3D->9bc9fff1-11e1-427b-a164-f7900332836f@group-FDC4B371A35E, cid=91, SUCCESS, logIndex=11, commits[9bc9fff1-11e1-427b-a164-f7900332836f:c12, 5cf37c60-ab16-4b46-8923-a2be97bd85ed:c8, 2d7c5efc-b074-4fc9-b95b-682c27e862a3:c8]
2019-08-20 15:29:33,082 | INFO  | DNAudit | user=null | ip=null | op=PUT_BLOCK {blockData=[blockId=conID: 1 locID: 102650018037956616 bcsId: 0,size=3145728]} | ret=SUCCESS |  
2019-08-20 15:29:33,083 [grpc-default-executor-4] INFO  client.GrpcClientProtocolClient (GrpcClientProtocolClient.java:onNext(255)) - client-B1A1BA6C8B3D->9bc9fff1-11e1-427b-a164-f7900332836f: receive RaftClientReply:client-B1A1BA6C8B3D->9bc9fff1-11e1-427b-a164-f7900332836f@group-FDC4B371A35E, cid=92, SUCCESS, logIndex=12, commits[9bc9fff1-11e1-427b-a164-f7900332836f:c13, 5cf37c60-ab16-4b46-8923-a2be97bd85ed:c8, 2d7c5efc-b074-4fc9-b95b-682c27e862a3:c11]
2019-08-20 15:29:33,083 | INFO  | DNAudit | user=null | ip=null | op=WRITE_CHUNK {blockData=conID: 1 locID: 102650018037956616 bcsId: 6} | ret=SUCCESS |  
2019-08-20 15:29:33,084 | INFO  | SCMAudit | user=jenkins1000 | ip=192.168.5.139 | op=SEND_HEARTBEAT {datanodeUUID=b8771e3f-612a-4e3a-af1f-a8b98b915a10, command=[]} | ret=SUCCESS |  
2019-08-20 15:29:33,091 | INFO  | DNAudit | user=null | ip=null | op=WRITE_CHUNK {blockData=conID: 1 locID: 102650018037956616 bcsId: 6} | ret=SUCCESS |  
2019-08-20 15:29:33,094 | INFO  | DNAudit | user=null | ip=null | op=PUT_BLOCK {blockData=[blockId=conID: 1 locID: 102650018037956616 bcsId: 0,size=3145728]} | ret=SUCCESS |  
2019-08-20 15:29:33,094 | INFO  | DNAudit | user=null | ip=null | op=PUT_BLOCK {blockData=[blockId=conID: 1 locID: 102650018037956616 bcsId: 0,size=4194304]} | ret=SUCCESS |  
2019-08-20 15:29:33,094 [grpc-default-executor-4] INFO  client.GrpcClientProtocolClient (GrpcClientProtocolClient.java:onNext(255)) - client-B1A1BA6C8B3D->9bc9fff1-11e1-427b-a164-f7900332836f: receive RaftClientReply:client-B1A1BA6C8B3D->9bc9fff1-11e1-427b-a164-f7900332836f@group-FDC4B371A35E, cid=93, SUCCESS, logIndex=0, commits[9bc9fff1-11e1-427b-a164-f7900332836f:c13, 5cf37c60-ab16-4b46-8923-a2be97bd85ed:c11, 2d7c5efc-b074-4fc9-b95b-682c27e862a3:c11]
2019-08-20 15:29:33,094 | INFO  | DNAudit | user=null | ip=null | op=WRITE_CHUNK {blockData=conID: 1 locID: 102650018037956616 bcsId: 6} | ret=SUCCESS |  
2019-08-20 15:29:33,095 | INFO  | DNAudit | user=null | ip=null | op=PUT_BLOCK {blockData=[blockId=conID: 1 locID: 102650018037956616 bcsId: 0,size=4194304]} | ret=SUCCESS |  
2019-08-20 15:29:33,096 [grpc-default-executor-4] INFO  client.GrpcClientProtocolClient (GrpcClientProtocolClient.java:onNext(255)) - client-B1A1BA6C8B3D->9bc9fff1-11e1-427b-a164-f7900332836f: receive RaftClientReply:client-B1A1BA6C8B3D->9bc9fff1-11e1-427b-a164-f7900332836f@group-FDC4B371A35E, cid=94, SUCCESS, logIndex=0, commits[9bc9fff1-11e1-427b-a164-f7900332836f:c15, 5cf37c60-ab16-4b46-8923-a2be97bd85ed:c12, 2d7c5efc-b074-4fc9-b95b-682c27e862a3:c12]
2019-08-20 15:29:33,104 | INFO  | SCMAudit | user=jenkins1000 | ip=192.168.5.139 | op=ALLOCATE_BLOCK {owner=a24abb8d-4a0f-4067-9d75-faeb9cda1850, size=4194304, type=RATIS, factor=THREE} | ret=SUCCESS |  
2019-08-20 15:29:33,105 | INFO  | OMAudit | user=jenkins1000 | ip=127.0.0.1 | op=ALLOCATE_BLOCK {volume=datanodefailurehandlingtest, bucket=datanodefailurehandlingtest, key=ratis3, dataSize=0, replicationType=null, replicationFactor=null, keyLocationInfo=null, clientID=102650018037825543} | ret=SUCCESS |  
2019-08-20 15:29:33,111 [main] INFO  datanode.ObjectStoreHandler (ObjectStoreHandler.java:close(155)) - Closing ObjectStoreHandler.
2019-08-20 15:29:33,112 [main] INFO  ozone.HddsDatanodeService (HddsDatanodeService.java:stop(451)) - Stopped plug-in org.apache.hadoop.ozone.web.OzoneHddsDatanodeService@35f22eef
2019-08-20 15:29:33,119 [grpc-default-executor-4] INFO  client.GrpcClientProtocolClient (GrpcClientProtocolClient.java:onNext(255)) - client-83F74EE104F6->c96ba33e-ed49-489d-8101-2a883ad7391b: receive RaftClientReply:client-83F74EE104F6->c96ba33e-ed49-489d-8101-2a883ad7391b@group-2583FFA27FA9, cid=95, FAILED org.apache.ratis.protocol.NotLeaderException: Server c96ba33e-ed49-489d-8101-2a883ad7391b is not the leader (null). Request must be sent to leader., logIndex=0, commits[c96ba33e-ed49-489d-8101-2a883ad7391b:c-1]
2019-08-20 15:29:33,251 | INFO  | SCMAudit | user=jenkins1000 | ip=192.168.5.139 | op=SEND_HEARTBEAT {datanodeUUID=2027f18d-61d0-44de-a18a-8f9fe8580b83, command=[]} | ret=SUCCESS |  
2019-08-20 15:29:33,452 [Datanode State Machine Thread - 0] INFO  statemachine.DatanodeStateMachine (DatanodeStateMachine.java:lambda$startDaemon$0(350)) - Ozone container server started.
2019-08-20 15:29:33,580 [Thread-1488] INFO  container.ReplicationManager (ReplicationManager.java:start(152)) - Starting Replication Monitor Thread.
2019-08-20 15:29:33,583 [ReplicationMonitor] INFO  container.ReplicationManager (ReplicationManager.java:run(215)) - Replication Monitor Thread took 0 milliseconds for processing 2 containers.
2019-08-20 15:29:33,801 [Thread-1568] INFO  impl.FollowerState (FollowerState.java:run(106)) - b8771e3f-612a-4e3a-af1f-a8b98b915a10:group-2583FFA27FA9 changes to CANDIDATE, lastRpcTime:1066, electionTimeout:1064ms
2019-08-20 15:29:33,801 [Thread-1568] INFO  impl.RoleInfo (RoleInfo.java:shutdownFollowerState(121)) - b8771e3f-612a-4e3a-af1f-a8b98b915a10: shutdown FollowerState
2019-08-20 15:29:33,801 [Thread-1568] INFO  impl.RaftServerImpl (RaftServerImpl.java:setRole(171)) - b8771e3f-612a-4e3a-af1f-a8b98b915a10:group-2583FFA27FA9 changes role from FOLLOWER to CANDIDATE at term 1 for changeToCandidate
2019-08-20 15:29:33,801 [Thread-1568] INFO  impl.RoleInfo (RoleInfo.java:updateAndGet(143)) - b8771e3f-612a-4e3a-af1f-a8b98b915a10: start LeaderElection
2019-08-20 15:29:33,809 [b8771e3f-612a-4e3a-af1f-a8b98b915a10:group-2583FFA27FA9:LeaderElection39] INFO  impl.LeaderElection (LeaderElection.java:askForVotes(181)) - b8771e3f-612a-4e3a-af1f-a8b98b915a10:group-2583FFA27FA9:LeaderElection39: begin an election at term 2 for -1: [c96ba33e-ed49-489d-8101-2a883ad7391b:192.168.5.139:46601, b8771e3f-612a-4e3a-af1f-a8b98b915a10:192.168.5.139:33664, 2027f18d-61d0-44de-a18a-8f9fe8580b83:192.168.5.139:44922], old=null
2019-08-20 15:29:33,811 [grpc-default-executor-5] INFO  impl.RaftServerImpl (RaftServerImpl.java:setRole(171)) - 2027f18d-61d0-44de-a18a-8f9fe8580b83:group-2583FFA27FA9 changes role from FOLLOWER to FOLLOWER at term 2 for recognizeCandidate:b8771e3f-612a-4e3a-af1f-a8b98b915a10
2019-08-20 15:29:33,811 [grpc-default-executor-4] INFO  impl.RaftServerImpl (RaftServerImpl.java:setRole(171)) - c96ba33e-ed49-489d-8101-2a883ad7391b:group-2583FFA27FA9 changes role from FOLLOWER to FOLLOWER at term 2 for recognizeCandidate:b8771e3f-612a-4e3a-af1f-a8b98b915a10
2019-08-20 15:29:33,812 [grpc-default-executor-5] INFO  impl.RoleInfo (RoleInfo.java:shutdownFollowerState(121)) - 2027f18d-61d0-44de-a18a-8f9fe8580b83: shutdown FollowerState
2019-08-20 15:29:33,812 [grpc-default-executor-4] INFO  impl.RoleInfo (RoleInfo.java:shutdownFollowerState(121)) - c96ba33e-ed49-489d-8101-2a883ad7391b: shutdown FollowerState
2019-08-20 15:29:33,812 [grpc-default-executor-5] INFO  impl.RoleInfo (RoleInfo.java:updateAndGet(143)) - 2027f18d-61d0-44de-a18a-8f9fe8580b83: start FollowerState
2019-08-20 15:29:33,812 [Thread-1566] INFO  impl.FollowerState (FollowerState.java:run(114)) - c96ba33e-ed49-489d-8101-2a883ad7391b: FollowerState was interrupted: java.lang.InterruptedException: sleep interrupted
2019-08-20 15:29:33,812 [grpc-default-executor-4] INFO  impl.RoleInfo (RoleInfo.java:updateAndGet(143)) - c96ba33e-ed49-489d-8101-2a883ad7391b: start FollowerState
2019-08-20 15:29:33,812 [Thread-1565] INFO  impl.FollowerState (FollowerState.java:run(114)) - 2027f18d-61d0-44de-a18a-8f9fe8580b83: FollowerState was interrupted: java.lang.InterruptedException: sleep interrupted
2019-08-20 15:29:33,831 [b8771e3f-612a-4e3a-af1f-a8b98b915a10:group-2583FFA27FA9:LeaderElection39] INFO  impl.LeaderElection (LeaderElection.java:logAndReturn(56)) - b8771e3f-612a-4e3a-af1f-a8b98b915a10:group-2583FFA27FA9:LeaderElection39: Election PASSED; received 1 response(s) [b8771e3f-612a-4e3a-af1f-a8b98b915a10<-2027f18d-61d0-44de-a18a-8f9fe8580b83#0:OK-t2] and 0 exception(s); b8771e3f-612a-4e3a-af1f-a8b98b915a10:t2, leader=null, voted=b8771e3f-612a-4e3a-af1f-a8b98b915a10, raftlog=b8771e3f-612a-4e3a-af1f-a8b98b915a10-SegmentedRaftLog:OPENED:c-1,f-1,i0, conf=-1: [c96ba33e-ed49-489d-8101-2a883ad7391b:192.168.5.139:46601, b8771e3f-612a-4e3a-af1f-a8b98b915a10:192.168.5.139:33664, 2027f18d-61d0-44de-a18a-8f9fe8580b83:192.168.5.139:44922], old=null
2019-08-20 15:29:33,831 [b8771e3f-612a-4e3a-af1f-a8b98b915a10:group-2583FFA27FA9:LeaderElection39] INFO  impl.RoleInfo (RoleInfo.java:shutdownLeaderElection(134)) - b8771e3f-612a-4e3a-af1f-a8b98b915a10: shutdown LeaderElection
2019-08-20 15:29:33,831 [b8771e3f-612a-4e3a-af1f-a8b98b915a10:group-2583FFA27FA9:LeaderElection39] INFO  impl.RaftServerImpl (RaftServerImpl.java:setRole(171)) - b8771e3f-612a-4e3a-af1f-a8b98b915a10:group-2583FFA27FA9 changes role from CANDIDATE to LEADER at term 2 for changeToLeader
2019-08-20 15:29:33,831 [b8771e3f-612a-4e3a-af1f-a8b98b915a10:group-2583FFA27FA9:LeaderElection39] INFO  impl.RaftServerImpl (ServerState.java:setLeader(263)) - b8771e3f-612a-4e3a-af1f-a8b98b915a10:group-2583FFA27FA9 change Leader from null to b8771e3f-612a-4e3a-af1f-a8b98b915a10 at term 2 for becomeLeader, leader elected after 2275ms
2019-08-20 15:29:33,832 [b8771e3f-612a-4e3a-af1f-a8b98b915a10:group-2583FFA27FA9:LeaderElection39] INFO  server.RaftServerConfigKeys (ConfUtils.java:logGet(43)) - raft.server.staging.catchup.gap = 1000 (default)
2019-08-20 15:29:33,832 [b8771e3f-612a-4e3a-af1f-a8b98b915a10:group-2583FFA27FA9:LeaderElection39] INFO  server.RaftServerConfigKeys (ConfUtils.java:logGet(43)) - raft.server.rpc.sleep.time = 25ms (default)
2019-08-20 15:29:33,832 [b8771e3f-612a-4e3a-af1f-a8b98b915a10:group-2583FFA27FA9:LeaderElection39] INFO  server.RaftServerConfigKeys (ConfUtils.java:logGet(43)) - raft.server.write.element-limit = 4096 (default)
2019-08-20 15:29:33,832 [b8771e3f-612a-4e3a-af1f-a8b98b915a10:group-2583FFA27FA9:LeaderElection39] INFO  server.RaftServerConfigKeys (ConfUtils.java:logGet(43)) - raft.server.watch.timeout = 10s (default)
2019-08-20 15:29:33,832 [b8771e3f-612a-4e3a-af1f-a8b98b915a10:group-2583FFA27FA9:LeaderElection39] INFO  server.RaftServerConfigKeys (ConfUtils.java:logGet(43)) - raft.server.watch.timeout.denomination = 1s (default)
2019-08-20 15:29:33,832 [b8771e3f-612a-4e3a-af1f-a8b98b915a10:group-2583FFA27FA9:LeaderElection39] INFO  server.RaftServerConfigKeys (ConfUtils.java:logGet(43)) - raft.server.watch.element-limit = 65536 (default)
2019-08-20 15:29:33,833 [b8771e3f-612a-4e3a-af1f-a8b98b915a10:group-2583FFA27FA9:LeaderElection39] INFO  server.RaftServerConfigKeys (ConfUtils.java:logGet(43)) - raft.server.log.appender.snapshot.chunk.size.max = 16MB (=16777216) (default)
2019-08-20 15:29:33,833 [b8771e3f-612a-4e3a-af1f-a8b98b915a10:group-2583FFA27FA9:LeaderElection39] INFO  server.RaftServerConfigKeys (ConfUtils.java:logGet(43)) - raft.server.log.appender.buffer.byte-limit = 33554432 (custom)
2019-08-20 15:29:33,833 [b8771e3f-612a-4e3a-af1f-a8b98b915a10:group-2583FFA27FA9:LeaderElection39] INFO  server.RaftServerConfigKeys (ConfUtils.java:logGet(43)) - raft.server.log.appender.buffer.element-limit = 1 (custom)
2019-08-20 15:29:33,833 [b8771e3f-612a-4e3a-af1f-a8b98b915a10:group-2583FFA27FA9:LeaderElection39] INFO  grpc.GrpcConfigKeys$Server (ConfUtils.java:logGet(43)) - raft.grpc.server.leader.outstanding.appends.max = 128 (default)
2019-08-20 15:29:33,833 [b8771e3f-612a-4e3a-af1f-a8b98b915a10:group-2583FFA27FA9:LeaderElection39] INFO  server.RaftServerConfigKeys (ConfUtils.java:logGet(43)) - raft.server.rpc.request.timeout = 3000ms (default)
2019-08-20 15:29:33,834 [b8771e3f-612a-4e3a-af1f-a8b98b915a10:group-2583FFA27FA9:LeaderElection39] INFO  server.RaftServerConfigKeys (ConfUtils.java:logGet(43)) - raft.server.log.appender.install.snapshot.enabled = false (custom)
2019-08-20 15:29:33,834 [b8771e3f-612a-4e3a-af1f-a8b98b915a10:group-2583FFA27FA9:LeaderElection39] INFO  server.RaftServerConfigKeys (ConfUtils.java:logGet(43)) - raft.server.log.appender.snapshot.chunk.size.max = 16MB (=16777216) (default)
2019-08-20 15:29:33,834 [b8771e3f-612a-4e3a-af1f-a8b98b915a10:group-2583FFA27FA9:LeaderElection39] INFO  server.RaftServerConfigKeys (ConfUtils.java:logGet(43)) - raft.server.log.appender.buffer.byte-limit = 33554432 (custom)
2019-08-20 15:29:33,834 [b8771e3f-612a-4e3a-af1f-a8b98b915a10:group-2583FFA27FA9:LeaderElection39] INFO  server.RaftServerConfigKeys (ConfUtils.java:logGet(43)) - raft.server.log.appender.buffer.element-limit = 1 (custom)
2019-08-20 15:29:33,834 [b8771e3f-612a-4e3a-af1f-a8b98b915a10:group-2583FFA27FA9:LeaderElection39] INFO  grpc.GrpcConfigKeys$Server (ConfUtils.java:logGet(43)) - raft.grpc.server.leader.outstanding.appends.max = 128 (default)
2019-08-20 15:29:33,835 [b8771e3f-612a-4e3a-af1f-a8b98b915a10:group-2583FFA27FA9:LeaderElection39] INFO  server.RaftServerConfigKeys (ConfUtils.java:logGet(43)) - raft.server.rpc.request.timeout = 3000ms (default)
2019-08-20 15:29:33,835 [b8771e3f-612a-4e3a-af1f-a8b98b915a10:group-2583FFA27FA9:LeaderElection39] INFO  server.RaftServerConfigKeys (ConfUtils.java:logGet(43)) - raft.server.log.appender.install.snapshot.enabled = false (custom)
2019-08-20 15:29:33,835 [b8771e3f-612a-4e3a-af1f-a8b98b915a10:group-2583FFA27FA9:LeaderElection39] INFO  impl.RoleInfo (RoleInfo.java:updateAndGet(143)) - b8771e3f-612a-4e3a-af1f-a8b98b915a10: start LeaderState
2019-08-20 15:29:33,835 [b8771e3f-612a-4e3a-af1f-a8b98b915a10:group-2583FFA27FA9:LeaderElection39] INFO  segmented.SegmentedRaftLogWorker (SegmentedRaftLogWorker.java:startLogSegment(380)) - b8771e3f-612a-4e3a-af1f-a8b98b915a10-SegmentedRaftLogWorker:Storage Directory /workdir/hadoop-ozone/integration-test/target/test-dir/MiniOzoneClusterImpl-d3dddc0d-c158-44f0-ad9e-80fc57836fb1/datanode-3/data/ratis/3afb2716-99fd-4bf6-ba03-2583ffa27fa9: Starting segment from index:0
2019-08-20 15:29:33,836 [b8771e3f-612a-4e3a-af1f-a8b98b915a10:group-2583FFA27FA9:LeaderElection39] INFO  impl.RaftServerImpl (ServerState.java:setRaftConf(361)) - b8771e3f-612a-4e3a-af1f-a8b98b915a10:group-2583FFA27FA9 set configuration 0: [c96ba33e-ed49-489d-8101-2a883ad7391b:192.168.5.139:46601, b8771e3f-612a-4e3a-af1f-a8b98b915a10:192.168.5.139:33664, 2027f18d-61d0-44de-a18a-8f9fe8580b83:192.168.5.139:44922], old=null at 0
2019-08-20 15:29:33,837 [grpc-default-executor-4] INFO  impl.RaftServerImpl (ServerState.java:setLeader(263)) - c96ba33e-ed49-489d-8101-2a883ad7391b:group-2583FFA27FA9 change Leader from null to b8771e3f-612a-4e3a-af1f-a8b98b915a10 at term 2 for appendEntries, leader elected after 2282ms
2019-08-20 15:29:33,837 [grpc-default-executor-5] INFO  impl.RaftServerImpl (ServerState.java:setLeader(263)) - 2027f18d-61d0-44de-a18a-8f9fe8580b83:group-2583FFA27FA9 change Leader from null to b8771e3f-612a-4e3a-af1f-a8b98b915a10 at term 2 for appendEntries, leader elected after 2282ms
2019-08-20 15:29:33,839 [grpc-default-executor-4] INFO  impl.RaftServerImpl (ServerState.java:setRaftConf(361)) - c96ba33e-ed49-489d-8101-2a883ad7391b:group-2583FFA27FA9 set configuration 0: [c96ba33e-ed49-489d-8101-2a883ad7391b:192.168.5.139:46601, b8771e3f-612a-4e3a-af1f-a8b98b915a10:192.168.5.139:33664, 2027f18d-61d0-44de-a18a-8f9fe8580b83:192.168.5.139:44922], old=null at 0
2019-08-20 15:29:33,839 [grpc-default-executor-5] INFO  impl.RaftServerImpl (ServerState.java:setRaftConf(361)) - 2027f18d-61d0-44de-a18a-8f9fe8580b83:group-2583FFA27FA9 set configuration 0: [c96ba33e-ed49-489d-8101-2a883ad7391b:192.168.5.139:46601, b8771e3f-612a-4e3a-af1f-a8b98b915a10:192.168.5.139:33664, 2027f18d-61d0-44de-a18a-8f9fe8580b83:192.168.5.139:44922], old=null at 0
2019-08-20 15:29:33,840 [grpc-default-executor-4] INFO  segmented.SegmentedRaftLogWorker (SegmentedRaftLogWorker.java:startLogSegment(380)) - c96ba33e-ed49-489d-8101-2a883ad7391b-SegmentedRaftLogWorker:Storage Directory /workdir/hadoop-ozone/integration-test/target/test-dir/MiniOzoneClusterImpl-d3dddc0d-c158-44f0-ad9e-80fc57836fb1/datanode-5/data/ratis/3afb2716-99fd-4bf6-ba03-2583ffa27fa9: Starting segment from index:0
2019-08-20 15:29:33,840 [grpc-default-executor-5] INFO  segmented.SegmentedRaftLogWorker (SegmentedRaftLogWorker.java:startLogSegment(380)) - 2027f18d-61d0-44de-a18a-8f9fe8580b83-SegmentedRaftLogWorker:Storage Directory /workdir/hadoop-ozone/integration-test/target/test-dir/MiniOzoneClusterImpl-d3dddc0d-c158-44f0-ad9e-80fc57836fb1/datanode-4/data/ratis/3afb2716-99fd-4bf6-ba03-2583ffa27fa9: Starting segment from index:0
2019-08-20 15:29:33,850 | INFO  | SCMAudit | user=jenkins1000 | ip=192.168.5.139 | op=SEND_HEARTBEAT {datanodeUUID=5cf37c60-ab16-4b46-8923-a2be97bd85ed, command=[]} | ret=SUCCESS |  
2019-08-20 15:29:33,850 | INFO  | SCMAudit | user=jenkins1000 | ip=192.168.5.139 | op=SEND_HEARTBEAT {datanodeUUID=9bc9fff1-11e1-427b-a164-f7900332836f, command=[]} | ret=SUCCESS |  
2019-08-20 15:29:33,850 | INFO  | SCMAudit | user=jenkins1000 | ip=192.168.5.139 | op=SEND_HEARTBEAT {datanodeUUID=2d7c5efc-b074-4fc9-b95b-682c27e862a3, command=[]} | ret=SUCCESS |  
2019-08-20 15:29:33,883 [2027f18d-61d0-44de-a18a-8f9fe8580b83-SegmentedRaftLogWorker:Storage Directory /workdir/hadoop-ozone/integration-test/target/test-dir/MiniOzoneClusterImpl-d3dddc0d-c158-44f0-ad9e-80fc57836fb1/datanode-4/data/ratis/3afb2716-99fd-4bf6-ba03-2583ffa27fa9] INFO  segmented.SegmentedRaftLogWorker (SegmentedRaftLogWorker.java:execute(569)) - 2027f18d-61d0-44de-a18a-8f9fe8580b83-SegmentedRaftLogWorker:Storage Directory /workdir/hadoop-ozone/integration-test/target/test-dir/MiniOzoneClusterImpl-d3dddc0d-c158-44f0-ad9e-80fc57836fb1/datanode-4/data/ratis/3afb2716-99fd-4bf6-ba03-2583ffa27fa9: created new log segment /workdir/hadoop-ozone/integration-test/target/test-dir/MiniOzoneClusterImpl-d3dddc0d-c158-44f0-ad9e-80fc57836fb1/datanode-4/data/ratis/3afb2716-99fd-4bf6-ba03-2583ffa27fa9/current/log_inprogress_0
2019-08-20 15:29:33,883 [b8771e3f-612a-4e3a-af1f-a8b98b915a10-SegmentedRaftLogWorker:Storage Directory /workdir/hadoop-ozone/integration-test/target/test-dir/MiniOzoneClusterImpl-d3dddc0d-c158-44f0-ad9e-80fc57836fb1/datanode-3/data/ratis/3afb2716-99fd-4bf6-ba03-2583ffa27fa9] INFO  segmented.SegmentedRaftLogWorker (SegmentedRaftLogWorker.java:execute(569)) - b8771e3f-612a-4e3a-af1f-a8b98b915a10-SegmentedRaftLogWorker:Storage Directory /workdir/hadoop-ozone/integration-test/target/test-dir/MiniOzoneClusterImpl-d3dddc0d-c158-44f0-ad9e-80fc57836fb1/datanode-3/data/ratis/3afb2716-99fd-4bf6-ba03-2583ffa27fa9: created new log segment /workdir/hadoop-ozone/integration-test/target/test-dir/MiniOzoneClusterImpl-d3dddc0d-c158-44f0-ad9e-80fc57836fb1/datanode-3/data/ratis/3afb2716-99fd-4bf6-ba03-2583ffa27fa9/current/log_inprogress_0
2019-08-20 15:29:33,883 [c96ba33e-ed49-489d-8101-2a883ad7391b-SegmentedRaftLogWorker:Storage Directory /workdir/hadoop-ozone/integration-test/target/test-dir/MiniOzoneClusterImpl-d3dddc0d-c158-44f0-ad9e-80fc57836fb1/datanode-5/data/ratis/3afb2716-99fd-4bf6-ba03-2583ffa27fa9] INFO  segmented.SegmentedRaftLogWorker (SegmentedRaftLogWorker.java:execute(569)) - c96ba33e-ed49-489d-8101-2a883ad7391b-SegmentedRaftLogWorker:Storage Directory /workdir/hadoop-ozone/integration-test/target/test-dir/MiniOzoneClusterImpl-d3dddc0d-c158-44f0-ad9e-80fc57836fb1/datanode-5/data/ratis/3afb2716-99fd-4bf6-ba03-2583ffa27fa9: created new log segment /workdir/hadoop-ozone/integration-test/target/test-dir/MiniOzoneClusterImpl-d3dddc0d-c158-44f0-ad9e-80fc57836fb1/datanode-5/data/ratis/3afb2716-99fd-4bf6-ba03-2583ffa27fa9/current/log_inprogress_0
2019-08-20 15:29:34,084 | INFO  | SCMAudit | user=jenkins1000 | ip=192.168.5.139 | op=SEND_HEARTBEAT {datanodeUUID=b8771e3f-612a-4e3a-af1f-a8b98b915a10, command=[]} | ret=SUCCESS |  
2019-08-20 15:29:34,142 [grpc-default-executor-4] INFO  client.GrpcClientProtocolClient (GrpcClientProtocolClient.java:onNext(255)) - client-83F74EE104F6->2027f18d-61d0-44de-a18a-8f9fe8580b83: receive RaftClientReply:client-83F74EE104F6->2027f18d-61d0-44de-a18a-8f9fe8580b83@group-2583FFA27FA9, cid=95, FAILED org.apache.ratis.protocol.NotLeaderException: Server 2027f18d-61d0-44de-a18a-8f9fe8580b83 is not the leader (b8771e3f-612a-4e3a-af1f-a8b98b915a10:192.168.5.139:33664). Request must be sent to leader., logIndex=0, commits[2027f18d-61d0-44de-a18a-8f9fe8580b83:c-1, c96ba33e-ed49-489d-8101-2a883ad7391b:c-1, b8771e3f-612a-4e3a-af1f-a8b98b915a10:c-1]
2019-08-20 15:29:34,220 | INFO  | SCMAudit | user=jenkins1000 | ip=192.168.5.139 | op=SEND_HEARTBEAT {datanodeUUID=2027f18d-61d0-44de-a18a-8f9fe8580b83, command=[]} | ret=SUCCESS |  
2019-08-20 15:29:34,224 | INFO  | DNAudit | user=null | ip=null | op=WRITE_CHUNK {blockData=conID: 2 locID: 102650018077343753 bcsId: 0} | ret=SUCCESS |  
2019-08-20 15:29:34,238 | INFO  | SCMAudit | user=jenkins1000 | ip=192.168.5.139 | op=SEND_HEARTBEAT {datanodeUUID=b8771e3f-612a-4e3a-af1f-a8b98b915a10, command=[]} | ret=SUCCESS |  
2019-08-20 15:29:34,242 | INFO  | DNAudit | user=null | ip=null | op=WRITE_CHUNK {blockData=conID: 2 locID: 102650018077343753 bcsId: 0} | ret=SUCCESS |  
2019-08-20 15:29:34,242 | INFO  | DNAudit | user=null | ip=null | op=WRITE_CHUNK {blockData=conID: 2 locID: 102650018077343753 bcsId: 0} | ret=SUCCESS |  
2019-08-20 15:29:34,251 | INFO  | DNAudit | user=null | ip=null | op=WRITE_CHUNK {blockData=conID: 2 locID: 102650018077343753 bcsId: 0} | ret=SUCCESS |  
2019-08-20 15:29:34,263 [grpc-default-executor-5] INFO  client.GrpcClientProtocolClient (GrpcClientProtocolClient.java:onNext(255)) - client-83F74EE104F6->b8771e3f-612a-4e3a-af1f-a8b98b915a10: receive RaftClientReply:client-83F74EE104F6->b8771e3f-612a-4e3a-af1f-a8b98b915a10@group-2583FFA27FA9, cid=95, SUCCESS, logIndex=1, commits[b8771e3f-612a-4e3a-af1f-a8b98b915a10:c1, c96ba33e-ed49-489d-8101-2a883ad7391b:c0, 2027f18d-61d0-44de-a18a-8f9fe8580b83:c0]
2019-08-20 15:29:34,271 | INFO  | DNAudit | user=null | ip=null | op=WRITE_CHUNK {blockData=conID: 2 locID: 102650018077343753 bcsId: 0} | ret=SUCCESS |  
2019-08-20 15:29:34,271 | INFO  | DNAudit | user=null | ip=null | op=WRITE_CHUNK {blockData=conID: 2 locID: 102650018077343753 bcsId: 0} | ret=SUCCESS |  
2019-08-20 15:29:34,325 | INFO  | DNAudit | user=null | ip=null | op=PUT_BLOCK {blockData=[blockId=conID: 2 locID: 102650018077343753 bcsId: 0,size=1048576]} | ret=SUCCESS |  
2019-08-20 15:29:34,330 [grpc-default-executor-5] INFO  client.GrpcClientProtocolClient (GrpcClientProtocolClient.java:onNext(255)) - client-83F74EE104F6->b8771e3f-612a-4e3a-af1f-a8b98b915a10: receive RaftClientReply:client-83F74EE104F6->b8771e3f-612a-4e3a-af1f-a8b98b915a10@group-2583FFA27FA9, cid=96, SUCCESS, logIndex=3, commits[b8771e3f-612a-4e3a-af1f-a8b98b915a10:c4, c96ba33e-ed49-489d-8101-2a883ad7391b:c3, 2027f18d-61d0-44de-a18a-8f9fe8580b83:c3]
2019-08-20 15:29:34,349 | INFO  | DNAudit | user=null | ip=null | op=PUT_BLOCK {blockData=[blockId=conID: 2 locID: 102650018077343753 bcsId: 0,size=1048576]} | ret=SUCCESS |  
2019-08-20 15:29:34,379 | INFO  | DNAudit | user=null | ip=null | op=PUT_BLOCK {blockData=[blockId=conID: 2 locID: 102650018077343753 bcsId: 0,size=1048576]} | ret=SUCCESS |  
2019-08-20 15:29:34,849 | INFO  | SCMAudit | user=jenkins1000 | ip=192.168.5.139 | op=SEND_HEARTBEAT {datanodeUUID=9bc9fff1-11e1-427b-a164-f7900332836f, command=[]} | ret=SUCCESS |  
2019-08-20 15:29:34,849 | INFO  | SCMAudit | user=jenkins1000 | ip=192.168.5.139 | op=SEND_HEARTBEAT {datanodeUUID=2d7c5efc-b074-4fc9-b95b-682c27e862a3, command=[]} | ret=SUCCESS |  
2019-08-20 15:29:34,849 | INFO  | SCMAudit | user=jenkins1000 | ip=192.168.5.139 | op=SEND_HEARTBEAT {datanodeUUID=5cf37c60-ab16-4b46-8923-a2be97bd85ed, command=[]} | ret=SUCCESS |  
2019-08-20 15:29:35,219 | INFO  | SCMAudit | user=jenkins1000 | ip=192.168.5.139 | op=SEND_HEARTBEAT {datanodeUUID=2027f18d-61d0-44de-a18a-8f9fe8580b83, command=[]} | ret=SUCCESS |  
2019-08-20 15:29:35,238 | INFO  | SCMAudit | user=jenkins1000 | ip=192.168.5.139 | op=SEND_HEARTBEAT {datanodeUUID=b8771e3f-612a-4e3a-af1f-a8b98b915a10, command=[]} | ret=SUCCESS |  
2019-08-20 15:29:35,849 | INFO  | SCMAudit | user=jenkins1000 | ip=192.168.5.139 | op=SEND_HEARTBEAT {datanodeUUID=5cf37c60-ab16-4b46-8923-a2be97bd85ed, command=[]} | ret=SUCCESS |  
2019-08-20 15:29:35,849 | INFO  | SCMAudit | user=jenkins1000 | ip=192.168.5.139 | op=SEND_HEARTBEAT {datanodeUUID=9bc9fff1-11e1-427b-a164-f7900332836f, command=[]} | ret=SUCCESS |  
2019-08-20 15:29:35,849 | INFO  | SCMAudit | user=jenkins1000 | ip=192.168.5.139 | op=SEND_HEARTBEAT {datanodeUUID=2d7c5efc-b074-4fc9-b95b-682c27e862a3, command=[]} | ret=SUCCESS |  
2019-08-20 15:29:36,219 | INFO  | SCMAudit | user=jenkins1000 | ip=192.168.5.139 | op=SEND_HEARTBEAT {datanodeUUID=2027f18d-61d0-44de-a18a-8f9fe8580b83, command=[]} | ret=SUCCESS |  
2019-08-20 15:29:36,239 | INFO  | SCMAudit | user=jenkins1000 | ip=192.168.5.139 | op=SEND_HEARTBEAT {datanodeUUID=b8771e3f-612a-4e3a-af1f-a8b98b915a10, command=[]} | ret=SUCCESS |  
2019-08-20 15:29:36,849 | INFO  | SCMAudit | user=jenkins1000 | ip=192.168.5.139 | op=SEND_HEARTBEAT {datanodeUUID=2d7c5efc-b074-4fc9-b95b-682c27e862a3, command=[]} | ret=SUCCESS |  
2019-08-20 15:29:36,849 | INFO  | SCMAudit | user=jenkins1000 | ip=192.168.5.139 | op=SEND_HEARTBEAT {datanodeUUID=5cf37c60-ab16-4b46-8923-a2be97bd85ed, command=[]} | ret=SUCCESS |  
2019-08-20 15:29:36,849 | INFO  | SCMAudit | user=jenkins1000 | ip=192.168.5.139 | op=SEND_HEARTBEAT {datanodeUUID=9bc9fff1-11e1-427b-a164-f7900332836f, command=[]} | ret=SUCCESS |  
2019-08-20 15:29:37,220 | INFO  | SCMAudit | user=jenkins1000 | ip=192.168.5.139 | op=SEND_HEARTBEAT {datanodeUUID=2027f18d-61d0-44de-a18a-8f9fe8580b83, command=[]} | ret=SUCCESS |  
2019-08-20 15:29:37,239 | INFO  | SCMAudit | user=jenkins1000 | ip=192.168.5.139 | op=SEND_HEARTBEAT {datanodeUUID=b8771e3f-612a-4e3a-af1f-a8b98b915a10, command=[]} | ret=SUCCESS |  
2019-08-20 15:29:37,849 | INFO  | SCMAudit | user=jenkins1000 | ip=192.168.5.139 | op=SEND_HEARTBEAT {datanodeUUID=2d7c5efc-b074-4fc9-b95b-682c27e862a3, command=[]} | ret=SUCCESS |  
2019-08-20 15:29:37,849 | INFO  | SCMAudit | user=jenkins1000 | ip=192.168.5.139 | op=SEND_HEARTBEAT {datanodeUUID=5cf37c60-ab16-4b46-8923-a2be97bd85ed, command=[]} | ret=SUCCESS |  
2019-08-20 15:29:37,849 | INFO  | SCMAudit | user=jenkins1000 | ip=192.168.5.139 | op=SEND_HEARTBEAT {datanodeUUID=9bc9fff1-11e1-427b-a164-f7900332836f, command=[]} | ret=SUCCESS |  
2019-08-20 15:29:38,114 [main] INFO  ozoneimpl.OzoneContainer (OzoneContainer.java:stop(214)) - Attempting to stop container services.
2019-08-20 15:29:38,115 [main] INFO  impl.RaftServerProxy (RaftServerProxy.java:lambda$close$4(314)) - c96ba33e-ed49-489d-8101-2a883ad7391b: close
2019-08-20 15:29:38,115 [main] INFO  impl.RaftServerImpl (RaftServerImpl.java:lambda$shutdown$3(245)) - c96ba33e-ed49-489d-8101-2a883ad7391b: shutdown group-D84C984DD537
2019-08-20 15:29:38,115 [main] INFO  util.JmxRegister (JmxRegister.java:unregister(73)) - Successfully un-registered JMX Bean with object name Ratis:service=RaftServer,group=group-D84C984DD537,id=c96ba33e-ed49-489d-8101-2a883ad7391b
2019-08-20 15:29:38,116 [main] INFO  impl.RoleInfo (RoleInfo.java:shutdownLeaderState(104)) - c96ba33e-ed49-489d-8101-2a883ad7391b: shutdown LeaderState
2019-08-20 15:29:38,116 [main] INFO  impl.PendingRequests (PendingRequests.java:sendNotLeaderResponses(202)) - c96ba33e-ed49-489d-8101-2a883ad7391b-PendingRequests: sendNotLeaderResponses
2019-08-20 15:29:38,116 [main] INFO  impl.StateMachineUpdater (StateMachineUpdater.java:stopAndJoin(115)) - StateMachineUpdater:c96ba33e-ed49-489d-8101-2a883ad7391b:group-D84C984DD537: set stopIndex = 0
2019-08-20 15:29:38,116 [main] INFO  impl.RaftServerImpl (ServerState.java:close(394)) - c96ba33e-ed49-489d-8101-2a883ad7391b:group-D84C984DD537 closes. The last applied log index is 0
2019-08-20 15:29:38,117 [c96ba33e-ed49-489d-8101-2a883ad7391b-SegmentedRaftLogWorker:Storage Directory /workdir/hadoop-ozone/integration-test/target/test-dir/MiniOzoneClusterImpl-d3dddc0d-c158-44f0-ad9e-80fc57836fb1/datanode-5/data/ratis/9d2267e7-18e2-47a5-b73f-d84c984dd537] INFO  segmented.SegmentedRaftLogWorker (SegmentedRaftLogWorker.java:run(313)) - c96ba33e-ed49-489d-8101-2a883ad7391b-SegmentedRaftLogWorker:Storage Directory /workdir/hadoop-ozone/integration-test/target/test-dir/MiniOzoneClusterImpl-d3dddc0d-c158-44f0-ad9e-80fc57836fb1/datanode-5/data/ratis/9d2267e7-18e2-47a5-b73f-d84c984dd537 was interrupted, exiting. There are 0 tasks remaining in the queue.
2019-08-20 15:29:38,120 [main] INFO  segmented.SegmentedRaftLogWorker (SegmentedRaftLogWorker.java:close(228)) - c96ba33e-ed49-489d-8101-2a883ad7391b-SegmentedRaftLogWorker:Storage Directory /workdir/hadoop-ozone/integration-test/target/test-dir/MiniOzoneClusterImpl-d3dddc0d-c158-44f0-ad9e-80fc57836fb1/datanode-5/data/ratis/9d2267e7-18e2-47a5-b73f-d84c984dd537 close()
2019-08-20 15:29:38,132 [main] INFO  impl.RaftServerImpl (RaftServerImpl.java:lambda$shutdown$3(245)) - c96ba33e-ed49-489d-8101-2a883ad7391b: shutdown group-2583FFA27FA9
2019-08-20 15:29:38,132 [main] INFO  util.JmxRegister (JmxRegister.java:unregister(73)) - Successfully un-registered JMX Bean with object name Ratis:service=RaftServer,group=group-2583FFA27FA9,id=c96ba33e-ed49-489d-8101-2a883ad7391b
2019-08-20 15:29:38,132 [main] INFO  impl.RoleInfo (RoleInfo.java:shutdownFollowerState(121)) - c96ba33e-ed49-489d-8101-2a883ad7391b: shutdown FollowerState
2019-08-20 15:29:38,132 [main] INFO  impl.StateMachineUpdater (StateMachineUpdater.java:stopAndJoin(115)) - StateMachineUpdater:c96ba33e-ed49-489d-8101-2a883ad7391b:group-2583FFA27FA9: set stopIndex = 4
2019-08-20 15:29:38,133 [Thread-1632] INFO  impl.FollowerState (FollowerState.java:run(114)) - c96ba33e-ed49-489d-8101-2a883ad7391b: FollowerState was interrupted: java.lang.InterruptedException: sleep interrupted
2019-08-20 15:29:38,133 [StateMachineUpdater:c96ba33e-ed49-489d-8101-2a883ad7391b:group-2583FFA27FA9] INFO  ratis.ContainerStateMachine (ContainerStateMachine.java:takeSnapshot(271)) - group-2583FFA27FA9: Taking a snapshot at:(t:2, i:3) file /workdir/hadoop-ozone/integration-test/target/test-dir/MiniOzoneClusterImpl-d3dddc0d-c158-44f0-ad9e-80fc57836fb1/datanode-5/data/ratis/3afb2716-99fd-4bf6-ba03-2583ffa27fa9/sm/snapshot.2_3
2019-08-20 15:29:38,172 [StateMachineUpdater:c96ba33e-ed49-489d-8101-2a883ad7391b:group-2583FFA27FA9] INFO  ratis.ContainerStateMachine (ContainerStateMachine.java:takeSnapshot(282)) - group-2583FFA27FA9: Finished taking a snapshot at:(t:2, i:3) file:/workdir/hadoop-ozone/integration-test/target/test-dir/MiniOzoneClusterImpl-d3dddc0d-c158-44f0-ad9e-80fc57836fb1/datanode-5/data/ratis/3afb2716-99fd-4bf6-ba03-2583ffa27fa9/sm/snapshot.2_3 time:39
2019-08-20 15:29:38,172 [StateMachineUpdater:c96ba33e-ed49-489d-8101-2a883ad7391b:group-2583FFA27FA9] INFO  impl.StateMachineUpdater (StateMachineUpdater.java:takeSnapshot(242)) - StateMachineUpdater:c96ba33e-ed49-489d-8101-2a883ad7391b:group-2583FFA27FA9: Took a snapshot at index 3
2019-08-20 15:29:38,172 [StateMachineUpdater:c96ba33e-ed49-489d-8101-2a883ad7391b:group-2583FFA27FA9] INFO  impl.StateMachineUpdater (StateMachineUpdater.java:lambda$new$0(80)) - StateMachineUpdater:c96ba33e-ed49-489d-8101-2a883ad7391b:group-2583FFA27FA9: snapshotIndex: updateIncreasingly -1 -> 3
2019-08-20 15:29:38,172 [main] INFO  impl.RaftServerImpl (ServerState.java:close(394)) - c96ba33e-ed49-489d-8101-2a883ad7391b:group-2583FFA27FA9 closes. The last applied log index is 4
2019-08-20 15:29:38,173 [c96ba33e-ed49-489d-8101-2a883ad7391b-SegmentedRaftLogWorker:Storage Directory /workdir/hadoop-ozone/integration-test/target/test-dir/MiniOzoneClusterImpl-d3dddc0d-c158-44f0-ad9e-80fc57836fb1/datanode-5/data/ratis/3afb2716-99fd-4bf6-ba03-2583ffa27fa9] INFO  segmented.SegmentedRaftLogWorker (SegmentedRaftLogWorker.java:run(313)) - c96ba33e-ed49-489d-8101-2a883ad7391b-SegmentedRaftLogWorker:Storage Directory /workdir/hadoop-ozone/integration-test/target/test-dir/MiniOzoneClusterImpl-d3dddc0d-c158-44f0-ad9e-80fc57836fb1/datanode-5/data/ratis/3afb2716-99fd-4bf6-ba03-2583ffa27fa9 was interrupted, exiting. There are 0 tasks remaining in the queue.
2019-08-20 15:29:38,177 [main] INFO  segmented.SegmentedRaftLogWorker (SegmentedRaftLogWorker.java:close(228)) - c96ba33e-ed49-489d-8101-2a883ad7391b-SegmentedRaftLogWorker:Storage Directory /workdir/hadoop-ozone/integration-test/target/test-dir/MiniOzoneClusterImpl-d3dddc0d-c158-44f0-ad9e-80fc57836fb1/datanode-5/data/ratis/3afb2716-99fd-4bf6-ba03-2583ffa27fa9 close()
2019-08-20 15:29:38,179 [main] INFO  server.GrpcService (GrpcService.java:closeImpl(155)) - c96ba33e-ed49-489d-8101-2a883ad7391b: shutdown server with port 46601 now
2019-08-20 15:29:38,180 [grpc-default-executor-5] WARN  server.GrpcServerProtocolService (LogUtils.java:warn(134)) - c96ba33e-ed49-489d-8101-2a883ad7391b: appendEntries onError: org.apache.ratis.thirdparty.io.grpc.StatusRuntimeException: CANCELLED: cancelled before receiving half close
2019-08-20 15:29:38,180 [main] INFO  server.GrpcService (GrpcService.java:closeImpl(163)) - c96ba33e-ed49-489d-8101-2a883ad7391b: shutdown server with port 46601 successfully
2019-08-20 15:29:38,180 [grpc-default-executor-4] WARN  server.GrpcLogAppender (LogUtils.java:warn(134)) - b8771e3f-612a-4e3a-af1f-a8b98b915a10->c96ba33e-ed49-489d-8101-2a883ad7391b: Failed appendEntries: org.apache.ratis.thirdparty.io.grpc.StatusRuntimeException: CANCELLED: HTTP/2 error code: CANCEL
Received Rst Stream
2019-08-20 15:29:38,181 [grpc-default-executor-4] INFO  impl.FollowerInfo (FollowerInfo.java:lambda$new$0(50)) - b8771e3f-612a-4e3a-af1f-a8b98b915a10->c96ba33e-ed49-489d-8101-2a883ad7391b: nextIndex: updateUnconditionally 5 -> 4
2019-08-20 15:29:38,181 [main] INFO  utils.BackgroundService (BackgroundService.java:shutdown(148)) - Shutting down service BlockDeletingService
2019-08-20 15:29:38,182 [refreshUsed-/workdir/hadoop-ozone/integration-test/target/test-dir/MiniOzoneClusterImpl-d3dddc0d-c158-44f0-ad9e-80fc57836fb1/datanode-5/data/containers] WARN  fs.CachingGetSpaceUsed (CachingGetSpaceUsed.java:run(183)) - Thread Interrupted waiting to refresh disk information: sleep interrupted
2019-08-20 15:29:38,200 [main] INFO  statemachine.DatanodeStateMachine (DatanodeStateMachine.java:stopDaemon(395)) - Ozone container server stopped.
2019-08-20 15:29:38,201 [main] INFO  handler.ContextHandler (ContextHandler.java:doStop(910)) - Stopped o.e.j.w.WebAppContext@33ccead{/,null,UNAVAILABLE}{/hddsDatanode}
2019-08-20 15:29:38,202 [main] INFO  server.AbstractConnector (AbstractConnector.java:doStop(318)) - Stopped ServerConnector@42ebece0{HTTP/1.1,[http/1.1]}{0.0.0.0:0}
2019-08-20 15:29:38,202 [main] INFO  handler.ContextHandler (ContextHandler.java:doStop(910)) - Stopped o.e.j.s.ServletContextHandler@28a3fc34{/static,jar:file:/home/user/.m2/repository/org/apache/hadoop/hadoop-hdds-container-service/0.5.0-SNAPSHOT/hadoop-hdds-container-service-0.5.0-SNAPSHOT.jar!/webapps/static,UNAVAILABLE}
2019-08-20 15:29:38,203 [main] INFO  handler.ContextHandler (ContextHandler.java:doStop(910)) - Stopped o.e.j.s.ServletContextHandler@58ac0823{/logs,file:///workdir/hadoop-ozone/integration-test/target/log,UNAVAILABLE}
2019-08-20 15:29:38,203 [main] INFO  datanode.ObjectStoreHandler (ObjectStoreHandler.java:close(155)) - Closing ObjectStoreHandler.
2019-08-20 15:29:38,204 [main] INFO  ozone.HddsDatanodeService (HddsDatanodeService.java:stop(451)) - Stopped plug-in org.apache.hadoop.ozone.web.OzoneHddsDatanodeService@470f0637
2019-08-20 15:29:38,219 [Datanode State Machine Thread - 0] INFO  statemachine.DatanodeStateMachine (DatanodeStateMachine.java:lambda$startDaemon$0(350)) - Ozone container server started.
2019-08-20 15:29:38,238 | INFO  | SCMAudit | user=jenkins1000 | ip=192.168.5.139 | op=SEND_HEARTBEAT {datanodeUUID=b8771e3f-612a-4e3a-af1f-a8b98b915a10, command=[]} | ret=SUCCESS |  
2019-08-20 15:29:38,315 [grpc-default-executor-1] WARN  server.GrpcLogAppender (LogUtils.java:warn(134)) - b8771e3f-612a-4e3a-af1f-a8b98b915a10->c96ba33e-ed49-489d-8101-2a883ad7391b: Failed appendEntries: org.apache.ratis.thirdparty.io.grpc.StatusRuntimeException: UNAVAILABLE: io exception
2019-08-20 15:29:38,315 [grpc-default-executor-1] INFO  impl.FollowerInfo (FollowerInfo.java:lambda$new$0(50)) - b8771e3f-612a-4e3a-af1f-a8b98b915a10->c96ba33e-ed49-489d-8101-2a883ad7391b: nextIndex: updateUnconditionally 4 -> 3
2019-08-20 15:29:38,816 [grpc-default-executor-1] WARN  server.GrpcLogAppender (LogUtils.java:warn(134)) - b8771e3f-612a-4e3a-af1f-a8b98b915a10->c96ba33e-ed49-489d-8101-2a883ad7391b: Failed appendEntries: org.apache.ratis.thirdparty.io.grpc.StatusRuntimeException: UNAVAILABLE: io exception
2019-08-20 15:29:38,816 [grpc-default-executor-1] INFO  impl.FollowerInfo (FollowerInfo.java:lambda$new$0(50)) - b8771e3f-612a-4e3a-af1f-a8b98b915a10->c96ba33e-ed49-489d-8101-2a883ad7391b: nextIndex: updateUnconditionally 3 -> 2
2019-08-20 15:29:38,849 | INFO  | SCMAudit | user=jenkins1000 | ip=192.168.5.139 | op=SEND_HEARTBEAT {datanodeUUID=5cf37c60-ab16-4b46-8923-a2be97bd85ed, command=[]} | ret=SUCCESS |  
2019-08-20 15:29:38,849 | INFO  | SCMAudit | user=jenkins1000 | ip=192.168.5.139 | op=SEND_HEARTBEAT {datanodeUUID=9bc9fff1-11e1-427b-a164-f7900332836f, command=[]} | ret=SUCCESS |  
2019-08-20 15:29:38,849 | INFO  | SCMAudit | user=jenkins1000 | ip=192.168.5.139 | op=SEND_HEARTBEAT {datanodeUUID=2d7c5efc-b074-4fc9-b95b-682c27e862a3, command=[]} | ret=SUCCESS |  
2019-08-20 15:29:39,239 | INFO  | SCMAudit | user=jenkins1000 | ip=192.168.5.139 | op=SEND_HEARTBEAT {datanodeUUID=b8771e3f-612a-4e3a-af1f-a8b98b915a10, command=[]} | ret=SUCCESS |  
2019-08-20 15:29:39,316 [grpc-default-executor-5] WARN  server.GrpcLogAppender (LogUtils.java:warn(134)) - b8771e3f-612a-4e3a-af1f-a8b98b915a10->c96ba33e-ed49-489d-8101-2a883ad7391b: Failed appendEntries: org.apache.ratis.thirdparty.io.grpc.StatusRuntimeException: UNAVAILABLE: io exception
2019-08-20 15:29:39,317 [grpc-default-executor-5] INFO  impl.FollowerInfo (FollowerInfo.java:lambda$new$0(50)) - b8771e3f-612a-4e3a-af1f-a8b98b915a10->c96ba33e-ed49-489d-8101-2a883ad7391b: nextIndex: updateUnconditionally 2 -> 1
2019-08-20 15:29:39,817 [grpc-default-executor-1] WARN  server.GrpcLogAppender (LogUtils.java:warn(134)) - b8771e3f-612a-4e3a-af1f-a8b98b915a10->c96ba33e-ed49-489d-8101-2a883ad7391b: Failed appendEntries: org.apache.ratis.thirdparty.io.grpc.StatusRuntimeException: UNAVAILABLE: io exception
2019-08-20 15:29:39,818 [grpc-default-executor-1] INFO  impl.FollowerInfo (FollowerInfo.java:lambda$new$0(50)) - b8771e3f-612a-4e3a-af1f-a8b98b915a10->c96ba33e-ed49-489d-8101-2a883ad7391b: nextIndex: updateUnconditionally 1 -> 0
2019-08-20 15:29:39,849 | INFO  | SCMAudit | user=jenkins1000 | ip=192.168.5.139 | op=SEND_HEARTBEAT {datanodeUUID=2d7c5efc-b074-4fc9-b95b-682c27e862a3, command=[]} | ret=SUCCESS |  
2019-08-20 15:29:39,849 | INFO  | SCMAudit | user=jenkins1000 | ip=192.168.5.139 | op=SEND_HEARTBEAT {datanodeUUID=5cf37c60-ab16-4b46-8923-a2be97bd85ed, command=[]} | ret=SUCCESS |  
2019-08-20 15:29:39,849 | INFO  | SCMAudit | user=jenkins1000 | ip=192.168.5.139 | op=SEND_HEARTBEAT {datanodeUUID=9bc9fff1-11e1-427b-a164-f7900332836f, command=[]} | ret=SUCCESS |  
2019-08-20 15:29:40,239 | INFO  | SCMAudit | user=jenkins1000 | ip=192.168.5.139 | op=SEND_HEARTBEAT {datanodeUUID=b8771e3f-612a-4e3a-af1f-a8b98b915a10, command=[]} | ret=SUCCESS |  
2019-08-20 15:29:40,318 [grpc-default-executor-5] WARN  server.GrpcLogAppender (LogUtils.java:warn(134)) - b8771e3f-612a-4e3a-af1f-a8b98b915a10->c96ba33e-ed49-489d-8101-2a883ad7391b: Failed appendEntries: org.apache.ratis.thirdparty.io.grpc.StatusRuntimeException: UNAVAILABLE: io exception
2019-08-20 15:29:40,318 [grpc-default-executor-5] INFO  impl.FollowerInfo (FollowerInfo.java:lambda$new$0(50)) - b8771e3f-612a-4e3a-af1f-a8b98b915a10->c96ba33e-ed49-489d-8101-2a883ad7391b: nextIndex: updateUnconditionally 0 -> 0
2019-08-20 15:29:40,819 [grpc-default-executor-5] WARN  server.GrpcLogAppender (LogUtils.java:warn(134)) - b8771e3f-612a-4e3a-af1f-a8b98b915a10->c96ba33e-ed49-489d-8101-2a883ad7391b: Failed appendEntries: org.apache.ratis.thirdparty.io.grpc.StatusRuntimeException: UNAVAILABLE: io exception
2019-08-20 15:29:40,819 [grpc-default-executor-5] INFO  impl.FollowerInfo (FollowerInfo.java:lambda$new$0(50)) - b8771e3f-612a-4e3a-af1f-a8b98b915a10->c96ba33e-ed49-489d-8101-2a883ad7391b: nextIndex: updateUnconditionally 0 -> 0
2019-08-20 15:29:40,849 | INFO  | SCMAudit | user=jenkins1000 | ip=192.168.5.139 | op=SEND_HEARTBEAT {datanodeUUID=9bc9fff1-11e1-427b-a164-f7900332836f, command=[]} | ret=SUCCESS |  
2019-08-20 15:29:40,849 | INFO  | SCMAudit | user=jenkins1000 | ip=192.168.5.139 | op=SEND_HEARTBEAT {datanodeUUID=5cf37c60-ab16-4b46-8923-a2be97bd85ed, command=[]} | ret=SUCCESS |  
2019-08-20 15:29:40,849 | INFO  | SCMAudit | user=jenkins1000 | ip=192.168.5.139 | op=SEND_HEARTBEAT {datanodeUUID=2d7c5efc-b074-4fc9-b95b-682c27e862a3, command=[]} | ret=SUCCESS |  
2019-08-20 15:29:41,239 | INFO  | SCMAudit | user=jenkins1000 | ip=192.168.5.139 | op=SEND_HEARTBEAT {datanodeUUID=b8771e3f-612a-4e3a-af1f-a8b98b915a10, command=[]} | ret=SUCCESS |  
2019-08-20 15:29:41,320 [grpc-default-executor-4] WARN  server.GrpcLogAppender (LogUtils.java:warn(134)) - b8771e3f-612a-4e3a-af1f-a8b98b915a10->c96ba33e-ed49-489d-8101-2a883ad7391b: Failed appendEntries: org.apache.ratis.thirdparty.io.grpc.StatusRuntimeException: UNAVAILABLE: io exception
2019-08-20 15:29:41,320 [grpc-default-executor-4] INFO  impl.FollowerInfo (FollowerInfo.java:lambda$new$0(50)) - b8771e3f-612a-4e3a-af1f-a8b98b915a10->c96ba33e-ed49-489d-8101-2a883ad7391b: nextIndex: updateUnconditionally 0 -> 0
2019-08-20 15:29:41,820 [grpc-default-executor-1] WARN  server.GrpcLogAppender (LogUtils.java:warn(134)) - b8771e3f-612a-4e3a-af1f-a8b98b915a10->c96ba33e-ed49-489d-8101-2a883ad7391b: Failed appendEntries: org.apache.ratis.thirdparty.io.grpc.StatusRuntimeException: UNAVAILABLE: io exception
2019-08-20 15:29:41,821 [grpc-default-executor-1] INFO  impl.FollowerInfo (FollowerInfo.java:lambda$new$0(50)) - b8771e3f-612a-4e3a-af1f-a8b98b915a10->c96ba33e-ed49-489d-8101-2a883ad7391b: nextIndex: updateUnconditionally 0 -> 0
2019-08-20 15:29:41,849 | INFO  | SCMAudit | user=jenkins1000 | ip=192.168.5.139 | op=SEND_HEARTBEAT {datanodeUUID=9bc9fff1-11e1-427b-a164-f7900332836f, command=[]} | ret=SUCCESS |  
2019-08-20 15:29:41,849 | INFO  | SCMAudit | user=jenkins1000 | ip=192.168.5.139 | op=SEND_HEARTBEAT {datanodeUUID=5cf37c60-ab16-4b46-8923-a2be97bd85ed, command=[]} | ret=SUCCESS |  
2019-08-20 15:29:41,850 | INFO  | SCMAudit | user=jenkins1000 | ip=192.168.5.139 | op=SEND_HEARTBEAT {datanodeUUID=2d7c5efc-b074-4fc9-b95b-682c27e862a3, command=[]} | ret=SUCCESS |  
2019-08-20 15:29:42,240 | INFO  | SCMAudit | user=jenkins1000 | ip=192.168.5.139 | op=SEND_HEARTBEAT {datanodeUUID=b8771e3f-612a-4e3a-af1f-a8b98b915a10, command=[]} | ret=SUCCESS |  
2019-08-20 15:29:42,321 [grpc-default-executor-4] WARN  server.GrpcLogAppender (LogUtils.java:warn(134)) - b8771e3f-612a-4e3a-af1f-a8b98b915a10->c96ba33e-ed49-489d-8101-2a883ad7391b: Failed appendEntries: org.apache.ratis.thirdparty.io.grpc.StatusRuntimeException: UNAVAILABLE: io exception
2019-08-20 15:29:42,322 [grpc-default-executor-4] INFO  impl.FollowerInfo (FollowerInfo.java:lambda$new$0(50)) - b8771e3f-612a-4e3a-af1f-a8b98b915a10->c96ba33e-ed49-489d-8101-2a883ad7391b: nextIndex: updateUnconditionally 0 -> 0
2019-08-20 15:29:42,822 [grpc-default-executor-1] WARN  server.GrpcLogAppender (LogUtils.java:warn(134)) - b8771e3f-612a-4e3a-af1f-a8b98b915a10->c96ba33e-ed49-489d-8101-2a883ad7391b: Failed appendEntries: org.apache.ratis.thirdparty.io.grpc.StatusRuntimeException: UNAVAILABLE: io exception
2019-08-20 15:29:42,823 [grpc-default-executor-1] INFO  impl.FollowerInfo (FollowerInfo.java:lambda$new$0(50)) - b8771e3f-612a-4e3a-af1f-a8b98b915a10->c96ba33e-ed49-489d-8101-2a883ad7391b: nextIndex: updateUnconditionally 0 -> 0
2019-08-20 15:29:42,849 | INFO  | SCMAudit | user=jenkins1000 | ip=192.168.5.139 | op=SEND_HEARTBEAT {datanodeUUID=5cf37c60-ab16-4b46-8923-a2be97bd85ed, command=[]} | ret=SUCCESS |  
2019-08-20 15:29:42,849 | INFO  | SCMAudit | user=jenkins1000 | ip=192.168.5.139 | op=SEND_HEARTBEAT {datanodeUUID=9bc9fff1-11e1-427b-a164-f7900332836f, command=[]} | ret=SUCCESS |  
2019-08-20 15:29:42,850 | INFO  | SCMAudit | user=jenkins1000 | ip=192.168.5.139 | op=SEND_HEARTBEAT {datanodeUUID=2d7c5efc-b074-4fc9-b95b-682c27e862a3, command=[]} | ret=SUCCESS |  
2019-08-20 15:29:43,204 [main] INFO  ozoneimpl.OzoneContainer (OzoneContainer.java:stop(214)) - Attempting to stop container services.
2019-08-20 15:29:43,205 [main] INFO  impl.RaftServerProxy (RaftServerProxy.java:lambda$close$4(314)) - 2027f18d-61d0-44de-a18a-8f9fe8580b83: close
2019-08-20 15:29:43,205 [main] INFO  impl.RaftServerImpl (RaftServerImpl.java:lambda$shutdown$3(245)) - 2027f18d-61d0-44de-a18a-8f9fe8580b83: shutdown group-C6A002A9F9B5
2019-08-20 15:29:43,205 [ForkJoinPool.commonPool-worker-1] INFO  impl.RaftServerImpl (RaftServerImpl.java:lambda$shutdown$3(245)) - 2027f18d-61d0-44de-a18a-8f9fe8580b83: shutdown group-2583FFA27FA9
2019-08-20 15:29:43,206 [main] INFO  util.JmxRegister (JmxRegister.java:unregister(73)) - Successfully un-registered JMX Bean with object name Ratis:service=RaftServer,group=group-C6A002A9F9B5,id=2027f18d-61d0-44de-a18a-8f9fe8580b83
2019-08-20 15:29:43,206 [ForkJoinPool.commonPool-worker-1] INFO  util.JmxRegister (JmxRegister.java:unregister(73)) - Successfully un-registered JMX Bean with object name Ratis:service=RaftServer,group=group-2583FFA27FA9,id=2027f18d-61d0-44de-a18a-8f9fe8580b83
2019-08-20 15:29:43,206 [main] INFO  impl.RoleInfo (RoleInfo.java:shutdownLeaderState(104)) - 2027f18d-61d0-44de-a18a-8f9fe8580b83: shutdown LeaderState
2019-08-20 15:29:43,206 [ForkJoinPool.commonPool-worker-1] INFO  impl.RoleInfo (RoleInfo.java:shutdownFollowerState(121)) - 2027f18d-61d0-44de-a18a-8f9fe8580b83: shutdown FollowerState
2019-08-20 15:29:43,206 [ForkJoinPool.commonPool-worker-1] INFO  impl.StateMachineUpdater (StateMachineUpdater.java:stopAndJoin(115)) - StateMachineUpdater:2027f18d-61d0-44de-a18a-8f9fe8580b83:group-2583FFA27FA9: set stopIndex = 4
2019-08-20 15:29:43,207 [Thread-1631] INFO  impl.FollowerState (FollowerState.java:run(114)) - 2027f18d-61d0-44de-a18a-8f9fe8580b83: FollowerState was interrupted: java.lang.InterruptedException: sleep interrupted
2019-08-20 15:29:43,207 [main] INFO  impl.PendingRequests (PendingRequests.java:sendNotLeaderResponses(202)) - 2027f18d-61d0-44de-a18a-8f9fe8580b83-PendingRequests: sendNotLeaderResponses
2019-08-20 15:29:43,207 [StateMachineUpdater:2027f18d-61d0-44de-a18a-8f9fe8580b83:group-2583FFA27FA9] INFO  ratis.ContainerStateMachine (ContainerStateMachine.java:takeSnapshot(271)) - group-2583FFA27FA9: Taking a snapshot at:(t:2, i:3) file /workdir/hadoop-ozone/integration-test/target/test-dir/MiniOzoneClusterImpl-d3dddc0d-c158-44f0-ad9e-80fc57836fb1/datanode-4/data/ratis/3afb2716-99fd-4bf6-ba03-2583ffa27fa9/sm/snapshot.2_3
2019-08-20 15:29:43,210 [main] INFO  impl.StateMachineUpdater (StateMachineUpdater.java:stopAndJoin(115)) - StateMachineUpdater:2027f18d-61d0-44de-a18a-8f9fe8580b83:group-C6A002A9F9B5: set stopIndex = 0
2019-08-20 15:29:43,210 [main] INFO  impl.RaftServerImpl (ServerState.java:close(394)) - 2027f18d-61d0-44de-a18a-8f9fe8580b83:group-C6A002A9F9B5 closes. The last applied log index is 0
2019-08-20 15:29:43,211 [2027f18d-61d0-44de-a18a-8f9fe8580b83-SegmentedRaftLogWorker:Storage Directory /workdir/hadoop-ozone/integration-test/target/test-dir/MiniOzoneClusterImpl-d3dddc0d-c158-44f0-ad9e-80fc57836fb1/datanode-4/data/ratis/9965ddba-6bd6-4224-9602-c6a002a9f9b5] INFO  segmented.SegmentedRaftLogWorker (SegmentedRaftLogWorker.java:run(313)) - 2027f18d-61d0-44de-a18a-8f9fe8580b83-SegmentedRaftLogWorker:Storage Directory /workdir/hadoop-ozone/integration-test/target/test-dir/MiniOzoneClusterImpl-d3dddc0d-c158-44f0-ad9e-80fc57836fb1/datanode-4/data/ratis/9965ddba-6bd6-4224-9602-c6a002a9f9b5 was interrupted, exiting. There are 0 tasks remaining in the queue.
2019-08-20 15:29:43,213 [main] INFO  segmented.SegmentedRaftLogWorker (SegmentedRaftLogWorker.java:close(228)) - 2027f18d-61d0-44de-a18a-8f9fe8580b83-SegmentedRaftLogWorker:Storage Directory /workdir/hadoop-ozone/integration-test/target/test-dir/MiniOzoneClusterImpl-d3dddc0d-c158-44f0-ad9e-80fc57836fb1/datanode-4/data/ratis/9965ddba-6bd6-4224-9602-c6a002a9f9b5 close()
2019-08-20 15:29:43,240 | INFO  | SCMAudit | user=jenkins1000 | ip=192.168.5.139 | op=SEND_HEARTBEAT {datanodeUUID=b8771e3f-612a-4e3a-af1f-a8b98b915a10, command=[]} | ret=SUCCESS |  
2019-08-20 15:29:43,323 [grpc-default-executor-5] WARN  server.GrpcLogAppender (LogUtils.java:warn(134)) - b8771e3f-612a-4e3a-af1f-a8b98b915a10->c96ba33e-ed49-489d-8101-2a883ad7391b: Failed appendEntries: org.apache.ratis.thirdparty.io.grpc.StatusRuntimeException: UNAVAILABLE: io exception
2019-08-20 15:29:43,323 [grpc-default-executor-5] INFO  impl.FollowerInfo (FollowerInfo.java:lambda$new$0(50)) - b8771e3f-612a-4e3a-af1f-a8b98b915a10->c96ba33e-ed49-489d-8101-2a883ad7391b: nextIndex: updateUnconditionally 0 -> 0
2019-08-20 15:29:43,824 [grpc-default-executor-1] WARN  server.GrpcLogAppender (LogUtils.java:warn(134)) - b8771e3f-612a-4e3a-af1f-a8b98b915a10->c96ba33e-ed49-489d-8101-2a883ad7391b: Failed appendEntries: org.apache.ratis.thirdparty.io.grpc.StatusRuntimeException: UNAVAILABLE: io exception
2019-08-20 15:29:43,824 [grpc-default-executor-1] INFO  impl.FollowerInfo (FollowerInfo.java:lambda$new$0(50)) - b8771e3f-612a-4e3a-af1f-a8b98b915a10->c96ba33e-ed49-489d-8101-2a883ad7391b: nextIndex: updateUnconditionally 0 -> 0
2019-08-20 15:29:43,850 | INFO  | SCMAudit | user=jenkins1000 | ip=192.168.5.139 | op=SEND_HEARTBEAT {datanodeUUID=9bc9fff1-11e1-427b-a164-f7900332836f, command=[]} | ret=SUCCESS |  
2019-08-20 15:29:43,850 | INFO  | SCMAudit | user=jenkins1000 | ip=192.168.5.139 | op=SEND_HEARTBEAT {datanodeUUID=5cf37c60-ab16-4b46-8923-a2be97bd85ed, command=[]} | ret=SUCCESS |  
2019-08-20 15:29:43,850 | INFO  | SCMAudit | user=jenkins1000 | ip=192.168.5.139 | op=SEND_HEARTBEAT {datanodeUUID=2d7c5efc-b074-4fc9-b95b-682c27e862a3, command=[]} | ret=SUCCESS |  
2019-08-20 15:29:44,240 | INFO  | SCMAudit | user=jenkins1000 | ip=192.168.5.139 | op=SEND_HEARTBEAT {datanodeUUID=b8771e3f-612a-4e3a-af1f-a8b98b915a10, command=[]} | ret=SUCCESS |  
2019-08-20 15:29:44,324 [grpc-default-executor-5] WARN  server.GrpcLogAppender (LogUtils.java:warn(134)) - b8771e3f-612a-4e3a-af1f-a8b98b915a10->c96ba33e-ed49-489d-8101-2a883ad7391b: Failed appendEntries: org.apache.ratis.thirdparty.io.grpc.StatusRuntimeException: UNAVAILABLE: io exception
2019-08-20 15:29:44,324 [grpc-default-executor-5] INFO  impl.FollowerInfo (FollowerInfo.java:lambda$new$0(50)) - b8771e3f-612a-4e3a-af1f-a8b98b915a10->c96ba33e-ed49-489d-8101-2a883ad7391b: nextIndex: updateUnconditionally 0 -> 0
2019-08-20 15:29:44,825 [grpc-default-executor-5] WARN  server.GrpcLogAppender (LogUtils.java:warn(134)) - b8771e3f-612a-4e3a-af1f-a8b98b915a10->c96ba33e-ed49-489d-8101-2a883ad7391b: Failed appendEntries: org.apache.ratis.thirdparty.io.grpc.StatusRuntimeException: UNAVAILABLE: io exception
2019-08-20 15:29:44,826 [grpc-default-executor-5] INFO  impl.FollowerInfo (FollowerInfo.java:lambda$new$0(50)) - b8771e3f-612a-4e3a-af1f-a8b98b915a10->c96ba33e-ed49-489d-8101-2a883ad7391b: nextIndex: updateUnconditionally 0 -> 0
2019-08-20 15:29:44,850 | INFO  | SCMAudit | user=jenkins1000 | ip=192.168.5.139 | op=SEND_HEARTBEAT {datanodeUUID=2d7c5efc-b074-4fc9-b95b-682c27e862a3, command=[]} | ret=SUCCESS |  
2019-08-20 15:29:44,850 | INFO  | SCMAudit | user=jenkins1000 | ip=192.168.5.139 | op=SEND_HEARTBEAT {datanodeUUID=9bc9fff1-11e1-427b-a164-f7900332836f, command=[]} | ret=SUCCESS |  
2019-08-20 15:29:44,850 | INFO  | SCMAudit | user=jenkins1000 | ip=192.168.5.139 | op=SEND_HEARTBEAT {datanodeUUID=5cf37c60-ab16-4b46-8923-a2be97bd85ed, command=[]} | ret=SUCCESS |  
2019-08-20 15:29:45,240 | INFO  | SCMAudit | user=jenkins1000 | ip=192.168.5.139 | op=SEND_HEARTBEAT {datanodeUUID=b8771e3f-612a-4e3a-af1f-a8b98b915a10, command=[]} | ret=SUCCESS |  
2019-08-20 15:29:45,326 [grpc-default-executor-1] WARN  server.GrpcLogAppender (LogUtils.java:warn(134)) - b8771e3f-612a-4e3a-af1f-a8b98b915a10->c96ba33e-ed49-489d-8101-2a883ad7391b: Failed appendEntries: org.apache.ratis.thirdparty.io.grpc.StatusRuntimeException: UNAVAILABLE: io exception
2019-08-20 15:29:45,326 [grpc-default-executor-1] INFO  impl.FollowerInfo (FollowerInfo.java:lambda$new$0(50)) - b8771e3f-612a-4e3a-af1f-a8b98b915a10->c96ba33e-ed49-489d-8101-2a883ad7391b: nextIndex: updateUnconditionally 0 -> 0
2019-08-20 15:29:45,827 [grpc-default-executor-5] WARN  server.GrpcLogAppender (LogUtils.java:warn(134)) - b8771e3f-612a-4e3a-af1f-a8b98b915a10->c96ba33e-ed49-489d-8101-2a883ad7391b: Failed appendEntries: org.apache.ratis.thirdparty.io.grpc.StatusRuntimeException: UNAVAILABLE: io exception
2019-08-20 15:29:45,827 [grpc-default-executor-5] INFO  impl.FollowerInfo (FollowerInfo.java:lambda$new$0(50)) - b8771e3f-612a-4e3a-af1f-a8b98b915a10->c96ba33e-ed49-489d-8101-2a883ad7391b: nextIndex: updateUnconditionally 0 -> 0
2019-08-20 15:29:45,850 | INFO  | SCMAudit | user=jenkins1000 | ip=192.168.5.139 | op=SEND_HEARTBEAT {datanodeUUID=5cf37c60-ab16-4b46-8923-a2be97bd85ed, command=[]} | ret=SUCCESS |  
2019-08-20 15:29:45,850 | INFO  | SCMAudit | user=jenkins1000 | ip=192.168.5.139 | op=SEND_HEARTBEAT {datanodeUUID=2d7c5efc-b074-4fc9-b95b-682c27e862a3, command=[]} | ret=SUCCESS |  
2019-08-20 15:29:45,850 | INFO  | SCMAudit | user=jenkins1000 | ip=192.168.5.139 | op=SEND_HEARTBEAT {datanodeUUID=9bc9fff1-11e1-427b-a164-f7900332836f, command=[]} | ret=SUCCESS |  
2019-08-20 15:29:46,240 | INFO  | SCMAudit | user=jenkins1000 | ip=192.168.5.139 | op=SEND_HEARTBEAT {datanodeUUID=b8771e3f-612a-4e3a-af1f-a8b98b915a10, command=[]} | ret=SUCCESS |  
2019-08-20 15:29:46,328 [grpc-default-executor-4] WARN  server.GrpcLogAppender (LogUtils.java:warn(134)) - b8771e3f-612a-4e3a-af1f-a8b98b915a10->c96ba33e-ed49-489d-8101-2a883ad7391b: Failed appendEntries: org.apache.ratis.thirdparty.io.grpc.StatusRuntimeException: UNAVAILABLE: io exception
2019-08-20 15:29:46,329 [java.util.concurrent.ThreadPoolExecutor$Worker@1abfce65[State = -1, empty queue]] WARN  server.GrpcLogAppender (GrpcLogAppender.java:timeoutAppendRequest(200)) - GrpcLogAppender(b8771e3f-612a-4e3a-af1f-a8b98b915a10->2027f18d-61d0-44de-a18a-8f9fe8580b83): appendEntries Timeout, request=b8771e3f-612a-4e3a-af1f-a8b98b915a10->2027f18d-61d0-44de-a18a-8f9fe8580b83#23-t2, previous=(t:2, i:4), leaderCommit=4, initializing? false, entries: <empty>
2019-08-20 15:29:46,329 [grpc-default-executor-4] INFO  impl.FollowerInfo (FollowerInfo.java:lambda$new$0(50)) - b8771e3f-612a-4e3a-af1f-a8b98b915a10->c96ba33e-ed49-489d-8101-2a883ad7391b: nextIndex: updateUnconditionally 0 -> 0
2019-08-20 15:29:46,828 [grpc-default-executor-5] WARN  server.GrpcLogAppender (LogUtils.java:warn(134)) - b8771e3f-612a-4e3a-af1f-a8b98b915a10->c96ba33e-ed49-489d-8101-2a883ad7391b: Failed appendEntries: org.apache.ratis.thirdparty.io.grpc.StatusRuntimeException: UNAVAILABLE: io exception
2019-08-20 15:29:46,828 [grpc-default-executor-5] INFO  impl.FollowerInfo (FollowerInfo.java:lambda$new$0(50)) - b8771e3f-612a-4e3a-af1f-a8b98b915a10->c96ba33e-ed49-489d-8101-2a883ad7391b: nextIndex: updateUnconditionally 0 -> 0
2019-08-20 15:29:46,829 [java.util.concurrent.ThreadPoolExecutor$Worker@1abfce65[State = -1, empty queue]] WARN  server.GrpcLogAppender (GrpcLogAppender.java:timeoutAppendRequest(200)) - GrpcLogAppender(b8771e3f-612a-4e3a-af1f-a8b98b915a10->2027f18d-61d0-44de-a18a-8f9fe8580b83): appendEntries Timeout, request=b8771e3f-612a-4e3a-af1f-a8b98b915a10->2027f18d-61d0-44de-a18a-8f9fe8580b83#24-t2, previous=(t:2, i:4), leaderCommit=4, initializing? false, entries: <empty>
2019-08-20 15:29:46,850 | INFO  | SCMAudit | user=jenkins1000 | ip=192.168.5.139 | op=SEND_HEARTBEAT {datanodeUUID=9bc9fff1-11e1-427b-a164-f7900332836f, command=[]} | ret=SUCCESS |  
2019-08-20 15:29:46,850 | INFO  | SCMAudit | user=jenkins1000 | ip=192.168.5.139 | op=SEND_HEARTBEAT {datanodeUUID=2d7c5efc-b074-4fc9-b95b-682c27e862a3, command=[]} | ret=SUCCESS |  
2019-08-20 15:29:46,853 | INFO  | SCMAudit | user=jenkins1000 | ip=192.168.5.139 | op=SEND_HEARTBEAT {datanodeUUID=5cf37c60-ab16-4b46-8923-a2be97bd85ed, command=[]} | ret=SUCCESS |  
2019-08-20 15:29:47,240 | INFO  | SCMAudit | user=jenkins1000 | ip=192.168.5.139 | op=SEND_HEARTBEAT {datanodeUUID=b8771e3f-612a-4e3a-af1f-a8b98b915a10, command=[]} | ret=SUCCESS |  
2019-08-20 15:29:47,329 [grpc-default-executor-5] WARN  server.GrpcLogAppender (LogUtils.java:warn(134)) - b8771e3f-612a-4e3a-af1f-a8b98b915a10->c96ba33e-ed49-489d-8101-2a883ad7391b: Failed appendEntries: org.apache.ratis.thirdparty.io.grpc.StatusRuntimeException: UNAVAILABLE: io exception
2019-08-20 15:29:47,329 [java.util.concurrent.ThreadPoolExecutor$Worker@1abfce65[State = -1, empty queue]] WARN  server.GrpcLogAppender (GrpcLogAppender.java:timeoutAppendRequest(200)) - GrpcLogAppender(b8771e3f-612a-4e3a-af1f-a8b98b915a10->2027f18d-61d0-44de-a18a-8f9fe8580b83): appendEntries Timeout, request=b8771e3f-612a-4e3a-af1f-a8b98b915a10->2027f18d-61d0-44de-a18a-8f9fe8580b83#25-t2, previous=(t:2, i:4), leaderCommit=4, initializing? false, entries: <empty>
2019-08-20 15:29:47,329 [grpc-default-executor-5] INFO  impl.FollowerInfo (FollowerInfo.java:lambda$new$0(50)) - b8771e3f-612a-4e3a-af1f-a8b98b915a10->c96ba33e-ed49-489d-8101-2a883ad7391b: nextIndex: updateUnconditionally 0 -> 0
2019-08-20 15:29:47,829 [java.util.concurrent.ThreadPoolExecutor$Worker@1abfce65[State = -1, empty queue]] WARN  server.GrpcLogAppender (GrpcLogAppender.java:timeoutAppendRequest(200)) - GrpcLogAppender(b8771e3f-612a-4e3a-af1f-a8b98b915a10->2027f18d-61d0-44de-a18a-8f9fe8580b83): appendEntries Timeout, request=b8771e3f-612a-4e3a-af1f-a8b98b915a10->2027f18d-61d0-44de-a18a-8f9fe8580b83#26-t2, previous=(t:2, i:4), leaderCommit=4, initializing? false, entries: <empty>
2019-08-20 15:29:47,830 [grpc-default-executor-5] WARN  server.GrpcLogAppender (LogUtils.java:warn(134)) - b8771e3f-612a-4e3a-af1f-a8b98b915a10->c96ba33e-ed49-489d-8101-2a883ad7391b: Failed appendEntries: org.apache.ratis.thirdparty.io.grpc.StatusRuntimeException: UNAVAILABLE: io exception
2019-08-20 15:29:47,830 [grpc-default-executor-5] INFO  impl.FollowerInfo (FollowerInfo.java:lambda$new$0(50)) - b8771e3f-612a-4e3a-af1f-a8b98b915a10->c96ba33e-ed49-489d-8101-2a883ad7391b: nextIndex: updateUnconditionally 0 -> 0
2019-08-20 15:29:47,850 | INFO  | SCMAudit | user=jenkins1000 | ip=192.168.5.139 | op=SEND_HEARTBEAT {datanodeUUID=2d7c5efc-b074-4fc9-b95b-682c27e862a3, command=[]} | ret=SUCCESS |  
2019-08-20 15:29:47,850 | INFO  | SCMAudit | user=jenkins1000 | ip=192.168.5.139 | op=SEND_HEARTBEAT {datanodeUUID=9bc9fff1-11e1-427b-a164-f7900332836f, command=[]} | ret=SUCCESS |  
2019-08-20 15:29:47,853 | INFO  | SCMAudit | user=jenkins1000 | ip=192.168.5.139 | op=SEND_HEARTBEAT {datanodeUUID=5cf37c60-ab16-4b46-8923-a2be97bd85ed, command=[]} | ret=SUCCESS |  
2019-08-20 15:29:48,240 | INFO  | SCMAudit | user=jenkins1000 | ip=192.168.5.139 | op=SEND_HEARTBEAT {datanodeUUID=b8771e3f-612a-4e3a-af1f-a8b98b915a10, command=[]} | ret=SUCCESS |  
2019-08-20 15:29:48,330 [java.util.concurrent.ThreadPoolExecutor$Worker@1abfce65[State = -1, empty queue]] WARN  server.GrpcLogAppender (GrpcLogAppender.java:timeoutAppendRequest(200)) - GrpcLogAppender(b8771e3f-612a-4e3a-af1f-a8b98b915a10->2027f18d-61d0-44de-a18a-8f9fe8580b83): appendEntries Timeout, request=b8771e3f-612a-4e3a-af1f-a8b98b915a10->2027f18d-61d0-44de-a18a-8f9fe8580b83#27-t2, previous=(t:2, i:4), leaderCommit=4, initializing? false, entries: <empty>
2019-08-20 15:29:48,331 [grpc-default-executor-4] WARN  server.GrpcLogAppender (LogUtils.java:warn(134)) - b8771e3f-612a-4e3a-af1f-a8b98b915a10->c96ba33e-ed49-489d-8101-2a883ad7391b: Failed appendEntries: org.apache.ratis.thirdparty.io.grpc.StatusRuntimeException: UNAVAILABLE: io exception
2019-08-20 15:29:48,331 [grpc-default-executor-4] INFO  impl.FollowerInfo (FollowerInfo.java:lambda$new$0(50)) - b8771e3f-612a-4e3a-af1f-a8b98b915a10->c96ba33e-ed49-489d-8101-2a883ad7391b: nextIndex: updateUnconditionally 0 -> 0
2019-08-20 15:29:48,454 [StateMachineUpdater:2027f18d-61d0-44de-a18a-8f9fe8580b83:group-2583FFA27FA9] INFO  ratis.ContainerStateMachine (ContainerStateMachine.java:takeSnapshot(282)) - group-2583FFA27FA9: Finished taking a snapshot at:(t:2, i:3) file:/workdir/hadoop-ozone/integration-test/target/test-dir/MiniOzoneClusterImpl-d3dddc0d-c158-44f0-ad9e-80fc57836fb1/datanode-4/data/ratis/3afb2716-99fd-4bf6-ba03-2583ffa27fa9/sm/snapshot.2_3 time:5248
2019-08-20 15:29:48,455 [StateMachineUpdater:2027f18d-61d0-44de-a18a-8f9fe8580b83:group-2583FFA27FA9] INFO  impl.StateMachineUpdater (StateMachineUpdater.java:takeSnapshot(242)) - StateMachineUpdater:2027f18d-61d0-44de-a18a-8f9fe8580b83:group-2583FFA27FA9: Took a snapshot at index 3
2019-08-20 15:29:48,455 [StateMachineUpdater:2027f18d-61d0-44de-a18a-8f9fe8580b83:group-2583FFA27FA9] INFO  impl.StateMachineUpdater (StateMachineUpdater.java:lambda$new$0(80)) - StateMachineUpdater:2027f18d-61d0-44de-a18a-8f9fe8580b83:group-2583FFA27FA9: snapshotIndex: updateIncreasingly -1 -> 3
2019-08-20 15:29:48,455 [ForkJoinPool.commonPool-worker-1] INFO  impl.RaftServerImpl (ServerState.java:close(394)) - 2027f18d-61d0-44de-a18a-8f9fe8580b83:group-2583FFA27FA9 closes. The last applied log index is 4
2019-08-20 15:29:48,456 [2027f18d-61d0-44de-a18a-8f9fe8580b83-SegmentedRaftLogWorker:Storage Directory /workdir/hadoop-ozone/integration-test/target/test-dir/MiniOzoneClusterImpl-d3dddc0d-c158-44f0-ad9e-80fc57836fb1/datanode-4/data/ratis/3afb2716-99fd-4bf6-ba03-2583ffa27fa9] INFO  segmented.SegmentedRaftLogWorker (SegmentedRaftLogWorker.java:run(313)) - 2027f18d-61d0-44de-a18a-8f9fe8580b83-SegmentedRaftLogWorker:Storage Directory /workdir/hadoop-ozone/integration-test/target/test-dir/MiniOzoneClusterImpl-d3dddc0d-c158-44f0-ad9e-80fc57836fb1/datanode-4/data/ratis/3afb2716-99fd-4bf6-ba03-2583ffa27fa9 was interrupted, exiting. There are 0 tasks remaining in the queue.
2019-08-20 15:29:48,459 [ForkJoinPool.commonPool-worker-1] INFO  segmented.SegmentedRaftLogWorker (SegmentedRaftLogWorker.java:close(228)) - 2027f18d-61d0-44de-a18a-8f9fe8580b83-SegmentedRaftLogWorker:Storage Directory /workdir/hadoop-ozone/integration-test/target/test-dir/MiniOzoneClusterImpl-d3dddc0d-c158-44f0-ad9e-80fc57836fb1/datanode-4/data/ratis/3afb2716-99fd-4bf6-ba03-2583ffa27fa9 close()
2019-08-20 15:29:48,461 [main] INFO  server.GrpcService (GrpcService.java:closeImpl(155)) - 2027f18d-61d0-44de-a18a-8f9fe8580b83: shutdown server with port 44922 now
2019-08-20 15:29:48,463 [grpc-default-executor-5] WARN  server.GrpcServerProtocolService (LogUtils.java:warn(134)) - 2027f18d-61d0-44de-a18a-8f9fe8580b83: appendEntries onError: org.apache.ratis.thirdparty.io.grpc.StatusRuntimeException: CANCELLED: cancelled before receiving half close
2019-08-20 15:29:48,463 [main] INFO  server.GrpcService (GrpcService.java:closeImpl(163)) - 2027f18d-61d0-44de-a18a-8f9fe8580b83: shutdown server with port 44922 successfully
2019-08-20 15:29:48,463 [grpc-default-executor-4] WARN  server.GrpcLogAppender (LogUtils.java:warn(134)) - b8771e3f-612a-4e3a-af1f-a8b98b915a10->2027f18d-61d0-44de-a18a-8f9fe8580b83: Failed appendEntries: org.apache.ratis.thirdparty.io.grpc.StatusRuntimeException: CANCELLED: HTTP/2 error code: CANCEL
Received Rst Stream
2019-08-20 15:29:48,464 [grpc-default-executor-4] INFO  impl.FollowerInfo (FollowerInfo.java:lambda$new$0(50)) - b8771e3f-612a-4e3a-af1f-a8b98b915a10->2027f18d-61d0-44de-a18a-8f9fe8580b83: nextIndex: updateUnconditionally 5 -> 4
2019-08-20 15:29:48,464 [main] INFO  utils.BackgroundService (BackgroundService.java:shutdown(148)) - Shutting down service BlockDeletingService
2019-08-20 15:29:48,465 [refreshUsed-/workdir/hadoop-ozone/integration-test/target/test-dir/MiniOzoneClusterImpl-d3dddc0d-c158-44f0-ad9e-80fc57836fb1/datanode-4/data/containers] WARN  fs.CachingGetSpaceUsed (CachingGetSpaceUsed.java:run(183)) - Thread Interrupted waiting to refresh disk information: sleep interrupted
2019-08-20 15:29:48,484 [main] INFO  statemachine.DatanodeStateMachine (DatanodeStateMachine.java:stopDaemon(395)) - Ozone container server stopped.
2019-08-20 15:29:48,485 [main] INFO  handler.ContextHandler (ContextHandler.java:doStop(910)) - Stopped o.e.j.w.WebAppContext@41492479{/,null,UNAVAILABLE}{/hddsDatanode}
2019-08-20 15:29:48,486 [main] INFO  server.AbstractConnector (AbstractConnector.java:doStop(318)) - Stopped ServerConnector@7bef7505{HTTP/1.1,[http/1.1]}{0.0.0.0:0}
2019-08-20 15:29:48,486 [main] INFO  handler.ContextHandler (ContextHandler.java:doStop(910)) - Stopped o.e.j.s.ServletContextHandler@999cd18{/static,jar:file:/home/user/.m2/repository/org/apache/hadoop/hadoop-hdds-container-service/0.5.0-SNAPSHOT/hadoop-hdds-container-service-0.5.0-SNAPSHOT.jar!/webapps/static,UNAVAILABLE}
2019-08-20 15:29:48,487 [main] INFO  handler.ContextHandler (ContextHandler.java:doStop(910)) - Stopped o.e.j.s.ServletContextHandler@645c9f0f{/logs,file:///workdir/hadoop-ozone/integration-test/target/log,UNAVAILABLE}
2019-08-20 15:29:48,506 [grpc-default-executor-3] WARN  server.GrpcLogAppender (LogUtils.java:warn(134)) - b8771e3f-612a-4e3a-af1f-a8b98b915a10->c96ba33e-ed49-489d-8101-2a883ad7391b: Failed appendEntries: org.apache.ratis.thirdparty.io.grpc.StatusRuntimeException: UNAVAILABLE: io exception
2019-08-20 15:29:48,506 [grpc-default-executor-4] WARN  server.GrpcLogAppender (LogUtils.java:warn(134)) - b8771e3f-612a-4e3a-af1f-a8b98b915a10->2027f18d-61d0-44de-a18a-8f9fe8580b83: Failed appendEntries: org.apache.ratis.thirdparty.io.grpc.StatusRuntimeException: UNAVAILABLE: io exception
2019-08-20 15:29:48,509 | INFO  | DNAudit | user=null | ip=null | op=WRITE_CHUNK {blockData=conID: 2 locID: 102650018077343753 bcsId: 3} | ret=SUCCESS |  
2019-08-20 15:29:48,509 | INFO  | DNAudit | user=null | ip=null | op=READ_CHUNK {blockData=conID: 2 locID: 102650018077343753 bcsId: 0} | ret=SUCCESS |  
2019-08-20 15:29:48,509 [grpc-default-executor-3] INFO  impl.FollowerInfo (FollowerInfo.java:lambda$new$0(50)) - b8771e3f-612a-4e3a-af1f-a8b98b915a10->c96ba33e-ed49-489d-8101-2a883ad7391b: nextIndex: updateUnconditionally 1 -> 0
2019-08-20 15:29:48,509 [grpc-default-executor-4] INFO  impl.FollowerInfo (FollowerInfo.java:lambda$new$0(50)) - b8771e3f-612a-4e3a-af1f-a8b98b915a10->2027f18d-61d0-44de-a18a-8f9fe8580b83: nextIndex: updateUnconditionally 5 -> 4
2019-08-20 15:29:48,850 | INFO  | SCMAudit | user=jenkins1000 | ip=192.168.5.139 | op=SEND_HEARTBEAT {datanodeUUID=9bc9fff1-11e1-427b-a164-f7900332836f, command=[]} | ret=SUCCESS |  
2019-08-20 15:29:48,850 | INFO  | SCMAudit | user=jenkins1000 | ip=192.168.5.139 | op=SEND_HEARTBEAT {datanodeUUID=2d7c5efc-b074-4fc9-b95b-682c27e862a3, command=[]} | ret=SUCCESS |  
2019-08-20 15:29:48,853 | INFO  | SCMAudit | user=jenkins1000 | ip=192.168.5.139 | op=SEND_HEARTBEAT {datanodeUUID=5cf37c60-ab16-4b46-8923-a2be97bd85ed, command=[]} | ret=SUCCESS |  
2019-08-20 15:29:49,007 [grpc-default-executor-4] WARN  server.GrpcLogAppender (LogUtils.java:warn(134)) - b8771e3f-612a-4e3a-af1f-a8b98b915a10->2027f18d-61d0-44de-a18a-8f9fe8580b83: Failed appendEntries: org.apache.ratis.thirdparty.io.grpc.StatusRuntimeException: UNAVAILABLE: io exception
2019-08-20 15:29:49,007 [grpc-default-executor-3] WARN  server.GrpcLogAppender (LogUtils.java:warn(134)) - b8771e3f-612a-4e3a-af1f-a8b98b915a10->c96ba33e-ed49-489d-8101-2a883ad7391b: Failed appendEntries: org.apache.ratis.thirdparty.io.grpc.StatusRuntimeException: UNAVAILABLE: io exception
2019-08-20 15:29:49,007 [grpc-default-executor-4] INFO  impl.FollowerInfo (FollowerInfo.java:lambda$new$0(50)) - b8771e3f-612a-4e3a-af1f-a8b98b915a10->2027f18d-61d0-44de-a18a-8f9fe8580b83: nextIndex: updateUnconditionally 4 -> 3
2019-08-20 15:29:49,007 [grpc-default-executor-3] INFO  impl.FollowerInfo (FollowerInfo.java:lambda$new$0(50)) - b8771e3f-612a-4e3a-af1f-a8b98b915a10->c96ba33e-ed49-489d-8101-2a883ad7391b: nextIndex: updateUnconditionally 0 -> 0
2019-08-20 15:29:49,240 | INFO  | SCMAudit | user=jenkins1000 | ip=192.168.5.139 | op=SEND_HEARTBEAT {datanodeUUID=b8771e3f-612a-4e3a-af1f-a8b98b915a10, command=[]} | ret=SUCCESS |  
2019-08-20 15:29:49,508 [grpc-default-executor-1] WARN  server.GrpcLogAppender (LogUtils.java:warn(134)) - b8771e3f-612a-4e3a-af1f-a8b98b915a10->c96ba33e-ed49-489d-8101-2a883ad7391b: Failed appendEntries: org.apache.ratis.thirdparty.io.grpc.StatusRuntimeException: UNAVAILABLE: io exception
2019-08-20 15:29:49,508 [grpc-default-executor-4] WARN  server.GrpcLogAppender (LogUtils.java:warn(134)) - b8771e3f-612a-4e3a-af1f-a8b98b915a10->2027f18d-61d0-44de-a18a-8f9fe8580b83: Failed appendEntries: org.apache.ratis.thirdparty.io.grpc.StatusRuntimeException: UNAVAILABLE: io exception
2019-08-20 15:29:49,508 [grpc-default-executor-1] INFO  impl.FollowerInfo (FollowerInfo.java:lambda$new$0(50)) - b8771e3f-612a-4e3a-af1f-a8b98b915a10->c96ba33e-ed49-489d-8101-2a883ad7391b: nextIndex: updateUnconditionally 0 -> 0
2019-08-20 15:29:49,509 [grpc-default-executor-4] INFO  impl.FollowerInfo (FollowerInfo.java:lambda$new$0(50)) - b8771e3f-612a-4e3a-af1f-a8b98b915a10->2027f18d-61d0-44de-a18a-8f9fe8580b83: nextIndex: updateUnconditionally 3 -> 2
2019-08-20 15:29:49,850 | INFO  | SCMAudit | user=jenkins1000 | ip=192.168.5.139 | op=SEND_HEARTBEAT {datanodeUUID=9bc9fff1-11e1-427b-a164-f7900332836f, command=[]} | ret=SUCCESS |  
2019-08-20 15:29:49,850 | INFO  | SCMAudit | user=jenkins1000 | ip=192.168.5.139 | op=SEND_HEARTBEAT {datanodeUUID=2d7c5efc-b074-4fc9-b95b-682c27e862a3, command=[]} | ret=SUCCESS |  
2019-08-20 15:29:49,853 | INFO  | SCMAudit | user=jenkins1000 | ip=192.168.5.139 | op=SEND_HEARTBEAT {datanodeUUID=5cf37c60-ab16-4b46-8923-a2be97bd85ed, command=[]} | ret=SUCCESS |  
2019-08-20 15:29:50,009 [grpc-default-executor-0] WARN  server.GrpcLogAppender (LogUtils.java:warn(134)) - b8771e3f-612a-4e3a-af1f-a8b98b915a10->c96ba33e-ed49-489d-8101-2a883ad7391b: Failed appendEntries: org.apache.ratis.thirdparty.io.grpc.StatusRuntimeException: UNAVAILABLE: io exception
2019-08-20 15:29:50,009 [grpc-default-executor-4] WARN  server.GrpcLogAppender (LogUtils.java:warn(134)) - b8771e3f-612a-4e3a-af1f-a8b98b915a10->2027f18d-61d0-44de-a18a-8f9fe8580b83: Failed appendEntries: org.apache.ratis.thirdparty.io.grpc.StatusRuntimeException: UNAVAILABLE: io exception
2019-08-20 15:29:50,009 [grpc-default-executor-0] INFO  impl.FollowerInfo (FollowerInfo.java:lambda$new$0(50)) - b8771e3f-612a-4e3a-af1f-a8b98b915a10->c96ba33e-ed49-489d-8101-2a883ad7391b: nextIndex: updateUnconditionally 0 -> 0
2019-08-20 15:29:50,010 [grpc-default-executor-4] INFO  impl.FollowerInfo (FollowerInfo.java:lambda$new$0(50)) - b8771e3f-612a-4e3a-af1f-a8b98b915a10->2027f18d-61d0-44de-a18a-8f9fe8580b83: nextIndex: updateUnconditionally 2 -> 1
2019-08-20 15:29:50,241 | INFO  | SCMAudit | user=jenkins1000 | ip=192.168.5.139 | op=SEND_HEARTBEAT {datanodeUUID=b8771e3f-612a-4e3a-af1f-a8b98b915a10, command=[]} | ret=SUCCESS |  
2019-08-20 15:29:50,510 [grpc-default-executor-4] WARN  server.GrpcLogAppender (LogUtils.java:warn(134)) - b8771e3f-612a-4e3a-af1f-a8b98b915a10->c96ba33e-ed49-489d-8101-2a883ad7391b: Failed appendEntries: org.apache.ratis.thirdparty.io.grpc.StatusRuntimeException: UNAVAILABLE: io exception
2019-08-20 15:29:50,510 [grpc-default-executor-0] WARN  server.GrpcLogAppender (LogUtils.java:warn(134)) - b8771e3f-612a-4e3a-af1f-a8b98b915a10->2027f18d-61d0-44de-a18a-8f9fe8580b83: Failed appendEntries: org.apache.ratis.thirdparty.io.grpc.StatusRuntimeException: UNAVAILABLE: io exception
2019-08-20 15:29:50,511 [grpc-default-executor-4] INFO  impl.FollowerInfo (FollowerInfo.java:lambda$new$0(50)) - b8771e3f-612a-4e3a-af1f-a8b98b915a10->c96ba33e-ed49-489d-8101-2a883ad7391b: nextIndex: updateUnconditionally 0 -> 0
2019-08-20 15:29:50,511 [grpc-default-executor-0] INFO  impl.FollowerInfo (FollowerInfo.java:lambda$new$0(50)) - b8771e3f-612a-4e3a-af1f-a8b98b915a10->2027f18d-61d0-44de-a18a-8f9fe8580b83: nextIndex: updateUnconditionally 1 -> 0
2019-08-20 15:29:50,851 | INFO  | SCMAudit | user=jenkins1000 | ip=192.168.5.139 | op=SEND_HEARTBEAT {datanodeUUID=9bc9fff1-11e1-427b-a164-f7900332836f, command=[]} | ret=SUCCESS |  
2019-08-20 15:29:50,851 | INFO  | SCMAudit | user=jenkins1000 | ip=192.168.5.139 | op=SEND_HEARTBEAT {datanodeUUID=2d7c5efc-b074-4fc9-b95b-682c27e862a3, command=[]} | ret=SUCCESS |  
2019-08-20 15:29:50,853 | INFO  | SCMAudit | user=jenkins1000 | ip=192.168.5.139 | op=SEND_HEARTBEAT {datanodeUUID=5cf37c60-ab16-4b46-8923-a2be97bd85ed, command=[]} | ret=SUCCESS |  
2019-08-20 15:29:51,011 [grpc-default-executor-0] WARN  server.GrpcLogAppender (LogUtils.java:warn(134)) - b8771e3f-612a-4e3a-af1f-a8b98b915a10->2027f18d-61d0-44de-a18a-8f9fe8580b83: Failed appendEntries: org.apache.ratis.thirdparty.io.grpc.StatusRuntimeException: UNAVAILABLE: io exception
2019-08-20 15:29:51,011 [grpc-default-executor-4] WARN  server.GrpcLogAppender (LogUtils.java:warn(134)) - b8771e3f-612a-4e3a-af1f-a8b98b915a10->c96ba33e-ed49-489d-8101-2a883ad7391b: Failed appendEntries: org.apache.ratis.thirdparty.io.grpc.StatusRuntimeException: UNAVAILABLE: io exception
2019-08-20 15:29:51,011 [grpc-default-executor-0] INFO  impl.FollowerInfo (FollowerInfo.java:lambda$new$0(50)) - b8771e3f-612a-4e3a-af1f-a8b98b915a10->2027f18d-61d0-44de-a18a-8f9fe8580b83: nextIndex: updateUnconditionally 0 -> 0
2019-08-20 15:29:51,012 [grpc-default-executor-4] INFO  impl.FollowerInfo (FollowerInfo.java:lambda$new$0(50)) - b8771e3f-612a-4e3a-af1f-a8b98b915a10->c96ba33e-ed49-489d-8101-2a883ad7391b: nextIndex: updateUnconditionally 0 -> 0
2019-08-20 15:29:51,240 | INFO  | SCMAudit | user=jenkins1000 | ip=192.168.5.139 | op=SEND_HEARTBEAT {datanodeUUID=b8771e3f-612a-4e3a-af1f-a8b98b915a10, command=[]} | ret=SUCCESS |  
2019-08-20 15:29:51,513 [grpc-default-executor-5] WARN  server.GrpcLogAppender (LogUtils.java:warn(134)) - b8771e3f-612a-4e3a-af1f-a8b98b915a10->c96ba33e-ed49-489d-8101-2a883ad7391b: Failed appendEntries: org.apache.ratis.thirdparty.io.grpc.StatusRuntimeException: UNAVAILABLE: io exception
2019-08-20 15:29:51,513 [grpc-default-executor-2] WARN  server.GrpcLogAppender (LogUtils.java:warn(134)) - b8771e3f-612a-4e3a-af1f-a8b98b915a10->2027f18d-61d0-44de-a18a-8f9fe8580b83: Failed appendEntries: org.apache.ratis.thirdparty.io.grpc.StatusRuntimeException: UNAVAILABLE: io exception
2019-08-20 15:29:51,514 [grpc-default-executor-5] INFO  impl.FollowerInfo (FollowerInfo.java:lambda$new$0(50)) - b8771e3f-612a-4e3a-af1f-a8b98b915a10->c96ba33e-ed49-489d-8101-2a883ad7391b: nextIndex: updateUnconditionally 0 -> 0
2019-08-20 15:29:51,514 [grpc-default-executor-2] INFO  impl.FollowerInfo (FollowerInfo.java:lambda$new$0(50)) - b8771e3f-612a-4e3a-af1f-a8b98b915a10->2027f18d-61d0-44de-a18a-8f9fe8580b83: nextIndex: updateUnconditionally 0 -> 0
2019-08-20 15:29:51,850 | INFO  | SCMAudit | user=jenkins1000 | ip=192.168.5.139 | op=SEND_HEARTBEAT {datanodeUUID=9bc9fff1-11e1-427b-a164-f7900332836f, command=[]} | ret=SUCCESS |  
2019-08-20 15:29:51,851 | INFO  | SCMAudit | user=jenkins1000 | ip=192.168.5.139 | op=SEND_HEARTBEAT {datanodeUUID=2d7c5efc-b074-4fc9-b95b-682c27e862a3, command=[]} | ret=SUCCESS |  
2019-08-20 15:29:51,853 | INFO  | SCMAudit | user=jenkins1000 | ip=192.168.5.139 | op=SEND_HEARTBEAT {datanodeUUID=5cf37c60-ab16-4b46-8923-a2be97bd85ed, command=[]} | ret=SUCCESS |  
2019-08-20 15:29:52,014 [grpc-default-executor-5] WARN  server.GrpcLogAppender (LogUtils.java:warn(134)) - b8771e3f-612a-4e3a-af1f-a8b98b915a10->c96ba33e-ed49-489d-8101-2a883ad7391b: Failed appendEntries: org.apache.ratis.thirdparty.io.grpc.StatusRuntimeException: UNAVAILABLE: io exception
2019-08-20 15:29:52,014 [grpc-default-executor-2] WARN  server.GrpcLogAppender (LogUtils.java:warn(134)) - b8771e3f-612a-4e3a-af1f-a8b98b915a10->2027f18d-61d0-44de-a18a-8f9fe8580b83: Failed appendEntries: org.apache.ratis.thirdparty.io.grpc.StatusRuntimeException: UNAVAILABLE: io exception
2019-08-20 15:29:52,014 [grpc-default-executor-5] INFO  impl.FollowerInfo (FollowerInfo.java:lambda$new$0(50)) - b8771e3f-612a-4e3a-af1f-a8b98b915a10->c96ba33e-ed49-489d-8101-2a883ad7391b: nextIndex: updateUnconditionally 0 -> 0
2019-08-20 15:29:52,015 [grpc-default-executor-2] INFO  impl.FollowerInfo (FollowerInfo.java:lambda$new$0(50)) - b8771e3f-612a-4e3a-af1f-a8b98b915a10->2027f18d-61d0-44de-a18a-8f9fe8580b83: nextIndex: updateUnconditionally 0 -> 0
2019-08-20 15:29:52,240 | INFO  | SCMAudit | user=jenkins1000 | ip=192.168.5.139 | op=SEND_HEARTBEAT {datanodeUUID=b8771e3f-612a-4e3a-af1f-a8b98b915a10, command=[]} | ret=SUCCESS |  
2019-08-20 15:29:52,516 [grpc-default-executor-5] WARN  server.GrpcLogAppender (LogUtils.java:warn(134)) - b8771e3f-612a-4e3a-af1f-a8b98b915a10->2027f18d-61d0-44de-a18a-8f9fe8580b83: Failed appendEntries: org.apache.ratis.thirdparty.io.grpc.StatusRuntimeException: UNAVAILABLE: io exception
2019-08-20 15:29:52,516 [grpc-default-executor-0] WARN  server.GrpcLogAppender (LogUtils.java:warn(134)) - b8771e3f-612a-4e3a-af1f-a8b98b915a10->c96ba33e-ed49-489d-8101-2a883ad7391b: Failed appendEntries: org.apache.ratis.thirdparty.io.grpc.StatusRuntimeException: UNAVAILABLE: io exception
2019-08-20 15:29:52,517 [grpc-default-executor-5] INFO  impl.FollowerInfo (FollowerInfo.java:lambda$new$0(50)) - b8771e3f-612a-4e3a-af1f-a8b98b915a10->2027f18d-61d0-44de-a18a-8f9fe8580b83: nextIndex: updateUnconditionally 0 -> 0
2019-08-20 15:29:52,517 [grpc-default-executor-0] INFO  impl.FollowerInfo (FollowerInfo.java:lambda$new$0(50)) - b8771e3f-612a-4e3a-af1f-a8b98b915a10->c96ba33e-ed49-489d-8101-2a883ad7391b: nextIndex: updateUnconditionally 0 -> 0
2019-08-20 15:29:52,850 | INFO  | SCMAudit | user=jenkins1000 | ip=192.168.5.139 | op=SEND_HEARTBEAT {datanodeUUID=9bc9fff1-11e1-427b-a164-f7900332836f, command=[]} | ret=SUCCESS |  
2019-08-20 15:29:52,851 | INFO  | SCMAudit | user=jenkins1000 | ip=192.168.5.139 | op=SEND_HEARTBEAT {datanodeUUID=2d7c5efc-b074-4fc9-b95b-682c27e862a3, command=[]} | ret=SUCCESS |  
2019-08-20 15:29:52,853 | INFO  | SCMAudit | user=jenkins1000 | ip=192.168.5.139 | op=SEND_HEARTBEAT {datanodeUUID=5cf37c60-ab16-4b46-8923-a2be97bd85ed, command=[]} | ret=SUCCESS |  
2019-08-20 15:29:53,017 [grpc-default-executor-2] WARN  server.GrpcLogAppender (LogUtils.java:warn(134)) - b8771e3f-612a-4e3a-af1f-a8b98b915a10->2027f18d-61d0-44de-a18a-8f9fe8580b83: Failed appendEntries: org.apache.ratis.thirdparty.io.grpc.StatusRuntimeException: UNAVAILABLE: io exception
2019-08-20 15:29:53,017 [grpc-default-executor-0] WARN  server.GrpcLogAppender (LogUtils.java:warn(134)) - b8771e3f-612a-4e3a-af1f-a8b98b915a10->c96ba33e-ed49-489d-8101-2a883ad7391b: Failed appendEntries: org.apache.ratis.thirdparty.io.grpc.StatusRuntimeException: UNAVAILABLE: io exception
2019-08-20 15:29:53,018 [grpc-default-executor-2] INFO  impl.FollowerInfo (FollowerInfo.java:lambda$new$0(50)) - b8771e3f-612a-4e3a-af1f-a8b98b915a10->2027f18d-61d0-44de-a18a-8f9fe8580b83: nextIndex: updateUnconditionally 0 -> 0
2019-08-20 15:29:53,018 [grpc-default-executor-0] INFO  impl.FollowerInfo (FollowerInfo.java:lambda$new$0(50)) - b8771e3f-612a-4e3a-af1f-a8b98b915a10->c96ba33e-ed49-489d-8101-2a883ad7391b: nextIndex: updateUnconditionally 0 -> 0
2019-08-20 15:29:53,240 | INFO  | SCMAudit | user=jenkins1000 | ip=192.168.5.139 | op=SEND_HEARTBEAT {datanodeUUID=b8771e3f-612a-4e3a-af1f-a8b98b915a10, command=[]} | ret=SUCCESS |  
2019-08-20 15:29:53,519 [grpc-default-executor-1] WARN  server.GrpcLogAppender (LogUtils.java:warn(134)) - b8771e3f-612a-4e3a-af1f-a8b98b915a10->2027f18d-61d0-44de-a18a-8f9fe8580b83: Failed appendEntries: org.apache.ratis.thirdparty.io.grpc.StatusRuntimeException: UNAVAILABLE: io exception
2019-08-20 15:29:53,519 [grpc-default-executor-5] WARN  server.GrpcLogAppender (LogUtils.java:warn(134)) - b8771e3f-612a-4e3a-af1f-a8b98b915a10->c96ba33e-ed49-489d-8101-2a883ad7391b: Failed appendEntries: org.apache.ratis.thirdparty.io.grpc.StatusRuntimeException: UNAVAILABLE: io exception
2019-08-20 15:29:53,520 [grpc-default-executor-1] INFO  impl.FollowerInfo (FollowerInfo.java:lambda$new$0(50)) - b8771e3f-612a-4e3a-af1f-a8b98b915a10->2027f18d-61d0-44de-a18a-8f9fe8580b83: nextIndex: updateUnconditionally 0 -> 0
2019-08-20 15:29:53,522 [grpc-default-executor-5] INFO  impl.FollowerInfo (FollowerInfo.java:lambda$new$0(50)) - b8771e3f-612a-4e3a-af1f-a8b98b915a10->c96ba33e-ed49-489d-8101-2a883ad7391b: nextIndex: updateUnconditionally 0 -> 0
2019-08-20 15:29:53,850 | INFO  | SCMAudit | user=jenkins1000 | ip=192.168.5.139 | op=SEND_HEARTBEAT {datanodeUUID=9bc9fff1-11e1-427b-a164-f7900332836f, command=[]} | ret=SUCCESS |  
2019-08-20 15:29:53,851 | INFO  | SCMAudit | user=jenkins1000 | ip=192.168.5.139 | op=SEND_HEARTBEAT {datanodeUUID=2d7c5efc-b074-4fc9-b95b-682c27e862a3, command=[]} | ret=SUCCESS |  
2019-08-20 15:29:53,854 | INFO  | SCMAudit | user=jenkins1000 | ip=192.168.5.139 | op=SEND_HEARTBEAT {datanodeUUID=5cf37c60-ab16-4b46-8923-a2be97bd85ed, command=[]} | ret=SUCCESS |  
2019-08-20 15:29:54,019 [grpc-default-executor-4] WARN  server.GrpcLogAppender (LogUtils.java:warn(134)) - b8771e3f-612a-4e3a-af1f-a8b98b915a10->2027f18d-61d0-44de-a18a-8f9fe8580b83: Failed appendEntries: org.apache.ratis.thirdparty.io.grpc.StatusRuntimeException: UNAVAILABLE: io exception
2019-08-20 15:29:54,019 [grpc-default-executor-3] WARN  server.GrpcLogAppender (LogUtils.java:warn(134)) - b8771e3f-612a-4e3a-af1f-a8b98b915a10->c96ba33e-ed49-489d-8101-2a883ad7391b: Failed appendEntries: org.apache.ratis.thirdparty.io.grpc.StatusRuntimeException: UNAVAILABLE: io exception
2019-08-20 15:29:54,020 [grpc-default-executor-4] INFO  impl.FollowerInfo (FollowerInfo.java:lambda$new$0(50)) - b8771e3f-612a-4e3a-af1f-a8b98b915a10->2027f18d-61d0-44de-a18a-8f9fe8580b83: nextIndex: updateUnconditionally 0 -> 0
2019-08-20 15:29:54,020 [grpc-default-executor-3] INFO  impl.FollowerInfo (FollowerInfo.java:lambda$new$0(50)) - b8771e3f-612a-4e3a-af1f-a8b98b915a10->c96ba33e-ed49-489d-8101-2a883ad7391b: nextIndex: updateUnconditionally 0 -> 0
2019-08-20 15:29:54,241 | INFO  | SCMAudit | user=jenkins1000 | ip=192.168.5.139 | op=SEND_HEARTBEAT {datanodeUUID=b8771e3f-612a-4e3a-af1f-a8b98b915a10, command=[]} | ret=SUCCESS |  
2019-08-20 15:29:54,521 [grpc-default-executor-3] WARN  server.GrpcLogAppender (LogUtils.java:warn(134)) - b8771e3f-612a-4e3a-af1f-a8b98b915a10->c96ba33e-ed49-489d-8101-2a883ad7391b: Failed appendEntries: org.apache.ratis.thirdparty.io.grpc.StatusRuntimeException: UNAVAILABLE: io exception
2019-08-20 15:29:54,521 [grpc-default-executor-4] WARN  server.GrpcLogAppender (LogUtils.java:warn(134)) - b8771e3f-612a-4e3a-af1f-a8b98b915a10->2027f18d-61d0-44de-a18a-8f9fe8580b83: Failed appendEntries: org.apache.ratis.thirdparty.io.grpc.StatusRuntimeException: UNAVAILABLE: io exception
2019-08-20 15:29:54,521 [grpc-default-executor-3] INFO  impl.FollowerInfo (FollowerInfo.java:lambda$new$0(50)) - b8771e3f-612a-4e3a-af1f-a8b98b915a10->c96ba33e-ed49-489d-8101-2a883ad7391b: nextIndex: updateUnconditionally 0 -> 0
2019-08-20 15:29:54,522 [grpc-default-executor-4] INFO  impl.FollowerInfo (FollowerInfo.java:lambda$new$0(50)) - b8771e3f-612a-4e3a-af1f-a8b98b915a10->2027f18d-61d0-44de-a18a-8f9fe8580b83: nextIndex: updateUnconditionally 0 -> 0
2019-08-20 15:29:54,850 | INFO  | SCMAudit | user=jenkins1000 | ip=192.168.5.139 | op=SEND_HEARTBEAT {datanodeUUID=9bc9fff1-11e1-427b-a164-f7900332836f, command=[]} | ret=SUCCESS |  
2019-08-20 15:29:54,852 | INFO  | SCMAudit | user=jenkins1000 | ip=192.168.5.139 | op=SEND_HEARTBEAT {datanodeUUID=2d7c5efc-b074-4fc9-b95b-682c27e862a3, command=[]} | ret=SUCCESS |  
2019-08-20 15:29:54,854 | INFO  | SCMAudit | user=jenkins1000 | ip=192.168.5.139 | op=SEND_HEARTBEAT {datanodeUUID=5cf37c60-ab16-4b46-8923-a2be97bd85ed, command=[]} | ret=SUCCESS |  
2019-08-20 15:29:55,022 [grpc-default-executor-0] WARN  server.GrpcLogAppender (LogUtils.java:warn(134)) - b8771e3f-612a-4e3a-af1f-a8b98b915a10->c96ba33e-ed49-489d-8101-2a883ad7391b: Failed appendEntries: org.apache.ratis.thirdparty.io.grpc.StatusRuntimeException: UNAVAILABLE: io exception
2019-08-20 15:29:55,022 [grpc-default-executor-3] WARN  server.GrpcLogAppender (LogUtils.java:warn(134)) - b8771e3f-612a-4e3a-af1f-a8b98b915a10->2027f18d-61d0-44de-a18a-8f9fe8580b83: Failed appendEntries: org.apache.ratis.thirdparty.io.grpc.StatusRuntimeException: UNAVAILABLE: io exception
2019-08-20 15:29:55,022 [grpc-default-executor-0] INFO  impl.FollowerInfo (FollowerInfo.java:lambda$new$0(50)) - b8771e3f-612a-4e3a-af1f-a8b98b915a10->c96ba33e-ed49-489d-8101-2a883ad7391b: nextIndex: updateUnconditionally 0 -> 0
2019-08-20 15:29:55,023 [grpc-default-executor-3] INFO  impl.FollowerInfo (FollowerInfo.java:lambda$new$0(50)) - b8771e3f-612a-4e3a-af1f-a8b98b915a10->2027f18d-61d0-44de-a18a-8f9fe8580b83: nextIndex: updateUnconditionally 0 -> 0
2019-08-20 15:29:55,241 | INFO  | SCMAudit | user=jenkins1000 | ip=192.168.5.139 | op=SEND_HEARTBEAT {datanodeUUID=b8771e3f-612a-4e3a-af1f-a8b98b915a10, command=[]} | ret=SUCCESS |  
2019-08-20 15:29:55,523 [grpc-default-executor-1] WARN  server.GrpcLogAppender (LogUtils.java:warn(134)) - b8771e3f-612a-4e3a-af1f-a8b98b915a10->c96ba33e-ed49-489d-8101-2a883ad7391b: Failed appendEntries: org.apache.ratis.thirdparty.io.grpc.StatusRuntimeException: UNAVAILABLE: io exception
2019-08-20 15:29:55,523 [grpc-default-executor-3] WARN  server.GrpcLogAppender (LogUtils.java:warn(134)) - b8771e3f-612a-4e3a-af1f-a8b98b915a10->2027f18d-61d0-44de-a18a-8f9fe8580b83: Failed appendEntries: org.apache.ratis.thirdparty.io.grpc.StatusRuntimeException: UNAVAILABLE: io exception
2019-08-20 15:29:55,523 [grpc-default-executor-1] INFO  impl.FollowerInfo (FollowerInfo.java:lambda$new$0(50)) - b8771e3f-612a-4e3a-af1f-a8b98b915a10->c96ba33e-ed49-489d-8101-2a883ad7391b: nextIndex: updateUnconditionally 0 -> 0
2019-08-20 15:29:55,523 [grpc-default-executor-3] INFO  impl.FollowerInfo (FollowerInfo.java:lambda$new$0(50)) - b8771e3f-612a-4e3a-af1f-a8b98b915a10->2027f18d-61d0-44de-a18a-8f9fe8580b83: nextIndex: updateUnconditionally 0 -> 0
2019-08-20 15:29:55,851 | INFO  | SCMAudit | user=jenkins1000 | ip=192.168.5.139 | op=SEND_HEARTBEAT {datanodeUUID=9bc9fff1-11e1-427b-a164-f7900332836f, command=[]} | ret=SUCCESS |  
2019-08-20 15:29:55,852 | INFO  | SCMAudit | user=jenkins1000 | ip=192.168.5.139 | op=SEND_HEARTBEAT {datanodeUUID=2d7c5efc-b074-4fc9-b95b-682c27e862a3, command=[]} | ret=SUCCESS |  
2019-08-20 15:29:55,854 | INFO  | SCMAudit | user=jenkins1000 | ip=192.168.5.139 | op=SEND_HEARTBEAT {datanodeUUID=5cf37c60-ab16-4b46-8923-a2be97bd85ed, command=[]} | ret=SUCCESS |  
2019-08-20 15:29:56,024 [grpc-default-executor-1] WARN  server.GrpcLogAppender (LogUtils.java:warn(134)) - b8771e3f-612a-4e3a-af1f-a8b98b915a10->c96ba33e-ed49-489d-8101-2a883ad7391b: Failed appendEntries: org.apache.ratis.thirdparty.io.grpc.StatusRuntimeException: UNAVAILABLE: io exception
2019-08-20 15:29:56,024 [grpc-default-executor-0] WARN  server.GrpcLogAppender (LogUtils.java:warn(134)) - b8771e3f-612a-4e3a-af1f-a8b98b915a10->2027f18d-61d0-44de-a18a-8f9fe8580b83: Failed appendEntries: org.apache.ratis.thirdparty.io.grpc.StatusRuntimeException: UNAVAILABLE: io exception
2019-08-20 15:29:56,024 [grpc-default-executor-1] INFO  impl.FollowerInfo (FollowerInfo.java:lambda$new$0(50)) - b8771e3f-612a-4e3a-af1f-a8b98b915a10->c96ba33e-ed49-489d-8101-2a883ad7391b: nextIndex: updateUnconditionally 0 -> 0
2019-08-20 15:29:56,024 [grpc-default-executor-0] INFO  impl.FollowerInfo (FollowerInfo.java:lambda$new$0(50)) - b8771e3f-612a-4e3a-af1f-a8b98b915a10->2027f18d-61d0-44de-a18a-8f9fe8580b83: nextIndex: updateUnconditionally 0 -> 0
2019-08-20 15:29:56,242 | INFO  | SCMAudit | user=jenkins1000 | ip=192.168.5.139 | op=SEND_HEARTBEAT {datanodeUUID=b8771e3f-612a-4e3a-af1f-a8b98b915a10, command=[]} | ret=SUCCESS |  
2019-08-20 15:29:56,524 [grpc-default-executor-2] WARN  server.GrpcLogAppender (LogUtils.java:warn(134)) - b8771e3f-612a-4e3a-af1f-a8b98b915a10->2027f18d-61d0-44de-a18a-8f9fe8580b83: Failed appendEntries: org.apache.ratis.thirdparty.io.grpc.StatusRuntimeException: UNAVAILABLE: io exception
2019-08-20 15:29:56,524 [grpc-default-executor-0] WARN  server.GrpcLogAppender (LogUtils.java:warn(134)) - b8771e3f-612a-4e3a-af1f-a8b98b915a10->c96ba33e-ed49-489d-8101-2a883ad7391b: Failed appendEntries: org.apache.ratis.thirdparty.io.grpc.StatusRuntimeException: UNAVAILABLE: io exception
2019-08-20 15:29:56,525 [grpc-default-executor-2] INFO  impl.FollowerInfo (FollowerInfo.java:lambda$new$0(50)) - b8771e3f-612a-4e3a-af1f-a8b98b915a10->2027f18d-61d0-44de-a18a-8f9fe8580b83: nextIndex: updateUnconditionally 0 -> 0
2019-08-20 15:29:56,525 [grpc-default-executor-0] INFO  impl.FollowerInfo (FollowerInfo.java:lambda$new$0(50)) - b8771e3f-612a-4e3a-af1f-a8b98b915a10->c96ba33e-ed49-489d-8101-2a883ad7391b: nextIndex: updateUnconditionally 0 -> 0
2019-08-20 15:29:56,850 | INFO  | SCMAudit | user=jenkins1000 | ip=192.168.5.139 | op=SEND_HEARTBEAT {datanodeUUID=9bc9fff1-11e1-427b-a164-f7900332836f, command=[]} | ret=SUCCESS |  
2019-08-20 15:29:56,852 | INFO  | SCMAudit | user=jenkins1000 | ip=192.168.5.139 | op=SEND_HEARTBEAT {datanodeUUID=2d7c5efc-b074-4fc9-b95b-682c27e862a3, command=[]} | ret=SUCCESS |  
2019-08-20 15:29:56,854 | INFO  | SCMAudit | user=jenkins1000 | ip=192.168.5.139 | op=SEND_HEARTBEAT {datanodeUUID=5cf37c60-ab16-4b46-8923-a2be97bd85ed, command=[]} | ret=SUCCESS |  
2019-08-20 15:29:57,025 [grpc-default-executor-0] WARN  server.GrpcLogAppender (LogUtils.java:warn(134)) - b8771e3f-612a-4e3a-af1f-a8b98b915a10->2027f18d-61d0-44de-a18a-8f9fe8580b83: Failed appendEntries: org.apache.ratis.thirdparty.io.grpc.StatusRuntimeException: UNAVAILABLE: io exception
2019-08-20 15:29:57,025 [grpc-default-executor-4] WARN  server.GrpcLogAppender (LogUtils.java:warn(134)) - b8771e3f-612a-4e3a-af1f-a8b98b915a10->c96ba33e-ed49-489d-8101-2a883ad7391b: Failed appendEntries: org.apache.ratis.thirdparty.io.grpc.StatusRuntimeException: UNAVAILABLE: io exception
2019-08-20 15:29:57,026 [grpc-default-executor-0] INFO  impl.FollowerInfo (FollowerInfo.java:lambda$new$0(50)) - b8771e3f-612a-4e3a-af1f-a8b98b915a10->2027f18d-61d0-44de-a18a-8f9fe8580b83: nextIndex: updateUnconditionally 0 -> 0
2019-08-20 15:29:57,026 [grpc-default-executor-4] INFO  impl.FollowerInfo (FollowerInfo.java:lambda$new$0(50)) - b8771e3f-612a-4e3a-af1f-a8b98b915a10->c96ba33e-ed49-489d-8101-2a883ad7391b: nextIndex: updateUnconditionally 0 -> 0
2019-08-20 15:29:57,241 | INFO  | SCMAudit | user=jenkins1000 | ip=192.168.5.139 | op=SEND_HEARTBEAT {datanodeUUID=b8771e3f-612a-4e3a-af1f-a8b98b915a10, command=[]} | ret=SUCCESS |  
2019-08-20 15:29:57,527 [grpc-default-executor-0] WARN  server.GrpcLogAppender (LogUtils.java:warn(134)) - b8771e3f-612a-4e3a-af1f-a8b98b915a10->2027f18d-61d0-44de-a18a-8f9fe8580b83: Failed appendEntries: org.apache.ratis.thirdparty.io.grpc.StatusRuntimeException: UNAVAILABLE: io exception
2019-08-20 15:29:57,527 [grpc-default-executor-2] WARN  server.GrpcLogAppender (LogUtils.java:warn(134)) - b8771e3f-612a-4e3a-af1f-a8b98b915a10->c96ba33e-ed49-489d-8101-2a883ad7391b: Failed appendEntries: org.apache.ratis.thirdparty.io.grpc.StatusRuntimeException: UNAVAILABLE: io exception
2019-08-20 15:29:57,528 [grpc-default-executor-0] INFO  impl.FollowerInfo (FollowerInfo.java:lambda$new$0(50)) - b8771e3f-612a-4e3a-af1f-a8b98b915a10->2027f18d-61d0-44de-a18a-8f9fe8580b83: nextIndex: updateUnconditionally 0 -> 0
2019-08-20 15:29:57,528 [grpc-default-executor-2] INFO  impl.FollowerInfo (FollowerInfo.java:lambda$new$0(50)) - b8771e3f-612a-4e3a-af1f-a8b98b915a10->c96ba33e-ed49-489d-8101-2a883ad7391b: nextIndex: updateUnconditionally 0 -> 0
2019-08-20 15:29:57,850 | INFO  | SCMAudit | user=jenkins1000 | ip=192.168.5.139 | op=SEND_HEARTBEAT {datanodeUUID=9bc9fff1-11e1-427b-a164-f7900332836f, command=[]} | ret=SUCCESS |  
2019-08-20 15:29:57,852 | INFO  | SCMAudit | user=jenkins1000 | ip=192.168.5.139 | op=SEND_HEARTBEAT {datanodeUUID=2d7c5efc-b074-4fc9-b95b-682c27e862a3, command=[]} | ret=SUCCESS |  
2019-08-20 15:29:57,854 | INFO  | SCMAudit | user=jenkins1000 | ip=192.168.5.139 | op=SEND_HEARTBEAT {datanodeUUID=5cf37c60-ab16-4b46-8923-a2be97bd85ed, command=[]} | ret=SUCCESS |  
2019-08-20 15:29:58,028 [grpc-default-executor-0] WARN  server.GrpcLogAppender (LogUtils.java:warn(134)) - b8771e3f-612a-4e3a-af1f-a8b98b915a10->2027f18d-61d0-44de-a18a-8f9fe8580b83: Failed appendEntries: org.apache.ratis.thirdparty.io.grpc.StatusRuntimeException: UNAVAILABLE: io exception
2019-08-20 15:29:58,028 [grpc-default-executor-2] WARN  server.GrpcLogAppender (LogUtils.java:warn(134)) - b8771e3f-612a-4e3a-af1f-a8b98b915a10->c96ba33e-ed49-489d-8101-2a883ad7391b: Failed appendEntries: org.apache.ratis.thirdparty.io.grpc.StatusRuntimeException: UNAVAILABLE: io exception
2019-08-20 15:29:58,028 [grpc-default-executor-0] INFO  impl.FollowerInfo (FollowerInfo.java:lambda$new$0(50)) - b8771e3f-612a-4e3a-af1f-a8b98b915a10->2027f18d-61d0-44de-a18a-8f9fe8580b83: nextIndex: updateUnconditionally 0 -> 0
2019-08-20 15:29:58,028 [grpc-default-executor-2] INFO  impl.FollowerInfo (FollowerInfo.java:lambda$new$0(50)) - b8771e3f-612a-4e3a-af1f-a8b98b915a10->c96ba33e-ed49-489d-8101-2a883ad7391b: nextIndex: updateUnconditionally 0 -> 0
2019-08-20 15:29:58,241 | INFO  | SCMAudit | user=jenkins1000 | ip=192.168.5.139 | op=SEND_HEARTBEAT {datanodeUUID=b8771e3f-612a-4e3a-af1f-a8b98b915a10, command=[]} | ret=SUCCESS |  
2019-08-20 15:29:58,529 [grpc-default-executor-2] WARN  server.GrpcLogAppender (LogUtils.java:warn(134)) - b8771e3f-612a-4e3a-af1f-a8b98b915a10->2027f18d-61d0-44de-a18a-8f9fe8580b83: Failed appendEntries: org.apache.ratis.thirdparty.io.grpc.StatusRuntimeException: UNAVAILABLE: io exception
2019-08-20 15:29:58,529 [grpc-default-executor-3] WARN  server.GrpcLogAppender (LogUtils.java:warn(134)) - b8771e3f-612a-4e3a-af1f-a8b98b915a10->c96ba33e-ed49-489d-8101-2a883ad7391b: Failed appendEntries: org.apache.ratis.thirdparty.io.grpc.StatusRuntimeException: UNAVAILABLE: io exception
2019-08-20 15:29:58,533 [grpc-default-executor-2] INFO  impl.FollowerInfo (FollowerInfo.java:lambda$new$0(50)) - b8771e3f-612a-4e3a-af1f-a8b98b915a10->2027f18d-61d0-44de-a18a-8f9fe8580b83: nextIndex: updateUnconditionally 0 -> 0
2019-08-20 15:29:58,533 [grpc-default-executor-3] INFO  impl.FollowerInfo (FollowerInfo.java:lambda$new$0(50)) - b8771e3f-612a-4e3a-af1f-a8b98b915a10->c96ba33e-ed49-489d-8101-2a883ad7391b: nextIndex: updateUnconditionally 0 -> 0
2019-08-20 15:29:58,850 | INFO  | SCMAudit | user=jenkins1000 | ip=192.168.5.139 | op=SEND_HEARTBEAT {datanodeUUID=9bc9fff1-11e1-427b-a164-f7900332836f, command=[]} | ret=SUCCESS |  
2019-08-20 15:29:58,852 | INFO  | SCMAudit | user=jenkins1000 | ip=192.168.5.139 | op=SEND_HEARTBEAT {datanodeUUID=2d7c5efc-b074-4fc9-b95b-682c27e862a3, command=[]} | ret=SUCCESS |  
2019-08-20 15:29:58,854 | INFO  | SCMAudit | user=jenkins1000 | ip=192.168.5.139 | op=SEND_HEARTBEAT {datanodeUUID=5cf37c60-ab16-4b46-8923-a2be97bd85ed, command=[]} | ret=SUCCESS |  
2019-08-20 15:29:59,029 [grpc-default-executor-3] WARN  server.GrpcLogAppender (LogUtils.java:warn(134)) - b8771e3f-612a-4e3a-af1f-a8b98b915a10->2027f18d-61d0-44de-a18a-8f9fe8580b83: Failed appendEntries: org.apache.ratis.thirdparty.io.grpc.StatusRuntimeException: UNAVAILABLE: io exception
2019-08-20 15:29:59,029 [grpc-default-executor-2] WARN  server.GrpcLogAppender (LogUtils.java:warn(134)) - b8771e3f-612a-4e3a-af1f-a8b98b915a10->c96ba33e-ed49-489d-8101-2a883ad7391b: Failed appendEntries: org.apache.ratis.thirdparty.io.grpc.StatusRuntimeException: UNAVAILABLE: io exception
2019-08-20 15:29:59,030 [grpc-default-executor-3] INFO  impl.FollowerInfo (FollowerInfo.java:lambda$new$0(50)) - b8771e3f-612a-4e3a-af1f-a8b98b915a10->2027f18d-61d0-44de-a18a-8f9fe8580b83: nextIndex: updateUnconditionally 0 -> 0
2019-08-20 15:29:59,030 [grpc-default-executor-2] INFO  impl.FollowerInfo (FollowerInfo.java:lambda$new$0(50)) - b8771e3f-612a-4e3a-af1f-a8b98b915a10->c96ba33e-ed49-489d-8101-2a883ad7391b: nextIndex: updateUnconditionally 0 -> 0
2019-08-20 15:29:59,242 | INFO  | SCMAudit | user=jenkins1000 | ip=192.168.5.139 | op=SEND_HEARTBEAT {datanodeUUID=b8771e3f-612a-4e3a-af1f-a8b98b915a10, command=[]} | ret=SUCCESS |  
2019-08-20 15:29:59,530 [grpc-default-executor-2] WARN  server.GrpcLogAppender (LogUtils.java:warn(134)) - b8771e3f-612a-4e3a-af1f-a8b98b915a10->c96ba33e-ed49-489d-8101-2a883ad7391b: Failed appendEntries: org.apache.ratis.thirdparty.io.grpc.StatusRuntimeException: UNAVAILABLE: io exception
2019-08-20 15:29:59,530 [grpc-default-executor-3] WARN  server.GrpcLogAppender (LogUtils.java:warn(134)) - b8771e3f-612a-4e3a-af1f-a8b98b915a10->2027f18d-61d0-44de-a18a-8f9fe8580b83: Failed appendEntries: org.apache.ratis.thirdparty.io.grpc.StatusRuntimeException: UNAVAILABLE: io exception
2019-08-20 15:29:59,531 [grpc-default-executor-2] INFO  impl.FollowerInfo (FollowerInfo.java:lambda$new$0(50)) - b8771e3f-612a-4e3a-af1f-a8b98b915a10->c96ba33e-ed49-489d-8101-2a883ad7391b: nextIndex: updateUnconditionally 0 -> 0
2019-08-20 15:29:59,531 [grpc-default-executor-3] INFO  impl.FollowerInfo (FollowerInfo.java:lambda$new$0(50)) - b8771e3f-612a-4e3a-af1f-a8b98b915a10->2027f18d-61d0-44de-a18a-8f9fe8580b83: nextIndex: updateUnconditionally 0 -> 0
2019-08-20 15:29:59,850 | INFO  | SCMAudit | user=jenkins1000 | ip=192.168.5.139 | op=SEND_HEARTBEAT {datanodeUUID=9bc9fff1-11e1-427b-a164-f7900332836f, command=[]} | ret=SUCCESS |  
2019-08-20 15:29:59,853 | INFO  | SCMAudit | user=jenkins1000 | ip=192.168.5.139 | op=SEND_HEARTBEAT {datanodeUUID=2d7c5efc-b074-4fc9-b95b-682c27e862a3, command=[]} | ret=SUCCESS |  
2019-08-20 15:29:59,854 | INFO  | SCMAudit | user=jenkins1000 | ip=192.168.5.139 | op=SEND_HEARTBEAT {datanodeUUID=5cf37c60-ab16-4b46-8923-a2be97bd85ed, command=[]} | ret=SUCCESS |  
2019-08-20 15:30:00,031 [grpc-default-executor-3] WARN  server.GrpcLogAppender (LogUtils.java:warn(134)) - b8771e3f-612a-4e3a-af1f-a8b98b915a10->2027f18d-61d0-44de-a18a-8f9fe8580b83: Failed appendEntries: org.apache.ratis.thirdparty.io.grpc.StatusRuntimeException: UNAVAILABLE: io exception
2019-08-20 15:30:00,031 [grpc-default-executor-1] WARN  server.GrpcLogAppender (LogUtils.java:warn(134)) - b8771e3f-612a-4e3a-af1f-a8b98b915a10->c96ba33e-ed49-489d-8101-2a883ad7391b: Failed appendEntries: org.apache.ratis.thirdparty.io.grpc.StatusRuntimeException: UNAVAILABLE: io exception
2019-08-20 15:30:00,031 [grpc-default-executor-3] INFO  impl.FollowerInfo (FollowerInfo.java:lambda$new$0(50)) - b8771e3f-612a-4e3a-af1f-a8b98b915a10->2027f18d-61d0-44de-a18a-8f9fe8580b83: nextIndex: updateUnconditionally 0 -> 0
2019-08-20 15:30:00,032 [grpc-default-executor-1] INFO  impl.FollowerInfo (FollowerInfo.java:lambda$new$0(50)) - b8771e3f-612a-4e3a-af1f-a8b98b915a10->c96ba33e-ed49-489d-8101-2a883ad7391b: nextIndex: updateUnconditionally 0 -> 0
2019-08-20 15:30:00,242 | INFO  | SCMAudit | user=jenkins1000 | ip=192.168.5.139 | op=SEND_HEARTBEAT {datanodeUUID=b8771e3f-612a-4e3a-af1f-a8b98b915a10, command=[]} | ret=SUCCESS |  
2019-08-20 15:30:00,532 [grpc-default-executor-3] WARN  server.GrpcLogAppender (LogUtils.java:warn(134)) - b8771e3f-612a-4e3a-af1f-a8b98b915a10->2027f18d-61d0-44de-a18a-8f9fe8580b83: Failed appendEntries: org.apache.ratis.thirdparty.io.grpc.StatusRuntimeException: UNAVAILABLE: io exception
2019-08-20 15:30:00,532 [grpc-default-executor-1] WARN  server.GrpcLogAppender (LogUtils.java:warn(134)) - b8771e3f-612a-4e3a-af1f-a8b98b915a10->c96ba33e-ed49-489d-8101-2a883ad7391b: Failed appendEntries: org.apache.ratis.thirdparty.io.grpc.StatusRuntimeException: UNAVAILABLE: io exception
2019-08-20 15:30:00,533 [grpc-default-executor-3] INFO  impl.FollowerInfo (FollowerInfo.java:lambda$new$0(50)) - b8771e3f-612a-4e3a-af1f-a8b98b915a10->2027f18d-61d0-44de-a18a-8f9fe8580b83: nextIndex: updateUnconditionally 0 -> 0
2019-08-20 15:30:00,533 [grpc-default-executor-1] INFO  impl.FollowerInfo (FollowerInfo.java:lambda$new$0(50)) - b8771e3f-612a-4e3a-af1f-a8b98b915a10->c96ba33e-ed49-489d-8101-2a883ad7391b: nextIndex: updateUnconditionally 0 -> 0
2019-08-20 15:30:00,850 | INFO  | SCMAudit | user=jenkins1000 | ip=192.168.5.139 | op=SEND_HEARTBEAT {datanodeUUID=9bc9fff1-11e1-427b-a164-f7900332836f, command=[]} | ret=SUCCESS |  
2019-08-20 15:30:00,853 | INFO  | SCMAudit | user=jenkins1000 | ip=192.168.5.139 | op=SEND_HEARTBEAT {datanodeUUID=2d7c5efc-b074-4fc9-b95b-682c27e862a3, command=[]} | ret=SUCCESS |  
2019-08-20 15:30:00,855 | INFO  | SCMAudit | user=jenkins1000 | ip=192.168.5.139 | op=SEND_HEARTBEAT {datanodeUUID=5cf37c60-ab16-4b46-8923-a2be97bd85ed, command=[]} | ret=SUCCESS |  
2019-08-20 15:30:01,033 [grpc-default-executor-2] WARN  server.GrpcLogAppender (LogUtils.java:warn(134)) - b8771e3f-612a-4e3a-af1f-a8b98b915a10->2027f18d-61d0-44de-a18a-8f9fe8580b83: Failed appendEntries: org.apache.ratis.thirdparty.io.grpc.StatusRuntimeException: UNAVAILABLE: io exception
2019-08-20 15:30:01,033 [grpc-default-executor-0] WARN  server.GrpcLogAppender (LogUtils.java:warn(134)) - b8771e3f-612a-4e3a-af1f-a8b98b915a10->c96ba33e-ed49-489d-8101-2a883ad7391b: Failed appendEntries: org.apache.ratis.thirdparty.io.grpc.StatusRuntimeException: UNAVAILABLE: io exception
2019-08-20 15:30:01,033 [grpc-default-executor-2] INFO  impl.FollowerInfo (FollowerInfo.java:lambda$new$0(50)) - b8771e3f-612a-4e3a-af1f-a8b98b915a10->2027f18d-61d0-44de-a18a-8f9fe8580b83: nextIndex: updateUnconditionally 0 -> 0
2019-08-20 15:30:01,033 [grpc-default-executor-0] INFO  impl.FollowerInfo (FollowerInfo.java:lambda$new$0(50)) - b8771e3f-612a-4e3a-af1f-a8b98b915a10->c96ba33e-ed49-489d-8101-2a883ad7391b: nextIndex: updateUnconditionally 0 -> 0
2019-08-20 15:30:01,242 | INFO  | SCMAudit | user=jenkins1000 | ip=192.168.5.139 | op=SEND_HEARTBEAT {datanodeUUID=b8771e3f-612a-4e3a-af1f-a8b98b915a10, command=[]} | ret=SUCCESS |  
2019-08-20 15:30:01,534 [grpc-default-executor-4] WARN  server.GrpcLogAppender (LogUtils.java:warn(134)) - b8771e3f-612a-4e3a-af1f-a8b98b915a10->2027f18d-61d0-44de-a18a-8f9fe8580b83: Failed appendEntries: org.apache.ratis.thirdparty.io.grpc.StatusRuntimeException: UNAVAILABLE: io exception
2019-08-20 15:30:01,534 [grpc-default-executor-3] WARN  server.GrpcLogAppender (LogUtils.java:warn(134)) - b8771e3f-612a-4e3a-af1f-a8b98b915a10->c96ba33e-ed49-489d-8101-2a883ad7391b: Failed appendEntries: org.apache.ratis.thirdparty.io.grpc.StatusRuntimeException: UNAVAILABLE: io exception
2019-08-20 15:30:01,535 [grpc-default-executor-4] INFO  impl.FollowerInfo (FollowerInfo.java:lambda$new$0(50)) - b8771e3f-612a-4e3a-af1f-a8b98b915a10->2027f18d-61d0-44de-a18a-8f9fe8580b83: nextIndex: updateUnconditionally 0 -> 0
2019-08-20 15:30:01,535 [grpc-default-executor-3] INFO  impl.FollowerInfo (FollowerInfo.java:lambda$new$0(50)) - b8771e3f-612a-4e3a-af1f-a8b98b915a10->c96ba33e-ed49-489d-8101-2a883ad7391b: nextIndex: updateUnconditionally 0 -> 0
2019-08-20 15:30:01,850 | INFO  | SCMAudit | user=jenkins1000 | ip=192.168.5.139 | op=SEND_HEARTBEAT {datanodeUUID=9bc9fff1-11e1-427b-a164-f7900332836f, command=[]} | ret=SUCCESS |  
2019-08-20 15:30:01,853 | INFO  | SCMAudit | user=jenkins1000 | ip=192.168.5.139 | op=SEND_HEARTBEAT {datanodeUUID=2d7c5efc-b074-4fc9-b95b-682c27e862a3, command=[]} | ret=SUCCESS |  
2019-08-20 15:30:01,855 | INFO  | SCMAudit | user=jenkins1000 | ip=192.168.5.139 | op=SEND_HEARTBEAT {datanodeUUID=5cf37c60-ab16-4b46-8923-a2be97bd85ed, command=[]} | ret=SUCCESS |  
2019-08-20 15:30:02,035 [grpc-default-executor-4] WARN  server.GrpcLogAppender (LogUtils.java:warn(134)) - b8771e3f-612a-4e3a-af1f-a8b98b915a10->2027f18d-61d0-44de-a18a-8f9fe8580b83: Failed appendEntries: org.apache.ratis.thirdparty.io.grpc.StatusRuntimeException: UNAVAILABLE: io exception
2019-08-20 15:30:02,035 [grpc-default-executor-3] WARN  server.GrpcLogAppender (LogUtils.java:warn(134)) - b8771e3f-612a-4e3a-af1f-a8b98b915a10->c96ba33e-ed49-489d-8101-2a883ad7391b: Failed appendEntries: org.apache.ratis.thirdparty.io.grpc.StatusRuntimeException: UNAVAILABLE: io exception
2019-08-20 15:30:02,036 [grpc-default-executor-4] INFO  impl.FollowerInfo (FollowerInfo.java:lambda$new$0(50)) - b8771e3f-612a-4e3a-af1f-a8b98b915a10->2027f18d-61d0-44de-a18a-8f9fe8580b83: nextIndex: updateUnconditionally 0 -> 0
2019-08-20 15:30:02,036 [grpc-default-executor-3] INFO  impl.FollowerInfo (FollowerInfo.java:lambda$new$0(50)) - b8771e3f-612a-4e3a-af1f-a8b98b915a10->c96ba33e-ed49-489d-8101-2a883ad7391b: nextIndex: updateUnconditionally 0 -> 0
2019-08-20 15:30:02,243 | INFO  | SCMAudit | user=jenkins1000 | ip=192.168.5.139 | op=SEND_HEARTBEAT {datanodeUUID=b8771e3f-612a-4e3a-af1f-a8b98b915a10, command=[]} | ret=SUCCESS |  
2019-08-20 15:30:02,536 [grpc-default-executor-3] WARN  server.GrpcLogAppender (LogUtils.java:warn(134)) - b8771e3f-612a-4e3a-af1f-a8b98b915a10->2027f18d-61d0-44de-a18a-8f9fe8580b83: Failed appendEntries: org.apache.ratis.thirdparty.io.grpc.StatusRuntimeException: UNAVAILABLE: io exception
2019-08-20 15:30:02,536 [grpc-default-executor-4] WARN  server.GrpcLogAppender (LogUtils.java:warn(134)) - b8771e3f-612a-4e3a-af1f-a8b98b915a10->c96ba33e-ed49-489d-8101-2a883ad7391b: Failed appendEntries: org.apache.ratis.thirdparty.io.grpc.StatusRuntimeException: UNAVAILABLE: io exception
2019-08-20 15:30:02,536 [grpc-default-executor-3] INFO  impl.FollowerInfo (FollowerInfo.java:lambda$new$0(50)) - b8771e3f-612a-4e3a-af1f-a8b98b915a10->2027f18d-61d0-44de-a18a-8f9fe8580b83: nextIndex: updateUnconditionally 0 -> 0
2019-08-20 15:30:02,536 [grpc-default-executor-4] INFO  impl.FollowerInfo (FollowerInfo.java:lambda$new$0(50)) - b8771e3f-612a-4e3a-af1f-a8b98b915a10->c96ba33e-ed49-489d-8101-2a883ad7391b: nextIndex: updateUnconditionally 0 -> 0
2019-08-20 15:30:02,850 | INFO  | SCMAudit | user=jenkins1000 | ip=192.168.5.139 | op=SEND_HEARTBEAT {datanodeUUID=9bc9fff1-11e1-427b-a164-f7900332836f, command=[]} | ret=SUCCESS |  
2019-08-20 15:30:02,853 | INFO  | SCMAudit | user=jenkins1000 | ip=192.168.5.139 | op=SEND_HEARTBEAT {datanodeUUID=2d7c5efc-b074-4fc9-b95b-682c27e862a3, command=[]} | ret=SUCCESS |  
2019-08-20 15:30:02,855 | INFO  | SCMAudit | user=jenkins1000 | ip=192.168.5.139 | op=SEND_HEARTBEAT {datanodeUUID=5cf37c60-ab16-4b46-8923-a2be97bd85ed, command=[]} | ret=SUCCESS |  
2019-08-20 15:30:03,036 [grpc-default-executor-4] WARN  server.GrpcLogAppender (LogUtils.java:warn(134)) - b8771e3f-612a-4e3a-af1f-a8b98b915a10->2027f18d-61d0-44de-a18a-8f9fe8580b83: Failed appendEntries: org.apache.ratis.thirdparty.io.grpc.StatusRuntimeException: UNAVAILABLE: io exception
2019-08-20 15:30:03,036 [grpc-default-executor-3] WARN  server.GrpcLogAppender (LogUtils.java:warn(134)) - b8771e3f-612a-4e3a-af1f-a8b98b915a10->c96ba33e-ed49-489d-8101-2a883ad7391b: Failed appendEntries: org.apache.ratis.thirdparty.io.grpc.StatusRuntimeException: UNAVAILABLE: io exception
2019-08-20 15:30:03,037 [grpc-default-executor-4] INFO  impl.FollowerInfo (FollowerInfo.java:lambda$new$0(50)) - b8771e3f-612a-4e3a-af1f-a8b98b915a10->2027f18d-61d0-44de-a18a-8f9fe8580b83: nextIndex: updateUnconditionally 0 -> 0
2019-08-20 15:30:03,037 [grpc-default-executor-3] INFO  impl.FollowerInfo (FollowerInfo.java:lambda$new$0(50)) - b8771e3f-612a-4e3a-af1f-a8b98b915a10->c96ba33e-ed49-489d-8101-2a883ad7391b: nextIndex: updateUnconditionally 0 -> 0
2019-08-20 15:30:03,243 | INFO  | SCMAudit | user=jenkins1000 | ip=192.168.5.139 | op=SEND_HEARTBEAT {datanodeUUID=b8771e3f-612a-4e3a-af1f-a8b98b915a10, command=[]} | ret=SUCCESS |  
2019-08-20 15:30:03,537 [grpc-default-executor-2] WARN  server.GrpcLogAppender (LogUtils.java:warn(134)) - b8771e3f-612a-4e3a-af1f-a8b98b915a10->c96ba33e-ed49-489d-8101-2a883ad7391b: Failed appendEntries: org.apache.ratis.thirdparty.io.grpc.StatusRuntimeException: UNAVAILABLE: io exception
2019-08-20 15:30:03,537 [grpc-default-executor-4] WARN  server.GrpcLogAppender (LogUtils.java:warn(134)) - b8771e3f-612a-4e3a-af1f-a8b98b915a10->2027f18d-61d0-44de-a18a-8f9fe8580b83: Failed appendEntries: org.apache.ratis.thirdparty.io.grpc.StatusRuntimeException: UNAVAILABLE: io exception
2019-08-20 15:30:03,538 [grpc-default-executor-2] INFO  impl.FollowerInfo (FollowerInfo.java:lambda$new$0(50)) - b8771e3f-612a-4e3a-af1f-a8b98b915a10->c96ba33e-ed49-489d-8101-2a883ad7391b: nextIndex: updateUnconditionally 0 -> 0
2019-08-20 15:30:03,538 [grpc-default-executor-4] INFO  impl.FollowerInfo (FollowerInfo.java:lambda$new$0(50)) - b8771e3f-612a-4e3a-af1f-a8b98b915a10->2027f18d-61d0-44de-a18a-8f9fe8580b83: nextIndex: updateUnconditionally 0 -> 0
2019-08-20 15:30:03,850 | INFO  | SCMAudit | user=jenkins1000 | ip=192.168.5.139 | op=SEND_HEARTBEAT {datanodeUUID=9bc9fff1-11e1-427b-a164-f7900332836f, command=[]} | ret=SUCCESS |  
2019-08-20 15:30:03,853 | INFO  | SCMAudit | user=jenkins1000 | ip=192.168.5.139 | op=SEND_HEARTBEAT {datanodeUUID=2d7c5efc-b074-4fc9-b95b-682c27e862a3, command=[]} | ret=SUCCESS |  
2019-08-20 15:30:03,855 | INFO  | SCMAudit | user=jenkins1000 | ip=192.168.5.139 | op=SEND_HEARTBEAT {datanodeUUID=5cf37c60-ab16-4b46-8923-a2be97bd85ed, command=[]} | ret=SUCCESS |  
2019-08-20 15:30:04,038 [grpc-default-executor-2] WARN  server.GrpcLogAppender (LogUtils.java:warn(134)) - b8771e3f-612a-4e3a-af1f-a8b98b915a10->2027f18d-61d0-44de-a18a-8f9fe8580b83: Failed appendEntries: org.apache.ratis.thirdparty.io.grpc.StatusRuntimeException: UNAVAILABLE: io exception
2019-08-20 15:30:04,038 [grpc-default-executor-3] WARN  server.GrpcLogAppender (LogUtils.java:warn(134)) - b8771e3f-612a-4e3a-af1f-a8b98b915a10->c96ba33e-ed49-489d-8101-2a883ad7391b: Failed appendEntries: org.apache.ratis.thirdparty.io.grpc.StatusRuntimeException: UNAVAILABLE: io exception
2019-08-20 15:30:04,038 [grpc-default-executor-2] INFO  impl.FollowerInfo (FollowerInfo.java:lambda$new$0(50)) - b8771e3f-612a-4e3a-af1f-a8b98b915a10->2027f18d-61d0-44de-a18a-8f9fe8580b83: nextIndex: updateUnconditionally 0 -> 0
2019-08-20 15:30:04,039 [grpc-default-executor-3] INFO  impl.FollowerInfo (FollowerInfo.java:lambda$new$0(50)) - b8771e3f-612a-4e3a-af1f-a8b98b915a10->c96ba33e-ed49-489d-8101-2a883ad7391b: nextIndex: updateUnconditionally 0 -> 0
2019-08-20 15:30:04,243 | INFO  | SCMAudit | user=jenkins1000 | ip=192.168.5.139 | op=SEND_HEARTBEAT {datanodeUUID=b8771e3f-612a-4e3a-af1f-a8b98b915a10, command=[]} | ret=SUCCESS |  
2019-08-20 15:30:04,539 [grpc-default-executor-2] WARN  server.GrpcLogAppender (LogUtils.java:warn(134)) - b8771e3f-612a-4e3a-af1f-a8b98b915a10->2027f18d-61d0-44de-a18a-8f9fe8580b83: Failed appendEntries: org.apache.ratis.thirdparty.io.grpc.StatusRuntimeException: UNAVAILABLE: io exception
2019-08-20 15:30:04,539 [grpc-default-executor-1] WARN  server.GrpcLogAppender (LogUtils.java:warn(134)) - b8771e3f-612a-4e3a-af1f-a8b98b915a10->c96ba33e-ed49-489d-8101-2a883ad7391b: Failed appendEntries: org.apache.ratis.thirdparty.io.grpc.StatusRuntimeException: UNAVAILABLE: io exception
2019-08-20 15:30:04,539 [grpc-default-executor-2] INFO  impl.FollowerInfo (FollowerInfo.java:lambda$new$0(50)) - b8771e3f-612a-4e3a-af1f-a8b98b915a10->2027f18d-61d0-44de-a18a-8f9fe8580b83: nextIndex: updateUnconditionally 0 -> 0
2019-08-20 15:30:04,540 [grpc-default-executor-1] INFO  impl.FollowerInfo (FollowerInfo.java:lambda$new$0(50)) - b8771e3f-612a-4e3a-af1f-a8b98b915a10->c96ba33e-ed49-489d-8101-2a883ad7391b: nextIndex: updateUnconditionally 0 -> 0
2019-08-20 15:30:04,851 | INFO  | SCMAudit | user=jenkins1000 | ip=192.168.5.139 | op=SEND_HEARTBEAT {datanodeUUID=9bc9fff1-11e1-427b-a164-f7900332836f, command=[]} | ret=SUCCESS |  
2019-08-20 15:30:04,854 | INFO  | SCMAudit | user=jenkins1000 | ip=192.168.5.139 | op=SEND_HEARTBEAT {datanodeUUID=2d7c5efc-b074-4fc9-b95b-682c27e862a3, command=[]} | ret=SUCCESS |  
2019-08-20 15:30:04,855 | INFO  | SCMAudit | user=jenkins1000 | ip=192.168.5.139 | op=SEND_HEARTBEAT {datanodeUUID=5cf37c60-ab16-4b46-8923-a2be97bd85ed, command=[]} | ret=SUCCESS |  
2019-08-20 15:30:05,039 [grpc-default-executor-1] WARN  server.GrpcLogAppender (LogUtils.java:warn(134)) - b8771e3f-612a-4e3a-af1f-a8b98b915a10->2027f18d-61d0-44de-a18a-8f9fe8580b83: Failed appendEntries: org.apache.ratis.thirdparty.io.grpc.StatusRuntimeException: UNAVAILABLE: io exception
2019-08-20 15:30:05,039 [grpc-default-executor-0] WARN  server.GrpcLogAppender (LogUtils.java:warn(134)) - b8771e3f-612a-4e3a-af1f-a8b98b915a10->c96ba33e-ed49-489d-8101-2a883ad7391b: Failed appendEntries: org.apache.ratis.thirdparty.io.grpc.StatusRuntimeException: UNAVAILABLE: io exception
2019-08-20 15:30:05,040 [grpc-default-executor-1] INFO  impl.FollowerInfo (FollowerInfo.java:lambda$new$0(50)) - b8771e3f-612a-4e3a-af1f-a8b98b915a10->2027f18d-61d0-44de-a18a-8f9fe8580b83: nextIndex: updateUnconditionally 0 -> 0
2019-08-20 15:30:05,040 [grpc-default-executor-0] INFO  impl.FollowerInfo (FollowerInfo.java:lambda$new$0(50)) - b8771e3f-612a-4e3a-af1f-a8b98b915a10->c96ba33e-ed49-489d-8101-2a883ad7391b: nextIndex: updateUnconditionally 0 -> 0
2019-08-20 15:30:05,243 | INFO  | SCMAudit | user=jenkins1000 | ip=192.168.5.139 | op=SEND_HEARTBEAT {datanodeUUID=b8771e3f-612a-4e3a-af1f-a8b98b915a10, command=[]} | ret=SUCCESS |  
2019-08-20 15:30:05,540 [grpc-default-executor-0] WARN  server.GrpcLogAppender (LogUtils.java:warn(134)) - b8771e3f-612a-4e3a-af1f-a8b98b915a10->2027f18d-61d0-44de-a18a-8f9fe8580b83: Failed appendEntries: org.apache.ratis.thirdparty.io.grpc.StatusRuntimeException: UNAVAILABLE: io exception
2019-08-20 15:30:05,540 [grpc-default-executor-1] WARN  server.GrpcLogAppender (LogUtils.java:warn(134)) - b8771e3f-612a-4e3a-af1f-a8b98b915a10->c96ba33e-ed49-489d-8101-2a883ad7391b: Failed appendEntries: org.apache.ratis.thirdparty.io.grpc.StatusRuntimeException: UNAVAILABLE: io exception
2019-08-20 15:30:05,541 [grpc-default-executor-0] INFO  impl.FollowerInfo (FollowerInfo.java:lambda$new$0(50)) - b8771e3f-612a-4e3a-af1f-a8b98b915a10->2027f18d-61d0-44de-a18a-8f9fe8580b83: nextIndex: updateUnconditionally 0 -> 0
2019-08-20 15:30:05,541 [grpc-default-executor-1] INFO  impl.FollowerInfo (FollowerInfo.java:lambda$new$0(50)) - b8771e3f-612a-4e3a-af1f-a8b98b915a10->c96ba33e-ed49-489d-8101-2a883ad7391b: nextIndex: updateUnconditionally 0 -> 0
2019-08-20 15:30:05,851 | INFO  | SCMAudit | user=jenkins1000 | ip=192.168.5.139 | op=SEND_HEARTBEAT {datanodeUUID=9bc9fff1-11e1-427b-a164-f7900332836f, command=[]} | ret=SUCCESS |  
2019-08-20 15:30:05,854 | INFO  | SCMAudit | user=jenkins1000 | ip=192.168.5.139 | op=SEND_HEARTBEAT {datanodeUUID=2d7c5efc-b074-4fc9-b95b-682c27e862a3, command=[]} | ret=SUCCESS |  
2019-08-20 15:30:05,855 | INFO  | SCMAudit | user=jenkins1000 | ip=192.168.5.139 | op=SEND_HEARTBEAT {datanodeUUID=5cf37c60-ab16-4b46-8923-a2be97bd85ed, command=[]} | ret=SUCCESS |  
2019-08-20 15:30:06,041 [grpc-default-executor-0] WARN  server.GrpcLogAppender (LogUtils.java:warn(134)) - b8771e3f-612a-4e3a-af1f-a8b98b915a10->c96ba33e-ed49-489d-8101-2a883ad7391b: Failed appendEntries: org.apache.ratis.thirdparty.io.grpc.StatusRuntimeException: UNAVAILABLE: io exception
2019-08-20 15:30:06,041 [grpc-default-executor-1] WARN  server.GrpcLogAppender (LogUtils.java:warn(134)) - b8771e3f-612a-4e3a-af1f-a8b98b915a10->2027f18d-61d0-44de-a18a-8f9fe8580b83: Failed appendEntries: org.apache.ratis.thirdparty.io.grpc.StatusRuntimeException: UNAVAILABLE: io exception
2019-08-20 15:30:06,041 [grpc-default-executor-0] INFO  impl.FollowerInfo (FollowerInfo.java:lambda$new$0(50)) - b8771e3f-612a-4e3a-af1f-a8b98b915a10->c96ba33e-ed49-489d-8101-2a883ad7391b: nextIndex: updateUnconditionally 0 -> 0
2019-08-20 15:30:06,042 [grpc-default-executor-1] INFO  impl.FollowerInfo (FollowerInfo.java:lambda$new$0(50)) - b8771e3f-612a-4e3a-af1f-a8b98b915a10->2027f18d-61d0-44de-a18a-8f9fe8580b83: nextIndex: updateUnconditionally 0 -> 0
2019-08-20 15:30:06,243 | INFO  | SCMAudit | user=jenkins1000 | ip=192.168.5.139 | op=SEND_HEARTBEAT {datanodeUUID=b8771e3f-612a-4e3a-af1f-a8b98b915a10, command=[]} | ret=SUCCESS |  
2019-08-20 15:30:06,542 [grpc-default-executor-1] WARN  server.GrpcLogAppender (LogUtils.java:warn(134)) - b8771e3f-612a-4e3a-af1f-a8b98b915a10->c96ba33e-ed49-489d-8101-2a883ad7391b: Failed appendEntries: org.apache.ratis.thirdparty.io.grpc.StatusRuntimeException: UNAVAILABLE: io exception
2019-08-20 15:30:06,542 [grpc-default-executor-0] WARN  server.GrpcLogAppender (LogUtils.java:warn(134)) - b8771e3f-612a-4e3a-af1f-a8b98b915a10->2027f18d-61d0-44de-a18a-8f9fe8580b83: Failed appendEntries: org.apache.ratis.thirdparty.io.grpc.StatusRuntimeException: UNAVAILABLE: io exception
2019-08-20 15:30:06,542 [grpc-default-executor-1] INFO  impl.FollowerInfo (FollowerInfo.java:lambda$new$0(50)) - b8771e3f-612a-4e3a-af1f-a8b98b915a10->c96ba33e-ed49-489d-8101-2a883ad7391b: nextIndex: updateUnconditionally 0 -> 0
2019-08-20 15:30:06,543 [grpc-default-executor-0] INFO  impl.FollowerInfo (FollowerInfo.java:lambda$new$0(50)) - b8771e3f-612a-4e3a-af1f-a8b98b915a10->2027f18d-61d0-44de-a18a-8f9fe8580b83: nextIndex: updateUnconditionally 0 -> 0
2019-08-20 15:30:06,596 [main] WARN  io.KeyOutputStream (KeyOutputStream.java:handleException(276)) - Encountered exception java.io.IOException: Unexpected Storage Container Exception: java.util.concurrent.CompletionException: java.util.concurrent.CompletionException: org.apache.ratis.protocol.RaftRetryFailureException: Failed RaftClientRequest:client-83F74EE104F6->2027f18d-61d0-44de-a18a-8f9fe8580b83@group-2583FFA27FA9, cid=97, seq=3*, RW, org.apache.hadoop.hdds.scm.XceiverClientRatis$$Lambda$430/548009467@5da70c4b for 10 attempts with RetryLimited(maxAttempts=10, sleepTime=1000ms) on the pipeline Pipeline[ Id: 3afb2716-99fd-4bf6-ba03-2583ffa27fa9, Nodes: c96ba33e-ed49-489d-8101-2a883ad7391b{ip: 192.168.5.139, host: pr-hdds-1200-9hlr9-3148487106, networkLocation: /default-rack, certSerialId: null}2027f18d-61d0-44de-a18a-8f9fe8580b83{ip: 192.168.5.139, host: pr-hdds-1200-9hlr9-3148487106, networkLocation: /default-rack, certSerialId: null}b8771e3f-612a-4e3a-af1f-a8b98b915a10{ip: 192.168.5.139, host: pr-hdds-1200-9hlr9-3148487106, networkLocation: /default-rack, certSerialId: null}, Type:RATIS, Factor:THREE, State:OPEN]. The last committed block length is 1048576, uncommitted data length is 1048576 retry count 0
2019-08-20 15:30:06,629 | INFO  | SCMAudit | user=jenkins1000 | ip=192.168.5.139 | op=ALLOCATE_BLOCK {owner=a24abb8d-4a0f-4067-9d75-faeb9cda1850, size=4194304, type=RATIS, factor=THREE} | ret=SUCCESS |  
2019-08-20 15:30:06,631 | INFO  | OMAudit | user=jenkins1000 | ip=127.0.0.1 | op=ALLOCATE_BLOCK {volume=datanodefailurehandlingtest, bucket=datanodefailurehandlingtest, key=ratis3, dataSize=0, replicationType=null, replicationFactor=null, keyLocationInfo=null, clientID=102650018037825543} | ret=SUCCESS |  
2019-08-20 15:30:06,650 [grpc-default-executor-1] INFO  client.GrpcClientProtocolClient (GrpcClientProtocolClient.java:onNext(255)) - client-FFF4B9D1C5CD->2d7c5efc-b074-4fc9-b95b-682c27e862a3: receive RaftClientReply:client-FFF4B9D1C5CD->2d7c5efc-b074-4fc9-b95b-682c27e862a3@group-FDC4B371A35E, cid=99, FAILED org.apache.ratis.protocol.NotLeaderException: Server 2d7c5efc-b074-4fc9-b95b-682c27e862a3 is not the leader (9bc9fff1-11e1-427b-a164-f7900332836f:192.168.5.139:38309). Request must be sent to leader., logIndex=0, commits[2d7c5efc-b074-4fc9-b95b-682c27e862a3:c15, 5cf37c60-ab16-4b46-8923-a2be97bd85ed:c15, 9bc9fff1-11e1-427b-a164-f7900332836f:c15]
2019-08-20 15:30:06,851 | INFO  | SCMAudit | user=jenkins1000 | ip=192.168.5.139 | op=SEND_HEARTBEAT {datanodeUUID=9bc9fff1-11e1-427b-a164-f7900332836f, command=[]} | ret=SUCCESS |  
2019-08-20 15:30:06,854 | INFO  | SCMAudit | user=jenkins1000 | ip=192.168.5.139 | op=SEND_HEARTBEAT {datanodeUUID=2d7c5efc-b074-4fc9-b95b-682c27e862a3, command=[]} | ret=SUCCESS |  
2019-08-20 15:30:06,855 | INFO  | SCMAudit | user=jenkins1000 | ip=192.168.5.139 | op=SEND_HEARTBEAT {datanodeUUID=5cf37c60-ab16-4b46-8923-a2be97bd85ed, command=[]} | ret=SUCCESS |  
2019-08-20 15:30:07,043 [grpc-default-executor-4] WARN  server.GrpcLogAppender (LogUtils.java:warn(134)) - b8771e3f-612a-4e3a-af1f-a8b98b915a10->c96ba33e-ed49-489d-8101-2a883ad7391b: Failed appendEntries: org.apache.ratis.thirdparty.io.grpc.StatusRuntimeException: UNAVAILABLE: io exception
2019-08-20 15:30:07,043 [grpc-default-executor-2] WARN  server.GrpcLogAppender (LogUtils.java:warn(134)) - b8771e3f-612a-4e3a-af1f-a8b98b915a10->2027f18d-61d0-44de-a18a-8f9fe8580b83: Failed appendEntries: org.apache.ratis.thirdparty.io.grpc.StatusRuntimeException: UNAVAILABLE: io exception
2019-08-20 15:30:07,043 [grpc-default-executor-4] INFO  impl.FollowerInfo (FollowerInfo.java:lambda$new$0(50)) - b8771e3f-612a-4e3a-af1f-a8b98b915a10->c96ba33e-ed49-489d-8101-2a883ad7391b: nextIndex: updateUnconditionally 0 -> 0
2019-08-20 15:30:07,044 [grpc-default-executor-2] INFO  impl.FollowerInfo (FollowerInfo.java:lambda$new$0(50)) - b8771e3f-612a-4e3a-af1f-a8b98b915a10->2027f18d-61d0-44de-a18a-8f9fe8580b83: nextIndex: updateUnconditionally 0 -> 0
2019-08-20 15:30:07,244 | INFO  | SCMAudit | user=jenkins1000 | ip=192.168.5.139 | op=SEND_HEARTBEAT {datanodeUUID=b8771e3f-612a-4e3a-af1f-a8b98b915a10, command=[]} | ret=SUCCESS |  
2019-08-20 15:30:07,543 [grpc-default-executor-1] WARN  server.GrpcLogAppender (LogUtils.java:warn(134)) - b8771e3f-612a-4e3a-af1f-a8b98b915a10->c96ba33e-ed49-489d-8101-2a883ad7391b: Failed appendEntries: org.apache.ratis.thirdparty.io.grpc.StatusRuntimeException: UNAVAILABLE: io exception
2019-08-20 15:30:07,543 [grpc-default-executor-4] WARN  server.GrpcLogAppender (LogUtils.java:warn(134)) - b8771e3f-612a-4e3a-af1f-a8b98b915a10->2027f18d-61d0-44de-a18a-8f9fe8580b83: Failed appendEntries: org.apache.ratis.thirdparty.io.grpc.StatusRuntimeException: UNAVAILABLE: io exception
2019-08-20 15:30:07,544 [grpc-default-executor-1] INFO  impl.FollowerInfo (FollowerInfo.java:lambda$new$0(50)) - b8771e3f-612a-4e3a-af1f-a8b98b915a10->c96ba33e-ed49-489d-8101-2a883ad7391b: nextIndex: updateUnconditionally 0 -> 0
2019-08-20 15:30:07,544 [grpc-default-executor-4] INFO  impl.FollowerInfo (FollowerInfo.java:lambda$new$0(50)) - b8771e3f-612a-4e3a-af1f-a8b98b915a10->2027f18d-61d0-44de-a18a-8f9fe8580b83: nextIndex: updateUnconditionally 0 -> 0
2019-08-20 15:30:07,851 | INFO  | SCMAudit | user=jenkins1000 | ip=192.168.5.139 | op=SEND_HEARTBEAT {datanodeUUID=9bc9fff1-11e1-427b-a164-f7900332836f, command=[]} | ret=SUCCESS |  
2019-08-20 15:30:07,854 | INFO  | SCMAudit | user=jenkins1000 | ip=192.168.5.139 | op=SEND_HEARTBEAT {datanodeUUID=2d7c5efc-b074-4fc9-b95b-682c27e862a3, command=[]} | ret=SUCCESS |  
2019-08-20 15:30:07,855 | INFO  | SCMAudit | user=jenkins1000 | ip=192.168.5.139 | op=SEND_HEARTBEAT {datanodeUUID=5cf37c60-ab16-4b46-8923-a2be97bd85ed, command=[]} | ret=SUCCESS |  
2019-08-20 15:30:08,044 [grpc-default-executor-1] WARN  server.GrpcLogAppender (LogUtils.java:warn(134)) - b8771e3f-612a-4e3a-af1f-a8b98b915a10->c96ba33e-ed49-489d-8101-2a883ad7391b: Failed appendEntries: org.apache.ratis.thirdparty.io.grpc.StatusRuntimeException: UNAVAILABLE: io exception
2019-08-20 15:30:08,045 [grpc-default-executor-4] WARN  server.GrpcLogAppender (LogUtils.java:warn(134)) - b8771e3f-612a-4e3a-af1f-a8b98b915a10->2027f18d-61d0-44de-a18a-8f9fe8580b83: Failed appendEntries: org.apache.ratis.thirdparty.io.grpc.StatusRuntimeException: UNAVAILABLE: io exception
2019-08-20 15:30:08,045 [grpc-default-executor-1] INFO  impl.FollowerInfo (FollowerInfo.java:lambda$new$0(50)) - b8771e3f-612a-4e3a-af1f-a8b98b915a10->c96ba33e-ed49-489d-8101-2a883ad7391b: nextIndex: updateUnconditionally 0 -> 0
2019-08-20 15:30:08,045 [grpc-default-executor-4] INFO  impl.FollowerInfo (FollowerInfo.java:lambda$new$0(50)) - b8771e3f-612a-4e3a-af1f-a8b98b915a10->2027f18d-61d0-44de-a18a-8f9fe8580b83: nextIndex: updateUnconditionally 0 -> 0
2019-08-20 15:30:08,244 | INFO  | SCMAudit | user=jenkins1000 | ip=192.168.5.139 | op=SEND_HEARTBEAT {datanodeUUID=b8771e3f-612a-4e3a-af1f-a8b98b915a10, command=[]} | ret=SUCCESS |  
2019-08-20 15:30:08,545 [grpc-default-executor-0] WARN  server.GrpcLogAppender (LogUtils.java:warn(134)) - b8771e3f-612a-4e3a-af1f-a8b98b915a10->c96ba33e-ed49-489d-8101-2a883ad7391b: Failed appendEntries: org.apache.ratis.thirdparty.io.grpc.StatusRuntimeException: UNAVAILABLE: io exception
2019-08-20 15:30:08,545 [grpc-default-executor-4] WARN  server.GrpcLogAppender (LogUtils.java:warn(134)) - b8771e3f-612a-4e3a-af1f-a8b98b915a10->2027f18d-61d0-44de-a18a-8f9fe8580b83: Failed appendEntries: org.apache.ratis.thirdparty.io.grpc.StatusRuntimeException: UNAVAILABLE: io exception
2019-08-20 15:30:08,546 [grpc-default-executor-0] INFO  impl.FollowerInfo (FollowerInfo.java:lambda$new$0(50)) - b8771e3f-612a-4e3a-af1f-a8b98b915a10->c96ba33e-ed49-489d-8101-2a883ad7391b: nextIndex: updateUnconditionally 0 -> 0
2019-08-20 15:30:08,546 [grpc-default-executor-4] INFO  impl.FollowerInfo (FollowerInfo.java:lambda$new$0(50)) - b8771e3f-612a-4e3a-af1f-a8b98b915a10->2027f18d-61d0-44de-a18a-8f9fe8580b83: nextIndex: updateUnconditionally 0 -> 0
2019-08-20 15:30:08,851 | INFO  | SCMAudit | user=jenkins1000 | ip=192.168.5.139 | op=SEND_HEARTBEAT {datanodeUUID=9bc9fff1-11e1-427b-a164-f7900332836f, command=[]} | ret=SUCCESS |  
2019-08-20 15:30:08,854 | INFO  | SCMAudit | user=jenkins1000 | ip=192.168.5.139 | op=SEND_HEARTBEAT {datanodeUUID=2d7c5efc-b074-4fc9-b95b-682c27e862a3, command=[]} | ret=SUCCESS |  
2019-08-20 15:30:08,856 | INFO  | SCMAudit | user=jenkins1000 | ip=192.168.5.139 | op=SEND_HEARTBEAT {datanodeUUID=5cf37c60-ab16-4b46-8923-a2be97bd85ed, command=[]} | ret=SUCCESS |  
2019-08-20 15:30:09,046 [grpc-default-executor-4] WARN  server.GrpcLogAppender (LogUtils.java:warn(134)) - b8771e3f-612a-4e3a-af1f-a8b98b915a10->2027f18d-61d0-44de-a18a-8f9fe8580b83: Failed appendEntries: org.apache.ratis.thirdparty.io.grpc.StatusRuntimeException: UNAVAILABLE: io exception
2019-08-20 15:30:09,046 [grpc-default-executor-0] WARN  server.GrpcLogAppender (LogUtils.java:warn(134)) - b8771e3f-612a-4e3a-af1f-a8b98b915a10->c96ba33e-ed49-489d-8101-2a883ad7391b: Failed appendEntries: org.apache.ratis.thirdparty.io.grpc.StatusRuntimeException: UNAVAILABLE: io exception
2019-08-20 15:30:09,047 [grpc-default-executor-4] INFO  impl.FollowerInfo (FollowerInfo.java:lambda$new$0(50)) - b8771e3f-612a-4e3a-af1f-a8b98b915a10->2027f18d-61d0-44de-a18a-8f9fe8580b83: nextIndex: updateUnconditionally 0 -> 0
2019-08-20 15:30:09,047 [grpc-default-executor-0] INFO  impl.FollowerInfo (FollowerInfo.java:lambda$new$0(50)) - b8771e3f-612a-4e3a-af1f-a8b98b915a10->c96ba33e-ed49-489d-8101-2a883ad7391b: nextIndex: updateUnconditionally 0 -> 0
2019-08-20 15:30:09,244 | INFO  | SCMAudit | user=jenkins1000 | ip=192.168.5.139 | op=SEND_HEARTBEAT {datanodeUUID=b8771e3f-612a-4e3a-af1f-a8b98b915a10, command=[]} | ret=SUCCESS |  
2019-08-20 15:30:09,547 [grpc-default-executor-0] WARN  server.GrpcLogAppender (LogUtils.java:warn(134)) - b8771e3f-612a-4e3a-af1f-a8b98b915a10->c96ba33e-ed49-489d-8101-2a883ad7391b: Failed appendEntries: org.apache.ratis.thirdparty.io.grpc.StatusRuntimeException: UNAVAILABLE: io exception
2019-08-20 15:30:09,547 [grpc-default-executor-1] WARN  server.GrpcLogAppender (LogUtils.java:warn(134)) - b8771e3f-612a-4e3a-af1f-a8b98b915a10->2027f18d-61d0-44de-a18a-8f9fe8580b83: Failed appendEntries: org.apache.ratis.thirdparty.io.grpc.StatusRuntimeException: UNAVAILABLE: io exception
2019-08-20 15:30:09,548 [grpc-default-executor-0] INFO  impl.FollowerInfo (FollowerInfo.java:lambda$new$0(50)) - b8771e3f-612a-4e3a-af1f-a8b98b915a10->c96ba33e-ed49-489d-8101-2a883ad7391b: nextIndex: updateUnconditionally 0 -> 0
2019-08-20 15:30:09,548 [grpc-default-executor-1] INFO  impl.FollowerInfo (FollowerInfo.java:lambda$new$0(50)) - b8771e3f-612a-4e3a-af1f-a8b98b915a10->2027f18d-61d0-44de-a18a-8f9fe8580b83: nextIndex: updateUnconditionally 0 -> 0
2019-08-20 15:30:09,669 [java.util.concurrent.ThreadPoolExecutor$Worker@7de1fbd4[State = -1, empty queue]] WARN  server.GrpcLogAppender (GrpcLogAppender.java:timeoutAppendRequest(200)) - GrpcLogAppender(9bc9fff1-11e1-427b-a164-f7900332836f->5cf37c60-ab16-4b46-8923-a2be97bd85ed): appendEntries Timeout, request=9bc9fff1-11e1-427b-a164-f7900332836f->5cf37c60-ab16-4b46-8923-a2be97bd85ed#83-t1, previous=(t:1, i:15), leaderCommit=15, initializing? false, entries: size=1, first=(t:1, i:16), STATEMACHINELOGENTRY, client-FFF4B9D1C5CD, cid=99
2019-08-20 15:30:09,669 [java.util.concurrent.ThreadPoolExecutor$Worker@6504a35b[State = -1, empty queue]] WARN  server.GrpcLogAppender (GrpcLogAppender.java:timeoutAppendRequest(200)) - GrpcLogAppender(9bc9fff1-11e1-427b-a164-f7900332836f->2d7c5efc-b074-4fc9-b95b-682c27e862a3): appendEntries Timeout, request=9bc9fff1-11e1-427b-a164-f7900332836f->2d7c5efc-b074-4fc9-b95b-682c27e862a3#83-t1, previous=(t:1, i:15), leaderCommit=15, initializing? false, entries: size=1, first=(t:1, i:16), STATEMACHINELOGENTRY, client-FFF4B9D1C5CD, cid=99
2019-08-20 15:30:09,852 | INFO  | SCMAudit | user=jenkins1000 | ip=192.168.5.139 | op=SEND_HEARTBEAT {datanodeUUID=9bc9fff1-11e1-427b-a164-f7900332836f, command=[]} | ret=SUCCESS |  
2019-08-20 15:30:09,854 | INFO  | SCMAudit | user=jenkins1000 | ip=192.168.5.139 | op=SEND_HEARTBEAT {datanodeUUID=2d7c5efc-b074-4fc9-b95b-682c27e862a3, command=[]} | ret=SUCCESS |  
2019-08-20 15:30:09,856 | INFO  | SCMAudit | user=jenkins1000 | ip=192.168.5.139 | op=SEND_HEARTBEAT {datanodeUUID=5cf37c60-ab16-4b46-8923-a2be97bd85ed, command=[]} | ret=SUCCESS |  
2019-08-20 15:30:10,049 [grpc-default-executor-0] WARN  server.GrpcLogAppender (LogUtils.java:warn(134)) - b8771e3f-612a-4e3a-af1f-a8b98b915a10->c96ba33e-ed49-489d-8101-2a883ad7391b: Failed appendEntries: org.apache.ratis.thirdparty.io.grpc.StatusRuntimeException: UNAVAILABLE: io exception
2019-08-20 15:30:10,049 [grpc-default-executor-1] WARN  server.GrpcLogAppender (LogUtils.java:warn(134)) - b8771e3f-612a-4e3a-af1f-a8b98b915a10->2027f18d-61d0-44de-a18a-8f9fe8580b83: Failed appendEntries: org.apache.ratis.thirdparty.io.grpc.StatusRuntimeException: UNAVAILABLE: io exception
2019-08-20 15:30:10,049 [grpc-default-executor-0] INFO  impl.FollowerInfo (FollowerInfo.java:lambda$new$0(50)) - b8771e3f-612a-4e3a-af1f-a8b98b915a10->c96ba33e-ed49-489d-8101-2a883ad7391b: nextIndex: updateUnconditionally 0 -> 0
2019-08-20 15:30:10,050 [grpc-default-executor-1] INFO  impl.FollowerInfo (FollowerInfo.java:lambda$new$0(50)) - b8771e3f-612a-4e3a-af1f-a8b98b915a10->2027f18d-61d0-44de-a18a-8f9fe8580b83: nextIndex: updateUnconditionally 0 -> 0
2019-08-20 15:30:10,169 [java.util.concurrent.ThreadPoolExecutor$Worker@6504a35b[State = -1, empty queue]] WARN  server.GrpcLogAppender (GrpcLogAppender.java:timeoutAppendRequest(200)) - GrpcLogAppender(9bc9fff1-11e1-427b-a164-f7900332836f->2d7c5efc-b074-4fc9-b95b-682c27e862a3): appendEntries Timeout, request=9bc9fff1-11e1-427b-a164-f7900332836f->2d7c5efc-b074-4fc9-b95b-682c27e862a3#84-t1, previous=(t:1, i:16), leaderCommit=15, initializing? false, entries: <empty>
2019-08-20 15:30:10,169 [java.util.concurrent.ThreadPoolExecutor$Worker@7de1fbd4[State = -1, empty queue]] WARN  server.GrpcLogAppender (GrpcLogAppender.java:timeoutAppendRequest(200)) - GrpcLogAppender(9bc9fff1-11e1-427b-a164-f7900332836f->5cf37c60-ab16-4b46-8923-a2be97bd85ed): appendEntries Timeout, request=9bc9fff1-11e1-427b-a164-f7900332836f->5cf37c60-ab16-4b46-8923-a2be97bd85ed#84-t1, previous=(t:1, i:16), leaderCommit=15, initializing? false, entries: <empty>
2019-08-20 15:30:10,245 | INFO  | SCMAudit | user=jenkins1000 | ip=192.168.5.139 | op=SEND_HEARTBEAT {datanodeUUID=b8771e3f-612a-4e3a-af1f-a8b98b915a10, command=[]} | ret=SUCCESS |  
2019-08-20 15:30:10,550 [grpc-default-executor-0] WARN  server.GrpcLogAppender (LogUtils.java:warn(134)) - b8771e3f-612a-4e3a-af1f-a8b98b915a10->c96ba33e-ed49-489d-8101-2a883ad7391b: Failed appendEntries: org.apache.ratis.thirdparty.io.grpc.StatusRuntimeException: UNAVAILABLE: io exception
2019-08-20 15:30:10,550 [grpc-default-executor-1] WARN  server.GrpcLogAppender (LogUtils.java:warn(134)) - b8771e3f-612a-4e3a-af1f-a8b98b915a10->2027f18d-61d0-44de-a18a-8f9fe8580b83: Failed appendEntries: org.apache.ratis.thirdparty.io.grpc.StatusRuntimeException: UNAVAILABLE: io exception
2019-08-20 15:30:10,550 [grpc-default-executor-0] INFO  impl.FollowerInfo (FollowerInfo.java:lambda$new$0(50)) - b8771e3f-612a-4e3a-af1f-a8b98b915a10->c96ba33e-ed49-489d-8101-2a883ad7391b: nextIndex: updateUnconditionally 0 -> 0
2019-08-20 15:30:10,551 [grpc-default-executor-1] INFO  impl.FollowerInfo (FollowerInfo.java:lambda$new$0(50)) - b8771e3f-612a-4e3a-af1f-a8b98b915a10->2027f18d-61d0-44de-a18a-8f9fe8580b83: nextIndex: updateUnconditionally 0 -> 0
2019-08-20 15:30:10,675 [java.util.concurrent.ThreadPoolExecutor$Worker@7de1fbd4[State = -1, empty queue]] WARN  server.GrpcLogAppender (GrpcLogAppender.java:timeoutAppendRequest(200)) - GrpcLogAppender(9bc9fff1-11e1-427b-a164-f7900332836f->5cf37c60-ab16-4b46-8923-a2be97bd85ed): appendEntries Timeout, request=9bc9fff1-11e1-427b-a164-f7900332836f->5cf37c60-ab16-4b46-8923-a2be97bd85ed#85-t1, previous=(t:1, i:16), leaderCommit=15, initializing? false, entries: <empty>
2019-08-20 15:30:10,675 [java.util.concurrent.ThreadPoolExecutor$Worker@6504a35b[State = -1, empty queue]] WARN  server.GrpcLogAppender (GrpcLogAppender.java:timeoutAppendRequest(200)) - GrpcLogAppender(9bc9fff1-11e1-427b-a164-f7900332836f->2d7c5efc-b074-4fc9-b95b-682c27e862a3): appendEntries Timeout, request=9bc9fff1-11e1-427b-a164-f7900332836f->2d7c5efc-b074-4fc9-b95b-682c27e862a3#85-t1, previous=(t:1, i:16), leaderCommit=15, initializing? false, entries: <empty>
2019-08-20 15:30:10,852 | INFO  | SCMAudit | user=jenkins1000 | ip=192.168.5.139 | op=SEND_HEARTBEAT {datanodeUUID=9bc9fff1-11e1-427b-a164-f7900332836f, command=[]} | ret=SUCCESS |  
2019-08-20 15:30:10,854 | INFO  | SCMAudit | user=jenkins1000 | ip=192.168.5.139 | op=SEND_HEARTBEAT {datanodeUUID=2d7c5efc-b074-4fc9-b95b-682c27e862a3, command=[]} | ret=SUCCESS |  
2019-08-20 15:30:10,855 | INFO  | SCMAudit | user=jenkins1000 | ip=192.168.5.139 | op=SEND_HEARTBEAT {datanodeUUID=5cf37c60-ab16-4b46-8923-a2be97bd85ed, command=[]} | ret=SUCCESS |  
2019-08-20 15:30:11,050 [grpc-default-executor-3] WARN  server.GrpcLogAppender (LogUtils.java:warn(134)) - b8771e3f-612a-4e3a-af1f-a8b98b915a10->2027f18d-61d0-44de-a18a-8f9fe8580b83: Failed appendEntries: org.apache.ratis.thirdparty.io.grpc.StatusRuntimeException: UNAVAILABLE: io exception
2019-08-20 15:30:11,050 [grpc-default-executor-2] WARN  server.GrpcLogAppender (LogUtils.java:warn(134)) - b8771e3f-612a-4e3a-af1f-a8b98b915a10->c96ba33e-ed49-489d-8101-2a883ad7391b: Failed appendEntries: org.apache.ratis.thirdparty.io.grpc.StatusRuntimeException: UNAVAILABLE: io exception
2019-08-20 15:30:11,051 [grpc-default-executor-3] INFO  impl.FollowerInfo (FollowerInfo.java:lambda$new$0(50)) - b8771e3f-612a-4e3a-af1f-a8b98b915a10->2027f18d-61d0-44de-a18a-8f9fe8580b83: nextIndex: updateUnconditionally 0 -> 0
2019-08-20 15:30:11,051 [grpc-default-executor-2] INFO  impl.FollowerInfo (FollowerInfo.java:lambda$new$0(50)) - b8771e3f-612a-4e3a-af1f-a8b98b915a10->c96ba33e-ed49-489d-8101-2a883ad7391b: nextIndex: updateUnconditionally 0 -> 0
2019-08-20 15:30:11,170 [java.util.concurrent.ThreadPoolExecutor$Worker@7de1fbd4[State = -1, empty queue]] WARN  server.GrpcLogAppender (GrpcLogAppender.java:timeoutAppendRequest(200)) - GrpcLogAppender(9bc9fff1-11e1-427b-a164-f7900332836f->5cf37c60-ab16-4b46-8923-a2be97bd85ed): appendEntries Timeout, request=9bc9fff1-11e1-427b-a164-f7900332836f->5cf37c60-ab16-4b46-8923-a2be97bd85ed#86-t1, previous=(t:1, i:16), leaderCommit=15, initializing? false, entries: <empty>
2019-08-20 15:30:11,170 [java.util.concurrent.ThreadPoolExecutor$Worker@6504a35b[State = -1, empty queue]] WARN  server.GrpcLogAppender (GrpcLogAppender.java:timeoutAppendRequest(200)) - GrpcLogAppender(9bc9fff1-11e1-427b-a164-f7900332836f->2d7c5efc-b074-4fc9-b95b-682c27e862a3): appendEntries Timeout, request=9bc9fff1-11e1-427b-a164-f7900332836f->2d7c5efc-b074-4fc9-b95b-682c27e862a3#86-t1, previous=(t:1, i:16), leaderCommit=15, initializing? false, entries: <empty>
2019-08-20 15:30:11,245 | INFO  | SCMAudit | user=jenkins1000 | ip=192.168.5.139 | op=SEND_HEARTBEAT {datanodeUUID=b8771e3f-612a-4e3a-af1f-a8b98b915a10, command=[]} | ret=SUCCESS |  
2019-08-20 15:30:11,551 [grpc-default-executor-4] WARN  server.GrpcLogAppender (LogUtils.java:warn(134)) - b8771e3f-612a-4e3a-af1f-a8b98b915a10->2027f18d-61d0-44de-a18a-8f9fe8580b83: Failed appendEntries: org.apache.ratis.thirdparty.io.grpc.StatusRuntimeException: UNAVAILABLE: io exception
2019-08-20 15:30:11,551 [grpc-default-executor-3] WARN  server.GrpcLogAppender (LogUtils.java:warn(134)) - b8771e3f-612a-4e3a-af1f-a8b98b915a10->c96ba33e-ed49-489d-8101-2a883ad7391b: Failed appendEntries: org.apache.ratis.thirdparty.io.grpc.StatusRuntimeException: UNAVAILABLE: io exception
2019-08-20 15:30:11,552 [grpc-default-executor-4] INFO  impl.FollowerInfo (FollowerInfo.java:lambda$new$0(50)) - b8771e3f-612a-4e3a-af1f-a8b98b915a10->2027f18d-61d0-44de-a18a-8f9fe8580b83: nextIndex: updateUnconditionally 0 -> 0
2019-08-20 15:30:11,552 [grpc-default-executor-3] INFO  impl.FollowerInfo (FollowerInfo.java:lambda$new$0(50)) - b8771e3f-612a-4e3a-af1f-a8b98b915a10->c96ba33e-ed49-489d-8101-2a883ad7391b: nextIndex: updateUnconditionally 0 -> 0
2019-08-20 15:30:11,670 [java.util.concurrent.ThreadPoolExecutor$Worker@6504a35b[State = -1, empty queue]] WARN  server.GrpcLogAppender (GrpcLogAppender.java:timeoutAppendRequest(200)) - GrpcLogAppender(9bc9fff1-11e1-427b-a164-f7900332836f->2d7c5efc-b074-4fc9-b95b-682c27e862a3): appendEntries Timeout, request=9bc9fff1-11e1-427b-a164-f7900332836f->2d7c5efc-b074-4fc9-b95b-682c27e862a3#87-t1, previous=(t:1, i:16), leaderCommit=15, initializing? false, entries: <empty>
2019-08-20 15:30:11,670 [java.util.concurrent.ThreadPoolExecutor$Worker@7de1fbd4[State = -1, empty queue]] WARN  server.GrpcLogAppender (GrpcLogAppender.java:timeoutAppendRequest(200)) - GrpcLogAppender(9bc9fff1-11e1-427b-a164-f7900332836f->5cf37c60-ab16-4b46-8923-a2be97bd85ed): appendEntries Timeout, request=9bc9fff1-11e1-427b-a164-f7900332836f->5cf37c60-ab16-4b46-8923-a2be97bd85ed#87-t1, previous=(t:1, i:16), leaderCommit=15, initializing? false, entries: <empty>
2019-08-20 15:30:11,696 [grpc-default-executor-4] INFO  client.GrpcClientProtocolClient (GrpcClientProtocolClient.java:onNext(255)) - client-FFF4B9D1C5CD->5cf37c60-ab16-4b46-8923-a2be97bd85ed: receive RaftClientReply:client-FFF4B9D1C5CD->5cf37c60-ab16-4b46-8923-a2be97bd85ed@group-FDC4B371A35E, cid=99, FAILED org.apache.ratis.protocol.NotLeaderException: Server 5cf37c60-ab16-4b46-8923-a2be97bd85ed is not the leader (9bc9fff1-11e1-427b-a164-f7900332836f:192.168.5.139:38309). Request must be sent to leader., logIndex=0, commits[5cf37c60-ab16-4b46-8923-a2be97bd85ed:c15, 2d7c5efc-b074-4fc9-b95b-682c27e862a3:c15, 9bc9fff1-11e1-427b-a164-f7900332836f:c15]
2019-08-20 15:30:11,852 | INFO  | SCMAudit | user=jenkins1000 | ip=192.168.5.139 | op=SEND_HEARTBEAT {datanodeUUID=9bc9fff1-11e1-427b-a164-f7900332836f, command=[]} | ret=SUCCESS |  
2019-08-20 15:30:11,854 | INFO  | SCMAudit | user=jenkins1000 | ip=192.168.5.139 | op=SEND_HEARTBEAT {datanodeUUID=2d7c5efc-b074-4fc9-b95b-682c27e862a3, command=[]} | ret=SUCCESS |  
2019-08-20 15:30:11,855 | INFO  | SCMAudit | user=jenkins1000 | ip=192.168.5.139 | op=SEND_HEARTBEAT {datanodeUUID=5cf37c60-ab16-4b46-8923-a2be97bd85ed, command=[]} | ret=SUCCESS |  
2019-08-20 15:30:12,052 [grpc-default-executor-4] WARN  server.GrpcLogAppender (LogUtils.java:warn(134)) - b8771e3f-612a-4e3a-af1f-a8b98b915a10->2027f18d-61d0-44de-a18a-8f9fe8580b83: Failed appendEntries: org.apache.ratis.thirdparty.io.grpc.StatusRuntimeException: UNAVAILABLE: io exception
2019-08-20 15:30:12,052 [grpc-default-executor-3] WARN  server.GrpcLogAppender (LogUtils.java:warn(134)) - b8771e3f-612a-4e3a-af1f-a8b98b915a10->c96ba33e-ed49-489d-8101-2a883ad7391b: Failed appendEntries: org.apache.ratis.thirdparty.io.grpc.StatusRuntimeException: UNAVAILABLE: io exception
2019-08-20 15:30:12,053 [grpc-default-executor-4] INFO  impl.FollowerInfo (FollowerInfo.java:lambda$new$0(50)) - b8771e3f-612a-4e3a-af1f-a8b98b915a10->2027f18d-61d0-44de-a18a-8f9fe8580b83: nextIndex: updateUnconditionally 0 -> 0
2019-08-20 15:30:12,053 [grpc-default-executor-3] INFO  impl.FollowerInfo (FollowerInfo.java:lambda$new$0(50)) - b8771e3f-612a-4e3a-af1f-a8b98b915a10->c96ba33e-ed49-489d-8101-2a883ad7391b: nextIndex: updateUnconditionally 0 -> 0
2019-08-20 15:30:12,170 [java.util.concurrent.ThreadPoolExecutor$Worker@6504a35b[State = -1, empty queue]] WARN  server.GrpcLogAppender (GrpcLogAppender.java:timeoutAppendRequest(200)) - GrpcLogAppender(9bc9fff1-11e1-427b-a164-f7900332836f->2d7c5efc-b074-4fc9-b95b-682c27e862a3): appendEntries Timeout, request=9bc9fff1-11e1-427b-a164-f7900332836f->2d7c5efc-b074-4fc9-b95b-682c27e862a3#88-t1, previous=(t:1, i:16), leaderCommit=15, initializing? false, entries: <empty>
2019-08-20 15:30:12,170 [java.util.concurrent.ThreadPoolExecutor$Worker@7de1fbd4[State = -1, empty queue]] WARN  server.GrpcLogAppender (GrpcLogAppender.java:timeoutAppendRequest(200)) - GrpcLogAppender(9bc9fff1-11e1-427b-a164-f7900332836f->5cf37c60-ab16-4b46-8923-a2be97bd85ed): appendEntries Timeout, request=9bc9fff1-11e1-427b-a164-f7900332836f->5cf37c60-ab16-4b46-8923-a2be97bd85ed#88-t1, previous=(t:1, i:16), leaderCommit=15, initializing? false, entries: <empty>
2019-08-20 15:30:12,246 | INFO  | SCMAudit | user=jenkins1000 | ip=192.168.5.139 | op=SEND_HEARTBEAT {datanodeUUID=b8771e3f-612a-4e3a-af1f-a8b98b915a10, command=[]} | ret=SUCCESS |  
2019-08-20 15:30:12,553 [grpc-default-executor-0] WARN  server.GrpcLogAppender (LogUtils.java:warn(134)) - b8771e3f-612a-4e3a-af1f-a8b98b915a10->c96ba33e-ed49-489d-8101-2a883ad7391b: Failed appendEntries: org.apache.ratis.thirdparty.io.grpc.StatusRuntimeException: UNAVAILABLE: io exception
2019-08-20 15:30:12,553 [grpc-default-executor-1] WARN  server.GrpcLogAppender (LogUtils.java:warn(134)) - b8771e3f-612a-4e3a-af1f-a8b98b915a10->2027f18d-61d0-44de-a18a-8f9fe8580b83: Failed appendEntries: org.apache.ratis.thirdparty.io.grpc.StatusRuntimeException: UNAVAILABLE: io exception
2019-08-20 15:30:12,553 [grpc-default-executor-0] INFO  impl.FollowerInfo (FollowerInfo.java:lambda$new$0(50)) - b8771e3f-612a-4e3a-af1f-a8b98b915a10->c96ba33e-ed49-489d-8101-2a883ad7391b: nextIndex: updateUnconditionally 0 -> 0
2019-08-20 15:30:12,554 [grpc-default-executor-1] INFO  impl.FollowerInfo (FollowerInfo.java:lambda$new$0(50)) - b8771e3f-612a-4e3a-af1f-a8b98b915a10->2027f18d-61d0-44de-a18a-8f9fe8580b83: nextIndex: updateUnconditionally 0 -> 0
2019-08-20 15:30:12,671 [java.util.concurrent.ThreadPoolExecutor$Worker@6504a35b[State = -1, empty queue]] WARN  server.GrpcLogAppender (GrpcLogAppender.java:timeoutAppendRequest(200)) - GrpcLogAppender(9bc9fff1-11e1-427b-a164-f7900332836f->2d7c5efc-b074-4fc9-b95b-682c27e862a3): appendEntries Timeout, request=9bc9fff1-11e1-427b-a164-f7900332836f->2d7c5efc-b074-4fc9-b95b-682c27e862a3#89-t1, previous=(t:1, i:16), leaderCommit=15, initializing? false, entries: <empty>
2019-08-20 15:30:12,671 [java.util.concurrent.ThreadPoolExecutor$Worker@7de1fbd4[State = -1, empty queue]] WARN  server.GrpcLogAppender (GrpcLogAppender.java:timeoutAppendRequest(200)) - GrpcLogAppender(9bc9fff1-11e1-427b-a164-f7900332836f->5cf37c60-ab16-4b46-8923-a2be97bd85ed): appendEntries Timeout, request=9bc9fff1-11e1-427b-a164-f7900332836f->5cf37c60-ab16-4b46-8923-a2be97bd85ed#89-t1, previous=(t:1, i:16), leaderCommit=15, initializing? false, entries: <empty>
2019-08-20 15:30:12,852 | INFO  | SCMAudit | user=jenkins1000 | ip=192.168.5.139 | op=SEND_HEARTBEAT {datanodeUUID=9bc9fff1-11e1-427b-a164-f7900332836f, command=[]} | ret=SUCCESS |  
2019-08-20 15:30:12,855 | INFO  | SCMAudit | user=jenkins1000 | ip=192.168.5.139 | op=SEND_HEARTBEAT {datanodeUUID=2d7c5efc-b074-4fc9-b95b-682c27e862a3, command=[]} | ret=SUCCESS |  
2019-08-20 15:30:12,855 | INFO  | SCMAudit | user=jenkins1000 | ip=192.168.5.139 | op=SEND_HEARTBEAT {datanodeUUID=5cf37c60-ab16-4b46-8923-a2be97bd85ed, command=[]} | ret=SUCCESS |  
2019-08-20 15:30:13,053 [grpc-default-executor-3] WARN  server.GrpcLogAppender (LogUtils.java:warn(134)) - b8771e3f-612a-4e3a-af1f-a8b98b915a10->2027f18d-61d0-44de-a18a-8f9fe8580b83: Failed appendEntries: org.apache.ratis.thirdparty.io.grpc.StatusRuntimeException: UNAVAILABLE: io exception
2019-08-20 15:30:13,053 [grpc-default-executor-4] WARN  server.GrpcLogAppender (LogUtils.java:warn(134)) - b8771e3f-612a-4e3a-af1f-a8b98b915a10->c96ba33e-ed49-489d-8101-2a883ad7391b: Failed appendEntries: org.apache.ratis.thirdparty.io.grpc.StatusRuntimeException: UNAVAILABLE: io exception
2019-08-20 15:30:13,054 [grpc-default-executor-3] INFO  impl.FollowerInfo (FollowerInfo.java:lambda$new$0(50)) - b8771e3f-612a-4e3a-af1f-a8b98b915a10->2027f18d-61d0-44de-a18a-8f9fe8580b83: nextIndex: updateUnconditionally 0 -> 0
2019-08-20 15:30:13,054 [grpc-default-executor-4] INFO  impl.FollowerInfo (FollowerInfo.java:lambda$new$0(50)) - b8771e3f-612a-4e3a-af1f-a8b98b915a10->c96ba33e-ed49-489d-8101-2a883ad7391b: nextIndex: updateUnconditionally 0 -> 0
2019-08-20 15:30:13,171 [java.util.concurrent.ThreadPoolExecutor$Worker@7de1fbd4[State = -1, empty queue]] WARN  server.GrpcLogAppender (GrpcLogAppender.java:timeoutAppendRequest(200)) - GrpcLogAppender(9bc9fff1-11e1-427b-a164-f7900332836f->5cf37c60-ab16-4b46-8923-a2be97bd85ed): appendEntries Timeout, request=9bc9fff1-11e1-427b-a164-f7900332836f->5cf37c60-ab16-4b46-8923-a2be97bd85ed#90-t1, previous=(t:1, i:16), leaderCommit=15, initializing? false, entries: <empty>
2019-08-20 15:30:13,171 [java.util.concurrent.ThreadPoolExecutor$Worker@6504a35b[State = -1, empty queue]] WARN  server.GrpcLogAppender (GrpcLogAppender.java:timeoutAppendRequest(200)) - GrpcLogAppender(9bc9fff1-11e1-427b-a164-f7900332836f->2d7c5efc-b074-4fc9-b95b-682c27e862a3): appendEntries Timeout, request=9bc9fff1-11e1-427b-a164-f7900332836f->2d7c5efc-b074-4fc9-b95b-682c27e862a3#90-t1, previous=(t:1, i:16), leaderCommit=15, initializing? false, entries: <empty>
2019-08-20 15:30:13,246 | INFO  | SCMAudit | user=jenkins1000 | ip=192.168.5.139 | op=SEND_HEARTBEAT {datanodeUUID=b8771e3f-612a-4e3a-af1f-a8b98b915a10, command=[]} | ret=SUCCESS |  
2019-08-20 15:30:13,554 [grpc-default-executor-0] WARN  server.GrpcLogAppender (LogUtils.java:warn(134)) - b8771e3f-612a-4e3a-af1f-a8b98b915a10->c96ba33e-ed49-489d-8101-2a883ad7391b: Failed appendEntries: org.apache.ratis.thirdparty.io.grpc.StatusRuntimeException: UNAVAILABLE: io exception
2019-08-20 15:30:13,554 [grpc-default-executor-1] WARN  server.GrpcLogAppender (LogUtils.java:warn(134)) - b8771e3f-612a-4e3a-af1f-a8b98b915a10->2027f18d-61d0-44de-a18a-8f9fe8580b83: Failed appendEntries: org.apache.ratis.thirdparty.io.grpc.StatusRuntimeException: UNAVAILABLE: io exception
2019-08-20 15:30:13,554 [grpc-default-executor-0] INFO  impl.FollowerInfo (FollowerInfo.java:lambda$new$0(50)) - b8771e3f-612a-4e3a-af1f-a8b98b915a10->c96ba33e-ed49-489d-8101-2a883ad7391b: nextIndex: updateUnconditionally 0 -> 0
2019-08-20 15:30:13,555 [grpc-default-executor-1] INFO  impl.FollowerInfo (FollowerInfo.java:lambda$new$0(50)) - b8771e3f-612a-4e3a-af1f-a8b98b915a10->2027f18d-61d0-44de-a18a-8f9fe8580b83: nextIndex: updateUnconditionally 0 -> 0
2019-08-20 15:30:13,675 [java.util.concurrent.ThreadPoolExecutor$Worker@6504a35b[State = -1, empty queue]] WARN  server.GrpcLogAppender (GrpcLogAppender.java:timeoutAppendRequest(200)) - GrpcLogAppender(9bc9fff1-11e1-427b-a164-f7900332836f->2d7c5efc-b074-4fc9-b95b-682c27e862a3): appendEntries Timeout, request=9bc9fff1-11e1-427b-a164-f7900332836f->2d7c5efc-b074-4fc9-b95b-682c27e862a3#91-t1, previous=(t:1, i:16), leaderCommit=15, initializing? false, entries: <empty>
2019-08-20 15:30:13,675 [java.util.concurrent.ThreadPoolExecutor$Worker@7de1fbd4[State = -1, empty queue]] WARN  server.GrpcLogAppender (GrpcLogAppender.java:timeoutAppendRequest(200)) - GrpcLogAppender(9bc9fff1-11e1-427b-a164-f7900332836f->5cf37c60-ab16-4b46-8923-a2be97bd85ed): appendEntries Timeout, request=9bc9fff1-11e1-427b-a164-f7900332836f->5cf37c60-ab16-4b46-8923-a2be97bd85ed#91-t1, previous=(t:1, i:16), leaderCommit=15, initializing? false, entries: <empty>
2019-08-20 15:30:13,853 | INFO  | SCMAudit | user=jenkins1000 | ip=192.168.5.139 | op=SEND_HEARTBEAT {datanodeUUID=9bc9fff1-11e1-427b-a164-f7900332836f, command=[]} | ret=SUCCESS |  
2019-08-20 15:30:13,855 | INFO  | SCMAudit | user=jenkins1000 | ip=192.168.5.139 | op=SEND_HEARTBEAT {datanodeUUID=2d7c5efc-b074-4fc9-b95b-682c27e862a3, command=[]} | ret=SUCCESS |  
2019-08-20 15:30:13,856 | INFO  | SCMAudit | user=jenkins1000 | ip=192.168.5.139 | op=SEND_HEARTBEAT {datanodeUUID=5cf37c60-ab16-4b46-8923-a2be97bd85ed, command=[]} | ret=SUCCESS |  
2019-08-20 15:30:14,055 [grpc-default-executor-0] WARN  server.GrpcLogAppender (LogUtils.java:warn(134)) - b8771e3f-612a-4e3a-af1f-a8b98b915a10->2027f18d-61d0-44de-a18a-8f9fe8580b83: Failed appendEntries: org.apache.ratis.thirdparty.io.grpc.StatusRuntimeException: UNAVAILABLE: io exception
2019-08-20 15:30:14,055 [grpc-default-executor-1] WARN  server.GrpcLogAppender (LogUtils.java:warn(134)) - b8771e3f-612a-4e3a-af1f-a8b98b915a10->c96ba33e-ed49-489d-8101-2a883ad7391b: Failed appendEntries: org.apache.ratis.thirdparty.io.grpc.StatusRuntimeException: UNAVAILABLE: io exception
2019-08-20 15:30:14,055 [grpc-default-executor-0] INFO  impl.FollowerInfo (FollowerInfo.java:lambda$new$0(50)) - b8771e3f-612a-4e3a-af1f-a8b98b915a10->2027f18d-61d0-44de-a18a-8f9fe8580b83: nextIndex: updateUnconditionally 0 -> 0
2019-08-20 15:30:14,055 [grpc-default-executor-1] INFO  impl.FollowerInfo (FollowerInfo.java:lambda$new$0(50)) - b8771e3f-612a-4e3a-af1f-a8b98b915a10->c96ba33e-ed49-489d-8101-2a883ad7391b: nextIndex: updateUnconditionally 0 -> 0
2019-08-20 15:30:14,175 [java.util.concurrent.ThreadPoolExecutor$Worker@6504a35b[State = -1, empty queue]] WARN  server.GrpcLogAppender (GrpcLogAppender.java:timeoutAppendRequest(200)) - GrpcLogAppender(9bc9fff1-11e1-427b-a164-f7900332836f->2d7c5efc-b074-4fc9-b95b-682c27e862a3): appendEntries Timeout, request=9bc9fff1-11e1-427b-a164-f7900332836f->2d7c5efc-b074-4fc9-b95b-682c27e862a3#92-t1, previous=(t:1, i:16), leaderCommit=15, initializing? false, entries: <empty>
2019-08-20 15:30:14,175 [java.util.concurrent.ThreadPoolExecutor$Worker@7de1fbd4[State = -1, empty queue]] WARN  server.GrpcLogAppender (GrpcLogAppender.java:timeoutAppendRequest(200)) - GrpcLogAppender(9bc9fff1-11e1-427b-a164-f7900332836f->5cf37c60-ab16-4b46-8923-a2be97bd85ed): appendEntries Timeout, request=9bc9fff1-11e1-427b-a164-f7900332836f->5cf37c60-ab16-4b46-8923-a2be97bd85ed#92-t1, previous=(t:1, i:16), leaderCommit=15, initializing? false, entries: <empty>
2019-08-20 15:30:14,246 | INFO  | SCMAudit | user=jenkins1000 | ip=192.168.5.139 | op=SEND_HEARTBEAT {datanodeUUID=b8771e3f-612a-4e3a-af1f-a8b98b915a10, command=[]} | ret=SUCCESS |  
2019-08-20 15:30:14,555 [grpc-default-executor-1] WARN  server.GrpcLogAppender (LogUtils.java:warn(134)) - b8771e3f-612a-4e3a-af1f-a8b98b915a10->c96ba33e-ed49-489d-8101-2a883ad7391b: Failed appendEntries: org.apache.ratis.thirdparty.io.grpc.StatusRuntimeException: UNAVAILABLE: io exception
2019-08-20 15:30:14,555 [grpc-default-executor-2] WARN  server.GrpcLogAppender (LogUtils.java:warn(134)) - b8771e3f-612a-4e3a-af1f-a8b98b915a10->2027f18d-61d0-44de-a18a-8f9fe8580b83: Failed appendEntries: org.apache.ratis.thirdparty.io.grpc.StatusRuntimeException: UNAVAILABLE: io exception
2019-08-20 15:30:14,556 [grpc-default-executor-1] INFO  impl.FollowerInfo (FollowerInfo.java:lambda$new$0(50)) - b8771e3f-612a-4e3a-af1f-a8b98b915a10->c96ba33e-ed49-489d-8101-2a883ad7391b: nextIndex: updateUnconditionally 0 -> 0
2019-08-20 15:30:14,556 [grpc-default-executor-2] INFO  impl.FollowerInfo (FollowerInfo.java:lambda$new$0(50)) - b8771e3f-612a-4e3a-af1f-a8b98b915a10->2027f18d-61d0-44de-a18a-8f9fe8580b83: nextIndex: updateUnconditionally 0 -> 0
2019-08-20 15:30:14,676 [java.util.concurrent.ThreadPoolExecutor$Worker@6504a35b[State = -1, empty queue]] WARN  server.GrpcLogAppender (GrpcLogAppender.java:timeoutAppendRequest(200)) - GrpcLogAppender(9bc9fff1-11e1-427b-a164-f7900332836f->2d7c5efc-b074-4fc9-b95b-682c27e862a3): appendEntries Timeout, request=9bc9fff1-11e1-427b-a164-f7900332836f->2d7c5efc-b074-4fc9-b95b-682c27e862a3#93-t1, previous=(t:1, i:16), leaderCommit=15, initializing? false, entries: <empty>
2019-08-20 15:30:14,676 [java.util.concurrent.ThreadPoolExecutor$Worker@7de1fbd4[State = -1, empty queue]] WARN  server.GrpcLogAppender (GrpcLogAppender.java:timeoutAppendRequest(200)) - GrpcLogAppender(9bc9fff1-11e1-427b-a164-f7900332836f->5cf37c60-ab16-4b46-8923-a2be97bd85ed): appendEntries Timeout, request=9bc9fff1-11e1-427b-a164-f7900332836f->5cf37c60-ab16-4b46-8923-a2be97bd85ed#93-t1, previous=(t:1, i:16), leaderCommit=15, initializing? false, entries: <empty>
2019-08-20 15:30:14,852 | INFO  | SCMAudit | user=jenkins1000 | ip=192.168.5.139 | op=SEND_HEARTBEAT {datanodeUUID=9bc9fff1-11e1-427b-a164-f7900332836f, command=[]} | ret=SUCCESS |  
2019-08-20 15:30:14,855 | INFO  | SCMAudit | user=jenkins1000 | ip=192.168.5.139 | op=SEND_HEARTBEAT {datanodeUUID=2d7c5efc-b074-4fc9-b95b-682c27e862a3, command=[]} | ret=SUCCESS |  
2019-08-20 15:30:14,856 | INFO  | SCMAudit | user=jenkins1000 | ip=192.168.5.139 | op=SEND_HEARTBEAT {datanodeUUID=5cf37c60-ab16-4b46-8923-a2be97bd85ed, command=[]} | ret=SUCCESS |  
2019-08-20 15:30:15,056 [grpc-default-executor-4] WARN  server.GrpcLogAppender (LogUtils.java:warn(134)) - b8771e3f-612a-4e3a-af1f-a8b98b915a10->c96ba33e-ed49-489d-8101-2a883ad7391b: Failed appendEntries: org.apache.ratis.thirdparty.io.grpc.StatusRuntimeException: UNAVAILABLE: io exception
2019-08-20 15:30:15,056 [grpc-default-executor-2] WARN  server.GrpcLogAppender (LogUtils.java:warn(134)) - b8771e3f-612a-4e3a-af1f-a8b98b915a10->2027f18d-61d0-44de-a18a-8f9fe8580b83: Failed appendEntries: org.apache.ratis.thirdparty.io.grpc.StatusRuntimeException: UNAVAILABLE: io exception
2019-08-20 15:30:15,057 [grpc-default-executor-4] INFO  impl.FollowerInfo (FollowerInfo.java:lambda$new$0(50)) - b8771e3f-612a-4e3a-af1f-a8b98b915a10->c96ba33e-ed49-489d-8101-2a883ad7391b: nextIndex: updateUnconditionally 0 -> 0
2019-08-20 15:30:15,057 [grpc-default-executor-2] INFO  impl.FollowerInfo (FollowerInfo.java:lambda$new$0(50)) - b8771e3f-612a-4e3a-af1f-a8b98b915a10->2027f18d-61d0-44de-a18a-8f9fe8580b83: nextIndex: updateUnconditionally 0 -> 0
2019-08-20 15:30:15,176 [java.util.concurrent.ThreadPoolExecutor$Worker@7de1fbd4[State = -1, empty queue]] WARN  server.GrpcLogAppender (GrpcLogAppender.java:timeoutAppendRequest(200)) - GrpcLogAppender(9bc9fff1-11e1-427b-a164-f7900332836f->5cf37c60-ab16-4b46-8923-a2be97bd85ed): appendEntries Timeout, request=9bc9fff1-11e1-427b-a164-f7900332836f->5cf37c60-ab16-4b46-8923-a2be97bd85ed#94-t1, previous=(t:1, i:16), leaderCommit=15, initializing? false, entries: <empty>
2019-08-20 15:30:15,176 [java.util.concurrent.ThreadPoolExecutor$Worker@6504a35b[State = -1, empty queue]] WARN  server.GrpcLogAppender (GrpcLogAppender.java:timeoutAppendRequest(200)) - GrpcLogAppender(9bc9fff1-11e1-427b-a164-f7900332836f->2d7c5efc-b074-4fc9-b95b-682c27e862a3): appendEntries Timeout, request=9bc9fff1-11e1-427b-a164-f7900332836f->2d7c5efc-b074-4fc9-b95b-682c27e862a3#94-t1, previous=(t:1, i:16), leaderCommit=15, initializing? false, entries: <empty>
2019-08-20 15:30:15,246 | INFO  | SCMAudit | user=jenkins1000 | ip=192.168.5.139 | op=SEND_HEARTBEAT {datanodeUUID=b8771e3f-612a-4e3a-af1f-a8b98b915a10, command=[]} | ret=SUCCESS |  
2019-08-20 15:30:15,557 [grpc-default-executor-2] WARN  server.GrpcLogAppender (LogUtils.java:warn(134)) - b8771e3f-612a-4e3a-af1f-a8b98b915a10->c96ba33e-ed49-489d-8101-2a883ad7391b: Failed appendEntries: org.apache.ratis.thirdparty.io.grpc.StatusRuntimeException: UNAVAILABLE: io exception
2019-08-20 15:30:15,557 [grpc-default-executor-4] WARN  server.GrpcLogAppender (LogUtils.java:warn(134)) - b8771e3f-612a-4e3a-af1f-a8b98b915a10->2027f18d-61d0-44de-a18a-8f9fe8580b83: Failed appendEntries: org.apache.ratis.thirdparty.io.grpc.StatusRuntimeException: UNAVAILABLE: io exception
2019-08-20 15:30:15,557 [grpc-default-executor-2] INFO  impl.FollowerInfo (FollowerInfo.java:lambda$new$0(50)) - b8771e3f-612a-4e3a-af1f-a8b98b915a10->c96ba33e-ed49-489d-8101-2a883ad7391b: nextIndex: updateUnconditionally 0 -> 0
2019-08-20 15:30:15,558 [grpc-default-executor-4] INFO  impl.FollowerInfo (FollowerInfo.java:lambda$new$0(50)) - b8771e3f-612a-4e3a-af1f-a8b98b915a10->2027f18d-61d0-44de-a18a-8f9fe8580b83: nextIndex: updateUnconditionally 0 -> 0
2019-08-20 15:30:15,676 [java.util.concurrent.ThreadPoolExecutor$Worker@7de1fbd4[State = -1, empty queue]] WARN  server.GrpcLogAppender (GrpcLogAppender.java:timeoutAppendRequest(200)) - GrpcLogAppender(9bc9fff1-11e1-427b-a164-f7900332836f->5cf37c60-ab16-4b46-8923-a2be97bd85ed): appendEntries Timeout, request=9bc9fff1-11e1-427b-a164-f7900332836f->5cf37c60-ab16-4b46-8923-a2be97bd85ed#95-t1, previous=(t:1, i:16), leaderCommit=15, initializing? false, entries: <empty>
2019-08-20 15:30:15,676 [java.util.concurrent.ThreadPoolExecutor$Worker@6504a35b[State = -1, empty queue]] WARN  server.GrpcLogAppender (GrpcLogAppender.java:timeoutAppendRequest(200)) - GrpcLogAppender(9bc9fff1-11e1-427b-a164-f7900332836f->2d7c5efc-b074-4fc9-b95b-682c27e862a3): appendEntries Timeout, request=9bc9fff1-11e1-427b-a164-f7900332836f->2d7c5efc-b074-4fc9-b95b-682c27e862a3#95-t1, previous=(t:1, i:16), leaderCommit=15, initializing? false, entries: <empty>
2019-08-20 15:30:15,852 | INFO  | SCMAudit | user=jenkins1000 | ip=192.168.5.139 | op=SEND_HEARTBEAT {datanodeUUID=9bc9fff1-11e1-427b-a164-f7900332836f, command=[]} | ret=SUCCESS |  
2019-08-20 15:30:15,855 | INFO  | SCMAudit | user=jenkins1000 | ip=192.168.5.139 | op=SEND_HEARTBEAT {datanodeUUID=2d7c5efc-b074-4fc9-b95b-682c27e862a3, command=[]} | ret=SUCCESS |  
2019-08-20 15:30:15,856 | INFO  | SCMAudit | user=jenkins1000 | ip=192.168.5.139 | op=SEND_HEARTBEAT {datanodeUUID=5cf37c60-ab16-4b46-8923-a2be97bd85ed, command=[]} | ret=SUCCESS |  
2019-08-20 15:30:16,057 [grpc-default-executor-2] WARN  server.GrpcLogAppender (LogUtils.java:warn(134)) - b8771e3f-612a-4e3a-af1f-a8b98b915a10->c96ba33e-ed49-489d-8101-2a883ad7391b: Failed appendEntries: org.apache.ratis.thirdparty.io.grpc.StatusRuntimeException: UNAVAILABLE: io exception
2019-08-20 15:30:16,058 [grpc-default-executor-4] WARN  server.GrpcLogAppender (LogUtils.java:warn(134)) - b8771e3f-612a-4e3a-af1f-a8b98b915a10->2027f18d-61d0-44de-a18a-8f9fe8580b83: Failed appendEntries: org.apache.ratis.thirdparty.io.grpc.StatusRuntimeException: UNAVAILABLE: io exception
2019-08-20 15:30:16,058 [grpc-default-executor-2] INFO  impl.FollowerInfo (FollowerInfo.java:lambda$new$0(50)) - b8771e3f-612a-4e3a-af1f-a8b98b915a10->c96ba33e-ed49-489d-8101-2a883ad7391b: nextIndex: updateUnconditionally 0 -> 0
2019-08-20 15:30:16,058 [grpc-default-executor-4] INFO  impl.FollowerInfo (FollowerInfo.java:lambda$new$0(50)) - b8771e3f-612a-4e3a-af1f-a8b98b915a10->2027f18d-61d0-44de-a18a-8f9fe8580b83: nextIndex: updateUnconditionally 0 -> 0
2019-08-20 15:30:16,177 [java.util.concurrent.ThreadPoolExecutor$Worker@7de1fbd4[State = -1, empty queue]] WARN  server.GrpcLogAppender (GrpcLogAppender.java:timeoutAppendRequest(200)) - GrpcLogAppender(9bc9fff1-11e1-427b-a164-f7900332836f->5cf37c60-ab16-4b46-8923-a2be97bd85ed): appendEntries Timeout, request=9bc9fff1-11e1-427b-a164-f7900332836f->5cf37c60-ab16-4b46-8923-a2be97bd85ed#96-t1, previous=(t:1, i:16), leaderCommit=15, initializing? false, entries: <empty>
2019-08-20 15:30:16,177 [java.util.concurrent.ThreadPoolExecutor$Worker@6504a35b[State = -1, empty queue]] WARN  server.GrpcLogAppender (GrpcLogAppender.java:timeoutAppendRequest(200)) - GrpcLogAppender(9bc9fff1-11e1-427b-a164-f7900332836f->2d7c5efc-b074-4fc9-b95b-682c27e862a3): appendEntries Timeout, request=9bc9fff1-11e1-427b-a164-f7900332836f->2d7c5efc-b074-4fc9-b95b-682c27e862a3#96-t1, previous=(t:1, i:16), leaderCommit=15, initializing? false, entries: <empty>
2019-08-20 15:30:16,246 | INFO  | SCMAudit | user=jenkins1000 | ip=192.168.5.139 | op=SEND_HEARTBEAT {datanodeUUID=b8771e3f-612a-4e3a-af1f-a8b98b915a10, command=[]} | ret=SUCCESS |  
2019-08-20 15:30:16,558 [grpc-default-executor-2] WARN  server.GrpcLogAppender (LogUtils.java:warn(134)) - b8771e3f-612a-4e3a-af1f-a8b98b915a10->c96ba33e-ed49-489d-8101-2a883ad7391b: Failed appendEntries: org.apache.ratis.thirdparty.io.grpc.StatusRuntimeException: UNAVAILABLE: io exception
2019-08-20 15:30:16,558 [grpc-default-executor-4] WARN  server.GrpcLogAppender (LogUtils.java:warn(134)) - b8771e3f-612a-4e3a-af1f-a8b98b915a10->2027f18d-61d0-44de-a18a-8f9fe8580b83: Failed appendEntries: org.apache.ratis.thirdparty.io.grpc.StatusRuntimeException: UNAVAILABLE: io exception
2019-08-20 15:30:16,564 [grpc-default-executor-2] INFO  impl.FollowerInfo (FollowerInfo.java:lambda$new$0(50)) - b8771e3f-612a-4e3a-af1f-a8b98b915a10->c96ba33e-ed49-489d-8101-2a883ad7391b: nextIndex: updateUnconditionally 0 -> 0
2019-08-20 15:30:16,565 [grpc-default-executor-4] INFO  impl.FollowerInfo (FollowerInfo.java:lambda$new$0(50)) - b8771e3f-612a-4e3a-af1f-a8b98b915a10->2027f18d-61d0-44de-a18a-8f9fe8580b83: nextIndex: updateUnconditionally 0 -> 0
2019-08-20 15:30:16,668 [9bc9fff1-11e1-427b-a164-f7900332836f-SegmentedRaftLogWorker:Storage Directory /workdir/hadoop-ozone/integration-test/target/test-dir/MiniOzoneClusterImpl-d3dddc0d-c158-44f0-ad9e-80fc57836fb1/datanode-1/data/ratis/bc1aa628-619d-401d-b51d-fdc4b371a35e] WARN  segmented.SegmentedRaftLogWorker (SegmentedRaftLogWorker.java:getFromFuture(90)) - Timeout 0/~
org.apache.ratis.protocol.TimeoutIOException: Timeout 10s: WriteLog:16: (t:1, i:16), STATEMACHINELOGENTRY, client-FFF4B9D1C5CD, cid=99-writeStateMachineData
	at org.apache.ratis.util.IOUtils.getFromFuture(IOUtils.java:87)
	at org.apache.ratis.server.raftlog.segmented.SegmentedRaftLogWorker$StateMachineDataPolicy.getFromFuture(SegmentedRaftLogWorker.java:87)
	at org.apache.ratis.server.raftlog.segmented.SegmentedRaftLogWorker$WriteLog.execute(SegmentedRaftLogWorker.java:477)
	at org.apache.ratis.server.raftlog.segmented.SegmentedRaftLogWorker.run(SegmentedRaftLogWorker.java:289)
	at java.lang.Thread.run(Thread.java:748)
Caused by: java.util.concurrent.TimeoutException
	at java.util.concurrent.CompletableFuture.timedGet(CompletableFuture.java:1771)
	at java.util.concurrent.CompletableFuture.get(CompletableFuture.java:1915)
	at org.apache.ratis.util.IOUtils.getFromFuture(IOUtils.java:79)
	... 4 more
2019-08-20 15:30:16,673 [2d7c5efc-b074-4fc9-b95b-682c27e862a3-SegmentedRaftLogWorker:Storage Directory /workdir/hadoop-ozone/integration-test/target/test-dir/MiniOzoneClusterImpl-d3dddc0d-c158-44f0-ad9e-80fc57836fb1/datanode-0/data/ratis/bc1aa628-619d-401d-b51d-fdc4b371a35e] WARN  segmented.SegmentedRaftLogWorker (SegmentedRaftLogWorker.java:getFromFuture(90)) - Timeout 0/~
org.apache.ratis.protocol.TimeoutIOException: Timeout 10s: WriteLog:16: (t:1, i:16), STATEMACHINELOGENTRY, client-FFF4B9D1C5CD, cid=99-writeStateMachineData
	at org.apache.ratis.util.IOUtils.getFromFuture(IOUtils.java:87)
	at org.apache.ratis.server.raftlog.segmented.SegmentedRaftLogWorker$StateMachineDataPolicy.getFromFuture(SegmentedRaftLogWorker.java:87)
	at org.apache.ratis.server.raftlog.segmented.SegmentedRaftLogWorker$WriteLog.execute(SegmentedRaftLogWorker.java:477)
	at org.apache.ratis.server.raftlog.segmented.SegmentedRaftLogWorker.run(SegmentedRaftLogWorker.java:289)
	at java.lang.Thread.run(Thread.java:748)
Caused by: java.util.concurrent.TimeoutException
	at java.util.concurrent.CompletableFuture.timedGet(CompletableFuture.java:1771)
	at java.util.concurrent.CompletableFuture.get(CompletableFuture.java:1915)
	at org.apache.ratis.util.IOUtils.getFromFuture(IOUtils.java:79)
	... 4 more
2019-08-20 15:30:16,673 [5cf37c60-ab16-4b46-8923-a2be97bd85ed-SegmentedRaftLogWorker:Storage Directory /workdir/hadoop-ozone/integration-test/target/test-dir/MiniOzoneClusterImpl-d3dddc0d-c158-44f0-ad9e-80fc57836fb1/datanode-2/data/ratis/bc1aa628-619d-401d-b51d-fdc4b371a35e] WARN  segmented.SegmentedRaftLogWorker (SegmentedRaftLogWorker.java:getFromFuture(90)) - Timeout 0/~
org.apache.ratis.protocol.TimeoutIOException: Timeout 10s: WriteLog:16: (t:1, i:16), STATEMACHINELOGENTRY, client-FFF4B9D1C5CD, cid=99-writeStateMachineData
	at org.apache.ratis.util.IOUtils.getFromFuture(IOUtils.java:87)
	at org.apache.ratis.server.raftlog.segmented.SegmentedRaftLogWorker$StateMachineDataPolicy.getFromFuture(SegmentedRaftLogWorker.java:87)
	at org.apache.ratis.server.raftlog.segmented.SegmentedRaftLogWorker$WriteLog.execute(SegmentedRaftLogWorker.java:477)
	at org.apache.ratis.server.raftlog.segmented.SegmentedRaftLogWorker.run(SegmentedRaftLogWorker.java:289)
	at java.lang.Thread.run(Thread.java:748)
Caused by: java.util.concurrent.TimeoutException
	at java.util.concurrent.CompletableFuture.timedGet(CompletableFuture.java:1771)
	at java.util.concurrent.CompletableFuture.get(CompletableFuture.java:1915)
	at org.apache.ratis.util.IOUtils.getFromFuture(IOUtils.java:79)
	... 4 more
2019-08-20 15:30:16,677 [java.util.concurrent.ThreadPoolExecutor$Worker@7de1fbd4[State = -1, empty queue]] WARN  server.GrpcLogAppender (GrpcLogAppender.java:timeoutAppendRequest(200)) - GrpcLogAppender(9bc9fff1-11e1-427b-a164-f7900332836f->5cf37c60-ab16-4b46-8923-a2be97bd85ed): appendEntries Timeout, request=9bc9fff1-11e1-427b-a164-f7900332836f->5cf37c60-ab16-4b46-8923-a2be97bd85ed#97-t1, previous=(t:1, i:16), leaderCommit=15, initializing? false, entries: <empty>
2019-08-20 15:30:16,677 [java.util.concurrent.ThreadPoolExecutor$Worker@6504a35b[State = -1, empty queue]] WARN  server.GrpcLogAppender (GrpcLogAppender.java:timeoutAppendRequest(200)) - GrpcLogAppender(9bc9fff1-11e1-427b-a164-f7900332836f->2d7c5efc-b074-4fc9-b95b-682c27e862a3): appendEntries Timeout, request=9bc9fff1-11e1-427b-a164-f7900332836f->2d7c5efc-b074-4fc9-b95b-682c27e862a3#97-t1, previous=(t:1, i:16), leaderCommit=15, initializing? false, entries: <empty>
2019-08-20 15:30:16,729 [grpc-default-executor-2] INFO  client.GrpcClientProtocolClient (GrpcClientProtocolClient.java:onNext(255)) - client-FFF4B9D1C5CD->5cf37c60-ab16-4b46-8923-a2be97bd85ed: receive RaftClientReply:client-FFF4B9D1C5CD->5cf37c60-ab16-4b46-8923-a2be97bd85ed@group-FDC4B371A35E, cid=99, FAILED org.apache.ratis.protocol.NotLeaderException: Server 5cf37c60-ab16-4b46-8923-a2be97bd85ed is not the leader (9bc9fff1-11e1-427b-a164-f7900332836f:192.168.5.139:38309). Request must be sent to leader., logIndex=0, commits[5cf37c60-ab16-4b46-8923-a2be97bd85ed:c15, 2d7c5efc-b074-4fc9-b95b-682c27e862a3:c15, 9bc9fff1-11e1-427b-a164-f7900332836f:c15]
2019-08-20 15:30:16,852 | INFO  | SCMAudit | user=jenkins1000 | ip=192.168.5.139 | op=SEND_HEARTBEAT {datanodeUUID=9bc9fff1-11e1-427b-a164-f7900332836f, command=[]} | ret=SUCCESS |  
2019-08-20 15:30:16,855 | INFO  | SCMAudit | user=jenkins1000 | ip=192.168.5.139 | op=SEND_HEARTBEAT {datanodeUUID=2d7c5efc-b074-4fc9-b95b-682c27e862a3, command=[]} | ret=SUCCESS |  
2019-08-20 15:30:16,856 | INFO  | SCMAudit | user=jenkins1000 | ip=192.168.5.139 | op=SEND_HEARTBEAT {datanodeUUID=5cf37c60-ab16-4b46-8923-a2be97bd85ed, command=[]} | ret=SUCCESS |  
2019-08-20 15:30:17,059 [grpc-default-executor-0] WARN  server.GrpcLogAppender (LogUtils.java:warn(134)) - b8771e3f-612a-4e3a-af1f-a8b98b915a10->c96ba33e-ed49-489d-8101-2a883ad7391b: Failed appendEntries: org.apache.ratis.thirdparty.io.grpc.StatusRuntimeException: UNAVAILABLE: io exception
2019-08-20 15:30:17,059 [grpc-default-executor-2] WARN  server.GrpcLogAppender (LogUtils.java:warn(134)) - b8771e3f-612a-4e3a-af1f-a8b98b915a10->2027f18d-61d0-44de-a18a-8f9fe8580b83: Failed appendEntries: org.apache.ratis.thirdparty.io.grpc.StatusRuntimeException: UNAVAILABLE: io exception
2019-08-20 15:30:17,060 [grpc-default-executor-0] INFO  impl.FollowerInfo (FollowerInfo.java:lambda$new$0(50)) - b8771e3f-612a-4e3a-af1f-a8b98b915a10->c96ba33e-ed49-489d-8101-2a883ad7391b: nextIndex: updateUnconditionally 0 -> 0
2019-08-20 15:30:17,060 [grpc-default-executor-2] INFO  impl.FollowerInfo (FollowerInfo.java:lambda$new$0(50)) - b8771e3f-612a-4e3a-af1f-a8b98b915a10->2027f18d-61d0-44de-a18a-8f9fe8580b83: nextIndex: updateUnconditionally 0 -> 0
2019-08-20 15:30:17,177 [java.util.concurrent.ThreadPoolExecutor$Worker@6504a35b[State = -1, empty queue]] WARN  server.GrpcLogAppender (GrpcLogAppender.java:timeoutAppendRequest(200)) - GrpcLogAppender(9bc9fff1-11e1-427b-a164-f7900332836f->2d7c5efc-b074-4fc9-b95b-682c27e862a3): appendEntries Timeout, request=9bc9fff1-11e1-427b-a164-f7900332836f->2d7c5efc-b074-4fc9-b95b-682c27e862a3#98-t1, previous=(t:1, i:16), leaderCommit=15, initializing? false, entries: <empty>
2019-08-20 15:30:17,177 [java.util.concurrent.ThreadPoolExecutor$Worker@7de1fbd4[State = -1, empty queue]] WARN  server.GrpcLogAppender (GrpcLogAppender.java:timeoutAppendRequest(200)) - GrpcLogAppender(9bc9fff1-11e1-427b-a164-f7900332836f->5cf37c60-ab16-4b46-8923-a2be97bd85ed): appendEntries Timeout, request=9bc9fff1-11e1-427b-a164-f7900332836f->5cf37c60-ab16-4b46-8923-a2be97bd85ed#98-t1, previous=(t:1, i:16), leaderCommit=15, initializing? false, entries: <empty>
2019-08-20 15:30:17,246 | INFO  | SCMAudit | user=jenkins1000 | ip=192.168.5.139 | op=SEND_HEARTBEAT {datanodeUUID=b8771e3f-612a-4e3a-af1f-a8b98b915a10, command=[]} | ret=SUCCESS |  
2019-08-20 15:30:17,560 [grpc-default-executor-4] WARN  server.GrpcLogAppender (LogUtils.java:warn(134)) - b8771e3f-612a-4e3a-af1f-a8b98b915a10->c96ba33e-ed49-489d-8101-2a883ad7391b: Failed appendEntries: org.apache.ratis.thirdparty.io.grpc.StatusRuntimeException: UNAVAILABLE: io exception
2019-08-20 15:30:17,560 [grpc-default-executor-2] WARN  server.GrpcLogAppender (LogUtils.java:warn(134)) - b8771e3f-612a-4e3a-af1f-a8b98b915a10->2027f18d-61d0-44de-a18a-8f9fe8580b83: Failed appendEntries: org.apache.ratis.thirdparty.io.grpc.StatusRuntimeException: UNAVAILABLE: io exception
2019-08-20 15:30:17,560 [grpc-default-executor-4] INFO  impl.FollowerInfo (FollowerInfo.java:lambda$new$0(50)) - b8771e3f-612a-4e3a-af1f-a8b98b915a10->c96ba33e-ed49-489d-8101-2a883ad7391b: nextIndex: updateUnconditionally 0 -> 0
2019-08-20 15:30:17,561 [grpc-default-executor-2] INFO  impl.FollowerInfo (FollowerInfo.java:lambda$new$0(50)) - b8771e3f-612a-4e3a-af1f-a8b98b915a10->2027f18d-61d0-44de-a18a-8f9fe8580b83: nextIndex: updateUnconditionally 0 -> 0
2019-08-20 15:30:17,678 [java.util.concurrent.ThreadPoolExecutor$Worker@7de1fbd4[State = -1, empty queue]] WARN  server.GrpcLogAppender (GrpcLogAppender.java:timeoutAppendRequest(200)) - GrpcLogAppender(9bc9fff1-11e1-427b-a164-f7900332836f->5cf37c60-ab16-4b46-8923-a2be97bd85ed): appendEntries Timeout, request=9bc9fff1-11e1-427b-a164-f7900332836f->5cf37c60-ab16-4b46-8923-a2be97bd85ed#99-t1, previous=(t:1, i:16), leaderCommit=15, initializing? false, entries: <empty>
2019-08-20 15:30:17,678 [java.util.concurrent.ThreadPoolExecutor$Worker@6504a35b[State = -1, empty queue]] WARN  server.GrpcLogAppender (GrpcLogAppender.java:timeoutAppendRequest(200)) - GrpcLogAppender(9bc9fff1-11e1-427b-a164-f7900332836f->2d7c5efc-b074-4fc9-b95b-682c27e862a3): appendEntries Timeout, request=9bc9fff1-11e1-427b-a164-f7900332836f->2d7c5efc-b074-4fc9-b95b-682c27e862a3#99-t1, previous=(t:1, i:16), leaderCommit=15, initializing? false, entries: <empty>
2019-08-20 15:30:17,852 | INFO  | SCMAudit | user=jenkins1000 | ip=192.168.5.139 | op=SEND_HEARTBEAT {datanodeUUID=9bc9fff1-11e1-427b-a164-f7900332836f, command=[]} | ret=SUCCESS |  
2019-08-20 15:30:17,855 | INFO  | SCMAudit | user=jenkins1000 | ip=192.168.5.139 | op=SEND_HEARTBEAT {datanodeUUID=2d7c5efc-b074-4fc9-b95b-682c27e862a3, command=[]} | ret=SUCCESS |  
2019-08-20 15:30:17,856 | INFO  | SCMAudit | user=jenkins1000 | ip=192.168.5.139 | op=SEND_HEARTBEAT {datanodeUUID=5cf37c60-ab16-4b46-8923-a2be97bd85ed, command=[]} | ret=SUCCESS |  
2019-08-20 15:30:18,060 [grpc-default-executor-3] WARN  server.GrpcLogAppender (LogUtils.java:warn(134)) - b8771e3f-612a-4e3a-af1f-a8b98b915a10->c96ba33e-ed49-489d-8101-2a883ad7391b: Failed appendEntries: org.apache.ratis.thirdparty.io.grpc.StatusRuntimeException: UNAVAILABLE: io exception
2019-08-20 15:30:18,060 [grpc-default-executor-0] WARN  server.GrpcLogAppender (LogUtils.java:warn(134)) - b8771e3f-612a-4e3a-af1f-a8b98b915a10->2027f18d-61d0-44de-a18a-8f9fe8580b83: Failed appendEntries: org.apache.ratis.thirdparty.io.grpc.StatusRuntimeException: UNAVAILABLE: io exception
2019-08-20 15:30:18,061 [grpc-default-executor-3] INFO  impl.FollowerInfo (FollowerInfo.java:lambda$new$0(50)) - b8771e3f-612a-4e3a-af1f-a8b98b915a10->c96ba33e-ed49-489d-8101-2a883ad7391b: nextIndex: updateUnconditionally 0 -> 0
2019-08-20 15:30:18,061 [grpc-default-executor-0] INFO  impl.FollowerInfo (FollowerInfo.java:lambda$new$0(50)) - b8771e3f-612a-4e3a-af1f-a8b98b915a10->2027f18d-61d0-44de-a18a-8f9fe8580b83: nextIndex: updateUnconditionally 0 -> 0
2019-08-20 15:30:18,178 [java.util.concurrent.ThreadPoolExecutor$Worker@6504a35b[State = -1, empty queue]] WARN  server.GrpcLogAppender (GrpcLogAppender.java:timeoutAppendRequest(200)) - GrpcLogAppender(9bc9fff1-11e1-427b-a164-f7900332836f->2d7c5efc-b074-4fc9-b95b-682c27e862a3): appendEntries Timeout, request=9bc9fff1-11e1-427b-a164-f7900332836f->2d7c5efc-b074-4fc9-b95b-682c27e862a3#100-t1, previous=(t:1, i:16), leaderCommit=15, initializing? false, entries: <empty>
2019-08-20 15:30:18,178 [java.util.concurrent.ThreadPoolExecutor$Worker@7de1fbd4[State = -1, empty queue]] WARN  server.GrpcLogAppender (GrpcLogAppender.java:timeoutAppendRequest(200)) - GrpcLogAppender(9bc9fff1-11e1-427b-a164-f7900332836f->5cf37c60-ab16-4b46-8923-a2be97bd85ed): appendEntries Timeout, request=9bc9fff1-11e1-427b-a164-f7900332836f->5cf37c60-ab16-4b46-8923-a2be97bd85ed#100-t1, previous=(t:1, i:16), leaderCommit=15, initializing? false, entries: <empty>
2019-08-20 15:30:18,246 | INFO  | SCMAudit | user=jenkins1000 | ip=192.168.5.139 | op=SEND_HEARTBEAT {datanodeUUID=b8771e3f-612a-4e3a-af1f-a8b98b915a10, command=[]} | ret=SUCCESS |  
2019-08-20 15:30:18,561 [grpc-default-executor-4] WARN  server.GrpcLogAppender (LogUtils.java:warn(134)) - b8771e3f-612a-4e3a-af1f-a8b98b915a10->c96ba33e-ed49-489d-8101-2a883ad7391b: Failed appendEntries: org.apache.ratis.thirdparty.io.grpc.StatusRuntimeException: UNAVAILABLE: io exception
2019-08-20 15:30:18,562 [grpc-default-executor-3] WARN  server.GrpcLogAppender (LogUtils.java:warn(134)) - b8771e3f-612a-4e3a-af1f-a8b98b915a10->2027f18d-61d0-44de-a18a-8f9fe8580b83: Failed appendEntries: org.apache.ratis.thirdparty.io.grpc.StatusRuntimeException: UNAVAILABLE: io exception
2019-08-20 15:30:18,562 [grpc-default-executor-4] INFO  impl.FollowerInfo (FollowerInfo.java:lambda$new$0(50)) - b8771e3f-612a-4e3a-af1f-a8b98b915a10->c96ba33e-ed49-489d-8101-2a883ad7391b: nextIndex: updateUnconditionally 0 -> 0
2019-08-20 15:30:18,562 [grpc-default-executor-3] INFO  impl.FollowerInfo (FollowerInfo.java:lambda$new$0(50)) - b8771e3f-612a-4e3a-af1f-a8b98b915a10->2027f18d-61d0-44de-a18a-8f9fe8580b83: nextIndex: updateUnconditionally 0 -> 0
2019-08-20 15:30:18,678 [java.util.concurrent.ThreadPoolExecutor$Worker@6504a35b[State = -1, empty queue]] WARN  server.GrpcLogAppender (GrpcLogAppender.java:timeoutAppendRequest(200)) - GrpcLogAppender(9bc9fff1-11e1-427b-a164-f7900332836f->2d7c5efc-b074-4fc9-b95b-682c27e862a3): appendEntries Timeout, request=9bc9fff1-11e1-427b-a164-f7900332836f->2d7c5efc-b074-4fc9-b95b-682c27e862a3#101-t1, previous=(t:1, i:16), leaderCommit=15, initializing? false, entries: <empty>
2019-08-20 15:30:18,678 [java.util.concurrent.ThreadPoolExecutor$Worker@7de1fbd4[State = -1, empty queue]] WARN  server.GrpcLogAppender (GrpcLogAppender.java:timeoutAppendRequest(200)) - GrpcLogAppender(9bc9fff1-11e1-427b-a164-f7900332836f->5cf37c60-ab16-4b46-8923-a2be97bd85ed): appendEntries Timeout, request=9bc9fff1-11e1-427b-a164-f7900332836f->5cf37c60-ab16-4b46-8923-a2be97bd85ed#101-t1, previous=(t:1, i:16), leaderCommit=15, initializing? false, entries: <empty>
2019-08-20 15:30:18,853 | INFO  | SCMAudit | user=jenkins1000 | ip=192.168.5.139 | op=SEND_HEARTBEAT {datanodeUUID=9bc9fff1-11e1-427b-a164-f7900332836f, command=[]} | ret=SUCCESS |  
2019-08-20 15:30:18,856 | INFO  | SCMAudit | user=jenkins1000 | ip=192.168.5.139 | op=SEND_HEARTBEAT {datanodeUUID=2d7c5efc-b074-4fc9-b95b-682c27e862a3, command=[]} | ret=SUCCESS |  
2019-08-20 15:30:18,856 | INFO  | SCMAudit | user=jenkins1000 | ip=192.168.5.139 | op=SEND_HEARTBEAT {datanodeUUID=5cf37c60-ab16-4b46-8923-a2be97bd85ed, command=[]} | ret=SUCCESS |  
2019-08-20 15:30:19,063 [grpc-default-executor-3] WARN  server.GrpcLogAppender (LogUtils.java:warn(134)) - b8771e3f-612a-4e3a-af1f-a8b98b915a10->2027f18d-61d0-44de-a18a-8f9fe8580b83: Failed appendEntries: org.apache.ratis.thirdparty.io.grpc.StatusRuntimeException: UNAVAILABLE: io exception
2019-08-20 15:30:19,064 [grpc-default-executor-3] INFO  impl.FollowerInfo (FollowerInfo.java:lambda$new$0(50)) - b8771e3f-612a-4e3a-af1f-a8b98b915a10->2027f18d-61d0-44de-a18a-8f9fe8580b83: nextIndex: updateUnconditionally 0 -> 0
2019-08-20 15:30:19,067 [grpc-default-executor-0] WARN  server.GrpcLogAppender (LogUtils.java:warn(134)) - b8771e3f-612a-4e3a-af1f-a8b98b915a10->c96ba33e-ed49-489d-8101-2a883ad7391b: Failed appendEntries: org.apache.ratis.thirdparty.io.grpc.StatusRuntimeException: UNAVAILABLE: io exception
2019-08-20 15:30:19,067 [grpc-default-executor-0] INFO  impl.FollowerInfo (FollowerInfo.java:lambda$new$0(50)) - b8771e3f-612a-4e3a-af1f-a8b98b915a10->c96ba33e-ed49-489d-8101-2a883ad7391b: nextIndex: updateUnconditionally 0 -> 0
2019-08-20 15:30:19,179 [java.util.concurrent.ThreadPoolExecutor$Worker@6504a35b[State = -1, empty queue]] WARN  server.GrpcLogAppender (GrpcLogAppender.java:timeoutAppendRequest(200)) - GrpcLogAppender(9bc9fff1-11e1-427b-a164-f7900332836f->2d7c5efc-b074-4fc9-b95b-682c27e862a3): appendEntries Timeout, request=9bc9fff1-11e1-427b-a164-f7900332836f->2d7c5efc-b074-4fc9-b95b-682c27e862a3#102-t1, previous=(t:1, i:16), leaderCommit=15, initializing? false, entries: <empty>
2019-08-20 15:30:19,179 [java.util.concurrent.ThreadPoolExecutor$Worker@7de1fbd4[State = -1, empty queue]] WARN  server.GrpcLogAppender (GrpcLogAppender.java:timeoutAppendRequest(200)) - GrpcLogAppender(9bc9fff1-11e1-427b-a164-f7900332836f->5cf37c60-ab16-4b46-8923-a2be97bd85ed): appendEntries Timeout, request=9bc9fff1-11e1-427b-a164-f7900332836f->5cf37c60-ab16-4b46-8923-a2be97bd85ed#102-t1, previous=(t:1, i:16), leaderCommit=15, initializing? false, entries: <empty>
2019-08-20 15:30:19,246 | INFO  | SCMAudit | user=jenkins1000 | ip=192.168.5.139 | op=SEND_HEARTBEAT {datanodeUUID=b8771e3f-612a-4e3a-af1f-a8b98b915a10, command=[]} | ret=SUCCESS |  
2019-08-20 15:30:19,563 [grpc-default-executor-4] WARN  server.GrpcLogAppender (LogUtils.java:warn(134)) - b8771e3f-612a-4e3a-af1f-a8b98b915a10->c96ba33e-ed49-489d-8101-2a883ad7391b: Failed appendEntries: org.apache.ratis.thirdparty.io.grpc.StatusRuntimeException: UNAVAILABLE: io exception
2019-08-20 15:30:19,563 [grpc-default-executor-2] WARN  server.GrpcLogAppender (LogUtils.java:warn(134)) - b8771e3f-612a-4e3a-af1f-a8b98b915a10->2027f18d-61d0-44de-a18a-8f9fe8580b83: Failed appendEntries: org.apache.ratis.thirdparty.io.grpc.StatusRuntimeException: UNAVAILABLE: io exception
2019-08-20 15:30:19,563 [grpc-default-executor-4] INFO  impl.FollowerInfo (FollowerInfo.java:lambda$new$0(50)) - b8771e3f-612a-4e3a-af1f-a8b98b915a10->c96ba33e-ed49-489d-8101-2a883ad7391b: nextIndex: updateUnconditionally 0 -> 0
2019-08-20 15:30:19,564 [grpc-default-executor-2] INFO  impl.FollowerInfo (FollowerInfo.java:lambda$new$0(50)) - b8771e3f-612a-4e3a-af1f-a8b98b915a10->2027f18d-61d0-44de-a18a-8f9fe8580b83: nextIndex: updateUnconditionally 0 -> 0
2019-08-20 15:30:19,679 [java.util.concurrent.ThreadPoolExecutor$Worker@7de1fbd4[State = -1, empty queue]] WARN  server.GrpcLogAppender (GrpcLogAppender.java:timeoutAppendRequest(200)) - GrpcLogAppender(9bc9fff1-11e1-427b-a164-f7900332836f->5cf37c60-ab16-4b46-8923-a2be97bd85ed): appendEntries Timeout, request=9bc9fff1-11e1-427b-a164-f7900332836f->5cf37c60-ab16-4b46-8923-a2be97bd85ed#103-t1, previous=(t:1, i:16), leaderCommit=15, initializing? false, entries: <empty>
2019-08-20 15:30:19,679 [java.util.concurrent.ThreadPoolExecutor$Worker@6504a35b[State = -1, empty queue]] WARN  server.GrpcLogAppender (GrpcLogAppender.java:timeoutAppendRequest(200)) - GrpcLogAppender(9bc9fff1-11e1-427b-a164-f7900332836f->2d7c5efc-b074-4fc9-b95b-682c27e862a3): appendEntries Timeout, request=9bc9fff1-11e1-427b-a164-f7900332836f->2d7c5efc-b074-4fc9-b95b-682c27e862a3#103-t1, previous=(t:1, i:16), leaderCommit=15, initializing? false, entries: <empty>
2019-08-20 15:30:19,852 | INFO  | SCMAudit | user=jenkins1000 | ip=192.168.5.139 | op=SEND_HEARTBEAT {datanodeUUID=9bc9fff1-11e1-427b-a164-f7900332836f, command=[]} | ret=SUCCESS |  
2019-08-20 15:30:19,856 | INFO  | SCMAudit | user=jenkins1000 | ip=192.168.5.139 | op=SEND_HEARTBEAT {datanodeUUID=2d7c5efc-b074-4fc9-b95b-682c27e862a3, command=[]} | ret=SUCCESS |  
2019-08-20 15:30:19,856 | INFO  | SCMAudit | user=jenkins1000 | ip=192.168.5.139 | op=SEND_HEARTBEAT {datanodeUUID=5cf37c60-ab16-4b46-8923-a2be97bd85ed, command=[]} | ret=SUCCESS |  
2019-08-20 15:30:20,064 [grpc-default-executor-4] WARN  server.GrpcLogAppender (LogUtils.java:warn(134)) - b8771e3f-612a-4e3a-af1f-a8b98b915a10->2027f18d-61d0-44de-a18a-8f9fe8580b83: Failed appendEntries: org.apache.ratis.thirdparty.io.grpc.StatusRuntimeException: UNAVAILABLE: io exception
2019-08-20 15:30:20,064 [grpc-default-executor-1] WARN  server.GrpcLogAppender (LogUtils.java:warn(134)) - b8771e3f-612a-4e3a-af1f-a8b98b915a10->c96ba33e-ed49-489d-8101-2a883ad7391b: Failed appendEntries: org.apache.ratis.thirdparty.io.grpc.StatusRuntimeException: UNAVAILABLE: io exception
2019-08-20 15:30:20,065 [grpc-default-executor-4] INFO  impl.FollowerInfo (FollowerInfo.java:lambda$new$0(50)) - b8771e3f-612a-4e3a-af1f-a8b98b915a10->2027f18d-61d0-44de-a18a-8f9fe8580b83: nextIndex: updateUnconditionally 0 -> 0
2019-08-20 15:30:20,065 [grpc-default-executor-1] INFO  impl.FollowerInfo (FollowerInfo.java:lambda$new$0(50)) - b8771e3f-612a-4e3a-af1f-a8b98b915a10->c96ba33e-ed49-489d-8101-2a883ad7391b: nextIndex: updateUnconditionally 0 -> 0
2019-08-20 15:30:20,179 [java.util.concurrent.ThreadPoolExecutor$Worker@7de1fbd4[State = -1, empty queue]] WARN  server.GrpcLogAppender (GrpcLogAppender.java:timeoutAppendRequest(200)) - GrpcLogAppender(9bc9fff1-11e1-427b-a164-f7900332836f->5cf37c60-ab16-4b46-8923-a2be97bd85ed): appendEntries Timeout, request=9bc9fff1-11e1-427b-a164-f7900332836f->5cf37c60-ab16-4b46-8923-a2be97bd85ed#104-t1, previous=(t:1, i:16), leaderCommit=15, initializing? false, entries: <empty>
2019-08-20 15:30:20,179 [java.util.concurrent.ThreadPoolExecutor$Worker@6504a35b[State = -1, empty queue]] WARN  server.GrpcLogAppender (GrpcLogAppender.java:timeoutAppendRequest(200)) - GrpcLogAppender(9bc9fff1-11e1-427b-a164-f7900332836f->2d7c5efc-b074-4fc9-b95b-682c27e862a3): appendEntries Timeout, request=9bc9fff1-11e1-427b-a164-f7900332836f->2d7c5efc-b074-4fc9-b95b-682c27e862a3#104-t1, previous=(t:1, i:16), leaderCommit=15, initializing? false, entries: <empty>
2019-08-20 15:30:20,246 | INFO  | SCMAudit | user=jenkins1000 | ip=192.168.5.139 | op=SEND_HEARTBEAT {datanodeUUID=b8771e3f-612a-4e3a-af1f-a8b98b915a10, command=[]} | ret=SUCCESS |  
2019-08-20 15:30:20,565 [grpc-default-executor-1] WARN  server.GrpcLogAppender (LogUtils.java:warn(134)) - b8771e3f-612a-4e3a-af1f-a8b98b915a10->c96ba33e-ed49-489d-8101-2a883ad7391b: Failed appendEntries: org.apache.ratis.thirdparty.io.grpc.StatusRuntimeException: UNAVAILABLE: io exception
2019-08-20 15:30:20,565 [grpc-default-executor-4] WARN  server.GrpcLogAppender (LogUtils.java:warn(134)) - b8771e3f-612a-4e3a-af1f-a8b98b915a10->2027f18d-61d0-44de-a18a-8f9fe8580b83: Failed appendEntries: org.apache.ratis.thirdparty.io.grpc.StatusRuntimeException: UNAVAILABLE: io exception
2019-08-20 15:30:20,566 [grpc-default-executor-1] INFO  impl.FollowerInfo (FollowerInfo.java:lambda$new$0(50)) - b8771e3f-612a-4e3a-af1f-a8b98b915a10->c96ba33e-ed49-489d-8101-2a883ad7391b: nextIndex: updateUnconditionally 0 -> 0
2019-08-20 15:30:20,566 [grpc-default-executor-4] INFO  impl.FollowerInfo (FollowerInfo.java:lambda$new$0(50)) - b8771e3f-612a-4e3a-af1f-a8b98b915a10->2027f18d-61d0-44de-a18a-8f9fe8580b83: nextIndex: updateUnconditionally 0 -> 0
2019-08-20 15:30:20,680 [java.util.concurrent.ThreadPoolExecutor$Worker@7de1fbd4[State = -1, empty queue]] WARN  server.GrpcLogAppender (GrpcLogAppender.java:timeoutAppendRequest(200)) - GrpcLogAppender(9bc9fff1-11e1-427b-a164-f7900332836f->5cf37c60-ab16-4b46-8923-a2be97bd85ed): appendEntries Timeout, request=9bc9fff1-11e1-427b-a164-f7900332836f->5cf37c60-ab16-4b46-8923-a2be97bd85ed#105-t1, previous=(t:1, i:16), leaderCommit=15, initializing? false, entries: <empty>
2019-08-20 15:30:20,680 [java.util.concurrent.ThreadPoolExecutor$Worker@6504a35b[State = -1, empty queue]] WARN  server.GrpcLogAppender (GrpcLogAppender.java:timeoutAppendRequest(200)) - GrpcLogAppender(9bc9fff1-11e1-427b-a164-f7900332836f->2d7c5efc-b074-4fc9-b95b-682c27e862a3): appendEntries Timeout, request=9bc9fff1-11e1-427b-a164-f7900332836f->2d7c5efc-b074-4fc9-b95b-682c27e862a3#105-t1, previous=(t:1, i:16), leaderCommit=15, initializing? false, entries: <empty>
2019-08-20 15:30:20,852 | INFO  | SCMAudit | user=jenkins1000 | ip=192.168.5.139 | op=SEND_HEARTBEAT {datanodeUUID=9bc9fff1-11e1-427b-a164-f7900332836f, command=[]} | ret=SUCCESS |  
2019-08-20 15:30:20,856 | INFO  | SCMAudit | user=jenkins1000 | ip=192.168.5.139 | op=SEND_HEARTBEAT {datanodeUUID=2d7c5efc-b074-4fc9-b95b-682c27e862a3, command=[]} | ret=SUCCESS |  
2019-08-20 15:30:20,856 | INFO  | SCMAudit | user=jenkins1000 | ip=192.168.5.139 | op=SEND_HEARTBEAT {datanodeUUID=5cf37c60-ab16-4b46-8923-a2be97bd85ed, command=[]} | ret=SUCCESS |  
2019-08-20 15:30:21,066 [grpc-default-executor-4] WARN  server.GrpcLogAppender (LogUtils.java:warn(134)) - b8771e3f-612a-4e3a-af1f-a8b98b915a10->c96ba33e-ed49-489d-8101-2a883ad7391b: Failed appendEntries: org.apache.ratis.thirdparty.io.grpc.StatusRuntimeException: UNAVAILABLE: io exception
2019-08-20 15:30:21,066 [grpc-default-executor-1] WARN  server.GrpcLogAppender (LogUtils.java:warn(134)) - b8771e3f-612a-4e3a-af1f-a8b98b915a10->2027f18d-61d0-44de-a18a-8f9fe8580b83: Failed appendEntries: org.apache.ratis.thirdparty.io.grpc.StatusRuntimeException: UNAVAILABLE: io exception
2019-08-20 15:30:21,066 [grpc-default-executor-4] INFO  impl.FollowerInfo (FollowerInfo.java:lambda$new$0(50)) - b8771e3f-612a-4e3a-af1f-a8b98b915a10->c96ba33e-ed49-489d-8101-2a883ad7391b: nextIndex: updateUnconditionally 0 -> 0
2019-08-20 15:30:21,067 [grpc-default-executor-1] INFO  impl.FollowerInfo (FollowerInfo.java:lambda$new$0(50)) - b8771e3f-612a-4e3a-af1f-a8b98b915a10->2027f18d-61d0-44de-a18a-8f9fe8580b83: nextIndex: updateUnconditionally 0 -> 0
2019-08-20 15:30:21,180 [java.util.concurrent.ThreadPoolExecutor$Worker@6504a35b[State = -1, empty queue]] WARN  server.GrpcLogAppender (GrpcLogAppender.java:timeoutAppendRequest(200)) - GrpcLogAppender(9bc9fff1-11e1-427b-a164-f7900332836f->2d7c5efc-b074-4fc9-b95b-682c27e862a3): appendEntries Timeout, request=9bc9fff1-11e1-427b-a164-f7900332836f->2d7c5efc-b074-4fc9-b95b-682c27e862a3#106-t1, previous=(t:1, i:16), leaderCommit=15, initializing? false, entries: <empty>
2019-08-20 15:30:21,180 [java.util.concurrent.ThreadPoolExecutor$Worker@7de1fbd4[State = -1, empty queue]] WARN  server.GrpcLogAppender (GrpcLogAppender.java:timeoutAppendRequest(200)) - GrpcLogAppender(9bc9fff1-11e1-427b-a164-f7900332836f->5cf37c60-ab16-4b46-8923-a2be97bd85ed): appendEntries Timeout, request=9bc9fff1-11e1-427b-a164-f7900332836f->5cf37c60-ab16-4b46-8923-a2be97bd85ed#106-t1, previous=(t:1, i:16), leaderCommit=15, initializing? false, entries: <empty>
2019-08-20 15:30:21,247 | INFO  | SCMAudit | user=jenkins1000 | ip=192.168.5.139 | op=SEND_HEARTBEAT {datanodeUUID=b8771e3f-612a-4e3a-af1f-a8b98b915a10, command=[]} | ret=SUCCESS |  
2019-08-20 15:30:21,567 [grpc-default-executor-0] WARN  server.GrpcLogAppender (LogUtils.java:warn(134)) - b8771e3f-612a-4e3a-af1f-a8b98b915a10->2027f18d-61d0-44de-a18a-8f9fe8580b83: Failed appendEntries: org.apache.ratis.thirdparty.io.grpc.StatusRuntimeException: UNAVAILABLE: io exception
2019-08-20 15:30:21,567 [grpc-default-executor-5] WARN  server.GrpcLogAppender (LogUtils.java:warn(134)) - b8771e3f-612a-4e3a-af1f-a8b98b915a10->c96ba33e-ed49-489d-8101-2a883ad7391b: Failed appendEntries: org.apache.ratis.thirdparty.io.grpc.StatusRuntimeException: UNAVAILABLE: io exception
2019-08-20 15:30:21,567 [grpc-default-executor-0] INFO  impl.FollowerInfo (FollowerInfo.java:lambda$new$0(50)) - b8771e3f-612a-4e3a-af1f-a8b98b915a10->2027f18d-61d0-44de-a18a-8f9fe8580b83: nextIndex: updateUnconditionally 0 -> 0
2019-08-20 15:30:21,567 [grpc-default-executor-5] INFO  impl.FollowerInfo (FollowerInfo.java:lambda$new$0(50)) - b8771e3f-612a-4e3a-af1f-a8b98b915a10->c96ba33e-ed49-489d-8101-2a883ad7391b: nextIndex: updateUnconditionally 0 -> 0
2019-08-20 15:30:21,680 [java.util.concurrent.ThreadPoolExecutor$Worker@6504a35b[State = -1, empty queue]] WARN  server.GrpcLogAppender (GrpcLogAppender.java:timeoutAppendRequest(200)) - GrpcLogAppender(9bc9fff1-11e1-427b-a164-f7900332836f->2d7c5efc-b074-4fc9-b95b-682c27e862a3): appendEntries Timeout, request=9bc9fff1-11e1-427b-a164-f7900332836f->2d7c5efc-b074-4fc9-b95b-682c27e862a3#107-t1, previous=(t:1, i:16), leaderCommit=15, initializing? false, entries: <empty>
2019-08-20 15:30:21,680 [java.util.concurrent.ThreadPoolExecutor$Worker@7de1fbd4[State = -1, empty queue]] WARN  server.GrpcLogAppender (GrpcLogAppender.java:timeoutAppendRequest(200)) - GrpcLogAppender(9bc9fff1-11e1-427b-a164-f7900332836f->5cf37c60-ab16-4b46-8923-a2be97bd85ed): appendEntries Timeout, request=9bc9fff1-11e1-427b-a164-f7900332836f->5cf37c60-ab16-4b46-8923-a2be97bd85ed#107-t1, previous=(t:1, i:16), leaderCommit=15, initializing? false, entries: <empty>
2019-08-20 15:30:21,771 [grpc-default-executor-0] INFO  client.GrpcClientProtocolClient (GrpcClientProtocolClient.java:onNext(255)) - client-FFF4B9D1C5CD->5cf37c60-ab16-4b46-8923-a2be97bd85ed: receive RaftClientReply:client-FFF4B9D1C5CD->5cf37c60-ab16-4b46-8923-a2be97bd85ed@group-FDC4B371A35E, cid=99, FAILED org.apache.ratis.protocol.NotLeaderException: Server 5cf37c60-ab16-4b46-8923-a2be97bd85ed is not the leader (9bc9fff1-11e1-427b-a164-f7900332836f:192.168.5.139:38309). Request must be sent to leader., logIndex=0, commits[5cf37c60-ab16-4b46-8923-a2be97bd85ed:c15, 2d7c5efc-b074-4fc9-b95b-682c27e862a3:c15, 9bc9fff1-11e1-427b-a164-f7900332836f:c15]
2019-08-20 15:30:21,780 [main] WARN  io.KeyOutputStream (KeyOutputStream.java:handleException(276)) - Encountered exception java.io.IOException: Unexpected Storage Container Exception: java.util.concurrent.CompletionException: java.util.concurrent.CompletionException: org.apache.ratis.protocol.RaftRetryFailureException: Failed RaftClientRequest:client-FFF4B9D1C5CD->5cf37c60-ab16-4b46-8923-a2be97bd85ed@group-FDC4B371A35E, cid=99, seq=1*, RW, org.apache.hadoop.hdds.scm.XceiverClientRatis$$Lambda$430/548009467@53d5a9a5 for 10 attempts with RetryLimited(maxAttempts=10, sleepTime=1000ms) on the pipeline Pipeline[ Id: bc1aa628-619d-401d-b51d-fdc4b371a35e, Nodes: 2d7c5efc-b074-4fc9-b95b-682c27e862a3{ip: 192.168.5.139, host: pr-hdds-1200-9hlr9-3148487106, networkLocation: /default-rack, certSerialId: null}9bc9fff1-11e1-427b-a164-f7900332836f{ip: 192.168.5.139, host: pr-hdds-1200-9hlr9-3148487106, networkLocation: /default-rack, certSerialId: null}5cf37c60-ab16-4b46-8923-a2be97bd85ed{ip: 192.168.5.139, host: pr-hdds-1200-9hlr9-3148487106, networkLocation: /default-rack, certSerialId: null}, Type:RATIS, Factor:THREE, State:OPEN]. The last committed block length is 0, uncommitted data length is 2097152 retry count 0
2019-08-20 15:30:21,806 [IPC Server handler 0 on 46702] WARN  block.BlockManagerImpl (BlockManagerImpl.java:allocateBlock(192)) - Pipeline creation failed for type:RATIS factor:THREE. Retrying get pipelines call once.
org.apache.hadoop.hdds.scm.pipeline.InsufficientDatanodesException: Cannot create pipeline of factor 3 using 0 nodes.
	at org.apache.hadoop.hdds.scm.pipeline.RatisPipelineProvider.create(RatisPipelineProvider.java:151)
	at org.apache.hadoop.hdds.scm.pipeline.PipelineFactory.create(PipelineFactory.java:57)
	at org.apache.hadoop.hdds.scm.pipeline.SCMPipelineManager.createPipeline(SCMPipelineManager.java:149)
	at org.apache.hadoop.hdds.scm.block.BlockManagerImpl.allocateBlock(BlockManagerImpl.java:190)
	at org.apache.hadoop.hdds.scm.server.SCMBlockProtocolServer.allocateBlock(SCMBlockProtocolServer.java:175)
	at org.apache.hadoop.ozone.protocolPB.ScmBlockLocationProtocolServerSideTranslatorPB.allocateScmBlock(ScmBlockLocationProtocolServerSideTranslatorPB.java:153)
	at org.apache.hadoop.ozone.protocolPB.ScmBlockLocationProtocolServerSideTranslatorPB.send(ScmBlockLocationProtocolServerSideTranslatorPB.java:112)
	at org.apache.hadoop.hdds.protocol.proto.ScmBlockLocationProtocolProtos$ScmBlockLocationProtocolService$2.callBlockingMethod(ScmBlockLocationProtocolProtos.java:13157)
	at org.apache.hadoop.ipc.ProtobufRpcEngine$Server$ProtoBufRpcInvoker.call(ProtobufRpcEngine.java:524)
	at org.apache.hadoop.ipc.RPC$Server.call(RPC.java:1025)
	at org.apache.hadoop.ipc.Server$RpcCall.run(Server.java:876)
	at org.apache.hadoop.ipc.Server$RpcCall.run(Server.java:822)
	at java.security.AccessController.doPrivileged(Native Method)
	at javax.security.auth.Subject.doAs(Subject.java:422)
	at org.apache.hadoop.security.UserGroupInformation.doAs(UserGroupInformation.java:1730)
	at org.apache.hadoop.ipc.Server$Handler.run(Server.java:2682)
2019-08-20 15:30:21,808 [IPC Server handler 0 on 46702] INFO  block.BlockManagerImpl (BlockManagerImpl.java:allocateBlock(198)) - Could not find available pipeline of type:RATIS and factor:THREE even after retrying
2019-08-20 15:30:21,809 [IPC Server handler 0 on 46702] ERROR block.BlockManagerImpl (BlockManagerImpl.java:allocateBlock(222)) - Unable to allocate a block for the size: 4194304, type: RATIS, factor: THREE
2019-08-20 15:30:21,809 | INFO  | SCMAudit | user=jenkins1000 | ip=192.168.5.139 | op=ALLOCATE_BLOCK {owner=a24abb8d-4a0f-4067-9d75-faeb9cda1850, size=4194304, type=RATIS, factor=THREE} | ret=SUCCESS |  
2019-08-20 15:30:21,812 | ERROR | OMAudit | user=jenkins1000 | ip=127.0.0.1 | op=ALLOCATE_BLOCK {volume=datanodefailurehandlingtest, bucket=datanodefailurehandlingtest, key=ratis3, dataSize=0, replicationType=null, replicationFactor=null, keyLocationInfo=null, clientID=102650018037825543} | ret=FAILURE | org.apache.hadoop.hdds.scm.exceptions.SCMException: Allocated 0 blocks. Requested 1 blocks
	at org.apache.hadoop.hdds.scm.protocolPB.ScmBlockLocationProtocolClientSideTranslatorPB.handleError(ScmBlockLocationProtocolClientSideTranslatorPB.java:118)
	at org.apache.hadoop.hdds.scm.protocolPB.ScmBlockLocationProtocolClientSideTranslatorPB.allocateBlock(ScmBlockLocationProtocolClientSideTranslatorPB.java:156) 
2019-08-20 15:30:21,816 [main] ERROR io.BlockOutputStreamEntryPool (BlockOutputStreamEntryPool.java:allocateBlockIfNeeded(299)) - Try to allocate more blocks for write failed, already allocated 0 blocks for this write.
INTERNAL_ERROR org.apache.hadoop.ozone.om.exceptions.OMException: Allocated 0 blocks. Requested 1 blocks
	at org.apache.hadoop.ozone.om.protocolPB.OzoneManagerProtocolClientSideTranslatorPB.handleError(OzoneManagerProtocolClientSideTranslatorPB.java:725)
	at org.apache.hadoop.ozone.om.protocolPB.OzoneManagerProtocolClientSideTranslatorPB.allocateBlock(OzoneManagerProtocolClientSideTranslatorPB.java:757)
	at org.apache.hadoop.ozone.client.io.BlockOutputStreamEntryPool.allocateNewBlock(BlockOutputStreamEntryPool.java:248)
	at org.apache.hadoop.ozone.client.io.BlockOutputStreamEntryPool.allocateBlockIfNeeded(BlockOutputStreamEntryPool.java:296)
	at org.apache.hadoop.ozone.client.io.KeyOutputStream.handleWrite(KeyOutputStream.java:201)
	at org.apache.hadoop.ozone.client.io.KeyOutputStream.handleRetry(KeyOutputStream.java:376)
	at org.apache.hadoop.ozone.client.io.KeyOutputStream.handleException(KeyOutputStream.java:325)
	at org.apache.hadoop.ozone.client.io.KeyOutputStream.handleWrite(KeyOutputStream.java:231)
	at org.apache.hadoop.ozone.client.io.KeyOutputStream.write(KeyOutputStream.java:193)
	at org.apache.hadoop.ozone.client.io.OzoneOutputStream.write(OzoneOutputStream.java:49)
	at java.io.OutputStream.write(OutputStream.java:75)
	at org.apache.hadoop.ozone.client.rpc.TestMultiBlockWritesWithDnFailures.testMultiBlockWritesWithDnFailures(TestMultiBlockWritesWithDnFailures.java:145)
	at sun.reflect.NativeMethodAccessorImpl.invoke0(Native Method)
	at sun.reflect.NativeMethodAccessorImpl.invoke(NativeMethodAccessorImpl.java:62)
	at sun.reflect.DelegatingMethodAccessorImpl.invoke(DelegatingMethodAccessorImpl.java:43)
	at java.lang.reflect.Method.invoke(Method.java:498)
	at org.junit.runners.model.FrameworkMethod$1.runReflectiveCall(FrameworkMethod.java:47)
	at org.junit.internal.runners.model.ReflectiveCallable.run(ReflectiveCallable.java:12)
	at org.junit.runners.model.FrameworkMethod.invokeExplosively(FrameworkMethod.java:44)
	at org.junit.internal.runners.statements.InvokeMethod.evaluate(InvokeMethod.java:17)
	at org.junit.internal.runners.statements.RunAfters.evaluate(RunAfters.java:27)
	at org.junit.runners.ParentRunner.runLeaf(ParentRunner.java:271)
	at org.junit.runners.BlockJUnit4ClassRunner.runChild(BlockJUnit4ClassRunner.java:70)
	at org.junit.runners.BlockJUnit4ClassRunner.runChild(BlockJUnit4ClassRunner.java:50)
	at org.junit.runners.ParentRunner$3.run(ParentRunner.java:238)
	at org.junit.runners.ParentRunner$1.schedule(ParentRunner.java:63)
	at org.junit.runners.ParentRunner.runChildren(ParentRunner.java:236)
	at org.junit.runners.ParentRunner.access$000(ParentRunner.java:53)
	at org.junit.runners.ParentRunner$2.evaluate(ParentRunner.java:229)
	at org.junit.runners.ParentRunner.run(ParentRunner.java:309)
	at org.apache.maven.surefire.junit4.JUnit4Provider.execute(JUnit4Provider.java:365)
	at org.apache.maven.surefire.junit4.JUnit4Provider.executeWithRerun(JUnit4Provider.java:273)
	at org.apache.maven.surefire.junit4.JUnit4Provider.executeTestSet(JUnit4Provider.java:238)
	at org.apache.maven.surefire.junit4.JUnit4Provider.invoke(JUnit4Provider.java:159)
	at org.apache.maven.surefire.booter.ForkedBooter.invokeProviderInSameClassLoader(ForkedBooter.java:384)
	at org.apache.maven.surefire.booter.ForkedBooter.runSuitesInProcess(ForkedBooter.java:345)
	at org.apache.maven.surefire.booter.ForkedBooter.execute(ForkedBooter.java:126)
	at org.apache.maven.surefire.booter.ForkedBooter.main(ForkedBooter.java:418)
2019-08-20 15:30:21,817 [main] INFO  ozone.MiniOzoneClusterImpl (MiniOzoneClusterImpl.java:shutdown(321)) - Shutting down the Mini Ozone Cluster
2019-08-20 15:30:21,817 | INFO  | SCMAudit | user=null | ip=null | op=GET_SCM_INFO null | ret=SUCCESS |  
2019-08-20 15:30:21,817 [main] INFO  ozone.MiniOzoneClusterImpl (MiniOzoneClusterImpl.java:stop(336)) - Stopping the Mini Ozone Cluster
2019-08-20 15:30:21,817 [main] INFO  ozone.MiniOzoneClusterImpl (MiniOzoneClusterImpl.java:stop(338)) - Stopping the OzoneManager
2019-08-20 15:30:21,817 [main] INFO  ipc.Server (Server.java:stop(3082)) - Stopping server on 45036
2019-08-20 15:30:21,832 [main] INFO  ratis.OzoneManagerDoubleBuffer (OzoneManagerDoubleBuffer.java:stop(248)) - Stopping OMDoubleBuffer flush thread
2019-08-20 15:30:21,834 [IPC Server Responder] INFO  ipc.Server (Server.java:run(1319)) - Stopping IPC Server Responder
2019-08-20 15:30:21,832 [IPC Server listener on 45036] INFO  ipc.Server (Server.java:run(1185)) - Stopping IPC Server listener on 45036
2019-08-20 15:30:21,843 [OMDoubleBufferFlushThread] INFO  ratis.OzoneManagerDoubleBuffer (OzoneManagerDoubleBuffer.java:flushTransactions(191)) - OMDoubleBuffer flush thread OMDoubleBufferFlushThread is interrupted and will exit. OMDoubleBufferFlushThread
2019-08-20 15:30:21,860 [main] INFO  utils.BackgroundService (BackgroundService.java:shutdown(148)) - Shutting down service KeyDeletingService
2019-08-20 15:30:21,861 | INFO  | SCMAudit | user=jenkins1000 | ip=192.168.5.139 | op=SEND_HEARTBEAT {datanodeUUID=9bc9fff1-11e1-427b-a164-f7900332836f, command=[]} | ret=SUCCESS |  
2019-08-20 15:30:21,861 | INFO  | SCMAudit | user=jenkins1000 | ip=192.168.5.139 | op=SEND_HEARTBEAT {datanodeUUID=2d7c5efc-b074-4fc9-b95b-682c27e862a3, command=[]} | ret=SUCCESS |  
2019-08-20 15:30:21,861 | INFO  | SCMAudit | user=jenkins1000 | ip=192.168.5.139 | op=SEND_HEARTBEAT {datanodeUUID=5cf37c60-ab16-4b46-8923-a2be97bd85ed, command=[]} | ret=SUCCESS |  
2019-08-20 15:30:21,861 [main] INFO  handler.ContextHandler (ContextHandler.java:doStop(910)) - Stopped o.e.j.w.WebAppContext@39f4a7c4{/,null,UNAVAILABLE}{/ozoneManager}
2019-08-20 15:30:21,862 [main] INFO  server.AbstractConnector (AbstractConnector.java:doStop(318)) - Stopped ServerConnector@111fe921{HTTP/1.1,[http/1.1]}{0.0.0.0:0}
2019-08-20 15:30:21,862 [main] INFO  handler.ContextHandler (ContextHandler.java:doStop(910)) - Stopped o.e.j.s.ServletContextHandler@4f676900{/static,file:///workdir/hadoop-ozone/integration-test/target/test-classes/webapps/static,UNAVAILABLE}
2019-08-20 15:30:21,862 [main] INFO  handler.ContextHandler (ContextHandler.java:doStop(910)) - Stopped o.e.j.s.ServletContextHandler@a44effb{/logs,file:///workdir/hadoop-ozone/integration-test/target/log,UNAVAILABLE}
2019-08-20 15:30:21,866 [main] INFO  ozone.MiniOzoneClusterImpl (MiniOzoneClusterImpl.java:stop(344)) - Shutting the HddsDatanodes
2019-08-20 15:30:21,866 [main] INFO  datanode.ObjectStoreHandler (ObjectStoreHandler.java:close(155)) - Closing ObjectStoreHandler.
2019-08-20 15:30:21,866 [ForkJoinPool.commonPool-worker-1] INFO  datanode.ObjectStoreHandler (ObjectStoreHandler.java:close(155)) - Closing ObjectStoreHandler.
2019-08-20 15:30:21,866 [main] INFO  ozone.HddsDatanodeService (HddsDatanodeService.java:stop(451)) - Stopped plug-in org.apache.hadoop.ozone.web.OzoneHddsDatanodeService@306c9b2c
2019-08-20 15:30:21,867 [ForkJoinPool.commonPool-worker-1] INFO  ozone.HddsDatanodeService (HddsDatanodeService.java:stop(451)) - Stopped plug-in org.apache.hadoop.ozone.web.OzoneHddsDatanodeService@a7ae340
2019-08-20 15:30:22,067 [grpc-default-executor-0] WARN  server.GrpcLogAppender (LogUtils.java:warn(134)) - b8771e3f-612a-4e3a-af1f-a8b98b915a10->c96ba33e-ed49-489d-8101-2a883ad7391b: Failed appendEntries: org.apache.ratis.thirdparty.io.grpc.StatusRuntimeException: UNAVAILABLE: io exception
2019-08-20 15:30:22,067 [grpc-default-executor-4] WARN  server.GrpcLogAppender (LogUtils.java:warn(134)) - b8771e3f-612a-4e3a-af1f-a8b98b915a10->2027f18d-61d0-44de-a18a-8f9fe8580b83: Failed appendEntries: org.apache.ratis.thirdparty.io.grpc.StatusRuntimeException: UNAVAILABLE: io exception
2019-08-20 15:30:22,068 [grpc-default-executor-0] INFO  impl.FollowerInfo (FollowerInfo.java:lambda$new$0(50)) - b8771e3f-612a-4e3a-af1f-a8b98b915a10->c96ba33e-ed49-489d-8101-2a883ad7391b: nextIndex: updateUnconditionally 0 -> 0
2019-08-20 15:30:22,068 [grpc-default-executor-4] INFO  impl.FollowerInfo (FollowerInfo.java:lambda$new$0(50)) - b8771e3f-612a-4e3a-af1f-a8b98b915a10->2027f18d-61d0-44de-a18a-8f9fe8580b83: nextIndex: updateUnconditionally 0 -> 0
2019-08-20 15:30:22,181 [java.util.concurrent.ThreadPoolExecutor$Worker@7de1fbd4[State = -1, empty queue]] WARN  server.GrpcLogAppender (GrpcLogAppender.java:timeoutAppendRequest(200)) - GrpcLogAppender(9bc9fff1-11e1-427b-a164-f7900332836f->5cf37c60-ab16-4b46-8923-a2be97bd85ed): appendEntries Timeout, request=9bc9fff1-11e1-427b-a164-f7900332836f->5cf37c60-ab16-4b46-8923-a2be97bd85ed#108-t1, previous=(t:1, i:16), leaderCommit=15, initializing? false, entries: <empty>
2019-08-20 15:30:22,181 [java.util.concurrent.ThreadPoolExecutor$Worker@6504a35b[State = -1, empty queue]] WARN  server.GrpcLogAppender (GrpcLogAppender.java:timeoutAppendRequest(200)) - GrpcLogAppender(9bc9fff1-11e1-427b-a164-f7900332836f->2d7c5efc-b074-4fc9-b95b-682c27e862a3): appendEntries Timeout, request=9bc9fff1-11e1-427b-a164-f7900332836f->2d7c5efc-b074-4fc9-b95b-682c27e862a3#108-t1, previous=(t:1, i:16), leaderCommit=15, initializing? false, entries: <empty>
2019-08-20 15:30:22,246 [Datanode State Machine Thread - 0] INFO  statemachine.DatanodeStateMachine (DatanodeStateMachine.java:lambda$startDaemon$0(350)) - Ozone container server started.
2019-08-20 15:30:22,568 [grpc-default-executor-1] WARN  server.GrpcLogAppender (LogUtils.java:warn(134)) - b8771e3f-612a-4e3a-af1f-a8b98b915a10->c96ba33e-ed49-489d-8101-2a883ad7391b: Failed appendEntries: org.apache.ratis.thirdparty.io.grpc.StatusRuntimeException: UNAVAILABLE: io exception
2019-08-20 15:30:22,568 [grpc-default-executor-0] WARN  server.GrpcLogAppender (LogUtils.java:warn(134)) - b8771e3f-612a-4e3a-af1f-a8b98b915a10->2027f18d-61d0-44de-a18a-8f9fe8580b83: Failed appendEntries: org.apache.ratis.thirdparty.io.grpc.StatusRuntimeException: UNAVAILABLE: io exception
2019-08-20 15:30:22,569 [grpc-default-executor-1] INFO  impl.FollowerInfo (FollowerInfo.java:lambda$new$0(50)) - b8771e3f-612a-4e3a-af1f-a8b98b915a10->c96ba33e-ed49-489d-8101-2a883ad7391b: nextIndex: updateUnconditionally 0 -> 0
2019-08-20 15:30:22,569 [grpc-default-executor-0] INFO  impl.FollowerInfo (FollowerInfo.java:lambda$new$0(50)) - b8771e3f-612a-4e3a-af1f-a8b98b915a10->2027f18d-61d0-44de-a18a-8f9fe8580b83: nextIndex: updateUnconditionally 0 -> 0
2019-08-20 15:30:22,681 [java.util.concurrent.ThreadPoolExecutor$Worker@6504a35b[State = -1, empty queue]] WARN  server.GrpcLogAppender (GrpcLogAppender.java:timeoutAppendRequest(200)) - GrpcLogAppender(9bc9fff1-11e1-427b-a164-f7900332836f->2d7c5efc-b074-4fc9-b95b-682c27e862a3): appendEntries Timeout, request=9bc9fff1-11e1-427b-a164-f7900332836f->2d7c5efc-b074-4fc9-b95b-682c27e862a3#109-t1, previous=(t:1, i:16), leaderCommit=15, initializing? false, entries: <empty>
2019-08-20 15:30:22,681 [java.util.concurrent.ThreadPoolExecutor$Worker@7de1fbd4[State = -1, empty queue]] WARN  server.GrpcLogAppender (GrpcLogAppender.java:timeoutAppendRequest(200)) - GrpcLogAppender(9bc9fff1-11e1-427b-a164-f7900332836f->5cf37c60-ab16-4b46-8923-a2be97bd85ed): appendEntries Timeout, request=9bc9fff1-11e1-427b-a164-f7900332836f->5cf37c60-ab16-4b46-8923-a2be97bd85ed#109-t1, previous=(t:1, i:16), leaderCommit=15, initializing? false, entries: <empty>
2019-08-20 15:30:22,859 [Datanode State Machine Thread - 0] INFO  statemachine.DatanodeStateMachine (DatanodeStateMachine.java:lambda$startDaemon$0(350)) - Ozone container server started.
2019-08-20 15:30:22,863 | INFO  | SCMAudit | user=jenkins1000 | ip=192.168.5.139 | op=SEND_HEARTBEAT {datanodeUUID=2d7c5efc-b074-4fc9-b95b-682c27e862a3, command=[]} | ret=SUCCESS |  
2019-08-20 15:30:22,863 | INFO  | SCMAudit | user=jenkins1000 | ip=192.168.5.139 | op=SEND_HEARTBEAT {datanodeUUID=5cf37c60-ab16-4b46-8923-a2be97bd85ed, command=[]} | ret=SUCCESS |  
2019-08-20 15:30:23,069 [grpc-default-executor-4] WARN  server.GrpcLogAppender (LogUtils.java:warn(134)) - b8771e3f-612a-4e3a-af1f-a8b98b915a10->2027f18d-61d0-44de-a18a-8f9fe8580b83: Failed appendEntries: org.apache.ratis.thirdparty.io.grpc.StatusRuntimeException: UNAVAILABLE: io exception
2019-08-20 15:30:23,069 [grpc-default-executor-1] WARN  server.GrpcLogAppender (LogUtils.java:warn(134)) - b8771e3f-612a-4e3a-af1f-a8b98b915a10->c96ba33e-ed49-489d-8101-2a883ad7391b: Failed appendEntries: org.apache.ratis.thirdparty.io.grpc.StatusRuntimeException: UNAVAILABLE: io exception
2019-08-20 15:30:23,070 [grpc-default-executor-4] INFO  impl.FollowerInfo (FollowerInfo.java:lambda$new$0(50)) - b8771e3f-612a-4e3a-af1f-a8b98b915a10->2027f18d-61d0-44de-a18a-8f9fe8580b83: nextIndex: updateUnconditionally 0 -> 0
2019-08-20 15:30:23,070 [grpc-default-executor-1] INFO  impl.FollowerInfo (FollowerInfo.java:lambda$new$0(50)) - b8771e3f-612a-4e3a-af1f-a8b98b915a10->c96ba33e-ed49-489d-8101-2a883ad7391b: nextIndex: updateUnconditionally 0 -> 0
2019-08-20 15:30:23,181 [java.util.concurrent.ThreadPoolExecutor$Worker@7de1fbd4[State = -1, empty queue]] WARN  server.GrpcLogAppender (GrpcLogAppender.java:timeoutAppendRequest(200)) - GrpcLogAppender(9bc9fff1-11e1-427b-a164-f7900332836f->5cf37c60-ab16-4b46-8923-a2be97bd85ed): appendEntries Timeout, request=9bc9fff1-11e1-427b-a164-f7900332836f->5cf37c60-ab16-4b46-8923-a2be97bd85ed#110-t1, previous=(t:1, i:16), leaderCommit=15, initializing? false, entries: <empty>
2019-08-20 15:30:23,181 [java.util.concurrent.ThreadPoolExecutor$Worker@6504a35b[State = -1, empty queue]] WARN  server.GrpcLogAppender (GrpcLogAppender.java:timeoutAppendRequest(200)) - GrpcLogAppender(9bc9fff1-11e1-427b-a164-f7900332836f->2d7c5efc-b074-4fc9-b95b-682c27e862a3): appendEntries Timeout, request=9bc9fff1-11e1-427b-a164-f7900332836f->2d7c5efc-b074-4fc9-b95b-682c27e862a3#110-t1, previous=(t:1, i:16), leaderCommit=15, initializing? false, entries: <empty>
2019-08-20 15:30:23,570 [grpc-default-executor-1] WARN  server.GrpcLogAppender (LogUtils.java:warn(134)) - b8771e3f-612a-4e3a-af1f-a8b98b915a10->2027f18d-61d0-44de-a18a-8f9fe8580b83: Failed appendEntries: org.apache.ratis.thirdparty.io.grpc.StatusRuntimeException: UNAVAILABLE: io exception
2019-08-20 15:30:23,570 [grpc-default-executor-3] WARN  server.GrpcLogAppender (LogUtils.java:warn(134)) - b8771e3f-612a-4e3a-af1f-a8b98b915a10->c96ba33e-ed49-489d-8101-2a883ad7391b: Failed appendEntries: org.apache.ratis.thirdparty.io.grpc.StatusRuntimeException: UNAVAILABLE: io exception
2019-08-20 15:30:23,571 [grpc-default-executor-1] INFO  impl.FollowerInfo (FollowerInfo.java:lambda$new$0(50)) - b8771e3f-612a-4e3a-af1f-a8b98b915a10->2027f18d-61d0-44de-a18a-8f9fe8580b83: nextIndex: updateUnconditionally 0 -> 0
2019-08-20 15:30:23,571 [grpc-default-executor-3] INFO  impl.FollowerInfo (FollowerInfo.java:lambda$new$0(50)) - b8771e3f-612a-4e3a-af1f-a8b98b915a10->c96ba33e-ed49-489d-8101-2a883ad7391b: nextIndex: updateUnconditionally 0 -> 0
2019-08-20 15:30:23,682 [java.util.concurrent.ThreadPoolExecutor$Worker@7de1fbd4[State = -1, empty queue]] WARN  server.GrpcLogAppender (GrpcLogAppender.java:timeoutAppendRequest(200)) - GrpcLogAppender(9bc9fff1-11e1-427b-a164-f7900332836f->5cf37c60-ab16-4b46-8923-a2be97bd85ed): appendEntries Timeout, request=9bc9fff1-11e1-427b-a164-f7900332836f->5cf37c60-ab16-4b46-8923-a2be97bd85ed#111-t1, previous=(t:1, i:16), leaderCommit=15, initializing? false, entries: <empty>
2019-08-20 15:30:23,682 [java.util.concurrent.ThreadPoolExecutor$Worker@6504a35b[State = -1, empty queue]] WARN  server.GrpcLogAppender (GrpcLogAppender.java:timeoutAppendRequest(200)) - GrpcLogAppender(9bc9fff1-11e1-427b-a164-f7900332836f->2d7c5efc-b074-4fc9-b95b-682c27e862a3): appendEntries Timeout, request=9bc9fff1-11e1-427b-a164-f7900332836f->2d7c5efc-b074-4fc9-b95b-682c27e862a3#111-t1, previous=(t:1, i:16), leaderCommit=15, initializing? false, entries: <empty>
2019-08-20 15:30:23,860 | INFO  | SCMAudit | user=jenkins1000 | ip=192.168.5.139 | op=SEND_HEARTBEAT {datanodeUUID=5cf37c60-ab16-4b46-8923-a2be97bd85ed, command=[]} | ret=SUCCESS |  
2019-08-20 15:30:23,865 | INFO  | SCMAudit | user=jenkins1000 | ip=192.168.5.139 | op=SEND_HEARTBEAT {datanodeUUID=2d7c5efc-b074-4fc9-b95b-682c27e862a3, command=[]} | ret=SUCCESS |  
2019-08-20 15:30:24,070 [grpc-default-executor-3] WARN  server.GrpcLogAppender (LogUtils.java:warn(134)) - b8771e3f-612a-4e3a-af1f-a8b98b915a10->2027f18d-61d0-44de-a18a-8f9fe8580b83: Failed appendEntries: org.apache.ratis.thirdparty.io.grpc.StatusRuntimeException: UNAVAILABLE: io exception
2019-08-20 15:30:24,070 [grpc-default-executor-1] WARN  server.GrpcLogAppender (LogUtils.java:warn(134)) - b8771e3f-612a-4e3a-af1f-a8b98b915a10->c96ba33e-ed49-489d-8101-2a883ad7391b: Failed appendEntries: org.apache.ratis.thirdparty.io.grpc.StatusRuntimeException: UNAVAILABLE: io exception
2019-08-20 15:30:24,071 [grpc-default-executor-3] INFO  impl.FollowerInfo (FollowerInfo.java:lambda$new$0(50)) - b8771e3f-612a-4e3a-af1f-a8b98b915a10->2027f18d-61d0-44de-a18a-8f9fe8580b83: nextIndex: updateUnconditionally 0 -> 0
2019-08-20 15:30:24,071 [grpc-default-executor-1] INFO  impl.FollowerInfo (FollowerInfo.java:lambda$new$0(50)) - b8771e3f-612a-4e3a-af1f-a8b98b915a10->c96ba33e-ed49-489d-8101-2a883ad7391b: nextIndex: updateUnconditionally 0 -> 0
2019-08-20 15:30:24,182 [java.util.concurrent.ThreadPoolExecutor$Worker@7de1fbd4[State = -1, empty queue]] WARN  server.GrpcLogAppender (GrpcLogAppender.java:timeoutAppendRequest(200)) - GrpcLogAppender(9bc9fff1-11e1-427b-a164-f7900332836f->5cf37c60-ab16-4b46-8923-a2be97bd85ed): appendEntries Timeout, request=9bc9fff1-11e1-427b-a164-f7900332836f->5cf37c60-ab16-4b46-8923-a2be97bd85ed#112-t1, previous=(t:1, i:16), leaderCommit=15, initializing? false, entries: <empty>
2019-08-20 15:30:24,182 [java.util.concurrent.ThreadPoolExecutor$Worker@6504a35b[State = -1, empty queue]] WARN  server.GrpcLogAppender (GrpcLogAppender.java:timeoutAppendRequest(200)) - GrpcLogAppender(9bc9fff1-11e1-427b-a164-f7900332836f->2d7c5efc-b074-4fc9-b95b-682c27e862a3): appendEntries Timeout, request=9bc9fff1-11e1-427b-a164-f7900332836f->2d7c5efc-b074-4fc9-b95b-682c27e862a3#112-t1, previous=(t:1, i:16), leaderCommit=15, initializing? false, entries: <empty>
2019-08-20 15:30:24,571 [grpc-default-executor-1] WARN  server.GrpcLogAppender (LogUtils.java:warn(134)) - b8771e3f-612a-4e3a-af1f-a8b98b915a10->2027f18d-61d0-44de-a18a-8f9fe8580b83: Failed appendEntries: org.apache.ratis.thirdparty.io.grpc.StatusRuntimeException: UNAVAILABLE: io exception
2019-08-20 15:30:24,571 [grpc-default-executor-3] WARN  server.GrpcLogAppender (LogUtils.java:warn(134)) - b8771e3f-612a-4e3a-af1f-a8b98b915a10->c96ba33e-ed49-489d-8101-2a883ad7391b: Failed appendEntries: org.apache.ratis.thirdparty.io.grpc.StatusRuntimeException: UNAVAILABLE: io exception
2019-08-20 15:30:24,572 [grpc-default-executor-1] INFO  impl.FollowerInfo (FollowerInfo.java:lambda$new$0(50)) - b8771e3f-612a-4e3a-af1f-a8b98b915a10->2027f18d-61d0-44de-a18a-8f9fe8580b83: nextIndex: updateUnconditionally 0 -> 0
2019-08-20 15:30:24,572 [grpc-default-executor-3] INFO  impl.FollowerInfo (FollowerInfo.java:lambda$new$0(50)) - b8771e3f-612a-4e3a-af1f-a8b98b915a10->c96ba33e-ed49-489d-8101-2a883ad7391b: nextIndex: updateUnconditionally 0 -> 0
2019-08-20 15:30:24,682 [java.util.concurrent.ThreadPoolExecutor$Worker@6504a35b[State = -1, empty queue]] WARN  server.GrpcLogAppender (GrpcLogAppender.java:timeoutAppendRequest(200)) - GrpcLogAppender(9bc9fff1-11e1-427b-a164-f7900332836f->2d7c5efc-b074-4fc9-b95b-682c27e862a3): appendEntries Timeout, request=9bc9fff1-11e1-427b-a164-f7900332836f->2d7c5efc-b074-4fc9-b95b-682c27e862a3#113-t1, previous=(t:1, i:16), leaderCommit=15, initializing? false, entries: <empty>
2019-08-20 15:30:24,682 [java.util.concurrent.ThreadPoolExecutor$Worker@7de1fbd4[State = -1, empty queue]] WARN  server.GrpcLogAppender (GrpcLogAppender.java:timeoutAppendRequest(200)) - GrpcLogAppender(9bc9fff1-11e1-427b-a164-f7900332836f->5cf37c60-ab16-4b46-8923-a2be97bd85ed): appendEntries Timeout, request=9bc9fff1-11e1-427b-a164-f7900332836f->5cf37c60-ab16-4b46-8923-a2be97bd85ed#113-t1, previous=(t:1, i:16), leaderCommit=15, initializing? false, entries: <empty>
2019-08-20 15:30:24,860 | INFO  | SCMAudit | user=jenkins1000 | ip=192.168.5.139 | op=SEND_HEARTBEAT {datanodeUUID=5cf37c60-ab16-4b46-8923-a2be97bd85ed, command=[]} | ret=SUCCESS |  
2019-08-20 15:30:24,865 | INFO  | SCMAudit | user=jenkins1000 | ip=192.168.5.139 | op=SEND_HEARTBEAT {datanodeUUID=2d7c5efc-b074-4fc9-b95b-682c27e862a3, command=[]} | ret=SUCCESS |  
2019-08-20 15:30:25,072 [grpc-default-executor-3] WARN  server.GrpcLogAppender (LogUtils.java:warn(134)) - b8771e3f-612a-4e3a-af1f-a8b98b915a10->c96ba33e-ed49-489d-8101-2a883ad7391b: Failed appendEntries: org.apache.ratis.thirdparty.io.grpc.StatusRuntimeException: UNAVAILABLE: io exception
2019-08-20 15:30:25,073 [grpc-default-executor-5] WARN  server.GrpcLogAppender (LogUtils.java:warn(134)) - b8771e3f-612a-4e3a-af1f-a8b98b915a10->2027f18d-61d0-44de-a18a-8f9fe8580b83: Failed appendEntries: org.apache.ratis.thirdparty.io.grpc.StatusRuntimeException: UNAVAILABLE: io exception
2019-08-20 15:30:25,073 [grpc-default-executor-3] INFO  impl.FollowerInfo (FollowerInfo.java:lambda$new$0(50)) - b8771e3f-612a-4e3a-af1f-a8b98b915a10->c96ba33e-ed49-489d-8101-2a883ad7391b: nextIndex: updateUnconditionally 0 -> 0
2019-08-20 15:30:25,073 [grpc-default-executor-5] INFO  impl.FollowerInfo (FollowerInfo.java:lambda$new$0(50)) - b8771e3f-612a-4e3a-af1f-a8b98b915a10->2027f18d-61d0-44de-a18a-8f9fe8580b83: nextIndex: updateUnconditionally 0 -> 0
2019-08-20 15:30:25,183 [java.util.concurrent.ThreadPoolExecutor$Worker@6504a35b[State = -1, empty queue]] WARN  server.GrpcLogAppender (GrpcLogAppender.java:timeoutAppendRequest(200)) - GrpcLogAppender(9bc9fff1-11e1-427b-a164-f7900332836f->2d7c5efc-b074-4fc9-b95b-682c27e862a3): appendEntries Timeout, request=9bc9fff1-11e1-427b-a164-f7900332836f->2d7c5efc-b074-4fc9-b95b-682c27e862a3#114-t1, previous=(t:1, i:16), leaderCommit=15, initializing? false, entries: <empty>
2019-08-20 15:30:25,183 [java.util.concurrent.ThreadPoolExecutor$Worker@7de1fbd4[State = -1, empty queue]] WARN  server.GrpcLogAppender (GrpcLogAppender.java:timeoutAppendRequest(200)) - GrpcLogAppender(9bc9fff1-11e1-427b-a164-f7900332836f->5cf37c60-ab16-4b46-8923-a2be97bd85ed): appendEntries Timeout, request=9bc9fff1-11e1-427b-a164-f7900332836f->5cf37c60-ab16-4b46-8923-a2be97bd85ed#114-t1, previous=(t:1, i:16), leaderCommit=15, initializing? false, entries: <empty>
2019-08-20 15:30:25,573 [grpc-default-executor-5] WARN  server.GrpcLogAppender (LogUtils.java:warn(134)) - b8771e3f-612a-4e3a-af1f-a8b98b915a10->2027f18d-61d0-44de-a18a-8f9fe8580b83: Failed appendEntries: org.apache.ratis.thirdparty.io.grpc.StatusRuntimeException: UNAVAILABLE: io exception
2019-08-20 15:30:25,573 [grpc-default-executor-3] WARN  server.GrpcLogAppender (LogUtils.java:warn(134)) - b8771e3f-612a-4e3a-af1f-a8b98b915a10->c96ba33e-ed49-489d-8101-2a883ad7391b: Failed appendEntries: org.apache.ratis.thirdparty.io.grpc.StatusRuntimeException: UNAVAILABLE: io exception
2019-08-20 15:30:25,573 [grpc-default-executor-5] INFO  impl.FollowerInfo (FollowerInfo.java:lambda$new$0(50)) - b8771e3f-612a-4e3a-af1f-a8b98b915a10->2027f18d-61d0-44de-a18a-8f9fe8580b83: nextIndex: updateUnconditionally 0 -> 0
2019-08-20 15:30:25,573 [grpc-default-executor-3] INFO  impl.FollowerInfo (FollowerInfo.java:lambda$new$0(50)) - b8771e3f-612a-4e3a-af1f-a8b98b915a10->c96ba33e-ed49-489d-8101-2a883ad7391b: nextIndex: updateUnconditionally 0 -> 0
2019-08-20 15:30:25,683 [java.util.concurrent.ThreadPoolExecutor$Worker@6504a35b[State = -1, empty queue]] WARN  server.GrpcLogAppender (GrpcLogAppender.java:timeoutAppendRequest(200)) - GrpcLogAppender(9bc9fff1-11e1-427b-a164-f7900332836f->2d7c5efc-b074-4fc9-b95b-682c27e862a3): appendEntries Timeout, request=9bc9fff1-11e1-427b-a164-f7900332836f->2d7c5efc-b074-4fc9-b95b-682c27e862a3#115-t1, previous=(t:1, i:16), leaderCommit=15, initializing? false, entries: <empty>
2019-08-20 15:30:25,683 [java.util.concurrent.ThreadPoolExecutor$Worker@7de1fbd4[State = -1, empty queue]] WARN  server.GrpcLogAppender (GrpcLogAppender.java:timeoutAppendRequest(200)) - GrpcLogAppender(9bc9fff1-11e1-427b-a164-f7900332836f->5cf37c60-ab16-4b46-8923-a2be97bd85ed): appendEntries Timeout, request=9bc9fff1-11e1-427b-a164-f7900332836f->5cf37c60-ab16-4b46-8923-a2be97bd85ed#115-t1, previous=(t:1, i:16), leaderCommit=15, initializing? false, entries: <empty>
2019-08-20 15:30:25,861 | INFO  | SCMAudit | user=jenkins1000 | ip=192.168.5.139 | op=SEND_HEARTBEAT {datanodeUUID=5cf37c60-ab16-4b46-8923-a2be97bd85ed, command=[]} | ret=SUCCESS |  
2019-08-20 15:30:25,865 | INFO  | SCMAudit | user=jenkins1000 | ip=192.168.5.139 | op=SEND_HEARTBEAT {datanodeUUID=2d7c5efc-b074-4fc9-b95b-682c27e862a3, command=[]} | ret=SUCCESS |  
2019-08-20 15:30:26,074 [grpc-default-executor-5] WARN  server.GrpcLogAppender (LogUtils.java:warn(134)) - b8771e3f-612a-4e3a-af1f-a8b98b915a10->c96ba33e-ed49-489d-8101-2a883ad7391b: Failed appendEntries: org.apache.ratis.thirdparty.io.grpc.StatusRuntimeException: UNAVAILABLE: io exception
2019-08-20 15:30:26,074 [grpc-default-executor-0] WARN  server.GrpcLogAppender (LogUtils.java:warn(134)) - b8771e3f-612a-4e3a-af1f-a8b98b915a10->2027f18d-61d0-44de-a18a-8f9fe8580b83: Failed appendEntries: org.apache.ratis.thirdparty.io.grpc.StatusRuntimeException: UNAVAILABLE: io exception
2019-08-20 15:30:26,074 [grpc-default-executor-5] INFO  impl.FollowerInfo (FollowerInfo.java:lambda$new$0(50)) - b8771e3f-612a-4e3a-af1f-a8b98b915a10->c96ba33e-ed49-489d-8101-2a883ad7391b: nextIndex: updateUnconditionally 0 -> 0
2019-08-20 15:30:26,074 [grpc-default-executor-0] INFO  impl.FollowerInfo (FollowerInfo.java:lambda$new$0(50)) - b8771e3f-612a-4e3a-af1f-a8b98b915a10->2027f18d-61d0-44de-a18a-8f9fe8580b83: nextIndex: updateUnconditionally 0 -> 0
2019-08-20 15:30:26,184 [java.util.concurrent.ThreadPoolExecutor$Worker@7de1fbd4[State = -1, empty queue]] WARN  server.GrpcLogAppender (GrpcLogAppender.java:timeoutAppendRequest(200)) - GrpcLogAppender(9bc9fff1-11e1-427b-a164-f7900332836f->5cf37c60-ab16-4b46-8923-a2be97bd85ed): appendEntries Timeout, request=9bc9fff1-11e1-427b-a164-f7900332836f->5cf37c60-ab16-4b46-8923-a2be97bd85ed#116-t1, previous=(t:1, i:16), leaderCommit=15, initializing? false, entries: <empty>
2019-08-20 15:30:26,184 [java.util.concurrent.ThreadPoolExecutor$Worker@6504a35b[State = -1, empty queue]] WARN  server.GrpcLogAppender (GrpcLogAppender.java:timeoutAppendRequest(200)) - GrpcLogAppender(9bc9fff1-11e1-427b-a164-f7900332836f->2d7c5efc-b074-4fc9-b95b-682c27e862a3): appendEntries Timeout, request=9bc9fff1-11e1-427b-a164-f7900332836f->2d7c5efc-b074-4fc9-b95b-682c27e862a3#116-t1, previous=(t:1, i:16), leaderCommit=15, initializing? false, entries: <empty>
2019-08-20 15:30:26,574 [grpc-default-executor-3] WARN  server.GrpcLogAppender (LogUtils.java:warn(134)) - b8771e3f-612a-4e3a-af1f-a8b98b915a10->c96ba33e-ed49-489d-8101-2a883ad7391b: Failed appendEntries: org.apache.ratis.thirdparty.io.grpc.StatusRuntimeException: UNAVAILABLE: io exception
2019-08-20 15:30:26,574 [grpc-default-executor-2] WARN  server.GrpcLogAppender (LogUtils.java:warn(134)) - b8771e3f-612a-4e3a-af1f-a8b98b915a10->2027f18d-61d0-44de-a18a-8f9fe8580b83: Failed appendEntries: org.apache.ratis.thirdparty.io.grpc.StatusRuntimeException: UNAVAILABLE: io exception
2019-08-20 15:30:26,575 [grpc-default-executor-3] INFO  impl.FollowerInfo (FollowerInfo.java:lambda$new$0(50)) - b8771e3f-612a-4e3a-af1f-a8b98b915a10->c96ba33e-ed49-489d-8101-2a883ad7391b: nextIndex: updateUnconditionally 0 -> 0
2019-08-20 15:30:26,575 [grpc-default-executor-2] INFO  impl.FollowerInfo (FollowerInfo.java:lambda$new$0(50)) - b8771e3f-612a-4e3a-af1f-a8b98b915a10->2027f18d-61d0-44de-a18a-8f9fe8580b83: nextIndex: updateUnconditionally 0 -> 0
2019-08-20 15:30:26,669 [9bc9fff1-11e1-427b-a164-f7900332836f-SegmentedRaftLogWorker:Storage Directory /workdir/hadoop-ozone/integration-test/target/test-dir/MiniOzoneClusterImpl-d3dddc0d-c158-44f0-ad9e-80fc57836fb1/datanode-1/data/ratis/bc1aa628-619d-401d-b51d-fdc4b371a35e] WARN  segmented.SegmentedRaftLogWorker (SegmentedRaftLogWorker.java:getFromFuture(90)) - Timeout 1/~
org.apache.ratis.protocol.TimeoutIOException: Timeout 10s: WriteLog:16: (t:1, i:16), STATEMACHINELOGENTRY, client-FFF4B9D1C5CD, cid=99-writeStateMachineData
	at org.apache.ratis.util.IOUtils.getFromFuture(IOUtils.java:87)
	at org.apache.ratis.server.raftlog.segmented.SegmentedRaftLogWorker$StateMachineDataPolicy.getFromFuture(SegmentedRaftLogWorker.java:87)
	at org.apache.ratis.server.raftlog.segmented.SegmentedRaftLogWorker$WriteLog.execute(SegmentedRaftLogWorker.java:477)
	at org.apache.ratis.server.raftlog.segmented.SegmentedRaftLogWorker.run(SegmentedRaftLogWorker.java:289)
	at java.lang.Thread.run(Thread.java:748)
Caused by: java.util.concurrent.TimeoutException
	at java.util.concurrent.CompletableFuture.timedGet(CompletableFuture.java:1771)
	at java.util.concurrent.CompletableFuture.get(CompletableFuture.java:1915)
	at org.apache.ratis.util.IOUtils.getFromFuture(IOUtils.java:79)
	... 4 more
2019-08-20 15:30:26,674 [2d7c5efc-b074-4fc9-b95b-682c27e862a3-SegmentedRaftLogWorker:Storage Directory /workdir/hadoop-ozone/integration-test/target/test-dir/MiniOzoneClusterImpl-d3dddc0d-c158-44f0-ad9e-80fc57836fb1/datanode-0/data/ratis/bc1aa628-619d-401d-b51d-fdc4b371a35e] WARN  segmented.SegmentedRaftLogWorker (SegmentedRaftLogWorker.java:getFromFuture(90)) - Timeout 1/~
org.apache.ratis.protocol.TimeoutIOException: Timeout 10s: WriteLog:16: (t:1, i:16), STATEMACHINELOGENTRY, client-FFF4B9D1C5CD, cid=99-writeStateMachineData
	at org.apache.ratis.util.IOUtils.getFromFuture(IOUtils.java:87)
	at org.apache.ratis.server.raftlog.segmented.SegmentedRaftLogWorker$StateMachineDataPolicy.getFromFuture(SegmentedRaftLogWorker.java:87)
	at org.apache.ratis.server.raftlog.segmented.SegmentedRaftLogWorker$WriteLog.execute(SegmentedRaftLogWorker.java:477)
	at org.apache.ratis.server.raftlog.segmented.SegmentedRaftLogWorker.run(SegmentedRaftLogWorker.java:289)
	at java.lang.Thread.run(Thread.java:748)
Caused by: java.util.concurrent.TimeoutException
	at java.util.concurrent.CompletableFuture.timedGet(CompletableFuture.java:1771)
	at java.util.concurrent.CompletableFuture.get(CompletableFuture.java:1915)
	at org.apache.ratis.util.IOUtils.getFromFuture(IOUtils.java:79)
	... 4 more
2019-08-20 15:30:26,674 [5cf37c60-ab16-4b46-8923-a2be97bd85ed-SegmentedRaftLogWorker:Storage Directory /workdir/hadoop-ozone/integration-test/target/test-dir/MiniOzoneClusterImpl-d3dddc0d-c158-44f0-ad9e-80fc57836fb1/datanode-2/data/ratis/bc1aa628-619d-401d-b51d-fdc4b371a35e] WARN  segmented.SegmentedRaftLogWorker (SegmentedRaftLogWorker.java:getFromFuture(90)) - Timeout 1/~
org.apache.ratis.protocol.TimeoutIOException: Timeout 10s: WriteLog:16: (t:1, i:16), STATEMACHINELOGENTRY, client-FFF4B9D1C5CD, cid=99-writeStateMachineData
	at org.apache.ratis.util.IOUtils.getFromFuture(IOUtils.java:87)
	at org.apache.ratis.server.raftlog.segmented.SegmentedRaftLogWorker$StateMachineDataPolicy.getFromFuture(SegmentedRaftLogWorker.java:87)
	at org.apache.ratis.server.raftlog.segmented.SegmentedRaftLogWorker$WriteLog.execute(SegmentedRaftLogWorker.java:477)
	at org.apache.ratis.server.raftlog.segmented.SegmentedRaftLogWorker.run(SegmentedRaftLogWorker.java:289)
	at java.lang.Thread.run(Thread.java:748)
Caused by: java.util.concurrent.TimeoutException
	at java.util.concurrent.CompletableFuture.timedGet(CompletableFuture.java:1771)
	at java.util.concurrent.CompletableFuture.get(CompletableFuture.java:1915)
	at org.apache.ratis.util.IOUtils.getFromFuture(IOUtils.java:79)
	... 4 more
2019-08-20 15:30:26,684 [java.util.concurrent.ThreadPoolExecutor$Worker@6504a35b[State = -1, empty queue]] WARN  server.GrpcLogAppender (GrpcLogAppender.java:timeoutAppendRequest(200)) - GrpcLogAppender(9bc9fff1-11e1-427b-a164-f7900332836f->2d7c5efc-b074-4fc9-b95b-682c27e862a3): appendEntries Timeout, request=9bc9fff1-11e1-427b-a164-f7900332836f->2d7c5efc-b074-4fc9-b95b-682c27e862a3#117-t1, previous=(t:1, i:16), leaderCommit=15, initializing? false, entries: <empty>
2019-08-20 15:30:26,684 [java.util.concurrent.ThreadPoolExecutor$Worker@7de1fbd4[State = -1, empty queue]] WARN  server.GrpcLogAppender (GrpcLogAppender.java:timeoutAppendRequest(200)) - GrpcLogAppender(9bc9fff1-11e1-427b-a164-f7900332836f->5cf37c60-ab16-4b46-8923-a2be97bd85ed): appendEntries Timeout, request=9bc9fff1-11e1-427b-a164-f7900332836f->5cf37c60-ab16-4b46-8923-a2be97bd85ed#117-t1, previous=(t:1, i:16), leaderCommit=15, initializing? false, entries: <empty>
2019-08-20 15:30:26,861 | INFO  | SCMAudit | user=jenkins1000 | ip=192.168.5.139 | op=SEND_HEARTBEAT {datanodeUUID=5cf37c60-ab16-4b46-8923-a2be97bd85ed, command=[]} | ret=SUCCESS |  
2019-08-20 15:30:26,866 | INFO  | SCMAudit | user=jenkins1000 | ip=192.168.5.139 | op=SEND_HEARTBEAT {datanodeUUID=2d7c5efc-b074-4fc9-b95b-682c27e862a3, command=[]} | ret=SUCCESS |  
2019-08-20 15:30:26,867 [main] INFO  ozoneimpl.OzoneContainer (OzoneContainer.java:stop(214)) - Attempting to stop container services.
2019-08-20 15:30:26,867 [ForkJoinPool.commonPool-worker-1] INFO  ozoneimpl.OzoneContainer (OzoneContainer.java:stop(214)) - Attempting to stop container services.
2019-08-20 15:30:26,868 [main] INFO  impl.RaftServerProxy (RaftServerProxy.java:lambda$close$4(314)) - b8771e3f-612a-4e3a-af1f-a8b98b915a10: close
2019-08-20 15:30:26,868 [ForkJoinPool.commonPool-worker-1] INFO  impl.RaftServerProxy (RaftServerProxy.java:lambda$close$4(314)) - 9bc9fff1-11e1-427b-a164-f7900332836f: close
2019-08-20 15:30:26,868 [main] INFO  impl.RaftServerImpl (RaftServerImpl.java:lambda$shutdown$3(245)) - b8771e3f-612a-4e3a-af1f-a8b98b915a10: shutdown group-305DEA941FDB
2019-08-20 15:30:26,868 [ForkJoinPool.commonPool-worker-1] INFO  impl.RaftServerImpl (RaftServerImpl.java:lambda$shutdown$3(245)) - 9bc9fff1-11e1-427b-a164-f7900332836f: shutdown group-6AB4FC6FEE3F
2019-08-20 15:30:26,869 [main] INFO  util.JmxRegister (JmxRegister.java:unregister(73)) - Successfully un-registered JMX Bean with object name Ratis:service=RaftServer,group=group-305DEA941FDB,id=b8771e3f-612a-4e3a-af1f-a8b98b915a10
2019-08-20 15:30:26,869 [ForkJoinPool.commonPool-worker-1] INFO  util.JmxRegister (JmxRegister.java:unregister(73)) - Successfully un-registered JMX Bean with object name Ratis:service=RaftServer,group=group-6AB4FC6FEE3F,id=9bc9fff1-11e1-427b-a164-f7900332836f
2019-08-20 15:30:26,869 [main] INFO  impl.RoleInfo (RoleInfo.java:shutdownLeaderState(104)) - b8771e3f-612a-4e3a-af1f-a8b98b915a10: shutdown LeaderState
2019-08-20 15:30:26,870 [ForkJoinPool.commonPool-worker-1] INFO  impl.RoleInfo (RoleInfo.java:shutdownLeaderState(104)) - 9bc9fff1-11e1-427b-a164-f7900332836f: shutdown LeaderState
2019-08-20 15:30:26,870 [main] INFO  impl.PendingRequests (PendingRequests.java:sendNotLeaderResponses(202)) - b8771e3f-612a-4e3a-af1f-a8b98b915a10-PendingRequests: sendNotLeaderResponses
2019-08-20 15:30:26,870 [ForkJoinPool.commonPool-worker-1] INFO  impl.PendingRequests (PendingRequests.java:sendNotLeaderResponses(202)) - 9bc9fff1-11e1-427b-a164-f7900332836f-PendingRequests: sendNotLeaderResponses
2019-08-20 15:30:26,871 [main] INFO  impl.StateMachineUpdater (StateMachineUpdater.java:stopAndJoin(115)) - StateMachineUpdater:b8771e3f-612a-4e3a-af1f-a8b98b915a10:group-305DEA941FDB: set stopIndex = 0
2019-08-20 15:30:26,871 [ForkJoinPool.commonPool-worker-1] INFO  impl.StateMachineUpdater (StateMachineUpdater.java:stopAndJoin(115)) - StateMachineUpdater:9bc9fff1-11e1-427b-a164-f7900332836f:group-6AB4FC6FEE3F: set stopIndex = 0
2019-08-20 15:30:26,871 [main] INFO  impl.RaftServerImpl (ServerState.java:close(394)) - b8771e3f-612a-4e3a-af1f-a8b98b915a10:group-305DEA941FDB closes. The last applied log index is 0
2019-08-20 15:30:26,871 [ForkJoinPool.commonPool-worker-1] INFO  impl.RaftServerImpl (ServerState.java:close(394)) - 9bc9fff1-11e1-427b-a164-f7900332836f:group-6AB4FC6FEE3F closes. The last applied log index is 0
2019-08-20 15:30:26,872 [b8771e3f-612a-4e3a-af1f-a8b98b915a10-SegmentedRaftLogWorker:Storage Directory /workdir/hadoop-ozone/integration-test/target/test-dir/MiniOzoneClusterImpl-d3dddc0d-c158-44f0-ad9e-80fc57836fb1/datanode-3/data/ratis/be62afd5-fc5d-48f4-901d-305dea941fdb] INFO  segmented.SegmentedRaftLogWorker (SegmentedRaftLogWorker.java:run(313)) - b8771e3f-612a-4e3a-af1f-a8b98b915a10-SegmentedRaftLogWorker:Storage Directory /workdir/hadoop-ozone/integration-test/target/test-dir/MiniOzoneClusterImpl-d3dddc0d-c158-44f0-ad9e-80fc57836fb1/datanode-3/data/ratis/be62afd5-fc5d-48f4-901d-305dea941fdb was interrupted, exiting. There are 0 tasks remaining in the queue.
2019-08-20 15:30:26,872 [9bc9fff1-11e1-427b-a164-f7900332836f-SegmentedRaftLogWorker:Storage Directory /workdir/hadoop-ozone/integration-test/target/test-dir/MiniOzoneClusterImpl-d3dddc0d-c158-44f0-ad9e-80fc57836fb1/datanode-1/data/ratis/5e6388a2-594a-4f89-9cb7-6ab4fc6fee3f] INFO  segmented.SegmentedRaftLogWorker (SegmentedRaftLogWorker.java:run(313)) - 9bc9fff1-11e1-427b-a164-f7900332836f-SegmentedRaftLogWorker:Storage Directory /workdir/hadoop-ozone/integration-test/target/test-dir/MiniOzoneClusterImpl-d3dddc0d-c158-44f0-ad9e-80fc57836fb1/datanode-1/data/ratis/5e6388a2-594a-4f89-9cb7-6ab4fc6fee3f was interrupted, exiting. There are 0 tasks remaining in the queue.
2019-08-20 15:30:26,874 [main] INFO  segmented.SegmentedRaftLogWorker (SegmentedRaftLogWorker.java:close(228)) - b8771e3f-612a-4e3a-af1f-a8b98b915a10-SegmentedRaftLogWorker:Storage Directory /workdir/hadoop-ozone/integration-test/target/test-dir/MiniOzoneClusterImpl-d3dddc0d-c158-44f0-ad9e-80fc57836fb1/datanode-3/data/ratis/be62afd5-fc5d-48f4-901d-305dea941fdb close()
2019-08-20 15:30:26,876 [ForkJoinPool.commonPool-worker-1] INFO  segmented.SegmentedRaftLogWorker (SegmentedRaftLogWorker.java:close(228)) - 9bc9fff1-11e1-427b-a164-f7900332836f-SegmentedRaftLogWorker:Storage Directory /workdir/hadoop-ozone/integration-test/target/test-dir/MiniOzoneClusterImpl-d3dddc0d-c158-44f0-ad9e-80fc57836fb1/datanode-1/data/ratis/5e6388a2-594a-4f89-9cb7-6ab4fc6fee3f close()
2019-08-20 15:30:26,878 [main] INFO  impl.RaftServerImpl (RaftServerImpl.java:lambda$shutdown$3(245)) - b8771e3f-612a-4e3a-af1f-a8b98b915a10: shutdown group-2583FFA27FA9
2019-08-20 15:30:26,880 [ForkJoinPool.commonPool-worker-1] INFO  impl.RaftServerImpl (RaftServerImpl.java:lambda$shutdown$3(245)) - 9bc9fff1-11e1-427b-a164-f7900332836f: shutdown group-FDC4B371A35E
2019-08-20 15:30:26,880 [main] INFO  util.JmxRegister (JmxRegister.java:unregister(73)) - Successfully un-registered JMX Bean with object name Ratis:service=RaftServer,group=group-2583FFA27FA9,id=b8771e3f-612a-4e3a-af1f-a8b98b915a10
2019-08-20 15:30:26,880 [ForkJoinPool.commonPool-worker-1] INFO  util.JmxRegister (JmxRegister.java:unregister(73)) - Successfully un-registered JMX Bean with object name Ratis:service=RaftServer,group=group-FDC4B371A35E,id=9bc9fff1-11e1-427b-a164-f7900332836f
2019-08-20 15:30:26,881 [main] INFO  impl.RoleInfo (RoleInfo.java:shutdownLeaderState(104)) - b8771e3f-612a-4e3a-af1f-a8b98b915a10: shutdown LeaderState
2019-08-20 15:30:26,881 [ForkJoinPool.commonPool-worker-1] INFO  impl.RoleInfo (RoleInfo.java:shutdownLeaderState(104)) - 9bc9fff1-11e1-427b-a164-f7900332836f: shutdown LeaderState
2019-08-20 15:30:26,884 [org.apache.ratis.server.impl.LogAppender$AppenderDaemon$$Lambda$514/309817215@647d8860] WARN  server.GrpcLogAppender (GrpcLogAppender.java:mayWait(143)) - GrpcLogAppender(b8771e3f-612a-4e3a-af1f-a8b98b915a10->c96ba33e-ed49-489d-8101-2a883ad7391b): Wait interrupted by java.lang.InterruptedException
2019-08-20 15:30:26,887 [org.apache.ratis.server.impl.LogAppender$AppenderDaemon$$Lambda$514/309817215@b1a7e80] WARN  server.GrpcLogAppender (GrpcLogAppender.java:mayWait(143)) - GrpcLogAppender(9bc9fff1-11e1-427b-a164-f7900332836f->5cf37c60-ab16-4b46-8923-a2be97bd85ed): Wait interrupted by java.lang.InterruptedException
2019-08-20 15:30:26,884 [org.apache.ratis.server.impl.LogAppender$AppenderDaemon$$Lambda$514/309817215@217f0a8b] WARN  server.GrpcLogAppender (GrpcLogAppender.java:mayWait(143)) - GrpcLogAppender(b8771e3f-612a-4e3a-af1f-a8b98b915a10->2027f18d-61d0-44de-a18a-8f9fe8580b83): Wait interrupted by java.lang.InterruptedException
2019-08-20 15:30:26,884 [main] INFO  impl.PendingRequests (PendingRequests.java:sendNotLeaderResponses(202)) - b8771e3f-612a-4e3a-af1f-a8b98b915a10-PendingRequests: sendNotLeaderResponses
2019-08-20 15:30:26,888 [grpc-default-executor-2] INFO  server.GrpcServerProtocolService (GrpcServerProtocolService.java:onCompleted(104)) - 5cf37c60-ab16-4b46-8923-a2be97bd85ed: appendEntries completed
2019-08-20 15:30:26,887 [ForkJoinPool.commonPool-worker-1] INFO  impl.PendingRequests (PendingRequests.java:sendNotLeaderResponses(202)) - 9bc9fff1-11e1-427b-a164-f7900332836f-PendingRequests: sendNotLeaderResponses
2019-08-20 15:30:26,887 [org.apache.ratis.server.impl.LogAppender$AppenderDaemon$$Lambda$514/309817215@4e18e187] WARN  server.GrpcLogAppender (GrpcLogAppender.java:mayWait(143)) - GrpcLogAppender(9bc9fff1-11e1-427b-a164-f7900332836f->2d7c5efc-b074-4fc9-b95b-682c27e862a3): Wait interrupted by java.lang.InterruptedException
2019-08-20 15:30:26,891 [main] INFO  impl.StateMachineUpdater (StateMachineUpdater.java:stopAndJoin(115)) - StateMachineUpdater:b8771e3f-612a-4e3a-af1f-a8b98b915a10:group-2583FFA27FA9: set stopIndex = 4
2019-08-20 15:30:26,895 [StateMachineUpdater:9bc9fff1-11e1-427b-a164-f7900332836f:group-FDC4B371A35E] INFO  ratis.ContainerStateMachine (ContainerStateMachine.java:takeSnapshot(271)) - group-FDC4B371A35E: Taking a snapshot at:(t:1, i:13) file /workdir/hadoop-ozone/integration-test/target/test-dir/MiniOzoneClusterImpl-d3dddc0d-c158-44f0-ad9e-80fc57836fb1/datanode-1/data/ratis/bc1aa628-619d-401d-b51d-fdc4b371a35e/sm/snapshot.1_13
2019-08-20 15:30:26,895 [grpc-default-executor-3] INFO  server.GrpcServerProtocolService (GrpcServerProtocolService.java:onCompleted(104)) - 2d7c5efc-b074-4fc9-b95b-682c27e862a3: appendEntries completed
2019-08-20 15:30:26,895 [StateMachineUpdater:b8771e3f-612a-4e3a-af1f-a8b98b915a10:group-2583FFA27FA9] INFO  ratis.ContainerStateMachine (ContainerStateMachine.java:takeSnapshot(271)) - group-2583FFA27FA9: Taking a snapshot at:(t:2, i:4) file /workdir/hadoop-ozone/integration-test/target/test-dir/MiniOzoneClusterImpl-d3dddc0d-c158-44f0-ad9e-80fc57836fb1/datanode-3/data/ratis/3afb2716-99fd-4bf6-ba03-2583ffa27fa9/sm/snapshot.2_4
2019-08-20 15:30:26,895 [ForkJoinPool.commonPool-worker-1] INFO  impl.StateMachineUpdater (StateMachineUpdater.java:stopAndJoin(115)) - StateMachineUpdater:9bc9fff1-11e1-427b-a164-f7900332836f:group-FDC4B371A35E: set stopIndex = 15
2019-08-20 15:30:26,893 [grpc-default-executor-2] INFO  server.GrpcLogAppender (GrpcLogAppender.java:onCompleted(292)) - 9bc9fff1-11e1-427b-a164-f7900332836f->5cf37c60-ab16-4b46-8923-a2be97bd85ed: follower responses appendEntries COMPLETED
2019-08-20 15:30:26,895 [grpc-default-executor-3] INFO  server.GrpcLogAppender (GrpcLogAppender.java:onCompleted(292)) - 9bc9fff1-11e1-427b-a164-f7900332836f->2d7c5efc-b074-4fc9-b95b-682c27e862a3: follower responses appendEntries COMPLETED
2019-08-20 15:30:26,896 [grpc-default-executor-2] INFO  impl.FollowerInfo (FollowerInfo.java:lambda$new$0(50)) - 9bc9fff1-11e1-427b-a164-f7900332836f->5cf37c60-ab16-4b46-8923-a2be97bd85ed: nextIndex: updateUnconditionally 17 -> 16
2019-08-20 15:30:26,896 [grpc-default-executor-3] INFO  impl.FollowerInfo (FollowerInfo.java:lambda$new$0(50)) - 9bc9fff1-11e1-427b-a164-f7900332836f->2d7c5efc-b074-4fc9-b95b-682c27e862a3: nextIndex: updateUnconditionally 17 -> 16
2019-08-20 15:30:27,862 | INFO  | SCMAudit | user=jenkins1000 | ip=192.168.5.139 | op=SEND_HEARTBEAT {datanodeUUID=5cf37c60-ab16-4b46-8923-a2be97bd85ed, command=[]} | ret=SUCCESS |  
2019-08-20 15:30:27,865 | INFO  | SCMAudit | user=jenkins1000 | ip=192.168.5.139 | op=SEND_HEARTBEAT {datanodeUUID=2d7c5efc-b074-4fc9-b95b-682c27e862a3, command=[]} | ret=SUCCESS |  
2019-08-20 15:30:28,571 [StateMachineUpdater:b8771e3f-612a-4e3a-af1f-a8b98b915a10:group-2583FFA27FA9] INFO  ratis.ContainerStateMachine (ContainerStateMachine.java:takeSnapshot(282)) - group-2583FFA27FA9: Finished taking a snapshot at:(t:2, i:4) file:/workdir/hadoop-ozone/integration-test/target/test-dir/MiniOzoneClusterImpl-d3dddc0d-c158-44f0-ad9e-80fc57836fb1/datanode-3/data/ratis/3afb2716-99fd-4bf6-ba03-2583ffa27fa9/sm/snapshot.2_4 time:1680
2019-08-20 15:30:28,572 [StateMachineUpdater:b8771e3f-612a-4e3a-af1f-a8b98b915a10:group-2583FFA27FA9] INFO  impl.StateMachineUpdater (StateMachineUpdater.java:takeSnapshot(242)) - StateMachineUpdater:b8771e3f-612a-4e3a-af1f-a8b98b915a10:group-2583FFA27FA9: Took a snapshot at index 4
2019-08-20 15:30:28,572 [StateMachineUpdater:b8771e3f-612a-4e3a-af1f-a8b98b915a10:group-2583FFA27FA9] INFO  impl.StateMachineUpdater (StateMachineUpdater.java:lambda$new$0(80)) - StateMachineUpdater:b8771e3f-612a-4e3a-af1f-a8b98b915a10:group-2583FFA27FA9: snapshotIndex: updateIncreasingly -1 -> 4
2019-08-20 15:30:28,573 [main] INFO  impl.RaftServerImpl (ServerState.java:close(394)) - b8771e3f-612a-4e3a-af1f-a8b98b915a10:group-2583FFA27FA9 closes. The last applied log index is 4
2019-08-20 15:30:28,573 [StateMachineUpdater:9bc9fff1-11e1-427b-a164-f7900332836f:group-FDC4B371A35E] INFO  ratis.ContainerStateMachine (ContainerStateMachine.java:takeSnapshot(282)) - group-FDC4B371A35E: Finished taking a snapshot at:(t:1, i:13) file:/workdir/hadoop-ozone/integration-test/target/test-dir/MiniOzoneClusterImpl-d3dddc0d-c158-44f0-ad9e-80fc57836fb1/datanode-1/data/ratis/bc1aa628-619d-401d-b51d-fdc4b371a35e/sm/snapshot.1_13 time:1677
2019-08-20 15:30:28,573 [StateMachineUpdater:9bc9fff1-11e1-427b-a164-f7900332836f:group-FDC4B371A35E] INFO  impl.StateMachineUpdater (StateMachineUpdater.java:takeSnapshot(242)) - StateMachineUpdater:9bc9fff1-11e1-427b-a164-f7900332836f:group-FDC4B371A35E: Took a snapshot at index 13
2019-08-20 15:30:28,573 [b8771e3f-612a-4e3a-af1f-a8b98b915a10-SegmentedRaftLogWorker:Storage Directory /workdir/hadoop-ozone/integration-test/target/test-dir/MiniOzoneClusterImpl-d3dddc0d-c158-44f0-ad9e-80fc57836fb1/datanode-3/data/ratis/3afb2716-99fd-4bf6-ba03-2583ffa27fa9] INFO  segmented.SegmentedRaftLogWorker (SegmentedRaftLogWorker.java:run(313)) - b8771e3f-612a-4e3a-af1f-a8b98b915a10-SegmentedRaftLogWorker:Storage Directory /workdir/hadoop-ozone/integration-test/target/test-dir/MiniOzoneClusterImpl-d3dddc0d-c158-44f0-ad9e-80fc57836fb1/datanode-3/data/ratis/3afb2716-99fd-4bf6-ba03-2583ffa27fa9 was interrupted, exiting. There are 0 tasks remaining in the queue.
2019-08-20 15:30:28,574 [StateMachineUpdater:9bc9fff1-11e1-427b-a164-f7900332836f:group-FDC4B371A35E] INFO  impl.StateMachineUpdater (StateMachineUpdater.java:lambda$new$0(80)) - StateMachineUpdater:9bc9fff1-11e1-427b-a164-f7900332836f:group-FDC4B371A35E: snapshotIndex: updateIncreasingly -1 -> 13
2019-08-20 15:30:28,577 [ForkJoinPool.commonPool-worker-1] INFO  impl.RaftServerImpl (ServerState.java:close(394)) - 9bc9fff1-11e1-427b-a164-f7900332836f:group-FDC4B371A35E closes. The last applied log index is 15
2019-08-20 15:30:28,587 [main] INFO  segmented.SegmentedRaftLogWorker (SegmentedRaftLogWorker.java:close(228)) - b8771e3f-612a-4e3a-af1f-a8b98b915a10-SegmentedRaftLogWorker:Storage Directory /workdir/hadoop-ozone/integration-test/target/test-dir/MiniOzoneClusterImpl-d3dddc0d-c158-44f0-ad9e-80fc57836fb1/datanode-3/data/ratis/3afb2716-99fd-4bf6-ba03-2583ffa27fa9 close()
2019-08-20 15:30:28,590 [main] INFO  server.GrpcService (GrpcService.java:closeImpl(155)) - b8771e3f-612a-4e3a-af1f-a8b98b915a10: shutdown server with port 33664 now
2019-08-20 15:30:28,591 [main] INFO  server.GrpcService (GrpcService.java:closeImpl(163)) - b8771e3f-612a-4e3a-af1f-a8b98b915a10: shutdown server with port 33664 successfully
2019-08-20 15:30:28,595 [main] INFO  utils.BackgroundService (BackgroundService.java:shutdown(148)) - Shutting down service BlockDeletingService
2019-08-20 15:30:28,599 [refreshUsed-/workdir/hadoop-ozone/integration-test/target/test-dir/MiniOzoneClusterImpl-d3dddc0d-c158-44f0-ad9e-80fc57836fb1/datanode-3/data/containers] WARN  fs.CachingGetSpaceUsed (CachingGetSpaceUsed.java:run(183)) - Thread Interrupted waiting to refresh disk information: sleep interrupted
2019-08-20 15:30:28,607 [9bc9fff1-11e1-427b-a164-f7900332836f-SegmentedRaftLogWorker:Storage Directory /workdir/hadoop-ozone/integration-test/target/test-dir/MiniOzoneClusterImpl-d3dddc0d-c158-44f0-ad9e-80fc57836fb1/datanode-1/data/ratis/bc1aa628-619d-401d-b51d-fdc4b371a35e] ERROR ratis.XceiverServerRatis (XceiverServerRatis.java:triggerPipelineClose(561)) - pipeline Action CLOSE  on pipeline PipelineID=bc1aa628-619d-401d-b51d-fdc4b371a35e.Reason : WriteLog:16: (t:1, i:16), STATEMACHINELOGENTRY, client-FFF4B9D1C5CD, cid=99-writeStateMachineData interrupted.
2019-08-20 15:30:28,610 [ForkJoinPool.commonPool-worker-1] INFO  segmented.SegmentedRaftLogWorker (SegmentedRaftLogWorker.java:close(228)) - 9bc9fff1-11e1-427b-a164-f7900332836f-SegmentedRaftLogWorker:Storage Directory /workdir/hadoop-ozone/integration-test/target/test-dir/MiniOzoneClusterImpl-d3dddc0d-c158-44f0-ad9e-80fc57836fb1/datanode-1/data/ratis/bc1aa628-619d-401d-b51d-fdc4b371a35e close()
2019-08-20 15:30:28,612 [ForkJoinPool.commonPool-worker-1] INFO  server.GrpcService (GrpcService.java:closeImpl(155)) - 9bc9fff1-11e1-427b-a164-f7900332836f: shutdown server with port 38309 now
2019-08-20 15:30:28,613 [ForkJoinPool.commonPool-worker-1] INFO  server.GrpcService (GrpcService.java:closeImpl(163)) - 9bc9fff1-11e1-427b-a164-f7900332836f: shutdown server with port 38309 successfully
2019-08-20 15:30:28,614 [ForkJoinPool.commonPool-worker-1] INFO  utils.BackgroundService (BackgroundService.java:shutdown(148)) - Shutting down service BlockDeletingService
2019-08-20 15:30:28,618 [refreshUsed-/workdir/hadoop-ozone/integration-test/target/test-dir/MiniOzoneClusterImpl-d3dddc0d-c158-44f0-ad9e-80fc57836fb1/datanode-1/data/containers] WARN  fs.CachingGetSpaceUsed (CachingGetSpaceUsed.java:run(183)) - Thread Interrupted waiting to refresh disk information: sleep interrupted
2019-08-20 15:30:28,630 [main] INFO  statemachine.DatanodeStateMachine (DatanodeStateMachine.java:stopDaemon(395)) - Ozone container server stopped.
2019-08-20 15:30:28,631 [main] INFO  handler.ContextHandler (ContextHandler.java:doStop(910)) - Stopped o.e.j.w.WebAppContext@86bf90b{/,null,UNAVAILABLE}{/hddsDatanode}
2019-08-20 15:30:28,632 [main] INFO  server.AbstractConnector (AbstractConnector.java:doStop(318)) - Stopped ServerConnector@5c13af01{HTTP/1.1,[http/1.1]}{0.0.0.0:0}
2019-08-20 15:30:28,633 [main] INFO  handler.ContextHandler (ContextHandler.java:doStop(910)) - Stopped o.e.j.s.ServletContextHandler@106802ea{/static,jar:file:/home/user/.m2/repository/org/apache/hadoop/hadoop-hdds-container-service/0.5.0-SNAPSHOT/hadoop-hdds-container-service-0.5.0-SNAPSHOT.jar!/webapps/static,UNAVAILABLE}
2019-08-20 15:30:28,634 [main] INFO  handler.ContextHandler (ContextHandler.java:doStop(910)) - Stopped o.e.j.s.ServletContextHandler@6d5508a5{/logs,file:///workdir/hadoop-ozone/integration-test/target/log,UNAVAILABLE}
2019-08-20 15:30:28,635 [main] INFO  datanode.ObjectStoreHandler (ObjectStoreHandler.java:close(155)) - Closing ObjectStoreHandler.
2019-08-20 15:30:28,636 [main] INFO  ozone.HddsDatanodeService (HddsDatanodeService.java:stop(451)) - Stopped plug-in org.apache.hadoop.ozone.web.OzoneHddsDatanodeService@4ff074a0
2019-08-20 15:30:28,641 [ForkJoinPool.commonPool-worker-1] INFO  statemachine.DatanodeStateMachine (DatanodeStateMachine.java:stopDaemon(395)) - Ozone container server stopped.
2019-08-20 15:30:28,645 [ForkJoinPool.commonPool-worker-1] INFO  handler.ContextHandler (ContextHandler.java:doStop(910)) - Stopped o.e.j.w.WebAppContext@5d0e703a{/,null,UNAVAILABLE}{/hddsDatanode}
2019-08-20 15:30:28,646 [ForkJoinPool.commonPool-worker-1] INFO  server.AbstractConnector (AbstractConnector.java:doStop(318)) - Stopped ServerConnector@7f77e065{HTTP/1.1,[http/1.1]}{0.0.0.0:0}
2019-08-20 15:30:28,647 [ForkJoinPool.commonPool-worker-1] INFO  handler.ContextHandler (ContextHandler.java:doStop(910)) - Stopped o.e.j.s.ServletContextHandler@49fe0bcd{/static,jar:file:/home/user/.m2/repository/org/apache/hadoop/hadoop-hdds-container-service/0.5.0-SNAPSHOT/hadoop-hdds-container-service-0.5.0-SNAPSHOT.jar!/webapps/static,UNAVAILABLE}
2019-08-20 15:30:28,648 [ForkJoinPool.commonPool-worker-1] INFO  handler.ContextHandler (ContextHandler.java:doStop(910)) - Stopped o.e.j.s.ServletContextHandler@42238078{/logs,file:///workdir/hadoop-ozone/integration-test/target/log,UNAVAILABLE}
2019-08-20 15:30:28,649 [ForkJoinPool.commonPool-worker-1] INFO  datanode.ObjectStoreHandler (ObjectStoreHandler.java:close(155)) - Closing ObjectStoreHandler.
2019-08-20 15:30:28,650 [ForkJoinPool.commonPool-worker-1] INFO  ozone.HddsDatanodeService (HddsDatanodeService.java:stop(451)) - Stopped plug-in org.apache.hadoop.ozone.web.OzoneHddsDatanodeService@57afe44b
2019-08-20 15:30:28,659 [Datanode State Machine Thread - 0] INFO  statemachine.DatanodeStateMachine (DatanodeStateMachine.java:lambda$startDaemon$0(350)) - Ozone container server started.
2019-08-20 15:30:28,659 [Datanode State Machine Thread - 0] INFO  statemachine.DatanodeStateMachine (DatanodeStateMachine.java:lambda$startDaemon$0(350)) - Ozone container server started.
2019-08-20 15:30:28,664 | INFO  | DNAudit | user=null | ip=null | op=WRITE_CHUNK {blockData=conID: 3 locID: 102650020274438154 bcsId: 0} | ret=SUCCESS |  
2019-08-20 15:30:28,664 | INFO  | DNAudit | user=null | ip=null | op=WRITE_CHUNK {blockData=conID: 3 locID: 102650020274438154 bcsId: 0} | ret=SUCCESS |  
2019-08-20 15:30:28,665 | INFO  | DNAudit | user=null | ip=null | op=WRITE_CHUNK {blockData=conID: 3 locID: 102650020274438154 bcsId: 0} | ret=SUCCESS |  
2019-08-20 15:30:30,407 [Thread-1539] INFO  impl.FollowerState (FollowerState.java:run(106)) - 2d7c5efc-b074-4fc9-b95b-682c27e862a3:group-FDC4B371A35E changes to CANDIDATE, lastRpcTime:1732, electionTimeout:1140ms
2019-08-20 15:30:30,408 [Thread-1539] INFO  impl.RoleInfo (RoleInfo.java:shutdownFollowerState(121)) - 2d7c5efc-b074-4fc9-b95b-682c27e862a3: shutdown FollowerState
2019-08-20 15:30:30,408 [Thread-1539] INFO  impl.RaftServerImpl (RaftServerImpl.java:setRole(171)) - 2d7c5efc-b074-4fc9-b95b-682c27e862a3:group-FDC4B371A35E changes role from FOLLOWER to CANDIDATE at term 1 for changeToCandidate
2019-08-20 15:30:30,408 [Thread-1539] INFO  impl.RoleInfo (RoleInfo.java:updateAndGet(143)) - 2d7c5efc-b074-4fc9-b95b-682c27e862a3: start LeaderElection
2019-08-20 15:30:30,408 [2d7c5efc-b074-4fc9-b95b-682c27e862a3:group-FDC4B371A35E:LeaderElection40] INFO  impl.RaftServerImpl (ServerState.java:setLeader(263)) - 2d7c5efc-b074-4fc9-b95b-682c27e862a3:group-FDC4B371A35E change Leader from 9bc9fff1-11e1-427b-a164-f7900332836f to null at term 1 for initElection
2019-08-20 15:30:30,416 [2d7c5efc-b074-4fc9-b95b-682c27e862a3:group-FDC4B371A35E:LeaderElection40] INFO  impl.LeaderElection (LeaderElection.java:askForVotes(181)) - 2d7c5efc-b074-4fc9-b95b-682c27e862a3:group-FDC4B371A35E:LeaderElection40: begin an election at term 2 for 0: [5cf37c60-ab16-4b46-8923-a2be97bd85ed:192.168.5.139:37767, 2d7c5efc-b074-4fc9-b95b-682c27e862a3:192.168.5.139:35694, 9bc9fff1-11e1-427b-a164-f7900332836f:192.168.5.139:38309], old=null
2019-08-20 15:30:30,418 [2d7c5efc-b074-4fc9-b95b-682c27e862a3:group-FDC4B371A35E:LeaderElection40] INFO  impl.LeaderElection (LogUtils.java:infoOrTrace(149)) - 2d7c5efc-b074-4fc9-b95b-682c27e862a3:group-FDC4B371A35E:LeaderElection40 got exception when requesting votes: {}
java.util.concurrent.ExecutionException: org.apache.ratis.thirdparty.io.grpc.StatusRuntimeException: UNAVAILABLE: io exception
	at java.util.concurrent.FutureTask.report(FutureTask.java:122)
	at java.util.concurrent.FutureTask.get(FutureTask.java:192)
	at org.apache.ratis.server.impl.LeaderElection.waitForResults(LeaderElection.java:262)
	at org.apache.ratis.server.impl.LeaderElection.askForVotes(LeaderElection.java:200)
	at org.apache.ratis.server.impl.LeaderElection.run(LeaderElection.java:130)
	at java.lang.Thread.run(Thread.java:748)
Caused by: org.apache.ratis.thirdparty.io.grpc.StatusRuntimeException: UNAVAILABLE: io exception
	at org.apache.ratis.thirdparty.io.grpc.stub.ClientCalls.toStatusRuntimeException(ClientCalls.java:233)
	at org.apache.ratis.thirdparty.io.grpc.stub.ClientCalls.getUnchecked(ClientCalls.java:214)
	at org.apache.ratis.thirdparty.io.grpc.stub.ClientCalls.blockingUnaryCall(ClientCalls.java:139)
	at org.apache.ratis.proto.grpc.RaftServerProtocolServiceGrpc$RaftServerProtocolServiceBlockingStub.requestVote(RaftServerProtocolServiceGrpc.java:265)
	at org.apache.ratis.grpc.server.GrpcServerProtocolClient.requestVote(GrpcServerProtocolClient.java:83)
	at org.apache.ratis.grpc.server.GrpcService.requestVote(GrpcService.java:195)
	at org.apache.ratis.server.impl.LeaderElection.lambda$submitRequests$1(LeaderElection.java:237)
	at java.util.concurrent.FutureTask.run(FutureTask.java:266)
	at java.util.concurrent.Executors$RunnableAdapter.call(Executors.java:511)
	at java.util.concurrent.FutureTask.run(FutureTask.java:266)
	at java.util.concurrent.ThreadPoolExecutor.runWorker(ThreadPoolExecutor.java:1149)
	at java.util.concurrent.ThreadPoolExecutor$Worker.run(ThreadPoolExecutor.java:624)
	... 1 more
Caused by: org.apache.ratis.thirdparty.io.netty.channel.AbstractChannel$AnnotatedConnectException: Connection refused: /192.168.5.139:38309
	at sun.nio.ch.SocketChannelImpl.checkConnect(Native Method)
	at sun.nio.ch.SocketChannelImpl.finishConnect(SocketChannelImpl.java:717)
	at org.apache.ratis.thirdparty.io.netty.channel.socket.nio.NioSocketChannel.doFinishConnect(NioSocketChannel.java:327)
	at org.apache.ratis.thirdparty.io.netty.channel.nio.AbstractNioChannel$AbstractNioUnsafe.finishConnect(AbstractNioChannel.java:340)
	at org.apache.ratis.thirdparty.io.netty.channel.nio.NioEventLoop.processSelectedKey(NioEventLoop.java:632)
	at org.apache.ratis.thirdparty.io.netty.channel.nio.NioEventLoop.processSelectedKeysOptimized(NioEventLoop.java:579)
	at org.apache.ratis.thirdparty.io.netty.channel.nio.NioEventLoop.processSelectedKeys(NioEventLoop.java:496)
	at org.apache.ratis.thirdparty.io.netty.channel.nio.NioEventLoop.run(NioEventLoop.java:458)
	at org.apache.ratis.thirdparty.io.netty.util.concurrent.SingleThreadEventExecutor$5.run(SingleThreadEventExecutor.java:897)
	at org.apache.ratis.thirdparty.io.netty.util.concurrent.FastThreadLocalRunnable.run(FastThreadLocalRunnable.java:30)
	... 1 more
Caused by: java.net.ConnectException: Connection refused
	... 11 more
2019-08-20 15:30:30,421 [grpc-default-executor-2] INFO  impl.RaftServerImpl (ServerState.java:setLeader(263)) - 5cf37c60-ab16-4b46-8923-a2be97bd85ed:group-FDC4B371A35E change Leader from 9bc9fff1-11e1-427b-a164-f7900332836f to null at term 2 for updateCurrentTerm
2019-08-20 15:30:30,421 [grpc-default-executor-2] INFO  impl.RaftServerImpl (RaftServerImpl.java:setRole(171)) - 5cf37c60-ab16-4b46-8923-a2be97bd85ed:group-FDC4B371A35E changes role from FOLLOWER to FOLLOWER at term 2 for recognizeCandidate:2d7c5efc-b074-4fc9-b95b-682c27e862a3
2019-08-20 15:30:30,421 [grpc-default-executor-2] INFO  impl.RoleInfo (RoleInfo.java:shutdownFollowerState(121)) - 5cf37c60-ab16-4b46-8923-a2be97bd85ed: shutdown FollowerState
2019-08-20 15:30:30,421 [grpc-default-executor-2] INFO  impl.RoleInfo (RoleInfo.java:updateAndGet(143)) - 5cf37c60-ab16-4b46-8923-a2be97bd85ed: start FollowerState
2019-08-20 15:30:30,421 [Thread-1540] INFO  impl.FollowerState (FollowerState.java:run(114)) - 5cf37c60-ab16-4b46-8923-a2be97bd85ed: FollowerState was interrupted: java.lang.InterruptedException: sleep interrupted
2019-08-20 15:30:30,436 [2d7c5efc-b074-4fc9-b95b-682c27e862a3:group-FDC4B371A35E:LeaderElection40] INFO  impl.LeaderElection (LeaderElection.java:logAndReturn(56)) - 2d7c5efc-b074-4fc9-b95b-682c27e862a3:group-FDC4B371A35E:LeaderElection40: Election PASSED; received 1 response(s) [2d7c5efc-b074-4fc9-b95b-682c27e862a3<-5cf37c60-ab16-4b46-8923-a2be97bd85ed#0:OK-t2] and 1 exception(s); 2d7c5efc-b074-4fc9-b95b-682c27e862a3:t2, leader=null, voted=2d7c5efc-b074-4fc9-b95b-682c27e862a3, raftlog=2d7c5efc-b074-4fc9-b95b-682c27e862a3-SegmentedRaftLog:OPENED:c15,f16,i16, conf=0: [5cf37c60-ab16-4b46-8923-a2be97bd85ed:192.168.5.139:37767, 2d7c5efc-b074-4fc9-b95b-682c27e862a3:192.168.5.139:35694, 9bc9fff1-11e1-427b-a164-f7900332836f:192.168.5.139:38309], old=null
2019-08-20 15:30:30,437 [2d7c5efc-b074-4fc9-b95b-682c27e862a3:group-FDC4B371A35E:LeaderElection40] INFO  impl.LeaderElection (LogUtils.java:infoOrTrace(149)) -   Exception 0: {}
java.util.concurrent.ExecutionException: org.apache.ratis.thirdparty.io.grpc.StatusRuntimeException: UNAVAILABLE: io exception
	at java.util.concurrent.FutureTask.report(FutureTask.java:122)
	at java.util.concurrent.FutureTask.get(FutureTask.java:192)
	at org.apache.ratis.server.impl.LeaderElection.waitForResults(LeaderElection.java:262)
	at org.apache.ratis.server.impl.LeaderElection.askForVotes(LeaderElection.java:200)
	at org.apache.ratis.server.impl.LeaderElection.run(LeaderElection.java:130)
	at java.lang.Thread.run(Thread.java:748)
Caused by: org.apache.ratis.thirdparty.io.grpc.StatusRuntimeException: UNAVAILABLE: io exception
	at org.apache.ratis.thirdparty.io.grpc.stub.ClientCalls.toStatusRuntimeException(ClientCalls.java:233)
	at org.apache.ratis.thirdparty.io.grpc.stub.ClientCalls.getUnchecked(ClientCalls.java:214)
	at org.apache.ratis.thirdparty.io.grpc.stub.ClientCalls.blockingUnaryCall(ClientCalls.java:139)
	at org.apache.ratis.proto.grpc.RaftServerProtocolServiceGrpc$RaftServerProtocolServiceBlockingStub.requestVote(RaftServerProtocolServiceGrpc.java:265)
	at org.apache.ratis.grpc.server.GrpcServerProtocolClient.requestVote(GrpcServerProtocolClient.java:83)
	at org.apache.ratis.grpc.server.GrpcService.requestVote(GrpcService.java:195)
	at org.apache.ratis.server.impl.LeaderElection.lambda$submitRequests$1(LeaderElection.java:237)
	at java.util.concurrent.FutureTask.run(FutureTask.java:266)
	at java.util.concurrent.Executors$RunnableAdapter.call(Executors.java:511)
	at java.util.concurrent.FutureTask.run(FutureTask.java:266)
	at java.util.concurrent.ThreadPoolExecutor.runWorker(ThreadPoolExecutor.java:1149)
	at java.util.concurrent.ThreadPoolExecutor$Worker.run(ThreadPoolExecutor.java:624)
	... 1 more
Caused by: org.apache.ratis.thirdparty.io.netty.channel.AbstractChannel$AnnotatedConnectException: Connection refused: /192.168.5.139:38309
	at sun.nio.ch.SocketChannelImpl.checkConnect(Native Method)
	at sun.nio.ch.SocketChannelImpl.finishConnect(SocketChannelImpl.java:717)
	at org.apache.ratis.thirdparty.io.netty.channel.socket.nio.NioSocketChannel.doFinishConnect(NioSocketChannel.java:327)
	at org.apache.ratis.thirdparty.io.netty.channel.nio.AbstractNioChannel$AbstractNioUnsafe.finishConnect(AbstractNioChannel.java:340)
	at org.apache.ratis.thirdparty.io.netty.channel.nio.NioEventLoop.processSelectedKey(NioEventLoop.java:632)
	at org.apache.ratis.thirdparty.io.netty.channel.nio.NioEventLoop.processSelectedKeysOptimized(NioEventLoop.java:579)
	at org.apache.ratis.thirdparty.io.netty.channel.nio.NioEventLoop.processSelectedKeys(NioEventLoop.java:496)
	at org.apache.ratis.thirdparty.io.netty.channel.nio.NioEventLoop.run(NioEventLoop.java:458)
	at org.apache.ratis.thirdparty.io.netty.util.concurrent.SingleThreadEventExecutor$5.run(SingleThreadEventExecutor.java:897)
	at org.apache.ratis.thirdparty.io.netty.util.concurrent.FastThreadLocalRunnable.run(FastThreadLocalRunnable.java:30)
	... 1 more
Caused by: java.net.ConnectException: Connection refused
	... 11 more
2019-08-20 15:30:30,437 [2d7c5efc-b074-4fc9-b95b-682c27e862a3:group-FDC4B371A35E:LeaderElection40] INFO  impl.RoleInfo (RoleInfo.java:shutdownLeaderElection(134)) - 2d7c5efc-b074-4fc9-b95b-682c27e862a3: shutdown LeaderElection
2019-08-20 15:30:30,437 [2d7c5efc-b074-4fc9-b95b-682c27e862a3:group-FDC4B371A35E:LeaderElection40] INFO  impl.RaftServerImpl (RaftServerImpl.java:setRole(171)) - 2d7c5efc-b074-4fc9-b95b-682c27e862a3:group-FDC4B371A35E changes role from CANDIDATE to LEADER at term 2 for changeToLeader
2019-08-20 15:30:30,437 [2d7c5efc-b074-4fc9-b95b-682c27e862a3:group-FDC4B371A35E:LeaderElection40] INFO  impl.RaftServerImpl (ServerState.java:setLeader(263)) - 2d7c5efc-b074-4fc9-b95b-682c27e862a3:group-FDC4B371A35E change Leader from null to 2d7c5efc-b074-4fc9-b95b-682c27e862a3 at term 2 for becomeLeader, leader elected after 28ms
2019-08-20 15:30:30,437 [2d7c5efc-b074-4fc9-b95b-682c27e862a3:group-FDC4B371A35E:LeaderElection40] INFO  server.RaftServerConfigKeys (ConfUtils.java:logGet(43)) - raft.server.staging.catchup.gap = 1000 (default)
2019-08-20 15:30:30,438 [2d7c5efc-b074-4fc9-b95b-682c27e862a3:group-FDC4B371A35E:LeaderElection40] INFO  server.RaftServerConfigKeys (ConfUtils.java:logGet(43)) - raft.server.rpc.sleep.time = 25ms (default)
2019-08-20 15:30:30,438 [2d7c5efc-b074-4fc9-b95b-682c27e862a3:group-FDC4B371A35E:LeaderElection40] INFO  server.RaftServerConfigKeys (ConfUtils.java:logGet(43)) - raft.server.write.element-limit = 4096 (default)
2019-08-20 15:30:30,438 [2d7c5efc-b074-4fc9-b95b-682c27e862a3:group-FDC4B371A35E:LeaderElection40] INFO  server.RaftServerConfigKeys (ConfUtils.java:logGet(43)) - raft.server.watch.timeout = 10s (default)
2019-08-20 15:30:30,438 [2d7c5efc-b074-4fc9-b95b-682c27e862a3:group-FDC4B371A35E:LeaderElection40] INFO  server.RaftServerConfigKeys (ConfUtils.java:logGet(43)) - raft.server.watch.timeout.denomination = 1s (default)
2019-08-20 15:30:30,438 [2d7c5efc-b074-4fc9-b95b-682c27e862a3:group-FDC4B371A35E:LeaderElection40] INFO  server.RaftServerConfigKeys (ConfUtils.java:logGet(43)) - raft.server.watch.element-limit = 65536 (default)
2019-08-20 15:30:30,438 [2d7c5efc-b074-4fc9-b95b-682c27e862a3:group-FDC4B371A35E:LeaderElection40] INFO  server.RaftServerConfigKeys (ConfUtils.java:logGet(43)) - raft.server.log.appender.snapshot.chunk.size.max = 16MB (=16777216) (default)
2019-08-20 15:30:30,438 [2d7c5efc-b074-4fc9-b95b-682c27e862a3:group-FDC4B371A35E:LeaderElection40] INFO  server.RaftServerConfigKeys (ConfUtils.java:logGet(43)) - raft.server.log.appender.buffer.byte-limit = 33554432 (custom)
2019-08-20 15:30:30,438 [2d7c5efc-b074-4fc9-b95b-682c27e862a3:group-FDC4B371A35E:LeaderElection40] INFO  server.RaftServerConfigKeys (ConfUtils.java:logGet(43)) - raft.server.log.appender.buffer.element-limit = 1 (custom)
2019-08-20 15:30:30,439 [2d7c5efc-b074-4fc9-b95b-682c27e862a3:group-FDC4B371A35E:LeaderElection40] INFO  grpc.GrpcConfigKeys$Server (ConfUtils.java:logGet(43)) - raft.grpc.server.leader.outstanding.appends.max = 128 (default)
2019-08-20 15:30:30,439 [2d7c5efc-b074-4fc9-b95b-682c27e862a3:group-FDC4B371A35E:LeaderElection40] INFO  server.RaftServerConfigKeys (ConfUtils.java:logGet(43)) - raft.server.rpc.request.timeout = 3000ms (default)
2019-08-20 15:30:30,439 [2d7c5efc-b074-4fc9-b95b-682c27e862a3:group-FDC4B371A35E:LeaderElection40] INFO  server.RaftServerConfigKeys (ConfUtils.java:logGet(43)) - raft.server.log.appender.install.snapshot.enabled = false (custom)
2019-08-20 15:30:30,439 [2d7c5efc-b074-4fc9-b95b-682c27e862a3:group-FDC4B371A35E:LeaderElection40] INFO  server.RaftServerConfigKeys (ConfUtils.java:logGet(43)) - raft.server.log.appender.snapshot.chunk.size.max = 16MB (=16777216) (default)
2019-08-20 15:30:30,439 [2d7c5efc-b074-4fc9-b95b-682c27e862a3:group-FDC4B371A35E:LeaderElection40] INFO  server.RaftServerConfigKeys (ConfUtils.java:logGet(43)) - raft.server.log.appender.buffer.byte-limit = 33554432 (custom)
2019-08-20 15:30:30,439 [2d7c5efc-b074-4fc9-b95b-682c27e862a3:group-FDC4B371A35E:LeaderElection40] INFO  server.RaftServerConfigKeys (ConfUtils.java:logGet(43)) - raft.server.log.appender.buffer.element-limit = 1 (custom)
2019-08-20 15:30:30,439 [2d7c5efc-b074-4fc9-b95b-682c27e862a3:group-FDC4B371A35E:LeaderElection40] INFO  grpc.GrpcConfigKeys$Server (ConfUtils.java:logGet(43)) - raft.grpc.server.leader.outstanding.appends.max = 128 (default)
2019-08-20 15:30:30,440 [2d7c5efc-b074-4fc9-b95b-682c27e862a3:group-FDC4B371A35E:LeaderElection40] INFO  server.RaftServerConfigKeys (ConfUtils.java:logGet(43)) - raft.server.rpc.request.timeout = 3000ms (default)
2019-08-20 15:30:30,440 [2d7c5efc-b074-4fc9-b95b-682c27e862a3:group-FDC4B371A35E:LeaderElection40] INFO  server.RaftServerConfigKeys (ConfUtils.java:logGet(43)) - raft.server.log.appender.install.snapshot.enabled = false (custom)
2019-08-20 15:30:30,440 [2d7c5efc-b074-4fc9-b95b-682c27e862a3:group-FDC4B371A35E:LeaderElection40] INFO  impl.RoleInfo (RoleInfo.java:updateAndGet(143)) - 2d7c5efc-b074-4fc9-b95b-682c27e862a3: start LeaderState
2019-08-20 15:30:30,440 [2d7c5efc-b074-4fc9-b95b-682c27e862a3:group-FDC4B371A35E:LeaderElection40] INFO  segmented.SegmentedRaftLogWorker (SegmentedRaftLogWorker.java:rollLogSegment(385)) - 2d7c5efc-b074-4fc9-b95b-682c27e862a3-SegmentedRaftLogWorker:Storage Directory /workdir/hadoop-ozone/integration-test/target/test-dir/MiniOzoneClusterImpl-d3dddc0d-c158-44f0-ad9e-80fc57836fb1/datanode-0/data/ratis/bc1aa628-619d-401d-b51d-fdc4b371a35e: Rolling segment log-0_16 to index:16
2019-08-20 15:30:30,441 [2d7c5efc-b074-4fc9-b95b-682c27e862a3-SegmentedRaftLogWorker:Storage Directory /workdir/hadoop-ozone/integration-test/target/test-dir/MiniOzoneClusterImpl-d3dddc0d-c158-44f0-ad9e-80fc57836fb1/datanode-0/data/ratis/bc1aa628-619d-401d-b51d-fdc4b371a35e] INFO  segmented.SegmentedRaftLogWorker (SegmentedRaftLogWorker.java:execute(526)) - 2d7c5efc-b074-4fc9-b95b-682c27e862a3-SegmentedRaftLogWorker:Storage Directory /workdir/hadoop-ozone/integration-test/target/test-dir/MiniOzoneClusterImpl-d3dddc0d-c158-44f0-ad9e-80fc57836fb1/datanode-0/data/ratis/bc1aa628-619d-401d-b51d-fdc4b371a35e: Rolled log segment from /workdir/hadoop-ozone/integration-test/target/test-dir/MiniOzoneClusterImpl-d3dddc0d-c158-44f0-ad9e-80fc57836fb1/datanode-0/data/ratis/bc1aa628-619d-401d-b51d-fdc4b371a35e/current/log_inprogress_0 to /workdir/hadoop-ozone/integration-test/target/test-dir/MiniOzoneClusterImpl-d3dddc0d-c158-44f0-ad9e-80fc57836fb1/datanode-0/data/ratis/bc1aa628-619d-401d-b51d-fdc4b371a35e/current/log_0-16
2019-08-20 15:30:30,441 [2d7c5efc-b074-4fc9-b95b-682c27e862a3:group-FDC4B371A35E:LeaderElection40] INFO  impl.RaftServerImpl (ServerState.java:setRaftConf(361)) - 2d7c5efc-b074-4fc9-b95b-682c27e862a3:group-FDC4B371A35E set configuration 17: [5cf37c60-ab16-4b46-8923-a2be97bd85ed:192.168.5.139:37767, 2d7c5efc-b074-4fc9-b95b-682c27e862a3:192.168.5.139:35694, 9bc9fff1-11e1-427b-a164-f7900332836f:192.168.5.139:38309], old=null at 17
2019-08-20 15:30:30,442 [grpc-default-executor-2] WARN  server.GrpcLogAppender (LogUtils.java:warn(134)) - 2d7c5efc-b074-4fc9-b95b-682c27e862a3->9bc9fff1-11e1-427b-a164-f7900332836f: Failed appendEntries: org.apache.ratis.thirdparty.io.grpc.StatusRuntimeException: UNAVAILABLE: io exception
2019-08-20 15:30:30,442 [grpc-default-executor-2] INFO  impl.FollowerInfo (FollowerInfo.java:lambda$new$0(50)) - 2d7c5efc-b074-4fc9-b95b-682c27e862a3->9bc9fff1-11e1-427b-a164-f7900332836f: nextIndex: updateUnconditionally 17 -> 1
2019-08-20 15:30:30,442 [grpc-default-executor-3] INFO  impl.RaftServerImpl (ServerState.java:setLeader(263)) - 5cf37c60-ab16-4b46-8923-a2be97bd85ed:group-FDC4B371A35E change Leader from null to 2d7c5efc-b074-4fc9-b95b-682c27e862a3 at term 2 for appendEntries, leader elected after 21ms
2019-08-20 15:30:30,444 [grpc-default-executor-3] INFO  impl.RaftServerImpl (ServerState.java:setRaftConf(361)) - 5cf37c60-ab16-4b46-8923-a2be97bd85ed:group-FDC4B371A35E set configuration 17: [5cf37c60-ab16-4b46-8923-a2be97bd85ed:192.168.5.139:37767, 2d7c5efc-b074-4fc9-b95b-682c27e862a3:192.168.5.139:35694, 9bc9fff1-11e1-427b-a164-f7900332836f:192.168.5.139:38309], old=null at 17
2019-08-20 15:30:30,444 [grpc-default-executor-3] INFO  segmented.SegmentedRaftLogWorker (SegmentedRaftLogWorker.java:rollLogSegment(385)) - 5cf37c60-ab16-4b46-8923-a2be97bd85ed-SegmentedRaftLogWorker:Storage Directory /workdir/hadoop-ozone/integration-test/target/test-dir/MiniOzoneClusterImpl-d3dddc0d-c158-44f0-ad9e-80fc57836fb1/datanode-2/data/ratis/bc1aa628-619d-401d-b51d-fdc4b371a35e: Rolling segment log-0_16 to index:16
2019-08-20 15:30:30,445 [5cf37c60-ab16-4b46-8923-a2be97bd85ed-SegmentedRaftLogWorker:Storage Directory /workdir/hadoop-ozone/integration-test/target/test-dir/MiniOzoneClusterImpl-d3dddc0d-c158-44f0-ad9e-80fc57836fb1/datanode-2/data/ratis/bc1aa628-619d-401d-b51d-fdc4b371a35e] INFO  segmented.SegmentedRaftLogWorker (SegmentedRaftLogWorker.java:execute(526)) - 5cf37c60-ab16-4b46-8923-a2be97bd85ed-SegmentedRaftLogWorker:Storage Directory /workdir/hadoop-ozone/integration-test/target/test-dir/MiniOzoneClusterImpl-d3dddc0d-c158-44f0-ad9e-80fc57836fb1/datanode-2/data/ratis/bc1aa628-619d-401d-b51d-fdc4b371a35e: Rolled log segment from /workdir/hadoop-ozone/integration-test/target/test-dir/MiniOzoneClusterImpl-d3dddc0d-c158-44f0-ad9e-80fc57836fb1/datanode-2/data/ratis/bc1aa628-619d-401d-b51d-fdc4b371a35e/current/log_inprogress_0 to /workdir/hadoop-ozone/integration-test/target/test-dir/MiniOzoneClusterImpl-d3dddc0d-c158-44f0-ad9e-80fc57836fb1/datanode-2/data/ratis/bc1aa628-619d-401d-b51d-fdc4b371a35e/current/log_0-16
2019-08-20 15:30:30,482 [2d7c5efc-b074-4fc9-b95b-682c27e862a3-SegmentedRaftLogWorker:Storage Directory /workdir/hadoop-ozone/integration-test/target/test-dir/MiniOzoneClusterImpl-d3dddc0d-c158-44f0-ad9e-80fc57836fb1/datanode-0/data/ratis/bc1aa628-619d-401d-b51d-fdc4b371a35e] INFO  segmented.SegmentedRaftLogWorker (SegmentedRaftLogWorker.java:execute(569)) - 2d7c5efc-b074-4fc9-b95b-682c27e862a3-SegmentedRaftLogWorker:Storage Directory /workdir/hadoop-ozone/integration-test/target/test-dir/MiniOzoneClusterImpl-d3dddc0d-c158-44f0-ad9e-80fc57836fb1/datanode-0/data/ratis/bc1aa628-619d-401d-b51d-fdc4b371a35e: created new log segment /workdir/hadoop-ozone/integration-test/target/test-dir/MiniOzoneClusterImpl-d3dddc0d-c158-44f0-ad9e-80fc57836fb1/datanode-0/data/ratis/bc1aa628-619d-401d-b51d-fdc4b371a35e/current/log_inprogress_17
2019-08-20 15:30:30,482 [5cf37c60-ab16-4b46-8923-a2be97bd85ed-SegmentedRaftLogWorker:Storage Directory /workdir/hadoop-ozone/integration-test/target/test-dir/MiniOzoneClusterImpl-d3dddc0d-c158-44f0-ad9e-80fc57836fb1/datanode-2/data/ratis/bc1aa628-619d-401d-b51d-fdc4b371a35e] INFO  segmented.SegmentedRaftLogWorker (SegmentedRaftLogWorker.java:execute(569)) - 5cf37c60-ab16-4b46-8923-a2be97bd85ed-SegmentedRaftLogWorker:Storage Directory /workdir/hadoop-ozone/integration-test/target/test-dir/MiniOzoneClusterImpl-d3dddc0d-c158-44f0-ad9e-80fc57836fb1/datanode-2/data/ratis/bc1aa628-619d-401d-b51d-fdc4b371a35e: created new log segment /workdir/hadoop-ozone/integration-test/target/test-dir/MiniOzoneClusterImpl-d3dddc0d-c158-44f0-ad9e-80fc57836fb1/datanode-2/data/ratis/bc1aa628-619d-401d-b51d-fdc4b371a35e/current/log_inprogress_17
2019-08-20 15:30:30,487 | INFO  | DNAudit | user=null | ip=null | op=WRITE_CHUNK {blockData=conID: 3 locID: 102650020274438154 bcsId: 0} | ret=SUCCESS |  
2019-08-20 15:30:30,489 | INFO  | DNAudit | user=null | ip=null | op=READ_CHUNK {blockData=conID: 1 locID: 102650018037956616 bcsId: 0} | ret=SUCCESS |  
2019-08-20 15:30:30,491 [grpc-default-executor-3] WARN  server.GrpcLogAppender (LogUtils.java:warn(134)) - 2d7c5efc-b074-4fc9-b95b-682c27e862a3->9bc9fff1-11e1-427b-a164-f7900332836f: Failed appendEntries: org.apache.ratis.thirdparty.io.grpc.StatusRuntimeException: UNAVAILABLE: io exception
2019-08-20 15:30:30,491 [grpc-default-executor-3] INFO  impl.FollowerInfo (FollowerInfo.java:lambda$new$0(50)) - 2d7c5efc-b074-4fc9-b95b-682c27e862a3->9bc9fff1-11e1-427b-a164-f7900332836f: nextIndex: updateUnconditionally 2 -> 1
2019-08-20 15:30:30,495 | INFO  | DNAudit | user=null | ip=null | op=WRITE_CHUNK {blockData=conID: 3 locID: 102650020274438154 bcsId: 0} | ret=SUCCESS |  
2019-08-20 15:30:30,498 [grpc-default-executor-3] WARN  server.GrpcLogAppender (LogUtils.java:warn(134)) - 2d7c5efc-b074-4fc9-b95b-682c27e862a3->9bc9fff1-11e1-427b-a164-f7900332836f: Failed appendEntries: org.apache.ratis.thirdparty.io.grpc.StatusRuntimeException: UNAVAILABLE: io exception
2019-08-20 15:30:30,498 [grpc-default-executor-3] INFO  impl.FollowerInfo (FollowerInfo.java:lambda$new$0(50)) - 2d7c5efc-b074-4fc9-b95b-682c27e862a3->9bc9fff1-11e1-427b-a164-f7900332836f: nextIndex: updateUnconditionally 2 -> 1
2019-08-20 15:30:30,999 [grpc-default-executor-3] WARN  server.GrpcLogAppender (LogUtils.java:warn(134)) - 2d7c5efc-b074-4fc9-b95b-682c27e862a3->9bc9fff1-11e1-427b-a164-f7900332836f: Failed appendEntries: org.apache.ratis.thirdparty.io.grpc.StatusRuntimeException: UNAVAILABLE: io exception
2019-08-20 15:30:30,999 [grpc-default-executor-3] INFO  impl.FollowerInfo (FollowerInfo.java:lambda$new$0(50)) - 2d7c5efc-b074-4fc9-b95b-682c27e862a3->9bc9fff1-11e1-427b-a164-f7900332836f: nextIndex: updateUnconditionally 1 -> 0
2019-08-20 15:30:31,499 [grpc-default-executor-2] WARN  server.GrpcLogAppender (LogUtils.java:warn(134)) - 2d7c5efc-b074-4fc9-b95b-682c27e862a3->9bc9fff1-11e1-427b-a164-f7900332836f: Failed appendEntries: org.apache.ratis.thirdparty.io.grpc.StatusRuntimeException: UNAVAILABLE: io exception
2019-08-20 15:30:31,500 [grpc-default-executor-2] INFO  impl.FollowerInfo (FollowerInfo.java:lambda$new$0(50)) - 2d7c5efc-b074-4fc9-b95b-682c27e862a3->9bc9fff1-11e1-427b-a164-f7900332836f: nextIndex: updateUnconditionally 0 -> 0
2019-08-20 15:30:32,000 [grpc-default-executor-0] WARN  server.GrpcLogAppender (LogUtils.java:warn(134)) - 2d7c5efc-b074-4fc9-b95b-682c27e862a3->9bc9fff1-11e1-427b-a164-f7900332836f: Failed appendEntries: org.apache.ratis.thirdparty.io.grpc.StatusRuntimeException: UNAVAILABLE: io exception
2019-08-20 15:30:32,000 [grpc-default-executor-0] INFO  impl.FollowerInfo (FollowerInfo.java:lambda$new$0(50)) - 2d7c5efc-b074-4fc9-b95b-682c27e862a3->9bc9fff1-11e1-427b-a164-f7900332836f: nextIndex: updateUnconditionally 0 -> 0
2019-08-20 15:30:32,500 [grpc-default-executor-2] WARN  server.GrpcLogAppender (LogUtils.java:warn(134)) - 2d7c5efc-b074-4fc9-b95b-682c27e862a3->9bc9fff1-11e1-427b-a164-f7900332836f: Failed appendEntries: org.apache.ratis.thirdparty.io.grpc.StatusRuntimeException: UNAVAILABLE: io exception
2019-08-20 15:30:32,501 [grpc-default-executor-2] INFO  impl.FollowerInfo (FollowerInfo.java:lambda$new$0(50)) - 2d7c5efc-b074-4fc9-b95b-682c27e862a3->9bc9fff1-11e1-427b-a164-f7900332836f: nextIndex: updateUnconditionally 0 -> 0
2019-08-20 15:30:33,001 [grpc-default-executor-3] WARN  server.GrpcLogAppender (LogUtils.java:warn(134)) - 2d7c5efc-b074-4fc9-b95b-682c27e862a3->9bc9fff1-11e1-427b-a164-f7900332836f: Failed appendEntries: org.apache.ratis.thirdparty.io.grpc.StatusRuntimeException: UNAVAILABLE: io exception
2019-08-20 15:30:33,001 [grpc-default-executor-3] INFO  impl.FollowerInfo (FollowerInfo.java:lambda$new$0(50)) - 2d7c5efc-b074-4fc9-b95b-682c27e862a3->9bc9fff1-11e1-427b-a164-f7900332836f: nextIndex: updateUnconditionally 0 -> 0
2019-08-20 15:30:33,502 [grpc-default-executor-3] WARN  server.GrpcLogAppender (LogUtils.java:warn(134)) - 2d7c5efc-b074-4fc9-b95b-682c27e862a3->9bc9fff1-11e1-427b-a164-f7900332836f: Failed appendEntries: org.apache.ratis.thirdparty.io.grpc.StatusRuntimeException: UNAVAILABLE: io exception
2019-08-20 15:30:33,502 [grpc-default-executor-3] INFO  impl.FollowerInfo (FollowerInfo.java:lambda$new$0(50)) - 2d7c5efc-b074-4fc9-b95b-682c27e862a3->9bc9fff1-11e1-427b-a164-f7900332836f: nextIndex: updateUnconditionally 0 -> 0
2019-08-20 15:30:33,637 [main] INFO  ozoneimpl.OzoneContainer (OzoneContainer.java:stop(214)) - Attempting to stop container services.
2019-08-20 15:30:33,638 [main] INFO  impl.RaftServerProxy (RaftServerProxy.java:lambda$close$4(314)) - 2d7c5efc-b074-4fc9-b95b-682c27e862a3: close
2019-08-20 15:30:33,638 [main] INFO  impl.RaftServerImpl (RaftServerImpl.java:lambda$shutdown$3(245)) - 2d7c5efc-b074-4fc9-b95b-682c27e862a3: shutdown group-1ABB9C285F0D
2019-08-20 15:30:33,638 [main] INFO  util.JmxRegister (JmxRegister.java:unregister(73)) - Successfully un-registered JMX Bean with object name Ratis:service=RaftServer,group=group-1ABB9C285F0D,id=2d7c5efc-b074-4fc9-b95b-682c27e862a3
2019-08-20 15:30:33,639 [main] INFO  impl.RoleInfo (RoleInfo.java:shutdownLeaderState(104)) - 2d7c5efc-b074-4fc9-b95b-682c27e862a3: shutdown LeaderState
2019-08-20 15:30:33,639 [main] INFO  impl.PendingRequests (PendingRequests.java:sendNotLeaderResponses(202)) - 2d7c5efc-b074-4fc9-b95b-682c27e862a3-PendingRequests: sendNotLeaderResponses
2019-08-20 15:30:33,640 [main] INFO  impl.StateMachineUpdater (StateMachineUpdater.java:stopAndJoin(115)) - StateMachineUpdater:2d7c5efc-b074-4fc9-b95b-682c27e862a3:group-1ABB9C285F0D: set stopIndex = 0
2019-08-20 15:30:33,640 [main] INFO  impl.RaftServerImpl (ServerState.java:close(394)) - 2d7c5efc-b074-4fc9-b95b-682c27e862a3:group-1ABB9C285F0D closes. The last applied log index is 0
2019-08-20 15:30:33,640 [2d7c5efc-b074-4fc9-b95b-682c27e862a3-SegmentedRaftLogWorker:Storage Directory /workdir/hadoop-ozone/integration-test/target/test-dir/MiniOzoneClusterImpl-d3dddc0d-c158-44f0-ad9e-80fc57836fb1/datanode-0/data/ratis/b2e9a922-785c-411e-8f67-1abb9c285f0d] INFO  segmented.SegmentedRaftLogWorker (SegmentedRaftLogWorker.java:run(313)) - 2d7c5efc-b074-4fc9-b95b-682c27e862a3-SegmentedRaftLogWorker:Storage Directory /workdir/hadoop-ozone/integration-test/target/test-dir/MiniOzoneClusterImpl-d3dddc0d-c158-44f0-ad9e-80fc57836fb1/datanode-0/data/ratis/b2e9a922-785c-411e-8f67-1abb9c285f0d was interrupted, exiting. There are 0 tasks remaining in the queue.
2019-08-20 15:30:33,642 [main] INFO  segmented.SegmentedRaftLogWorker (SegmentedRaftLogWorker.java:close(228)) - 2d7c5efc-b074-4fc9-b95b-682c27e862a3-SegmentedRaftLogWorker:Storage Directory /workdir/hadoop-ozone/integration-test/target/test-dir/MiniOzoneClusterImpl-d3dddc0d-c158-44f0-ad9e-80fc57836fb1/datanode-0/data/ratis/b2e9a922-785c-411e-8f67-1abb9c285f0d close()
2019-08-20 15:30:33,645 [main] INFO  impl.RaftServerImpl (RaftServerImpl.java:lambda$shutdown$3(245)) - 2d7c5efc-b074-4fc9-b95b-682c27e862a3: shutdown group-FDC4B371A35E
2019-08-20 15:30:33,646 [main] INFO  util.JmxRegister (JmxRegister.java:unregister(73)) - Successfully un-registered JMX Bean with object name Ratis:service=RaftServer,group=group-FDC4B371A35E,id=2d7c5efc-b074-4fc9-b95b-682c27e862a3
2019-08-20 15:30:33,646 [main] INFO  impl.RoleInfo (RoleInfo.java:shutdownLeaderState(104)) - 2d7c5efc-b074-4fc9-b95b-682c27e862a3: shutdown LeaderState
2019-08-20 15:30:33,648 [main] INFO  impl.PendingRequests (PendingRequests.java:sendNotLeaderResponses(202)) - 2d7c5efc-b074-4fc9-b95b-682c27e862a3-PendingRequests: sendNotLeaderResponses
2019-08-20 15:30:33,648 [org.apache.ratis.server.impl.LogAppender$AppenderDaemon$$Lambda$514/309817215@3194880e] WARN  server.GrpcLogAppender (GrpcLogAppender.java:mayWait(143)) - GrpcLogAppender(2d7c5efc-b074-4fc9-b95b-682c27e862a3->9bc9fff1-11e1-427b-a164-f7900332836f): Wait interrupted by java.lang.InterruptedException
2019-08-20 15:30:33,648 [org.apache.ratis.server.impl.LogAppender$AppenderDaemon$$Lambda$514/309817215@69359718] WARN  server.GrpcLogAppender (GrpcLogAppender.java:mayWait(143)) - GrpcLogAppender(2d7c5efc-b074-4fc9-b95b-682c27e862a3->5cf37c60-ab16-4b46-8923-a2be97bd85ed): Wait interrupted by java.lang.InterruptedException
2019-08-20 15:30:33,649 [main] INFO  impl.StateMachineUpdater (StateMachineUpdater.java:stopAndJoin(115)) - StateMachineUpdater:2d7c5efc-b074-4fc9-b95b-682c27e862a3:group-FDC4B371A35E: set stopIndex = 18
2019-08-20 15:30:33,650 [grpc-default-executor-3] INFO  server.GrpcServerProtocolService (GrpcServerProtocolService.java:onCompleted(104)) - 5cf37c60-ab16-4b46-8923-a2be97bd85ed: appendEntries completed
2019-08-20 15:30:33,650 [StateMachineUpdater:2d7c5efc-b074-4fc9-b95b-682c27e862a3:group-FDC4B371A35E] INFO  ratis.ContainerStateMachine (ContainerStateMachine.java:takeSnapshot(271)) - group-FDC4B371A35E: Taking a snapshot at:(t:1, i:12) file /workdir/hadoop-ozone/integration-test/target/test-dir/MiniOzoneClusterImpl-d3dddc0d-c158-44f0-ad9e-80fc57836fb1/datanode-0/data/ratis/bc1aa628-619d-401d-b51d-fdc4b371a35e/sm/snapshot.1_12
2019-08-20 15:30:33,650 [ForkJoinPool.commonPool-worker-1] INFO  ozoneimpl.OzoneContainer (OzoneContainer.java:stop(214)) - Attempting to stop container services.
2019-08-20 15:30:33,650 [grpc-default-executor-3] INFO  server.GrpcLogAppender (GrpcLogAppender.java:onCompleted(292)) - 2d7c5efc-b074-4fc9-b95b-682c27e862a3->5cf37c60-ab16-4b46-8923-a2be97bd85ed: follower responses appendEntries COMPLETED
2019-08-20 15:30:33,651 [ForkJoinPool.commonPool-worker-1] INFO  impl.RaftServerProxy (RaftServerProxy.java:lambda$close$4(314)) - 5cf37c60-ab16-4b46-8923-a2be97bd85ed: close
2019-08-20 15:30:33,651 [grpc-default-executor-3] INFO  impl.FollowerInfo (FollowerInfo.java:lambda$new$0(50)) - 2d7c5efc-b074-4fc9-b95b-682c27e862a3->5cf37c60-ab16-4b46-8923-a2be97bd85ed: nextIndex: updateUnconditionally 19 -> 18
2019-08-20 15:30:33,651 [ForkJoinPool.commonPool-worker-1] INFO  impl.RaftServerImpl (RaftServerImpl.java:lambda$shutdown$3(245)) - 5cf37c60-ab16-4b46-8923-a2be97bd85ed: shutdown group-FDC4B371A35E
2019-08-20 15:30:33,651 [ForkJoinPool.commonPool-worker-1] INFO  util.JmxRegister (JmxRegister.java:unregister(73)) - Successfully un-registered JMX Bean with object name Ratis:service=RaftServer,group=group-FDC4B371A35E,id=5cf37c60-ab16-4b46-8923-a2be97bd85ed
2019-08-20 15:30:33,651 [ForkJoinPool.commonPool-worker-1] INFO  impl.RoleInfo (RoleInfo.java:shutdownFollowerState(121)) - 5cf37c60-ab16-4b46-8923-a2be97bd85ed: shutdown FollowerState
2019-08-20 15:30:33,652 [ForkJoinPool.commonPool-worker-1] INFO  impl.StateMachineUpdater (StateMachineUpdater.java:stopAndJoin(115)) - StateMachineUpdater:5cf37c60-ab16-4b46-8923-a2be97bd85ed:group-FDC4B371A35E: set stopIndex = 18
2019-08-20 15:30:33,652 [Thread-1955] INFO  impl.FollowerState (FollowerState.java:run(114)) - 5cf37c60-ab16-4b46-8923-a2be97bd85ed: FollowerState was interrupted: java.lang.InterruptedException: sleep interrupted
2019-08-20 15:30:33,652 [StateMachineUpdater:5cf37c60-ab16-4b46-8923-a2be97bd85ed:group-FDC4B371A35E] INFO  ratis.ContainerStateMachine (ContainerStateMachine.java:takeSnapshot(271)) - group-FDC4B371A35E: Taking a snapshot at:(t:2, i:17) file /workdir/hadoop-ozone/integration-test/target/test-dir/MiniOzoneClusterImpl-d3dddc0d-c158-44f0-ad9e-80fc57836fb1/datanode-2/data/ratis/bc1aa628-619d-401d-b51d-fdc4b371a35e/sm/snapshot.2_17
2019-08-20 15:30:33,662 [StateMachineUpdater:2d7c5efc-b074-4fc9-b95b-682c27e862a3:group-FDC4B371A35E] INFO  ratis.ContainerStateMachine (ContainerStateMachine.java:takeSnapshot(282)) - group-FDC4B371A35E: Finished taking a snapshot at:(t:1, i:12) file:/workdir/hadoop-ozone/integration-test/target/test-dir/MiniOzoneClusterImpl-d3dddc0d-c158-44f0-ad9e-80fc57836fb1/datanode-0/data/ratis/bc1aa628-619d-401d-b51d-fdc4b371a35e/sm/snapshot.1_12 time:13
2019-08-20 15:30:33,662 [StateMachineUpdater:5cf37c60-ab16-4b46-8923-a2be97bd85ed:group-FDC4B371A35E] INFO  ratis.ContainerStateMachine (ContainerStateMachine.java:takeSnapshot(282)) - group-FDC4B371A35E: Finished taking a snapshot at:(t:2, i:17) file:/workdir/hadoop-ozone/integration-test/target/test-dir/MiniOzoneClusterImpl-d3dddc0d-c158-44f0-ad9e-80fc57836fb1/datanode-2/data/ratis/bc1aa628-619d-401d-b51d-fdc4b371a35e/sm/snapshot.2_17 time:11
2019-08-20 15:30:33,662 [StateMachineUpdater:2d7c5efc-b074-4fc9-b95b-682c27e862a3:group-FDC4B371A35E] INFO  impl.StateMachineUpdater (StateMachineUpdater.java:takeSnapshot(242)) - StateMachineUpdater:2d7c5efc-b074-4fc9-b95b-682c27e862a3:group-FDC4B371A35E: Took a snapshot at index 12
2019-08-20 15:30:33,662 [StateMachineUpdater:5cf37c60-ab16-4b46-8923-a2be97bd85ed:group-FDC4B371A35E] INFO  impl.StateMachineUpdater (StateMachineUpdater.java:takeSnapshot(242)) - StateMachineUpdater:5cf37c60-ab16-4b46-8923-a2be97bd85ed:group-FDC4B371A35E: Took a snapshot at index 17
2019-08-20 15:30:33,663 [StateMachineUpdater:2d7c5efc-b074-4fc9-b95b-682c27e862a3:group-FDC4B371A35E] INFO  impl.StateMachineUpdater (StateMachineUpdater.java:lambda$new$0(80)) - StateMachineUpdater:2d7c5efc-b074-4fc9-b95b-682c27e862a3:group-FDC4B371A35E: snapshotIndex: updateIncreasingly -1 -> 12
2019-08-20 15:30:33,663 [StateMachineUpdater:5cf37c60-ab16-4b46-8923-a2be97bd85ed:group-FDC4B371A35E] INFO  impl.StateMachineUpdater (StateMachineUpdater.java:lambda$new$0(80)) - StateMachineUpdater:5cf37c60-ab16-4b46-8923-a2be97bd85ed:group-FDC4B371A35E: snapshotIndex: updateIncreasingly -1 -> 17
2019-08-20 15:30:33,663 [main] INFO  impl.RaftServerImpl (ServerState.java:close(394)) - 2d7c5efc-b074-4fc9-b95b-682c27e862a3:group-FDC4B371A35E closes. The last applied log index is 18
2019-08-20 15:30:33,663 [ForkJoinPool.commonPool-worker-1] INFO  impl.RaftServerImpl (ServerState.java:close(394)) - 5cf37c60-ab16-4b46-8923-a2be97bd85ed:group-FDC4B371A35E closes. The last applied log index is 18
2019-08-20 15:30:33,664 [2d7c5efc-b074-4fc9-b95b-682c27e862a3-SegmentedRaftLogWorker:Storage Directory /workdir/hadoop-ozone/integration-test/target/test-dir/MiniOzoneClusterImpl-d3dddc0d-c158-44f0-ad9e-80fc57836fb1/datanode-0/data/ratis/bc1aa628-619d-401d-b51d-fdc4b371a35e] INFO  segmented.SegmentedRaftLogWorker (SegmentedRaftLogWorker.java:run(313)) - 2d7c5efc-b074-4fc9-b95b-682c27e862a3-SegmentedRaftLogWorker:Storage Directory /workdir/hadoop-ozone/integration-test/target/test-dir/MiniOzoneClusterImpl-d3dddc0d-c158-44f0-ad9e-80fc57836fb1/datanode-0/data/ratis/bc1aa628-619d-401d-b51d-fdc4b371a35e was interrupted, exiting. There are 0 tasks remaining in the queue.
2019-08-20 15:30:33,664 [5cf37c60-ab16-4b46-8923-a2be97bd85ed-SegmentedRaftLogWorker:Storage Directory /workdir/hadoop-ozone/integration-test/target/test-dir/MiniOzoneClusterImpl-d3dddc0d-c158-44f0-ad9e-80fc57836fb1/datanode-2/data/ratis/bc1aa628-619d-401d-b51d-fdc4b371a35e] INFO  segmented.SegmentedRaftLogWorker (SegmentedRaftLogWorker.java:run(313)) - 5cf37c60-ab16-4b46-8923-a2be97bd85ed-SegmentedRaftLogWorker:Storage Directory /workdir/hadoop-ozone/integration-test/target/test-dir/MiniOzoneClusterImpl-d3dddc0d-c158-44f0-ad9e-80fc57836fb1/datanode-2/data/ratis/bc1aa628-619d-401d-b51d-fdc4b371a35e was interrupted, exiting. There are 0 tasks remaining in the queue.
2019-08-20 15:30:33,664 [main] INFO  segmented.SegmentedRaftLogWorker (SegmentedRaftLogWorker.java:close(228)) - 2d7c5efc-b074-4fc9-b95b-682c27e862a3-SegmentedRaftLogWorker:Storage Directory /workdir/hadoop-ozone/integration-test/target/test-dir/MiniOzoneClusterImpl-d3dddc0d-c158-44f0-ad9e-80fc57836fb1/datanode-0/data/ratis/bc1aa628-619d-401d-b51d-fdc4b371a35e close()
2019-08-20 15:30:33,664 [ForkJoinPool.commonPool-worker-1] INFO  segmented.SegmentedRaftLogWorker (SegmentedRaftLogWorker.java:close(228)) - 5cf37c60-ab16-4b46-8923-a2be97bd85ed-SegmentedRaftLogWorker:Storage Directory /workdir/hadoop-ozone/integration-test/target/test-dir/MiniOzoneClusterImpl-d3dddc0d-c158-44f0-ad9e-80fc57836fb1/datanode-2/data/ratis/bc1aa628-619d-401d-b51d-fdc4b371a35e close()
2019-08-20 15:30:33,664 [main] INFO  server.GrpcService (GrpcService.java:closeImpl(155)) - 2d7c5efc-b074-4fc9-b95b-682c27e862a3: shutdown server with port 35694 now
2019-08-20 15:30:33,665 [ForkJoinPool.commonPool-worker-1] INFO  impl.RaftServerImpl (RaftServerImpl.java:lambda$shutdown$3(245)) - 5cf37c60-ab16-4b46-8923-a2be97bd85ed: shutdown group-B95CB74C547D
2019-08-20 15:30:33,665 [ForkJoinPool.commonPool-worker-1] INFO  util.JmxRegister (JmxRegister.java:unregister(73)) - Successfully un-registered JMX Bean with object name Ratis:service=RaftServer,group=group-B95CB74C547D,id=5cf37c60-ab16-4b46-8923-a2be97bd85ed
2019-08-20 15:30:33,665 [main] INFO  server.GrpcService (GrpcService.java:closeImpl(163)) - 2d7c5efc-b074-4fc9-b95b-682c27e862a3: shutdown server with port 35694 successfully
2019-08-20 15:30:33,665 [ForkJoinPool.commonPool-worker-1] INFO  impl.RoleInfo (RoleInfo.java:shutdownLeaderState(104)) - 5cf37c60-ab16-4b46-8923-a2be97bd85ed: shutdown LeaderState
2019-08-20 15:30:33,666 [ForkJoinPool.commonPool-worker-1] INFO  impl.PendingRequests (PendingRequests.java:sendNotLeaderResponses(202)) - 5cf37c60-ab16-4b46-8923-a2be97bd85ed-PendingRequests: sendNotLeaderResponses
2019-08-20 15:30:33,666 [ForkJoinPool.commonPool-worker-1] INFO  impl.StateMachineUpdater (StateMachineUpdater.java:stopAndJoin(115)) - StateMachineUpdater:5cf37c60-ab16-4b46-8923-a2be97bd85ed:group-B95CB74C547D: set stopIndex = 0
2019-08-20 15:30:33,667 [ForkJoinPool.commonPool-worker-1] INFO  impl.RaftServerImpl (ServerState.java:close(394)) - 5cf37c60-ab16-4b46-8923-a2be97bd85ed:group-B95CB74C547D closes. The last applied log index is 0
2019-08-20 15:30:33,667 [5cf37c60-ab16-4b46-8923-a2be97bd85ed-SegmentedRaftLogWorker:Storage Directory /workdir/hadoop-ozone/integration-test/target/test-dir/MiniOzoneClusterImpl-d3dddc0d-c158-44f0-ad9e-80fc57836fb1/datanode-2/data/ratis/481f73df-757a-480e-a597-b95cb74c547d] INFO  segmented.SegmentedRaftLogWorker (SegmentedRaftLogWorker.java:run(313)) - 5cf37c60-ab16-4b46-8923-a2be97bd85ed-SegmentedRaftLogWorker:Storage Directory /workdir/hadoop-ozone/integration-test/target/test-dir/MiniOzoneClusterImpl-d3dddc0d-c158-44f0-ad9e-80fc57836fb1/datanode-2/data/ratis/481f73df-757a-480e-a597-b95cb74c547d was interrupted, exiting. There are 0 tasks remaining in the queue.
2019-08-20 15:30:33,667 [ForkJoinPool.commonPool-worker-1] INFO  segmented.SegmentedRaftLogWorker (SegmentedRaftLogWorker.java:close(228)) - 5cf37c60-ab16-4b46-8923-a2be97bd85ed-SegmentedRaftLogWorker:Storage Directory /workdir/hadoop-ozone/integration-test/target/test-dir/MiniOzoneClusterImpl-d3dddc0d-c158-44f0-ad9e-80fc57836fb1/datanode-2/data/ratis/481f73df-757a-480e-a597-b95cb74c547d close()
2019-08-20 15:30:33,667 [ForkJoinPool.commonPool-worker-1] INFO  server.GrpcService (GrpcService.java:closeImpl(155)) - 5cf37c60-ab16-4b46-8923-a2be97bd85ed: shutdown server with port 37767 now
2019-08-20 15:30:33,668 [ForkJoinPool.commonPool-worker-1] INFO  server.GrpcService (GrpcService.java:closeImpl(163)) - 5cf37c60-ab16-4b46-8923-a2be97bd85ed: shutdown server with port 37767 successfully
2019-08-20 15:30:33,668 [main] INFO  utils.BackgroundService (BackgroundService.java:shutdown(148)) - Shutting down service BlockDeletingService
2019-08-20 15:30:33,670 [grpc-default-executor-2] WARN  client.GrpcClientProtocolService (LogUtils.java:warn(134)) - 2-OrderedRequestStreamObserver2: onError: org.apache.ratis.thirdparty.io.grpc.StatusRuntimeException: CANCELLED: cancelled before receiving half close
2019-08-20 15:30:33,671 [ForkJoinPool.commonPool-worker-1] INFO  utils.BackgroundService (BackgroundService.java:shutdown(148)) - Shutting down service BlockDeletingService
2019-08-20 15:30:33,672 [refreshUsed-/workdir/hadoop-ozone/integration-test/target/test-dir/MiniOzoneClusterImpl-d3dddc0d-c158-44f0-ad9e-80fc57836fb1/datanode-0/data/containers] WARN  fs.CachingGetSpaceUsed (CachingGetSpaceUsed.java:run(183)) - Thread Interrupted waiting to refresh disk information: sleep interrupted
2019-08-20 15:30:33,672 [refreshUsed-/workdir/hadoop-ozone/integration-test/target/test-dir/MiniOzoneClusterImpl-d3dddc0d-c158-44f0-ad9e-80fc57836fb1/datanode-2/data/containers] WARN  fs.CachingGetSpaceUsed (CachingGetSpaceUsed.java:run(183)) - Thread Interrupted waiting to refresh disk information: sleep interrupted
2019-08-20 15:30:33,686 [ForkJoinPool.commonPool-worker-1] INFO  statemachine.DatanodeStateMachine (DatanodeStateMachine.java:stopDaemon(395)) - Ozone container server stopped.
2019-08-20 15:30:33,686 [main] INFO  statemachine.DatanodeStateMachine (DatanodeStateMachine.java:stopDaemon(395)) - Ozone container server stopped.
2019-08-20 15:30:33,689 [ForkJoinPool.commonPool-worker-1] INFO  handler.ContextHandler (ContextHandler.java:doStop(910)) - Stopped o.e.j.w.WebAppContext@2842c098{/,null,UNAVAILABLE}{/hddsDatanode}
2019-08-20 15:30:33,689 [main] INFO  handler.ContextHandler (ContextHandler.java:doStop(910)) - Stopped o.e.j.w.WebAppContext@5599dc60{/,null,UNAVAILABLE}{/hddsDatanode}
2019-08-20 15:30:33,690 [ForkJoinPool.commonPool-worker-1] INFO  server.AbstractConnector (AbstractConnector.java:doStop(318)) - Stopped ServerConnector@2820b369{HTTP/1.1,[http/1.1]}{0.0.0.0:0}
2019-08-20 15:30:33,691 [main] INFO  server.AbstractConnector (AbstractConnector.java:doStop(318)) - Stopped ServerConnector@35554635{HTTP/1.1,[http/1.1]}{0.0.0.0:0}
2019-08-20 15:30:33,691 [ForkJoinPool.commonPool-worker-1] INFO  handler.ContextHandler (ContextHandler.java:doStop(910)) - Stopped o.e.j.s.ServletContextHandler@2567c091{/static,jar:file:/home/user/.m2/repository/org/apache/hadoop/hadoop-hdds-container-service/0.5.0-SNAPSHOT/hadoop-hdds-container-service-0.5.0-SNAPSHOT.jar!/webapps/static,UNAVAILABLE}
2019-08-20 15:30:33,691 [main] INFO  handler.ContextHandler (ContextHandler.java:doStop(910)) - Stopped o.e.j.s.ServletContextHandler@7fb44737{/static,jar:file:/home/user/.m2/repository/org/apache/hadoop/hadoop-hdds-container-service/0.5.0-SNAPSHOT/hadoop-hdds-container-service-0.5.0-SNAPSHOT.jar!/webapps/static,UNAVAILABLE}
2019-08-20 15:30:33,692 [ForkJoinPool.commonPool-worker-1] INFO  handler.ContextHandler (ContextHandler.java:doStop(910)) - Stopped o.e.j.s.ServletContextHandler@775edae0{/logs,file:///workdir/hadoop-ozone/integration-test/target/log,UNAVAILABLE}
2019-08-20 15:30:33,692 [main] INFO  handler.ContextHandler (ContextHandler.java:doStop(910)) - Stopped o.e.j.s.ServletContextHandler@e994ca{/logs,file:///workdir/hadoop-ozone/integration-test/target/log,UNAVAILABLE}
2019-08-20 15:30:33,693 [main] INFO  ozone.MiniOzoneClusterImpl (MiniOzoneClusterImpl.java:stop(353)) - Stopping the StorageContainerManager
2019-08-20 15:30:33,693 [main] INFO  server.StorageContainerManager (StorageContainerManager.java:stop(797)) - Stopping Replication Manager Service.
2019-08-20 15:30:33,693 [main] INFO  container.ReplicationManager (ReplicationManager.java:stop(193)) - Stopping Replication Monitor Thread.
2019-08-20 15:30:33,693 [main] INFO  server.StorageContainerManager (StorageContainerManager.java:stop(804)) - Stopping Lease Manager of the command watchers
2019-08-20 15:30:33,693 [main] INFO  server.StorageContainerManager (StorageContainerManager.java:stop(811)) - Stopping datanode service RPC server
2019-08-20 15:30:33,693 [main] INFO  server.SCMDatanodeProtocolServer (SCMDatanodeProtocolServer.java:stop(367)) - Stopping the RPC server for DataNodes
2019-08-20 15:30:33,694 [main] INFO  ipc.Server (Server.java:stop(3082)) - Stopping server on 43185
2019-08-20 15:30:33,695 [IPC Server listener on 43185] INFO  ipc.Server (Server.java:run(1185)) - Stopping IPC Server listener on 43185
2019-08-20 15:30:33,695 [IPC Server Responder] INFO  ipc.Server (Server.java:run(1319)) - Stopping IPC Server Responder
2019-08-20 15:30:33,748 [SCM Heartbeat Processing Thread - 0] WARN  node.NodeStateManager (NodeStateManager.java:scheduleNextHealthCheck(646)) - Current Thread is interrupted, shutting down HB processing thread for Node Manager.
2019-08-20 15:30:33,748 [main] INFO  server.StorageContainerManager (StorageContainerManager.java:stop(819)) - Stopping block service RPC server
2019-08-20 15:30:33,749 [main] INFO  server.SCMBlockProtocolServer (SCMBlockProtocolServer.java:stop(148)) - Stopping the RPC server for Block Protocol
2019-08-20 15:30:33,749 [main] INFO  ipc.Server (Server.java:stop(3082)) - Stopping server on 46702
2019-08-20 15:30:33,751 [IPC Server listener on 46702] INFO  ipc.Server (Server.java:run(1185)) - Stopping IPC Server listener on 46702
2019-08-20 15:30:33,751 [main] INFO  server.StorageContainerManager (StorageContainerManager.java:stop(826)) - Stopping the StorageContainerLocationProtocol RPC server
2019-08-20 15:30:33,752 [IPC Server Responder] INFO  ipc.Server (Server.java:run(1319)) - Stopping IPC Server Responder
2019-08-20 15:30:33,752 [main] INFO  server.SCMClientProtocolServer (SCMClientProtocolServer.java:stop(159)) - Stopping the RPC server for Client Protocol
2019-08-20 15:30:33,753 [main] INFO  ipc.Server (Server.java:stop(3082)) - Stopping server on 32995
2019-08-20 15:30:33,754 [IPC Server listener on 32995] INFO  ipc.Server (Server.java:run(1185)) - Stopping IPC Server listener on 32995
2019-08-20 15:30:33,754 [main] INFO  server.StorageContainerManager (StorageContainerManager.java:stop(833)) - Stopping Storage Container Manager HTTP server.
2019-08-20 15:30:33,755 [IPC Server Responder] INFO  ipc.Server (Server.java:run(1319)) - Stopping IPC Server Responder
2019-08-20 15:30:33,757 [main] INFO  handler.ContextHandler (ContextHandler.java:doStop(910)) - Stopped o.e.j.w.WebAppContext@5342eec5{/,null,UNAVAILABLE}{/scm}
2019-08-20 15:30:33,757 [main] INFO  server.AbstractConnector (AbstractConnector.java:doStop(318)) - Stopped ServerConnector@60e47aab{HTTP/1.1,[http/1.1]}{0.0.0.0:0}
2019-08-20 15:30:33,758 [main] INFO  handler.ContextHandler (ContextHandler.java:doStop(910)) - Stopped o.e.j.s.ServletContextHandler@21540255{/static,file:///workdir/hadoop-ozone/integration-test/target/test-classes/webapps/static,UNAVAILABLE}
2019-08-20 15:30:33,758 [main] INFO  handler.ContextHandler (ContextHandler.java:doStop(910)) - Stopped o.e.j.s.ServletContextHandler@32328dc4{/logs,file:///workdir/hadoop-ozone/integration-test/target/log,UNAVAILABLE}
2019-08-20 15:30:33,758 [main] INFO  server.StorageContainerManager (StorageContainerManager.java:stop(844)) - Stopping Block Manager Service.
2019-08-20 15:30:33,759 [main] INFO  utils.BackgroundService (BackgroundService.java:shutdown(148)) - Shutting down service SCMBlockDeletingService
2019-08-20 15:30:33,759 [main] INFO  utils.BackgroundService (BackgroundService.java:shutdown(148)) - Shutting down service SCMBlockDeletingService
2019-08-20 15:30:33,759 [main] INFO  server.StorageContainerManager (StorageContainerManager.java:stop(866)) - Stopping SCM Event Queue.
2019-08-20 15:30:33,763 [main] INFO  impl.MetricsSystemImpl (MetricsSystemImpl.java:stop(210)) - Stopping HddsDatanode metrics system...
2019-08-20 15:30:33,766 [main] INFO  impl.MetricsSystemImpl (MetricsSystemImpl.java:stop(216)) - HddsDatanode metrics system stopped.
]]></system-out>
    <system-err><![CDATA[Aug 20, 2019 3:29:26 PM com.sun.jersey.server.impl.application.WebApplicationImpl _initiate
INFO: Initiating Jersey application, version 'Jersey: 1.19 02/11/2015 03:25 AM'
Aug 20, 2019 3:29:26 PM com.sun.jersey.server.impl.application.WebApplicationImpl _initiate
INFO: Initiating Jersey application, version 'Jersey: 1.19 02/11/2015 03:25 AM'
Aug 20, 2019 3:29:26 PM com.sun.jersey.server.impl.application.WebApplicationImpl _initiate
INFO: Initiating Jersey application, version 'Jersey: 1.19 02/11/2015 03:25 AM'
Aug 20, 2019 3:29:26 PM com.sun.jersey.server.impl.application.WebApplicationImpl _initiate
INFO: Initiating Jersey application, version 'Jersey: 1.19 02/11/2015 03:25 AM'
Aug 20, 2019 3:29:27 PM com.sun.jersey.server.impl.application.WebApplicationImpl _initiate
INFO: Initiating Jersey application, version 'Jersey: 1.19 02/11/2015 03:25 AM'
Aug 20, 2019 3:29:27 PM com.sun.jersey.server.impl.application.WebApplicationImpl _initiate
INFO: Initiating Jersey application, version 'Jersey: 1.19 02/11/2015 03:25 AM'
Aug 20, 2019 3:29:32 PM org.apache.ratis.thirdparty.io.grpc.internal.ManagedChannelOrphanWrapper$ManagedChannelReference cleanQueue
SEVERE: *~*~*~ Channel ManagedChannelImpl{logId=447, target=192.168.5.139:35311} was not shutdown properly!!! ~*~*~*
    Make sure to call shutdown()/shutdownNow() and wait until awaitTermination() returns true.
java.lang.RuntimeException: ManagedChannel allocation site
	at org.apache.ratis.thirdparty.io.grpc.internal.ManagedChannelOrphanWrapper$ManagedChannelReference.<init>(ManagedChannelOrphanWrapper.java:103)
	at org.apache.ratis.thirdparty.io.grpc.internal.ManagedChannelOrphanWrapper.<init>(ManagedChannelOrphanWrapper.java:53)
	at org.apache.ratis.thirdparty.io.grpc.internal.ManagedChannelOrphanWrapper.<init>(ManagedChannelOrphanWrapper.java:44)
	at org.apache.ratis.thirdparty.io.grpc.internal.AbstractManagedChannelImplBuilder.build(AbstractManagedChannelImplBuilder.java:411)
	at org.apache.ratis.grpc.client.GrpcClientProtocolClient.<init>(GrpcClientProtocolClient.java:119)
	at org.apache.ratis.grpc.client.GrpcClientRpc.lambda$new$0(GrpcClientRpc.java:55)
	at org.apache.ratis.util.PeerProxyMap$PeerAndProxy.lambda$getProxy$0(PeerProxyMap.java:61)
	at org.apache.ratis.util.LifeCycle.startAndTransition(LifeCycle.java:202)
	at org.apache.ratis.util.PeerProxyMap$PeerAndProxy.getProxy(PeerProxyMap.java:60)
	at org.apache.ratis.util.PeerProxyMap.getProxy(PeerProxyMap.java:107)
	at org.apache.ratis.grpc.client.GrpcClientRpc.sendRequestAsyncUnordered(GrpcClientRpc.java:78)
	at org.apache.ratis.client.impl.UnorderedAsync.sendRequestWithRetry(UnorderedAsync.java:75)
	at org.apache.ratis.client.impl.UnorderedAsync.lambda$null$2(UnorderedAsync.java:120)
	at org.apache.ratis.util.TimeoutScheduler.lambda$onTimeout$0(TimeoutScheduler.java:85)
	at org.apache.ratis.util.TimeoutScheduler.lambda$onTimeout$1(TimeoutScheduler.java:104)
	at org.apache.ratis.util.LogUtils.runAndLog(LogUtils.java:50)
	at org.apache.ratis.util.LogUtils$1.run(LogUtils.java:91)
	at java.util.concurrent.Executors$RunnableAdapter.call(Executors.java:511)
	at java.util.concurrent.FutureTask.run(FutureTask.java:266)
	at java.util.concurrent.ScheduledThreadPoolExecutor$ScheduledFutureTask.access$201(ScheduledThreadPoolExecutor.java:180)
	at java.util.concurrent.ScheduledThreadPoolExecutor$ScheduledFutureTask.run(ScheduledThreadPoolExecutor.java:293)
	at java.util.concurrent.ThreadPoolExecutor.runWorker(ThreadPoolExecutor.java:1149)
	at java.util.concurrent.ThreadPoolExecutor$Worker.run(ThreadPoolExecutor.java:624)
	at java.lang.Thread.run(Thread.java:748)

]]></system-err>
  </testcase>
</testsuite>