<?xml version="1.0" encoding="UTF-8"?>
<testsuite xmlns:xsi="http://www.w3.org/2001/XMLSchema-instance" xsi:noNamespaceSchemaLocation="https://maven.apache.org/surefire/maven-surefire-plugin/xsd/surefire-test-report.xsd" name="org.apache.hadoop.ozone.client.rpc.TestBlockOutputStreamWithFailures" time="736.854" tests="8" errors="1" skipped="0" failures="0">
  <properties>
    <property name="awt.toolkit" value="sun.awt.X11.XToolkit"/>
    <property name="file.encoding.pkg" value="sun.io"/>
    <property name="java.specification.version" value="1.8"/>
    <property name="sun.cpu.isalist" value=""/>
    <property name="sun.jnu.encoding" value="UTF-8"/>
    <property name="java.class.path" value="/workdir/hadoop-ozone/integration-test/target/test-classes:/workdir/hadoop-ozone/integration-test/target/classes:/home/user/.m2/repository/org/apache/hadoop/hadoop-ozone-common/0.5.0-SNAPSHOT/hadoop-ozone-common-0.5.0-SNAPSHOT.jar:/home/user/.m2/repository/org/apache/commons/commons-compress/1.4.1/commons-compress-1.4.1.jar:/home/user/.m2/repository/org/tukaani/xz/1.0/xz-1.0.jar:/home/user/.m2/repository/org/apache/hadoop/hadoop-common/3.2.0/hadoop-common-3.2.0.jar:/home/user/.m2/repository/org/apache/hadoop/hadoop-hdfs/3.2.0/hadoop-hdfs-3.2.0.jar:/home/user/.m2/repository/org/apache/hadoop/hadoop-hdfs-client/3.2.0/hadoop-hdfs-client-3.2.0.jar:/home/user/.m2/repository/com/fasterxml/jackson/core/jackson-annotations/2.9.5/jackson-annotations-2.9.5.jar:/home/user/.m2/repository/org/apache/hadoop/hadoop-hdds-common/0.5.0-SNAPSHOT/hadoop-hdds-common-0.5.0-SNAPSHOT.jar:/home/user/.m2/repository/javax/annotation/javax.annotation-api/1.2/javax.annotation-api-1.2.jar:/home/user/.m2/repository/org/apache/ratis/ratis-server/0.4.0-2337318-SNAPSHOT/ratis-server-0.4.0-2337318-SNAPSHOT.jar:/home/user/.m2/repository/org/apache/ratis/ratis-thirdparty-misc/0.2.0/ratis-thirdparty-misc-0.2.0.jar:/home/user/.m2/repository/org/apache/ratis/ratis-proto/0.4.0-2337318-SNAPSHOT/ratis-proto-0.4.0-2337318-SNAPSHOT.jar:/home/user/.m2/repository/org/apache/ratis/ratis-common/0.4.0-2337318-SNAPSHOT/ratis-common-0.4.0-2337318-SNAPSHOT.jar:/home/user/.m2/repository/org/apache/ratis/ratis-client/0.4.0-2337318-SNAPSHOT/ratis-client-0.4.0-2337318-SNAPSHOT.jar:/home/user/.m2/repository/org/apache/ratis/ratis-metrics/0.4.0-2337318-SNAPSHOT/ratis-metrics-0.4.0-2337318-SNAPSHOT.jar:/home/user/.m2/repository/org/apache/ratis/ratis-netty/0.4.0-2337318-SNAPSHOT/ratis-netty-0.4.0-2337318-SNAPSHOT.jar:/home/user/.m2/repository/org/apache/ratis/ratis-grpc/0.4.0-2337318-SNAPSHOT/ratis-grpc-0.4.0-2337318-SNAPSHOT.jar:/home/user/.m2/repository/org/rocksdb/rocksdbjni/6.0.1/rocksdbjni-6.0.1.jar:/home/user/.m2/repository/org/apache/logging/log4j/log4j-api/2.11.0/log4j-api-2.11.0.jar:/home/user/.m2/repository/org/apache/logging/log4j/log4j-core/2.11.0/log4j-core-2.11.0.jar:/home/user/.m2/repository/com/lmax/disruptor/3.4.2/disruptor-3.4.2.jar:/home/user/.m2/repository/org/apache/commons/commons-pool2/2.6.0/commons-pool2-2.6.0.jar:/home/user/.m2/repository/org/bouncycastle/bcpkix-jdk15on/1.60/bcpkix-jdk15on-1.60.jar:/home/user/.m2/repository/commons-validator/commons-validator/1.6/commons-validator-1.6.jar:/home/user/.m2/repository/commons-digester/commons-digester/1.8.1/commons-digester-1.8.1.jar:/home/user/.m2/repository/io/jaegertracing/jaeger-client/0.33.1/jaeger-client-0.33.1.jar:/home/user/.m2/repository/io/jaegertracing/jaeger-thrift/0.33.1/jaeger-thrift-0.33.1.jar:/home/user/.m2/repository/org/apache/thrift/libthrift/0.11.0/libthrift-0.11.0.jar:/home/user/.m2/repository/com/squareup/okhttp3/okhttp/3.9.0/okhttp-3.9.0.jar:/home/user/.m2/repository/com/squareup/okio/okio/1.13.0/okio-1.13.0.jar:/home/user/.m2/repository/io/jaegertracing/jaeger-core/0.33.1/jaeger-core-0.33.1.jar:/home/user/.m2/repository/io/jaegertracing/jaeger-tracerresolver/0.33.1/jaeger-tracerresolver-0.33.1.jar:/home/user/.m2/repository/io/opentracing/contrib/opentracing-tracerresolver/0.1.5/opentracing-tracerresolver-0.1.5.jar:/home/user/.m2/repository/io/opentracing/opentracing-util/0.31.0/opentracing-util-0.31.0.jar:/home/user/.m2/repository/io/opentracing/opentracing-api/0.31.0/opentracing-api-0.31.0.jar:/home/user/.m2/repository/io/opentracing/opentracing-noop/0.31.0/opentracing-noop-0.31.0.jar:/home/user/.m2/repository/org/apache/hadoop/hadoop-hdds-server-framework/0.5.0-SNAPSHOT/hadoop-hdds-server-framework-0.5.0-SNAPSHOT.jar:/home/user/.m2/repository/org/apache/hadoop/hadoop-hdds-container-service/0.5.0-SNAPSHOT/hadoop-hdds-container-service-0.5.0-SNAPSHOT.jar:/home/user/.m2/repository/org/apache/hadoop/hadoop-hdds-client/0.5.0-SNAPSHOT/hadoop-hdds-client-0.5.0-SNAPSHOT.jar:/home/user/.m2/repository/org/apache/hadoop/hadoop-hdds-tools/0.5.0-SNAPSHOT/hadoop-hdds-tools-0.5.0-SNAPSHOT.jar:/home/user/.m2/repository/org/apache/hadoop/hadoop-hdds-server-scm/0.5.0-SNAPSHOT/hadoop-hdds-server-scm-0.5.0-SNAPSHOT.jar:/home/user/.m2/repository/org/apache/hadoop/hadoop-hdds-docs/0.5.0-SNAPSHOT/hadoop-hdds-docs-0.5.0-SNAPSHOT.jar:/home/user/.m2/repository/io/dropwizard/metrics/metrics-core/3.2.4/metrics-core-3.2.4.jar:/home/user/.m2/repository/org/hamcrest/hamcrest-all/1.3/hamcrest-all-1.3.jar:/home/user/.m2/repository/org/bouncycastle/bcprov-jdk15on/1.60/bcprov-jdk15on-1.60.jar:/home/user/.m2/repository/info/picocli/picocli/3.9.6/picocli-3.9.6.jar:/home/user/.m2/repository/com/google/protobuf/protobuf-java/2.5.0/protobuf-java-2.5.0.jar:/home/user/.m2/repository/com/google/guava/guava/11.0.2/guava-11.0.2.jar:/home/user/.m2/repository/org/apache/hadoop/hadoop-ozone-ozone-manager/0.5.0-SNAPSHOT/hadoop-ozone-ozone-manager-0.5.0-SNAPSHOT.jar:/home/user/.m2/repository/org/apache/hadoop/hadoop-minikdc/3.2.0/hadoop-minikdc-3.2.0.jar:/home/user/.m2/repository/commons-io/commons-io/2.5/commons-io-2.5.jar:/home/user/.m2/repository/org/apache/kerby/kerb-simplekdc/1.0.1/kerb-simplekdc-1.0.1.jar:/home/user/.m2/repository/org/apache/kerby/kerb-client/1.0.1/kerb-client-1.0.1.jar:/home/user/.m2/repository/org/apache/kerby/kerby-config/1.0.1/kerby-config-1.0.1.jar:/home/user/.m2/repository/org/apache/kerby/kerb-core/1.0.1/kerb-core-1.0.1.jar:/home/user/.m2/repository/org/apache/kerby/kerby-pkix/1.0.1/kerby-pkix-1.0.1.jar:/home/user/.m2/repository/org/apache/kerby/kerby-asn1/1.0.1/kerby-asn1-1.0.1.jar:/home/user/.m2/repository/org/apache/kerby/kerby-util/1.0.1/kerby-util-1.0.1.jar:/home/user/.m2/repository/org/apache/kerby/kerb-common/1.0.1/kerb-common-1.0.1.jar:/home/user/.m2/repository/org/apache/kerby/kerb-crypto/1.0.1/kerb-crypto-1.0.1.jar:/home/user/.m2/repository/org/apache/kerby/kerb-util/1.0.1/kerb-util-1.0.1.jar:/home/user/.m2/repository/org/apache/kerby/token-provider/1.0.1/token-provider-1.0.1.jar:/home/user/.m2/repository/org/apache/kerby/kerb-admin/1.0.1/kerb-admin-1.0.1.jar:/home/user/.m2/repository/org/apache/kerby/kerb-server/1.0.1/kerb-server-1.0.1.jar:/home/user/.m2/repository/org/apache/kerby/kerb-identity/1.0.1/kerb-identity-1.0.1.jar:/home/user/.m2/repository/org/apache/kerby/kerby-xdr/1.0.1/kerby-xdr-1.0.1.jar:/home/user/.m2/repository/org/slf4j/slf4j-log4j12/1.7.25/slf4j-log4j12-1.7.25.jar:/home/user/.m2/repository/org/apache/hadoop/hadoop-ozone-objectstore-service/0.5.0-SNAPSHOT/hadoop-ozone-objectstore-service-0.5.0-SNAPSHOT.jar:/home/user/.m2/repository/org/apache/hadoop/hadoop-ozone-s3gateway/0.5.0-SNAPSHOT/hadoop-ozone-s3gateway-0.5.0-SNAPSHOT.jar:/home/user/.m2/repository/org/jboss/weld/servlet/weld-servlet/2.4.7.Final/weld-servlet-2.4.7.Final.jar:/home/user/.m2/repository/org/glassfish/jersey/containers/jersey-container-servlet-core/2.27/jersey-container-servlet-core-2.27.jar:/home/user/.m2/repository/org/glassfish/hk2/external/javax.inject/2.5.0-b42/javax.inject-2.5.0-b42.jar:/home/user/.m2/repository/org/glassfish/jersey/core/jersey-common/2.27/jersey-common-2.27.jar:/home/user/.m2/repository/org/glassfish/hk2/osgi-resource-locator/1.0.1/osgi-resource-locator-1.0.1.jar:/home/user/.m2/repository/javax/ws/rs/javax.ws.rs-api/2.1/javax.ws.rs-api-2.1.jar:/home/user/.m2/repository/org/glassfish/jersey/ext/cdi/jersey-cdi1x/2.27/jersey-cdi1x-2.27.jar:/home/user/.m2/repository/org/glassfish/jersey/inject/jersey-hk2/2.27/jersey-hk2-2.27.jar:/home/user/.m2/repository/org/glassfish/hk2/hk2-locator/2.5.0-b42/hk2-locator-2.5.0-b42.jar:/home/user/.m2/repository/org/javassist/javassist/3.22.0-CR2/javassist-3.22.0-CR2.jar:/home/user/.m2/repository/org/glassfish/hk2/hk2-api/2.5.0/hk2-api-2.5.0.jar:/home/user/.m2/repository/org/glassfish/hk2/external/jakarta.inject/2.5.0/jakarta.inject-2.5.0.jar:/home/user/.m2/repository/org/glassfish/hk2/hk2-utils/2.5.0/hk2-utils-2.5.0.jar:/home/user/.m2/repository/jakarta/annotation/jakarta.annotation-api/1.3.4/jakarta.annotation-api-1.3.4.jar:/home/user/.m2/repository/org/glassfish/hk2/external/aopalliance-repackaged/2.5.0/aopalliance-repackaged-2.5.0.jar:/home/user/.m2/repository/com/fasterxml/jackson/dataformat/jackson-dataformat-xml/2.9.0/jackson-dataformat-xml-2.9.0.jar:/home/user/.m2/repository/com/fasterxml/jackson/core/jackson-core/2.9.5/jackson-core-2.9.5.jar:/home/user/.m2/repository/com/fasterxml/jackson/module/jackson-module-jaxb-annotations/2.9.5/jackson-module-jaxb-annotations-2.9.5.jar:/home/user/.m2/repository/javax/enterprise/cdi-api/1.2/cdi-api-1.2.jar:/home/user/.m2/repository/javax/el/javax.el-api/3.0.0/javax.el-api-3.0.0.jar:/home/user/.m2/repository/javax/interceptor/javax.interceptor-api/1.2/javax.interceptor-api-1.2.jar:/home/user/.m2/repository/javax/inject/javax.inject/1/javax.inject-1.jar:/home/user/.m2/repository/com/sun/xml/bind/jaxb-impl/2.3.0.1/jaxb-impl-2.3.0.1.jar:/home/user/.m2/repository/com/sun/xml/bind/jaxb-core/2.3.0.1/jaxb-core-2.3.0.1.jar:/home/user/.m2/repository/javax/xml/bind/jaxb-api/2.3.0/jaxb-api-2.3.0.jar:/home/user/.m2/repository/javax/activation/activation/1.1.1/activation-1.1.1.jar:/home/user/.m2/repository/org/apache/hadoop/hadoop-ozone-csi/0.5.0-SNAPSHOT/hadoop-ozone-csi-0.5.0-SNAPSHOT.jar:/home/user/.m2/repository/com/google/protobuf/protobuf-java-util/3.5.1/protobuf-java-util-3.5.1.jar:/home/user/.m2/repository/org/apache/hadoop/hadoop-hdds-config/0.5.0-SNAPSHOT/hadoop-hdds-config-0.5.0-SNAPSHOT.jar:/home/user/.m2/repository/io/grpc/grpc-netty/1.17.1/grpc-netty-1.17.1.jar:/home/user/.m2/repository/io/grpc/grpc-core/1.17.1/grpc-core-1.17.1.jar:/home/user/.m2/repository/io/grpc/grpc-context/1.17.1/grpc-context-1.17.1.jar:/home/user/.m2/repository/com/google/errorprone/error_prone_annotations/2.2.0/error_prone_annotations-2.2.0.jar:/home/user/.m2/repository/org/codehaus/mojo/animal-sniffer-annotations/1.17/animal-sniffer-annotations-1.17.jar:/home/user/.m2/repository/io/opencensus/opencensus-api/0.17.0/opencensus-api-0.17.0.jar:/home/user/.m2/repository/io/opencensus/opencensus-contrib-grpc-metrics/0.17.0/opencensus-contrib-grpc-metrics-0.17.0.jar:/home/user/.m2/repository/io/netty/netty-codec-http2/4.1.30.Final/netty-codec-http2-4.1.30.Final.jar:/home/user/.m2/repository/io/netty/netty-codec-http/4.1.30.Final/netty-codec-http-4.1.30.Final.jar:/home/user/.m2/repository/io/netty/netty-codec/4.1.30.Final/netty-codec-4.1.30.Final.jar:/home/user/.m2/repository/io/netty/netty-handler/4.1.30.Final/netty-handler-4.1.30.Final.jar:/home/user/.m2/repository/io/netty/netty-handler-proxy/4.1.30.Final/netty-handler-proxy-4.1.30.Final.jar:/home/user/.m2/repository/io/netty/netty-codec-socks/4.1.30.Final/netty-codec-socks-4.1.30.Final.jar:/home/user/.m2/repository/io/netty/netty-transport-native-epoll/4.1.30.Final/netty-transport-native-epoll-4.1.30.Final.jar:/home/user/.m2/repository/io/netty/netty-common/4.1.30.Final/netty-common-4.1.30.Final.jar:/home/user/.m2/repository/io/netty/netty-buffer/4.1.30.Final/netty-buffer-4.1.30.Final.jar:/home/user/.m2/repository/io/netty/netty-transport/4.1.30.Final/netty-transport-4.1.30.Final.jar:/home/user/.m2/repository/io/netty/netty-resolver/4.1.30.Final/netty-resolver-4.1.30.Final.jar:/home/user/.m2/repository/io/netty/netty-transport-native-unix-common/4.1.30.Final/netty-transport-native-unix-common-4.1.30.Final.jar:/home/user/.m2/repository/io/grpc/grpc-protobuf/1.17.1/grpc-protobuf-1.17.1.jar:/home/user/.m2/repository/com/google/api/grpc/proto-google-common-protos/1.0.0/proto-google-common-protos-1.0.0.jar:/home/user/.m2/repository/io/grpc/grpc-protobuf-lite/1.17.1/grpc-protobuf-lite-1.17.1.jar:/home/user/.m2/repository/io/grpc/grpc-stub/1.17.1/grpc-stub-1.17.1.jar:/home/user/.m2/repository/org/apache/hadoop/hadoop-ozone-recon/0.5.0-SNAPSHOT/hadoop-ozone-recon-0.5.0-SNAPSHOT.jar:/home/user/.m2/repository/org/apache/hadoop/hadoop-ozone-reconcodegen/0.5.0-SNAPSHOT/hadoop-ozone-reconcodegen-0.5.0-SNAPSHOT.jar:/home/user/.m2/repository/com/google/inject/extensions/guice-multibindings/4.0/guice-multibindings-4.0.jar:/home/user/.m2/repository/com/google/inject/guice/4.0/guice-4.0.jar:/home/user/.m2/repository/aopalliance/aopalliance/1.0/aopalliance-1.0.jar:/home/user/.m2/repository/com/google/inject/extensions/guice-servlet/4.0/guice-servlet-4.0.jar:/home/user/.m2/repository/org/glassfish/jersey/containers/jersey-container-servlet/2.27/jersey-container-servlet-2.27.jar:/home/user/.m2/repository/org/glassfish/hk2/guice-bridge/2.5.0/guice-bridge-2.5.0.jar:/home/user/.m2/repository/org/glassfish/jersey/core/jersey-server/2.27/jersey-server-2.27.jar:/home/user/.m2/repository/org/glassfish/jersey/core/jersey-client/2.27/jersey-client-2.27.jar:/home/user/.m2/repository/org/glassfish/jersey/media/jersey-media-jaxb/2.27/jersey-media-jaxb-2.27.jar:/home/user/.m2/repository/javax/validation/validation-api/1.1.0.Final/validation-api-1.1.0.Final.jar:/home/user/.m2/repository/org/glassfish/jersey/media/jersey-media-json-jackson/2.27/jersey-media-json-jackson-2.27.jar:/home/user/.m2/repository/org/glassfish/jersey/ext/jersey-entity-filtering/2.27/jersey-entity-filtering-2.27.jar:/home/user/.m2/repository/com/google/inject/extensions/guice-assistedinject/4.0/guice-assistedinject-4.0.jar:/home/user/.m2/repository/org/jooq/jooq/3.11.10/jooq-3.11.10.jar:/home/user/.m2/repository/org/jooq/jooq-meta/3.11.10/jooq-meta-3.11.10.jar:/home/user/.m2/repository/org/jooq/jooq-codegen/3.11.10/jooq-codegen-3.11.10.jar:/home/user/.m2/repository/com/jolbox/bonecp/0.8.0.RELEASE/bonecp-0.8.0.RELEASE.jar:/home/user/.m2/repository/org/xerial/sqlite-jdbc/3.25.2/sqlite-jdbc-3.25.2.jar:/home/user/.m2/repository/org/springframework/spring-jdbc/5.1.3.RELEASE/spring-jdbc-5.1.3.RELEASE.jar:/home/user/.m2/repository/org/springframework/spring-beans/5.1.3.RELEASE/spring-beans-5.1.3.RELEASE.jar:/home/user/.m2/repository/org/springframework/spring-core/5.1.3.RELEASE/spring-core-5.1.3.RELEASE.jar:/home/user/.m2/repository/org/springframework/spring-jcl/5.1.3.RELEASE/spring-jcl-5.1.3.RELEASE.jar:/home/user/.m2/repository/org/springframework/spring-tx/5.1.3.RELEASE/spring-tx-5.1.3.RELEASE.jar:/home/user/.m2/repository/org/apache/hadoop/hadoop-ozone-client/0.5.0-SNAPSHOT/hadoop-ozone-client-0.5.0-SNAPSHOT.jar:/home/user/.m2/repository/commons-lang/commons-lang/2.6/commons-lang-2.6.jar:/home/user/.m2/repository/org/apache/hadoop/hadoop-ozone-ozone-manager/0.5.0-SNAPSHOT/hadoop-ozone-ozone-manager-0.5.0-SNAPSHOT-tests.jar:/home/user/.m2/repository/junit/junit/4.11/junit-4.11.jar:/home/user/.m2/repository/org/hamcrest/hamcrest-core/1.3/hamcrest-core-1.3.jar:/home/user/.m2/repository/org/openjdk/jmh/jmh-core/1.19/jmh-core-1.19.jar:/home/user/.m2/repository/net/sf/jopt-simple/jopt-simple/4.6/jopt-simple-4.6.jar:/home/user/.m2/repository/org/apache/commons/commons-math3/3.1.1/commons-math3-3.1.1.jar:/home/user/.m2/repository/org/openjdk/jmh/jmh-generator-annprocess/1.19/jmh-generator-annprocess-1.19.jar:/home/user/.m2/repository/org/mockito/mockito-all/1.8.5/mockito-all-1.8.5.jar:/home/user/.m2/repository/org/apache/hadoop/hadoop-kms/3.2.0/hadoop-kms-3.2.0.jar:/home/user/.m2/repository/org/apache/hadoop/hadoop-auth/3.2.0/hadoop-auth-3.2.0.jar:/home/user/.m2/repository/com/nimbusds/nimbus-jose-jwt/4.41.1/nimbus-jose-jwt-4.41.1.jar:/home/user/.m2/repository/com/github/stephenc/jcip/jcip-annotations/1.0-1/jcip-annotations-1.0-1.jar:/home/user/.m2/repository/net/minidev/json-smart/2.3/json-smart-2.3.jar:/home/user/.m2/repository/net/minidev/accessors-smart/1.2/accessors-smart-1.2.jar:/home/user/.m2/repository/org/ow2/asm/asm/5.0.4/asm-5.0.4.jar:/home/user/.m2/repository/org/apache/curator/curator-framework/2.12.0/curator-framework-2.12.0.jar:/home/user/.m2/repository/com/sun/jersey/jersey-core/1.19/jersey-core-1.19.jar:/home/user/.m2/repository/javax/ws/rs/jsr311-api/1.1.1/jsr311-api-1.1.1.jar:/home/user/.m2/repository/com/sun/jersey/jersey-server/1.19/jersey-server-1.19.jar:/home/user/.m2/repository/javax/servlet/javax.servlet-api/3.1.0/javax.servlet-api-3.1.0.jar:/home/user/.m2/repository/org/eclipse/jetty/jetty-server/9.3.24.v20180605/jetty-server-9.3.24.v20180605.jar:/home/user/.m2/repository/org/eclipse/jetty/jetty-http/9.3.24.v20180605/jetty-http-9.3.24.v20180605.jar:/home/user/.m2/repository/org/eclipse/jetty/jetty-io/9.3.24.v20180605/jetty-io-9.3.24.v20180605.jar:/home/user/.m2/repository/org/eclipse/jetty/jetty-webapp/9.3.24.v20180605/jetty-webapp-9.3.24.v20180605.jar:/home/user/.m2/repository/org/eclipse/jetty/jetty-xml/9.3.24.v20180605/jetty-xml-9.3.24.v20180605.jar:/home/user/.m2/repository/log4j/log4j/1.2.17/log4j-1.2.17.jar:/home/user/.m2/repository/org/slf4j/slf4j-api/1.7.25/slf4j-api-1.7.25.jar:/home/user/.m2/repository/org/slf4j/jul-to-slf4j/1.7.25/jul-to-slf4j-1.7.25.jar:/home/user/.m2/repository/org/eclipse/jetty/jetty-util/9.3.24.v20180605/jetty-util-9.3.24.v20180605.jar:/home/user/.m2/repository/com/fasterxml/jackson/core/jackson-databind/2.9.5/jackson-databind-2.9.5.jar:/home/user/.m2/repository/org/apache/hadoop/hadoop-kms/3.2.0/hadoop-kms-3.2.0-tests.jar:/home/user/.m2/repository/org/apache/hadoop/hadoop-hdds-server-scm/0.5.0-SNAPSHOT/hadoop-hdds-server-scm-0.5.0-SNAPSHOT-tests.jar:/home/user/.m2/repository/org/apache/hadoop/hadoop-hdds-container-service/0.5.0-SNAPSHOT/hadoop-hdds-container-service-0.5.0-SNAPSHOT-tests.jar:/home/user/.m2/repository/org/yaml/snakeyaml/1.16/snakeyaml-1.16.jar:/home/user/.m2/repository/org/apache/hadoop/hadoop-common/3.2.0/hadoop-common-3.2.0-tests.jar:/home/user/.m2/repository/org/apache/hadoop/hadoop-annotations/3.2.0/hadoop-annotations-3.2.0.jar:/usr/lib/jvm/java-1.8-openjdk/jre/../lib/tools.jar:/home/user/.m2/repository/commons-cli/commons-cli/1.2/commons-cli-1.2.jar:/home/user/.m2/repository/org/apache/httpcomponents/httpclient/4.5.2/httpclient-4.5.2.jar:/home/user/.m2/repository/org/apache/httpcomponents/httpcore/4.4.4/httpcore-4.4.4.jar:/home/user/.m2/repository/commons-codec/commons-codec/1.11/commons-codec-1.11.jar:/home/user/.m2/repository/commons-net/commons-net/3.6/commons-net-3.6.jar:/home/user/.m2/repository/commons-collections/commons-collections/3.2.2/commons-collections-3.2.2.jar:/home/user/.m2/repository/org/eclipse/jetty/jetty-servlet/9.3.24.v20180605/jetty-servlet-9.3.24.v20180605.jar:/home/user/.m2/repository/org/eclipse/jetty/jetty-security/9.3.24.v20180605/jetty-security-9.3.24.v20180605.jar:/home/user/.m2/repository/javax/servlet/jsp/jsp-api/2.1/jsp-api-2.1.jar:/home/user/.m2/repository/com/sun/jersey/jersey-servlet/1.19/jersey-servlet-1.19.jar:/home/user/.m2/repository/com/sun/jersey/jersey-json/1.19/jersey-json-1.19.jar:/home/user/.m2/repository/org/codehaus/jettison/jettison/1.1/jettison-1.1.jar:/home/user/.m2/repository/org/codehaus/jackson/jackson-core-asl/1.9.13/jackson-core-asl-1.9.13.jar:/home/user/.m2/repository/org/codehaus/jackson/jackson-mapper-asl/1.9.13/jackson-mapper-asl-1.9.13.jar:/home/user/.m2/repository/org/codehaus/jackson/jackson-jaxrs/1.9.13/jackson-jaxrs-1.9.13.jar:/home/user/.m2/repository/org/codehaus/jackson/jackson-xc/1.9.13/jackson-xc-1.9.13.jar:/home/user/.m2/repository/commons-logging/commons-logging/1.1.3/commons-logging-1.1.3.jar:/home/user/.m2/repository/commons-beanutils/commons-beanutils/1.9.3/commons-beanutils-1.9.3.jar:/home/user/.m2/repository/org/apache/commons/commons-configuration2/2.1.1/commons-configuration2-2.1.1.jar:/home/user/.m2/repository/org/apache/commons/commons-lang3/3.7/commons-lang3-3.7.jar:/home/user/.m2/repository/org/apache/commons/commons-text/1.4/commons-text-1.4.jar:/home/user/.m2/repository/org/apache/avro/avro/1.7.7/avro-1.7.7.jar:/home/user/.m2/repository/com/thoughtworks/paranamer/paranamer/2.3/paranamer-2.3.jar:/home/user/.m2/repository/org/xerial/snappy/snappy-java/1.0.5/snappy-java-1.0.5.jar:/home/user/.m2/repository/com/google/re2j/re2j/1.1/re2j-1.1.jar:/home/user/.m2/repository/com/google/code/gson/gson/2.2.4/gson-2.2.4.jar:/home/user/.m2/repository/com/jcraft/jsch/0.1.54/jsch-0.1.54.jar:/home/user/.m2/repository/org/apache/curator/curator-client/2.12.0/curator-client-2.12.0.jar:/home/user/.m2/repository/org/apache/curator/curator-recipes/2.12.0/curator-recipes-2.12.0.jar:/home/user/.m2/repository/com/google/code/findbugs/jsr305/3.0.0/jsr305-3.0.0.jar:/home/user/.m2/repository/org/apache/htrace/htrace-core4/4.1.0-incubating/htrace-core4-4.1.0-incubating.jar:/home/user/.m2/repository/org/apache/zookeeper/zookeeper/3.4.13/zookeeper-3.4.13.jar:/home/user/.m2/repository/org/apache/yetus/audience-annotations/0.5.0/audience-annotations-0.5.0.jar:/home/user/.m2/repository/org/codehaus/woodstox/stax2-api/3.1.4/stax2-api-3.1.4.jar:/home/user/.m2/repository/com/fasterxml/woodstox/woodstox-core/5.0.3/woodstox-core-5.0.3.jar:/home/user/.m2/repository/dnsjava/dnsjava/2.1.7/dnsjava-2.1.7.jar:/home/user/.m2/repository/org/apache/hadoop/hadoop-hdfs/3.2.0/hadoop-hdfs-3.2.0-tests.jar:/home/user/.m2/repository/org/eclipse/jetty/jetty-util-ajax/9.3.24.v20180605/jetty-util-ajax-9.3.24.v20180605.jar:/home/user/.m2/repository/commons-daemon/commons-daemon/1.0.13/commons-daemon-1.0.13.jar:/home/user/.m2/repository/io/netty/netty/3.10.5.Final/netty-3.10.5.Final.jar:/home/user/.m2/repository/io/netty/netty-all/4.0.52.Final/netty-all-4.0.52.Final.jar:/home/user/.m2/repository/org/fusesource/leveldbjni/leveldbjni-all/1.8/leveldbjni-all-1.8.jar:"/>
    <property name="java.vm.vendor" value="IcedTea"/>
    <property name="sun.arch.data.model" value="64"/>
    <property name="test.build.dir" value="/workdir/hadoop-ozone/integration-test/target/test-dir"/>
    <property name="test.cache.data" value=""/>
    <property name="java.vendor.url" value="https://icedtea.classpath.org"/>
    <property name="user.timezone" value=""/>
    <property name="java.vm.specification.version" value="1.8"/>
    <property name="os.name" value="Linux"/>
    <property name="test.build.data" value="/workdir/hadoop-ozone/integration-test/target/test-dir"/>
    <property name="user.country" value="US"/>
    <property name="sun.java.launcher" value="SUN_STANDARD"/>
    <property name="sun.boot.library.path" value="/usr/lib/jvm/java-1.8-openjdk/jre/lib/amd64"/>
    <property name="sun.java.command" value="/workdir/hadoop-ozone/integration-test/target/surefire/surefirebooter8238873189001259472.jar /workdir/hadoop-ozone/integration-test/target/surefire 2019-08-20T14-44-38_007-jvmRun1 surefire3905104431378442678tmp surefire_204132149226468567022tmp"/>
    <property name="test" value="!TestMiniChaosOzoneCluster"/>
    <property name="surefire.test.class.path" value="/workdir/hadoop-ozone/integration-test/target/test-classes:/workdir/hadoop-ozone/integration-test/target/classes:/home/user/.m2/repository/org/apache/hadoop/hadoop-ozone-common/0.5.0-SNAPSHOT/hadoop-ozone-common-0.5.0-SNAPSHOT.jar:/home/user/.m2/repository/org/apache/commons/commons-compress/1.4.1/commons-compress-1.4.1.jar:/home/user/.m2/repository/org/tukaani/xz/1.0/xz-1.0.jar:/home/user/.m2/repository/org/apache/hadoop/hadoop-common/3.2.0/hadoop-common-3.2.0.jar:/home/user/.m2/repository/org/apache/hadoop/hadoop-hdfs/3.2.0/hadoop-hdfs-3.2.0.jar:/home/user/.m2/repository/org/apache/hadoop/hadoop-hdfs-client/3.2.0/hadoop-hdfs-client-3.2.0.jar:/home/user/.m2/repository/com/fasterxml/jackson/core/jackson-annotations/2.9.5/jackson-annotations-2.9.5.jar:/home/user/.m2/repository/org/apache/hadoop/hadoop-hdds-common/0.5.0-SNAPSHOT/hadoop-hdds-common-0.5.0-SNAPSHOT.jar:/home/user/.m2/repository/javax/annotation/javax.annotation-api/1.2/javax.annotation-api-1.2.jar:/home/user/.m2/repository/org/apache/ratis/ratis-server/0.4.0-2337318-SNAPSHOT/ratis-server-0.4.0-2337318-SNAPSHOT.jar:/home/user/.m2/repository/org/apache/ratis/ratis-thirdparty-misc/0.2.0/ratis-thirdparty-misc-0.2.0.jar:/home/user/.m2/repository/org/apache/ratis/ratis-proto/0.4.0-2337318-SNAPSHOT/ratis-proto-0.4.0-2337318-SNAPSHOT.jar:/home/user/.m2/repository/org/apache/ratis/ratis-common/0.4.0-2337318-SNAPSHOT/ratis-common-0.4.0-2337318-SNAPSHOT.jar:/home/user/.m2/repository/org/apache/ratis/ratis-client/0.4.0-2337318-SNAPSHOT/ratis-client-0.4.0-2337318-SNAPSHOT.jar:/home/user/.m2/repository/org/apache/ratis/ratis-metrics/0.4.0-2337318-SNAPSHOT/ratis-metrics-0.4.0-2337318-SNAPSHOT.jar:/home/user/.m2/repository/org/apache/ratis/ratis-netty/0.4.0-2337318-SNAPSHOT/ratis-netty-0.4.0-2337318-SNAPSHOT.jar:/home/user/.m2/repository/org/apache/ratis/ratis-grpc/0.4.0-2337318-SNAPSHOT/ratis-grpc-0.4.0-2337318-SNAPSHOT.jar:/home/user/.m2/repository/org/rocksdb/rocksdbjni/6.0.1/rocksdbjni-6.0.1.jar:/home/user/.m2/repository/org/apache/logging/log4j/log4j-api/2.11.0/log4j-api-2.11.0.jar:/home/user/.m2/repository/org/apache/logging/log4j/log4j-core/2.11.0/log4j-core-2.11.0.jar:/home/user/.m2/repository/com/lmax/disruptor/3.4.2/disruptor-3.4.2.jar:/home/user/.m2/repository/org/apache/commons/commons-pool2/2.6.0/commons-pool2-2.6.0.jar:/home/user/.m2/repository/org/bouncycastle/bcpkix-jdk15on/1.60/bcpkix-jdk15on-1.60.jar:/home/user/.m2/repository/commons-validator/commons-validator/1.6/commons-validator-1.6.jar:/home/user/.m2/repository/commons-digester/commons-digester/1.8.1/commons-digester-1.8.1.jar:/home/user/.m2/repository/io/jaegertracing/jaeger-client/0.33.1/jaeger-client-0.33.1.jar:/home/user/.m2/repository/io/jaegertracing/jaeger-thrift/0.33.1/jaeger-thrift-0.33.1.jar:/home/user/.m2/repository/org/apache/thrift/libthrift/0.11.0/libthrift-0.11.0.jar:/home/user/.m2/repository/com/squareup/okhttp3/okhttp/3.9.0/okhttp-3.9.0.jar:/home/user/.m2/repository/com/squareup/okio/okio/1.13.0/okio-1.13.0.jar:/home/user/.m2/repository/io/jaegertracing/jaeger-core/0.33.1/jaeger-core-0.33.1.jar:/home/user/.m2/repository/io/jaegertracing/jaeger-tracerresolver/0.33.1/jaeger-tracerresolver-0.33.1.jar:/home/user/.m2/repository/io/opentracing/contrib/opentracing-tracerresolver/0.1.5/opentracing-tracerresolver-0.1.5.jar:/home/user/.m2/repository/io/opentracing/opentracing-util/0.31.0/opentracing-util-0.31.0.jar:/home/user/.m2/repository/io/opentracing/opentracing-api/0.31.0/opentracing-api-0.31.0.jar:/home/user/.m2/repository/io/opentracing/opentracing-noop/0.31.0/opentracing-noop-0.31.0.jar:/home/user/.m2/repository/org/apache/hadoop/hadoop-hdds-server-framework/0.5.0-SNAPSHOT/hadoop-hdds-server-framework-0.5.0-SNAPSHOT.jar:/home/user/.m2/repository/org/apache/hadoop/hadoop-hdds-container-service/0.5.0-SNAPSHOT/hadoop-hdds-container-service-0.5.0-SNAPSHOT.jar:/home/user/.m2/repository/org/apache/hadoop/hadoop-hdds-client/0.5.0-SNAPSHOT/hadoop-hdds-client-0.5.0-SNAPSHOT.jar:/home/user/.m2/repository/org/apache/hadoop/hadoop-hdds-tools/0.5.0-SNAPSHOT/hadoop-hdds-tools-0.5.0-SNAPSHOT.jar:/home/user/.m2/repository/org/apache/hadoop/hadoop-hdds-server-scm/0.5.0-SNAPSHOT/hadoop-hdds-server-scm-0.5.0-SNAPSHOT.jar:/home/user/.m2/repository/org/apache/hadoop/hadoop-hdds-docs/0.5.0-SNAPSHOT/hadoop-hdds-docs-0.5.0-SNAPSHOT.jar:/home/user/.m2/repository/io/dropwizard/metrics/metrics-core/3.2.4/metrics-core-3.2.4.jar:/home/user/.m2/repository/org/hamcrest/hamcrest-all/1.3/hamcrest-all-1.3.jar:/home/user/.m2/repository/org/bouncycastle/bcprov-jdk15on/1.60/bcprov-jdk15on-1.60.jar:/home/user/.m2/repository/info/picocli/picocli/3.9.6/picocli-3.9.6.jar:/home/user/.m2/repository/com/google/protobuf/protobuf-java/2.5.0/protobuf-java-2.5.0.jar:/home/user/.m2/repository/com/google/guava/guava/11.0.2/guava-11.0.2.jar:/home/user/.m2/repository/org/apache/hadoop/hadoop-ozone-ozone-manager/0.5.0-SNAPSHOT/hadoop-ozone-ozone-manager-0.5.0-SNAPSHOT.jar:/home/user/.m2/repository/org/apache/hadoop/hadoop-minikdc/3.2.0/hadoop-minikdc-3.2.0.jar:/home/user/.m2/repository/commons-io/commons-io/2.5/commons-io-2.5.jar:/home/user/.m2/repository/org/apache/kerby/kerb-simplekdc/1.0.1/kerb-simplekdc-1.0.1.jar:/home/user/.m2/repository/org/apache/kerby/kerb-client/1.0.1/kerb-client-1.0.1.jar:/home/user/.m2/repository/org/apache/kerby/kerby-config/1.0.1/kerby-config-1.0.1.jar:/home/user/.m2/repository/org/apache/kerby/kerb-core/1.0.1/kerb-core-1.0.1.jar:/home/user/.m2/repository/org/apache/kerby/kerby-pkix/1.0.1/kerby-pkix-1.0.1.jar:/home/user/.m2/repository/org/apache/kerby/kerby-asn1/1.0.1/kerby-asn1-1.0.1.jar:/home/user/.m2/repository/org/apache/kerby/kerby-util/1.0.1/kerby-util-1.0.1.jar:/home/user/.m2/repository/org/apache/kerby/kerb-common/1.0.1/kerb-common-1.0.1.jar:/home/user/.m2/repository/org/apache/kerby/kerb-crypto/1.0.1/kerb-crypto-1.0.1.jar:/home/user/.m2/repository/org/apache/kerby/kerb-util/1.0.1/kerb-util-1.0.1.jar:/home/user/.m2/repository/org/apache/kerby/token-provider/1.0.1/token-provider-1.0.1.jar:/home/user/.m2/repository/org/apache/kerby/kerb-admin/1.0.1/kerb-admin-1.0.1.jar:/home/user/.m2/repository/org/apache/kerby/kerb-server/1.0.1/kerb-server-1.0.1.jar:/home/user/.m2/repository/org/apache/kerby/kerb-identity/1.0.1/kerb-identity-1.0.1.jar:/home/user/.m2/repository/org/apache/kerby/kerby-xdr/1.0.1/kerby-xdr-1.0.1.jar:/home/user/.m2/repository/org/slf4j/slf4j-log4j12/1.7.25/slf4j-log4j12-1.7.25.jar:/home/user/.m2/repository/org/apache/hadoop/hadoop-ozone-objectstore-service/0.5.0-SNAPSHOT/hadoop-ozone-objectstore-service-0.5.0-SNAPSHOT.jar:/home/user/.m2/repository/org/apache/hadoop/hadoop-ozone-s3gateway/0.5.0-SNAPSHOT/hadoop-ozone-s3gateway-0.5.0-SNAPSHOT.jar:/home/user/.m2/repository/org/jboss/weld/servlet/weld-servlet/2.4.7.Final/weld-servlet-2.4.7.Final.jar:/home/user/.m2/repository/org/glassfish/jersey/containers/jersey-container-servlet-core/2.27/jersey-container-servlet-core-2.27.jar:/home/user/.m2/repository/org/glassfish/hk2/external/javax.inject/2.5.0-b42/javax.inject-2.5.0-b42.jar:/home/user/.m2/repository/org/glassfish/jersey/core/jersey-common/2.27/jersey-common-2.27.jar:/home/user/.m2/repository/org/glassfish/hk2/osgi-resource-locator/1.0.1/osgi-resource-locator-1.0.1.jar:/home/user/.m2/repository/javax/ws/rs/javax.ws.rs-api/2.1/javax.ws.rs-api-2.1.jar:/home/user/.m2/repository/org/glassfish/jersey/ext/cdi/jersey-cdi1x/2.27/jersey-cdi1x-2.27.jar:/home/user/.m2/repository/org/glassfish/jersey/inject/jersey-hk2/2.27/jersey-hk2-2.27.jar:/home/user/.m2/repository/org/glassfish/hk2/hk2-locator/2.5.0-b42/hk2-locator-2.5.0-b42.jar:/home/user/.m2/repository/org/javassist/javassist/3.22.0-CR2/javassist-3.22.0-CR2.jar:/home/user/.m2/repository/org/glassfish/hk2/hk2-api/2.5.0/hk2-api-2.5.0.jar:/home/user/.m2/repository/org/glassfish/hk2/external/jakarta.inject/2.5.0/jakarta.inject-2.5.0.jar:/home/user/.m2/repository/org/glassfish/hk2/hk2-utils/2.5.0/hk2-utils-2.5.0.jar:/home/user/.m2/repository/jakarta/annotation/jakarta.annotation-api/1.3.4/jakarta.annotation-api-1.3.4.jar:/home/user/.m2/repository/org/glassfish/hk2/external/aopalliance-repackaged/2.5.0/aopalliance-repackaged-2.5.0.jar:/home/user/.m2/repository/com/fasterxml/jackson/dataformat/jackson-dataformat-xml/2.9.0/jackson-dataformat-xml-2.9.0.jar:/home/user/.m2/repository/com/fasterxml/jackson/core/jackson-core/2.9.5/jackson-core-2.9.5.jar:/home/user/.m2/repository/com/fasterxml/jackson/module/jackson-module-jaxb-annotations/2.9.5/jackson-module-jaxb-annotations-2.9.5.jar:/home/user/.m2/repository/javax/enterprise/cdi-api/1.2/cdi-api-1.2.jar:/home/user/.m2/repository/javax/el/javax.el-api/3.0.0/javax.el-api-3.0.0.jar:/home/user/.m2/repository/javax/interceptor/javax.interceptor-api/1.2/javax.interceptor-api-1.2.jar:/home/user/.m2/repository/javax/inject/javax.inject/1/javax.inject-1.jar:/home/user/.m2/repository/com/sun/xml/bind/jaxb-impl/2.3.0.1/jaxb-impl-2.3.0.1.jar:/home/user/.m2/repository/com/sun/xml/bind/jaxb-core/2.3.0.1/jaxb-core-2.3.0.1.jar:/home/user/.m2/repository/javax/xml/bind/jaxb-api/2.3.0/jaxb-api-2.3.0.jar:/home/user/.m2/repository/javax/activation/activation/1.1.1/activation-1.1.1.jar:/home/user/.m2/repository/org/apache/hadoop/hadoop-ozone-csi/0.5.0-SNAPSHOT/hadoop-ozone-csi-0.5.0-SNAPSHOT.jar:/home/user/.m2/repository/com/google/protobuf/protobuf-java-util/3.5.1/protobuf-java-util-3.5.1.jar:/home/user/.m2/repository/org/apache/hadoop/hadoop-hdds-config/0.5.0-SNAPSHOT/hadoop-hdds-config-0.5.0-SNAPSHOT.jar:/home/user/.m2/repository/io/grpc/grpc-netty/1.17.1/grpc-netty-1.17.1.jar:/home/user/.m2/repository/io/grpc/grpc-core/1.17.1/grpc-core-1.17.1.jar:/home/user/.m2/repository/io/grpc/grpc-context/1.17.1/grpc-context-1.17.1.jar:/home/user/.m2/repository/com/google/errorprone/error_prone_annotations/2.2.0/error_prone_annotations-2.2.0.jar:/home/user/.m2/repository/org/codehaus/mojo/animal-sniffer-annotations/1.17/animal-sniffer-annotations-1.17.jar:/home/user/.m2/repository/io/opencensus/opencensus-api/0.17.0/opencensus-api-0.17.0.jar:/home/user/.m2/repository/io/opencensus/opencensus-contrib-grpc-metrics/0.17.0/opencensus-contrib-grpc-metrics-0.17.0.jar:/home/user/.m2/repository/io/netty/netty-codec-http2/4.1.30.Final/netty-codec-http2-4.1.30.Final.jar:/home/user/.m2/repository/io/netty/netty-codec-http/4.1.30.Final/netty-codec-http-4.1.30.Final.jar:/home/user/.m2/repository/io/netty/netty-codec/4.1.30.Final/netty-codec-4.1.30.Final.jar:/home/user/.m2/repository/io/netty/netty-handler/4.1.30.Final/netty-handler-4.1.30.Final.jar:/home/user/.m2/repository/io/netty/netty-handler-proxy/4.1.30.Final/netty-handler-proxy-4.1.30.Final.jar:/home/user/.m2/repository/io/netty/netty-codec-socks/4.1.30.Final/netty-codec-socks-4.1.30.Final.jar:/home/user/.m2/repository/io/netty/netty-transport-native-epoll/4.1.30.Final/netty-transport-native-epoll-4.1.30.Final.jar:/home/user/.m2/repository/io/netty/netty-common/4.1.30.Final/netty-common-4.1.30.Final.jar:/home/user/.m2/repository/io/netty/netty-buffer/4.1.30.Final/netty-buffer-4.1.30.Final.jar:/home/user/.m2/repository/io/netty/netty-transport/4.1.30.Final/netty-transport-4.1.30.Final.jar:/home/user/.m2/repository/io/netty/netty-resolver/4.1.30.Final/netty-resolver-4.1.30.Final.jar:/home/user/.m2/repository/io/netty/netty-transport-native-unix-common/4.1.30.Final/netty-transport-native-unix-common-4.1.30.Final.jar:/home/user/.m2/repository/io/grpc/grpc-protobuf/1.17.1/grpc-protobuf-1.17.1.jar:/home/user/.m2/repository/com/google/api/grpc/proto-google-common-protos/1.0.0/proto-google-common-protos-1.0.0.jar:/home/user/.m2/repository/io/grpc/grpc-protobuf-lite/1.17.1/grpc-protobuf-lite-1.17.1.jar:/home/user/.m2/repository/io/grpc/grpc-stub/1.17.1/grpc-stub-1.17.1.jar:/home/user/.m2/repository/org/apache/hadoop/hadoop-ozone-recon/0.5.0-SNAPSHOT/hadoop-ozone-recon-0.5.0-SNAPSHOT.jar:/home/user/.m2/repository/org/apache/hadoop/hadoop-ozone-reconcodegen/0.5.0-SNAPSHOT/hadoop-ozone-reconcodegen-0.5.0-SNAPSHOT.jar:/home/user/.m2/repository/com/google/inject/extensions/guice-multibindings/4.0/guice-multibindings-4.0.jar:/home/user/.m2/repository/com/google/inject/guice/4.0/guice-4.0.jar:/home/user/.m2/repository/aopalliance/aopalliance/1.0/aopalliance-1.0.jar:/home/user/.m2/repository/com/google/inject/extensions/guice-servlet/4.0/guice-servlet-4.0.jar:/home/user/.m2/repository/org/glassfish/jersey/containers/jersey-container-servlet/2.27/jersey-container-servlet-2.27.jar:/home/user/.m2/repository/org/glassfish/hk2/guice-bridge/2.5.0/guice-bridge-2.5.0.jar:/home/user/.m2/repository/org/glassfish/jersey/core/jersey-server/2.27/jersey-server-2.27.jar:/home/user/.m2/repository/org/glassfish/jersey/core/jersey-client/2.27/jersey-client-2.27.jar:/home/user/.m2/repository/org/glassfish/jersey/media/jersey-media-jaxb/2.27/jersey-media-jaxb-2.27.jar:/home/user/.m2/repository/javax/validation/validation-api/1.1.0.Final/validation-api-1.1.0.Final.jar:/home/user/.m2/repository/org/glassfish/jersey/media/jersey-media-json-jackson/2.27/jersey-media-json-jackson-2.27.jar:/home/user/.m2/repository/org/glassfish/jersey/ext/jersey-entity-filtering/2.27/jersey-entity-filtering-2.27.jar:/home/user/.m2/repository/com/google/inject/extensions/guice-assistedinject/4.0/guice-assistedinject-4.0.jar:/home/user/.m2/repository/org/jooq/jooq/3.11.10/jooq-3.11.10.jar:/home/user/.m2/repository/org/jooq/jooq-meta/3.11.10/jooq-meta-3.11.10.jar:/home/user/.m2/repository/org/jooq/jooq-codegen/3.11.10/jooq-codegen-3.11.10.jar:/home/user/.m2/repository/com/jolbox/bonecp/0.8.0.RELEASE/bonecp-0.8.0.RELEASE.jar:/home/user/.m2/repository/org/xerial/sqlite-jdbc/3.25.2/sqlite-jdbc-3.25.2.jar:/home/user/.m2/repository/org/springframework/spring-jdbc/5.1.3.RELEASE/spring-jdbc-5.1.3.RELEASE.jar:/home/user/.m2/repository/org/springframework/spring-beans/5.1.3.RELEASE/spring-beans-5.1.3.RELEASE.jar:/home/user/.m2/repository/org/springframework/spring-core/5.1.3.RELEASE/spring-core-5.1.3.RELEASE.jar:/home/user/.m2/repository/org/springframework/spring-jcl/5.1.3.RELEASE/spring-jcl-5.1.3.RELEASE.jar:/home/user/.m2/repository/org/springframework/spring-tx/5.1.3.RELEASE/spring-tx-5.1.3.RELEASE.jar:/home/user/.m2/repository/org/apache/hadoop/hadoop-ozone-client/0.5.0-SNAPSHOT/hadoop-ozone-client-0.5.0-SNAPSHOT.jar:/home/user/.m2/repository/commons-lang/commons-lang/2.6/commons-lang-2.6.jar:/home/user/.m2/repository/org/apache/hadoop/hadoop-ozone-ozone-manager/0.5.0-SNAPSHOT/hadoop-ozone-ozone-manager-0.5.0-SNAPSHOT-tests.jar:/home/user/.m2/repository/junit/junit/4.11/junit-4.11.jar:/home/user/.m2/repository/org/hamcrest/hamcrest-core/1.3/hamcrest-core-1.3.jar:/home/user/.m2/repository/org/openjdk/jmh/jmh-core/1.19/jmh-core-1.19.jar:/home/user/.m2/repository/net/sf/jopt-simple/jopt-simple/4.6/jopt-simple-4.6.jar:/home/user/.m2/repository/org/apache/commons/commons-math3/3.1.1/commons-math3-3.1.1.jar:/home/user/.m2/repository/org/openjdk/jmh/jmh-generator-annprocess/1.19/jmh-generator-annprocess-1.19.jar:/home/user/.m2/repository/org/mockito/mockito-all/1.8.5/mockito-all-1.8.5.jar:/home/user/.m2/repository/org/apache/hadoop/hadoop-kms/3.2.0/hadoop-kms-3.2.0.jar:/home/user/.m2/repository/org/apache/hadoop/hadoop-auth/3.2.0/hadoop-auth-3.2.0.jar:/home/user/.m2/repository/com/nimbusds/nimbus-jose-jwt/4.41.1/nimbus-jose-jwt-4.41.1.jar:/home/user/.m2/repository/com/github/stephenc/jcip/jcip-annotations/1.0-1/jcip-annotations-1.0-1.jar:/home/user/.m2/repository/net/minidev/json-smart/2.3/json-smart-2.3.jar:/home/user/.m2/repository/net/minidev/accessors-smart/1.2/accessors-smart-1.2.jar:/home/user/.m2/repository/org/ow2/asm/asm/5.0.4/asm-5.0.4.jar:/home/user/.m2/repository/org/apache/curator/curator-framework/2.12.0/curator-framework-2.12.0.jar:/home/user/.m2/repository/com/sun/jersey/jersey-core/1.19/jersey-core-1.19.jar:/home/user/.m2/repository/javax/ws/rs/jsr311-api/1.1.1/jsr311-api-1.1.1.jar:/home/user/.m2/repository/com/sun/jersey/jersey-server/1.19/jersey-server-1.19.jar:/home/user/.m2/repository/javax/servlet/javax.servlet-api/3.1.0/javax.servlet-api-3.1.0.jar:/home/user/.m2/repository/org/eclipse/jetty/jetty-server/9.3.24.v20180605/jetty-server-9.3.24.v20180605.jar:/home/user/.m2/repository/org/eclipse/jetty/jetty-http/9.3.24.v20180605/jetty-http-9.3.24.v20180605.jar:/home/user/.m2/repository/org/eclipse/jetty/jetty-io/9.3.24.v20180605/jetty-io-9.3.24.v20180605.jar:/home/user/.m2/repository/org/eclipse/jetty/jetty-webapp/9.3.24.v20180605/jetty-webapp-9.3.24.v20180605.jar:/home/user/.m2/repository/org/eclipse/jetty/jetty-xml/9.3.24.v20180605/jetty-xml-9.3.24.v20180605.jar:/home/user/.m2/repository/log4j/log4j/1.2.17/log4j-1.2.17.jar:/home/user/.m2/repository/org/slf4j/slf4j-api/1.7.25/slf4j-api-1.7.25.jar:/home/user/.m2/repository/org/slf4j/jul-to-slf4j/1.7.25/jul-to-slf4j-1.7.25.jar:/home/user/.m2/repository/org/eclipse/jetty/jetty-util/9.3.24.v20180605/jetty-util-9.3.24.v20180605.jar:/home/user/.m2/repository/com/fasterxml/jackson/core/jackson-databind/2.9.5/jackson-databind-2.9.5.jar:/home/user/.m2/repository/org/apache/hadoop/hadoop-kms/3.2.0/hadoop-kms-3.2.0-tests.jar:/home/user/.m2/repository/org/apache/hadoop/hadoop-hdds-server-scm/0.5.0-SNAPSHOT/hadoop-hdds-server-scm-0.5.0-SNAPSHOT-tests.jar:/home/user/.m2/repository/org/apache/hadoop/hadoop-hdds-container-service/0.5.0-SNAPSHOT/hadoop-hdds-container-service-0.5.0-SNAPSHOT-tests.jar:/home/user/.m2/repository/org/yaml/snakeyaml/1.16/snakeyaml-1.16.jar:/home/user/.m2/repository/org/apache/hadoop/hadoop-common/3.2.0/hadoop-common-3.2.0-tests.jar:/home/user/.m2/repository/org/apache/hadoop/hadoop-annotations/3.2.0/hadoop-annotations-3.2.0.jar:/usr/lib/jvm/java-1.8-openjdk/jre/../lib/tools.jar:/home/user/.m2/repository/commons-cli/commons-cli/1.2/commons-cli-1.2.jar:/home/user/.m2/repository/org/apache/httpcomponents/httpclient/4.5.2/httpclient-4.5.2.jar:/home/user/.m2/repository/org/apache/httpcomponents/httpcore/4.4.4/httpcore-4.4.4.jar:/home/user/.m2/repository/commons-codec/commons-codec/1.11/commons-codec-1.11.jar:/home/user/.m2/repository/commons-net/commons-net/3.6/commons-net-3.6.jar:/home/user/.m2/repository/commons-collections/commons-collections/3.2.2/commons-collections-3.2.2.jar:/home/user/.m2/repository/org/eclipse/jetty/jetty-servlet/9.3.24.v20180605/jetty-servlet-9.3.24.v20180605.jar:/home/user/.m2/repository/org/eclipse/jetty/jetty-security/9.3.24.v20180605/jetty-security-9.3.24.v20180605.jar:/home/user/.m2/repository/javax/servlet/jsp/jsp-api/2.1/jsp-api-2.1.jar:/home/user/.m2/repository/com/sun/jersey/jersey-servlet/1.19/jersey-servlet-1.19.jar:/home/user/.m2/repository/com/sun/jersey/jersey-json/1.19/jersey-json-1.19.jar:/home/user/.m2/repository/org/codehaus/jettison/jettison/1.1/jettison-1.1.jar:/home/user/.m2/repository/org/codehaus/jackson/jackson-core-asl/1.9.13/jackson-core-asl-1.9.13.jar:/home/user/.m2/repository/org/codehaus/jackson/jackson-mapper-asl/1.9.13/jackson-mapper-asl-1.9.13.jar:/home/user/.m2/repository/org/codehaus/jackson/jackson-jaxrs/1.9.13/jackson-jaxrs-1.9.13.jar:/home/user/.m2/repository/org/codehaus/jackson/jackson-xc/1.9.13/jackson-xc-1.9.13.jar:/home/user/.m2/repository/commons-logging/commons-logging/1.1.3/commons-logging-1.1.3.jar:/home/user/.m2/repository/commons-beanutils/commons-beanutils/1.9.3/commons-beanutils-1.9.3.jar:/home/user/.m2/repository/org/apache/commons/commons-configuration2/2.1.1/commons-configuration2-2.1.1.jar:/home/user/.m2/repository/org/apache/commons/commons-lang3/3.7/commons-lang3-3.7.jar:/home/user/.m2/repository/org/apache/commons/commons-text/1.4/commons-text-1.4.jar:/home/user/.m2/repository/org/apache/avro/avro/1.7.7/avro-1.7.7.jar:/home/user/.m2/repository/com/thoughtworks/paranamer/paranamer/2.3/paranamer-2.3.jar:/home/user/.m2/repository/org/xerial/snappy/snappy-java/1.0.5/snappy-java-1.0.5.jar:/home/user/.m2/repository/com/google/re2j/re2j/1.1/re2j-1.1.jar:/home/user/.m2/repository/com/google/code/gson/gson/2.2.4/gson-2.2.4.jar:/home/user/.m2/repository/com/jcraft/jsch/0.1.54/jsch-0.1.54.jar:/home/user/.m2/repository/org/apache/curator/curator-client/2.12.0/curator-client-2.12.0.jar:/home/user/.m2/repository/org/apache/curator/curator-recipes/2.12.0/curator-recipes-2.12.0.jar:/home/user/.m2/repository/com/google/code/findbugs/jsr305/3.0.0/jsr305-3.0.0.jar:/home/user/.m2/repository/org/apache/htrace/htrace-core4/4.1.0-incubating/htrace-core4-4.1.0-incubating.jar:/home/user/.m2/repository/org/apache/zookeeper/zookeeper/3.4.13/zookeeper-3.4.13.jar:/home/user/.m2/repository/org/apache/yetus/audience-annotations/0.5.0/audience-annotations-0.5.0.jar:/home/user/.m2/repository/org/codehaus/woodstox/stax2-api/3.1.4/stax2-api-3.1.4.jar:/home/user/.m2/repository/com/fasterxml/woodstox/woodstox-core/5.0.3/woodstox-core-5.0.3.jar:/home/user/.m2/repository/dnsjava/dnsjava/2.1.7/dnsjava-2.1.7.jar:/home/user/.m2/repository/org/apache/hadoop/hadoop-hdfs/3.2.0/hadoop-hdfs-3.2.0-tests.jar:/home/user/.m2/repository/org/eclipse/jetty/jetty-util-ajax/9.3.24.v20180605/jetty-util-ajax-9.3.24.v20180605.jar:/home/user/.m2/repository/commons-daemon/commons-daemon/1.0.13/commons-daemon-1.0.13.jar:/home/user/.m2/repository/io/netty/netty/3.10.5.Final/netty-3.10.5.Final.jar:/home/user/.m2/repository/io/netty/netty-all/4.0.52.Final/netty-all-4.0.52.Final.jar:/home/user/.m2/repository/org/fusesource/leveldbjni/leveldbjni-all/1.8/leveldbjni-all-1.8.jar:"/>
    <property name="sun.cpu.endian" value="little"/>
    <property name="user.home" value="/home/user"/>
    <property name="user.language" value="en"/>
    <property name="java.specification.vendor" value="Oracle Corporation"/>
    <property name="java.home" value="/usr/lib/jvm/java-1.8-openjdk/jre"/>
    <property name="java.security.krb5.conf" value="/workdir/hadoop-ozone/integration-test/target/test-classes/krb5.conf"/>
    <property name="basedir" value="/workdir/hadoop-ozone/integration-test"/>
    <property name="file.separator" value="/"/>
    <property name="line.separator" value="&#10;"/>
    <property name="java.vm.specification.vendor" value="Oracle Corporation"/>
    <property name="java.specification.name" value="Java Platform API Specification"/>
    <property name="java.awt.graphicsenv" value="sun.awt.X11GraphicsEnvironment"/>
    <property name="surefire.real.class.path" value="/workdir/hadoop-ozone/integration-test/target/surefire/surefirebooter8238873189001259472.jar"/>
    <property name="hadoop.log.dir" value="/workdir/hadoop-ozone/integration-test/target/log"/>
    <property name="sun.boot.class.path" value="/usr/lib/jvm/java-1.8-openjdk/jre/lib/resources.jar:/usr/lib/jvm/java-1.8-openjdk/jre/lib/rt.jar:/usr/lib/jvm/java-1.8-openjdk/jre/lib/sunrsasign.jar:/usr/lib/jvm/java-1.8-openjdk/jre/lib/jsse.jar:/usr/lib/jvm/java-1.8-openjdk/jre/lib/jce.jar:/usr/lib/jvm/java-1.8-openjdk/jre/lib/charsets.jar:/usr/lib/jvm/java-1.8-openjdk/jre/lib/jfr.jar:/usr/lib/jvm/java-1.8-openjdk/jre/classes"/>
    <property name="sun.management.compiler" value="HotSpot 64-Bit Tiered Compilers"/>
    <property name="java.runtime.version" value="1.8.0_212-b04"/>
    <property name="java.net.preferIPv4Stack" value="true"/>
    <property name="user.name" value="jenkins1000"/>
    <property name="path.separator" value=":"/>
    <property name="java.security.egd" value="file:///dev/urandom"/>
    <property name="os.version" value="3.10.0-957.12.2.el7.x86_64"/>
    <property name="java.endorsed.dirs" value="/usr/lib/jvm/java-1.8-openjdk/jre/lib/endorsed"/>
    <property name="java.runtime.name" value="OpenJDK Runtime Environment"/>
    <property name="file.encoding" value="UTF-8"/>
    <property name="java.vm.name" value="OpenJDK 64-Bit Server VM"/>
    <property name="test.build.webapps" value=""/>
    <property name="localRepository" value="/home/user/.m2/repository"/>
    <property name="java.vendor.url.bug" value="https://icedtea.classpath.org/bugzilla"/>
    <property name="java.io.tmpdir" value="/tmp"/>
    <property name="require.test.libhadoop" value=""/>
    <property name="java.version" value="1.8.0_212"/>
    <property name="user.dir" value="/workdir/hadoop-ozone/integration-test"/>
    <property name="os.arch" value="amd64"/>
    <property name="java.vm.specification.name" value="Java Virtual Machine Specification"/>
    <property name="test.build.classes" value="/workdir/hadoop-ozone/integration-test/target/test-classes"/>
    <property name="java.awt.printerjob" value="sun.print.PSPrinterJob"/>
    <property name="sun.os.patch.level" value="unknown"/>
    <property name="hadoop.tmp.dir" value="/workdir/hadoop-ozone/integration-test/target/tmp"/>
    <property name="java.library.path" value="/usr/lib/jvm/java-1.8-openjdk/jre/lib/amd64/server:/usr/lib/jvm/java-1.8-openjdk/jre/lib/amd64:/usr/lib/jvm/java-1.8-openjdk/jre/../lib/amd64:/workdir/hadoop-ozone/integration-test/target/native/target/usr/local/lib:/workdir/hadoop-ozone/integration-test/../../hadoop-common-project/hadoop-common/target/native/target/usr/local/lib:/usr/java/packages/lib/amd64:/usr/lib64:/lib64:/lib:/usr/lib"/>
    <property name="java.vm.info" value="mixed mode"/>
    <property name="java.vendor" value="IcedTea"/>
    <property name="java.vm.version" value="25.212-b04"/>
    <property name="java.ext.dirs" value="/usr/lib/jvm/java-1.8-openjdk/jre/lib/ext:/usr/java/packages/lib/ext"/>
    <property name="sun.io.unicode.encoding" value="UnicodeLittle"/>
    <property name="java.class.version" value="52.0"/>
  </properties>
  <testcase name="test2DatanodesFailure" classname="org.apache.hadoop.ozone.client.rpc.TestBlockOutputStreamWithFailures" time="109.969">
    <error message="Allocated 0 blocks. Requested 1 blocks" type="INTERNAL_ERROR org.apache.hadoop.ozone.om.exceptions.OMException">INTERNAL_ERROR org.apache.hadoop.ozone.om.exceptions.OMException: Allocated 0 blocks. Requested 1 blocks
	at org.apache.hadoop.ozone.om.protocolPB.OzoneManagerProtocolClientSideTranslatorPB.handleError(OzoneManagerProtocolClientSideTranslatorPB.java:725)
	at org.apache.hadoop.ozone.om.protocolPB.OzoneManagerProtocolClientSideTranslatorPB.allocateBlock(OzoneManagerProtocolClientSideTranslatorPB.java:757)
	at org.apache.hadoop.ozone.client.io.BlockOutputStreamEntryPool.allocateNewBlock(BlockOutputStreamEntryPool.java:248)
	at org.apache.hadoop.ozone.client.io.BlockOutputStreamEntryPool.allocateBlockIfNeeded(BlockOutputStreamEntryPool.java:296)
	at org.apache.hadoop.ozone.client.io.KeyOutputStream.handleWrite(KeyOutputStream.java:201)
	at org.apache.hadoop.ozone.client.io.KeyOutputStream.handleRetry(KeyOutputStream.java:376)
	at org.apache.hadoop.ozone.client.io.KeyOutputStream.handleException(KeyOutputStream.java:325)
	at org.apache.hadoop.ozone.client.io.KeyOutputStream.handleFlushOrClose(KeyOutputStream.java:448)
	at org.apache.hadoop.ozone.client.io.KeyOutputStream.flush(KeyOutputStream.java:396)
	at org.apache.hadoop.ozone.client.io.OzoneOutputStream.flush(OzoneOutputStream.java:54)
	at org.apache.hadoop.ozone.client.rpc.TestBlockOutputStreamWithFailures.test2DatanodesFailure(TestBlockOutputStreamWithFailures.java:502)
	at sun.reflect.NativeMethodAccessorImpl.invoke0(Native Method)
	at sun.reflect.NativeMethodAccessorImpl.invoke(NativeMethodAccessorImpl.java:62)
	at sun.reflect.DelegatingMethodAccessorImpl.invoke(DelegatingMethodAccessorImpl.java:43)
	at java.lang.reflect.Method.invoke(Method.java:498)
	at org.junit.runners.model.FrameworkMethod$1.runReflectiveCall(FrameworkMethod.java:47)
	at org.junit.internal.runners.model.ReflectiveCallable.run(ReflectiveCallable.java:12)
	at org.junit.runners.model.FrameworkMethod.invokeExplosively(FrameworkMethod.java:44)
	at org.junit.internal.runners.statements.InvokeMethod.evaluate(InvokeMethod.java:17)
	at org.junit.internal.runners.statements.RunBefores.evaluate(RunBefores.java:26)
	at org.junit.internal.runners.statements.RunAfters.evaluate(RunAfters.java:27)
	at org.junit.runners.ParentRunner.runLeaf(ParentRunner.java:271)
	at org.junit.runners.BlockJUnit4ClassRunner.runChild(BlockJUnit4ClassRunner.java:70)
	at org.junit.runners.BlockJUnit4ClassRunner.runChild(BlockJUnit4ClassRunner.java:50)
	at org.junit.runners.ParentRunner$3.run(ParentRunner.java:238)
	at org.junit.runners.ParentRunner$1.schedule(ParentRunner.java:63)
	at org.junit.runners.ParentRunner.runChildren(ParentRunner.java:236)
	at org.junit.runners.ParentRunner.access$000(ParentRunner.java:53)
	at org.junit.runners.ParentRunner$2.evaluate(ParentRunner.java:229)
	at org.junit.runners.ParentRunner.run(ParentRunner.java:309)
	at org.apache.maven.surefire.junit4.JUnit4Provider.execute(JUnit4Provider.java:365)
	at org.apache.maven.surefire.junit4.JUnit4Provider.executeWithRerun(JUnit4Provider.java:273)
	at org.apache.maven.surefire.junit4.JUnit4Provider.executeTestSet(JUnit4Provider.java:238)
	at org.apache.maven.surefire.junit4.JUnit4Provider.invoke(JUnit4Provider.java:159)
	at org.apache.maven.surefire.booter.ForkedBooter.invokeProviderInSameClassLoader(ForkedBooter.java:384)
	at org.apache.maven.surefire.booter.ForkedBooter.runSuitesInProcess(ForkedBooter.java:345)
	at org.apache.maven.surefire.booter.ForkedBooter.execute(ForkedBooter.java:126)
	at org.apache.maven.surefire.booter.ForkedBooter.main(ForkedBooter.java:418)
</error>
    <system-out><![CDATA[2019-08-20 15:03:21,604 [main] WARN  server.ServerUtils (ServerUtils.java:getScmDbDir(145)) - ozone.scm.db.dirs is not configured. We recommend adding this setting. Falling back to ozone.metadata.dirs instead.
2019-08-20 15:03:21,720 [main] WARN  server.ServerUtils (ServerUtils.java:getScmDbDir(145)) - ozone.scm.db.dirs is not configured. We recommend adding this setting. Falling back to ozone.metadata.dirs instead.
2019-08-20 15:03:21,723 [main] WARN  server.ServerUtils (ServerUtils.java:getScmDbDir(145)) - ozone.scm.db.dirs is not configured. We recommend adding this setting. Falling back to ozone.metadata.dirs instead.
2019-08-20 15:03:21,742 [main] INFO  util.log (Log.java:initialized(192)) - Logging initialized @896ms
2019-08-20 15:03:21,854 [main] INFO  db.DBStoreBuilder (DBStoreBuilder.java:addTable(110)) - using custom profile for table: deletedBlocks
2019-08-20 15:03:21,854 [main] INFO  db.DBStoreBuilder (DBStoreBuilder.java:processTables(161)) - Using default column profile:DBProfile.DISK for Table:deletedBlocks
2019-08-20 15:03:21,855 [main] INFO  db.DBStoreBuilder (DBStoreBuilder.java:addTable(110)) - using custom profile for table: validCerts
2019-08-20 15:03:21,855 [main] INFO  db.DBStoreBuilder (DBStoreBuilder.java:processTables(161)) - Using default column profile:DBProfile.DISK for Table:validCerts
2019-08-20 15:03:21,855 [main] INFO  db.DBStoreBuilder (DBStoreBuilder.java:addTable(110)) - using custom profile for table: revokedCerts
2019-08-20 15:03:21,856 [main] INFO  db.DBStoreBuilder (DBStoreBuilder.java:processTables(161)) - Using default column profile:DBProfile.DISK for Table:revokedCerts
2019-08-20 15:03:21,869 [main] INFO  db.DBStoreBuilder (DBStoreBuilder.java:addTable(110)) - using custom profile for table: default
2019-08-20 15:03:21,869 [main] INFO  db.DBStoreBuilder (DBStoreBuilder.java:processTables(167)) - Using default column profile:DBProfile.DISK for Table:default
2019-08-20 15:03:21,870 [main] INFO  db.DBStoreBuilder (DBStoreBuilder.java:getDbProfile(198)) - Using default options. DBProfile.DISK
2019-08-20 15:03:22,066 [main] INFO  net.NodeSchemaLoader (NodeSchemaLoader.java:loadSchemaFromFile(125)) - Loading file from sun.misc.CompoundEnumeration@1afd44cb
2019-08-20 15:03:22,068 [main] INFO  net.NodeSchemaLoader (NodeSchemaLoader.java:loadSchema(171)) - Loading network topology layer schema file
2019-08-20 15:03:22,146 [main] INFO  node.SCMNodeManager (SCMNodeManager.java:<init>(121)) - Entering startup safe mode.
2019-08-20 15:03:22,217 [main] INFO  algorithms.ContainerPlacementPolicyFactory (ContainerPlacementPolicyFactory.java:getPolicy(55)) - Create container placement policy of type org.apache.hadoop.hdds.scm.container.placement.algorithms.SCMContainerPlacementRandom
2019-08-20 15:03:22,231 [main] WARN  server.ServerUtils (ServerUtils.java:getScmDbDir(145)) - ozone.scm.db.dirs is not configured. We recommend adding this setting. Falling back to ozone.metadata.dirs instead.
2019-08-20 15:03:22,290 [main] INFO  pipeline.SCMPipelineManager (SCMPipelineManager.java:initializePipelineState(126)) - No pipeline exists in current db
2019-08-20 15:03:22,293 [main] WARN  server.ServerUtils (ServerUtils.java:getScmDbDir(145)) - ozone.scm.db.dirs is not configured. We recommend adding this setting. Falling back to ozone.metadata.dirs instead.
2019-08-20 15:03:22,393 [main] WARN  events.EventQueue (EventQueue.java:fireEvent(175)) - No event handler registered for event TypedEvent{payloadType=SafeModeStatus, name='SafeModeStatus'}
2019-08-20 15:03:22,894 [main] INFO  ipc.CallQueueManager (CallQueueManager.java:<init>(84)) - Using callQueue: class java.util.concurrent.LinkedBlockingQueue, queueCapacity: 2000, scheduler: class org.apache.hadoop.ipc.DefaultRpcScheduler, ipcBackoff: false.
2019-08-20 15:03:23,184 [Socket Reader #1 for port 35595] INFO  ipc.Server (Server.java:run(1074)) - Starting Socket Reader #1 for port 35595
2019-08-20 15:03:23,214 [main] INFO  ipc.CallQueueManager (CallQueueManager.java:<init>(84)) - Using callQueue: class java.util.concurrent.LinkedBlockingQueue, queueCapacity: 2000, scheduler: class org.apache.hadoop.ipc.DefaultRpcScheduler, ipcBackoff: false.
2019-08-20 15:03:23,215 [Socket Reader #1 for port 44146] INFO  ipc.Server (Server.java:run(1074)) - Starting Socket Reader #1 for port 44146
2019-08-20 15:03:23,224 [main] INFO  ipc.CallQueueManager (CallQueueManager.java:<init>(84)) - Using callQueue: class java.util.concurrent.LinkedBlockingQueue, queueCapacity: 2000, scheduler: class org.apache.hadoop.ipc.DefaultRpcScheduler, ipcBackoff: false.
2019-08-20 15:03:23,225 [Socket Reader #1 for port 35314] INFO  ipc.Server (Server.java:run(1074)) - Starting Socket Reader #1 for port 35314
2019-08-20 15:03:23,246 [main] INFO  hdfs.DFSUtil (DFSUtil.java:httpServerTemplateForNNAndJN(1641)) - Starting Web-server for scm at: http://0.0.0.0:0
2019-08-20 15:03:23,392 [main] INFO  server.AuthenticationFilter (AuthenticationFilter.java:constructSecretProvider(240)) - Unable to initialize FileSignerSecretProvider, falling back to use random secrets.
2019-08-20 15:03:23,400 [main] WARN  http.HttpRequestLog (HttpRequestLog.java:getRequestLog(97)) - Jetty request log can only be enabled using Log4j
2019-08-20 15:03:23,409 [main] INFO  http.HttpServer2 (HttpServer2.java:addGlobalFilter(975)) - Added global filter 'safety' (class=org.apache.hadoop.http.HttpServer2$QuotingInputFilter)
2019-08-20 15:03:23,411 [main] INFO  http.HttpServer2 (HttpServer2.java:addFilter(948)) - Added filter static_user_filter (class=org.apache.hadoop.http.lib.StaticUserWebFilter$StaticUserFilter) to context scm
2019-08-20 15:03:23,411 [main] INFO  http.HttpServer2 (HttpServer2.java:addFilter(958)) - Added filter static_user_filter (class=org.apache.hadoop.http.lib.StaticUserWebFilter$StaticUserFilter) to context static
2019-08-20 15:03:23,412 [main] INFO  http.HttpServer2 (HttpServer2.java:addFilter(958)) - Added filter static_user_filter (class=org.apache.hadoop.http.lib.StaticUserWebFilter$StaticUserFilter) to context logs
2019-08-20 15:03:23,439 [main] INFO  server.StorageContainerManager (StorageContainerManager.java:start(759)) - StorageContainerLocationProtocol RPC server is listening at /0.0.0.0:35314
2019-08-20 15:03:23,499 [main] WARN  impl.MetricsConfig (MetricsConfig.java:loadFirst(134)) - Cannot locate configuration: tried hadoop-metrics2-storagecontainermanager.properties,hadoop-metrics2.properties
2019-08-20 15:03:23,511 [main] INFO  impl.MetricsSystemImpl (MetricsSystemImpl.java:startTimer(374)) - Scheduled Metric snapshot period at 10 second(s).
2019-08-20 15:03:23,512 [main] INFO  impl.MetricsSystemImpl (MetricsSystemImpl.java:start(191)) - StorageContainerManager metrics system started
2019-08-20 15:03:23,772 [main] INFO  server.SCMClientProtocolServer (SCMClientProtocolServer.java:start(151)) - RPC server for Client  is listening at /0.0.0.0:35314
2019-08-20 15:03:23,773 [IPC Server listener on 35314] INFO  ipc.Server (Server.java:run(1153)) - IPC Server listener on 35314: starting
2019-08-20 15:03:23,773 [IPC Server Responder] INFO  ipc.Server (Server.java:run(1314)) - IPC Server Responder: starting
2019-08-20 15:03:23,775 [main] INFO  server.StorageContainerManager (StorageContainerManager.java:start(769)) - ScmBlockLocationProtocol RPC server is listening at /0.0.0.0:44146
2019-08-20 15:03:23,776 [main] INFO  server.SCMBlockProtocolServer (SCMBlockProtocolServer.java:start(140)) - RPC server for Block Protocol is listening at /0.0.0.0:44146
2019-08-20 15:03:23,776 [IPC Server Responder] INFO  ipc.Server (Server.java:run(1314)) - IPC Server Responder: starting
2019-08-20 15:03:23,776 [IPC Server listener on 44146] INFO  ipc.Server (Server.java:run(1153)) - IPC Server listener on 44146: starting
2019-08-20 15:03:23,778 [main] INFO  server.StorageContainerManager (StorageContainerManager.java:start(773)) - ScmDatanodeProtocl RPC server is listening at /0.0.0.0:35595
2019-08-20 15:03:23,778 [main] INFO  server.SCMDatanodeProtocolServer (SCMDatanodeProtocolServer.java:start(191)) - RPC server for DataNodes is listening at /0.0.0.0:35595
2019-08-20 15:03:23,779 [IPC Server Responder] INFO  ipc.Server (Server.java:run(1314)) - IPC Server Responder: starting
2019-08-20 15:03:23,779 [IPC Server listener on 35595] INFO  ipc.Server (Server.java:run(1153)) - IPC Server listener on 35595: starting
2019-08-20 15:03:23,782 [main] INFO  http.HttpServer2 (HttpServer2.java:bindListener(1191)) - Jetty bound to port 38003
2019-08-20 15:03:23,784 [main] INFO  server.Server (Server.java:doStart(351)) - jetty-9.3.24.v20180605, build timestamp: 2018-06-05T17:11:56Z, git hash: 84205aa28f11a4f31f2a3b86d1bba2cc8ab69827
2019-08-20 15:03:23,841 [main] INFO  handler.ContextHandler (ContextHandler.java:doStart(781)) - Started o.e.j.s.ServletContextHandler@6c25e6c4{/logs,file:///workdir/hadoop-ozone/integration-test/target/log,AVAILABLE}
2019-08-20 15:03:23,842 [main] INFO  handler.ContextHandler (ContextHandler.java:doStart(781)) - Started o.e.j.s.ServletContextHandler@c5ee75e{/static,file:///workdir/hadoop-ozone/integration-test/target/test-classes/webapps/static,AVAILABLE}
2019-08-20 15:03:23,878 [main] INFO  handler.ContextHandler (ContextHandler.java:doStart(781)) - Started o.e.j.w.WebAppContext@7072bc39{/,file:///workdir/hadoop-ozone/integration-test/target/test-classes/webapps/scm/,AVAILABLE}{/scm}
2019-08-20 15:03:23,884 [main] INFO  server.AbstractConnector (AbstractConnector.java:doStart(278)) - Started ServerConnector@4fbdc0f0{HTTP/1.1,[http/1.1]}{0.0.0.0:38003}
2019-08-20 15:03:23,885 [main] INFO  server.Server (Server.java:doStart(419)) - Started @3040ms
2019-08-20 15:03:23,886 [main] INFO  server.BaseHttpServer (BaseHttpServer.java:updateConnectorAddress(213)) - HTTP server of SCM is listening at http://0.0.0.0:38003
2019-08-20 15:03:23,891 [org.apache.hadoop.util.JvmPauseMonitor$Monitor@2449cff7] INFO  util.JvmPauseMonitor (JvmPauseMonitor.java:run(188)) - Starting JVM pause monitor
2019-08-20 15:03:23,894 [main] WARN  server.ServerUtils (ServerUtils.java:getDBPath(222)) - ozone.om.db.dirs is not configured. We recommend adding this setting. Falling back to ozone.metadata.dirs instead.
2019-08-20 15:03:24,004 [main] WARN  server.ServerUtils (ServerUtils.java:getDBPath(222)) - ozone.om.db.dirs is not configured. We recommend adding this setting. Falling back to ozone.metadata.dirs instead.
2019-08-20 15:03:24,005 [main] WARN  server.ServerUtils (ServerUtils.java:getDBPath(222)) - ozone.om.db.dirs is not configured. We recommend adding this setting. Falling back to ozone.metadata.dirs instead.
2019-08-20 15:03:24,006 [main] INFO  om.OzoneManager (OzoneManager.java:setOMNodeDetails(648)) - OM Service ID is not set. Setting it to the default ID: omServiceIdDefault
2019-08-20 15:03:24,006 [main] INFO  om.OzoneManager (OzoneManager.java:setOMNodeDetails(654)) - OM Node ID is not set. Setting it to the OmStorage's OmID: 03f2ab68-22bb-4fd4-ba91-4d242dce790c
2019-08-20 15:03:24,007 [main] INFO  om.OzoneManager (OzoneManager.java:loadOMHAConfigs(605)) - Found matching OM address with OMServiceId: null, OMNodeId: null, RPC Address: localhost:0 and Ratis port: 9872
2019-08-20 15:03:24,260 | INFO  | SCMAudit | user=jenkins1000 | ip=192.168.5.139 | op=GET_SCM_INFO null | ret=SUCCESS |  
2019-08-20 15:03:24,742 [main] WARN  server.ServerUtils (ServerUtils.java:getDBPath(222)) - ozone.om.db.dirs is not configured. We recommend adding this setting. Falling back to ozone.metadata.dirs instead.
2019-08-20 15:03:24,750 [main] INFO  db.DBStoreBuilder (DBStoreBuilder.java:addTable(110)) - using custom profile for table: userTable
2019-08-20 15:03:24,750 [main] INFO  db.DBStoreBuilder (DBStoreBuilder.java:processTables(161)) - Using default column profile:DBProfile.DISK for Table:userTable
2019-08-20 15:03:24,750 [main] INFO  db.DBStoreBuilder (DBStoreBuilder.java:addTable(110)) - using custom profile for table: volumeTable
2019-08-20 15:03:24,750 [main] INFO  db.DBStoreBuilder (DBStoreBuilder.java:processTables(161)) - Using default column profile:DBProfile.DISK for Table:volumeTable
2019-08-20 15:03:24,751 [main] INFO  db.DBStoreBuilder (DBStoreBuilder.java:addTable(110)) - using custom profile for table: bucketTable
2019-08-20 15:03:24,751 [main] INFO  db.DBStoreBuilder (DBStoreBuilder.java:processTables(161)) - Using default column profile:DBProfile.DISK for Table:bucketTable
2019-08-20 15:03:24,751 [main] INFO  db.DBStoreBuilder (DBStoreBuilder.java:addTable(110)) - using custom profile for table: keyTable
2019-08-20 15:03:24,751 [main] INFO  db.DBStoreBuilder (DBStoreBuilder.java:processTables(161)) - Using default column profile:DBProfile.DISK for Table:keyTable
2019-08-20 15:03:24,752 [main] INFO  db.DBStoreBuilder (DBStoreBuilder.java:addTable(110)) - using custom profile for table: deletedTable
2019-08-20 15:03:24,752 [main] INFO  db.DBStoreBuilder (DBStoreBuilder.java:processTables(161)) - Using default column profile:DBProfile.DISK for Table:deletedTable
2019-08-20 15:03:24,752 [main] INFO  db.DBStoreBuilder (DBStoreBuilder.java:addTable(110)) - using custom profile for table: openKeyTable
2019-08-20 15:03:24,752 [main] INFO  db.DBStoreBuilder (DBStoreBuilder.java:processTables(161)) - Using default column profile:DBProfile.DISK for Table:openKeyTable
2019-08-20 15:03:24,753 [main] INFO  db.DBStoreBuilder (DBStoreBuilder.java:addTable(110)) - using custom profile for table: s3Table
2019-08-20 15:03:24,753 [main] INFO  db.DBStoreBuilder (DBStoreBuilder.java:processTables(161)) - Using default column profile:DBProfile.DISK for Table:s3Table
2019-08-20 15:03:24,753 [main] INFO  db.DBStoreBuilder (DBStoreBuilder.java:addTable(110)) - using custom profile for table: multipartInfoTable
2019-08-20 15:03:24,754 [main] INFO  db.DBStoreBuilder (DBStoreBuilder.java:processTables(161)) - Using default column profile:DBProfile.DISK for Table:multipartInfoTable
2019-08-20 15:03:24,754 [main] INFO  db.DBStoreBuilder (DBStoreBuilder.java:addTable(110)) - using custom profile for table: dTokenTable
2019-08-20 15:03:24,755 [main] INFO  db.DBStoreBuilder (DBStoreBuilder.java:processTables(161)) - Using default column profile:DBProfile.DISK for Table:dTokenTable
2019-08-20 15:03:24,755 [main] INFO  db.DBStoreBuilder (DBStoreBuilder.java:addTable(110)) - using custom profile for table: s3SecretTable
2019-08-20 15:03:24,756 [main] INFO  db.DBStoreBuilder (DBStoreBuilder.java:processTables(161)) - Using default column profile:DBProfile.DISK for Table:s3SecretTable
2019-08-20 15:03:24,756 [main] INFO  db.DBStoreBuilder (DBStoreBuilder.java:addTable(110)) - using custom profile for table: prefixTable
2019-08-20 15:03:24,757 [main] INFO  db.DBStoreBuilder (DBStoreBuilder.java:processTables(161)) - Using default column profile:DBProfile.DISK for Table:prefixTable
2019-08-20 15:03:24,757 [main] INFO  db.DBStoreBuilder (DBStoreBuilder.java:addTable(110)) - using custom profile for table: default
2019-08-20 15:03:24,758 [main] INFO  db.DBStoreBuilder (DBStoreBuilder.java:processTables(167)) - Using default column profile:DBProfile.DISK for Table:default
2019-08-20 15:03:24,758 [main] INFO  db.DBStoreBuilder (DBStoreBuilder.java:getDbProfile(198)) - Using default options. DBProfile.DISK
2019-08-20 15:03:25,276 [main] INFO  ipc.CallQueueManager (CallQueueManager.java:<init>(84)) - Using callQueue: class java.util.concurrent.LinkedBlockingQueue, queueCapacity: 2000, scheduler: class org.apache.hadoop.ipc.DefaultRpcScheduler, ipcBackoff: false.
2019-08-20 15:03:25,277 [Socket Reader #1 for port 41863] INFO  ipc.Server (Server.java:run(1074)) - Starting Socket Reader #1 for port 41863
2019-08-20 15:03:25,296 [main] INFO  om.OzoneManager (OzoneManager.java:start(1259)) - OzoneManager RPC server is listening at localhost/127.0.0.1:41863
2019-08-20 15:03:25,297 [main] INFO  impl.MetricsSystemImpl (MetricsSystemImpl.java:init(158)) - OzoneManager metrics system started (again)
2019-08-20 15:03:25,298 [IPC Server Responder] INFO  ipc.Server (Server.java:run(1314)) - IPC Server Responder: starting
2019-08-20 15:03:25,298 [IPC Server listener on 41863] INFO  ipc.Server (Server.java:run(1153)) - IPC Server listener on 41863: starting
2019-08-20 15:03:25,304 [main] INFO  hdfs.DFSUtil (DFSUtil.java:httpServerTemplateForNNAndJN(1641)) - Starting Web-server for ozoneManager at: http://0.0.0.0:0
2019-08-20 15:03:25,305 [main] INFO  server.AuthenticationFilter (AuthenticationFilter.java:constructSecretProvider(240)) - Unable to initialize FileSignerSecretProvider, falling back to use random secrets.
2019-08-20 15:03:25,306 [main] WARN  http.HttpRequestLog (HttpRequestLog.java:getRequestLog(97)) - Jetty request log can only be enabled using Log4j
2019-08-20 15:03:25,308 [main] INFO  http.HttpServer2 (HttpServer2.java:addGlobalFilter(975)) - Added global filter 'safety' (class=org.apache.hadoop.http.HttpServer2$QuotingInputFilter)
2019-08-20 15:03:25,309 [main] INFO  http.HttpServer2 (HttpServer2.java:addFilter(948)) - Added filter static_user_filter (class=org.apache.hadoop.http.lib.StaticUserWebFilter$StaticUserFilter) to context ozoneManager
2019-08-20 15:03:25,309 [main] INFO  http.HttpServer2 (HttpServer2.java:addFilter(958)) - Added filter static_user_filter (class=org.apache.hadoop.http.lib.StaticUserWebFilter$StaticUserFilter) to context logs
2019-08-20 15:03:25,309 [main] INFO  http.HttpServer2 (HttpServer2.java:addFilter(958)) - Added filter static_user_filter (class=org.apache.hadoop.http.lib.StaticUserWebFilter$StaticUserFilter) to context static
2019-08-20 15:03:25,311 [main] INFO  http.HttpServer2 (HttpServer2.java:bindListener(1191)) - Jetty bound to port 46782
2019-08-20 15:03:25,311 [main] INFO  server.Server (Server.java:doStart(351)) - jetty-9.3.24.v20180605, build timestamp: 2018-06-05T17:11:56Z, git hash: 84205aa28f11a4f31f2a3b86d1bba2cc8ab69827
2019-08-20 15:03:25,313 [main] INFO  handler.ContextHandler (ContextHandler.java:doStart(781)) - Started o.e.j.s.ServletContextHandler@a64e035{/logs,file:///workdir/hadoop-ozone/integration-test/target/log,AVAILABLE}
2019-08-20 15:03:25,314 [main] INFO  handler.ContextHandler (ContextHandler.java:doStart(781)) - Started o.e.j.s.ServletContextHandler@41c204a0{/static,file:///workdir/hadoop-ozone/integration-test/target/test-classes/webapps/static,AVAILABLE}
2019-08-20 15:03:25,319 [main] INFO  handler.ContextHandler (ContextHandler.java:doStart(781)) - Started o.e.j.w.WebAppContext@7d755813{/,file:///workdir/hadoop-ozone/integration-test/target/test-classes/webapps/ozoneManager/,AVAILABLE}{/ozoneManager}
2019-08-20 15:03:25,320 [main] INFO  server.AbstractConnector (AbstractConnector.java:doStart(278)) - Started ServerConnector@69c93ca4{HTTP/1.1,[http/1.1]}{0.0.0.0:46782}
2019-08-20 15:03:25,320 [main] INFO  server.Server (Server.java:doStart(419)) - Started @4475ms
2019-08-20 15:03:25,321 [main] INFO  server.BaseHttpServer (BaseHttpServer.java:updateConnectorAddress(213)) - HTTP server of OZONEMANAGER is listening at http://0.0.0.0:46782
2019-08-20 15:03:25,714 [main] INFO  impl.MetricsSystemImpl (MetricsSystemImpl.java:init(158)) - HddsDatanode metrics system started (again)
2019-08-20 15:03:25,826 [main] INFO  ozone.HddsDatanodeService (HddsDatanodeService.java:start(184)) - HddsDatanodeService host:pr-hdds-1200-9hlr9-3148487106 ip:192.168.5.139
2019-08-20 15:03:25,865 [main] INFO  volume.HddsVolume (HddsVolume.java:<init>(176)) - Creating Volume: /workdir/hadoop-ozone/integration-test/target/test-dir/MiniOzoneClusterImpl-24f7eca7-c48c-4952-ad8b-43e154ea7cd7/datanode-0/data/containers/hdds of  storage type : DISK and capacity : 1482555576320
2019-08-20 15:03:25,867 [main] INFO  volume.VolumeSet (VolumeSet.java:initializeVolumeSet(170)) - Added Volume : /workdir/hadoop-ozone/integration-test/target/test-dir/MiniOzoneClusterImpl-24f7eca7-c48c-4952-ad8b-43e154ea7cd7/datanode-0/data/containers/hdds to VolumeSet
2019-08-20 15:03:25,871 [main] INFO  volume.ThrottledAsyncChecker (ThrottledAsyncChecker.java:schedule(140)) - Scheduling a check for org.apache.hadoop.ozone.container.common.volume.HddsVolume@58b67519
2019-08-20 15:03:25,891 [main] INFO  volume.HddsVolumeChecker (HddsVolumeChecker.java:checkAllVolumes(203)) - Scheduled health check for volume org.apache.hadoop.ozone.container.common.volume.HddsVolume@58b67519
2019-08-20 15:03:25,993 [main] INFO  impl.RaftServerProxy (ConfUtils.java:logGet(43)) - raft.rpc.type = GRPC (default)
2019-08-20 15:03:26,051 [main] INFO  grpc.GrpcFactory (GrpcFactory.java:checkPooledByteBufAllocatorUseCacheForAllThreads(45)) - PERFORMANCE WARNING: useCacheForAllThreads is true that may cause Netty to create a lot garbage objects and, as a result, trigger GC.
	It is recommended to disable useCacheForAllThreads by setting -Dorg.apache.ratis.thirdparty.io.netty.allocator.useCacheForAllThreads=false in command line.
2019-08-20 15:03:26,055 [main] INFO  grpc.GrpcConfigKeys$Server (ConfUtils.java:logGet(43)) - raft.grpc.server.port = 0 (default)
2019-08-20 15:03:26,056 [main] INFO  server.GrpcService (ConfUtils.java:logGet(43)) - raft.grpc.message.size.max = 33570816 (custom)
2019-08-20 15:03:26,057 [main] INFO  server.RaftServerConfigKeys (ConfUtils.java:logGet(43)) - raft.server.log.appender.buffer.byte-limit = 33554432 (custom)
2019-08-20 15:03:26,058 [main] INFO  server.GrpcService (ConfUtils.java:logGet(43)) - raft.grpc.flow.control.window = 1MB (=1048576) (default)
2019-08-20 15:03:26,059 [main] INFO  server.RaftServerConfigKeys (ConfUtils.java:logGet(43)) - raft.server.rpc.request.timeout = 3000ms (default)
2019-08-20 15:03:26,211 [main] INFO  server.RaftServerConfigKeys (ConfUtils.java:logGet(43)) - raft.server.storage.dir = [/workdir/hadoop-ozone/integration-test/target/test-dir/MiniOzoneClusterImpl-24f7eca7-c48c-4952-ad8b-43e154ea7cd7/datanode-0/data/ratis] (custom)
2019-08-20 15:03:26,268 [main] INFO  replication.SimpleContainerDownloader (SimpleContainerDownloader.java:<init>(72)) - Starting container downloader service to copy containers to replicate.
2019-08-20 15:03:26,290 [main] INFO  hdfs.DFSUtil (DFSUtil.java:httpServerTemplateForNNAndJN(1641)) - Starting Web-server for hddsDatanode at: http://0.0.0.0:0
2019-08-20 15:03:26,293 [main] INFO  server.AuthenticationFilter (AuthenticationFilter.java:constructSecretProvider(240)) - Unable to initialize FileSignerSecretProvider, falling back to use random secrets.
2019-08-20 15:03:26,294 [main] WARN  http.HttpRequestLog (HttpRequestLog.java:getRequestLog(97)) - Jetty request log can only be enabled using Log4j
2019-08-20 15:03:26,298 [main] INFO  http.HttpServer2 (HttpServer2.java:addGlobalFilter(975)) - Added global filter 'safety' (class=org.apache.hadoop.http.HttpServer2$QuotingInputFilter)
2019-08-20 15:03:26,299 [main] INFO  http.HttpServer2 (HttpServer2.java:addFilter(948)) - Added filter static_user_filter (class=org.apache.hadoop.http.lib.StaticUserWebFilter$StaticUserFilter) to context hddsDatanode
2019-08-20 15:03:26,300 [main] INFO  http.HttpServer2 (HttpServer2.java:addFilter(958)) - Added filter static_user_filter (class=org.apache.hadoop.http.lib.StaticUserWebFilter$StaticUserFilter) to context logs
2019-08-20 15:03:26,300 [main] INFO  http.HttpServer2 (HttpServer2.java:addFilter(958)) - Added filter static_user_filter (class=org.apache.hadoop.http.lib.StaticUserWebFilter$StaticUserFilter) to context static
2019-08-20 15:03:26,302 [main] INFO  http.HttpServer2 (HttpServer2.java:bindListener(1191)) - Jetty bound to port 35381
2019-08-20 15:03:26,303 [main] INFO  server.Server (Server.java:doStart(351)) - jetty-9.3.24.v20180605, build timestamp: 2018-06-05T17:11:56Z, git hash: 84205aa28f11a4f31f2a3b86d1bba2cc8ab69827
2019-08-20 15:03:26,306 [main] INFO  handler.ContextHandler (ContextHandler.java:doStart(781)) - Started o.e.j.s.ServletContextHandler@2cae9b8{/logs,file:///workdir/hadoop-ozone/integration-test/target/log,AVAILABLE}
2019-08-20 15:03:26,307 [main] INFO  handler.ContextHandler (ContextHandler.java:doStart(781)) - Started o.e.j.s.ServletContextHandler@6f94fb9d{/static,jar:file:/home/user/.m2/repository/org/apache/hadoop/hadoop-hdds-container-service/0.5.0-SNAPSHOT/hadoop-hdds-container-service-0.5.0-SNAPSHOT.jar!/webapps/static,AVAILABLE}
2019-08-20 15:03:26,356 [main] INFO  handler.ContextHandler (ContextHandler.java:doStart(781)) - Started o.e.j.w.WebAppContext@53cf9c99{/,file:///tmp/jetty-0.0.0.0-35381-hddsDatanode-_-any-5142063685901803450.dir/webapp/,AVAILABLE}{/hddsDatanode}
2019-08-20 15:03:26,356 [main] INFO  server.AbstractConnector (AbstractConnector.java:doStart(278)) - Started ServerConnector@7b306b9f{HTTP/1.1,[http/1.1]}{0.0.0.0:35381}
2019-08-20 15:03:26,357 [main] INFO  server.Server (Server.java:doStart(419)) - Started @5512ms
2019-08-20 15:03:26,359 [main] INFO  server.BaseHttpServer (BaseHttpServer.java:updateConnectorAddress(213)) - HTTP server of HDDSDATANODE is listening at http://0.0.0.0:35381
2019-08-20 15:03:27,577 | INFO  | ObjectStoreRestHttpServer | Listening HDDS REST traffic on /0.0.0.0:38682 |  
2019-08-20 15:03:27,579 [main] INFO  ozone.HddsDatanodeService (HddsDatanodeService.java:startPlugins(395)) - Started plug-in org.apache.hadoop.ozone.web.OzoneHddsDatanodeService@7f0a133d
2019-08-20 15:03:27,580 [main] INFO  impl.MetricsSystemImpl (MetricsSystemImpl.java:init(158)) - HddsDatanode metrics system started (again)
2019-08-20 15:03:27,584 [main] INFO  ozone.HddsDatanodeService (HddsDatanodeService.java:start(184)) - HddsDatanodeService host:pr-hdds-1200-9hlr9-3148487106 ip:192.168.5.139
2019-08-20 15:03:27,587 [org.apache.hadoop.util.JvmPauseMonitor$Monitor@294b07e4] INFO  util.JvmPauseMonitor (JvmPauseMonitor.java:run(188)) - Starting JVM pause monitor
2019-08-20 15:03:27,593 [main] INFO  volume.HddsVolume (HddsVolume.java:<init>(176)) - Creating Volume: /workdir/hadoop-ozone/integration-test/target/test-dir/MiniOzoneClusterImpl-24f7eca7-c48c-4952-ad8b-43e154ea7cd7/datanode-1/data/containers/hdds of  storage type : DISK and capacity : 1482555576320
2019-08-20 15:03:27,593 [main] INFO  volume.VolumeSet (VolumeSet.java:initializeVolumeSet(170)) - Added Volume : /workdir/hadoop-ozone/integration-test/target/test-dir/MiniOzoneClusterImpl-24f7eca7-c48c-4952-ad8b-43e154ea7cd7/datanode-1/data/containers/hdds to VolumeSet
2019-08-20 15:03:27,594 [main] INFO  volume.ThrottledAsyncChecker (ThrottledAsyncChecker.java:schedule(140)) - Scheduling a check for org.apache.hadoop.ozone.container.common.volume.HddsVolume@27976390
2019-08-20 15:03:27,594 [main] INFO  volume.HddsVolumeChecker (HddsVolumeChecker.java:checkAllVolumes(203)) - Scheduled health check for volume org.apache.hadoop.ozone.container.common.volume.HddsVolume@27976390
2019-08-20 15:03:27,617 [main] INFO  impl.RaftServerProxy (ConfUtils.java:logGet(43)) - raft.rpc.type = GRPC (default)
2019-08-20 15:03:27,617 [main] INFO  grpc.GrpcFactory (GrpcFactory.java:checkPooledByteBufAllocatorUseCacheForAllThreads(45)) - PERFORMANCE WARNING: useCacheForAllThreads is true that may cause Netty to create a lot garbage objects and, as a result, trigger GC.
	It is recommended to disable useCacheForAllThreads by setting -Dorg.apache.ratis.thirdparty.io.netty.allocator.useCacheForAllThreads=false in command line.
2019-08-20 15:03:27,618 [main] INFO  grpc.GrpcConfigKeys$Server (ConfUtils.java:logGet(43)) - raft.grpc.server.port = 0 (default)
2019-08-20 15:03:27,618 [main] INFO  server.GrpcService (ConfUtils.java:logGet(43)) - raft.grpc.message.size.max = 33570816 (custom)
2019-08-20 15:03:27,618 [main] INFO  server.RaftServerConfigKeys (ConfUtils.java:logGet(43)) - raft.server.log.appender.buffer.byte-limit = 33554432 (custom)
2019-08-20 15:03:27,619 [main] INFO  server.GrpcService (ConfUtils.java:logGet(43)) - raft.grpc.flow.control.window = 1MB (=1048576) (default)
2019-08-20 15:03:27,619 [main] INFO  server.RaftServerConfigKeys (ConfUtils.java:logGet(43)) - raft.server.rpc.request.timeout = 3000ms (default)
2019-08-20 15:03:27,620 [main] INFO  server.RaftServerConfigKeys (ConfUtils.java:logGet(43)) - raft.server.storage.dir = [/workdir/hadoop-ozone/integration-test/target/test-dir/MiniOzoneClusterImpl-24f7eca7-c48c-4952-ad8b-43e154ea7cd7/datanode-1/data/ratis] (custom)
2019-08-20 15:03:27,620 [main] INFO  replication.SimpleContainerDownloader (SimpleContainerDownloader.java:<init>(72)) - Starting container downloader service to copy containers to replicate.
2019-08-20 15:03:27,622 [main] INFO  hdfs.DFSUtil (DFSUtil.java:httpServerTemplateForNNAndJN(1641)) - Starting Web-server for hddsDatanode at: http://0.0.0.0:0
2019-08-20 15:03:27,624 [main] INFO  server.AuthenticationFilter (AuthenticationFilter.java:constructSecretProvider(240)) - Unable to initialize FileSignerSecretProvider, falling back to use random secrets.
2019-08-20 15:03:27,625 [main] WARN  http.HttpRequestLog (HttpRequestLog.java:getRequestLog(97)) - Jetty request log can only be enabled using Log4j
2019-08-20 15:03:27,627 [main] INFO  http.HttpServer2 (HttpServer2.java:addGlobalFilter(975)) - Added global filter 'safety' (class=org.apache.hadoop.http.HttpServer2$QuotingInputFilter)
2019-08-20 15:03:27,627 [main] INFO  http.HttpServer2 (HttpServer2.java:addFilter(948)) - Added filter static_user_filter (class=org.apache.hadoop.http.lib.StaticUserWebFilter$StaticUserFilter) to context hddsDatanode
2019-08-20 15:03:27,627 [main] INFO  http.HttpServer2 (HttpServer2.java:addFilter(958)) - Added filter static_user_filter (class=org.apache.hadoop.http.lib.StaticUserWebFilter$StaticUserFilter) to context static
2019-08-20 15:03:27,627 [main] INFO  http.HttpServer2 (HttpServer2.java:addFilter(958)) - Added filter static_user_filter (class=org.apache.hadoop.http.lib.StaticUserWebFilter$StaticUserFilter) to context logs
2019-08-20 15:03:27,628 [main] INFO  http.HttpServer2 (HttpServer2.java:bindListener(1191)) - Jetty bound to port 39645
2019-08-20 15:03:27,628 [main] INFO  server.Server (Server.java:doStart(351)) - jetty-9.3.24.v20180605, build timestamp: 2018-06-05T17:11:56Z, git hash: 84205aa28f11a4f31f2a3b86d1bba2cc8ab69827
2019-08-20 15:03:27,632 [main] INFO  handler.ContextHandler (ContextHandler.java:doStart(781)) - Started o.e.j.s.ServletContextHandler@1f78d415{/logs,file:///workdir/hadoop-ozone/integration-test/target/log,AVAILABLE}
2019-08-20 15:03:27,632 [main] INFO  handler.ContextHandler (ContextHandler.java:doStart(781)) - Started o.e.j.s.ServletContextHandler@27960b1e{/static,jar:file:/home/user/.m2/repository/org/apache/hadoop/hadoop-hdds-container-service/0.5.0-SNAPSHOT/hadoop-hdds-container-service-0.5.0-SNAPSHOT.jar!/webapps/static,AVAILABLE}
2019-08-20 15:03:27,661 [main] INFO  handler.ContextHandler (ContextHandler.java:doStart(781)) - Started o.e.j.w.WebAppContext@601eb4af{/,file:///tmp/jetty-0.0.0.0-39645-hddsDatanode-_-any-8216939007646858844.dir/webapp/,AVAILABLE}{/hddsDatanode}
2019-08-20 15:03:27,662 [main] INFO  server.AbstractConnector (AbstractConnector.java:doStart(278)) - Started ServerConnector@11ede87f{HTTP/1.1,[http/1.1]}{0.0.0.0:39645}
2019-08-20 15:03:27,663 [main] INFO  server.Server (Server.java:doStart(419)) - Started @6818ms
2019-08-20 15:03:27,665 [main] INFO  server.BaseHttpServer (BaseHttpServer.java:updateConnectorAddress(213)) - HTTP server of HDDSDATANODE is listening at http://0.0.0.0:39645
2019-08-20 15:03:27,707 [Datanode State Machine Thread - 0] INFO  datanode.InitDatanodeState (InitDatanodeState.java:persistContainerDatanodeDetails(140)) - DatanodeDetails is persisted to /workdir/hadoop-ozone/integration-test/target/test-dir/MiniOzoneClusterImpl-24f7eca7-c48c-4952-ad8b-43e154ea7cd7/datanode-0/meta/datanode.id
2019-08-20 15:03:27,791 | INFO  | ObjectStoreRestHttpServer | Listening HDDS REST traffic on /0.0.0.0:33845 |  
2019-08-20 15:03:27,791 [main] INFO  ozone.HddsDatanodeService (HddsDatanodeService.java:startPlugins(395)) - Started plug-in org.apache.hadoop.ozone.web.OzoneHddsDatanodeService@6b162ecc
2019-08-20 15:03:27,792 [main] INFO  impl.MetricsSystemImpl (MetricsSystemImpl.java:init(158)) - HddsDatanode metrics system started (again)
2019-08-20 15:03:27,794 [org.apache.hadoop.util.JvmPauseMonitor$Monitor@7a9d6464] INFO  util.JvmPauseMonitor (JvmPauseMonitor.java:run(188)) - Starting JVM pause monitor
2019-08-20 15:03:27,795 [main] INFO  ozone.HddsDatanodeService (HddsDatanodeService.java:start(184)) - HddsDatanodeService host:pr-hdds-1200-9hlr9-3148487106 ip:192.168.5.139
2019-08-20 15:03:27,798 [Datanode State Machine Thread - 0] INFO  datanode.InitDatanodeState (InitDatanodeState.java:persistContainerDatanodeDetails(140)) - DatanodeDetails is persisted to /workdir/hadoop-ozone/integration-test/target/test-dir/MiniOzoneClusterImpl-24f7eca7-c48c-4952-ad8b-43e154ea7cd7/datanode-1/meta/datanode.id
2019-08-20 15:03:27,803 [main] INFO  volume.HddsVolume (HddsVolume.java:<init>(176)) - Creating Volume: /workdir/hadoop-ozone/integration-test/target/test-dir/MiniOzoneClusterImpl-24f7eca7-c48c-4952-ad8b-43e154ea7cd7/datanode-2/data/containers/hdds of  storage type : DISK and capacity : 1482555576320
2019-08-20 15:03:27,803 [main] INFO  volume.VolumeSet (VolumeSet.java:initializeVolumeSet(170)) - Added Volume : /workdir/hadoop-ozone/integration-test/target/test-dir/MiniOzoneClusterImpl-24f7eca7-c48c-4952-ad8b-43e154ea7cd7/datanode-2/data/containers/hdds to VolumeSet
2019-08-20 15:03:27,803 [main] INFO  volume.ThrottledAsyncChecker (ThrottledAsyncChecker.java:schedule(140)) - Scheduling a check for org.apache.hadoop.ozone.container.common.volume.HddsVolume@7558c24b
2019-08-20 15:03:27,804 [main] INFO  volume.HddsVolumeChecker (HddsVolumeChecker.java:checkAllVolumes(203)) - Scheduled health check for volume org.apache.hadoop.ozone.container.common.volume.HddsVolume@7558c24b
2019-08-20 15:03:27,818 [main] INFO  impl.RaftServerProxy (ConfUtils.java:logGet(43)) - raft.rpc.type = GRPC (default)
2019-08-20 15:03:27,818 [main] INFO  grpc.GrpcFactory (GrpcFactory.java:checkPooledByteBufAllocatorUseCacheForAllThreads(45)) - PERFORMANCE WARNING: useCacheForAllThreads is true that may cause Netty to create a lot garbage objects and, as a result, trigger GC.
	It is recommended to disable useCacheForAllThreads by setting -Dorg.apache.ratis.thirdparty.io.netty.allocator.useCacheForAllThreads=false in command line.
2019-08-20 15:03:27,818 [main] INFO  grpc.GrpcConfigKeys$Server (ConfUtils.java:logGet(43)) - raft.grpc.server.port = 0 (default)
2019-08-20 15:03:27,818 [main] INFO  server.GrpcService (ConfUtils.java:logGet(43)) - raft.grpc.message.size.max = 33570816 (custom)
2019-08-20 15:03:27,819 [main] INFO  server.RaftServerConfigKeys (ConfUtils.java:logGet(43)) - raft.server.log.appender.buffer.byte-limit = 33554432 (custom)
2019-08-20 15:03:27,819 [main] INFO  server.GrpcService (ConfUtils.java:logGet(43)) - raft.grpc.flow.control.window = 1MB (=1048576) (default)
2019-08-20 15:03:27,819 [main] INFO  server.RaftServerConfigKeys (ConfUtils.java:logGet(43)) - raft.server.rpc.request.timeout = 3000ms (default)
2019-08-20 15:03:27,819 [main] INFO  server.RaftServerConfigKeys (ConfUtils.java:logGet(43)) - raft.server.storage.dir = [/workdir/hadoop-ozone/integration-test/target/test-dir/MiniOzoneClusterImpl-24f7eca7-c48c-4952-ad8b-43e154ea7cd7/datanode-2/data/ratis] (custom)
2019-08-20 15:03:27,820 [main] INFO  replication.SimpleContainerDownloader (SimpleContainerDownloader.java:<init>(72)) - Starting container downloader service to copy containers to replicate.
2019-08-20 15:03:27,821 [main] INFO  hdfs.DFSUtil (DFSUtil.java:httpServerTemplateForNNAndJN(1641)) - Starting Web-server for hddsDatanode at: http://0.0.0.0:0
2019-08-20 15:03:27,823 [main] INFO  server.AuthenticationFilter (AuthenticationFilter.java:constructSecretProvider(240)) - Unable to initialize FileSignerSecretProvider, falling back to use random secrets.
2019-08-20 15:03:27,823 [main] WARN  http.HttpRequestLog (HttpRequestLog.java:getRequestLog(97)) - Jetty request log can only be enabled using Log4j
2019-08-20 15:03:27,825 [main] INFO  http.HttpServer2 (HttpServer2.java:addGlobalFilter(975)) - Added global filter 'safety' (class=org.apache.hadoop.http.HttpServer2$QuotingInputFilter)
2019-08-20 15:03:27,825 [main] INFO  http.HttpServer2 (HttpServer2.java:addFilter(948)) - Added filter static_user_filter (class=org.apache.hadoop.http.lib.StaticUserWebFilter$StaticUserFilter) to context hddsDatanode
2019-08-20 15:03:27,825 [main] INFO  http.HttpServer2 (HttpServer2.java:addFilter(958)) - Added filter static_user_filter (class=org.apache.hadoop.http.lib.StaticUserWebFilter$StaticUserFilter) to context static
2019-08-20 15:03:27,826 [main] INFO  http.HttpServer2 (HttpServer2.java:addFilter(958)) - Added filter static_user_filter (class=org.apache.hadoop.http.lib.StaticUserWebFilter$StaticUserFilter) to context logs
2019-08-20 15:03:27,826 [main] INFO  http.HttpServer2 (HttpServer2.java:bindListener(1191)) - Jetty bound to port 33805
2019-08-20 15:03:27,826 [main] INFO  server.Server (Server.java:doStart(351)) - jetty-9.3.24.v20180605, build timestamp: 2018-06-05T17:11:56Z, git hash: 84205aa28f11a4f31f2a3b86d1bba2cc8ab69827
2019-08-20 15:03:27,828 [main] INFO  handler.ContextHandler (ContextHandler.java:doStart(781)) - Started o.e.j.s.ServletContextHandler@2bebd114{/logs,file:///workdir/hadoop-ozone/integration-test/target/log,AVAILABLE}
2019-08-20 15:03:27,829 [main] INFO  handler.ContextHandler (ContextHandler.java:doStart(781)) - Started o.e.j.s.ServletContextHandler@374c40ba{/static,jar:file:/home/user/.m2/repository/org/apache/hadoop/hadoop-hdds-container-service/0.5.0-SNAPSHOT/hadoop-hdds-container-service-0.5.0-SNAPSHOT.jar!/webapps/static,AVAILABLE}
2019-08-20 15:03:27,855 [main] INFO  handler.ContextHandler (ContextHandler.java:doStart(781)) - Started o.e.j.w.WebAppContext@dbed7fd{/,file:///tmp/jetty-0.0.0.0-33805-hddsDatanode-_-any-773833211241503297.dir/webapp/,AVAILABLE}{/hddsDatanode}
2019-08-20 15:03:27,857 [main] INFO  server.AbstractConnector (AbstractConnector.java:doStart(278)) - Started ServerConnector@250d440{HTTP/1.1,[http/1.1]}{0.0.0.0:33805}
2019-08-20 15:03:27,858 [main] INFO  server.Server (Server.java:doStart(419)) - Started @7013ms
2019-08-20 15:03:27,860 [main] INFO  server.BaseHttpServer (BaseHttpServer.java:updateConnectorAddress(213)) - HTTP server of HDDSDATANODE is listening at http://0.0.0.0:33805
2019-08-20 15:03:27,993 | INFO  | ObjectStoreRestHttpServer | Listening HDDS REST traffic on /0.0.0.0:40403 |  
2019-08-20 15:03:27,993 [main] INFO  ozone.HddsDatanodeService (HddsDatanodeService.java:startPlugins(395)) - Started plug-in org.apache.hadoop.ozone.web.OzoneHddsDatanodeService@6629643d
2019-08-20 15:03:27,993 [main] INFO  impl.MetricsSystemImpl (MetricsSystemImpl.java:init(158)) - HddsDatanode metrics system started (again)
2019-08-20 15:03:27,997 [main] INFO  ozone.HddsDatanodeService (HddsDatanodeService.java:start(184)) - HddsDatanodeService host:pr-hdds-1200-9hlr9-3148487106 ip:192.168.5.139
2019-08-20 15:03:27,997 [org.apache.hadoop.util.JvmPauseMonitor$Monitor@3b46a90e] INFO  util.JvmPauseMonitor (JvmPauseMonitor.java:run(188)) - Starting JVM pause monitor
2019-08-20 15:03:27,999 [Datanode State Machine Thread - 0] INFO  datanode.InitDatanodeState (InitDatanodeState.java:persistContainerDatanodeDetails(140)) - DatanodeDetails is persisted to /workdir/hadoop-ozone/integration-test/target/test-dir/MiniOzoneClusterImpl-24f7eca7-c48c-4952-ad8b-43e154ea7cd7/datanode-2/meta/datanode.id
2019-08-20 15:03:28,004 [main] INFO  volume.HddsVolume (HddsVolume.java:<init>(176)) - Creating Volume: /workdir/hadoop-ozone/integration-test/target/test-dir/MiniOzoneClusterImpl-24f7eca7-c48c-4952-ad8b-43e154ea7cd7/datanode-3/data/containers/hdds of  storage type : DISK and capacity : 1482555576320
2019-08-20 15:03:28,004 [main] INFO  volume.VolumeSet (VolumeSet.java:initializeVolumeSet(170)) - Added Volume : /workdir/hadoop-ozone/integration-test/target/test-dir/MiniOzoneClusterImpl-24f7eca7-c48c-4952-ad8b-43e154ea7cd7/datanode-3/data/containers/hdds to VolumeSet
2019-08-20 15:03:28,005 [main] INFO  volume.ThrottledAsyncChecker (ThrottledAsyncChecker.java:schedule(140)) - Scheduling a check for org.apache.hadoop.ozone.container.common.volume.HddsVolume@22791b75
2019-08-20 15:03:28,005 [main] INFO  volume.HddsVolumeChecker (HddsVolumeChecker.java:checkAllVolumes(203)) - Scheduled health check for volume org.apache.hadoop.ozone.container.common.volume.HddsVolume@22791b75
2019-08-20 15:03:28,021 [main] INFO  impl.RaftServerProxy (ConfUtils.java:logGet(43)) - raft.rpc.type = GRPC (default)
2019-08-20 15:03:28,021 [main] INFO  grpc.GrpcFactory (GrpcFactory.java:checkPooledByteBufAllocatorUseCacheForAllThreads(45)) - PERFORMANCE WARNING: useCacheForAllThreads is true that may cause Netty to create a lot garbage objects and, as a result, trigger GC.
	It is recommended to disable useCacheForAllThreads by setting -Dorg.apache.ratis.thirdparty.io.netty.allocator.useCacheForAllThreads=false in command line.
2019-08-20 15:03:28,021 [main] INFO  grpc.GrpcConfigKeys$Server (ConfUtils.java:logGet(43)) - raft.grpc.server.port = 0 (default)
2019-08-20 15:03:28,021 [main] INFO  server.GrpcService (ConfUtils.java:logGet(43)) - raft.grpc.message.size.max = 33570816 (custom)
2019-08-20 15:03:28,022 [main] INFO  server.RaftServerConfigKeys (ConfUtils.java:logGet(43)) - raft.server.log.appender.buffer.byte-limit = 33554432 (custom)
2019-08-20 15:03:28,022 [main] INFO  server.GrpcService (ConfUtils.java:logGet(43)) - raft.grpc.flow.control.window = 1MB (=1048576) (default)
2019-08-20 15:03:28,022 [main] INFO  server.RaftServerConfigKeys (ConfUtils.java:logGet(43)) - raft.server.rpc.request.timeout = 3000ms (default)
2019-08-20 15:03:28,023 [main] INFO  server.RaftServerConfigKeys (ConfUtils.java:logGet(43)) - raft.server.storage.dir = [/workdir/hadoop-ozone/integration-test/target/test-dir/MiniOzoneClusterImpl-24f7eca7-c48c-4952-ad8b-43e154ea7cd7/datanode-3/data/ratis] (custom)
2019-08-20 15:03:28,023 [main] INFO  replication.SimpleContainerDownloader (SimpleContainerDownloader.java:<init>(72)) - Starting container downloader service to copy containers to replicate.
2019-08-20 15:03:28,024 [main] INFO  hdfs.DFSUtil (DFSUtil.java:httpServerTemplateForNNAndJN(1641)) - Starting Web-server for hddsDatanode at: http://0.0.0.0:0
2019-08-20 15:03:28,026 [main] INFO  server.AuthenticationFilter (AuthenticationFilter.java:constructSecretProvider(240)) - Unable to initialize FileSignerSecretProvider, falling back to use random secrets.
2019-08-20 15:03:28,026 [main] WARN  http.HttpRequestLog (HttpRequestLog.java:getRequestLog(97)) - Jetty request log can only be enabled using Log4j
2019-08-20 15:03:28,028 [main] INFO  http.HttpServer2 (HttpServer2.java:addGlobalFilter(975)) - Added global filter 'safety' (class=org.apache.hadoop.http.HttpServer2$QuotingInputFilter)
2019-08-20 15:03:28,028 [main] INFO  http.HttpServer2 (HttpServer2.java:addFilter(948)) - Added filter static_user_filter (class=org.apache.hadoop.http.lib.StaticUserWebFilter$StaticUserFilter) to context hddsDatanode
2019-08-20 15:03:28,028 [main] INFO  http.HttpServer2 (HttpServer2.java:addFilter(958)) - Added filter static_user_filter (class=org.apache.hadoop.http.lib.StaticUserWebFilter$StaticUserFilter) to context static
2019-08-20 15:03:28,028 [main] INFO  http.HttpServer2 (HttpServer2.java:addFilter(958)) - Added filter static_user_filter (class=org.apache.hadoop.http.lib.StaticUserWebFilter$StaticUserFilter) to context logs
2019-08-20 15:03:28,029 [main] INFO  http.HttpServer2 (HttpServer2.java:bindListener(1191)) - Jetty bound to port 33451
2019-08-20 15:03:28,029 [main] INFO  server.Server (Server.java:doStart(351)) - jetty-9.3.24.v20180605, build timestamp: 2018-06-05T17:11:56Z, git hash: 84205aa28f11a4f31f2a3b86d1bba2cc8ab69827
2019-08-20 15:03:28,034 [main] INFO  handler.ContextHandler (ContextHandler.java:doStart(781)) - Started o.e.j.s.ServletContextHandler@5d7dd549{/logs,file:///workdir/hadoop-ozone/integration-test/target/log,AVAILABLE}
2019-08-20 15:03:28,034 [main] INFO  handler.ContextHandler (ContextHandler.java:doStart(781)) - Started o.e.j.s.ServletContextHandler@6459f4ea{/static,jar:file:/home/user/.m2/repository/org/apache/hadoop/hadoop-hdds-container-service/0.5.0-SNAPSHOT/hadoop-hdds-container-service-0.5.0-SNAPSHOT.jar!/webapps/static,AVAILABLE}
2019-08-20 15:03:28,071 [main] INFO  handler.ContextHandler (ContextHandler.java:doStart(781)) - Started o.e.j.w.WebAppContext@7d59e968{/,file:///tmp/jetty-0.0.0.0-33451-hddsDatanode-_-any-555060968013241121.dir/webapp/,AVAILABLE}{/hddsDatanode}
2019-08-20 15:03:28,073 [main] INFO  server.AbstractConnector (AbstractConnector.java:doStart(278)) - Started ServerConnector@55361f03{HTTP/1.1,[http/1.1]}{0.0.0.0:33451}
2019-08-20 15:03:28,073 [main] INFO  server.Server (Server.java:doStart(419)) - Started @7228ms
2019-08-20 15:03:28,074 [main] INFO  server.BaseHttpServer (BaseHttpServer.java:updateConnectorAddress(213)) - HTTP server of HDDSDATANODE is listening at http://0.0.0.0:33451
2019-08-20 15:03:28,211 | INFO  | ObjectStoreRestHttpServer | Listening HDDS REST traffic on /0.0.0.0:45646 |  
2019-08-20 15:03:28,211 [main] INFO  ozone.HddsDatanodeService (HddsDatanodeService.java:startPlugins(395)) - Started plug-in org.apache.hadoop.ozone.web.OzoneHddsDatanodeService@67c6f4d8
2019-08-20 15:03:28,211 [main] INFO  impl.MetricsSystemImpl (MetricsSystemImpl.java:init(158)) - HddsDatanode metrics system started (again)
2019-08-20 15:03:28,215 [org.apache.hadoop.util.JvmPauseMonitor$Monitor@b709cfa] INFO  util.JvmPauseMonitor (JvmPauseMonitor.java:run(188)) - Starting JVM pause monitor
2019-08-20 15:03:28,215 [main] INFO  ozone.HddsDatanodeService (HddsDatanodeService.java:start(184)) - HddsDatanodeService host:pr-hdds-1200-9hlr9-3148487106 ip:192.168.5.139
2019-08-20 15:03:28,217 [Datanode State Machine Thread - 0] INFO  datanode.InitDatanodeState (InitDatanodeState.java:persistContainerDatanodeDetails(140)) - DatanodeDetails is persisted to /workdir/hadoop-ozone/integration-test/target/test-dir/MiniOzoneClusterImpl-24f7eca7-c48c-4952-ad8b-43e154ea7cd7/datanode-3/meta/datanode.id
2019-08-20 15:03:28,223 [main] INFO  volume.HddsVolume (HddsVolume.java:<init>(176)) - Creating Volume: /workdir/hadoop-ozone/integration-test/target/test-dir/MiniOzoneClusterImpl-24f7eca7-c48c-4952-ad8b-43e154ea7cd7/datanode-4/data/containers/hdds of  storage type : DISK and capacity : 1482555576320
2019-08-20 15:03:28,223 [main] INFO  volume.VolumeSet (VolumeSet.java:initializeVolumeSet(170)) - Added Volume : /workdir/hadoop-ozone/integration-test/target/test-dir/MiniOzoneClusterImpl-24f7eca7-c48c-4952-ad8b-43e154ea7cd7/datanode-4/data/containers/hdds to VolumeSet
2019-08-20 15:03:28,223 [main] INFO  volume.ThrottledAsyncChecker (ThrottledAsyncChecker.java:schedule(140)) - Scheduling a check for org.apache.hadoop.ozone.container.common.volume.HddsVolume@20cff21e
2019-08-20 15:03:28,224 [main] INFO  volume.HddsVolumeChecker (HddsVolumeChecker.java:checkAllVolumes(203)) - Scheduled health check for volume org.apache.hadoop.ozone.container.common.volume.HddsVolume@20cff21e
2019-08-20 15:03:28,238 [main] INFO  impl.RaftServerProxy (ConfUtils.java:logGet(43)) - raft.rpc.type = GRPC (default)
2019-08-20 15:03:28,239 [main] INFO  grpc.GrpcFactory (GrpcFactory.java:checkPooledByteBufAllocatorUseCacheForAllThreads(45)) - PERFORMANCE WARNING: useCacheForAllThreads is true that may cause Netty to create a lot garbage objects and, as a result, trigger GC.
	It is recommended to disable useCacheForAllThreads by setting -Dorg.apache.ratis.thirdparty.io.netty.allocator.useCacheForAllThreads=false in command line.
2019-08-20 15:03:28,239 [main] INFO  grpc.GrpcConfigKeys$Server (ConfUtils.java:logGet(43)) - raft.grpc.server.port = 0 (default)
2019-08-20 15:03:28,239 [main] INFO  server.GrpcService (ConfUtils.java:logGet(43)) - raft.grpc.message.size.max = 33570816 (custom)
2019-08-20 15:03:28,239 [main] INFO  server.RaftServerConfigKeys (ConfUtils.java:logGet(43)) - raft.server.log.appender.buffer.byte-limit = 33554432 (custom)
2019-08-20 15:03:28,240 [main] INFO  server.GrpcService (ConfUtils.java:logGet(43)) - raft.grpc.flow.control.window = 1MB (=1048576) (default)
2019-08-20 15:03:28,240 [main] INFO  server.RaftServerConfigKeys (ConfUtils.java:logGet(43)) - raft.server.rpc.request.timeout = 3000ms (default)
2019-08-20 15:03:28,240 [main] INFO  server.RaftServerConfigKeys (ConfUtils.java:logGet(43)) - raft.server.storage.dir = [/workdir/hadoop-ozone/integration-test/target/test-dir/MiniOzoneClusterImpl-24f7eca7-c48c-4952-ad8b-43e154ea7cd7/datanode-4/data/ratis] (custom)
2019-08-20 15:03:28,241 [main] INFO  replication.SimpleContainerDownloader (SimpleContainerDownloader.java:<init>(72)) - Starting container downloader service to copy containers to replicate.
2019-08-20 15:03:28,242 [main] INFO  hdfs.DFSUtil (DFSUtil.java:httpServerTemplateForNNAndJN(1641)) - Starting Web-server for hddsDatanode at: http://0.0.0.0:0
2019-08-20 15:03:28,243 [main] INFO  server.AuthenticationFilter (AuthenticationFilter.java:constructSecretProvider(240)) - Unable to initialize FileSignerSecretProvider, falling back to use random secrets.
2019-08-20 15:03:28,244 [main] WARN  http.HttpRequestLog (HttpRequestLog.java:getRequestLog(97)) - Jetty request log can only be enabled using Log4j
2019-08-20 15:03:28,246 [main] INFO  http.HttpServer2 (HttpServer2.java:addGlobalFilter(975)) - Added global filter 'safety' (class=org.apache.hadoop.http.HttpServer2$QuotingInputFilter)
2019-08-20 15:03:28,247 [main] INFO  http.HttpServer2 (HttpServer2.java:addFilter(948)) - Added filter static_user_filter (class=org.apache.hadoop.http.lib.StaticUserWebFilter$StaticUserFilter) to context hddsDatanode
2019-08-20 15:03:28,247 [main] INFO  http.HttpServer2 (HttpServer2.java:addFilter(958)) - Added filter static_user_filter (class=org.apache.hadoop.http.lib.StaticUserWebFilter$StaticUserFilter) to context logs
2019-08-20 15:03:28,247 [main] INFO  http.HttpServer2 (HttpServer2.java:addFilter(958)) - Added filter static_user_filter (class=org.apache.hadoop.http.lib.StaticUserWebFilter$StaticUserFilter) to context static
2019-08-20 15:03:28,248 [main] INFO  http.HttpServer2 (HttpServer2.java:bindListener(1191)) - Jetty bound to port 33337
2019-08-20 15:03:28,248 [main] INFO  server.Server (Server.java:doStart(351)) - jetty-9.3.24.v20180605, build timestamp: 2018-06-05T17:11:56Z, git hash: 84205aa28f11a4f31f2a3b86d1bba2cc8ab69827
2019-08-20 15:03:28,250 [main] INFO  handler.ContextHandler (ContextHandler.java:doStart(781)) - Started o.e.j.s.ServletContextHandler@73a845cb{/logs,file:///workdir/hadoop-ozone/integration-test/target/log,AVAILABLE}
2019-08-20 15:03:28,251 [main] INFO  handler.ContextHandler (ContextHandler.java:doStart(781)) - Started o.e.j.s.ServletContextHandler@7dbae40{/static,jar:file:/home/user/.m2/repository/org/apache/hadoop/hadoop-hdds-container-service/0.5.0-SNAPSHOT/hadoop-hdds-container-service-0.5.0-SNAPSHOT.jar!/webapps/static,AVAILABLE}
2019-08-20 15:03:28,284 [main] INFO  handler.ContextHandler (ContextHandler.java:doStart(781)) - Started o.e.j.w.WebAppContext@57ce2898{/,file:///tmp/jetty-0.0.0.0-33337-hddsDatanode-_-any-1554102613772445826.dir/webapp/,AVAILABLE}{/hddsDatanode}
2019-08-20 15:03:28,285 [main] INFO  server.AbstractConnector (AbstractConnector.java:doStart(278)) - Started ServerConnector@1ea930eb{HTTP/1.1,[http/1.1]}{0.0.0.0:33337}
2019-08-20 15:03:28,286 [main] INFO  server.Server (Server.java:doStart(419)) - Started @7441ms
2019-08-20 15:03:28,287 [main] INFO  server.BaseHttpServer (BaseHttpServer.java:updateConnectorAddress(213)) - HTTP server of HDDSDATANODE is listening at http://0.0.0.0:33337
2019-08-20 15:03:28,439 | INFO  | ObjectStoreRestHttpServer | Listening HDDS REST traffic on /0.0.0.0:43966 |  
2019-08-20 15:03:28,439 [main] INFO  ozone.HddsDatanodeService (HddsDatanodeService.java:startPlugins(395)) - Started plug-in org.apache.hadoop.ozone.web.OzoneHddsDatanodeService@24e5389c
2019-08-20 15:03:28,440 [main] INFO  impl.MetricsSystemImpl (MetricsSystemImpl.java:init(158)) - HddsDatanode metrics system started (again)
2019-08-20 15:03:28,443 [org.apache.hadoop.util.JvmPauseMonitor$Monitor@7f3acd5] INFO  util.JvmPauseMonitor (JvmPauseMonitor.java:run(188)) - Starting JVM pause monitor
2019-08-20 15:03:28,443 [main] INFO  ozone.HddsDatanodeService (HddsDatanodeService.java:start(184)) - HddsDatanodeService host:pr-hdds-1200-9hlr9-3148487106 ip:192.168.5.139
2019-08-20 15:03:28,444 [Datanode State Machine Thread - 0] INFO  datanode.InitDatanodeState (InitDatanodeState.java:persistContainerDatanodeDetails(140)) - DatanodeDetails is persisted to /workdir/hadoop-ozone/integration-test/target/test-dir/MiniOzoneClusterImpl-24f7eca7-c48c-4952-ad8b-43e154ea7cd7/datanode-4/meta/datanode.id
2019-08-20 15:03:28,449 [main] INFO  volume.HddsVolume (HddsVolume.java:<init>(176)) - Creating Volume: /workdir/hadoop-ozone/integration-test/target/test-dir/MiniOzoneClusterImpl-24f7eca7-c48c-4952-ad8b-43e154ea7cd7/datanode-5/data/containers/hdds of  storage type : DISK and capacity : 1482555576320
2019-08-20 15:03:28,450 [main] INFO  volume.VolumeSet (VolumeSet.java:initializeVolumeSet(170)) - Added Volume : /workdir/hadoop-ozone/integration-test/target/test-dir/MiniOzoneClusterImpl-24f7eca7-c48c-4952-ad8b-43e154ea7cd7/datanode-5/data/containers/hdds to VolumeSet
2019-08-20 15:03:28,450 [main] INFO  volume.ThrottledAsyncChecker (ThrottledAsyncChecker.java:schedule(140)) - Scheduling a check for org.apache.hadoop.ozone.container.common.volume.HddsVolume@25699aa7
2019-08-20 15:03:28,450 [main] INFO  volume.HddsVolumeChecker (HddsVolumeChecker.java:checkAllVolumes(203)) - Scheduled health check for volume org.apache.hadoop.ozone.container.common.volume.HddsVolume@25699aa7
2019-08-20 15:03:28,465 [main] INFO  impl.RaftServerProxy (ConfUtils.java:logGet(43)) - raft.rpc.type = GRPC (default)
2019-08-20 15:03:28,465 [main] INFO  grpc.GrpcFactory (GrpcFactory.java:checkPooledByteBufAllocatorUseCacheForAllThreads(45)) - PERFORMANCE WARNING: useCacheForAllThreads is true that may cause Netty to create a lot garbage objects and, as a result, trigger GC.
	It is recommended to disable useCacheForAllThreads by setting -Dorg.apache.ratis.thirdparty.io.netty.allocator.useCacheForAllThreads=false in command line.
2019-08-20 15:03:28,465 [main] INFO  grpc.GrpcConfigKeys$Server (ConfUtils.java:logGet(43)) - raft.grpc.server.port = 0 (default)
2019-08-20 15:03:28,466 [main] INFO  server.GrpcService (ConfUtils.java:logGet(43)) - raft.grpc.message.size.max = 33570816 (custom)
2019-08-20 15:03:28,466 [main] INFO  server.RaftServerConfigKeys (ConfUtils.java:logGet(43)) - raft.server.log.appender.buffer.byte-limit = 33554432 (custom)
2019-08-20 15:03:28,466 [main] INFO  server.GrpcService (ConfUtils.java:logGet(43)) - raft.grpc.flow.control.window = 1MB (=1048576) (default)
2019-08-20 15:03:28,466 [main] INFO  server.RaftServerConfigKeys (ConfUtils.java:logGet(43)) - raft.server.rpc.request.timeout = 3000ms (default)
2019-08-20 15:03:28,467 [main] INFO  server.RaftServerConfigKeys (ConfUtils.java:logGet(43)) - raft.server.storage.dir = [/workdir/hadoop-ozone/integration-test/target/test-dir/MiniOzoneClusterImpl-24f7eca7-c48c-4952-ad8b-43e154ea7cd7/datanode-5/data/ratis] (custom)
2019-08-20 15:03:28,468 [main] INFO  replication.SimpleContainerDownloader (SimpleContainerDownloader.java:<init>(72)) - Starting container downloader service to copy containers to replicate.
2019-08-20 15:03:28,469 [main] INFO  hdfs.DFSUtil (DFSUtil.java:httpServerTemplateForNNAndJN(1641)) - Starting Web-server for hddsDatanode at: http://0.0.0.0:0
2019-08-20 15:03:28,470 [main] INFO  server.AuthenticationFilter (AuthenticationFilter.java:constructSecretProvider(240)) - Unable to initialize FileSignerSecretProvider, falling back to use random secrets.
2019-08-20 15:03:28,471 [main] WARN  http.HttpRequestLog (HttpRequestLog.java:getRequestLog(97)) - Jetty request log can only be enabled using Log4j
2019-08-20 15:03:28,472 [main] INFO  http.HttpServer2 (HttpServer2.java:addGlobalFilter(975)) - Added global filter 'safety' (class=org.apache.hadoop.http.HttpServer2$QuotingInputFilter)
2019-08-20 15:03:28,473 [main] INFO  http.HttpServer2 (HttpServer2.java:addFilter(948)) - Added filter static_user_filter (class=org.apache.hadoop.http.lib.StaticUserWebFilter$StaticUserFilter) to context hddsDatanode
2019-08-20 15:03:28,473 [main] INFO  http.HttpServer2 (HttpServer2.java:addFilter(958)) - Added filter static_user_filter (class=org.apache.hadoop.http.lib.StaticUserWebFilter$StaticUserFilter) to context static
2019-08-20 15:03:28,473 [main] INFO  http.HttpServer2 (HttpServer2.java:addFilter(958)) - Added filter static_user_filter (class=org.apache.hadoop.http.lib.StaticUserWebFilter$StaticUserFilter) to context logs
2019-08-20 15:03:28,474 [main] INFO  http.HttpServer2 (HttpServer2.java:bindListener(1191)) - Jetty bound to port 40985
2019-08-20 15:03:28,474 [main] INFO  server.Server (Server.java:doStart(351)) - jetty-9.3.24.v20180605, build timestamp: 2018-06-05T17:11:56Z, git hash: 84205aa28f11a4f31f2a3b86d1bba2cc8ab69827
2019-08-20 15:03:28,476 [main] INFO  handler.ContextHandler (ContextHandler.java:doStart(781)) - Started o.e.j.s.ServletContextHandler@3ace6346{/logs,file:///workdir/hadoop-ozone/integration-test/target/log,AVAILABLE}
2019-08-20 15:03:28,476 [main] INFO  handler.ContextHandler (ContextHandler.java:doStart(781)) - Started o.e.j.s.ServletContextHandler@17216605{/static,jar:file:/home/user/.m2/repository/org/apache/hadoop/hadoop-hdds-container-service/0.5.0-SNAPSHOT/hadoop-hdds-container-service-0.5.0-SNAPSHOT.jar!/webapps/static,AVAILABLE}
2019-08-20 15:03:28,501 [main] INFO  handler.ContextHandler (ContextHandler.java:doStart(781)) - Started o.e.j.w.WebAppContext@38087342{/,file:///tmp/jetty-0.0.0.0-40985-hddsDatanode-_-any-4626037477897991434.dir/webapp/,AVAILABLE}{/hddsDatanode}
2019-08-20 15:03:28,502 [main] INFO  server.AbstractConnector (AbstractConnector.java:doStart(278)) - Started ServerConnector@681de87f{HTTP/1.1,[http/1.1]}{0.0.0.0:40985}
2019-08-20 15:03:28,503 [main] INFO  server.Server (Server.java:doStart(419)) - Started @7658ms
2019-08-20 15:03:28,504 [main] INFO  server.BaseHttpServer (BaseHttpServer.java:updateConnectorAddress(213)) - HTTP server of HDDSDATANODE is listening at http://0.0.0.0:40985
2019-08-20 15:03:28,740 | INFO  | ObjectStoreRestHttpServer | Listening HDDS REST traffic on /0.0.0.0:41180 |  
2019-08-20 15:03:28,740 [main] INFO  ozone.HddsDatanodeService (HddsDatanodeService.java:startPlugins(395)) - Started plug-in org.apache.hadoop.ozone.web.OzoneHddsDatanodeService@c212536
2019-08-20 15:03:28,740 [main] INFO  impl.MetricsSystemImpl (MetricsSystemImpl.java:init(158)) - HddsDatanode metrics system started (again)
2019-08-20 15:03:28,744 [org.apache.hadoop.util.JvmPauseMonitor$Monitor@18a6c994] INFO  util.JvmPauseMonitor (JvmPauseMonitor.java:run(188)) - Starting JVM pause monitor
2019-08-20 15:03:28,744 [main] INFO  ozone.HddsDatanodeService (HddsDatanodeService.java:start(184)) - HddsDatanodeService host:pr-hdds-1200-9hlr9-3148487106 ip:192.168.5.139
2019-08-20 15:03:28,746 [Datanode State Machine Thread - 0] INFO  datanode.InitDatanodeState (InitDatanodeState.java:persistContainerDatanodeDetails(140)) - DatanodeDetails is persisted to /workdir/hadoop-ozone/integration-test/target/test-dir/MiniOzoneClusterImpl-24f7eca7-c48c-4952-ad8b-43e154ea7cd7/datanode-5/meta/datanode.id
2019-08-20 15:03:28,752 [main] INFO  volume.HddsVolume (HddsVolume.java:<init>(176)) - Creating Volume: /workdir/hadoop-ozone/integration-test/target/test-dir/MiniOzoneClusterImpl-24f7eca7-c48c-4952-ad8b-43e154ea7cd7/datanode-6/data/containers/hdds of  storage type : DISK and capacity : 1482555576320
2019-08-20 15:03:28,752 [main] INFO  volume.VolumeSet (VolumeSet.java:initializeVolumeSet(170)) - Added Volume : /workdir/hadoop-ozone/integration-test/target/test-dir/MiniOzoneClusterImpl-24f7eca7-c48c-4952-ad8b-43e154ea7cd7/datanode-6/data/containers/hdds to VolumeSet
2019-08-20 15:03:28,752 [main] INFO  volume.ThrottledAsyncChecker (ThrottledAsyncChecker.java:schedule(140)) - Scheduling a check for org.apache.hadoop.ozone.container.common.volume.HddsVolume@25e8e59
2019-08-20 15:03:28,753 [main] INFO  volume.HddsVolumeChecker (HddsVolumeChecker.java:checkAllVolumes(203)) - Scheduled health check for volume org.apache.hadoop.ozone.container.common.volume.HddsVolume@25e8e59
2019-08-20 15:03:28,766 [main] INFO  impl.RaftServerProxy (ConfUtils.java:logGet(43)) - raft.rpc.type = GRPC (default)
2019-08-20 15:03:28,766 [main] INFO  grpc.GrpcFactory (GrpcFactory.java:checkPooledByteBufAllocatorUseCacheForAllThreads(45)) - PERFORMANCE WARNING: useCacheForAllThreads is true that may cause Netty to create a lot garbage objects and, as a result, trigger GC.
	It is recommended to disable useCacheForAllThreads by setting -Dorg.apache.ratis.thirdparty.io.netty.allocator.useCacheForAllThreads=false in command line.
2019-08-20 15:03:28,766 [main] INFO  grpc.GrpcConfigKeys$Server (ConfUtils.java:logGet(43)) - raft.grpc.server.port = 0 (default)
2019-08-20 15:03:28,766 [main] INFO  server.GrpcService (ConfUtils.java:logGet(43)) - raft.grpc.message.size.max = 33570816 (custom)
2019-08-20 15:03:28,767 [main] INFO  server.RaftServerConfigKeys (ConfUtils.java:logGet(43)) - raft.server.log.appender.buffer.byte-limit = 33554432 (custom)
2019-08-20 15:03:28,767 [main] INFO  server.GrpcService (ConfUtils.java:logGet(43)) - raft.grpc.flow.control.window = 1MB (=1048576) (default)
2019-08-20 15:03:28,767 [main] INFO  server.RaftServerConfigKeys (ConfUtils.java:logGet(43)) - raft.server.rpc.request.timeout = 3000ms (default)
2019-08-20 15:03:28,768 [main] INFO  server.RaftServerConfigKeys (ConfUtils.java:logGet(43)) - raft.server.storage.dir = [/workdir/hadoop-ozone/integration-test/target/test-dir/MiniOzoneClusterImpl-24f7eca7-c48c-4952-ad8b-43e154ea7cd7/datanode-6/data/ratis] (custom)
2019-08-20 15:03:28,768 [main] INFO  replication.SimpleContainerDownloader (SimpleContainerDownloader.java:<init>(72)) - Starting container downloader service to copy containers to replicate.
2019-08-20 15:03:28,769 [main] INFO  hdfs.DFSUtil (DFSUtil.java:httpServerTemplateForNNAndJN(1641)) - Starting Web-server for hddsDatanode at: http://0.0.0.0:0
2019-08-20 15:03:28,771 [main] INFO  server.AuthenticationFilter (AuthenticationFilter.java:constructSecretProvider(240)) - Unable to initialize FileSignerSecretProvider, falling back to use random secrets.
2019-08-20 15:03:28,771 [main] WARN  http.HttpRequestLog (HttpRequestLog.java:getRequestLog(97)) - Jetty request log can only be enabled using Log4j
2019-08-20 15:03:28,772 [main] INFO  http.HttpServer2 (HttpServer2.java:addGlobalFilter(975)) - Added global filter 'safety' (class=org.apache.hadoop.http.HttpServer2$QuotingInputFilter)
2019-08-20 15:03:28,773 [main] INFO  http.HttpServer2 (HttpServer2.java:addFilter(948)) - Added filter static_user_filter (class=org.apache.hadoop.http.lib.StaticUserWebFilter$StaticUserFilter) to context hddsDatanode
2019-08-20 15:03:28,773 [main] INFO  http.HttpServer2 (HttpServer2.java:addFilter(958)) - Added filter static_user_filter (class=org.apache.hadoop.http.lib.StaticUserWebFilter$StaticUserFilter) to context static
2019-08-20 15:03:28,773 [main] INFO  http.HttpServer2 (HttpServer2.java:addFilter(958)) - Added filter static_user_filter (class=org.apache.hadoop.http.lib.StaticUserWebFilter$StaticUserFilter) to context logs
2019-08-20 15:03:28,774 [main] INFO  http.HttpServer2 (HttpServer2.java:bindListener(1191)) - Jetty bound to port 38903
2019-08-20 15:03:28,774 [main] INFO  server.Server (Server.java:doStart(351)) - jetty-9.3.24.v20180605, build timestamp: 2018-06-05T17:11:56Z, git hash: 84205aa28f11a4f31f2a3b86d1bba2cc8ab69827
2019-08-20 15:03:28,776 [main] INFO  handler.ContextHandler (ContextHandler.java:doStart(781)) - Started o.e.j.s.ServletContextHandler@55adcf9e{/logs,file:///workdir/hadoop-ozone/integration-test/target/log,AVAILABLE}
2019-08-20 15:03:28,776 [main] INFO  handler.ContextHandler (ContextHandler.java:doStart(781)) - Started o.e.j.s.ServletContextHandler@7f5ce33e{/static,jar:file:/home/user/.m2/repository/org/apache/hadoop/hadoop-hdds-container-service/0.5.0-SNAPSHOT/hadoop-hdds-container-service-0.5.0-SNAPSHOT.jar!/webapps/static,AVAILABLE}
2019-08-20 15:03:28,806 [main] INFO  handler.ContextHandler (ContextHandler.java:doStart(781)) - Started o.e.j.w.WebAppContext@4f26425b{/,file:///tmp/jetty-0.0.0.0-38903-hddsDatanode-_-any-1247073195389614039.dir/webapp/,AVAILABLE}{/hddsDatanode}
2019-08-20 15:03:28,807 [main] INFO  server.AbstractConnector (AbstractConnector.java:doStart(278)) - Started ServerConnector@f03ee8f{HTTP/1.1,[http/1.1]}{0.0.0.0:38903}
2019-08-20 15:03:28,807 [main] INFO  server.Server (Server.java:doStart(419)) - Started @7962ms
2019-08-20 15:03:28,808 [main] INFO  server.BaseHttpServer (BaseHttpServer.java:updateConnectorAddress(213)) - HTTP server of HDDSDATANODE is listening at http://0.0.0.0:38903
2019-08-20 15:03:28,923 | INFO  | ObjectStoreRestHttpServer | Listening HDDS REST traffic on /0.0.0.0:46015 |  
2019-08-20 15:03:28,923 [main] INFO  ozone.HddsDatanodeService (HddsDatanodeService.java:startPlugins(395)) - Started plug-in org.apache.hadoop.ozone.web.OzoneHddsDatanodeService@2c34402
2019-08-20 15:03:28,926 [main] INFO  ozone.MiniOzoneClusterImpl (MiniOzoneClusterImpl.java:lambda$waitForClusterToBeReady$0(142)) - Waiting for cluster to be ready. Got 0 of 7 DN Heartbeats.
2019-08-20 15:03:28,926 [org.apache.hadoop.util.JvmPauseMonitor$Monitor@75eb60da] INFO  util.JvmPauseMonitor (JvmPauseMonitor.java:run(188)) - Starting JVM pause monitor
2019-08-20 15:03:28,928 [Datanode State Machine Thread - 0] INFO  datanode.InitDatanodeState (InitDatanodeState.java:persistContainerDatanodeDetails(140)) - DatanodeDetails is persisted to /workdir/hadoop-ozone/integration-test/target/test-dir/MiniOzoneClusterImpl-24f7eca7-c48c-4952-ad8b-43e154ea7cd7/datanode-6/meta/datanode.id
2019-08-20 15:03:29,615 | INFO  | SCMAudit | user=jenkins1000 | ip=192.168.5.139 | op=GET_VERSION null | ret=SUCCESS |  
2019-08-20 15:03:29,636 [Datanode State Machine Thread - 0] INFO  ozoneimpl.OzoneContainer (OzoneContainer.java:start(201)) - Attempting to start container services.
2019-08-20 15:03:29,639 [Datanode State Machine Thread - 0] INFO  ozoneimpl.OzoneContainer (OzoneContainer.java:startContainerScrub(163)) - Background container scanner has been disabled.
2019-08-20 15:03:29,640 [Datanode State Machine Thread - 0] INFO  ratis.XceiverServerRatis (XceiverServerRatis.java:start(404)) - Starting XceiverServerRatis a2d6af90-c3d5-480c-824b-ae12d5e723ac at port 0
2019-08-20 15:03:29,659 [Datanode State Machine Thread - 0] INFO  impl.RaftServerProxy (RaftServerProxy.java:lambda$start$3(299)) - a2d6af90-c3d5-480c-824b-ae12d5e723ac: start RPC server
2019-08-20 15:03:29,781 [Datanode State Machine Thread - 0] INFO  server.GrpcService (GrpcService.java:startImpl(149)) - a2d6af90-c3d5-480c-824b-ae12d5e723ac: GrpcService started, listening on 0.0.0.0/0.0.0.0:42553
2019-08-20 15:03:29,783 [Datanode State Machine Thread - 0] INFO  ratis.XceiverServerRatis (XceiverServerRatis.java:start(414)) - XceiverServerRatis a2d6af90-c3d5-480c-824b-ae12d5e723ac is started using port 42553
2019-08-20 15:03:29,785 [Datanode State Machine Thread - 0] INFO  server.XceiverServerGrpc (XceiverServerGrpc.java:start(161)) - XceiverServerGrpc a2d6af90-c3d5-480c-824b-ae12d5e723ac is started using port 44586
2019-08-20 15:03:29,796 | INFO  | SCMAudit | user=jenkins1000 | ip=192.168.5.139 | op=GET_VERSION null | ret=SUCCESS |  
2019-08-20 15:03:29,811 [Datanode State Machine Thread - 0] INFO  ozoneimpl.OzoneContainer (OzoneContainer.java:start(201)) - Attempting to start container services.
2019-08-20 15:03:29,818 [Datanode State Machine Thread - 0] INFO  ozoneimpl.OzoneContainer (OzoneContainer.java:startContainerScrub(163)) - Background container scanner has been disabled.
2019-08-20 15:03:29,818 [Datanode State Machine Thread - 0] INFO  ratis.XceiverServerRatis (XceiverServerRatis.java:start(404)) - Starting XceiverServerRatis c8a52875-dc52-43bc-af24-370bbdbe5589 at port 0
2019-08-20 15:03:29,824 [Datanode State Machine Thread - 0] INFO  impl.RaftServerProxy (RaftServerProxy.java:lambda$start$3(299)) - c8a52875-dc52-43bc-af24-370bbdbe5589: start RPC server
2019-08-20 15:03:29,827 [Datanode State Machine Thread - 0] INFO  server.GrpcService (GrpcService.java:startImpl(149)) - c8a52875-dc52-43bc-af24-370bbdbe5589: GrpcService started, listening on 0.0.0.0/0.0.0.0:38327
2019-08-20 15:03:29,827 [Datanode State Machine Thread - 0] INFO  ratis.XceiverServerRatis (XceiverServerRatis.java:start(414)) - XceiverServerRatis c8a52875-dc52-43bc-af24-370bbdbe5589 is started using port 38327
2019-08-20 15:03:29,830 [Datanode State Machine Thread - 0] INFO  server.XceiverServerGrpc (XceiverServerGrpc.java:start(161)) - XceiverServerGrpc c8a52875-dc52-43bc-af24-370bbdbe5589 is started using port 44243
2019-08-20 15:03:29,926 [main] INFO  ozone.MiniOzoneClusterImpl (MiniOzoneClusterImpl.java:lambda$waitForClusterToBeReady$0(142)) - Waiting for cluster to be ready. Got 0 of 7 DN Heartbeats.
2019-08-20 15:03:29,999 | INFO  | SCMAudit | user=jenkins1000 | ip=192.168.5.139 | op=GET_VERSION null | ret=SUCCESS |  
2019-08-20 15:03:30,019 [Datanode State Machine Thread - 0] INFO  ozoneimpl.OzoneContainer (OzoneContainer.java:start(201)) - Attempting to start container services.
2019-08-20 15:03:30,023 [Datanode State Machine Thread - 0] INFO  ozoneimpl.OzoneContainer (OzoneContainer.java:startContainerScrub(163)) - Background container scanner has been disabled.
2019-08-20 15:03:30,024 [Datanode State Machine Thread - 0] INFO  ratis.XceiverServerRatis (XceiverServerRatis.java:start(404)) - Starting XceiverServerRatis 2923d27d-94e5-4a4d-9917-f06e3e9de6d6 at port 0
2019-08-20 15:03:30,031 [Datanode State Machine Thread - 0] INFO  impl.RaftServerProxy (RaftServerProxy.java:lambda$start$3(299)) - 2923d27d-94e5-4a4d-9917-f06e3e9de6d6: start RPC server
2019-08-20 15:03:30,034 [Datanode State Machine Thread - 0] INFO  server.GrpcService (GrpcService.java:startImpl(149)) - 2923d27d-94e5-4a4d-9917-f06e3e9de6d6: GrpcService started, listening on 0.0.0.0/0.0.0.0:36527
2019-08-20 15:03:30,034 [Datanode State Machine Thread - 0] INFO  ratis.XceiverServerRatis (XceiverServerRatis.java:start(414)) - XceiverServerRatis 2923d27d-94e5-4a4d-9917-f06e3e9de6d6 is started using port 36527
2019-08-20 15:03:30,036 [Datanode State Machine Thread - 0] INFO  server.XceiverServerGrpc (XceiverServerGrpc.java:start(161)) - XceiverServerGrpc 2923d27d-94e5-4a4d-9917-f06e3e9de6d6 is started using port 46184
2019-08-20 15:03:30,217 | INFO  | SCMAudit | user=jenkins1000 | ip=192.168.5.139 | op=GET_VERSION null | ret=SUCCESS |  
2019-08-20 15:03:30,231 [Datanode State Machine Thread - 0] INFO  ozoneimpl.OzoneContainer (OzoneContainer.java:start(201)) - Attempting to start container services.
2019-08-20 15:03:30,232 [Datanode State Machine Thread - 0] INFO  ozoneimpl.OzoneContainer (OzoneContainer.java:startContainerScrub(163)) - Background container scanner has been disabled.
2019-08-20 15:03:30,232 [Datanode State Machine Thread - 0] INFO  ratis.XceiverServerRatis (XceiverServerRatis.java:start(404)) - Starting XceiverServerRatis 6a1036d9-12c3-40f5-8094-5440fe3d038e at port 0
2019-08-20 15:03:30,238 [Datanode State Machine Thread - 0] INFO  impl.RaftServerProxy (RaftServerProxy.java:lambda$start$3(299)) - 6a1036d9-12c3-40f5-8094-5440fe3d038e: start RPC server
2019-08-20 15:03:30,241 [Datanode State Machine Thread - 0] INFO  server.GrpcService (GrpcService.java:startImpl(149)) - 6a1036d9-12c3-40f5-8094-5440fe3d038e: GrpcService started, listening on 0.0.0.0/0.0.0.0:45695
2019-08-20 15:03:30,242 [Datanode State Machine Thread - 0] INFO  ratis.XceiverServerRatis (XceiverServerRatis.java:start(414)) - XceiverServerRatis 6a1036d9-12c3-40f5-8094-5440fe3d038e is started using port 45695
2019-08-20 15:03:30,244 [Datanode State Machine Thread - 0] INFO  server.XceiverServerGrpc (XceiverServerGrpc.java:start(161)) - XceiverServerGrpc 6a1036d9-12c3-40f5-8094-5440fe3d038e is started using port 44199
2019-08-20 15:03:30,446 | INFO  | SCMAudit | user=jenkins1000 | ip=192.168.5.139 | op=GET_VERSION null | ret=SUCCESS |  
2019-08-20 15:03:30,461 [Datanode State Machine Thread - 0] INFO  ozoneimpl.OzoneContainer (OzoneContainer.java:start(201)) - Attempting to start container services.
2019-08-20 15:03:30,461 [Datanode State Machine Thread - 0] INFO  ozoneimpl.OzoneContainer (OzoneContainer.java:startContainerScrub(163)) - Background container scanner has been disabled.
2019-08-20 15:03:30,461 [Datanode State Machine Thread - 0] INFO  ratis.XceiverServerRatis (XceiverServerRatis.java:start(404)) - Starting XceiverServerRatis 36e09339-9dd8-4013-a821-6974d22e740b at port 0
2019-08-20 15:03:30,469 [Datanode State Machine Thread - 0] INFO  impl.RaftServerProxy (RaftServerProxy.java:lambda$start$3(299)) - 36e09339-9dd8-4013-a821-6974d22e740b: start RPC server
2019-08-20 15:03:30,473 [Datanode State Machine Thread - 0] INFO  server.GrpcService (GrpcService.java:startImpl(149)) - 36e09339-9dd8-4013-a821-6974d22e740b: GrpcService started, listening on 0.0.0.0/0.0.0.0:37692
2019-08-20 15:03:30,473 [Datanode State Machine Thread - 0] INFO  ratis.XceiverServerRatis (XceiverServerRatis.java:start(414)) - XceiverServerRatis 36e09339-9dd8-4013-a821-6974d22e740b is started using port 37692
2019-08-20 15:03:30,476 [Datanode State Machine Thread - 0] INFO  server.XceiverServerGrpc (XceiverServerGrpc.java:start(161)) - XceiverServerGrpc 36e09339-9dd8-4013-a821-6974d22e740b is started using port 33764
2019-08-20 15:03:30,747 | INFO  | SCMAudit | user=jenkins1000 | ip=192.168.5.139 | op=GET_VERSION null | ret=SUCCESS |  
2019-08-20 15:03:30,762 [Datanode State Machine Thread - 0] INFO  ozoneimpl.OzoneContainer (OzoneContainer.java:start(201)) - Attempting to start container services.
2019-08-20 15:03:30,763 [Datanode State Machine Thread - 0] INFO  ozoneimpl.OzoneContainer (OzoneContainer.java:startContainerScrub(163)) - Background container scanner has been disabled.
2019-08-20 15:03:30,763 [Datanode State Machine Thread - 0] INFO  ratis.XceiverServerRatis (XceiverServerRatis.java:start(404)) - Starting XceiverServerRatis 81e6f177-0aa0-4cea-a559-904193532cd7 at port 0
2019-08-20 15:03:30,769 [Datanode State Machine Thread - 0] INFO  impl.RaftServerProxy (RaftServerProxy.java:lambda$start$3(299)) - 81e6f177-0aa0-4cea-a559-904193532cd7: start RPC server
2019-08-20 15:03:30,774 [Datanode State Machine Thread - 0] INFO  server.GrpcService (GrpcService.java:startImpl(149)) - 81e6f177-0aa0-4cea-a559-904193532cd7: GrpcService started, listening on 0.0.0.0/0.0.0.0:40757
2019-08-20 15:03:30,774 [Datanode State Machine Thread - 0] INFO  ratis.XceiverServerRatis (XceiverServerRatis.java:start(414)) - XceiverServerRatis 81e6f177-0aa0-4cea-a559-904193532cd7 is started using port 40757
2019-08-20 15:03:30,777 [Datanode State Machine Thread - 0] INFO  server.XceiverServerGrpc (XceiverServerGrpc.java:start(161)) - XceiverServerGrpc 81e6f177-0aa0-4cea-a559-904193532cd7 is started using port 33543
2019-08-20 15:03:30,926 [main] INFO  ozone.MiniOzoneClusterImpl (MiniOzoneClusterImpl.java:lambda$waitForClusterToBeReady$0(142)) - Waiting for cluster to be ready. Got 0 of 7 DN Heartbeats.
2019-08-20 15:03:30,930 | INFO  | SCMAudit | user=jenkins1000 | ip=192.168.5.139 | op=GET_VERSION null | ret=SUCCESS |  
2019-08-20 15:03:30,945 [Datanode State Machine Thread - 0] INFO  ozoneimpl.OzoneContainer (OzoneContainer.java:start(201)) - Attempting to start container services.
2019-08-20 15:03:30,945 [Datanode State Machine Thread - 0] INFO  ozoneimpl.OzoneContainer (OzoneContainer.java:startContainerScrub(163)) - Background container scanner has been disabled.
2019-08-20 15:03:30,945 [Datanode State Machine Thread - 0] INFO  ratis.XceiverServerRatis (XceiverServerRatis.java:start(404)) - Starting XceiverServerRatis fb8329f7-6337-4286-bcd2-d612923e448c at port 0
2019-08-20 15:03:30,952 [Datanode State Machine Thread - 0] INFO  impl.RaftServerProxy (RaftServerProxy.java:lambda$start$3(299)) - fb8329f7-6337-4286-bcd2-d612923e448c: start RPC server
2019-08-20 15:03:30,957 [Datanode State Machine Thread - 0] INFO  server.GrpcService (GrpcService.java:startImpl(149)) - fb8329f7-6337-4286-bcd2-d612923e448c: GrpcService started, listening on 0.0.0.0/0.0.0.0:38744
2019-08-20 15:03:30,957 [Datanode State Machine Thread - 0] INFO  ratis.XceiverServerRatis (XceiverServerRatis.java:start(414)) - XceiverServerRatis fb8329f7-6337-4286-bcd2-d612923e448c is started using port 38744
2019-08-20 15:03:30,961 [Datanode State Machine Thread - 0] INFO  server.XceiverServerGrpc (XceiverServerGrpc.java:start(161)) - XceiverServerGrpc fb8329f7-6337-4286-bcd2-d612923e448c is started using port 42529
2019-08-20 15:03:31,619 [IPC Server handler 5 on 35595] INFO  net.NetworkTopology (NetworkTopologyImpl.java:add(110)) - Added a new node: /default-rack/a2d6af90-c3d5-480c-824b-ae12d5e723ac
2019-08-20 15:03:31,620 [IPC Server handler 5 on 35595] INFO  node.SCMNodeManager (SCMNodeManager.java:register(273)) - Registered Data node : a2d6af90-c3d5-480c-824b-ae12d5e723ac{ip: 192.168.5.139, host: pr-hdds-1200-9hlr9-3148487106, networkLocation: /default-rack, certSerialId: null}
2019-08-20 15:03:31,625 [EventQueue-NodeRegistrationContainerReportForDataNodeSafeModeRule] INFO  safemode.SCMSafeModeManager (DataNodeSafeModeRule.java:process(71)) - SCM in safe mode. 1 DataNodes registered, 1 required.
2019-08-20 15:03:31,625 [EventQueue-NodeRegistrationContainerReportForDataNodeSafeModeRule] INFO  safemode.SCMSafeModeManager (SCMSafeModeManager.java:validateSafeModeExitRules(177)) - ScmSafeModeManager, all rules are successfully validated
2019-08-20 15:03:31,625 [EventQueue-NodeRegistrationContainerReportForDataNodeSafeModeRule] INFO  safemode.SCMSafeModeManager (SCMSafeModeManager.java:exitSafeMode(193)) - SCM exiting safe mode.
2019-08-20 15:03:31,633 | INFO  | SCMAudit | user=jenkins1000 | ip=192.168.5.139 | op=REGISTER {datanodeDetails=a2d6af90-c3d5-480c-824b-ae12d5e723ac{ip: 192.168.5.139, host: pr-hdds-1200-9hlr9-3148487106, networkLocation: /default-rack, certSerialId: null}} | ret=SUCCESS |  
2019-08-20 15:03:31,798 [IPC Server handler 3 on 35595] INFO  net.NetworkTopology (NetworkTopologyImpl.java:add(110)) - Added a new node: /default-rack/c8a52875-dc52-43bc-af24-370bbdbe5589
2019-08-20 15:03:31,798 [IPC Server handler 3 on 35595] INFO  node.SCMNodeManager (SCMNodeManager.java:register(273)) - Registered Data node : c8a52875-dc52-43bc-af24-370bbdbe5589{ip: 192.168.5.139, host: pr-hdds-1200-9hlr9-3148487106, networkLocation: /default-rack, certSerialId: null}
2019-08-20 15:03:31,799 | INFO  | SCMAudit | user=jenkins1000 | ip=192.168.5.139 | op=REGISTER {datanodeDetails=c8a52875-dc52-43bc-af24-370bbdbe5589{ip: 192.168.5.139, host: pr-hdds-1200-9hlr9-3148487106, networkLocation: /default-rack, certSerialId: null}} | ret=SUCCESS |  
2019-08-20 15:03:31,927 [main] INFO  ozone.MiniOzoneClusterImpl (MiniOzoneClusterImpl.java:lambda$waitForClusterToBeReady$0(142)) - Waiting for cluster to be ready. Got 2 of 7 DN Heartbeats.
2019-08-20 15:03:32,332 [IPC Server handler 2 on 35595] INFO  net.NetworkTopology (NetworkTopologyImpl.java:add(110)) - Added a new node: /default-rack/2923d27d-94e5-4a4d-9917-f06e3e9de6d6
2019-08-20 15:03:32,341 [IPC Server handler 2 on 35595] INFO  node.SCMNodeManager (SCMNodeManager.java:register(273)) - Registered Data node : 2923d27d-94e5-4a4d-9917-f06e3e9de6d6{ip: 192.168.5.139, host: pr-hdds-1200-9hlr9-3148487106, networkLocation: /default-rack, certSerialId: null}
2019-08-20 15:03:32,341 [IPC Server handler 5 on 35595] INFO  net.NetworkTopology (NetworkTopologyImpl.java:add(110)) - Added a new node: /default-rack/6a1036d9-12c3-40f5-8094-5440fe3d038e
2019-08-20 15:03:32,342 | INFO  | SCMAudit | user=jenkins1000 | ip=192.168.5.139 | op=REGISTER {datanodeDetails=2923d27d-94e5-4a4d-9917-f06e3e9de6d6{ip: 192.168.5.139, host: pr-hdds-1200-9hlr9-3148487106, networkLocation: /default-rack, certSerialId: null}} | ret=SUCCESS |  
2019-08-20 15:03:32,342 [IPC Server handler 5 on 35595] INFO  node.SCMNodeManager (SCMNodeManager.java:register(273)) - Registered Data node : 6a1036d9-12c3-40f5-8094-5440fe3d038e{ip: 192.168.5.139, host: pr-hdds-1200-9hlr9-3148487106, networkLocation: /default-rack, certSerialId: null}
2019-08-20 15:03:32,342 | INFO  | SCMAudit | user=jenkins1000 | ip=192.168.5.139 | op=REGISTER {datanodeDetails=6a1036d9-12c3-40f5-8094-5440fe3d038e{ip: 192.168.5.139, host: pr-hdds-1200-9hlr9-3148487106, networkLocation: /default-rack, certSerialId: null}} | ret=SUCCESS |  
2019-08-20 15:03:32,445 [IPC Server handler 4 on 35595] INFO  net.NetworkTopology (NetworkTopologyImpl.java:add(110)) - Added a new node: /default-rack/36e09339-9dd8-4013-a821-6974d22e740b
2019-08-20 15:03:32,446 [IPC Server handler 4 on 35595] INFO  node.SCMNodeManager (SCMNodeManager.java:register(273)) - Registered Data node : 36e09339-9dd8-4013-a821-6974d22e740b{ip: 192.168.5.139, host: pr-hdds-1200-9hlr9-3148487106, networkLocation: /default-rack, certSerialId: null}
2019-08-20 15:03:32,446 | INFO  | SCMAudit | user=jenkins1000 | ip=192.168.5.139 | op=REGISTER {datanodeDetails=36e09339-9dd8-4013-a821-6974d22e740b{ip: 192.168.5.139, host: pr-hdds-1200-9hlr9-3148487106, networkLocation: /default-rack, certSerialId: null}} | ret=SUCCESS |  
2019-08-20 15:03:32,530 [grpc-default-executor-0] INFO  impl.RaftServerProxy (RaftServerProxy.java:addNew(89)) - a2d6af90-c3d5-480c-824b-ae12d5e723ac: addNew group-62EB27327931:[a2d6af90-c3d5-480c-824b-ae12d5e723ac:192.168.5.139:42553] returns group-62EB27327931:java.util.concurrent.CompletableFuture@4c5f2baf[Not completed]
2019-08-20 15:03:32,546 [pool-27-thread-1] INFO  impl.RaftServerImpl (RaftServerImpl.java:<init>(93)) - a2d6af90-c3d5-480c-824b-ae12d5e723ac: new RaftServerImpl for group-62EB27327931:[a2d6af90-c3d5-480c-824b-ae12d5e723ac:192.168.5.139:42553] with ContainerStateMachine:uninitialized
2019-08-20 15:03:32,548 [pool-27-thread-1] INFO  server.RaftServerConfigKeys (ConfUtils.java:logGet(43)) - raft.server.rpc.timeout.min = 5s (custom)
2019-08-20 15:03:32,549 [pool-27-thread-1] INFO  server.RaftServerConfigKeys (ConfUtils.java:logGet(43)) - raft.server.rpc.timeout.max = 5200ms (custom)
2019-08-20 15:03:32,549 [pool-27-thread-1] INFO  server.RaftServerConfigKeys (ConfUtils.java:logGet(43)) - raft.server.rpcslowness.timeout = 120s (custom)
2019-08-20 15:03:32,550 [pool-27-thread-1] INFO  server.RaftServerConfigKeys (ConfUtils.java:logGet(43)) - raft.server.sleep.deviation.threshold = 300 (default)
2019-08-20 15:03:32,551 [pool-27-thread-1] INFO  server.RaftServerConfigKeys (ConfUtils.java:logGet(43)) - raft.server.log.appender.install.snapshot.enabled = false (custom)
2019-08-20 15:03:32,558 [pool-27-thread-1] INFO  impl.RaftServerImpl (ServerState.java:<init>(105)) - a2d6af90-c3d5-480c-824b-ae12d5e723ac:group-62EB27327931 ConfigurationManager, init=-1: [a2d6af90-c3d5-480c-824b-ae12d5e723ac:192.168.5.139:42553], old=null, confs=<EMPTY_MAP>
2019-08-20 15:03:32,558 [pool-27-thread-1] INFO  server.RaftServerConfigKeys (ConfUtils.java:logGet(43)) - raft.server.storage.dir = [/workdir/hadoop-ozone/integration-test/target/test-dir/MiniOzoneClusterImpl-24f7eca7-c48c-4952-ad8b-43e154ea7cd7/datanode-0/data/ratis] (custom)
2019-08-20 15:03:32,564 [pool-27-thread-1] INFO  storage.RaftStorageDirectory (RaftStorageDirectory.java:analyzeStorage(246)) - The storage directory /workdir/hadoop-ozone/integration-test/target/test-dir/MiniOzoneClusterImpl-24f7eca7-c48c-4952-ad8b-43e154ea7cd7/datanode-0/data/ratis/6a282357-db95-4511-9da1-62eb27327931 does not exist. Creating ...
2019-08-20 15:03:32,582 [pool-27-thread-1] INFO  storage.RaftStorageDirectory (RaftStorageDirectory.java:tryLock(328)) - Lock on /workdir/hadoop-ozone/integration-test/target/test-dir/MiniOzoneClusterImpl-24f7eca7-c48c-4952-ad8b-43e154ea7cd7/datanode-0/data/ratis/6a282357-db95-4511-9da1-62eb27327931/in_use.lock acquired by nodename 29370@pr-hdds-1200-9hlr9-3148487106
2019-08-20 15:03:32,597 [pool-27-thread-1] INFO  storage.RaftStorage (RaftStorage.java:format(72)) - Storage directory /workdir/hadoop-ozone/integration-test/target/test-dir/MiniOzoneClusterImpl-24f7eca7-c48c-4952-ad8b-43e154ea7cd7/datanode-0/data/ratis/6a282357-db95-4511-9da1-62eb27327931 has been successfully formatted.
2019-08-20 15:03:32,599 [pool-27-thread-1] INFO  ratis.ContainerStateMachine (ContainerStateMachine.java:loadSnapshot(222)) - group-62EB27327931: The snapshot info is null. Setting the last applied indexto:(t:0, i:~)
2019-08-20 15:03:32,599 [pool-27-thread-1] INFO  server.RaftServerConfigKeys (ConfUtils.java:logGet(43)) - raft.server.leader.election.timeout = 120s (custom)
2019-08-20 15:03:32,601 [pool-27-thread-1] INFO  server.RaftServerConfigKeys (ConfUtils.java:logGet(43)) - raft.server.log.use.memory = false (default)
2019-08-20 15:03:32,605 [pool-27-thread-1] INFO  server.RaftServerConfigKeys (ConfUtils.java:logGet(43)) - raft.server.log.purge.gap = 1000000 (custom)
2019-08-20 15:03:32,605 [pool-27-thread-1] INFO  server.RaftServerConfigKeys (ConfUtils.java:logGet(43)) - raft.server.log.appender.buffer.byte-limit = 33554432 (custom)
2019-08-20 15:03:32,607 [pool-27-thread-1] INFO  server.RaftServerConfigKeys (ConfUtils.java:logGet(43)) - raft.server.log.segment.size.max = 1048576 (custom)
2019-08-20 15:03:32,610 [pool-27-thread-1] INFO  server.RaftServerConfigKeys (ConfUtils.java:logGet(43)) - raft.server.log.segment.cache.num.max = 2 (custom)
2019-08-20 15:03:32,615 [pool-27-thread-1] INFO  segmented.SegmentedRaftLogWorker (SegmentedRaftLogWorker.java:<init>(172)) - new a2d6af90-c3d5-480c-824b-ae12d5e723ac-SegmentedRaftLogWorker:Storage Directory /workdir/hadoop-ozone/integration-test/target/test-dir/MiniOzoneClusterImpl-24f7eca7-c48c-4952-ad8b-43e154ea7cd7/datanode-0/data/ratis/6a282357-db95-4511-9da1-62eb27327931 for RaftStorage:Storage Directory /workdir/hadoop-ozone/integration-test/target/test-dir/MiniOzoneClusterImpl-24f7eca7-c48c-4952-ad8b-43e154ea7cd7/datanode-0/data/ratis/6a282357-db95-4511-9da1-62eb27327931
2019-08-20 15:03:32,624 [pool-27-thread-1] INFO  server.RaftServerConfigKeys (ConfUtils.java:logGet(43)) - raft.server.log.queue.byte-limit = 2147483647 (custom)
2019-08-20 15:03:32,624 [pool-27-thread-1] INFO  server.RaftServerConfigKeys (ConfUtils.java:logGet(43)) - raft.server.log.queue.element-limit = 1024 (custom)
2019-08-20 15:03:32,629 [pool-27-thread-1] INFO  server.RaftServerConfigKeys (ConfUtils.java:logGet(43)) - raft.server.log.segment.size.max = 1048576 (custom)
2019-08-20 15:03:32,629 [pool-27-thread-1] INFO  server.RaftServerConfigKeys (ConfUtils.java:logGet(43)) - raft.server.log.preallocated.size = 16384 (custom)
2019-08-20 15:03:32,629 [pool-27-thread-1] INFO  server.RaftServerConfigKeys (ConfUtils.java:logGet(43)) - raft.server.log.write.buffer.size = 33554432 (custom)
2019-08-20 15:03:32,630 [pool-27-thread-1] INFO  server.RaftServerConfigKeys (ConfUtils.java:logGet(43)) - raft.server.log.force.sync.num = 128 (default)
2019-08-20 15:03:32,630 [pool-27-thread-1] INFO  server.RaftServerConfigKeys (ConfUtils.java:logGet(43)) - raft.server.log.statemachine.data.sync = true (default)
2019-08-20 15:03:32,631 [pool-27-thread-1] INFO  server.RaftServerConfigKeys (ConfUtils.java:logGet(43)) - raft.server.log.statemachine.data.sync.timeout = 10s (default)
2019-08-20 15:03:32,631 [pool-27-thread-1] INFO  server.RaftServerConfigKeys (ConfUtils.java:logGet(43)) - raft.server.log.statemachine.data.sync.timeout.retry = -1 (default)
2019-08-20 15:03:32,639 [pool-27-thread-1] INFO  server.RaftServerConfigKeys (ConfUtils.java:logGet(43)) - raft.server.log.statemachine.data.caching.enabled = true (custom)
2019-08-20 15:03:32,642 [pool-27-thread-1] INFO  segmented.SegmentedRaftLogWorker (SegmentedRaftLogWorker.java:lambda$new$0(132)) - a2d6af90-c3d5-480c-824b-ae12d5e723ac-SegmentedRaftLogWorker:Storage Directory /workdir/hadoop-ozone/integration-test/target/test-dir/MiniOzoneClusterImpl-24f7eca7-c48c-4952-ad8b-43e154ea7cd7/datanode-0/data/ratis/6a282357-db95-4511-9da1-62eb27327931: flushIndex: setUnconditionally 0 -> -1
2019-08-20 15:03:32,646 [pool-27-thread-1] INFO  server.RaftServerConfigKeys (ConfUtils.java:logGet(43)) - raft.server.snapshot.auto.trigger.enabled = true (custom)
2019-08-20 15:03:32,647 [pool-27-thread-1] INFO  server.RaftServerConfigKeys (ConfUtils.java:logGet(43)) - raft.server.snapshot.auto.trigger.threshold = 10000 (custom)
2019-08-20 15:03:32,647 [pool-27-thread-1] INFO  server.RaftServerConfigKeys (ConfUtils.java:logGet(43)) - raft.server.retrycache.expirytime = 600000ms (custom)
2019-08-20 15:03:32,666 [pool-27-thread-1] INFO  impl.RaftServerImpl (RaftServerImpl.java:start(180)) - a2d6af90-c3d5-480c-824b-ae12d5e723ac: start group-62EB27327931
2019-08-20 15:03:32,667 [pool-27-thread-1] INFO  impl.RaftServerImpl (RaftServerImpl.java:setRole(171)) - a2d6af90-c3d5-480c-824b-ae12d5e723ac:group-62EB27327931 changes role from null to FOLLOWER at term 0 for startAsFollower
2019-08-20 15:03:32,669 [pool-27-thread-1] INFO  impl.RoleInfo (RoleInfo.java:updateAndGet(143)) - a2d6af90-c3d5-480c-824b-ae12d5e723ac: start FollowerState
2019-08-20 15:03:32,670 [pool-27-thread-1] INFO  util.JmxRegister (JmxRegister.java:tryRegister(44)) - Successfully registered JMX Bean with object name Ratis:service=RaftServer,group=group-62EB27327931,id=a2d6af90-c3d5-480c-824b-ae12d5e723ac
2019-08-20 15:03:32,741 [RatisPipelineUtilsThread] INFO  pipeline.PipelineStateManager (PipelineStateManager.java:addPipeline(56)) - Created pipeline Pipeline[ Id: 6a282357-db95-4511-9da1-62eb27327931, Nodes: a2d6af90-c3d5-480c-824b-ae12d5e723ac{ip: 192.168.5.139, host: pr-hdds-1200-9hlr9-3148487106, networkLocation: /default-rack, certSerialId: null}, Type:RATIS, Factor:ONE, State:OPEN]
2019-08-20 15:03:32,747 [IPC Server handler 7 on 35595] INFO  net.NetworkTopology (NetworkTopologyImpl.java:add(110)) - Added a new node: /default-rack/81e6f177-0aa0-4cea-a559-904193532cd7
2019-08-20 15:03:32,747 [IPC Server handler 7 on 35595] INFO  node.SCMNodeManager (SCMNodeManager.java:register(273)) - Registered Data node : 81e6f177-0aa0-4cea-a559-904193532cd7{ip: 192.168.5.139, host: pr-hdds-1200-9hlr9-3148487106, networkLocation: /default-rack, certSerialId: null}
2019-08-20 15:03:32,747 | INFO  | SCMAudit | user=jenkins1000 | ip=192.168.5.139 | op=REGISTER {datanodeDetails=81e6f177-0aa0-4cea-a559-904193532cd7{ip: 192.168.5.139, host: pr-hdds-1200-9hlr9-3148487106, networkLocation: /default-rack, certSerialId: null}} | ret=SUCCESS |  
2019-08-20 15:03:32,780 [grpc-default-executor-0] INFO  impl.RaftServerProxy (RaftServerProxy.java:addNew(89)) - 36e09339-9dd8-4013-a821-6974d22e740b: addNew group-7C071E4C4D19:[36e09339-9dd8-4013-a821-6974d22e740b:192.168.5.139:37692] returns group-7C071E4C4D19:java.util.concurrent.CompletableFuture@18bdee4b[Not completed]
2019-08-20 15:03:32,820 [pool-71-thread-1] INFO  impl.RaftServerImpl (RaftServerImpl.java:<init>(93)) - 36e09339-9dd8-4013-a821-6974d22e740b: new RaftServerImpl for group-7C071E4C4D19:[36e09339-9dd8-4013-a821-6974d22e740b:192.168.5.139:37692] with ContainerStateMachine:uninitialized
2019-08-20 15:03:32,822 [pool-71-thread-1] INFO  server.RaftServerConfigKeys (ConfUtils.java:logGet(43)) - raft.server.rpc.timeout.min = 5s (custom)
2019-08-20 15:03:32,822 [pool-71-thread-1] INFO  server.RaftServerConfigKeys (ConfUtils.java:logGet(43)) - raft.server.rpc.timeout.max = 5200ms (custom)
2019-08-20 15:03:32,822 [pool-71-thread-1] INFO  server.RaftServerConfigKeys (ConfUtils.java:logGet(43)) - raft.server.rpcslowness.timeout = 120s (custom)
2019-08-20 15:03:32,822 [pool-71-thread-1] INFO  server.RaftServerConfigKeys (ConfUtils.java:logGet(43)) - raft.server.sleep.deviation.threshold = 300 (default)
2019-08-20 15:03:32,823 [pool-71-thread-1] INFO  server.RaftServerConfigKeys (ConfUtils.java:logGet(43)) - raft.server.log.appender.install.snapshot.enabled = false (custom)
2019-08-20 15:03:32,823 [pool-71-thread-1] INFO  impl.RaftServerImpl (ServerState.java:<init>(105)) - 36e09339-9dd8-4013-a821-6974d22e740b:group-7C071E4C4D19 ConfigurationManager, init=-1: [36e09339-9dd8-4013-a821-6974d22e740b:192.168.5.139:37692], old=null, confs=<EMPTY_MAP>
2019-08-20 15:03:32,823 [pool-71-thread-1] INFO  server.RaftServerConfigKeys (ConfUtils.java:logGet(43)) - raft.server.storage.dir = [/workdir/hadoop-ozone/integration-test/target/test-dir/MiniOzoneClusterImpl-24f7eca7-c48c-4952-ad8b-43e154ea7cd7/datanode-4/data/ratis] (custom)
2019-08-20 15:03:32,823 [pool-71-thread-1] INFO  storage.RaftStorageDirectory (RaftStorageDirectory.java:analyzeStorage(246)) - The storage directory /workdir/hadoop-ozone/integration-test/target/test-dir/MiniOzoneClusterImpl-24f7eca7-c48c-4952-ad8b-43e154ea7cd7/datanode-4/data/ratis/2df56b4c-9383-4169-8900-7c071e4c4d19 does not exist. Creating ...
2019-08-20 15:03:32,838 [pool-71-thread-1] INFO  storage.RaftStorageDirectory (RaftStorageDirectory.java:tryLock(328)) - Lock on /workdir/hadoop-ozone/integration-test/target/test-dir/MiniOzoneClusterImpl-24f7eca7-c48c-4952-ad8b-43e154ea7cd7/datanode-4/data/ratis/2df56b4c-9383-4169-8900-7c071e4c4d19/in_use.lock acquired by nodename 29370@pr-hdds-1200-9hlr9-3148487106
2019-08-20 15:03:32,854 [pool-71-thread-1] INFO  storage.RaftStorage (RaftStorage.java:format(72)) - Storage directory /workdir/hadoop-ozone/integration-test/target/test-dir/MiniOzoneClusterImpl-24f7eca7-c48c-4952-ad8b-43e154ea7cd7/datanode-4/data/ratis/2df56b4c-9383-4169-8900-7c071e4c4d19 has been successfully formatted.
2019-08-20 15:03:32,857 [pool-71-thread-1] INFO  ratis.ContainerStateMachine (ContainerStateMachine.java:loadSnapshot(222)) - group-7C071E4C4D19: The snapshot info is null. Setting the last applied indexto:(t:0, i:~)
2019-08-20 15:03:32,859 [pool-71-thread-1] INFO  server.RaftServerConfigKeys (ConfUtils.java:logGet(43)) - raft.server.leader.election.timeout = 120s (custom)
2019-08-20 15:03:32,859 [pool-71-thread-1] INFO  server.RaftServerConfigKeys (ConfUtils.java:logGet(43)) - raft.server.log.use.memory = false (default)
2019-08-20 15:03:32,859 [pool-71-thread-1] INFO  server.RaftServerConfigKeys (ConfUtils.java:logGet(43)) - raft.server.log.purge.gap = 1000000 (custom)
2019-08-20 15:03:32,860 [pool-71-thread-1] INFO  server.RaftServerConfigKeys (ConfUtils.java:logGet(43)) - raft.server.log.appender.buffer.byte-limit = 33554432 (custom)
2019-08-20 15:03:32,860 [pool-71-thread-1] INFO  server.RaftServerConfigKeys (ConfUtils.java:logGet(43)) - raft.server.log.segment.size.max = 1048576 (custom)
2019-08-20 15:03:32,860 [pool-71-thread-1] INFO  server.RaftServerConfigKeys (ConfUtils.java:logGet(43)) - raft.server.log.segment.cache.num.max = 2 (custom)
2019-08-20 15:03:32,860 [pool-71-thread-1] INFO  segmented.SegmentedRaftLogWorker (SegmentedRaftLogWorker.java:<init>(172)) - new 36e09339-9dd8-4013-a821-6974d22e740b-SegmentedRaftLogWorker:Storage Directory /workdir/hadoop-ozone/integration-test/target/test-dir/MiniOzoneClusterImpl-24f7eca7-c48c-4952-ad8b-43e154ea7cd7/datanode-4/data/ratis/2df56b4c-9383-4169-8900-7c071e4c4d19 for RaftStorage:Storage Directory /workdir/hadoop-ozone/integration-test/target/test-dir/MiniOzoneClusterImpl-24f7eca7-c48c-4952-ad8b-43e154ea7cd7/datanode-4/data/ratis/2df56b4c-9383-4169-8900-7c071e4c4d19
2019-08-20 15:03:32,862 [pool-71-thread-1] INFO  server.RaftServerConfigKeys (ConfUtils.java:logGet(43)) - raft.server.log.queue.byte-limit = 2147483647 (custom)
2019-08-20 15:03:32,862 [pool-71-thread-1] INFO  server.RaftServerConfigKeys (ConfUtils.java:logGet(43)) - raft.server.log.queue.element-limit = 1024 (custom)
2019-08-20 15:03:32,863 [pool-71-thread-1] INFO  server.RaftServerConfigKeys (ConfUtils.java:logGet(43)) - raft.server.log.segment.size.max = 1048576 (custom)
2019-08-20 15:03:32,863 [pool-71-thread-1] INFO  server.RaftServerConfigKeys (ConfUtils.java:logGet(43)) - raft.server.log.preallocated.size = 16384 (custom)
2019-08-20 15:03:32,863 [pool-71-thread-1] INFO  server.RaftServerConfigKeys (ConfUtils.java:logGet(43)) - raft.server.log.write.buffer.size = 33554432 (custom)
2019-08-20 15:03:32,863 [pool-71-thread-1] INFO  server.RaftServerConfigKeys (ConfUtils.java:logGet(43)) - raft.server.log.force.sync.num = 128 (default)
2019-08-20 15:03:32,863 [pool-71-thread-1] INFO  server.RaftServerConfigKeys (ConfUtils.java:logGet(43)) - raft.server.log.statemachine.data.sync = true (default)
2019-08-20 15:03:32,863 [pool-71-thread-1] INFO  server.RaftServerConfigKeys (ConfUtils.java:logGet(43)) - raft.server.log.statemachine.data.sync.timeout = 10s (default)
2019-08-20 15:03:32,864 [pool-71-thread-1] INFO  server.RaftServerConfigKeys (ConfUtils.java:logGet(43)) - raft.server.log.statemachine.data.sync.timeout.retry = -1 (default)
2019-08-20 15:03:32,864 [pool-71-thread-1] INFO  server.RaftServerConfigKeys (ConfUtils.java:logGet(43)) - raft.server.log.statemachine.data.caching.enabled = true (custom)
2019-08-20 15:03:32,864 [pool-71-thread-1] INFO  segmented.SegmentedRaftLogWorker (SegmentedRaftLogWorker.java:lambda$new$0(132)) - 36e09339-9dd8-4013-a821-6974d22e740b-SegmentedRaftLogWorker:Storage Directory /workdir/hadoop-ozone/integration-test/target/test-dir/MiniOzoneClusterImpl-24f7eca7-c48c-4952-ad8b-43e154ea7cd7/datanode-4/data/ratis/2df56b4c-9383-4169-8900-7c071e4c4d19: flushIndex: setUnconditionally 0 -> -1
2019-08-20 15:03:32,865 [pool-71-thread-1] INFO  server.RaftServerConfigKeys (ConfUtils.java:logGet(43)) - raft.server.snapshot.auto.trigger.enabled = true (custom)
2019-08-20 15:03:32,865 [pool-71-thread-1] INFO  server.RaftServerConfigKeys (ConfUtils.java:logGet(43)) - raft.server.snapshot.auto.trigger.threshold = 10000 (custom)
2019-08-20 15:03:32,865 [pool-71-thread-1] INFO  server.RaftServerConfigKeys (ConfUtils.java:logGet(43)) - raft.server.retrycache.expirytime = 600000ms (custom)
2019-08-20 15:03:32,866 [pool-71-thread-1] INFO  impl.RaftServerImpl (RaftServerImpl.java:start(180)) - 36e09339-9dd8-4013-a821-6974d22e740b: start group-7C071E4C4D19
2019-08-20 15:03:32,866 [pool-71-thread-1] INFO  impl.RaftServerImpl (RaftServerImpl.java:setRole(171)) - 36e09339-9dd8-4013-a821-6974d22e740b:group-7C071E4C4D19 changes role from null to FOLLOWER at term 0 for startAsFollower
2019-08-20 15:03:32,866 [pool-71-thread-1] INFO  impl.RoleInfo (RoleInfo.java:updateAndGet(143)) - 36e09339-9dd8-4013-a821-6974d22e740b: start FollowerState
2019-08-20 15:03:32,868 [pool-71-thread-1] INFO  util.JmxRegister (JmxRegister.java:tryRegister(44)) - Successfully registered JMX Bean with object name Ratis:service=RaftServer,group=group-7C071E4C4D19,id=36e09339-9dd8-4013-a821-6974d22e740b
2019-08-20 15:03:32,884 [RatisPipelineUtilsThread] INFO  pipeline.PipelineStateManager (PipelineStateManager.java:addPipeline(56)) - Created pipeline Pipeline[ Id: 2df56b4c-9383-4169-8900-7c071e4c4d19, Nodes: 36e09339-9dd8-4013-a821-6974d22e740b{ip: 192.168.5.139, host: pr-hdds-1200-9hlr9-3148487106, networkLocation: /default-rack, certSerialId: null}, Type:RATIS, Factor:ONE, State:OPEN]
2019-08-20 15:03:32,909 [grpc-default-executor-0] INFO  impl.RaftServerProxy (RaftServerProxy.java:addNew(89)) - 2923d27d-94e5-4a4d-9917-f06e3e9de6d6: addNew group-05AC3A681DEB:[2923d27d-94e5-4a4d-9917-f06e3e9de6d6:192.168.5.139:36527] returns group-05AC3A681DEB:java.util.concurrent.CompletableFuture@65836ba0[Not completed]
2019-08-20 15:03:32,928 [main] INFO  ozone.MiniOzoneClusterImpl (MiniOzoneClusterImpl.java:lambda$waitForClusterToBeReady$0(142)) - Waiting for cluster to be ready. Got 6 of 7 DN Heartbeats.
2019-08-20 15:03:32,929 [pool-49-thread-1] INFO  impl.RaftServerImpl (RaftServerImpl.java:<init>(93)) - 2923d27d-94e5-4a4d-9917-f06e3e9de6d6: new RaftServerImpl for group-05AC3A681DEB:[2923d27d-94e5-4a4d-9917-f06e3e9de6d6:192.168.5.139:36527] with ContainerStateMachine:uninitialized
2019-08-20 15:03:32,930 [pool-49-thread-1] INFO  server.RaftServerConfigKeys (ConfUtils.java:logGet(43)) - raft.server.rpc.timeout.min = 5s (custom)
2019-08-20 15:03:32,930 [pool-49-thread-1] INFO  server.RaftServerConfigKeys (ConfUtils.java:logGet(43)) - raft.server.rpc.timeout.max = 5200ms (custom)
2019-08-20 15:03:32,930 [IPC Server handler 1 on 35595] INFO  net.NetworkTopology (NetworkTopologyImpl.java:add(110)) - Added a new node: /default-rack/fb8329f7-6337-4286-bcd2-d612923e448c
2019-08-20 15:03:32,930 [pool-49-thread-1] INFO  server.RaftServerConfigKeys (ConfUtils.java:logGet(43)) - raft.server.rpcslowness.timeout = 120s (custom)
2019-08-20 15:03:32,930 [IPC Server handler 1 on 35595] INFO  node.SCMNodeManager (SCMNodeManager.java:register(273)) - Registered Data node : fb8329f7-6337-4286-bcd2-d612923e448c{ip: 192.168.5.139, host: pr-hdds-1200-9hlr9-3148487106, networkLocation: /default-rack, certSerialId: null}
2019-08-20 15:03:32,931 [pool-49-thread-1] INFO  server.RaftServerConfigKeys (ConfUtils.java:logGet(43)) - raft.server.sleep.deviation.threshold = 300 (default)
2019-08-20 15:03:32,931 [pool-49-thread-1] INFO  server.RaftServerConfigKeys (ConfUtils.java:logGet(43)) - raft.server.log.appender.install.snapshot.enabled = false (custom)
2019-08-20 15:03:32,931 | INFO  | SCMAudit | user=jenkins1000 | ip=192.168.5.139 | op=REGISTER {datanodeDetails=fb8329f7-6337-4286-bcd2-d612923e448c{ip: 192.168.5.139, host: pr-hdds-1200-9hlr9-3148487106, networkLocation: /default-rack, certSerialId: null}} | ret=SUCCESS |  
2019-08-20 15:03:32,931 [pool-49-thread-1] INFO  impl.RaftServerImpl (ServerState.java:<init>(105)) - 2923d27d-94e5-4a4d-9917-f06e3e9de6d6:group-05AC3A681DEB ConfigurationManager, init=-1: [2923d27d-94e5-4a4d-9917-f06e3e9de6d6:192.168.5.139:36527], old=null, confs=<EMPTY_MAP>
2019-08-20 15:03:32,931 [pool-49-thread-1] INFO  server.RaftServerConfigKeys (ConfUtils.java:logGet(43)) - raft.server.storage.dir = [/workdir/hadoop-ozone/integration-test/target/test-dir/MiniOzoneClusterImpl-24f7eca7-c48c-4952-ad8b-43e154ea7cd7/datanode-2/data/ratis] (custom)
2019-08-20 15:03:32,932 [pool-49-thread-1] INFO  storage.RaftStorageDirectory (RaftStorageDirectory.java:analyzeStorage(246)) - The storage directory /workdir/hadoop-ozone/integration-test/target/test-dir/MiniOzoneClusterImpl-24f7eca7-c48c-4952-ad8b-43e154ea7cd7/datanode-2/data/ratis/107ba9b1-36cd-44f8-b5ec-05ac3a681deb does not exist. Creating ...
2019-08-20 15:03:32,945 [pool-49-thread-1] INFO  storage.RaftStorageDirectory (RaftStorageDirectory.java:tryLock(328)) - Lock on /workdir/hadoop-ozone/integration-test/target/test-dir/MiniOzoneClusterImpl-24f7eca7-c48c-4952-ad8b-43e154ea7cd7/datanode-2/data/ratis/107ba9b1-36cd-44f8-b5ec-05ac3a681deb/in_use.lock acquired by nodename 29370@pr-hdds-1200-9hlr9-3148487106
2019-08-20 15:03:32,959 [pool-49-thread-1] INFO  storage.RaftStorage (RaftStorage.java:format(72)) - Storage directory /workdir/hadoop-ozone/integration-test/target/test-dir/MiniOzoneClusterImpl-24f7eca7-c48c-4952-ad8b-43e154ea7cd7/datanode-2/data/ratis/107ba9b1-36cd-44f8-b5ec-05ac3a681deb has been successfully formatted.
2019-08-20 15:03:32,959 [pool-49-thread-1] INFO  ratis.ContainerStateMachine (ContainerStateMachine.java:loadSnapshot(222)) - group-05AC3A681DEB: The snapshot info is null. Setting the last applied indexto:(t:0, i:~)
2019-08-20 15:03:32,959 [pool-49-thread-1] INFO  server.RaftServerConfigKeys (ConfUtils.java:logGet(43)) - raft.server.leader.election.timeout = 120s (custom)
2019-08-20 15:03:32,959 [pool-49-thread-1] INFO  server.RaftServerConfigKeys (ConfUtils.java:logGet(43)) - raft.server.log.use.memory = false (default)
2019-08-20 15:03:32,959 [pool-49-thread-1] INFO  server.RaftServerConfigKeys (ConfUtils.java:logGet(43)) - raft.server.log.purge.gap = 1000000 (custom)
2019-08-20 15:03:32,960 [pool-49-thread-1] INFO  server.RaftServerConfigKeys (ConfUtils.java:logGet(43)) - raft.server.log.appender.buffer.byte-limit = 33554432 (custom)
2019-08-20 15:03:32,960 [pool-49-thread-1] INFO  server.RaftServerConfigKeys (ConfUtils.java:logGet(43)) - raft.server.log.segment.size.max = 1048576 (custom)
2019-08-20 15:03:32,960 [pool-49-thread-1] INFO  server.RaftServerConfigKeys (ConfUtils.java:logGet(43)) - raft.server.log.segment.cache.num.max = 2 (custom)
2019-08-20 15:03:32,960 [pool-49-thread-1] INFO  segmented.SegmentedRaftLogWorker (SegmentedRaftLogWorker.java:<init>(172)) - new 2923d27d-94e5-4a4d-9917-f06e3e9de6d6-SegmentedRaftLogWorker:Storage Directory /workdir/hadoop-ozone/integration-test/target/test-dir/MiniOzoneClusterImpl-24f7eca7-c48c-4952-ad8b-43e154ea7cd7/datanode-2/data/ratis/107ba9b1-36cd-44f8-b5ec-05ac3a681deb for RaftStorage:Storage Directory /workdir/hadoop-ozone/integration-test/target/test-dir/MiniOzoneClusterImpl-24f7eca7-c48c-4952-ad8b-43e154ea7cd7/datanode-2/data/ratis/107ba9b1-36cd-44f8-b5ec-05ac3a681deb
2019-08-20 15:03:32,960 [pool-49-thread-1] INFO  server.RaftServerConfigKeys (ConfUtils.java:logGet(43)) - raft.server.log.queue.byte-limit = 2147483647 (custom)
2019-08-20 15:03:32,961 [pool-49-thread-1] INFO  server.RaftServerConfigKeys (ConfUtils.java:logGet(43)) - raft.server.log.queue.element-limit = 1024 (custom)
2019-08-20 15:03:32,961 [pool-49-thread-1] INFO  server.RaftServerConfigKeys (ConfUtils.java:logGet(43)) - raft.server.log.segment.size.max = 1048576 (custom)
2019-08-20 15:03:32,961 [pool-49-thread-1] INFO  server.RaftServerConfigKeys (ConfUtils.java:logGet(43)) - raft.server.log.preallocated.size = 16384 (custom)
2019-08-20 15:03:32,961 [pool-49-thread-1] INFO  server.RaftServerConfigKeys (ConfUtils.java:logGet(43)) - raft.server.log.write.buffer.size = 33554432 (custom)
2019-08-20 15:03:32,961 [pool-49-thread-1] INFO  server.RaftServerConfigKeys (ConfUtils.java:logGet(43)) - raft.server.log.force.sync.num = 128 (default)
2019-08-20 15:03:32,961 [pool-49-thread-1] INFO  server.RaftServerConfigKeys (ConfUtils.java:logGet(43)) - raft.server.log.statemachine.data.sync = true (default)
2019-08-20 15:03:32,962 [pool-49-thread-1] INFO  server.RaftServerConfigKeys (ConfUtils.java:logGet(43)) - raft.server.log.statemachine.data.sync.timeout = 10s (default)
2019-08-20 15:03:32,962 [pool-49-thread-1] INFO  server.RaftServerConfigKeys (ConfUtils.java:logGet(43)) - raft.server.log.statemachine.data.sync.timeout.retry = -1 (default)
2019-08-20 15:03:32,962 [pool-49-thread-1] INFO  server.RaftServerConfigKeys (ConfUtils.java:logGet(43)) - raft.server.log.statemachine.data.caching.enabled = true (custom)
2019-08-20 15:03:32,962 [pool-49-thread-1] INFO  segmented.SegmentedRaftLogWorker (SegmentedRaftLogWorker.java:lambda$new$0(132)) - 2923d27d-94e5-4a4d-9917-f06e3e9de6d6-SegmentedRaftLogWorker:Storage Directory /workdir/hadoop-ozone/integration-test/target/test-dir/MiniOzoneClusterImpl-24f7eca7-c48c-4952-ad8b-43e154ea7cd7/datanode-2/data/ratis/107ba9b1-36cd-44f8-b5ec-05ac3a681deb: flushIndex: setUnconditionally 0 -> -1
2019-08-20 15:03:32,963 [pool-49-thread-1] INFO  server.RaftServerConfigKeys (ConfUtils.java:logGet(43)) - raft.server.snapshot.auto.trigger.enabled = true (custom)
2019-08-20 15:03:32,963 [pool-49-thread-1] INFO  server.RaftServerConfigKeys (ConfUtils.java:logGet(43)) - raft.server.snapshot.auto.trigger.threshold = 10000 (custom)
2019-08-20 15:03:32,963 [pool-49-thread-1] INFO  server.RaftServerConfigKeys (ConfUtils.java:logGet(43)) - raft.server.retrycache.expirytime = 600000ms (custom)
2019-08-20 15:03:32,963 [pool-49-thread-1] INFO  impl.RaftServerImpl (RaftServerImpl.java:start(180)) - 2923d27d-94e5-4a4d-9917-f06e3e9de6d6: start group-05AC3A681DEB
2019-08-20 15:03:32,963 [pool-49-thread-1] INFO  impl.RaftServerImpl (RaftServerImpl.java:setRole(171)) - 2923d27d-94e5-4a4d-9917-f06e3e9de6d6:group-05AC3A681DEB changes role from null to FOLLOWER at term 0 for startAsFollower
2019-08-20 15:03:32,964 [pool-49-thread-1] INFO  impl.RoleInfo (RoleInfo.java:updateAndGet(143)) - 2923d27d-94e5-4a4d-9917-f06e3e9de6d6: start FollowerState
2019-08-20 15:03:32,964 [pool-49-thread-1] INFO  util.JmxRegister (JmxRegister.java:tryRegister(44)) - Successfully registered JMX Bean with object name Ratis:service=RaftServer,group=group-05AC3A681DEB,id=2923d27d-94e5-4a4d-9917-f06e3e9de6d6
2019-08-20 15:03:32,973 [RatisPipelineUtilsThread] INFO  pipeline.PipelineStateManager (PipelineStateManager.java:addPipeline(56)) - Created pipeline Pipeline[ Id: 107ba9b1-36cd-44f8-b5ec-05ac3a681deb, Nodes: 2923d27d-94e5-4a4d-9917-f06e3e9de6d6{ip: 192.168.5.139, host: pr-hdds-1200-9hlr9-3148487106, networkLocation: /default-rack, certSerialId: null}, Type:RATIS, Factor:ONE, State:OPEN]
2019-08-20 15:03:32,992 [grpc-default-executor-0] INFO  impl.RaftServerProxy (RaftServerProxy.java:addNew(89)) - c8a52875-dc52-43bc-af24-370bbdbe5589: addNew group-1B5960D8870E:[c8a52875-dc52-43bc-af24-370bbdbe5589:192.168.5.139:38327] returns group-1B5960D8870E:java.util.concurrent.CompletableFuture@56ac53aa[Not completed]
2019-08-20 15:03:32,993 [pool-38-thread-1] INFO  impl.RaftServerImpl (RaftServerImpl.java:<init>(93)) - c8a52875-dc52-43bc-af24-370bbdbe5589: new RaftServerImpl for group-1B5960D8870E:[c8a52875-dc52-43bc-af24-370bbdbe5589:192.168.5.139:38327] with ContainerStateMachine:uninitialized
2019-08-20 15:03:32,993 [pool-38-thread-1] INFO  server.RaftServerConfigKeys (ConfUtils.java:logGet(43)) - raft.server.rpc.timeout.min = 5s (custom)
2019-08-20 15:03:32,993 [pool-38-thread-1] INFO  server.RaftServerConfigKeys (ConfUtils.java:logGet(43)) - raft.server.rpc.timeout.max = 5200ms (custom)
2019-08-20 15:03:32,993 [pool-38-thread-1] INFO  server.RaftServerConfigKeys (ConfUtils.java:logGet(43)) - raft.server.rpcslowness.timeout = 120s (custom)
2019-08-20 15:03:32,993 [pool-38-thread-1] INFO  server.RaftServerConfigKeys (ConfUtils.java:logGet(43)) - raft.server.sleep.deviation.threshold = 300 (default)
2019-08-20 15:03:32,994 [pool-38-thread-1] INFO  server.RaftServerConfigKeys (ConfUtils.java:logGet(43)) - raft.server.log.appender.install.snapshot.enabled = false (custom)
2019-08-20 15:03:32,994 [pool-38-thread-1] INFO  impl.RaftServerImpl (ServerState.java:<init>(105)) - c8a52875-dc52-43bc-af24-370bbdbe5589:group-1B5960D8870E ConfigurationManager, init=-1: [c8a52875-dc52-43bc-af24-370bbdbe5589:192.168.5.139:38327], old=null, confs=<EMPTY_MAP>
2019-08-20 15:03:32,994 [pool-38-thread-1] INFO  server.RaftServerConfigKeys (ConfUtils.java:logGet(43)) - raft.server.storage.dir = [/workdir/hadoop-ozone/integration-test/target/test-dir/MiniOzoneClusterImpl-24f7eca7-c48c-4952-ad8b-43e154ea7cd7/datanode-1/data/ratis] (custom)
2019-08-20 15:03:32,994 [pool-38-thread-1] INFO  storage.RaftStorageDirectory (RaftStorageDirectory.java:analyzeStorage(246)) - The storage directory /workdir/hadoop-ozone/integration-test/target/test-dir/MiniOzoneClusterImpl-24f7eca7-c48c-4952-ad8b-43e154ea7cd7/datanode-1/data/ratis/a1c744aa-4164-4dd4-984c-1b5960d8870e does not exist. Creating ...
2019-08-20 15:03:33,007 [pool-38-thread-1] INFO  storage.RaftStorageDirectory (RaftStorageDirectory.java:tryLock(328)) - Lock on /workdir/hadoop-ozone/integration-test/target/test-dir/MiniOzoneClusterImpl-24f7eca7-c48c-4952-ad8b-43e154ea7cd7/datanode-1/data/ratis/a1c744aa-4164-4dd4-984c-1b5960d8870e/in_use.lock acquired by nodename 29370@pr-hdds-1200-9hlr9-3148487106
2019-08-20 15:03:33,020 [pool-38-thread-1] INFO  storage.RaftStorage (RaftStorage.java:format(72)) - Storage directory /workdir/hadoop-ozone/integration-test/target/test-dir/MiniOzoneClusterImpl-24f7eca7-c48c-4952-ad8b-43e154ea7cd7/datanode-1/data/ratis/a1c744aa-4164-4dd4-984c-1b5960d8870e has been successfully formatted.
2019-08-20 15:03:33,021 [pool-38-thread-1] INFO  ratis.ContainerStateMachine (ContainerStateMachine.java:loadSnapshot(222)) - group-1B5960D8870E: The snapshot info is null. Setting the last applied indexto:(t:0, i:~)
2019-08-20 15:03:33,021 [pool-38-thread-1] INFO  server.RaftServerConfigKeys (ConfUtils.java:logGet(43)) - raft.server.leader.election.timeout = 120s (custom)
2019-08-20 15:03:33,021 [pool-38-thread-1] INFO  server.RaftServerConfigKeys (ConfUtils.java:logGet(43)) - raft.server.log.use.memory = false (default)
2019-08-20 15:03:33,021 [pool-38-thread-1] INFO  server.RaftServerConfigKeys (ConfUtils.java:logGet(43)) - raft.server.log.purge.gap = 1000000 (custom)
2019-08-20 15:03:33,021 [pool-38-thread-1] INFO  server.RaftServerConfigKeys (ConfUtils.java:logGet(43)) - raft.server.log.appender.buffer.byte-limit = 33554432 (custom)
2019-08-20 15:03:33,022 [pool-38-thread-1] INFO  server.RaftServerConfigKeys (ConfUtils.java:logGet(43)) - raft.server.log.segment.size.max = 1048576 (custom)
2019-08-20 15:03:33,022 [pool-38-thread-1] INFO  server.RaftServerConfigKeys (ConfUtils.java:logGet(43)) - raft.server.log.segment.cache.num.max = 2 (custom)
2019-08-20 15:03:33,022 [pool-38-thread-1] INFO  segmented.SegmentedRaftLogWorker (SegmentedRaftLogWorker.java:<init>(172)) - new c8a52875-dc52-43bc-af24-370bbdbe5589-SegmentedRaftLogWorker:Storage Directory /workdir/hadoop-ozone/integration-test/target/test-dir/MiniOzoneClusterImpl-24f7eca7-c48c-4952-ad8b-43e154ea7cd7/datanode-1/data/ratis/a1c744aa-4164-4dd4-984c-1b5960d8870e for RaftStorage:Storage Directory /workdir/hadoop-ozone/integration-test/target/test-dir/MiniOzoneClusterImpl-24f7eca7-c48c-4952-ad8b-43e154ea7cd7/datanode-1/data/ratis/a1c744aa-4164-4dd4-984c-1b5960d8870e
2019-08-20 15:03:33,022 [pool-38-thread-1] INFO  server.RaftServerConfigKeys (ConfUtils.java:logGet(43)) - raft.server.log.queue.byte-limit = 2147483647 (custom)
2019-08-20 15:03:33,022 [pool-38-thread-1] INFO  server.RaftServerConfigKeys (ConfUtils.java:logGet(43)) - raft.server.log.queue.element-limit = 1024 (custom)
2019-08-20 15:03:33,022 [pool-38-thread-1] INFO  server.RaftServerConfigKeys (ConfUtils.java:logGet(43)) - raft.server.log.segment.size.max = 1048576 (custom)
2019-08-20 15:03:33,022 [pool-38-thread-1] INFO  server.RaftServerConfigKeys (ConfUtils.java:logGet(43)) - raft.server.log.preallocated.size = 16384 (custom)
2019-08-20 15:03:33,023 [pool-38-thread-1] INFO  server.RaftServerConfigKeys (ConfUtils.java:logGet(43)) - raft.server.log.write.buffer.size = 33554432 (custom)
2019-08-20 15:03:33,023 [pool-38-thread-1] INFO  server.RaftServerConfigKeys (ConfUtils.java:logGet(43)) - raft.server.log.force.sync.num = 128 (default)
2019-08-20 15:03:33,023 [pool-38-thread-1] INFO  server.RaftServerConfigKeys (ConfUtils.java:logGet(43)) - raft.server.log.statemachine.data.sync = true (default)
2019-08-20 15:03:33,023 [pool-38-thread-1] INFO  server.RaftServerConfigKeys (ConfUtils.java:logGet(43)) - raft.server.log.statemachine.data.sync.timeout = 10s (default)
2019-08-20 15:03:33,023 [pool-38-thread-1] INFO  server.RaftServerConfigKeys (ConfUtils.java:logGet(43)) - raft.server.log.statemachine.data.sync.timeout.retry = -1 (default)
2019-08-20 15:03:33,023 [pool-38-thread-1] INFO  server.RaftServerConfigKeys (ConfUtils.java:logGet(43)) - raft.server.log.statemachine.data.caching.enabled = true (custom)
2019-08-20 15:03:33,024 [pool-38-thread-1] INFO  segmented.SegmentedRaftLogWorker (SegmentedRaftLogWorker.java:lambda$new$0(132)) - c8a52875-dc52-43bc-af24-370bbdbe5589-SegmentedRaftLogWorker:Storage Directory /workdir/hadoop-ozone/integration-test/target/test-dir/MiniOzoneClusterImpl-24f7eca7-c48c-4952-ad8b-43e154ea7cd7/datanode-1/data/ratis/a1c744aa-4164-4dd4-984c-1b5960d8870e: flushIndex: setUnconditionally 0 -> -1
2019-08-20 15:03:33,024 [pool-38-thread-1] INFO  server.RaftServerConfigKeys (ConfUtils.java:logGet(43)) - raft.server.snapshot.auto.trigger.enabled = true (custom)
2019-08-20 15:03:33,024 [pool-38-thread-1] INFO  server.RaftServerConfigKeys (ConfUtils.java:logGet(43)) - raft.server.snapshot.auto.trigger.threshold = 10000 (custom)
2019-08-20 15:03:33,024 [pool-38-thread-1] INFO  server.RaftServerConfigKeys (ConfUtils.java:logGet(43)) - raft.server.retrycache.expirytime = 600000ms (custom)
2019-08-20 15:03:33,024 [pool-38-thread-1] INFO  impl.RaftServerImpl (RaftServerImpl.java:start(180)) - c8a52875-dc52-43bc-af24-370bbdbe5589: start group-1B5960D8870E
2019-08-20 15:03:33,025 [pool-38-thread-1] INFO  impl.RaftServerImpl (RaftServerImpl.java:setRole(171)) - c8a52875-dc52-43bc-af24-370bbdbe5589:group-1B5960D8870E changes role from null to FOLLOWER at term 0 for startAsFollower
2019-08-20 15:03:33,025 [pool-38-thread-1] INFO  impl.RoleInfo (RoleInfo.java:updateAndGet(143)) - c8a52875-dc52-43bc-af24-370bbdbe5589: start FollowerState
2019-08-20 15:03:33,025 [pool-38-thread-1] INFO  util.JmxRegister (JmxRegister.java:tryRegister(44)) - Successfully registered JMX Bean with object name Ratis:service=RaftServer,group=group-1B5960D8870E,id=c8a52875-dc52-43bc-af24-370bbdbe5589
2019-08-20 15:03:33,039 [RatisPipelineUtilsThread] INFO  pipeline.PipelineStateManager (PipelineStateManager.java:addPipeline(56)) - Created pipeline Pipeline[ Id: a1c744aa-4164-4dd4-984c-1b5960d8870e, Nodes: c8a52875-dc52-43bc-af24-370bbdbe5589{ip: 192.168.5.139, host: pr-hdds-1200-9hlr9-3148487106, networkLocation: /default-rack, certSerialId: null}, Type:RATIS, Factor:ONE, State:OPEN]
2019-08-20 15:03:33,059 [grpc-default-executor-0] INFO  impl.RaftServerProxy (RaftServerProxy.java:addNew(89)) - 81e6f177-0aa0-4cea-a559-904193532cd7: addNew group-53900E7099A5:[81e6f177-0aa0-4cea-a559-904193532cd7:192.168.5.139:40757] returns group-53900E7099A5:java.util.concurrent.CompletableFuture@e2c2ec5[Not completed]
2019-08-20 15:03:33,064 [pool-82-thread-1] INFO  impl.RaftServerImpl (RaftServerImpl.java:<init>(93)) - 81e6f177-0aa0-4cea-a559-904193532cd7: new RaftServerImpl for group-53900E7099A5:[81e6f177-0aa0-4cea-a559-904193532cd7:192.168.5.139:40757] with ContainerStateMachine:uninitialized
2019-08-20 15:03:33,064 [pool-82-thread-1] INFO  server.RaftServerConfigKeys (ConfUtils.java:logGet(43)) - raft.server.rpc.timeout.min = 5s (custom)
2019-08-20 15:03:33,064 [pool-82-thread-1] INFO  server.RaftServerConfigKeys (ConfUtils.java:logGet(43)) - raft.server.rpc.timeout.max = 5200ms (custom)
2019-08-20 15:03:33,064 [pool-82-thread-1] INFO  server.RaftServerConfigKeys (ConfUtils.java:logGet(43)) - raft.server.rpcslowness.timeout = 120s (custom)
2019-08-20 15:03:33,064 [pool-82-thread-1] INFO  server.RaftServerConfigKeys (ConfUtils.java:logGet(43)) - raft.server.sleep.deviation.threshold = 300 (default)
2019-08-20 15:03:33,064 [pool-82-thread-1] INFO  server.RaftServerConfigKeys (ConfUtils.java:logGet(43)) - raft.server.log.appender.install.snapshot.enabled = false (custom)
2019-08-20 15:03:33,064 [pool-82-thread-1] INFO  impl.RaftServerImpl (ServerState.java:<init>(105)) - 81e6f177-0aa0-4cea-a559-904193532cd7:group-53900E7099A5 ConfigurationManager, init=-1: [81e6f177-0aa0-4cea-a559-904193532cd7:192.168.5.139:40757], old=null, confs=<EMPTY_MAP>
2019-08-20 15:03:33,065 [pool-82-thread-1] INFO  server.RaftServerConfigKeys (ConfUtils.java:logGet(43)) - raft.server.storage.dir = [/workdir/hadoop-ozone/integration-test/target/test-dir/MiniOzoneClusterImpl-24f7eca7-c48c-4952-ad8b-43e154ea7cd7/datanode-5/data/ratis] (custom)
2019-08-20 15:03:33,065 [pool-82-thread-1] INFO  storage.RaftStorageDirectory (RaftStorageDirectory.java:analyzeStorage(246)) - The storage directory /workdir/hadoop-ozone/integration-test/target/test-dir/MiniOzoneClusterImpl-24f7eca7-c48c-4952-ad8b-43e154ea7cd7/datanode-5/data/ratis/3d53811d-2f2b-42e9-8b3c-53900e7099a5 does not exist. Creating ...
2019-08-20 15:03:33,078 [pool-82-thread-1] INFO  storage.RaftStorageDirectory (RaftStorageDirectory.java:tryLock(328)) - Lock on /workdir/hadoop-ozone/integration-test/target/test-dir/MiniOzoneClusterImpl-24f7eca7-c48c-4952-ad8b-43e154ea7cd7/datanode-5/data/ratis/3d53811d-2f2b-42e9-8b3c-53900e7099a5/in_use.lock acquired by nodename 29370@pr-hdds-1200-9hlr9-3148487106
2019-08-20 15:03:33,091 [pool-82-thread-1] INFO  storage.RaftStorage (RaftStorage.java:format(72)) - Storage directory /workdir/hadoop-ozone/integration-test/target/test-dir/MiniOzoneClusterImpl-24f7eca7-c48c-4952-ad8b-43e154ea7cd7/datanode-5/data/ratis/3d53811d-2f2b-42e9-8b3c-53900e7099a5 has been successfully formatted.
2019-08-20 15:03:33,092 [pool-82-thread-1] INFO  ratis.ContainerStateMachine (ContainerStateMachine.java:loadSnapshot(222)) - group-53900E7099A5: The snapshot info is null. Setting the last applied indexto:(t:0, i:~)
2019-08-20 15:03:33,092 [pool-82-thread-1] INFO  server.RaftServerConfigKeys (ConfUtils.java:logGet(43)) - raft.server.leader.election.timeout = 120s (custom)
2019-08-20 15:03:33,092 [pool-82-thread-1] INFO  server.RaftServerConfigKeys (ConfUtils.java:logGet(43)) - raft.server.log.use.memory = false (default)
2019-08-20 15:03:33,092 [pool-82-thread-1] INFO  server.RaftServerConfigKeys (ConfUtils.java:logGet(43)) - raft.server.log.purge.gap = 1000000 (custom)
2019-08-20 15:03:33,092 [pool-82-thread-1] INFO  server.RaftServerConfigKeys (ConfUtils.java:logGet(43)) - raft.server.log.appender.buffer.byte-limit = 33554432 (custom)
2019-08-20 15:03:33,092 [pool-82-thread-1] INFO  server.RaftServerConfigKeys (ConfUtils.java:logGet(43)) - raft.server.log.segment.size.max = 1048576 (custom)
2019-08-20 15:03:33,092 [pool-82-thread-1] INFO  server.RaftServerConfigKeys (ConfUtils.java:logGet(43)) - raft.server.log.segment.cache.num.max = 2 (custom)
2019-08-20 15:03:33,093 [pool-82-thread-1] INFO  segmented.SegmentedRaftLogWorker (SegmentedRaftLogWorker.java:<init>(172)) - new 81e6f177-0aa0-4cea-a559-904193532cd7-SegmentedRaftLogWorker:Storage Directory /workdir/hadoop-ozone/integration-test/target/test-dir/MiniOzoneClusterImpl-24f7eca7-c48c-4952-ad8b-43e154ea7cd7/datanode-5/data/ratis/3d53811d-2f2b-42e9-8b3c-53900e7099a5 for RaftStorage:Storage Directory /workdir/hadoop-ozone/integration-test/target/test-dir/MiniOzoneClusterImpl-24f7eca7-c48c-4952-ad8b-43e154ea7cd7/datanode-5/data/ratis/3d53811d-2f2b-42e9-8b3c-53900e7099a5
2019-08-20 15:03:33,093 [pool-82-thread-1] INFO  server.RaftServerConfigKeys (ConfUtils.java:logGet(43)) - raft.server.log.queue.byte-limit = 2147483647 (custom)
2019-08-20 15:03:33,093 [pool-82-thread-1] INFO  server.RaftServerConfigKeys (ConfUtils.java:logGet(43)) - raft.server.log.queue.element-limit = 1024 (custom)
2019-08-20 15:03:33,093 [pool-82-thread-1] INFO  server.RaftServerConfigKeys (ConfUtils.java:logGet(43)) - raft.server.log.segment.size.max = 1048576 (custom)
2019-08-20 15:03:33,093 [pool-82-thread-1] INFO  server.RaftServerConfigKeys (ConfUtils.java:logGet(43)) - raft.server.log.preallocated.size = 16384 (custom)
2019-08-20 15:03:33,093 [pool-82-thread-1] INFO  server.RaftServerConfigKeys (ConfUtils.java:logGet(43)) - raft.server.log.write.buffer.size = 33554432 (custom)
2019-08-20 15:03:33,093 [pool-82-thread-1] INFO  server.RaftServerConfigKeys (ConfUtils.java:logGet(43)) - raft.server.log.force.sync.num = 128 (default)
2019-08-20 15:03:33,093 [pool-82-thread-1] INFO  server.RaftServerConfigKeys (ConfUtils.java:logGet(43)) - raft.server.log.statemachine.data.sync = true (default)
2019-08-20 15:03:33,094 [pool-82-thread-1] INFO  server.RaftServerConfigKeys (ConfUtils.java:logGet(43)) - raft.server.log.statemachine.data.sync.timeout = 10s (default)
2019-08-20 15:03:33,094 [pool-82-thread-1] INFO  server.RaftServerConfigKeys (ConfUtils.java:logGet(43)) - raft.server.log.statemachine.data.sync.timeout.retry = -1 (default)
2019-08-20 15:03:33,094 [pool-82-thread-1] INFO  server.RaftServerConfigKeys (ConfUtils.java:logGet(43)) - raft.server.log.statemachine.data.caching.enabled = true (custom)
2019-08-20 15:03:33,094 [pool-82-thread-1] INFO  segmented.SegmentedRaftLogWorker (SegmentedRaftLogWorker.java:lambda$new$0(132)) - 81e6f177-0aa0-4cea-a559-904193532cd7-SegmentedRaftLogWorker:Storage Directory /workdir/hadoop-ozone/integration-test/target/test-dir/MiniOzoneClusterImpl-24f7eca7-c48c-4952-ad8b-43e154ea7cd7/datanode-5/data/ratis/3d53811d-2f2b-42e9-8b3c-53900e7099a5: flushIndex: setUnconditionally 0 -> -1
2019-08-20 15:03:33,095 [pool-82-thread-1] INFO  server.RaftServerConfigKeys (ConfUtils.java:logGet(43)) - raft.server.snapshot.auto.trigger.enabled = true (custom)
2019-08-20 15:03:33,095 [pool-82-thread-1] INFO  server.RaftServerConfigKeys (ConfUtils.java:logGet(43)) - raft.server.snapshot.auto.trigger.threshold = 10000 (custom)
2019-08-20 15:03:33,095 [pool-82-thread-1] INFO  server.RaftServerConfigKeys (ConfUtils.java:logGet(43)) - raft.server.retrycache.expirytime = 600000ms (custom)
2019-08-20 15:03:33,095 [pool-82-thread-1] INFO  impl.RaftServerImpl (RaftServerImpl.java:start(180)) - 81e6f177-0aa0-4cea-a559-904193532cd7: start group-53900E7099A5
2019-08-20 15:03:33,095 [pool-82-thread-1] INFO  impl.RaftServerImpl (RaftServerImpl.java:setRole(171)) - 81e6f177-0aa0-4cea-a559-904193532cd7:group-53900E7099A5 changes role from null to FOLLOWER at term 0 for startAsFollower
2019-08-20 15:03:33,095 [pool-82-thread-1] INFO  impl.RoleInfo (RoleInfo.java:updateAndGet(143)) - 81e6f177-0aa0-4cea-a559-904193532cd7: start FollowerState
2019-08-20 15:03:33,096 [pool-82-thread-1] INFO  util.JmxRegister (JmxRegister.java:tryRegister(44)) - Successfully registered JMX Bean with object name Ratis:service=RaftServer,group=group-53900E7099A5,id=81e6f177-0aa0-4cea-a559-904193532cd7
2019-08-20 15:03:33,110 [RatisPipelineUtilsThread] INFO  pipeline.PipelineStateManager (PipelineStateManager.java:addPipeline(56)) - Created pipeline Pipeline[ Id: 3d53811d-2f2b-42e9-8b3c-53900e7099a5, Nodes: 81e6f177-0aa0-4cea-a559-904193532cd7{ip: 192.168.5.139, host: pr-hdds-1200-9hlr9-3148487106, networkLocation: /default-rack, certSerialId: null}, Type:RATIS, Factor:ONE, State:OPEN]
2019-08-20 15:03:33,133 [grpc-default-executor-0] INFO  impl.RaftServerProxy (RaftServerProxy.java:addNew(89)) - fb8329f7-6337-4286-bcd2-d612923e448c: addNew group-5DDBC8ED8D7F:[fb8329f7-6337-4286-bcd2-d612923e448c:192.168.5.139:38744] returns group-5DDBC8ED8D7F:java.util.concurrent.CompletableFuture@452c81b8[Not completed]
2019-08-20 15:03:33,138 [pool-93-thread-1] INFO  impl.RaftServerImpl (RaftServerImpl.java:<init>(93)) - fb8329f7-6337-4286-bcd2-d612923e448c: new RaftServerImpl for group-5DDBC8ED8D7F:[fb8329f7-6337-4286-bcd2-d612923e448c:192.168.5.139:38744] with ContainerStateMachine:uninitialized
2019-08-20 15:03:33,138 [pool-93-thread-1] INFO  server.RaftServerConfigKeys (ConfUtils.java:logGet(43)) - raft.server.rpc.timeout.min = 5s (custom)
2019-08-20 15:03:33,138 [pool-93-thread-1] INFO  server.RaftServerConfigKeys (ConfUtils.java:logGet(43)) - raft.server.rpc.timeout.max = 5200ms (custom)
2019-08-20 15:03:33,138 [pool-93-thread-1] INFO  server.RaftServerConfigKeys (ConfUtils.java:logGet(43)) - raft.server.rpcslowness.timeout = 120s (custom)
2019-08-20 15:03:33,138 [pool-93-thread-1] INFO  server.RaftServerConfigKeys (ConfUtils.java:logGet(43)) - raft.server.sleep.deviation.threshold = 300 (default)
2019-08-20 15:03:33,139 [pool-93-thread-1] INFO  server.RaftServerConfigKeys (ConfUtils.java:logGet(43)) - raft.server.log.appender.install.snapshot.enabled = false (custom)
2019-08-20 15:03:33,139 [pool-93-thread-1] INFO  impl.RaftServerImpl (ServerState.java:<init>(105)) - fb8329f7-6337-4286-bcd2-d612923e448c:group-5DDBC8ED8D7F ConfigurationManager, init=-1: [fb8329f7-6337-4286-bcd2-d612923e448c:192.168.5.139:38744], old=null, confs=<EMPTY_MAP>
2019-08-20 15:03:33,139 [pool-93-thread-1] INFO  server.RaftServerConfigKeys (ConfUtils.java:logGet(43)) - raft.server.storage.dir = [/workdir/hadoop-ozone/integration-test/target/test-dir/MiniOzoneClusterImpl-24f7eca7-c48c-4952-ad8b-43e154ea7cd7/datanode-6/data/ratis] (custom)
2019-08-20 15:03:33,140 [pool-93-thread-1] INFO  storage.RaftStorageDirectory (RaftStorageDirectory.java:analyzeStorage(246)) - The storage directory /workdir/hadoop-ozone/integration-test/target/test-dir/MiniOzoneClusterImpl-24f7eca7-c48c-4952-ad8b-43e154ea7cd7/datanode-6/data/ratis/d8f94ffc-bfa7-468f-8cc9-5ddbc8ed8d7f does not exist. Creating ...
2019-08-20 15:03:33,153 [pool-93-thread-1] INFO  storage.RaftStorageDirectory (RaftStorageDirectory.java:tryLock(328)) - Lock on /workdir/hadoop-ozone/integration-test/target/test-dir/MiniOzoneClusterImpl-24f7eca7-c48c-4952-ad8b-43e154ea7cd7/datanode-6/data/ratis/d8f94ffc-bfa7-468f-8cc9-5ddbc8ed8d7f/in_use.lock acquired by nodename 29370@pr-hdds-1200-9hlr9-3148487106
2019-08-20 15:03:33,166 [pool-93-thread-1] INFO  storage.RaftStorage (RaftStorage.java:format(72)) - Storage directory /workdir/hadoop-ozone/integration-test/target/test-dir/MiniOzoneClusterImpl-24f7eca7-c48c-4952-ad8b-43e154ea7cd7/datanode-6/data/ratis/d8f94ffc-bfa7-468f-8cc9-5ddbc8ed8d7f has been successfully formatted.
2019-08-20 15:03:33,167 [pool-93-thread-1] INFO  ratis.ContainerStateMachine (ContainerStateMachine.java:loadSnapshot(222)) - group-5DDBC8ED8D7F: The snapshot info is null. Setting the last applied indexto:(t:0, i:~)
2019-08-20 15:03:33,167 [pool-93-thread-1] INFO  server.RaftServerConfigKeys (ConfUtils.java:logGet(43)) - raft.server.leader.election.timeout = 120s (custom)
2019-08-20 15:03:33,167 [pool-93-thread-1] INFO  server.RaftServerConfigKeys (ConfUtils.java:logGet(43)) - raft.server.log.use.memory = false (default)
2019-08-20 15:03:33,167 [pool-93-thread-1] INFO  server.RaftServerConfigKeys (ConfUtils.java:logGet(43)) - raft.server.log.purge.gap = 1000000 (custom)
2019-08-20 15:03:33,167 [pool-93-thread-1] INFO  server.RaftServerConfigKeys (ConfUtils.java:logGet(43)) - raft.server.log.appender.buffer.byte-limit = 33554432 (custom)
2019-08-20 15:03:33,167 [pool-93-thread-1] INFO  server.RaftServerConfigKeys (ConfUtils.java:logGet(43)) - raft.server.log.segment.size.max = 1048576 (custom)
2019-08-20 15:03:33,168 [pool-93-thread-1] INFO  server.RaftServerConfigKeys (ConfUtils.java:logGet(43)) - raft.server.log.segment.cache.num.max = 2 (custom)
2019-08-20 15:03:33,168 [pool-93-thread-1] INFO  segmented.SegmentedRaftLogWorker (SegmentedRaftLogWorker.java:<init>(172)) - new fb8329f7-6337-4286-bcd2-d612923e448c-SegmentedRaftLogWorker:Storage Directory /workdir/hadoop-ozone/integration-test/target/test-dir/MiniOzoneClusterImpl-24f7eca7-c48c-4952-ad8b-43e154ea7cd7/datanode-6/data/ratis/d8f94ffc-bfa7-468f-8cc9-5ddbc8ed8d7f for RaftStorage:Storage Directory /workdir/hadoop-ozone/integration-test/target/test-dir/MiniOzoneClusterImpl-24f7eca7-c48c-4952-ad8b-43e154ea7cd7/datanode-6/data/ratis/d8f94ffc-bfa7-468f-8cc9-5ddbc8ed8d7f
2019-08-20 15:03:33,168 [pool-93-thread-1] INFO  server.RaftServerConfigKeys (ConfUtils.java:logGet(43)) - raft.server.log.queue.byte-limit = 2147483647 (custom)
2019-08-20 15:03:33,168 [pool-93-thread-1] INFO  server.RaftServerConfigKeys (ConfUtils.java:logGet(43)) - raft.server.log.queue.element-limit = 1024 (custom)
2019-08-20 15:03:33,168 [pool-93-thread-1] INFO  server.RaftServerConfigKeys (ConfUtils.java:logGet(43)) - raft.server.log.segment.size.max = 1048576 (custom)
2019-08-20 15:03:33,169 [pool-93-thread-1] INFO  server.RaftServerConfigKeys (ConfUtils.java:logGet(43)) - raft.server.log.preallocated.size = 16384 (custom)
2019-08-20 15:03:33,169 [pool-93-thread-1] INFO  server.RaftServerConfigKeys (ConfUtils.java:logGet(43)) - raft.server.log.write.buffer.size = 33554432 (custom)
2019-08-20 15:03:33,169 [pool-93-thread-1] INFO  server.RaftServerConfigKeys (ConfUtils.java:logGet(43)) - raft.server.log.force.sync.num = 128 (default)
2019-08-20 15:03:33,169 [pool-93-thread-1] INFO  server.RaftServerConfigKeys (ConfUtils.java:logGet(43)) - raft.server.log.statemachine.data.sync = true (default)
2019-08-20 15:03:33,169 [pool-93-thread-1] INFO  server.RaftServerConfigKeys (ConfUtils.java:logGet(43)) - raft.server.log.statemachine.data.sync.timeout = 10s (default)
2019-08-20 15:03:33,169 [pool-93-thread-1] INFO  server.RaftServerConfigKeys (ConfUtils.java:logGet(43)) - raft.server.log.statemachine.data.sync.timeout.retry = -1 (default)
2019-08-20 15:03:33,170 [pool-93-thread-1] INFO  server.RaftServerConfigKeys (ConfUtils.java:logGet(43)) - raft.server.log.statemachine.data.caching.enabled = true (custom)
2019-08-20 15:03:33,170 [pool-93-thread-1] INFO  segmented.SegmentedRaftLogWorker (SegmentedRaftLogWorker.java:lambda$new$0(132)) - fb8329f7-6337-4286-bcd2-d612923e448c-SegmentedRaftLogWorker:Storage Directory /workdir/hadoop-ozone/integration-test/target/test-dir/MiniOzoneClusterImpl-24f7eca7-c48c-4952-ad8b-43e154ea7cd7/datanode-6/data/ratis/d8f94ffc-bfa7-468f-8cc9-5ddbc8ed8d7f: flushIndex: setUnconditionally 0 -> -1
2019-08-20 15:03:33,170 [pool-93-thread-1] INFO  server.RaftServerConfigKeys (ConfUtils.java:logGet(43)) - raft.server.snapshot.auto.trigger.enabled = true (custom)
2019-08-20 15:03:33,171 [pool-93-thread-1] INFO  server.RaftServerConfigKeys (ConfUtils.java:logGet(43)) - raft.server.snapshot.auto.trigger.threshold = 10000 (custom)
2019-08-20 15:03:33,171 [pool-93-thread-1] INFO  server.RaftServerConfigKeys (ConfUtils.java:logGet(43)) - raft.server.retrycache.expirytime = 600000ms (custom)
2019-08-20 15:03:33,171 [pool-93-thread-1] INFO  impl.RaftServerImpl (RaftServerImpl.java:start(180)) - fb8329f7-6337-4286-bcd2-d612923e448c: start group-5DDBC8ED8D7F
2019-08-20 15:03:33,171 [pool-93-thread-1] INFO  impl.RaftServerImpl (RaftServerImpl.java:setRole(171)) - fb8329f7-6337-4286-bcd2-d612923e448c:group-5DDBC8ED8D7F changes role from null to FOLLOWER at term 0 for startAsFollower
2019-08-20 15:03:33,171 [pool-93-thread-1] INFO  impl.RoleInfo (RoleInfo.java:updateAndGet(143)) - fb8329f7-6337-4286-bcd2-d612923e448c: start FollowerState
2019-08-20 15:03:33,172 [pool-93-thread-1] INFO  util.JmxRegister (JmxRegister.java:tryRegister(44)) - Successfully registered JMX Bean with object name Ratis:service=RaftServer,group=group-5DDBC8ED8D7F,id=fb8329f7-6337-4286-bcd2-d612923e448c
2019-08-20 15:03:33,184 [RatisPipelineUtilsThread] INFO  pipeline.PipelineStateManager (PipelineStateManager.java:addPipeline(56)) - Created pipeline Pipeline[ Id: d8f94ffc-bfa7-468f-8cc9-5ddbc8ed8d7f, Nodes: fb8329f7-6337-4286-bcd2-d612923e448c{ip: 192.168.5.139, host: pr-hdds-1200-9hlr9-3148487106, networkLocation: /default-rack, certSerialId: null}, Type:RATIS, Factor:ONE, State:OPEN]
2019-08-20 15:03:33,201 [grpc-default-executor-0] INFO  impl.RaftServerProxy (RaftServerProxy.java:addNew(89)) - 6a1036d9-12c3-40f5-8094-5440fe3d038e: addNew group-D36297B74F78:[6a1036d9-12c3-40f5-8094-5440fe3d038e:192.168.5.139:45695] returns group-D36297B74F78:java.util.concurrent.CompletableFuture@50d0226f[Not completed]
2019-08-20 15:03:33,205 [pool-60-thread-1] INFO  impl.RaftServerImpl (RaftServerImpl.java:<init>(93)) - 6a1036d9-12c3-40f5-8094-5440fe3d038e: new RaftServerImpl for group-D36297B74F78:[6a1036d9-12c3-40f5-8094-5440fe3d038e:192.168.5.139:45695] with ContainerStateMachine:uninitialized
2019-08-20 15:03:33,206 [pool-60-thread-1] INFO  server.RaftServerConfigKeys (ConfUtils.java:logGet(43)) - raft.server.rpc.timeout.min = 5s (custom)
2019-08-20 15:03:33,206 [pool-60-thread-1] INFO  server.RaftServerConfigKeys (ConfUtils.java:logGet(43)) - raft.server.rpc.timeout.max = 5200ms (custom)
2019-08-20 15:03:33,206 [pool-60-thread-1] INFO  server.RaftServerConfigKeys (ConfUtils.java:logGet(43)) - raft.server.rpcslowness.timeout = 120s (custom)
2019-08-20 15:03:33,206 [pool-60-thread-1] INFO  server.RaftServerConfigKeys (ConfUtils.java:logGet(43)) - raft.server.sleep.deviation.threshold = 300 (default)
2019-08-20 15:03:33,206 [pool-60-thread-1] INFO  server.RaftServerConfigKeys (ConfUtils.java:logGet(43)) - raft.server.log.appender.install.snapshot.enabled = false (custom)
2019-08-20 15:03:33,206 [pool-60-thread-1] INFO  impl.RaftServerImpl (ServerState.java:<init>(105)) - 6a1036d9-12c3-40f5-8094-5440fe3d038e:group-D36297B74F78 ConfigurationManager, init=-1: [6a1036d9-12c3-40f5-8094-5440fe3d038e:192.168.5.139:45695], old=null, confs=<EMPTY_MAP>
2019-08-20 15:03:33,207 [pool-60-thread-1] INFO  server.RaftServerConfigKeys (ConfUtils.java:logGet(43)) - raft.server.storage.dir = [/workdir/hadoop-ozone/integration-test/target/test-dir/MiniOzoneClusterImpl-24f7eca7-c48c-4952-ad8b-43e154ea7cd7/datanode-3/data/ratis] (custom)
2019-08-20 15:03:33,207 [pool-60-thread-1] INFO  storage.RaftStorageDirectory (RaftStorageDirectory.java:analyzeStorage(246)) - The storage directory /workdir/hadoop-ozone/integration-test/target/test-dir/MiniOzoneClusterImpl-24f7eca7-c48c-4952-ad8b-43e154ea7cd7/datanode-3/data/ratis/d6573aba-22c9-4a14-97f8-d36297b74f78 does not exist. Creating ...
2019-08-20 15:03:33,220 [pool-60-thread-1] INFO  storage.RaftStorageDirectory (RaftStorageDirectory.java:tryLock(328)) - Lock on /workdir/hadoop-ozone/integration-test/target/test-dir/MiniOzoneClusterImpl-24f7eca7-c48c-4952-ad8b-43e154ea7cd7/datanode-3/data/ratis/d6573aba-22c9-4a14-97f8-d36297b74f78/in_use.lock acquired by nodename 29370@pr-hdds-1200-9hlr9-3148487106
2019-08-20 15:03:33,234 [pool-60-thread-1] INFO  storage.RaftStorage (RaftStorage.java:format(72)) - Storage directory /workdir/hadoop-ozone/integration-test/target/test-dir/MiniOzoneClusterImpl-24f7eca7-c48c-4952-ad8b-43e154ea7cd7/datanode-3/data/ratis/d6573aba-22c9-4a14-97f8-d36297b74f78 has been successfully formatted.
2019-08-20 15:03:33,234 [pool-60-thread-1] INFO  ratis.ContainerStateMachine (ContainerStateMachine.java:loadSnapshot(222)) - group-D36297B74F78: The snapshot info is null. Setting the last applied indexto:(t:0, i:~)
2019-08-20 15:03:33,235 [pool-60-thread-1] INFO  server.RaftServerConfigKeys (ConfUtils.java:logGet(43)) - raft.server.leader.election.timeout = 120s (custom)
2019-08-20 15:03:33,235 [pool-60-thread-1] INFO  server.RaftServerConfigKeys (ConfUtils.java:logGet(43)) - raft.server.log.use.memory = false (default)
2019-08-20 15:03:33,235 [pool-60-thread-1] INFO  server.RaftServerConfigKeys (ConfUtils.java:logGet(43)) - raft.server.log.purge.gap = 1000000 (custom)
2019-08-20 15:03:33,235 [pool-60-thread-1] INFO  server.RaftServerConfigKeys (ConfUtils.java:logGet(43)) - raft.server.log.appender.buffer.byte-limit = 33554432 (custom)
2019-08-20 15:03:33,235 [pool-60-thread-1] INFO  server.RaftServerConfigKeys (ConfUtils.java:logGet(43)) - raft.server.log.segment.size.max = 1048576 (custom)
2019-08-20 15:03:33,236 [pool-60-thread-1] INFO  server.RaftServerConfigKeys (ConfUtils.java:logGet(43)) - raft.server.log.segment.cache.num.max = 2 (custom)
2019-08-20 15:03:33,236 [pool-60-thread-1] INFO  segmented.SegmentedRaftLogWorker (SegmentedRaftLogWorker.java:<init>(172)) - new 6a1036d9-12c3-40f5-8094-5440fe3d038e-SegmentedRaftLogWorker:Storage Directory /workdir/hadoop-ozone/integration-test/target/test-dir/MiniOzoneClusterImpl-24f7eca7-c48c-4952-ad8b-43e154ea7cd7/datanode-3/data/ratis/d6573aba-22c9-4a14-97f8-d36297b74f78 for RaftStorage:Storage Directory /workdir/hadoop-ozone/integration-test/target/test-dir/MiniOzoneClusterImpl-24f7eca7-c48c-4952-ad8b-43e154ea7cd7/datanode-3/data/ratis/d6573aba-22c9-4a14-97f8-d36297b74f78
2019-08-20 15:03:33,236 [pool-60-thread-1] INFO  server.RaftServerConfigKeys (ConfUtils.java:logGet(43)) - raft.server.log.queue.byte-limit = 2147483647 (custom)
2019-08-20 15:03:33,236 [pool-60-thread-1] INFO  server.RaftServerConfigKeys (ConfUtils.java:logGet(43)) - raft.server.log.queue.element-limit = 1024 (custom)
2019-08-20 15:03:33,237 [pool-60-thread-1] INFO  server.RaftServerConfigKeys (ConfUtils.java:logGet(43)) - raft.server.log.segment.size.max = 1048576 (custom)
2019-08-20 15:03:33,237 [pool-60-thread-1] INFO  server.RaftServerConfigKeys (ConfUtils.java:logGet(43)) - raft.server.log.preallocated.size = 16384 (custom)
2019-08-20 15:03:33,237 [pool-60-thread-1] INFO  server.RaftServerConfigKeys (ConfUtils.java:logGet(43)) - raft.server.log.write.buffer.size = 33554432 (custom)
2019-08-20 15:03:33,237 [pool-60-thread-1] INFO  server.RaftServerConfigKeys (ConfUtils.java:logGet(43)) - raft.server.log.force.sync.num = 128 (default)
2019-08-20 15:03:33,238 [pool-60-thread-1] INFO  server.RaftServerConfigKeys (ConfUtils.java:logGet(43)) - raft.server.log.statemachine.data.sync = true (default)
2019-08-20 15:03:33,238 [pool-60-thread-1] INFO  server.RaftServerConfigKeys (ConfUtils.java:logGet(43)) - raft.server.log.statemachine.data.sync.timeout = 10s (default)
2019-08-20 15:03:33,238 [pool-60-thread-1] INFO  server.RaftServerConfigKeys (ConfUtils.java:logGet(43)) - raft.server.log.statemachine.data.sync.timeout.retry = -1 (default)
2019-08-20 15:03:33,238 [pool-60-thread-1] INFO  server.RaftServerConfigKeys (ConfUtils.java:logGet(43)) - raft.server.log.statemachine.data.caching.enabled = true (custom)
2019-08-20 15:03:33,239 [pool-60-thread-1] INFO  segmented.SegmentedRaftLogWorker (SegmentedRaftLogWorker.java:lambda$new$0(132)) - 6a1036d9-12c3-40f5-8094-5440fe3d038e-SegmentedRaftLogWorker:Storage Directory /workdir/hadoop-ozone/integration-test/target/test-dir/MiniOzoneClusterImpl-24f7eca7-c48c-4952-ad8b-43e154ea7cd7/datanode-3/data/ratis/d6573aba-22c9-4a14-97f8-d36297b74f78: flushIndex: setUnconditionally 0 -> -1
2019-08-20 15:03:33,239 [pool-60-thread-1] INFO  server.RaftServerConfigKeys (ConfUtils.java:logGet(43)) - raft.server.snapshot.auto.trigger.enabled = true (custom)
2019-08-20 15:03:33,240 [pool-60-thread-1] INFO  server.RaftServerConfigKeys (ConfUtils.java:logGet(43)) - raft.server.snapshot.auto.trigger.threshold = 10000 (custom)
2019-08-20 15:03:33,240 [pool-60-thread-1] INFO  server.RaftServerConfigKeys (ConfUtils.java:logGet(43)) - raft.server.retrycache.expirytime = 600000ms (custom)
2019-08-20 15:03:33,240 [pool-60-thread-1] INFO  impl.RaftServerImpl (RaftServerImpl.java:start(180)) - 6a1036d9-12c3-40f5-8094-5440fe3d038e: start group-D36297B74F78
2019-08-20 15:03:33,240 [pool-60-thread-1] INFO  impl.RaftServerImpl (RaftServerImpl.java:setRole(171)) - 6a1036d9-12c3-40f5-8094-5440fe3d038e:group-D36297B74F78 changes role from null to FOLLOWER at term 0 for startAsFollower
2019-08-20 15:03:33,240 [pool-60-thread-1] INFO  impl.RoleInfo (RoleInfo.java:updateAndGet(143)) - 6a1036d9-12c3-40f5-8094-5440fe3d038e: start FollowerState
2019-08-20 15:03:33,241 [pool-60-thread-1] INFO  util.JmxRegister (JmxRegister.java:tryRegister(44)) - Successfully registered JMX Bean with object name Ratis:service=RaftServer,group=group-D36297B74F78,id=6a1036d9-12c3-40f5-8094-5440fe3d038e
2019-08-20 15:03:33,257 [RatisPipelineUtilsThread] INFO  pipeline.PipelineStateManager (PipelineStateManager.java:addPipeline(56)) - Created pipeline Pipeline[ Id: d6573aba-22c9-4a14-97f8-d36297b74f78, Nodes: 6a1036d9-12c3-40f5-8094-5440fe3d038e{ip: 192.168.5.139, host: pr-hdds-1200-9hlr9-3148487106, networkLocation: /default-rack, certSerialId: null}, Type:RATIS, Factor:ONE, State:OPEN]
2019-08-20 15:03:33,284 [grpc-default-executor-2] INFO  impl.RaftServerProxy (RaftServerProxy.java:addNew(89)) - 2923d27d-94e5-4a4d-9917-f06e3e9de6d6: addNew group-148C6D2B3700:[36e09339-9dd8-4013-a821-6974d22e740b:192.168.5.139:37692, 2923d27d-94e5-4a4d-9917-f06e3e9de6d6:192.168.5.139:36527, c8a52875-dc52-43bc-af24-370bbdbe5589:192.168.5.139:38327] returns group-148C6D2B3700:java.util.concurrent.CompletableFuture@6056bcf9[Not completed]
2019-08-20 15:03:33,285 [grpc-default-executor-1] INFO  impl.RaftServerProxy (RaftServerProxy.java:addNew(89)) - 36e09339-9dd8-4013-a821-6974d22e740b: addNew group-148C6D2B3700:[36e09339-9dd8-4013-a821-6974d22e740b:192.168.5.139:37692, 2923d27d-94e5-4a4d-9917-f06e3e9de6d6:192.168.5.139:36527, c8a52875-dc52-43bc-af24-370bbdbe5589:192.168.5.139:38327] returns group-148C6D2B3700:java.util.concurrent.CompletableFuture@762f0731[Not completed]
2019-08-20 15:03:33,287 [pool-49-thread-1] INFO  impl.RaftServerImpl (RaftServerImpl.java:<init>(93)) - 2923d27d-94e5-4a4d-9917-f06e3e9de6d6: new RaftServerImpl for group-148C6D2B3700:[36e09339-9dd8-4013-a821-6974d22e740b:192.168.5.139:37692, 2923d27d-94e5-4a4d-9917-f06e3e9de6d6:192.168.5.139:36527, c8a52875-dc52-43bc-af24-370bbdbe5589:192.168.5.139:38327] with ContainerStateMachine:uninitialized
2019-08-20 15:03:33,287 [grpc-default-executor-1] INFO  impl.RaftServerProxy (RaftServerProxy.java:addNew(89)) - c8a52875-dc52-43bc-af24-370bbdbe5589: addNew group-148C6D2B3700:[36e09339-9dd8-4013-a821-6974d22e740b:192.168.5.139:37692, 2923d27d-94e5-4a4d-9917-f06e3e9de6d6:192.168.5.139:36527, c8a52875-dc52-43bc-af24-370bbdbe5589:192.168.5.139:38327] returns group-148C6D2B3700:java.util.concurrent.CompletableFuture@332d9790[Not completed]
2019-08-20 15:03:33,287 [pool-49-thread-1] INFO  server.RaftServerConfigKeys (ConfUtils.java:logGet(43)) - raft.server.rpc.timeout.min = 5s (custom)
2019-08-20 15:03:33,287 [pool-49-thread-1] INFO  server.RaftServerConfigKeys (ConfUtils.java:logGet(43)) - raft.server.rpc.timeout.max = 5200ms (custom)
2019-08-20 15:03:33,287 [pool-49-thread-1] INFO  server.RaftServerConfigKeys (ConfUtils.java:logGet(43)) - raft.server.rpcslowness.timeout = 120s (custom)
2019-08-20 15:03:33,287 [pool-49-thread-1] INFO  server.RaftServerConfigKeys (ConfUtils.java:logGet(43)) - raft.server.sleep.deviation.threshold = 300 (default)
2019-08-20 15:03:33,287 [pool-49-thread-1] INFO  server.RaftServerConfigKeys (ConfUtils.java:logGet(43)) - raft.server.log.appender.install.snapshot.enabled = false (custom)
2019-08-20 15:03:33,287 [pool-49-thread-1] INFO  impl.RaftServerImpl (ServerState.java:<init>(105)) - 2923d27d-94e5-4a4d-9917-f06e3e9de6d6:group-148C6D2B3700 ConfigurationManager, init=-1: [36e09339-9dd8-4013-a821-6974d22e740b:192.168.5.139:37692, 2923d27d-94e5-4a4d-9917-f06e3e9de6d6:192.168.5.139:36527, c8a52875-dc52-43bc-af24-370bbdbe5589:192.168.5.139:38327], old=null, confs=<EMPTY_MAP>
2019-08-20 15:03:33,288 [pool-49-thread-1] INFO  server.RaftServerConfigKeys (ConfUtils.java:logGet(43)) - raft.server.storage.dir = [/workdir/hadoop-ozone/integration-test/target/test-dir/MiniOzoneClusterImpl-24f7eca7-c48c-4952-ad8b-43e154ea7cd7/datanode-2/data/ratis] (custom)
2019-08-20 15:03:33,288 [pool-49-thread-1] INFO  storage.RaftStorageDirectory (RaftStorageDirectory.java:analyzeStorage(246)) - The storage directory /workdir/hadoop-ozone/integration-test/target/test-dir/MiniOzoneClusterImpl-24f7eca7-c48c-4952-ad8b-43e154ea7cd7/datanode-2/data/ratis/b60bb38e-4923-467e-b7fe-148c6d2b3700 does not exist. Creating ...
2019-08-20 15:03:33,289 [pool-71-thread-1] INFO  impl.RaftServerImpl (RaftServerImpl.java:<init>(93)) - 36e09339-9dd8-4013-a821-6974d22e740b: new RaftServerImpl for group-148C6D2B3700:[36e09339-9dd8-4013-a821-6974d22e740b:192.168.5.139:37692, 2923d27d-94e5-4a4d-9917-f06e3e9de6d6:192.168.5.139:36527, c8a52875-dc52-43bc-af24-370bbdbe5589:192.168.5.139:38327] with ContainerStateMachine:uninitialized
2019-08-20 15:03:33,289 [pool-71-thread-1] INFO  server.RaftServerConfigKeys (ConfUtils.java:logGet(43)) - raft.server.rpc.timeout.min = 5s (custom)
2019-08-20 15:03:33,289 [pool-38-thread-1] INFO  impl.RaftServerImpl (RaftServerImpl.java:<init>(93)) - c8a52875-dc52-43bc-af24-370bbdbe5589: new RaftServerImpl for group-148C6D2B3700:[36e09339-9dd8-4013-a821-6974d22e740b:192.168.5.139:37692, 2923d27d-94e5-4a4d-9917-f06e3e9de6d6:192.168.5.139:36527, c8a52875-dc52-43bc-af24-370bbdbe5589:192.168.5.139:38327] with ContainerStateMachine:uninitialized
2019-08-20 15:03:33,289 [pool-71-thread-1] INFO  server.RaftServerConfigKeys (ConfUtils.java:logGet(43)) - raft.server.rpc.timeout.max = 5200ms (custom)
2019-08-20 15:03:33,289 [pool-38-thread-1] INFO  server.RaftServerConfigKeys (ConfUtils.java:logGet(43)) - raft.server.rpc.timeout.min = 5s (custom)
2019-08-20 15:03:33,290 [pool-71-thread-1] INFO  server.RaftServerConfigKeys (ConfUtils.java:logGet(43)) - raft.server.rpcslowness.timeout = 120s (custom)
2019-08-20 15:03:33,290 [pool-38-thread-1] INFO  server.RaftServerConfigKeys (ConfUtils.java:logGet(43)) - raft.server.rpc.timeout.max = 5200ms (custom)
2019-08-20 15:03:33,290 [pool-71-thread-1] INFO  server.RaftServerConfigKeys (ConfUtils.java:logGet(43)) - raft.server.sleep.deviation.threshold = 300 (default)
2019-08-20 15:03:33,290 [pool-38-thread-1] INFO  server.RaftServerConfigKeys (ConfUtils.java:logGet(43)) - raft.server.rpcslowness.timeout = 120s (custom)
2019-08-20 15:03:33,290 [pool-71-thread-1] INFO  server.RaftServerConfigKeys (ConfUtils.java:logGet(43)) - raft.server.log.appender.install.snapshot.enabled = false (custom)
2019-08-20 15:03:33,290 [pool-38-thread-1] INFO  server.RaftServerConfigKeys (ConfUtils.java:logGet(43)) - raft.server.sleep.deviation.threshold = 300 (default)
2019-08-20 15:03:33,291 [pool-71-thread-1] INFO  impl.RaftServerImpl (ServerState.java:<init>(105)) - 36e09339-9dd8-4013-a821-6974d22e740b:group-148C6D2B3700 ConfigurationManager, init=-1: [36e09339-9dd8-4013-a821-6974d22e740b:192.168.5.139:37692, 2923d27d-94e5-4a4d-9917-f06e3e9de6d6:192.168.5.139:36527, c8a52875-dc52-43bc-af24-370bbdbe5589:192.168.5.139:38327], old=null, confs=<EMPTY_MAP>
2019-08-20 15:03:33,291 [pool-38-thread-1] INFO  server.RaftServerConfigKeys (ConfUtils.java:logGet(43)) - raft.server.log.appender.install.snapshot.enabled = false (custom)
2019-08-20 15:03:33,291 [pool-38-thread-1] INFO  impl.RaftServerImpl (ServerState.java:<init>(105)) - c8a52875-dc52-43bc-af24-370bbdbe5589:group-148C6D2B3700 ConfigurationManager, init=-1: [36e09339-9dd8-4013-a821-6974d22e740b:192.168.5.139:37692, 2923d27d-94e5-4a4d-9917-f06e3e9de6d6:192.168.5.139:36527, c8a52875-dc52-43bc-af24-370bbdbe5589:192.168.5.139:38327], old=null, confs=<EMPTY_MAP>
2019-08-20 15:03:33,291 [pool-71-thread-1] INFO  server.RaftServerConfigKeys (ConfUtils.java:logGet(43)) - raft.server.storage.dir = [/workdir/hadoop-ozone/integration-test/target/test-dir/MiniOzoneClusterImpl-24f7eca7-c48c-4952-ad8b-43e154ea7cd7/datanode-4/data/ratis] (custom)
2019-08-20 15:03:33,291 [pool-38-thread-1] INFO  server.RaftServerConfigKeys (ConfUtils.java:logGet(43)) - raft.server.storage.dir = [/workdir/hadoop-ozone/integration-test/target/test-dir/MiniOzoneClusterImpl-24f7eca7-c48c-4952-ad8b-43e154ea7cd7/datanode-1/data/ratis] (custom)
2019-08-20 15:03:33,292 [pool-38-thread-1] INFO  storage.RaftStorageDirectory (RaftStorageDirectory.java:analyzeStorage(246)) - The storage directory /workdir/hadoop-ozone/integration-test/target/test-dir/MiniOzoneClusterImpl-24f7eca7-c48c-4952-ad8b-43e154ea7cd7/datanode-1/data/ratis/b60bb38e-4923-467e-b7fe-148c6d2b3700 does not exist. Creating ...
2019-08-20 15:03:33,292 [pool-71-thread-1] INFO  storage.RaftStorageDirectory (RaftStorageDirectory.java:analyzeStorage(246)) - The storage directory /workdir/hadoop-ozone/integration-test/target/test-dir/MiniOzoneClusterImpl-24f7eca7-c48c-4952-ad8b-43e154ea7cd7/datanode-4/data/ratis/b60bb38e-4923-467e-b7fe-148c6d2b3700 does not exist. Creating ...
2019-08-20 15:03:33,301 [pool-71-thread-1] INFO  storage.RaftStorageDirectory (RaftStorageDirectory.java:tryLock(328)) - Lock on /workdir/hadoop-ozone/integration-test/target/test-dir/MiniOzoneClusterImpl-24f7eca7-c48c-4952-ad8b-43e154ea7cd7/datanode-4/data/ratis/b60bb38e-4923-467e-b7fe-148c6d2b3700/in_use.lock acquired by nodename 29370@pr-hdds-1200-9hlr9-3148487106
2019-08-20 15:03:33,301 [pool-38-thread-1] INFO  storage.RaftStorageDirectory (RaftStorageDirectory.java:tryLock(328)) - Lock on /workdir/hadoop-ozone/integration-test/target/test-dir/MiniOzoneClusterImpl-24f7eca7-c48c-4952-ad8b-43e154ea7cd7/datanode-1/data/ratis/b60bb38e-4923-467e-b7fe-148c6d2b3700/in_use.lock acquired by nodename 29370@pr-hdds-1200-9hlr9-3148487106
2019-08-20 15:03:33,301 [pool-49-thread-1] INFO  storage.RaftStorageDirectory (RaftStorageDirectory.java:tryLock(328)) - Lock on /workdir/hadoop-ozone/integration-test/target/test-dir/MiniOzoneClusterImpl-24f7eca7-c48c-4952-ad8b-43e154ea7cd7/datanode-2/data/ratis/b60bb38e-4923-467e-b7fe-148c6d2b3700/in_use.lock acquired by nodename 29370@pr-hdds-1200-9hlr9-3148487106
2019-08-20 15:03:33,315 [pool-38-thread-1] INFO  storage.RaftStorage (RaftStorage.java:format(72)) - Storage directory /workdir/hadoop-ozone/integration-test/target/test-dir/MiniOzoneClusterImpl-24f7eca7-c48c-4952-ad8b-43e154ea7cd7/datanode-1/data/ratis/b60bb38e-4923-467e-b7fe-148c6d2b3700 has been successfully formatted.
2019-08-20 15:03:33,315 [pool-71-thread-1] INFO  storage.RaftStorage (RaftStorage.java:format(72)) - Storage directory /workdir/hadoop-ozone/integration-test/target/test-dir/MiniOzoneClusterImpl-24f7eca7-c48c-4952-ad8b-43e154ea7cd7/datanode-4/data/ratis/b60bb38e-4923-467e-b7fe-148c6d2b3700 has been successfully formatted.
2019-08-20 15:03:33,315 [pool-49-thread-1] INFO  storage.RaftStorage (RaftStorage.java:format(72)) - Storage directory /workdir/hadoop-ozone/integration-test/target/test-dir/MiniOzoneClusterImpl-24f7eca7-c48c-4952-ad8b-43e154ea7cd7/datanode-2/data/ratis/b60bb38e-4923-467e-b7fe-148c6d2b3700 has been successfully formatted.
2019-08-20 15:03:33,315 [pool-38-thread-1] INFO  ratis.ContainerStateMachine (ContainerStateMachine.java:loadSnapshot(222)) - group-148C6D2B3700: The snapshot info is null. Setting the last applied indexto:(t:0, i:~)
2019-08-20 15:03:33,315 [pool-49-thread-1] INFO  ratis.ContainerStateMachine (ContainerStateMachine.java:loadSnapshot(222)) - group-148C6D2B3700: The snapshot info is null. Setting the last applied indexto:(t:0, i:~)
2019-08-20 15:03:33,315 [pool-71-thread-1] INFO  ratis.ContainerStateMachine (ContainerStateMachine.java:loadSnapshot(222)) - group-148C6D2B3700: The snapshot info is null. Setting the last applied indexto:(t:0, i:~)
2019-08-20 15:03:33,315 [pool-49-thread-1] INFO  server.RaftServerConfigKeys (ConfUtils.java:logGet(43)) - raft.server.leader.election.timeout = 120s (custom)
2019-08-20 15:03:33,315 [pool-38-thread-1] INFO  server.RaftServerConfigKeys (ConfUtils.java:logGet(43)) - raft.server.leader.election.timeout = 120s (custom)
2019-08-20 15:03:33,315 [pool-49-thread-1] INFO  server.RaftServerConfigKeys (ConfUtils.java:logGet(43)) - raft.server.log.use.memory = false (default)
2019-08-20 15:03:33,315 [pool-71-thread-1] INFO  server.RaftServerConfigKeys (ConfUtils.java:logGet(43)) - raft.server.leader.election.timeout = 120s (custom)
2019-08-20 15:03:33,315 [pool-49-thread-1] INFO  server.RaftServerConfigKeys (ConfUtils.java:logGet(43)) - raft.server.log.purge.gap = 1000000 (custom)
2019-08-20 15:03:33,315 [pool-38-thread-1] INFO  server.RaftServerConfigKeys (ConfUtils.java:logGet(43)) - raft.server.log.use.memory = false (default)
2019-08-20 15:03:33,316 [pool-49-thread-1] INFO  server.RaftServerConfigKeys (ConfUtils.java:logGet(43)) - raft.server.log.appender.buffer.byte-limit = 33554432 (custom)
2019-08-20 15:03:33,316 [pool-71-thread-1] INFO  server.RaftServerConfigKeys (ConfUtils.java:logGet(43)) - raft.server.log.use.memory = false (default)
2019-08-20 15:03:33,316 [pool-49-thread-1] INFO  server.RaftServerConfigKeys (ConfUtils.java:logGet(43)) - raft.server.log.segment.size.max = 1048576 (custom)
2019-08-20 15:03:33,316 [pool-38-thread-1] INFO  server.RaftServerConfigKeys (ConfUtils.java:logGet(43)) - raft.server.log.purge.gap = 1000000 (custom)
2019-08-20 15:03:33,316 [pool-49-thread-1] INFO  server.RaftServerConfigKeys (ConfUtils.java:logGet(43)) - raft.server.log.segment.cache.num.max = 2 (custom)
2019-08-20 15:03:33,316 [pool-71-thread-1] INFO  server.RaftServerConfigKeys (ConfUtils.java:logGet(43)) - raft.server.log.purge.gap = 1000000 (custom)
2019-08-20 15:03:33,316 [pool-49-thread-1] INFO  segmented.SegmentedRaftLogWorker (SegmentedRaftLogWorker.java:<init>(172)) - new 2923d27d-94e5-4a4d-9917-f06e3e9de6d6-SegmentedRaftLogWorker:Storage Directory /workdir/hadoop-ozone/integration-test/target/test-dir/MiniOzoneClusterImpl-24f7eca7-c48c-4952-ad8b-43e154ea7cd7/datanode-2/data/ratis/b60bb38e-4923-467e-b7fe-148c6d2b3700 for RaftStorage:Storage Directory /workdir/hadoop-ozone/integration-test/target/test-dir/MiniOzoneClusterImpl-24f7eca7-c48c-4952-ad8b-43e154ea7cd7/datanode-2/data/ratis/b60bb38e-4923-467e-b7fe-148c6d2b3700
2019-08-20 15:03:33,316 [pool-38-thread-1] INFO  server.RaftServerConfigKeys (ConfUtils.java:logGet(43)) - raft.server.log.appender.buffer.byte-limit = 33554432 (custom)
2019-08-20 15:03:33,317 [pool-49-thread-1] INFO  server.RaftServerConfigKeys (ConfUtils.java:logGet(43)) - raft.server.log.queue.byte-limit = 2147483647 (custom)
2019-08-20 15:03:33,316 [pool-71-thread-1] INFO  server.RaftServerConfigKeys (ConfUtils.java:logGet(43)) - raft.server.log.appender.buffer.byte-limit = 33554432 (custom)
2019-08-20 15:03:33,319 [pool-49-thread-1] INFO  server.RaftServerConfigKeys (ConfUtils.java:logGet(43)) - raft.server.log.queue.element-limit = 1024 (custom)
2019-08-20 15:03:33,319 [pool-38-thread-1] INFO  server.RaftServerConfigKeys (ConfUtils.java:logGet(43)) - raft.server.log.segment.size.max = 1048576 (custom)
2019-08-20 15:03:33,319 [pool-49-thread-1] INFO  server.RaftServerConfigKeys (ConfUtils.java:logGet(43)) - raft.server.log.segment.size.max = 1048576 (custom)
2019-08-20 15:03:33,319 [pool-71-thread-1] INFO  server.RaftServerConfigKeys (ConfUtils.java:logGet(43)) - raft.server.log.segment.size.max = 1048576 (custom)
2019-08-20 15:03:33,319 [pool-49-thread-1] INFO  server.RaftServerConfigKeys (ConfUtils.java:logGet(43)) - raft.server.log.preallocated.size = 16384 (custom)
2019-08-20 15:03:33,319 [pool-38-thread-1] INFO  server.RaftServerConfigKeys (ConfUtils.java:logGet(43)) - raft.server.log.segment.cache.num.max = 2 (custom)
2019-08-20 15:03:33,319 [pool-49-thread-1] INFO  server.RaftServerConfigKeys (ConfUtils.java:logGet(43)) - raft.server.log.write.buffer.size = 33554432 (custom)
2019-08-20 15:03:33,319 [pool-71-thread-1] INFO  server.RaftServerConfigKeys (ConfUtils.java:logGet(43)) - raft.server.log.segment.cache.num.max = 2 (custom)
2019-08-20 15:03:33,320 [pool-49-thread-1] INFO  server.RaftServerConfigKeys (ConfUtils.java:logGet(43)) - raft.server.log.force.sync.num = 128 (default)
2019-08-20 15:03:33,319 [pool-38-thread-1] INFO  segmented.SegmentedRaftLogWorker (SegmentedRaftLogWorker.java:<init>(172)) - new c8a52875-dc52-43bc-af24-370bbdbe5589-SegmentedRaftLogWorker:Storage Directory /workdir/hadoop-ozone/integration-test/target/test-dir/MiniOzoneClusterImpl-24f7eca7-c48c-4952-ad8b-43e154ea7cd7/datanode-1/data/ratis/b60bb38e-4923-467e-b7fe-148c6d2b3700 for RaftStorage:Storage Directory /workdir/hadoop-ozone/integration-test/target/test-dir/MiniOzoneClusterImpl-24f7eca7-c48c-4952-ad8b-43e154ea7cd7/datanode-1/data/ratis/b60bb38e-4923-467e-b7fe-148c6d2b3700
2019-08-20 15:03:33,320 [pool-49-thread-1] INFO  server.RaftServerConfigKeys (ConfUtils.java:logGet(43)) - raft.server.log.statemachine.data.sync = true (default)
2019-08-20 15:03:33,320 [pool-71-thread-1] INFO  segmented.SegmentedRaftLogWorker (SegmentedRaftLogWorker.java:<init>(172)) - new 36e09339-9dd8-4013-a821-6974d22e740b-SegmentedRaftLogWorker:Storage Directory /workdir/hadoop-ozone/integration-test/target/test-dir/MiniOzoneClusterImpl-24f7eca7-c48c-4952-ad8b-43e154ea7cd7/datanode-4/data/ratis/b60bb38e-4923-467e-b7fe-148c6d2b3700 for RaftStorage:Storage Directory /workdir/hadoop-ozone/integration-test/target/test-dir/MiniOzoneClusterImpl-24f7eca7-c48c-4952-ad8b-43e154ea7cd7/datanode-4/data/ratis/b60bb38e-4923-467e-b7fe-148c6d2b3700
2019-08-20 15:03:33,320 [pool-49-thread-1] INFO  server.RaftServerConfigKeys (ConfUtils.java:logGet(43)) - raft.server.log.statemachine.data.sync.timeout = 10s (default)
2019-08-20 15:03:33,320 [pool-38-thread-1] INFO  server.RaftServerConfigKeys (ConfUtils.java:logGet(43)) - raft.server.log.queue.byte-limit = 2147483647 (custom)
2019-08-20 15:03:33,322 [pool-49-thread-1] INFO  server.RaftServerConfigKeys (ConfUtils.java:logGet(43)) - raft.server.log.statemachine.data.sync.timeout.retry = -1 (default)
2019-08-20 15:03:33,321 [pool-71-thread-1] INFO  server.RaftServerConfigKeys (ConfUtils.java:logGet(43)) - raft.server.log.queue.byte-limit = 2147483647 (custom)
2019-08-20 15:03:33,323 [pool-49-thread-1] INFO  server.RaftServerConfigKeys (ConfUtils.java:logGet(43)) - raft.server.log.statemachine.data.caching.enabled = true (custom)
2019-08-20 15:03:33,322 [pool-38-thread-1] INFO  server.RaftServerConfigKeys (ConfUtils.java:logGet(43)) - raft.server.log.queue.element-limit = 1024 (custom)
2019-08-20 15:03:33,323 [pool-71-thread-1] INFO  server.RaftServerConfigKeys (ConfUtils.java:logGet(43)) - raft.server.log.queue.element-limit = 1024 (custom)
2019-08-20 15:03:33,323 [pool-49-thread-1] INFO  segmented.SegmentedRaftLogWorker (SegmentedRaftLogWorker.java:lambda$new$0(132)) - 2923d27d-94e5-4a4d-9917-f06e3e9de6d6-SegmentedRaftLogWorker:Storage Directory /workdir/hadoop-ozone/integration-test/target/test-dir/MiniOzoneClusterImpl-24f7eca7-c48c-4952-ad8b-43e154ea7cd7/datanode-2/data/ratis/b60bb38e-4923-467e-b7fe-148c6d2b3700: flushIndex: setUnconditionally 0 -> -1
2019-08-20 15:03:33,323 [pool-38-thread-1] INFO  server.RaftServerConfigKeys (ConfUtils.java:logGet(43)) - raft.server.log.segment.size.max = 1048576 (custom)
2019-08-20 15:03:33,323 [pool-71-thread-1] INFO  server.RaftServerConfigKeys (ConfUtils.java:logGet(43)) - raft.server.log.segment.size.max = 1048576 (custom)
2019-08-20 15:03:33,323 [pool-49-thread-1] INFO  server.RaftServerConfigKeys (ConfUtils.java:logGet(43)) - raft.server.snapshot.auto.trigger.enabled = true (custom)
2019-08-20 15:03:33,323 [pool-38-thread-1] INFO  server.RaftServerConfigKeys (ConfUtils.java:logGet(43)) - raft.server.log.preallocated.size = 16384 (custom)
2019-08-20 15:03:33,323 [pool-49-thread-1] INFO  server.RaftServerConfigKeys (ConfUtils.java:logGet(43)) - raft.server.snapshot.auto.trigger.threshold = 10000 (custom)
2019-08-20 15:03:33,323 [pool-71-thread-1] INFO  server.RaftServerConfigKeys (ConfUtils.java:logGet(43)) - raft.server.log.preallocated.size = 16384 (custom)
2019-08-20 15:03:33,323 [pool-38-thread-1] INFO  server.RaftServerConfigKeys (ConfUtils.java:logGet(43)) - raft.server.log.write.buffer.size = 33554432 (custom)
2019-08-20 15:03:33,324 [pool-49-thread-1] INFO  server.RaftServerConfigKeys (ConfUtils.java:logGet(43)) - raft.server.retrycache.expirytime = 600000ms (custom)
2019-08-20 15:03:33,324 [pool-71-thread-1] INFO  server.RaftServerConfigKeys (ConfUtils.java:logGet(43)) - raft.server.log.write.buffer.size = 33554432 (custom)
2019-08-20 15:03:33,324 [pool-38-thread-1] INFO  server.RaftServerConfigKeys (ConfUtils.java:logGet(43)) - raft.server.log.force.sync.num = 128 (default)
2019-08-20 15:03:33,324 [pool-71-thread-1] INFO  server.RaftServerConfigKeys (ConfUtils.java:logGet(43)) - raft.server.log.force.sync.num = 128 (default)
2019-08-20 15:03:33,324 [pool-49-thread-1] INFO  impl.RaftServerImpl (RaftServerImpl.java:start(180)) - 2923d27d-94e5-4a4d-9917-f06e3e9de6d6: start group-148C6D2B3700
2019-08-20 15:03:33,324 [pool-71-thread-1] INFO  server.RaftServerConfigKeys (ConfUtils.java:logGet(43)) - raft.server.log.statemachine.data.sync = true (default)
2019-08-20 15:03:33,324 [pool-38-thread-1] INFO  server.RaftServerConfigKeys (ConfUtils.java:logGet(43)) - raft.server.log.statemachine.data.sync = true (default)
2019-08-20 15:03:33,325 [pool-71-thread-1] INFO  server.RaftServerConfigKeys (ConfUtils.java:logGet(43)) - raft.server.log.statemachine.data.sync.timeout = 10s (default)
2019-08-20 15:03:33,324 [pool-49-thread-1] INFO  impl.RaftServerImpl (RaftServerImpl.java:setRole(171)) - 2923d27d-94e5-4a4d-9917-f06e3e9de6d6:group-148C6D2B3700 changes role from null to FOLLOWER at term 0 for startAsFollower
2019-08-20 15:03:33,325 [pool-71-thread-1] INFO  server.RaftServerConfigKeys (ConfUtils.java:logGet(43)) - raft.server.log.statemachine.data.sync.timeout.retry = -1 (default)
2019-08-20 15:03:33,325 [pool-38-thread-1] INFO  server.RaftServerConfigKeys (ConfUtils.java:logGet(43)) - raft.server.log.statemachine.data.sync.timeout = 10s (default)
2019-08-20 15:03:33,325 [pool-71-thread-1] INFO  server.RaftServerConfigKeys (ConfUtils.java:logGet(43)) - raft.server.log.statemachine.data.caching.enabled = true (custom)
2019-08-20 15:03:33,325 [pool-49-thread-1] INFO  impl.RoleInfo (RoleInfo.java:updateAndGet(143)) - 2923d27d-94e5-4a4d-9917-f06e3e9de6d6: start FollowerState
2019-08-20 15:03:33,325 [pool-38-thread-1] INFO  server.RaftServerConfigKeys (ConfUtils.java:logGet(43)) - raft.server.log.statemachine.data.sync.timeout.retry = -1 (default)
2019-08-20 15:03:33,325 [pool-71-thread-1] INFO  segmented.SegmentedRaftLogWorker (SegmentedRaftLogWorker.java:lambda$new$0(132)) - 36e09339-9dd8-4013-a821-6974d22e740b-SegmentedRaftLogWorker:Storage Directory /workdir/hadoop-ozone/integration-test/target/test-dir/MiniOzoneClusterImpl-24f7eca7-c48c-4952-ad8b-43e154ea7cd7/datanode-4/data/ratis/b60bb38e-4923-467e-b7fe-148c6d2b3700: flushIndex: setUnconditionally 0 -> -1
2019-08-20 15:03:33,325 [pool-38-thread-1] INFO  server.RaftServerConfigKeys (ConfUtils.java:logGet(43)) - raft.server.log.statemachine.data.caching.enabled = true (custom)
2019-08-20 15:03:33,326 [pool-71-thread-1] INFO  server.RaftServerConfigKeys (ConfUtils.java:logGet(43)) - raft.server.snapshot.auto.trigger.enabled = true (custom)
2019-08-20 15:03:33,326 [pool-49-thread-1] INFO  util.JmxRegister (JmxRegister.java:tryRegister(44)) - Successfully registered JMX Bean with object name Ratis:service=RaftServer,group=group-148C6D2B3700,id=2923d27d-94e5-4a4d-9917-f06e3e9de6d6
2019-08-20 15:03:33,326 [pool-71-thread-1] INFO  server.RaftServerConfigKeys (ConfUtils.java:logGet(43)) - raft.server.snapshot.auto.trigger.threshold = 10000 (custom)
2019-08-20 15:03:33,326 [pool-38-thread-1] INFO  segmented.SegmentedRaftLogWorker (SegmentedRaftLogWorker.java:lambda$new$0(132)) - c8a52875-dc52-43bc-af24-370bbdbe5589-SegmentedRaftLogWorker:Storage Directory /workdir/hadoop-ozone/integration-test/target/test-dir/MiniOzoneClusterImpl-24f7eca7-c48c-4952-ad8b-43e154ea7cd7/datanode-1/data/ratis/b60bb38e-4923-467e-b7fe-148c6d2b3700: flushIndex: setUnconditionally 0 -> -1
2019-08-20 15:03:33,326 [pool-71-thread-1] INFO  server.RaftServerConfigKeys (ConfUtils.java:logGet(43)) - raft.server.retrycache.expirytime = 600000ms (custom)
2019-08-20 15:03:33,326 [pool-38-thread-1] INFO  server.RaftServerConfigKeys (ConfUtils.java:logGet(43)) - raft.server.snapshot.auto.trigger.enabled = true (custom)
2019-08-20 15:03:33,326 [pool-71-thread-1] INFO  impl.RaftServerImpl (RaftServerImpl.java:start(180)) - 36e09339-9dd8-4013-a821-6974d22e740b: start group-148C6D2B3700
2019-08-20 15:03:33,326 [pool-38-thread-1] INFO  server.RaftServerConfigKeys (ConfUtils.java:logGet(43)) - raft.server.snapshot.auto.trigger.threshold = 10000 (custom)
2019-08-20 15:03:33,327 [pool-71-thread-1] INFO  impl.RaftServerImpl (RaftServerImpl.java:setRole(171)) - 36e09339-9dd8-4013-a821-6974d22e740b:group-148C6D2B3700 changes role from null to FOLLOWER at term 0 for startAsFollower
2019-08-20 15:03:33,327 [pool-38-thread-1] INFO  server.RaftServerConfigKeys (ConfUtils.java:logGet(43)) - raft.server.retrycache.expirytime = 600000ms (custom)
2019-08-20 15:03:33,327 [pool-71-thread-1] INFO  impl.RoleInfo (RoleInfo.java:updateAndGet(143)) - 36e09339-9dd8-4013-a821-6974d22e740b: start FollowerState
2019-08-20 15:03:33,327 [pool-38-thread-1] INFO  impl.RaftServerImpl (RaftServerImpl.java:start(180)) - c8a52875-dc52-43bc-af24-370bbdbe5589: start group-148C6D2B3700
2019-08-20 15:03:33,327 [pool-38-thread-1] INFO  impl.RaftServerImpl (RaftServerImpl.java:setRole(171)) - c8a52875-dc52-43bc-af24-370bbdbe5589:group-148C6D2B3700 changes role from null to FOLLOWER at term 0 for startAsFollower
2019-08-20 15:03:33,327 [pool-38-thread-1] INFO  impl.RoleInfo (RoleInfo.java:updateAndGet(143)) - c8a52875-dc52-43bc-af24-370bbdbe5589: start FollowerState
2019-08-20 15:03:33,327 [pool-71-thread-1] INFO  util.JmxRegister (JmxRegister.java:tryRegister(44)) - Successfully registered JMX Bean with object name Ratis:service=RaftServer,group=group-148C6D2B3700,id=36e09339-9dd8-4013-a821-6974d22e740b
2019-08-20 15:03:33,327 [pool-38-thread-1] INFO  util.JmxRegister (JmxRegister.java:tryRegister(44)) - Successfully registered JMX Bean with object name Ratis:service=RaftServer,group=group-148C6D2B3700,id=c8a52875-dc52-43bc-af24-370bbdbe5589
2019-08-20 15:03:33,351 [RatisPipelineUtilsThread] INFO  pipeline.PipelineStateManager (PipelineStateManager.java:addPipeline(56)) - Created pipeline Pipeline[ Id: b60bb38e-4923-467e-b7fe-148c6d2b3700, Nodes: 36e09339-9dd8-4013-a821-6974d22e740b{ip: 192.168.5.139, host: pr-hdds-1200-9hlr9-3148487106, networkLocation: /default-rack, certSerialId: null}2923d27d-94e5-4a4d-9917-f06e3e9de6d6{ip: 192.168.5.139, host: pr-hdds-1200-9hlr9-3148487106, networkLocation: /default-rack, certSerialId: null}c8a52875-dc52-43bc-af24-370bbdbe5589{ip: 192.168.5.139, host: pr-hdds-1200-9hlr9-3148487106, networkLocation: /default-rack, certSerialId: null}, Type:RATIS, Factor:THREE, State:OPEN]
2019-08-20 15:03:33,376 [grpc-default-executor-0] INFO  impl.RaftServerProxy (RaftServerProxy.java:addNew(89)) - fb8329f7-6337-4286-bcd2-d612923e448c: addNew group-9ABDFB0D4108:[6a1036d9-12c3-40f5-8094-5440fe3d038e:192.168.5.139:45695, fb8329f7-6337-4286-bcd2-d612923e448c:192.168.5.139:38744, 81e6f177-0aa0-4cea-a559-904193532cd7:192.168.5.139:40757] returns group-9ABDFB0D4108:java.util.concurrent.CompletableFuture@3381bb55[Not completed]
2019-08-20 15:03:33,376 [grpc-default-executor-2] INFO  impl.RaftServerProxy (RaftServerProxy.java:addNew(89)) - 81e6f177-0aa0-4cea-a559-904193532cd7: addNew group-9ABDFB0D4108:[6a1036d9-12c3-40f5-8094-5440fe3d038e:192.168.5.139:45695, fb8329f7-6337-4286-bcd2-d612923e448c:192.168.5.139:38744, 81e6f177-0aa0-4cea-a559-904193532cd7:192.168.5.139:40757] returns group-9ABDFB0D4108:java.util.concurrent.CompletableFuture@216bb6c2[Not completed]
2019-08-20 15:03:33,378 [grpc-default-executor-0] INFO  impl.RaftServerProxy (RaftServerProxy.java:addNew(89)) - 6a1036d9-12c3-40f5-8094-5440fe3d038e: addNew group-9ABDFB0D4108:[6a1036d9-12c3-40f5-8094-5440fe3d038e:192.168.5.139:45695, fb8329f7-6337-4286-bcd2-d612923e448c:192.168.5.139:38744, 81e6f177-0aa0-4cea-a559-904193532cd7:192.168.5.139:40757] returns group-9ABDFB0D4108:java.util.concurrent.CompletableFuture@62932410[Not completed]
2019-08-20 15:03:33,378 [pool-82-thread-1] INFO  impl.RaftServerImpl (RaftServerImpl.java:<init>(93)) - 81e6f177-0aa0-4cea-a559-904193532cd7: new RaftServerImpl for group-9ABDFB0D4108:[6a1036d9-12c3-40f5-8094-5440fe3d038e:192.168.5.139:45695, fb8329f7-6337-4286-bcd2-d612923e448c:192.168.5.139:38744, 81e6f177-0aa0-4cea-a559-904193532cd7:192.168.5.139:40757] with ContainerStateMachine:uninitialized
2019-08-20 15:03:33,378 [pool-82-thread-1] INFO  server.RaftServerConfigKeys (ConfUtils.java:logGet(43)) - raft.server.rpc.timeout.min = 5s (custom)
2019-08-20 15:03:33,379 [pool-82-thread-1] INFO  server.RaftServerConfigKeys (ConfUtils.java:logGet(43)) - raft.server.rpc.timeout.max = 5200ms (custom)
2019-08-20 15:03:33,379 [pool-82-thread-1] INFO  server.RaftServerConfigKeys (ConfUtils.java:logGet(43)) - raft.server.rpcslowness.timeout = 120s (custom)
2019-08-20 15:03:33,379 [pool-82-thread-1] INFO  server.RaftServerConfigKeys (ConfUtils.java:logGet(43)) - raft.server.sleep.deviation.threshold = 300 (default)
2019-08-20 15:03:33,379 [pool-82-thread-1] INFO  server.RaftServerConfigKeys (ConfUtils.java:logGet(43)) - raft.server.log.appender.install.snapshot.enabled = false (custom)
2019-08-20 15:03:33,379 [pool-82-thread-1] INFO  impl.RaftServerImpl (ServerState.java:<init>(105)) - 81e6f177-0aa0-4cea-a559-904193532cd7:group-9ABDFB0D4108 ConfigurationManager, init=-1: [6a1036d9-12c3-40f5-8094-5440fe3d038e:192.168.5.139:45695, fb8329f7-6337-4286-bcd2-d612923e448c:192.168.5.139:38744, 81e6f177-0aa0-4cea-a559-904193532cd7:192.168.5.139:40757], old=null, confs=<EMPTY_MAP>
2019-08-20 15:03:33,379 [pool-60-thread-1] INFO  impl.RaftServerImpl (RaftServerImpl.java:<init>(93)) - 6a1036d9-12c3-40f5-8094-5440fe3d038e: new RaftServerImpl for group-9ABDFB0D4108:[6a1036d9-12c3-40f5-8094-5440fe3d038e:192.168.5.139:45695, fb8329f7-6337-4286-bcd2-d612923e448c:192.168.5.139:38744, 81e6f177-0aa0-4cea-a559-904193532cd7:192.168.5.139:40757] with ContainerStateMachine:uninitialized
2019-08-20 15:03:33,379 [pool-82-thread-1] INFO  server.RaftServerConfigKeys (ConfUtils.java:logGet(43)) - raft.server.storage.dir = [/workdir/hadoop-ozone/integration-test/target/test-dir/MiniOzoneClusterImpl-24f7eca7-c48c-4952-ad8b-43e154ea7cd7/datanode-5/data/ratis] (custom)
2019-08-20 15:03:33,379 [pool-60-thread-1] INFO  server.RaftServerConfigKeys (ConfUtils.java:logGet(43)) - raft.server.rpc.timeout.min = 5s (custom)
2019-08-20 15:03:33,380 [pool-60-thread-1] INFO  server.RaftServerConfigKeys (ConfUtils.java:logGet(43)) - raft.server.rpc.timeout.max = 5200ms (custom)
2019-08-20 15:03:33,380 [pool-82-thread-1] INFO  storage.RaftStorageDirectory (RaftStorageDirectory.java:analyzeStorage(246)) - The storage directory /workdir/hadoop-ozone/integration-test/target/test-dir/MiniOzoneClusterImpl-24f7eca7-c48c-4952-ad8b-43e154ea7cd7/datanode-5/data/ratis/6ea0278c-aa29-493a-b2aa-9abdfb0d4108 does not exist. Creating ...
2019-08-20 15:03:33,380 [pool-60-thread-1] INFO  server.RaftServerConfigKeys (ConfUtils.java:logGet(43)) - raft.server.rpcslowness.timeout = 120s (custom)
2019-08-20 15:03:33,380 [pool-60-thread-1] INFO  server.RaftServerConfigKeys (ConfUtils.java:logGet(43)) - raft.server.sleep.deviation.threshold = 300 (default)
2019-08-20 15:03:33,380 [pool-60-thread-1] INFO  server.RaftServerConfigKeys (ConfUtils.java:logGet(43)) - raft.server.log.appender.install.snapshot.enabled = false (custom)
2019-08-20 15:03:33,380 [pool-60-thread-1] INFO  impl.RaftServerImpl (ServerState.java:<init>(105)) - 6a1036d9-12c3-40f5-8094-5440fe3d038e:group-9ABDFB0D4108 ConfigurationManager, init=-1: [6a1036d9-12c3-40f5-8094-5440fe3d038e:192.168.5.139:45695, fb8329f7-6337-4286-bcd2-d612923e448c:192.168.5.139:38744, 81e6f177-0aa0-4cea-a559-904193532cd7:192.168.5.139:40757], old=null, confs=<EMPTY_MAP>
2019-08-20 15:03:33,380 [pool-60-thread-1] INFO  server.RaftServerConfigKeys (ConfUtils.java:logGet(43)) - raft.server.storage.dir = [/workdir/hadoop-ozone/integration-test/target/test-dir/MiniOzoneClusterImpl-24f7eca7-c48c-4952-ad8b-43e154ea7cd7/datanode-3/data/ratis] (custom)
2019-08-20 15:03:33,381 [pool-93-thread-1] INFO  impl.RaftServerImpl (RaftServerImpl.java:<init>(93)) - fb8329f7-6337-4286-bcd2-d612923e448c: new RaftServerImpl for group-9ABDFB0D4108:[6a1036d9-12c3-40f5-8094-5440fe3d038e:192.168.5.139:45695, fb8329f7-6337-4286-bcd2-d612923e448c:192.168.5.139:38744, 81e6f177-0aa0-4cea-a559-904193532cd7:192.168.5.139:40757] with ContainerStateMachine:uninitialized
2019-08-20 15:03:33,381 [pool-60-thread-1] INFO  storage.RaftStorageDirectory (RaftStorageDirectory.java:analyzeStorage(246)) - The storage directory /workdir/hadoop-ozone/integration-test/target/test-dir/MiniOzoneClusterImpl-24f7eca7-c48c-4952-ad8b-43e154ea7cd7/datanode-3/data/ratis/6ea0278c-aa29-493a-b2aa-9abdfb0d4108 does not exist. Creating ...
2019-08-20 15:03:33,381 [pool-93-thread-1] INFO  server.RaftServerConfigKeys (ConfUtils.java:logGet(43)) - raft.server.rpc.timeout.min = 5s (custom)
2019-08-20 15:03:33,381 [pool-93-thread-1] INFO  server.RaftServerConfigKeys (ConfUtils.java:logGet(43)) - raft.server.rpc.timeout.max = 5200ms (custom)
2019-08-20 15:03:33,381 [pool-93-thread-1] INFO  server.RaftServerConfigKeys (ConfUtils.java:logGet(43)) - raft.server.rpcslowness.timeout = 120s (custom)
2019-08-20 15:03:33,382 [pool-93-thread-1] INFO  server.RaftServerConfigKeys (ConfUtils.java:logGet(43)) - raft.server.sleep.deviation.threshold = 300 (default)
2019-08-20 15:03:33,382 [pool-93-thread-1] INFO  server.RaftServerConfigKeys (ConfUtils.java:logGet(43)) - raft.server.log.appender.install.snapshot.enabled = false (custom)
2019-08-20 15:03:33,382 [pool-93-thread-1] INFO  impl.RaftServerImpl (ServerState.java:<init>(105)) - fb8329f7-6337-4286-bcd2-d612923e448c:group-9ABDFB0D4108 ConfigurationManager, init=-1: [6a1036d9-12c3-40f5-8094-5440fe3d038e:192.168.5.139:45695, fb8329f7-6337-4286-bcd2-d612923e448c:192.168.5.139:38744, 81e6f177-0aa0-4cea-a559-904193532cd7:192.168.5.139:40757], old=null, confs=<EMPTY_MAP>
2019-08-20 15:03:33,382 [pool-93-thread-1] INFO  server.RaftServerConfigKeys (ConfUtils.java:logGet(43)) - raft.server.storage.dir = [/workdir/hadoop-ozone/integration-test/target/test-dir/MiniOzoneClusterImpl-24f7eca7-c48c-4952-ad8b-43e154ea7cd7/datanode-6/data/ratis] (custom)
2019-08-20 15:03:33,383 [pool-93-thread-1] INFO  storage.RaftStorageDirectory (RaftStorageDirectory.java:analyzeStorage(246)) - The storage directory /workdir/hadoop-ozone/integration-test/target/test-dir/MiniOzoneClusterImpl-24f7eca7-c48c-4952-ad8b-43e154ea7cd7/datanode-6/data/ratis/6ea0278c-aa29-493a-b2aa-9abdfb0d4108 does not exist. Creating ...
2019-08-20 15:03:33,394 [pool-93-thread-1] INFO  storage.RaftStorageDirectory (RaftStorageDirectory.java:tryLock(328)) - Lock on /workdir/hadoop-ozone/integration-test/target/test-dir/MiniOzoneClusterImpl-24f7eca7-c48c-4952-ad8b-43e154ea7cd7/datanode-6/data/ratis/6ea0278c-aa29-493a-b2aa-9abdfb0d4108/in_use.lock acquired by nodename 29370@pr-hdds-1200-9hlr9-3148487106
2019-08-20 15:03:33,394 [pool-60-thread-1] INFO  storage.RaftStorageDirectory (RaftStorageDirectory.java:tryLock(328)) - Lock on /workdir/hadoop-ozone/integration-test/target/test-dir/MiniOzoneClusterImpl-24f7eca7-c48c-4952-ad8b-43e154ea7cd7/datanode-3/data/ratis/6ea0278c-aa29-493a-b2aa-9abdfb0d4108/in_use.lock acquired by nodename 29370@pr-hdds-1200-9hlr9-3148487106
2019-08-20 15:03:33,394 [pool-82-thread-1] INFO  storage.RaftStorageDirectory (RaftStorageDirectory.java:tryLock(328)) - Lock on /workdir/hadoop-ozone/integration-test/target/test-dir/MiniOzoneClusterImpl-24f7eca7-c48c-4952-ad8b-43e154ea7cd7/datanode-5/data/ratis/6ea0278c-aa29-493a-b2aa-9abdfb0d4108/in_use.lock acquired by nodename 29370@pr-hdds-1200-9hlr9-3148487106
2019-08-20 15:03:33,407 [pool-82-thread-1] INFO  storage.RaftStorage (RaftStorage.java:format(72)) - Storage directory /workdir/hadoop-ozone/integration-test/target/test-dir/MiniOzoneClusterImpl-24f7eca7-c48c-4952-ad8b-43e154ea7cd7/datanode-5/data/ratis/6ea0278c-aa29-493a-b2aa-9abdfb0d4108 has been successfully formatted.
2019-08-20 15:03:33,407 [pool-60-thread-1] INFO  storage.RaftStorage (RaftStorage.java:format(72)) - Storage directory /workdir/hadoop-ozone/integration-test/target/test-dir/MiniOzoneClusterImpl-24f7eca7-c48c-4952-ad8b-43e154ea7cd7/datanode-3/data/ratis/6ea0278c-aa29-493a-b2aa-9abdfb0d4108 has been successfully formatted.
2019-08-20 15:03:33,407 [pool-93-thread-1] INFO  storage.RaftStorage (RaftStorage.java:format(72)) - Storage directory /workdir/hadoop-ozone/integration-test/target/test-dir/MiniOzoneClusterImpl-24f7eca7-c48c-4952-ad8b-43e154ea7cd7/datanode-6/data/ratis/6ea0278c-aa29-493a-b2aa-9abdfb0d4108 has been successfully formatted.
2019-08-20 15:03:33,408 [pool-82-thread-1] INFO  ratis.ContainerStateMachine (ContainerStateMachine.java:loadSnapshot(222)) - group-9ABDFB0D4108: The snapshot info is null. Setting the last applied indexto:(t:0, i:~)
2019-08-20 15:03:33,408 [pool-60-thread-1] INFO  ratis.ContainerStateMachine (ContainerStateMachine.java:loadSnapshot(222)) - group-9ABDFB0D4108: The snapshot info is null. Setting the last applied indexto:(t:0, i:~)
2019-08-20 15:03:33,408 [pool-93-thread-1] INFO  ratis.ContainerStateMachine (ContainerStateMachine.java:loadSnapshot(222)) - group-9ABDFB0D4108: The snapshot info is null. Setting the last applied indexto:(t:0, i:~)
2019-08-20 15:03:33,408 [pool-82-thread-1] INFO  server.RaftServerConfigKeys (ConfUtils.java:logGet(43)) - raft.server.leader.election.timeout = 120s (custom)
2019-08-20 15:03:33,408 [pool-93-thread-1] INFO  server.RaftServerConfigKeys (ConfUtils.java:logGet(43)) - raft.server.leader.election.timeout = 120s (custom)
2019-08-20 15:03:33,408 [pool-60-thread-1] INFO  server.RaftServerConfigKeys (ConfUtils.java:logGet(43)) - raft.server.leader.election.timeout = 120s (custom)
2019-08-20 15:03:33,409 [pool-93-thread-1] INFO  server.RaftServerConfigKeys (ConfUtils.java:logGet(43)) - raft.server.log.use.memory = false (default)
2019-08-20 15:03:33,408 [pool-82-thread-1] INFO  server.RaftServerConfigKeys (ConfUtils.java:logGet(43)) - raft.server.log.use.memory = false (default)
2019-08-20 15:03:33,409 [pool-93-thread-1] INFO  server.RaftServerConfigKeys (ConfUtils.java:logGet(43)) - raft.server.log.purge.gap = 1000000 (custom)
2019-08-20 15:03:33,409 [pool-60-thread-1] INFO  server.RaftServerConfigKeys (ConfUtils.java:logGet(43)) - raft.server.log.use.memory = false (default)
2019-08-20 15:03:33,409 [pool-93-thread-1] INFO  server.RaftServerConfigKeys (ConfUtils.java:logGet(43)) - raft.server.log.appender.buffer.byte-limit = 33554432 (custom)
2019-08-20 15:03:33,409 [pool-82-thread-1] INFO  server.RaftServerConfigKeys (ConfUtils.java:logGet(43)) - raft.server.log.purge.gap = 1000000 (custom)
2019-08-20 15:03:33,409 [pool-93-thread-1] INFO  server.RaftServerConfigKeys (ConfUtils.java:logGet(43)) - raft.server.log.segment.size.max = 1048576 (custom)
2019-08-20 15:03:33,409 [pool-60-thread-1] INFO  server.RaftServerConfigKeys (ConfUtils.java:logGet(43)) - raft.server.log.purge.gap = 1000000 (custom)
2019-08-20 15:03:33,410 [pool-93-thread-1] INFO  server.RaftServerConfigKeys (ConfUtils.java:logGet(43)) - raft.server.log.segment.cache.num.max = 2 (custom)
2019-08-20 15:03:33,410 [pool-82-thread-1] INFO  server.RaftServerConfigKeys (ConfUtils.java:logGet(43)) - raft.server.log.appender.buffer.byte-limit = 33554432 (custom)
2019-08-20 15:03:33,410 [pool-93-thread-1] INFO  segmented.SegmentedRaftLogWorker (SegmentedRaftLogWorker.java:<init>(172)) - new fb8329f7-6337-4286-bcd2-d612923e448c-SegmentedRaftLogWorker:Storage Directory /workdir/hadoop-ozone/integration-test/target/test-dir/MiniOzoneClusterImpl-24f7eca7-c48c-4952-ad8b-43e154ea7cd7/datanode-6/data/ratis/6ea0278c-aa29-493a-b2aa-9abdfb0d4108 for RaftStorage:Storage Directory /workdir/hadoop-ozone/integration-test/target/test-dir/MiniOzoneClusterImpl-24f7eca7-c48c-4952-ad8b-43e154ea7cd7/datanode-6/data/ratis/6ea0278c-aa29-493a-b2aa-9abdfb0d4108
2019-08-20 15:03:33,410 [pool-60-thread-1] INFO  server.RaftServerConfigKeys (ConfUtils.java:logGet(43)) - raft.server.log.appender.buffer.byte-limit = 33554432 (custom)
2019-08-20 15:03:33,410 [pool-82-thread-1] INFO  server.RaftServerConfigKeys (ConfUtils.java:logGet(43)) - raft.server.log.segment.size.max = 1048576 (custom)
2019-08-20 15:03:33,412 [pool-60-thread-1] INFO  server.RaftServerConfigKeys (ConfUtils.java:logGet(43)) - raft.server.log.segment.size.max = 1048576 (custom)
2019-08-20 15:03:33,410 [pool-93-thread-1] INFO  server.RaftServerConfigKeys (ConfUtils.java:logGet(43)) - raft.server.log.queue.byte-limit = 2147483647 (custom)
2019-08-20 15:03:33,413 [pool-60-thread-1] INFO  server.RaftServerConfigKeys (ConfUtils.java:logGet(43)) - raft.server.log.segment.cache.num.max = 2 (custom)
2019-08-20 15:03:33,413 [pool-82-thread-1] INFO  server.RaftServerConfigKeys (ConfUtils.java:logGet(43)) - raft.server.log.segment.cache.num.max = 2 (custom)
2019-08-20 15:03:33,413 [pool-60-thread-1] INFO  segmented.SegmentedRaftLogWorker (SegmentedRaftLogWorker.java:<init>(172)) - new 6a1036d9-12c3-40f5-8094-5440fe3d038e-SegmentedRaftLogWorker:Storage Directory /workdir/hadoop-ozone/integration-test/target/test-dir/MiniOzoneClusterImpl-24f7eca7-c48c-4952-ad8b-43e154ea7cd7/datanode-3/data/ratis/6ea0278c-aa29-493a-b2aa-9abdfb0d4108 for RaftStorage:Storage Directory /workdir/hadoop-ozone/integration-test/target/test-dir/MiniOzoneClusterImpl-24f7eca7-c48c-4952-ad8b-43e154ea7cd7/datanode-3/data/ratis/6ea0278c-aa29-493a-b2aa-9abdfb0d4108
2019-08-20 15:03:33,413 [pool-93-thread-1] INFO  server.RaftServerConfigKeys (ConfUtils.java:logGet(43)) - raft.server.log.queue.element-limit = 1024 (custom)
2019-08-20 15:03:33,413 [pool-60-thread-1] INFO  server.RaftServerConfigKeys (ConfUtils.java:logGet(43)) - raft.server.log.queue.byte-limit = 2147483647 (custom)
2019-08-20 15:03:33,413 [pool-82-thread-1] INFO  segmented.SegmentedRaftLogWorker (SegmentedRaftLogWorker.java:<init>(172)) - new 81e6f177-0aa0-4cea-a559-904193532cd7-SegmentedRaftLogWorker:Storage Directory /workdir/hadoop-ozone/integration-test/target/test-dir/MiniOzoneClusterImpl-24f7eca7-c48c-4952-ad8b-43e154ea7cd7/datanode-5/data/ratis/6ea0278c-aa29-493a-b2aa-9abdfb0d4108 for RaftStorage:Storage Directory /workdir/hadoop-ozone/integration-test/target/test-dir/MiniOzoneClusterImpl-24f7eca7-c48c-4952-ad8b-43e154ea7cd7/datanode-5/data/ratis/6ea0278c-aa29-493a-b2aa-9abdfb0d4108
2019-08-20 15:03:33,415 [pool-60-thread-1] INFO  server.RaftServerConfigKeys (ConfUtils.java:logGet(43)) - raft.server.log.queue.element-limit = 1024 (custom)
2019-08-20 15:03:33,415 [pool-93-thread-1] INFO  server.RaftServerConfigKeys (ConfUtils.java:logGet(43)) - raft.server.log.segment.size.max = 1048576 (custom)
2019-08-20 15:03:33,415 [pool-82-thread-1] INFO  server.RaftServerConfigKeys (ConfUtils.java:logGet(43)) - raft.server.log.queue.byte-limit = 2147483647 (custom)
2019-08-20 15:03:33,417 [pool-60-thread-1] INFO  server.RaftServerConfigKeys (ConfUtils.java:logGet(43)) - raft.server.log.segment.size.max = 1048576 (custom)
2019-08-20 15:03:33,417 [pool-60-thread-1] INFO  server.RaftServerConfigKeys (ConfUtils.java:logGet(43)) - raft.server.log.preallocated.size = 16384 (custom)
2019-08-20 15:03:33,417 [pool-93-thread-1] INFO  server.RaftServerConfigKeys (ConfUtils.java:logGet(43)) - raft.server.log.preallocated.size = 16384 (custom)
2019-08-20 15:03:33,417 [pool-60-thread-1] INFO  server.RaftServerConfigKeys (ConfUtils.java:logGet(43)) - raft.server.log.write.buffer.size = 33554432 (custom)
2019-08-20 15:03:33,417 [pool-82-thread-1] INFO  server.RaftServerConfigKeys (ConfUtils.java:logGet(43)) - raft.server.log.queue.element-limit = 1024 (custom)
2019-08-20 15:03:33,417 [pool-60-thread-1] INFO  server.RaftServerConfigKeys (ConfUtils.java:logGet(43)) - raft.server.log.force.sync.num = 128 (default)
2019-08-20 15:03:33,417 [pool-93-thread-1] INFO  server.RaftServerConfigKeys (ConfUtils.java:logGet(43)) - raft.server.log.write.buffer.size = 33554432 (custom)
2019-08-20 15:03:33,418 [pool-60-thread-1] INFO  server.RaftServerConfigKeys (ConfUtils.java:logGet(43)) - raft.server.log.statemachine.data.sync = true (default)
2019-08-20 15:03:33,418 [pool-82-thread-1] INFO  server.RaftServerConfigKeys (ConfUtils.java:logGet(43)) - raft.server.log.segment.size.max = 1048576 (custom)
2019-08-20 15:03:33,418 [pool-60-thread-1] INFO  server.RaftServerConfigKeys (ConfUtils.java:logGet(43)) - raft.server.log.statemachine.data.sync.timeout = 10s (default)
2019-08-20 15:03:33,418 [pool-82-thread-1] INFO  server.RaftServerConfigKeys (ConfUtils.java:logGet(43)) - raft.server.log.preallocated.size = 16384 (custom)
2019-08-20 15:03:33,418 [pool-93-thread-1] INFO  server.RaftServerConfigKeys (ConfUtils.java:logGet(43)) - raft.server.log.force.sync.num = 128 (default)
2019-08-20 15:03:33,418 [pool-82-thread-1] INFO  server.RaftServerConfigKeys (ConfUtils.java:logGet(43)) - raft.server.log.write.buffer.size = 33554432 (custom)
2019-08-20 15:03:33,418 [pool-60-thread-1] INFO  server.RaftServerConfigKeys (ConfUtils.java:logGet(43)) - raft.server.log.statemachine.data.sync.timeout.retry = -1 (default)
2019-08-20 15:03:33,419 [pool-82-thread-1] INFO  server.RaftServerConfigKeys (ConfUtils.java:logGet(43)) - raft.server.log.force.sync.num = 128 (default)
2019-08-20 15:03:33,419 [pool-93-thread-1] INFO  server.RaftServerConfigKeys (ConfUtils.java:logGet(43)) - raft.server.log.statemachine.data.sync = true (default)
2019-08-20 15:03:33,419 [pool-82-thread-1] INFO  server.RaftServerConfigKeys (ConfUtils.java:logGet(43)) - raft.server.log.statemachine.data.sync = true (default)
2019-08-20 15:03:33,419 [pool-60-thread-1] INFO  server.RaftServerConfigKeys (ConfUtils.java:logGet(43)) - raft.server.log.statemachine.data.caching.enabled = true (custom)
2019-08-20 15:03:33,419 [pool-82-thread-1] INFO  server.RaftServerConfigKeys (ConfUtils.java:logGet(43)) - raft.server.log.statemachine.data.sync.timeout = 10s (default)
2019-08-20 15:03:33,419 [pool-93-thread-1] INFO  server.RaftServerConfigKeys (ConfUtils.java:logGet(43)) - raft.server.log.statemachine.data.sync.timeout = 10s (default)
2019-08-20 15:03:33,420 [pool-60-thread-1] INFO  segmented.SegmentedRaftLogWorker (SegmentedRaftLogWorker.java:lambda$new$0(132)) - 6a1036d9-12c3-40f5-8094-5440fe3d038e-SegmentedRaftLogWorker:Storage Directory /workdir/hadoop-ozone/integration-test/target/test-dir/MiniOzoneClusterImpl-24f7eca7-c48c-4952-ad8b-43e154ea7cd7/datanode-3/data/ratis/6ea0278c-aa29-493a-b2aa-9abdfb0d4108: flushIndex: setUnconditionally 0 -> -1
2019-08-20 15:03:33,419 [pool-82-thread-1] INFO  server.RaftServerConfigKeys (ConfUtils.java:logGet(43)) - raft.server.log.statemachine.data.sync.timeout.retry = -1 (default)
2019-08-20 15:03:33,420 [pool-60-thread-1] INFO  server.RaftServerConfigKeys (ConfUtils.java:logGet(43)) - raft.server.snapshot.auto.trigger.enabled = true (custom)
2019-08-20 15:03:33,420 [pool-93-thread-1] INFO  server.RaftServerConfigKeys (ConfUtils.java:logGet(43)) - raft.server.log.statemachine.data.sync.timeout.retry = -1 (default)
2019-08-20 15:03:33,420 [pool-60-thread-1] INFO  server.RaftServerConfigKeys (ConfUtils.java:logGet(43)) - raft.server.snapshot.auto.trigger.threshold = 10000 (custom)
2019-08-20 15:03:33,420 [pool-82-thread-1] INFO  server.RaftServerConfigKeys (ConfUtils.java:logGet(43)) - raft.server.log.statemachine.data.caching.enabled = true (custom)
2019-08-20 15:03:33,420 [pool-60-thread-1] INFO  server.RaftServerConfigKeys (ConfUtils.java:logGet(43)) - raft.server.retrycache.expirytime = 600000ms (custom)
2019-08-20 15:03:33,420 [pool-93-thread-1] INFO  server.RaftServerConfigKeys (ConfUtils.java:logGet(43)) - raft.server.log.statemachine.data.caching.enabled = true (custom)
2019-08-20 15:03:33,421 [pool-82-thread-1] INFO  segmented.SegmentedRaftLogWorker (SegmentedRaftLogWorker.java:lambda$new$0(132)) - 81e6f177-0aa0-4cea-a559-904193532cd7-SegmentedRaftLogWorker:Storage Directory /workdir/hadoop-ozone/integration-test/target/test-dir/MiniOzoneClusterImpl-24f7eca7-c48c-4952-ad8b-43e154ea7cd7/datanode-5/data/ratis/6ea0278c-aa29-493a-b2aa-9abdfb0d4108: flushIndex: setUnconditionally 0 -> -1
2019-08-20 15:03:33,421 [pool-60-thread-1] INFO  impl.RaftServerImpl (RaftServerImpl.java:start(180)) - 6a1036d9-12c3-40f5-8094-5440fe3d038e: start group-9ABDFB0D4108
2019-08-20 15:03:33,421 [pool-93-thread-1] INFO  segmented.SegmentedRaftLogWorker (SegmentedRaftLogWorker.java:lambda$new$0(132)) - fb8329f7-6337-4286-bcd2-d612923e448c-SegmentedRaftLogWorker:Storage Directory /workdir/hadoop-ozone/integration-test/target/test-dir/MiniOzoneClusterImpl-24f7eca7-c48c-4952-ad8b-43e154ea7cd7/datanode-6/data/ratis/6ea0278c-aa29-493a-b2aa-9abdfb0d4108: flushIndex: setUnconditionally 0 -> -1
2019-08-20 15:03:33,421 [pool-82-thread-1] INFO  server.RaftServerConfigKeys (ConfUtils.java:logGet(43)) - raft.server.snapshot.auto.trigger.enabled = true (custom)
2019-08-20 15:03:33,421 [pool-60-thread-1] INFO  impl.RaftServerImpl (RaftServerImpl.java:setRole(171)) - 6a1036d9-12c3-40f5-8094-5440fe3d038e:group-9ABDFB0D4108 changes role from null to FOLLOWER at term 0 for startAsFollower
2019-08-20 15:03:33,421 [pool-82-thread-1] INFO  server.RaftServerConfigKeys (ConfUtils.java:logGet(43)) - raft.server.snapshot.auto.trigger.threshold = 10000 (custom)
2019-08-20 15:03:33,421 [pool-93-thread-1] INFO  server.RaftServerConfigKeys (ConfUtils.java:logGet(43)) - raft.server.snapshot.auto.trigger.enabled = true (custom)
2019-08-20 15:03:33,422 [pool-82-thread-1] INFO  server.RaftServerConfigKeys (ConfUtils.java:logGet(43)) - raft.server.retrycache.expirytime = 600000ms (custom)
2019-08-20 15:03:33,422 [pool-60-thread-1] INFO  impl.RoleInfo (RoleInfo.java:updateAndGet(143)) - 6a1036d9-12c3-40f5-8094-5440fe3d038e: start FollowerState
2019-08-20 15:03:33,422 [pool-93-thread-1] INFO  server.RaftServerConfigKeys (ConfUtils.java:logGet(43)) - raft.server.snapshot.auto.trigger.threshold = 10000 (custom)
2019-08-20 15:03:33,422 [pool-82-thread-1] INFO  impl.RaftServerImpl (RaftServerImpl.java:start(180)) - 81e6f177-0aa0-4cea-a559-904193532cd7: start group-9ABDFB0D4108
2019-08-20 15:03:33,422 [pool-93-thread-1] INFO  server.RaftServerConfigKeys (ConfUtils.java:logGet(43)) - raft.server.retrycache.expirytime = 600000ms (custom)
2019-08-20 15:03:33,422 [pool-60-thread-1] INFO  util.JmxRegister (JmxRegister.java:tryRegister(44)) - Successfully registered JMX Bean with object name Ratis:service=RaftServer,group=group-9ABDFB0D4108,id=6a1036d9-12c3-40f5-8094-5440fe3d038e
2019-08-20 15:03:33,423 [pool-93-thread-1] INFO  impl.RaftServerImpl (RaftServerImpl.java:start(180)) - fb8329f7-6337-4286-bcd2-d612923e448c: start group-9ABDFB0D4108
2019-08-20 15:03:33,422 [pool-82-thread-1] INFO  impl.RaftServerImpl (RaftServerImpl.java:setRole(171)) - 81e6f177-0aa0-4cea-a559-904193532cd7:group-9ABDFB0D4108 changes role from null to FOLLOWER at term 0 for startAsFollower
2019-08-20 15:03:33,423 [pool-93-thread-1] INFO  impl.RaftServerImpl (RaftServerImpl.java:setRole(171)) - fb8329f7-6337-4286-bcd2-d612923e448c:group-9ABDFB0D4108 changes role from null to FOLLOWER at term 0 for startAsFollower
2019-08-20 15:03:33,423 [pool-82-thread-1] INFO  impl.RoleInfo (RoleInfo.java:updateAndGet(143)) - 81e6f177-0aa0-4cea-a559-904193532cd7: start FollowerState
2019-08-20 15:03:33,423 [pool-93-thread-1] INFO  impl.RoleInfo (RoleInfo.java:updateAndGet(143)) - fb8329f7-6337-4286-bcd2-d612923e448c: start FollowerState
2019-08-20 15:03:33,423 [pool-82-thread-1] INFO  util.JmxRegister (JmxRegister.java:tryRegister(44)) - Successfully registered JMX Bean with object name Ratis:service=RaftServer,group=group-9ABDFB0D4108,id=81e6f177-0aa0-4cea-a559-904193532cd7
2019-08-20 15:03:33,424 [pool-93-thread-1] INFO  util.JmxRegister (JmxRegister.java:tryRegister(44)) - Successfully registered JMX Bean with object name Ratis:service=RaftServer,group=group-9ABDFB0D4108,id=fb8329f7-6337-4286-bcd2-d612923e448c
2019-08-20 15:03:33,444 [RatisPipelineUtilsThread] INFO  pipeline.PipelineStateManager (PipelineStateManager.java:addPipeline(56)) - Created pipeline Pipeline[ Id: 6ea0278c-aa29-493a-b2aa-9abdfb0d4108, Nodes: 81e6f177-0aa0-4cea-a559-904193532cd7{ip: 192.168.5.139, host: pr-hdds-1200-9hlr9-3148487106, networkLocation: /default-rack, certSerialId: null}fb8329f7-6337-4286-bcd2-d612923e448c{ip: 192.168.5.139, host: pr-hdds-1200-9hlr9-3148487106, networkLocation: /default-rack, certSerialId: null}6a1036d9-12c3-40f5-8094-5440fe3d038e{ip: 192.168.5.139, host: pr-hdds-1200-9hlr9-3148487106, networkLocation: /default-rack, certSerialId: null}, Type:RATIS, Factor:THREE, State:OPEN]
2019-08-20 15:03:33,605 | INFO  | SCMAudit | user=jenkins1000 | ip=192.168.5.139 | op=SEND_HEARTBEAT {datanodeUUID=a2d6af90-c3d5-480c-824b-ae12d5e723ac, command=[]} | ret=SUCCESS |  
2019-08-20 15:03:33,798 | INFO  | SCMAudit | user=jenkins1000 | ip=192.168.5.139 | op=SEND_HEARTBEAT {datanodeUUID=c8a52875-dc52-43bc-af24-370bbdbe5589, command=[]} | ret=SUCCESS |  
2019-08-20 15:03:33,930 [main] INFO  ozone.MiniOzoneClusterImpl (MiniOzoneClusterImpl.java:lambda$waitForClusterToBeReady$0(142)) - Cluster is ready. Got 7 of 7 DN Heartbeats.
2019-08-20 15:03:34,235 [main] INFO  rpc.RpcClient (RpcClient.java:createVolume(292)) - Creating Volume: testblockoutputstream, with jenkins1000 as owner.
2019-08-20 15:03:34,255 | INFO  | OMAudit | user=jenkins1000 | ip=127.0.0.1 | op=CREATE_VOLUME {admin=jenkins1000, owner=jenkins1000, volume=testblockoutputstream, creationTime=1566313414251, quotaInBytes=1152921504606846976} | ret=SUCCESS |  
2019-08-20 15:03:34,279 | INFO  | OMAudit | user=jenkins1000 | ip=127.0.0.1 | op=READ_VOLUME {volume=testblockoutputstream} | ret=SUCCESS |  
2019-08-20 15:03:34,283 [main] INFO  rpc.RpcClient (RpcClient.java:createBucket(431)) - Creating Bucket: testblockoutputstream/testblockoutputstream, with Versioning false and Storage Type set to DISK and Encryption set to false 
2019-08-20 15:03:34,300 | INFO  | OMAudit | user=jenkins1000 | ip=127.0.0.1 | op=CREATE_BUCKET {volume=testblockoutputstream, bucket=testblockoutputstream, acls=[user:jenkins1000:a[ACCESS], group:default:a[ACCESS]], isVersionEnabled=false, storageType=DISK, creationTime=0} | ret=SUCCESS |  
2019-08-20 15:03:34,301 [main] INFO  impl.MetricsSystemImpl (MetricsSystemImpl.java:init(158)) - XceiverClientMetrics metrics system started (again)
2019-08-20 15:03:34,310 | INFO  | OMAudit | user=jenkins1000 | ip=127.0.0.1 | op=READ_VOLUME {volume=testblockoutputstream} | ret=SUCCESS |  
2019-08-20 15:03:34,317 | INFO  | OMAudit | user=jenkins1000 | ip=127.0.0.1 | op=READ_BUCKET {volume=testblockoutputstream, bucket=testblockoutputstream} | ret=SUCCESS |  
2019-08-20 15:03:34,333 | INFO  | SCMAudit | user=jenkins1000 | ip=192.168.5.139 | op=SEND_HEARTBEAT {datanodeUUID=2923d27d-94e5-4a4d-9917-f06e3e9de6d6, command=[]} | ret=SUCCESS |  
2019-08-20 15:03:34,333 | INFO  | SCMAudit | user=jenkins1000 | ip=192.168.5.139 | op=SEND_HEARTBEAT {datanodeUUID=6a1036d9-12c3-40f5-8094-5440fe3d038e, command=[]} | ret=SUCCESS |  
2019-08-20 15:03:34,378 | INFO  | SCMAudit | user=jenkins1000 | ip=192.168.5.139 | op=ALLOCATE_BLOCK {owner=03f2ab68-22bb-4fd4-ba91-4d242dce790c, size=800, type=RATIS, factor=THREE} | ret=SUCCESS |  
2019-08-20 15:03:34,401 | INFO  | OMAudit | user=jenkins1000 | ip=127.0.0.1 | op=ALLOCATE_KEY {volume=testblockoutputstream, bucket=testblockoutputstream, key=b5c2d378-4b27-44f4-a4a2-1421d9998f2f, dataSize=0, replicationType=RATIS, replicationFactor=THREE, keyLocationInfo=null} | ret=SUCCESS |  
2019-08-20 15:03:34,446 | INFO  | SCMAudit | user=jenkins1000 | ip=192.168.5.139 | op=SEND_HEARTBEAT {datanodeUUID=36e09339-9dd8-4013-a821-6974d22e740b, command=[]} | ret=SUCCESS |  
2019-08-20 15:03:34,518 [grpc-default-executor-0] INFO  client.GrpcClientProtocolClient (GrpcClientProtocolClient.java:onNext(255)) - client-B5C9F3766F48->36e09339-9dd8-4013-a821-6974d22e740b: receive RaftClientReply:client-B5C9F3766F48->36e09339-9dd8-4013-a821-6974d22e740b@group-148C6D2B3700, cid=13, FAILED org.apache.ratis.protocol.NotLeaderException: Server 36e09339-9dd8-4013-a821-6974d22e740b is not the leader (null). Request must be sent to leader., logIndex=0, commits[36e09339-9dd8-4013-a821-6974d22e740b:c-1]
2019-08-20 15:03:34,589 | INFO  | SCMAudit | user=jenkins1000 | ip=192.168.5.139 | op=SEND_HEARTBEAT {datanodeUUID=a2d6af90-c3d5-480c-824b-ae12d5e723ac, command=[]} | ret=SUCCESS |  
2019-08-20 15:03:34,627 [Thread-237] INFO  container.ReplicationManager (ReplicationManager.java:start(152)) - Starting Replication Monitor Thread.
2019-08-20 15:03:34,631 [ReplicationMonitor] INFO  container.ReplicationManager (ReplicationManager.java:run(215)) - Replication Monitor Thread took 3 milliseconds for processing 1 containers.
2019-08-20 15:03:34,747 | INFO  | SCMAudit | user=jenkins1000 | ip=192.168.5.139 | op=SEND_HEARTBEAT {datanodeUUID=81e6f177-0aa0-4cea-a559-904193532cd7, command=[]} | ret=SUCCESS |  
2019-08-20 15:03:34,797 | INFO  | SCMAudit | user=jenkins1000 | ip=192.168.5.139 | op=SEND_HEARTBEAT {datanodeUUID=c8a52875-dc52-43bc-af24-370bbdbe5589, command=[]} | ret=SUCCESS |  
2019-08-20 15:03:34,931 | INFO  | SCMAudit | user=jenkins1000 | ip=192.168.5.139 | op=SEND_HEARTBEAT {datanodeUUID=fb8329f7-6337-4286-bcd2-d612923e448c, command=[]} | ret=SUCCESS |  
2019-08-20 15:03:35,331 | INFO  | SCMAudit | user=jenkins1000 | ip=192.168.5.139 | op=SEND_HEARTBEAT {datanodeUUID=6a1036d9-12c3-40f5-8094-5440fe3d038e, command=[]} | ret=SUCCESS |  
2019-08-20 15:03:35,331 | INFO  | SCMAudit | user=jenkins1000 | ip=192.168.5.139 | op=SEND_HEARTBEAT {datanodeUUID=2923d27d-94e5-4a4d-9917-f06e3e9de6d6, command=[]} | ret=SUCCESS |  
2019-08-20 15:03:35,447 | INFO  | SCMAudit | user=jenkins1000 | ip=192.168.5.139 | op=SEND_HEARTBEAT {datanodeUUID=36e09339-9dd8-4013-a821-6974d22e740b, command=[]} | ret=SUCCESS |  
2019-08-20 15:03:35,555 [grpc-default-executor-2] INFO  client.GrpcClientProtocolClient (GrpcClientProtocolClient.java:onNext(255)) - client-B5C9F3766F48->2923d27d-94e5-4a4d-9917-f06e3e9de6d6: receive RaftClientReply:client-B5C9F3766F48->2923d27d-94e5-4a4d-9917-f06e3e9de6d6@group-148C6D2B3700, cid=13, FAILED org.apache.ratis.protocol.NotLeaderException: Server 2923d27d-94e5-4a4d-9917-f06e3e9de6d6 is not the leader (null). Request must be sent to leader., logIndex=0, commits[2923d27d-94e5-4a4d-9917-f06e3e9de6d6:c-1]
2019-08-20 15:03:35,589 | INFO  | SCMAudit | user=jenkins1000 | ip=192.168.5.139 | op=SEND_HEARTBEAT {datanodeUUID=a2d6af90-c3d5-480c-824b-ae12d5e723ac, command=[]} | ret=SUCCESS |  
2019-08-20 15:03:35,748 | INFO  | SCMAudit | user=jenkins1000 | ip=192.168.5.139 | op=SEND_HEARTBEAT {datanodeUUID=81e6f177-0aa0-4cea-a559-904193532cd7, command=[]} | ret=SUCCESS |  
2019-08-20 15:03:35,798 | INFO  | SCMAudit | user=jenkins1000 | ip=192.168.5.139 | op=SEND_HEARTBEAT {datanodeUUID=c8a52875-dc52-43bc-af24-370bbdbe5589, command=[]} | ret=SUCCESS |  
2019-08-20 15:03:35,930 | INFO  | SCMAudit | user=jenkins1000 | ip=192.168.5.139 | op=SEND_HEARTBEAT {datanodeUUID=fb8329f7-6337-4286-bcd2-d612923e448c, command=[]} | ret=SUCCESS |  
2019-08-20 15:03:36,346 | INFO  | SCMAudit | user=jenkins1000 | ip=192.168.5.139 | op=SEND_HEARTBEAT {datanodeUUID=6a1036d9-12c3-40f5-8094-5440fe3d038e, command=[]} | ret=SUCCESS |  
2019-08-20 15:03:36,346 | INFO  | SCMAudit | user=jenkins1000 | ip=192.168.5.139 | op=SEND_HEARTBEAT {datanodeUUID=2923d27d-94e5-4a4d-9917-f06e3e9de6d6, command=[]} | ret=SUCCESS |  
2019-08-20 15:03:36,446 | INFO  | SCMAudit | user=jenkins1000 | ip=192.168.5.139 | op=SEND_HEARTBEAT {datanodeUUID=36e09339-9dd8-4013-a821-6974d22e740b, command=[]} | ret=SUCCESS |  
2019-08-20 15:03:36,573 [grpc-default-executor-0] INFO  client.GrpcClientProtocolClient (GrpcClientProtocolClient.java:onNext(255)) - client-B5C9F3766F48->36e09339-9dd8-4013-a821-6974d22e740b: receive RaftClientReply:client-B5C9F3766F48->36e09339-9dd8-4013-a821-6974d22e740b@group-148C6D2B3700, cid=13, FAILED org.apache.ratis.protocol.NotLeaderException: Server 36e09339-9dd8-4013-a821-6974d22e740b is not the leader (null). Request must be sent to leader., logIndex=0, commits[36e09339-9dd8-4013-a821-6974d22e740b:c-1]
2019-08-20 15:03:36,588 | INFO  | SCMAudit | user=jenkins1000 | ip=192.168.5.139 | op=SEND_HEARTBEAT {datanodeUUID=a2d6af90-c3d5-480c-824b-ae12d5e723ac, command=[]} | ret=SUCCESS |  
2019-08-20 15:03:36,746 | INFO  | SCMAudit | user=jenkins1000 | ip=192.168.5.139 | op=SEND_HEARTBEAT {datanodeUUID=81e6f177-0aa0-4cea-a559-904193532cd7, command=[]} | ret=SUCCESS |  
2019-08-20 15:03:36,796 | INFO  | SCMAudit | user=jenkins1000 | ip=192.168.5.139 | op=SEND_HEARTBEAT {datanodeUUID=c8a52875-dc52-43bc-af24-370bbdbe5589, command=[]} | ret=SUCCESS |  
2019-08-20 15:03:36,928 | INFO  | SCMAudit | user=jenkins1000 | ip=192.168.5.139 | op=SEND_HEARTBEAT {datanodeUUID=fb8329f7-6337-4286-bcd2-d612923e448c, command=[]} | ret=SUCCESS |  
2019-08-20 15:03:37,328 | INFO  | SCMAudit | user=jenkins1000 | ip=192.168.5.139 | op=SEND_HEARTBEAT {datanodeUUID=6a1036d9-12c3-40f5-8094-5440fe3d038e, command=[]} | ret=SUCCESS |  
2019-08-20 15:03:37,328 | INFO  | SCMAudit | user=jenkins1000 | ip=192.168.5.139 | op=SEND_HEARTBEAT {datanodeUUID=2923d27d-94e5-4a4d-9917-f06e3e9de6d6, command=[]} | ret=SUCCESS |  
2019-08-20 15:03:37,446 | INFO  | SCMAudit | user=jenkins1000 | ip=192.168.5.139 | op=SEND_HEARTBEAT {datanodeUUID=36e09339-9dd8-4013-a821-6974d22e740b, command=[]} | ret=SUCCESS |  
2019-08-20 15:03:37,590 | INFO  | SCMAudit | user=jenkins1000 | ip=192.168.5.139 | op=SEND_HEARTBEAT {datanodeUUID=a2d6af90-c3d5-480c-824b-ae12d5e723ac, command=[]} | ret=SUCCESS |  
2019-08-20 15:03:37,594 [grpc-default-executor-2] INFO  client.GrpcClientProtocolClient (GrpcClientProtocolClient.java:onNext(255)) - client-B5C9F3766F48->2923d27d-94e5-4a4d-9917-f06e3e9de6d6: receive RaftClientReply:client-B5C9F3766F48->2923d27d-94e5-4a4d-9917-f06e3e9de6d6@group-148C6D2B3700, cid=13, FAILED org.apache.ratis.protocol.NotLeaderException: Server 2923d27d-94e5-4a4d-9917-f06e3e9de6d6 is not the leader (null). Request must be sent to leader., logIndex=0, commits[2923d27d-94e5-4a4d-9917-f06e3e9de6d6:c-1]
2019-08-20 15:03:37,746 | INFO  | SCMAudit | user=jenkins1000 | ip=192.168.5.139 | op=SEND_HEARTBEAT {datanodeUUID=81e6f177-0aa0-4cea-a559-904193532cd7, command=[]} | ret=SUCCESS |  
2019-08-20 15:03:37,755 [Thread-239] INFO  impl.FollowerState (FollowerState.java:run(106)) - a2d6af90-c3d5-480c-824b-ae12d5e723ac:group-62EB27327931 changes to CANDIDATE, lastRpcTime:5087, electionTimeout:5086ms
2019-08-20 15:03:37,758 [Thread-239] INFO  impl.RoleInfo (RoleInfo.java:shutdownFollowerState(121)) - a2d6af90-c3d5-480c-824b-ae12d5e723ac: shutdown FollowerState
2019-08-20 15:03:37,758 [Thread-239] INFO  impl.RaftServerImpl (RaftServerImpl.java:setRole(171)) - a2d6af90-c3d5-480c-824b-ae12d5e723ac:group-62EB27327931 changes role from FOLLOWER to CANDIDATE at term 0 for changeToCandidate
2019-08-20 15:03:37,763 [Thread-239] INFO  impl.RoleInfo (RoleInfo.java:updateAndGet(143)) - a2d6af90-c3d5-480c-824b-ae12d5e723ac: start LeaderElection
2019-08-20 15:03:37,796 | INFO  | SCMAudit | user=jenkins1000 | ip=192.168.5.139 | op=SEND_HEARTBEAT {datanodeUUID=c8a52875-dc52-43bc-af24-370bbdbe5589, command=[]} | ret=SUCCESS |  
2019-08-20 15:03:37,836 [a2d6af90-c3d5-480c-824b-ae12d5e723ac:group-62EB27327931:LeaderElection1] INFO  impl.LeaderElection (LeaderElection.java:askForVotes(181)) - a2d6af90-c3d5-480c-824b-ae12d5e723ac:group-62EB27327931:LeaderElection1: begin an election at term 1 for -1: [a2d6af90-c3d5-480c-824b-ae12d5e723ac:192.168.5.139:42553], old=null
2019-08-20 15:03:37,840 [a2d6af90-c3d5-480c-824b-ae12d5e723ac:group-62EB27327931:LeaderElection1] INFO  impl.RoleInfo (RoleInfo.java:shutdownLeaderElection(134)) - a2d6af90-c3d5-480c-824b-ae12d5e723ac: shutdown LeaderElection
2019-08-20 15:03:37,840 [a2d6af90-c3d5-480c-824b-ae12d5e723ac:group-62EB27327931:LeaderElection1] INFO  impl.RaftServerImpl (RaftServerImpl.java:setRole(171)) - a2d6af90-c3d5-480c-824b-ae12d5e723ac:group-62EB27327931 changes role from CANDIDATE to LEADER at term 1 for changeToLeader
2019-08-20 15:03:37,840 [a2d6af90-c3d5-480c-824b-ae12d5e723ac:group-62EB27327931:LeaderElection1] INFO  impl.RaftServerImpl (ServerState.java:setLeader(263)) - a2d6af90-c3d5-480c-824b-ae12d5e723ac:group-62EB27327931 change Leader from null to a2d6af90-c3d5-480c-824b-ae12d5e723ac at term 1 for becomeLeader, leader elected after 5241ms
2019-08-20 15:03:37,847 [a2d6af90-c3d5-480c-824b-ae12d5e723ac:group-62EB27327931:LeaderElection1] INFO  server.RaftServerConfigKeys (ConfUtils.java:logGet(43)) - raft.server.staging.catchup.gap = 1000 (default)
2019-08-20 15:03:37,847 [a2d6af90-c3d5-480c-824b-ae12d5e723ac:group-62EB27327931:LeaderElection1] INFO  server.RaftServerConfigKeys (ConfUtils.java:logGet(43)) - raft.server.rpc.sleep.time = 25ms (default)
2019-08-20 15:03:37,850 [a2d6af90-c3d5-480c-824b-ae12d5e723ac:group-62EB27327931:LeaderElection1] INFO  server.RaftServerConfigKeys (ConfUtils.java:logGet(43)) - raft.server.write.element-limit = 4096 (default)
2019-08-20 15:03:37,852 [a2d6af90-c3d5-480c-824b-ae12d5e723ac:group-62EB27327931:LeaderElection1] INFO  server.RaftServerConfigKeys (ConfUtils.java:logGet(43)) - raft.server.watch.timeout = 10s (default)
2019-08-20 15:03:37,852 [a2d6af90-c3d5-480c-824b-ae12d5e723ac:group-62EB27327931:LeaderElection1] INFO  server.RaftServerConfigKeys (ConfUtils.java:logGet(43)) - raft.server.watch.timeout.denomination = 1s (default)
2019-08-20 15:03:37,853 [a2d6af90-c3d5-480c-824b-ae12d5e723ac:group-62EB27327931:LeaderElection1] INFO  server.RaftServerConfigKeys (ConfUtils.java:logGet(43)) - raft.server.watch.element-limit = 65536 (default)
2019-08-20 15:03:37,861 [a2d6af90-c3d5-480c-824b-ae12d5e723ac:group-62EB27327931:LeaderElection1] INFO  impl.RoleInfo (RoleInfo.java:updateAndGet(143)) - a2d6af90-c3d5-480c-824b-ae12d5e723ac: start LeaderState
2019-08-20 15:03:37,888 [a2d6af90-c3d5-480c-824b-ae12d5e723ac:group-62EB27327931:LeaderElection1] INFO  segmented.SegmentedRaftLogWorker (SegmentedRaftLogWorker.java:startLogSegment(380)) - a2d6af90-c3d5-480c-824b-ae12d5e723ac-SegmentedRaftLogWorker:Storage Directory /workdir/hadoop-ozone/integration-test/target/test-dir/MiniOzoneClusterImpl-24f7eca7-c48c-4952-ad8b-43e154ea7cd7/datanode-0/data/ratis/6a282357-db95-4511-9da1-62eb27327931: Starting segment from index:0
2019-08-20 15:03:37,899 [a2d6af90-c3d5-480c-824b-ae12d5e723ac:group-62EB27327931:LeaderElection1] INFO  impl.RaftServerImpl (ServerState.java:setRaftConf(361)) - a2d6af90-c3d5-480c-824b-ae12d5e723ac:group-62EB27327931 set configuration 0: [a2d6af90-c3d5-480c-824b-ae12d5e723ac:192.168.5.139:42553], old=null at 0
2019-08-20 15:03:37,928 | INFO  | SCMAudit | user=jenkins1000 | ip=192.168.5.139 | op=SEND_HEARTBEAT {datanodeUUID=fb8329f7-6337-4286-bcd2-d612923e448c, command=[]} | ret=SUCCESS |  
2019-08-20 15:03:38,034 [a2d6af90-c3d5-480c-824b-ae12d5e723ac-SegmentedRaftLogWorker:Storage Directory /workdir/hadoop-ozone/integration-test/target/test-dir/MiniOzoneClusterImpl-24f7eca7-c48c-4952-ad8b-43e154ea7cd7/datanode-0/data/ratis/6a282357-db95-4511-9da1-62eb27327931] INFO  segmented.SegmentedRaftLogWorker (SegmentedRaftLogWorker.java:execute(569)) - a2d6af90-c3d5-480c-824b-ae12d5e723ac-SegmentedRaftLogWorker:Storage Directory /workdir/hadoop-ozone/integration-test/target/test-dir/MiniOzoneClusterImpl-24f7eca7-c48c-4952-ad8b-43e154ea7cd7/datanode-0/data/ratis/6a282357-db95-4511-9da1-62eb27327931: created new log segment /workdir/hadoop-ozone/integration-test/target/test-dir/MiniOzoneClusterImpl-24f7eca7-c48c-4952-ad8b-43e154ea7cd7/datanode-0/data/ratis/6a282357-db95-4511-9da1-62eb27327931/current/log_inprogress_0
2019-08-20 15:03:38,057 [Thread-245] INFO  impl.FollowerState (FollowerState.java:run(106)) - 2923d27d-94e5-4a4d-9917-f06e3e9de6d6:group-05AC3A681DEB changes to CANDIDATE, lastRpcTime:5093, electionTimeout:5093ms
2019-08-20 15:03:38,059 [Thread-245] INFO  impl.RoleInfo (RoleInfo.java:shutdownFollowerState(121)) - 2923d27d-94e5-4a4d-9917-f06e3e9de6d6: shutdown FollowerState
2019-08-20 15:03:38,060 [Thread-245] INFO  impl.RaftServerImpl (RaftServerImpl.java:setRole(171)) - 2923d27d-94e5-4a4d-9917-f06e3e9de6d6:group-05AC3A681DEB changes role from FOLLOWER to CANDIDATE at term 0 for changeToCandidate
2019-08-20 15:03:38,060 [Thread-245] INFO  impl.RoleInfo (RoleInfo.java:updateAndGet(143)) - 2923d27d-94e5-4a4d-9917-f06e3e9de6d6: start LeaderElection
2019-08-20 15:03:38,060 [Thread-242] INFO  impl.FollowerState (FollowerState.java:run(106)) - 36e09339-9dd8-4013-a821-6974d22e740b:group-7C071E4C4D19 changes to CANDIDATE, lastRpcTime:5194, electionTimeout:5192ms
2019-08-20 15:03:38,067 [Thread-242] INFO  impl.RoleInfo (RoleInfo.java:shutdownFollowerState(121)) - 36e09339-9dd8-4013-a821-6974d22e740b: shutdown FollowerState
2019-08-20 15:03:38,068 [Thread-242] INFO  impl.RaftServerImpl (RaftServerImpl.java:setRole(171)) - 36e09339-9dd8-4013-a821-6974d22e740b:group-7C071E4C4D19 changes role from FOLLOWER to CANDIDATE at term 0 for changeToCandidate
2019-08-20 15:03:38,070 [Thread-242] INFO  impl.RoleInfo (RoleInfo.java:updateAndGet(143)) - 36e09339-9dd8-4013-a821-6974d22e740b: start LeaderElection
2019-08-20 15:03:38,089 [36e09339-9dd8-4013-a821-6974d22e740b:group-7C071E4C4D19:LeaderElection3] INFO  impl.LeaderElection (LeaderElection.java:askForVotes(181)) - 36e09339-9dd8-4013-a821-6974d22e740b:group-7C071E4C4D19:LeaderElection3: begin an election at term 1 for -1: [36e09339-9dd8-4013-a821-6974d22e740b:192.168.5.139:37692], old=null
2019-08-20 15:03:38,092 [2923d27d-94e5-4a4d-9917-f06e3e9de6d6:group-05AC3A681DEB:LeaderElection2] INFO  impl.LeaderElection (LeaderElection.java:askForVotes(181)) - 2923d27d-94e5-4a4d-9917-f06e3e9de6d6:group-05AC3A681DEB:LeaderElection2: begin an election at term 1 for -1: [2923d27d-94e5-4a4d-9917-f06e3e9de6d6:192.168.5.139:36527], old=null
2019-08-20 15:03:38,092 [36e09339-9dd8-4013-a821-6974d22e740b:group-7C071E4C4D19:LeaderElection3] INFO  impl.RoleInfo (RoleInfo.java:shutdownLeaderElection(134)) - 36e09339-9dd8-4013-a821-6974d22e740b: shutdown LeaderElection
2019-08-20 15:03:38,092 [2923d27d-94e5-4a4d-9917-f06e3e9de6d6:group-05AC3A681DEB:LeaderElection2] INFO  impl.RoleInfo (RoleInfo.java:shutdownLeaderElection(134)) - 2923d27d-94e5-4a4d-9917-f06e3e9de6d6: shutdown LeaderElection
2019-08-20 15:03:38,093 [36e09339-9dd8-4013-a821-6974d22e740b:group-7C071E4C4D19:LeaderElection3] INFO  impl.RaftServerImpl (RaftServerImpl.java:setRole(171)) - 36e09339-9dd8-4013-a821-6974d22e740b:group-7C071E4C4D19 changes role from CANDIDATE to LEADER at term 1 for changeToLeader
2019-08-20 15:03:38,093 [2923d27d-94e5-4a4d-9917-f06e3e9de6d6:group-05AC3A681DEB:LeaderElection2] INFO  impl.RaftServerImpl (RaftServerImpl.java:setRole(171)) - 2923d27d-94e5-4a4d-9917-f06e3e9de6d6:group-05AC3A681DEB changes role from CANDIDATE to LEADER at term 1 for changeToLeader
2019-08-20 15:03:38,093 [36e09339-9dd8-4013-a821-6974d22e740b:group-7C071E4C4D19:LeaderElection3] INFO  impl.RaftServerImpl (ServerState.java:setLeader(263)) - 36e09339-9dd8-4013-a821-6974d22e740b:group-7C071E4C4D19 change Leader from null to 36e09339-9dd8-4013-a821-6974d22e740b at term 1 for becomeLeader, leader elected after 5233ms
2019-08-20 15:03:38,093 [2923d27d-94e5-4a4d-9917-f06e3e9de6d6:group-05AC3A681DEB:LeaderElection2] INFO  impl.RaftServerImpl (ServerState.java:setLeader(263)) - 2923d27d-94e5-4a4d-9917-f06e3e9de6d6:group-05AC3A681DEB change Leader from null to 2923d27d-94e5-4a4d-9917-f06e3e9de6d6 at term 1 for becomeLeader, leader elected after 5133ms
2019-08-20 15:03:38,094 [36e09339-9dd8-4013-a821-6974d22e740b:group-7C071E4C4D19:LeaderElection3] INFO  server.RaftServerConfigKeys (ConfUtils.java:logGet(43)) - raft.server.staging.catchup.gap = 1000 (default)
2019-08-20 15:03:38,096 [36e09339-9dd8-4013-a821-6974d22e740b:group-7C071E4C4D19:LeaderElection3] INFO  server.RaftServerConfigKeys (ConfUtils.java:logGet(43)) - raft.server.rpc.sleep.time = 25ms (default)
2019-08-20 15:03:38,096 [2923d27d-94e5-4a4d-9917-f06e3e9de6d6:group-05AC3A681DEB:LeaderElection2] INFO  server.RaftServerConfigKeys (ConfUtils.java:logGet(43)) - raft.server.staging.catchup.gap = 1000 (default)
2019-08-20 15:03:38,096 [36e09339-9dd8-4013-a821-6974d22e740b:group-7C071E4C4D19:LeaderElection3] INFO  server.RaftServerConfigKeys (ConfUtils.java:logGet(43)) - raft.server.write.element-limit = 4096 (default)
2019-08-20 15:03:38,096 [2923d27d-94e5-4a4d-9917-f06e3e9de6d6:group-05AC3A681DEB:LeaderElection2] INFO  server.RaftServerConfigKeys (ConfUtils.java:logGet(43)) - raft.server.rpc.sleep.time = 25ms (default)
2019-08-20 15:03:38,096 [36e09339-9dd8-4013-a821-6974d22e740b:group-7C071E4C4D19:LeaderElection3] INFO  server.RaftServerConfigKeys (ConfUtils.java:logGet(43)) - raft.server.watch.timeout = 10s (default)
2019-08-20 15:03:38,096 [36e09339-9dd8-4013-a821-6974d22e740b:group-7C071E4C4D19:LeaderElection3] INFO  server.RaftServerConfigKeys (ConfUtils.java:logGet(43)) - raft.server.watch.timeout.denomination = 1s (default)
2019-08-20 15:03:38,096 [2923d27d-94e5-4a4d-9917-f06e3e9de6d6:group-05AC3A681DEB:LeaderElection2] INFO  server.RaftServerConfigKeys (ConfUtils.java:logGet(43)) - raft.server.write.element-limit = 4096 (default)
2019-08-20 15:03:38,096 [36e09339-9dd8-4013-a821-6974d22e740b:group-7C071E4C4D19:LeaderElection3] INFO  server.RaftServerConfigKeys (ConfUtils.java:logGet(43)) - raft.server.watch.element-limit = 65536 (default)
2019-08-20 15:03:38,097 [2923d27d-94e5-4a4d-9917-f06e3e9de6d6:group-05AC3A681DEB:LeaderElection2] INFO  server.RaftServerConfigKeys (ConfUtils.java:logGet(43)) - raft.server.watch.timeout = 10s (default)
2019-08-20 15:03:38,097 [2923d27d-94e5-4a4d-9917-f06e3e9de6d6:group-05AC3A681DEB:LeaderElection2] INFO  server.RaftServerConfigKeys (ConfUtils.java:logGet(43)) - raft.server.watch.timeout.denomination = 1s (default)
2019-08-20 15:03:38,097 [36e09339-9dd8-4013-a821-6974d22e740b:group-7C071E4C4D19:LeaderElection3] INFO  impl.RoleInfo (RoleInfo.java:updateAndGet(143)) - 36e09339-9dd8-4013-a821-6974d22e740b: start LeaderState
2019-08-20 15:03:38,097 [2923d27d-94e5-4a4d-9917-f06e3e9de6d6:group-05AC3A681DEB:LeaderElection2] INFO  server.RaftServerConfigKeys (ConfUtils.java:logGet(43)) - raft.server.watch.element-limit = 65536 (default)
2019-08-20 15:03:38,097 [36e09339-9dd8-4013-a821-6974d22e740b:group-7C071E4C4D19:LeaderElection3] INFO  segmented.SegmentedRaftLogWorker (SegmentedRaftLogWorker.java:startLogSegment(380)) - 36e09339-9dd8-4013-a821-6974d22e740b-SegmentedRaftLogWorker:Storage Directory /workdir/hadoop-ozone/integration-test/target/test-dir/MiniOzoneClusterImpl-24f7eca7-c48c-4952-ad8b-43e154ea7cd7/datanode-4/data/ratis/2df56b4c-9383-4169-8900-7c071e4c4d19: Starting segment from index:0
2019-08-20 15:03:38,097 [2923d27d-94e5-4a4d-9917-f06e3e9de6d6:group-05AC3A681DEB:LeaderElection2] INFO  impl.RoleInfo (RoleInfo.java:updateAndGet(143)) - 2923d27d-94e5-4a4d-9917-f06e3e9de6d6: start LeaderState
2019-08-20 15:03:38,098 [2923d27d-94e5-4a4d-9917-f06e3e9de6d6:group-05AC3A681DEB:LeaderElection2] INFO  segmented.SegmentedRaftLogWorker (SegmentedRaftLogWorker.java:startLogSegment(380)) - 2923d27d-94e5-4a4d-9917-f06e3e9de6d6-SegmentedRaftLogWorker:Storage Directory /workdir/hadoop-ozone/integration-test/target/test-dir/MiniOzoneClusterImpl-24f7eca7-c48c-4952-ad8b-43e154ea7cd7/datanode-2/data/ratis/107ba9b1-36cd-44f8-b5ec-05ac3a681deb: Starting segment from index:0
2019-08-20 15:03:38,098 [36e09339-9dd8-4013-a821-6974d22e740b:group-7C071E4C4D19:LeaderElection3] INFO  impl.RaftServerImpl (ServerState.java:setRaftConf(361)) - 36e09339-9dd8-4013-a821-6974d22e740b:group-7C071E4C4D19 set configuration 0: [36e09339-9dd8-4013-a821-6974d22e740b:192.168.5.139:37692], old=null at 0
2019-08-20 15:03:38,135 [2923d27d-94e5-4a4d-9917-f06e3e9de6d6:group-05AC3A681DEB:LeaderElection2] INFO  impl.RaftServerImpl (ServerState.java:setRaftConf(361)) - 2923d27d-94e5-4a4d-9917-f06e3e9de6d6:group-05AC3A681DEB set configuration 0: [2923d27d-94e5-4a4d-9917-f06e3e9de6d6:192.168.5.139:36527], old=null at 0
2019-08-20 15:03:38,147 [Thread-248] INFO  impl.FollowerState (FollowerState.java:run(106)) - c8a52875-dc52-43bc-af24-370bbdbe5589:group-1B5960D8870E changes to CANDIDATE, lastRpcTime:5122, electionTimeout:5122ms
2019-08-20 15:03:38,147 [Thread-248] INFO  impl.RoleInfo (RoleInfo.java:shutdownFollowerState(121)) - c8a52875-dc52-43bc-af24-370bbdbe5589: shutdown FollowerState
2019-08-20 15:03:38,147 [36e09339-9dd8-4013-a821-6974d22e740b-SegmentedRaftLogWorker:Storage Directory /workdir/hadoop-ozone/integration-test/target/test-dir/MiniOzoneClusterImpl-24f7eca7-c48c-4952-ad8b-43e154ea7cd7/datanode-4/data/ratis/2df56b4c-9383-4169-8900-7c071e4c4d19] INFO  segmented.SegmentedRaftLogWorker (SegmentedRaftLogWorker.java:execute(569)) - 36e09339-9dd8-4013-a821-6974d22e740b-SegmentedRaftLogWorker:Storage Directory /workdir/hadoop-ozone/integration-test/target/test-dir/MiniOzoneClusterImpl-24f7eca7-c48c-4952-ad8b-43e154ea7cd7/datanode-4/data/ratis/2df56b4c-9383-4169-8900-7c071e4c4d19: created new log segment /workdir/hadoop-ozone/integration-test/target/test-dir/MiniOzoneClusterImpl-24f7eca7-c48c-4952-ad8b-43e154ea7cd7/datanode-4/data/ratis/2df56b4c-9383-4169-8900-7c071e4c4d19/current/log_inprogress_0
2019-08-20 15:03:38,147 [Thread-248] INFO  impl.RaftServerImpl (RaftServerImpl.java:setRole(171)) - c8a52875-dc52-43bc-af24-370bbdbe5589:group-1B5960D8870E changes role from FOLLOWER to CANDIDATE at term 0 for changeToCandidate
2019-08-20 15:03:38,147 [2923d27d-94e5-4a4d-9917-f06e3e9de6d6-SegmentedRaftLogWorker:Storage Directory /workdir/hadoop-ozone/integration-test/target/test-dir/MiniOzoneClusterImpl-24f7eca7-c48c-4952-ad8b-43e154ea7cd7/datanode-2/data/ratis/107ba9b1-36cd-44f8-b5ec-05ac3a681deb] INFO  segmented.SegmentedRaftLogWorker (SegmentedRaftLogWorker.java:execute(569)) - 2923d27d-94e5-4a4d-9917-f06e3e9de6d6-SegmentedRaftLogWorker:Storage Directory /workdir/hadoop-ozone/integration-test/target/test-dir/MiniOzoneClusterImpl-24f7eca7-c48c-4952-ad8b-43e154ea7cd7/datanode-2/data/ratis/107ba9b1-36cd-44f8-b5ec-05ac3a681deb: created new log segment /workdir/hadoop-ozone/integration-test/target/test-dir/MiniOzoneClusterImpl-24f7eca7-c48c-4952-ad8b-43e154ea7cd7/datanode-2/data/ratis/107ba9b1-36cd-44f8-b5ec-05ac3a681deb/current/log_inprogress_0
2019-08-20 15:03:38,150 [Thread-248] INFO  impl.RoleInfo (RoleInfo.java:updateAndGet(143)) - c8a52875-dc52-43bc-af24-370bbdbe5589: start LeaderElection
2019-08-20 15:03:38,162 [c8a52875-dc52-43bc-af24-370bbdbe5589:group-1B5960D8870E:LeaderElection4] INFO  impl.LeaderElection (LeaderElection.java:askForVotes(181)) - c8a52875-dc52-43bc-af24-370bbdbe5589:group-1B5960D8870E:LeaderElection4: begin an election at term 1 for -1: [c8a52875-dc52-43bc-af24-370bbdbe5589:192.168.5.139:38327], old=null
2019-08-20 15:03:38,164 [c8a52875-dc52-43bc-af24-370bbdbe5589:group-1B5960D8870E:LeaderElection4] INFO  impl.RoleInfo (RoleInfo.java:shutdownLeaderElection(134)) - c8a52875-dc52-43bc-af24-370bbdbe5589: shutdown LeaderElection
2019-08-20 15:03:38,164 [c8a52875-dc52-43bc-af24-370bbdbe5589:group-1B5960D8870E:LeaderElection4] INFO  impl.RaftServerImpl (RaftServerImpl.java:setRole(171)) - c8a52875-dc52-43bc-af24-370bbdbe5589:group-1B5960D8870E changes role from CANDIDATE to LEADER at term 1 for changeToLeader
2019-08-20 15:03:38,165 [c8a52875-dc52-43bc-af24-370bbdbe5589:group-1B5960D8870E:LeaderElection4] INFO  impl.RaftServerImpl (ServerState.java:setLeader(263)) - c8a52875-dc52-43bc-af24-370bbdbe5589:group-1B5960D8870E change Leader from null to c8a52875-dc52-43bc-af24-370bbdbe5589 at term 1 for becomeLeader, leader elected after 5143ms
2019-08-20 15:03:38,166 [c8a52875-dc52-43bc-af24-370bbdbe5589:group-1B5960D8870E:LeaderElection4] INFO  server.RaftServerConfigKeys (ConfUtils.java:logGet(43)) - raft.server.staging.catchup.gap = 1000 (default)
2019-08-20 15:03:38,166 [c8a52875-dc52-43bc-af24-370bbdbe5589:group-1B5960D8870E:LeaderElection4] INFO  server.RaftServerConfigKeys (ConfUtils.java:logGet(43)) - raft.server.rpc.sleep.time = 25ms (default)
2019-08-20 15:03:38,166 [c8a52875-dc52-43bc-af24-370bbdbe5589:group-1B5960D8870E:LeaderElection4] INFO  server.RaftServerConfigKeys (ConfUtils.java:logGet(43)) - raft.server.write.element-limit = 4096 (default)
2019-08-20 15:03:38,166 [c8a52875-dc52-43bc-af24-370bbdbe5589:group-1B5960D8870E:LeaderElection4] INFO  server.RaftServerConfigKeys (ConfUtils.java:logGet(43)) - raft.server.watch.timeout = 10s (default)
2019-08-20 15:03:38,167 [c8a52875-dc52-43bc-af24-370bbdbe5589:group-1B5960D8870E:LeaderElection4] INFO  server.RaftServerConfigKeys (ConfUtils.java:logGet(43)) - raft.server.watch.timeout.denomination = 1s (default)
2019-08-20 15:03:38,167 [c8a52875-dc52-43bc-af24-370bbdbe5589:group-1B5960D8870E:LeaderElection4] INFO  server.RaftServerConfigKeys (ConfUtils.java:logGet(43)) - raft.server.watch.element-limit = 65536 (default)
2019-08-20 15:03:38,167 [c8a52875-dc52-43bc-af24-370bbdbe5589:group-1B5960D8870E:LeaderElection4] INFO  impl.RoleInfo (RoleInfo.java:updateAndGet(143)) - c8a52875-dc52-43bc-af24-370bbdbe5589: start LeaderState
2019-08-20 15:03:38,167 [c8a52875-dc52-43bc-af24-370bbdbe5589:group-1B5960D8870E:LeaderElection4] INFO  segmented.SegmentedRaftLogWorker (SegmentedRaftLogWorker.java:startLogSegment(380)) - c8a52875-dc52-43bc-af24-370bbdbe5589-SegmentedRaftLogWorker:Storage Directory /workdir/hadoop-ozone/integration-test/target/test-dir/MiniOzoneClusterImpl-24f7eca7-c48c-4952-ad8b-43e154ea7cd7/datanode-1/data/ratis/a1c744aa-4164-4dd4-984c-1b5960d8870e: Starting segment from index:0
2019-08-20 15:03:38,168 [c8a52875-dc52-43bc-af24-370bbdbe5589:group-1B5960D8870E:LeaderElection4] INFO  impl.RaftServerImpl (ServerState.java:setRaftConf(361)) - c8a52875-dc52-43bc-af24-370bbdbe5589:group-1B5960D8870E set configuration 0: [c8a52875-dc52-43bc-af24-370bbdbe5589:192.168.5.139:38327], old=null at 0
2019-08-20 15:03:38,204 [c8a52875-dc52-43bc-af24-370bbdbe5589-SegmentedRaftLogWorker:Storage Directory /workdir/hadoop-ozone/integration-test/target/test-dir/MiniOzoneClusterImpl-24f7eca7-c48c-4952-ad8b-43e154ea7cd7/datanode-1/data/ratis/a1c744aa-4164-4dd4-984c-1b5960d8870e] INFO  segmented.SegmentedRaftLogWorker (SegmentedRaftLogWorker.java:execute(569)) - c8a52875-dc52-43bc-af24-370bbdbe5589-SegmentedRaftLogWorker:Storage Directory /workdir/hadoop-ozone/integration-test/target/test-dir/MiniOzoneClusterImpl-24f7eca7-c48c-4952-ad8b-43e154ea7cd7/datanode-1/data/ratis/a1c744aa-4164-4dd4-984c-1b5960d8870e: created new log segment /workdir/hadoop-ozone/integration-test/target/test-dir/MiniOzoneClusterImpl-24f7eca7-c48c-4952-ad8b-43e154ea7cd7/datanode-1/data/ratis/a1c744aa-4164-4dd4-984c-1b5960d8870e/current/log_inprogress_0
2019-08-20 15:03:38,217 [Thread-251] INFO  impl.FollowerState (FollowerState.java:run(106)) - 81e6f177-0aa0-4cea-a559-904193532cd7:group-53900E7099A5 changes to CANDIDATE, lastRpcTime:5121, electionTimeout:5121ms
2019-08-20 15:03:38,217 [Thread-251] INFO  impl.RoleInfo (RoleInfo.java:shutdownFollowerState(121)) - 81e6f177-0aa0-4cea-a559-904193532cd7: shutdown FollowerState
2019-08-20 15:03:38,217 [Thread-251] INFO  impl.RaftServerImpl (RaftServerImpl.java:setRole(171)) - 81e6f177-0aa0-4cea-a559-904193532cd7:group-53900E7099A5 changes role from FOLLOWER to CANDIDATE at term 0 for changeToCandidate
2019-08-20 15:03:38,217 [Thread-251] INFO  impl.RoleInfo (RoleInfo.java:updateAndGet(143)) - 81e6f177-0aa0-4cea-a559-904193532cd7: start LeaderElection
2019-08-20 15:03:38,234 [81e6f177-0aa0-4cea-a559-904193532cd7:group-53900E7099A5:LeaderElection5] INFO  impl.LeaderElection (LeaderElection.java:askForVotes(181)) - 81e6f177-0aa0-4cea-a559-904193532cd7:group-53900E7099A5:LeaderElection5: begin an election at term 1 for -1: [81e6f177-0aa0-4cea-a559-904193532cd7:192.168.5.139:40757], old=null
2019-08-20 15:03:38,236 [81e6f177-0aa0-4cea-a559-904193532cd7:group-53900E7099A5:LeaderElection5] INFO  impl.RoleInfo (RoleInfo.java:shutdownLeaderElection(134)) - 81e6f177-0aa0-4cea-a559-904193532cd7: shutdown LeaderElection
2019-08-20 15:03:38,236 [81e6f177-0aa0-4cea-a559-904193532cd7:group-53900E7099A5:LeaderElection5] INFO  impl.RaftServerImpl (RaftServerImpl.java:setRole(171)) - 81e6f177-0aa0-4cea-a559-904193532cd7:group-53900E7099A5 changes role from CANDIDATE to LEADER at term 1 for changeToLeader
2019-08-20 15:03:38,236 [81e6f177-0aa0-4cea-a559-904193532cd7:group-53900E7099A5:LeaderElection5] INFO  impl.RaftServerImpl (ServerState.java:setLeader(263)) - 81e6f177-0aa0-4cea-a559-904193532cd7:group-53900E7099A5 change Leader from null to 81e6f177-0aa0-4cea-a559-904193532cd7 at term 1 for becomeLeader, leader elected after 5144ms
2019-08-20 15:03:38,237 [81e6f177-0aa0-4cea-a559-904193532cd7:group-53900E7099A5:LeaderElection5] INFO  server.RaftServerConfigKeys (ConfUtils.java:logGet(43)) - raft.server.staging.catchup.gap = 1000 (default)
2019-08-20 15:03:38,238 [81e6f177-0aa0-4cea-a559-904193532cd7:group-53900E7099A5:LeaderElection5] INFO  server.RaftServerConfigKeys (ConfUtils.java:logGet(43)) - raft.server.rpc.sleep.time = 25ms (default)
2019-08-20 15:03:38,238 [81e6f177-0aa0-4cea-a559-904193532cd7:group-53900E7099A5:LeaderElection5] INFO  server.RaftServerConfigKeys (ConfUtils.java:logGet(43)) - raft.server.write.element-limit = 4096 (default)
2019-08-20 15:03:38,238 [81e6f177-0aa0-4cea-a559-904193532cd7:group-53900E7099A5:LeaderElection5] INFO  server.RaftServerConfigKeys (ConfUtils.java:logGet(43)) - raft.server.watch.timeout = 10s (default)
2019-08-20 15:03:38,238 [81e6f177-0aa0-4cea-a559-904193532cd7:group-53900E7099A5:LeaderElection5] INFO  server.RaftServerConfigKeys (ConfUtils.java:logGet(43)) - raft.server.watch.timeout.denomination = 1s (default)
2019-08-20 15:03:38,238 [81e6f177-0aa0-4cea-a559-904193532cd7:group-53900E7099A5:LeaderElection5] INFO  server.RaftServerConfigKeys (ConfUtils.java:logGet(43)) - raft.server.watch.element-limit = 65536 (default)
2019-08-20 15:03:38,238 [81e6f177-0aa0-4cea-a559-904193532cd7:group-53900E7099A5:LeaderElection5] INFO  impl.RoleInfo (RoleInfo.java:updateAndGet(143)) - 81e6f177-0aa0-4cea-a559-904193532cd7: start LeaderState
2019-08-20 15:03:38,239 [81e6f177-0aa0-4cea-a559-904193532cd7:group-53900E7099A5:LeaderElection5] INFO  segmented.SegmentedRaftLogWorker (SegmentedRaftLogWorker.java:startLogSegment(380)) - 81e6f177-0aa0-4cea-a559-904193532cd7-SegmentedRaftLogWorker:Storage Directory /workdir/hadoop-ozone/integration-test/target/test-dir/MiniOzoneClusterImpl-24f7eca7-c48c-4952-ad8b-43e154ea7cd7/datanode-5/data/ratis/3d53811d-2f2b-42e9-8b3c-53900e7099a5: Starting segment from index:0
2019-08-20 15:03:38,239 [81e6f177-0aa0-4cea-a559-904193532cd7:group-53900E7099A5:LeaderElection5] INFO  impl.RaftServerImpl (ServerState.java:setRaftConf(361)) - 81e6f177-0aa0-4cea-a559-904193532cd7:group-53900E7099A5 set configuration 0: [81e6f177-0aa0-4cea-a559-904193532cd7:192.168.5.139:40757], old=null at 0
2019-08-20 15:03:38,270 [Thread-254] INFO  impl.FollowerState (FollowerState.java:run(106)) - fb8329f7-6337-4286-bcd2-d612923e448c:group-5DDBC8ED8D7F changes to CANDIDATE, lastRpcTime:5098, electionTimeout:5098ms
2019-08-20 15:03:38,270 [Thread-254] INFO  impl.RoleInfo (RoleInfo.java:shutdownFollowerState(121)) - fb8329f7-6337-4286-bcd2-d612923e448c: shutdown FollowerState
2019-08-20 15:03:38,270 [Thread-254] INFO  impl.RaftServerImpl (RaftServerImpl.java:setRole(171)) - fb8329f7-6337-4286-bcd2-d612923e448c:group-5DDBC8ED8D7F changes role from FOLLOWER to CANDIDATE at term 0 for changeToCandidate
2019-08-20 15:03:38,270 [Thread-254] INFO  impl.RoleInfo (RoleInfo.java:updateAndGet(143)) - fb8329f7-6337-4286-bcd2-d612923e448c: start LeaderElection
2019-08-20 15:03:38,285 [81e6f177-0aa0-4cea-a559-904193532cd7-SegmentedRaftLogWorker:Storage Directory /workdir/hadoop-ozone/integration-test/target/test-dir/MiniOzoneClusterImpl-24f7eca7-c48c-4952-ad8b-43e154ea7cd7/datanode-5/data/ratis/3d53811d-2f2b-42e9-8b3c-53900e7099a5] INFO  segmented.SegmentedRaftLogWorker (SegmentedRaftLogWorker.java:execute(569)) - 81e6f177-0aa0-4cea-a559-904193532cd7-SegmentedRaftLogWorker:Storage Directory /workdir/hadoop-ozone/integration-test/target/test-dir/MiniOzoneClusterImpl-24f7eca7-c48c-4952-ad8b-43e154ea7cd7/datanode-5/data/ratis/3d53811d-2f2b-42e9-8b3c-53900e7099a5: created new log segment /workdir/hadoop-ozone/integration-test/target/test-dir/MiniOzoneClusterImpl-24f7eca7-c48c-4952-ad8b-43e154ea7cd7/datanode-5/data/ratis/3d53811d-2f2b-42e9-8b3c-53900e7099a5/current/log_inprogress_0
2019-08-20 15:03:38,285 [fb8329f7-6337-4286-bcd2-d612923e448c:group-5DDBC8ED8D7F:LeaderElection6] INFO  impl.LeaderElection (LeaderElection.java:askForVotes(181)) - fb8329f7-6337-4286-bcd2-d612923e448c:group-5DDBC8ED8D7F:LeaderElection6: begin an election at term 1 for -1: [fb8329f7-6337-4286-bcd2-d612923e448c:192.168.5.139:38744], old=null
2019-08-20 15:03:38,285 [fb8329f7-6337-4286-bcd2-d612923e448c:group-5DDBC8ED8D7F:LeaderElection6] INFO  impl.RoleInfo (RoleInfo.java:shutdownLeaderElection(134)) - fb8329f7-6337-4286-bcd2-d612923e448c: shutdown LeaderElection
2019-08-20 15:03:38,285 [fb8329f7-6337-4286-bcd2-d612923e448c:group-5DDBC8ED8D7F:LeaderElection6] INFO  impl.RaftServerImpl (RaftServerImpl.java:setRole(171)) - fb8329f7-6337-4286-bcd2-d612923e448c:group-5DDBC8ED8D7F changes role from CANDIDATE to LEADER at term 1 for changeToLeader
2019-08-20 15:03:38,285 [fb8329f7-6337-4286-bcd2-d612923e448c:group-5DDBC8ED8D7F:LeaderElection6] INFO  impl.RaftServerImpl (ServerState.java:setLeader(263)) - fb8329f7-6337-4286-bcd2-d612923e448c:group-5DDBC8ED8D7F change Leader from null to fb8329f7-6337-4286-bcd2-d612923e448c at term 1 for becomeLeader, leader elected after 5118ms
2019-08-20 15:03:38,287 [fb8329f7-6337-4286-bcd2-d612923e448c:group-5DDBC8ED8D7F:LeaderElection6] INFO  server.RaftServerConfigKeys (ConfUtils.java:logGet(43)) - raft.server.staging.catchup.gap = 1000 (default)
2019-08-20 15:03:38,287 [fb8329f7-6337-4286-bcd2-d612923e448c:group-5DDBC8ED8D7F:LeaderElection6] INFO  server.RaftServerConfigKeys (ConfUtils.java:logGet(43)) - raft.server.rpc.sleep.time = 25ms (default)
2019-08-20 15:03:38,287 [fb8329f7-6337-4286-bcd2-d612923e448c:group-5DDBC8ED8D7F:LeaderElection6] INFO  server.RaftServerConfigKeys (ConfUtils.java:logGet(43)) - raft.server.write.element-limit = 4096 (default)
2019-08-20 15:03:38,287 [fb8329f7-6337-4286-bcd2-d612923e448c:group-5DDBC8ED8D7F:LeaderElection6] INFO  server.RaftServerConfigKeys (ConfUtils.java:logGet(43)) - raft.server.watch.timeout = 10s (default)
2019-08-20 15:03:38,288 [fb8329f7-6337-4286-bcd2-d612923e448c:group-5DDBC8ED8D7F:LeaderElection6] INFO  server.RaftServerConfigKeys (ConfUtils.java:logGet(43)) - raft.server.watch.timeout.denomination = 1s (default)
2019-08-20 15:03:38,288 [fb8329f7-6337-4286-bcd2-d612923e448c:group-5DDBC8ED8D7F:LeaderElection6] INFO  server.RaftServerConfigKeys (ConfUtils.java:logGet(43)) - raft.server.watch.element-limit = 65536 (default)
2019-08-20 15:03:38,288 [fb8329f7-6337-4286-bcd2-d612923e448c:group-5DDBC8ED8D7F:LeaderElection6] INFO  impl.RoleInfo (RoleInfo.java:updateAndGet(143)) - fb8329f7-6337-4286-bcd2-d612923e448c: start LeaderState
2019-08-20 15:03:38,288 [fb8329f7-6337-4286-bcd2-d612923e448c:group-5DDBC8ED8D7F:LeaderElection6] INFO  segmented.SegmentedRaftLogWorker (SegmentedRaftLogWorker.java:startLogSegment(380)) - fb8329f7-6337-4286-bcd2-d612923e448c-SegmentedRaftLogWorker:Storage Directory /workdir/hadoop-ozone/integration-test/target/test-dir/MiniOzoneClusterImpl-24f7eca7-c48c-4952-ad8b-43e154ea7cd7/datanode-6/data/ratis/d8f94ffc-bfa7-468f-8cc9-5ddbc8ed8d7f: Starting segment from index:0
2019-08-20 15:03:38,289 [fb8329f7-6337-4286-bcd2-d612923e448c:group-5DDBC8ED8D7F:LeaderElection6] INFO  impl.RaftServerImpl (ServerState.java:setRaftConf(361)) - fb8329f7-6337-4286-bcd2-d612923e448c:group-5DDBC8ED8D7F set configuration 0: [fb8329f7-6337-4286-bcd2-d612923e448c:192.168.5.139:38744], old=null at 0
2019-08-20 15:03:38,325 [Thread-257] INFO  impl.FollowerState (FollowerState.java:run(106)) - 6a1036d9-12c3-40f5-8094-5440fe3d038e:group-D36297B74F78 changes to CANDIDATE, lastRpcTime:5084, electionTimeout:5084ms
2019-08-20 15:03:38,327 [Thread-257] INFO  impl.RoleInfo (RoleInfo.java:shutdownFollowerState(121)) - 6a1036d9-12c3-40f5-8094-5440fe3d038e: shutdown FollowerState
2019-08-20 15:03:38,327 [Thread-257] INFO  impl.RaftServerImpl (RaftServerImpl.java:setRole(171)) - 6a1036d9-12c3-40f5-8094-5440fe3d038e:group-D36297B74F78 changes role from FOLLOWER to CANDIDATE at term 0 for changeToCandidate
2019-08-20 15:03:38,327 [Thread-257] INFO  impl.RoleInfo (RoleInfo.java:updateAndGet(143)) - 6a1036d9-12c3-40f5-8094-5440fe3d038e: start LeaderElection
2019-08-20 15:03:38,328 [fb8329f7-6337-4286-bcd2-d612923e448c-SegmentedRaftLogWorker:Storage Directory /workdir/hadoop-ozone/integration-test/target/test-dir/MiniOzoneClusterImpl-24f7eca7-c48c-4952-ad8b-43e154ea7cd7/datanode-6/data/ratis/d8f94ffc-bfa7-468f-8cc9-5ddbc8ed8d7f] INFO  segmented.SegmentedRaftLogWorker (SegmentedRaftLogWorker.java:execute(569)) - fb8329f7-6337-4286-bcd2-d612923e448c-SegmentedRaftLogWorker:Storage Directory /workdir/hadoop-ozone/integration-test/target/test-dir/MiniOzoneClusterImpl-24f7eca7-c48c-4952-ad8b-43e154ea7cd7/datanode-6/data/ratis/d8f94ffc-bfa7-468f-8cc9-5ddbc8ed8d7f: created new log segment /workdir/hadoop-ozone/integration-test/target/test-dir/MiniOzoneClusterImpl-24f7eca7-c48c-4952-ad8b-43e154ea7cd7/datanode-6/data/ratis/d8f94ffc-bfa7-468f-8cc9-5ddbc8ed8d7f/current/log_inprogress_0
2019-08-20 15:03:38,331 | INFO  | SCMAudit | user=jenkins1000 | ip=192.168.5.139 | op=SEND_HEARTBEAT {datanodeUUID=2923d27d-94e5-4a4d-9917-f06e3e9de6d6, command=[]} | ret=SUCCESS |  
2019-08-20 15:03:38,331 | INFO  | SCMAudit | user=jenkins1000 | ip=192.168.5.139 | op=SEND_HEARTBEAT {datanodeUUID=6a1036d9-12c3-40f5-8094-5440fe3d038e, command=[]} | ret=SUCCESS |  
2019-08-20 15:03:38,342 [6a1036d9-12c3-40f5-8094-5440fe3d038e:group-D36297B74F78:LeaderElection7] INFO  impl.LeaderElection (LeaderElection.java:askForVotes(181)) - 6a1036d9-12c3-40f5-8094-5440fe3d038e:group-D36297B74F78:LeaderElection7: begin an election at term 1 for -1: [6a1036d9-12c3-40f5-8094-5440fe3d038e:192.168.5.139:45695], old=null
2019-08-20 15:03:38,342 [6a1036d9-12c3-40f5-8094-5440fe3d038e:group-D36297B74F78:LeaderElection7] INFO  impl.RoleInfo (RoleInfo.java:shutdownLeaderElection(134)) - 6a1036d9-12c3-40f5-8094-5440fe3d038e: shutdown LeaderElection
2019-08-20 15:03:38,342 [6a1036d9-12c3-40f5-8094-5440fe3d038e:group-D36297B74F78:LeaderElection7] INFO  impl.RaftServerImpl (RaftServerImpl.java:setRole(171)) - 6a1036d9-12c3-40f5-8094-5440fe3d038e:group-D36297B74F78 changes role from CANDIDATE to LEADER at term 1 for changeToLeader
2019-08-20 15:03:38,342 [6a1036d9-12c3-40f5-8094-5440fe3d038e:group-D36297B74F78:LeaderElection7] INFO  impl.RaftServerImpl (ServerState.java:setLeader(263)) - 6a1036d9-12c3-40f5-8094-5440fe3d038e:group-D36297B74F78 change Leader from null to 6a1036d9-12c3-40f5-8094-5440fe3d038e at term 1 for becomeLeader, leader elected after 5107ms
2019-08-20 15:03:38,344 [6a1036d9-12c3-40f5-8094-5440fe3d038e:group-D36297B74F78:LeaderElection7] INFO  server.RaftServerConfigKeys (ConfUtils.java:logGet(43)) - raft.server.staging.catchup.gap = 1000 (default)
2019-08-20 15:03:38,344 [6a1036d9-12c3-40f5-8094-5440fe3d038e:group-D36297B74F78:LeaderElection7] INFO  server.RaftServerConfigKeys (ConfUtils.java:logGet(43)) - raft.server.rpc.sleep.time = 25ms (default)
2019-08-20 15:03:38,344 [6a1036d9-12c3-40f5-8094-5440fe3d038e:group-D36297B74F78:LeaderElection7] INFO  server.RaftServerConfigKeys (ConfUtils.java:logGet(43)) - raft.server.write.element-limit = 4096 (default)
2019-08-20 15:03:38,344 [6a1036d9-12c3-40f5-8094-5440fe3d038e:group-D36297B74F78:LeaderElection7] INFO  server.RaftServerConfigKeys (ConfUtils.java:logGet(43)) - raft.server.watch.timeout = 10s (default)
2019-08-20 15:03:38,344 [6a1036d9-12c3-40f5-8094-5440fe3d038e:group-D36297B74F78:LeaderElection7] INFO  server.RaftServerConfigKeys (ConfUtils.java:logGet(43)) - raft.server.watch.timeout.denomination = 1s (default)
2019-08-20 15:03:38,344 [6a1036d9-12c3-40f5-8094-5440fe3d038e:group-D36297B74F78:LeaderElection7] INFO  server.RaftServerConfigKeys (ConfUtils.java:logGet(43)) - raft.server.watch.element-limit = 65536 (default)
2019-08-20 15:03:38,345 [6a1036d9-12c3-40f5-8094-5440fe3d038e:group-D36297B74F78:LeaderElection7] INFO  impl.RoleInfo (RoleInfo.java:updateAndGet(143)) - 6a1036d9-12c3-40f5-8094-5440fe3d038e: start LeaderState
2019-08-20 15:03:38,345 [6a1036d9-12c3-40f5-8094-5440fe3d038e:group-D36297B74F78:LeaderElection7] INFO  segmented.SegmentedRaftLogWorker (SegmentedRaftLogWorker.java:startLogSegment(380)) - 6a1036d9-12c3-40f5-8094-5440fe3d038e-SegmentedRaftLogWorker:Storage Directory /workdir/hadoop-ozone/integration-test/target/test-dir/MiniOzoneClusterImpl-24f7eca7-c48c-4952-ad8b-43e154ea7cd7/datanode-3/data/ratis/d6573aba-22c9-4a14-97f8-d36297b74f78: Starting segment from index:0
2019-08-20 15:03:38,345 [6a1036d9-12c3-40f5-8094-5440fe3d038e:group-D36297B74F78:LeaderElection7] INFO  impl.RaftServerImpl (ServerState.java:setRaftConf(361)) - 6a1036d9-12c3-40f5-8094-5440fe3d038e:group-D36297B74F78 set configuration 0: [6a1036d9-12c3-40f5-8094-5440fe3d038e:192.168.5.139:45695], old=null at 0
2019-08-20 15:03:38,384 [6a1036d9-12c3-40f5-8094-5440fe3d038e-SegmentedRaftLogWorker:Storage Directory /workdir/hadoop-ozone/integration-test/target/test-dir/MiniOzoneClusterImpl-24f7eca7-c48c-4952-ad8b-43e154ea7cd7/datanode-3/data/ratis/d6573aba-22c9-4a14-97f8-d36297b74f78] INFO  segmented.SegmentedRaftLogWorker (SegmentedRaftLogWorker.java:execute(569)) - 6a1036d9-12c3-40f5-8094-5440fe3d038e-SegmentedRaftLogWorker:Storage Directory /workdir/hadoop-ozone/integration-test/target/test-dir/MiniOzoneClusterImpl-24f7eca7-c48c-4952-ad8b-43e154ea7cd7/datanode-3/data/ratis/d6573aba-22c9-4a14-97f8-d36297b74f78: created new log segment /workdir/hadoop-ozone/integration-test/target/test-dir/MiniOzoneClusterImpl-24f7eca7-c48c-4952-ad8b-43e154ea7cd7/datanode-3/data/ratis/d6573aba-22c9-4a14-97f8-d36297b74f78/current/log_inprogress_0
2019-08-20 15:03:38,395 [Thread-264] INFO  impl.FollowerState (FollowerState.java:run(106)) - 36e09339-9dd8-4013-a821-6974d22e740b:group-148C6D2B3700 changes to CANDIDATE, lastRpcTime:5068, electionTimeout:5068ms
2019-08-20 15:03:38,396 [Thread-264] INFO  impl.RoleInfo (RoleInfo.java:shutdownFollowerState(121)) - 36e09339-9dd8-4013-a821-6974d22e740b: shutdown FollowerState
2019-08-20 15:03:38,396 [Thread-264] INFO  impl.RaftServerImpl (RaftServerImpl.java:setRole(171)) - 36e09339-9dd8-4013-a821-6974d22e740b:group-148C6D2B3700 changes role from FOLLOWER to CANDIDATE at term 0 for changeToCandidate
2019-08-20 15:03:38,396 [Thread-264] INFO  impl.RoleInfo (RoleInfo.java:updateAndGet(143)) - 36e09339-9dd8-4013-a821-6974d22e740b: start LeaderElection
2019-08-20 15:03:38,411 [36e09339-9dd8-4013-a821-6974d22e740b:group-148C6D2B3700:LeaderElection8] INFO  impl.LeaderElection (LeaderElection.java:askForVotes(181)) - 36e09339-9dd8-4013-a821-6974d22e740b:group-148C6D2B3700:LeaderElection8: begin an election at term 1 for -1: [36e09339-9dd8-4013-a821-6974d22e740b:192.168.5.139:37692, 2923d27d-94e5-4a4d-9917-f06e3e9de6d6:192.168.5.139:36527, c8a52875-dc52-43bc-af24-370bbdbe5589:192.168.5.139:38327], old=null
2019-08-20 15:03:38,436 [grpc-default-executor-0] INFO  impl.RaftServerImpl (RaftServerImpl.java:setRole(171)) - 2923d27d-94e5-4a4d-9917-f06e3e9de6d6:group-148C6D2B3700 changes role from FOLLOWER to FOLLOWER at term 1 for recognizeCandidate:36e09339-9dd8-4013-a821-6974d22e740b
2019-08-20 15:03:38,436 [grpc-default-executor-2] INFO  impl.RaftServerImpl (RaftServerImpl.java:setRole(171)) - c8a52875-dc52-43bc-af24-370bbdbe5589:group-148C6D2B3700 changes role from FOLLOWER to FOLLOWER at term 1 for recognizeCandidate:36e09339-9dd8-4013-a821-6974d22e740b
2019-08-20 15:03:38,436 [grpc-default-executor-0] INFO  impl.RoleInfo (RoleInfo.java:shutdownFollowerState(121)) - 2923d27d-94e5-4a4d-9917-f06e3e9de6d6: shutdown FollowerState
2019-08-20 15:03:38,436 [grpc-default-executor-2] INFO  impl.RoleInfo (RoleInfo.java:shutdownFollowerState(121)) - c8a52875-dc52-43bc-af24-370bbdbe5589: shutdown FollowerState
2019-08-20 15:03:38,436 [grpc-default-executor-0] INFO  impl.RoleInfo (RoleInfo.java:updateAndGet(143)) - 2923d27d-94e5-4a4d-9917-f06e3e9de6d6: start FollowerState
2019-08-20 15:03:38,436 [grpc-default-executor-2] INFO  impl.RoleInfo (RoleInfo.java:updateAndGet(143)) - c8a52875-dc52-43bc-af24-370bbdbe5589: start FollowerState
2019-08-20 15:03:38,437 [Thread-265] INFO  impl.FollowerState (FollowerState.java:run(114)) - c8a52875-dc52-43bc-af24-370bbdbe5589: FollowerState was interrupted: java.lang.InterruptedException: sleep interrupted
2019-08-20 15:03:38,436 [Thread-260] INFO  impl.FollowerState (FollowerState.java:run(114)) - 2923d27d-94e5-4a4d-9917-f06e3e9de6d6: FollowerState was interrupted: java.lang.InterruptedException: sleep interrupted
2019-08-20 15:03:38,446 | INFO  | SCMAudit | user=jenkins1000 | ip=192.168.5.139 | op=SEND_HEARTBEAT {datanodeUUID=36e09339-9dd8-4013-a821-6974d22e740b, command=[]} | ret=SUCCESS |  
2019-08-20 15:03:38,462 [36e09339-9dd8-4013-a821-6974d22e740b:group-148C6D2B3700:LeaderElection8] INFO  impl.LeaderElection (LeaderElection.java:logAndReturn(56)) - 36e09339-9dd8-4013-a821-6974d22e740b:group-148C6D2B3700:LeaderElection8: Election PASSED; received 1 response(s) [36e09339-9dd8-4013-a821-6974d22e740b<-c8a52875-dc52-43bc-af24-370bbdbe5589#0:OK-t1] and 0 exception(s); 36e09339-9dd8-4013-a821-6974d22e740b:t1, leader=null, voted=36e09339-9dd8-4013-a821-6974d22e740b, raftlog=36e09339-9dd8-4013-a821-6974d22e740b-SegmentedRaftLog:OPENED:c-1,f-1,i0, conf=-1: [36e09339-9dd8-4013-a821-6974d22e740b:192.168.5.139:37692, 2923d27d-94e5-4a4d-9917-f06e3e9de6d6:192.168.5.139:36527, c8a52875-dc52-43bc-af24-370bbdbe5589:192.168.5.139:38327], old=null
2019-08-20 15:03:38,462 [36e09339-9dd8-4013-a821-6974d22e740b:group-148C6D2B3700:LeaderElection8] INFO  impl.RoleInfo (RoleInfo.java:shutdownLeaderElection(134)) - 36e09339-9dd8-4013-a821-6974d22e740b: shutdown LeaderElection
2019-08-20 15:03:38,463 [36e09339-9dd8-4013-a821-6974d22e740b:group-148C6D2B3700:LeaderElection8] INFO  impl.RaftServerImpl (RaftServerImpl.java:setRole(171)) - 36e09339-9dd8-4013-a821-6974d22e740b:group-148C6D2B3700 changes role from CANDIDATE to LEADER at term 1 for changeToLeader
2019-08-20 15:03:38,465 [36e09339-9dd8-4013-a821-6974d22e740b:group-148C6D2B3700:LeaderElection8] INFO  impl.RaftServerImpl (ServerState.java:setLeader(263)) - 36e09339-9dd8-4013-a821-6974d22e740b:group-148C6D2B3700 change Leader from null to 36e09339-9dd8-4013-a821-6974d22e740b at term 1 for becomeLeader, leader elected after 5149ms
2019-08-20 15:03:38,465 [36e09339-9dd8-4013-a821-6974d22e740b:group-148C6D2B3700:LeaderElection8] INFO  server.RaftServerConfigKeys (ConfUtils.java:logGet(43)) - raft.server.staging.catchup.gap = 1000 (default)
2019-08-20 15:03:38,465 [36e09339-9dd8-4013-a821-6974d22e740b:group-148C6D2B3700:LeaderElection8] INFO  server.RaftServerConfigKeys (ConfUtils.java:logGet(43)) - raft.server.rpc.sleep.time = 25ms (default)
2019-08-20 15:03:38,465 [36e09339-9dd8-4013-a821-6974d22e740b:group-148C6D2B3700:LeaderElection8] INFO  server.RaftServerConfigKeys (ConfUtils.java:logGet(43)) - raft.server.write.element-limit = 4096 (default)
2019-08-20 15:03:38,465 [36e09339-9dd8-4013-a821-6974d22e740b:group-148C6D2B3700:LeaderElection8] INFO  server.RaftServerConfigKeys (ConfUtils.java:logGet(43)) - raft.server.watch.timeout = 10s (default)
2019-08-20 15:03:38,466 [36e09339-9dd8-4013-a821-6974d22e740b:group-148C6D2B3700:LeaderElection8] INFO  server.RaftServerConfigKeys (ConfUtils.java:logGet(43)) - raft.server.watch.timeout.denomination = 1s (default)
2019-08-20 15:03:38,466 [36e09339-9dd8-4013-a821-6974d22e740b:group-148C6D2B3700:LeaderElection8] INFO  server.RaftServerConfigKeys (ConfUtils.java:logGet(43)) - raft.server.watch.element-limit = 65536 (default)
2019-08-20 15:03:38,468 [36e09339-9dd8-4013-a821-6974d22e740b:group-148C6D2B3700:LeaderElection8] INFO  server.RaftServerConfigKeys (ConfUtils.java:logGet(43)) - raft.server.log.appender.snapshot.chunk.size.max = 16MB (=16777216) (default)
2019-08-20 15:03:38,468 [36e09339-9dd8-4013-a821-6974d22e740b:group-148C6D2B3700:LeaderElection8] INFO  server.RaftServerConfigKeys (ConfUtils.java:logGet(43)) - raft.server.log.appender.buffer.byte-limit = 33554432 (custom)
2019-08-20 15:03:38,469 [36e09339-9dd8-4013-a821-6974d22e740b:group-148C6D2B3700:LeaderElection8] INFO  server.RaftServerConfigKeys (ConfUtils.java:logGet(43)) - raft.server.log.appender.buffer.element-limit = 1 (custom)
2019-08-20 15:03:38,472 [36e09339-9dd8-4013-a821-6974d22e740b:group-148C6D2B3700:LeaderElection8] INFO  grpc.GrpcConfigKeys$Server (ConfUtils.java:logGet(43)) - raft.grpc.server.leader.outstanding.appends.max = 128 (default)
2019-08-20 15:03:38,474 [36e09339-9dd8-4013-a821-6974d22e740b:group-148C6D2B3700:LeaderElection8] INFO  server.RaftServerConfigKeys (ConfUtils.java:logGet(43)) - raft.server.rpc.request.timeout = 3000ms (default)
2019-08-20 15:03:38,474 [36e09339-9dd8-4013-a821-6974d22e740b:group-148C6D2B3700:LeaderElection8] INFO  server.RaftServerConfigKeys (ConfUtils.java:logGet(43)) - raft.server.log.appender.install.snapshot.enabled = false (custom)
2019-08-20 15:03:38,474 [36e09339-9dd8-4013-a821-6974d22e740b:group-148C6D2B3700:LeaderElection8] INFO  server.RaftServerConfigKeys (ConfUtils.java:logGet(43)) - raft.server.log.appender.snapshot.chunk.size.max = 16MB (=16777216) (default)
2019-08-20 15:03:38,475 [36e09339-9dd8-4013-a821-6974d22e740b:group-148C6D2B3700:LeaderElection8] INFO  server.RaftServerConfigKeys (ConfUtils.java:logGet(43)) - raft.server.log.appender.buffer.byte-limit = 33554432 (custom)
2019-08-20 15:03:38,475 [36e09339-9dd8-4013-a821-6974d22e740b:group-148C6D2B3700:LeaderElection8] INFO  server.RaftServerConfigKeys (ConfUtils.java:logGet(43)) - raft.server.log.appender.buffer.element-limit = 1 (custom)
2019-08-20 15:03:38,475 [36e09339-9dd8-4013-a821-6974d22e740b:group-148C6D2B3700:LeaderElection8] INFO  grpc.GrpcConfigKeys$Server (ConfUtils.java:logGet(43)) - raft.grpc.server.leader.outstanding.appends.max = 128 (default)
2019-08-20 15:03:38,475 [36e09339-9dd8-4013-a821-6974d22e740b:group-148C6D2B3700:LeaderElection8] INFO  server.RaftServerConfigKeys (ConfUtils.java:logGet(43)) - raft.server.rpc.request.timeout = 3000ms (default)
2019-08-20 15:03:38,475 [36e09339-9dd8-4013-a821-6974d22e740b:group-148C6D2B3700:LeaderElection8] INFO  server.RaftServerConfigKeys (ConfUtils.java:logGet(43)) - raft.server.log.appender.install.snapshot.enabled = false (custom)
2019-08-20 15:03:38,477 [36e09339-9dd8-4013-a821-6974d22e740b:group-148C6D2B3700:LeaderElection8] INFO  impl.RoleInfo (RoleInfo.java:updateAndGet(143)) - 36e09339-9dd8-4013-a821-6974d22e740b: start LeaderState
2019-08-20 15:03:38,477 [36e09339-9dd8-4013-a821-6974d22e740b:group-148C6D2B3700:LeaderElection8] INFO  segmented.SegmentedRaftLogWorker (SegmentedRaftLogWorker.java:startLogSegment(380)) - 36e09339-9dd8-4013-a821-6974d22e740b-SegmentedRaftLogWorker:Storage Directory /workdir/hadoop-ozone/integration-test/target/test-dir/MiniOzoneClusterImpl-24f7eca7-c48c-4952-ad8b-43e154ea7cd7/datanode-4/data/ratis/b60bb38e-4923-467e-b7fe-148c6d2b3700: Starting segment from index:0
2019-08-20 15:03:38,478 [36e09339-9dd8-4013-a821-6974d22e740b:group-148C6D2B3700:LeaderElection8] INFO  impl.RaftServerImpl (ServerState.java:setRaftConf(361)) - 36e09339-9dd8-4013-a821-6974d22e740b:group-148C6D2B3700 set configuration 0: [36e09339-9dd8-4013-a821-6974d22e740b:192.168.5.139:37692, 2923d27d-94e5-4a4d-9917-f06e3e9de6d6:192.168.5.139:36527, c8a52875-dc52-43bc-af24-370bbdbe5589:192.168.5.139:38327], old=null at 0
2019-08-20 15:03:38,516 [36e09339-9dd8-4013-a821-6974d22e740b-SegmentedRaftLogWorker:Storage Directory /workdir/hadoop-ozone/integration-test/target/test-dir/MiniOzoneClusterImpl-24f7eca7-c48c-4952-ad8b-43e154ea7cd7/datanode-4/data/ratis/b60bb38e-4923-467e-b7fe-148c6d2b3700] INFO  segmented.SegmentedRaftLogWorker (SegmentedRaftLogWorker.java:execute(569)) - 36e09339-9dd8-4013-a821-6974d22e740b-SegmentedRaftLogWorker:Storage Directory /workdir/hadoop-ozone/integration-test/target/test-dir/MiniOzoneClusterImpl-24f7eca7-c48c-4952-ad8b-43e154ea7cd7/datanode-4/data/ratis/b60bb38e-4923-467e-b7fe-148c6d2b3700: created new log segment /workdir/hadoop-ozone/integration-test/target/test-dir/MiniOzoneClusterImpl-24f7eca7-c48c-4952-ad8b-43e154ea7cd7/datanode-4/data/ratis/b60bb38e-4923-467e-b7fe-148c6d2b3700/current/log_inprogress_0
2019-08-20 15:03:38,517 [Thread-273] INFO  impl.FollowerState (FollowerState.java:run(106)) - 81e6f177-0aa0-4cea-a559-904193532cd7:group-9ABDFB0D4108 changes to CANDIDATE, lastRpcTime:5094, electionTimeout:5094ms
2019-08-20 15:03:38,518 [Thread-273] INFO  impl.RoleInfo (RoleInfo.java:shutdownFollowerState(121)) - 81e6f177-0aa0-4cea-a559-904193532cd7: shutdown FollowerState
2019-08-20 15:03:38,518 [Thread-273] INFO  impl.RaftServerImpl (RaftServerImpl.java:setRole(171)) - 81e6f177-0aa0-4cea-a559-904193532cd7:group-9ABDFB0D4108 changes role from FOLLOWER to CANDIDATE at term 0 for changeToCandidate
2019-08-20 15:03:38,518 [Thread-273] INFO  impl.RoleInfo (RoleInfo.java:updateAndGet(143)) - 81e6f177-0aa0-4cea-a559-904193532cd7: start LeaderElection
2019-08-20 15:03:38,524 [grpc-default-executor-0] INFO  impl.RaftServerImpl (ServerState.java:setLeader(263)) - c8a52875-dc52-43bc-af24-370bbdbe5589:group-148C6D2B3700 change Leader from null to 36e09339-9dd8-4013-a821-6974d22e740b at term 1 for appendEntries, leader elected after 5208ms
2019-08-20 15:03:38,525 [Thread-274] INFO  impl.FollowerState (FollowerState.java:run(106)) - fb8329f7-6337-4286-bcd2-d612923e448c:group-9ABDFB0D4108 changes to CANDIDATE, lastRpcTime:5101, electionTimeout:5101ms
2019-08-20 15:03:38,524 [grpc-default-executor-2] INFO  impl.RaftServerImpl (ServerState.java:setLeader(263)) - 2923d27d-94e5-4a4d-9917-f06e3e9de6d6:group-148C6D2B3700 change Leader from null to 36e09339-9dd8-4013-a821-6974d22e740b at term 1 for appendEntries, leader elected after 5208ms
2019-08-20 15:03:38,525 [Thread-274] INFO  impl.RoleInfo (RoleInfo.java:shutdownFollowerState(121)) - fb8329f7-6337-4286-bcd2-d612923e448c: shutdown FollowerState
2019-08-20 15:03:38,525 [Thread-274] INFO  impl.RaftServerImpl (RaftServerImpl.java:setRole(171)) - fb8329f7-6337-4286-bcd2-d612923e448c:group-9ABDFB0D4108 changes role from FOLLOWER to CANDIDATE at term 0 for changeToCandidate
2019-08-20 15:03:38,526 [Thread-274] INFO  impl.RoleInfo (RoleInfo.java:updateAndGet(143)) - fb8329f7-6337-4286-bcd2-d612923e448c: start LeaderElection
2019-08-20 15:03:38,530 [81e6f177-0aa0-4cea-a559-904193532cd7:group-9ABDFB0D4108:LeaderElection9] INFO  impl.LeaderElection (LeaderElection.java:askForVotes(181)) - 81e6f177-0aa0-4cea-a559-904193532cd7:group-9ABDFB0D4108:LeaderElection9: begin an election at term 1 for -1: [6a1036d9-12c3-40f5-8094-5440fe3d038e:192.168.5.139:45695, fb8329f7-6337-4286-bcd2-d612923e448c:192.168.5.139:38744, 81e6f177-0aa0-4cea-a559-904193532cd7:192.168.5.139:40757], old=null
2019-08-20 15:03:38,532 [fb8329f7-6337-4286-bcd2-d612923e448c:group-9ABDFB0D4108:LeaderElection10] INFO  impl.LeaderElection (LeaderElection.java:askForVotes(181)) - fb8329f7-6337-4286-bcd2-d612923e448c:group-9ABDFB0D4108:LeaderElection10: begin an election at term 1 for -1: [6a1036d9-12c3-40f5-8094-5440fe3d038e:192.168.5.139:45695, fb8329f7-6337-4286-bcd2-d612923e448c:192.168.5.139:38744, 81e6f177-0aa0-4cea-a559-904193532cd7:192.168.5.139:40757], old=null
2019-08-20 15:03:38,561 [grpc-default-executor-3] INFO  impl.RaftServerImpl (RaftServerImpl.java:setRole(171)) - 6a1036d9-12c3-40f5-8094-5440fe3d038e:group-9ABDFB0D4108 changes role from FOLLOWER to FOLLOWER at term 1 for recognizeCandidate:fb8329f7-6337-4286-bcd2-d612923e448c
2019-08-20 15:03:38,561 [grpc-default-executor-3] INFO  impl.RoleInfo (RoleInfo.java:shutdownFollowerState(121)) - 6a1036d9-12c3-40f5-8094-5440fe3d038e: shutdown FollowerState
2019-08-20 15:03:38,562 [grpc-default-executor-3] INFO  impl.RoleInfo (RoleInfo.java:updateAndGet(143)) - 6a1036d9-12c3-40f5-8094-5440fe3d038e: start FollowerState
2019-08-20 15:03:38,562 [Thread-269] INFO  impl.FollowerState (FollowerState.java:run(114)) - 6a1036d9-12c3-40f5-8094-5440fe3d038e: FollowerState was interrupted: java.lang.InterruptedException: sleep interrupted
2019-08-20 15:03:38,585 [81e6f177-0aa0-4cea-a559-904193532cd7:group-9ABDFB0D4108:LeaderElection9] INFO  impl.LeaderElection (LeaderElection.java:logAndReturn(56)) - 81e6f177-0aa0-4cea-a559-904193532cd7:group-9ABDFB0D4108:LeaderElection9: Election REJECTED; received 2 response(s) [81e6f177-0aa0-4cea-a559-904193532cd7<-6a1036d9-12c3-40f5-8094-5440fe3d038e#0:FAIL-t1, 81e6f177-0aa0-4cea-a559-904193532cd7<-fb8329f7-6337-4286-bcd2-d612923e448c#0:FAIL-t1] and 0 exception(s); 81e6f177-0aa0-4cea-a559-904193532cd7:t1, leader=null, voted=81e6f177-0aa0-4cea-a559-904193532cd7, raftlog=81e6f177-0aa0-4cea-a559-904193532cd7-SegmentedRaftLog:OPENED:c-1,f-1,i0, conf=-1: [6a1036d9-12c3-40f5-8094-5440fe3d038e:192.168.5.139:45695, fb8329f7-6337-4286-bcd2-d612923e448c:192.168.5.139:38744, 81e6f177-0aa0-4cea-a559-904193532cd7:192.168.5.139:40757], old=null
2019-08-20 15:03:38,585 [fb8329f7-6337-4286-bcd2-d612923e448c:group-9ABDFB0D4108:LeaderElection10] INFO  impl.LeaderElection (LeaderElection.java:logAndReturn(56)) - fb8329f7-6337-4286-bcd2-d612923e448c:group-9ABDFB0D4108:LeaderElection10: Election PASSED; received 2 response(s) [fb8329f7-6337-4286-bcd2-d612923e448c<-6a1036d9-12c3-40f5-8094-5440fe3d038e#0:OK-t1, fb8329f7-6337-4286-bcd2-d612923e448c<-81e6f177-0aa0-4cea-a559-904193532cd7#0:FAIL-t1] and 0 exception(s); fb8329f7-6337-4286-bcd2-d612923e448c:t1, leader=null, voted=fb8329f7-6337-4286-bcd2-d612923e448c, raftlog=fb8329f7-6337-4286-bcd2-d612923e448c-SegmentedRaftLog:OPENED:c-1,f-1,i0, conf=-1: [6a1036d9-12c3-40f5-8094-5440fe3d038e:192.168.5.139:45695, fb8329f7-6337-4286-bcd2-d612923e448c:192.168.5.139:38744, 81e6f177-0aa0-4cea-a559-904193532cd7:192.168.5.139:40757], old=null
2019-08-20 15:03:38,585 [81e6f177-0aa0-4cea-a559-904193532cd7:group-9ABDFB0D4108:LeaderElection9] INFO  impl.RaftServerImpl (RaftServerImpl.java:setRole(171)) - 81e6f177-0aa0-4cea-a559-904193532cd7:group-9ABDFB0D4108 changes role from CANDIDATE to FOLLOWER at term 1 for DISCOVERED_A_NEW_TERM
2019-08-20 15:03:38,586 [fb8329f7-6337-4286-bcd2-d612923e448c:group-9ABDFB0D4108:LeaderElection10] INFO  impl.RoleInfo (RoleInfo.java:shutdownLeaderElection(134)) - fb8329f7-6337-4286-bcd2-d612923e448c: shutdown LeaderElection
2019-08-20 15:03:38,589 [81e6f177-0aa0-4cea-a559-904193532cd7:group-9ABDFB0D4108:LeaderElection9] INFO  impl.RoleInfo (RoleInfo.java:shutdownLeaderElection(134)) - 81e6f177-0aa0-4cea-a559-904193532cd7: shutdown LeaderElection
2019-08-20 15:03:38,589 [fb8329f7-6337-4286-bcd2-d612923e448c:group-9ABDFB0D4108:LeaderElection10] INFO  impl.RaftServerImpl (RaftServerImpl.java:setRole(171)) - fb8329f7-6337-4286-bcd2-d612923e448c:group-9ABDFB0D4108 changes role from CANDIDATE to LEADER at term 1 for changeToLeader
2019-08-20 15:03:38,589 [81e6f177-0aa0-4cea-a559-904193532cd7:group-9ABDFB0D4108:LeaderElection9] INFO  impl.RoleInfo (RoleInfo.java:updateAndGet(143)) - 81e6f177-0aa0-4cea-a559-904193532cd7: start FollowerState
2019-08-20 15:03:38,589 [fb8329f7-6337-4286-bcd2-d612923e448c:group-9ABDFB0D4108:LeaderElection10] INFO  impl.RaftServerImpl (ServerState.java:setLeader(263)) - fb8329f7-6337-4286-bcd2-d612923e448c:group-9ABDFB0D4108 change Leader from null to fb8329f7-6337-4286-bcd2-d612923e448c at term 1 for becomeLeader, leader elected after 5180ms
2019-08-20 15:03:38,589 [fb8329f7-6337-4286-bcd2-d612923e448c:group-9ABDFB0D4108:LeaderElection10] INFO  server.RaftServerConfigKeys (ConfUtils.java:logGet(43)) - raft.server.staging.catchup.gap = 1000 (default)
2019-08-20 15:03:38,591 [fb8329f7-6337-4286-bcd2-d612923e448c:group-9ABDFB0D4108:LeaderElection10] INFO  server.RaftServerConfigKeys (ConfUtils.java:logGet(43)) - raft.server.rpc.sleep.time = 25ms (default)
2019-08-20 15:03:38,591 [grpc-default-executor-2] INFO  impl.RaftServerImpl (ServerState.java:setRaftConf(361)) - c8a52875-dc52-43bc-af24-370bbdbe5589:group-148C6D2B3700 set configuration 0: [36e09339-9dd8-4013-a821-6974d22e740b:192.168.5.139:37692, 2923d27d-94e5-4a4d-9917-f06e3e9de6d6:192.168.5.139:36527, c8a52875-dc52-43bc-af24-370bbdbe5589:192.168.5.139:38327], old=null at 0
2019-08-20 15:03:38,591 [grpc-default-executor-1] INFO  impl.RaftServerImpl (ServerState.java:setRaftConf(361)) - 2923d27d-94e5-4a4d-9917-f06e3e9de6d6:group-148C6D2B3700 set configuration 0: [36e09339-9dd8-4013-a821-6974d22e740b:192.168.5.139:37692, 2923d27d-94e5-4a4d-9917-f06e3e9de6d6:192.168.5.139:36527, c8a52875-dc52-43bc-af24-370bbdbe5589:192.168.5.139:38327], old=null at 0
2019-08-20 15:03:38,591 [grpc-default-executor-2] INFO  segmented.SegmentedRaftLogWorker (SegmentedRaftLogWorker.java:startLogSegment(380)) - c8a52875-dc52-43bc-af24-370bbdbe5589-SegmentedRaftLogWorker:Storage Directory /workdir/hadoop-ozone/integration-test/target/test-dir/MiniOzoneClusterImpl-24f7eca7-c48c-4952-ad8b-43e154ea7cd7/datanode-1/data/ratis/b60bb38e-4923-467e-b7fe-148c6d2b3700: Starting segment from index:0
2019-08-20 15:03:38,591 | INFO  | SCMAudit | user=jenkins1000 | ip=192.168.5.139 | op=SEND_HEARTBEAT {datanodeUUID=a2d6af90-c3d5-480c-824b-ae12d5e723ac, command=[]} | ret=SUCCESS |  
2019-08-20 15:03:38,591 [fb8329f7-6337-4286-bcd2-d612923e448c:group-9ABDFB0D4108:LeaderElection10] INFO  server.RaftServerConfigKeys (ConfUtils.java:logGet(43)) - raft.server.write.element-limit = 4096 (default)
2019-08-20 15:03:38,591 [grpc-default-executor-1] INFO  segmented.SegmentedRaftLogWorker (SegmentedRaftLogWorker.java:startLogSegment(380)) - 2923d27d-94e5-4a4d-9917-f06e3e9de6d6-SegmentedRaftLogWorker:Storage Directory /workdir/hadoop-ozone/integration-test/target/test-dir/MiniOzoneClusterImpl-24f7eca7-c48c-4952-ad8b-43e154ea7cd7/datanode-2/data/ratis/b60bb38e-4923-467e-b7fe-148c6d2b3700: Starting segment from index:0
2019-08-20 15:03:38,592 [fb8329f7-6337-4286-bcd2-d612923e448c:group-9ABDFB0D4108:LeaderElection10] INFO  server.RaftServerConfigKeys (ConfUtils.java:logGet(43)) - raft.server.watch.timeout = 10s (default)
2019-08-20 15:03:38,592 [fb8329f7-6337-4286-bcd2-d612923e448c:group-9ABDFB0D4108:LeaderElection10] INFO  server.RaftServerConfigKeys (ConfUtils.java:logGet(43)) - raft.server.watch.timeout.denomination = 1s (default)
2019-08-20 15:03:38,592 [fb8329f7-6337-4286-bcd2-d612923e448c:group-9ABDFB0D4108:LeaderElection10] INFO  server.RaftServerConfigKeys (ConfUtils.java:logGet(43)) - raft.server.watch.element-limit = 65536 (default)
2019-08-20 15:03:38,592 [fb8329f7-6337-4286-bcd2-d612923e448c:group-9ABDFB0D4108:LeaderElection10] INFO  server.RaftServerConfigKeys (ConfUtils.java:logGet(43)) - raft.server.log.appender.snapshot.chunk.size.max = 16MB (=16777216) (default)
2019-08-20 15:03:38,593 [fb8329f7-6337-4286-bcd2-d612923e448c:group-9ABDFB0D4108:LeaderElection10] INFO  server.RaftServerConfigKeys (ConfUtils.java:logGet(43)) - raft.server.log.appender.buffer.byte-limit = 33554432 (custom)
2019-08-20 15:03:38,593 [fb8329f7-6337-4286-bcd2-d612923e448c:group-9ABDFB0D4108:LeaderElection10] INFO  server.RaftServerConfigKeys (ConfUtils.java:logGet(43)) - raft.server.log.appender.buffer.element-limit = 1 (custom)
2019-08-20 15:03:38,593 [fb8329f7-6337-4286-bcd2-d612923e448c:group-9ABDFB0D4108:LeaderElection10] INFO  grpc.GrpcConfigKeys$Server (ConfUtils.java:logGet(43)) - raft.grpc.server.leader.outstanding.appends.max = 128 (default)
2019-08-20 15:03:38,593 [fb8329f7-6337-4286-bcd2-d612923e448c:group-9ABDFB0D4108:LeaderElection10] INFO  server.RaftServerConfigKeys (ConfUtils.java:logGet(43)) - raft.server.rpc.request.timeout = 3000ms (default)
2019-08-20 15:03:38,594 [fb8329f7-6337-4286-bcd2-d612923e448c:group-9ABDFB0D4108:LeaderElection10] INFO  server.RaftServerConfigKeys (ConfUtils.java:logGet(43)) - raft.server.log.appender.install.snapshot.enabled = false (custom)
2019-08-20 15:03:38,594 [fb8329f7-6337-4286-bcd2-d612923e448c:group-9ABDFB0D4108:LeaderElection10] INFO  server.RaftServerConfigKeys (ConfUtils.java:logGet(43)) - raft.server.log.appender.snapshot.chunk.size.max = 16MB (=16777216) (default)
2019-08-20 15:03:38,594 [fb8329f7-6337-4286-bcd2-d612923e448c:group-9ABDFB0D4108:LeaderElection10] INFO  server.RaftServerConfigKeys (ConfUtils.java:logGet(43)) - raft.server.log.appender.buffer.byte-limit = 33554432 (custom)
2019-08-20 15:03:38,594 [fb8329f7-6337-4286-bcd2-d612923e448c:group-9ABDFB0D4108:LeaderElection10] INFO  server.RaftServerConfigKeys (ConfUtils.java:logGet(43)) - raft.server.log.appender.buffer.element-limit = 1 (custom)
2019-08-20 15:03:38,595 [fb8329f7-6337-4286-bcd2-d612923e448c:group-9ABDFB0D4108:LeaderElection10] INFO  grpc.GrpcConfigKeys$Server (ConfUtils.java:logGet(43)) - raft.grpc.server.leader.outstanding.appends.max = 128 (default)
2019-08-20 15:03:38,595 [fb8329f7-6337-4286-bcd2-d612923e448c:group-9ABDFB0D4108:LeaderElection10] INFO  server.RaftServerConfigKeys (ConfUtils.java:logGet(43)) - raft.server.rpc.request.timeout = 3000ms (default)
2019-08-20 15:03:38,595 [fb8329f7-6337-4286-bcd2-d612923e448c:group-9ABDFB0D4108:LeaderElection10] INFO  server.RaftServerConfigKeys (ConfUtils.java:logGet(43)) - raft.server.log.appender.install.snapshot.enabled = false (custom)
2019-08-20 15:03:38,595 [fb8329f7-6337-4286-bcd2-d612923e448c:group-9ABDFB0D4108:LeaderElection10] INFO  impl.RoleInfo (RoleInfo.java:updateAndGet(143)) - fb8329f7-6337-4286-bcd2-d612923e448c: start LeaderState
2019-08-20 15:03:38,596 [fb8329f7-6337-4286-bcd2-d612923e448c:group-9ABDFB0D4108:LeaderElection10] INFO  segmented.SegmentedRaftLogWorker (SegmentedRaftLogWorker.java:startLogSegment(380)) - fb8329f7-6337-4286-bcd2-d612923e448c-SegmentedRaftLogWorker:Storage Directory /workdir/hadoop-ozone/integration-test/target/test-dir/MiniOzoneClusterImpl-24f7eca7-c48c-4952-ad8b-43e154ea7cd7/datanode-6/data/ratis/6ea0278c-aa29-493a-b2aa-9abdfb0d4108: Starting segment from index:0
2019-08-20 15:03:38,596 [fb8329f7-6337-4286-bcd2-d612923e448c:group-9ABDFB0D4108:LeaderElection10] INFO  impl.RaftServerImpl (ServerState.java:setRaftConf(361)) - fb8329f7-6337-4286-bcd2-d612923e448c:group-9ABDFB0D4108 set configuration 0: [6a1036d9-12c3-40f5-8094-5440fe3d038e:192.168.5.139:45695, fb8329f7-6337-4286-bcd2-d612923e448c:192.168.5.139:38744, 81e6f177-0aa0-4cea-a559-904193532cd7:192.168.5.139:40757], old=null at 0
2019-08-20 15:03:38,627 [grpc-default-executor-1] INFO  impl.RaftServerImpl (ServerState.java:setLeader(263)) - 6a1036d9-12c3-40f5-8094-5440fe3d038e:group-9ABDFB0D4108 change Leader from null to fb8329f7-6337-4286-bcd2-d612923e448c at term 1 for appendEntries, leader elected after 5218ms
2019-08-20 15:03:38,627 [grpc-default-executor-3] INFO  impl.RaftServerImpl (ServerState.java:setLeader(263)) - 81e6f177-0aa0-4cea-a559-904193532cd7:group-9ABDFB0D4108 change Leader from null to fb8329f7-6337-4286-bcd2-d612923e448c at term 1 for appendEntries, leader elected after 5218ms
2019-08-20 15:03:38,633 [2923d27d-94e5-4a4d-9917-f06e3e9de6d6-SegmentedRaftLogWorker:Storage Directory /workdir/hadoop-ozone/integration-test/target/test-dir/MiniOzoneClusterImpl-24f7eca7-c48c-4952-ad8b-43e154ea7cd7/datanode-2/data/ratis/b60bb38e-4923-467e-b7fe-148c6d2b3700] INFO  segmented.SegmentedRaftLogWorker (SegmentedRaftLogWorker.java:execute(569)) - 2923d27d-94e5-4a4d-9917-f06e3e9de6d6-SegmentedRaftLogWorker:Storage Directory /workdir/hadoop-ozone/integration-test/target/test-dir/MiniOzoneClusterImpl-24f7eca7-c48c-4952-ad8b-43e154ea7cd7/datanode-2/data/ratis/b60bb38e-4923-467e-b7fe-148c6d2b3700: created new log segment /workdir/hadoop-ozone/integration-test/target/test-dir/MiniOzoneClusterImpl-24f7eca7-c48c-4952-ad8b-43e154ea7cd7/datanode-2/data/ratis/b60bb38e-4923-467e-b7fe-148c6d2b3700/current/log_inprogress_0
2019-08-20 15:03:38,633 [c8a52875-dc52-43bc-af24-370bbdbe5589-SegmentedRaftLogWorker:Storage Directory /workdir/hadoop-ozone/integration-test/target/test-dir/MiniOzoneClusterImpl-24f7eca7-c48c-4952-ad8b-43e154ea7cd7/datanode-1/data/ratis/b60bb38e-4923-467e-b7fe-148c6d2b3700] INFO  segmented.SegmentedRaftLogWorker (SegmentedRaftLogWorker.java:execute(569)) - c8a52875-dc52-43bc-af24-370bbdbe5589-SegmentedRaftLogWorker:Storage Directory /workdir/hadoop-ozone/integration-test/target/test-dir/MiniOzoneClusterImpl-24f7eca7-c48c-4952-ad8b-43e154ea7cd7/datanode-1/data/ratis/b60bb38e-4923-467e-b7fe-148c6d2b3700: created new log segment /workdir/hadoop-ozone/integration-test/target/test-dir/MiniOzoneClusterImpl-24f7eca7-c48c-4952-ad8b-43e154ea7cd7/datanode-1/data/ratis/b60bb38e-4923-467e-b7fe-148c6d2b3700/current/log_inprogress_0
2019-08-20 15:03:38,633 [grpc-default-executor-1] INFO  impl.RaftServerImpl (ServerState.java:setRaftConf(361)) - 6a1036d9-12c3-40f5-8094-5440fe3d038e:group-9ABDFB0D4108 set configuration 0: [6a1036d9-12c3-40f5-8094-5440fe3d038e:192.168.5.139:45695, fb8329f7-6337-4286-bcd2-d612923e448c:192.168.5.139:38744, 81e6f177-0aa0-4cea-a559-904193532cd7:192.168.5.139:40757], old=null at 0
2019-08-20 15:03:38,633 [fb8329f7-6337-4286-bcd2-d612923e448c-SegmentedRaftLogWorker:Storage Directory /workdir/hadoop-ozone/integration-test/target/test-dir/MiniOzoneClusterImpl-24f7eca7-c48c-4952-ad8b-43e154ea7cd7/datanode-6/data/ratis/6ea0278c-aa29-493a-b2aa-9abdfb0d4108] INFO  segmented.SegmentedRaftLogWorker (SegmentedRaftLogWorker.java:execute(569)) - fb8329f7-6337-4286-bcd2-d612923e448c-SegmentedRaftLogWorker:Storage Directory /workdir/hadoop-ozone/integration-test/target/test-dir/MiniOzoneClusterImpl-24f7eca7-c48c-4952-ad8b-43e154ea7cd7/datanode-6/data/ratis/6ea0278c-aa29-493a-b2aa-9abdfb0d4108: created new log segment /workdir/hadoop-ozone/integration-test/target/test-dir/MiniOzoneClusterImpl-24f7eca7-c48c-4952-ad8b-43e154ea7cd7/datanode-6/data/ratis/6ea0278c-aa29-493a-b2aa-9abdfb0d4108/current/log_inprogress_0
2019-08-20 15:03:38,636 [grpc-default-executor-3] INFO  impl.RaftServerImpl (ServerState.java:setRaftConf(361)) - 81e6f177-0aa0-4cea-a559-904193532cd7:group-9ABDFB0D4108 set configuration 0: [6a1036d9-12c3-40f5-8094-5440fe3d038e:192.168.5.139:45695, fb8329f7-6337-4286-bcd2-d612923e448c:192.168.5.139:38744, 81e6f177-0aa0-4cea-a559-904193532cd7:192.168.5.139:40757], old=null at 0
2019-08-20 15:03:38,636 [grpc-default-executor-1] INFO  segmented.SegmentedRaftLogWorker (SegmentedRaftLogWorker.java:startLogSegment(380)) - 6a1036d9-12c3-40f5-8094-5440fe3d038e-SegmentedRaftLogWorker:Storage Directory /workdir/hadoop-ozone/integration-test/target/test-dir/MiniOzoneClusterImpl-24f7eca7-c48c-4952-ad8b-43e154ea7cd7/datanode-3/data/ratis/6ea0278c-aa29-493a-b2aa-9abdfb0d4108: Starting segment from index:0
2019-08-20 15:03:38,638 [grpc-default-executor-3] INFO  segmented.SegmentedRaftLogWorker (SegmentedRaftLogWorker.java:startLogSegment(380)) - 81e6f177-0aa0-4cea-a559-904193532cd7-SegmentedRaftLogWorker:Storage Directory /workdir/hadoop-ozone/integration-test/target/test-dir/MiniOzoneClusterImpl-24f7eca7-c48c-4952-ad8b-43e154ea7cd7/datanode-5/data/ratis/6ea0278c-aa29-493a-b2aa-9abdfb0d4108: Starting segment from index:0
2019-08-20 15:03:38,636 [grpc-default-executor-2] INFO  client.GrpcClientProtocolClient (GrpcClientProtocolClient.java:onNext(255)) - client-B5C9F3766F48->c8a52875-dc52-43bc-af24-370bbdbe5589: receive RaftClientReply:client-B5C9F3766F48->c8a52875-dc52-43bc-af24-370bbdbe5589@group-148C6D2B3700, cid=13, FAILED org.apache.ratis.protocol.NotLeaderException: Server c8a52875-dc52-43bc-af24-370bbdbe5589 is not the leader (36e09339-9dd8-4013-a821-6974d22e740b:192.168.5.139:37692). Request must be sent to leader., logIndex=0, commits[c8a52875-dc52-43bc-af24-370bbdbe5589:c-1, 36e09339-9dd8-4013-a821-6974d22e740b:c0, 2923d27d-94e5-4a4d-9917-f06e3e9de6d6:c-1]
2019-08-20 15:03:38,705 [6a1036d9-12c3-40f5-8094-5440fe3d038e-SegmentedRaftLogWorker:Storage Directory /workdir/hadoop-ozone/integration-test/target/test-dir/MiniOzoneClusterImpl-24f7eca7-c48c-4952-ad8b-43e154ea7cd7/datanode-3/data/ratis/6ea0278c-aa29-493a-b2aa-9abdfb0d4108] INFO  segmented.SegmentedRaftLogWorker (SegmentedRaftLogWorker.java:execute(569)) - 6a1036d9-12c3-40f5-8094-5440fe3d038e-SegmentedRaftLogWorker:Storage Directory /workdir/hadoop-ozone/integration-test/target/test-dir/MiniOzoneClusterImpl-24f7eca7-c48c-4952-ad8b-43e154ea7cd7/datanode-3/data/ratis/6ea0278c-aa29-493a-b2aa-9abdfb0d4108: created new log segment /workdir/hadoop-ozone/integration-test/target/test-dir/MiniOzoneClusterImpl-24f7eca7-c48c-4952-ad8b-43e154ea7cd7/datanode-3/data/ratis/6ea0278c-aa29-493a-b2aa-9abdfb0d4108/current/log_inprogress_0
2019-08-20 15:03:38,732 [81e6f177-0aa0-4cea-a559-904193532cd7-SegmentedRaftLogWorker:Storage Directory /workdir/hadoop-ozone/integration-test/target/test-dir/MiniOzoneClusterImpl-24f7eca7-c48c-4952-ad8b-43e154ea7cd7/datanode-5/data/ratis/6ea0278c-aa29-493a-b2aa-9abdfb0d4108] INFO  segmented.SegmentedRaftLogWorker (SegmentedRaftLogWorker.java:execute(569)) - 81e6f177-0aa0-4cea-a559-904193532cd7-SegmentedRaftLogWorker:Storage Directory /workdir/hadoop-ozone/integration-test/target/test-dir/MiniOzoneClusterImpl-24f7eca7-c48c-4952-ad8b-43e154ea7cd7/datanode-5/data/ratis/6ea0278c-aa29-493a-b2aa-9abdfb0d4108: created new log segment /workdir/hadoop-ozone/integration-test/target/test-dir/MiniOzoneClusterImpl-24f7eca7-c48c-4952-ad8b-43e154ea7cd7/datanode-5/data/ratis/6ea0278c-aa29-493a-b2aa-9abdfb0d4108/current/log_inprogress_0
2019-08-20 15:03:38,747 | INFO  | SCMAudit | user=jenkins1000 | ip=192.168.5.139 | op=SEND_HEARTBEAT {datanodeUUID=81e6f177-0aa0-4cea-a559-904193532cd7, command=[]} | ret=SUCCESS |  
2019-08-20 15:03:38,796 | INFO  | SCMAudit | user=jenkins1000 | ip=192.168.5.139 | op=SEND_HEARTBEAT {datanodeUUID=c8a52875-dc52-43bc-af24-370bbdbe5589, command=[]} | ret=SUCCESS |  
2019-08-20 15:03:38,873 | INFO  | SCMAudit | user=jenkins1000 | ip=192.168.5.139 | op=SEND_HEARTBEAT {datanodeUUID=36e09339-9dd8-4013-a821-6974d22e740b, command=[]} | ret=SUCCESS |  
2019-08-20 15:03:38,890 | INFO  | DNAudit | user=null | ip=null | op=WRITE_CHUNK {blockData=conID: 1 locID: 102649915924545537 bcsId: 0} | ret=SUCCESS |  
2019-08-20 15:03:38,900 | INFO  | DNAudit | user=null | ip=null | op=WRITE_CHUNK {blockData=conID: 1 locID: 102649915924545537 bcsId: 0} | ret=SUCCESS |  
2019-08-20 15:03:38,901 | INFO  | SCMAudit | user=jenkins1000 | ip=192.168.5.139 | op=SEND_HEARTBEAT {datanodeUUID=2923d27d-94e5-4a4d-9917-f06e3e9de6d6, command=[]} | ret=SUCCESS |  
2019-08-20 15:03:38,917 | INFO  | DNAudit | user=null | ip=null | op=WRITE_CHUNK {blockData=conID: 1 locID: 102649915924545537 bcsId: 0} | ret=SUCCESS |  
2019-08-20 15:03:38,918 | INFO  | SCMAudit | user=jenkins1000 | ip=192.168.5.139 | op=SEND_HEARTBEAT {datanodeUUID=c8a52875-dc52-43bc-af24-370bbdbe5589, command=[]} | ret=SUCCESS |  
2019-08-20 15:03:38,921 | INFO  | DNAudit | user=null | ip=null | op=WRITE_CHUNK {blockData=conID: 1 locID: 102649915924545537 bcsId: 0} | ret=SUCCESS |  
2019-08-20 15:03:38,927 | INFO  | SCMAudit | user=jenkins1000 | ip=192.168.5.139 | op=SEND_HEARTBEAT {datanodeUUID=fb8329f7-6337-4286-bcd2-d612923e448c, command=[]} | ret=SUCCESS |  
2019-08-20 15:03:38,934 | INFO  | DNAudit | user=null | ip=null | op=WRITE_CHUNK {blockData=conID: 1 locID: 102649915924545537 bcsId: 0} | ret=SUCCESS |  
2019-08-20 15:03:38,935 [grpc-default-executor-3] INFO  client.GrpcClientProtocolClient (GrpcClientProtocolClient.java:onNext(255)) - client-B5C9F3766F48->36e09339-9dd8-4013-a821-6974d22e740b: receive RaftClientReply:client-B5C9F3766F48->36e09339-9dd8-4013-a821-6974d22e740b@group-148C6D2B3700, cid=13, SUCCESS, logIndex=1, commits[36e09339-9dd8-4013-a821-6974d22e740b:c1, 2923d27d-94e5-4a4d-9917-f06e3e9de6d6:c0, c8a52875-dc52-43bc-af24-370bbdbe5589:c0]
2019-08-20 15:03:38,945 | INFO  | DNAudit | user=null | ip=null | op=WRITE_CHUNK {blockData=conID: 1 locID: 102649915924545537 bcsId: 0} | ret=SUCCESS |  
2019-08-20 15:03:38,947 | INFO  | DNAudit | user=null | ip=null | op=WRITE_CHUNK {blockData=conID: 1 locID: 102649915924545537 bcsId: 0} | ret=SUCCESS |  
2019-08-20 15:03:38,949 | INFO  | DNAudit | user=null | ip=null | op=WRITE_CHUNK {blockData=conID: 1 locID: 102649915924545537 bcsId: 0} | ret=SUCCESS |  
2019-08-20 15:03:38,953 | INFO  | DNAudit | user=null | ip=null | op=WRITE_CHUNK {blockData=conID: 1 locID: 102649915924545537 bcsId: 0} | ret=SUCCESS |  
2019-08-20 15:03:38,956 | INFO  | DNAudit | user=null | ip=null | op=WRITE_CHUNK {blockData=conID: 1 locID: 102649915924545537 bcsId: 0} | ret=SUCCESS |  
2019-08-20 15:03:38,956 | INFO  | DNAudit | user=null | ip=null | op=WRITE_CHUNK {blockData=conID: 1 locID: 102649915924545537 bcsId: 0} | ret=SUCCESS |  
2019-08-20 15:03:38,956 | INFO  | DNAudit | user=null | ip=null | op=WRITE_CHUNK {blockData=conID: 1 locID: 102649915924545537 bcsId: 0} | ret=SUCCESS |  
2019-08-20 15:03:38,959 | INFO  | DNAudit | user=null | ip=null | op=WRITE_CHUNK {blockData=conID: 1 locID: 102649915924545537 bcsId: 0} | ret=SUCCESS |  
2019-08-20 15:03:38,960 | INFO  | DNAudit | user=null | ip=null | op=WRITE_CHUNK {blockData=conID: 1 locID: 102649915924545537 bcsId: 0} | ret=SUCCESS |  
2019-08-20 15:03:38,961 | INFO  | DNAudit | user=null | ip=null | op=WRITE_CHUNK {blockData=conID: 1 locID: 102649915924545537 bcsId: 0} | ret=SUCCESS |  
2019-08-20 15:03:38,966 | INFO  | DNAudit | user=null | ip=null | op=WRITE_CHUNK {blockData=conID: 1 locID: 102649915924545537 bcsId: 0} | ret=SUCCESS |  
2019-08-20 15:03:38,966 [grpc-default-executor-3] INFO  client.GrpcClientProtocolClient (GrpcClientProtocolClient.java:onNext(255)) - client-B5C9F3766F48->36e09339-9dd8-4013-a821-6974d22e740b: receive RaftClientReply:client-B5C9F3766F48->36e09339-9dd8-4013-a821-6974d22e740b@group-148C6D2B3700, cid=14, SUCCESS, logIndex=3, commits[36e09339-9dd8-4013-a821-6974d22e740b:c3, 2923d27d-94e5-4a4d-9917-f06e3e9de6d6:c1, c8a52875-dc52-43bc-af24-370bbdbe5589:c2]
2019-08-20 15:03:38,982 | INFO  | DNAudit | user=null | ip=null | op=WRITE_CHUNK {blockData=conID: 1 locID: 102649915924545537 bcsId: 0} | ret=SUCCESS |  
2019-08-20 15:03:38,989 | INFO  | DNAudit | user=null | ip=null | op=WRITE_CHUNK {blockData=conID: 1 locID: 102649915924545537 bcsId: 0} | ret=SUCCESS |  
2019-08-20 15:03:39,036 | INFO  | DNAudit | user=null | ip=null | op=PUT_BLOCK {blockData=[blockId=conID: 1 locID: 102649915924545537 bcsId: 0,size=200]} | ret=SUCCESS |  
2019-08-20 15:03:39,038 | INFO  | DNAudit | user=null | ip=null | op=WRITE_CHUNK {blockData=conID: 1 locID: 102649915924545537 bcsId: 0} | ret=SUCCESS |  
2019-08-20 15:03:39,039 | INFO  | DNAudit | user=null | ip=null | op=WRITE_CHUNK {blockData=conID: 1 locID: 102649915924545537 bcsId: 0} | ret=SUCCESS |  
2019-08-20 15:03:39,040 [grpc-default-executor-2] INFO  client.GrpcClientProtocolClient (GrpcClientProtocolClient.java:onNext(255)) - client-B5C9F3766F48->36e09339-9dd8-4013-a821-6974d22e740b: receive RaftClientReply:client-B5C9F3766F48->36e09339-9dd8-4013-a821-6974d22e740b@group-148C6D2B3700, cid=15, SUCCESS, logIndex=4, commits[36e09339-9dd8-4013-a821-6974d22e740b:c12, 2923d27d-94e5-4a4d-9917-f06e3e9de6d6:c8, c8a52875-dc52-43bc-af24-370bbdbe5589:c8]
2019-08-20 15:03:39,044 [grpc-default-executor-2] INFO  client.GrpcClientProtocolClient (GrpcClientProtocolClient.java:onNext(255)) - client-B5C9F3766F48->36e09339-9dd8-4013-a821-6974d22e740b: receive RaftClientReply:client-B5C9F3766F48->36e09339-9dd8-4013-a821-6974d22e740b@group-148C6D2B3700, cid=16, SUCCESS, logIndex=5, commits[36e09339-9dd8-4013-a821-6974d22e740b:c12, 2923d27d-94e5-4a4d-9917-f06e3e9de6d6:c8, c8a52875-dc52-43bc-af24-370bbdbe5589:c8]
2019-08-20 15:03:39,045 [grpc-default-executor-2] INFO  client.GrpcClientProtocolClient (GrpcClientProtocolClient.java:onNext(255)) - client-B5C9F3766F48->36e09339-9dd8-4013-a821-6974d22e740b: receive RaftClientReply:client-B5C9F3766F48->36e09339-9dd8-4013-a821-6974d22e740b@group-148C6D2B3700, cid=17, SUCCESS, logIndex=6, commits[36e09339-9dd8-4013-a821-6974d22e740b:c12, 2923d27d-94e5-4a4d-9917-f06e3e9de6d6:c8, c8a52875-dc52-43bc-af24-370bbdbe5589:c8]
2019-08-20 15:03:39,074 | INFO  | DNAudit | user=null | ip=null | op=PUT_BLOCK {blockData=[blockId=conID: 1 locID: 102649915924545537 bcsId: 0,size=200]} | ret=SUCCESS |  
2019-08-20 15:03:39,075 | INFO  | DNAudit | user=null | ip=null | op=WRITE_CHUNK {blockData=conID: 1 locID: 102649915924545537 bcsId: 0} | ret=SUCCESS |  
2019-08-20 15:03:39,076 | INFO  | DNAudit | user=null | ip=null | op=WRITE_CHUNK {blockData=conID: 1 locID: 102649915924545537 bcsId: 0} | ret=SUCCESS |  
2019-08-20 15:03:39,129 | INFO  | DNAudit | user=null | ip=null | op=PUT_BLOCK {blockData=[blockId=conID: 1 locID: 102649915924545537 bcsId: 0,size=400]} | ret=SUCCESS |  
2019-08-20 15:03:39,129 | INFO  | DNAudit | user=null | ip=null | op=PUT_BLOCK {blockData=[blockId=conID: 1 locID: 102649915924545537 bcsId: 0,size=400]} | ret=SUCCESS |  
2019-08-20 15:03:39,129 | INFO  | DNAudit | user=null | ip=null | op=PUT_BLOCK {blockData=[blockId=conID: 1 locID: 102649915924545537 bcsId: 0,size=200]} | ret=SUCCESS |  
2019-08-20 15:03:39,130 | INFO  | DNAudit | user=null | ip=null | op=WRITE_CHUNK {blockData=conID: 1 locID: 102649915924545537 bcsId: 0} | ret=SUCCESS |  
2019-08-20 15:03:39,130 | INFO  | DNAudit | user=null | ip=null | op=WRITE_CHUNK {blockData=conID: 1 locID: 102649915924545537 bcsId: 0} | ret=SUCCESS |  
2019-08-20 15:03:39,131 | INFO  | DNAudit | user=null | ip=null | op=PUT_BLOCK {blockData=[blockId=conID: 1 locID: 102649915924545537 bcsId: 0,size=400]} | ret=SUCCESS |  
2019-08-20 15:03:39,132 [grpc-default-executor-2] INFO  client.GrpcClientProtocolClient (GrpcClientProtocolClient.java:onNext(255)) - client-B5C9F3766F48->36e09339-9dd8-4013-a821-6974d22e740b: receive RaftClientReply:client-B5C9F3766F48->36e09339-9dd8-4013-a821-6974d22e740b@group-148C6D2B3700, cid=18, SUCCESS, logIndex=7, commits[36e09339-9dd8-4013-a821-6974d22e740b:c12, 2923d27d-94e5-4a4d-9917-f06e3e9de6d6:c8, c8a52875-dc52-43bc-af24-370bbdbe5589:c8]
2019-08-20 15:03:39,143 | INFO  | DNAudit | user=null | ip=null | op=WRITE_CHUNK {blockData=conID: 1 locID: 102649915924545537 bcsId: 7} | ret=SUCCESS |  
2019-08-20 15:03:39,145 | INFO  | DNAudit | user=null | ip=null | op=WRITE_CHUNK {blockData=conID: 1 locID: 102649915924545537 bcsId: 7} | ret=SUCCESS |  
2019-08-20 15:03:39,145 | INFO  | DNAudit | user=null | ip=null | op=WRITE_CHUNK {blockData=conID: 1 locID: 102649915924545537 bcsId: 7} | ret=SUCCESS |  
2019-08-20 15:03:39,158 | INFO  | DNAudit | user=null | ip=null | op=WRITE_CHUNK {blockData=conID: 1 locID: 102649915924545537 bcsId: 7} | ret=SUCCESS |  
2019-08-20 15:03:39,166 | INFO  | DNAudit | user=null | ip=null | op=PUT_BLOCK {blockData=[blockId=conID: 1 locID: 102649915924545537 bcsId: 0,size=450]} | ret=SUCCESS |  
2019-08-20 15:03:39,166 [grpc-default-executor-3] INFO  client.GrpcClientProtocolClient (GrpcClientProtocolClient.java:onNext(255)) - client-B5C9F3766F48->36e09339-9dd8-4013-a821-6974d22e740b: receive RaftClientReply:client-B5C9F3766F48->36e09339-9dd8-4013-a821-6974d22e740b@group-148C6D2B3700, cid=19, SUCCESS, logIndex=13, commits[36e09339-9dd8-4013-a821-6974d22e740b:c14, 2923d27d-94e5-4a4d-9917-f06e3e9de6d6:c12, c8a52875-dc52-43bc-af24-370bbdbe5589:c12]
2019-08-20 15:03:39,167 [grpc-default-executor-3] INFO  client.GrpcClientProtocolClient (GrpcClientProtocolClient.java:onNext(255)) - client-B5C9F3766F48->36e09339-9dd8-4013-a821-6974d22e740b: receive RaftClientReply:client-B5C9F3766F48->36e09339-9dd8-4013-a821-6974d22e740b@group-148C6D2B3700, cid=20, SUCCESS, logIndex=14, commits[36e09339-9dd8-4013-a821-6974d22e740b:c14, 2923d27d-94e5-4a4d-9917-f06e3e9de6d6:c12, c8a52875-dc52-43bc-af24-370bbdbe5589:c12]
2019-08-20 15:03:39,168 | INFO  | DNAudit | user=null | ip=null | op=WRITE_CHUNK {blockData=conID: 1 locID: 102649915924545537 bcsId: 7} | ret=SUCCESS |  
2019-08-20 15:03:39,169 | INFO  | DNAudit | user=null | ip=null | op=WRITE_CHUNK {blockData=conID: 1 locID: 102649915924545537 bcsId: 7} | ret=SUCCESS |  
2019-08-20 15:03:39,174 | INFO  | DNAudit | user=null | ip=null | op=PUT_BLOCK {blockData=[blockId=conID: 1 locID: 102649915924545537 bcsId: 0,size=450]} | ret=SUCCESS |  
2019-08-20 15:03:39,174 | INFO  | DNAudit | user=null | ip=null | op=PUT_BLOCK {blockData=[blockId=conID: 1 locID: 102649915924545537 bcsId: 0,size=450]} | ret=SUCCESS |  
2019-08-20 15:03:39,187 [grpc-default-executor-1] INFO  client.GrpcClientProtocolClient (GrpcClientProtocolClient.java:onNext(255)) - client-B5C9F3766F48->36e09339-9dd8-4013-a821-6974d22e740b: receive RaftClientReply:client-B5C9F3766F48->36e09339-9dd8-4013-a821-6974d22e740b@group-148C6D2B3700, cid=21, SUCCESS, logIndex=0, commits[36e09339-9dd8-4013-a821-6974d22e740b:c16, 2923d27d-94e5-4a4d-9917-f06e3e9de6d6:c14, c8a52875-dc52-43bc-af24-370bbdbe5589:c14]
2019-08-20 15:03:39,189 [main] INFO  datanode.ObjectStoreHandler (ObjectStoreHandler.java:close(155)) - Closing ObjectStoreHandler.
2019-08-20 15:03:39,190 [main] INFO  ozone.HddsDatanodeService (HddsDatanodeService.java:stop(451)) - Stopped plug-in org.apache.hadoop.ozone.web.OzoneHddsDatanodeService@24e5389c
2019-08-20 15:03:39,328 | INFO  | SCMAudit | user=jenkins1000 | ip=192.168.5.139 | op=SEND_HEARTBEAT {datanodeUUID=6a1036d9-12c3-40f5-8094-5440fe3d038e, command=[]} | ret=SUCCESS |  
2019-08-20 15:03:39,588 | INFO  | SCMAudit | user=jenkins1000 | ip=192.168.5.139 | op=SEND_HEARTBEAT {datanodeUUID=a2d6af90-c3d5-480c-824b-ae12d5e723ac, command=[]} | ret=SUCCESS |  
2019-08-20 15:03:39,747 | INFO  | SCMAudit | user=jenkins1000 | ip=192.168.5.139 | op=SEND_HEARTBEAT {datanodeUUID=81e6f177-0aa0-4cea-a559-904193532cd7, command=[]} | ret=SUCCESS |  
2019-08-20 15:03:39,855 [Datanode State Machine Thread - 0] INFO  statemachine.DatanodeStateMachine (DatanodeStateMachine.java:lambda$startDaemon$0(350)) - Ozone container server started.
2019-08-20 15:03:39,900 | INFO  | SCMAudit | user=jenkins1000 | ip=192.168.5.139 | op=SEND_HEARTBEAT {datanodeUUID=2923d27d-94e5-4a4d-9917-f06e3e9de6d6, command=[]} | ret=SUCCESS |  
2019-08-20 15:03:39,917 | INFO  | SCMAudit | user=jenkins1000 | ip=192.168.5.139 | op=SEND_HEARTBEAT {datanodeUUID=c8a52875-dc52-43bc-af24-370bbdbe5589, command=[]} | ret=SUCCESS |  
2019-08-20 15:03:39,927 | INFO  | SCMAudit | user=jenkins1000 | ip=192.168.5.139 | op=SEND_HEARTBEAT {datanodeUUID=fb8329f7-6337-4286-bcd2-d612923e448c, command=[]} | ret=SUCCESS |  
2019-08-20 15:03:40,328 | INFO  | SCMAudit | user=jenkins1000 | ip=192.168.5.139 | op=SEND_HEARTBEAT {datanodeUUID=6a1036d9-12c3-40f5-8094-5440fe3d038e, command=[]} | ret=SUCCESS |  
2019-08-20 15:03:40,589 | INFO  | SCMAudit | user=jenkins1000 | ip=192.168.5.139 | op=SEND_HEARTBEAT {datanodeUUID=a2d6af90-c3d5-480c-824b-ae12d5e723ac, command=[]} | ret=SUCCESS |  
2019-08-20 15:03:40,747 | INFO  | SCMAudit | user=jenkins1000 | ip=192.168.5.139 | op=SEND_HEARTBEAT {datanodeUUID=81e6f177-0aa0-4cea-a559-904193532cd7, command=[]} | ret=SUCCESS |  
2019-08-20 15:03:40,900 | INFO  | SCMAudit | user=jenkins1000 | ip=192.168.5.139 | op=SEND_HEARTBEAT {datanodeUUID=2923d27d-94e5-4a4d-9917-f06e3e9de6d6, command=[]} | ret=SUCCESS |  
2019-08-20 15:03:40,916 | INFO  | SCMAudit | user=jenkins1000 | ip=192.168.5.139 | op=SEND_HEARTBEAT {datanodeUUID=c8a52875-dc52-43bc-af24-370bbdbe5589, command=[]} | ret=SUCCESS |  
2019-08-20 15:03:40,927 | INFO  | SCMAudit | user=jenkins1000 | ip=192.168.5.139 | op=SEND_HEARTBEAT {datanodeUUID=fb8329f7-6337-4286-bcd2-d612923e448c, command=[]} | ret=SUCCESS |  
2019-08-20 15:03:41,329 | INFO  | SCMAudit | user=jenkins1000 | ip=192.168.5.139 | op=SEND_HEARTBEAT {datanodeUUID=6a1036d9-12c3-40f5-8094-5440fe3d038e, command=[]} | ret=SUCCESS |  
2019-08-20 15:03:41,589 | INFO  | SCMAudit | user=jenkins1000 | ip=192.168.5.139 | op=SEND_HEARTBEAT {datanodeUUID=a2d6af90-c3d5-480c-824b-ae12d5e723ac, command=[]} | ret=SUCCESS |  
2019-08-20 15:03:41,747 | INFO  | SCMAudit | user=jenkins1000 | ip=192.168.5.139 | op=SEND_HEARTBEAT {datanodeUUID=81e6f177-0aa0-4cea-a559-904193532cd7, command=[]} | ret=SUCCESS |  
2019-08-20 15:03:41,901 | INFO  | SCMAudit | user=jenkins1000 | ip=192.168.5.139 | op=SEND_HEARTBEAT {datanodeUUID=2923d27d-94e5-4a4d-9917-f06e3e9de6d6, command=[]} | ret=SUCCESS |  
2019-08-20 15:03:41,916 | INFO  | SCMAudit | user=jenkins1000 | ip=192.168.5.139 | op=SEND_HEARTBEAT {datanodeUUID=c8a52875-dc52-43bc-af24-370bbdbe5589, command=[]} | ret=SUCCESS |  
2019-08-20 15:03:41,928 | INFO  | SCMAudit | user=jenkins1000 | ip=192.168.5.139 | op=SEND_HEARTBEAT {datanodeUUID=fb8329f7-6337-4286-bcd2-d612923e448c, command=[]} | ret=SUCCESS |  
2019-08-20 15:03:42,328 | INFO  | SCMAudit | user=jenkins1000 | ip=192.168.5.139 | op=SEND_HEARTBEAT {datanodeUUID=6a1036d9-12c3-40f5-8094-5440fe3d038e, command=[]} | ret=SUCCESS |  
2019-08-20 15:03:42,589 | INFO  | SCMAudit | user=jenkins1000 | ip=192.168.5.139 | op=SEND_HEARTBEAT {datanodeUUID=a2d6af90-c3d5-480c-824b-ae12d5e723ac, command=[]} | ret=SUCCESS |  
2019-08-20 15:03:42,747 | INFO  | SCMAudit | user=jenkins1000 | ip=192.168.5.139 | op=SEND_HEARTBEAT {datanodeUUID=81e6f177-0aa0-4cea-a559-904193532cd7, command=[]} | ret=SUCCESS |  
2019-08-20 15:03:42,900 | INFO  | SCMAudit | user=jenkins1000 | ip=192.168.5.139 | op=SEND_HEARTBEAT {datanodeUUID=2923d27d-94e5-4a4d-9917-f06e3e9de6d6, command=[]} | ret=SUCCESS |  
2019-08-20 15:03:42,916 | INFO  | SCMAudit | user=jenkins1000 | ip=192.168.5.139 | op=SEND_HEARTBEAT {datanodeUUID=c8a52875-dc52-43bc-af24-370bbdbe5589, command=[]} | ret=SUCCESS |  
2019-08-20 15:03:42,927 | INFO  | SCMAudit | user=jenkins1000 | ip=192.168.5.139 | op=SEND_HEARTBEAT {datanodeUUID=fb8329f7-6337-4286-bcd2-d612923e448c, command=[]} | ret=SUCCESS |  
2019-08-20 15:03:43,328 | INFO  | SCMAudit | user=jenkins1000 | ip=192.168.5.139 | op=SEND_HEARTBEAT {datanodeUUID=6a1036d9-12c3-40f5-8094-5440fe3d038e, command=[]} | ret=SUCCESS |  
2019-08-20 15:03:43,590 | INFO  | SCMAudit | user=jenkins1000 | ip=192.168.5.139 | op=SEND_HEARTBEAT {datanodeUUID=a2d6af90-c3d5-480c-824b-ae12d5e723ac, command=[]} | ret=SUCCESS |  
2019-08-20 15:03:43,748 | INFO  | SCMAudit | user=jenkins1000 | ip=192.168.5.139 | op=SEND_HEARTBEAT {datanodeUUID=81e6f177-0aa0-4cea-a559-904193532cd7, command=[]} | ret=SUCCESS |  
2019-08-20 15:03:43,901 | INFO  | SCMAudit | user=jenkins1000 | ip=192.168.5.139 | op=SEND_HEARTBEAT {datanodeUUID=2923d27d-94e5-4a4d-9917-f06e3e9de6d6, command=[]} | ret=SUCCESS |  
2019-08-20 15:03:43,916 | INFO  | SCMAudit | user=jenkins1000 | ip=192.168.5.139 | op=SEND_HEARTBEAT {datanodeUUID=c8a52875-dc52-43bc-af24-370bbdbe5589, command=[]} | ret=SUCCESS |  
2019-08-20 15:03:43,917 [EventQueue-StaleNodeForStaleNodeHandler] INFO  node.StaleNodeHandler (StaleNodeHandler.java:onMessage(58)) - Datanode 36e09339-9dd8-4013-a821-6974d22e740b{ip: 192.168.5.139, host: pr-hdds-1200-9hlr9-3148487106, networkLocation: /default-rack, certSerialId: null} moved to stale state. Finalizing its pipelines [PipelineID=2df56b4c-9383-4169-8900-7c071e4c4d19, PipelineID=b60bb38e-4923-467e-b7fe-148c6d2b3700]
2019-08-20 15:03:43,917 [EventQueue-StaleNodeForStaleNodeHandler] INFO  pipeline.SCMPipelineManager (SCMPipelineManager.java:finalizeAndDestroyPipeline(309)) - destroying pipeline:Pipeline[ Id: 2df56b4c-9383-4169-8900-7c071e4c4d19, Nodes: 36e09339-9dd8-4013-a821-6974d22e740b{ip: 192.168.5.139, host: pr-hdds-1200-9hlr9-3148487106, networkLocation: /default-rack, certSerialId: null}, Type:RATIS, Factor:ONE, State:OPEN]
2019-08-20 15:03:43,919 [EventQueue-StaleNodeForStaleNodeHandler] INFO  pipeline.PipelineStateManager (PipelineStateManager.java:finalizePipeline(123)) - Pipeline Pipeline[ Id: 2df56b4c-9383-4169-8900-7c071e4c4d19, Nodes: 36e09339-9dd8-4013-a821-6974d22e740b{ip: 192.168.5.139, host: pr-hdds-1200-9hlr9-3148487106, networkLocation: /default-rack, certSerialId: null}, Type:RATIS, Factor:ONE, State:CLOSED] moved to CLOSED state
2019-08-20 15:03:43,921 [EventQueue-StaleNodeForStaleNodeHandler] INFO  pipeline.SCMPipelineManager (SCMPipelineManager.java:finalizeAndDestroyPipeline(309)) - destroying pipeline:Pipeline[ Id: b60bb38e-4923-467e-b7fe-148c6d2b3700, Nodes: 36e09339-9dd8-4013-a821-6974d22e740b{ip: 192.168.5.139, host: pr-hdds-1200-9hlr9-3148487106, networkLocation: /default-rack, certSerialId: null}2923d27d-94e5-4a4d-9917-f06e3e9de6d6{ip: 192.168.5.139, host: pr-hdds-1200-9hlr9-3148487106, networkLocation: /default-rack, certSerialId: null}c8a52875-dc52-43bc-af24-370bbdbe5589{ip: 192.168.5.139, host: pr-hdds-1200-9hlr9-3148487106, networkLocation: /default-rack, certSerialId: null}, Type:RATIS, Factor:THREE, State:OPEN]
2019-08-20 15:03:43,921 [EventQueue-StaleNodeForStaleNodeHandler] INFO  pipeline.PipelineStateManager (PipelineStateManager.java:finalizePipeline(123)) - Pipeline Pipeline[ Id: b60bb38e-4923-467e-b7fe-148c6d2b3700, Nodes: 36e09339-9dd8-4013-a821-6974d22e740b{ip: 192.168.5.139, host: pr-hdds-1200-9hlr9-3148487106, networkLocation: /default-rack, certSerialId: null}2923d27d-94e5-4a4d-9917-f06e3e9de6d6{ip: 192.168.5.139, host: pr-hdds-1200-9hlr9-3148487106, networkLocation: /default-rack, certSerialId: null}c8a52875-dc52-43bc-af24-370bbdbe5589{ip: 192.168.5.139, host: pr-hdds-1200-9hlr9-3148487106, networkLocation: /default-rack, certSerialId: null}, Type:RATIS, Factor:THREE, State:CLOSED] moved to CLOSED state
2019-08-20 15:03:43,921 [EventQueue-CloseContainerForCloseContainerEventHandler] INFO  container.CloseContainerEventHandler (CloseContainerEventHandler.java:onMessage(61)) - Close container Event triggered for container : #1
2019-08-20 15:03:43,927 | INFO  | SCMAudit | user=jenkins1000 | ip=192.168.5.139 | op=SEND_HEARTBEAT {datanodeUUID=fb8329f7-6337-4286-bcd2-d612923e448c, command=[]} | ret=SUCCESS |  
2019-08-20 15:03:44,191 [main] INFO  ozoneimpl.OzoneContainer (OzoneContainer.java:stop(214)) - Attempting to stop container services.
2019-08-20 15:03:44,195 [main] INFO  impl.RaftServerProxy (RaftServerProxy.java:lambda$close$4(314)) - 36e09339-9dd8-4013-a821-6974d22e740b: close
2019-08-20 15:03:44,196 [main] INFO  impl.RaftServerImpl (RaftServerImpl.java:lambda$shutdown$3(245)) - 36e09339-9dd8-4013-a821-6974d22e740b: shutdown group-7C071E4C4D19
2019-08-20 15:03:44,196 [main] INFO  util.JmxRegister (JmxRegister.java:unregister(73)) - Successfully un-registered JMX Bean with object name Ratis:service=RaftServer,group=group-7C071E4C4D19,id=36e09339-9dd8-4013-a821-6974d22e740b
2019-08-20 15:03:44,196 [main] INFO  impl.RoleInfo (RoleInfo.java:shutdownLeaderState(104)) - 36e09339-9dd8-4013-a821-6974d22e740b: shutdown LeaderState
2019-08-20 15:03:44,197 [main] INFO  impl.PendingRequests (PendingRequests.java:sendNotLeaderResponses(202)) - 36e09339-9dd8-4013-a821-6974d22e740b-PendingRequests: sendNotLeaderResponses
2019-08-20 15:03:44,198 [main] INFO  impl.StateMachineUpdater (StateMachineUpdater.java:stopAndJoin(115)) - StateMachineUpdater:36e09339-9dd8-4013-a821-6974d22e740b:group-7C071E4C4D19: set stopIndex = 0
2019-08-20 15:03:44,200 [main] INFO  impl.RaftServerImpl (ServerState.java:close(394)) - 36e09339-9dd8-4013-a821-6974d22e740b:group-7C071E4C4D19 closes. The last applied log index is 0
2019-08-20 15:03:44,201 [36e09339-9dd8-4013-a821-6974d22e740b-SegmentedRaftLogWorker:Storage Directory /workdir/hadoop-ozone/integration-test/target/test-dir/MiniOzoneClusterImpl-24f7eca7-c48c-4952-ad8b-43e154ea7cd7/datanode-4/data/ratis/2df56b4c-9383-4169-8900-7c071e4c4d19] INFO  segmented.SegmentedRaftLogWorker (SegmentedRaftLogWorker.java:run(313)) - 36e09339-9dd8-4013-a821-6974d22e740b-SegmentedRaftLogWorker:Storage Directory /workdir/hadoop-ozone/integration-test/target/test-dir/MiniOzoneClusterImpl-24f7eca7-c48c-4952-ad8b-43e154ea7cd7/datanode-4/data/ratis/2df56b4c-9383-4169-8900-7c071e4c4d19 was interrupted, exiting. There are 0 tasks remaining in the queue.
2019-08-20 15:03:44,203 [main] INFO  segmented.SegmentedRaftLogWorker (SegmentedRaftLogWorker.java:close(228)) - 36e09339-9dd8-4013-a821-6974d22e740b-SegmentedRaftLogWorker:Storage Directory /workdir/hadoop-ozone/integration-test/target/test-dir/MiniOzoneClusterImpl-24f7eca7-c48c-4952-ad8b-43e154ea7cd7/datanode-4/data/ratis/2df56b4c-9383-4169-8900-7c071e4c4d19 close()
2019-08-20 15:03:44,205 [main] INFO  impl.RaftServerImpl (RaftServerImpl.java:lambda$shutdown$3(245)) - 36e09339-9dd8-4013-a821-6974d22e740b: shutdown group-148C6D2B3700
2019-08-20 15:03:44,205 [main] INFO  util.JmxRegister (JmxRegister.java:unregister(73)) - Successfully un-registered JMX Bean with object name Ratis:service=RaftServer,group=group-148C6D2B3700,id=36e09339-9dd8-4013-a821-6974d22e740b
2019-08-20 15:03:44,206 [main] INFO  impl.RoleInfo (RoleInfo.java:shutdownLeaderState(104)) - 36e09339-9dd8-4013-a821-6974d22e740b: shutdown LeaderState
2019-08-20 15:03:44,209 [org.apache.ratis.server.impl.LogAppender$AppenderDaemon$$Lambda$461/44802446@4ed4acd4] WARN  server.GrpcLogAppender (GrpcLogAppender.java:mayWait(143)) - GrpcLogAppender(36e09339-9dd8-4013-a821-6974d22e740b->2923d27d-94e5-4a4d-9917-f06e3e9de6d6): Wait interrupted by java.lang.InterruptedException
2019-08-20 15:03:44,222 [org.apache.ratis.server.impl.LogAppender$AppenderDaemon$$Lambda$461/44802446@42817804] WARN  server.GrpcLogAppender (GrpcLogAppender.java:mayWait(143)) - GrpcLogAppender(36e09339-9dd8-4013-a821-6974d22e740b->c8a52875-dc52-43bc-af24-370bbdbe5589): Wait interrupted by java.lang.InterruptedException
2019-08-20 15:03:44,222 [main] INFO  impl.PendingRequests (PendingRequests.java:sendNotLeaderResponses(202)) - 36e09339-9dd8-4013-a821-6974d22e740b-PendingRequests: sendNotLeaderResponses
2019-08-20 15:03:44,231 [grpc-default-executor-1] INFO  server.GrpcServerProtocolService (GrpcServerProtocolService.java:onCompleted(104)) - 2923d27d-94e5-4a4d-9917-f06e3e9de6d6: appendEntries completed
2019-08-20 15:03:44,231 [grpc-default-executor-3] INFO  server.GrpcServerProtocolService (GrpcServerProtocolService.java:onCompleted(104)) - c8a52875-dc52-43bc-af24-370bbdbe5589: appendEntries completed
2019-08-20 15:03:44,239 [main] INFO  impl.StateMachineUpdater (StateMachineUpdater.java:stopAndJoin(115)) - StateMachineUpdater:36e09339-9dd8-4013-a821-6974d22e740b:group-148C6D2B3700: set stopIndex = 16
2019-08-20 15:03:44,240 [StateMachineUpdater:36e09339-9dd8-4013-a821-6974d22e740b:group-148C6D2B3700] INFO  ratis.ContainerStateMachine (ContainerStateMachine.java:takeSnapshot(271)) - group-148C6D2B3700: Taking a snapshot at:(t:1, i:14) file /workdir/hadoop-ozone/integration-test/target/test-dir/MiniOzoneClusterImpl-24f7eca7-c48c-4952-ad8b-43e154ea7cd7/datanode-4/data/ratis/b60bb38e-4923-467e-b7fe-148c6d2b3700/sm/snapshot.1_14
2019-08-20 15:03:44,240 [grpc-default-executor-3] INFO  server.GrpcLogAppender (GrpcLogAppender.java:onCompleted(292)) - 36e09339-9dd8-4013-a821-6974d22e740b->2923d27d-94e5-4a4d-9917-f06e3e9de6d6: follower responses appendEntries COMPLETED
2019-08-20 15:03:44,242 [grpc-default-executor-1] INFO  server.GrpcLogAppender (GrpcLogAppender.java:onCompleted(292)) - 36e09339-9dd8-4013-a821-6974d22e740b->c8a52875-dc52-43bc-af24-370bbdbe5589: follower responses appendEntries COMPLETED
2019-08-20 15:03:44,244 [grpc-default-executor-3] INFO  impl.FollowerInfo (FollowerInfo.java:lambda$new$0(50)) - 36e09339-9dd8-4013-a821-6974d22e740b->2923d27d-94e5-4a4d-9917-f06e3e9de6d6: nextIndex: updateUnconditionally 17 -> 16
2019-08-20 15:03:44,244 [grpc-default-executor-1] INFO  impl.FollowerInfo (FollowerInfo.java:lambda$new$0(50)) - 36e09339-9dd8-4013-a821-6974d22e740b->c8a52875-dc52-43bc-af24-370bbdbe5589: nextIndex: updateUnconditionally 17 -> 16
2019-08-20 15:03:44,288 [StateMachineUpdater:36e09339-9dd8-4013-a821-6974d22e740b:group-148C6D2B3700] INFO  ratis.ContainerStateMachine (ContainerStateMachine.java:takeSnapshot(282)) - group-148C6D2B3700: Finished taking a snapshot at:(t:1, i:14) file:/workdir/hadoop-ozone/integration-test/target/test-dir/MiniOzoneClusterImpl-24f7eca7-c48c-4952-ad8b-43e154ea7cd7/datanode-4/data/ratis/b60bb38e-4923-467e-b7fe-148c6d2b3700/sm/snapshot.1_14 time:49
2019-08-20 15:03:44,288 [StateMachineUpdater:36e09339-9dd8-4013-a821-6974d22e740b:group-148C6D2B3700] INFO  impl.StateMachineUpdater (StateMachineUpdater.java:takeSnapshot(242)) - StateMachineUpdater:36e09339-9dd8-4013-a821-6974d22e740b:group-148C6D2B3700: Took a snapshot at index 14
2019-08-20 15:03:44,291 [StateMachineUpdater:36e09339-9dd8-4013-a821-6974d22e740b:group-148C6D2B3700] INFO  impl.StateMachineUpdater (StateMachineUpdater.java:lambda$new$0(80)) - StateMachineUpdater:36e09339-9dd8-4013-a821-6974d22e740b:group-148C6D2B3700: snapshotIndex: updateIncreasingly -1 -> 14
2019-08-20 15:03:44,296 [main] INFO  impl.RaftServerImpl (ServerState.java:close(394)) - 36e09339-9dd8-4013-a821-6974d22e740b:group-148C6D2B3700 closes. The last applied log index is 16
2019-08-20 15:03:44,297 [36e09339-9dd8-4013-a821-6974d22e740b-SegmentedRaftLogWorker:Storage Directory /workdir/hadoop-ozone/integration-test/target/test-dir/MiniOzoneClusterImpl-24f7eca7-c48c-4952-ad8b-43e154ea7cd7/datanode-4/data/ratis/b60bb38e-4923-467e-b7fe-148c6d2b3700] INFO  segmented.SegmentedRaftLogWorker (SegmentedRaftLogWorker.java:run(313)) - 36e09339-9dd8-4013-a821-6974d22e740b-SegmentedRaftLogWorker:Storage Directory /workdir/hadoop-ozone/integration-test/target/test-dir/MiniOzoneClusterImpl-24f7eca7-c48c-4952-ad8b-43e154ea7cd7/datanode-4/data/ratis/b60bb38e-4923-467e-b7fe-148c6d2b3700 was interrupted, exiting. There are 0 tasks remaining in the queue.
2019-08-20 15:03:44,300 [main] INFO  segmented.SegmentedRaftLogWorker (SegmentedRaftLogWorker.java:close(228)) - 36e09339-9dd8-4013-a821-6974d22e740b-SegmentedRaftLogWorker:Storage Directory /workdir/hadoop-ozone/integration-test/target/test-dir/MiniOzoneClusterImpl-24f7eca7-c48c-4952-ad8b-43e154ea7cd7/datanode-4/data/ratis/b60bb38e-4923-467e-b7fe-148c6d2b3700 close()
2019-08-20 15:03:44,304 [main] INFO  server.GrpcService (GrpcService.java:closeImpl(155)) - 36e09339-9dd8-4013-a821-6974d22e740b: shutdown server with port 37692 now
2019-08-20 15:03:44,308 [main] INFO  server.GrpcService (GrpcService.java:closeImpl(163)) - 36e09339-9dd8-4013-a821-6974d22e740b: shutdown server with port 37692 successfully
2019-08-20 15:03:44,308 [grpc-default-executor-3] WARN  client.GrpcClientProtocolService (LogUtils.java:warn(134)) - 3-UnorderedRequestStreamObserver3: onError: org.apache.ratis.thirdparty.io.grpc.StatusRuntimeException: CANCELLED: cancelled before receiving half close
2019-08-20 15:03:44,317 [main] INFO  utils.BackgroundService (BackgroundService.java:shutdown(148)) - Shutting down service BlockDeletingService
2019-08-20 15:03:44,318 [refreshUsed-/workdir/hadoop-ozone/integration-test/target/test-dir/MiniOzoneClusterImpl-24f7eca7-c48c-4952-ad8b-43e154ea7cd7/datanode-4/data/containers] WARN  fs.CachingGetSpaceUsed (CachingGetSpaceUsed.java:run(183)) - Thread Interrupted waiting to refresh disk information: sleep interrupted
2019-08-20 15:03:44,329 | INFO  | SCMAudit | user=jenkins1000 | ip=192.168.5.139 | op=SEND_HEARTBEAT {datanodeUUID=6a1036d9-12c3-40f5-8094-5440fe3d038e, command=[]} | ret=SUCCESS |  
2019-08-20 15:03:44,333 [main] INFO  statemachine.DatanodeStateMachine (DatanodeStateMachine.java:stopDaemon(395)) - Ozone container server stopped.
2019-08-20 15:03:44,336 [main] INFO  handler.ContextHandler (ContextHandler.java:doStop(910)) - Stopped o.e.j.w.WebAppContext@57ce2898{/,null,UNAVAILABLE}{/hddsDatanode}
2019-08-20 15:03:44,341 [main] INFO  server.AbstractConnector (AbstractConnector.java:doStop(318)) - Stopped ServerConnector@1ea930eb{HTTP/1.1,[http/1.1]}{0.0.0.0:0}
2019-08-20 15:03:44,342 [main] INFO  handler.ContextHandler (ContextHandler.java:doStop(910)) - Stopped o.e.j.s.ServletContextHandler@7dbae40{/static,jar:file:/home/user/.m2/repository/org/apache/hadoop/hadoop-hdds-container-service/0.5.0-SNAPSHOT/hadoop-hdds-container-service-0.5.0-SNAPSHOT.jar!/webapps/static,UNAVAILABLE}
2019-08-20 15:03:44,342 [main] INFO  handler.ContextHandler (ContextHandler.java:doStop(910)) - Stopped o.e.j.s.ServletContextHandler@73a845cb{/logs,file:///workdir/hadoop-ozone/integration-test/target/log,UNAVAILABLE}
2019-08-20 15:03:44,344 [main] INFO  datanode.ObjectStoreHandler (ObjectStoreHandler.java:close(155)) - Closing ObjectStoreHandler.
2019-08-20 15:03:44,344 [main] INFO  ozone.HddsDatanodeService (HddsDatanodeService.java:stop(451)) - Stopped plug-in org.apache.hadoop.ozone.web.OzoneHddsDatanodeService@6629643d
2019-08-20 15:03:44,591 | INFO  | SCMAudit | user=jenkins1000 | ip=192.168.5.139 | op=SEND_HEARTBEAT {datanodeUUID=a2d6af90-c3d5-480c-824b-ae12d5e723ac, command=[]} | ret=SUCCESS |  
2019-08-20 15:03:44,749 | INFO  | SCMAudit | user=jenkins1000 | ip=192.168.5.139 | op=SEND_HEARTBEAT {datanodeUUID=81e6f177-0aa0-4cea-a559-904193532cd7, command=[]} | ret=SUCCESS |  
2019-08-20 15:03:44,900 [Datanode State Machine Thread - 0] INFO  statemachine.DatanodeStateMachine (DatanodeStateMachine.java:lambda$startDaemon$0(350)) - Ozone container server started.
2019-08-20 15:03:44,927 | INFO  | SCMAudit | user=jenkins1000 | ip=192.168.5.139 | op=SEND_HEARTBEAT {datanodeUUID=fb8329f7-6337-4286-bcd2-d612923e448c, command=[]} | ret=SUCCESS |  
2019-08-20 15:03:44,951 | INFO  | SCMAudit | user=jenkins1000 | ip=192.168.5.139 | op=SEND_HEARTBEAT {datanodeUUID=c8a52875-dc52-43bc-af24-370bbdbe5589, command=[commandType: closeContainerCommand closeContainerCommandProto { containerID: 1 pipelineID { id: "b60bb38e-4923-467e-b7fe-148c6d2b3700" } cmdId: 1 force: false } ]} | ret=SUCCESS |  
2019-08-20 15:03:45,329 | INFO  | SCMAudit | user=jenkins1000 | ip=192.168.5.139 | op=SEND_HEARTBEAT {datanodeUUID=6a1036d9-12c3-40f5-8094-5440fe3d038e, command=[]} | ret=SUCCESS |  
2019-08-20 15:03:45,591 | INFO  | SCMAudit | user=jenkins1000 | ip=192.168.5.139 | op=SEND_HEARTBEAT {datanodeUUID=a2d6af90-c3d5-480c-824b-ae12d5e723ac, command=[]} | ret=SUCCESS |  
2019-08-20 15:03:45,750 | INFO  | SCMAudit | user=jenkins1000 | ip=192.168.5.139 | op=SEND_HEARTBEAT {datanodeUUID=81e6f177-0aa0-4cea-a559-904193532cd7, command=[]} | ret=SUCCESS |  
2019-08-20 15:03:45,917 | INFO  | SCMAudit | user=jenkins1000 | ip=192.168.5.139 | op=SEND_HEARTBEAT {datanodeUUID=c8a52875-dc52-43bc-af24-370bbdbe5589, command=[]} | ret=SUCCESS |  
2019-08-20 15:03:45,928 | INFO  | SCMAudit | user=jenkins1000 | ip=192.168.5.139 | op=SEND_HEARTBEAT {datanodeUUID=fb8329f7-6337-4286-bcd2-d612923e448c, command=[]} | ret=SUCCESS |  
2019-08-20 15:03:46,329 | INFO  | SCMAudit | user=jenkins1000 | ip=192.168.5.139 | op=SEND_HEARTBEAT {datanodeUUID=6a1036d9-12c3-40f5-8094-5440fe3d038e, command=[]} | ret=SUCCESS |  
2019-08-20 15:03:46,591 | INFO  | SCMAudit | user=jenkins1000 | ip=192.168.5.139 | op=SEND_HEARTBEAT {datanodeUUID=a2d6af90-c3d5-480c-824b-ae12d5e723ac, command=[]} | ret=SUCCESS |  
2019-08-20 15:03:46,749 | INFO  | SCMAudit | user=jenkins1000 | ip=192.168.5.139 | op=SEND_HEARTBEAT {datanodeUUID=81e6f177-0aa0-4cea-a559-904193532cd7, command=[]} | ret=SUCCESS |  
2019-08-20 15:03:46,917 | INFO  | SCMAudit | user=jenkins1000 | ip=192.168.5.139 | op=SEND_HEARTBEAT {datanodeUUID=c8a52875-dc52-43bc-af24-370bbdbe5589, command=[]} | ret=SUCCESS |  
2019-08-20 15:03:46,927 | INFO  | SCMAudit | user=jenkins1000 | ip=192.168.5.139 | op=SEND_HEARTBEAT {datanodeUUID=fb8329f7-6337-4286-bcd2-d612923e448c, command=[]} | ret=SUCCESS |  
2019-08-20 15:03:46,974 | INFO  | SCMAudit | user=jenkins1000 | ip=192.168.5.139 | op=SEND_HEARTBEAT {datanodeUUID=c8a52875-dc52-43bc-af24-370bbdbe5589, command=[]} | ret=SUCCESS |  
2019-08-20 15:03:47,328 | INFO  | SCMAudit | user=jenkins1000 | ip=192.168.5.139 | op=SEND_HEARTBEAT {datanodeUUID=6a1036d9-12c3-40f5-8094-5440fe3d038e, command=[]} | ret=SUCCESS |  
2019-08-20 15:03:47,591 | INFO  | SCMAudit | user=jenkins1000 | ip=192.168.5.139 | op=SEND_HEARTBEAT {datanodeUUID=a2d6af90-c3d5-480c-824b-ae12d5e723ac, command=[]} | ret=SUCCESS |  
2019-08-20 15:03:47,749 | INFO  | SCMAudit | user=jenkins1000 | ip=192.168.5.139 | op=SEND_HEARTBEAT {datanodeUUID=81e6f177-0aa0-4cea-a559-904193532cd7, command=[]} | ret=SUCCESS |  
2019-08-20 15:03:47,927 | INFO  | SCMAudit | user=jenkins1000 | ip=192.168.5.139 | op=SEND_HEARTBEAT {datanodeUUID=fb8329f7-6337-4286-bcd2-d612923e448c, command=[]} | ret=SUCCESS |  
2019-08-20 15:03:47,974 | INFO  | SCMAudit | user=jenkins1000 | ip=192.168.5.139 | op=SEND_HEARTBEAT {datanodeUUID=c8a52875-dc52-43bc-af24-370bbdbe5589, command=[]} | ret=SUCCESS |  
2019-08-20 15:03:48,329 | INFO  | SCMAudit | user=jenkins1000 | ip=192.168.5.139 | op=SEND_HEARTBEAT {datanodeUUID=6a1036d9-12c3-40f5-8094-5440fe3d038e, command=[]} | ret=SUCCESS |  
2019-08-20 15:03:48,591 | INFO  | SCMAudit | user=jenkins1000 | ip=192.168.5.139 | op=SEND_HEARTBEAT {datanodeUUID=a2d6af90-c3d5-480c-824b-ae12d5e723ac, command=[]} | ret=SUCCESS |  
2019-08-20 15:03:48,749 | INFO  | SCMAudit | user=jenkins1000 | ip=192.168.5.139 | op=SEND_HEARTBEAT {datanodeUUID=81e6f177-0aa0-4cea-a559-904193532cd7, command=[]} | ret=SUCCESS |  
2019-08-20 15:03:48,928 | INFO  | SCMAudit | user=jenkins1000 | ip=192.168.5.139 | op=SEND_HEARTBEAT {datanodeUUID=fb8329f7-6337-4286-bcd2-d612923e448c, command=[]} | ret=SUCCESS |  
2019-08-20 15:03:48,931 [EventQueue-StaleNodeForStaleNodeHandler] INFO  node.StaleNodeHandler (StaleNodeHandler.java:onMessage(58)) - Datanode 2923d27d-94e5-4a4d-9917-f06e3e9de6d6{ip: 192.168.5.139, host: pr-hdds-1200-9hlr9-3148487106, networkLocation: /default-rack, certSerialId: null} moved to stale state. Finalizing its pipelines [PipelineID=b60bb38e-4923-467e-b7fe-148c6d2b3700, PipelineID=107ba9b1-36cd-44f8-b5ec-05ac3a681deb]
2019-08-20 15:03:48,931 [EventQueue-StaleNodeForStaleNodeHandler] INFO  pipeline.SCMPipelineManager (SCMPipelineManager.java:finalizeAndDestroyPipeline(309)) - destroying pipeline:Pipeline[ Id: b60bb38e-4923-467e-b7fe-148c6d2b3700, Nodes: 36e09339-9dd8-4013-a821-6974d22e740b{ip: 192.168.5.139, host: pr-hdds-1200-9hlr9-3148487106, networkLocation: /default-rack, certSerialId: null}2923d27d-94e5-4a4d-9917-f06e3e9de6d6{ip: 192.168.5.139, host: pr-hdds-1200-9hlr9-3148487106, networkLocation: /default-rack, certSerialId: null}c8a52875-dc52-43bc-af24-370bbdbe5589{ip: 192.168.5.139, host: pr-hdds-1200-9hlr9-3148487106, networkLocation: /default-rack, certSerialId: null}, Type:RATIS, Factor:THREE, State:CLOSED]
2019-08-20 15:03:48,931 [EventQueue-StaleNodeForStaleNodeHandler] INFO  pipeline.SCMPipelineManager (SCMPipelineManager.java:finalizeAndDestroyPipeline(309)) - destroying pipeline:Pipeline[ Id: 107ba9b1-36cd-44f8-b5ec-05ac3a681deb, Nodes: 2923d27d-94e5-4a4d-9917-f06e3e9de6d6{ip: 192.168.5.139, host: pr-hdds-1200-9hlr9-3148487106, networkLocation: /default-rack, certSerialId: null}, Type:RATIS, Factor:ONE, State:OPEN]
2019-08-20 15:03:48,932 [EventQueue-StaleNodeForStaleNodeHandler] INFO  pipeline.PipelineStateManager (PipelineStateManager.java:finalizePipeline(123)) - Pipeline Pipeline[ Id: 107ba9b1-36cd-44f8-b5ec-05ac3a681deb, Nodes: 2923d27d-94e5-4a4d-9917-f06e3e9de6d6{ip: 192.168.5.139, host: pr-hdds-1200-9hlr9-3148487106, networkLocation: /default-rack, certSerialId: null}, Type:RATIS, Factor:ONE, State:CLOSED] moved to CLOSED state
2019-08-20 15:03:48,974 | INFO  | SCMAudit | user=jenkins1000 | ip=192.168.5.139 | op=SEND_HEARTBEAT {datanodeUUID=c8a52875-dc52-43bc-af24-370bbdbe5589, command=[]} | ret=SUCCESS |  
2019-08-20 15:03:49,329 | INFO  | SCMAudit | user=jenkins1000 | ip=192.168.5.139 | op=SEND_HEARTBEAT {datanodeUUID=6a1036d9-12c3-40f5-8094-5440fe3d038e, command=[]} | ret=SUCCESS |  
2019-08-20 15:03:49,345 [main] INFO  ozoneimpl.OzoneContainer (OzoneContainer.java:stop(214)) - Attempting to stop container services.
2019-08-20 15:03:49,346 [main] INFO  impl.RaftServerProxy (RaftServerProxy.java:lambda$close$4(314)) - 2923d27d-94e5-4a4d-9917-f06e3e9de6d6: close
2019-08-20 15:03:49,346 [main] INFO  impl.RaftServerImpl (RaftServerImpl.java:lambda$shutdown$3(245)) - 2923d27d-94e5-4a4d-9917-f06e3e9de6d6: shutdown group-148C6D2B3700
2019-08-20 15:03:49,346 [ForkJoinPool.commonPool-worker-0] INFO  impl.RaftServerImpl (RaftServerImpl.java:lambda$shutdown$3(245)) - 2923d27d-94e5-4a4d-9917-f06e3e9de6d6: shutdown group-05AC3A681DEB
2019-08-20 15:03:49,347 [main] INFO  util.JmxRegister (JmxRegister.java:unregister(73)) - Successfully un-registered JMX Bean with object name Ratis:service=RaftServer,group=group-148C6D2B3700,id=2923d27d-94e5-4a4d-9917-f06e3e9de6d6
2019-08-20 15:03:49,347 [ForkJoinPool.commonPool-worker-0] INFO  util.JmxRegister (JmxRegister.java:unregister(73)) - Successfully un-registered JMX Bean with object name Ratis:service=RaftServer,group=group-05AC3A681DEB,id=2923d27d-94e5-4a4d-9917-f06e3e9de6d6
2019-08-20 15:03:49,347 [main] INFO  impl.RoleInfo (RoleInfo.java:shutdownFollowerState(121)) - 2923d27d-94e5-4a4d-9917-f06e3e9de6d6: shutdown FollowerState
2019-08-20 15:03:49,347 [ForkJoinPool.commonPool-worker-0] INFO  impl.RoleInfo (RoleInfo.java:shutdownLeaderState(104)) - 2923d27d-94e5-4a4d-9917-f06e3e9de6d6: shutdown LeaderState
2019-08-20 15:03:49,348 [main] INFO  impl.StateMachineUpdater (StateMachineUpdater.java:stopAndJoin(115)) - StateMachineUpdater:2923d27d-94e5-4a4d-9917-f06e3e9de6d6:group-148C6D2B3700: set stopIndex = 16
2019-08-20 15:03:49,348 [StateMachineUpdater:2923d27d-94e5-4a4d-9917-f06e3e9de6d6:group-148C6D2B3700] INFO  ratis.ContainerStateMachine (ContainerStateMachine.java:takeSnapshot(271)) - group-148C6D2B3700: Taking a snapshot at:(t:1, i:14) file /workdir/hadoop-ozone/integration-test/target/test-dir/MiniOzoneClusterImpl-24f7eca7-c48c-4952-ad8b-43e154ea7cd7/datanode-2/data/ratis/b60bb38e-4923-467e-b7fe-148c6d2b3700/sm/snapshot.1_14
2019-08-20 15:03:49,348 [Thread-311] INFO  impl.FollowerState (FollowerState.java:run(114)) - 2923d27d-94e5-4a4d-9917-f06e3e9de6d6: FollowerState was interrupted: java.lang.InterruptedException: sleep interrupted
2019-08-20 15:03:49,348 [ForkJoinPool.commonPool-worker-0] INFO  impl.PendingRequests (PendingRequests.java:sendNotLeaderResponses(202)) - 2923d27d-94e5-4a4d-9917-f06e3e9de6d6-PendingRequests: sendNotLeaderResponses
2019-08-20 15:03:49,351 [ForkJoinPool.commonPool-worker-0] INFO  impl.StateMachineUpdater (StateMachineUpdater.java:stopAndJoin(115)) - StateMachineUpdater:2923d27d-94e5-4a4d-9917-f06e3e9de6d6:group-05AC3A681DEB: set stopIndex = 0
2019-08-20 15:03:49,352 [ForkJoinPool.commonPool-worker-0] INFO  impl.RaftServerImpl (ServerState.java:close(394)) - 2923d27d-94e5-4a4d-9917-f06e3e9de6d6:group-05AC3A681DEB closes. The last applied log index is 0
2019-08-20 15:03:49,352 [2923d27d-94e5-4a4d-9917-f06e3e9de6d6-SegmentedRaftLogWorker:Storage Directory /workdir/hadoop-ozone/integration-test/target/test-dir/MiniOzoneClusterImpl-24f7eca7-c48c-4952-ad8b-43e154ea7cd7/datanode-2/data/ratis/107ba9b1-36cd-44f8-b5ec-05ac3a681deb] INFO  segmented.SegmentedRaftLogWorker (SegmentedRaftLogWorker.java:run(313)) - 2923d27d-94e5-4a4d-9917-f06e3e9de6d6-SegmentedRaftLogWorker:Storage Directory /workdir/hadoop-ozone/integration-test/target/test-dir/MiniOzoneClusterImpl-24f7eca7-c48c-4952-ad8b-43e154ea7cd7/datanode-2/data/ratis/107ba9b1-36cd-44f8-b5ec-05ac3a681deb was interrupted, exiting. There are 0 tasks remaining in the queue.
2019-08-20 15:03:49,354 [ForkJoinPool.commonPool-worker-0] INFO  segmented.SegmentedRaftLogWorker (SegmentedRaftLogWorker.java:close(228)) - 2923d27d-94e5-4a4d-9917-f06e3e9de6d6-SegmentedRaftLogWorker:Storage Directory /workdir/hadoop-ozone/integration-test/target/test-dir/MiniOzoneClusterImpl-24f7eca7-c48c-4952-ad8b-43e154ea7cd7/datanode-2/data/ratis/107ba9b1-36cd-44f8-b5ec-05ac3a681deb close()
2019-08-20 15:03:49,377 [StateMachineUpdater:2923d27d-94e5-4a4d-9917-f06e3e9de6d6:group-148C6D2B3700] INFO  ratis.ContainerStateMachine (ContainerStateMachine.java:takeSnapshot(282)) - group-148C6D2B3700: Finished taking a snapshot at:(t:1, i:14) file:/workdir/hadoop-ozone/integration-test/target/test-dir/MiniOzoneClusterImpl-24f7eca7-c48c-4952-ad8b-43e154ea7cd7/datanode-2/data/ratis/b60bb38e-4923-467e-b7fe-148c6d2b3700/sm/snapshot.1_14 time:29
2019-08-20 15:03:49,378 [StateMachineUpdater:2923d27d-94e5-4a4d-9917-f06e3e9de6d6:group-148C6D2B3700] INFO  impl.StateMachineUpdater (StateMachineUpdater.java:takeSnapshot(242)) - StateMachineUpdater:2923d27d-94e5-4a4d-9917-f06e3e9de6d6:group-148C6D2B3700: Took a snapshot at index 14
2019-08-20 15:03:49,378 [StateMachineUpdater:2923d27d-94e5-4a4d-9917-f06e3e9de6d6:group-148C6D2B3700] INFO  impl.StateMachineUpdater (StateMachineUpdater.java:lambda$new$0(80)) - StateMachineUpdater:2923d27d-94e5-4a4d-9917-f06e3e9de6d6:group-148C6D2B3700: snapshotIndex: updateIncreasingly -1 -> 14
2019-08-20 15:03:49,378 [main] INFO  impl.RaftServerImpl (ServerState.java:close(394)) - 2923d27d-94e5-4a4d-9917-f06e3e9de6d6:group-148C6D2B3700 closes. The last applied log index is 16
2019-08-20 15:03:49,380 [2923d27d-94e5-4a4d-9917-f06e3e9de6d6-SegmentedRaftLogWorker:Storage Directory /workdir/hadoop-ozone/integration-test/target/test-dir/MiniOzoneClusterImpl-24f7eca7-c48c-4952-ad8b-43e154ea7cd7/datanode-2/data/ratis/b60bb38e-4923-467e-b7fe-148c6d2b3700] INFO  segmented.SegmentedRaftLogWorker (SegmentedRaftLogWorker.java:run(313)) - 2923d27d-94e5-4a4d-9917-f06e3e9de6d6-SegmentedRaftLogWorker:Storage Directory /workdir/hadoop-ozone/integration-test/target/test-dir/MiniOzoneClusterImpl-24f7eca7-c48c-4952-ad8b-43e154ea7cd7/datanode-2/data/ratis/b60bb38e-4923-467e-b7fe-148c6d2b3700 was interrupted, exiting. There are 0 tasks remaining in the queue.
2019-08-20 15:03:49,382 [main] INFO  segmented.SegmentedRaftLogWorker (SegmentedRaftLogWorker.java:close(228)) - 2923d27d-94e5-4a4d-9917-f06e3e9de6d6-SegmentedRaftLogWorker:Storage Directory /workdir/hadoop-ozone/integration-test/target/test-dir/MiniOzoneClusterImpl-24f7eca7-c48c-4952-ad8b-43e154ea7cd7/datanode-2/data/ratis/b60bb38e-4923-467e-b7fe-148c6d2b3700 close()
2019-08-20 15:03:49,386 [main] INFO  server.GrpcService (GrpcService.java:closeImpl(155)) - 2923d27d-94e5-4a4d-9917-f06e3e9de6d6: shutdown server with port 36527 now
2019-08-20 15:03:49,386 [main] INFO  server.GrpcService (GrpcService.java:closeImpl(163)) - 2923d27d-94e5-4a4d-9917-f06e3e9de6d6: shutdown server with port 36527 successfully
2019-08-20 15:03:49,391 [main] INFO  utils.BackgroundService (BackgroundService.java:shutdown(148)) - Shutting down service BlockDeletingService
2019-08-20 15:03:49,394 [refreshUsed-/workdir/hadoop-ozone/integration-test/target/test-dir/MiniOzoneClusterImpl-24f7eca7-c48c-4952-ad8b-43e154ea7cd7/datanode-2/data/containers] WARN  fs.CachingGetSpaceUsed (CachingGetSpaceUsed.java:run(183)) - Thread Interrupted waiting to refresh disk information: sleep interrupted
2019-08-20 15:03:49,426 [main] INFO  statemachine.DatanodeStateMachine (DatanodeStateMachine.java:stopDaemon(395)) - Ozone container server stopped.
2019-08-20 15:03:49,428 [main] INFO  handler.ContextHandler (ContextHandler.java:doStop(910)) - Stopped o.e.j.w.WebAppContext@dbed7fd{/,null,UNAVAILABLE}{/hddsDatanode}
2019-08-20 15:03:49,429 [main] INFO  server.AbstractConnector (AbstractConnector.java:doStop(318)) - Stopped ServerConnector@250d440{HTTP/1.1,[http/1.1]}{0.0.0.0:0}
2019-08-20 15:03:49,430 [main] INFO  handler.ContextHandler (ContextHandler.java:doStop(910)) - Stopped o.e.j.s.ServletContextHandler@374c40ba{/static,jar:file:/home/user/.m2/repository/org/apache/hadoop/hadoop-hdds-container-service/0.5.0-SNAPSHOT/hadoop-hdds-container-service-0.5.0-SNAPSHOT.jar!/webapps/static,UNAVAILABLE}
2019-08-20 15:03:49,430 [main] INFO  handler.ContextHandler (ContextHandler.java:doStop(910)) - Stopped o.e.j.s.ServletContextHandler@2bebd114{/logs,file:///workdir/hadoop-ozone/integration-test/target/log,UNAVAILABLE}
2019-08-20 15:03:49,592 | INFO  | SCMAudit | user=jenkins1000 | ip=192.168.5.139 | op=SEND_HEARTBEAT {datanodeUUID=a2d6af90-c3d5-480c-824b-ae12d5e723ac, command=[]} | ret=SUCCESS |  
2019-08-20 15:03:49,750 | INFO  | SCMAudit | user=jenkins1000 | ip=192.168.5.139 | op=SEND_HEARTBEAT {datanodeUUID=81e6f177-0aa0-4cea-a559-904193532cd7, command=[]} | ret=SUCCESS |  
2019-08-20 15:03:49,928 | INFO  | SCMAudit | user=jenkins1000 | ip=192.168.5.139 | op=SEND_HEARTBEAT {datanodeUUID=fb8329f7-6337-4286-bcd2-d612923e448c, command=[]} | ret=SUCCESS |  
2019-08-20 15:03:49,975 | INFO  | SCMAudit | user=jenkins1000 | ip=192.168.5.139 | op=SEND_HEARTBEAT {datanodeUUID=c8a52875-dc52-43bc-af24-370bbdbe5589, command=[]} | ret=SUCCESS |  
2019-08-20 15:03:50,330 | INFO  | SCMAudit | user=jenkins1000 | ip=192.168.5.139 | op=SEND_HEARTBEAT {datanodeUUID=6a1036d9-12c3-40f5-8094-5440fe3d038e, command=[]} | ret=SUCCESS |  
2019-08-20 15:03:50,592 | INFO  | SCMAudit | user=jenkins1000 | ip=192.168.5.139 | op=SEND_HEARTBEAT {datanodeUUID=a2d6af90-c3d5-480c-824b-ae12d5e723ac, command=[]} | ret=SUCCESS |  
2019-08-20 15:03:50,750 | INFO  | SCMAudit | user=jenkins1000 | ip=192.168.5.139 | op=SEND_HEARTBEAT {datanodeUUID=81e6f177-0aa0-4cea-a559-904193532cd7, command=[]} | ret=SUCCESS |  
2019-08-20 15:03:50,928 | INFO  | SCMAudit | user=jenkins1000 | ip=192.168.5.139 | op=SEND_HEARTBEAT {datanodeUUID=fb8329f7-6337-4286-bcd2-d612923e448c, command=[]} | ret=SUCCESS |  
2019-08-20 15:03:50,974 | INFO  | SCMAudit | user=jenkins1000 | ip=192.168.5.139 | op=SEND_HEARTBEAT {datanodeUUID=c8a52875-dc52-43bc-af24-370bbdbe5589, command=[]} | ret=SUCCESS |  
2019-08-20 15:03:51,330 | INFO  | SCMAudit | user=jenkins1000 | ip=192.168.5.139 | op=SEND_HEARTBEAT {datanodeUUID=6a1036d9-12c3-40f5-8094-5440fe3d038e, command=[]} | ret=SUCCESS |  
2019-08-20 15:03:51,592 | INFO  | SCMAudit | user=jenkins1000 | ip=192.168.5.139 | op=SEND_HEARTBEAT {datanodeUUID=a2d6af90-c3d5-480c-824b-ae12d5e723ac, command=[]} | ret=SUCCESS |  
2019-08-20 15:03:51,749 | INFO  | SCMAudit | user=jenkins1000 | ip=192.168.5.139 | op=SEND_HEARTBEAT {datanodeUUID=81e6f177-0aa0-4cea-a559-904193532cd7, command=[]} | ret=SUCCESS |  
2019-08-20 15:03:51,929 | INFO  | SCMAudit | user=jenkins1000 | ip=192.168.5.139 | op=SEND_HEARTBEAT {datanodeUUID=fb8329f7-6337-4286-bcd2-d612923e448c, command=[]} | ret=SUCCESS |  
2019-08-20 15:03:51,974 | INFO  | SCMAudit | user=jenkins1000 | ip=192.168.5.139 | op=SEND_HEARTBEAT {datanodeUUID=c8a52875-dc52-43bc-af24-370bbdbe5589, command=[]} | ret=SUCCESS |  
2019-08-20 15:03:52,331 | INFO  | SCMAudit | user=jenkins1000 | ip=192.168.5.139 | op=SEND_HEARTBEAT {datanodeUUID=6a1036d9-12c3-40f5-8094-5440fe3d038e, command=[]} | ret=SUCCESS |  
2019-08-20 15:03:52,485 [grpc-default-executor-2] INFO  client.GrpcClientProtocolClient (GrpcClientProtocolClient.java:onNext(255)) - client-B5C9F3766F48->c8a52875-dc52-43bc-af24-370bbdbe5589: receive RaftClientReply:client-B5C9F3766F48->c8a52875-dc52-43bc-af24-370bbdbe5589@group-148C6D2B3700, cid=22, FAILED org.apache.ratis.protocol.NotLeaderException: Server c8a52875-dc52-43bc-af24-370bbdbe5589 is not the leader (36e09339-9dd8-4013-a821-6974d22e740b:192.168.5.139:37692). Request must be sent to leader., logIndex=0, commits[c8a52875-dc52-43bc-af24-370bbdbe5589:c16, 36e09339-9dd8-4013-a821-6974d22e740b:c16, 2923d27d-94e5-4a4d-9917-f06e3e9de6d6:c16]
2019-08-20 15:03:52,594 | INFO  | SCMAudit | user=jenkins1000 | ip=192.168.5.139 | op=SEND_HEARTBEAT {datanodeUUID=a2d6af90-c3d5-480c-824b-ae12d5e723ac, command=[]} | ret=SUCCESS |  
2019-08-20 15:03:52,750 | INFO  | SCMAudit | user=jenkins1000 | ip=192.168.5.139 | op=SEND_HEARTBEAT {datanodeUUID=81e6f177-0aa0-4cea-a559-904193532cd7, command=[]} | ret=SUCCESS |  
2019-08-20 15:03:52,929 | INFO  | SCMAudit | user=jenkins1000 | ip=192.168.5.139 | op=SEND_HEARTBEAT {datanodeUUID=fb8329f7-6337-4286-bcd2-d612923e448c, command=[]} | ret=SUCCESS |  
2019-08-20 15:03:52,975 | INFO  | SCMAudit | user=jenkins1000 | ip=192.168.5.139 | op=SEND_HEARTBEAT {datanodeUUID=c8a52875-dc52-43bc-af24-370bbdbe5589, command=[]} | ret=SUCCESS |  
2019-08-20 15:03:53,331 | INFO  | SCMAudit | user=jenkins1000 | ip=192.168.5.139 | op=SEND_HEARTBEAT {datanodeUUID=6a1036d9-12c3-40f5-8094-5440fe3d038e, command=[]} | ret=SUCCESS |  
2019-08-20 15:03:53,524 [grpc-default-executor-3] INFO  client.GrpcClientProtocolClient (GrpcClientProtocolClient.java:onNext(255)) - client-B5C9F3766F48->c8a52875-dc52-43bc-af24-370bbdbe5589: receive RaftClientReply:client-B5C9F3766F48->c8a52875-dc52-43bc-af24-370bbdbe5589@group-148C6D2B3700, cid=22, FAILED org.apache.ratis.protocol.NotLeaderException: Server c8a52875-dc52-43bc-af24-370bbdbe5589 is not the leader (36e09339-9dd8-4013-a821-6974d22e740b:192.168.5.139:37692). Request must be sent to leader., logIndex=0, commits[c8a52875-dc52-43bc-af24-370bbdbe5589:c16, 36e09339-9dd8-4013-a821-6974d22e740b:c16, 2923d27d-94e5-4a4d-9917-f06e3e9de6d6:c16]
2019-08-20 15:03:53,593 | INFO  | SCMAudit | user=jenkins1000 | ip=192.168.5.139 | op=SEND_HEARTBEAT {datanodeUUID=a2d6af90-c3d5-480c-824b-ae12d5e723ac, command=[]} | ret=SUCCESS |  
2019-08-20 15:03:53,750 | INFO  | SCMAudit | user=jenkins1000 | ip=192.168.5.139 | op=SEND_HEARTBEAT {datanodeUUID=81e6f177-0aa0-4cea-a559-904193532cd7, command=[]} | ret=SUCCESS |  
2019-08-20 15:03:53,885 [Thread-312] INFO  impl.FollowerState (FollowerState.java:run(106)) - c8a52875-dc52-43bc-af24-370bbdbe5589:group-148C6D2B3700 changes to CANDIDATE, lastRpcTime:9704, electionTimeout:5164ms
2019-08-20 15:03:53,885 [Thread-312] INFO  impl.RoleInfo (RoleInfo.java:shutdownFollowerState(121)) - c8a52875-dc52-43bc-af24-370bbdbe5589: shutdown FollowerState
2019-08-20 15:03:53,885 [Thread-312] INFO  impl.RaftServerImpl (RaftServerImpl.java:setRole(171)) - c8a52875-dc52-43bc-af24-370bbdbe5589:group-148C6D2B3700 changes role from FOLLOWER to CANDIDATE at term 1 for changeToCandidate
2019-08-20 15:03:53,886 [Thread-312] INFO  impl.RoleInfo (RoleInfo.java:updateAndGet(143)) - c8a52875-dc52-43bc-af24-370bbdbe5589: start LeaderElection
2019-08-20 15:03:53,888 [c8a52875-dc52-43bc-af24-370bbdbe5589:group-148C6D2B3700:LeaderElection11] INFO  impl.RaftServerImpl (ServerState.java:setLeader(263)) - c8a52875-dc52-43bc-af24-370bbdbe5589:group-148C6D2B3700 change Leader from 36e09339-9dd8-4013-a821-6974d22e740b to null at term 1 for initElection
2019-08-20 15:03:53,927 [c8a52875-dc52-43bc-af24-370bbdbe5589:group-148C6D2B3700:LeaderElection11] INFO  impl.LeaderElection (LeaderElection.java:askForVotes(181)) - c8a52875-dc52-43bc-af24-370bbdbe5589:group-148C6D2B3700:LeaderElection11: begin an election at term 2 for 0: [36e09339-9dd8-4013-a821-6974d22e740b:192.168.5.139:37692, 2923d27d-94e5-4a4d-9917-f06e3e9de6d6:192.168.5.139:36527, c8a52875-dc52-43bc-af24-370bbdbe5589:192.168.5.139:38327], old=null
2019-08-20 15:03:53,929 | INFO  | SCMAudit | user=jenkins1000 | ip=192.168.5.139 | op=SEND_HEARTBEAT {datanodeUUID=fb8329f7-6337-4286-bcd2-d612923e448c, command=[]} | ret=SUCCESS |  
2019-08-20 15:03:53,936 [c8a52875-dc52-43bc-af24-370bbdbe5589:group-148C6D2B3700:LeaderElection11] INFO  impl.LeaderElection (LogUtils.java:infoOrTrace(149)) - c8a52875-dc52-43bc-af24-370bbdbe5589:group-148C6D2B3700:LeaderElection11 got exception when requesting votes: {}
java.util.concurrent.ExecutionException: org.apache.ratis.thirdparty.io.grpc.StatusRuntimeException: UNAVAILABLE: io exception
	at java.util.concurrent.FutureTask.report(FutureTask.java:122)
	at java.util.concurrent.FutureTask.get(FutureTask.java:192)
	at org.apache.ratis.server.impl.LeaderElection.waitForResults(LeaderElection.java:262)
	at org.apache.ratis.server.impl.LeaderElection.askForVotes(LeaderElection.java:200)
	at org.apache.ratis.server.impl.LeaderElection.run(LeaderElection.java:130)
	at java.lang.Thread.run(Thread.java:748)
Caused by: org.apache.ratis.thirdparty.io.grpc.StatusRuntimeException: UNAVAILABLE: io exception
	at org.apache.ratis.thirdparty.io.grpc.stub.ClientCalls.toStatusRuntimeException(ClientCalls.java:233)
	at org.apache.ratis.thirdparty.io.grpc.stub.ClientCalls.getUnchecked(ClientCalls.java:214)
	at org.apache.ratis.thirdparty.io.grpc.stub.ClientCalls.blockingUnaryCall(ClientCalls.java:139)
	at org.apache.ratis.proto.grpc.RaftServerProtocolServiceGrpc$RaftServerProtocolServiceBlockingStub.requestVote(RaftServerProtocolServiceGrpc.java:265)
	at org.apache.ratis.grpc.server.GrpcServerProtocolClient.requestVote(GrpcServerProtocolClient.java:83)
	at org.apache.ratis.grpc.server.GrpcService.requestVote(GrpcService.java:195)
	at org.apache.ratis.server.impl.LeaderElection.lambda$submitRequests$1(LeaderElection.java:237)
	at java.util.concurrent.FutureTask.run(FutureTask.java:266)
	at java.util.concurrent.Executors$RunnableAdapter.call(Executors.java:511)
	at java.util.concurrent.FutureTask.run(FutureTask.java:266)
	at java.util.concurrent.ThreadPoolExecutor.runWorker(ThreadPoolExecutor.java:1149)
	at java.util.concurrent.ThreadPoolExecutor$Worker.run(ThreadPoolExecutor.java:624)
	... 1 more
Caused by: org.apache.ratis.thirdparty.io.netty.channel.AbstractChannel$AnnotatedConnectException: Connection refused: /192.168.5.139:36527
	at sun.nio.ch.SocketChannelImpl.checkConnect(Native Method)
	at sun.nio.ch.SocketChannelImpl.finishConnect(SocketChannelImpl.java:717)
	at org.apache.ratis.thirdparty.io.netty.channel.socket.nio.NioSocketChannel.doFinishConnect(NioSocketChannel.java:327)
	at org.apache.ratis.thirdparty.io.netty.channel.nio.AbstractNioChannel$AbstractNioUnsafe.finishConnect(AbstractNioChannel.java:340)
	at org.apache.ratis.thirdparty.io.netty.channel.nio.NioEventLoop.processSelectedKey(NioEventLoop.java:632)
	at org.apache.ratis.thirdparty.io.netty.channel.nio.NioEventLoop.processSelectedKeysOptimized(NioEventLoop.java:579)
	at org.apache.ratis.thirdparty.io.netty.channel.nio.NioEventLoop.processSelectedKeys(NioEventLoop.java:496)
	at org.apache.ratis.thirdparty.io.netty.channel.nio.NioEventLoop.run(NioEventLoop.java:458)
	at org.apache.ratis.thirdparty.io.netty.util.concurrent.SingleThreadEventExecutor$5.run(SingleThreadEventExecutor.java:897)
	at org.apache.ratis.thirdparty.io.netty.util.concurrent.FastThreadLocalRunnable.run(FastThreadLocalRunnable.java:30)
	... 1 more
Caused by: java.net.ConnectException: Connection refused
	... 11 more
2019-08-20 15:03:53,940 [c8a52875-dc52-43bc-af24-370bbdbe5589:group-148C6D2B3700:LeaderElection11] INFO  impl.LeaderElection (LogUtils.java:infoOrTrace(149)) - c8a52875-dc52-43bc-af24-370bbdbe5589:group-148C6D2B3700:LeaderElection11 got exception when requesting votes: {}
java.util.concurrent.ExecutionException: org.apache.ratis.thirdparty.io.grpc.StatusRuntimeException: UNAVAILABLE: io exception
	at java.util.concurrent.FutureTask.report(FutureTask.java:122)
	at java.util.concurrent.FutureTask.get(FutureTask.java:192)
	at org.apache.ratis.server.impl.LeaderElection.waitForResults(LeaderElection.java:262)
	at org.apache.ratis.server.impl.LeaderElection.askForVotes(LeaderElection.java:200)
	at org.apache.ratis.server.impl.LeaderElection.run(LeaderElection.java:130)
	at java.lang.Thread.run(Thread.java:748)
Caused by: org.apache.ratis.thirdparty.io.grpc.StatusRuntimeException: UNAVAILABLE: io exception
	at org.apache.ratis.thirdparty.io.grpc.stub.ClientCalls.toStatusRuntimeException(ClientCalls.java:233)
	at org.apache.ratis.thirdparty.io.grpc.stub.ClientCalls.getUnchecked(ClientCalls.java:214)
	at org.apache.ratis.thirdparty.io.grpc.stub.ClientCalls.blockingUnaryCall(ClientCalls.java:139)
	at org.apache.ratis.proto.grpc.RaftServerProtocolServiceGrpc$RaftServerProtocolServiceBlockingStub.requestVote(RaftServerProtocolServiceGrpc.java:265)
	at org.apache.ratis.grpc.server.GrpcServerProtocolClient.requestVote(GrpcServerProtocolClient.java:83)
	at org.apache.ratis.grpc.server.GrpcService.requestVote(GrpcService.java:195)
	at org.apache.ratis.server.impl.LeaderElection.lambda$submitRequests$1(LeaderElection.java:237)
	at java.util.concurrent.FutureTask.run(FutureTask.java:266)
	at java.util.concurrent.Executors$RunnableAdapter.call(Executors.java:511)
	at java.util.concurrent.FutureTask.run(FutureTask.java:266)
	at java.util.concurrent.ThreadPoolExecutor.runWorker(ThreadPoolExecutor.java:1149)
	at java.util.concurrent.ThreadPoolExecutor$Worker.run(ThreadPoolExecutor.java:624)
	... 1 more
Caused by: org.apache.ratis.thirdparty.io.netty.channel.AbstractChannel$AnnotatedConnectException: Connection refused: /192.168.5.139:37692
	at sun.nio.ch.SocketChannelImpl.checkConnect(Native Method)
	at sun.nio.ch.SocketChannelImpl.finishConnect(SocketChannelImpl.java:717)
	at org.apache.ratis.thirdparty.io.netty.channel.socket.nio.NioSocketChannel.doFinishConnect(NioSocketChannel.java:327)
	at org.apache.ratis.thirdparty.io.netty.channel.nio.AbstractNioChannel$AbstractNioUnsafe.finishConnect(AbstractNioChannel.java:340)
	at org.apache.ratis.thirdparty.io.netty.channel.nio.NioEventLoop.processSelectedKey(NioEventLoop.java:632)
	at org.apache.ratis.thirdparty.io.netty.channel.nio.NioEventLoop.processSelectedKeysOptimized(NioEventLoop.java:579)
	at org.apache.ratis.thirdparty.io.netty.channel.nio.NioEventLoop.processSelectedKeys(NioEventLoop.java:496)
	at org.apache.ratis.thirdparty.io.netty.channel.nio.NioEventLoop.run(NioEventLoop.java:458)
	at org.apache.ratis.thirdparty.io.netty.util.concurrent.SingleThreadEventExecutor$5.run(SingleThreadEventExecutor.java:897)
	at org.apache.ratis.thirdparty.io.netty.util.concurrent.FastThreadLocalRunnable.run(FastThreadLocalRunnable.java:30)
	... 1 more
Caused by: java.net.ConnectException: Connection refused
	... 11 more
2019-08-20 15:03:53,942 [c8a52875-dc52-43bc-af24-370bbdbe5589:group-148C6D2B3700:LeaderElection11] INFO  impl.LeaderElection (LeaderElection.java:logAndReturn(56)) - c8a52875-dc52-43bc-af24-370bbdbe5589:group-148C6D2B3700:LeaderElection11: Election REJECTED; received 0 response(s) [] and 2 exception(s); c8a52875-dc52-43bc-af24-370bbdbe5589:t2, leader=null, voted=c8a52875-dc52-43bc-af24-370bbdbe5589, raftlog=c8a52875-dc52-43bc-af24-370bbdbe5589-SegmentedRaftLog:OPENED:c16,f16,i16, conf=0: [36e09339-9dd8-4013-a821-6974d22e740b:192.168.5.139:37692, 2923d27d-94e5-4a4d-9917-f06e3e9de6d6:192.168.5.139:36527, c8a52875-dc52-43bc-af24-370bbdbe5589:192.168.5.139:38327], old=null
2019-08-20 15:03:53,942 [c8a52875-dc52-43bc-af24-370bbdbe5589:group-148C6D2B3700:LeaderElection11] INFO  impl.LeaderElection (LogUtils.java:infoOrTrace(149)) -   Exception 0: {}
java.util.concurrent.ExecutionException: org.apache.ratis.thirdparty.io.grpc.StatusRuntimeException: UNAVAILABLE: io exception
	at java.util.concurrent.FutureTask.report(FutureTask.java:122)
	at java.util.concurrent.FutureTask.get(FutureTask.java:192)
	at org.apache.ratis.server.impl.LeaderElection.waitForResults(LeaderElection.java:262)
	at org.apache.ratis.server.impl.LeaderElection.askForVotes(LeaderElection.java:200)
	at org.apache.ratis.server.impl.LeaderElection.run(LeaderElection.java:130)
	at java.lang.Thread.run(Thread.java:748)
Caused by: org.apache.ratis.thirdparty.io.grpc.StatusRuntimeException: UNAVAILABLE: io exception
	at org.apache.ratis.thirdparty.io.grpc.stub.ClientCalls.toStatusRuntimeException(ClientCalls.java:233)
	at org.apache.ratis.thirdparty.io.grpc.stub.ClientCalls.getUnchecked(ClientCalls.java:214)
	at org.apache.ratis.thirdparty.io.grpc.stub.ClientCalls.blockingUnaryCall(ClientCalls.java:139)
	at org.apache.ratis.proto.grpc.RaftServerProtocolServiceGrpc$RaftServerProtocolServiceBlockingStub.requestVote(RaftServerProtocolServiceGrpc.java:265)
	at org.apache.ratis.grpc.server.GrpcServerProtocolClient.requestVote(GrpcServerProtocolClient.java:83)
	at org.apache.ratis.grpc.server.GrpcService.requestVote(GrpcService.java:195)
	at org.apache.ratis.server.impl.LeaderElection.lambda$submitRequests$1(LeaderElection.java:237)
	at java.util.concurrent.FutureTask.run(FutureTask.java:266)
	at java.util.concurrent.Executors$RunnableAdapter.call(Executors.java:511)
	at java.util.concurrent.FutureTask.run(FutureTask.java:266)
	at java.util.concurrent.ThreadPoolExecutor.runWorker(ThreadPoolExecutor.java:1149)
	at java.util.concurrent.ThreadPoolExecutor$Worker.run(ThreadPoolExecutor.java:624)
	... 1 more
Caused by: org.apache.ratis.thirdparty.io.netty.channel.AbstractChannel$AnnotatedConnectException: Connection refused: /192.168.5.139:36527
	at sun.nio.ch.SocketChannelImpl.checkConnect(Native Method)
	at sun.nio.ch.SocketChannelImpl.finishConnect(SocketChannelImpl.java:717)
	at org.apache.ratis.thirdparty.io.netty.channel.socket.nio.NioSocketChannel.doFinishConnect(NioSocketChannel.java:327)
	at org.apache.ratis.thirdparty.io.netty.channel.nio.AbstractNioChannel$AbstractNioUnsafe.finishConnect(AbstractNioChannel.java:340)
	at org.apache.ratis.thirdparty.io.netty.channel.nio.NioEventLoop.processSelectedKey(NioEventLoop.java:632)
	at org.apache.ratis.thirdparty.io.netty.channel.nio.NioEventLoop.processSelectedKeysOptimized(NioEventLoop.java:579)
	at org.apache.ratis.thirdparty.io.netty.channel.nio.NioEventLoop.processSelectedKeys(NioEventLoop.java:496)
	at org.apache.ratis.thirdparty.io.netty.channel.nio.NioEventLoop.run(NioEventLoop.java:458)
	at org.apache.ratis.thirdparty.io.netty.util.concurrent.SingleThreadEventExecutor$5.run(SingleThreadEventExecutor.java:897)
	at org.apache.ratis.thirdparty.io.netty.util.concurrent.FastThreadLocalRunnable.run(FastThreadLocalRunnable.java:30)
	... 1 more
Caused by: java.net.ConnectException: Connection refused
	... 11 more
2019-08-20 15:03:53,942 [c8a52875-dc52-43bc-af24-370bbdbe5589:group-148C6D2B3700:LeaderElection11] INFO  impl.LeaderElection (LogUtils.java:infoOrTrace(149)) -   Exception 1: {}
java.util.concurrent.ExecutionException: org.apache.ratis.thirdparty.io.grpc.StatusRuntimeException: UNAVAILABLE: io exception
	at java.util.concurrent.FutureTask.report(FutureTask.java:122)
	at java.util.concurrent.FutureTask.get(FutureTask.java:192)
	at org.apache.ratis.server.impl.LeaderElection.waitForResults(LeaderElection.java:262)
	at org.apache.ratis.server.impl.LeaderElection.askForVotes(LeaderElection.java:200)
	at org.apache.ratis.server.impl.LeaderElection.run(LeaderElection.java:130)
	at java.lang.Thread.run(Thread.java:748)
Caused by: org.apache.ratis.thirdparty.io.grpc.StatusRuntimeException: UNAVAILABLE: io exception
	at org.apache.ratis.thirdparty.io.grpc.stub.ClientCalls.toStatusRuntimeException(ClientCalls.java:233)
	at org.apache.ratis.thirdparty.io.grpc.stub.ClientCalls.getUnchecked(ClientCalls.java:214)
	at org.apache.ratis.thirdparty.io.grpc.stub.ClientCalls.blockingUnaryCall(ClientCalls.java:139)
	at org.apache.ratis.proto.grpc.RaftServerProtocolServiceGrpc$RaftServerProtocolServiceBlockingStub.requestVote(RaftServerProtocolServiceGrpc.java:265)
	at org.apache.ratis.grpc.server.GrpcServerProtocolClient.requestVote(GrpcServerProtocolClient.java:83)
	at org.apache.ratis.grpc.server.GrpcService.requestVote(GrpcService.java:195)
	at org.apache.ratis.server.impl.LeaderElection.lambda$submitRequests$1(LeaderElection.java:237)
	at java.util.concurrent.FutureTask.run(FutureTask.java:266)
	at java.util.concurrent.Executors$RunnableAdapter.call(Executors.java:511)
	at java.util.concurrent.FutureTask.run(FutureTask.java:266)
	at java.util.concurrent.ThreadPoolExecutor.runWorker(ThreadPoolExecutor.java:1149)
	at java.util.concurrent.ThreadPoolExecutor$Worker.run(ThreadPoolExecutor.java:624)
	... 1 more
Caused by: org.apache.ratis.thirdparty.io.netty.channel.AbstractChannel$AnnotatedConnectException: Connection refused: /192.168.5.139:37692
	at sun.nio.ch.SocketChannelImpl.checkConnect(Native Method)
	at sun.nio.ch.SocketChannelImpl.finishConnect(SocketChannelImpl.java:717)
	at org.apache.ratis.thirdparty.io.netty.channel.socket.nio.NioSocketChannel.doFinishConnect(NioSocketChannel.java:327)
	at org.apache.ratis.thirdparty.io.netty.channel.nio.AbstractNioChannel$AbstractNioUnsafe.finishConnect(AbstractNioChannel.java:340)
	at org.apache.ratis.thirdparty.io.netty.channel.nio.NioEventLoop.processSelectedKey(NioEventLoop.java:632)
	at org.apache.ratis.thirdparty.io.netty.channel.nio.NioEventLoop.processSelectedKeysOptimized(NioEventLoop.java:579)
	at org.apache.ratis.thirdparty.io.netty.channel.nio.NioEventLoop.processSelectedKeys(NioEventLoop.java:496)
	at org.apache.ratis.thirdparty.io.netty.channel.nio.NioEventLoop.run(NioEventLoop.java:458)
	at org.apache.ratis.thirdparty.io.netty.util.concurrent.SingleThreadEventExecutor$5.run(SingleThreadEventExecutor.java:897)
	at org.apache.ratis.thirdparty.io.netty.util.concurrent.FastThreadLocalRunnable.run(FastThreadLocalRunnable.java:30)
	... 1 more
Caused by: java.net.ConnectException: Connection refused
	... 11 more
2019-08-20 15:03:53,943 [c8a52875-dc52-43bc-af24-370bbdbe5589:group-148C6D2B3700:LeaderElection11] INFO  impl.RaftServerImpl (RaftServerImpl.java:setRole(171)) - c8a52875-dc52-43bc-af24-370bbdbe5589:group-148C6D2B3700 changes role from CANDIDATE to FOLLOWER at term 2 for DISCOVERED_A_NEW_TERM
2019-08-20 15:03:53,944 [c8a52875-dc52-43bc-af24-370bbdbe5589:group-148C6D2B3700:LeaderElection11] INFO  impl.RoleInfo (RoleInfo.java:shutdownLeaderElection(134)) - c8a52875-dc52-43bc-af24-370bbdbe5589: shutdown LeaderElection
2019-08-20 15:03:53,945 [c8a52875-dc52-43bc-af24-370bbdbe5589:group-148C6D2B3700:LeaderElection11] INFO  impl.RoleInfo (RoleInfo.java:updateAndGet(143)) - c8a52875-dc52-43bc-af24-370bbdbe5589: start FollowerState
2019-08-20 15:03:53,975 | INFO  | SCMAudit | user=jenkins1000 | ip=192.168.5.139 | op=SEND_HEARTBEAT {datanodeUUID=c8a52875-dc52-43bc-af24-370bbdbe5589, command=[]} | ret=SUCCESS |  
2019-08-20 15:03:54,331 | INFO  | SCMAudit | user=jenkins1000 | ip=192.168.5.139 | op=SEND_HEARTBEAT {datanodeUUID=6a1036d9-12c3-40f5-8094-5440fe3d038e, command=[]} | ret=SUCCESS |  
2019-08-20 15:03:54,593 | INFO  | SCMAudit | user=jenkins1000 | ip=192.168.5.139 | op=SEND_HEARTBEAT {datanodeUUID=a2d6af90-c3d5-480c-824b-ae12d5e723ac, command=[]} | ret=SUCCESS |  
2019-08-20 15:03:54,750 | INFO  | SCMAudit | user=jenkins1000 | ip=192.168.5.139 | op=SEND_HEARTBEAT {datanodeUUID=81e6f177-0aa0-4cea-a559-904193532cd7, command=[]} | ret=SUCCESS |  
2019-08-20 15:03:54,928 | INFO  | SCMAudit | user=jenkins1000 | ip=192.168.5.139 | op=SEND_HEARTBEAT {datanodeUUID=fb8329f7-6337-4286-bcd2-d612923e448c, command=[]} | ret=SUCCESS |  
2019-08-20 15:03:54,975 | INFO  | SCMAudit | user=jenkins1000 | ip=192.168.5.139 | op=SEND_HEARTBEAT {datanodeUUID=c8a52875-dc52-43bc-af24-370bbdbe5589, command=[]} | ret=SUCCESS |  
2019-08-20 15:03:55,332 | INFO  | SCMAudit | user=jenkins1000 | ip=192.168.5.139 | op=SEND_HEARTBEAT {datanodeUUID=6a1036d9-12c3-40f5-8094-5440fe3d038e, command=[]} | ret=SUCCESS |  
2019-08-20 15:03:55,565 [grpc-default-executor-1] INFO  client.GrpcClientProtocolClient (GrpcClientProtocolClient.java:onNext(255)) - client-B5C9F3766F48->c8a52875-dc52-43bc-af24-370bbdbe5589: receive RaftClientReply:client-B5C9F3766F48->c8a52875-dc52-43bc-af24-370bbdbe5589@group-148C6D2B3700, cid=22, FAILED org.apache.ratis.protocol.NotLeaderException: Server c8a52875-dc52-43bc-af24-370bbdbe5589 is not the leader (null). Request must be sent to leader., logIndex=0, commits[c8a52875-dc52-43bc-af24-370bbdbe5589:c16, 36e09339-9dd8-4013-a821-6974d22e740b:c16, 2923d27d-94e5-4a4d-9917-f06e3e9de6d6:c16]
2019-08-20 15:03:55,594 | INFO  | SCMAudit | user=jenkins1000 | ip=192.168.5.139 | op=SEND_HEARTBEAT {datanodeUUID=a2d6af90-c3d5-480c-824b-ae12d5e723ac, command=[]} | ret=SUCCESS |  
2019-08-20 15:03:55,750 | INFO  | SCMAudit | user=jenkins1000 | ip=192.168.5.139 | op=SEND_HEARTBEAT {datanodeUUID=81e6f177-0aa0-4cea-a559-904193532cd7, command=[]} | ret=SUCCESS |  
2019-08-20 15:03:55,929 | INFO  | SCMAudit | user=jenkins1000 | ip=192.168.5.139 | op=SEND_HEARTBEAT {datanodeUUID=fb8329f7-6337-4286-bcd2-d612923e448c, command=[]} | ret=SUCCESS |  
2019-08-20 15:03:55,975 | INFO  | SCMAudit | user=jenkins1000 | ip=192.168.5.139 | op=SEND_HEARTBEAT {datanodeUUID=c8a52875-dc52-43bc-af24-370bbdbe5589, command=[]} | ret=SUCCESS |  
2019-08-20 15:03:56,332 | INFO  | SCMAudit | user=jenkins1000 | ip=192.168.5.139 | op=SEND_HEARTBEAT {datanodeUUID=6a1036d9-12c3-40f5-8094-5440fe3d038e, command=[]} | ret=SUCCESS |  
2019-08-20 15:03:56,595 | INFO  | SCMAudit | user=jenkins1000 | ip=192.168.5.139 | op=SEND_HEARTBEAT {datanodeUUID=a2d6af90-c3d5-480c-824b-ae12d5e723ac, command=[]} | ret=SUCCESS |  
2019-08-20 15:03:56,751 | INFO  | SCMAudit | user=jenkins1000 | ip=192.168.5.139 | op=SEND_HEARTBEAT {datanodeUUID=81e6f177-0aa0-4cea-a559-904193532cd7, command=[]} | ret=SUCCESS |  
2019-08-20 15:03:56,929 | INFO  | SCMAudit | user=jenkins1000 | ip=192.168.5.139 | op=SEND_HEARTBEAT {datanodeUUID=fb8329f7-6337-4286-bcd2-d612923e448c, command=[]} | ret=SUCCESS |  
2019-08-20 15:03:56,975 | INFO  | SCMAudit | user=jenkins1000 | ip=192.168.5.139 | op=SEND_HEARTBEAT {datanodeUUID=c8a52875-dc52-43bc-af24-370bbdbe5589, command=[]} | ret=SUCCESS |  
2019-08-20 15:03:57,332 | INFO  | SCMAudit | user=jenkins1000 | ip=192.168.5.139 | op=SEND_HEARTBEAT {datanodeUUID=6a1036d9-12c3-40f5-8094-5440fe3d038e, command=[]} | ret=SUCCESS |  
2019-08-20 15:03:57,594 | INFO  | SCMAudit | user=jenkins1000 | ip=192.168.5.139 | op=SEND_HEARTBEAT {datanodeUUID=a2d6af90-c3d5-480c-824b-ae12d5e723ac, command=[]} | ret=SUCCESS |  
2019-08-20 15:03:57,751 | INFO  | SCMAudit | user=jenkins1000 | ip=192.168.5.139 | op=SEND_HEARTBEAT {datanodeUUID=81e6f177-0aa0-4cea-a559-904193532cd7, command=[]} | ret=SUCCESS |  
2019-08-20 15:03:57,928 | INFO  | SCMAudit | user=jenkins1000 | ip=192.168.5.139 | op=SEND_HEARTBEAT {datanodeUUID=fb8329f7-6337-4286-bcd2-d612923e448c, command=[]} | ret=SUCCESS |  
2019-08-20 15:03:57,974 | INFO  | SCMAudit | user=jenkins1000 | ip=192.168.5.139 | op=SEND_HEARTBEAT {datanodeUUID=c8a52875-dc52-43bc-af24-370bbdbe5589, command=[]} | ret=SUCCESS |  
2019-08-20 15:03:58,333 | INFO  | SCMAudit | user=jenkins1000 | ip=192.168.5.139 | op=SEND_HEARTBEAT {datanodeUUID=6a1036d9-12c3-40f5-8094-5440fe3d038e, command=[]} | ret=SUCCESS |  
2019-08-20 15:03:58,597 | INFO  | SCMAudit | user=jenkins1000 | ip=192.168.5.139 | op=SEND_HEARTBEAT {datanodeUUID=a2d6af90-c3d5-480c-824b-ae12d5e723ac, command=[]} | ret=SUCCESS |  
2019-08-20 15:03:58,751 | INFO  | SCMAudit | user=jenkins1000 | ip=192.168.5.139 | op=SEND_HEARTBEAT {datanodeUUID=81e6f177-0aa0-4cea-a559-904193532cd7, command=[]} | ret=SUCCESS |  
2019-08-20 15:03:58,928 | INFO  | SCMAudit | user=jenkins1000 | ip=192.168.5.139 | op=SEND_HEARTBEAT {datanodeUUID=fb8329f7-6337-4286-bcd2-d612923e448c, command=[]} | ret=SUCCESS |  
2019-08-20 15:03:58,974 | INFO  | SCMAudit | user=jenkins1000 | ip=192.168.5.139 | op=SEND_HEARTBEAT {datanodeUUID=c8a52875-dc52-43bc-af24-370bbdbe5589, command=[]} | ret=SUCCESS |  
2019-08-20 15:03:58,989 [Thread-425] INFO  impl.FollowerState (FollowerState.java:run(106)) - c8a52875-dc52-43bc-af24-370bbdbe5589:group-148C6D2B3700 changes to CANDIDATE, lastRpcTime:5044, electionTimeout:5043ms
2019-08-20 15:03:58,989 [Thread-425] INFO  impl.RoleInfo (RoleInfo.java:shutdownFollowerState(121)) - c8a52875-dc52-43bc-af24-370bbdbe5589: shutdown FollowerState
2019-08-20 15:03:58,989 [Thread-425] INFO  impl.RaftServerImpl (RaftServerImpl.java:setRole(171)) - c8a52875-dc52-43bc-af24-370bbdbe5589:group-148C6D2B3700 changes role from FOLLOWER to CANDIDATE at term 2 for changeToCandidate
2019-08-20 15:03:58,990 [Thread-425] INFO  impl.RoleInfo (RoleInfo.java:updateAndGet(143)) - c8a52875-dc52-43bc-af24-370bbdbe5589: start LeaderElection
2019-08-20 15:03:59,006 [c8a52875-dc52-43bc-af24-370bbdbe5589:group-148C6D2B3700:LeaderElection12] INFO  impl.LeaderElection (LeaderElection.java:askForVotes(181)) - c8a52875-dc52-43bc-af24-370bbdbe5589:group-148C6D2B3700:LeaderElection12: begin an election at term 3 for 0: [36e09339-9dd8-4013-a821-6974d22e740b:192.168.5.139:37692, 2923d27d-94e5-4a4d-9917-f06e3e9de6d6:192.168.5.139:36527, c8a52875-dc52-43bc-af24-370bbdbe5589:192.168.5.139:38327], old=null
2019-08-20 15:03:59,008 [c8a52875-dc52-43bc-af24-370bbdbe5589:group-148C6D2B3700:LeaderElection12] INFO  impl.LeaderElection (LogUtils.java:infoOrTrace(149)) - c8a52875-dc52-43bc-af24-370bbdbe5589:group-148C6D2B3700:LeaderElection12 got exception when requesting votes: {}
java.util.concurrent.ExecutionException: org.apache.ratis.thirdparty.io.grpc.StatusRuntimeException: UNAVAILABLE: io exception
	at java.util.concurrent.FutureTask.report(FutureTask.java:122)
	at java.util.concurrent.FutureTask.get(FutureTask.java:192)
	at org.apache.ratis.server.impl.LeaderElection.waitForResults(LeaderElection.java:262)
	at org.apache.ratis.server.impl.LeaderElection.askForVotes(LeaderElection.java:200)
	at org.apache.ratis.server.impl.LeaderElection.run(LeaderElection.java:130)
	at java.lang.Thread.run(Thread.java:748)
Caused by: org.apache.ratis.thirdparty.io.grpc.StatusRuntimeException: UNAVAILABLE: io exception
	at org.apache.ratis.thirdparty.io.grpc.stub.ClientCalls.toStatusRuntimeException(ClientCalls.java:233)
	at org.apache.ratis.thirdparty.io.grpc.stub.ClientCalls.getUnchecked(ClientCalls.java:214)
	at org.apache.ratis.thirdparty.io.grpc.stub.ClientCalls.blockingUnaryCall(ClientCalls.java:139)
	at org.apache.ratis.proto.grpc.RaftServerProtocolServiceGrpc$RaftServerProtocolServiceBlockingStub.requestVote(RaftServerProtocolServiceGrpc.java:265)
	at org.apache.ratis.grpc.server.GrpcServerProtocolClient.requestVote(GrpcServerProtocolClient.java:83)
	at org.apache.ratis.grpc.server.GrpcService.requestVote(GrpcService.java:195)
	at org.apache.ratis.server.impl.LeaderElection.lambda$submitRequests$1(LeaderElection.java:237)
	at java.util.concurrent.FutureTask.run(FutureTask.java:266)
	at java.util.concurrent.Executors$RunnableAdapter.call(Executors.java:511)
	at java.util.concurrent.FutureTask.run(FutureTask.java:266)
	at java.util.concurrent.ThreadPoolExecutor.runWorker(ThreadPoolExecutor.java:1149)
	at java.util.concurrent.ThreadPoolExecutor$Worker.run(ThreadPoolExecutor.java:624)
	... 1 more
Caused by: org.apache.ratis.thirdparty.io.netty.channel.AbstractChannel$AnnotatedConnectException: Connection refused: /192.168.5.139:37692
	at sun.nio.ch.SocketChannelImpl.checkConnect(Native Method)
	at sun.nio.ch.SocketChannelImpl.finishConnect(SocketChannelImpl.java:717)
	at org.apache.ratis.thirdparty.io.netty.channel.socket.nio.NioSocketChannel.doFinishConnect(NioSocketChannel.java:327)
	at org.apache.ratis.thirdparty.io.netty.channel.nio.AbstractNioChannel$AbstractNioUnsafe.finishConnect(AbstractNioChannel.java:340)
	at org.apache.ratis.thirdparty.io.netty.channel.nio.NioEventLoop.processSelectedKey(NioEventLoop.java:632)
	at org.apache.ratis.thirdparty.io.netty.channel.nio.NioEventLoop.processSelectedKeysOptimized(NioEventLoop.java:579)
	at org.apache.ratis.thirdparty.io.netty.channel.nio.NioEventLoop.processSelectedKeys(NioEventLoop.java:496)
	at org.apache.ratis.thirdparty.io.netty.channel.nio.NioEventLoop.run(NioEventLoop.java:458)
	at org.apache.ratis.thirdparty.io.netty.util.concurrent.SingleThreadEventExecutor$5.run(SingleThreadEventExecutor.java:897)
	at org.apache.ratis.thirdparty.io.netty.util.concurrent.FastThreadLocalRunnable.run(FastThreadLocalRunnable.java:30)
	... 1 more
Caused by: java.net.ConnectException: Connection refused
	... 11 more
2019-08-20 15:03:59,010 [c8a52875-dc52-43bc-af24-370bbdbe5589:group-148C6D2B3700:LeaderElection12] INFO  impl.LeaderElection (LogUtils.java:infoOrTrace(149)) - c8a52875-dc52-43bc-af24-370bbdbe5589:group-148C6D2B3700:LeaderElection12 got exception when requesting votes: {}
java.util.concurrent.ExecutionException: org.apache.ratis.thirdparty.io.grpc.StatusRuntimeException: UNAVAILABLE: io exception
	at java.util.concurrent.FutureTask.report(FutureTask.java:122)
	at java.util.concurrent.FutureTask.get(FutureTask.java:192)
	at org.apache.ratis.server.impl.LeaderElection.waitForResults(LeaderElection.java:262)
	at org.apache.ratis.server.impl.LeaderElection.askForVotes(LeaderElection.java:200)
	at org.apache.ratis.server.impl.LeaderElection.run(LeaderElection.java:130)
	at java.lang.Thread.run(Thread.java:748)
Caused by: org.apache.ratis.thirdparty.io.grpc.StatusRuntimeException: UNAVAILABLE: io exception
	at org.apache.ratis.thirdparty.io.grpc.stub.ClientCalls.toStatusRuntimeException(ClientCalls.java:233)
	at org.apache.ratis.thirdparty.io.grpc.stub.ClientCalls.getUnchecked(ClientCalls.java:214)
	at org.apache.ratis.thirdparty.io.grpc.stub.ClientCalls.blockingUnaryCall(ClientCalls.java:139)
	at org.apache.ratis.proto.grpc.RaftServerProtocolServiceGrpc$RaftServerProtocolServiceBlockingStub.requestVote(RaftServerProtocolServiceGrpc.java:265)
	at org.apache.ratis.grpc.server.GrpcServerProtocolClient.requestVote(GrpcServerProtocolClient.java:83)
	at org.apache.ratis.grpc.server.GrpcService.requestVote(GrpcService.java:195)
	at org.apache.ratis.server.impl.LeaderElection.lambda$submitRequests$1(LeaderElection.java:237)
	at java.util.concurrent.FutureTask.run(FutureTask.java:266)
	at java.util.concurrent.Executors$RunnableAdapter.call(Executors.java:511)
	at java.util.concurrent.FutureTask.run(FutureTask.java:266)
	at java.util.concurrent.ThreadPoolExecutor.runWorker(ThreadPoolExecutor.java:1149)
	at java.util.concurrent.ThreadPoolExecutor$Worker.run(ThreadPoolExecutor.java:624)
	... 1 more
Caused by: org.apache.ratis.thirdparty.io.netty.channel.AbstractChannel$AnnotatedConnectException: Connection refused: /192.168.5.139:36527
	at sun.nio.ch.SocketChannelImpl.checkConnect(Native Method)
	at sun.nio.ch.SocketChannelImpl.finishConnect(SocketChannelImpl.java:717)
	at org.apache.ratis.thirdparty.io.netty.channel.socket.nio.NioSocketChannel.doFinishConnect(NioSocketChannel.java:327)
	at org.apache.ratis.thirdparty.io.netty.channel.nio.AbstractNioChannel$AbstractNioUnsafe.finishConnect(AbstractNioChannel.java:340)
	at org.apache.ratis.thirdparty.io.netty.channel.nio.NioEventLoop.processSelectedKey(NioEventLoop.java:632)
	at org.apache.ratis.thirdparty.io.netty.channel.nio.NioEventLoop.processSelectedKeysOptimized(NioEventLoop.java:579)
	at org.apache.ratis.thirdparty.io.netty.channel.nio.NioEventLoop.processSelectedKeys(NioEventLoop.java:496)
	at org.apache.ratis.thirdparty.io.netty.channel.nio.NioEventLoop.run(NioEventLoop.java:458)
	at org.apache.ratis.thirdparty.io.netty.util.concurrent.SingleThreadEventExecutor$5.run(SingleThreadEventExecutor.java:897)
	at org.apache.ratis.thirdparty.io.netty.util.concurrent.FastThreadLocalRunnable.run(FastThreadLocalRunnable.java:30)
	... 1 more
Caused by: java.net.ConnectException: Connection refused
	... 11 more
2019-08-20 15:03:59,013 [c8a52875-dc52-43bc-af24-370bbdbe5589:group-148C6D2B3700:LeaderElection12] INFO  impl.LeaderElection (LeaderElection.java:logAndReturn(56)) - c8a52875-dc52-43bc-af24-370bbdbe5589:group-148C6D2B3700:LeaderElection12: Election REJECTED; received 0 response(s) [] and 2 exception(s); c8a52875-dc52-43bc-af24-370bbdbe5589:t3, leader=null, voted=c8a52875-dc52-43bc-af24-370bbdbe5589, raftlog=c8a52875-dc52-43bc-af24-370bbdbe5589-SegmentedRaftLog:OPENED:c16,f16,i16, conf=0: [36e09339-9dd8-4013-a821-6974d22e740b:192.168.5.139:37692, 2923d27d-94e5-4a4d-9917-f06e3e9de6d6:192.168.5.139:36527, c8a52875-dc52-43bc-af24-370bbdbe5589:192.168.5.139:38327], old=null
2019-08-20 15:03:59,013 [c8a52875-dc52-43bc-af24-370bbdbe5589:group-148C6D2B3700:LeaderElection12] INFO  impl.LeaderElection (LogUtils.java:infoOrTrace(149)) -   Exception 0: {}
java.util.concurrent.ExecutionException: org.apache.ratis.thirdparty.io.grpc.StatusRuntimeException: UNAVAILABLE: io exception
	at java.util.concurrent.FutureTask.report(FutureTask.java:122)
	at java.util.concurrent.FutureTask.get(FutureTask.java:192)
	at org.apache.ratis.server.impl.LeaderElection.waitForResults(LeaderElection.java:262)
	at org.apache.ratis.server.impl.LeaderElection.askForVotes(LeaderElection.java:200)
	at org.apache.ratis.server.impl.LeaderElection.run(LeaderElection.java:130)
	at java.lang.Thread.run(Thread.java:748)
Caused by: org.apache.ratis.thirdparty.io.grpc.StatusRuntimeException: UNAVAILABLE: io exception
	at org.apache.ratis.thirdparty.io.grpc.stub.ClientCalls.toStatusRuntimeException(ClientCalls.java:233)
	at org.apache.ratis.thirdparty.io.grpc.stub.ClientCalls.getUnchecked(ClientCalls.java:214)
	at org.apache.ratis.thirdparty.io.grpc.stub.ClientCalls.blockingUnaryCall(ClientCalls.java:139)
	at org.apache.ratis.proto.grpc.RaftServerProtocolServiceGrpc$RaftServerProtocolServiceBlockingStub.requestVote(RaftServerProtocolServiceGrpc.java:265)
	at org.apache.ratis.grpc.server.GrpcServerProtocolClient.requestVote(GrpcServerProtocolClient.java:83)
	at org.apache.ratis.grpc.server.GrpcService.requestVote(GrpcService.java:195)
	at org.apache.ratis.server.impl.LeaderElection.lambda$submitRequests$1(LeaderElection.java:237)
	at java.util.concurrent.FutureTask.run(FutureTask.java:266)
	at java.util.concurrent.Executors$RunnableAdapter.call(Executors.java:511)
	at java.util.concurrent.FutureTask.run(FutureTask.java:266)
	at java.util.concurrent.ThreadPoolExecutor.runWorker(ThreadPoolExecutor.java:1149)
	at java.util.concurrent.ThreadPoolExecutor$Worker.run(ThreadPoolExecutor.java:624)
	... 1 more
Caused by: org.apache.ratis.thirdparty.io.netty.channel.AbstractChannel$AnnotatedConnectException: Connection refused: /192.168.5.139:37692
	at sun.nio.ch.SocketChannelImpl.checkConnect(Native Method)
	at sun.nio.ch.SocketChannelImpl.finishConnect(SocketChannelImpl.java:717)
	at org.apache.ratis.thirdparty.io.netty.channel.socket.nio.NioSocketChannel.doFinishConnect(NioSocketChannel.java:327)
	at org.apache.ratis.thirdparty.io.netty.channel.nio.AbstractNioChannel$AbstractNioUnsafe.finishConnect(AbstractNioChannel.java:340)
	at org.apache.ratis.thirdparty.io.netty.channel.nio.NioEventLoop.processSelectedKey(NioEventLoop.java:632)
	at org.apache.ratis.thirdparty.io.netty.channel.nio.NioEventLoop.processSelectedKeysOptimized(NioEventLoop.java:579)
	at org.apache.ratis.thirdparty.io.netty.channel.nio.NioEventLoop.processSelectedKeys(NioEventLoop.java:496)
	at org.apache.ratis.thirdparty.io.netty.channel.nio.NioEventLoop.run(NioEventLoop.java:458)
	at org.apache.ratis.thirdparty.io.netty.util.concurrent.SingleThreadEventExecutor$5.run(SingleThreadEventExecutor.java:897)
	at org.apache.ratis.thirdparty.io.netty.util.concurrent.FastThreadLocalRunnable.run(FastThreadLocalRunnable.java:30)
	... 1 more
Caused by: java.net.ConnectException: Connection refused
	... 11 more
2019-08-20 15:03:59,014 [c8a52875-dc52-43bc-af24-370bbdbe5589:group-148C6D2B3700:LeaderElection12] INFO  impl.LeaderElection (LogUtils.java:infoOrTrace(149)) -   Exception 1: {}
java.util.concurrent.ExecutionException: org.apache.ratis.thirdparty.io.grpc.StatusRuntimeException: UNAVAILABLE: io exception
	at java.util.concurrent.FutureTask.report(FutureTask.java:122)
	at java.util.concurrent.FutureTask.get(FutureTask.java:192)
	at org.apache.ratis.server.impl.LeaderElection.waitForResults(LeaderElection.java:262)
	at org.apache.ratis.server.impl.LeaderElection.askForVotes(LeaderElection.java:200)
	at org.apache.ratis.server.impl.LeaderElection.run(LeaderElection.java:130)
	at java.lang.Thread.run(Thread.java:748)
Caused by: org.apache.ratis.thirdparty.io.grpc.StatusRuntimeException: UNAVAILABLE: io exception
	at org.apache.ratis.thirdparty.io.grpc.stub.ClientCalls.toStatusRuntimeException(ClientCalls.java:233)
	at org.apache.ratis.thirdparty.io.grpc.stub.ClientCalls.getUnchecked(ClientCalls.java:214)
	at org.apache.ratis.thirdparty.io.grpc.stub.ClientCalls.blockingUnaryCall(ClientCalls.java:139)
	at org.apache.ratis.proto.grpc.RaftServerProtocolServiceGrpc$RaftServerProtocolServiceBlockingStub.requestVote(RaftServerProtocolServiceGrpc.java:265)
	at org.apache.ratis.grpc.server.GrpcServerProtocolClient.requestVote(GrpcServerProtocolClient.java:83)
	at org.apache.ratis.grpc.server.GrpcService.requestVote(GrpcService.java:195)
	at org.apache.ratis.server.impl.LeaderElection.lambda$submitRequests$1(LeaderElection.java:237)
	at java.util.concurrent.FutureTask.run(FutureTask.java:266)
	at java.util.concurrent.Executors$RunnableAdapter.call(Executors.java:511)
	at java.util.concurrent.FutureTask.run(FutureTask.java:266)
	at java.util.concurrent.ThreadPoolExecutor.runWorker(ThreadPoolExecutor.java:1149)
	at java.util.concurrent.ThreadPoolExecutor$Worker.run(ThreadPoolExecutor.java:624)
	... 1 more
Caused by: org.apache.ratis.thirdparty.io.netty.channel.AbstractChannel$AnnotatedConnectException: Connection refused: /192.168.5.139:36527
	at sun.nio.ch.SocketChannelImpl.checkConnect(Native Method)
	at sun.nio.ch.SocketChannelImpl.finishConnect(SocketChannelImpl.java:717)
	at org.apache.ratis.thirdparty.io.netty.channel.socket.nio.NioSocketChannel.doFinishConnect(NioSocketChannel.java:327)
	at org.apache.ratis.thirdparty.io.netty.channel.nio.AbstractNioChannel$AbstractNioUnsafe.finishConnect(AbstractNioChannel.java:340)
	at org.apache.ratis.thirdparty.io.netty.channel.nio.NioEventLoop.processSelectedKey(NioEventLoop.java:632)
	at org.apache.ratis.thirdparty.io.netty.channel.nio.NioEventLoop.processSelectedKeysOptimized(NioEventLoop.java:579)
	at org.apache.ratis.thirdparty.io.netty.channel.nio.NioEventLoop.processSelectedKeys(NioEventLoop.java:496)
	at org.apache.ratis.thirdparty.io.netty.channel.nio.NioEventLoop.run(NioEventLoop.java:458)
	at org.apache.ratis.thirdparty.io.netty.util.concurrent.SingleThreadEventExecutor$5.run(SingleThreadEventExecutor.java:897)
	at org.apache.ratis.thirdparty.io.netty.util.concurrent.FastThreadLocalRunnable.run(FastThreadLocalRunnable.java:30)
	... 1 more
Caused by: java.net.ConnectException: Connection refused
	... 11 more
2019-08-20 15:03:59,014 [c8a52875-dc52-43bc-af24-370bbdbe5589:group-148C6D2B3700:LeaderElection12] INFO  impl.RaftServerImpl (RaftServerImpl.java:setRole(171)) - c8a52875-dc52-43bc-af24-370bbdbe5589:group-148C6D2B3700 changes role from CANDIDATE to FOLLOWER at term 3 for DISCOVERED_A_NEW_TERM
2019-08-20 15:03:59,016 [c8a52875-dc52-43bc-af24-370bbdbe5589:group-148C6D2B3700:LeaderElection12] INFO  impl.RoleInfo (RoleInfo.java:shutdownLeaderElection(134)) - c8a52875-dc52-43bc-af24-370bbdbe5589: shutdown LeaderElection
2019-08-20 15:03:59,016 [c8a52875-dc52-43bc-af24-370bbdbe5589:group-148C6D2B3700:LeaderElection12] INFO  impl.RoleInfo (RoleInfo.java:updateAndGet(143)) - c8a52875-dc52-43bc-af24-370bbdbe5589: start FollowerState
2019-08-20 15:03:59,333 | INFO  | SCMAudit | user=jenkins1000 | ip=192.168.5.139 | op=SEND_HEARTBEAT {datanodeUUID=6a1036d9-12c3-40f5-8094-5440fe3d038e, command=[]} | ret=SUCCESS |  
2019-08-20 15:03:59,595 | INFO  | SCMAudit | user=jenkins1000 | ip=192.168.5.139 | op=SEND_HEARTBEAT {datanodeUUID=a2d6af90-c3d5-480c-824b-ae12d5e723ac, command=[]} | ret=SUCCESS |  
2019-08-20 15:03:59,620 [grpc-default-executor-2] INFO  client.GrpcClientProtocolClient (GrpcClientProtocolClient.java:onNext(255)) - client-B5C9F3766F48->c8a52875-dc52-43bc-af24-370bbdbe5589: receive RaftClientReply:client-B5C9F3766F48->c8a52875-dc52-43bc-af24-370bbdbe5589@group-148C6D2B3700, cid=22, FAILED org.apache.ratis.protocol.NotLeaderException: Server c8a52875-dc52-43bc-af24-370bbdbe5589 is not the leader (null). Request must be sent to leader., logIndex=0, commits[c8a52875-dc52-43bc-af24-370bbdbe5589:c16, 36e09339-9dd8-4013-a821-6974d22e740b:c16, 2923d27d-94e5-4a4d-9917-f06e3e9de6d6:c16]
2019-08-20 15:03:59,751 | INFO  | SCMAudit | user=jenkins1000 | ip=192.168.5.139 | op=SEND_HEARTBEAT {datanodeUUID=81e6f177-0aa0-4cea-a559-904193532cd7, command=[]} | ret=SUCCESS |  
2019-08-20 15:03:59,928 | INFO  | SCMAudit | user=jenkins1000 | ip=192.168.5.139 | op=SEND_HEARTBEAT {datanodeUUID=fb8329f7-6337-4286-bcd2-d612923e448c, command=[]} | ret=SUCCESS |  
2019-08-20 15:03:59,974 | INFO  | SCMAudit | user=jenkins1000 | ip=192.168.5.139 | op=SEND_HEARTBEAT {datanodeUUID=c8a52875-dc52-43bc-af24-370bbdbe5589, command=[]} | ret=SUCCESS |  
2019-08-20 15:04:00,332 | INFO  | SCMAudit | user=jenkins1000 | ip=192.168.5.139 | op=SEND_HEARTBEAT {datanodeUUID=6a1036d9-12c3-40f5-8094-5440fe3d038e, command=[]} | ret=SUCCESS |  
2019-08-20 15:04:00,595 | INFO  | SCMAudit | user=jenkins1000 | ip=192.168.5.139 | op=SEND_HEARTBEAT {datanodeUUID=a2d6af90-c3d5-480c-824b-ae12d5e723ac, command=[]} | ret=SUCCESS |  
2019-08-20 15:04:00,750 | INFO  | SCMAudit | user=jenkins1000 | ip=192.168.5.139 | op=SEND_HEARTBEAT {datanodeUUID=81e6f177-0aa0-4cea-a559-904193532cd7, command=[]} | ret=SUCCESS |  
2019-08-20 15:04:00,929 | INFO  | SCMAudit | user=jenkins1000 | ip=192.168.5.139 | op=SEND_HEARTBEAT {datanodeUUID=fb8329f7-6337-4286-bcd2-d612923e448c, command=[]} | ret=SUCCESS |  
2019-08-20 15:04:00,975 | INFO  | SCMAudit | user=jenkins1000 | ip=192.168.5.139 | op=SEND_HEARTBEAT {datanodeUUID=c8a52875-dc52-43bc-af24-370bbdbe5589, command=[]} | ret=SUCCESS |  
2019-08-20 15:04:01,332 | INFO  | SCMAudit | user=jenkins1000 | ip=192.168.5.139 | op=SEND_HEARTBEAT {datanodeUUID=6a1036d9-12c3-40f5-8094-5440fe3d038e, command=[]} | ret=SUCCESS |  
2019-08-20 15:04:01,596 | INFO  | SCMAudit | user=jenkins1000 | ip=192.168.5.139 | op=SEND_HEARTBEAT {datanodeUUID=a2d6af90-c3d5-480c-824b-ae12d5e723ac, command=[]} | ret=SUCCESS |  
2019-08-20 15:04:01,751 | INFO  | SCMAudit | user=jenkins1000 | ip=192.168.5.139 | op=SEND_HEARTBEAT {datanodeUUID=81e6f177-0aa0-4cea-a559-904193532cd7, command=[]} | ret=SUCCESS |  
2019-08-20 15:04:01,930 | INFO  | SCMAudit | user=jenkins1000 | ip=192.168.5.139 | op=SEND_HEARTBEAT {datanodeUUID=fb8329f7-6337-4286-bcd2-d612923e448c, command=[]} | ret=SUCCESS |  
2019-08-20 15:04:01,974 | INFO  | SCMAudit | user=jenkins1000 | ip=192.168.5.139 | op=SEND_HEARTBEAT {datanodeUUID=c8a52875-dc52-43bc-af24-370bbdbe5589, command=[]} | ret=SUCCESS |  
2019-08-20 15:04:02,333 | INFO  | SCMAudit | user=jenkins1000 | ip=192.168.5.139 | op=SEND_HEARTBEAT {datanodeUUID=6a1036d9-12c3-40f5-8094-5440fe3d038e, command=[]} | ret=SUCCESS |  
2019-08-20 15:04:02,596 | INFO  | SCMAudit | user=jenkins1000 | ip=192.168.5.139 | op=SEND_HEARTBEAT {datanodeUUID=a2d6af90-c3d5-480c-824b-ae12d5e723ac, command=[]} | ret=SUCCESS |  
2019-08-20 15:04:02,750 | INFO  | SCMAudit | user=jenkins1000 | ip=192.168.5.139 | op=SEND_HEARTBEAT {datanodeUUID=81e6f177-0aa0-4cea-a559-904193532cd7, command=[]} | ret=SUCCESS |  
2019-08-20 15:04:02,929 | INFO  | SCMAudit | user=jenkins1000 | ip=192.168.5.139 | op=SEND_HEARTBEAT {datanodeUUID=fb8329f7-6337-4286-bcd2-d612923e448c, command=[]} | ret=SUCCESS |  
2019-08-20 15:04:02,974 | INFO  | SCMAudit | user=jenkins1000 | ip=192.168.5.139 | op=SEND_HEARTBEAT {datanodeUUID=c8a52875-dc52-43bc-af24-370bbdbe5589, command=[]} | ret=SUCCESS |  
2019-08-20 15:04:03,333 | INFO  | SCMAudit | user=jenkins1000 | ip=192.168.5.139 | op=SEND_HEARTBEAT {datanodeUUID=6a1036d9-12c3-40f5-8094-5440fe3d038e, command=[]} | ret=SUCCESS |  
2019-08-20 15:04:03,597 | INFO  | SCMAudit | user=jenkins1000 | ip=192.168.5.139 | op=SEND_HEARTBEAT {datanodeUUID=a2d6af90-c3d5-480c-824b-ae12d5e723ac, command=[]} | ret=SUCCESS |  
2019-08-20 15:04:03,690 [grpc-default-executor-1] INFO  client.GrpcClientProtocolClient (GrpcClientProtocolClient.java:onNext(255)) - client-B5C9F3766F48->c8a52875-dc52-43bc-af24-370bbdbe5589: receive RaftClientReply:client-B5C9F3766F48->c8a52875-dc52-43bc-af24-370bbdbe5589@group-148C6D2B3700, cid=22, FAILED org.apache.ratis.protocol.NotLeaderException: Server c8a52875-dc52-43bc-af24-370bbdbe5589 is not the leader (null). Request must be sent to leader., logIndex=0, commits[c8a52875-dc52-43bc-af24-370bbdbe5589:c16, 36e09339-9dd8-4013-a821-6974d22e740b:c16, 2923d27d-94e5-4a4d-9917-f06e3e9de6d6:c16]
2019-08-20 15:04:03,750 | INFO  | SCMAudit | user=jenkins1000 | ip=192.168.5.139 | op=SEND_HEARTBEAT {datanodeUUID=81e6f177-0aa0-4cea-a559-904193532cd7, command=[]} | ret=SUCCESS |  
2019-08-20 15:04:03,931 | INFO  | SCMAudit | user=jenkins1000 | ip=192.168.5.139 | op=SEND_HEARTBEAT {datanodeUUID=fb8329f7-6337-4286-bcd2-d612923e448c, command=[]} | ret=SUCCESS |  
2019-08-20 15:04:03,974 | INFO  | SCMAudit | user=jenkins1000 | ip=192.168.5.139 | op=SEND_HEARTBEAT {datanodeUUID=c8a52875-dc52-43bc-af24-370bbdbe5589, command=[]} | ret=SUCCESS |  
2019-08-20 15:04:04,199 [Thread-446] INFO  impl.FollowerState (FollowerState.java:run(106)) - c8a52875-dc52-43bc-af24-370bbdbe5589:group-148C6D2B3700 changes to CANDIDATE, lastRpcTime:5183, electionTimeout:5181ms
2019-08-20 15:04:04,200 [Thread-446] INFO  impl.RoleInfo (RoleInfo.java:shutdownFollowerState(121)) - c8a52875-dc52-43bc-af24-370bbdbe5589: shutdown FollowerState
2019-08-20 15:04:04,200 [Thread-446] INFO  impl.RaftServerImpl (RaftServerImpl.java:setRole(171)) - c8a52875-dc52-43bc-af24-370bbdbe5589:group-148C6D2B3700 changes role from FOLLOWER to CANDIDATE at term 3 for changeToCandidate
2019-08-20 15:04:04,200 [Thread-446] INFO  impl.RoleInfo (RoleInfo.java:updateAndGet(143)) - c8a52875-dc52-43bc-af24-370bbdbe5589: start LeaderElection
2019-08-20 15:04:04,242 [c8a52875-dc52-43bc-af24-370bbdbe5589:group-148C6D2B3700:LeaderElection13] INFO  impl.LeaderElection (LeaderElection.java:askForVotes(181)) - c8a52875-dc52-43bc-af24-370bbdbe5589:group-148C6D2B3700:LeaderElection13: begin an election at term 4 for 0: [36e09339-9dd8-4013-a821-6974d22e740b:192.168.5.139:37692, 2923d27d-94e5-4a4d-9917-f06e3e9de6d6:192.168.5.139:36527, c8a52875-dc52-43bc-af24-370bbdbe5589:192.168.5.139:38327], old=null
2019-08-20 15:04:04,244 [c8a52875-dc52-43bc-af24-370bbdbe5589:group-148C6D2B3700:LeaderElection13] INFO  impl.LeaderElection (LogUtils.java:infoOrTrace(149)) - c8a52875-dc52-43bc-af24-370bbdbe5589:group-148C6D2B3700:LeaderElection13 got exception when requesting votes: {}
java.util.concurrent.ExecutionException: org.apache.ratis.thirdparty.io.grpc.StatusRuntimeException: UNAVAILABLE: io exception
	at java.util.concurrent.FutureTask.report(FutureTask.java:122)
	at java.util.concurrent.FutureTask.get(FutureTask.java:192)
	at org.apache.ratis.server.impl.LeaderElection.waitForResults(LeaderElection.java:262)
	at org.apache.ratis.server.impl.LeaderElection.askForVotes(LeaderElection.java:200)
	at org.apache.ratis.server.impl.LeaderElection.run(LeaderElection.java:130)
	at java.lang.Thread.run(Thread.java:748)
Caused by: org.apache.ratis.thirdparty.io.grpc.StatusRuntimeException: UNAVAILABLE: io exception
	at org.apache.ratis.thirdparty.io.grpc.stub.ClientCalls.toStatusRuntimeException(ClientCalls.java:233)
	at org.apache.ratis.thirdparty.io.grpc.stub.ClientCalls.getUnchecked(ClientCalls.java:214)
	at org.apache.ratis.thirdparty.io.grpc.stub.ClientCalls.blockingUnaryCall(ClientCalls.java:139)
	at org.apache.ratis.proto.grpc.RaftServerProtocolServiceGrpc$RaftServerProtocolServiceBlockingStub.requestVote(RaftServerProtocolServiceGrpc.java:265)
	at org.apache.ratis.grpc.server.GrpcServerProtocolClient.requestVote(GrpcServerProtocolClient.java:83)
	at org.apache.ratis.grpc.server.GrpcService.requestVote(GrpcService.java:195)
	at org.apache.ratis.server.impl.LeaderElection.lambda$submitRequests$1(LeaderElection.java:237)
	at java.util.concurrent.FutureTask.run(FutureTask.java:266)
	at java.util.concurrent.Executors$RunnableAdapter.call(Executors.java:511)
	at java.util.concurrent.FutureTask.run(FutureTask.java:266)
	at java.util.concurrent.ThreadPoolExecutor.runWorker(ThreadPoolExecutor.java:1149)
	at java.util.concurrent.ThreadPoolExecutor$Worker.run(ThreadPoolExecutor.java:624)
	... 1 more
Caused by: org.apache.ratis.thirdparty.io.netty.channel.AbstractChannel$AnnotatedConnectException: Connection refused: /192.168.5.139:37692
	at sun.nio.ch.SocketChannelImpl.checkConnect(Native Method)
	at sun.nio.ch.SocketChannelImpl.finishConnect(SocketChannelImpl.java:717)
	at org.apache.ratis.thirdparty.io.netty.channel.socket.nio.NioSocketChannel.doFinishConnect(NioSocketChannel.java:327)
	at org.apache.ratis.thirdparty.io.netty.channel.nio.AbstractNioChannel$AbstractNioUnsafe.finishConnect(AbstractNioChannel.java:340)
	at org.apache.ratis.thirdparty.io.netty.channel.nio.NioEventLoop.processSelectedKey(NioEventLoop.java:632)
	at org.apache.ratis.thirdparty.io.netty.channel.nio.NioEventLoop.processSelectedKeysOptimized(NioEventLoop.java:579)
	at org.apache.ratis.thirdparty.io.netty.channel.nio.NioEventLoop.processSelectedKeys(NioEventLoop.java:496)
	at org.apache.ratis.thirdparty.io.netty.channel.nio.NioEventLoop.run(NioEventLoop.java:458)
	at org.apache.ratis.thirdparty.io.netty.util.concurrent.SingleThreadEventExecutor$5.run(SingleThreadEventExecutor.java:897)
	at org.apache.ratis.thirdparty.io.netty.util.concurrent.FastThreadLocalRunnable.run(FastThreadLocalRunnable.java:30)
	... 1 more
Caused by: java.net.ConnectException: Connection refused
	... 11 more
2019-08-20 15:04:04,246 [c8a52875-dc52-43bc-af24-370bbdbe5589:group-148C6D2B3700:LeaderElection13] INFO  impl.LeaderElection (LogUtils.java:infoOrTrace(149)) - c8a52875-dc52-43bc-af24-370bbdbe5589:group-148C6D2B3700:LeaderElection13 got exception when requesting votes: {}
java.util.concurrent.ExecutionException: org.apache.ratis.thirdparty.io.grpc.StatusRuntimeException: UNAVAILABLE: io exception
	at java.util.concurrent.FutureTask.report(FutureTask.java:122)
	at java.util.concurrent.FutureTask.get(FutureTask.java:192)
	at org.apache.ratis.server.impl.LeaderElection.waitForResults(LeaderElection.java:262)
	at org.apache.ratis.server.impl.LeaderElection.askForVotes(LeaderElection.java:200)
	at org.apache.ratis.server.impl.LeaderElection.run(LeaderElection.java:130)
	at java.lang.Thread.run(Thread.java:748)
Caused by: org.apache.ratis.thirdparty.io.grpc.StatusRuntimeException: UNAVAILABLE: io exception
	at org.apache.ratis.thirdparty.io.grpc.stub.ClientCalls.toStatusRuntimeException(ClientCalls.java:233)
	at org.apache.ratis.thirdparty.io.grpc.stub.ClientCalls.getUnchecked(ClientCalls.java:214)
	at org.apache.ratis.thirdparty.io.grpc.stub.ClientCalls.blockingUnaryCall(ClientCalls.java:139)
	at org.apache.ratis.proto.grpc.RaftServerProtocolServiceGrpc$RaftServerProtocolServiceBlockingStub.requestVote(RaftServerProtocolServiceGrpc.java:265)
	at org.apache.ratis.grpc.server.GrpcServerProtocolClient.requestVote(GrpcServerProtocolClient.java:83)
	at org.apache.ratis.grpc.server.GrpcService.requestVote(GrpcService.java:195)
	at org.apache.ratis.server.impl.LeaderElection.lambda$submitRequests$1(LeaderElection.java:237)
	at java.util.concurrent.FutureTask.run(FutureTask.java:266)
	at java.util.concurrent.Executors$RunnableAdapter.call(Executors.java:511)
	at java.util.concurrent.FutureTask.run(FutureTask.java:266)
	at java.util.concurrent.ThreadPoolExecutor.runWorker(ThreadPoolExecutor.java:1149)
	at java.util.concurrent.ThreadPoolExecutor$Worker.run(ThreadPoolExecutor.java:624)
	... 1 more
Caused by: org.apache.ratis.thirdparty.io.netty.channel.AbstractChannel$AnnotatedConnectException: Connection refused: /192.168.5.139:36527
	at sun.nio.ch.SocketChannelImpl.checkConnect(Native Method)
	at sun.nio.ch.SocketChannelImpl.finishConnect(SocketChannelImpl.java:717)
	at org.apache.ratis.thirdparty.io.netty.channel.socket.nio.NioSocketChannel.doFinishConnect(NioSocketChannel.java:327)
	at org.apache.ratis.thirdparty.io.netty.channel.nio.AbstractNioChannel$AbstractNioUnsafe.finishConnect(AbstractNioChannel.java:340)
	at org.apache.ratis.thirdparty.io.netty.channel.nio.NioEventLoop.processSelectedKey(NioEventLoop.java:632)
	at org.apache.ratis.thirdparty.io.netty.channel.nio.NioEventLoop.processSelectedKeysOptimized(NioEventLoop.java:579)
	at org.apache.ratis.thirdparty.io.netty.channel.nio.NioEventLoop.processSelectedKeys(NioEventLoop.java:496)
	at org.apache.ratis.thirdparty.io.netty.channel.nio.NioEventLoop.run(NioEventLoop.java:458)
	at org.apache.ratis.thirdparty.io.netty.util.concurrent.SingleThreadEventExecutor$5.run(SingleThreadEventExecutor.java:897)
	at org.apache.ratis.thirdparty.io.netty.util.concurrent.FastThreadLocalRunnable.run(FastThreadLocalRunnable.java:30)
	... 1 more
Caused by: java.net.ConnectException: Connection refused
	... 11 more
2019-08-20 15:04:04,248 [c8a52875-dc52-43bc-af24-370bbdbe5589:group-148C6D2B3700:LeaderElection13] INFO  impl.LeaderElection (LeaderElection.java:logAndReturn(56)) - c8a52875-dc52-43bc-af24-370bbdbe5589:group-148C6D2B3700:LeaderElection13: Election REJECTED; received 0 response(s) [] and 2 exception(s); c8a52875-dc52-43bc-af24-370bbdbe5589:t4, leader=null, voted=c8a52875-dc52-43bc-af24-370bbdbe5589, raftlog=c8a52875-dc52-43bc-af24-370bbdbe5589-SegmentedRaftLog:OPENED:c16,f16,i16, conf=0: [36e09339-9dd8-4013-a821-6974d22e740b:192.168.5.139:37692, 2923d27d-94e5-4a4d-9917-f06e3e9de6d6:192.168.5.139:36527, c8a52875-dc52-43bc-af24-370bbdbe5589:192.168.5.139:38327], old=null
2019-08-20 15:04:04,248 [c8a52875-dc52-43bc-af24-370bbdbe5589:group-148C6D2B3700:LeaderElection13] INFO  impl.LeaderElection (LogUtils.java:infoOrTrace(149)) -   Exception 0: {}
java.util.concurrent.ExecutionException: org.apache.ratis.thirdparty.io.grpc.StatusRuntimeException: UNAVAILABLE: io exception
	at java.util.concurrent.FutureTask.report(FutureTask.java:122)
	at java.util.concurrent.FutureTask.get(FutureTask.java:192)
	at org.apache.ratis.server.impl.LeaderElection.waitForResults(LeaderElection.java:262)
	at org.apache.ratis.server.impl.LeaderElection.askForVotes(LeaderElection.java:200)
	at org.apache.ratis.server.impl.LeaderElection.run(LeaderElection.java:130)
	at java.lang.Thread.run(Thread.java:748)
Caused by: org.apache.ratis.thirdparty.io.grpc.StatusRuntimeException: UNAVAILABLE: io exception
	at org.apache.ratis.thirdparty.io.grpc.stub.ClientCalls.toStatusRuntimeException(ClientCalls.java:233)
	at org.apache.ratis.thirdparty.io.grpc.stub.ClientCalls.getUnchecked(ClientCalls.java:214)
	at org.apache.ratis.thirdparty.io.grpc.stub.ClientCalls.blockingUnaryCall(ClientCalls.java:139)
	at org.apache.ratis.proto.grpc.RaftServerProtocolServiceGrpc$RaftServerProtocolServiceBlockingStub.requestVote(RaftServerProtocolServiceGrpc.java:265)
	at org.apache.ratis.grpc.server.GrpcServerProtocolClient.requestVote(GrpcServerProtocolClient.java:83)
	at org.apache.ratis.grpc.server.GrpcService.requestVote(GrpcService.java:195)
	at org.apache.ratis.server.impl.LeaderElection.lambda$submitRequests$1(LeaderElection.java:237)
	at java.util.concurrent.FutureTask.run(FutureTask.java:266)
	at java.util.concurrent.Executors$RunnableAdapter.call(Executors.java:511)
	at java.util.concurrent.FutureTask.run(FutureTask.java:266)
	at java.util.concurrent.ThreadPoolExecutor.runWorker(ThreadPoolExecutor.java:1149)
	at java.util.concurrent.ThreadPoolExecutor$Worker.run(ThreadPoolExecutor.java:624)
	... 1 more
Caused by: org.apache.ratis.thirdparty.io.netty.channel.AbstractChannel$AnnotatedConnectException: Connection refused: /192.168.5.139:37692
	at sun.nio.ch.SocketChannelImpl.checkConnect(Native Method)
	at sun.nio.ch.SocketChannelImpl.finishConnect(SocketChannelImpl.java:717)
	at org.apache.ratis.thirdparty.io.netty.channel.socket.nio.NioSocketChannel.doFinishConnect(NioSocketChannel.java:327)
	at org.apache.ratis.thirdparty.io.netty.channel.nio.AbstractNioChannel$AbstractNioUnsafe.finishConnect(AbstractNioChannel.java:340)
	at org.apache.ratis.thirdparty.io.netty.channel.nio.NioEventLoop.processSelectedKey(NioEventLoop.java:632)
	at org.apache.ratis.thirdparty.io.netty.channel.nio.NioEventLoop.processSelectedKeysOptimized(NioEventLoop.java:579)
	at org.apache.ratis.thirdparty.io.netty.channel.nio.NioEventLoop.processSelectedKeys(NioEventLoop.java:496)
	at org.apache.ratis.thirdparty.io.netty.channel.nio.NioEventLoop.run(NioEventLoop.java:458)
	at org.apache.ratis.thirdparty.io.netty.util.concurrent.SingleThreadEventExecutor$5.run(SingleThreadEventExecutor.java:897)
	at org.apache.ratis.thirdparty.io.netty.util.concurrent.FastThreadLocalRunnable.run(FastThreadLocalRunnable.java:30)
	... 1 more
Caused by: java.net.ConnectException: Connection refused
	... 11 more
2019-08-20 15:04:04,248 [c8a52875-dc52-43bc-af24-370bbdbe5589:group-148C6D2B3700:LeaderElection13] INFO  impl.LeaderElection (LogUtils.java:infoOrTrace(149)) -   Exception 1: {}
java.util.concurrent.ExecutionException: org.apache.ratis.thirdparty.io.grpc.StatusRuntimeException: UNAVAILABLE: io exception
	at java.util.concurrent.FutureTask.report(FutureTask.java:122)
	at java.util.concurrent.FutureTask.get(FutureTask.java:192)
	at org.apache.ratis.server.impl.LeaderElection.waitForResults(LeaderElection.java:262)
	at org.apache.ratis.server.impl.LeaderElection.askForVotes(LeaderElection.java:200)
	at org.apache.ratis.server.impl.LeaderElection.run(LeaderElection.java:130)
	at java.lang.Thread.run(Thread.java:748)
Caused by: org.apache.ratis.thirdparty.io.grpc.StatusRuntimeException: UNAVAILABLE: io exception
	at org.apache.ratis.thirdparty.io.grpc.stub.ClientCalls.toStatusRuntimeException(ClientCalls.java:233)
	at org.apache.ratis.thirdparty.io.grpc.stub.ClientCalls.getUnchecked(ClientCalls.java:214)
	at org.apache.ratis.thirdparty.io.grpc.stub.ClientCalls.blockingUnaryCall(ClientCalls.java:139)
	at org.apache.ratis.proto.grpc.RaftServerProtocolServiceGrpc$RaftServerProtocolServiceBlockingStub.requestVote(RaftServerProtocolServiceGrpc.java:265)
	at org.apache.ratis.grpc.server.GrpcServerProtocolClient.requestVote(GrpcServerProtocolClient.java:83)
	at org.apache.ratis.grpc.server.GrpcService.requestVote(GrpcService.java:195)
	at org.apache.ratis.server.impl.LeaderElection.lambda$submitRequests$1(LeaderElection.java:237)
	at java.util.concurrent.FutureTask.run(FutureTask.java:266)
	at java.util.concurrent.Executors$RunnableAdapter.call(Executors.java:511)
	at java.util.concurrent.FutureTask.run(FutureTask.java:266)
	at java.util.concurrent.ThreadPoolExecutor.runWorker(ThreadPoolExecutor.java:1149)
	at java.util.concurrent.ThreadPoolExecutor$Worker.run(ThreadPoolExecutor.java:624)
	... 1 more
Caused by: org.apache.ratis.thirdparty.io.netty.channel.AbstractChannel$AnnotatedConnectException: Connection refused: /192.168.5.139:36527
	at sun.nio.ch.SocketChannelImpl.checkConnect(Native Method)
	at sun.nio.ch.SocketChannelImpl.finishConnect(SocketChannelImpl.java:717)
	at org.apache.ratis.thirdparty.io.netty.channel.socket.nio.NioSocketChannel.doFinishConnect(NioSocketChannel.java:327)
	at org.apache.ratis.thirdparty.io.netty.channel.nio.AbstractNioChannel$AbstractNioUnsafe.finishConnect(AbstractNioChannel.java:340)
	at org.apache.ratis.thirdparty.io.netty.channel.nio.NioEventLoop.processSelectedKey(NioEventLoop.java:632)
	at org.apache.ratis.thirdparty.io.netty.channel.nio.NioEventLoop.processSelectedKeysOptimized(NioEventLoop.java:579)
	at org.apache.ratis.thirdparty.io.netty.channel.nio.NioEventLoop.processSelectedKeys(NioEventLoop.java:496)
	at org.apache.ratis.thirdparty.io.netty.channel.nio.NioEventLoop.run(NioEventLoop.java:458)
	at org.apache.ratis.thirdparty.io.netty.util.concurrent.SingleThreadEventExecutor$5.run(SingleThreadEventExecutor.java:897)
	at org.apache.ratis.thirdparty.io.netty.util.concurrent.FastThreadLocalRunnable.run(FastThreadLocalRunnable.java:30)
	... 1 more
Caused by: java.net.ConnectException: Connection refused
	... 11 more
2019-08-20 15:04:04,248 [c8a52875-dc52-43bc-af24-370bbdbe5589:group-148C6D2B3700:LeaderElection13] INFO  impl.RaftServerImpl (RaftServerImpl.java:setRole(171)) - c8a52875-dc52-43bc-af24-370bbdbe5589:group-148C6D2B3700 changes role from CANDIDATE to FOLLOWER at term 4 for DISCOVERED_A_NEW_TERM
2019-08-20 15:04:04,250 [c8a52875-dc52-43bc-af24-370bbdbe5589:group-148C6D2B3700:LeaderElection13] INFO  impl.RoleInfo (RoleInfo.java:shutdownLeaderElection(134)) - c8a52875-dc52-43bc-af24-370bbdbe5589: shutdown LeaderElection
2019-08-20 15:04:04,250 [c8a52875-dc52-43bc-af24-370bbdbe5589:group-148C6D2B3700:LeaderElection13] INFO  impl.RoleInfo (RoleInfo.java:updateAndGet(143)) - c8a52875-dc52-43bc-af24-370bbdbe5589: start FollowerState
2019-08-20 15:04:04,333 | INFO  | SCMAudit | user=jenkins1000 | ip=192.168.5.139 | op=SEND_HEARTBEAT {datanodeUUID=6a1036d9-12c3-40f5-8094-5440fe3d038e, command=[]} | ret=SUCCESS |  
2019-08-20 15:04:04,596 | INFO  | SCMAudit | user=jenkins1000 | ip=192.168.5.139 | op=SEND_HEARTBEAT {datanodeUUID=a2d6af90-c3d5-480c-824b-ae12d5e723ac, command=[]} | ret=SUCCESS |  
2019-08-20 15:04:04,751 | INFO  | SCMAudit | user=jenkins1000 | ip=192.168.5.139 | op=SEND_HEARTBEAT {datanodeUUID=81e6f177-0aa0-4cea-a559-904193532cd7, command=[]} | ret=SUCCESS |  
2019-08-20 15:04:04,930 | INFO  | SCMAudit | user=jenkins1000 | ip=192.168.5.139 | op=SEND_HEARTBEAT {datanodeUUID=fb8329f7-6337-4286-bcd2-d612923e448c, command=[]} | ret=SUCCESS |  
2019-08-20 15:04:04,974 | INFO  | SCMAudit | user=jenkins1000 | ip=192.168.5.139 | op=SEND_HEARTBEAT {datanodeUUID=c8a52875-dc52-43bc-af24-370bbdbe5589, command=[]} | ret=SUCCESS |  
2019-08-20 15:04:05,333 | INFO  | SCMAudit | user=jenkins1000 | ip=192.168.5.139 | op=SEND_HEARTBEAT {datanodeUUID=6a1036d9-12c3-40f5-8094-5440fe3d038e, command=[]} | ret=SUCCESS |  
2019-08-20 15:04:05,596 | INFO  | SCMAudit | user=jenkins1000 | ip=192.168.5.139 | op=SEND_HEARTBEAT {datanodeUUID=a2d6af90-c3d5-480c-824b-ae12d5e723ac, command=[]} | ret=SUCCESS |  
2019-08-20 15:04:05,717 [grpc-default-executor-3] INFO  client.GrpcClientProtocolClient (GrpcClientProtocolClient.java:onNext(255)) - client-B5C9F3766F48->c8a52875-dc52-43bc-af24-370bbdbe5589: receive RaftClientReply:client-B5C9F3766F48->c8a52875-dc52-43bc-af24-370bbdbe5589@group-148C6D2B3700, cid=22, FAILED org.apache.ratis.protocol.NotLeaderException: Server c8a52875-dc52-43bc-af24-370bbdbe5589 is not the leader (null). Request must be sent to leader., logIndex=0, commits[c8a52875-dc52-43bc-af24-370bbdbe5589:c16, 36e09339-9dd8-4013-a821-6974d22e740b:c16, 2923d27d-94e5-4a4d-9917-f06e3e9de6d6:c16]
2019-08-20 15:04:05,751 | INFO  | SCMAudit | user=jenkins1000 | ip=192.168.5.139 | op=SEND_HEARTBEAT {datanodeUUID=81e6f177-0aa0-4cea-a559-904193532cd7, command=[]} | ret=SUCCESS |  
2019-08-20 15:04:05,930 | INFO  | SCMAudit | user=jenkins1000 | ip=192.168.5.139 | op=SEND_HEARTBEAT {datanodeUUID=fb8329f7-6337-4286-bcd2-d612923e448c, command=[]} | ret=SUCCESS |  
2019-08-20 15:04:05,974 | INFO  | SCMAudit | user=jenkins1000 | ip=192.168.5.139 | op=SEND_HEARTBEAT {datanodeUUID=c8a52875-dc52-43bc-af24-370bbdbe5589, command=[]} | ret=SUCCESS |  
2019-08-20 15:04:06,333 | INFO  | SCMAudit | user=jenkins1000 | ip=192.168.5.139 | op=SEND_HEARTBEAT {datanodeUUID=6a1036d9-12c3-40f5-8094-5440fe3d038e, command=[]} | ret=SUCCESS |  
2019-08-20 15:04:06,597 | INFO  | SCMAudit | user=jenkins1000 | ip=192.168.5.139 | op=SEND_HEARTBEAT {datanodeUUID=a2d6af90-c3d5-480c-824b-ae12d5e723ac, command=[]} | ret=SUCCESS |  
2019-08-20 15:04:06,752 | INFO  | SCMAudit | user=jenkins1000 | ip=192.168.5.139 | op=SEND_HEARTBEAT {datanodeUUID=81e6f177-0aa0-4cea-a559-904193532cd7, command=[]} | ret=SUCCESS |  
2019-08-20 15:04:06,930 | INFO  | SCMAudit | user=jenkins1000 | ip=192.168.5.139 | op=SEND_HEARTBEAT {datanodeUUID=fb8329f7-6337-4286-bcd2-d612923e448c, command=[]} | ret=SUCCESS |  
2019-08-20 15:04:06,974 | INFO  | SCMAudit | user=jenkins1000 | ip=192.168.5.139 | op=SEND_HEARTBEAT {datanodeUUID=c8a52875-dc52-43bc-af24-370bbdbe5589, command=[]} | ret=SUCCESS |  
2019-08-20 15:04:07,332 | INFO  | SCMAudit | user=jenkins1000 | ip=192.168.5.139 | op=SEND_HEARTBEAT {datanodeUUID=6a1036d9-12c3-40f5-8094-5440fe3d038e, command=[]} | ret=SUCCESS |  
2019-08-20 15:04:07,597 | INFO  | SCMAudit | user=jenkins1000 | ip=192.168.5.139 | op=SEND_HEARTBEAT {datanodeUUID=a2d6af90-c3d5-480c-824b-ae12d5e723ac, command=[]} | ret=SUCCESS |  
2019-08-20 15:04:07,752 | INFO  | SCMAudit | user=jenkins1000 | ip=192.168.5.139 | op=SEND_HEARTBEAT {datanodeUUID=81e6f177-0aa0-4cea-a559-904193532cd7, command=[]} | ret=SUCCESS |  
2019-08-20 15:04:07,929 | INFO  | SCMAudit | user=jenkins1000 | ip=192.168.5.139 | op=SEND_HEARTBEAT {datanodeUUID=fb8329f7-6337-4286-bcd2-d612923e448c, command=[]} | ret=SUCCESS |  
2019-08-20 15:04:07,975 | INFO  | SCMAudit | user=jenkins1000 | ip=192.168.5.139 | op=SEND_HEARTBEAT {datanodeUUID=c8a52875-dc52-43bc-af24-370bbdbe5589, command=[]} | ret=SUCCESS |  
2019-08-20 15:04:08,332 | INFO  | SCMAudit | user=jenkins1000 | ip=192.168.5.139 | op=SEND_HEARTBEAT {datanodeUUID=6a1036d9-12c3-40f5-8094-5440fe3d038e, command=[]} | ret=SUCCESS |  
2019-08-20 15:04:08,597 | INFO  | SCMAudit | user=jenkins1000 | ip=192.168.5.139 | op=SEND_HEARTBEAT {datanodeUUID=a2d6af90-c3d5-480c-824b-ae12d5e723ac, command=[]} | ret=SUCCESS |  
2019-08-20 15:04:08,752 | INFO  | SCMAudit | user=jenkins1000 | ip=192.168.5.139 | op=SEND_HEARTBEAT {datanodeUUID=81e6f177-0aa0-4cea-a559-904193532cd7, command=[]} | ret=SUCCESS |  
2019-08-20 15:04:08,929 | INFO  | SCMAudit | user=jenkins1000 | ip=192.168.5.139 | op=SEND_HEARTBEAT {datanodeUUID=fb8329f7-6337-4286-bcd2-d612923e448c, command=[]} | ret=SUCCESS |  
2019-08-20 15:04:08,975 | INFO  | SCMAudit | user=jenkins1000 | ip=192.168.5.139 | op=SEND_HEARTBEAT {datanodeUUID=c8a52875-dc52-43bc-af24-370bbdbe5589, command=[]} | ret=SUCCESS |  
2019-08-20 15:04:09,332 | INFO  | SCMAudit | user=jenkins1000 | ip=192.168.5.139 | op=SEND_HEARTBEAT {datanodeUUID=6a1036d9-12c3-40f5-8094-5440fe3d038e, command=[]} | ret=SUCCESS |  
2019-08-20 15:04:09,419 [Thread-466] INFO  impl.FollowerState (FollowerState.java:run(106)) - c8a52875-dc52-43bc-af24-370bbdbe5589:group-148C6D2B3700 changes to CANDIDATE, lastRpcTime:5169, electionTimeout:5168ms
2019-08-20 15:04:09,420 [Thread-466] INFO  impl.RoleInfo (RoleInfo.java:shutdownFollowerState(121)) - c8a52875-dc52-43bc-af24-370bbdbe5589: shutdown FollowerState
2019-08-20 15:04:09,420 [Thread-466] INFO  impl.RaftServerImpl (RaftServerImpl.java:setRole(171)) - c8a52875-dc52-43bc-af24-370bbdbe5589:group-148C6D2B3700 changes role from FOLLOWER to CANDIDATE at term 4 for changeToCandidate
2019-08-20 15:04:09,420 [Thread-466] INFO  impl.RoleInfo (RoleInfo.java:updateAndGet(143)) - c8a52875-dc52-43bc-af24-370bbdbe5589: start LeaderElection
2019-08-20 15:04:09,437 [c8a52875-dc52-43bc-af24-370bbdbe5589:group-148C6D2B3700:LeaderElection14] INFO  impl.LeaderElection (LeaderElection.java:askForVotes(181)) - c8a52875-dc52-43bc-af24-370bbdbe5589:group-148C6D2B3700:LeaderElection14: begin an election at term 5 for 0: [36e09339-9dd8-4013-a821-6974d22e740b:192.168.5.139:37692, 2923d27d-94e5-4a4d-9917-f06e3e9de6d6:192.168.5.139:36527, c8a52875-dc52-43bc-af24-370bbdbe5589:192.168.5.139:38327], old=null
2019-08-20 15:04:09,438 [c8a52875-dc52-43bc-af24-370bbdbe5589:group-148C6D2B3700:LeaderElection14] INFO  impl.LeaderElection (LogUtils.java:infoOrTrace(149)) - c8a52875-dc52-43bc-af24-370bbdbe5589:group-148C6D2B3700:LeaderElection14 got exception when requesting votes: {}
java.util.concurrent.ExecutionException: org.apache.ratis.thirdparty.io.grpc.StatusRuntimeException: UNAVAILABLE: io exception
	at java.util.concurrent.FutureTask.report(FutureTask.java:122)
	at java.util.concurrent.FutureTask.get(FutureTask.java:192)
	at org.apache.ratis.server.impl.LeaderElection.waitForResults(LeaderElection.java:262)
	at org.apache.ratis.server.impl.LeaderElection.askForVotes(LeaderElection.java:200)
	at org.apache.ratis.server.impl.LeaderElection.run(LeaderElection.java:130)
	at java.lang.Thread.run(Thread.java:748)
Caused by: org.apache.ratis.thirdparty.io.grpc.StatusRuntimeException: UNAVAILABLE: io exception
	at org.apache.ratis.thirdparty.io.grpc.stub.ClientCalls.toStatusRuntimeException(ClientCalls.java:233)
	at org.apache.ratis.thirdparty.io.grpc.stub.ClientCalls.getUnchecked(ClientCalls.java:214)
	at org.apache.ratis.thirdparty.io.grpc.stub.ClientCalls.blockingUnaryCall(ClientCalls.java:139)
	at org.apache.ratis.proto.grpc.RaftServerProtocolServiceGrpc$RaftServerProtocolServiceBlockingStub.requestVote(RaftServerProtocolServiceGrpc.java:265)
	at org.apache.ratis.grpc.server.GrpcServerProtocolClient.requestVote(GrpcServerProtocolClient.java:83)
	at org.apache.ratis.grpc.server.GrpcService.requestVote(GrpcService.java:195)
	at org.apache.ratis.server.impl.LeaderElection.lambda$submitRequests$1(LeaderElection.java:237)
	at java.util.concurrent.FutureTask.run(FutureTask.java:266)
	at java.util.concurrent.Executors$RunnableAdapter.call(Executors.java:511)
	at java.util.concurrent.FutureTask.run(FutureTask.java:266)
	at java.util.concurrent.ThreadPoolExecutor.runWorker(ThreadPoolExecutor.java:1149)
	at java.util.concurrent.ThreadPoolExecutor$Worker.run(ThreadPoolExecutor.java:624)
	... 1 more
Caused by: org.apache.ratis.thirdparty.io.netty.channel.AbstractChannel$AnnotatedConnectException: Connection refused: /192.168.5.139:37692
	at sun.nio.ch.SocketChannelImpl.checkConnect(Native Method)
	at sun.nio.ch.SocketChannelImpl.finishConnect(SocketChannelImpl.java:717)
	at org.apache.ratis.thirdparty.io.netty.channel.socket.nio.NioSocketChannel.doFinishConnect(NioSocketChannel.java:327)
	at org.apache.ratis.thirdparty.io.netty.channel.nio.AbstractNioChannel$AbstractNioUnsafe.finishConnect(AbstractNioChannel.java:340)
	at org.apache.ratis.thirdparty.io.netty.channel.nio.NioEventLoop.processSelectedKey(NioEventLoop.java:632)
	at org.apache.ratis.thirdparty.io.netty.channel.nio.NioEventLoop.processSelectedKeysOptimized(NioEventLoop.java:579)
	at org.apache.ratis.thirdparty.io.netty.channel.nio.NioEventLoop.processSelectedKeys(NioEventLoop.java:496)
	at org.apache.ratis.thirdparty.io.netty.channel.nio.NioEventLoop.run(NioEventLoop.java:458)
	at org.apache.ratis.thirdparty.io.netty.util.concurrent.SingleThreadEventExecutor$5.run(SingleThreadEventExecutor.java:897)
	at org.apache.ratis.thirdparty.io.netty.util.concurrent.FastThreadLocalRunnable.run(FastThreadLocalRunnable.java:30)
	... 1 more
Caused by: java.net.ConnectException: Connection refused
	... 11 more
2019-08-20 15:04:09,441 [c8a52875-dc52-43bc-af24-370bbdbe5589:group-148C6D2B3700:LeaderElection14] INFO  impl.LeaderElection (LogUtils.java:infoOrTrace(149)) - c8a52875-dc52-43bc-af24-370bbdbe5589:group-148C6D2B3700:LeaderElection14 got exception when requesting votes: {}
java.util.concurrent.ExecutionException: org.apache.ratis.thirdparty.io.grpc.StatusRuntimeException: UNAVAILABLE: io exception
	at java.util.concurrent.FutureTask.report(FutureTask.java:122)
	at java.util.concurrent.FutureTask.get(FutureTask.java:192)
	at org.apache.ratis.server.impl.LeaderElection.waitForResults(LeaderElection.java:262)
	at org.apache.ratis.server.impl.LeaderElection.askForVotes(LeaderElection.java:200)
	at org.apache.ratis.server.impl.LeaderElection.run(LeaderElection.java:130)
	at java.lang.Thread.run(Thread.java:748)
Caused by: org.apache.ratis.thirdparty.io.grpc.StatusRuntimeException: UNAVAILABLE: io exception
	at org.apache.ratis.thirdparty.io.grpc.stub.ClientCalls.toStatusRuntimeException(ClientCalls.java:233)
	at org.apache.ratis.thirdparty.io.grpc.stub.ClientCalls.getUnchecked(ClientCalls.java:214)
	at org.apache.ratis.thirdparty.io.grpc.stub.ClientCalls.blockingUnaryCall(ClientCalls.java:139)
	at org.apache.ratis.proto.grpc.RaftServerProtocolServiceGrpc$RaftServerProtocolServiceBlockingStub.requestVote(RaftServerProtocolServiceGrpc.java:265)
	at org.apache.ratis.grpc.server.GrpcServerProtocolClient.requestVote(GrpcServerProtocolClient.java:83)
	at org.apache.ratis.grpc.server.GrpcService.requestVote(GrpcService.java:195)
	at org.apache.ratis.server.impl.LeaderElection.lambda$submitRequests$1(LeaderElection.java:237)
	at java.util.concurrent.FutureTask.run(FutureTask.java:266)
	at java.util.concurrent.Executors$RunnableAdapter.call(Executors.java:511)
	at java.util.concurrent.FutureTask.run(FutureTask.java:266)
	at java.util.concurrent.ThreadPoolExecutor.runWorker(ThreadPoolExecutor.java:1149)
	at java.util.concurrent.ThreadPoolExecutor$Worker.run(ThreadPoolExecutor.java:624)
	... 1 more
Caused by: org.apache.ratis.thirdparty.io.netty.channel.AbstractChannel$AnnotatedConnectException: Connection refused: /192.168.5.139:36527
	at sun.nio.ch.SocketChannelImpl.checkConnect(Native Method)
	at sun.nio.ch.SocketChannelImpl.finishConnect(SocketChannelImpl.java:717)
	at org.apache.ratis.thirdparty.io.netty.channel.socket.nio.NioSocketChannel.doFinishConnect(NioSocketChannel.java:327)
	at org.apache.ratis.thirdparty.io.netty.channel.nio.AbstractNioChannel$AbstractNioUnsafe.finishConnect(AbstractNioChannel.java:340)
	at org.apache.ratis.thirdparty.io.netty.channel.nio.NioEventLoop.processSelectedKey(NioEventLoop.java:632)
	at org.apache.ratis.thirdparty.io.netty.channel.nio.NioEventLoop.processSelectedKeysOptimized(NioEventLoop.java:579)
	at org.apache.ratis.thirdparty.io.netty.channel.nio.NioEventLoop.processSelectedKeys(NioEventLoop.java:496)
	at org.apache.ratis.thirdparty.io.netty.channel.nio.NioEventLoop.run(NioEventLoop.java:458)
	at org.apache.ratis.thirdparty.io.netty.util.concurrent.SingleThreadEventExecutor$5.run(SingleThreadEventExecutor.java:897)
	at org.apache.ratis.thirdparty.io.netty.util.concurrent.FastThreadLocalRunnable.run(FastThreadLocalRunnable.java:30)
	... 1 more
Caused by: java.net.ConnectException: Connection refused
	... 11 more
2019-08-20 15:04:09,442 [c8a52875-dc52-43bc-af24-370bbdbe5589:group-148C6D2B3700:LeaderElection14] INFO  impl.LeaderElection (LeaderElection.java:logAndReturn(56)) - c8a52875-dc52-43bc-af24-370bbdbe5589:group-148C6D2B3700:LeaderElection14: Election REJECTED; received 0 response(s) [] and 2 exception(s); c8a52875-dc52-43bc-af24-370bbdbe5589:t5, leader=null, voted=c8a52875-dc52-43bc-af24-370bbdbe5589, raftlog=c8a52875-dc52-43bc-af24-370bbdbe5589-SegmentedRaftLog:OPENED:c16,f16,i16, conf=0: [36e09339-9dd8-4013-a821-6974d22e740b:192.168.5.139:37692, 2923d27d-94e5-4a4d-9917-f06e3e9de6d6:192.168.5.139:36527, c8a52875-dc52-43bc-af24-370bbdbe5589:192.168.5.139:38327], old=null
2019-08-20 15:04:09,442 [c8a52875-dc52-43bc-af24-370bbdbe5589:group-148C6D2B3700:LeaderElection14] INFO  impl.LeaderElection (LogUtils.java:infoOrTrace(149)) -   Exception 0: {}
java.util.concurrent.ExecutionException: org.apache.ratis.thirdparty.io.grpc.StatusRuntimeException: UNAVAILABLE: io exception
	at java.util.concurrent.FutureTask.report(FutureTask.java:122)
	at java.util.concurrent.FutureTask.get(FutureTask.java:192)
	at org.apache.ratis.server.impl.LeaderElection.waitForResults(LeaderElection.java:262)
	at org.apache.ratis.server.impl.LeaderElection.askForVotes(LeaderElection.java:200)
	at org.apache.ratis.server.impl.LeaderElection.run(LeaderElection.java:130)
	at java.lang.Thread.run(Thread.java:748)
Caused by: org.apache.ratis.thirdparty.io.grpc.StatusRuntimeException: UNAVAILABLE: io exception
	at org.apache.ratis.thirdparty.io.grpc.stub.ClientCalls.toStatusRuntimeException(ClientCalls.java:233)
	at org.apache.ratis.thirdparty.io.grpc.stub.ClientCalls.getUnchecked(ClientCalls.java:214)
	at org.apache.ratis.thirdparty.io.grpc.stub.ClientCalls.blockingUnaryCall(ClientCalls.java:139)
	at org.apache.ratis.proto.grpc.RaftServerProtocolServiceGrpc$RaftServerProtocolServiceBlockingStub.requestVote(RaftServerProtocolServiceGrpc.java:265)
	at org.apache.ratis.grpc.server.GrpcServerProtocolClient.requestVote(GrpcServerProtocolClient.java:83)
	at org.apache.ratis.grpc.server.GrpcService.requestVote(GrpcService.java:195)
	at org.apache.ratis.server.impl.LeaderElection.lambda$submitRequests$1(LeaderElection.java:237)
	at java.util.concurrent.FutureTask.run(FutureTask.java:266)
	at java.util.concurrent.Executors$RunnableAdapter.call(Executors.java:511)
	at java.util.concurrent.FutureTask.run(FutureTask.java:266)
	at java.util.concurrent.ThreadPoolExecutor.runWorker(ThreadPoolExecutor.java:1149)
	at java.util.concurrent.ThreadPoolExecutor$Worker.run(ThreadPoolExecutor.java:624)
	... 1 more
Caused by: org.apache.ratis.thirdparty.io.netty.channel.AbstractChannel$AnnotatedConnectException: Connection refused: /192.168.5.139:37692
	at sun.nio.ch.SocketChannelImpl.checkConnect(Native Method)
	at sun.nio.ch.SocketChannelImpl.finishConnect(SocketChannelImpl.java:717)
	at org.apache.ratis.thirdparty.io.netty.channel.socket.nio.NioSocketChannel.doFinishConnect(NioSocketChannel.java:327)
	at org.apache.ratis.thirdparty.io.netty.channel.nio.AbstractNioChannel$AbstractNioUnsafe.finishConnect(AbstractNioChannel.java:340)
	at org.apache.ratis.thirdparty.io.netty.channel.nio.NioEventLoop.processSelectedKey(NioEventLoop.java:632)
	at org.apache.ratis.thirdparty.io.netty.channel.nio.NioEventLoop.processSelectedKeysOptimized(NioEventLoop.java:579)
	at org.apache.ratis.thirdparty.io.netty.channel.nio.NioEventLoop.processSelectedKeys(NioEventLoop.java:496)
	at org.apache.ratis.thirdparty.io.netty.channel.nio.NioEventLoop.run(NioEventLoop.java:458)
	at org.apache.ratis.thirdparty.io.netty.util.concurrent.SingleThreadEventExecutor$5.run(SingleThreadEventExecutor.java:897)
	at org.apache.ratis.thirdparty.io.netty.util.concurrent.FastThreadLocalRunnable.run(FastThreadLocalRunnable.java:30)
	... 1 more
Caused by: java.net.ConnectException: Connection refused
	... 11 more
2019-08-20 15:04:09,443 [c8a52875-dc52-43bc-af24-370bbdbe5589:group-148C6D2B3700:LeaderElection14] INFO  impl.LeaderElection (LogUtils.java:infoOrTrace(149)) -   Exception 1: {}
java.util.concurrent.ExecutionException: org.apache.ratis.thirdparty.io.grpc.StatusRuntimeException: UNAVAILABLE: io exception
	at java.util.concurrent.FutureTask.report(FutureTask.java:122)
	at java.util.concurrent.FutureTask.get(FutureTask.java:192)
	at org.apache.ratis.server.impl.LeaderElection.waitForResults(LeaderElection.java:262)
	at org.apache.ratis.server.impl.LeaderElection.askForVotes(LeaderElection.java:200)
	at org.apache.ratis.server.impl.LeaderElection.run(LeaderElection.java:130)
	at java.lang.Thread.run(Thread.java:748)
Caused by: org.apache.ratis.thirdparty.io.grpc.StatusRuntimeException: UNAVAILABLE: io exception
	at org.apache.ratis.thirdparty.io.grpc.stub.ClientCalls.toStatusRuntimeException(ClientCalls.java:233)
	at org.apache.ratis.thirdparty.io.grpc.stub.ClientCalls.getUnchecked(ClientCalls.java:214)
	at org.apache.ratis.thirdparty.io.grpc.stub.ClientCalls.blockingUnaryCall(ClientCalls.java:139)
	at org.apache.ratis.proto.grpc.RaftServerProtocolServiceGrpc$RaftServerProtocolServiceBlockingStub.requestVote(RaftServerProtocolServiceGrpc.java:265)
	at org.apache.ratis.grpc.server.GrpcServerProtocolClient.requestVote(GrpcServerProtocolClient.java:83)
	at org.apache.ratis.grpc.server.GrpcService.requestVote(GrpcService.java:195)
	at org.apache.ratis.server.impl.LeaderElection.lambda$submitRequests$1(LeaderElection.java:237)
	at java.util.concurrent.FutureTask.run(FutureTask.java:266)
	at java.util.concurrent.Executors$RunnableAdapter.call(Executors.java:511)
	at java.util.concurrent.FutureTask.run(FutureTask.java:266)
	at java.util.concurrent.ThreadPoolExecutor.runWorker(ThreadPoolExecutor.java:1149)
	at java.util.concurrent.ThreadPoolExecutor$Worker.run(ThreadPoolExecutor.java:624)
	... 1 more
Caused by: org.apache.ratis.thirdparty.io.netty.channel.AbstractChannel$AnnotatedConnectException: Connection refused: /192.168.5.139:36527
	at sun.nio.ch.SocketChannelImpl.checkConnect(Native Method)
	at sun.nio.ch.SocketChannelImpl.finishConnect(SocketChannelImpl.java:717)
	at org.apache.ratis.thirdparty.io.netty.channel.socket.nio.NioSocketChannel.doFinishConnect(NioSocketChannel.java:327)
	at org.apache.ratis.thirdparty.io.netty.channel.nio.AbstractNioChannel$AbstractNioUnsafe.finishConnect(AbstractNioChannel.java:340)
	at org.apache.ratis.thirdparty.io.netty.channel.nio.NioEventLoop.processSelectedKey(NioEventLoop.java:632)
	at org.apache.ratis.thirdparty.io.netty.channel.nio.NioEventLoop.processSelectedKeysOptimized(NioEventLoop.java:579)
	at org.apache.ratis.thirdparty.io.netty.channel.nio.NioEventLoop.processSelectedKeys(NioEventLoop.java:496)
	at org.apache.ratis.thirdparty.io.netty.channel.nio.NioEventLoop.run(NioEventLoop.java:458)
	at org.apache.ratis.thirdparty.io.netty.util.concurrent.SingleThreadEventExecutor$5.run(SingleThreadEventExecutor.java:897)
	at org.apache.ratis.thirdparty.io.netty.util.concurrent.FastThreadLocalRunnable.run(FastThreadLocalRunnable.java:30)
	... 1 more
Caused by: java.net.ConnectException: Connection refused
	... 11 more
2019-08-20 15:04:09,443 [c8a52875-dc52-43bc-af24-370bbdbe5589:group-148C6D2B3700:LeaderElection14] INFO  impl.RaftServerImpl (RaftServerImpl.java:setRole(171)) - c8a52875-dc52-43bc-af24-370bbdbe5589:group-148C6D2B3700 changes role from CANDIDATE to FOLLOWER at term 5 for DISCOVERED_A_NEW_TERM
2019-08-20 15:04:09,444 [c8a52875-dc52-43bc-af24-370bbdbe5589:group-148C6D2B3700:LeaderElection14] INFO  impl.RoleInfo (RoleInfo.java:shutdownLeaderElection(134)) - c8a52875-dc52-43bc-af24-370bbdbe5589: shutdown LeaderElection
2019-08-20 15:04:09,444 [c8a52875-dc52-43bc-af24-370bbdbe5589:group-148C6D2B3700:LeaderElection14] INFO  impl.RoleInfo (RoleInfo.java:updateAndGet(143)) - c8a52875-dc52-43bc-af24-370bbdbe5589: start FollowerState
2019-08-20 15:04:09,596 | INFO  | SCMAudit | user=jenkins1000 | ip=192.168.5.139 | op=SEND_HEARTBEAT {datanodeUUID=a2d6af90-c3d5-480c-824b-ae12d5e723ac, command=[]} | ret=SUCCESS |  
2019-08-20 15:04:09,753 | INFO  | SCMAudit | user=jenkins1000 | ip=192.168.5.139 | op=SEND_HEARTBEAT {datanodeUUID=81e6f177-0aa0-4cea-a559-904193532cd7, command=[]} | ret=SUCCESS |  
2019-08-20 15:04:09,929 | INFO  | SCMAudit | user=jenkins1000 | ip=192.168.5.139 | op=SEND_HEARTBEAT {datanodeUUID=fb8329f7-6337-4286-bcd2-d612923e448c, command=[]} | ret=SUCCESS |  
2019-08-20 15:04:09,974 | INFO  | SCMAudit | user=jenkins1000 | ip=192.168.5.139 | op=SEND_HEARTBEAT {datanodeUUID=c8a52875-dc52-43bc-af24-370bbdbe5589, command=[]} | ret=SUCCESS |  
2019-08-20 15:04:10,332 | INFO  | SCMAudit | user=jenkins1000 | ip=192.168.5.139 | op=SEND_HEARTBEAT {datanodeUUID=6a1036d9-12c3-40f5-8094-5440fe3d038e, command=[]} | ret=SUCCESS |  
2019-08-20 15:04:10,596 | INFO  | SCMAudit | user=jenkins1000 | ip=192.168.5.139 | op=SEND_HEARTBEAT {datanodeUUID=a2d6af90-c3d5-480c-824b-ae12d5e723ac, command=[]} | ret=SUCCESS |  
2019-08-20 15:04:10,753 | INFO  | SCMAudit | user=jenkins1000 | ip=192.168.5.139 | op=SEND_HEARTBEAT {datanodeUUID=81e6f177-0aa0-4cea-a559-904193532cd7, command=[]} | ret=SUCCESS |  
2019-08-20 15:04:10,761 [grpc-default-executor-2] INFO  client.GrpcClientProtocolClient (GrpcClientProtocolClient.java:onNext(255)) - client-B5C9F3766F48->c8a52875-dc52-43bc-af24-370bbdbe5589: receive RaftClientReply:client-B5C9F3766F48->c8a52875-dc52-43bc-af24-370bbdbe5589@group-148C6D2B3700, cid=22, FAILED org.apache.ratis.protocol.NotLeaderException: Server c8a52875-dc52-43bc-af24-370bbdbe5589 is not the leader (null). Request must be sent to leader., logIndex=0, commits[c8a52875-dc52-43bc-af24-370bbdbe5589:c16, 36e09339-9dd8-4013-a821-6974d22e740b:c16, 2923d27d-94e5-4a4d-9917-f06e3e9de6d6:c16]
2019-08-20 15:04:10,929 | INFO  | SCMAudit | user=jenkins1000 | ip=192.168.5.139 | op=SEND_HEARTBEAT {datanodeUUID=fb8329f7-6337-4286-bcd2-d612923e448c, command=[]} | ret=SUCCESS |  
2019-08-20 15:04:10,974 | INFO  | SCMAudit | user=jenkins1000 | ip=192.168.5.139 | op=SEND_HEARTBEAT {datanodeUUID=c8a52875-dc52-43bc-af24-370bbdbe5589, command=[]} | ret=SUCCESS |  
2019-08-20 15:04:11,333 | INFO  | SCMAudit | user=jenkins1000 | ip=192.168.5.139 | op=SEND_HEARTBEAT {datanodeUUID=6a1036d9-12c3-40f5-8094-5440fe3d038e, command=[]} | ret=SUCCESS |  
2019-08-20 15:04:11,597 | INFO  | SCMAudit | user=jenkins1000 | ip=192.168.5.139 | op=SEND_HEARTBEAT {datanodeUUID=a2d6af90-c3d5-480c-824b-ae12d5e723ac, command=[]} | ret=SUCCESS |  
2019-08-20 15:04:11,753 | INFO  | SCMAudit | user=jenkins1000 | ip=192.168.5.139 | op=SEND_HEARTBEAT {datanodeUUID=81e6f177-0aa0-4cea-a559-904193532cd7, command=[]} | ret=SUCCESS |  
2019-08-20 15:04:11,930 | INFO  | SCMAudit | user=jenkins1000 | ip=192.168.5.139 | op=SEND_HEARTBEAT {datanodeUUID=fb8329f7-6337-4286-bcd2-d612923e448c, command=[]} | ret=SUCCESS |  
2019-08-20 15:04:11,974 | INFO  | SCMAudit | user=jenkins1000 | ip=192.168.5.139 | op=SEND_HEARTBEAT {datanodeUUID=c8a52875-dc52-43bc-af24-370bbdbe5589, command=[]} | ret=SUCCESS |  
2019-08-20 15:04:12,333 | INFO  | SCMAudit | user=jenkins1000 | ip=192.168.5.139 | op=SEND_HEARTBEAT {datanodeUUID=6a1036d9-12c3-40f5-8094-5440fe3d038e, command=[]} | ret=SUCCESS |  
2019-08-20 15:04:12,597 | INFO  | SCMAudit | user=jenkins1000 | ip=192.168.5.139 | op=SEND_HEARTBEAT {datanodeUUID=a2d6af90-c3d5-480c-824b-ae12d5e723ac, command=[]} | ret=SUCCESS |  
2019-08-20 15:04:12,754 | INFO  | SCMAudit | user=jenkins1000 | ip=192.168.5.139 | op=SEND_HEARTBEAT {datanodeUUID=81e6f177-0aa0-4cea-a559-904193532cd7, command=[]} | ret=SUCCESS |  
2019-08-20 15:04:12,785 [grpc-default-executor-1] INFO  client.GrpcClientProtocolClient (GrpcClientProtocolClient.java:onNext(255)) - client-B5C9F3766F48->c8a52875-dc52-43bc-af24-370bbdbe5589: receive RaftClientReply:client-B5C9F3766F48->c8a52875-dc52-43bc-af24-370bbdbe5589@group-148C6D2B3700, cid=22, FAILED org.apache.ratis.protocol.NotLeaderException: Server c8a52875-dc52-43bc-af24-370bbdbe5589 is not the leader (null). Request must be sent to leader., logIndex=0, commits[c8a52875-dc52-43bc-af24-370bbdbe5589:c16, 36e09339-9dd8-4013-a821-6974d22e740b:c16, 2923d27d-94e5-4a4d-9917-f06e3e9de6d6:c16]
2019-08-20 15:04:12,929 | INFO  | SCMAudit | user=jenkins1000 | ip=192.168.5.139 | op=SEND_HEARTBEAT {datanodeUUID=fb8329f7-6337-4286-bcd2-d612923e448c, command=[]} | ret=SUCCESS |  
2019-08-20 15:04:12,975 | INFO  | SCMAudit | user=jenkins1000 | ip=192.168.5.139 | op=SEND_HEARTBEAT {datanodeUUID=c8a52875-dc52-43bc-af24-370bbdbe5589, command=[]} | ret=SUCCESS |  
2019-08-20 15:04:13,333 | INFO  | SCMAudit | user=jenkins1000 | ip=192.168.5.139 | op=SEND_HEARTBEAT {datanodeUUID=6a1036d9-12c3-40f5-8094-5440fe3d038e, command=[]} | ret=SUCCESS |  
2019-08-20 15:04:13,598 | INFO  | SCMAudit | user=jenkins1000 | ip=192.168.5.139 | op=SEND_HEARTBEAT {datanodeUUID=a2d6af90-c3d5-480c-824b-ae12d5e723ac, command=[]} | ret=SUCCESS |  
2019-08-20 15:04:13,757 | INFO  | SCMAudit | user=jenkins1000 | ip=192.168.5.139 | op=SEND_HEARTBEAT {datanodeUUID=81e6f177-0aa0-4cea-a559-904193532cd7, command=[]} | ret=SUCCESS |  
2019-08-20 15:04:13,929 | INFO  | SCMAudit | user=jenkins1000 | ip=192.168.5.139 | op=SEND_HEARTBEAT {datanodeUUID=fb8329f7-6337-4286-bcd2-d612923e448c, command=[]} | ret=SUCCESS |  
2019-08-20 15:04:13,974 | INFO  | SCMAudit | user=jenkins1000 | ip=192.168.5.139 | op=SEND_HEARTBEAT {datanodeUUID=c8a52875-dc52-43bc-af24-370bbdbe5589, command=[]} | ret=SUCCESS |  
2019-08-20 15:04:14,333 | INFO  | SCMAudit | user=jenkins1000 | ip=192.168.5.139 | op=SEND_HEARTBEAT {datanodeUUID=6a1036d9-12c3-40f5-8094-5440fe3d038e, command=[]} | ret=SUCCESS |  
2019-08-20 15:04:14,505 [Thread-485] INFO  impl.FollowerState (FollowerState.java:run(106)) - c8a52875-dc52-43bc-af24-370bbdbe5589:group-148C6D2B3700 changes to CANDIDATE, lastRpcTime:5060, electionTimeout:5059ms
2019-08-20 15:04:14,505 [Thread-485] INFO  impl.RoleInfo (RoleInfo.java:shutdownFollowerState(121)) - c8a52875-dc52-43bc-af24-370bbdbe5589: shutdown FollowerState
2019-08-20 15:04:14,506 [Thread-485] INFO  impl.RaftServerImpl (RaftServerImpl.java:setRole(171)) - c8a52875-dc52-43bc-af24-370bbdbe5589:group-148C6D2B3700 changes role from FOLLOWER to CANDIDATE at term 5 for changeToCandidate
2019-08-20 15:04:14,506 [Thread-485] INFO  impl.RoleInfo (RoleInfo.java:updateAndGet(143)) - c8a52875-dc52-43bc-af24-370bbdbe5589: start LeaderElection
2019-08-20 15:04:14,526 [c8a52875-dc52-43bc-af24-370bbdbe5589:group-148C6D2B3700:LeaderElection15] INFO  impl.LeaderElection (LeaderElection.java:askForVotes(181)) - c8a52875-dc52-43bc-af24-370bbdbe5589:group-148C6D2B3700:LeaderElection15: begin an election at term 6 for 0: [36e09339-9dd8-4013-a821-6974d22e740b:192.168.5.139:37692, 2923d27d-94e5-4a4d-9917-f06e3e9de6d6:192.168.5.139:36527, c8a52875-dc52-43bc-af24-370bbdbe5589:192.168.5.139:38327], old=null
2019-08-20 15:04:14,528 [c8a52875-dc52-43bc-af24-370bbdbe5589:group-148C6D2B3700:LeaderElection15] INFO  impl.LeaderElection (LogUtils.java:infoOrTrace(149)) - c8a52875-dc52-43bc-af24-370bbdbe5589:group-148C6D2B3700:LeaderElection15 got exception when requesting votes: {}
java.util.concurrent.ExecutionException: org.apache.ratis.thirdparty.io.grpc.StatusRuntimeException: UNAVAILABLE: io exception
	at java.util.concurrent.FutureTask.report(FutureTask.java:122)
	at java.util.concurrent.FutureTask.get(FutureTask.java:192)
	at org.apache.ratis.server.impl.LeaderElection.waitForResults(LeaderElection.java:262)
	at org.apache.ratis.server.impl.LeaderElection.askForVotes(LeaderElection.java:200)
	at org.apache.ratis.server.impl.LeaderElection.run(LeaderElection.java:130)
	at java.lang.Thread.run(Thread.java:748)
Caused by: org.apache.ratis.thirdparty.io.grpc.StatusRuntimeException: UNAVAILABLE: io exception
	at org.apache.ratis.thirdparty.io.grpc.stub.ClientCalls.toStatusRuntimeException(ClientCalls.java:233)
	at org.apache.ratis.thirdparty.io.grpc.stub.ClientCalls.getUnchecked(ClientCalls.java:214)
	at org.apache.ratis.thirdparty.io.grpc.stub.ClientCalls.blockingUnaryCall(ClientCalls.java:139)
	at org.apache.ratis.proto.grpc.RaftServerProtocolServiceGrpc$RaftServerProtocolServiceBlockingStub.requestVote(RaftServerProtocolServiceGrpc.java:265)
	at org.apache.ratis.grpc.server.GrpcServerProtocolClient.requestVote(GrpcServerProtocolClient.java:83)
	at org.apache.ratis.grpc.server.GrpcService.requestVote(GrpcService.java:195)
	at org.apache.ratis.server.impl.LeaderElection.lambda$submitRequests$1(LeaderElection.java:237)
	at java.util.concurrent.FutureTask.run(FutureTask.java:266)
	at java.util.concurrent.Executors$RunnableAdapter.call(Executors.java:511)
	at java.util.concurrent.FutureTask.run(FutureTask.java:266)
	at java.util.concurrent.ThreadPoolExecutor.runWorker(ThreadPoolExecutor.java:1149)
	at java.util.concurrent.ThreadPoolExecutor$Worker.run(ThreadPoolExecutor.java:624)
	... 1 more
Caused by: org.apache.ratis.thirdparty.io.netty.channel.AbstractChannel$AnnotatedConnectException: Connection refused: /192.168.5.139:37692
	at sun.nio.ch.SocketChannelImpl.checkConnect(Native Method)
	at sun.nio.ch.SocketChannelImpl.finishConnect(SocketChannelImpl.java:717)
	at org.apache.ratis.thirdparty.io.netty.channel.socket.nio.NioSocketChannel.doFinishConnect(NioSocketChannel.java:327)
	at org.apache.ratis.thirdparty.io.netty.channel.nio.AbstractNioChannel$AbstractNioUnsafe.finishConnect(AbstractNioChannel.java:340)
	at org.apache.ratis.thirdparty.io.netty.channel.nio.NioEventLoop.processSelectedKey(NioEventLoop.java:632)
	at org.apache.ratis.thirdparty.io.netty.channel.nio.NioEventLoop.processSelectedKeysOptimized(NioEventLoop.java:579)
	at org.apache.ratis.thirdparty.io.netty.channel.nio.NioEventLoop.processSelectedKeys(NioEventLoop.java:496)
	at org.apache.ratis.thirdparty.io.netty.channel.nio.NioEventLoop.run(NioEventLoop.java:458)
	at org.apache.ratis.thirdparty.io.netty.util.concurrent.SingleThreadEventExecutor$5.run(SingleThreadEventExecutor.java:897)
	at org.apache.ratis.thirdparty.io.netty.util.concurrent.FastThreadLocalRunnable.run(FastThreadLocalRunnable.java:30)
	... 1 more
Caused by: java.net.ConnectException: Connection refused
	... 11 more
2019-08-20 15:04:14,531 [c8a52875-dc52-43bc-af24-370bbdbe5589:group-148C6D2B3700:LeaderElection15] INFO  impl.LeaderElection (LogUtils.java:infoOrTrace(149)) - c8a52875-dc52-43bc-af24-370bbdbe5589:group-148C6D2B3700:LeaderElection15 got exception when requesting votes: {}
java.util.concurrent.ExecutionException: org.apache.ratis.thirdparty.io.grpc.StatusRuntimeException: UNAVAILABLE: io exception
	at java.util.concurrent.FutureTask.report(FutureTask.java:122)
	at java.util.concurrent.FutureTask.get(FutureTask.java:192)
	at org.apache.ratis.server.impl.LeaderElection.waitForResults(LeaderElection.java:262)
	at org.apache.ratis.server.impl.LeaderElection.askForVotes(LeaderElection.java:200)
	at org.apache.ratis.server.impl.LeaderElection.run(LeaderElection.java:130)
	at java.lang.Thread.run(Thread.java:748)
Caused by: org.apache.ratis.thirdparty.io.grpc.StatusRuntimeException: UNAVAILABLE: io exception
	at org.apache.ratis.thirdparty.io.grpc.stub.ClientCalls.toStatusRuntimeException(ClientCalls.java:233)
	at org.apache.ratis.thirdparty.io.grpc.stub.ClientCalls.getUnchecked(ClientCalls.java:214)
	at org.apache.ratis.thirdparty.io.grpc.stub.ClientCalls.blockingUnaryCall(ClientCalls.java:139)
	at org.apache.ratis.proto.grpc.RaftServerProtocolServiceGrpc$RaftServerProtocolServiceBlockingStub.requestVote(RaftServerProtocolServiceGrpc.java:265)
	at org.apache.ratis.grpc.server.GrpcServerProtocolClient.requestVote(GrpcServerProtocolClient.java:83)
	at org.apache.ratis.grpc.server.GrpcService.requestVote(GrpcService.java:195)
	at org.apache.ratis.server.impl.LeaderElection.lambda$submitRequests$1(LeaderElection.java:237)
	at java.util.concurrent.FutureTask.run(FutureTask.java:266)
	at java.util.concurrent.Executors$RunnableAdapter.call(Executors.java:511)
	at java.util.concurrent.FutureTask.run(FutureTask.java:266)
	at java.util.concurrent.ThreadPoolExecutor.runWorker(ThreadPoolExecutor.java:1149)
	at java.util.concurrent.ThreadPoolExecutor$Worker.run(ThreadPoolExecutor.java:624)
	... 1 more
Caused by: org.apache.ratis.thirdparty.io.netty.channel.AbstractChannel$AnnotatedConnectException: Connection refused: /192.168.5.139:36527
	at sun.nio.ch.SocketChannelImpl.checkConnect(Native Method)
	at sun.nio.ch.SocketChannelImpl.finishConnect(SocketChannelImpl.java:717)
	at org.apache.ratis.thirdparty.io.netty.channel.socket.nio.NioSocketChannel.doFinishConnect(NioSocketChannel.java:327)
	at org.apache.ratis.thirdparty.io.netty.channel.nio.AbstractNioChannel$AbstractNioUnsafe.finishConnect(AbstractNioChannel.java:340)
	at org.apache.ratis.thirdparty.io.netty.channel.nio.NioEventLoop.processSelectedKey(NioEventLoop.java:632)
	at org.apache.ratis.thirdparty.io.netty.channel.nio.NioEventLoop.processSelectedKeysOptimized(NioEventLoop.java:579)
	at org.apache.ratis.thirdparty.io.netty.channel.nio.NioEventLoop.processSelectedKeys(NioEventLoop.java:496)
	at org.apache.ratis.thirdparty.io.netty.channel.nio.NioEventLoop.run(NioEventLoop.java:458)
	at org.apache.ratis.thirdparty.io.netty.util.concurrent.SingleThreadEventExecutor$5.run(SingleThreadEventExecutor.java:897)
	at org.apache.ratis.thirdparty.io.netty.util.concurrent.FastThreadLocalRunnable.run(FastThreadLocalRunnable.java:30)
	... 1 more
Caused by: java.net.ConnectException: Connection refused
	... 11 more
2019-08-20 15:04:14,534 [c8a52875-dc52-43bc-af24-370bbdbe5589:group-148C6D2B3700:LeaderElection15] INFO  impl.LeaderElection (LeaderElection.java:logAndReturn(56)) - c8a52875-dc52-43bc-af24-370bbdbe5589:group-148C6D2B3700:LeaderElection15: Election REJECTED; received 0 response(s) [] and 2 exception(s); c8a52875-dc52-43bc-af24-370bbdbe5589:t6, leader=null, voted=c8a52875-dc52-43bc-af24-370bbdbe5589, raftlog=c8a52875-dc52-43bc-af24-370bbdbe5589-SegmentedRaftLog:OPENED:c16,f16,i16, conf=0: [36e09339-9dd8-4013-a821-6974d22e740b:192.168.5.139:37692, 2923d27d-94e5-4a4d-9917-f06e3e9de6d6:192.168.5.139:36527, c8a52875-dc52-43bc-af24-370bbdbe5589:192.168.5.139:38327], old=null
2019-08-20 15:04:14,534 [c8a52875-dc52-43bc-af24-370bbdbe5589:group-148C6D2B3700:LeaderElection15] INFO  impl.LeaderElection (LogUtils.java:infoOrTrace(149)) -   Exception 0: {}
java.util.concurrent.ExecutionException: org.apache.ratis.thirdparty.io.grpc.StatusRuntimeException: UNAVAILABLE: io exception
	at java.util.concurrent.FutureTask.report(FutureTask.java:122)
	at java.util.concurrent.FutureTask.get(FutureTask.java:192)
	at org.apache.ratis.server.impl.LeaderElection.waitForResults(LeaderElection.java:262)
	at org.apache.ratis.server.impl.LeaderElection.askForVotes(LeaderElection.java:200)
	at org.apache.ratis.server.impl.LeaderElection.run(LeaderElection.java:130)
	at java.lang.Thread.run(Thread.java:748)
Caused by: org.apache.ratis.thirdparty.io.grpc.StatusRuntimeException: UNAVAILABLE: io exception
	at org.apache.ratis.thirdparty.io.grpc.stub.ClientCalls.toStatusRuntimeException(ClientCalls.java:233)
	at org.apache.ratis.thirdparty.io.grpc.stub.ClientCalls.getUnchecked(ClientCalls.java:214)
	at org.apache.ratis.thirdparty.io.grpc.stub.ClientCalls.blockingUnaryCall(ClientCalls.java:139)
	at org.apache.ratis.proto.grpc.RaftServerProtocolServiceGrpc$RaftServerProtocolServiceBlockingStub.requestVote(RaftServerProtocolServiceGrpc.java:265)
	at org.apache.ratis.grpc.server.GrpcServerProtocolClient.requestVote(GrpcServerProtocolClient.java:83)
	at org.apache.ratis.grpc.server.GrpcService.requestVote(GrpcService.java:195)
	at org.apache.ratis.server.impl.LeaderElection.lambda$submitRequests$1(LeaderElection.java:237)
	at java.util.concurrent.FutureTask.run(FutureTask.java:266)
	at java.util.concurrent.Executors$RunnableAdapter.call(Executors.java:511)
	at java.util.concurrent.FutureTask.run(FutureTask.java:266)
	at java.util.concurrent.ThreadPoolExecutor.runWorker(ThreadPoolExecutor.java:1149)
	at java.util.concurrent.ThreadPoolExecutor$Worker.run(ThreadPoolExecutor.java:624)
	... 1 more
Caused by: org.apache.ratis.thirdparty.io.netty.channel.AbstractChannel$AnnotatedConnectException: Connection refused: /192.168.5.139:37692
	at sun.nio.ch.SocketChannelImpl.checkConnect(Native Method)
	at sun.nio.ch.SocketChannelImpl.finishConnect(SocketChannelImpl.java:717)
	at org.apache.ratis.thirdparty.io.netty.channel.socket.nio.NioSocketChannel.doFinishConnect(NioSocketChannel.java:327)
	at org.apache.ratis.thirdparty.io.netty.channel.nio.AbstractNioChannel$AbstractNioUnsafe.finishConnect(AbstractNioChannel.java:340)
	at org.apache.ratis.thirdparty.io.netty.channel.nio.NioEventLoop.processSelectedKey(NioEventLoop.java:632)
	at org.apache.ratis.thirdparty.io.netty.channel.nio.NioEventLoop.processSelectedKeysOptimized(NioEventLoop.java:579)
	at org.apache.ratis.thirdparty.io.netty.channel.nio.NioEventLoop.processSelectedKeys(NioEventLoop.java:496)
	at org.apache.ratis.thirdparty.io.netty.channel.nio.NioEventLoop.run(NioEventLoop.java:458)
	at org.apache.ratis.thirdparty.io.netty.util.concurrent.SingleThreadEventExecutor$5.run(SingleThreadEventExecutor.java:897)
	at org.apache.ratis.thirdparty.io.netty.util.concurrent.FastThreadLocalRunnable.run(FastThreadLocalRunnable.java:30)
	... 1 more
Caused by: java.net.ConnectException: Connection refused
	... 11 more
2019-08-20 15:04:14,535 [c8a52875-dc52-43bc-af24-370bbdbe5589:group-148C6D2B3700:LeaderElection15] INFO  impl.LeaderElection (LogUtils.java:infoOrTrace(149)) -   Exception 1: {}
java.util.concurrent.ExecutionException: org.apache.ratis.thirdparty.io.grpc.StatusRuntimeException: UNAVAILABLE: io exception
	at java.util.concurrent.FutureTask.report(FutureTask.java:122)
	at java.util.concurrent.FutureTask.get(FutureTask.java:192)
	at org.apache.ratis.server.impl.LeaderElection.waitForResults(LeaderElection.java:262)
	at org.apache.ratis.server.impl.LeaderElection.askForVotes(LeaderElection.java:200)
	at org.apache.ratis.server.impl.LeaderElection.run(LeaderElection.java:130)
	at java.lang.Thread.run(Thread.java:748)
Caused by: org.apache.ratis.thirdparty.io.grpc.StatusRuntimeException: UNAVAILABLE: io exception
	at org.apache.ratis.thirdparty.io.grpc.stub.ClientCalls.toStatusRuntimeException(ClientCalls.java:233)
	at org.apache.ratis.thirdparty.io.grpc.stub.ClientCalls.getUnchecked(ClientCalls.java:214)
	at org.apache.ratis.thirdparty.io.grpc.stub.ClientCalls.blockingUnaryCall(ClientCalls.java:139)
	at org.apache.ratis.proto.grpc.RaftServerProtocolServiceGrpc$RaftServerProtocolServiceBlockingStub.requestVote(RaftServerProtocolServiceGrpc.java:265)
	at org.apache.ratis.grpc.server.GrpcServerProtocolClient.requestVote(GrpcServerProtocolClient.java:83)
	at org.apache.ratis.grpc.server.GrpcService.requestVote(GrpcService.java:195)
	at org.apache.ratis.server.impl.LeaderElection.lambda$submitRequests$1(LeaderElection.java:237)
	at java.util.concurrent.FutureTask.run(FutureTask.java:266)
	at java.util.concurrent.Executors$RunnableAdapter.call(Executors.java:511)
	at java.util.concurrent.FutureTask.run(FutureTask.java:266)
	at java.util.concurrent.ThreadPoolExecutor.runWorker(ThreadPoolExecutor.java:1149)
	at java.util.concurrent.ThreadPoolExecutor$Worker.run(ThreadPoolExecutor.java:624)
	... 1 more
Caused by: org.apache.ratis.thirdparty.io.netty.channel.AbstractChannel$AnnotatedConnectException: Connection refused: /192.168.5.139:36527
	at sun.nio.ch.SocketChannelImpl.checkConnect(Native Method)
	at sun.nio.ch.SocketChannelImpl.finishConnect(SocketChannelImpl.java:717)
	at org.apache.ratis.thirdparty.io.netty.channel.socket.nio.NioSocketChannel.doFinishConnect(NioSocketChannel.java:327)
	at org.apache.ratis.thirdparty.io.netty.channel.nio.AbstractNioChannel$AbstractNioUnsafe.finishConnect(AbstractNioChannel.java:340)
	at org.apache.ratis.thirdparty.io.netty.channel.nio.NioEventLoop.processSelectedKey(NioEventLoop.java:632)
	at org.apache.ratis.thirdparty.io.netty.channel.nio.NioEventLoop.processSelectedKeysOptimized(NioEventLoop.java:579)
	at org.apache.ratis.thirdparty.io.netty.channel.nio.NioEventLoop.processSelectedKeys(NioEventLoop.java:496)
	at org.apache.ratis.thirdparty.io.netty.channel.nio.NioEventLoop.run(NioEventLoop.java:458)
	at org.apache.ratis.thirdparty.io.netty.util.concurrent.SingleThreadEventExecutor$5.run(SingleThreadEventExecutor.java:897)
	at org.apache.ratis.thirdparty.io.netty.util.concurrent.FastThreadLocalRunnable.run(FastThreadLocalRunnable.java:30)
	... 1 more
Caused by: java.net.ConnectException: Connection refused
	... 11 more
2019-08-20 15:04:14,535 [c8a52875-dc52-43bc-af24-370bbdbe5589:group-148C6D2B3700:LeaderElection15] INFO  impl.RaftServerImpl (RaftServerImpl.java:setRole(171)) - c8a52875-dc52-43bc-af24-370bbdbe5589:group-148C6D2B3700 changes role from CANDIDATE to FOLLOWER at term 6 for DISCOVERED_A_NEW_TERM
2019-08-20 15:04:14,537 [c8a52875-dc52-43bc-af24-370bbdbe5589:group-148C6D2B3700:LeaderElection15] INFO  impl.RoleInfo (RoleInfo.java:shutdownLeaderElection(134)) - c8a52875-dc52-43bc-af24-370bbdbe5589: shutdown LeaderElection
2019-08-20 15:04:14,537 [c8a52875-dc52-43bc-af24-370bbdbe5589:group-148C6D2B3700:LeaderElection15] INFO  impl.RoleInfo (RoleInfo.java:updateAndGet(143)) - c8a52875-dc52-43bc-af24-370bbdbe5589: start FollowerState
2019-08-20 15:04:14,598 | INFO  | SCMAudit | user=jenkins1000 | ip=192.168.5.139 | op=SEND_HEARTBEAT {datanodeUUID=a2d6af90-c3d5-480c-824b-ae12d5e723ac, command=[]} | ret=SUCCESS |  
2019-08-20 15:04:14,758 | INFO  | SCMAudit | user=jenkins1000 | ip=192.168.5.139 | op=SEND_HEARTBEAT {datanodeUUID=81e6f177-0aa0-4cea-a559-904193532cd7, command=[]} | ret=SUCCESS |  
2019-08-20 15:04:14,812 [grpc-default-executor-2] INFO  client.GrpcClientProtocolClient (GrpcClientProtocolClient.java:onNext(255)) - client-B5C9F3766F48->c8a52875-dc52-43bc-af24-370bbdbe5589: receive RaftClientReply:client-B5C9F3766F48->c8a52875-dc52-43bc-af24-370bbdbe5589@group-148C6D2B3700, cid=22, FAILED org.apache.ratis.protocol.NotLeaderException: Server c8a52875-dc52-43bc-af24-370bbdbe5589 is not the leader (null). Request must be sent to leader., logIndex=0, commits[c8a52875-dc52-43bc-af24-370bbdbe5589:c16, 36e09339-9dd8-4013-a821-6974d22e740b:c16, 2923d27d-94e5-4a4d-9917-f06e3e9de6d6:c16]
2019-08-20 15:04:14,930 | INFO  | SCMAudit | user=jenkins1000 | ip=192.168.5.139 | op=SEND_HEARTBEAT {datanodeUUID=fb8329f7-6337-4286-bcd2-d612923e448c, command=[]} | ret=SUCCESS |  
2019-08-20 15:04:14,974 | INFO  | SCMAudit | user=jenkins1000 | ip=192.168.5.139 | op=SEND_HEARTBEAT {datanodeUUID=c8a52875-dc52-43bc-af24-370bbdbe5589, command=[]} | ret=SUCCESS |  
2019-08-20 15:04:15,333 | INFO  | SCMAudit | user=jenkins1000 | ip=192.168.5.139 | op=SEND_HEARTBEAT {datanodeUUID=6a1036d9-12c3-40f5-8094-5440fe3d038e, command=[]} | ret=SUCCESS |  
2019-08-20 15:04:15,597 | INFO  | SCMAudit | user=jenkins1000 | ip=192.168.5.139 | op=SEND_HEARTBEAT {datanodeUUID=a2d6af90-c3d5-480c-824b-ae12d5e723ac, command=[]} | ret=SUCCESS |  
2019-08-20 15:04:15,759 | INFO  | SCMAudit | user=jenkins1000 | ip=192.168.5.139 | op=SEND_HEARTBEAT {datanodeUUID=81e6f177-0aa0-4cea-a559-904193532cd7, command=[]} | ret=SUCCESS |  
2019-08-20 15:04:15,930 | INFO  | SCMAudit | user=jenkins1000 | ip=192.168.5.139 | op=SEND_HEARTBEAT {datanodeUUID=fb8329f7-6337-4286-bcd2-d612923e448c, command=[]} | ret=SUCCESS |  
2019-08-20 15:04:15,974 | INFO  | SCMAudit | user=jenkins1000 | ip=192.168.5.139 | op=SEND_HEARTBEAT {datanodeUUID=c8a52875-dc52-43bc-af24-370bbdbe5589, command=[]} | ret=SUCCESS |  
2019-08-20 15:04:16,333 | INFO  | SCMAudit | user=jenkins1000 | ip=192.168.5.139 | op=SEND_HEARTBEAT {datanodeUUID=6a1036d9-12c3-40f5-8094-5440fe3d038e, command=[]} | ret=SUCCESS |  
2019-08-20 15:04:16,598 | INFO  | SCMAudit | user=jenkins1000 | ip=192.168.5.139 | op=SEND_HEARTBEAT {datanodeUUID=a2d6af90-c3d5-480c-824b-ae12d5e723ac, command=[]} | ret=SUCCESS |  
2019-08-20 15:04:16,759 | INFO  | SCMAudit | user=jenkins1000 | ip=192.168.5.139 | op=SEND_HEARTBEAT {datanodeUUID=81e6f177-0aa0-4cea-a559-904193532cd7, command=[]} | ret=SUCCESS |  
2019-08-20 15:04:16,930 | INFO  | SCMAudit | user=jenkins1000 | ip=192.168.5.139 | op=SEND_HEARTBEAT {datanodeUUID=fb8329f7-6337-4286-bcd2-d612923e448c, command=[]} | ret=SUCCESS |  
2019-08-20 15:04:16,974 | INFO  | SCMAudit | user=jenkins1000 | ip=192.168.5.139 | op=SEND_HEARTBEAT {datanodeUUID=c8a52875-dc52-43bc-af24-370bbdbe5589, command=[]} | ret=SUCCESS |  
2019-08-20 15:04:17,334 | INFO  | SCMAudit | user=jenkins1000 | ip=192.168.5.139 | op=SEND_HEARTBEAT {datanodeUUID=6a1036d9-12c3-40f5-8094-5440fe3d038e, command=[]} | ret=SUCCESS |  
2019-08-20 15:04:17,598 | INFO  | SCMAudit | user=jenkins1000 | ip=192.168.5.139 | op=SEND_HEARTBEAT {datanodeUUID=a2d6af90-c3d5-480c-824b-ae12d5e723ac, command=[]} | ret=SUCCESS |  
2019-08-20 15:04:17,758 | INFO  | SCMAudit | user=jenkins1000 | ip=192.168.5.139 | op=SEND_HEARTBEAT {datanodeUUID=81e6f177-0aa0-4cea-a559-904193532cd7, command=[]} | ret=SUCCESS |  
2019-08-20 15:04:17,850 [grpc-default-executor-1] INFO  client.GrpcClientProtocolClient (GrpcClientProtocolClient.java:onNext(255)) - client-B5C9F3766F48->c8a52875-dc52-43bc-af24-370bbdbe5589: receive RaftClientReply:client-B5C9F3766F48->c8a52875-dc52-43bc-af24-370bbdbe5589@group-148C6D2B3700, cid=22, FAILED org.apache.ratis.protocol.NotLeaderException: Server c8a52875-dc52-43bc-af24-370bbdbe5589 is not the leader (null). Request must be sent to leader., logIndex=0, commits[c8a52875-dc52-43bc-af24-370bbdbe5589:c16, 36e09339-9dd8-4013-a821-6974d22e740b:c16, 2923d27d-94e5-4a4d-9917-f06e3e9de6d6:c16]
2019-08-20 15:04:17,930 | INFO  | SCMAudit | user=jenkins1000 | ip=192.168.5.139 | op=SEND_HEARTBEAT {datanodeUUID=fb8329f7-6337-4286-bcd2-d612923e448c, command=[]} | ret=SUCCESS |  
2019-08-20 15:04:17,974 | INFO  | SCMAudit | user=jenkins1000 | ip=192.168.5.139 | op=SEND_HEARTBEAT {datanodeUUID=c8a52875-dc52-43bc-af24-370bbdbe5589, command=[]} | ret=SUCCESS |  
2019-08-20 15:04:18,334 | INFO  | SCMAudit | user=jenkins1000 | ip=192.168.5.139 | op=SEND_HEARTBEAT {datanodeUUID=6a1036d9-12c3-40f5-8094-5440fe3d038e, command=[]} | ret=SUCCESS |  
2019-08-20 15:04:18,598 | INFO  | SCMAudit | user=jenkins1000 | ip=192.168.5.139 | op=SEND_HEARTBEAT {datanodeUUID=a2d6af90-c3d5-480c-824b-ae12d5e723ac, command=[]} | ret=SUCCESS |  
2019-08-20 15:04:18,758 | INFO  | SCMAudit | user=jenkins1000 | ip=192.168.5.139 | op=SEND_HEARTBEAT {datanodeUUID=81e6f177-0aa0-4cea-a559-904193532cd7, command=[]} | ret=SUCCESS |  
2019-08-20 15:04:18,930 | INFO  | SCMAudit | user=jenkins1000 | ip=192.168.5.139 | op=SEND_HEARTBEAT {datanodeUUID=fb8329f7-6337-4286-bcd2-d612923e448c, command=[]} | ret=SUCCESS |  
2019-08-20 15:04:18,974 | INFO  | SCMAudit | user=jenkins1000 | ip=192.168.5.139 | op=SEND_HEARTBEAT {datanodeUUID=c8a52875-dc52-43bc-af24-370bbdbe5589, command=[]} | ret=SUCCESS |  
2019-08-20 15:04:19,334 | INFO  | SCMAudit | user=jenkins1000 | ip=192.168.5.139 | op=SEND_HEARTBEAT {datanodeUUID=6a1036d9-12c3-40f5-8094-5440fe3d038e, command=[]} | ret=SUCCESS |  
2019-08-20 15:04:19,597 | INFO  | SCMAudit | user=jenkins1000 | ip=192.168.5.139 | op=SEND_HEARTBEAT {datanodeUUID=a2d6af90-c3d5-480c-824b-ae12d5e723ac, command=[]} | ret=SUCCESS |  
2019-08-20 15:04:19,631 [Thread-505] INFO  impl.FollowerState (FollowerState.java:run(106)) - c8a52875-dc52-43bc-af24-370bbdbe5589:group-148C6D2B3700 changes to CANDIDATE, lastRpcTime:5093, electionTimeout:5090ms
2019-08-20 15:04:19,632 [Thread-505] INFO  impl.RoleInfo (RoleInfo.java:shutdownFollowerState(121)) - c8a52875-dc52-43bc-af24-370bbdbe5589: shutdown FollowerState
2019-08-20 15:04:19,632 [Thread-505] INFO  impl.RaftServerImpl (RaftServerImpl.java:setRole(171)) - c8a52875-dc52-43bc-af24-370bbdbe5589:group-148C6D2B3700 changes role from FOLLOWER to CANDIDATE at term 6 for changeToCandidate
2019-08-20 15:04:19,632 [Thread-505] INFO  impl.RoleInfo (RoleInfo.java:updateAndGet(143)) - c8a52875-dc52-43bc-af24-370bbdbe5589: start LeaderElection
2019-08-20 15:04:19,668 [c8a52875-dc52-43bc-af24-370bbdbe5589:group-148C6D2B3700:LeaderElection16] INFO  impl.LeaderElection (LeaderElection.java:askForVotes(181)) - c8a52875-dc52-43bc-af24-370bbdbe5589:group-148C6D2B3700:LeaderElection16: begin an election at term 7 for 0: [36e09339-9dd8-4013-a821-6974d22e740b:192.168.5.139:37692, 2923d27d-94e5-4a4d-9917-f06e3e9de6d6:192.168.5.139:36527, c8a52875-dc52-43bc-af24-370bbdbe5589:192.168.5.139:38327], old=null
2019-08-20 15:04:19,671 [c8a52875-dc52-43bc-af24-370bbdbe5589:group-148C6D2B3700:LeaderElection16] INFO  impl.LeaderElection (LogUtils.java:infoOrTrace(149)) - c8a52875-dc52-43bc-af24-370bbdbe5589:group-148C6D2B3700:LeaderElection16 got exception when requesting votes: {}
java.util.concurrent.ExecutionException: org.apache.ratis.thirdparty.io.grpc.StatusRuntimeException: UNAVAILABLE: io exception
	at java.util.concurrent.FutureTask.report(FutureTask.java:122)
	at java.util.concurrent.FutureTask.get(FutureTask.java:192)
	at org.apache.ratis.server.impl.LeaderElection.waitForResults(LeaderElection.java:262)
	at org.apache.ratis.server.impl.LeaderElection.askForVotes(LeaderElection.java:200)
	at org.apache.ratis.server.impl.LeaderElection.run(LeaderElection.java:130)
	at java.lang.Thread.run(Thread.java:748)
Caused by: org.apache.ratis.thirdparty.io.grpc.StatusRuntimeException: UNAVAILABLE: io exception
	at org.apache.ratis.thirdparty.io.grpc.stub.ClientCalls.toStatusRuntimeException(ClientCalls.java:233)
	at org.apache.ratis.thirdparty.io.grpc.stub.ClientCalls.getUnchecked(ClientCalls.java:214)
	at org.apache.ratis.thirdparty.io.grpc.stub.ClientCalls.blockingUnaryCall(ClientCalls.java:139)
	at org.apache.ratis.proto.grpc.RaftServerProtocolServiceGrpc$RaftServerProtocolServiceBlockingStub.requestVote(RaftServerProtocolServiceGrpc.java:265)
	at org.apache.ratis.grpc.server.GrpcServerProtocolClient.requestVote(GrpcServerProtocolClient.java:83)
	at org.apache.ratis.grpc.server.GrpcService.requestVote(GrpcService.java:195)
	at org.apache.ratis.server.impl.LeaderElection.lambda$submitRequests$1(LeaderElection.java:237)
	at java.util.concurrent.FutureTask.run(FutureTask.java:266)
	at java.util.concurrent.Executors$RunnableAdapter.call(Executors.java:511)
	at java.util.concurrent.FutureTask.run(FutureTask.java:266)
	at java.util.concurrent.ThreadPoolExecutor.runWorker(ThreadPoolExecutor.java:1149)
	at java.util.concurrent.ThreadPoolExecutor$Worker.run(ThreadPoolExecutor.java:624)
	... 1 more
Caused by: org.apache.ratis.thirdparty.io.netty.channel.AbstractChannel$AnnotatedConnectException: Connection refused: /192.168.5.139:36527
	at sun.nio.ch.SocketChannelImpl.checkConnect(Native Method)
	at sun.nio.ch.SocketChannelImpl.finishConnect(SocketChannelImpl.java:717)
	at org.apache.ratis.thirdparty.io.netty.channel.socket.nio.NioSocketChannel.doFinishConnect(NioSocketChannel.java:327)
	at org.apache.ratis.thirdparty.io.netty.channel.nio.AbstractNioChannel$AbstractNioUnsafe.finishConnect(AbstractNioChannel.java:340)
	at org.apache.ratis.thirdparty.io.netty.channel.nio.NioEventLoop.processSelectedKey(NioEventLoop.java:632)
	at org.apache.ratis.thirdparty.io.netty.channel.nio.NioEventLoop.processSelectedKeysOptimized(NioEventLoop.java:579)
	at org.apache.ratis.thirdparty.io.netty.channel.nio.NioEventLoop.processSelectedKeys(NioEventLoop.java:496)
	at org.apache.ratis.thirdparty.io.netty.channel.nio.NioEventLoop.run(NioEventLoop.java:458)
	at org.apache.ratis.thirdparty.io.netty.util.concurrent.SingleThreadEventExecutor$5.run(SingleThreadEventExecutor.java:897)
	at org.apache.ratis.thirdparty.io.netty.util.concurrent.FastThreadLocalRunnable.run(FastThreadLocalRunnable.java:30)
	... 1 more
Caused by: java.net.ConnectException: Connection refused
	... 11 more
2019-08-20 15:04:19,673 [c8a52875-dc52-43bc-af24-370bbdbe5589:group-148C6D2B3700:LeaderElection16] INFO  impl.LeaderElection (LogUtils.java:infoOrTrace(149)) - c8a52875-dc52-43bc-af24-370bbdbe5589:group-148C6D2B3700:LeaderElection16 got exception when requesting votes: {}
java.util.concurrent.ExecutionException: org.apache.ratis.thirdparty.io.grpc.StatusRuntimeException: UNAVAILABLE: io exception
	at java.util.concurrent.FutureTask.report(FutureTask.java:122)
	at java.util.concurrent.FutureTask.get(FutureTask.java:192)
	at org.apache.ratis.server.impl.LeaderElection.waitForResults(LeaderElection.java:262)
	at org.apache.ratis.server.impl.LeaderElection.askForVotes(LeaderElection.java:200)
	at org.apache.ratis.server.impl.LeaderElection.run(LeaderElection.java:130)
	at java.lang.Thread.run(Thread.java:748)
Caused by: org.apache.ratis.thirdparty.io.grpc.StatusRuntimeException: UNAVAILABLE: io exception
	at org.apache.ratis.thirdparty.io.grpc.stub.ClientCalls.toStatusRuntimeException(ClientCalls.java:233)
	at org.apache.ratis.thirdparty.io.grpc.stub.ClientCalls.getUnchecked(ClientCalls.java:214)
	at org.apache.ratis.thirdparty.io.grpc.stub.ClientCalls.blockingUnaryCall(ClientCalls.java:139)
	at org.apache.ratis.proto.grpc.RaftServerProtocolServiceGrpc$RaftServerProtocolServiceBlockingStub.requestVote(RaftServerProtocolServiceGrpc.java:265)
	at org.apache.ratis.grpc.server.GrpcServerProtocolClient.requestVote(GrpcServerProtocolClient.java:83)
	at org.apache.ratis.grpc.server.GrpcService.requestVote(GrpcService.java:195)
	at org.apache.ratis.server.impl.LeaderElection.lambda$submitRequests$1(LeaderElection.java:237)
	at java.util.concurrent.FutureTask.run(FutureTask.java:266)
	at java.util.concurrent.Executors$RunnableAdapter.call(Executors.java:511)
	at java.util.concurrent.FutureTask.run(FutureTask.java:266)
	at java.util.concurrent.ThreadPoolExecutor.runWorker(ThreadPoolExecutor.java:1149)
	at java.util.concurrent.ThreadPoolExecutor$Worker.run(ThreadPoolExecutor.java:624)
	... 1 more
Caused by: org.apache.ratis.thirdparty.io.netty.channel.AbstractChannel$AnnotatedConnectException: Connection refused: /192.168.5.139:37692
	at sun.nio.ch.SocketChannelImpl.checkConnect(Native Method)
	at sun.nio.ch.SocketChannelImpl.finishConnect(SocketChannelImpl.java:717)
	at org.apache.ratis.thirdparty.io.netty.channel.socket.nio.NioSocketChannel.doFinishConnect(NioSocketChannel.java:327)
	at org.apache.ratis.thirdparty.io.netty.channel.nio.AbstractNioChannel$AbstractNioUnsafe.finishConnect(AbstractNioChannel.java:340)
	at org.apache.ratis.thirdparty.io.netty.channel.nio.NioEventLoop.processSelectedKey(NioEventLoop.java:632)
	at org.apache.ratis.thirdparty.io.netty.channel.nio.NioEventLoop.processSelectedKeysOptimized(NioEventLoop.java:579)
	at org.apache.ratis.thirdparty.io.netty.channel.nio.NioEventLoop.processSelectedKeys(NioEventLoop.java:496)
	at org.apache.ratis.thirdparty.io.netty.channel.nio.NioEventLoop.run(NioEventLoop.java:458)
	at org.apache.ratis.thirdparty.io.netty.util.concurrent.SingleThreadEventExecutor$5.run(SingleThreadEventExecutor.java:897)
	at org.apache.ratis.thirdparty.io.netty.util.concurrent.FastThreadLocalRunnable.run(FastThreadLocalRunnable.java:30)
	... 1 more
Caused by: java.net.ConnectException: Connection refused
	... 11 more
2019-08-20 15:04:19,676 [c8a52875-dc52-43bc-af24-370bbdbe5589:group-148C6D2B3700:LeaderElection16] INFO  impl.LeaderElection (LeaderElection.java:logAndReturn(56)) - c8a52875-dc52-43bc-af24-370bbdbe5589:group-148C6D2B3700:LeaderElection16: Election REJECTED; received 0 response(s) [] and 2 exception(s); c8a52875-dc52-43bc-af24-370bbdbe5589:t7, leader=null, voted=c8a52875-dc52-43bc-af24-370bbdbe5589, raftlog=c8a52875-dc52-43bc-af24-370bbdbe5589-SegmentedRaftLog:OPENED:c16,f16,i16, conf=0: [36e09339-9dd8-4013-a821-6974d22e740b:192.168.5.139:37692, 2923d27d-94e5-4a4d-9917-f06e3e9de6d6:192.168.5.139:36527, c8a52875-dc52-43bc-af24-370bbdbe5589:192.168.5.139:38327], old=null
2019-08-20 15:04:19,676 [c8a52875-dc52-43bc-af24-370bbdbe5589:group-148C6D2B3700:LeaderElection16] INFO  impl.LeaderElection (LogUtils.java:infoOrTrace(149)) -   Exception 0: {}
java.util.concurrent.ExecutionException: org.apache.ratis.thirdparty.io.grpc.StatusRuntimeException: UNAVAILABLE: io exception
	at java.util.concurrent.FutureTask.report(FutureTask.java:122)
	at java.util.concurrent.FutureTask.get(FutureTask.java:192)
	at org.apache.ratis.server.impl.LeaderElection.waitForResults(LeaderElection.java:262)
	at org.apache.ratis.server.impl.LeaderElection.askForVotes(LeaderElection.java:200)
	at org.apache.ratis.server.impl.LeaderElection.run(LeaderElection.java:130)
	at java.lang.Thread.run(Thread.java:748)
Caused by: org.apache.ratis.thirdparty.io.grpc.StatusRuntimeException: UNAVAILABLE: io exception
	at org.apache.ratis.thirdparty.io.grpc.stub.ClientCalls.toStatusRuntimeException(ClientCalls.java:233)
	at org.apache.ratis.thirdparty.io.grpc.stub.ClientCalls.getUnchecked(ClientCalls.java:214)
	at org.apache.ratis.thirdparty.io.grpc.stub.ClientCalls.blockingUnaryCall(ClientCalls.java:139)
	at org.apache.ratis.proto.grpc.RaftServerProtocolServiceGrpc$RaftServerProtocolServiceBlockingStub.requestVote(RaftServerProtocolServiceGrpc.java:265)
	at org.apache.ratis.grpc.server.GrpcServerProtocolClient.requestVote(GrpcServerProtocolClient.java:83)
	at org.apache.ratis.grpc.server.GrpcService.requestVote(GrpcService.java:195)
	at org.apache.ratis.server.impl.LeaderElection.lambda$submitRequests$1(LeaderElection.java:237)
	at java.util.concurrent.FutureTask.run(FutureTask.java:266)
	at java.util.concurrent.Executors$RunnableAdapter.call(Executors.java:511)
	at java.util.concurrent.FutureTask.run(FutureTask.java:266)
	at java.util.concurrent.ThreadPoolExecutor.runWorker(ThreadPoolExecutor.java:1149)
	at java.util.concurrent.ThreadPoolExecutor$Worker.run(ThreadPoolExecutor.java:624)
	... 1 more
Caused by: org.apache.ratis.thirdparty.io.netty.channel.AbstractChannel$AnnotatedConnectException: Connection refused: /192.168.5.139:36527
	at sun.nio.ch.SocketChannelImpl.checkConnect(Native Method)
	at sun.nio.ch.SocketChannelImpl.finishConnect(SocketChannelImpl.java:717)
	at org.apache.ratis.thirdparty.io.netty.channel.socket.nio.NioSocketChannel.doFinishConnect(NioSocketChannel.java:327)
	at org.apache.ratis.thirdparty.io.netty.channel.nio.AbstractNioChannel$AbstractNioUnsafe.finishConnect(AbstractNioChannel.java:340)
	at org.apache.ratis.thirdparty.io.netty.channel.nio.NioEventLoop.processSelectedKey(NioEventLoop.java:632)
	at org.apache.ratis.thirdparty.io.netty.channel.nio.NioEventLoop.processSelectedKeysOptimized(NioEventLoop.java:579)
	at org.apache.ratis.thirdparty.io.netty.channel.nio.NioEventLoop.processSelectedKeys(NioEventLoop.java:496)
	at org.apache.ratis.thirdparty.io.netty.channel.nio.NioEventLoop.run(NioEventLoop.java:458)
	at org.apache.ratis.thirdparty.io.netty.util.concurrent.SingleThreadEventExecutor$5.run(SingleThreadEventExecutor.java:897)
	at org.apache.ratis.thirdparty.io.netty.util.concurrent.FastThreadLocalRunnable.run(FastThreadLocalRunnable.java:30)
	... 1 more
Caused by: java.net.ConnectException: Connection refused
	... 11 more
2019-08-20 15:04:19,676 [c8a52875-dc52-43bc-af24-370bbdbe5589:group-148C6D2B3700:LeaderElection16] INFO  impl.LeaderElection (LogUtils.java:infoOrTrace(149)) -   Exception 1: {}
java.util.concurrent.ExecutionException: org.apache.ratis.thirdparty.io.grpc.StatusRuntimeException: UNAVAILABLE: io exception
	at java.util.concurrent.FutureTask.report(FutureTask.java:122)
	at java.util.concurrent.FutureTask.get(FutureTask.java:192)
	at org.apache.ratis.server.impl.LeaderElection.waitForResults(LeaderElection.java:262)
	at org.apache.ratis.server.impl.LeaderElection.askForVotes(LeaderElection.java:200)
	at org.apache.ratis.server.impl.LeaderElection.run(LeaderElection.java:130)
	at java.lang.Thread.run(Thread.java:748)
Caused by: org.apache.ratis.thirdparty.io.grpc.StatusRuntimeException: UNAVAILABLE: io exception
	at org.apache.ratis.thirdparty.io.grpc.stub.ClientCalls.toStatusRuntimeException(ClientCalls.java:233)
	at org.apache.ratis.thirdparty.io.grpc.stub.ClientCalls.getUnchecked(ClientCalls.java:214)
	at org.apache.ratis.thirdparty.io.grpc.stub.ClientCalls.blockingUnaryCall(ClientCalls.java:139)
	at org.apache.ratis.proto.grpc.RaftServerProtocolServiceGrpc$RaftServerProtocolServiceBlockingStub.requestVote(RaftServerProtocolServiceGrpc.java:265)
	at org.apache.ratis.grpc.server.GrpcServerProtocolClient.requestVote(GrpcServerProtocolClient.java:83)
	at org.apache.ratis.grpc.server.GrpcService.requestVote(GrpcService.java:195)
	at org.apache.ratis.server.impl.LeaderElection.lambda$submitRequests$1(LeaderElection.java:237)
	at java.util.concurrent.FutureTask.run(FutureTask.java:266)
	at java.util.concurrent.Executors$RunnableAdapter.call(Executors.java:511)
	at java.util.concurrent.FutureTask.run(FutureTask.java:266)
	at java.util.concurrent.ThreadPoolExecutor.runWorker(ThreadPoolExecutor.java:1149)
	at java.util.concurrent.ThreadPoolExecutor$Worker.run(ThreadPoolExecutor.java:624)
	... 1 more
Caused by: org.apache.ratis.thirdparty.io.netty.channel.AbstractChannel$AnnotatedConnectException: Connection refused: /192.168.5.139:37692
	at sun.nio.ch.SocketChannelImpl.checkConnect(Native Method)
	at sun.nio.ch.SocketChannelImpl.finishConnect(SocketChannelImpl.java:717)
	at org.apache.ratis.thirdparty.io.netty.channel.socket.nio.NioSocketChannel.doFinishConnect(NioSocketChannel.java:327)
	at org.apache.ratis.thirdparty.io.netty.channel.nio.AbstractNioChannel$AbstractNioUnsafe.finishConnect(AbstractNioChannel.java:340)
	at org.apache.ratis.thirdparty.io.netty.channel.nio.NioEventLoop.processSelectedKey(NioEventLoop.java:632)
	at org.apache.ratis.thirdparty.io.netty.channel.nio.NioEventLoop.processSelectedKeysOptimized(NioEventLoop.java:579)
	at org.apache.ratis.thirdparty.io.netty.channel.nio.NioEventLoop.processSelectedKeys(NioEventLoop.java:496)
	at org.apache.ratis.thirdparty.io.netty.channel.nio.NioEventLoop.run(NioEventLoop.java:458)
	at org.apache.ratis.thirdparty.io.netty.util.concurrent.SingleThreadEventExecutor$5.run(SingleThreadEventExecutor.java:897)
	at org.apache.ratis.thirdparty.io.netty.util.concurrent.FastThreadLocalRunnable.run(FastThreadLocalRunnable.java:30)
	... 1 more
Caused by: java.net.ConnectException: Connection refused
	... 11 more
2019-08-20 15:04:19,677 [c8a52875-dc52-43bc-af24-370bbdbe5589:group-148C6D2B3700:LeaderElection16] INFO  impl.RaftServerImpl (RaftServerImpl.java:setRole(171)) - c8a52875-dc52-43bc-af24-370bbdbe5589:group-148C6D2B3700 changes role from CANDIDATE to FOLLOWER at term 7 for DISCOVERED_A_NEW_TERM
2019-08-20 15:04:19,678 [c8a52875-dc52-43bc-af24-370bbdbe5589:group-148C6D2B3700:LeaderElection16] INFO  impl.RoleInfo (RoleInfo.java:shutdownLeaderElection(134)) - c8a52875-dc52-43bc-af24-370bbdbe5589: shutdown LeaderElection
2019-08-20 15:04:19,679 [c8a52875-dc52-43bc-af24-370bbdbe5589:group-148C6D2B3700:LeaderElection16] INFO  impl.RoleInfo (RoleInfo.java:updateAndGet(143)) - c8a52875-dc52-43bc-af24-370bbdbe5589: start FollowerState
2019-08-20 15:04:19,759 | INFO  | SCMAudit | user=jenkins1000 | ip=192.168.5.139 | op=SEND_HEARTBEAT {datanodeUUID=81e6f177-0aa0-4cea-a559-904193532cd7, command=[]} | ret=SUCCESS |  
2019-08-20 15:04:19,930 | INFO  | SCMAudit | user=jenkins1000 | ip=192.168.5.139 | op=SEND_HEARTBEAT {datanodeUUID=fb8329f7-6337-4286-bcd2-d612923e448c, command=[]} | ret=SUCCESS |  
2019-08-20 15:04:19,974 | INFO  | SCMAudit | user=jenkins1000 | ip=192.168.5.139 | op=SEND_HEARTBEAT {datanodeUUID=c8a52875-dc52-43bc-af24-370bbdbe5589, command=[]} | ret=SUCCESS |  
2019-08-20 15:04:20,334 | INFO  | SCMAudit | user=jenkins1000 | ip=192.168.5.139 | op=SEND_HEARTBEAT {datanodeUUID=6a1036d9-12c3-40f5-8094-5440fe3d038e, command=[]} | ret=SUCCESS |  
2019-08-20 15:04:20,597 | INFO  | SCMAudit | user=jenkins1000 | ip=192.168.5.139 | op=SEND_HEARTBEAT {datanodeUUID=a2d6af90-c3d5-480c-824b-ae12d5e723ac, command=[]} | ret=SUCCESS |  
2019-08-20 15:04:20,759 | INFO  | SCMAudit | user=jenkins1000 | ip=192.168.5.139 | op=SEND_HEARTBEAT {datanodeUUID=81e6f177-0aa0-4cea-a559-904193532cd7, command=[]} | ret=SUCCESS |  
2019-08-20 15:04:20,930 | INFO  | SCMAudit | user=jenkins1000 | ip=192.168.5.139 | op=SEND_HEARTBEAT {datanodeUUID=fb8329f7-6337-4286-bcd2-d612923e448c, command=[]} | ret=SUCCESS |  
2019-08-20 15:04:20,974 | INFO  | SCMAudit | user=jenkins1000 | ip=192.168.5.139 | op=SEND_HEARTBEAT {datanodeUUID=c8a52875-dc52-43bc-af24-370bbdbe5589, command=[]} | ret=SUCCESS |  
2019-08-20 15:04:21,334 | INFO  | SCMAudit | user=jenkins1000 | ip=192.168.5.139 | op=SEND_HEARTBEAT {datanodeUUID=6a1036d9-12c3-40f5-8094-5440fe3d038e, command=[]} | ret=SUCCESS |  
2019-08-20 15:04:21,597 | INFO  | SCMAudit | user=jenkins1000 | ip=192.168.5.139 | op=SEND_HEARTBEAT {datanodeUUID=a2d6af90-c3d5-480c-824b-ae12d5e723ac, command=[]} | ret=SUCCESS |  
2019-08-20 15:04:21,758 | INFO  | SCMAudit | user=jenkins1000 | ip=192.168.5.139 | op=SEND_HEARTBEAT {datanodeUUID=81e6f177-0aa0-4cea-a559-904193532cd7, command=[]} | ret=SUCCESS |  
2019-08-20 15:04:21,911 [grpc-default-executor-2] INFO  client.GrpcClientProtocolClient (GrpcClientProtocolClient.java:onNext(255)) - client-B5C9F3766F48->c8a52875-dc52-43bc-af24-370bbdbe5589: receive RaftClientReply:client-B5C9F3766F48->c8a52875-dc52-43bc-af24-370bbdbe5589@group-148C6D2B3700, cid=22, FAILED org.apache.ratis.protocol.NotLeaderException: Server c8a52875-dc52-43bc-af24-370bbdbe5589 is not the leader (null). Request must be sent to leader., logIndex=0, commits[c8a52875-dc52-43bc-af24-370bbdbe5589:c16, 36e09339-9dd8-4013-a821-6974d22e740b:c16, 2923d27d-94e5-4a4d-9917-f06e3e9de6d6:c16]
2019-08-20 15:04:21,930 | INFO  | SCMAudit | user=jenkins1000 | ip=192.168.5.139 | op=SEND_HEARTBEAT {datanodeUUID=fb8329f7-6337-4286-bcd2-d612923e448c, command=[]} | ret=SUCCESS |  
2019-08-20 15:04:21,974 | INFO  | SCMAudit | user=jenkins1000 | ip=192.168.5.139 | op=SEND_HEARTBEAT {datanodeUUID=c8a52875-dc52-43bc-af24-370bbdbe5589, command=[]} | ret=SUCCESS |  
2019-08-20 15:04:22,334 | INFO  | SCMAudit | user=jenkins1000 | ip=192.168.5.139 | op=SEND_HEARTBEAT {datanodeUUID=6a1036d9-12c3-40f5-8094-5440fe3d038e, command=[]} | ret=SUCCESS |  
2019-08-20 15:04:22,597 | INFO  | SCMAudit | user=jenkins1000 | ip=192.168.5.139 | op=SEND_HEARTBEAT {datanodeUUID=a2d6af90-c3d5-480c-824b-ae12d5e723ac, command=[]} | ret=SUCCESS |  
2019-08-20 15:04:22,758 | INFO  | SCMAudit | user=jenkins1000 | ip=192.168.5.139 | op=SEND_HEARTBEAT {datanodeUUID=81e6f177-0aa0-4cea-a559-904193532cd7, command=[]} | ret=SUCCESS |  
2019-08-20 15:04:22,931 | INFO  | SCMAudit | user=jenkins1000 | ip=192.168.5.139 | op=SEND_HEARTBEAT {datanodeUUID=fb8329f7-6337-4286-bcd2-d612923e448c, command=[]} | ret=SUCCESS |  
2019-08-20 15:04:22,975 | INFO  | SCMAudit | user=jenkins1000 | ip=192.168.5.139 | op=SEND_HEARTBEAT {datanodeUUID=c8a52875-dc52-43bc-af24-370bbdbe5589, command=[]} | ret=SUCCESS |  
2019-08-20 15:04:23,334 | INFO  | SCMAudit | user=jenkins1000 | ip=192.168.5.139 | op=SEND_HEARTBEAT {datanodeUUID=6a1036d9-12c3-40f5-8094-5440fe3d038e, command=[]} | ret=SUCCESS |  
2019-08-20 15:04:23,597 | INFO  | SCMAudit | user=jenkins1000 | ip=192.168.5.139 | op=SEND_HEARTBEAT {datanodeUUID=a2d6af90-c3d5-480c-824b-ae12d5e723ac, command=[]} | ret=SUCCESS |  
2019-08-20 15:04:23,758 | INFO  | SCMAudit | user=jenkins1000 | ip=192.168.5.139 | op=SEND_HEARTBEAT {datanodeUUID=81e6f177-0aa0-4cea-a559-904193532cd7, command=[]} | ret=SUCCESS |  
2019-08-20 15:04:23,931 | INFO  | SCMAudit | user=jenkins1000 | ip=192.168.5.139 | op=SEND_HEARTBEAT {datanodeUUID=fb8329f7-6337-4286-bcd2-d612923e448c, command=[]} | ret=SUCCESS |  
2019-08-20 15:04:23,974 | INFO  | SCMAudit | user=jenkins1000 | ip=192.168.5.139 | op=SEND_HEARTBEAT {datanodeUUID=c8a52875-dc52-43bc-af24-370bbdbe5589, command=[]} | ret=SUCCESS |  
2019-08-20 15:04:24,333 | INFO  | SCMAudit | user=jenkins1000 | ip=192.168.5.139 | op=SEND_HEARTBEAT {datanodeUUID=6a1036d9-12c3-40f5-8094-5440fe3d038e, command=[]} | ret=SUCCESS |  
2019-08-20 15:04:24,598 | INFO  | SCMAudit | user=jenkins1000 | ip=192.168.5.139 | op=SEND_HEARTBEAT {datanodeUUID=a2d6af90-c3d5-480c-824b-ae12d5e723ac, command=[]} | ret=SUCCESS |  
2019-08-20 15:04:24,759 | INFO  | SCMAudit | user=jenkins1000 | ip=192.168.5.139 | op=SEND_HEARTBEAT {datanodeUUID=81e6f177-0aa0-4cea-a559-904193532cd7, command=[]} | ret=SUCCESS |  
2019-08-20 15:04:24,879 [Thread-525] INFO  impl.FollowerState (FollowerState.java:run(106)) - c8a52875-dc52-43bc-af24-370bbdbe5589:group-148C6D2B3700 changes to CANDIDATE, lastRpcTime:5200, electionTimeout:5198ms
2019-08-20 15:04:24,879 [Thread-525] INFO  impl.RoleInfo (RoleInfo.java:shutdownFollowerState(121)) - c8a52875-dc52-43bc-af24-370bbdbe5589: shutdown FollowerState
2019-08-20 15:04:24,879 [Thread-525] INFO  impl.RaftServerImpl (RaftServerImpl.java:setRole(171)) - c8a52875-dc52-43bc-af24-370bbdbe5589:group-148C6D2B3700 changes role from FOLLOWER to CANDIDATE at term 7 for changeToCandidate
2019-08-20 15:04:24,879 [Thread-525] INFO  impl.RoleInfo (RoleInfo.java:updateAndGet(143)) - c8a52875-dc52-43bc-af24-370bbdbe5589: start LeaderElection
2019-08-20 15:04:24,899 [c8a52875-dc52-43bc-af24-370bbdbe5589:group-148C6D2B3700:LeaderElection17] INFO  impl.LeaderElection (LeaderElection.java:askForVotes(181)) - c8a52875-dc52-43bc-af24-370bbdbe5589:group-148C6D2B3700:LeaderElection17: begin an election at term 8 for 0: [36e09339-9dd8-4013-a821-6974d22e740b:192.168.5.139:37692, 2923d27d-94e5-4a4d-9917-f06e3e9de6d6:192.168.5.139:36527, c8a52875-dc52-43bc-af24-370bbdbe5589:192.168.5.139:38327], old=null
2019-08-20 15:04:24,900 [c8a52875-dc52-43bc-af24-370bbdbe5589:group-148C6D2B3700:LeaderElection17] INFO  impl.LeaderElection (LogUtils.java:infoOrTrace(149)) - c8a52875-dc52-43bc-af24-370bbdbe5589:group-148C6D2B3700:LeaderElection17 got exception when requesting votes: {}
java.util.concurrent.ExecutionException: org.apache.ratis.thirdparty.io.grpc.StatusRuntimeException: UNAVAILABLE: io exception
	at java.util.concurrent.FutureTask.report(FutureTask.java:122)
	at java.util.concurrent.FutureTask.get(FutureTask.java:192)
	at org.apache.ratis.server.impl.LeaderElection.waitForResults(LeaderElection.java:262)
	at org.apache.ratis.server.impl.LeaderElection.askForVotes(LeaderElection.java:200)
	at org.apache.ratis.server.impl.LeaderElection.run(LeaderElection.java:130)
	at java.lang.Thread.run(Thread.java:748)
Caused by: org.apache.ratis.thirdparty.io.grpc.StatusRuntimeException: UNAVAILABLE: io exception
	at org.apache.ratis.thirdparty.io.grpc.stub.ClientCalls.toStatusRuntimeException(ClientCalls.java:233)
	at org.apache.ratis.thirdparty.io.grpc.stub.ClientCalls.getUnchecked(ClientCalls.java:214)
	at org.apache.ratis.thirdparty.io.grpc.stub.ClientCalls.blockingUnaryCall(ClientCalls.java:139)
	at org.apache.ratis.proto.grpc.RaftServerProtocolServiceGrpc$RaftServerProtocolServiceBlockingStub.requestVote(RaftServerProtocolServiceGrpc.java:265)
	at org.apache.ratis.grpc.server.GrpcServerProtocolClient.requestVote(GrpcServerProtocolClient.java:83)
	at org.apache.ratis.grpc.server.GrpcService.requestVote(GrpcService.java:195)
	at org.apache.ratis.server.impl.LeaderElection.lambda$submitRequests$1(LeaderElection.java:237)
	at java.util.concurrent.FutureTask.run(FutureTask.java:266)
	at java.util.concurrent.Executors$RunnableAdapter.call(Executors.java:511)
	at java.util.concurrent.FutureTask.run(FutureTask.java:266)
	at java.util.concurrent.ThreadPoolExecutor.runWorker(ThreadPoolExecutor.java:1149)
	at java.util.concurrent.ThreadPoolExecutor$Worker.run(ThreadPoolExecutor.java:624)
	... 1 more
Caused by: org.apache.ratis.thirdparty.io.netty.channel.AbstractChannel$AnnotatedConnectException: Connection refused: /192.168.5.139:36527
	at sun.nio.ch.SocketChannelImpl.checkConnect(Native Method)
	at sun.nio.ch.SocketChannelImpl.finishConnect(SocketChannelImpl.java:717)
	at org.apache.ratis.thirdparty.io.netty.channel.socket.nio.NioSocketChannel.doFinishConnect(NioSocketChannel.java:327)
	at org.apache.ratis.thirdparty.io.netty.channel.nio.AbstractNioChannel$AbstractNioUnsafe.finishConnect(AbstractNioChannel.java:340)
	at org.apache.ratis.thirdparty.io.netty.channel.nio.NioEventLoop.processSelectedKey(NioEventLoop.java:632)
	at org.apache.ratis.thirdparty.io.netty.channel.nio.NioEventLoop.processSelectedKeysOptimized(NioEventLoop.java:579)
	at org.apache.ratis.thirdparty.io.netty.channel.nio.NioEventLoop.processSelectedKeys(NioEventLoop.java:496)
	at org.apache.ratis.thirdparty.io.netty.channel.nio.NioEventLoop.run(NioEventLoop.java:458)
	at org.apache.ratis.thirdparty.io.netty.util.concurrent.SingleThreadEventExecutor$5.run(SingleThreadEventExecutor.java:897)
	at org.apache.ratis.thirdparty.io.netty.util.concurrent.FastThreadLocalRunnable.run(FastThreadLocalRunnable.java:30)
	... 1 more
Caused by: java.net.ConnectException: Connection refused
	... 11 more
2019-08-20 15:04:24,903 [c8a52875-dc52-43bc-af24-370bbdbe5589:group-148C6D2B3700:LeaderElection17] INFO  impl.LeaderElection (LogUtils.java:infoOrTrace(149)) - c8a52875-dc52-43bc-af24-370bbdbe5589:group-148C6D2B3700:LeaderElection17 got exception when requesting votes: {}
java.util.concurrent.ExecutionException: org.apache.ratis.thirdparty.io.grpc.StatusRuntimeException: UNAVAILABLE: io exception
	at java.util.concurrent.FutureTask.report(FutureTask.java:122)
	at java.util.concurrent.FutureTask.get(FutureTask.java:192)
	at org.apache.ratis.server.impl.LeaderElection.waitForResults(LeaderElection.java:262)
	at org.apache.ratis.server.impl.LeaderElection.askForVotes(LeaderElection.java:200)
	at org.apache.ratis.server.impl.LeaderElection.run(LeaderElection.java:130)
	at java.lang.Thread.run(Thread.java:748)
Caused by: org.apache.ratis.thirdparty.io.grpc.StatusRuntimeException: UNAVAILABLE: io exception
	at org.apache.ratis.thirdparty.io.grpc.stub.ClientCalls.toStatusRuntimeException(ClientCalls.java:233)
	at org.apache.ratis.thirdparty.io.grpc.stub.ClientCalls.getUnchecked(ClientCalls.java:214)
	at org.apache.ratis.thirdparty.io.grpc.stub.ClientCalls.blockingUnaryCall(ClientCalls.java:139)
	at org.apache.ratis.proto.grpc.RaftServerProtocolServiceGrpc$RaftServerProtocolServiceBlockingStub.requestVote(RaftServerProtocolServiceGrpc.java:265)
	at org.apache.ratis.grpc.server.GrpcServerProtocolClient.requestVote(GrpcServerProtocolClient.java:83)
	at org.apache.ratis.grpc.server.GrpcService.requestVote(GrpcService.java:195)
	at org.apache.ratis.server.impl.LeaderElection.lambda$submitRequests$1(LeaderElection.java:237)
	at java.util.concurrent.FutureTask.run(FutureTask.java:266)
	at java.util.concurrent.Executors$RunnableAdapter.call(Executors.java:511)
	at java.util.concurrent.FutureTask.run(FutureTask.java:266)
	at java.util.concurrent.ThreadPoolExecutor.runWorker(ThreadPoolExecutor.java:1149)
	at java.util.concurrent.ThreadPoolExecutor$Worker.run(ThreadPoolExecutor.java:624)
	... 1 more
Caused by: org.apache.ratis.thirdparty.io.netty.channel.AbstractChannel$AnnotatedConnectException: Connection refused: /192.168.5.139:37692
	at sun.nio.ch.SocketChannelImpl.checkConnect(Native Method)
	at sun.nio.ch.SocketChannelImpl.finishConnect(SocketChannelImpl.java:717)
	at org.apache.ratis.thirdparty.io.netty.channel.socket.nio.NioSocketChannel.doFinishConnect(NioSocketChannel.java:327)
	at org.apache.ratis.thirdparty.io.netty.channel.nio.AbstractNioChannel$AbstractNioUnsafe.finishConnect(AbstractNioChannel.java:340)
	at org.apache.ratis.thirdparty.io.netty.channel.nio.NioEventLoop.processSelectedKey(NioEventLoop.java:632)
	at org.apache.ratis.thirdparty.io.netty.channel.nio.NioEventLoop.processSelectedKeysOptimized(NioEventLoop.java:579)
	at org.apache.ratis.thirdparty.io.netty.channel.nio.NioEventLoop.processSelectedKeys(NioEventLoop.java:496)
	at org.apache.ratis.thirdparty.io.netty.channel.nio.NioEventLoop.run(NioEventLoop.java:458)
	at org.apache.ratis.thirdparty.io.netty.util.concurrent.SingleThreadEventExecutor$5.run(SingleThreadEventExecutor.java:897)
	at org.apache.ratis.thirdparty.io.netty.util.concurrent.FastThreadLocalRunnable.run(FastThreadLocalRunnable.java:30)
	... 1 more
Caused by: java.net.ConnectException: Connection refused
	... 11 more
2019-08-20 15:04:24,905 [c8a52875-dc52-43bc-af24-370bbdbe5589:group-148C6D2B3700:LeaderElection17] INFO  impl.LeaderElection (LeaderElection.java:logAndReturn(56)) - c8a52875-dc52-43bc-af24-370bbdbe5589:group-148C6D2B3700:LeaderElection17: Election REJECTED; received 0 response(s) [] and 2 exception(s); c8a52875-dc52-43bc-af24-370bbdbe5589:t8, leader=null, voted=c8a52875-dc52-43bc-af24-370bbdbe5589, raftlog=c8a52875-dc52-43bc-af24-370bbdbe5589-SegmentedRaftLog:OPENED:c16,f16,i16, conf=0: [36e09339-9dd8-4013-a821-6974d22e740b:192.168.5.139:37692, 2923d27d-94e5-4a4d-9917-f06e3e9de6d6:192.168.5.139:36527, c8a52875-dc52-43bc-af24-370bbdbe5589:192.168.5.139:38327], old=null
2019-08-20 15:04:24,905 [c8a52875-dc52-43bc-af24-370bbdbe5589:group-148C6D2B3700:LeaderElection17] INFO  impl.LeaderElection (LogUtils.java:infoOrTrace(149)) -   Exception 0: {}
java.util.concurrent.ExecutionException: org.apache.ratis.thirdparty.io.grpc.StatusRuntimeException: UNAVAILABLE: io exception
	at java.util.concurrent.FutureTask.report(FutureTask.java:122)
	at java.util.concurrent.FutureTask.get(FutureTask.java:192)
	at org.apache.ratis.server.impl.LeaderElection.waitForResults(LeaderElection.java:262)
	at org.apache.ratis.server.impl.LeaderElection.askForVotes(LeaderElection.java:200)
	at org.apache.ratis.server.impl.LeaderElection.run(LeaderElection.java:130)
	at java.lang.Thread.run(Thread.java:748)
Caused by: org.apache.ratis.thirdparty.io.grpc.StatusRuntimeException: UNAVAILABLE: io exception
	at org.apache.ratis.thirdparty.io.grpc.stub.ClientCalls.toStatusRuntimeException(ClientCalls.java:233)
	at org.apache.ratis.thirdparty.io.grpc.stub.ClientCalls.getUnchecked(ClientCalls.java:214)
	at org.apache.ratis.thirdparty.io.grpc.stub.ClientCalls.blockingUnaryCall(ClientCalls.java:139)
	at org.apache.ratis.proto.grpc.RaftServerProtocolServiceGrpc$RaftServerProtocolServiceBlockingStub.requestVote(RaftServerProtocolServiceGrpc.java:265)
	at org.apache.ratis.grpc.server.GrpcServerProtocolClient.requestVote(GrpcServerProtocolClient.java:83)
	at org.apache.ratis.grpc.server.GrpcService.requestVote(GrpcService.java:195)
	at org.apache.ratis.server.impl.LeaderElection.lambda$submitRequests$1(LeaderElection.java:237)
	at java.util.concurrent.FutureTask.run(FutureTask.java:266)
	at java.util.concurrent.Executors$RunnableAdapter.call(Executors.java:511)
	at java.util.concurrent.FutureTask.run(FutureTask.java:266)
	at java.util.concurrent.ThreadPoolExecutor.runWorker(ThreadPoolExecutor.java:1149)
	at java.util.concurrent.ThreadPoolExecutor$Worker.run(ThreadPoolExecutor.java:624)
	... 1 more
Caused by: org.apache.ratis.thirdparty.io.netty.channel.AbstractChannel$AnnotatedConnectException: Connection refused: /192.168.5.139:36527
	at sun.nio.ch.SocketChannelImpl.checkConnect(Native Method)
	at sun.nio.ch.SocketChannelImpl.finishConnect(SocketChannelImpl.java:717)
	at org.apache.ratis.thirdparty.io.netty.channel.socket.nio.NioSocketChannel.doFinishConnect(NioSocketChannel.java:327)
	at org.apache.ratis.thirdparty.io.netty.channel.nio.AbstractNioChannel$AbstractNioUnsafe.finishConnect(AbstractNioChannel.java:340)
	at org.apache.ratis.thirdparty.io.netty.channel.nio.NioEventLoop.processSelectedKey(NioEventLoop.java:632)
	at org.apache.ratis.thirdparty.io.netty.channel.nio.NioEventLoop.processSelectedKeysOptimized(NioEventLoop.java:579)
	at org.apache.ratis.thirdparty.io.netty.channel.nio.NioEventLoop.processSelectedKeys(NioEventLoop.java:496)
	at org.apache.ratis.thirdparty.io.netty.channel.nio.NioEventLoop.run(NioEventLoop.java:458)
	at org.apache.ratis.thirdparty.io.netty.util.concurrent.SingleThreadEventExecutor$5.run(SingleThreadEventExecutor.java:897)
	at org.apache.ratis.thirdparty.io.netty.util.concurrent.FastThreadLocalRunnable.run(FastThreadLocalRunnable.java:30)
	... 1 more
Caused by: java.net.ConnectException: Connection refused
	... 11 more
2019-08-20 15:04:24,906 [c8a52875-dc52-43bc-af24-370bbdbe5589:group-148C6D2B3700:LeaderElection17] INFO  impl.LeaderElection (LogUtils.java:infoOrTrace(149)) -   Exception 1: {}
java.util.concurrent.ExecutionException: org.apache.ratis.thirdparty.io.grpc.StatusRuntimeException: UNAVAILABLE: io exception
	at java.util.concurrent.FutureTask.report(FutureTask.java:122)
	at java.util.concurrent.FutureTask.get(FutureTask.java:192)
	at org.apache.ratis.server.impl.LeaderElection.waitForResults(LeaderElection.java:262)
	at org.apache.ratis.server.impl.LeaderElection.askForVotes(LeaderElection.java:200)
	at org.apache.ratis.server.impl.LeaderElection.run(LeaderElection.java:130)
	at java.lang.Thread.run(Thread.java:748)
Caused by: org.apache.ratis.thirdparty.io.grpc.StatusRuntimeException: UNAVAILABLE: io exception
	at org.apache.ratis.thirdparty.io.grpc.stub.ClientCalls.toStatusRuntimeException(ClientCalls.java:233)
	at org.apache.ratis.thirdparty.io.grpc.stub.ClientCalls.getUnchecked(ClientCalls.java:214)
	at org.apache.ratis.thirdparty.io.grpc.stub.ClientCalls.blockingUnaryCall(ClientCalls.java:139)
	at org.apache.ratis.proto.grpc.RaftServerProtocolServiceGrpc$RaftServerProtocolServiceBlockingStub.requestVote(RaftServerProtocolServiceGrpc.java:265)
	at org.apache.ratis.grpc.server.GrpcServerProtocolClient.requestVote(GrpcServerProtocolClient.java:83)
	at org.apache.ratis.grpc.server.GrpcService.requestVote(GrpcService.java:195)
	at org.apache.ratis.server.impl.LeaderElection.lambda$submitRequests$1(LeaderElection.java:237)
	at java.util.concurrent.FutureTask.run(FutureTask.java:266)
	at java.util.concurrent.Executors$RunnableAdapter.call(Executors.java:511)
	at java.util.concurrent.FutureTask.run(FutureTask.java:266)
	at java.util.concurrent.ThreadPoolExecutor.runWorker(ThreadPoolExecutor.java:1149)
	at java.util.concurrent.ThreadPoolExecutor$Worker.run(ThreadPoolExecutor.java:624)
	... 1 more
Caused by: org.apache.ratis.thirdparty.io.netty.channel.AbstractChannel$AnnotatedConnectException: Connection refused: /192.168.5.139:37692
	at sun.nio.ch.SocketChannelImpl.checkConnect(Native Method)
	at sun.nio.ch.SocketChannelImpl.finishConnect(SocketChannelImpl.java:717)
	at org.apache.ratis.thirdparty.io.netty.channel.socket.nio.NioSocketChannel.doFinishConnect(NioSocketChannel.java:327)
	at org.apache.ratis.thirdparty.io.netty.channel.nio.AbstractNioChannel$AbstractNioUnsafe.finishConnect(AbstractNioChannel.java:340)
	at org.apache.ratis.thirdparty.io.netty.channel.nio.NioEventLoop.processSelectedKey(NioEventLoop.java:632)
	at org.apache.ratis.thirdparty.io.netty.channel.nio.NioEventLoop.processSelectedKeysOptimized(NioEventLoop.java:579)
	at org.apache.ratis.thirdparty.io.netty.channel.nio.NioEventLoop.processSelectedKeys(NioEventLoop.java:496)
	at org.apache.ratis.thirdparty.io.netty.channel.nio.NioEventLoop.run(NioEventLoop.java:458)
	at org.apache.ratis.thirdparty.io.netty.util.concurrent.SingleThreadEventExecutor$5.run(SingleThreadEventExecutor.java:897)
	at org.apache.ratis.thirdparty.io.netty.util.concurrent.FastThreadLocalRunnable.run(FastThreadLocalRunnable.java:30)
	... 1 more
Caused by: java.net.ConnectException: Connection refused
	... 11 more
2019-08-20 15:04:24,907 [c8a52875-dc52-43bc-af24-370bbdbe5589:group-148C6D2B3700:LeaderElection17] INFO  impl.RaftServerImpl (RaftServerImpl.java:setRole(171)) - c8a52875-dc52-43bc-af24-370bbdbe5589:group-148C6D2B3700 changes role from CANDIDATE to FOLLOWER at term 8 for DISCOVERED_A_NEW_TERM
2019-08-20 15:04:24,911 [c8a52875-dc52-43bc-af24-370bbdbe5589:group-148C6D2B3700:LeaderElection17] INFO  impl.RoleInfo (RoleInfo.java:shutdownLeaderElection(134)) - c8a52875-dc52-43bc-af24-370bbdbe5589: shutdown LeaderElection
2019-08-20 15:04:24,911 [c8a52875-dc52-43bc-af24-370bbdbe5589:group-148C6D2B3700:LeaderElection17] INFO  impl.RoleInfo (RoleInfo.java:updateAndGet(143)) - c8a52875-dc52-43bc-af24-370bbdbe5589: start FollowerState
2019-08-20 15:04:24,943 | INFO  | SCMAudit | user=jenkins1000 | ip=192.168.5.139 | op=SEND_HEARTBEAT {datanodeUUID=fb8329f7-6337-4286-bcd2-d612923e448c, command=[]} | ret=SUCCESS |  
2019-08-20 15:04:24,974 | INFO  | SCMAudit | user=jenkins1000 | ip=192.168.5.139 | op=SEND_HEARTBEAT {datanodeUUID=c8a52875-dc52-43bc-af24-370bbdbe5589, command=[]} | ret=SUCCESS |  
2019-08-20 15:04:25,333 | INFO  | SCMAudit | user=jenkins1000 | ip=192.168.5.139 | op=SEND_HEARTBEAT {datanodeUUID=6a1036d9-12c3-40f5-8094-5440fe3d038e, command=[]} | ret=SUCCESS |  
2019-08-20 15:04:25,599 | INFO  | SCMAudit | user=jenkins1000 | ip=192.168.5.139 | op=SEND_HEARTBEAT {datanodeUUID=a2d6af90-c3d5-480c-824b-ae12d5e723ac, command=[]} | ret=SUCCESS |  
2019-08-20 15:04:25,760 | INFO  | SCMAudit | user=jenkins1000 | ip=192.168.5.139 | op=SEND_HEARTBEAT {datanodeUUID=81e6f177-0aa0-4cea-a559-904193532cd7, command=[]} | ret=SUCCESS |  
2019-08-20 15:04:25,932 | INFO  | SCMAudit | user=jenkins1000 | ip=192.168.5.139 | op=SEND_HEARTBEAT {datanodeUUID=fb8329f7-6337-4286-bcd2-d612923e448c, command=[]} | ret=SUCCESS |  
2019-08-20 15:04:25,955 [grpc-default-executor-3] INFO  client.GrpcClientProtocolClient (GrpcClientProtocolClient.java:onNext(255)) - client-B5C9F3766F48->c8a52875-dc52-43bc-af24-370bbdbe5589: receive RaftClientReply:client-B5C9F3766F48->c8a52875-dc52-43bc-af24-370bbdbe5589@group-148C6D2B3700, cid=22, FAILED org.apache.ratis.protocol.NotLeaderException: Server c8a52875-dc52-43bc-af24-370bbdbe5589 is not the leader (null). Request must be sent to leader., logIndex=0, commits[c8a52875-dc52-43bc-af24-370bbdbe5589:c16, 36e09339-9dd8-4013-a821-6974d22e740b:c16, 2923d27d-94e5-4a4d-9917-f06e3e9de6d6:c16]
2019-08-20 15:04:25,975 | INFO  | SCMAudit | user=jenkins1000 | ip=192.168.5.139 | op=SEND_HEARTBEAT {datanodeUUID=c8a52875-dc52-43bc-af24-370bbdbe5589, command=[]} | ret=SUCCESS |  
2019-08-20 15:04:26,334 | INFO  | SCMAudit | user=jenkins1000 | ip=192.168.5.139 | op=SEND_HEARTBEAT {datanodeUUID=6a1036d9-12c3-40f5-8094-5440fe3d038e, command=[]} | ret=SUCCESS |  
2019-08-20 15:04:26,599 | INFO  | SCMAudit | user=jenkins1000 | ip=192.168.5.139 | op=SEND_HEARTBEAT {datanodeUUID=a2d6af90-c3d5-480c-824b-ae12d5e723ac, command=[]} | ret=SUCCESS |  
2019-08-20 15:04:26,760 | INFO  | SCMAudit | user=jenkins1000 | ip=192.168.5.139 | op=SEND_HEARTBEAT {datanodeUUID=81e6f177-0aa0-4cea-a559-904193532cd7, command=[]} | ret=SUCCESS |  
2019-08-20 15:04:26,932 | INFO  | SCMAudit | user=jenkins1000 | ip=192.168.5.139 | op=SEND_HEARTBEAT {datanodeUUID=fb8329f7-6337-4286-bcd2-d612923e448c, command=[]} | ret=SUCCESS |  
2019-08-20 15:04:26,975 | INFO  | SCMAudit | user=jenkins1000 | ip=192.168.5.139 | op=SEND_HEARTBEAT {datanodeUUID=c8a52875-dc52-43bc-af24-370bbdbe5589, command=[]} | ret=SUCCESS |  
2019-08-20 15:04:27,333 | INFO  | SCMAudit | user=jenkins1000 | ip=192.168.5.139 | op=SEND_HEARTBEAT {datanodeUUID=6a1036d9-12c3-40f5-8094-5440fe3d038e, command=[]} | ret=SUCCESS |  
2019-08-20 15:04:27,602 | INFO  | SCMAudit | user=jenkins1000 | ip=192.168.5.139 | op=SEND_HEARTBEAT {datanodeUUID=a2d6af90-c3d5-480c-824b-ae12d5e723ac, command=[]} | ret=SUCCESS |  
2019-08-20 15:04:27,759 | INFO  | SCMAudit | user=jenkins1000 | ip=192.168.5.139 | op=SEND_HEARTBEAT {datanodeUUID=81e6f177-0aa0-4cea-a559-904193532cd7, command=[]} | ret=SUCCESS |  
2019-08-20 15:04:27,932 | INFO  | SCMAudit | user=jenkins1000 | ip=192.168.5.139 | op=SEND_HEARTBEAT {datanodeUUID=fb8329f7-6337-4286-bcd2-d612923e448c, command=[]} | ret=SUCCESS |  
2019-08-20 15:04:27,975 | INFO  | SCMAudit | user=jenkins1000 | ip=192.168.5.139 | op=SEND_HEARTBEAT {datanodeUUID=c8a52875-dc52-43bc-af24-370bbdbe5589, command=[]} | ret=SUCCESS |  
2019-08-20 15:04:28,333 | INFO  | SCMAudit | user=jenkins1000 | ip=192.168.5.139 | op=SEND_HEARTBEAT {datanodeUUID=6a1036d9-12c3-40f5-8094-5440fe3d038e, command=[]} | ret=SUCCESS |  
2019-08-20 15:04:28,601 | INFO  | SCMAudit | user=jenkins1000 | ip=192.168.5.139 | op=SEND_HEARTBEAT {datanodeUUID=a2d6af90-c3d5-480c-824b-ae12d5e723ac, command=[]} | ret=SUCCESS |  
2019-08-20 15:04:28,759 | INFO  | SCMAudit | user=jenkins1000 | ip=192.168.5.139 | op=SEND_HEARTBEAT {datanodeUUID=81e6f177-0aa0-4cea-a559-904193532cd7, command=[]} | ret=SUCCESS |  
2019-08-20 15:04:28,932 | INFO  | SCMAudit | user=jenkins1000 | ip=192.168.5.139 | op=SEND_HEARTBEAT {datanodeUUID=fb8329f7-6337-4286-bcd2-d612923e448c, command=[]} | ret=SUCCESS |  
2019-08-20 15:04:28,975 [grpc-default-executor-3] INFO  client.GrpcClientProtocolClient (GrpcClientProtocolClient.java:onNext(255)) - client-B5C9F3766F48->c8a52875-dc52-43bc-af24-370bbdbe5589: receive RaftClientReply:client-B5C9F3766F48->c8a52875-dc52-43bc-af24-370bbdbe5589@group-148C6D2B3700, cid=22, FAILED org.apache.ratis.protocol.NotLeaderException: Server c8a52875-dc52-43bc-af24-370bbdbe5589 is not the leader (null). Request must be sent to leader., logIndex=0, commits[c8a52875-dc52-43bc-af24-370bbdbe5589:c16, 36e09339-9dd8-4013-a821-6974d22e740b:c16, 2923d27d-94e5-4a4d-9917-f06e3e9de6d6:c16]
2019-08-20 15:04:28,979 | INFO  | SCMAudit | user=jenkins1000 | ip=192.168.5.139 | op=SEND_HEARTBEAT {datanodeUUID=c8a52875-dc52-43bc-af24-370bbdbe5589, command=[]} | ret=SUCCESS |  
2019-08-20 15:04:29,333 | INFO  | SCMAudit | user=jenkins1000 | ip=192.168.5.139 | op=SEND_HEARTBEAT {datanodeUUID=6a1036d9-12c3-40f5-8094-5440fe3d038e, command=[]} | ret=SUCCESS |  
2019-08-20 15:04:29,600 | INFO  | SCMAudit | user=jenkins1000 | ip=192.168.5.139 | op=SEND_HEARTBEAT {datanodeUUID=a2d6af90-c3d5-480c-824b-ae12d5e723ac, command=[]} | ret=SUCCESS |  
2019-08-20 15:04:29,760 | INFO  | SCMAudit | user=jenkins1000 | ip=192.168.5.139 | op=SEND_HEARTBEAT {datanodeUUID=81e6f177-0aa0-4cea-a559-904193532cd7, command=[]} | ret=SUCCESS |  
2019-08-20 15:04:29,931 | INFO  | SCMAudit | user=jenkins1000 | ip=192.168.5.139 | op=SEND_HEARTBEAT {datanodeUUID=fb8329f7-6337-4286-bcd2-d612923e448c, command=[]} | ret=SUCCESS |  
2019-08-20 15:04:29,975 | INFO  | SCMAudit | user=jenkins1000 | ip=192.168.5.139 | op=SEND_HEARTBEAT {datanodeUUID=c8a52875-dc52-43bc-af24-370bbdbe5589, command=[]} | ret=SUCCESS |  
2019-08-20 15:04:30,043 [Thread-545] INFO  impl.FollowerState (FollowerState.java:run(106)) - c8a52875-dc52-43bc-af24-370bbdbe5589:group-148C6D2B3700 changes to CANDIDATE, lastRpcTime:5131, electionTimeout:5129ms
2019-08-20 15:04:30,043 [Thread-545] INFO  impl.RoleInfo (RoleInfo.java:shutdownFollowerState(121)) - c8a52875-dc52-43bc-af24-370bbdbe5589: shutdown FollowerState
2019-08-20 15:04:30,043 [Thread-545] INFO  impl.RaftServerImpl (RaftServerImpl.java:setRole(171)) - c8a52875-dc52-43bc-af24-370bbdbe5589:group-148C6D2B3700 changes role from FOLLOWER to CANDIDATE at term 8 for changeToCandidate
2019-08-20 15:04:30,043 [Thread-545] INFO  impl.RoleInfo (RoleInfo.java:updateAndGet(143)) - c8a52875-dc52-43bc-af24-370bbdbe5589: start LeaderElection
2019-08-20 15:04:30,061 [c8a52875-dc52-43bc-af24-370bbdbe5589:group-148C6D2B3700:LeaderElection18] INFO  impl.LeaderElection (LeaderElection.java:askForVotes(181)) - c8a52875-dc52-43bc-af24-370bbdbe5589:group-148C6D2B3700:LeaderElection18: begin an election at term 9 for 0: [36e09339-9dd8-4013-a821-6974d22e740b:192.168.5.139:37692, 2923d27d-94e5-4a4d-9917-f06e3e9de6d6:192.168.5.139:36527, c8a52875-dc52-43bc-af24-370bbdbe5589:192.168.5.139:38327], old=null
2019-08-20 15:04:30,063 [c8a52875-dc52-43bc-af24-370bbdbe5589:group-148C6D2B3700:LeaderElection18] INFO  impl.LeaderElection (LogUtils.java:infoOrTrace(149)) - c8a52875-dc52-43bc-af24-370bbdbe5589:group-148C6D2B3700:LeaderElection18 got exception when requesting votes: {}
java.util.concurrent.ExecutionException: org.apache.ratis.thirdparty.io.grpc.StatusRuntimeException: UNAVAILABLE: io exception
	at java.util.concurrent.FutureTask.report(FutureTask.java:122)
	at java.util.concurrent.FutureTask.get(FutureTask.java:192)
	at org.apache.ratis.server.impl.LeaderElection.waitForResults(LeaderElection.java:262)
	at org.apache.ratis.server.impl.LeaderElection.askForVotes(LeaderElection.java:200)
	at org.apache.ratis.server.impl.LeaderElection.run(LeaderElection.java:130)
	at java.lang.Thread.run(Thread.java:748)
Caused by: org.apache.ratis.thirdparty.io.grpc.StatusRuntimeException: UNAVAILABLE: io exception
	at org.apache.ratis.thirdparty.io.grpc.stub.ClientCalls.toStatusRuntimeException(ClientCalls.java:233)
	at org.apache.ratis.thirdparty.io.grpc.stub.ClientCalls.getUnchecked(ClientCalls.java:214)
	at org.apache.ratis.thirdparty.io.grpc.stub.ClientCalls.blockingUnaryCall(ClientCalls.java:139)
	at org.apache.ratis.proto.grpc.RaftServerProtocolServiceGrpc$RaftServerProtocolServiceBlockingStub.requestVote(RaftServerProtocolServiceGrpc.java:265)
	at org.apache.ratis.grpc.server.GrpcServerProtocolClient.requestVote(GrpcServerProtocolClient.java:83)
	at org.apache.ratis.grpc.server.GrpcService.requestVote(GrpcService.java:195)
	at org.apache.ratis.server.impl.LeaderElection.lambda$submitRequests$1(LeaderElection.java:237)
	at java.util.concurrent.FutureTask.run(FutureTask.java:266)
	at java.util.concurrent.Executors$RunnableAdapter.call(Executors.java:511)
	at java.util.concurrent.FutureTask.run(FutureTask.java:266)
	at java.util.concurrent.ThreadPoolExecutor.runWorker(ThreadPoolExecutor.java:1149)
	at java.util.concurrent.ThreadPoolExecutor$Worker.run(ThreadPoolExecutor.java:624)
	... 1 more
Caused by: org.apache.ratis.thirdparty.io.netty.channel.AbstractChannel$AnnotatedConnectException: Connection refused: /192.168.5.139:37692
	at sun.nio.ch.SocketChannelImpl.checkConnect(Native Method)
	at sun.nio.ch.SocketChannelImpl.finishConnect(SocketChannelImpl.java:717)
	at org.apache.ratis.thirdparty.io.netty.channel.socket.nio.NioSocketChannel.doFinishConnect(NioSocketChannel.java:327)
	at org.apache.ratis.thirdparty.io.netty.channel.nio.AbstractNioChannel$AbstractNioUnsafe.finishConnect(AbstractNioChannel.java:340)
	at org.apache.ratis.thirdparty.io.netty.channel.nio.NioEventLoop.processSelectedKey(NioEventLoop.java:632)
	at org.apache.ratis.thirdparty.io.netty.channel.nio.NioEventLoop.processSelectedKeysOptimized(NioEventLoop.java:579)
	at org.apache.ratis.thirdparty.io.netty.channel.nio.NioEventLoop.processSelectedKeys(NioEventLoop.java:496)
	at org.apache.ratis.thirdparty.io.netty.channel.nio.NioEventLoop.run(NioEventLoop.java:458)
	at org.apache.ratis.thirdparty.io.netty.util.concurrent.SingleThreadEventExecutor$5.run(SingleThreadEventExecutor.java:897)
	at org.apache.ratis.thirdparty.io.netty.util.concurrent.FastThreadLocalRunnable.run(FastThreadLocalRunnable.java:30)
	... 1 more
Caused by: java.net.ConnectException: Connection refused
	... 11 more
2019-08-20 15:04:30,065 [c8a52875-dc52-43bc-af24-370bbdbe5589:group-148C6D2B3700:LeaderElection18] INFO  impl.LeaderElection (LogUtils.java:infoOrTrace(149)) - c8a52875-dc52-43bc-af24-370bbdbe5589:group-148C6D2B3700:LeaderElection18 got exception when requesting votes: {}
java.util.concurrent.ExecutionException: org.apache.ratis.thirdparty.io.grpc.StatusRuntimeException: UNAVAILABLE: io exception
	at java.util.concurrent.FutureTask.report(FutureTask.java:122)
	at java.util.concurrent.FutureTask.get(FutureTask.java:192)
	at org.apache.ratis.server.impl.LeaderElection.waitForResults(LeaderElection.java:262)
	at org.apache.ratis.server.impl.LeaderElection.askForVotes(LeaderElection.java:200)
	at org.apache.ratis.server.impl.LeaderElection.run(LeaderElection.java:130)
	at java.lang.Thread.run(Thread.java:748)
Caused by: org.apache.ratis.thirdparty.io.grpc.StatusRuntimeException: UNAVAILABLE: io exception
	at org.apache.ratis.thirdparty.io.grpc.stub.ClientCalls.toStatusRuntimeException(ClientCalls.java:233)
	at org.apache.ratis.thirdparty.io.grpc.stub.ClientCalls.getUnchecked(ClientCalls.java:214)
	at org.apache.ratis.thirdparty.io.grpc.stub.ClientCalls.blockingUnaryCall(ClientCalls.java:139)
	at org.apache.ratis.proto.grpc.RaftServerProtocolServiceGrpc$RaftServerProtocolServiceBlockingStub.requestVote(RaftServerProtocolServiceGrpc.java:265)
	at org.apache.ratis.grpc.server.GrpcServerProtocolClient.requestVote(GrpcServerProtocolClient.java:83)
	at org.apache.ratis.grpc.server.GrpcService.requestVote(GrpcService.java:195)
	at org.apache.ratis.server.impl.LeaderElection.lambda$submitRequests$1(LeaderElection.java:237)
	at java.util.concurrent.FutureTask.run(FutureTask.java:266)
	at java.util.concurrent.Executors$RunnableAdapter.call(Executors.java:511)
	at java.util.concurrent.FutureTask.run(FutureTask.java:266)
	at java.util.concurrent.ThreadPoolExecutor.runWorker(ThreadPoolExecutor.java:1149)
	at java.util.concurrent.ThreadPoolExecutor$Worker.run(ThreadPoolExecutor.java:624)
	... 1 more
Caused by: org.apache.ratis.thirdparty.io.netty.channel.AbstractChannel$AnnotatedConnectException: Connection refused: /192.168.5.139:36527
	at sun.nio.ch.SocketChannelImpl.checkConnect(Native Method)
	at sun.nio.ch.SocketChannelImpl.finishConnect(SocketChannelImpl.java:717)
	at org.apache.ratis.thirdparty.io.netty.channel.socket.nio.NioSocketChannel.doFinishConnect(NioSocketChannel.java:327)
	at org.apache.ratis.thirdparty.io.netty.channel.nio.AbstractNioChannel$AbstractNioUnsafe.finishConnect(AbstractNioChannel.java:340)
	at org.apache.ratis.thirdparty.io.netty.channel.nio.NioEventLoop.processSelectedKey(NioEventLoop.java:632)
	at org.apache.ratis.thirdparty.io.netty.channel.nio.NioEventLoop.processSelectedKeysOptimized(NioEventLoop.java:579)
	at org.apache.ratis.thirdparty.io.netty.channel.nio.NioEventLoop.processSelectedKeys(NioEventLoop.java:496)
	at org.apache.ratis.thirdparty.io.netty.channel.nio.NioEventLoop.run(NioEventLoop.java:458)
	at org.apache.ratis.thirdparty.io.netty.util.concurrent.SingleThreadEventExecutor$5.run(SingleThreadEventExecutor.java:897)
	at org.apache.ratis.thirdparty.io.netty.util.concurrent.FastThreadLocalRunnable.run(FastThreadLocalRunnable.java:30)
	... 1 more
Caused by: java.net.ConnectException: Connection refused
	... 11 more
2019-08-20 15:04:30,068 [c8a52875-dc52-43bc-af24-370bbdbe5589:group-148C6D2B3700:LeaderElection18] INFO  impl.LeaderElection (LeaderElection.java:logAndReturn(56)) - c8a52875-dc52-43bc-af24-370bbdbe5589:group-148C6D2B3700:LeaderElection18: Election REJECTED; received 0 response(s) [] and 2 exception(s); c8a52875-dc52-43bc-af24-370bbdbe5589:t9, leader=null, voted=c8a52875-dc52-43bc-af24-370bbdbe5589, raftlog=c8a52875-dc52-43bc-af24-370bbdbe5589-SegmentedRaftLog:OPENED:c16,f16,i16, conf=0: [36e09339-9dd8-4013-a821-6974d22e740b:192.168.5.139:37692, 2923d27d-94e5-4a4d-9917-f06e3e9de6d6:192.168.5.139:36527, c8a52875-dc52-43bc-af24-370bbdbe5589:192.168.5.139:38327], old=null
2019-08-20 15:04:30,068 [c8a52875-dc52-43bc-af24-370bbdbe5589:group-148C6D2B3700:LeaderElection18] INFO  impl.LeaderElection (LogUtils.java:infoOrTrace(149)) -   Exception 0: {}
java.util.concurrent.ExecutionException: org.apache.ratis.thirdparty.io.grpc.StatusRuntimeException: UNAVAILABLE: io exception
	at java.util.concurrent.FutureTask.report(FutureTask.java:122)
	at java.util.concurrent.FutureTask.get(FutureTask.java:192)
	at org.apache.ratis.server.impl.LeaderElection.waitForResults(LeaderElection.java:262)
	at org.apache.ratis.server.impl.LeaderElection.askForVotes(LeaderElection.java:200)
	at org.apache.ratis.server.impl.LeaderElection.run(LeaderElection.java:130)
	at java.lang.Thread.run(Thread.java:748)
Caused by: org.apache.ratis.thirdparty.io.grpc.StatusRuntimeException: UNAVAILABLE: io exception
	at org.apache.ratis.thirdparty.io.grpc.stub.ClientCalls.toStatusRuntimeException(ClientCalls.java:233)
	at org.apache.ratis.thirdparty.io.grpc.stub.ClientCalls.getUnchecked(ClientCalls.java:214)
	at org.apache.ratis.thirdparty.io.grpc.stub.ClientCalls.blockingUnaryCall(ClientCalls.java:139)
	at org.apache.ratis.proto.grpc.RaftServerProtocolServiceGrpc$RaftServerProtocolServiceBlockingStub.requestVote(RaftServerProtocolServiceGrpc.java:265)
	at org.apache.ratis.grpc.server.GrpcServerProtocolClient.requestVote(GrpcServerProtocolClient.java:83)
	at org.apache.ratis.grpc.server.GrpcService.requestVote(GrpcService.java:195)
	at org.apache.ratis.server.impl.LeaderElection.lambda$submitRequests$1(LeaderElection.java:237)
	at java.util.concurrent.FutureTask.run(FutureTask.java:266)
	at java.util.concurrent.Executors$RunnableAdapter.call(Executors.java:511)
	at java.util.concurrent.FutureTask.run(FutureTask.java:266)
	at java.util.concurrent.ThreadPoolExecutor.runWorker(ThreadPoolExecutor.java:1149)
	at java.util.concurrent.ThreadPoolExecutor$Worker.run(ThreadPoolExecutor.java:624)
	... 1 more
Caused by: org.apache.ratis.thirdparty.io.netty.channel.AbstractChannel$AnnotatedConnectException: Connection refused: /192.168.5.139:37692
	at sun.nio.ch.SocketChannelImpl.checkConnect(Native Method)
	at sun.nio.ch.SocketChannelImpl.finishConnect(SocketChannelImpl.java:717)
	at org.apache.ratis.thirdparty.io.netty.channel.socket.nio.NioSocketChannel.doFinishConnect(NioSocketChannel.java:327)
	at org.apache.ratis.thirdparty.io.netty.channel.nio.AbstractNioChannel$AbstractNioUnsafe.finishConnect(AbstractNioChannel.java:340)
	at org.apache.ratis.thirdparty.io.netty.channel.nio.NioEventLoop.processSelectedKey(NioEventLoop.java:632)
	at org.apache.ratis.thirdparty.io.netty.channel.nio.NioEventLoop.processSelectedKeysOptimized(NioEventLoop.java:579)
	at org.apache.ratis.thirdparty.io.netty.channel.nio.NioEventLoop.processSelectedKeys(NioEventLoop.java:496)
	at org.apache.ratis.thirdparty.io.netty.channel.nio.NioEventLoop.run(NioEventLoop.java:458)
	at org.apache.ratis.thirdparty.io.netty.util.concurrent.SingleThreadEventExecutor$5.run(SingleThreadEventExecutor.java:897)
	at org.apache.ratis.thirdparty.io.netty.util.concurrent.FastThreadLocalRunnable.run(FastThreadLocalRunnable.java:30)
	... 1 more
Caused by: java.net.ConnectException: Connection refused
	... 11 more
2019-08-20 15:04:30,069 [c8a52875-dc52-43bc-af24-370bbdbe5589:group-148C6D2B3700:LeaderElection18] INFO  impl.LeaderElection (LogUtils.java:infoOrTrace(149)) -   Exception 1: {}
java.util.concurrent.ExecutionException: org.apache.ratis.thirdparty.io.grpc.StatusRuntimeException: UNAVAILABLE: io exception
	at java.util.concurrent.FutureTask.report(FutureTask.java:122)
	at java.util.concurrent.FutureTask.get(FutureTask.java:192)
	at org.apache.ratis.server.impl.LeaderElection.waitForResults(LeaderElection.java:262)
	at org.apache.ratis.server.impl.LeaderElection.askForVotes(LeaderElection.java:200)
	at org.apache.ratis.server.impl.LeaderElection.run(LeaderElection.java:130)
	at java.lang.Thread.run(Thread.java:748)
Caused by: org.apache.ratis.thirdparty.io.grpc.StatusRuntimeException: UNAVAILABLE: io exception
	at org.apache.ratis.thirdparty.io.grpc.stub.ClientCalls.toStatusRuntimeException(ClientCalls.java:233)
	at org.apache.ratis.thirdparty.io.grpc.stub.ClientCalls.getUnchecked(ClientCalls.java:214)
	at org.apache.ratis.thirdparty.io.grpc.stub.ClientCalls.blockingUnaryCall(ClientCalls.java:139)
	at org.apache.ratis.proto.grpc.RaftServerProtocolServiceGrpc$RaftServerProtocolServiceBlockingStub.requestVote(RaftServerProtocolServiceGrpc.java:265)
	at org.apache.ratis.grpc.server.GrpcServerProtocolClient.requestVote(GrpcServerProtocolClient.java:83)
	at org.apache.ratis.grpc.server.GrpcService.requestVote(GrpcService.java:195)
	at org.apache.ratis.server.impl.LeaderElection.lambda$submitRequests$1(LeaderElection.java:237)
	at java.util.concurrent.FutureTask.run(FutureTask.java:266)
	at java.util.concurrent.Executors$RunnableAdapter.call(Executors.java:511)
	at java.util.concurrent.FutureTask.run(FutureTask.java:266)
	at java.util.concurrent.ThreadPoolExecutor.runWorker(ThreadPoolExecutor.java:1149)
	at java.util.concurrent.ThreadPoolExecutor$Worker.run(ThreadPoolExecutor.java:624)
	... 1 more
Caused by: org.apache.ratis.thirdparty.io.netty.channel.AbstractChannel$AnnotatedConnectException: Connection refused: /192.168.5.139:36527
	at sun.nio.ch.SocketChannelImpl.checkConnect(Native Method)
	at sun.nio.ch.SocketChannelImpl.finishConnect(SocketChannelImpl.java:717)
	at org.apache.ratis.thirdparty.io.netty.channel.socket.nio.NioSocketChannel.doFinishConnect(NioSocketChannel.java:327)
	at org.apache.ratis.thirdparty.io.netty.channel.nio.AbstractNioChannel$AbstractNioUnsafe.finishConnect(AbstractNioChannel.java:340)
	at org.apache.ratis.thirdparty.io.netty.channel.nio.NioEventLoop.processSelectedKey(NioEventLoop.java:632)
	at org.apache.ratis.thirdparty.io.netty.channel.nio.NioEventLoop.processSelectedKeysOptimized(NioEventLoop.java:579)
	at org.apache.ratis.thirdparty.io.netty.channel.nio.NioEventLoop.processSelectedKeys(NioEventLoop.java:496)
	at org.apache.ratis.thirdparty.io.netty.channel.nio.NioEventLoop.run(NioEventLoop.java:458)
	at org.apache.ratis.thirdparty.io.netty.util.concurrent.SingleThreadEventExecutor$5.run(SingleThreadEventExecutor.java:897)
	at org.apache.ratis.thirdparty.io.netty.util.concurrent.FastThreadLocalRunnable.run(FastThreadLocalRunnable.java:30)
	... 1 more
Caused by: java.net.ConnectException: Connection refused
	... 11 more
2019-08-20 15:04:30,069 [c8a52875-dc52-43bc-af24-370bbdbe5589:group-148C6D2B3700:LeaderElection18] INFO  impl.RaftServerImpl (RaftServerImpl.java:setRole(171)) - c8a52875-dc52-43bc-af24-370bbdbe5589:group-148C6D2B3700 changes role from CANDIDATE to FOLLOWER at term 9 for DISCOVERED_A_NEW_TERM
2019-08-20 15:04:30,071 [c8a52875-dc52-43bc-af24-370bbdbe5589:group-148C6D2B3700:LeaderElection18] INFO  impl.RoleInfo (RoleInfo.java:shutdownLeaderElection(134)) - c8a52875-dc52-43bc-af24-370bbdbe5589: shutdown LeaderElection
2019-08-20 15:04:30,071 [c8a52875-dc52-43bc-af24-370bbdbe5589:group-148C6D2B3700:LeaderElection18] INFO  impl.RoleInfo (RoleInfo.java:updateAndGet(143)) - c8a52875-dc52-43bc-af24-370bbdbe5589: start FollowerState
2019-08-20 15:04:30,333 | INFO  | SCMAudit | user=jenkins1000 | ip=192.168.5.139 | op=SEND_HEARTBEAT {datanodeUUID=6a1036d9-12c3-40f5-8094-5440fe3d038e, command=[]} | ret=SUCCESS |  
2019-08-20 15:04:30,600 | INFO  | SCMAudit | user=jenkins1000 | ip=192.168.5.139 | op=SEND_HEARTBEAT {datanodeUUID=a2d6af90-c3d5-480c-824b-ae12d5e723ac, command=[]} | ret=SUCCESS |  
2019-08-20 15:04:30,759 | INFO  | SCMAudit | user=jenkins1000 | ip=192.168.5.139 | op=SEND_HEARTBEAT {datanodeUUID=81e6f177-0aa0-4cea-a559-904193532cd7, command=[]} | ret=SUCCESS |  
2019-08-20 15:04:30,932 | INFO  | SCMAudit | user=jenkins1000 | ip=192.168.5.139 | op=SEND_HEARTBEAT {datanodeUUID=fb8329f7-6337-4286-bcd2-d612923e448c, command=[]} | ret=SUCCESS |  
2019-08-20 15:04:30,975 | INFO  | SCMAudit | user=jenkins1000 | ip=192.168.5.139 | op=SEND_HEARTBEAT {datanodeUUID=c8a52875-dc52-43bc-af24-370bbdbe5589, command=[]} | ret=SUCCESS |  
2019-08-20 15:04:31,334 | INFO  | SCMAudit | user=jenkins1000 | ip=192.168.5.139 | op=SEND_HEARTBEAT {datanodeUUID=6a1036d9-12c3-40f5-8094-5440fe3d038e, command=[]} | ret=SUCCESS |  
2019-08-20 15:04:31,601 | INFO  | SCMAudit | user=jenkins1000 | ip=192.168.5.139 | op=SEND_HEARTBEAT {datanodeUUID=a2d6af90-c3d5-480c-824b-ae12d5e723ac, command=[]} | ret=SUCCESS |  
2019-08-20 15:04:31,759 | INFO  | SCMAudit | user=jenkins1000 | ip=192.168.5.139 | op=SEND_HEARTBEAT {datanodeUUID=81e6f177-0aa0-4cea-a559-904193532cd7, command=[]} | ret=SUCCESS |  
2019-08-20 15:04:31,932 | INFO  | SCMAudit | user=jenkins1000 | ip=192.168.5.139 | op=SEND_HEARTBEAT {datanodeUUID=fb8329f7-6337-4286-bcd2-d612923e448c, command=[]} | ret=SUCCESS |  
2019-08-20 15:04:31,975 | INFO  | SCMAudit | user=jenkins1000 | ip=192.168.5.139 | op=SEND_HEARTBEAT {datanodeUUID=c8a52875-dc52-43bc-af24-370bbdbe5589, command=[]} | ret=SUCCESS |  
2019-08-20 15:04:32,334 | INFO  | SCMAudit | user=jenkins1000 | ip=192.168.5.139 | op=SEND_HEARTBEAT {datanodeUUID=6a1036d9-12c3-40f5-8094-5440fe3d038e, command=[]} | ret=SUCCESS |  
2019-08-20 15:04:32,601 | INFO  | SCMAudit | user=jenkins1000 | ip=192.168.5.139 | op=SEND_HEARTBEAT {datanodeUUID=a2d6af90-c3d5-480c-824b-ae12d5e723ac, command=[]} | ret=SUCCESS |  
2019-08-20 15:04:32,760 | INFO  | SCMAudit | user=jenkins1000 | ip=192.168.5.139 | op=SEND_HEARTBEAT {datanodeUUID=81e6f177-0aa0-4cea-a559-904193532cd7, command=[]} | ret=SUCCESS |  
2019-08-20 15:04:32,932 | INFO  | SCMAudit | user=jenkins1000 | ip=192.168.5.139 | op=SEND_HEARTBEAT {datanodeUUID=fb8329f7-6337-4286-bcd2-d612923e448c, command=[]} | ret=SUCCESS |  
2019-08-20 15:04:32,975 | INFO  | SCMAudit | user=jenkins1000 | ip=192.168.5.139 | op=SEND_HEARTBEAT {datanodeUUID=c8a52875-dc52-43bc-af24-370bbdbe5589, command=[]} | ret=SUCCESS |  
2019-08-20 15:04:33,335 | INFO  | SCMAudit | user=jenkins1000 | ip=192.168.5.139 | op=SEND_HEARTBEAT {datanodeUUID=6a1036d9-12c3-40f5-8094-5440fe3d038e, command=[]} | ret=SUCCESS |  
2019-08-20 15:04:33,600 | INFO  | SCMAudit | user=jenkins1000 | ip=192.168.5.139 | op=SEND_HEARTBEAT {datanodeUUID=a2d6af90-c3d5-480c-824b-ae12d5e723ac, command=[]} | ret=SUCCESS |  
2019-08-20 15:04:33,759 | INFO  | SCMAudit | user=jenkins1000 | ip=192.168.5.139 | op=SEND_HEARTBEAT {datanodeUUID=81e6f177-0aa0-4cea-a559-904193532cd7, command=[]} | ret=SUCCESS |  
2019-08-20 15:04:33,932 | INFO  | SCMAudit | user=jenkins1000 | ip=192.168.5.139 | op=SEND_HEARTBEAT {datanodeUUID=fb8329f7-6337-4286-bcd2-d612923e448c, command=[]} | ret=SUCCESS |  
2019-08-20 15:04:33,976 | INFO  | SCMAudit | user=jenkins1000 | ip=192.168.5.139 | op=SEND_HEARTBEAT {datanodeUUID=c8a52875-dc52-43bc-af24-370bbdbe5589, command=[]} | ret=SUCCESS |  
2019-08-20 15:04:34,334 | INFO  | SCMAudit | user=jenkins1000 | ip=192.168.5.139 | op=SEND_HEARTBEAT {datanodeUUID=6a1036d9-12c3-40f5-8094-5440fe3d038e, command=[]} | ret=SUCCESS |  
2019-08-20 15:04:34,601 | INFO  | SCMAudit | user=jenkins1000 | ip=192.168.5.139 | op=SEND_HEARTBEAT {datanodeUUID=a2d6af90-c3d5-480c-824b-ae12d5e723ac, command=[]} | ret=SUCCESS |  
2019-08-20 15:04:34,759 | INFO  | SCMAudit | user=jenkins1000 | ip=192.168.5.139 | op=SEND_HEARTBEAT {datanodeUUID=81e6f177-0aa0-4cea-a559-904193532cd7, command=[]} | ret=SUCCESS |  
2019-08-20 15:04:34,932 | INFO  | SCMAudit | user=jenkins1000 | ip=192.168.5.139 | op=SEND_HEARTBEAT {datanodeUUID=fb8329f7-6337-4286-bcd2-d612923e448c, command=[]} | ret=SUCCESS |  
2019-08-20 15:04:34,975 | INFO  | SCMAudit | user=jenkins1000 | ip=192.168.5.139 | op=SEND_HEARTBEAT {datanodeUUID=c8a52875-dc52-43bc-af24-370bbdbe5589, command=[]} | ret=SUCCESS |  
2019-08-20 15:04:35,009 [grpc-default-executor-3] INFO  client.GrpcClientProtocolClient (GrpcClientProtocolClient.java:onNext(255)) - client-B5C9F3766F48->c8a52875-dc52-43bc-af24-370bbdbe5589: receive RaftClientReply:client-B5C9F3766F48->c8a52875-dc52-43bc-af24-370bbdbe5589@group-148C6D2B3700, cid=22, FAILED org.apache.ratis.protocol.NotLeaderException: Server c8a52875-dc52-43bc-af24-370bbdbe5589 is not the leader (null). Request must be sent to leader., logIndex=0, commits[c8a52875-dc52-43bc-af24-370bbdbe5589:c16, 36e09339-9dd8-4013-a821-6974d22e740b:c16, 2923d27d-94e5-4a4d-9917-f06e3e9de6d6:c16]
2019-08-20 15:04:35,247 [Thread-572] INFO  impl.FollowerState (FollowerState.java:run(106)) - c8a52875-dc52-43bc-af24-370bbdbe5589:group-148C6D2B3700 changes to CANDIDATE, lastRpcTime:5175, electionTimeout:5173ms
2019-08-20 15:04:35,247 [Thread-572] INFO  impl.RoleInfo (RoleInfo.java:shutdownFollowerState(121)) - c8a52875-dc52-43bc-af24-370bbdbe5589: shutdown FollowerState
2019-08-20 15:04:35,247 [Thread-572] INFO  impl.RaftServerImpl (RaftServerImpl.java:setRole(171)) - c8a52875-dc52-43bc-af24-370bbdbe5589:group-148C6D2B3700 changes role from FOLLOWER to CANDIDATE at term 9 for changeToCandidate
2019-08-20 15:04:35,247 [Thread-572] INFO  impl.RoleInfo (RoleInfo.java:updateAndGet(143)) - c8a52875-dc52-43bc-af24-370bbdbe5589: start LeaderElection
2019-08-20 15:04:35,264 [c8a52875-dc52-43bc-af24-370bbdbe5589:group-148C6D2B3700:LeaderElection19] INFO  impl.LeaderElection (LeaderElection.java:askForVotes(181)) - c8a52875-dc52-43bc-af24-370bbdbe5589:group-148C6D2B3700:LeaderElection19: begin an election at term 10 for 0: [36e09339-9dd8-4013-a821-6974d22e740b:192.168.5.139:37692, 2923d27d-94e5-4a4d-9917-f06e3e9de6d6:192.168.5.139:36527, c8a52875-dc52-43bc-af24-370bbdbe5589:192.168.5.139:38327], old=null
2019-08-20 15:04:35,265 [c8a52875-dc52-43bc-af24-370bbdbe5589:group-148C6D2B3700:LeaderElection19] INFO  impl.LeaderElection (LogUtils.java:infoOrTrace(149)) - c8a52875-dc52-43bc-af24-370bbdbe5589:group-148C6D2B3700:LeaderElection19 got exception when requesting votes: {}
java.util.concurrent.ExecutionException: org.apache.ratis.thirdparty.io.grpc.StatusRuntimeException: UNAVAILABLE: io exception
	at java.util.concurrent.FutureTask.report(FutureTask.java:122)
	at java.util.concurrent.FutureTask.get(FutureTask.java:192)
	at org.apache.ratis.server.impl.LeaderElection.waitForResults(LeaderElection.java:262)
	at org.apache.ratis.server.impl.LeaderElection.askForVotes(LeaderElection.java:200)
	at org.apache.ratis.server.impl.LeaderElection.run(LeaderElection.java:130)
	at java.lang.Thread.run(Thread.java:748)
Caused by: org.apache.ratis.thirdparty.io.grpc.StatusRuntimeException: UNAVAILABLE: io exception
	at org.apache.ratis.thirdparty.io.grpc.stub.ClientCalls.toStatusRuntimeException(ClientCalls.java:233)
	at org.apache.ratis.thirdparty.io.grpc.stub.ClientCalls.getUnchecked(ClientCalls.java:214)
	at org.apache.ratis.thirdparty.io.grpc.stub.ClientCalls.blockingUnaryCall(ClientCalls.java:139)
	at org.apache.ratis.proto.grpc.RaftServerProtocolServiceGrpc$RaftServerProtocolServiceBlockingStub.requestVote(RaftServerProtocolServiceGrpc.java:265)
	at org.apache.ratis.grpc.server.GrpcServerProtocolClient.requestVote(GrpcServerProtocolClient.java:83)
	at org.apache.ratis.grpc.server.GrpcService.requestVote(GrpcService.java:195)
	at org.apache.ratis.server.impl.LeaderElection.lambda$submitRequests$1(LeaderElection.java:237)
	at java.util.concurrent.FutureTask.run(FutureTask.java:266)
	at java.util.concurrent.Executors$RunnableAdapter.call(Executors.java:511)
	at java.util.concurrent.FutureTask.run(FutureTask.java:266)
	at java.util.concurrent.ThreadPoolExecutor.runWorker(ThreadPoolExecutor.java:1149)
	at java.util.concurrent.ThreadPoolExecutor$Worker.run(ThreadPoolExecutor.java:624)
	... 1 more
Caused by: org.apache.ratis.thirdparty.io.netty.channel.AbstractChannel$AnnotatedConnectException: Connection refused: /192.168.5.139:36527
	at sun.nio.ch.SocketChannelImpl.checkConnect(Native Method)
	at sun.nio.ch.SocketChannelImpl.finishConnect(SocketChannelImpl.java:717)
	at org.apache.ratis.thirdparty.io.netty.channel.socket.nio.NioSocketChannel.doFinishConnect(NioSocketChannel.java:327)
	at org.apache.ratis.thirdparty.io.netty.channel.nio.AbstractNioChannel$AbstractNioUnsafe.finishConnect(AbstractNioChannel.java:340)
	at org.apache.ratis.thirdparty.io.netty.channel.nio.NioEventLoop.processSelectedKey(NioEventLoop.java:632)
	at org.apache.ratis.thirdparty.io.netty.channel.nio.NioEventLoop.processSelectedKeysOptimized(NioEventLoop.java:579)
	at org.apache.ratis.thirdparty.io.netty.channel.nio.NioEventLoop.processSelectedKeys(NioEventLoop.java:496)
	at org.apache.ratis.thirdparty.io.netty.channel.nio.NioEventLoop.run(NioEventLoop.java:458)
	at org.apache.ratis.thirdparty.io.netty.util.concurrent.SingleThreadEventExecutor$5.run(SingleThreadEventExecutor.java:897)
	at org.apache.ratis.thirdparty.io.netty.util.concurrent.FastThreadLocalRunnable.run(FastThreadLocalRunnable.java:30)
	... 1 more
Caused by: java.net.ConnectException: Connection refused
	... 11 more
2019-08-20 15:04:35,266 [c8a52875-dc52-43bc-af24-370bbdbe5589:group-148C6D2B3700:LeaderElection19] INFO  impl.LeaderElection (LogUtils.java:infoOrTrace(149)) - c8a52875-dc52-43bc-af24-370bbdbe5589:group-148C6D2B3700:LeaderElection19 got exception when requesting votes: {}
java.util.concurrent.ExecutionException: org.apache.ratis.thirdparty.io.grpc.StatusRuntimeException: UNAVAILABLE: io exception
	at java.util.concurrent.FutureTask.report(FutureTask.java:122)
	at java.util.concurrent.FutureTask.get(FutureTask.java:192)
	at org.apache.ratis.server.impl.LeaderElection.waitForResults(LeaderElection.java:262)
	at org.apache.ratis.server.impl.LeaderElection.askForVotes(LeaderElection.java:200)
	at org.apache.ratis.server.impl.LeaderElection.run(LeaderElection.java:130)
	at java.lang.Thread.run(Thread.java:748)
Caused by: org.apache.ratis.thirdparty.io.grpc.StatusRuntimeException: UNAVAILABLE: io exception
	at org.apache.ratis.thirdparty.io.grpc.stub.ClientCalls.toStatusRuntimeException(ClientCalls.java:233)
	at org.apache.ratis.thirdparty.io.grpc.stub.ClientCalls.getUnchecked(ClientCalls.java:214)
	at org.apache.ratis.thirdparty.io.grpc.stub.ClientCalls.blockingUnaryCall(ClientCalls.java:139)
	at org.apache.ratis.proto.grpc.RaftServerProtocolServiceGrpc$RaftServerProtocolServiceBlockingStub.requestVote(RaftServerProtocolServiceGrpc.java:265)
	at org.apache.ratis.grpc.server.GrpcServerProtocolClient.requestVote(GrpcServerProtocolClient.java:83)
	at org.apache.ratis.grpc.server.GrpcService.requestVote(GrpcService.java:195)
	at org.apache.ratis.server.impl.LeaderElection.lambda$submitRequests$1(LeaderElection.java:237)
	at java.util.concurrent.FutureTask.run(FutureTask.java:266)
	at java.util.concurrent.Executors$RunnableAdapter.call(Executors.java:511)
	at java.util.concurrent.FutureTask.run(FutureTask.java:266)
	at java.util.concurrent.ThreadPoolExecutor.runWorker(ThreadPoolExecutor.java:1149)
	at java.util.concurrent.ThreadPoolExecutor$Worker.run(ThreadPoolExecutor.java:624)
	... 1 more
Caused by: org.apache.ratis.thirdparty.io.netty.channel.AbstractChannel$AnnotatedConnectException: Connection refused: /192.168.5.139:37692
	at sun.nio.ch.SocketChannelImpl.checkConnect(Native Method)
	at sun.nio.ch.SocketChannelImpl.finishConnect(SocketChannelImpl.java:717)
	at org.apache.ratis.thirdparty.io.netty.channel.socket.nio.NioSocketChannel.doFinishConnect(NioSocketChannel.java:327)
	at org.apache.ratis.thirdparty.io.netty.channel.nio.AbstractNioChannel$AbstractNioUnsafe.finishConnect(AbstractNioChannel.java:340)
	at org.apache.ratis.thirdparty.io.netty.channel.nio.NioEventLoop.processSelectedKey(NioEventLoop.java:632)
	at org.apache.ratis.thirdparty.io.netty.channel.nio.NioEventLoop.processSelectedKeysOptimized(NioEventLoop.java:579)
	at org.apache.ratis.thirdparty.io.netty.channel.nio.NioEventLoop.processSelectedKeys(NioEventLoop.java:496)
	at org.apache.ratis.thirdparty.io.netty.channel.nio.NioEventLoop.run(NioEventLoop.java:458)
	at org.apache.ratis.thirdparty.io.netty.util.concurrent.SingleThreadEventExecutor$5.run(SingleThreadEventExecutor.java:897)
	at org.apache.ratis.thirdparty.io.netty.util.concurrent.FastThreadLocalRunnable.run(FastThreadLocalRunnable.java:30)
	... 1 more
Caused by: java.net.ConnectException: Connection refused
	... 11 more
2019-08-20 15:04:35,268 [c8a52875-dc52-43bc-af24-370bbdbe5589:group-148C6D2B3700:LeaderElection19] INFO  impl.LeaderElection (LeaderElection.java:logAndReturn(56)) - c8a52875-dc52-43bc-af24-370bbdbe5589:group-148C6D2B3700:LeaderElection19: Election REJECTED; received 0 response(s) [] and 2 exception(s); c8a52875-dc52-43bc-af24-370bbdbe5589:t10, leader=null, voted=c8a52875-dc52-43bc-af24-370bbdbe5589, raftlog=c8a52875-dc52-43bc-af24-370bbdbe5589-SegmentedRaftLog:OPENED:c16,f16,i16, conf=0: [36e09339-9dd8-4013-a821-6974d22e740b:192.168.5.139:37692, 2923d27d-94e5-4a4d-9917-f06e3e9de6d6:192.168.5.139:36527, c8a52875-dc52-43bc-af24-370bbdbe5589:192.168.5.139:38327], old=null
2019-08-20 15:04:35,268 [c8a52875-dc52-43bc-af24-370bbdbe5589:group-148C6D2B3700:LeaderElection19] INFO  impl.LeaderElection (LogUtils.java:infoOrTrace(149)) -   Exception 0: {}
java.util.concurrent.ExecutionException: org.apache.ratis.thirdparty.io.grpc.StatusRuntimeException: UNAVAILABLE: io exception
	at java.util.concurrent.FutureTask.report(FutureTask.java:122)
	at java.util.concurrent.FutureTask.get(FutureTask.java:192)
	at org.apache.ratis.server.impl.LeaderElection.waitForResults(LeaderElection.java:262)
	at org.apache.ratis.server.impl.LeaderElection.askForVotes(LeaderElection.java:200)
	at org.apache.ratis.server.impl.LeaderElection.run(LeaderElection.java:130)
	at java.lang.Thread.run(Thread.java:748)
Caused by: org.apache.ratis.thirdparty.io.grpc.StatusRuntimeException: UNAVAILABLE: io exception
	at org.apache.ratis.thirdparty.io.grpc.stub.ClientCalls.toStatusRuntimeException(ClientCalls.java:233)
	at org.apache.ratis.thirdparty.io.grpc.stub.ClientCalls.getUnchecked(ClientCalls.java:214)
	at org.apache.ratis.thirdparty.io.grpc.stub.ClientCalls.blockingUnaryCall(ClientCalls.java:139)
	at org.apache.ratis.proto.grpc.RaftServerProtocolServiceGrpc$RaftServerProtocolServiceBlockingStub.requestVote(RaftServerProtocolServiceGrpc.java:265)
	at org.apache.ratis.grpc.server.GrpcServerProtocolClient.requestVote(GrpcServerProtocolClient.java:83)
	at org.apache.ratis.grpc.server.GrpcService.requestVote(GrpcService.java:195)
	at org.apache.ratis.server.impl.LeaderElection.lambda$submitRequests$1(LeaderElection.java:237)
	at java.util.concurrent.FutureTask.run(FutureTask.java:266)
	at java.util.concurrent.Executors$RunnableAdapter.call(Executors.java:511)
	at java.util.concurrent.FutureTask.run(FutureTask.java:266)
	at java.util.concurrent.ThreadPoolExecutor.runWorker(ThreadPoolExecutor.java:1149)
	at java.util.concurrent.ThreadPoolExecutor$Worker.run(ThreadPoolExecutor.java:624)
	... 1 more
Caused by: org.apache.ratis.thirdparty.io.netty.channel.AbstractChannel$AnnotatedConnectException: Connection refused: /192.168.5.139:36527
	at sun.nio.ch.SocketChannelImpl.checkConnect(Native Method)
	at sun.nio.ch.SocketChannelImpl.finishConnect(SocketChannelImpl.java:717)
	at org.apache.ratis.thirdparty.io.netty.channel.socket.nio.NioSocketChannel.doFinishConnect(NioSocketChannel.java:327)
	at org.apache.ratis.thirdparty.io.netty.channel.nio.AbstractNioChannel$AbstractNioUnsafe.finishConnect(AbstractNioChannel.java:340)
	at org.apache.ratis.thirdparty.io.netty.channel.nio.NioEventLoop.processSelectedKey(NioEventLoop.java:632)
	at org.apache.ratis.thirdparty.io.netty.channel.nio.NioEventLoop.processSelectedKeysOptimized(NioEventLoop.java:579)
	at org.apache.ratis.thirdparty.io.netty.channel.nio.NioEventLoop.processSelectedKeys(NioEventLoop.java:496)
	at org.apache.ratis.thirdparty.io.netty.channel.nio.NioEventLoop.run(NioEventLoop.java:458)
	at org.apache.ratis.thirdparty.io.netty.util.concurrent.SingleThreadEventExecutor$5.run(SingleThreadEventExecutor.java:897)
	at org.apache.ratis.thirdparty.io.netty.util.concurrent.FastThreadLocalRunnable.run(FastThreadLocalRunnable.java:30)
	... 1 more
Caused by: java.net.ConnectException: Connection refused
	... 11 more
2019-08-20 15:04:35,268 [c8a52875-dc52-43bc-af24-370bbdbe5589:group-148C6D2B3700:LeaderElection19] INFO  impl.LeaderElection (LogUtils.java:infoOrTrace(149)) -   Exception 1: {}
java.util.concurrent.ExecutionException: org.apache.ratis.thirdparty.io.grpc.StatusRuntimeException: UNAVAILABLE: io exception
	at java.util.concurrent.FutureTask.report(FutureTask.java:122)
	at java.util.concurrent.FutureTask.get(FutureTask.java:192)
	at org.apache.ratis.server.impl.LeaderElection.waitForResults(LeaderElection.java:262)
	at org.apache.ratis.server.impl.LeaderElection.askForVotes(LeaderElection.java:200)
	at org.apache.ratis.server.impl.LeaderElection.run(LeaderElection.java:130)
	at java.lang.Thread.run(Thread.java:748)
Caused by: org.apache.ratis.thirdparty.io.grpc.StatusRuntimeException: UNAVAILABLE: io exception
	at org.apache.ratis.thirdparty.io.grpc.stub.ClientCalls.toStatusRuntimeException(ClientCalls.java:233)
	at org.apache.ratis.thirdparty.io.grpc.stub.ClientCalls.getUnchecked(ClientCalls.java:214)
	at org.apache.ratis.thirdparty.io.grpc.stub.ClientCalls.blockingUnaryCall(ClientCalls.java:139)
	at org.apache.ratis.proto.grpc.RaftServerProtocolServiceGrpc$RaftServerProtocolServiceBlockingStub.requestVote(RaftServerProtocolServiceGrpc.java:265)
	at org.apache.ratis.grpc.server.GrpcServerProtocolClient.requestVote(GrpcServerProtocolClient.java:83)
	at org.apache.ratis.grpc.server.GrpcService.requestVote(GrpcService.java:195)
	at org.apache.ratis.server.impl.LeaderElection.lambda$submitRequests$1(LeaderElection.java:237)
	at java.util.concurrent.FutureTask.run(FutureTask.java:266)
	at java.util.concurrent.Executors$RunnableAdapter.call(Executors.java:511)
	at java.util.concurrent.FutureTask.run(FutureTask.java:266)
	at java.util.concurrent.ThreadPoolExecutor.runWorker(ThreadPoolExecutor.java:1149)
	at java.util.concurrent.ThreadPoolExecutor$Worker.run(ThreadPoolExecutor.java:624)
	... 1 more
Caused by: org.apache.ratis.thirdparty.io.netty.channel.AbstractChannel$AnnotatedConnectException: Connection refused: /192.168.5.139:37692
	at sun.nio.ch.SocketChannelImpl.checkConnect(Native Method)
	at sun.nio.ch.SocketChannelImpl.finishConnect(SocketChannelImpl.java:717)
	at org.apache.ratis.thirdparty.io.netty.channel.socket.nio.NioSocketChannel.doFinishConnect(NioSocketChannel.java:327)
	at org.apache.ratis.thirdparty.io.netty.channel.nio.AbstractNioChannel$AbstractNioUnsafe.finishConnect(AbstractNioChannel.java:340)
	at org.apache.ratis.thirdparty.io.netty.channel.nio.NioEventLoop.processSelectedKey(NioEventLoop.java:632)
	at org.apache.ratis.thirdparty.io.netty.channel.nio.NioEventLoop.processSelectedKeysOptimized(NioEventLoop.java:579)
	at org.apache.ratis.thirdparty.io.netty.channel.nio.NioEventLoop.processSelectedKeys(NioEventLoop.java:496)
	at org.apache.ratis.thirdparty.io.netty.channel.nio.NioEventLoop.run(NioEventLoop.java:458)
	at org.apache.ratis.thirdparty.io.netty.util.concurrent.SingleThreadEventExecutor$5.run(SingleThreadEventExecutor.java:897)
	at org.apache.ratis.thirdparty.io.netty.util.concurrent.FastThreadLocalRunnable.run(FastThreadLocalRunnable.java:30)
	... 1 more
Caused by: java.net.ConnectException: Connection refused
	... 11 more
2019-08-20 15:04:35,269 [c8a52875-dc52-43bc-af24-370bbdbe5589:group-148C6D2B3700:LeaderElection19] INFO  impl.RaftServerImpl (RaftServerImpl.java:setRole(171)) - c8a52875-dc52-43bc-af24-370bbdbe5589:group-148C6D2B3700 changes role from CANDIDATE to FOLLOWER at term 10 for DISCOVERED_A_NEW_TERM
2019-08-20 15:04:35,270 [c8a52875-dc52-43bc-af24-370bbdbe5589:group-148C6D2B3700:LeaderElection19] INFO  impl.RoleInfo (RoleInfo.java:shutdownLeaderElection(134)) - c8a52875-dc52-43bc-af24-370bbdbe5589: shutdown LeaderElection
2019-08-20 15:04:35,271 [c8a52875-dc52-43bc-af24-370bbdbe5589:group-148C6D2B3700:LeaderElection19] INFO  impl.RoleInfo (RoleInfo.java:updateAndGet(143)) - c8a52875-dc52-43bc-af24-370bbdbe5589: start FollowerState
2019-08-20 15:04:35,334 | INFO  | SCMAudit | user=jenkins1000 | ip=192.168.5.139 | op=SEND_HEARTBEAT {datanodeUUID=6a1036d9-12c3-40f5-8094-5440fe3d038e, command=[]} | ret=SUCCESS |  
2019-08-20 15:04:35,600 | INFO  | SCMAudit | user=jenkins1000 | ip=192.168.5.139 | op=SEND_HEARTBEAT {datanodeUUID=a2d6af90-c3d5-480c-824b-ae12d5e723ac, command=[]} | ret=SUCCESS |  
2019-08-20 15:04:35,759 | INFO  | SCMAudit | user=jenkins1000 | ip=192.168.5.139 | op=SEND_HEARTBEAT {datanodeUUID=81e6f177-0aa0-4cea-a559-904193532cd7, command=[]} | ret=SUCCESS |  
2019-08-20 15:04:35,932 | INFO  | SCMAudit | user=jenkins1000 | ip=192.168.5.139 | op=SEND_HEARTBEAT {datanodeUUID=fb8329f7-6337-4286-bcd2-d612923e448c, command=[]} | ret=SUCCESS |  
2019-08-20 15:04:35,975 | INFO  | SCMAudit | user=jenkins1000 | ip=192.168.5.139 | op=SEND_HEARTBEAT {datanodeUUID=c8a52875-dc52-43bc-af24-370bbdbe5589, command=[]} | ret=SUCCESS |  
2019-08-20 15:04:36,334 | INFO  | SCMAudit | user=jenkins1000 | ip=192.168.5.139 | op=SEND_HEARTBEAT {datanodeUUID=6a1036d9-12c3-40f5-8094-5440fe3d038e, command=[]} | ret=SUCCESS |  
2019-08-20 15:04:36,601 | INFO  | SCMAudit | user=jenkins1000 | ip=192.168.5.139 | op=SEND_HEARTBEAT {datanodeUUID=a2d6af90-c3d5-480c-824b-ae12d5e723ac, command=[]} | ret=SUCCESS |  
2019-08-20 15:04:36,759 | INFO  | SCMAudit | user=jenkins1000 | ip=192.168.5.139 | op=SEND_HEARTBEAT {datanodeUUID=81e6f177-0aa0-4cea-a559-904193532cd7, command=[]} | ret=SUCCESS |  
2019-08-20 15:04:36,932 | INFO  | SCMAudit | user=jenkins1000 | ip=192.168.5.139 | op=SEND_HEARTBEAT {datanodeUUID=fb8329f7-6337-4286-bcd2-d612923e448c, command=[]} | ret=SUCCESS |  
2019-08-20 15:04:36,975 | INFO  | SCMAudit | user=jenkins1000 | ip=192.168.5.139 | op=SEND_HEARTBEAT {datanodeUUID=c8a52875-dc52-43bc-af24-370bbdbe5589, command=[]} | ret=SUCCESS |  
2019-08-20 15:04:37,023 [grpc-default-executor-1] INFO  client.GrpcClientProtocolClient (GrpcClientProtocolClient.java:onNext(255)) - client-B5C9F3766F48->c8a52875-dc52-43bc-af24-370bbdbe5589: receive RaftClientReply:client-B5C9F3766F48->c8a52875-dc52-43bc-af24-370bbdbe5589@group-148C6D2B3700, cid=22, FAILED org.apache.ratis.protocol.NotLeaderException: Server c8a52875-dc52-43bc-af24-370bbdbe5589 is not the leader (null). Request must be sent to leader., logIndex=0, commits[c8a52875-dc52-43bc-af24-370bbdbe5589:c16, 36e09339-9dd8-4013-a821-6974d22e740b:c16, 2923d27d-94e5-4a4d-9917-f06e3e9de6d6:c16]
2019-08-20 15:04:37,334 | INFO  | SCMAudit | user=jenkins1000 | ip=192.168.5.139 | op=SEND_HEARTBEAT {datanodeUUID=6a1036d9-12c3-40f5-8094-5440fe3d038e, command=[]} | ret=SUCCESS |  
2019-08-20 15:04:37,602 | INFO  | SCMAudit | user=jenkins1000 | ip=192.168.5.139 | op=SEND_HEARTBEAT {datanodeUUID=a2d6af90-c3d5-480c-824b-ae12d5e723ac, command=[]} | ret=SUCCESS |  
2019-08-20 15:04:37,760 | INFO  | SCMAudit | user=jenkins1000 | ip=192.168.5.139 | op=SEND_HEARTBEAT {datanodeUUID=81e6f177-0aa0-4cea-a559-904193532cd7, command=[]} | ret=SUCCESS |  
2019-08-20 15:04:37,933 | INFO  | SCMAudit | user=jenkins1000 | ip=192.168.5.139 | op=SEND_HEARTBEAT {datanodeUUID=fb8329f7-6337-4286-bcd2-d612923e448c, command=[]} | ret=SUCCESS |  
2019-08-20 15:04:37,975 | INFO  | SCMAudit | user=jenkins1000 | ip=192.168.5.139 | op=SEND_HEARTBEAT {datanodeUUID=c8a52875-dc52-43bc-af24-370bbdbe5589, command=[]} | ret=SUCCESS |  
2019-08-20 15:04:38,335 | INFO  | SCMAudit | user=jenkins1000 | ip=192.168.5.139 | op=SEND_HEARTBEAT {datanodeUUID=6a1036d9-12c3-40f5-8094-5440fe3d038e, command=[]} | ret=SUCCESS |  
2019-08-20 15:04:38,601 | INFO  | SCMAudit | user=jenkins1000 | ip=192.168.5.139 | op=SEND_HEARTBEAT {datanodeUUID=a2d6af90-c3d5-480c-824b-ae12d5e723ac, command=[]} | ret=SUCCESS |  
2019-08-20 15:04:38,760 | INFO  | SCMAudit | user=jenkins1000 | ip=192.168.5.139 | op=SEND_HEARTBEAT {datanodeUUID=81e6f177-0aa0-4cea-a559-904193532cd7, command=[]} | ret=SUCCESS |  
2019-08-20 15:04:38,933 | INFO  | SCMAudit | user=jenkins1000 | ip=192.168.5.139 | op=SEND_HEARTBEAT {datanodeUUID=fb8329f7-6337-4286-bcd2-d612923e448c, command=[]} | ret=SUCCESS |  
2019-08-20 15:04:38,975 | INFO  | SCMAudit | user=jenkins1000 | ip=192.168.5.139 | op=SEND_HEARTBEAT {datanodeUUID=c8a52875-dc52-43bc-af24-370bbdbe5589, command=[]} | ret=SUCCESS |  
2019-08-20 15:04:39,336 | INFO  | SCMAudit | user=jenkins1000 | ip=192.168.5.139 | op=SEND_HEARTBEAT {datanodeUUID=6a1036d9-12c3-40f5-8094-5440fe3d038e, command=[]} | ret=SUCCESS |  
2019-08-20 15:04:39,602 | INFO  | SCMAudit | user=jenkins1000 | ip=192.168.5.139 | op=SEND_HEARTBEAT {datanodeUUID=a2d6af90-c3d5-480c-824b-ae12d5e723ac, command=[]} | ret=SUCCESS |  
2019-08-20 15:04:39,760 | INFO  | SCMAudit | user=jenkins1000 | ip=192.168.5.139 | op=SEND_HEARTBEAT {datanodeUUID=81e6f177-0aa0-4cea-a559-904193532cd7, command=[]} | ret=SUCCESS |  
2019-08-20 15:04:39,934 | INFO  | SCMAudit | user=jenkins1000 | ip=192.168.5.139 | op=SEND_HEARTBEAT {datanodeUUID=fb8329f7-6337-4286-bcd2-d612923e448c, command=[]} | ret=SUCCESS |  
2019-08-20 15:04:39,975 | INFO  | SCMAudit | user=jenkins1000 | ip=192.168.5.139 | op=SEND_HEARTBEAT {datanodeUUID=c8a52875-dc52-43bc-af24-370bbdbe5589, command=[]} | ret=SUCCESS |  
2019-08-20 15:04:40,336 | INFO  | SCMAudit | user=jenkins1000 | ip=192.168.5.139 | op=SEND_HEARTBEAT {datanodeUUID=6a1036d9-12c3-40f5-8094-5440fe3d038e, command=[]} | ret=SUCCESS |  
2019-08-20 15:04:40,393 [Thread-591] INFO  impl.FollowerState (FollowerState.java:run(106)) - c8a52875-dc52-43bc-af24-370bbdbe5589:group-148C6D2B3700 changes to CANDIDATE, lastRpcTime:5121, electionTimeout:5120ms
2019-08-20 15:04:40,393 [Thread-591] INFO  impl.RoleInfo (RoleInfo.java:shutdownFollowerState(121)) - c8a52875-dc52-43bc-af24-370bbdbe5589: shutdown FollowerState
2019-08-20 15:04:40,393 [Thread-591] INFO  impl.RaftServerImpl (RaftServerImpl.java:setRole(171)) - c8a52875-dc52-43bc-af24-370bbdbe5589:group-148C6D2B3700 changes role from FOLLOWER to CANDIDATE at term 10 for changeToCandidate
2019-08-20 15:04:40,394 [Thread-591] INFO  impl.RoleInfo (RoleInfo.java:updateAndGet(143)) - c8a52875-dc52-43bc-af24-370bbdbe5589: start LeaderElection
2019-08-20 15:04:40,412 [c8a52875-dc52-43bc-af24-370bbdbe5589:group-148C6D2B3700:LeaderElection20] INFO  impl.LeaderElection (LeaderElection.java:askForVotes(181)) - c8a52875-dc52-43bc-af24-370bbdbe5589:group-148C6D2B3700:LeaderElection20: begin an election at term 11 for 0: [36e09339-9dd8-4013-a821-6974d22e740b:192.168.5.139:37692, 2923d27d-94e5-4a4d-9917-f06e3e9de6d6:192.168.5.139:36527, c8a52875-dc52-43bc-af24-370bbdbe5589:192.168.5.139:38327], old=null
2019-08-20 15:04:40,413 [c8a52875-dc52-43bc-af24-370bbdbe5589:group-148C6D2B3700:LeaderElection20] INFO  impl.LeaderElection (LogUtils.java:infoOrTrace(149)) - c8a52875-dc52-43bc-af24-370bbdbe5589:group-148C6D2B3700:LeaderElection20 got exception when requesting votes: {}
java.util.concurrent.ExecutionException: org.apache.ratis.thirdparty.io.grpc.StatusRuntimeException: UNAVAILABLE: io exception
	at java.util.concurrent.FutureTask.report(FutureTask.java:122)
	at java.util.concurrent.FutureTask.get(FutureTask.java:192)
	at org.apache.ratis.server.impl.LeaderElection.waitForResults(LeaderElection.java:262)
	at org.apache.ratis.server.impl.LeaderElection.askForVotes(LeaderElection.java:200)
	at org.apache.ratis.server.impl.LeaderElection.run(LeaderElection.java:130)
	at java.lang.Thread.run(Thread.java:748)
Caused by: org.apache.ratis.thirdparty.io.grpc.StatusRuntimeException: UNAVAILABLE: io exception
	at org.apache.ratis.thirdparty.io.grpc.stub.ClientCalls.toStatusRuntimeException(ClientCalls.java:233)
	at org.apache.ratis.thirdparty.io.grpc.stub.ClientCalls.getUnchecked(ClientCalls.java:214)
	at org.apache.ratis.thirdparty.io.grpc.stub.ClientCalls.blockingUnaryCall(ClientCalls.java:139)
	at org.apache.ratis.proto.grpc.RaftServerProtocolServiceGrpc$RaftServerProtocolServiceBlockingStub.requestVote(RaftServerProtocolServiceGrpc.java:265)
	at org.apache.ratis.grpc.server.GrpcServerProtocolClient.requestVote(GrpcServerProtocolClient.java:83)
	at org.apache.ratis.grpc.server.GrpcService.requestVote(GrpcService.java:195)
	at org.apache.ratis.server.impl.LeaderElection.lambda$submitRequests$1(LeaderElection.java:237)
	at java.util.concurrent.FutureTask.run(FutureTask.java:266)
	at java.util.concurrent.Executors$RunnableAdapter.call(Executors.java:511)
	at java.util.concurrent.FutureTask.run(FutureTask.java:266)
	at java.util.concurrent.ThreadPoolExecutor.runWorker(ThreadPoolExecutor.java:1149)
	at java.util.concurrent.ThreadPoolExecutor$Worker.run(ThreadPoolExecutor.java:624)
	... 1 more
Caused by: org.apache.ratis.thirdparty.io.netty.channel.AbstractChannel$AnnotatedConnectException: Connection refused: /192.168.5.139:36527
	at sun.nio.ch.SocketChannelImpl.checkConnect(Native Method)
	at sun.nio.ch.SocketChannelImpl.finishConnect(SocketChannelImpl.java:717)
	at org.apache.ratis.thirdparty.io.netty.channel.socket.nio.NioSocketChannel.doFinishConnect(NioSocketChannel.java:327)
	at org.apache.ratis.thirdparty.io.netty.channel.nio.AbstractNioChannel$AbstractNioUnsafe.finishConnect(AbstractNioChannel.java:340)
	at org.apache.ratis.thirdparty.io.netty.channel.nio.NioEventLoop.processSelectedKey(NioEventLoop.java:632)
	at org.apache.ratis.thirdparty.io.netty.channel.nio.NioEventLoop.processSelectedKeysOptimized(NioEventLoop.java:579)
	at org.apache.ratis.thirdparty.io.netty.channel.nio.NioEventLoop.processSelectedKeys(NioEventLoop.java:496)
	at org.apache.ratis.thirdparty.io.netty.channel.nio.NioEventLoop.run(NioEventLoop.java:458)
	at org.apache.ratis.thirdparty.io.netty.util.concurrent.SingleThreadEventExecutor$5.run(SingleThreadEventExecutor.java:897)
	at org.apache.ratis.thirdparty.io.netty.util.concurrent.FastThreadLocalRunnable.run(FastThreadLocalRunnable.java:30)
	... 1 more
Caused by: java.net.ConnectException: Connection refused
	... 11 more
2019-08-20 15:04:40,415 [c8a52875-dc52-43bc-af24-370bbdbe5589:group-148C6D2B3700:LeaderElection20] INFO  impl.LeaderElection (LogUtils.java:infoOrTrace(149)) - c8a52875-dc52-43bc-af24-370bbdbe5589:group-148C6D2B3700:LeaderElection20 got exception when requesting votes: {}
java.util.concurrent.ExecutionException: org.apache.ratis.thirdparty.io.grpc.StatusRuntimeException: UNAVAILABLE: io exception
	at java.util.concurrent.FutureTask.report(FutureTask.java:122)
	at java.util.concurrent.FutureTask.get(FutureTask.java:192)
	at org.apache.ratis.server.impl.LeaderElection.waitForResults(LeaderElection.java:262)
	at org.apache.ratis.server.impl.LeaderElection.askForVotes(LeaderElection.java:200)
	at org.apache.ratis.server.impl.LeaderElection.run(LeaderElection.java:130)
	at java.lang.Thread.run(Thread.java:748)
Caused by: org.apache.ratis.thirdparty.io.grpc.StatusRuntimeException: UNAVAILABLE: io exception
	at org.apache.ratis.thirdparty.io.grpc.stub.ClientCalls.toStatusRuntimeException(ClientCalls.java:233)
	at org.apache.ratis.thirdparty.io.grpc.stub.ClientCalls.getUnchecked(ClientCalls.java:214)
	at org.apache.ratis.thirdparty.io.grpc.stub.ClientCalls.blockingUnaryCall(ClientCalls.java:139)
	at org.apache.ratis.proto.grpc.RaftServerProtocolServiceGrpc$RaftServerProtocolServiceBlockingStub.requestVote(RaftServerProtocolServiceGrpc.java:265)
	at org.apache.ratis.grpc.server.GrpcServerProtocolClient.requestVote(GrpcServerProtocolClient.java:83)
	at org.apache.ratis.grpc.server.GrpcService.requestVote(GrpcService.java:195)
	at org.apache.ratis.server.impl.LeaderElection.lambda$submitRequests$1(LeaderElection.java:237)
	at java.util.concurrent.FutureTask.run(FutureTask.java:266)
	at java.util.concurrent.Executors$RunnableAdapter.call(Executors.java:511)
	at java.util.concurrent.FutureTask.run(FutureTask.java:266)
	at java.util.concurrent.ThreadPoolExecutor.runWorker(ThreadPoolExecutor.java:1149)
	at java.util.concurrent.ThreadPoolExecutor$Worker.run(ThreadPoolExecutor.java:624)
	... 1 more
Caused by: org.apache.ratis.thirdparty.io.netty.channel.AbstractChannel$AnnotatedConnectException: Connection refused: /192.168.5.139:37692
	at sun.nio.ch.SocketChannelImpl.checkConnect(Native Method)
	at sun.nio.ch.SocketChannelImpl.finishConnect(SocketChannelImpl.java:717)
	at org.apache.ratis.thirdparty.io.netty.channel.socket.nio.NioSocketChannel.doFinishConnect(NioSocketChannel.java:327)
	at org.apache.ratis.thirdparty.io.netty.channel.nio.AbstractNioChannel$AbstractNioUnsafe.finishConnect(AbstractNioChannel.java:340)
	at org.apache.ratis.thirdparty.io.netty.channel.nio.NioEventLoop.processSelectedKey(NioEventLoop.java:632)
	at org.apache.ratis.thirdparty.io.netty.channel.nio.NioEventLoop.processSelectedKeysOptimized(NioEventLoop.java:579)
	at org.apache.ratis.thirdparty.io.netty.channel.nio.NioEventLoop.processSelectedKeys(NioEventLoop.java:496)
	at org.apache.ratis.thirdparty.io.netty.channel.nio.NioEventLoop.run(NioEventLoop.java:458)
	at org.apache.ratis.thirdparty.io.netty.util.concurrent.SingleThreadEventExecutor$5.run(SingleThreadEventExecutor.java:897)
	at org.apache.ratis.thirdparty.io.netty.util.concurrent.FastThreadLocalRunnable.run(FastThreadLocalRunnable.java:30)
	... 1 more
Caused by: java.net.ConnectException: Connection refused
	... 11 more
2019-08-20 15:04:40,434 [c8a52875-dc52-43bc-af24-370bbdbe5589:group-148C6D2B3700:LeaderElection20] INFO  impl.LeaderElection (LeaderElection.java:logAndReturn(56)) - c8a52875-dc52-43bc-af24-370bbdbe5589:group-148C6D2B3700:LeaderElection20: Election REJECTED; received 0 response(s) [] and 2 exception(s); c8a52875-dc52-43bc-af24-370bbdbe5589:t11, leader=null, voted=c8a52875-dc52-43bc-af24-370bbdbe5589, raftlog=c8a52875-dc52-43bc-af24-370bbdbe5589-SegmentedRaftLog:OPENED:c16,f16,i16, conf=0: [36e09339-9dd8-4013-a821-6974d22e740b:192.168.5.139:37692, 2923d27d-94e5-4a4d-9917-f06e3e9de6d6:192.168.5.139:36527, c8a52875-dc52-43bc-af24-370bbdbe5589:192.168.5.139:38327], old=null
2019-08-20 15:04:40,434 [c8a52875-dc52-43bc-af24-370bbdbe5589:group-148C6D2B3700:LeaderElection20] INFO  impl.LeaderElection (LogUtils.java:infoOrTrace(149)) -   Exception 0: {}
java.util.concurrent.ExecutionException: org.apache.ratis.thirdparty.io.grpc.StatusRuntimeException: UNAVAILABLE: io exception
	at java.util.concurrent.FutureTask.report(FutureTask.java:122)
	at java.util.concurrent.FutureTask.get(FutureTask.java:192)
	at org.apache.ratis.server.impl.LeaderElection.waitForResults(LeaderElection.java:262)
	at org.apache.ratis.server.impl.LeaderElection.askForVotes(LeaderElection.java:200)
	at org.apache.ratis.server.impl.LeaderElection.run(LeaderElection.java:130)
	at java.lang.Thread.run(Thread.java:748)
Caused by: org.apache.ratis.thirdparty.io.grpc.StatusRuntimeException: UNAVAILABLE: io exception
	at org.apache.ratis.thirdparty.io.grpc.stub.ClientCalls.toStatusRuntimeException(ClientCalls.java:233)
	at org.apache.ratis.thirdparty.io.grpc.stub.ClientCalls.getUnchecked(ClientCalls.java:214)
	at org.apache.ratis.thirdparty.io.grpc.stub.ClientCalls.blockingUnaryCall(ClientCalls.java:139)
	at org.apache.ratis.proto.grpc.RaftServerProtocolServiceGrpc$RaftServerProtocolServiceBlockingStub.requestVote(RaftServerProtocolServiceGrpc.java:265)
	at org.apache.ratis.grpc.server.GrpcServerProtocolClient.requestVote(GrpcServerProtocolClient.java:83)
	at org.apache.ratis.grpc.server.GrpcService.requestVote(GrpcService.java:195)
	at org.apache.ratis.server.impl.LeaderElection.lambda$submitRequests$1(LeaderElection.java:237)
	at java.util.concurrent.FutureTask.run(FutureTask.java:266)
	at java.util.concurrent.Executors$RunnableAdapter.call(Executors.java:511)
	at java.util.concurrent.FutureTask.run(FutureTask.java:266)
	at java.util.concurrent.ThreadPoolExecutor.runWorker(ThreadPoolExecutor.java:1149)
	at java.util.concurrent.ThreadPoolExecutor$Worker.run(ThreadPoolExecutor.java:624)
	... 1 more
Caused by: org.apache.ratis.thirdparty.io.netty.channel.AbstractChannel$AnnotatedConnectException: Connection refused: /192.168.5.139:36527
	at sun.nio.ch.SocketChannelImpl.checkConnect(Native Method)
	at sun.nio.ch.SocketChannelImpl.finishConnect(SocketChannelImpl.java:717)
	at org.apache.ratis.thirdparty.io.netty.channel.socket.nio.NioSocketChannel.doFinishConnect(NioSocketChannel.java:327)
	at org.apache.ratis.thirdparty.io.netty.channel.nio.AbstractNioChannel$AbstractNioUnsafe.finishConnect(AbstractNioChannel.java:340)
	at org.apache.ratis.thirdparty.io.netty.channel.nio.NioEventLoop.processSelectedKey(NioEventLoop.java:632)
	at org.apache.ratis.thirdparty.io.netty.channel.nio.NioEventLoop.processSelectedKeysOptimized(NioEventLoop.java:579)
	at org.apache.ratis.thirdparty.io.netty.channel.nio.NioEventLoop.processSelectedKeys(NioEventLoop.java:496)
	at org.apache.ratis.thirdparty.io.netty.channel.nio.NioEventLoop.run(NioEventLoop.java:458)
	at org.apache.ratis.thirdparty.io.netty.util.concurrent.SingleThreadEventExecutor$5.run(SingleThreadEventExecutor.java:897)
	at org.apache.ratis.thirdparty.io.netty.util.concurrent.FastThreadLocalRunnable.run(FastThreadLocalRunnable.java:30)
	... 1 more
Caused by: java.net.ConnectException: Connection refused
	... 11 more
2019-08-20 15:04:40,435 [c8a52875-dc52-43bc-af24-370bbdbe5589:group-148C6D2B3700:LeaderElection20] INFO  impl.LeaderElection (LogUtils.java:infoOrTrace(149)) -   Exception 1: {}
java.util.concurrent.ExecutionException: org.apache.ratis.thirdparty.io.grpc.StatusRuntimeException: UNAVAILABLE: io exception
	at java.util.concurrent.FutureTask.report(FutureTask.java:122)
	at java.util.concurrent.FutureTask.get(FutureTask.java:192)
	at org.apache.ratis.server.impl.LeaderElection.waitForResults(LeaderElection.java:262)
	at org.apache.ratis.server.impl.LeaderElection.askForVotes(LeaderElection.java:200)
	at org.apache.ratis.server.impl.LeaderElection.run(LeaderElection.java:130)
	at java.lang.Thread.run(Thread.java:748)
Caused by: org.apache.ratis.thirdparty.io.grpc.StatusRuntimeException: UNAVAILABLE: io exception
	at org.apache.ratis.thirdparty.io.grpc.stub.ClientCalls.toStatusRuntimeException(ClientCalls.java:233)
	at org.apache.ratis.thirdparty.io.grpc.stub.ClientCalls.getUnchecked(ClientCalls.java:214)
	at org.apache.ratis.thirdparty.io.grpc.stub.ClientCalls.blockingUnaryCall(ClientCalls.java:139)
	at org.apache.ratis.proto.grpc.RaftServerProtocolServiceGrpc$RaftServerProtocolServiceBlockingStub.requestVote(RaftServerProtocolServiceGrpc.java:265)
	at org.apache.ratis.grpc.server.GrpcServerProtocolClient.requestVote(GrpcServerProtocolClient.java:83)
	at org.apache.ratis.grpc.server.GrpcService.requestVote(GrpcService.java:195)
	at org.apache.ratis.server.impl.LeaderElection.lambda$submitRequests$1(LeaderElection.java:237)
	at java.util.concurrent.FutureTask.run(FutureTask.java:266)
	at java.util.concurrent.Executors$RunnableAdapter.call(Executors.java:511)
	at java.util.concurrent.FutureTask.run(FutureTask.java:266)
	at java.util.concurrent.ThreadPoolExecutor.runWorker(ThreadPoolExecutor.java:1149)
	at java.util.concurrent.ThreadPoolExecutor$Worker.run(ThreadPoolExecutor.java:624)
	... 1 more
Caused by: org.apache.ratis.thirdparty.io.netty.channel.AbstractChannel$AnnotatedConnectException: Connection refused: /192.168.5.139:37692
	at sun.nio.ch.SocketChannelImpl.checkConnect(Native Method)
	at sun.nio.ch.SocketChannelImpl.finishConnect(SocketChannelImpl.java:717)
	at org.apache.ratis.thirdparty.io.netty.channel.socket.nio.NioSocketChannel.doFinishConnect(NioSocketChannel.java:327)
	at org.apache.ratis.thirdparty.io.netty.channel.nio.AbstractNioChannel$AbstractNioUnsafe.finishConnect(AbstractNioChannel.java:340)
	at org.apache.ratis.thirdparty.io.netty.channel.nio.NioEventLoop.processSelectedKey(NioEventLoop.java:632)
	at org.apache.ratis.thirdparty.io.netty.channel.nio.NioEventLoop.processSelectedKeysOptimized(NioEventLoop.java:579)
	at org.apache.ratis.thirdparty.io.netty.channel.nio.NioEventLoop.processSelectedKeys(NioEventLoop.java:496)
	at org.apache.ratis.thirdparty.io.netty.channel.nio.NioEventLoop.run(NioEventLoop.java:458)
	at org.apache.ratis.thirdparty.io.netty.util.concurrent.SingleThreadEventExecutor$5.run(SingleThreadEventExecutor.java:897)
	at org.apache.ratis.thirdparty.io.netty.util.concurrent.FastThreadLocalRunnable.run(FastThreadLocalRunnable.java:30)
	... 1 more
Caused by: java.net.ConnectException: Connection refused
	... 11 more
2019-08-20 15:04:40,435 [c8a52875-dc52-43bc-af24-370bbdbe5589:group-148C6D2B3700:LeaderElection20] INFO  impl.RaftServerImpl (RaftServerImpl.java:setRole(171)) - c8a52875-dc52-43bc-af24-370bbdbe5589:group-148C6D2B3700 changes role from CANDIDATE to FOLLOWER at term 11 for DISCOVERED_A_NEW_TERM
2019-08-20 15:04:40,441 [c8a52875-dc52-43bc-af24-370bbdbe5589:group-148C6D2B3700:LeaderElection20] INFO  impl.RoleInfo (RoleInfo.java:shutdownLeaderElection(134)) - c8a52875-dc52-43bc-af24-370bbdbe5589: shutdown LeaderElection
2019-08-20 15:04:40,441 [c8a52875-dc52-43bc-af24-370bbdbe5589:group-148C6D2B3700:LeaderElection20] INFO  impl.RoleInfo (RoleInfo.java:updateAndGet(143)) - c8a52875-dc52-43bc-af24-370bbdbe5589: start FollowerState
2019-08-20 15:04:40,603 | INFO  | SCMAudit | user=jenkins1000 | ip=192.168.5.139 | op=SEND_HEARTBEAT {datanodeUUID=a2d6af90-c3d5-480c-824b-ae12d5e723ac, command=[]} | ret=SUCCESS |  
2019-08-20 15:04:40,761 | INFO  | SCMAudit | user=jenkins1000 | ip=192.168.5.139 | op=SEND_HEARTBEAT {datanodeUUID=81e6f177-0aa0-4cea-a559-904193532cd7, command=[]} | ret=SUCCESS |  
2019-08-20 15:04:40,935 | INFO  | SCMAudit | user=jenkins1000 | ip=192.168.5.139 | op=SEND_HEARTBEAT {datanodeUUID=fb8329f7-6337-4286-bcd2-d612923e448c, command=[]} | ret=SUCCESS |  
2019-08-20 15:04:40,975 | INFO  | SCMAudit | user=jenkins1000 | ip=192.168.5.139 | op=SEND_HEARTBEAT {datanodeUUID=c8a52875-dc52-43bc-af24-370bbdbe5589, command=[]} | ret=SUCCESS |  
2019-08-20 15:04:41,050 [grpc-default-executor-3] INFO  client.GrpcClientProtocolClient (GrpcClientProtocolClient.java:onNext(255)) - client-B5C9F3766F48->c8a52875-dc52-43bc-af24-370bbdbe5589: receive RaftClientReply:client-B5C9F3766F48->c8a52875-dc52-43bc-af24-370bbdbe5589@group-148C6D2B3700, cid=22, FAILED org.apache.ratis.protocol.NotLeaderException: Server c8a52875-dc52-43bc-af24-370bbdbe5589 is not the leader (null). Request must be sent to leader., logIndex=0, commits[c8a52875-dc52-43bc-af24-370bbdbe5589:c16, 36e09339-9dd8-4013-a821-6974d22e740b:c16, 2923d27d-94e5-4a4d-9917-f06e3e9de6d6:c16]
2019-08-20 15:04:41,336 | INFO  | SCMAudit | user=jenkins1000 | ip=192.168.5.139 | op=SEND_HEARTBEAT {datanodeUUID=6a1036d9-12c3-40f5-8094-5440fe3d038e, command=[]} | ret=SUCCESS |  
2019-08-20 15:04:41,602 | INFO  | SCMAudit | user=jenkins1000 | ip=192.168.5.139 | op=SEND_HEARTBEAT {datanodeUUID=a2d6af90-c3d5-480c-824b-ae12d5e723ac, command=[]} | ret=SUCCESS |  
2019-08-20 15:04:41,761 | INFO  | SCMAudit | user=jenkins1000 | ip=192.168.5.139 | op=SEND_HEARTBEAT {datanodeUUID=81e6f177-0aa0-4cea-a559-904193532cd7, command=[]} | ret=SUCCESS |  
2019-08-20 15:04:41,934 | INFO  | SCMAudit | user=jenkins1000 | ip=192.168.5.139 | op=SEND_HEARTBEAT {datanodeUUID=fb8329f7-6337-4286-bcd2-d612923e448c, command=[]} | ret=SUCCESS |  
2019-08-20 15:04:41,975 | INFO  | SCMAudit | user=jenkins1000 | ip=192.168.5.139 | op=SEND_HEARTBEAT {datanodeUUID=c8a52875-dc52-43bc-af24-370bbdbe5589, command=[]} | ret=SUCCESS |  
2019-08-20 15:04:42,335 | INFO  | SCMAudit | user=jenkins1000 | ip=192.168.5.139 | op=SEND_HEARTBEAT {datanodeUUID=6a1036d9-12c3-40f5-8094-5440fe3d038e, command=[]} | ret=SUCCESS |  
2019-08-20 15:04:42,602 | INFO  | SCMAudit | user=jenkins1000 | ip=192.168.5.139 | op=SEND_HEARTBEAT {datanodeUUID=a2d6af90-c3d5-480c-824b-ae12d5e723ac, command=[]} | ret=SUCCESS |  
2019-08-20 15:04:42,760 | INFO  | SCMAudit | user=jenkins1000 | ip=192.168.5.139 | op=SEND_HEARTBEAT {datanodeUUID=81e6f177-0aa0-4cea-a559-904193532cd7, command=[]} | ret=SUCCESS |  
2019-08-20 15:04:42,934 | INFO  | SCMAudit | user=jenkins1000 | ip=192.168.5.139 | op=SEND_HEARTBEAT {datanodeUUID=fb8329f7-6337-4286-bcd2-d612923e448c, command=[]} | ret=SUCCESS |  
2019-08-20 15:04:42,975 | INFO  | SCMAudit | user=jenkins1000 | ip=192.168.5.139 | op=SEND_HEARTBEAT {datanodeUUID=c8a52875-dc52-43bc-af24-370bbdbe5589, command=[]} | ret=SUCCESS |  
2019-08-20 15:04:43,068 [grpc-default-executor-1] INFO  client.GrpcClientProtocolClient (GrpcClientProtocolClient.java:onNext(255)) - client-B5C9F3766F48->c8a52875-dc52-43bc-af24-370bbdbe5589: receive RaftClientReply:client-B5C9F3766F48->c8a52875-dc52-43bc-af24-370bbdbe5589@group-148C6D2B3700, cid=22, FAILED org.apache.ratis.protocol.NotLeaderException: Server c8a52875-dc52-43bc-af24-370bbdbe5589 is not the leader (null). Request must be sent to leader., logIndex=0, commits[c8a52875-dc52-43bc-af24-370bbdbe5589:c16, 36e09339-9dd8-4013-a821-6974d22e740b:c16, 2923d27d-94e5-4a4d-9917-f06e3e9de6d6:c16]
2019-08-20 15:04:43,335 | INFO  | SCMAudit | user=jenkins1000 | ip=192.168.5.139 | op=SEND_HEARTBEAT {datanodeUUID=6a1036d9-12c3-40f5-8094-5440fe3d038e, command=[]} | ret=SUCCESS |  
2019-08-20 15:04:43,602 | INFO  | SCMAudit | user=jenkins1000 | ip=192.168.5.139 | op=SEND_HEARTBEAT {datanodeUUID=a2d6af90-c3d5-480c-824b-ae12d5e723ac, command=[]} | ret=SUCCESS |  
2019-08-20 15:04:43,760 | INFO  | SCMAudit | user=jenkins1000 | ip=192.168.5.139 | op=SEND_HEARTBEAT {datanodeUUID=81e6f177-0aa0-4cea-a559-904193532cd7, command=[]} | ret=SUCCESS |  
2019-08-20 15:04:43,934 | INFO  | SCMAudit | user=jenkins1000 | ip=192.168.5.139 | op=SEND_HEARTBEAT {datanodeUUID=fb8329f7-6337-4286-bcd2-d612923e448c, command=[]} | ret=SUCCESS |  
2019-08-20 15:04:43,975 | INFO  | SCMAudit | user=jenkins1000 | ip=192.168.5.139 | op=SEND_HEARTBEAT {datanodeUUID=c8a52875-dc52-43bc-af24-370bbdbe5589, command=[]} | ret=SUCCESS |  
2019-08-20 15:04:44,335 | INFO  | SCMAudit | user=jenkins1000 | ip=192.168.5.139 | op=SEND_HEARTBEAT {datanodeUUID=6a1036d9-12c3-40f5-8094-5440fe3d038e, command=[]} | ret=SUCCESS |  
2019-08-20 15:04:44,602 | INFO  | SCMAudit | user=jenkins1000 | ip=192.168.5.139 | op=SEND_HEARTBEAT {datanodeUUID=a2d6af90-c3d5-480c-824b-ae12d5e723ac, command=[]} | ret=SUCCESS |  
2019-08-20 15:04:44,760 | INFO  | SCMAudit | user=jenkins1000 | ip=192.168.5.139 | op=SEND_HEARTBEAT {datanodeUUID=81e6f177-0aa0-4cea-a559-904193532cd7, command=[]} | ret=SUCCESS |  
2019-08-20 15:04:44,934 | INFO  | SCMAudit | user=jenkins1000 | ip=192.168.5.139 | op=SEND_HEARTBEAT {datanodeUUID=fb8329f7-6337-4286-bcd2-d612923e448c, command=[]} | ret=SUCCESS |  
2019-08-20 15:04:44,975 | INFO  | SCMAudit | user=jenkins1000 | ip=192.168.5.139 | op=SEND_HEARTBEAT {datanodeUUID=c8a52875-dc52-43bc-af24-370bbdbe5589, command=[]} | ret=SUCCESS |  
2019-08-20 15:04:45,087 [grpc-default-executor-2] INFO  client.GrpcClientProtocolClient (GrpcClientProtocolClient.java:onNext(255)) - client-B5C9F3766F48->c8a52875-dc52-43bc-af24-370bbdbe5589: receive RaftClientReply:client-B5C9F3766F48->c8a52875-dc52-43bc-af24-370bbdbe5589@group-148C6D2B3700, cid=22, FAILED org.apache.ratis.protocol.NotLeaderException: Server c8a52875-dc52-43bc-af24-370bbdbe5589 is not the leader (null). Request must be sent to leader., logIndex=0, commits[c8a52875-dc52-43bc-af24-370bbdbe5589:c16, 36e09339-9dd8-4013-a821-6974d22e740b:c16, 2923d27d-94e5-4a4d-9917-f06e3e9de6d6:c16]
2019-08-20 15:04:45,335 | INFO  | SCMAudit | user=jenkins1000 | ip=192.168.5.139 | op=SEND_HEARTBEAT {datanodeUUID=6a1036d9-12c3-40f5-8094-5440fe3d038e, command=[]} | ret=SUCCESS |  
2019-08-20 15:04:45,487 [Thread-610] INFO  impl.FollowerState (FollowerState.java:run(106)) - c8a52875-dc52-43bc-af24-370bbdbe5589:group-148C6D2B3700 changes to CANDIDATE, lastRpcTime:5045, electionTimeout:5045ms
2019-08-20 15:04:45,487 [Thread-610] INFO  impl.RoleInfo (RoleInfo.java:shutdownFollowerState(121)) - c8a52875-dc52-43bc-af24-370bbdbe5589: shutdown FollowerState
2019-08-20 15:04:45,487 [Thread-610] INFO  impl.RaftServerImpl (RaftServerImpl.java:setRole(171)) - c8a52875-dc52-43bc-af24-370bbdbe5589:group-148C6D2B3700 changes role from FOLLOWER to CANDIDATE at term 11 for changeToCandidate
2019-08-20 15:04:45,487 [Thread-610] INFO  impl.RoleInfo (RoleInfo.java:updateAndGet(143)) - c8a52875-dc52-43bc-af24-370bbdbe5589: start LeaderElection
2019-08-20 15:04:45,534 [c8a52875-dc52-43bc-af24-370bbdbe5589:group-148C6D2B3700:LeaderElection21] INFO  impl.LeaderElection (LeaderElection.java:askForVotes(181)) - c8a52875-dc52-43bc-af24-370bbdbe5589:group-148C6D2B3700:LeaderElection21: begin an election at term 12 for 0: [36e09339-9dd8-4013-a821-6974d22e740b:192.168.5.139:37692, 2923d27d-94e5-4a4d-9917-f06e3e9de6d6:192.168.5.139:36527, c8a52875-dc52-43bc-af24-370bbdbe5589:192.168.5.139:38327], old=null
2019-08-20 15:04:45,535 [c8a52875-dc52-43bc-af24-370bbdbe5589:group-148C6D2B3700:LeaderElection21] INFO  impl.LeaderElection (LogUtils.java:infoOrTrace(149)) - c8a52875-dc52-43bc-af24-370bbdbe5589:group-148C6D2B3700:LeaderElection21 got exception when requesting votes: {}
java.util.concurrent.ExecutionException: org.apache.ratis.thirdparty.io.grpc.StatusRuntimeException: UNAVAILABLE: io exception
	at java.util.concurrent.FutureTask.report(FutureTask.java:122)
	at java.util.concurrent.FutureTask.get(FutureTask.java:192)
	at org.apache.ratis.server.impl.LeaderElection.waitForResults(LeaderElection.java:262)
	at org.apache.ratis.server.impl.LeaderElection.askForVotes(LeaderElection.java:200)
	at org.apache.ratis.server.impl.LeaderElection.run(LeaderElection.java:130)
	at java.lang.Thread.run(Thread.java:748)
Caused by: org.apache.ratis.thirdparty.io.grpc.StatusRuntimeException: UNAVAILABLE: io exception
	at org.apache.ratis.thirdparty.io.grpc.stub.ClientCalls.toStatusRuntimeException(ClientCalls.java:233)
	at org.apache.ratis.thirdparty.io.grpc.stub.ClientCalls.getUnchecked(ClientCalls.java:214)
	at org.apache.ratis.thirdparty.io.grpc.stub.ClientCalls.blockingUnaryCall(ClientCalls.java:139)
	at org.apache.ratis.proto.grpc.RaftServerProtocolServiceGrpc$RaftServerProtocolServiceBlockingStub.requestVote(RaftServerProtocolServiceGrpc.java:265)
	at org.apache.ratis.grpc.server.GrpcServerProtocolClient.requestVote(GrpcServerProtocolClient.java:83)
	at org.apache.ratis.grpc.server.GrpcService.requestVote(GrpcService.java:195)
	at org.apache.ratis.server.impl.LeaderElection.lambda$submitRequests$1(LeaderElection.java:237)
	at java.util.concurrent.FutureTask.run(FutureTask.java:266)
	at java.util.concurrent.Executors$RunnableAdapter.call(Executors.java:511)
	at java.util.concurrent.FutureTask.run(FutureTask.java:266)
	at java.util.concurrent.ThreadPoolExecutor.runWorker(ThreadPoolExecutor.java:1149)
	at java.util.concurrent.ThreadPoolExecutor$Worker.run(ThreadPoolExecutor.java:624)
	... 1 more
Caused by: org.apache.ratis.thirdparty.io.netty.channel.AbstractChannel$AnnotatedConnectException: Connection refused: /192.168.5.139:37692
	at sun.nio.ch.SocketChannelImpl.checkConnect(Native Method)
	at sun.nio.ch.SocketChannelImpl.finishConnect(SocketChannelImpl.java:717)
	at org.apache.ratis.thirdparty.io.netty.channel.socket.nio.NioSocketChannel.doFinishConnect(NioSocketChannel.java:327)
	at org.apache.ratis.thirdparty.io.netty.channel.nio.AbstractNioChannel$AbstractNioUnsafe.finishConnect(AbstractNioChannel.java:340)
	at org.apache.ratis.thirdparty.io.netty.channel.nio.NioEventLoop.processSelectedKey(NioEventLoop.java:632)
	at org.apache.ratis.thirdparty.io.netty.channel.nio.NioEventLoop.processSelectedKeysOptimized(NioEventLoop.java:579)
	at org.apache.ratis.thirdparty.io.netty.channel.nio.NioEventLoop.processSelectedKeys(NioEventLoop.java:496)
	at org.apache.ratis.thirdparty.io.netty.channel.nio.NioEventLoop.run(NioEventLoop.java:458)
	at org.apache.ratis.thirdparty.io.netty.util.concurrent.SingleThreadEventExecutor$5.run(SingleThreadEventExecutor.java:897)
	at org.apache.ratis.thirdparty.io.netty.util.concurrent.FastThreadLocalRunnable.run(FastThreadLocalRunnable.java:30)
	... 1 more
Caused by: java.net.ConnectException: Connection refused
	... 11 more
2019-08-20 15:04:45,538 [c8a52875-dc52-43bc-af24-370bbdbe5589:group-148C6D2B3700:LeaderElection21] INFO  impl.LeaderElection (LogUtils.java:infoOrTrace(149)) - c8a52875-dc52-43bc-af24-370bbdbe5589:group-148C6D2B3700:LeaderElection21 got exception when requesting votes: {}
java.util.concurrent.ExecutionException: org.apache.ratis.thirdparty.io.grpc.StatusRuntimeException: UNAVAILABLE: io exception
	at java.util.concurrent.FutureTask.report(FutureTask.java:122)
	at java.util.concurrent.FutureTask.get(FutureTask.java:192)
	at org.apache.ratis.server.impl.LeaderElection.waitForResults(LeaderElection.java:262)
	at org.apache.ratis.server.impl.LeaderElection.askForVotes(LeaderElection.java:200)
	at org.apache.ratis.server.impl.LeaderElection.run(LeaderElection.java:130)
	at java.lang.Thread.run(Thread.java:748)
Caused by: org.apache.ratis.thirdparty.io.grpc.StatusRuntimeException: UNAVAILABLE: io exception
	at org.apache.ratis.thirdparty.io.grpc.stub.ClientCalls.toStatusRuntimeException(ClientCalls.java:233)
	at org.apache.ratis.thirdparty.io.grpc.stub.ClientCalls.getUnchecked(ClientCalls.java:214)
	at org.apache.ratis.thirdparty.io.grpc.stub.ClientCalls.blockingUnaryCall(ClientCalls.java:139)
	at org.apache.ratis.proto.grpc.RaftServerProtocolServiceGrpc$RaftServerProtocolServiceBlockingStub.requestVote(RaftServerProtocolServiceGrpc.java:265)
	at org.apache.ratis.grpc.server.GrpcServerProtocolClient.requestVote(GrpcServerProtocolClient.java:83)
	at org.apache.ratis.grpc.server.GrpcService.requestVote(GrpcService.java:195)
	at org.apache.ratis.server.impl.LeaderElection.lambda$submitRequests$1(LeaderElection.java:237)
	at java.util.concurrent.FutureTask.run(FutureTask.java:266)
	at java.util.concurrent.Executors$RunnableAdapter.call(Executors.java:511)
	at java.util.concurrent.FutureTask.run(FutureTask.java:266)
	at java.util.concurrent.ThreadPoolExecutor.runWorker(ThreadPoolExecutor.java:1149)
	at java.util.concurrent.ThreadPoolExecutor$Worker.run(ThreadPoolExecutor.java:624)
	... 1 more
Caused by: org.apache.ratis.thirdparty.io.netty.channel.AbstractChannel$AnnotatedConnectException: Connection refused: /192.168.5.139:36527
	at sun.nio.ch.SocketChannelImpl.checkConnect(Native Method)
	at sun.nio.ch.SocketChannelImpl.finishConnect(SocketChannelImpl.java:717)
	at org.apache.ratis.thirdparty.io.netty.channel.socket.nio.NioSocketChannel.doFinishConnect(NioSocketChannel.java:327)
	at org.apache.ratis.thirdparty.io.netty.channel.nio.AbstractNioChannel$AbstractNioUnsafe.finishConnect(AbstractNioChannel.java:340)
	at org.apache.ratis.thirdparty.io.netty.channel.nio.NioEventLoop.processSelectedKey(NioEventLoop.java:632)
	at org.apache.ratis.thirdparty.io.netty.channel.nio.NioEventLoop.processSelectedKeysOptimized(NioEventLoop.java:579)
	at org.apache.ratis.thirdparty.io.netty.channel.nio.NioEventLoop.processSelectedKeys(NioEventLoop.java:496)
	at org.apache.ratis.thirdparty.io.netty.channel.nio.NioEventLoop.run(NioEventLoop.java:458)
	at org.apache.ratis.thirdparty.io.netty.util.concurrent.SingleThreadEventExecutor$5.run(SingleThreadEventExecutor.java:897)
	at org.apache.ratis.thirdparty.io.netty.util.concurrent.FastThreadLocalRunnable.run(FastThreadLocalRunnable.java:30)
	... 1 more
Caused by: java.net.ConnectException: Connection refused
	... 11 more
2019-08-20 15:04:45,541 [c8a52875-dc52-43bc-af24-370bbdbe5589:group-148C6D2B3700:LeaderElection21] INFO  impl.LeaderElection (LeaderElection.java:logAndReturn(56)) - c8a52875-dc52-43bc-af24-370bbdbe5589:group-148C6D2B3700:LeaderElection21: Election REJECTED; received 0 response(s) [] and 2 exception(s); c8a52875-dc52-43bc-af24-370bbdbe5589:t12, leader=null, voted=c8a52875-dc52-43bc-af24-370bbdbe5589, raftlog=c8a52875-dc52-43bc-af24-370bbdbe5589-SegmentedRaftLog:OPENED:c16,f16,i16, conf=0: [36e09339-9dd8-4013-a821-6974d22e740b:192.168.5.139:37692, 2923d27d-94e5-4a4d-9917-f06e3e9de6d6:192.168.5.139:36527, c8a52875-dc52-43bc-af24-370bbdbe5589:192.168.5.139:38327], old=null
2019-08-20 15:04:45,541 [c8a52875-dc52-43bc-af24-370bbdbe5589:group-148C6D2B3700:LeaderElection21] INFO  impl.LeaderElection (LogUtils.java:infoOrTrace(149)) -   Exception 0: {}
java.util.concurrent.ExecutionException: org.apache.ratis.thirdparty.io.grpc.StatusRuntimeException: UNAVAILABLE: io exception
	at java.util.concurrent.FutureTask.report(FutureTask.java:122)
	at java.util.concurrent.FutureTask.get(FutureTask.java:192)
	at org.apache.ratis.server.impl.LeaderElection.waitForResults(LeaderElection.java:262)
	at org.apache.ratis.server.impl.LeaderElection.askForVotes(LeaderElection.java:200)
	at org.apache.ratis.server.impl.LeaderElection.run(LeaderElection.java:130)
	at java.lang.Thread.run(Thread.java:748)
Caused by: org.apache.ratis.thirdparty.io.grpc.StatusRuntimeException: UNAVAILABLE: io exception
	at org.apache.ratis.thirdparty.io.grpc.stub.ClientCalls.toStatusRuntimeException(ClientCalls.java:233)
	at org.apache.ratis.thirdparty.io.grpc.stub.ClientCalls.getUnchecked(ClientCalls.java:214)
	at org.apache.ratis.thirdparty.io.grpc.stub.ClientCalls.blockingUnaryCall(ClientCalls.java:139)
	at org.apache.ratis.proto.grpc.RaftServerProtocolServiceGrpc$RaftServerProtocolServiceBlockingStub.requestVote(RaftServerProtocolServiceGrpc.java:265)
	at org.apache.ratis.grpc.server.GrpcServerProtocolClient.requestVote(GrpcServerProtocolClient.java:83)
	at org.apache.ratis.grpc.server.GrpcService.requestVote(GrpcService.java:195)
	at org.apache.ratis.server.impl.LeaderElection.lambda$submitRequests$1(LeaderElection.java:237)
	at java.util.concurrent.FutureTask.run(FutureTask.java:266)
	at java.util.concurrent.Executors$RunnableAdapter.call(Executors.java:511)
	at java.util.concurrent.FutureTask.run(FutureTask.java:266)
	at java.util.concurrent.ThreadPoolExecutor.runWorker(ThreadPoolExecutor.java:1149)
	at java.util.concurrent.ThreadPoolExecutor$Worker.run(ThreadPoolExecutor.java:624)
	... 1 more
Caused by: org.apache.ratis.thirdparty.io.netty.channel.AbstractChannel$AnnotatedConnectException: Connection refused: /192.168.5.139:37692
	at sun.nio.ch.SocketChannelImpl.checkConnect(Native Method)
	at sun.nio.ch.SocketChannelImpl.finishConnect(SocketChannelImpl.java:717)
	at org.apache.ratis.thirdparty.io.netty.channel.socket.nio.NioSocketChannel.doFinishConnect(NioSocketChannel.java:327)
	at org.apache.ratis.thirdparty.io.netty.channel.nio.AbstractNioChannel$AbstractNioUnsafe.finishConnect(AbstractNioChannel.java:340)
	at org.apache.ratis.thirdparty.io.netty.channel.nio.NioEventLoop.processSelectedKey(NioEventLoop.java:632)
	at org.apache.ratis.thirdparty.io.netty.channel.nio.NioEventLoop.processSelectedKeysOptimized(NioEventLoop.java:579)
	at org.apache.ratis.thirdparty.io.netty.channel.nio.NioEventLoop.processSelectedKeys(NioEventLoop.java:496)
	at org.apache.ratis.thirdparty.io.netty.channel.nio.NioEventLoop.run(NioEventLoop.java:458)
	at org.apache.ratis.thirdparty.io.netty.util.concurrent.SingleThreadEventExecutor$5.run(SingleThreadEventExecutor.java:897)
	at org.apache.ratis.thirdparty.io.netty.util.concurrent.FastThreadLocalRunnable.run(FastThreadLocalRunnable.java:30)
	... 1 more
Caused by: java.net.ConnectException: Connection refused
	... 11 more
2019-08-20 15:04:45,541 [c8a52875-dc52-43bc-af24-370bbdbe5589:group-148C6D2B3700:LeaderElection21] INFO  impl.LeaderElection (LogUtils.java:infoOrTrace(149)) -   Exception 1: {}
java.util.concurrent.ExecutionException: org.apache.ratis.thirdparty.io.grpc.StatusRuntimeException: UNAVAILABLE: io exception
	at java.util.concurrent.FutureTask.report(FutureTask.java:122)
	at java.util.concurrent.FutureTask.get(FutureTask.java:192)
	at org.apache.ratis.server.impl.LeaderElection.waitForResults(LeaderElection.java:262)
	at org.apache.ratis.server.impl.LeaderElection.askForVotes(LeaderElection.java:200)
	at org.apache.ratis.server.impl.LeaderElection.run(LeaderElection.java:130)
	at java.lang.Thread.run(Thread.java:748)
Caused by: org.apache.ratis.thirdparty.io.grpc.StatusRuntimeException: UNAVAILABLE: io exception
	at org.apache.ratis.thirdparty.io.grpc.stub.ClientCalls.toStatusRuntimeException(ClientCalls.java:233)
	at org.apache.ratis.thirdparty.io.grpc.stub.ClientCalls.getUnchecked(ClientCalls.java:214)
	at org.apache.ratis.thirdparty.io.grpc.stub.ClientCalls.blockingUnaryCall(ClientCalls.java:139)
	at org.apache.ratis.proto.grpc.RaftServerProtocolServiceGrpc$RaftServerProtocolServiceBlockingStub.requestVote(RaftServerProtocolServiceGrpc.java:265)
	at org.apache.ratis.grpc.server.GrpcServerProtocolClient.requestVote(GrpcServerProtocolClient.java:83)
	at org.apache.ratis.grpc.server.GrpcService.requestVote(GrpcService.java:195)
	at org.apache.ratis.server.impl.LeaderElection.lambda$submitRequests$1(LeaderElection.java:237)
	at java.util.concurrent.FutureTask.run(FutureTask.java:266)
	at java.util.concurrent.Executors$RunnableAdapter.call(Executors.java:511)
	at java.util.concurrent.FutureTask.run(FutureTask.java:266)
	at java.util.concurrent.ThreadPoolExecutor.runWorker(ThreadPoolExecutor.java:1149)
	at java.util.concurrent.ThreadPoolExecutor$Worker.run(ThreadPoolExecutor.java:624)
	... 1 more
Caused by: org.apache.ratis.thirdparty.io.netty.channel.AbstractChannel$AnnotatedConnectException: Connection refused: /192.168.5.139:36527
	at sun.nio.ch.SocketChannelImpl.checkConnect(Native Method)
	at sun.nio.ch.SocketChannelImpl.finishConnect(SocketChannelImpl.java:717)
	at org.apache.ratis.thirdparty.io.netty.channel.socket.nio.NioSocketChannel.doFinishConnect(NioSocketChannel.java:327)
	at org.apache.ratis.thirdparty.io.netty.channel.nio.AbstractNioChannel$AbstractNioUnsafe.finishConnect(AbstractNioChannel.java:340)
	at org.apache.ratis.thirdparty.io.netty.channel.nio.NioEventLoop.processSelectedKey(NioEventLoop.java:632)
	at org.apache.ratis.thirdparty.io.netty.channel.nio.NioEventLoop.processSelectedKeysOptimized(NioEventLoop.java:579)
	at org.apache.ratis.thirdparty.io.netty.channel.nio.NioEventLoop.processSelectedKeys(NioEventLoop.java:496)
	at org.apache.ratis.thirdparty.io.netty.channel.nio.NioEventLoop.run(NioEventLoop.java:458)
	at org.apache.ratis.thirdparty.io.netty.util.concurrent.SingleThreadEventExecutor$5.run(SingleThreadEventExecutor.java:897)
	at org.apache.ratis.thirdparty.io.netty.util.concurrent.FastThreadLocalRunnable.run(FastThreadLocalRunnable.java:30)
	... 1 more
Caused by: java.net.ConnectException: Connection refused
	... 11 more
2019-08-20 15:04:45,542 [c8a52875-dc52-43bc-af24-370bbdbe5589:group-148C6D2B3700:LeaderElection21] INFO  impl.RaftServerImpl (RaftServerImpl.java:setRole(171)) - c8a52875-dc52-43bc-af24-370bbdbe5589:group-148C6D2B3700 changes role from CANDIDATE to FOLLOWER at term 12 for DISCOVERED_A_NEW_TERM
2019-08-20 15:04:45,544 [c8a52875-dc52-43bc-af24-370bbdbe5589:group-148C6D2B3700:LeaderElection21] INFO  impl.RoleInfo (RoleInfo.java:shutdownLeaderElection(134)) - c8a52875-dc52-43bc-af24-370bbdbe5589: shutdown LeaderElection
2019-08-20 15:04:45,544 [c8a52875-dc52-43bc-af24-370bbdbe5589:group-148C6D2B3700:LeaderElection21] INFO  impl.RoleInfo (RoleInfo.java:updateAndGet(143)) - c8a52875-dc52-43bc-af24-370bbdbe5589: start FollowerState
2019-08-20 15:04:45,603 | INFO  | SCMAudit | user=jenkins1000 | ip=192.168.5.139 | op=SEND_HEARTBEAT {datanodeUUID=a2d6af90-c3d5-480c-824b-ae12d5e723ac, command=[]} | ret=SUCCESS |  
2019-08-20 15:04:45,761 | INFO  | SCMAudit | user=jenkins1000 | ip=192.168.5.139 | op=SEND_HEARTBEAT {datanodeUUID=81e6f177-0aa0-4cea-a559-904193532cd7, command=[]} | ret=SUCCESS |  
2019-08-20 15:04:45,934 | INFO  | SCMAudit | user=jenkins1000 | ip=192.168.5.139 | op=SEND_HEARTBEAT {datanodeUUID=fb8329f7-6337-4286-bcd2-d612923e448c, command=[]} | ret=SUCCESS |  
2019-08-20 15:04:45,975 | INFO  | SCMAudit | user=jenkins1000 | ip=192.168.5.139 | op=SEND_HEARTBEAT {datanodeUUID=c8a52875-dc52-43bc-af24-370bbdbe5589, command=[]} | ret=SUCCESS |  
2019-08-20 15:04:46,336 | INFO  | SCMAudit | user=jenkins1000 | ip=192.168.5.139 | op=SEND_HEARTBEAT {datanodeUUID=6a1036d9-12c3-40f5-8094-5440fe3d038e, command=[]} | ret=SUCCESS |  
2019-08-20 15:04:46,602 | INFO  | SCMAudit | user=jenkins1000 | ip=192.168.5.139 | op=SEND_HEARTBEAT {datanodeUUID=a2d6af90-c3d5-480c-824b-ae12d5e723ac, command=[]} | ret=SUCCESS |  
2019-08-20 15:04:46,760 | INFO  | SCMAudit | user=jenkins1000 | ip=192.168.5.139 | op=SEND_HEARTBEAT {datanodeUUID=81e6f177-0aa0-4cea-a559-904193532cd7, command=[]} | ret=SUCCESS |  
2019-08-20 15:04:46,935 | INFO  | SCMAudit | user=jenkins1000 | ip=192.168.5.139 | op=SEND_HEARTBEAT {datanodeUUID=fb8329f7-6337-4286-bcd2-d612923e448c, command=[]} | ret=SUCCESS |  
2019-08-20 15:04:46,976 | INFO  | SCMAudit | user=jenkins1000 | ip=192.168.5.139 | op=SEND_HEARTBEAT {datanodeUUID=c8a52875-dc52-43bc-af24-370bbdbe5589, command=[]} | ret=SUCCESS |  
2019-08-20 15:04:47,335 | INFO  | SCMAudit | user=jenkins1000 | ip=192.168.5.139 | op=SEND_HEARTBEAT {datanodeUUID=6a1036d9-12c3-40f5-8094-5440fe3d038e, command=[]} | ret=SUCCESS |  
2019-08-20 15:04:47,602 | INFO  | SCMAudit | user=jenkins1000 | ip=192.168.5.139 | op=SEND_HEARTBEAT {datanodeUUID=a2d6af90-c3d5-480c-824b-ae12d5e723ac, command=[]} | ret=SUCCESS |  
2019-08-20 15:04:47,761 | INFO  | SCMAudit | user=jenkins1000 | ip=192.168.5.139 | op=SEND_HEARTBEAT {datanodeUUID=81e6f177-0aa0-4cea-a559-904193532cd7, command=[]} | ret=SUCCESS |  
2019-08-20 15:04:47,934 | INFO  | SCMAudit | user=jenkins1000 | ip=192.168.5.139 | op=SEND_HEARTBEAT {datanodeUUID=fb8329f7-6337-4286-bcd2-d612923e448c, command=[]} | ret=SUCCESS |  
2019-08-20 15:04:47,975 | INFO  | SCMAudit | user=jenkins1000 | ip=192.168.5.139 | op=SEND_HEARTBEAT {datanodeUUID=c8a52875-dc52-43bc-af24-370bbdbe5589, command=[]} | ret=SUCCESS |  
2019-08-20 15:04:48,335 | INFO  | SCMAudit | user=jenkins1000 | ip=192.168.5.139 | op=SEND_HEARTBEAT {datanodeUUID=6a1036d9-12c3-40f5-8094-5440fe3d038e, command=[]} | ret=SUCCESS |  
2019-08-20 15:04:48,603 | INFO  | SCMAudit | user=jenkins1000 | ip=192.168.5.139 | op=SEND_HEARTBEAT {datanodeUUID=a2d6af90-c3d5-480c-824b-ae12d5e723ac, command=[]} | ret=SUCCESS |  
2019-08-20 15:04:48,760 | INFO  | SCMAudit | user=jenkins1000 | ip=192.168.5.139 | op=SEND_HEARTBEAT {datanodeUUID=81e6f177-0aa0-4cea-a559-904193532cd7, command=[]} | ret=SUCCESS |  
2019-08-20 15:04:48,934 | INFO  | SCMAudit | user=jenkins1000 | ip=192.168.5.139 | op=SEND_HEARTBEAT {datanodeUUID=fb8329f7-6337-4286-bcd2-d612923e448c, command=[]} | ret=SUCCESS |  
2019-08-20 15:04:48,976 | INFO  | SCMAudit | user=jenkins1000 | ip=192.168.5.139 | op=SEND_HEARTBEAT {datanodeUUID=c8a52875-dc52-43bc-af24-370bbdbe5589, command=[]} | ret=SUCCESS |  
2019-08-20 15:04:49,335 | INFO  | SCMAudit | user=jenkins1000 | ip=192.168.5.139 | op=SEND_HEARTBEAT {datanodeUUID=6a1036d9-12c3-40f5-8094-5440fe3d038e, command=[]} | ret=SUCCESS |  
2019-08-20 15:04:49,602 | INFO  | SCMAudit | user=jenkins1000 | ip=192.168.5.139 | op=SEND_HEARTBEAT {datanodeUUID=a2d6af90-c3d5-480c-824b-ae12d5e723ac, command=[]} | ret=SUCCESS |  
2019-08-20 15:04:49,760 | INFO  | SCMAudit | user=jenkins1000 | ip=192.168.5.139 | op=SEND_HEARTBEAT {datanodeUUID=81e6f177-0aa0-4cea-a559-904193532cd7, command=[]} | ret=SUCCESS |  
2019-08-20 15:04:49,933 [RatisPipelineUtilsThread] WARN  pipeline.RatisPipelineUtils (RatisPipelineUtils.java:destroyPipeline(66)) - Pipeline destroy failed for pipeline=PipelineID=2df56b4c-9383-4169-8900-7c071e4c4d19 dn=36e09339-9dd8-4013-a821-6974d22e740b{ip: 192.168.5.139, host: pr-hdds-1200-9hlr9-3148487106, networkLocation: /default-rack, certSerialId: null}
2019-08-20 15:04:49,933 [RatisPipelineUtilsThread] INFO  pipeline.PipelineStateManager (PipelineStateManager.java:removePipeline(108)) - Pipeline Pipeline[ Id: 2df56b4c-9383-4169-8900-7c071e4c4d19, Nodes: 36e09339-9dd8-4013-a821-6974d22e740b{ip: 192.168.5.139, host: pr-hdds-1200-9hlr9-3148487106, networkLocation: /default-rack, certSerialId: null}, Type:RATIS, Factor:ONE, State:CLOSED] removed from db
2019-08-20 15:04:49,934 | INFO  | SCMAudit | user=jenkins1000 | ip=192.168.5.139 | op=SEND_HEARTBEAT {datanodeUUID=fb8329f7-6337-4286-bcd2-d612923e448c, command=[]} | ret=SUCCESS |  
2019-08-20 15:04:49,937 [RatisPipelineUtilsThread] WARN  pipeline.RatisPipelineUtils (RatisPipelineUtils.java:destroyPipeline(66)) - Pipeline destroy failed for pipeline=PipelineID=b60bb38e-4923-467e-b7fe-148c6d2b3700 dn=36e09339-9dd8-4013-a821-6974d22e740b{ip: 192.168.5.139, host: pr-hdds-1200-9hlr9-3148487106, networkLocation: /default-rack, certSerialId: null}
2019-08-20 15:04:49,940 [RatisPipelineUtilsThread] WARN  pipeline.RatisPipelineUtils (RatisPipelineUtils.java:destroyPipeline(66)) - Pipeline destroy failed for pipeline=PipelineID=b60bb38e-4923-467e-b7fe-148c6d2b3700 dn=2923d27d-94e5-4a4d-9917-f06e3e9de6d6{ip: 192.168.5.139, host: pr-hdds-1200-9hlr9-3148487106, networkLocation: /default-rack, certSerialId: null}
2019-08-20 15:04:49,948 [grpc-default-executor-2] INFO  impl.RaftServerProxy (RaftServerProxy.java:remove(95)) - c8a52875-dc52-43bc-af24-370bbdbe5589: remove FOLLOWER group-148C6D2B3700 c8a52875-dc52-43bc-af24-370bbdbe5589:t12, leader=null, voted=c8a52875-dc52-43bc-af24-370bbdbe5589, raftlog=c8a52875-dc52-43bc-af24-370bbdbe5589-SegmentedRaftLog:OPENED:c16,f16,i16, conf=0: [36e09339-9dd8-4013-a821-6974d22e740b:192.168.5.139:37692, 2923d27d-94e5-4a4d-9917-f06e3e9de6d6:192.168.5.139:36527, c8a52875-dc52-43bc-af24-370bbdbe5589:192.168.5.139:38327], old=null RUNNING
2019-08-20 15:04:49,953 [grpc-default-executor-2] INFO  impl.RaftServerImpl (RaftServerImpl.java:lambda$shutdown$3(245)) - c8a52875-dc52-43bc-af24-370bbdbe5589: shutdown group-148C6D2B3700
2019-08-20 15:04:49,953 [grpc-default-executor-2] INFO  util.JmxRegister (JmxRegister.java:unregister(73)) - Successfully un-registered JMX Bean with object name Ratis:service=RaftServer,group=group-148C6D2B3700,id=c8a52875-dc52-43bc-af24-370bbdbe5589
2019-08-20 15:04:49,954 [grpc-default-executor-2] INFO  impl.RoleInfo (RoleInfo.java:shutdownFollowerState(121)) - c8a52875-dc52-43bc-af24-370bbdbe5589: shutdown FollowerState
2019-08-20 15:04:49,954 [grpc-default-executor-2] INFO  impl.StateMachineUpdater (StateMachineUpdater.java:stopAndJoin(115)) - StateMachineUpdater:c8a52875-dc52-43bc-af24-370bbdbe5589:group-148C6D2B3700: set stopIndex = 16
2019-08-20 15:04:49,954 [Thread-631] INFO  impl.FollowerState (FollowerState.java:run(114)) - c8a52875-dc52-43bc-af24-370bbdbe5589: FollowerState was interrupted: java.lang.InterruptedException: sleep interrupted
2019-08-20 15:04:49,954 [StateMachineUpdater:c8a52875-dc52-43bc-af24-370bbdbe5589:group-148C6D2B3700] INFO  ratis.ContainerStateMachine (ContainerStateMachine.java:takeSnapshot(271)) - group-148C6D2B3700: Taking a snapshot at:(t:1, i:14) file /workdir/hadoop-ozone/integration-test/target/test-dir/MiniOzoneClusterImpl-24f7eca7-c48c-4952-ad8b-43e154ea7cd7/datanode-1/data/ratis/b60bb38e-4923-467e-b7fe-148c6d2b3700/sm/snapshot.1_14
2019-08-20 15:04:49,962 [StateMachineUpdater:c8a52875-dc52-43bc-af24-370bbdbe5589:group-148C6D2B3700] INFO  ratis.ContainerStateMachine (ContainerStateMachine.java:takeSnapshot(282)) - group-148C6D2B3700: Finished taking a snapshot at:(t:1, i:14) file:/workdir/hadoop-ozone/integration-test/target/test-dir/MiniOzoneClusterImpl-24f7eca7-c48c-4952-ad8b-43e154ea7cd7/datanode-1/data/ratis/b60bb38e-4923-467e-b7fe-148c6d2b3700/sm/snapshot.1_14 time:8
2019-08-20 15:04:49,962 [StateMachineUpdater:c8a52875-dc52-43bc-af24-370bbdbe5589:group-148C6D2B3700] INFO  impl.StateMachineUpdater (StateMachineUpdater.java:takeSnapshot(242)) - StateMachineUpdater:c8a52875-dc52-43bc-af24-370bbdbe5589:group-148C6D2B3700: Took a snapshot at index 14
2019-08-20 15:04:49,962 [StateMachineUpdater:c8a52875-dc52-43bc-af24-370bbdbe5589:group-148C6D2B3700] INFO  impl.StateMachineUpdater (StateMachineUpdater.java:lambda$new$0(80)) - StateMachineUpdater:c8a52875-dc52-43bc-af24-370bbdbe5589:group-148C6D2B3700: snapshotIndex: updateIncreasingly -1 -> 14
2019-08-20 15:04:49,963 [grpc-default-executor-2] INFO  impl.RaftServerImpl (ServerState.java:close(394)) - c8a52875-dc52-43bc-af24-370bbdbe5589:group-148C6D2B3700 closes. The last applied log index is 16
2019-08-20 15:04:49,963 [c8a52875-dc52-43bc-af24-370bbdbe5589-SegmentedRaftLogWorker:Storage Directory /workdir/hadoop-ozone/integration-test/target/test-dir/MiniOzoneClusterImpl-24f7eca7-c48c-4952-ad8b-43e154ea7cd7/datanode-1/data/ratis/b60bb38e-4923-467e-b7fe-148c6d2b3700] INFO  segmented.SegmentedRaftLogWorker (SegmentedRaftLogWorker.java:run(313)) - c8a52875-dc52-43bc-af24-370bbdbe5589-SegmentedRaftLogWorker:Storage Directory /workdir/hadoop-ozone/integration-test/target/test-dir/MiniOzoneClusterImpl-24f7eca7-c48c-4952-ad8b-43e154ea7cd7/datanode-1/data/ratis/b60bb38e-4923-467e-b7fe-148c6d2b3700 was interrupted, exiting. There are 0 tasks remaining in the queue.
2019-08-20 15:04:49,966 [grpc-default-executor-2] INFO  segmented.SegmentedRaftLogWorker (SegmentedRaftLogWorker.java:close(228)) - c8a52875-dc52-43bc-af24-370bbdbe5589-SegmentedRaftLogWorker:Storage Directory /workdir/hadoop-ozone/integration-test/target/test-dir/MiniOzoneClusterImpl-24f7eca7-c48c-4952-ad8b-43e154ea7cd7/datanode-1/data/ratis/b60bb38e-4923-467e-b7fe-148c6d2b3700 close()
2019-08-20 15:04:49,976 | INFO  | SCMAudit | user=jenkins1000 | ip=192.168.5.139 | op=SEND_HEARTBEAT {datanodeUUID=c8a52875-dc52-43bc-af24-370bbdbe5589, command=[]} | ret=SUCCESS |  
2019-08-20 15:04:49,981 [RatisPipelineUtilsThread] INFO  pipeline.PipelineStateManager (PipelineStateManager.java:removePipeline(108)) - Pipeline Pipeline[ Id: b60bb38e-4923-467e-b7fe-148c6d2b3700, Nodes: 36e09339-9dd8-4013-a821-6974d22e740b{ip: 192.168.5.139, host: pr-hdds-1200-9hlr9-3148487106, networkLocation: /default-rack, certSerialId: null}2923d27d-94e5-4a4d-9917-f06e3e9de6d6{ip: 192.168.5.139, host: pr-hdds-1200-9hlr9-3148487106, networkLocation: /default-rack, certSerialId: null}c8a52875-dc52-43bc-af24-370bbdbe5589{ip: 192.168.5.139, host: pr-hdds-1200-9hlr9-3148487106, networkLocation: /default-rack, certSerialId: null}, Type:RATIS, Factor:THREE, State:CLOSED] removed from db
2019-08-20 15:04:50,337 | INFO  | SCMAudit | user=jenkins1000 | ip=192.168.5.139 | op=SEND_HEARTBEAT {datanodeUUID=6a1036d9-12c3-40f5-8094-5440fe3d038e, command=[]} | ret=SUCCESS |  
2019-08-20 15:04:50,602 | INFO  | SCMAudit | user=jenkins1000 | ip=192.168.5.139 | op=SEND_HEARTBEAT {datanodeUUID=a2d6af90-c3d5-480c-824b-ae12d5e723ac, command=[]} | ret=SUCCESS |  
2019-08-20 15:04:50,760 | INFO  | SCMAudit | user=jenkins1000 | ip=192.168.5.139 | op=SEND_HEARTBEAT {datanodeUUID=81e6f177-0aa0-4cea-a559-904193532cd7, command=[]} | ret=SUCCESS |  
2019-08-20 15:04:50,935 | INFO  | SCMAudit | user=jenkins1000 | ip=192.168.5.139 | op=SEND_HEARTBEAT {datanodeUUID=fb8329f7-6337-4286-bcd2-d612923e448c, command=[]} | ret=SUCCESS |  
2019-08-20 15:04:50,977 | INFO  | SCMAudit | user=jenkins1000 | ip=192.168.5.139 | op=SEND_HEARTBEAT {datanodeUUID=c8a52875-dc52-43bc-af24-370bbdbe5589, command=[]} | ret=SUCCESS |  
2019-08-20 15:04:51,336 | INFO  | SCMAudit | user=jenkins1000 | ip=192.168.5.139 | op=SEND_HEARTBEAT {datanodeUUID=6a1036d9-12c3-40f5-8094-5440fe3d038e, command=[]} | ret=SUCCESS |  
2019-08-20 15:04:51,602 | INFO  | SCMAudit | user=jenkins1000 | ip=192.168.5.139 | op=SEND_HEARTBEAT {datanodeUUID=a2d6af90-c3d5-480c-824b-ae12d5e723ac, command=[]} | ret=SUCCESS |  
2019-08-20 15:04:51,761 | INFO  | SCMAudit | user=jenkins1000 | ip=192.168.5.139 | op=SEND_HEARTBEAT {datanodeUUID=81e6f177-0aa0-4cea-a559-904193532cd7, command=[]} | ret=SUCCESS |  
2019-08-20 15:04:51,936 | INFO  | SCMAudit | user=jenkins1000 | ip=192.168.5.139 | op=SEND_HEARTBEAT {datanodeUUID=fb8329f7-6337-4286-bcd2-d612923e448c, command=[]} | ret=SUCCESS |  
2019-08-20 15:04:51,977 | INFO  | SCMAudit | user=jenkins1000 | ip=192.168.5.139 | op=SEND_HEARTBEAT {datanodeUUID=c8a52875-dc52-43bc-af24-370bbdbe5589, command=[]} | ret=SUCCESS |  
2019-08-20 15:04:52,337 | INFO  | SCMAudit | user=jenkins1000 | ip=192.168.5.139 | op=SEND_HEARTBEAT {datanodeUUID=6a1036d9-12c3-40f5-8094-5440fe3d038e, command=[]} | ret=SUCCESS |  
2019-08-20 15:04:52,603 | INFO  | SCMAudit | user=jenkins1000 | ip=192.168.5.139 | op=SEND_HEARTBEAT {datanodeUUID=a2d6af90-c3d5-480c-824b-ae12d5e723ac, command=[]} | ret=SUCCESS |  
2019-08-20 15:04:52,761 | INFO  | SCMAudit | user=jenkins1000 | ip=192.168.5.139 | op=SEND_HEARTBEAT {datanodeUUID=81e6f177-0aa0-4cea-a559-904193532cd7, command=[]} | ret=SUCCESS |  
2019-08-20 15:04:52,936 | INFO  | SCMAudit | user=jenkins1000 | ip=192.168.5.139 | op=SEND_HEARTBEAT {datanodeUUID=fb8329f7-6337-4286-bcd2-d612923e448c, command=[]} | ret=SUCCESS |  
2019-08-20 15:04:52,977 | INFO  | SCMAudit | user=jenkins1000 | ip=192.168.5.139 | op=SEND_HEARTBEAT {datanodeUUID=c8a52875-dc52-43bc-af24-370bbdbe5589, command=[]} | ret=SUCCESS |  
2019-08-20 15:04:53,183 [main] WARN  io.KeyOutputStream (KeyOutputStream.java:handleException(276)) - Encountered exception java.io.IOException: Unexpected Storage Container Exception: java.util.concurrent.CompletionException: java.util.concurrent.CompletionException: org.apache.ratis.protocol.GroupMismatchException: c8a52875-dc52-43bc-af24-370bbdbe5589: group-148C6D2B3700 not found. on the pipeline Pipeline[ Id: b60bb38e-4923-467e-b7fe-148c6d2b3700, Nodes: 36e09339-9dd8-4013-a821-6974d22e740b{ip: 192.168.5.139, host: pr-hdds-1200-9hlr9-3148487106, networkLocation: /default-rack, certSerialId: null}2923d27d-94e5-4a4d-9917-f06e3e9de6d6{ip: 192.168.5.139, host: pr-hdds-1200-9hlr9-3148487106, networkLocation: /default-rack, certSerialId: null}c8a52875-dc52-43bc-af24-370bbdbe5589{ip: 192.168.5.139, host: pr-hdds-1200-9hlr9-3148487106, networkLocation: /default-rack, certSerialId: null}, Type:RATIS, Factor:THREE, State:OPEN]. The last committed block length is 450, uncommitted data length is 350 retry count 0
2019-08-20 15:04:53,215 | INFO  | SCMAudit | user=jenkins1000 | ip=192.168.5.139 | op=ALLOCATE_BLOCK {owner=03f2ab68-22bb-4fd4-ba91-4d242dce790c, size=800, type=RATIS, factor=THREE} | ret=SUCCESS |  
2019-08-20 15:04:53,217 | INFO  | OMAudit | user=jenkins1000 | ip=127.0.0.1 | op=ALLOCATE_BLOCK {volume=testblockoutputstream, bucket=testblockoutputstream, key=b5c2d378-4b27-44f4-a4a2-1421d9998f2f, dataSize=0, replicationType=null, replicationFactor=null, keyLocationInfo=null, clientID=102649915921858560} | ret=SUCCESS |  
2019-08-20 15:04:53,232 [grpc-default-executor-2] INFO  client.GrpcClientProtocolClient (GrpcClientProtocolClient.java:onNext(255)) - client-50719631FB96->81e6f177-0aa0-4cea-a559-904193532cd7: receive RaftClientReply:client-50719631FB96->81e6f177-0aa0-4cea-a559-904193532cd7@group-9ABDFB0D4108, cid=32, FAILED org.apache.ratis.protocol.NotLeaderException: Server 81e6f177-0aa0-4cea-a559-904193532cd7 is not the leader (fb8329f7-6337-4286-bcd2-d612923e448c:192.168.5.139:38744). Request must be sent to leader., logIndex=0, commits[81e6f177-0aa0-4cea-a559-904193532cd7:c0, 6a1036d9-12c3-40f5-8094-5440fe3d038e:c0, fb8329f7-6337-4286-bcd2-d612923e448c:c0]
2019-08-20 15:04:53,336 | INFO  | SCMAudit | user=jenkins1000 | ip=192.168.5.139 | op=SEND_HEARTBEAT {datanodeUUID=6a1036d9-12c3-40f5-8094-5440fe3d038e, command=[]} | ret=SUCCESS |  
2019-08-20 15:04:53,354 | INFO  | DNAudit | user=null | ip=null | op=WRITE_CHUNK {blockData=conID: 2 locID: 102649921091272706 bcsId: 0} | ret=SUCCESS |  
2019-08-20 15:04:53,354 | INFO  | DNAudit | user=null | ip=null | op=WRITE_CHUNK {blockData=conID: 2 locID: 102649921091272706 bcsId: 0} | ret=SUCCESS |  
2019-08-20 15:04:53,354 | INFO  | DNAudit | user=null | ip=null | op=WRITE_CHUNK {blockData=conID: 2 locID: 102649921091272706 bcsId: 0} | ret=SUCCESS |  
2019-08-20 15:04:53,355 | INFO  | SCMAudit | user=jenkins1000 | ip=192.168.5.139 | op=SEND_HEARTBEAT {datanodeUUID=81e6f177-0aa0-4cea-a559-904193532cd7, command=[]} | ret=SUCCESS |  
2019-08-20 15:04:53,355 | INFO  | SCMAudit | user=jenkins1000 | ip=192.168.5.139 | op=SEND_HEARTBEAT {datanodeUUID=6a1036d9-12c3-40f5-8094-5440fe3d038e, command=[]} | ret=SUCCESS |  
2019-08-20 15:04:53,355 | INFO  | SCMAudit | user=jenkins1000 | ip=192.168.5.139 | op=SEND_HEARTBEAT {datanodeUUID=fb8329f7-6337-4286-bcd2-d612923e448c, command=[]} | ret=SUCCESS |  
2019-08-20 15:04:53,370 | INFO  | DNAudit | user=null | ip=null | op=WRITE_CHUNK {blockData=conID: 2 locID: 102649921091272706 bcsId: 0} | ret=SUCCESS |  
2019-08-20 15:04:53,377 [grpc-default-executor-3] INFO  client.GrpcClientProtocolClient (GrpcClientProtocolClient.java:onNext(255)) - client-50719631FB96->fb8329f7-6337-4286-bcd2-d612923e448c: receive RaftClientReply:client-50719631FB96->fb8329f7-6337-4286-bcd2-d612923e448c@group-9ABDFB0D4108, cid=32, SUCCESS, logIndex=1, commits[fb8329f7-6337-4286-bcd2-d612923e448c:c1, 6a1036d9-12c3-40f5-8094-5440fe3d038e:c0, 81e6f177-0aa0-4cea-a559-904193532cd7:c0]
2019-08-20 15:04:53,381 | INFO  | DNAudit | user=null | ip=null | op=WRITE_CHUNK {blockData=conID: 2 locID: 102649921091272706 bcsId: 0} | ret=SUCCESS |  
2019-08-20 15:04:53,384 | INFO  | DNAudit | user=null | ip=null | op=WRITE_CHUNK {blockData=conID: 2 locID: 102649921091272706 bcsId: 0} | ret=SUCCESS |  
2019-08-20 15:04:53,384 | INFO  | DNAudit | user=null | ip=null | op=WRITE_CHUNK {blockData=conID: 2 locID: 102649921091272706 bcsId: 0} | ret=SUCCESS |  
2019-08-20 15:04:53,384 | INFO  | DNAudit | user=null | ip=null | op=WRITE_CHUNK {blockData=conID: 2 locID: 102649921091272706 bcsId: 0} | ret=SUCCESS |  
2019-08-20 15:04:53,385 | INFO  | DNAudit | user=null | ip=null | op=WRITE_CHUNK {blockData=conID: 2 locID: 102649921091272706 bcsId: 0} | ret=SUCCESS |  
2019-08-20 15:04:53,385 | INFO  | DNAudit | user=null | ip=null | op=WRITE_CHUNK {blockData=conID: 2 locID: 102649921091272706 bcsId: 0} | ret=SUCCESS |  
2019-08-20 15:04:53,385 | INFO  | DNAudit | user=null | ip=null | op=WRITE_CHUNK {blockData=conID: 2 locID: 102649921091272706 bcsId: 0} | ret=SUCCESS |  
2019-08-20 15:04:53,386 | INFO  | DNAudit | user=null | ip=null | op=WRITE_CHUNK {blockData=conID: 2 locID: 102649921091272706 bcsId: 0} | ret=SUCCESS |  
2019-08-20 15:04:53,386 | INFO  | DNAudit | user=null | ip=null | op=WRITE_CHUNK {blockData=conID: 2 locID: 102649921091272706 bcsId: 0} | ret=SUCCESS |  
2019-08-20 15:04:53,387 | INFO  | DNAudit | user=null | ip=null | op=WRITE_CHUNK {blockData=conID: 2 locID: 102649921091272706 bcsId: 0} | ret=SUCCESS |  
2019-08-20 15:04:53,387 | INFO  | DNAudit | user=null | ip=null | op=WRITE_CHUNK {blockData=conID: 2 locID: 102649921091272706 bcsId: 0} | ret=SUCCESS |  
2019-08-20 15:04:53,388 | INFO  | DNAudit | user=null | ip=null | op=WRITE_CHUNK {blockData=conID: 2 locID: 102649921091272706 bcsId: 0} | ret=SUCCESS |  
2019-08-20 15:04:53,393 [grpc-default-executor-1] INFO  client.GrpcClientProtocolClient (GrpcClientProtocolClient.java:onNext(255)) - client-50719631FB96->fb8329f7-6337-4286-bcd2-d612923e448c: receive RaftClientReply:client-50719631FB96->fb8329f7-6337-4286-bcd2-d612923e448c@group-9ABDFB0D4108, cid=33, SUCCESS, logIndex=3, commits[fb8329f7-6337-4286-bcd2-d612923e448c:c5, 6a1036d9-12c3-40f5-8094-5440fe3d038e:c1, 81e6f177-0aa0-4cea-a559-904193532cd7:c1]
2019-08-20 15:04:53,405 | INFO  | DNAudit | user=null | ip=null | op=WRITE_CHUNK {blockData=conID: 2 locID: 102649921091272706 bcsId: 0} | ret=SUCCESS |  
2019-08-20 15:04:53,405 | INFO  | DNAudit | user=null | ip=null | op=WRITE_CHUNK {blockData=conID: 2 locID: 102649921091272706 bcsId: 0} | ret=SUCCESS |  
2019-08-20 15:04:53,426 | INFO  | DNAudit | user=null | ip=null | op=PUT_BLOCK {blockData=[blockId=conID: 2 locID: 102649921091272706 bcsId: 0,size=200]} | ret=SUCCESS |  
2019-08-20 15:04:53,435 | INFO  | DNAudit | user=null | ip=null | op=WRITE_CHUNK {blockData=conID: 2 locID: 102649921091272706 bcsId: 0} | ret=SUCCESS |  
2019-08-20 15:04:53,436 [grpc-default-executor-1] INFO  client.GrpcClientProtocolClient (GrpcClientProtocolClient.java:onNext(255)) - client-50719631FB96->fb8329f7-6337-4286-bcd2-d612923e448c: receive RaftClientReply:client-50719631FB96->fb8329f7-6337-4286-bcd2-d612923e448c@group-9ABDFB0D4108, cid=34, SUCCESS, logIndex=4, commits[fb8329f7-6337-4286-bcd2-d612923e448c:c12, 6a1036d9-12c3-40f5-8094-5440fe3d038e:c7, 81e6f177-0aa0-4cea-a559-904193532cd7:c7]
2019-08-20 15:04:53,436 | INFO  | DNAudit | user=null | ip=null | op=WRITE_CHUNK {blockData=conID: 2 locID: 102649921091272706 bcsId: 0} | ret=SUCCESS |  
2019-08-20 15:04:53,436 [grpc-default-executor-1] INFO  client.GrpcClientProtocolClient (GrpcClientProtocolClient.java:onNext(255)) - client-50719631FB96->fb8329f7-6337-4286-bcd2-d612923e448c: receive RaftClientReply:client-50719631FB96->fb8329f7-6337-4286-bcd2-d612923e448c@group-9ABDFB0D4108, cid=35, SUCCESS, logIndex=5, commits[fb8329f7-6337-4286-bcd2-d612923e448c:c12, 6a1036d9-12c3-40f5-8094-5440fe3d038e:c7, 81e6f177-0aa0-4cea-a559-904193532cd7:c7]
2019-08-20 15:04:53,437 [grpc-default-executor-1] INFO  client.GrpcClientProtocolClient (GrpcClientProtocolClient.java:onNext(255)) - client-50719631FB96->fb8329f7-6337-4286-bcd2-d612923e448c: receive RaftClientReply:client-50719631FB96->fb8329f7-6337-4286-bcd2-d612923e448c@group-9ABDFB0D4108, cid=36, SUCCESS, logIndex=6, commits[fb8329f7-6337-4286-bcd2-d612923e448c:c12, 6a1036d9-12c3-40f5-8094-5440fe3d038e:c7, 81e6f177-0aa0-4cea-a559-904193532cd7:c7]
2019-08-20 15:04:53,468 | INFO  | DNAudit | user=null | ip=null | op=PUT_BLOCK {blockData=[blockId=conID: 2 locID: 102649921091272706 bcsId: 0,size=200]} | ret=SUCCESS |  
2019-08-20 15:04:53,469 | INFO  | DNAudit | user=null | ip=null | op=WRITE_CHUNK {blockData=conID: 2 locID: 102649921091272706 bcsId: 0} | ret=SUCCESS |  
2019-08-20 15:04:53,469 | INFO  | DNAudit | user=null | ip=null | op=WRITE_CHUNK {blockData=conID: 2 locID: 102649921091272706 bcsId: 0} | ret=SUCCESS |  
2019-08-20 15:04:53,536 | INFO  | DNAudit | user=null | ip=null | op=PUT_BLOCK {blockData=[blockId=conID: 2 locID: 102649921091272706 bcsId: 0,size=400]} | ret=SUCCESS |  
2019-08-20 15:04:53,536 | INFO  | DNAudit | user=null | ip=null | op=PUT_BLOCK {blockData=[blockId=conID: 2 locID: 102649921091272706 bcsId: 0,size=400]} | ret=SUCCESS |  
2019-08-20 15:04:53,536 | INFO  | DNAudit | user=null | ip=null | op=PUT_BLOCK {blockData=[blockId=conID: 2 locID: 102649921091272706 bcsId: 0,size=200]} | ret=SUCCESS |  
2019-08-20 15:04:53,537 | INFO  | DNAudit | user=null | ip=null | op=WRITE_CHUNK {blockData=conID: 2 locID: 102649921091272706 bcsId: 0} | ret=SUCCESS |  
2019-08-20 15:04:53,538 | INFO  | DNAudit | user=null | ip=null | op=WRITE_CHUNK {blockData=conID: 2 locID: 102649921091272706 bcsId: 0} | ret=SUCCESS |  
2019-08-20 15:04:53,542 [grpc-default-executor-1] INFO  client.GrpcClientProtocolClient (GrpcClientProtocolClient.java:onNext(255)) - client-50719631FB96->fb8329f7-6337-4286-bcd2-d612923e448c: receive RaftClientReply:client-50719631FB96->fb8329f7-6337-4286-bcd2-d612923e448c@group-9ABDFB0D4108, cid=37, SUCCESS, logIndex=7, commits[fb8329f7-6337-4286-bcd2-d612923e448c:c12, 6a1036d9-12c3-40f5-8094-5440fe3d038e:c7, 81e6f177-0aa0-4cea-a559-904193532cd7:c7]
2019-08-20 15:04:53,542 | INFO  | DNAudit | user=null | ip=null | op=PUT_BLOCK {blockData=[blockId=conID: 2 locID: 102649921091272706 bcsId: 0,size=400]} | ret=SUCCESS |  
2019-08-20 15:04:53,546 | INFO  | DNAudit | user=null | ip=null | op=WRITE_CHUNK {blockData=conID: 2 locID: 102649921091272706 bcsId: 7} | ret=SUCCESS |  
2019-08-20 15:04:53,548 | INFO  | DNAudit | user=null | ip=null | op=WRITE_CHUNK {blockData=conID: 2 locID: 102649921091272706 bcsId: 7} | ret=SUCCESS |  
2019-08-20 15:04:53,548 | INFO  | DNAudit | user=null | ip=null | op=WRITE_CHUNK {blockData=conID: 2 locID: 102649921091272706 bcsId: 7} | ret=SUCCESS |  
2019-08-20 15:04:53,603 | INFO  | SCMAudit | user=jenkins1000 | ip=192.168.5.139 | op=SEND_HEARTBEAT {datanodeUUID=a2d6af90-c3d5-480c-824b-ae12d5e723ac, command=[]} | ret=SUCCESS |  
2019-08-20 15:04:53,947 | INFO  | DNAudit | user=null | ip=null | op=WRITE_CHUNK {blockData=conID: 2 locID: 102649921091272706 bcsId: 7} | ret=SUCCESS |  
2019-08-20 15:04:53,948 [grpc-default-executor-1] INFO  client.GrpcClientProtocolClient (GrpcClientProtocolClient.java:onNext(255)) - client-50719631FB96->fb8329f7-6337-4286-bcd2-d612923e448c: receive RaftClientReply:client-50719631FB96->fb8329f7-6337-4286-bcd2-d612923e448c@group-9ABDFB0D4108, cid=38, SUCCESS, logIndex=13, commits[fb8329f7-6337-4286-bcd2-d612923e448c:c13, 6a1036d9-12c3-40f5-8094-5440fe3d038e:c12, 81e6f177-0aa0-4cea-a559-904193532cd7:c12]
2019-08-20 15:04:53,975 | INFO  | DNAudit | user=null | ip=null | op=WRITE_CHUNK {blockData=conID: 2 locID: 102649921091272706 bcsId: 7} | ret=SUCCESS |  
2019-08-20 15:04:53,977 | INFO  | DNAudit | user=null | ip=null | op=WRITE_CHUNK {blockData=conID: 2 locID: 102649921091272706 bcsId: 7} | ret=SUCCESS |  
2019-08-20 15:04:53,977 | INFO  | DNAudit | user=null | ip=null | op=PUT_BLOCK {blockData=[blockId=conID: 2 locID: 102649921091272706 bcsId: 0,size=450]} | ret=SUCCESS |  
2019-08-20 15:04:53,977 | INFO  | SCMAudit | user=jenkins1000 | ip=192.168.5.139 | op=SEND_HEARTBEAT {datanodeUUID=c8a52875-dc52-43bc-af24-370bbdbe5589, command=[]} | ret=SUCCESS |  
2019-08-20 15:04:53,979 [grpc-default-executor-1] INFO  client.GrpcClientProtocolClient (GrpcClientProtocolClient.java:onNext(255)) - client-50719631FB96->fb8329f7-6337-4286-bcd2-d612923e448c: receive RaftClientReply:client-50719631FB96->fb8329f7-6337-4286-bcd2-d612923e448c@group-9ABDFB0D4108, cid=39, SUCCESS, logIndex=14, commits[fb8329f7-6337-4286-bcd2-d612923e448c:c14, 6a1036d9-12c3-40f5-8094-5440fe3d038e:c12, 81e6f177-0aa0-4cea-a559-904193532cd7:c12]
2019-08-20 15:04:54,352 | INFO  | SCMAudit | user=jenkins1000 | ip=192.168.5.139 | op=SEND_HEARTBEAT {datanodeUUID=6a1036d9-12c3-40f5-8094-5440fe3d038e, command=[]} | ret=SUCCESS |  
2019-08-20 15:04:54,352 | INFO  | SCMAudit | user=jenkins1000 | ip=192.168.5.139 | op=SEND_HEARTBEAT {datanodeUUID=fb8329f7-6337-4286-bcd2-d612923e448c, command=[]} | ret=SUCCESS |  
2019-08-20 15:04:54,352 | INFO  | SCMAudit | user=jenkins1000 | ip=192.168.5.139 | op=SEND_HEARTBEAT {datanodeUUID=81e6f177-0aa0-4cea-a559-904193532cd7, command=[]} | ret=SUCCESS |  
2019-08-20 15:04:54,602 | INFO  | SCMAudit | user=jenkins1000 | ip=192.168.5.139 | op=SEND_HEARTBEAT {datanodeUUID=a2d6af90-c3d5-480c-824b-ae12d5e723ac, command=[]} | ret=SUCCESS |  
2019-08-20 15:04:54,935 [RatisPipelineUtilsThread] WARN  pipeline.RatisPipelineUtils (RatisPipelineUtils.java:destroyPipeline(66)) - Pipeline destroy failed for pipeline=PipelineID=b60bb38e-4923-467e-b7fe-148c6d2b3700 dn=36e09339-9dd8-4013-a821-6974d22e740b{ip: 192.168.5.139, host: pr-hdds-1200-9hlr9-3148487106, networkLocation: /default-rack, certSerialId: null}
2019-08-20 15:04:54,938 [RatisPipelineUtilsThread] WARN  pipeline.RatisPipelineUtils (RatisPipelineUtils.java:destroyPipeline(66)) - Pipeline destroy failed for pipeline=PipelineID=b60bb38e-4923-467e-b7fe-148c6d2b3700 dn=2923d27d-94e5-4a4d-9917-f06e3e9de6d6{ip: 192.168.5.139, host: pr-hdds-1200-9hlr9-3148487106, networkLocation: /default-rack, certSerialId: null}
2019-08-20 15:04:54,943 [grpc-default-executor-1] INFO  impl.RaftServerProxy (RaftServerProxy.java:remove(95)) - c8a52875-dc52-43bc-af24-370bbdbe5589: remove group-148C6D2B3700:null
2019-08-20 15:04:54,952 [RatisPipelineUtilsThread] WARN  pipeline.RatisPipelineUtils (RatisPipelineUtils.java:destroyPipeline(66)) - Pipeline destroy failed for pipeline=PipelineID=b60bb38e-4923-467e-b7fe-148c6d2b3700 dn=c8a52875-dc52-43bc-af24-370bbdbe5589{ip: 192.168.5.139, host: pr-hdds-1200-9hlr9-3148487106, networkLocation: /default-rack, certSerialId: null}
2019-08-20 15:04:54,952 [RatisPipelineUtilsThread] ERROR pipeline.SCMPipelineManager (Scheduler.java:lambda$schedule$1(70)) - Destroy pipeline failed for pipeline:Pipeline[ Id: b60bb38e-4923-467e-b7fe-148c6d2b3700, Nodes: 36e09339-9dd8-4013-a821-6974d22e740b{ip: 192.168.5.139, host: pr-hdds-1200-9hlr9-3148487106, networkLocation: /default-rack, certSerialId: null}2923d27d-94e5-4a4d-9917-f06e3e9de6d6{ip: 192.168.5.139, host: pr-hdds-1200-9hlr9-3148487106, networkLocation: /default-rack, certSerialId: null}c8a52875-dc52-43bc-af24-370bbdbe5589{ip: 192.168.5.139, host: pr-hdds-1200-9hlr9-3148487106, networkLocation: /default-rack, certSerialId: null}, Type:RATIS, Factor:THREE, State:CLOSED]
org.apache.hadoop.hdds.scm.pipeline.PipelineNotFoundException: PipelineID=b60bb38e-4923-467e-b7fe-148c6d2b3700 not found
	at org.apache.hadoop.hdds.scm.pipeline.PipelineStateMap.getPipeline(PipelineStateMap.java:132)
	at org.apache.hadoop.hdds.scm.pipeline.PipelineStateMap.removePipeline(PipelineStateMap.java:322)
	at org.apache.hadoop.hdds.scm.pipeline.PipelineStateManager.removePipeline(PipelineStateManager.java:107)
	at org.apache.hadoop.hdds.scm.pipeline.SCMPipelineManager.removePipeline(SCMPipelineManager.java:397)
	at org.apache.hadoop.hdds.scm.pipeline.SCMPipelineManager.destroyPipeline(SCMPipelineManager.java:383)
	at org.apache.hadoop.hdds.scm.pipeline.SCMPipelineManager.lambda$finalizeAndDestroyPipeline$0(SCMPipelineManager.java:316)
	at org.apache.hadoop.utils.Scheduler.lambda$schedule$1(Scheduler.java:68)
	at java.util.concurrent.Executors$RunnableAdapter.call(Executors.java:511)
	at java.util.concurrent.FutureTask.run(FutureTask.java:266)
	at java.util.concurrent.ScheduledThreadPoolExecutor$ScheduledFutureTask.access$201(ScheduledThreadPoolExecutor.java:180)
	at java.util.concurrent.ScheduledThreadPoolExecutor$ScheduledFutureTask.run(ScheduledThreadPoolExecutor.java:293)
	at java.util.concurrent.ThreadPoolExecutor.runWorker(ThreadPoolExecutor.java:1149)
	at java.util.concurrent.ThreadPoolExecutor$Worker.run(ThreadPoolExecutor.java:624)
	at java.lang.Thread.run(Thread.java:748)
2019-08-20 15:04:54,955 [RatisPipelineUtilsThread] WARN  pipeline.RatisPipelineUtils (RatisPipelineUtils.java:destroyPipeline(66)) - Pipeline destroy failed for pipeline=PipelineID=107ba9b1-36cd-44f8-b5ec-05ac3a681deb dn=2923d27d-94e5-4a4d-9917-f06e3e9de6d6{ip: 192.168.5.139, host: pr-hdds-1200-9hlr9-3148487106, networkLocation: /default-rack, certSerialId: null}
2019-08-20 15:04:54,955 [RatisPipelineUtilsThread] INFO  pipeline.PipelineStateManager (PipelineStateManager.java:removePipeline(108)) - Pipeline Pipeline[ Id: 107ba9b1-36cd-44f8-b5ec-05ac3a681deb, Nodes: 2923d27d-94e5-4a4d-9917-f06e3e9de6d6{ip: 192.168.5.139, host: pr-hdds-1200-9hlr9-3148487106, networkLocation: /default-rack, certSerialId: null}, Type:RATIS, Factor:ONE, State:CLOSED] removed from db
2019-08-20 15:04:54,977 | INFO  | SCMAudit | user=jenkins1000 | ip=192.168.5.139 | op=SEND_HEARTBEAT {datanodeUUID=c8a52875-dc52-43bc-af24-370bbdbe5589, command=[]} | ret=SUCCESS |  
2019-08-20 15:04:54,980 [main] WARN  scm.XceiverClientRatis (XceiverClientRatis.java:watchForCommit(262)) - 3 way commit failed on pipeline Pipeline[ Id: 6ea0278c-aa29-493a-b2aa-9abdfb0d4108, Nodes: 81e6f177-0aa0-4cea-a559-904193532cd7{ip: 192.168.5.139, host: pr-hdds-1200-9hlr9-3148487106, networkLocation: /default-rack, certSerialId: null}fb8329f7-6337-4286-bcd2-d612923e448c{ip: 192.168.5.139, host: pr-hdds-1200-9hlr9-3148487106, networkLocation: /default-rack, certSerialId: null}6a1036d9-12c3-40f5-8094-5440fe3d038e{ip: 192.168.5.139, host: pr-hdds-1200-9hlr9-3148487106, networkLocation: /default-rack, certSerialId: null}, Type:RATIS, Factor:THREE, State:OPEN]
java.util.concurrent.TimeoutException
	at java.util.concurrent.CompletableFuture.timedGet(CompletableFuture.java:1771)
	at java.util.concurrent.CompletableFuture.get(CompletableFuture.java:1915)
	at org.apache.hadoop.hdds.scm.XceiverClientRatis.watchForCommit(XceiverClientRatis.java:259)
	at org.apache.hadoop.hdds.scm.storage.CommitWatcher.watchForCommit(CommitWatcher.java:194)
	at org.apache.hadoop.hdds.scm.storage.CommitWatcher.watchOnLastIndex(CommitWatcher.java:157)
	at org.apache.hadoop.hdds.scm.storage.BlockOutputStream.watchForCommit(BlockOutputStream.java:347)
	at org.apache.hadoop.hdds.scm.storage.BlockOutputStream.handleFlush(BlockOutputStream.java:479)
	at org.apache.hadoop.hdds.scm.storage.BlockOutputStream.flush(BlockOutputStream.java:428)
	at org.apache.hadoop.ozone.client.io.BlockOutputStreamEntry.flush(BlockOutputStreamEntry.java:136)
	at org.apache.hadoop.ozone.client.io.KeyOutputStream.handleFlushOrClose(KeyOutputStream.java:442)
	at org.apache.hadoop.ozone.client.io.KeyOutputStream.flush(KeyOutputStream.java:396)
	at org.apache.hadoop.ozone.client.io.OzoneOutputStream.flush(OzoneOutputStream.java:54)
	at org.apache.hadoop.ozone.client.rpc.TestBlockOutputStreamWithFailures.test2DatanodesFailure(TestBlockOutputStreamWithFailures.java:502)
	at sun.reflect.NativeMethodAccessorImpl.invoke0(Native Method)
	at sun.reflect.NativeMethodAccessorImpl.invoke(NativeMethodAccessorImpl.java:62)
	at sun.reflect.DelegatingMethodAccessorImpl.invoke(DelegatingMethodAccessorImpl.java:43)
	at java.lang.reflect.Method.invoke(Method.java:498)
	at org.junit.runners.model.FrameworkMethod$1.runReflectiveCall(FrameworkMethod.java:47)
	at org.junit.internal.runners.model.ReflectiveCallable.run(ReflectiveCallable.java:12)
	at org.junit.runners.model.FrameworkMethod.invokeExplosively(FrameworkMethod.java:44)
	at org.junit.internal.runners.statements.InvokeMethod.evaluate(InvokeMethod.java:17)
	at org.junit.internal.runners.statements.RunBefores.evaluate(RunBefores.java:26)
	at org.junit.internal.runners.statements.RunAfters.evaluate(RunAfters.java:27)
	at org.junit.runners.ParentRunner.runLeaf(ParentRunner.java:271)
	at org.junit.runners.BlockJUnit4ClassRunner.runChild(BlockJUnit4ClassRunner.java:70)
	at org.junit.runners.BlockJUnit4ClassRunner.runChild(BlockJUnit4ClassRunner.java:50)
	at org.junit.runners.ParentRunner$3.run(ParentRunner.java:238)
	at org.junit.runners.ParentRunner$1.schedule(ParentRunner.java:63)
	at org.junit.runners.ParentRunner.runChildren(ParentRunner.java:236)
	at org.junit.runners.ParentRunner.access$000(ParentRunner.java:53)
	at org.junit.runners.ParentRunner$2.evaluate(ParentRunner.java:229)
	at org.junit.runners.ParentRunner.run(ParentRunner.java:309)
	at org.apache.maven.surefire.junit4.JUnit4Provider.execute(JUnit4Provider.java:365)
	at org.apache.maven.surefire.junit4.JUnit4Provider.executeWithRerun(JUnit4Provider.java:273)
	at org.apache.maven.surefire.junit4.JUnit4Provider.executeTestSet(JUnit4Provider.java:238)
	at org.apache.maven.surefire.junit4.JUnit4Provider.invoke(JUnit4Provider.java:159)
	at org.apache.maven.surefire.booter.ForkedBooter.invokeProviderInSameClassLoader(ForkedBooter.java:384)
	at org.apache.maven.surefire.booter.ForkedBooter.runSuitesInProcess(ForkedBooter.java:345)
	at org.apache.maven.surefire.booter.ForkedBooter.execute(ForkedBooter.java:126)
	at org.apache.maven.surefire.booter.ForkedBooter.main(ForkedBooter.java:418)
2019-08-20 15:04:55,352 | INFO  | SCMAudit | user=jenkins1000 | ip=192.168.5.139 | op=SEND_HEARTBEAT {datanodeUUID=fb8329f7-6337-4286-bcd2-d612923e448c, command=[]} | ret=SUCCESS |  
2019-08-20 15:04:55,352 | INFO  | SCMAudit | user=jenkins1000 | ip=192.168.5.139 | op=SEND_HEARTBEAT {datanodeUUID=81e6f177-0aa0-4cea-a559-904193532cd7, command=[]} | ret=SUCCESS |  
2019-08-20 15:04:55,352 | INFO  | SCMAudit | user=jenkins1000 | ip=192.168.5.139 | op=SEND_HEARTBEAT {datanodeUUID=6a1036d9-12c3-40f5-8094-5440fe3d038e, command=[]} | ret=SUCCESS |  
2019-08-20 15:04:55,602 | INFO  | SCMAudit | user=jenkins1000 | ip=192.168.5.139 | op=SEND_HEARTBEAT {datanodeUUID=a2d6af90-c3d5-480c-824b-ae12d5e723ac, command=[]} | ret=SUCCESS |  
2019-08-20 15:04:55,977 | INFO  | SCMAudit | user=jenkins1000 | ip=192.168.5.139 | op=SEND_HEARTBEAT {datanodeUUID=c8a52875-dc52-43bc-af24-370bbdbe5589, command=[]} | ret=SUCCESS |  
2019-08-20 15:04:55,982 [main] WARN  storage.CommitWatcher (CommitWatcher.java:watchForCommit(203)) - watchForCommit failed for index 14
java.util.concurrent.TimeoutException
	at java.util.concurrent.CompletableFuture.timedGet(CompletableFuture.java:1771)
	at java.util.concurrent.CompletableFuture.get(CompletableFuture.java:1915)
	at org.apache.hadoop.hdds.scm.XceiverClientRatis.watchForCommit(XceiverClientRatis.java:268)
	at org.apache.hadoop.hdds.scm.storage.CommitWatcher.watchForCommit(CommitWatcher.java:194)
	at org.apache.hadoop.hdds.scm.storage.CommitWatcher.watchOnLastIndex(CommitWatcher.java:157)
	at org.apache.hadoop.hdds.scm.storage.BlockOutputStream.watchForCommit(BlockOutputStream.java:347)
	at org.apache.hadoop.hdds.scm.storage.BlockOutputStream.handleFlush(BlockOutputStream.java:479)
	at org.apache.hadoop.hdds.scm.storage.BlockOutputStream.flush(BlockOutputStream.java:428)
	at org.apache.hadoop.ozone.client.io.BlockOutputStreamEntry.flush(BlockOutputStreamEntry.java:136)
	at org.apache.hadoop.ozone.client.io.KeyOutputStream.handleFlushOrClose(KeyOutputStream.java:442)
	at org.apache.hadoop.ozone.client.io.KeyOutputStream.flush(KeyOutputStream.java:396)
	at org.apache.hadoop.ozone.client.io.OzoneOutputStream.flush(OzoneOutputStream.java:54)
	at org.apache.hadoop.ozone.client.rpc.TestBlockOutputStreamWithFailures.test2DatanodesFailure(TestBlockOutputStreamWithFailures.java:502)
	at sun.reflect.NativeMethodAccessorImpl.invoke0(Native Method)
	at sun.reflect.NativeMethodAccessorImpl.invoke(NativeMethodAccessorImpl.java:62)
	at sun.reflect.DelegatingMethodAccessorImpl.invoke(DelegatingMethodAccessorImpl.java:43)
	at java.lang.reflect.Method.invoke(Method.java:498)
	at org.junit.runners.model.FrameworkMethod$1.runReflectiveCall(FrameworkMethod.java:47)
	at org.junit.internal.runners.model.ReflectiveCallable.run(ReflectiveCallable.java:12)
	at org.junit.runners.model.FrameworkMethod.invokeExplosively(FrameworkMethod.java:44)
	at org.junit.internal.runners.statements.InvokeMethod.evaluate(InvokeMethod.java:17)
	at org.junit.internal.runners.statements.RunBefores.evaluate(RunBefores.java:26)
	at org.junit.internal.runners.statements.RunAfters.evaluate(RunAfters.java:27)
	at org.junit.runners.ParentRunner.runLeaf(ParentRunner.java:271)
	at org.junit.runners.BlockJUnit4ClassRunner.runChild(BlockJUnit4ClassRunner.java:70)
	at org.junit.runners.BlockJUnit4ClassRunner.runChild(BlockJUnit4ClassRunner.java:50)
	at org.junit.runners.ParentRunner$3.run(ParentRunner.java:238)
	at org.junit.runners.ParentRunner$1.schedule(ParentRunner.java:63)
	at org.junit.runners.ParentRunner.runChildren(ParentRunner.java:236)
	at org.junit.runners.ParentRunner.access$000(ParentRunner.java:53)
	at org.junit.runners.ParentRunner$2.evaluate(ParentRunner.java:229)
	at org.junit.runners.ParentRunner.run(ParentRunner.java:309)
	at org.apache.maven.surefire.junit4.JUnit4Provider.execute(JUnit4Provider.java:365)
	at org.apache.maven.surefire.junit4.JUnit4Provider.executeWithRerun(JUnit4Provider.java:273)
	at org.apache.maven.surefire.junit4.JUnit4Provider.executeTestSet(JUnit4Provider.java:238)
	at org.apache.maven.surefire.junit4.JUnit4Provider.invoke(JUnit4Provider.java:159)
	at org.apache.maven.surefire.booter.ForkedBooter.invokeProviderInSameClassLoader(ForkedBooter.java:384)
	at org.apache.maven.surefire.booter.ForkedBooter.runSuitesInProcess(ForkedBooter.java:345)
	at org.apache.maven.surefire.booter.ForkedBooter.execute(ForkedBooter.java:126)
	at org.apache.maven.surefire.booter.ForkedBooter.main(ForkedBooter.java:418)
2019-08-20 15:04:55,985 [main] WARN  io.KeyOutputStream (KeyOutputStream.java:handleException(276)) - Encountered exception java.io.IOException: Unexpected Storage Container Exception: java.io.IOException: Unexpected Storage Container Exception: java.util.concurrent.TimeoutException on the pipeline Pipeline[ Id: 6ea0278c-aa29-493a-b2aa-9abdfb0d4108, Nodes: 81e6f177-0aa0-4cea-a559-904193532cd7{ip: 192.168.5.139, host: pr-hdds-1200-9hlr9-3148487106, networkLocation: /default-rack, certSerialId: null}fb8329f7-6337-4286-bcd2-d612923e448c{ip: 192.168.5.139, host: pr-hdds-1200-9hlr9-3148487106, networkLocation: /default-rack, certSerialId: null}6a1036d9-12c3-40f5-8094-5440fe3d038e{ip: 192.168.5.139, host: pr-hdds-1200-9hlr9-3148487106, networkLocation: /default-rack, certSerialId: null}, Type:RATIS, Factor:THREE, State:OPEN]. The last committed block length is 400, uncommitted data length is 50 retry count 0
2019-08-20 15:04:55,990 [IPC Server handler 0 on 44146] WARN  block.BlockManagerImpl (BlockManagerImpl.java:allocateBlock(192)) - Pipeline creation failed for type:RATIS factor:THREE. Retrying get pipelines call once.
org.apache.hadoop.hdds.scm.pipeline.InsufficientDatanodesException: Cannot create pipeline of factor 3 using 2 nodes.
	at org.apache.hadoop.hdds.scm.pipeline.RatisPipelineProvider.create(RatisPipelineProvider.java:151)
	at org.apache.hadoop.hdds.scm.pipeline.PipelineFactory.create(PipelineFactory.java:57)
	at org.apache.hadoop.hdds.scm.pipeline.SCMPipelineManager.createPipeline(SCMPipelineManager.java:149)
	at org.apache.hadoop.hdds.scm.block.BlockManagerImpl.allocateBlock(BlockManagerImpl.java:190)
	at org.apache.hadoop.hdds.scm.server.SCMBlockProtocolServer.allocateBlock(SCMBlockProtocolServer.java:175)
	at org.apache.hadoop.ozone.protocolPB.ScmBlockLocationProtocolServerSideTranslatorPB.allocateScmBlock(ScmBlockLocationProtocolServerSideTranslatorPB.java:153)
	at org.apache.hadoop.ozone.protocolPB.ScmBlockLocationProtocolServerSideTranslatorPB.send(ScmBlockLocationProtocolServerSideTranslatorPB.java:112)
	at org.apache.hadoop.hdds.protocol.proto.ScmBlockLocationProtocolProtos$ScmBlockLocationProtocolService$2.callBlockingMethod(ScmBlockLocationProtocolProtos.java:13157)
	at org.apache.hadoop.ipc.ProtobufRpcEngine$Server$ProtoBufRpcInvoker.call(ProtobufRpcEngine.java:524)
	at org.apache.hadoop.ipc.RPC$Server.call(RPC.java:1025)
	at org.apache.hadoop.ipc.Server$RpcCall.run(Server.java:876)
	at org.apache.hadoop.ipc.Server$RpcCall.run(Server.java:822)
	at java.security.AccessController.doPrivileged(Native Method)
	at javax.security.auth.Subject.doAs(Subject.java:422)
	at org.apache.hadoop.security.UserGroupInformation.doAs(UserGroupInformation.java:1730)
	at org.apache.hadoop.ipc.Server$Handler.run(Server.java:2682)
2019-08-20 15:04:55,991 [IPC Server handler 0 on 44146] INFO  block.BlockManagerImpl (BlockManagerImpl.java:allocateBlock(198)) - Could not find available pipeline of type:RATIS and factor:THREE even after retrying
2019-08-20 15:04:55,991 [IPC Server handler 0 on 44146] ERROR block.BlockManagerImpl (BlockManagerImpl.java:allocateBlock(222)) - Unable to allocate a block for the size: 800, type: RATIS, factor: THREE
2019-08-20 15:04:55,991 | INFO  | SCMAudit | user=jenkins1000 | ip=192.168.5.139 | op=ALLOCATE_BLOCK {owner=03f2ab68-22bb-4fd4-ba91-4d242dce790c, size=800, type=RATIS, factor=THREE} | ret=SUCCESS |  
2019-08-20 15:04:55,994 | ERROR | OMAudit | user=jenkins1000 | ip=127.0.0.1 | op=ALLOCATE_BLOCK {volume=testblockoutputstream, bucket=testblockoutputstream, key=b5c2d378-4b27-44f4-a4a2-1421d9998f2f, dataSize=0, replicationType=null, replicationFactor=null, keyLocationInfo=null, clientID=102649915921858560} | ret=FAILURE | org.apache.hadoop.hdds.scm.exceptions.SCMException: Allocated 0 blocks. Requested 1 blocks
	at org.apache.hadoop.hdds.scm.protocolPB.ScmBlockLocationProtocolClientSideTranslatorPB.handleError(ScmBlockLocationProtocolClientSideTranslatorPB.java:118)
	at org.apache.hadoop.hdds.scm.protocolPB.ScmBlockLocationProtocolClientSideTranslatorPB.allocateBlock(ScmBlockLocationProtocolClientSideTranslatorPB.java:156) 
2019-08-20 15:04:55,998 [main] ERROR io.BlockOutputStreamEntryPool (BlockOutputStreamEntryPool.java:allocateBlockIfNeeded(299)) - Try to allocate more blocks for write failed, already allocated 0 blocks for this write.
INTERNAL_ERROR org.apache.hadoop.ozone.om.exceptions.OMException: Allocated 0 blocks. Requested 1 blocks
	at org.apache.hadoop.ozone.om.protocolPB.OzoneManagerProtocolClientSideTranslatorPB.handleError(OzoneManagerProtocolClientSideTranslatorPB.java:725)
	at org.apache.hadoop.ozone.om.protocolPB.OzoneManagerProtocolClientSideTranslatorPB.allocateBlock(OzoneManagerProtocolClientSideTranslatorPB.java:757)
	at org.apache.hadoop.ozone.client.io.BlockOutputStreamEntryPool.allocateNewBlock(BlockOutputStreamEntryPool.java:248)
	at org.apache.hadoop.ozone.client.io.BlockOutputStreamEntryPool.allocateBlockIfNeeded(BlockOutputStreamEntryPool.java:296)
	at org.apache.hadoop.ozone.client.io.KeyOutputStream.handleWrite(KeyOutputStream.java:201)
	at org.apache.hadoop.ozone.client.io.KeyOutputStream.handleRetry(KeyOutputStream.java:376)
	at org.apache.hadoop.ozone.client.io.KeyOutputStream.handleException(KeyOutputStream.java:325)
	at org.apache.hadoop.ozone.client.io.KeyOutputStream.handleFlushOrClose(KeyOutputStream.java:448)
	at org.apache.hadoop.ozone.client.io.KeyOutputStream.flush(KeyOutputStream.java:396)
	at org.apache.hadoop.ozone.client.io.OzoneOutputStream.flush(OzoneOutputStream.java:54)
	at org.apache.hadoop.ozone.client.rpc.TestBlockOutputStreamWithFailures.test2DatanodesFailure(TestBlockOutputStreamWithFailures.java:502)
	at sun.reflect.NativeMethodAccessorImpl.invoke0(Native Method)
	at sun.reflect.NativeMethodAccessorImpl.invoke(NativeMethodAccessorImpl.java:62)
	at sun.reflect.DelegatingMethodAccessorImpl.invoke(DelegatingMethodAccessorImpl.java:43)
	at java.lang.reflect.Method.invoke(Method.java:498)
	at org.junit.runners.model.FrameworkMethod$1.runReflectiveCall(FrameworkMethod.java:47)
	at org.junit.internal.runners.model.ReflectiveCallable.run(ReflectiveCallable.java:12)
	at org.junit.runners.model.FrameworkMethod.invokeExplosively(FrameworkMethod.java:44)
	at org.junit.internal.runners.statements.InvokeMethod.evaluate(InvokeMethod.java:17)
	at org.junit.internal.runners.statements.RunBefores.evaluate(RunBefores.java:26)
	at org.junit.internal.runners.statements.RunAfters.evaluate(RunAfters.java:27)
	at org.junit.runners.ParentRunner.runLeaf(ParentRunner.java:271)
	at org.junit.runners.BlockJUnit4ClassRunner.runChild(BlockJUnit4ClassRunner.java:70)
	at org.junit.runners.BlockJUnit4ClassRunner.runChild(BlockJUnit4ClassRunner.java:50)
	at org.junit.runners.ParentRunner$3.run(ParentRunner.java:238)
	at org.junit.runners.ParentRunner$1.schedule(ParentRunner.java:63)
	at org.junit.runners.ParentRunner.runChildren(ParentRunner.java:236)
	at org.junit.runners.ParentRunner.access$000(ParentRunner.java:53)
	at org.junit.runners.ParentRunner$2.evaluate(ParentRunner.java:229)
	at org.junit.runners.ParentRunner.run(ParentRunner.java:309)
	at org.apache.maven.surefire.junit4.JUnit4Provider.execute(JUnit4Provider.java:365)
	at org.apache.maven.surefire.junit4.JUnit4Provider.executeWithRerun(JUnit4Provider.java:273)
	at org.apache.maven.surefire.junit4.JUnit4Provider.executeTestSet(JUnit4Provider.java:238)
	at org.apache.maven.surefire.junit4.JUnit4Provider.invoke(JUnit4Provider.java:159)
	at org.apache.maven.surefire.booter.ForkedBooter.invokeProviderInSameClassLoader(ForkedBooter.java:384)
	at org.apache.maven.surefire.booter.ForkedBooter.runSuitesInProcess(ForkedBooter.java:345)
	at org.apache.maven.surefire.booter.ForkedBooter.execute(ForkedBooter.java:126)
	at org.apache.maven.surefire.booter.ForkedBooter.main(ForkedBooter.java:418)
2019-08-20 15:04:55,998 [main] INFO  ozone.MiniOzoneClusterImpl (MiniOzoneClusterImpl.java:shutdown(321)) - Shutting down the Mini Ozone Cluster
2019-08-20 15:04:55,999 | INFO  | SCMAudit | user=null | ip=null | op=GET_SCM_INFO null | ret=SUCCESS |  
2019-08-20 15:04:55,999 [main] INFO  ozone.MiniOzoneClusterImpl (MiniOzoneClusterImpl.java:stop(336)) - Stopping the Mini Ozone Cluster
2019-08-20 15:04:55,999 [main] INFO  ozone.MiniOzoneClusterImpl (MiniOzoneClusterImpl.java:stop(338)) - Stopping the OzoneManager
2019-08-20 15:04:55,999 [main] INFO  ipc.Server (Server.java:stop(3082)) - Stopping server on 41863
2019-08-20 15:04:56,016 [IPC Server listener on 41863] INFO  ipc.Server (Server.java:run(1185)) - Stopping IPC Server listener on 41863
2019-08-20 15:04:56,018 [IPC Server Responder] INFO  ipc.Server (Server.java:run(1319)) - Stopping IPC Server Responder
2019-08-20 15:04:56,017 [main] INFO  ratis.OzoneManagerDoubleBuffer (OzoneManagerDoubleBuffer.java:stop(248)) - Stopping OMDoubleBuffer flush thread
2019-08-20 15:04:56,039 [OMDoubleBufferFlushThread] INFO  ratis.OzoneManagerDoubleBuffer (OzoneManagerDoubleBuffer.java:flushTransactions(191)) - OMDoubleBuffer flush thread OMDoubleBufferFlushThread is interrupted and will exit. OMDoubleBufferFlushThread
2019-08-20 15:04:56,040 [main] INFO  utils.BackgroundService (BackgroundService.java:shutdown(148)) - Shutting down service KeyDeletingService
2019-08-20 15:04:56,042 [main] INFO  handler.ContextHandler (ContextHandler.java:doStop(910)) - Stopped o.e.j.w.WebAppContext@7d755813{/,null,UNAVAILABLE}{/ozoneManager}
2019-08-20 15:04:56,043 [main] INFO  server.AbstractConnector (AbstractConnector.java:doStop(318)) - Stopped ServerConnector@69c93ca4{HTTP/1.1,[http/1.1]}{0.0.0.0:0}
2019-08-20 15:04:56,044 [main] INFO  handler.ContextHandler (ContextHandler.java:doStop(910)) - Stopped o.e.j.s.ServletContextHandler@41c204a0{/static,file:///workdir/hadoop-ozone/integration-test/target/test-classes/webapps/static,UNAVAILABLE}
2019-08-20 15:04:56,044 [main] INFO  handler.ContextHandler (ContextHandler.java:doStop(910)) - Stopped o.e.j.s.ServletContextHandler@a64e035{/logs,file:///workdir/hadoop-ozone/integration-test/target/log,UNAVAILABLE}
2019-08-20 15:04:56,048 [main] INFO  ozone.MiniOzoneClusterImpl (MiniOzoneClusterImpl.java:stop(344)) - Shutting the HddsDatanodes
2019-08-20 15:04:56,049 [main] INFO  datanode.ObjectStoreHandler (ObjectStoreHandler.java:close(155)) - Closing ObjectStoreHandler.
2019-08-20 15:04:56,049 [ForkJoinPool.commonPool-worker-0] INFO  datanode.ObjectStoreHandler (ObjectStoreHandler.java:close(155)) - Closing ObjectStoreHandler.
2019-08-20 15:04:56,051 [main] INFO  ozone.HddsDatanodeService (HddsDatanodeService.java:stop(451)) - Stopped plug-in org.apache.hadoop.ozone.web.OzoneHddsDatanodeService@67c6f4d8
2019-08-20 15:04:56,051 [ForkJoinPool.commonPool-worker-0] INFO  ozone.HddsDatanodeService (HddsDatanodeService.java:stop(451)) - Stopped plug-in org.apache.hadoop.ozone.web.OzoneHddsDatanodeService@6b162ecc
2019-08-20 15:04:56,351 [Datanode State Machine Thread - 0] INFO  statemachine.DatanodeStateMachine (DatanodeStateMachine.java:lambda$startDaemon$0(350)) - Ozone container server started.
2019-08-20 15:04:56,352 | INFO  | SCMAudit | user=jenkins1000 | ip=192.168.5.139 | op=SEND_HEARTBEAT {datanodeUUID=81e6f177-0aa0-4cea-a559-904193532cd7, command=[]} | ret=SUCCESS |  
2019-08-20 15:04:56,352 | INFO  | SCMAudit | user=jenkins1000 | ip=192.168.5.139 | op=SEND_HEARTBEAT {datanodeUUID=fb8329f7-6337-4286-bcd2-d612923e448c, command=[]} | ret=SUCCESS |  
2019-08-20 15:04:56,523 | INFO  | DNAudit | user=null | ip=null | op=PUT_BLOCK {blockData=[blockId=conID: 2 locID: 102649921091272706 bcsId: 0,size=450]} | ret=SUCCESS |  
2019-08-20 15:04:56,524 [grpc-default-executor-1] INFO  client.GrpcClientProtocolClient (GrpcClientProtocolClient.java:onNext(255)) - client-50719631FB96->fb8329f7-6337-4286-bcd2-d612923e448c: receive RaftClientReply:client-50719631FB96->fb8329f7-6337-4286-bcd2-d612923e448c@group-9ABDFB0D4108, cid=45, SUCCESS, logIndex=0, commits[fb8329f7-6337-4286-bcd2-d612923e448c:c16, 6a1036d9-12c3-40f5-8094-5440fe3d038e:c13, 81e6f177-0aa0-4cea-a559-904193532cd7:c16]
2019-08-20 15:04:56,535 | INFO  | DNAudit | user=null | ip=null | op=PUT_BLOCK {blockData=[blockId=conID: 2 locID: 102649921091272706 bcsId: 0,size=450]} | ret=SUCCESS |  
2019-08-20 15:04:56,536 [grpc-default-executor-1] INFO  client.GrpcClientProtocolClient (GrpcClientProtocolClient.java:onNext(255)) - client-50719631FB96->fb8329f7-6337-4286-bcd2-d612923e448c: receive RaftClientReply:client-50719631FB96->fb8329f7-6337-4286-bcd2-d612923e448c@group-9ABDFB0D4108, cid=40, SUCCESS, logIndex=0, commits[fb8329f7-6337-4286-bcd2-d612923e448c:c16, 6a1036d9-12c3-40f5-8094-5440fe3d038e:c16, 81e6f177-0aa0-4cea-a559-904193532cd7:c16]
2019-08-20 15:04:56,602 | INFO  | SCMAudit | user=jenkins1000 | ip=192.168.5.139 | op=SEND_HEARTBEAT {datanodeUUID=a2d6af90-c3d5-480c-824b-ae12d5e723ac, command=[]} | ret=SUCCESS |  
2019-08-20 15:04:56,976 [Datanode State Machine Thread - 0] INFO  statemachine.DatanodeStateMachine (DatanodeStateMachine.java:lambda$startDaemon$0(350)) - Ozone container server started.
2019-08-20 15:04:57,352 | INFO  | SCMAudit | user=jenkins1000 | ip=192.168.5.139 | op=SEND_HEARTBEAT {datanodeUUID=fb8329f7-6337-4286-bcd2-d612923e448c, command=[]} | ret=SUCCESS |  
2019-08-20 15:04:57,352 | INFO  | SCMAudit | user=jenkins1000 | ip=192.168.5.139 | op=SEND_HEARTBEAT {datanodeUUID=81e6f177-0aa0-4cea-a559-904193532cd7, command=[]} | ret=SUCCESS |  
2019-08-20 15:04:57,602 | INFO  | SCMAudit | user=jenkins1000 | ip=192.168.5.139 | op=SEND_HEARTBEAT {datanodeUUID=a2d6af90-c3d5-480c-824b-ae12d5e723ac, command=[]} | ret=SUCCESS |  
2019-08-20 15:04:58,352 | INFO  | SCMAudit | user=jenkins1000 | ip=192.168.5.139 | op=SEND_HEARTBEAT {datanodeUUID=fb8329f7-6337-4286-bcd2-d612923e448c, command=[]} | ret=SUCCESS |  
2019-08-20 15:04:58,352 | INFO  | SCMAudit | user=jenkins1000 | ip=192.168.5.139 | op=SEND_HEARTBEAT {datanodeUUID=81e6f177-0aa0-4cea-a559-904193532cd7, command=[]} | ret=SUCCESS |  
2019-08-20 15:04:58,603 | INFO  | SCMAudit | user=jenkins1000 | ip=192.168.5.139 | op=SEND_HEARTBEAT {datanodeUUID=a2d6af90-c3d5-480c-824b-ae12d5e723ac, command=[]} | ret=SUCCESS |  
2019-08-20 15:04:59,352 | INFO  | SCMAudit | user=jenkins1000 | ip=192.168.5.139 | op=SEND_HEARTBEAT {datanodeUUID=fb8329f7-6337-4286-bcd2-d612923e448c, command=[]} | ret=SUCCESS |  
2019-08-20 15:04:59,352 | INFO  | SCMAudit | user=jenkins1000 | ip=192.168.5.139 | op=SEND_HEARTBEAT {datanodeUUID=81e6f177-0aa0-4cea-a559-904193532cd7, command=[]} | ret=SUCCESS |  
2019-08-20 15:04:59,602 | INFO  | SCMAudit | user=jenkins1000 | ip=192.168.5.139 | op=SEND_HEARTBEAT {datanodeUUID=a2d6af90-c3d5-480c-824b-ae12d5e723ac, command=[]} | ret=SUCCESS |  
2019-08-20 15:05:00,353 | INFO  | SCMAudit | user=jenkins1000 | ip=192.168.5.139 | op=SEND_HEARTBEAT {datanodeUUID=81e6f177-0aa0-4cea-a559-904193532cd7, command=[]} | ret=SUCCESS |  
2019-08-20 15:05:00,353 | INFO  | SCMAudit | user=jenkins1000 | ip=192.168.5.139 | op=SEND_HEARTBEAT {datanodeUUID=fb8329f7-6337-4286-bcd2-d612923e448c, command=[]} | ret=SUCCESS |  
2019-08-20 15:05:00,372 [EventQueue-StaleNodeForStaleNodeHandler] INFO  node.StaleNodeHandler (StaleNodeHandler.java:onMessage(58)) - Datanode 6a1036d9-12c3-40f5-8094-5440fe3d038e{ip: 192.168.5.139, host: pr-hdds-1200-9hlr9-3148487106, networkLocation: /default-rack, certSerialId: null} moved to stale state. Finalizing its pipelines [PipelineID=d6573aba-22c9-4a14-97f8-d36297b74f78, PipelineID=6ea0278c-aa29-493a-b2aa-9abdfb0d4108]
2019-08-20 15:05:00,372 [EventQueue-StaleNodeForStaleNodeHandler] INFO  pipeline.SCMPipelineManager (SCMPipelineManager.java:finalizeAndDestroyPipeline(309)) - destroying pipeline:Pipeline[ Id: d6573aba-22c9-4a14-97f8-d36297b74f78, Nodes: 6a1036d9-12c3-40f5-8094-5440fe3d038e{ip: 192.168.5.139, host: pr-hdds-1200-9hlr9-3148487106, networkLocation: /default-rack, certSerialId: null}, Type:RATIS, Factor:ONE, State:OPEN]
2019-08-20 15:05:00,373 [EventQueue-StaleNodeForStaleNodeHandler] INFO  pipeline.PipelineStateManager (PipelineStateManager.java:finalizePipeline(123)) - Pipeline Pipeline[ Id: d6573aba-22c9-4a14-97f8-d36297b74f78, Nodes: 6a1036d9-12c3-40f5-8094-5440fe3d038e{ip: 192.168.5.139, host: pr-hdds-1200-9hlr9-3148487106, networkLocation: /default-rack, certSerialId: null}, Type:RATIS, Factor:ONE, State:CLOSED] moved to CLOSED state
2019-08-20 15:05:00,373 [EventQueue-StaleNodeForStaleNodeHandler] INFO  pipeline.SCMPipelineManager (SCMPipelineManager.java:finalizeAndDestroyPipeline(309)) - destroying pipeline:Pipeline[ Id: 6ea0278c-aa29-493a-b2aa-9abdfb0d4108, Nodes: 81e6f177-0aa0-4cea-a559-904193532cd7{ip: 192.168.5.139, host: pr-hdds-1200-9hlr9-3148487106, networkLocation: /default-rack, certSerialId: null}fb8329f7-6337-4286-bcd2-d612923e448c{ip: 192.168.5.139, host: pr-hdds-1200-9hlr9-3148487106, networkLocation: /default-rack, certSerialId: null}6a1036d9-12c3-40f5-8094-5440fe3d038e{ip: 192.168.5.139, host: pr-hdds-1200-9hlr9-3148487106, networkLocation: /default-rack, certSerialId: null}, Type:RATIS, Factor:THREE, State:OPEN]
2019-08-20 15:05:00,373 [EventQueue-StaleNodeForStaleNodeHandler] INFO  pipeline.PipelineStateManager (PipelineStateManager.java:finalizePipeline(123)) - Pipeline Pipeline[ Id: 6ea0278c-aa29-493a-b2aa-9abdfb0d4108, Nodes: 81e6f177-0aa0-4cea-a559-904193532cd7{ip: 192.168.5.139, host: pr-hdds-1200-9hlr9-3148487106, networkLocation: /default-rack, certSerialId: null}fb8329f7-6337-4286-bcd2-d612923e448c{ip: 192.168.5.139, host: pr-hdds-1200-9hlr9-3148487106, networkLocation: /default-rack, certSerialId: null}6a1036d9-12c3-40f5-8094-5440fe3d038e{ip: 192.168.5.139, host: pr-hdds-1200-9hlr9-3148487106, networkLocation: /default-rack, certSerialId: null}, Type:RATIS, Factor:THREE, State:CLOSED] moved to CLOSED state
2019-08-20 15:05:00,374 [EventQueue-CloseContainerForCloseContainerEventHandler] INFO  container.CloseContainerEventHandler (CloseContainerEventHandler.java:onMessage(61)) - Close container Event triggered for container : #2
2019-08-20 15:05:00,602 | INFO  | SCMAudit | user=jenkins1000 | ip=192.168.5.139 | op=SEND_HEARTBEAT {datanodeUUID=a2d6af90-c3d5-480c-824b-ae12d5e723ac, command=[]} | ret=SUCCESS |  
2019-08-20 15:05:01,053 [main] INFO  ozoneimpl.OzoneContainer (OzoneContainer.java:stop(214)) - Attempting to stop container services.
2019-08-20 15:05:01,053 [ForkJoinPool.commonPool-worker-0] INFO  ozoneimpl.OzoneContainer (OzoneContainer.java:stop(214)) - Attempting to stop container services.
2019-08-20 15:05:01,054 [main] INFO  impl.RaftServerProxy (RaftServerProxy.java:lambda$close$4(314)) - 6a1036d9-12c3-40f5-8094-5440fe3d038e: close
2019-08-20 15:05:01,054 [ForkJoinPool.commonPool-worker-0] INFO  impl.RaftServerProxy (RaftServerProxy.java:lambda$close$4(314)) - c8a52875-dc52-43bc-af24-370bbdbe5589: close
2019-08-20 15:05:01,054 [main] INFO  impl.RaftServerImpl (RaftServerImpl.java:lambda$shutdown$3(245)) - 6a1036d9-12c3-40f5-8094-5440fe3d038e: shutdown group-D36297B74F78
2019-08-20 15:05:01,055 [ForkJoinPool.commonPool-worker-0] INFO  impl.RaftServerImpl (RaftServerImpl.java:lambda$shutdown$3(245)) - c8a52875-dc52-43bc-af24-370bbdbe5589: shutdown group-1B5960D8870E
2019-08-20 15:05:01,055 [main] INFO  util.JmxRegister (JmxRegister.java:unregister(73)) - Successfully un-registered JMX Bean with object name Ratis:service=RaftServer,group=group-D36297B74F78,id=6a1036d9-12c3-40f5-8094-5440fe3d038e
2019-08-20 15:05:01,055 [ForkJoinPool.commonPool-worker-0] INFO  util.JmxRegister (JmxRegister.java:unregister(73)) - Successfully un-registered JMX Bean with object name Ratis:service=RaftServer,group=group-1B5960D8870E,id=c8a52875-dc52-43bc-af24-370bbdbe5589
2019-08-20 15:05:01,056 [main] INFO  impl.RoleInfo (RoleInfo.java:shutdownLeaderState(104)) - 6a1036d9-12c3-40f5-8094-5440fe3d038e: shutdown LeaderState
2019-08-20 15:05:01,056 [ForkJoinPool.commonPool-worker-0] INFO  impl.RoleInfo (RoleInfo.java:shutdownLeaderState(104)) - c8a52875-dc52-43bc-af24-370bbdbe5589: shutdown LeaderState
2019-08-20 15:05:01,056 [main] INFO  impl.PendingRequests (PendingRequests.java:sendNotLeaderResponses(202)) - 6a1036d9-12c3-40f5-8094-5440fe3d038e-PendingRequests: sendNotLeaderResponses
2019-08-20 15:05:01,059 [ForkJoinPool.commonPool-worker-0] INFO  impl.PendingRequests (PendingRequests.java:sendNotLeaderResponses(202)) - c8a52875-dc52-43bc-af24-370bbdbe5589-PendingRequests: sendNotLeaderResponses
2019-08-20 15:05:01,059 [main] INFO  impl.StateMachineUpdater (StateMachineUpdater.java:stopAndJoin(115)) - StateMachineUpdater:6a1036d9-12c3-40f5-8094-5440fe3d038e:group-D36297B74F78: set stopIndex = 0
2019-08-20 15:05:01,060 [ForkJoinPool.commonPool-worker-0] INFO  impl.StateMachineUpdater (StateMachineUpdater.java:stopAndJoin(115)) - StateMachineUpdater:c8a52875-dc52-43bc-af24-370bbdbe5589:group-1B5960D8870E: set stopIndex = 0
2019-08-20 15:05:01,060 [main] INFO  impl.RaftServerImpl (ServerState.java:close(394)) - 6a1036d9-12c3-40f5-8094-5440fe3d038e:group-D36297B74F78 closes. The last applied log index is 0
2019-08-20 15:05:01,060 [ForkJoinPool.commonPool-worker-0] INFO  impl.RaftServerImpl (ServerState.java:close(394)) - c8a52875-dc52-43bc-af24-370bbdbe5589:group-1B5960D8870E closes. The last applied log index is 0
2019-08-20 15:05:01,061 [6a1036d9-12c3-40f5-8094-5440fe3d038e-SegmentedRaftLogWorker:Storage Directory /workdir/hadoop-ozone/integration-test/target/test-dir/MiniOzoneClusterImpl-24f7eca7-c48c-4952-ad8b-43e154ea7cd7/datanode-3/data/ratis/d6573aba-22c9-4a14-97f8-d36297b74f78] INFO  segmented.SegmentedRaftLogWorker (SegmentedRaftLogWorker.java:run(313)) - 6a1036d9-12c3-40f5-8094-5440fe3d038e-SegmentedRaftLogWorker:Storage Directory /workdir/hadoop-ozone/integration-test/target/test-dir/MiniOzoneClusterImpl-24f7eca7-c48c-4952-ad8b-43e154ea7cd7/datanode-3/data/ratis/d6573aba-22c9-4a14-97f8-d36297b74f78 was interrupted, exiting. There are 0 tasks remaining in the queue.
2019-08-20 15:05:01,063 [c8a52875-dc52-43bc-af24-370bbdbe5589-SegmentedRaftLogWorker:Storage Directory /workdir/hadoop-ozone/integration-test/target/test-dir/MiniOzoneClusterImpl-24f7eca7-c48c-4952-ad8b-43e154ea7cd7/datanode-1/data/ratis/a1c744aa-4164-4dd4-984c-1b5960d8870e] INFO  segmented.SegmentedRaftLogWorker (SegmentedRaftLogWorker.java:run(313)) - c8a52875-dc52-43bc-af24-370bbdbe5589-SegmentedRaftLogWorker:Storage Directory /workdir/hadoop-ozone/integration-test/target/test-dir/MiniOzoneClusterImpl-24f7eca7-c48c-4952-ad8b-43e154ea7cd7/datanode-1/data/ratis/a1c744aa-4164-4dd4-984c-1b5960d8870e was interrupted, exiting. There are 0 tasks remaining in the queue.
2019-08-20 15:05:01,063 [main] INFO  segmented.SegmentedRaftLogWorker (SegmentedRaftLogWorker.java:close(228)) - 6a1036d9-12c3-40f5-8094-5440fe3d038e-SegmentedRaftLogWorker:Storage Directory /workdir/hadoop-ozone/integration-test/target/test-dir/MiniOzoneClusterImpl-24f7eca7-c48c-4952-ad8b-43e154ea7cd7/datanode-3/data/ratis/d6573aba-22c9-4a14-97f8-d36297b74f78 close()
2019-08-20 15:05:01,065 [ForkJoinPool.commonPool-worker-0] INFO  segmented.SegmentedRaftLogWorker (SegmentedRaftLogWorker.java:close(228)) - c8a52875-dc52-43bc-af24-370bbdbe5589-SegmentedRaftLogWorker:Storage Directory /workdir/hadoop-ozone/integration-test/target/test-dir/MiniOzoneClusterImpl-24f7eca7-c48c-4952-ad8b-43e154ea7cd7/datanode-1/data/ratis/a1c744aa-4164-4dd4-984c-1b5960d8870e close()
2019-08-20 15:05:01,068 [main] INFO  impl.RaftServerImpl (RaftServerImpl.java:lambda$shutdown$3(245)) - 6a1036d9-12c3-40f5-8094-5440fe3d038e: shutdown group-9ABDFB0D4108
2019-08-20 15:05:01,072 [ForkJoinPool.commonPool-worker-0] INFO  server.GrpcService (GrpcService.java:closeImpl(155)) - c8a52875-dc52-43bc-af24-370bbdbe5589: shutdown server with port 38327 now
2019-08-20 15:05:01,072 [main] INFO  util.JmxRegister (JmxRegister.java:unregister(73)) - Successfully un-registered JMX Bean with object name Ratis:service=RaftServer,group=group-9ABDFB0D4108,id=6a1036d9-12c3-40f5-8094-5440fe3d038e
2019-08-20 15:05:01,073 [main] INFO  impl.RoleInfo (RoleInfo.java:shutdownFollowerState(121)) - 6a1036d9-12c3-40f5-8094-5440fe3d038e: shutdown FollowerState
2019-08-20 15:05:01,073 [EventQueue-StaleNodeForStaleNodeHandler] INFO  node.StaleNodeHandler (StaleNodeHandler.java:onMessage(58)) - Datanode c8a52875-dc52-43bc-af24-370bbdbe5589{ip: 192.168.5.139, host: pr-hdds-1200-9hlr9-3148487106, networkLocation: /default-rack, certSerialId: null} moved to stale state. Finalizing its pipelines [PipelineID=a1c744aa-4164-4dd4-984c-1b5960d8870e]
2019-08-20 15:05:01,073 [StateMachineUpdater:6a1036d9-12c3-40f5-8094-5440fe3d038e:group-9ABDFB0D4108] INFO  ratis.ContainerStateMachine (ContainerStateMachine.java:takeSnapshot(271)) - group-9ABDFB0D4108: Taking a snapshot at:(t:1, i:16) file /workdir/hadoop-ozone/integration-test/target/test-dir/MiniOzoneClusterImpl-24f7eca7-c48c-4952-ad8b-43e154ea7cd7/datanode-3/data/ratis/6ea0278c-aa29-493a-b2aa-9abdfb0d4108/sm/snapshot.1_16
2019-08-20 15:05:01,073 [ForkJoinPool.commonPool-worker-0] INFO  server.GrpcService (GrpcService.java:closeImpl(163)) - c8a52875-dc52-43bc-af24-370bbdbe5589: shutdown server with port 38327 successfully
2019-08-20 15:05:01,073 [main] INFO  impl.StateMachineUpdater (StateMachineUpdater.java:stopAndJoin(115)) - StateMachineUpdater:6a1036d9-12c3-40f5-8094-5440fe3d038e:group-9ABDFB0D4108: set stopIndex = 16
2019-08-20 15:05:01,073 [EventQueue-StaleNodeForStaleNodeHandler] INFO  pipeline.SCMPipelineManager (SCMPipelineManager.java:finalizeAndDestroyPipeline(309)) - destroying pipeline:Pipeline[ Id: a1c744aa-4164-4dd4-984c-1b5960d8870e, Nodes: c8a52875-dc52-43bc-af24-370bbdbe5589{ip: 192.168.5.139, host: pr-hdds-1200-9hlr9-3148487106, networkLocation: /default-rack, certSerialId: null}, Type:RATIS, Factor:ONE, State:OPEN]
2019-08-20 15:05:01,073 [Thread-327] INFO  impl.FollowerState (FollowerState.java:run(114)) - 6a1036d9-12c3-40f5-8094-5440fe3d038e: FollowerState was interrupted: java.lang.InterruptedException: sleep interrupted
2019-08-20 15:05:01,074 [EventQueue-StaleNodeForStaleNodeHandler] INFO  pipeline.PipelineStateManager (PipelineStateManager.java:finalizePipeline(123)) - Pipeline Pipeline[ Id: a1c744aa-4164-4dd4-984c-1b5960d8870e, Nodes: c8a52875-dc52-43bc-af24-370bbdbe5589{ip: 192.168.5.139, host: pr-hdds-1200-9hlr9-3148487106, networkLocation: /default-rack, certSerialId: null}, Type:RATIS, Factor:ONE, State:CLOSED] moved to CLOSED state
2019-08-20 15:05:01,075 [ForkJoinPool.commonPool-worker-0] INFO  utils.BackgroundService (BackgroundService.java:shutdown(148)) - Shutting down service BlockDeletingService
2019-08-20 15:05:01,076 [refreshUsed-/workdir/hadoop-ozone/integration-test/target/test-dir/MiniOzoneClusterImpl-24f7eca7-c48c-4952-ad8b-43e154ea7cd7/datanode-1/data/containers] WARN  fs.CachingGetSpaceUsed (CachingGetSpaceUsed.java:run(183)) - Thread Interrupted waiting to refresh disk information: sleep interrupted
2019-08-20 15:05:01,100 [ForkJoinPool.commonPool-worker-0] INFO  statemachine.DatanodeStateMachine (DatanodeStateMachine.java:stopDaemon(395)) - Ozone container server stopped.
2019-08-20 15:05:01,105 [ForkJoinPool.commonPool-worker-0] INFO  handler.ContextHandler (ContextHandler.java:doStop(910)) - Stopped o.e.j.w.WebAppContext@601eb4af{/,null,UNAVAILABLE}{/hddsDatanode}
2019-08-20 15:05:01,106 [ForkJoinPool.commonPool-worker-0] INFO  server.AbstractConnector (AbstractConnector.java:doStop(318)) - Stopped ServerConnector@11ede87f{HTTP/1.1,[http/1.1]}{0.0.0.0:0}
2019-08-20 15:05:01,108 [ForkJoinPool.commonPool-worker-0] INFO  handler.ContextHandler (ContextHandler.java:doStop(910)) - Stopped o.e.j.s.ServletContextHandler@27960b1e{/static,jar:file:/home/user/.m2/repository/org/apache/hadoop/hadoop-hdds-container-service/0.5.0-SNAPSHOT/hadoop-hdds-container-service-0.5.0-SNAPSHOT.jar!/webapps/static,UNAVAILABLE}
2019-08-20 15:05:01,109 [ForkJoinPool.commonPool-worker-0] INFO  handler.ContextHandler (ContextHandler.java:doStop(910)) - Stopped o.e.j.s.ServletContextHandler@1f78d415{/logs,file:///workdir/hadoop-ozone/integration-test/target/log,UNAVAILABLE}
2019-08-20 15:05:01,110 [ForkJoinPool.commonPool-worker-0] INFO  datanode.ObjectStoreHandler (ObjectStoreHandler.java:close(155)) - Closing ObjectStoreHandler.
2019-08-20 15:05:01,111 [ForkJoinPool.commonPool-worker-0] INFO  ozone.HddsDatanodeService (HddsDatanodeService.java:stop(451)) - Stopped plug-in org.apache.hadoop.ozone.web.OzoneHddsDatanodeService@7f0a133d
2019-08-20 15:05:01,242 [StateMachineUpdater:6a1036d9-12c3-40f5-8094-5440fe3d038e:group-9ABDFB0D4108] INFO  ratis.ContainerStateMachine (ContainerStateMachine.java:takeSnapshot(282)) - group-9ABDFB0D4108: Finished taking a snapshot at:(t:1, i:16) file:/workdir/hadoop-ozone/integration-test/target/test-dir/MiniOzoneClusterImpl-24f7eca7-c48c-4952-ad8b-43e154ea7cd7/datanode-3/data/ratis/6ea0278c-aa29-493a-b2aa-9abdfb0d4108/sm/snapshot.1_16 time:169
2019-08-20 15:05:01,242 [StateMachineUpdater:6a1036d9-12c3-40f5-8094-5440fe3d038e:group-9ABDFB0D4108] INFO  impl.StateMachineUpdater (StateMachineUpdater.java:takeSnapshot(242)) - StateMachineUpdater:6a1036d9-12c3-40f5-8094-5440fe3d038e:group-9ABDFB0D4108: Took a snapshot at index 16
2019-08-20 15:05:01,242 [StateMachineUpdater:6a1036d9-12c3-40f5-8094-5440fe3d038e:group-9ABDFB0D4108] INFO  impl.StateMachineUpdater (StateMachineUpdater.java:lambda$new$0(80)) - StateMachineUpdater:6a1036d9-12c3-40f5-8094-5440fe3d038e:group-9ABDFB0D4108: snapshotIndex: updateIncreasingly -1 -> 16
2019-08-20 15:05:01,243 [main] INFO  impl.RaftServerImpl (ServerState.java:close(394)) - 6a1036d9-12c3-40f5-8094-5440fe3d038e:group-9ABDFB0D4108 closes. The last applied log index is 16
2019-08-20 15:05:01,244 [6a1036d9-12c3-40f5-8094-5440fe3d038e-SegmentedRaftLogWorker:Storage Directory /workdir/hadoop-ozone/integration-test/target/test-dir/MiniOzoneClusterImpl-24f7eca7-c48c-4952-ad8b-43e154ea7cd7/datanode-3/data/ratis/6ea0278c-aa29-493a-b2aa-9abdfb0d4108] INFO  segmented.SegmentedRaftLogWorker (SegmentedRaftLogWorker.java:run(313)) - 6a1036d9-12c3-40f5-8094-5440fe3d038e-SegmentedRaftLogWorker:Storage Directory /workdir/hadoop-ozone/integration-test/target/test-dir/MiniOzoneClusterImpl-24f7eca7-c48c-4952-ad8b-43e154ea7cd7/datanode-3/data/ratis/6ea0278c-aa29-493a-b2aa-9abdfb0d4108 was interrupted, exiting. There are 0 tasks remaining in the queue.
2019-08-20 15:05:01,246 [main] INFO  segmented.SegmentedRaftLogWorker (SegmentedRaftLogWorker.java:close(228)) - 6a1036d9-12c3-40f5-8094-5440fe3d038e-SegmentedRaftLogWorker:Storage Directory /workdir/hadoop-ozone/integration-test/target/test-dir/MiniOzoneClusterImpl-24f7eca7-c48c-4952-ad8b-43e154ea7cd7/datanode-3/data/ratis/6ea0278c-aa29-493a-b2aa-9abdfb0d4108 close()
2019-08-20 15:05:01,250 [main] INFO  server.GrpcService (GrpcService.java:closeImpl(155)) - 6a1036d9-12c3-40f5-8094-5440fe3d038e: shutdown server with port 45695 now
2019-08-20 15:05:01,251 [main] INFO  server.GrpcService (GrpcService.java:closeImpl(163)) - 6a1036d9-12c3-40f5-8094-5440fe3d038e: shutdown server with port 45695 successfully
2019-08-20 15:05:01,251 [grpc-default-executor-3] WARN  server.GrpcServerProtocolService (LogUtils.java:warn(134)) - 6a1036d9-12c3-40f5-8094-5440fe3d038e: appendEntries onError: org.apache.ratis.thirdparty.io.grpc.StatusRuntimeException: CANCELLED: cancelled before receiving half close
2019-08-20 15:05:01,254 [grpc-default-executor-1] WARN  server.GrpcLogAppender (LogUtils.java:warn(134)) - fb8329f7-6337-4286-bcd2-d612923e448c->6a1036d9-12c3-40f5-8094-5440fe3d038e: Failed appendEntries: org.apache.ratis.thirdparty.io.grpc.StatusRuntimeException: CANCELLED: HTTP/2 error code: CANCEL
Received Rst Stream
2019-08-20 15:05:01,254 [main] INFO  utils.BackgroundService (BackgroundService.java:shutdown(148)) - Shutting down service BlockDeletingService
2019-08-20 15:05:01,254 [grpc-default-executor-1] INFO  impl.FollowerInfo (FollowerInfo.java:lambda$new$0(50)) - fb8329f7-6337-4286-bcd2-d612923e448c->6a1036d9-12c3-40f5-8094-5440fe3d038e: nextIndex: updateUnconditionally 17 -> 16
2019-08-20 15:05:01,255 [refreshUsed-/workdir/hadoop-ozone/integration-test/target/test-dir/MiniOzoneClusterImpl-24f7eca7-c48c-4952-ad8b-43e154ea7cd7/datanode-3/data/containers] WARN  fs.CachingGetSpaceUsed (CachingGetSpaceUsed.java:run(183)) - Thread Interrupted waiting to refresh disk information: sleep interrupted
2019-08-20 15:05:01,277 [main] INFO  statemachine.DatanodeStateMachine (DatanodeStateMachine.java:stopDaemon(395)) - Ozone container server stopped.
2019-08-20 15:05:01,279 [main] INFO  handler.ContextHandler (ContextHandler.java:doStop(910)) - Stopped o.e.j.w.WebAppContext@7d59e968{/,null,UNAVAILABLE}{/hddsDatanode}
2019-08-20 15:05:01,280 [main] INFO  server.AbstractConnector (AbstractConnector.java:doStop(318)) - Stopped ServerConnector@55361f03{HTTP/1.1,[http/1.1]}{0.0.0.0:0}
2019-08-20 15:05:01,280 [main] INFO  handler.ContextHandler (ContextHandler.java:doStop(910)) - Stopped o.e.j.s.ServletContextHandler@6459f4ea{/static,jar:file:/home/user/.m2/repository/org/apache/hadoop/hadoop-hdds-container-service/0.5.0-SNAPSHOT/hadoop-hdds-container-service-0.5.0-SNAPSHOT.jar!/webapps/static,UNAVAILABLE}
2019-08-20 15:05:01,281 [main] INFO  handler.ContextHandler (ContextHandler.java:doStop(910)) - Stopped o.e.j.s.ServletContextHandler@5d7dd549{/logs,file:///workdir/hadoop-ozone/integration-test/target/log,UNAVAILABLE}
2019-08-20 15:05:01,282 [main] INFO  datanode.ObjectStoreHandler (ObjectStoreHandler.java:close(155)) - Closing ObjectStoreHandler.
2019-08-20 15:05:01,282 [main] INFO  ozone.HddsDatanodeService (HddsDatanodeService.java:stop(451)) - Stopped plug-in org.apache.hadoop.ozone.web.OzoneHddsDatanodeService@2c34402
2019-08-20 15:05:01,352 [Datanode State Machine Thread - 0] INFO  statemachine.DatanodeStateMachine (DatanodeStateMachine.java:lambda$startDaemon$0(350)) - Ozone container server started.
2019-08-20 15:05:01,354 | INFO  | SCMAudit | user=jenkins1000 | ip=192.168.5.139 | op=SEND_HEARTBEAT {datanodeUUID=81e6f177-0aa0-4cea-a559-904193532cd7, command=[commandType: closeContainerCommand closeContainerCommandProto { containerID: 2 pipelineID { id: "6ea0278c-aa29-493a-b2aa-9abdfb0d4108" } cmdId: 2 force: false } ]} | ret=SUCCESS |  
2019-08-20 15:05:01,541 [grpc-default-executor-2] WARN  server.GrpcLogAppender (LogUtils.java:warn(134)) - fb8329f7-6337-4286-bcd2-d612923e448c->6a1036d9-12c3-40f5-8094-5440fe3d038e: Failed appendEntries: org.apache.ratis.thirdparty.io.grpc.StatusRuntimeException: UNAVAILABLE: io exception
2019-08-20 15:05:01,541 [grpc-default-executor-2] INFO  impl.FollowerInfo (FollowerInfo.java:lambda$new$0(50)) - fb8329f7-6337-4286-bcd2-d612923e448c->6a1036d9-12c3-40f5-8094-5440fe3d038e: nextIndex: updateUnconditionally 16 -> 15
2019-08-20 15:05:01,602 [Datanode State Machine Thread - 0] INFO  statemachine.DatanodeStateMachine (DatanodeStateMachine.java:lambda$startDaemon$0(350)) - Ozone container server started.
2019-08-20 15:05:02,353 | INFO  | SCMAudit | user=jenkins1000 | ip=192.168.5.139 | op=SEND_HEARTBEAT {datanodeUUID=81e6f177-0aa0-4cea-a559-904193532cd7, command=[]} | ret=SUCCESS |  
2019-08-20 15:05:02,439 | INFO  | SCMAudit | user=jenkins1000 | ip=192.168.5.139 | op=SEND_HEARTBEAT {datanodeUUID=81e6f177-0aa0-4cea-a559-904193532cd7, command=[]} | ret=SUCCESS |  
2019-08-20 15:05:03,439 | INFO  | SCMAudit | user=jenkins1000 | ip=192.168.5.139 | op=SEND_HEARTBEAT {datanodeUUID=81e6f177-0aa0-4cea-a559-904193532cd7, command=[]} | ret=SUCCESS |  
2019-08-20 15:05:04,042 [grpc-default-executor-1] WARN  server.GrpcLogAppender (LogUtils.java:warn(134)) - fb8329f7-6337-4286-bcd2-d612923e448c->6a1036d9-12c3-40f5-8094-5440fe3d038e: Failed appendEntries: org.apache.ratis.thirdparty.io.grpc.StatusRuntimeException: UNAVAILABLE: io exception
2019-08-20 15:05:04,042 [grpc-default-executor-1] INFO  impl.FollowerInfo (FollowerInfo.java:lambda$new$0(50)) - fb8329f7-6337-4286-bcd2-d612923e448c->6a1036d9-12c3-40f5-8094-5440fe3d038e: nextIndex: updateUnconditionally 15 -> 14
2019-08-20 15:05:04,439 | INFO  | SCMAudit | user=jenkins1000 | ip=192.168.5.139 | op=SEND_HEARTBEAT {datanodeUUID=81e6f177-0aa0-4cea-a559-904193532cd7, command=[]} | ret=SUCCESS |  
2019-08-20 15:05:05,382 [EventQueue-StaleNodeForStaleNodeHandler] INFO  node.StaleNodeHandler (StaleNodeHandler.java:onMessage(58)) - Datanode fb8329f7-6337-4286-bcd2-d612923e448c{ip: 192.168.5.139, host: pr-hdds-1200-9hlr9-3148487106, networkLocation: /default-rack, certSerialId: null} moved to stale state. Finalizing its pipelines [PipelineID=d8f94ffc-bfa7-468f-8cc9-5ddbc8ed8d7f, PipelineID=6ea0278c-aa29-493a-b2aa-9abdfb0d4108]
2019-08-20 15:05:05,382 [EventQueue-StaleNodeForStaleNodeHandler] INFO  pipeline.SCMPipelineManager (SCMPipelineManager.java:finalizeAndDestroyPipeline(309)) - destroying pipeline:Pipeline[ Id: d8f94ffc-bfa7-468f-8cc9-5ddbc8ed8d7f, Nodes: fb8329f7-6337-4286-bcd2-d612923e448c{ip: 192.168.5.139, host: pr-hdds-1200-9hlr9-3148487106, networkLocation: /default-rack, certSerialId: null}, Type:RATIS, Factor:ONE, State:OPEN]
2019-08-20 15:05:05,382 [EventQueue-StaleNodeForStaleNodeHandler] INFO  pipeline.PipelineStateManager (PipelineStateManager.java:finalizePipeline(123)) - Pipeline Pipeline[ Id: d8f94ffc-bfa7-468f-8cc9-5ddbc8ed8d7f, Nodes: fb8329f7-6337-4286-bcd2-d612923e448c{ip: 192.168.5.139, host: pr-hdds-1200-9hlr9-3148487106, networkLocation: /default-rack, certSerialId: null}, Type:RATIS, Factor:ONE, State:CLOSED] moved to CLOSED state
2019-08-20 15:05:05,382 [EventQueue-StaleNodeForStaleNodeHandler] INFO  pipeline.SCMPipelineManager (SCMPipelineManager.java:finalizeAndDestroyPipeline(309)) - destroying pipeline:Pipeline[ Id: 6ea0278c-aa29-493a-b2aa-9abdfb0d4108, Nodes: 81e6f177-0aa0-4cea-a559-904193532cd7{ip: 192.168.5.139, host: pr-hdds-1200-9hlr9-3148487106, networkLocation: /default-rack, certSerialId: null}fb8329f7-6337-4286-bcd2-d612923e448c{ip: 192.168.5.139, host: pr-hdds-1200-9hlr9-3148487106, networkLocation: /default-rack, certSerialId: null}6a1036d9-12c3-40f5-8094-5440fe3d038e{ip: 192.168.5.139, host: pr-hdds-1200-9hlr9-3148487106, networkLocation: /default-rack, certSerialId: null}, Type:RATIS, Factor:THREE, State:CLOSED]
2019-08-20 15:05:05,440 | INFO  | SCMAudit | user=jenkins1000 | ip=192.168.5.139 | op=SEND_HEARTBEAT {datanodeUUID=81e6f177-0aa0-4cea-a559-904193532cd7, command=[]} | ret=SUCCESS |  
2019-08-20 15:05:05,682 [EventQueue-StaleNodeForStaleNodeHandler] INFO  node.StaleNodeHandler (StaleNodeHandler.java:onMessage(58)) - Datanode a2d6af90-c3d5-480c-824b-ae12d5e723ac{ip: 192.168.5.139, host: pr-hdds-1200-9hlr9-3148487106, networkLocation: /default-rack, certSerialId: null} moved to stale state. Finalizing its pipelines [PipelineID=6a282357-db95-4511-9da1-62eb27327931]
2019-08-20 15:05:05,682 [EventQueue-StaleNodeForStaleNodeHandler] INFO  pipeline.SCMPipelineManager (SCMPipelineManager.java:finalizeAndDestroyPipeline(309)) - destroying pipeline:Pipeline[ Id: 6a282357-db95-4511-9da1-62eb27327931, Nodes: a2d6af90-c3d5-480c-824b-ae12d5e723ac{ip: 192.168.5.139, host: pr-hdds-1200-9hlr9-3148487106, networkLocation: /default-rack, certSerialId: null}, Type:RATIS, Factor:ONE, State:OPEN]
2019-08-20 15:05:05,683 [EventQueue-StaleNodeForStaleNodeHandler] INFO  pipeline.PipelineStateManager (PipelineStateManager.java:finalizePipeline(123)) - Pipeline Pipeline[ Id: 6a282357-db95-4511-9da1-62eb27327931, Nodes: a2d6af90-c3d5-480c-824b-ae12d5e723ac{ip: 192.168.5.139, host: pr-hdds-1200-9hlr9-3148487106, networkLocation: /default-rack, certSerialId: null}, Type:RATIS, Factor:ONE, State:CLOSED] moved to CLOSED state
2019-08-20 15:05:06,112 [ForkJoinPool.commonPool-worker-0] INFO  ozoneimpl.OzoneContainer (OzoneContainer.java:stop(214)) - Attempting to stop container services.
2019-08-20 15:05:06,112 [ForkJoinPool.commonPool-worker-0] INFO  impl.RaftServerProxy (RaftServerProxy.java:lambda$close$4(314)) - a2d6af90-c3d5-480c-824b-ae12d5e723ac: close
2019-08-20 15:05:06,112 [ForkJoinPool.commonPool-worker-0] INFO  impl.RaftServerImpl (RaftServerImpl.java:lambda$shutdown$3(245)) - a2d6af90-c3d5-480c-824b-ae12d5e723ac: shutdown group-62EB27327931
2019-08-20 15:05:06,112 [ForkJoinPool.commonPool-worker-0] INFO  util.JmxRegister (JmxRegister.java:unregister(73)) - Successfully un-registered JMX Bean with object name Ratis:service=RaftServer,group=group-62EB27327931,id=a2d6af90-c3d5-480c-824b-ae12d5e723ac
2019-08-20 15:05:06,113 [ForkJoinPool.commonPool-worker-0] INFO  impl.RoleInfo (RoleInfo.java:shutdownLeaderState(104)) - a2d6af90-c3d5-480c-824b-ae12d5e723ac: shutdown LeaderState
2019-08-20 15:05:06,113 [ForkJoinPool.commonPool-worker-0] INFO  impl.PendingRequests (PendingRequests.java:sendNotLeaderResponses(202)) - a2d6af90-c3d5-480c-824b-ae12d5e723ac-PendingRequests: sendNotLeaderResponses
2019-08-20 15:05:06,113 [ForkJoinPool.commonPool-worker-0] INFO  impl.StateMachineUpdater (StateMachineUpdater.java:stopAndJoin(115)) - StateMachineUpdater:a2d6af90-c3d5-480c-824b-ae12d5e723ac:group-62EB27327931: set stopIndex = 0
2019-08-20 15:05:06,113 [ForkJoinPool.commonPool-worker-0] INFO  impl.RaftServerImpl (ServerState.java:close(394)) - a2d6af90-c3d5-480c-824b-ae12d5e723ac:group-62EB27327931 closes. The last applied log index is 0
2019-08-20 15:05:06,114 [a2d6af90-c3d5-480c-824b-ae12d5e723ac-SegmentedRaftLogWorker:Storage Directory /workdir/hadoop-ozone/integration-test/target/test-dir/MiniOzoneClusterImpl-24f7eca7-c48c-4952-ad8b-43e154ea7cd7/datanode-0/data/ratis/6a282357-db95-4511-9da1-62eb27327931] INFO  segmented.SegmentedRaftLogWorker (SegmentedRaftLogWorker.java:run(313)) - a2d6af90-c3d5-480c-824b-ae12d5e723ac-SegmentedRaftLogWorker:Storage Directory /workdir/hadoop-ozone/integration-test/target/test-dir/MiniOzoneClusterImpl-24f7eca7-c48c-4952-ad8b-43e154ea7cd7/datanode-0/data/ratis/6a282357-db95-4511-9da1-62eb27327931 was interrupted, exiting. There are 0 tasks remaining in the queue.
2019-08-20 15:05:06,116 [ForkJoinPool.commonPool-worker-0] INFO  segmented.SegmentedRaftLogWorker (SegmentedRaftLogWorker.java:close(228)) - a2d6af90-c3d5-480c-824b-ae12d5e723ac-SegmentedRaftLogWorker:Storage Directory /workdir/hadoop-ozone/integration-test/target/test-dir/MiniOzoneClusterImpl-24f7eca7-c48c-4952-ad8b-43e154ea7cd7/datanode-0/data/ratis/6a282357-db95-4511-9da1-62eb27327931 close()
2019-08-20 15:05:06,118 [ForkJoinPool.commonPool-worker-0] INFO  server.GrpcService (GrpcService.java:closeImpl(155)) - a2d6af90-c3d5-480c-824b-ae12d5e723ac: shutdown server with port 42553 now
2019-08-20 15:05:06,120 [ForkJoinPool.commonPool-worker-0] INFO  server.GrpcService (GrpcService.java:closeImpl(163)) - a2d6af90-c3d5-480c-824b-ae12d5e723ac: shutdown server with port 42553 successfully
2019-08-20 15:05:06,122 [ForkJoinPool.commonPool-worker-0] INFO  utils.BackgroundService (BackgroundService.java:shutdown(148)) - Shutting down service BlockDeletingService
2019-08-20 15:05:06,123 [refreshUsed-/workdir/hadoop-ozone/integration-test/target/test-dir/MiniOzoneClusterImpl-24f7eca7-c48c-4952-ad8b-43e154ea7cd7/datanode-0/data/containers] WARN  fs.CachingGetSpaceUsed (CachingGetSpaceUsed.java:run(183)) - Thread Interrupted waiting to refresh disk information: sleep interrupted
2019-08-20 15:05:06,140 [ForkJoinPool.commonPool-worker-0] INFO  statemachine.DatanodeStateMachine (DatanodeStateMachine.java:stopDaemon(395)) - Ozone container server stopped.
2019-08-20 15:05:06,144 [ForkJoinPool.commonPool-worker-0] INFO  handler.ContextHandler (ContextHandler.java:doStop(910)) - Stopped o.e.j.w.WebAppContext@53cf9c99{/,null,UNAVAILABLE}{/hddsDatanode}
2019-08-20 15:05:06,144 [ForkJoinPool.commonPool-worker-0] INFO  server.AbstractConnector (AbstractConnector.java:doStop(318)) - Stopped ServerConnector@7b306b9f{HTTP/1.1,[http/1.1]}{0.0.0.0:0}
2019-08-20 15:05:06,146 [ForkJoinPool.commonPool-worker-0] INFO  handler.ContextHandler (ContextHandler.java:doStop(910)) - Stopped o.e.j.s.ServletContextHandler@6f94fb9d{/static,jar:file:/home/user/.m2/repository/org/apache/hadoop/hadoop-hdds-container-service/0.5.0-SNAPSHOT/hadoop-hdds-container-service-0.5.0-SNAPSHOT.jar!/webapps/static,UNAVAILABLE}
2019-08-20 15:05:06,147 [ForkJoinPool.commonPool-worker-0] INFO  handler.ContextHandler (ContextHandler.java:doStop(910)) - Stopped o.e.j.s.ServletContextHandler@2cae9b8{/logs,file:///workdir/hadoop-ozone/integration-test/target/log,UNAVAILABLE}
2019-08-20 15:05:06,148 [ForkJoinPool.commonPool-worker-0] INFO  datanode.ObjectStoreHandler (ObjectStoreHandler.java:close(155)) - Closing ObjectStoreHandler.
2019-08-20 15:05:06,148 [ForkJoinPool.commonPool-worker-0] INFO  ozone.HddsDatanodeService (HddsDatanodeService.java:stop(451)) - Stopped plug-in org.apache.hadoop.ozone.web.OzoneHddsDatanodeService@c212536
2019-08-20 15:05:06,283 [main] INFO  ozoneimpl.OzoneContainer (OzoneContainer.java:stop(214)) - Attempting to stop container services.
2019-08-20 15:05:06,283 [main] INFO  impl.RaftServerProxy (RaftServerProxy.java:lambda$close$4(314)) - fb8329f7-6337-4286-bcd2-d612923e448c: close
2019-08-20 15:05:06,284 [main] INFO  impl.RaftServerImpl (RaftServerImpl.java:lambda$shutdown$3(245)) - fb8329f7-6337-4286-bcd2-d612923e448c: shutdown group-5DDBC8ED8D7F
2019-08-20 15:05:06,284 [main] INFO  util.JmxRegister (JmxRegister.java:unregister(73)) - Successfully un-registered JMX Bean with object name Ratis:service=RaftServer,group=group-5DDBC8ED8D7F,id=fb8329f7-6337-4286-bcd2-d612923e448c
2019-08-20 15:05:06,284 [main] INFO  impl.RoleInfo (RoleInfo.java:shutdownLeaderState(104)) - fb8329f7-6337-4286-bcd2-d612923e448c: shutdown LeaderState
2019-08-20 15:05:06,284 [main] INFO  impl.PendingRequests (PendingRequests.java:sendNotLeaderResponses(202)) - fb8329f7-6337-4286-bcd2-d612923e448c-PendingRequests: sendNotLeaderResponses
2019-08-20 15:05:06,285 [main] INFO  impl.StateMachineUpdater (StateMachineUpdater.java:stopAndJoin(115)) - StateMachineUpdater:fb8329f7-6337-4286-bcd2-d612923e448c:group-5DDBC8ED8D7F: set stopIndex = 0
2019-08-20 15:05:06,285 [main] INFO  impl.RaftServerImpl (ServerState.java:close(394)) - fb8329f7-6337-4286-bcd2-d612923e448c:group-5DDBC8ED8D7F closes. The last applied log index is 0
2019-08-20 15:05:06,285 [fb8329f7-6337-4286-bcd2-d612923e448c-SegmentedRaftLogWorker:Storage Directory /workdir/hadoop-ozone/integration-test/target/test-dir/MiniOzoneClusterImpl-24f7eca7-c48c-4952-ad8b-43e154ea7cd7/datanode-6/data/ratis/d8f94ffc-bfa7-468f-8cc9-5ddbc8ed8d7f] INFO  segmented.SegmentedRaftLogWorker (SegmentedRaftLogWorker.java:run(313)) - fb8329f7-6337-4286-bcd2-d612923e448c-SegmentedRaftLogWorker:Storage Directory /workdir/hadoop-ozone/integration-test/target/test-dir/MiniOzoneClusterImpl-24f7eca7-c48c-4952-ad8b-43e154ea7cd7/datanode-6/data/ratis/d8f94ffc-bfa7-468f-8cc9-5ddbc8ed8d7f was interrupted, exiting. There are 0 tasks remaining in the queue.
2019-08-20 15:05:06,287 [main] INFO  segmented.SegmentedRaftLogWorker (SegmentedRaftLogWorker.java:close(228)) - fb8329f7-6337-4286-bcd2-d612923e448c-SegmentedRaftLogWorker:Storage Directory /workdir/hadoop-ozone/integration-test/target/test-dir/MiniOzoneClusterImpl-24f7eca7-c48c-4952-ad8b-43e154ea7cd7/datanode-6/data/ratis/d8f94ffc-bfa7-468f-8cc9-5ddbc8ed8d7f close()
2019-08-20 15:05:06,293 [main] INFO  impl.RaftServerImpl (RaftServerImpl.java:lambda$shutdown$3(245)) - fb8329f7-6337-4286-bcd2-d612923e448c: shutdown group-9ABDFB0D4108
2019-08-20 15:05:06,294 [main] INFO  util.JmxRegister (JmxRegister.java:unregister(73)) - Successfully un-registered JMX Bean with object name Ratis:service=RaftServer,group=group-9ABDFB0D4108,id=fb8329f7-6337-4286-bcd2-d612923e448c
2019-08-20 15:05:06,294 [main] INFO  impl.RoleInfo (RoleInfo.java:shutdownLeaderState(104)) - fb8329f7-6337-4286-bcd2-d612923e448c: shutdown LeaderState
2019-08-20 15:05:06,296 [org.apache.ratis.server.impl.LogAppender$AppenderDaemon$$Lambda$461/44802446@c86dac7] WARN  server.GrpcLogAppender (GrpcLogAppender.java:mayWait(143)) - GrpcLogAppender(fb8329f7-6337-4286-bcd2-d612923e448c->6a1036d9-12c3-40f5-8094-5440fe3d038e): Wait interrupted by java.lang.InterruptedException
2019-08-20 15:05:06,297 [org.apache.ratis.server.impl.LogAppender$AppenderDaemon$$Lambda$461/44802446@49844533] WARN  server.GrpcLogAppender (GrpcLogAppender.java:mayWait(143)) - GrpcLogAppender(fb8329f7-6337-4286-bcd2-d612923e448c->81e6f177-0aa0-4cea-a559-904193532cd7): Wait interrupted by java.lang.InterruptedException
2019-08-20 15:05:06,296 [main] INFO  impl.PendingRequests (PendingRequests.java:sendNotLeaderResponses(202)) - fb8329f7-6337-4286-bcd2-d612923e448c-PendingRequests: sendNotLeaderResponses
2019-08-20 15:05:06,300 [main] INFO  impl.StateMachineUpdater (StateMachineUpdater.java:stopAndJoin(115)) - StateMachineUpdater:fb8329f7-6337-4286-bcd2-d612923e448c:group-9ABDFB0D4108: set stopIndex = 16
2019-08-20 15:05:06,300 [grpc-default-executor-1] INFO  server.GrpcServerProtocolService (GrpcServerProtocolService.java:onCompleted(104)) - 81e6f177-0aa0-4cea-a559-904193532cd7: appendEntries completed
2019-08-20 15:05:06,300 [StateMachineUpdater:fb8329f7-6337-4286-bcd2-d612923e448c:group-9ABDFB0D4108] INFO  ratis.ContainerStateMachine (ContainerStateMachine.java:takeSnapshot(271)) - group-9ABDFB0D4108: Taking a snapshot at:(t:1, i:14) file /workdir/hadoop-ozone/integration-test/target/test-dir/MiniOzoneClusterImpl-24f7eca7-c48c-4952-ad8b-43e154ea7cd7/datanode-6/data/ratis/6ea0278c-aa29-493a-b2aa-9abdfb0d4108/sm/snapshot.1_14
2019-08-20 15:05:06,302 [grpc-default-executor-3] INFO  server.GrpcLogAppender (GrpcLogAppender.java:onCompleted(292)) - fb8329f7-6337-4286-bcd2-d612923e448c->81e6f177-0aa0-4cea-a559-904193532cd7: follower responses appendEntries COMPLETED
2019-08-20 15:05:06,303 [grpc-default-executor-3] INFO  impl.FollowerInfo (FollowerInfo.java:lambda$new$0(50)) - fb8329f7-6337-4286-bcd2-d612923e448c->81e6f177-0aa0-4cea-a559-904193532cd7: nextIndex: updateUnconditionally 17 -> 16
2019-08-20 15:05:06,438 [Datanode State Machine Thread - 0] INFO  statemachine.DatanodeStateMachine (DatanodeStateMachine.java:lambda$startDaemon$0(350)) - Ozone container server started.
2019-08-20 15:05:06,467 [StateMachineUpdater:fb8329f7-6337-4286-bcd2-d612923e448c:group-9ABDFB0D4108] INFO  ratis.ContainerStateMachine (ContainerStateMachine.java:takeSnapshot(282)) - group-9ABDFB0D4108: Finished taking a snapshot at:(t:1, i:14) file:/workdir/hadoop-ozone/integration-test/target/test-dir/MiniOzoneClusterImpl-24f7eca7-c48c-4952-ad8b-43e154ea7cd7/datanode-6/data/ratis/6ea0278c-aa29-493a-b2aa-9abdfb0d4108/sm/snapshot.1_14 time:167
2019-08-20 15:05:06,467 [StateMachineUpdater:fb8329f7-6337-4286-bcd2-d612923e448c:group-9ABDFB0D4108] INFO  impl.StateMachineUpdater (StateMachineUpdater.java:takeSnapshot(242)) - StateMachineUpdater:fb8329f7-6337-4286-bcd2-d612923e448c:group-9ABDFB0D4108: Took a snapshot at index 14
2019-08-20 15:05:06,468 [StateMachineUpdater:fb8329f7-6337-4286-bcd2-d612923e448c:group-9ABDFB0D4108] INFO  impl.StateMachineUpdater (StateMachineUpdater.java:lambda$new$0(80)) - StateMachineUpdater:fb8329f7-6337-4286-bcd2-d612923e448c:group-9ABDFB0D4108: snapshotIndex: updateIncreasingly -1 -> 14
2019-08-20 15:05:06,468 [main] INFO  impl.RaftServerImpl (ServerState.java:close(394)) - fb8329f7-6337-4286-bcd2-d612923e448c:group-9ABDFB0D4108 closes. The last applied log index is 16
2019-08-20 15:05:06,469 [fb8329f7-6337-4286-bcd2-d612923e448c-SegmentedRaftLogWorker:Storage Directory /workdir/hadoop-ozone/integration-test/target/test-dir/MiniOzoneClusterImpl-24f7eca7-c48c-4952-ad8b-43e154ea7cd7/datanode-6/data/ratis/6ea0278c-aa29-493a-b2aa-9abdfb0d4108] INFO  segmented.SegmentedRaftLogWorker (SegmentedRaftLogWorker.java:run(313)) - fb8329f7-6337-4286-bcd2-d612923e448c-SegmentedRaftLogWorker:Storage Directory /workdir/hadoop-ozone/integration-test/target/test-dir/MiniOzoneClusterImpl-24f7eca7-c48c-4952-ad8b-43e154ea7cd7/datanode-6/data/ratis/6ea0278c-aa29-493a-b2aa-9abdfb0d4108 was interrupted, exiting. There are 0 tasks remaining in the queue.
2019-08-20 15:05:06,469 [main] INFO  segmented.SegmentedRaftLogWorker (SegmentedRaftLogWorker.java:close(228)) - fb8329f7-6337-4286-bcd2-d612923e448c-SegmentedRaftLogWorker:Storage Directory /workdir/hadoop-ozone/integration-test/target/test-dir/MiniOzoneClusterImpl-24f7eca7-c48c-4952-ad8b-43e154ea7cd7/datanode-6/data/ratis/6ea0278c-aa29-493a-b2aa-9abdfb0d4108 close()
2019-08-20 15:05:06,470 [main] INFO  server.GrpcService (GrpcService.java:closeImpl(155)) - fb8329f7-6337-4286-bcd2-d612923e448c: shutdown server with port 38744 now
2019-08-20 15:05:06,472 [grpc-default-executor-1] WARN  client.GrpcClientProtocolService (LogUtils.java:warn(134)) - 1-UnorderedRequestStreamObserver1: onError: org.apache.ratis.thirdparty.io.grpc.StatusRuntimeException: CANCELLED: cancelled before receiving half close
2019-08-20 15:05:06,473 [main] INFO  server.GrpcService (GrpcService.java:closeImpl(163)) - fb8329f7-6337-4286-bcd2-d612923e448c: shutdown server with port 38744 successfully
2019-08-20 15:05:06,474 [main] INFO  utils.BackgroundService (BackgroundService.java:shutdown(148)) - Shutting down service BlockDeletingService
2019-08-20 15:05:06,475 [refreshUsed-/workdir/hadoop-ozone/integration-test/target/test-dir/MiniOzoneClusterImpl-24f7eca7-c48c-4952-ad8b-43e154ea7cd7/datanode-6/data/containers] WARN  fs.CachingGetSpaceUsed (CachingGetSpaceUsed.java:run(183)) - Thread Interrupted waiting to refresh disk information: sleep interrupted
2019-08-20 15:05:06,490 [main] INFO  statemachine.DatanodeStateMachine (DatanodeStateMachine.java:stopDaemon(395)) - Ozone container server stopped.
2019-08-20 15:05:06,490 [main] INFO  handler.ContextHandler (ContextHandler.java:doStop(910)) - Stopped o.e.j.w.WebAppContext@4f26425b{/,null,UNAVAILABLE}{/hddsDatanode}
2019-08-20 15:05:06,491 [main] INFO  server.AbstractConnector (AbstractConnector.java:doStop(318)) - Stopped ServerConnector@f03ee8f{HTTP/1.1,[http/1.1]}{0.0.0.0:0}
2019-08-20 15:05:06,491 [main] INFO  handler.ContextHandler (ContextHandler.java:doStop(910)) - Stopped o.e.j.s.ServletContextHandler@7f5ce33e{/static,jar:file:/home/user/.m2/repository/org/apache/hadoop/hadoop-hdds-container-service/0.5.0-SNAPSHOT/hadoop-hdds-container-service-0.5.0-SNAPSHOT.jar!/webapps/static,UNAVAILABLE}
2019-08-20 15:05:06,492 [main] INFO  handler.ContextHandler (ContextHandler.java:doStop(910)) - Stopped o.e.j.s.ServletContextHandler@55adcf9e{/logs,file:///workdir/hadoop-ozone/integration-test/target/log,UNAVAILABLE}
2019-08-20 15:05:10,241 [Thread-328] INFO  impl.FollowerState (FollowerState.java:run(106)) - 81e6f177-0aa0-4cea-a559-904193532cd7:group-9ABDFB0D4108 changes to CANDIDATE, lastRpcTime:6212, electionTimeout:5199ms
2019-08-20 15:05:10,241 [Thread-328] INFO  impl.RoleInfo (RoleInfo.java:shutdownFollowerState(121)) - 81e6f177-0aa0-4cea-a559-904193532cd7: shutdown FollowerState
2019-08-20 15:05:10,241 [Thread-328] INFO  impl.RaftServerImpl (RaftServerImpl.java:setRole(171)) - 81e6f177-0aa0-4cea-a559-904193532cd7:group-9ABDFB0D4108 changes role from FOLLOWER to CANDIDATE at term 1 for changeToCandidate
2019-08-20 15:05:10,241 [Thread-328] INFO  impl.RoleInfo (RoleInfo.java:updateAndGet(143)) - 81e6f177-0aa0-4cea-a559-904193532cd7: start LeaderElection
2019-08-20 15:05:10,242 [81e6f177-0aa0-4cea-a559-904193532cd7:group-9ABDFB0D4108:LeaderElection22] INFO  impl.RaftServerImpl (ServerState.java:setLeader(263)) - 81e6f177-0aa0-4cea-a559-904193532cd7:group-9ABDFB0D4108 change Leader from fb8329f7-6337-4286-bcd2-d612923e448c to null at term 1 for initElection
2019-08-20 15:05:10,257 [81e6f177-0aa0-4cea-a559-904193532cd7:group-9ABDFB0D4108:LeaderElection22] INFO  impl.LeaderElection (LeaderElection.java:askForVotes(181)) - 81e6f177-0aa0-4cea-a559-904193532cd7:group-9ABDFB0D4108:LeaderElection22: begin an election at term 2 for 0: [6a1036d9-12c3-40f5-8094-5440fe3d038e:192.168.5.139:45695, fb8329f7-6337-4286-bcd2-d612923e448c:192.168.5.139:38744, 81e6f177-0aa0-4cea-a559-904193532cd7:192.168.5.139:40757], old=null
2019-08-20 15:05:10,260 [81e6f177-0aa0-4cea-a559-904193532cd7:group-9ABDFB0D4108:LeaderElection22] INFO  impl.LeaderElection (LogUtils.java:infoOrTrace(149)) - 81e6f177-0aa0-4cea-a559-904193532cd7:group-9ABDFB0D4108:LeaderElection22 got exception when requesting votes: {}
java.util.concurrent.ExecutionException: org.apache.ratis.thirdparty.io.grpc.StatusRuntimeException: UNAVAILABLE: io exception
	at java.util.concurrent.FutureTask.report(FutureTask.java:122)
	at java.util.concurrent.FutureTask.get(FutureTask.java:192)
	at org.apache.ratis.server.impl.LeaderElection.waitForResults(LeaderElection.java:262)
	at org.apache.ratis.server.impl.LeaderElection.askForVotes(LeaderElection.java:200)
	at org.apache.ratis.server.impl.LeaderElection.run(LeaderElection.java:130)
	at java.lang.Thread.run(Thread.java:748)
Caused by: org.apache.ratis.thirdparty.io.grpc.StatusRuntimeException: UNAVAILABLE: io exception
	at org.apache.ratis.thirdparty.io.grpc.stub.ClientCalls.toStatusRuntimeException(ClientCalls.java:233)
	at org.apache.ratis.thirdparty.io.grpc.stub.ClientCalls.getUnchecked(ClientCalls.java:214)
	at org.apache.ratis.thirdparty.io.grpc.stub.ClientCalls.blockingUnaryCall(ClientCalls.java:139)
	at org.apache.ratis.proto.grpc.RaftServerProtocolServiceGrpc$RaftServerProtocolServiceBlockingStub.requestVote(RaftServerProtocolServiceGrpc.java:265)
	at org.apache.ratis.grpc.server.GrpcServerProtocolClient.requestVote(GrpcServerProtocolClient.java:83)
	at org.apache.ratis.grpc.server.GrpcService.requestVote(GrpcService.java:195)
	at org.apache.ratis.server.impl.LeaderElection.lambda$submitRequests$1(LeaderElection.java:237)
	at java.util.concurrent.FutureTask.run(FutureTask.java:266)
	at java.util.concurrent.Executors$RunnableAdapter.call(Executors.java:511)
	at java.util.concurrent.FutureTask.run(FutureTask.java:266)
	at java.util.concurrent.ThreadPoolExecutor.runWorker(ThreadPoolExecutor.java:1149)
	at java.util.concurrent.ThreadPoolExecutor$Worker.run(ThreadPoolExecutor.java:624)
	... 1 more
Caused by: org.apache.ratis.thirdparty.io.netty.channel.AbstractChannel$AnnotatedConnectException: Connection refused: /192.168.5.139:45695
	at sun.nio.ch.SocketChannelImpl.checkConnect(Native Method)
	at sun.nio.ch.SocketChannelImpl.finishConnect(SocketChannelImpl.java:717)
	at org.apache.ratis.thirdparty.io.netty.channel.socket.nio.NioSocketChannel.doFinishConnect(NioSocketChannel.java:327)
	at org.apache.ratis.thirdparty.io.netty.channel.nio.AbstractNioChannel$AbstractNioUnsafe.finishConnect(AbstractNioChannel.java:340)
	at org.apache.ratis.thirdparty.io.netty.channel.nio.NioEventLoop.processSelectedKey(NioEventLoop.java:632)
	at org.apache.ratis.thirdparty.io.netty.channel.nio.NioEventLoop.processSelectedKeysOptimized(NioEventLoop.java:579)
	at org.apache.ratis.thirdparty.io.netty.channel.nio.NioEventLoop.processSelectedKeys(NioEventLoop.java:496)
	at org.apache.ratis.thirdparty.io.netty.channel.nio.NioEventLoop.run(NioEventLoop.java:458)
	at org.apache.ratis.thirdparty.io.netty.util.concurrent.SingleThreadEventExecutor$5.run(SingleThreadEventExecutor.java:897)
	at org.apache.ratis.thirdparty.io.netty.util.concurrent.FastThreadLocalRunnable.run(FastThreadLocalRunnable.java:30)
	... 1 more
Caused by: java.net.ConnectException: Connection refused
	... 11 more
2019-08-20 15:05:10,262 [81e6f177-0aa0-4cea-a559-904193532cd7:group-9ABDFB0D4108:LeaderElection22] INFO  impl.LeaderElection (LogUtils.java:infoOrTrace(149)) - 81e6f177-0aa0-4cea-a559-904193532cd7:group-9ABDFB0D4108:LeaderElection22 got exception when requesting votes: {}
java.util.concurrent.ExecutionException: org.apache.ratis.thirdparty.io.grpc.StatusRuntimeException: UNAVAILABLE: io exception
	at java.util.concurrent.FutureTask.report(FutureTask.java:122)
	at java.util.concurrent.FutureTask.get(FutureTask.java:192)
	at org.apache.ratis.server.impl.LeaderElection.waitForResults(LeaderElection.java:262)
	at org.apache.ratis.server.impl.LeaderElection.askForVotes(LeaderElection.java:200)
	at org.apache.ratis.server.impl.LeaderElection.run(LeaderElection.java:130)
	at java.lang.Thread.run(Thread.java:748)
Caused by: org.apache.ratis.thirdparty.io.grpc.StatusRuntimeException: UNAVAILABLE: io exception
	at org.apache.ratis.thirdparty.io.grpc.stub.ClientCalls.toStatusRuntimeException(ClientCalls.java:233)
	at org.apache.ratis.thirdparty.io.grpc.stub.ClientCalls.getUnchecked(ClientCalls.java:214)
	at org.apache.ratis.thirdparty.io.grpc.stub.ClientCalls.blockingUnaryCall(ClientCalls.java:139)
	at org.apache.ratis.proto.grpc.RaftServerProtocolServiceGrpc$RaftServerProtocolServiceBlockingStub.requestVote(RaftServerProtocolServiceGrpc.java:265)
	at org.apache.ratis.grpc.server.GrpcServerProtocolClient.requestVote(GrpcServerProtocolClient.java:83)
	at org.apache.ratis.grpc.server.GrpcService.requestVote(GrpcService.java:195)
	at org.apache.ratis.server.impl.LeaderElection.lambda$submitRequests$1(LeaderElection.java:237)
	at java.util.concurrent.FutureTask.run(FutureTask.java:266)
	at java.util.concurrent.Executors$RunnableAdapter.call(Executors.java:511)
	at java.util.concurrent.FutureTask.run(FutureTask.java:266)
	at java.util.concurrent.ThreadPoolExecutor.runWorker(ThreadPoolExecutor.java:1149)
	at java.util.concurrent.ThreadPoolExecutor$Worker.run(ThreadPoolExecutor.java:624)
	... 1 more
Caused by: org.apache.ratis.thirdparty.io.netty.channel.AbstractChannel$AnnotatedConnectException: Connection refused: /192.168.5.139:38744
	at sun.nio.ch.SocketChannelImpl.checkConnect(Native Method)
	at sun.nio.ch.SocketChannelImpl.finishConnect(SocketChannelImpl.java:717)
	at org.apache.ratis.thirdparty.io.netty.channel.socket.nio.NioSocketChannel.doFinishConnect(NioSocketChannel.java:327)
	at org.apache.ratis.thirdparty.io.netty.channel.nio.AbstractNioChannel$AbstractNioUnsafe.finishConnect(AbstractNioChannel.java:340)
	at org.apache.ratis.thirdparty.io.netty.channel.nio.NioEventLoop.processSelectedKey(NioEventLoop.java:632)
	at org.apache.ratis.thirdparty.io.netty.channel.nio.NioEventLoop.processSelectedKeysOptimized(NioEventLoop.java:579)
	at org.apache.ratis.thirdparty.io.netty.channel.nio.NioEventLoop.processSelectedKeys(NioEventLoop.java:496)
	at org.apache.ratis.thirdparty.io.netty.channel.nio.NioEventLoop.run(NioEventLoop.java:458)
	at org.apache.ratis.thirdparty.io.netty.util.concurrent.SingleThreadEventExecutor$5.run(SingleThreadEventExecutor.java:897)
	at org.apache.ratis.thirdparty.io.netty.util.concurrent.FastThreadLocalRunnable.run(FastThreadLocalRunnable.java:30)
	... 1 more
Caused by: java.net.ConnectException: Connection refused
	... 11 more
2019-08-20 15:05:10,263 [81e6f177-0aa0-4cea-a559-904193532cd7:group-9ABDFB0D4108:LeaderElection22] INFO  impl.LeaderElection (LeaderElection.java:logAndReturn(56)) - 81e6f177-0aa0-4cea-a559-904193532cd7:group-9ABDFB0D4108:LeaderElection22: Election REJECTED; received 0 response(s) [] and 2 exception(s); 81e6f177-0aa0-4cea-a559-904193532cd7:t2, leader=null, voted=81e6f177-0aa0-4cea-a559-904193532cd7, raftlog=81e6f177-0aa0-4cea-a559-904193532cd7-SegmentedRaftLog:OPENED:c16,f16,i16, conf=0: [6a1036d9-12c3-40f5-8094-5440fe3d038e:192.168.5.139:45695, fb8329f7-6337-4286-bcd2-d612923e448c:192.168.5.139:38744, 81e6f177-0aa0-4cea-a559-904193532cd7:192.168.5.139:40757], old=null
2019-08-20 15:05:10,264 [81e6f177-0aa0-4cea-a559-904193532cd7:group-9ABDFB0D4108:LeaderElection22] INFO  impl.LeaderElection (LogUtils.java:infoOrTrace(149)) -   Exception 0: {}
java.util.concurrent.ExecutionException: org.apache.ratis.thirdparty.io.grpc.StatusRuntimeException: UNAVAILABLE: io exception
	at java.util.concurrent.FutureTask.report(FutureTask.java:122)
	at java.util.concurrent.FutureTask.get(FutureTask.java:192)
	at org.apache.ratis.server.impl.LeaderElection.waitForResults(LeaderElection.java:262)
	at org.apache.ratis.server.impl.LeaderElection.askForVotes(LeaderElection.java:200)
	at org.apache.ratis.server.impl.LeaderElection.run(LeaderElection.java:130)
	at java.lang.Thread.run(Thread.java:748)
Caused by: org.apache.ratis.thirdparty.io.grpc.StatusRuntimeException: UNAVAILABLE: io exception
	at org.apache.ratis.thirdparty.io.grpc.stub.ClientCalls.toStatusRuntimeException(ClientCalls.java:233)
	at org.apache.ratis.thirdparty.io.grpc.stub.ClientCalls.getUnchecked(ClientCalls.java:214)
	at org.apache.ratis.thirdparty.io.grpc.stub.ClientCalls.blockingUnaryCall(ClientCalls.java:139)
	at org.apache.ratis.proto.grpc.RaftServerProtocolServiceGrpc$RaftServerProtocolServiceBlockingStub.requestVote(RaftServerProtocolServiceGrpc.java:265)
	at org.apache.ratis.grpc.server.GrpcServerProtocolClient.requestVote(GrpcServerProtocolClient.java:83)
	at org.apache.ratis.grpc.server.GrpcService.requestVote(GrpcService.java:195)
	at org.apache.ratis.server.impl.LeaderElection.lambda$submitRequests$1(LeaderElection.java:237)
	at java.util.concurrent.FutureTask.run(FutureTask.java:266)
	at java.util.concurrent.Executors$RunnableAdapter.call(Executors.java:511)
	at java.util.concurrent.FutureTask.run(FutureTask.java:266)
	at java.util.concurrent.ThreadPoolExecutor.runWorker(ThreadPoolExecutor.java:1149)
	at java.util.concurrent.ThreadPoolExecutor$Worker.run(ThreadPoolExecutor.java:624)
	... 1 more
Caused by: org.apache.ratis.thirdparty.io.netty.channel.AbstractChannel$AnnotatedConnectException: Connection refused: /192.168.5.139:45695
	at sun.nio.ch.SocketChannelImpl.checkConnect(Native Method)
	at sun.nio.ch.SocketChannelImpl.finishConnect(SocketChannelImpl.java:717)
	at org.apache.ratis.thirdparty.io.netty.channel.socket.nio.NioSocketChannel.doFinishConnect(NioSocketChannel.java:327)
	at org.apache.ratis.thirdparty.io.netty.channel.nio.AbstractNioChannel$AbstractNioUnsafe.finishConnect(AbstractNioChannel.java:340)
	at org.apache.ratis.thirdparty.io.netty.channel.nio.NioEventLoop.processSelectedKey(NioEventLoop.java:632)
	at org.apache.ratis.thirdparty.io.netty.channel.nio.NioEventLoop.processSelectedKeysOptimized(NioEventLoop.java:579)
	at org.apache.ratis.thirdparty.io.netty.channel.nio.NioEventLoop.processSelectedKeys(NioEventLoop.java:496)
	at org.apache.ratis.thirdparty.io.netty.channel.nio.NioEventLoop.run(NioEventLoop.java:458)
	at org.apache.ratis.thirdparty.io.netty.util.concurrent.SingleThreadEventExecutor$5.run(SingleThreadEventExecutor.java:897)
	at org.apache.ratis.thirdparty.io.netty.util.concurrent.FastThreadLocalRunnable.run(FastThreadLocalRunnable.java:30)
	... 1 more
Caused by: java.net.ConnectException: Connection refused
	... 11 more
2019-08-20 15:05:10,264 [81e6f177-0aa0-4cea-a559-904193532cd7:group-9ABDFB0D4108:LeaderElection22] INFO  impl.LeaderElection (LogUtils.java:infoOrTrace(149)) -   Exception 1: {}
java.util.concurrent.ExecutionException: org.apache.ratis.thirdparty.io.grpc.StatusRuntimeException: UNAVAILABLE: io exception
	at java.util.concurrent.FutureTask.report(FutureTask.java:122)
	at java.util.concurrent.FutureTask.get(FutureTask.java:192)
	at org.apache.ratis.server.impl.LeaderElection.waitForResults(LeaderElection.java:262)
	at org.apache.ratis.server.impl.LeaderElection.askForVotes(LeaderElection.java:200)
	at org.apache.ratis.server.impl.LeaderElection.run(LeaderElection.java:130)
	at java.lang.Thread.run(Thread.java:748)
Caused by: org.apache.ratis.thirdparty.io.grpc.StatusRuntimeException: UNAVAILABLE: io exception
	at org.apache.ratis.thirdparty.io.grpc.stub.ClientCalls.toStatusRuntimeException(ClientCalls.java:233)
	at org.apache.ratis.thirdparty.io.grpc.stub.ClientCalls.getUnchecked(ClientCalls.java:214)
	at org.apache.ratis.thirdparty.io.grpc.stub.ClientCalls.blockingUnaryCall(ClientCalls.java:139)
	at org.apache.ratis.proto.grpc.RaftServerProtocolServiceGrpc$RaftServerProtocolServiceBlockingStub.requestVote(RaftServerProtocolServiceGrpc.java:265)
	at org.apache.ratis.grpc.server.GrpcServerProtocolClient.requestVote(GrpcServerProtocolClient.java:83)
	at org.apache.ratis.grpc.server.GrpcService.requestVote(GrpcService.java:195)
	at org.apache.ratis.server.impl.LeaderElection.lambda$submitRequests$1(LeaderElection.java:237)
	at java.util.concurrent.FutureTask.run(FutureTask.java:266)
	at java.util.concurrent.Executors$RunnableAdapter.call(Executors.java:511)
	at java.util.concurrent.FutureTask.run(FutureTask.java:266)
	at java.util.concurrent.ThreadPoolExecutor.runWorker(ThreadPoolExecutor.java:1149)
	at java.util.concurrent.ThreadPoolExecutor$Worker.run(ThreadPoolExecutor.java:624)
	... 1 more
Caused by: org.apache.ratis.thirdparty.io.netty.channel.AbstractChannel$AnnotatedConnectException: Connection refused: /192.168.5.139:38744
	at sun.nio.ch.SocketChannelImpl.checkConnect(Native Method)
	at sun.nio.ch.SocketChannelImpl.finishConnect(SocketChannelImpl.java:717)
	at org.apache.ratis.thirdparty.io.netty.channel.socket.nio.NioSocketChannel.doFinishConnect(NioSocketChannel.java:327)
	at org.apache.ratis.thirdparty.io.netty.channel.nio.AbstractNioChannel$AbstractNioUnsafe.finishConnect(AbstractNioChannel.java:340)
	at org.apache.ratis.thirdparty.io.netty.channel.nio.NioEventLoop.processSelectedKey(NioEventLoop.java:632)
	at org.apache.ratis.thirdparty.io.netty.channel.nio.NioEventLoop.processSelectedKeysOptimized(NioEventLoop.java:579)
	at org.apache.ratis.thirdparty.io.netty.channel.nio.NioEventLoop.processSelectedKeys(NioEventLoop.java:496)
	at org.apache.ratis.thirdparty.io.netty.channel.nio.NioEventLoop.run(NioEventLoop.java:458)
	at org.apache.ratis.thirdparty.io.netty.util.concurrent.SingleThreadEventExecutor$5.run(SingleThreadEventExecutor.java:897)
	at org.apache.ratis.thirdparty.io.netty.util.concurrent.FastThreadLocalRunnable.run(FastThreadLocalRunnable.java:30)
	... 1 more
Caused by: java.net.ConnectException: Connection refused
	... 11 more
2019-08-20 15:05:10,264 [81e6f177-0aa0-4cea-a559-904193532cd7:group-9ABDFB0D4108:LeaderElection22] INFO  impl.RaftServerImpl (RaftServerImpl.java:setRole(171)) - 81e6f177-0aa0-4cea-a559-904193532cd7:group-9ABDFB0D4108 changes role from CANDIDATE to FOLLOWER at term 2 for DISCOVERED_A_NEW_TERM
2019-08-20 15:05:10,265 [81e6f177-0aa0-4cea-a559-904193532cd7:group-9ABDFB0D4108:LeaderElection22] INFO  impl.RoleInfo (RoleInfo.java:shutdownLeaderElection(134)) - 81e6f177-0aa0-4cea-a559-904193532cd7: shutdown LeaderElection
2019-08-20 15:05:10,266 [81e6f177-0aa0-4cea-a559-904193532cd7:group-9ABDFB0D4108:LeaderElection22] INFO  impl.RoleInfo (RoleInfo.java:updateAndGet(143)) - 81e6f177-0aa0-4cea-a559-904193532cd7: start FollowerState
2019-08-20 15:05:10,489 [EventQueue-StaleNodeForStaleNodeHandler] INFO  node.StaleNodeHandler (StaleNodeHandler.java:onMessage(58)) - Datanode 81e6f177-0aa0-4cea-a559-904193532cd7{ip: 192.168.5.139, host: pr-hdds-1200-9hlr9-3148487106, networkLocation: /default-rack, certSerialId: null} moved to stale state. Finalizing its pipelines [PipelineID=3d53811d-2f2b-42e9-8b3c-53900e7099a5, PipelineID=6ea0278c-aa29-493a-b2aa-9abdfb0d4108]
2019-08-20 15:05:10,490 [EventQueue-StaleNodeForStaleNodeHandler] INFO  pipeline.SCMPipelineManager (SCMPipelineManager.java:finalizeAndDestroyPipeline(309)) - destroying pipeline:Pipeline[ Id: 3d53811d-2f2b-42e9-8b3c-53900e7099a5, Nodes: 81e6f177-0aa0-4cea-a559-904193532cd7{ip: 192.168.5.139, host: pr-hdds-1200-9hlr9-3148487106, networkLocation: /default-rack, certSerialId: null}, Type:RATIS, Factor:ONE, State:OPEN]
2019-08-20 15:05:10,490 [EventQueue-StaleNodeForStaleNodeHandler] INFO  pipeline.PipelineStateManager (PipelineStateManager.java:finalizePipeline(123)) - Pipeline Pipeline[ Id: 3d53811d-2f2b-42e9-8b3c-53900e7099a5, Nodes: 81e6f177-0aa0-4cea-a559-904193532cd7{ip: 192.168.5.139, host: pr-hdds-1200-9hlr9-3148487106, networkLocation: /default-rack, certSerialId: null}, Type:RATIS, Factor:ONE, State:CLOSED] moved to CLOSED state
2019-08-20 15:05:10,490 [EventQueue-StaleNodeForStaleNodeHandler] INFO  pipeline.SCMPipelineManager (SCMPipelineManager.java:finalizeAndDestroyPipeline(309)) - destroying pipeline:Pipeline[ Id: 6ea0278c-aa29-493a-b2aa-9abdfb0d4108, Nodes: 81e6f177-0aa0-4cea-a559-904193532cd7{ip: 192.168.5.139, host: pr-hdds-1200-9hlr9-3148487106, networkLocation: /default-rack, certSerialId: null}fb8329f7-6337-4286-bcd2-d612923e448c{ip: 192.168.5.139, host: pr-hdds-1200-9hlr9-3148487106, networkLocation: /default-rack, certSerialId: null}6a1036d9-12c3-40f5-8094-5440fe3d038e{ip: 192.168.5.139, host: pr-hdds-1200-9hlr9-3148487106, networkLocation: /default-rack, certSerialId: null}, Type:RATIS, Factor:THREE, State:CLOSED]
2019-08-20 15:05:11,149 [ForkJoinPool.commonPool-worker-0] INFO  ozoneimpl.OzoneContainer (OzoneContainer.java:stop(214)) - Attempting to stop container services.
2019-08-20 15:05:11,150 [ForkJoinPool.commonPool-worker-0] INFO  impl.RaftServerProxy (RaftServerProxy.java:lambda$close$4(314)) - 81e6f177-0aa0-4cea-a559-904193532cd7: close
2019-08-20 15:05:11,150 [ForkJoinPool.commonPool-worker-0] INFO  impl.RaftServerImpl (RaftServerImpl.java:lambda$shutdown$3(245)) - 81e6f177-0aa0-4cea-a559-904193532cd7: shutdown group-53900E7099A5
2019-08-20 15:05:11,150 [ForkJoinPool.commonPool-worker-0] INFO  util.JmxRegister (JmxRegister.java:unregister(73)) - Successfully un-registered JMX Bean with object name Ratis:service=RaftServer,group=group-53900E7099A5,id=81e6f177-0aa0-4cea-a559-904193532cd7
2019-08-20 15:05:11,151 [ForkJoinPool.commonPool-worker-0] INFO  impl.RoleInfo (RoleInfo.java:shutdownLeaderState(104)) - 81e6f177-0aa0-4cea-a559-904193532cd7: shutdown LeaderState
2019-08-20 15:05:11,151 [ForkJoinPool.commonPool-worker-0] INFO  impl.PendingRequests (PendingRequests.java:sendNotLeaderResponses(202)) - 81e6f177-0aa0-4cea-a559-904193532cd7-PendingRequests: sendNotLeaderResponses
2019-08-20 15:05:11,151 [ForkJoinPool.commonPool-worker-0] INFO  impl.StateMachineUpdater (StateMachineUpdater.java:stopAndJoin(115)) - StateMachineUpdater:81e6f177-0aa0-4cea-a559-904193532cd7:group-53900E7099A5: set stopIndex = 0
2019-08-20 15:05:11,152 [ForkJoinPool.commonPool-worker-0] INFO  impl.RaftServerImpl (ServerState.java:close(394)) - 81e6f177-0aa0-4cea-a559-904193532cd7:group-53900E7099A5 closes. The last applied log index is 0
2019-08-20 15:05:11,152 [81e6f177-0aa0-4cea-a559-904193532cd7-SegmentedRaftLogWorker:Storage Directory /workdir/hadoop-ozone/integration-test/target/test-dir/MiniOzoneClusterImpl-24f7eca7-c48c-4952-ad8b-43e154ea7cd7/datanode-5/data/ratis/3d53811d-2f2b-42e9-8b3c-53900e7099a5] INFO  segmented.SegmentedRaftLogWorker (SegmentedRaftLogWorker.java:run(313)) - 81e6f177-0aa0-4cea-a559-904193532cd7-SegmentedRaftLogWorker:Storage Directory /workdir/hadoop-ozone/integration-test/target/test-dir/MiniOzoneClusterImpl-24f7eca7-c48c-4952-ad8b-43e154ea7cd7/datanode-5/data/ratis/3d53811d-2f2b-42e9-8b3c-53900e7099a5 was interrupted, exiting. There are 0 tasks remaining in the queue.
2019-08-20 15:05:11,152 [ForkJoinPool.commonPool-worker-0] INFO  segmented.SegmentedRaftLogWorker (SegmentedRaftLogWorker.java:close(228)) - 81e6f177-0aa0-4cea-a559-904193532cd7-SegmentedRaftLogWorker:Storage Directory /workdir/hadoop-ozone/integration-test/target/test-dir/MiniOzoneClusterImpl-24f7eca7-c48c-4952-ad8b-43e154ea7cd7/datanode-5/data/ratis/3d53811d-2f2b-42e9-8b3c-53900e7099a5 close()
2019-08-20 15:05:11,154 [ForkJoinPool.commonPool-worker-0] INFO  impl.RaftServerImpl (RaftServerImpl.java:lambda$shutdown$3(245)) - 81e6f177-0aa0-4cea-a559-904193532cd7: shutdown group-9ABDFB0D4108
2019-08-20 15:05:11,155 [ForkJoinPool.commonPool-worker-0] INFO  util.JmxRegister (JmxRegister.java:unregister(73)) - Successfully un-registered JMX Bean with object name Ratis:service=RaftServer,group=group-9ABDFB0D4108,id=81e6f177-0aa0-4cea-a559-904193532cd7
2019-08-20 15:05:11,155 [ForkJoinPool.commonPool-worker-0] INFO  impl.RoleInfo (RoleInfo.java:shutdownFollowerState(121)) - 81e6f177-0aa0-4cea-a559-904193532cd7: shutdown FollowerState
2019-08-20 15:05:11,155 [ForkJoinPool.commonPool-worker-0] INFO  impl.StateMachineUpdater (StateMachineUpdater.java:stopAndJoin(115)) - StateMachineUpdater:81e6f177-0aa0-4cea-a559-904193532cd7:group-9ABDFB0D4108: set stopIndex = 16
2019-08-20 15:05:11,156 [StateMachineUpdater:81e6f177-0aa0-4cea-a559-904193532cd7:group-9ABDFB0D4108] INFO  ratis.ContainerStateMachine (ContainerStateMachine.java:takeSnapshot(271)) - group-9ABDFB0D4108: Taking a snapshot at:(t:1, i:16) file /workdir/hadoop-ozone/integration-test/target/test-dir/MiniOzoneClusterImpl-24f7eca7-c48c-4952-ad8b-43e154ea7cd7/datanode-5/data/ratis/6ea0278c-aa29-493a-b2aa-9abdfb0d4108/sm/snapshot.1_16
2019-08-20 15:05:11,155 [Thread-727] INFO  impl.FollowerState (FollowerState.java:run(114)) - 81e6f177-0aa0-4cea-a559-904193532cd7: FollowerState was interrupted: java.lang.InterruptedException: sleep interrupted
2019-08-20 15:05:11,170 [StateMachineUpdater:81e6f177-0aa0-4cea-a559-904193532cd7:group-9ABDFB0D4108] INFO  ratis.ContainerStateMachine (ContainerStateMachine.java:takeSnapshot(282)) - group-9ABDFB0D4108: Finished taking a snapshot at:(t:1, i:16) file:/workdir/hadoop-ozone/integration-test/target/test-dir/MiniOzoneClusterImpl-24f7eca7-c48c-4952-ad8b-43e154ea7cd7/datanode-5/data/ratis/6ea0278c-aa29-493a-b2aa-9abdfb0d4108/sm/snapshot.1_16 time:15
2019-08-20 15:05:11,170 [StateMachineUpdater:81e6f177-0aa0-4cea-a559-904193532cd7:group-9ABDFB0D4108] INFO  impl.StateMachineUpdater (StateMachineUpdater.java:takeSnapshot(242)) - StateMachineUpdater:81e6f177-0aa0-4cea-a559-904193532cd7:group-9ABDFB0D4108: Took a snapshot at index 16
2019-08-20 15:05:11,170 [StateMachineUpdater:81e6f177-0aa0-4cea-a559-904193532cd7:group-9ABDFB0D4108] INFO  impl.StateMachineUpdater (StateMachineUpdater.java:lambda$new$0(80)) - StateMachineUpdater:81e6f177-0aa0-4cea-a559-904193532cd7:group-9ABDFB0D4108: snapshotIndex: updateIncreasingly -1 -> 16
2019-08-20 15:05:11,171 [ForkJoinPool.commonPool-worker-0] INFO  impl.RaftServerImpl (ServerState.java:close(394)) - 81e6f177-0aa0-4cea-a559-904193532cd7:group-9ABDFB0D4108 closes. The last applied log index is 16
2019-08-20 15:05:11,171 [81e6f177-0aa0-4cea-a559-904193532cd7-SegmentedRaftLogWorker:Storage Directory /workdir/hadoop-ozone/integration-test/target/test-dir/MiniOzoneClusterImpl-24f7eca7-c48c-4952-ad8b-43e154ea7cd7/datanode-5/data/ratis/6ea0278c-aa29-493a-b2aa-9abdfb0d4108] INFO  segmented.SegmentedRaftLogWorker (SegmentedRaftLogWorker.java:run(313)) - 81e6f177-0aa0-4cea-a559-904193532cd7-SegmentedRaftLogWorker:Storage Directory /workdir/hadoop-ozone/integration-test/target/test-dir/MiniOzoneClusterImpl-24f7eca7-c48c-4952-ad8b-43e154ea7cd7/datanode-5/data/ratis/6ea0278c-aa29-493a-b2aa-9abdfb0d4108 was interrupted, exiting. There are 0 tasks remaining in the queue.
2019-08-20 15:05:11,172 [ForkJoinPool.commonPool-worker-0] INFO  segmented.SegmentedRaftLogWorker (SegmentedRaftLogWorker.java:close(228)) - 81e6f177-0aa0-4cea-a559-904193532cd7-SegmentedRaftLogWorker:Storage Directory /workdir/hadoop-ozone/integration-test/target/test-dir/MiniOzoneClusterImpl-24f7eca7-c48c-4952-ad8b-43e154ea7cd7/datanode-5/data/ratis/6ea0278c-aa29-493a-b2aa-9abdfb0d4108 close()
2019-08-20 15:05:11,173 [ForkJoinPool.commonPool-worker-0] INFO  server.GrpcService (GrpcService.java:closeImpl(155)) - 81e6f177-0aa0-4cea-a559-904193532cd7: shutdown server with port 40757 now
2019-08-20 15:05:11,174 [ForkJoinPool.commonPool-worker-0] INFO  server.GrpcService (GrpcService.java:closeImpl(163)) - 81e6f177-0aa0-4cea-a559-904193532cd7: shutdown server with port 40757 successfully
2019-08-20 15:05:11,178 [ForkJoinPool.commonPool-worker-0] INFO  utils.BackgroundService (BackgroundService.java:shutdown(148)) - Shutting down service BlockDeletingService
2019-08-20 15:05:11,180 [refreshUsed-/workdir/hadoop-ozone/integration-test/target/test-dir/MiniOzoneClusterImpl-24f7eca7-c48c-4952-ad8b-43e154ea7cd7/datanode-5/data/containers] WARN  fs.CachingGetSpaceUsed (CachingGetSpaceUsed.java:run(183)) - Thread Interrupted waiting to refresh disk information: sleep interrupted
2019-08-20 15:05:11,200 [ForkJoinPool.commonPool-worker-0] INFO  statemachine.DatanodeStateMachine (DatanodeStateMachine.java:stopDaemon(395)) - Ozone container server stopped.
2019-08-20 15:05:11,204 [ForkJoinPool.commonPool-worker-0] INFO  handler.ContextHandler (ContextHandler.java:doStop(910)) - Stopped o.e.j.w.WebAppContext@38087342{/,null,UNAVAILABLE}{/hddsDatanode}
2019-08-20 15:05:11,205 [ForkJoinPool.commonPool-worker-0] INFO  server.AbstractConnector (AbstractConnector.java:doStop(318)) - Stopped ServerConnector@681de87f{HTTP/1.1,[http/1.1]}{0.0.0.0:0}
2019-08-20 15:05:11,206 [ForkJoinPool.commonPool-worker-0] INFO  handler.ContextHandler (ContextHandler.java:doStop(910)) - Stopped o.e.j.s.ServletContextHandler@17216605{/static,jar:file:/home/user/.m2/repository/org/apache/hadoop/hadoop-hdds-container-service/0.5.0-SNAPSHOT/hadoop-hdds-container-service-0.5.0-SNAPSHOT.jar!/webapps/static,UNAVAILABLE}
2019-08-20 15:05:11,207 [ForkJoinPool.commonPool-worker-0] INFO  handler.ContextHandler (ContextHandler.java:doStop(910)) - Stopped o.e.j.s.ServletContextHandler@3ace6346{/logs,file:///workdir/hadoop-ozone/integration-test/target/log,UNAVAILABLE}
2019-08-20 15:05:11,208 [main] INFO  ozone.MiniOzoneClusterImpl (MiniOzoneClusterImpl.java:stop(353)) - Stopping the StorageContainerManager
2019-08-20 15:05:11,208 [main] INFO  server.StorageContainerManager (StorageContainerManager.java:stop(797)) - Stopping Replication Manager Service.
2019-08-20 15:05:11,209 [main] INFO  container.ReplicationManager (ReplicationManager.java:stop(193)) - Stopping Replication Monitor Thread.
2019-08-20 15:05:11,209 [main] INFO  server.StorageContainerManager (StorageContainerManager.java:stop(804)) - Stopping Lease Manager of the command watchers
2019-08-20 15:05:11,209 [main] INFO  server.StorageContainerManager (StorageContainerManager.java:stop(811)) - Stopping datanode service RPC server
2019-08-20 15:05:11,210 [main] INFO  server.SCMDatanodeProtocolServer (SCMDatanodeProtocolServer.java:stop(367)) - Stopping the RPC server for DataNodes
2019-08-20 15:05:11,210 [main] INFO  ipc.Server (Server.java:stop(3082)) - Stopping server on 35595
2019-08-20 15:05:11,211 [IPC Server listener on 35595] INFO  ipc.Server (Server.java:run(1185)) - Stopping IPC Server listener on 35595
2019-08-20 15:05:11,211 [IPC Server Responder] INFO  ipc.Server (Server.java:run(1319)) - Stopping IPC Server Responder
2019-08-20 15:05:11,290 [SCM Heartbeat Processing Thread - 0] WARN  node.NodeStateManager (NodeStateManager.java:scheduleNextHealthCheck(646)) - Current Thread is interrupted, shutting down HB processing thread for Node Manager.
2019-08-20 15:05:11,291 [main] INFO  server.StorageContainerManager (StorageContainerManager.java:stop(819)) - Stopping block service RPC server
2019-08-20 15:05:11,291 [main] INFO  server.SCMBlockProtocolServer (SCMBlockProtocolServer.java:stop(148)) - Stopping the RPC server for Block Protocol
2019-08-20 15:05:11,291 [main] INFO  ipc.Server (Server.java:stop(3082)) - Stopping server on 44146
2019-08-20 15:05:11,292 [IPC Server listener on 44146] INFO  ipc.Server (Server.java:run(1185)) - Stopping IPC Server listener on 44146
2019-08-20 15:05:11,292 [main] INFO  server.StorageContainerManager (StorageContainerManager.java:stop(826)) - Stopping the StorageContainerLocationProtocol RPC server
2019-08-20 15:05:11,293 [main] INFO  server.SCMClientProtocolServer (SCMClientProtocolServer.java:stop(159)) - Stopping the RPC server for Client Protocol
2019-08-20 15:05:11,293 [IPC Server Responder] INFO  ipc.Server (Server.java:run(1319)) - Stopping IPC Server Responder
2019-08-20 15:05:11,293 [main] INFO  ipc.Server (Server.java:stop(3082)) - Stopping server on 35314
2019-08-20 15:05:11,295 [IPC Server listener on 35314] INFO  ipc.Server (Server.java:run(1185)) - Stopping IPC Server listener on 35314
2019-08-20 15:05:11,295 [main] INFO  server.StorageContainerManager (StorageContainerManager.java:stop(833)) - Stopping Storage Container Manager HTTP server.
2019-08-20 15:05:11,296 [IPC Server Responder] INFO  ipc.Server (Server.java:run(1319)) - Stopping IPC Server Responder
2019-08-20 15:05:11,296 [main] INFO  handler.ContextHandler (ContextHandler.java:doStop(910)) - Stopped o.e.j.w.WebAppContext@7072bc39{/,null,UNAVAILABLE}{/scm}
2019-08-20 15:05:11,297 [main] INFO  server.AbstractConnector (AbstractConnector.java:doStop(318)) - Stopped ServerConnector@4fbdc0f0{HTTP/1.1,[http/1.1]}{0.0.0.0:0}
2019-08-20 15:05:11,298 [main] INFO  handler.ContextHandler (ContextHandler.java:doStop(910)) - Stopped o.e.j.s.ServletContextHandler@c5ee75e{/static,file:///workdir/hadoop-ozone/integration-test/target/test-classes/webapps/static,UNAVAILABLE}
2019-08-20 15:05:11,298 [main] INFO  handler.ContextHandler (ContextHandler.java:doStop(910)) - Stopped o.e.j.s.ServletContextHandler@6c25e6c4{/logs,file:///workdir/hadoop-ozone/integration-test/target/log,UNAVAILABLE}
2019-08-20 15:05:11,300 [main] INFO  server.StorageContainerManager (StorageContainerManager.java:stop(844)) - Stopping Block Manager Service.
2019-08-20 15:05:11,300 [main] INFO  utils.BackgroundService (BackgroundService.java:shutdown(148)) - Shutting down service SCMBlockDeletingService
2019-08-20 15:05:11,300 [main] INFO  utils.BackgroundService (BackgroundService.java:shutdown(148)) - Shutting down service SCMBlockDeletingService
2019-08-20 15:05:11,301 [main] INFO  server.StorageContainerManager (StorageContainerManager.java:stop(866)) - Stopping SCM Event Queue.
2019-08-20 15:05:11,308 [main] INFO  impl.MetricsSystemImpl (MetricsSystemImpl.java:stop(210)) - Stopping XceiverClientMetrics metrics system...
2019-08-20 15:05:11,316 [main] INFO  impl.MetricsSystemImpl (MetricsSystemImpl.java:stop(216)) - XceiverClientMetrics metrics system stopped.
]]></system-out>
    <system-err><![CDATA[Aug 20, 2019 3:03:26 PM com.sun.jersey.server.impl.application.WebApplicationImpl _initiate
INFO: Initiating Jersey application, version 'Jersey: 1.19 02/11/2015 03:25 AM'
Aug 20, 2019 3:03:27 PM com.sun.jersey.server.impl.application.WebApplicationImpl _initiate
INFO: Initiating Jersey application, version 'Jersey: 1.19 02/11/2015 03:25 AM'
Aug 20, 2019 3:03:27 PM com.sun.jersey.server.impl.application.WebApplicationImpl _initiate
INFO: Initiating Jersey application, version 'Jersey: 1.19 02/11/2015 03:25 AM'
Aug 20, 2019 3:03:28 PM com.sun.jersey.server.impl.application.WebApplicationImpl _initiate
INFO: Initiating Jersey application, version 'Jersey: 1.19 02/11/2015 03:25 AM'
Aug 20, 2019 3:03:28 PM com.sun.jersey.server.impl.application.WebApplicationImpl _initiate
INFO: Initiating Jersey application, version 'Jersey: 1.19 02/11/2015 03:25 AM'
Aug 20, 2019 3:03:28 PM com.sun.jersey.server.impl.application.WebApplicationImpl _initiate
INFO: Initiating Jersey application, version 'Jersey: 1.19 02/11/2015 03:25 AM'
Aug 20, 2019 3:03:28 PM com.sun.jersey.server.impl.application.WebApplicationImpl _initiate
INFO: Initiating Jersey application, version 'Jersey: 1.19 02/11/2015 03:25 AM'
]]></system-err>
  </testcase>
  <testcase name="testDatanodeFailureWithPreAllocation" classname="org.apache.hadoop.ozone.client.rpc.TestBlockOutputStreamWithFailures" time="225.908"/>
  <testcase name="testDatanodeFailureWithSingleNodeRatis" classname="org.apache.hadoop.ozone.client.rpc.TestBlockOutputStreamWithFailures" time="224.549"/>
  <testcase name="testWatchForCommitWithSingleNodeRatis" classname="org.apache.hadoop.ozone.client.rpc.TestBlockOutputStreamWithFailures" time="33.797"/>
  <testcase name="testWatchForCommitDatanodeFailure" classname="org.apache.hadoop.ozone.client.rpc.TestBlockOutputStreamWithFailures" time="37.994"/>
  <testcase name="testFailureWithPrimeSizedData" classname="org.apache.hadoop.ozone.client.rpc.TestBlockOutputStreamWithFailures" time="36.384"/>
  <testcase name="testWatchForCommitWithCloseContainerException" classname="org.apache.hadoop.ozone.client.rpc.TestBlockOutputStreamWithFailures" time="33.497"/>
  <testcase name="testExceptionDuringClose" classname="org.apache.hadoop.ozone.client.rpc.TestBlockOutputStreamWithFailures" time="34.514"/>
</testsuite>