<?xml version="1.0" encoding="UTF-8"?>
<testsuite xmlns:xsi="http://www.w3.org/2001/XMLSchema-instance" xsi:noNamespaceSchemaLocation="https://maven.apache.org/surefire/maven-surefire-plugin/xsd/surefire-test-report.xsd" name="org.apache.hadoop.ozone.client.rpc.TestBlockOutputStreamWithFailures" time="708.941" tests="8" errors="0" skipped="0" failures="2">
  <properties>
    <property name="awt.toolkit" value="sun.awt.X11.XToolkit"/>
    <property name="file.encoding.pkg" value="sun.io"/>
    <property name="java.specification.version" value="1.8"/>
    <property name="sun.cpu.isalist" value=""/>
    <property name="sun.jnu.encoding" value="UTF-8"/>
    <property name="java.class.path" value="/workdir/hadoop-ozone/integration-test/target/test-classes:/workdir/hadoop-ozone/integration-test/target/classes:/home/user/.m2/repository/org/apache/hadoop/hadoop-ozone-common/0.5.0-SNAPSHOT/hadoop-ozone-common-0.5.0-SNAPSHOT.jar:/home/user/.m2/repository/org/apache/commons/commons-compress/1.4.1/commons-compress-1.4.1.jar:/home/user/.m2/repository/org/tukaani/xz/1.0/xz-1.0.jar:/home/user/.m2/repository/org/apache/hadoop/hadoop-common/3.2.0/hadoop-common-3.2.0.jar:/home/user/.m2/repository/org/apache/hadoop/hadoop-hdfs/3.2.0/hadoop-hdfs-3.2.0.jar:/home/user/.m2/repository/org/apache/hadoop/hadoop-hdfs-client/3.2.0/hadoop-hdfs-client-3.2.0.jar:/home/user/.m2/repository/com/fasterxml/jackson/core/jackson-annotations/2.9.5/jackson-annotations-2.9.5.jar:/home/user/.m2/repository/org/apache/hadoop/hadoop-hdds-common/0.5.0-SNAPSHOT/hadoop-hdds-common-0.5.0-SNAPSHOT.jar:/home/user/.m2/repository/javax/annotation/javax.annotation-api/1.2/javax.annotation-api-1.2.jar:/home/user/.m2/repository/org/apache/ratis/ratis-server/0.4.0-2337318-SNAPSHOT/ratis-server-0.4.0-2337318-SNAPSHOT.jar:/home/user/.m2/repository/org/apache/ratis/ratis-thirdparty-misc/0.2.0/ratis-thirdparty-misc-0.2.0.jar:/home/user/.m2/repository/org/apache/ratis/ratis-proto/0.4.0-2337318-SNAPSHOT/ratis-proto-0.4.0-2337318-SNAPSHOT.jar:/home/user/.m2/repository/org/apache/ratis/ratis-common/0.4.0-2337318-SNAPSHOT/ratis-common-0.4.0-2337318-SNAPSHOT.jar:/home/user/.m2/repository/org/apache/ratis/ratis-client/0.4.0-2337318-SNAPSHOT/ratis-client-0.4.0-2337318-SNAPSHOT.jar:/home/user/.m2/repository/org/apache/ratis/ratis-metrics/0.4.0-2337318-SNAPSHOT/ratis-metrics-0.4.0-2337318-SNAPSHOT.jar:/home/user/.m2/repository/org/apache/ratis/ratis-netty/0.4.0-2337318-SNAPSHOT/ratis-netty-0.4.0-2337318-SNAPSHOT.jar:/home/user/.m2/repository/org/apache/ratis/ratis-grpc/0.4.0-2337318-SNAPSHOT/ratis-grpc-0.4.0-2337318-SNAPSHOT.jar:/home/user/.m2/repository/org/rocksdb/rocksdbjni/6.0.1/rocksdbjni-6.0.1.jar:/home/user/.m2/repository/org/apache/logging/log4j/log4j-api/2.11.0/log4j-api-2.11.0.jar:/home/user/.m2/repository/org/apache/logging/log4j/log4j-core/2.11.0/log4j-core-2.11.0.jar:/home/user/.m2/repository/com/lmax/disruptor/3.4.2/disruptor-3.4.2.jar:/home/user/.m2/repository/org/apache/commons/commons-pool2/2.6.0/commons-pool2-2.6.0.jar:/home/user/.m2/repository/org/bouncycastle/bcpkix-jdk15on/1.60/bcpkix-jdk15on-1.60.jar:/home/user/.m2/repository/commons-validator/commons-validator/1.6/commons-validator-1.6.jar:/home/user/.m2/repository/commons-digester/commons-digester/1.8.1/commons-digester-1.8.1.jar:/home/user/.m2/repository/io/jaegertracing/jaeger-client/0.33.1/jaeger-client-0.33.1.jar:/home/user/.m2/repository/io/jaegertracing/jaeger-thrift/0.33.1/jaeger-thrift-0.33.1.jar:/home/user/.m2/repository/org/apache/thrift/libthrift/0.11.0/libthrift-0.11.0.jar:/home/user/.m2/repository/com/squareup/okhttp3/okhttp/3.9.0/okhttp-3.9.0.jar:/home/user/.m2/repository/com/squareup/okio/okio/1.13.0/okio-1.13.0.jar:/home/user/.m2/repository/io/jaegertracing/jaeger-core/0.33.1/jaeger-core-0.33.1.jar:/home/user/.m2/repository/io/jaegertracing/jaeger-tracerresolver/0.33.1/jaeger-tracerresolver-0.33.1.jar:/home/user/.m2/repository/io/opentracing/contrib/opentracing-tracerresolver/0.1.5/opentracing-tracerresolver-0.1.5.jar:/home/user/.m2/repository/io/opentracing/opentracing-util/0.31.0/opentracing-util-0.31.0.jar:/home/user/.m2/repository/io/opentracing/opentracing-api/0.31.0/opentracing-api-0.31.0.jar:/home/user/.m2/repository/io/opentracing/opentracing-noop/0.31.0/opentracing-noop-0.31.0.jar:/home/user/.m2/repository/org/apache/hadoop/hadoop-hdds-server-framework/0.5.0-SNAPSHOT/hadoop-hdds-server-framework-0.5.0-SNAPSHOT.jar:/home/user/.m2/repository/org/apache/hadoop/hadoop-hdds-container-service/0.5.0-SNAPSHOT/hadoop-hdds-container-service-0.5.0-SNAPSHOT.jar:/home/user/.m2/repository/org/apache/hadoop/hadoop-hdds-client/0.5.0-SNAPSHOT/hadoop-hdds-client-0.5.0-SNAPSHOT.jar:/home/user/.m2/repository/org/apache/hadoop/hadoop-hdds-tools/0.5.0-SNAPSHOT/hadoop-hdds-tools-0.5.0-SNAPSHOT.jar:/home/user/.m2/repository/org/apache/hadoop/hadoop-hdds-server-scm/0.5.0-SNAPSHOT/hadoop-hdds-server-scm-0.5.0-SNAPSHOT.jar:/home/user/.m2/repository/org/apache/hadoop/hadoop-hdds-docs/0.5.0-SNAPSHOT/hadoop-hdds-docs-0.5.0-SNAPSHOT.jar:/home/user/.m2/repository/com/sun/xml/bind/jaxb-impl/2.3.0.1/jaxb-impl-2.3.0.1.jar:/home/user/.m2/repository/com/sun/xml/bind/jaxb-core/2.3.0.1/jaxb-core-2.3.0.1.jar:/home/user/.m2/repository/javax/xml/bind/jaxb-api/2.3.0/jaxb-api-2.3.0.jar:/home/user/.m2/repository/javax/activation/activation/1.1.1/activation-1.1.1.jar:/home/user/.m2/repository/io/dropwizard/metrics/metrics-core/3.2.4/metrics-core-3.2.4.jar:/home/user/.m2/repository/org/hamcrest/hamcrest-all/1.3/hamcrest-all-1.3.jar:/home/user/.m2/repository/org/bouncycastle/bcprov-jdk15on/1.60/bcprov-jdk15on-1.60.jar:/home/user/.m2/repository/info/picocli/picocli/3.9.6/picocli-3.9.6.jar:/home/user/.m2/repository/com/google/protobuf/protobuf-java/2.5.0/protobuf-java-2.5.0.jar:/home/user/.m2/repository/com/google/guava/guava/11.0.2/guava-11.0.2.jar:/home/user/.m2/repository/org/apache/hadoop/hadoop-ozone-ozone-manager/0.5.0-SNAPSHOT/hadoop-ozone-ozone-manager-0.5.0-SNAPSHOT.jar:/home/user/.m2/repository/org/apache/hadoop/hadoop-minikdc/3.2.0/hadoop-minikdc-3.2.0.jar:/home/user/.m2/repository/commons-io/commons-io/2.5/commons-io-2.5.jar:/home/user/.m2/repository/org/apache/kerby/kerb-simplekdc/1.0.1/kerb-simplekdc-1.0.1.jar:/home/user/.m2/repository/org/apache/kerby/kerb-client/1.0.1/kerb-client-1.0.1.jar:/home/user/.m2/repository/org/apache/kerby/kerby-config/1.0.1/kerby-config-1.0.1.jar:/home/user/.m2/repository/org/apache/kerby/kerb-core/1.0.1/kerb-core-1.0.1.jar:/home/user/.m2/repository/org/apache/kerby/kerby-pkix/1.0.1/kerby-pkix-1.0.1.jar:/home/user/.m2/repository/org/apache/kerby/kerby-asn1/1.0.1/kerby-asn1-1.0.1.jar:/home/user/.m2/repository/org/apache/kerby/kerby-util/1.0.1/kerby-util-1.0.1.jar:/home/user/.m2/repository/org/apache/kerby/kerb-common/1.0.1/kerb-common-1.0.1.jar:/home/user/.m2/repository/org/apache/kerby/kerb-crypto/1.0.1/kerb-crypto-1.0.1.jar:/home/user/.m2/repository/org/apache/kerby/kerb-util/1.0.1/kerb-util-1.0.1.jar:/home/user/.m2/repository/org/apache/kerby/token-provider/1.0.1/token-provider-1.0.1.jar:/home/user/.m2/repository/org/apache/kerby/kerb-admin/1.0.1/kerb-admin-1.0.1.jar:/home/user/.m2/repository/org/apache/kerby/kerb-server/1.0.1/kerb-server-1.0.1.jar:/home/user/.m2/repository/org/apache/kerby/kerb-identity/1.0.1/kerb-identity-1.0.1.jar:/home/user/.m2/repository/org/apache/kerby/kerby-xdr/1.0.1/kerby-xdr-1.0.1.jar:/home/user/.m2/repository/org/slf4j/slf4j-log4j12/1.7.25/slf4j-log4j12-1.7.25.jar:/home/user/.m2/repository/org/apache/hadoop/hadoop-ozone-s3gateway/0.5.0-SNAPSHOT/hadoop-ozone-s3gateway-0.5.0-SNAPSHOT.jar:/home/user/.m2/repository/org/jboss/weld/servlet/weld-servlet/2.4.7.Final/weld-servlet-2.4.7.Final.jar:/home/user/.m2/repository/org/glassfish/jersey/containers/jersey-container-servlet-core/2.27/jersey-container-servlet-core-2.27.jar:/home/user/.m2/repository/org/glassfish/hk2/external/javax.inject/2.5.0-b42/javax.inject-2.5.0-b42.jar:/home/user/.m2/repository/org/glassfish/jersey/core/jersey-common/2.27/jersey-common-2.27.jar:/home/user/.m2/repository/org/glassfish/hk2/osgi-resource-locator/1.0.1/osgi-resource-locator-1.0.1.jar:/home/user/.m2/repository/javax/ws/rs/javax.ws.rs-api/2.1/javax.ws.rs-api-2.1.jar:/home/user/.m2/repository/org/glassfish/jersey/ext/cdi/jersey-cdi1x/2.27/jersey-cdi1x-2.27.jar:/home/user/.m2/repository/org/glassfish/jersey/inject/jersey-hk2/2.27/jersey-hk2-2.27.jar:/home/user/.m2/repository/org/glassfish/hk2/hk2-locator/2.5.0-b42/hk2-locator-2.5.0-b42.jar:/home/user/.m2/repository/org/javassist/javassist/3.22.0-CR2/javassist-3.22.0-CR2.jar:/home/user/.m2/repository/org/glassfish/hk2/hk2-api/2.5.0/hk2-api-2.5.0.jar:/home/user/.m2/repository/org/glassfish/hk2/external/jakarta.inject/2.5.0/jakarta.inject-2.5.0.jar:/home/user/.m2/repository/org/glassfish/hk2/hk2-utils/2.5.0/hk2-utils-2.5.0.jar:/home/user/.m2/repository/jakarta/annotation/jakarta.annotation-api/1.3.4/jakarta.annotation-api-1.3.4.jar:/home/user/.m2/repository/org/glassfish/hk2/external/aopalliance-repackaged/2.5.0/aopalliance-repackaged-2.5.0.jar:/home/user/.m2/repository/com/fasterxml/jackson/dataformat/jackson-dataformat-xml/2.9.0/jackson-dataformat-xml-2.9.0.jar:/home/user/.m2/repository/com/fasterxml/jackson/core/jackson-core/2.9.5/jackson-core-2.9.5.jar:/home/user/.m2/repository/com/fasterxml/jackson/module/jackson-module-jaxb-annotations/2.9.5/jackson-module-jaxb-annotations-2.9.5.jar:/home/user/.m2/repository/javax/enterprise/cdi-api/1.2/cdi-api-1.2.jar:/home/user/.m2/repository/javax/el/javax.el-api/3.0.0/javax.el-api-3.0.0.jar:/home/user/.m2/repository/javax/interceptor/javax.interceptor-api/1.2/javax.interceptor-api-1.2.jar:/home/user/.m2/repository/javax/inject/javax.inject/1/javax.inject-1.jar:/home/user/.m2/repository/org/apache/hadoop/hadoop-ozone-csi/0.5.0-SNAPSHOT/hadoop-ozone-csi-0.5.0-SNAPSHOT.jar:/home/user/.m2/repository/com/google/protobuf/protobuf-java-util/3.5.1/protobuf-java-util-3.5.1.jar:/home/user/.m2/repository/org/apache/hadoop/hadoop-hdds-config/0.5.0-SNAPSHOT/hadoop-hdds-config-0.5.0-SNAPSHOT.jar:/home/user/.m2/repository/io/grpc/grpc-netty/1.17.1/grpc-netty-1.17.1.jar:/home/user/.m2/repository/io/grpc/grpc-core/1.17.1/grpc-core-1.17.1.jar:/home/user/.m2/repository/io/grpc/grpc-context/1.17.1/grpc-context-1.17.1.jar:/home/user/.m2/repository/com/google/errorprone/error_prone_annotations/2.2.0/error_prone_annotations-2.2.0.jar:/home/user/.m2/repository/org/codehaus/mojo/animal-sniffer-annotations/1.17/animal-sniffer-annotations-1.17.jar:/home/user/.m2/repository/io/opencensus/opencensus-api/0.17.0/opencensus-api-0.17.0.jar:/home/user/.m2/repository/io/opencensus/opencensus-contrib-grpc-metrics/0.17.0/opencensus-contrib-grpc-metrics-0.17.0.jar:/home/user/.m2/repository/io/netty/netty-codec-http2/4.1.30.Final/netty-codec-http2-4.1.30.Final.jar:/home/user/.m2/repository/io/netty/netty-codec-http/4.1.30.Final/netty-codec-http-4.1.30.Final.jar:/home/user/.m2/repository/io/netty/netty-codec/4.1.30.Final/netty-codec-4.1.30.Final.jar:/home/user/.m2/repository/io/netty/netty-handler/4.1.30.Final/netty-handler-4.1.30.Final.jar:/home/user/.m2/repository/io/netty/netty-handler-proxy/4.1.30.Final/netty-handler-proxy-4.1.30.Final.jar:/home/user/.m2/repository/io/netty/netty-codec-socks/4.1.30.Final/netty-codec-socks-4.1.30.Final.jar:/home/user/.m2/repository/io/netty/netty-transport-native-epoll/4.1.30.Final/netty-transport-native-epoll-4.1.30.Final.jar:/home/user/.m2/repository/io/netty/netty-common/4.1.30.Final/netty-common-4.1.30.Final.jar:/home/user/.m2/repository/io/netty/netty-buffer/4.1.30.Final/netty-buffer-4.1.30.Final.jar:/home/user/.m2/repository/io/netty/netty-transport/4.1.30.Final/netty-transport-4.1.30.Final.jar:/home/user/.m2/repository/io/netty/netty-resolver/4.1.30.Final/netty-resolver-4.1.30.Final.jar:/home/user/.m2/repository/io/netty/netty-transport-native-unix-common/4.1.30.Final/netty-transport-native-unix-common-4.1.30.Final.jar:/home/user/.m2/repository/io/grpc/grpc-protobuf/1.17.1/grpc-protobuf-1.17.1.jar:/home/user/.m2/repository/com/google/api/grpc/proto-google-common-protos/1.0.0/proto-google-common-protos-1.0.0.jar:/home/user/.m2/repository/io/grpc/grpc-protobuf-lite/1.17.1/grpc-protobuf-lite-1.17.1.jar:/home/user/.m2/repository/io/grpc/grpc-stub/1.17.1/grpc-stub-1.17.1.jar:/home/user/.m2/repository/org/apache/hadoop/hadoop-ozone-recon/0.5.0-SNAPSHOT/hadoop-ozone-recon-0.5.0-SNAPSHOT.jar:/home/user/.m2/repository/org/apache/hadoop/hadoop-ozone-reconcodegen/0.5.0-SNAPSHOT/hadoop-ozone-reconcodegen-0.5.0-SNAPSHOT.jar:/home/user/.m2/repository/com/google/inject/extensions/guice-multibindings/4.0/guice-multibindings-4.0.jar:/home/user/.m2/repository/com/google/inject/guice/4.0/guice-4.0.jar:/home/user/.m2/repository/aopalliance/aopalliance/1.0/aopalliance-1.0.jar:/home/user/.m2/repository/com/google/inject/extensions/guice-servlet/4.0/guice-servlet-4.0.jar:/home/user/.m2/repository/org/glassfish/jersey/containers/jersey-container-servlet/2.27/jersey-container-servlet-2.27.jar:/home/user/.m2/repository/org/glassfish/hk2/guice-bridge/2.5.0/guice-bridge-2.5.0.jar:/home/user/.m2/repository/org/glassfish/jersey/core/jersey-server/2.27/jersey-server-2.27.jar:/home/user/.m2/repository/org/glassfish/jersey/core/jersey-client/2.27/jersey-client-2.27.jar:/home/user/.m2/repository/org/glassfish/jersey/media/jersey-media-jaxb/2.27/jersey-media-jaxb-2.27.jar:/home/user/.m2/repository/javax/validation/validation-api/1.1.0.Final/validation-api-1.1.0.Final.jar:/home/user/.m2/repository/org/glassfish/jersey/media/jersey-media-json-jackson/2.27/jersey-media-json-jackson-2.27.jar:/home/user/.m2/repository/org/glassfish/jersey/ext/jersey-entity-filtering/2.27/jersey-entity-filtering-2.27.jar:/home/user/.m2/repository/com/google/inject/extensions/guice-assistedinject/4.0/guice-assistedinject-4.0.jar:/home/user/.m2/repository/org/jooq/jooq/3.11.10/jooq-3.11.10.jar:/home/user/.m2/repository/org/jooq/jooq-meta/3.11.10/jooq-meta-3.11.10.jar:/home/user/.m2/repository/org/jooq/jooq-codegen/3.11.10/jooq-codegen-3.11.10.jar:/home/user/.m2/repository/com/jolbox/bonecp/0.8.0.RELEASE/bonecp-0.8.0.RELEASE.jar:/home/user/.m2/repository/org/xerial/sqlite-jdbc/3.25.2/sqlite-jdbc-3.25.2.jar:/home/user/.m2/repository/org/springframework/spring-jdbc/5.1.3.RELEASE/spring-jdbc-5.1.3.RELEASE.jar:/home/user/.m2/repository/org/springframework/spring-beans/5.1.3.RELEASE/spring-beans-5.1.3.RELEASE.jar:/home/user/.m2/repository/org/springframework/spring-core/5.1.3.RELEASE/spring-core-5.1.3.RELEASE.jar:/home/user/.m2/repository/org/springframework/spring-jcl/5.1.3.RELEASE/spring-jcl-5.1.3.RELEASE.jar:/home/user/.m2/repository/org/springframework/spring-tx/5.1.3.RELEASE/spring-tx-5.1.3.RELEASE.jar:/home/user/.m2/repository/org/apache/hadoop/hadoop-ozone-client/0.5.0-SNAPSHOT/hadoop-ozone-client-0.5.0-SNAPSHOT.jar:/home/user/.m2/repository/commons-lang/commons-lang/2.6/commons-lang-2.6.jar:/home/user/.m2/repository/org/apache/hadoop/hadoop-ozone-ozone-manager/0.5.0-SNAPSHOT/hadoop-ozone-ozone-manager-0.5.0-SNAPSHOT-tests.jar:/home/user/.m2/repository/junit/junit/4.11/junit-4.11.jar:/home/user/.m2/repository/org/hamcrest/hamcrest-core/1.3/hamcrest-core-1.3.jar:/home/user/.m2/repository/org/openjdk/jmh/jmh-core/1.19/jmh-core-1.19.jar:/home/user/.m2/repository/net/sf/jopt-simple/jopt-simple/4.6/jopt-simple-4.6.jar:/home/user/.m2/repository/org/apache/commons/commons-math3/3.1.1/commons-math3-3.1.1.jar:/home/user/.m2/repository/org/openjdk/jmh/jmh-generator-annprocess/1.19/jmh-generator-annprocess-1.19.jar:/home/user/.m2/repository/org/mockito/mockito-all/1.8.5/mockito-all-1.8.5.jar:/home/user/.m2/repository/org/apache/hadoop/hadoop-kms/3.2.0/hadoop-kms-3.2.0.jar:/home/user/.m2/repository/org/apache/hadoop/hadoop-auth/3.2.0/hadoop-auth-3.2.0.jar:/home/user/.m2/repository/com/nimbusds/nimbus-jose-jwt/4.41.1/nimbus-jose-jwt-4.41.1.jar:/home/user/.m2/repository/com/github/stephenc/jcip/jcip-annotations/1.0-1/jcip-annotations-1.0-1.jar:/home/user/.m2/repository/net/minidev/json-smart/2.3/json-smart-2.3.jar:/home/user/.m2/repository/net/minidev/accessors-smart/1.2/accessors-smart-1.2.jar:/home/user/.m2/repository/org/ow2/asm/asm/5.0.4/asm-5.0.4.jar:/home/user/.m2/repository/org/apache/curator/curator-framework/2.12.0/curator-framework-2.12.0.jar:/home/user/.m2/repository/com/sun/jersey/jersey-core/1.19/jersey-core-1.19.jar:/home/user/.m2/repository/javax/ws/rs/jsr311-api/1.1.1/jsr311-api-1.1.1.jar:/home/user/.m2/repository/com/sun/jersey/jersey-server/1.19/jersey-server-1.19.jar:/home/user/.m2/repository/javax/servlet/javax.servlet-api/3.1.0/javax.servlet-api-3.1.0.jar:/home/user/.m2/repository/org/eclipse/jetty/jetty-server/9.3.24.v20180605/jetty-server-9.3.24.v20180605.jar:/home/user/.m2/repository/org/eclipse/jetty/jetty-http/9.3.24.v20180605/jetty-http-9.3.24.v20180605.jar:/home/user/.m2/repository/org/eclipse/jetty/jetty-io/9.3.24.v20180605/jetty-io-9.3.24.v20180605.jar:/home/user/.m2/repository/org/eclipse/jetty/jetty-webapp/9.3.24.v20180605/jetty-webapp-9.3.24.v20180605.jar:/home/user/.m2/repository/org/eclipse/jetty/jetty-xml/9.3.24.v20180605/jetty-xml-9.3.24.v20180605.jar:/home/user/.m2/repository/log4j/log4j/1.2.17/log4j-1.2.17.jar:/home/user/.m2/repository/org/slf4j/slf4j-api/1.7.25/slf4j-api-1.7.25.jar:/home/user/.m2/repository/org/slf4j/jul-to-slf4j/1.7.25/jul-to-slf4j-1.7.25.jar:/home/user/.m2/repository/org/eclipse/jetty/jetty-util/9.3.24.v20180605/jetty-util-9.3.24.v20180605.jar:/home/user/.m2/repository/com/fasterxml/jackson/core/jackson-databind/2.9.5/jackson-databind-2.9.5.jar:/home/user/.m2/repository/org/apache/hadoop/hadoop-kms/3.2.0/hadoop-kms-3.2.0-tests.jar:/home/user/.m2/repository/org/apache/hadoop/hadoop-hdds-server-scm/0.5.0-SNAPSHOT/hadoop-hdds-server-scm-0.5.0-SNAPSHOT-tests.jar:/home/user/.m2/repository/org/apache/hadoop/hadoop-hdds-container-service/0.5.0-SNAPSHOT/hadoop-hdds-container-service-0.5.0-SNAPSHOT-tests.jar:/home/user/.m2/repository/org/yaml/snakeyaml/1.16/snakeyaml-1.16.jar:/home/user/.m2/repository/org/apache/hadoop/hadoop-common/3.2.0/hadoop-common-3.2.0-tests.jar:/home/user/.m2/repository/org/apache/hadoop/hadoop-annotations/3.2.0/hadoop-annotations-3.2.0.jar:/usr/lib/jvm/java-1.8-openjdk/jre/../lib/tools.jar:/home/user/.m2/repository/commons-cli/commons-cli/1.2/commons-cli-1.2.jar:/home/user/.m2/repository/org/apache/httpcomponents/httpclient/4.5.2/httpclient-4.5.2.jar:/home/user/.m2/repository/org/apache/httpcomponents/httpcore/4.4.4/httpcore-4.4.4.jar:/home/user/.m2/repository/commons-codec/commons-codec/1.11/commons-codec-1.11.jar:/home/user/.m2/repository/commons-net/commons-net/3.6/commons-net-3.6.jar:/home/user/.m2/repository/commons-collections/commons-collections/3.2.2/commons-collections-3.2.2.jar:/home/user/.m2/repository/org/eclipse/jetty/jetty-servlet/9.3.24.v20180605/jetty-servlet-9.3.24.v20180605.jar:/home/user/.m2/repository/org/eclipse/jetty/jetty-security/9.3.24.v20180605/jetty-security-9.3.24.v20180605.jar:/home/user/.m2/repository/javax/servlet/jsp/jsp-api/2.1/jsp-api-2.1.jar:/home/user/.m2/repository/com/sun/jersey/jersey-servlet/1.19/jersey-servlet-1.19.jar:/home/user/.m2/repository/com/sun/jersey/jersey-json/1.19/jersey-json-1.19.jar:/home/user/.m2/repository/org/codehaus/jettison/jettison/1.1/jettison-1.1.jar:/home/user/.m2/repository/org/codehaus/jackson/jackson-core-asl/1.9.13/jackson-core-asl-1.9.13.jar:/home/user/.m2/repository/org/codehaus/jackson/jackson-mapper-asl/1.9.13/jackson-mapper-asl-1.9.13.jar:/home/user/.m2/repository/org/codehaus/jackson/jackson-jaxrs/1.9.13/jackson-jaxrs-1.9.13.jar:/home/user/.m2/repository/org/codehaus/jackson/jackson-xc/1.9.13/jackson-xc-1.9.13.jar:/home/user/.m2/repository/commons-logging/commons-logging/1.1.3/commons-logging-1.1.3.jar:/home/user/.m2/repository/commons-beanutils/commons-beanutils/1.9.3/commons-beanutils-1.9.3.jar:/home/user/.m2/repository/org/apache/commons/commons-configuration2/2.1.1/commons-configuration2-2.1.1.jar:/home/user/.m2/repository/org/apache/commons/commons-lang3/3.7/commons-lang3-3.7.jar:/home/user/.m2/repository/org/apache/commons/commons-text/1.4/commons-text-1.4.jar:/home/user/.m2/repository/org/apache/avro/avro/1.7.7/avro-1.7.7.jar:/home/user/.m2/repository/com/thoughtworks/paranamer/paranamer/2.3/paranamer-2.3.jar:/home/user/.m2/repository/org/xerial/snappy/snappy-java/1.0.5/snappy-java-1.0.5.jar:/home/user/.m2/repository/com/google/re2j/re2j/1.1/re2j-1.1.jar:/home/user/.m2/repository/com/google/code/gson/gson/2.2.4/gson-2.2.4.jar:/home/user/.m2/repository/com/jcraft/jsch/0.1.54/jsch-0.1.54.jar:/home/user/.m2/repository/org/apache/curator/curator-client/2.12.0/curator-client-2.12.0.jar:/home/user/.m2/repository/org/apache/curator/curator-recipes/2.12.0/curator-recipes-2.12.0.jar:/home/user/.m2/repository/com/google/code/findbugs/jsr305/3.0.0/jsr305-3.0.0.jar:/home/user/.m2/repository/org/apache/htrace/htrace-core4/4.1.0-incubating/htrace-core4-4.1.0-incubating.jar:/home/user/.m2/repository/org/apache/zookeeper/zookeeper/3.4.13/zookeeper-3.4.13.jar:/home/user/.m2/repository/org/apache/yetus/audience-annotations/0.5.0/audience-annotations-0.5.0.jar:/home/user/.m2/repository/org/codehaus/woodstox/stax2-api/3.1.4/stax2-api-3.1.4.jar:/home/user/.m2/repository/com/fasterxml/woodstox/woodstox-core/5.0.3/woodstox-core-5.0.3.jar:/home/user/.m2/repository/dnsjava/dnsjava/2.1.7/dnsjava-2.1.7.jar:/home/user/.m2/repository/org/apache/hadoop/hadoop-hdfs/3.2.0/hadoop-hdfs-3.2.0-tests.jar:/home/user/.m2/repository/org/eclipse/jetty/jetty-util-ajax/9.3.24.v20180605/jetty-util-ajax-9.3.24.v20180605.jar:/home/user/.m2/repository/commons-daemon/commons-daemon/1.0.13/commons-daemon-1.0.13.jar:/home/user/.m2/repository/io/netty/netty/3.10.5.Final/netty-3.10.5.Final.jar:/home/user/.m2/repository/io/netty/netty-all/4.0.52.Final/netty-all-4.0.52.Final.jar:/home/user/.m2/repository/org/fusesource/leveldbjni/leveldbjni-all/1.8/leveldbjni-all-1.8.jar:"/>
    <property name="java.vm.vendor" value="IcedTea"/>
    <property name="sun.arch.data.model" value="64"/>
    <property name="test.build.dir" value="/workdir/hadoop-ozone/integration-test/target/test-dir"/>
    <property name="test.cache.data" value=""/>
    <property name="java.vendor.url" value="https://icedtea.classpath.org"/>
    <property name="user.timezone" value=""/>
    <property name="java.vm.specification.version" value="1.8"/>
    <property name="os.name" value="Linux"/>
    <property name="test.build.data" value="/workdir/hadoop-ozone/integration-test/target/test-dir"/>
    <property name="user.country" value="US"/>
    <property name="sun.java.launcher" value="SUN_STANDARD"/>
    <property name="sun.boot.library.path" value="/usr/lib/jvm/java-1.8-openjdk/jre/lib/amd64"/>
    <property name="sun.java.command" value="/workdir/hadoop-ozone/integration-test/target/surefire/surefirebooter1791103370917623156.jar /workdir/hadoop-ozone/integration-test/target/surefire 2019-08-28T19-46-27_198-jvmRun1 surefire4595091284886231016tmp surefire_162839292555370769789tmp"/>
    <property name="test" value="!TestMiniChaosOzoneCluster"/>
    <property name="surefire.test.class.path" value="/workdir/hadoop-ozone/integration-test/target/test-classes:/workdir/hadoop-ozone/integration-test/target/classes:/home/user/.m2/repository/org/apache/hadoop/hadoop-ozone-common/0.5.0-SNAPSHOT/hadoop-ozone-common-0.5.0-SNAPSHOT.jar:/home/user/.m2/repository/org/apache/commons/commons-compress/1.4.1/commons-compress-1.4.1.jar:/home/user/.m2/repository/org/tukaani/xz/1.0/xz-1.0.jar:/home/user/.m2/repository/org/apache/hadoop/hadoop-common/3.2.0/hadoop-common-3.2.0.jar:/home/user/.m2/repository/org/apache/hadoop/hadoop-hdfs/3.2.0/hadoop-hdfs-3.2.0.jar:/home/user/.m2/repository/org/apache/hadoop/hadoop-hdfs-client/3.2.0/hadoop-hdfs-client-3.2.0.jar:/home/user/.m2/repository/com/fasterxml/jackson/core/jackson-annotations/2.9.5/jackson-annotations-2.9.5.jar:/home/user/.m2/repository/org/apache/hadoop/hadoop-hdds-common/0.5.0-SNAPSHOT/hadoop-hdds-common-0.5.0-SNAPSHOT.jar:/home/user/.m2/repository/javax/annotation/javax.annotation-api/1.2/javax.annotation-api-1.2.jar:/home/user/.m2/repository/org/apache/ratis/ratis-server/0.4.0-2337318-SNAPSHOT/ratis-server-0.4.0-2337318-SNAPSHOT.jar:/home/user/.m2/repository/org/apache/ratis/ratis-thirdparty-misc/0.2.0/ratis-thirdparty-misc-0.2.0.jar:/home/user/.m2/repository/org/apache/ratis/ratis-proto/0.4.0-2337318-SNAPSHOT/ratis-proto-0.4.0-2337318-SNAPSHOT.jar:/home/user/.m2/repository/org/apache/ratis/ratis-common/0.4.0-2337318-SNAPSHOT/ratis-common-0.4.0-2337318-SNAPSHOT.jar:/home/user/.m2/repository/org/apache/ratis/ratis-client/0.4.0-2337318-SNAPSHOT/ratis-client-0.4.0-2337318-SNAPSHOT.jar:/home/user/.m2/repository/org/apache/ratis/ratis-metrics/0.4.0-2337318-SNAPSHOT/ratis-metrics-0.4.0-2337318-SNAPSHOT.jar:/home/user/.m2/repository/org/apache/ratis/ratis-netty/0.4.0-2337318-SNAPSHOT/ratis-netty-0.4.0-2337318-SNAPSHOT.jar:/home/user/.m2/repository/org/apache/ratis/ratis-grpc/0.4.0-2337318-SNAPSHOT/ratis-grpc-0.4.0-2337318-SNAPSHOT.jar:/home/user/.m2/repository/org/rocksdb/rocksdbjni/6.0.1/rocksdbjni-6.0.1.jar:/home/user/.m2/repository/org/apache/logging/log4j/log4j-api/2.11.0/log4j-api-2.11.0.jar:/home/user/.m2/repository/org/apache/logging/log4j/log4j-core/2.11.0/log4j-core-2.11.0.jar:/home/user/.m2/repository/com/lmax/disruptor/3.4.2/disruptor-3.4.2.jar:/home/user/.m2/repository/org/apache/commons/commons-pool2/2.6.0/commons-pool2-2.6.0.jar:/home/user/.m2/repository/org/bouncycastle/bcpkix-jdk15on/1.60/bcpkix-jdk15on-1.60.jar:/home/user/.m2/repository/commons-validator/commons-validator/1.6/commons-validator-1.6.jar:/home/user/.m2/repository/commons-digester/commons-digester/1.8.1/commons-digester-1.8.1.jar:/home/user/.m2/repository/io/jaegertracing/jaeger-client/0.33.1/jaeger-client-0.33.1.jar:/home/user/.m2/repository/io/jaegertracing/jaeger-thrift/0.33.1/jaeger-thrift-0.33.1.jar:/home/user/.m2/repository/org/apache/thrift/libthrift/0.11.0/libthrift-0.11.0.jar:/home/user/.m2/repository/com/squareup/okhttp3/okhttp/3.9.0/okhttp-3.9.0.jar:/home/user/.m2/repository/com/squareup/okio/okio/1.13.0/okio-1.13.0.jar:/home/user/.m2/repository/io/jaegertracing/jaeger-core/0.33.1/jaeger-core-0.33.1.jar:/home/user/.m2/repository/io/jaegertracing/jaeger-tracerresolver/0.33.1/jaeger-tracerresolver-0.33.1.jar:/home/user/.m2/repository/io/opentracing/contrib/opentracing-tracerresolver/0.1.5/opentracing-tracerresolver-0.1.5.jar:/home/user/.m2/repository/io/opentracing/opentracing-util/0.31.0/opentracing-util-0.31.0.jar:/home/user/.m2/repository/io/opentracing/opentracing-api/0.31.0/opentracing-api-0.31.0.jar:/home/user/.m2/repository/io/opentracing/opentracing-noop/0.31.0/opentracing-noop-0.31.0.jar:/home/user/.m2/repository/org/apache/hadoop/hadoop-hdds-server-framework/0.5.0-SNAPSHOT/hadoop-hdds-server-framework-0.5.0-SNAPSHOT.jar:/home/user/.m2/repository/org/apache/hadoop/hadoop-hdds-container-service/0.5.0-SNAPSHOT/hadoop-hdds-container-service-0.5.0-SNAPSHOT.jar:/home/user/.m2/repository/org/apache/hadoop/hadoop-hdds-client/0.5.0-SNAPSHOT/hadoop-hdds-client-0.5.0-SNAPSHOT.jar:/home/user/.m2/repository/org/apache/hadoop/hadoop-hdds-tools/0.5.0-SNAPSHOT/hadoop-hdds-tools-0.5.0-SNAPSHOT.jar:/home/user/.m2/repository/org/apache/hadoop/hadoop-hdds-server-scm/0.5.0-SNAPSHOT/hadoop-hdds-server-scm-0.5.0-SNAPSHOT.jar:/home/user/.m2/repository/org/apache/hadoop/hadoop-hdds-docs/0.5.0-SNAPSHOT/hadoop-hdds-docs-0.5.0-SNAPSHOT.jar:/home/user/.m2/repository/com/sun/xml/bind/jaxb-impl/2.3.0.1/jaxb-impl-2.3.0.1.jar:/home/user/.m2/repository/com/sun/xml/bind/jaxb-core/2.3.0.1/jaxb-core-2.3.0.1.jar:/home/user/.m2/repository/javax/xml/bind/jaxb-api/2.3.0/jaxb-api-2.3.0.jar:/home/user/.m2/repository/javax/activation/activation/1.1.1/activation-1.1.1.jar:/home/user/.m2/repository/io/dropwizard/metrics/metrics-core/3.2.4/metrics-core-3.2.4.jar:/home/user/.m2/repository/org/hamcrest/hamcrest-all/1.3/hamcrest-all-1.3.jar:/home/user/.m2/repository/org/bouncycastle/bcprov-jdk15on/1.60/bcprov-jdk15on-1.60.jar:/home/user/.m2/repository/info/picocli/picocli/3.9.6/picocli-3.9.6.jar:/home/user/.m2/repository/com/google/protobuf/protobuf-java/2.5.0/protobuf-java-2.5.0.jar:/home/user/.m2/repository/com/google/guava/guava/11.0.2/guava-11.0.2.jar:/home/user/.m2/repository/org/apache/hadoop/hadoop-ozone-ozone-manager/0.5.0-SNAPSHOT/hadoop-ozone-ozone-manager-0.5.0-SNAPSHOT.jar:/home/user/.m2/repository/org/apache/hadoop/hadoop-minikdc/3.2.0/hadoop-minikdc-3.2.0.jar:/home/user/.m2/repository/commons-io/commons-io/2.5/commons-io-2.5.jar:/home/user/.m2/repository/org/apache/kerby/kerb-simplekdc/1.0.1/kerb-simplekdc-1.0.1.jar:/home/user/.m2/repository/org/apache/kerby/kerb-client/1.0.1/kerb-client-1.0.1.jar:/home/user/.m2/repository/org/apache/kerby/kerby-config/1.0.1/kerby-config-1.0.1.jar:/home/user/.m2/repository/org/apache/kerby/kerb-core/1.0.1/kerb-core-1.0.1.jar:/home/user/.m2/repository/org/apache/kerby/kerby-pkix/1.0.1/kerby-pkix-1.0.1.jar:/home/user/.m2/repository/org/apache/kerby/kerby-asn1/1.0.1/kerby-asn1-1.0.1.jar:/home/user/.m2/repository/org/apache/kerby/kerby-util/1.0.1/kerby-util-1.0.1.jar:/home/user/.m2/repository/org/apache/kerby/kerb-common/1.0.1/kerb-common-1.0.1.jar:/home/user/.m2/repository/org/apache/kerby/kerb-crypto/1.0.1/kerb-crypto-1.0.1.jar:/home/user/.m2/repository/org/apache/kerby/kerb-util/1.0.1/kerb-util-1.0.1.jar:/home/user/.m2/repository/org/apache/kerby/token-provider/1.0.1/token-provider-1.0.1.jar:/home/user/.m2/repository/org/apache/kerby/kerb-admin/1.0.1/kerb-admin-1.0.1.jar:/home/user/.m2/repository/org/apache/kerby/kerb-server/1.0.1/kerb-server-1.0.1.jar:/home/user/.m2/repository/org/apache/kerby/kerb-identity/1.0.1/kerb-identity-1.0.1.jar:/home/user/.m2/repository/org/apache/kerby/kerby-xdr/1.0.1/kerby-xdr-1.0.1.jar:/home/user/.m2/repository/org/slf4j/slf4j-log4j12/1.7.25/slf4j-log4j12-1.7.25.jar:/home/user/.m2/repository/org/apache/hadoop/hadoop-ozone-s3gateway/0.5.0-SNAPSHOT/hadoop-ozone-s3gateway-0.5.0-SNAPSHOT.jar:/home/user/.m2/repository/org/jboss/weld/servlet/weld-servlet/2.4.7.Final/weld-servlet-2.4.7.Final.jar:/home/user/.m2/repository/org/glassfish/jersey/containers/jersey-container-servlet-core/2.27/jersey-container-servlet-core-2.27.jar:/home/user/.m2/repository/org/glassfish/hk2/external/javax.inject/2.5.0-b42/javax.inject-2.5.0-b42.jar:/home/user/.m2/repository/org/glassfish/jersey/core/jersey-common/2.27/jersey-common-2.27.jar:/home/user/.m2/repository/org/glassfish/hk2/osgi-resource-locator/1.0.1/osgi-resource-locator-1.0.1.jar:/home/user/.m2/repository/javax/ws/rs/javax.ws.rs-api/2.1/javax.ws.rs-api-2.1.jar:/home/user/.m2/repository/org/glassfish/jersey/ext/cdi/jersey-cdi1x/2.27/jersey-cdi1x-2.27.jar:/home/user/.m2/repository/org/glassfish/jersey/inject/jersey-hk2/2.27/jersey-hk2-2.27.jar:/home/user/.m2/repository/org/glassfish/hk2/hk2-locator/2.5.0-b42/hk2-locator-2.5.0-b42.jar:/home/user/.m2/repository/org/javassist/javassist/3.22.0-CR2/javassist-3.22.0-CR2.jar:/home/user/.m2/repository/org/glassfish/hk2/hk2-api/2.5.0/hk2-api-2.5.0.jar:/home/user/.m2/repository/org/glassfish/hk2/external/jakarta.inject/2.5.0/jakarta.inject-2.5.0.jar:/home/user/.m2/repository/org/glassfish/hk2/hk2-utils/2.5.0/hk2-utils-2.5.0.jar:/home/user/.m2/repository/jakarta/annotation/jakarta.annotation-api/1.3.4/jakarta.annotation-api-1.3.4.jar:/home/user/.m2/repository/org/glassfish/hk2/external/aopalliance-repackaged/2.5.0/aopalliance-repackaged-2.5.0.jar:/home/user/.m2/repository/com/fasterxml/jackson/dataformat/jackson-dataformat-xml/2.9.0/jackson-dataformat-xml-2.9.0.jar:/home/user/.m2/repository/com/fasterxml/jackson/core/jackson-core/2.9.5/jackson-core-2.9.5.jar:/home/user/.m2/repository/com/fasterxml/jackson/module/jackson-module-jaxb-annotations/2.9.5/jackson-module-jaxb-annotations-2.9.5.jar:/home/user/.m2/repository/javax/enterprise/cdi-api/1.2/cdi-api-1.2.jar:/home/user/.m2/repository/javax/el/javax.el-api/3.0.0/javax.el-api-3.0.0.jar:/home/user/.m2/repository/javax/interceptor/javax.interceptor-api/1.2/javax.interceptor-api-1.2.jar:/home/user/.m2/repository/javax/inject/javax.inject/1/javax.inject-1.jar:/home/user/.m2/repository/org/apache/hadoop/hadoop-ozone-csi/0.5.0-SNAPSHOT/hadoop-ozone-csi-0.5.0-SNAPSHOT.jar:/home/user/.m2/repository/com/google/protobuf/protobuf-java-util/3.5.1/protobuf-java-util-3.5.1.jar:/home/user/.m2/repository/org/apache/hadoop/hadoop-hdds-config/0.5.0-SNAPSHOT/hadoop-hdds-config-0.5.0-SNAPSHOT.jar:/home/user/.m2/repository/io/grpc/grpc-netty/1.17.1/grpc-netty-1.17.1.jar:/home/user/.m2/repository/io/grpc/grpc-core/1.17.1/grpc-core-1.17.1.jar:/home/user/.m2/repository/io/grpc/grpc-context/1.17.1/grpc-context-1.17.1.jar:/home/user/.m2/repository/com/google/errorprone/error_prone_annotations/2.2.0/error_prone_annotations-2.2.0.jar:/home/user/.m2/repository/org/codehaus/mojo/animal-sniffer-annotations/1.17/animal-sniffer-annotations-1.17.jar:/home/user/.m2/repository/io/opencensus/opencensus-api/0.17.0/opencensus-api-0.17.0.jar:/home/user/.m2/repository/io/opencensus/opencensus-contrib-grpc-metrics/0.17.0/opencensus-contrib-grpc-metrics-0.17.0.jar:/home/user/.m2/repository/io/netty/netty-codec-http2/4.1.30.Final/netty-codec-http2-4.1.30.Final.jar:/home/user/.m2/repository/io/netty/netty-codec-http/4.1.30.Final/netty-codec-http-4.1.30.Final.jar:/home/user/.m2/repository/io/netty/netty-codec/4.1.30.Final/netty-codec-4.1.30.Final.jar:/home/user/.m2/repository/io/netty/netty-handler/4.1.30.Final/netty-handler-4.1.30.Final.jar:/home/user/.m2/repository/io/netty/netty-handler-proxy/4.1.30.Final/netty-handler-proxy-4.1.30.Final.jar:/home/user/.m2/repository/io/netty/netty-codec-socks/4.1.30.Final/netty-codec-socks-4.1.30.Final.jar:/home/user/.m2/repository/io/netty/netty-transport-native-epoll/4.1.30.Final/netty-transport-native-epoll-4.1.30.Final.jar:/home/user/.m2/repository/io/netty/netty-common/4.1.30.Final/netty-common-4.1.30.Final.jar:/home/user/.m2/repository/io/netty/netty-buffer/4.1.30.Final/netty-buffer-4.1.30.Final.jar:/home/user/.m2/repository/io/netty/netty-transport/4.1.30.Final/netty-transport-4.1.30.Final.jar:/home/user/.m2/repository/io/netty/netty-resolver/4.1.30.Final/netty-resolver-4.1.30.Final.jar:/home/user/.m2/repository/io/netty/netty-transport-native-unix-common/4.1.30.Final/netty-transport-native-unix-common-4.1.30.Final.jar:/home/user/.m2/repository/io/grpc/grpc-protobuf/1.17.1/grpc-protobuf-1.17.1.jar:/home/user/.m2/repository/com/google/api/grpc/proto-google-common-protos/1.0.0/proto-google-common-protos-1.0.0.jar:/home/user/.m2/repository/io/grpc/grpc-protobuf-lite/1.17.1/grpc-protobuf-lite-1.17.1.jar:/home/user/.m2/repository/io/grpc/grpc-stub/1.17.1/grpc-stub-1.17.1.jar:/home/user/.m2/repository/org/apache/hadoop/hadoop-ozone-recon/0.5.0-SNAPSHOT/hadoop-ozone-recon-0.5.0-SNAPSHOT.jar:/home/user/.m2/repository/org/apache/hadoop/hadoop-ozone-reconcodegen/0.5.0-SNAPSHOT/hadoop-ozone-reconcodegen-0.5.0-SNAPSHOT.jar:/home/user/.m2/repository/com/google/inject/extensions/guice-multibindings/4.0/guice-multibindings-4.0.jar:/home/user/.m2/repository/com/google/inject/guice/4.0/guice-4.0.jar:/home/user/.m2/repository/aopalliance/aopalliance/1.0/aopalliance-1.0.jar:/home/user/.m2/repository/com/google/inject/extensions/guice-servlet/4.0/guice-servlet-4.0.jar:/home/user/.m2/repository/org/glassfish/jersey/containers/jersey-container-servlet/2.27/jersey-container-servlet-2.27.jar:/home/user/.m2/repository/org/glassfish/hk2/guice-bridge/2.5.0/guice-bridge-2.5.0.jar:/home/user/.m2/repository/org/glassfish/jersey/core/jersey-server/2.27/jersey-server-2.27.jar:/home/user/.m2/repository/org/glassfish/jersey/core/jersey-client/2.27/jersey-client-2.27.jar:/home/user/.m2/repository/org/glassfish/jersey/media/jersey-media-jaxb/2.27/jersey-media-jaxb-2.27.jar:/home/user/.m2/repository/javax/validation/validation-api/1.1.0.Final/validation-api-1.1.0.Final.jar:/home/user/.m2/repository/org/glassfish/jersey/media/jersey-media-json-jackson/2.27/jersey-media-json-jackson-2.27.jar:/home/user/.m2/repository/org/glassfish/jersey/ext/jersey-entity-filtering/2.27/jersey-entity-filtering-2.27.jar:/home/user/.m2/repository/com/google/inject/extensions/guice-assistedinject/4.0/guice-assistedinject-4.0.jar:/home/user/.m2/repository/org/jooq/jooq/3.11.10/jooq-3.11.10.jar:/home/user/.m2/repository/org/jooq/jooq-meta/3.11.10/jooq-meta-3.11.10.jar:/home/user/.m2/repository/org/jooq/jooq-codegen/3.11.10/jooq-codegen-3.11.10.jar:/home/user/.m2/repository/com/jolbox/bonecp/0.8.0.RELEASE/bonecp-0.8.0.RELEASE.jar:/home/user/.m2/repository/org/xerial/sqlite-jdbc/3.25.2/sqlite-jdbc-3.25.2.jar:/home/user/.m2/repository/org/springframework/spring-jdbc/5.1.3.RELEASE/spring-jdbc-5.1.3.RELEASE.jar:/home/user/.m2/repository/org/springframework/spring-beans/5.1.3.RELEASE/spring-beans-5.1.3.RELEASE.jar:/home/user/.m2/repository/org/springframework/spring-core/5.1.3.RELEASE/spring-core-5.1.3.RELEASE.jar:/home/user/.m2/repository/org/springframework/spring-jcl/5.1.3.RELEASE/spring-jcl-5.1.3.RELEASE.jar:/home/user/.m2/repository/org/springframework/spring-tx/5.1.3.RELEASE/spring-tx-5.1.3.RELEASE.jar:/home/user/.m2/repository/org/apache/hadoop/hadoop-ozone-client/0.5.0-SNAPSHOT/hadoop-ozone-client-0.5.0-SNAPSHOT.jar:/home/user/.m2/repository/commons-lang/commons-lang/2.6/commons-lang-2.6.jar:/home/user/.m2/repository/org/apache/hadoop/hadoop-ozone-ozone-manager/0.5.0-SNAPSHOT/hadoop-ozone-ozone-manager-0.5.0-SNAPSHOT-tests.jar:/home/user/.m2/repository/junit/junit/4.11/junit-4.11.jar:/home/user/.m2/repository/org/hamcrest/hamcrest-core/1.3/hamcrest-core-1.3.jar:/home/user/.m2/repository/org/openjdk/jmh/jmh-core/1.19/jmh-core-1.19.jar:/home/user/.m2/repository/net/sf/jopt-simple/jopt-simple/4.6/jopt-simple-4.6.jar:/home/user/.m2/repository/org/apache/commons/commons-math3/3.1.1/commons-math3-3.1.1.jar:/home/user/.m2/repository/org/openjdk/jmh/jmh-generator-annprocess/1.19/jmh-generator-annprocess-1.19.jar:/home/user/.m2/repository/org/mockito/mockito-all/1.8.5/mockito-all-1.8.5.jar:/home/user/.m2/repository/org/apache/hadoop/hadoop-kms/3.2.0/hadoop-kms-3.2.0.jar:/home/user/.m2/repository/org/apache/hadoop/hadoop-auth/3.2.0/hadoop-auth-3.2.0.jar:/home/user/.m2/repository/com/nimbusds/nimbus-jose-jwt/4.41.1/nimbus-jose-jwt-4.41.1.jar:/home/user/.m2/repository/com/github/stephenc/jcip/jcip-annotations/1.0-1/jcip-annotations-1.0-1.jar:/home/user/.m2/repository/net/minidev/json-smart/2.3/json-smart-2.3.jar:/home/user/.m2/repository/net/minidev/accessors-smart/1.2/accessors-smart-1.2.jar:/home/user/.m2/repository/org/ow2/asm/asm/5.0.4/asm-5.0.4.jar:/home/user/.m2/repository/org/apache/curator/curator-framework/2.12.0/curator-framework-2.12.0.jar:/home/user/.m2/repository/com/sun/jersey/jersey-core/1.19/jersey-core-1.19.jar:/home/user/.m2/repository/javax/ws/rs/jsr311-api/1.1.1/jsr311-api-1.1.1.jar:/home/user/.m2/repository/com/sun/jersey/jersey-server/1.19/jersey-server-1.19.jar:/home/user/.m2/repository/javax/servlet/javax.servlet-api/3.1.0/javax.servlet-api-3.1.0.jar:/home/user/.m2/repository/org/eclipse/jetty/jetty-server/9.3.24.v20180605/jetty-server-9.3.24.v20180605.jar:/home/user/.m2/repository/org/eclipse/jetty/jetty-http/9.3.24.v20180605/jetty-http-9.3.24.v20180605.jar:/home/user/.m2/repository/org/eclipse/jetty/jetty-io/9.3.24.v20180605/jetty-io-9.3.24.v20180605.jar:/home/user/.m2/repository/org/eclipse/jetty/jetty-webapp/9.3.24.v20180605/jetty-webapp-9.3.24.v20180605.jar:/home/user/.m2/repository/org/eclipse/jetty/jetty-xml/9.3.24.v20180605/jetty-xml-9.3.24.v20180605.jar:/home/user/.m2/repository/log4j/log4j/1.2.17/log4j-1.2.17.jar:/home/user/.m2/repository/org/slf4j/slf4j-api/1.7.25/slf4j-api-1.7.25.jar:/home/user/.m2/repository/org/slf4j/jul-to-slf4j/1.7.25/jul-to-slf4j-1.7.25.jar:/home/user/.m2/repository/org/eclipse/jetty/jetty-util/9.3.24.v20180605/jetty-util-9.3.24.v20180605.jar:/home/user/.m2/repository/com/fasterxml/jackson/core/jackson-databind/2.9.5/jackson-databind-2.9.5.jar:/home/user/.m2/repository/org/apache/hadoop/hadoop-kms/3.2.0/hadoop-kms-3.2.0-tests.jar:/home/user/.m2/repository/org/apache/hadoop/hadoop-hdds-server-scm/0.5.0-SNAPSHOT/hadoop-hdds-server-scm-0.5.0-SNAPSHOT-tests.jar:/home/user/.m2/repository/org/apache/hadoop/hadoop-hdds-container-service/0.5.0-SNAPSHOT/hadoop-hdds-container-service-0.5.0-SNAPSHOT-tests.jar:/home/user/.m2/repository/org/yaml/snakeyaml/1.16/snakeyaml-1.16.jar:/home/user/.m2/repository/org/apache/hadoop/hadoop-common/3.2.0/hadoop-common-3.2.0-tests.jar:/home/user/.m2/repository/org/apache/hadoop/hadoop-annotations/3.2.0/hadoop-annotations-3.2.0.jar:/usr/lib/jvm/java-1.8-openjdk/jre/../lib/tools.jar:/home/user/.m2/repository/commons-cli/commons-cli/1.2/commons-cli-1.2.jar:/home/user/.m2/repository/org/apache/httpcomponents/httpclient/4.5.2/httpclient-4.5.2.jar:/home/user/.m2/repository/org/apache/httpcomponents/httpcore/4.4.4/httpcore-4.4.4.jar:/home/user/.m2/repository/commons-codec/commons-codec/1.11/commons-codec-1.11.jar:/home/user/.m2/repository/commons-net/commons-net/3.6/commons-net-3.6.jar:/home/user/.m2/repository/commons-collections/commons-collections/3.2.2/commons-collections-3.2.2.jar:/home/user/.m2/repository/org/eclipse/jetty/jetty-servlet/9.3.24.v20180605/jetty-servlet-9.3.24.v20180605.jar:/home/user/.m2/repository/org/eclipse/jetty/jetty-security/9.3.24.v20180605/jetty-security-9.3.24.v20180605.jar:/home/user/.m2/repository/javax/servlet/jsp/jsp-api/2.1/jsp-api-2.1.jar:/home/user/.m2/repository/com/sun/jersey/jersey-servlet/1.19/jersey-servlet-1.19.jar:/home/user/.m2/repository/com/sun/jersey/jersey-json/1.19/jersey-json-1.19.jar:/home/user/.m2/repository/org/codehaus/jettison/jettison/1.1/jettison-1.1.jar:/home/user/.m2/repository/org/codehaus/jackson/jackson-core-asl/1.9.13/jackson-core-asl-1.9.13.jar:/home/user/.m2/repository/org/codehaus/jackson/jackson-mapper-asl/1.9.13/jackson-mapper-asl-1.9.13.jar:/home/user/.m2/repository/org/codehaus/jackson/jackson-jaxrs/1.9.13/jackson-jaxrs-1.9.13.jar:/home/user/.m2/repository/org/codehaus/jackson/jackson-xc/1.9.13/jackson-xc-1.9.13.jar:/home/user/.m2/repository/commons-logging/commons-logging/1.1.3/commons-logging-1.1.3.jar:/home/user/.m2/repository/commons-beanutils/commons-beanutils/1.9.3/commons-beanutils-1.9.3.jar:/home/user/.m2/repository/org/apache/commons/commons-configuration2/2.1.1/commons-configuration2-2.1.1.jar:/home/user/.m2/repository/org/apache/commons/commons-lang3/3.7/commons-lang3-3.7.jar:/home/user/.m2/repository/org/apache/commons/commons-text/1.4/commons-text-1.4.jar:/home/user/.m2/repository/org/apache/avro/avro/1.7.7/avro-1.7.7.jar:/home/user/.m2/repository/com/thoughtworks/paranamer/paranamer/2.3/paranamer-2.3.jar:/home/user/.m2/repository/org/xerial/snappy/snappy-java/1.0.5/snappy-java-1.0.5.jar:/home/user/.m2/repository/com/google/re2j/re2j/1.1/re2j-1.1.jar:/home/user/.m2/repository/com/google/code/gson/gson/2.2.4/gson-2.2.4.jar:/home/user/.m2/repository/com/jcraft/jsch/0.1.54/jsch-0.1.54.jar:/home/user/.m2/repository/org/apache/curator/curator-client/2.12.0/curator-client-2.12.0.jar:/home/user/.m2/repository/org/apache/curator/curator-recipes/2.12.0/curator-recipes-2.12.0.jar:/home/user/.m2/repository/com/google/code/findbugs/jsr305/3.0.0/jsr305-3.0.0.jar:/home/user/.m2/repository/org/apache/htrace/htrace-core4/4.1.0-incubating/htrace-core4-4.1.0-incubating.jar:/home/user/.m2/repository/org/apache/zookeeper/zookeeper/3.4.13/zookeeper-3.4.13.jar:/home/user/.m2/repository/org/apache/yetus/audience-annotations/0.5.0/audience-annotations-0.5.0.jar:/home/user/.m2/repository/org/codehaus/woodstox/stax2-api/3.1.4/stax2-api-3.1.4.jar:/home/user/.m2/repository/com/fasterxml/woodstox/woodstox-core/5.0.3/woodstox-core-5.0.3.jar:/home/user/.m2/repository/dnsjava/dnsjava/2.1.7/dnsjava-2.1.7.jar:/home/user/.m2/repository/org/apache/hadoop/hadoop-hdfs/3.2.0/hadoop-hdfs-3.2.0-tests.jar:/home/user/.m2/repository/org/eclipse/jetty/jetty-util-ajax/9.3.24.v20180605/jetty-util-ajax-9.3.24.v20180605.jar:/home/user/.m2/repository/commons-daemon/commons-daemon/1.0.13/commons-daemon-1.0.13.jar:/home/user/.m2/repository/io/netty/netty/3.10.5.Final/netty-3.10.5.Final.jar:/home/user/.m2/repository/io/netty/netty-all/4.0.52.Final/netty-all-4.0.52.Final.jar:/home/user/.m2/repository/org/fusesource/leveldbjni/leveldbjni-all/1.8/leveldbjni-all-1.8.jar:"/>
    <property name="sun.cpu.endian" value="little"/>
    <property name="user.home" value="/home/user"/>
    <property name="user.language" value="en"/>
    <property name="java.specification.vendor" value="Oracle Corporation"/>
    <property name="java.home" value="/usr/lib/jvm/java-1.8-openjdk/jre"/>
    <property name="java.security.krb5.conf" value="/workdir/hadoop-ozone/integration-test/target/test-classes/krb5.conf"/>
    <property name="basedir" value="/workdir/hadoop-ozone/integration-test"/>
    <property name="file.separator" value="/"/>
    <property name="line.separator" value="&#10;"/>
    <property name="java.vm.specification.vendor" value="Oracle Corporation"/>
    <property name="java.specification.name" value="Java Platform API Specification"/>
    <property name="java.awt.graphicsenv" value="sun.awt.X11GraphicsEnvironment"/>
    <property name="surefire.real.class.path" value="/workdir/hadoop-ozone/integration-test/target/surefire/surefirebooter1791103370917623156.jar"/>
    <property name="hadoop.log.dir" value="/workdir/hadoop-ozone/integration-test/target/log"/>
    <property name="sun.boot.class.path" value="/usr/lib/jvm/java-1.8-openjdk/jre/lib/resources.jar:/usr/lib/jvm/java-1.8-openjdk/jre/lib/rt.jar:/usr/lib/jvm/java-1.8-openjdk/jre/lib/sunrsasign.jar:/usr/lib/jvm/java-1.8-openjdk/jre/lib/jsse.jar:/usr/lib/jvm/java-1.8-openjdk/jre/lib/jce.jar:/usr/lib/jvm/java-1.8-openjdk/jre/lib/charsets.jar:/usr/lib/jvm/java-1.8-openjdk/jre/lib/jfr.jar:/usr/lib/jvm/java-1.8-openjdk/jre/classes"/>
    <property name="sun.management.compiler" value="HotSpot 64-Bit Tiered Compilers"/>
    <property name="java.runtime.version" value="1.8.0_212-b04"/>
    <property name="java.net.preferIPv4Stack" value="true"/>
    <property name="user.name" value="jenkins1000"/>
    <property name="path.separator" value=":"/>
    <property name="java.security.egd" value="file:///dev/urandom"/>
    <property name="os.version" value="3.10.0-957.12.2.el7.x86_64"/>
    <property name="java.endorsed.dirs" value="/usr/lib/jvm/java-1.8-openjdk/jre/lib/endorsed"/>
    <property name="java.runtime.name" value="OpenJDK Runtime Environment"/>
    <property name="file.encoding" value="UTF-8"/>
    <property name="java.vm.name" value="OpenJDK 64-Bit Server VM"/>
    <property name="test.build.webapps" value=""/>
    <property name="localRepository" value="/home/user/.m2/repository"/>
    <property name="java.vendor.url.bug" value="https://icedtea.classpath.org/bugzilla"/>
    <property name="java.io.tmpdir" value="/tmp"/>
    <property name="require.test.libhadoop" value=""/>
    <property name="java.version" value="1.8.0_212"/>
    <property name="user.dir" value="/workdir/hadoop-ozone/integration-test"/>
    <property name="os.arch" value="amd64"/>
    <property name="java.vm.specification.name" value="Java Virtual Machine Specification"/>
    <property name="test.build.classes" value="/workdir/hadoop-ozone/integration-test/target/test-classes"/>
    <property name="java.awt.printerjob" value="sun.print.PSPrinterJob"/>
    <property name="sun.os.patch.level" value="unknown"/>
    <property name="hadoop.tmp.dir" value="/workdir/hadoop-ozone/integration-test/target/tmp"/>
    <property name="java.library.path" value="/usr/lib/jvm/java-1.8-openjdk/jre/lib/amd64/server:/usr/lib/jvm/java-1.8-openjdk/jre/lib/amd64:/usr/lib/jvm/java-1.8-openjdk/jre/../lib/amd64:/workdir/hadoop-ozone/integration-test/target/native/target/usr/local/lib:/workdir/hadoop-ozone/integration-test/../../hadoop-common-project/hadoop-common/target/native/target/usr/local/lib:/usr/java/packages/lib/amd64:/usr/lib64:/lib64:/lib:/usr/lib"/>
    <property name="java.vm.info" value="mixed mode"/>
    <property name="java.vendor" value="IcedTea"/>
    <property name="java.vm.version" value="25.212-b04"/>
    <property name="java.ext.dirs" value="/usr/lib/jvm/java-1.8-openjdk/jre/lib/ext:/usr/java/packages/lib/ext"/>
    <property name="sun.io.unicode.encoding" value="UnicodeLittle"/>
    <property name="java.class.version" value="52.0"/>
  </properties>
  <testcase name="test2DatanodesFailure" classname="org.apache.hadoop.ozone.client.rpc.TestBlockOutputStreamWithFailures" time="47.943">
    <failure message="expected:&lt;4&gt; but was:&lt;8&gt;" type="java.lang.AssertionError"><![CDATA[java.lang.AssertionError: expected:<4> but was:<8>
	at org.junit.Assert.fail(Assert.java:88)
	at org.junit.Assert.failNotEquals(Assert.java:743)
	at org.junit.Assert.assertEquals(Assert.java:118)
	at org.junit.Assert.assertEquals(Assert.java:555)
	at org.junit.Assert.assertEquals(Assert.java:542)
	at org.apache.hadoop.ozone.client.rpc.TestBlockOutputStreamWithFailures.test2DatanodesFailure(TestBlockOutputStreamWithFailures.java:425)
	at sun.reflect.NativeMethodAccessorImpl.invoke0(Native Method)
	at sun.reflect.NativeMethodAccessorImpl.invoke(NativeMethodAccessorImpl.java:62)
	at sun.reflect.DelegatingMethodAccessorImpl.invoke(DelegatingMethodAccessorImpl.java:43)
	at java.lang.reflect.Method.invoke(Method.java:498)
	at org.junit.runners.model.FrameworkMethod$1.runReflectiveCall(FrameworkMethod.java:47)
	at org.junit.internal.runners.model.ReflectiveCallable.run(ReflectiveCallable.java:12)
	at org.junit.runners.model.FrameworkMethod.invokeExplosively(FrameworkMethod.java:44)
	at org.junit.internal.runners.statements.InvokeMethod.evaluate(InvokeMethod.java:17)
	at org.junit.internal.runners.statements.RunBefores.evaluate(RunBefores.java:26)
	at org.junit.internal.runners.statements.RunAfters.evaluate(RunAfters.java:27)
	at org.junit.runners.ParentRunner.runLeaf(ParentRunner.java:271)
	at org.junit.runners.BlockJUnit4ClassRunner.runChild(BlockJUnit4ClassRunner.java:70)
	at org.junit.runners.BlockJUnit4ClassRunner.runChild(BlockJUnit4ClassRunner.java:50)
	at org.junit.runners.ParentRunner$3.run(ParentRunner.java:238)
	at org.junit.runners.ParentRunner$1.schedule(ParentRunner.java:63)
	at org.junit.runners.ParentRunner.runChildren(ParentRunner.java:236)
	at org.junit.runners.ParentRunner.access$000(ParentRunner.java:53)
	at org.junit.runners.ParentRunner$2.evaluate(ParentRunner.java:229)
	at org.junit.runners.ParentRunner.run(ParentRunner.java:309)
	at org.apache.maven.surefire.junit4.JUnit4Provider.execute(JUnit4Provider.java:365)
	at org.apache.maven.surefire.junit4.JUnit4Provider.executeWithRerun(JUnit4Provider.java:273)
	at org.apache.maven.surefire.junit4.JUnit4Provider.executeTestSet(JUnit4Provider.java:238)
	at org.apache.maven.surefire.junit4.JUnit4Provider.invoke(JUnit4Provider.java:159)
	at org.apache.maven.surefire.booter.ForkedBooter.invokeProviderInSameClassLoader(ForkedBooter.java:384)
	at org.apache.maven.surefire.booter.ForkedBooter.runSuitesInProcess(ForkedBooter.java:345)
	at org.apache.maven.surefire.booter.ForkedBooter.execute(ForkedBooter.java:126)
	at org.apache.maven.surefire.booter.ForkedBooter.main(ForkedBooter.java:418)
]]></failure>
    <system-out><![CDATA[2019-08-28 19:58:32,514 [main] WARN  server.ServerUtils (ServerUtils.java:getScmDbDir(155)) - ozone.scm.db.dirs is not configured. We recommend adding this setting. Falling back to ozone.metadata.dirs instead.
2019-08-28 19:58:32,656 [main] WARN  server.ServerUtils (ServerUtils.java:getScmDbDir(155)) - ozone.scm.db.dirs is not configured. We recommend adding this setting. Falling back to ozone.metadata.dirs instead.
2019-08-28 19:58:32,659 [main] WARN  server.ServerUtils (ServerUtils.java:getScmDbDir(155)) - ozone.scm.db.dirs is not configured. We recommend adding this setting. Falling back to ozone.metadata.dirs instead.
2019-08-28 19:58:32,679 [main] INFO  util.log (Log.java:initialized(192)) - Logging initialized @940ms
2019-08-28 19:58:32,781 [main] INFO  db.DBStoreBuilder (DBStoreBuilder.java:addTable(110)) - using custom profile for table: deletedBlocks
2019-08-28 19:58:32,781 [main] INFO  db.DBStoreBuilder (DBStoreBuilder.java:processTables(161)) - Using default column profile:DBProfile.DISK for Table:deletedBlocks
2019-08-28 19:58:32,782 [main] INFO  db.DBStoreBuilder (DBStoreBuilder.java:addTable(110)) - using custom profile for table: validCerts
2019-08-28 19:58:32,782 [main] INFO  db.DBStoreBuilder (DBStoreBuilder.java:processTables(161)) - Using default column profile:DBProfile.DISK for Table:validCerts
2019-08-28 19:58:32,782 [main] INFO  db.DBStoreBuilder (DBStoreBuilder.java:addTable(110)) - using custom profile for table: revokedCerts
2019-08-28 19:58:32,783 [main] INFO  db.DBStoreBuilder (DBStoreBuilder.java:processTables(161)) - Using default column profile:DBProfile.DISK for Table:revokedCerts
2019-08-28 19:58:32,800 [main] INFO  db.DBStoreBuilder (DBStoreBuilder.java:addTable(110)) - using custom profile for table: default
2019-08-28 19:58:32,801 [main] INFO  db.DBStoreBuilder (DBStoreBuilder.java:processTables(167)) - Using default column profile:DBProfile.DISK for Table:default
2019-08-28 19:58:32,802 [main] INFO  db.DBStoreBuilder (DBStoreBuilder.java:getDbProfile(198)) - Using default options. DBProfile.DISK
2019-08-28 19:58:33,153 [main] INFO  net.NodeSchemaLoader (NodeSchemaLoader.java:loadSchemaFromFile(125)) - Loading file from sun.misc.CompoundEnumeration@6eda5c9
2019-08-28 19:58:33,156 [main] INFO  net.NodeSchemaLoader (NodeSchemaLoader.java:loadSchema(171)) - Loading network topology layer schema file
2019-08-28 19:58:33,240 [main] INFO  node.SCMNodeManager (SCMNodeManager.java:<init>(121)) - Entering startup safe mode.
2019-08-28 19:58:33,314 [main] INFO  algorithms.ContainerPlacementPolicyFactory (ContainerPlacementPolicyFactory.java:getPolicy(55)) - Create container placement policy of type org.apache.hadoop.hdds.scm.container.placement.algorithms.SCMContainerPlacementRandom
2019-08-28 19:58:33,329 [main] WARN  server.ServerUtils (ServerUtils.java:getScmDbDir(155)) - ozone.scm.db.dirs is not configured. We recommend adding this setting. Falling back to ozone.metadata.dirs instead.
2019-08-28 19:58:33,493 [main] INFO  pipeline.SCMPipelineManager (SCMPipelineManager.java:initializePipelineState(126)) - No pipeline exists in current db
2019-08-28 19:58:33,498 [main] WARN  server.ServerUtils (ServerUtils.java:getScmDbDir(155)) - ozone.scm.db.dirs is not configured. We recommend adding this setting. Falling back to ozone.metadata.dirs instead.
2019-08-28 19:58:33,659 [main] WARN  events.EventQueue (EventQueue.java:fireEvent(175)) - No event handler registered for event TypedEvent{payloadType=SafeModeStatus, name='SafeModeStatus'}
2019-08-28 19:58:34,199 [main] INFO  ipc.CallQueueManager (CallQueueManager.java:<init>(84)) - Using callQueue: class java.util.concurrent.LinkedBlockingQueue, queueCapacity: 2000, scheduler: class org.apache.hadoop.ipc.DefaultRpcScheduler, ipcBackoff: false.
2019-08-28 19:58:34,470 [Socket Reader #1 for port 34750] INFO  ipc.Server (Server.java:run(1074)) - Starting Socket Reader #1 for port 34750
2019-08-28 19:58:34,503 [main] INFO  ipc.CallQueueManager (CallQueueManager.java:<init>(84)) - Using callQueue: class java.util.concurrent.LinkedBlockingQueue, queueCapacity: 2000, scheduler: class org.apache.hadoop.ipc.DefaultRpcScheduler, ipcBackoff: false.
2019-08-28 19:58:34,504 [Socket Reader #1 for port 41618] INFO  ipc.Server (Server.java:run(1074)) - Starting Socket Reader #1 for port 41618
2019-08-28 19:58:34,513 [main] INFO  ipc.CallQueueManager (CallQueueManager.java:<init>(84)) - Using callQueue: class java.util.concurrent.LinkedBlockingQueue, queueCapacity: 2000, scheduler: class org.apache.hadoop.ipc.DefaultRpcScheduler, ipcBackoff: false.
2019-08-28 19:58:34,514 [Socket Reader #1 for port 46449] INFO  ipc.Server (Server.java:run(1074)) - Starting Socket Reader #1 for port 46449
2019-08-28 19:58:34,536 [main] INFO  hdfs.DFSUtil (DFSUtil.java:httpServerTemplateForNNAndJN(1641)) - Starting Web-server for scm at: http://0.0.0.0:0
2019-08-28 19:58:34,675 [main] INFO  server.AuthenticationFilter (AuthenticationFilter.java:constructSecretProvider(240)) - Unable to initialize FileSignerSecretProvider, falling back to use random secrets.
2019-08-28 19:58:34,683 [main] WARN  http.HttpRequestLog (HttpRequestLog.java:getRequestLog(97)) - Jetty request log can only be enabled using Log4j
2019-08-28 19:58:34,692 [main] INFO  http.HttpServer2 (HttpServer2.java:addGlobalFilter(975)) - Added global filter 'safety' (class=org.apache.hadoop.http.HttpServer2$QuotingInputFilter)
2019-08-28 19:58:34,694 [main] INFO  http.HttpServer2 (HttpServer2.java:addFilter(948)) - Added filter static_user_filter (class=org.apache.hadoop.http.lib.StaticUserWebFilter$StaticUserFilter) to context scm
2019-08-28 19:58:34,695 [main] INFO  http.HttpServer2 (HttpServer2.java:addFilter(958)) - Added filter static_user_filter (class=org.apache.hadoop.http.lib.StaticUserWebFilter$StaticUserFilter) to context static
2019-08-28 19:58:34,695 [main] INFO  http.HttpServer2 (HttpServer2.java:addFilter(958)) - Added filter static_user_filter (class=org.apache.hadoop.http.lib.StaticUserWebFilter$StaticUserFilter) to context logs
2019-08-28 19:58:34,725 [main] INFO  server.StorageContainerManager (StorageContainerManager.java:start(759)) - StorageContainerLocationProtocol RPC server is listening at /0.0.0.0:46449
2019-08-28 19:58:34,787 [main] WARN  impl.MetricsConfig (MetricsConfig.java:loadFirst(134)) - Cannot locate configuration: tried hadoop-metrics2-storagecontainermanager.properties,hadoop-metrics2.properties
2019-08-28 19:58:34,799 [main] INFO  impl.MetricsSystemImpl (MetricsSystemImpl.java:startTimer(374)) - Scheduled Metric snapshot period at 10 second(s).
2019-08-28 19:58:34,799 [main] INFO  impl.MetricsSystemImpl (MetricsSystemImpl.java:start(191)) - StorageContainerManager metrics system started
2019-08-28 19:58:35,114 [main] INFO  server.SCMClientProtocolServer (SCMClientProtocolServer.java:start(151)) - RPC server for Client  is listening at /0.0.0.0:46449
2019-08-28 19:58:35,115 [IPC Server Responder] INFO  ipc.Server (Server.java:run(1314)) - IPC Server Responder: starting
2019-08-28 19:58:35,115 [IPC Server listener on 46449] INFO  ipc.Server (Server.java:run(1153)) - IPC Server listener on 46449: starting
2019-08-28 19:58:35,118 [main] INFO  server.StorageContainerManager (StorageContainerManager.java:start(769)) - ScmBlockLocationProtocol RPC server is listening at /127.0.0.1:41618
2019-08-28 19:58:35,118 [main] INFO  server.SCMBlockProtocolServer (SCMBlockProtocolServer.java:start(141)) - RPC server for Block Protocol is listening at /127.0.0.1:41618
2019-08-28 19:58:35,118 [IPC Server listener on 41618] INFO  ipc.Server (Server.java:run(1153)) - IPC Server listener on 41618: starting
2019-08-28 19:58:35,118 [IPC Server Responder] INFO  ipc.Server (Server.java:run(1314)) - IPC Server Responder: starting
2019-08-28 19:58:35,120 [main] INFO  server.StorageContainerManager (StorageContainerManager.java:start(773)) - ScmDatanodeProtocl RPC server is listening at /0.0.0.0:34750
2019-08-28 19:58:35,120 [main] INFO  server.SCMDatanodeProtocolServer (SCMDatanodeProtocolServer.java:start(191)) - RPC server for DataNodes is listening at /0.0.0.0:34750
2019-08-28 19:58:35,121 [IPC Server Responder] INFO  ipc.Server (Server.java:run(1314)) - IPC Server Responder: starting
2019-08-28 19:58:35,121 [IPC Server listener on 34750] INFO  ipc.Server (Server.java:run(1153)) - IPC Server listener on 34750: starting
2019-08-28 19:58:35,124 [main] INFO  http.HttpServer2 (HttpServer2.java:bindListener(1191)) - Jetty bound to port 35248
2019-08-28 19:58:35,126 [main] INFO  server.Server (Server.java:doStart(351)) - jetty-9.3.24.v20180605, build timestamp: 2018-06-05T17:11:56Z, git hash: 84205aa28f11a4f31f2a3b86d1bba2cc8ab69827
2019-08-28 19:58:35,166 [main] INFO  handler.ContextHandler (ContextHandler.java:doStart(781)) - Started o.e.j.s.ServletContextHandler@1a45193b{/logs,file:///workdir/hadoop-ozone/integration-test/target/log,AVAILABLE}
2019-08-28 19:58:35,167 [main] INFO  handler.ContextHandler (ContextHandler.java:doStart(781)) - Started o.e.j.s.ServletContextHandler@5286c33a{/static,file:///workdir/hadoop-ozone/integration-test/target/test-classes/webapps/static,AVAILABLE}
2019-08-28 19:58:35,203 [main] INFO  handler.ContextHandler (ContextHandler.java:doStart(781)) - Started o.e.j.w.WebAppContext@158d255c{/,file:///workdir/hadoop-ozone/integration-test/target/test-classes/webapps/scm/,AVAILABLE}{/scm}
2019-08-28 19:58:35,209 [main] INFO  server.AbstractConnector (AbstractConnector.java:doStart(278)) - Started ServerConnector@2ad3a1bb{HTTP/1.1,[http/1.1]}{0.0.0.0:35248}
2019-08-28 19:58:35,209 [main] INFO  server.Server (Server.java:doStart(419)) - Started @3470ms
2019-08-28 19:58:35,210 [main] INFO  server.BaseHttpServer (BaseHttpServer.java:updateConnectorAddress(226)) - HTTP server of SCM is listening at http://0.0.0.0:35248
2019-08-28 19:58:35,215 [org.apache.hadoop.util.JvmPauseMonitor$Monitor@42a9a63e] INFO  util.JvmPauseMonitor (JvmPauseMonitor.java:run(188)) - Starting JVM pause monitor
2019-08-28 19:58:35,218 [main] WARN  server.ServerUtils (ServerUtils.java:getDBPath(232)) - ozone.om.db.dirs is not configured. We recommend adding this setting. Falling back to ozone.metadata.dirs instead.
2019-08-28 19:58:35,334 [main] WARN  server.ServerUtils (ServerUtils.java:getDBPath(232)) - ozone.om.db.dirs is not configured. We recommend adding this setting. Falling back to ozone.metadata.dirs instead.
2019-08-28 19:58:35,335 [main] WARN  server.ServerUtils (ServerUtils.java:getDBPath(232)) - ozone.om.db.dirs is not configured. We recommend adding this setting. Falling back to ozone.metadata.dirs instead.
2019-08-28 19:58:35,336 [main] INFO  om.OzoneManager (OzoneManager.java:setOMNodeDetails(645)) - OM Service ID is not set. Setting it to the default ID: omServiceIdDefault
2019-08-28 19:58:35,336 [main] INFO  om.OzoneManager (OzoneManager.java:setOMNodeDetails(651)) - OM Node ID is not set. Setting it to the OmStorage's OmID: d4b6ebf8-37a4-4674-9690-061ea6102c1b
2019-08-28 19:58:35,337 [main] INFO  om.OzoneManager (OzoneManager.java:loadOMHAConfigs(602)) - Found matching OM address with OMServiceId: null, OMNodeId: null, RPC Address: localhost:0 and Ratis port: 9872
2019-08-28 19:58:35,608 | INFO  | SCMAudit | user=jenkins1000 | ip=127.0.0.1 | op=GET_SCM_INFO null | ret=SUCCESS |  
2019-08-28 19:58:36,111 [main] WARN  server.ServerUtils (ServerUtils.java:getDBPath(232)) - ozone.om.db.dirs is not configured. We recommend adding this setting. Falling back to ozone.metadata.dirs instead.
2019-08-28 19:58:36,123 [main] INFO  db.DBStoreBuilder (DBStoreBuilder.java:addTable(110)) - using custom profile for table: userTable
2019-08-28 19:58:36,123 [main] INFO  db.DBStoreBuilder (DBStoreBuilder.java:processTables(161)) - Using default column profile:DBProfile.DISK for Table:userTable
2019-08-28 19:58:36,124 [main] INFO  db.DBStoreBuilder (DBStoreBuilder.java:addTable(110)) - using custom profile for table: volumeTable
2019-08-28 19:58:36,124 [main] INFO  db.DBStoreBuilder (DBStoreBuilder.java:processTables(161)) - Using default column profile:DBProfile.DISK for Table:volumeTable
2019-08-28 19:58:36,124 [main] INFO  db.DBStoreBuilder (DBStoreBuilder.java:addTable(110)) - using custom profile for table: bucketTable
2019-08-28 19:58:36,125 [main] INFO  db.DBStoreBuilder (DBStoreBuilder.java:processTables(161)) - Using default column profile:DBProfile.DISK for Table:bucketTable
2019-08-28 19:58:36,125 [main] INFO  db.DBStoreBuilder (DBStoreBuilder.java:addTable(110)) - using custom profile for table: keyTable
2019-08-28 19:58:36,126 [main] INFO  db.DBStoreBuilder (DBStoreBuilder.java:processTables(161)) - Using default column profile:DBProfile.DISK for Table:keyTable
2019-08-28 19:58:36,126 [main] INFO  db.DBStoreBuilder (DBStoreBuilder.java:addTable(110)) - using custom profile for table: deletedTable
2019-08-28 19:58:36,126 [main] INFO  db.DBStoreBuilder (DBStoreBuilder.java:processTables(161)) - Using default column profile:DBProfile.DISK for Table:deletedTable
2019-08-28 19:58:36,127 [main] INFO  db.DBStoreBuilder (DBStoreBuilder.java:addTable(110)) - using custom profile for table: openKeyTable
2019-08-28 19:58:36,127 [main] INFO  db.DBStoreBuilder (DBStoreBuilder.java:processTables(161)) - Using default column profile:DBProfile.DISK for Table:openKeyTable
2019-08-28 19:58:36,127 [main] INFO  db.DBStoreBuilder (DBStoreBuilder.java:addTable(110)) - using custom profile for table: s3Table
2019-08-28 19:58:36,128 [main] INFO  db.DBStoreBuilder (DBStoreBuilder.java:processTables(161)) - Using default column profile:DBProfile.DISK for Table:s3Table
2019-08-28 19:58:36,128 [main] INFO  db.DBStoreBuilder (DBStoreBuilder.java:addTable(110)) - using custom profile for table: multipartInfoTable
2019-08-28 19:58:36,129 [main] INFO  db.DBStoreBuilder (DBStoreBuilder.java:processTables(161)) - Using default column profile:DBProfile.DISK for Table:multipartInfoTable
2019-08-28 19:58:36,129 [main] INFO  db.DBStoreBuilder (DBStoreBuilder.java:addTable(110)) - using custom profile for table: dTokenTable
2019-08-28 19:58:36,129 [main] INFO  db.DBStoreBuilder (DBStoreBuilder.java:processTables(161)) - Using default column profile:DBProfile.DISK for Table:dTokenTable
2019-08-28 19:58:36,130 [main] INFO  db.DBStoreBuilder (DBStoreBuilder.java:addTable(110)) - using custom profile for table: s3SecretTable
2019-08-28 19:58:36,130 [main] INFO  db.DBStoreBuilder (DBStoreBuilder.java:processTables(161)) - Using default column profile:DBProfile.DISK for Table:s3SecretTable
2019-08-28 19:58:36,131 [main] INFO  db.DBStoreBuilder (DBStoreBuilder.java:addTable(110)) - using custom profile for table: prefixTable
2019-08-28 19:58:36,131 [main] INFO  db.DBStoreBuilder (DBStoreBuilder.java:processTables(161)) - Using default column profile:DBProfile.DISK for Table:prefixTable
2019-08-28 19:58:36,132 [main] INFO  db.DBStoreBuilder (DBStoreBuilder.java:addTable(110)) - using custom profile for table: default
2019-08-28 19:58:36,132 [main] INFO  db.DBStoreBuilder (DBStoreBuilder.java:processTables(167)) - Using default column profile:DBProfile.DISK for Table:default
2019-08-28 19:58:36,132 [main] INFO  db.DBStoreBuilder (DBStoreBuilder.java:getDbProfile(198)) - Using default options. DBProfile.DISK
2019-08-28 19:58:36,756 [main] INFO  ipc.CallQueueManager (CallQueueManager.java:<init>(84)) - Using callQueue: class java.util.concurrent.LinkedBlockingQueue, queueCapacity: 2000, scheduler: class org.apache.hadoop.ipc.DefaultRpcScheduler, ipcBackoff: false.
2019-08-28 19:58:36,757 [Socket Reader #1 for port 32929] INFO  ipc.Server (Server.java:run(1074)) - Starting Socket Reader #1 for port 32929
2019-08-28 19:58:36,777 [main] INFO  om.OzoneManager (OzoneManager.java:start(1256)) - OzoneManager RPC server is listening at localhost/127.0.0.1:32929
2019-08-28 19:58:36,777 [main] INFO  impl.MetricsSystemImpl (MetricsSystemImpl.java:init(158)) - OzoneManager metrics system started (again)
2019-08-28 19:58:36,779 [IPC Server Responder] INFO  ipc.Server (Server.java:run(1314)) - IPC Server Responder: starting
2019-08-28 19:58:36,779 [IPC Server listener on 32929] INFO  ipc.Server (Server.java:run(1153)) - IPC Server listener on 32929: starting
2019-08-28 19:58:36,963 [main] INFO  hdfs.DFSUtil (DFSUtil.java:httpServerTemplateForNNAndJN(1641)) - Starting Web-server for ozoneManager at: http://0.0.0.0:0
2019-08-28 19:58:36,965 [main] INFO  server.AuthenticationFilter (AuthenticationFilter.java:constructSecretProvider(240)) - Unable to initialize FileSignerSecretProvider, falling back to use random secrets.
2019-08-28 19:58:36,966 [main] WARN  http.HttpRequestLog (HttpRequestLog.java:getRequestLog(97)) - Jetty request log can only be enabled using Log4j
2019-08-28 19:58:36,975 [main] INFO  http.HttpServer2 (HttpServer2.java:addGlobalFilter(975)) - Added global filter 'safety' (class=org.apache.hadoop.http.HttpServer2$QuotingInputFilter)
2019-08-28 19:58:36,977 [main] INFO  http.HttpServer2 (HttpServer2.java:addFilter(948)) - Added filter static_user_filter (class=org.apache.hadoop.http.lib.StaticUserWebFilter$StaticUserFilter) to context ozoneManager
2019-08-28 19:58:36,977 [main] INFO  http.HttpServer2 (HttpServer2.java:addFilter(958)) - Added filter static_user_filter (class=org.apache.hadoop.http.lib.StaticUserWebFilter$StaticUserFilter) to context logs
2019-08-28 19:58:36,977 [main] INFO  http.HttpServer2 (HttpServer2.java:addFilter(958)) - Added filter static_user_filter (class=org.apache.hadoop.http.lib.StaticUserWebFilter$StaticUserFilter) to context static
2019-08-28 19:58:36,980 [main] INFO  http.HttpServer2 (HttpServer2.java:bindListener(1191)) - Jetty bound to port 33806
2019-08-28 19:58:36,981 [main] INFO  server.Server (Server.java:doStart(351)) - jetty-9.3.24.v20180605, build timestamp: 2018-06-05T17:11:56Z, git hash: 84205aa28f11a4f31f2a3b86d1bba2cc8ab69827
2019-08-28 19:58:36,983 [main] INFO  handler.ContextHandler (ContextHandler.java:doStart(781)) - Started o.e.j.s.ServletContextHandler@1f443fae{/logs,file:///workdir/hadoop-ozone/integration-test/target/log,AVAILABLE}
2019-08-28 19:58:36,984 [main] INFO  handler.ContextHandler (ContextHandler.java:doStart(781)) - Started o.e.j.s.ServletContextHandler@79ab34c1{/static,file:///workdir/hadoop-ozone/integration-test/target/test-classes/webapps/static,AVAILABLE}
2019-08-28 19:58:36,991 [main] INFO  handler.ContextHandler (ContextHandler.java:doStart(781)) - Started o.e.j.w.WebAppContext@16a9a4f1{/,file:///workdir/hadoop-ozone/integration-test/target/test-classes/webapps/ozoneManager/,AVAILABLE}{/ozoneManager}
2019-08-28 19:58:36,993 [main] INFO  server.AbstractConnector (AbstractConnector.java:doStart(278)) - Started ServerConnector@1f1cae23{HTTP/1.1,[http/1.1]}{0.0.0.0:33806}
2019-08-28 19:58:36,994 [main] INFO  server.Server (Server.java:doStart(419)) - Started @5255ms
2019-08-28 19:58:36,995 [main] INFO  server.BaseHttpServer (BaseHttpServer.java:updateConnectorAddress(226)) - HTTP server of OZONEMANAGER is listening at http://0.0.0.0:33806
2019-08-28 19:58:37,173 [main] INFO  impl.MetricsSystemImpl (MetricsSystemImpl.java:init(158)) - HddsDatanode metrics system started (again)
2019-08-28 19:58:37,277 [main] INFO  ozone.HddsDatanodeService (HddsDatanodeService.java:start(190)) - HddsDatanodeService host:pr-hdds-1949-jn7bv-2990118995 ip:192.168.36.107
2019-08-28 19:58:37,308 [main] INFO  volume.HddsVolume (HddsVolume.java:<init>(176)) - Creating Volume: /workdir/hadoop-ozone/integration-test/target/test-dir/MiniOzoneClusterImpl-0a1989d7-c66c-4856-b49a-b1e0df50d07d/datanode-0/data/containers/hdds of  storage type : DISK and capacity : 1482555576320
2019-08-28 19:58:37,311 [main] INFO  volume.VolumeSet (VolumeSet.java:initializeVolumeSet(170)) - Added Volume : /workdir/hadoop-ozone/integration-test/target/test-dir/MiniOzoneClusterImpl-0a1989d7-c66c-4856-b49a-b1e0df50d07d/datanode-0/data/containers/hdds to VolumeSet
2019-08-28 19:58:37,314 [main] INFO  volume.ThrottledAsyncChecker (ThrottledAsyncChecker.java:schedule(140)) - Scheduling a check for org.apache.hadoop.ozone.container.common.volume.HddsVolume@3ac8cf9b
2019-08-28 19:58:37,331 [main] INFO  volume.HddsVolumeChecker (HddsVolumeChecker.java:checkAllVolumes(203)) - Scheduled health check for volume org.apache.hadoop.ozone.container.common.volume.HddsVolume@3ac8cf9b
2019-08-28 19:58:37,436 [main] INFO  impl.RaftServerProxy (ConfUtils.java:logGet(43)) - raft.rpc.type = GRPC (default)
2019-08-28 19:58:37,507 [main] INFO  grpc.GrpcFactory (GrpcFactory.java:checkPooledByteBufAllocatorUseCacheForAllThreads(45)) - PERFORMANCE WARNING: useCacheForAllThreads is true that may cause Netty to create a lot garbage objects and, as a result, trigger GC.
	It is recommended to disable useCacheForAllThreads by setting -Dorg.apache.ratis.thirdparty.io.netty.allocator.useCacheForAllThreads=false in command line.
2019-08-28 19:58:37,516 [main] INFO  grpc.GrpcConfigKeys$Server (ConfUtils.java:logGet(43)) - raft.grpc.server.port = 0 (default)
2019-08-28 19:58:37,517 [main] INFO  server.GrpcService (ConfUtils.java:logGet(43)) - raft.grpc.message.size.max = 33570816 (custom)
2019-08-28 19:58:37,520 [main] INFO  server.RaftServerConfigKeys (ConfUtils.java:logGet(43)) - raft.server.log.appender.buffer.byte-limit = 33554432 (custom)
2019-08-28 19:58:37,521 [main] INFO  server.GrpcService (ConfUtils.java:logGet(43)) - raft.grpc.flow.control.window = 1MB (=1048576) (default)
2019-08-28 19:58:37,523 [main] INFO  server.RaftServerConfigKeys (ConfUtils.java:logGet(43)) - raft.server.rpc.request.timeout = 3000ms (default)
2019-08-28 19:58:37,710 [main] INFO  server.RaftServerConfigKeys (ConfUtils.java:logGet(43)) - raft.server.storage.dir = [/workdir/hadoop-ozone/integration-test/target/test-dir/MiniOzoneClusterImpl-0a1989d7-c66c-4856-b49a-b1e0df50d07d/datanode-0/data/ratis] (custom)
2019-08-28 19:58:37,752 [main] INFO  replication.SimpleContainerDownloader (SimpleContainerDownloader.java:<init>(72)) - Starting container downloader service to copy containers to replicate.
2019-08-28 19:58:37,765 [main] INFO  hdfs.DFSUtil (DFSUtil.java:httpServerTemplateForNNAndJN(1641)) - Starting Web-server for hddsDatanode at: http://0.0.0.0:0
2019-08-28 19:58:37,769 [main] INFO  server.AuthenticationFilter (AuthenticationFilter.java:constructSecretProvider(240)) - Unable to initialize FileSignerSecretProvider, falling back to use random secrets.
2019-08-28 19:58:37,770 [main] WARN  http.HttpRequestLog (HttpRequestLog.java:getRequestLog(97)) - Jetty request log can only be enabled using Log4j
2019-08-28 19:58:37,773 [main] INFO  http.HttpServer2 (HttpServer2.java:addGlobalFilter(975)) - Added global filter 'safety' (class=org.apache.hadoop.http.HttpServer2$QuotingInputFilter)
2019-08-28 19:58:37,774 [main] INFO  http.HttpServer2 (HttpServer2.java:addFilter(948)) - Added filter static_user_filter (class=org.apache.hadoop.http.lib.StaticUserWebFilter$StaticUserFilter) to context hddsDatanode
2019-08-28 19:58:37,774 [main] INFO  http.HttpServer2 (HttpServer2.java:addFilter(958)) - Added filter static_user_filter (class=org.apache.hadoop.http.lib.StaticUserWebFilter$StaticUserFilter) to context logs
2019-08-28 19:58:37,774 [main] INFO  http.HttpServer2 (HttpServer2.java:addFilter(958)) - Added filter static_user_filter (class=org.apache.hadoop.http.lib.StaticUserWebFilter$StaticUserFilter) to context static
2019-08-28 19:58:37,776 [main] INFO  http.HttpServer2 (HttpServer2.java:bindListener(1191)) - Jetty bound to port 37249
2019-08-28 19:58:37,777 [main] INFO  server.Server (Server.java:doStart(351)) - jetty-9.3.24.v20180605, build timestamp: 2018-06-05T17:11:56Z, git hash: 84205aa28f11a4f31f2a3b86d1bba2cc8ab69827
2019-08-28 19:58:37,779 [main] INFO  handler.ContextHandler (ContextHandler.java:doStart(781)) - Started o.e.j.s.ServletContextHandler@671d1157{/logs,file:///workdir/hadoop-ozone/integration-test/target/log,AVAILABLE}
2019-08-28 19:58:37,780 [main] INFO  handler.ContextHandler (ContextHandler.java:doStart(781)) - Started o.e.j.s.ServletContextHandler@44cffc25{/static,jar:file:/home/user/.m2/repository/org/apache/hadoop/hadoop-hdds-container-service/0.5.0-SNAPSHOT/hadoop-hdds-container-service-0.5.0-SNAPSHOT.jar!/webapps/static,AVAILABLE}
2019-08-28 19:58:37,819 [main] INFO  handler.ContextHandler (ContextHandler.java:doStart(781)) - Started o.e.j.w.WebAppContext@76ad6715{/,file:///tmp/jetty-0.0.0.0-37249-hddsDatanode-_-any-1347046917588515066.dir/webapp/,AVAILABLE}{/hddsDatanode}
2019-08-28 19:58:37,821 [main] INFO  server.AbstractConnector (AbstractConnector.java:doStart(278)) - Started ServerConnector@56637cff{HTTP/1.1,[http/1.1]}{0.0.0.0:37249}
2019-08-28 19:58:37,821 [main] INFO  server.Server (Server.java:doStart(419)) - Started @6083ms
2019-08-28 19:58:37,822 [main] INFO  server.BaseHttpServer (BaseHttpServer.java:updateConnectorAddress(226)) - HTTP server of HDDSDATANODE is listening at http://0.0.0.0:37249
2019-08-28 19:58:37,824 [main] INFO  impl.MetricsSystemImpl (MetricsSystemImpl.java:init(158)) - HddsDatanode metrics system started (again)
2019-08-28 19:58:37,827 [main] INFO  ozone.HddsDatanodeService (HddsDatanodeService.java:start(190)) - HddsDatanodeService host:pr-hdds-1949-jn7bv-2990118995 ip:192.168.36.107
2019-08-28 19:58:37,828 [org.apache.hadoop.util.JvmPauseMonitor$Monitor@6c14b01c] INFO  util.JvmPauseMonitor (JvmPauseMonitor.java:run(188)) - Starting JVM pause monitor
2019-08-28 19:58:37,835 [main] INFO  volume.HddsVolume (HddsVolume.java:<init>(176)) - Creating Volume: /workdir/hadoop-ozone/integration-test/target/test-dir/MiniOzoneClusterImpl-0a1989d7-c66c-4856-b49a-b1e0df50d07d/datanode-1/data/containers/hdds of  storage type : DISK and capacity : 1482555576320
2019-08-28 19:58:37,836 [main] INFO  volume.VolumeSet (VolumeSet.java:initializeVolumeSet(170)) - Added Volume : /workdir/hadoop-ozone/integration-test/target/test-dir/MiniOzoneClusterImpl-0a1989d7-c66c-4856-b49a-b1e0df50d07d/datanode-1/data/containers/hdds to VolumeSet
2019-08-28 19:58:37,836 [main] INFO  volume.ThrottledAsyncChecker (ThrottledAsyncChecker.java:schedule(140)) - Scheduling a check for org.apache.hadoop.ozone.container.common.volume.HddsVolume@3a66e67e
2019-08-28 19:58:37,837 [main] INFO  volume.HddsVolumeChecker (HddsVolumeChecker.java:checkAllVolumes(203)) - Scheduled health check for volume org.apache.hadoop.ozone.container.common.volume.HddsVolume@3a66e67e
2019-08-28 19:58:37,851 [main] INFO  impl.RaftServerProxy (ConfUtils.java:logGet(43)) - raft.rpc.type = GRPC (default)
2019-08-28 19:58:37,851 [main] INFO  grpc.GrpcFactory (GrpcFactory.java:checkPooledByteBufAllocatorUseCacheForAllThreads(45)) - PERFORMANCE WARNING: useCacheForAllThreads is true that may cause Netty to create a lot garbage objects and, as a result, trigger GC.
	It is recommended to disable useCacheForAllThreads by setting -Dorg.apache.ratis.thirdparty.io.netty.allocator.useCacheForAllThreads=false in command line.
2019-08-28 19:58:37,851 [main] INFO  grpc.GrpcConfigKeys$Server (ConfUtils.java:logGet(43)) - raft.grpc.server.port = 0 (default)
2019-08-28 19:58:37,851 [main] INFO  server.GrpcService (ConfUtils.java:logGet(43)) - raft.grpc.message.size.max = 33570816 (custom)
2019-08-28 19:58:37,852 [main] INFO  server.RaftServerConfigKeys (ConfUtils.java:logGet(43)) - raft.server.log.appender.buffer.byte-limit = 33554432 (custom)
2019-08-28 19:58:37,852 [main] INFO  server.GrpcService (ConfUtils.java:logGet(43)) - raft.grpc.flow.control.window = 1MB (=1048576) (default)
2019-08-28 19:58:37,852 [main] INFO  server.RaftServerConfigKeys (ConfUtils.java:logGet(43)) - raft.server.rpc.request.timeout = 3000ms (default)
2019-08-28 19:58:37,853 [main] INFO  server.RaftServerConfigKeys (ConfUtils.java:logGet(43)) - raft.server.storage.dir = [/workdir/hadoop-ozone/integration-test/target/test-dir/MiniOzoneClusterImpl-0a1989d7-c66c-4856-b49a-b1e0df50d07d/datanode-1/data/ratis] (custom)
2019-08-28 19:58:37,853 [main] INFO  replication.SimpleContainerDownloader (SimpleContainerDownloader.java:<init>(72)) - Starting container downloader service to copy containers to replicate.
2019-08-28 19:58:37,855 [main] INFO  hdfs.DFSUtil (DFSUtil.java:httpServerTemplateForNNAndJN(1641)) - Starting Web-server for hddsDatanode at: http://0.0.0.0:0
2019-08-28 19:58:37,856 [main] INFO  server.AuthenticationFilter (AuthenticationFilter.java:constructSecretProvider(240)) - Unable to initialize FileSignerSecretProvider, falling back to use random secrets.
2019-08-28 19:58:37,857 [main] WARN  http.HttpRequestLog (HttpRequestLog.java:getRequestLog(97)) - Jetty request log can only be enabled using Log4j
2019-08-28 19:58:37,859 [main] INFO  http.HttpServer2 (HttpServer2.java:addGlobalFilter(975)) - Added global filter 'safety' (class=org.apache.hadoop.http.HttpServer2$QuotingInputFilter)
2019-08-28 19:58:37,859 [main] INFO  http.HttpServer2 (HttpServer2.java:addFilter(948)) - Added filter static_user_filter (class=org.apache.hadoop.http.lib.StaticUserWebFilter$StaticUserFilter) to context hddsDatanode
2019-08-28 19:58:37,860 [main] INFO  http.HttpServer2 (HttpServer2.java:addFilter(958)) - Added filter static_user_filter (class=org.apache.hadoop.http.lib.StaticUserWebFilter$StaticUserFilter) to context logs
2019-08-28 19:58:37,860 [main] INFO  http.HttpServer2 (HttpServer2.java:addFilter(958)) - Added filter static_user_filter (class=org.apache.hadoop.http.lib.StaticUserWebFilter$StaticUserFilter) to context static
2019-08-28 19:58:37,860 [main] INFO  http.HttpServer2 (HttpServer2.java:bindListener(1191)) - Jetty bound to port 37007
2019-08-28 19:58:37,861 [main] INFO  server.Server (Server.java:doStart(351)) - jetty-9.3.24.v20180605, build timestamp: 2018-06-05T17:11:56Z, git hash: 84205aa28f11a4f31f2a3b86d1bba2cc8ab69827
2019-08-28 19:58:37,865 [main] INFO  handler.ContextHandler (ContextHandler.java:doStart(781)) - Started o.e.j.s.ServletContextHandler@3d96fa9e{/logs,file:///workdir/hadoop-ozone/integration-test/target/log,AVAILABLE}
2019-08-28 19:58:37,865 [main] INFO  handler.ContextHandler (ContextHandler.java:doStart(781)) - Started o.e.j.s.ServletContextHandler@77bb48d5{/static,jar:file:/home/user/.m2/repository/org/apache/hadoop/hadoop-hdds-container-service/0.5.0-SNAPSHOT/hadoop-hdds-container-service-0.5.0-SNAPSHOT.jar!/webapps/static,AVAILABLE}
2019-08-28 19:58:37,894 [main] INFO  handler.ContextHandler (ContextHandler.java:doStart(781)) - Started o.e.j.w.WebAppContext@2dc3271b{/,file:///tmp/jetty-0.0.0.0-37007-hddsDatanode-_-any-4268580687125481996.dir/webapp/,AVAILABLE}{/hddsDatanode}
2019-08-28 19:58:37,895 [main] INFO  server.AbstractConnector (AbstractConnector.java:doStart(278)) - Started ServerConnector@254f906e{HTTP/1.1,[http/1.1]}{0.0.0.0:37007}
2019-08-28 19:58:37,896 [main] INFO  server.Server (Server.java:doStart(419)) - Started @6157ms
2019-08-28 19:58:37,897 [main] INFO  server.BaseHttpServer (BaseHttpServer.java:updateConnectorAddress(226)) - HTTP server of HDDSDATANODE is listening at http://0.0.0.0:37007
2019-08-28 19:58:37,898 [main] INFO  impl.MetricsSystemImpl (MetricsSystemImpl.java:init(158)) - HddsDatanode metrics system started (again)
2019-08-28 19:58:37,900 [org.apache.hadoop.util.JvmPauseMonitor$Monitor@7c08fcc3] INFO  util.JvmPauseMonitor (JvmPauseMonitor.java:run(188)) - Starting JVM pause monitor
2019-08-28 19:58:37,902 [main] INFO  ozone.HddsDatanodeService (HddsDatanodeService.java:start(190)) - HddsDatanodeService host:pr-hdds-1949-jn7bv-2990118995 ip:192.168.36.107
2019-08-28 19:58:37,910 [main] INFO  volume.HddsVolume (HddsVolume.java:<init>(176)) - Creating Volume: /workdir/hadoop-ozone/integration-test/target/test-dir/MiniOzoneClusterImpl-0a1989d7-c66c-4856-b49a-b1e0df50d07d/datanode-2/data/containers/hdds of  storage type : DISK and capacity : 1482555576320
2019-08-28 19:58:37,911 [main] INFO  volume.VolumeSet (VolumeSet.java:initializeVolumeSet(170)) - Added Volume : /workdir/hadoop-ozone/integration-test/target/test-dir/MiniOzoneClusterImpl-0a1989d7-c66c-4856-b49a-b1e0df50d07d/datanode-2/data/containers/hdds to VolumeSet
2019-08-28 19:58:37,911 [main] INFO  volume.ThrottledAsyncChecker (ThrottledAsyncChecker.java:schedule(140)) - Scheduling a check for org.apache.hadoop.ozone.container.common.volume.HddsVolume@38b8b6c0
2019-08-28 19:58:37,912 [main] INFO  volume.HddsVolumeChecker (HddsVolumeChecker.java:checkAllVolumes(203)) - Scheduled health check for volume org.apache.hadoop.ozone.container.common.volume.HddsVolume@38b8b6c0
2019-08-28 19:58:37,933 [main] INFO  impl.RaftServerProxy (ConfUtils.java:logGet(43)) - raft.rpc.type = GRPC (default)
2019-08-28 19:58:37,933 [main] INFO  grpc.GrpcFactory (GrpcFactory.java:checkPooledByteBufAllocatorUseCacheForAllThreads(45)) - PERFORMANCE WARNING: useCacheForAllThreads is true that may cause Netty to create a lot garbage objects and, as a result, trigger GC.
	It is recommended to disable useCacheForAllThreads by setting -Dorg.apache.ratis.thirdparty.io.netty.allocator.useCacheForAllThreads=false in command line.
2019-08-28 19:58:37,934 [main] INFO  grpc.GrpcConfigKeys$Server (ConfUtils.java:logGet(43)) - raft.grpc.server.port = 0 (default)
2019-08-28 19:58:37,934 [main] INFO  server.GrpcService (ConfUtils.java:logGet(43)) - raft.grpc.message.size.max = 33570816 (custom)
2019-08-28 19:58:37,934 [main] INFO  server.RaftServerConfigKeys (ConfUtils.java:logGet(43)) - raft.server.log.appender.buffer.byte-limit = 33554432 (custom)
2019-08-28 19:58:37,935 [main] INFO  server.GrpcService (ConfUtils.java:logGet(43)) - raft.grpc.flow.control.window = 1MB (=1048576) (default)
2019-08-28 19:58:37,935 [main] INFO  server.RaftServerConfigKeys (ConfUtils.java:logGet(43)) - raft.server.rpc.request.timeout = 3000ms (default)
2019-08-28 19:58:37,936 [main] INFO  server.RaftServerConfigKeys (ConfUtils.java:logGet(43)) - raft.server.storage.dir = [/workdir/hadoop-ozone/integration-test/target/test-dir/MiniOzoneClusterImpl-0a1989d7-c66c-4856-b49a-b1e0df50d07d/datanode-2/data/ratis] (custom)
2019-08-28 19:58:37,937 [main] INFO  replication.SimpleContainerDownloader (SimpleContainerDownloader.java:<init>(72)) - Starting container downloader service to copy containers to replicate.
2019-08-28 19:58:37,939 [main] INFO  hdfs.DFSUtil (DFSUtil.java:httpServerTemplateForNNAndJN(1641)) - Starting Web-server for hddsDatanode at: http://0.0.0.0:0
2019-08-28 19:58:37,941 [main] INFO  server.AuthenticationFilter (AuthenticationFilter.java:constructSecretProvider(240)) - Unable to initialize FileSignerSecretProvider, falling back to use random secrets.
2019-08-28 19:58:37,941 [main] WARN  http.HttpRequestLog (HttpRequestLog.java:getRequestLog(97)) - Jetty request log can only be enabled using Log4j
2019-08-28 19:58:37,943 [main] INFO  http.HttpServer2 (HttpServer2.java:addGlobalFilter(975)) - Added global filter 'safety' (class=org.apache.hadoop.http.HttpServer2$QuotingInputFilter)
2019-08-28 19:58:37,944 [main] INFO  http.HttpServer2 (HttpServer2.java:addFilter(948)) - Added filter static_user_filter (class=org.apache.hadoop.http.lib.StaticUserWebFilter$StaticUserFilter) to context hddsDatanode
2019-08-28 19:58:37,945 [main] INFO  http.HttpServer2 (HttpServer2.java:addFilter(958)) - Added filter static_user_filter (class=org.apache.hadoop.http.lib.StaticUserWebFilter$StaticUserFilter) to context static
2019-08-28 19:58:37,945 [main] INFO  http.HttpServer2 (HttpServer2.java:addFilter(958)) - Added filter static_user_filter (class=org.apache.hadoop.http.lib.StaticUserWebFilter$StaticUserFilter) to context logs
2019-08-28 19:58:37,946 [main] INFO  http.HttpServer2 (HttpServer2.java:bindListener(1191)) - Jetty bound to port 37885
2019-08-28 19:58:37,946 [main] INFO  server.Server (Server.java:doStart(351)) - jetty-9.3.24.v20180605, build timestamp: 2018-06-05T17:11:56Z, git hash: 84205aa28f11a4f31f2a3b86d1bba2cc8ab69827
2019-08-28 19:58:37,948 [main] INFO  handler.ContextHandler (ContextHandler.java:doStart(781)) - Started o.e.j.s.ServletContextHandler@574a89e2{/logs,file:///workdir/hadoop-ozone/integration-test/target/log,AVAILABLE}
2019-08-28 19:58:37,949 [main] INFO  handler.ContextHandler (ContextHandler.java:doStart(781)) - Started o.e.j.s.ServletContextHandler@3dd31157{/static,jar:file:/home/user/.m2/repository/org/apache/hadoop/hadoop-hdds-container-service/0.5.0-SNAPSHOT/hadoop-hdds-container-service-0.5.0-SNAPSHOT.jar!/webapps/static,AVAILABLE}
2019-08-28 19:58:37,969 [Datanode State Machine Thread - 0] INFO  datanode.InitDatanodeState (InitDatanodeState.java:persistContainerDatanodeDetails(140)) - DatanodeDetails is persisted to /workdir/hadoop-ozone/integration-test/target/test-dir/MiniOzoneClusterImpl-0a1989d7-c66c-4856-b49a-b1e0df50d07d/datanode-0/meta/datanode.id
2019-08-28 19:58:37,973 [Datanode State Machine Thread - 0] INFO  datanode.InitDatanodeState (InitDatanodeState.java:persistContainerDatanodeDetails(140)) - DatanodeDetails is persisted to /workdir/hadoop-ozone/integration-test/target/test-dir/MiniOzoneClusterImpl-0a1989d7-c66c-4856-b49a-b1e0df50d07d/datanode-1/meta/datanode.id
2019-08-28 19:58:37,986 [main] INFO  handler.ContextHandler (ContextHandler.java:doStart(781)) - Started o.e.j.w.WebAppContext@984169e{/,file:///tmp/jetty-0.0.0.0-37885-hddsDatanode-_-any-4174774606698494135.dir/webapp/,AVAILABLE}{/hddsDatanode}
2019-08-28 19:58:37,987 [main] INFO  server.AbstractConnector (AbstractConnector.java:doStart(278)) - Started ServerConnector@43f1bb92{HTTP/1.1,[http/1.1]}{0.0.0.0:37885}
2019-08-28 19:58:37,989 [main] INFO  server.Server (Server.java:doStart(419)) - Started @6250ms
2019-08-28 19:58:37,989 [main] INFO  server.BaseHttpServer (BaseHttpServer.java:updateConnectorAddress(226)) - HTTP server of HDDSDATANODE is listening at http://0.0.0.0:37885
2019-08-28 19:58:37,990 [main] INFO  impl.MetricsSystemImpl (MetricsSystemImpl.java:init(158)) - HddsDatanode metrics system started (again)
2019-08-28 19:58:37,993 [org.apache.hadoop.util.JvmPauseMonitor$Monitor@756cd3c6] INFO  util.JvmPauseMonitor (JvmPauseMonitor.java:run(188)) - Starting JVM pause monitor
2019-08-28 19:58:37,993 [main] INFO  ozone.HddsDatanodeService (HddsDatanodeService.java:start(190)) - HddsDatanodeService host:pr-hdds-1949-jn7bv-2990118995 ip:192.168.36.107
2019-08-28 19:58:37,995 [Datanode State Machine Thread - 0] INFO  datanode.InitDatanodeState (InitDatanodeState.java:persistContainerDatanodeDetails(140)) - DatanodeDetails is persisted to /workdir/hadoop-ozone/integration-test/target/test-dir/MiniOzoneClusterImpl-0a1989d7-c66c-4856-b49a-b1e0df50d07d/datanode-2/meta/datanode.id
2019-08-28 19:58:38,000 [main] INFO  volume.HddsVolume (HddsVolume.java:<init>(176)) - Creating Volume: /workdir/hadoop-ozone/integration-test/target/test-dir/MiniOzoneClusterImpl-0a1989d7-c66c-4856-b49a-b1e0df50d07d/datanode-3/data/containers/hdds of  storage type : DISK and capacity : 1482555576320
2019-08-28 19:58:38,001 [main] INFO  volume.VolumeSet (VolumeSet.java:initializeVolumeSet(170)) - Added Volume : /workdir/hadoop-ozone/integration-test/target/test-dir/MiniOzoneClusterImpl-0a1989d7-c66c-4856-b49a-b1e0df50d07d/datanode-3/data/containers/hdds to VolumeSet
2019-08-28 19:58:38,001 [main] INFO  volume.ThrottledAsyncChecker (ThrottledAsyncChecker.java:schedule(140)) - Scheduling a check for org.apache.hadoop.ozone.container.common.volume.HddsVolume@1afd72ef
2019-08-28 19:58:38,002 [main] INFO  volume.HddsVolumeChecker (HddsVolumeChecker.java:checkAllVolumes(203)) - Scheduled health check for volume org.apache.hadoop.ozone.container.common.volume.HddsVolume@1afd72ef
2019-08-28 19:58:38,018 [main] INFO  impl.RaftServerProxy (ConfUtils.java:logGet(43)) - raft.rpc.type = GRPC (default)
2019-08-28 19:58:38,018 [main] INFO  grpc.GrpcFactory (GrpcFactory.java:checkPooledByteBufAllocatorUseCacheForAllThreads(45)) - PERFORMANCE WARNING: useCacheForAllThreads is true that may cause Netty to create a lot garbage objects and, as a result, trigger GC.
	It is recommended to disable useCacheForAllThreads by setting -Dorg.apache.ratis.thirdparty.io.netty.allocator.useCacheForAllThreads=false in command line.
2019-08-28 19:58:38,018 [main] INFO  grpc.GrpcConfigKeys$Server (ConfUtils.java:logGet(43)) - raft.grpc.server.port = 0 (default)
2019-08-28 19:58:38,019 [main] INFO  server.GrpcService (ConfUtils.java:logGet(43)) - raft.grpc.message.size.max = 33570816 (custom)
2019-08-28 19:58:38,019 [main] INFO  server.RaftServerConfigKeys (ConfUtils.java:logGet(43)) - raft.server.log.appender.buffer.byte-limit = 33554432 (custom)
2019-08-28 19:58:38,019 [main] INFO  server.GrpcService (ConfUtils.java:logGet(43)) - raft.grpc.flow.control.window = 1MB (=1048576) (default)
2019-08-28 19:58:38,020 [main] INFO  server.RaftServerConfigKeys (ConfUtils.java:logGet(43)) - raft.server.rpc.request.timeout = 3000ms (default)
2019-08-28 19:58:38,020 [main] INFO  server.RaftServerConfigKeys (ConfUtils.java:logGet(43)) - raft.server.storage.dir = [/workdir/hadoop-ozone/integration-test/target/test-dir/MiniOzoneClusterImpl-0a1989d7-c66c-4856-b49a-b1e0df50d07d/datanode-3/data/ratis] (custom)
2019-08-28 19:58:38,021 [main] INFO  replication.SimpleContainerDownloader (SimpleContainerDownloader.java:<init>(72)) - Starting container downloader service to copy containers to replicate.
2019-08-28 19:58:38,023 [main] INFO  hdfs.DFSUtil (DFSUtil.java:httpServerTemplateForNNAndJN(1641)) - Starting Web-server for hddsDatanode at: http://0.0.0.0:0
2019-08-28 19:58:38,024 [main] INFO  server.AuthenticationFilter (AuthenticationFilter.java:constructSecretProvider(240)) - Unable to initialize FileSignerSecretProvider, falling back to use random secrets.
2019-08-28 19:58:38,025 [main] WARN  http.HttpRequestLog (HttpRequestLog.java:getRequestLog(97)) - Jetty request log can only be enabled using Log4j
2019-08-28 19:58:38,026 [main] INFO  http.HttpServer2 (HttpServer2.java:addGlobalFilter(975)) - Added global filter 'safety' (class=org.apache.hadoop.http.HttpServer2$QuotingInputFilter)
2019-08-28 19:58:38,027 [main] INFO  http.HttpServer2 (HttpServer2.java:addFilter(948)) - Added filter static_user_filter (class=org.apache.hadoop.http.lib.StaticUserWebFilter$StaticUserFilter) to context hddsDatanode
2019-08-28 19:58:38,027 [main] INFO  http.HttpServer2 (HttpServer2.java:addFilter(958)) - Added filter static_user_filter (class=org.apache.hadoop.http.lib.StaticUserWebFilter$StaticUserFilter) to context static
2019-08-28 19:58:38,027 [main] INFO  http.HttpServer2 (HttpServer2.java:addFilter(958)) - Added filter static_user_filter (class=org.apache.hadoop.http.lib.StaticUserWebFilter$StaticUserFilter) to context logs
2019-08-28 19:58:38,028 [main] INFO  http.HttpServer2 (HttpServer2.java:bindListener(1191)) - Jetty bound to port 33275
2019-08-28 19:58:38,028 [main] INFO  server.Server (Server.java:doStart(351)) - jetty-9.3.24.v20180605, build timestamp: 2018-06-05T17:11:56Z, git hash: 84205aa28f11a4f31f2a3b86d1bba2cc8ab69827
2019-08-28 19:58:38,032 [main] INFO  handler.ContextHandler (ContextHandler.java:doStart(781)) - Started o.e.j.s.ServletContextHandler@7fb66650{/logs,file:///workdir/hadoop-ozone/integration-test/target/log,AVAILABLE}
2019-08-28 19:58:38,032 [main] INFO  handler.ContextHandler (ContextHandler.java:doStart(781)) - Started o.e.j.s.ServletContextHandler@2a869a16{/static,jar:file:/home/user/.m2/repository/org/apache/hadoop/hadoop-hdds-container-service/0.5.0-SNAPSHOT/hadoop-hdds-container-service-0.5.0-SNAPSHOT.jar!/webapps/static,AVAILABLE}
2019-08-28 19:58:38,061 [main] INFO  handler.ContextHandler (ContextHandler.java:doStart(781)) - Started o.e.j.w.WebAppContext@57f9b467{/,file:///tmp/jetty-0.0.0.0-33275-hddsDatanode-_-any-6009453802806909596.dir/webapp/,AVAILABLE}{/hddsDatanode}
2019-08-28 19:58:38,062 [main] INFO  server.AbstractConnector (AbstractConnector.java:doStart(278)) - Started ServerConnector@6d5c2745{HTTP/1.1,[http/1.1]}{0.0.0.0:33275}
2019-08-28 19:58:38,063 [main] INFO  server.Server (Server.java:doStart(419)) - Started @6324ms
2019-08-28 19:58:38,064 [main] INFO  server.BaseHttpServer (BaseHttpServer.java:updateConnectorAddress(226)) - HTTP server of HDDSDATANODE is listening at http://0.0.0.0:33275
2019-08-28 19:58:38,065 [main] INFO  impl.MetricsSystemImpl (MetricsSystemImpl.java:init(158)) - HddsDatanode metrics system started (again)
2019-08-28 19:58:38,068 [org.apache.hadoop.util.JvmPauseMonitor$Monitor@6567f2d7] INFO  util.JvmPauseMonitor (JvmPauseMonitor.java:run(188)) - Starting JVM pause monitor
2019-08-28 19:58:38,068 [main] INFO  ozone.HddsDatanodeService (HddsDatanodeService.java:start(190)) - HddsDatanodeService host:pr-hdds-1949-jn7bv-2990118995 ip:192.168.36.107
2019-08-28 19:58:38,070 [Datanode State Machine Thread - 0] INFO  datanode.InitDatanodeState (InitDatanodeState.java:persistContainerDatanodeDetails(140)) - DatanodeDetails is persisted to /workdir/hadoop-ozone/integration-test/target/test-dir/MiniOzoneClusterImpl-0a1989d7-c66c-4856-b49a-b1e0df50d07d/datanode-3/meta/datanode.id
2019-08-28 19:58:38,075 [main] INFO  volume.HddsVolume (HddsVolume.java:<init>(176)) - Creating Volume: /workdir/hadoop-ozone/integration-test/target/test-dir/MiniOzoneClusterImpl-0a1989d7-c66c-4856-b49a-b1e0df50d07d/datanode-4/data/containers/hdds of  storage type : DISK and capacity : 1482555576320
2019-08-28 19:58:38,076 [main] INFO  volume.VolumeSet (VolumeSet.java:initializeVolumeSet(170)) - Added Volume : /workdir/hadoop-ozone/integration-test/target/test-dir/MiniOzoneClusterImpl-0a1989d7-c66c-4856-b49a-b1e0df50d07d/datanode-4/data/containers/hdds to VolumeSet
2019-08-28 19:58:38,076 [main] INFO  volume.ThrottledAsyncChecker (ThrottledAsyncChecker.java:schedule(140)) - Scheduling a check for org.apache.hadoop.ozone.container.common.volume.HddsVolume@4cc36c19
2019-08-28 19:58:38,077 [main] INFO  volume.HddsVolumeChecker (HddsVolumeChecker.java:checkAllVolumes(203)) - Scheduled health check for volume org.apache.hadoop.ozone.container.common.volume.HddsVolume@4cc36c19
2019-08-28 19:58:38,092 [main] INFO  impl.RaftServerProxy (ConfUtils.java:logGet(43)) - raft.rpc.type = GRPC (default)
2019-08-28 19:58:38,092 [main] INFO  grpc.GrpcFactory (GrpcFactory.java:checkPooledByteBufAllocatorUseCacheForAllThreads(45)) - PERFORMANCE WARNING: useCacheForAllThreads is true that may cause Netty to create a lot garbage objects and, as a result, trigger GC.
	It is recommended to disable useCacheForAllThreads by setting -Dorg.apache.ratis.thirdparty.io.netty.allocator.useCacheForAllThreads=false in command line.
2019-08-28 19:58:38,092 [main] INFO  grpc.GrpcConfigKeys$Server (ConfUtils.java:logGet(43)) - raft.grpc.server.port = 0 (default)
2019-08-28 19:58:38,093 [main] INFO  server.GrpcService (ConfUtils.java:logGet(43)) - raft.grpc.message.size.max = 33570816 (custom)
2019-08-28 19:58:38,093 [main] INFO  server.RaftServerConfigKeys (ConfUtils.java:logGet(43)) - raft.server.log.appender.buffer.byte-limit = 33554432 (custom)
2019-08-28 19:58:38,093 [main] INFO  server.GrpcService (ConfUtils.java:logGet(43)) - raft.grpc.flow.control.window = 1MB (=1048576) (default)
2019-08-28 19:58:38,093 [main] INFO  server.RaftServerConfigKeys (ConfUtils.java:logGet(43)) - raft.server.rpc.request.timeout = 3000ms (default)
2019-08-28 19:58:38,094 [main] INFO  server.RaftServerConfigKeys (ConfUtils.java:logGet(43)) - raft.server.storage.dir = [/workdir/hadoop-ozone/integration-test/target/test-dir/MiniOzoneClusterImpl-0a1989d7-c66c-4856-b49a-b1e0df50d07d/datanode-4/data/ratis] (custom)
2019-08-28 19:58:38,094 [main] INFO  replication.SimpleContainerDownloader (SimpleContainerDownloader.java:<init>(72)) - Starting container downloader service to copy containers to replicate.
2019-08-28 19:58:38,095 [main] INFO  hdfs.DFSUtil (DFSUtil.java:httpServerTemplateForNNAndJN(1641)) - Starting Web-server for hddsDatanode at: http://0.0.0.0:0
2019-08-28 19:58:38,097 [main] INFO  server.AuthenticationFilter (AuthenticationFilter.java:constructSecretProvider(240)) - Unable to initialize FileSignerSecretProvider, falling back to use random secrets.
2019-08-28 19:58:38,097 [main] WARN  http.HttpRequestLog (HttpRequestLog.java:getRequestLog(97)) - Jetty request log can only be enabled using Log4j
2019-08-28 19:58:38,099 [main] INFO  http.HttpServer2 (HttpServer2.java:addGlobalFilter(975)) - Added global filter 'safety' (class=org.apache.hadoop.http.HttpServer2$QuotingInputFilter)
2019-08-28 19:58:38,100 [main] INFO  http.HttpServer2 (HttpServer2.java:addFilter(948)) - Added filter static_user_filter (class=org.apache.hadoop.http.lib.StaticUserWebFilter$StaticUserFilter) to context hddsDatanode
2019-08-28 19:58:38,100 [main] INFO  http.HttpServer2 (HttpServer2.java:addFilter(958)) - Added filter static_user_filter (class=org.apache.hadoop.http.lib.StaticUserWebFilter$StaticUserFilter) to context logs
2019-08-28 19:58:38,100 [main] INFO  http.HttpServer2 (HttpServer2.java:addFilter(958)) - Added filter static_user_filter (class=org.apache.hadoop.http.lib.StaticUserWebFilter$StaticUserFilter) to context static
2019-08-28 19:58:38,101 [main] INFO  http.HttpServer2 (HttpServer2.java:bindListener(1191)) - Jetty bound to port 39280
2019-08-28 19:58:38,101 [main] INFO  server.Server (Server.java:doStart(351)) - jetty-9.3.24.v20180605, build timestamp: 2018-06-05T17:11:56Z, git hash: 84205aa28f11a4f31f2a3b86d1bba2cc8ab69827
2019-08-28 19:58:38,103 [main] INFO  handler.ContextHandler (ContextHandler.java:doStart(781)) - Started o.e.j.s.ServletContextHandler@51ec2856{/logs,file:///workdir/hadoop-ozone/integration-test/target/log,AVAILABLE}
2019-08-28 19:58:38,103 [main] INFO  handler.ContextHandler (ContextHandler.java:doStart(781)) - Started o.e.j.s.ServletContextHandler@1caa9eb6{/static,jar:file:/home/user/.m2/repository/org/apache/hadoop/hadoop-hdds-container-service/0.5.0-SNAPSHOT/hadoop-hdds-container-service-0.5.0-SNAPSHOT.jar!/webapps/static,AVAILABLE}
2019-08-28 19:58:38,132 [main] INFO  handler.ContextHandler (ContextHandler.java:doStart(781)) - Started o.e.j.w.WebAppContext@6192a5d5{/,file:///tmp/jetty-0.0.0.0-39280-hddsDatanode-_-any-8491056833967527578.dir/webapp/,AVAILABLE}{/hddsDatanode}
2019-08-28 19:58:38,134 [main] INFO  server.AbstractConnector (AbstractConnector.java:doStart(278)) - Started ServerConnector@3722c145{HTTP/1.1,[http/1.1]}{0.0.0.0:39280}
2019-08-28 19:58:38,136 [main] INFO  server.Server (Server.java:doStart(419)) - Started @6397ms
2019-08-28 19:58:38,137 [main] INFO  server.BaseHttpServer (BaseHttpServer.java:updateConnectorAddress(226)) - HTTP server of HDDSDATANODE is listening at http://0.0.0.0:39280
2019-08-28 19:58:38,137 [main] INFO  impl.MetricsSystemImpl (MetricsSystemImpl.java:init(158)) - HddsDatanode metrics system started (again)
2019-08-28 19:58:38,139 [org.apache.hadoop.util.JvmPauseMonitor$Monitor@6cdf47c3] INFO  util.JvmPauseMonitor (JvmPauseMonitor.java:run(188)) - Starting JVM pause monitor
2019-08-28 19:58:38,141 [main] INFO  ozone.HddsDatanodeService (HddsDatanodeService.java:start(190)) - HddsDatanodeService host:pr-hdds-1949-jn7bv-2990118995 ip:192.168.36.107
2019-08-28 19:58:38,142 [Datanode State Machine Thread - 0] INFO  datanode.InitDatanodeState (InitDatanodeState.java:persistContainerDatanodeDetails(140)) - DatanodeDetails is persisted to /workdir/hadoop-ozone/integration-test/target/test-dir/MiniOzoneClusterImpl-0a1989d7-c66c-4856-b49a-b1e0df50d07d/datanode-4/meta/datanode.id
2019-08-28 19:58:38,147 [main] INFO  volume.HddsVolume (HddsVolume.java:<init>(176)) - Creating Volume: /workdir/hadoop-ozone/integration-test/target/test-dir/MiniOzoneClusterImpl-0a1989d7-c66c-4856-b49a-b1e0df50d07d/datanode-5/data/containers/hdds of  storage type : DISK and capacity : 1482555576320
2019-08-28 19:58:38,148 [main] INFO  volume.VolumeSet (VolumeSet.java:initializeVolumeSet(170)) - Added Volume : /workdir/hadoop-ozone/integration-test/target/test-dir/MiniOzoneClusterImpl-0a1989d7-c66c-4856-b49a-b1e0df50d07d/datanode-5/data/containers/hdds to VolumeSet
2019-08-28 19:58:38,148 [main] INFO  volume.ThrottledAsyncChecker (ThrottledAsyncChecker.java:schedule(140)) - Scheduling a check for org.apache.hadoop.ozone.container.common.volume.HddsVolume@480ad82c
2019-08-28 19:58:38,148 [main] INFO  volume.HddsVolumeChecker (HddsVolumeChecker.java:checkAllVolumes(203)) - Scheduled health check for volume org.apache.hadoop.ozone.container.common.volume.HddsVolume@480ad82c
2019-08-28 19:58:38,164 [main] INFO  impl.RaftServerProxy (ConfUtils.java:logGet(43)) - raft.rpc.type = GRPC (default)
2019-08-28 19:58:38,165 [main] INFO  grpc.GrpcFactory (GrpcFactory.java:checkPooledByteBufAllocatorUseCacheForAllThreads(45)) - PERFORMANCE WARNING: useCacheForAllThreads is true that may cause Netty to create a lot garbage objects and, as a result, trigger GC.
	It is recommended to disable useCacheForAllThreads by setting -Dorg.apache.ratis.thirdparty.io.netty.allocator.useCacheForAllThreads=false in command line.
2019-08-28 19:58:38,165 [main] INFO  grpc.GrpcConfigKeys$Server (ConfUtils.java:logGet(43)) - raft.grpc.server.port = 0 (default)
2019-08-28 19:58:38,165 [main] INFO  server.GrpcService (ConfUtils.java:logGet(43)) - raft.grpc.message.size.max = 33570816 (custom)
2019-08-28 19:58:38,165 [main] INFO  server.RaftServerConfigKeys (ConfUtils.java:logGet(43)) - raft.server.log.appender.buffer.byte-limit = 33554432 (custom)
2019-08-28 19:58:38,165 [main] INFO  server.GrpcService (ConfUtils.java:logGet(43)) - raft.grpc.flow.control.window = 1MB (=1048576) (default)
2019-08-28 19:58:38,166 [main] INFO  server.RaftServerConfigKeys (ConfUtils.java:logGet(43)) - raft.server.rpc.request.timeout = 3000ms (default)
2019-08-28 19:58:38,166 [main] INFO  server.RaftServerConfigKeys (ConfUtils.java:logGet(43)) - raft.server.storage.dir = [/workdir/hadoop-ozone/integration-test/target/test-dir/MiniOzoneClusterImpl-0a1989d7-c66c-4856-b49a-b1e0df50d07d/datanode-5/data/ratis] (custom)
2019-08-28 19:58:38,167 [main] INFO  replication.SimpleContainerDownloader (SimpleContainerDownloader.java:<init>(72)) - Starting container downloader service to copy containers to replicate.
2019-08-28 19:58:38,168 [main] INFO  hdfs.DFSUtil (DFSUtil.java:httpServerTemplateForNNAndJN(1641)) - Starting Web-server for hddsDatanode at: http://0.0.0.0:0
2019-08-28 19:58:38,170 [main] INFO  server.AuthenticationFilter (AuthenticationFilter.java:constructSecretProvider(240)) - Unable to initialize FileSignerSecretProvider, falling back to use random secrets.
2019-08-28 19:58:38,170 [main] WARN  http.HttpRequestLog (HttpRequestLog.java:getRequestLog(97)) - Jetty request log can only be enabled using Log4j
2019-08-28 19:58:38,172 [main] INFO  http.HttpServer2 (HttpServer2.java:addGlobalFilter(975)) - Added global filter 'safety' (class=org.apache.hadoop.http.HttpServer2$QuotingInputFilter)
2019-08-28 19:58:38,173 [main] INFO  http.HttpServer2 (HttpServer2.java:addFilter(948)) - Added filter static_user_filter (class=org.apache.hadoop.http.lib.StaticUserWebFilter$StaticUserFilter) to context hddsDatanode
2019-08-28 19:58:38,173 [main] INFO  http.HttpServer2 (HttpServer2.java:addFilter(958)) - Added filter static_user_filter (class=org.apache.hadoop.http.lib.StaticUserWebFilter$StaticUserFilter) to context static
2019-08-28 19:58:38,173 [main] INFO  http.HttpServer2 (HttpServer2.java:addFilter(958)) - Added filter static_user_filter (class=org.apache.hadoop.http.lib.StaticUserWebFilter$StaticUserFilter) to context logs
2019-08-28 19:58:38,174 [main] INFO  http.HttpServer2 (HttpServer2.java:bindListener(1191)) - Jetty bound to port 34244
2019-08-28 19:58:38,174 [main] INFO  server.Server (Server.java:doStart(351)) - jetty-9.3.24.v20180605, build timestamp: 2018-06-05T17:11:56Z, git hash: 84205aa28f11a4f31f2a3b86d1bba2cc8ab69827
2019-08-28 19:58:38,176 [main] INFO  handler.ContextHandler (ContextHandler.java:doStart(781)) - Started o.e.j.s.ServletContextHandler@1d1cbd0f{/logs,file:///workdir/hadoop-ozone/integration-test/target/log,AVAILABLE}
2019-08-28 19:58:38,176 [main] INFO  handler.ContextHandler (ContextHandler.java:doStart(781)) - Started o.e.j.s.ServletContextHandler@3af7d855{/static,jar:file:/home/user/.m2/repository/org/apache/hadoop/hadoop-hdds-container-service/0.5.0-SNAPSHOT/hadoop-hdds-container-service-0.5.0-SNAPSHOT.jar!/webapps/static,AVAILABLE}
2019-08-28 19:58:38,211 [main] INFO  handler.ContextHandler (ContextHandler.java:doStart(781)) - Started o.e.j.w.WebAppContext@37045b48{/,file:///tmp/jetty-0.0.0.0-34244-hddsDatanode-_-any-7049000099628836104.dir/webapp/,AVAILABLE}{/hddsDatanode}
2019-08-28 19:58:38,213 [main] INFO  server.AbstractConnector (AbstractConnector.java:doStart(278)) - Started ServerConnector@60b34931{HTTP/1.1,[http/1.1]}{0.0.0.0:34244}
2019-08-28 19:58:38,214 [main] INFO  server.Server (Server.java:doStart(419)) - Started @6475ms
2019-08-28 19:58:38,215 [main] INFO  server.BaseHttpServer (BaseHttpServer.java:updateConnectorAddress(226)) - HTTP server of HDDSDATANODE is listening at http://0.0.0.0:34244
2019-08-28 19:58:38,215 [main] INFO  impl.MetricsSystemImpl (MetricsSystemImpl.java:init(158)) - HddsDatanode metrics system started (again)
2019-08-28 19:58:38,219 [org.apache.hadoop.util.JvmPauseMonitor$Monitor@4e426b26] INFO  util.JvmPauseMonitor (JvmPauseMonitor.java:run(188)) - Starting JVM pause monitor
2019-08-28 19:58:38,219 [main] INFO  ozone.HddsDatanodeService (HddsDatanodeService.java:start(190)) - HddsDatanodeService host:pr-hdds-1949-jn7bv-2990118995 ip:192.168.36.107
2019-08-28 19:58:38,221 [Datanode State Machine Thread - 0] INFO  datanode.InitDatanodeState (InitDatanodeState.java:persistContainerDatanodeDetails(140)) - DatanodeDetails is persisted to /workdir/hadoop-ozone/integration-test/target/test-dir/MiniOzoneClusterImpl-0a1989d7-c66c-4856-b49a-b1e0df50d07d/datanode-5/meta/datanode.id
2019-08-28 19:58:38,226 [main] INFO  volume.HddsVolume (HddsVolume.java:<init>(176)) - Creating Volume: /workdir/hadoop-ozone/integration-test/target/test-dir/MiniOzoneClusterImpl-0a1989d7-c66c-4856-b49a-b1e0df50d07d/datanode-6/data/containers/hdds of  storage type : DISK and capacity : 1482555576320
2019-08-28 19:58:38,227 [main] INFO  volume.VolumeSet (VolumeSet.java:initializeVolumeSet(170)) - Added Volume : /workdir/hadoop-ozone/integration-test/target/test-dir/MiniOzoneClusterImpl-0a1989d7-c66c-4856-b49a-b1e0df50d07d/datanode-6/data/containers/hdds to VolumeSet
2019-08-28 19:58:38,227 [main] INFO  volume.ThrottledAsyncChecker (ThrottledAsyncChecker.java:schedule(140)) - Scheduling a check for org.apache.hadoop.ozone.container.common.volume.HddsVolume@329bad59
2019-08-28 19:58:38,227 [main] INFO  volume.HddsVolumeChecker (HddsVolumeChecker.java:checkAllVolumes(203)) - Scheduled health check for volume org.apache.hadoop.ozone.container.common.volume.HddsVolume@329bad59
2019-08-28 19:58:38,242 [main] INFO  impl.RaftServerProxy (ConfUtils.java:logGet(43)) - raft.rpc.type = GRPC (default)
2019-08-28 19:58:38,243 [main] INFO  grpc.GrpcFactory (GrpcFactory.java:checkPooledByteBufAllocatorUseCacheForAllThreads(45)) - PERFORMANCE WARNING: useCacheForAllThreads is true that may cause Netty to create a lot garbage objects and, as a result, trigger GC.
	It is recommended to disable useCacheForAllThreads by setting -Dorg.apache.ratis.thirdparty.io.netty.allocator.useCacheForAllThreads=false in command line.
2019-08-28 19:58:38,243 [main] INFO  grpc.GrpcConfigKeys$Server (ConfUtils.java:logGet(43)) - raft.grpc.server.port = 0 (default)
2019-08-28 19:58:38,243 [main] INFO  server.GrpcService (ConfUtils.java:logGet(43)) - raft.grpc.message.size.max = 33570816 (custom)
2019-08-28 19:58:38,243 [main] INFO  server.RaftServerConfigKeys (ConfUtils.java:logGet(43)) - raft.server.log.appender.buffer.byte-limit = 33554432 (custom)
2019-08-28 19:58:38,244 [main] INFO  server.GrpcService (ConfUtils.java:logGet(43)) - raft.grpc.flow.control.window = 1MB (=1048576) (default)
2019-08-28 19:58:38,244 [main] INFO  server.RaftServerConfigKeys (ConfUtils.java:logGet(43)) - raft.server.rpc.request.timeout = 3000ms (default)
2019-08-28 19:58:38,245 [main] INFO  server.RaftServerConfigKeys (ConfUtils.java:logGet(43)) - raft.server.storage.dir = [/workdir/hadoop-ozone/integration-test/target/test-dir/MiniOzoneClusterImpl-0a1989d7-c66c-4856-b49a-b1e0df50d07d/datanode-6/data/ratis] (custom)
2019-08-28 19:58:38,245 [main] INFO  replication.SimpleContainerDownloader (SimpleContainerDownloader.java:<init>(72)) - Starting container downloader service to copy containers to replicate.
2019-08-28 19:58:38,246 [main] INFO  hdfs.DFSUtil (DFSUtil.java:httpServerTemplateForNNAndJN(1641)) - Starting Web-server for hddsDatanode at: http://0.0.0.0:0
2019-08-28 19:58:38,248 [main] INFO  server.AuthenticationFilter (AuthenticationFilter.java:constructSecretProvider(240)) - Unable to initialize FileSignerSecretProvider, falling back to use random secrets.
2019-08-28 19:58:38,248 [main] WARN  http.HttpRequestLog (HttpRequestLog.java:getRequestLog(97)) - Jetty request log can only be enabled using Log4j
2019-08-28 19:58:38,250 [main] INFO  http.HttpServer2 (HttpServer2.java:addGlobalFilter(975)) - Added global filter 'safety' (class=org.apache.hadoop.http.HttpServer2$QuotingInputFilter)
2019-08-28 19:58:38,250 [main] INFO  http.HttpServer2 (HttpServer2.java:addFilter(948)) - Added filter static_user_filter (class=org.apache.hadoop.http.lib.StaticUserWebFilter$StaticUserFilter) to context hddsDatanode
2019-08-28 19:58:38,251 [main] INFO  http.HttpServer2 (HttpServer2.java:addFilter(958)) - Added filter static_user_filter (class=org.apache.hadoop.http.lib.StaticUserWebFilter$StaticUserFilter) to context static
2019-08-28 19:58:38,251 [main] INFO  http.HttpServer2 (HttpServer2.java:addFilter(958)) - Added filter static_user_filter (class=org.apache.hadoop.http.lib.StaticUserWebFilter$StaticUserFilter) to context logs
2019-08-28 19:58:38,251 [main] INFO  http.HttpServer2 (HttpServer2.java:bindListener(1191)) - Jetty bound to port 37894
2019-08-28 19:58:38,252 [main] INFO  server.Server (Server.java:doStart(351)) - jetty-9.3.24.v20180605, build timestamp: 2018-06-05T17:11:56Z, git hash: 84205aa28f11a4f31f2a3b86d1bba2cc8ab69827
2019-08-28 19:58:38,253 [main] INFO  handler.ContextHandler (ContextHandler.java:doStart(781)) - Started o.e.j.s.ServletContextHandler@30f74e79{/logs,file:///workdir/hadoop-ozone/integration-test/target/log,AVAILABLE}
2019-08-28 19:58:38,254 [main] INFO  handler.ContextHandler (ContextHandler.java:doStart(781)) - Started o.e.j.s.ServletContextHandler@68ac9ec5{/static,jar:file:/home/user/.m2/repository/org/apache/hadoop/hadoop-hdds-container-service/0.5.0-SNAPSHOT/hadoop-hdds-container-service-0.5.0-SNAPSHOT.jar!/webapps/static,AVAILABLE}
2019-08-28 19:58:38,280 [main] INFO  handler.ContextHandler (ContextHandler.java:doStart(781)) - Started o.e.j.w.WebAppContext@6ab4a5b{/,file:///tmp/jetty-0.0.0.0-37894-hddsDatanode-_-any-5343473660929018254.dir/webapp/,AVAILABLE}{/hddsDatanode}
2019-08-28 19:58:38,282 [main] INFO  server.AbstractConnector (AbstractConnector.java:doStart(278)) - Started ServerConnector@2abe9173{HTTP/1.1,[http/1.1]}{0.0.0.0:37894}
2019-08-28 19:58:38,282 [main] INFO  server.Server (Server.java:doStart(419)) - Started @6543ms
2019-08-28 19:58:38,283 [main] INFO  server.BaseHttpServer (BaseHttpServer.java:updateConnectorAddress(226)) - HTTP server of HDDSDATANODE is listening at http://0.0.0.0:37894
2019-08-28 19:58:38,285 [main] INFO  ozone.MiniOzoneClusterImpl (MiniOzoneClusterImpl.java:lambda$waitForClusterToBeReady$0(142)) - Waiting for cluster to be ready. Got 0 of 7 DN Heartbeats.
2019-08-28 19:58:38,285 [org.apache.hadoop.util.JvmPauseMonitor$Monitor@7ab929e2] INFO  util.JvmPauseMonitor (JvmPauseMonitor.java:run(188)) - Starting JVM pause monitor
2019-08-28 19:58:38,287 [Datanode State Machine Thread - 0] INFO  datanode.InitDatanodeState (InitDatanodeState.java:persistContainerDatanodeDetails(140)) - DatanodeDetails is persisted to /workdir/hadoop-ozone/integration-test/target/test-dir/MiniOzoneClusterImpl-0a1989d7-c66c-4856-b49a-b1e0df50d07d/datanode-6/meta/datanode.id
2019-08-28 19:58:39,285 [main] INFO  ozone.MiniOzoneClusterImpl (MiniOzoneClusterImpl.java:lambda$waitForClusterToBeReady$0(142)) - Waiting for cluster to be ready. Got 0 of 7 DN Heartbeats.
2019-08-28 19:58:39,863 | INFO  | SCMAudit | user=jenkins1000 | ip=192.168.36.107 | op=GET_VERSION null | ret=SUCCESS |  
2019-08-28 19:58:39,898 [Datanode State Machine Thread - 0] INFO  ozoneimpl.OzoneContainer (OzoneContainer.java:start(201)) - Attempting to start container services.
2019-08-28 19:58:39,900 [Datanode State Machine Thread - 0] INFO  ozoneimpl.OzoneContainer (OzoneContainer.java:startContainerScrub(175)) - Background container scrubber has been disabled by hdds.containerscrub.enabled
2019-08-28 19:58:39,901 [Datanode State Machine Thread - 0] INFO  ratis.XceiverServerRatis (XceiverServerRatis.java:start(393)) - Starting XceiverServerRatis a4e818e3-a12c-49ac-9be2-dae8a36de655 at port 0
2019-08-28 19:58:39,902 | INFO  | SCMAudit | user=jenkins1000 | ip=192.168.36.107 | op=GET_VERSION null | ret=SUCCESS |  
2019-08-28 19:58:39,927 [Datanode State Machine Thread - 0] INFO  impl.RaftServerProxy (RaftServerProxy.java:lambda$start$3(299)) - a4e818e3-a12c-49ac-9be2-dae8a36de655: start RPC server
2019-08-28 19:58:39,928 [Datanode State Machine Thread - 0] INFO  ozoneimpl.OzoneContainer (OzoneContainer.java:start(201)) - Attempting to start container services.
2019-08-28 19:58:39,930 [Datanode State Machine Thread - 0] INFO  ozoneimpl.OzoneContainer (OzoneContainer.java:startContainerScrub(175)) - Background container scrubber has been disabled by hdds.containerscrub.enabled
2019-08-28 19:58:39,930 [Datanode State Machine Thread - 0] INFO  ratis.XceiverServerRatis (XceiverServerRatis.java:start(393)) - Starting XceiverServerRatis 6468f44a-274a-4bf0-805e-bf8a5cf6df50 at port 0
2019-08-28 19:58:39,942 [Datanode State Machine Thread - 0] INFO  impl.RaftServerProxy (RaftServerProxy.java:lambda$start$3(299)) - 6468f44a-274a-4bf0-805e-bf8a5cf6df50: start RPC server
2019-08-28 19:58:39,995 | INFO  | SCMAudit | user=jenkins1000 | ip=192.168.36.107 | op=GET_VERSION null | ret=SUCCESS |  
2019-08-28 19:58:40,029 [Datanode State Machine Thread - 0] INFO  ozoneimpl.OzoneContainer (OzoneContainer.java:start(201)) - Attempting to start container services.
2019-08-28 19:58:40,033 [Datanode State Machine Thread - 0] INFO  ozoneimpl.OzoneContainer (OzoneContainer.java:startContainerScrub(175)) - Background container scrubber has been disabled by hdds.containerscrub.enabled
2019-08-28 19:58:40,033 [Datanode State Machine Thread - 0] INFO  ratis.XceiverServerRatis (XceiverServerRatis.java:start(393)) - Starting XceiverServerRatis 836fb2ea-40c7-4faf-82a4-0607f2372ff2 at port 0
2019-08-28 19:58:40,042 [Datanode State Machine Thread - 0] INFO  impl.RaftServerProxy (RaftServerProxy.java:lambda$start$3(299)) - 836fb2ea-40c7-4faf-82a4-0607f2372ff2: start RPC server
2019-08-28 19:58:40,070 | INFO  | SCMAudit | user=jenkins1000 | ip=192.168.36.107 | op=GET_VERSION null | ret=SUCCESS |  
2019-08-28 19:58:40,087 [Datanode State Machine Thread - 0] INFO  ozoneimpl.OzoneContainer (OzoneContainer.java:start(201)) - Attempting to start container services.
2019-08-28 19:58:40,087 [Datanode State Machine Thread - 0] INFO  ozoneimpl.OzoneContainer (OzoneContainer.java:startContainerScrub(175)) - Background container scrubber has been disabled by hdds.containerscrub.enabled
2019-08-28 19:58:40,088 [Datanode State Machine Thread - 0] INFO  ratis.XceiverServerRatis (XceiverServerRatis.java:start(393)) - Starting XceiverServerRatis 01143d5c-8004-4731-8abc-97382e446a21 at port 0
2019-08-28 19:58:40,101 [Datanode State Machine Thread - 0] INFO  impl.RaftServerProxy (RaftServerProxy.java:lambda$start$3(299)) - 01143d5c-8004-4731-8abc-97382e446a21: start RPC server
2019-08-28 19:58:40,109 [Datanode State Machine Thread - 0] INFO  server.GrpcService (GrpcService.java:startImpl(149)) - 01143d5c-8004-4731-8abc-97382e446a21: GrpcService started, listening on 0.0.0.0/0.0.0.0:38521
2019-08-28 19:58:40,109 [Datanode State Machine Thread - 0] INFO  server.GrpcService (GrpcService.java:startImpl(149)) - 6468f44a-274a-4bf0-805e-bf8a5cf6df50: GrpcService started, listening on 0.0.0.0/0.0.0.0:33672
2019-08-28 19:58:40,109 [Datanode State Machine Thread - 0] INFO  server.GrpcService (GrpcService.java:startImpl(149)) - 836fb2ea-40c7-4faf-82a4-0607f2372ff2: GrpcService started, listening on 0.0.0.0/0.0.0.0:34482
2019-08-28 19:58:40,109 [Datanode State Machine Thread - 0] INFO  server.GrpcService (GrpcService.java:startImpl(149)) - a4e818e3-a12c-49ac-9be2-dae8a36de655: GrpcService started, listening on 0.0.0.0/0.0.0.0:35700
2019-08-28 19:58:40,110 [Datanode State Machine Thread - 0] INFO  ratis.XceiverServerRatis (XceiverServerRatis.java:start(403)) - XceiverServerRatis 836fb2ea-40c7-4faf-82a4-0607f2372ff2 is started using port 34482
2019-08-28 19:58:40,110 [Datanode State Machine Thread - 0] INFO  ratis.XceiverServerRatis (XceiverServerRatis.java:start(403)) - XceiverServerRatis 6468f44a-274a-4bf0-805e-bf8a5cf6df50 is started using port 33672
2019-08-28 19:58:40,110 [Datanode State Machine Thread - 0] INFO  ratis.XceiverServerRatis (XceiverServerRatis.java:start(403)) - XceiverServerRatis 01143d5c-8004-4731-8abc-97382e446a21 is started using port 38521
2019-08-28 19:58:40,110 [Datanode State Machine Thread - 0] INFO  ratis.XceiverServerRatis (XceiverServerRatis.java:start(403)) - XceiverServerRatis a4e818e3-a12c-49ac-9be2-dae8a36de655 is started using port 35700
2019-08-28 19:58:40,117 [Datanode State Machine Thread - 0] INFO  server.XceiverServerGrpc (XceiverServerGrpc.java:start(163)) - XceiverServerGrpc 01143d5c-8004-4731-8abc-97382e446a21 is started using port 38643
2019-08-28 19:58:40,118 [Datanode State Machine Thread - 0] INFO  server.XceiverServerGrpc (XceiverServerGrpc.java:start(163)) - XceiverServerGrpc 836fb2ea-40c7-4faf-82a4-0607f2372ff2 is started using port 35266
2019-08-28 19:58:40,118 [Datanode State Machine Thread - 0] INFO  server.XceiverServerGrpc (XceiverServerGrpc.java:start(163)) - XceiverServerGrpc 6468f44a-274a-4bf0-805e-bf8a5cf6df50 is started using port 39439
2019-08-28 19:58:40,117 [Datanode State Machine Thread - 0] INFO  server.XceiverServerGrpc (XceiverServerGrpc.java:start(163)) - XceiverServerGrpc a4e818e3-a12c-49ac-9be2-dae8a36de655 is started using port 38637
2019-08-28 19:58:40,141 | INFO  | SCMAudit | user=jenkins1000 | ip=192.168.36.107 | op=GET_VERSION null | ret=SUCCESS |  
2019-08-28 19:58:40,188 [Datanode State Machine Thread - 0] INFO  ozoneimpl.OzoneContainer (OzoneContainer.java:start(201)) - Attempting to start container services.
2019-08-28 19:58:40,188 [Datanode State Machine Thread - 0] INFO  ozoneimpl.OzoneContainer (OzoneContainer.java:startContainerScrub(175)) - Background container scrubber has been disabled by hdds.containerscrub.enabled
2019-08-28 19:58:40,188 [Datanode State Machine Thread - 0] INFO  ratis.XceiverServerRatis (XceiverServerRatis.java:start(393)) - Starting XceiverServerRatis dfe079fe-b43b-4b11-9eb7-bf995535c771 at port 0
2019-08-28 19:58:40,195 [Datanode State Machine Thread - 0] INFO  impl.RaftServerProxy (RaftServerProxy.java:lambda$start$3(299)) - dfe079fe-b43b-4b11-9eb7-bf995535c771: start RPC server
2019-08-28 19:58:40,204 [Datanode State Machine Thread - 0] INFO  server.GrpcService (GrpcService.java:startImpl(149)) - dfe079fe-b43b-4b11-9eb7-bf995535c771: GrpcService started, listening on 0.0.0.0/0.0.0.0:44027
2019-08-28 19:58:40,204 [Datanode State Machine Thread - 0] INFO  ratis.XceiverServerRatis (XceiverServerRatis.java:start(403)) - XceiverServerRatis dfe079fe-b43b-4b11-9eb7-bf995535c771 is started using port 44027
2019-08-28 19:58:40,207 [Datanode State Machine Thread - 0] INFO  server.XceiverServerGrpc (XceiverServerGrpc.java:start(163)) - XceiverServerGrpc dfe079fe-b43b-4b11-9eb7-bf995535c771 is started using port 43575
2019-08-28 19:58:40,221 | INFO  | SCMAudit | user=jenkins1000 | ip=192.168.36.107 | op=GET_VERSION null | ret=SUCCESS |  
2019-08-28 19:58:40,238 [Datanode State Machine Thread - 0] INFO  ozoneimpl.OzoneContainer (OzoneContainer.java:start(201)) - Attempting to start container services.
2019-08-28 19:58:40,238 [Datanode State Machine Thread - 0] INFO  ozoneimpl.OzoneContainer (OzoneContainer.java:startContainerScrub(175)) - Background container scrubber has been disabled by hdds.containerscrub.enabled
2019-08-28 19:58:40,238 [Datanode State Machine Thread - 0] INFO  ratis.XceiverServerRatis (XceiverServerRatis.java:start(393)) - Starting XceiverServerRatis b0f82e7e-889f-47d6-915f-90c6ca20be67 at port 0
2019-08-28 19:58:40,243 [Datanode State Machine Thread - 0] INFO  impl.RaftServerProxy (RaftServerProxy.java:lambda$start$3(299)) - b0f82e7e-889f-47d6-915f-90c6ca20be67: start RPC server
2019-08-28 19:58:40,246 [Datanode State Machine Thread - 0] INFO  server.GrpcService (GrpcService.java:startImpl(149)) - b0f82e7e-889f-47d6-915f-90c6ca20be67: GrpcService started, listening on 0.0.0.0/0.0.0.0:36215
2019-08-28 19:58:40,246 [Datanode State Machine Thread - 0] INFO  ratis.XceiverServerRatis (XceiverServerRatis.java:start(403)) - XceiverServerRatis b0f82e7e-889f-47d6-915f-90c6ca20be67 is started using port 36215
2019-08-28 19:58:40,249 [Datanode State Machine Thread - 0] INFO  server.XceiverServerGrpc (XceiverServerGrpc.java:start(163)) - XceiverServerGrpc b0f82e7e-889f-47d6-915f-90c6ca20be67 is started using port 38222
2019-08-28 19:58:40,287 [main] INFO  ozone.MiniOzoneClusterImpl (MiniOzoneClusterImpl.java:lambda$waitForClusterToBeReady$0(142)) - Waiting for cluster to be ready. Got 0 of 7 DN Heartbeats.
2019-08-28 19:58:40,288 | INFO  | SCMAudit | user=jenkins1000 | ip=192.168.36.107 | op=GET_VERSION null | ret=SUCCESS |  
2019-08-28 19:58:40,301 [Datanode State Machine Thread - 0] INFO  ozoneimpl.OzoneContainer (OzoneContainer.java:start(201)) - Attempting to start container services.
2019-08-28 19:58:40,302 [Datanode State Machine Thread - 0] INFO  ozoneimpl.OzoneContainer (OzoneContainer.java:startContainerScrub(175)) - Background container scrubber has been disabled by hdds.containerscrub.enabled
2019-08-28 19:58:40,302 [Datanode State Machine Thread - 0] INFO  ratis.XceiverServerRatis (XceiverServerRatis.java:start(393)) - Starting XceiverServerRatis 4b027227-a2cd-44eb-b647-10bc08a09d4f at port 0
2019-08-28 19:58:40,308 [Datanode State Machine Thread - 0] INFO  impl.RaftServerProxy (RaftServerProxy.java:lambda$start$3(299)) - 4b027227-a2cd-44eb-b647-10bc08a09d4f: start RPC server
2019-08-28 19:58:40,312 [Datanode State Machine Thread - 0] INFO  server.GrpcService (GrpcService.java:startImpl(149)) - 4b027227-a2cd-44eb-b647-10bc08a09d4f: GrpcService started, listening on 0.0.0.0/0.0.0.0:45159
2019-08-28 19:58:40,313 [Datanode State Machine Thread - 0] INFO  ratis.XceiverServerRatis (XceiverServerRatis.java:start(403)) - XceiverServerRatis 4b027227-a2cd-44eb-b647-10bc08a09d4f is started using port 45159
2019-08-28 19:58:40,316 [Datanode State Machine Thread - 0] INFO  server.XceiverServerGrpc (XceiverServerGrpc.java:start(163)) - XceiverServerGrpc 4b027227-a2cd-44eb-b647-10bc08a09d4f is started using port 40723
2019-08-28 19:58:41,288 [main] INFO  ozone.MiniOzoneClusterImpl (MiniOzoneClusterImpl.java:lambda$waitForClusterToBeReady$0(142)) - Waiting for cluster to be ready. Got 0 of 7 DN Heartbeats.
2019-08-28 19:58:41,867 [IPC Server handler 2 on 34750] INFO  net.NetworkTopology (NetworkTopologyImpl.java:add(110)) - Added a new node: /default-rack/a4e818e3-a12c-49ac-9be2-dae8a36de655
2019-08-28 19:58:41,868 [IPC Server handler 2 on 34750] INFO  node.SCMNodeManager (SCMNodeManager.java:register(273)) - Registered Data node : a4e818e3-a12c-49ac-9be2-dae8a36de655{ip: 192.168.36.107, host: pr-hdds-1949-jn7bv-2990118995, networkLocation: /default-rack, certSerialId: null}
2019-08-28 19:58:41,873 [EventQueue-NodeRegistrationContainerReportForDataNodeSafeModeRule] INFO  safemode.SCMSafeModeManager (DataNodeSafeModeRule.java:process(71)) - SCM in safe mode. 1 DataNodes registered, 1 required.
2019-08-28 19:58:41,873 [EventQueue-NodeRegistrationContainerReportForDataNodeSafeModeRule] INFO  safemode.SCMSafeModeManager (SCMSafeModeManager.java:validateSafeModeExitRules(177)) - ScmSafeModeManager, all rules are successfully validated
2019-08-28 19:58:41,873 [EventQueue-NodeRegistrationContainerReportForDataNodeSafeModeRule] INFO  safemode.SCMSafeModeManager (SCMSafeModeManager.java:exitSafeMode(193)) - SCM exiting safe mode.
2019-08-28 19:58:41,881 | INFO  | SCMAudit | user=jenkins1000 | ip=192.168.36.107 | op=REGISTER {datanodeDetails=a4e818e3-a12c-49ac-9be2-dae8a36de655{ip: 192.168.36.107, host: pr-hdds-1949-jn7bv-2990118995, networkLocation: /default-rack, certSerialId: null}} | ret=SUCCESS |  
2019-08-28 19:58:41,903 [IPC Server handler 4 on 34750] INFO  net.NetworkTopology (NetworkTopologyImpl.java:add(110)) - Added a new node: /default-rack/6468f44a-274a-4bf0-805e-bf8a5cf6df50
2019-08-28 19:58:41,903 [IPC Server handler 4 on 34750] INFO  node.SCMNodeManager (SCMNodeManager.java:register(273)) - Registered Data node : 6468f44a-274a-4bf0-805e-bf8a5cf6df50{ip: 192.168.36.107, host: pr-hdds-1949-jn7bv-2990118995, networkLocation: /default-rack, certSerialId: null}
2019-08-28 19:58:41,904 | INFO  | SCMAudit | user=jenkins1000 | ip=192.168.36.107 | op=REGISTER {datanodeDetails=6468f44a-274a-4bf0-805e-bf8a5cf6df50{ip: 192.168.36.107, host: pr-hdds-1949-jn7bv-2990118995, networkLocation: /default-rack, certSerialId: null}} | ret=SUCCESS |  
2019-08-28 19:58:41,996 [IPC Server handler 5 on 34750] INFO  net.NetworkTopology (NetworkTopologyImpl.java:add(110)) - Added a new node: /default-rack/836fb2ea-40c7-4faf-82a4-0607f2372ff2
2019-08-28 19:58:41,997 [IPC Server handler 5 on 34750] INFO  node.SCMNodeManager (SCMNodeManager.java:register(273)) - Registered Data node : 836fb2ea-40c7-4faf-82a4-0607f2372ff2{ip: 192.168.36.107, host: pr-hdds-1949-jn7bv-2990118995, networkLocation: /default-rack, certSerialId: null}
2019-08-28 19:58:41,997 | INFO  | SCMAudit | user=jenkins1000 | ip=192.168.36.107 | op=REGISTER {datanodeDetails=836fb2ea-40c7-4faf-82a4-0607f2372ff2{ip: 192.168.36.107, host: pr-hdds-1949-jn7bv-2990118995, networkLocation: /default-rack, certSerialId: null}} | ret=SUCCESS |  
2019-08-28 19:58:42,073 [IPC Server handler 6 on 34750] INFO  net.NetworkTopology (NetworkTopologyImpl.java:add(110)) - Added a new node: /default-rack/01143d5c-8004-4731-8abc-97382e446a21
2019-08-28 19:58:42,074 [IPC Server handler 6 on 34750] INFO  node.SCMNodeManager (SCMNodeManager.java:register(273)) - Registered Data node : 01143d5c-8004-4731-8abc-97382e446a21{ip: 192.168.36.107, host: pr-hdds-1949-jn7bv-2990118995, networkLocation: /default-rack, certSerialId: null}
2019-08-28 19:58:42,074 | INFO  | SCMAudit | user=jenkins1000 | ip=192.168.36.107 | op=REGISTER {datanodeDetails=01143d5c-8004-4731-8abc-97382e446a21{ip: 192.168.36.107, host: pr-hdds-1949-jn7bv-2990118995, networkLocation: /default-rack, certSerialId: null}} | ret=SUCCESS |  
2019-08-28 19:58:42,143 [IPC Server handler 3 on 34750] INFO  net.NetworkTopology (NetworkTopologyImpl.java:add(110)) - Added a new node: /default-rack/dfe079fe-b43b-4b11-9eb7-bf995535c771
2019-08-28 19:58:42,143 [IPC Server handler 3 on 34750] INFO  node.SCMNodeManager (SCMNodeManager.java:register(273)) - Registered Data node : dfe079fe-b43b-4b11-9eb7-bf995535c771{ip: 192.168.36.107, host: pr-hdds-1949-jn7bv-2990118995, networkLocation: /default-rack, certSerialId: null}
2019-08-28 19:58:42,144 | INFO  | SCMAudit | user=jenkins1000 | ip=192.168.36.107 | op=REGISTER {datanodeDetails=dfe079fe-b43b-4b11-9eb7-bf995535c771{ip: 192.168.36.107, host: pr-hdds-1949-jn7bv-2990118995, networkLocation: /default-rack, certSerialId: null}} | ret=SUCCESS |  
2019-08-28 19:58:42,245 [IPC Server handler 1 on 34750] INFO  net.NetworkTopology (NetworkTopologyImpl.java:add(110)) - Added a new node: /default-rack/b0f82e7e-889f-47d6-915f-90c6ca20be67
2019-08-28 19:58:42,246 [IPC Server handler 1 on 34750] INFO  node.SCMNodeManager (SCMNodeManager.java:register(273)) - Registered Data node : b0f82e7e-889f-47d6-915f-90c6ca20be67{ip: 192.168.36.107, host: pr-hdds-1949-jn7bv-2990118995, networkLocation: /default-rack, certSerialId: null}
2019-08-28 19:58:42,246 | INFO  | SCMAudit | user=jenkins1000 | ip=192.168.36.107 | op=REGISTER {datanodeDetails=b0f82e7e-889f-47d6-915f-90c6ca20be67{ip: 192.168.36.107, host: pr-hdds-1949-jn7bv-2990118995, networkLocation: /default-rack, certSerialId: null}} | ret=SUCCESS |  
2019-08-28 19:58:42,288 [main] INFO  ozone.MiniOzoneClusterImpl (MiniOzoneClusterImpl.java:lambda$waitForClusterToBeReady$0(142)) - Waiting for cluster to be ready. Got 6 of 7 DN Heartbeats.
2019-08-28 19:58:42,289 [IPC Server handler 2 on 34750] INFO  net.NetworkTopology (NetworkTopologyImpl.java:add(110)) - Added a new node: /default-rack/4b027227-a2cd-44eb-b647-10bc08a09d4f
2019-08-28 19:58:42,289 [IPC Server handler 2 on 34750] INFO  node.SCMNodeManager (SCMNodeManager.java:register(273)) - Registered Data node : 4b027227-a2cd-44eb-b647-10bc08a09d4f{ip: 192.168.36.107, host: pr-hdds-1949-jn7bv-2990118995, networkLocation: /default-rack, certSerialId: null}
2019-08-28 19:58:42,289 | INFO  | SCMAudit | user=jenkins1000 | ip=192.168.36.107 | op=REGISTER {datanodeDetails=4b027227-a2cd-44eb-b647-10bc08a09d4f{ip: 192.168.36.107, host: pr-hdds-1949-jn7bv-2990118995, networkLocation: /default-rack, certSerialId: null}} | ret=SUCCESS |  
2019-08-28 19:58:42,423 [grpc-default-executor-0] INFO  impl.RaftServerProxy (RaftServerProxy.java:addNew(89)) - a4e818e3-a12c-49ac-9be2-dae8a36de655: addNew group-16AD46029337:[a4e818e3-a12c-49ac-9be2-dae8a36de655:192.168.36.107:35700] returns group-16AD46029337:java.util.concurrent.CompletableFuture@5266e92f[Not completed]
2019-08-28 19:58:42,440 [pool-27-thread-1] INFO  impl.RaftServerImpl (RaftServerImpl.java:<init>(93)) - a4e818e3-a12c-49ac-9be2-dae8a36de655: new RaftServerImpl for group-16AD46029337:[a4e818e3-a12c-49ac-9be2-dae8a36de655:192.168.36.107:35700] with ContainerStateMachine:uninitialized
2019-08-28 19:58:42,442 [pool-27-thread-1] INFO  server.RaftServerConfigKeys (ConfUtils.java:logGet(43)) - raft.server.rpc.timeout.min = 5s (custom)
2019-08-28 19:58:42,444 [pool-27-thread-1] INFO  server.RaftServerConfigKeys (ConfUtils.java:logGet(43)) - raft.server.rpc.timeout.max = 5200ms (custom)
2019-08-28 19:58:42,444 [pool-27-thread-1] INFO  server.RaftServerConfigKeys (ConfUtils.java:logGet(43)) - raft.server.rpcslowness.timeout = 120s (custom)
2019-08-28 19:58:42,444 [pool-27-thread-1] INFO  server.RaftServerConfigKeys (ConfUtils.java:logGet(43)) - raft.server.sleep.deviation.threshold = 300 (default)
2019-08-28 19:58:42,445 [pool-27-thread-1] INFO  server.RaftServerConfigKeys (ConfUtils.java:logGet(43)) - raft.server.log.appender.install.snapshot.enabled = false (custom)
2019-08-28 19:58:42,452 [pool-27-thread-1] INFO  impl.RaftServerImpl (ServerState.java:<init>(105)) - a4e818e3-a12c-49ac-9be2-dae8a36de655:group-16AD46029337 ConfigurationManager, init=-1: [a4e818e3-a12c-49ac-9be2-dae8a36de655:192.168.36.107:35700], old=null, confs=<EMPTY_MAP>
2019-08-28 19:58:42,453 [pool-27-thread-1] INFO  server.RaftServerConfigKeys (ConfUtils.java:logGet(43)) - raft.server.storage.dir = [/workdir/hadoop-ozone/integration-test/target/test-dir/MiniOzoneClusterImpl-0a1989d7-c66c-4856-b49a-b1e0df50d07d/datanode-0/data/ratis] (custom)
2019-08-28 19:58:42,460 [pool-27-thread-1] INFO  storage.RaftStorageDirectory (RaftStorageDirectory.java:analyzeStorage(246)) - The storage directory /workdir/hadoop-ozone/integration-test/target/test-dir/MiniOzoneClusterImpl-0a1989d7-c66c-4856-b49a-b1e0df50d07d/datanode-0/data/ratis/274e36d4-b10d-44bc-8edf-16ad46029337 does not exist. Creating ...
2019-08-28 19:58:42,476 [pool-27-thread-1] INFO  storage.RaftStorageDirectory (RaftStorageDirectory.java:tryLock(328)) - Lock on /workdir/hadoop-ozone/integration-test/target/test-dir/MiniOzoneClusterImpl-0a1989d7-c66c-4856-b49a-b1e0df50d07d/datanode-0/data/ratis/274e36d4-b10d-44bc-8edf-16ad46029337/in_use.lock acquired by nodename 22922@pr-hdds-1949-jn7bv-2990118995
2019-08-28 19:58:42,493 [pool-27-thread-1] INFO  storage.RaftStorage (RaftStorage.java:format(72)) - Storage directory /workdir/hadoop-ozone/integration-test/target/test-dir/MiniOzoneClusterImpl-0a1989d7-c66c-4856-b49a-b1e0df50d07d/datanode-0/data/ratis/274e36d4-b10d-44bc-8edf-16ad46029337 has been successfully formatted.
2019-08-28 19:58:42,495 [pool-27-thread-1] INFO  ratis.ContainerStateMachine (ContainerStateMachine.java:loadSnapshot(227)) - group-16AD46029337: The snapshot info is null. Setting the last applied indexto:(t:0, i:~)
2019-08-28 19:58:42,495 [pool-27-thread-1] INFO  server.RaftServerConfigKeys (ConfUtils.java:logGet(43)) - raft.server.leader.election.timeout = 120s (custom)
2019-08-28 19:58:42,498 [pool-27-thread-1] INFO  server.RaftServerConfigKeys (ConfUtils.java:logGet(43)) - raft.server.log.use.memory = false (default)
2019-08-28 19:58:42,503 [pool-27-thread-1] INFO  server.RaftServerConfigKeys (ConfUtils.java:logGet(43)) - raft.server.log.purge.gap = 1000000 (custom)
2019-08-28 19:58:42,504 [pool-27-thread-1] INFO  server.RaftServerConfigKeys (ConfUtils.java:logGet(43)) - raft.server.log.appender.buffer.byte-limit = 33554432 (custom)
2019-08-28 19:58:42,505 [pool-27-thread-1] INFO  server.RaftServerConfigKeys (ConfUtils.java:logGet(43)) - raft.server.log.segment.size.max = 1048576 (custom)
2019-08-28 19:58:42,509 [pool-27-thread-1] INFO  server.RaftServerConfigKeys (ConfUtils.java:logGet(43)) - raft.server.log.segment.cache.num.max = 2 (custom)
2019-08-28 19:58:42,513 [pool-27-thread-1] INFO  segmented.SegmentedRaftLogWorker (SegmentedRaftLogWorker.java:<init>(172)) - new a4e818e3-a12c-49ac-9be2-dae8a36de655-SegmentedRaftLogWorker:Storage Directory /workdir/hadoop-ozone/integration-test/target/test-dir/MiniOzoneClusterImpl-0a1989d7-c66c-4856-b49a-b1e0df50d07d/datanode-0/data/ratis/274e36d4-b10d-44bc-8edf-16ad46029337 for RaftStorage:Storage Directory /workdir/hadoop-ozone/integration-test/target/test-dir/MiniOzoneClusterImpl-0a1989d7-c66c-4856-b49a-b1e0df50d07d/datanode-0/data/ratis/274e36d4-b10d-44bc-8edf-16ad46029337
2019-08-28 19:58:42,524 [pool-27-thread-1] INFO  server.RaftServerConfigKeys (ConfUtils.java:logGet(43)) - raft.server.log.queue.byte-limit = 2147483647 (custom)
2019-08-28 19:58:42,524 [pool-27-thread-1] INFO  server.RaftServerConfigKeys (ConfUtils.java:logGet(43)) - raft.server.log.queue.element-limit = 1024 (custom)
2019-08-28 19:58:42,529 [pool-27-thread-1] INFO  server.RaftServerConfigKeys (ConfUtils.java:logGet(43)) - raft.server.log.segment.size.max = 1048576 (custom)
2019-08-28 19:58:42,529 [pool-27-thread-1] INFO  server.RaftServerConfigKeys (ConfUtils.java:logGet(43)) - raft.server.log.preallocated.size = 16384 (custom)
2019-08-28 19:58:42,529 [pool-27-thread-1] INFO  server.RaftServerConfigKeys (ConfUtils.java:logGet(43)) - raft.server.log.write.buffer.size = 33554432 (custom)
2019-08-28 19:58:42,530 [pool-27-thread-1] INFO  server.RaftServerConfigKeys (ConfUtils.java:logGet(43)) - raft.server.log.force.sync.num = 128 (default)
2019-08-28 19:58:42,531 [pool-27-thread-1] INFO  server.RaftServerConfigKeys (ConfUtils.java:logGet(43)) - raft.server.log.statemachine.data.sync = true (default)
2019-08-28 19:58:42,531 [pool-27-thread-1] INFO  server.RaftServerConfigKeys (ConfUtils.java:logGet(43)) - raft.server.log.statemachine.data.sync.timeout = 10s (default)
2019-08-28 19:58:42,531 [pool-27-thread-1] INFO  server.RaftServerConfigKeys (ConfUtils.java:logGet(43)) - raft.server.log.statemachine.data.sync.timeout.retry = -1 (default)
2019-08-28 19:58:42,540 [pool-27-thread-1] INFO  server.RaftServerConfigKeys (ConfUtils.java:logGet(43)) - raft.server.log.statemachine.data.caching.enabled = true (custom)
2019-08-28 19:58:42,545 [pool-27-thread-1] INFO  segmented.SegmentedRaftLogWorker (SegmentedRaftLogWorker.java:lambda$new$0(132)) - a4e818e3-a12c-49ac-9be2-dae8a36de655-SegmentedRaftLogWorker:Storage Directory /workdir/hadoop-ozone/integration-test/target/test-dir/MiniOzoneClusterImpl-0a1989d7-c66c-4856-b49a-b1e0df50d07d/datanode-0/data/ratis/274e36d4-b10d-44bc-8edf-16ad46029337: flushIndex: setUnconditionally 0 -> -1
2019-08-28 19:58:42,549 [pool-27-thread-1] INFO  server.RaftServerConfigKeys (ConfUtils.java:logGet(43)) - raft.server.snapshot.auto.trigger.enabled = true (custom)
2019-08-28 19:58:42,550 [pool-27-thread-1] INFO  server.RaftServerConfigKeys (ConfUtils.java:logGet(43)) - raft.server.snapshot.auto.trigger.threshold = 10000 (custom)
2019-08-28 19:58:42,550 [pool-27-thread-1] INFO  server.RaftServerConfigKeys (ConfUtils.java:logGet(43)) - raft.server.retrycache.expirytime = 600000ms (custom)
2019-08-28 19:58:42,578 [pool-27-thread-1] INFO  impl.RaftServerImpl (RaftServerImpl.java:start(180)) - a4e818e3-a12c-49ac-9be2-dae8a36de655: start group-16AD46029337
2019-08-28 19:58:42,579 [pool-27-thread-1] INFO  impl.RaftServerImpl (RaftServerImpl.java:setRole(171)) - a4e818e3-a12c-49ac-9be2-dae8a36de655:group-16AD46029337 changes role from null to FOLLOWER at term 0 for startAsFollower
2019-08-28 19:58:42,581 [pool-27-thread-1] INFO  impl.RoleInfo (RoleInfo.java:updateAndGet(143)) - a4e818e3-a12c-49ac-9be2-dae8a36de655: start FollowerState
2019-08-28 19:58:42,583 [pool-27-thread-1] INFO  util.JmxRegister (JmxRegister.java:tryRegister(44)) - Successfully registered JMX Bean with object name Ratis:service=RaftServer,group=group-16AD46029337,id=a4e818e3-a12c-49ac-9be2-dae8a36de655
2019-08-28 19:58:42,669 [RatisPipelineUtilsThread] INFO  pipeline.PipelineStateManager (PipelineStateManager.java:addPipeline(56)) - Created pipeline Pipeline[ Id: 274e36d4-b10d-44bc-8edf-16ad46029337, Nodes: a4e818e3-a12c-49ac-9be2-dae8a36de655{ip: 192.168.36.107, host: pr-hdds-1949-jn7bv-2990118995, networkLocation: /default-rack, certSerialId: null}, Type:RATIS, Factor:ONE, State:OPEN]
2019-08-28 19:58:42,700 [grpc-default-executor-0] INFO  impl.RaftServerProxy (RaftServerProxy.java:addNew(89)) - b0f82e7e-889f-47d6-915f-90c6ca20be67: addNew group-10C3E39CF339:[b0f82e7e-889f-47d6-915f-90c6ca20be67:192.168.36.107:36215] returns group-10C3E39CF339:java.util.concurrent.CompletableFuture@7676f6c4[Not completed]
2019-08-28 19:58:42,756 [pool-82-thread-1] INFO  impl.RaftServerImpl (RaftServerImpl.java:<init>(93)) - b0f82e7e-889f-47d6-915f-90c6ca20be67: new RaftServerImpl for group-10C3E39CF339:[b0f82e7e-889f-47d6-915f-90c6ca20be67:192.168.36.107:36215] with ContainerStateMachine:uninitialized
2019-08-28 19:58:42,757 [pool-82-thread-1] INFO  server.RaftServerConfigKeys (ConfUtils.java:logGet(43)) - raft.server.rpc.timeout.min = 5s (custom)
2019-08-28 19:58:42,758 [pool-82-thread-1] INFO  server.RaftServerConfigKeys (ConfUtils.java:logGet(43)) - raft.server.rpc.timeout.max = 5200ms (custom)
2019-08-28 19:58:42,758 [pool-82-thread-1] INFO  server.RaftServerConfigKeys (ConfUtils.java:logGet(43)) - raft.server.rpcslowness.timeout = 120s (custom)
2019-08-28 19:58:42,758 [pool-82-thread-1] INFO  server.RaftServerConfigKeys (ConfUtils.java:logGet(43)) - raft.server.sleep.deviation.threshold = 300 (default)
2019-08-28 19:58:42,758 [pool-82-thread-1] INFO  server.RaftServerConfigKeys (ConfUtils.java:logGet(43)) - raft.server.log.appender.install.snapshot.enabled = false (custom)
2019-08-28 19:58:42,758 [pool-82-thread-1] INFO  impl.RaftServerImpl (ServerState.java:<init>(105)) - b0f82e7e-889f-47d6-915f-90c6ca20be67:group-10C3E39CF339 ConfigurationManager, init=-1: [b0f82e7e-889f-47d6-915f-90c6ca20be67:192.168.36.107:36215], old=null, confs=<EMPTY_MAP>
2019-08-28 19:58:42,758 [pool-82-thread-1] INFO  server.RaftServerConfigKeys (ConfUtils.java:logGet(43)) - raft.server.storage.dir = [/workdir/hadoop-ozone/integration-test/target/test-dir/MiniOzoneClusterImpl-0a1989d7-c66c-4856-b49a-b1e0df50d07d/datanode-5/data/ratis] (custom)
2019-08-28 19:58:42,759 [pool-82-thread-1] INFO  storage.RaftStorageDirectory (RaftStorageDirectory.java:analyzeStorage(246)) - The storage directory /workdir/hadoop-ozone/integration-test/target/test-dir/MiniOzoneClusterImpl-0a1989d7-c66c-4856-b49a-b1e0df50d07d/datanode-5/data/ratis/6d5240ea-78aa-41fe-b84c-10c3e39cf339 does not exist. Creating ...
2019-08-28 19:58:42,785 [pool-82-thread-1] INFO  storage.RaftStorageDirectory (RaftStorageDirectory.java:tryLock(328)) - Lock on /workdir/hadoop-ozone/integration-test/target/test-dir/MiniOzoneClusterImpl-0a1989d7-c66c-4856-b49a-b1e0df50d07d/datanode-5/data/ratis/6d5240ea-78aa-41fe-b84c-10c3e39cf339/in_use.lock acquired by nodename 22922@pr-hdds-1949-jn7bv-2990118995
2019-08-28 19:58:42,809 [pool-82-thread-1] INFO  storage.RaftStorage (RaftStorage.java:format(72)) - Storage directory /workdir/hadoop-ozone/integration-test/target/test-dir/MiniOzoneClusterImpl-0a1989d7-c66c-4856-b49a-b1e0df50d07d/datanode-5/data/ratis/6d5240ea-78aa-41fe-b84c-10c3e39cf339 has been successfully formatted.
2019-08-28 19:58:42,811 [pool-82-thread-1] INFO  ratis.ContainerStateMachine (ContainerStateMachine.java:loadSnapshot(227)) - group-10C3E39CF339: The snapshot info is null. Setting the last applied indexto:(t:0, i:~)
2019-08-28 19:58:42,813 [pool-82-thread-1] INFO  server.RaftServerConfigKeys (ConfUtils.java:logGet(43)) - raft.server.leader.election.timeout = 120s (custom)
2019-08-28 19:58:42,813 [pool-82-thread-1] INFO  server.RaftServerConfigKeys (ConfUtils.java:logGet(43)) - raft.server.log.use.memory = false (default)
2019-08-28 19:58:42,813 [pool-82-thread-1] INFO  server.RaftServerConfigKeys (ConfUtils.java:logGet(43)) - raft.server.log.purge.gap = 1000000 (custom)
2019-08-28 19:58:42,813 [pool-82-thread-1] INFO  server.RaftServerConfigKeys (ConfUtils.java:logGet(43)) - raft.server.log.appender.buffer.byte-limit = 33554432 (custom)
2019-08-28 19:58:42,813 [pool-82-thread-1] INFO  server.RaftServerConfigKeys (ConfUtils.java:logGet(43)) - raft.server.log.segment.size.max = 1048576 (custom)
2019-08-28 19:58:42,813 [pool-82-thread-1] INFO  server.RaftServerConfigKeys (ConfUtils.java:logGet(43)) - raft.server.log.segment.cache.num.max = 2 (custom)
2019-08-28 19:58:42,814 [pool-82-thread-1] INFO  segmented.SegmentedRaftLogWorker (SegmentedRaftLogWorker.java:<init>(172)) - new b0f82e7e-889f-47d6-915f-90c6ca20be67-SegmentedRaftLogWorker:Storage Directory /workdir/hadoop-ozone/integration-test/target/test-dir/MiniOzoneClusterImpl-0a1989d7-c66c-4856-b49a-b1e0df50d07d/datanode-5/data/ratis/6d5240ea-78aa-41fe-b84c-10c3e39cf339 for RaftStorage:Storage Directory /workdir/hadoop-ozone/integration-test/target/test-dir/MiniOzoneClusterImpl-0a1989d7-c66c-4856-b49a-b1e0df50d07d/datanode-5/data/ratis/6d5240ea-78aa-41fe-b84c-10c3e39cf339
2019-08-28 19:58:42,815 [pool-82-thread-1] INFO  server.RaftServerConfigKeys (ConfUtils.java:logGet(43)) - raft.server.log.queue.byte-limit = 2147483647 (custom)
2019-08-28 19:58:42,815 [pool-82-thread-1] INFO  server.RaftServerConfigKeys (ConfUtils.java:logGet(43)) - raft.server.log.queue.element-limit = 1024 (custom)
2019-08-28 19:58:42,816 [pool-82-thread-1] INFO  server.RaftServerConfigKeys (ConfUtils.java:logGet(43)) - raft.server.log.segment.size.max = 1048576 (custom)
2019-08-28 19:58:42,816 [pool-82-thread-1] INFO  server.RaftServerConfigKeys (ConfUtils.java:logGet(43)) - raft.server.log.preallocated.size = 16384 (custom)
2019-08-28 19:58:42,816 [pool-82-thread-1] INFO  server.RaftServerConfigKeys (ConfUtils.java:logGet(43)) - raft.server.log.write.buffer.size = 33554432 (custom)
2019-08-28 19:58:42,816 [pool-82-thread-1] INFO  server.RaftServerConfigKeys (ConfUtils.java:logGet(43)) - raft.server.log.force.sync.num = 128 (default)
2019-08-28 19:58:42,816 [pool-82-thread-1] INFO  server.RaftServerConfigKeys (ConfUtils.java:logGet(43)) - raft.server.log.statemachine.data.sync = true (default)
2019-08-28 19:58:42,817 [pool-82-thread-1] INFO  server.RaftServerConfigKeys (ConfUtils.java:logGet(43)) - raft.server.log.statemachine.data.sync.timeout = 10s (default)
2019-08-28 19:58:42,817 [pool-82-thread-1] INFO  server.RaftServerConfigKeys (ConfUtils.java:logGet(43)) - raft.server.log.statemachine.data.sync.timeout.retry = -1 (default)
2019-08-28 19:58:42,817 [pool-82-thread-1] INFO  server.RaftServerConfigKeys (ConfUtils.java:logGet(43)) - raft.server.log.statemachine.data.caching.enabled = true (custom)
2019-08-28 19:58:42,818 [pool-82-thread-1] INFO  segmented.SegmentedRaftLogWorker (SegmentedRaftLogWorker.java:lambda$new$0(132)) - b0f82e7e-889f-47d6-915f-90c6ca20be67-SegmentedRaftLogWorker:Storage Directory /workdir/hadoop-ozone/integration-test/target/test-dir/MiniOzoneClusterImpl-0a1989d7-c66c-4856-b49a-b1e0df50d07d/datanode-5/data/ratis/6d5240ea-78aa-41fe-b84c-10c3e39cf339: flushIndex: setUnconditionally 0 -> -1
2019-08-28 19:58:42,818 [pool-82-thread-1] INFO  server.RaftServerConfigKeys (ConfUtils.java:logGet(43)) - raft.server.snapshot.auto.trigger.enabled = true (custom)
2019-08-28 19:58:42,818 [pool-82-thread-1] INFO  server.RaftServerConfigKeys (ConfUtils.java:logGet(43)) - raft.server.snapshot.auto.trigger.threshold = 10000 (custom)
2019-08-28 19:58:42,818 [pool-82-thread-1] INFO  server.RaftServerConfigKeys (ConfUtils.java:logGet(43)) - raft.server.retrycache.expirytime = 600000ms (custom)
2019-08-28 19:58:42,819 [pool-82-thread-1] INFO  impl.RaftServerImpl (RaftServerImpl.java:start(180)) - b0f82e7e-889f-47d6-915f-90c6ca20be67: start group-10C3E39CF339
2019-08-28 19:58:42,819 [pool-82-thread-1] INFO  impl.RaftServerImpl (RaftServerImpl.java:setRole(171)) - b0f82e7e-889f-47d6-915f-90c6ca20be67:group-10C3E39CF339 changes role from null to FOLLOWER at term 0 for startAsFollower
2019-08-28 19:58:42,819 [pool-82-thread-1] INFO  impl.RoleInfo (RoleInfo.java:updateAndGet(143)) - b0f82e7e-889f-47d6-915f-90c6ca20be67: start FollowerState
2019-08-28 19:58:42,821 [pool-82-thread-1] INFO  util.JmxRegister (JmxRegister.java:tryRegister(44)) - Successfully registered JMX Bean with object name Ratis:service=RaftServer,group=group-10C3E39CF339,id=b0f82e7e-889f-47d6-915f-90c6ca20be67
2019-08-28 19:58:42,837 [RatisPipelineUtilsThread] INFO  pipeline.PipelineStateManager (PipelineStateManager.java:addPipeline(56)) - Created pipeline Pipeline[ Id: 6d5240ea-78aa-41fe-b84c-10c3e39cf339, Nodes: b0f82e7e-889f-47d6-915f-90c6ca20be67{ip: 192.168.36.107, host: pr-hdds-1949-jn7bv-2990118995, networkLocation: /default-rack, certSerialId: null}, Type:RATIS, Factor:ONE, State:OPEN]
2019-08-28 19:58:42,871 [grpc-default-executor-0] INFO  impl.RaftServerProxy (RaftServerProxy.java:addNew(89)) - 4b027227-a2cd-44eb-b647-10bc08a09d4f: addNew group-A0EB3A6BF1DF:[4b027227-a2cd-44eb-b647-10bc08a09d4f:192.168.36.107:45159] returns group-A0EB3A6BF1DF:java.util.concurrent.CompletableFuture@72504180[Not completed]
2019-08-28 19:58:42,889 [pool-93-thread-1] INFO  impl.RaftServerImpl (RaftServerImpl.java:<init>(93)) - 4b027227-a2cd-44eb-b647-10bc08a09d4f: new RaftServerImpl for group-A0EB3A6BF1DF:[4b027227-a2cd-44eb-b647-10bc08a09d4f:192.168.36.107:45159] with ContainerStateMachine:uninitialized
2019-08-28 19:58:42,889 [pool-93-thread-1] INFO  server.RaftServerConfigKeys (ConfUtils.java:logGet(43)) - raft.server.rpc.timeout.min = 5s (custom)
2019-08-28 19:58:42,889 [pool-93-thread-1] INFO  server.RaftServerConfigKeys (ConfUtils.java:logGet(43)) - raft.server.rpc.timeout.max = 5200ms (custom)
2019-08-28 19:58:42,890 [pool-93-thread-1] INFO  server.RaftServerConfigKeys (ConfUtils.java:logGet(43)) - raft.server.rpcslowness.timeout = 120s (custom)
2019-08-28 19:58:42,890 [pool-93-thread-1] INFO  server.RaftServerConfigKeys (ConfUtils.java:logGet(43)) - raft.server.sleep.deviation.threshold = 300 (default)
2019-08-28 19:58:42,890 [pool-93-thread-1] INFO  server.RaftServerConfigKeys (ConfUtils.java:logGet(43)) - raft.server.log.appender.install.snapshot.enabled = false (custom)
2019-08-28 19:58:42,890 [pool-93-thread-1] INFO  impl.RaftServerImpl (ServerState.java:<init>(105)) - 4b027227-a2cd-44eb-b647-10bc08a09d4f:group-A0EB3A6BF1DF ConfigurationManager, init=-1: [4b027227-a2cd-44eb-b647-10bc08a09d4f:192.168.36.107:45159], old=null, confs=<EMPTY_MAP>
2019-08-28 19:58:42,891 [pool-93-thread-1] INFO  server.RaftServerConfigKeys (ConfUtils.java:logGet(43)) - raft.server.storage.dir = [/workdir/hadoop-ozone/integration-test/target/test-dir/MiniOzoneClusterImpl-0a1989d7-c66c-4856-b49a-b1e0df50d07d/datanode-6/data/ratis] (custom)
2019-08-28 19:58:42,891 [pool-93-thread-1] INFO  storage.RaftStorageDirectory (RaftStorageDirectory.java:analyzeStorage(246)) - The storage directory /workdir/hadoop-ozone/integration-test/target/test-dir/MiniOzoneClusterImpl-0a1989d7-c66c-4856-b49a-b1e0df50d07d/datanode-6/data/ratis/dbc31188-ae62-4307-b516-a0eb3a6bf1df does not exist. Creating ...
2019-08-28 19:58:42,910 [pool-93-thread-1] INFO  storage.RaftStorageDirectory (RaftStorageDirectory.java:tryLock(328)) - Lock on /workdir/hadoop-ozone/integration-test/target/test-dir/MiniOzoneClusterImpl-0a1989d7-c66c-4856-b49a-b1e0df50d07d/datanode-6/data/ratis/dbc31188-ae62-4307-b516-a0eb3a6bf1df/in_use.lock acquired by nodename 22922@pr-hdds-1949-jn7bv-2990118995
2019-08-28 19:58:42,931 [pool-93-thread-1] INFO  storage.RaftStorage (RaftStorage.java:format(72)) - Storage directory /workdir/hadoop-ozone/integration-test/target/test-dir/MiniOzoneClusterImpl-0a1989d7-c66c-4856-b49a-b1e0df50d07d/datanode-6/data/ratis/dbc31188-ae62-4307-b516-a0eb3a6bf1df has been successfully formatted.
2019-08-28 19:58:42,931 [pool-93-thread-1] INFO  ratis.ContainerStateMachine (ContainerStateMachine.java:loadSnapshot(227)) - group-A0EB3A6BF1DF: The snapshot info is null. Setting the last applied indexto:(t:0, i:~)
2019-08-28 19:58:42,932 [pool-93-thread-1] INFO  server.RaftServerConfigKeys (ConfUtils.java:logGet(43)) - raft.server.leader.election.timeout = 120s (custom)
2019-08-28 19:58:42,932 [pool-93-thread-1] INFO  server.RaftServerConfigKeys (ConfUtils.java:logGet(43)) - raft.server.log.use.memory = false (default)
2019-08-28 19:58:42,932 [pool-93-thread-1] INFO  server.RaftServerConfigKeys (ConfUtils.java:logGet(43)) - raft.server.log.purge.gap = 1000000 (custom)
2019-08-28 19:58:42,932 [pool-93-thread-1] INFO  server.RaftServerConfigKeys (ConfUtils.java:logGet(43)) - raft.server.log.appender.buffer.byte-limit = 33554432 (custom)
2019-08-28 19:58:42,932 [pool-93-thread-1] INFO  server.RaftServerConfigKeys (ConfUtils.java:logGet(43)) - raft.server.log.segment.size.max = 1048576 (custom)
2019-08-28 19:58:42,932 [pool-93-thread-1] INFO  server.RaftServerConfigKeys (ConfUtils.java:logGet(43)) - raft.server.log.segment.cache.num.max = 2 (custom)
2019-08-28 19:58:42,932 [pool-93-thread-1] INFO  segmented.SegmentedRaftLogWorker (SegmentedRaftLogWorker.java:<init>(172)) - new 4b027227-a2cd-44eb-b647-10bc08a09d4f-SegmentedRaftLogWorker:Storage Directory /workdir/hadoop-ozone/integration-test/target/test-dir/MiniOzoneClusterImpl-0a1989d7-c66c-4856-b49a-b1e0df50d07d/datanode-6/data/ratis/dbc31188-ae62-4307-b516-a0eb3a6bf1df for RaftStorage:Storage Directory /workdir/hadoop-ozone/integration-test/target/test-dir/MiniOzoneClusterImpl-0a1989d7-c66c-4856-b49a-b1e0df50d07d/datanode-6/data/ratis/dbc31188-ae62-4307-b516-a0eb3a6bf1df
2019-08-28 19:58:42,933 [pool-93-thread-1] INFO  server.RaftServerConfigKeys (ConfUtils.java:logGet(43)) - raft.server.log.queue.byte-limit = 2147483647 (custom)
2019-08-28 19:58:42,933 [pool-93-thread-1] INFO  server.RaftServerConfigKeys (ConfUtils.java:logGet(43)) - raft.server.log.queue.element-limit = 1024 (custom)
2019-08-28 19:58:42,933 [pool-93-thread-1] INFO  server.RaftServerConfigKeys (ConfUtils.java:logGet(43)) - raft.server.log.segment.size.max = 1048576 (custom)
2019-08-28 19:58:42,933 [pool-93-thread-1] INFO  server.RaftServerConfigKeys (ConfUtils.java:logGet(43)) - raft.server.log.preallocated.size = 16384 (custom)
2019-08-28 19:58:42,933 [pool-93-thread-1] INFO  server.RaftServerConfigKeys (ConfUtils.java:logGet(43)) - raft.server.log.write.buffer.size = 33554432 (custom)
2019-08-28 19:58:42,933 [pool-93-thread-1] INFO  server.RaftServerConfigKeys (ConfUtils.java:logGet(43)) - raft.server.log.force.sync.num = 128 (default)
2019-08-28 19:58:42,933 [pool-93-thread-1] INFO  server.RaftServerConfigKeys (ConfUtils.java:logGet(43)) - raft.server.log.statemachine.data.sync = true (default)
2019-08-28 19:58:42,933 [pool-93-thread-1] INFO  server.RaftServerConfigKeys (ConfUtils.java:logGet(43)) - raft.server.log.statemachine.data.sync.timeout = 10s (default)
2019-08-28 19:58:42,934 [pool-93-thread-1] INFO  server.RaftServerConfigKeys (ConfUtils.java:logGet(43)) - raft.server.log.statemachine.data.sync.timeout.retry = -1 (default)
2019-08-28 19:58:42,934 [pool-93-thread-1] INFO  server.RaftServerConfigKeys (ConfUtils.java:logGet(43)) - raft.server.log.statemachine.data.caching.enabled = true (custom)
2019-08-28 19:58:42,934 [pool-93-thread-1] INFO  segmented.SegmentedRaftLogWorker (SegmentedRaftLogWorker.java:lambda$new$0(132)) - 4b027227-a2cd-44eb-b647-10bc08a09d4f-SegmentedRaftLogWorker:Storage Directory /workdir/hadoop-ozone/integration-test/target/test-dir/MiniOzoneClusterImpl-0a1989d7-c66c-4856-b49a-b1e0df50d07d/datanode-6/data/ratis/dbc31188-ae62-4307-b516-a0eb3a6bf1df: flushIndex: setUnconditionally 0 -> -1
2019-08-28 19:58:42,935 [pool-93-thread-1] INFO  server.RaftServerConfigKeys (ConfUtils.java:logGet(43)) - raft.server.snapshot.auto.trigger.enabled = true (custom)
2019-08-28 19:58:42,935 [pool-93-thread-1] INFO  server.RaftServerConfigKeys (ConfUtils.java:logGet(43)) - raft.server.snapshot.auto.trigger.threshold = 10000 (custom)
2019-08-28 19:58:42,935 [pool-93-thread-1] INFO  server.RaftServerConfigKeys (ConfUtils.java:logGet(43)) - raft.server.retrycache.expirytime = 600000ms (custom)
2019-08-28 19:58:42,935 [pool-93-thread-1] INFO  impl.RaftServerImpl (RaftServerImpl.java:start(180)) - 4b027227-a2cd-44eb-b647-10bc08a09d4f: start group-A0EB3A6BF1DF
2019-08-28 19:58:42,935 [pool-93-thread-1] INFO  impl.RaftServerImpl (RaftServerImpl.java:setRole(171)) - 4b027227-a2cd-44eb-b647-10bc08a09d4f:group-A0EB3A6BF1DF changes role from null to FOLLOWER at term 0 for startAsFollower
2019-08-28 19:58:42,935 [pool-93-thread-1] INFO  impl.RoleInfo (RoleInfo.java:updateAndGet(143)) - 4b027227-a2cd-44eb-b647-10bc08a09d4f: start FollowerState
2019-08-28 19:58:42,936 [pool-93-thread-1] INFO  util.JmxRegister (JmxRegister.java:tryRegister(44)) - Successfully registered JMX Bean with object name Ratis:service=RaftServer,group=group-A0EB3A6BF1DF,id=4b027227-a2cd-44eb-b647-10bc08a09d4f
2019-08-28 19:58:42,950 [RatisPipelineUtilsThread] INFO  pipeline.PipelineStateManager (PipelineStateManager.java:addPipeline(56)) - Created pipeline Pipeline[ Id: dbc31188-ae62-4307-b516-a0eb3a6bf1df, Nodes: 4b027227-a2cd-44eb-b647-10bc08a09d4f{ip: 192.168.36.107, host: pr-hdds-1949-jn7bv-2990118995, networkLocation: /default-rack, certSerialId: null}, Type:RATIS, Factor:ONE, State:OPEN]
2019-08-28 19:58:42,974 [grpc-default-executor-0] INFO  impl.RaftServerProxy (RaftServerProxy.java:addNew(89)) - 6468f44a-274a-4bf0-805e-bf8a5cf6df50: addNew group-894B53D06086:[6468f44a-274a-4bf0-805e-bf8a5cf6df50:192.168.36.107:33672] returns group-894B53D06086:java.util.concurrent.CompletableFuture@4a44abeb[Not completed]
2019-08-28 19:58:42,976 [pool-38-thread-1] INFO  impl.RaftServerImpl (RaftServerImpl.java:<init>(93)) - 6468f44a-274a-4bf0-805e-bf8a5cf6df50: new RaftServerImpl for group-894B53D06086:[6468f44a-274a-4bf0-805e-bf8a5cf6df50:192.168.36.107:33672] with ContainerStateMachine:uninitialized
2019-08-28 19:58:42,976 [pool-38-thread-1] INFO  server.RaftServerConfigKeys (ConfUtils.java:logGet(43)) - raft.server.rpc.timeout.min = 5s (custom)
2019-08-28 19:58:42,976 [pool-38-thread-1] INFO  server.RaftServerConfigKeys (ConfUtils.java:logGet(43)) - raft.server.rpc.timeout.max = 5200ms (custom)
2019-08-28 19:58:42,976 [pool-38-thread-1] INFO  server.RaftServerConfigKeys (ConfUtils.java:logGet(43)) - raft.server.rpcslowness.timeout = 120s (custom)
2019-08-28 19:58:42,977 [pool-38-thread-1] INFO  server.RaftServerConfigKeys (ConfUtils.java:logGet(43)) - raft.server.sleep.deviation.threshold = 300 (default)
2019-08-28 19:58:42,977 [pool-38-thread-1] INFO  server.RaftServerConfigKeys (ConfUtils.java:logGet(43)) - raft.server.log.appender.install.snapshot.enabled = false (custom)
2019-08-28 19:58:42,977 [pool-38-thread-1] INFO  impl.RaftServerImpl (ServerState.java:<init>(105)) - 6468f44a-274a-4bf0-805e-bf8a5cf6df50:group-894B53D06086 ConfigurationManager, init=-1: [6468f44a-274a-4bf0-805e-bf8a5cf6df50:192.168.36.107:33672], old=null, confs=<EMPTY_MAP>
2019-08-28 19:58:42,977 [pool-38-thread-1] INFO  server.RaftServerConfigKeys (ConfUtils.java:logGet(43)) - raft.server.storage.dir = [/workdir/hadoop-ozone/integration-test/target/test-dir/MiniOzoneClusterImpl-0a1989d7-c66c-4856-b49a-b1e0df50d07d/datanode-1/data/ratis] (custom)
2019-08-28 19:58:42,978 [pool-38-thread-1] INFO  storage.RaftStorageDirectory (RaftStorageDirectory.java:analyzeStorage(246)) - The storage directory /workdir/hadoop-ozone/integration-test/target/test-dir/MiniOzoneClusterImpl-0a1989d7-c66c-4856-b49a-b1e0df50d07d/datanode-1/data/ratis/04a14922-a192-43c6-8750-894b53d06086 does not exist. Creating ...
2019-08-28 19:58:43,023 [pool-38-thread-1] INFO  storage.RaftStorageDirectory (RaftStorageDirectory.java:tryLock(328)) - Lock on /workdir/hadoop-ozone/integration-test/target/test-dir/MiniOzoneClusterImpl-0a1989d7-c66c-4856-b49a-b1e0df50d07d/datanode-1/data/ratis/04a14922-a192-43c6-8750-894b53d06086/in_use.lock acquired by nodename 22922@pr-hdds-1949-jn7bv-2990118995
2019-08-28 19:58:43,042 [pool-38-thread-1] INFO  storage.RaftStorage (RaftStorage.java:format(72)) - Storage directory /workdir/hadoop-ozone/integration-test/target/test-dir/MiniOzoneClusterImpl-0a1989d7-c66c-4856-b49a-b1e0df50d07d/datanode-1/data/ratis/04a14922-a192-43c6-8750-894b53d06086 has been successfully formatted.
2019-08-28 19:58:43,042 [pool-38-thread-1] INFO  ratis.ContainerStateMachine (ContainerStateMachine.java:loadSnapshot(227)) - group-894B53D06086: The snapshot info is null. Setting the last applied indexto:(t:0, i:~)
2019-08-28 19:58:43,043 [pool-38-thread-1] INFO  server.RaftServerConfigKeys (ConfUtils.java:logGet(43)) - raft.server.leader.election.timeout = 120s (custom)
2019-08-28 19:58:43,043 [pool-38-thread-1] INFO  server.RaftServerConfigKeys (ConfUtils.java:logGet(43)) - raft.server.log.use.memory = false (default)
2019-08-28 19:58:43,043 [pool-38-thread-1] INFO  server.RaftServerConfigKeys (ConfUtils.java:logGet(43)) - raft.server.log.purge.gap = 1000000 (custom)
2019-08-28 19:58:43,043 [pool-38-thread-1] INFO  server.RaftServerConfigKeys (ConfUtils.java:logGet(43)) - raft.server.log.appender.buffer.byte-limit = 33554432 (custom)
2019-08-28 19:58:43,043 [pool-38-thread-1] INFO  server.RaftServerConfigKeys (ConfUtils.java:logGet(43)) - raft.server.log.segment.size.max = 1048576 (custom)
2019-08-28 19:58:43,043 [pool-38-thread-1] INFO  server.RaftServerConfigKeys (ConfUtils.java:logGet(43)) - raft.server.log.segment.cache.num.max = 2 (custom)
2019-08-28 19:58:43,043 [pool-38-thread-1] INFO  segmented.SegmentedRaftLogWorker (SegmentedRaftLogWorker.java:<init>(172)) - new 6468f44a-274a-4bf0-805e-bf8a5cf6df50-SegmentedRaftLogWorker:Storage Directory /workdir/hadoop-ozone/integration-test/target/test-dir/MiniOzoneClusterImpl-0a1989d7-c66c-4856-b49a-b1e0df50d07d/datanode-1/data/ratis/04a14922-a192-43c6-8750-894b53d06086 for RaftStorage:Storage Directory /workdir/hadoop-ozone/integration-test/target/test-dir/MiniOzoneClusterImpl-0a1989d7-c66c-4856-b49a-b1e0df50d07d/datanode-1/data/ratis/04a14922-a192-43c6-8750-894b53d06086
2019-08-28 19:58:43,043 [pool-38-thread-1] INFO  server.RaftServerConfigKeys (ConfUtils.java:logGet(43)) - raft.server.log.queue.byte-limit = 2147483647 (custom)
2019-08-28 19:58:43,044 [pool-38-thread-1] INFO  server.RaftServerConfigKeys (ConfUtils.java:logGet(43)) - raft.server.log.queue.element-limit = 1024 (custom)
2019-08-28 19:58:43,044 [pool-38-thread-1] INFO  server.RaftServerConfigKeys (ConfUtils.java:logGet(43)) - raft.server.log.segment.size.max = 1048576 (custom)
2019-08-28 19:58:43,044 [pool-38-thread-1] INFO  server.RaftServerConfigKeys (ConfUtils.java:logGet(43)) - raft.server.log.preallocated.size = 16384 (custom)
2019-08-28 19:58:43,044 [pool-38-thread-1] INFO  server.RaftServerConfigKeys (ConfUtils.java:logGet(43)) - raft.server.log.write.buffer.size = 33554432 (custom)
2019-08-28 19:58:43,044 [pool-38-thread-1] INFO  server.RaftServerConfigKeys (ConfUtils.java:logGet(43)) - raft.server.log.force.sync.num = 128 (default)
2019-08-28 19:58:43,044 [pool-38-thread-1] INFO  server.RaftServerConfigKeys (ConfUtils.java:logGet(43)) - raft.server.log.statemachine.data.sync = true (default)
2019-08-28 19:58:43,044 [pool-38-thread-1] INFO  server.RaftServerConfigKeys (ConfUtils.java:logGet(43)) - raft.server.log.statemachine.data.sync.timeout = 10s (default)
2019-08-28 19:58:43,044 [pool-38-thread-1] INFO  server.RaftServerConfigKeys (ConfUtils.java:logGet(43)) - raft.server.log.statemachine.data.sync.timeout.retry = -1 (default)
2019-08-28 19:58:43,045 [pool-38-thread-1] INFO  server.RaftServerConfigKeys (ConfUtils.java:logGet(43)) - raft.server.log.statemachine.data.caching.enabled = true (custom)
2019-08-28 19:58:43,045 [pool-38-thread-1] INFO  segmented.SegmentedRaftLogWorker (SegmentedRaftLogWorker.java:lambda$new$0(132)) - 6468f44a-274a-4bf0-805e-bf8a5cf6df50-SegmentedRaftLogWorker:Storage Directory /workdir/hadoop-ozone/integration-test/target/test-dir/MiniOzoneClusterImpl-0a1989d7-c66c-4856-b49a-b1e0df50d07d/datanode-1/data/ratis/04a14922-a192-43c6-8750-894b53d06086: flushIndex: setUnconditionally 0 -> -1
2019-08-28 19:58:43,045 [pool-38-thread-1] INFO  server.RaftServerConfigKeys (ConfUtils.java:logGet(43)) - raft.server.snapshot.auto.trigger.enabled = true (custom)
2019-08-28 19:58:43,045 [pool-38-thread-1] INFO  server.RaftServerConfigKeys (ConfUtils.java:logGet(43)) - raft.server.snapshot.auto.trigger.threshold = 10000 (custom)
2019-08-28 19:58:43,046 [pool-38-thread-1] INFO  server.RaftServerConfigKeys (ConfUtils.java:logGet(43)) - raft.server.retrycache.expirytime = 600000ms (custom)
2019-08-28 19:58:43,046 [pool-38-thread-1] INFO  impl.RaftServerImpl (RaftServerImpl.java:start(180)) - 6468f44a-274a-4bf0-805e-bf8a5cf6df50: start group-894B53D06086
2019-08-28 19:58:43,046 [pool-38-thread-1] INFO  impl.RaftServerImpl (RaftServerImpl.java:setRole(171)) - 6468f44a-274a-4bf0-805e-bf8a5cf6df50:group-894B53D06086 changes role from null to FOLLOWER at term 0 for startAsFollower
2019-08-28 19:58:43,046 [pool-38-thread-1] INFO  impl.RoleInfo (RoleInfo.java:updateAndGet(143)) - 6468f44a-274a-4bf0-805e-bf8a5cf6df50: start FollowerState
2019-08-28 19:58:43,046 [pool-38-thread-1] INFO  util.JmxRegister (JmxRegister.java:tryRegister(44)) - Successfully registered JMX Bean with object name Ratis:service=RaftServer,group=group-894B53D06086,id=6468f44a-274a-4bf0-805e-bf8a5cf6df50
2019-08-28 19:58:43,063 [RatisPipelineUtilsThread] INFO  pipeline.PipelineStateManager (PipelineStateManager.java:addPipeline(56)) - Created pipeline Pipeline[ Id: 04a14922-a192-43c6-8750-894b53d06086, Nodes: 6468f44a-274a-4bf0-805e-bf8a5cf6df50{ip: 192.168.36.107, host: pr-hdds-1949-jn7bv-2990118995, networkLocation: /default-rack, certSerialId: null}, Type:RATIS, Factor:ONE, State:OPEN]
2019-08-28 19:58:43,084 [grpc-default-executor-0] INFO  impl.RaftServerProxy (RaftServerProxy.java:addNew(89)) - 836fb2ea-40c7-4faf-82a4-0607f2372ff2: addNew group-BF51FEF920C9:[836fb2ea-40c7-4faf-82a4-0607f2372ff2:192.168.36.107:34482] returns group-BF51FEF920C9:java.util.concurrent.CompletableFuture@36faccd5[Not completed]
2019-08-28 19:58:43,087 [pool-49-thread-1] INFO  impl.RaftServerImpl (RaftServerImpl.java:<init>(93)) - 836fb2ea-40c7-4faf-82a4-0607f2372ff2: new RaftServerImpl for group-BF51FEF920C9:[836fb2ea-40c7-4faf-82a4-0607f2372ff2:192.168.36.107:34482] with ContainerStateMachine:uninitialized
2019-08-28 19:58:43,088 [pool-49-thread-1] INFO  server.RaftServerConfigKeys (ConfUtils.java:logGet(43)) - raft.server.rpc.timeout.min = 5s (custom)
2019-08-28 19:58:43,088 [pool-49-thread-1] INFO  server.RaftServerConfigKeys (ConfUtils.java:logGet(43)) - raft.server.rpc.timeout.max = 5200ms (custom)
2019-08-28 19:58:43,088 [pool-49-thread-1] INFO  server.RaftServerConfigKeys (ConfUtils.java:logGet(43)) - raft.server.rpcslowness.timeout = 120s (custom)
2019-08-28 19:58:43,088 [pool-49-thread-1] INFO  server.RaftServerConfigKeys (ConfUtils.java:logGet(43)) - raft.server.sleep.deviation.threshold = 300 (default)
2019-08-28 19:58:43,088 [pool-49-thread-1] INFO  server.RaftServerConfigKeys (ConfUtils.java:logGet(43)) - raft.server.log.appender.install.snapshot.enabled = false (custom)
2019-08-28 19:58:43,089 [pool-49-thread-1] INFO  impl.RaftServerImpl (ServerState.java:<init>(105)) - 836fb2ea-40c7-4faf-82a4-0607f2372ff2:group-BF51FEF920C9 ConfigurationManager, init=-1: [836fb2ea-40c7-4faf-82a4-0607f2372ff2:192.168.36.107:34482], old=null, confs=<EMPTY_MAP>
2019-08-28 19:58:43,089 [pool-49-thread-1] INFO  server.RaftServerConfigKeys (ConfUtils.java:logGet(43)) - raft.server.storage.dir = [/workdir/hadoop-ozone/integration-test/target/test-dir/MiniOzoneClusterImpl-0a1989d7-c66c-4856-b49a-b1e0df50d07d/datanode-2/data/ratis] (custom)
2019-08-28 19:58:43,090 [pool-49-thread-1] INFO  storage.RaftStorageDirectory (RaftStorageDirectory.java:analyzeStorage(246)) - The storage directory /workdir/hadoop-ozone/integration-test/target/test-dir/MiniOzoneClusterImpl-0a1989d7-c66c-4856-b49a-b1e0df50d07d/datanode-2/data/ratis/1335e4ec-b2ea-4a64-aae8-bf51fef920c9 does not exist. Creating ...
2019-08-28 19:58:43,120 [pool-49-thread-1] INFO  storage.RaftStorageDirectory (RaftStorageDirectory.java:tryLock(328)) - Lock on /workdir/hadoop-ozone/integration-test/target/test-dir/MiniOzoneClusterImpl-0a1989d7-c66c-4856-b49a-b1e0df50d07d/datanode-2/data/ratis/1335e4ec-b2ea-4a64-aae8-bf51fef920c9/in_use.lock acquired by nodename 22922@pr-hdds-1949-jn7bv-2990118995
2019-08-28 19:58:43,176 [pool-49-thread-1] INFO  storage.RaftStorage (RaftStorage.java:format(72)) - Storage directory /workdir/hadoop-ozone/integration-test/target/test-dir/MiniOzoneClusterImpl-0a1989d7-c66c-4856-b49a-b1e0df50d07d/datanode-2/data/ratis/1335e4ec-b2ea-4a64-aae8-bf51fef920c9 has been successfully formatted.
2019-08-28 19:58:43,177 [pool-49-thread-1] INFO  ratis.ContainerStateMachine (ContainerStateMachine.java:loadSnapshot(227)) - group-BF51FEF920C9: The snapshot info is null. Setting the last applied indexto:(t:0, i:~)
2019-08-28 19:58:43,177 [pool-49-thread-1] INFO  server.RaftServerConfigKeys (ConfUtils.java:logGet(43)) - raft.server.leader.election.timeout = 120s (custom)
2019-08-28 19:58:43,177 [pool-49-thread-1] INFO  server.RaftServerConfigKeys (ConfUtils.java:logGet(43)) - raft.server.log.use.memory = false (default)
2019-08-28 19:58:43,177 [pool-49-thread-1] INFO  server.RaftServerConfigKeys (ConfUtils.java:logGet(43)) - raft.server.log.purge.gap = 1000000 (custom)
2019-08-28 19:58:43,178 [pool-49-thread-1] INFO  server.RaftServerConfigKeys (ConfUtils.java:logGet(43)) - raft.server.log.appender.buffer.byte-limit = 33554432 (custom)
2019-08-28 19:58:43,178 [pool-49-thread-1] INFO  server.RaftServerConfigKeys (ConfUtils.java:logGet(43)) - raft.server.log.segment.size.max = 1048576 (custom)
2019-08-28 19:58:43,178 [pool-49-thread-1] INFO  server.RaftServerConfigKeys (ConfUtils.java:logGet(43)) - raft.server.log.segment.cache.num.max = 2 (custom)
2019-08-28 19:58:43,178 [pool-49-thread-1] INFO  segmented.SegmentedRaftLogWorker (SegmentedRaftLogWorker.java:<init>(172)) - new 836fb2ea-40c7-4faf-82a4-0607f2372ff2-SegmentedRaftLogWorker:Storage Directory /workdir/hadoop-ozone/integration-test/target/test-dir/MiniOzoneClusterImpl-0a1989d7-c66c-4856-b49a-b1e0df50d07d/datanode-2/data/ratis/1335e4ec-b2ea-4a64-aae8-bf51fef920c9 for RaftStorage:Storage Directory /workdir/hadoop-ozone/integration-test/target/test-dir/MiniOzoneClusterImpl-0a1989d7-c66c-4856-b49a-b1e0df50d07d/datanode-2/data/ratis/1335e4ec-b2ea-4a64-aae8-bf51fef920c9
2019-08-28 19:58:43,178 [pool-49-thread-1] INFO  server.RaftServerConfigKeys (ConfUtils.java:logGet(43)) - raft.server.log.queue.byte-limit = 2147483647 (custom)
2019-08-28 19:58:43,178 [pool-49-thread-1] INFO  server.RaftServerConfigKeys (ConfUtils.java:logGet(43)) - raft.server.log.queue.element-limit = 1024 (custom)
2019-08-28 19:58:43,179 [pool-49-thread-1] INFO  server.RaftServerConfigKeys (ConfUtils.java:logGet(43)) - raft.server.log.segment.size.max = 1048576 (custom)
2019-08-28 19:58:43,179 [pool-49-thread-1] INFO  server.RaftServerConfigKeys (ConfUtils.java:logGet(43)) - raft.server.log.preallocated.size = 16384 (custom)
2019-08-28 19:58:43,179 [pool-49-thread-1] INFO  server.RaftServerConfigKeys (ConfUtils.java:logGet(43)) - raft.server.log.write.buffer.size = 33554432 (custom)
2019-08-28 19:58:43,179 [pool-49-thread-1] INFO  server.RaftServerConfigKeys (ConfUtils.java:logGet(43)) - raft.server.log.force.sync.num = 128 (default)
2019-08-28 19:58:43,179 [pool-49-thread-1] INFO  server.RaftServerConfigKeys (ConfUtils.java:logGet(43)) - raft.server.log.statemachine.data.sync = true (default)
2019-08-28 19:58:43,179 [pool-49-thread-1] INFO  server.RaftServerConfigKeys (ConfUtils.java:logGet(43)) - raft.server.log.statemachine.data.sync.timeout = 10s (default)
2019-08-28 19:58:43,179 [pool-49-thread-1] INFO  server.RaftServerConfigKeys (ConfUtils.java:logGet(43)) - raft.server.log.statemachine.data.sync.timeout.retry = -1 (default)
2019-08-28 19:58:43,180 [pool-49-thread-1] INFO  server.RaftServerConfigKeys (ConfUtils.java:logGet(43)) - raft.server.log.statemachine.data.caching.enabled = true (custom)
2019-08-28 19:58:43,180 [pool-49-thread-1] INFO  segmented.SegmentedRaftLogWorker (SegmentedRaftLogWorker.java:lambda$new$0(132)) - 836fb2ea-40c7-4faf-82a4-0607f2372ff2-SegmentedRaftLogWorker:Storage Directory /workdir/hadoop-ozone/integration-test/target/test-dir/MiniOzoneClusterImpl-0a1989d7-c66c-4856-b49a-b1e0df50d07d/datanode-2/data/ratis/1335e4ec-b2ea-4a64-aae8-bf51fef920c9: flushIndex: setUnconditionally 0 -> -1
2019-08-28 19:58:43,180 [pool-49-thread-1] INFO  server.RaftServerConfigKeys (ConfUtils.java:logGet(43)) - raft.server.snapshot.auto.trigger.enabled = true (custom)
2019-08-28 19:58:43,181 [pool-49-thread-1] INFO  server.RaftServerConfigKeys (ConfUtils.java:logGet(43)) - raft.server.snapshot.auto.trigger.threshold = 10000 (custom)
2019-08-28 19:58:43,181 [pool-49-thread-1] INFO  server.RaftServerConfigKeys (ConfUtils.java:logGet(43)) - raft.server.retrycache.expirytime = 600000ms (custom)
2019-08-28 19:58:43,181 [pool-49-thread-1] INFO  impl.RaftServerImpl (RaftServerImpl.java:start(180)) - 836fb2ea-40c7-4faf-82a4-0607f2372ff2: start group-BF51FEF920C9
2019-08-28 19:58:43,181 [pool-49-thread-1] INFO  impl.RaftServerImpl (RaftServerImpl.java:setRole(171)) - 836fb2ea-40c7-4faf-82a4-0607f2372ff2:group-BF51FEF920C9 changes role from null to FOLLOWER at term 0 for startAsFollower
2019-08-28 19:58:43,181 [pool-49-thread-1] INFO  impl.RoleInfo (RoleInfo.java:updateAndGet(143)) - 836fb2ea-40c7-4faf-82a4-0607f2372ff2: start FollowerState
2019-08-28 19:58:43,182 [pool-49-thread-1] INFO  util.JmxRegister (JmxRegister.java:tryRegister(44)) - Successfully registered JMX Bean with object name Ratis:service=RaftServer,group=group-BF51FEF920C9,id=836fb2ea-40c7-4faf-82a4-0607f2372ff2
2019-08-28 19:58:43,194 [RatisPipelineUtilsThread] INFO  pipeline.PipelineStateManager (PipelineStateManager.java:addPipeline(56)) - Created pipeline Pipeline[ Id: 1335e4ec-b2ea-4a64-aae8-bf51fef920c9, Nodes: 836fb2ea-40c7-4faf-82a4-0607f2372ff2{ip: 192.168.36.107, host: pr-hdds-1949-jn7bv-2990118995, networkLocation: /default-rack, certSerialId: null}, Type:RATIS, Factor:ONE, State:OPEN]
2019-08-28 19:58:43,219 [grpc-default-executor-0] INFO  impl.RaftServerProxy (RaftServerProxy.java:addNew(89)) - 01143d5c-8004-4731-8abc-97382e446a21: addNew group-E4C0356CD4EC:[01143d5c-8004-4731-8abc-97382e446a21:192.168.36.107:38521] returns group-E4C0356CD4EC:java.util.concurrent.CompletableFuture@50a9e202[Not completed]
2019-08-28 19:58:43,223 [pool-60-thread-1] INFO  impl.RaftServerImpl (RaftServerImpl.java:<init>(93)) - 01143d5c-8004-4731-8abc-97382e446a21: new RaftServerImpl for group-E4C0356CD4EC:[01143d5c-8004-4731-8abc-97382e446a21:192.168.36.107:38521] with ContainerStateMachine:uninitialized
2019-08-28 19:58:43,224 [pool-60-thread-1] INFO  server.RaftServerConfigKeys (ConfUtils.java:logGet(43)) - raft.server.rpc.timeout.min = 5s (custom)
2019-08-28 19:58:43,224 [pool-60-thread-1] INFO  server.RaftServerConfigKeys (ConfUtils.java:logGet(43)) - raft.server.rpc.timeout.max = 5200ms (custom)
2019-08-28 19:58:43,224 [pool-60-thread-1] INFO  server.RaftServerConfigKeys (ConfUtils.java:logGet(43)) - raft.server.rpcslowness.timeout = 120s (custom)
2019-08-28 19:58:43,224 [pool-60-thread-1] INFO  server.RaftServerConfigKeys (ConfUtils.java:logGet(43)) - raft.server.sleep.deviation.threshold = 300 (default)
2019-08-28 19:58:43,224 [pool-60-thread-1] INFO  server.RaftServerConfigKeys (ConfUtils.java:logGet(43)) - raft.server.log.appender.install.snapshot.enabled = false (custom)
2019-08-28 19:58:43,224 [pool-60-thread-1] INFO  impl.RaftServerImpl (ServerState.java:<init>(105)) - 01143d5c-8004-4731-8abc-97382e446a21:group-E4C0356CD4EC ConfigurationManager, init=-1: [01143d5c-8004-4731-8abc-97382e446a21:192.168.36.107:38521], old=null, confs=<EMPTY_MAP>
2019-08-28 19:58:43,225 [pool-60-thread-1] INFO  server.RaftServerConfigKeys (ConfUtils.java:logGet(43)) - raft.server.storage.dir = [/workdir/hadoop-ozone/integration-test/target/test-dir/MiniOzoneClusterImpl-0a1989d7-c66c-4856-b49a-b1e0df50d07d/datanode-3/data/ratis] (custom)
2019-08-28 19:58:43,225 [pool-60-thread-1] INFO  storage.RaftStorageDirectory (RaftStorageDirectory.java:analyzeStorage(246)) - The storage directory /workdir/hadoop-ozone/integration-test/target/test-dir/MiniOzoneClusterImpl-0a1989d7-c66c-4856-b49a-b1e0df50d07d/datanode-3/data/ratis/05e3cdea-60b2-47a1-825e-e4c0356cd4ec does not exist. Creating ...
2019-08-28 19:58:43,243 [pool-60-thread-1] INFO  storage.RaftStorageDirectory (RaftStorageDirectory.java:tryLock(328)) - Lock on /workdir/hadoop-ozone/integration-test/target/test-dir/MiniOzoneClusterImpl-0a1989d7-c66c-4856-b49a-b1e0df50d07d/datanode-3/data/ratis/05e3cdea-60b2-47a1-825e-e4c0356cd4ec/in_use.lock acquired by nodename 22922@pr-hdds-1949-jn7bv-2990118995
2019-08-28 19:58:43,260 [pool-60-thread-1] INFO  storage.RaftStorage (RaftStorage.java:format(72)) - Storage directory /workdir/hadoop-ozone/integration-test/target/test-dir/MiniOzoneClusterImpl-0a1989d7-c66c-4856-b49a-b1e0df50d07d/datanode-3/data/ratis/05e3cdea-60b2-47a1-825e-e4c0356cd4ec has been successfully formatted.
2019-08-28 19:58:43,261 [pool-60-thread-1] INFO  ratis.ContainerStateMachine (ContainerStateMachine.java:loadSnapshot(227)) - group-E4C0356CD4EC: The snapshot info is null. Setting the last applied indexto:(t:0, i:~)
2019-08-28 19:58:43,261 [pool-60-thread-1] INFO  server.RaftServerConfigKeys (ConfUtils.java:logGet(43)) - raft.server.leader.election.timeout = 120s (custom)
2019-08-28 19:58:43,261 [pool-60-thread-1] INFO  server.RaftServerConfigKeys (ConfUtils.java:logGet(43)) - raft.server.log.use.memory = false (default)
2019-08-28 19:58:43,261 [pool-60-thread-1] INFO  server.RaftServerConfigKeys (ConfUtils.java:logGet(43)) - raft.server.log.purge.gap = 1000000 (custom)
2019-08-28 19:58:43,261 [pool-60-thread-1] INFO  server.RaftServerConfigKeys (ConfUtils.java:logGet(43)) - raft.server.log.appender.buffer.byte-limit = 33554432 (custom)
2019-08-28 19:58:43,261 [pool-60-thread-1] INFO  server.RaftServerConfigKeys (ConfUtils.java:logGet(43)) - raft.server.log.segment.size.max = 1048576 (custom)
2019-08-28 19:58:43,262 [pool-60-thread-1] INFO  server.RaftServerConfigKeys (ConfUtils.java:logGet(43)) - raft.server.log.segment.cache.num.max = 2 (custom)
2019-08-28 19:58:43,262 [pool-60-thread-1] INFO  segmented.SegmentedRaftLogWorker (SegmentedRaftLogWorker.java:<init>(172)) - new 01143d5c-8004-4731-8abc-97382e446a21-SegmentedRaftLogWorker:Storage Directory /workdir/hadoop-ozone/integration-test/target/test-dir/MiniOzoneClusterImpl-0a1989d7-c66c-4856-b49a-b1e0df50d07d/datanode-3/data/ratis/05e3cdea-60b2-47a1-825e-e4c0356cd4ec for RaftStorage:Storage Directory /workdir/hadoop-ozone/integration-test/target/test-dir/MiniOzoneClusterImpl-0a1989d7-c66c-4856-b49a-b1e0df50d07d/datanode-3/data/ratis/05e3cdea-60b2-47a1-825e-e4c0356cd4ec
2019-08-28 19:58:43,262 [pool-60-thread-1] INFO  server.RaftServerConfigKeys (ConfUtils.java:logGet(43)) - raft.server.log.queue.byte-limit = 2147483647 (custom)
2019-08-28 19:58:43,262 [pool-60-thread-1] INFO  server.RaftServerConfigKeys (ConfUtils.java:logGet(43)) - raft.server.log.queue.element-limit = 1024 (custom)
2019-08-28 19:58:43,262 [pool-60-thread-1] INFO  server.RaftServerConfigKeys (ConfUtils.java:logGet(43)) - raft.server.log.segment.size.max = 1048576 (custom)
2019-08-28 19:58:43,262 [pool-60-thread-1] INFO  server.RaftServerConfigKeys (ConfUtils.java:logGet(43)) - raft.server.log.preallocated.size = 16384 (custom)
2019-08-28 19:58:43,263 [pool-60-thread-1] INFO  server.RaftServerConfigKeys (ConfUtils.java:logGet(43)) - raft.server.log.write.buffer.size = 33554432 (custom)
2019-08-28 19:58:43,263 [pool-60-thread-1] INFO  server.RaftServerConfigKeys (ConfUtils.java:logGet(43)) - raft.server.log.force.sync.num = 128 (default)
2019-08-28 19:58:43,263 [pool-60-thread-1] INFO  server.RaftServerConfigKeys (ConfUtils.java:logGet(43)) - raft.server.log.statemachine.data.sync = true (default)
2019-08-28 19:58:43,263 [pool-60-thread-1] INFO  server.RaftServerConfigKeys (ConfUtils.java:logGet(43)) - raft.server.log.statemachine.data.sync.timeout = 10s (default)
2019-08-28 19:58:43,263 [pool-60-thread-1] INFO  server.RaftServerConfigKeys (ConfUtils.java:logGet(43)) - raft.server.log.statemachine.data.sync.timeout.retry = -1 (default)
2019-08-28 19:58:43,263 [pool-60-thread-1] INFO  server.RaftServerConfigKeys (ConfUtils.java:logGet(43)) - raft.server.log.statemachine.data.caching.enabled = true (custom)
2019-08-28 19:58:43,264 [pool-60-thread-1] INFO  segmented.SegmentedRaftLogWorker (SegmentedRaftLogWorker.java:lambda$new$0(132)) - 01143d5c-8004-4731-8abc-97382e446a21-SegmentedRaftLogWorker:Storage Directory /workdir/hadoop-ozone/integration-test/target/test-dir/MiniOzoneClusterImpl-0a1989d7-c66c-4856-b49a-b1e0df50d07d/datanode-3/data/ratis/05e3cdea-60b2-47a1-825e-e4c0356cd4ec: flushIndex: setUnconditionally 0 -> -1
2019-08-28 19:58:43,264 [pool-60-thread-1] INFO  server.RaftServerConfigKeys (ConfUtils.java:logGet(43)) - raft.server.snapshot.auto.trigger.enabled = true (custom)
2019-08-28 19:58:43,264 [pool-60-thread-1] INFO  server.RaftServerConfigKeys (ConfUtils.java:logGet(43)) - raft.server.snapshot.auto.trigger.threshold = 10000 (custom)
2019-08-28 19:58:43,264 [pool-60-thread-1] INFO  server.RaftServerConfigKeys (ConfUtils.java:logGet(43)) - raft.server.retrycache.expirytime = 600000ms (custom)
2019-08-28 19:58:43,265 [pool-60-thread-1] INFO  impl.RaftServerImpl (RaftServerImpl.java:start(180)) - 01143d5c-8004-4731-8abc-97382e446a21: start group-E4C0356CD4EC
2019-08-28 19:58:43,265 [pool-60-thread-1] INFO  impl.RaftServerImpl (RaftServerImpl.java:setRole(171)) - 01143d5c-8004-4731-8abc-97382e446a21:group-E4C0356CD4EC changes role from null to FOLLOWER at term 0 for startAsFollower
2019-08-28 19:58:43,265 [pool-60-thread-1] INFO  impl.RoleInfo (RoleInfo.java:updateAndGet(143)) - 01143d5c-8004-4731-8abc-97382e446a21: start FollowerState
2019-08-28 19:58:43,265 [pool-60-thread-1] INFO  util.JmxRegister (JmxRegister.java:tryRegister(44)) - Successfully registered JMX Bean with object name Ratis:service=RaftServer,group=group-E4C0356CD4EC,id=01143d5c-8004-4731-8abc-97382e446a21
2019-08-28 19:58:43,275 [RatisPipelineUtilsThread] INFO  pipeline.PipelineStateManager (PipelineStateManager.java:addPipeline(56)) - Created pipeline Pipeline[ Id: 05e3cdea-60b2-47a1-825e-e4c0356cd4ec, Nodes: 01143d5c-8004-4731-8abc-97382e446a21{ip: 192.168.36.107, host: pr-hdds-1949-jn7bv-2990118995, networkLocation: /default-rack, certSerialId: null}, Type:RATIS, Factor:ONE, State:OPEN]
2019-08-28 19:58:43,289 [main] INFO  ozone.MiniOzoneClusterImpl (MiniOzoneClusterImpl.java:lambda$waitForClusterToBeReady$0(142)) - Cluster is ready. Got 7 of 7 DN Heartbeats.
2019-08-28 19:58:43,289 [grpc-default-executor-0] INFO  impl.RaftServerProxy (RaftServerProxy.java:addNew(89)) - dfe079fe-b43b-4b11-9eb7-bf995535c771: addNew group-A0678F5F3D93:[dfe079fe-b43b-4b11-9eb7-bf995535c771:192.168.36.107:44027] returns group-A0678F5F3D93:java.util.concurrent.CompletableFuture@2a1c111b[Not completed]
2019-08-28 19:58:43,293 [pool-71-thread-1] INFO  impl.RaftServerImpl (RaftServerImpl.java:<init>(93)) - dfe079fe-b43b-4b11-9eb7-bf995535c771: new RaftServerImpl for group-A0678F5F3D93:[dfe079fe-b43b-4b11-9eb7-bf995535c771:192.168.36.107:44027] with ContainerStateMachine:uninitialized
2019-08-28 19:58:43,293 [pool-71-thread-1] INFO  server.RaftServerConfigKeys (ConfUtils.java:logGet(43)) - raft.server.rpc.timeout.min = 5s (custom)
2019-08-28 19:58:43,293 [pool-71-thread-1] INFO  server.RaftServerConfigKeys (ConfUtils.java:logGet(43)) - raft.server.rpc.timeout.max = 5200ms (custom)
2019-08-28 19:58:43,293 [pool-71-thread-1] INFO  server.RaftServerConfigKeys (ConfUtils.java:logGet(43)) - raft.server.rpcslowness.timeout = 120s (custom)
2019-08-28 19:58:43,293 [pool-71-thread-1] INFO  server.RaftServerConfigKeys (ConfUtils.java:logGet(43)) - raft.server.sleep.deviation.threshold = 300 (default)
2019-08-28 19:58:43,293 [pool-71-thread-1] INFO  server.RaftServerConfigKeys (ConfUtils.java:logGet(43)) - raft.server.log.appender.install.snapshot.enabled = false (custom)
2019-08-28 19:58:43,293 [pool-71-thread-1] INFO  impl.RaftServerImpl (ServerState.java:<init>(105)) - dfe079fe-b43b-4b11-9eb7-bf995535c771:group-A0678F5F3D93 ConfigurationManager, init=-1: [dfe079fe-b43b-4b11-9eb7-bf995535c771:192.168.36.107:44027], old=null, confs=<EMPTY_MAP>
2019-08-28 19:58:43,293 [pool-71-thread-1] INFO  server.RaftServerConfigKeys (ConfUtils.java:logGet(43)) - raft.server.storage.dir = [/workdir/hadoop-ozone/integration-test/target/test-dir/MiniOzoneClusterImpl-0a1989d7-c66c-4856-b49a-b1e0df50d07d/datanode-4/data/ratis] (custom)
2019-08-28 19:58:43,294 [pool-71-thread-1] INFO  storage.RaftStorageDirectory (RaftStorageDirectory.java:analyzeStorage(246)) - The storage directory /workdir/hadoop-ozone/integration-test/target/test-dir/MiniOzoneClusterImpl-0a1989d7-c66c-4856-b49a-b1e0df50d07d/datanode-4/data/ratis/b2256b4b-7202-48a4-97be-a0678f5f3d93 does not exist. Creating ...
2019-08-28 19:58:43,311 [pool-71-thread-1] INFO  storage.RaftStorageDirectory (RaftStorageDirectory.java:tryLock(328)) - Lock on /workdir/hadoop-ozone/integration-test/target/test-dir/MiniOzoneClusterImpl-0a1989d7-c66c-4856-b49a-b1e0df50d07d/datanode-4/data/ratis/b2256b4b-7202-48a4-97be-a0678f5f3d93/in_use.lock acquired by nodename 22922@pr-hdds-1949-jn7bv-2990118995
2019-08-28 19:58:43,336 [pool-71-thread-1] INFO  storage.RaftStorage (RaftStorage.java:format(72)) - Storage directory /workdir/hadoop-ozone/integration-test/target/test-dir/MiniOzoneClusterImpl-0a1989d7-c66c-4856-b49a-b1e0df50d07d/datanode-4/data/ratis/b2256b4b-7202-48a4-97be-a0678f5f3d93 has been successfully formatted.
2019-08-28 19:58:43,337 [pool-71-thread-1] INFO  ratis.ContainerStateMachine (ContainerStateMachine.java:loadSnapshot(227)) - group-A0678F5F3D93: The snapshot info is null. Setting the last applied indexto:(t:0, i:~)
2019-08-28 19:58:43,337 [pool-71-thread-1] INFO  server.RaftServerConfigKeys (ConfUtils.java:logGet(43)) - raft.server.leader.election.timeout = 120s (custom)
2019-08-28 19:58:43,337 [pool-71-thread-1] INFO  server.RaftServerConfigKeys (ConfUtils.java:logGet(43)) - raft.server.log.use.memory = false (default)
2019-08-28 19:58:43,337 [pool-71-thread-1] INFO  server.RaftServerConfigKeys (ConfUtils.java:logGet(43)) - raft.server.log.purge.gap = 1000000 (custom)
2019-08-28 19:58:43,337 [pool-71-thread-1] INFO  server.RaftServerConfigKeys (ConfUtils.java:logGet(43)) - raft.server.log.appender.buffer.byte-limit = 33554432 (custom)
2019-08-28 19:58:43,337 [pool-71-thread-1] INFO  server.RaftServerConfigKeys (ConfUtils.java:logGet(43)) - raft.server.log.segment.size.max = 1048576 (custom)
2019-08-28 19:58:43,337 [pool-71-thread-1] INFO  server.RaftServerConfigKeys (ConfUtils.java:logGet(43)) - raft.server.log.segment.cache.num.max = 2 (custom)
2019-08-28 19:58:43,338 [pool-71-thread-1] INFO  segmented.SegmentedRaftLogWorker (SegmentedRaftLogWorker.java:<init>(172)) - new dfe079fe-b43b-4b11-9eb7-bf995535c771-SegmentedRaftLogWorker:Storage Directory /workdir/hadoop-ozone/integration-test/target/test-dir/MiniOzoneClusterImpl-0a1989d7-c66c-4856-b49a-b1e0df50d07d/datanode-4/data/ratis/b2256b4b-7202-48a4-97be-a0678f5f3d93 for RaftStorage:Storage Directory /workdir/hadoop-ozone/integration-test/target/test-dir/MiniOzoneClusterImpl-0a1989d7-c66c-4856-b49a-b1e0df50d07d/datanode-4/data/ratis/b2256b4b-7202-48a4-97be-a0678f5f3d93
2019-08-28 19:58:43,338 [pool-71-thread-1] INFO  server.RaftServerConfigKeys (ConfUtils.java:logGet(43)) - raft.server.log.queue.byte-limit = 2147483647 (custom)
2019-08-28 19:58:43,338 [pool-71-thread-1] INFO  server.RaftServerConfigKeys (ConfUtils.java:logGet(43)) - raft.server.log.queue.element-limit = 1024 (custom)
2019-08-28 19:58:43,338 [pool-71-thread-1] INFO  server.RaftServerConfigKeys (ConfUtils.java:logGet(43)) - raft.server.log.segment.size.max = 1048576 (custom)
2019-08-28 19:58:43,338 [pool-71-thread-1] INFO  server.RaftServerConfigKeys (ConfUtils.java:logGet(43)) - raft.server.log.preallocated.size = 16384 (custom)
2019-08-28 19:58:43,338 [pool-71-thread-1] INFO  server.RaftServerConfigKeys (ConfUtils.java:logGet(43)) - raft.server.log.write.buffer.size = 33554432 (custom)
2019-08-28 19:58:43,339 [pool-71-thread-1] INFO  server.RaftServerConfigKeys (ConfUtils.java:logGet(43)) - raft.server.log.force.sync.num = 128 (default)
2019-08-28 19:58:43,339 [pool-71-thread-1] INFO  server.RaftServerConfigKeys (ConfUtils.java:logGet(43)) - raft.server.log.statemachine.data.sync = true (default)
2019-08-28 19:58:43,339 [pool-71-thread-1] INFO  server.RaftServerConfigKeys (ConfUtils.java:logGet(43)) - raft.server.log.statemachine.data.sync.timeout = 10s (default)
2019-08-28 19:58:43,339 [pool-71-thread-1] INFO  server.RaftServerConfigKeys (ConfUtils.java:logGet(43)) - raft.server.log.statemachine.data.sync.timeout.retry = -1 (default)
2019-08-28 19:58:43,339 [pool-71-thread-1] INFO  server.RaftServerConfigKeys (ConfUtils.java:logGet(43)) - raft.server.log.statemachine.data.caching.enabled = true (custom)
2019-08-28 19:58:43,340 [pool-71-thread-1] INFO  segmented.SegmentedRaftLogWorker (SegmentedRaftLogWorker.java:lambda$new$0(132)) - dfe079fe-b43b-4b11-9eb7-bf995535c771-SegmentedRaftLogWorker:Storage Directory /workdir/hadoop-ozone/integration-test/target/test-dir/MiniOzoneClusterImpl-0a1989d7-c66c-4856-b49a-b1e0df50d07d/datanode-4/data/ratis/b2256b4b-7202-48a4-97be-a0678f5f3d93: flushIndex: setUnconditionally 0 -> -1
2019-08-28 19:58:43,340 [pool-71-thread-1] INFO  server.RaftServerConfigKeys (ConfUtils.java:logGet(43)) - raft.server.snapshot.auto.trigger.enabled = true (custom)
2019-08-28 19:58:43,340 [pool-71-thread-1] INFO  server.RaftServerConfigKeys (ConfUtils.java:logGet(43)) - raft.server.snapshot.auto.trigger.threshold = 10000 (custom)
2019-08-28 19:58:43,340 [pool-71-thread-1] INFO  server.RaftServerConfigKeys (ConfUtils.java:logGet(43)) - raft.server.retrycache.expirytime = 600000ms (custom)
2019-08-28 19:58:43,341 [pool-71-thread-1] INFO  impl.RaftServerImpl (RaftServerImpl.java:start(180)) - dfe079fe-b43b-4b11-9eb7-bf995535c771: start group-A0678F5F3D93
2019-08-28 19:58:43,341 [pool-71-thread-1] INFO  impl.RaftServerImpl (RaftServerImpl.java:setRole(171)) - dfe079fe-b43b-4b11-9eb7-bf995535c771:group-A0678F5F3D93 changes role from null to FOLLOWER at term 0 for startAsFollower
2019-08-28 19:58:43,341 [pool-71-thread-1] INFO  impl.RoleInfo (RoleInfo.java:updateAndGet(143)) - dfe079fe-b43b-4b11-9eb7-bf995535c771: start FollowerState
2019-08-28 19:58:43,341 [pool-71-thread-1] INFO  util.JmxRegister (JmxRegister.java:tryRegister(44)) - Successfully registered JMX Bean with object name Ratis:service=RaftServer,group=group-A0678F5F3D93,id=dfe079fe-b43b-4b11-9eb7-bf995535c771
2019-08-28 19:58:43,355 [RatisPipelineUtilsThread] INFO  pipeline.PipelineStateManager (PipelineStateManager.java:addPipeline(56)) - Created pipeline Pipeline[ Id: b2256b4b-7202-48a4-97be-a0678f5f3d93, Nodes: dfe079fe-b43b-4b11-9eb7-bf995535c771{ip: 192.168.36.107, host: pr-hdds-1949-jn7bv-2990118995, networkLocation: /default-rack, certSerialId: null}, Type:RATIS, Factor:ONE, State:OPEN]
2019-08-28 19:58:43,382 [grpc-default-executor-1] INFO  impl.RaftServerProxy (RaftServerProxy.java:addNew(89)) - b0f82e7e-889f-47d6-915f-90c6ca20be67: addNew group-37E0854835AC:[4b027227-a2cd-44eb-b647-10bc08a09d4f:192.168.36.107:45159, b0f82e7e-889f-47d6-915f-90c6ca20be67:192.168.36.107:36215, a4e818e3-a12c-49ac-9be2-dae8a36de655:192.168.36.107:35700] returns group-37E0854835AC:java.util.concurrent.CompletableFuture@65fa382[Not completed]
2019-08-28 19:58:43,385 [grpc-default-executor-2] INFO  impl.RaftServerProxy (RaftServerProxy.java:addNew(89)) - a4e818e3-a12c-49ac-9be2-dae8a36de655: addNew group-37E0854835AC:[4b027227-a2cd-44eb-b647-10bc08a09d4f:192.168.36.107:45159, b0f82e7e-889f-47d6-915f-90c6ca20be67:192.168.36.107:36215, a4e818e3-a12c-49ac-9be2-dae8a36de655:192.168.36.107:35700] returns group-37E0854835AC:java.util.concurrent.CompletableFuture@42212b4d[Not completed]
2019-08-28 19:58:43,385 [grpc-default-executor-0] INFO  impl.RaftServerProxy (RaftServerProxy.java:addNew(89)) - 4b027227-a2cd-44eb-b647-10bc08a09d4f: addNew group-37E0854835AC:[4b027227-a2cd-44eb-b647-10bc08a09d4f:192.168.36.107:45159, b0f82e7e-889f-47d6-915f-90c6ca20be67:192.168.36.107:36215, a4e818e3-a12c-49ac-9be2-dae8a36de655:192.168.36.107:35700] returns group-37E0854835AC:java.util.concurrent.CompletableFuture@2c40d5f1[Not completed]
2019-08-28 19:58:43,386 [pool-82-thread-1] INFO  impl.RaftServerImpl (RaftServerImpl.java:<init>(93)) - b0f82e7e-889f-47d6-915f-90c6ca20be67: new RaftServerImpl for group-37E0854835AC:[4b027227-a2cd-44eb-b647-10bc08a09d4f:192.168.36.107:45159, b0f82e7e-889f-47d6-915f-90c6ca20be67:192.168.36.107:36215, a4e818e3-a12c-49ac-9be2-dae8a36de655:192.168.36.107:35700] with ContainerStateMachine:uninitialized
2019-08-28 19:58:43,386 [pool-82-thread-1] INFO  server.RaftServerConfigKeys (ConfUtils.java:logGet(43)) - raft.server.rpc.timeout.min = 5s (custom)
2019-08-28 19:58:43,386 [pool-82-thread-1] INFO  server.RaftServerConfigKeys (ConfUtils.java:logGet(43)) - raft.server.rpc.timeout.max = 5200ms (custom)
2019-08-28 19:58:43,386 [pool-82-thread-1] INFO  server.RaftServerConfigKeys (ConfUtils.java:logGet(43)) - raft.server.rpcslowness.timeout = 120s (custom)
2019-08-28 19:58:43,386 [pool-82-thread-1] INFO  server.RaftServerConfigKeys (ConfUtils.java:logGet(43)) - raft.server.sleep.deviation.threshold = 300 (default)
2019-08-28 19:58:43,387 [pool-82-thread-1] INFO  server.RaftServerConfigKeys (ConfUtils.java:logGet(43)) - raft.server.log.appender.install.snapshot.enabled = false (custom)
2019-08-28 19:58:43,387 [pool-93-thread-1] INFO  impl.RaftServerImpl (RaftServerImpl.java:<init>(93)) - 4b027227-a2cd-44eb-b647-10bc08a09d4f: new RaftServerImpl for group-37E0854835AC:[4b027227-a2cd-44eb-b647-10bc08a09d4f:192.168.36.107:45159, b0f82e7e-889f-47d6-915f-90c6ca20be67:192.168.36.107:36215, a4e818e3-a12c-49ac-9be2-dae8a36de655:192.168.36.107:35700] with ContainerStateMachine:uninitialized
2019-08-28 19:58:43,387 [pool-82-thread-1] INFO  impl.RaftServerImpl (ServerState.java:<init>(105)) - b0f82e7e-889f-47d6-915f-90c6ca20be67:group-37E0854835AC ConfigurationManager, init=-1: [4b027227-a2cd-44eb-b647-10bc08a09d4f:192.168.36.107:45159, b0f82e7e-889f-47d6-915f-90c6ca20be67:192.168.36.107:36215, a4e818e3-a12c-49ac-9be2-dae8a36de655:192.168.36.107:35700], old=null, confs=<EMPTY_MAP>
2019-08-28 19:58:43,387 [pool-93-thread-1] INFO  server.RaftServerConfigKeys (ConfUtils.java:logGet(43)) - raft.server.rpc.timeout.min = 5s (custom)
2019-08-28 19:58:43,387 [pool-82-thread-1] INFO  server.RaftServerConfigKeys (ConfUtils.java:logGet(43)) - raft.server.storage.dir = [/workdir/hadoop-ozone/integration-test/target/test-dir/MiniOzoneClusterImpl-0a1989d7-c66c-4856-b49a-b1e0df50d07d/datanode-5/data/ratis] (custom)
2019-08-28 19:58:43,387 [pool-93-thread-1] INFO  server.RaftServerConfigKeys (ConfUtils.java:logGet(43)) - raft.server.rpc.timeout.max = 5200ms (custom)
2019-08-28 19:58:43,387 [pool-93-thread-1] INFO  server.RaftServerConfigKeys (ConfUtils.java:logGet(43)) - raft.server.rpcslowness.timeout = 120s (custom)
2019-08-28 19:58:43,387 [pool-93-thread-1] INFO  server.RaftServerConfigKeys (ConfUtils.java:logGet(43)) - raft.server.sleep.deviation.threshold = 300 (default)
2019-08-28 19:58:43,387 [pool-82-thread-1] INFO  storage.RaftStorageDirectory (RaftStorageDirectory.java:analyzeStorage(246)) - The storage directory /workdir/hadoop-ozone/integration-test/target/test-dir/MiniOzoneClusterImpl-0a1989d7-c66c-4856-b49a-b1e0df50d07d/datanode-5/data/ratis/fc19fa3c-f21b-446c-abac-37e0854835ac does not exist. Creating ...
2019-08-28 19:58:43,387 [pool-27-thread-1] INFO  impl.RaftServerImpl (RaftServerImpl.java:<init>(93)) - a4e818e3-a12c-49ac-9be2-dae8a36de655: new RaftServerImpl for group-37E0854835AC:[4b027227-a2cd-44eb-b647-10bc08a09d4f:192.168.36.107:45159, b0f82e7e-889f-47d6-915f-90c6ca20be67:192.168.36.107:36215, a4e818e3-a12c-49ac-9be2-dae8a36de655:192.168.36.107:35700] with ContainerStateMachine:uninitialized
2019-08-28 19:58:43,388 [pool-93-thread-1] INFO  server.RaftServerConfigKeys (ConfUtils.java:logGet(43)) - raft.server.log.appender.install.snapshot.enabled = false (custom)
2019-08-28 19:58:43,388 [pool-27-thread-1] INFO  server.RaftServerConfigKeys (ConfUtils.java:logGet(43)) - raft.server.rpc.timeout.min = 5s (custom)
2019-08-28 19:58:43,388 [pool-93-thread-1] INFO  impl.RaftServerImpl (ServerState.java:<init>(105)) - 4b027227-a2cd-44eb-b647-10bc08a09d4f:group-37E0854835AC ConfigurationManager, init=-1: [4b027227-a2cd-44eb-b647-10bc08a09d4f:192.168.36.107:45159, b0f82e7e-889f-47d6-915f-90c6ca20be67:192.168.36.107:36215, a4e818e3-a12c-49ac-9be2-dae8a36de655:192.168.36.107:35700], old=null, confs=<EMPTY_MAP>
2019-08-28 19:58:43,388 [pool-27-thread-1] INFO  server.RaftServerConfigKeys (ConfUtils.java:logGet(43)) - raft.server.rpc.timeout.max = 5200ms (custom)
2019-08-28 19:58:43,388 [pool-93-thread-1] INFO  server.RaftServerConfigKeys (ConfUtils.java:logGet(43)) - raft.server.storage.dir = [/workdir/hadoop-ozone/integration-test/target/test-dir/MiniOzoneClusterImpl-0a1989d7-c66c-4856-b49a-b1e0df50d07d/datanode-6/data/ratis] (custom)
2019-08-28 19:58:43,388 [pool-27-thread-1] INFO  server.RaftServerConfigKeys (ConfUtils.java:logGet(43)) - raft.server.rpcslowness.timeout = 120s (custom)
2019-08-28 19:58:43,388 [pool-27-thread-1] INFO  server.RaftServerConfigKeys (ConfUtils.java:logGet(43)) - raft.server.sleep.deviation.threshold = 300 (default)
2019-08-28 19:58:43,389 [pool-27-thread-1] INFO  server.RaftServerConfigKeys (ConfUtils.java:logGet(43)) - raft.server.log.appender.install.snapshot.enabled = false (custom)
2019-08-28 19:58:43,389 [pool-93-thread-1] INFO  storage.RaftStorageDirectory (RaftStorageDirectory.java:analyzeStorage(246)) - The storage directory /workdir/hadoop-ozone/integration-test/target/test-dir/MiniOzoneClusterImpl-0a1989d7-c66c-4856-b49a-b1e0df50d07d/datanode-6/data/ratis/fc19fa3c-f21b-446c-abac-37e0854835ac does not exist. Creating ...
2019-08-28 19:58:43,389 [pool-27-thread-1] INFO  impl.RaftServerImpl (ServerState.java:<init>(105)) - a4e818e3-a12c-49ac-9be2-dae8a36de655:group-37E0854835AC ConfigurationManager, init=-1: [4b027227-a2cd-44eb-b647-10bc08a09d4f:192.168.36.107:45159, b0f82e7e-889f-47d6-915f-90c6ca20be67:192.168.36.107:36215, a4e818e3-a12c-49ac-9be2-dae8a36de655:192.168.36.107:35700], old=null, confs=<EMPTY_MAP>
2019-08-28 19:58:43,389 [pool-27-thread-1] INFO  server.RaftServerConfigKeys (ConfUtils.java:logGet(43)) - raft.server.storage.dir = [/workdir/hadoop-ozone/integration-test/target/test-dir/MiniOzoneClusterImpl-0a1989d7-c66c-4856-b49a-b1e0df50d07d/datanode-0/data/ratis] (custom)
2019-08-28 19:58:43,389 [pool-27-thread-1] INFO  storage.RaftStorageDirectory (RaftStorageDirectory.java:analyzeStorage(246)) - The storage directory /workdir/hadoop-ozone/integration-test/target/test-dir/MiniOzoneClusterImpl-0a1989d7-c66c-4856-b49a-b1e0df50d07d/datanode-0/data/ratis/fc19fa3c-f21b-446c-abac-37e0854835ac does not exist. Creating ...
2019-08-28 19:58:43,420 [pool-93-thread-1] INFO  storage.RaftStorageDirectory (RaftStorageDirectory.java:tryLock(328)) - Lock on /workdir/hadoop-ozone/integration-test/target/test-dir/MiniOzoneClusterImpl-0a1989d7-c66c-4856-b49a-b1e0df50d07d/datanode-6/data/ratis/fc19fa3c-f21b-446c-abac-37e0854835ac/in_use.lock acquired by nodename 22922@pr-hdds-1949-jn7bv-2990118995
2019-08-28 19:58:43,420 [pool-82-thread-1] INFO  storage.RaftStorageDirectory (RaftStorageDirectory.java:tryLock(328)) - Lock on /workdir/hadoop-ozone/integration-test/target/test-dir/MiniOzoneClusterImpl-0a1989d7-c66c-4856-b49a-b1e0df50d07d/datanode-5/data/ratis/fc19fa3c-f21b-446c-abac-37e0854835ac/in_use.lock acquired by nodename 22922@pr-hdds-1949-jn7bv-2990118995
2019-08-28 19:58:43,420 [pool-27-thread-1] INFO  storage.RaftStorageDirectory (RaftStorageDirectory.java:tryLock(328)) - Lock on /workdir/hadoop-ozone/integration-test/target/test-dir/MiniOzoneClusterImpl-0a1989d7-c66c-4856-b49a-b1e0df50d07d/datanode-0/data/ratis/fc19fa3c-f21b-446c-abac-37e0854835ac/in_use.lock acquired by nodename 22922@pr-hdds-1949-jn7bv-2990118995
2019-08-28 19:58:43,463 [pool-82-thread-1] INFO  storage.RaftStorage (RaftStorage.java:format(72)) - Storage directory /workdir/hadoop-ozone/integration-test/target/test-dir/MiniOzoneClusterImpl-0a1989d7-c66c-4856-b49a-b1e0df50d07d/datanode-5/data/ratis/fc19fa3c-f21b-446c-abac-37e0854835ac has been successfully formatted.
2019-08-28 19:58:43,463 [pool-93-thread-1] INFO  storage.RaftStorage (RaftStorage.java:format(72)) - Storage directory /workdir/hadoop-ozone/integration-test/target/test-dir/MiniOzoneClusterImpl-0a1989d7-c66c-4856-b49a-b1e0df50d07d/datanode-6/data/ratis/fc19fa3c-f21b-446c-abac-37e0854835ac has been successfully formatted.
2019-08-28 19:58:43,463 [pool-27-thread-1] INFO  storage.RaftStorage (RaftStorage.java:format(72)) - Storage directory /workdir/hadoop-ozone/integration-test/target/test-dir/MiniOzoneClusterImpl-0a1989d7-c66c-4856-b49a-b1e0df50d07d/datanode-0/data/ratis/fc19fa3c-f21b-446c-abac-37e0854835ac has been successfully formatted.
2019-08-28 19:58:43,463 [pool-93-thread-1] INFO  ratis.ContainerStateMachine (ContainerStateMachine.java:loadSnapshot(227)) - group-37E0854835AC: The snapshot info is null. Setting the last applied indexto:(t:0, i:~)
2019-08-28 19:58:43,463 [pool-82-thread-1] INFO  ratis.ContainerStateMachine (ContainerStateMachine.java:loadSnapshot(227)) - group-37E0854835AC: The snapshot info is null. Setting the last applied indexto:(t:0, i:~)
2019-08-28 19:58:43,463 [pool-93-thread-1] INFO  server.RaftServerConfigKeys (ConfUtils.java:logGet(43)) - raft.server.leader.election.timeout = 120s (custom)
2019-08-28 19:58:43,463 [pool-82-thread-1] INFO  server.RaftServerConfigKeys (ConfUtils.java:logGet(43)) - raft.server.leader.election.timeout = 120s (custom)
2019-08-28 19:58:43,463 [pool-27-thread-1] INFO  ratis.ContainerStateMachine (ContainerStateMachine.java:loadSnapshot(227)) - group-37E0854835AC: The snapshot info is null. Setting the last applied indexto:(t:0, i:~)
2019-08-28 19:58:43,464 [pool-82-thread-1] INFO  server.RaftServerConfigKeys (ConfUtils.java:logGet(43)) - raft.server.log.use.memory = false (default)
2019-08-28 19:58:43,463 [pool-93-thread-1] INFO  server.RaftServerConfigKeys (ConfUtils.java:logGet(43)) - raft.server.log.use.memory = false (default)
2019-08-28 19:58:43,464 [pool-82-thread-1] INFO  server.RaftServerConfigKeys (ConfUtils.java:logGet(43)) - raft.server.log.purge.gap = 1000000 (custom)
2019-08-28 19:58:43,464 [pool-82-thread-1] INFO  server.RaftServerConfigKeys (ConfUtils.java:logGet(43)) - raft.server.log.appender.buffer.byte-limit = 33554432 (custom)
2019-08-28 19:58:43,464 [pool-27-thread-1] INFO  server.RaftServerConfigKeys (ConfUtils.java:logGet(43)) - raft.server.leader.election.timeout = 120s (custom)
2019-08-28 19:58:43,464 [pool-82-thread-1] INFO  server.RaftServerConfigKeys (ConfUtils.java:logGet(43)) - raft.server.log.segment.size.max = 1048576 (custom)
2019-08-28 19:58:43,464 [pool-93-thread-1] INFO  server.RaftServerConfigKeys (ConfUtils.java:logGet(43)) - raft.server.log.purge.gap = 1000000 (custom)
2019-08-28 19:58:43,464 [pool-82-thread-1] INFO  server.RaftServerConfigKeys (ConfUtils.java:logGet(43)) - raft.server.log.segment.cache.num.max = 2 (custom)
2019-08-28 19:58:43,464 [pool-27-thread-1] INFO  server.RaftServerConfigKeys (ConfUtils.java:logGet(43)) - raft.server.log.use.memory = false (default)
2019-08-28 19:58:43,465 [pool-82-thread-1] INFO  segmented.SegmentedRaftLogWorker (SegmentedRaftLogWorker.java:<init>(172)) - new b0f82e7e-889f-47d6-915f-90c6ca20be67-SegmentedRaftLogWorker:Storage Directory /workdir/hadoop-ozone/integration-test/target/test-dir/MiniOzoneClusterImpl-0a1989d7-c66c-4856-b49a-b1e0df50d07d/datanode-5/data/ratis/fc19fa3c-f21b-446c-abac-37e0854835ac for RaftStorage:Storage Directory /workdir/hadoop-ozone/integration-test/target/test-dir/MiniOzoneClusterImpl-0a1989d7-c66c-4856-b49a-b1e0df50d07d/datanode-5/data/ratis/fc19fa3c-f21b-446c-abac-37e0854835ac
2019-08-28 19:58:43,464 [pool-93-thread-1] INFO  server.RaftServerConfigKeys (ConfUtils.java:logGet(43)) - raft.server.log.appender.buffer.byte-limit = 33554432 (custom)
2019-08-28 19:58:43,465 [pool-82-thread-1] INFO  server.RaftServerConfigKeys (ConfUtils.java:logGet(43)) - raft.server.log.queue.byte-limit = 2147483647 (custom)
2019-08-28 19:58:43,465 [pool-27-thread-1] INFO  server.RaftServerConfigKeys (ConfUtils.java:logGet(43)) - raft.server.log.purge.gap = 1000000 (custom)
2019-08-28 19:58:43,467 [pool-82-thread-1] INFO  server.RaftServerConfigKeys (ConfUtils.java:logGet(43)) - raft.server.log.queue.element-limit = 1024 (custom)
2019-08-28 19:58:43,467 [pool-93-thread-1] INFO  server.RaftServerConfigKeys (ConfUtils.java:logGet(43)) - raft.server.log.segment.size.max = 1048576 (custom)
2019-08-28 19:58:43,467 [pool-82-thread-1] INFO  server.RaftServerConfigKeys (ConfUtils.java:logGet(43)) - raft.server.log.segment.size.max = 1048576 (custom)
2019-08-28 19:58:43,467 [pool-27-thread-1] INFO  server.RaftServerConfigKeys (ConfUtils.java:logGet(43)) - raft.server.log.appender.buffer.byte-limit = 33554432 (custom)
2019-08-28 19:58:43,467 [pool-82-thread-1] INFO  server.RaftServerConfigKeys (ConfUtils.java:logGet(43)) - raft.server.log.preallocated.size = 16384 (custom)
2019-08-28 19:58:43,467 [pool-93-thread-1] INFO  server.RaftServerConfigKeys (ConfUtils.java:logGet(43)) - raft.server.log.segment.cache.num.max = 2 (custom)
2019-08-28 19:58:43,468 [pool-82-thread-1] INFO  server.RaftServerConfigKeys (ConfUtils.java:logGet(43)) - raft.server.log.write.buffer.size = 33554432 (custom)
2019-08-28 19:58:43,468 [pool-27-thread-1] INFO  server.RaftServerConfigKeys (ConfUtils.java:logGet(43)) - raft.server.log.segment.size.max = 1048576 (custom)
2019-08-28 19:58:43,468 [pool-82-thread-1] INFO  server.RaftServerConfigKeys (ConfUtils.java:logGet(43)) - raft.server.log.force.sync.num = 128 (default)
2019-08-28 19:58:43,468 [pool-93-thread-1] INFO  segmented.SegmentedRaftLogWorker (SegmentedRaftLogWorker.java:<init>(172)) - new 4b027227-a2cd-44eb-b647-10bc08a09d4f-SegmentedRaftLogWorker:Storage Directory /workdir/hadoop-ozone/integration-test/target/test-dir/MiniOzoneClusterImpl-0a1989d7-c66c-4856-b49a-b1e0df50d07d/datanode-6/data/ratis/fc19fa3c-f21b-446c-abac-37e0854835ac for RaftStorage:Storage Directory /workdir/hadoop-ozone/integration-test/target/test-dir/MiniOzoneClusterImpl-0a1989d7-c66c-4856-b49a-b1e0df50d07d/datanode-6/data/ratis/fc19fa3c-f21b-446c-abac-37e0854835ac
2019-08-28 19:58:43,468 [pool-82-thread-1] INFO  server.RaftServerConfigKeys (ConfUtils.java:logGet(43)) - raft.server.log.statemachine.data.sync = true (default)
2019-08-28 19:58:43,468 [pool-27-thread-1] INFO  server.RaftServerConfigKeys (ConfUtils.java:logGet(43)) - raft.server.log.segment.cache.num.max = 2 (custom)
2019-08-28 19:58:43,468 [pool-82-thread-1] INFO  server.RaftServerConfigKeys (ConfUtils.java:logGet(43)) - raft.server.log.statemachine.data.sync.timeout = 10s (default)
2019-08-28 19:58:43,468 [pool-93-thread-1] INFO  server.RaftServerConfigKeys (ConfUtils.java:logGet(43)) - raft.server.log.queue.byte-limit = 2147483647 (custom)
2019-08-28 19:58:43,470 [pool-82-thread-1] INFO  server.RaftServerConfigKeys (ConfUtils.java:logGet(43)) - raft.server.log.statemachine.data.sync.timeout.retry = -1 (default)
2019-08-28 19:58:43,470 [pool-27-thread-1] INFO  segmented.SegmentedRaftLogWorker (SegmentedRaftLogWorker.java:<init>(172)) - new a4e818e3-a12c-49ac-9be2-dae8a36de655-SegmentedRaftLogWorker:Storage Directory /workdir/hadoop-ozone/integration-test/target/test-dir/MiniOzoneClusterImpl-0a1989d7-c66c-4856-b49a-b1e0df50d07d/datanode-0/data/ratis/fc19fa3c-f21b-446c-abac-37e0854835ac for RaftStorage:Storage Directory /workdir/hadoop-ozone/integration-test/target/test-dir/MiniOzoneClusterImpl-0a1989d7-c66c-4856-b49a-b1e0df50d07d/datanode-0/data/ratis/fc19fa3c-f21b-446c-abac-37e0854835ac
2019-08-28 19:58:43,470 [pool-82-thread-1] INFO  server.RaftServerConfigKeys (ConfUtils.java:logGet(43)) - raft.server.log.statemachine.data.caching.enabled = true (custom)
2019-08-28 19:58:43,470 [pool-93-thread-1] INFO  server.RaftServerConfigKeys (ConfUtils.java:logGet(43)) - raft.server.log.queue.element-limit = 1024 (custom)
2019-08-28 19:58:43,470 [pool-27-thread-1] INFO  server.RaftServerConfigKeys (ConfUtils.java:logGet(43)) - raft.server.log.queue.byte-limit = 2147483647 (custom)
2019-08-28 19:58:43,472 [pool-82-thread-1] INFO  segmented.SegmentedRaftLogWorker (SegmentedRaftLogWorker.java:lambda$new$0(132)) - b0f82e7e-889f-47d6-915f-90c6ca20be67-SegmentedRaftLogWorker:Storage Directory /workdir/hadoop-ozone/integration-test/target/test-dir/MiniOzoneClusterImpl-0a1989d7-c66c-4856-b49a-b1e0df50d07d/datanode-5/data/ratis/fc19fa3c-f21b-446c-abac-37e0854835ac: flushIndex: setUnconditionally 0 -> -1
2019-08-28 19:58:43,471 [pool-93-thread-1] INFO  server.RaftServerConfigKeys (ConfUtils.java:logGet(43)) - raft.server.log.segment.size.max = 1048576 (custom)
2019-08-28 19:58:43,472 [pool-27-thread-1] INFO  server.RaftServerConfigKeys (ConfUtils.java:logGet(43)) - raft.server.log.queue.element-limit = 1024 (custom)
2019-08-28 19:58:43,472 [pool-82-thread-1] INFO  server.RaftServerConfigKeys (ConfUtils.java:logGet(43)) - raft.server.snapshot.auto.trigger.enabled = true (custom)
2019-08-28 19:58:43,472 [pool-93-thread-1] INFO  server.RaftServerConfigKeys (ConfUtils.java:logGet(43)) - raft.server.log.preallocated.size = 16384 (custom)
2019-08-28 19:58:43,472 [pool-82-thread-1] INFO  server.RaftServerConfigKeys (ConfUtils.java:logGet(43)) - raft.server.snapshot.auto.trigger.threshold = 10000 (custom)
2019-08-28 19:58:43,472 [pool-27-thread-1] INFO  server.RaftServerConfigKeys (ConfUtils.java:logGet(43)) - raft.server.log.segment.size.max = 1048576 (custom)
2019-08-28 19:58:43,473 [pool-82-thread-1] INFO  server.RaftServerConfigKeys (ConfUtils.java:logGet(43)) - raft.server.retrycache.expirytime = 600000ms (custom)
2019-08-28 19:58:43,472 [pool-93-thread-1] INFO  server.RaftServerConfigKeys (ConfUtils.java:logGet(43)) - raft.server.log.write.buffer.size = 33554432 (custom)
2019-08-28 19:58:43,473 [pool-82-thread-1] INFO  impl.RaftServerImpl (RaftServerImpl.java:start(180)) - b0f82e7e-889f-47d6-915f-90c6ca20be67: start group-37E0854835AC
2019-08-28 19:58:43,473 [pool-27-thread-1] INFO  server.RaftServerConfigKeys (ConfUtils.java:logGet(43)) - raft.server.log.preallocated.size = 16384 (custom)
2019-08-28 19:58:43,473 [pool-82-thread-1] INFO  impl.RaftServerImpl (RaftServerImpl.java:setRole(171)) - b0f82e7e-889f-47d6-915f-90c6ca20be67:group-37E0854835AC changes role from null to FOLLOWER at term 0 for startAsFollower
2019-08-28 19:58:43,473 [pool-93-thread-1] INFO  server.RaftServerConfigKeys (ConfUtils.java:logGet(43)) - raft.server.log.force.sync.num = 128 (default)
2019-08-28 19:58:43,474 [pool-82-thread-1] INFO  impl.RoleInfo (RoleInfo.java:updateAndGet(143)) - b0f82e7e-889f-47d6-915f-90c6ca20be67: start FollowerState
2019-08-28 19:58:43,474 [pool-27-thread-1] INFO  server.RaftServerConfigKeys (ConfUtils.java:logGet(43)) - raft.server.log.write.buffer.size = 33554432 (custom)
2019-08-28 19:58:43,474 [pool-93-thread-1] INFO  server.RaftServerConfigKeys (ConfUtils.java:logGet(43)) - raft.server.log.statemachine.data.sync = true (default)
2019-08-28 19:58:43,474 [pool-27-thread-1] INFO  server.RaftServerConfigKeys (ConfUtils.java:logGet(43)) - raft.server.log.force.sync.num = 128 (default)
2019-08-28 19:58:43,474 [pool-93-thread-1] INFO  server.RaftServerConfigKeys (ConfUtils.java:logGet(43)) - raft.server.log.statemachine.data.sync.timeout = 10s (default)
2019-08-28 19:58:43,474 [pool-27-thread-1] INFO  server.RaftServerConfigKeys (ConfUtils.java:logGet(43)) - raft.server.log.statemachine.data.sync = true (default)
2019-08-28 19:58:43,474 [pool-82-thread-1] INFO  util.JmxRegister (JmxRegister.java:tryRegister(44)) - Successfully registered JMX Bean with object name Ratis:service=RaftServer,group=group-37E0854835AC,id=b0f82e7e-889f-47d6-915f-90c6ca20be67
2019-08-28 19:58:43,475 [pool-27-thread-1] INFO  server.RaftServerConfigKeys (ConfUtils.java:logGet(43)) - raft.server.log.statemachine.data.sync.timeout = 10s (default)
2019-08-28 19:58:43,474 [pool-93-thread-1] INFO  server.RaftServerConfigKeys (ConfUtils.java:logGet(43)) - raft.server.log.statemachine.data.sync.timeout.retry = -1 (default)
2019-08-28 19:58:43,475 [pool-27-thread-1] INFO  server.RaftServerConfigKeys (ConfUtils.java:logGet(43)) - raft.server.log.statemachine.data.sync.timeout.retry = -1 (default)
2019-08-28 19:58:43,475 [pool-93-thread-1] INFO  server.RaftServerConfigKeys (ConfUtils.java:logGet(43)) - raft.server.log.statemachine.data.caching.enabled = true (custom)
2019-08-28 19:58:43,475 [pool-27-thread-1] INFO  server.RaftServerConfigKeys (ConfUtils.java:logGet(43)) - raft.server.log.statemachine.data.caching.enabled = true (custom)
2019-08-28 19:58:43,475 [pool-93-thread-1] INFO  segmented.SegmentedRaftLogWorker (SegmentedRaftLogWorker.java:lambda$new$0(132)) - 4b027227-a2cd-44eb-b647-10bc08a09d4f-SegmentedRaftLogWorker:Storage Directory /workdir/hadoop-ozone/integration-test/target/test-dir/MiniOzoneClusterImpl-0a1989d7-c66c-4856-b49a-b1e0df50d07d/datanode-6/data/ratis/fc19fa3c-f21b-446c-abac-37e0854835ac: flushIndex: setUnconditionally 0 -> -1
2019-08-28 19:58:43,476 [pool-93-thread-1] INFO  server.RaftServerConfigKeys (ConfUtils.java:logGet(43)) - raft.server.snapshot.auto.trigger.enabled = true (custom)
2019-08-28 19:58:43,476 [pool-27-thread-1] INFO  segmented.SegmentedRaftLogWorker (SegmentedRaftLogWorker.java:lambda$new$0(132)) - a4e818e3-a12c-49ac-9be2-dae8a36de655-SegmentedRaftLogWorker:Storage Directory /workdir/hadoop-ozone/integration-test/target/test-dir/MiniOzoneClusterImpl-0a1989d7-c66c-4856-b49a-b1e0df50d07d/datanode-0/data/ratis/fc19fa3c-f21b-446c-abac-37e0854835ac: flushIndex: setUnconditionally 0 -> -1
2019-08-28 19:58:43,476 [pool-93-thread-1] INFO  server.RaftServerConfigKeys (ConfUtils.java:logGet(43)) - raft.server.snapshot.auto.trigger.threshold = 10000 (custom)
2019-08-28 19:58:43,476 [pool-93-thread-1] INFO  server.RaftServerConfigKeys (ConfUtils.java:logGet(43)) - raft.server.retrycache.expirytime = 600000ms (custom)
2019-08-28 19:58:43,476 [pool-27-thread-1] INFO  server.RaftServerConfigKeys (ConfUtils.java:logGet(43)) - raft.server.snapshot.auto.trigger.enabled = true (custom)
2019-08-28 19:58:43,476 [pool-93-thread-1] INFO  impl.RaftServerImpl (RaftServerImpl.java:start(180)) - 4b027227-a2cd-44eb-b647-10bc08a09d4f: start group-37E0854835AC
2019-08-28 19:58:43,476 [pool-27-thread-1] INFO  server.RaftServerConfigKeys (ConfUtils.java:logGet(43)) - raft.server.snapshot.auto.trigger.threshold = 10000 (custom)
2019-08-28 19:58:43,477 [pool-93-thread-1] INFO  impl.RaftServerImpl (RaftServerImpl.java:setRole(171)) - 4b027227-a2cd-44eb-b647-10bc08a09d4f:group-37E0854835AC changes role from null to FOLLOWER at term 0 for startAsFollower
2019-08-28 19:58:43,477 [pool-93-thread-1] INFO  impl.RoleInfo (RoleInfo.java:updateAndGet(143)) - 4b027227-a2cd-44eb-b647-10bc08a09d4f: start FollowerState
2019-08-28 19:58:43,477 [pool-27-thread-1] INFO  server.RaftServerConfigKeys (ConfUtils.java:logGet(43)) - raft.server.retrycache.expirytime = 600000ms (custom)
2019-08-28 19:58:43,487 [pool-27-thread-1] INFO  impl.RaftServerImpl (RaftServerImpl.java:start(180)) - a4e818e3-a12c-49ac-9be2-dae8a36de655: start group-37E0854835AC
2019-08-28 19:58:43,487 [pool-93-thread-1] INFO  util.JmxRegister (JmxRegister.java:tryRegister(44)) - Successfully registered JMX Bean with object name Ratis:service=RaftServer,group=group-37E0854835AC,id=4b027227-a2cd-44eb-b647-10bc08a09d4f
2019-08-28 19:58:43,488 [pool-27-thread-1] INFO  impl.RaftServerImpl (RaftServerImpl.java:setRole(171)) - a4e818e3-a12c-49ac-9be2-dae8a36de655:group-37E0854835AC changes role from null to FOLLOWER at term 0 for startAsFollower
2019-08-28 19:58:43,490 [pool-27-thread-1] INFO  impl.RoleInfo (RoleInfo.java:updateAndGet(143)) - a4e818e3-a12c-49ac-9be2-dae8a36de655: start FollowerState
2019-08-28 19:58:43,491 [pool-27-thread-1] INFO  util.JmxRegister (JmxRegister.java:tryRegister(44)) - Successfully registered JMX Bean with object name Ratis:service=RaftServer,group=group-37E0854835AC,id=a4e818e3-a12c-49ac-9be2-dae8a36de655
2019-08-28 19:58:43,503 [RatisPipelineUtilsThread] INFO  pipeline.PipelineStateManager (PipelineStateManager.java:addPipeline(56)) - Created pipeline Pipeline[ Id: fc19fa3c-f21b-446c-abac-37e0854835ac, Nodes: b0f82e7e-889f-47d6-915f-90c6ca20be67{ip: 192.168.36.107, host: pr-hdds-1949-jn7bv-2990118995, networkLocation: /default-rack, certSerialId: null}4b027227-a2cd-44eb-b647-10bc08a09d4f{ip: 192.168.36.107, host: pr-hdds-1949-jn7bv-2990118995, networkLocation: /default-rack, certSerialId: null}a4e818e3-a12c-49ac-9be2-dae8a36de655{ip: 192.168.36.107, host: pr-hdds-1949-jn7bv-2990118995, networkLocation: /default-rack, certSerialId: null}, Type:RATIS, Factor:THREE, State:OPEN]
2019-08-28 19:58:43,534 [grpc-default-executor-0] INFO  impl.RaftServerProxy (RaftServerProxy.java:addNew(89)) - 01143d5c-8004-4731-8abc-97382e446a21: addNew group-311A19E53952:[836fb2ea-40c7-4faf-82a4-0607f2372ff2:192.168.36.107:34482, 01143d5c-8004-4731-8abc-97382e446a21:192.168.36.107:38521, 6468f44a-274a-4bf0-805e-bf8a5cf6df50:192.168.36.107:33672] returns group-311A19E53952:java.util.concurrent.CompletableFuture@3dbc8690[Not completed]
2019-08-28 19:58:43,534 [grpc-default-executor-1] INFO  impl.RaftServerProxy (RaftServerProxy.java:addNew(89)) - 836fb2ea-40c7-4faf-82a4-0607f2372ff2: addNew group-311A19E53952:[836fb2ea-40c7-4faf-82a4-0607f2372ff2:192.168.36.107:34482, 01143d5c-8004-4731-8abc-97382e446a21:192.168.36.107:38521, 6468f44a-274a-4bf0-805e-bf8a5cf6df50:192.168.36.107:33672] returns group-311A19E53952:java.util.concurrent.CompletableFuture@718f9dec[Not completed]
2019-08-28 19:58:43,535 [grpc-default-executor-2] INFO  impl.RaftServerProxy (RaftServerProxy.java:addNew(89)) - 6468f44a-274a-4bf0-805e-bf8a5cf6df50: addNew group-311A19E53952:[836fb2ea-40c7-4faf-82a4-0607f2372ff2:192.168.36.107:34482, 01143d5c-8004-4731-8abc-97382e446a21:192.168.36.107:38521, 6468f44a-274a-4bf0-805e-bf8a5cf6df50:192.168.36.107:33672] returns group-311A19E53952:java.util.concurrent.CompletableFuture@31c2176[Not completed]
2019-08-28 19:58:43,536 [pool-60-thread-1] INFO  impl.RaftServerImpl (RaftServerImpl.java:<init>(93)) - 01143d5c-8004-4731-8abc-97382e446a21: new RaftServerImpl for group-311A19E53952:[836fb2ea-40c7-4faf-82a4-0607f2372ff2:192.168.36.107:34482, 01143d5c-8004-4731-8abc-97382e446a21:192.168.36.107:38521, 6468f44a-274a-4bf0-805e-bf8a5cf6df50:192.168.36.107:33672] with ContainerStateMachine:uninitialized
2019-08-28 19:58:43,536 [pool-60-thread-1] INFO  server.RaftServerConfigKeys (ConfUtils.java:logGet(43)) - raft.server.rpc.timeout.min = 5s (custom)
2019-08-28 19:58:43,536 [pool-60-thread-1] INFO  server.RaftServerConfigKeys (ConfUtils.java:logGet(43)) - raft.server.rpc.timeout.max = 5200ms (custom)
2019-08-28 19:58:43,537 [pool-60-thread-1] INFO  server.RaftServerConfigKeys (ConfUtils.java:logGet(43)) - raft.server.rpcslowness.timeout = 120s (custom)
2019-08-28 19:58:43,537 [pool-60-thread-1] INFO  server.RaftServerConfigKeys (ConfUtils.java:logGet(43)) - raft.server.sleep.deviation.threshold = 300 (default)
2019-08-28 19:58:43,537 [pool-60-thread-1] INFO  server.RaftServerConfigKeys (ConfUtils.java:logGet(43)) - raft.server.log.appender.install.snapshot.enabled = false (custom)
2019-08-28 19:58:43,537 [pool-60-thread-1] INFO  impl.RaftServerImpl (ServerState.java:<init>(105)) - 01143d5c-8004-4731-8abc-97382e446a21:group-311A19E53952 ConfigurationManager, init=-1: [836fb2ea-40c7-4faf-82a4-0607f2372ff2:192.168.36.107:34482, 01143d5c-8004-4731-8abc-97382e446a21:192.168.36.107:38521, 6468f44a-274a-4bf0-805e-bf8a5cf6df50:192.168.36.107:33672], old=null, confs=<EMPTY_MAP>
2019-08-28 19:58:43,537 [pool-60-thread-1] INFO  server.RaftServerConfigKeys (ConfUtils.java:logGet(43)) - raft.server.storage.dir = [/workdir/hadoop-ozone/integration-test/target/test-dir/MiniOzoneClusterImpl-0a1989d7-c66c-4856-b49a-b1e0df50d07d/datanode-3/data/ratis] (custom)
2019-08-28 19:58:43,537 [pool-49-thread-1] INFO  impl.RaftServerImpl (RaftServerImpl.java:<init>(93)) - 836fb2ea-40c7-4faf-82a4-0607f2372ff2: new RaftServerImpl for group-311A19E53952:[836fb2ea-40c7-4faf-82a4-0607f2372ff2:192.168.36.107:34482, 01143d5c-8004-4731-8abc-97382e446a21:192.168.36.107:38521, 6468f44a-274a-4bf0-805e-bf8a5cf6df50:192.168.36.107:33672] with ContainerStateMachine:uninitialized
2019-08-28 19:58:43,537 [pool-60-thread-1] INFO  storage.RaftStorageDirectory (RaftStorageDirectory.java:analyzeStorage(246)) - The storage directory /workdir/hadoop-ozone/integration-test/target/test-dir/MiniOzoneClusterImpl-0a1989d7-c66c-4856-b49a-b1e0df50d07d/datanode-3/data/ratis/41fb4bec-33b2-40da-bc0c-311a19e53952 does not exist. Creating ...
2019-08-28 19:58:43,537 [pool-49-thread-1] INFO  server.RaftServerConfigKeys (ConfUtils.java:logGet(43)) - raft.server.rpc.timeout.min = 5s (custom)
2019-08-28 19:58:43,538 [pool-49-thread-1] INFO  server.RaftServerConfigKeys (ConfUtils.java:logGet(43)) - raft.server.rpc.timeout.max = 5200ms (custom)
2019-08-28 19:58:43,538 [pool-49-thread-1] INFO  server.RaftServerConfigKeys (ConfUtils.java:logGet(43)) - raft.server.rpcslowness.timeout = 120s (custom)
2019-08-28 19:58:43,538 [pool-38-thread-1] INFO  impl.RaftServerImpl (RaftServerImpl.java:<init>(93)) - 6468f44a-274a-4bf0-805e-bf8a5cf6df50: new RaftServerImpl for group-311A19E53952:[836fb2ea-40c7-4faf-82a4-0607f2372ff2:192.168.36.107:34482, 01143d5c-8004-4731-8abc-97382e446a21:192.168.36.107:38521, 6468f44a-274a-4bf0-805e-bf8a5cf6df50:192.168.36.107:33672] with ContainerStateMachine:uninitialized
2019-08-28 19:58:43,538 [pool-49-thread-1] INFO  server.RaftServerConfigKeys (ConfUtils.java:logGet(43)) - raft.server.sleep.deviation.threshold = 300 (default)
2019-08-28 19:58:43,538 [pool-38-thread-1] INFO  server.RaftServerConfigKeys (ConfUtils.java:logGet(43)) - raft.server.rpc.timeout.min = 5s (custom)
2019-08-28 19:58:43,538 [pool-49-thread-1] INFO  server.RaftServerConfigKeys (ConfUtils.java:logGet(43)) - raft.server.log.appender.install.snapshot.enabled = false (custom)
2019-08-28 19:58:43,538 [pool-38-thread-1] INFO  server.RaftServerConfigKeys (ConfUtils.java:logGet(43)) - raft.server.rpc.timeout.max = 5200ms (custom)
2019-08-28 19:58:43,538 [pool-49-thread-1] INFO  impl.RaftServerImpl (ServerState.java:<init>(105)) - 836fb2ea-40c7-4faf-82a4-0607f2372ff2:group-311A19E53952 ConfigurationManager, init=-1: [836fb2ea-40c7-4faf-82a4-0607f2372ff2:192.168.36.107:34482, 01143d5c-8004-4731-8abc-97382e446a21:192.168.36.107:38521, 6468f44a-274a-4bf0-805e-bf8a5cf6df50:192.168.36.107:33672], old=null, confs=<EMPTY_MAP>
2019-08-28 19:58:43,538 [pool-38-thread-1] INFO  server.RaftServerConfigKeys (ConfUtils.java:logGet(43)) - raft.server.rpcslowness.timeout = 120s (custom)
2019-08-28 19:58:43,539 [pool-38-thread-1] INFO  server.RaftServerConfigKeys (ConfUtils.java:logGet(43)) - raft.server.sleep.deviation.threshold = 300 (default)
2019-08-28 19:58:43,539 [pool-49-thread-1] INFO  server.RaftServerConfigKeys (ConfUtils.java:logGet(43)) - raft.server.storage.dir = [/workdir/hadoop-ozone/integration-test/target/test-dir/MiniOzoneClusterImpl-0a1989d7-c66c-4856-b49a-b1e0df50d07d/datanode-2/data/ratis] (custom)
2019-08-28 19:58:43,539 [pool-38-thread-1] INFO  server.RaftServerConfigKeys (ConfUtils.java:logGet(43)) - raft.server.log.appender.install.snapshot.enabled = false (custom)
2019-08-28 19:58:43,539 [pool-38-thread-1] INFO  impl.RaftServerImpl (ServerState.java:<init>(105)) - 6468f44a-274a-4bf0-805e-bf8a5cf6df50:group-311A19E53952 ConfigurationManager, init=-1: [836fb2ea-40c7-4faf-82a4-0607f2372ff2:192.168.36.107:34482, 01143d5c-8004-4731-8abc-97382e446a21:192.168.36.107:38521, 6468f44a-274a-4bf0-805e-bf8a5cf6df50:192.168.36.107:33672], old=null, confs=<EMPTY_MAP>
2019-08-28 19:58:43,539 [pool-38-thread-1] INFO  server.RaftServerConfigKeys (ConfUtils.java:logGet(43)) - raft.server.storage.dir = [/workdir/hadoop-ozone/integration-test/target/test-dir/MiniOzoneClusterImpl-0a1989d7-c66c-4856-b49a-b1e0df50d07d/datanode-1/data/ratis] (custom)
2019-08-28 19:58:43,539 [pool-49-thread-1] INFO  storage.RaftStorageDirectory (RaftStorageDirectory.java:analyzeStorage(246)) - The storage directory /workdir/hadoop-ozone/integration-test/target/test-dir/MiniOzoneClusterImpl-0a1989d7-c66c-4856-b49a-b1e0df50d07d/datanode-2/data/ratis/41fb4bec-33b2-40da-bc0c-311a19e53952 does not exist. Creating ...
2019-08-28 19:58:43,539 [pool-38-thread-1] INFO  storage.RaftStorageDirectory (RaftStorageDirectory.java:analyzeStorage(246)) - The storage directory /workdir/hadoop-ozone/integration-test/target/test-dir/MiniOzoneClusterImpl-0a1989d7-c66c-4856-b49a-b1e0df50d07d/datanode-1/data/ratis/41fb4bec-33b2-40da-bc0c-311a19e53952 does not exist. Creating ...
2019-08-28 19:58:43,563 [pool-38-thread-1] INFO  storage.RaftStorageDirectory (RaftStorageDirectory.java:tryLock(328)) - Lock on /workdir/hadoop-ozone/integration-test/target/test-dir/MiniOzoneClusterImpl-0a1989d7-c66c-4856-b49a-b1e0df50d07d/datanode-1/data/ratis/41fb4bec-33b2-40da-bc0c-311a19e53952/in_use.lock acquired by nodename 22922@pr-hdds-1949-jn7bv-2990118995
2019-08-28 19:58:43,563 [pool-49-thread-1] INFO  storage.RaftStorageDirectory (RaftStorageDirectory.java:tryLock(328)) - Lock on /workdir/hadoop-ozone/integration-test/target/test-dir/MiniOzoneClusterImpl-0a1989d7-c66c-4856-b49a-b1e0df50d07d/datanode-2/data/ratis/41fb4bec-33b2-40da-bc0c-311a19e53952/in_use.lock acquired by nodename 22922@pr-hdds-1949-jn7bv-2990118995
2019-08-28 19:58:43,563 [pool-60-thread-1] INFO  storage.RaftStorageDirectory (RaftStorageDirectory.java:tryLock(328)) - Lock on /workdir/hadoop-ozone/integration-test/target/test-dir/MiniOzoneClusterImpl-0a1989d7-c66c-4856-b49a-b1e0df50d07d/datanode-3/data/ratis/41fb4bec-33b2-40da-bc0c-311a19e53952/in_use.lock acquired by nodename 22922@pr-hdds-1949-jn7bv-2990118995
2019-08-28 19:58:43,589 [pool-60-thread-1] INFO  storage.RaftStorage (RaftStorage.java:format(72)) - Storage directory /workdir/hadoop-ozone/integration-test/target/test-dir/MiniOzoneClusterImpl-0a1989d7-c66c-4856-b49a-b1e0df50d07d/datanode-3/data/ratis/41fb4bec-33b2-40da-bc0c-311a19e53952 has been successfully formatted.
2019-08-28 19:58:43,589 [pool-49-thread-1] INFO  storage.RaftStorage (RaftStorage.java:format(72)) - Storage directory /workdir/hadoop-ozone/integration-test/target/test-dir/MiniOzoneClusterImpl-0a1989d7-c66c-4856-b49a-b1e0df50d07d/datanode-2/data/ratis/41fb4bec-33b2-40da-bc0c-311a19e53952 has been successfully formatted.
2019-08-28 19:58:43,589 [pool-60-thread-1] INFO  ratis.ContainerStateMachine (ContainerStateMachine.java:loadSnapshot(227)) - group-311A19E53952: The snapshot info is null. Setting the last applied indexto:(t:0, i:~)
2019-08-28 19:58:43,589 [pool-38-thread-1] INFO  storage.RaftStorage (RaftStorage.java:format(72)) - Storage directory /workdir/hadoop-ozone/integration-test/target/test-dir/MiniOzoneClusterImpl-0a1989d7-c66c-4856-b49a-b1e0df50d07d/datanode-1/data/ratis/41fb4bec-33b2-40da-bc0c-311a19e53952 has been successfully formatted.
2019-08-28 19:58:43,589 [pool-49-thread-1] INFO  ratis.ContainerStateMachine (ContainerStateMachine.java:loadSnapshot(227)) - group-311A19E53952: The snapshot info is null. Setting the last applied indexto:(t:0, i:~)
2019-08-28 19:58:43,589 [pool-60-thread-1] INFO  server.RaftServerConfigKeys (ConfUtils.java:logGet(43)) - raft.server.leader.election.timeout = 120s (custom)
2019-08-28 19:58:43,590 [pool-49-thread-1] INFO  server.RaftServerConfigKeys (ConfUtils.java:logGet(43)) - raft.server.leader.election.timeout = 120s (custom)
2019-08-28 19:58:43,590 [pool-38-thread-1] INFO  ratis.ContainerStateMachine (ContainerStateMachine.java:loadSnapshot(227)) - group-311A19E53952: The snapshot info is null. Setting the last applied indexto:(t:0, i:~)
2019-08-28 19:58:43,590 [pool-49-thread-1] INFO  server.RaftServerConfigKeys (ConfUtils.java:logGet(43)) - raft.server.log.use.memory = false (default)
2019-08-28 19:58:43,590 [pool-60-thread-1] INFO  server.RaftServerConfigKeys (ConfUtils.java:logGet(43)) - raft.server.log.use.memory = false (default)
2019-08-28 19:58:43,590 [pool-49-thread-1] INFO  server.RaftServerConfigKeys (ConfUtils.java:logGet(43)) - raft.server.log.purge.gap = 1000000 (custom)
2019-08-28 19:58:43,590 [pool-38-thread-1] INFO  server.RaftServerConfigKeys (ConfUtils.java:logGet(43)) - raft.server.leader.election.timeout = 120s (custom)
2019-08-28 19:58:43,590 [pool-49-thread-1] INFO  server.RaftServerConfigKeys (ConfUtils.java:logGet(43)) - raft.server.log.appender.buffer.byte-limit = 33554432 (custom)
2019-08-28 19:58:43,590 [pool-60-thread-1] INFO  server.RaftServerConfigKeys (ConfUtils.java:logGet(43)) - raft.server.log.purge.gap = 1000000 (custom)
2019-08-28 19:58:43,591 [pool-49-thread-1] INFO  server.RaftServerConfigKeys (ConfUtils.java:logGet(43)) - raft.server.log.segment.size.max = 1048576 (custom)
2019-08-28 19:58:43,591 [pool-38-thread-1] INFO  server.RaftServerConfigKeys (ConfUtils.java:logGet(43)) - raft.server.log.use.memory = false (default)
2019-08-28 19:58:43,591 [pool-49-thread-1] INFO  server.RaftServerConfigKeys (ConfUtils.java:logGet(43)) - raft.server.log.segment.cache.num.max = 2 (custom)
2019-08-28 19:58:43,591 [pool-60-thread-1] INFO  server.RaftServerConfigKeys (ConfUtils.java:logGet(43)) - raft.server.log.appender.buffer.byte-limit = 33554432 (custom)
2019-08-28 19:58:43,591 [pool-49-thread-1] INFO  segmented.SegmentedRaftLogWorker (SegmentedRaftLogWorker.java:<init>(172)) - new 836fb2ea-40c7-4faf-82a4-0607f2372ff2-SegmentedRaftLogWorker:Storage Directory /workdir/hadoop-ozone/integration-test/target/test-dir/MiniOzoneClusterImpl-0a1989d7-c66c-4856-b49a-b1e0df50d07d/datanode-2/data/ratis/41fb4bec-33b2-40da-bc0c-311a19e53952 for RaftStorage:Storage Directory /workdir/hadoop-ozone/integration-test/target/test-dir/MiniOzoneClusterImpl-0a1989d7-c66c-4856-b49a-b1e0df50d07d/datanode-2/data/ratis/41fb4bec-33b2-40da-bc0c-311a19e53952
2019-08-28 19:58:43,591 [pool-38-thread-1] INFO  server.RaftServerConfigKeys (ConfUtils.java:logGet(43)) - raft.server.log.purge.gap = 1000000 (custom)
2019-08-28 19:58:43,592 [pool-49-thread-1] INFO  server.RaftServerConfigKeys (ConfUtils.java:logGet(43)) - raft.server.log.queue.byte-limit = 2147483647 (custom)
2019-08-28 19:58:43,591 [pool-60-thread-1] INFO  server.RaftServerConfigKeys (ConfUtils.java:logGet(43)) - raft.server.log.segment.size.max = 1048576 (custom)
2019-08-28 19:58:43,593 [pool-49-thread-1] INFO  server.RaftServerConfigKeys (ConfUtils.java:logGet(43)) - raft.server.log.queue.element-limit = 1024 (custom)
2019-08-28 19:58:43,593 [pool-38-thread-1] INFO  server.RaftServerConfigKeys (ConfUtils.java:logGet(43)) - raft.server.log.appender.buffer.byte-limit = 33554432 (custom)
2019-08-28 19:58:43,593 [pool-49-thread-1] INFO  server.RaftServerConfigKeys (ConfUtils.java:logGet(43)) - raft.server.log.segment.size.max = 1048576 (custom)
2019-08-28 19:58:43,593 [pool-60-thread-1] INFO  server.RaftServerConfigKeys (ConfUtils.java:logGet(43)) - raft.server.log.segment.cache.num.max = 2 (custom)
2019-08-28 19:58:43,594 [pool-49-thread-1] INFO  server.RaftServerConfigKeys (ConfUtils.java:logGet(43)) - raft.server.log.preallocated.size = 16384 (custom)
2019-08-28 19:58:43,593 [pool-38-thread-1] INFO  server.RaftServerConfigKeys (ConfUtils.java:logGet(43)) - raft.server.log.segment.size.max = 1048576 (custom)
2019-08-28 19:58:43,594 [pool-49-thread-1] INFO  server.RaftServerConfigKeys (ConfUtils.java:logGet(43)) - raft.server.log.write.buffer.size = 33554432 (custom)
2019-08-28 19:58:43,594 [pool-60-thread-1] INFO  segmented.SegmentedRaftLogWorker (SegmentedRaftLogWorker.java:<init>(172)) - new 01143d5c-8004-4731-8abc-97382e446a21-SegmentedRaftLogWorker:Storage Directory /workdir/hadoop-ozone/integration-test/target/test-dir/MiniOzoneClusterImpl-0a1989d7-c66c-4856-b49a-b1e0df50d07d/datanode-3/data/ratis/41fb4bec-33b2-40da-bc0c-311a19e53952 for RaftStorage:Storage Directory /workdir/hadoop-ozone/integration-test/target/test-dir/MiniOzoneClusterImpl-0a1989d7-c66c-4856-b49a-b1e0df50d07d/datanode-3/data/ratis/41fb4bec-33b2-40da-bc0c-311a19e53952
2019-08-28 19:58:43,594 [pool-49-thread-1] INFO  server.RaftServerConfigKeys (ConfUtils.java:logGet(43)) - raft.server.log.force.sync.num = 128 (default)
2019-08-28 19:58:43,594 [pool-38-thread-1] INFO  server.RaftServerConfigKeys (ConfUtils.java:logGet(43)) - raft.server.log.segment.cache.num.max = 2 (custom)
2019-08-28 19:58:43,594 [pool-49-thread-1] INFO  server.RaftServerConfigKeys (ConfUtils.java:logGet(43)) - raft.server.log.statemachine.data.sync = true (default)
2019-08-28 19:58:43,594 [pool-60-thread-1] INFO  server.RaftServerConfigKeys (ConfUtils.java:logGet(43)) - raft.server.log.queue.byte-limit = 2147483647 (custom)
2019-08-28 19:58:43,596 [pool-49-thread-1] INFO  server.RaftServerConfigKeys (ConfUtils.java:logGet(43)) - raft.server.log.statemachine.data.sync.timeout = 10s (default)
2019-08-28 19:58:43,596 [pool-38-thread-1] INFO  segmented.SegmentedRaftLogWorker (SegmentedRaftLogWorker.java:<init>(172)) - new 6468f44a-274a-4bf0-805e-bf8a5cf6df50-SegmentedRaftLogWorker:Storage Directory /workdir/hadoop-ozone/integration-test/target/test-dir/MiniOzoneClusterImpl-0a1989d7-c66c-4856-b49a-b1e0df50d07d/datanode-1/data/ratis/41fb4bec-33b2-40da-bc0c-311a19e53952 for RaftStorage:Storage Directory /workdir/hadoop-ozone/integration-test/target/test-dir/MiniOzoneClusterImpl-0a1989d7-c66c-4856-b49a-b1e0df50d07d/datanode-1/data/ratis/41fb4bec-33b2-40da-bc0c-311a19e53952
2019-08-28 19:58:43,596 [pool-49-thread-1] INFO  server.RaftServerConfigKeys (ConfUtils.java:logGet(43)) - raft.server.log.statemachine.data.sync.timeout.retry = -1 (default)
2019-08-28 19:58:43,596 [pool-60-thread-1] INFO  server.RaftServerConfigKeys (ConfUtils.java:logGet(43)) - raft.server.log.queue.element-limit = 1024 (custom)
2019-08-28 19:58:43,596 [pool-38-thread-1] INFO  server.RaftServerConfigKeys (ConfUtils.java:logGet(43)) - raft.server.log.queue.byte-limit = 2147483647 (custom)
2019-08-28 19:58:43,603 [pool-49-thread-1] INFO  server.RaftServerConfigKeys (ConfUtils.java:logGet(43)) - raft.server.log.statemachine.data.caching.enabled = true (custom)
2019-08-28 19:58:43,603 [pool-60-thread-1] INFO  server.RaftServerConfigKeys (ConfUtils.java:logGet(43)) - raft.server.log.segment.size.max = 1048576 (custom)
2019-08-28 19:58:43,604 [pool-38-thread-1] INFO  server.RaftServerConfigKeys (ConfUtils.java:logGet(43)) - raft.server.log.queue.element-limit = 1024 (custom)
2019-08-28 19:58:43,604 [pool-49-thread-1] INFO  segmented.SegmentedRaftLogWorker (SegmentedRaftLogWorker.java:lambda$new$0(132)) - 836fb2ea-40c7-4faf-82a4-0607f2372ff2-SegmentedRaftLogWorker:Storage Directory /workdir/hadoop-ozone/integration-test/target/test-dir/MiniOzoneClusterImpl-0a1989d7-c66c-4856-b49a-b1e0df50d07d/datanode-2/data/ratis/41fb4bec-33b2-40da-bc0c-311a19e53952: flushIndex: setUnconditionally 0 -> -1
2019-08-28 19:58:43,604 [pool-60-thread-1] INFO  server.RaftServerConfigKeys (ConfUtils.java:logGet(43)) - raft.server.log.preallocated.size = 16384 (custom)
2019-08-28 19:58:43,604 [pool-38-thread-1] INFO  server.RaftServerConfigKeys (ConfUtils.java:logGet(43)) - raft.server.log.segment.size.max = 1048576 (custom)
2019-08-28 19:58:43,604 [pool-49-thread-1] INFO  server.RaftServerConfigKeys (ConfUtils.java:logGet(43)) - raft.server.snapshot.auto.trigger.enabled = true (custom)
2019-08-28 19:58:43,604 [pool-60-thread-1] INFO  server.RaftServerConfigKeys (ConfUtils.java:logGet(43)) - raft.server.log.write.buffer.size = 33554432 (custom)
2019-08-28 19:58:43,605 [pool-49-thread-1] INFO  server.RaftServerConfigKeys (ConfUtils.java:logGet(43)) - raft.server.snapshot.auto.trigger.threshold = 10000 (custom)
2019-08-28 19:58:43,604 [pool-38-thread-1] INFO  server.RaftServerConfigKeys (ConfUtils.java:logGet(43)) - raft.server.log.preallocated.size = 16384 (custom)
2019-08-28 19:58:43,605 [pool-49-thread-1] INFO  server.RaftServerConfigKeys (ConfUtils.java:logGet(43)) - raft.server.retrycache.expirytime = 600000ms (custom)
2019-08-28 19:58:43,605 [pool-60-thread-1] INFO  server.RaftServerConfigKeys (ConfUtils.java:logGet(43)) - raft.server.log.force.sync.num = 128 (default)
2019-08-28 19:58:43,605 [pool-38-thread-1] INFO  server.RaftServerConfigKeys (ConfUtils.java:logGet(43)) - raft.server.log.write.buffer.size = 33554432 (custom)
2019-08-28 19:58:43,605 [pool-49-thread-1] INFO  impl.RaftServerImpl (RaftServerImpl.java:start(180)) - 836fb2ea-40c7-4faf-82a4-0607f2372ff2: start group-311A19E53952
2019-08-28 19:58:43,605 [pool-60-thread-1] INFO  server.RaftServerConfigKeys (ConfUtils.java:logGet(43)) - raft.server.log.statemachine.data.sync = true (default)
2019-08-28 19:58:43,606 [pool-49-thread-1] INFO  impl.RaftServerImpl (RaftServerImpl.java:setRole(171)) - 836fb2ea-40c7-4faf-82a4-0607f2372ff2:group-311A19E53952 changes role from null to FOLLOWER at term 0 for startAsFollower
2019-08-28 19:58:43,605 [pool-38-thread-1] INFO  server.RaftServerConfigKeys (ConfUtils.java:logGet(43)) - raft.server.log.force.sync.num = 128 (default)
2019-08-28 19:58:43,606 [pool-49-thread-1] INFO  impl.RoleInfo (RoleInfo.java:updateAndGet(143)) - 836fb2ea-40c7-4faf-82a4-0607f2372ff2: start FollowerState
2019-08-28 19:58:43,606 [pool-60-thread-1] INFO  server.RaftServerConfigKeys (ConfUtils.java:logGet(43)) - raft.server.log.statemachine.data.sync.timeout = 10s (default)
2019-08-28 19:58:43,606 [pool-38-thread-1] INFO  server.RaftServerConfigKeys (ConfUtils.java:logGet(43)) - raft.server.log.statemachine.data.sync = true (default)
2019-08-28 19:58:43,606 [pool-60-thread-1] INFO  server.RaftServerConfigKeys (ConfUtils.java:logGet(43)) - raft.server.log.statemachine.data.sync.timeout.retry = -1 (default)
2019-08-28 19:58:43,606 [pool-49-thread-1] INFO  util.JmxRegister (JmxRegister.java:tryRegister(44)) - Successfully registered JMX Bean with object name Ratis:service=RaftServer,group=group-311A19E53952,id=836fb2ea-40c7-4faf-82a4-0607f2372ff2
2019-08-28 19:58:43,606 [pool-60-thread-1] INFO  server.RaftServerConfigKeys (ConfUtils.java:logGet(43)) - raft.server.log.statemachine.data.caching.enabled = true (custom)
2019-08-28 19:58:43,606 [pool-38-thread-1] INFO  server.RaftServerConfigKeys (ConfUtils.java:logGet(43)) - raft.server.log.statemachine.data.sync.timeout = 10s (default)
2019-08-28 19:58:43,607 [pool-60-thread-1] INFO  segmented.SegmentedRaftLogWorker (SegmentedRaftLogWorker.java:lambda$new$0(132)) - 01143d5c-8004-4731-8abc-97382e446a21-SegmentedRaftLogWorker:Storage Directory /workdir/hadoop-ozone/integration-test/target/test-dir/MiniOzoneClusterImpl-0a1989d7-c66c-4856-b49a-b1e0df50d07d/datanode-3/data/ratis/41fb4bec-33b2-40da-bc0c-311a19e53952: flushIndex: setUnconditionally 0 -> -1
2019-08-28 19:58:43,607 [pool-38-thread-1] INFO  server.RaftServerConfigKeys (ConfUtils.java:logGet(43)) - raft.server.log.statemachine.data.sync.timeout.retry = -1 (default)
2019-08-28 19:58:43,607 [pool-60-thread-1] INFO  server.RaftServerConfigKeys (ConfUtils.java:logGet(43)) - raft.server.snapshot.auto.trigger.enabled = true (custom)
2019-08-28 19:58:43,607 [pool-60-thread-1] INFO  server.RaftServerConfigKeys (ConfUtils.java:logGet(43)) - raft.server.snapshot.auto.trigger.threshold = 10000 (custom)
2019-08-28 19:58:43,607 [pool-38-thread-1] INFO  server.RaftServerConfigKeys (ConfUtils.java:logGet(43)) - raft.server.log.statemachine.data.caching.enabled = true (custom)
2019-08-28 19:58:43,607 [pool-60-thread-1] INFO  server.RaftServerConfigKeys (ConfUtils.java:logGet(43)) - raft.server.retrycache.expirytime = 600000ms (custom)
2019-08-28 19:58:43,608 [pool-60-thread-1] INFO  impl.RaftServerImpl (RaftServerImpl.java:start(180)) - 01143d5c-8004-4731-8abc-97382e446a21: start group-311A19E53952
2019-08-28 19:58:43,608 [pool-38-thread-1] INFO  segmented.SegmentedRaftLogWorker (SegmentedRaftLogWorker.java:lambda$new$0(132)) - 6468f44a-274a-4bf0-805e-bf8a5cf6df50-SegmentedRaftLogWorker:Storage Directory /workdir/hadoop-ozone/integration-test/target/test-dir/MiniOzoneClusterImpl-0a1989d7-c66c-4856-b49a-b1e0df50d07d/datanode-1/data/ratis/41fb4bec-33b2-40da-bc0c-311a19e53952: flushIndex: setUnconditionally 0 -> -1
2019-08-28 19:58:43,608 [pool-60-thread-1] INFO  impl.RaftServerImpl (RaftServerImpl.java:setRole(171)) - 01143d5c-8004-4731-8abc-97382e446a21:group-311A19E53952 changes role from null to FOLLOWER at term 0 for startAsFollower
2019-08-28 19:58:43,608 [pool-60-thread-1] INFO  impl.RoleInfo (RoleInfo.java:updateAndGet(143)) - 01143d5c-8004-4731-8abc-97382e446a21: start FollowerState
2019-08-28 19:58:43,608 [pool-38-thread-1] INFO  server.RaftServerConfigKeys (ConfUtils.java:logGet(43)) - raft.server.snapshot.auto.trigger.enabled = true (custom)
2019-08-28 19:58:43,610 [pool-38-thread-1] INFO  server.RaftServerConfigKeys (ConfUtils.java:logGet(43)) - raft.server.snapshot.auto.trigger.threshold = 10000 (custom)
2019-08-28 19:58:43,610 [pool-60-thread-1] INFO  util.JmxRegister (JmxRegister.java:tryRegister(44)) - Successfully registered JMX Bean with object name Ratis:service=RaftServer,group=group-311A19E53952,id=01143d5c-8004-4731-8abc-97382e446a21
2019-08-28 19:58:43,611 [pool-38-thread-1] INFO  server.RaftServerConfigKeys (ConfUtils.java:logGet(43)) - raft.server.retrycache.expirytime = 600000ms (custom)
2019-08-28 19:58:43,613 [pool-38-thread-1] INFO  impl.RaftServerImpl (RaftServerImpl.java:start(180)) - 6468f44a-274a-4bf0-805e-bf8a5cf6df50: start group-311A19E53952
2019-08-28 19:58:43,615 [pool-38-thread-1] INFO  impl.RaftServerImpl (RaftServerImpl.java:setRole(171)) - 6468f44a-274a-4bf0-805e-bf8a5cf6df50:group-311A19E53952 changes role from null to FOLLOWER at term 0 for startAsFollower
2019-08-28 19:58:43,617 [pool-38-thread-1] INFO  impl.RoleInfo (RoleInfo.java:updateAndGet(143)) - 6468f44a-274a-4bf0-805e-bf8a5cf6df50: start FollowerState
2019-08-28 19:58:43,617 [pool-38-thread-1] INFO  util.JmxRegister (JmxRegister.java:tryRegister(44)) - Successfully registered JMX Bean with object name Ratis:service=RaftServer,group=group-311A19E53952,id=6468f44a-274a-4bf0-805e-bf8a5cf6df50
2019-08-28 19:58:43,633 [RatisPipelineUtilsThread] INFO  pipeline.PipelineStateManager (PipelineStateManager.java:addPipeline(56)) - Created pipeline Pipeline[ Id: 41fb4bec-33b2-40da-bc0c-311a19e53952, Nodes: 6468f44a-274a-4bf0-805e-bf8a5cf6df50{ip: 192.168.36.107, host: pr-hdds-1949-jn7bv-2990118995, networkLocation: /default-rack, certSerialId: null}836fb2ea-40c7-4faf-82a4-0607f2372ff2{ip: 192.168.36.107, host: pr-hdds-1949-jn7bv-2990118995, networkLocation: /default-rack, certSerialId: null}01143d5c-8004-4731-8abc-97382e446a21{ip: 192.168.36.107, host: pr-hdds-1949-jn7bv-2990118995, networkLocation: /default-rack, certSerialId: null}, Type:RATIS, Factor:THREE, State:OPEN]
2019-08-28 19:58:43,844 | INFO  | SCMAudit | user=jenkins1000 | ip=192.168.36.107 | op=SEND_HEARTBEAT {datanodeUUID=a4e818e3-a12c-49ac-9be2-dae8a36de655, command=[]} | ret=SUCCESS |  
2019-08-28 19:58:43,858 [main] INFO  rpc.RpcClient (RpcClient.java:createVolume(293)) - Creating Volume: testblockoutputstream, with jenkins1000 as owner.
2019-08-28 19:58:43,881 | INFO  | OMAudit | user=jenkins1000 | ip=127.0.0.1 | op=CREATE_VOLUME {admin=jenkins1000, owner=jenkins1000, volume=testblockoutputstream, creationTime=1567022323876, quotaInBytes=1152921504606846976} | ret=SUCCESS |  
2019-08-28 19:58:43,899 | INFO  | OMAudit | user=jenkins1000 | ip=127.0.0.1 | op=READ_VOLUME {volume=testblockoutputstream} | ret=SUCCESS |  
2019-08-28 19:58:43,916 | INFO  | SCMAudit | user=jenkins1000 | ip=192.168.36.107 | op=SEND_HEARTBEAT {datanodeUUID=6468f44a-274a-4bf0-805e-bf8a5cf6df50, command=[]} | ret=SUCCESS |  
2019-08-28 19:58:43,919 [main] INFO  rpc.RpcClient (RpcClient.java:createBucket(432)) - Creating Bucket: testblockoutputstream/testblockoutputstream, with Versioning false and Storage Type set to DISK and Encryption set to false 
2019-08-28 19:58:43,934 | INFO  | OMAudit | user=jenkins1000 | ip=127.0.0.1 | op=CREATE_BUCKET {volume=testblockoutputstream, bucket=testblockoutputstream, acls=[user:jenkins1000:a[ACCESS], group:default:a[ACCESS]], isVersionEnabled=false, storageType=DISK, creationTime=0} | ret=SUCCESS |  
2019-08-28 19:58:43,936 [main] INFO  impl.MetricsSystemImpl (MetricsSystemImpl.java:init(158)) - XceiverClientMetrics metrics system started (again)
2019-08-28 19:58:43,945 | INFO  | OMAudit | user=jenkins1000 | ip=127.0.0.1 | op=READ_VOLUME {volume=testblockoutputstream} | ret=SUCCESS |  
2019-08-28 19:58:43,953 | INFO  | OMAudit | user=jenkins1000 | ip=127.0.0.1 | op=READ_BUCKET {volume=testblockoutputstream, bucket=testblockoutputstream} | ret=SUCCESS |  
2019-08-28 19:58:43,996 | INFO  | SCMAudit | user=jenkins1000 | ip=192.168.36.107 | op=SEND_HEARTBEAT {datanodeUUID=836fb2ea-40c7-4faf-82a4-0607f2372ff2, command=[]} | ret=SUCCESS |  
2019-08-28 19:58:44,004 | INFO  | SCMAudit | user=jenkins1000 | ip=127.0.0.1 | op=ALLOCATE_BLOCK {owner=d4b6ebf8-37a4-4674-9690-061ea6102c1b, size=800, type=RATIS, factor=THREE} | ret=SUCCESS |  
2019-08-28 19:58:44,036 | INFO  | OMAudit | user=jenkins1000 | ip=127.0.0.1 | op=ALLOCATE_KEY {volume=testblockoutputstream, bucket=testblockoutputstream, key=da98db48-a4fa-405c-9916-e25c192c1e46, dataSize=0, replicationType=RATIS, replicationFactor=THREE, keyLocationInfo=null} | ret=SUCCESS |  
2019-08-28 19:58:44,525 | INFO  | SCMAudit | user=jenkins1000 | ip=192.168.36.107 | op=SEND_HEARTBEAT {datanodeUUID=dfe079fe-b43b-4b11-9eb7-bf995535c771, command=[]} | ret=SUCCESS |  
2019-08-28 19:58:44,525 | INFO  | SCMAudit | user=jenkins1000 | ip=192.168.36.107 | op=SEND_HEARTBEAT {datanodeUUID=b0f82e7e-889f-47d6-915f-90c6ca20be67, command=[]} | ret=SUCCESS |  
2019-08-28 19:58:44,525 | INFO  | SCMAudit | user=jenkins1000 | ip=192.168.36.107 | op=SEND_HEARTBEAT {datanodeUUID=4b027227-a2cd-44eb-b647-10bc08a09d4f, command=[]} | ret=SUCCESS |  
2019-08-28 19:58:44,525 | INFO  | SCMAudit | user=jenkins1000 | ip=192.168.36.107 | op=SEND_HEARTBEAT {datanodeUUID=01143d5c-8004-4731-8abc-97382e446a21, command=[]} | ret=SUCCESS |  
2019-08-28 19:58:44,658 [grpc-default-executor-2] INFO  client.GrpcClientProtocolClient (GrpcClientProtocolClient.java:onNext(255)) - client-16CB8F804E50->6468f44a-274a-4bf0-805e-bf8a5cf6df50: receive RaftClientReply:client-16CB8F804E50->6468f44a-274a-4bf0-805e-bf8a5cf6df50@group-311A19E53952, cid=13, FAILED org.apache.ratis.protocol.NotLeaderException: Server 6468f44a-274a-4bf0-805e-bf8a5cf6df50 is not the leader (null). Request must be sent to leader., logIndex=0, commits[6468f44a-274a-4bf0-805e-bf8a5cf6df50:c-1]
2019-08-28 19:58:44,832 | INFO  | SCMAudit | user=jenkins1000 | ip=192.168.36.107 | op=SEND_HEARTBEAT {datanodeUUID=a4e818e3-a12c-49ac-9be2-dae8a36de655, command=[]} | ret=SUCCESS |  
2019-08-28 19:58:44,875 [Thread-237] INFO  container.ReplicationManager (ReplicationManager.java:start(152)) - Starting Replication Monitor Thread.
2019-08-28 19:58:44,880 [ReplicationMonitor] INFO  container.ReplicationManager (ReplicationManager.java:run(215)) - Replication Monitor Thread took 3 milliseconds for processing 1 containers.
2019-08-28 19:58:44,903 | INFO  | SCMAudit | user=jenkins1000 | ip=192.168.36.107 | op=SEND_HEARTBEAT {datanodeUUID=6468f44a-274a-4bf0-805e-bf8a5cf6df50, command=[]} | ret=SUCCESS |  
2019-08-28 19:58:44,998 | INFO  | SCMAudit | user=jenkins1000 | ip=192.168.36.107 | op=SEND_HEARTBEAT {datanodeUUID=836fb2ea-40c7-4faf-82a4-0607f2372ff2, command=[]} | ret=SUCCESS |  
2019-08-28 19:58:45,074 | INFO  | SCMAudit | user=jenkins1000 | ip=192.168.36.107 | op=SEND_HEARTBEAT {datanodeUUID=01143d5c-8004-4731-8abc-97382e446a21, command=[]} | ret=SUCCESS |  
2019-08-28 19:58:45,508 | INFO  | SCMAudit | user=jenkins1000 | ip=192.168.36.107 | op=SEND_HEARTBEAT {datanodeUUID=b0f82e7e-889f-47d6-915f-90c6ca20be67, command=[]} | ret=SUCCESS |  
2019-08-28 19:58:45,508 | INFO  | SCMAudit | user=jenkins1000 | ip=192.168.36.107 | op=SEND_HEARTBEAT {datanodeUUID=4b027227-a2cd-44eb-b647-10bc08a09d4f, command=[]} | ret=SUCCESS |  
2019-08-28 19:58:45,508 | INFO  | SCMAudit | user=jenkins1000 | ip=192.168.36.107 | op=SEND_HEARTBEAT {datanodeUUID=dfe079fe-b43b-4b11-9eb7-bf995535c771, command=[]} | ret=SUCCESS |  
2019-08-28 19:58:45,703 [grpc-default-executor-1] INFO  client.GrpcClientProtocolClient (GrpcClientProtocolClient.java:onNext(255)) - client-16CB8F804E50->01143d5c-8004-4731-8abc-97382e446a21: receive RaftClientReply:client-16CB8F804E50->01143d5c-8004-4731-8abc-97382e446a21@group-311A19E53952, cid=13, FAILED org.apache.ratis.protocol.NotLeaderException: Server 01143d5c-8004-4731-8abc-97382e446a21 is not the leader (null). Request must be sent to leader., logIndex=0, commits[01143d5c-8004-4731-8abc-97382e446a21:c-1]
2019-08-28 19:58:45,833 | INFO  | SCMAudit | user=jenkins1000 | ip=192.168.36.107 | op=SEND_HEARTBEAT {datanodeUUID=a4e818e3-a12c-49ac-9be2-dae8a36de655, command=[]} | ret=SUCCESS |  
2019-08-28 19:58:45,903 | INFO  | SCMAudit | user=jenkins1000 | ip=192.168.36.107 | op=SEND_HEARTBEAT {datanodeUUID=6468f44a-274a-4bf0-805e-bf8a5cf6df50, command=[]} | ret=SUCCESS |  
2019-08-28 19:58:46,010 | INFO  | SCMAudit | user=jenkins1000 | ip=192.168.36.107 | op=SEND_HEARTBEAT {datanodeUUID=836fb2ea-40c7-4faf-82a4-0607f2372ff2, command=[]} | ret=SUCCESS |  
2019-08-28 19:58:46,071 | INFO  | SCMAudit | user=jenkins1000 | ip=192.168.36.107 | op=SEND_HEARTBEAT {datanodeUUID=01143d5c-8004-4731-8abc-97382e446a21, command=[]} | ret=SUCCESS |  
2019-08-28 19:58:46,502 | INFO  | SCMAudit | user=jenkins1000 | ip=192.168.36.107 | op=SEND_HEARTBEAT {datanodeUUID=4b027227-a2cd-44eb-b647-10bc08a09d4f, command=[]} | ret=SUCCESS |  
2019-08-28 19:58:46,502 | INFO  | SCMAudit | user=jenkins1000 | ip=192.168.36.107 | op=SEND_HEARTBEAT {datanodeUUID=dfe079fe-b43b-4b11-9eb7-bf995535c771, command=[]} | ret=SUCCESS |  
2019-08-28 19:58:46,503 | INFO  | SCMAudit | user=jenkins1000 | ip=192.168.36.107 | op=SEND_HEARTBEAT {datanodeUUID=b0f82e7e-889f-47d6-915f-90c6ca20be67, command=[]} | ret=SUCCESS |  
2019-08-28 19:58:46,729 [grpc-default-executor-1] INFO  client.GrpcClientProtocolClient (GrpcClientProtocolClient.java:onNext(255)) - client-16CB8F804E50->836fb2ea-40c7-4faf-82a4-0607f2372ff2: receive RaftClientReply:client-16CB8F804E50->836fb2ea-40c7-4faf-82a4-0607f2372ff2@group-311A19E53952, cid=13, FAILED org.apache.ratis.protocol.NotLeaderException: Server 836fb2ea-40c7-4faf-82a4-0607f2372ff2 is not the leader (null). Request must be sent to leader., logIndex=0, commits[836fb2ea-40c7-4faf-82a4-0607f2372ff2:c-1]
2019-08-28 19:58:46,830 | INFO  | SCMAudit | user=jenkins1000 | ip=192.168.36.107 | op=SEND_HEARTBEAT {datanodeUUID=a4e818e3-a12c-49ac-9be2-dae8a36de655, command=[]} | ret=SUCCESS |  
2019-08-28 19:58:46,902 | INFO  | SCMAudit | user=jenkins1000 | ip=192.168.36.107 | op=SEND_HEARTBEAT {datanodeUUID=6468f44a-274a-4bf0-805e-bf8a5cf6df50, command=[]} | ret=SUCCESS |  
2019-08-28 19:58:46,997 | INFO  | SCMAudit | user=jenkins1000 | ip=192.168.36.107 | op=SEND_HEARTBEAT {datanodeUUID=836fb2ea-40c7-4faf-82a4-0607f2372ff2, command=[]} | ret=SUCCESS |  
2019-08-28 19:58:47,071 | INFO  | SCMAudit | user=jenkins1000 | ip=192.168.36.107 | op=SEND_HEARTBEAT {datanodeUUID=01143d5c-8004-4731-8abc-97382e446a21, command=[]} | ret=SUCCESS |  
2019-08-28 19:58:47,502 | INFO  | SCMAudit | user=jenkins1000 | ip=192.168.36.107 | op=SEND_HEARTBEAT {datanodeUUID=b0f82e7e-889f-47d6-915f-90c6ca20be67, command=[]} | ret=SUCCESS |  
2019-08-28 19:58:47,502 | INFO  | SCMAudit | user=jenkins1000 | ip=192.168.36.107 | op=SEND_HEARTBEAT {datanodeUUID=4b027227-a2cd-44eb-b647-10bc08a09d4f, command=[]} | ret=SUCCESS |  
2019-08-28 19:58:47,502 | INFO  | SCMAudit | user=jenkins1000 | ip=192.168.36.107 | op=SEND_HEARTBEAT {datanodeUUID=dfe079fe-b43b-4b11-9eb7-bf995535c771, command=[]} | ret=SUCCESS |  
2019-08-28 19:58:47,684 [Thread-239] INFO  impl.FollowerState (FollowerState.java:run(106)) - a4e818e3-a12c-49ac-9be2-dae8a36de655:group-16AD46029337 changes to CANDIDATE, lastRpcTime:5103, electionTimeout:5103ms
2019-08-28 19:58:47,686 [Thread-239] INFO  impl.RoleInfo (RoleInfo.java:shutdownFollowerState(121)) - a4e818e3-a12c-49ac-9be2-dae8a36de655: shutdown FollowerState
2019-08-28 19:58:47,686 [Thread-239] INFO  impl.RaftServerImpl (RaftServerImpl.java:setRole(171)) - a4e818e3-a12c-49ac-9be2-dae8a36de655:group-16AD46029337 changes role from FOLLOWER to CANDIDATE at term 0 for changeToCandidate
2019-08-28 19:58:47,690 [Thread-239] INFO  impl.RoleInfo (RoleInfo.java:updateAndGet(143)) - a4e818e3-a12c-49ac-9be2-dae8a36de655: start LeaderElection
2019-08-28 19:58:47,747 [grpc-default-executor-2] INFO  client.GrpcClientProtocolClient (GrpcClientProtocolClient.java:onNext(255)) - client-16CB8F804E50->01143d5c-8004-4731-8abc-97382e446a21: receive RaftClientReply:client-16CB8F804E50->01143d5c-8004-4731-8abc-97382e446a21@group-311A19E53952, cid=13, FAILED org.apache.ratis.protocol.NotLeaderException: Server 01143d5c-8004-4731-8abc-97382e446a21 is not the leader (null). Request must be sent to leader., logIndex=0, commits[01143d5c-8004-4731-8abc-97382e446a21:c-1]
2019-08-28 19:58:47,819 [a4e818e3-a12c-49ac-9be2-dae8a36de655:group-16AD46029337:LeaderElection1] INFO  impl.LeaderElection (LeaderElection.java:askForVotes(181)) - a4e818e3-a12c-49ac-9be2-dae8a36de655:group-16AD46029337:LeaderElection1: begin an election at term 1 for -1: [a4e818e3-a12c-49ac-9be2-dae8a36de655:192.168.36.107:35700], old=null
2019-08-28 19:58:47,821 [a4e818e3-a12c-49ac-9be2-dae8a36de655:group-16AD46029337:LeaderElection1] INFO  impl.RoleInfo (RoleInfo.java:shutdownLeaderElection(134)) - a4e818e3-a12c-49ac-9be2-dae8a36de655: shutdown LeaderElection
2019-08-28 19:58:47,821 [a4e818e3-a12c-49ac-9be2-dae8a36de655:group-16AD46029337:LeaderElection1] INFO  impl.RaftServerImpl (RaftServerImpl.java:setRole(171)) - a4e818e3-a12c-49ac-9be2-dae8a36de655:group-16AD46029337 changes role from CANDIDATE to LEADER at term 1 for changeToLeader
2019-08-28 19:58:47,821 [a4e818e3-a12c-49ac-9be2-dae8a36de655:group-16AD46029337:LeaderElection1] INFO  impl.RaftServerImpl (ServerState.java:setLeader(263)) - a4e818e3-a12c-49ac-9be2-dae8a36de655:group-16AD46029337 change Leader from null to a4e818e3-a12c-49ac-9be2-dae8a36de655 at term 1 for becomeLeader, leader elected after 5325ms
2019-08-28 19:58:47,829 [a4e818e3-a12c-49ac-9be2-dae8a36de655:group-16AD46029337:LeaderElection1] INFO  server.RaftServerConfigKeys (ConfUtils.java:logGet(43)) - raft.server.staging.catchup.gap = 1000 (default)
2019-08-28 19:58:47,829 [a4e818e3-a12c-49ac-9be2-dae8a36de655:group-16AD46029337:LeaderElection1] INFO  server.RaftServerConfigKeys (ConfUtils.java:logGet(43)) - raft.server.rpc.sleep.time = 25ms (default)
2019-08-28 19:58:47,830 | INFO  | SCMAudit | user=jenkins1000 | ip=192.168.36.107 | op=SEND_HEARTBEAT {datanodeUUID=a4e818e3-a12c-49ac-9be2-dae8a36de655, command=[]} | ret=SUCCESS |  
2019-08-28 19:58:47,831 [a4e818e3-a12c-49ac-9be2-dae8a36de655:group-16AD46029337:LeaderElection1] INFO  server.RaftServerConfigKeys (ConfUtils.java:logGet(43)) - raft.server.write.element-limit = 4096 (default)
2019-08-28 19:58:47,833 [a4e818e3-a12c-49ac-9be2-dae8a36de655:group-16AD46029337:LeaderElection1] INFO  server.RaftServerConfigKeys (ConfUtils.java:logGet(43)) - raft.server.watch.timeout = 10s (default)
2019-08-28 19:58:47,834 [a4e818e3-a12c-49ac-9be2-dae8a36de655:group-16AD46029337:LeaderElection1] INFO  server.RaftServerConfigKeys (ConfUtils.java:logGet(43)) - raft.server.watch.timeout.denomination = 1s (default)
2019-08-28 19:58:47,834 [a4e818e3-a12c-49ac-9be2-dae8a36de655:group-16AD46029337:LeaderElection1] INFO  server.RaftServerConfigKeys (ConfUtils.java:logGet(43)) - raft.server.watch.element-limit = 65536 (default)
2019-08-28 19:58:47,839 [Thread-242] INFO  impl.FollowerState (FollowerState.java:run(106)) - b0f82e7e-889f-47d6-915f-90c6ca20be67:group-10C3E39CF339 changes to CANDIDATE, lastRpcTime:5020, electionTimeout:5018ms
2019-08-28 19:58:47,842 [Thread-242] INFO  impl.RoleInfo (RoleInfo.java:shutdownFollowerState(121)) - b0f82e7e-889f-47d6-915f-90c6ca20be67: shutdown FollowerState
2019-08-28 19:58:47,842 [Thread-242] INFO  impl.RaftServerImpl (RaftServerImpl.java:setRole(171)) - b0f82e7e-889f-47d6-915f-90c6ca20be67:group-10C3E39CF339 changes role from FOLLOWER to CANDIDATE at term 0 for changeToCandidate
2019-08-28 19:58:47,842 [Thread-242] INFO  impl.RoleInfo (RoleInfo.java:updateAndGet(143)) - b0f82e7e-889f-47d6-915f-90c6ca20be67: start LeaderElection
2019-08-28 19:58:47,847 [a4e818e3-a12c-49ac-9be2-dae8a36de655:group-16AD46029337:LeaderElection1] INFO  impl.RoleInfo (RoleInfo.java:updateAndGet(143)) - a4e818e3-a12c-49ac-9be2-dae8a36de655: start LeaderState
2019-08-28 19:58:47,866 [a4e818e3-a12c-49ac-9be2-dae8a36de655:group-16AD46029337:LeaderElection1] INFO  segmented.SegmentedRaftLogWorker (SegmentedRaftLogWorker.java:startLogSegment(380)) - a4e818e3-a12c-49ac-9be2-dae8a36de655-SegmentedRaftLogWorker:Storage Directory /workdir/hadoop-ozone/integration-test/target/test-dir/MiniOzoneClusterImpl-0a1989d7-c66c-4856-b49a-b1e0df50d07d/datanode-0/data/ratis/274e36d4-b10d-44bc-8edf-16ad46029337: Starting segment from index:0
2019-08-28 19:58:47,873 [b0f82e7e-889f-47d6-915f-90c6ca20be67:group-10C3E39CF339:LeaderElection2] INFO  impl.LeaderElection (LeaderElection.java:askForVotes(181)) - b0f82e7e-889f-47d6-915f-90c6ca20be67:group-10C3E39CF339:LeaderElection2: begin an election at term 1 for -1: [b0f82e7e-889f-47d6-915f-90c6ca20be67:192.168.36.107:36215], old=null
2019-08-28 19:58:47,878 [b0f82e7e-889f-47d6-915f-90c6ca20be67:group-10C3E39CF339:LeaderElection2] INFO  impl.RoleInfo (RoleInfo.java:shutdownLeaderElection(134)) - b0f82e7e-889f-47d6-915f-90c6ca20be67: shutdown LeaderElection
2019-08-28 19:58:47,878 [b0f82e7e-889f-47d6-915f-90c6ca20be67:group-10C3E39CF339:LeaderElection2] INFO  impl.RaftServerImpl (RaftServerImpl.java:setRole(171)) - b0f82e7e-889f-47d6-915f-90c6ca20be67:group-10C3E39CF339 changes role from CANDIDATE to LEADER at term 1 for changeToLeader
2019-08-28 19:58:47,878 [b0f82e7e-889f-47d6-915f-90c6ca20be67:group-10C3E39CF339:LeaderElection2] INFO  impl.RaftServerImpl (ServerState.java:setLeader(263)) - b0f82e7e-889f-47d6-915f-90c6ca20be67:group-10C3E39CF339 change Leader from null to b0f82e7e-889f-47d6-915f-90c6ca20be67 at term 1 for becomeLeader, leader elected after 5065ms
2019-08-28 19:58:47,880 [b0f82e7e-889f-47d6-915f-90c6ca20be67:group-10C3E39CF339:LeaderElection2] INFO  server.RaftServerConfigKeys (ConfUtils.java:logGet(43)) - raft.server.staging.catchup.gap = 1000 (default)
2019-08-28 19:58:47,880 [a4e818e3-a12c-49ac-9be2-dae8a36de655:group-16AD46029337:LeaderElection1] INFO  impl.RaftServerImpl (ServerState.java:setRaftConf(361)) - a4e818e3-a12c-49ac-9be2-dae8a36de655:group-16AD46029337 set configuration 0: [a4e818e3-a12c-49ac-9be2-dae8a36de655:192.168.36.107:35700], old=null at 0
2019-08-28 19:58:47,880 [b0f82e7e-889f-47d6-915f-90c6ca20be67:group-10C3E39CF339:LeaderElection2] INFO  server.RaftServerConfigKeys (ConfUtils.java:logGet(43)) - raft.server.rpc.sleep.time = 25ms (default)
2019-08-28 19:58:47,881 [b0f82e7e-889f-47d6-915f-90c6ca20be67:group-10C3E39CF339:LeaderElection2] INFO  server.RaftServerConfigKeys (ConfUtils.java:logGet(43)) - raft.server.write.element-limit = 4096 (default)
2019-08-28 19:58:47,881 [b0f82e7e-889f-47d6-915f-90c6ca20be67:group-10C3E39CF339:LeaderElection2] INFO  server.RaftServerConfigKeys (ConfUtils.java:logGet(43)) - raft.server.watch.timeout = 10s (default)
2019-08-28 19:58:47,882 [b0f82e7e-889f-47d6-915f-90c6ca20be67:group-10C3E39CF339:LeaderElection2] INFO  server.RaftServerConfigKeys (ConfUtils.java:logGet(43)) - raft.server.watch.timeout.denomination = 1s (default)
2019-08-28 19:58:47,882 [b0f82e7e-889f-47d6-915f-90c6ca20be67:group-10C3E39CF339:LeaderElection2] INFO  server.RaftServerConfigKeys (ConfUtils.java:logGet(43)) - raft.server.watch.element-limit = 65536 (default)
2019-08-28 19:58:47,882 [b0f82e7e-889f-47d6-915f-90c6ca20be67:group-10C3E39CF339:LeaderElection2] INFO  impl.RoleInfo (RoleInfo.java:updateAndGet(143)) - b0f82e7e-889f-47d6-915f-90c6ca20be67: start LeaderState
2019-08-28 19:58:47,882 [b0f82e7e-889f-47d6-915f-90c6ca20be67:group-10C3E39CF339:LeaderElection2] INFO  segmented.SegmentedRaftLogWorker (SegmentedRaftLogWorker.java:startLogSegment(380)) - b0f82e7e-889f-47d6-915f-90c6ca20be67-SegmentedRaftLogWorker:Storage Directory /workdir/hadoop-ozone/integration-test/target/test-dir/MiniOzoneClusterImpl-0a1989d7-c66c-4856-b49a-b1e0df50d07d/datanode-5/data/ratis/6d5240ea-78aa-41fe-b84c-10c3e39cf339: Starting segment from index:0
2019-08-28 19:58:47,882 [b0f82e7e-889f-47d6-915f-90c6ca20be67:group-10C3E39CF339:LeaderElection2] INFO  impl.RaftServerImpl (ServerState.java:setRaftConf(361)) - b0f82e7e-889f-47d6-915f-90c6ca20be67:group-10C3E39CF339 set configuration 0: [b0f82e7e-889f-47d6-915f-90c6ca20be67:192.168.36.107:36215], old=null at 0
2019-08-28 19:58:47,901 | INFO  | SCMAudit | user=jenkins1000 | ip=192.168.36.107 | op=SEND_HEARTBEAT {datanodeUUID=6468f44a-274a-4bf0-805e-bf8a5cf6df50, command=[]} | ret=SUCCESS |  
2019-08-28 19:58:47,998 | INFO  | SCMAudit | user=jenkins1000 | ip=192.168.36.107 | op=SEND_HEARTBEAT {datanodeUUID=836fb2ea-40c7-4faf-82a4-0607f2372ff2, command=[]} | ret=SUCCESS |  
2019-08-28 19:58:48,009 [Thread-245] INFO  impl.FollowerState (FollowerState.java:run(106)) - 4b027227-a2cd-44eb-b647-10bc08a09d4f:group-A0EB3A6BF1DF changes to CANDIDATE, lastRpcTime:5073, electionTimeout:5073ms
2019-08-28 19:58:48,009 [Thread-245] INFO  impl.RoleInfo (RoleInfo.java:shutdownFollowerState(121)) - 4b027227-a2cd-44eb-b647-10bc08a09d4f: shutdown FollowerState
2019-08-28 19:58:48,009 [Thread-245] INFO  impl.RaftServerImpl (RaftServerImpl.java:setRole(171)) - 4b027227-a2cd-44eb-b647-10bc08a09d4f:group-A0EB3A6BF1DF changes role from FOLLOWER to CANDIDATE at term 0 for changeToCandidate
2019-08-28 19:58:48,009 [Thread-245] INFO  impl.RoleInfo (RoleInfo.java:updateAndGet(143)) - 4b027227-a2cd-44eb-b647-10bc08a09d4f: start LeaderElection
2019-08-28 19:58:48,034 [b0f82e7e-889f-47d6-915f-90c6ca20be67-SegmentedRaftLogWorker:Storage Directory /workdir/hadoop-ozone/integration-test/target/test-dir/MiniOzoneClusterImpl-0a1989d7-c66c-4856-b49a-b1e0df50d07d/datanode-5/data/ratis/6d5240ea-78aa-41fe-b84c-10c3e39cf339] INFO  segmented.SegmentedRaftLogWorker (SegmentedRaftLogWorker.java:execute(569)) - b0f82e7e-889f-47d6-915f-90c6ca20be67-SegmentedRaftLogWorker:Storage Directory /workdir/hadoop-ozone/integration-test/target/test-dir/MiniOzoneClusterImpl-0a1989d7-c66c-4856-b49a-b1e0df50d07d/datanode-5/data/ratis/6d5240ea-78aa-41fe-b84c-10c3e39cf339: created new log segment /workdir/hadoop-ozone/integration-test/target/test-dir/MiniOzoneClusterImpl-0a1989d7-c66c-4856-b49a-b1e0df50d07d/datanode-5/data/ratis/6d5240ea-78aa-41fe-b84c-10c3e39cf339/current/log_inprogress_0
2019-08-28 19:58:48,034 [a4e818e3-a12c-49ac-9be2-dae8a36de655-SegmentedRaftLogWorker:Storage Directory /workdir/hadoop-ozone/integration-test/target/test-dir/MiniOzoneClusterImpl-0a1989d7-c66c-4856-b49a-b1e0df50d07d/datanode-0/data/ratis/274e36d4-b10d-44bc-8edf-16ad46029337] INFO  segmented.SegmentedRaftLogWorker (SegmentedRaftLogWorker.java:execute(569)) - a4e818e3-a12c-49ac-9be2-dae8a36de655-SegmentedRaftLogWorker:Storage Directory /workdir/hadoop-ozone/integration-test/target/test-dir/MiniOzoneClusterImpl-0a1989d7-c66c-4856-b49a-b1e0df50d07d/datanode-0/data/ratis/274e36d4-b10d-44bc-8edf-16ad46029337: created new log segment /workdir/hadoop-ozone/integration-test/target/test-dir/MiniOzoneClusterImpl-0a1989d7-c66c-4856-b49a-b1e0df50d07d/datanode-0/data/ratis/274e36d4-b10d-44bc-8edf-16ad46029337/current/log_inprogress_0
2019-08-28 19:58:48,057 [4b027227-a2cd-44eb-b647-10bc08a09d4f:group-A0EB3A6BF1DF:LeaderElection3] INFO  impl.LeaderElection (LeaderElection.java:askForVotes(181)) - 4b027227-a2cd-44eb-b647-10bc08a09d4f:group-A0EB3A6BF1DF:LeaderElection3: begin an election at term 1 for -1: [4b027227-a2cd-44eb-b647-10bc08a09d4f:192.168.36.107:45159], old=null
2019-08-28 19:58:48,064 [4b027227-a2cd-44eb-b647-10bc08a09d4f:group-A0EB3A6BF1DF:LeaderElection3] INFO  impl.RoleInfo (RoleInfo.java:shutdownLeaderElection(134)) - 4b027227-a2cd-44eb-b647-10bc08a09d4f: shutdown LeaderElection
2019-08-28 19:58:48,064 [4b027227-a2cd-44eb-b647-10bc08a09d4f:group-A0EB3A6BF1DF:LeaderElection3] INFO  impl.RaftServerImpl (RaftServerImpl.java:setRole(171)) - 4b027227-a2cd-44eb-b647-10bc08a09d4f:group-A0EB3A6BF1DF changes role from CANDIDATE to LEADER at term 1 for changeToLeader
2019-08-28 19:58:48,064 [4b027227-a2cd-44eb-b647-10bc08a09d4f:group-A0EB3A6BF1DF:LeaderElection3] INFO  impl.RaftServerImpl (ServerState.java:setLeader(263)) - 4b027227-a2cd-44eb-b647-10bc08a09d4f:group-A0EB3A6BF1DF change Leader from null to 4b027227-a2cd-44eb-b647-10bc08a09d4f at term 1 for becomeLeader, leader elected after 5132ms
2019-08-28 19:58:48,066 [4b027227-a2cd-44eb-b647-10bc08a09d4f:group-A0EB3A6BF1DF:LeaderElection3] INFO  server.RaftServerConfigKeys (ConfUtils.java:logGet(43)) - raft.server.staging.catchup.gap = 1000 (default)
2019-08-28 19:58:48,066 [4b027227-a2cd-44eb-b647-10bc08a09d4f:group-A0EB3A6BF1DF:LeaderElection3] INFO  server.RaftServerConfigKeys (ConfUtils.java:logGet(43)) - raft.server.rpc.sleep.time = 25ms (default)
2019-08-28 19:58:48,066 [4b027227-a2cd-44eb-b647-10bc08a09d4f:group-A0EB3A6BF1DF:LeaderElection3] INFO  server.RaftServerConfigKeys (ConfUtils.java:logGet(43)) - raft.server.write.element-limit = 4096 (default)
2019-08-28 19:58:48,067 [4b027227-a2cd-44eb-b647-10bc08a09d4f:group-A0EB3A6BF1DF:LeaderElection3] INFO  server.RaftServerConfigKeys (ConfUtils.java:logGet(43)) - raft.server.watch.timeout = 10s (default)
2019-08-28 19:58:48,067 [4b027227-a2cd-44eb-b647-10bc08a09d4f:group-A0EB3A6BF1DF:LeaderElection3] INFO  server.RaftServerConfigKeys (ConfUtils.java:logGet(43)) - raft.server.watch.timeout.denomination = 1s (default)
2019-08-28 19:58:48,067 [4b027227-a2cd-44eb-b647-10bc08a09d4f:group-A0EB3A6BF1DF:LeaderElection3] INFO  server.RaftServerConfigKeys (ConfUtils.java:logGet(43)) - raft.server.watch.element-limit = 65536 (default)
2019-08-28 19:58:48,067 [4b027227-a2cd-44eb-b647-10bc08a09d4f:group-A0EB3A6BF1DF:LeaderElection3] INFO  impl.RoleInfo (RoleInfo.java:updateAndGet(143)) - 4b027227-a2cd-44eb-b647-10bc08a09d4f: start LeaderState
2019-08-28 19:58:48,068 [4b027227-a2cd-44eb-b647-10bc08a09d4f:group-A0EB3A6BF1DF:LeaderElection3] INFO  segmented.SegmentedRaftLogWorker (SegmentedRaftLogWorker.java:startLogSegment(380)) - 4b027227-a2cd-44eb-b647-10bc08a09d4f-SegmentedRaftLogWorker:Storage Directory /workdir/hadoop-ozone/integration-test/target/test-dir/MiniOzoneClusterImpl-0a1989d7-c66c-4856-b49a-b1e0df50d07d/datanode-6/data/ratis/dbc31188-ae62-4307-b516-a0eb3a6bf1df: Starting segment from index:0
2019-08-28 19:58:48,068 [4b027227-a2cd-44eb-b647-10bc08a09d4f:group-A0EB3A6BF1DF:LeaderElection3] INFO  impl.RaftServerImpl (ServerState.java:setRaftConf(361)) - 4b027227-a2cd-44eb-b647-10bc08a09d4f:group-A0EB3A6BF1DF set configuration 0: [4b027227-a2cd-44eb-b647-10bc08a09d4f:192.168.36.107:45159], old=null at 0
2019-08-28 19:58:48,104 [Thread-248] INFO  impl.FollowerState (FollowerState.java:run(106)) - 6468f44a-274a-4bf0-805e-bf8a5cf6df50:group-894B53D06086 changes to CANDIDATE, lastRpcTime:5057, electionTimeout:5031ms
2019-08-28 19:58:48,106 [Thread-248] INFO  impl.RoleInfo (RoleInfo.java:shutdownFollowerState(121)) - 6468f44a-274a-4bf0-805e-bf8a5cf6df50: shutdown FollowerState
2019-08-28 19:58:48,106 [Thread-248] INFO  impl.RaftServerImpl (RaftServerImpl.java:setRole(171)) - 6468f44a-274a-4bf0-805e-bf8a5cf6df50:group-894B53D06086 changes role from FOLLOWER to CANDIDATE at term 0 for changeToCandidate
2019-08-28 19:58:48,106 [Thread-248] INFO  impl.RoleInfo (RoleInfo.java:updateAndGet(143)) - 6468f44a-274a-4bf0-805e-bf8a5cf6df50: start LeaderElection
2019-08-28 19:58:48,109 | INFO  | SCMAudit | user=jenkins1000 | ip=192.168.36.107 | op=SEND_HEARTBEAT {datanodeUUID=01143d5c-8004-4731-8abc-97382e446a21, command=[]} | ret=SUCCESS |  
2019-08-28 19:58:48,122 [4b027227-a2cd-44eb-b647-10bc08a09d4f-SegmentedRaftLogWorker:Storage Directory /workdir/hadoop-ozone/integration-test/target/test-dir/MiniOzoneClusterImpl-0a1989d7-c66c-4856-b49a-b1e0df50d07d/datanode-6/data/ratis/dbc31188-ae62-4307-b516-a0eb3a6bf1df] INFO  segmented.SegmentedRaftLogWorker (SegmentedRaftLogWorker.java:execute(569)) - 4b027227-a2cd-44eb-b647-10bc08a09d4f-SegmentedRaftLogWorker:Storage Directory /workdir/hadoop-ozone/integration-test/target/test-dir/MiniOzoneClusterImpl-0a1989d7-c66c-4856-b49a-b1e0df50d07d/datanode-6/data/ratis/dbc31188-ae62-4307-b516-a0eb3a6bf1df: created new log segment /workdir/hadoop-ozone/integration-test/target/test-dir/MiniOzoneClusterImpl-0a1989d7-c66c-4856-b49a-b1e0df50d07d/datanode-6/data/ratis/dbc31188-ae62-4307-b516-a0eb3a6bf1df/current/log_inprogress_0
2019-08-28 19:58:48,122 [6468f44a-274a-4bf0-805e-bf8a5cf6df50:group-894B53D06086:LeaderElection4] INFO  impl.LeaderElection (LeaderElection.java:askForVotes(181)) - 6468f44a-274a-4bf0-805e-bf8a5cf6df50:group-894B53D06086:LeaderElection4: begin an election at term 1 for -1: [6468f44a-274a-4bf0-805e-bf8a5cf6df50:192.168.36.107:33672], old=null
2019-08-28 19:58:48,122 [6468f44a-274a-4bf0-805e-bf8a5cf6df50:group-894B53D06086:LeaderElection4] INFO  impl.RoleInfo (RoleInfo.java:shutdownLeaderElection(134)) - 6468f44a-274a-4bf0-805e-bf8a5cf6df50: shutdown LeaderElection
2019-08-28 19:58:48,122 [6468f44a-274a-4bf0-805e-bf8a5cf6df50:group-894B53D06086:LeaderElection4] INFO  impl.RaftServerImpl (RaftServerImpl.java:setRole(171)) - 6468f44a-274a-4bf0-805e-bf8a5cf6df50:group-894B53D06086 changes role from CANDIDATE to LEADER at term 1 for changeToLeader
2019-08-28 19:58:48,122 [6468f44a-274a-4bf0-805e-bf8a5cf6df50:group-894B53D06086:LeaderElection4] INFO  impl.RaftServerImpl (ServerState.java:setLeader(263)) - 6468f44a-274a-4bf0-805e-bf8a5cf6df50:group-894B53D06086 change Leader from null to 6468f44a-274a-4bf0-805e-bf8a5cf6df50 at term 1 for becomeLeader, leader elected after 5079ms
2019-08-28 19:58:48,124 [6468f44a-274a-4bf0-805e-bf8a5cf6df50:group-894B53D06086:LeaderElection4] INFO  server.RaftServerConfigKeys (ConfUtils.java:logGet(43)) - raft.server.staging.catchup.gap = 1000 (default)
2019-08-28 19:58:48,124 [6468f44a-274a-4bf0-805e-bf8a5cf6df50:group-894B53D06086:LeaderElection4] INFO  server.RaftServerConfigKeys (ConfUtils.java:logGet(43)) - raft.server.rpc.sleep.time = 25ms (default)
2019-08-28 19:58:48,124 [6468f44a-274a-4bf0-805e-bf8a5cf6df50:group-894B53D06086:LeaderElection4] INFO  server.RaftServerConfigKeys (ConfUtils.java:logGet(43)) - raft.server.write.element-limit = 4096 (default)
2019-08-28 19:58:48,125 [6468f44a-274a-4bf0-805e-bf8a5cf6df50:group-894B53D06086:LeaderElection4] INFO  server.RaftServerConfigKeys (ConfUtils.java:logGet(43)) - raft.server.watch.timeout = 10s (default)
2019-08-28 19:58:48,125 [6468f44a-274a-4bf0-805e-bf8a5cf6df50:group-894B53D06086:LeaderElection4] INFO  server.RaftServerConfigKeys (ConfUtils.java:logGet(43)) - raft.server.watch.timeout.denomination = 1s (default)
2019-08-28 19:58:48,125 [6468f44a-274a-4bf0-805e-bf8a5cf6df50:group-894B53D06086:LeaderElection4] INFO  server.RaftServerConfigKeys (ConfUtils.java:logGet(43)) - raft.server.watch.element-limit = 65536 (default)
2019-08-28 19:58:48,125 [6468f44a-274a-4bf0-805e-bf8a5cf6df50:group-894B53D06086:LeaderElection4] INFO  impl.RoleInfo (RoleInfo.java:updateAndGet(143)) - 6468f44a-274a-4bf0-805e-bf8a5cf6df50: start LeaderState
2019-08-28 19:58:48,125 [6468f44a-274a-4bf0-805e-bf8a5cf6df50:group-894B53D06086:LeaderElection4] INFO  segmented.SegmentedRaftLogWorker (SegmentedRaftLogWorker.java:startLogSegment(380)) - 6468f44a-274a-4bf0-805e-bf8a5cf6df50-SegmentedRaftLogWorker:Storage Directory /workdir/hadoop-ozone/integration-test/target/test-dir/MiniOzoneClusterImpl-0a1989d7-c66c-4856-b49a-b1e0df50d07d/datanode-1/data/ratis/04a14922-a192-43c6-8750-894b53d06086: Starting segment from index:0
2019-08-28 19:58:48,126 [6468f44a-274a-4bf0-805e-bf8a5cf6df50:group-894B53D06086:LeaderElection4] INFO  impl.RaftServerImpl (ServerState.java:setRaftConf(361)) - 6468f44a-274a-4bf0-805e-bf8a5cf6df50:group-894B53D06086 set configuration 0: [6468f44a-274a-4bf0-805e-bf8a5cf6df50:192.168.36.107:33672], old=null at 0
2019-08-28 19:58:48,226 [6468f44a-274a-4bf0-805e-bf8a5cf6df50-SegmentedRaftLogWorker:Storage Directory /workdir/hadoop-ozone/integration-test/target/test-dir/MiniOzoneClusterImpl-0a1989d7-c66c-4856-b49a-b1e0df50d07d/datanode-1/data/ratis/04a14922-a192-43c6-8750-894b53d06086] INFO  segmented.SegmentedRaftLogWorker (SegmentedRaftLogWorker.java:execute(569)) - 6468f44a-274a-4bf0-805e-bf8a5cf6df50-SegmentedRaftLogWorker:Storage Directory /workdir/hadoop-ozone/integration-test/target/test-dir/MiniOzoneClusterImpl-0a1989d7-c66c-4856-b49a-b1e0df50d07d/datanode-1/data/ratis/04a14922-a192-43c6-8750-894b53d06086: created new log segment /workdir/hadoop-ozone/integration-test/target/test-dir/MiniOzoneClusterImpl-0a1989d7-c66c-4856-b49a-b1e0df50d07d/datanode-1/data/ratis/04a14922-a192-43c6-8750-894b53d06086/current/log_inprogress_0
2019-08-28 19:58:48,346 [Thread-251] INFO  impl.FollowerState (FollowerState.java:run(106)) - 836fb2ea-40c7-4faf-82a4-0607f2372ff2:group-BF51FEF920C9 changes to CANDIDATE, lastRpcTime:5164, electionTimeout:5164ms
2019-08-28 19:58:48,346 [Thread-251] INFO  impl.RoleInfo (RoleInfo.java:shutdownFollowerState(121)) - 836fb2ea-40c7-4faf-82a4-0607f2372ff2: shutdown FollowerState
2019-08-28 19:58:48,346 [Thread-254] INFO  impl.FollowerState (FollowerState.java:run(106)) - 01143d5c-8004-4731-8abc-97382e446a21:group-E4C0356CD4EC changes to CANDIDATE, lastRpcTime:5081, electionTimeout:5081ms
2019-08-28 19:58:48,349 [Thread-251] INFO  impl.RaftServerImpl (RaftServerImpl.java:setRole(171)) - 836fb2ea-40c7-4faf-82a4-0607f2372ff2:group-BF51FEF920C9 changes role from FOLLOWER to CANDIDATE at term 0 for changeToCandidate
2019-08-28 19:58:48,349 [Thread-254] INFO  impl.RoleInfo (RoleInfo.java:shutdownFollowerState(121)) - 01143d5c-8004-4731-8abc-97382e446a21: shutdown FollowerState
2019-08-28 19:58:48,349 [Thread-254] INFO  impl.RaftServerImpl (RaftServerImpl.java:setRole(171)) - 01143d5c-8004-4731-8abc-97382e446a21:group-E4C0356CD4EC changes role from FOLLOWER to CANDIDATE at term 0 for changeToCandidate
2019-08-28 19:58:48,349 [Thread-251] INFO  impl.RoleInfo (RoleInfo.java:updateAndGet(143)) - 836fb2ea-40c7-4faf-82a4-0607f2372ff2: start LeaderElection
2019-08-28 19:58:48,349 [Thread-254] INFO  impl.RoleInfo (RoleInfo.java:updateAndGet(143)) - 01143d5c-8004-4731-8abc-97382e446a21: start LeaderElection
2019-08-28 19:58:48,368 [01143d5c-8004-4731-8abc-97382e446a21:group-E4C0356CD4EC:LeaderElection6] INFO  impl.LeaderElection (LeaderElection.java:askForVotes(181)) - 01143d5c-8004-4731-8abc-97382e446a21:group-E4C0356CD4EC:LeaderElection6: begin an election at term 1 for -1: [01143d5c-8004-4731-8abc-97382e446a21:192.168.36.107:38521], old=null
2019-08-28 19:58:48,368 [836fb2ea-40c7-4faf-82a4-0607f2372ff2:group-BF51FEF920C9:LeaderElection5] INFO  impl.LeaderElection (LeaderElection.java:askForVotes(181)) - 836fb2ea-40c7-4faf-82a4-0607f2372ff2:group-BF51FEF920C9:LeaderElection5: begin an election at term 1 for -1: [836fb2ea-40c7-4faf-82a4-0607f2372ff2:192.168.36.107:34482], old=null
2019-08-28 19:58:48,369 [01143d5c-8004-4731-8abc-97382e446a21:group-E4C0356CD4EC:LeaderElection6] INFO  impl.RoleInfo (RoleInfo.java:shutdownLeaderElection(134)) - 01143d5c-8004-4731-8abc-97382e446a21: shutdown LeaderElection
2019-08-28 19:58:48,369 [836fb2ea-40c7-4faf-82a4-0607f2372ff2:group-BF51FEF920C9:LeaderElection5] INFO  impl.RoleInfo (RoleInfo.java:shutdownLeaderElection(134)) - 836fb2ea-40c7-4faf-82a4-0607f2372ff2: shutdown LeaderElection
2019-08-28 19:58:48,369 [01143d5c-8004-4731-8abc-97382e446a21:group-E4C0356CD4EC:LeaderElection6] INFO  impl.RaftServerImpl (RaftServerImpl.java:setRole(171)) - 01143d5c-8004-4731-8abc-97382e446a21:group-E4C0356CD4EC changes role from CANDIDATE to LEADER at term 1 for changeToLeader
2019-08-28 19:58:48,369 [836fb2ea-40c7-4faf-82a4-0607f2372ff2:group-BF51FEF920C9:LeaderElection5] INFO  impl.RaftServerImpl (RaftServerImpl.java:setRole(171)) - 836fb2ea-40c7-4faf-82a4-0607f2372ff2:group-BF51FEF920C9 changes role from CANDIDATE to LEADER at term 1 for changeToLeader
2019-08-28 19:58:48,369 [01143d5c-8004-4731-8abc-97382e446a21:group-E4C0356CD4EC:LeaderElection6] INFO  impl.RaftServerImpl (ServerState.java:setLeader(263)) - 01143d5c-8004-4731-8abc-97382e446a21:group-E4C0356CD4EC change Leader from null to 01143d5c-8004-4731-8abc-97382e446a21 at term 1 for becomeLeader, leader elected after 5108ms
2019-08-28 19:58:48,369 [836fb2ea-40c7-4faf-82a4-0607f2372ff2:group-BF51FEF920C9:LeaderElection5] INFO  impl.RaftServerImpl (ServerState.java:setLeader(263)) - 836fb2ea-40c7-4faf-82a4-0607f2372ff2:group-BF51FEF920C9 change Leader from null to 836fb2ea-40c7-4faf-82a4-0607f2372ff2 at term 1 for becomeLeader, leader elected after 5191ms
2019-08-28 19:58:48,373 [01143d5c-8004-4731-8abc-97382e446a21:group-E4C0356CD4EC:LeaderElection6] INFO  server.RaftServerConfigKeys (ConfUtils.java:logGet(43)) - raft.server.staging.catchup.gap = 1000 (default)
2019-08-28 19:58:48,373 [836fb2ea-40c7-4faf-82a4-0607f2372ff2:group-BF51FEF920C9:LeaderElection5] INFO  server.RaftServerConfigKeys (ConfUtils.java:logGet(43)) - raft.server.staging.catchup.gap = 1000 (default)
2019-08-28 19:58:48,373 [01143d5c-8004-4731-8abc-97382e446a21:group-E4C0356CD4EC:LeaderElection6] INFO  server.RaftServerConfigKeys (ConfUtils.java:logGet(43)) - raft.server.rpc.sleep.time = 25ms (default)
2019-08-28 19:58:48,373 [836fb2ea-40c7-4faf-82a4-0607f2372ff2:group-BF51FEF920C9:LeaderElection5] INFO  server.RaftServerConfigKeys (ConfUtils.java:logGet(43)) - raft.server.rpc.sleep.time = 25ms (default)
2019-08-28 19:58:48,373 [01143d5c-8004-4731-8abc-97382e446a21:group-E4C0356CD4EC:LeaderElection6] INFO  server.RaftServerConfigKeys (ConfUtils.java:logGet(43)) - raft.server.write.element-limit = 4096 (default)
2019-08-28 19:58:48,373 [836fb2ea-40c7-4faf-82a4-0607f2372ff2:group-BF51FEF920C9:LeaderElection5] INFO  server.RaftServerConfigKeys (ConfUtils.java:logGet(43)) - raft.server.write.element-limit = 4096 (default)
2019-08-28 19:58:48,373 [01143d5c-8004-4731-8abc-97382e446a21:group-E4C0356CD4EC:LeaderElection6] INFO  server.RaftServerConfigKeys (ConfUtils.java:logGet(43)) - raft.server.watch.timeout = 10s (default)
2019-08-28 19:58:48,373 [836fb2ea-40c7-4faf-82a4-0607f2372ff2:group-BF51FEF920C9:LeaderElection5] INFO  server.RaftServerConfigKeys (ConfUtils.java:logGet(43)) - raft.server.watch.timeout = 10s (default)
2019-08-28 19:58:48,373 [01143d5c-8004-4731-8abc-97382e446a21:group-E4C0356CD4EC:LeaderElection6] INFO  server.RaftServerConfigKeys (ConfUtils.java:logGet(43)) - raft.server.watch.timeout.denomination = 1s (default)
2019-08-28 19:58:48,373 [836fb2ea-40c7-4faf-82a4-0607f2372ff2:group-BF51FEF920C9:LeaderElection5] INFO  server.RaftServerConfigKeys (ConfUtils.java:logGet(43)) - raft.server.watch.timeout.denomination = 1s (default)
2019-08-28 19:58:48,374 [01143d5c-8004-4731-8abc-97382e446a21:group-E4C0356CD4EC:LeaderElection6] INFO  server.RaftServerConfigKeys (ConfUtils.java:logGet(43)) - raft.server.watch.element-limit = 65536 (default)
2019-08-28 19:58:48,374 [836fb2ea-40c7-4faf-82a4-0607f2372ff2:group-BF51FEF920C9:LeaderElection5] INFO  server.RaftServerConfigKeys (ConfUtils.java:logGet(43)) - raft.server.watch.element-limit = 65536 (default)
2019-08-28 19:58:48,374 [01143d5c-8004-4731-8abc-97382e446a21:group-E4C0356CD4EC:LeaderElection6] INFO  impl.RoleInfo (RoleInfo.java:updateAndGet(143)) - 01143d5c-8004-4731-8abc-97382e446a21: start LeaderState
2019-08-28 19:58:48,374 [836fb2ea-40c7-4faf-82a4-0607f2372ff2:group-BF51FEF920C9:LeaderElection5] INFO  impl.RoleInfo (RoleInfo.java:updateAndGet(143)) - 836fb2ea-40c7-4faf-82a4-0607f2372ff2: start LeaderState
2019-08-28 19:58:48,374 [836fb2ea-40c7-4faf-82a4-0607f2372ff2:group-BF51FEF920C9:LeaderElection5] INFO  segmented.SegmentedRaftLogWorker (SegmentedRaftLogWorker.java:startLogSegment(380)) - 836fb2ea-40c7-4faf-82a4-0607f2372ff2-SegmentedRaftLogWorker:Storage Directory /workdir/hadoop-ozone/integration-test/target/test-dir/MiniOzoneClusterImpl-0a1989d7-c66c-4856-b49a-b1e0df50d07d/datanode-2/data/ratis/1335e4ec-b2ea-4a64-aae8-bf51fef920c9: Starting segment from index:0
2019-08-28 19:58:48,374 [01143d5c-8004-4731-8abc-97382e446a21:group-E4C0356CD4EC:LeaderElection6] INFO  segmented.SegmentedRaftLogWorker (SegmentedRaftLogWorker.java:startLogSegment(380)) - 01143d5c-8004-4731-8abc-97382e446a21-SegmentedRaftLogWorker:Storage Directory /workdir/hadoop-ozone/integration-test/target/test-dir/MiniOzoneClusterImpl-0a1989d7-c66c-4856-b49a-b1e0df50d07d/datanode-3/data/ratis/05e3cdea-60b2-47a1-825e-e4c0356cd4ec: Starting segment from index:0
2019-08-28 19:58:48,375 [836fb2ea-40c7-4faf-82a4-0607f2372ff2:group-BF51FEF920C9:LeaderElection5] INFO  impl.RaftServerImpl (ServerState.java:setRaftConf(361)) - 836fb2ea-40c7-4faf-82a4-0607f2372ff2:group-BF51FEF920C9 set configuration 0: [836fb2ea-40c7-4faf-82a4-0607f2372ff2:192.168.36.107:34482], old=null at 0
2019-08-28 19:58:48,375 [01143d5c-8004-4731-8abc-97382e446a21:group-E4C0356CD4EC:LeaderElection6] INFO  impl.RaftServerImpl (ServerState.java:setRaftConf(361)) - 01143d5c-8004-4731-8abc-97382e446a21:group-E4C0356CD4EC set configuration 0: [01143d5c-8004-4731-8abc-97382e446a21:192.168.36.107:38521], old=null at 0
2019-08-28 19:58:48,420 [836fb2ea-40c7-4faf-82a4-0607f2372ff2-SegmentedRaftLogWorker:Storage Directory /workdir/hadoop-ozone/integration-test/target/test-dir/MiniOzoneClusterImpl-0a1989d7-c66c-4856-b49a-b1e0df50d07d/datanode-2/data/ratis/1335e4ec-b2ea-4a64-aae8-bf51fef920c9] INFO  segmented.SegmentedRaftLogWorker (SegmentedRaftLogWorker.java:execute(569)) - 836fb2ea-40c7-4faf-82a4-0607f2372ff2-SegmentedRaftLogWorker:Storage Directory /workdir/hadoop-ozone/integration-test/target/test-dir/MiniOzoneClusterImpl-0a1989d7-c66c-4856-b49a-b1e0df50d07d/datanode-2/data/ratis/1335e4ec-b2ea-4a64-aae8-bf51fef920c9: created new log segment /workdir/hadoop-ozone/integration-test/target/test-dir/MiniOzoneClusterImpl-0a1989d7-c66c-4856-b49a-b1e0df50d07d/datanode-2/data/ratis/1335e4ec-b2ea-4a64-aae8-bf51fef920c9/current/log_inprogress_0
2019-08-28 19:58:48,420 [01143d5c-8004-4731-8abc-97382e446a21-SegmentedRaftLogWorker:Storage Directory /workdir/hadoop-ozone/integration-test/target/test-dir/MiniOzoneClusterImpl-0a1989d7-c66c-4856-b49a-b1e0df50d07d/datanode-3/data/ratis/05e3cdea-60b2-47a1-825e-e4c0356cd4ec] INFO  segmented.SegmentedRaftLogWorker (SegmentedRaftLogWorker.java:execute(569)) - 01143d5c-8004-4731-8abc-97382e446a21-SegmentedRaftLogWorker:Storage Directory /workdir/hadoop-ozone/integration-test/target/test-dir/MiniOzoneClusterImpl-0a1989d7-c66c-4856-b49a-b1e0df50d07d/datanode-3/data/ratis/05e3cdea-60b2-47a1-825e-e4c0356cd4ec: created new log segment /workdir/hadoop-ozone/integration-test/target/test-dir/MiniOzoneClusterImpl-0a1989d7-c66c-4856-b49a-b1e0df50d07d/datanode-3/data/ratis/05e3cdea-60b2-47a1-825e-e4c0356cd4ec/current/log_inprogress_0
2019-08-28 19:58:48,437 [Thread-257] INFO  impl.FollowerState (FollowerState.java:run(106)) - dfe079fe-b43b-4b11-9eb7-bf995535c771:group-A0678F5F3D93 changes to CANDIDATE, lastRpcTime:5096, electionTimeout:5096ms
2019-08-28 19:58:48,440 [Thread-257] INFO  impl.RoleInfo (RoleInfo.java:shutdownFollowerState(121)) - dfe079fe-b43b-4b11-9eb7-bf995535c771: shutdown FollowerState
2019-08-28 19:58:48,440 [Thread-257] INFO  impl.RaftServerImpl (RaftServerImpl.java:setRole(171)) - dfe079fe-b43b-4b11-9eb7-bf995535c771:group-A0678F5F3D93 changes role from FOLLOWER to CANDIDATE at term 0 for changeToCandidate
2019-08-28 19:58:48,440 [Thread-257] INFO  impl.RoleInfo (RoleInfo.java:updateAndGet(143)) - dfe079fe-b43b-4b11-9eb7-bf995535c771: start LeaderElection
2019-08-28 19:58:48,459 [dfe079fe-b43b-4b11-9eb7-bf995535c771:group-A0678F5F3D93:LeaderElection7] INFO  impl.LeaderElection (LeaderElection.java:askForVotes(181)) - dfe079fe-b43b-4b11-9eb7-bf995535c771:group-A0678F5F3D93:LeaderElection7: begin an election at term 1 for -1: [dfe079fe-b43b-4b11-9eb7-bf995535c771:192.168.36.107:44027], old=null
2019-08-28 19:58:48,461 [dfe079fe-b43b-4b11-9eb7-bf995535c771:group-A0678F5F3D93:LeaderElection7] INFO  impl.RoleInfo (RoleInfo.java:shutdownLeaderElection(134)) - dfe079fe-b43b-4b11-9eb7-bf995535c771: shutdown LeaderElection
2019-08-28 19:58:48,461 [dfe079fe-b43b-4b11-9eb7-bf995535c771:group-A0678F5F3D93:LeaderElection7] INFO  impl.RaftServerImpl (RaftServerImpl.java:setRole(171)) - dfe079fe-b43b-4b11-9eb7-bf995535c771:group-A0678F5F3D93 changes role from CANDIDATE to LEADER at term 1 for changeToLeader
2019-08-28 19:58:48,461 [dfe079fe-b43b-4b11-9eb7-bf995535c771:group-A0678F5F3D93:LeaderElection7] INFO  impl.RaftServerImpl (ServerState.java:setLeader(263)) - dfe079fe-b43b-4b11-9eb7-bf995535c771:group-A0678F5F3D93 change Leader from null to dfe079fe-b43b-4b11-9eb7-bf995535c771 at term 1 for becomeLeader, leader elected after 5124ms
2019-08-28 19:58:48,462 [dfe079fe-b43b-4b11-9eb7-bf995535c771:group-A0678F5F3D93:LeaderElection7] INFO  server.RaftServerConfigKeys (ConfUtils.java:logGet(43)) - raft.server.staging.catchup.gap = 1000 (default)
2019-08-28 19:58:48,462 [dfe079fe-b43b-4b11-9eb7-bf995535c771:group-A0678F5F3D93:LeaderElection7] INFO  server.RaftServerConfigKeys (ConfUtils.java:logGet(43)) - raft.server.rpc.sleep.time = 25ms (default)
2019-08-28 19:58:48,462 [dfe079fe-b43b-4b11-9eb7-bf995535c771:group-A0678F5F3D93:LeaderElection7] INFO  server.RaftServerConfigKeys (ConfUtils.java:logGet(43)) - raft.server.write.element-limit = 4096 (default)
2019-08-28 19:58:48,462 [dfe079fe-b43b-4b11-9eb7-bf995535c771:group-A0678F5F3D93:LeaderElection7] INFO  server.RaftServerConfigKeys (ConfUtils.java:logGet(43)) - raft.server.watch.timeout = 10s (default)
2019-08-28 19:58:48,463 [dfe079fe-b43b-4b11-9eb7-bf995535c771:group-A0678F5F3D93:LeaderElection7] INFO  server.RaftServerConfigKeys (ConfUtils.java:logGet(43)) - raft.server.watch.timeout.denomination = 1s (default)
2019-08-28 19:58:48,463 [dfe079fe-b43b-4b11-9eb7-bf995535c771:group-A0678F5F3D93:LeaderElection7] INFO  server.RaftServerConfigKeys (ConfUtils.java:logGet(43)) - raft.server.watch.element-limit = 65536 (default)
2019-08-28 19:58:48,463 [dfe079fe-b43b-4b11-9eb7-bf995535c771:group-A0678F5F3D93:LeaderElection7] INFO  impl.RoleInfo (RoleInfo.java:updateAndGet(143)) - dfe079fe-b43b-4b11-9eb7-bf995535c771: start LeaderState
2019-08-28 19:58:48,463 [dfe079fe-b43b-4b11-9eb7-bf995535c771:group-A0678F5F3D93:LeaderElection7] INFO  segmented.SegmentedRaftLogWorker (SegmentedRaftLogWorker.java:startLogSegment(380)) - dfe079fe-b43b-4b11-9eb7-bf995535c771-SegmentedRaftLogWorker:Storage Directory /workdir/hadoop-ozone/integration-test/target/test-dir/MiniOzoneClusterImpl-0a1989d7-c66c-4856-b49a-b1e0df50d07d/datanode-4/data/ratis/b2256b4b-7202-48a4-97be-a0678f5f3d93: Starting segment from index:0
2019-08-28 19:58:48,464 [dfe079fe-b43b-4b11-9eb7-bf995535c771:group-A0678F5F3D93:LeaderElection7] INFO  impl.RaftServerImpl (ServerState.java:setRaftConf(361)) - dfe079fe-b43b-4b11-9eb7-bf995535c771:group-A0678F5F3D93 set configuration 0: [dfe079fe-b43b-4b11-9eb7-bf995535c771:192.168.36.107:44027], old=null at 0
2019-08-28 19:58:48,502 | INFO  | SCMAudit | user=jenkins1000 | ip=192.168.36.107 | op=SEND_HEARTBEAT {datanodeUUID=dfe079fe-b43b-4b11-9eb7-bf995535c771, command=[]} | ret=SUCCESS |  
2019-08-28 19:58:48,502 | INFO  | SCMAudit | user=jenkins1000 | ip=192.168.36.107 | op=SEND_HEARTBEAT {datanodeUUID=b0f82e7e-889f-47d6-915f-90c6ca20be67, command=[]} | ret=SUCCESS |  
2019-08-28 19:58:48,502 | INFO  | SCMAudit | user=jenkins1000 | ip=192.168.36.107 | op=SEND_HEARTBEAT {datanodeUUID=4b027227-a2cd-44eb-b647-10bc08a09d4f, command=[]} | ret=SUCCESS |  
2019-08-28 19:58:48,514 [dfe079fe-b43b-4b11-9eb7-bf995535c771-SegmentedRaftLogWorker:Storage Directory /workdir/hadoop-ozone/integration-test/target/test-dir/MiniOzoneClusterImpl-0a1989d7-c66c-4856-b49a-b1e0df50d07d/datanode-4/data/ratis/b2256b4b-7202-48a4-97be-a0678f5f3d93] INFO  segmented.SegmentedRaftLogWorker (SegmentedRaftLogWorker.java:execute(569)) - dfe079fe-b43b-4b11-9eb7-bf995535c771-SegmentedRaftLogWorker:Storage Directory /workdir/hadoop-ozone/integration-test/target/test-dir/MiniOzoneClusterImpl-0a1989d7-c66c-4856-b49a-b1e0df50d07d/datanode-4/data/ratis/b2256b4b-7202-48a4-97be-a0678f5f3d93: created new log segment /workdir/hadoop-ozone/integration-test/target/test-dir/MiniOzoneClusterImpl-0a1989d7-c66c-4856-b49a-b1e0df50d07d/datanode-4/data/ratis/b2256b4b-7202-48a4-97be-a0678f5f3d93/current/log_inprogress_0
2019-08-28 19:58:48,548 [Thread-264] INFO  impl.FollowerState (FollowerState.java:run(106)) - 4b027227-a2cd-44eb-b647-10bc08a09d4f:group-37E0854835AC changes to CANDIDATE, lastRpcTime:5070, electionTimeout:5060ms
2019-08-28 19:58:48,548 [Thread-264] INFO  impl.RoleInfo (RoleInfo.java:shutdownFollowerState(121)) - 4b027227-a2cd-44eb-b647-10bc08a09d4f: shutdown FollowerState
2019-08-28 19:58:48,548 [Thread-264] INFO  impl.RaftServerImpl (RaftServerImpl.java:setRole(171)) - 4b027227-a2cd-44eb-b647-10bc08a09d4f:group-37E0854835AC changes role from FOLLOWER to CANDIDATE at term 0 for changeToCandidate
2019-08-28 19:58:48,548 [Thread-264] INFO  impl.RoleInfo (RoleInfo.java:updateAndGet(143)) - 4b027227-a2cd-44eb-b647-10bc08a09d4f: start LeaderElection
2019-08-28 19:58:48,554 [Thread-266] INFO  impl.FollowerState (FollowerState.java:run(106)) - a4e818e3-a12c-49ac-9be2-dae8a36de655:group-37E0854835AC changes to CANDIDATE, lastRpcTime:5064, electionTimeout:5063ms
2019-08-28 19:58:48,555 [Thread-266] INFO  impl.RoleInfo (RoleInfo.java:shutdownFollowerState(121)) - a4e818e3-a12c-49ac-9be2-dae8a36de655: shutdown FollowerState
2019-08-28 19:58:48,555 [Thread-266] INFO  impl.RaftServerImpl (RaftServerImpl.java:setRole(171)) - a4e818e3-a12c-49ac-9be2-dae8a36de655:group-37E0854835AC changes role from FOLLOWER to CANDIDATE at term 0 for changeToCandidate
2019-08-28 19:58:48,555 [Thread-266] INFO  impl.RoleInfo (RoleInfo.java:updateAndGet(143)) - a4e818e3-a12c-49ac-9be2-dae8a36de655: start LeaderElection
2019-08-28 19:58:48,575 [a4e818e3-a12c-49ac-9be2-dae8a36de655:group-37E0854835AC:LeaderElection9] INFO  impl.LeaderElection (LeaderElection.java:askForVotes(181)) - a4e818e3-a12c-49ac-9be2-dae8a36de655:group-37E0854835AC:LeaderElection9: begin an election at term 1 for -1: [4b027227-a2cd-44eb-b647-10bc08a09d4f:192.168.36.107:45159, b0f82e7e-889f-47d6-915f-90c6ca20be67:192.168.36.107:36215, a4e818e3-a12c-49ac-9be2-dae8a36de655:192.168.36.107:35700], old=null
2019-08-28 19:58:48,575 [4b027227-a2cd-44eb-b647-10bc08a09d4f:group-37E0854835AC:LeaderElection8] INFO  impl.LeaderElection (LeaderElection.java:askForVotes(181)) - 4b027227-a2cd-44eb-b647-10bc08a09d4f:group-37E0854835AC:LeaderElection8: begin an election at term 1 for -1: [4b027227-a2cd-44eb-b647-10bc08a09d4f:192.168.36.107:45159, b0f82e7e-889f-47d6-915f-90c6ca20be67:192.168.36.107:36215, a4e818e3-a12c-49ac-9be2-dae8a36de655:192.168.36.107:35700], old=null
2019-08-28 19:58:48,588 [Thread-260] INFO  impl.FollowerState (FollowerState.java:run(106)) - b0f82e7e-889f-47d6-915f-90c6ca20be67:group-37E0854835AC changes to CANDIDATE, lastRpcTime:5114, electionTimeout:5110ms
2019-08-28 19:58:48,588 [Thread-260] INFO  impl.RoleInfo (RoleInfo.java:shutdownFollowerState(121)) - b0f82e7e-889f-47d6-915f-90c6ca20be67: shutdown FollowerState
2019-08-28 19:58:48,589 [Thread-260] INFO  impl.RaftServerImpl (RaftServerImpl.java:setRole(171)) - b0f82e7e-889f-47d6-915f-90c6ca20be67:group-37E0854835AC changes role from FOLLOWER to CANDIDATE at term 0 for changeToCandidate
2019-08-28 19:58:48,589 [Thread-260] INFO  impl.RoleInfo (RoleInfo.java:updateAndGet(143)) - b0f82e7e-889f-47d6-915f-90c6ca20be67: start LeaderElection
2019-08-28 19:58:48,609 [b0f82e7e-889f-47d6-915f-90c6ca20be67:group-37E0854835AC:LeaderElection10] INFO  impl.LeaderElection (LeaderElection.java:askForVotes(181)) - b0f82e7e-889f-47d6-915f-90c6ca20be67:group-37E0854835AC:LeaderElection10: begin an election at term 1 for -1: [4b027227-a2cd-44eb-b647-10bc08a09d4f:192.168.36.107:45159, b0f82e7e-889f-47d6-915f-90c6ca20be67:192.168.36.107:36215, a4e818e3-a12c-49ac-9be2-dae8a36de655:192.168.36.107:35700], old=null
2019-08-28 19:58:48,620 [a4e818e3-a12c-49ac-9be2-dae8a36de655:group-37E0854835AC:LeaderElection9] INFO  impl.LeaderElection (LeaderElection.java:logAndReturn(56)) - a4e818e3-a12c-49ac-9be2-dae8a36de655:group-37E0854835AC:LeaderElection9: Election REJECTED; received 2 response(s) [a4e818e3-a12c-49ac-9be2-dae8a36de655<-4b027227-a2cd-44eb-b647-10bc08a09d4f#0:FAIL-t1, a4e818e3-a12c-49ac-9be2-dae8a36de655<-b0f82e7e-889f-47d6-915f-90c6ca20be67#0:FAIL-t1] and 0 exception(s); a4e818e3-a12c-49ac-9be2-dae8a36de655:t1, leader=null, voted=a4e818e3-a12c-49ac-9be2-dae8a36de655, raftlog=a4e818e3-a12c-49ac-9be2-dae8a36de655-SegmentedRaftLog:OPENED:c-1,f-1,i0, conf=-1: [4b027227-a2cd-44eb-b647-10bc08a09d4f:192.168.36.107:45159, b0f82e7e-889f-47d6-915f-90c6ca20be67:192.168.36.107:36215, a4e818e3-a12c-49ac-9be2-dae8a36de655:192.168.36.107:35700], old=null
2019-08-28 19:58:48,620 [4b027227-a2cd-44eb-b647-10bc08a09d4f:group-37E0854835AC:LeaderElection8] INFO  impl.LeaderElection (LeaderElection.java:logAndReturn(56)) - 4b027227-a2cd-44eb-b647-10bc08a09d4f:group-37E0854835AC:LeaderElection8: Election REJECTED; received 2 response(s) [4b027227-a2cd-44eb-b647-10bc08a09d4f<-b0f82e7e-889f-47d6-915f-90c6ca20be67#0:FAIL-t1, 4b027227-a2cd-44eb-b647-10bc08a09d4f<-a4e818e3-a12c-49ac-9be2-dae8a36de655#0:FAIL-t1] and 0 exception(s); 4b027227-a2cd-44eb-b647-10bc08a09d4f:t1, leader=null, voted=4b027227-a2cd-44eb-b647-10bc08a09d4f, raftlog=4b027227-a2cd-44eb-b647-10bc08a09d4f-SegmentedRaftLog:OPENED:c-1,f-1,i0, conf=-1: [4b027227-a2cd-44eb-b647-10bc08a09d4f:192.168.36.107:45159, b0f82e7e-889f-47d6-915f-90c6ca20be67:192.168.36.107:36215, a4e818e3-a12c-49ac-9be2-dae8a36de655:192.168.36.107:35700], old=null
2019-08-28 19:58:48,620 [a4e818e3-a12c-49ac-9be2-dae8a36de655:group-37E0854835AC:LeaderElection9] INFO  impl.RaftServerImpl (RaftServerImpl.java:setRole(171)) - a4e818e3-a12c-49ac-9be2-dae8a36de655:group-37E0854835AC changes role from CANDIDATE to FOLLOWER at term 1 for DISCOVERED_A_NEW_TERM
2019-08-28 19:58:48,620 [4b027227-a2cd-44eb-b647-10bc08a09d4f:group-37E0854835AC:LeaderElection8] INFO  impl.RaftServerImpl (RaftServerImpl.java:setRole(171)) - 4b027227-a2cd-44eb-b647-10bc08a09d4f:group-37E0854835AC changes role from CANDIDATE to FOLLOWER at term 1 for DISCOVERED_A_NEW_TERM
2019-08-28 19:58:48,627 [4b027227-a2cd-44eb-b647-10bc08a09d4f:group-37E0854835AC:LeaderElection8] INFO  impl.RoleInfo (RoleInfo.java:shutdownLeaderElection(134)) - 4b027227-a2cd-44eb-b647-10bc08a09d4f: shutdown LeaderElection
2019-08-28 19:58:48,626 [a4e818e3-a12c-49ac-9be2-dae8a36de655:group-37E0854835AC:LeaderElection9] INFO  impl.RoleInfo (RoleInfo.java:shutdownLeaderElection(134)) - a4e818e3-a12c-49ac-9be2-dae8a36de655: shutdown LeaderElection
2019-08-28 19:58:48,628 [4b027227-a2cd-44eb-b647-10bc08a09d4f:group-37E0854835AC:LeaderElection8] INFO  impl.RoleInfo (RoleInfo.java:updateAndGet(143)) - 4b027227-a2cd-44eb-b647-10bc08a09d4f: start FollowerState
2019-08-28 19:58:48,628 [a4e818e3-a12c-49ac-9be2-dae8a36de655:group-37E0854835AC:LeaderElection9] INFO  impl.RoleInfo (RoleInfo.java:updateAndGet(143)) - a4e818e3-a12c-49ac-9be2-dae8a36de655: start FollowerState
2019-08-28 19:58:48,645 [b0f82e7e-889f-47d6-915f-90c6ca20be67:group-37E0854835AC:LeaderElection10] INFO  impl.LeaderElection (LeaderElection.java:logAndReturn(56)) - b0f82e7e-889f-47d6-915f-90c6ca20be67:group-37E0854835AC:LeaderElection10: Election REJECTED; received 2 response(s) [b0f82e7e-889f-47d6-915f-90c6ca20be67<-4b027227-a2cd-44eb-b647-10bc08a09d4f#0:FAIL-t1, b0f82e7e-889f-47d6-915f-90c6ca20be67<-a4e818e3-a12c-49ac-9be2-dae8a36de655#0:FAIL-t1] and 0 exception(s); b0f82e7e-889f-47d6-915f-90c6ca20be67:t1, leader=null, voted=b0f82e7e-889f-47d6-915f-90c6ca20be67, raftlog=b0f82e7e-889f-47d6-915f-90c6ca20be67-SegmentedRaftLog:OPENED:c-1,f-1,i0, conf=-1: [4b027227-a2cd-44eb-b647-10bc08a09d4f:192.168.36.107:45159, b0f82e7e-889f-47d6-915f-90c6ca20be67:192.168.36.107:36215, a4e818e3-a12c-49ac-9be2-dae8a36de655:192.168.36.107:35700], old=null
2019-08-28 19:58:48,646 [b0f82e7e-889f-47d6-915f-90c6ca20be67:group-37E0854835AC:LeaderElection10] INFO  impl.RaftServerImpl (RaftServerImpl.java:setRole(171)) - b0f82e7e-889f-47d6-915f-90c6ca20be67:group-37E0854835AC changes role from CANDIDATE to FOLLOWER at term 1 for DISCOVERED_A_NEW_TERM
2019-08-28 19:58:48,646 [b0f82e7e-889f-47d6-915f-90c6ca20be67:group-37E0854835AC:LeaderElection10] INFO  impl.RoleInfo (RoleInfo.java:shutdownLeaderElection(134)) - b0f82e7e-889f-47d6-915f-90c6ca20be67: shutdown LeaderElection
2019-08-28 19:58:48,647 [b0f82e7e-889f-47d6-915f-90c6ca20be67:group-37E0854835AC:LeaderElection10] INFO  impl.RoleInfo (RoleInfo.java:updateAndGet(143)) - b0f82e7e-889f-47d6-915f-90c6ca20be67: start FollowerState
2019-08-28 19:58:48,730 [Thread-270] INFO  impl.FollowerState (FollowerState.java:run(106)) - 836fb2ea-40c7-4faf-82a4-0607f2372ff2:group-311A19E53952 changes to CANDIDATE, lastRpcTime:5124, electionTimeout:5124ms
2019-08-28 19:58:48,733 [Thread-270] INFO  impl.RoleInfo (RoleInfo.java:shutdownFollowerState(121)) - 836fb2ea-40c7-4faf-82a4-0607f2372ff2: shutdown FollowerState
2019-08-28 19:58:48,733 [Thread-270] INFO  impl.RaftServerImpl (RaftServerImpl.java:setRole(171)) - 836fb2ea-40c7-4faf-82a4-0607f2372ff2:group-311A19E53952 changes role from FOLLOWER to CANDIDATE at term 0 for changeToCandidate
2019-08-28 19:58:48,733 [Thread-270] INFO  impl.RoleInfo (RoleInfo.java:updateAndGet(143)) - 836fb2ea-40c7-4faf-82a4-0607f2372ff2: start LeaderElection
2019-08-28 19:58:48,750 [836fb2ea-40c7-4faf-82a4-0607f2372ff2:group-311A19E53952:LeaderElection11] INFO  impl.LeaderElection (LeaderElection.java:askForVotes(181)) - 836fb2ea-40c7-4faf-82a4-0607f2372ff2:group-311A19E53952:LeaderElection11: begin an election at term 1 for -1: [836fb2ea-40c7-4faf-82a4-0607f2372ff2:192.168.36.107:34482, 01143d5c-8004-4731-8abc-97382e446a21:192.168.36.107:38521, 6468f44a-274a-4bf0-805e-bf8a5cf6df50:192.168.36.107:33672], old=null
2019-08-28 19:58:48,753 [Thread-276] INFO  impl.FollowerState (FollowerState.java:run(106)) - 6468f44a-274a-4bf0-805e-bf8a5cf6df50:group-311A19E53952 changes to CANDIDATE, lastRpcTime:5136, electionTimeout:5136ms
2019-08-28 19:58:48,753 [Thread-276] INFO  impl.RoleInfo (RoleInfo.java:shutdownFollowerState(121)) - 6468f44a-274a-4bf0-805e-bf8a5cf6df50: shutdown FollowerState
2019-08-28 19:58:48,753 [Thread-276] INFO  impl.RaftServerImpl (RaftServerImpl.java:setRole(171)) - 6468f44a-274a-4bf0-805e-bf8a5cf6df50:group-311A19E53952 changes role from FOLLOWER to CANDIDATE at term 0 for changeToCandidate
2019-08-28 19:58:48,753 [Thread-276] INFO  impl.RoleInfo (RoleInfo.java:updateAndGet(143)) - 6468f44a-274a-4bf0-805e-bf8a5cf6df50: start LeaderElection
2019-08-28 19:58:48,759 [Thread-273] INFO  impl.FollowerState (FollowerState.java:run(106)) - 01143d5c-8004-4731-8abc-97382e446a21:group-311A19E53952 changes to CANDIDATE, lastRpcTime:5151, electionTimeout:5149ms
2019-08-28 19:58:48,760 [Thread-273] INFO  impl.RoleInfo (RoleInfo.java:shutdownFollowerState(121)) - 01143d5c-8004-4731-8abc-97382e446a21: shutdown FollowerState
2019-08-28 19:58:48,760 [Thread-273] INFO  impl.RaftServerImpl (RaftServerImpl.java:setRole(171)) - 01143d5c-8004-4731-8abc-97382e446a21:group-311A19E53952 changes role from FOLLOWER to CANDIDATE at term 0 for changeToCandidate
2019-08-28 19:58:48,760 [Thread-273] INFO  impl.RoleInfo (RoleInfo.java:updateAndGet(143)) - 01143d5c-8004-4731-8abc-97382e446a21: start LeaderElection
2019-08-28 19:58:48,771 [grpc-default-executor-2] INFO  client.GrpcClientProtocolClient (GrpcClientProtocolClient.java:onNext(255)) - client-16CB8F804E50->836fb2ea-40c7-4faf-82a4-0607f2372ff2: receive RaftClientReply:client-16CB8F804E50->836fb2ea-40c7-4faf-82a4-0607f2372ff2@group-311A19E53952, cid=13, FAILED org.apache.ratis.protocol.NotLeaderException: Server 836fb2ea-40c7-4faf-82a4-0607f2372ff2 is not the leader (null). Request must be sent to leader., logIndex=0, commits[836fb2ea-40c7-4faf-82a4-0607f2372ff2:c-1]
2019-08-28 19:58:48,774 [6468f44a-274a-4bf0-805e-bf8a5cf6df50:group-311A19E53952:LeaderElection12] INFO  impl.LeaderElection (LeaderElection.java:askForVotes(181)) - 6468f44a-274a-4bf0-805e-bf8a5cf6df50:group-311A19E53952:LeaderElection12: begin an election at term 1 for -1: [836fb2ea-40c7-4faf-82a4-0607f2372ff2:192.168.36.107:34482, 01143d5c-8004-4731-8abc-97382e446a21:192.168.36.107:38521, 6468f44a-274a-4bf0-805e-bf8a5cf6df50:192.168.36.107:33672], old=null
2019-08-28 19:58:48,775 [01143d5c-8004-4731-8abc-97382e446a21:group-311A19E53952:LeaderElection13] INFO  impl.LeaderElection (LeaderElection.java:askForVotes(181)) - 01143d5c-8004-4731-8abc-97382e446a21:group-311A19E53952:LeaderElection13: begin an election at term 1 for -1: [836fb2ea-40c7-4faf-82a4-0607f2372ff2:192.168.36.107:34482, 01143d5c-8004-4731-8abc-97382e446a21:192.168.36.107:38521, 6468f44a-274a-4bf0-805e-bf8a5cf6df50:192.168.36.107:33672], old=null
2019-08-28 19:58:48,782 [836fb2ea-40c7-4faf-82a4-0607f2372ff2:group-311A19E53952:LeaderElection11] INFO  impl.LeaderElection (LeaderElection.java:logAndReturn(56)) - 836fb2ea-40c7-4faf-82a4-0607f2372ff2:group-311A19E53952:LeaderElection11: Election REJECTED; received 2 response(s) [836fb2ea-40c7-4faf-82a4-0607f2372ff2<-01143d5c-8004-4731-8abc-97382e446a21#0:FAIL-t1, 836fb2ea-40c7-4faf-82a4-0607f2372ff2<-6468f44a-274a-4bf0-805e-bf8a5cf6df50#0:FAIL-t1] and 0 exception(s); 836fb2ea-40c7-4faf-82a4-0607f2372ff2:t1, leader=null, voted=836fb2ea-40c7-4faf-82a4-0607f2372ff2, raftlog=836fb2ea-40c7-4faf-82a4-0607f2372ff2-SegmentedRaftLog:OPENED:c-1,f-1,i0, conf=-1: [836fb2ea-40c7-4faf-82a4-0607f2372ff2:192.168.36.107:34482, 01143d5c-8004-4731-8abc-97382e446a21:192.168.36.107:38521, 6468f44a-274a-4bf0-805e-bf8a5cf6df50:192.168.36.107:33672], old=null
2019-08-28 19:58:48,782 [836fb2ea-40c7-4faf-82a4-0607f2372ff2:group-311A19E53952:LeaderElection11] INFO  impl.RaftServerImpl (RaftServerImpl.java:setRole(171)) - 836fb2ea-40c7-4faf-82a4-0607f2372ff2:group-311A19E53952 changes role from CANDIDATE to FOLLOWER at term 1 for DISCOVERED_A_NEW_TERM
2019-08-28 19:58:48,782 [836fb2ea-40c7-4faf-82a4-0607f2372ff2:group-311A19E53952:LeaderElection11] INFO  impl.RoleInfo (RoleInfo.java:shutdownLeaderElection(134)) - 836fb2ea-40c7-4faf-82a4-0607f2372ff2: shutdown LeaderElection
2019-08-28 19:58:48,783 [836fb2ea-40c7-4faf-82a4-0607f2372ff2:group-311A19E53952:LeaderElection11] INFO  impl.RoleInfo (RoleInfo.java:updateAndGet(143)) - 836fb2ea-40c7-4faf-82a4-0607f2372ff2: start FollowerState
2019-08-28 19:58:48,806 [6468f44a-274a-4bf0-805e-bf8a5cf6df50:group-311A19E53952:LeaderElection12] INFO  impl.LeaderElection (LeaderElection.java:logAndReturn(56)) - 6468f44a-274a-4bf0-805e-bf8a5cf6df50:group-311A19E53952:LeaderElection12: Election REJECTED; received 2 response(s) [6468f44a-274a-4bf0-805e-bf8a5cf6df50<-836fb2ea-40c7-4faf-82a4-0607f2372ff2#0:FAIL-t1, 6468f44a-274a-4bf0-805e-bf8a5cf6df50<-01143d5c-8004-4731-8abc-97382e446a21#0:FAIL-t1] and 0 exception(s); 6468f44a-274a-4bf0-805e-bf8a5cf6df50:t1, leader=null, voted=6468f44a-274a-4bf0-805e-bf8a5cf6df50, raftlog=6468f44a-274a-4bf0-805e-bf8a5cf6df50-SegmentedRaftLog:OPENED:c-1,f-1,i0, conf=-1: [836fb2ea-40c7-4faf-82a4-0607f2372ff2:192.168.36.107:34482, 01143d5c-8004-4731-8abc-97382e446a21:192.168.36.107:38521, 6468f44a-274a-4bf0-805e-bf8a5cf6df50:192.168.36.107:33672], old=null
2019-08-28 19:58:48,807 [01143d5c-8004-4731-8abc-97382e446a21:group-311A19E53952:LeaderElection13] INFO  impl.LeaderElection (LeaderElection.java:logAndReturn(56)) - 01143d5c-8004-4731-8abc-97382e446a21:group-311A19E53952:LeaderElection13: Election REJECTED; received 2 response(s) [01143d5c-8004-4731-8abc-97382e446a21<-836fb2ea-40c7-4faf-82a4-0607f2372ff2#0:FAIL-t1, 01143d5c-8004-4731-8abc-97382e446a21<-6468f44a-274a-4bf0-805e-bf8a5cf6df50#0:FAIL-t1] and 0 exception(s); 01143d5c-8004-4731-8abc-97382e446a21:t1, leader=null, voted=01143d5c-8004-4731-8abc-97382e446a21, raftlog=01143d5c-8004-4731-8abc-97382e446a21-SegmentedRaftLog:OPENED:c-1,f-1,i0, conf=-1: [836fb2ea-40c7-4faf-82a4-0607f2372ff2:192.168.36.107:34482, 01143d5c-8004-4731-8abc-97382e446a21:192.168.36.107:38521, 6468f44a-274a-4bf0-805e-bf8a5cf6df50:192.168.36.107:33672], old=null
2019-08-28 19:58:48,808 [6468f44a-274a-4bf0-805e-bf8a5cf6df50:group-311A19E53952:LeaderElection12] INFO  impl.RaftServerImpl (RaftServerImpl.java:setRole(171)) - 6468f44a-274a-4bf0-805e-bf8a5cf6df50:group-311A19E53952 changes role from CANDIDATE to FOLLOWER at term 1 for DISCOVERED_A_NEW_TERM
2019-08-28 19:58:48,812 [6468f44a-274a-4bf0-805e-bf8a5cf6df50:group-311A19E53952:LeaderElection12] INFO  impl.RoleInfo (RoleInfo.java:shutdownLeaderElection(134)) - 6468f44a-274a-4bf0-805e-bf8a5cf6df50: shutdown LeaderElection
2019-08-28 19:58:48,812 [01143d5c-8004-4731-8abc-97382e446a21:group-311A19E53952:LeaderElection13] INFO  impl.RaftServerImpl (RaftServerImpl.java:setRole(171)) - 01143d5c-8004-4731-8abc-97382e446a21:group-311A19E53952 changes role from CANDIDATE to FOLLOWER at term 1 for DISCOVERED_A_NEW_TERM
2019-08-28 19:58:48,814 [6468f44a-274a-4bf0-805e-bf8a5cf6df50:group-311A19E53952:LeaderElection12] INFO  impl.RoleInfo (RoleInfo.java:updateAndGet(143)) - 6468f44a-274a-4bf0-805e-bf8a5cf6df50: start FollowerState
2019-08-28 19:58:48,814 [01143d5c-8004-4731-8abc-97382e446a21:group-311A19E53952:LeaderElection13] INFO  impl.RoleInfo (RoleInfo.java:shutdownLeaderElection(134)) - 01143d5c-8004-4731-8abc-97382e446a21: shutdown LeaderElection
2019-08-28 19:58:48,814 [01143d5c-8004-4731-8abc-97382e446a21:group-311A19E53952:LeaderElection13] INFO  impl.RoleInfo (RoleInfo.java:updateAndGet(143)) - 01143d5c-8004-4731-8abc-97382e446a21: start FollowerState
2019-08-28 19:58:48,830 | INFO  | SCMAudit | user=jenkins1000 | ip=192.168.36.107 | op=SEND_HEARTBEAT {datanodeUUID=a4e818e3-a12c-49ac-9be2-dae8a36de655, command=[]} | ret=SUCCESS |  
2019-08-28 19:58:48,901 | INFO  | SCMAudit | user=jenkins1000 | ip=192.168.36.107 | op=SEND_HEARTBEAT {datanodeUUID=6468f44a-274a-4bf0-805e-bf8a5cf6df50, command=[]} | ret=SUCCESS |  
2019-08-28 19:58:48,998 | INFO  | SCMAudit | user=jenkins1000 | ip=192.168.36.107 | op=SEND_HEARTBEAT {datanodeUUID=836fb2ea-40c7-4faf-82a4-0607f2372ff2, command=[]} | ret=SUCCESS |  
2019-08-28 19:58:49,105 | INFO  | SCMAudit | user=jenkins1000 | ip=192.168.36.107 | op=SEND_HEARTBEAT {datanodeUUID=01143d5c-8004-4731-8abc-97382e446a21, command=[]} | ret=SUCCESS |  
2019-08-28 19:58:49,503 | INFO  | SCMAudit | user=jenkins1000 | ip=192.168.36.107 | op=SEND_HEARTBEAT {datanodeUUID=b0f82e7e-889f-47d6-915f-90c6ca20be67, command=[]} | ret=SUCCESS |  
2019-08-28 19:58:49,503 | INFO  | SCMAudit | user=jenkins1000 | ip=192.168.36.107 | op=SEND_HEARTBEAT {datanodeUUID=dfe079fe-b43b-4b11-9eb7-bf995535c771, command=[]} | ret=SUCCESS |  
2019-08-28 19:58:49,503 | INFO  | SCMAudit | user=jenkins1000 | ip=192.168.36.107 | op=SEND_HEARTBEAT {datanodeUUID=4b027227-a2cd-44eb-b647-10bc08a09d4f, command=[]} | ret=SUCCESS |  
2019-08-28 19:58:49,790 [grpc-default-executor-0] INFO  client.GrpcClientProtocolClient (GrpcClientProtocolClient.java:onNext(255)) - client-16CB8F804E50->01143d5c-8004-4731-8abc-97382e446a21: receive RaftClientReply:client-16CB8F804E50->01143d5c-8004-4731-8abc-97382e446a21@group-311A19E53952, cid=13, FAILED org.apache.ratis.protocol.NotLeaderException: Server 01143d5c-8004-4731-8abc-97382e446a21 is not the leader (null). Request must be sent to leader., logIndex=0, commits[01143d5c-8004-4731-8abc-97382e446a21:c-1]
2019-08-28 19:58:49,830 | INFO  | SCMAudit | user=jenkins1000 | ip=192.168.36.107 | op=SEND_HEARTBEAT {datanodeUUID=a4e818e3-a12c-49ac-9be2-dae8a36de655, command=[]} | ret=SUCCESS |  
2019-08-28 19:58:49,902 | INFO  | SCMAudit | user=jenkins1000 | ip=192.168.36.107 | op=SEND_HEARTBEAT {datanodeUUID=6468f44a-274a-4bf0-805e-bf8a5cf6df50, command=[]} | ret=SUCCESS |  
2019-08-28 19:58:49,999 | INFO  | SCMAudit | user=jenkins1000 | ip=192.168.36.107 | op=SEND_HEARTBEAT {datanodeUUID=836fb2ea-40c7-4faf-82a4-0607f2372ff2, command=[]} | ret=SUCCESS |  
2019-08-28 19:58:50,105 | INFO  | SCMAudit | user=jenkins1000 | ip=192.168.36.107 | op=SEND_HEARTBEAT {datanodeUUID=01143d5c-8004-4731-8abc-97382e446a21, command=[]} | ret=SUCCESS |  
2019-08-28 19:58:50,503 | INFO  | SCMAudit | user=jenkins1000 | ip=192.168.36.107 | op=SEND_HEARTBEAT {datanodeUUID=4b027227-a2cd-44eb-b647-10bc08a09d4f, command=[]} | ret=SUCCESS |  
2019-08-28 19:58:50,503 | INFO  | SCMAudit | user=jenkins1000 | ip=192.168.36.107 | op=SEND_HEARTBEAT {datanodeUUID=dfe079fe-b43b-4b11-9eb7-bf995535c771, command=[]} | ret=SUCCESS |  
2019-08-28 19:58:50,503 | INFO  | SCMAudit | user=jenkins1000 | ip=192.168.36.107 | op=SEND_HEARTBEAT {datanodeUUID=b0f82e7e-889f-47d6-915f-90c6ca20be67, command=[]} | ret=SUCCESS |  
2019-08-28 19:58:50,813 [grpc-default-executor-0] INFO  client.GrpcClientProtocolClient (GrpcClientProtocolClient.java:onNext(255)) - client-16CB8F804E50->836fb2ea-40c7-4faf-82a4-0607f2372ff2: receive RaftClientReply:client-16CB8F804E50->836fb2ea-40c7-4faf-82a4-0607f2372ff2@group-311A19E53952, cid=13, FAILED org.apache.ratis.protocol.NotLeaderException: Server 836fb2ea-40c7-4faf-82a4-0607f2372ff2 is not the leader (null). Request must be sent to leader., logIndex=0, commits[836fb2ea-40c7-4faf-82a4-0607f2372ff2:c-1]
2019-08-28 19:58:50,830 | INFO  | SCMAudit | user=jenkins1000 | ip=192.168.36.107 | op=SEND_HEARTBEAT {datanodeUUID=a4e818e3-a12c-49ac-9be2-dae8a36de655, command=[]} | ret=SUCCESS |  
2019-08-28 19:58:50,902 | INFO  | SCMAudit | user=jenkins1000 | ip=192.168.36.107 | op=SEND_HEARTBEAT {datanodeUUID=6468f44a-274a-4bf0-805e-bf8a5cf6df50, command=[]} | ret=SUCCESS |  
2019-08-28 19:58:50,999 | INFO  | SCMAudit | user=jenkins1000 | ip=192.168.36.107 | op=SEND_HEARTBEAT {datanodeUUID=836fb2ea-40c7-4faf-82a4-0607f2372ff2, command=[]} | ret=SUCCESS |  
2019-08-28 19:58:51,105 | INFO  | SCMAudit | user=jenkins1000 | ip=192.168.36.107 | op=SEND_HEARTBEAT {datanodeUUID=01143d5c-8004-4731-8abc-97382e446a21, command=[]} | ret=SUCCESS |  
2019-08-28 19:58:51,503 | INFO  | SCMAudit | user=jenkins1000 | ip=192.168.36.107 | op=SEND_HEARTBEAT {datanodeUUID=4b027227-a2cd-44eb-b647-10bc08a09d4f, command=[]} | ret=SUCCESS |  
2019-08-28 19:58:51,503 | INFO  | SCMAudit | user=jenkins1000 | ip=192.168.36.107 | op=SEND_HEARTBEAT {datanodeUUID=b0f82e7e-889f-47d6-915f-90c6ca20be67, command=[]} | ret=SUCCESS |  
2019-08-28 19:58:51,503 | INFO  | SCMAudit | user=jenkins1000 | ip=192.168.36.107 | op=SEND_HEARTBEAT {datanodeUUID=dfe079fe-b43b-4b11-9eb7-bf995535c771, command=[]} | ret=SUCCESS |  
2019-08-28 19:58:51,834 | INFO  | SCMAudit | user=jenkins1000 | ip=192.168.36.107 | op=SEND_HEARTBEAT {datanodeUUID=a4e818e3-a12c-49ac-9be2-dae8a36de655, command=[]} | ret=SUCCESS |  
2019-08-28 19:58:51,836 [grpc-default-executor-0] INFO  client.GrpcClientProtocolClient (GrpcClientProtocolClient.java:onNext(255)) - client-16CB8F804E50->01143d5c-8004-4731-8abc-97382e446a21: receive RaftClientReply:client-16CB8F804E50->01143d5c-8004-4731-8abc-97382e446a21@group-311A19E53952, cid=13, FAILED org.apache.ratis.protocol.NotLeaderException: Server 01143d5c-8004-4731-8abc-97382e446a21 is not the leader (null). Request must be sent to leader., logIndex=0, commits[01143d5c-8004-4731-8abc-97382e446a21:c-1]
2019-08-28 19:58:51,902 | INFO  | SCMAudit | user=jenkins1000 | ip=192.168.36.107 | op=SEND_HEARTBEAT {datanodeUUID=6468f44a-274a-4bf0-805e-bf8a5cf6df50, command=[]} | ret=SUCCESS |  
2019-08-28 19:58:52,000 | INFO  | SCMAudit | user=jenkins1000 | ip=192.168.36.107 | op=SEND_HEARTBEAT {datanodeUUID=836fb2ea-40c7-4faf-82a4-0607f2372ff2, command=[]} | ret=SUCCESS |  
2019-08-28 19:58:52,105 | INFO  | SCMAudit | user=jenkins1000 | ip=192.168.36.107 | op=SEND_HEARTBEAT {datanodeUUID=01143d5c-8004-4731-8abc-97382e446a21, command=[]} | ret=SUCCESS |  
2019-08-28 19:58:52,503 | INFO  | SCMAudit | user=jenkins1000 | ip=192.168.36.107 | op=SEND_HEARTBEAT {datanodeUUID=dfe079fe-b43b-4b11-9eb7-bf995535c771, command=[]} | ret=SUCCESS |  
2019-08-28 19:58:52,503 | INFO  | SCMAudit | user=jenkins1000 | ip=192.168.36.107 | op=SEND_HEARTBEAT {datanodeUUID=b0f82e7e-889f-47d6-915f-90c6ca20be67, command=[]} | ret=SUCCESS |  
2019-08-28 19:58:52,503 | INFO  | SCMAudit | user=jenkins1000 | ip=192.168.36.107 | op=SEND_HEARTBEAT {datanodeUUID=4b027227-a2cd-44eb-b647-10bc08a09d4f, command=[]} | ret=SUCCESS |  
2019-08-28 19:58:52,831 | INFO  | SCMAudit | user=jenkins1000 | ip=192.168.36.107 | op=SEND_HEARTBEAT {datanodeUUID=a4e818e3-a12c-49ac-9be2-dae8a36de655, command=[]} | ret=SUCCESS |  
2019-08-28 19:58:52,856 [grpc-default-executor-1] INFO  client.GrpcClientProtocolClient (GrpcClientProtocolClient.java:onNext(255)) - client-16CB8F804E50->836fb2ea-40c7-4faf-82a4-0607f2372ff2: receive RaftClientReply:client-16CB8F804E50->836fb2ea-40c7-4faf-82a4-0607f2372ff2@group-311A19E53952, cid=13, FAILED org.apache.ratis.protocol.NotLeaderException: Server 836fb2ea-40c7-4faf-82a4-0607f2372ff2 is not the leader (null). Request must be sent to leader., logIndex=0, commits[836fb2ea-40c7-4faf-82a4-0607f2372ff2:c-1]
2019-08-28 19:58:52,902 | INFO  | SCMAudit | user=jenkins1000 | ip=192.168.36.107 | op=SEND_HEARTBEAT {datanodeUUID=6468f44a-274a-4bf0-805e-bf8a5cf6df50, command=[]} | ret=SUCCESS |  
2019-08-28 19:58:52,999 | INFO  | SCMAudit | user=jenkins1000 | ip=192.168.36.107 | op=SEND_HEARTBEAT {datanodeUUID=836fb2ea-40c7-4faf-82a4-0607f2372ff2, command=[]} | ret=SUCCESS |  
2019-08-28 19:58:53,105 | INFO  | SCMAudit | user=jenkins1000 | ip=192.168.36.107 | op=SEND_HEARTBEAT {datanodeUUID=01143d5c-8004-4731-8abc-97382e446a21, command=[]} | ret=SUCCESS |  
2019-08-28 19:58:53,503 | INFO  | SCMAudit | user=jenkins1000 | ip=192.168.36.107 | op=SEND_HEARTBEAT {datanodeUUID=dfe079fe-b43b-4b11-9eb7-bf995535c771, command=[]} | ret=SUCCESS |  
2019-08-28 19:58:53,503 | INFO  | SCMAudit | user=jenkins1000 | ip=192.168.36.107 | op=SEND_HEARTBEAT {datanodeUUID=4b027227-a2cd-44eb-b647-10bc08a09d4f, command=[]} | ret=SUCCESS |  
2019-08-28 19:58:53,504 | INFO  | SCMAudit | user=jenkins1000 | ip=192.168.36.107 | op=SEND_HEARTBEAT {datanodeUUID=b0f82e7e-889f-47d6-915f-90c6ca20be67, command=[]} | ret=SUCCESS |  
2019-08-28 19:58:53,688 [Thread-318] INFO  impl.FollowerState (FollowerState.java:run(106)) - b0f82e7e-889f-47d6-915f-90c6ca20be67:group-37E0854835AC changes to CANDIDATE, lastRpcTime:5040, electionTimeout:5039ms
2019-08-28 19:58:53,691 [Thread-318] INFO  impl.RoleInfo (RoleInfo.java:shutdownFollowerState(121)) - b0f82e7e-889f-47d6-915f-90c6ca20be67: shutdown FollowerState
2019-08-28 19:58:53,691 [Thread-318] INFO  impl.RaftServerImpl (RaftServerImpl.java:setRole(171)) - b0f82e7e-889f-47d6-915f-90c6ca20be67:group-37E0854835AC changes role from FOLLOWER to CANDIDATE at term 1 for changeToCandidate
2019-08-28 19:58:53,691 [Thread-318] INFO  impl.RoleInfo (RoleInfo.java:updateAndGet(143)) - b0f82e7e-889f-47d6-915f-90c6ca20be67: start LeaderElection
2019-08-28 19:58:53,766 [b0f82e7e-889f-47d6-915f-90c6ca20be67:group-37E0854835AC:LeaderElection14] INFO  impl.LeaderElection (LeaderElection.java:askForVotes(181)) - b0f82e7e-889f-47d6-915f-90c6ca20be67:group-37E0854835AC:LeaderElection14: begin an election at term 2 for -1: [4b027227-a2cd-44eb-b647-10bc08a09d4f:192.168.36.107:45159, b0f82e7e-889f-47d6-915f-90c6ca20be67:192.168.36.107:36215, a4e818e3-a12c-49ac-9be2-dae8a36de655:192.168.36.107:35700], old=null
2019-08-28 19:58:53,774 [grpc-default-executor-1] INFO  impl.RaftServerImpl (RaftServerImpl.java:setRole(171)) - 4b027227-a2cd-44eb-b647-10bc08a09d4f:group-37E0854835AC changes role from FOLLOWER to FOLLOWER at term 2 for recognizeCandidate:b0f82e7e-889f-47d6-915f-90c6ca20be67
2019-08-28 19:58:53,774 [grpc-default-executor-0] INFO  impl.RaftServerImpl (RaftServerImpl.java:setRole(171)) - a4e818e3-a12c-49ac-9be2-dae8a36de655:group-37E0854835AC changes role from FOLLOWER to FOLLOWER at term 2 for recognizeCandidate:b0f82e7e-889f-47d6-915f-90c6ca20be67
2019-08-28 19:58:53,774 [grpc-default-executor-1] INFO  impl.RoleInfo (RoleInfo.java:shutdownFollowerState(121)) - 4b027227-a2cd-44eb-b647-10bc08a09d4f: shutdown FollowerState
2019-08-28 19:58:53,775 [grpc-default-executor-0] INFO  impl.RoleInfo (RoleInfo.java:shutdownFollowerState(121)) - a4e818e3-a12c-49ac-9be2-dae8a36de655: shutdown FollowerState
2019-08-28 19:58:53,775 [grpc-default-executor-1] INFO  impl.RoleInfo (RoleInfo.java:updateAndGet(143)) - 4b027227-a2cd-44eb-b647-10bc08a09d4f: start FollowerState
2019-08-28 19:58:53,775 [grpc-default-executor-0] INFO  impl.RoleInfo (RoleInfo.java:updateAndGet(143)) - a4e818e3-a12c-49ac-9be2-dae8a36de655: start FollowerState
2019-08-28 19:58:53,775 [Thread-316] INFO  impl.FollowerState (FollowerState.java:run(114)) - 4b027227-a2cd-44eb-b647-10bc08a09d4f: FollowerState was interrupted: java.lang.InterruptedException: sleep interrupted
2019-08-28 19:58:53,775 [Thread-317] INFO  impl.FollowerState (FollowerState.java:run(114)) - a4e818e3-a12c-49ac-9be2-dae8a36de655: FollowerState was interrupted: java.lang.InterruptedException: sleep interrupted
2019-08-28 19:58:53,807 [b0f82e7e-889f-47d6-915f-90c6ca20be67:group-37E0854835AC:LeaderElection14] INFO  impl.LeaderElection (LeaderElection.java:logAndReturn(56)) - b0f82e7e-889f-47d6-915f-90c6ca20be67:group-37E0854835AC:LeaderElection14: Election PASSED; received 1 response(s) [b0f82e7e-889f-47d6-915f-90c6ca20be67<-a4e818e3-a12c-49ac-9be2-dae8a36de655#0:OK-t2] and 0 exception(s); b0f82e7e-889f-47d6-915f-90c6ca20be67:t2, leader=null, voted=b0f82e7e-889f-47d6-915f-90c6ca20be67, raftlog=b0f82e7e-889f-47d6-915f-90c6ca20be67-SegmentedRaftLog:OPENED:c-1,f-1,i0, conf=-1: [4b027227-a2cd-44eb-b647-10bc08a09d4f:192.168.36.107:45159, b0f82e7e-889f-47d6-915f-90c6ca20be67:192.168.36.107:36215, a4e818e3-a12c-49ac-9be2-dae8a36de655:192.168.36.107:35700], old=null
2019-08-28 19:58:53,807 [b0f82e7e-889f-47d6-915f-90c6ca20be67:group-37E0854835AC:LeaderElection14] INFO  impl.RoleInfo (RoleInfo.java:shutdownLeaderElection(134)) - b0f82e7e-889f-47d6-915f-90c6ca20be67: shutdown LeaderElection
2019-08-28 19:58:53,809 [b0f82e7e-889f-47d6-915f-90c6ca20be67:group-37E0854835AC:LeaderElection14] INFO  impl.RaftServerImpl (RaftServerImpl.java:setRole(171)) - b0f82e7e-889f-47d6-915f-90c6ca20be67:group-37E0854835AC changes role from CANDIDATE to LEADER at term 2 for changeToLeader
2019-08-28 19:58:53,809 [b0f82e7e-889f-47d6-915f-90c6ca20be67:group-37E0854835AC:LeaderElection14] INFO  impl.RaftServerImpl (ServerState.java:setLeader(263)) - b0f82e7e-889f-47d6-915f-90c6ca20be67:group-37E0854835AC change Leader from null to b0f82e7e-889f-47d6-915f-90c6ca20be67 at term 2 for becomeLeader, leader elected after 10345ms
2019-08-28 19:58:53,809 [b0f82e7e-889f-47d6-915f-90c6ca20be67:group-37E0854835AC:LeaderElection14] INFO  server.RaftServerConfigKeys (ConfUtils.java:logGet(43)) - raft.server.staging.catchup.gap = 1000 (default)
2019-08-28 19:58:53,809 [b0f82e7e-889f-47d6-915f-90c6ca20be67:group-37E0854835AC:LeaderElection14] INFO  server.RaftServerConfigKeys (ConfUtils.java:logGet(43)) - raft.server.rpc.sleep.time = 25ms (default)
2019-08-28 19:58:53,809 [b0f82e7e-889f-47d6-915f-90c6ca20be67:group-37E0854835AC:LeaderElection14] INFO  server.RaftServerConfigKeys (ConfUtils.java:logGet(43)) - raft.server.write.element-limit = 4096 (default)
2019-08-28 19:58:53,809 [b0f82e7e-889f-47d6-915f-90c6ca20be67:group-37E0854835AC:LeaderElection14] INFO  server.RaftServerConfigKeys (ConfUtils.java:logGet(43)) - raft.server.watch.timeout = 10s (default)
2019-08-28 19:58:53,809 [b0f82e7e-889f-47d6-915f-90c6ca20be67:group-37E0854835AC:LeaderElection14] INFO  server.RaftServerConfigKeys (ConfUtils.java:logGet(43)) - raft.server.watch.timeout.denomination = 1s (default)
2019-08-28 19:58:53,810 [b0f82e7e-889f-47d6-915f-90c6ca20be67:group-37E0854835AC:LeaderElection14] INFO  server.RaftServerConfigKeys (ConfUtils.java:logGet(43)) - raft.server.watch.element-limit = 65536 (default)
2019-08-28 19:58:53,811 [b0f82e7e-889f-47d6-915f-90c6ca20be67:group-37E0854835AC:LeaderElection14] INFO  server.RaftServerConfigKeys (ConfUtils.java:logGet(43)) - raft.server.log.appender.snapshot.chunk.size.max = 16MB (=16777216) (default)
2019-08-28 19:58:53,812 [b0f82e7e-889f-47d6-915f-90c6ca20be67:group-37E0854835AC:LeaderElection14] INFO  server.RaftServerConfigKeys (ConfUtils.java:logGet(43)) - raft.server.log.appender.buffer.byte-limit = 33554432 (custom)
2019-08-28 19:58:53,812 [b0f82e7e-889f-47d6-915f-90c6ca20be67:group-37E0854835AC:LeaderElection14] INFO  server.RaftServerConfigKeys (ConfUtils.java:logGet(43)) - raft.server.log.appender.buffer.element-limit = 1 (custom)
2019-08-28 19:58:53,814 [b0f82e7e-889f-47d6-915f-90c6ca20be67:group-37E0854835AC:LeaderElection14] INFO  grpc.GrpcConfigKeys$Server (ConfUtils.java:logGet(43)) - raft.grpc.server.leader.outstanding.appends.max = 128 (default)
2019-08-28 19:58:53,815 [b0f82e7e-889f-47d6-915f-90c6ca20be67:group-37E0854835AC:LeaderElection14] INFO  server.RaftServerConfigKeys (ConfUtils.java:logGet(43)) - raft.server.rpc.request.timeout = 3000ms (default)
2019-08-28 19:58:53,815 [b0f82e7e-889f-47d6-915f-90c6ca20be67:group-37E0854835AC:LeaderElection14] INFO  server.RaftServerConfigKeys (ConfUtils.java:logGet(43)) - raft.server.log.appender.install.snapshot.enabled = false (custom)
2019-08-28 19:58:53,815 [b0f82e7e-889f-47d6-915f-90c6ca20be67:group-37E0854835AC:LeaderElection14] INFO  server.RaftServerConfigKeys (ConfUtils.java:logGet(43)) - raft.server.log.appender.snapshot.chunk.size.max = 16MB (=16777216) (default)
2019-08-28 19:58:53,815 [b0f82e7e-889f-47d6-915f-90c6ca20be67:group-37E0854835AC:LeaderElection14] INFO  server.RaftServerConfigKeys (ConfUtils.java:logGet(43)) - raft.server.log.appender.buffer.byte-limit = 33554432 (custom)
2019-08-28 19:58:53,815 [b0f82e7e-889f-47d6-915f-90c6ca20be67:group-37E0854835AC:LeaderElection14] INFO  server.RaftServerConfigKeys (ConfUtils.java:logGet(43)) - raft.server.log.appender.buffer.element-limit = 1 (custom)
2019-08-28 19:58:53,815 [b0f82e7e-889f-47d6-915f-90c6ca20be67:group-37E0854835AC:LeaderElection14] INFO  grpc.GrpcConfigKeys$Server (ConfUtils.java:logGet(43)) - raft.grpc.server.leader.outstanding.appends.max = 128 (default)
2019-08-28 19:58:53,815 [b0f82e7e-889f-47d6-915f-90c6ca20be67:group-37E0854835AC:LeaderElection14] INFO  server.RaftServerConfigKeys (ConfUtils.java:logGet(43)) - raft.server.rpc.request.timeout = 3000ms (default)
2019-08-28 19:58:53,816 [b0f82e7e-889f-47d6-915f-90c6ca20be67:group-37E0854835AC:LeaderElection14] INFO  server.RaftServerConfigKeys (ConfUtils.java:logGet(43)) - raft.server.log.appender.install.snapshot.enabled = false (custom)
2019-08-28 19:58:53,817 [b0f82e7e-889f-47d6-915f-90c6ca20be67:group-37E0854835AC:LeaderElection14] INFO  impl.RoleInfo (RoleInfo.java:updateAndGet(143)) - b0f82e7e-889f-47d6-915f-90c6ca20be67: start LeaderState
2019-08-28 19:58:53,817 [b0f82e7e-889f-47d6-915f-90c6ca20be67:group-37E0854835AC:LeaderElection14] INFO  segmented.SegmentedRaftLogWorker (SegmentedRaftLogWorker.java:startLogSegment(380)) - b0f82e7e-889f-47d6-915f-90c6ca20be67-SegmentedRaftLogWorker:Storage Directory /workdir/hadoop-ozone/integration-test/target/test-dir/MiniOzoneClusterImpl-0a1989d7-c66c-4856-b49a-b1e0df50d07d/datanode-5/data/ratis/fc19fa3c-f21b-446c-abac-37e0854835ac: Starting segment from index:0
2019-08-28 19:58:53,818 [b0f82e7e-889f-47d6-915f-90c6ca20be67:group-37E0854835AC:LeaderElection14] INFO  impl.RaftServerImpl (ServerState.java:setRaftConf(361)) - b0f82e7e-889f-47d6-915f-90c6ca20be67:group-37E0854835AC set configuration 0: [4b027227-a2cd-44eb-b647-10bc08a09d4f:192.168.36.107:45159, b0f82e7e-889f-47d6-915f-90c6ca20be67:192.168.36.107:36215, a4e818e3-a12c-49ac-9be2-dae8a36de655:192.168.36.107:35700], old=null at 0
2019-08-28 19:58:53,840 | INFO  | SCMAudit | user=jenkins1000 | ip=192.168.36.107 | op=SEND_HEARTBEAT {datanodeUUID=a4e818e3-a12c-49ac-9be2-dae8a36de655, command=[]} | ret=SUCCESS |  
2019-08-28 19:58:53,853 [Thread-331] INFO  impl.FollowerState (FollowerState.java:run(106)) - 836fb2ea-40c7-4faf-82a4-0607f2372ff2:group-311A19E53952 changes to CANDIDATE, lastRpcTime:5070, electionTimeout:5070ms
2019-08-28 19:58:53,855 [Thread-331] INFO  impl.RoleInfo (RoleInfo.java:shutdownFollowerState(121)) - 836fb2ea-40c7-4faf-82a4-0607f2372ff2: shutdown FollowerState
2019-08-28 19:58:53,855 [Thread-331] INFO  impl.RaftServerImpl (RaftServerImpl.java:setRole(171)) - 836fb2ea-40c7-4faf-82a4-0607f2372ff2:group-311A19E53952 changes role from FOLLOWER to CANDIDATE at term 1 for changeToCandidate
2019-08-28 19:58:53,855 [Thread-331] INFO  impl.RoleInfo (RoleInfo.java:updateAndGet(143)) - 836fb2ea-40c7-4faf-82a4-0607f2372ff2: start LeaderElection
2019-08-28 19:58:53,859 [grpc-default-executor-0] INFO  impl.RaftServerImpl (ServerState.java:setLeader(263)) - a4e818e3-a12c-49ac-9be2-dae8a36de655:group-37E0854835AC change Leader from null to b0f82e7e-889f-47d6-915f-90c6ca20be67 at term 2 for appendEntries, leader elected after 10395ms
2019-08-28 19:58:53,860 [grpc-default-executor-1] INFO  impl.RaftServerImpl (ServerState.java:setLeader(263)) - 4b027227-a2cd-44eb-b647-10bc08a09d4f:group-37E0854835AC change Leader from null to b0f82e7e-889f-47d6-915f-90c6ca20be67 at term 2 for appendEntries, leader elected after 10396ms
2019-08-28 19:58:53,869 [b0f82e7e-889f-47d6-915f-90c6ca20be67-SegmentedRaftLogWorker:Storage Directory /workdir/hadoop-ozone/integration-test/target/test-dir/MiniOzoneClusterImpl-0a1989d7-c66c-4856-b49a-b1e0df50d07d/datanode-5/data/ratis/fc19fa3c-f21b-446c-abac-37e0854835ac] INFO  segmented.SegmentedRaftLogWorker (SegmentedRaftLogWorker.java:execute(569)) - b0f82e7e-889f-47d6-915f-90c6ca20be67-SegmentedRaftLogWorker:Storage Directory /workdir/hadoop-ozone/integration-test/target/test-dir/MiniOzoneClusterImpl-0a1989d7-c66c-4856-b49a-b1e0df50d07d/datanode-5/data/ratis/fc19fa3c-f21b-446c-abac-37e0854835ac: created new log segment /workdir/hadoop-ozone/integration-test/target/test-dir/MiniOzoneClusterImpl-0a1989d7-c66c-4856-b49a-b1e0df50d07d/datanode-5/data/ratis/fc19fa3c-f21b-446c-abac-37e0854835ac/current/log_inprogress_0
2019-08-28 19:58:53,878 [grpc-default-executor-4] INFO  client.GrpcClientProtocolClient (GrpcClientProtocolClient.java:onNext(255)) - client-16CB8F804E50->6468f44a-274a-4bf0-805e-bf8a5cf6df50: receive RaftClientReply:client-16CB8F804E50->6468f44a-274a-4bf0-805e-bf8a5cf6df50@group-311A19E53952, cid=13, FAILED org.apache.ratis.protocol.NotLeaderException: Server 6468f44a-274a-4bf0-805e-bf8a5cf6df50 is not the leader (null). Request must be sent to leader., logIndex=0, commits[6468f44a-274a-4bf0-805e-bf8a5cf6df50:c-1]
2019-08-28 19:58:53,891 [836fb2ea-40c7-4faf-82a4-0607f2372ff2:group-311A19E53952:LeaderElection15] INFO  impl.LeaderElection (LeaderElection.java:askForVotes(181)) - 836fb2ea-40c7-4faf-82a4-0607f2372ff2:group-311A19E53952:LeaderElection15: begin an election at term 2 for -1: [836fb2ea-40c7-4faf-82a4-0607f2372ff2:192.168.36.107:34482, 01143d5c-8004-4731-8abc-97382e446a21:192.168.36.107:38521, 6468f44a-274a-4bf0-805e-bf8a5cf6df50:192.168.36.107:33672], old=null
2019-08-28 19:58:53,898 [grpc-default-executor-4] INFO  impl.RaftServerImpl (RaftServerImpl.java:setRole(171)) - 6468f44a-274a-4bf0-805e-bf8a5cf6df50:group-311A19E53952 changes role from FOLLOWER to FOLLOWER at term 2 for recognizeCandidate:836fb2ea-40c7-4faf-82a4-0607f2372ff2
2019-08-28 19:58:53,899 [grpc-default-executor-4] INFO  impl.RoleInfo (RoleInfo.java:shutdownFollowerState(121)) - 6468f44a-274a-4bf0-805e-bf8a5cf6df50: shutdown FollowerState
2019-08-28 19:58:53,899 [grpc-default-executor-3] INFO  impl.RaftServerImpl (RaftServerImpl.java:setRole(171)) - 01143d5c-8004-4731-8abc-97382e446a21:group-311A19E53952 changes role from FOLLOWER to FOLLOWER at term 2 for recognizeCandidate:836fb2ea-40c7-4faf-82a4-0607f2372ff2
2019-08-28 19:58:53,899 [Thread-332] INFO  impl.FollowerState (FollowerState.java:run(114)) - 6468f44a-274a-4bf0-805e-bf8a5cf6df50: FollowerState was interrupted: java.lang.InterruptedException: sleep interrupted
2019-08-28 19:58:53,899 [grpc-default-executor-4] INFO  impl.RoleInfo (RoleInfo.java:updateAndGet(143)) - 6468f44a-274a-4bf0-805e-bf8a5cf6df50: start FollowerState
2019-08-28 19:58:53,899 [grpc-default-executor-3] INFO  impl.RoleInfo (RoleInfo.java:shutdownFollowerState(121)) - 01143d5c-8004-4731-8abc-97382e446a21: shutdown FollowerState
2019-08-28 19:58:53,901 [grpc-default-executor-0] INFO  impl.RaftServerImpl (ServerState.java:setRaftConf(361)) - a4e818e3-a12c-49ac-9be2-dae8a36de655:group-37E0854835AC set configuration 0: [4b027227-a2cd-44eb-b647-10bc08a09d4f:192.168.36.107:45159, b0f82e7e-889f-47d6-915f-90c6ca20be67:192.168.36.107:36215, a4e818e3-a12c-49ac-9be2-dae8a36de655:192.168.36.107:35700], old=null at 0
2019-08-28 19:58:53,901 [Thread-333] INFO  impl.FollowerState (FollowerState.java:run(114)) - 01143d5c-8004-4731-8abc-97382e446a21: FollowerState was interrupted: java.lang.InterruptedException: sleep interrupted
2019-08-28 19:58:53,901 [grpc-default-executor-3] INFO  impl.RoleInfo (RoleInfo.java:updateAndGet(143)) - 01143d5c-8004-4731-8abc-97382e446a21: start FollowerState
2019-08-28 19:58:53,901 [grpc-default-executor-1] INFO  impl.RaftServerImpl (ServerState.java:setRaftConf(361)) - 4b027227-a2cd-44eb-b647-10bc08a09d4f:group-37E0854835AC set configuration 0: [4b027227-a2cd-44eb-b647-10bc08a09d4f:192.168.36.107:45159, b0f82e7e-889f-47d6-915f-90c6ca20be67:192.168.36.107:36215, a4e818e3-a12c-49ac-9be2-dae8a36de655:192.168.36.107:35700], old=null at 0
2019-08-28 19:58:53,901 [grpc-default-executor-0] INFO  segmented.SegmentedRaftLogWorker (SegmentedRaftLogWorker.java:startLogSegment(380)) - a4e818e3-a12c-49ac-9be2-dae8a36de655-SegmentedRaftLogWorker:Storage Directory /workdir/hadoop-ozone/integration-test/target/test-dir/MiniOzoneClusterImpl-0a1989d7-c66c-4856-b49a-b1e0df50d07d/datanode-0/data/ratis/fc19fa3c-f21b-446c-abac-37e0854835ac: Starting segment from index:0
2019-08-28 19:58:53,903 [grpc-default-executor-1] INFO  segmented.SegmentedRaftLogWorker (SegmentedRaftLogWorker.java:startLogSegment(380)) - 4b027227-a2cd-44eb-b647-10bc08a09d4f-SegmentedRaftLogWorker:Storage Directory /workdir/hadoop-ozone/integration-test/target/test-dir/MiniOzoneClusterImpl-0a1989d7-c66c-4856-b49a-b1e0df50d07d/datanode-6/data/ratis/fc19fa3c-f21b-446c-abac-37e0854835ac: Starting segment from index:0
2019-08-28 19:58:53,903 | INFO  | SCMAudit | user=jenkins1000 | ip=192.168.36.107 | op=SEND_HEARTBEAT {datanodeUUID=6468f44a-274a-4bf0-805e-bf8a5cf6df50, command=[]} | ret=SUCCESS |  
2019-08-28 19:58:53,922 [836fb2ea-40c7-4faf-82a4-0607f2372ff2:group-311A19E53952:LeaderElection15] INFO  impl.LeaderElection (LeaderElection.java:logAndReturn(56)) - 836fb2ea-40c7-4faf-82a4-0607f2372ff2:group-311A19E53952:LeaderElection15: Election PASSED; received 1 response(s) [836fb2ea-40c7-4faf-82a4-0607f2372ff2<-6468f44a-274a-4bf0-805e-bf8a5cf6df50#0:OK-t2] and 0 exception(s); 836fb2ea-40c7-4faf-82a4-0607f2372ff2:t2, leader=null, voted=836fb2ea-40c7-4faf-82a4-0607f2372ff2, raftlog=836fb2ea-40c7-4faf-82a4-0607f2372ff2-SegmentedRaftLog:OPENED:c-1,f-1,i0, conf=-1: [836fb2ea-40c7-4faf-82a4-0607f2372ff2:192.168.36.107:34482, 01143d5c-8004-4731-8abc-97382e446a21:192.168.36.107:38521, 6468f44a-274a-4bf0-805e-bf8a5cf6df50:192.168.36.107:33672], old=null
2019-08-28 19:58:53,922 [836fb2ea-40c7-4faf-82a4-0607f2372ff2:group-311A19E53952:LeaderElection15] INFO  impl.RoleInfo (RoleInfo.java:shutdownLeaderElection(134)) - 836fb2ea-40c7-4faf-82a4-0607f2372ff2: shutdown LeaderElection
2019-08-28 19:58:53,932 [836fb2ea-40c7-4faf-82a4-0607f2372ff2:group-311A19E53952:LeaderElection15] INFO  impl.RaftServerImpl (RaftServerImpl.java:setRole(171)) - 836fb2ea-40c7-4faf-82a4-0607f2372ff2:group-311A19E53952 changes role from CANDIDATE to LEADER at term 2 for changeToLeader
2019-08-28 19:58:53,932 [836fb2ea-40c7-4faf-82a4-0607f2372ff2:group-311A19E53952:LeaderElection15] INFO  impl.RaftServerImpl (ServerState.java:setLeader(263)) - 836fb2ea-40c7-4faf-82a4-0607f2372ff2:group-311A19E53952 change Leader from null to 836fb2ea-40c7-4faf-82a4-0607f2372ff2 at term 2 for becomeLeader, leader elected after 10342ms
2019-08-28 19:58:53,932 [836fb2ea-40c7-4faf-82a4-0607f2372ff2:group-311A19E53952:LeaderElection15] INFO  server.RaftServerConfigKeys (ConfUtils.java:logGet(43)) - raft.server.staging.catchup.gap = 1000 (default)
2019-08-28 19:58:53,932 [836fb2ea-40c7-4faf-82a4-0607f2372ff2:group-311A19E53952:LeaderElection15] INFO  server.RaftServerConfigKeys (ConfUtils.java:logGet(43)) - raft.server.rpc.sleep.time = 25ms (default)
2019-08-28 19:58:53,932 [836fb2ea-40c7-4faf-82a4-0607f2372ff2:group-311A19E53952:LeaderElection15] INFO  server.RaftServerConfigKeys (ConfUtils.java:logGet(43)) - raft.server.write.element-limit = 4096 (default)
2019-08-28 19:58:53,933 [836fb2ea-40c7-4faf-82a4-0607f2372ff2:group-311A19E53952:LeaderElection15] INFO  server.RaftServerConfigKeys (ConfUtils.java:logGet(43)) - raft.server.watch.timeout = 10s (default)
2019-08-28 19:58:53,933 [836fb2ea-40c7-4faf-82a4-0607f2372ff2:group-311A19E53952:LeaderElection15] INFO  server.RaftServerConfigKeys (ConfUtils.java:logGet(43)) - raft.server.watch.timeout.denomination = 1s (default)
2019-08-28 19:58:53,933 [836fb2ea-40c7-4faf-82a4-0607f2372ff2:group-311A19E53952:LeaderElection15] INFO  server.RaftServerConfigKeys (ConfUtils.java:logGet(43)) - raft.server.watch.element-limit = 65536 (default)
2019-08-28 19:58:53,933 [836fb2ea-40c7-4faf-82a4-0607f2372ff2:group-311A19E53952:LeaderElection15] INFO  server.RaftServerConfigKeys (ConfUtils.java:logGet(43)) - raft.server.log.appender.snapshot.chunk.size.max = 16MB (=16777216) (default)
2019-08-28 19:58:53,933 [836fb2ea-40c7-4faf-82a4-0607f2372ff2:group-311A19E53952:LeaderElection15] INFO  server.RaftServerConfigKeys (ConfUtils.java:logGet(43)) - raft.server.log.appender.buffer.byte-limit = 33554432 (custom)
2019-08-28 19:58:53,934 [836fb2ea-40c7-4faf-82a4-0607f2372ff2:group-311A19E53952:LeaderElection15] INFO  server.RaftServerConfigKeys (ConfUtils.java:logGet(43)) - raft.server.log.appender.buffer.element-limit = 1 (custom)
2019-08-28 19:58:53,934 [836fb2ea-40c7-4faf-82a4-0607f2372ff2:group-311A19E53952:LeaderElection15] INFO  grpc.GrpcConfigKeys$Server (ConfUtils.java:logGet(43)) - raft.grpc.server.leader.outstanding.appends.max = 128 (default)
2019-08-28 19:58:53,935 [836fb2ea-40c7-4faf-82a4-0607f2372ff2:group-311A19E53952:LeaderElection15] INFO  server.RaftServerConfigKeys (ConfUtils.java:logGet(43)) - raft.server.rpc.request.timeout = 3000ms (default)
2019-08-28 19:58:53,936 [836fb2ea-40c7-4faf-82a4-0607f2372ff2:group-311A19E53952:LeaderElection15] INFO  server.RaftServerConfigKeys (ConfUtils.java:logGet(43)) - raft.server.log.appender.install.snapshot.enabled = false (custom)
2019-08-28 19:58:53,936 [836fb2ea-40c7-4faf-82a4-0607f2372ff2:group-311A19E53952:LeaderElection15] INFO  server.RaftServerConfigKeys (ConfUtils.java:logGet(43)) - raft.server.log.appender.snapshot.chunk.size.max = 16MB (=16777216) (default)
2019-08-28 19:58:53,936 [836fb2ea-40c7-4faf-82a4-0607f2372ff2:group-311A19E53952:LeaderElection15] INFO  server.RaftServerConfigKeys (ConfUtils.java:logGet(43)) - raft.server.log.appender.buffer.byte-limit = 33554432 (custom)
2019-08-28 19:58:53,936 [836fb2ea-40c7-4faf-82a4-0607f2372ff2:group-311A19E53952:LeaderElection15] INFO  server.RaftServerConfigKeys (ConfUtils.java:logGet(43)) - raft.server.log.appender.buffer.element-limit = 1 (custom)
2019-08-28 19:58:53,936 [836fb2ea-40c7-4faf-82a4-0607f2372ff2:group-311A19E53952:LeaderElection15] INFO  grpc.GrpcConfigKeys$Server (ConfUtils.java:logGet(43)) - raft.grpc.server.leader.outstanding.appends.max = 128 (default)
2019-08-28 19:58:53,937 [836fb2ea-40c7-4faf-82a4-0607f2372ff2:group-311A19E53952:LeaderElection15] INFO  server.RaftServerConfigKeys (ConfUtils.java:logGet(43)) - raft.server.rpc.request.timeout = 3000ms (default)
2019-08-28 19:58:53,937 [836fb2ea-40c7-4faf-82a4-0607f2372ff2:group-311A19E53952:LeaderElection15] INFO  server.RaftServerConfigKeys (ConfUtils.java:logGet(43)) - raft.server.log.appender.install.snapshot.enabled = false (custom)
2019-08-28 19:58:53,937 [836fb2ea-40c7-4faf-82a4-0607f2372ff2:group-311A19E53952:LeaderElection15] INFO  impl.RoleInfo (RoleInfo.java:updateAndGet(143)) - 836fb2ea-40c7-4faf-82a4-0607f2372ff2: start LeaderState
2019-08-28 19:58:53,937 [836fb2ea-40c7-4faf-82a4-0607f2372ff2:group-311A19E53952:LeaderElection15] INFO  segmented.SegmentedRaftLogWorker (SegmentedRaftLogWorker.java:startLogSegment(380)) - 836fb2ea-40c7-4faf-82a4-0607f2372ff2-SegmentedRaftLogWorker:Storage Directory /workdir/hadoop-ozone/integration-test/target/test-dir/MiniOzoneClusterImpl-0a1989d7-c66c-4856-b49a-b1e0df50d07d/datanode-2/data/ratis/41fb4bec-33b2-40da-bc0c-311a19e53952: Starting segment from index:0
2019-08-28 19:58:53,938 [836fb2ea-40c7-4faf-82a4-0607f2372ff2:group-311A19E53952:LeaderElection15] INFO  impl.RaftServerImpl (ServerState.java:setRaftConf(361)) - 836fb2ea-40c7-4faf-82a4-0607f2372ff2:group-311A19E53952 set configuration 0: [836fb2ea-40c7-4faf-82a4-0607f2372ff2:192.168.36.107:34482, 01143d5c-8004-4731-8abc-97382e446a21:192.168.36.107:38521, 6468f44a-274a-4bf0-805e-bf8a5cf6df50:192.168.36.107:33672], old=null at 0
2019-08-28 19:58:53,964 [4b027227-a2cd-44eb-b647-10bc08a09d4f-SegmentedRaftLogWorker:Storage Directory /workdir/hadoop-ozone/integration-test/target/test-dir/MiniOzoneClusterImpl-0a1989d7-c66c-4856-b49a-b1e0df50d07d/datanode-6/data/ratis/fc19fa3c-f21b-446c-abac-37e0854835ac] INFO  segmented.SegmentedRaftLogWorker (SegmentedRaftLogWorker.java:execute(569)) - 4b027227-a2cd-44eb-b647-10bc08a09d4f-SegmentedRaftLogWorker:Storage Directory /workdir/hadoop-ozone/integration-test/target/test-dir/MiniOzoneClusterImpl-0a1989d7-c66c-4856-b49a-b1e0df50d07d/datanode-6/data/ratis/fc19fa3c-f21b-446c-abac-37e0854835ac: created new log segment /workdir/hadoop-ozone/integration-test/target/test-dir/MiniOzoneClusterImpl-0a1989d7-c66c-4856-b49a-b1e0df50d07d/datanode-6/data/ratis/fc19fa3c-f21b-446c-abac-37e0854835ac/current/log_inprogress_0
2019-08-28 19:58:53,964 [a4e818e3-a12c-49ac-9be2-dae8a36de655-SegmentedRaftLogWorker:Storage Directory /workdir/hadoop-ozone/integration-test/target/test-dir/MiniOzoneClusterImpl-0a1989d7-c66c-4856-b49a-b1e0df50d07d/datanode-0/data/ratis/fc19fa3c-f21b-446c-abac-37e0854835ac] INFO  segmented.SegmentedRaftLogWorker (SegmentedRaftLogWorker.java:execute(569)) - a4e818e3-a12c-49ac-9be2-dae8a36de655-SegmentedRaftLogWorker:Storage Directory /workdir/hadoop-ozone/integration-test/target/test-dir/MiniOzoneClusterImpl-0a1989d7-c66c-4856-b49a-b1e0df50d07d/datanode-0/data/ratis/fc19fa3c-f21b-446c-abac-37e0854835ac: created new log segment /workdir/hadoop-ozone/integration-test/target/test-dir/MiniOzoneClusterImpl-0a1989d7-c66c-4856-b49a-b1e0df50d07d/datanode-0/data/ratis/fc19fa3c-f21b-446c-abac-37e0854835ac/current/log_inprogress_0
2019-08-28 19:58:53,981 [grpc-default-executor-3] INFO  impl.RaftServerImpl (ServerState.java:setLeader(263)) - 6468f44a-274a-4bf0-805e-bf8a5cf6df50:group-311A19E53952 change Leader from null to 836fb2ea-40c7-4faf-82a4-0607f2372ff2 at term 2 for appendEntries, leader elected after 10390ms
2019-08-28 19:58:53,981 [grpc-default-executor-4] INFO  impl.RaftServerImpl (ServerState.java:setLeader(263)) - 01143d5c-8004-4731-8abc-97382e446a21:group-311A19E53952 change Leader from null to 836fb2ea-40c7-4faf-82a4-0607f2372ff2 at term 2 for appendEntries, leader elected after 10391ms
2019-08-28 19:58:53,984 [grpc-default-executor-3] INFO  impl.RaftServerImpl (ServerState.java:setRaftConf(361)) - 6468f44a-274a-4bf0-805e-bf8a5cf6df50:group-311A19E53952 set configuration 0: [836fb2ea-40c7-4faf-82a4-0607f2372ff2:192.168.36.107:34482, 01143d5c-8004-4731-8abc-97382e446a21:192.168.36.107:38521, 6468f44a-274a-4bf0-805e-bf8a5cf6df50:192.168.36.107:33672], old=null at 0
2019-08-28 19:58:53,984 [grpc-default-executor-4] INFO  impl.RaftServerImpl (ServerState.java:setRaftConf(361)) - 01143d5c-8004-4731-8abc-97382e446a21:group-311A19E53952 set configuration 0: [836fb2ea-40c7-4faf-82a4-0607f2372ff2:192.168.36.107:34482, 01143d5c-8004-4731-8abc-97382e446a21:192.168.36.107:38521, 6468f44a-274a-4bf0-805e-bf8a5cf6df50:192.168.36.107:33672], old=null at 0
2019-08-28 19:58:53,984 [grpc-default-executor-3] INFO  segmented.SegmentedRaftLogWorker (SegmentedRaftLogWorker.java:startLogSegment(380)) - 6468f44a-274a-4bf0-805e-bf8a5cf6df50-SegmentedRaftLogWorker:Storage Directory /workdir/hadoop-ozone/integration-test/target/test-dir/MiniOzoneClusterImpl-0a1989d7-c66c-4856-b49a-b1e0df50d07d/datanode-1/data/ratis/41fb4bec-33b2-40da-bc0c-311a19e53952: Starting segment from index:0
2019-08-28 19:58:53,985 [grpc-default-executor-4] INFO  segmented.SegmentedRaftLogWorker (SegmentedRaftLogWorker.java:startLogSegment(380)) - 01143d5c-8004-4731-8abc-97382e446a21-SegmentedRaftLogWorker:Storage Directory /workdir/hadoop-ozone/integration-test/target/test-dir/MiniOzoneClusterImpl-0a1989d7-c66c-4856-b49a-b1e0df50d07d/datanode-3/data/ratis/41fb4bec-33b2-40da-bc0c-311a19e53952: Starting segment from index:0
2019-08-28 19:58:53,989 [836fb2ea-40c7-4faf-82a4-0607f2372ff2-SegmentedRaftLogWorker:Storage Directory /workdir/hadoop-ozone/integration-test/target/test-dir/MiniOzoneClusterImpl-0a1989d7-c66c-4856-b49a-b1e0df50d07d/datanode-2/data/ratis/41fb4bec-33b2-40da-bc0c-311a19e53952] INFO  segmented.SegmentedRaftLogWorker (SegmentedRaftLogWorker.java:execute(569)) - 836fb2ea-40c7-4faf-82a4-0607f2372ff2-SegmentedRaftLogWorker:Storage Directory /workdir/hadoop-ozone/integration-test/target/test-dir/MiniOzoneClusterImpl-0a1989d7-c66c-4856-b49a-b1e0df50d07d/datanode-2/data/ratis/41fb4bec-33b2-40da-bc0c-311a19e53952: created new log segment /workdir/hadoop-ozone/integration-test/target/test-dir/MiniOzoneClusterImpl-0a1989d7-c66c-4856-b49a-b1e0df50d07d/datanode-2/data/ratis/41fb4bec-33b2-40da-bc0c-311a19e53952/current/log_inprogress_0
2019-08-28 19:58:53,999 | INFO  | SCMAudit | user=jenkins1000 | ip=192.168.36.107 | op=SEND_HEARTBEAT {datanodeUUID=836fb2ea-40c7-4faf-82a4-0607f2372ff2, command=[]} | ret=SUCCESS |  
2019-08-28 19:58:54,029 [01143d5c-8004-4731-8abc-97382e446a21-SegmentedRaftLogWorker:Storage Directory /workdir/hadoop-ozone/integration-test/target/test-dir/MiniOzoneClusterImpl-0a1989d7-c66c-4856-b49a-b1e0df50d07d/datanode-3/data/ratis/41fb4bec-33b2-40da-bc0c-311a19e53952] INFO  segmented.SegmentedRaftLogWorker (SegmentedRaftLogWorker.java:execute(569)) - 01143d5c-8004-4731-8abc-97382e446a21-SegmentedRaftLogWorker:Storage Directory /workdir/hadoop-ozone/integration-test/target/test-dir/MiniOzoneClusterImpl-0a1989d7-c66c-4856-b49a-b1e0df50d07d/datanode-3/data/ratis/41fb4bec-33b2-40da-bc0c-311a19e53952: created new log segment /workdir/hadoop-ozone/integration-test/target/test-dir/MiniOzoneClusterImpl-0a1989d7-c66c-4856-b49a-b1e0df50d07d/datanode-3/data/ratis/41fb4bec-33b2-40da-bc0c-311a19e53952/current/log_inprogress_0
2019-08-28 19:58:54,029 [6468f44a-274a-4bf0-805e-bf8a5cf6df50-SegmentedRaftLogWorker:Storage Directory /workdir/hadoop-ozone/integration-test/target/test-dir/MiniOzoneClusterImpl-0a1989d7-c66c-4856-b49a-b1e0df50d07d/datanode-1/data/ratis/41fb4bec-33b2-40da-bc0c-311a19e53952] INFO  segmented.SegmentedRaftLogWorker (SegmentedRaftLogWorker.java:execute(569)) - 6468f44a-274a-4bf0-805e-bf8a5cf6df50-SegmentedRaftLogWorker:Storage Directory /workdir/hadoop-ozone/integration-test/target/test-dir/MiniOzoneClusterImpl-0a1989d7-c66c-4856-b49a-b1e0df50d07d/datanode-1/data/ratis/41fb4bec-33b2-40da-bc0c-311a19e53952: created new log segment /workdir/hadoop-ozone/integration-test/target/test-dir/MiniOzoneClusterImpl-0a1989d7-c66c-4856-b49a-b1e0df50d07d/datanode-1/data/ratis/41fb4bec-33b2-40da-bc0c-311a19e53952/current/log_inprogress_0
2019-08-28 19:58:54,106 | INFO  | SCMAudit | user=jenkins1000 | ip=192.168.36.107 | op=SEND_HEARTBEAT {datanodeUUID=01143d5c-8004-4731-8abc-97382e446a21, command=[]} | ret=SUCCESS |  
2019-08-28 19:58:54,503 | INFO  | SCMAudit | user=jenkins1000 | ip=192.168.36.107 | op=SEND_HEARTBEAT {datanodeUUID=4b027227-a2cd-44eb-b647-10bc08a09d4f, command=[]} | ret=SUCCESS |  
2019-08-28 19:58:54,503 | INFO  | SCMAudit | user=jenkins1000 | ip=192.168.36.107 | op=SEND_HEARTBEAT {datanodeUUID=dfe079fe-b43b-4b11-9eb7-bf995535c771, command=[]} | ret=SUCCESS |  
2019-08-28 19:58:54,503 | INFO  | SCMAudit | user=jenkins1000 | ip=192.168.36.107 | op=SEND_HEARTBEAT {datanodeUUID=b0f82e7e-889f-47d6-915f-90c6ca20be67, command=[]} | ret=SUCCESS |  
2019-08-28 19:58:54,842 | INFO  | SCMAudit | user=jenkins1000 | ip=192.168.36.107 | op=SEND_HEARTBEAT {datanodeUUID=a4e818e3-a12c-49ac-9be2-dae8a36de655, command=[]} | ret=SUCCESS |  
2019-08-28 19:58:54,898 [grpc-default-executor-3] INFO  client.GrpcClientProtocolClient (GrpcClientProtocolClient.java:onNext(255)) - client-16CB8F804E50->01143d5c-8004-4731-8abc-97382e446a21: receive RaftClientReply:client-16CB8F804E50->01143d5c-8004-4731-8abc-97382e446a21@group-311A19E53952, cid=13, FAILED org.apache.ratis.protocol.NotLeaderException: Server 01143d5c-8004-4731-8abc-97382e446a21 is not the leader (836fb2ea-40c7-4faf-82a4-0607f2372ff2:192.168.36.107:34482). Request must be sent to leader., logIndex=0, commits[01143d5c-8004-4731-8abc-97382e446a21:c-1, 836fb2ea-40c7-4faf-82a4-0607f2372ff2:c-1, 6468f44a-274a-4bf0-805e-bf8a5cf6df50:c-1]
2019-08-28 19:58:54,905 | INFO  | SCMAudit | user=jenkins1000 | ip=192.168.36.107 | op=SEND_HEARTBEAT {datanodeUUID=6468f44a-274a-4bf0-805e-bf8a5cf6df50, command=[]} | ret=SUCCESS |  
2019-08-28 19:58:54,999 | INFO  | SCMAudit | user=jenkins1000 | ip=192.168.36.107 | op=SEND_HEARTBEAT {datanodeUUID=836fb2ea-40c7-4faf-82a4-0607f2372ff2, command=[]} | ret=SUCCESS |  
2019-08-28 19:58:55,106 | INFO  | SCMAudit | user=jenkins1000 | ip=192.168.36.107 | op=SEND_HEARTBEAT {datanodeUUID=01143d5c-8004-4731-8abc-97382e446a21, command=[]} | ret=SUCCESS |  
2019-08-28 19:58:55,205 | INFO  | SCMAudit | user=jenkins1000 | ip=192.168.36.107 | op=SEND_HEARTBEAT {datanodeUUID=836fb2ea-40c7-4faf-82a4-0607f2372ff2, command=[]} | ret=SUCCESS |  
2019-08-28 19:58:55,210 | INFO  | SCMAudit | user=jenkins1000 | ip=192.168.36.107 | op=SEND_HEARTBEAT {datanodeUUID=01143d5c-8004-4731-8abc-97382e446a21, command=[]} | ret=SUCCESS |  
2019-08-28 19:58:55,210 | INFO  | SCMAudit | user=jenkins1000 | ip=192.168.36.107 | op=SEND_HEARTBEAT {datanodeUUID=6468f44a-274a-4bf0-805e-bf8a5cf6df50, command=[]} | ret=SUCCESS |  
2019-08-28 19:58:55,220 | INFO  | DNAudit | user=null | ip=null | op=WRITE_CHUNK {blockData=conID: 1 locID: 102696375025795073 bcsId: 0} | ret=SUCCESS |  
2019-08-28 19:58:55,220 | INFO  | DNAudit | user=null | ip=null | op=WRITE_CHUNK {blockData=conID: 1 locID: 102696375025795073 bcsId: 0} | ret=SUCCESS |  
2019-08-28 19:58:55,220 | INFO  | DNAudit | user=null | ip=null | op=WRITE_CHUNK {blockData=conID: 1 locID: 102696375025795073 bcsId: 0} | ret=SUCCESS |  
2019-08-28 19:58:55,228 | INFO  | DNAudit | user=null | ip=null | op=WRITE_CHUNK {blockData=conID: 1 locID: 102696375025795073 bcsId: 0} | ret=SUCCESS |  
2019-08-28 19:58:55,241 [grpc-default-executor-3] INFO  client.GrpcClientProtocolClient (GrpcClientProtocolClient.java:onNext(255)) - client-16CB8F804E50->836fb2ea-40c7-4faf-82a4-0607f2372ff2: receive RaftClientReply:client-16CB8F804E50->836fb2ea-40c7-4faf-82a4-0607f2372ff2@group-311A19E53952, cid=13, SUCCESS, logIndex=1, commits[836fb2ea-40c7-4faf-82a4-0607f2372ff2:c1, 01143d5c-8004-4731-8abc-97382e446a21:c0, 6468f44a-274a-4bf0-805e-bf8a5cf6df50:c0]
2019-08-28 19:58:55,243 | INFO  | DNAudit | user=null | ip=null | op=WRITE_CHUNK {blockData=conID: 1 locID: 102696375025795073 bcsId: 0} | ret=SUCCESS |  
2019-08-28 19:58:55,250 | INFO  | DNAudit | user=null | ip=null | op=WRITE_CHUNK {blockData=conID: 1 locID: 102696375025795073 bcsId: 0} | ret=SUCCESS |  
2019-08-28 19:58:55,251 | INFO  | DNAudit | user=null | ip=null | op=WRITE_CHUNK {blockData=conID: 1 locID: 102696375025795073 bcsId: 0} | ret=SUCCESS |  
2019-08-28 19:58:55,254 | INFO  | DNAudit | user=null | ip=null | op=WRITE_CHUNK {blockData=conID: 1 locID: 102696375025795073 bcsId: 0} | ret=SUCCESS |  
2019-08-28 19:58:55,254 | INFO  | DNAudit | user=null | ip=null | op=WRITE_CHUNK {blockData=conID: 1 locID: 102696375025795073 bcsId: 0} | ret=SUCCESS |  
2019-08-28 19:58:55,260 | INFO  | DNAudit | user=null | ip=null | op=WRITE_CHUNK {blockData=conID: 1 locID: 102696375025795073 bcsId: 0} | ret=SUCCESS |  
2019-08-28 19:58:55,261 | INFO  | DNAudit | user=null | ip=null | op=WRITE_CHUNK {blockData=conID: 1 locID: 102696375025795073 bcsId: 0} | ret=SUCCESS |  
2019-08-28 19:58:55,263 | INFO  | DNAudit | user=null | ip=null | op=WRITE_CHUNK {blockData=conID: 1 locID: 102696375025795073 bcsId: 0} | ret=SUCCESS |  
2019-08-28 19:58:55,263 | INFO  | DNAudit | user=null | ip=null | op=WRITE_CHUNK {blockData=conID: 1 locID: 102696375025795073 bcsId: 0} | ret=SUCCESS |  
2019-08-28 19:58:55,266 | INFO  | DNAudit | user=null | ip=null | op=WRITE_CHUNK {blockData=conID: 1 locID: 102696375025795073 bcsId: 0} | ret=SUCCESS |  
2019-08-28 19:58:55,266 | INFO  | DNAudit | user=null | ip=null | op=WRITE_CHUNK {blockData=conID: 1 locID: 102696375025795073 bcsId: 0} | ret=SUCCESS |  
2019-08-28 19:58:55,271 | INFO  | DNAudit | user=null | ip=null | op=WRITE_CHUNK {blockData=conID: 1 locID: 102696375025795073 bcsId: 0} | ret=SUCCESS |  
2019-08-28 19:58:55,275 [grpc-default-executor-1] INFO  client.GrpcClientProtocolClient (GrpcClientProtocolClient.java:onNext(255)) - client-16CB8F804E50->836fb2ea-40c7-4faf-82a4-0607f2372ff2: receive RaftClientReply:client-16CB8F804E50->836fb2ea-40c7-4faf-82a4-0607f2372ff2@group-311A19E53952, cid=14, SUCCESS, logIndex=3, commits[836fb2ea-40c7-4faf-82a4-0607f2372ff2:c3, 01143d5c-8004-4731-8abc-97382e446a21:c1, 6468f44a-274a-4bf0-805e-bf8a5cf6df50:c2]
2019-08-28 19:58:55,280 | INFO  | DNAudit | user=null | ip=null | op=WRITE_CHUNK {blockData=conID: 1 locID: 102696375025795073 bcsId: 0} | ret=SUCCESS |  
2019-08-28 19:58:55,297 | INFO  | DNAudit | user=null | ip=null | op=WRITE_CHUNK {blockData=conID: 1 locID: 102696375025795073 bcsId: 0} | ret=SUCCESS |  
2019-08-28 19:58:55,393 | INFO  | DNAudit | user=null | ip=null | op=PUT_BLOCK {blockData=[blockId=conID: 1 locID: 102696375025795073 bcsId: 0,size=200]} | ret=SUCCESS |  
2019-08-28 19:58:55,396 | INFO  | DNAudit | user=null | ip=null | op=WRITE_CHUNK {blockData=conID: 1 locID: 102696375025795073 bcsId: 0} | ret=SUCCESS |  
2019-08-28 19:58:55,397 | INFO  | DNAudit | user=null | ip=null | op=WRITE_CHUNK {blockData=conID: 1 locID: 102696375025795073 bcsId: 0} | ret=SUCCESS |  
2019-08-28 19:58:55,398 [grpc-default-executor-1] INFO  client.GrpcClientProtocolClient (GrpcClientProtocolClient.java:onNext(255)) - client-16CB8F804E50->836fb2ea-40c7-4faf-82a4-0607f2372ff2: receive RaftClientReply:client-16CB8F804E50->836fb2ea-40c7-4faf-82a4-0607f2372ff2@group-311A19E53952, cid=15, SUCCESS, logIndex=4, commits[836fb2ea-40c7-4faf-82a4-0607f2372ff2:c8, 01143d5c-8004-4731-8abc-97382e446a21:c3, 6468f44a-274a-4bf0-805e-bf8a5cf6df50:c3]
2019-08-28 19:58:55,398 | INFO  | DNAudit | user=null | ip=null | op=PUT_BLOCK {blockData=[blockId=conID: 1 locID: 102696375025795073 bcsId: 0,size=400]} | ret=SUCCESS |  
2019-08-28 19:58:55,401 [grpc-default-executor-1] INFO  client.GrpcClientProtocolClient (GrpcClientProtocolClient.java:onNext(255)) - client-16CB8F804E50->836fb2ea-40c7-4faf-82a4-0607f2372ff2: receive RaftClientReply:client-16CB8F804E50->836fb2ea-40c7-4faf-82a4-0607f2372ff2@group-311A19E53952, cid=16, SUCCESS, logIndex=5, commits[836fb2ea-40c7-4faf-82a4-0607f2372ff2:c8, 01143d5c-8004-4731-8abc-97382e446a21:c3, 6468f44a-274a-4bf0-805e-bf8a5cf6df50:c3]
2019-08-28 19:58:55,402 [grpc-default-executor-1] INFO  client.GrpcClientProtocolClient (GrpcClientProtocolClient.java:onNext(255)) - client-16CB8F804E50->836fb2ea-40c7-4faf-82a4-0607f2372ff2: receive RaftClientReply:client-16CB8F804E50->836fb2ea-40c7-4faf-82a4-0607f2372ff2@group-311A19E53952, cid=17, SUCCESS, logIndex=6, commits[836fb2ea-40c7-4faf-82a4-0607f2372ff2:c8, 01143d5c-8004-4731-8abc-97382e446a21:c3, 6468f44a-274a-4bf0-805e-bf8a5cf6df50:c3]
2019-08-28 19:58:55,403 [grpc-default-executor-1] INFO  client.GrpcClientProtocolClient (GrpcClientProtocolClient.java:onNext(255)) - client-16CB8F804E50->836fb2ea-40c7-4faf-82a4-0607f2372ff2: receive RaftClientReply:client-16CB8F804E50->836fb2ea-40c7-4faf-82a4-0607f2372ff2@group-311A19E53952, cid=18, SUCCESS, logIndex=7, commits[836fb2ea-40c7-4faf-82a4-0607f2372ff2:c8, 01143d5c-8004-4731-8abc-97382e446a21:c3, 6468f44a-274a-4bf0-805e-bf8a5cf6df50:c3]
2019-08-28 19:58:55,503 | INFO  | SCMAudit | user=jenkins1000 | ip=192.168.36.107 | op=SEND_HEARTBEAT {datanodeUUID=4b027227-a2cd-44eb-b647-10bc08a09d4f, command=[]} | ret=SUCCESS |  
2019-08-28 19:58:55,503 | INFO  | SCMAudit | user=jenkins1000 | ip=192.168.36.107 | op=SEND_HEARTBEAT {datanodeUUID=dfe079fe-b43b-4b11-9eb7-bf995535c771, command=[]} | ret=SUCCESS |  
2019-08-28 19:58:55,503 | INFO  | SCMAudit | user=jenkins1000 | ip=192.168.36.107 | op=SEND_HEARTBEAT {datanodeUUID=b0f82e7e-889f-47d6-915f-90c6ca20be67, command=[]} | ret=SUCCESS |  
2019-08-28 19:58:55,841 | INFO  | SCMAudit | user=jenkins1000 | ip=192.168.36.107 | op=SEND_HEARTBEAT {datanodeUUID=a4e818e3-a12c-49ac-9be2-dae8a36de655, command=[]} | ret=SUCCESS |  
2019-08-28 19:58:56,188 | INFO  | SCMAudit | user=jenkins1000 | ip=192.168.36.107 | op=SEND_HEARTBEAT {datanodeUUID=836fb2ea-40c7-4faf-82a4-0607f2372ff2, command=[]} | ret=SUCCESS |  
2019-08-28 19:58:56,210 | INFO  | SCMAudit | user=jenkins1000 | ip=192.168.36.107 | op=SEND_HEARTBEAT {datanodeUUID=01143d5c-8004-4731-8abc-97382e446a21, command=[]} | ret=SUCCESS |  
2019-08-28 19:58:56,210 | INFO  | SCMAudit | user=jenkins1000 | ip=192.168.36.107 | op=SEND_HEARTBEAT {datanodeUUID=6468f44a-274a-4bf0-805e-bf8a5cf6df50, command=[]} | ret=SUCCESS |  
2019-08-28 19:58:56,421 [main] WARN  scm.XceiverClientRatis (XceiverClientRatis.java:watchForCommit(262)) - 3 way commit failed on pipeline Pipeline[ Id: 41fb4bec-33b2-40da-bc0c-311a19e53952, Nodes: 6468f44a-274a-4bf0-805e-bf8a5cf6df50{ip: 192.168.36.107, host: pr-hdds-1949-jn7bv-2990118995, networkLocation: /default-rack, certSerialId: null}836fb2ea-40c7-4faf-82a4-0607f2372ff2{ip: 192.168.36.107, host: pr-hdds-1949-jn7bv-2990118995, networkLocation: /default-rack, certSerialId: null}01143d5c-8004-4731-8abc-97382e446a21{ip: 192.168.36.107, host: pr-hdds-1949-jn7bv-2990118995, networkLocation: /default-rack, certSerialId: null}, Type:RATIS, Factor:THREE, State:OPEN]
java.util.concurrent.TimeoutException
	at java.util.concurrent.CompletableFuture.timedGet(CompletableFuture.java:1771)
	at java.util.concurrent.CompletableFuture.get(CompletableFuture.java:1915)
	at org.apache.hadoop.hdds.scm.XceiverClientRatis.watchForCommit(XceiverClientRatis.java:259)
	at org.apache.hadoop.hdds.scm.storage.CommitWatcher.watchForCommit(CommitWatcher.java:194)
	at org.apache.hadoop.hdds.scm.storage.CommitWatcher.watchOnFirstIndex(CommitWatcher.java:135)
	at org.apache.hadoop.hdds.scm.storage.BlockOutputStream.watchForCommit(BlockOutputStream.java:347)
	at org.apache.hadoop.hdds.scm.storage.BlockOutputStream.handleFullBuffer(BlockOutputStream.java:324)
	at org.apache.hadoop.hdds.scm.storage.BlockOutputStream.write(BlockOutputStream.java:251)
	at org.apache.hadoop.ozone.client.io.BlockOutputStreamEntry.write(BlockOutputStreamEntry.java:129)
	at org.apache.hadoop.ozone.client.io.KeyOutputStream.handleWrite(KeyOutputStream.java:211)
	at org.apache.hadoop.ozone.client.io.KeyOutputStream.write(KeyOutputStream.java:193)
	at org.apache.hadoop.ozone.client.io.OzoneOutputStream.write(OzoneOutputStream.java:49)
	at java.io.OutputStream.write(OutputStream.java:75)
	at org.apache.hadoop.ozone.client.rpc.TestBlockOutputStreamWithFailures.test2DatanodesFailure(TestBlockOutputStreamWithFailures.java:416)
	at sun.reflect.NativeMethodAccessorImpl.invoke0(Native Method)
	at sun.reflect.NativeMethodAccessorImpl.invoke(NativeMethodAccessorImpl.java:62)
	at sun.reflect.DelegatingMethodAccessorImpl.invoke(DelegatingMethodAccessorImpl.java:43)
	at java.lang.reflect.Method.invoke(Method.java:498)
	at org.junit.runners.model.FrameworkMethod$1.runReflectiveCall(FrameworkMethod.java:47)
	at org.junit.internal.runners.model.ReflectiveCallable.run(ReflectiveCallable.java:12)
	at org.junit.runners.model.FrameworkMethod.invokeExplosively(FrameworkMethod.java:44)
	at org.junit.internal.runners.statements.InvokeMethod.evaluate(InvokeMethod.java:17)
	at org.junit.internal.runners.statements.RunBefores.evaluate(RunBefores.java:26)
	at org.junit.internal.runners.statements.RunAfters.evaluate(RunAfters.java:27)
	at org.junit.runners.ParentRunner.runLeaf(ParentRunner.java:271)
	at org.junit.runners.BlockJUnit4ClassRunner.runChild(BlockJUnit4ClassRunner.java:70)
	at org.junit.runners.BlockJUnit4ClassRunner.runChild(BlockJUnit4ClassRunner.java:50)
	at org.junit.runners.ParentRunner$3.run(ParentRunner.java:238)
	at org.junit.runners.ParentRunner$1.schedule(ParentRunner.java:63)
	at org.junit.runners.ParentRunner.runChildren(ParentRunner.java:236)
	at org.junit.runners.ParentRunner.access$000(ParentRunner.java:53)
	at org.junit.runners.ParentRunner$2.evaluate(ParentRunner.java:229)
	at org.junit.runners.ParentRunner.run(ParentRunner.java:309)
	at org.apache.maven.surefire.junit4.JUnit4Provider.execute(JUnit4Provider.java:365)
	at org.apache.maven.surefire.junit4.JUnit4Provider.executeWithRerun(JUnit4Provider.java:273)
	at org.apache.maven.surefire.junit4.JUnit4Provider.executeTestSet(JUnit4Provider.java:238)
	at org.apache.maven.surefire.junit4.JUnit4Provider.invoke(JUnit4Provider.java:159)
	at org.apache.maven.surefire.booter.ForkedBooter.invokeProviderInSameClassLoader(ForkedBooter.java:384)
	at org.apache.maven.surefire.booter.ForkedBooter.runSuitesInProcess(ForkedBooter.java:345)
	at org.apache.maven.surefire.booter.ForkedBooter.execute(ForkedBooter.java:126)
	at org.apache.maven.surefire.booter.ForkedBooter.main(ForkedBooter.java:418)
2019-08-28 19:58:56,503 | INFO  | SCMAudit | user=jenkins1000 | ip=192.168.36.107 | op=SEND_HEARTBEAT {datanodeUUID=b0f82e7e-889f-47d6-915f-90c6ca20be67, command=[]} | ret=SUCCESS |  
2019-08-28 19:58:56,503 | INFO  | SCMAudit | user=jenkins1000 | ip=192.168.36.107 | op=SEND_HEARTBEAT {datanodeUUID=dfe079fe-b43b-4b11-9eb7-bf995535c771, command=[]} | ret=SUCCESS |  
2019-08-28 19:58:56,503 | INFO  | SCMAudit | user=jenkins1000 | ip=192.168.36.107 | op=SEND_HEARTBEAT {datanodeUUID=4b027227-a2cd-44eb-b647-10bc08a09d4f, command=[]} | ret=SUCCESS |  
2019-08-28 19:58:56,841 | INFO  | SCMAudit | user=jenkins1000 | ip=192.168.36.107 | op=SEND_HEARTBEAT {datanodeUUID=a4e818e3-a12c-49ac-9be2-dae8a36de655, command=[]} | ret=SUCCESS |  
2019-08-28 19:58:57,188 | INFO  | SCMAudit | user=jenkins1000 | ip=192.168.36.107 | op=SEND_HEARTBEAT {datanodeUUID=836fb2ea-40c7-4faf-82a4-0607f2372ff2, command=[]} | ret=SUCCESS |  
2019-08-28 19:58:57,210 | INFO  | SCMAudit | user=jenkins1000 | ip=192.168.36.107 | op=SEND_HEARTBEAT {datanodeUUID=6468f44a-274a-4bf0-805e-bf8a5cf6df50, command=[]} | ret=SUCCESS |  
2019-08-28 19:58:57,210 | INFO  | SCMAudit | user=jenkins1000 | ip=192.168.36.107 | op=SEND_HEARTBEAT {datanodeUUID=01143d5c-8004-4731-8abc-97382e446a21, command=[]} | ret=SUCCESS |  
2019-08-28 19:58:57,425 [main] WARN  storage.CommitWatcher (CommitWatcher.java:watchForCommit(203)) - watchForCommit failed for index 4
java.util.concurrent.TimeoutException
	at java.util.concurrent.CompletableFuture.timedGet(CompletableFuture.java:1771)
	at java.util.concurrent.CompletableFuture.get(CompletableFuture.java:1915)
	at org.apache.hadoop.hdds.scm.XceiverClientRatis.watchForCommit(XceiverClientRatis.java:268)
	at org.apache.hadoop.hdds.scm.storage.CommitWatcher.watchForCommit(CommitWatcher.java:194)
	at org.apache.hadoop.hdds.scm.storage.CommitWatcher.watchOnFirstIndex(CommitWatcher.java:135)
	at org.apache.hadoop.hdds.scm.storage.BlockOutputStream.watchForCommit(BlockOutputStream.java:347)
	at org.apache.hadoop.hdds.scm.storage.BlockOutputStream.handleFullBuffer(BlockOutputStream.java:324)
	at org.apache.hadoop.hdds.scm.storage.BlockOutputStream.write(BlockOutputStream.java:251)
	at org.apache.hadoop.ozone.client.io.BlockOutputStreamEntry.write(BlockOutputStreamEntry.java:129)
	at org.apache.hadoop.ozone.client.io.KeyOutputStream.handleWrite(KeyOutputStream.java:211)
	at org.apache.hadoop.ozone.client.io.KeyOutputStream.write(KeyOutputStream.java:193)
	at org.apache.hadoop.ozone.client.io.OzoneOutputStream.write(OzoneOutputStream.java:49)
	at java.io.OutputStream.write(OutputStream.java:75)
	at org.apache.hadoop.ozone.client.rpc.TestBlockOutputStreamWithFailures.test2DatanodesFailure(TestBlockOutputStreamWithFailures.java:416)
	at sun.reflect.NativeMethodAccessorImpl.invoke0(Native Method)
	at sun.reflect.NativeMethodAccessorImpl.invoke(NativeMethodAccessorImpl.java:62)
	at sun.reflect.DelegatingMethodAccessorImpl.invoke(DelegatingMethodAccessorImpl.java:43)
	at java.lang.reflect.Method.invoke(Method.java:498)
	at org.junit.runners.model.FrameworkMethod$1.runReflectiveCall(FrameworkMethod.java:47)
	at org.junit.internal.runners.model.ReflectiveCallable.run(ReflectiveCallable.java:12)
	at org.junit.runners.model.FrameworkMethod.invokeExplosively(FrameworkMethod.java:44)
	at org.junit.internal.runners.statements.InvokeMethod.evaluate(InvokeMethod.java:17)
	at org.junit.internal.runners.statements.RunBefores.evaluate(RunBefores.java:26)
	at org.junit.internal.runners.statements.RunAfters.evaluate(RunAfters.java:27)
	at org.junit.runners.ParentRunner.runLeaf(ParentRunner.java:271)
	at org.junit.runners.BlockJUnit4ClassRunner.runChild(BlockJUnit4ClassRunner.java:70)
	at org.junit.runners.BlockJUnit4ClassRunner.runChild(BlockJUnit4ClassRunner.java:50)
	at org.junit.runners.ParentRunner$3.run(ParentRunner.java:238)
	at org.junit.runners.ParentRunner$1.schedule(ParentRunner.java:63)
	at org.junit.runners.ParentRunner.runChildren(ParentRunner.java:236)
	at org.junit.runners.ParentRunner.access$000(ParentRunner.java:53)
	at org.junit.runners.ParentRunner$2.evaluate(ParentRunner.java:229)
	at org.junit.runners.ParentRunner.run(ParentRunner.java:309)
	at org.apache.maven.surefire.junit4.JUnit4Provider.execute(JUnit4Provider.java:365)
	at org.apache.maven.surefire.junit4.JUnit4Provider.executeWithRerun(JUnit4Provider.java:273)
	at org.apache.maven.surefire.junit4.JUnit4Provider.executeTestSet(JUnit4Provider.java:238)
	at org.apache.maven.surefire.junit4.JUnit4Provider.invoke(JUnit4Provider.java:159)
	at org.apache.maven.surefire.booter.ForkedBooter.invokeProviderInSameClassLoader(ForkedBooter.java:384)
	at org.apache.maven.surefire.booter.ForkedBooter.runSuitesInProcess(ForkedBooter.java:345)
	at org.apache.maven.surefire.booter.ForkedBooter.execute(ForkedBooter.java:126)
	at org.apache.maven.surefire.booter.ForkedBooter.main(ForkedBooter.java:418)
2019-08-28 19:58:57,428 [main] WARN  io.KeyOutputStream (KeyOutputStream.java:handleException(276)) - Encountered exception java.io.IOException: Unexpected Storage Container Exception: java.io.IOException: Unexpected Storage Container Exception: java.util.concurrent.TimeoutException on the pipeline Pipeline[ Id: 41fb4bec-33b2-40da-bc0c-311a19e53952, Nodes: 6468f44a-274a-4bf0-805e-bf8a5cf6df50{ip: 192.168.36.107, host: pr-hdds-1949-jn7bv-2990118995, networkLocation: /default-rack, certSerialId: null}836fb2ea-40c7-4faf-82a4-0607f2372ff2{ip: 192.168.36.107, host: pr-hdds-1949-jn7bv-2990118995, networkLocation: /default-rack, certSerialId: null}01143d5c-8004-4731-8abc-97382e446a21{ip: 192.168.36.107, host: pr-hdds-1949-jn7bv-2990118995, networkLocation: /default-rack, certSerialId: null}, Type:RATIS, Factor:THREE, State:OPEN]. The last committed block length is 0, uncommitted data length is 400 retry count 0
2019-08-28 19:58:57,461 | INFO  | SCMAudit | user=jenkins1000 | ip=127.0.0.1 | op=ALLOCATE_BLOCK {owner=d4b6ebf8-37a4-4674-9690-061ea6102c1b, size=800, type=RATIS, factor=THREE} | ret=SUCCESS |  
2019-08-28 19:58:57,463 | INFO  | OMAudit | user=jenkins1000 | ip=127.0.0.1 | op=ALLOCATE_BLOCK {volume=testblockoutputstream, bucket=testblockoutputstream, key=da98db48-a4fa-405c-9916-e25c192c1e46, dataSize=0, replicationType=null, replicationFactor=null, keyLocationInfo=null, clientID=102696375023632384} | ret=SUCCESS |  
2019-08-28 19:58:57,502 | INFO  | SCMAudit | user=jenkins1000 | ip=192.168.36.107 | op=SEND_HEARTBEAT {datanodeUUID=4b027227-a2cd-44eb-b647-10bc08a09d4f, command=[]} | ret=SUCCESS |  
2019-08-28 19:58:57,502 | INFO  | SCMAudit | user=jenkins1000 | ip=192.168.36.107 | op=SEND_HEARTBEAT {datanodeUUID=dfe079fe-b43b-4b11-9eb7-bf995535c771, command=[]} | ret=SUCCESS |  
2019-08-28 19:58:57,502 | INFO  | SCMAudit | user=jenkins1000 | ip=192.168.36.107 | op=SEND_HEARTBEAT {datanodeUUID=b0f82e7e-889f-47d6-915f-90c6ca20be67, command=[]} | ret=SUCCESS |  
2019-08-28 19:58:57,714 | INFO  | DNAudit | user=null | ip=null | op=WRITE_CHUNK {blockData=conID: 2 locID: 102696375907844098 bcsId: 0} | ret=SUCCESS |  
2019-08-28 19:58:57,714 | INFO  | DNAudit | user=null | ip=null | op=WRITE_CHUNK {blockData=conID: 2 locID: 102696375907844098 bcsId: 0} | ret=SUCCESS |  
2019-08-28 19:58:57,714 | INFO  | DNAudit | user=null | ip=null | op=WRITE_CHUNK {blockData=conID: 2 locID: 102696375907844098 bcsId: 0} | ret=SUCCESS |  
2019-08-28 19:58:57,714 | INFO  | SCMAudit | user=jenkins1000 | ip=192.168.36.107 | op=SEND_HEARTBEAT {datanodeUUID=a4e818e3-a12c-49ac-9be2-dae8a36de655, command=[]} | ret=SUCCESS |  
2019-08-28 19:58:57,714 | INFO  | SCMAudit | user=jenkins1000 | ip=192.168.36.107 | op=SEND_HEARTBEAT {datanodeUUID=4b027227-a2cd-44eb-b647-10bc08a09d4f, command=[]} | ret=SUCCESS |  
2019-08-28 19:58:57,714 | INFO  | SCMAudit | user=jenkins1000 | ip=192.168.36.107 | op=SEND_HEARTBEAT {datanodeUUID=b0f82e7e-889f-47d6-915f-90c6ca20be67, command=[]} | ret=SUCCESS |  
2019-08-28 19:58:57,751 | INFO  | DNAudit | user=null | ip=null | op=WRITE_CHUNK {blockData=conID: 2 locID: 102696375907844098 bcsId: 0} | ret=SUCCESS |  
2019-08-28 19:58:57,758 [grpc-default-executor-4] INFO  client.GrpcClientProtocolClient (GrpcClientProtocolClient.java:onNext(255)) - client-E768F942E17F->b0f82e7e-889f-47d6-915f-90c6ca20be67: receive RaftClientReply:client-E768F942E17F->b0f82e7e-889f-47d6-915f-90c6ca20be67@group-37E0854835AC, cid=21, SUCCESS, logIndex=1, commits[b0f82e7e-889f-47d6-915f-90c6ca20be67:c1, 4b027227-a2cd-44eb-b647-10bc08a09d4f:c0, a4e818e3-a12c-49ac-9be2-dae8a36de655:c0]
2019-08-28 19:58:57,765 | INFO  | DNAudit | user=null | ip=null | op=WRITE_CHUNK {blockData=conID: 2 locID: 102696375907844098 bcsId: 0} | ret=SUCCESS |  
2019-08-28 19:58:57,767 | INFO  | DNAudit | user=null | ip=null | op=WRITE_CHUNK {blockData=conID: 2 locID: 102696375907844098 bcsId: 0} | ret=SUCCESS |  
2019-08-28 19:58:57,767 | INFO  | DNAudit | user=null | ip=null | op=WRITE_CHUNK {blockData=conID: 2 locID: 102696375907844098 bcsId: 0} | ret=SUCCESS |  
2019-08-28 19:58:57,768 | INFO  | DNAudit | user=null | ip=null | op=WRITE_CHUNK {blockData=conID: 2 locID: 102696375907844098 bcsId: 0} | ret=SUCCESS |  
2019-08-28 19:58:57,768 | INFO  | DNAudit | user=null | ip=null | op=WRITE_CHUNK {blockData=conID: 2 locID: 102696375907844098 bcsId: 0} | ret=SUCCESS |  
2019-08-28 19:58:57,768 | INFO  | DNAudit | user=null | ip=null | op=WRITE_CHUNK {blockData=conID: 2 locID: 102696375907844098 bcsId: 0} | ret=SUCCESS |  
2019-08-28 19:58:57,769 | INFO  | DNAudit | user=null | ip=null | op=WRITE_CHUNK {blockData=conID: 2 locID: 102696375907844098 bcsId: 0} | ret=SUCCESS |  
2019-08-28 19:58:57,770 | INFO  | DNAudit | user=null | ip=null | op=WRITE_CHUNK {blockData=conID: 2 locID: 102696375907844098 bcsId: 0} | ret=SUCCESS |  
2019-08-28 19:58:57,770 | INFO  | DNAudit | user=null | ip=null | op=WRITE_CHUNK {blockData=conID: 2 locID: 102696375907844098 bcsId: 0} | ret=SUCCESS |  
2019-08-28 19:58:57,793 [grpc-default-executor-3] INFO  client.GrpcClientProtocolClient (GrpcClientProtocolClient.java:onNext(255)) - client-16CB8F804E50->836fb2ea-40c7-4faf-82a4-0607f2372ff2: receive RaftClientReply:client-16CB8F804E50->836fb2ea-40c7-4faf-82a4-0607f2372ff2@group-311A19E53952, cid=20, SUCCESS, logIndex=0, commits[836fb2ea-40c7-4faf-82a4-0607f2372ff2:c8, 01143d5c-8004-4731-8abc-97382e446a21:c3, 6468f44a-274a-4bf0-805e-bf8a5cf6df50:c8]
2019-08-28 19:58:57,797 | INFO  | DNAudit | user=null | ip=null | op=WRITE_CHUNK {blockData=conID: 2 locID: 102696375907844098 bcsId: 0} | ret=SUCCESS |  
2019-08-28 19:58:57,797 | INFO  | DNAudit | user=null | ip=null | op=WRITE_CHUNK {blockData=conID: 2 locID: 102696375907844098 bcsId: 0} | ret=SUCCESS |  
2019-08-28 19:58:57,798 | INFO  | DNAudit | user=null | ip=null | op=WRITE_CHUNK {blockData=conID: 2 locID: 102696375907844098 bcsId: 0} | ret=SUCCESS |  
2019-08-28 19:58:57,805 [grpc-default-executor-4] INFO  client.GrpcClientProtocolClient (GrpcClientProtocolClient.java:onNext(255)) - client-E768F942E17F->b0f82e7e-889f-47d6-915f-90c6ca20be67: receive RaftClientReply:client-E768F942E17F->b0f82e7e-889f-47d6-915f-90c6ca20be67@group-37E0854835AC, cid=22, SUCCESS, logIndex=3, commits[b0f82e7e-889f-47d6-915f-90c6ca20be67:c4, 4b027227-a2cd-44eb-b647-10bc08a09d4f:c1, a4e818e3-a12c-49ac-9be2-dae8a36de655:c1]
2019-08-28 19:58:57,807 [grpc-default-executor-0] INFO  client.GrpcClientProtocolClient (GrpcClientProtocolClient.java:onNext(255)) - client-16CB8F804E50->836fb2ea-40c7-4faf-82a4-0607f2372ff2: receive RaftClientReply:client-16CB8F804E50->836fb2ea-40c7-4faf-82a4-0607f2372ff2@group-311A19E53952, cid=19, SUCCESS, logIndex=0, commits[836fb2ea-40c7-4faf-82a4-0607f2372ff2:c8, 01143d5c-8004-4731-8abc-97382e446a21:c8, 6468f44a-274a-4bf0-805e-bf8a5cf6df50:c8]
2019-08-28 19:58:57,814 | INFO  | DNAudit | user=null | ip=null | op=WRITE_CHUNK {blockData=conID: 2 locID: 102696375907844098 bcsId: 0} | ret=SUCCESS |  
2019-08-28 19:58:57,816 | INFO  | DNAudit | user=null | ip=null | op=WRITE_CHUNK {blockData=conID: 2 locID: 102696375907844098 bcsId: 0} | ret=SUCCESS |  
2019-08-28 19:58:57,850 | INFO  | DNAudit | user=null | ip=null | op=PUT_BLOCK {blockData=[blockId=conID: 1 locID: 102696375025795073 bcsId: 0,size=200]} | ret=SUCCESS |  
2019-08-28 19:58:57,851 | INFO  | DNAudit | user=null | ip=null | op=WRITE_CHUNK {blockData=conID: 1 locID: 102696375025795073 bcsId: 0} | ret=SUCCESS |  
2019-08-28 19:58:57,851 | INFO  | DNAudit | user=null | ip=null | op=WRITE_CHUNK {blockData=conID: 1 locID: 102696375025795073 bcsId: 0} | ret=SUCCESS |  
2019-08-28 19:58:57,923 | INFO  | DNAudit | user=null | ip=null | op=PUT_BLOCK {blockData=[blockId=conID: 2 locID: 102696375907844098 bcsId: 0,size=200]} | ret=SUCCESS |  
2019-08-28 19:58:57,925 | INFO  | DNAudit | user=null | ip=null | op=WRITE_CHUNK {blockData=conID: 2 locID: 102696375907844098 bcsId: 0} | ret=SUCCESS |  
2019-08-28 19:58:57,926 | INFO  | DNAudit | user=null | ip=null | op=WRITE_CHUNK {blockData=conID: 2 locID: 102696375907844098 bcsId: 0} | ret=SUCCESS |  
2019-08-28 19:58:57,927 [grpc-default-executor-4] INFO  client.GrpcClientProtocolClient (GrpcClientProtocolClient.java:onNext(255)) - client-E768F942E17F->b0f82e7e-889f-47d6-915f-90c6ca20be67: receive RaftClientReply:client-E768F942E17F->b0f82e7e-889f-47d6-915f-90c6ca20be67@group-37E0854835AC, cid=23, SUCCESS, logIndex=4, commits[b0f82e7e-889f-47d6-915f-90c6ca20be67:c12, 4b027227-a2cd-44eb-b647-10bc08a09d4f:c7, a4e818e3-a12c-49ac-9be2-dae8a36de655:c7]
2019-08-28 19:58:57,928 [grpc-default-executor-4] INFO  client.GrpcClientProtocolClient (GrpcClientProtocolClient.java:onNext(255)) - client-E768F942E17F->b0f82e7e-889f-47d6-915f-90c6ca20be67: receive RaftClientReply:client-E768F942E17F->b0f82e7e-889f-47d6-915f-90c6ca20be67@group-37E0854835AC, cid=24, SUCCESS, logIndex=5, commits[b0f82e7e-889f-47d6-915f-90c6ca20be67:c12, 4b027227-a2cd-44eb-b647-10bc08a09d4f:c7, a4e818e3-a12c-49ac-9be2-dae8a36de655:c7]
2019-08-28 19:58:57,929 [grpc-default-executor-4] INFO  client.GrpcClientProtocolClient (GrpcClientProtocolClient.java:onNext(255)) - client-E768F942E17F->b0f82e7e-889f-47d6-915f-90c6ca20be67: receive RaftClientReply:client-E768F942E17F->b0f82e7e-889f-47d6-915f-90c6ca20be67@group-37E0854835AC, cid=25, SUCCESS, logIndex=6, commits[b0f82e7e-889f-47d6-915f-90c6ca20be67:c12, 4b027227-a2cd-44eb-b647-10bc08a09d4f:c7, a4e818e3-a12c-49ac-9be2-dae8a36de655:c7]
2019-08-28 19:58:58,052 | INFO  | DNAudit | user=null | ip=null | op=PUT_BLOCK {blockData=[blockId=conID: 1 locID: 102696375025795073 bcsId: 0,size=200]} | ret=SUCCESS |  
2019-08-28 19:58:58,053 | INFO  | DNAudit | user=null | ip=null | op=WRITE_CHUNK {blockData=conID: 1 locID: 102696375025795073 bcsId: 0} | ret=SUCCESS |  
2019-08-28 19:58:58,054 | INFO  | DNAudit | user=null | ip=null | op=WRITE_CHUNK {blockData=conID: 1 locID: 102696375025795073 bcsId: 0} | ret=SUCCESS |  
2019-08-28 19:58:58,135 | INFO  | DNAudit | user=null | ip=null | op=PUT_BLOCK {blockData=[blockId=conID: 2 locID: 102696375907844098 bcsId: 0,size=200]} | ret=SUCCESS |  
2019-08-28 19:58:58,137 | INFO  | DNAudit | user=null | ip=null | op=WRITE_CHUNK {blockData=conID: 2 locID: 102696375907844098 bcsId: 0} | ret=SUCCESS |  
2019-08-28 19:58:58,138 | INFO  | DNAudit | user=null | ip=null | op=WRITE_CHUNK {blockData=conID: 2 locID: 102696375907844098 bcsId: 0} | ret=SUCCESS |  
2019-08-28 19:58:58,188 | INFO  | SCMAudit | user=jenkins1000 | ip=192.168.36.107 | op=SEND_HEARTBEAT {datanodeUUID=836fb2ea-40c7-4faf-82a4-0607f2372ff2, command=[]} | ret=SUCCESS |  
2019-08-28 19:58:58,210 | INFO  | SCMAudit | user=jenkins1000 | ip=192.168.36.107 | op=SEND_HEARTBEAT {datanodeUUID=01143d5c-8004-4731-8abc-97382e446a21, command=[]} | ret=SUCCESS |  
2019-08-28 19:58:58,210 | INFO  | SCMAudit | user=jenkins1000 | ip=192.168.36.107 | op=SEND_HEARTBEAT {datanodeUUID=6468f44a-274a-4bf0-805e-bf8a5cf6df50, command=[]} | ret=SUCCESS |  
2019-08-28 19:58:58,223 | INFO  | DNAudit | user=null | ip=null | op=PUT_BLOCK {blockData=[blockId=conID: 2 locID: 102696375907844098 bcsId: 0,size=400]} | ret=SUCCESS |  
2019-08-28 19:58:58,223 | INFO  | DNAudit | user=null | ip=null | op=PUT_BLOCK {blockData=[blockId=conID: 1 locID: 102696375025795073 bcsId: 0,size=400]} | ret=SUCCESS |  
2019-08-28 19:58:58,223 | INFO  | DNAudit | user=null | ip=null | op=PUT_BLOCK {blockData=[blockId=conID: 1 locID: 102696375025795073 bcsId: 0,size=400]} | ret=SUCCESS |  
2019-08-28 19:58:58,223 | INFO  | DNAudit | user=null | ip=null | op=PUT_BLOCK {blockData=[blockId=conID: 2 locID: 102696375907844098 bcsId: 0,size=400]} | ret=SUCCESS |  
2019-08-28 19:58:58,223 | INFO  | DNAudit | user=null | ip=null | op=PUT_BLOCK {blockData=[blockId=conID: 2 locID: 102696375907844098 bcsId: 0,size=200]} | ret=SUCCESS |  
2019-08-28 19:58:58,224 | INFO  | DNAudit | user=null | ip=null | op=WRITE_CHUNK {blockData=conID: 2 locID: 102696375907844098 bcsId: 0} | ret=SUCCESS |  
2019-08-28 19:58:58,225 | INFO  | DNAudit | user=null | ip=null | op=WRITE_CHUNK {blockData=conID: 2 locID: 102696375907844098 bcsId: 0} | ret=SUCCESS |  
2019-08-28 19:58:58,228 [grpc-default-executor-4] INFO  client.GrpcClientProtocolClient (GrpcClientProtocolClient.java:onNext(255)) - client-E768F942E17F->b0f82e7e-889f-47d6-915f-90c6ca20be67: receive RaftClientReply:client-E768F942E17F->b0f82e7e-889f-47d6-915f-90c6ca20be67@group-37E0854835AC, cid=26, SUCCESS, logIndex=7, commits[b0f82e7e-889f-47d6-915f-90c6ca20be67:c12, 4b027227-a2cd-44eb-b647-10bc08a09d4f:c7, a4e818e3-a12c-49ac-9be2-dae8a36de655:c7]
2019-08-28 19:58:58,229 | INFO  | DNAudit | user=null | ip=null | op=PUT_BLOCK {blockData=[blockId=conID: 2 locID: 102696375907844098 bcsId: 0,size=400]} | ret=SUCCESS |  
2019-08-28 19:58:58,239 [main] INFO  ozone.MiniOzoneClusterImpl (MiniOzoneClusterImpl.java:shutdown(309)) - Shutting down the Mini Ozone Cluster
2019-08-28 19:58:58,239 | INFO  | SCMAudit | user=null | ip=null | op=GET_SCM_INFO null | ret=SUCCESS |  
2019-08-28 19:58:58,240 [main] INFO  ozone.MiniOzoneClusterImpl (MiniOzoneClusterImpl.java:stop(325)) - Stopping the Mini Ozone Cluster
2019-08-28 19:58:58,240 [main] INFO  ozone.MiniOzoneClusterImpl (MiniOzoneClusterImpl.java:stopOM(395)) - Stopping the OzoneManager
2019-08-28 19:58:58,240 [main] INFO  ipc.Server (Server.java:stop(3082)) - Stopping server on 32929
2019-08-28 19:58:58,248 [main] INFO  ratis.OzoneManagerDoubleBuffer (OzoneManagerDoubleBuffer.java:stop(248)) - Stopping OMDoubleBuffer flush thread
2019-08-28 19:58:58,252 [IPC Server Responder] INFO  ipc.Server (Server.java:run(1319)) - Stopping IPC Server Responder
2019-08-28 19:58:58,250 [IPC Server listener on 32929] INFO  ipc.Server (Server.java:run(1185)) - Stopping IPC Server listener on 32929
2019-08-28 19:58:58,264 [OMDoubleBufferFlushThread] INFO  ratis.OzoneManagerDoubleBuffer (OzoneManagerDoubleBuffer.java:flushTransactions(191)) - OMDoubleBuffer flush thread OMDoubleBufferFlushThread is interrupted and will exit. OMDoubleBufferFlushThread
2019-08-28 19:58:58,275 [main] INFO  utils.BackgroundService (BackgroundService.java:shutdown(148)) - Shutting down service KeyDeletingService
2019-08-28 19:58:58,278 [main] INFO  handler.ContextHandler (ContextHandler.java:doStop(910)) - Stopped o.e.j.w.WebAppContext@16a9a4f1{/,null,UNAVAILABLE}{/ozoneManager}
2019-08-28 19:58:58,283 [main] INFO  server.AbstractConnector (AbstractConnector.java:doStop(318)) - Stopped ServerConnector@1f1cae23{HTTP/1.1,[http/1.1]}{0.0.0.0:0}
2019-08-28 19:58:58,284 [main] INFO  handler.ContextHandler (ContextHandler.java:doStop(910)) - Stopped o.e.j.s.ServletContextHandler@79ab34c1{/static,file:///workdir/hadoop-ozone/integration-test/target/test-classes/webapps/static,UNAVAILABLE}
2019-08-28 19:58:58,284 [main] INFO  handler.ContextHandler (ContextHandler.java:doStop(910)) - Stopped o.e.j.s.ServletContextHandler@1f443fae{/logs,file:///workdir/hadoop-ozone/integration-test/target/log,UNAVAILABLE}
2019-08-28 19:58:58,287 [main] INFO  ozone.MiniOzoneClusterImpl (MiniOzoneClusterImpl.java:stopDatanodes(372)) - Stopping the HddsDatanodes
2019-08-28 19:58:58,502 [Datanode State Machine Thread - 0] INFO  statemachine.DatanodeStateMachine (DatanodeStateMachine.java:lambda$startDaemon$0(350)) - Ozone container server started.
2019-08-28 19:58:58,713 | INFO  | SCMAudit | user=jenkins1000 | ip=192.168.36.107 | op=SEND_HEARTBEAT {datanodeUUID=4b027227-a2cd-44eb-b647-10bc08a09d4f, command=[]} | ret=SUCCESS |  
2019-08-28 19:58:58,713 | INFO  | SCMAudit | user=jenkins1000 | ip=192.168.36.107 | op=SEND_HEARTBEAT {datanodeUUID=b0f82e7e-889f-47d6-915f-90c6ca20be67, command=[]} | ret=SUCCESS |  
2019-08-28 19:58:58,713 | INFO  | SCMAudit | user=jenkins1000 | ip=192.168.36.107 | op=SEND_HEARTBEAT {datanodeUUID=a4e818e3-a12c-49ac-9be2-dae8a36de655, command=[]} | ret=SUCCESS |  
2019-08-28 19:58:59,189 | INFO  | SCMAudit | user=jenkins1000 | ip=192.168.36.107 | op=SEND_HEARTBEAT {datanodeUUID=836fb2ea-40c7-4faf-82a4-0607f2372ff2, command=[]} | ret=SUCCESS |  
2019-08-28 19:58:59,210 | INFO  | SCMAudit | user=jenkins1000 | ip=192.168.36.107 | op=SEND_HEARTBEAT {datanodeUUID=01143d5c-8004-4731-8abc-97382e446a21, command=[]} | ret=SUCCESS |  
2019-08-28 19:58:59,209 [Datanode State Machine Thread - 0] INFO  statemachine.DatanodeStateMachine (DatanodeStateMachine.java:lambda$startDaemon$0(350)) - Ozone container server started.
2019-08-28 19:58:59,713 | INFO  | SCMAudit | user=jenkins1000 | ip=192.168.36.107 | op=SEND_HEARTBEAT {datanodeUUID=b0f82e7e-889f-47d6-915f-90c6ca20be67, command=[]} | ret=SUCCESS |  
2019-08-28 19:58:59,713 | INFO  | SCMAudit | user=jenkins1000 | ip=192.168.36.107 | op=SEND_HEARTBEAT {datanodeUUID=a4e818e3-a12c-49ac-9be2-dae8a36de655, command=[]} | ret=SUCCESS |  
2019-08-28 19:58:59,713 | INFO  | SCMAudit | user=jenkins1000 | ip=192.168.36.107 | op=SEND_HEARTBEAT {datanodeUUID=4b027227-a2cd-44eb-b647-10bc08a09d4f, command=[]} | ret=SUCCESS |  
2019-08-28 19:59:00,189 | INFO  | SCMAudit | user=jenkins1000 | ip=192.168.36.107 | op=SEND_HEARTBEAT {datanodeUUID=836fb2ea-40c7-4faf-82a4-0607f2372ff2, command=[]} | ret=SUCCESS |  
2019-08-28 19:59:00,210 | INFO  | SCMAudit | user=jenkins1000 | ip=192.168.36.107 | op=SEND_HEARTBEAT {datanodeUUID=01143d5c-8004-4731-8abc-97382e446a21, command=[]} | ret=SUCCESS |  
2019-08-28 19:59:00,713 | INFO  | SCMAudit | user=jenkins1000 | ip=192.168.36.107 | op=SEND_HEARTBEAT {datanodeUUID=4b027227-a2cd-44eb-b647-10bc08a09d4f, command=[]} | ret=SUCCESS |  
2019-08-28 19:59:00,713 | INFO  | SCMAudit | user=jenkins1000 | ip=192.168.36.107 | op=SEND_HEARTBEAT {datanodeUUID=a4e818e3-a12c-49ac-9be2-dae8a36de655, command=[]} | ret=SUCCESS |  
2019-08-28 19:59:00,713 | INFO  | SCMAudit | user=jenkins1000 | ip=192.168.36.107 | op=SEND_HEARTBEAT {datanodeUUID=b0f82e7e-889f-47d6-915f-90c6ca20be67, command=[]} | ret=SUCCESS |  
2019-08-28 19:59:01,189 | INFO  | SCMAudit | user=jenkins1000 | ip=192.168.36.107 | op=SEND_HEARTBEAT {datanodeUUID=836fb2ea-40c7-4faf-82a4-0607f2372ff2, command=[]} | ret=SUCCESS |  
2019-08-28 19:59:01,210 | INFO  | SCMAudit | user=jenkins1000 | ip=192.168.36.107 | op=SEND_HEARTBEAT {datanodeUUID=01143d5c-8004-4731-8abc-97382e446a21, command=[]} | ret=SUCCESS |  
2019-08-28 19:59:01,713 | INFO  | SCMAudit | user=jenkins1000 | ip=192.168.36.107 | op=SEND_HEARTBEAT {datanodeUUID=4b027227-a2cd-44eb-b647-10bc08a09d4f, command=[]} | ret=SUCCESS |  
2019-08-28 19:59:01,713 | INFO  | SCMAudit | user=jenkins1000 | ip=192.168.36.107 | op=SEND_HEARTBEAT {datanodeUUID=b0f82e7e-889f-47d6-915f-90c6ca20be67, command=[]} | ret=SUCCESS |  
2019-08-28 19:59:01,713 | INFO  | SCMAudit | user=jenkins1000 | ip=192.168.36.107 | op=SEND_HEARTBEAT {datanodeUUID=a4e818e3-a12c-49ac-9be2-dae8a36de655, command=[]} | ret=SUCCESS |  
2019-08-28 19:59:02,189 | INFO  | SCMAudit | user=jenkins1000 | ip=192.168.36.107 | op=SEND_HEARTBEAT {datanodeUUID=836fb2ea-40c7-4faf-82a4-0607f2372ff2, command=[]} | ret=SUCCESS |  
2019-08-28 19:59:02,209 | INFO  | SCMAudit | user=jenkins1000 | ip=192.168.36.107 | op=SEND_HEARTBEAT {datanodeUUID=01143d5c-8004-4731-8abc-97382e446a21, command=[]} | ret=SUCCESS |  
2019-08-28 19:59:02,585 [EventQueue-StaleNodeForStaleNodeHandler] INFO  node.StaleNodeHandler (StaleNodeHandler.java:onMessage(58)) - Datanode dfe079fe-b43b-4b11-9eb7-bf995535c771{ip: 192.168.36.107, host: pr-hdds-1949-jn7bv-2990118995, networkLocation: /default-rack, certSerialId: null} moved to stale state. Finalizing its pipelines [PipelineID=b2256b4b-7202-48a4-97be-a0678f5f3d93]
2019-08-28 19:59:02,585 [EventQueue-StaleNodeForStaleNodeHandler] INFO  pipeline.SCMPipelineManager (SCMPipelineManager.java:finalizeAndDestroyPipeline(309)) - destroying pipeline:Pipeline[ Id: b2256b4b-7202-48a4-97be-a0678f5f3d93, Nodes: dfe079fe-b43b-4b11-9eb7-bf995535c771{ip: 192.168.36.107, host: pr-hdds-1949-jn7bv-2990118995, networkLocation: /default-rack, certSerialId: null}, Type:RATIS, Factor:ONE, State:OPEN]
2019-08-28 19:59:02,587 [EventQueue-StaleNodeForStaleNodeHandler] INFO  pipeline.PipelineStateManager (PipelineStateManager.java:finalizePipeline(123)) - Pipeline Pipeline[ Id: b2256b4b-7202-48a4-97be-a0678f5f3d93, Nodes: dfe079fe-b43b-4b11-9eb7-bf995535c771{ip: 192.168.36.107, host: pr-hdds-1949-jn7bv-2990118995, networkLocation: /default-rack, certSerialId: null}, Type:RATIS, Factor:ONE, State:CLOSED] moved to CLOSED state
2019-08-28 19:59:02,713 | INFO  | SCMAudit | user=jenkins1000 | ip=192.168.36.107 | op=SEND_HEARTBEAT {datanodeUUID=b0f82e7e-889f-47d6-915f-90c6ca20be67, command=[]} | ret=SUCCESS |  
2019-08-28 19:59:02,713 | INFO  | SCMAudit | user=jenkins1000 | ip=192.168.36.107 | op=SEND_HEARTBEAT {datanodeUUID=4b027227-a2cd-44eb-b647-10bc08a09d4f, command=[]} | ret=SUCCESS |  
2019-08-28 19:59:02,713 | INFO  | SCMAudit | user=jenkins1000 | ip=192.168.36.107 | op=SEND_HEARTBEAT {datanodeUUID=a4e818e3-a12c-49ac-9be2-dae8a36de655, command=[]} | ret=SUCCESS |  
2019-08-28 19:59:03,189 | INFO  | SCMAudit | user=jenkins1000 | ip=192.168.36.107 | op=SEND_HEARTBEAT {datanodeUUID=836fb2ea-40c7-4faf-82a4-0607f2372ff2, command=[]} | ret=SUCCESS |  
2019-08-28 19:59:03,210 | INFO  | SCMAudit | user=jenkins1000 | ip=192.168.36.107 | op=SEND_HEARTBEAT {datanodeUUID=01143d5c-8004-4731-8abc-97382e446a21, command=[]} | ret=SUCCESS |  
2019-08-28 19:59:03,286 [EventQueue-StaleNodeForStaleNodeHandler] INFO  node.StaleNodeHandler (StaleNodeHandler.java:onMessage(58)) - Datanode 6468f44a-274a-4bf0-805e-bf8a5cf6df50{ip: 192.168.36.107, host: pr-hdds-1949-jn7bv-2990118995, networkLocation: /default-rack, certSerialId: null} moved to stale state. Finalizing its pipelines [PipelineID=04a14922-a192-43c6-8750-894b53d06086, PipelineID=41fb4bec-33b2-40da-bc0c-311a19e53952]
2019-08-28 19:59:03,286 [EventQueue-StaleNodeForStaleNodeHandler] INFO  pipeline.SCMPipelineManager (SCMPipelineManager.java:finalizeAndDestroyPipeline(309)) - destroying pipeline:Pipeline[ Id: 04a14922-a192-43c6-8750-894b53d06086, Nodes: 6468f44a-274a-4bf0-805e-bf8a5cf6df50{ip: 192.168.36.107, host: pr-hdds-1949-jn7bv-2990118995, networkLocation: /default-rack, certSerialId: null}, Type:RATIS, Factor:ONE, State:OPEN]
2019-08-28 19:59:03,287 [EventQueue-StaleNodeForStaleNodeHandler] INFO  pipeline.PipelineStateManager (PipelineStateManager.java:finalizePipeline(123)) - Pipeline Pipeline[ Id: 04a14922-a192-43c6-8750-894b53d06086, Nodes: 6468f44a-274a-4bf0-805e-bf8a5cf6df50{ip: 192.168.36.107, host: pr-hdds-1949-jn7bv-2990118995, networkLocation: /default-rack, certSerialId: null}, Type:RATIS, Factor:ONE, State:CLOSED] moved to CLOSED state
2019-08-28 19:59:03,287 [EventQueue-StaleNodeForStaleNodeHandler] INFO  pipeline.SCMPipelineManager (SCMPipelineManager.java:finalizeAndDestroyPipeline(309)) - destroying pipeline:Pipeline[ Id: 41fb4bec-33b2-40da-bc0c-311a19e53952, Nodes: 6468f44a-274a-4bf0-805e-bf8a5cf6df50{ip: 192.168.36.107, host: pr-hdds-1949-jn7bv-2990118995, networkLocation: /default-rack, certSerialId: null}836fb2ea-40c7-4faf-82a4-0607f2372ff2{ip: 192.168.36.107, host: pr-hdds-1949-jn7bv-2990118995, networkLocation: /default-rack, certSerialId: null}01143d5c-8004-4731-8abc-97382e446a21{ip: 192.168.36.107, host: pr-hdds-1949-jn7bv-2990118995, networkLocation: /default-rack, certSerialId: null}, Type:RATIS, Factor:THREE, State:OPEN]
2019-08-28 19:59:03,287 [EventQueue-StaleNodeForStaleNodeHandler] INFO  pipeline.PipelineStateManager (PipelineStateManager.java:finalizePipeline(123)) - Pipeline Pipeline[ Id: 41fb4bec-33b2-40da-bc0c-311a19e53952, Nodes: 6468f44a-274a-4bf0-805e-bf8a5cf6df50{ip: 192.168.36.107, host: pr-hdds-1949-jn7bv-2990118995, networkLocation: /default-rack, certSerialId: null}836fb2ea-40c7-4faf-82a4-0607f2372ff2{ip: 192.168.36.107, host: pr-hdds-1949-jn7bv-2990118995, networkLocation: /default-rack, certSerialId: null}01143d5c-8004-4731-8abc-97382e446a21{ip: 192.168.36.107, host: pr-hdds-1949-jn7bv-2990118995, networkLocation: /default-rack, certSerialId: null}, Type:RATIS, Factor:THREE, State:CLOSED] moved to CLOSED state
2019-08-28 19:59:03,288 [EventQueue-CloseContainerForCloseContainerEventHandler] INFO  container.CloseContainerEventHandler (CloseContainerEventHandler.java:onMessage(61)) - Close container Event triggered for container : #1
2019-08-28 19:59:03,289 [ForkJoinPool.commonPool-worker-1] INFO  ozoneimpl.OzoneContainer (OzoneContainer.java:stop(215)) - Attempting to stop container services.
2019-08-28 19:59:03,289 [main] INFO  ozoneimpl.OzoneContainer (OzoneContainer.java:stop(215)) - Attempting to stop container services.
2019-08-28 19:59:03,290 [ForkJoinPool.commonPool-worker-1] INFO  impl.RaftServerProxy (RaftServerProxy.java:lambda$close$4(314)) - 6468f44a-274a-4bf0-805e-bf8a5cf6df50: close
2019-08-28 19:59:03,290 [main] INFO  impl.RaftServerProxy (RaftServerProxy.java:lambda$close$4(314)) - dfe079fe-b43b-4b11-9eb7-bf995535c771: close
2019-08-28 19:59:03,291 [ForkJoinPool.commonPool-worker-1] INFO  impl.RaftServerImpl (RaftServerImpl.java:lambda$shutdown$3(245)) - 6468f44a-274a-4bf0-805e-bf8a5cf6df50: shutdown group-894B53D06086
2019-08-28 19:59:03,291 [ForkJoinPool.commonPool-worker-1] INFO  util.JmxRegister (JmxRegister.java:unregister(73)) - Successfully un-registered JMX Bean with object name Ratis:service=RaftServer,group=group-894B53D06086,id=6468f44a-274a-4bf0-805e-bf8a5cf6df50
2019-08-28 19:59:03,291 [main] INFO  impl.RaftServerImpl (RaftServerImpl.java:lambda$shutdown$3(245)) - dfe079fe-b43b-4b11-9eb7-bf995535c771: shutdown group-A0678F5F3D93
2019-08-28 19:59:03,291 [ForkJoinPool.commonPool-worker-1] INFO  impl.RoleInfo (RoleInfo.java:shutdownLeaderState(104)) - 6468f44a-274a-4bf0-805e-bf8a5cf6df50: shutdown LeaderState
2019-08-28 19:59:03,292 [main] INFO  util.JmxRegister (JmxRegister.java:unregister(73)) - Successfully un-registered JMX Bean with object name Ratis:service=RaftServer,group=group-A0678F5F3D93,id=dfe079fe-b43b-4b11-9eb7-bf995535c771
2019-08-28 19:59:03,292 [ForkJoinPool.commonPool-worker-1] INFO  impl.PendingRequests (PendingRequests.java:sendNotLeaderResponses(202)) - 6468f44a-274a-4bf0-805e-bf8a5cf6df50-PendingRequests: sendNotLeaderResponses
2019-08-28 19:59:03,293 [main] INFO  impl.RoleInfo (RoleInfo.java:shutdownLeaderState(104)) - dfe079fe-b43b-4b11-9eb7-bf995535c771: shutdown LeaderState
2019-08-28 19:59:03,293 [main] INFO  impl.PendingRequests (PendingRequests.java:sendNotLeaderResponses(202)) - dfe079fe-b43b-4b11-9eb7-bf995535c771-PendingRequests: sendNotLeaderResponses
2019-08-28 19:59:03,297 [ForkJoinPool.commonPool-worker-1] INFO  impl.StateMachineUpdater (StateMachineUpdater.java:stopAndJoin(115)) - StateMachineUpdater:6468f44a-274a-4bf0-805e-bf8a5cf6df50:group-894B53D06086: set stopIndex = 0
2019-08-28 19:59:03,297 [main] INFO  impl.StateMachineUpdater (StateMachineUpdater.java:stopAndJoin(115)) - StateMachineUpdater:dfe079fe-b43b-4b11-9eb7-bf995535c771:group-A0678F5F3D93: set stopIndex = 0
2019-08-28 19:59:03,300 [main] INFO  impl.RaftServerImpl (ServerState.java:close(394)) - dfe079fe-b43b-4b11-9eb7-bf995535c771:group-A0678F5F3D93 closes. The last applied log index is 0
2019-08-28 19:59:03,300 [ForkJoinPool.commonPool-worker-1] INFO  impl.RaftServerImpl (ServerState.java:close(394)) - 6468f44a-274a-4bf0-805e-bf8a5cf6df50:group-894B53D06086 closes. The last applied log index is 0
2019-08-28 19:59:03,303 [6468f44a-274a-4bf0-805e-bf8a5cf6df50-SegmentedRaftLogWorker:Storage Directory /workdir/hadoop-ozone/integration-test/target/test-dir/MiniOzoneClusterImpl-0a1989d7-c66c-4856-b49a-b1e0df50d07d/datanode-1/data/ratis/04a14922-a192-43c6-8750-894b53d06086] INFO  segmented.SegmentedRaftLogWorker (SegmentedRaftLogWorker.java:run(313)) - 6468f44a-274a-4bf0-805e-bf8a5cf6df50-SegmentedRaftLogWorker:Storage Directory /workdir/hadoop-ozone/integration-test/target/test-dir/MiniOzoneClusterImpl-0a1989d7-c66c-4856-b49a-b1e0df50d07d/datanode-1/data/ratis/04a14922-a192-43c6-8750-894b53d06086 was interrupted, exiting. There are 0 tasks remaining in the queue.
2019-08-28 19:59:03,303 [dfe079fe-b43b-4b11-9eb7-bf995535c771-SegmentedRaftLogWorker:Storage Directory /workdir/hadoop-ozone/integration-test/target/test-dir/MiniOzoneClusterImpl-0a1989d7-c66c-4856-b49a-b1e0df50d07d/datanode-4/data/ratis/b2256b4b-7202-48a4-97be-a0678f5f3d93] INFO  segmented.SegmentedRaftLogWorker (SegmentedRaftLogWorker.java:run(313)) - dfe079fe-b43b-4b11-9eb7-bf995535c771-SegmentedRaftLogWorker:Storage Directory /workdir/hadoop-ozone/integration-test/target/test-dir/MiniOzoneClusterImpl-0a1989d7-c66c-4856-b49a-b1e0df50d07d/datanode-4/data/ratis/b2256b4b-7202-48a4-97be-a0678f5f3d93 was interrupted, exiting. There are 0 tasks remaining in the queue.
2019-08-28 19:59:03,307 [main] INFO  segmented.SegmentedRaftLogWorker (SegmentedRaftLogWorker.java:close(228)) - dfe079fe-b43b-4b11-9eb7-bf995535c771-SegmentedRaftLogWorker:Storage Directory /workdir/hadoop-ozone/integration-test/target/test-dir/MiniOzoneClusterImpl-0a1989d7-c66c-4856-b49a-b1e0df50d07d/datanode-4/data/ratis/b2256b4b-7202-48a4-97be-a0678f5f3d93 close()
2019-08-28 19:59:03,307 [ForkJoinPool.commonPool-worker-1] INFO  segmented.SegmentedRaftLogWorker (SegmentedRaftLogWorker.java:close(228)) - 6468f44a-274a-4bf0-805e-bf8a5cf6df50-SegmentedRaftLogWorker:Storage Directory /workdir/hadoop-ozone/integration-test/target/test-dir/MiniOzoneClusterImpl-0a1989d7-c66c-4856-b49a-b1e0df50d07d/datanode-1/data/ratis/04a14922-a192-43c6-8750-894b53d06086 close()
2019-08-28 19:59:03,315 [ForkJoinPool.commonPool-worker-1] INFO  impl.RaftServerImpl (RaftServerImpl.java:lambda$shutdown$3(245)) - 6468f44a-274a-4bf0-805e-bf8a5cf6df50: shutdown group-311A19E53952
2019-08-28 19:59:03,315 [ForkJoinPool.commonPool-worker-1] INFO  util.JmxRegister (JmxRegister.java:unregister(73)) - Successfully un-registered JMX Bean with object name Ratis:service=RaftServer,group=group-311A19E53952,id=6468f44a-274a-4bf0-805e-bf8a5cf6df50
2019-08-28 19:59:03,315 [main] INFO  server.GrpcService (GrpcService.java:closeImpl(155)) - dfe079fe-b43b-4b11-9eb7-bf995535c771: shutdown server with port 44027 now
2019-08-28 19:59:03,315 [ForkJoinPool.commonPool-worker-1] INFO  impl.RoleInfo (RoleInfo.java:shutdownFollowerState(121)) - 6468f44a-274a-4bf0-805e-bf8a5cf6df50: shutdown FollowerState
2019-08-28 19:59:03,316 [ForkJoinPool.commonPool-worker-1] INFO  impl.StateMachineUpdater (StateMachineUpdater.java:stopAndJoin(115)) - StateMachineUpdater:6468f44a-274a-4bf0-805e-bf8a5cf6df50:group-311A19E53952: set stopIndex = 8
2019-08-28 19:59:03,316 [Thread-364] INFO  impl.FollowerState (FollowerState.java:run(114)) - 6468f44a-274a-4bf0-805e-bf8a5cf6df50: FollowerState was interrupted: java.lang.InterruptedException: sleep interrupted
2019-08-28 19:59:03,316 [StateMachineUpdater:6468f44a-274a-4bf0-805e-bf8a5cf6df50:group-311A19E53952] INFO  ratis.ContainerStateMachine (ContainerStateMachine.java:takeSnapshot(284)) - group-311A19E53952: Taking a snapshot at:(t:2, i:8) file /workdir/hadoop-ozone/integration-test/target/test-dir/MiniOzoneClusterImpl-0a1989d7-c66c-4856-b49a-b1e0df50d07d/datanode-1/data/ratis/41fb4bec-33b2-40da-bc0c-311a19e53952/sm/snapshot.2_8
2019-08-28 19:59:03,333 [main] INFO  server.GrpcService (GrpcService.java:closeImpl(163)) - dfe079fe-b43b-4b11-9eb7-bf995535c771: shutdown server with port 44027 successfully
2019-08-28 19:59:03,336 [refreshUsed-/workdir/hadoop-ozone/integration-test/target/test-dir/MiniOzoneClusterImpl-0a1989d7-c66c-4856-b49a-b1e0df50d07d/datanode-4/data/containers] WARN  fs.CachingGetSpaceUsed (CachingGetSpaceUsed.java:run(183)) - Thread Interrupted waiting to refresh disk information: sleep interrupted
2019-08-28 19:59:03,358 [main] INFO  utils.BackgroundService (BackgroundService.java:shutdown(148)) - Shutting down service BlockDeletingService
2019-08-28 19:59:03,365 [main] INFO  statemachine.DatanodeStateMachine (DatanodeStateMachine.java:stopDaemon(395)) - Ozone container server stopped.
2019-08-28 19:59:03,366 [main] INFO  handler.ContextHandler (ContextHandler.java:doStop(910)) - Stopped o.e.j.w.WebAppContext@6192a5d5{/,null,UNAVAILABLE}{/hddsDatanode}
2019-08-28 19:59:03,367 [main] INFO  server.AbstractConnector (AbstractConnector.java:doStop(318)) - Stopped ServerConnector@3722c145{HTTP/1.1,[http/1.1]}{0.0.0.0:0}
2019-08-28 19:59:03,367 [main] INFO  handler.ContextHandler (ContextHandler.java:doStop(910)) - Stopped o.e.j.s.ServletContextHandler@1caa9eb6{/static,jar:file:/home/user/.m2/repository/org/apache/hadoop/hadoop-hdds-container-service/0.5.0-SNAPSHOT/hadoop-hdds-container-service-0.5.0-SNAPSHOT.jar!/webapps/static,UNAVAILABLE}
2019-08-28 19:59:03,367 [main] INFO  handler.ContextHandler (ContextHandler.java:doStop(910)) - Stopped o.e.j.s.ServletContextHandler@51ec2856{/logs,file:///workdir/hadoop-ozone/integration-test/target/log,UNAVAILABLE}
2019-08-28 19:59:03,370 [StateMachineUpdater:6468f44a-274a-4bf0-805e-bf8a5cf6df50:group-311A19E53952] INFO  ratis.ContainerStateMachine (ContainerStateMachine.java:takeSnapshot(295)) - group-311A19E53952: Finished taking a snapshot at:(t:2, i:8) file:/workdir/hadoop-ozone/integration-test/target/test-dir/MiniOzoneClusterImpl-0a1989d7-c66c-4856-b49a-b1e0df50d07d/datanode-1/data/ratis/41fb4bec-33b2-40da-bc0c-311a19e53952/sm/snapshot.2_8 time:54
2019-08-28 19:59:03,370 [StateMachineUpdater:6468f44a-274a-4bf0-805e-bf8a5cf6df50:group-311A19E53952] INFO  impl.StateMachineUpdater (StateMachineUpdater.java:takeSnapshot(242)) - StateMachineUpdater:6468f44a-274a-4bf0-805e-bf8a5cf6df50:group-311A19E53952: Took a snapshot at index 8
2019-08-28 19:59:03,370 [StateMachineUpdater:6468f44a-274a-4bf0-805e-bf8a5cf6df50:group-311A19E53952] INFO  impl.StateMachineUpdater (StateMachineUpdater.java:lambda$new$0(80)) - StateMachineUpdater:6468f44a-274a-4bf0-805e-bf8a5cf6df50:group-311A19E53952: snapshotIndex: updateIncreasingly -1 -> 8
2019-08-28 19:59:03,375 [ForkJoinPool.commonPool-worker-1] INFO  impl.RaftServerImpl (ServerState.java:close(394)) - 6468f44a-274a-4bf0-805e-bf8a5cf6df50:group-311A19E53952 closes. The last applied log index is 8
2019-08-28 19:59:03,376 [6468f44a-274a-4bf0-805e-bf8a5cf6df50-SegmentedRaftLogWorker:Storage Directory /workdir/hadoop-ozone/integration-test/target/test-dir/MiniOzoneClusterImpl-0a1989d7-c66c-4856-b49a-b1e0df50d07d/datanode-1/data/ratis/41fb4bec-33b2-40da-bc0c-311a19e53952] INFO  segmented.SegmentedRaftLogWorker (SegmentedRaftLogWorker.java:run(313)) - 6468f44a-274a-4bf0-805e-bf8a5cf6df50-SegmentedRaftLogWorker:Storage Directory /workdir/hadoop-ozone/integration-test/target/test-dir/MiniOzoneClusterImpl-0a1989d7-c66c-4856-b49a-b1e0df50d07d/datanode-1/data/ratis/41fb4bec-33b2-40da-bc0c-311a19e53952 was interrupted, exiting. There are 0 tasks remaining in the queue.
2019-08-28 19:59:03,378 [ForkJoinPool.commonPool-worker-1] INFO  segmented.SegmentedRaftLogWorker (SegmentedRaftLogWorker.java:close(228)) - 6468f44a-274a-4bf0-805e-bf8a5cf6df50-SegmentedRaftLogWorker:Storage Directory /workdir/hadoop-ozone/integration-test/target/test-dir/MiniOzoneClusterImpl-0a1989d7-c66c-4856-b49a-b1e0df50d07d/datanode-1/data/ratis/41fb4bec-33b2-40da-bc0c-311a19e53952 close()
2019-08-28 19:59:03,381 [ForkJoinPool.commonPool-worker-1] INFO  server.GrpcService (GrpcService.java:closeImpl(155)) - 6468f44a-274a-4bf0-805e-bf8a5cf6df50: shutdown server with port 33672 now
2019-08-28 19:59:03,387 [ForkJoinPool.commonPool-worker-1] INFO  server.GrpcService (GrpcService.java:closeImpl(163)) - 6468f44a-274a-4bf0-805e-bf8a5cf6df50: shutdown server with port 33672 successfully
2019-08-28 19:59:03,387 [grpc-default-executor-0] WARN  server.GrpcServerProtocolService (LogUtils.java:warn(134)) - 6468f44a-274a-4bf0-805e-bf8a5cf6df50: appendEntries onError: org.apache.ratis.thirdparty.io.grpc.StatusRuntimeException: CANCELLED: cancelled before receiving half close
2019-08-28 19:59:03,390 [refreshUsed-/workdir/hadoop-ozone/integration-test/target/test-dir/MiniOzoneClusterImpl-0a1989d7-c66c-4856-b49a-b1e0df50d07d/datanode-1/data/containers] WARN  fs.CachingGetSpaceUsed (CachingGetSpaceUsed.java:run(183)) - Thread Interrupted waiting to refresh disk information: sleep interrupted
2019-08-28 19:59:03,391 [grpc-default-executor-0] WARN  server.GrpcLogAppender (LogUtils.java:warn(134)) - 836fb2ea-40c7-4faf-82a4-0607f2372ff2->6468f44a-274a-4bf0-805e-bf8a5cf6df50: Failed appendEntries: org.apache.ratis.thirdparty.io.grpc.StatusRuntimeException: CANCELLED: HTTP/2 error code: CANCEL
Received Rst Stream
2019-08-28 19:59:03,394 [grpc-default-executor-0] INFO  impl.FollowerInfo (FollowerInfo.java:lambda$new$0(50)) - 836fb2ea-40c7-4faf-82a4-0607f2372ff2->6468f44a-274a-4bf0-805e-bf8a5cf6df50: nextIndex: updateUnconditionally 9 -> 8
2019-08-28 19:59:03,412 [ForkJoinPool.commonPool-worker-1] INFO  utils.BackgroundService (BackgroundService.java:shutdown(148)) - Shutting down service BlockDeletingService
2019-08-28 19:59:03,415 [ForkJoinPool.commonPool-worker-1] INFO  statemachine.DatanodeStateMachine (DatanodeStateMachine.java:stopDaemon(395)) - Ozone container server stopped.
2019-08-28 19:59:03,419 [ForkJoinPool.commonPool-worker-1] INFO  handler.ContextHandler (ContextHandler.java:doStop(910)) - Stopped o.e.j.w.WebAppContext@2dc3271b{/,null,UNAVAILABLE}{/hddsDatanode}
2019-08-28 19:59:03,420 [ForkJoinPool.commonPool-worker-1] INFO  server.AbstractConnector (AbstractConnector.java:doStop(318)) - Stopped ServerConnector@254f906e{HTTP/1.1,[http/1.1]}{0.0.0.0:0}
2019-08-28 19:59:03,421 [ForkJoinPool.commonPool-worker-1] INFO  handler.ContextHandler (ContextHandler.java:doStop(910)) - Stopped o.e.j.s.ServletContextHandler@77bb48d5{/static,jar:file:/home/user/.m2/repository/org/apache/hadoop/hadoop-hdds-container-service/0.5.0-SNAPSHOT/hadoop-hdds-container-service-0.5.0-SNAPSHOT.jar!/webapps/static,UNAVAILABLE}
2019-08-28 19:59:03,422 [ForkJoinPool.commonPool-worker-1] INFO  handler.ContextHandler (ContextHandler.java:doStop(910)) - Stopped o.e.j.s.ServletContextHandler@3d96fa9e{/logs,file:///workdir/hadoop-ozone/integration-test/target/log,UNAVAILABLE}
2019-08-28 19:59:03,713 | INFO  | SCMAudit | user=jenkins1000 | ip=192.168.36.107 | op=SEND_HEARTBEAT {datanodeUUID=a4e818e3-a12c-49ac-9be2-dae8a36de655, command=[]} | ret=SUCCESS |  
2019-08-28 19:59:03,713 | INFO  | SCMAudit | user=jenkins1000 | ip=192.168.36.107 | op=SEND_HEARTBEAT {datanodeUUID=4b027227-a2cd-44eb-b647-10bc08a09d4f, command=[]} | ret=SUCCESS |  
2019-08-28 19:59:03,713 | INFO  | SCMAudit | user=jenkins1000 | ip=192.168.36.107 | op=SEND_HEARTBEAT {datanodeUUID=b0f82e7e-889f-47d6-915f-90c6ca20be67, command=[]} | ret=SUCCESS |  
2019-08-28 19:59:04,188 [Datanode State Machine Thread - 0] INFO  statemachine.DatanodeStateMachine (DatanodeStateMachine.java:lambda$startDaemon$0(350)) - Ozone container server started.
2019-08-28 19:59:04,209 [Datanode State Machine Thread - 0] INFO  statemachine.DatanodeStateMachine (DatanodeStateMachine.java:lambda$startDaemon$0(350)) - Ozone container server started.
2019-08-28 19:59:04,713 | INFO  | SCMAudit | user=jenkins1000 | ip=192.168.36.107 | op=SEND_HEARTBEAT {datanodeUUID=a4e818e3-a12c-49ac-9be2-dae8a36de655, command=[]} | ret=SUCCESS |  
2019-08-28 19:59:04,713 | INFO  | SCMAudit | user=jenkins1000 | ip=192.168.36.107 | op=SEND_HEARTBEAT {datanodeUUID=b0f82e7e-889f-47d6-915f-90c6ca20be67, command=[]} | ret=SUCCESS |  
2019-08-28 19:59:04,713 | INFO  | SCMAudit | user=jenkins1000 | ip=192.168.36.107 | op=SEND_HEARTBEAT {datanodeUUID=4b027227-a2cd-44eb-b647-10bc08a09d4f, command=[]} | ret=SUCCESS |  
2019-08-28 19:59:05,311 [grpc-default-executor-4] WARN  server.GrpcLogAppender (LogUtils.java:warn(134)) - 836fb2ea-40c7-4faf-82a4-0607f2372ff2->6468f44a-274a-4bf0-805e-bf8a5cf6df50: Failed appendEntries: org.apache.ratis.thirdparty.io.grpc.StatusRuntimeException: UNAVAILABLE: io exception
2019-08-28 19:59:05,315 [grpc-default-executor-4] INFO  impl.FollowerInfo (FollowerInfo.java:lambda$new$0(50)) - 836fb2ea-40c7-4faf-82a4-0607f2372ff2->6468f44a-274a-4bf0-805e-bf8a5cf6df50: nextIndex: updateUnconditionally 8 -> 7
2019-08-28 19:59:05,713 | INFO  | SCMAudit | user=jenkins1000 | ip=192.168.36.107 | op=SEND_HEARTBEAT {datanodeUUID=a4e818e3-a12c-49ac-9be2-dae8a36de655, command=[]} | ret=SUCCESS |  
2019-08-28 19:59:05,713 | INFO  | SCMAudit | user=jenkins1000 | ip=192.168.36.107 | op=SEND_HEARTBEAT {datanodeUUID=4b027227-a2cd-44eb-b647-10bc08a09d4f, command=[]} | ret=SUCCESS |  
2019-08-28 19:59:05,713 | INFO  | SCMAudit | user=jenkins1000 | ip=192.168.36.107 | op=SEND_HEARTBEAT {datanodeUUID=b0f82e7e-889f-47d6-915f-90c6ca20be67, command=[]} | ret=SUCCESS |  
2019-08-28 19:59:06,713 | INFO  | SCMAudit | user=jenkins1000 | ip=192.168.36.107 | op=SEND_HEARTBEAT {datanodeUUID=a4e818e3-a12c-49ac-9be2-dae8a36de655, command=[]} | ret=SUCCESS |  
2019-08-28 19:59:06,713 | INFO  | SCMAudit | user=jenkins1000 | ip=192.168.36.107 | op=SEND_HEARTBEAT {datanodeUUID=4b027227-a2cd-44eb-b647-10bc08a09d4f, command=[]} | ret=SUCCESS |  
2019-08-28 19:59:06,713 | INFO  | SCMAudit | user=jenkins1000 | ip=192.168.36.107 | op=SEND_HEARTBEAT {datanodeUUID=b0f82e7e-889f-47d6-915f-90c6ca20be67, command=[]} | ret=SUCCESS |  
2019-08-28 19:59:07,713 | INFO  | SCMAudit | user=jenkins1000 | ip=192.168.36.107 | op=SEND_HEARTBEAT {datanodeUUID=4b027227-a2cd-44eb-b647-10bc08a09d4f, command=[]} | ret=SUCCESS |  
2019-08-28 19:59:07,713 | INFO  | SCMAudit | user=jenkins1000 | ip=192.168.36.107 | op=SEND_HEARTBEAT {datanodeUUID=a4e818e3-a12c-49ac-9be2-dae8a36de655, command=[]} | ret=SUCCESS |  
2019-08-28 19:59:07,714 | INFO  | SCMAudit | user=jenkins1000 | ip=192.168.36.107 | op=SEND_HEARTBEAT {datanodeUUID=b0f82e7e-889f-47d6-915f-90c6ca20be67, command=[]} | ret=SUCCESS |  
2019-08-28 19:59:07,813 [grpc-default-executor-0] WARN  server.GrpcLogAppender (LogUtils.java:warn(134)) - 836fb2ea-40c7-4faf-82a4-0607f2372ff2->6468f44a-274a-4bf0-805e-bf8a5cf6df50: Failed appendEntries: org.apache.ratis.thirdparty.io.grpc.StatusRuntimeException: UNAVAILABLE: io exception
2019-08-28 19:59:07,815 [grpc-default-executor-0] INFO  impl.FollowerInfo (FollowerInfo.java:lambda$new$0(50)) - 836fb2ea-40c7-4faf-82a4-0607f2372ff2->6468f44a-274a-4bf0-805e-bf8a5cf6df50: nextIndex: updateUnconditionally 7 -> 6
2019-08-28 19:59:08,197 [EventQueue-StaleNodeForStaleNodeHandler] INFO  node.StaleNodeHandler (StaleNodeHandler.java:onMessage(58)) - Datanode 836fb2ea-40c7-4faf-82a4-0607f2372ff2{ip: 192.168.36.107, host: pr-hdds-1949-jn7bv-2990118995, networkLocation: /default-rack, certSerialId: null} moved to stale state. Finalizing its pipelines [PipelineID=1335e4ec-b2ea-4a64-aae8-bf51fef920c9, PipelineID=41fb4bec-33b2-40da-bc0c-311a19e53952]
2019-08-28 19:59:08,197 [EventQueue-StaleNodeForStaleNodeHandler] INFO  pipeline.SCMPipelineManager (SCMPipelineManager.java:finalizeAndDestroyPipeline(309)) - destroying pipeline:Pipeline[ Id: 1335e4ec-b2ea-4a64-aae8-bf51fef920c9, Nodes: 836fb2ea-40c7-4faf-82a4-0607f2372ff2{ip: 192.168.36.107, host: pr-hdds-1949-jn7bv-2990118995, networkLocation: /default-rack, certSerialId: null}, Type:RATIS, Factor:ONE, State:OPEN]
2019-08-28 19:59:08,198 [EventQueue-StaleNodeForStaleNodeHandler] INFO  pipeline.PipelineStateManager (PipelineStateManager.java:finalizePipeline(123)) - Pipeline Pipeline[ Id: 1335e4ec-b2ea-4a64-aae8-bf51fef920c9, Nodes: 836fb2ea-40c7-4faf-82a4-0607f2372ff2{ip: 192.168.36.107, host: pr-hdds-1949-jn7bv-2990118995, networkLocation: /default-rack, certSerialId: null}, Type:RATIS, Factor:ONE, State:CLOSED] moved to CLOSED state
2019-08-28 19:59:08,198 [EventQueue-StaleNodeForStaleNodeHandler] INFO  pipeline.SCMPipelineManager (SCMPipelineManager.java:finalizeAndDestroyPipeline(309)) - destroying pipeline:Pipeline[ Id: 41fb4bec-33b2-40da-bc0c-311a19e53952, Nodes: 6468f44a-274a-4bf0-805e-bf8a5cf6df50{ip: 192.168.36.107, host: pr-hdds-1949-jn7bv-2990118995, networkLocation: /default-rack, certSerialId: null}836fb2ea-40c7-4faf-82a4-0607f2372ff2{ip: 192.168.36.107, host: pr-hdds-1949-jn7bv-2990118995, networkLocation: /default-rack, certSerialId: null}01143d5c-8004-4731-8abc-97382e446a21{ip: 192.168.36.107, host: pr-hdds-1949-jn7bv-2990118995, networkLocation: /default-rack, certSerialId: null}, Type:RATIS, Factor:THREE, State:CLOSED]
2019-08-28 19:59:08,297 [EventQueue-StaleNodeForStaleNodeHandler] INFO  node.StaleNodeHandler (StaleNodeHandler.java:onMessage(58)) - Datanode 01143d5c-8004-4731-8abc-97382e446a21{ip: 192.168.36.107, host: pr-hdds-1949-jn7bv-2990118995, networkLocation: /default-rack, certSerialId: null} moved to stale state. Finalizing its pipelines [PipelineID=05e3cdea-60b2-47a1-825e-e4c0356cd4ec, PipelineID=41fb4bec-33b2-40da-bc0c-311a19e53952]
2019-08-28 19:59:08,297 [EventQueue-StaleNodeForStaleNodeHandler] INFO  pipeline.SCMPipelineManager (SCMPipelineManager.java:finalizeAndDestroyPipeline(309)) - destroying pipeline:Pipeline[ Id: 05e3cdea-60b2-47a1-825e-e4c0356cd4ec, Nodes: 01143d5c-8004-4731-8abc-97382e446a21{ip: 192.168.36.107, host: pr-hdds-1949-jn7bv-2990118995, networkLocation: /default-rack, certSerialId: null}, Type:RATIS, Factor:ONE, State:OPEN]
2019-08-28 19:59:08,297 [EventQueue-StaleNodeForStaleNodeHandler] INFO  pipeline.PipelineStateManager (PipelineStateManager.java:finalizePipeline(123)) - Pipeline Pipeline[ Id: 05e3cdea-60b2-47a1-825e-e4c0356cd4ec, Nodes: 01143d5c-8004-4731-8abc-97382e446a21{ip: 192.168.36.107, host: pr-hdds-1949-jn7bv-2990118995, networkLocation: /default-rack, certSerialId: null}, Type:RATIS, Factor:ONE, State:CLOSED] moved to CLOSED state
2019-08-28 19:59:08,298 [EventQueue-StaleNodeForStaleNodeHandler] INFO  pipeline.SCMPipelineManager (SCMPipelineManager.java:finalizeAndDestroyPipeline(309)) - destroying pipeline:Pipeline[ Id: 41fb4bec-33b2-40da-bc0c-311a19e53952, Nodes: 6468f44a-274a-4bf0-805e-bf8a5cf6df50{ip: 192.168.36.107, host: pr-hdds-1949-jn7bv-2990118995, networkLocation: /default-rack, certSerialId: null}836fb2ea-40c7-4faf-82a4-0607f2372ff2{ip: 192.168.36.107, host: pr-hdds-1949-jn7bv-2990118995, networkLocation: /default-rack, certSerialId: null}01143d5c-8004-4731-8abc-97382e446a21{ip: 192.168.36.107, host: pr-hdds-1949-jn7bv-2990118995, networkLocation: /default-rack, certSerialId: null}, Type:RATIS, Factor:THREE, State:CLOSED]
2019-08-28 19:59:08,714 | INFO  | SCMAudit | user=jenkins1000 | ip=192.168.36.107 | op=SEND_HEARTBEAT {datanodeUUID=b0f82e7e-889f-47d6-915f-90c6ca20be67, command=[]} | ret=SUCCESS |  
2019-08-28 19:59:08,714 | INFO  | SCMAudit | user=jenkins1000 | ip=192.168.36.107 | op=SEND_HEARTBEAT {datanodeUUID=a4e818e3-a12c-49ac-9be2-dae8a36de655, command=[]} | ret=SUCCESS |  
2019-08-28 19:59:08,714 | INFO  | SCMAudit | user=jenkins1000 | ip=192.168.36.107 | op=SEND_HEARTBEAT {datanodeUUID=4b027227-a2cd-44eb-b647-10bc08a09d4f, command=[]} | ret=SUCCESS |  
2019-08-28 19:59:09,067 [ForkJoinPool.commonPool-worker-1] INFO  ozoneimpl.OzoneContainer (OzoneContainer.java:stop(215)) - Attempting to stop container services.
2019-08-28 19:59:09,068 [main] INFO  ozoneimpl.OzoneContainer (OzoneContainer.java:stop(215)) - Attempting to stop container services.
2019-08-28 19:59:09,068 [ForkJoinPool.commonPool-worker-1] INFO  impl.RaftServerProxy (RaftServerProxy.java:lambda$close$4(314)) - 836fb2ea-40c7-4faf-82a4-0607f2372ff2: close
2019-08-28 19:59:09,068 [main] INFO  impl.RaftServerProxy (RaftServerProxy.java:lambda$close$4(314)) - 01143d5c-8004-4731-8abc-97382e446a21: close
2019-08-28 19:59:09,069 [ForkJoinPool.commonPool-worker-1] INFO  impl.RaftServerImpl (RaftServerImpl.java:lambda$shutdown$3(245)) - 836fb2ea-40c7-4faf-82a4-0607f2372ff2: shutdown group-BF51FEF920C9
2019-08-28 19:59:09,069 [main] INFO  impl.RaftServerImpl (RaftServerImpl.java:lambda$shutdown$3(245)) - 01143d5c-8004-4731-8abc-97382e446a21: shutdown group-E4C0356CD4EC
2019-08-28 19:59:09,069 [ForkJoinPool.commonPool-worker-1] INFO  util.JmxRegister (JmxRegister.java:unregister(73)) - Successfully un-registered JMX Bean with object name Ratis:service=RaftServer,group=group-BF51FEF920C9,id=836fb2ea-40c7-4faf-82a4-0607f2372ff2
2019-08-28 19:59:09,070 [main] INFO  util.JmxRegister (JmxRegister.java:unregister(73)) - Successfully un-registered JMX Bean with object name Ratis:service=RaftServer,group=group-E4C0356CD4EC,id=01143d5c-8004-4731-8abc-97382e446a21
2019-08-28 19:59:09,070 [ForkJoinPool.commonPool-worker-1] INFO  impl.RoleInfo (RoleInfo.java:shutdownLeaderState(104)) - 836fb2ea-40c7-4faf-82a4-0607f2372ff2: shutdown LeaderState
2019-08-28 19:59:09,070 [main] INFO  impl.RoleInfo (RoleInfo.java:shutdownLeaderState(104)) - 01143d5c-8004-4731-8abc-97382e446a21: shutdown LeaderState
2019-08-28 19:59:09,071 [ForkJoinPool.commonPool-worker-1] INFO  impl.PendingRequests (PendingRequests.java:sendNotLeaderResponses(202)) - 836fb2ea-40c7-4faf-82a4-0607f2372ff2-PendingRequests: sendNotLeaderResponses
2019-08-28 19:59:09,071 [main] INFO  impl.PendingRequests (PendingRequests.java:sendNotLeaderResponses(202)) - 01143d5c-8004-4731-8abc-97382e446a21-PendingRequests: sendNotLeaderResponses
2019-08-28 19:59:09,071 [ForkJoinPool.commonPool-worker-1] INFO  impl.StateMachineUpdater (StateMachineUpdater.java:stopAndJoin(115)) - StateMachineUpdater:836fb2ea-40c7-4faf-82a4-0607f2372ff2:group-BF51FEF920C9: set stopIndex = 0
2019-08-28 19:59:09,071 [main] INFO  impl.StateMachineUpdater (StateMachineUpdater.java:stopAndJoin(115)) - StateMachineUpdater:01143d5c-8004-4731-8abc-97382e446a21:group-E4C0356CD4EC: set stopIndex = 0
2019-08-28 19:59:09,072 [ForkJoinPool.commonPool-worker-1] INFO  impl.RaftServerImpl (ServerState.java:close(394)) - 836fb2ea-40c7-4faf-82a4-0607f2372ff2:group-BF51FEF920C9 closes. The last applied log index is 0
2019-08-28 19:59:09,072 [main] INFO  impl.RaftServerImpl (ServerState.java:close(394)) - 01143d5c-8004-4731-8abc-97382e446a21:group-E4C0356CD4EC closes. The last applied log index is 0
2019-08-28 19:59:09,072 [836fb2ea-40c7-4faf-82a4-0607f2372ff2-SegmentedRaftLogWorker:Storage Directory /workdir/hadoop-ozone/integration-test/target/test-dir/MiniOzoneClusterImpl-0a1989d7-c66c-4856-b49a-b1e0df50d07d/datanode-2/data/ratis/1335e4ec-b2ea-4a64-aae8-bf51fef920c9] INFO  segmented.SegmentedRaftLogWorker (SegmentedRaftLogWorker.java:run(313)) - 836fb2ea-40c7-4faf-82a4-0607f2372ff2-SegmentedRaftLogWorker:Storage Directory /workdir/hadoop-ozone/integration-test/target/test-dir/MiniOzoneClusterImpl-0a1989d7-c66c-4856-b49a-b1e0df50d07d/datanode-2/data/ratis/1335e4ec-b2ea-4a64-aae8-bf51fef920c9 was interrupted, exiting. There are 0 tasks remaining in the queue.
2019-08-28 19:59:09,073 [01143d5c-8004-4731-8abc-97382e446a21-SegmentedRaftLogWorker:Storage Directory /workdir/hadoop-ozone/integration-test/target/test-dir/MiniOzoneClusterImpl-0a1989d7-c66c-4856-b49a-b1e0df50d07d/datanode-3/data/ratis/05e3cdea-60b2-47a1-825e-e4c0356cd4ec] INFO  segmented.SegmentedRaftLogWorker (SegmentedRaftLogWorker.java:run(313)) - 01143d5c-8004-4731-8abc-97382e446a21-SegmentedRaftLogWorker:Storage Directory /workdir/hadoop-ozone/integration-test/target/test-dir/MiniOzoneClusterImpl-0a1989d7-c66c-4856-b49a-b1e0df50d07d/datanode-3/data/ratis/05e3cdea-60b2-47a1-825e-e4c0356cd4ec was interrupted, exiting. There are 0 tasks remaining in the queue.
2019-08-28 19:59:09,075 [ForkJoinPool.commonPool-worker-1] INFO  segmented.SegmentedRaftLogWorker (SegmentedRaftLogWorker.java:close(228)) - 836fb2ea-40c7-4faf-82a4-0607f2372ff2-SegmentedRaftLogWorker:Storage Directory /workdir/hadoop-ozone/integration-test/target/test-dir/MiniOzoneClusterImpl-0a1989d7-c66c-4856-b49a-b1e0df50d07d/datanode-2/data/ratis/1335e4ec-b2ea-4a64-aae8-bf51fef920c9 close()
2019-08-28 19:59:09,075 [main] INFO  segmented.SegmentedRaftLogWorker (SegmentedRaftLogWorker.java:close(228)) - 01143d5c-8004-4731-8abc-97382e446a21-SegmentedRaftLogWorker:Storage Directory /workdir/hadoop-ozone/integration-test/target/test-dir/MiniOzoneClusterImpl-0a1989d7-c66c-4856-b49a-b1e0df50d07d/datanode-3/data/ratis/05e3cdea-60b2-47a1-825e-e4c0356cd4ec close()
2019-08-28 19:59:09,077 [ForkJoinPool.commonPool-worker-1] INFO  impl.RaftServerImpl (RaftServerImpl.java:lambda$shutdown$3(245)) - 836fb2ea-40c7-4faf-82a4-0607f2372ff2: shutdown group-311A19E53952
2019-08-28 19:59:09,080 [main] INFO  impl.RaftServerImpl (RaftServerImpl.java:lambda$shutdown$3(245)) - 01143d5c-8004-4731-8abc-97382e446a21: shutdown group-311A19E53952
2019-08-28 19:59:09,080 [ForkJoinPool.commonPool-worker-1] INFO  util.JmxRegister (JmxRegister.java:unregister(73)) - Successfully un-registered JMX Bean with object name Ratis:service=RaftServer,group=group-311A19E53952,id=836fb2ea-40c7-4faf-82a4-0607f2372ff2
2019-08-28 19:59:09,080 [main] INFO  util.JmxRegister (JmxRegister.java:unregister(73)) - Successfully un-registered JMX Bean with object name Ratis:service=RaftServer,group=group-311A19E53952,id=01143d5c-8004-4731-8abc-97382e446a21
2019-08-28 19:59:09,081 [main] INFO  impl.RoleInfo (RoleInfo.java:shutdownFollowerState(121)) - 01143d5c-8004-4731-8abc-97382e446a21: shutdown FollowerState
2019-08-28 19:59:09,080 [ForkJoinPool.commonPool-worker-1] INFO  impl.RoleInfo (RoleInfo.java:shutdownLeaderState(104)) - 836fb2ea-40c7-4faf-82a4-0607f2372ff2: shutdown LeaderState
2019-08-28 19:59:09,081 [StateMachineUpdater:01143d5c-8004-4731-8abc-97382e446a21:group-311A19E53952] INFO  ratis.ContainerStateMachine (ContainerStateMachine.java:takeSnapshot(284)) - group-311A19E53952: Taking a snapshot at:(t:2, i:8) file /workdir/hadoop-ozone/integration-test/target/test-dir/MiniOzoneClusterImpl-0a1989d7-c66c-4856-b49a-b1e0df50d07d/datanode-3/data/ratis/41fb4bec-33b2-40da-bc0c-311a19e53952/sm/snapshot.2_8
2019-08-28 19:59:09,081 [main] INFO  impl.StateMachineUpdater (StateMachineUpdater.java:stopAndJoin(115)) - StateMachineUpdater:01143d5c-8004-4731-8abc-97382e446a21:group-311A19E53952: set stopIndex = 8
2019-08-28 19:59:09,083 [org.apache.ratis.server.impl.LogAppender$AppenderDaemon$$Lambda$501/1089294070@4dfa4444] WARN  server.GrpcLogAppender (GrpcLogAppender.java:mayWait(143)) - GrpcLogAppender(836fb2ea-40c7-4faf-82a4-0607f2372ff2->6468f44a-274a-4bf0-805e-bf8a5cf6df50): Wait interrupted by java.lang.InterruptedException
2019-08-28 19:59:09,083 [org.apache.ratis.server.impl.LogAppender$AppenderDaemon$$Lambda$501/1089294070@8f8db3f] WARN  server.GrpcLogAppender (GrpcLogAppender.java:mayWait(143)) - GrpcLogAppender(836fb2ea-40c7-4faf-82a4-0607f2372ff2->01143d5c-8004-4731-8abc-97382e446a21): Wait interrupted by java.lang.InterruptedException
2019-08-28 19:59:09,083 [ForkJoinPool.commonPool-worker-1] INFO  impl.PendingRequests (PendingRequests.java:sendNotLeaderResponses(202)) - 836fb2ea-40c7-4faf-82a4-0607f2372ff2-PendingRequests: sendNotLeaderResponses
2019-08-28 19:59:09,081 [Thread-365] INFO  impl.FollowerState (FollowerState.java:run(114)) - 01143d5c-8004-4731-8abc-97382e446a21: FollowerState was interrupted: java.lang.InterruptedException: sleep interrupted
2019-08-28 19:59:09,086 [grpc-default-executor-3] INFO  server.GrpcServerProtocolService (GrpcServerProtocolService.java:onCompleted(104)) - 01143d5c-8004-4731-8abc-97382e446a21: appendEntries completed
2019-08-28 19:59:09,088 [grpc-default-executor-3] INFO  server.GrpcLogAppender (GrpcLogAppender.java:onCompleted(292)) - 836fb2ea-40c7-4faf-82a4-0607f2372ff2->01143d5c-8004-4731-8abc-97382e446a21: follower responses appendEntries COMPLETED
2019-08-28 19:59:09,089 [grpc-default-executor-3] INFO  impl.FollowerInfo (FollowerInfo.java:lambda$new$0(50)) - 836fb2ea-40c7-4faf-82a4-0607f2372ff2->01143d5c-8004-4731-8abc-97382e446a21: nextIndex: updateUnconditionally 9 -> 8
2019-08-28 19:59:09,092 [ForkJoinPool.commonPool-worker-1] INFO  impl.StateMachineUpdater (StateMachineUpdater.java:stopAndJoin(115)) - StateMachineUpdater:836fb2ea-40c7-4faf-82a4-0607f2372ff2:group-311A19E53952: set stopIndex = 8
2019-08-28 19:59:09,092 [StateMachineUpdater:836fb2ea-40c7-4faf-82a4-0607f2372ff2:group-311A19E53952] INFO  ratis.ContainerStateMachine (ContainerStateMachine.java:takeSnapshot(284)) - group-311A19E53952: Taking a snapshot at:(t:2, i:8) file /workdir/hadoop-ozone/integration-test/target/test-dir/MiniOzoneClusterImpl-0a1989d7-c66c-4856-b49a-b1e0df50d07d/datanode-2/data/ratis/41fb4bec-33b2-40da-bc0c-311a19e53952/sm/snapshot.2_8
2019-08-28 19:59:09,155 [StateMachineUpdater:01143d5c-8004-4731-8abc-97382e446a21:group-311A19E53952] INFO  ratis.ContainerStateMachine (ContainerStateMachine.java:takeSnapshot(295)) - group-311A19E53952: Finished taking a snapshot at:(t:2, i:8) file:/workdir/hadoop-ozone/integration-test/target/test-dir/MiniOzoneClusterImpl-0a1989d7-c66c-4856-b49a-b1e0df50d07d/datanode-3/data/ratis/41fb4bec-33b2-40da-bc0c-311a19e53952/sm/snapshot.2_8 time:74
2019-08-28 19:59:09,155 [StateMachineUpdater:01143d5c-8004-4731-8abc-97382e446a21:group-311A19E53952] INFO  impl.StateMachineUpdater (StateMachineUpdater.java:takeSnapshot(242)) - StateMachineUpdater:01143d5c-8004-4731-8abc-97382e446a21:group-311A19E53952: Took a snapshot at index 8
2019-08-28 19:59:09,155 [StateMachineUpdater:836fb2ea-40c7-4faf-82a4-0607f2372ff2:group-311A19E53952] INFO  ratis.ContainerStateMachine (ContainerStateMachine.java:takeSnapshot(295)) - group-311A19E53952: Finished taking a snapshot at:(t:2, i:8) file:/workdir/hadoop-ozone/integration-test/target/test-dir/MiniOzoneClusterImpl-0a1989d7-c66c-4856-b49a-b1e0df50d07d/datanode-2/data/ratis/41fb4bec-33b2-40da-bc0c-311a19e53952/sm/snapshot.2_8 time:63
2019-08-28 19:59:09,155 [StateMachineUpdater:01143d5c-8004-4731-8abc-97382e446a21:group-311A19E53952] INFO  impl.StateMachineUpdater (StateMachineUpdater.java:lambda$new$0(80)) - StateMachineUpdater:01143d5c-8004-4731-8abc-97382e446a21:group-311A19E53952: snapshotIndex: updateIncreasingly -1 -> 8
2019-08-28 19:59:09,155 [StateMachineUpdater:836fb2ea-40c7-4faf-82a4-0607f2372ff2:group-311A19E53952] INFO  impl.StateMachineUpdater (StateMachineUpdater.java:takeSnapshot(242)) - StateMachineUpdater:836fb2ea-40c7-4faf-82a4-0607f2372ff2:group-311A19E53952: Took a snapshot at index 8
2019-08-28 19:59:09,155 [StateMachineUpdater:836fb2ea-40c7-4faf-82a4-0607f2372ff2:group-311A19E53952] INFO  impl.StateMachineUpdater (StateMachineUpdater.java:lambda$new$0(80)) - StateMachineUpdater:836fb2ea-40c7-4faf-82a4-0607f2372ff2:group-311A19E53952: snapshotIndex: updateIncreasingly -1 -> 8
2019-08-28 19:59:09,156 [ForkJoinPool.commonPool-worker-1] INFO  impl.RaftServerImpl (ServerState.java:close(394)) - 836fb2ea-40c7-4faf-82a4-0607f2372ff2:group-311A19E53952 closes. The last applied log index is 8
2019-08-28 19:59:09,156 [main] INFO  impl.RaftServerImpl (ServerState.java:close(394)) - 01143d5c-8004-4731-8abc-97382e446a21:group-311A19E53952 closes. The last applied log index is 8
2019-08-28 19:59:09,156 [836fb2ea-40c7-4faf-82a4-0607f2372ff2-SegmentedRaftLogWorker:Storage Directory /workdir/hadoop-ozone/integration-test/target/test-dir/MiniOzoneClusterImpl-0a1989d7-c66c-4856-b49a-b1e0df50d07d/datanode-2/data/ratis/41fb4bec-33b2-40da-bc0c-311a19e53952] INFO  segmented.SegmentedRaftLogWorker (SegmentedRaftLogWorker.java:run(313)) - 836fb2ea-40c7-4faf-82a4-0607f2372ff2-SegmentedRaftLogWorker:Storage Directory /workdir/hadoop-ozone/integration-test/target/test-dir/MiniOzoneClusterImpl-0a1989d7-c66c-4856-b49a-b1e0df50d07d/datanode-2/data/ratis/41fb4bec-33b2-40da-bc0c-311a19e53952 was interrupted, exiting. There are 0 tasks remaining in the queue.
2019-08-28 19:59:09,157 [01143d5c-8004-4731-8abc-97382e446a21-SegmentedRaftLogWorker:Storage Directory /workdir/hadoop-ozone/integration-test/target/test-dir/MiniOzoneClusterImpl-0a1989d7-c66c-4856-b49a-b1e0df50d07d/datanode-3/data/ratis/41fb4bec-33b2-40da-bc0c-311a19e53952] INFO  segmented.SegmentedRaftLogWorker (SegmentedRaftLogWorker.java:run(313)) - 01143d5c-8004-4731-8abc-97382e446a21-SegmentedRaftLogWorker:Storage Directory /workdir/hadoop-ozone/integration-test/target/test-dir/MiniOzoneClusterImpl-0a1989d7-c66c-4856-b49a-b1e0df50d07d/datanode-3/data/ratis/41fb4bec-33b2-40da-bc0c-311a19e53952 was interrupted, exiting. There are 0 tasks remaining in the queue.
2019-08-28 19:59:09,159 [ForkJoinPool.commonPool-worker-1] INFO  segmented.SegmentedRaftLogWorker (SegmentedRaftLogWorker.java:close(228)) - 836fb2ea-40c7-4faf-82a4-0607f2372ff2-SegmentedRaftLogWorker:Storage Directory /workdir/hadoop-ozone/integration-test/target/test-dir/MiniOzoneClusterImpl-0a1989d7-c66c-4856-b49a-b1e0df50d07d/datanode-2/data/ratis/41fb4bec-33b2-40da-bc0c-311a19e53952 close()
2019-08-28 19:59:09,160 [main] INFO  segmented.SegmentedRaftLogWorker (SegmentedRaftLogWorker.java:close(228)) - 01143d5c-8004-4731-8abc-97382e446a21-SegmentedRaftLogWorker:Storage Directory /workdir/hadoop-ozone/integration-test/target/test-dir/MiniOzoneClusterImpl-0a1989d7-c66c-4856-b49a-b1e0df50d07d/datanode-3/data/ratis/41fb4bec-33b2-40da-bc0c-311a19e53952 close()
2019-08-28 19:59:09,162 [ForkJoinPool.commonPool-worker-1] INFO  server.GrpcService (GrpcService.java:closeImpl(155)) - 836fb2ea-40c7-4faf-82a4-0607f2372ff2: shutdown server with port 34482 now
2019-08-28 19:59:09,163 [main] INFO  server.GrpcService (GrpcService.java:closeImpl(155)) - 01143d5c-8004-4731-8abc-97382e446a21: shutdown server with port 38521 now
2019-08-28 19:59:09,166 [main] INFO  server.GrpcService (GrpcService.java:closeImpl(163)) - 01143d5c-8004-4731-8abc-97382e446a21: shutdown server with port 38521 successfully
2019-08-28 19:59:09,167 [ForkJoinPool.commonPool-worker-1] INFO  server.GrpcService (GrpcService.java:closeImpl(163)) - 836fb2ea-40c7-4faf-82a4-0607f2372ff2: shutdown server with port 34482 successfully
2019-08-28 19:59:09,168 [grpc-default-executor-0] WARN  client.GrpcClientProtocolService (LogUtils.java:warn(134)) - 5-UnorderedRequestStreamObserver5: onError: org.apache.ratis.thirdparty.io.grpc.StatusRuntimeException: CANCELLED: cancelled before receiving half close
2019-08-28 19:59:09,169 [refreshUsed-/workdir/hadoop-ozone/integration-test/target/test-dir/MiniOzoneClusterImpl-0a1989d7-c66c-4856-b49a-b1e0df50d07d/datanode-3/data/containers] WARN  fs.CachingGetSpaceUsed (CachingGetSpaceUsed.java:run(183)) - Thread Interrupted waiting to refresh disk information: sleep interrupted
2019-08-28 19:59:09,171 [refreshUsed-/workdir/hadoop-ozone/integration-test/target/test-dir/MiniOzoneClusterImpl-0a1989d7-c66c-4856-b49a-b1e0df50d07d/datanode-2/data/containers] WARN  fs.CachingGetSpaceUsed (CachingGetSpaceUsed.java:run(183)) - Thread Interrupted waiting to refresh disk information: sleep interrupted
2019-08-28 19:59:09,192 [main] INFO  utils.BackgroundService (BackgroundService.java:shutdown(148)) - Shutting down service BlockDeletingService
2019-08-28 19:59:09,195 [main] INFO  statemachine.DatanodeStateMachine (DatanodeStateMachine.java:stopDaemon(395)) - Ozone container server stopped.
2019-08-28 19:59:09,196 [main] INFO  handler.ContextHandler (ContextHandler.java:doStop(910)) - Stopped o.e.j.w.WebAppContext@57f9b467{/,null,UNAVAILABLE}{/hddsDatanode}
2019-08-28 19:59:09,197 [main] INFO  server.AbstractConnector (AbstractConnector.java:doStop(318)) - Stopped ServerConnector@6d5c2745{HTTP/1.1,[http/1.1]}{0.0.0.0:0}
2019-08-28 19:59:09,197 [main] INFO  handler.ContextHandler (ContextHandler.java:doStop(910)) - Stopped o.e.j.s.ServletContextHandler@2a869a16{/static,jar:file:/home/user/.m2/repository/org/apache/hadoop/hadoop-hdds-container-service/0.5.0-SNAPSHOT/hadoop-hdds-container-service-0.5.0-SNAPSHOT.jar!/webapps/static,UNAVAILABLE}
2019-08-28 19:59:09,197 [main] INFO  handler.ContextHandler (ContextHandler.java:doStop(910)) - Stopped o.e.j.s.ServletContextHandler@7fb66650{/logs,file:///workdir/hadoop-ozone/integration-test/target/log,UNAVAILABLE}
2019-08-28 19:59:09,201 [ForkJoinPool.commonPool-worker-1] INFO  utils.BackgroundService (BackgroundService.java:shutdown(148)) - Shutting down service BlockDeletingService
2019-08-28 19:59:09,203 [ForkJoinPool.commonPool-worker-1] INFO  statemachine.DatanodeStateMachine (DatanodeStateMachine.java:stopDaemon(395)) - Ozone container server stopped.
2019-08-28 19:59:09,206 [ForkJoinPool.commonPool-worker-1] INFO  handler.ContextHandler (ContextHandler.java:doStop(910)) - Stopped o.e.j.w.WebAppContext@984169e{/,null,UNAVAILABLE}{/hddsDatanode}
2019-08-28 19:59:09,207 [ForkJoinPool.commonPool-worker-1] INFO  server.AbstractConnector (AbstractConnector.java:doStop(318)) - Stopped ServerConnector@43f1bb92{HTTP/1.1,[http/1.1]}{0.0.0.0:0}
2019-08-28 19:59:09,208 [ForkJoinPool.commonPool-worker-1] INFO  handler.ContextHandler (ContextHandler.java:doStop(910)) - Stopped o.e.j.s.ServletContextHandler@3dd31157{/static,jar:file:/home/user/.m2/repository/org/apache/hadoop/hadoop-hdds-container-service/0.5.0-SNAPSHOT/hadoop-hdds-container-service-0.5.0-SNAPSHOT.jar!/webapps/static,UNAVAILABLE}
2019-08-28 19:59:09,209 [ForkJoinPool.commonPool-worker-1] INFO  handler.ContextHandler (ContextHandler.java:doStop(910)) - Stopped o.e.j.s.ServletContextHandler@574a89e2{/logs,file:///workdir/hadoop-ozone/integration-test/target/log,UNAVAILABLE}
2019-08-28 19:59:09,713 | INFO  | SCMAudit | user=jenkins1000 | ip=192.168.36.107 | op=SEND_HEARTBEAT {datanodeUUID=b0f82e7e-889f-47d6-915f-90c6ca20be67, command=[]} | ret=SUCCESS |  
2019-08-28 19:59:09,713 [Datanode State Machine Thread - 0] INFO  statemachine.DatanodeStateMachine (DatanodeStateMachine.java:lambda$startDaemon$0(350)) - Ozone container server started.
2019-08-28 19:59:09,713 [Datanode State Machine Thread - 0] INFO  statemachine.DatanodeStateMachine (DatanodeStateMachine.java:lambda$startDaemon$0(350)) - Ozone container server started.
2019-08-28 19:59:10,714 | INFO  | SCMAudit | user=jenkins1000 | ip=192.168.36.107 | op=SEND_HEARTBEAT {datanodeUUID=b0f82e7e-889f-47d6-915f-90c6ca20be67, command=[]} | ret=SUCCESS |  
2019-08-28 19:59:11,714 | INFO  | SCMAudit | user=jenkins1000 | ip=192.168.36.107 | op=SEND_HEARTBEAT {datanodeUUID=b0f82e7e-889f-47d6-915f-90c6ca20be67, command=[]} | ret=SUCCESS |  
2019-08-28 19:59:12,714 | INFO  | SCMAudit | user=jenkins1000 | ip=192.168.36.107 | op=SEND_HEARTBEAT {datanodeUUID=b0f82e7e-889f-47d6-915f-90c6ca20be67, command=[]} | ret=SUCCESS |  
2019-08-28 19:59:13,714 | INFO  | SCMAudit | user=jenkins1000 | ip=192.168.36.107 | op=SEND_HEARTBEAT {datanodeUUID=b0f82e7e-889f-47d6-915f-90c6ca20be67, command=[]} | ret=SUCCESS |  
2019-08-28 19:59:13,807 [EventQueue-StaleNodeForStaleNodeHandler] INFO  node.StaleNodeHandler (StaleNodeHandler.java:onMessage(58)) - Datanode 4b027227-a2cd-44eb-b647-10bc08a09d4f{ip: 192.168.36.107, host: pr-hdds-1949-jn7bv-2990118995, networkLocation: /default-rack, certSerialId: null} moved to stale state. Finalizing its pipelines [PipelineID=dbc31188-ae62-4307-b516-a0eb3a6bf1df, PipelineID=fc19fa3c-f21b-446c-abac-37e0854835ac]
2019-08-28 19:59:13,807 [EventQueue-StaleNodeForStaleNodeHandler] INFO  pipeline.SCMPipelineManager (SCMPipelineManager.java:finalizeAndDestroyPipeline(309)) - destroying pipeline:Pipeline[ Id: dbc31188-ae62-4307-b516-a0eb3a6bf1df, Nodes: 4b027227-a2cd-44eb-b647-10bc08a09d4f{ip: 192.168.36.107, host: pr-hdds-1949-jn7bv-2990118995, networkLocation: /default-rack, certSerialId: null}, Type:RATIS, Factor:ONE, State:OPEN]
2019-08-28 19:59:13,807 [EventQueue-StaleNodeForStaleNodeHandler] INFO  pipeline.PipelineStateManager (PipelineStateManager.java:finalizePipeline(123)) - Pipeline Pipeline[ Id: dbc31188-ae62-4307-b516-a0eb3a6bf1df, Nodes: 4b027227-a2cd-44eb-b647-10bc08a09d4f{ip: 192.168.36.107, host: pr-hdds-1949-jn7bv-2990118995, networkLocation: /default-rack, certSerialId: null}, Type:RATIS, Factor:ONE, State:CLOSED] moved to CLOSED state
2019-08-28 19:59:13,808 [EventQueue-StaleNodeForStaleNodeHandler] INFO  pipeline.SCMPipelineManager (SCMPipelineManager.java:finalizeAndDestroyPipeline(309)) - destroying pipeline:Pipeline[ Id: fc19fa3c-f21b-446c-abac-37e0854835ac, Nodes: b0f82e7e-889f-47d6-915f-90c6ca20be67{ip: 192.168.36.107, host: pr-hdds-1949-jn7bv-2990118995, networkLocation: /default-rack, certSerialId: null}4b027227-a2cd-44eb-b647-10bc08a09d4f{ip: 192.168.36.107, host: pr-hdds-1949-jn7bv-2990118995, networkLocation: /default-rack, certSerialId: null}a4e818e3-a12c-49ac-9be2-dae8a36de655{ip: 192.168.36.107, host: pr-hdds-1949-jn7bv-2990118995, networkLocation: /default-rack, certSerialId: null}, Type:RATIS, Factor:THREE, State:OPEN]
2019-08-28 19:59:13,808 [EventQueue-StaleNodeForStaleNodeHandler] INFO  pipeline.PipelineStateManager (PipelineStateManager.java:finalizePipeline(123)) - Pipeline Pipeline[ Id: fc19fa3c-f21b-446c-abac-37e0854835ac, Nodes: b0f82e7e-889f-47d6-915f-90c6ca20be67{ip: 192.168.36.107, host: pr-hdds-1949-jn7bv-2990118995, networkLocation: /default-rack, certSerialId: null}4b027227-a2cd-44eb-b647-10bc08a09d4f{ip: 192.168.36.107, host: pr-hdds-1949-jn7bv-2990118995, networkLocation: /default-rack, certSerialId: null}a4e818e3-a12c-49ac-9be2-dae8a36de655{ip: 192.168.36.107, host: pr-hdds-1949-jn7bv-2990118995, networkLocation: /default-rack, certSerialId: null}, Type:RATIS, Factor:THREE, State:CLOSED] moved to CLOSED state
2019-08-28 19:59:13,809 [EventQueue-CloseContainerForCloseContainerEventHandler] INFO  container.CloseContainerEventHandler (CloseContainerEventHandler.java:onMessage(61)) - Close container Event triggered for container : #2
2019-08-28 19:59:13,809 [EventQueue-StaleNodeForStaleNodeHandler] INFO  node.StaleNodeHandler (StaleNodeHandler.java:onMessage(58)) - Datanode a4e818e3-a12c-49ac-9be2-dae8a36de655{ip: 192.168.36.107, host: pr-hdds-1949-jn7bv-2990118995, networkLocation: /default-rack, certSerialId: null} moved to stale state. Finalizing its pipelines [PipelineID=fc19fa3c-f21b-446c-abac-37e0854835ac, PipelineID=274e36d4-b10d-44bc-8edf-16ad46029337]
2019-08-28 19:59:13,809 [EventQueue-StaleNodeForStaleNodeHandler] INFO  pipeline.SCMPipelineManager (SCMPipelineManager.java:finalizeAndDestroyPipeline(309)) - destroying pipeline:Pipeline[ Id: fc19fa3c-f21b-446c-abac-37e0854835ac, Nodes: b0f82e7e-889f-47d6-915f-90c6ca20be67{ip: 192.168.36.107, host: pr-hdds-1949-jn7bv-2990118995, networkLocation: /default-rack, certSerialId: null}4b027227-a2cd-44eb-b647-10bc08a09d4f{ip: 192.168.36.107, host: pr-hdds-1949-jn7bv-2990118995, networkLocation: /default-rack, certSerialId: null}a4e818e3-a12c-49ac-9be2-dae8a36de655{ip: 192.168.36.107, host: pr-hdds-1949-jn7bv-2990118995, networkLocation: /default-rack, certSerialId: null}, Type:RATIS, Factor:THREE, State:CLOSED]
2019-08-28 19:59:13,809 [EventQueue-StaleNodeForStaleNodeHandler] INFO  pipeline.SCMPipelineManager (SCMPipelineManager.java:finalizeAndDestroyPipeline(309)) - destroying pipeline:Pipeline[ Id: 274e36d4-b10d-44bc-8edf-16ad46029337, Nodes: a4e818e3-a12c-49ac-9be2-dae8a36de655{ip: 192.168.36.107, host: pr-hdds-1949-jn7bv-2990118995, networkLocation: /default-rack, certSerialId: null}, Type:RATIS, Factor:ONE, State:OPEN]
2019-08-28 19:59:13,810 [EventQueue-StaleNodeForStaleNodeHandler] INFO  pipeline.PipelineStateManager (PipelineStateManager.java:finalizePipeline(123)) - Pipeline Pipeline[ Id: 274e36d4-b10d-44bc-8edf-16ad46029337, Nodes: a4e818e3-a12c-49ac-9be2-dae8a36de655{ip: 192.168.36.107, host: pr-hdds-1949-jn7bv-2990118995, networkLocation: /default-rack, certSerialId: null}, Type:RATIS, Factor:ONE, State:CLOSED] moved to CLOSED state
2019-08-28 19:59:14,199 [main] INFO  ozoneimpl.OzoneContainer (OzoneContainer.java:stop(215)) - Attempting to stop container services.
2019-08-28 19:59:14,199 [main] INFO  impl.RaftServerProxy (RaftServerProxy.java:lambda$close$4(314)) - 4b027227-a2cd-44eb-b647-10bc08a09d4f: close
2019-08-28 19:59:14,200 [main] INFO  impl.RaftServerImpl (RaftServerImpl.java:lambda$shutdown$3(245)) - 4b027227-a2cd-44eb-b647-10bc08a09d4f: shutdown group-A0EB3A6BF1DF
2019-08-28 19:59:14,201 [main] INFO  util.JmxRegister (JmxRegister.java:unregister(73)) - Successfully un-registered JMX Bean with object name Ratis:service=RaftServer,group=group-A0EB3A6BF1DF,id=4b027227-a2cd-44eb-b647-10bc08a09d4f
2019-08-28 19:59:14,201 [main] INFO  impl.RoleInfo (RoleInfo.java:shutdownLeaderState(104)) - 4b027227-a2cd-44eb-b647-10bc08a09d4f: shutdown LeaderState
2019-08-28 19:59:14,202 [main] INFO  impl.PendingRequests (PendingRequests.java:sendNotLeaderResponses(202)) - 4b027227-a2cd-44eb-b647-10bc08a09d4f-PendingRequests: sendNotLeaderResponses
2019-08-28 19:59:14,202 [main] INFO  impl.StateMachineUpdater (StateMachineUpdater.java:stopAndJoin(115)) - StateMachineUpdater:4b027227-a2cd-44eb-b647-10bc08a09d4f:group-A0EB3A6BF1DF: set stopIndex = 0
2019-08-28 19:59:14,203 [main] INFO  impl.RaftServerImpl (ServerState.java:close(394)) - 4b027227-a2cd-44eb-b647-10bc08a09d4f:group-A0EB3A6BF1DF closes. The last applied log index is 0
2019-08-28 19:59:14,203 [4b027227-a2cd-44eb-b647-10bc08a09d4f-SegmentedRaftLogWorker:Storage Directory /workdir/hadoop-ozone/integration-test/target/test-dir/MiniOzoneClusterImpl-0a1989d7-c66c-4856-b49a-b1e0df50d07d/datanode-6/data/ratis/dbc31188-ae62-4307-b516-a0eb3a6bf1df] INFO  segmented.SegmentedRaftLogWorker (SegmentedRaftLogWorker.java:run(313)) - 4b027227-a2cd-44eb-b647-10bc08a09d4f-SegmentedRaftLogWorker:Storage Directory /workdir/hadoop-ozone/integration-test/target/test-dir/MiniOzoneClusterImpl-0a1989d7-c66c-4856-b49a-b1e0df50d07d/datanode-6/data/ratis/dbc31188-ae62-4307-b516-a0eb3a6bf1df was interrupted, exiting. There are 0 tasks remaining in the queue.
2019-08-28 19:59:14,211 [ForkJoinPool.commonPool-worker-1] INFO  ozoneimpl.OzoneContainer (OzoneContainer.java:stop(215)) - Attempting to stop container services.
2019-08-28 19:59:14,211 [ForkJoinPool.commonPool-worker-1] INFO  impl.RaftServerProxy (RaftServerProxy.java:lambda$close$4(314)) - a4e818e3-a12c-49ac-9be2-dae8a36de655: close
2019-08-28 19:59:14,212 [ForkJoinPool.commonPool-worker-1] INFO  impl.RaftServerImpl (RaftServerImpl.java:lambda$shutdown$3(245)) - a4e818e3-a12c-49ac-9be2-dae8a36de655: shutdown group-37E0854835AC
2019-08-28 19:59:14,212 [ForkJoinPool.commonPool-worker-1] INFO  util.JmxRegister (JmxRegister.java:unregister(73)) - Successfully un-registered JMX Bean with object name Ratis:service=RaftServer,group=group-37E0854835AC,id=a4e818e3-a12c-49ac-9be2-dae8a36de655
2019-08-28 19:59:14,212 [ForkJoinPool.commonPool-worker-1] INFO  impl.RoleInfo (RoleInfo.java:shutdownFollowerState(121)) - a4e818e3-a12c-49ac-9be2-dae8a36de655: shutdown FollowerState
2019-08-28 19:59:14,213 [ForkJoinPool.commonPool-worker-1] INFO  impl.StateMachineUpdater (StateMachineUpdater.java:stopAndJoin(115)) - StateMachineUpdater:a4e818e3-a12c-49ac-9be2-dae8a36de655:group-37E0854835AC: set stopIndex = 12
2019-08-28 19:59:14,213 [StateMachineUpdater:a4e818e3-a12c-49ac-9be2-dae8a36de655:group-37E0854835AC] INFO  ratis.ContainerStateMachine (ContainerStateMachine.java:takeSnapshot(284)) - group-37E0854835AC: Taking a snapshot at:(t:2, i:7) file /workdir/hadoop-ozone/integration-test/target/test-dir/MiniOzoneClusterImpl-0a1989d7-c66c-4856-b49a-b1e0df50d07d/datanode-0/data/ratis/fc19fa3c-f21b-446c-abac-37e0854835ac/sm/snapshot.2_7
2019-08-28 19:59:14,213 [Thread-350] INFO  impl.FollowerState (FollowerState.java:run(114)) - a4e818e3-a12c-49ac-9be2-dae8a36de655: FollowerState was interrupted: java.lang.InterruptedException: sleep interrupted
2019-08-28 19:59:14,235 [main] INFO  segmented.SegmentedRaftLogWorker (SegmentedRaftLogWorker.java:close(228)) - 4b027227-a2cd-44eb-b647-10bc08a09d4f-SegmentedRaftLogWorker:Storage Directory /workdir/hadoop-ozone/integration-test/target/test-dir/MiniOzoneClusterImpl-0a1989d7-c66c-4856-b49a-b1e0df50d07d/datanode-6/data/ratis/dbc31188-ae62-4307-b516-a0eb3a6bf1df close()
2019-08-28 19:59:14,238 [main] INFO  impl.RaftServerImpl (RaftServerImpl.java:lambda$shutdown$3(245)) - 4b027227-a2cd-44eb-b647-10bc08a09d4f: shutdown group-37E0854835AC
2019-08-28 19:59:14,239 [main] INFO  util.JmxRegister (JmxRegister.java:unregister(73)) - Successfully un-registered JMX Bean with object name Ratis:service=RaftServer,group=group-37E0854835AC,id=4b027227-a2cd-44eb-b647-10bc08a09d4f
2019-08-28 19:59:14,239 [main] INFO  impl.RoleInfo (RoleInfo.java:shutdownFollowerState(121)) - 4b027227-a2cd-44eb-b647-10bc08a09d4f: shutdown FollowerState
2019-08-28 19:59:14,240 [main] INFO  impl.StateMachineUpdater (StateMachineUpdater.java:stopAndJoin(115)) - StateMachineUpdater:4b027227-a2cd-44eb-b647-10bc08a09d4f:group-37E0854835AC: set stopIndex = 12
2019-08-28 19:59:14,240 [Thread-349] INFO  impl.FollowerState (FollowerState.java:run(114)) - 4b027227-a2cd-44eb-b647-10bc08a09d4f: FollowerState was interrupted: java.lang.InterruptedException: sleep interrupted
2019-08-28 19:59:14,240 [StateMachineUpdater:4b027227-a2cd-44eb-b647-10bc08a09d4f:group-37E0854835AC] INFO  ratis.ContainerStateMachine (ContainerStateMachine.java:takeSnapshot(284)) - group-37E0854835AC: Taking a snapshot at:(t:2, i:7) file /workdir/hadoop-ozone/integration-test/target/test-dir/MiniOzoneClusterImpl-0a1989d7-c66c-4856-b49a-b1e0df50d07d/datanode-6/data/ratis/fc19fa3c-f21b-446c-abac-37e0854835ac/sm/snapshot.2_7
2019-08-28 19:59:14,295 [StateMachineUpdater:a4e818e3-a12c-49ac-9be2-dae8a36de655:group-37E0854835AC] INFO  ratis.ContainerStateMachine (ContainerStateMachine.java:takeSnapshot(295)) - group-37E0854835AC: Finished taking a snapshot at:(t:2, i:7) file:/workdir/hadoop-ozone/integration-test/target/test-dir/MiniOzoneClusterImpl-0a1989d7-c66c-4856-b49a-b1e0df50d07d/datanode-0/data/ratis/fc19fa3c-f21b-446c-abac-37e0854835ac/sm/snapshot.2_7 time:83
2019-08-28 19:59:14,295 [StateMachineUpdater:4b027227-a2cd-44eb-b647-10bc08a09d4f:group-37E0854835AC] INFO  ratis.ContainerStateMachine (ContainerStateMachine.java:takeSnapshot(295)) - group-37E0854835AC: Finished taking a snapshot at:(t:2, i:7) file:/workdir/hadoop-ozone/integration-test/target/test-dir/MiniOzoneClusterImpl-0a1989d7-c66c-4856-b49a-b1e0df50d07d/datanode-6/data/ratis/fc19fa3c-f21b-446c-abac-37e0854835ac/sm/snapshot.2_7 time:56
2019-08-28 19:59:14,296 [StateMachineUpdater:a4e818e3-a12c-49ac-9be2-dae8a36de655:group-37E0854835AC] INFO  impl.StateMachineUpdater (StateMachineUpdater.java:takeSnapshot(242)) - StateMachineUpdater:a4e818e3-a12c-49ac-9be2-dae8a36de655:group-37E0854835AC: Took a snapshot at index 7
2019-08-28 19:59:14,296 [StateMachineUpdater:4b027227-a2cd-44eb-b647-10bc08a09d4f:group-37E0854835AC] INFO  impl.StateMachineUpdater (StateMachineUpdater.java:takeSnapshot(242)) - StateMachineUpdater:4b027227-a2cd-44eb-b647-10bc08a09d4f:group-37E0854835AC: Took a snapshot at index 7
2019-08-28 19:59:14,296 [StateMachineUpdater:a4e818e3-a12c-49ac-9be2-dae8a36de655:group-37E0854835AC] INFO  impl.StateMachineUpdater (StateMachineUpdater.java:lambda$new$0(80)) - StateMachineUpdater:a4e818e3-a12c-49ac-9be2-dae8a36de655:group-37E0854835AC: snapshotIndex: updateIncreasingly -1 -> 7
2019-08-28 19:59:14,296 [StateMachineUpdater:4b027227-a2cd-44eb-b647-10bc08a09d4f:group-37E0854835AC] INFO  impl.StateMachineUpdater (StateMachineUpdater.java:lambda$new$0(80)) - StateMachineUpdater:4b027227-a2cd-44eb-b647-10bc08a09d4f:group-37E0854835AC: snapshotIndex: updateIncreasingly -1 -> 7
2019-08-28 19:59:14,297 [main] INFO  impl.RaftServerImpl (ServerState.java:close(394)) - 4b027227-a2cd-44eb-b647-10bc08a09d4f:group-37E0854835AC closes. The last applied log index is 12
2019-08-28 19:59:14,297 [ForkJoinPool.commonPool-worker-1] INFO  impl.RaftServerImpl (ServerState.java:close(394)) - a4e818e3-a12c-49ac-9be2-dae8a36de655:group-37E0854835AC closes. The last applied log index is 12
2019-08-28 19:59:14,297 [4b027227-a2cd-44eb-b647-10bc08a09d4f-SegmentedRaftLogWorker:Storage Directory /workdir/hadoop-ozone/integration-test/target/test-dir/MiniOzoneClusterImpl-0a1989d7-c66c-4856-b49a-b1e0df50d07d/datanode-6/data/ratis/fc19fa3c-f21b-446c-abac-37e0854835ac] INFO  segmented.SegmentedRaftLogWorker (SegmentedRaftLogWorker.java:run(313)) - 4b027227-a2cd-44eb-b647-10bc08a09d4f-SegmentedRaftLogWorker:Storage Directory /workdir/hadoop-ozone/integration-test/target/test-dir/MiniOzoneClusterImpl-0a1989d7-c66c-4856-b49a-b1e0df50d07d/datanode-6/data/ratis/fc19fa3c-f21b-446c-abac-37e0854835ac was interrupted, exiting. There are 0 tasks remaining in the queue.
2019-08-28 19:59:14,298 [a4e818e3-a12c-49ac-9be2-dae8a36de655-SegmentedRaftLogWorker:Storage Directory /workdir/hadoop-ozone/integration-test/target/test-dir/MiniOzoneClusterImpl-0a1989d7-c66c-4856-b49a-b1e0df50d07d/datanode-0/data/ratis/fc19fa3c-f21b-446c-abac-37e0854835ac] INFO  segmented.SegmentedRaftLogWorker (SegmentedRaftLogWorker.java:run(313)) - a4e818e3-a12c-49ac-9be2-dae8a36de655-SegmentedRaftLogWorker:Storage Directory /workdir/hadoop-ozone/integration-test/target/test-dir/MiniOzoneClusterImpl-0a1989d7-c66c-4856-b49a-b1e0df50d07d/datanode-0/data/ratis/fc19fa3c-f21b-446c-abac-37e0854835ac was interrupted, exiting. There are 0 tasks remaining in the queue.
2019-08-28 19:59:14,299 [main] INFO  segmented.SegmentedRaftLogWorker (SegmentedRaftLogWorker.java:close(228)) - 4b027227-a2cd-44eb-b647-10bc08a09d4f-SegmentedRaftLogWorker:Storage Directory /workdir/hadoop-ozone/integration-test/target/test-dir/MiniOzoneClusterImpl-0a1989d7-c66c-4856-b49a-b1e0df50d07d/datanode-6/data/ratis/fc19fa3c-f21b-446c-abac-37e0854835ac close()
2019-08-28 19:59:14,301 [ForkJoinPool.commonPool-worker-1] INFO  segmented.SegmentedRaftLogWorker (SegmentedRaftLogWorker.java:close(228)) - a4e818e3-a12c-49ac-9be2-dae8a36de655-SegmentedRaftLogWorker:Storage Directory /workdir/hadoop-ozone/integration-test/target/test-dir/MiniOzoneClusterImpl-0a1989d7-c66c-4856-b49a-b1e0df50d07d/datanode-0/data/ratis/fc19fa3c-f21b-446c-abac-37e0854835ac close()
2019-08-28 19:59:14,304 [main] INFO  server.GrpcService (GrpcService.java:closeImpl(155)) - 4b027227-a2cd-44eb-b647-10bc08a09d4f: shutdown server with port 45159 now
2019-08-28 19:59:14,312 [ForkJoinPool.commonPool-worker-1] INFO  impl.RaftServerImpl (RaftServerImpl.java:lambda$shutdown$3(245)) - a4e818e3-a12c-49ac-9be2-dae8a36de655: shutdown group-16AD46029337
2019-08-28 19:59:14,316 [ForkJoinPool.commonPool-worker-1] INFO  util.JmxRegister (JmxRegister.java:unregister(73)) - Successfully un-registered JMX Bean with object name Ratis:service=RaftServer,group=group-16AD46029337,id=a4e818e3-a12c-49ac-9be2-dae8a36de655
2019-08-28 19:59:14,316 [ForkJoinPool.commonPool-worker-1] INFO  impl.RoleInfo (RoleInfo.java:shutdownLeaderState(104)) - a4e818e3-a12c-49ac-9be2-dae8a36de655: shutdown LeaderState
2019-08-28 19:59:14,317 [ForkJoinPool.commonPool-worker-1] INFO  impl.PendingRequests (PendingRequests.java:sendNotLeaderResponses(202)) - a4e818e3-a12c-49ac-9be2-dae8a36de655-PendingRequests: sendNotLeaderResponses
2019-08-28 19:59:14,317 [grpc-default-executor-4] WARN  server.GrpcServerProtocolService (LogUtils.java:warn(134)) - 4b027227-a2cd-44eb-b647-10bc08a09d4f: appendEntries onError: org.apache.ratis.thirdparty.io.grpc.StatusRuntimeException: CANCELLED: cancelled before receiving half close
2019-08-28 19:59:14,317 [ForkJoinPool.commonPool-worker-1] INFO  impl.StateMachineUpdater (StateMachineUpdater.java:stopAndJoin(115)) - StateMachineUpdater:a4e818e3-a12c-49ac-9be2-dae8a36de655:group-16AD46029337: set stopIndex = 0
2019-08-28 19:59:14,318 [main] INFO  server.GrpcService (GrpcService.java:closeImpl(163)) - 4b027227-a2cd-44eb-b647-10bc08a09d4f: shutdown server with port 45159 successfully
2019-08-28 19:59:14,318 [grpc-default-executor-0] WARN  server.GrpcLogAppender (LogUtils.java:warn(134)) - b0f82e7e-889f-47d6-915f-90c6ca20be67->4b027227-a2cd-44eb-b647-10bc08a09d4f: Failed appendEntries: org.apache.ratis.thirdparty.io.grpc.StatusRuntimeException: CANCELLED: HTTP/2 error code: CANCEL
Received Rst Stream
2019-08-28 19:59:14,318 [ForkJoinPool.commonPool-worker-1] INFO  impl.RaftServerImpl (ServerState.java:close(394)) - a4e818e3-a12c-49ac-9be2-dae8a36de655:group-16AD46029337 closes. The last applied log index is 0
2019-08-28 19:59:14,319 [grpc-default-executor-0] INFO  impl.FollowerInfo (FollowerInfo.java:lambda$new$0(50)) - b0f82e7e-889f-47d6-915f-90c6ca20be67->4b027227-a2cd-44eb-b647-10bc08a09d4f: nextIndex: updateUnconditionally 13 -> 12
2019-08-28 19:59:14,319 [a4e818e3-a12c-49ac-9be2-dae8a36de655-SegmentedRaftLogWorker:Storage Directory /workdir/hadoop-ozone/integration-test/target/test-dir/MiniOzoneClusterImpl-0a1989d7-c66c-4856-b49a-b1e0df50d07d/datanode-0/data/ratis/274e36d4-b10d-44bc-8edf-16ad46029337] INFO  segmented.SegmentedRaftLogWorker (SegmentedRaftLogWorker.java:run(313)) - a4e818e3-a12c-49ac-9be2-dae8a36de655-SegmentedRaftLogWorker:Storage Directory /workdir/hadoop-ozone/integration-test/target/test-dir/MiniOzoneClusterImpl-0a1989d7-c66c-4856-b49a-b1e0df50d07d/datanode-0/data/ratis/274e36d4-b10d-44bc-8edf-16ad46029337 was interrupted, exiting. There are 0 tasks remaining in the queue.
2019-08-28 19:59:14,319 [ForkJoinPool.commonPool-worker-1] INFO  segmented.SegmentedRaftLogWorker (SegmentedRaftLogWorker.java:close(228)) - a4e818e3-a12c-49ac-9be2-dae8a36de655-SegmentedRaftLogWorker:Storage Directory /workdir/hadoop-ozone/integration-test/target/test-dir/MiniOzoneClusterImpl-0a1989d7-c66c-4856-b49a-b1e0df50d07d/datanode-0/data/ratis/274e36d4-b10d-44bc-8edf-16ad46029337 close()
2019-08-28 19:59:14,321 [ForkJoinPool.commonPool-worker-1] INFO  server.GrpcService (GrpcService.java:closeImpl(155)) - a4e818e3-a12c-49ac-9be2-dae8a36de655: shutdown server with port 35700 now
2019-08-28 19:59:14,322 [grpc-default-executor-3] WARN  server.GrpcServerProtocolService (LogUtils.java:warn(134)) - a4e818e3-a12c-49ac-9be2-dae8a36de655: appendEntries onError: org.apache.ratis.thirdparty.io.grpc.StatusRuntimeException: CANCELLED: cancelled before receiving half close
2019-08-28 19:59:14,324 [ForkJoinPool.commonPool-worker-1] INFO  server.GrpcService (GrpcService.java:closeImpl(163)) - a4e818e3-a12c-49ac-9be2-dae8a36de655: shutdown server with port 35700 successfully
2019-08-28 19:59:14,324 [grpc-default-executor-0] WARN  server.GrpcLogAppender (LogUtils.java:warn(134)) - b0f82e7e-889f-47d6-915f-90c6ca20be67->a4e818e3-a12c-49ac-9be2-dae8a36de655: Failed appendEntries: org.apache.ratis.thirdparty.io.grpc.StatusRuntimeException: CANCELLED: HTTP/2 error code: CANCEL
Received Rst Stream
2019-08-28 19:59:14,324 [grpc-default-executor-0] INFO  impl.FollowerInfo (FollowerInfo.java:lambda$new$0(50)) - b0f82e7e-889f-47d6-915f-90c6ca20be67->a4e818e3-a12c-49ac-9be2-dae8a36de655: nextIndex: updateUnconditionally 13 -> 12
2019-08-28 19:59:14,325 [refreshUsed-/workdir/hadoop-ozone/integration-test/target/test-dir/MiniOzoneClusterImpl-0a1989d7-c66c-4856-b49a-b1e0df50d07d/datanode-0/data/containers] WARN  fs.CachingGetSpaceUsed (CachingGetSpaceUsed.java:run(183)) - Thread Interrupted waiting to refresh disk information: sleep interrupted
2019-08-28 19:59:14,333 [refreshUsed-/workdir/hadoop-ozone/integration-test/target/test-dir/MiniOzoneClusterImpl-0a1989d7-c66c-4856-b49a-b1e0df50d07d/datanode-6/data/containers] WARN  fs.CachingGetSpaceUsed (CachingGetSpaceUsed.java:run(183)) - Thread Interrupted waiting to refresh disk information: sleep interrupted
2019-08-28 19:59:14,342 [ForkJoinPool.commonPool-worker-1] INFO  utils.BackgroundService (BackgroundService.java:shutdown(148)) - Shutting down service BlockDeletingService
2019-08-28 19:59:14,345 [ForkJoinPool.commonPool-worker-1] INFO  statemachine.DatanodeStateMachine (DatanodeStateMachine.java:stopDaemon(395)) - Ozone container server stopped.
2019-08-28 19:59:14,348 [ForkJoinPool.commonPool-worker-1] INFO  handler.ContextHandler (ContextHandler.java:doStop(910)) - Stopped o.e.j.w.WebAppContext@76ad6715{/,null,UNAVAILABLE}{/hddsDatanode}
2019-08-28 19:59:14,348 [ForkJoinPool.commonPool-worker-1] INFO  server.AbstractConnector (AbstractConnector.java:doStop(318)) - Stopped ServerConnector@56637cff{HTTP/1.1,[http/1.1]}{0.0.0.0:0}
2019-08-28 19:59:14,349 [ForkJoinPool.commonPool-worker-1] INFO  handler.ContextHandler (ContextHandler.java:doStop(910)) - Stopped o.e.j.s.ServletContextHandler@44cffc25{/static,jar:file:/home/user/.m2/repository/org/apache/hadoop/hadoop-hdds-container-service/0.5.0-SNAPSHOT/hadoop-hdds-container-service-0.5.0-SNAPSHOT.jar!/webapps/static,UNAVAILABLE}
2019-08-28 19:59:14,350 [ForkJoinPool.commonPool-worker-1] INFO  handler.ContextHandler (ContextHandler.java:doStop(910)) - Stopped o.e.j.s.ServletContextHandler@671d1157{/logs,file:///workdir/hadoop-ozone/integration-test/target/log,UNAVAILABLE}
2019-08-28 19:59:14,354 [main] INFO  utils.BackgroundService (BackgroundService.java:shutdown(148)) - Shutting down service BlockDeletingService
2019-08-28 19:59:14,356 [main] INFO  statemachine.DatanodeStateMachine (DatanodeStateMachine.java:stopDaemon(395)) - Ozone container server stopped.
2019-08-28 19:59:14,357 [main] INFO  handler.ContextHandler (ContextHandler.java:doStop(910)) - Stopped o.e.j.w.WebAppContext@6ab4a5b{/,null,UNAVAILABLE}{/hddsDatanode}
2019-08-28 19:59:14,357 [main] INFO  server.AbstractConnector (AbstractConnector.java:doStop(318)) - Stopped ServerConnector@2abe9173{HTTP/1.1,[http/1.1]}{0.0.0.0:0}
2019-08-28 19:59:14,358 [main] INFO  handler.ContextHandler (ContextHandler.java:doStop(910)) - Stopped o.e.j.s.ServletContextHandler@68ac9ec5{/static,jar:file:/home/user/.m2/repository/org/apache/hadoop/hadoop-hdds-container-service/0.5.0-SNAPSHOT/hadoop-hdds-container-service-0.5.0-SNAPSHOT.jar!/webapps/static,UNAVAILABLE}
2019-08-28 19:59:14,358 [main] INFO  handler.ContextHandler (ContextHandler.java:doStop(910)) - Stopped o.e.j.s.ServletContextHandler@30f74e79{/logs,file:///workdir/hadoop-ozone/integration-test/target/log,UNAVAILABLE}
2019-08-28 19:59:14,713 [Datanode State Machine Thread - 0] INFO  statemachine.DatanodeStateMachine (DatanodeStateMachine.java:lambda$startDaemon$0(350)) - Ozone container server started.
2019-08-28 19:59:16,001 [grpc-default-executor-1] WARN  server.GrpcLogAppender (LogUtils.java:warn(134)) - b0f82e7e-889f-47d6-915f-90c6ca20be67->a4e818e3-a12c-49ac-9be2-dae8a36de655: Failed appendEntries: org.apache.ratis.thirdparty.io.grpc.StatusRuntimeException: UNAVAILABLE: io exception
2019-08-28 19:59:16,001 [grpc-default-executor-0] WARN  server.GrpcLogAppender (LogUtils.java:warn(134)) - b0f82e7e-889f-47d6-915f-90c6ca20be67->4b027227-a2cd-44eb-b647-10bc08a09d4f: Failed appendEntries: org.apache.ratis.thirdparty.io.grpc.StatusRuntimeException: UNAVAILABLE: io exception
2019-08-28 19:59:16,004 [grpc-default-executor-1] INFO  impl.FollowerInfo (FollowerInfo.java:lambda$new$0(50)) - b0f82e7e-889f-47d6-915f-90c6ca20be67->a4e818e3-a12c-49ac-9be2-dae8a36de655: nextIndex: updateUnconditionally 12 -> 11
2019-08-28 19:59:16,004 [grpc-default-executor-0] INFO  impl.FollowerInfo (FollowerInfo.java:lambda$new$0(50)) - b0f82e7e-889f-47d6-915f-90c6ca20be67->4b027227-a2cd-44eb-b647-10bc08a09d4f: nextIndex: updateUnconditionally 12 -> 11
2019-08-28 19:59:18,502 [grpc-default-executor-4] WARN  server.GrpcLogAppender (LogUtils.java:warn(134)) - b0f82e7e-889f-47d6-915f-90c6ca20be67->4b027227-a2cd-44eb-b647-10bc08a09d4f: Failed appendEntries: org.apache.ratis.thirdparty.io.grpc.StatusRuntimeException: UNAVAILABLE: io exception
2019-08-28 19:59:18,502 [grpc-default-executor-3] WARN  server.GrpcLogAppender (LogUtils.java:warn(134)) - b0f82e7e-889f-47d6-915f-90c6ca20be67->a4e818e3-a12c-49ac-9be2-dae8a36de655: Failed appendEntries: org.apache.ratis.thirdparty.io.grpc.StatusRuntimeException: UNAVAILABLE: io exception
2019-08-28 19:59:18,503 [grpc-default-executor-4] INFO  impl.FollowerInfo (FollowerInfo.java:lambda$new$0(50)) - b0f82e7e-889f-47d6-915f-90c6ca20be67->4b027227-a2cd-44eb-b647-10bc08a09d4f: nextIndex: updateUnconditionally 11 -> 10
2019-08-28 19:59:18,504 [grpc-default-executor-3] INFO  impl.FollowerInfo (FollowerInfo.java:lambda$new$0(50)) - b0f82e7e-889f-47d6-915f-90c6ca20be67->a4e818e3-a12c-49ac-9be2-dae8a36de655: nextIndex: updateUnconditionally 11 -> 10
2019-08-28 19:59:18,719 [EventQueue-StaleNodeForStaleNodeHandler] INFO  node.StaleNodeHandler (StaleNodeHandler.java:onMessage(58)) - Datanode b0f82e7e-889f-47d6-915f-90c6ca20be67{ip: 192.168.36.107, host: pr-hdds-1949-jn7bv-2990118995, networkLocation: /default-rack, certSerialId: null} moved to stale state. Finalizing its pipelines [PipelineID=6d5240ea-78aa-41fe-b84c-10c3e39cf339, PipelineID=fc19fa3c-f21b-446c-abac-37e0854835ac]
2019-08-28 19:59:18,720 [EventQueue-StaleNodeForStaleNodeHandler] INFO  pipeline.SCMPipelineManager (SCMPipelineManager.java:finalizeAndDestroyPipeline(309)) - destroying pipeline:Pipeline[ Id: 6d5240ea-78aa-41fe-b84c-10c3e39cf339, Nodes: b0f82e7e-889f-47d6-915f-90c6ca20be67{ip: 192.168.36.107, host: pr-hdds-1949-jn7bv-2990118995, networkLocation: /default-rack, certSerialId: null}, Type:RATIS, Factor:ONE, State:OPEN]
2019-08-28 19:59:18,720 [EventQueue-StaleNodeForStaleNodeHandler] INFO  pipeline.PipelineStateManager (PipelineStateManager.java:finalizePipeline(123)) - Pipeline Pipeline[ Id: 6d5240ea-78aa-41fe-b84c-10c3e39cf339, Nodes: b0f82e7e-889f-47d6-915f-90c6ca20be67{ip: 192.168.36.107, host: pr-hdds-1949-jn7bv-2990118995, networkLocation: /default-rack, certSerialId: null}, Type:RATIS, Factor:ONE, State:CLOSED] moved to CLOSED state
2019-08-28 19:59:18,721 [EventQueue-StaleNodeForStaleNodeHandler] INFO  pipeline.SCMPipelineManager (SCMPipelineManager.java:finalizeAndDestroyPipeline(309)) - destroying pipeline:Pipeline[ Id: fc19fa3c-f21b-446c-abac-37e0854835ac, Nodes: b0f82e7e-889f-47d6-915f-90c6ca20be67{ip: 192.168.36.107, host: pr-hdds-1949-jn7bv-2990118995, networkLocation: /default-rack, certSerialId: null}4b027227-a2cd-44eb-b647-10bc08a09d4f{ip: 192.168.36.107, host: pr-hdds-1949-jn7bv-2990118995, networkLocation: /default-rack, certSerialId: null}a4e818e3-a12c-49ac-9be2-dae8a36de655{ip: 192.168.36.107, host: pr-hdds-1949-jn7bv-2990118995, networkLocation: /default-rack, certSerialId: null}, Type:RATIS, Factor:THREE, State:CLOSED]
2019-08-28 19:59:19,351 [ForkJoinPool.commonPool-worker-1] INFO  ozoneimpl.OzoneContainer (OzoneContainer.java:stop(215)) - Attempting to stop container services.
2019-08-28 19:59:19,352 [ForkJoinPool.commonPool-worker-1] INFO  impl.RaftServerProxy (RaftServerProxy.java:lambda$close$4(314)) - b0f82e7e-889f-47d6-915f-90c6ca20be67: close
2019-08-28 19:59:19,353 [ForkJoinPool.commonPool-worker-1] INFO  impl.RaftServerImpl (RaftServerImpl.java:lambda$shutdown$3(245)) - b0f82e7e-889f-47d6-915f-90c6ca20be67: shutdown group-10C3E39CF339
2019-08-28 19:59:19,353 [ForkJoinPool.commonPool-worker-1] INFO  util.JmxRegister (JmxRegister.java:unregister(73)) - Successfully un-registered JMX Bean with object name Ratis:service=RaftServer,group=group-10C3E39CF339,id=b0f82e7e-889f-47d6-915f-90c6ca20be67
2019-08-28 19:59:19,353 [ForkJoinPool.commonPool-worker-1] INFO  impl.RoleInfo (RoleInfo.java:shutdownLeaderState(104)) - b0f82e7e-889f-47d6-915f-90c6ca20be67: shutdown LeaderState
2019-08-28 19:59:19,353 [ForkJoinPool.commonPool-worker-1] INFO  impl.PendingRequests (PendingRequests.java:sendNotLeaderResponses(202)) - b0f82e7e-889f-47d6-915f-90c6ca20be67-PendingRequests: sendNotLeaderResponses
2019-08-28 19:59:19,354 [ForkJoinPool.commonPool-worker-1] INFO  impl.StateMachineUpdater (StateMachineUpdater.java:stopAndJoin(115)) - StateMachineUpdater:b0f82e7e-889f-47d6-915f-90c6ca20be67:group-10C3E39CF339: set stopIndex = 0
2019-08-28 19:59:19,355 [ForkJoinPool.commonPool-worker-1] INFO  impl.RaftServerImpl (ServerState.java:close(394)) - b0f82e7e-889f-47d6-915f-90c6ca20be67:group-10C3E39CF339 closes. The last applied log index is 0
2019-08-28 19:59:19,355 [b0f82e7e-889f-47d6-915f-90c6ca20be67-SegmentedRaftLogWorker:Storage Directory /workdir/hadoop-ozone/integration-test/target/test-dir/MiniOzoneClusterImpl-0a1989d7-c66c-4856-b49a-b1e0df50d07d/datanode-5/data/ratis/6d5240ea-78aa-41fe-b84c-10c3e39cf339] INFO  segmented.SegmentedRaftLogWorker (SegmentedRaftLogWorker.java:run(313)) - b0f82e7e-889f-47d6-915f-90c6ca20be67-SegmentedRaftLogWorker:Storage Directory /workdir/hadoop-ozone/integration-test/target/test-dir/MiniOzoneClusterImpl-0a1989d7-c66c-4856-b49a-b1e0df50d07d/datanode-5/data/ratis/6d5240ea-78aa-41fe-b84c-10c3e39cf339 was interrupted, exiting. There are 0 tasks remaining in the queue.
2019-08-28 19:59:19,367 [ForkJoinPool.commonPool-worker-1] INFO  segmented.SegmentedRaftLogWorker (SegmentedRaftLogWorker.java:close(228)) - b0f82e7e-889f-47d6-915f-90c6ca20be67-SegmentedRaftLogWorker:Storage Directory /workdir/hadoop-ozone/integration-test/target/test-dir/MiniOzoneClusterImpl-0a1989d7-c66c-4856-b49a-b1e0df50d07d/datanode-5/data/ratis/6d5240ea-78aa-41fe-b84c-10c3e39cf339 close()
2019-08-28 19:59:19,369 [ForkJoinPool.commonPool-worker-1] INFO  impl.RaftServerImpl (RaftServerImpl.java:lambda$shutdown$3(245)) - b0f82e7e-889f-47d6-915f-90c6ca20be67: shutdown group-37E0854835AC
2019-08-28 19:59:19,369 [ForkJoinPool.commonPool-worker-1] INFO  util.JmxRegister (JmxRegister.java:unregister(73)) - Successfully un-registered JMX Bean with object name Ratis:service=RaftServer,group=group-37E0854835AC,id=b0f82e7e-889f-47d6-915f-90c6ca20be67
2019-08-28 19:59:19,369 [ForkJoinPool.commonPool-worker-1] INFO  impl.RoleInfo (RoleInfo.java:shutdownLeaderState(104)) - b0f82e7e-889f-47d6-915f-90c6ca20be67: shutdown LeaderState
2019-08-28 19:59:19,371 [ForkJoinPool.commonPool-worker-1] INFO  impl.PendingRequests (PendingRequests.java:sendNotLeaderResponses(202)) - b0f82e7e-889f-47d6-915f-90c6ca20be67-PendingRequests: sendNotLeaderResponses
2019-08-28 19:59:19,371 [org.apache.ratis.server.impl.LogAppender$AppenderDaemon$$Lambda$501/1089294070@3a8181c3] WARN  server.GrpcLogAppender (GrpcLogAppender.java:mayWait(143)) - GrpcLogAppender(b0f82e7e-889f-47d6-915f-90c6ca20be67->4b027227-a2cd-44eb-b647-10bc08a09d4f): Wait interrupted by java.lang.InterruptedException
2019-08-28 19:59:19,371 [org.apache.ratis.server.impl.LogAppender$AppenderDaemon$$Lambda$501/1089294070@7596da3] WARN  server.GrpcLogAppender (GrpcLogAppender.java:mayWait(143)) - GrpcLogAppender(b0f82e7e-889f-47d6-915f-90c6ca20be67->a4e818e3-a12c-49ac-9be2-dae8a36de655): Wait interrupted by java.lang.InterruptedException
2019-08-28 19:59:19,375 [ForkJoinPool.commonPool-worker-1] INFO  impl.StateMachineUpdater (StateMachineUpdater.java:stopAndJoin(115)) - StateMachineUpdater:b0f82e7e-889f-47d6-915f-90c6ca20be67:group-37E0854835AC: set stopIndex = 12
2019-08-28 19:59:19,375 [StateMachineUpdater:b0f82e7e-889f-47d6-915f-90c6ca20be67:group-37E0854835AC] INFO  ratis.ContainerStateMachine (ContainerStateMachine.java:takeSnapshot(284)) - group-37E0854835AC: Taking a snapshot at:(t:2, i:12) file /workdir/hadoop-ozone/integration-test/target/test-dir/MiniOzoneClusterImpl-0a1989d7-c66c-4856-b49a-b1e0df50d07d/datanode-5/data/ratis/fc19fa3c-f21b-446c-abac-37e0854835ac/sm/snapshot.2_12
2019-08-28 19:59:19,409 [StateMachineUpdater:b0f82e7e-889f-47d6-915f-90c6ca20be67:group-37E0854835AC] INFO  ratis.ContainerStateMachine (ContainerStateMachine.java:takeSnapshot(295)) - group-37E0854835AC: Finished taking a snapshot at:(t:2, i:12) file:/workdir/hadoop-ozone/integration-test/target/test-dir/MiniOzoneClusterImpl-0a1989d7-c66c-4856-b49a-b1e0df50d07d/datanode-5/data/ratis/fc19fa3c-f21b-446c-abac-37e0854835ac/sm/snapshot.2_12 time:34
2019-08-28 19:59:19,409 [StateMachineUpdater:b0f82e7e-889f-47d6-915f-90c6ca20be67:group-37E0854835AC] INFO  impl.StateMachineUpdater (StateMachineUpdater.java:takeSnapshot(242)) - StateMachineUpdater:b0f82e7e-889f-47d6-915f-90c6ca20be67:group-37E0854835AC: Took a snapshot at index 12
2019-08-28 19:59:19,410 [StateMachineUpdater:b0f82e7e-889f-47d6-915f-90c6ca20be67:group-37E0854835AC] INFO  impl.StateMachineUpdater (StateMachineUpdater.java:lambda$new$0(80)) - StateMachineUpdater:b0f82e7e-889f-47d6-915f-90c6ca20be67:group-37E0854835AC: snapshotIndex: updateIncreasingly -1 -> 12
2019-08-28 19:59:19,410 [ForkJoinPool.commonPool-worker-1] INFO  impl.RaftServerImpl (ServerState.java:close(394)) - b0f82e7e-889f-47d6-915f-90c6ca20be67:group-37E0854835AC closes. The last applied log index is 12
2019-08-28 19:59:19,411 [b0f82e7e-889f-47d6-915f-90c6ca20be67-SegmentedRaftLogWorker:Storage Directory /workdir/hadoop-ozone/integration-test/target/test-dir/MiniOzoneClusterImpl-0a1989d7-c66c-4856-b49a-b1e0df50d07d/datanode-5/data/ratis/fc19fa3c-f21b-446c-abac-37e0854835ac] INFO  segmented.SegmentedRaftLogWorker (SegmentedRaftLogWorker.java:run(313)) - b0f82e7e-889f-47d6-915f-90c6ca20be67-SegmentedRaftLogWorker:Storage Directory /workdir/hadoop-ozone/integration-test/target/test-dir/MiniOzoneClusterImpl-0a1989d7-c66c-4856-b49a-b1e0df50d07d/datanode-5/data/ratis/fc19fa3c-f21b-446c-abac-37e0854835ac was interrupted, exiting. There are 0 tasks remaining in the queue.
2019-08-28 19:59:19,411 [ForkJoinPool.commonPool-worker-1] INFO  segmented.SegmentedRaftLogWorker (SegmentedRaftLogWorker.java:close(228)) - b0f82e7e-889f-47d6-915f-90c6ca20be67-SegmentedRaftLogWorker:Storage Directory /workdir/hadoop-ozone/integration-test/target/test-dir/MiniOzoneClusterImpl-0a1989d7-c66c-4856-b49a-b1e0df50d07d/datanode-5/data/ratis/fc19fa3c-f21b-446c-abac-37e0854835ac close()
2019-08-28 19:59:19,412 [ForkJoinPool.commonPool-worker-1] INFO  server.GrpcService (GrpcService.java:closeImpl(155)) - b0f82e7e-889f-47d6-915f-90c6ca20be67: shutdown server with port 36215 now
2019-08-28 19:59:19,413 [ForkJoinPool.commonPool-worker-1] INFO  server.GrpcService (GrpcService.java:closeImpl(163)) - b0f82e7e-889f-47d6-915f-90c6ca20be67: shutdown server with port 36215 successfully
2019-08-28 19:59:19,415 [refreshUsed-/workdir/hadoop-ozone/integration-test/target/test-dir/MiniOzoneClusterImpl-0a1989d7-c66c-4856-b49a-b1e0df50d07d/datanode-5/data/containers] WARN  fs.CachingGetSpaceUsed (CachingGetSpaceUsed.java:run(183)) - Thread Interrupted waiting to refresh disk information: sleep interrupted
2019-08-28 19:59:19,436 [ForkJoinPool.commonPool-worker-1] INFO  utils.BackgroundService (BackgroundService.java:shutdown(148)) - Shutting down service BlockDeletingService
2019-08-28 19:59:19,438 [ForkJoinPool.commonPool-worker-1] INFO  statemachine.DatanodeStateMachine (DatanodeStateMachine.java:stopDaemon(395)) - Ozone container server stopped.
2019-08-28 19:59:20,089 [ForkJoinPool.commonPool-worker-1] INFO  handler.ContextHandler (ContextHandler.java:doStop(910)) - Stopped o.e.j.w.WebAppContext@37045b48{/,null,UNAVAILABLE}{/hddsDatanode}
2019-08-28 19:59:20,091 [ForkJoinPool.commonPool-worker-1] INFO  server.AbstractConnector (AbstractConnector.java:doStop(318)) - Stopped ServerConnector@60b34931{HTTP/1.1,[http/1.1]}{0.0.0.0:0}
2019-08-28 19:59:20,092 [ForkJoinPool.commonPool-worker-1] INFO  handler.ContextHandler (ContextHandler.java:doStop(910)) - Stopped o.e.j.s.ServletContextHandler@3af7d855{/static,jar:file:/home/user/.m2/repository/org/apache/hadoop/hadoop-hdds-container-service/0.5.0-SNAPSHOT/hadoop-hdds-container-service-0.5.0-SNAPSHOT.jar!/webapps/static,UNAVAILABLE}
2019-08-28 19:59:20,093 [ForkJoinPool.commonPool-worker-1] INFO  handler.ContextHandler (ContextHandler.java:doStop(910)) - Stopped o.e.j.s.ServletContextHandler@1d1cbd0f{/logs,file:///workdir/hadoop-ozone/integration-test/target/log,UNAVAILABLE}
2019-08-28 19:59:20,094 [main] INFO  ozone.MiniOzoneClusterImpl (MiniOzoneClusterImpl.java:stopSCM(387)) - Stopping the StorageContainerManager
2019-08-28 19:59:20,095 [main] INFO  server.StorageContainerManager (StorageContainerManager.java:stop(797)) - Stopping Replication Manager Service.
2019-08-28 19:59:20,095 [main] INFO  container.ReplicationManager (ReplicationManager.java:stop(193)) - Stopping Replication Monitor Thread.
2019-08-28 19:59:20,095 [main] INFO  server.StorageContainerManager (StorageContainerManager.java:stop(804)) - Stopping Lease Manager of the command watchers
2019-08-28 19:59:20,095 [main] INFO  server.StorageContainerManager (StorageContainerManager.java:stop(811)) - Stopping datanode service RPC server
2019-08-28 19:59:20,096 [main] INFO  server.SCMDatanodeProtocolServer (SCMDatanodeProtocolServer.java:stop(367)) - Stopping the RPC server for DataNodes
2019-08-28 19:59:20,096 [main] INFO  ipc.Server (Server.java:stop(3082)) - Stopping server on 34750
2019-08-28 19:59:20,097 [IPC Server listener on 34750] INFO  ipc.Server (Server.java:run(1185)) - Stopping IPC Server listener on 34750
2019-08-28 19:59:20,098 [IPC Server Responder] INFO  ipc.Server (Server.java:run(1319)) - Stopping IPC Server Responder
2019-08-28 19:59:20,122 [SCM Heartbeat Processing Thread - 0] WARN  node.NodeStateManager (NodeStateManager.java:scheduleNextHealthCheck(646)) - Current Thread is interrupted, shutting down HB processing thread for Node Manager.
2019-08-28 19:59:20,122 [main] INFO  server.StorageContainerManager (StorageContainerManager.java:stop(819)) - Stopping block service RPC server
2019-08-28 19:59:20,122 [main] INFO  server.SCMBlockProtocolServer (SCMBlockProtocolServer.java:stop(149)) - Stopping the RPC server for Block Protocol
2019-08-28 19:59:20,123 [main] INFO  ipc.Server (Server.java:stop(3082)) - Stopping server on 41618
2019-08-28 19:59:20,123 [IPC Server listener on 41618] INFO  ipc.Server (Server.java:run(1185)) - Stopping IPC Server listener on 41618
2019-08-28 19:59:20,123 [main] INFO  server.StorageContainerManager (StorageContainerManager.java:stop(826)) - Stopping the StorageContainerLocationProtocol RPC server
2019-08-28 19:59:20,124 [main] INFO  server.SCMClientProtocolServer (SCMClientProtocolServer.java:stop(159)) - Stopping the RPC server for Client Protocol
2019-08-28 19:59:20,125 [main] INFO  ipc.Server (Server.java:stop(3082)) - Stopping server on 46449
2019-08-28 19:59:20,125 [IPC Server Responder] INFO  ipc.Server (Server.java:run(1319)) - Stopping IPC Server Responder
2019-08-28 19:59:20,127 [IPC Server listener on 46449] INFO  ipc.Server (Server.java:run(1185)) - Stopping IPC Server listener on 46449
2019-08-28 19:59:20,127 [main] INFO  server.StorageContainerManager (StorageContainerManager.java:stop(833)) - Stopping Storage Container Manager HTTP server.
2019-08-28 19:59:20,128 [IPC Server Responder] INFO  ipc.Server (Server.java:run(1319)) - Stopping IPC Server Responder
2019-08-28 19:59:20,129 [main] INFO  handler.ContextHandler (ContextHandler.java:doStop(910)) - Stopped o.e.j.w.WebAppContext@158d255c{/,null,UNAVAILABLE}{/scm}
2019-08-28 19:59:20,130 [main] INFO  server.AbstractConnector (AbstractConnector.java:doStop(318)) - Stopped ServerConnector@2ad3a1bb{HTTP/1.1,[http/1.1]}{0.0.0.0:0}
2019-08-28 19:59:20,130 [main] INFO  handler.ContextHandler (ContextHandler.java:doStop(910)) - Stopped o.e.j.s.ServletContextHandler@5286c33a{/static,file:///workdir/hadoop-ozone/integration-test/target/test-classes/webapps/static,UNAVAILABLE}
2019-08-28 19:59:20,131 [main] INFO  handler.ContextHandler (ContextHandler.java:doStop(910)) - Stopped o.e.j.s.ServletContextHandler@1a45193b{/logs,file:///workdir/hadoop-ozone/integration-test/target/log,UNAVAILABLE}
2019-08-28 19:59:20,132 [main] INFO  server.StorageContainerManager (StorageContainerManager.java:stop(844)) - Stopping Block Manager Service.
2019-08-28 19:59:20,132 [main] INFO  utils.BackgroundService (BackgroundService.java:shutdown(148)) - Shutting down service SCMBlockDeletingService
2019-08-28 19:59:20,133 [main] INFO  utils.BackgroundService (BackgroundService.java:shutdown(148)) - Shutting down service SCMBlockDeletingService
2019-08-28 19:59:20,134 [main] INFO  server.StorageContainerManager (StorageContainerManager.java:stop(866)) - Stopping SCM Event Queue.
2019-08-28 19:59:20,142 [main] INFO  impl.MetricsSystemImpl (MetricsSystemImpl.java:stop(210)) - Stopping XceiverClientMetrics metrics system...
2019-08-28 19:59:20,149 [main] INFO  impl.MetricsSystemImpl (MetricsSystemImpl.java:stop(216)) - XceiverClientMetrics metrics system stopped.
]]></system-out>
  </testcase>
  <testcase name="testDatanodeFailureWithPreAllocation" classname="org.apache.hadoop.ozone.client.rpc.TestBlockOutputStreamWithFailures" time="229.036"/>
  <testcase name="testDatanodeFailureWithSingleNodeRatis" classname="org.apache.hadoop.ozone.client.rpc.TestBlockOutputStreamWithFailures" time="226.429"/>
  <testcase name="testWatchForCommitWithSingleNodeRatis" classname="org.apache.hadoop.ozone.client.rpc.TestBlockOutputStreamWithFailures" time="37.276"/>
  <testcase name="testWatchForCommitDatanodeFailure" classname="org.apache.hadoop.ozone.client.rpc.TestBlockOutputStreamWithFailures" time="35.652"/>
  <testcase name="testFailureWithPrimeSizedData" classname="org.apache.hadoop.ozone.client.rpc.TestBlockOutputStreamWithFailures" time="40.92"/>
  <testcase name="testWatchForCommitWithCloseContainerException" classname="org.apache.hadoop.ozone.client.rpc.TestBlockOutputStreamWithFailures" time="46.759"/>
  <testcase name="testExceptionDuringClose" classname="org.apache.hadoop.ozone.client.rpc.TestBlockOutputStreamWithFailures" time="44.463">
    <failure message="expected:&lt;82&gt; but was:&lt;84&gt;" type="java.lang.AssertionError"><![CDATA[java.lang.AssertionError: expected:<82> but was:<84>
	at org.junit.Assert.fail(Assert.java:88)
	at org.junit.Assert.failNotEquals(Assert.java:743)
	at org.junit.Assert.assertEquals(Assert.java:118)
	at org.junit.Assert.assertEquals(Assert.java:555)
	at org.junit.Assert.assertEquals(Assert.java:542)
	at org.apache.hadoop.ozone.client.rpc.TestBlockOutputStreamWithFailures.testExceptionDuringClose(TestBlockOutputStreamWithFailures.java:726)
	at sun.reflect.NativeMethodAccessorImpl.invoke0(Native Method)
	at sun.reflect.NativeMethodAccessorImpl.invoke(NativeMethodAccessorImpl.java:62)
	at sun.reflect.DelegatingMethodAccessorImpl.invoke(DelegatingMethodAccessorImpl.java:43)
	at java.lang.reflect.Method.invoke(Method.java:498)
	at org.junit.runners.model.FrameworkMethod$1.runReflectiveCall(FrameworkMethod.java:47)
	at org.junit.internal.runners.model.ReflectiveCallable.run(ReflectiveCallable.java:12)
	at org.junit.runners.model.FrameworkMethod.invokeExplosively(FrameworkMethod.java:44)
	at org.junit.internal.runners.statements.InvokeMethod.evaluate(InvokeMethod.java:17)
	at org.junit.internal.runners.statements.RunBefores.evaluate(RunBefores.java:26)
	at org.junit.internal.runners.statements.RunAfters.evaluate(RunAfters.java:27)
	at org.junit.runners.ParentRunner.runLeaf(ParentRunner.java:271)
	at org.junit.runners.BlockJUnit4ClassRunner.runChild(BlockJUnit4ClassRunner.java:70)
	at org.junit.runners.BlockJUnit4ClassRunner.runChild(BlockJUnit4ClassRunner.java:50)
	at org.junit.runners.ParentRunner$3.run(ParentRunner.java:238)
	at org.junit.runners.ParentRunner$1.schedule(ParentRunner.java:63)
	at org.junit.runners.ParentRunner.runChildren(ParentRunner.java:236)
	at org.junit.runners.ParentRunner.access$000(ParentRunner.java:53)
	at org.junit.runners.ParentRunner$2.evaluate(ParentRunner.java:229)
	at org.junit.runners.ParentRunner.run(ParentRunner.java:309)
	at org.apache.maven.surefire.junit4.JUnit4Provider.execute(JUnit4Provider.java:365)
	at org.apache.maven.surefire.junit4.JUnit4Provider.executeWithRerun(JUnit4Provider.java:273)
	at org.apache.maven.surefire.junit4.JUnit4Provider.executeTestSet(JUnit4Provider.java:238)
	at org.apache.maven.surefire.junit4.JUnit4Provider.invoke(JUnit4Provider.java:159)
	at org.apache.maven.surefire.booter.ForkedBooter.invokeProviderInSameClassLoader(ForkedBooter.java:384)
	at org.apache.maven.surefire.booter.ForkedBooter.runSuitesInProcess(ForkedBooter.java:345)
	at org.apache.maven.surefire.booter.ForkedBooter.execute(ForkedBooter.java:126)
	at org.apache.maven.surefire.booter.ForkedBooter.main(ForkedBooter.java:418)
]]></failure>
    <system-out><![CDATA[2019-08-28 20:09:37,024 [main] WARN  server.ServerUtils (ServerUtils.java:getScmDbDir(155)) - ozone.scm.db.dirs is not configured. We recommend adding this setting. Falling back to ozone.metadata.dirs instead.
2019-08-28 20:09:37,079 [main] WARN  server.ServerUtils (ServerUtils.java:getScmDbDir(155)) - ozone.scm.db.dirs is not configured. We recommend adding this setting. Falling back to ozone.metadata.dirs instead.
2019-08-28 20:09:37,079 [main] WARN  server.ServerUtils (ServerUtils.java:getScmDbDir(155)) - ozone.scm.db.dirs is not configured. We recommend adding this setting. Falling back to ozone.metadata.dirs instead.
2019-08-28 20:09:37,080 [main] INFO  db.DBStoreBuilder (DBStoreBuilder.java:addTable(110)) - using custom profile for table: deletedBlocks
2019-08-28 20:09:37,080 [main] INFO  db.DBStoreBuilder (DBStoreBuilder.java:processTables(161)) - Using default column profile:DBProfile.DISK for Table:deletedBlocks
2019-08-28 20:09:37,080 [main] INFO  db.DBStoreBuilder (DBStoreBuilder.java:addTable(110)) - using custom profile for table: validCerts
2019-08-28 20:09:37,081 [main] INFO  db.DBStoreBuilder (DBStoreBuilder.java:processTables(161)) - Using default column profile:DBProfile.DISK for Table:validCerts
2019-08-28 20:09:37,081 [main] INFO  db.DBStoreBuilder (DBStoreBuilder.java:addTable(110)) - using custom profile for table: revokedCerts
2019-08-28 20:09:37,081 [main] INFO  db.DBStoreBuilder (DBStoreBuilder.java:processTables(161)) - Using default column profile:DBProfile.DISK for Table:revokedCerts
2019-08-28 20:09:37,081 [main] INFO  db.DBStoreBuilder (DBStoreBuilder.java:addTable(110)) - using custom profile for table: default
2019-08-28 20:09:37,082 [main] INFO  db.DBStoreBuilder (DBStoreBuilder.java:processTables(167)) - Using default column profile:DBProfile.DISK for Table:default
2019-08-28 20:09:37,082 [main] INFO  db.DBStoreBuilder (DBStoreBuilder.java:getDbProfile(198)) - Using default options. DBProfile.DISK
2019-08-28 20:09:37,494 [main] INFO  net.NodeSchemaLoader (NodeSchemaLoader.java:loadSchemaFromFile(125)) - Loading file from sun.misc.CompoundEnumeration@690df641
2019-08-28 20:09:37,494 [main] INFO  net.NodeSchemaLoader (NodeSchemaLoader.java:loadSchema(171)) - Loading network topology layer schema file
2019-08-28 20:09:37,499 [main] INFO  node.SCMNodeManager (SCMNodeManager.java:<init>(121)) - Entering startup safe mode.
2019-08-28 20:09:37,499 [main] INFO  algorithms.ContainerPlacementPolicyFactory (ContainerPlacementPolicyFactory.java:getPolicy(55)) - Create container placement policy of type org.apache.hadoop.hdds.scm.container.placement.algorithms.SCMContainerPlacementRandom
2019-08-28 20:09:37,499 [main] WARN  server.ServerUtils (ServerUtils.java:getScmDbDir(155)) - ozone.scm.db.dirs is not configured. We recommend adding this setting. Falling back to ozone.metadata.dirs instead.
2019-08-28 20:09:37,611 [main] INFO  pipeline.SCMPipelineManager (SCMPipelineManager.java:initializePipelineState(126)) - No pipeline exists in current db
2019-08-28 20:09:37,611 [main] WARN  server.ServerUtils (ServerUtils.java:getScmDbDir(155)) - ozone.scm.db.dirs is not configured. We recommend adding this setting. Falling back to ozone.metadata.dirs instead.
2019-08-28 20:09:37,780 [main] WARN  events.EventQueue (EventQueue.java:fireEvent(175)) - No event handler registered for event TypedEvent{payloadType=SafeModeStatus, name='SafeModeStatus'}
2019-08-28 20:09:37,781 [main] INFO  ipc.CallQueueManager (CallQueueManager.java:<init>(84)) - Using callQueue: class java.util.concurrent.LinkedBlockingQueue, queueCapacity: 2000, scheduler: class org.apache.hadoop.ipc.DefaultRpcScheduler, ipcBackoff: false.
2019-08-28 20:09:37,782 [Socket Reader #1 for port 42518] INFO  ipc.Server (Server.java:run(1074)) - Starting Socket Reader #1 for port 42518
2019-08-28 20:09:37,784 [main] INFO  ipc.CallQueueManager (CallQueueManager.java:<init>(84)) - Using callQueue: class java.util.concurrent.LinkedBlockingQueue, queueCapacity: 2000, scheduler: class org.apache.hadoop.ipc.DefaultRpcScheduler, ipcBackoff: false.
2019-08-28 20:09:37,785 [Socket Reader #1 for port 45884] INFO  ipc.Server (Server.java:run(1074)) - Starting Socket Reader #1 for port 45884
2019-08-28 20:09:37,787 [main] INFO  ipc.CallQueueManager (CallQueueManager.java:<init>(84)) - Using callQueue: class java.util.concurrent.LinkedBlockingQueue, queueCapacity: 2000, scheduler: class org.apache.hadoop.ipc.DefaultRpcScheduler, ipcBackoff: false.
2019-08-28 20:09:37,787 [Socket Reader #1 for port 42424] INFO  ipc.Server (Server.java:run(1074)) - Starting Socket Reader #1 for port 42424
2019-08-28 20:09:37,789 [main] INFO  hdfs.DFSUtil (DFSUtil.java:httpServerTemplateForNNAndJN(1641)) - Starting Web-server for scm at: http://0.0.0.0:0
2019-08-28 20:09:37,791 [main] INFO  server.AuthenticationFilter (AuthenticationFilter.java:constructSecretProvider(240)) - Unable to initialize FileSignerSecretProvider, falling back to use random secrets.
2019-08-28 20:09:37,792 [main] WARN  http.HttpRequestLog (HttpRequestLog.java:getRequestLog(97)) - Jetty request log can only be enabled using Log4j
2019-08-28 20:09:37,794 [main] INFO  http.HttpServer2 (HttpServer2.java:addGlobalFilter(975)) - Added global filter 'safety' (class=org.apache.hadoop.http.HttpServer2$QuotingInputFilter)
2019-08-28 20:09:37,795 [main] INFO  http.HttpServer2 (HttpServer2.java:addFilter(948)) - Added filter static_user_filter (class=org.apache.hadoop.http.lib.StaticUserWebFilter$StaticUserFilter) to context scm
2019-08-28 20:09:37,796 [main] INFO  http.HttpServer2 (HttpServer2.java:addFilter(958)) - Added filter static_user_filter (class=org.apache.hadoop.http.lib.StaticUserWebFilter$StaticUserFilter) to context logs
2019-08-28 20:09:37,796 [main] INFO  http.HttpServer2 (HttpServer2.java:addFilter(958)) - Added filter static_user_filter (class=org.apache.hadoop.http.lib.StaticUserWebFilter$StaticUserFilter) to context static
2019-08-28 20:09:37,798 [main] INFO  server.StorageContainerManager (StorageContainerManager.java:start(759)) - StorageContainerLocationProtocol RPC server is listening at /0.0.0.0:42424
2019-08-28 20:09:37,801 [main] WARN  impl.MetricsConfig (MetricsConfig.java:loadFirst(134)) - Cannot locate configuration: tried hadoop-metrics2-storagecontainermanager.properties,hadoop-metrics2.properties
2019-08-28 20:09:37,802 [main] INFO  impl.MetricsSystemImpl (MetricsSystemImpl.java:startTimer(374)) - Scheduled Metric snapshot period at 10 second(s).
2019-08-28 20:09:37,802 [main] INFO  impl.MetricsSystemImpl (MetricsSystemImpl.java:start(191)) - StorageContainerManager metrics system started
2019-08-28 20:09:37,920 [main] INFO  server.SCMClientProtocolServer (SCMClientProtocolServer.java:start(151)) - RPC server for Client  is listening at /0.0.0.0:42424
2019-08-28 20:09:37,921 [IPC Server Responder] INFO  ipc.Server (Server.java:run(1314)) - IPC Server Responder: starting
2019-08-28 20:09:37,921 [IPC Server listener on 42424] INFO  ipc.Server (Server.java:run(1153)) - IPC Server listener on 42424: starting
2019-08-28 20:09:37,924 [main] INFO  server.StorageContainerManager (StorageContainerManager.java:start(769)) - ScmBlockLocationProtocol RPC server is listening at /127.0.0.1:45884
2019-08-28 20:09:37,924 [main] INFO  server.SCMBlockProtocolServer (SCMBlockProtocolServer.java:start(141)) - RPC server for Block Protocol is listening at /127.0.0.1:45884
2019-08-28 20:09:37,925 [IPC Server Responder] INFO  ipc.Server (Server.java:run(1314)) - IPC Server Responder: starting
2019-08-28 20:09:37,925 [IPC Server listener on 45884] INFO  ipc.Server (Server.java:run(1153)) - IPC Server listener on 45884: starting
2019-08-28 20:09:37,929 [main] INFO  server.StorageContainerManager (StorageContainerManager.java:start(773)) - ScmDatanodeProtocl RPC server is listening at /0.0.0.0:42518
2019-08-28 20:09:37,930 [main] INFO  server.SCMDatanodeProtocolServer (SCMDatanodeProtocolServer.java:start(191)) - RPC server for DataNodes is listening at /0.0.0.0:42518
2019-08-28 20:09:37,930 [IPC Server listener on 42518] INFO  ipc.Server (Server.java:run(1153)) - IPC Server listener on 42518: starting
2019-08-28 20:09:37,930 [IPC Server Responder] INFO  ipc.Server (Server.java:run(1314)) - IPC Server Responder: starting
2019-08-28 20:09:37,932 [main] INFO  http.HttpServer2 (HttpServer2.java:bindListener(1191)) - Jetty bound to port 36581
2019-08-28 20:09:37,932 [main] INFO  server.Server (Server.java:doStart(351)) - jetty-9.3.24.v20180605, build timestamp: 2018-06-05T17:11:56Z, git hash: 84205aa28f11a4f31f2a3b86d1bba2cc8ab69827
2019-08-28 20:09:37,934 [main] INFO  handler.ContextHandler (ContextHandler.java:doStart(781)) - Started o.e.j.s.ServletContextHandler@316d30ad{/logs,file:///workdir/hadoop-ozone/integration-test/target/log,AVAILABLE}
2019-08-28 20:09:37,934 [main] INFO  handler.ContextHandler (ContextHandler.java:doStart(781)) - Started o.e.j.s.ServletContextHandler@30d5e37c{/static,file:///workdir/hadoop-ozone/integration-test/target/test-classes/webapps/static,AVAILABLE}
2019-08-28 20:09:37,938 [main] INFO  handler.ContextHandler (ContextHandler.java:doStart(781)) - Started o.e.j.w.WebAppContext@731db93f{/,file:///workdir/hadoop-ozone/integration-test/target/test-classes/webapps/scm/,AVAILABLE}{/scm}
2019-08-28 20:09:37,939 [main] INFO  server.AbstractConnector (AbstractConnector.java:doStart(278)) - Started ServerConnector@67941d{HTTP/1.1,[http/1.1]}{0.0.0.0:36581}
2019-08-28 20:09:37,941 [main] INFO  server.Server (Server.java:doStart(419)) - Started @666202ms
2019-08-28 20:09:37,942 [main] INFO  server.BaseHttpServer (BaseHttpServer.java:updateConnectorAddress(226)) - HTTP server of SCM is listening at http://0.0.0.0:36581
2019-08-28 20:09:37,942 [main] WARN  server.ServerUtils (ServerUtils.java:getDBPath(232)) - ozone.om.db.dirs is not configured. We recommend adding this setting. Falling back to ozone.metadata.dirs instead.
2019-08-28 20:09:37,944 [org.apache.hadoop.util.JvmPauseMonitor$Monitor@6fde6f05] INFO  util.JvmPauseMonitor (JvmPauseMonitor.java:run(188)) - Starting JVM pause monitor
2019-08-28 20:09:37,991 [main] WARN  server.ServerUtils (ServerUtils.java:getDBPath(232)) - ozone.om.db.dirs is not configured. We recommend adding this setting. Falling back to ozone.metadata.dirs instead.
2019-08-28 20:09:37,991 [main] WARN  server.ServerUtils (ServerUtils.java:getDBPath(232)) - ozone.om.db.dirs is not configured. We recommend adding this setting. Falling back to ozone.metadata.dirs instead.
2019-08-28 20:09:37,992 [main] INFO  om.OzoneManager (OzoneManager.java:setOMNodeDetails(645)) - OM Service ID is not set. Setting it to the default ID: omServiceIdDefault
2019-08-28 20:09:37,992 [main] INFO  om.OzoneManager (OzoneManager.java:setOMNodeDetails(651)) - OM Node ID is not set. Setting it to the OmStorage's OmID: 67bc7305-fc4b-4381-8495-d989de9f2970
2019-08-28 20:09:37,992 [main] INFO  om.OzoneManager (OzoneManager.java:loadOMHAConfigs(602)) - Found matching OM address with OMServiceId: null, OMNodeId: null, RPC Address: localhost:0 and Ratis port: 9872
2019-08-28 20:09:37,998 | INFO  | SCMAudit | user=jenkins1000 | ip=127.0.0.1 | op=GET_SCM_INFO null | ret=SUCCESS |  
2019-08-28 20:09:38,001 [main] WARN  server.ServerUtils (ServerUtils.java:getDBPath(232)) - ozone.om.db.dirs is not configured. We recommend adding this setting. Falling back to ozone.metadata.dirs instead.
2019-08-28 20:09:38,001 [main] INFO  db.DBStoreBuilder (DBStoreBuilder.java:addTable(110)) - using custom profile for table: userTable
2019-08-28 20:09:38,002 [main] INFO  db.DBStoreBuilder (DBStoreBuilder.java:processTables(161)) - Using default column profile:DBProfile.DISK for Table:userTable
2019-08-28 20:09:38,002 [main] INFO  db.DBStoreBuilder (DBStoreBuilder.java:addTable(110)) - using custom profile for table: volumeTable
2019-08-28 20:09:38,002 [main] INFO  db.DBStoreBuilder (DBStoreBuilder.java:processTables(161)) - Using default column profile:DBProfile.DISK for Table:volumeTable
2019-08-28 20:09:38,002 [main] INFO  db.DBStoreBuilder (DBStoreBuilder.java:addTable(110)) - using custom profile for table: bucketTable
2019-08-28 20:09:38,003 [main] INFO  db.DBStoreBuilder (DBStoreBuilder.java:processTables(161)) - Using default column profile:DBProfile.DISK for Table:bucketTable
2019-08-28 20:09:38,003 [main] INFO  db.DBStoreBuilder (DBStoreBuilder.java:addTable(110)) - using custom profile for table: keyTable
2019-08-28 20:09:38,003 [main] INFO  db.DBStoreBuilder (DBStoreBuilder.java:processTables(161)) - Using default column profile:DBProfile.DISK for Table:keyTable
2019-08-28 20:09:38,003 [main] INFO  db.DBStoreBuilder (DBStoreBuilder.java:addTable(110)) - using custom profile for table: deletedTable
2019-08-28 20:09:38,003 [main] INFO  db.DBStoreBuilder (DBStoreBuilder.java:processTables(161)) - Using default column profile:DBProfile.DISK for Table:deletedTable
2019-08-28 20:09:38,004 [main] INFO  db.DBStoreBuilder (DBStoreBuilder.java:addTable(110)) - using custom profile for table: openKeyTable
2019-08-28 20:09:38,004 [main] INFO  db.DBStoreBuilder (DBStoreBuilder.java:processTables(161)) - Using default column profile:DBProfile.DISK for Table:openKeyTable
2019-08-28 20:09:38,004 [main] INFO  db.DBStoreBuilder (DBStoreBuilder.java:addTable(110)) - using custom profile for table: s3Table
2019-08-28 20:09:38,004 [main] INFO  db.DBStoreBuilder (DBStoreBuilder.java:processTables(161)) - Using default column profile:DBProfile.DISK for Table:s3Table
2019-08-28 20:09:38,005 [main] INFO  db.DBStoreBuilder (DBStoreBuilder.java:addTable(110)) - using custom profile for table: multipartInfoTable
2019-08-28 20:09:38,005 [main] INFO  db.DBStoreBuilder (DBStoreBuilder.java:processTables(161)) - Using default column profile:DBProfile.DISK for Table:multipartInfoTable
2019-08-28 20:09:38,005 [main] INFO  db.DBStoreBuilder (DBStoreBuilder.java:addTable(110)) - using custom profile for table: dTokenTable
2019-08-28 20:09:38,005 [main] INFO  db.DBStoreBuilder (DBStoreBuilder.java:processTables(161)) - Using default column profile:DBProfile.DISK for Table:dTokenTable
2019-08-28 20:09:38,006 [main] INFO  db.DBStoreBuilder (DBStoreBuilder.java:addTable(110)) - using custom profile for table: s3SecretTable
2019-08-28 20:09:38,006 [main] INFO  db.DBStoreBuilder (DBStoreBuilder.java:processTables(161)) - Using default column profile:DBProfile.DISK for Table:s3SecretTable
2019-08-28 20:09:38,006 [main] INFO  db.DBStoreBuilder (DBStoreBuilder.java:addTable(110)) - using custom profile for table: prefixTable
2019-08-28 20:09:38,006 [main] INFO  db.DBStoreBuilder (DBStoreBuilder.java:processTables(161)) - Using default column profile:DBProfile.DISK for Table:prefixTable
2019-08-28 20:09:38,007 [main] INFO  db.DBStoreBuilder (DBStoreBuilder.java:addTable(110)) - using custom profile for table: default
2019-08-28 20:09:38,007 [main] INFO  db.DBStoreBuilder (DBStoreBuilder.java:processTables(167)) - Using default column profile:DBProfile.DISK for Table:default
2019-08-28 20:09:38,007 [main] INFO  db.DBStoreBuilder (DBStoreBuilder.java:getDbProfile(198)) - Using default options. DBProfile.DISK
2019-08-28 20:09:39,241 [main] INFO  ipc.CallQueueManager (CallQueueManager.java:<init>(84)) - Using callQueue: class java.util.concurrent.LinkedBlockingQueue, queueCapacity: 2000, scheduler: class org.apache.hadoop.ipc.DefaultRpcScheduler, ipcBackoff: false.
2019-08-28 20:09:39,242 [Socket Reader #1 for port 34446] INFO  ipc.Server (Server.java:run(1074)) - Starting Socket Reader #1 for port 34446
2019-08-28 20:09:39,257 [main] INFO  om.OzoneManager (OzoneManager.java:start(1256)) - OzoneManager RPC server is listening at localhost/127.0.0.1:34446
2019-08-28 20:09:39,257 [main] INFO  impl.MetricsSystemImpl (MetricsSystemImpl.java:init(158)) - OzoneManager metrics system started (again)
2019-08-28 20:09:39,258 [IPC Server Responder] INFO  ipc.Server (Server.java:run(1314)) - IPC Server Responder: starting
2019-08-28 20:09:39,259 [IPC Server listener on 34446] INFO  ipc.Server (Server.java:run(1153)) - IPC Server listener on 34446: starting
2019-08-28 20:09:39,262 [main] INFO  hdfs.DFSUtil (DFSUtil.java:httpServerTemplateForNNAndJN(1641)) - Starting Web-server for ozoneManager at: http://0.0.0.0:0
2019-08-28 20:09:39,263 [main] INFO  server.AuthenticationFilter (AuthenticationFilter.java:constructSecretProvider(240)) - Unable to initialize FileSignerSecretProvider, falling back to use random secrets.
2019-08-28 20:09:39,264 [main] WARN  http.HttpRequestLog (HttpRequestLog.java:getRequestLog(97)) - Jetty request log can only be enabled using Log4j
2019-08-28 20:09:39,265 [main] INFO  http.HttpServer2 (HttpServer2.java:addGlobalFilter(975)) - Added global filter 'safety' (class=org.apache.hadoop.http.HttpServer2$QuotingInputFilter)
2019-08-28 20:09:39,266 [main] INFO  http.HttpServer2 (HttpServer2.java:addFilter(948)) - Added filter static_user_filter (class=org.apache.hadoop.http.lib.StaticUserWebFilter$StaticUserFilter) to context ozoneManager
2019-08-28 20:09:39,266 [main] INFO  http.HttpServer2 (HttpServer2.java:addFilter(958)) - Added filter static_user_filter (class=org.apache.hadoop.http.lib.StaticUserWebFilter$StaticUserFilter) to context logs
2019-08-28 20:09:39,266 [main] INFO  http.HttpServer2 (HttpServer2.java:addFilter(958)) - Added filter static_user_filter (class=org.apache.hadoop.http.lib.StaticUserWebFilter$StaticUserFilter) to context static
2019-08-28 20:09:39,267 [main] INFO  http.HttpServer2 (HttpServer2.java:bindListener(1191)) - Jetty bound to port 42530
2019-08-28 20:09:39,267 [main] INFO  server.Server (Server.java:doStart(351)) - jetty-9.3.24.v20180605, build timestamp: 2018-06-05T17:11:56Z, git hash: 84205aa28f11a4f31f2a3b86d1bba2cc8ab69827
2019-08-28 20:09:39,268 [main] INFO  handler.ContextHandler (ContextHandler.java:doStart(781)) - Started o.e.j.s.ServletContextHandler@2e7bb00e{/logs,file:///workdir/hadoop-ozone/integration-test/target/log,AVAILABLE}
2019-08-28 20:09:39,269 [main] INFO  handler.ContextHandler (ContextHandler.java:doStart(781)) - Started o.e.j.s.ServletContextHandler@74d22ddd{/static,file:///workdir/hadoop-ozone/integration-test/target/test-classes/webapps/static,AVAILABLE}
2019-08-28 20:09:39,272 [main] INFO  handler.ContextHandler (ContextHandler.java:doStart(781)) - Started o.e.j.w.WebAppContext@3e8b8f0{/,file:///workdir/hadoop-ozone/integration-test/target/test-classes/webapps/ozoneManager/,AVAILABLE}{/ozoneManager}
2019-08-28 20:09:39,273 [main] INFO  server.AbstractConnector (AbstractConnector.java:doStart(278)) - Started ServerConnector@5ad57e90{HTTP/1.1,[http/1.1]}{0.0.0.0:42530}
2019-08-28 20:09:39,274 [main] INFO  server.Server (Server.java:doStart(419)) - Started @667535ms
2019-08-28 20:09:39,274 [main] INFO  server.BaseHttpServer (BaseHttpServer.java:updateConnectorAddress(226)) - HTTP server of OZONEMANAGER is listening at http://0.0.0.0:42530
2019-08-28 20:09:39,288 [main] INFO  impl.MetricsSystemImpl (MetricsSystemImpl.java:init(158)) - HddsDatanode metrics system started (again)
2019-08-28 20:09:39,291 [main] INFO  ozone.HddsDatanodeService (HddsDatanodeService.java:start(190)) - HddsDatanodeService host:pr-hdds-1949-jn7bv-2990118995 ip:192.168.36.107
2019-08-28 20:09:39,297 [main] INFO  volume.HddsVolume (HddsVolume.java:<init>(176)) - Creating Volume: /workdir/hadoop-ozone/integration-test/target/test-dir/MiniOzoneClusterImpl-72b920a7-1e55-4753-92eb-643903605a0d/datanode-0/data/containers/hdds of  storage type : DISK and capacity : 1482555576320
2019-08-28 20:09:39,297 [main] INFO  volume.VolumeSet (VolumeSet.java:initializeVolumeSet(170)) - Added Volume : /workdir/hadoop-ozone/integration-test/target/test-dir/MiniOzoneClusterImpl-72b920a7-1e55-4753-92eb-643903605a0d/datanode-0/data/containers/hdds to VolumeSet
2019-08-28 20:09:39,297 [main] INFO  volume.ThrottledAsyncChecker (ThrottledAsyncChecker.java:schedule(140)) - Scheduling a check for org.apache.hadoop.ozone.container.common.volume.HddsVolume@2bb0e277
2019-08-28 20:09:39,299 [main] INFO  volume.HddsVolumeChecker (HddsVolumeChecker.java:checkAllVolumes(203)) - Scheduled health check for volume org.apache.hadoop.ozone.container.common.volume.HddsVolume@2bb0e277
2019-08-28 20:09:39,311 [main] INFO  impl.RaftServerProxy (ConfUtils.java:logGet(43)) - raft.rpc.type = GRPC (default)
2019-08-28 20:09:39,311 [main] INFO  grpc.GrpcFactory (GrpcFactory.java:checkPooledByteBufAllocatorUseCacheForAllThreads(45)) - PERFORMANCE WARNING: useCacheForAllThreads is true that may cause Netty to create a lot garbage objects and, as a result, trigger GC.
	It is recommended to disable useCacheForAllThreads by setting -Dorg.apache.ratis.thirdparty.io.netty.allocator.useCacheForAllThreads=false in command line.
2019-08-28 20:09:39,311 [main] INFO  grpc.GrpcConfigKeys$Server (ConfUtils.java:logGet(43)) - raft.grpc.server.port = 0 (default)
2019-08-28 20:09:39,311 [main] INFO  server.GrpcService (ConfUtils.java:logGet(43)) - raft.grpc.message.size.max = 33570816 (custom)
2019-08-28 20:09:39,312 [main] INFO  server.RaftServerConfigKeys (ConfUtils.java:logGet(43)) - raft.server.log.appender.buffer.byte-limit = 33554432 (custom)
2019-08-28 20:09:39,312 [main] INFO  server.GrpcService (ConfUtils.java:logGet(43)) - raft.grpc.flow.control.window = 1MB (=1048576) (default)
2019-08-28 20:09:39,312 [main] INFO  server.RaftServerConfigKeys (ConfUtils.java:logGet(43)) - raft.server.rpc.request.timeout = 3000ms (default)
2019-08-28 20:09:39,312 [main] INFO  server.RaftServerConfigKeys (ConfUtils.java:logGet(43)) - raft.server.storage.dir = [/workdir/hadoop-ozone/integration-test/target/test-dir/MiniOzoneClusterImpl-72b920a7-1e55-4753-92eb-643903605a0d/datanode-0/data/ratis] (custom)
2019-08-28 20:09:39,313 [main] INFO  replication.SimpleContainerDownloader (SimpleContainerDownloader.java:<init>(72)) - Starting container downloader service to copy containers to replicate.
2019-08-28 20:09:39,314 [main] INFO  hdfs.DFSUtil (DFSUtil.java:httpServerTemplateForNNAndJN(1641)) - Starting Web-server for hddsDatanode at: http://0.0.0.0:0
2019-08-28 20:09:39,315 [main] INFO  server.AuthenticationFilter (AuthenticationFilter.java:constructSecretProvider(240)) - Unable to initialize FileSignerSecretProvider, falling back to use random secrets.
2019-08-28 20:09:39,315 [main] WARN  http.HttpRequestLog (HttpRequestLog.java:getRequestLog(97)) - Jetty request log can only be enabled using Log4j
2019-08-28 20:09:39,316 [main] INFO  http.HttpServer2 (HttpServer2.java:addGlobalFilter(975)) - Added global filter 'safety' (class=org.apache.hadoop.http.HttpServer2$QuotingInputFilter)
2019-08-28 20:09:39,317 [main] INFO  http.HttpServer2 (HttpServer2.java:addFilter(948)) - Added filter static_user_filter (class=org.apache.hadoop.http.lib.StaticUserWebFilter$StaticUserFilter) to context hddsDatanode
2019-08-28 20:09:39,317 [main] INFO  http.HttpServer2 (HttpServer2.java:addFilter(958)) - Added filter static_user_filter (class=org.apache.hadoop.http.lib.StaticUserWebFilter$StaticUserFilter) to context static
2019-08-28 20:09:39,317 [main] INFO  http.HttpServer2 (HttpServer2.java:addFilter(958)) - Added filter static_user_filter (class=org.apache.hadoop.http.lib.StaticUserWebFilter$StaticUserFilter) to context logs
2019-08-28 20:09:39,318 [main] INFO  http.HttpServer2 (HttpServer2.java:bindListener(1191)) - Jetty bound to port 35926
2019-08-28 20:09:39,318 [main] INFO  server.Server (Server.java:doStart(351)) - jetty-9.3.24.v20180605, build timestamp: 2018-06-05T17:11:56Z, git hash: 84205aa28f11a4f31f2a3b86d1bba2cc8ab69827
2019-08-28 20:09:39,319 [main] INFO  handler.ContextHandler (ContextHandler.java:doStart(781)) - Started o.e.j.s.ServletContextHandler@2d913116{/logs,file:///workdir/hadoop-ozone/integration-test/target/log,AVAILABLE}
2019-08-28 20:09:39,319 [main] INFO  handler.ContextHandler (ContextHandler.java:doStart(781)) - Started o.e.j.s.ServletContextHandler@41582899{/static,jar:file:/home/user/.m2/repository/org/apache/hadoop/hadoop-hdds-container-service/0.5.0-SNAPSHOT/hadoop-hdds-container-service-0.5.0-SNAPSHOT.jar!/webapps/static,AVAILABLE}
2019-08-28 20:09:39,346 [main] INFO  handler.ContextHandler (ContextHandler.java:doStart(781)) - Started o.e.j.w.WebAppContext@58aa5c94{/,file:///tmp/jetty-0.0.0.0-35926-hddsDatanode-_-any-2537489832419916946.dir/webapp/,AVAILABLE}{/hddsDatanode}
2019-08-28 20:09:39,346 [main] INFO  server.AbstractConnector (AbstractConnector.java:doStart(278)) - Started ServerConnector@5d27b4c1{HTTP/1.1,[http/1.1]}{0.0.0.0:35926}
2019-08-28 20:09:39,347 [main] INFO  server.Server (Server.java:doStart(419)) - Started @667609ms
2019-08-28 20:09:39,348 [main] INFO  server.BaseHttpServer (BaseHttpServer.java:updateConnectorAddress(226)) - HTTP server of HDDSDATANODE is listening at http://0.0.0.0:35926
2019-08-28 20:09:39,348 [main] INFO  impl.MetricsSystemImpl (MetricsSystemImpl.java:init(158)) - HddsDatanode metrics system started (again)
2019-08-28 20:09:39,350 [org.apache.hadoop.util.JvmPauseMonitor$Monitor@314fcbb1] INFO  util.JvmPauseMonitor (JvmPauseMonitor.java:run(188)) - Starting JVM pause monitor
2019-08-28 20:09:39,350 [main] INFO  ozone.HddsDatanodeService (HddsDatanodeService.java:start(190)) - HddsDatanodeService host:pr-hdds-1949-jn7bv-2990118995 ip:192.168.36.107
2019-08-28 20:09:39,352 [Datanode State Machine Thread - 0] INFO  datanode.InitDatanodeState (InitDatanodeState.java:persistContainerDatanodeDetails(140)) - DatanodeDetails is persisted to /workdir/hadoop-ozone/integration-test/target/test-dir/MiniOzoneClusterImpl-72b920a7-1e55-4753-92eb-643903605a0d/datanode-0/meta/datanode.id
2019-08-28 20:09:39,355 [main] INFO  volume.HddsVolume (HddsVolume.java:<init>(176)) - Creating Volume: /workdir/hadoop-ozone/integration-test/target/test-dir/MiniOzoneClusterImpl-72b920a7-1e55-4753-92eb-643903605a0d/datanode-1/data/containers/hdds of  storage type : DISK and capacity : 1482555576320
2019-08-28 20:09:39,355 [main] INFO  volume.VolumeSet (VolumeSet.java:initializeVolumeSet(170)) - Added Volume : /workdir/hadoop-ozone/integration-test/target/test-dir/MiniOzoneClusterImpl-72b920a7-1e55-4753-92eb-643903605a0d/datanode-1/data/containers/hdds to VolumeSet
2019-08-28 20:09:39,355 [main] INFO  volume.ThrottledAsyncChecker (ThrottledAsyncChecker.java:schedule(140)) - Scheduling a check for org.apache.hadoop.ozone.container.common.volume.HddsVolume@12c76d6e
2019-08-28 20:09:39,356 [main] INFO  volume.HddsVolumeChecker (HddsVolumeChecker.java:checkAllVolumes(203)) - Scheduled health check for volume org.apache.hadoop.ozone.container.common.volume.HddsVolume@12c76d6e
2019-08-28 20:09:39,368 [main] INFO  impl.RaftServerProxy (ConfUtils.java:logGet(43)) - raft.rpc.type = GRPC (default)
2019-08-28 20:09:39,368 [main] INFO  grpc.GrpcFactory (GrpcFactory.java:checkPooledByteBufAllocatorUseCacheForAllThreads(45)) - PERFORMANCE WARNING: useCacheForAllThreads is true that may cause Netty to create a lot garbage objects and, as a result, trigger GC.
	It is recommended to disable useCacheForAllThreads by setting -Dorg.apache.ratis.thirdparty.io.netty.allocator.useCacheForAllThreads=false in command line.
2019-08-28 20:09:39,368 [main] INFO  grpc.GrpcConfigKeys$Server (ConfUtils.java:logGet(43)) - raft.grpc.server.port = 0 (default)
2019-08-28 20:09:39,368 [main] INFO  server.GrpcService (ConfUtils.java:logGet(43)) - raft.grpc.message.size.max = 33570816 (custom)
2019-08-28 20:09:39,368 [main] INFO  server.RaftServerConfigKeys (ConfUtils.java:logGet(43)) - raft.server.log.appender.buffer.byte-limit = 33554432 (custom)
2019-08-28 20:09:39,368 [main] INFO  server.GrpcService (ConfUtils.java:logGet(43)) - raft.grpc.flow.control.window = 1MB (=1048576) (default)
2019-08-28 20:09:39,369 [main] INFO  server.RaftServerConfigKeys (ConfUtils.java:logGet(43)) - raft.server.rpc.request.timeout = 3000ms (default)
2019-08-28 20:09:39,369 [main] INFO  server.RaftServerConfigKeys (ConfUtils.java:logGet(43)) - raft.server.storage.dir = [/workdir/hadoop-ozone/integration-test/target/test-dir/MiniOzoneClusterImpl-72b920a7-1e55-4753-92eb-643903605a0d/datanode-1/data/ratis] (custom)
2019-08-28 20:09:39,369 [main] INFO  replication.SimpleContainerDownloader (SimpleContainerDownloader.java:<init>(72)) - Starting container downloader service to copy containers to replicate.
2019-08-28 20:09:39,370 [main] INFO  hdfs.DFSUtil (DFSUtil.java:httpServerTemplateForNNAndJN(1641)) - Starting Web-server for hddsDatanode at: http://0.0.0.0:0
2019-08-28 20:09:39,371 [main] INFO  server.AuthenticationFilter (AuthenticationFilter.java:constructSecretProvider(240)) - Unable to initialize FileSignerSecretProvider, falling back to use random secrets.
2019-08-28 20:09:39,372 [main] WARN  http.HttpRequestLog (HttpRequestLog.java:getRequestLog(97)) - Jetty request log can only be enabled using Log4j
2019-08-28 20:09:39,373 [main] INFO  http.HttpServer2 (HttpServer2.java:addGlobalFilter(975)) - Added global filter 'safety' (class=org.apache.hadoop.http.HttpServer2$QuotingInputFilter)
2019-08-28 20:09:39,373 [main] INFO  http.HttpServer2 (HttpServer2.java:addFilter(948)) - Added filter static_user_filter (class=org.apache.hadoop.http.lib.StaticUserWebFilter$StaticUserFilter) to context hddsDatanode
2019-08-28 20:09:39,373 [main] INFO  http.HttpServer2 (HttpServer2.java:addFilter(958)) - Added filter static_user_filter (class=org.apache.hadoop.http.lib.StaticUserWebFilter$StaticUserFilter) to context logs
2019-08-28 20:09:39,373 [main] INFO  http.HttpServer2 (HttpServer2.java:addFilter(958)) - Added filter static_user_filter (class=org.apache.hadoop.http.lib.StaticUserWebFilter$StaticUserFilter) to context static
2019-08-28 20:09:39,374 [main] INFO  http.HttpServer2 (HttpServer2.java:bindListener(1191)) - Jetty bound to port 45394
2019-08-28 20:09:39,374 [main] INFO  server.Server (Server.java:doStart(351)) - jetty-9.3.24.v20180605, build timestamp: 2018-06-05T17:11:56Z, git hash: 84205aa28f11a4f31f2a3b86d1bba2cc8ab69827
2019-08-28 20:09:39,375 [main] INFO  handler.ContextHandler (ContextHandler.java:doStart(781)) - Started o.e.j.s.ServletContextHandler@3d3930fe{/logs,file:///workdir/hadoop-ozone/integration-test/target/log,AVAILABLE}
2019-08-28 20:09:39,376 [main] INFO  handler.ContextHandler (ContextHandler.java:doStart(781)) - Started o.e.j.s.ServletContextHandler@15f2a43f{/static,jar:file:/home/user/.m2/repository/org/apache/hadoop/hadoop-hdds-container-service/0.5.0-SNAPSHOT/hadoop-hdds-container-service-0.5.0-SNAPSHOT.jar!/webapps/static,AVAILABLE}
2019-08-28 20:09:39,402 [main] INFO  handler.ContextHandler (ContextHandler.java:doStart(781)) - Started o.e.j.w.WebAppContext@243c4346{/,file:///tmp/jetty-0.0.0.0-45394-hddsDatanode-_-any-2222488967792082981.dir/webapp/,AVAILABLE}{/hddsDatanode}
2019-08-28 20:09:39,403 [main] INFO  server.AbstractConnector (AbstractConnector.java:doStart(278)) - Started ServerConnector@2905b568{HTTP/1.1,[http/1.1]}{0.0.0.0:45394}
2019-08-28 20:09:39,404 [main] INFO  server.Server (Server.java:doStart(419)) - Started @667665ms
2019-08-28 20:09:39,404 [main] INFO  server.BaseHttpServer (BaseHttpServer.java:updateConnectorAddress(226)) - HTTP server of HDDSDATANODE is listening at http://0.0.0.0:45394
2019-08-28 20:09:39,405 [main] INFO  impl.MetricsSystemImpl (MetricsSystemImpl.java:init(158)) - HddsDatanode metrics system started (again)
2019-08-28 20:09:39,407 [org.apache.hadoop.util.JvmPauseMonitor$Monitor@2d1b44ad] INFO  util.JvmPauseMonitor (JvmPauseMonitor.java:run(188)) - Starting JVM pause monitor
2019-08-28 20:09:39,407 [main] INFO  ozone.HddsDatanodeService (HddsDatanodeService.java:start(190)) - HddsDatanodeService host:pr-hdds-1949-jn7bv-2990118995 ip:192.168.36.107
2019-08-28 20:09:39,407 [Datanode State Machine Thread - 0] INFO  datanode.InitDatanodeState (InitDatanodeState.java:persistContainerDatanodeDetails(140)) - DatanodeDetails is persisted to /workdir/hadoop-ozone/integration-test/target/test-dir/MiniOzoneClusterImpl-72b920a7-1e55-4753-92eb-643903605a0d/datanode-1/meta/datanode.id
2019-08-28 20:09:39,412 [main] INFO  volume.HddsVolume (HddsVolume.java:<init>(176)) - Creating Volume: /workdir/hadoop-ozone/integration-test/target/test-dir/MiniOzoneClusterImpl-72b920a7-1e55-4753-92eb-643903605a0d/datanode-2/data/containers/hdds of  storage type : DISK and capacity : 1482555576320
2019-08-28 20:09:39,412 [main] INFO  volume.VolumeSet (VolumeSet.java:initializeVolumeSet(170)) - Added Volume : /workdir/hadoop-ozone/integration-test/target/test-dir/MiniOzoneClusterImpl-72b920a7-1e55-4753-92eb-643903605a0d/datanode-2/data/containers/hdds to VolumeSet
2019-08-28 20:09:39,412 [main] INFO  volume.ThrottledAsyncChecker (ThrottledAsyncChecker.java:schedule(140)) - Scheduling a check for org.apache.hadoop.ozone.container.common.volume.HddsVolume@5c839677
2019-08-28 20:09:39,413 [main] INFO  volume.HddsVolumeChecker (HddsVolumeChecker.java:checkAllVolumes(203)) - Scheduled health check for volume org.apache.hadoop.ozone.container.common.volume.HddsVolume@5c839677
2019-08-28 20:09:39,424 [main] INFO  impl.RaftServerProxy (ConfUtils.java:logGet(43)) - raft.rpc.type = GRPC (default)
2019-08-28 20:09:39,425 [main] INFO  grpc.GrpcFactory (GrpcFactory.java:checkPooledByteBufAllocatorUseCacheForAllThreads(45)) - PERFORMANCE WARNING: useCacheForAllThreads is true that may cause Netty to create a lot garbage objects and, as a result, trigger GC.
	It is recommended to disable useCacheForAllThreads by setting -Dorg.apache.ratis.thirdparty.io.netty.allocator.useCacheForAllThreads=false in command line.
2019-08-28 20:09:39,425 [main] INFO  grpc.GrpcConfigKeys$Server (ConfUtils.java:logGet(43)) - raft.grpc.server.port = 0 (default)
2019-08-28 20:09:39,425 [main] INFO  server.GrpcService (ConfUtils.java:logGet(43)) - raft.grpc.message.size.max = 33570816 (custom)
2019-08-28 20:09:39,425 [main] INFO  server.RaftServerConfigKeys (ConfUtils.java:logGet(43)) - raft.server.log.appender.buffer.byte-limit = 33554432 (custom)
2019-08-28 20:09:39,425 [main] INFO  server.GrpcService (ConfUtils.java:logGet(43)) - raft.grpc.flow.control.window = 1MB (=1048576) (default)
2019-08-28 20:09:39,426 [main] INFO  server.RaftServerConfigKeys (ConfUtils.java:logGet(43)) - raft.server.rpc.request.timeout = 3000ms (default)
2019-08-28 20:09:39,426 [main] INFO  server.RaftServerConfigKeys (ConfUtils.java:logGet(43)) - raft.server.storage.dir = [/workdir/hadoop-ozone/integration-test/target/test-dir/MiniOzoneClusterImpl-72b920a7-1e55-4753-92eb-643903605a0d/datanode-2/data/ratis] (custom)
2019-08-28 20:09:39,426 [main] INFO  replication.SimpleContainerDownloader (SimpleContainerDownloader.java:<init>(72)) - Starting container downloader service to copy containers to replicate.
2019-08-28 20:09:39,427 [main] INFO  hdfs.DFSUtil (DFSUtil.java:httpServerTemplateForNNAndJN(1641)) - Starting Web-server for hddsDatanode at: http://0.0.0.0:0
2019-08-28 20:09:39,428 [main] INFO  server.AuthenticationFilter (AuthenticationFilter.java:constructSecretProvider(240)) - Unable to initialize FileSignerSecretProvider, falling back to use random secrets.
2019-08-28 20:09:39,428 [main] WARN  http.HttpRequestLog (HttpRequestLog.java:getRequestLog(97)) - Jetty request log can only be enabled using Log4j
2019-08-28 20:09:39,430 [main] INFO  http.HttpServer2 (HttpServer2.java:addGlobalFilter(975)) - Added global filter 'safety' (class=org.apache.hadoop.http.HttpServer2$QuotingInputFilter)
2019-08-28 20:09:39,430 [main] INFO  http.HttpServer2 (HttpServer2.java:addFilter(948)) - Added filter static_user_filter (class=org.apache.hadoop.http.lib.StaticUserWebFilter$StaticUserFilter) to context hddsDatanode
2019-08-28 20:09:39,430 [main] INFO  http.HttpServer2 (HttpServer2.java:addFilter(958)) - Added filter static_user_filter (class=org.apache.hadoop.http.lib.StaticUserWebFilter$StaticUserFilter) to context static
2019-08-28 20:09:39,430 [main] INFO  http.HttpServer2 (HttpServer2.java:addFilter(958)) - Added filter static_user_filter (class=org.apache.hadoop.http.lib.StaticUserWebFilter$StaticUserFilter) to context logs
2019-08-28 20:09:39,431 [main] INFO  http.HttpServer2 (HttpServer2.java:bindListener(1191)) - Jetty bound to port 36629
2019-08-28 20:09:39,431 [main] INFO  server.Server (Server.java:doStart(351)) - jetty-9.3.24.v20180605, build timestamp: 2018-06-05T17:11:56Z, git hash: 84205aa28f11a4f31f2a3b86d1bba2cc8ab69827
2019-08-28 20:09:39,432 [main] INFO  handler.ContextHandler (ContextHandler.java:doStart(781)) - Started o.e.j.s.ServletContextHandler@2086d469{/logs,file:///workdir/hadoop-ozone/integration-test/target/log,AVAILABLE}
2019-08-28 20:09:39,432 [main] INFO  handler.ContextHandler (ContextHandler.java:doStart(781)) - Started o.e.j.s.ServletContextHandler@17c53dfb{/static,jar:file:/home/user/.m2/repository/org/apache/hadoop/hadoop-hdds-container-service/0.5.0-SNAPSHOT/hadoop-hdds-container-service-0.5.0-SNAPSHOT.jar!/webapps/static,AVAILABLE}
2019-08-28 20:09:39,458 [main] INFO  handler.ContextHandler (ContextHandler.java:doStart(781)) - Started o.e.j.w.WebAppContext@ae3c140{/,file:///tmp/jetty-0.0.0.0-36629-hddsDatanode-_-any-7776047945050165435.dir/webapp/,AVAILABLE}{/hddsDatanode}
2019-08-28 20:09:39,459 [main] INFO  server.AbstractConnector (AbstractConnector.java:doStart(278)) - Started ServerConnector@6f2d3391{HTTP/1.1,[http/1.1]}{0.0.0.0:36629}
2019-08-28 20:09:39,460 [main] INFO  server.Server (Server.java:doStart(419)) - Started @667721ms
2019-08-28 20:09:39,461 [main] INFO  server.BaseHttpServer (BaseHttpServer.java:updateConnectorAddress(226)) - HTTP server of HDDSDATANODE is listening at http://0.0.0.0:36629
2019-08-28 20:09:39,461 [main] INFO  impl.MetricsSystemImpl (MetricsSystemImpl.java:init(158)) - HddsDatanode metrics system started (again)
2019-08-28 20:09:39,463 [org.apache.hadoop.util.JvmPauseMonitor$Monitor@43faf98e] INFO  util.JvmPauseMonitor (JvmPauseMonitor.java:run(188)) - Starting JVM pause monitor
2019-08-28 20:09:39,464 [main] INFO  ozone.HddsDatanodeService (HddsDatanodeService.java:start(190)) - HddsDatanodeService host:pr-hdds-1949-jn7bv-2990118995 ip:192.168.36.107
2019-08-28 20:09:39,464 [Datanode State Machine Thread - 0] INFO  datanode.InitDatanodeState (InitDatanodeState.java:persistContainerDatanodeDetails(140)) - DatanodeDetails is persisted to /workdir/hadoop-ozone/integration-test/target/test-dir/MiniOzoneClusterImpl-72b920a7-1e55-4753-92eb-643903605a0d/datanode-2/meta/datanode.id
2019-08-28 20:09:39,468 [main] INFO  volume.HddsVolume (HddsVolume.java:<init>(176)) - Creating Volume: /workdir/hadoop-ozone/integration-test/target/test-dir/MiniOzoneClusterImpl-72b920a7-1e55-4753-92eb-643903605a0d/datanode-3/data/containers/hdds of  storage type : DISK and capacity : 1482555576320
2019-08-28 20:09:39,469 [main] INFO  volume.VolumeSet (VolumeSet.java:initializeVolumeSet(170)) - Added Volume : /workdir/hadoop-ozone/integration-test/target/test-dir/MiniOzoneClusterImpl-72b920a7-1e55-4753-92eb-643903605a0d/datanode-3/data/containers/hdds to VolumeSet
2019-08-28 20:09:39,469 [main] INFO  volume.ThrottledAsyncChecker (ThrottledAsyncChecker.java:schedule(140)) - Scheduling a check for org.apache.hadoop.ozone.container.common.volume.HddsVolume@2bfa17b0
2019-08-28 20:09:39,469 [main] INFO  volume.HddsVolumeChecker (HddsVolumeChecker.java:checkAllVolumes(203)) - Scheduled health check for volume org.apache.hadoop.ozone.container.common.volume.HddsVolume@2bfa17b0
2019-08-28 20:09:39,485 [main] INFO  impl.RaftServerProxy (ConfUtils.java:logGet(43)) - raft.rpc.type = GRPC (default)
2019-08-28 20:09:39,485 [main] INFO  grpc.GrpcFactory (GrpcFactory.java:checkPooledByteBufAllocatorUseCacheForAllThreads(45)) - PERFORMANCE WARNING: useCacheForAllThreads is true that may cause Netty to create a lot garbage objects and, as a result, trigger GC.
	It is recommended to disable useCacheForAllThreads by setting -Dorg.apache.ratis.thirdparty.io.netty.allocator.useCacheForAllThreads=false in command line.
2019-08-28 20:09:39,485 [main] INFO  grpc.GrpcConfigKeys$Server (ConfUtils.java:logGet(43)) - raft.grpc.server.port = 0 (default)
2019-08-28 20:09:39,485 [main] INFO  server.GrpcService (ConfUtils.java:logGet(43)) - raft.grpc.message.size.max = 33570816 (custom)
2019-08-28 20:09:39,485 [main] INFO  server.RaftServerConfigKeys (ConfUtils.java:logGet(43)) - raft.server.log.appender.buffer.byte-limit = 33554432 (custom)
2019-08-28 20:09:39,486 [main] INFO  server.GrpcService (ConfUtils.java:logGet(43)) - raft.grpc.flow.control.window = 1MB (=1048576) (default)
2019-08-28 20:09:39,486 [main] INFO  server.RaftServerConfigKeys (ConfUtils.java:logGet(43)) - raft.server.rpc.request.timeout = 3000ms (default)
2019-08-28 20:09:39,486 [main] INFO  server.RaftServerConfigKeys (ConfUtils.java:logGet(43)) - raft.server.storage.dir = [/workdir/hadoop-ozone/integration-test/target/test-dir/MiniOzoneClusterImpl-72b920a7-1e55-4753-92eb-643903605a0d/datanode-3/data/ratis] (custom)
2019-08-28 20:09:39,486 [main] INFO  replication.SimpleContainerDownloader (SimpleContainerDownloader.java:<init>(72)) - Starting container downloader service to copy containers to replicate.
2019-08-28 20:09:39,487 [main] INFO  hdfs.DFSUtil (DFSUtil.java:httpServerTemplateForNNAndJN(1641)) - Starting Web-server for hddsDatanode at: http://0.0.0.0:0
2019-08-28 20:09:39,488 [main] INFO  server.AuthenticationFilter (AuthenticationFilter.java:constructSecretProvider(240)) - Unable to initialize FileSignerSecretProvider, falling back to use random secrets.
2019-08-28 20:09:39,489 [main] WARN  http.HttpRequestLog (HttpRequestLog.java:getRequestLog(97)) - Jetty request log can only be enabled using Log4j
2019-08-28 20:09:39,490 [main] INFO  http.HttpServer2 (HttpServer2.java:addGlobalFilter(975)) - Added global filter 'safety' (class=org.apache.hadoop.http.HttpServer2$QuotingInputFilter)
2019-08-28 20:09:39,490 [main] INFO  http.HttpServer2 (HttpServer2.java:addFilter(948)) - Added filter static_user_filter (class=org.apache.hadoop.http.lib.StaticUserWebFilter$StaticUserFilter) to context hddsDatanode
2019-08-28 20:09:39,490 [main] INFO  http.HttpServer2 (HttpServer2.java:addFilter(958)) - Added filter static_user_filter (class=org.apache.hadoop.http.lib.StaticUserWebFilter$StaticUserFilter) to context static
2019-08-28 20:09:39,490 [main] INFO  http.HttpServer2 (HttpServer2.java:addFilter(958)) - Added filter static_user_filter (class=org.apache.hadoop.http.lib.StaticUserWebFilter$StaticUserFilter) to context logs
2019-08-28 20:09:39,491 [main] INFO  http.HttpServer2 (HttpServer2.java:bindListener(1191)) - Jetty bound to port 33525
2019-08-28 20:09:39,491 [main] INFO  server.Server (Server.java:doStart(351)) - jetty-9.3.24.v20180605, build timestamp: 2018-06-05T17:11:56Z, git hash: 84205aa28f11a4f31f2a3b86d1bba2cc8ab69827
2019-08-28 20:09:39,492 [main] INFO  handler.ContextHandler (ContextHandler.java:doStart(781)) - Started o.e.j.s.ServletContextHandler@13908f9c{/logs,file:///workdir/hadoop-ozone/integration-test/target/log,AVAILABLE}
2019-08-28 20:09:39,492 [main] INFO  handler.ContextHandler (ContextHandler.java:doStart(781)) - Started o.e.j.s.ServletContextHandler@640a8f93{/static,jar:file:/home/user/.m2/repository/org/apache/hadoop/hadoop-hdds-container-service/0.5.0-SNAPSHOT/hadoop-hdds-container-service-0.5.0-SNAPSHOT.jar!/webapps/static,AVAILABLE}
2019-08-28 20:09:39,519 [main] INFO  handler.ContextHandler (ContextHandler.java:doStart(781)) - Started o.e.j.w.WebAppContext@4751cd3{/,file:///tmp/jetty-0.0.0.0-33525-hddsDatanode-_-any-6340548348526752136.dir/webapp/,AVAILABLE}{/hddsDatanode}
2019-08-28 20:09:39,519 [main] INFO  server.AbstractConnector (AbstractConnector.java:doStart(278)) - Started ServerConnector@64ec1459{HTTP/1.1,[http/1.1]}{0.0.0.0:33525}
2019-08-28 20:09:39,520 [main] INFO  server.Server (Server.java:doStart(419)) - Started @667781ms
2019-08-28 20:09:39,521 [main] INFO  server.BaseHttpServer (BaseHttpServer.java:updateConnectorAddress(226)) - HTTP server of HDDSDATANODE is listening at http://0.0.0.0:33525
2019-08-28 20:09:39,521 [main] INFO  impl.MetricsSystemImpl (MetricsSystemImpl.java:init(158)) - HddsDatanode metrics system started (again)
2019-08-28 20:09:39,524 [org.apache.hadoop.util.JvmPauseMonitor$Monitor@646d91ed] INFO  util.JvmPauseMonitor (JvmPauseMonitor.java:run(188)) - Starting JVM pause monitor
2019-08-28 20:09:39,524 [main] INFO  ozone.HddsDatanodeService (HddsDatanodeService.java:start(190)) - HddsDatanodeService host:pr-hdds-1949-jn7bv-2990118995 ip:192.168.36.107
2019-08-28 20:09:39,525 [Datanode State Machine Thread - 0] INFO  datanode.InitDatanodeState (InitDatanodeState.java:persistContainerDatanodeDetails(140)) - DatanodeDetails is persisted to /workdir/hadoop-ozone/integration-test/target/test-dir/MiniOzoneClusterImpl-72b920a7-1e55-4753-92eb-643903605a0d/datanode-3/meta/datanode.id
2019-08-28 20:09:39,528 [main] INFO  volume.HddsVolume (HddsVolume.java:<init>(176)) - Creating Volume: /workdir/hadoop-ozone/integration-test/target/test-dir/MiniOzoneClusterImpl-72b920a7-1e55-4753-92eb-643903605a0d/datanode-4/data/containers/hdds of  storage type : DISK and capacity : 1482555576320
2019-08-28 20:09:39,529 [main] INFO  volume.VolumeSet (VolumeSet.java:initializeVolumeSet(170)) - Added Volume : /workdir/hadoop-ozone/integration-test/target/test-dir/MiniOzoneClusterImpl-72b920a7-1e55-4753-92eb-643903605a0d/datanode-4/data/containers/hdds to VolumeSet
2019-08-28 20:09:39,529 [main] INFO  volume.ThrottledAsyncChecker (ThrottledAsyncChecker.java:schedule(140)) - Scheduling a check for org.apache.hadoop.ozone.container.common.volume.HddsVolume@60652518
2019-08-28 20:09:39,529 [main] INFO  volume.HddsVolumeChecker (HddsVolumeChecker.java:checkAllVolumes(203)) - Scheduled health check for volume org.apache.hadoop.ozone.container.common.volume.HddsVolume@60652518
2019-08-28 20:09:39,541 [main] INFO  impl.RaftServerProxy (ConfUtils.java:logGet(43)) - raft.rpc.type = GRPC (default)
2019-08-28 20:09:39,541 [main] INFO  grpc.GrpcFactory (GrpcFactory.java:checkPooledByteBufAllocatorUseCacheForAllThreads(45)) - PERFORMANCE WARNING: useCacheForAllThreads is true that may cause Netty to create a lot garbage objects and, as a result, trigger GC.
	It is recommended to disable useCacheForAllThreads by setting -Dorg.apache.ratis.thirdparty.io.netty.allocator.useCacheForAllThreads=false in command line.
2019-08-28 20:09:39,541 [main] INFO  grpc.GrpcConfigKeys$Server (ConfUtils.java:logGet(43)) - raft.grpc.server.port = 0 (default)
2019-08-28 20:09:39,541 [main] INFO  server.GrpcService (ConfUtils.java:logGet(43)) - raft.grpc.message.size.max = 33570816 (custom)
2019-08-28 20:09:39,542 [main] INFO  server.RaftServerConfigKeys (ConfUtils.java:logGet(43)) - raft.server.log.appender.buffer.byte-limit = 33554432 (custom)
2019-08-28 20:09:39,542 [main] INFO  server.GrpcService (ConfUtils.java:logGet(43)) - raft.grpc.flow.control.window = 1MB (=1048576) (default)
2019-08-28 20:09:39,542 [main] INFO  server.RaftServerConfigKeys (ConfUtils.java:logGet(43)) - raft.server.rpc.request.timeout = 3000ms (default)
2019-08-28 20:09:39,542 [main] INFO  server.RaftServerConfigKeys (ConfUtils.java:logGet(43)) - raft.server.storage.dir = [/workdir/hadoop-ozone/integration-test/target/test-dir/MiniOzoneClusterImpl-72b920a7-1e55-4753-92eb-643903605a0d/datanode-4/data/ratis] (custom)
2019-08-28 20:09:39,543 [main] INFO  replication.SimpleContainerDownloader (SimpleContainerDownloader.java:<init>(72)) - Starting container downloader service to copy containers to replicate.
2019-08-28 20:09:39,543 [main] INFO  hdfs.DFSUtil (DFSUtil.java:httpServerTemplateForNNAndJN(1641)) - Starting Web-server for hddsDatanode at: http://0.0.0.0:0
2019-08-28 20:09:39,544 [main] INFO  server.AuthenticationFilter (AuthenticationFilter.java:constructSecretProvider(240)) - Unable to initialize FileSignerSecretProvider, falling back to use random secrets.
2019-08-28 20:09:39,545 [main] WARN  http.HttpRequestLog (HttpRequestLog.java:getRequestLog(97)) - Jetty request log can only be enabled using Log4j
2019-08-28 20:09:39,545 [main] INFO  http.HttpServer2 (HttpServer2.java:addGlobalFilter(975)) - Added global filter 'safety' (class=org.apache.hadoop.http.HttpServer2$QuotingInputFilter)
2019-08-28 20:09:39,546 [main] INFO  http.HttpServer2 (HttpServer2.java:addFilter(948)) - Added filter static_user_filter (class=org.apache.hadoop.http.lib.StaticUserWebFilter$StaticUserFilter) to context hddsDatanode
2019-08-28 20:09:39,546 [main] INFO  http.HttpServer2 (HttpServer2.java:addFilter(958)) - Added filter static_user_filter (class=org.apache.hadoop.http.lib.StaticUserWebFilter$StaticUserFilter) to context static
2019-08-28 20:09:39,546 [main] INFO  http.HttpServer2 (HttpServer2.java:addFilter(958)) - Added filter static_user_filter (class=org.apache.hadoop.http.lib.StaticUserWebFilter$StaticUserFilter) to context logs
2019-08-28 20:09:39,547 [main] INFO  http.HttpServer2 (HttpServer2.java:bindListener(1191)) - Jetty bound to port 35673
2019-08-28 20:09:39,547 [main] INFO  server.Server (Server.java:doStart(351)) - jetty-9.3.24.v20180605, build timestamp: 2018-06-05T17:11:56Z, git hash: 84205aa28f11a4f31f2a3b86d1bba2cc8ab69827
2019-08-28 20:09:39,548 [main] INFO  handler.ContextHandler (ContextHandler.java:doStart(781)) - Started o.e.j.s.ServletContextHandler@48632f69{/logs,file:///workdir/hadoop-ozone/integration-test/target/log,AVAILABLE}
2019-08-28 20:09:39,548 [main] INFO  handler.ContextHandler (ContextHandler.java:doStart(781)) - Started o.e.j.s.ServletContextHandler@5350ab17{/static,jar:file:/home/user/.m2/repository/org/apache/hadoop/hadoop-hdds-container-service/0.5.0-SNAPSHOT/hadoop-hdds-container-service-0.5.0-SNAPSHOT.jar!/webapps/static,AVAILABLE}
2019-08-28 20:09:39,574 [main] INFO  handler.ContextHandler (ContextHandler.java:doStart(781)) - Started o.e.j.w.WebAppContext@74ebd159{/,file:///tmp/jetty-0.0.0.0-35673-hddsDatanode-_-any-3677559983393064347.dir/webapp/,AVAILABLE}{/hddsDatanode}
2019-08-28 20:09:39,575 [main] INFO  server.AbstractConnector (AbstractConnector.java:doStart(278)) - Started ServerConnector@1850f2da{HTTP/1.1,[http/1.1]}{0.0.0.0:35673}
2019-08-28 20:09:39,576 [main] INFO  server.Server (Server.java:doStart(419)) - Started @667837ms
2019-08-28 20:09:39,576 [main] INFO  server.BaseHttpServer (BaseHttpServer.java:updateConnectorAddress(226)) - HTTP server of HDDSDATANODE is listening at http://0.0.0.0:35673
2019-08-28 20:09:39,577 [main] INFO  impl.MetricsSystemImpl (MetricsSystemImpl.java:init(158)) - HddsDatanode metrics system started (again)
2019-08-28 20:09:39,579 [org.apache.hadoop.util.JvmPauseMonitor$Monitor@3861b235] INFO  util.JvmPauseMonitor (JvmPauseMonitor.java:run(188)) - Starting JVM pause monitor
2019-08-28 20:09:39,580 [main] INFO  ozone.HddsDatanodeService (HddsDatanodeService.java:start(190)) - HddsDatanodeService host:pr-hdds-1949-jn7bv-2990118995 ip:192.168.36.107
2019-08-28 20:09:39,580 [Datanode State Machine Thread - 0] INFO  datanode.InitDatanodeState (InitDatanodeState.java:persistContainerDatanodeDetails(140)) - DatanodeDetails is persisted to /workdir/hadoop-ozone/integration-test/target/test-dir/MiniOzoneClusterImpl-72b920a7-1e55-4753-92eb-643903605a0d/datanode-4/meta/datanode.id
2019-08-28 20:09:39,585 [main] INFO  volume.HddsVolume (HddsVolume.java:<init>(176)) - Creating Volume: /workdir/hadoop-ozone/integration-test/target/test-dir/MiniOzoneClusterImpl-72b920a7-1e55-4753-92eb-643903605a0d/datanode-5/data/containers/hdds of  storage type : DISK and capacity : 1482555576320
2019-08-28 20:09:39,586 [main] INFO  volume.VolumeSet (VolumeSet.java:initializeVolumeSet(170)) - Added Volume : /workdir/hadoop-ozone/integration-test/target/test-dir/MiniOzoneClusterImpl-72b920a7-1e55-4753-92eb-643903605a0d/datanode-5/data/containers/hdds to VolumeSet
2019-08-28 20:09:39,586 [main] INFO  volume.ThrottledAsyncChecker (ThrottledAsyncChecker.java:schedule(140)) - Scheduling a check for org.apache.hadoop.ozone.container.common.volume.HddsVolume@74cd798f
2019-08-28 20:09:39,586 [main] INFO  volume.HddsVolumeChecker (HddsVolumeChecker.java:checkAllVolumes(203)) - Scheduled health check for volume org.apache.hadoop.ozone.container.common.volume.HddsVolume@74cd798f
2019-08-28 20:09:39,597 [main] INFO  impl.RaftServerProxy (ConfUtils.java:logGet(43)) - raft.rpc.type = GRPC (default)
2019-08-28 20:09:39,598 [main] INFO  grpc.GrpcFactory (GrpcFactory.java:checkPooledByteBufAllocatorUseCacheForAllThreads(45)) - PERFORMANCE WARNING: useCacheForAllThreads is true that may cause Netty to create a lot garbage objects and, as a result, trigger GC.
	It is recommended to disable useCacheForAllThreads by setting -Dorg.apache.ratis.thirdparty.io.netty.allocator.useCacheForAllThreads=false in command line.
2019-08-28 20:09:39,598 [main] INFO  grpc.GrpcConfigKeys$Server (ConfUtils.java:logGet(43)) - raft.grpc.server.port = 0 (default)
2019-08-28 20:09:39,598 [main] INFO  server.GrpcService (ConfUtils.java:logGet(43)) - raft.grpc.message.size.max = 33570816 (custom)
2019-08-28 20:09:39,598 [main] INFO  server.RaftServerConfigKeys (ConfUtils.java:logGet(43)) - raft.server.log.appender.buffer.byte-limit = 33554432 (custom)
2019-08-28 20:09:39,598 [main] INFO  server.GrpcService (ConfUtils.java:logGet(43)) - raft.grpc.flow.control.window = 1MB (=1048576) (default)
2019-08-28 20:09:39,599 [main] INFO  server.RaftServerConfigKeys (ConfUtils.java:logGet(43)) - raft.server.rpc.request.timeout = 3000ms (default)
2019-08-28 20:09:39,599 [main] INFO  server.RaftServerConfigKeys (ConfUtils.java:logGet(43)) - raft.server.storage.dir = [/workdir/hadoop-ozone/integration-test/target/test-dir/MiniOzoneClusterImpl-72b920a7-1e55-4753-92eb-643903605a0d/datanode-5/data/ratis] (custom)
2019-08-28 20:09:39,599 [main] INFO  replication.SimpleContainerDownloader (SimpleContainerDownloader.java:<init>(72)) - Starting container downloader service to copy containers to replicate.
2019-08-28 20:09:39,600 [main] INFO  hdfs.DFSUtil (DFSUtil.java:httpServerTemplateForNNAndJN(1641)) - Starting Web-server for hddsDatanode at: http://0.0.0.0:0
2019-08-28 20:09:39,602 [main] INFO  server.AuthenticationFilter (AuthenticationFilter.java:constructSecretProvider(240)) - Unable to initialize FileSignerSecretProvider, falling back to use random secrets.
2019-08-28 20:09:39,603 [main] WARN  http.HttpRequestLog (HttpRequestLog.java:getRequestLog(97)) - Jetty request log can only be enabled using Log4j
2019-08-28 20:09:39,605 [main] INFO  http.HttpServer2 (HttpServer2.java:addGlobalFilter(975)) - Added global filter 'safety' (class=org.apache.hadoop.http.HttpServer2$QuotingInputFilter)
2019-08-28 20:09:39,606 [main] INFO  http.HttpServer2 (HttpServer2.java:addFilter(948)) - Added filter static_user_filter (class=org.apache.hadoop.http.lib.StaticUserWebFilter$StaticUserFilter) to context hddsDatanode
2019-08-28 20:09:39,606 [main] INFO  http.HttpServer2 (HttpServer2.java:addFilter(958)) - Added filter static_user_filter (class=org.apache.hadoop.http.lib.StaticUserWebFilter$StaticUserFilter) to context static
2019-08-28 20:09:39,606 [main] INFO  http.HttpServer2 (HttpServer2.java:addFilter(958)) - Added filter static_user_filter (class=org.apache.hadoop.http.lib.StaticUserWebFilter$StaticUserFilter) to context logs
2019-08-28 20:09:39,607 [main] INFO  http.HttpServer2 (HttpServer2.java:bindListener(1191)) - Jetty bound to port 35916
2019-08-28 20:09:39,607 [main] INFO  server.Server (Server.java:doStart(351)) - jetty-9.3.24.v20180605, build timestamp: 2018-06-05T17:11:56Z, git hash: 84205aa28f11a4f31f2a3b86d1bba2cc8ab69827
2019-08-28 20:09:39,609 [main] INFO  handler.ContextHandler (ContextHandler.java:doStart(781)) - Started o.e.j.s.ServletContextHandler@2d73e8c4{/logs,file:///workdir/hadoop-ozone/integration-test/target/log,AVAILABLE}
2019-08-28 20:09:39,610 [main] INFO  handler.ContextHandler (ContextHandler.java:doStart(781)) - Started o.e.j.s.ServletContextHandler@3e39e0fb{/static,jar:file:/home/user/.m2/repository/org/apache/hadoop/hadoop-hdds-container-service/0.5.0-SNAPSHOT/hadoop-hdds-container-service-0.5.0-SNAPSHOT.jar!/webapps/static,AVAILABLE}
2019-08-28 20:09:39,653 [main] INFO  handler.ContextHandler (ContextHandler.java:doStart(781)) - Started o.e.j.w.WebAppContext@134d7ffa{/,file:///tmp/jetty-0.0.0.0-35916-hddsDatanode-_-any-4249805824011255650.dir/webapp/,AVAILABLE}{/hddsDatanode}
2019-08-28 20:09:39,653 [main] INFO  server.AbstractConnector (AbstractConnector.java:doStart(278)) - Started ServerConnector@6e948f1c{HTTP/1.1,[http/1.1]}{0.0.0.0:35916}
2019-08-28 20:09:39,655 [main] INFO  server.Server (Server.java:doStart(419)) - Started @667916ms
2019-08-28 20:09:39,655 [main] INFO  server.BaseHttpServer (BaseHttpServer.java:updateConnectorAddress(226)) - HTTP server of HDDSDATANODE is listening at http://0.0.0.0:35916
2019-08-28 20:09:39,656 [main] INFO  impl.MetricsSystemImpl (MetricsSystemImpl.java:init(158)) - HddsDatanode metrics system started (again)
2019-08-28 20:09:39,660 [org.apache.hadoop.util.JvmPauseMonitor$Monitor@794769dd] INFO  util.JvmPauseMonitor (JvmPauseMonitor.java:run(188)) - Starting JVM pause monitor
2019-08-28 20:09:39,660 [main] INFO  ozone.HddsDatanodeService (HddsDatanodeService.java:start(190)) - HddsDatanodeService host:pr-hdds-1949-jn7bv-2990118995 ip:192.168.36.107
2019-08-28 20:09:39,661 [Datanode State Machine Thread - 0] INFO  datanode.InitDatanodeState (InitDatanodeState.java:persistContainerDatanodeDetails(140)) - DatanodeDetails is persisted to /workdir/hadoop-ozone/integration-test/target/test-dir/MiniOzoneClusterImpl-72b920a7-1e55-4753-92eb-643903605a0d/datanode-5/meta/datanode.id
2019-08-28 20:09:39,667 [main] INFO  volume.HddsVolume (HddsVolume.java:<init>(176)) - Creating Volume: /workdir/hadoop-ozone/integration-test/target/test-dir/MiniOzoneClusterImpl-72b920a7-1e55-4753-92eb-643903605a0d/datanode-6/data/containers/hdds of  storage type : DISK and capacity : 1482555576320
2019-08-28 20:09:39,667 [main] INFO  volume.VolumeSet (VolumeSet.java:initializeVolumeSet(170)) - Added Volume : /workdir/hadoop-ozone/integration-test/target/test-dir/MiniOzoneClusterImpl-72b920a7-1e55-4753-92eb-643903605a0d/datanode-6/data/containers/hdds to VolumeSet
2019-08-28 20:09:39,667 [main] INFO  volume.ThrottledAsyncChecker (ThrottledAsyncChecker.java:schedule(140)) - Scheduling a check for org.apache.hadoop.ozone.container.common.volume.HddsVolume@6aa6c17
2019-08-28 20:09:39,668 [main] INFO  volume.HddsVolumeChecker (HddsVolumeChecker.java:checkAllVolumes(203)) - Scheduled health check for volume org.apache.hadoop.ozone.container.common.volume.HddsVolume@6aa6c17
2019-08-28 20:09:39,683 [main] INFO  impl.RaftServerProxy (ConfUtils.java:logGet(43)) - raft.rpc.type = GRPC (default)
2019-08-28 20:09:39,684 [main] INFO  grpc.GrpcFactory (GrpcFactory.java:checkPooledByteBufAllocatorUseCacheForAllThreads(45)) - PERFORMANCE WARNING: useCacheForAllThreads is true that may cause Netty to create a lot garbage objects and, as a result, trigger GC.
	It is recommended to disable useCacheForAllThreads by setting -Dorg.apache.ratis.thirdparty.io.netty.allocator.useCacheForAllThreads=false in command line.
2019-08-28 20:09:39,684 [main] INFO  grpc.GrpcConfigKeys$Server (ConfUtils.java:logGet(43)) - raft.grpc.server.port = 0 (default)
2019-08-28 20:09:39,684 [main] INFO  server.GrpcService (ConfUtils.java:logGet(43)) - raft.grpc.message.size.max = 33570816 (custom)
2019-08-28 20:09:39,684 [main] INFO  server.RaftServerConfigKeys (ConfUtils.java:logGet(43)) - raft.server.log.appender.buffer.byte-limit = 33554432 (custom)
2019-08-28 20:09:39,684 [main] INFO  server.GrpcService (ConfUtils.java:logGet(43)) - raft.grpc.flow.control.window = 1MB (=1048576) (default)
2019-08-28 20:09:39,685 [main] INFO  server.RaftServerConfigKeys (ConfUtils.java:logGet(43)) - raft.server.rpc.request.timeout = 3000ms (default)
2019-08-28 20:09:39,685 [main] INFO  server.RaftServerConfigKeys (ConfUtils.java:logGet(43)) - raft.server.storage.dir = [/workdir/hadoop-ozone/integration-test/target/test-dir/MiniOzoneClusterImpl-72b920a7-1e55-4753-92eb-643903605a0d/datanode-6/data/ratis] (custom)
2019-08-28 20:09:39,686 [main] INFO  replication.SimpleContainerDownloader (SimpleContainerDownloader.java:<init>(72)) - Starting container downloader service to copy containers to replicate.
2019-08-28 20:09:39,686 [main] INFO  hdfs.DFSUtil (DFSUtil.java:httpServerTemplateForNNAndJN(1641)) - Starting Web-server for hddsDatanode at: http://0.0.0.0:0
2019-08-28 20:09:39,687 [main] INFO  server.AuthenticationFilter (AuthenticationFilter.java:constructSecretProvider(240)) - Unable to initialize FileSignerSecretProvider, falling back to use random secrets.
2019-08-28 20:09:39,688 [main] WARN  http.HttpRequestLog (HttpRequestLog.java:getRequestLog(97)) - Jetty request log can only be enabled using Log4j
2019-08-28 20:09:39,689 [main] INFO  http.HttpServer2 (HttpServer2.java:addGlobalFilter(975)) - Added global filter 'safety' (class=org.apache.hadoop.http.HttpServer2$QuotingInputFilter)
2019-08-28 20:09:39,689 [main] INFO  http.HttpServer2 (HttpServer2.java:addFilter(948)) - Added filter static_user_filter (class=org.apache.hadoop.http.lib.StaticUserWebFilter$StaticUserFilter) to context hddsDatanode
2019-08-28 20:09:39,689 [main] INFO  http.HttpServer2 (HttpServer2.java:addFilter(958)) - Added filter static_user_filter (class=org.apache.hadoop.http.lib.StaticUserWebFilter$StaticUserFilter) to context logs
2019-08-28 20:09:39,690 [main] INFO  http.HttpServer2 (HttpServer2.java:addFilter(958)) - Added filter static_user_filter (class=org.apache.hadoop.http.lib.StaticUserWebFilter$StaticUserFilter) to context static
2019-08-28 20:09:39,690 [main] INFO  http.HttpServer2 (HttpServer2.java:bindListener(1191)) - Jetty bound to port 39414
2019-08-28 20:09:39,690 [main] INFO  server.Server (Server.java:doStart(351)) - jetty-9.3.24.v20180605, build timestamp: 2018-06-05T17:11:56Z, git hash: 84205aa28f11a4f31f2a3b86d1bba2cc8ab69827
2019-08-28 20:09:39,692 [main] INFO  handler.ContextHandler (ContextHandler.java:doStart(781)) - Started o.e.j.s.ServletContextHandler@6eaa6b0c{/logs,file:///workdir/hadoop-ozone/integration-test/target/log,AVAILABLE}
2019-08-28 20:09:39,692 [main] INFO  handler.ContextHandler (ContextHandler.java:doStart(781)) - Started o.e.j.s.ServletContextHandler@6cd2cb2{/static,jar:file:/home/user/.m2/repository/org/apache/hadoop/hadoop-hdds-container-service/0.5.0-SNAPSHOT/hadoop-hdds-container-service-0.5.0-SNAPSHOT.jar!/webapps/static,AVAILABLE}
2019-08-28 20:09:39,723 [main] INFO  handler.ContextHandler (ContextHandler.java:doStart(781)) - Started o.e.j.w.WebAppContext@23bd047f{/,file:///tmp/jetty-0.0.0.0-39414-hddsDatanode-_-any-7278896196595663000.dir/webapp/,AVAILABLE}{/hddsDatanode}
2019-08-28 20:09:39,724 [main] INFO  server.AbstractConnector (AbstractConnector.java:doStart(278)) - Started ServerConnector@3562e7c7{HTTP/1.1,[http/1.1]}{0.0.0.0:39414}
2019-08-28 20:09:39,724 [main] INFO  server.Server (Server.java:doStart(419)) - Started @667985ms
2019-08-28 20:09:39,729 [main] INFO  server.BaseHttpServer (BaseHttpServer.java:updateConnectorAddress(226)) - HTTP server of HDDSDATANODE is listening at http://0.0.0.0:39414
2019-08-28 20:09:39,729 [main] INFO  ozone.MiniOzoneClusterImpl (MiniOzoneClusterImpl.java:lambda$waitForClusterToBeReady$0(142)) - Waiting for cluster to be ready. Got 0 of 7 DN Heartbeats.
2019-08-28 20:09:39,731 [org.apache.hadoop.util.JvmPauseMonitor$Monitor@1a36355a] INFO  util.JvmPauseMonitor (JvmPauseMonitor.java:run(188)) - Starting JVM pause monitor
2019-08-28 20:09:39,733 [Datanode State Machine Thread - 0] INFO  datanode.InitDatanodeState (InitDatanodeState.java:persistContainerDatanodeDetails(140)) - DatanodeDetails is persisted to /workdir/hadoop-ozone/integration-test/target/test-dir/MiniOzoneClusterImpl-72b920a7-1e55-4753-92eb-643903605a0d/datanode-6/meta/datanode.id
2019-08-28 20:09:40,730 [main] INFO  ozone.MiniOzoneClusterImpl (MiniOzoneClusterImpl.java:lambda$waitForClusterToBeReady$0(142)) - Waiting for cluster to be ready. Got 0 of 7 DN Heartbeats.
2019-08-28 20:09:41,357 | INFO  | SCMAudit | user=jenkins1000 | ip=192.168.36.107 | op=GET_VERSION null | ret=SUCCESS |  
2019-08-28 20:09:41,388 [Datanode State Machine Thread - 0] INFO  ozoneimpl.OzoneContainer (OzoneContainer.java:start(201)) - Attempting to start container services.
2019-08-28 20:09:41,388 [Datanode State Machine Thread - 0] INFO  ozoneimpl.OzoneContainer (OzoneContainer.java:startContainerScrub(175)) - Background container scrubber has been disabled by hdds.containerscrub.enabled
2019-08-28 20:09:41,388 [Datanode State Machine Thread - 0] INFO  ratis.XceiverServerRatis (XceiverServerRatis.java:start(393)) - Starting XceiverServerRatis 32058749-0763-4169-a6f0-c48e966b88d9 at port 0
2019-08-28 20:09:41,395 [Datanode State Machine Thread - 0] INFO  impl.RaftServerProxy (RaftServerProxy.java:lambda$start$3(299)) - 32058749-0763-4169-a6f0-c48e966b88d9: start RPC server
2019-08-28 20:09:41,397 [Datanode State Machine Thread - 0] INFO  server.GrpcService (GrpcService.java:startImpl(149)) - 32058749-0763-4169-a6f0-c48e966b88d9: GrpcService started, listening on 0.0.0.0/0.0.0.0:45971
2019-08-28 20:09:41,397 [Datanode State Machine Thread - 0] INFO  ratis.XceiverServerRatis (XceiverServerRatis.java:start(403)) - XceiverServerRatis 32058749-0763-4169-a6f0-c48e966b88d9 is started using port 45971
2019-08-28 20:09:41,398 [Datanode State Machine Thread - 0] INFO  server.XceiverServerGrpc (XceiverServerGrpc.java:start(163)) - XceiverServerGrpc 32058749-0763-4169-a6f0-c48e966b88d9 is started using port 36445
2019-08-28 20:09:41,407 | INFO  | SCMAudit | user=jenkins1000 | ip=192.168.36.107 | op=GET_VERSION null | ret=SUCCESS |  
2019-08-28 20:09:41,431 [Datanode State Machine Thread - 0] INFO  ozoneimpl.OzoneContainer (OzoneContainer.java:start(201)) - Attempting to start container services.
2019-08-28 20:09:41,431 [Datanode State Machine Thread - 0] INFO  ozoneimpl.OzoneContainer (OzoneContainer.java:startContainerScrub(175)) - Background container scrubber has been disabled by hdds.containerscrub.enabled
2019-08-28 20:09:41,431 [Datanode State Machine Thread - 0] INFO  ratis.XceiverServerRatis (XceiverServerRatis.java:start(393)) - Starting XceiverServerRatis 8fecb67b-5c4d-4732-8a79-20bb823bc0ec at port 0
2019-08-28 20:09:41,439 [Datanode State Machine Thread - 0] INFO  impl.RaftServerProxy (RaftServerProxy.java:lambda$start$3(299)) - 8fecb67b-5c4d-4732-8a79-20bb823bc0ec: start RPC server
2019-08-28 20:09:41,440 [Datanode State Machine Thread - 0] INFO  server.GrpcService (GrpcService.java:startImpl(149)) - 8fecb67b-5c4d-4732-8a79-20bb823bc0ec: GrpcService started, listening on 0.0.0.0/0.0.0.0:33628
2019-08-28 20:09:41,440 [Datanode State Machine Thread - 0] INFO  ratis.XceiverServerRatis (XceiverServerRatis.java:start(403)) - XceiverServerRatis 8fecb67b-5c4d-4732-8a79-20bb823bc0ec is started using port 33628
2019-08-28 20:09:41,441 [Datanode State Machine Thread - 0] INFO  server.XceiverServerGrpc (XceiverServerGrpc.java:start(163)) - XceiverServerGrpc 8fecb67b-5c4d-4732-8a79-20bb823bc0ec is started using port 44583
2019-08-28 20:09:41,464 | INFO  | SCMAudit | user=jenkins1000 | ip=192.168.36.107 | op=GET_VERSION null | ret=SUCCESS |  
2019-08-28 20:09:41,507 [Datanode State Machine Thread - 0] INFO  ozoneimpl.OzoneContainer (OzoneContainer.java:start(201)) - Attempting to start container services.
2019-08-28 20:09:41,508 [Datanode State Machine Thread - 0] INFO  ozoneimpl.OzoneContainer (OzoneContainer.java:startContainerScrub(175)) - Background container scrubber has been disabled by hdds.containerscrub.enabled
2019-08-28 20:09:41,508 [Datanode State Machine Thread - 0] INFO  ratis.XceiverServerRatis (XceiverServerRatis.java:start(393)) - Starting XceiverServerRatis 832d9bd2-6690-412c-a054-04d2b759cec3 at port 0
2019-08-28 20:09:41,515 [Datanode State Machine Thread - 0] INFO  impl.RaftServerProxy (RaftServerProxy.java:lambda$start$3(299)) - 832d9bd2-6690-412c-a054-04d2b759cec3: start RPC server
2019-08-28 20:09:41,515 [Datanode State Machine Thread - 0] INFO  server.GrpcService (GrpcService.java:startImpl(149)) - 832d9bd2-6690-412c-a054-04d2b759cec3: GrpcService started, listening on 0.0.0.0/0.0.0.0:42400
2019-08-28 20:09:41,516 [Datanode State Machine Thread - 0] INFO  ratis.XceiverServerRatis (XceiverServerRatis.java:start(403)) - XceiverServerRatis 832d9bd2-6690-412c-a054-04d2b759cec3 is started using port 42400
2019-08-28 20:09:41,516 [Datanode State Machine Thread - 0] INFO  server.XceiverServerGrpc (XceiverServerGrpc.java:start(163)) - XceiverServerGrpc 832d9bd2-6690-412c-a054-04d2b759cec3 is started using port 32918
2019-08-28 20:09:41,524 | INFO  | SCMAudit | user=jenkins1000 | ip=192.168.36.107 | op=GET_VERSION null | ret=SUCCESS |  
2019-08-28 20:09:41,566 [Datanode State Machine Thread - 0] INFO  ozoneimpl.OzoneContainer (OzoneContainer.java:start(201)) - Attempting to start container services.
2019-08-28 20:09:41,566 [Datanode State Machine Thread - 0] INFO  ozoneimpl.OzoneContainer (OzoneContainer.java:startContainerScrub(175)) - Background container scrubber has been disabled by hdds.containerscrub.enabled
2019-08-28 20:09:41,567 [Datanode State Machine Thread - 0] INFO  ratis.XceiverServerRatis (XceiverServerRatis.java:start(393)) - Starting XceiverServerRatis 54ce06a7-084b-40eb-9b4b-239a6e27ab83 at port 0
2019-08-28 20:09:41,574 [Datanode State Machine Thread - 0] INFO  impl.RaftServerProxy (RaftServerProxy.java:lambda$start$3(299)) - 54ce06a7-084b-40eb-9b4b-239a6e27ab83: start RPC server
2019-08-28 20:09:41,576 [Datanode State Machine Thread - 0] INFO  server.GrpcService (GrpcService.java:startImpl(149)) - 54ce06a7-084b-40eb-9b4b-239a6e27ab83: GrpcService started, listening on 0.0.0.0/0.0.0.0:45366
2019-08-28 20:09:41,577 [Datanode State Machine Thread - 0] INFO  ratis.XceiverServerRatis (XceiverServerRatis.java:start(403)) - XceiverServerRatis 54ce06a7-084b-40eb-9b4b-239a6e27ab83 is started using port 45366
2019-08-28 20:09:41,579 [Datanode State Machine Thread - 0] INFO  server.XceiverServerGrpc (XceiverServerGrpc.java:start(163)) - XceiverServerGrpc 54ce06a7-084b-40eb-9b4b-239a6e27ab83 is started using port 33022
2019-08-28 20:09:41,579 | INFO  | SCMAudit | user=jenkins1000 | ip=192.168.36.107 | op=GET_VERSION null | ret=SUCCESS |  
2019-08-28 20:09:41,608 [Datanode State Machine Thread - 0] INFO  ozoneimpl.OzoneContainer (OzoneContainer.java:start(201)) - Attempting to start container services.
2019-08-28 20:09:41,608 [Datanode State Machine Thread - 0] INFO  ozoneimpl.OzoneContainer (OzoneContainer.java:startContainerScrub(175)) - Background container scrubber has been disabled by hdds.containerscrub.enabled
2019-08-28 20:09:41,608 [Datanode State Machine Thread - 0] INFO  ratis.XceiverServerRatis (XceiverServerRatis.java:start(393)) - Starting XceiverServerRatis 99c2ffe6-7e64-4b0d-9e12-4b317a498883 at port 0
2019-08-28 20:09:41,615 [Datanode State Machine Thread - 0] INFO  impl.RaftServerProxy (RaftServerProxy.java:lambda$start$3(299)) - 99c2ffe6-7e64-4b0d-9e12-4b317a498883: start RPC server
2019-08-28 20:09:41,616 [Datanode State Machine Thread - 0] INFO  server.GrpcService (GrpcService.java:startImpl(149)) - 99c2ffe6-7e64-4b0d-9e12-4b317a498883: GrpcService started, listening on 0.0.0.0/0.0.0.0:36103
2019-08-28 20:09:41,616 [Datanode State Machine Thread - 0] INFO  ratis.XceiverServerRatis (XceiverServerRatis.java:start(403)) - XceiverServerRatis 99c2ffe6-7e64-4b0d-9e12-4b317a498883 is started using port 36103
2019-08-28 20:09:41,617 [Datanode State Machine Thread - 0] INFO  server.XceiverServerGrpc (XceiverServerGrpc.java:start(163)) - XceiverServerGrpc 99c2ffe6-7e64-4b0d-9e12-4b317a498883 is started using port 37085
2019-08-28 20:09:41,660 | INFO  | SCMAudit | user=jenkins1000 | ip=192.168.36.107 | op=GET_VERSION null | ret=SUCCESS |  
2019-08-28 20:09:41,692 [Datanode State Machine Thread - 0] INFO  ozoneimpl.OzoneContainer (OzoneContainer.java:start(201)) - Attempting to start container services.
2019-08-28 20:09:41,692 [Datanode State Machine Thread - 0] INFO  ozoneimpl.OzoneContainer (OzoneContainer.java:startContainerScrub(175)) - Background container scrubber has been disabled by hdds.containerscrub.enabled
2019-08-28 20:09:41,692 [Datanode State Machine Thread - 0] INFO  ratis.XceiverServerRatis (XceiverServerRatis.java:start(393)) - Starting XceiverServerRatis 461018b7-39dd-4d28-b214-6e460473d27d at port 0
2019-08-28 20:09:41,699 [Datanode State Machine Thread - 0] INFO  impl.RaftServerProxy (RaftServerProxy.java:lambda$start$3(299)) - 461018b7-39dd-4d28-b214-6e460473d27d: start RPC server
2019-08-28 20:09:41,702 [Datanode State Machine Thread - 0] INFO  server.GrpcService (GrpcService.java:startImpl(149)) - 461018b7-39dd-4d28-b214-6e460473d27d: GrpcService started, listening on 0.0.0.0/0.0.0.0:36069
2019-08-28 20:09:41,702 [Datanode State Machine Thread - 0] INFO  ratis.XceiverServerRatis (XceiverServerRatis.java:start(403)) - XceiverServerRatis 461018b7-39dd-4d28-b214-6e460473d27d is started using port 36069
2019-08-28 20:09:41,712 [Datanode State Machine Thread - 0] INFO  server.XceiverServerGrpc (XceiverServerGrpc.java:start(163)) - XceiverServerGrpc 461018b7-39dd-4d28-b214-6e460473d27d is started using port 39178
2019-08-28 20:09:41,730 [main] INFO  ozone.MiniOzoneClusterImpl (MiniOzoneClusterImpl.java:lambda$waitForClusterToBeReady$0(142)) - Waiting for cluster to be ready. Got 0 of 7 DN Heartbeats.
2019-08-28 20:09:41,732 | INFO  | SCMAudit | user=jenkins1000 | ip=192.168.36.107 | op=GET_VERSION null | ret=SUCCESS |  
2019-08-28 20:09:41,751 [Datanode State Machine Thread - 0] INFO  ozoneimpl.OzoneContainer (OzoneContainer.java:start(201)) - Attempting to start container services.
2019-08-28 20:09:41,751 [Datanode State Machine Thread - 0] INFO  ozoneimpl.OzoneContainer (OzoneContainer.java:startContainerScrub(175)) - Background container scrubber has been disabled by hdds.containerscrub.enabled
2019-08-28 20:09:41,751 [Datanode State Machine Thread - 0] INFO  ratis.XceiverServerRatis (XceiverServerRatis.java:start(393)) - Starting XceiverServerRatis 0d2cbdf2-f3e9-4f0a-94d2-ebe777e5e266 at port 0
2019-08-28 20:09:41,757 [Datanode State Machine Thread - 0] INFO  impl.RaftServerProxy (RaftServerProxy.java:lambda$start$3(299)) - 0d2cbdf2-f3e9-4f0a-94d2-ebe777e5e266: start RPC server
2019-08-28 20:09:41,758 [Datanode State Machine Thread - 0] INFO  server.GrpcService (GrpcService.java:startImpl(149)) - 0d2cbdf2-f3e9-4f0a-94d2-ebe777e5e266: GrpcService started, listening on 0.0.0.0/0.0.0.0:39333
2019-08-28 20:09:41,758 [Datanode State Machine Thread - 0] INFO  ratis.XceiverServerRatis (XceiverServerRatis.java:start(403)) - XceiverServerRatis 0d2cbdf2-f3e9-4f0a-94d2-ebe777e5e266 is started using port 39333
2019-08-28 20:09:41,759 [Datanode State Machine Thread - 0] INFO  server.XceiverServerGrpc (XceiverServerGrpc.java:start(163)) - XceiverServerGrpc 0d2cbdf2-f3e9-4f0a-94d2-ebe777e5e266 is started using port 34383
2019-08-28 20:09:42,730 [main] INFO  ozone.MiniOzoneClusterImpl (MiniOzoneClusterImpl.java:lambda$waitForClusterToBeReady$0(142)) - Waiting for cluster to be ready. Got 0 of 7 DN Heartbeats.
2019-08-28 20:09:43,355 [IPC Server handler 1 on 42518] INFO  net.NetworkTopology (NetworkTopologyImpl.java:add(110)) - Added a new node: /default-rack/32058749-0763-4169-a6f0-c48e966b88d9
2019-08-28 20:09:43,358 [IPC Server handler 1 on 42518] INFO  node.SCMNodeManager (SCMNodeManager.java:register(273)) - Registered Data node : 32058749-0763-4169-a6f0-c48e966b88d9{ip: 192.168.36.107, host: pr-hdds-1949-jn7bv-2990118995, networkLocation: /default-rack, certSerialId: null}
2019-08-28 20:09:43,359 [EventQueue-NodeRegistrationContainerReportForDataNodeSafeModeRule] INFO  safemode.SCMSafeModeManager (DataNodeSafeModeRule.java:process(71)) - SCM in safe mode. 1 DataNodes registered, 1 required.
2019-08-28 20:09:43,359 | INFO  | SCMAudit | user=jenkins1000 | ip=192.168.36.107 | op=REGISTER {datanodeDetails=32058749-0763-4169-a6f0-c48e966b88d9{ip: 192.168.36.107, host: pr-hdds-1949-jn7bv-2990118995, networkLocation: /default-rack, certSerialId: null}} | ret=SUCCESS |  
2019-08-28 20:09:43,361 [EventQueue-NodeRegistrationContainerReportForDataNodeSafeModeRule] INFO  safemode.SCMSafeModeManager (SCMSafeModeManager.java:validateSafeModeExitRules(177)) - ScmSafeModeManager, all rules are successfully validated
2019-08-28 20:09:43,361 [EventQueue-NodeRegistrationContainerReportForDataNodeSafeModeRule] INFO  safemode.SCMSafeModeManager (SCMSafeModeManager.java:exitSafeMode(193)) - SCM exiting safe mode.
2019-08-28 20:09:43,413 [IPC Server handler 2 on 42518] INFO  net.NetworkTopology (NetworkTopologyImpl.java:add(110)) - Added a new node: /default-rack/8fecb67b-5c4d-4732-8a79-20bb823bc0ec
2019-08-28 20:09:43,413 [IPC Server handler 2 on 42518] INFO  node.SCMNodeManager (SCMNodeManager.java:register(273)) - Registered Data node : 8fecb67b-5c4d-4732-8a79-20bb823bc0ec{ip: 192.168.36.107, host: pr-hdds-1949-jn7bv-2990118995, networkLocation: /default-rack, certSerialId: null}
2019-08-28 20:09:43,414 | INFO  | SCMAudit | user=jenkins1000 | ip=192.168.36.107 | op=REGISTER {datanodeDetails=8fecb67b-5c4d-4732-8a79-20bb823bc0ec{ip: 192.168.36.107, host: pr-hdds-1949-jn7bv-2990118995, networkLocation: /default-rack, certSerialId: null}} | ret=SUCCESS |  
2019-08-28 20:09:43,428 [grpc-default-executor-9] INFO  impl.RaftServerProxy (RaftServerProxy.java:addNew(89)) - 32058749-0763-4169-a6f0-c48e966b88d9: addNew group-F208CCE8CFDD:[32058749-0763-4169-a6f0-c48e966b88d9:192.168.36.107:45971] returns group-F208CCE8CFDD:java.util.concurrent.CompletableFuture@36eb633[Not completed]
2019-08-28 20:09:43,429 [pool-730-thread-1] INFO  impl.RaftServerImpl (RaftServerImpl.java:<init>(93)) - 32058749-0763-4169-a6f0-c48e966b88d9: new RaftServerImpl for group-F208CCE8CFDD:[32058749-0763-4169-a6f0-c48e966b88d9:192.168.36.107:45971] with ContainerStateMachine:uninitialized
2019-08-28 20:09:43,429 [pool-730-thread-1] INFO  server.RaftServerConfigKeys (ConfUtils.java:logGet(43)) - raft.server.rpc.timeout.min = 5s (custom)
2019-08-28 20:09:43,430 [pool-730-thread-1] INFO  server.RaftServerConfigKeys (ConfUtils.java:logGet(43)) - raft.server.rpc.timeout.max = 5200ms (custom)
2019-08-28 20:09:43,430 [pool-730-thread-1] INFO  server.RaftServerConfigKeys (ConfUtils.java:logGet(43)) - raft.server.rpcslowness.timeout = 120s (custom)
2019-08-28 20:09:43,430 [pool-730-thread-1] INFO  server.RaftServerConfigKeys (ConfUtils.java:logGet(43)) - raft.server.sleep.deviation.threshold = 300 (default)
2019-08-28 20:09:43,430 [pool-730-thread-1] INFO  server.RaftServerConfigKeys (ConfUtils.java:logGet(43)) - raft.server.log.appender.install.snapshot.enabled = false (custom)
2019-08-28 20:09:43,430 [pool-730-thread-1] INFO  impl.RaftServerImpl (ServerState.java:<init>(105)) - 32058749-0763-4169-a6f0-c48e966b88d9:group-F208CCE8CFDD ConfigurationManager, init=-1: [32058749-0763-4169-a6f0-c48e966b88d9:192.168.36.107:45971], old=null, confs=<EMPTY_MAP>
2019-08-28 20:09:43,430 [pool-730-thread-1] INFO  server.RaftServerConfigKeys (ConfUtils.java:logGet(43)) - raft.server.storage.dir = [/workdir/hadoop-ozone/integration-test/target/test-dir/MiniOzoneClusterImpl-72b920a7-1e55-4753-92eb-643903605a0d/datanode-0/data/ratis] (custom)
2019-08-28 20:09:43,431 [pool-730-thread-1] INFO  storage.RaftStorageDirectory (RaftStorageDirectory.java:analyzeStorage(246)) - The storage directory /workdir/hadoop-ozone/integration-test/target/test-dir/MiniOzoneClusterImpl-72b920a7-1e55-4753-92eb-643903605a0d/datanode-0/data/ratis/8d6f8a28-1ee5-48fe-b0c2-f208cce8cfdd does not exist. Creating ...
2019-08-28 20:09:43,464 [IPC Server handler 3 on 42518] INFO  net.NetworkTopology (NetworkTopologyImpl.java:add(110)) - Added a new node: /default-rack/832d9bd2-6690-412c-a054-04d2b759cec3
2019-08-28 20:09:43,465 [IPC Server handler 3 on 42518] INFO  node.SCMNodeManager (SCMNodeManager.java:register(273)) - Registered Data node : 832d9bd2-6690-412c-a054-04d2b759cec3{ip: 192.168.36.107, host: pr-hdds-1949-jn7bv-2990118995, networkLocation: /default-rack, certSerialId: null}
2019-08-28 20:09:43,465 | INFO  | SCMAudit | user=jenkins1000 | ip=192.168.36.107 | op=REGISTER {datanodeDetails=832d9bd2-6690-412c-a054-04d2b759cec3{ip: 192.168.36.107, host: pr-hdds-1949-jn7bv-2990118995, networkLocation: /default-rack, certSerialId: null}} | ret=SUCCESS |  
2019-08-28 20:09:43,468 [pool-730-thread-1] INFO  storage.RaftStorageDirectory (RaftStorageDirectory.java:tryLock(328)) - Lock on /workdir/hadoop-ozone/integration-test/target/test-dir/MiniOzoneClusterImpl-72b920a7-1e55-4753-92eb-643903605a0d/datanode-0/data/ratis/8d6f8a28-1ee5-48fe-b0c2-f208cce8cfdd/in_use.lock acquired by nodename 22922@pr-hdds-1949-jn7bv-2990118995
2019-08-28 20:09:43,501 [pool-730-thread-1] INFO  storage.RaftStorage (RaftStorage.java:format(72)) - Storage directory /workdir/hadoop-ozone/integration-test/target/test-dir/MiniOzoneClusterImpl-72b920a7-1e55-4753-92eb-643903605a0d/datanode-0/data/ratis/8d6f8a28-1ee5-48fe-b0c2-f208cce8cfdd has been successfully formatted.
2019-08-28 20:09:43,502 [pool-730-thread-1] INFO  ratis.ContainerStateMachine (ContainerStateMachine.java:loadSnapshot(227)) - group-F208CCE8CFDD: The snapshot info is null. Setting the last applied indexto:(t:0, i:~)
2019-08-28 20:09:43,502 [pool-730-thread-1] INFO  server.RaftServerConfigKeys (ConfUtils.java:logGet(43)) - raft.server.leader.election.timeout = 120s (custom)
2019-08-28 20:09:43,502 [pool-730-thread-1] INFO  server.RaftServerConfigKeys (ConfUtils.java:logGet(43)) - raft.server.log.use.memory = false (default)
2019-08-28 20:09:43,502 [pool-730-thread-1] INFO  server.RaftServerConfigKeys (ConfUtils.java:logGet(43)) - raft.server.log.purge.gap = 1000000 (custom)
2019-08-28 20:09:43,503 [pool-730-thread-1] INFO  server.RaftServerConfigKeys (ConfUtils.java:logGet(43)) - raft.server.log.appender.buffer.byte-limit = 33554432 (custom)
2019-08-28 20:09:43,503 [pool-730-thread-1] INFO  server.RaftServerConfigKeys (ConfUtils.java:logGet(43)) - raft.server.log.segment.size.max = 1048576 (custom)
2019-08-28 20:09:43,503 [pool-730-thread-1] INFO  server.RaftServerConfigKeys (ConfUtils.java:logGet(43)) - raft.server.log.segment.cache.num.max = 2 (custom)
2019-08-28 20:09:43,503 [pool-730-thread-1] INFO  segmented.SegmentedRaftLogWorker (SegmentedRaftLogWorker.java:<init>(172)) - new 32058749-0763-4169-a6f0-c48e966b88d9-SegmentedRaftLogWorker:Storage Directory /workdir/hadoop-ozone/integration-test/target/test-dir/MiniOzoneClusterImpl-72b920a7-1e55-4753-92eb-643903605a0d/datanode-0/data/ratis/8d6f8a28-1ee5-48fe-b0c2-f208cce8cfdd for RaftStorage:Storage Directory /workdir/hadoop-ozone/integration-test/target/test-dir/MiniOzoneClusterImpl-72b920a7-1e55-4753-92eb-643903605a0d/datanode-0/data/ratis/8d6f8a28-1ee5-48fe-b0c2-f208cce8cfdd
2019-08-28 20:09:43,503 [pool-730-thread-1] INFO  server.RaftServerConfigKeys (ConfUtils.java:logGet(43)) - raft.server.log.queue.byte-limit = 2147483647 (custom)
2019-08-28 20:09:43,504 [pool-730-thread-1] INFO  server.RaftServerConfigKeys (ConfUtils.java:logGet(43)) - raft.server.log.queue.element-limit = 1024 (custom)
2019-08-28 20:09:43,504 [pool-730-thread-1] INFO  server.RaftServerConfigKeys (ConfUtils.java:logGet(43)) - raft.server.log.segment.size.max = 1048576 (custom)
2019-08-28 20:09:43,504 [pool-730-thread-1] INFO  server.RaftServerConfigKeys (ConfUtils.java:logGet(43)) - raft.server.log.preallocated.size = 16384 (custom)
2019-08-28 20:09:43,504 [pool-730-thread-1] INFO  server.RaftServerConfigKeys (ConfUtils.java:logGet(43)) - raft.server.log.write.buffer.size = 33554432 (custom)
2019-08-28 20:09:43,504 [pool-730-thread-1] INFO  server.RaftServerConfigKeys (ConfUtils.java:logGet(43)) - raft.server.log.force.sync.num = 128 (default)
2019-08-28 20:09:43,505 [pool-730-thread-1] INFO  server.RaftServerConfigKeys (ConfUtils.java:logGet(43)) - raft.server.log.statemachine.data.sync = true (default)
2019-08-28 20:09:43,505 [pool-730-thread-1] INFO  server.RaftServerConfigKeys (ConfUtils.java:logGet(43)) - raft.server.log.statemachine.data.sync.timeout = 10s (default)
2019-08-28 20:09:43,505 [pool-730-thread-1] INFO  server.RaftServerConfigKeys (ConfUtils.java:logGet(43)) - raft.server.log.statemachine.data.sync.timeout.retry = -1 (default)
2019-08-28 20:09:43,505 [pool-730-thread-1] INFO  server.RaftServerConfigKeys (ConfUtils.java:logGet(43)) - raft.server.log.statemachine.data.caching.enabled = true (custom)
2019-08-28 20:09:43,506 [pool-730-thread-1] INFO  segmented.SegmentedRaftLogWorker (SegmentedRaftLogWorker.java:lambda$new$0(132)) - 32058749-0763-4169-a6f0-c48e966b88d9-SegmentedRaftLogWorker:Storage Directory /workdir/hadoop-ozone/integration-test/target/test-dir/MiniOzoneClusterImpl-72b920a7-1e55-4753-92eb-643903605a0d/datanode-0/data/ratis/8d6f8a28-1ee5-48fe-b0c2-f208cce8cfdd: flushIndex: setUnconditionally 0 -> -1
2019-08-28 20:09:43,506 [pool-730-thread-1] INFO  server.RaftServerConfigKeys (ConfUtils.java:logGet(43)) - raft.server.snapshot.auto.trigger.enabled = true (custom)
2019-08-28 20:09:43,506 [pool-730-thread-1] INFO  server.RaftServerConfigKeys (ConfUtils.java:logGet(43)) - raft.server.snapshot.auto.trigger.threshold = 10000 (custom)
2019-08-28 20:09:43,506 [pool-730-thread-1] INFO  server.RaftServerConfigKeys (ConfUtils.java:logGet(43)) - raft.server.retrycache.expirytime = 600000ms (custom)
2019-08-28 20:09:43,507 [pool-730-thread-1] INFO  impl.RaftServerImpl (RaftServerImpl.java:start(180)) - 32058749-0763-4169-a6f0-c48e966b88d9: start group-F208CCE8CFDD
2019-08-28 20:09:43,507 [pool-730-thread-1] INFO  impl.RaftServerImpl (RaftServerImpl.java:setRole(171)) - 32058749-0763-4169-a6f0-c48e966b88d9:group-F208CCE8CFDD changes role from null to FOLLOWER at term 0 for startAsFollower
2019-08-28 20:09:43,507 [pool-730-thread-1] INFO  impl.RoleInfo (RoleInfo.java:updateAndGet(143)) - 32058749-0763-4169-a6f0-c48e966b88d9: start FollowerState
2019-08-28 20:09:43,508 [pool-730-thread-1] INFO  util.JmxRegister (JmxRegister.java:tryRegister(44)) - Successfully registered JMX Bean with object name Ratis:service=RaftServer,group=group-F208CCE8CFDD,id=32058749-0763-4169-a6f0-c48e966b88d9
2019-08-28 20:09:43,513 [RatisPipelineUtilsThread] INFO  pipeline.PipelineStateManager (PipelineStateManager.java:addPipeline(56)) - Created pipeline Pipeline[ Id: 8d6f8a28-1ee5-48fe-b0c2-f208cce8cfdd, Nodes: 32058749-0763-4169-a6f0-c48e966b88d9{ip: 192.168.36.107, host: pr-hdds-1949-jn7bv-2990118995, networkLocation: /default-rack, certSerialId: null}, Type:RATIS, Factor:ONE, State:OPEN]
2019-08-28 20:09:43,528 [IPC Server handler 6 on 42518] INFO  net.NetworkTopology (NetworkTopologyImpl.java:add(110)) - Added a new node: /default-rack/54ce06a7-084b-40eb-9b4b-239a6e27ab83
2019-08-28 20:09:43,528 [IPC Server handler 6 on 42518] INFO  node.SCMNodeManager (SCMNodeManager.java:register(273)) - Registered Data node : 54ce06a7-084b-40eb-9b4b-239a6e27ab83{ip: 192.168.36.107, host: pr-hdds-1949-jn7bv-2990118995, networkLocation: /default-rack, certSerialId: null}
2019-08-28 20:09:43,529 | INFO  | SCMAudit | user=jenkins1000 | ip=192.168.36.107 | op=REGISTER {datanodeDetails=54ce06a7-084b-40eb-9b4b-239a6e27ab83{ip: 192.168.36.107, host: pr-hdds-1949-jn7bv-2990118995, networkLocation: /default-rack, certSerialId: null}} | ret=SUCCESS |  
2019-08-28 20:09:43,535 [grpc-default-executor-9] INFO  impl.RaftServerProxy (RaftServerProxy.java:addNew(89)) - 8fecb67b-5c4d-4732-8a79-20bb823bc0ec: addNew group-CC247B29DAFE:[8fecb67b-5c4d-4732-8a79-20bb823bc0ec:192.168.36.107:33628] returns group-CC247B29DAFE:java.util.concurrent.CompletableFuture@71a806bf[Not completed]
2019-08-28 20:09:43,537 [pool-741-thread-1] INFO  impl.RaftServerImpl (RaftServerImpl.java:<init>(93)) - 8fecb67b-5c4d-4732-8a79-20bb823bc0ec: new RaftServerImpl for group-CC247B29DAFE:[8fecb67b-5c4d-4732-8a79-20bb823bc0ec:192.168.36.107:33628] with ContainerStateMachine:uninitialized
2019-08-28 20:09:43,537 [pool-741-thread-1] INFO  server.RaftServerConfigKeys (ConfUtils.java:logGet(43)) - raft.server.rpc.timeout.min = 5s (custom)
2019-08-28 20:09:43,537 [pool-741-thread-1] INFO  server.RaftServerConfigKeys (ConfUtils.java:logGet(43)) - raft.server.rpc.timeout.max = 5200ms (custom)
2019-08-28 20:09:43,537 [pool-741-thread-1] INFO  server.RaftServerConfigKeys (ConfUtils.java:logGet(43)) - raft.server.rpcslowness.timeout = 120s (custom)
2019-08-28 20:09:43,537 [pool-741-thread-1] INFO  server.RaftServerConfigKeys (ConfUtils.java:logGet(43)) - raft.server.sleep.deviation.threshold = 300 (default)
2019-08-28 20:09:43,537 [pool-741-thread-1] INFO  server.RaftServerConfigKeys (ConfUtils.java:logGet(43)) - raft.server.log.appender.install.snapshot.enabled = false (custom)
2019-08-28 20:09:43,538 [pool-741-thread-1] INFO  impl.RaftServerImpl (ServerState.java:<init>(105)) - 8fecb67b-5c4d-4732-8a79-20bb823bc0ec:group-CC247B29DAFE ConfigurationManager, init=-1: [8fecb67b-5c4d-4732-8a79-20bb823bc0ec:192.168.36.107:33628], old=null, confs=<EMPTY_MAP>
2019-08-28 20:09:43,538 [pool-741-thread-1] INFO  server.RaftServerConfigKeys (ConfUtils.java:logGet(43)) - raft.server.storage.dir = [/workdir/hadoop-ozone/integration-test/target/test-dir/MiniOzoneClusterImpl-72b920a7-1e55-4753-92eb-643903605a0d/datanode-1/data/ratis] (custom)
2019-08-28 20:09:43,538 [pool-741-thread-1] INFO  storage.RaftStorageDirectory (RaftStorageDirectory.java:analyzeStorage(246)) - The storage directory /workdir/hadoop-ozone/integration-test/target/test-dir/MiniOzoneClusterImpl-72b920a7-1e55-4753-92eb-643903605a0d/datanode-1/data/ratis/381c9616-af9d-4f80-a1cf-cc247b29dafe does not exist. Creating ...
2019-08-28 20:09:43,552 [pool-741-thread-1] INFO  storage.RaftStorageDirectory (RaftStorageDirectory.java:tryLock(328)) - Lock on /workdir/hadoop-ozone/integration-test/target/test-dir/MiniOzoneClusterImpl-72b920a7-1e55-4753-92eb-643903605a0d/datanode-1/data/ratis/381c9616-af9d-4f80-a1cf-cc247b29dafe/in_use.lock acquired by nodename 22922@pr-hdds-1949-jn7bv-2990118995
2019-08-28 20:09:43,571 [pool-741-thread-1] INFO  storage.RaftStorage (RaftStorage.java:format(72)) - Storage directory /workdir/hadoop-ozone/integration-test/target/test-dir/MiniOzoneClusterImpl-72b920a7-1e55-4753-92eb-643903605a0d/datanode-1/data/ratis/381c9616-af9d-4f80-a1cf-cc247b29dafe has been successfully formatted.
2019-08-28 20:09:43,571 [pool-741-thread-1] INFO  ratis.ContainerStateMachine (ContainerStateMachine.java:loadSnapshot(227)) - group-CC247B29DAFE: The snapshot info is null. Setting the last applied indexto:(t:0, i:~)
2019-08-28 20:09:43,572 [pool-741-thread-1] INFO  server.RaftServerConfigKeys (ConfUtils.java:logGet(43)) - raft.server.leader.election.timeout = 120s (custom)
2019-08-28 20:09:43,572 [pool-741-thread-1] INFO  server.RaftServerConfigKeys (ConfUtils.java:logGet(43)) - raft.server.log.use.memory = false (default)
2019-08-28 20:09:43,572 [pool-741-thread-1] INFO  server.RaftServerConfigKeys (ConfUtils.java:logGet(43)) - raft.server.log.purge.gap = 1000000 (custom)
2019-08-28 20:09:43,572 [pool-741-thread-1] INFO  server.RaftServerConfigKeys (ConfUtils.java:logGet(43)) - raft.server.log.appender.buffer.byte-limit = 33554432 (custom)
2019-08-28 20:09:43,572 [pool-741-thread-1] INFO  server.RaftServerConfigKeys (ConfUtils.java:logGet(43)) - raft.server.log.segment.size.max = 1048576 (custom)
2019-08-28 20:09:43,572 [pool-741-thread-1] INFO  server.RaftServerConfigKeys (ConfUtils.java:logGet(43)) - raft.server.log.segment.cache.num.max = 2 (custom)
2019-08-28 20:09:43,573 [pool-741-thread-1] INFO  segmented.SegmentedRaftLogWorker (SegmentedRaftLogWorker.java:<init>(172)) - new 8fecb67b-5c4d-4732-8a79-20bb823bc0ec-SegmentedRaftLogWorker:Storage Directory /workdir/hadoop-ozone/integration-test/target/test-dir/MiniOzoneClusterImpl-72b920a7-1e55-4753-92eb-643903605a0d/datanode-1/data/ratis/381c9616-af9d-4f80-a1cf-cc247b29dafe for RaftStorage:Storage Directory /workdir/hadoop-ozone/integration-test/target/test-dir/MiniOzoneClusterImpl-72b920a7-1e55-4753-92eb-643903605a0d/datanode-1/data/ratis/381c9616-af9d-4f80-a1cf-cc247b29dafe
2019-08-28 20:09:43,573 [pool-741-thread-1] INFO  server.RaftServerConfigKeys (ConfUtils.java:logGet(43)) - raft.server.log.queue.byte-limit = 2147483647 (custom)
2019-08-28 20:09:43,573 [pool-741-thread-1] INFO  server.RaftServerConfigKeys (ConfUtils.java:logGet(43)) - raft.server.log.queue.element-limit = 1024 (custom)
2019-08-28 20:09:43,573 [pool-741-thread-1] INFO  server.RaftServerConfigKeys (ConfUtils.java:logGet(43)) - raft.server.log.segment.size.max = 1048576 (custom)
2019-08-28 20:09:43,573 [pool-741-thread-1] INFO  server.RaftServerConfigKeys (ConfUtils.java:logGet(43)) - raft.server.log.preallocated.size = 16384 (custom)
2019-08-28 20:09:43,574 [pool-741-thread-1] INFO  server.RaftServerConfigKeys (ConfUtils.java:logGet(43)) - raft.server.log.write.buffer.size = 33554432 (custom)
2019-08-28 20:09:43,574 [pool-741-thread-1] INFO  server.RaftServerConfigKeys (ConfUtils.java:logGet(43)) - raft.server.log.force.sync.num = 128 (default)
2019-08-28 20:09:43,574 [pool-741-thread-1] INFO  server.RaftServerConfigKeys (ConfUtils.java:logGet(43)) - raft.server.log.statemachine.data.sync = true (default)
2019-08-28 20:09:43,574 [pool-741-thread-1] INFO  server.RaftServerConfigKeys (ConfUtils.java:logGet(43)) - raft.server.log.statemachine.data.sync.timeout = 10s (default)
2019-08-28 20:09:43,574 [pool-741-thread-1] INFO  server.RaftServerConfigKeys (ConfUtils.java:logGet(43)) - raft.server.log.statemachine.data.sync.timeout.retry = -1 (default)
2019-08-28 20:09:43,574 [pool-741-thread-1] INFO  server.RaftServerConfigKeys (ConfUtils.java:logGet(43)) - raft.server.log.statemachine.data.caching.enabled = true (custom)
2019-08-28 20:09:43,575 [pool-741-thread-1] INFO  segmented.SegmentedRaftLogWorker (SegmentedRaftLogWorker.java:lambda$new$0(132)) - 8fecb67b-5c4d-4732-8a79-20bb823bc0ec-SegmentedRaftLogWorker:Storage Directory /workdir/hadoop-ozone/integration-test/target/test-dir/MiniOzoneClusterImpl-72b920a7-1e55-4753-92eb-643903605a0d/datanode-1/data/ratis/381c9616-af9d-4f80-a1cf-cc247b29dafe: flushIndex: setUnconditionally 0 -> -1
2019-08-28 20:09:43,575 [pool-741-thread-1] INFO  server.RaftServerConfigKeys (ConfUtils.java:logGet(43)) - raft.server.snapshot.auto.trigger.enabled = true (custom)
2019-08-28 20:09:43,575 [pool-741-thread-1] INFO  server.RaftServerConfigKeys (ConfUtils.java:logGet(43)) - raft.server.snapshot.auto.trigger.threshold = 10000 (custom)
2019-08-28 20:09:43,575 [pool-741-thread-1] INFO  server.RaftServerConfigKeys (ConfUtils.java:logGet(43)) - raft.server.retrycache.expirytime = 600000ms (custom)
2019-08-28 20:09:43,576 [pool-741-thread-1] INFO  impl.RaftServerImpl (RaftServerImpl.java:start(180)) - 8fecb67b-5c4d-4732-8a79-20bb823bc0ec: start group-CC247B29DAFE
2019-08-28 20:09:43,576 [pool-741-thread-1] INFO  impl.RaftServerImpl (RaftServerImpl.java:setRole(171)) - 8fecb67b-5c4d-4732-8a79-20bb823bc0ec:group-CC247B29DAFE changes role from null to FOLLOWER at term 0 for startAsFollower
2019-08-28 20:09:43,576 [pool-741-thread-1] INFO  impl.RoleInfo (RoleInfo.java:updateAndGet(143)) - 8fecb67b-5c4d-4732-8a79-20bb823bc0ec: start FollowerState
2019-08-28 20:09:43,576 [pool-741-thread-1] INFO  util.JmxRegister (JmxRegister.java:tryRegister(44)) - Successfully registered JMX Bean with object name Ratis:service=RaftServer,group=group-CC247B29DAFE,id=8fecb67b-5c4d-4732-8a79-20bb823bc0ec
2019-08-28 20:09:43,578 [RatisPipelineUtilsThread] INFO  pipeline.PipelineStateManager (PipelineStateManager.java:addPipeline(56)) - Created pipeline Pipeline[ Id: 381c9616-af9d-4f80-a1cf-cc247b29dafe, Nodes: 8fecb67b-5c4d-4732-8a79-20bb823bc0ec{ip: 192.168.36.107, host: pr-hdds-1949-jn7bv-2990118995, networkLocation: /default-rack, certSerialId: null}, Type:RATIS, Factor:ONE, State:OPEN]
2019-08-28 20:09:43,582 [IPC Server handler 4 on 42518] INFO  net.NetworkTopology (NetworkTopologyImpl.java:add(110)) - Added a new node: /default-rack/99c2ffe6-7e64-4b0d-9e12-4b317a498883
2019-08-28 20:09:43,582 [IPC Server handler 4 on 42518] INFO  node.SCMNodeManager (SCMNodeManager.java:register(273)) - Registered Data node : 99c2ffe6-7e64-4b0d-9e12-4b317a498883{ip: 192.168.36.107, host: pr-hdds-1949-jn7bv-2990118995, networkLocation: /default-rack, certSerialId: null}
2019-08-28 20:09:43,582 | INFO  | SCMAudit | user=jenkins1000 | ip=192.168.36.107 | op=REGISTER {datanodeDetails=99c2ffe6-7e64-4b0d-9e12-4b317a498883{ip: 192.168.36.107, host: pr-hdds-1949-jn7bv-2990118995, networkLocation: /default-rack, certSerialId: null}} | ret=SUCCESS |  
2019-08-28 20:09:43,586 [grpc-default-executor-9] INFO  impl.RaftServerProxy (RaftServerProxy.java:addNew(89)) - 54ce06a7-084b-40eb-9b4b-239a6e27ab83: addNew group-EB7289E44351:[54ce06a7-084b-40eb-9b4b-239a6e27ab83:192.168.36.107:45366] returns group-EB7289E44351:java.util.concurrent.CompletableFuture@515fd16f[Not completed]
2019-08-28 20:09:43,587 [pool-763-thread-1] INFO  impl.RaftServerImpl (RaftServerImpl.java:<init>(93)) - 54ce06a7-084b-40eb-9b4b-239a6e27ab83: new RaftServerImpl for group-EB7289E44351:[54ce06a7-084b-40eb-9b4b-239a6e27ab83:192.168.36.107:45366] with ContainerStateMachine:uninitialized
2019-08-28 20:09:43,587 [pool-763-thread-1] INFO  server.RaftServerConfigKeys (ConfUtils.java:logGet(43)) - raft.server.rpc.timeout.min = 5s (custom)
2019-08-28 20:09:43,587 [pool-763-thread-1] INFO  server.RaftServerConfigKeys (ConfUtils.java:logGet(43)) - raft.server.rpc.timeout.max = 5200ms (custom)
2019-08-28 20:09:43,588 [pool-763-thread-1] INFO  server.RaftServerConfigKeys (ConfUtils.java:logGet(43)) - raft.server.rpcslowness.timeout = 120s (custom)
2019-08-28 20:09:43,588 [pool-763-thread-1] INFO  server.RaftServerConfigKeys (ConfUtils.java:logGet(43)) - raft.server.sleep.deviation.threshold = 300 (default)
2019-08-28 20:09:43,588 [pool-763-thread-1] INFO  server.RaftServerConfigKeys (ConfUtils.java:logGet(43)) - raft.server.log.appender.install.snapshot.enabled = false (custom)
2019-08-28 20:09:43,588 [pool-763-thread-1] INFO  impl.RaftServerImpl (ServerState.java:<init>(105)) - 54ce06a7-084b-40eb-9b4b-239a6e27ab83:group-EB7289E44351 ConfigurationManager, init=-1: [54ce06a7-084b-40eb-9b4b-239a6e27ab83:192.168.36.107:45366], old=null, confs=<EMPTY_MAP>
2019-08-28 20:09:43,588 [pool-763-thread-1] INFO  server.RaftServerConfigKeys (ConfUtils.java:logGet(43)) - raft.server.storage.dir = [/workdir/hadoop-ozone/integration-test/target/test-dir/MiniOzoneClusterImpl-72b920a7-1e55-4753-92eb-643903605a0d/datanode-3/data/ratis] (custom)
2019-08-28 20:09:43,588 [pool-763-thread-1] INFO  storage.RaftStorageDirectory (RaftStorageDirectory.java:analyzeStorage(246)) - The storage directory /workdir/hadoop-ozone/integration-test/target/test-dir/MiniOzoneClusterImpl-72b920a7-1e55-4753-92eb-643903605a0d/datanode-3/data/ratis/065cad13-71ba-447c-8eb2-eb7289e44351 does not exist. Creating ...
2019-08-28 20:09:43,602 [pool-763-thread-1] INFO  storage.RaftStorageDirectory (RaftStorageDirectory.java:tryLock(328)) - Lock on /workdir/hadoop-ozone/integration-test/target/test-dir/MiniOzoneClusterImpl-72b920a7-1e55-4753-92eb-643903605a0d/datanode-3/data/ratis/065cad13-71ba-447c-8eb2-eb7289e44351/in_use.lock acquired by nodename 22922@pr-hdds-1949-jn7bv-2990118995
2019-08-28 20:09:43,615 [pool-763-thread-1] INFO  storage.RaftStorage (RaftStorage.java:format(72)) - Storage directory /workdir/hadoop-ozone/integration-test/target/test-dir/MiniOzoneClusterImpl-72b920a7-1e55-4753-92eb-643903605a0d/datanode-3/data/ratis/065cad13-71ba-447c-8eb2-eb7289e44351 has been successfully formatted.
2019-08-28 20:09:43,615 [pool-763-thread-1] INFO  ratis.ContainerStateMachine (ContainerStateMachine.java:loadSnapshot(227)) - group-EB7289E44351: The snapshot info is null. Setting the last applied indexto:(t:0, i:~)
2019-08-28 20:09:43,615 [pool-763-thread-1] INFO  server.RaftServerConfigKeys (ConfUtils.java:logGet(43)) - raft.server.leader.election.timeout = 120s (custom)
2019-08-28 20:09:43,615 [pool-763-thread-1] INFO  server.RaftServerConfigKeys (ConfUtils.java:logGet(43)) - raft.server.log.use.memory = false (default)
2019-08-28 20:09:43,616 [pool-763-thread-1] INFO  server.RaftServerConfigKeys (ConfUtils.java:logGet(43)) - raft.server.log.purge.gap = 1000000 (custom)
2019-08-28 20:09:43,616 [pool-763-thread-1] INFO  server.RaftServerConfigKeys (ConfUtils.java:logGet(43)) - raft.server.log.appender.buffer.byte-limit = 33554432 (custom)
2019-08-28 20:09:43,616 [pool-763-thread-1] INFO  server.RaftServerConfigKeys (ConfUtils.java:logGet(43)) - raft.server.log.segment.size.max = 1048576 (custom)
2019-08-28 20:09:43,616 [pool-763-thread-1] INFO  server.RaftServerConfigKeys (ConfUtils.java:logGet(43)) - raft.server.log.segment.cache.num.max = 2 (custom)
2019-08-28 20:09:43,616 [pool-763-thread-1] INFO  segmented.SegmentedRaftLogWorker (SegmentedRaftLogWorker.java:<init>(172)) - new 54ce06a7-084b-40eb-9b4b-239a6e27ab83-SegmentedRaftLogWorker:Storage Directory /workdir/hadoop-ozone/integration-test/target/test-dir/MiniOzoneClusterImpl-72b920a7-1e55-4753-92eb-643903605a0d/datanode-3/data/ratis/065cad13-71ba-447c-8eb2-eb7289e44351 for RaftStorage:Storage Directory /workdir/hadoop-ozone/integration-test/target/test-dir/MiniOzoneClusterImpl-72b920a7-1e55-4753-92eb-643903605a0d/datanode-3/data/ratis/065cad13-71ba-447c-8eb2-eb7289e44351
2019-08-28 20:09:43,616 [pool-763-thread-1] INFO  server.RaftServerConfigKeys (ConfUtils.java:logGet(43)) - raft.server.log.queue.byte-limit = 2147483647 (custom)
2019-08-28 20:09:43,616 [pool-763-thread-1] INFO  server.RaftServerConfigKeys (ConfUtils.java:logGet(43)) - raft.server.log.queue.element-limit = 1024 (custom)
2019-08-28 20:09:43,617 [pool-763-thread-1] INFO  server.RaftServerConfigKeys (ConfUtils.java:logGet(43)) - raft.server.log.segment.size.max = 1048576 (custom)
2019-08-28 20:09:43,617 [pool-763-thread-1] INFO  server.RaftServerConfigKeys (ConfUtils.java:logGet(43)) - raft.server.log.preallocated.size = 16384 (custom)
2019-08-28 20:09:43,617 [pool-763-thread-1] INFO  server.RaftServerConfigKeys (ConfUtils.java:logGet(43)) - raft.server.log.write.buffer.size = 33554432 (custom)
2019-08-28 20:09:43,617 [pool-763-thread-1] INFO  server.RaftServerConfigKeys (ConfUtils.java:logGet(43)) - raft.server.log.force.sync.num = 128 (default)
2019-08-28 20:09:43,617 [pool-763-thread-1] INFO  server.RaftServerConfigKeys (ConfUtils.java:logGet(43)) - raft.server.log.statemachine.data.sync = true (default)
2019-08-28 20:09:43,617 [pool-763-thread-1] INFO  server.RaftServerConfigKeys (ConfUtils.java:logGet(43)) - raft.server.log.statemachine.data.sync.timeout = 10s (default)
2019-08-28 20:09:43,617 [pool-763-thread-1] INFO  server.RaftServerConfigKeys (ConfUtils.java:logGet(43)) - raft.server.log.statemachine.data.sync.timeout.retry = -1 (default)
2019-08-28 20:09:43,618 [pool-763-thread-1] INFO  server.RaftServerConfigKeys (ConfUtils.java:logGet(43)) - raft.server.log.statemachine.data.caching.enabled = true (custom)
2019-08-28 20:09:43,618 [pool-763-thread-1] INFO  segmented.SegmentedRaftLogWorker (SegmentedRaftLogWorker.java:lambda$new$0(132)) - 54ce06a7-084b-40eb-9b4b-239a6e27ab83-SegmentedRaftLogWorker:Storage Directory /workdir/hadoop-ozone/integration-test/target/test-dir/MiniOzoneClusterImpl-72b920a7-1e55-4753-92eb-643903605a0d/datanode-3/data/ratis/065cad13-71ba-447c-8eb2-eb7289e44351: flushIndex: setUnconditionally 0 -> -1
2019-08-28 20:09:43,618 [pool-763-thread-1] INFO  server.RaftServerConfigKeys (ConfUtils.java:logGet(43)) - raft.server.snapshot.auto.trigger.enabled = true (custom)
2019-08-28 20:09:43,619 [pool-763-thread-1] INFO  server.RaftServerConfigKeys (ConfUtils.java:logGet(43)) - raft.server.snapshot.auto.trigger.threshold = 10000 (custom)
2019-08-28 20:09:43,619 [pool-763-thread-1] INFO  server.RaftServerConfigKeys (ConfUtils.java:logGet(43)) - raft.server.retrycache.expirytime = 600000ms (custom)
2019-08-28 20:09:43,619 [pool-763-thread-1] INFO  impl.RaftServerImpl (RaftServerImpl.java:start(180)) - 54ce06a7-084b-40eb-9b4b-239a6e27ab83: start group-EB7289E44351
2019-08-28 20:09:43,619 [pool-763-thread-1] INFO  impl.RaftServerImpl (RaftServerImpl.java:setRole(171)) - 54ce06a7-084b-40eb-9b4b-239a6e27ab83:group-EB7289E44351 changes role from null to FOLLOWER at term 0 for startAsFollower
2019-08-28 20:09:43,619 [pool-763-thread-1] INFO  impl.RoleInfo (RoleInfo.java:updateAndGet(143)) - 54ce06a7-084b-40eb-9b4b-239a6e27ab83: start FollowerState
2019-08-28 20:09:43,620 [pool-763-thread-1] INFO  util.JmxRegister (JmxRegister.java:tryRegister(44)) - Successfully registered JMX Bean with object name Ratis:service=RaftServer,group=group-EB7289E44351,id=54ce06a7-084b-40eb-9b4b-239a6e27ab83
2019-08-28 20:09:43,622 [RatisPipelineUtilsThread] INFO  pipeline.PipelineStateManager (PipelineStateManager.java:addPipeline(56)) - Created pipeline Pipeline[ Id: 065cad13-71ba-447c-8eb2-eb7289e44351, Nodes: 54ce06a7-084b-40eb-9b4b-239a6e27ab83{ip: 192.168.36.107, host: pr-hdds-1949-jn7bv-2990118995, networkLocation: /default-rack, certSerialId: null}, Type:RATIS, Factor:ONE, State:OPEN]
2019-08-28 20:09:43,627 [grpc-default-executor-9] INFO  impl.RaftServerProxy (RaftServerProxy.java:addNew(89)) - 99c2ffe6-7e64-4b0d-9e12-4b317a498883: addNew group-C40C459B67BA:[99c2ffe6-7e64-4b0d-9e12-4b317a498883:192.168.36.107:36103] returns group-C40C459B67BA:java.util.concurrent.CompletableFuture@66279a71[Not completed]
2019-08-28 20:09:43,628 [pool-774-thread-1] INFO  impl.RaftServerImpl (RaftServerImpl.java:<init>(93)) - 99c2ffe6-7e64-4b0d-9e12-4b317a498883: new RaftServerImpl for group-C40C459B67BA:[99c2ffe6-7e64-4b0d-9e12-4b317a498883:192.168.36.107:36103] with ContainerStateMachine:uninitialized
2019-08-28 20:09:43,628 [pool-774-thread-1] INFO  server.RaftServerConfigKeys (ConfUtils.java:logGet(43)) - raft.server.rpc.timeout.min = 5s (custom)
2019-08-28 20:09:43,628 [pool-774-thread-1] INFO  server.RaftServerConfigKeys (ConfUtils.java:logGet(43)) - raft.server.rpc.timeout.max = 5200ms (custom)
2019-08-28 20:09:43,628 [pool-774-thread-1] INFO  server.RaftServerConfigKeys (ConfUtils.java:logGet(43)) - raft.server.rpcslowness.timeout = 120s (custom)
2019-08-28 20:09:43,629 [pool-774-thread-1] INFO  server.RaftServerConfigKeys (ConfUtils.java:logGet(43)) - raft.server.sleep.deviation.threshold = 300 (default)
2019-08-28 20:09:43,629 [pool-774-thread-1] INFO  server.RaftServerConfigKeys (ConfUtils.java:logGet(43)) - raft.server.log.appender.install.snapshot.enabled = false (custom)
2019-08-28 20:09:43,629 [pool-774-thread-1] INFO  impl.RaftServerImpl (ServerState.java:<init>(105)) - 99c2ffe6-7e64-4b0d-9e12-4b317a498883:group-C40C459B67BA ConfigurationManager, init=-1: [99c2ffe6-7e64-4b0d-9e12-4b317a498883:192.168.36.107:36103], old=null, confs=<EMPTY_MAP>
2019-08-28 20:09:43,629 [pool-774-thread-1] INFO  server.RaftServerConfigKeys (ConfUtils.java:logGet(43)) - raft.server.storage.dir = [/workdir/hadoop-ozone/integration-test/target/test-dir/MiniOzoneClusterImpl-72b920a7-1e55-4753-92eb-643903605a0d/datanode-4/data/ratis] (custom)
2019-08-28 20:09:43,629 [pool-774-thread-1] INFO  storage.RaftStorageDirectory (RaftStorageDirectory.java:analyzeStorage(246)) - The storage directory /workdir/hadoop-ozone/integration-test/target/test-dir/MiniOzoneClusterImpl-72b920a7-1e55-4753-92eb-643903605a0d/datanode-4/data/ratis/803cbbad-2a38-496b-9974-c40c459b67ba does not exist. Creating ...
2019-08-28 20:09:43,642 [pool-774-thread-1] INFO  storage.RaftStorageDirectory (RaftStorageDirectory.java:tryLock(328)) - Lock on /workdir/hadoop-ozone/integration-test/target/test-dir/MiniOzoneClusterImpl-72b920a7-1e55-4753-92eb-643903605a0d/datanode-4/data/ratis/803cbbad-2a38-496b-9974-c40c459b67ba/in_use.lock acquired by nodename 22922@pr-hdds-1949-jn7bv-2990118995
2019-08-28 20:09:43,655 [pool-774-thread-1] INFO  storage.RaftStorage (RaftStorage.java:format(72)) - Storage directory /workdir/hadoop-ozone/integration-test/target/test-dir/MiniOzoneClusterImpl-72b920a7-1e55-4753-92eb-643903605a0d/datanode-4/data/ratis/803cbbad-2a38-496b-9974-c40c459b67ba has been successfully formatted.
2019-08-28 20:09:43,655 [pool-774-thread-1] INFO  ratis.ContainerStateMachine (ContainerStateMachine.java:loadSnapshot(227)) - group-C40C459B67BA: The snapshot info is null. Setting the last applied indexto:(t:0, i:~)
2019-08-28 20:09:43,655 [pool-774-thread-1] INFO  server.RaftServerConfigKeys (ConfUtils.java:logGet(43)) - raft.server.leader.election.timeout = 120s (custom)
2019-08-28 20:09:43,655 [pool-774-thread-1] INFO  server.RaftServerConfigKeys (ConfUtils.java:logGet(43)) - raft.server.log.use.memory = false (default)
2019-08-28 20:09:43,655 [pool-774-thread-1] INFO  server.RaftServerConfigKeys (ConfUtils.java:logGet(43)) - raft.server.log.purge.gap = 1000000 (custom)
2019-08-28 20:09:43,655 [pool-774-thread-1] INFO  server.RaftServerConfigKeys (ConfUtils.java:logGet(43)) - raft.server.log.appender.buffer.byte-limit = 33554432 (custom)
2019-08-28 20:09:43,655 [pool-774-thread-1] INFO  server.RaftServerConfigKeys (ConfUtils.java:logGet(43)) - raft.server.log.segment.size.max = 1048576 (custom)
2019-08-28 20:09:43,655 [pool-774-thread-1] INFO  server.RaftServerConfigKeys (ConfUtils.java:logGet(43)) - raft.server.log.segment.cache.num.max = 2 (custom)
2019-08-28 20:09:43,656 [pool-774-thread-1] INFO  segmented.SegmentedRaftLogWorker (SegmentedRaftLogWorker.java:<init>(172)) - new 99c2ffe6-7e64-4b0d-9e12-4b317a498883-SegmentedRaftLogWorker:Storage Directory /workdir/hadoop-ozone/integration-test/target/test-dir/MiniOzoneClusterImpl-72b920a7-1e55-4753-92eb-643903605a0d/datanode-4/data/ratis/803cbbad-2a38-496b-9974-c40c459b67ba for RaftStorage:Storage Directory /workdir/hadoop-ozone/integration-test/target/test-dir/MiniOzoneClusterImpl-72b920a7-1e55-4753-92eb-643903605a0d/datanode-4/data/ratis/803cbbad-2a38-496b-9974-c40c459b67ba
2019-08-28 20:09:43,656 [pool-774-thread-1] INFO  server.RaftServerConfigKeys (ConfUtils.java:logGet(43)) - raft.server.log.queue.byte-limit = 2147483647 (custom)
2019-08-28 20:09:43,656 [pool-774-thread-1] INFO  server.RaftServerConfigKeys (ConfUtils.java:logGet(43)) - raft.server.log.queue.element-limit = 1024 (custom)
2019-08-28 20:09:43,656 [pool-774-thread-1] INFO  server.RaftServerConfigKeys (ConfUtils.java:logGet(43)) - raft.server.log.segment.size.max = 1048576 (custom)
2019-08-28 20:09:43,656 [pool-774-thread-1] INFO  server.RaftServerConfigKeys (ConfUtils.java:logGet(43)) - raft.server.log.preallocated.size = 16384 (custom)
2019-08-28 20:09:43,656 [pool-774-thread-1] INFO  server.RaftServerConfigKeys (ConfUtils.java:logGet(43)) - raft.server.log.write.buffer.size = 33554432 (custom)
2019-08-28 20:09:43,656 [pool-774-thread-1] INFO  server.RaftServerConfigKeys (ConfUtils.java:logGet(43)) - raft.server.log.force.sync.num = 128 (default)
2019-08-28 20:09:43,656 [pool-774-thread-1] INFO  server.RaftServerConfigKeys (ConfUtils.java:logGet(43)) - raft.server.log.statemachine.data.sync = true (default)
2019-08-28 20:09:43,657 [pool-774-thread-1] INFO  server.RaftServerConfigKeys (ConfUtils.java:logGet(43)) - raft.server.log.statemachine.data.sync.timeout = 10s (default)
2019-08-28 20:09:43,657 [pool-774-thread-1] INFO  server.RaftServerConfigKeys (ConfUtils.java:logGet(43)) - raft.server.log.statemachine.data.sync.timeout.retry = -1 (default)
2019-08-28 20:09:43,657 [pool-774-thread-1] INFO  server.RaftServerConfigKeys (ConfUtils.java:logGet(43)) - raft.server.log.statemachine.data.caching.enabled = true (custom)
2019-08-28 20:09:43,657 [pool-774-thread-1] INFO  segmented.SegmentedRaftLogWorker (SegmentedRaftLogWorker.java:lambda$new$0(132)) - 99c2ffe6-7e64-4b0d-9e12-4b317a498883-SegmentedRaftLogWorker:Storage Directory /workdir/hadoop-ozone/integration-test/target/test-dir/MiniOzoneClusterImpl-72b920a7-1e55-4753-92eb-643903605a0d/datanode-4/data/ratis/803cbbad-2a38-496b-9974-c40c459b67ba: flushIndex: setUnconditionally 0 -> -1
2019-08-28 20:09:43,657 [pool-774-thread-1] INFO  server.RaftServerConfigKeys (ConfUtils.java:logGet(43)) - raft.server.snapshot.auto.trigger.enabled = true (custom)
2019-08-28 20:09:43,657 [pool-774-thread-1] INFO  server.RaftServerConfigKeys (ConfUtils.java:logGet(43)) - raft.server.snapshot.auto.trigger.threshold = 10000 (custom)
2019-08-28 20:09:43,658 [pool-774-thread-1] INFO  server.RaftServerConfigKeys (ConfUtils.java:logGet(43)) - raft.server.retrycache.expirytime = 600000ms (custom)
2019-08-28 20:09:43,658 [pool-774-thread-1] INFO  impl.RaftServerImpl (RaftServerImpl.java:start(180)) - 99c2ffe6-7e64-4b0d-9e12-4b317a498883: start group-C40C459B67BA
2019-08-28 20:09:43,658 [pool-774-thread-1] INFO  impl.RaftServerImpl (RaftServerImpl.java:setRole(171)) - 99c2ffe6-7e64-4b0d-9e12-4b317a498883:group-C40C459B67BA changes role from null to FOLLOWER at term 0 for startAsFollower
2019-08-28 20:09:43,658 [pool-774-thread-1] INFO  impl.RoleInfo (RoleInfo.java:updateAndGet(143)) - 99c2ffe6-7e64-4b0d-9e12-4b317a498883: start FollowerState
2019-08-28 20:09:43,658 [pool-774-thread-1] INFO  util.JmxRegister (JmxRegister.java:tryRegister(44)) - Successfully registered JMX Bean with object name Ratis:service=RaftServer,group=group-C40C459B67BA,id=99c2ffe6-7e64-4b0d-9e12-4b317a498883
2019-08-28 20:09:43,660 [RatisPipelineUtilsThread] INFO  pipeline.PipelineStateManager (PipelineStateManager.java:addPipeline(56)) - Created pipeline Pipeline[ Id: 803cbbad-2a38-496b-9974-c40c459b67ba, Nodes: 99c2ffe6-7e64-4b0d-9e12-4b317a498883{ip: 192.168.36.107, host: pr-hdds-1949-jn7bv-2990118995, networkLocation: /default-rack, certSerialId: null}, Type:RATIS, Factor:ONE, State:OPEN]
2019-08-28 20:09:43,663 [IPC Server handler 5 on 42518] INFO  net.NetworkTopology (NetworkTopologyImpl.java:add(110)) - Added a new node: /default-rack/461018b7-39dd-4d28-b214-6e460473d27d
2019-08-28 20:09:43,663 [IPC Server handler 5 on 42518] INFO  node.SCMNodeManager (SCMNodeManager.java:register(273)) - Registered Data node : 461018b7-39dd-4d28-b214-6e460473d27d{ip: 192.168.36.107, host: pr-hdds-1949-jn7bv-2990118995, networkLocation: /default-rack, certSerialId: null}
2019-08-28 20:09:43,663 | INFO  | SCMAudit | user=jenkins1000 | ip=192.168.36.107 | op=REGISTER {datanodeDetails=461018b7-39dd-4d28-b214-6e460473d27d{ip: 192.168.36.107, host: pr-hdds-1949-jn7bv-2990118995, networkLocation: /default-rack, certSerialId: null}} | ret=SUCCESS |  
2019-08-28 20:09:43,667 [grpc-default-executor-9] INFO  impl.RaftServerProxy (RaftServerProxy.java:addNew(89)) - 832d9bd2-6690-412c-a054-04d2b759cec3: addNew group-5575C2DF0BD8:[832d9bd2-6690-412c-a054-04d2b759cec3:192.168.36.107:42400] returns group-5575C2DF0BD8:java.util.concurrent.CompletableFuture@6dbbe7c2[Not completed]
2019-08-28 20:09:43,668 [pool-752-thread-1] INFO  impl.RaftServerImpl (RaftServerImpl.java:<init>(93)) - 832d9bd2-6690-412c-a054-04d2b759cec3: new RaftServerImpl for group-5575C2DF0BD8:[832d9bd2-6690-412c-a054-04d2b759cec3:192.168.36.107:42400] with ContainerStateMachine:uninitialized
2019-08-28 20:09:43,668 [pool-752-thread-1] INFO  server.RaftServerConfigKeys (ConfUtils.java:logGet(43)) - raft.server.rpc.timeout.min = 5s (custom)
2019-08-28 20:09:43,668 [pool-752-thread-1] INFO  server.RaftServerConfigKeys (ConfUtils.java:logGet(43)) - raft.server.rpc.timeout.max = 5200ms (custom)
2019-08-28 20:09:43,668 [pool-752-thread-1] INFO  server.RaftServerConfigKeys (ConfUtils.java:logGet(43)) - raft.server.rpcslowness.timeout = 120s (custom)
2019-08-28 20:09:43,668 [pool-752-thread-1] INFO  server.RaftServerConfigKeys (ConfUtils.java:logGet(43)) - raft.server.sleep.deviation.threshold = 300 (default)
2019-08-28 20:09:43,668 [pool-752-thread-1] INFO  server.RaftServerConfigKeys (ConfUtils.java:logGet(43)) - raft.server.log.appender.install.snapshot.enabled = false (custom)
2019-08-28 20:09:43,668 [pool-752-thread-1] INFO  impl.RaftServerImpl (ServerState.java:<init>(105)) - 832d9bd2-6690-412c-a054-04d2b759cec3:group-5575C2DF0BD8 ConfigurationManager, init=-1: [832d9bd2-6690-412c-a054-04d2b759cec3:192.168.36.107:42400], old=null, confs=<EMPTY_MAP>
2019-08-28 20:09:43,669 [pool-752-thread-1] INFO  server.RaftServerConfigKeys (ConfUtils.java:logGet(43)) - raft.server.storage.dir = [/workdir/hadoop-ozone/integration-test/target/test-dir/MiniOzoneClusterImpl-72b920a7-1e55-4753-92eb-643903605a0d/datanode-2/data/ratis] (custom)
2019-08-28 20:09:43,669 [pool-752-thread-1] INFO  storage.RaftStorageDirectory (RaftStorageDirectory.java:analyzeStorage(246)) - The storage directory /workdir/hadoop-ozone/integration-test/target/test-dir/MiniOzoneClusterImpl-72b920a7-1e55-4753-92eb-643903605a0d/datanode-2/data/ratis/3ff71043-101f-4b93-93cb-5575c2df0bd8 does not exist. Creating ...
2019-08-28 20:09:43,681 [pool-752-thread-1] INFO  storage.RaftStorageDirectory (RaftStorageDirectory.java:tryLock(328)) - Lock on /workdir/hadoop-ozone/integration-test/target/test-dir/MiniOzoneClusterImpl-72b920a7-1e55-4753-92eb-643903605a0d/datanode-2/data/ratis/3ff71043-101f-4b93-93cb-5575c2df0bd8/in_use.lock acquired by nodename 22922@pr-hdds-1949-jn7bv-2990118995
2019-08-28 20:09:43,694 [pool-752-thread-1] INFO  storage.RaftStorage (RaftStorage.java:format(72)) - Storage directory /workdir/hadoop-ozone/integration-test/target/test-dir/MiniOzoneClusterImpl-72b920a7-1e55-4753-92eb-643903605a0d/datanode-2/data/ratis/3ff71043-101f-4b93-93cb-5575c2df0bd8 has been successfully formatted.
2019-08-28 20:09:43,694 [pool-752-thread-1] INFO  ratis.ContainerStateMachine (ContainerStateMachine.java:loadSnapshot(227)) - group-5575C2DF0BD8: The snapshot info is null. Setting the last applied indexto:(t:0, i:~)
2019-08-28 20:09:43,694 [pool-752-thread-1] INFO  server.RaftServerConfigKeys (ConfUtils.java:logGet(43)) - raft.server.leader.election.timeout = 120s (custom)
2019-08-28 20:09:43,694 [pool-752-thread-1] INFO  server.RaftServerConfigKeys (ConfUtils.java:logGet(43)) - raft.server.log.use.memory = false (default)
2019-08-28 20:09:43,694 [pool-752-thread-1] INFO  server.RaftServerConfigKeys (ConfUtils.java:logGet(43)) - raft.server.log.purge.gap = 1000000 (custom)
2019-08-28 20:09:43,694 [pool-752-thread-1] INFO  server.RaftServerConfigKeys (ConfUtils.java:logGet(43)) - raft.server.log.appender.buffer.byte-limit = 33554432 (custom)
2019-08-28 20:09:43,694 [pool-752-thread-1] INFO  server.RaftServerConfigKeys (ConfUtils.java:logGet(43)) - raft.server.log.segment.size.max = 1048576 (custom)
2019-08-28 20:09:43,695 [pool-752-thread-1] INFO  server.RaftServerConfigKeys (ConfUtils.java:logGet(43)) - raft.server.log.segment.cache.num.max = 2 (custom)
2019-08-28 20:09:43,695 [pool-752-thread-1] INFO  segmented.SegmentedRaftLogWorker (SegmentedRaftLogWorker.java:<init>(172)) - new 832d9bd2-6690-412c-a054-04d2b759cec3-SegmentedRaftLogWorker:Storage Directory /workdir/hadoop-ozone/integration-test/target/test-dir/MiniOzoneClusterImpl-72b920a7-1e55-4753-92eb-643903605a0d/datanode-2/data/ratis/3ff71043-101f-4b93-93cb-5575c2df0bd8 for RaftStorage:Storage Directory /workdir/hadoop-ozone/integration-test/target/test-dir/MiniOzoneClusterImpl-72b920a7-1e55-4753-92eb-643903605a0d/datanode-2/data/ratis/3ff71043-101f-4b93-93cb-5575c2df0bd8
2019-08-28 20:09:43,695 [pool-752-thread-1] INFO  server.RaftServerConfigKeys (ConfUtils.java:logGet(43)) - raft.server.log.queue.byte-limit = 2147483647 (custom)
2019-08-28 20:09:43,695 [pool-752-thread-1] INFO  server.RaftServerConfigKeys (ConfUtils.java:logGet(43)) - raft.server.log.queue.element-limit = 1024 (custom)
2019-08-28 20:09:43,695 [pool-752-thread-1] INFO  server.RaftServerConfigKeys (ConfUtils.java:logGet(43)) - raft.server.log.segment.size.max = 1048576 (custom)
2019-08-28 20:09:43,695 [pool-752-thread-1] INFO  server.RaftServerConfigKeys (ConfUtils.java:logGet(43)) - raft.server.log.preallocated.size = 16384 (custom)
2019-08-28 20:09:43,695 [pool-752-thread-1] INFO  server.RaftServerConfigKeys (ConfUtils.java:logGet(43)) - raft.server.log.write.buffer.size = 33554432 (custom)
2019-08-28 20:09:43,696 [pool-752-thread-1] INFO  server.RaftServerConfigKeys (ConfUtils.java:logGet(43)) - raft.server.log.force.sync.num = 128 (default)
2019-08-28 20:09:43,696 [pool-752-thread-1] INFO  server.RaftServerConfigKeys (ConfUtils.java:logGet(43)) - raft.server.log.statemachine.data.sync = true (default)
2019-08-28 20:09:43,696 [pool-752-thread-1] INFO  server.RaftServerConfigKeys (ConfUtils.java:logGet(43)) - raft.server.log.statemachine.data.sync.timeout = 10s (default)
2019-08-28 20:09:43,696 [pool-752-thread-1] INFO  server.RaftServerConfigKeys (ConfUtils.java:logGet(43)) - raft.server.log.statemachine.data.sync.timeout.retry = -1 (default)
2019-08-28 20:09:43,696 [pool-752-thread-1] INFO  server.RaftServerConfigKeys (ConfUtils.java:logGet(43)) - raft.server.log.statemachine.data.caching.enabled = true (custom)
2019-08-28 20:09:43,696 [pool-752-thread-1] INFO  segmented.SegmentedRaftLogWorker (SegmentedRaftLogWorker.java:lambda$new$0(132)) - 832d9bd2-6690-412c-a054-04d2b759cec3-SegmentedRaftLogWorker:Storage Directory /workdir/hadoop-ozone/integration-test/target/test-dir/MiniOzoneClusterImpl-72b920a7-1e55-4753-92eb-643903605a0d/datanode-2/data/ratis/3ff71043-101f-4b93-93cb-5575c2df0bd8: flushIndex: setUnconditionally 0 -> -1
2019-08-28 20:09:43,697 [pool-752-thread-1] INFO  server.RaftServerConfigKeys (ConfUtils.java:logGet(43)) - raft.server.snapshot.auto.trigger.enabled = true (custom)
2019-08-28 20:09:43,697 [pool-752-thread-1] INFO  server.RaftServerConfigKeys (ConfUtils.java:logGet(43)) - raft.server.snapshot.auto.trigger.threshold = 10000 (custom)
2019-08-28 20:09:43,697 [pool-752-thread-1] INFO  server.RaftServerConfigKeys (ConfUtils.java:logGet(43)) - raft.server.retrycache.expirytime = 600000ms (custom)
2019-08-28 20:09:43,697 [pool-752-thread-1] INFO  impl.RaftServerImpl (RaftServerImpl.java:start(180)) - 832d9bd2-6690-412c-a054-04d2b759cec3: start group-5575C2DF0BD8
2019-08-28 20:09:43,697 [pool-752-thread-1] INFO  impl.RaftServerImpl (RaftServerImpl.java:setRole(171)) - 832d9bd2-6690-412c-a054-04d2b759cec3:group-5575C2DF0BD8 changes role from null to FOLLOWER at term 0 for startAsFollower
2019-08-28 20:09:43,697 [pool-752-thread-1] INFO  impl.RoleInfo (RoleInfo.java:updateAndGet(143)) - 832d9bd2-6690-412c-a054-04d2b759cec3: start FollowerState
2019-08-28 20:09:43,698 [pool-752-thread-1] INFO  util.JmxRegister (JmxRegister.java:tryRegister(44)) - Successfully registered JMX Bean with object name Ratis:service=RaftServer,group=group-5575C2DF0BD8,id=832d9bd2-6690-412c-a054-04d2b759cec3
2019-08-28 20:09:43,699 [RatisPipelineUtilsThread] INFO  pipeline.PipelineStateManager (PipelineStateManager.java:addPipeline(56)) - Created pipeline Pipeline[ Id: 3ff71043-101f-4b93-93cb-5575c2df0bd8, Nodes: 832d9bd2-6690-412c-a054-04d2b759cec3{ip: 192.168.36.107, host: pr-hdds-1949-jn7bv-2990118995, networkLocation: /default-rack, certSerialId: null}, Type:RATIS, Factor:ONE, State:OPEN]
2019-08-28 20:09:43,712 [grpc-default-executor-9] INFO  impl.RaftServerProxy (RaftServerProxy.java:addNew(89)) - 461018b7-39dd-4d28-b214-6e460473d27d: addNew group-2F9D9A808874:[461018b7-39dd-4d28-b214-6e460473d27d:192.168.36.107:36069] returns group-2F9D9A808874:java.util.concurrent.CompletableFuture@3f86d837[Not completed]
2019-08-28 20:09:43,713 [pool-785-thread-1] INFO  impl.RaftServerImpl (RaftServerImpl.java:<init>(93)) - 461018b7-39dd-4d28-b214-6e460473d27d: new RaftServerImpl for group-2F9D9A808874:[461018b7-39dd-4d28-b214-6e460473d27d:192.168.36.107:36069] with ContainerStateMachine:uninitialized
2019-08-28 20:09:43,713 [pool-785-thread-1] INFO  server.RaftServerConfigKeys (ConfUtils.java:logGet(43)) - raft.server.rpc.timeout.min = 5s (custom)
2019-08-28 20:09:43,713 [pool-785-thread-1] INFO  server.RaftServerConfigKeys (ConfUtils.java:logGet(43)) - raft.server.rpc.timeout.max = 5200ms (custom)
2019-08-28 20:09:43,714 [pool-785-thread-1] INFO  server.RaftServerConfigKeys (ConfUtils.java:logGet(43)) - raft.server.rpcslowness.timeout = 120s (custom)
2019-08-28 20:09:43,714 [pool-785-thread-1] INFO  server.RaftServerConfigKeys (ConfUtils.java:logGet(43)) - raft.server.sleep.deviation.threshold = 300 (default)
2019-08-28 20:09:43,714 [pool-785-thread-1] INFO  server.RaftServerConfigKeys (ConfUtils.java:logGet(43)) - raft.server.log.appender.install.snapshot.enabled = false (custom)
2019-08-28 20:09:43,714 [pool-785-thread-1] INFO  impl.RaftServerImpl (ServerState.java:<init>(105)) - 461018b7-39dd-4d28-b214-6e460473d27d:group-2F9D9A808874 ConfigurationManager, init=-1: [461018b7-39dd-4d28-b214-6e460473d27d:192.168.36.107:36069], old=null, confs=<EMPTY_MAP>
2019-08-28 20:09:43,714 [pool-785-thread-1] INFO  server.RaftServerConfigKeys (ConfUtils.java:logGet(43)) - raft.server.storage.dir = [/workdir/hadoop-ozone/integration-test/target/test-dir/MiniOzoneClusterImpl-72b920a7-1e55-4753-92eb-643903605a0d/datanode-5/data/ratis] (custom)
2019-08-28 20:09:43,714 [pool-785-thread-1] INFO  storage.RaftStorageDirectory (RaftStorageDirectory.java:analyzeStorage(246)) - The storage directory /workdir/hadoop-ozone/integration-test/target/test-dir/MiniOzoneClusterImpl-72b920a7-1e55-4753-92eb-643903605a0d/datanode-5/data/ratis/0538250d-cdcd-4fdc-b84e-2f9d9a808874 does not exist. Creating ...
2019-08-28 20:09:43,727 [pool-785-thread-1] INFO  storage.RaftStorageDirectory (RaftStorageDirectory.java:tryLock(328)) - Lock on /workdir/hadoop-ozone/integration-test/target/test-dir/MiniOzoneClusterImpl-72b920a7-1e55-4753-92eb-643903605a0d/datanode-5/data/ratis/0538250d-cdcd-4fdc-b84e-2f9d9a808874/in_use.lock acquired by nodename 22922@pr-hdds-1949-jn7bv-2990118995
2019-08-28 20:09:43,731 [main] INFO  ozone.MiniOzoneClusterImpl (MiniOzoneClusterImpl.java:lambda$waitForClusterToBeReady$0(142)) - Waiting for cluster to be ready. Got 6 of 7 DN Heartbeats.
2019-08-28 20:09:43,732 [IPC Server handler 7 on 42518] INFO  net.NetworkTopology (NetworkTopologyImpl.java:add(110)) - Added a new node: /default-rack/0d2cbdf2-f3e9-4f0a-94d2-ebe777e5e266
2019-08-28 20:09:43,732 [IPC Server handler 7 on 42518] INFO  node.SCMNodeManager (SCMNodeManager.java:register(273)) - Registered Data node : 0d2cbdf2-f3e9-4f0a-94d2-ebe777e5e266{ip: 192.168.36.107, host: pr-hdds-1949-jn7bv-2990118995, networkLocation: /default-rack, certSerialId: null}
2019-08-28 20:09:43,733 | INFO  | SCMAudit | user=jenkins1000 | ip=192.168.36.107 | op=REGISTER {datanodeDetails=0d2cbdf2-f3e9-4f0a-94d2-ebe777e5e266{ip: 192.168.36.107, host: pr-hdds-1949-jn7bv-2990118995, networkLocation: /default-rack, certSerialId: null}} | ret=SUCCESS |  
2019-08-28 20:09:43,740 [pool-785-thread-1] INFO  storage.RaftStorage (RaftStorage.java:format(72)) - Storage directory /workdir/hadoop-ozone/integration-test/target/test-dir/MiniOzoneClusterImpl-72b920a7-1e55-4753-92eb-643903605a0d/datanode-5/data/ratis/0538250d-cdcd-4fdc-b84e-2f9d9a808874 has been successfully formatted.
2019-08-28 20:09:43,740 [pool-785-thread-1] INFO  ratis.ContainerStateMachine (ContainerStateMachine.java:loadSnapshot(227)) - group-2F9D9A808874: The snapshot info is null. Setting the last applied indexto:(t:0, i:~)
2019-08-28 20:09:43,740 [pool-785-thread-1] INFO  server.RaftServerConfigKeys (ConfUtils.java:logGet(43)) - raft.server.leader.election.timeout = 120s (custom)
2019-08-28 20:09:43,740 [pool-785-thread-1] INFO  server.RaftServerConfigKeys (ConfUtils.java:logGet(43)) - raft.server.log.use.memory = false (default)
2019-08-28 20:09:43,740 [pool-785-thread-1] INFO  server.RaftServerConfigKeys (ConfUtils.java:logGet(43)) - raft.server.log.purge.gap = 1000000 (custom)
2019-08-28 20:09:43,740 [pool-785-thread-1] INFO  server.RaftServerConfigKeys (ConfUtils.java:logGet(43)) - raft.server.log.appender.buffer.byte-limit = 33554432 (custom)
2019-08-28 20:09:43,740 [pool-785-thread-1] INFO  server.RaftServerConfigKeys (ConfUtils.java:logGet(43)) - raft.server.log.segment.size.max = 1048576 (custom)
2019-08-28 20:09:43,740 [pool-785-thread-1] INFO  server.RaftServerConfigKeys (ConfUtils.java:logGet(43)) - raft.server.log.segment.cache.num.max = 2 (custom)
2019-08-28 20:09:43,741 [pool-785-thread-1] INFO  segmented.SegmentedRaftLogWorker (SegmentedRaftLogWorker.java:<init>(172)) - new 461018b7-39dd-4d28-b214-6e460473d27d-SegmentedRaftLogWorker:Storage Directory /workdir/hadoop-ozone/integration-test/target/test-dir/MiniOzoneClusterImpl-72b920a7-1e55-4753-92eb-643903605a0d/datanode-5/data/ratis/0538250d-cdcd-4fdc-b84e-2f9d9a808874 for RaftStorage:Storage Directory /workdir/hadoop-ozone/integration-test/target/test-dir/MiniOzoneClusterImpl-72b920a7-1e55-4753-92eb-643903605a0d/datanode-5/data/ratis/0538250d-cdcd-4fdc-b84e-2f9d9a808874
2019-08-28 20:09:43,741 [pool-785-thread-1] INFO  server.RaftServerConfigKeys (ConfUtils.java:logGet(43)) - raft.server.log.queue.byte-limit = 2147483647 (custom)
2019-08-28 20:09:43,741 [pool-785-thread-1] INFO  server.RaftServerConfigKeys (ConfUtils.java:logGet(43)) - raft.server.log.queue.element-limit = 1024 (custom)
2019-08-28 20:09:43,741 [pool-785-thread-1] INFO  server.RaftServerConfigKeys (ConfUtils.java:logGet(43)) - raft.server.log.segment.size.max = 1048576 (custom)
2019-08-28 20:09:43,741 [pool-785-thread-1] INFO  server.RaftServerConfigKeys (ConfUtils.java:logGet(43)) - raft.server.log.preallocated.size = 16384 (custom)
2019-08-28 20:09:43,741 [pool-785-thread-1] INFO  server.RaftServerConfigKeys (ConfUtils.java:logGet(43)) - raft.server.log.write.buffer.size = 33554432 (custom)
2019-08-28 20:09:43,741 [pool-785-thread-1] INFO  server.RaftServerConfigKeys (ConfUtils.java:logGet(43)) - raft.server.log.force.sync.num = 128 (default)
2019-08-28 20:09:43,741 [pool-785-thread-1] INFO  server.RaftServerConfigKeys (ConfUtils.java:logGet(43)) - raft.server.log.statemachine.data.sync = true (default)
2019-08-28 20:09:43,742 [pool-785-thread-1] INFO  server.RaftServerConfigKeys (ConfUtils.java:logGet(43)) - raft.server.log.statemachine.data.sync.timeout = 10s (default)
2019-08-28 20:09:43,742 [pool-785-thread-1] INFO  server.RaftServerConfigKeys (ConfUtils.java:logGet(43)) - raft.server.log.statemachine.data.sync.timeout.retry = -1 (default)
2019-08-28 20:09:43,742 [pool-785-thread-1] INFO  server.RaftServerConfigKeys (ConfUtils.java:logGet(43)) - raft.server.log.statemachine.data.caching.enabled = true (custom)
2019-08-28 20:09:43,742 [pool-785-thread-1] INFO  segmented.SegmentedRaftLogWorker (SegmentedRaftLogWorker.java:lambda$new$0(132)) - 461018b7-39dd-4d28-b214-6e460473d27d-SegmentedRaftLogWorker:Storage Directory /workdir/hadoop-ozone/integration-test/target/test-dir/MiniOzoneClusterImpl-72b920a7-1e55-4753-92eb-643903605a0d/datanode-5/data/ratis/0538250d-cdcd-4fdc-b84e-2f9d9a808874: flushIndex: setUnconditionally 0 -> -1
2019-08-28 20:09:43,742 [pool-785-thread-1] INFO  server.RaftServerConfigKeys (ConfUtils.java:logGet(43)) - raft.server.snapshot.auto.trigger.enabled = true (custom)
2019-08-28 20:09:43,743 [pool-785-thread-1] INFO  server.RaftServerConfigKeys (ConfUtils.java:logGet(43)) - raft.server.snapshot.auto.trigger.threshold = 10000 (custom)
2019-08-28 20:09:43,743 [pool-785-thread-1] INFO  server.RaftServerConfigKeys (ConfUtils.java:logGet(43)) - raft.server.retrycache.expirytime = 600000ms (custom)
2019-08-28 20:09:43,743 [pool-785-thread-1] INFO  impl.RaftServerImpl (RaftServerImpl.java:start(180)) - 461018b7-39dd-4d28-b214-6e460473d27d: start group-2F9D9A808874
2019-08-28 20:09:43,743 [pool-785-thread-1] INFO  impl.RaftServerImpl (RaftServerImpl.java:setRole(171)) - 461018b7-39dd-4d28-b214-6e460473d27d:group-2F9D9A808874 changes role from null to FOLLOWER at term 0 for startAsFollower
2019-08-28 20:09:43,743 [pool-785-thread-1] INFO  impl.RoleInfo (RoleInfo.java:updateAndGet(143)) - 461018b7-39dd-4d28-b214-6e460473d27d: start FollowerState
2019-08-28 20:09:43,743 [pool-785-thread-1] INFO  util.JmxRegister (JmxRegister.java:tryRegister(44)) - Successfully registered JMX Bean with object name Ratis:service=RaftServer,group=group-2F9D9A808874,id=461018b7-39dd-4d28-b214-6e460473d27d
2019-08-28 20:09:43,746 [RatisPipelineUtilsThread] INFO  pipeline.PipelineStateManager (PipelineStateManager.java:addPipeline(56)) - Created pipeline Pipeline[ Id: 0538250d-cdcd-4fdc-b84e-2f9d9a808874, Nodes: 461018b7-39dd-4d28-b214-6e460473d27d{ip: 192.168.36.107, host: pr-hdds-1949-jn7bv-2990118995, networkLocation: /default-rack, certSerialId: null}, Type:RATIS, Factor:ONE, State:OPEN]
2019-08-28 20:09:43,753 [grpc-default-executor-9] INFO  impl.RaftServerProxy (RaftServerProxy.java:addNew(89)) - 0d2cbdf2-f3e9-4f0a-94d2-ebe777e5e266: addNew group-C5CCCFD1C726:[0d2cbdf2-f3e9-4f0a-94d2-ebe777e5e266:192.168.36.107:39333] returns group-C5CCCFD1C726:java.util.concurrent.CompletableFuture@6ceef20f[Not completed]
2019-08-28 20:09:43,754 [pool-796-thread-1] INFO  impl.RaftServerImpl (RaftServerImpl.java:<init>(93)) - 0d2cbdf2-f3e9-4f0a-94d2-ebe777e5e266: new RaftServerImpl for group-C5CCCFD1C726:[0d2cbdf2-f3e9-4f0a-94d2-ebe777e5e266:192.168.36.107:39333] with ContainerStateMachine:uninitialized
2019-08-28 20:09:43,754 [pool-796-thread-1] INFO  server.RaftServerConfigKeys (ConfUtils.java:logGet(43)) - raft.server.rpc.timeout.min = 5s (custom)
2019-08-28 20:09:43,754 [pool-796-thread-1] INFO  server.RaftServerConfigKeys (ConfUtils.java:logGet(43)) - raft.server.rpc.timeout.max = 5200ms (custom)
2019-08-28 20:09:43,755 [pool-796-thread-1] INFO  server.RaftServerConfigKeys (ConfUtils.java:logGet(43)) - raft.server.rpcslowness.timeout = 120s (custom)
2019-08-28 20:09:43,755 [pool-796-thread-1] INFO  server.RaftServerConfigKeys (ConfUtils.java:logGet(43)) - raft.server.sleep.deviation.threshold = 300 (default)
2019-08-28 20:09:43,755 [pool-796-thread-1] INFO  server.RaftServerConfigKeys (ConfUtils.java:logGet(43)) - raft.server.log.appender.install.snapshot.enabled = false (custom)
2019-08-28 20:09:43,755 [pool-796-thread-1] INFO  impl.RaftServerImpl (ServerState.java:<init>(105)) - 0d2cbdf2-f3e9-4f0a-94d2-ebe777e5e266:group-C5CCCFD1C726 ConfigurationManager, init=-1: [0d2cbdf2-f3e9-4f0a-94d2-ebe777e5e266:192.168.36.107:39333], old=null, confs=<EMPTY_MAP>
2019-08-28 20:09:43,755 [pool-796-thread-1] INFO  server.RaftServerConfigKeys (ConfUtils.java:logGet(43)) - raft.server.storage.dir = [/workdir/hadoop-ozone/integration-test/target/test-dir/MiniOzoneClusterImpl-72b920a7-1e55-4753-92eb-643903605a0d/datanode-6/data/ratis] (custom)
2019-08-28 20:09:43,755 [pool-796-thread-1] INFO  storage.RaftStorageDirectory (RaftStorageDirectory.java:analyzeStorage(246)) - The storage directory /workdir/hadoop-ozone/integration-test/target/test-dir/MiniOzoneClusterImpl-72b920a7-1e55-4753-92eb-643903605a0d/datanode-6/data/ratis/f1fd9c19-e967-4339-84b3-c5cccfd1c726 does not exist. Creating ...
2019-08-28 20:09:43,758 [pool-796-thread-1] INFO  storage.RaftStorageDirectory (RaftStorageDirectory.java:tryLock(328)) - Lock on /workdir/hadoop-ozone/integration-test/target/test-dir/MiniOzoneClusterImpl-72b920a7-1e55-4753-92eb-643903605a0d/datanode-6/data/ratis/f1fd9c19-e967-4339-84b3-c5cccfd1c726/in_use.lock acquired by nodename 22922@pr-hdds-1949-jn7bv-2990118995
2019-08-28 20:09:43,769 [pool-796-thread-1] INFO  storage.RaftStorage (RaftStorage.java:format(72)) - Storage directory /workdir/hadoop-ozone/integration-test/target/test-dir/MiniOzoneClusterImpl-72b920a7-1e55-4753-92eb-643903605a0d/datanode-6/data/ratis/f1fd9c19-e967-4339-84b3-c5cccfd1c726 has been successfully formatted.
2019-08-28 20:09:43,769 [pool-796-thread-1] INFO  ratis.ContainerStateMachine (ContainerStateMachine.java:loadSnapshot(227)) - group-C5CCCFD1C726: The snapshot info is null. Setting the last applied indexto:(t:0, i:~)
2019-08-28 20:09:43,769 [pool-796-thread-1] INFO  server.RaftServerConfigKeys (ConfUtils.java:logGet(43)) - raft.server.leader.election.timeout = 120s (custom)
2019-08-28 20:09:43,769 [pool-796-thread-1] INFO  server.RaftServerConfigKeys (ConfUtils.java:logGet(43)) - raft.server.log.use.memory = false (default)
2019-08-28 20:09:43,769 [pool-796-thread-1] INFO  server.RaftServerConfigKeys (ConfUtils.java:logGet(43)) - raft.server.log.purge.gap = 1000000 (custom)
2019-08-28 20:09:43,769 [pool-796-thread-1] INFO  server.RaftServerConfigKeys (ConfUtils.java:logGet(43)) - raft.server.log.appender.buffer.byte-limit = 33554432 (custom)
2019-08-28 20:09:43,769 [pool-796-thread-1] INFO  server.RaftServerConfigKeys (ConfUtils.java:logGet(43)) - raft.server.log.segment.size.max = 1048576 (custom)
2019-08-28 20:09:43,769 [pool-796-thread-1] INFO  server.RaftServerConfigKeys (ConfUtils.java:logGet(43)) - raft.server.log.segment.cache.num.max = 2 (custom)
2019-08-28 20:09:43,770 [pool-796-thread-1] INFO  segmented.SegmentedRaftLogWorker (SegmentedRaftLogWorker.java:<init>(172)) - new 0d2cbdf2-f3e9-4f0a-94d2-ebe777e5e266-SegmentedRaftLogWorker:Storage Directory /workdir/hadoop-ozone/integration-test/target/test-dir/MiniOzoneClusterImpl-72b920a7-1e55-4753-92eb-643903605a0d/datanode-6/data/ratis/f1fd9c19-e967-4339-84b3-c5cccfd1c726 for RaftStorage:Storage Directory /workdir/hadoop-ozone/integration-test/target/test-dir/MiniOzoneClusterImpl-72b920a7-1e55-4753-92eb-643903605a0d/datanode-6/data/ratis/f1fd9c19-e967-4339-84b3-c5cccfd1c726
2019-08-28 20:09:43,770 [pool-796-thread-1] INFO  server.RaftServerConfigKeys (ConfUtils.java:logGet(43)) - raft.server.log.queue.byte-limit = 2147483647 (custom)
2019-08-28 20:09:43,770 [pool-796-thread-1] INFO  server.RaftServerConfigKeys (ConfUtils.java:logGet(43)) - raft.server.log.queue.element-limit = 1024 (custom)
2019-08-28 20:09:43,770 [pool-796-thread-1] INFO  server.RaftServerConfigKeys (ConfUtils.java:logGet(43)) - raft.server.log.segment.size.max = 1048576 (custom)
2019-08-28 20:09:43,770 [pool-796-thread-1] INFO  server.RaftServerConfigKeys (ConfUtils.java:logGet(43)) - raft.server.log.preallocated.size = 16384 (custom)
2019-08-28 20:09:43,770 [pool-796-thread-1] INFO  server.RaftServerConfigKeys (ConfUtils.java:logGet(43)) - raft.server.log.write.buffer.size = 33554432 (custom)
2019-08-28 20:09:43,770 [pool-796-thread-1] INFO  server.RaftServerConfigKeys (ConfUtils.java:logGet(43)) - raft.server.log.force.sync.num = 128 (default)
2019-08-28 20:09:43,770 [pool-796-thread-1] INFO  server.RaftServerConfigKeys (ConfUtils.java:logGet(43)) - raft.server.log.statemachine.data.sync = true (default)
2019-08-28 20:09:43,770 [pool-796-thread-1] INFO  server.RaftServerConfigKeys (ConfUtils.java:logGet(43)) - raft.server.log.statemachine.data.sync.timeout = 10s (default)
2019-08-28 20:09:43,771 [pool-796-thread-1] INFO  server.RaftServerConfigKeys (ConfUtils.java:logGet(43)) - raft.server.log.statemachine.data.sync.timeout.retry = -1 (default)
2019-08-28 20:09:43,771 [pool-796-thread-1] INFO  server.RaftServerConfigKeys (ConfUtils.java:logGet(43)) - raft.server.log.statemachine.data.caching.enabled = true (custom)
2019-08-28 20:09:43,771 [pool-796-thread-1] INFO  segmented.SegmentedRaftLogWorker (SegmentedRaftLogWorker.java:lambda$new$0(132)) - 0d2cbdf2-f3e9-4f0a-94d2-ebe777e5e266-SegmentedRaftLogWorker:Storage Directory /workdir/hadoop-ozone/integration-test/target/test-dir/MiniOzoneClusterImpl-72b920a7-1e55-4753-92eb-643903605a0d/datanode-6/data/ratis/f1fd9c19-e967-4339-84b3-c5cccfd1c726: flushIndex: setUnconditionally 0 -> -1
2019-08-28 20:09:43,771 [pool-796-thread-1] INFO  server.RaftServerConfigKeys (ConfUtils.java:logGet(43)) - raft.server.snapshot.auto.trigger.enabled = true (custom)
2019-08-28 20:09:43,771 [pool-796-thread-1] INFO  server.RaftServerConfigKeys (ConfUtils.java:logGet(43)) - raft.server.snapshot.auto.trigger.threshold = 10000 (custom)
2019-08-28 20:09:43,771 [pool-796-thread-1] INFO  server.RaftServerConfigKeys (ConfUtils.java:logGet(43)) - raft.server.retrycache.expirytime = 600000ms (custom)
2019-08-28 20:09:43,772 [pool-796-thread-1] INFO  impl.RaftServerImpl (RaftServerImpl.java:start(180)) - 0d2cbdf2-f3e9-4f0a-94d2-ebe777e5e266: start group-C5CCCFD1C726
2019-08-28 20:09:43,772 [pool-796-thread-1] INFO  impl.RaftServerImpl (RaftServerImpl.java:setRole(171)) - 0d2cbdf2-f3e9-4f0a-94d2-ebe777e5e266:group-C5CCCFD1C726 changes role from null to FOLLOWER at term 0 for startAsFollower
2019-08-28 20:09:43,772 [pool-796-thread-1] INFO  impl.RoleInfo (RoleInfo.java:updateAndGet(143)) - 0d2cbdf2-f3e9-4f0a-94d2-ebe777e5e266: start FollowerState
2019-08-28 20:09:43,772 [pool-796-thread-1] INFO  util.JmxRegister (JmxRegister.java:tryRegister(44)) - Successfully registered JMX Bean with object name Ratis:service=RaftServer,group=group-C5CCCFD1C726,id=0d2cbdf2-f3e9-4f0a-94d2-ebe777e5e266
2019-08-28 20:09:43,773 [RatisPipelineUtilsThread] INFO  pipeline.PipelineStateManager (PipelineStateManager.java:addPipeline(56)) - Created pipeline Pipeline[ Id: f1fd9c19-e967-4339-84b3-c5cccfd1c726, Nodes: 0d2cbdf2-f3e9-4f0a-94d2-ebe777e5e266{ip: 192.168.36.107, host: pr-hdds-1949-jn7bv-2990118995, networkLocation: /default-rack, certSerialId: null}, Type:RATIS, Factor:ONE, State:OPEN]
2019-08-28 20:09:43,787 [grpc-default-executor-9] INFO  impl.RaftServerProxy (RaftServerProxy.java:addNew(89)) - 32058749-0763-4169-a6f0-c48e966b88d9: addNew group-598B0C585C63:[0d2cbdf2-f3e9-4f0a-94d2-ebe777e5e266:192.168.36.107:39333, 32058749-0763-4169-a6f0-c48e966b88d9:192.168.36.107:45971, 99c2ffe6-7e64-4b0d-9e12-4b317a498883:192.168.36.107:36103] returns group-598B0C585C63:java.util.concurrent.CompletableFuture@28c74a7a[Not completed]
2019-08-28 20:09:43,788 [grpc-default-executor-2] INFO  impl.RaftServerProxy (RaftServerProxy.java:addNew(89)) - 99c2ffe6-7e64-4b0d-9e12-4b317a498883: addNew group-598B0C585C63:[0d2cbdf2-f3e9-4f0a-94d2-ebe777e5e266:192.168.36.107:39333, 32058749-0763-4169-a6f0-c48e966b88d9:192.168.36.107:45971, 99c2ffe6-7e64-4b0d-9e12-4b317a498883:192.168.36.107:36103] returns group-598B0C585C63:java.util.concurrent.CompletableFuture@503ef02b[Not completed]
2019-08-28 20:09:43,788 [grpc-default-executor-8] INFO  impl.RaftServerProxy (RaftServerProxy.java:addNew(89)) - 0d2cbdf2-f3e9-4f0a-94d2-ebe777e5e266: addNew group-598B0C585C63:[0d2cbdf2-f3e9-4f0a-94d2-ebe777e5e266:192.168.36.107:39333, 32058749-0763-4169-a6f0-c48e966b88d9:192.168.36.107:45971, 99c2ffe6-7e64-4b0d-9e12-4b317a498883:192.168.36.107:36103] returns group-598B0C585C63:java.util.concurrent.CompletableFuture@1bd1ffb9[Not completed]
2019-08-28 20:09:43,788 [pool-730-thread-1] INFO  impl.RaftServerImpl (RaftServerImpl.java:<init>(93)) - 32058749-0763-4169-a6f0-c48e966b88d9: new RaftServerImpl for group-598B0C585C63:[0d2cbdf2-f3e9-4f0a-94d2-ebe777e5e266:192.168.36.107:39333, 32058749-0763-4169-a6f0-c48e966b88d9:192.168.36.107:45971, 99c2ffe6-7e64-4b0d-9e12-4b317a498883:192.168.36.107:36103] with ContainerStateMachine:uninitialized
2019-08-28 20:09:43,788 [pool-730-thread-1] INFO  server.RaftServerConfigKeys (ConfUtils.java:logGet(43)) - raft.server.rpc.timeout.min = 5s (custom)
2019-08-28 20:09:43,789 [pool-730-thread-1] INFO  server.RaftServerConfigKeys (ConfUtils.java:logGet(43)) - raft.server.rpc.timeout.max = 5200ms (custom)
2019-08-28 20:09:43,789 [pool-730-thread-1] INFO  server.RaftServerConfigKeys (ConfUtils.java:logGet(43)) - raft.server.rpcslowness.timeout = 120s (custom)
2019-08-28 20:09:43,789 [pool-730-thread-1] INFO  server.RaftServerConfigKeys (ConfUtils.java:logGet(43)) - raft.server.sleep.deviation.threshold = 300 (default)
2019-08-28 20:09:43,789 [pool-796-thread-1] INFO  impl.RaftServerImpl (RaftServerImpl.java:<init>(93)) - 0d2cbdf2-f3e9-4f0a-94d2-ebe777e5e266: new RaftServerImpl for group-598B0C585C63:[0d2cbdf2-f3e9-4f0a-94d2-ebe777e5e266:192.168.36.107:39333, 32058749-0763-4169-a6f0-c48e966b88d9:192.168.36.107:45971, 99c2ffe6-7e64-4b0d-9e12-4b317a498883:192.168.36.107:36103] with ContainerStateMachine:uninitialized
2019-08-28 20:09:43,789 [pool-730-thread-1] INFO  server.RaftServerConfigKeys (ConfUtils.java:logGet(43)) - raft.server.log.appender.install.snapshot.enabled = false (custom)
2019-08-28 20:09:43,789 [pool-796-thread-1] INFO  server.RaftServerConfigKeys (ConfUtils.java:logGet(43)) - raft.server.rpc.timeout.min = 5s (custom)
2019-08-28 20:09:43,789 [pool-730-thread-1] INFO  impl.RaftServerImpl (ServerState.java:<init>(105)) - 32058749-0763-4169-a6f0-c48e966b88d9:group-598B0C585C63 ConfigurationManager, init=-1: [0d2cbdf2-f3e9-4f0a-94d2-ebe777e5e266:192.168.36.107:39333, 32058749-0763-4169-a6f0-c48e966b88d9:192.168.36.107:45971, 99c2ffe6-7e64-4b0d-9e12-4b317a498883:192.168.36.107:36103], old=null, confs=<EMPTY_MAP>
2019-08-28 20:09:43,789 [pool-774-thread-1] INFO  impl.RaftServerImpl (RaftServerImpl.java:<init>(93)) - 99c2ffe6-7e64-4b0d-9e12-4b317a498883: new RaftServerImpl for group-598B0C585C63:[0d2cbdf2-f3e9-4f0a-94d2-ebe777e5e266:192.168.36.107:39333, 32058749-0763-4169-a6f0-c48e966b88d9:192.168.36.107:45971, 99c2ffe6-7e64-4b0d-9e12-4b317a498883:192.168.36.107:36103] with ContainerStateMachine:uninitialized
2019-08-28 20:09:43,789 [pool-730-thread-1] INFO  server.RaftServerConfigKeys (ConfUtils.java:logGet(43)) - raft.server.storage.dir = [/workdir/hadoop-ozone/integration-test/target/test-dir/MiniOzoneClusterImpl-72b920a7-1e55-4753-92eb-643903605a0d/datanode-0/data/ratis] (custom)
2019-08-28 20:09:43,789 [pool-796-thread-1] INFO  server.RaftServerConfigKeys (ConfUtils.java:logGet(43)) - raft.server.rpc.timeout.max = 5200ms (custom)
2019-08-28 20:09:43,789 [pool-774-thread-1] INFO  server.RaftServerConfigKeys (ConfUtils.java:logGet(43)) - raft.server.rpc.timeout.min = 5s (custom)
2019-08-28 20:09:43,790 [pool-796-thread-1] INFO  server.RaftServerConfigKeys (ConfUtils.java:logGet(43)) - raft.server.rpcslowness.timeout = 120s (custom)
2019-08-28 20:09:43,790 [pool-730-thread-1] INFO  storage.RaftStorageDirectory (RaftStorageDirectory.java:analyzeStorage(246)) - The storage directory /workdir/hadoop-ozone/integration-test/target/test-dir/MiniOzoneClusterImpl-72b920a7-1e55-4753-92eb-643903605a0d/datanode-0/data/ratis/524c060b-fcf7-4125-81e8-598b0c585c63 does not exist. Creating ...
2019-08-28 20:09:43,790 [pool-774-thread-1] INFO  server.RaftServerConfigKeys (ConfUtils.java:logGet(43)) - raft.server.rpc.timeout.max = 5200ms (custom)
2019-08-28 20:09:43,790 [pool-796-thread-1] INFO  server.RaftServerConfigKeys (ConfUtils.java:logGet(43)) - raft.server.sleep.deviation.threshold = 300 (default)
2019-08-28 20:09:43,790 [pool-774-thread-1] INFO  server.RaftServerConfigKeys (ConfUtils.java:logGet(43)) - raft.server.rpcslowness.timeout = 120s (custom)
2019-08-28 20:09:43,790 [pool-796-thread-1] INFO  server.RaftServerConfigKeys (ConfUtils.java:logGet(43)) - raft.server.log.appender.install.snapshot.enabled = false (custom)
2019-08-28 20:09:43,790 [pool-774-thread-1] INFO  server.RaftServerConfigKeys (ConfUtils.java:logGet(43)) - raft.server.sleep.deviation.threshold = 300 (default)
2019-08-28 20:09:43,790 [pool-796-thread-1] INFO  impl.RaftServerImpl (ServerState.java:<init>(105)) - 0d2cbdf2-f3e9-4f0a-94d2-ebe777e5e266:group-598B0C585C63 ConfigurationManager, init=-1: [0d2cbdf2-f3e9-4f0a-94d2-ebe777e5e266:192.168.36.107:39333, 32058749-0763-4169-a6f0-c48e966b88d9:192.168.36.107:45971, 99c2ffe6-7e64-4b0d-9e12-4b317a498883:192.168.36.107:36103], old=null, confs=<EMPTY_MAP>
2019-08-28 20:09:43,790 [pool-774-thread-1] INFO  server.RaftServerConfigKeys (ConfUtils.java:logGet(43)) - raft.server.log.appender.install.snapshot.enabled = false (custom)
2019-08-28 20:09:43,791 [pool-796-thread-1] INFO  server.RaftServerConfigKeys (ConfUtils.java:logGet(43)) - raft.server.storage.dir = [/workdir/hadoop-ozone/integration-test/target/test-dir/MiniOzoneClusterImpl-72b920a7-1e55-4753-92eb-643903605a0d/datanode-6/data/ratis] (custom)
2019-08-28 20:09:43,791 [pool-774-thread-1] INFO  impl.RaftServerImpl (ServerState.java:<init>(105)) - 99c2ffe6-7e64-4b0d-9e12-4b317a498883:group-598B0C585C63 ConfigurationManager, init=-1: [0d2cbdf2-f3e9-4f0a-94d2-ebe777e5e266:192.168.36.107:39333, 32058749-0763-4169-a6f0-c48e966b88d9:192.168.36.107:45971, 99c2ffe6-7e64-4b0d-9e12-4b317a498883:192.168.36.107:36103], old=null, confs=<EMPTY_MAP>
2019-08-28 20:09:43,791 [pool-774-thread-1] INFO  server.RaftServerConfigKeys (ConfUtils.java:logGet(43)) - raft.server.storage.dir = [/workdir/hadoop-ozone/integration-test/target/test-dir/MiniOzoneClusterImpl-72b920a7-1e55-4753-92eb-643903605a0d/datanode-4/data/ratis] (custom)
2019-08-28 20:09:43,791 [pool-796-thread-1] INFO  storage.RaftStorageDirectory (RaftStorageDirectory.java:analyzeStorage(246)) - The storage directory /workdir/hadoop-ozone/integration-test/target/test-dir/MiniOzoneClusterImpl-72b920a7-1e55-4753-92eb-643903605a0d/datanode-6/data/ratis/524c060b-fcf7-4125-81e8-598b0c585c63 does not exist. Creating ...
2019-08-28 20:09:43,791 [pool-774-thread-1] INFO  storage.RaftStorageDirectory (RaftStorageDirectory.java:analyzeStorage(246)) - The storage directory /workdir/hadoop-ozone/integration-test/target/test-dir/MiniOzoneClusterImpl-72b920a7-1e55-4753-92eb-643903605a0d/datanode-4/data/ratis/524c060b-fcf7-4125-81e8-598b0c585c63 does not exist. Creating ...
2019-08-28 20:09:43,897 [pool-796-thread-1] INFO  storage.RaftStorageDirectory (RaftStorageDirectory.java:tryLock(328)) - Lock on /workdir/hadoop-ozone/integration-test/target/test-dir/MiniOzoneClusterImpl-72b920a7-1e55-4753-92eb-643903605a0d/datanode-6/data/ratis/524c060b-fcf7-4125-81e8-598b0c585c63/in_use.lock acquired by nodename 22922@pr-hdds-1949-jn7bv-2990118995
2019-08-28 20:09:43,897 [pool-774-thread-1] INFO  storage.RaftStorageDirectory (RaftStorageDirectory.java:tryLock(328)) - Lock on /workdir/hadoop-ozone/integration-test/target/test-dir/MiniOzoneClusterImpl-72b920a7-1e55-4753-92eb-643903605a0d/datanode-4/data/ratis/524c060b-fcf7-4125-81e8-598b0c585c63/in_use.lock acquired by nodename 22922@pr-hdds-1949-jn7bv-2990118995
2019-08-28 20:09:43,897 [pool-730-thread-1] INFO  storage.RaftStorageDirectory (RaftStorageDirectory.java:tryLock(328)) - Lock on /workdir/hadoop-ozone/integration-test/target/test-dir/MiniOzoneClusterImpl-72b920a7-1e55-4753-92eb-643903605a0d/datanode-0/data/ratis/524c060b-fcf7-4125-81e8-598b0c585c63/in_use.lock acquired by nodename 22922@pr-hdds-1949-jn7bv-2990118995
2019-08-28 20:09:43,964 [pool-730-thread-1] INFO  storage.RaftStorage (RaftStorage.java:format(72)) - Storage directory /workdir/hadoop-ozone/integration-test/target/test-dir/MiniOzoneClusterImpl-72b920a7-1e55-4753-92eb-643903605a0d/datanode-0/data/ratis/524c060b-fcf7-4125-81e8-598b0c585c63 has been successfully formatted.
2019-08-28 20:09:43,964 [pool-796-thread-1] INFO  storage.RaftStorage (RaftStorage.java:format(72)) - Storage directory /workdir/hadoop-ozone/integration-test/target/test-dir/MiniOzoneClusterImpl-72b920a7-1e55-4753-92eb-643903605a0d/datanode-6/data/ratis/524c060b-fcf7-4125-81e8-598b0c585c63 has been successfully formatted.
2019-08-28 20:09:43,964 [pool-730-thread-1] INFO  ratis.ContainerStateMachine (ContainerStateMachine.java:loadSnapshot(227)) - group-598B0C585C63: The snapshot info is null. Setting the last applied indexto:(t:0, i:~)
2019-08-28 20:09:43,964 [pool-774-thread-1] INFO  storage.RaftStorage (RaftStorage.java:format(72)) - Storage directory /workdir/hadoop-ozone/integration-test/target/test-dir/MiniOzoneClusterImpl-72b920a7-1e55-4753-92eb-643903605a0d/datanode-4/data/ratis/524c060b-fcf7-4125-81e8-598b0c585c63 has been successfully formatted.
2019-08-28 20:09:43,964 [pool-730-thread-1] INFO  server.RaftServerConfigKeys (ConfUtils.java:logGet(43)) - raft.server.leader.election.timeout = 120s (custom)
2019-08-28 20:09:43,964 [pool-796-thread-1] INFO  ratis.ContainerStateMachine (ContainerStateMachine.java:loadSnapshot(227)) - group-598B0C585C63: The snapshot info is null. Setting the last applied indexto:(t:0, i:~)
2019-08-28 20:09:43,964 [pool-730-thread-1] INFO  server.RaftServerConfigKeys (ConfUtils.java:logGet(43)) - raft.server.log.use.memory = false (default)
2019-08-28 20:09:43,964 [pool-774-thread-1] INFO  ratis.ContainerStateMachine (ContainerStateMachine.java:loadSnapshot(227)) - group-598B0C585C63: The snapshot info is null. Setting the last applied indexto:(t:0, i:~)
2019-08-28 20:09:43,965 [pool-730-thread-1] INFO  server.RaftServerConfigKeys (ConfUtils.java:logGet(43)) - raft.server.log.purge.gap = 1000000 (custom)
2019-08-28 20:09:43,965 [pool-730-thread-1] INFO  server.RaftServerConfigKeys (ConfUtils.java:logGet(43)) - raft.server.log.appender.buffer.byte-limit = 33554432 (custom)
2019-08-28 20:09:43,964 [pool-796-thread-1] INFO  server.RaftServerConfigKeys (ConfUtils.java:logGet(43)) - raft.server.leader.election.timeout = 120s (custom)
2019-08-28 20:09:43,965 [pool-730-thread-1] INFO  server.RaftServerConfigKeys (ConfUtils.java:logGet(43)) - raft.server.log.segment.size.max = 1048576 (custom)
2019-08-28 20:09:43,965 [pool-774-thread-1] INFO  server.RaftServerConfigKeys (ConfUtils.java:logGet(43)) - raft.server.leader.election.timeout = 120s (custom)
2019-08-28 20:09:43,965 [pool-730-thread-1] INFO  server.RaftServerConfigKeys (ConfUtils.java:logGet(43)) - raft.server.log.segment.cache.num.max = 2 (custom)
2019-08-28 20:09:43,965 [pool-796-thread-1] INFO  server.RaftServerConfigKeys (ConfUtils.java:logGet(43)) - raft.server.log.use.memory = false (default)
2019-08-28 20:09:43,966 [pool-730-thread-1] INFO  segmented.SegmentedRaftLogWorker (SegmentedRaftLogWorker.java:<init>(172)) - new 32058749-0763-4169-a6f0-c48e966b88d9-SegmentedRaftLogWorker:Storage Directory /workdir/hadoop-ozone/integration-test/target/test-dir/MiniOzoneClusterImpl-72b920a7-1e55-4753-92eb-643903605a0d/datanode-0/data/ratis/524c060b-fcf7-4125-81e8-598b0c585c63 for RaftStorage:Storage Directory /workdir/hadoop-ozone/integration-test/target/test-dir/MiniOzoneClusterImpl-72b920a7-1e55-4753-92eb-643903605a0d/datanode-0/data/ratis/524c060b-fcf7-4125-81e8-598b0c585c63
2019-08-28 20:09:43,966 [pool-774-thread-1] INFO  server.RaftServerConfigKeys (ConfUtils.java:logGet(43)) - raft.server.log.use.memory = false (default)
2019-08-28 20:09:43,966 [pool-730-thread-1] INFO  server.RaftServerConfigKeys (ConfUtils.java:logGet(43)) - raft.server.log.queue.byte-limit = 2147483647 (custom)
2019-08-28 20:09:43,966 [pool-796-thread-1] INFO  server.RaftServerConfigKeys (ConfUtils.java:logGet(43)) - raft.server.log.purge.gap = 1000000 (custom)
2019-08-28 20:09:43,966 [pool-730-thread-1] INFO  server.RaftServerConfigKeys (ConfUtils.java:logGet(43)) - raft.server.log.queue.element-limit = 1024 (custom)
2019-08-28 20:09:43,966 [pool-774-thread-1] INFO  server.RaftServerConfigKeys (ConfUtils.java:logGet(43)) - raft.server.log.purge.gap = 1000000 (custom)
2019-08-28 20:09:43,967 [pool-730-thread-1] INFO  server.RaftServerConfigKeys (ConfUtils.java:logGet(43)) - raft.server.log.segment.size.max = 1048576 (custom)
2019-08-28 20:09:43,967 [pool-730-thread-1] INFO  server.RaftServerConfigKeys (ConfUtils.java:logGet(43)) - raft.server.log.preallocated.size = 16384 (custom)
2019-08-28 20:09:43,966 [pool-796-thread-1] INFO  server.RaftServerConfigKeys (ConfUtils.java:logGet(43)) - raft.server.log.appender.buffer.byte-limit = 33554432 (custom)
2019-08-28 20:09:43,967 [pool-730-thread-1] INFO  server.RaftServerConfigKeys (ConfUtils.java:logGet(43)) - raft.server.log.write.buffer.size = 33554432 (custom)
2019-08-28 20:09:43,967 [pool-774-thread-1] INFO  server.RaftServerConfigKeys (ConfUtils.java:logGet(43)) - raft.server.log.appender.buffer.byte-limit = 33554432 (custom)
2019-08-28 20:09:43,967 [pool-730-thread-1] INFO  server.RaftServerConfigKeys (ConfUtils.java:logGet(43)) - raft.server.log.force.sync.num = 128 (default)
2019-08-28 20:09:43,967 [pool-796-thread-1] INFO  server.RaftServerConfigKeys (ConfUtils.java:logGet(43)) - raft.server.log.segment.size.max = 1048576 (custom)
2019-08-28 20:09:43,968 [pool-730-thread-1] INFO  server.RaftServerConfigKeys (ConfUtils.java:logGet(43)) - raft.server.log.statemachine.data.sync = true (default)
2019-08-28 20:09:43,968 [pool-774-thread-1] INFO  server.RaftServerConfigKeys (ConfUtils.java:logGet(43)) - raft.server.log.segment.size.max = 1048576 (custom)
2019-08-28 20:09:43,968 [pool-730-thread-1] INFO  server.RaftServerConfigKeys (ConfUtils.java:logGet(43)) - raft.server.log.statemachine.data.sync.timeout = 10s (default)
2019-08-28 20:09:43,968 [pool-796-thread-1] INFO  server.RaftServerConfigKeys (ConfUtils.java:logGet(43)) - raft.server.log.segment.cache.num.max = 2 (custom)
2019-08-28 20:09:43,968 [pool-730-thread-1] INFO  server.RaftServerConfigKeys (ConfUtils.java:logGet(43)) - raft.server.log.statemachine.data.sync.timeout.retry = -1 (default)
2019-08-28 20:09:43,968 [pool-774-thread-1] INFO  server.RaftServerConfigKeys (ConfUtils.java:logGet(43)) - raft.server.log.segment.cache.num.max = 2 (custom)
2019-08-28 20:09:43,969 [pool-730-thread-1] INFO  server.RaftServerConfigKeys (ConfUtils.java:logGet(43)) - raft.server.log.statemachine.data.caching.enabled = true (custom)
2019-08-28 20:09:43,969 [pool-796-thread-1] INFO  segmented.SegmentedRaftLogWorker (SegmentedRaftLogWorker.java:<init>(172)) - new 0d2cbdf2-f3e9-4f0a-94d2-ebe777e5e266-SegmentedRaftLogWorker:Storage Directory /workdir/hadoop-ozone/integration-test/target/test-dir/MiniOzoneClusterImpl-72b920a7-1e55-4753-92eb-643903605a0d/datanode-6/data/ratis/524c060b-fcf7-4125-81e8-598b0c585c63 for RaftStorage:Storage Directory /workdir/hadoop-ozone/integration-test/target/test-dir/MiniOzoneClusterImpl-72b920a7-1e55-4753-92eb-643903605a0d/datanode-6/data/ratis/524c060b-fcf7-4125-81e8-598b0c585c63
2019-08-28 20:09:43,969 [pool-774-thread-1] INFO  segmented.SegmentedRaftLogWorker (SegmentedRaftLogWorker.java:<init>(172)) - new 99c2ffe6-7e64-4b0d-9e12-4b317a498883-SegmentedRaftLogWorker:Storage Directory /workdir/hadoop-ozone/integration-test/target/test-dir/MiniOzoneClusterImpl-72b920a7-1e55-4753-92eb-643903605a0d/datanode-4/data/ratis/524c060b-fcf7-4125-81e8-598b0c585c63 for RaftStorage:Storage Directory /workdir/hadoop-ozone/integration-test/target/test-dir/MiniOzoneClusterImpl-72b920a7-1e55-4753-92eb-643903605a0d/datanode-4/data/ratis/524c060b-fcf7-4125-81e8-598b0c585c63
2019-08-28 20:09:43,969 [pool-796-thread-1] INFO  server.RaftServerConfigKeys (ConfUtils.java:logGet(43)) - raft.server.log.queue.byte-limit = 2147483647 (custom)
2019-08-28 20:09:43,969 [pool-730-thread-1] INFO  segmented.SegmentedRaftLogWorker (SegmentedRaftLogWorker.java:lambda$new$0(132)) - 32058749-0763-4169-a6f0-c48e966b88d9-SegmentedRaftLogWorker:Storage Directory /workdir/hadoop-ozone/integration-test/target/test-dir/MiniOzoneClusterImpl-72b920a7-1e55-4753-92eb-643903605a0d/datanode-0/data/ratis/524c060b-fcf7-4125-81e8-598b0c585c63: flushIndex: setUnconditionally 0 -> -1
2019-08-28 20:09:43,969 [pool-796-thread-1] INFO  server.RaftServerConfigKeys (ConfUtils.java:logGet(43)) - raft.server.log.queue.element-limit = 1024 (custom)
2019-08-28 20:09:43,969 [pool-774-thread-1] INFO  server.RaftServerConfigKeys (ConfUtils.java:logGet(43)) - raft.server.log.queue.byte-limit = 2147483647 (custom)
2019-08-28 20:09:43,970 [pool-730-thread-1] INFO  server.RaftServerConfigKeys (ConfUtils.java:logGet(43)) - raft.server.snapshot.auto.trigger.enabled = true (custom)
2019-08-28 20:09:43,970 [pool-796-thread-1] INFO  server.RaftServerConfigKeys (ConfUtils.java:logGet(43)) - raft.server.log.segment.size.max = 1048576 (custom)
2019-08-28 20:09:43,970 [pool-730-thread-1] INFO  server.RaftServerConfigKeys (ConfUtils.java:logGet(43)) - raft.server.snapshot.auto.trigger.threshold = 10000 (custom)
2019-08-28 20:09:43,970 [pool-774-thread-1] INFO  server.RaftServerConfigKeys (ConfUtils.java:logGet(43)) - raft.server.log.queue.element-limit = 1024 (custom)
2019-08-28 20:09:43,970 [pool-730-thread-1] INFO  server.RaftServerConfigKeys (ConfUtils.java:logGet(43)) - raft.server.retrycache.expirytime = 600000ms (custom)
2019-08-28 20:09:43,970 [pool-796-thread-1] INFO  server.RaftServerConfigKeys (ConfUtils.java:logGet(43)) - raft.server.log.preallocated.size = 16384 (custom)
2019-08-28 20:09:43,971 [pool-730-thread-1] INFO  impl.RaftServerImpl (RaftServerImpl.java:start(180)) - 32058749-0763-4169-a6f0-c48e966b88d9: start group-598B0C585C63
2019-08-28 20:09:43,971 [pool-730-thread-1] INFO  impl.RaftServerImpl (RaftServerImpl.java:setRole(171)) - 32058749-0763-4169-a6f0-c48e966b88d9:group-598B0C585C63 changes role from null to FOLLOWER at term 0 for startAsFollower
2019-08-28 20:09:43,971 [pool-774-thread-1] INFO  server.RaftServerConfigKeys (ConfUtils.java:logGet(43)) - raft.server.log.segment.size.max = 1048576 (custom)
2019-08-28 20:09:43,971 [pool-730-thread-1] INFO  impl.RoleInfo (RoleInfo.java:updateAndGet(143)) - 32058749-0763-4169-a6f0-c48e966b88d9: start FollowerState
2019-08-28 20:09:43,971 [pool-796-thread-1] INFO  server.RaftServerConfigKeys (ConfUtils.java:logGet(43)) - raft.server.log.write.buffer.size = 33554432 (custom)
2019-08-28 20:09:43,971 [pool-774-thread-1] INFO  server.RaftServerConfigKeys (ConfUtils.java:logGet(43)) - raft.server.log.preallocated.size = 16384 (custom)
2019-08-28 20:09:43,972 [pool-730-thread-1] INFO  util.JmxRegister (JmxRegister.java:tryRegister(44)) - Successfully registered JMX Bean with object name Ratis:service=RaftServer,group=group-598B0C585C63,id=32058749-0763-4169-a6f0-c48e966b88d9
2019-08-28 20:09:43,972 [pool-796-thread-1] INFO  server.RaftServerConfigKeys (ConfUtils.java:logGet(43)) - raft.server.log.force.sync.num = 128 (default)
2019-08-28 20:09:43,972 [pool-774-thread-1] INFO  server.RaftServerConfigKeys (ConfUtils.java:logGet(43)) - raft.server.log.write.buffer.size = 33554432 (custom)
2019-08-28 20:09:43,972 [pool-796-thread-1] INFO  server.RaftServerConfigKeys (ConfUtils.java:logGet(43)) - raft.server.log.statemachine.data.sync = true (default)
2019-08-28 20:09:43,972 [pool-774-thread-1] INFO  server.RaftServerConfigKeys (ConfUtils.java:logGet(43)) - raft.server.log.force.sync.num = 128 (default)
2019-08-28 20:09:43,972 [pool-796-thread-1] INFO  server.RaftServerConfigKeys (ConfUtils.java:logGet(43)) - raft.server.log.statemachine.data.sync.timeout = 10s (default)
2019-08-28 20:09:43,973 [pool-774-thread-1] INFO  server.RaftServerConfigKeys (ConfUtils.java:logGet(43)) - raft.server.log.statemachine.data.sync = true (default)
2019-08-28 20:09:43,973 [pool-796-thread-1] INFO  server.RaftServerConfigKeys (ConfUtils.java:logGet(43)) - raft.server.log.statemachine.data.sync.timeout.retry = -1 (default)
2019-08-28 20:09:43,973 [pool-774-thread-1] INFO  server.RaftServerConfigKeys (ConfUtils.java:logGet(43)) - raft.server.log.statemachine.data.sync.timeout = 10s (default)
2019-08-28 20:09:43,973 [pool-796-thread-1] INFO  server.RaftServerConfigKeys (ConfUtils.java:logGet(43)) - raft.server.log.statemachine.data.caching.enabled = true (custom)
2019-08-28 20:09:43,973 [pool-774-thread-1] INFO  server.RaftServerConfigKeys (ConfUtils.java:logGet(43)) - raft.server.log.statemachine.data.sync.timeout.retry = -1 (default)
2019-08-28 20:09:43,974 [pool-796-thread-1] INFO  segmented.SegmentedRaftLogWorker (SegmentedRaftLogWorker.java:lambda$new$0(132)) - 0d2cbdf2-f3e9-4f0a-94d2-ebe777e5e266-SegmentedRaftLogWorker:Storage Directory /workdir/hadoop-ozone/integration-test/target/test-dir/MiniOzoneClusterImpl-72b920a7-1e55-4753-92eb-643903605a0d/datanode-6/data/ratis/524c060b-fcf7-4125-81e8-598b0c585c63: flushIndex: setUnconditionally 0 -> -1
2019-08-28 20:09:43,974 [pool-774-thread-1] INFO  server.RaftServerConfigKeys (ConfUtils.java:logGet(43)) - raft.server.log.statemachine.data.caching.enabled = true (custom)
2019-08-28 20:09:43,974 [pool-796-thread-1] INFO  server.RaftServerConfigKeys (ConfUtils.java:logGet(43)) - raft.server.snapshot.auto.trigger.enabled = true (custom)
2019-08-28 20:09:43,974 [pool-774-thread-1] INFO  segmented.SegmentedRaftLogWorker (SegmentedRaftLogWorker.java:lambda$new$0(132)) - 99c2ffe6-7e64-4b0d-9e12-4b317a498883-SegmentedRaftLogWorker:Storage Directory /workdir/hadoop-ozone/integration-test/target/test-dir/MiniOzoneClusterImpl-72b920a7-1e55-4753-92eb-643903605a0d/datanode-4/data/ratis/524c060b-fcf7-4125-81e8-598b0c585c63: flushIndex: setUnconditionally 0 -> -1
2019-08-28 20:09:43,974 [pool-796-thread-1] INFO  server.RaftServerConfigKeys (ConfUtils.java:logGet(43)) - raft.server.snapshot.auto.trigger.threshold = 10000 (custom)
2019-08-28 20:09:43,974 [pool-796-thread-1] INFO  server.RaftServerConfigKeys (ConfUtils.java:logGet(43)) - raft.server.retrycache.expirytime = 600000ms (custom)
2019-08-28 20:09:43,974 [pool-774-thread-1] INFO  server.RaftServerConfigKeys (ConfUtils.java:logGet(43)) - raft.server.snapshot.auto.trigger.enabled = true (custom)
2019-08-28 20:09:43,975 [pool-796-thread-1] INFO  impl.RaftServerImpl (RaftServerImpl.java:start(180)) - 0d2cbdf2-f3e9-4f0a-94d2-ebe777e5e266: start group-598B0C585C63
2019-08-28 20:09:43,975 [pool-774-thread-1] INFO  server.RaftServerConfigKeys (ConfUtils.java:logGet(43)) - raft.server.snapshot.auto.trigger.threshold = 10000 (custom)
2019-08-28 20:09:43,975 [pool-796-thread-1] INFO  impl.RaftServerImpl (RaftServerImpl.java:setRole(171)) - 0d2cbdf2-f3e9-4f0a-94d2-ebe777e5e266:group-598B0C585C63 changes role from null to FOLLOWER at term 0 for startAsFollower
2019-08-28 20:09:43,975 [pool-774-thread-1] INFO  server.RaftServerConfigKeys (ConfUtils.java:logGet(43)) - raft.server.retrycache.expirytime = 600000ms (custom)
2019-08-28 20:09:43,975 [pool-796-thread-1] INFO  impl.RoleInfo (RoleInfo.java:updateAndGet(143)) - 0d2cbdf2-f3e9-4f0a-94d2-ebe777e5e266: start FollowerState
2019-08-28 20:09:43,975 [pool-774-thread-1] INFO  impl.RaftServerImpl (RaftServerImpl.java:start(180)) - 99c2ffe6-7e64-4b0d-9e12-4b317a498883: start group-598B0C585C63
2019-08-28 20:09:43,975 [pool-774-thread-1] INFO  impl.RaftServerImpl (RaftServerImpl.java:setRole(171)) - 99c2ffe6-7e64-4b0d-9e12-4b317a498883:group-598B0C585C63 changes role from null to FOLLOWER at term 0 for startAsFollower
2019-08-28 20:09:43,975 [pool-796-thread-1] INFO  util.JmxRegister (JmxRegister.java:tryRegister(44)) - Successfully registered JMX Bean with object name Ratis:service=RaftServer,group=group-598B0C585C63,id=0d2cbdf2-f3e9-4f0a-94d2-ebe777e5e266
2019-08-28 20:09:43,975 [pool-774-thread-1] INFO  impl.RoleInfo (RoleInfo.java:updateAndGet(143)) - 99c2ffe6-7e64-4b0d-9e12-4b317a498883: start FollowerState
2019-08-28 20:09:43,976 [pool-774-thread-1] INFO  util.JmxRegister (JmxRegister.java:tryRegister(44)) - Successfully registered JMX Bean with object name Ratis:service=RaftServer,group=group-598B0C585C63,id=99c2ffe6-7e64-4b0d-9e12-4b317a498883
2019-08-28 20:09:43,978 [RatisPipelineUtilsThread] INFO  pipeline.PipelineStateManager (PipelineStateManager.java:addPipeline(56)) - Created pipeline Pipeline[ Id: 524c060b-fcf7-4125-81e8-598b0c585c63, Nodes: 99c2ffe6-7e64-4b0d-9e12-4b317a498883{ip: 192.168.36.107, host: pr-hdds-1949-jn7bv-2990118995, networkLocation: /default-rack, certSerialId: null}32058749-0763-4169-a6f0-c48e966b88d9{ip: 192.168.36.107, host: pr-hdds-1949-jn7bv-2990118995, networkLocation: /default-rack, certSerialId: null}0d2cbdf2-f3e9-4f0a-94d2-ebe777e5e266{ip: 192.168.36.107, host: pr-hdds-1949-jn7bv-2990118995, networkLocation: /default-rack, certSerialId: null}, Type:RATIS, Factor:THREE, State:OPEN]
2019-08-28 20:09:43,994 [grpc-default-executor-2] INFO  impl.RaftServerProxy (RaftServerProxy.java:addNew(89)) - 54ce06a7-084b-40eb-9b4b-239a6e27ab83: addNew group-6BBC5E7D3DBC:[461018b7-39dd-4d28-b214-6e460473d27d:192.168.36.107:36069, 8fecb67b-5c4d-4732-8a79-20bb823bc0ec:192.168.36.107:33628, 54ce06a7-084b-40eb-9b4b-239a6e27ab83:192.168.36.107:45366] returns group-6BBC5E7D3DBC:java.util.concurrent.CompletableFuture@15077b44[Not completed]
2019-08-28 20:09:43,994 [grpc-default-executor-9] INFO  impl.RaftServerProxy (RaftServerProxy.java:addNew(89)) - 461018b7-39dd-4d28-b214-6e460473d27d: addNew group-6BBC5E7D3DBC:[461018b7-39dd-4d28-b214-6e460473d27d:192.168.36.107:36069, 8fecb67b-5c4d-4732-8a79-20bb823bc0ec:192.168.36.107:33628, 54ce06a7-084b-40eb-9b4b-239a6e27ab83:192.168.36.107:45366] returns group-6BBC5E7D3DBC:java.util.concurrent.CompletableFuture@50a72ba6[Not completed]
2019-08-28 20:09:43,994 [grpc-default-executor-8] INFO  impl.RaftServerProxy (RaftServerProxy.java:addNew(89)) - 8fecb67b-5c4d-4732-8a79-20bb823bc0ec: addNew group-6BBC5E7D3DBC:[461018b7-39dd-4d28-b214-6e460473d27d:192.168.36.107:36069, 8fecb67b-5c4d-4732-8a79-20bb823bc0ec:192.168.36.107:33628, 54ce06a7-084b-40eb-9b4b-239a6e27ab83:192.168.36.107:45366] returns group-6BBC5E7D3DBC:java.util.concurrent.CompletableFuture@4471d4b9[Not completed]
2019-08-28 20:09:43,995 [pool-763-thread-1] INFO  impl.RaftServerImpl (RaftServerImpl.java:<init>(93)) - 54ce06a7-084b-40eb-9b4b-239a6e27ab83: new RaftServerImpl for group-6BBC5E7D3DBC:[461018b7-39dd-4d28-b214-6e460473d27d:192.168.36.107:36069, 8fecb67b-5c4d-4732-8a79-20bb823bc0ec:192.168.36.107:33628, 54ce06a7-084b-40eb-9b4b-239a6e27ab83:192.168.36.107:45366] with ContainerStateMachine:uninitialized
2019-08-28 20:09:43,995 [pool-763-thread-1] INFO  server.RaftServerConfigKeys (ConfUtils.java:logGet(43)) - raft.server.rpc.timeout.min = 5s (custom)
2019-08-28 20:09:43,995 [pool-763-thread-1] INFO  server.RaftServerConfigKeys (ConfUtils.java:logGet(43)) - raft.server.rpc.timeout.max = 5200ms (custom)
2019-08-28 20:09:43,995 [pool-741-thread-1] INFO  impl.RaftServerImpl (RaftServerImpl.java:<init>(93)) - 8fecb67b-5c4d-4732-8a79-20bb823bc0ec: new RaftServerImpl for group-6BBC5E7D3DBC:[461018b7-39dd-4d28-b214-6e460473d27d:192.168.36.107:36069, 8fecb67b-5c4d-4732-8a79-20bb823bc0ec:192.168.36.107:33628, 54ce06a7-084b-40eb-9b4b-239a6e27ab83:192.168.36.107:45366] with ContainerStateMachine:uninitialized
2019-08-28 20:09:43,995 [pool-763-thread-1] INFO  server.RaftServerConfigKeys (ConfUtils.java:logGet(43)) - raft.server.rpcslowness.timeout = 120s (custom)
2019-08-28 20:09:43,995 [pool-741-thread-1] INFO  server.RaftServerConfigKeys (ConfUtils.java:logGet(43)) - raft.server.rpc.timeout.min = 5s (custom)
2019-08-28 20:09:43,996 [pool-785-thread-1] INFO  impl.RaftServerImpl (RaftServerImpl.java:<init>(93)) - 461018b7-39dd-4d28-b214-6e460473d27d: new RaftServerImpl for group-6BBC5E7D3DBC:[461018b7-39dd-4d28-b214-6e460473d27d:192.168.36.107:36069, 8fecb67b-5c4d-4732-8a79-20bb823bc0ec:192.168.36.107:33628, 54ce06a7-084b-40eb-9b4b-239a6e27ab83:192.168.36.107:45366] with ContainerStateMachine:uninitialized
2019-08-28 20:09:43,996 [pool-763-thread-1] INFO  server.RaftServerConfigKeys (ConfUtils.java:logGet(43)) - raft.server.sleep.deviation.threshold = 300 (default)
2019-08-28 20:09:43,996 [pool-785-thread-1] INFO  server.RaftServerConfigKeys (ConfUtils.java:logGet(43)) - raft.server.rpc.timeout.min = 5s (custom)
2019-08-28 20:09:43,996 [pool-741-thread-1] INFO  server.RaftServerConfigKeys (ConfUtils.java:logGet(43)) - raft.server.rpc.timeout.max = 5200ms (custom)
2019-08-28 20:09:43,996 [pool-785-thread-1] INFO  server.RaftServerConfigKeys (ConfUtils.java:logGet(43)) - raft.server.rpc.timeout.max = 5200ms (custom)
2019-08-28 20:09:43,996 [pool-785-thread-1] INFO  server.RaftServerConfigKeys (ConfUtils.java:logGet(43)) - raft.server.rpcslowness.timeout = 120s (custom)
2019-08-28 20:09:43,996 [pool-763-thread-1] INFO  server.RaftServerConfigKeys (ConfUtils.java:logGet(43)) - raft.server.log.appender.install.snapshot.enabled = false (custom)
2019-08-28 20:09:43,996 [pool-785-thread-1] INFO  server.RaftServerConfigKeys (ConfUtils.java:logGet(43)) - raft.server.sleep.deviation.threshold = 300 (default)
2019-08-28 20:09:43,996 [pool-741-thread-1] INFO  server.RaftServerConfigKeys (ConfUtils.java:logGet(43)) - raft.server.rpcslowness.timeout = 120s (custom)
2019-08-28 20:09:43,996 [pool-785-thread-1] INFO  server.RaftServerConfigKeys (ConfUtils.java:logGet(43)) - raft.server.log.appender.install.snapshot.enabled = false (custom)
2019-08-28 20:09:43,996 [pool-763-thread-1] INFO  impl.RaftServerImpl (ServerState.java:<init>(105)) - 54ce06a7-084b-40eb-9b4b-239a6e27ab83:group-6BBC5E7D3DBC ConfigurationManager, init=-1: [461018b7-39dd-4d28-b214-6e460473d27d:192.168.36.107:36069, 8fecb67b-5c4d-4732-8a79-20bb823bc0ec:192.168.36.107:33628, 54ce06a7-084b-40eb-9b4b-239a6e27ab83:192.168.36.107:45366], old=null, confs=<EMPTY_MAP>
2019-08-28 20:09:43,997 [pool-785-thread-1] INFO  impl.RaftServerImpl (ServerState.java:<init>(105)) - 461018b7-39dd-4d28-b214-6e460473d27d:group-6BBC5E7D3DBC ConfigurationManager, init=-1: [461018b7-39dd-4d28-b214-6e460473d27d:192.168.36.107:36069, 8fecb67b-5c4d-4732-8a79-20bb823bc0ec:192.168.36.107:33628, 54ce06a7-084b-40eb-9b4b-239a6e27ab83:192.168.36.107:45366], old=null, confs=<EMPTY_MAP>
2019-08-28 20:09:43,997 [pool-741-thread-1] INFO  server.RaftServerConfigKeys (ConfUtils.java:logGet(43)) - raft.server.sleep.deviation.threshold = 300 (default)
2019-08-28 20:09:43,997 [pool-785-thread-1] INFO  server.RaftServerConfigKeys (ConfUtils.java:logGet(43)) - raft.server.storage.dir = [/workdir/hadoop-ozone/integration-test/target/test-dir/MiniOzoneClusterImpl-72b920a7-1e55-4753-92eb-643903605a0d/datanode-5/data/ratis] (custom)
2019-08-28 20:09:43,997 [pool-763-thread-1] INFO  server.RaftServerConfigKeys (ConfUtils.java:logGet(43)) - raft.server.storage.dir = [/workdir/hadoop-ozone/integration-test/target/test-dir/MiniOzoneClusterImpl-72b920a7-1e55-4753-92eb-643903605a0d/datanode-3/data/ratis] (custom)
2019-08-28 20:09:43,997 [pool-741-thread-1] INFO  server.RaftServerConfigKeys (ConfUtils.java:logGet(43)) - raft.server.log.appender.install.snapshot.enabled = false (custom)
2019-08-28 20:09:43,997 [pool-785-thread-1] INFO  storage.RaftStorageDirectory (RaftStorageDirectory.java:analyzeStorage(246)) - The storage directory /workdir/hadoop-ozone/integration-test/target/test-dir/MiniOzoneClusterImpl-72b920a7-1e55-4753-92eb-643903605a0d/datanode-5/data/ratis/20cd9d68-7709-4047-9b3a-6bbc5e7d3dbc does not exist. Creating ...
2019-08-28 20:09:43,997 [pool-763-thread-1] INFO  storage.RaftStorageDirectory (RaftStorageDirectory.java:analyzeStorage(246)) - The storage directory /workdir/hadoop-ozone/integration-test/target/test-dir/MiniOzoneClusterImpl-72b920a7-1e55-4753-92eb-643903605a0d/datanode-3/data/ratis/20cd9d68-7709-4047-9b3a-6bbc5e7d3dbc does not exist. Creating ...
2019-08-28 20:09:43,997 [pool-741-thread-1] INFO  impl.RaftServerImpl (ServerState.java:<init>(105)) - 8fecb67b-5c4d-4732-8a79-20bb823bc0ec:group-6BBC5E7D3DBC ConfigurationManager, init=-1: [461018b7-39dd-4d28-b214-6e460473d27d:192.168.36.107:36069, 8fecb67b-5c4d-4732-8a79-20bb823bc0ec:192.168.36.107:33628, 54ce06a7-084b-40eb-9b4b-239a6e27ab83:192.168.36.107:45366], old=null, confs=<EMPTY_MAP>
2019-08-28 20:09:43,998 [pool-741-thread-1] INFO  server.RaftServerConfigKeys (ConfUtils.java:logGet(43)) - raft.server.storage.dir = [/workdir/hadoop-ozone/integration-test/target/test-dir/MiniOzoneClusterImpl-72b920a7-1e55-4753-92eb-643903605a0d/datanode-1/data/ratis] (custom)
2019-08-28 20:09:43,998 [pool-741-thread-1] INFO  storage.RaftStorageDirectory (RaftStorageDirectory.java:analyzeStorage(246)) - The storage directory /workdir/hadoop-ozone/integration-test/target/test-dir/MiniOzoneClusterImpl-72b920a7-1e55-4753-92eb-643903605a0d/datanode-1/data/ratis/20cd9d68-7709-4047-9b3a-6bbc5e7d3dbc does not exist. Creating ...
2019-08-28 20:09:44,033 [pool-741-thread-1] INFO  storage.RaftStorageDirectory (RaftStorageDirectory.java:tryLock(328)) - Lock on /workdir/hadoop-ozone/integration-test/target/test-dir/MiniOzoneClusterImpl-72b920a7-1e55-4753-92eb-643903605a0d/datanode-1/data/ratis/20cd9d68-7709-4047-9b3a-6bbc5e7d3dbc/in_use.lock acquired by nodename 22922@pr-hdds-1949-jn7bv-2990118995
2019-08-28 20:09:44,033 [pool-785-thread-1] INFO  storage.RaftStorageDirectory (RaftStorageDirectory.java:tryLock(328)) - Lock on /workdir/hadoop-ozone/integration-test/target/test-dir/MiniOzoneClusterImpl-72b920a7-1e55-4753-92eb-643903605a0d/datanode-5/data/ratis/20cd9d68-7709-4047-9b3a-6bbc5e7d3dbc/in_use.lock acquired by nodename 22922@pr-hdds-1949-jn7bv-2990118995
2019-08-28 20:09:44,033 [pool-763-thread-1] INFO  storage.RaftStorageDirectory (RaftStorageDirectory.java:tryLock(328)) - Lock on /workdir/hadoop-ozone/integration-test/target/test-dir/MiniOzoneClusterImpl-72b920a7-1e55-4753-92eb-643903605a0d/datanode-3/data/ratis/20cd9d68-7709-4047-9b3a-6bbc5e7d3dbc/in_use.lock acquired by nodename 22922@pr-hdds-1949-jn7bv-2990118995
2019-08-28 20:09:44,047 [pool-763-thread-1] INFO  storage.RaftStorage (RaftStorage.java:format(72)) - Storage directory /workdir/hadoop-ozone/integration-test/target/test-dir/MiniOzoneClusterImpl-72b920a7-1e55-4753-92eb-643903605a0d/datanode-3/data/ratis/20cd9d68-7709-4047-9b3a-6bbc5e7d3dbc has been successfully formatted.
2019-08-28 20:09:44,047 [pool-785-thread-1] INFO  storage.RaftStorage (RaftStorage.java:format(72)) - Storage directory /workdir/hadoop-ozone/integration-test/target/test-dir/MiniOzoneClusterImpl-72b920a7-1e55-4753-92eb-643903605a0d/datanode-5/data/ratis/20cd9d68-7709-4047-9b3a-6bbc5e7d3dbc has been successfully formatted.
2019-08-28 20:09:44,047 [pool-763-thread-1] INFO  ratis.ContainerStateMachine (ContainerStateMachine.java:loadSnapshot(227)) - group-6BBC5E7D3DBC: The snapshot info is null. Setting the last applied indexto:(t:0, i:~)
2019-08-28 20:09:44,047 [pool-741-thread-1] INFO  storage.RaftStorage (RaftStorage.java:format(72)) - Storage directory /workdir/hadoop-ozone/integration-test/target/test-dir/MiniOzoneClusterImpl-72b920a7-1e55-4753-92eb-643903605a0d/datanode-1/data/ratis/20cd9d68-7709-4047-9b3a-6bbc5e7d3dbc has been successfully formatted.
2019-08-28 20:09:44,047 [pool-763-thread-1] INFO  server.RaftServerConfigKeys (ConfUtils.java:logGet(43)) - raft.server.leader.election.timeout = 120s (custom)
2019-08-28 20:09:44,047 [pool-741-thread-1] INFO  ratis.ContainerStateMachine (ContainerStateMachine.java:loadSnapshot(227)) - group-6BBC5E7D3DBC: The snapshot info is null. Setting the last applied indexto:(t:0, i:~)
2019-08-28 20:09:44,047 [pool-785-thread-1] INFO  ratis.ContainerStateMachine (ContainerStateMachine.java:loadSnapshot(227)) - group-6BBC5E7D3DBC: The snapshot info is null. Setting the last applied indexto:(t:0, i:~)
2019-08-28 20:09:44,047 [pool-741-thread-1] INFO  server.RaftServerConfigKeys (ConfUtils.java:logGet(43)) - raft.server.leader.election.timeout = 120s (custom)
2019-08-28 20:09:44,047 [pool-763-thread-1] INFO  server.RaftServerConfigKeys (ConfUtils.java:logGet(43)) - raft.server.log.use.memory = false (default)
2019-08-28 20:09:44,048 [pool-741-thread-1] INFO  server.RaftServerConfigKeys (ConfUtils.java:logGet(43)) - raft.server.log.use.memory = false (default)
2019-08-28 20:09:44,048 [pool-785-thread-1] INFO  server.RaftServerConfigKeys (ConfUtils.java:logGet(43)) - raft.server.leader.election.timeout = 120s (custom)
2019-08-28 20:09:44,048 [pool-741-thread-1] INFO  server.RaftServerConfigKeys (ConfUtils.java:logGet(43)) - raft.server.log.purge.gap = 1000000 (custom)
2019-08-28 20:09:44,048 [pool-763-thread-1] INFO  server.RaftServerConfigKeys (ConfUtils.java:logGet(43)) - raft.server.log.purge.gap = 1000000 (custom)
2019-08-28 20:09:44,048 [pool-741-thread-1] INFO  server.RaftServerConfigKeys (ConfUtils.java:logGet(43)) - raft.server.log.appender.buffer.byte-limit = 33554432 (custom)
2019-08-28 20:09:44,048 [pool-785-thread-1] INFO  server.RaftServerConfigKeys (ConfUtils.java:logGet(43)) - raft.server.log.use.memory = false (default)
2019-08-28 20:09:44,048 [pool-741-thread-1] INFO  server.RaftServerConfigKeys (ConfUtils.java:logGet(43)) - raft.server.log.segment.size.max = 1048576 (custom)
2019-08-28 20:09:44,048 [pool-763-thread-1] INFO  server.RaftServerConfigKeys (ConfUtils.java:logGet(43)) - raft.server.log.appender.buffer.byte-limit = 33554432 (custom)
2019-08-28 20:09:44,049 [pool-741-thread-1] INFO  server.RaftServerConfigKeys (ConfUtils.java:logGet(43)) - raft.server.log.segment.cache.num.max = 2 (custom)
2019-08-28 20:09:44,049 [pool-785-thread-1] INFO  server.RaftServerConfigKeys (ConfUtils.java:logGet(43)) - raft.server.log.purge.gap = 1000000 (custom)
2019-08-28 20:09:44,049 [pool-741-thread-1] INFO  segmented.SegmentedRaftLogWorker (SegmentedRaftLogWorker.java:<init>(172)) - new 8fecb67b-5c4d-4732-8a79-20bb823bc0ec-SegmentedRaftLogWorker:Storage Directory /workdir/hadoop-ozone/integration-test/target/test-dir/MiniOzoneClusterImpl-72b920a7-1e55-4753-92eb-643903605a0d/datanode-1/data/ratis/20cd9d68-7709-4047-9b3a-6bbc5e7d3dbc for RaftStorage:Storage Directory /workdir/hadoop-ozone/integration-test/target/test-dir/MiniOzoneClusterImpl-72b920a7-1e55-4753-92eb-643903605a0d/datanode-1/data/ratis/20cd9d68-7709-4047-9b3a-6bbc5e7d3dbc
2019-08-28 20:09:44,049 [pool-763-thread-1] INFO  server.RaftServerConfigKeys (ConfUtils.java:logGet(43)) - raft.server.log.segment.size.max = 1048576 (custom)
2019-08-28 20:09:44,049 [pool-741-thread-1] INFO  server.RaftServerConfigKeys (ConfUtils.java:logGet(43)) - raft.server.log.queue.byte-limit = 2147483647 (custom)
2019-08-28 20:09:44,049 [pool-741-thread-1] INFO  server.RaftServerConfigKeys (ConfUtils.java:logGet(43)) - raft.server.log.queue.element-limit = 1024 (custom)
2019-08-28 20:09:44,049 [pool-785-thread-1] INFO  server.RaftServerConfigKeys (ConfUtils.java:logGet(43)) - raft.server.log.appender.buffer.byte-limit = 33554432 (custom)
2019-08-28 20:09:44,050 [pool-741-thread-1] INFO  server.RaftServerConfigKeys (ConfUtils.java:logGet(43)) - raft.server.log.segment.size.max = 1048576 (custom)
2019-08-28 20:09:44,049 [pool-763-thread-1] INFO  server.RaftServerConfigKeys (ConfUtils.java:logGet(43)) - raft.server.log.segment.cache.num.max = 2 (custom)
2019-08-28 20:09:44,050 [pool-741-thread-1] INFO  server.RaftServerConfigKeys (ConfUtils.java:logGet(43)) - raft.server.log.preallocated.size = 16384 (custom)
2019-08-28 20:09:44,050 [pool-741-thread-1] INFO  server.RaftServerConfigKeys (ConfUtils.java:logGet(43)) - raft.server.log.write.buffer.size = 33554432 (custom)
2019-08-28 20:09:44,050 [pool-785-thread-1] INFO  server.RaftServerConfigKeys (ConfUtils.java:logGet(43)) - raft.server.log.segment.size.max = 1048576 (custom)
2019-08-28 20:09:44,050 [pool-741-thread-1] INFO  server.RaftServerConfigKeys (ConfUtils.java:logGet(43)) - raft.server.log.force.sync.num = 128 (default)
2019-08-28 20:09:44,051 [pool-741-thread-1] INFO  server.RaftServerConfigKeys (ConfUtils.java:logGet(43)) - raft.server.log.statemachine.data.sync = true (default)
2019-08-28 20:09:44,050 [pool-763-thread-1] INFO  segmented.SegmentedRaftLogWorker (SegmentedRaftLogWorker.java:<init>(172)) - new 54ce06a7-084b-40eb-9b4b-239a6e27ab83-SegmentedRaftLogWorker:Storage Directory /workdir/hadoop-ozone/integration-test/target/test-dir/MiniOzoneClusterImpl-72b920a7-1e55-4753-92eb-643903605a0d/datanode-3/data/ratis/20cd9d68-7709-4047-9b3a-6bbc5e7d3dbc for RaftStorage:Storage Directory /workdir/hadoop-ozone/integration-test/target/test-dir/MiniOzoneClusterImpl-72b920a7-1e55-4753-92eb-643903605a0d/datanode-3/data/ratis/20cd9d68-7709-4047-9b3a-6bbc5e7d3dbc
2019-08-28 20:09:44,051 [pool-741-thread-1] INFO  server.RaftServerConfigKeys (ConfUtils.java:logGet(43)) - raft.server.log.statemachine.data.sync.timeout = 10s (default)
2019-08-28 20:09:44,051 [pool-741-thread-1] INFO  server.RaftServerConfigKeys (ConfUtils.java:logGet(43)) - raft.server.log.statemachine.data.sync.timeout.retry = -1 (default)
2019-08-28 20:09:44,050 [pool-785-thread-1] INFO  server.RaftServerConfigKeys (ConfUtils.java:logGet(43)) - raft.server.log.segment.cache.num.max = 2 (custom)
2019-08-28 20:09:44,051 [pool-741-thread-1] INFO  server.RaftServerConfigKeys (ConfUtils.java:logGet(43)) - raft.server.log.statemachine.data.caching.enabled = true (custom)
2019-08-28 20:09:44,051 [pool-763-thread-1] INFO  server.RaftServerConfigKeys (ConfUtils.java:logGet(43)) - raft.server.log.queue.byte-limit = 2147483647 (custom)
2019-08-28 20:09:44,051 [pool-785-thread-1] INFO  segmented.SegmentedRaftLogWorker (SegmentedRaftLogWorker.java:<init>(172)) - new 461018b7-39dd-4d28-b214-6e460473d27d-SegmentedRaftLogWorker:Storage Directory /workdir/hadoop-ozone/integration-test/target/test-dir/MiniOzoneClusterImpl-72b920a7-1e55-4753-92eb-643903605a0d/datanode-5/data/ratis/20cd9d68-7709-4047-9b3a-6bbc5e7d3dbc for RaftStorage:Storage Directory /workdir/hadoop-ozone/integration-test/target/test-dir/MiniOzoneClusterImpl-72b920a7-1e55-4753-92eb-643903605a0d/datanode-5/data/ratis/20cd9d68-7709-4047-9b3a-6bbc5e7d3dbc
2019-08-28 20:09:44,052 [pool-763-thread-1] INFO  server.RaftServerConfigKeys (ConfUtils.java:logGet(43)) - raft.server.log.queue.element-limit = 1024 (custom)
2019-08-28 20:09:44,051 [pool-741-thread-1] INFO  segmented.SegmentedRaftLogWorker (SegmentedRaftLogWorker.java:lambda$new$0(132)) - 8fecb67b-5c4d-4732-8a79-20bb823bc0ec-SegmentedRaftLogWorker:Storage Directory /workdir/hadoop-ozone/integration-test/target/test-dir/MiniOzoneClusterImpl-72b920a7-1e55-4753-92eb-643903605a0d/datanode-1/data/ratis/20cd9d68-7709-4047-9b3a-6bbc5e7d3dbc: flushIndex: setUnconditionally 0 -> -1
2019-08-28 20:09:44,052 [pool-763-thread-1] INFO  server.RaftServerConfigKeys (ConfUtils.java:logGet(43)) - raft.server.log.segment.size.max = 1048576 (custom)
2019-08-28 20:09:44,052 [pool-785-thread-1] INFO  server.RaftServerConfigKeys (ConfUtils.java:logGet(43)) - raft.server.log.queue.byte-limit = 2147483647 (custom)
2019-08-28 20:09:44,052 [pool-741-thread-1] INFO  server.RaftServerConfigKeys (ConfUtils.java:logGet(43)) - raft.server.snapshot.auto.trigger.enabled = true (custom)
2019-08-28 20:09:44,052 [pool-763-thread-1] INFO  server.RaftServerConfigKeys (ConfUtils.java:logGet(43)) - raft.server.log.preallocated.size = 16384 (custom)
2019-08-28 20:09:44,052 [pool-741-thread-1] INFO  server.RaftServerConfigKeys (ConfUtils.java:logGet(43)) - raft.server.snapshot.auto.trigger.threshold = 10000 (custom)
2019-08-28 20:09:44,052 [pool-785-thread-1] INFO  server.RaftServerConfigKeys (ConfUtils.java:logGet(43)) - raft.server.log.queue.element-limit = 1024 (custom)
2019-08-28 20:09:44,053 [pool-741-thread-1] INFO  server.RaftServerConfigKeys (ConfUtils.java:logGet(43)) - raft.server.retrycache.expirytime = 600000ms (custom)
2019-08-28 20:09:44,052 [pool-763-thread-1] INFO  server.RaftServerConfigKeys (ConfUtils.java:logGet(43)) - raft.server.log.write.buffer.size = 33554432 (custom)
2019-08-28 20:09:44,053 [pool-741-thread-1] INFO  impl.RaftServerImpl (RaftServerImpl.java:start(180)) - 8fecb67b-5c4d-4732-8a79-20bb823bc0ec: start group-6BBC5E7D3DBC
2019-08-28 20:09:44,053 [pool-741-thread-1] INFO  impl.RaftServerImpl (RaftServerImpl.java:setRole(171)) - 8fecb67b-5c4d-4732-8a79-20bb823bc0ec:group-6BBC5E7D3DBC changes role from null to FOLLOWER at term 0 for startAsFollower
2019-08-28 20:09:44,053 [pool-785-thread-1] INFO  server.RaftServerConfigKeys (ConfUtils.java:logGet(43)) - raft.server.log.segment.size.max = 1048576 (custom)
2019-08-28 20:09:44,053 [pool-741-thread-1] INFO  impl.RoleInfo (RoleInfo.java:updateAndGet(143)) - 8fecb67b-5c4d-4732-8a79-20bb823bc0ec: start FollowerState
2019-08-28 20:09:44,053 [pool-763-thread-1] INFO  server.RaftServerConfigKeys (ConfUtils.java:logGet(43)) - raft.server.log.force.sync.num = 128 (default)
2019-08-28 20:09:44,053 [pool-785-thread-1] INFO  server.RaftServerConfigKeys (ConfUtils.java:logGet(43)) - raft.server.log.preallocated.size = 16384 (custom)
2019-08-28 20:09:44,054 [pool-741-thread-1] INFO  util.JmxRegister (JmxRegister.java:tryRegister(44)) - Successfully registered JMX Bean with object name Ratis:service=RaftServer,group=group-6BBC5E7D3DBC,id=8fecb67b-5c4d-4732-8a79-20bb823bc0ec
2019-08-28 20:09:44,054 [pool-763-thread-1] INFO  server.RaftServerConfigKeys (ConfUtils.java:logGet(43)) - raft.server.log.statemachine.data.sync = true (default)
2019-08-28 20:09:44,054 [pool-785-thread-1] INFO  server.RaftServerConfigKeys (ConfUtils.java:logGet(43)) - raft.server.log.write.buffer.size = 33554432 (custom)
2019-08-28 20:09:44,054 [pool-763-thread-1] INFO  server.RaftServerConfigKeys (ConfUtils.java:logGet(43)) - raft.server.log.statemachine.data.sync.timeout = 10s (default)
2019-08-28 20:09:44,054 [pool-785-thread-1] INFO  server.RaftServerConfigKeys (ConfUtils.java:logGet(43)) - raft.server.log.force.sync.num = 128 (default)
2019-08-28 20:09:44,054 [pool-763-thread-1] INFO  server.RaftServerConfigKeys (ConfUtils.java:logGet(43)) - raft.server.log.statemachine.data.sync.timeout.retry = -1 (default)
2019-08-28 20:09:44,055 [pool-785-thread-1] INFO  server.RaftServerConfigKeys (ConfUtils.java:logGet(43)) - raft.server.log.statemachine.data.sync = true (default)
2019-08-28 20:09:44,055 [pool-763-thread-1] INFO  server.RaftServerConfigKeys (ConfUtils.java:logGet(43)) - raft.server.log.statemachine.data.caching.enabled = true (custom)
2019-08-28 20:09:44,055 [pool-785-thread-1] INFO  server.RaftServerConfigKeys (ConfUtils.java:logGet(43)) - raft.server.log.statemachine.data.sync.timeout = 10s (default)
2019-08-28 20:09:44,055 [pool-785-thread-1] INFO  server.RaftServerConfigKeys (ConfUtils.java:logGet(43)) - raft.server.log.statemachine.data.sync.timeout.retry = -1 (default)
2019-08-28 20:09:44,055 [pool-763-thread-1] INFO  segmented.SegmentedRaftLogWorker (SegmentedRaftLogWorker.java:lambda$new$0(132)) - 54ce06a7-084b-40eb-9b4b-239a6e27ab83-SegmentedRaftLogWorker:Storage Directory /workdir/hadoop-ozone/integration-test/target/test-dir/MiniOzoneClusterImpl-72b920a7-1e55-4753-92eb-643903605a0d/datanode-3/data/ratis/20cd9d68-7709-4047-9b3a-6bbc5e7d3dbc: flushIndex: setUnconditionally 0 -> -1
2019-08-28 20:09:44,055 [pool-785-thread-1] INFO  server.RaftServerConfigKeys (ConfUtils.java:logGet(43)) - raft.server.log.statemachine.data.caching.enabled = true (custom)
2019-08-28 20:09:44,056 [pool-763-thread-1] INFO  server.RaftServerConfigKeys (ConfUtils.java:logGet(43)) - raft.server.snapshot.auto.trigger.enabled = true (custom)
2019-08-28 20:09:44,056 [pool-785-thread-1] INFO  segmented.SegmentedRaftLogWorker (SegmentedRaftLogWorker.java:lambda$new$0(132)) - 461018b7-39dd-4d28-b214-6e460473d27d-SegmentedRaftLogWorker:Storage Directory /workdir/hadoop-ozone/integration-test/target/test-dir/MiniOzoneClusterImpl-72b920a7-1e55-4753-92eb-643903605a0d/datanode-5/data/ratis/20cd9d68-7709-4047-9b3a-6bbc5e7d3dbc: flushIndex: setUnconditionally 0 -> -1
2019-08-28 20:09:44,056 [pool-763-thread-1] INFO  server.RaftServerConfigKeys (ConfUtils.java:logGet(43)) - raft.server.snapshot.auto.trigger.threshold = 10000 (custom)
2019-08-28 20:09:44,056 [pool-785-thread-1] INFO  server.RaftServerConfigKeys (ConfUtils.java:logGet(43)) - raft.server.snapshot.auto.trigger.enabled = true (custom)
2019-08-28 20:09:44,056 [pool-763-thread-1] INFO  server.RaftServerConfigKeys (ConfUtils.java:logGet(43)) - raft.server.retrycache.expirytime = 600000ms (custom)
2019-08-28 20:09:44,056 [pool-785-thread-1] INFO  server.RaftServerConfigKeys (ConfUtils.java:logGet(43)) - raft.server.snapshot.auto.trigger.threshold = 10000 (custom)
2019-08-28 20:09:44,056 [pool-763-thread-1] INFO  impl.RaftServerImpl (RaftServerImpl.java:start(180)) - 54ce06a7-084b-40eb-9b4b-239a6e27ab83: start group-6BBC5E7D3DBC
2019-08-28 20:09:44,056 [pool-785-thread-1] INFO  server.RaftServerConfigKeys (ConfUtils.java:logGet(43)) - raft.server.retrycache.expirytime = 600000ms (custom)
2019-08-28 20:09:44,057 [pool-763-thread-1] INFO  impl.RaftServerImpl (RaftServerImpl.java:setRole(171)) - 54ce06a7-084b-40eb-9b4b-239a6e27ab83:group-6BBC5E7D3DBC changes role from null to FOLLOWER at term 0 for startAsFollower
2019-08-28 20:09:44,057 [pool-785-thread-1] INFO  impl.RaftServerImpl (RaftServerImpl.java:start(180)) - 461018b7-39dd-4d28-b214-6e460473d27d: start group-6BBC5E7D3DBC
2019-08-28 20:09:44,057 [pool-763-thread-1] INFO  impl.RoleInfo (RoleInfo.java:updateAndGet(143)) - 54ce06a7-084b-40eb-9b4b-239a6e27ab83: start FollowerState
2019-08-28 20:09:44,057 [pool-785-thread-1] INFO  impl.RaftServerImpl (RaftServerImpl.java:setRole(171)) - 461018b7-39dd-4d28-b214-6e460473d27d:group-6BBC5E7D3DBC changes role from null to FOLLOWER at term 0 for startAsFollower
2019-08-28 20:09:44,057 [pool-785-thread-1] INFO  impl.RoleInfo (RoleInfo.java:updateAndGet(143)) - 461018b7-39dd-4d28-b214-6e460473d27d: start FollowerState
2019-08-28 20:09:44,057 [pool-763-thread-1] INFO  util.JmxRegister (JmxRegister.java:tryRegister(44)) - Successfully registered JMX Bean with object name Ratis:service=RaftServer,group=group-6BBC5E7D3DBC,id=54ce06a7-084b-40eb-9b4b-239a6e27ab83
2019-08-28 20:09:44,057 [pool-785-thread-1] INFO  util.JmxRegister (JmxRegister.java:tryRegister(44)) - Successfully registered JMX Bean with object name Ratis:service=RaftServer,group=group-6BBC5E7D3DBC,id=461018b7-39dd-4d28-b214-6e460473d27d
2019-08-28 20:09:44,059 [RatisPipelineUtilsThread] INFO  pipeline.PipelineStateManager (PipelineStateManager.java:addPipeline(56)) - Created pipeline Pipeline[ Id: 20cd9d68-7709-4047-9b3a-6bbc5e7d3dbc, Nodes: 54ce06a7-084b-40eb-9b4b-239a6e27ab83{ip: 192.168.36.107, host: pr-hdds-1949-jn7bv-2990118995, networkLocation: /default-rack, certSerialId: null}8fecb67b-5c4d-4732-8a79-20bb823bc0ec{ip: 192.168.36.107, host: pr-hdds-1949-jn7bv-2990118995, networkLocation: /default-rack, certSerialId: null}461018b7-39dd-4d28-b214-6e460473d27d{ip: 192.168.36.107, host: pr-hdds-1949-jn7bv-2990118995, networkLocation: /default-rack, certSerialId: null}, Type:RATIS, Factor:THREE, State:OPEN]
2019-08-28 20:09:44,731 [main] INFO  ozone.MiniOzoneClusterImpl (MiniOzoneClusterImpl.java:lambda$waitForClusterToBeReady$0(142)) - Cluster is ready. Got 7 of 7 DN Heartbeats.
2019-08-28 20:09:44,765 [main] INFO  rpc.RpcClient (RpcClient.java:createVolume(293)) - Creating Volume: testblockoutputstream, with jenkins1000 as owner.
2019-08-28 20:09:44,768 | INFO  | OMAudit | user=jenkins1000 | ip=127.0.0.1 | op=CREATE_VOLUME {admin=jenkins1000, owner=jenkins1000, volume=testblockoutputstream, creationTime=1567022984767, quotaInBytes=1152921504606846976} | ret=SUCCESS |  
2019-08-28 20:09:44,776 | INFO  | OMAudit | user=jenkins1000 | ip=127.0.0.1 | op=READ_VOLUME {volume=testblockoutputstream} | ret=SUCCESS |  
2019-08-28 20:09:44,776 [main] INFO  rpc.RpcClient (RpcClient.java:createBucket(432)) - Creating Bucket: testblockoutputstream/testblockoutputstream, with Versioning false and Storage Type set to DISK and Encryption set to false 
2019-08-28 20:09:44,779 | INFO  | OMAudit | user=jenkins1000 | ip=127.0.0.1 | op=CREATE_BUCKET {volume=testblockoutputstream, bucket=testblockoutputstream, acls=[user:jenkins1000:a[ACCESS], group:default:a[ACCESS]], isVersionEnabled=false, storageType=DISK, creationTime=0} | ret=SUCCESS |  
2019-08-28 20:09:44,780 | INFO  | OMAudit | user=jenkins1000 | ip=127.0.0.1 | op=READ_VOLUME {volume=testblockoutputstream} | ret=SUCCESS |  
2019-08-28 20:09:44,782 | INFO  | OMAudit | user=jenkins1000 | ip=127.0.0.1 | op=READ_BUCKET {volume=testblockoutputstream, bucket=testblockoutputstream} | ret=SUCCESS |  
2019-08-28 20:09:44,785 | INFO  | SCMAudit | user=jenkins1000 | ip=127.0.0.1 | op=ALLOCATE_BLOCK {owner=67bc7305-fc4b-4381-8495-d989de9f2970, size=800, type=RATIS, factor=THREE} | ret=SUCCESS |  
2019-08-28 20:09:44,789 | INFO  | OMAudit | user=jenkins1000 | ip=127.0.0.1 | op=ALLOCATE_KEY {volume=testblockoutputstream, bucket=testblockoutputstream, key=a58cbcd7-ad0d-4bf7-b09e-0ea020a5dcf7, dataSize=0, replicationType=RATIS, replicationFactor=THREE, keyLocationInfo=null} | ret=SUCCESS |  
2019-08-28 20:09:44,797 [grpc-default-executor-8] INFO  client.GrpcClientProtocolClient (GrpcClientProtocolClient.java:onNext(255)) - client-E53158BC8632->54ce06a7-084b-40eb-9b4b-239a6e27ab83: receive RaftClientReply:client-E53158BC8632->54ce06a7-084b-40eb-9b4b-239a6e27ab83@group-6BBC5E7D3DBC, cid=249, FAILED org.apache.ratis.protocol.NotLeaderException: Server 54ce06a7-084b-40eb-9b4b-239a6e27ab83 is not the leader (null). Request must be sent to leader., logIndex=0, commits[54ce06a7-084b-40eb-9b4b-239a6e27ab83:c-1]
2019-08-28 20:09:45,350 | INFO  | SCMAudit | user=jenkins1000 | ip=192.168.36.107 | op=SEND_HEARTBEAT {datanodeUUID=32058749-0763-4169-a6f0-c48e966b88d9, command=[]} | ret=SUCCESS |  
2019-08-28 20:09:45,411 | INFO  | SCMAudit | user=jenkins1000 | ip=192.168.36.107 | op=SEND_HEARTBEAT {datanodeUUID=8fecb67b-5c4d-4732-8a79-20bb823bc0ec, command=[]} | ret=SUCCESS |  
2019-08-28 20:09:45,465 | INFO  | SCMAudit | user=jenkins1000 | ip=192.168.36.107 | op=SEND_HEARTBEAT {datanodeUUID=832d9bd2-6690-412c-a054-04d2b759cec3, command=[]} | ret=SUCCESS |  
2019-08-28 20:09:45,527 | INFO  | SCMAudit | user=jenkins1000 | ip=192.168.36.107 | op=SEND_HEARTBEAT {datanodeUUID=54ce06a7-084b-40eb-9b4b-239a6e27ab83, command=[]} | ret=SUCCESS |  
2019-08-28 20:09:45,581 | INFO  | SCMAudit | user=jenkins1000 | ip=192.168.36.107 | op=SEND_HEARTBEAT {datanodeUUID=99c2ffe6-7e64-4b0d-9e12-4b317a498883, command=[]} | ret=SUCCESS |  
2019-08-28 20:09:45,660 | INFO  | SCMAudit | user=jenkins1000 | ip=192.168.36.107 | op=SEND_HEARTBEAT {datanodeUUID=461018b7-39dd-4d28-b214-6e460473d27d, command=[]} | ret=SUCCESS |  
2019-08-28 20:09:45,732 | INFO  | SCMAudit | user=jenkins1000 | ip=192.168.36.107 | op=SEND_HEARTBEAT {datanodeUUID=0d2cbdf2-f3e9-4f0a-94d2-ebe777e5e266, command=[]} | ret=SUCCESS |  
2019-08-28 20:09:45,809 [grpc-default-executor-9] INFO  client.GrpcClientProtocolClient (GrpcClientProtocolClient.java:onNext(255)) - client-E53158BC8632->461018b7-39dd-4d28-b214-6e460473d27d: receive RaftClientReply:client-E53158BC8632->461018b7-39dd-4d28-b214-6e460473d27d@group-6BBC5E7D3DBC, cid=249, FAILED org.apache.ratis.protocol.NotLeaderException: Server 461018b7-39dd-4d28-b214-6e460473d27d is not the leader (null). Request must be sent to leader., logIndex=0, commits[461018b7-39dd-4d28-b214-6e460473d27d:c-1]
2019-08-28 20:09:46,351 | INFO  | SCMAudit | user=jenkins1000 | ip=192.168.36.107 | op=SEND_HEARTBEAT {datanodeUUID=32058749-0763-4169-a6f0-c48e966b88d9, command=[]} | ret=SUCCESS |  
2019-08-28 20:09:46,363 [Thread-4791] INFO  container.ReplicationManager (ReplicationManager.java:start(152)) - Starting Replication Monitor Thread.
2019-08-28 20:09:46,367 [ReplicationMonitor] INFO  container.ReplicationManager (ReplicationManager.java:run(215)) - Replication Monitor Thread took 1 milliseconds for processing 1 containers.
2019-08-28 20:09:46,411 | INFO  | SCMAudit | user=jenkins1000 | ip=192.168.36.107 | op=SEND_HEARTBEAT {datanodeUUID=8fecb67b-5c4d-4732-8a79-20bb823bc0ec, command=[]} | ret=SUCCESS |  
2019-08-28 20:09:46,465 | INFO  | SCMAudit | user=jenkins1000 | ip=192.168.36.107 | op=SEND_HEARTBEAT {datanodeUUID=832d9bd2-6690-412c-a054-04d2b759cec3, command=[]} | ret=SUCCESS |  
2019-08-28 20:09:46,527 | INFO  | SCMAudit | user=jenkins1000 | ip=192.168.36.107 | op=SEND_HEARTBEAT {datanodeUUID=54ce06a7-084b-40eb-9b4b-239a6e27ab83, command=[]} | ret=SUCCESS |  
2019-08-28 20:09:46,581 | INFO  | SCMAudit | user=jenkins1000 | ip=192.168.36.107 | op=SEND_HEARTBEAT {datanodeUUID=99c2ffe6-7e64-4b0d-9e12-4b317a498883, command=[]} | ret=SUCCESS |  
2019-08-28 20:09:46,660 | INFO  | SCMAudit | user=jenkins1000 | ip=192.168.36.107 | op=SEND_HEARTBEAT {datanodeUUID=461018b7-39dd-4d28-b214-6e460473d27d, command=[]} | ret=SUCCESS |  
2019-08-28 20:09:46,732 | INFO  | SCMAudit | user=jenkins1000 | ip=192.168.36.107 | op=SEND_HEARTBEAT {datanodeUUID=0d2cbdf2-f3e9-4f0a-94d2-ebe777e5e266, command=[]} | ret=SUCCESS |  
2019-08-28 20:09:46,821 [grpc-default-executor-9] INFO  client.GrpcClientProtocolClient (GrpcClientProtocolClient.java:onNext(255)) - client-E53158BC8632->54ce06a7-084b-40eb-9b4b-239a6e27ab83: receive RaftClientReply:client-E53158BC8632->54ce06a7-084b-40eb-9b4b-239a6e27ab83@group-6BBC5E7D3DBC, cid=249, FAILED org.apache.ratis.protocol.NotLeaderException: Server 54ce06a7-084b-40eb-9b4b-239a6e27ab83 is not the leader (null). Request must be sent to leader., logIndex=0, commits[54ce06a7-084b-40eb-9b4b-239a6e27ab83:c-1]
2019-08-28 20:09:47,351 | INFO  | SCMAudit | user=jenkins1000 | ip=192.168.36.107 | op=SEND_HEARTBEAT {datanodeUUID=32058749-0763-4169-a6f0-c48e966b88d9, command=[]} | ret=SUCCESS |  
2019-08-28 20:09:47,412 | INFO  | SCMAudit | user=jenkins1000 | ip=192.168.36.107 | op=SEND_HEARTBEAT {datanodeUUID=8fecb67b-5c4d-4732-8a79-20bb823bc0ec, command=[]} | ret=SUCCESS |  
2019-08-28 20:09:47,465 | INFO  | SCMAudit | user=jenkins1000 | ip=192.168.36.107 | op=SEND_HEARTBEAT {datanodeUUID=832d9bd2-6690-412c-a054-04d2b759cec3, command=[]} | ret=SUCCESS |  
2019-08-28 20:09:47,527 | INFO  | SCMAudit | user=jenkins1000 | ip=192.168.36.107 | op=SEND_HEARTBEAT {datanodeUUID=54ce06a7-084b-40eb-9b4b-239a6e27ab83, command=[]} | ret=SUCCESS |  
2019-08-28 20:09:47,582 | INFO  | SCMAudit | user=jenkins1000 | ip=192.168.36.107 | op=SEND_HEARTBEAT {datanodeUUID=99c2ffe6-7e64-4b0d-9e12-4b317a498883, command=[]} | ret=SUCCESS |  
2019-08-28 20:09:47,660 | INFO  | SCMAudit | user=jenkins1000 | ip=192.168.36.107 | op=SEND_HEARTBEAT {datanodeUUID=461018b7-39dd-4d28-b214-6e460473d27d, command=[]} | ret=SUCCESS |  
2019-08-28 20:09:47,732 | INFO  | SCMAudit | user=jenkins1000 | ip=192.168.36.107 | op=SEND_HEARTBEAT {datanodeUUID=0d2cbdf2-f3e9-4f0a-94d2-ebe777e5e266, command=[]} | ret=SUCCESS |  
2019-08-28 20:09:47,833 [grpc-default-executor-8] INFO  client.GrpcClientProtocolClient (GrpcClientProtocolClient.java:onNext(255)) - client-E53158BC8632->8fecb67b-5c4d-4732-8a79-20bb823bc0ec: receive RaftClientReply:client-E53158BC8632->8fecb67b-5c4d-4732-8a79-20bb823bc0ec@group-6BBC5E7D3DBC, cid=249, FAILED org.apache.ratis.protocol.NotLeaderException: Server 8fecb67b-5c4d-4732-8a79-20bb823bc0ec is not the leader (null). Request must be sent to leader., logIndex=0, commits[8fecb67b-5c4d-4732-8a79-20bb823bc0ec:c-1]
2019-08-28 20:09:48,352 | INFO  | SCMAudit | user=jenkins1000 | ip=192.168.36.107 | op=SEND_HEARTBEAT {datanodeUUID=32058749-0763-4169-a6f0-c48e966b88d9, command=[]} | ret=SUCCESS |  
2019-08-28 20:09:48,412 | INFO  | SCMAudit | user=jenkins1000 | ip=192.168.36.107 | op=SEND_HEARTBEAT {datanodeUUID=8fecb67b-5c4d-4732-8a79-20bb823bc0ec, command=[]} | ret=SUCCESS |  
2019-08-28 20:09:48,465 | INFO  | SCMAudit | user=jenkins1000 | ip=192.168.36.107 | op=SEND_HEARTBEAT {datanodeUUID=832d9bd2-6690-412c-a054-04d2b759cec3, command=[]} | ret=SUCCESS |  
2019-08-28 20:09:48,527 | INFO  | SCMAudit | user=jenkins1000 | ip=192.168.36.107 | op=SEND_HEARTBEAT {datanodeUUID=54ce06a7-084b-40eb-9b4b-239a6e27ab83, command=[]} | ret=SUCCESS |  
2019-08-28 20:09:48,582 | INFO  | SCMAudit | user=jenkins1000 | ip=192.168.36.107 | op=SEND_HEARTBEAT {datanodeUUID=99c2ffe6-7e64-4b0d-9e12-4b317a498883, command=[]} | ret=SUCCESS |  
2019-08-28 20:09:48,616 [Thread-4793] INFO  impl.FollowerState (FollowerState.java:run(106)) - 32058749-0763-4169-a6f0-c48e966b88d9:group-F208CCE8CFDD changes to CANDIDATE, lastRpcTime:5108, electionTimeout:5108ms
2019-08-28 20:09:48,616 [Thread-4793] INFO  impl.RoleInfo (RoleInfo.java:shutdownFollowerState(121)) - 32058749-0763-4169-a6f0-c48e966b88d9: shutdown FollowerState
2019-08-28 20:09:48,616 [Thread-4793] INFO  impl.RaftServerImpl (RaftServerImpl.java:setRole(171)) - 32058749-0763-4169-a6f0-c48e966b88d9:group-F208CCE8CFDD changes role from FOLLOWER to CANDIDATE at term 0 for changeToCandidate
2019-08-28 20:09:48,616 [Thread-4793] INFO  impl.RoleInfo (RoleInfo.java:updateAndGet(143)) - 32058749-0763-4169-a6f0-c48e966b88d9: start LeaderElection
2019-08-28 20:09:48,633 [Thread-4799] INFO  impl.FollowerState (FollowerState.java:run(106)) - 54ce06a7-084b-40eb-9b4b-239a6e27ab83:group-EB7289E44351 changes to CANDIDATE, lastRpcTime:5013, electionTimeout:5013ms
2019-08-28 20:09:48,633 [Thread-4799] INFO  impl.RoleInfo (RoleInfo.java:shutdownFollowerState(121)) - 54ce06a7-084b-40eb-9b4b-239a6e27ab83: shutdown FollowerState
2019-08-28 20:09:48,633 [Thread-4799] INFO  impl.RaftServerImpl (RaftServerImpl.java:setRole(171)) - 54ce06a7-084b-40eb-9b4b-239a6e27ab83:group-EB7289E44351 changes role from FOLLOWER to CANDIDATE at term 0 for changeToCandidate
2019-08-28 20:09:48,633 [Thread-4799] INFO  impl.RoleInfo (RoleInfo.java:updateAndGet(143)) - 54ce06a7-084b-40eb-9b4b-239a6e27ab83: start LeaderElection
2019-08-28 20:09:48,660 | INFO  | SCMAudit | user=jenkins1000 | ip=192.168.36.107 | op=SEND_HEARTBEAT {datanodeUUID=461018b7-39dd-4d28-b214-6e460473d27d, command=[]} | ret=SUCCESS |  
2019-08-28 20:09:48,712 [32058749-0763-4169-a6f0-c48e966b88d9:group-F208CCE8CFDD:LeaderElection119] INFO  impl.LeaderElection (LeaderElection.java:askForVotes(181)) - 32058749-0763-4169-a6f0-c48e966b88d9:group-F208CCE8CFDD:LeaderElection119: begin an election at term 1 for -1: [32058749-0763-4169-a6f0-c48e966b88d9:192.168.36.107:45971], old=null
2019-08-28 20:09:48,713 [32058749-0763-4169-a6f0-c48e966b88d9:group-F208CCE8CFDD:LeaderElection119] INFO  impl.RoleInfo (RoleInfo.java:shutdownLeaderElection(134)) - 32058749-0763-4169-a6f0-c48e966b88d9: shutdown LeaderElection
2019-08-28 20:09:48,713 [32058749-0763-4169-a6f0-c48e966b88d9:group-F208CCE8CFDD:LeaderElection119] INFO  impl.RaftServerImpl (RaftServerImpl.java:setRole(171)) - 32058749-0763-4169-a6f0-c48e966b88d9:group-F208CCE8CFDD changes role from CANDIDATE to LEADER at term 1 for changeToLeader
2019-08-28 20:09:48,713 [32058749-0763-4169-a6f0-c48e966b88d9:group-F208CCE8CFDD:LeaderElection119] INFO  impl.RaftServerImpl (ServerState.java:setLeader(263)) - 32058749-0763-4169-a6f0-c48e966b88d9:group-F208CCE8CFDD change Leader from null to 32058749-0763-4169-a6f0-c48e966b88d9 at term 1 for becomeLeader, leader elected after 5210ms
2019-08-28 20:09:48,713 [32058749-0763-4169-a6f0-c48e966b88d9:group-F208CCE8CFDD:LeaderElection119] INFO  server.RaftServerConfigKeys (ConfUtils.java:logGet(43)) - raft.server.staging.catchup.gap = 1000 (default)
2019-08-28 20:09:48,713 [32058749-0763-4169-a6f0-c48e966b88d9:group-F208CCE8CFDD:LeaderElection119] INFO  server.RaftServerConfigKeys (ConfUtils.java:logGet(43)) - raft.server.rpc.sleep.time = 25ms (default)
2019-08-28 20:09:48,713 [32058749-0763-4169-a6f0-c48e966b88d9:group-F208CCE8CFDD:LeaderElection119] INFO  server.RaftServerConfigKeys (ConfUtils.java:logGet(43)) - raft.server.write.element-limit = 4096 (default)
2019-08-28 20:09:48,713 [32058749-0763-4169-a6f0-c48e966b88d9:group-F208CCE8CFDD:LeaderElection119] INFO  server.RaftServerConfigKeys (ConfUtils.java:logGet(43)) - raft.server.watch.timeout = 10s (default)
2019-08-28 20:09:48,713 [32058749-0763-4169-a6f0-c48e966b88d9:group-F208CCE8CFDD:LeaderElection119] INFO  server.RaftServerConfigKeys (ConfUtils.java:logGet(43)) - raft.server.watch.timeout.denomination = 1s (default)
2019-08-28 20:09:48,713 [32058749-0763-4169-a6f0-c48e966b88d9:group-F208CCE8CFDD:LeaderElection119] INFO  server.RaftServerConfigKeys (ConfUtils.java:logGet(43)) - raft.server.watch.element-limit = 65536 (default)
2019-08-28 20:09:48,713 [32058749-0763-4169-a6f0-c48e966b88d9:group-F208CCE8CFDD:LeaderElection119] INFO  impl.RoleInfo (RoleInfo.java:updateAndGet(143)) - 32058749-0763-4169-a6f0-c48e966b88d9: start LeaderState
2019-08-28 20:09:48,714 [32058749-0763-4169-a6f0-c48e966b88d9:group-F208CCE8CFDD:LeaderElection119] INFO  segmented.SegmentedRaftLogWorker (SegmentedRaftLogWorker.java:startLogSegment(380)) - 32058749-0763-4169-a6f0-c48e966b88d9-SegmentedRaftLogWorker:Storage Directory /workdir/hadoop-ozone/integration-test/target/test-dir/MiniOzoneClusterImpl-72b920a7-1e55-4753-92eb-643903605a0d/datanode-0/data/ratis/8d6f8a28-1ee5-48fe-b0c2-f208cce8cfdd: Starting segment from index:0
2019-08-28 20:09:48,714 [32058749-0763-4169-a6f0-c48e966b88d9:group-F208CCE8CFDD:LeaderElection119] INFO  impl.RaftServerImpl (ServerState.java:setRaftConf(361)) - 32058749-0763-4169-a6f0-c48e966b88d9:group-F208CCE8CFDD set configuration 0: [32058749-0763-4169-a6f0-c48e966b88d9:192.168.36.107:45971], old=null at 0
2019-08-28 20:09:48,716 [Thread-4796] INFO  impl.FollowerState (FollowerState.java:run(106)) - 8fecb67b-5c4d-4732-8a79-20bb823bc0ec:group-CC247B29DAFE changes to CANDIDATE, lastRpcTime:5140, electionTimeout:5140ms
2019-08-28 20:09:48,717 [Thread-4796] INFO  impl.RoleInfo (RoleInfo.java:shutdownFollowerState(121)) - 8fecb67b-5c4d-4732-8a79-20bb823bc0ec: shutdown FollowerState
2019-08-28 20:09:48,717 [Thread-4796] INFO  impl.RaftServerImpl (RaftServerImpl.java:setRole(171)) - 8fecb67b-5c4d-4732-8a79-20bb823bc0ec:group-CC247B29DAFE changes role from FOLLOWER to CANDIDATE at term 0 for changeToCandidate
2019-08-28 20:09:48,717 [Thread-4796] INFO  impl.RoleInfo (RoleInfo.java:updateAndGet(143)) - 8fecb67b-5c4d-4732-8a79-20bb823bc0ec: start LeaderElection
2019-08-28 20:09:48,740 [Thread-4802] INFO  impl.FollowerState (FollowerState.java:run(106)) - 99c2ffe6-7e64-4b0d-9e12-4b317a498883:group-C40C459B67BA changes to CANDIDATE, lastRpcTime:5082, electionTimeout:5059ms
2019-08-28 20:09:48,743 [Thread-4802] INFO  impl.RoleInfo (RoleInfo.java:shutdownFollowerState(121)) - 99c2ffe6-7e64-4b0d-9e12-4b317a498883: shutdown FollowerState
2019-08-28 20:09:48,742 [54ce06a7-084b-40eb-9b4b-239a6e27ab83:group-EB7289E44351:LeaderElection120] INFO  impl.LeaderElection (LeaderElection.java:askForVotes(181)) - 54ce06a7-084b-40eb-9b4b-239a6e27ab83:group-EB7289E44351:LeaderElection120: begin an election at term 1 for -1: [54ce06a7-084b-40eb-9b4b-239a6e27ab83:192.168.36.107:45366], old=null
2019-08-28 20:09:48,743 [Thread-4802] INFO  impl.RaftServerImpl (RaftServerImpl.java:setRole(171)) - 99c2ffe6-7e64-4b0d-9e12-4b317a498883:group-C40C459B67BA changes role from FOLLOWER to CANDIDATE at term 0 for changeToCandidate
2019-08-28 20:09:48,743 [54ce06a7-084b-40eb-9b4b-239a6e27ab83:group-EB7289E44351:LeaderElection120] INFO  impl.RoleInfo (RoleInfo.java:shutdownLeaderElection(134)) - 54ce06a7-084b-40eb-9b4b-239a6e27ab83: shutdown LeaderElection
2019-08-28 20:09:48,744 [Thread-4802] INFO  impl.RoleInfo (RoleInfo.java:updateAndGet(143)) - 99c2ffe6-7e64-4b0d-9e12-4b317a498883: start LeaderElection
2019-08-28 20:09:48,744 | INFO  | SCMAudit | user=jenkins1000 | ip=192.168.36.107 | op=SEND_HEARTBEAT {datanodeUUID=0d2cbdf2-f3e9-4f0a-94d2-ebe777e5e266, command=[]} | ret=SUCCESS |  
2019-08-28 20:09:48,744 [54ce06a7-084b-40eb-9b4b-239a6e27ab83:group-EB7289E44351:LeaderElection120] INFO  impl.RaftServerImpl (RaftServerImpl.java:setRole(171)) - 54ce06a7-084b-40eb-9b4b-239a6e27ab83:group-EB7289E44351 changes role from CANDIDATE to LEADER at term 1 for changeToLeader
2019-08-28 20:09:48,744 [54ce06a7-084b-40eb-9b4b-239a6e27ab83:group-EB7289E44351:LeaderElection120] INFO  impl.RaftServerImpl (ServerState.java:setLeader(263)) - 54ce06a7-084b-40eb-9b4b-239a6e27ab83:group-EB7289E44351 change Leader from null to 54ce06a7-084b-40eb-9b4b-239a6e27ab83 at term 1 for becomeLeader, leader elected after 5128ms
2019-08-28 20:09:48,745 [54ce06a7-084b-40eb-9b4b-239a6e27ab83:group-EB7289E44351:LeaderElection120] INFO  server.RaftServerConfigKeys (ConfUtils.java:logGet(43)) - raft.server.staging.catchup.gap = 1000 (default)
2019-08-28 20:09:48,748 [54ce06a7-084b-40eb-9b4b-239a6e27ab83:group-EB7289E44351:LeaderElection120] INFO  server.RaftServerConfigKeys (ConfUtils.java:logGet(43)) - raft.server.rpc.sleep.time = 25ms (default)
2019-08-28 20:09:48,748 [54ce06a7-084b-40eb-9b4b-239a6e27ab83:group-EB7289E44351:LeaderElection120] INFO  server.RaftServerConfigKeys (ConfUtils.java:logGet(43)) - raft.server.write.element-limit = 4096 (default)
2019-08-28 20:09:48,748 [54ce06a7-084b-40eb-9b4b-239a6e27ab83:group-EB7289E44351:LeaderElection120] INFO  server.RaftServerConfigKeys (ConfUtils.java:logGet(43)) - raft.server.watch.timeout = 10s (default)
2019-08-28 20:09:48,748 [54ce06a7-084b-40eb-9b4b-239a6e27ab83:group-EB7289E44351:LeaderElection120] INFO  server.RaftServerConfigKeys (ConfUtils.java:logGet(43)) - raft.server.watch.timeout.denomination = 1s (default)
2019-08-28 20:09:48,748 [54ce06a7-084b-40eb-9b4b-239a6e27ab83:group-EB7289E44351:LeaderElection120] INFO  server.RaftServerConfigKeys (ConfUtils.java:logGet(43)) - raft.server.watch.element-limit = 65536 (default)
2019-08-28 20:09:48,749 [54ce06a7-084b-40eb-9b4b-239a6e27ab83:group-EB7289E44351:LeaderElection120] INFO  impl.RoleInfo (RoleInfo.java:updateAndGet(143)) - 54ce06a7-084b-40eb-9b4b-239a6e27ab83: start LeaderState
2019-08-28 20:09:48,749 [54ce06a7-084b-40eb-9b4b-239a6e27ab83:group-EB7289E44351:LeaderElection120] INFO  segmented.SegmentedRaftLogWorker (SegmentedRaftLogWorker.java:startLogSegment(380)) - 54ce06a7-084b-40eb-9b4b-239a6e27ab83-SegmentedRaftLogWorker:Storage Directory /workdir/hadoop-ozone/integration-test/target/test-dir/MiniOzoneClusterImpl-72b920a7-1e55-4753-92eb-643903605a0d/datanode-3/data/ratis/065cad13-71ba-447c-8eb2-eb7289e44351: Starting segment from index:0
2019-08-28 20:09:48,749 [54ce06a7-084b-40eb-9b4b-239a6e27ab83:group-EB7289E44351:LeaderElection120] INFO  impl.RaftServerImpl (ServerState.java:setRaftConf(361)) - 54ce06a7-084b-40eb-9b4b-239a6e27ab83:group-EB7289E44351 set configuration 0: [54ce06a7-084b-40eb-9b4b-239a6e27ab83:192.168.36.107:45366], old=null at 0
2019-08-28 20:09:48,786 [Thread-4808] INFO  impl.FollowerState (FollowerState.java:run(106)) - 461018b7-39dd-4d28-b214-6e460473d27d:group-2F9D9A808874 changes to CANDIDATE, lastRpcTime:5042, electionTimeout:5042ms
2019-08-28 20:09:48,786 [Thread-4808] INFO  impl.RoleInfo (RoleInfo.java:shutdownFollowerState(121)) - 461018b7-39dd-4d28-b214-6e460473d27d: shutdown FollowerState
2019-08-28 20:09:48,786 [Thread-4808] INFO  impl.RaftServerImpl (RaftServerImpl.java:setRole(171)) - 461018b7-39dd-4d28-b214-6e460473d27d:group-2F9D9A808874 changes role from FOLLOWER to CANDIDATE at term 0 for changeToCandidate
2019-08-28 20:09:48,786 [Thread-4808] INFO  impl.RoleInfo (RoleInfo.java:updateAndGet(143)) - 461018b7-39dd-4d28-b214-6e460473d27d: start LeaderElection
2019-08-28 20:09:48,805 [32058749-0763-4169-a6f0-c48e966b88d9-SegmentedRaftLogWorker:Storage Directory /workdir/hadoop-ozone/integration-test/target/test-dir/MiniOzoneClusterImpl-72b920a7-1e55-4753-92eb-643903605a0d/datanode-0/data/ratis/8d6f8a28-1ee5-48fe-b0c2-f208cce8cfdd] INFO  segmented.SegmentedRaftLogWorker (SegmentedRaftLogWorker.java:execute(569)) - 32058749-0763-4169-a6f0-c48e966b88d9-SegmentedRaftLogWorker:Storage Directory /workdir/hadoop-ozone/integration-test/target/test-dir/MiniOzoneClusterImpl-72b920a7-1e55-4753-92eb-643903605a0d/datanode-0/data/ratis/8d6f8a28-1ee5-48fe-b0c2-f208cce8cfdd: created new log segment /workdir/hadoop-ozone/integration-test/target/test-dir/MiniOzoneClusterImpl-72b920a7-1e55-4753-92eb-643903605a0d/datanode-0/data/ratis/8d6f8a28-1ee5-48fe-b0c2-f208cce8cfdd/current/log_inprogress_0
2019-08-28 20:09:48,805 [8fecb67b-5c4d-4732-8a79-20bb823bc0ec:group-CC247B29DAFE:LeaderElection121] INFO  impl.LeaderElection (LeaderElection.java:askForVotes(181)) - 8fecb67b-5c4d-4732-8a79-20bb823bc0ec:group-CC247B29DAFE:LeaderElection121: begin an election at term 1 for -1: [8fecb67b-5c4d-4732-8a79-20bb823bc0ec:192.168.36.107:33628], old=null
2019-08-28 20:09:48,807 [8fecb67b-5c4d-4732-8a79-20bb823bc0ec:group-CC247B29DAFE:LeaderElection121] INFO  impl.RoleInfo (RoleInfo.java:shutdownLeaderElection(134)) - 8fecb67b-5c4d-4732-8a79-20bb823bc0ec: shutdown LeaderElection
2019-08-28 20:09:48,808 [8fecb67b-5c4d-4732-8a79-20bb823bc0ec:group-CC247B29DAFE:LeaderElection121] INFO  impl.RaftServerImpl (RaftServerImpl.java:setRole(171)) - 8fecb67b-5c4d-4732-8a79-20bb823bc0ec:group-CC247B29DAFE changes role from CANDIDATE to LEADER at term 1 for changeToLeader
2019-08-28 20:09:48,808 [8fecb67b-5c4d-4732-8a79-20bb823bc0ec:group-CC247B29DAFE:LeaderElection121] INFO  impl.RaftServerImpl (ServerState.java:setLeader(263)) - 8fecb67b-5c4d-4732-8a79-20bb823bc0ec:group-CC247B29DAFE change Leader from null to 8fecb67b-5c4d-4732-8a79-20bb823bc0ec at term 1 for becomeLeader, leader elected after 5236ms
2019-08-28 20:09:48,808 [8fecb67b-5c4d-4732-8a79-20bb823bc0ec:group-CC247B29DAFE:LeaderElection121] INFO  server.RaftServerConfigKeys (ConfUtils.java:logGet(43)) - raft.server.staging.catchup.gap = 1000 (default)
2019-08-28 20:09:48,808 [8fecb67b-5c4d-4732-8a79-20bb823bc0ec:group-CC247B29DAFE:LeaderElection121] INFO  server.RaftServerConfigKeys (ConfUtils.java:logGet(43)) - raft.server.rpc.sleep.time = 25ms (default)
2019-08-28 20:09:48,809 [8fecb67b-5c4d-4732-8a79-20bb823bc0ec:group-CC247B29DAFE:LeaderElection121] INFO  server.RaftServerConfigKeys (ConfUtils.java:logGet(43)) - raft.server.write.element-limit = 4096 (default)
2019-08-28 20:09:48,809 [8fecb67b-5c4d-4732-8a79-20bb823bc0ec:group-CC247B29DAFE:LeaderElection121] INFO  server.RaftServerConfigKeys (ConfUtils.java:logGet(43)) - raft.server.watch.timeout = 10s (default)
2019-08-28 20:09:48,809 [8fecb67b-5c4d-4732-8a79-20bb823bc0ec:group-CC247B29DAFE:LeaderElection121] INFO  server.RaftServerConfigKeys (ConfUtils.java:logGet(43)) - raft.server.watch.timeout.denomination = 1s (default)
2019-08-28 20:09:48,809 [8fecb67b-5c4d-4732-8a79-20bb823bc0ec:group-CC247B29DAFE:LeaderElection121] INFO  server.RaftServerConfigKeys (ConfUtils.java:logGet(43)) - raft.server.watch.element-limit = 65536 (default)
2019-08-28 20:09:48,809 [8fecb67b-5c4d-4732-8a79-20bb823bc0ec:group-CC247B29DAFE:LeaderElection121] INFO  impl.RoleInfo (RoleInfo.java:updateAndGet(143)) - 8fecb67b-5c4d-4732-8a79-20bb823bc0ec: start LeaderState
2019-08-28 20:09:48,809 [8fecb67b-5c4d-4732-8a79-20bb823bc0ec:group-CC247B29DAFE:LeaderElection121] INFO  segmented.SegmentedRaftLogWorker (SegmentedRaftLogWorker.java:startLogSegment(380)) - 8fecb67b-5c4d-4732-8a79-20bb823bc0ec-SegmentedRaftLogWorker:Storage Directory /workdir/hadoop-ozone/integration-test/target/test-dir/MiniOzoneClusterImpl-72b920a7-1e55-4753-92eb-643903605a0d/datanode-1/data/ratis/381c9616-af9d-4f80-a1cf-cc247b29dafe: Starting segment from index:0
2019-08-28 20:09:48,810 [8fecb67b-5c4d-4732-8a79-20bb823bc0ec:group-CC247B29DAFE:LeaderElection121] INFO  impl.RaftServerImpl (ServerState.java:setRaftConf(361)) - 8fecb67b-5c4d-4732-8a79-20bb823bc0ec:group-CC247B29DAFE set configuration 0: [8fecb67b-5c4d-4732-8a79-20bb823bc0ec:192.168.36.107:33628], old=null at 0
2019-08-28 20:09:48,823 [Thread-4811] INFO  impl.FollowerState (FollowerState.java:run(106)) - 0d2cbdf2-f3e9-4f0a-94d2-ebe777e5e266:group-C5CCCFD1C726 changes to CANDIDATE, lastRpcTime:5051, electionTimeout:5051ms
2019-08-28 20:09:48,823 [Thread-4811] INFO  impl.RoleInfo (RoleInfo.java:shutdownFollowerState(121)) - 0d2cbdf2-f3e9-4f0a-94d2-ebe777e5e266: shutdown FollowerState
2019-08-28 20:09:48,823 [Thread-4811] INFO  impl.RaftServerImpl (RaftServerImpl.java:setRole(171)) - 0d2cbdf2-f3e9-4f0a-94d2-ebe777e5e266:group-C5CCCFD1C726 changes role from FOLLOWER to CANDIDATE at term 0 for changeToCandidate
2019-08-28 20:09:48,823 [Thread-4811] INFO  impl.RoleInfo (RoleInfo.java:updateAndGet(143)) - 0d2cbdf2-f3e9-4f0a-94d2-ebe777e5e266: start LeaderElection
2019-08-28 20:09:48,845 [grpc-default-executor-8] INFO  client.GrpcClientProtocolClient (GrpcClientProtocolClient.java:onNext(255)) - client-E53158BC8632->54ce06a7-084b-40eb-9b4b-239a6e27ab83: receive RaftClientReply:client-E53158BC8632->54ce06a7-084b-40eb-9b4b-239a6e27ab83@group-6BBC5E7D3DBC, cid=249, FAILED org.apache.ratis.protocol.NotLeaderException: Server 54ce06a7-084b-40eb-9b4b-239a6e27ab83 is not the leader (null). Request must be sent to leader., logIndex=0, commits[54ce06a7-084b-40eb-9b4b-239a6e27ab83:c-1]
2019-08-28 20:09:48,863 [Thread-4805] INFO  impl.FollowerState (FollowerState.java:run(106)) - 832d9bd2-6690-412c-a054-04d2b759cec3:group-5575C2DF0BD8 changes to CANDIDATE, lastRpcTime:5165, electionTimeout:5165ms
2019-08-28 20:09:48,863 [Thread-4805] INFO  impl.RoleInfo (RoleInfo.java:shutdownFollowerState(121)) - 832d9bd2-6690-412c-a054-04d2b759cec3: shutdown FollowerState
2019-08-28 20:09:48,863 [Thread-4805] INFO  impl.RaftServerImpl (RaftServerImpl.java:setRole(171)) - 832d9bd2-6690-412c-a054-04d2b759cec3:group-5575C2DF0BD8 changes role from FOLLOWER to CANDIDATE at term 0 for changeToCandidate
2019-08-28 20:09:48,863 [Thread-4805] INFO  impl.RoleInfo (RoleInfo.java:updateAndGet(143)) - 832d9bd2-6690-412c-a054-04d2b759cec3: start LeaderElection
2019-08-28 20:09:48,881 [54ce06a7-084b-40eb-9b4b-239a6e27ab83-SegmentedRaftLogWorker:Storage Directory /workdir/hadoop-ozone/integration-test/target/test-dir/MiniOzoneClusterImpl-72b920a7-1e55-4753-92eb-643903605a0d/datanode-3/data/ratis/065cad13-71ba-447c-8eb2-eb7289e44351] INFO  segmented.SegmentedRaftLogWorker (SegmentedRaftLogWorker.java:execute(569)) - 54ce06a7-084b-40eb-9b4b-239a6e27ab83-SegmentedRaftLogWorker:Storage Directory /workdir/hadoop-ozone/integration-test/target/test-dir/MiniOzoneClusterImpl-72b920a7-1e55-4753-92eb-643903605a0d/datanode-3/data/ratis/065cad13-71ba-447c-8eb2-eb7289e44351: created new log segment /workdir/hadoop-ozone/integration-test/target/test-dir/MiniOzoneClusterImpl-72b920a7-1e55-4753-92eb-643903605a0d/datanode-3/data/ratis/065cad13-71ba-447c-8eb2-eb7289e44351/current/log_inprogress_0
2019-08-28 20:09:48,889 [461018b7-39dd-4d28-b214-6e460473d27d:group-2F9D9A808874:LeaderElection123] INFO  impl.LeaderElection (LeaderElection.java:askForVotes(181)) - 461018b7-39dd-4d28-b214-6e460473d27d:group-2F9D9A808874:LeaderElection123: begin an election at term 1 for -1: [461018b7-39dd-4d28-b214-6e460473d27d:192.168.36.107:36069], old=null
2019-08-28 20:09:48,889 [99c2ffe6-7e64-4b0d-9e12-4b317a498883:group-C40C459B67BA:LeaderElection122] INFO  impl.LeaderElection (LeaderElection.java:askForVotes(181)) - 99c2ffe6-7e64-4b0d-9e12-4b317a498883:group-C40C459B67BA:LeaderElection122: begin an election at term 1 for -1: [99c2ffe6-7e64-4b0d-9e12-4b317a498883:192.168.36.107:36103], old=null
2019-08-28 20:09:48,889 [461018b7-39dd-4d28-b214-6e460473d27d:group-2F9D9A808874:LeaderElection123] INFO  impl.RoleInfo (RoleInfo.java:shutdownLeaderElection(134)) - 461018b7-39dd-4d28-b214-6e460473d27d: shutdown LeaderElection
2019-08-28 20:09:48,889 [99c2ffe6-7e64-4b0d-9e12-4b317a498883:group-C40C459B67BA:LeaderElection122] INFO  impl.RoleInfo (RoleInfo.java:shutdownLeaderElection(134)) - 99c2ffe6-7e64-4b0d-9e12-4b317a498883: shutdown LeaderElection
2019-08-28 20:09:48,889 [461018b7-39dd-4d28-b214-6e460473d27d:group-2F9D9A808874:LeaderElection123] INFO  impl.RaftServerImpl (RaftServerImpl.java:setRole(171)) - 461018b7-39dd-4d28-b214-6e460473d27d:group-2F9D9A808874 changes role from CANDIDATE to LEADER at term 1 for changeToLeader
2019-08-28 20:09:48,889 [99c2ffe6-7e64-4b0d-9e12-4b317a498883:group-C40C459B67BA:LeaderElection122] INFO  impl.RaftServerImpl (RaftServerImpl.java:setRole(171)) - 99c2ffe6-7e64-4b0d-9e12-4b317a498883:group-C40C459B67BA changes role from CANDIDATE to LEADER at term 1 for changeToLeader
2019-08-28 20:09:48,890 [461018b7-39dd-4d28-b214-6e460473d27d:group-2F9D9A808874:LeaderElection123] INFO  impl.RaftServerImpl (ServerState.java:setLeader(263)) - 461018b7-39dd-4d28-b214-6e460473d27d:group-2F9D9A808874 change Leader from null to 461018b7-39dd-4d28-b214-6e460473d27d at term 1 for becomeLeader, leader elected after 5149ms
2019-08-28 20:09:48,890 [99c2ffe6-7e64-4b0d-9e12-4b317a498883:group-C40C459B67BA:LeaderElection122] INFO  impl.RaftServerImpl (ServerState.java:setLeader(263)) - 99c2ffe6-7e64-4b0d-9e12-4b317a498883:group-C40C459B67BA change Leader from null to 99c2ffe6-7e64-4b0d-9e12-4b317a498883 at term 1 for becomeLeader, leader elected after 5234ms
2019-08-28 20:09:48,890 [461018b7-39dd-4d28-b214-6e460473d27d:group-2F9D9A808874:LeaderElection123] INFO  server.RaftServerConfigKeys (ConfUtils.java:logGet(43)) - raft.server.staging.catchup.gap = 1000 (default)
2019-08-28 20:09:48,890 [99c2ffe6-7e64-4b0d-9e12-4b317a498883:group-C40C459B67BA:LeaderElection122] INFO  server.RaftServerConfigKeys (ConfUtils.java:logGet(43)) - raft.server.staging.catchup.gap = 1000 (default)
2019-08-28 20:09:48,890 [461018b7-39dd-4d28-b214-6e460473d27d:group-2F9D9A808874:LeaderElection123] INFO  server.RaftServerConfigKeys (ConfUtils.java:logGet(43)) - raft.server.rpc.sleep.time = 25ms (default)
2019-08-28 20:09:48,890 [99c2ffe6-7e64-4b0d-9e12-4b317a498883:group-C40C459B67BA:LeaderElection122] INFO  server.RaftServerConfigKeys (ConfUtils.java:logGet(43)) - raft.server.rpc.sleep.time = 25ms (default)
2019-08-28 20:09:48,890 [461018b7-39dd-4d28-b214-6e460473d27d:group-2F9D9A808874:LeaderElection123] INFO  server.RaftServerConfigKeys (ConfUtils.java:logGet(43)) - raft.server.write.element-limit = 4096 (default)
2019-08-28 20:09:48,890 [99c2ffe6-7e64-4b0d-9e12-4b317a498883:group-C40C459B67BA:LeaderElection122] INFO  server.RaftServerConfigKeys (ConfUtils.java:logGet(43)) - raft.server.write.element-limit = 4096 (default)
2019-08-28 20:09:48,890 [461018b7-39dd-4d28-b214-6e460473d27d:group-2F9D9A808874:LeaderElection123] INFO  server.RaftServerConfigKeys (ConfUtils.java:logGet(43)) - raft.server.watch.timeout = 10s (default)
2019-08-28 20:09:48,890 [99c2ffe6-7e64-4b0d-9e12-4b317a498883:group-C40C459B67BA:LeaderElection122] INFO  server.RaftServerConfigKeys (ConfUtils.java:logGet(43)) - raft.server.watch.timeout = 10s (default)
2019-08-28 20:09:48,890 [461018b7-39dd-4d28-b214-6e460473d27d:group-2F9D9A808874:LeaderElection123] INFO  server.RaftServerConfigKeys (ConfUtils.java:logGet(43)) - raft.server.watch.timeout.denomination = 1s (default)
2019-08-28 20:09:48,890 [99c2ffe6-7e64-4b0d-9e12-4b317a498883:group-C40C459B67BA:LeaderElection122] INFO  server.RaftServerConfigKeys (ConfUtils.java:logGet(43)) - raft.server.watch.timeout.denomination = 1s (default)
2019-08-28 20:09:48,891 [461018b7-39dd-4d28-b214-6e460473d27d:group-2F9D9A808874:LeaderElection123] INFO  server.RaftServerConfigKeys (ConfUtils.java:logGet(43)) - raft.server.watch.element-limit = 65536 (default)
2019-08-28 20:09:48,891 [99c2ffe6-7e64-4b0d-9e12-4b317a498883:group-C40C459B67BA:LeaderElection122] INFO  server.RaftServerConfigKeys (ConfUtils.java:logGet(43)) - raft.server.watch.element-limit = 65536 (default)
2019-08-28 20:09:48,891 [461018b7-39dd-4d28-b214-6e460473d27d:group-2F9D9A808874:LeaderElection123] INFO  impl.RoleInfo (RoleInfo.java:updateAndGet(143)) - 461018b7-39dd-4d28-b214-6e460473d27d: start LeaderState
2019-08-28 20:09:48,891 [99c2ffe6-7e64-4b0d-9e12-4b317a498883:group-C40C459B67BA:LeaderElection122] INFO  impl.RoleInfo (RoleInfo.java:updateAndGet(143)) - 99c2ffe6-7e64-4b0d-9e12-4b317a498883: start LeaderState
2019-08-28 20:09:48,891 [461018b7-39dd-4d28-b214-6e460473d27d:group-2F9D9A808874:LeaderElection123] INFO  segmented.SegmentedRaftLogWorker (SegmentedRaftLogWorker.java:startLogSegment(380)) - 461018b7-39dd-4d28-b214-6e460473d27d-SegmentedRaftLogWorker:Storage Directory /workdir/hadoop-ozone/integration-test/target/test-dir/MiniOzoneClusterImpl-72b920a7-1e55-4753-92eb-643903605a0d/datanode-5/data/ratis/0538250d-cdcd-4fdc-b84e-2f9d9a808874: Starting segment from index:0
2019-08-28 20:09:48,891 [99c2ffe6-7e64-4b0d-9e12-4b317a498883:group-C40C459B67BA:LeaderElection122] INFO  segmented.SegmentedRaftLogWorker (SegmentedRaftLogWorker.java:startLogSegment(380)) - 99c2ffe6-7e64-4b0d-9e12-4b317a498883-SegmentedRaftLogWorker:Storage Directory /workdir/hadoop-ozone/integration-test/target/test-dir/MiniOzoneClusterImpl-72b920a7-1e55-4753-92eb-643903605a0d/datanode-4/data/ratis/803cbbad-2a38-496b-9974-c40c459b67ba: Starting segment from index:0
2019-08-28 20:09:48,891 [461018b7-39dd-4d28-b214-6e460473d27d:group-2F9D9A808874:LeaderElection123] INFO  impl.RaftServerImpl (ServerState.java:setRaftConf(361)) - 461018b7-39dd-4d28-b214-6e460473d27d:group-2F9D9A808874 set configuration 0: [461018b7-39dd-4d28-b214-6e460473d27d:192.168.36.107:36069], old=null at 0
2019-08-28 20:09:48,892 [99c2ffe6-7e64-4b0d-9e12-4b317a498883:group-C40C459B67BA:LeaderElection122] INFO  impl.RaftServerImpl (ServerState.java:setRaftConf(361)) - 99c2ffe6-7e64-4b0d-9e12-4b317a498883:group-C40C459B67BA set configuration 0: [99c2ffe6-7e64-4b0d-9e12-4b317a498883:192.168.36.107:36103], old=null at 0
2019-08-28 20:09:48,901 [8fecb67b-5c4d-4732-8a79-20bb823bc0ec-SegmentedRaftLogWorker:Storage Directory /workdir/hadoop-ozone/integration-test/target/test-dir/MiniOzoneClusterImpl-72b920a7-1e55-4753-92eb-643903605a0d/datanode-1/data/ratis/381c9616-af9d-4f80-a1cf-cc247b29dafe] INFO  segmented.SegmentedRaftLogWorker (SegmentedRaftLogWorker.java:execute(569)) - 8fecb67b-5c4d-4732-8a79-20bb823bc0ec-SegmentedRaftLogWorker:Storage Directory /workdir/hadoop-ozone/integration-test/target/test-dir/MiniOzoneClusterImpl-72b920a7-1e55-4753-92eb-643903605a0d/datanode-1/data/ratis/381c9616-af9d-4f80-a1cf-cc247b29dafe: created new log segment /workdir/hadoop-ozone/integration-test/target/test-dir/MiniOzoneClusterImpl-72b920a7-1e55-4753-92eb-643903605a0d/datanode-1/data/ratis/381c9616-af9d-4f80-a1cf-cc247b29dafe/current/log_inprogress_0
2019-08-28 20:09:48,901 [0d2cbdf2-f3e9-4f0a-94d2-ebe777e5e266:group-C5CCCFD1C726:LeaderElection124] INFO  impl.LeaderElection (LeaderElection.java:askForVotes(181)) - 0d2cbdf2-f3e9-4f0a-94d2-ebe777e5e266:group-C5CCCFD1C726:LeaderElection124: begin an election at term 1 for -1: [0d2cbdf2-f3e9-4f0a-94d2-ebe777e5e266:192.168.36.107:39333], old=null
2019-08-28 20:09:48,901 [0d2cbdf2-f3e9-4f0a-94d2-ebe777e5e266:group-C5CCCFD1C726:LeaderElection124] INFO  impl.RoleInfo (RoleInfo.java:shutdownLeaderElection(134)) - 0d2cbdf2-f3e9-4f0a-94d2-ebe777e5e266: shutdown LeaderElection
2019-08-28 20:09:48,901 [0d2cbdf2-f3e9-4f0a-94d2-ebe777e5e266:group-C5CCCFD1C726:LeaderElection124] INFO  impl.RaftServerImpl (RaftServerImpl.java:setRole(171)) - 0d2cbdf2-f3e9-4f0a-94d2-ebe777e5e266:group-C5CCCFD1C726 changes role from CANDIDATE to LEADER at term 1 for changeToLeader
2019-08-28 20:09:48,902 [0d2cbdf2-f3e9-4f0a-94d2-ebe777e5e266:group-C5CCCFD1C726:LeaderElection124] INFO  impl.RaftServerImpl (ServerState.java:setLeader(263)) - 0d2cbdf2-f3e9-4f0a-94d2-ebe777e5e266:group-C5CCCFD1C726 change Leader from null to 0d2cbdf2-f3e9-4f0a-94d2-ebe777e5e266 at term 1 for becomeLeader, leader elected after 5132ms
2019-08-28 20:09:48,902 [0d2cbdf2-f3e9-4f0a-94d2-ebe777e5e266:group-C5CCCFD1C726:LeaderElection124] INFO  server.RaftServerConfigKeys (ConfUtils.java:logGet(43)) - raft.server.staging.catchup.gap = 1000 (default)
2019-08-28 20:09:48,902 [0d2cbdf2-f3e9-4f0a-94d2-ebe777e5e266:group-C5CCCFD1C726:LeaderElection124] INFO  server.RaftServerConfigKeys (ConfUtils.java:logGet(43)) - raft.server.rpc.sleep.time = 25ms (default)
2019-08-28 20:09:48,902 [0d2cbdf2-f3e9-4f0a-94d2-ebe777e5e266:group-C5CCCFD1C726:LeaderElection124] INFO  server.RaftServerConfigKeys (ConfUtils.java:logGet(43)) - raft.server.write.element-limit = 4096 (default)
2019-08-28 20:09:48,902 [0d2cbdf2-f3e9-4f0a-94d2-ebe777e5e266:group-C5CCCFD1C726:LeaderElection124] INFO  server.RaftServerConfigKeys (ConfUtils.java:logGet(43)) - raft.server.watch.timeout = 10s (default)
2019-08-28 20:09:48,902 [0d2cbdf2-f3e9-4f0a-94d2-ebe777e5e266:group-C5CCCFD1C726:LeaderElection124] INFO  server.RaftServerConfigKeys (ConfUtils.java:logGet(43)) - raft.server.watch.timeout.denomination = 1s (default)
2019-08-28 20:09:48,903 [0d2cbdf2-f3e9-4f0a-94d2-ebe777e5e266:group-C5CCCFD1C726:LeaderElection124] INFO  server.RaftServerConfigKeys (ConfUtils.java:logGet(43)) - raft.server.watch.element-limit = 65536 (default)
2019-08-28 20:09:48,903 [0d2cbdf2-f3e9-4f0a-94d2-ebe777e5e266:group-C5CCCFD1C726:LeaderElection124] INFO  impl.RoleInfo (RoleInfo.java:updateAndGet(143)) - 0d2cbdf2-f3e9-4f0a-94d2-ebe777e5e266: start LeaderState
2019-08-28 20:09:48,903 [0d2cbdf2-f3e9-4f0a-94d2-ebe777e5e266:group-C5CCCFD1C726:LeaderElection124] INFO  segmented.SegmentedRaftLogWorker (SegmentedRaftLogWorker.java:startLogSegment(380)) - 0d2cbdf2-f3e9-4f0a-94d2-ebe777e5e266-SegmentedRaftLogWorker:Storage Directory /workdir/hadoop-ozone/integration-test/target/test-dir/MiniOzoneClusterImpl-72b920a7-1e55-4753-92eb-643903605a0d/datanode-6/data/ratis/f1fd9c19-e967-4339-84b3-c5cccfd1c726: Starting segment from index:0
2019-08-28 20:09:48,903 [0d2cbdf2-f3e9-4f0a-94d2-ebe777e5e266:group-C5CCCFD1C726:LeaderElection124] INFO  impl.RaftServerImpl (ServerState.java:setRaftConf(361)) - 0d2cbdf2-f3e9-4f0a-94d2-ebe777e5e266:group-C5CCCFD1C726 set configuration 0: [0d2cbdf2-f3e9-4f0a-94d2-ebe777e5e266:192.168.36.107:39333], old=null at 0
2019-08-28 20:09:48,986 [Thread-4819] INFO  impl.FollowerState (FollowerState.java:run(106)) - 99c2ffe6-7e64-4b0d-9e12-4b317a498883:group-598B0C585C63 changes to CANDIDATE, lastRpcTime:5010, electionTimeout:5010ms
2019-08-28 20:09:48,986 [Thread-4819] INFO  impl.RoleInfo (RoleInfo.java:shutdownFollowerState(121)) - 99c2ffe6-7e64-4b0d-9e12-4b317a498883: shutdown FollowerState
2019-08-28 20:09:48,987 [Thread-4819] INFO  impl.RaftServerImpl (RaftServerImpl.java:setRole(171)) - 99c2ffe6-7e64-4b0d-9e12-4b317a498883:group-598B0C585C63 changes role from FOLLOWER to CANDIDATE at term 0 for changeToCandidate
2019-08-28 20:09:48,987 [Thread-4819] INFO  impl.RoleInfo (RoleInfo.java:updateAndGet(143)) - 99c2ffe6-7e64-4b0d-9e12-4b317a498883: start LeaderElection
2019-08-28 20:09:49,005 [Thread-4814] INFO  impl.FollowerState (FollowerState.java:run(106)) - 32058749-0763-4169-a6f0-c48e966b88d9:group-598B0C585C63 changes to CANDIDATE, lastRpcTime:5033, electionTimeout:5033ms
2019-08-28 20:09:49,005 [Thread-4814] INFO  impl.RoleInfo (RoleInfo.java:shutdownFollowerState(121)) - 32058749-0763-4169-a6f0-c48e966b88d9: shutdown FollowerState
2019-08-28 20:09:49,005 [Thread-4814] INFO  impl.RaftServerImpl (RaftServerImpl.java:setRole(171)) - 32058749-0763-4169-a6f0-c48e966b88d9:group-598B0C585C63 changes role from FOLLOWER to CANDIDATE at term 0 for changeToCandidate
2019-08-28 20:09:49,005 [Thread-4814] INFO  impl.RoleInfo (RoleInfo.java:updateAndGet(143)) - 32058749-0763-4169-a6f0-c48e966b88d9: start LeaderElection
2019-08-28 20:09:49,067 [Thread-4827] INFO  impl.FollowerState (FollowerState.java:run(106)) - 54ce06a7-084b-40eb-9b4b-239a6e27ab83:group-6BBC5E7D3DBC changes to CANDIDATE, lastRpcTime:5010, electionTimeout:5010ms
2019-08-28 20:09:49,068 [Thread-4827] INFO  impl.RoleInfo (RoleInfo.java:shutdownFollowerState(121)) - 54ce06a7-084b-40eb-9b4b-239a6e27ab83: shutdown FollowerState
2019-08-28 20:09:49,068 [Thread-4827] INFO  impl.RaftServerImpl (RaftServerImpl.java:setRole(171)) - 54ce06a7-084b-40eb-9b4b-239a6e27ab83:group-6BBC5E7D3DBC changes role from FOLLOWER to CANDIDATE at term 0 for changeToCandidate
2019-08-28 20:09:49,068 [Thread-4827] INFO  impl.RoleInfo (RoleInfo.java:updateAndGet(143)) - 54ce06a7-084b-40eb-9b4b-239a6e27ab83: start LeaderElection
2019-08-28 20:09:49,073 [Thread-4818] INFO  impl.FollowerState (FollowerState.java:run(106)) - 0d2cbdf2-f3e9-4f0a-94d2-ebe777e5e266:group-598B0C585C63 changes to CANDIDATE, lastRpcTime:5097, electionTimeout:5097ms
2019-08-28 20:09:49,073 [Thread-4818] INFO  impl.RoleInfo (RoleInfo.java:shutdownFollowerState(121)) - 0d2cbdf2-f3e9-4f0a-94d2-ebe777e5e266: shutdown FollowerState
2019-08-28 20:09:49,073 [Thread-4818] INFO  impl.RaftServerImpl (RaftServerImpl.java:setRole(171)) - 0d2cbdf2-f3e9-4f0a-94d2-ebe777e5e266:group-598B0C585C63 changes role from FOLLOWER to CANDIDATE at term 0 for changeToCandidate
2019-08-28 20:09:49,073 [Thread-4818] INFO  impl.RoleInfo (RoleInfo.java:updateAndGet(143)) - 0d2cbdf2-f3e9-4f0a-94d2-ebe777e5e266: start LeaderElection
2019-08-28 20:09:49,177 [Thread-4823] INFO  impl.FollowerState (FollowerState.java:run(106)) - 8fecb67b-5c4d-4732-8a79-20bb823bc0ec:group-6BBC5E7D3DBC changes to CANDIDATE, lastRpcTime:5123, electionTimeout:5123ms
2019-08-28 20:09:49,177 [Thread-4823] INFO  impl.RoleInfo (RoleInfo.java:shutdownFollowerState(121)) - 8fecb67b-5c4d-4732-8a79-20bb823bc0ec: shutdown FollowerState
2019-08-28 20:09:49,177 [832d9bd2-6690-412c-a054-04d2b759cec3:group-5575C2DF0BD8:LeaderElection125] INFO  impl.LeaderElection (LeaderElection.java:askForVotes(181)) - 832d9bd2-6690-412c-a054-04d2b759cec3:group-5575C2DF0BD8:LeaderElection125: begin an election at term 1 for -1: [832d9bd2-6690-412c-a054-04d2b759cec3:192.168.36.107:42400], old=null
2019-08-28 20:09:49,177 [Thread-4823] INFO  impl.RaftServerImpl (RaftServerImpl.java:setRole(171)) - 8fecb67b-5c4d-4732-8a79-20bb823bc0ec:group-6BBC5E7D3DBC changes role from FOLLOWER to CANDIDATE at term 0 for changeToCandidate
2019-08-28 20:09:49,177 [832d9bd2-6690-412c-a054-04d2b759cec3:group-5575C2DF0BD8:LeaderElection125] INFO  impl.RoleInfo (RoleInfo.java:shutdownLeaderElection(134)) - 832d9bd2-6690-412c-a054-04d2b759cec3: shutdown LeaderElection
2019-08-28 20:09:49,178 [Thread-4823] INFO  impl.RoleInfo (RoleInfo.java:updateAndGet(143)) - 8fecb67b-5c4d-4732-8a79-20bb823bc0ec: start LeaderElection
2019-08-28 20:09:49,178 [832d9bd2-6690-412c-a054-04d2b759cec3:group-5575C2DF0BD8:LeaderElection125] INFO  impl.RaftServerImpl (RaftServerImpl.java:setRole(171)) - 832d9bd2-6690-412c-a054-04d2b759cec3:group-5575C2DF0BD8 changes role from CANDIDATE to LEADER at term 1 for changeToLeader
2019-08-28 20:09:49,178 [832d9bd2-6690-412c-a054-04d2b759cec3:group-5575C2DF0BD8:LeaderElection125] INFO  impl.RaftServerImpl (ServerState.java:setLeader(263)) - 832d9bd2-6690-412c-a054-04d2b759cec3:group-5575C2DF0BD8 change Leader from null to 832d9bd2-6690-412c-a054-04d2b759cec3 at term 1 for becomeLeader, leader elected after 5483ms
2019-08-28 20:09:49,181 [832d9bd2-6690-412c-a054-04d2b759cec3:group-5575C2DF0BD8:LeaderElection125] INFO  server.RaftServerConfigKeys (ConfUtils.java:logGet(43)) - raft.server.staging.catchup.gap = 1000 (default)
2019-08-28 20:09:49,184 [832d9bd2-6690-412c-a054-04d2b759cec3:group-5575C2DF0BD8:LeaderElection125] INFO  server.RaftServerConfigKeys (ConfUtils.java:logGet(43)) - raft.server.rpc.sleep.time = 25ms (default)
2019-08-28 20:09:49,184 [832d9bd2-6690-412c-a054-04d2b759cec3:group-5575C2DF0BD8:LeaderElection125] INFO  server.RaftServerConfigKeys (ConfUtils.java:logGet(43)) - raft.server.write.element-limit = 4096 (default)
2019-08-28 20:09:49,184 [832d9bd2-6690-412c-a054-04d2b759cec3:group-5575C2DF0BD8:LeaderElection125] INFO  server.RaftServerConfigKeys (ConfUtils.java:logGet(43)) - raft.server.watch.timeout = 10s (default)
2019-08-28 20:09:49,184 [832d9bd2-6690-412c-a054-04d2b759cec3:group-5575C2DF0BD8:LeaderElection125] INFO  server.RaftServerConfigKeys (ConfUtils.java:logGet(43)) - raft.server.watch.timeout.denomination = 1s (default)
2019-08-28 20:09:49,184 [832d9bd2-6690-412c-a054-04d2b759cec3:group-5575C2DF0BD8:LeaderElection125] INFO  server.RaftServerConfigKeys (ConfUtils.java:logGet(43)) - raft.server.watch.element-limit = 65536 (default)
2019-08-28 20:09:49,185 [832d9bd2-6690-412c-a054-04d2b759cec3:group-5575C2DF0BD8:LeaderElection125] INFO  impl.RoleInfo (RoleInfo.java:updateAndGet(143)) - 832d9bd2-6690-412c-a054-04d2b759cec3: start LeaderState
2019-08-28 20:09:49,185 [832d9bd2-6690-412c-a054-04d2b759cec3:group-5575C2DF0BD8:LeaderElection125] INFO  segmented.SegmentedRaftLogWorker (SegmentedRaftLogWorker.java:startLogSegment(380)) - 832d9bd2-6690-412c-a054-04d2b759cec3-SegmentedRaftLogWorker:Storage Directory /workdir/hadoop-ozone/integration-test/target/test-dir/MiniOzoneClusterImpl-72b920a7-1e55-4753-92eb-643903605a0d/datanode-2/data/ratis/3ff71043-101f-4b93-93cb-5575c2df0bd8: Starting segment from index:0
2019-08-28 20:09:49,185 [832d9bd2-6690-412c-a054-04d2b759cec3:group-5575C2DF0BD8:LeaderElection125] INFO  impl.RaftServerImpl (ServerState.java:setRaftConf(361)) - 832d9bd2-6690-412c-a054-04d2b759cec3:group-5575C2DF0BD8 set configuration 0: [832d9bd2-6690-412c-a054-04d2b759cec3:192.168.36.107:42400], old=null at 0
2019-08-28 20:09:49,214 [0d2cbdf2-f3e9-4f0a-94d2-ebe777e5e266-SegmentedRaftLogWorker:Storage Directory /workdir/hadoop-ozone/integration-test/target/test-dir/MiniOzoneClusterImpl-72b920a7-1e55-4753-92eb-643903605a0d/datanode-6/data/ratis/f1fd9c19-e967-4339-84b3-c5cccfd1c726] INFO  segmented.SegmentedRaftLogWorker (SegmentedRaftLogWorker.java:execute(569)) - 0d2cbdf2-f3e9-4f0a-94d2-ebe777e5e266-SegmentedRaftLogWorker:Storage Directory /workdir/hadoop-ozone/integration-test/target/test-dir/MiniOzoneClusterImpl-72b920a7-1e55-4753-92eb-643903605a0d/datanode-6/data/ratis/f1fd9c19-e967-4339-84b3-c5cccfd1c726: created new log segment /workdir/hadoop-ozone/integration-test/target/test-dir/MiniOzoneClusterImpl-72b920a7-1e55-4753-92eb-643903605a0d/datanode-6/data/ratis/f1fd9c19-e967-4339-84b3-c5cccfd1c726/current/log_inprogress_0
2019-08-28 20:09:49,214 [99c2ffe6-7e64-4b0d-9e12-4b317a498883-SegmentedRaftLogWorker:Storage Directory /workdir/hadoop-ozone/integration-test/target/test-dir/MiniOzoneClusterImpl-72b920a7-1e55-4753-92eb-643903605a0d/datanode-4/data/ratis/803cbbad-2a38-496b-9974-c40c459b67ba] INFO  segmented.SegmentedRaftLogWorker (SegmentedRaftLogWorker.java:execute(569)) - 99c2ffe6-7e64-4b0d-9e12-4b317a498883-SegmentedRaftLogWorker:Storage Directory /workdir/hadoop-ozone/integration-test/target/test-dir/MiniOzoneClusterImpl-72b920a7-1e55-4753-92eb-643903605a0d/datanode-4/data/ratis/803cbbad-2a38-496b-9974-c40c459b67ba: created new log segment /workdir/hadoop-ozone/integration-test/target/test-dir/MiniOzoneClusterImpl-72b920a7-1e55-4753-92eb-643903605a0d/datanode-4/data/ratis/803cbbad-2a38-496b-9974-c40c459b67ba/current/log_inprogress_0
2019-08-28 20:09:49,214 [461018b7-39dd-4d28-b214-6e460473d27d-SegmentedRaftLogWorker:Storage Directory /workdir/hadoop-ozone/integration-test/target/test-dir/MiniOzoneClusterImpl-72b920a7-1e55-4753-92eb-643903605a0d/datanode-5/data/ratis/0538250d-cdcd-4fdc-b84e-2f9d9a808874] INFO  segmented.SegmentedRaftLogWorker (SegmentedRaftLogWorker.java:execute(569)) - 461018b7-39dd-4d28-b214-6e460473d27d-SegmentedRaftLogWorker:Storage Directory /workdir/hadoop-ozone/integration-test/target/test-dir/MiniOzoneClusterImpl-72b920a7-1e55-4753-92eb-643903605a0d/datanode-5/data/ratis/0538250d-cdcd-4fdc-b84e-2f9d9a808874: created new log segment /workdir/hadoop-ozone/integration-test/target/test-dir/MiniOzoneClusterImpl-72b920a7-1e55-4753-92eb-643903605a0d/datanode-5/data/ratis/0538250d-cdcd-4fdc-b84e-2f9d9a808874/current/log_inprogress_0
2019-08-28 20:09:49,219 [99c2ffe6-7e64-4b0d-9e12-4b317a498883:group-598B0C585C63:LeaderElection126] INFO  impl.LeaderElection (LeaderElection.java:askForVotes(181)) - 99c2ffe6-7e64-4b0d-9e12-4b317a498883:group-598B0C585C63:LeaderElection126: begin an election at term 1 for -1: [0d2cbdf2-f3e9-4f0a-94d2-ebe777e5e266:192.168.36.107:39333, 32058749-0763-4169-a6f0-c48e966b88d9:192.168.36.107:45971, 99c2ffe6-7e64-4b0d-9e12-4b317a498883:192.168.36.107:36103], old=null
2019-08-28 20:09:49,230 [32058749-0763-4169-a6f0-c48e966b88d9:group-598B0C585C63:LeaderElection127] INFO  impl.LeaderElection (LeaderElection.java:askForVotes(181)) - 32058749-0763-4169-a6f0-c48e966b88d9:group-598B0C585C63:LeaderElection127: begin an election at term 1 for -1: [0d2cbdf2-f3e9-4f0a-94d2-ebe777e5e266:192.168.36.107:39333, 32058749-0763-4169-a6f0-c48e966b88d9:192.168.36.107:45971, 99c2ffe6-7e64-4b0d-9e12-4b317a498883:192.168.36.107:36103], old=null
2019-08-28 20:09:49,249 [Thread-4828] INFO  impl.FollowerState (FollowerState.java:run(106)) - 461018b7-39dd-4d28-b214-6e460473d27d:group-6BBC5E7D3DBC changes to CANDIDATE, lastRpcTime:5191, electionTimeout:5191ms
2019-08-28 20:09:49,249 [Thread-4828] INFO  impl.RoleInfo (RoleInfo.java:shutdownFollowerState(121)) - 461018b7-39dd-4d28-b214-6e460473d27d: shutdown FollowerState
2019-08-28 20:09:49,249 [Thread-4828] INFO  impl.RaftServerImpl (RaftServerImpl.java:setRole(171)) - 461018b7-39dd-4d28-b214-6e460473d27d:group-6BBC5E7D3DBC changes role from FOLLOWER to CANDIDATE at term 0 for changeToCandidate
2019-08-28 20:09:49,249 [Thread-4828] INFO  impl.RoleInfo (RoleInfo.java:updateAndGet(143)) - 461018b7-39dd-4d28-b214-6e460473d27d: start LeaderElection
2019-08-28 20:09:49,353 | INFO  | SCMAudit | user=jenkins1000 | ip=192.168.36.107 | op=SEND_HEARTBEAT {datanodeUUID=32058749-0763-4169-a6f0-c48e966b88d9, command=[]} | ret=SUCCESS |  
2019-08-28 20:09:49,368 [8fecb67b-5c4d-4732-8a79-20bb823bc0ec:group-6BBC5E7D3DBC:LeaderElection130] INFO  impl.LeaderElection (LeaderElection.java:askForVotes(181)) - 8fecb67b-5c4d-4732-8a79-20bb823bc0ec:group-6BBC5E7D3DBC:LeaderElection130: begin an election at term 1 for -1: [461018b7-39dd-4d28-b214-6e460473d27d:192.168.36.107:36069, 8fecb67b-5c4d-4732-8a79-20bb823bc0ec:192.168.36.107:33628, 54ce06a7-084b-40eb-9b4b-239a6e27ab83:192.168.36.107:45366], old=null
2019-08-28 20:09:49,368 [0d2cbdf2-f3e9-4f0a-94d2-ebe777e5e266:group-598B0C585C63:LeaderElection129] INFO  impl.LeaderElection (LeaderElection.java:askForVotes(181)) - 0d2cbdf2-f3e9-4f0a-94d2-ebe777e5e266:group-598B0C585C63:LeaderElection129: begin an election at term 1 for -1: [0d2cbdf2-f3e9-4f0a-94d2-ebe777e5e266:192.168.36.107:39333, 32058749-0763-4169-a6f0-c48e966b88d9:192.168.36.107:45971, 99c2ffe6-7e64-4b0d-9e12-4b317a498883:192.168.36.107:36103], old=null
2019-08-28 20:09:49,368 [54ce06a7-084b-40eb-9b4b-239a6e27ab83:group-6BBC5E7D3DBC:LeaderElection128] INFO  impl.LeaderElection (LeaderElection.java:askForVotes(181)) - 54ce06a7-084b-40eb-9b4b-239a6e27ab83:group-6BBC5E7D3DBC:LeaderElection128: begin an election at term 1 for -1: [461018b7-39dd-4d28-b214-6e460473d27d:192.168.36.107:36069, 8fecb67b-5c4d-4732-8a79-20bb823bc0ec:192.168.36.107:33628, 54ce06a7-084b-40eb-9b4b-239a6e27ab83:192.168.36.107:45366], old=null
2019-08-28 20:09:49,369 [32058749-0763-4169-a6f0-c48e966b88d9:group-598B0C585C63:LeaderElection127] INFO  impl.LeaderElection (LeaderElection.java:logAndReturn(56)) - 32058749-0763-4169-a6f0-c48e966b88d9:group-598B0C585C63:LeaderElection127: Election REJECTED; received 2 response(s) [32058749-0763-4169-a6f0-c48e966b88d9<-0d2cbdf2-f3e9-4f0a-94d2-ebe777e5e266#0:FAIL-t1, 32058749-0763-4169-a6f0-c48e966b88d9<-99c2ffe6-7e64-4b0d-9e12-4b317a498883#0:FAIL-t1] and 0 exception(s); 32058749-0763-4169-a6f0-c48e966b88d9:t1, leader=null, voted=32058749-0763-4169-a6f0-c48e966b88d9, raftlog=32058749-0763-4169-a6f0-c48e966b88d9-SegmentedRaftLog:OPENED:c-1,f-1,i0, conf=-1: [0d2cbdf2-f3e9-4f0a-94d2-ebe777e5e266:192.168.36.107:39333, 32058749-0763-4169-a6f0-c48e966b88d9:192.168.36.107:45971, 99c2ffe6-7e64-4b0d-9e12-4b317a498883:192.168.36.107:36103], old=null
2019-08-28 20:09:49,369 [99c2ffe6-7e64-4b0d-9e12-4b317a498883:group-598B0C585C63:LeaderElection126] INFO  impl.LeaderElection (LeaderElection.java:logAndReturn(56)) - 99c2ffe6-7e64-4b0d-9e12-4b317a498883:group-598B0C585C63:LeaderElection126: Election REJECTED; received 2 response(s) [99c2ffe6-7e64-4b0d-9e12-4b317a498883<-0d2cbdf2-f3e9-4f0a-94d2-ebe777e5e266#0:FAIL-t1, 99c2ffe6-7e64-4b0d-9e12-4b317a498883<-32058749-0763-4169-a6f0-c48e966b88d9#0:FAIL-t1] and 0 exception(s); 99c2ffe6-7e64-4b0d-9e12-4b317a498883:t1, leader=null, voted=99c2ffe6-7e64-4b0d-9e12-4b317a498883, raftlog=99c2ffe6-7e64-4b0d-9e12-4b317a498883-SegmentedRaftLog:OPENED:c-1,f-1,i0, conf=-1: [0d2cbdf2-f3e9-4f0a-94d2-ebe777e5e266:192.168.36.107:39333, 32058749-0763-4169-a6f0-c48e966b88d9:192.168.36.107:45971, 99c2ffe6-7e64-4b0d-9e12-4b317a498883:192.168.36.107:36103], old=null
2019-08-28 20:09:49,370 [32058749-0763-4169-a6f0-c48e966b88d9:group-598B0C585C63:LeaderElection127] INFO  impl.RaftServerImpl (RaftServerImpl.java:setRole(171)) - 32058749-0763-4169-a6f0-c48e966b88d9:group-598B0C585C63 changes role from CANDIDATE to FOLLOWER at term 1 for DISCOVERED_A_NEW_TERM
2019-08-28 20:09:49,370 [99c2ffe6-7e64-4b0d-9e12-4b317a498883:group-598B0C585C63:LeaderElection126] INFO  impl.RaftServerImpl (RaftServerImpl.java:setRole(171)) - 99c2ffe6-7e64-4b0d-9e12-4b317a498883:group-598B0C585C63 changes role from CANDIDATE to FOLLOWER at term 1 for DISCOVERED_A_NEW_TERM
2019-08-28 20:09:49,373 [32058749-0763-4169-a6f0-c48e966b88d9:group-598B0C585C63:LeaderElection127] INFO  impl.RoleInfo (RoleInfo.java:shutdownLeaderElection(134)) - 32058749-0763-4169-a6f0-c48e966b88d9: shutdown LeaderElection
2019-08-28 20:09:49,373 [99c2ffe6-7e64-4b0d-9e12-4b317a498883:group-598B0C585C63:LeaderElection126] INFO  impl.RoleInfo (RoleInfo.java:shutdownLeaderElection(134)) - 99c2ffe6-7e64-4b0d-9e12-4b317a498883: shutdown LeaderElection
2019-08-28 20:09:49,373 [32058749-0763-4169-a6f0-c48e966b88d9:group-598B0C585C63:LeaderElection127] INFO  impl.RoleInfo (RoleInfo.java:updateAndGet(143)) - 32058749-0763-4169-a6f0-c48e966b88d9: start FollowerState
2019-08-28 20:09:49,374 [99c2ffe6-7e64-4b0d-9e12-4b317a498883:group-598B0C585C63:LeaderElection126] INFO  impl.RoleInfo (RoleInfo.java:updateAndGet(143)) - 99c2ffe6-7e64-4b0d-9e12-4b317a498883: start FollowerState
2019-08-28 20:09:49,383 [0d2cbdf2-f3e9-4f0a-94d2-ebe777e5e266:group-598B0C585C63:LeaderElection129] INFO  impl.LeaderElection (LeaderElection.java:logAndReturn(56)) - 0d2cbdf2-f3e9-4f0a-94d2-ebe777e5e266:group-598B0C585C63:LeaderElection129: Election REJECTED; received 2 response(s) [0d2cbdf2-f3e9-4f0a-94d2-ebe777e5e266<-32058749-0763-4169-a6f0-c48e966b88d9#0:FAIL-t1, 0d2cbdf2-f3e9-4f0a-94d2-ebe777e5e266<-99c2ffe6-7e64-4b0d-9e12-4b317a498883#0:FAIL-t1] and 0 exception(s); 0d2cbdf2-f3e9-4f0a-94d2-ebe777e5e266:t1, leader=null, voted=0d2cbdf2-f3e9-4f0a-94d2-ebe777e5e266, raftlog=0d2cbdf2-f3e9-4f0a-94d2-ebe777e5e266-SegmentedRaftLog:OPENED:c-1,f-1,i0, conf=-1: [0d2cbdf2-f3e9-4f0a-94d2-ebe777e5e266:192.168.36.107:39333, 32058749-0763-4169-a6f0-c48e966b88d9:192.168.36.107:45971, 99c2ffe6-7e64-4b0d-9e12-4b317a498883:192.168.36.107:36103], old=null
2019-08-28 20:09:49,383 [0d2cbdf2-f3e9-4f0a-94d2-ebe777e5e266:group-598B0C585C63:LeaderElection129] INFO  impl.RaftServerImpl (RaftServerImpl.java:setRole(171)) - 0d2cbdf2-f3e9-4f0a-94d2-ebe777e5e266:group-598B0C585C63 changes role from CANDIDATE to FOLLOWER at term 1 for DISCOVERED_A_NEW_TERM
2019-08-28 20:09:49,383 [0d2cbdf2-f3e9-4f0a-94d2-ebe777e5e266:group-598B0C585C63:LeaderElection129] INFO  impl.RoleInfo (RoleInfo.java:shutdownLeaderElection(134)) - 0d2cbdf2-f3e9-4f0a-94d2-ebe777e5e266: shutdown LeaderElection
2019-08-28 20:09:49,383 [0d2cbdf2-f3e9-4f0a-94d2-ebe777e5e266:group-598B0C585C63:LeaderElection129] INFO  impl.RoleInfo (RoleInfo.java:updateAndGet(143)) - 0d2cbdf2-f3e9-4f0a-94d2-ebe777e5e266: start FollowerState
2019-08-28 20:09:49,387 [832d9bd2-6690-412c-a054-04d2b759cec3-SegmentedRaftLogWorker:Storage Directory /workdir/hadoop-ozone/integration-test/target/test-dir/MiniOzoneClusterImpl-72b920a7-1e55-4753-92eb-643903605a0d/datanode-2/data/ratis/3ff71043-101f-4b93-93cb-5575c2df0bd8] INFO  segmented.SegmentedRaftLogWorker (SegmentedRaftLogWorker.java:execute(569)) - 832d9bd2-6690-412c-a054-04d2b759cec3-SegmentedRaftLogWorker:Storage Directory /workdir/hadoop-ozone/integration-test/target/test-dir/MiniOzoneClusterImpl-72b920a7-1e55-4753-92eb-643903605a0d/datanode-2/data/ratis/3ff71043-101f-4b93-93cb-5575c2df0bd8: created new log segment /workdir/hadoop-ozone/integration-test/target/test-dir/MiniOzoneClusterImpl-72b920a7-1e55-4753-92eb-643903605a0d/datanode-2/data/ratis/3ff71043-101f-4b93-93cb-5575c2df0bd8/current/log_inprogress_0
2019-08-28 20:09:49,412 | INFO  | SCMAudit | user=jenkins1000 | ip=192.168.36.107 | op=SEND_HEARTBEAT {datanodeUUID=8fecb67b-5c4d-4732-8a79-20bb823bc0ec, command=[]} | ret=SUCCESS |  
2019-08-28 20:09:49,415 [461018b7-39dd-4d28-b214-6e460473d27d:group-6BBC5E7D3DBC:LeaderElection131] INFO  impl.LeaderElection (LeaderElection.java:askForVotes(181)) - 461018b7-39dd-4d28-b214-6e460473d27d:group-6BBC5E7D3DBC:LeaderElection131: begin an election at term 1 for -1: [461018b7-39dd-4d28-b214-6e460473d27d:192.168.36.107:36069, 8fecb67b-5c4d-4732-8a79-20bb823bc0ec:192.168.36.107:33628, 54ce06a7-084b-40eb-9b4b-239a6e27ab83:192.168.36.107:45366], old=null
2019-08-28 20:09:49,416 [54ce06a7-084b-40eb-9b4b-239a6e27ab83:group-6BBC5E7D3DBC:LeaderElection128] INFO  impl.LeaderElection (LeaderElection.java:logAndReturn(56)) - 54ce06a7-084b-40eb-9b4b-239a6e27ab83:group-6BBC5E7D3DBC:LeaderElection128: Election REJECTED; received 2 response(s) [54ce06a7-084b-40eb-9b4b-239a6e27ab83<-461018b7-39dd-4d28-b214-6e460473d27d#0:FAIL-t1, 54ce06a7-084b-40eb-9b4b-239a6e27ab83<-8fecb67b-5c4d-4732-8a79-20bb823bc0ec#0:FAIL-t1] and 0 exception(s); 54ce06a7-084b-40eb-9b4b-239a6e27ab83:t1, leader=null, voted=54ce06a7-084b-40eb-9b4b-239a6e27ab83, raftlog=54ce06a7-084b-40eb-9b4b-239a6e27ab83-SegmentedRaftLog:OPENED:c-1,f-1,i0, conf=-1: [461018b7-39dd-4d28-b214-6e460473d27d:192.168.36.107:36069, 8fecb67b-5c4d-4732-8a79-20bb823bc0ec:192.168.36.107:33628, 54ce06a7-084b-40eb-9b4b-239a6e27ab83:192.168.36.107:45366], old=null
2019-08-28 20:09:49,417 [8fecb67b-5c4d-4732-8a79-20bb823bc0ec:group-6BBC5E7D3DBC:LeaderElection130] INFO  impl.LeaderElection (LeaderElection.java:logAndReturn(56)) - 8fecb67b-5c4d-4732-8a79-20bb823bc0ec:group-6BBC5E7D3DBC:LeaderElection130: Election REJECTED; received 2 response(s) [8fecb67b-5c4d-4732-8a79-20bb823bc0ec<-461018b7-39dd-4d28-b214-6e460473d27d#0:FAIL-t1, 8fecb67b-5c4d-4732-8a79-20bb823bc0ec<-54ce06a7-084b-40eb-9b4b-239a6e27ab83#0:FAIL-t1] and 0 exception(s); 8fecb67b-5c4d-4732-8a79-20bb823bc0ec:t1, leader=null, voted=8fecb67b-5c4d-4732-8a79-20bb823bc0ec, raftlog=8fecb67b-5c4d-4732-8a79-20bb823bc0ec-SegmentedRaftLog:OPENED:c-1,f-1,i0, conf=-1: [461018b7-39dd-4d28-b214-6e460473d27d:192.168.36.107:36069, 8fecb67b-5c4d-4732-8a79-20bb823bc0ec:192.168.36.107:33628, 54ce06a7-084b-40eb-9b4b-239a6e27ab83:192.168.36.107:45366], old=null
2019-08-28 20:09:49,417 [54ce06a7-084b-40eb-9b4b-239a6e27ab83:group-6BBC5E7D3DBC:LeaderElection128] INFO  impl.RaftServerImpl (RaftServerImpl.java:setRole(171)) - 54ce06a7-084b-40eb-9b4b-239a6e27ab83:group-6BBC5E7D3DBC changes role from CANDIDATE to FOLLOWER at term 1 for DISCOVERED_A_NEW_TERM
2019-08-28 20:09:49,417 [8fecb67b-5c4d-4732-8a79-20bb823bc0ec:group-6BBC5E7D3DBC:LeaderElection130] INFO  impl.RaftServerImpl (RaftServerImpl.java:setRole(171)) - 8fecb67b-5c4d-4732-8a79-20bb823bc0ec:group-6BBC5E7D3DBC changes role from CANDIDATE to FOLLOWER at term 1 for DISCOVERED_A_NEW_TERM
2019-08-28 20:09:49,417 [54ce06a7-084b-40eb-9b4b-239a6e27ab83:group-6BBC5E7D3DBC:LeaderElection128] INFO  impl.RoleInfo (RoleInfo.java:shutdownLeaderElection(134)) - 54ce06a7-084b-40eb-9b4b-239a6e27ab83: shutdown LeaderElection
2019-08-28 20:09:49,417 [8fecb67b-5c4d-4732-8a79-20bb823bc0ec:group-6BBC5E7D3DBC:LeaderElection130] INFO  impl.RoleInfo (RoleInfo.java:shutdownLeaderElection(134)) - 8fecb67b-5c4d-4732-8a79-20bb823bc0ec: shutdown LeaderElection
2019-08-28 20:09:49,417 [54ce06a7-084b-40eb-9b4b-239a6e27ab83:group-6BBC5E7D3DBC:LeaderElection128] INFO  impl.RoleInfo (RoleInfo.java:updateAndGet(143)) - 54ce06a7-084b-40eb-9b4b-239a6e27ab83: start FollowerState
2019-08-28 20:09:49,418 [8fecb67b-5c4d-4732-8a79-20bb823bc0ec:group-6BBC5E7D3DBC:LeaderElection130] INFO  impl.RoleInfo (RoleInfo.java:updateAndGet(143)) - 8fecb67b-5c4d-4732-8a79-20bb823bc0ec: start FollowerState
2019-08-28 20:09:49,420 [461018b7-39dd-4d28-b214-6e460473d27d:group-6BBC5E7D3DBC:LeaderElection131] INFO  impl.LeaderElection (LeaderElection.java:logAndReturn(56)) - 461018b7-39dd-4d28-b214-6e460473d27d:group-6BBC5E7D3DBC:LeaderElection131: Election REJECTED; received 2 response(s) [461018b7-39dd-4d28-b214-6e460473d27d<-8fecb67b-5c4d-4732-8a79-20bb823bc0ec#0:FAIL-t1, 461018b7-39dd-4d28-b214-6e460473d27d<-54ce06a7-084b-40eb-9b4b-239a6e27ab83#0:FAIL-t1] and 0 exception(s); 461018b7-39dd-4d28-b214-6e460473d27d:t1, leader=null, voted=461018b7-39dd-4d28-b214-6e460473d27d, raftlog=461018b7-39dd-4d28-b214-6e460473d27d-SegmentedRaftLog:OPENED:c-1,f-1,i0, conf=-1: [461018b7-39dd-4d28-b214-6e460473d27d:192.168.36.107:36069, 8fecb67b-5c4d-4732-8a79-20bb823bc0ec:192.168.36.107:33628, 54ce06a7-084b-40eb-9b4b-239a6e27ab83:192.168.36.107:45366], old=null
2019-08-28 20:09:49,420 [461018b7-39dd-4d28-b214-6e460473d27d:group-6BBC5E7D3DBC:LeaderElection131] INFO  impl.RaftServerImpl (RaftServerImpl.java:setRole(171)) - 461018b7-39dd-4d28-b214-6e460473d27d:group-6BBC5E7D3DBC changes role from CANDIDATE to FOLLOWER at term 1 for DISCOVERED_A_NEW_TERM
2019-08-28 20:09:49,421 [461018b7-39dd-4d28-b214-6e460473d27d:group-6BBC5E7D3DBC:LeaderElection131] INFO  impl.RoleInfo (RoleInfo.java:shutdownLeaderElection(134)) - 461018b7-39dd-4d28-b214-6e460473d27d: shutdown LeaderElection
2019-08-28 20:09:49,421 [461018b7-39dd-4d28-b214-6e460473d27d:group-6BBC5E7D3DBC:LeaderElection131] INFO  impl.RoleInfo (RoleInfo.java:updateAndGet(143)) - 461018b7-39dd-4d28-b214-6e460473d27d: start FollowerState
2019-08-28 20:09:49,465 | INFO  | SCMAudit | user=jenkins1000 | ip=192.168.36.107 | op=SEND_HEARTBEAT {datanodeUUID=832d9bd2-6690-412c-a054-04d2b759cec3, command=[]} | ret=SUCCESS |  
2019-08-28 20:09:49,527 | INFO  | SCMAudit | user=jenkins1000 | ip=192.168.36.107 | op=SEND_HEARTBEAT {datanodeUUID=54ce06a7-084b-40eb-9b4b-239a6e27ab83, command=[]} | ret=SUCCESS |  
2019-08-28 20:09:49,582 | INFO  | SCMAudit | user=jenkins1000 | ip=192.168.36.107 | op=SEND_HEARTBEAT {datanodeUUID=99c2ffe6-7e64-4b0d-9e12-4b317a498883, command=[]} | ret=SUCCESS |  
2019-08-28 20:09:49,660 | INFO  | SCMAudit | user=jenkins1000 | ip=192.168.36.107 | op=SEND_HEARTBEAT {datanodeUUID=461018b7-39dd-4d28-b214-6e460473d27d, command=[]} | ret=SUCCESS |  
2019-08-28 20:09:49,742 | INFO  | SCMAudit | user=jenkins1000 | ip=192.168.36.107 | op=SEND_HEARTBEAT {datanodeUUID=0d2cbdf2-f3e9-4f0a-94d2-ebe777e5e266, command=[]} | ret=SUCCESS |  
2019-08-28 20:09:49,854 [grpc-default-executor-2] INFO  client.GrpcClientProtocolClient (GrpcClientProtocolClient.java:onNext(255)) - client-E53158BC8632->8fecb67b-5c4d-4732-8a79-20bb823bc0ec: receive RaftClientReply:client-E53158BC8632->8fecb67b-5c4d-4732-8a79-20bb823bc0ec@group-6BBC5E7D3DBC, cid=249, FAILED org.apache.ratis.protocol.NotLeaderException: Server 8fecb67b-5c4d-4732-8a79-20bb823bc0ec is not the leader (null). Request must be sent to leader., logIndex=0, commits[8fecb67b-5c4d-4732-8a79-20bb823bc0ec:c-1]
2019-08-28 20:09:50,353 | INFO  | SCMAudit | user=jenkins1000 | ip=192.168.36.107 | op=SEND_HEARTBEAT {datanodeUUID=32058749-0763-4169-a6f0-c48e966b88d9, command=[]} | ret=SUCCESS |  
2019-08-28 20:09:50,412 | INFO  | SCMAudit | user=jenkins1000 | ip=192.168.36.107 | op=SEND_HEARTBEAT {datanodeUUID=8fecb67b-5c4d-4732-8a79-20bb823bc0ec, command=[]} | ret=SUCCESS |  
2019-08-28 20:09:50,465 | INFO  | SCMAudit | user=jenkins1000 | ip=192.168.36.107 | op=SEND_HEARTBEAT {datanodeUUID=832d9bd2-6690-412c-a054-04d2b759cec3, command=[]} | ret=SUCCESS |  
2019-08-28 20:09:50,527 | INFO  | SCMAudit | user=jenkins1000 | ip=192.168.36.107 | op=SEND_HEARTBEAT {datanodeUUID=54ce06a7-084b-40eb-9b4b-239a6e27ab83, command=[]} | ret=SUCCESS |  
2019-08-28 20:09:50,582 | INFO  | SCMAudit | user=jenkins1000 | ip=192.168.36.107 | op=SEND_HEARTBEAT {datanodeUUID=99c2ffe6-7e64-4b0d-9e12-4b317a498883, command=[]} | ret=SUCCESS |  
2019-08-28 20:09:50,660 | INFO  | SCMAudit | user=jenkins1000 | ip=192.168.36.107 | op=SEND_HEARTBEAT {datanodeUUID=461018b7-39dd-4d28-b214-6e460473d27d, command=[]} | ret=SUCCESS |  
2019-08-28 20:09:50,742 | INFO  | SCMAudit | user=jenkins1000 | ip=192.168.36.107 | op=SEND_HEARTBEAT {datanodeUUID=0d2cbdf2-f3e9-4f0a-94d2-ebe777e5e266, command=[]} | ret=SUCCESS |  
2019-08-28 20:09:50,864 [grpc-default-executor-8] INFO  client.GrpcClientProtocolClient (GrpcClientProtocolClient.java:onNext(255)) - client-E53158BC8632->54ce06a7-084b-40eb-9b4b-239a6e27ab83: receive RaftClientReply:client-E53158BC8632->54ce06a7-084b-40eb-9b4b-239a6e27ab83@group-6BBC5E7D3DBC, cid=249, FAILED org.apache.ratis.protocol.NotLeaderException: Server 54ce06a7-084b-40eb-9b4b-239a6e27ab83 is not the leader (null). Request must be sent to leader., logIndex=0, commits[54ce06a7-084b-40eb-9b4b-239a6e27ab83:c-1]
2019-08-28 20:09:51,353 | INFO  | SCMAudit | user=jenkins1000 | ip=192.168.36.107 | op=SEND_HEARTBEAT {datanodeUUID=32058749-0763-4169-a6f0-c48e966b88d9, command=[]} | ret=SUCCESS |  
2019-08-28 20:09:51,412 | INFO  | SCMAudit | user=jenkins1000 | ip=192.168.36.107 | op=SEND_HEARTBEAT {datanodeUUID=8fecb67b-5c4d-4732-8a79-20bb823bc0ec, command=[]} | ret=SUCCESS |  
2019-08-28 20:09:51,465 | INFO  | SCMAudit | user=jenkins1000 | ip=192.168.36.107 | op=SEND_HEARTBEAT {datanodeUUID=832d9bd2-6690-412c-a054-04d2b759cec3, command=[]} | ret=SUCCESS |  
2019-08-28 20:09:51,527 | INFO  | SCMAudit | user=jenkins1000 | ip=192.168.36.107 | op=SEND_HEARTBEAT {datanodeUUID=54ce06a7-084b-40eb-9b4b-239a6e27ab83, command=[]} | ret=SUCCESS |  
2019-08-28 20:09:51,582 | INFO  | SCMAudit | user=jenkins1000 | ip=192.168.36.107 | op=SEND_HEARTBEAT {datanodeUUID=99c2ffe6-7e64-4b0d-9e12-4b317a498883, command=[]} | ret=SUCCESS |  
2019-08-28 20:09:51,660 | INFO  | SCMAudit | user=jenkins1000 | ip=192.168.36.107 | op=SEND_HEARTBEAT {datanodeUUID=461018b7-39dd-4d28-b214-6e460473d27d, command=[]} | ret=SUCCESS |  
2019-08-28 20:09:51,742 | INFO  | SCMAudit | user=jenkins1000 | ip=192.168.36.107 | op=SEND_HEARTBEAT {datanodeUUID=0d2cbdf2-f3e9-4f0a-94d2-ebe777e5e266, command=[]} | ret=SUCCESS |  
2019-08-28 20:09:51,875 [grpc-default-executor-8] INFO  client.GrpcClientProtocolClient (GrpcClientProtocolClient.java:onNext(255)) - client-E53158BC8632->8fecb67b-5c4d-4732-8a79-20bb823bc0ec: receive RaftClientReply:client-E53158BC8632->8fecb67b-5c4d-4732-8a79-20bb823bc0ec@group-6BBC5E7D3DBC, cid=249, FAILED org.apache.ratis.protocol.NotLeaderException: Server 8fecb67b-5c4d-4732-8a79-20bb823bc0ec is not the leader (null). Request must be sent to leader., logIndex=0, commits[8fecb67b-5c4d-4732-8a79-20bb823bc0ec:c-1]
2019-08-28 20:09:52,354 | INFO  | SCMAudit | user=jenkins1000 | ip=192.168.36.107 | op=SEND_HEARTBEAT {datanodeUUID=32058749-0763-4169-a6f0-c48e966b88d9, command=[]} | ret=SUCCESS |  
2019-08-28 20:09:52,412 | INFO  | SCMAudit | user=jenkins1000 | ip=192.168.36.107 | op=SEND_HEARTBEAT {datanodeUUID=8fecb67b-5c4d-4732-8a79-20bb823bc0ec, command=[]} | ret=SUCCESS |  
2019-08-28 20:09:52,465 | INFO  | SCMAudit | user=jenkins1000 | ip=192.168.36.107 | op=SEND_HEARTBEAT {datanodeUUID=832d9bd2-6690-412c-a054-04d2b759cec3, command=[]} | ret=SUCCESS |  
2019-08-28 20:09:52,527 | INFO  | SCMAudit | user=jenkins1000 | ip=192.168.36.107 | op=SEND_HEARTBEAT {datanodeUUID=54ce06a7-084b-40eb-9b4b-239a6e27ab83, command=[]} | ret=SUCCESS |  
2019-08-28 20:09:52,582 | INFO  | SCMAudit | user=jenkins1000 | ip=192.168.36.107 | op=SEND_HEARTBEAT {datanodeUUID=99c2ffe6-7e64-4b0d-9e12-4b317a498883, command=[]} | ret=SUCCESS |  
2019-08-28 20:09:52,660 | INFO  | SCMAudit | user=jenkins1000 | ip=192.168.36.107 | op=SEND_HEARTBEAT {datanodeUUID=461018b7-39dd-4d28-b214-6e460473d27d, command=[]} | ret=SUCCESS |  
2019-08-28 20:09:52,742 | INFO  | SCMAudit | user=jenkins1000 | ip=192.168.36.107 | op=SEND_HEARTBEAT {datanodeUUID=0d2cbdf2-f3e9-4f0a-94d2-ebe777e5e266, command=[]} | ret=SUCCESS |  
2019-08-28 20:09:52,885 [grpc-default-executor-2] INFO  client.GrpcClientProtocolClient (GrpcClientProtocolClient.java:onNext(255)) - client-E53158BC8632->461018b7-39dd-4d28-b214-6e460473d27d: receive RaftClientReply:client-E53158BC8632->461018b7-39dd-4d28-b214-6e460473d27d@group-6BBC5E7D3DBC, cid=249, FAILED org.apache.ratis.protocol.NotLeaderException: Server 461018b7-39dd-4d28-b214-6e460473d27d is not the leader (null). Request must be sent to leader., logIndex=0, commits[461018b7-39dd-4d28-b214-6e460473d27d:c-1]
2019-08-28 20:09:53,354 | INFO  | SCMAudit | user=jenkins1000 | ip=192.168.36.107 | op=SEND_HEARTBEAT {datanodeUUID=32058749-0763-4169-a6f0-c48e966b88d9, command=[]} | ret=SUCCESS |  
2019-08-28 20:09:53,412 | INFO  | SCMAudit | user=jenkins1000 | ip=192.168.36.107 | op=SEND_HEARTBEAT {datanodeUUID=8fecb67b-5c4d-4732-8a79-20bb823bc0ec, command=[]} | ret=SUCCESS |  
2019-08-28 20:09:53,465 | INFO  | SCMAudit | user=jenkins1000 | ip=192.168.36.107 | op=SEND_HEARTBEAT {datanodeUUID=832d9bd2-6690-412c-a054-04d2b759cec3, command=[]} | ret=SUCCESS |  
2019-08-28 20:09:53,527 | INFO  | SCMAudit | user=jenkins1000 | ip=192.168.36.107 | op=SEND_HEARTBEAT {datanodeUUID=54ce06a7-084b-40eb-9b4b-239a6e27ab83, command=[]} | ret=SUCCESS |  
2019-08-28 20:09:53,582 | INFO  | SCMAudit | user=jenkins1000 | ip=192.168.36.107 | op=SEND_HEARTBEAT {datanodeUUID=99c2ffe6-7e64-4b0d-9e12-4b317a498883, command=[]} | ret=SUCCESS |  
2019-08-28 20:09:53,660 | INFO  | SCMAudit | user=jenkins1000 | ip=192.168.36.107 | op=SEND_HEARTBEAT {datanodeUUID=461018b7-39dd-4d28-b214-6e460473d27d, command=[]} | ret=SUCCESS |  
2019-08-28 20:09:53,741 | INFO  | SCMAudit | user=jenkins1000 | ip=192.168.36.107 | op=SEND_HEARTBEAT {datanodeUUID=0d2cbdf2-f3e9-4f0a-94d2-ebe777e5e266, command=[]} | ret=SUCCESS |  
2019-08-28 20:09:53,894 [grpc-default-executor-8] INFO  client.GrpcClientProtocolClient (GrpcClientProtocolClient.java:onNext(255)) - client-E53158BC8632->8fecb67b-5c4d-4732-8a79-20bb823bc0ec: receive RaftClientReply:client-E53158BC8632->8fecb67b-5c4d-4732-8a79-20bb823bc0ec@group-6BBC5E7D3DBC, cid=249, FAILED org.apache.ratis.protocol.NotLeaderException: Server 8fecb67b-5c4d-4732-8a79-20bb823bc0ec is not the leader (null). Request must be sent to leader., logIndex=0, commits[8fecb67b-5c4d-4732-8a79-20bb823bc0ec:c-1]
2019-08-28 20:09:54,354 | INFO  | SCMAudit | user=jenkins1000 | ip=192.168.36.107 | op=SEND_HEARTBEAT {datanodeUUID=32058749-0763-4169-a6f0-c48e966b88d9, command=[]} | ret=SUCCESS |  
2019-08-28 20:09:54,405 [Thread-4879] INFO  impl.FollowerState (FollowerState.java:run(106)) - 32058749-0763-4169-a6f0-c48e966b88d9:group-598B0C585C63 changes to CANDIDATE, lastRpcTime:5031, electionTimeout:5031ms
2019-08-28 20:09:54,406 [Thread-4879] INFO  impl.RoleInfo (RoleInfo.java:shutdownFollowerState(121)) - 32058749-0763-4169-a6f0-c48e966b88d9: shutdown FollowerState
2019-08-28 20:09:54,406 [Thread-4879] INFO  impl.RaftServerImpl (RaftServerImpl.java:setRole(171)) - 32058749-0763-4169-a6f0-c48e966b88d9:group-598B0C585C63 changes role from FOLLOWER to CANDIDATE at term 1 for changeToCandidate
2019-08-28 20:09:54,406 [Thread-4879] INFO  impl.RoleInfo (RoleInfo.java:updateAndGet(143)) - 32058749-0763-4169-a6f0-c48e966b88d9: start LeaderElection
2019-08-28 20:09:54,413 | INFO  | SCMAudit | user=jenkins1000 | ip=192.168.36.107 | op=SEND_HEARTBEAT {datanodeUUID=8fecb67b-5c4d-4732-8a79-20bb823bc0ec, command=[]} | ret=SUCCESS |  
2019-08-28 20:09:54,465 | INFO  | SCMAudit | user=jenkins1000 | ip=192.168.36.107 | op=SEND_HEARTBEAT {datanodeUUID=832d9bd2-6690-412c-a054-04d2b759cec3, command=[]} | ret=SUCCESS |  
2019-08-28 20:09:54,479 [Thread-4886] INFO  impl.FollowerState (FollowerState.java:run(106)) - 461018b7-39dd-4d28-b214-6e460473d27d:group-6BBC5E7D3DBC changes to CANDIDATE, lastRpcTime:5058, electionTimeout:5058ms
2019-08-28 20:09:54,480 [Thread-4886] INFO  impl.RoleInfo (RoleInfo.java:shutdownFollowerState(121)) - 461018b7-39dd-4d28-b214-6e460473d27d: shutdown FollowerState
2019-08-28 20:09:54,480 [Thread-4886] INFO  impl.RaftServerImpl (RaftServerImpl.java:setRole(171)) - 461018b7-39dd-4d28-b214-6e460473d27d:group-6BBC5E7D3DBC changes role from FOLLOWER to CANDIDATE at term 1 for changeToCandidate
2019-08-28 20:09:54,480 [Thread-4886] INFO  impl.RoleInfo (RoleInfo.java:updateAndGet(143)) - 461018b7-39dd-4d28-b214-6e460473d27d: start LeaderElection
2019-08-28 20:09:54,525 [Thread-4884] INFO  impl.FollowerState (FollowerState.java:run(106)) - 54ce06a7-084b-40eb-9b4b-239a6e27ab83:group-6BBC5E7D3DBC changes to CANDIDATE, lastRpcTime:5107, electionTimeout:5107ms
2019-08-28 20:09:54,525 [Thread-4884] INFO  impl.RoleInfo (RoleInfo.java:shutdownFollowerState(121)) - 54ce06a7-084b-40eb-9b4b-239a6e27ab83: shutdown FollowerState
2019-08-28 20:09:54,525 [Thread-4884] INFO  impl.RaftServerImpl (RaftServerImpl.java:setRole(171)) - 54ce06a7-084b-40eb-9b4b-239a6e27ab83:group-6BBC5E7D3DBC changes role from FOLLOWER to CANDIDATE at term 1 for changeToCandidate
2019-08-28 20:09:54,526 [Thread-4884] INFO  impl.RoleInfo (RoleInfo.java:updateAndGet(143)) - 54ce06a7-084b-40eb-9b4b-239a6e27ab83: start LeaderElection
2019-08-28 20:09:54,529 | INFO  | SCMAudit | user=jenkins1000 | ip=192.168.36.107 | op=SEND_HEARTBEAT {datanodeUUID=54ce06a7-084b-40eb-9b4b-239a6e27ab83, command=[]} | ret=SUCCESS |  
2019-08-28 20:09:54,565 [Thread-4881] INFO  impl.FollowerState (FollowerState.java:run(106)) - 0d2cbdf2-f3e9-4f0a-94d2-ebe777e5e266:group-598B0C585C63 changes to CANDIDATE, lastRpcTime:5181, electionTimeout:5181ms
2019-08-28 20:09:54,565 [Thread-4881] INFO  impl.RoleInfo (RoleInfo.java:shutdownFollowerState(121)) - 0d2cbdf2-f3e9-4f0a-94d2-ebe777e5e266: shutdown FollowerState
2019-08-28 20:09:54,565 [Thread-4881] INFO  impl.RaftServerImpl (RaftServerImpl.java:setRole(171)) - 0d2cbdf2-f3e9-4f0a-94d2-ebe777e5e266:group-598B0C585C63 changes role from FOLLOWER to CANDIDATE at term 1 for changeToCandidate
2019-08-28 20:09:54,565 [Thread-4881] INFO  impl.RoleInfo (RoleInfo.java:updateAndGet(143)) - 0d2cbdf2-f3e9-4f0a-94d2-ebe777e5e266: start LeaderElection
2019-08-28 20:09:54,575 [Thread-4880] INFO  impl.FollowerState (FollowerState.java:run(106)) - 99c2ffe6-7e64-4b0d-9e12-4b317a498883:group-598B0C585C63 changes to CANDIDATE, lastRpcTime:5201, electionTimeout:5198ms
2019-08-28 20:09:54,575 [Thread-4880] INFO  impl.RoleInfo (RoleInfo.java:shutdownFollowerState(121)) - 99c2ffe6-7e64-4b0d-9e12-4b317a498883: shutdown FollowerState
2019-08-28 20:09:54,575 [Thread-4880] INFO  impl.RaftServerImpl (RaftServerImpl.java:setRole(171)) - 99c2ffe6-7e64-4b0d-9e12-4b317a498883:group-598B0C585C63 changes role from FOLLOWER to CANDIDATE at term 1 for changeToCandidate
2019-08-28 20:09:54,576 [Thread-4880] INFO  impl.RoleInfo (RoleInfo.java:updateAndGet(143)) - 99c2ffe6-7e64-4b0d-9e12-4b317a498883: start LeaderElection
2019-08-28 20:09:54,582 | INFO  | SCMAudit | user=jenkins1000 | ip=192.168.36.107 | op=SEND_HEARTBEAT {datanodeUUID=99c2ffe6-7e64-4b0d-9e12-4b317a498883, command=[]} | ret=SUCCESS |  
2019-08-28 20:09:54,589 [32058749-0763-4169-a6f0-c48e966b88d9:group-598B0C585C63:LeaderElection132] INFO  impl.LeaderElection (LeaderElection.java:askForVotes(181)) - 32058749-0763-4169-a6f0-c48e966b88d9:group-598B0C585C63:LeaderElection132: begin an election at term 2 for -1: [0d2cbdf2-f3e9-4f0a-94d2-ebe777e5e266:192.168.36.107:39333, 32058749-0763-4169-a6f0-c48e966b88d9:192.168.36.107:45971, 99c2ffe6-7e64-4b0d-9e12-4b317a498883:192.168.36.107:36103], old=null
2019-08-28 20:09:54,589 [54ce06a7-084b-40eb-9b4b-239a6e27ab83:group-6BBC5E7D3DBC:LeaderElection134] INFO  impl.LeaderElection (LeaderElection.java:askForVotes(181)) - 54ce06a7-084b-40eb-9b4b-239a6e27ab83:group-6BBC5E7D3DBC:LeaderElection134: begin an election at term 2 for -1: [461018b7-39dd-4d28-b214-6e460473d27d:192.168.36.107:36069, 8fecb67b-5c4d-4732-8a79-20bb823bc0ec:192.168.36.107:33628, 54ce06a7-084b-40eb-9b4b-239a6e27ab83:192.168.36.107:45366], old=null
2019-08-28 20:09:54,589 [461018b7-39dd-4d28-b214-6e460473d27d:group-6BBC5E7D3DBC:LeaderElection133] INFO  impl.LeaderElection (LeaderElection.java:askForVotes(181)) - 461018b7-39dd-4d28-b214-6e460473d27d:group-6BBC5E7D3DBC:LeaderElection133: begin an election at term 2 for -1: [461018b7-39dd-4d28-b214-6e460473d27d:192.168.36.107:36069, 8fecb67b-5c4d-4732-8a79-20bb823bc0ec:192.168.36.107:33628, 54ce06a7-084b-40eb-9b4b-239a6e27ab83:192.168.36.107:45366], old=null
2019-08-28 20:09:54,592 [grpc-default-executor-8] INFO  impl.RaftServerImpl (RaftServerImpl.java:setRole(171)) - 8fecb67b-5c4d-4732-8a79-20bb823bc0ec:group-6BBC5E7D3DBC changes role from FOLLOWER to FOLLOWER at term 2 for recognizeCandidate:461018b7-39dd-4d28-b214-6e460473d27d
2019-08-28 20:09:54,592 [grpc-default-executor-8] INFO  impl.RoleInfo (RoleInfo.java:shutdownFollowerState(121)) - 8fecb67b-5c4d-4732-8a79-20bb823bc0ec: shutdown FollowerState
2019-08-28 20:09:54,592 [grpc-default-executor-8] INFO  impl.RoleInfo (RoleInfo.java:updateAndGet(143)) - 8fecb67b-5c4d-4732-8a79-20bb823bc0ec: start FollowerState
2019-08-28 20:09:54,592 [Thread-4885] INFO  impl.FollowerState (FollowerState.java:run(114)) - 8fecb67b-5c4d-4732-8a79-20bb823bc0ec: FollowerState was interrupted: java.lang.InterruptedException: sleep interrupted
2019-08-28 20:09:54,614 [99c2ffe6-7e64-4b0d-9e12-4b317a498883:group-598B0C585C63:LeaderElection136] INFO  impl.LeaderElection (LeaderElection.java:askForVotes(181)) - 99c2ffe6-7e64-4b0d-9e12-4b317a498883:group-598B0C585C63:LeaderElection136: begin an election at term 2 for -1: [0d2cbdf2-f3e9-4f0a-94d2-ebe777e5e266:192.168.36.107:39333, 32058749-0763-4169-a6f0-c48e966b88d9:192.168.36.107:45971, 99c2ffe6-7e64-4b0d-9e12-4b317a498883:192.168.36.107:36103], old=null
2019-08-28 20:09:54,614 [0d2cbdf2-f3e9-4f0a-94d2-ebe777e5e266:group-598B0C585C63:LeaderElection135] INFO  impl.LeaderElection (LeaderElection.java:askForVotes(181)) - 0d2cbdf2-f3e9-4f0a-94d2-ebe777e5e266:group-598B0C585C63:LeaderElection135: begin an election at term 2 for -1: [0d2cbdf2-f3e9-4f0a-94d2-ebe777e5e266:192.168.36.107:39333, 32058749-0763-4169-a6f0-c48e966b88d9:192.168.36.107:45971, 99c2ffe6-7e64-4b0d-9e12-4b317a498883:192.168.36.107:36103], old=null
2019-08-28 20:09:54,615 [461018b7-39dd-4d28-b214-6e460473d27d:group-6BBC5E7D3DBC:LeaderElection133] INFO  impl.LeaderElection (LeaderElection.java:logAndReturn(56)) - 461018b7-39dd-4d28-b214-6e460473d27d:group-6BBC5E7D3DBC:LeaderElection133: Election PASSED; received 2 response(s) [461018b7-39dd-4d28-b214-6e460473d27d<-8fecb67b-5c4d-4732-8a79-20bb823bc0ec#0:OK-t2, 461018b7-39dd-4d28-b214-6e460473d27d<-54ce06a7-084b-40eb-9b4b-239a6e27ab83#0:FAIL-t2] and 0 exception(s); 461018b7-39dd-4d28-b214-6e460473d27d:t2, leader=null, voted=461018b7-39dd-4d28-b214-6e460473d27d, raftlog=461018b7-39dd-4d28-b214-6e460473d27d-SegmentedRaftLog:OPENED:c-1,f-1,i0, conf=-1: [461018b7-39dd-4d28-b214-6e460473d27d:192.168.36.107:36069, 8fecb67b-5c4d-4732-8a79-20bb823bc0ec:192.168.36.107:33628, 54ce06a7-084b-40eb-9b4b-239a6e27ab83:192.168.36.107:45366], old=null
2019-08-28 20:09:54,615 [32058749-0763-4169-a6f0-c48e966b88d9:group-598B0C585C63:LeaderElection132] INFO  impl.LeaderElection (LeaderElection.java:logAndReturn(56)) - 32058749-0763-4169-a6f0-c48e966b88d9:group-598B0C585C63:LeaderElection132: Election REJECTED; received 2 response(s) [32058749-0763-4169-a6f0-c48e966b88d9<-0d2cbdf2-f3e9-4f0a-94d2-ebe777e5e266#0:FAIL-t2, 32058749-0763-4169-a6f0-c48e966b88d9<-99c2ffe6-7e64-4b0d-9e12-4b317a498883#0:FAIL-t2] and 0 exception(s); 32058749-0763-4169-a6f0-c48e966b88d9:t2, leader=null, voted=32058749-0763-4169-a6f0-c48e966b88d9, raftlog=32058749-0763-4169-a6f0-c48e966b88d9-SegmentedRaftLog:OPENED:c-1,f-1,i0, conf=-1: [0d2cbdf2-f3e9-4f0a-94d2-ebe777e5e266:192.168.36.107:39333, 32058749-0763-4169-a6f0-c48e966b88d9:192.168.36.107:45971, 99c2ffe6-7e64-4b0d-9e12-4b317a498883:192.168.36.107:36103], old=null
2019-08-28 20:09:54,615 [461018b7-39dd-4d28-b214-6e460473d27d:group-6BBC5E7D3DBC:LeaderElection133] INFO  impl.RoleInfo (RoleInfo.java:shutdownLeaderElection(134)) - 461018b7-39dd-4d28-b214-6e460473d27d: shutdown LeaderElection
2019-08-28 20:09:54,616 [32058749-0763-4169-a6f0-c48e966b88d9:group-598B0C585C63:LeaderElection132] INFO  impl.RaftServerImpl (RaftServerImpl.java:setRole(171)) - 32058749-0763-4169-a6f0-c48e966b88d9:group-598B0C585C63 changes role from CANDIDATE to FOLLOWER at term 2 for DISCOVERED_A_NEW_TERM
2019-08-28 20:09:54,616 [54ce06a7-084b-40eb-9b4b-239a6e27ab83:group-6BBC5E7D3DBC:LeaderElection134] INFO  impl.LeaderElection (LeaderElection.java:logAndReturn(56)) - 54ce06a7-084b-40eb-9b4b-239a6e27ab83:group-6BBC5E7D3DBC:LeaderElection134: Election REJECTED; received 2 response(s) [54ce06a7-084b-40eb-9b4b-239a6e27ab83<-461018b7-39dd-4d28-b214-6e460473d27d#0:FAIL-t2, 54ce06a7-084b-40eb-9b4b-239a6e27ab83<-8fecb67b-5c4d-4732-8a79-20bb823bc0ec#0:FAIL-t2] and 0 exception(s); 54ce06a7-084b-40eb-9b4b-239a6e27ab83:t2, leader=null, voted=54ce06a7-084b-40eb-9b4b-239a6e27ab83, raftlog=54ce06a7-084b-40eb-9b4b-239a6e27ab83-SegmentedRaftLog:OPENED:c-1,f-1,i0, conf=-1: [461018b7-39dd-4d28-b214-6e460473d27d:192.168.36.107:36069, 8fecb67b-5c4d-4732-8a79-20bb823bc0ec:192.168.36.107:33628, 54ce06a7-084b-40eb-9b4b-239a6e27ab83:192.168.36.107:45366], old=null
2019-08-28 20:09:54,616 [32058749-0763-4169-a6f0-c48e966b88d9:group-598B0C585C63:LeaderElection132] INFO  impl.RoleInfo (RoleInfo.java:shutdownLeaderElection(134)) - 32058749-0763-4169-a6f0-c48e966b88d9: shutdown LeaderElection
2019-08-28 20:09:54,616 [461018b7-39dd-4d28-b214-6e460473d27d:group-6BBC5E7D3DBC:LeaderElection133] INFO  impl.RaftServerImpl (RaftServerImpl.java:setRole(171)) - 461018b7-39dd-4d28-b214-6e460473d27d:group-6BBC5E7D3DBC changes role from CANDIDATE to LEADER at term 2 for changeToLeader
2019-08-28 20:09:54,616 [54ce06a7-084b-40eb-9b4b-239a6e27ab83:group-6BBC5E7D3DBC:LeaderElection134] INFO  impl.RaftServerImpl (RaftServerImpl.java:setRole(171)) - 54ce06a7-084b-40eb-9b4b-239a6e27ab83:group-6BBC5E7D3DBC changes role from CANDIDATE to FOLLOWER at term 2 for DISCOVERED_A_NEW_TERM
2019-08-28 20:09:54,617 [461018b7-39dd-4d28-b214-6e460473d27d:group-6BBC5E7D3DBC:LeaderElection133] INFO  impl.RaftServerImpl (ServerState.java:setLeader(263)) - 461018b7-39dd-4d28-b214-6e460473d27d:group-6BBC5E7D3DBC change Leader from null to 461018b7-39dd-4d28-b214-6e460473d27d at term 2 for becomeLeader, leader elected after 10568ms
2019-08-28 20:09:54,617 [32058749-0763-4169-a6f0-c48e966b88d9:group-598B0C585C63:LeaderElection132] INFO  impl.RoleInfo (RoleInfo.java:updateAndGet(143)) - 32058749-0763-4169-a6f0-c48e966b88d9: start FollowerState
2019-08-28 20:09:54,617 [461018b7-39dd-4d28-b214-6e460473d27d:group-6BBC5E7D3DBC:LeaderElection133] INFO  server.RaftServerConfigKeys (ConfUtils.java:logGet(43)) - raft.server.staging.catchup.gap = 1000 (default)
2019-08-28 20:09:54,617 [54ce06a7-084b-40eb-9b4b-239a6e27ab83:group-6BBC5E7D3DBC:LeaderElection134] INFO  impl.RoleInfo (RoleInfo.java:shutdownLeaderElection(134)) - 54ce06a7-084b-40eb-9b4b-239a6e27ab83: shutdown LeaderElection
2019-08-28 20:09:54,617 [461018b7-39dd-4d28-b214-6e460473d27d:group-6BBC5E7D3DBC:LeaderElection133] INFO  server.RaftServerConfigKeys (ConfUtils.java:logGet(43)) - raft.server.rpc.sleep.time = 25ms (default)
2019-08-28 20:09:54,617 [54ce06a7-084b-40eb-9b4b-239a6e27ab83:group-6BBC5E7D3DBC:LeaderElection134] INFO  impl.RoleInfo (RoleInfo.java:updateAndGet(143)) - 54ce06a7-084b-40eb-9b4b-239a6e27ab83: start FollowerState
2019-08-28 20:09:54,617 [461018b7-39dd-4d28-b214-6e460473d27d:group-6BBC5E7D3DBC:LeaderElection133] INFO  server.RaftServerConfigKeys (ConfUtils.java:logGet(43)) - raft.server.write.element-limit = 4096 (default)
2019-08-28 20:09:54,618 [461018b7-39dd-4d28-b214-6e460473d27d:group-6BBC5E7D3DBC:LeaderElection133] INFO  server.RaftServerConfigKeys (ConfUtils.java:logGet(43)) - raft.server.watch.timeout = 10s (default)
2019-08-28 20:09:54,618 [461018b7-39dd-4d28-b214-6e460473d27d:group-6BBC5E7D3DBC:LeaderElection133] INFO  server.RaftServerConfigKeys (ConfUtils.java:logGet(43)) - raft.server.watch.timeout.denomination = 1s (default)
2019-08-28 20:09:54,618 [461018b7-39dd-4d28-b214-6e460473d27d:group-6BBC5E7D3DBC:LeaderElection133] INFO  server.RaftServerConfigKeys (ConfUtils.java:logGet(43)) - raft.server.watch.element-limit = 65536 (default)
2019-08-28 20:09:54,618 [461018b7-39dd-4d28-b214-6e460473d27d:group-6BBC5E7D3DBC:LeaderElection133] INFO  server.RaftServerConfigKeys (ConfUtils.java:logGet(43)) - raft.server.log.appender.snapshot.chunk.size.max = 16MB (=16777216) (default)
2019-08-28 20:09:54,618 [0d2cbdf2-f3e9-4f0a-94d2-ebe777e5e266:group-598B0C585C63:LeaderElection135] INFO  impl.LeaderElection (LeaderElection.java:logAndReturn(56)) - 0d2cbdf2-f3e9-4f0a-94d2-ebe777e5e266:group-598B0C585C63:LeaderElection135: Election REJECTED; received 2 response(s) [0d2cbdf2-f3e9-4f0a-94d2-ebe777e5e266<-32058749-0763-4169-a6f0-c48e966b88d9#0:FAIL-t2, 0d2cbdf2-f3e9-4f0a-94d2-ebe777e5e266<-99c2ffe6-7e64-4b0d-9e12-4b317a498883#0:FAIL-t2] and 0 exception(s); 0d2cbdf2-f3e9-4f0a-94d2-ebe777e5e266:t2, leader=null, voted=0d2cbdf2-f3e9-4f0a-94d2-ebe777e5e266, raftlog=0d2cbdf2-f3e9-4f0a-94d2-ebe777e5e266-SegmentedRaftLog:OPENED:c-1,f-1,i0, conf=-1: [0d2cbdf2-f3e9-4f0a-94d2-ebe777e5e266:192.168.36.107:39333, 32058749-0763-4169-a6f0-c48e966b88d9:192.168.36.107:45971, 99c2ffe6-7e64-4b0d-9e12-4b317a498883:192.168.36.107:36103], old=null
2019-08-28 20:09:54,619 [461018b7-39dd-4d28-b214-6e460473d27d:group-6BBC5E7D3DBC:LeaderElection133] INFO  server.RaftServerConfigKeys (ConfUtils.java:logGet(43)) - raft.server.log.appender.buffer.byte-limit = 33554432 (custom)
2019-08-28 20:09:54,619 [99c2ffe6-7e64-4b0d-9e12-4b317a498883:group-598B0C585C63:LeaderElection136] INFO  impl.LeaderElection (LeaderElection.java:logAndReturn(56)) - 99c2ffe6-7e64-4b0d-9e12-4b317a498883:group-598B0C585C63:LeaderElection136: Election REJECTED; received 2 response(s) [99c2ffe6-7e64-4b0d-9e12-4b317a498883<-0d2cbdf2-f3e9-4f0a-94d2-ebe777e5e266#0:FAIL-t2, 99c2ffe6-7e64-4b0d-9e12-4b317a498883<-32058749-0763-4169-a6f0-c48e966b88d9#0:FAIL-t2] and 0 exception(s); 99c2ffe6-7e64-4b0d-9e12-4b317a498883:t2, leader=null, voted=99c2ffe6-7e64-4b0d-9e12-4b317a498883, raftlog=99c2ffe6-7e64-4b0d-9e12-4b317a498883-SegmentedRaftLog:OPENED:c-1,f-1,i0, conf=-1: [0d2cbdf2-f3e9-4f0a-94d2-ebe777e5e266:192.168.36.107:39333, 32058749-0763-4169-a6f0-c48e966b88d9:192.168.36.107:45971, 99c2ffe6-7e64-4b0d-9e12-4b317a498883:192.168.36.107:36103], old=null
2019-08-28 20:09:54,619 [0d2cbdf2-f3e9-4f0a-94d2-ebe777e5e266:group-598B0C585C63:LeaderElection135] INFO  impl.RaftServerImpl (RaftServerImpl.java:setRole(171)) - 0d2cbdf2-f3e9-4f0a-94d2-ebe777e5e266:group-598B0C585C63 changes role from CANDIDATE to FOLLOWER at term 2 for DISCOVERED_A_NEW_TERM
2019-08-28 20:09:54,619 [99c2ffe6-7e64-4b0d-9e12-4b317a498883:group-598B0C585C63:LeaderElection136] INFO  impl.RaftServerImpl (RaftServerImpl.java:setRole(171)) - 99c2ffe6-7e64-4b0d-9e12-4b317a498883:group-598B0C585C63 changes role from CANDIDATE to FOLLOWER at term 2 for DISCOVERED_A_NEW_TERM
2019-08-28 20:09:54,620 [99c2ffe6-7e64-4b0d-9e12-4b317a498883:group-598B0C585C63:LeaderElection136] INFO  impl.RoleInfo (RoleInfo.java:shutdownLeaderElection(134)) - 99c2ffe6-7e64-4b0d-9e12-4b317a498883: shutdown LeaderElection
2019-08-28 20:09:54,619 [461018b7-39dd-4d28-b214-6e460473d27d:group-6BBC5E7D3DBC:LeaderElection133] INFO  server.RaftServerConfigKeys (ConfUtils.java:logGet(43)) - raft.server.log.appender.buffer.element-limit = 1 (custom)
2019-08-28 20:09:54,620 [99c2ffe6-7e64-4b0d-9e12-4b317a498883:group-598B0C585C63:LeaderElection136] INFO  impl.RoleInfo (RoleInfo.java:updateAndGet(143)) - 99c2ffe6-7e64-4b0d-9e12-4b317a498883: start FollowerState
2019-08-28 20:09:54,619 [0d2cbdf2-f3e9-4f0a-94d2-ebe777e5e266:group-598B0C585C63:LeaderElection135] INFO  impl.RoleInfo (RoleInfo.java:shutdownLeaderElection(134)) - 0d2cbdf2-f3e9-4f0a-94d2-ebe777e5e266: shutdown LeaderElection
2019-08-28 20:09:54,620 [461018b7-39dd-4d28-b214-6e460473d27d:group-6BBC5E7D3DBC:LeaderElection133] INFO  grpc.GrpcConfigKeys$Server (ConfUtils.java:logGet(43)) - raft.grpc.server.leader.outstanding.appends.max = 128 (default)
2019-08-28 20:09:54,620 [0d2cbdf2-f3e9-4f0a-94d2-ebe777e5e266:group-598B0C585C63:LeaderElection135] INFO  impl.RoleInfo (RoleInfo.java:updateAndGet(143)) - 0d2cbdf2-f3e9-4f0a-94d2-ebe777e5e266: start FollowerState
2019-08-28 20:09:54,620 [461018b7-39dd-4d28-b214-6e460473d27d:group-6BBC5E7D3DBC:LeaderElection133] INFO  server.RaftServerConfigKeys (ConfUtils.java:logGet(43)) - raft.server.rpc.request.timeout = 3000ms (default)
2019-08-28 20:09:54,621 [461018b7-39dd-4d28-b214-6e460473d27d:group-6BBC5E7D3DBC:LeaderElection133] INFO  server.RaftServerConfigKeys (ConfUtils.java:logGet(43)) - raft.server.log.appender.install.snapshot.enabled = false (custom)
2019-08-28 20:09:54,621 [461018b7-39dd-4d28-b214-6e460473d27d:group-6BBC5E7D3DBC:LeaderElection133] INFO  server.RaftServerConfigKeys (ConfUtils.java:logGet(43)) - raft.server.log.appender.snapshot.chunk.size.max = 16MB (=16777216) (default)
2019-08-28 20:09:54,621 [461018b7-39dd-4d28-b214-6e460473d27d:group-6BBC5E7D3DBC:LeaderElection133] INFO  server.RaftServerConfigKeys (ConfUtils.java:logGet(43)) - raft.server.log.appender.buffer.byte-limit = 33554432 (custom)
2019-08-28 20:09:54,621 [461018b7-39dd-4d28-b214-6e460473d27d:group-6BBC5E7D3DBC:LeaderElection133] INFO  server.RaftServerConfigKeys (ConfUtils.java:logGet(43)) - raft.server.log.appender.buffer.element-limit = 1 (custom)
2019-08-28 20:09:54,622 [461018b7-39dd-4d28-b214-6e460473d27d:group-6BBC5E7D3DBC:LeaderElection133] INFO  grpc.GrpcConfigKeys$Server (ConfUtils.java:logGet(43)) - raft.grpc.server.leader.outstanding.appends.max = 128 (default)
2019-08-28 20:09:54,622 [461018b7-39dd-4d28-b214-6e460473d27d:group-6BBC5E7D3DBC:LeaderElection133] INFO  server.RaftServerConfigKeys (ConfUtils.java:logGet(43)) - raft.server.rpc.request.timeout = 3000ms (default)
2019-08-28 20:09:54,622 [461018b7-39dd-4d28-b214-6e460473d27d:group-6BBC5E7D3DBC:LeaderElection133] INFO  server.RaftServerConfigKeys (ConfUtils.java:logGet(43)) - raft.server.log.appender.install.snapshot.enabled = false (custom)
2019-08-28 20:09:54,622 [461018b7-39dd-4d28-b214-6e460473d27d:group-6BBC5E7D3DBC:LeaderElection133] INFO  impl.RoleInfo (RoleInfo.java:updateAndGet(143)) - 461018b7-39dd-4d28-b214-6e460473d27d: start LeaderState
2019-08-28 20:09:54,622 [461018b7-39dd-4d28-b214-6e460473d27d:group-6BBC5E7D3DBC:LeaderElection133] INFO  segmented.SegmentedRaftLogWorker (SegmentedRaftLogWorker.java:startLogSegment(380)) - 461018b7-39dd-4d28-b214-6e460473d27d-SegmentedRaftLogWorker:Storage Directory /workdir/hadoop-ozone/integration-test/target/test-dir/MiniOzoneClusterImpl-72b920a7-1e55-4753-92eb-643903605a0d/datanode-5/data/ratis/20cd9d68-7709-4047-9b3a-6bbc5e7d3dbc: Starting segment from index:0
2019-08-28 20:09:54,623 [461018b7-39dd-4d28-b214-6e460473d27d:group-6BBC5E7D3DBC:LeaderElection133] INFO  impl.RaftServerImpl (ServerState.java:setRaftConf(361)) - 461018b7-39dd-4d28-b214-6e460473d27d:group-6BBC5E7D3DBC set configuration 0: [461018b7-39dd-4d28-b214-6e460473d27d:192.168.36.107:36069, 8fecb67b-5c4d-4732-8a79-20bb823bc0ec:192.168.36.107:33628, 54ce06a7-084b-40eb-9b4b-239a6e27ab83:192.168.36.107:45366], old=null at 0
2019-08-28 20:09:54,624 [grpc-default-executor-12] INFO  impl.RaftServerImpl (ServerState.java:setLeader(263)) - 8fecb67b-5c4d-4732-8a79-20bb823bc0ec:group-6BBC5E7D3DBC change Leader from null to 461018b7-39dd-4d28-b214-6e460473d27d at term 2 for appendEntries, leader elected after 10576ms
2019-08-28 20:09:54,624 [grpc-default-executor-2] INFO  impl.RaftServerImpl (ServerState.java:setLeader(263)) - 54ce06a7-084b-40eb-9b4b-239a6e27ab83:group-6BBC5E7D3DBC change Leader from null to 461018b7-39dd-4d28-b214-6e460473d27d at term 2 for appendEntries, leader elected after 10577ms
2019-08-28 20:09:54,626 [grpc-default-executor-12] INFO  impl.RaftServerImpl (ServerState.java:setRaftConf(361)) - 8fecb67b-5c4d-4732-8a79-20bb823bc0ec:group-6BBC5E7D3DBC set configuration 0: [461018b7-39dd-4d28-b214-6e460473d27d:192.168.36.107:36069, 8fecb67b-5c4d-4732-8a79-20bb823bc0ec:192.168.36.107:33628, 54ce06a7-084b-40eb-9b4b-239a6e27ab83:192.168.36.107:45366], old=null at 0
2019-08-28 20:09:54,627 [grpc-default-executor-2] INFO  impl.RaftServerImpl (ServerState.java:setRaftConf(361)) - 54ce06a7-084b-40eb-9b4b-239a6e27ab83:group-6BBC5E7D3DBC set configuration 0: [461018b7-39dd-4d28-b214-6e460473d27d:192.168.36.107:36069, 8fecb67b-5c4d-4732-8a79-20bb823bc0ec:192.168.36.107:33628, 54ce06a7-084b-40eb-9b4b-239a6e27ab83:192.168.36.107:45366], old=null at 0
2019-08-28 20:09:54,627 [grpc-default-executor-12] INFO  segmented.SegmentedRaftLogWorker (SegmentedRaftLogWorker.java:startLogSegment(380)) - 8fecb67b-5c4d-4732-8a79-20bb823bc0ec-SegmentedRaftLogWorker:Storage Directory /workdir/hadoop-ozone/integration-test/target/test-dir/MiniOzoneClusterImpl-72b920a7-1e55-4753-92eb-643903605a0d/datanode-1/data/ratis/20cd9d68-7709-4047-9b3a-6bbc5e7d3dbc: Starting segment from index:0
2019-08-28 20:09:54,627 [grpc-default-executor-2] INFO  segmented.SegmentedRaftLogWorker (SegmentedRaftLogWorker.java:startLogSegment(380)) - 54ce06a7-084b-40eb-9b4b-239a6e27ab83-SegmentedRaftLogWorker:Storage Directory /workdir/hadoop-ozone/integration-test/target/test-dir/MiniOzoneClusterImpl-72b920a7-1e55-4753-92eb-643903605a0d/datanode-3/data/ratis/20cd9d68-7709-4047-9b3a-6bbc5e7d3dbc: Starting segment from index:0
2019-08-28 20:09:54,660 | INFO  | SCMAudit | user=jenkins1000 | ip=192.168.36.107 | op=SEND_HEARTBEAT {datanodeUUID=461018b7-39dd-4d28-b214-6e460473d27d, command=[]} | ret=SUCCESS |  
2019-08-28 20:09:54,685 [461018b7-39dd-4d28-b214-6e460473d27d-SegmentedRaftLogWorker:Storage Directory /workdir/hadoop-ozone/integration-test/target/test-dir/MiniOzoneClusterImpl-72b920a7-1e55-4753-92eb-643903605a0d/datanode-5/data/ratis/20cd9d68-7709-4047-9b3a-6bbc5e7d3dbc] INFO  segmented.SegmentedRaftLogWorker (SegmentedRaftLogWorker.java:execute(569)) - 461018b7-39dd-4d28-b214-6e460473d27d-SegmentedRaftLogWorker:Storage Directory /workdir/hadoop-ozone/integration-test/target/test-dir/MiniOzoneClusterImpl-72b920a7-1e55-4753-92eb-643903605a0d/datanode-5/data/ratis/20cd9d68-7709-4047-9b3a-6bbc5e7d3dbc: created new log segment /workdir/hadoop-ozone/integration-test/target/test-dir/MiniOzoneClusterImpl-72b920a7-1e55-4753-92eb-643903605a0d/datanode-5/data/ratis/20cd9d68-7709-4047-9b3a-6bbc5e7d3dbc/current/log_inprogress_0
2019-08-28 20:09:54,685 [54ce06a7-084b-40eb-9b4b-239a6e27ab83-SegmentedRaftLogWorker:Storage Directory /workdir/hadoop-ozone/integration-test/target/test-dir/MiniOzoneClusterImpl-72b920a7-1e55-4753-92eb-643903605a0d/datanode-3/data/ratis/20cd9d68-7709-4047-9b3a-6bbc5e7d3dbc] INFO  segmented.SegmentedRaftLogWorker (SegmentedRaftLogWorker.java:execute(569)) - 54ce06a7-084b-40eb-9b4b-239a6e27ab83-SegmentedRaftLogWorker:Storage Directory /workdir/hadoop-ozone/integration-test/target/test-dir/MiniOzoneClusterImpl-72b920a7-1e55-4753-92eb-643903605a0d/datanode-3/data/ratis/20cd9d68-7709-4047-9b3a-6bbc5e7d3dbc: created new log segment /workdir/hadoop-ozone/integration-test/target/test-dir/MiniOzoneClusterImpl-72b920a7-1e55-4753-92eb-643903605a0d/datanode-3/data/ratis/20cd9d68-7709-4047-9b3a-6bbc5e7d3dbc/current/log_inprogress_0
2019-08-28 20:09:54,685 [8fecb67b-5c4d-4732-8a79-20bb823bc0ec-SegmentedRaftLogWorker:Storage Directory /workdir/hadoop-ozone/integration-test/target/test-dir/MiniOzoneClusterImpl-72b920a7-1e55-4753-92eb-643903605a0d/datanode-1/data/ratis/20cd9d68-7709-4047-9b3a-6bbc5e7d3dbc] INFO  segmented.SegmentedRaftLogWorker (SegmentedRaftLogWorker.java:execute(569)) - 8fecb67b-5c4d-4732-8a79-20bb823bc0ec-SegmentedRaftLogWorker:Storage Directory /workdir/hadoop-ozone/integration-test/target/test-dir/MiniOzoneClusterImpl-72b920a7-1e55-4753-92eb-643903605a0d/datanode-1/data/ratis/20cd9d68-7709-4047-9b3a-6bbc5e7d3dbc: created new log segment /workdir/hadoop-ozone/integration-test/target/test-dir/MiniOzoneClusterImpl-72b920a7-1e55-4753-92eb-643903605a0d/datanode-1/data/ratis/20cd9d68-7709-4047-9b3a-6bbc5e7d3dbc/current/log_inprogress_0
2019-08-28 20:09:54,742 | INFO  | SCMAudit | user=jenkins1000 | ip=192.168.36.107 | op=SEND_HEARTBEAT {datanodeUUID=0d2cbdf2-f3e9-4f0a-94d2-ebe777e5e266, command=[]} | ret=SUCCESS |  
2019-08-28 20:09:55,091 | INFO  | DNAudit | user=null | ip=null | op=WRITE_CHUNK {blockData=conID: 1 locID: 102696418330869784 bcsId: 0} | ret=SUCCESS |  
2019-08-28 20:09:55,091 | INFO  | DNAudit | user=null | ip=null | op=WRITE_CHUNK {blockData=conID: 1 locID: 102696418330869784 bcsId: 0} | ret=SUCCESS |  
2019-08-28 20:09:55,091 | INFO  | DNAudit | user=null | ip=null | op=WRITE_CHUNK {blockData=conID: 1 locID: 102696418330869784 bcsId: 0} | ret=SUCCESS |  
2019-08-28 20:09:55,092 | INFO  | SCMAudit | user=jenkins1000 | ip=192.168.36.107 | op=SEND_HEARTBEAT {datanodeUUID=461018b7-39dd-4d28-b214-6e460473d27d, command=[]} | ret=SUCCESS |  
2019-08-28 20:09:55,092 | INFO  | SCMAudit | user=jenkins1000 | ip=192.168.36.107 | op=SEND_HEARTBEAT {datanodeUUID=8fecb67b-5c4d-4732-8a79-20bb823bc0ec, command=[]} | ret=SUCCESS |  
2019-08-28 20:09:55,092 | INFO  | SCMAudit | user=jenkins1000 | ip=192.168.36.107 | op=SEND_HEARTBEAT {datanodeUUID=54ce06a7-084b-40eb-9b4b-239a6e27ab83, command=[]} | ret=SUCCESS |  
2019-08-28 20:09:55,127 | INFO  | DNAudit | user=null | ip=null | op=WRITE_CHUNK {blockData=conID: 1 locID: 102696418330869784 bcsId: 0} | ret=SUCCESS |  
2019-08-28 20:09:55,132 [grpc-default-executor-12] INFO  client.GrpcClientProtocolClient (GrpcClientProtocolClient.java:onNext(255)) - client-E53158BC8632->461018b7-39dd-4d28-b214-6e460473d27d: receive RaftClientReply:client-E53158BC8632->461018b7-39dd-4d28-b214-6e460473d27d@group-6BBC5E7D3DBC, cid=249, SUCCESS, logIndex=1, commits[461018b7-39dd-4d28-b214-6e460473d27d:c2, 8fecb67b-5c4d-4732-8a79-20bb823bc0ec:c0, 54ce06a7-084b-40eb-9b4b-239a6e27ab83:c0]
2019-08-28 20:09:55,135 | INFO  | DNAudit | user=null | ip=null | op=WRITE_CHUNK {blockData=conID: 1 locID: 102696418330869784 bcsId: 0} | ret=SUCCESS |  
2019-08-28 20:09:55,136 | INFO  | DNAudit | user=null | ip=null | op=WRITE_CHUNK {blockData=conID: 1 locID: 102696418330869784 bcsId: 0} | ret=SUCCESS |  
2019-08-28 20:09:55,136 | INFO  | DNAudit | user=null | ip=null | op=WRITE_CHUNK {blockData=conID: 1 locID: 102696418330869784 bcsId: 0} | ret=SUCCESS |  
2019-08-28 20:09:55,148 | INFO  | DNAudit | user=null | ip=null | op=WRITE_CHUNK {blockData=conID: 1 locID: 102696418330869784 bcsId: 0} | ret=SUCCESS |  
2019-08-28 20:09:55,149 | INFO  | DNAudit | user=null | ip=null | op=WRITE_CHUNK {blockData=conID: 1 locID: 102696418330869784 bcsId: 0} | ret=SUCCESS |  
2019-08-28 20:09:55,166 | INFO  | DNAudit | user=null | ip=null | op=WRITE_CHUNK {blockData=conID: 1 locID: 102696418330869784 bcsId: 0} | ret=SUCCESS |  
2019-08-28 20:09:55,171 [grpc-default-executor-12] INFO  client.GrpcClientProtocolClient (GrpcClientProtocolClient.java:onNext(255)) - client-E53158BC8632->461018b7-39dd-4d28-b214-6e460473d27d: receive RaftClientReply:client-E53158BC8632->461018b7-39dd-4d28-b214-6e460473d27d@group-6BBC5E7D3DBC, cid=250, SUCCESS, logIndex=3, commits[461018b7-39dd-4d28-b214-6e460473d27d:c3, 8fecb67b-5c4d-4732-8a79-20bb823bc0ec:c2, 54ce06a7-084b-40eb-9b4b-239a6e27ab83:c2]
2019-08-28 20:09:55,224 | INFO  | DNAudit | user=null | ip=null | op=PUT_BLOCK {blockData=[blockId=conID: 1 locID: 102696418330869784 bcsId: 0,size=167]} | ret=SUCCESS |  
2019-08-28 20:09:55,226 [grpc-default-executor-12] INFO  client.GrpcClientProtocolClient (GrpcClientProtocolClient.java:onNext(255)) - client-E53158BC8632->461018b7-39dd-4d28-b214-6e460473d27d: receive RaftClientReply:client-E53158BC8632->461018b7-39dd-4d28-b214-6e460473d27d@group-6BBC5E7D3DBC, cid=251, SUCCESS, logIndex=4, commits[461018b7-39dd-4d28-b214-6e460473d27d:c6, 8fecb67b-5c4d-4732-8a79-20bb823bc0ec:c2, 54ce06a7-084b-40eb-9b4b-239a6e27ab83:c2]
2019-08-28 20:09:55,354 | INFO  | SCMAudit | user=jenkins1000 | ip=192.168.36.107 | op=SEND_HEARTBEAT {datanodeUUID=32058749-0763-4169-a6f0-c48e966b88d9, command=[]} | ret=SUCCESS |  
2019-08-28 20:09:55,465 | INFO  | SCMAudit | user=jenkins1000 | ip=192.168.36.107 | op=SEND_HEARTBEAT {datanodeUUID=832d9bd2-6690-412c-a054-04d2b759cec3, command=[]} | ret=SUCCESS |  
2019-08-28 20:09:55,582 | INFO  | SCMAudit | user=jenkins1000 | ip=192.168.36.107 | op=SEND_HEARTBEAT {datanodeUUID=99c2ffe6-7e64-4b0d-9e12-4b317a498883, command=[]} | ret=SUCCESS |  
2019-08-28 20:09:55,742 | INFO  | SCMAudit | user=jenkins1000 | ip=192.168.36.107 | op=SEND_HEARTBEAT {datanodeUUID=0d2cbdf2-f3e9-4f0a-94d2-ebe777e5e266, command=[]} | ret=SUCCESS |  
2019-08-28 20:09:56,092 | INFO  | SCMAudit | user=jenkins1000 | ip=192.168.36.107 | op=SEND_HEARTBEAT {datanodeUUID=461018b7-39dd-4d28-b214-6e460473d27d, command=[]} | ret=SUCCESS |  
2019-08-28 20:09:56,092 | INFO  | SCMAudit | user=jenkins1000 | ip=192.168.36.107 | op=SEND_HEARTBEAT {datanodeUUID=8fecb67b-5c4d-4732-8a79-20bb823bc0ec, command=[]} | ret=SUCCESS |  
2019-08-28 20:09:56,092 | INFO  | SCMAudit | user=jenkins1000 | ip=192.168.36.107 | op=SEND_HEARTBEAT {datanodeUUID=54ce06a7-084b-40eb-9b4b-239a6e27ab83, command=[]} | ret=SUCCESS |  
2019-08-28 20:09:56,227 [main] WARN  scm.XceiverClientRatis (XceiverClientRatis.java:watchForCommit(262)) - 3 way commit failed on pipeline Pipeline[ Id: 20cd9d68-7709-4047-9b3a-6bbc5e7d3dbc, Nodes: 54ce06a7-084b-40eb-9b4b-239a6e27ab83{ip: 192.168.36.107, host: pr-hdds-1949-jn7bv-2990118995, networkLocation: /default-rack, certSerialId: null}8fecb67b-5c4d-4732-8a79-20bb823bc0ec{ip: 192.168.36.107, host: pr-hdds-1949-jn7bv-2990118995, networkLocation: /default-rack, certSerialId: null}461018b7-39dd-4d28-b214-6e460473d27d{ip: 192.168.36.107, host: pr-hdds-1949-jn7bv-2990118995, networkLocation: /default-rack, certSerialId: null}, Type:RATIS, Factor:THREE, State:OPEN]
java.util.concurrent.TimeoutException
	at java.util.concurrent.CompletableFuture.timedGet(CompletableFuture.java:1771)
	at java.util.concurrent.CompletableFuture.get(CompletableFuture.java:1915)
	at org.apache.hadoop.hdds.scm.XceiverClientRatis.watchForCommit(XceiverClientRatis.java:259)
	at org.apache.hadoop.hdds.scm.storage.CommitWatcher.watchForCommit(CommitWatcher.java:194)
	at org.apache.hadoop.hdds.scm.storage.CommitWatcher.watchOnLastIndex(CommitWatcher.java:157)
	at org.apache.hadoop.hdds.scm.storage.BlockOutputStream.watchForCommit(BlockOutputStream.java:347)
	at org.apache.hadoop.hdds.scm.storage.BlockOutputStream.handleFlush(BlockOutputStream.java:479)
	at org.apache.hadoop.hdds.scm.storage.BlockOutputStream.flush(BlockOutputStream.java:428)
	at org.apache.hadoop.ozone.client.io.BlockOutputStreamEntry.flush(BlockOutputStreamEntry.java:136)
	at org.apache.hadoop.ozone.client.io.KeyOutputStream.handleFlushOrClose(KeyOutputStream.java:442)
	at org.apache.hadoop.ozone.client.io.KeyOutputStream.flush(KeyOutputStream.java:396)
	at org.apache.hadoop.ozone.client.io.OzoneOutputStream.flush(OzoneOutputStream.java:54)
	at org.apache.hadoop.ozone.client.rpc.TestBlockOutputStreamWithFailures.testExceptionDuringClose(TestBlockOutputStreamWithFailures.java:720)
	at sun.reflect.NativeMethodAccessorImpl.invoke0(Native Method)
	at sun.reflect.NativeMethodAccessorImpl.invoke(NativeMethodAccessorImpl.java:62)
	at sun.reflect.DelegatingMethodAccessorImpl.invoke(DelegatingMethodAccessorImpl.java:43)
	at java.lang.reflect.Method.invoke(Method.java:498)
	at org.junit.runners.model.FrameworkMethod$1.runReflectiveCall(FrameworkMethod.java:47)
	at org.junit.internal.runners.model.ReflectiveCallable.run(ReflectiveCallable.java:12)
	at org.junit.runners.model.FrameworkMethod.invokeExplosively(FrameworkMethod.java:44)
	at org.junit.internal.runners.statements.InvokeMethod.evaluate(InvokeMethod.java:17)
	at org.junit.internal.runners.statements.RunBefores.evaluate(RunBefores.java:26)
	at org.junit.internal.runners.statements.RunAfters.evaluate(RunAfters.java:27)
	at org.junit.runners.ParentRunner.runLeaf(ParentRunner.java:271)
	at org.junit.runners.BlockJUnit4ClassRunner.runChild(BlockJUnit4ClassRunner.java:70)
	at org.junit.runners.BlockJUnit4ClassRunner.runChild(BlockJUnit4ClassRunner.java:50)
	at org.junit.runners.ParentRunner$3.run(ParentRunner.java:238)
	at org.junit.runners.ParentRunner$1.schedule(ParentRunner.java:63)
	at org.junit.runners.ParentRunner.runChildren(ParentRunner.java:236)
	at org.junit.runners.ParentRunner.access$000(ParentRunner.java:53)
	at org.junit.runners.ParentRunner$2.evaluate(ParentRunner.java:229)
	at org.junit.runners.ParentRunner.run(ParentRunner.java:309)
	at org.apache.maven.surefire.junit4.JUnit4Provider.execute(JUnit4Provider.java:365)
	at org.apache.maven.surefire.junit4.JUnit4Provider.executeWithRerun(JUnit4Provider.java:273)
	at org.apache.maven.surefire.junit4.JUnit4Provider.executeTestSet(JUnit4Provider.java:238)
	at org.apache.maven.surefire.junit4.JUnit4Provider.invoke(JUnit4Provider.java:159)
	at org.apache.maven.surefire.booter.ForkedBooter.invokeProviderInSameClassLoader(ForkedBooter.java:384)
	at org.apache.maven.surefire.booter.ForkedBooter.runSuitesInProcess(ForkedBooter.java:345)
	at org.apache.maven.surefire.booter.ForkedBooter.execute(ForkedBooter.java:126)
	at org.apache.maven.surefire.booter.ForkedBooter.main(ForkedBooter.java:418)
2019-08-28 20:09:56,355 | INFO  | SCMAudit | user=jenkins1000 | ip=192.168.36.107 | op=SEND_HEARTBEAT {datanodeUUID=32058749-0763-4169-a6f0-c48e966b88d9, command=[]} | ret=SUCCESS |  
2019-08-28 20:09:56,465 | INFO  | SCMAudit | user=jenkins1000 | ip=192.168.36.107 | op=SEND_HEARTBEAT {datanodeUUID=832d9bd2-6690-412c-a054-04d2b759cec3, command=[]} | ret=SUCCESS |  
2019-08-28 20:09:56,582 | INFO  | SCMAudit | user=jenkins1000 | ip=192.168.36.107 | op=SEND_HEARTBEAT {datanodeUUID=99c2ffe6-7e64-4b0d-9e12-4b317a498883, command=[]} | ret=SUCCESS |  
2019-08-28 20:09:56,742 | INFO  | SCMAudit | user=jenkins1000 | ip=192.168.36.107 | op=SEND_HEARTBEAT {datanodeUUID=0d2cbdf2-f3e9-4f0a-94d2-ebe777e5e266, command=[]} | ret=SUCCESS |  
2019-08-28 20:09:57,091 | INFO  | SCMAudit | user=jenkins1000 | ip=192.168.36.107 | op=SEND_HEARTBEAT {datanodeUUID=8fecb67b-5c4d-4732-8a79-20bb823bc0ec, command=[]} | ret=SUCCESS |  
2019-08-28 20:09:57,091 | INFO  | SCMAudit | user=jenkins1000 | ip=192.168.36.107 | op=SEND_HEARTBEAT {datanodeUUID=461018b7-39dd-4d28-b214-6e460473d27d, command=[]} | ret=SUCCESS |  
2019-08-28 20:09:57,091 | INFO  | SCMAudit | user=jenkins1000 | ip=192.168.36.107 | op=SEND_HEARTBEAT {datanodeUUID=54ce06a7-084b-40eb-9b4b-239a6e27ab83, command=[]} | ret=SUCCESS |  
2019-08-28 20:09:57,231 [main] WARN  storage.CommitWatcher (CommitWatcher.java:watchForCommit(203)) - watchForCommit failed for index 4
java.util.concurrent.TimeoutException
	at java.util.concurrent.CompletableFuture.timedGet(CompletableFuture.java:1771)
	at java.util.concurrent.CompletableFuture.get(CompletableFuture.java:1915)
	at org.apache.hadoop.hdds.scm.XceiverClientRatis.watchForCommit(XceiverClientRatis.java:268)
	at org.apache.hadoop.hdds.scm.storage.CommitWatcher.watchForCommit(CommitWatcher.java:194)
	at org.apache.hadoop.hdds.scm.storage.CommitWatcher.watchOnLastIndex(CommitWatcher.java:157)
	at org.apache.hadoop.hdds.scm.storage.BlockOutputStream.watchForCommit(BlockOutputStream.java:347)
	at org.apache.hadoop.hdds.scm.storage.BlockOutputStream.handleFlush(BlockOutputStream.java:479)
	at org.apache.hadoop.hdds.scm.storage.BlockOutputStream.flush(BlockOutputStream.java:428)
	at org.apache.hadoop.ozone.client.io.BlockOutputStreamEntry.flush(BlockOutputStreamEntry.java:136)
	at org.apache.hadoop.ozone.client.io.KeyOutputStream.handleFlushOrClose(KeyOutputStream.java:442)
	at org.apache.hadoop.ozone.client.io.KeyOutputStream.flush(KeyOutputStream.java:396)
	at org.apache.hadoop.ozone.client.io.OzoneOutputStream.flush(OzoneOutputStream.java:54)
	at org.apache.hadoop.ozone.client.rpc.TestBlockOutputStreamWithFailures.testExceptionDuringClose(TestBlockOutputStreamWithFailures.java:720)
	at sun.reflect.NativeMethodAccessorImpl.invoke0(Native Method)
	at sun.reflect.NativeMethodAccessorImpl.invoke(NativeMethodAccessorImpl.java:62)
	at sun.reflect.DelegatingMethodAccessorImpl.invoke(DelegatingMethodAccessorImpl.java:43)
	at java.lang.reflect.Method.invoke(Method.java:498)
	at org.junit.runners.model.FrameworkMethod$1.runReflectiveCall(FrameworkMethod.java:47)
	at org.junit.internal.runners.model.ReflectiveCallable.run(ReflectiveCallable.java:12)
	at org.junit.runners.model.FrameworkMethod.invokeExplosively(FrameworkMethod.java:44)
	at org.junit.internal.runners.statements.InvokeMethod.evaluate(InvokeMethod.java:17)
	at org.junit.internal.runners.statements.RunBefores.evaluate(RunBefores.java:26)
	at org.junit.internal.runners.statements.RunAfters.evaluate(RunAfters.java:27)
	at org.junit.runners.ParentRunner.runLeaf(ParentRunner.java:271)
	at org.junit.runners.BlockJUnit4ClassRunner.runChild(BlockJUnit4ClassRunner.java:70)
	at org.junit.runners.BlockJUnit4ClassRunner.runChild(BlockJUnit4ClassRunner.java:50)
	at org.junit.runners.ParentRunner$3.run(ParentRunner.java:238)
	at org.junit.runners.ParentRunner$1.schedule(ParentRunner.java:63)
	at org.junit.runners.ParentRunner.runChildren(ParentRunner.java:236)
	at org.junit.runners.ParentRunner.access$000(ParentRunner.java:53)
	at org.junit.runners.ParentRunner$2.evaluate(ParentRunner.java:229)
	at org.junit.runners.ParentRunner.run(ParentRunner.java:309)
	at org.apache.maven.surefire.junit4.JUnit4Provider.execute(JUnit4Provider.java:365)
	at org.apache.maven.surefire.junit4.JUnit4Provider.executeWithRerun(JUnit4Provider.java:273)
	at org.apache.maven.surefire.junit4.JUnit4Provider.executeTestSet(JUnit4Provider.java:238)
	at org.apache.maven.surefire.junit4.JUnit4Provider.invoke(JUnit4Provider.java:159)
	at org.apache.maven.surefire.booter.ForkedBooter.invokeProviderInSameClassLoader(ForkedBooter.java:384)
	at org.apache.maven.surefire.booter.ForkedBooter.runSuitesInProcess(ForkedBooter.java:345)
	at org.apache.maven.surefire.booter.ForkedBooter.execute(ForkedBooter.java:126)
	at org.apache.maven.surefire.booter.ForkedBooter.main(ForkedBooter.java:418)
2019-08-28 20:09:57,232 [main] WARN  io.KeyOutputStream (KeyOutputStream.java:handleException(276)) - Encountered exception java.io.IOException: Unexpected Storage Container Exception: java.io.IOException: Unexpected Storage Container Exception: java.util.concurrent.TimeoutException on the pipeline Pipeline[ Id: 20cd9d68-7709-4047-9b3a-6bbc5e7d3dbc, Nodes: 54ce06a7-084b-40eb-9b4b-239a6e27ab83{ip: 192.168.36.107, host: pr-hdds-1949-jn7bv-2990118995, networkLocation: /default-rack, certSerialId: null}8fecb67b-5c4d-4732-8a79-20bb823bc0ec{ip: 192.168.36.107, host: pr-hdds-1949-jn7bv-2990118995, networkLocation: /default-rack, certSerialId: null}461018b7-39dd-4d28-b214-6e460473d27d{ip: 192.168.36.107, host: pr-hdds-1949-jn7bv-2990118995, networkLocation: /default-rack, certSerialId: null}, Type:RATIS, Factor:THREE, State:OPEN]. The last committed block length is 0, uncommitted data length is 167 retry count 0
2019-08-28 20:09:57,258 | INFO  | SCMAudit | user=jenkins1000 | ip=127.0.0.1 | op=ALLOCATE_BLOCK {owner=67bc7305-fc4b-4381-8495-d989de9f2970, size=800, type=RATIS, factor=THREE} | ret=SUCCESS |  
2019-08-28 20:09:57,260 | INFO  | OMAudit | user=jenkins1000 | ip=127.0.0.1 | op=ALLOCATE_BLOCK {volume=testblockoutputstream, bucket=testblockoutputstream, key=a58cbcd7-ad0d-4bf7-b09e-0ea020a5dcf7, dataSize=0, replicationType=null, replicationFactor=null, keyLocationInfo=null, clientID=102696418330738711} | ret=SUCCESS |  
2019-08-28 20:09:57,269 [grpc-default-executor-12] INFO  client.GrpcClientProtocolClient (GrpcClientProtocolClient.java:onNext(255)) - client-D4969C45EF23->99c2ffe6-7e64-4b0d-9e12-4b317a498883: receive RaftClientReply:client-D4969C45EF23->99c2ffe6-7e64-4b0d-9e12-4b317a498883@group-598B0C585C63, cid=254, FAILED org.apache.ratis.protocol.NotLeaderException: Server 99c2ffe6-7e64-4b0d-9e12-4b317a498883 is not the leader (null). Request must be sent to leader., logIndex=0, commits[99c2ffe6-7e64-4b0d-9e12-4b317a498883:c-1]
2019-08-28 20:09:57,355 | INFO  | SCMAudit | user=jenkins1000 | ip=192.168.36.107 | op=SEND_HEARTBEAT {datanodeUUID=32058749-0763-4169-a6f0-c48e966b88d9, command=[]} | ret=SUCCESS |  
2019-08-28 20:09:57,465 | INFO  | SCMAudit | user=jenkins1000 | ip=192.168.36.107 | op=SEND_HEARTBEAT {datanodeUUID=832d9bd2-6690-412c-a054-04d2b759cec3, command=[]} | ret=SUCCESS |  
2019-08-28 20:09:57,582 | INFO  | SCMAudit | user=jenkins1000 | ip=192.168.36.107 | op=SEND_HEARTBEAT {datanodeUUID=99c2ffe6-7e64-4b0d-9e12-4b317a498883, command=[]} | ret=SUCCESS |  
2019-08-28 20:09:57,666 | INFO  | DNAudit | user=null | ip=null | op=WRITE_CHUNK {blockData=conID: 1 locID: 102696418330869784 bcsId: 0} | ret=SUCCESS |  
2019-08-28 20:09:57,666 | INFO  | DNAudit | user=null | ip=null | op=WRITE_CHUNK {blockData=conID: 1 locID: 102696418330869784 bcsId: 0} | ret=SUCCESS |  
2019-08-28 20:09:57,675 [grpc-default-executor-12] INFO  client.GrpcClientProtocolClient (GrpcClientProtocolClient.java:onNext(255)) - client-E53158BC8632->461018b7-39dd-4d28-b214-6e460473d27d: receive RaftClientReply:client-E53158BC8632->461018b7-39dd-4d28-b214-6e460473d27d@group-6BBC5E7D3DBC, cid=253, SUCCESS, logIndex=0, commits[461018b7-39dd-4d28-b214-6e460473d27d:c6, 8fecb67b-5c4d-4732-8a79-20bb823bc0ec:c2, 54ce06a7-084b-40eb-9b4b-239a6e27ab83:c6]
2019-08-28 20:09:57,676 [grpc-default-executor-12] INFO  client.GrpcClientProtocolClient (GrpcClientProtocolClient.java:onNext(255)) - client-E53158BC8632->461018b7-39dd-4d28-b214-6e460473d27d: receive RaftClientReply:client-E53158BC8632->461018b7-39dd-4d28-b214-6e460473d27d@group-6BBC5E7D3DBC, cid=252, SUCCESS, logIndex=0, commits[461018b7-39dd-4d28-b214-6e460473d27d:c6, 8fecb67b-5c4d-4732-8a79-20bb823bc0ec:c6, 54ce06a7-084b-40eb-9b4b-239a6e27ab83:c6]
2019-08-28 20:09:57,741 | INFO  | SCMAudit | user=jenkins1000 | ip=192.168.36.107 | op=SEND_HEARTBEAT {datanodeUUID=0d2cbdf2-f3e9-4f0a-94d2-ebe777e5e266, command=[]} | ret=SUCCESS |  
2019-08-28 20:09:57,828 | INFO  | DNAudit | user=null | ip=null | op=PUT_BLOCK {blockData=[blockId=conID: 1 locID: 102696418330869784 bcsId: 0,size=167]} | ret=SUCCESS |  
2019-08-28 20:09:57,933 | INFO  | DNAudit | user=null | ip=null | op=PUT_BLOCK {blockData=[blockId=conID: 1 locID: 102696418330869784 bcsId: 0,size=167]} | ret=SUCCESS |  
2019-08-28 20:09:58,091 | INFO  | SCMAudit | user=jenkins1000 | ip=192.168.36.107 | op=SEND_HEARTBEAT {datanodeUUID=8fecb67b-5c4d-4732-8a79-20bb823bc0ec, command=[]} | ret=SUCCESS |  
2019-08-28 20:09:58,091 | INFO  | SCMAudit | user=jenkins1000 | ip=192.168.36.107 | op=SEND_HEARTBEAT {datanodeUUID=54ce06a7-084b-40eb-9b4b-239a6e27ab83, command=[]} | ret=SUCCESS |  
2019-08-28 20:09:58,091 | INFO  | SCMAudit | user=jenkins1000 | ip=192.168.36.107 | op=SEND_HEARTBEAT {datanodeUUID=461018b7-39dd-4d28-b214-6e460473d27d, command=[]} | ret=SUCCESS |  
2019-08-28 20:09:58,278 [grpc-default-executor-12] INFO  client.GrpcClientProtocolClient (GrpcClientProtocolClient.java:onNext(255)) - client-D4969C45EF23->32058749-0763-4169-a6f0-c48e966b88d9: receive RaftClientReply:client-D4969C45EF23->32058749-0763-4169-a6f0-c48e966b88d9@group-598B0C585C63, cid=254, FAILED org.apache.ratis.protocol.NotLeaderException: Server 32058749-0763-4169-a6f0-c48e966b88d9 is not the leader (null). Request must be sent to leader., logIndex=0, commits[32058749-0763-4169-a6f0-c48e966b88d9:c-1]
2019-08-28 20:09:58,354 | INFO  | SCMAudit | user=jenkins1000 | ip=192.168.36.107 | op=SEND_HEARTBEAT {datanodeUUID=32058749-0763-4169-a6f0-c48e966b88d9, command=[]} | ret=SUCCESS |  
2019-08-28 20:09:58,466 | INFO  | SCMAudit | user=jenkins1000 | ip=192.168.36.107 | op=SEND_HEARTBEAT {datanodeUUID=832d9bd2-6690-412c-a054-04d2b759cec3, command=[]} | ret=SUCCESS |  
2019-08-28 20:09:58,582 | INFO  | SCMAudit | user=jenkins1000 | ip=192.168.36.107 | op=SEND_HEARTBEAT {datanodeUUID=99c2ffe6-7e64-4b0d-9e12-4b317a498883, command=[]} | ret=SUCCESS |  
2019-08-28 20:09:58,741 | INFO  | SCMAudit | user=jenkins1000 | ip=192.168.36.107 | op=SEND_HEARTBEAT {datanodeUUID=0d2cbdf2-f3e9-4f0a-94d2-ebe777e5e266, command=[]} | ret=SUCCESS |  
2019-08-28 20:09:59,092 | INFO  | SCMAudit | user=jenkins1000 | ip=192.168.36.107 | op=SEND_HEARTBEAT {datanodeUUID=461018b7-39dd-4d28-b214-6e460473d27d, command=[]} | ret=SUCCESS |  
2019-08-28 20:09:59,092 | INFO  | SCMAudit | user=jenkins1000 | ip=192.168.36.107 | op=SEND_HEARTBEAT {datanodeUUID=8fecb67b-5c4d-4732-8a79-20bb823bc0ec, command=[]} | ret=SUCCESS |  
2019-08-28 20:09:59,092 | INFO  | SCMAudit | user=jenkins1000 | ip=192.168.36.107 | op=SEND_HEARTBEAT {datanodeUUID=54ce06a7-084b-40eb-9b4b-239a6e27ab83, command=[]} | ret=SUCCESS |  
2019-08-28 20:09:59,288 [grpc-default-executor-8] INFO  client.GrpcClientProtocolClient (GrpcClientProtocolClient.java:onNext(255)) - client-D4969C45EF23->99c2ffe6-7e64-4b0d-9e12-4b317a498883: receive RaftClientReply:client-D4969C45EF23->99c2ffe6-7e64-4b0d-9e12-4b317a498883@group-598B0C585C63, cid=254, FAILED org.apache.ratis.protocol.NotLeaderException: Server 99c2ffe6-7e64-4b0d-9e12-4b317a498883 is not the leader (null). Request must be sent to leader., logIndex=0, commits[99c2ffe6-7e64-4b0d-9e12-4b317a498883:c-1]
2019-08-28 20:09:59,354 | INFO  | SCMAudit | user=jenkins1000 | ip=192.168.36.107 | op=SEND_HEARTBEAT {datanodeUUID=32058749-0763-4169-a6f0-c48e966b88d9, command=[]} | ret=SUCCESS |  
2019-08-28 20:09:59,466 | INFO  | SCMAudit | user=jenkins1000 | ip=192.168.36.107 | op=SEND_HEARTBEAT {datanodeUUID=832d9bd2-6690-412c-a054-04d2b759cec3, command=[]} | ret=SUCCESS |  
2019-08-28 20:09:59,582 | INFO  | SCMAudit | user=jenkins1000 | ip=192.168.36.107 | op=SEND_HEARTBEAT {datanodeUUID=99c2ffe6-7e64-4b0d-9e12-4b317a498883, command=[]} | ret=SUCCESS |  
2019-08-28 20:09:59,624 [Thread-4921] INFO  impl.FollowerState (FollowerState.java:run(106)) - 99c2ffe6-7e64-4b0d-9e12-4b317a498883:group-598B0C585C63 changes to CANDIDATE, lastRpcTime:5004, electionTimeout:5004ms
2019-08-28 20:09:59,625 [Thread-4921] INFO  impl.RoleInfo (RoleInfo.java:shutdownFollowerState(121)) - 99c2ffe6-7e64-4b0d-9e12-4b317a498883: shutdown FollowerState
2019-08-28 20:09:59,625 [Thread-4921] INFO  impl.RaftServerImpl (RaftServerImpl.java:setRole(171)) - 99c2ffe6-7e64-4b0d-9e12-4b317a498883:group-598B0C585C63 changes role from FOLLOWER to CANDIDATE at term 2 for changeToCandidate
2019-08-28 20:09:59,625 [Thread-4921] INFO  impl.RoleInfo (RoleInfo.java:updateAndGet(143)) - 99c2ffe6-7e64-4b0d-9e12-4b317a498883: start LeaderElection
2019-08-28 20:09:59,656 [99c2ffe6-7e64-4b0d-9e12-4b317a498883:group-598B0C585C63:LeaderElection137] INFO  impl.LeaderElection (LeaderElection.java:askForVotes(181)) - 99c2ffe6-7e64-4b0d-9e12-4b317a498883:group-598B0C585C63:LeaderElection137: begin an election at term 3 for -1: [0d2cbdf2-f3e9-4f0a-94d2-ebe777e5e266:192.168.36.107:39333, 32058749-0763-4169-a6f0-c48e966b88d9:192.168.36.107:45971, 99c2ffe6-7e64-4b0d-9e12-4b317a498883:192.168.36.107:36103], old=null
2019-08-28 20:09:59,658 [grpc-default-executor-12] INFO  impl.RaftServerImpl (RaftServerImpl.java:setRole(171)) - 32058749-0763-4169-a6f0-c48e966b88d9:group-598B0C585C63 changes role from FOLLOWER to FOLLOWER at term 3 for recognizeCandidate:99c2ffe6-7e64-4b0d-9e12-4b317a498883
2019-08-28 20:09:59,658 [grpc-default-executor-8] INFO  impl.RaftServerImpl (RaftServerImpl.java:setRole(171)) - 0d2cbdf2-f3e9-4f0a-94d2-ebe777e5e266:group-598B0C585C63 changes role from FOLLOWER to FOLLOWER at term 3 for recognizeCandidate:99c2ffe6-7e64-4b0d-9e12-4b317a498883
2019-08-28 20:09:59,658 [grpc-default-executor-12] INFO  impl.RoleInfo (RoleInfo.java:shutdownFollowerState(121)) - 32058749-0763-4169-a6f0-c48e966b88d9: shutdown FollowerState
2019-08-28 20:09:59,658 [grpc-default-executor-8] INFO  impl.RoleInfo (RoleInfo.java:shutdownFollowerState(121)) - 0d2cbdf2-f3e9-4f0a-94d2-ebe777e5e266: shutdown FollowerState
2019-08-28 20:09:59,659 [Thread-4918] INFO  impl.FollowerState (FollowerState.java:run(114)) - 32058749-0763-4169-a6f0-c48e966b88d9: FollowerState was interrupted: java.lang.InterruptedException: sleep interrupted
2019-08-28 20:09:59,659 [grpc-default-executor-12] INFO  impl.RoleInfo (RoleInfo.java:updateAndGet(143)) - 32058749-0763-4169-a6f0-c48e966b88d9: start FollowerState
2019-08-28 20:09:59,659 [Thread-4923] INFO  impl.FollowerState (FollowerState.java:run(114)) - 0d2cbdf2-f3e9-4f0a-94d2-ebe777e5e266: FollowerState was interrupted: java.lang.InterruptedException: sleep interrupted
2019-08-28 20:09:59,659 [grpc-default-executor-8] INFO  impl.RoleInfo (RoleInfo.java:updateAndGet(143)) - 0d2cbdf2-f3e9-4f0a-94d2-ebe777e5e266: start FollowerState
2019-08-28 20:09:59,694 [99c2ffe6-7e64-4b0d-9e12-4b317a498883:group-598B0C585C63:LeaderElection137] INFO  impl.LeaderElection (LeaderElection.java:logAndReturn(56)) - 99c2ffe6-7e64-4b0d-9e12-4b317a498883:group-598B0C585C63:LeaderElection137: Election PASSED; received 1 response(s) [99c2ffe6-7e64-4b0d-9e12-4b317a498883<-32058749-0763-4169-a6f0-c48e966b88d9#0:OK-t3] and 0 exception(s); 99c2ffe6-7e64-4b0d-9e12-4b317a498883:t3, leader=null, voted=99c2ffe6-7e64-4b0d-9e12-4b317a498883, raftlog=99c2ffe6-7e64-4b0d-9e12-4b317a498883-SegmentedRaftLog:OPENED:c-1,f-1,i0, conf=-1: [0d2cbdf2-f3e9-4f0a-94d2-ebe777e5e266:192.168.36.107:39333, 32058749-0763-4169-a6f0-c48e966b88d9:192.168.36.107:45971, 99c2ffe6-7e64-4b0d-9e12-4b317a498883:192.168.36.107:36103], old=null
2019-08-28 20:09:59,694 [99c2ffe6-7e64-4b0d-9e12-4b317a498883:group-598B0C585C63:LeaderElection137] INFO  impl.RoleInfo (RoleInfo.java:shutdownLeaderElection(134)) - 99c2ffe6-7e64-4b0d-9e12-4b317a498883: shutdown LeaderElection
2019-08-28 20:09:59,695 [99c2ffe6-7e64-4b0d-9e12-4b317a498883:group-598B0C585C63:LeaderElection137] INFO  impl.RaftServerImpl (RaftServerImpl.java:setRole(171)) - 99c2ffe6-7e64-4b0d-9e12-4b317a498883:group-598B0C585C63 changes role from CANDIDATE to LEADER at term 3 for changeToLeader
2019-08-28 20:09:59,695 [99c2ffe6-7e64-4b0d-9e12-4b317a498883:group-598B0C585C63:LeaderElection137] INFO  impl.RaftServerImpl (ServerState.java:setLeader(263)) - 99c2ffe6-7e64-4b0d-9e12-4b317a498883:group-598B0C585C63 change Leader from null to 99c2ffe6-7e64-4b0d-9e12-4b317a498883 at term 3 for becomeLeader, leader elected after 15729ms
2019-08-28 20:09:59,695 [99c2ffe6-7e64-4b0d-9e12-4b317a498883:group-598B0C585C63:LeaderElection137] INFO  server.RaftServerConfigKeys (ConfUtils.java:logGet(43)) - raft.server.staging.catchup.gap = 1000 (default)
2019-08-28 20:09:59,695 [99c2ffe6-7e64-4b0d-9e12-4b317a498883:group-598B0C585C63:LeaderElection137] INFO  server.RaftServerConfigKeys (ConfUtils.java:logGet(43)) - raft.server.rpc.sleep.time = 25ms (default)
2019-08-28 20:09:59,695 [99c2ffe6-7e64-4b0d-9e12-4b317a498883:group-598B0C585C63:LeaderElection137] INFO  server.RaftServerConfigKeys (ConfUtils.java:logGet(43)) - raft.server.write.element-limit = 4096 (default)
2019-08-28 20:09:59,695 [99c2ffe6-7e64-4b0d-9e12-4b317a498883:group-598B0C585C63:LeaderElection137] INFO  server.RaftServerConfigKeys (ConfUtils.java:logGet(43)) - raft.server.watch.timeout = 10s (default)
2019-08-28 20:09:59,696 [99c2ffe6-7e64-4b0d-9e12-4b317a498883:group-598B0C585C63:LeaderElection137] INFO  server.RaftServerConfigKeys (ConfUtils.java:logGet(43)) - raft.server.watch.timeout.denomination = 1s (default)
2019-08-28 20:09:59,696 [99c2ffe6-7e64-4b0d-9e12-4b317a498883:group-598B0C585C63:LeaderElection137] INFO  server.RaftServerConfigKeys (ConfUtils.java:logGet(43)) - raft.server.watch.element-limit = 65536 (default)
2019-08-28 20:09:59,696 [99c2ffe6-7e64-4b0d-9e12-4b317a498883:group-598B0C585C63:LeaderElection137] INFO  server.RaftServerConfigKeys (ConfUtils.java:logGet(43)) - raft.server.log.appender.snapshot.chunk.size.max = 16MB (=16777216) (default)
2019-08-28 20:09:59,696 [99c2ffe6-7e64-4b0d-9e12-4b317a498883:group-598B0C585C63:LeaderElection137] INFO  server.RaftServerConfigKeys (ConfUtils.java:logGet(43)) - raft.server.log.appender.buffer.byte-limit = 33554432 (custom)
2019-08-28 20:09:59,696 [99c2ffe6-7e64-4b0d-9e12-4b317a498883:group-598B0C585C63:LeaderElection137] INFO  server.RaftServerConfigKeys (ConfUtils.java:logGet(43)) - raft.server.log.appender.buffer.element-limit = 1 (custom)
2019-08-28 20:09:59,697 [99c2ffe6-7e64-4b0d-9e12-4b317a498883:group-598B0C585C63:LeaderElection137] INFO  grpc.GrpcConfigKeys$Server (ConfUtils.java:logGet(43)) - raft.grpc.server.leader.outstanding.appends.max = 128 (default)
2019-08-28 20:09:59,697 [99c2ffe6-7e64-4b0d-9e12-4b317a498883:group-598B0C585C63:LeaderElection137] INFO  server.RaftServerConfigKeys (ConfUtils.java:logGet(43)) - raft.server.rpc.request.timeout = 3000ms (default)
2019-08-28 20:09:59,697 [99c2ffe6-7e64-4b0d-9e12-4b317a498883:group-598B0C585C63:LeaderElection137] INFO  server.RaftServerConfigKeys (ConfUtils.java:logGet(43)) - raft.server.log.appender.install.snapshot.enabled = false (custom)
2019-08-28 20:09:59,697 [99c2ffe6-7e64-4b0d-9e12-4b317a498883:group-598B0C585C63:LeaderElection137] INFO  server.RaftServerConfigKeys (ConfUtils.java:logGet(43)) - raft.server.log.appender.snapshot.chunk.size.max = 16MB (=16777216) (default)
2019-08-28 20:09:59,697 [99c2ffe6-7e64-4b0d-9e12-4b317a498883:group-598B0C585C63:LeaderElection137] INFO  server.RaftServerConfigKeys (ConfUtils.java:logGet(43)) - raft.server.log.appender.buffer.byte-limit = 33554432 (custom)
2019-08-28 20:09:59,698 [99c2ffe6-7e64-4b0d-9e12-4b317a498883:group-598B0C585C63:LeaderElection137] INFO  server.RaftServerConfigKeys (ConfUtils.java:logGet(43)) - raft.server.log.appender.buffer.element-limit = 1 (custom)
2019-08-28 20:09:59,698 [99c2ffe6-7e64-4b0d-9e12-4b317a498883:group-598B0C585C63:LeaderElection137] INFO  grpc.GrpcConfigKeys$Server (ConfUtils.java:logGet(43)) - raft.grpc.server.leader.outstanding.appends.max = 128 (default)
2019-08-28 20:09:59,698 [99c2ffe6-7e64-4b0d-9e12-4b317a498883:group-598B0C585C63:LeaderElection137] INFO  server.RaftServerConfigKeys (ConfUtils.java:logGet(43)) - raft.server.rpc.request.timeout = 3000ms (default)
2019-08-28 20:09:59,698 [99c2ffe6-7e64-4b0d-9e12-4b317a498883:group-598B0C585C63:LeaderElection137] INFO  server.RaftServerConfigKeys (ConfUtils.java:logGet(43)) - raft.server.log.appender.install.snapshot.enabled = false (custom)
2019-08-28 20:09:59,698 [99c2ffe6-7e64-4b0d-9e12-4b317a498883:group-598B0C585C63:LeaderElection137] INFO  impl.RoleInfo (RoleInfo.java:updateAndGet(143)) - 99c2ffe6-7e64-4b0d-9e12-4b317a498883: start LeaderState
2019-08-28 20:09:59,698 [99c2ffe6-7e64-4b0d-9e12-4b317a498883:group-598B0C585C63:LeaderElection137] INFO  segmented.SegmentedRaftLogWorker (SegmentedRaftLogWorker.java:startLogSegment(380)) - 99c2ffe6-7e64-4b0d-9e12-4b317a498883-SegmentedRaftLogWorker:Storage Directory /workdir/hadoop-ozone/integration-test/target/test-dir/MiniOzoneClusterImpl-72b920a7-1e55-4753-92eb-643903605a0d/datanode-4/data/ratis/524c060b-fcf7-4125-81e8-598b0c585c63: Starting segment from index:0
2019-08-28 20:09:59,699 [99c2ffe6-7e64-4b0d-9e12-4b317a498883:group-598B0C585C63:LeaderElection137] INFO  impl.RaftServerImpl (ServerState.java:setRaftConf(361)) - 99c2ffe6-7e64-4b0d-9e12-4b317a498883:group-598B0C585C63 set configuration 0: [0d2cbdf2-f3e9-4f0a-94d2-ebe777e5e266:192.168.36.107:39333, 32058749-0763-4169-a6f0-c48e966b88d9:192.168.36.107:45971, 99c2ffe6-7e64-4b0d-9e12-4b317a498883:192.168.36.107:36103], old=null at 0
2019-08-28 20:09:59,735 [grpc-default-executor-8] INFO  impl.RaftServerImpl (ServerState.java:setLeader(263)) - 0d2cbdf2-f3e9-4f0a-94d2-ebe777e5e266:group-598B0C585C63 change Leader from null to 99c2ffe6-7e64-4b0d-9e12-4b317a498883 at term 3 for appendEntries, leader elected after 15770ms
2019-08-28 20:09:59,735 [grpc-default-executor-12] INFO  impl.RaftServerImpl (ServerState.java:setLeader(263)) - 32058749-0763-4169-a6f0-c48e966b88d9:group-598B0C585C63 change Leader from null to 99c2ffe6-7e64-4b0d-9e12-4b317a498883 at term 3 for appendEntries, leader elected after 15771ms
2019-08-28 20:09:59,737 [grpc-default-executor-8] INFO  impl.RaftServerImpl (ServerState.java:setRaftConf(361)) - 0d2cbdf2-f3e9-4f0a-94d2-ebe777e5e266:group-598B0C585C63 set configuration 0: [0d2cbdf2-f3e9-4f0a-94d2-ebe777e5e266:192.168.36.107:39333, 32058749-0763-4169-a6f0-c48e966b88d9:192.168.36.107:45971, 99c2ffe6-7e64-4b0d-9e12-4b317a498883:192.168.36.107:36103], old=null at 0
2019-08-28 20:09:59,738 [grpc-default-executor-8] INFO  segmented.SegmentedRaftLogWorker (SegmentedRaftLogWorker.java:startLogSegment(380)) - 0d2cbdf2-f3e9-4f0a-94d2-ebe777e5e266-SegmentedRaftLogWorker:Storage Directory /workdir/hadoop-ozone/integration-test/target/test-dir/MiniOzoneClusterImpl-72b920a7-1e55-4753-92eb-643903605a0d/datanode-6/data/ratis/524c060b-fcf7-4125-81e8-598b0c585c63: Starting segment from index:0
2019-08-28 20:09:59,739 [grpc-default-executor-12] INFO  impl.RaftServerImpl (ServerState.java:setRaftConf(361)) - 32058749-0763-4169-a6f0-c48e966b88d9:group-598B0C585C63 set configuration 0: [0d2cbdf2-f3e9-4f0a-94d2-ebe777e5e266:192.168.36.107:39333, 32058749-0763-4169-a6f0-c48e966b88d9:192.168.36.107:45971, 99c2ffe6-7e64-4b0d-9e12-4b317a498883:192.168.36.107:36103], old=null at 0
2019-08-28 20:09:59,739 [grpc-default-executor-12] INFO  segmented.SegmentedRaftLogWorker (SegmentedRaftLogWorker.java:startLogSegment(380)) - 32058749-0763-4169-a6f0-c48e966b88d9-SegmentedRaftLogWorker:Storage Directory /workdir/hadoop-ozone/integration-test/target/test-dir/MiniOzoneClusterImpl-72b920a7-1e55-4753-92eb-643903605a0d/datanode-0/data/ratis/524c060b-fcf7-4125-81e8-598b0c585c63: Starting segment from index:0
2019-08-28 20:09:59,742 | INFO  | SCMAudit | user=jenkins1000 | ip=192.168.36.107 | op=SEND_HEARTBEAT {datanodeUUID=0d2cbdf2-f3e9-4f0a-94d2-ebe777e5e266, command=[]} | ret=SUCCESS |  
2019-08-28 20:09:59,757 [99c2ffe6-7e64-4b0d-9e12-4b317a498883-SegmentedRaftLogWorker:Storage Directory /workdir/hadoop-ozone/integration-test/target/test-dir/MiniOzoneClusterImpl-72b920a7-1e55-4753-92eb-643903605a0d/datanode-4/data/ratis/524c060b-fcf7-4125-81e8-598b0c585c63] INFO  segmented.SegmentedRaftLogWorker (SegmentedRaftLogWorker.java:execute(569)) - 99c2ffe6-7e64-4b0d-9e12-4b317a498883-SegmentedRaftLogWorker:Storage Directory /workdir/hadoop-ozone/integration-test/target/test-dir/MiniOzoneClusterImpl-72b920a7-1e55-4753-92eb-643903605a0d/datanode-4/data/ratis/524c060b-fcf7-4125-81e8-598b0c585c63: created new log segment /workdir/hadoop-ozone/integration-test/target/test-dir/MiniOzoneClusterImpl-72b920a7-1e55-4753-92eb-643903605a0d/datanode-4/data/ratis/524c060b-fcf7-4125-81e8-598b0c585c63/current/log_inprogress_0
2019-08-28 20:09:59,868 [0d2cbdf2-f3e9-4f0a-94d2-ebe777e5e266-SegmentedRaftLogWorker:Storage Directory /workdir/hadoop-ozone/integration-test/target/test-dir/MiniOzoneClusterImpl-72b920a7-1e55-4753-92eb-643903605a0d/datanode-6/data/ratis/524c060b-fcf7-4125-81e8-598b0c585c63] INFO  segmented.SegmentedRaftLogWorker (SegmentedRaftLogWorker.java:execute(569)) - 0d2cbdf2-f3e9-4f0a-94d2-ebe777e5e266-SegmentedRaftLogWorker:Storage Directory /workdir/hadoop-ozone/integration-test/target/test-dir/MiniOzoneClusterImpl-72b920a7-1e55-4753-92eb-643903605a0d/datanode-6/data/ratis/524c060b-fcf7-4125-81e8-598b0c585c63: created new log segment /workdir/hadoop-ozone/integration-test/target/test-dir/MiniOzoneClusterImpl-72b920a7-1e55-4753-92eb-643903605a0d/datanode-6/data/ratis/524c060b-fcf7-4125-81e8-598b0c585c63/current/log_inprogress_0
2019-08-28 20:09:59,868 [32058749-0763-4169-a6f0-c48e966b88d9-SegmentedRaftLogWorker:Storage Directory /workdir/hadoop-ozone/integration-test/target/test-dir/MiniOzoneClusterImpl-72b920a7-1e55-4753-92eb-643903605a0d/datanode-0/data/ratis/524c060b-fcf7-4125-81e8-598b0c585c63] INFO  segmented.SegmentedRaftLogWorker (SegmentedRaftLogWorker.java:execute(569)) - 32058749-0763-4169-a6f0-c48e966b88d9-SegmentedRaftLogWorker:Storage Directory /workdir/hadoop-ozone/integration-test/target/test-dir/MiniOzoneClusterImpl-72b920a7-1e55-4753-92eb-643903605a0d/datanode-0/data/ratis/524c060b-fcf7-4125-81e8-598b0c585c63: created new log segment /workdir/hadoop-ozone/integration-test/target/test-dir/MiniOzoneClusterImpl-72b920a7-1e55-4753-92eb-643903605a0d/datanode-0/data/ratis/524c060b-fcf7-4125-81e8-598b0c585c63/current/log_inprogress_0
2019-08-28 20:10:00,092 | INFO  | SCMAudit | user=jenkins1000 | ip=192.168.36.107 | op=SEND_HEARTBEAT {datanodeUUID=461018b7-39dd-4d28-b214-6e460473d27d, command=[]} | ret=SUCCESS |  
2019-08-28 20:10:00,092 | INFO  | SCMAudit | user=jenkins1000 | ip=192.168.36.107 | op=SEND_HEARTBEAT {datanodeUUID=54ce06a7-084b-40eb-9b4b-239a6e27ab83, command=[]} | ret=SUCCESS |  
2019-08-28 20:10:00,092 | INFO  | SCMAudit | user=jenkins1000 | ip=192.168.36.107 | op=SEND_HEARTBEAT {datanodeUUID=8fecb67b-5c4d-4732-8a79-20bb823bc0ec, command=[]} | ret=SUCCESS |  
2019-08-28 20:10:00,297 [grpc-default-executor-12] INFO  client.GrpcClientProtocolClient (GrpcClientProtocolClient.java:onNext(255)) - client-D4969C45EF23->0d2cbdf2-f3e9-4f0a-94d2-ebe777e5e266: receive RaftClientReply:client-D4969C45EF23->0d2cbdf2-f3e9-4f0a-94d2-ebe777e5e266@group-598B0C585C63, cid=254, FAILED org.apache.ratis.protocol.NotLeaderException: Server 0d2cbdf2-f3e9-4f0a-94d2-ebe777e5e266 is not the leader (99c2ffe6-7e64-4b0d-9e12-4b317a498883:192.168.36.107:36103). Request must be sent to leader., logIndex=0, commits[0d2cbdf2-f3e9-4f0a-94d2-ebe777e5e266:c-1, 32058749-0763-4169-a6f0-c48e966b88d9:c-1, 99c2ffe6-7e64-4b0d-9e12-4b317a498883:c-1]
2019-08-28 20:10:00,354 | INFO  | SCMAudit | user=jenkins1000 | ip=192.168.36.107 | op=SEND_HEARTBEAT {datanodeUUID=32058749-0763-4169-a6f0-c48e966b88d9, command=[]} | ret=SUCCESS |  
2019-08-28 20:10:00,466 | INFO  | SCMAudit | user=jenkins1000 | ip=192.168.36.107 | op=SEND_HEARTBEAT {datanodeUUID=832d9bd2-6690-412c-a054-04d2b759cec3, command=[]} | ret=SUCCESS |  
2019-08-28 20:10:00,478 | INFO  | DNAudit | user=null | ip=null | op=WRITE_CHUNK {blockData=conID: 2 locID: 102696419148300313 bcsId: 0} | ret=SUCCESS |  
2019-08-28 20:10:00,478 | INFO  | DNAudit | user=null | ip=null | op=WRITE_CHUNK {blockData=conID: 2 locID: 102696419148300313 bcsId: 0} | ret=SUCCESS |  
2019-08-28 20:10:00,478 | INFO  | SCMAudit | user=jenkins1000 | ip=192.168.36.107 | op=SEND_HEARTBEAT {datanodeUUID=32058749-0763-4169-a6f0-c48e966b88d9, command=[]} | ret=SUCCESS |  
2019-08-28 20:10:00,478 | INFO  | SCMAudit | user=jenkins1000 | ip=192.168.36.107 | op=SEND_HEARTBEAT {datanodeUUID=99c2ffe6-7e64-4b0d-9e12-4b317a498883, command=[]} | ret=SUCCESS |  
2019-08-28 20:10:00,478 | INFO  | DNAudit | user=null | ip=null | op=WRITE_CHUNK {blockData=conID: 2 locID: 102696419148300313 bcsId: 0} | ret=SUCCESS |  
2019-08-28 20:10:00,478 | INFO  | SCMAudit | user=jenkins1000 | ip=192.168.36.107 | op=SEND_HEARTBEAT {datanodeUUID=0d2cbdf2-f3e9-4f0a-94d2-ebe777e5e266, command=[]} | ret=SUCCESS |  
2019-08-28 20:10:00,499 | INFO  | DNAudit | user=null | ip=null | op=WRITE_CHUNK {blockData=conID: 2 locID: 102696419148300313 bcsId: 0} | ret=SUCCESS |  
2019-08-28 20:10:00,504 [grpc-default-executor-12] INFO  client.GrpcClientProtocolClient (GrpcClientProtocolClient.java:onNext(255)) - client-D4969C45EF23->99c2ffe6-7e64-4b0d-9e12-4b317a498883: receive RaftClientReply:client-D4969C45EF23->99c2ffe6-7e64-4b0d-9e12-4b317a498883@group-598B0C585C63, cid=254, SUCCESS, logIndex=1, commits[99c2ffe6-7e64-4b0d-9e12-4b317a498883:c1, 0d2cbdf2-f3e9-4f0a-94d2-ebe777e5e266:c0, 32058749-0763-4169-a6f0-c48e966b88d9:c0]
2019-08-28 20:10:00,506 | INFO  | DNAudit | user=null | ip=null | op=WRITE_CHUNK {blockData=conID: 2 locID: 102696419148300313 bcsId: 0} | ret=SUCCESS |  
2019-08-28 20:10:00,507 | INFO  | DNAudit | user=null | ip=null | op=WRITE_CHUNK {blockData=conID: 2 locID: 102696419148300313 bcsId: 0} | ret=SUCCESS |  
2019-08-28 20:10:00,507 | INFO  | DNAudit | user=null | ip=null | op=WRITE_CHUNK {blockData=conID: 2 locID: 102696419148300313 bcsId: 0} | ret=SUCCESS |  
2019-08-28 20:10:00,510 | INFO  | DNAudit | user=null | ip=null | op=WRITE_CHUNK {blockData=conID: 2 locID: 102696419148300313 bcsId: 0} | ret=SUCCESS |  
2019-08-28 20:10:00,514 | INFO  | DNAudit | user=null | ip=null | op=WRITE_CHUNK {blockData=conID: 2 locID: 102696419148300313 bcsId: 0} | ret=SUCCESS |  
2019-08-28 20:10:00,514 | INFO  | DNAudit | user=null | ip=null | op=WRITE_CHUNK {blockData=conID: 2 locID: 102696419148300313 bcsId: 0} | ret=SUCCESS |  
2019-08-28 20:10:00,518 [grpc-default-executor-12] INFO  client.GrpcClientProtocolClient (GrpcClientProtocolClient.java:onNext(255)) - client-D4969C45EF23->99c2ffe6-7e64-4b0d-9e12-4b317a498883: receive RaftClientReply:client-D4969C45EF23->99c2ffe6-7e64-4b0d-9e12-4b317a498883@group-598B0C585C63, cid=255, SUCCESS, logIndex=3, commits[99c2ffe6-7e64-4b0d-9e12-4b317a498883:c4, 0d2cbdf2-f3e9-4f0a-94d2-ebe777e5e266:c1, 32058749-0763-4169-a6f0-c48e966b88d9:c1]
2019-08-28 20:10:00,528 | INFO  | DNAudit | user=null | ip=null | op=WRITE_CHUNK {blockData=conID: 2 locID: 102696419148300313 bcsId: 0} | ret=SUCCESS |  
2019-08-28 20:10:00,535 | INFO  | DNAudit | user=null | ip=null | op=WRITE_CHUNK {blockData=conID: 2 locID: 102696419148300313 bcsId: 0} | ret=SUCCESS |  
2019-08-28 20:10:00,588 | INFO  | DNAudit | user=null | ip=null | op=PUT_BLOCK {blockData=[blockId=conID: 2 locID: 102696419148300313 bcsId: 0,size=167]} | ret=SUCCESS |  
2019-08-28 20:10:00,590 [grpc-default-executor-12] INFO  client.GrpcClientProtocolClient (GrpcClientProtocolClient.java:onNext(255)) - client-D4969C45EF23->99c2ffe6-7e64-4b0d-9e12-4b317a498883: receive RaftClientReply:client-D4969C45EF23->99c2ffe6-7e64-4b0d-9e12-4b317a498883@group-598B0C585C63, cid=256, SUCCESS, logIndex=4, commits[99c2ffe6-7e64-4b0d-9e12-4b317a498883:c5, 0d2cbdf2-f3e9-4f0a-94d2-ebe777e5e266:c4, 32058749-0763-4169-a6f0-c48e966b88d9:c4]
2019-08-28 20:10:00,591 [main] INFO  ozone.MiniOzoneClusterImpl (MiniOzoneClusterImpl.java:shutdown(309)) - Shutting down the Mini Ozone Cluster
2019-08-28 20:10:00,591 | INFO  | SCMAudit | user=null | ip=null | op=GET_SCM_INFO null | ret=SUCCESS |  
2019-08-28 20:10:00,591 [main] INFO  ozone.MiniOzoneClusterImpl (MiniOzoneClusterImpl.java:stop(325)) - Stopping the Mini Ozone Cluster
2019-08-28 20:10:00,591 [main] INFO  ozone.MiniOzoneClusterImpl (MiniOzoneClusterImpl.java:stopOM(395)) - Stopping the OzoneManager
2019-08-28 20:10:00,591 [main] INFO  ipc.Server (Server.java:stop(3082)) - Stopping server on 34446
2019-08-28 20:10:00,614 [IPC Server listener on 34446] INFO  ipc.Server (Server.java:run(1185)) - Stopping IPC Server listener on 34446
2019-08-28 20:10:00,621 [IPC Server Responder] INFO  ipc.Server (Server.java:run(1319)) - Stopping IPC Server Responder
2019-08-28 20:10:00,619 [main] INFO  ratis.OzoneManagerDoubleBuffer (OzoneManagerDoubleBuffer.java:stop(248)) - Stopping OMDoubleBuffer flush thread
2019-08-28 20:10:00,640 [OMDoubleBufferFlushThread] INFO  ratis.OzoneManagerDoubleBuffer (OzoneManagerDoubleBuffer.java:flushTransactions(191)) - OMDoubleBuffer flush thread OMDoubleBufferFlushThread is interrupted and will exit. OMDoubleBufferFlushThread
2019-08-28 20:10:00,640 [main] INFO  utils.BackgroundService (BackgroundService.java:shutdown(148)) - Shutting down service KeyDeletingService
2019-08-28 20:10:00,641 [main] INFO  handler.ContextHandler (ContextHandler.java:doStop(910)) - Stopped o.e.j.w.WebAppContext@3e8b8f0{/,null,UNAVAILABLE}{/ozoneManager}
2019-08-28 20:10:00,642 [main] INFO  server.AbstractConnector (AbstractConnector.java:doStop(318)) - Stopped ServerConnector@5ad57e90{HTTP/1.1,[http/1.1]}{0.0.0.0:0}
2019-08-28 20:10:00,643 [main] INFO  handler.ContextHandler (ContextHandler.java:doStop(910)) - Stopped o.e.j.s.ServletContextHandler@74d22ddd{/static,file:///workdir/hadoop-ozone/integration-test/target/test-classes/webapps/static,UNAVAILABLE}
2019-08-28 20:10:00,643 [main] INFO  handler.ContextHandler (ContextHandler.java:doStop(910)) - Stopped o.e.j.s.ServletContextHandler@2e7bb00e{/logs,file:///workdir/hadoop-ozone/integration-test/target/log,UNAVAILABLE}
2019-08-28 20:10:00,645 [main] INFO  ozone.MiniOzoneClusterImpl (MiniOzoneClusterImpl.java:stopDatanodes(372)) - Stopping the HddsDatanodes
2019-08-28 20:10:00,657 | INFO  | DNAudit | user=null | ip=null | op=PUT_BLOCK {blockData=[blockId=conID: 2 locID: 102696419148300313 bcsId: 0,size=167]} | ret=SUCCESS |  
2019-08-28 20:10:00,737 | INFO  | DNAudit | user=null | ip=null | op=PUT_BLOCK {blockData=[blockId=conID: 2 locID: 102696419148300313 bcsId: 0,size=167]} | ret=SUCCESS |  
2019-08-28 20:10:01,091 [Datanode State Machine Thread - 0] INFO  statemachine.DatanodeStateMachine (DatanodeStateMachine.java:lambda$startDaemon$0(350)) - Ozone container server started.
2019-08-28 20:10:01,092 | INFO  | SCMAudit | user=jenkins1000 | ip=192.168.36.107 | op=SEND_HEARTBEAT {datanodeUUID=461018b7-39dd-4d28-b214-6e460473d27d, command=[]} | ret=SUCCESS |  
2019-08-28 20:10:01,092 | INFO  | SCMAudit | user=jenkins1000 | ip=192.168.36.107 | op=SEND_HEARTBEAT {datanodeUUID=54ce06a7-084b-40eb-9b4b-239a6e27ab83, command=[]} | ret=SUCCESS |  
2019-08-28 20:10:01,465 | INFO  | SCMAudit | user=jenkins1000 | ip=192.168.36.107 | op=SEND_HEARTBEAT {datanodeUUID=832d9bd2-6690-412c-a054-04d2b759cec3, command=[]} | ret=SUCCESS |  
2019-08-28 20:10:01,478 [Datanode State Machine Thread - 0] INFO  statemachine.DatanodeStateMachine (DatanodeStateMachine.java:lambda$startDaemon$0(350)) - Ozone container server started.
2019-08-28 20:10:01,478 | INFO  | SCMAudit | user=jenkins1000 | ip=192.168.36.107 | op=SEND_HEARTBEAT {datanodeUUID=32058749-0763-4169-a6f0-c48e966b88d9, command=[]} | ret=SUCCESS |  
2019-08-28 20:10:01,478 | INFO  | SCMAudit | user=jenkins1000 | ip=192.168.36.107 | op=SEND_HEARTBEAT {datanodeUUID=0d2cbdf2-f3e9-4f0a-94d2-ebe777e5e266, command=[]} | ret=SUCCESS |  
2019-08-28 20:10:02,093 | INFO  | SCMAudit | user=jenkins1000 | ip=192.168.36.107 | op=SEND_HEARTBEAT {datanodeUUID=461018b7-39dd-4d28-b214-6e460473d27d, command=[]} | ret=SUCCESS |  
2019-08-28 20:10:02,093 | INFO  | SCMAudit | user=jenkins1000 | ip=192.168.36.107 | op=SEND_HEARTBEAT {datanodeUUID=54ce06a7-084b-40eb-9b4b-239a6e27ab83, command=[]} | ret=SUCCESS |  
2019-08-28 20:10:02,465 | INFO  | SCMAudit | user=jenkins1000 | ip=192.168.36.107 | op=SEND_HEARTBEAT {datanodeUUID=832d9bd2-6690-412c-a054-04d2b759cec3, command=[]} | ret=SUCCESS |  
2019-08-28 20:10:02,478 | INFO  | SCMAudit | user=jenkins1000 | ip=192.168.36.107 | op=SEND_HEARTBEAT {datanodeUUID=0d2cbdf2-f3e9-4f0a-94d2-ebe777e5e266, command=[]} | ret=SUCCESS |  
2019-08-28 20:10:02,478 | INFO  | SCMAudit | user=jenkins1000 | ip=192.168.36.107 | op=SEND_HEARTBEAT {datanodeUUID=32058749-0763-4169-a6f0-c48e966b88d9, command=[]} | ret=SUCCESS |  
2019-08-28 20:10:03,093 | INFO  | SCMAudit | user=jenkins1000 | ip=192.168.36.107 | op=SEND_HEARTBEAT {datanodeUUID=461018b7-39dd-4d28-b214-6e460473d27d, command=[]} | ret=SUCCESS |  
2019-08-28 20:10:03,093 | INFO  | SCMAudit | user=jenkins1000 | ip=192.168.36.107 | op=SEND_HEARTBEAT {datanodeUUID=54ce06a7-084b-40eb-9b4b-239a6e27ab83, command=[]} | ret=SUCCESS |  
2019-08-28 20:10:03,466 | INFO  | SCMAudit | user=jenkins1000 | ip=192.168.36.107 | op=SEND_HEARTBEAT {datanodeUUID=832d9bd2-6690-412c-a054-04d2b759cec3, command=[]} | ret=SUCCESS |  
2019-08-28 20:10:03,478 | INFO  | SCMAudit | user=jenkins1000 | ip=192.168.36.107 | op=SEND_HEARTBEAT {datanodeUUID=0d2cbdf2-f3e9-4f0a-94d2-ebe777e5e266, command=[]} | ret=SUCCESS |  
2019-08-28 20:10:03,478 | INFO  | SCMAudit | user=jenkins1000 | ip=192.168.36.107 | op=SEND_HEARTBEAT {datanodeUUID=32058749-0763-4169-a6f0-c48e966b88d9, command=[]} | ret=SUCCESS |  
2019-08-28 20:10:04,093 | INFO  | SCMAudit | user=jenkins1000 | ip=192.168.36.107 | op=SEND_HEARTBEAT {datanodeUUID=461018b7-39dd-4d28-b214-6e460473d27d, command=[]} | ret=SUCCESS |  
2019-08-28 20:10:04,093 | INFO  | SCMAudit | user=jenkins1000 | ip=192.168.36.107 | op=SEND_HEARTBEAT {datanodeUUID=54ce06a7-084b-40eb-9b4b-239a6e27ab83, command=[]} | ret=SUCCESS |  
2019-08-28 20:10:04,466 | INFO  | SCMAudit | user=jenkins1000 | ip=192.168.36.107 | op=SEND_HEARTBEAT {datanodeUUID=832d9bd2-6690-412c-a054-04d2b759cec3, command=[]} | ret=SUCCESS |  
2019-08-28 20:10:04,478 | INFO  | SCMAudit | user=jenkins1000 | ip=192.168.36.107 | op=SEND_HEARTBEAT {datanodeUUID=0d2cbdf2-f3e9-4f0a-94d2-ebe777e5e266, command=[]} | ret=SUCCESS |  
2019-08-28 20:10:04,478 | INFO  | SCMAudit | user=jenkins1000 | ip=192.168.36.107 | op=SEND_HEARTBEAT {datanodeUUID=32058749-0763-4169-a6f0-c48e966b88d9, command=[]} | ret=SUCCESS |  
2019-08-28 20:10:05,092 | INFO  | SCMAudit | user=jenkins1000 | ip=192.168.36.107 | op=SEND_HEARTBEAT {datanodeUUID=461018b7-39dd-4d28-b214-6e460473d27d, command=[]} | ret=SUCCESS |  
2019-08-28 20:10:05,092 | INFO  | SCMAudit | user=jenkins1000 | ip=192.168.36.107 | op=SEND_HEARTBEAT {datanodeUUID=54ce06a7-084b-40eb-9b4b-239a6e27ab83, command=[]} | ret=SUCCESS |  
2019-08-28 20:10:05,167 [EventQueue-StaleNodeForStaleNodeHandler] INFO  node.StaleNodeHandler (StaleNodeHandler.java:onMessage(58)) - Datanode 8fecb67b-5c4d-4732-8a79-20bb823bc0ec{ip: 192.168.36.107, host: pr-hdds-1949-jn7bv-2990118995, networkLocation: /default-rack, certSerialId: null} moved to stale state. Finalizing its pipelines [PipelineID=381c9616-af9d-4f80-a1cf-cc247b29dafe, PipelineID=20cd9d68-7709-4047-9b3a-6bbc5e7d3dbc]
2019-08-28 20:10:05,168 [EventQueue-StaleNodeForStaleNodeHandler] INFO  pipeline.SCMPipelineManager (SCMPipelineManager.java:finalizeAndDestroyPipeline(309)) - destroying pipeline:Pipeline[ Id: 381c9616-af9d-4f80-a1cf-cc247b29dafe, Nodes: 8fecb67b-5c4d-4732-8a79-20bb823bc0ec{ip: 192.168.36.107, host: pr-hdds-1949-jn7bv-2990118995, networkLocation: /default-rack, certSerialId: null}, Type:RATIS, Factor:ONE, State:OPEN]
2019-08-28 20:10:05,168 [EventQueue-StaleNodeForStaleNodeHandler] INFO  pipeline.PipelineStateManager (PipelineStateManager.java:finalizePipeline(123)) - Pipeline Pipeline[ Id: 381c9616-af9d-4f80-a1cf-cc247b29dafe, Nodes: 8fecb67b-5c4d-4732-8a79-20bb823bc0ec{ip: 192.168.36.107, host: pr-hdds-1949-jn7bv-2990118995, networkLocation: /default-rack, certSerialId: null}, Type:RATIS, Factor:ONE, State:CLOSED] moved to CLOSED state
2019-08-28 20:10:05,168 [EventQueue-StaleNodeForStaleNodeHandler] INFO  pipeline.SCMPipelineManager (SCMPipelineManager.java:finalizeAndDestroyPipeline(309)) - destroying pipeline:Pipeline[ Id: 20cd9d68-7709-4047-9b3a-6bbc5e7d3dbc, Nodes: 54ce06a7-084b-40eb-9b4b-239a6e27ab83{ip: 192.168.36.107, host: pr-hdds-1949-jn7bv-2990118995, networkLocation: /default-rack, certSerialId: null}8fecb67b-5c4d-4732-8a79-20bb823bc0ec{ip: 192.168.36.107, host: pr-hdds-1949-jn7bv-2990118995, networkLocation: /default-rack, certSerialId: null}461018b7-39dd-4d28-b214-6e460473d27d{ip: 192.168.36.107, host: pr-hdds-1949-jn7bv-2990118995, networkLocation: /default-rack, certSerialId: null}, Type:RATIS, Factor:THREE, State:OPEN]
2019-08-28 20:10:05,168 [EventQueue-StaleNodeForStaleNodeHandler] INFO  pipeline.PipelineStateManager (PipelineStateManager.java:finalizePipeline(123)) - Pipeline Pipeline[ Id: 20cd9d68-7709-4047-9b3a-6bbc5e7d3dbc, Nodes: 54ce06a7-084b-40eb-9b4b-239a6e27ab83{ip: 192.168.36.107, host: pr-hdds-1949-jn7bv-2990118995, networkLocation: /default-rack, certSerialId: null}8fecb67b-5c4d-4732-8a79-20bb823bc0ec{ip: 192.168.36.107, host: pr-hdds-1949-jn7bv-2990118995, networkLocation: /default-rack, certSerialId: null}461018b7-39dd-4d28-b214-6e460473d27d{ip: 192.168.36.107, host: pr-hdds-1949-jn7bv-2990118995, networkLocation: /default-rack, certSerialId: null}, Type:RATIS, Factor:THREE, State:CLOSED] moved to CLOSED state
2019-08-28 20:10:05,169 [EventQueue-CloseContainerForCloseContainerEventHandler] INFO  container.CloseContainerEventHandler (CloseContainerEventHandler.java:onMessage(61)) - Close container Event triggered for container : #1
2019-08-28 20:10:05,466 | INFO  | SCMAudit | user=jenkins1000 | ip=192.168.36.107 | op=SEND_HEARTBEAT {datanodeUUID=832d9bd2-6690-412c-a054-04d2b759cec3, command=[]} | ret=SUCCESS |  
2019-08-28 20:10:05,479 | INFO  | SCMAudit | user=jenkins1000 | ip=192.168.36.107 | op=SEND_HEARTBEAT {datanodeUUID=32058749-0763-4169-a6f0-c48e966b88d9, command=[]} | ret=SUCCESS |  
2019-08-28 20:10:05,479 | INFO  | SCMAudit | user=jenkins1000 | ip=192.168.36.107 | op=SEND_HEARTBEAT {datanodeUUID=0d2cbdf2-f3e9-4f0a-94d2-ebe777e5e266, command=[]} | ret=SUCCESS |  
2019-08-28 20:10:05,568 [EventQueue-StaleNodeForStaleNodeHandler] INFO  node.StaleNodeHandler (StaleNodeHandler.java:onMessage(58)) - Datanode 99c2ffe6-7e64-4b0d-9e12-4b317a498883{ip: 192.168.36.107, host: pr-hdds-1949-jn7bv-2990118995, networkLocation: /default-rack, certSerialId: null} moved to stale state. Finalizing its pipelines [PipelineID=803cbbad-2a38-496b-9974-c40c459b67ba, PipelineID=524c060b-fcf7-4125-81e8-598b0c585c63]
2019-08-28 20:10:05,568 [EventQueue-StaleNodeForStaleNodeHandler] INFO  pipeline.SCMPipelineManager (SCMPipelineManager.java:finalizeAndDestroyPipeline(309)) - destroying pipeline:Pipeline[ Id: 803cbbad-2a38-496b-9974-c40c459b67ba, Nodes: 99c2ffe6-7e64-4b0d-9e12-4b317a498883{ip: 192.168.36.107, host: pr-hdds-1949-jn7bv-2990118995, networkLocation: /default-rack, certSerialId: null}, Type:RATIS, Factor:ONE, State:OPEN]
2019-08-28 20:10:05,568 [EventQueue-StaleNodeForStaleNodeHandler] INFO  pipeline.PipelineStateManager (PipelineStateManager.java:finalizePipeline(123)) - Pipeline Pipeline[ Id: 803cbbad-2a38-496b-9974-c40c459b67ba, Nodes: 99c2ffe6-7e64-4b0d-9e12-4b317a498883{ip: 192.168.36.107, host: pr-hdds-1949-jn7bv-2990118995, networkLocation: /default-rack, certSerialId: null}, Type:RATIS, Factor:ONE, State:CLOSED] moved to CLOSED state
2019-08-28 20:10:05,568 [EventQueue-StaleNodeForStaleNodeHandler] INFO  pipeline.SCMPipelineManager (SCMPipelineManager.java:finalizeAndDestroyPipeline(309)) - destroying pipeline:Pipeline[ Id: 524c060b-fcf7-4125-81e8-598b0c585c63, Nodes: 99c2ffe6-7e64-4b0d-9e12-4b317a498883{ip: 192.168.36.107, host: pr-hdds-1949-jn7bv-2990118995, networkLocation: /default-rack, certSerialId: null}32058749-0763-4169-a6f0-c48e966b88d9{ip: 192.168.36.107, host: pr-hdds-1949-jn7bv-2990118995, networkLocation: /default-rack, certSerialId: null}0d2cbdf2-f3e9-4f0a-94d2-ebe777e5e266{ip: 192.168.36.107, host: pr-hdds-1949-jn7bv-2990118995, networkLocation: /default-rack, certSerialId: null}, Type:RATIS, Factor:THREE, State:OPEN]
2019-08-28 20:10:05,568 [EventQueue-StaleNodeForStaleNodeHandler] INFO  pipeline.PipelineStateManager (PipelineStateManager.java:finalizePipeline(123)) - Pipeline Pipeline[ Id: 524c060b-fcf7-4125-81e8-598b0c585c63, Nodes: 99c2ffe6-7e64-4b0d-9e12-4b317a498883{ip: 192.168.36.107, host: pr-hdds-1949-jn7bv-2990118995, networkLocation: /default-rack, certSerialId: null}32058749-0763-4169-a6f0-c48e966b88d9{ip: 192.168.36.107, host: pr-hdds-1949-jn7bv-2990118995, networkLocation: /default-rack, certSerialId: null}0d2cbdf2-f3e9-4f0a-94d2-ebe777e5e266{ip: 192.168.36.107, host: pr-hdds-1949-jn7bv-2990118995, networkLocation: /default-rack, certSerialId: null}, Type:RATIS, Factor:THREE, State:CLOSED] moved to CLOSED state
2019-08-28 20:10:05,569 [EventQueue-CloseContainerForCloseContainerEventHandler] INFO  container.CloseContainerEventHandler (CloseContainerEventHandler.java:onMessage(61)) - Close container Event triggered for container : #2
2019-08-28 20:10:05,646 [main] INFO  ozoneimpl.OzoneContainer (OzoneContainer.java:stop(215)) - Attempting to stop container services.
2019-08-28 20:10:05,647 [ForkJoinPool.commonPool-worker-0] INFO  ozoneimpl.OzoneContainer (OzoneContainer.java:stop(215)) - Attempting to stop container services.
2019-08-28 20:10:05,647 [main] INFO  impl.RaftServerProxy (RaftServerProxy.java:lambda$close$4(314)) - 99c2ffe6-7e64-4b0d-9e12-4b317a498883: close
2019-08-28 20:10:05,647 [ForkJoinPool.commonPool-worker-0] INFO  impl.RaftServerProxy (RaftServerProxy.java:lambda$close$4(314)) - 8fecb67b-5c4d-4732-8a79-20bb823bc0ec: close
2019-08-28 20:10:05,648 [main] INFO  impl.RaftServerImpl (RaftServerImpl.java:lambda$shutdown$3(245)) - 99c2ffe6-7e64-4b0d-9e12-4b317a498883: shutdown group-C40C459B67BA
2019-08-28 20:10:05,648 [ForkJoinPool.commonPool-worker-0] INFO  impl.RaftServerImpl (RaftServerImpl.java:lambda$shutdown$3(245)) - 8fecb67b-5c4d-4732-8a79-20bb823bc0ec: shutdown group-CC247B29DAFE
2019-08-28 20:10:05,648 [main] INFO  util.JmxRegister (JmxRegister.java:unregister(73)) - Successfully un-registered JMX Bean with object name Ratis:service=RaftServer,group=group-C40C459B67BA,id=99c2ffe6-7e64-4b0d-9e12-4b317a498883
2019-08-28 20:10:05,649 [main] INFO  impl.RoleInfo (RoleInfo.java:shutdownLeaderState(104)) - 99c2ffe6-7e64-4b0d-9e12-4b317a498883: shutdown LeaderState
2019-08-28 20:10:05,649 [ForkJoinPool.commonPool-worker-0] INFO  util.JmxRegister (JmxRegister.java:unregister(73)) - Successfully un-registered JMX Bean with object name Ratis:service=RaftServer,group=group-CC247B29DAFE,id=8fecb67b-5c4d-4732-8a79-20bb823bc0ec
2019-08-28 20:10:05,650 [main] INFO  impl.PendingRequests (PendingRequests.java:sendNotLeaderResponses(202)) - 99c2ffe6-7e64-4b0d-9e12-4b317a498883-PendingRequests: sendNotLeaderResponses
2019-08-28 20:10:05,650 [ForkJoinPool.commonPool-worker-0] INFO  impl.RoleInfo (RoleInfo.java:shutdownLeaderState(104)) - 8fecb67b-5c4d-4732-8a79-20bb823bc0ec: shutdown LeaderState
2019-08-28 20:10:05,650 [main] INFO  impl.StateMachineUpdater (StateMachineUpdater.java:stopAndJoin(115)) - StateMachineUpdater:99c2ffe6-7e64-4b0d-9e12-4b317a498883:group-C40C459B67BA: set stopIndex = 0
2019-08-28 20:10:05,650 [ForkJoinPool.commonPool-worker-0] INFO  impl.PendingRequests (PendingRequests.java:sendNotLeaderResponses(202)) - 8fecb67b-5c4d-4732-8a79-20bb823bc0ec-PendingRequests: sendNotLeaderResponses
2019-08-28 20:10:05,651 [main] INFO  impl.RaftServerImpl (ServerState.java:close(394)) - 99c2ffe6-7e64-4b0d-9e12-4b317a498883:group-C40C459B67BA closes. The last applied log index is 0
2019-08-28 20:10:05,651 [ForkJoinPool.commonPool-worker-0] INFO  impl.StateMachineUpdater (StateMachineUpdater.java:stopAndJoin(115)) - StateMachineUpdater:8fecb67b-5c4d-4732-8a79-20bb823bc0ec:group-CC247B29DAFE: set stopIndex = 0
2019-08-28 20:10:05,652 [99c2ffe6-7e64-4b0d-9e12-4b317a498883-SegmentedRaftLogWorker:Storage Directory /workdir/hadoop-ozone/integration-test/target/test-dir/MiniOzoneClusterImpl-72b920a7-1e55-4753-92eb-643903605a0d/datanode-4/data/ratis/803cbbad-2a38-496b-9974-c40c459b67ba] INFO  segmented.SegmentedRaftLogWorker (SegmentedRaftLogWorker.java:run(313)) - 99c2ffe6-7e64-4b0d-9e12-4b317a498883-SegmentedRaftLogWorker:Storage Directory /workdir/hadoop-ozone/integration-test/target/test-dir/MiniOzoneClusterImpl-72b920a7-1e55-4753-92eb-643903605a0d/datanode-4/data/ratis/803cbbad-2a38-496b-9974-c40c459b67ba was interrupted, exiting. There are 0 tasks remaining in the queue.
2019-08-28 20:10:05,652 [ForkJoinPool.commonPool-worker-0] INFO  impl.RaftServerImpl (ServerState.java:close(394)) - 8fecb67b-5c4d-4732-8a79-20bb823bc0ec:group-CC247B29DAFE closes. The last applied log index is 0
2019-08-28 20:10:05,656 [main] INFO  segmented.SegmentedRaftLogWorker (SegmentedRaftLogWorker.java:close(228)) - 99c2ffe6-7e64-4b0d-9e12-4b317a498883-SegmentedRaftLogWorker:Storage Directory /workdir/hadoop-ozone/integration-test/target/test-dir/MiniOzoneClusterImpl-72b920a7-1e55-4753-92eb-643903605a0d/datanode-4/data/ratis/803cbbad-2a38-496b-9974-c40c459b67ba close()
2019-08-28 20:10:05,656 [8fecb67b-5c4d-4732-8a79-20bb823bc0ec-SegmentedRaftLogWorker:Storage Directory /workdir/hadoop-ozone/integration-test/target/test-dir/MiniOzoneClusterImpl-72b920a7-1e55-4753-92eb-643903605a0d/datanode-1/data/ratis/381c9616-af9d-4f80-a1cf-cc247b29dafe] INFO  segmented.SegmentedRaftLogWorker (SegmentedRaftLogWorker.java:run(313)) - 8fecb67b-5c4d-4732-8a79-20bb823bc0ec-SegmentedRaftLogWorker:Storage Directory /workdir/hadoop-ozone/integration-test/target/test-dir/MiniOzoneClusterImpl-72b920a7-1e55-4753-92eb-643903605a0d/datanode-1/data/ratis/381c9616-af9d-4f80-a1cf-cc247b29dafe was interrupted, exiting. There are 0 tasks remaining in the queue.
2019-08-28 20:10:05,661 [main] INFO  impl.RaftServerImpl (RaftServerImpl.java:lambda$shutdown$3(245)) - 99c2ffe6-7e64-4b0d-9e12-4b317a498883: shutdown group-598B0C585C63
2019-08-28 20:10:05,663 [ForkJoinPool.commonPool-worker-0] INFO  segmented.SegmentedRaftLogWorker (SegmentedRaftLogWorker.java:close(228)) - 8fecb67b-5c4d-4732-8a79-20bb823bc0ec-SegmentedRaftLogWorker:Storage Directory /workdir/hadoop-ozone/integration-test/target/test-dir/MiniOzoneClusterImpl-72b920a7-1e55-4753-92eb-643903605a0d/datanode-1/data/ratis/381c9616-af9d-4f80-a1cf-cc247b29dafe close()
2019-08-28 20:10:05,663 [main] INFO  util.JmxRegister (JmxRegister.java:unregister(73)) - Successfully un-registered JMX Bean with object name Ratis:service=RaftServer,group=group-598B0C585C63,id=99c2ffe6-7e64-4b0d-9e12-4b317a498883
2019-08-28 20:10:05,666 [ForkJoinPool.commonPool-worker-0] INFO  impl.RaftServerImpl (RaftServerImpl.java:lambda$shutdown$3(245)) - 8fecb67b-5c4d-4732-8a79-20bb823bc0ec: shutdown group-6BBC5E7D3DBC
2019-08-28 20:10:05,667 [main] INFO  impl.RoleInfo (RoleInfo.java:shutdownLeaderState(104)) - 99c2ffe6-7e64-4b0d-9e12-4b317a498883: shutdown LeaderState
2019-08-28 20:10:05,667 [ForkJoinPool.commonPool-worker-0] INFO  util.JmxRegister (JmxRegister.java:unregister(73)) - Successfully un-registered JMX Bean with object name Ratis:service=RaftServer,group=group-6BBC5E7D3DBC,id=8fecb67b-5c4d-4732-8a79-20bb823bc0ec
2019-08-28 20:10:05,670 [org.apache.ratis.server.impl.LogAppender$AppenderDaemon$$Lambda$501/1089294070@4966d11f] WARN  server.GrpcLogAppender (GrpcLogAppender.java:mayWait(143)) - GrpcLogAppender(99c2ffe6-7e64-4b0d-9e12-4b317a498883->32058749-0763-4169-a6f0-c48e966b88d9): Wait interrupted by java.lang.InterruptedException
2019-08-28 20:10:05,670 [org.apache.ratis.server.impl.LogAppender$AppenderDaemon$$Lambda$501/1089294070@c645ef7] WARN  server.GrpcLogAppender (GrpcLogAppender.java:mayWait(143)) - GrpcLogAppender(99c2ffe6-7e64-4b0d-9e12-4b317a498883->0d2cbdf2-f3e9-4f0a-94d2-ebe777e5e266): Wait interrupted by java.lang.InterruptedException
2019-08-28 20:10:05,670 [main] INFO  impl.PendingRequests (PendingRequests.java:sendNotLeaderResponses(202)) - 99c2ffe6-7e64-4b0d-9e12-4b317a498883-PendingRequests: sendNotLeaderResponses
2019-08-28 20:10:05,671 [grpc-default-executor-2] INFO  server.GrpcServerProtocolService (GrpcServerProtocolService.java:onCompleted(104)) - 0d2cbdf2-f3e9-4f0a-94d2-ebe777e5e266: appendEntries completed
2019-08-28 20:10:05,671 [grpc-default-executor-12] INFO  server.GrpcServerProtocolService (GrpcServerProtocolService.java:onCompleted(104)) - 32058749-0763-4169-a6f0-c48e966b88d9: appendEntries completed
2019-08-28 20:10:05,675 [StateMachineUpdater:99c2ffe6-7e64-4b0d-9e12-4b317a498883:group-598B0C585C63] INFO  ratis.ContainerStateMachine (ContainerStateMachine.java:takeSnapshot(284)) - group-598B0C585C63: Taking a snapshot at:(t:3, i:5) file /workdir/hadoop-ozone/integration-test/target/test-dir/MiniOzoneClusterImpl-72b920a7-1e55-4753-92eb-643903605a0d/datanode-4/data/ratis/524c060b-fcf7-4125-81e8-598b0c585c63/sm/snapshot.3_5
2019-08-28 20:10:05,670 [ForkJoinPool.commonPool-worker-0] INFO  impl.RoleInfo (RoleInfo.java:shutdownFollowerState(121)) - 8fecb67b-5c4d-4732-8a79-20bb823bc0ec: shutdown FollowerState
2019-08-28 20:10:05,675 [grpc-default-executor-12] INFO  server.GrpcLogAppender (GrpcLogAppender.java:onCompleted(292)) - 99c2ffe6-7e64-4b0d-9e12-4b317a498883->32058749-0763-4169-a6f0-c48e966b88d9: follower responses appendEntries COMPLETED
2019-08-28 20:10:05,675 [main] INFO  impl.StateMachineUpdater (StateMachineUpdater.java:stopAndJoin(115)) - StateMachineUpdater:99c2ffe6-7e64-4b0d-9e12-4b317a498883:group-598B0C585C63: set stopIndex = 5
2019-08-28 20:10:05,676 [grpc-default-executor-12] INFO  impl.FollowerInfo (FollowerInfo.java:lambda$new$0(50)) - 99c2ffe6-7e64-4b0d-9e12-4b317a498883->32058749-0763-4169-a6f0-c48e966b88d9: nextIndex: updateUnconditionally 6 -> 5
2019-08-28 20:10:05,676 [Thread-4913] INFO  impl.FollowerState (FollowerState.java:run(114)) - 8fecb67b-5c4d-4732-8a79-20bb823bc0ec: FollowerState was interrupted: java.lang.InterruptedException: sleep interrupted
2019-08-28 20:10:05,676 [StateMachineUpdater:8fecb67b-5c4d-4732-8a79-20bb823bc0ec:group-6BBC5E7D3DBC] INFO  ratis.ContainerStateMachine (ContainerStateMachine.java:takeSnapshot(284)) - group-6BBC5E7D3DBC: Taking a snapshot at:(t:2, i:6) file /workdir/hadoop-ozone/integration-test/target/test-dir/MiniOzoneClusterImpl-72b920a7-1e55-4753-92eb-643903605a0d/datanode-1/data/ratis/20cd9d68-7709-4047-9b3a-6bbc5e7d3dbc/sm/snapshot.2_6
2019-08-28 20:10:05,676 [ForkJoinPool.commonPool-worker-0] INFO  impl.StateMachineUpdater (StateMachineUpdater.java:stopAndJoin(115)) - StateMachineUpdater:8fecb67b-5c4d-4732-8a79-20bb823bc0ec:group-6BBC5E7D3DBC: set stopIndex = 6
2019-08-28 20:10:05,676 [grpc-default-executor-2] INFO  server.GrpcLogAppender (GrpcLogAppender.java:onCompleted(292)) - 99c2ffe6-7e64-4b0d-9e12-4b317a498883->0d2cbdf2-f3e9-4f0a-94d2-ebe777e5e266: follower responses appendEntries COMPLETED
2019-08-28 20:10:05,677 [grpc-default-executor-2] INFO  impl.FollowerInfo (FollowerInfo.java:lambda$new$0(50)) - 99c2ffe6-7e64-4b0d-9e12-4b317a498883->0d2cbdf2-f3e9-4f0a-94d2-ebe777e5e266: nextIndex: updateUnconditionally 6 -> 5
2019-08-28 20:10:05,701 [StateMachineUpdater:8fecb67b-5c4d-4732-8a79-20bb823bc0ec:group-6BBC5E7D3DBC] INFO  ratis.ContainerStateMachine (ContainerStateMachine.java:takeSnapshot(295)) - group-6BBC5E7D3DBC: Finished taking a snapshot at:(t:2, i:6) file:/workdir/hadoop-ozone/integration-test/target/test-dir/MiniOzoneClusterImpl-72b920a7-1e55-4753-92eb-643903605a0d/datanode-1/data/ratis/20cd9d68-7709-4047-9b3a-6bbc5e7d3dbc/sm/snapshot.2_6 time:25
2019-08-28 20:10:05,701 [StateMachineUpdater:8fecb67b-5c4d-4732-8a79-20bb823bc0ec:group-6BBC5E7D3DBC] INFO  impl.StateMachineUpdater (StateMachineUpdater.java:takeSnapshot(242)) - StateMachineUpdater:8fecb67b-5c4d-4732-8a79-20bb823bc0ec:group-6BBC5E7D3DBC: Took a snapshot at index 6
2019-08-28 20:10:05,701 [StateMachineUpdater:99c2ffe6-7e64-4b0d-9e12-4b317a498883:group-598B0C585C63] INFO  ratis.ContainerStateMachine (ContainerStateMachine.java:takeSnapshot(295)) - group-598B0C585C63: Finished taking a snapshot at:(t:3, i:5) file:/workdir/hadoop-ozone/integration-test/target/test-dir/MiniOzoneClusterImpl-72b920a7-1e55-4753-92eb-643903605a0d/datanode-4/data/ratis/524c060b-fcf7-4125-81e8-598b0c585c63/sm/snapshot.3_5 time:26
2019-08-28 20:10:05,701 [StateMachineUpdater:8fecb67b-5c4d-4732-8a79-20bb823bc0ec:group-6BBC5E7D3DBC] INFO  impl.StateMachineUpdater (StateMachineUpdater.java:lambda$new$0(80)) - StateMachineUpdater:8fecb67b-5c4d-4732-8a79-20bb823bc0ec:group-6BBC5E7D3DBC: snapshotIndex: updateIncreasingly -1 -> 6
2019-08-28 20:10:05,701 [StateMachineUpdater:99c2ffe6-7e64-4b0d-9e12-4b317a498883:group-598B0C585C63] INFO  impl.StateMachineUpdater (StateMachineUpdater.java:takeSnapshot(242)) - StateMachineUpdater:99c2ffe6-7e64-4b0d-9e12-4b317a498883:group-598B0C585C63: Took a snapshot at index 5
2019-08-28 20:10:05,701 [StateMachineUpdater:99c2ffe6-7e64-4b0d-9e12-4b317a498883:group-598B0C585C63] INFO  impl.StateMachineUpdater (StateMachineUpdater.java:lambda$new$0(80)) - StateMachineUpdater:99c2ffe6-7e64-4b0d-9e12-4b317a498883:group-598B0C585C63: snapshotIndex: updateIncreasingly -1 -> 5
2019-08-28 20:10:05,702 [ForkJoinPool.commonPool-worker-0] INFO  impl.RaftServerImpl (ServerState.java:close(394)) - 8fecb67b-5c4d-4732-8a79-20bb823bc0ec:group-6BBC5E7D3DBC closes. The last applied log index is 6
2019-08-28 20:10:05,702 [main] INFO  impl.RaftServerImpl (ServerState.java:close(394)) - 99c2ffe6-7e64-4b0d-9e12-4b317a498883:group-598B0C585C63 closes. The last applied log index is 5
2019-08-28 20:10:05,702 [8fecb67b-5c4d-4732-8a79-20bb823bc0ec-SegmentedRaftLogWorker:Storage Directory /workdir/hadoop-ozone/integration-test/target/test-dir/MiniOzoneClusterImpl-72b920a7-1e55-4753-92eb-643903605a0d/datanode-1/data/ratis/20cd9d68-7709-4047-9b3a-6bbc5e7d3dbc] INFO  segmented.SegmentedRaftLogWorker (SegmentedRaftLogWorker.java:run(313)) - 8fecb67b-5c4d-4732-8a79-20bb823bc0ec-SegmentedRaftLogWorker:Storage Directory /workdir/hadoop-ozone/integration-test/target/test-dir/MiniOzoneClusterImpl-72b920a7-1e55-4753-92eb-643903605a0d/datanode-1/data/ratis/20cd9d68-7709-4047-9b3a-6bbc5e7d3dbc was interrupted, exiting. There are 0 tasks remaining in the queue.
2019-08-28 20:10:05,703 [99c2ffe6-7e64-4b0d-9e12-4b317a498883-SegmentedRaftLogWorker:Storage Directory /workdir/hadoop-ozone/integration-test/target/test-dir/MiniOzoneClusterImpl-72b920a7-1e55-4753-92eb-643903605a0d/datanode-4/data/ratis/524c060b-fcf7-4125-81e8-598b0c585c63] INFO  segmented.SegmentedRaftLogWorker (SegmentedRaftLogWorker.java:run(313)) - 99c2ffe6-7e64-4b0d-9e12-4b317a498883-SegmentedRaftLogWorker:Storage Directory /workdir/hadoop-ozone/integration-test/target/test-dir/MiniOzoneClusterImpl-72b920a7-1e55-4753-92eb-643903605a0d/datanode-4/data/ratis/524c060b-fcf7-4125-81e8-598b0c585c63 was interrupted, exiting. There are 0 tasks remaining in the queue.
2019-08-28 20:10:05,705 [ForkJoinPool.commonPool-worker-0] INFO  segmented.SegmentedRaftLogWorker (SegmentedRaftLogWorker.java:close(228)) - 8fecb67b-5c4d-4732-8a79-20bb823bc0ec-SegmentedRaftLogWorker:Storage Directory /workdir/hadoop-ozone/integration-test/target/test-dir/MiniOzoneClusterImpl-72b920a7-1e55-4753-92eb-643903605a0d/datanode-1/data/ratis/20cd9d68-7709-4047-9b3a-6bbc5e7d3dbc close()
2019-08-28 20:10:05,709 [main] INFO  segmented.SegmentedRaftLogWorker (SegmentedRaftLogWorker.java:close(228)) - 99c2ffe6-7e64-4b0d-9e12-4b317a498883-SegmentedRaftLogWorker:Storage Directory /workdir/hadoop-ozone/integration-test/target/test-dir/MiniOzoneClusterImpl-72b920a7-1e55-4753-92eb-643903605a0d/datanode-4/data/ratis/524c060b-fcf7-4125-81e8-598b0c585c63 close()
2019-08-28 20:10:05,714 [ForkJoinPool.commonPool-worker-0] INFO  server.GrpcService (GrpcService.java:closeImpl(155)) - 8fecb67b-5c4d-4732-8a79-20bb823bc0ec: shutdown server with port 33628 now
2019-08-28 20:10:05,718 [main] INFO  server.GrpcService (GrpcService.java:closeImpl(155)) - 99c2ffe6-7e64-4b0d-9e12-4b317a498883: shutdown server with port 36103 now
2019-08-28 20:10:05,719 [grpc-default-executor-8] WARN  server.GrpcServerProtocolService (LogUtils.java:warn(134)) - 8fecb67b-5c4d-4732-8a79-20bb823bc0ec: appendEntries onError: org.apache.ratis.thirdparty.io.grpc.StatusRuntimeException: CANCELLED: cancelled before receiving half close
2019-08-28 20:10:05,719 [ForkJoinPool.commonPool-worker-0] INFO  server.GrpcService (GrpcService.java:closeImpl(163)) - 8fecb67b-5c4d-4732-8a79-20bb823bc0ec: shutdown server with port 33628 successfully
2019-08-28 20:10:05,719 [main] INFO  server.GrpcService (GrpcService.java:closeImpl(163)) - 99c2ffe6-7e64-4b0d-9e12-4b317a498883: shutdown server with port 36103 successfully
2019-08-28 20:10:05,719 [grpc-default-executor-8] WARN  server.GrpcLogAppender (LogUtils.java:warn(134)) - 461018b7-39dd-4d28-b214-6e460473d27d->8fecb67b-5c4d-4732-8a79-20bb823bc0ec: Failed appendEntries: org.apache.ratis.thirdparty.io.grpc.StatusRuntimeException: CANCELLED: HTTP/2 error code: CANCEL
Received Rst Stream
2019-08-28 20:10:05,720 [grpc-default-executor-8] INFO  impl.FollowerInfo (FollowerInfo.java:lambda$new$0(50)) - 461018b7-39dd-4d28-b214-6e460473d27d->8fecb67b-5c4d-4732-8a79-20bb823bc0ec: nextIndex: updateUnconditionally 7 -> 6
2019-08-28 20:10:05,721 [refreshUsed-/workdir/hadoop-ozone/integration-test/target/test-dir/MiniOzoneClusterImpl-72b920a7-1e55-4753-92eb-643903605a0d/datanode-4/data/containers] WARN  fs.CachingGetSpaceUsed (CachingGetSpaceUsed.java:run(183)) - Thread Interrupted waiting to refresh disk information: sleep interrupted
2019-08-28 20:10:05,721 [refreshUsed-/workdir/hadoop-ozone/integration-test/target/test-dir/MiniOzoneClusterImpl-72b920a7-1e55-4753-92eb-643903605a0d/datanode-1/data/containers] WARN  fs.CachingGetSpaceUsed (CachingGetSpaceUsed.java:run(183)) - Thread Interrupted waiting to refresh disk information: sleep interrupted
2019-08-28 20:10:05,742 [main] INFO  utils.BackgroundService (BackgroundService.java:shutdown(148)) - Shutting down service BlockDeletingService
2019-08-28 20:10:05,757 [main] INFO  statemachine.DatanodeStateMachine (DatanodeStateMachine.java:stopDaemon(395)) - Ozone container server stopped.
2019-08-28 20:10:05,757 [ForkJoinPool.commonPool-worker-0] INFO  utils.BackgroundService (BackgroundService.java:shutdown(148)) - Shutting down service BlockDeletingService
2019-08-28 20:10:05,761 [ForkJoinPool.commonPool-worker-0] INFO  statemachine.DatanodeStateMachine (DatanodeStateMachine.java:stopDaemon(395)) - Ozone container server stopped.
2019-08-28 20:10:05,762 [main] INFO  handler.ContextHandler (ContextHandler.java:doStop(910)) - Stopped o.e.j.w.WebAppContext@74ebd159{/,null,UNAVAILABLE}{/hddsDatanode}
2019-08-28 20:10:05,766 [ForkJoinPool.commonPool-worker-0] INFO  handler.ContextHandler (ContextHandler.java:doStop(910)) - Stopped o.e.j.w.WebAppContext@243c4346{/,null,UNAVAILABLE}{/hddsDatanode}
2019-08-28 20:10:05,766 [main] INFO  server.AbstractConnector (AbstractConnector.java:doStop(318)) - Stopped ServerConnector@1850f2da{HTTP/1.1,[http/1.1]}{0.0.0.0:0}
2019-08-28 20:10:05,766 [ForkJoinPool.commonPool-worker-0] INFO  server.AbstractConnector (AbstractConnector.java:doStop(318)) - Stopped ServerConnector@2905b568{HTTP/1.1,[http/1.1]}{0.0.0.0:0}
2019-08-28 20:10:05,767 [main] INFO  handler.ContextHandler (ContextHandler.java:doStop(910)) - Stopped o.e.j.s.ServletContextHandler@5350ab17{/static,jar:file:/home/user/.m2/repository/org/apache/hadoop/hadoop-hdds-container-service/0.5.0-SNAPSHOT/hadoop-hdds-container-service-0.5.0-SNAPSHOT.jar!/webapps/static,UNAVAILABLE}
2019-08-28 20:10:05,768 [ForkJoinPool.commonPool-worker-0] INFO  handler.ContextHandler (ContextHandler.java:doStop(910)) - Stopped o.e.j.s.ServletContextHandler@15f2a43f{/static,jar:file:/home/user/.m2/repository/org/apache/hadoop/hadoop-hdds-container-service/0.5.0-SNAPSHOT/hadoop-hdds-container-service-0.5.0-SNAPSHOT.jar!/webapps/static,UNAVAILABLE}
2019-08-28 20:10:05,769 [main] INFO  handler.ContextHandler (ContextHandler.java:doStop(910)) - Stopped o.e.j.s.ServletContextHandler@48632f69{/logs,file:///workdir/hadoop-ozone/integration-test/target/log,UNAVAILABLE}
2019-08-28 20:10:05,770 [ForkJoinPool.commonPool-worker-0] INFO  handler.ContextHandler (ContextHandler.java:doStop(910)) - Stopped o.e.j.s.ServletContextHandler@3d3930fe{/logs,file:///workdir/hadoop-ozone/integration-test/target/log,UNAVAILABLE}
2019-08-28 20:10:06,092 [Datanode State Machine Thread - 0] INFO  statemachine.DatanodeStateMachine (DatanodeStateMachine.java:lambda$startDaemon$0(350)) - Ozone container server started.
2019-08-28 20:10:06,093 | INFO  | SCMAudit | user=jenkins1000 | ip=192.168.36.107 | op=SEND_HEARTBEAT {datanodeUUID=461018b7-39dd-4d28-b214-6e460473d27d, command=[commandType: closeContainerCommand closeContainerCommandProto { containerID: 1 pipelineID { id: "20cd9d68-7709-4047-9b3a-6bbc5e7d3dbc" } cmdId: 1 force: false } ]} | ret=SUCCESS |  
2019-08-28 20:10:06,465 [Datanode State Machine Thread - 0] INFO  statemachine.DatanodeStateMachine (DatanodeStateMachine.java:lambda$startDaemon$0(350)) - Ozone container server started.
2019-08-28 20:10:06,480 | INFO  | SCMAudit | user=jenkins1000 | ip=192.168.36.107 | op=SEND_HEARTBEAT {datanodeUUID=0d2cbdf2-f3e9-4f0a-94d2-ebe777e5e266, command=[commandType: closeContainerCommand closeContainerCommandProto { containerID: 2 pipelineID { id: "524c060b-fcf7-4125-81e8-598b0c585c63" } cmdId: 2 force: false } ]} | ret=SUCCESS |  
2019-08-28 20:10:06,480 | INFO  | SCMAudit | user=jenkins1000 | ip=192.168.36.107 | op=SEND_HEARTBEAT {datanodeUUID=32058749-0763-4169-a6f0-c48e966b88d9, command=[commandType: closeContainerCommand closeContainerCommandProto { containerID: 2 pipelineID { id: "524c060b-fcf7-4125-81e8-598b0c585c63" } cmdId: 2 force: false } ]} | ret=SUCCESS |  
2019-08-28 20:10:07,093 | INFO  | SCMAudit | user=jenkins1000 | ip=192.168.36.107 | op=SEND_HEARTBEAT {datanodeUUID=461018b7-39dd-4d28-b214-6e460473d27d, command=[]} | ret=SUCCESS |  
2019-08-28 20:10:07,125 | INFO  | SCMAudit | user=jenkins1000 | ip=192.168.36.107 | op=SEND_HEARTBEAT {datanodeUUID=461018b7-39dd-4d28-b214-6e460473d27d, command=[]} | ret=SUCCESS |  
2019-08-28 20:10:07,127 [grpc-default-executor-12] WARN  server.GrpcLogAppender (LogUtils.java:warn(134)) - 461018b7-39dd-4d28-b214-6e460473d27d->8fecb67b-5c4d-4732-8a79-20bb823bc0ec: Failed appendEntries: org.apache.ratis.thirdparty.io.grpc.StatusRuntimeException: UNAVAILABLE: io exception
2019-08-28 20:10:07,128 [grpc-default-executor-12] INFO  impl.FollowerInfo (FollowerInfo.java:lambda$new$0(50)) - 461018b7-39dd-4d28-b214-6e460473d27d->8fecb67b-5c4d-4732-8a79-20bb823bc0ec: nextIndex: updateUnconditionally 7 -> 6
2019-08-28 20:10:07,140 [grpc-default-executor-2] WARN  server.GrpcLogAppender (LogUtils.java:warn(134)) - 461018b7-39dd-4d28-b214-6e460473d27d->8fecb67b-5c4d-4732-8a79-20bb823bc0ec: Failed appendEntries: org.apache.ratis.thirdparty.io.grpc.StatusRuntimeException: UNAVAILABLE: io exception
2019-08-28 20:10:07,140 [grpc-default-executor-2] INFO  impl.FollowerInfo (FollowerInfo.java:lambda$new$0(50)) - 461018b7-39dd-4d28-b214-6e460473d27d->8fecb67b-5c4d-4732-8a79-20bb823bc0ec: nextIndex: updateUnconditionally 7 -> 6
2019-08-28 20:10:07,151 [RatisApplyTransactionExecutor 1] INFO  interfaces.Container (KeyValueContainer.java:flushAndSyncDB(382)) - Container 1 is synced with bcsId 4.
2019-08-28 20:10:07,151 [RatisApplyTransactionExecutor 1] INFO  interfaces.Container (KeyValueContainer.java:flushAndSyncDB(382)) - Container 1 is synced with bcsId 4.
2019-08-28 20:10:07,214 [grpc-default-executor-8] WARN  server.GrpcLogAppender (LogUtils.java:warn(134)) - 461018b7-39dd-4d28-b214-6e460473d27d->8fecb67b-5c4d-4732-8a79-20bb823bc0ec: Failed appendEntries: org.apache.ratis.thirdparty.io.grpc.StatusRuntimeException: UNAVAILABLE: io exception
2019-08-28 20:10:07,215 [grpc-default-executor-8] INFO  impl.FollowerInfo (FollowerInfo.java:lambda$new$0(50)) - 461018b7-39dd-4d28-b214-6e460473d27d->8fecb67b-5c4d-4732-8a79-20bb823bc0ec: nextIndex: updateUnconditionally 7 -> 6
2019-08-28 20:10:07,225 | INFO  | DNAudit | user=null | ip=null | op=CLOSE_CONTAINER {containerID=1} | ret=SUCCESS |  
2019-08-28 20:10:07,226 | INFO  | SCMAudit | user=jenkins1000 | ip=192.168.36.107 | op=SEND_HEARTBEAT {datanodeUUID=461018b7-39dd-4d28-b214-6e460473d27d, command=[]} | ret=SUCCESS |  
2019-08-28 20:10:07,226 [EventQueue-IncrementalContainerReportForIncrementalContainerReportHandler] INFO  container.IncrementalContainerReportHandler (AbstractContainerReportHandler.java:updateContainerState(176)) - Moving container #1 to CLOSED state, datanode 461018b7-39dd-4d28-b214-6e460473d27d{ip: 192.168.36.107, host: pr-hdds-1949-jn7bv-2990118995, networkLocation: /default-rack, certSerialId: null} reported CLOSED replica.
2019-08-28 20:10:07,238 [RatisApplyTransactionExecutor 1] INFO  interfaces.Container (KeyValueContainer.java:flushAndSyncDB(382)) - Container 1 is synced with bcsId 4.
2019-08-28 20:10:07,239 [RatisApplyTransactionExecutor 1] INFO  interfaces.Container (KeyValueContainer.java:flushAndSyncDB(382)) - Container 1 is synced with bcsId 4.
2019-08-28 20:10:07,265 | INFO  | DNAudit | user=null | ip=null | op=CLOSE_CONTAINER {containerID=1} | ret=SUCCESS |  
2019-08-28 20:10:07,480 | INFO  | SCMAudit | user=jenkins1000 | ip=192.168.36.107 | op=SEND_HEARTBEAT {datanodeUUID=0d2cbdf2-f3e9-4f0a-94d2-ebe777e5e266, command=[]} | ret=SUCCESS |  
2019-08-28 20:10:07,480 | INFO  | SCMAudit | user=jenkins1000 | ip=192.168.36.107 | op=SEND_HEARTBEAT {datanodeUUID=32058749-0763-4169-a6f0-c48e966b88d9, command=[]} | ret=SUCCESS |  
2019-08-28 20:10:07,517 | INFO  | SCMAudit | user=jenkins1000 | ip=192.168.36.107 | op=SEND_HEARTBEAT {datanodeUUID=32058749-0763-4169-a6f0-c48e966b88d9, command=[]} | ret=SUCCESS |  
2019-08-28 20:10:07,517 | INFO  | SCMAudit | user=jenkins1000 | ip=192.168.36.107 | op=SEND_HEARTBEAT {datanodeUUID=0d2cbdf2-f3e9-4f0a-94d2-ebe777e5e266, command=[]} | ret=SUCCESS |  
2019-08-28 20:10:08,226 | INFO  | SCMAudit | user=jenkins1000 | ip=192.168.36.107 | op=SEND_HEARTBEAT {datanodeUUID=461018b7-39dd-4d28-b214-6e460473d27d, command=[]} | ret=SUCCESS |  
2019-08-28 20:10:08,517 | INFO  | SCMAudit | user=jenkins1000 | ip=192.168.36.107 | op=SEND_HEARTBEAT {datanodeUUID=32058749-0763-4169-a6f0-c48e966b88d9, command=[]} | ret=SUCCESS |  
2019-08-28 20:10:08,517 | INFO  | SCMAudit | user=jenkins1000 | ip=192.168.36.107 | op=SEND_HEARTBEAT {datanodeUUID=0d2cbdf2-f3e9-4f0a-94d2-ebe777e5e266, command=[]} | ret=SUCCESS |  
2019-08-28 20:10:09,226 | INFO  | SCMAudit | user=jenkins1000 | ip=192.168.36.107 | op=SEND_HEARTBEAT {datanodeUUID=461018b7-39dd-4d28-b214-6e460473d27d, command=[]} | ret=SUCCESS |  
2019-08-28 20:10:09,517 | INFO  | SCMAudit | user=jenkins1000 | ip=192.168.36.107 | op=SEND_HEARTBEAT {datanodeUUID=32058749-0763-4169-a6f0-c48e966b88d9, command=[]} | ret=SUCCESS |  
2019-08-28 20:10:09,517 | INFO  | SCMAudit | user=jenkins1000 | ip=192.168.36.107 | op=SEND_HEARTBEAT {datanodeUUID=0d2cbdf2-f3e9-4f0a-94d2-ebe777e5e266, command=[]} | ret=SUCCESS |  
2019-08-28 20:10:09,715 [grpc-default-executor-12] WARN  server.GrpcLogAppender (LogUtils.java:warn(134)) - 461018b7-39dd-4d28-b214-6e460473d27d->8fecb67b-5c4d-4732-8a79-20bb823bc0ec: Failed appendEntries: org.apache.ratis.thirdparty.io.grpc.StatusRuntimeException: UNAVAILABLE: io exception
2019-08-28 20:10:09,715 [grpc-default-executor-12] INFO  impl.FollowerInfo (FollowerInfo.java:lambda$new$0(50)) - 461018b7-39dd-4d28-b214-6e460473d27d->8fecb67b-5c4d-4732-8a79-20bb823bc0ec: nextIndex: updateUnconditionally 6 -> 5
2019-08-28 20:10:10,175 [EventQueue-StaleNodeForStaleNodeHandler] INFO  node.StaleNodeHandler (StaleNodeHandler.java:onMessage(58)) - Datanode 54ce06a7-084b-40eb-9b4b-239a6e27ab83{ip: 192.168.36.107, host: pr-hdds-1949-jn7bv-2990118995, networkLocation: /default-rack, certSerialId: null} moved to stale state. Finalizing its pipelines [PipelineID=065cad13-71ba-447c-8eb2-eb7289e44351, PipelineID=20cd9d68-7709-4047-9b3a-6bbc5e7d3dbc]
2019-08-28 20:10:10,176 [EventQueue-StaleNodeForStaleNodeHandler] INFO  pipeline.SCMPipelineManager (SCMPipelineManager.java:finalizeAndDestroyPipeline(309)) - destroying pipeline:Pipeline[ Id: 065cad13-71ba-447c-8eb2-eb7289e44351, Nodes: 54ce06a7-084b-40eb-9b4b-239a6e27ab83{ip: 192.168.36.107, host: pr-hdds-1949-jn7bv-2990118995, networkLocation: /default-rack, certSerialId: null}, Type:RATIS, Factor:ONE, State:OPEN]
2019-08-28 20:10:10,176 [EventQueue-StaleNodeForStaleNodeHandler] INFO  pipeline.PipelineStateManager (PipelineStateManager.java:finalizePipeline(123)) - Pipeline Pipeline[ Id: 065cad13-71ba-447c-8eb2-eb7289e44351, Nodes: 54ce06a7-084b-40eb-9b4b-239a6e27ab83{ip: 192.168.36.107, host: pr-hdds-1949-jn7bv-2990118995, networkLocation: /default-rack, certSerialId: null}, Type:RATIS, Factor:ONE, State:CLOSED] moved to CLOSED state
2019-08-28 20:10:10,176 [EventQueue-StaleNodeForStaleNodeHandler] INFO  pipeline.SCMPipelineManager (SCMPipelineManager.java:finalizeAndDestroyPipeline(309)) - destroying pipeline:Pipeline[ Id: 20cd9d68-7709-4047-9b3a-6bbc5e7d3dbc, Nodes: 54ce06a7-084b-40eb-9b4b-239a6e27ab83{ip: 192.168.36.107, host: pr-hdds-1949-jn7bv-2990118995, networkLocation: /default-rack, certSerialId: null}8fecb67b-5c4d-4732-8a79-20bb823bc0ec{ip: 192.168.36.107, host: pr-hdds-1949-jn7bv-2990118995, networkLocation: /default-rack, certSerialId: null}461018b7-39dd-4d28-b214-6e460473d27d{ip: 192.168.36.107, host: pr-hdds-1949-jn7bv-2990118995, networkLocation: /default-rack, certSerialId: null}, Type:RATIS, Factor:THREE, State:CLOSED]
2019-08-28 20:10:10,225 | INFO  | SCMAudit | user=jenkins1000 | ip=192.168.36.107 | op=SEND_HEARTBEAT {datanodeUUID=461018b7-39dd-4d28-b214-6e460473d27d, command=[]} | ret=SUCCESS |  
2019-08-28 20:10:10,476 [EventQueue-StaleNodeForStaleNodeHandler] INFO  node.StaleNodeHandler (StaleNodeHandler.java:onMessage(58)) - Datanode 832d9bd2-6690-412c-a054-04d2b759cec3{ip: 192.168.36.107, host: pr-hdds-1949-jn7bv-2990118995, networkLocation: /default-rack, certSerialId: null} moved to stale state. Finalizing its pipelines [PipelineID=3ff71043-101f-4b93-93cb-5575c2df0bd8]
2019-08-28 20:10:10,476 [EventQueue-StaleNodeForStaleNodeHandler] INFO  pipeline.SCMPipelineManager (SCMPipelineManager.java:finalizeAndDestroyPipeline(309)) - destroying pipeline:Pipeline[ Id: 3ff71043-101f-4b93-93cb-5575c2df0bd8, Nodes: 832d9bd2-6690-412c-a054-04d2b759cec3{ip: 192.168.36.107, host: pr-hdds-1949-jn7bv-2990118995, networkLocation: /default-rack, certSerialId: null}, Type:RATIS, Factor:ONE, State:OPEN]
2019-08-28 20:10:10,476 [EventQueue-StaleNodeForStaleNodeHandler] INFO  pipeline.PipelineStateManager (PipelineStateManager.java:finalizePipeline(123)) - Pipeline Pipeline[ Id: 3ff71043-101f-4b93-93cb-5575c2df0bd8, Nodes: 832d9bd2-6690-412c-a054-04d2b759cec3{ip: 192.168.36.107, host: pr-hdds-1949-jn7bv-2990118995, networkLocation: /default-rack, certSerialId: null}, Type:RATIS, Factor:ONE, State:CLOSED] moved to CLOSED state
2019-08-28 20:10:10,517 | INFO  | SCMAudit | user=jenkins1000 | ip=192.168.36.107 | op=SEND_HEARTBEAT {datanodeUUID=32058749-0763-4169-a6f0-c48e966b88d9, command=[]} | ret=SUCCESS |  
2019-08-28 20:10:10,517 | INFO  | SCMAudit | user=jenkins1000 | ip=192.168.36.107 | op=SEND_HEARTBEAT {datanodeUUID=0d2cbdf2-f3e9-4f0a-94d2-ebe777e5e266, command=[]} | ret=SUCCESS |  
2019-08-28 20:10:10,772 [ForkJoinPool.commonPool-worker-0] INFO  ozoneimpl.OzoneContainer (OzoneContainer.java:stop(215)) - Attempting to stop container services.
2019-08-28 20:10:10,772 [main] INFO  ozoneimpl.OzoneContainer (OzoneContainer.java:stop(215)) - Attempting to stop container services.
2019-08-28 20:10:10,773 [ForkJoinPool.commonPool-worker-0] INFO  impl.RaftServerProxy (RaftServerProxy.java:lambda$close$4(314)) - 832d9bd2-6690-412c-a054-04d2b759cec3: close
2019-08-28 20:10:10,773 [main] INFO  impl.RaftServerProxy (RaftServerProxy.java:lambda$close$4(314)) - 54ce06a7-084b-40eb-9b4b-239a6e27ab83: close
2019-08-28 20:10:10,773 [ForkJoinPool.commonPool-worker-0] INFO  impl.RaftServerImpl (RaftServerImpl.java:lambda$shutdown$3(245)) - 832d9bd2-6690-412c-a054-04d2b759cec3: shutdown group-5575C2DF0BD8
2019-08-28 20:10:10,774 [main] INFO  impl.RaftServerImpl (RaftServerImpl.java:lambda$shutdown$3(245)) - 54ce06a7-084b-40eb-9b4b-239a6e27ab83: shutdown group-EB7289E44351
2019-08-28 20:10:10,774 [ForkJoinPool.commonPool-worker-0] INFO  util.JmxRegister (JmxRegister.java:unregister(73)) - Successfully un-registered JMX Bean with object name Ratis:service=RaftServer,group=group-5575C2DF0BD8,id=832d9bd2-6690-412c-a054-04d2b759cec3
2019-08-28 20:10:10,774 [main] INFO  util.JmxRegister (JmxRegister.java:unregister(73)) - Successfully un-registered JMX Bean with object name Ratis:service=RaftServer,group=group-EB7289E44351,id=54ce06a7-084b-40eb-9b4b-239a6e27ab83
2019-08-28 20:10:10,775 [ForkJoinPool.commonPool-worker-0] INFO  impl.RoleInfo (RoleInfo.java:shutdownLeaderState(104)) - 832d9bd2-6690-412c-a054-04d2b759cec3: shutdown LeaderState
2019-08-28 20:10:10,775 [main] INFO  impl.RoleInfo (RoleInfo.java:shutdownLeaderState(104)) - 54ce06a7-084b-40eb-9b4b-239a6e27ab83: shutdown LeaderState
2019-08-28 20:10:10,775 [ForkJoinPool.commonPool-worker-0] INFO  impl.PendingRequests (PendingRequests.java:sendNotLeaderResponses(202)) - 832d9bd2-6690-412c-a054-04d2b759cec3-PendingRequests: sendNotLeaderResponses
2019-08-28 20:10:10,776 [main] INFO  impl.PendingRequests (PendingRequests.java:sendNotLeaderResponses(202)) - 54ce06a7-084b-40eb-9b4b-239a6e27ab83-PendingRequests: sendNotLeaderResponses
2019-08-28 20:10:10,776 [ForkJoinPool.commonPool-worker-0] INFO  impl.StateMachineUpdater (StateMachineUpdater.java:stopAndJoin(115)) - StateMachineUpdater:832d9bd2-6690-412c-a054-04d2b759cec3:group-5575C2DF0BD8: set stopIndex = 0
2019-08-28 20:10:10,777 [main] INFO  impl.StateMachineUpdater (StateMachineUpdater.java:stopAndJoin(115)) - StateMachineUpdater:54ce06a7-084b-40eb-9b4b-239a6e27ab83:group-EB7289E44351: set stopIndex = 0
2019-08-28 20:10:10,777 [main] INFO  impl.RaftServerImpl (ServerState.java:close(394)) - 54ce06a7-084b-40eb-9b4b-239a6e27ab83:group-EB7289E44351 closes. The last applied log index is 0
2019-08-28 20:10:10,777 [ForkJoinPool.commonPool-worker-0] INFO  impl.RaftServerImpl (ServerState.java:close(394)) - 832d9bd2-6690-412c-a054-04d2b759cec3:group-5575C2DF0BD8 closes. The last applied log index is 0
2019-08-28 20:10:10,778 [54ce06a7-084b-40eb-9b4b-239a6e27ab83-SegmentedRaftLogWorker:Storage Directory /workdir/hadoop-ozone/integration-test/target/test-dir/MiniOzoneClusterImpl-72b920a7-1e55-4753-92eb-643903605a0d/datanode-3/data/ratis/065cad13-71ba-447c-8eb2-eb7289e44351] INFO  segmented.SegmentedRaftLogWorker (SegmentedRaftLogWorker.java:run(313)) - 54ce06a7-084b-40eb-9b4b-239a6e27ab83-SegmentedRaftLogWorker:Storage Directory /workdir/hadoop-ozone/integration-test/target/test-dir/MiniOzoneClusterImpl-72b920a7-1e55-4753-92eb-643903605a0d/datanode-3/data/ratis/065cad13-71ba-447c-8eb2-eb7289e44351 was interrupted, exiting. There are 0 tasks remaining in the queue.
2019-08-28 20:10:10,778 [832d9bd2-6690-412c-a054-04d2b759cec3-SegmentedRaftLogWorker:Storage Directory /workdir/hadoop-ozone/integration-test/target/test-dir/MiniOzoneClusterImpl-72b920a7-1e55-4753-92eb-643903605a0d/datanode-2/data/ratis/3ff71043-101f-4b93-93cb-5575c2df0bd8] INFO  segmented.SegmentedRaftLogWorker (SegmentedRaftLogWorker.java:run(313)) - 832d9bd2-6690-412c-a054-04d2b759cec3-SegmentedRaftLogWorker:Storage Directory /workdir/hadoop-ozone/integration-test/target/test-dir/MiniOzoneClusterImpl-72b920a7-1e55-4753-92eb-643903605a0d/datanode-2/data/ratis/3ff71043-101f-4b93-93cb-5575c2df0bd8 was interrupted, exiting. There are 0 tasks remaining in the queue.
2019-08-28 20:10:10,783 [main] INFO  segmented.SegmentedRaftLogWorker (SegmentedRaftLogWorker.java:close(228)) - 54ce06a7-084b-40eb-9b4b-239a6e27ab83-SegmentedRaftLogWorker:Storage Directory /workdir/hadoop-ozone/integration-test/target/test-dir/MiniOzoneClusterImpl-72b920a7-1e55-4753-92eb-643903605a0d/datanode-3/data/ratis/065cad13-71ba-447c-8eb2-eb7289e44351 close()
2019-08-28 20:10:10,783 [ForkJoinPool.commonPool-worker-0] INFO  segmented.SegmentedRaftLogWorker (SegmentedRaftLogWorker.java:close(228)) - 832d9bd2-6690-412c-a054-04d2b759cec3-SegmentedRaftLogWorker:Storage Directory /workdir/hadoop-ozone/integration-test/target/test-dir/MiniOzoneClusterImpl-72b920a7-1e55-4753-92eb-643903605a0d/datanode-2/data/ratis/3ff71043-101f-4b93-93cb-5575c2df0bd8 close()
2019-08-28 20:10:10,787 [main] INFO  impl.RaftServerImpl (RaftServerImpl.java:lambda$shutdown$3(245)) - 54ce06a7-084b-40eb-9b4b-239a6e27ab83: shutdown group-6BBC5E7D3DBC
2019-08-28 20:10:10,792 [ForkJoinPool.commonPool-worker-0] INFO  server.GrpcService (GrpcService.java:closeImpl(155)) - 832d9bd2-6690-412c-a054-04d2b759cec3: shutdown server with port 42400 now
2019-08-28 20:10:10,792 [main] INFO  util.JmxRegister (JmxRegister.java:unregister(73)) - Successfully un-registered JMX Bean with object name Ratis:service=RaftServer,group=group-6BBC5E7D3DBC,id=54ce06a7-084b-40eb-9b4b-239a6e27ab83
2019-08-28 20:10:10,793 [ForkJoinPool.commonPool-worker-0] INFO  server.GrpcService (GrpcService.java:closeImpl(163)) - 832d9bd2-6690-412c-a054-04d2b759cec3: shutdown server with port 42400 successfully
2019-08-28 20:10:10,793 [main] INFO  impl.RoleInfo (RoleInfo.java:shutdownFollowerState(121)) - 54ce06a7-084b-40eb-9b4b-239a6e27ab83: shutdown FollowerState
2019-08-28 20:10:10,794 [main] INFO  impl.StateMachineUpdater (StateMachineUpdater.java:stopAndJoin(115)) - StateMachineUpdater:54ce06a7-084b-40eb-9b4b-239a6e27ab83:group-6BBC5E7D3DBC: set stopIndex = 8
2019-08-28 20:10:10,794 [Thread-4919] INFO  impl.FollowerState (FollowerState.java:run(114)) - 54ce06a7-084b-40eb-9b4b-239a6e27ab83: FollowerState was interrupted: java.lang.InterruptedException: sleep interrupted
2019-08-28 20:10:10,794 [StateMachineUpdater:54ce06a7-084b-40eb-9b4b-239a6e27ab83:group-6BBC5E7D3DBC] INFO  ratis.ContainerStateMachine (ContainerStateMachine.java:takeSnapshot(284)) - group-6BBC5E7D3DBC: Taking a snapshot at:(t:2, i:7) file /workdir/hadoop-ozone/integration-test/target/test-dir/MiniOzoneClusterImpl-72b920a7-1e55-4753-92eb-643903605a0d/datanode-3/data/ratis/20cd9d68-7709-4047-9b3a-6bbc5e7d3dbc/sm/snapshot.2_7
2019-08-28 20:10:10,795 [refreshUsed-/workdir/hadoop-ozone/integration-test/target/test-dir/MiniOzoneClusterImpl-72b920a7-1e55-4753-92eb-643903605a0d/datanode-2/data/containers] WARN  fs.CachingGetSpaceUsed (CachingGetSpaceUsed.java:run(183)) - Thread Interrupted waiting to refresh disk information: sleep interrupted
2019-08-28 20:10:10,812 [ForkJoinPool.commonPool-worker-0] INFO  utils.BackgroundService (BackgroundService.java:shutdown(148)) - Shutting down service BlockDeletingService
2019-08-28 20:10:10,816 [ForkJoinPool.commonPool-worker-0] INFO  statemachine.DatanodeStateMachine (DatanodeStateMachine.java:stopDaemon(395)) - Ozone container server stopped.
2019-08-28 20:10:10,823 [ForkJoinPool.commonPool-worker-0] INFO  handler.ContextHandler (ContextHandler.java:doStop(910)) - Stopped o.e.j.w.WebAppContext@ae3c140{/,null,UNAVAILABLE}{/hddsDatanode}
2019-08-28 20:10:10,824 [ForkJoinPool.commonPool-worker-0] INFO  server.AbstractConnector (AbstractConnector.java:doStop(318)) - Stopped ServerConnector@6f2d3391{HTTP/1.1,[http/1.1]}{0.0.0.0:0}
2019-08-28 20:10:10,825 [ForkJoinPool.commonPool-worker-0] INFO  handler.ContextHandler (ContextHandler.java:doStop(910)) - Stopped o.e.j.s.ServletContextHandler@17c53dfb{/static,jar:file:/home/user/.m2/repository/org/apache/hadoop/hadoop-hdds-container-service/0.5.0-SNAPSHOT/hadoop-hdds-container-service-0.5.0-SNAPSHOT.jar!/webapps/static,UNAVAILABLE}
2019-08-28 20:10:10,827 [ForkJoinPool.commonPool-worker-0] INFO  handler.ContextHandler (ContextHandler.java:doStop(910)) - Stopped o.e.j.s.ServletContextHandler@2086d469{/logs,file:///workdir/hadoop-ozone/integration-test/target/log,UNAVAILABLE}
2019-08-28 20:10:10,834 [StateMachineUpdater:54ce06a7-084b-40eb-9b4b-239a6e27ab83:group-6BBC5E7D3DBC] INFO  ratis.ContainerStateMachine (ContainerStateMachine.java:takeSnapshot(295)) - group-6BBC5E7D3DBC: Finished taking a snapshot at:(t:2, i:7) file:/workdir/hadoop-ozone/integration-test/target/test-dir/MiniOzoneClusterImpl-72b920a7-1e55-4753-92eb-643903605a0d/datanode-3/data/ratis/20cd9d68-7709-4047-9b3a-6bbc5e7d3dbc/sm/snapshot.2_7 time:41
2019-08-28 20:10:10,835 [StateMachineUpdater:54ce06a7-084b-40eb-9b4b-239a6e27ab83:group-6BBC5E7D3DBC] INFO  impl.StateMachineUpdater (StateMachineUpdater.java:takeSnapshot(242)) - StateMachineUpdater:54ce06a7-084b-40eb-9b4b-239a6e27ab83:group-6BBC5E7D3DBC: Took a snapshot at index 7
2019-08-28 20:10:10,835 [StateMachineUpdater:54ce06a7-084b-40eb-9b4b-239a6e27ab83:group-6BBC5E7D3DBC] INFO  impl.StateMachineUpdater (StateMachineUpdater.java:lambda$new$0(80)) - StateMachineUpdater:54ce06a7-084b-40eb-9b4b-239a6e27ab83:group-6BBC5E7D3DBC: snapshotIndex: updateIncreasingly -1 -> 7
2019-08-28 20:10:10,835 [main] INFO  impl.RaftServerImpl (ServerState.java:close(394)) - 54ce06a7-084b-40eb-9b4b-239a6e27ab83:group-6BBC5E7D3DBC closes. The last applied log index is 8
2019-08-28 20:10:10,836 [54ce06a7-084b-40eb-9b4b-239a6e27ab83-SegmentedRaftLogWorker:Storage Directory /workdir/hadoop-ozone/integration-test/target/test-dir/MiniOzoneClusterImpl-72b920a7-1e55-4753-92eb-643903605a0d/datanode-3/data/ratis/20cd9d68-7709-4047-9b3a-6bbc5e7d3dbc] INFO  segmented.SegmentedRaftLogWorker (SegmentedRaftLogWorker.java:run(313)) - 54ce06a7-084b-40eb-9b4b-239a6e27ab83-SegmentedRaftLogWorker:Storage Directory /workdir/hadoop-ozone/integration-test/target/test-dir/MiniOzoneClusterImpl-72b920a7-1e55-4753-92eb-643903605a0d/datanode-3/data/ratis/20cd9d68-7709-4047-9b3a-6bbc5e7d3dbc was interrupted, exiting. There are 0 tasks remaining in the queue.
2019-08-28 20:10:10,838 [main] INFO  segmented.SegmentedRaftLogWorker (SegmentedRaftLogWorker.java:close(228)) - 54ce06a7-084b-40eb-9b4b-239a6e27ab83-SegmentedRaftLogWorker:Storage Directory /workdir/hadoop-ozone/integration-test/target/test-dir/MiniOzoneClusterImpl-72b920a7-1e55-4753-92eb-643903605a0d/datanode-3/data/ratis/20cd9d68-7709-4047-9b3a-6bbc5e7d3dbc close()
2019-08-28 20:10:10,847 [main] INFO  server.GrpcService (GrpcService.java:closeImpl(155)) - 54ce06a7-084b-40eb-9b4b-239a6e27ab83: shutdown server with port 45366 now
2019-08-28 20:10:10,848 [grpc-default-executor-8] WARN  server.GrpcServerProtocolService (LogUtils.java:warn(134)) - 54ce06a7-084b-40eb-9b4b-239a6e27ab83: appendEntries onError: org.apache.ratis.thirdparty.io.grpc.StatusRuntimeException: CANCELLED: cancelled before receiving half close
2019-08-28 20:10:10,848 [main] INFO  server.GrpcService (GrpcService.java:closeImpl(163)) - 54ce06a7-084b-40eb-9b4b-239a6e27ab83: shutdown server with port 45366 successfully
2019-08-28 20:10:10,849 [grpc-default-executor-12] WARN  server.GrpcLogAppender (LogUtils.java:warn(134)) - 461018b7-39dd-4d28-b214-6e460473d27d->54ce06a7-084b-40eb-9b4b-239a6e27ab83: Failed appendEntries: org.apache.ratis.thirdparty.io.grpc.StatusRuntimeException: CANCELLED: HTTP/2 error code: CANCEL
Received Rst Stream
2019-08-28 20:10:10,849 [grpc-default-executor-12] INFO  impl.FollowerInfo (FollowerInfo.java:lambda$new$0(50)) - 461018b7-39dd-4d28-b214-6e460473d27d->54ce06a7-084b-40eb-9b4b-239a6e27ab83: nextIndex: updateUnconditionally 9 -> 8
2019-08-28 20:10:10,851 [refreshUsed-/workdir/hadoop-ozone/integration-test/target/test-dir/MiniOzoneClusterImpl-72b920a7-1e55-4753-92eb-643903605a0d/datanode-3/data/containers] WARN  fs.CachingGetSpaceUsed (CachingGetSpaceUsed.java:run(183)) - Thread Interrupted waiting to refresh disk information: sleep interrupted
2019-08-28 20:10:10,867 [main] INFO  utils.BackgroundService (BackgroundService.java:shutdown(148)) - Shutting down service BlockDeletingService
2019-08-28 20:10:10,872 [main] INFO  statemachine.DatanodeStateMachine (DatanodeStateMachine.java:stopDaemon(395)) - Ozone container server stopped.
2019-08-28 20:10:10,873 [main] INFO  handler.ContextHandler (ContextHandler.java:doStop(910)) - Stopped o.e.j.w.WebAppContext@4751cd3{/,null,UNAVAILABLE}{/hddsDatanode}
2019-08-28 20:10:10,874 [main] INFO  server.AbstractConnector (AbstractConnector.java:doStop(318)) - Stopped ServerConnector@64ec1459{HTTP/1.1,[http/1.1]}{0.0.0.0:0}
2019-08-28 20:10:10,874 [main] INFO  handler.ContextHandler (ContextHandler.java:doStop(910)) - Stopped o.e.j.s.ServletContextHandler@640a8f93{/static,jar:file:/home/user/.m2/repository/org/apache/hadoop/hadoop-hdds-container-service/0.5.0-SNAPSHOT/hadoop-hdds-container-service-0.5.0-SNAPSHOT.jar!/webapps/static,UNAVAILABLE}
2019-08-28 20:10:10,874 [main] INFO  handler.ContextHandler (ContextHandler.java:doStop(910)) - Stopped o.e.j.s.ServletContextHandler@13908f9c{/logs,file:///workdir/hadoop-ozone/integration-test/target/log,UNAVAILABLE}
2019-08-28 20:10:11,225 | INFO  | SCMAudit | user=jenkins1000 | ip=192.168.36.107 | op=SEND_HEARTBEAT {datanodeUUID=461018b7-39dd-4d28-b214-6e460473d27d, command=[]} | ret=SUCCESS |  
2019-08-28 20:10:11,517 [Datanode State Machine Thread - 0] INFO  statemachine.DatanodeStateMachine (DatanodeStateMachine.java:lambda$startDaemon$0(350)) - Ozone container server started.
2019-08-28 20:10:11,517 [Datanode State Machine Thread - 0] INFO  statemachine.DatanodeStateMachine (DatanodeStateMachine.java:lambda$startDaemon$0(350)) - Ozone container server started.
2019-08-28 20:10:12,156 [grpc-default-executor-12] WARN  server.GrpcLogAppender (LogUtils.java:warn(134)) - 461018b7-39dd-4d28-b214-6e460473d27d->54ce06a7-084b-40eb-9b4b-239a6e27ab83: Failed appendEntries: org.apache.ratis.thirdparty.io.grpc.StatusRuntimeException: UNAVAILABLE: io exception
2019-08-28 20:10:12,157 [grpc-default-executor-12] INFO  impl.FollowerInfo (FollowerInfo.java:lambda$new$0(50)) - 461018b7-39dd-4d28-b214-6e460473d27d->54ce06a7-084b-40eb-9b4b-239a6e27ab83: nextIndex: updateUnconditionally 8 -> 7
2019-08-28 20:10:12,216 [grpc-default-executor-12] WARN  server.GrpcLogAppender (LogUtils.java:warn(134)) - 461018b7-39dd-4d28-b214-6e460473d27d->8fecb67b-5c4d-4732-8a79-20bb823bc0ec: Failed appendEntries: org.apache.ratis.thirdparty.io.grpc.StatusRuntimeException: UNAVAILABLE: io exception
2019-08-28 20:10:12,217 [grpc-default-executor-12] INFO  impl.FollowerInfo (FollowerInfo.java:lambda$new$0(50)) - 461018b7-39dd-4d28-b214-6e460473d27d->8fecb67b-5c4d-4732-8a79-20bb823bc0ec: nextIndex: updateUnconditionally 5 -> 4
2019-08-28 20:10:12,226 | INFO  | SCMAudit | user=jenkins1000 | ip=192.168.36.107 | op=SEND_HEARTBEAT {datanodeUUID=461018b7-39dd-4d28-b214-6e460473d27d, command=[]} | ret=SUCCESS |  
2019-08-28 20:10:13,226 | INFO  | SCMAudit | user=jenkins1000 | ip=192.168.36.107 | op=SEND_HEARTBEAT {datanodeUUID=461018b7-39dd-4d28-b214-6e460473d27d, command=[]} | ret=SUCCESS |  
2019-08-28 20:10:14,225 | INFO  | SCMAudit | user=jenkins1000 | ip=192.168.36.107 | op=SEND_HEARTBEAT {datanodeUUID=461018b7-39dd-4d28-b214-6e460473d27d, command=[]} | ret=SUCCESS |  
2019-08-28 20:10:14,657 [grpc-default-executor-2] WARN  server.GrpcLogAppender (LogUtils.java:warn(134)) - 461018b7-39dd-4d28-b214-6e460473d27d->54ce06a7-084b-40eb-9b4b-239a6e27ab83: Failed appendEntries: org.apache.ratis.thirdparty.io.grpc.StatusRuntimeException: UNAVAILABLE: io exception
2019-08-28 20:10:14,658 [grpc-default-executor-2] INFO  impl.FollowerInfo (FollowerInfo.java:lambda$new$0(50)) - 461018b7-39dd-4d28-b214-6e460473d27d->54ce06a7-084b-40eb-9b4b-239a6e27ab83: nextIndex: updateUnconditionally 7 -> 6
2019-08-28 20:10:14,717 [grpc-default-executor-12] WARN  server.GrpcLogAppender (LogUtils.java:warn(134)) - 461018b7-39dd-4d28-b214-6e460473d27d->8fecb67b-5c4d-4732-8a79-20bb823bc0ec: Failed appendEntries: org.apache.ratis.thirdparty.io.grpc.StatusRuntimeException: UNAVAILABLE: io exception
2019-08-28 20:10:14,717 [grpc-default-executor-12] INFO  impl.FollowerInfo (FollowerInfo.java:lambda$new$0(50)) - 461018b7-39dd-4d28-b214-6e460473d27d->8fecb67b-5c4d-4732-8a79-20bb823bc0ec: nextIndex: updateUnconditionally 4 -> 3
2019-08-28 20:10:15,018 [Thread-4978] INFO  impl.FollowerState (FollowerState.java:run(106)) - 32058749-0763-4169-a6f0-c48e966b88d9:group-598B0C585C63 changes to CANDIDATE, lastRpcTime:9488, electionTimeout:5059ms
2019-08-28 20:10:15,018 [Thread-4978] INFO  impl.RoleInfo (RoleInfo.java:shutdownFollowerState(121)) - 32058749-0763-4169-a6f0-c48e966b88d9: shutdown FollowerState
2019-08-28 20:10:15,018 [Thread-4978] INFO  impl.RaftServerImpl (RaftServerImpl.java:setRole(171)) - 32058749-0763-4169-a6f0-c48e966b88d9:group-598B0C585C63 changes role from FOLLOWER to CANDIDATE at term 3 for changeToCandidate
2019-08-28 20:10:15,019 [Thread-4978] INFO  impl.RoleInfo (RoleInfo.java:updateAndGet(143)) - 32058749-0763-4169-a6f0-c48e966b88d9: start LeaderElection
2019-08-28 20:10:15,021 [32058749-0763-4169-a6f0-c48e966b88d9:group-598B0C585C63:LeaderElection138] INFO  impl.RaftServerImpl (ServerState.java:setLeader(263)) - 32058749-0763-4169-a6f0-c48e966b88d9:group-598B0C585C63 change Leader from 99c2ffe6-7e64-4b0d-9e12-4b317a498883 to null at term 3 for initElection
2019-08-28 20:10:15,060 [32058749-0763-4169-a6f0-c48e966b88d9:group-598B0C585C63:LeaderElection138] INFO  impl.LeaderElection (LeaderElection.java:askForVotes(181)) - 32058749-0763-4169-a6f0-c48e966b88d9:group-598B0C585C63:LeaderElection138: begin an election at term 4 for 0: [0d2cbdf2-f3e9-4f0a-94d2-ebe777e5e266:192.168.36.107:39333, 32058749-0763-4169-a6f0-c48e966b88d9:192.168.36.107:45971, 99c2ffe6-7e64-4b0d-9e12-4b317a498883:192.168.36.107:36103], old=null
2019-08-28 20:10:15,063 [grpc-default-executor-2] INFO  impl.RaftServerImpl (ServerState.java:setLeader(263)) - 0d2cbdf2-f3e9-4f0a-94d2-ebe777e5e266:group-598B0C585C63 change Leader from 99c2ffe6-7e64-4b0d-9e12-4b317a498883 to null at term 4 for updateCurrentTerm
2019-08-28 20:10:15,063 [grpc-default-executor-2] INFO  impl.RaftServerImpl (RaftServerImpl.java:setRole(171)) - 0d2cbdf2-f3e9-4f0a-94d2-ebe777e5e266:group-598B0C585C63 changes role from FOLLOWER to FOLLOWER at term 4 for recognizeCandidate:32058749-0763-4169-a6f0-c48e966b88d9
2019-08-28 20:10:15,063 [32058749-0763-4169-a6f0-c48e966b88d9:group-598B0C585C63:LeaderElection138] INFO  impl.LeaderElection (LogUtils.java:infoOrTrace(149)) - 32058749-0763-4169-a6f0-c48e966b88d9:group-598B0C585C63:LeaderElection138 got exception when requesting votes: {}
java.util.concurrent.ExecutionException: org.apache.ratis.thirdparty.io.grpc.StatusRuntimeException: UNAVAILABLE: io exception
	at java.util.concurrent.FutureTask.report(FutureTask.java:122)
	at java.util.concurrent.FutureTask.get(FutureTask.java:192)
	at org.apache.ratis.server.impl.LeaderElection.waitForResults(LeaderElection.java:262)
	at org.apache.ratis.server.impl.LeaderElection.askForVotes(LeaderElection.java:200)
	at org.apache.ratis.server.impl.LeaderElection.run(LeaderElection.java:130)
	at java.lang.Thread.run(Thread.java:748)
Caused by: org.apache.ratis.thirdparty.io.grpc.StatusRuntimeException: UNAVAILABLE: io exception
	at org.apache.ratis.thirdparty.io.grpc.stub.ClientCalls.toStatusRuntimeException(ClientCalls.java:233)
	at org.apache.ratis.thirdparty.io.grpc.stub.ClientCalls.getUnchecked(ClientCalls.java:214)
	at org.apache.ratis.thirdparty.io.grpc.stub.ClientCalls.blockingUnaryCall(ClientCalls.java:139)
	at org.apache.ratis.proto.grpc.RaftServerProtocolServiceGrpc$RaftServerProtocolServiceBlockingStub.requestVote(RaftServerProtocolServiceGrpc.java:265)
	at org.apache.ratis.grpc.server.GrpcServerProtocolClient.requestVote(GrpcServerProtocolClient.java:83)
	at org.apache.ratis.grpc.server.GrpcService.requestVote(GrpcService.java:195)
	at org.apache.ratis.server.impl.LeaderElection.lambda$submitRequests$1(LeaderElection.java:237)
	at java.util.concurrent.FutureTask.run(FutureTask.java:266)
	at java.util.concurrent.Executors$RunnableAdapter.call(Executors.java:511)
	at java.util.concurrent.FutureTask.run(FutureTask.java:266)
	at java.util.concurrent.ThreadPoolExecutor.runWorker(ThreadPoolExecutor.java:1149)
	at java.util.concurrent.ThreadPoolExecutor$Worker.run(ThreadPoolExecutor.java:624)
	... 1 more
Caused by: org.apache.ratis.thirdparty.io.netty.channel.AbstractChannel$AnnotatedConnectException: Connection refused: /192.168.36.107:36103
	at sun.nio.ch.SocketChannelImpl.checkConnect(Native Method)
	at sun.nio.ch.SocketChannelImpl.finishConnect(SocketChannelImpl.java:717)
	at org.apache.ratis.thirdparty.io.netty.channel.socket.nio.NioSocketChannel.doFinishConnect(NioSocketChannel.java:327)
	at org.apache.ratis.thirdparty.io.netty.channel.nio.AbstractNioChannel$AbstractNioUnsafe.finishConnect(AbstractNioChannel.java:340)
	at org.apache.ratis.thirdparty.io.netty.channel.nio.NioEventLoop.processSelectedKey(NioEventLoop.java:632)
	at org.apache.ratis.thirdparty.io.netty.channel.nio.NioEventLoop.processSelectedKeysOptimized(NioEventLoop.java:579)
	at org.apache.ratis.thirdparty.io.netty.channel.nio.NioEventLoop.processSelectedKeys(NioEventLoop.java:496)
	at org.apache.ratis.thirdparty.io.netty.channel.nio.NioEventLoop.run(NioEventLoop.java:458)
	at org.apache.ratis.thirdparty.io.netty.util.concurrent.SingleThreadEventExecutor$5.run(SingleThreadEventExecutor.java:897)
	at org.apache.ratis.thirdparty.io.netty.util.concurrent.FastThreadLocalRunnable.run(FastThreadLocalRunnable.java:30)
	... 1 more
Caused by: java.net.ConnectException: Connection refused
	... 11 more
2019-08-28 20:10:15,064 [grpc-default-executor-2] INFO  impl.RoleInfo (RoleInfo.java:shutdownFollowerState(121)) - 0d2cbdf2-f3e9-4f0a-94d2-ebe777e5e266: shutdown FollowerState
2019-08-28 20:10:15,067 [grpc-default-executor-2] INFO  impl.RoleInfo (RoleInfo.java:updateAndGet(143)) - 0d2cbdf2-f3e9-4f0a-94d2-ebe777e5e266: start FollowerState
2019-08-28 20:10:15,067 [Thread-4979] INFO  impl.FollowerState (FollowerState.java:run(114)) - 0d2cbdf2-f3e9-4f0a-94d2-ebe777e5e266: FollowerState was interrupted: java.lang.InterruptedException: sleep interrupted
2019-08-28 20:10:15,081 [32058749-0763-4169-a6f0-c48e966b88d9:group-598B0C585C63:LeaderElection138] INFO  impl.LeaderElection (LeaderElection.java:logAndReturn(56)) - 32058749-0763-4169-a6f0-c48e966b88d9:group-598B0C585C63:LeaderElection138: Election PASSED; received 1 response(s) [32058749-0763-4169-a6f0-c48e966b88d9<-0d2cbdf2-f3e9-4f0a-94d2-ebe777e5e266#0:OK-t4] and 1 exception(s); 32058749-0763-4169-a6f0-c48e966b88d9:t4, leader=null, voted=32058749-0763-4169-a6f0-c48e966b88d9, raftlog=32058749-0763-4169-a6f0-c48e966b88d9-SegmentedRaftLog:OPENED:c5,f5,i5, conf=0: [0d2cbdf2-f3e9-4f0a-94d2-ebe777e5e266:192.168.36.107:39333, 32058749-0763-4169-a6f0-c48e966b88d9:192.168.36.107:45971, 99c2ffe6-7e64-4b0d-9e12-4b317a498883:192.168.36.107:36103], old=null
2019-08-28 20:10:15,081 [32058749-0763-4169-a6f0-c48e966b88d9:group-598B0C585C63:LeaderElection138] INFO  impl.LeaderElection (LogUtils.java:infoOrTrace(149)) -   Exception 0: {}
java.util.concurrent.ExecutionException: org.apache.ratis.thirdparty.io.grpc.StatusRuntimeException: UNAVAILABLE: io exception
	at java.util.concurrent.FutureTask.report(FutureTask.java:122)
	at java.util.concurrent.FutureTask.get(FutureTask.java:192)
	at org.apache.ratis.server.impl.LeaderElection.waitForResults(LeaderElection.java:262)
	at org.apache.ratis.server.impl.LeaderElection.askForVotes(LeaderElection.java:200)
	at org.apache.ratis.server.impl.LeaderElection.run(LeaderElection.java:130)
	at java.lang.Thread.run(Thread.java:748)
Caused by: org.apache.ratis.thirdparty.io.grpc.StatusRuntimeException: UNAVAILABLE: io exception
	at org.apache.ratis.thirdparty.io.grpc.stub.ClientCalls.toStatusRuntimeException(ClientCalls.java:233)
	at org.apache.ratis.thirdparty.io.grpc.stub.ClientCalls.getUnchecked(ClientCalls.java:214)
	at org.apache.ratis.thirdparty.io.grpc.stub.ClientCalls.blockingUnaryCall(ClientCalls.java:139)
	at org.apache.ratis.proto.grpc.RaftServerProtocolServiceGrpc$RaftServerProtocolServiceBlockingStub.requestVote(RaftServerProtocolServiceGrpc.java:265)
	at org.apache.ratis.grpc.server.GrpcServerProtocolClient.requestVote(GrpcServerProtocolClient.java:83)
	at org.apache.ratis.grpc.server.GrpcService.requestVote(GrpcService.java:195)
	at org.apache.ratis.server.impl.LeaderElection.lambda$submitRequests$1(LeaderElection.java:237)
	at java.util.concurrent.FutureTask.run(FutureTask.java:266)
	at java.util.concurrent.Executors$RunnableAdapter.call(Executors.java:511)
	at java.util.concurrent.FutureTask.run(FutureTask.java:266)
	at java.util.concurrent.ThreadPoolExecutor.runWorker(ThreadPoolExecutor.java:1149)
	at java.util.concurrent.ThreadPoolExecutor$Worker.run(ThreadPoolExecutor.java:624)
	... 1 more
Caused by: org.apache.ratis.thirdparty.io.netty.channel.AbstractChannel$AnnotatedConnectException: Connection refused: /192.168.36.107:36103
	at sun.nio.ch.SocketChannelImpl.checkConnect(Native Method)
	at sun.nio.ch.SocketChannelImpl.finishConnect(SocketChannelImpl.java:717)
	at org.apache.ratis.thirdparty.io.netty.channel.socket.nio.NioSocketChannel.doFinishConnect(NioSocketChannel.java:327)
	at org.apache.ratis.thirdparty.io.netty.channel.nio.AbstractNioChannel$AbstractNioUnsafe.finishConnect(AbstractNioChannel.java:340)
	at org.apache.ratis.thirdparty.io.netty.channel.nio.NioEventLoop.processSelectedKey(NioEventLoop.java:632)
	at org.apache.ratis.thirdparty.io.netty.channel.nio.NioEventLoop.processSelectedKeysOptimized(NioEventLoop.java:579)
	at org.apache.ratis.thirdparty.io.netty.channel.nio.NioEventLoop.processSelectedKeys(NioEventLoop.java:496)
	at org.apache.ratis.thirdparty.io.netty.channel.nio.NioEventLoop.run(NioEventLoop.java:458)
	at org.apache.ratis.thirdparty.io.netty.util.concurrent.SingleThreadEventExecutor$5.run(SingleThreadEventExecutor.java:897)
	at org.apache.ratis.thirdparty.io.netty.util.concurrent.FastThreadLocalRunnable.run(FastThreadLocalRunnable.java:30)
	... 1 more
Caused by: java.net.ConnectException: Connection refused
	... 11 more
2019-08-28 20:10:15,082 [32058749-0763-4169-a6f0-c48e966b88d9:group-598B0C585C63:LeaderElection138] INFO  impl.RoleInfo (RoleInfo.java:shutdownLeaderElection(134)) - 32058749-0763-4169-a6f0-c48e966b88d9: shutdown LeaderElection
2019-08-28 20:10:15,082 [32058749-0763-4169-a6f0-c48e966b88d9:group-598B0C585C63:LeaderElection138] INFO  impl.RaftServerImpl (RaftServerImpl.java:setRole(171)) - 32058749-0763-4169-a6f0-c48e966b88d9:group-598B0C585C63 changes role from CANDIDATE to LEADER at term 4 for changeToLeader
2019-08-28 20:10:15,082 [32058749-0763-4169-a6f0-c48e966b88d9:group-598B0C585C63:LeaderElection138] INFO  impl.RaftServerImpl (ServerState.java:setLeader(263)) - 32058749-0763-4169-a6f0-c48e966b88d9:group-598B0C585C63 change Leader from null to 32058749-0763-4169-a6f0-c48e966b88d9 at term 4 for becomeLeader, leader elected after 60ms
2019-08-28 20:10:15,082 [32058749-0763-4169-a6f0-c48e966b88d9:group-598B0C585C63:LeaderElection138] INFO  server.RaftServerConfigKeys (ConfUtils.java:logGet(43)) - raft.server.staging.catchup.gap = 1000 (default)
2019-08-28 20:10:15,082 [32058749-0763-4169-a6f0-c48e966b88d9:group-598B0C585C63:LeaderElection138] INFO  server.RaftServerConfigKeys (ConfUtils.java:logGet(43)) - raft.server.rpc.sleep.time = 25ms (default)
2019-08-28 20:10:15,083 [32058749-0763-4169-a6f0-c48e966b88d9:group-598B0C585C63:LeaderElection138] INFO  server.RaftServerConfigKeys (ConfUtils.java:logGet(43)) - raft.server.write.element-limit = 4096 (default)
2019-08-28 20:10:15,083 [32058749-0763-4169-a6f0-c48e966b88d9:group-598B0C585C63:LeaderElection138] INFO  server.RaftServerConfigKeys (ConfUtils.java:logGet(43)) - raft.server.watch.timeout = 10s (default)
2019-08-28 20:10:15,083 [32058749-0763-4169-a6f0-c48e966b88d9:group-598B0C585C63:LeaderElection138] INFO  server.RaftServerConfigKeys (ConfUtils.java:logGet(43)) - raft.server.watch.timeout.denomination = 1s (default)
2019-08-28 20:10:15,083 [32058749-0763-4169-a6f0-c48e966b88d9:group-598B0C585C63:LeaderElection138] INFO  server.RaftServerConfigKeys (ConfUtils.java:logGet(43)) - raft.server.watch.element-limit = 65536 (default)
2019-08-28 20:10:15,083 [32058749-0763-4169-a6f0-c48e966b88d9:group-598B0C585C63:LeaderElection138] INFO  server.RaftServerConfigKeys (ConfUtils.java:logGet(43)) - raft.server.log.appender.snapshot.chunk.size.max = 16MB (=16777216) (default)
2019-08-28 20:10:15,084 [32058749-0763-4169-a6f0-c48e966b88d9:group-598B0C585C63:LeaderElection138] INFO  server.RaftServerConfigKeys (ConfUtils.java:logGet(43)) - raft.server.log.appender.buffer.byte-limit = 33554432 (custom)
2019-08-28 20:10:15,084 [32058749-0763-4169-a6f0-c48e966b88d9:group-598B0C585C63:LeaderElection138] INFO  server.RaftServerConfigKeys (ConfUtils.java:logGet(43)) - raft.server.log.appender.buffer.element-limit = 1 (custom)
2019-08-28 20:10:15,084 [32058749-0763-4169-a6f0-c48e966b88d9:group-598B0C585C63:LeaderElection138] INFO  grpc.GrpcConfigKeys$Server (ConfUtils.java:logGet(43)) - raft.grpc.server.leader.outstanding.appends.max = 128 (default)
2019-08-28 20:10:15,084 [32058749-0763-4169-a6f0-c48e966b88d9:group-598B0C585C63:LeaderElection138] INFO  server.RaftServerConfigKeys (ConfUtils.java:logGet(43)) - raft.server.rpc.request.timeout = 3000ms (default)
2019-08-28 20:10:15,084 [32058749-0763-4169-a6f0-c48e966b88d9:group-598B0C585C63:LeaderElection138] INFO  server.RaftServerConfigKeys (ConfUtils.java:logGet(43)) - raft.server.log.appender.install.snapshot.enabled = false (custom)
2019-08-28 20:10:15,084 [32058749-0763-4169-a6f0-c48e966b88d9:group-598B0C585C63:LeaderElection138] INFO  server.RaftServerConfigKeys (ConfUtils.java:logGet(43)) - raft.server.log.appender.snapshot.chunk.size.max = 16MB (=16777216) (default)
2019-08-28 20:10:15,085 [32058749-0763-4169-a6f0-c48e966b88d9:group-598B0C585C63:LeaderElection138] INFO  server.RaftServerConfigKeys (ConfUtils.java:logGet(43)) - raft.server.log.appender.buffer.byte-limit = 33554432 (custom)
2019-08-28 20:10:15,085 [32058749-0763-4169-a6f0-c48e966b88d9:group-598B0C585C63:LeaderElection138] INFO  server.RaftServerConfigKeys (ConfUtils.java:logGet(43)) - raft.server.log.appender.buffer.element-limit = 1 (custom)
2019-08-28 20:10:15,085 [32058749-0763-4169-a6f0-c48e966b88d9:group-598B0C585C63:LeaderElection138] INFO  grpc.GrpcConfigKeys$Server (ConfUtils.java:logGet(43)) - raft.grpc.server.leader.outstanding.appends.max = 128 (default)
2019-08-28 20:10:15,085 [32058749-0763-4169-a6f0-c48e966b88d9:group-598B0C585C63:LeaderElection138] INFO  server.RaftServerConfigKeys (ConfUtils.java:logGet(43)) - raft.server.rpc.request.timeout = 3000ms (default)
2019-08-28 20:10:15,085 [32058749-0763-4169-a6f0-c48e966b88d9:group-598B0C585C63:LeaderElection138] INFO  server.RaftServerConfigKeys (ConfUtils.java:logGet(43)) - raft.server.log.appender.install.snapshot.enabled = false (custom)
2019-08-28 20:10:15,085 [32058749-0763-4169-a6f0-c48e966b88d9:group-598B0C585C63:LeaderElection138] INFO  impl.RoleInfo (RoleInfo.java:updateAndGet(143)) - 32058749-0763-4169-a6f0-c48e966b88d9: start LeaderState
2019-08-28 20:10:15,086 [32058749-0763-4169-a6f0-c48e966b88d9:group-598B0C585C63:LeaderElection138] INFO  segmented.SegmentedRaftLogWorker (SegmentedRaftLogWorker.java:rollLogSegment(385)) - 32058749-0763-4169-a6f0-c48e966b88d9-SegmentedRaftLogWorker:Storage Directory /workdir/hadoop-ozone/integration-test/target/test-dir/MiniOzoneClusterImpl-72b920a7-1e55-4753-92eb-643903605a0d/datanode-0/data/ratis/524c060b-fcf7-4125-81e8-598b0c585c63: Rolling segment log-0_5 to index:5
2019-08-28 20:10:15,086 [32058749-0763-4169-a6f0-c48e966b88d9-SegmentedRaftLogWorker:Storage Directory /workdir/hadoop-ozone/integration-test/target/test-dir/MiniOzoneClusterImpl-72b920a7-1e55-4753-92eb-643903605a0d/datanode-0/data/ratis/524c060b-fcf7-4125-81e8-598b0c585c63] INFO  segmented.SegmentedRaftLogWorker (SegmentedRaftLogWorker.java:execute(526)) - 32058749-0763-4169-a6f0-c48e966b88d9-SegmentedRaftLogWorker:Storage Directory /workdir/hadoop-ozone/integration-test/target/test-dir/MiniOzoneClusterImpl-72b920a7-1e55-4753-92eb-643903605a0d/datanode-0/data/ratis/524c060b-fcf7-4125-81e8-598b0c585c63: Rolled log segment from /workdir/hadoop-ozone/integration-test/target/test-dir/MiniOzoneClusterImpl-72b920a7-1e55-4753-92eb-643903605a0d/datanode-0/data/ratis/524c060b-fcf7-4125-81e8-598b0c585c63/current/log_inprogress_0 to /workdir/hadoop-ozone/integration-test/target/test-dir/MiniOzoneClusterImpl-72b920a7-1e55-4753-92eb-643903605a0d/datanode-0/data/ratis/524c060b-fcf7-4125-81e8-598b0c585c63/current/log_0-5
2019-08-28 20:10:15,086 [32058749-0763-4169-a6f0-c48e966b88d9:group-598B0C585C63:LeaderElection138] INFO  impl.RaftServerImpl (ServerState.java:setRaftConf(361)) - 32058749-0763-4169-a6f0-c48e966b88d9:group-598B0C585C63 set configuration 6: [0d2cbdf2-f3e9-4f0a-94d2-ebe777e5e266:192.168.36.107:39333, 32058749-0763-4169-a6f0-c48e966b88d9:192.168.36.107:45971, 99c2ffe6-7e64-4b0d-9e12-4b317a498883:192.168.36.107:36103], old=null at 6
2019-08-28 20:10:15,087 [grpc-default-executor-2] WARN  server.GrpcLogAppender (LogUtils.java:warn(134)) - 32058749-0763-4169-a6f0-c48e966b88d9->99c2ffe6-7e64-4b0d-9e12-4b317a498883: Failed appendEntries: org.apache.ratis.thirdparty.io.grpc.StatusRuntimeException: UNAVAILABLE: io exception
2019-08-28 20:10:15,087 [grpc-default-executor-2] INFO  impl.FollowerInfo (FollowerInfo.java:lambda$new$0(50)) - 32058749-0763-4169-a6f0-c48e966b88d9->99c2ffe6-7e64-4b0d-9e12-4b317a498883: nextIndex: updateUnconditionally 6 -> 1
2019-08-28 20:10:15,088 [grpc-default-executor-12] INFO  impl.RaftServerImpl (ServerState.java:setLeader(263)) - 0d2cbdf2-f3e9-4f0a-94d2-ebe777e5e266:group-598B0C585C63 change Leader from null to 32058749-0763-4169-a6f0-c48e966b88d9 at term 4 for appendEntries, leader elected after 24ms
2019-08-28 20:10:15,090 [grpc-default-executor-12] INFO  impl.RaftServerImpl (ServerState.java:setRaftConf(361)) - 0d2cbdf2-f3e9-4f0a-94d2-ebe777e5e266:group-598B0C585C63 set configuration 6: [0d2cbdf2-f3e9-4f0a-94d2-ebe777e5e266:192.168.36.107:39333, 32058749-0763-4169-a6f0-c48e966b88d9:192.168.36.107:45971, 99c2ffe6-7e64-4b0d-9e12-4b317a498883:192.168.36.107:36103], old=null at 6
2019-08-28 20:10:15,091 [grpc-default-executor-12] INFO  segmented.SegmentedRaftLogWorker (SegmentedRaftLogWorker.java:rollLogSegment(385)) - 0d2cbdf2-f3e9-4f0a-94d2-ebe777e5e266-SegmentedRaftLogWorker:Storage Directory /workdir/hadoop-ozone/integration-test/target/test-dir/MiniOzoneClusterImpl-72b920a7-1e55-4753-92eb-643903605a0d/datanode-6/data/ratis/524c060b-fcf7-4125-81e8-598b0c585c63: Rolling segment log-0_5 to index:5
2019-08-28 20:10:15,092 [0d2cbdf2-f3e9-4f0a-94d2-ebe777e5e266-SegmentedRaftLogWorker:Storage Directory /workdir/hadoop-ozone/integration-test/target/test-dir/MiniOzoneClusterImpl-72b920a7-1e55-4753-92eb-643903605a0d/datanode-6/data/ratis/524c060b-fcf7-4125-81e8-598b0c585c63] INFO  segmented.SegmentedRaftLogWorker (SegmentedRaftLogWorker.java:execute(526)) - 0d2cbdf2-f3e9-4f0a-94d2-ebe777e5e266-SegmentedRaftLogWorker:Storage Directory /workdir/hadoop-ozone/integration-test/target/test-dir/MiniOzoneClusterImpl-72b920a7-1e55-4753-92eb-643903605a0d/datanode-6/data/ratis/524c060b-fcf7-4125-81e8-598b0c585c63: Rolled log segment from /workdir/hadoop-ozone/integration-test/target/test-dir/MiniOzoneClusterImpl-72b920a7-1e55-4753-92eb-643903605a0d/datanode-6/data/ratis/524c060b-fcf7-4125-81e8-598b0c585c63/current/log_inprogress_0 to /workdir/hadoop-ozone/integration-test/target/test-dir/MiniOzoneClusterImpl-72b920a7-1e55-4753-92eb-643903605a0d/datanode-6/data/ratis/524c060b-fcf7-4125-81e8-598b0c585c63/current/log_0-5
2019-08-28 20:10:15,134 [32058749-0763-4169-a6f0-c48e966b88d9-SegmentedRaftLogWorker:Storage Directory /workdir/hadoop-ozone/integration-test/target/test-dir/MiniOzoneClusterImpl-72b920a7-1e55-4753-92eb-643903605a0d/datanode-0/data/ratis/524c060b-fcf7-4125-81e8-598b0c585c63] INFO  segmented.SegmentedRaftLogWorker (SegmentedRaftLogWorker.java:execute(569)) - 32058749-0763-4169-a6f0-c48e966b88d9-SegmentedRaftLogWorker:Storage Directory /workdir/hadoop-ozone/integration-test/target/test-dir/MiniOzoneClusterImpl-72b920a7-1e55-4753-92eb-643903605a0d/datanode-0/data/ratis/524c060b-fcf7-4125-81e8-598b0c585c63: created new log segment /workdir/hadoop-ozone/integration-test/target/test-dir/MiniOzoneClusterImpl-72b920a7-1e55-4753-92eb-643903605a0d/datanode-0/data/ratis/524c060b-fcf7-4125-81e8-598b0c585c63/current/log_inprogress_6
2019-08-28 20:10:15,144 [0d2cbdf2-f3e9-4f0a-94d2-ebe777e5e266-SegmentedRaftLogWorker:Storage Directory /workdir/hadoop-ozone/integration-test/target/test-dir/MiniOzoneClusterImpl-72b920a7-1e55-4753-92eb-643903605a0d/datanode-6/data/ratis/524c060b-fcf7-4125-81e8-598b0c585c63] INFO  segmented.SegmentedRaftLogWorker (SegmentedRaftLogWorker.java:execute(569)) - 0d2cbdf2-f3e9-4f0a-94d2-ebe777e5e266-SegmentedRaftLogWorker:Storage Directory /workdir/hadoop-ozone/integration-test/target/test-dir/MiniOzoneClusterImpl-72b920a7-1e55-4753-92eb-643903605a0d/datanode-6/data/ratis/524c060b-fcf7-4125-81e8-598b0c585c63: created new log segment /workdir/hadoop-ozone/integration-test/target/test-dir/MiniOzoneClusterImpl-72b920a7-1e55-4753-92eb-643903605a0d/datanode-6/data/ratis/524c060b-fcf7-4125-81e8-598b0c585c63/current/log_inprogress_6
2019-08-28 20:10:15,159 | INFO  | DNAudit | user=null | ip=null | op=READ_CHUNK {blockData=conID: 2 locID: 102696419148300313 bcsId: 0} | ret=SUCCESS |  
2019-08-28 20:10:15,162 [grpc-default-executor-12] WARN  server.GrpcLogAppender (LogUtils.java:warn(134)) - 32058749-0763-4169-a6f0-c48e966b88d9->99c2ffe6-7e64-4b0d-9e12-4b317a498883: Failed appendEntries: org.apache.ratis.thirdparty.io.grpc.StatusRuntimeException: UNAVAILABLE: io exception
2019-08-28 20:10:15,162 [grpc-default-executor-12] INFO  impl.FollowerInfo (FollowerInfo.java:lambda$new$0(50)) - 32058749-0763-4169-a6f0-c48e966b88d9->99c2ffe6-7e64-4b0d-9e12-4b317a498883: nextIndex: updateUnconditionally 2 -> 1
2019-08-28 20:10:15,177 [grpc-default-executor-8] WARN  server.GrpcLogAppender (LogUtils.java:warn(134)) - 32058749-0763-4169-a6f0-c48e966b88d9->99c2ffe6-7e64-4b0d-9e12-4b317a498883: Failed appendEntries: org.apache.ratis.thirdparty.io.grpc.StatusRuntimeException: UNAVAILABLE: io exception
2019-08-28 20:10:15,177 [grpc-default-executor-8] INFO  impl.FollowerInfo (FollowerInfo.java:lambda$new$0(50)) - 32058749-0763-4169-a6f0-c48e966b88d9->99c2ffe6-7e64-4b0d-9e12-4b317a498883: nextIndex: updateUnconditionally 2 -> 1
2019-08-28 20:10:15,226 | INFO  | SCMAudit | user=jenkins1000 | ip=192.168.36.107 | op=SEND_HEARTBEAT {datanodeUUID=461018b7-39dd-4d28-b214-6e460473d27d, command=[]} | ret=SUCCESS |  
2019-08-28 20:10:15,582 [EventQueue-StaleNodeForStaleNodeHandler] INFO  node.StaleNodeHandler (StaleNodeHandler.java:onMessage(58)) - Datanode 32058749-0763-4169-a6f0-c48e966b88d9{ip: 192.168.36.107, host: pr-hdds-1949-jn7bv-2990118995, networkLocation: /default-rack, certSerialId: null} moved to stale state. Finalizing its pipelines [PipelineID=8d6f8a28-1ee5-48fe-b0c2-f208cce8cfdd, PipelineID=524c060b-fcf7-4125-81e8-598b0c585c63]
2019-08-28 20:10:15,583 [EventQueue-StaleNodeForStaleNodeHandler] INFO  pipeline.SCMPipelineManager (SCMPipelineManager.java:finalizeAndDestroyPipeline(309)) - destroying pipeline:Pipeline[ Id: 8d6f8a28-1ee5-48fe-b0c2-f208cce8cfdd, Nodes: 32058749-0763-4169-a6f0-c48e966b88d9{ip: 192.168.36.107, host: pr-hdds-1949-jn7bv-2990118995, networkLocation: /default-rack, certSerialId: null}, Type:RATIS, Factor:ONE, State:OPEN]
2019-08-28 20:10:15,583 [EventQueue-StaleNodeForStaleNodeHandler] INFO  pipeline.PipelineStateManager (PipelineStateManager.java:finalizePipeline(123)) - Pipeline Pipeline[ Id: 8d6f8a28-1ee5-48fe-b0c2-f208cce8cfdd, Nodes: 32058749-0763-4169-a6f0-c48e966b88d9{ip: 192.168.36.107, host: pr-hdds-1949-jn7bv-2990118995, networkLocation: /default-rack, certSerialId: null}, Type:RATIS, Factor:ONE, State:CLOSED] moved to CLOSED state
2019-08-28 20:10:15,583 [EventQueue-StaleNodeForStaleNodeHandler] INFO  pipeline.SCMPipelineManager (SCMPipelineManager.java:finalizeAndDestroyPipeline(309)) - destroying pipeline:Pipeline[ Id: 524c060b-fcf7-4125-81e8-598b0c585c63, Nodes: 99c2ffe6-7e64-4b0d-9e12-4b317a498883{ip: 192.168.36.107, host: pr-hdds-1949-jn7bv-2990118995, networkLocation: /default-rack, certSerialId: null}32058749-0763-4169-a6f0-c48e966b88d9{ip: 192.168.36.107, host: pr-hdds-1949-jn7bv-2990118995, networkLocation: /default-rack, certSerialId: null}0d2cbdf2-f3e9-4f0a-94d2-ebe777e5e266{ip: 192.168.36.107, host: pr-hdds-1949-jn7bv-2990118995, networkLocation: /default-rack, certSerialId: null}, Type:RATIS, Factor:THREE, State:CLOSED]
2019-08-28 20:10:15,583 [EventQueue-StaleNodeForStaleNodeHandler] INFO  node.StaleNodeHandler (StaleNodeHandler.java:onMessage(58)) - Datanode 0d2cbdf2-f3e9-4f0a-94d2-ebe777e5e266{ip: 192.168.36.107, host: pr-hdds-1949-jn7bv-2990118995, networkLocation: /default-rack, certSerialId: null} moved to stale state. Finalizing its pipelines [PipelineID=f1fd9c19-e967-4339-84b3-c5cccfd1c726, PipelineID=524c060b-fcf7-4125-81e8-598b0c585c63]
2019-08-28 20:10:15,584 [EventQueue-StaleNodeForStaleNodeHandler] INFO  pipeline.SCMPipelineManager (SCMPipelineManager.java:finalizeAndDestroyPipeline(309)) - destroying pipeline:Pipeline[ Id: f1fd9c19-e967-4339-84b3-c5cccfd1c726, Nodes: 0d2cbdf2-f3e9-4f0a-94d2-ebe777e5e266{ip: 192.168.36.107, host: pr-hdds-1949-jn7bv-2990118995, networkLocation: /default-rack, certSerialId: null}, Type:RATIS, Factor:ONE, State:OPEN]
2019-08-28 20:10:15,584 [EventQueue-StaleNodeForStaleNodeHandler] INFO  pipeline.PipelineStateManager (PipelineStateManager.java:finalizePipeline(123)) - Pipeline Pipeline[ Id: f1fd9c19-e967-4339-84b3-c5cccfd1c726, Nodes: 0d2cbdf2-f3e9-4f0a-94d2-ebe777e5e266{ip: 192.168.36.107, host: pr-hdds-1949-jn7bv-2990118995, networkLocation: /default-rack, certSerialId: null}, Type:RATIS, Factor:ONE, State:CLOSED] moved to CLOSED state
2019-08-28 20:10:15,584 [EventQueue-StaleNodeForStaleNodeHandler] INFO  pipeline.SCMPipelineManager (SCMPipelineManager.java:finalizeAndDestroyPipeline(309)) - destroying pipeline:Pipeline[ Id: 524c060b-fcf7-4125-81e8-598b0c585c63, Nodes: 99c2ffe6-7e64-4b0d-9e12-4b317a498883{ip: 192.168.36.107, host: pr-hdds-1949-jn7bv-2990118995, networkLocation: /default-rack, certSerialId: null}32058749-0763-4169-a6f0-c48e966b88d9{ip: 192.168.36.107, host: pr-hdds-1949-jn7bv-2990118995, networkLocation: /default-rack, certSerialId: null}0d2cbdf2-f3e9-4f0a-94d2-ebe777e5e266{ip: 192.168.36.107, host: pr-hdds-1949-jn7bv-2990118995, networkLocation: /default-rack, certSerialId: null}, Type:RATIS, Factor:THREE, State:CLOSED]
2019-08-28 20:10:15,829 [ForkJoinPool.commonPool-worker-0] INFO  ozoneimpl.OzoneContainer (OzoneContainer.java:stop(215)) - Attempting to stop container services.
2019-08-28 20:10:15,829 [ForkJoinPool.commonPool-worker-0] INFO  impl.RaftServerProxy (RaftServerProxy.java:lambda$close$4(314)) - 32058749-0763-4169-a6f0-c48e966b88d9: close
2019-08-28 20:10:15,829 [ForkJoinPool.commonPool-worker-0] INFO  impl.RaftServerImpl (RaftServerImpl.java:lambda$shutdown$3(245)) - 32058749-0763-4169-a6f0-c48e966b88d9: shutdown group-F208CCE8CFDD
2019-08-28 20:10:15,830 [ForkJoinPool.commonPool-worker-0] INFO  util.JmxRegister (JmxRegister.java:unregister(73)) - Successfully un-registered JMX Bean with object name Ratis:service=RaftServer,group=group-F208CCE8CFDD,id=32058749-0763-4169-a6f0-c48e966b88d9
2019-08-28 20:10:15,830 [ForkJoinPool.commonPool-worker-0] INFO  impl.RoleInfo (RoleInfo.java:shutdownLeaderState(104)) - 32058749-0763-4169-a6f0-c48e966b88d9: shutdown LeaderState
2019-08-28 20:10:15,831 [ForkJoinPool.commonPool-worker-0] INFO  impl.PendingRequests (PendingRequests.java:sendNotLeaderResponses(202)) - 32058749-0763-4169-a6f0-c48e966b88d9-PendingRequests: sendNotLeaderResponses
2019-08-28 20:10:15,831 [ForkJoinPool.commonPool-worker-0] INFO  impl.StateMachineUpdater (StateMachineUpdater.java:stopAndJoin(115)) - StateMachineUpdater:32058749-0763-4169-a6f0-c48e966b88d9:group-F208CCE8CFDD: set stopIndex = 0
2019-08-28 20:10:15,831 [ForkJoinPool.commonPool-worker-0] INFO  impl.RaftServerImpl (ServerState.java:close(394)) - 32058749-0763-4169-a6f0-c48e966b88d9:group-F208CCE8CFDD closes. The last applied log index is 0
2019-08-28 20:10:15,832 [32058749-0763-4169-a6f0-c48e966b88d9-SegmentedRaftLogWorker:Storage Directory /workdir/hadoop-ozone/integration-test/target/test-dir/MiniOzoneClusterImpl-72b920a7-1e55-4753-92eb-643903605a0d/datanode-0/data/ratis/8d6f8a28-1ee5-48fe-b0c2-f208cce8cfdd] INFO  segmented.SegmentedRaftLogWorker (SegmentedRaftLogWorker.java:run(313)) - 32058749-0763-4169-a6f0-c48e966b88d9-SegmentedRaftLogWorker:Storage Directory /workdir/hadoop-ozone/integration-test/target/test-dir/MiniOzoneClusterImpl-72b920a7-1e55-4753-92eb-643903605a0d/datanode-0/data/ratis/8d6f8a28-1ee5-48fe-b0c2-f208cce8cfdd was interrupted, exiting. There are 0 tasks remaining in the queue.
2019-08-28 20:10:15,834 [ForkJoinPool.commonPool-worker-0] INFO  segmented.SegmentedRaftLogWorker (SegmentedRaftLogWorker.java:close(228)) - 32058749-0763-4169-a6f0-c48e966b88d9-SegmentedRaftLogWorker:Storage Directory /workdir/hadoop-ozone/integration-test/target/test-dir/MiniOzoneClusterImpl-72b920a7-1e55-4753-92eb-643903605a0d/datanode-0/data/ratis/8d6f8a28-1ee5-48fe-b0c2-f208cce8cfdd close()
2019-08-28 20:10:15,836 [ForkJoinPool.commonPool-worker-0] INFO  impl.RaftServerImpl (RaftServerImpl.java:lambda$shutdown$3(245)) - 32058749-0763-4169-a6f0-c48e966b88d9: shutdown group-598B0C585C63
2019-08-28 20:10:15,836 [ForkJoinPool.commonPool-worker-0] INFO  util.JmxRegister (JmxRegister.java:unregister(73)) - Successfully un-registered JMX Bean with object name Ratis:service=RaftServer,group=group-598B0C585C63,id=32058749-0763-4169-a6f0-c48e966b88d9
2019-08-28 20:10:15,837 [ForkJoinPool.commonPool-worker-0] INFO  impl.RoleInfo (RoleInfo.java:shutdownLeaderState(104)) - 32058749-0763-4169-a6f0-c48e966b88d9: shutdown LeaderState
2019-08-28 20:10:15,840 [ForkJoinPool.commonPool-worker-0] INFO  impl.PendingRequests (PendingRequests.java:sendNotLeaderResponses(202)) - 32058749-0763-4169-a6f0-c48e966b88d9-PendingRequests: sendNotLeaderResponses
2019-08-28 20:10:15,840 [org.apache.ratis.server.impl.LogAppender$AppenderDaemon$$Lambda$501/1089294070@5f952dc8] WARN  server.GrpcLogAppender (GrpcLogAppender.java:mayWait(143)) - GrpcLogAppender(32058749-0763-4169-a6f0-c48e966b88d9->99c2ffe6-7e64-4b0d-9e12-4b317a498883): Wait interrupted by java.lang.InterruptedException
2019-08-28 20:10:15,840 [org.apache.ratis.server.impl.LogAppender$AppenderDaemon$$Lambda$501/1089294070@14289ed1] WARN  server.GrpcLogAppender (GrpcLogAppender.java:mayWait(143)) - GrpcLogAppender(32058749-0763-4169-a6f0-c48e966b88d9->0d2cbdf2-f3e9-4f0a-94d2-ebe777e5e266): Wait interrupted by java.lang.InterruptedException
2019-08-28 20:10:15,847 [StateMachineUpdater:32058749-0763-4169-a6f0-c48e966b88d9:group-598B0C585C63] INFO  ratis.ContainerStateMachine (ContainerStateMachine.java:takeSnapshot(284)) - group-598B0C585C63: Taking a snapshot at:(t:3, i:4) file /workdir/hadoop-ozone/integration-test/target/test-dir/MiniOzoneClusterImpl-72b920a7-1e55-4753-92eb-643903605a0d/datanode-0/data/ratis/524c060b-fcf7-4125-81e8-598b0c585c63/sm/snapshot.3_4
2019-08-28 20:10:15,846 [ForkJoinPool.commonPool-worker-0] INFO  impl.StateMachineUpdater (StateMachineUpdater.java:stopAndJoin(115)) - StateMachineUpdater:32058749-0763-4169-a6f0-c48e966b88d9:group-598B0C585C63: set stopIndex = 7
2019-08-28 20:10:15,847 [grpc-default-executor-8] INFO  server.GrpcServerProtocolService (GrpcServerProtocolService.java:onCompleted(104)) - 0d2cbdf2-f3e9-4f0a-94d2-ebe777e5e266: appendEntries completed
2019-08-28 20:10:15,848 [grpc-default-executor-8] INFO  server.GrpcLogAppender (GrpcLogAppender.java:onCompleted(292)) - 32058749-0763-4169-a6f0-c48e966b88d9->0d2cbdf2-f3e9-4f0a-94d2-ebe777e5e266: follower responses appendEntries COMPLETED
2019-08-28 20:10:15,848 [grpc-default-executor-8] INFO  impl.FollowerInfo (FollowerInfo.java:lambda$new$0(50)) - 32058749-0763-4169-a6f0-c48e966b88d9->0d2cbdf2-f3e9-4f0a-94d2-ebe777e5e266: nextIndex: updateUnconditionally 8 -> 7
2019-08-28 20:10:15,869 [StateMachineUpdater:32058749-0763-4169-a6f0-c48e966b88d9:group-598B0C585C63] INFO  ratis.ContainerStateMachine (ContainerStateMachine.java:takeSnapshot(295)) - group-598B0C585C63: Finished taking a snapshot at:(t:3, i:4) file:/workdir/hadoop-ozone/integration-test/target/test-dir/MiniOzoneClusterImpl-72b920a7-1e55-4753-92eb-643903605a0d/datanode-0/data/ratis/524c060b-fcf7-4125-81e8-598b0c585c63/sm/snapshot.3_4 time:22
2019-08-28 20:10:15,869 [StateMachineUpdater:32058749-0763-4169-a6f0-c48e966b88d9:group-598B0C585C63] INFO  impl.StateMachineUpdater (StateMachineUpdater.java:takeSnapshot(242)) - StateMachineUpdater:32058749-0763-4169-a6f0-c48e966b88d9:group-598B0C585C63: Took a snapshot at index 4
2019-08-28 20:10:15,869 [StateMachineUpdater:32058749-0763-4169-a6f0-c48e966b88d9:group-598B0C585C63] INFO  impl.StateMachineUpdater (StateMachineUpdater.java:lambda$new$0(80)) - StateMachineUpdater:32058749-0763-4169-a6f0-c48e966b88d9:group-598B0C585C63: snapshotIndex: updateIncreasingly -1 -> 4
2019-08-28 20:10:15,870 [ForkJoinPool.commonPool-worker-0] INFO  impl.RaftServerImpl (ServerState.java:close(394)) - 32058749-0763-4169-a6f0-c48e966b88d9:group-598B0C585C63 closes. The last applied log index is 7
2019-08-28 20:10:15,870 [32058749-0763-4169-a6f0-c48e966b88d9-SegmentedRaftLogWorker:Storage Directory /workdir/hadoop-ozone/integration-test/target/test-dir/MiniOzoneClusterImpl-72b920a7-1e55-4753-92eb-643903605a0d/datanode-0/data/ratis/524c060b-fcf7-4125-81e8-598b0c585c63] INFO  segmented.SegmentedRaftLogWorker (SegmentedRaftLogWorker.java:run(313)) - 32058749-0763-4169-a6f0-c48e966b88d9-SegmentedRaftLogWorker:Storage Directory /workdir/hadoop-ozone/integration-test/target/test-dir/MiniOzoneClusterImpl-72b920a7-1e55-4753-92eb-643903605a0d/datanode-0/data/ratis/524c060b-fcf7-4125-81e8-598b0c585c63 was interrupted, exiting. There are 0 tasks remaining in the queue.
2019-08-28 20:10:15,872 [ForkJoinPool.commonPool-worker-0] INFO  segmented.SegmentedRaftLogWorker (SegmentedRaftLogWorker.java:close(228)) - 32058749-0763-4169-a6f0-c48e966b88d9-SegmentedRaftLogWorker:Storage Directory /workdir/hadoop-ozone/integration-test/target/test-dir/MiniOzoneClusterImpl-72b920a7-1e55-4753-92eb-643903605a0d/datanode-0/data/ratis/524c060b-fcf7-4125-81e8-598b0c585c63 close()
2019-08-28 20:10:15,874 [ForkJoinPool.commonPool-worker-0] INFO  server.GrpcService (GrpcService.java:closeImpl(155)) - 32058749-0763-4169-a6f0-c48e966b88d9: shutdown server with port 45971 now
2019-08-28 20:10:15,875 [ForkJoinPool.commonPool-worker-0] INFO  server.GrpcService (GrpcService.java:closeImpl(163)) - 32058749-0763-4169-a6f0-c48e966b88d9: shutdown server with port 45971 successfully
2019-08-28 20:10:15,876 [main] INFO  ozoneimpl.OzoneContainer (OzoneContainer.java:stop(215)) - Attempting to stop container services.
2019-08-28 20:10:15,876 [main] INFO  impl.RaftServerProxy (RaftServerProxy.java:lambda$close$4(314)) - 0d2cbdf2-f3e9-4f0a-94d2-ebe777e5e266: close
2019-08-28 20:10:15,877 [main] INFO  impl.RaftServerImpl (RaftServerImpl.java:lambda$shutdown$3(245)) - 0d2cbdf2-f3e9-4f0a-94d2-ebe777e5e266: shutdown group-C5CCCFD1C726
2019-08-28 20:10:15,877 [refreshUsed-/workdir/hadoop-ozone/integration-test/target/test-dir/MiniOzoneClusterImpl-72b920a7-1e55-4753-92eb-643903605a0d/datanode-0/data/containers] WARN  fs.CachingGetSpaceUsed (CachingGetSpaceUsed.java:run(183)) - Thread Interrupted waiting to refresh disk information: sleep interrupted
2019-08-28 20:10:15,877 [main] INFO  util.JmxRegister (JmxRegister.java:unregister(73)) - Successfully un-registered JMX Bean with object name Ratis:service=RaftServer,group=group-C5CCCFD1C726,id=0d2cbdf2-f3e9-4f0a-94d2-ebe777e5e266
2019-08-28 20:10:15,878 [main] INFO  impl.RoleInfo (RoleInfo.java:shutdownLeaderState(104)) - 0d2cbdf2-f3e9-4f0a-94d2-ebe777e5e266: shutdown LeaderState
2019-08-28 20:10:15,878 [main] INFO  impl.PendingRequests (PendingRequests.java:sendNotLeaderResponses(202)) - 0d2cbdf2-f3e9-4f0a-94d2-ebe777e5e266-PendingRequests: sendNotLeaderResponses
2019-08-28 20:10:15,879 [main] INFO  impl.StateMachineUpdater (StateMachineUpdater.java:stopAndJoin(115)) - StateMachineUpdater:0d2cbdf2-f3e9-4f0a-94d2-ebe777e5e266:group-C5CCCFD1C726: set stopIndex = 0
2019-08-28 20:10:15,880 [main] INFO  impl.RaftServerImpl (ServerState.java:close(394)) - 0d2cbdf2-f3e9-4f0a-94d2-ebe777e5e266:group-C5CCCFD1C726 closes. The last applied log index is 0
2019-08-28 20:10:15,880 [0d2cbdf2-f3e9-4f0a-94d2-ebe777e5e266-SegmentedRaftLogWorker:Storage Directory /workdir/hadoop-ozone/integration-test/target/test-dir/MiniOzoneClusterImpl-72b920a7-1e55-4753-92eb-643903605a0d/datanode-6/data/ratis/f1fd9c19-e967-4339-84b3-c5cccfd1c726] INFO  segmented.SegmentedRaftLogWorker (SegmentedRaftLogWorker.java:run(313)) - 0d2cbdf2-f3e9-4f0a-94d2-ebe777e5e266-SegmentedRaftLogWorker:Storage Directory /workdir/hadoop-ozone/integration-test/target/test-dir/MiniOzoneClusterImpl-72b920a7-1e55-4753-92eb-643903605a0d/datanode-6/data/ratis/f1fd9c19-e967-4339-84b3-c5cccfd1c726 was interrupted, exiting. There are 0 tasks remaining in the queue.
2019-08-28 20:10:15,882 [main] INFO  segmented.SegmentedRaftLogWorker (SegmentedRaftLogWorker.java:close(228)) - 0d2cbdf2-f3e9-4f0a-94d2-ebe777e5e266-SegmentedRaftLogWorker:Storage Directory /workdir/hadoop-ozone/integration-test/target/test-dir/MiniOzoneClusterImpl-72b920a7-1e55-4753-92eb-643903605a0d/datanode-6/data/ratis/f1fd9c19-e967-4339-84b3-c5cccfd1c726 close()
2019-08-28 20:10:15,886 [main] INFO  impl.RaftServerImpl (RaftServerImpl.java:lambda$shutdown$3(245)) - 0d2cbdf2-f3e9-4f0a-94d2-ebe777e5e266: shutdown group-598B0C585C63
2019-08-28 20:10:15,887 [main] INFO  util.JmxRegister (JmxRegister.java:unregister(73)) - Successfully un-registered JMX Bean with object name Ratis:service=RaftServer,group=group-598B0C585C63,id=0d2cbdf2-f3e9-4f0a-94d2-ebe777e5e266
2019-08-28 20:10:15,887 [main] INFO  impl.RoleInfo (RoleInfo.java:shutdownFollowerState(121)) - 0d2cbdf2-f3e9-4f0a-94d2-ebe777e5e266: shutdown FollowerState
2019-08-28 20:10:15,887 [main] INFO  impl.StateMachineUpdater (StateMachineUpdater.java:stopAndJoin(115)) - StateMachineUpdater:0d2cbdf2-f3e9-4f0a-94d2-ebe777e5e266:group-598B0C585C63: set stopIndex = 6
2019-08-28 20:10:15,888 [Thread-5033] INFO  impl.FollowerState (FollowerState.java:run(114)) - 0d2cbdf2-f3e9-4f0a-94d2-ebe777e5e266: FollowerState was interrupted: java.lang.InterruptedException: sleep interrupted
2019-08-28 20:10:15,888 [StateMachineUpdater:0d2cbdf2-f3e9-4f0a-94d2-ebe777e5e266:group-598B0C585C63] INFO  ratis.ContainerStateMachine (ContainerStateMachine.java:takeSnapshot(284)) - group-598B0C585C63: Taking a snapshot at:(t:3, i:4) file /workdir/hadoop-ozone/integration-test/target/test-dir/MiniOzoneClusterImpl-72b920a7-1e55-4753-92eb-643903605a0d/datanode-6/data/ratis/524c060b-fcf7-4125-81e8-598b0c585c63/sm/snapshot.3_4
2019-08-28 20:10:15,899 [ForkJoinPool.commonPool-worker-0] INFO  utils.BackgroundService (BackgroundService.java:shutdown(148)) - Shutting down service BlockDeletingService
2019-08-28 20:10:15,902 [ForkJoinPool.commonPool-worker-0] INFO  statemachine.DatanodeStateMachine (DatanodeStateMachine.java:stopDaemon(395)) - Ozone container server stopped.
2019-08-28 20:10:15,906 [ForkJoinPool.commonPool-worker-0] INFO  handler.ContextHandler (ContextHandler.java:doStop(910)) - Stopped o.e.j.w.WebAppContext@58aa5c94{/,null,UNAVAILABLE}{/hddsDatanode}
2019-08-28 20:10:15,907 [ForkJoinPool.commonPool-worker-0] INFO  server.AbstractConnector (AbstractConnector.java:doStop(318)) - Stopped ServerConnector@5d27b4c1{HTTP/1.1,[http/1.1]}{0.0.0.0:0}
2019-08-28 20:10:15,908 [ForkJoinPool.commonPool-worker-0] INFO  handler.ContextHandler (ContextHandler.java:doStop(910)) - Stopped o.e.j.s.ServletContextHandler@41582899{/static,jar:file:/home/user/.m2/repository/org/apache/hadoop/hadoop-hdds-container-service/0.5.0-SNAPSHOT/hadoop-hdds-container-service-0.5.0-SNAPSHOT.jar!/webapps/static,UNAVAILABLE}
2019-08-28 20:10:15,909 [ForkJoinPool.commonPool-worker-0] INFO  handler.ContextHandler (ContextHandler.java:doStop(910)) - Stopped o.e.j.s.ServletContextHandler@2d913116{/logs,file:///workdir/hadoop-ozone/integration-test/target/log,UNAVAILABLE}
2019-08-28 20:10:15,921 [StateMachineUpdater:0d2cbdf2-f3e9-4f0a-94d2-ebe777e5e266:group-598B0C585C63] INFO  ratis.ContainerStateMachine (ContainerStateMachine.java:takeSnapshot(295)) - group-598B0C585C63: Finished taking a snapshot at:(t:3, i:4) file:/workdir/hadoop-ozone/integration-test/target/test-dir/MiniOzoneClusterImpl-72b920a7-1e55-4753-92eb-643903605a0d/datanode-6/data/ratis/524c060b-fcf7-4125-81e8-598b0c585c63/sm/snapshot.3_4 time:33
2019-08-28 20:10:15,921 [StateMachineUpdater:0d2cbdf2-f3e9-4f0a-94d2-ebe777e5e266:group-598B0C585C63] INFO  impl.StateMachineUpdater (StateMachineUpdater.java:takeSnapshot(242)) - StateMachineUpdater:0d2cbdf2-f3e9-4f0a-94d2-ebe777e5e266:group-598B0C585C63: Took a snapshot at index 4
2019-08-28 20:10:15,921 [StateMachineUpdater:0d2cbdf2-f3e9-4f0a-94d2-ebe777e5e266:group-598B0C585C63] INFO  impl.StateMachineUpdater (StateMachineUpdater.java:lambda$new$0(80)) - StateMachineUpdater:0d2cbdf2-f3e9-4f0a-94d2-ebe777e5e266:group-598B0C585C63: snapshotIndex: updateIncreasingly -1 -> 4
2019-08-28 20:10:15,922 [main] INFO  impl.RaftServerImpl (ServerState.java:close(394)) - 0d2cbdf2-f3e9-4f0a-94d2-ebe777e5e266:group-598B0C585C63 closes. The last applied log index is 6
2019-08-28 20:10:15,922 [0d2cbdf2-f3e9-4f0a-94d2-ebe777e5e266-SegmentedRaftLogWorker:Storage Directory /workdir/hadoop-ozone/integration-test/target/test-dir/MiniOzoneClusterImpl-72b920a7-1e55-4753-92eb-643903605a0d/datanode-6/data/ratis/524c060b-fcf7-4125-81e8-598b0c585c63] INFO  segmented.SegmentedRaftLogWorker (SegmentedRaftLogWorker.java:run(313)) - 0d2cbdf2-f3e9-4f0a-94d2-ebe777e5e266-SegmentedRaftLogWorker:Storage Directory /workdir/hadoop-ozone/integration-test/target/test-dir/MiniOzoneClusterImpl-72b920a7-1e55-4753-92eb-643903605a0d/datanode-6/data/ratis/524c060b-fcf7-4125-81e8-598b0c585c63 was interrupted, exiting. There are 0 tasks remaining in the queue.
2019-08-28 20:10:15,922 [main] INFO  segmented.SegmentedRaftLogWorker (SegmentedRaftLogWorker.java:close(228)) - 0d2cbdf2-f3e9-4f0a-94d2-ebe777e5e266-SegmentedRaftLogWorker:Storage Directory /workdir/hadoop-ozone/integration-test/target/test-dir/MiniOzoneClusterImpl-72b920a7-1e55-4753-92eb-643903605a0d/datanode-6/data/ratis/524c060b-fcf7-4125-81e8-598b0c585c63 close()
2019-08-28 20:10:15,923 [main] INFO  server.GrpcService (GrpcService.java:closeImpl(155)) - 0d2cbdf2-f3e9-4f0a-94d2-ebe777e5e266: shutdown server with port 39333 now
2019-08-28 20:10:15,923 [main] INFO  server.GrpcService (GrpcService.java:closeImpl(163)) - 0d2cbdf2-f3e9-4f0a-94d2-ebe777e5e266: shutdown server with port 39333 successfully
2019-08-28 20:10:15,925 [refreshUsed-/workdir/hadoop-ozone/integration-test/target/test-dir/MiniOzoneClusterImpl-72b920a7-1e55-4753-92eb-643903605a0d/datanode-6/data/containers] WARN  fs.CachingGetSpaceUsed (CachingGetSpaceUsed.java:run(183)) - Thread Interrupted waiting to refresh disk information: sleep interrupted
2019-08-28 20:10:15,937 [main] INFO  utils.BackgroundService (BackgroundService.java:shutdown(148)) - Shutting down service BlockDeletingService
2019-08-28 20:10:15,940 [main] INFO  statemachine.DatanodeStateMachine (DatanodeStateMachine.java:stopDaemon(395)) - Ozone container server stopped.
2019-08-28 20:10:15,940 [main] INFO  handler.ContextHandler (ContextHandler.java:doStop(910)) - Stopped o.e.j.w.WebAppContext@23bd047f{/,null,UNAVAILABLE}{/hddsDatanode}
2019-08-28 20:10:15,941 [main] INFO  server.AbstractConnector (AbstractConnector.java:doStop(318)) - Stopped ServerConnector@3562e7c7{HTTP/1.1,[http/1.1]}{0.0.0.0:0}
2019-08-28 20:10:15,941 [main] INFO  handler.ContextHandler (ContextHandler.java:doStop(910)) - Stopped o.e.j.s.ServletContextHandler@6cd2cb2{/static,jar:file:/home/user/.m2/repository/org/apache/hadoop/hadoop-hdds-container-service/0.5.0-SNAPSHOT/hadoop-hdds-container-service-0.5.0-SNAPSHOT.jar!/webapps/static,UNAVAILABLE}
2019-08-28 20:10:15,942 [main] INFO  handler.ContextHandler (ContextHandler.java:doStop(910)) - Stopped o.e.j.s.ServletContextHandler@6eaa6b0c{/logs,file:///workdir/hadoop-ozone/integration-test/target/log,UNAVAILABLE}
2019-08-28 20:10:16,225 [Datanode State Machine Thread - 0] INFO  statemachine.DatanodeStateMachine (DatanodeStateMachine.java:lambda$startDaemon$0(350)) - Ozone container server started.
2019-08-28 20:10:17,158 [grpc-default-executor-8] WARN  server.GrpcLogAppender (LogUtils.java:warn(134)) - 461018b7-39dd-4d28-b214-6e460473d27d->54ce06a7-084b-40eb-9b4b-239a6e27ab83: Failed appendEntries: org.apache.ratis.thirdparty.io.grpc.StatusRuntimeException: UNAVAILABLE: io exception
2019-08-28 20:10:17,158 [grpc-default-executor-8] INFO  impl.FollowerInfo (FollowerInfo.java:lambda$new$0(50)) - 461018b7-39dd-4d28-b214-6e460473d27d->54ce06a7-084b-40eb-9b4b-239a6e27ab83: nextIndex: updateUnconditionally 6 -> 5
2019-08-28 20:10:17,217 [grpc-default-executor-12] WARN  server.GrpcLogAppender (LogUtils.java:warn(134)) - 461018b7-39dd-4d28-b214-6e460473d27d->8fecb67b-5c4d-4732-8a79-20bb823bc0ec: Failed appendEntries: org.apache.ratis.thirdparty.io.grpc.StatusRuntimeException: UNAVAILABLE: io exception
2019-08-28 20:10:17,218 [grpc-default-executor-12] INFO  impl.FollowerInfo (FollowerInfo.java:lambda$new$0(50)) - 461018b7-39dd-4d28-b214-6e460473d27d->8fecb67b-5c4d-4732-8a79-20bb823bc0ec: nextIndex: updateUnconditionally 3 -> 2
2019-08-28 20:10:19,659 [grpc-default-executor-12] WARN  server.GrpcLogAppender (LogUtils.java:warn(134)) - 461018b7-39dd-4d28-b214-6e460473d27d->54ce06a7-084b-40eb-9b4b-239a6e27ab83: Failed appendEntries: org.apache.ratis.thirdparty.io.grpc.StatusRuntimeException: UNAVAILABLE: io exception
2019-08-28 20:10:19,659 [grpc-default-executor-12] INFO  impl.FollowerInfo (FollowerInfo.java:lambda$new$0(50)) - 461018b7-39dd-4d28-b214-6e460473d27d->54ce06a7-084b-40eb-9b4b-239a6e27ab83: nextIndex: updateUnconditionally 5 -> 4
2019-08-28 20:10:19,718 [grpc-default-executor-2] WARN  server.GrpcLogAppender (LogUtils.java:warn(134)) - 461018b7-39dd-4d28-b214-6e460473d27d->8fecb67b-5c4d-4732-8a79-20bb823bc0ec: Failed appendEntries: org.apache.ratis.thirdparty.io.grpc.StatusRuntimeException: UNAVAILABLE: io exception
2019-08-28 20:10:19,718 [grpc-default-executor-2] INFO  impl.FollowerInfo (FollowerInfo.java:lambda$new$0(50)) - 461018b7-39dd-4d28-b214-6e460473d27d->8fecb67b-5c4d-4732-8a79-20bb823bc0ec: nextIndex: updateUnconditionally 2 -> 1
2019-08-28 20:10:20,292 [EventQueue-StaleNodeForStaleNodeHandler] INFO  node.StaleNodeHandler (StaleNodeHandler.java:onMessage(58)) - Datanode 461018b7-39dd-4d28-b214-6e460473d27d{ip: 192.168.36.107, host: pr-hdds-1949-jn7bv-2990118995, networkLocation: /default-rack, certSerialId: null} moved to stale state. Finalizing its pipelines [PipelineID=0538250d-cdcd-4fdc-b84e-2f9d9a808874, PipelineID=20cd9d68-7709-4047-9b3a-6bbc5e7d3dbc]
2019-08-28 20:10:20,293 [EventQueue-StaleNodeForStaleNodeHandler] INFO  pipeline.SCMPipelineManager (SCMPipelineManager.java:finalizeAndDestroyPipeline(309)) - destroying pipeline:Pipeline[ Id: 0538250d-cdcd-4fdc-b84e-2f9d9a808874, Nodes: 461018b7-39dd-4d28-b214-6e460473d27d{ip: 192.168.36.107, host: pr-hdds-1949-jn7bv-2990118995, networkLocation: /default-rack, certSerialId: null}, Type:RATIS, Factor:ONE, State:OPEN]
2019-08-28 20:10:20,293 [EventQueue-StaleNodeForStaleNodeHandler] INFO  pipeline.PipelineStateManager (PipelineStateManager.java:finalizePipeline(123)) - Pipeline Pipeline[ Id: 0538250d-cdcd-4fdc-b84e-2f9d9a808874, Nodes: 461018b7-39dd-4d28-b214-6e460473d27d{ip: 192.168.36.107, host: pr-hdds-1949-jn7bv-2990118995, networkLocation: /default-rack, certSerialId: null}, Type:RATIS, Factor:ONE, State:CLOSED] moved to CLOSED state
2019-08-28 20:10:20,293 [EventQueue-StaleNodeForStaleNodeHandler] INFO  pipeline.SCMPipelineManager (SCMPipelineManager.java:finalizeAndDestroyPipeline(309)) - destroying pipeline:Pipeline[ Id: 20cd9d68-7709-4047-9b3a-6bbc5e7d3dbc, Nodes: 54ce06a7-084b-40eb-9b4b-239a6e27ab83{ip: 192.168.36.107, host: pr-hdds-1949-jn7bv-2990118995, networkLocation: /default-rack, certSerialId: null}8fecb67b-5c4d-4732-8a79-20bb823bc0ec{ip: 192.168.36.107, host: pr-hdds-1949-jn7bv-2990118995, networkLocation: /default-rack, certSerialId: null}461018b7-39dd-4d28-b214-6e460473d27d{ip: 192.168.36.107, host: pr-hdds-1949-jn7bv-2990118995, networkLocation: /default-rack, certSerialId: null}, Type:RATIS, Factor:THREE, State:CLOSED]
2019-08-28 20:10:20,911 [ForkJoinPool.commonPool-worker-0] INFO  ozoneimpl.OzoneContainer (OzoneContainer.java:stop(215)) - Attempting to stop container services.
2019-08-28 20:10:20,911 [ForkJoinPool.commonPool-worker-0] INFO  impl.RaftServerProxy (RaftServerProxy.java:lambda$close$4(314)) - 461018b7-39dd-4d28-b214-6e460473d27d: close
2019-08-28 20:10:20,912 [ForkJoinPool.commonPool-worker-0] INFO  impl.RaftServerImpl (RaftServerImpl.java:lambda$shutdown$3(245)) - 461018b7-39dd-4d28-b214-6e460473d27d: shutdown group-2F9D9A808874
2019-08-28 20:10:20,912 [ForkJoinPool.commonPool-worker-0] INFO  util.JmxRegister (JmxRegister.java:unregister(73)) - Successfully un-registered JMX Bean with object name Ratis:service=RaftServer,group=group-2F9D9A808874,id=461018b7-39dd-4d28-b214-6e460473d27d
2019-08-28 20:10:20,912 [ForkJoinPool.commonPool-worker-0] INFO  impl.RoleInfo (RoleInfo.java:shutdownLeaderState(104)) - 461018b7-39dd-4d28-b214-6e460473d27d: shutdown LeaderState
2019-08-28 20:10:20,912 [ForkJoinPool.commonPool-worker-0] INFO  impl.PendingRequests (PendingRequests.java:sendNotLeaderResponses(202)) - 461018b7-39dd-4d28-b214-6e460473d27d-PendingRequests: sendNotLeaderResponses
2019-08-28 20:10:20,913 [ForkJoinPool.commonPool-worker-0] INFO  impl.StateMachineUpdater (StateMachineUpdater.java:stopAndJoin(115)) - StateMachineUpdater:461018b7-39dd-4d28-b214-6e460473d27d:group-2F9D9A808874: set stopIndex = 0
2019-08-28 20:10:20,913 [ForkJoinPool.commonPool-worker-0] INFO  impl.RaftServerImpl (ServerState.java:close(394)) - 461018b7-39dd-4d28-b214-6e460473d27d:group-2F9D9A808874 closes. The last applied log index is 0
2019-08-28 20:10:20,913 [461018b7-39dd-4d28-b214-6e460473d27d-SegmentedRaftLogWorker:Storage Directory /workdir/hadoop-ozone/integration-test/target/test-dir/MiniOzoneClusterImpl-72b920a7-1e55-4753-92eb-643903605a0d/datanode-5/data/ratis/0538250d-cdcd-4fdc-b84e-2f9d9a808874] INFO  segmented.SegmentedRaftLogWorker (SegmentedRaftLogWorker.java:run(313)) - 461018b7-39dd-4d28-b214-6e460473d27d-SegmentedRaftLogWorker:Storage Directory /workdir/hadoop-ozone/integration-test/target/test-dir/MiniOzoneClusterImpl-72b920a7-1e55-4753-92eb-643903605a0d/datanode-5/data/ratis/0538250d-cdcd-4fdc-b84e-2f9d9a808874 was interrupted, exiting. There are 0 tasks remaining in the queue.
2019-08-28 20:10:20,914 [ForkJoinPool.commonPool-worker-0] INFO  segmented.SegmentedRaftLogWorker (SegmentedRaftLogWorker.java:close(228)) - 461018b7-39dd-4d28-b214-6e460473d27d-SegmentedRaftLogWorker:Storage Directory /workdir/hadoop-ozone/integration-test/target/test-dir/MiniOzoneClusterImpl-72b920a7-1e55-4753-92eb-643903605a0d/datanode-5/data/ratis/0538250d-cdcd-4fdc-b84e-2f9d9a808874 close()
2019-08-28 20:10:20,914 [ForkJoinPool.commonPool-worker-0] INFO  impl.RaftServerImpl (RaftServerImpl.java:lambda$shutdown$3(245)) - 461018b7-39dd-4d28-b214-6e460473d27d: shutdown group-6BBC5E7D3DBC
2019-08-28 20:10:20,914 [ForkJoinPool.commonPool-worker-0] INFO  util.JmxRegister (JmxRegister.java:unregister(73)) - Successfully un-registered JMX Bean with object name Ratis:service=RaftServer,group=group-6BBC5E7D3DBC,id=461018b7-39dd-4d28-b214-6e460473d27d
2019-08-28 20:10:20,915 [ForkJoinPool.commonPool-worker-0] INFO  impl.RoleInfo (RoleInfo.java:shutdownLeaderState(104)) - 461018b7-39dd-4d28-b214-6e460473d27d: shutdown LeaderState
2019-08-28 20:10:20,917 [ForkJoinPool.commonPool-worker-0] INFO  impl.PendingRequests (PendingRequests.java:sendNotLeaderResponses(202)) - 461018b7-39dd-4d28-b214-6e460473d27d-PendingRequests: sendNotLeaderResponses
2019-08-28 20:10:20,917 [org.apache.ratis.server.impl.LogAppender$AppenderDaemon$$Lambda$501/1089294070@1dfb0233] WARN  server.GrpcLogAppender (GrpcLogAppender.java:mayWait(143)) - GrpcLogAppender(461018b7-39dd-4d28-b214-6e460473d27d->8fecb67b-5c4d-4732-8a79-20bb823bc0ec): Wait interrupted by java.lang.InterruptedException
2019-08-28 20:10:20,917 [org.apache.ratis.server.impl.LogAppender$AppenderDaemon$$Lambda$501/1089294070@58f99fe8] WARN  server.GrpcLogAppender (GrpcLogAppender.java:mayWait(143)) - GrpcLogAppender(461018b7-39dd-4d28-b214-6e460473d27d->54ce06a7-084b-40eb-9b4b-239a6e27ab83): Wait interrupted by java.lang.InterruptedException
2019-08-28 20:10:20,918 [ForkJoinPool.commonPool-worker-0] INFO  impl.StateMachineUpdater (StateMachineUpdater.java:stopAndJoin(115)) - StateMachineUpdater:461018b7-39dd-4d28-b214-6e460473d27d:group-6BBC5E7D3DBC: set stopIndex = 8
2019-08-28 20:10:20,918 [StateMachineUpdater:461018b7-39dd-4d28-b214-6e460473d27d:group-6BBC5E7D3DBC] INFO  ratis.ContainerStateMachine (ContainerStateMachine.java:takeSnapshot(284)) - group-6BBC5E7D3DBC: Taking a snapshot at:(t:2, i:8) file /workdir/hadoop-ozone/integration-test/target/test-dir/MiniOzoneClusterImpl-72b920a7-1e55-4753-92eb-643903605a0d/datanode-5/data/ratis/20cd9d68-7709-4047-9b3a-6bbc5e7d3dbc/sm/snapshot.2_8
2019-08-28 20:10:20,958 [StateMachineUpdater:461018b7-39dd-4d28-b214-6e460473d27d:group-6BBC5E7D3DBC] INFO  ratis.ContainerStateMachine (ContainerStateMachine.java:takeSnapshot(295)) - group-6BBC5E7D3DBC: Finished taking a snapshot at:(t:2, i:8) file:/workdir/hadoop-ozone/integration-test/target/test-dir/MiniOzoneClusterImpl-72b920a7-1e55-4753-92eb-643903605a0d/datanode-5/data/ratis/20cd9d68-7709-4047-9b3a-6bbc5e7d3dbc/sm/snapshot.2_8 time:40
2019-08-28 20:10:20,958 [StateMachineUpdater:461018b7-39dd-4d28-b214-6e460473d27d:group-6BBC5E7D3DBC] INFO  impl.StateMachineUpdater (StateMachineUpdater.java:takeSnapshot(242)) - StateMachineUpdater:461018b7-39dd-4d28-b214-6e460473d27d:group-6BBC5E7D3DBC: Took a snapshot at index 8
2019-08-28 20:10:20,958 [StateMachineUpdater:461018b7-39dd-4d28-b214-6e460473d27d:group-6BBC5E7D3DBC] INFO  impl.StateMachineUpdater (StateMachineUpdater.java:lambda$new$0(80)) - StateMachineUpdater:461018b7-39dd-4d28-b214-6e460473d27d:group-6BBC5E7D3DBC: snapshotIndex: updateIncreasingly -1 -> 8
2019-08-28 20:10:20,959 [ForkJoinPool.commonPool-worker-0] INFO  impl.RaftServerImpl (ServerState.java:close(394)) - 461018b7-39dd-4d28-b214-6e460473d27d:group-6BBC5E7D3DBC closes. The last applied log index is 8
2019-08-28 20:10:20,959 [461018b7-39dd-4d28-b214-6e460473d27d-SegmentedRaftLogWorker:Storage Directory /workdir/hadoop-ozone/integration-test/target/test-dir/MiniOzoneClusterImpl-72b920a7-1e55-4753-92eb-643903605a0d/datanode-5/data/ratis/20cd9d68-7709-4047-9b3a-6bbc5e7d3dbc] INFO  segmented.SegmentedRaftLogWorker (SegmentedRaftLogWorker.java:run(313)) - 461018b7-39dd-4d28-b214-6e460473d27d-SegmentedRaftLogWorker:Storage Directory /workdir/hadoop-ozone/integration-test/target/test-dir/MiniOzoneClusterImpl-72b920a7-1e55-4753-92eb-643903605a0d/datanode-5/data/ratis/20cd9d68-7709-4047-9b3a-6bbc5e7d3dbc was interrupted, exiting. There are 0 tasks remaining in the queue.
2019-08-28 20:10:20,960 [ForkJoinPool.commonPool-worker-0] INFO  segmented.SegmentedRaftLogWorker (SegmentedRaftLogWorker.java:close(228)) - 461018b7-39dd-4d28-b214-6e460473d27d-SegmentedRaftLogWorker:Storage Directory /workdir/hadoop-ozone/integration-test/target/test-dir/MiniOzoneClusterImpl-72b920a7-1e55-4753-92eb-643903605a0d/datanode-5/data/ratis/20cd9d68-7709-4047-9b3a-6bbc5e7d3dbc close()
2019-08-28 20:10:20,960 [ForkJoinPool.commonPool-worker-0] INFO  server.GrpcService (GrpcService.java:closeImpl(155)) - 461018b7-39dd-4d28-b214-6e460473d27d: shutdown server with port 36069 now
2019-08-28 20:10:20,961 [grpc-default-executor-12] WARN  client.GrpcClientProtocolService (LogUtils.java:warn(134)) - 3-UnorderedRequestStreamObserver3: onError: org.apache.ratis.thirdparty.io.grpc.StatusRuntimeException: CANCELLED: cancelled before receiving half close
2019-08-28 20:10:20,961 [ForkJoinPool.commonPool-worker-0] INFO  server.GrpcService (GrpcService.java:closeImpl(163)) - 461018b7-39dd-4d28-b214-6e460473d27d: shutdown server with port 36069 successfully
2019-08-28 20:10:20,962 [refreshUsed-/workdir/hadoop-ozone/integration-test/target/test-dir/MiniOzoneClusterImpl-72b920a7-1e55-4753-92eb-643903605a0d/datanode-5/data/containers] WARN  fs.CachingGetSpaceUsed (CachingGetSpaceUsed.java:run(183)) - Thread Interrupted waiting to refresh disk information: sleep interrupted
2019-08-28 20:10:20,978 [ForkJoinPool.commonPool-worker-0] INFO  utils.BackgroundService (BackgroundService.java:shutdown(148)) - Shutting down service BlockDeletingService
2019-08-28 20:10:20,981 [ForkJoinPool.commonPool-worker-0] INFO  statemachine.DatanodeStateMachine (DatanodeStateMachine.java:stopDaemon(395)) - Ozone container server stopped.
2019-08-28 20:10:20,985 [ForkJoinPool.commonPool-worker-0] INFO  handler.ContextHandler (ContextHandler.java:doStop(910)) - Stopped o.e.j.w.WebAppContext@134d7ffa{/,null,UNAVAILABLE}{/hddsDatanode}
2019-08-28 20:10:20,986 [ForkJoinPool.commonPool-worker-0] INFO  server.AbstractConnector (AbstractConnector.java:doStop(318)) - Stopped ServerConnector@6e948f1c{HTTP/1.1,[http/1.1]}{0.0.0.0:0}
2019-08-28 20:10:20,987 [ForkJoinPool.commonPool-worker-0] INFO  handler.ContextHandler (ContextHandler.java:doStop(910)) - Stopped o.e.j.s.ServletContextHandler@3e39e0fb{/static,jar:file:/home/user/.m2/repository/org/apache/hadoop/hadoop-hdds-container-service/0.5.0-SNAPSHOT/hadoop-hdds-container-service-0.5.0-SNAPSHOT.jar!/webapps/static,UNAVAILABLE}
2019-08-28 20:10:20,988 [ForkJoinPool.commonPool-worker-0] INFO  handler.ContextHandler (ContextHandler.java:doStop(910)) - Stopped o.e.j.s.ServletContextHandler@2d73e8c4{/logs,file:///workdir/hadoop-ozone/integration-test/target/log,UNAVAILABLE}
2019-08-28 20:10:20,989 [main] INFO  ozone.MiniOzoneClusterImpl (MiniOzoneClusterImpl.java:stopSCM(387)) - Stopping the StorageContainerManager
2019-08-28 20:10:20,989 [main] INFO  server.StorageContainerManager (StorageContainerManager.java:stop(797)) - Stopping Replication Manager Service.
2019-08-28 20:10:20,989 [main] INFO  container.ReplicationManager (ReplicationManager.java:stop(193)) - Stopping Replication Monitor Thread.
2019-08-28 20:10:20,990 [main] INFO  server.StorageContainerManager (StorageContainerManager.java:stop(804)) - Stopping Lease Manager of the command watchers
2019-08-28 20:10:20,990 [main] INFO  server.StorageContainerManager (StorageContainerManager.java:stop(811)) - Stopping datanode service RPC server
2019-08-28 20:10:20,990 [main] INFO  server.SCMDatanodeProtocolServer (SCMDatanodeProtocolServer.java:stop(367)) - Stopping the RPC server for DataNodes
2019-08-28 20:10:20,990 [main] INFO  ipc.Server (Server.java:stop(3082)) - Stopping server on 42518
2019-08-28 20:10:20,992 [IPC Server listener on 42518] INFO  ipc.Server (Server.java:run(1185)) - Stopping IPC Server listener on 42518
2019-08-28 20:10:20,992 [IPC Server Responder] INFO  ipc.Server (Server.java:run(1319)) - Stopping IPC Server Responder
2019-08-28 20:10:20,993 [SCM Heartbeat Processing Thread - 0] WARN  node.NodeStateManager (NodeStateManager.java:scheduleNextHealthCheck(646)) - Current Thread is interrupted, shutting down HB processing thread for Node Manager.
2019-08-28 20:10:20,993 [main] INFO  server.StorageContainerManager (StorageContainerManager.java:stop(819)) - Stopping block service RPC server
2019-08-28 20:10:20,994 [main] INFO  server.SCMBlockProtocolServer (SCMBlockProtocolServer.java:stop(149)) - Stopping the RPC server for Block Protocol
2019-08-28 20:10:20,994 [main] INFO  ipc.Server (Server.java:stop(3082)) - Stopping server on 45884
2019-08-28 20:10:20,996 [IPC Server listener on 45884] INFO  ipc.Server (Server.java:run(1185)) - Stopping IPC Server listener on 45884
2019-08-28 20:10:20,997 [main] INFO  server.StorageContainerManager (StorageContainerManager.java:stop(826)) - Stopping the StorageContainerLocationProtocol RPC server
2019-08-28 20:10:20,997 [main] INFO  server.SCMClientProtocolServer (SCMClientProtocolServer.java:stop(159)) - Stopping the RPC server for Client Protocol
2019-08-28 20:10:20,997 [IPC Server Responder] INFO  ipc.Server (Server.java:run(1319)) - Stopping IPC Server Responder
2019-08-28 20:10:20,999 [main] INFO  ipc.Server (Server.java:stop(3082)) - Stopping server on 42424
2019-08-28 20:10:21,000 [IPC Server listener on 42424] INFO  ipc.Server (Server.java:run(1185)) - Stopping IPC Server listener on 42424
2019-08-28 20:10:21,000 [main] INFO  server.StorageContainerManager (StorageContainerManager.java:stop(833)) - Stopping Storage Container Manager HTTP server.
2019-08-28 20:10:21,000 [IPC Server Responder] INFO  ipc.Server (Server.java:run(1319)) - Stopping IPC Server Responder
2019-08-28 20:10:21,001 [main] INFO  handler.ContextHandler (ContextHandler.java:doStop(910)) - Stopped o.e.j.w.WebAppContext@731db93f{/,null,UNAVAILABLE}{/scm}
2019-08-28 20:10:21,002 [main] INFO  server.AbstractConnector (AbstractConnector.java:doStop(318)) - Stopped ServerConnector@67941d{HTTP/1.1,[http/1.1]}{0.0.0.0:0}
2019-08-28 20:10:21,002 [main] INFO  handler.ContextHandler (ContextHandler.java:doStop(910)) - Stopped o.e.j.s.ServletContextHandler@30d5e37c{/static,file:///workdir/hadoop-ozone/integration-test/target/test-classes/webapps/static,UNAVAILABLE}
2019-08-28 20:10:21,002 [main] INFO  handler.ContextHandler (ContextHandler.java:doStop(910)) - Stopped o.e.j.s.ServletContextHandler@316d30ad{/logs,file:///workdir/hadoop-ozone/integration-test/target/log,UNAVAILABLE}
2019-08-28 20:10:21,003 [main] INFO  server.StorageContainerManager (StorageContainerManager.java:stop(844)) - Stopping Block Manager Service.
2019-08-28 20:10:21,003 [main] INFO  utils.BackgroundService (BackgroundService.java:shutdown(148)) - Shutting down service SCMBlockDeletingService
2019-08-28 20:10:21,004 [main] INFO  utils.BackgroundService (BackgroundService.java:shutdown(148)) - Shutting down service SCMBlockDeletingService
2019-08-28 20:10:21,004 [main] INFO  server.StorageContainerManager (StorageContainerManager.java:stop(866)) - Stopping SCM Event Queue.
2019-08-28 20:10:21,007 [main] INFO  impl.MetricsSystemImpl (MetricsSystemImpl.java:stop(210)) - Stopping HddsDatanode metrics system...
2019-08-28 20:10:21,015 [main] INFO  impl.MetricsSystemImpl (MetricsSystemImpl.java:stop(216)) - HddsDatanode metrics system stopped.
]]></system-out>
    <system-err><![CDATA[Aug 28, 2019 8:09:43 PM org.apache.ratis.thirdparty.io.grpc.internal.ManagedChannelOrphanWrapper$ManagedChannelReference cleanQueue
SEVERE: *~*~*~ Channel ManagedChannelImpl{logId=2783, target=192.168.36.107:36728} was not shutdown properly!!! ~*~*~*
    Make sure to call shutdown()/shutdownNow() and wait until awaitTermination() returns true.
java.lang.RuntimeException: ManagedChannel allocation site
	at org.apache.ratis.thirdparty.io.grpc.internal.ManagedChannelOrphanWrapper$ManagedChannelReference.<init>(ManagedChannelOrphanWrapper.java:103)
	at org.apache.ratis.thirdparty.io.grpc.internal.ManagedChannelOrphanWrapper.<init>(ManagedChannelOrphanWrapper.java:53)
	at org.apache.ratis.thirdparty.io.grpc.internal.ManagedChannelOrphanWrapper.<init>(ManagedChannelOrphanWrapper.java:44)
	at org.apache.ratis.thirdparty.io.grpc.internal.AbstractManagedChannelImplBuilder.build(AbstractManagedChannelImplBuilder.java:411)
	at org.apache.hadoop.hdds.scm.XceiverClientGrpc.connectToDatanode(XceiverClientGrpc.java:175)
	at org.apache.hadoop.hdds.scm.XceiverClientGrpc.reconnect(XceiverClientGrpc.java:423)
	at org.apache.hadoop.hdds.scm.XceiverClientGrpc.sendCommandAsync(XceiverClientGrpc.java:372)
	at org.apache.hadoop.hdds.scm.XceiverClientGrpc.sendCommandWithRetry(XceiverClientGrpc.java:285)
	at org.apache.hadoop.hdds.scm.XceiverClientGrpc.sendCommandWithTraceIDAndRetry(XceiverClientGrpc.java:251)
	at org.apache.hadoop.hdds.scm.XceiverClientGrpc.sendCommand(XceiverClientGrpc.java:234)
	at org.apache.hadoop.hdds.scm.storage.ContainerProtocolCalls.getBlock(ContainerProtocolCalls.java:118)
	at org.apache.hadoop.hdds.scm.storage.BlockInputStream.getChunkInfos(BlockInputStream.java:167)
	at org.apache.hadoop.hdds.scm.storage.BlockInputStream.initialize(BlockInputStream.java:118)
	at org.apache.hadoop.hdds.scm.storage.BlockInputStream.read(BlockInputStream.java:222)
	at org.apache.hadoop.ozone.client.io.KeyInputStream.read(KeyInputStream.java:171)
	at org.apache.hadoop.ozone.client.io.OzoneInputStream.read(OzoneInputStream.java:47)
	at java.io.InputStream.read(InputStream.java:101)
	at org.apache.hadoop.ozone.container.ContainerTestHelper.validateData(ContainerTestHelper.java:714)
	at org.apache.hadoop.ozone.client.rpc.TestBlockOutputStreamWithFailures.validateData(TestBlockOutputStreamWithFailures.java:1216)
	at org.apache.hadoop.ozone.client.rpc.TestBlockOutputStreamWithFailures.testWatchForCommitDatanodeFailure(TestBlockOutputStreamWithFailures.java:393)
	at sun.reflect.NativeMethodAccessorImpl.invoke0(Native Method)
	at sun.reflect.NativeMethodAccessorImpl.invoke(NativeMethodAccessorImpl.java:62)
	at sun.reflect.DelegatingMethodAccessorImpl.invoke(DelegatingMethodAccessorImpl.java:43)
	at java.lang.reflect.Method.invoke(Method.java:498)
	at org.junit.runners.model.FrameworkMethod$1.runReflectiveCall(FrameworkMethod.java:47)
	at org.junit.internal.runners.model.ReflectiveCallable.run(ReflectiveCallable.java:12)
	at org.junit.runners.model.FrameworkMethod.invokeExplosively(FrameworkMethod.java:44)
	at org.junit.internal.runners.statements.InvokeMethod.evaluate(InvokeMethod.java:17)
	at org.junit.internal.runners.statements.RunBefores.evaluate(RunBefores.java:26)
	at org.junit.internal.runners.statements.RunAfters.evaluate(RunAfters.java:27)
	at org.junit.runners.ParentRunner.runLeaf(ParentRunner.java:271)
	at org.junit.runners.BlockJUnit4ClassRunner.runChild(BlockJUnit4ClassRunner.java:70)
	at org.junit.runners.BlockJUnit4ClassRunner.runChild(BlockJUnit4ClassRunner.java:50)
	at org.junit.runners.ParentRunner$3.run(ParentRunner.java:238)
	at org.junit.runners.ParentRunner$1.schedule(ParentRunner.java:63)
	at org.junit.runners.ParentRunner.runChildren(ParentRunner.java:236)
	at org.junit.runners.ParentRunner.access$000(ParentRunner.java:53)
	at org.junit.runners.ParentRunner$2.evaluate(ParentRunner.java:229)
	at org.junit.runners.ParentRunner.run(ParentRunner.java:309)
	at org.apache.maven.surefire.junit4.JUnit4Provider.execute(JUnit4Provider.java:365)
	at org.apache.maven.surefire.junit4.JUnit4Provider.executeWithRerun(JUnit4Provider.java:273)
	at org.apache.maven.surefire.junit4.JUnit4Provider.executeTestSet(JUnit4Provider.java:238)
	at org.apache.maven.surefire.junit4.JUnit4Provider.invoke(JUnit4Provider.java:159)
	at org.apache.maven.surefire.booter.ForkedBooter.invokeProviderInSameClassLoader(ForkedBooter.java:384)
	at org.apache.maven.surefire.booter.ForkedBooter.runSuitesInProcess(ForkedBooter.java:345)
	at org.apache.maven.surefire.booter.ForkedBooter.execute(ForkedBooter.java:126)
	at org.apache.maven.surefire.booter.ForkedBooter.main(ForkedBooter.java:418)

Aug 28, 2019 8:09:43 PM org.apache.ratis.thirdparty.io.grpc.internal.ManagedChannelOrphanWrapper$ManagedChannelReference cleanQueue
SEVERE: *~*~*~ Channel ManagedChannelImpl{logId=3114, target=192.168.36.107:45662} was not shutdown properly!!! ~*~*~*
    Make sure to call shutdown()/shutdownNow() and wait until awaitTermination() returns true.
java.lang.RuntimeException: ManagedChannel allocation site
	at org.apache.ratis.thirdparty.io.grpc.internal.ManagedChannelOrphanWrapper$ManagedChannelReference.<init>(ManagedChannelOrphanWrapper.java:103)
	at org.apache.ratis.thirdparty.io.grpc.internal.ManagedChannelOrphanWrapper.<init>(ManagedChannelOrphanWrapper.java:53)
	at org.apache.ratis.thirdparty.io.grpc.internal.ManagedChannelOrphanWrapper.<init>(ManagedChannelOrphanWrapper.java:44)
	at org.apache.ratis.thirdparty.io.grpc.internal.AbstractManagedChannelImplBuilder.build(AbstractManagedChannelImplBuilder.java:411)
	at org.apache.hadoop.hdds.scm.XceiverClientGrpc.connectToDatanode(XceiverClientGrpc.java:175)
	at org.apache.hadoop.hdds.scm.XceiverClientGrpc.reconnect(XceiverClientGrpc.java:423)
	at org.apache.hadoop.hdds.scm.XceiverClientGrpc.sendCommandAsync(XceiverClientGrpc.java:372)
	at org.apache.hadoop.hdds.scm.XceiverClientGrpc.sendCommandWithRetry(XceiverClientGrpc.java:285)
	at org.apache.hadoop.hdds.scm.XceiverClientGrpc.sendCommandWithTraceIDAndRetry(XceiverClientGrpc.java:251)
	at org.apache.hadoop.hdds.scm.XceiverClientGrpc.sendCommand(XceiverClientGrpc.java:234)
	at org.apache.hadoop.hdds.scm.storage.ContainerProtocolCalls.readChunk(ContainerProtocolCalls.java:245)
	at org.apache.hadoop.hdds.scm.storage.ChunkInputStream.readChunk(ChunkInputStream.java:335)
	at org.apache.hadoop.hdds.scm.storage.ChunkInputStream.readChunkFromContainer(ChunkInputStream.java:307)
	at org.apache.hadoop.hdds.scm.storage.ChunkInputStream.prepareRead(ChunkInputStream.java:259)
	at org.apache.hadoop.hdds.scm.storage.ChunkInputStream.read(ChunkInputStream.java:144)
	at org.apache.hadoop.hdds.scm.storage.BlockInputStream.read(BlockInputStream.java:239)
	at org.apache.hadoop.ozone.client.io.KeyInputStream.read(KeyInputStream.java:171)
	at org.apache.hadoop.ozone.client.io.OzoneInputStream.read(OzoneInputStream.java:47)
	at java.io.InputStream.read(InputStream.java:101)
	at org.apache.hadoop.ozone.container.ContainerTestHelper.validateData(ContainerTestHelper.java:714)
	at org.apache.hadoop.ozone.client.rpc.TestBlockOutputStreamWithFailures.validateData(TestBlockOutputStreamWithFailures.java:1216)
	at org.apache.hadoop.ozone.client.rpc.TestBlockOutputStreamWithFailures.testFailureWithPrimeSizedData(TestBlockOutputStreamWithFailures.java:662)
	at sun.reflect.NativeMethodAccessorImpl.invoke0(Native Method)
	at sun.reflect.NativeMethodAccessorImpl.invoke(NativeMethodAccessorImpl.java:62)
	at sun.reflect.DelegatingMethodAccessorImpl.invoke(DelegatingMethodAccessorImpl.java:43)
	at java.lang.reflect.Method.invoke(Method.java:498)
	at org.junit.runners.model.FrameworkMethod$1.runReflectiveCall(FrameworkMethod.java:47)
	at org.junit.internal.runners.model.ReflectiveCallable.run(ReflectiveCallable.java:12)
	at org.junit.runners.model.FrameworkMethod.invokeExplosively(FrameworkMethod.java:44)
	at org.junit.internal.runners.statements.InvokeMethod.evaluate(InvokeMethod.java:17)
	at org.junit.internal.runners.statements.RunBefores.evaluate(RunBefores.java:26)
	at org.junit.internal.runners.statements.RunAfters.evaluate(RunAfters.java:27)
	at org.junit.runners.ParentRunner.runLeaf(ParentRunner.java:271)
	at org.junit.runners.BlockJUnit4ClassRunner.runChild(BlockJUnit4ClassRunner.java:70)
	at org.junit.runners.BlockJUnit4ClassRunner.runChild(BlockJUnit4ClassRunner.java:50)
	at org.junit.runners.ParentRunner$3.run(ParentRunner.java:238)
	at org.junit.runners.ParentRunner$1.schedule(ParentRunner.java:63)
	at org.junit.runners.ParentRunner.runChildren(ParentRunner.java:236)
	at org.junit.runners.ParentRunner.access$000(ParentRunner.java:53)
	at org.junit.runners.ParentRunner$2.evaluate(ParentRunner.java:229)
	at org.junit.runners.ParentRunner.run(ParentRunner.java:309)
	at org.apache.maven.surefire.junit4.JUnit4Provider.execute(JUnit4Provider.java:365)
	at org.apache.maven.surefire.junit4.JUnit4Provider.executeWithRerun(JUnit4Provider.java:273)
	at org.apache.maven.surefire.junit4.JUnit4Provider.executeTestSet(JUnit4Provider.java:238)
	at org.apache.maven.surefire.junit4.JUnit4Provider.invoke(JUnit4Provider.java:159)
	at org.apache.maven.surefire.booter.ForkedBooter.invokeProviderInSameClassLoader(ForkedBooter.java:384)
	at org.apache.maven.surefire.booter.ForkedBooter.runSuitesInProcess(ForkedBooter.java:345)
	at org.apache.maven.surefire.booter.ForkedBooter.execute(ForkedBooter.java:126)
	at org.apache.maven.surefire.booter.ForkedBooter.main(ForkedBooter.java:418)

Aug 28, 2019 8:09:43 PM org.apache.ratis.thirdparty.io.grpc.internal.ManagedChannelOrphanWrapper$ManagedChannelReference cleanQueue
SEVERE: *~*~*~ Channel ManagedChannelImpl{logId=2774, target=192.168.36.107:44497} was not shutdown properly!!! ~*~*~*
    Make sure to call shutdown()/shutdownNow() and wait until awaitTermination() returns true.
java.lang.RuntimeException: ManagedChannel allocation site
	at org.apache.ratis.thirdparty.io.grpc.internal.ManagedChannelOrphanWrapper$ManagedChannelReference.<init>(ManagedChannelOrphanWrapper.java:103)
	at org.apache.ratis.thirdparty.io.grpc.internal.ManagedChannelOrphanWrapper.<init>(ManagedChannelOrphanWrapper.java:53)
	at org.apache.ratis.thirdparty.io.grpc.internal.ManagedChannelOrphanWrapper.<init>(ManagedChannelOrphanWrapper.java:44)
	at org.apache.ratis.thirdparty.io.grpc.internal.AbstractManagedChannelImplBuilder.build(AbstractManagedChannelImplBuilder.java:411)
	at org.apache.ratis.grpc.client.GrpcClientProtocolClient.<init>(GrpcClientProtocolClient.java:119)
	at org.apache.ratis.grpc.client.GrpcClientRpc.lambda$new$0(GrpcClientRpc.java:55)
	at org.apache.ratis.util.PeerProxyMap$PeerAndProxy.lambda$getProxy$0(PeerProxyMap.java:61)
	at org.apache.ratis.util.LifeCycle.startAndTransition(LifeCycle.java:202)
	at org.apache.ratis.util.PeerProxyMap$PeerAndProxy.getProxy(PeerProxyMap.java:60)
	at org.apache.ratis.util.PeerProxyMap.getProxy(PeerProxyMap.java:107)
	at org.apache.ratis.grpc.client.GrpcClientRpc.sendRequestAsync(GrpcClientRpc.java:66)
	at org.apache.ratis.client.impl.OrderedAsync.sendRequest(OrderedAsync.java:208)
	at org.apache.ratis.client.impl.OrderedAsync.sendRequestWithRetry(OrderedAsync.java:169)
	at org.apache.ratis.util.SlidingWindow$Client.sendOrDelayRequest(SlidingWindow.java:278)
	at org.apache.ratis.util.SlidingWindow$Client.retry(SlidingWindow.java:294)
	at org.apache.ratis.client.impl.OrderedAsync.lambda$scheduleWithTimeout$7(OrderedAsync.java:195)
	at org.apache.ratis.util.TimeoutScheduler.lambda$onTimeout$0(TimeoutScheduler.java:85)
	at org.apache.ratis.util.TimeoutScheduler.lambda$onTimeout$1(TimeoutScheduler.java:104)
	at org.apache.ratis.util.LogUtils.runAndLog(LogUtils.java:50)
	at org.apache.ratis.util.LogUtils$1.run(LogUtils.java:91)
	at java.util.concurrent.Executors$RunnableAdapter.call(Executors.java:511)
	at java.util.concurrent.FutureTask.run(FutureTask.java:266)
	at java.util.concurrent.ScheduledThreadPoolExecutor$ScheduledFutureTask.access$201(ScheduledThreadPoolExecutor.java:180)
	at java.util.concurrent.ScheduledThreadPoolExecutor$ScheduledFutureTask.run(ScheduledThreadPoolExecutor.java:293)
	at java.util.concurrent.ThreadPoolExecutor.runWorker(ThreadPoolExecutor.java:1149)
	at java.util.concurrent.ThreadPoolExecutor$Worker.run(ThreadPoolExecutor.java:624)
	at java.lang.Thread.run(Thread.java:748)

Aug 28, 2019 8:09:43 PM org.apache.ratis.thirdparty.io.grpc.internal.ManagedChannelOrphanWrapper$ManagedChannelReference cleanQueue
SEVERE: *~*~*~ Channel ManagedChannelImpl{logId=3397, target=192.168.36.107:38574} was not shutdown properly!!! ~*~*~*
    Make sure to call shutdown()/shutdownNow() and wait until awaitTermination() returns true.
java.lang.RuntimeException: ManagedChannel allocation site
	at org.apache.ratis.thirdparty.io.grpc.internal.ManagedChannelOrphanWrapper$ManagedChannelReference.<init>(ManagedChannelOrphanWrapper.java:103)
	at org.apache.ratis.thirdparty.io.grpc.internal.ManagedChannelOrphanWrapper.<init>(ManagedChannelOrphanWrapper.java:53)
	at org.apache.ratis.thirdparty.io.grpc.internal.ManagedChannelOrphanWrapper.<init>(ManagedChannelOrphanWrapper.java:44)
	at org.apache.ratis.thirdparty.io.grpc.internal.AbstractManagedChannelImplBuilder.build(AbstractManagedChannelImplBuilder.java:411)
	at org.apache.ratis.grpc.client.GrpcClientProtocolClient.<init>(GrpcClientProtocolClient.java:119)
	at org.apache.ratis.grpc.client.GrpcClientRpc.lambda$new$0(GrpcClientRpc.java:55)
	at org.apache.ratis.util.PeerProxyMap$PeerAndProxy.lambda$getProxy$0(PeerProxyMap.java:61)
	at org.apache.ratis.util.LifeCycle.startAndTransition(LifeCycle.java:202)
	at org.apache.ratis.util.PeerProxyMap$PeerAndProxy.getProxy(PeerProxyMap.java:60)
	at org.apache.ratis.util.PeerProxyMap.getProxy(PeerProxyMap.java:107)
	at org.apache.ratis.grpc.client.GrpcClientRpc.sendRequestAsync(GrpcClientRpc.java:66)
	at org.apache.ratis.client.impl.OrderedAsync.sendRequest(OrderedAsync.java:208)
	at org.apache.ratis.client.impl.OrderedAsync.sendRequestWithRetry(OrderedAsync.java:169)
	at org.apache.ratis.util.SlidingWindow$Client.sendOrDelayRequest(SlidingWindow.java:278)
	at org.apache.ratis.util.SlidingWindow$Client.retry(SlidingWindow.java:294)
	at org.apache.ratis.client.impl.OrderedAsync.lambda$scheduleWithTimeout$7(OrderedAsync.java:195)
	at org.apache.ratis.util.TimeoutScheduler.lambda$onTimeout$0(TimeoutScheduler.java:85)
	at org.apache.ratis.util.TimeoutScheduler.lambda$onTimeout$1(TimeoutScheduler.java:104)
	at org.apache.ratis.util.LogUtils.runAndLog(LogUtils.java:50)
	at org.apache.ratis.util.LogUtils$1.run(LogUtils.java:91)
	at java.util.concurrent.Executors$RunnableAdapter.call(Executors.java:511)
	at java.util.concurrent.FutureTask.run(FutureTask.java:266)
	at java.util.concurrent.ScheduledThreadPoolExecutor$ScheduledFutureTask.access$201(ScheduledThreadPoolExecutor.java:180)
	at java.util.concurrent.ScheduledThreadPoolExecutor$ScheduledFutureTask.run(ScheduledThreadPoolExecutor.java:293)
	at java.util.concurrent.ThreadPoolExecutor.runWorker(ThreadPoolExecutor.java:1149)
	at java.util.concurrent.ThreadPoolExecutor$Worker.run(ThreadPoolExecutor.java:624)
	at java.lang.Thread.run(Thread.java:748)

Aug 28, 2019 8:09:43 PM org.apache.ratis.thirdparty.io.grpc.internal.ManagedChannelOrphanWrapper$ManagedChannelReference cleanQueue
SEVERE: *~*~*~ Channel ManagedChannelImpl{logId=3432, target=192.168.36.107:34267} was not shutdown properly!!! ~*~*~*
    Make sure to call shutdown()/shutdownNow() and wait until awaitTermination() returns true.
java.lang.RuntimeException: ManagedChannel allocation site
	at org.apache.ratis.thirdparty.io.grpc.internal.ManagedChannelOrphanWrapper$ManagedChannelReference.<init>(ManagedChannelOrphanWrapper.java:103)
	at org.apache.ratis.thirdparty.io.grpc.internal.ManagedChannelOrphanWrapper.<init>(ManagedChannelOrphanWrapper.java:53)
	at org.apache.ratis.thirdparty.io.grpc.internal.ManagedChannelOrphanWrapper.<init>(ManagedChannelOrphanWrapper.java:44)
	at org.apache.ratis.thirdparty.io.grpc.internal.AbstractManagedChannelImplBuilder.build(AbstractManagedChannelImplBuilder.java:411)
	at org.apache.hadoop.hdds.scm.XceiverClientGrpc.connectToDatanode(XceiverClientGrpc.java:175)
	at org.apache.hadoop.hdds.scm.XceiverClientGrpc.reconnect(XceiverClientGrpc.java:423)
	at org.apache.hadoop.hdds.scm.XceiverClientGrpc.sendCommandAsync(XceiverClientGrpc.java:372)
	at org.apache.hadoop.hdds.scm.XceiverClientGrpc.sendCommandWithRetry(XceiverClientGrpc.java:285)
	at org.apache.hadoop.hdds.scm.XceiverClientGrpc.sendCommandWithTraceIDAndRetry(XceiverClientGrpc.java:251)
	at org.apache.hadoop.hdds.scm.XceiverClientGrpc.sendCommand(XceiverClientGrpc.java:234)
	at org.apache.hadoop.hdds.scm.storage.ContainerProtocolCalls.readChunk(ContainerProtocolCalls.java:245)
	at org.apache.hadoop.hdds.scm.storage.ChunkInputStream.readChunk(ChunkInputStream.java:335)
	at org.apache.hadoop.hdds.scm.storage.ChunkInputStream.readChunkFromContainer(ChunkInputStream.java:307)
	at org.apache.hadoop.hdds.scm.storage.ChunkInputStream.prepareRead(ChunkInputStream.java:259)
	at org.apache.hadoop.hdds.scm.storage.ChunkInputStream.read(ChunkInputStream.java:144)
	at org.apache.hadoop.hdds.scm.storage.BlockInputStream.read(BlockInputStream.java:239)
	at org.apache.hadoop.ozone.client.io.KeyInputStream.read(KeyInputStream.java:171)
	at org.apache.hadoop.ozone.client.io.OzoneInputStream.read(OzoneInputStream.java:47)
	at java.io.InputStream.read(InputStream.java:101)
	at org.apache.hadoop.ozone.container.ContainerTestHelper.validateData(ContainerTestHelper.java:714)
	at org.apache.hadoop.ozone.client.rpc.TestBlockOutputStreamWithFailures.validateData(TestBlockOutputStreamWithFailures.java:1216)
	at org.apache.hadoop.ozone.client.rpc.TestBlockOutputStreamWithFailures.testWatchForCommitWithCloseContainerException(TestBlockOutputStreamWithFailures.java:260)
	at sun.reflect.NativeMethodAccessorImpl.invoke0(Native Method)
	at sun.reflect.NativeMethodAccessorImpl.invoke(NativeMethodAccessorImpl.java:62)
	at sun.reflect.DelegatingMethodAccessorImpl.invoke(DelegatingMethodAccessorImpl.java:43)
	at java.lang.reflect.Method.invoke(Method.java:498)
	at org.junit.runners.model.FrameworkMethod$1.runReflectiveCall(FrameworkMethod.java:47)
	at org.junit.internal.runners.model.ReflectiveCallable.run(ReflectiveCallable.java:12)
	at org.junit.runners.model.FrameworkMethod.invokeExplosively(FrameworkMethod.java:44)
	at org.junit.internal.runners.statements.InvokeMethod.evaluate(InvokeMethod.java:17)
	at org.junit.internal.runners.statements.RunBefores.evaluate(RunBefores.java:26)
	at org.junit.internal.runners.statements.RunAfters.evaluate(RunAfters.java:27)
	at org.junit.runners.ParentRunner.runLeaf(ParentRunner.java:271)
	at org.junit.runners.BlockJUnit4ClassRunner.runChild(BlockJUnit4ClassRunner.java:70)
	at org.junit.runners.BlockJUnit4ClassRunner.runChild(BlockJUnit4ClassRunner.java:50)
	at org.junit.runners.ParentRunner$3.run(ParentRunner.java:238)
	at org.junit.runners.ParentRunner$1.schedule(ParentRunner.java:63)
	at org.junit.runners.ParentRunner.runChildren(ParentRunner.java:236)
	at org.junit.runners.ParentRunner.access$000(ParentRunner.java:53)
	at org.junit.runners.ParentRunner$2.evaluate(ParentRunner.java:229)
	at org.junit.runners.ParentRunner.run(ParentRunner.java:309)
	at org.apache.maven.surefire.junit4.JUnit4Provider.execute(JUnit4Provider.java:365)
	at org.apache.maven.surefire.junit4.JUnit4Provider.executeWithRerun(JUnit4Provider.java:273)
	at org.apache.maven.surefire.junit4.JUnit4Provider.executeTestSet(JUnit4Provider.java:238)
	at org.apache.maven.surefire.junit4.JUnit4Provider.invoke(JUnit4Provider.java:159)
	at org.apache.maven.surefire.booter.ForkedBooter.invokeProviderInSameClassLoader(ForkedBooter.java:384)
	at org.apache.maven.surefire.booter.ForkedBooter.runSuitesInProcess(ForkedBooter.java:345)
	at org.apache.maven.surefire.booter.ForkedBooter.execute(ForkedBooter.java:126)
	at org.apache.maven.surefire.booter.ForkedBooter.main(ForkedBooter.java:418)

Aug 28, 2019 8:09:43 PM org.apache.ratis.thirdparty.io.grpc.internal.ManagedChannelOrphanWrapper$ManagedChannelReference cleanQueue
SEVERE: *~*~*~ Channel ManagedChannelImpl{logId=2528, target=192.168.36.107:41896} was not shutdown properly!!! ~*~*~*
    Make sure to call shutdown()/shutdownNow() and wait until awaitTermination() returns true.
java.lang.RuntimeException: ManagedChannel allocation site
	at org.apache.ratis.thirdparty.io.grpc.internal.ManagedChannelOrphanWrapper$ManagedChannelReference.<init>(ManagedChannelOrphanWrapper.java:103)
	at org.apache.ratis.thirdparty.io.grpc.internal.ManagedChannelOrphanWrapper.<init>(ManagedChannelOrphanWrapper.java:53)
	at org.apache.ratis.thirdparty.io.grpc.internal.ManagedChannelOrphanWrapper.<init>(ManagedChannelOrphanWrapper.java:44)
	at org.apache.ratis.thirdparty.io.grpc.internal.AbstractManagedChannelImplBuilder.build(AbstractManagedChannelImplBuilder.java:411)
	at org.apache.hadoop.hdds.scm.XceiverClientGrpc.connectToDatanode(XceiverClientGrpc.java:175)
	at org.apache.hadoop.hdds.scm.XceiverClientGrpc.reconnect(XceiverClientGrpc.java:423)
	at org.apache.hadoop.hdds.scm.XceiverClientGrpc.sendCommandAsync(XceiverClientGrpc.java:372)
	at org.apache.hadoop.hdds.scm.XceiverClientGrpc.sendCommandWithRetry(XceiverClientGrpc.java:285)
	at org.apache.hadoop.hdds.scm.XceiverClientGrpc.sendCommandWithTraceIDAndRetry(XceiverClientGrpc.java:251)
	at org.apache.hadoop.hdds.scm.XceiverClientGrpc.sendCommand(XceiverClientGrpc.java:234)
	at org.apache.hadoop.hdds.scm.storage.ContainerProtocolCalls.getBlock(ContainerProtocolCalls.java:118)
	at org.apache.hadoop.hdds.scm.storage.BlockInputStream.getChunkInfos(BlockInputStream.java:167)
	at org.apache.hadoop.hdds.scm.storage.BlockInputStream.initialize(BlockInputStream.java:118)
	at org.apache.hadoop.hdds.scm.storage.BlockInputStream.read(BlockInputStream.java:222)
	at org.apache.hadoop.ozone.client.io.KeyInputStream.read(KeyInputStream.java:171)
	at org.apache.hadoop.ozone.client.io.OzoneInputStream.read(OzoneInputStream.java:47)
	at java.io.InputStream.read(InputStream.java:101)
	at org.apache.hadoop.ozone.container.ContainerTestHelper.validateData(ContainerTestHelper.java:714)
	at org.apache.hadoop.ozone.client.rpc.TestBlockOutputStreamWithFailures.validateData(TestBlockOutputStreamWithFailures.java:1216)
	at org.apache.hadoop.ozone.client.rpc.TestBlockOutputStreamWithFailures.testWatchForCommitWithSingleNodeRatis(TestBlockOutputStreamWithFailures.java:918)
	at sun.reflect.NativeMethodAccessorImpl.invoke0(Native Method)
	at sun.reflect.NativeMethodAccessorImpl.invoke(NativeMethodAccessorImpl.java:62)
	at sun.reflect.DelegatingMethodAccessorImpl.invoke(DelegatingMethodAccessorImpl.java:43)
	at java.lang.reflect.Method.invoke(Method.java:498)
	at org.junit.runners.model.FrameworkMethod$1.runReflectiveCall(FrameworkMethod.java:47)
	at org.junit.internal.runners.model.ReflectiveCallable.run(ReflectiveCallable.java:12)
	at org.junit.runners.model.FrameworkMethod.invokeExplosively(FrameworkMethod.java:44)
	at org.junit.internal.runners.statements.InvokeMethod.evaluate(InvokeMethod.java:17)
	at org.junit.internal.runners.statements.RunBefores.evaluate(RunBefores.java:26)
	at org.junit.internal.runners.statements.RunAfters.evaluate(RunAfters.java:27)
	at org.junit.runners.ParentRunner.runLeaf(ParentRunner.java:271)
	at org.junit.runners.BlockJUnit4ClassRunner.runChild(BlockJUnit4ClassRunner.java:70)
	at org.junit.runners.BlockJUnit4ClassRunner.runChild(BlockJUnit4ClassRunner.java:50)
	at org.junit.runners.ParentRunner$3.run(ParentRunner.java:238)
	at org.junit.runners.ParentRunner$1.schedule(ParentRunner.java:63)
	at org.junit.runners.ParentRunner.runChildren(ParentRunner.java:236)
	at org.junit.runners.ParentRunner.access$000(ParentRunner.java:53)
	at org.junit.runners.ParentRunner$2.evaluate(ParentRunner.java:229)
	at org.junit.runners.ParentRunner.run(ParentRunner.java:309)
	at org.apache.maven.surefire.junit4.JUnit4Provider.execute(JUnit4Provider.java:365)
	at org.apache.maven.surefire.junit4.JUnit4Provider.executeWithRerun(JUnit4Provider.java:273)
	at org.apache.maven.surefire.junit4.JUnit4Provider.executeTestSet(JUnit4Provider.java:238)
	at org.apache.maven.surefire.junit4.JUnit4Provider.invoke(JUnit4Provider.java:159)
	at org.apache.maven.surefire.booter.ForkedBooter.invokeProviderInSameClassLoader(ForkedBooter.java:384)
	at org.apache.maven.surefire.booter.ForkedBooter.runSuitesInProcess(ForkedBooter.java:345)
	at org.apache.maven.surefire.booter.ForkedBooter.execute(ForkedBooter.java:126)
	at org.apache.maven.surefire.booter.ForkedBooter.main(ForkedBooter.java:418)

Aug 28, 2019 8:09:43 PM org.apache.ratis.thirdparty.io.grpc.internal.ManagedChannelOrphanWrapper$ManagedChannelReference cleanQueue
SEVERE: *~*~*~ Channel ManagedChannelImpl{logId=2513, target=192.168.36.107:38356} was not shutdown properly!!! ~*~*~*
    Make sure to call shutdown()/shutdownNow() and wait until awaitTermination() returns true.
java.lang.RuntimeException: ManagedChannel allocation site
	at org.apache.ratis.thirdparty.io.grpc.internal.ManagedChannelOrphanWrapper$ManagedChannelReference.<init>(ManagedChannelOrphanWrapper.java:103)
	at org.apache.ratis.thirdparty.io.grpc.internal.ManagedChannelOrphanWrapper.<init>(ManagedChannelOrphanWrapper.java:53)
	at org.apache.ratis.thirdparty.io.grpc.internal.ManagedChannelOrphanWrapper.<init>(ManagedChannelOrphanWrapper.java:44)
	at org.apache.ratis.thirdparty.io.grpc.internal.AbstractManagedChannelImplBuilder.build(AbstractManagedChannelImplBuilder.java:411)
	at org.apache.ratis.grpc.client.GrpcClientProtocolClient.<init>(GrpcClientProtocolClient.java:119)
	at org.apache.ratis.grpc.client.GrpcClientRpc.lambda$new$0(GrpcClientRpc.java:55)
	at org.apache.ratis.util.PeerProxyMap$PeerAndProxy.lambda$getProxy$0(PeerProxyMap.java:61)
	at org.apache.ratis.util.LifeCycle.startAndTransition(LifeCycle.java:202)
	at org.apache.ratis.util.PeerProxyMap$PeerAndProxy.getProxy(PeerProxyMap.java:60)
	at org.apache.ratis.util.PeerProxyMap.getProxy(PeerProxyMap.java:107)
	at org.apache.ratis.grpc.client.GrpcClientRpc.sendRequestAsync(GrpcClientRpc.java:66)
	at org.apache.ratis.client.impl.OrderedAsync.sendRequest(OrderedAsync.java:208)
	at org.apache.ratis.client.impl.OrderedAsync.sendRequestWithRetry(OrderedAsync.java:169)
	at org.apache.ratis.util.SlidingWindow$Client.sendOrDelayRequest(SlidingWindow.java:278)
	at org.apache.ratis.util.SlidingWindow$Client.retry(SlidingWindow.java:294)
	at org.apache.ratis.client.impl.OrderedAsync.lambda$scheduleWithTimeout$7(OrderedAsync.java:195)
	at org.apache.ratis.util.TimeoutScheduler.lambda$onTimeout$0(TimeoutScheduler.java:85)
	at org.apache.ratis.util.TimeoutScheduler.lambda$onTimeout$1(TimeoutScheduler.java:104)
	at org.apache.ratis.util.LogUtils.runAndLog(LogUtils.java:50)
	at org.apache.ratis.util.LogUtils$1.run(LogUtils.java:91)
	at java.util.concurrent.Executors$RunnableAdapter.call(Executors.java:511)
	at java.util.concurrent.FutureTask.run(FutureTask.java:266)
	at java.util.concurrent.ScheduledThreadPoolExecutor$ScheduledFutureTask.access$201(ScheduledThreadPoolExecutor.java:180)
	at java.util.concurrent.ScheduledThreadPoolExecutor$ScheduledFutureTask.run(ScheduledThreadPoolExecutor.java:293)
	at java.util.concurrent.ThreadPoolExecutor.runWorker(ThreadPoolExecutor.java:1149)
	at java.util.concurrent.ThreadPoolExecutor$Worker.run(ThreadPoolExecutor.java:624)
	at java.lang.Thread.run(Thread.java:748)

Aug 28, 2019 8:09:43 PM org.apache.ratis.thirdparty.io.grpc.internal.ManagedChannelOrphanWrapper$ManagedChannelReference cleanQueue
SEVERE: *~*~*~ Channel ManagedChannelImpl{logId=2793, target=192.168.36.107:46173} was not shutdown properly!!! ~*~*~*
    Make sure to call shutdown()/shutdownNow() and wait until awaitTermination() returns true.
java.lang.RuntimeException: ManagedChannel allocation site
	at org.apache.ratis.thirdparty.io.grpc.internal.ManagedChannelOrphanWrapper$ManagedChannelReference.<init>(ManagedChannelOrphanWrapper.java:103)
	at org.apache.ratis.thirdparty.io.grpc.internal.ManagedChannelOrphanWrapper.<init>(ManagedChannelOrphanWrapper.java:53)
	at org.apache.ratis.thirdparty.io.grpc.internal.ManagedChannelOrphanWrapper.<init>(ManagedChannelOrphanWrapper.java:44)
	at org.apache.ratis.thirdparty.io.grpc.internal.AbstractManagedChannelImplBuilder.build(AbstractManagedChannelImplBuilder.java:411)
	at org.apache.hadoop.hdds.scm.XceiverClientGrpc.connectToDatanode(XceiverClientGrpc.java:175)
	at org.apache.hadoop.hdds.scm.XceiverClientGrpc.reconnect(XceiverClientGrpc.java:423)
	at org.apache.hadoop.hdds.scm.XceiverClientGrpc.sendCommandAsync(XceiverClientGrpc.java:372)
	at org.apache.hadoop.hdds.scm.XceiverClientGrpc.sendCommandWithRetry(XceiverClientGrpc.java:285)
	at org.apache.hadoop.hdds.scm.XceiverClientGrpc.sendCommandWithTraceIDAndRetry(XceiverClientGrpc.java:251)
	at org.apache.hadoop.hdds.scm.XceiverClientGrpc.sendCommand(XceiverClientGrpc.java:234)
	at org.apache.hadoop.hdds.scm.storage.ContainerProtocolCalls.getBlock(ContainerProtocolCalls.java:118)
	at org.apache.hadoop.hdds.scm.storage.BlockInputStream.getChunkInfos(BlockInputStream.java:167)
	at org.apache.hadoop.hdds.scm.storage.BlockInputStream.initialize(BlockInputStream.java:118)
	at org.apache.hadoop.hdds.scm.storage.BlockInputStream.read(BlockInputStream.java:222)
	at org.apache.hadoop.ozone.client.io.KeyInputStream.read(KeyInputStream.java:171)
	at org.apache.hadoop.ozone.client.io.OzoneInputStream.read(OzoneInputStream.java:47)
	at java.io.InputStream.read(InputStream.java:101)
	at org.apache.hadoop.ozone.container.ContainerTestHelper.validateData(ContainerTestHelper.java:714)
	at org.apache.hadoop.ozone.client.rpc.TestBlockOutputStreamWithFailures.validateData(TestBlockOutputStreamWithFailures.java:1216)
	at org.apache.hadoop.ozone.client.rpc.TestBlockOutputStreamWithFailures.testWatchForCommitDatanodeFailure(TestBlockOutputStreamWithFailures.java:393)
	at sun.reflect.NativeMethodAccessorImpl.invoke0(Native Method)
	at sun.reflect.NativeMethodAccessorImpl.invoke(NativeMethodAccessorImpl.java:62)
	at sun.reflect.DelegatingMethodAccessorImpl.invoke(DelegatingMethodAccessorImpl.java:43)
	at java.lang.reflect.Method.invoke(Method.java:498)
	at org.junit.runners.model.FrameworkMethod$1.runReflectiveCall(FrameworkMethod.java:47)
	at org.junit.internal.runners.model.ReflectiveCallable.run(ReflectiveCallable.java:12)
	at org.junit.runners.model.FrameworkMethod.invokeExplosively(FrameworkMethod.java:44)
	at org.junit.internal.runners.statements.InvokeMethod.evaluate(InvokeMethod.java:17)
	at org.junit.internal.runners.statements.RunBefores.evaluate(RunBefores.java:26)
	at org.junit.internal.runners.statements.RunAfters.evaluate(RunAfters.java:27)
	at org.junit.runners.ParentRunner.runLeaf(ParentRunner.java:271)
	at org.junit.runners.BlockJUnit4ClassRunner.runChild(BlockJUnit4ClassRunner.java:70)
	at org.junit.runners.BlockJUnit4ClassRunner.runChild(BlockJUnit4ClassRunner.java:50)
	at org.junit.runners.ParentRunner$3.run(ParentRunner.java:238)
	at org.junit.runners.ParentRunner$1.schedule(ParentRunner.java:63)
	at org.junit.runners.ParentRunner.runChildren(ParentRunner.java:236)
	at org.junit.runners.ParentRunner.access$000(ParentRunner.java:53)
	at org.junit.runners.ParentRunner$2.evaluate(ParentRunner.java:229)
	at org.junit.runners.ParentRunner.run(ParentRunner.java:309)
	at org.apache.maven.surefire.junit4.JUnit4Provider.execute(JUnit4Provider.java:365)
	at org.apache.maven.surefire.junit4.JUnit4Provider.executeWithRerun(JUnit4Provider.java:273)
	at org.apache.maven.surefire.junit4.JUnit4Provider.executeTestSet(JUnit4Provider.java:238)
	at org.apache.maven.surefire.junit4.JUnit4Provider.invoke(JUnit4Provider.java:159)
	at org.apache.maven.surefire.booter.ForkedBooter.invokeProviderInSameClassLoader(ForkedBooter.java:384)
	at org.apache.maven.surefire.booter.ForkedBooter.runSuitesInProcess(ForkedBooter.java:345)
	at org.apache.maven.surefire.booter.ForkedBooter.execute(ForkedBooter.java:126)
	at org.apache.maven.surefire.booter.ForkedBooter.main(ForkedBooter.java:418)

Aug 28, 2019 8:09:43 PM org.apache.ratis.thirdparty.io.grpc.internal.ManagedChannelOrphanWrapper$ManagedChannelReference cleanQueue
SEVERE: *~*~*~ Channel ManagedChannelImpl{logId=3407, target=192.168.36.107:35151} was not shutdown properly!!! ~*~*~*
    Make sure to call shutdown()/shutdownNow() and wait until awaitTermination() returns true.
java.lang.RuntimeException: ManagedChannel allocation site
	at org.apache.ratis.thirdparty.io.grpc.internal.ManagedChannelOrphanWrapper$ManagedChannelReference.<init>(ManagedChannelOrphanWrapper.java:103)
	at org.apache.ratis.thirdparty.io.grpc.internal.ManagedChannelOrphanWrapper.<init>(ManagedChannelOrphanWrapper.java:53)
	at org.apache.ratis.thirdparty.io.grpc.internal.ManagedChannelOrphanWrapper.<init>(ManagedChannelOrphanWrapper.java:44)
	at org.apache.ratis.thirdparty.io.grpc.internal.AbstractManagedChannelImplBuilder.build(AbstractManagedChannelImplBuilder.java:411)
	at org.apache.ratis.grpc.client.GrpcClientProtocolClient.<init>(GrpcClientProtocolClient.java:119)
	at org.apache.ratis.grpc.client.GrpcClientRpc.lambda$new$0(GrpcClientRpc.java:55)
	at org.apache.ratis.util.PeerProxyMap$PeerAndProxy.lambda$getProxy$0(PeerProxyMap.java:61)
	at org.apache.ratis.util.LifeCycle.startAndTransition(LifeCycle.java:202)
	at org.apache.ratis.util.PeerProxyMap$PeerAndProxy.getProxy(PeerProxyMap.java:60)
	at org.apache.ratis.util.PeerProxyMap.getProxy(PeerProxyMap.java:107)
	at org.apache.ratis.grpc.client.GrpcClientRpc.sendRequestAsync(GrpcClientRpc.java:66)
	at org.apache.ratis.client.impl.OrderedAsync.sendRequest(OrderedAsync.java:208)
	at org.apache.ratis.client.impl.OrderedAsync.sendRequestWithRetry(OrderedAsync.java:169)
	at org.apache.ratis.util.SlidingWindow$Client.sendOrDelayRequest(SlidingWindow.java:278)
	at org.apache.ratis.util.SlidingWindow$Client.retry(SlidingWindow.java:294)
	at org.apache.ratis.client.impl.OrderedAsync.lambda$scheduleWithTimeout$7(OrderedAsync.java:195)
	at org.apache.ratis.util.TimeoutScheduler.lambda$onTimeout$0(TimeoutScheduler.java:85)
	at org.apache.ratis.util.TimeoutScheduler.lambda$onTimeout$1(TimeoutScheduler.java:104)
	at org.apache.ratis.util.LogUtils.runAndLog(LogUtils.java:50)
	at org.apache.ratis.util.LogUtils$1.run(LogUtils.java:91)
	at java.util.concurrent.Executors$RunnableAdapter.call(Executors.java:511)
	at java.util.concurrent.FutureTask.run(FutureTask.java:266)
	at java.util.concurrent.ScheduledThreadPoolExecutor$ScheduledFutureTask.access$201(ScheduledThreadPoolExecutor.java:180)
	at java.util.concurrent.ScheduledThreadPoolExecutor$ScheduledFutureTask.run(ScheduledThreadPoolExecutor.java:293)
	at java.util.concurrent.ThreadPoolExecutor.runWorker(ThreadPoolExecutor.java:1149)
	at java.util.concurrent.ThreadPoolExecutor$Worker.run(ThreadPoolExecutor.java:624)
	at java.lang.Thread.run(Thread.java:748)

Aug 28, 2019 8:09:43 PM org.apache.ratis.thirdparty.io.grpc.internal.ManagedChannelOrphanWrapper$ManagedChannelReference cleanQueue
SEVERE: *~*~*~ Channel ManagedChannelImpl{logId=3104, target=192.168.36.107:36264} was not shutdown properly!!! ~*~*~*
    Make sure to call shutdown()/shutdownNow() and wait until awaitTermination() returns true.
java.lang.RuntimeException: ManagedChannel allocation site
	at org.apache.ratis.thirdparty.io.grpc.internal.ManagedChannelOrphanWrapper$ManagedChannelReference.<init>(ManagedChannelOrphanWrapper.java:103)
	at org.apache.ratis.thirdparty.io.grpc.internal.ManagedChannelOrphanWrapper.<init>(ManagedChannelOrphanWrapper.java:53)
	at org.apache.ratis.thirdparty.io.grpc.internal.ManagedChannelOrphanWrapper.<init>(ManagedChannelOrphanWrapper.java:44)
	at org.apache.ratis.thirdparty.io.grpc.internal.AbstractManagedChannelImplBuilder.build(AbstractManagedChannelImplBuilder.java:411)
	at org.apache.hadoop.hdds.scm.XceiverClientGrpc.connectToDatanode(XceiverClientGrpc.java:175)
	at org.apache.hadoop.hdds.scm.XceiverClientGrpc.reconnect(XceiverClientGrpc.java:423)
	at org.apache.hadoop.hdds.scm.XceiverClientGrpc.sendCommandAsync(XceiverClientGrpc.java:372)
	at org.apache.hadoop.hdds.scm.XceiverClientGrpc.sendCommandWithRetry(XceiverClientGrpc.java:285)
	at org.apache.hadoop.hdds.scm.XceiverClientGrpc.sendCommandWithTraceIDAndRetry(XceiverClientGrpc.java:251)
	at org.apache.hadoop.hdds.scm.XceiverClientGrpc.sendCommand(XceiverClientGrpc.java:234)
	at org.apache.hadoop.hdds.scm.storage.ContainerProtocolCalls.readChunk(ContainerProtocolCalls.java:245)
	at org.apache.hadoop.hdds.scm.storage.ChunkInputStream.readChunk(ChunkInputStream.java:335)
	at org.apache.hadoop.hdds.scm.storage.ChunkInputStream.readChunkFromContainer(ChunkInputStream.java:307)
	at org.apache.hadoop.hdds.scm.storage.ChunkInputStream.prepareRead(ChunkInputStream.java:259)
	at org.apache.hadoop.hdds.scm.storage.ChunkInputStream.read(ChunkInputStream.java:144)
	at org.apache.hadoop.hdds.scm.storage.BlockInputStream.read(BlockInputStream.java:239)
	at org.apache.hadoop.ozone.client.io.KeyInputStream.read(KeyInputStream.java:171)
	at org.apache.hadoop.ozone.client.io.OzoneInputStream.read(OzoneInputStream.java:47)
	at java.io.InputStream.read(InputStream.java:101)
	at org.apache.hadoop.ozone.container.ContainerTestHelper.validateData(ContainerTestHelper.java:714)
	at org.apache.hadoop.ozone.client.rpc.TestBlockOutputStreamWithFailures.validateData(TestBlockOutputStreamWithFailures.java:1216)
	at org.apache.hadoop.ozone.client.rpc.TestBlockOutputStreamWithFailures.testFailureWithPrimeSizedData(TestBlockOutputStreamWithFailures.java:662)
	at sun.reflect.NativeMethodAccessorImpl.invoke0(Native Method)
	at sun.reflect.NativeMethodAccessorImpl.invoke(NativeMethodAccessorImpl.java:62)
	at sun.reflect.DelegatingMethodAccessorImpl.invoke(DelegatingMethodAccessorImpl.java:43)
	at java.lang.reflect.Method.invoke(Method.java:498)
	at org.junit.runners.model.FrameworkMethod$1.runReflectiveCall(FrameworkMethod.java:47)
	at org.junit.internal.runners.model.ReflectiveCallable.run(ReflectiveCallable.java:12)
	at org.junit.runners.model.FrameworkMethod.invokeExplosively(FrameworkMethod.java:44)
	at org.junit.internal.runners.statements.InvokeMethod.evaluate(InvokeMethod.java:17)
	at org.junit.internal.runners.statements.RunBefores.evaluate(RunBefores.java:26)
	at org.junit.internal.runners.statements.RunAfters.evaluate(RunAfters.java:27)
	at org.junit.runners.ParentRunner.runLeaf(ParentRunner.java:271)
	at org.junit.runners.BlockJUnit4ClassRunner.runChild(BlockJUnit4ClassRunner.java:70)
	at org.junit.runners.BlockJUnit4ClassRunner.runChild(BlockJUnit4ClassRunner.java:50)
	at org.junit.runners.ParentRunner$3.run(ParentRunner.java:238)
	at org.junit.runners.ParentRunner$1.schedule(ParentRunner.java:63)
	at org.junit.runners.ParentRunner.runChildren(ParentRunner.java:236)
	at org.junit.runners.ParentRunner.access$000(ParentRunner.java:53)
	at org.junit.runners.ParentRunner$2.evaluate(ParentRunner.java:229)
	at org.junit.runners.ParentRunner.run(ParentRunner.java:309)
	at org.apache.maven.surefire.junit4.JUnit4Provider.execute(JUnit4Provider.java:365)
	at org.apache.maven.surefire.junit4.JUnit4Provider.executeWithRerun(JUnit4Provider.java:273)
	at org.apache.maven.surefire.junit4.JUnit4Provider.executeTestSet(JUnit4Provider.java:238)
	at org.apache.maven.surefire.junit4.JUnit4Provider.invoke(JUnit4Provider.java:159)
	at org.apache.maven.surefire.booter.ForkedBooter.invokeProviderInSameClassLoader(ForkedBooter.java:384)
	at org.apache.maven.surefire.booter.ForkedBooter.runSuitesInProcess(ForkedBooter.java:345)
	at org.apache.maven.surefire.booter.ForkedBooter.execute(ForkedBooter.java:126)
	at org.apache.maven.surefire.booter.ForkedBooter.main(ForkedBooter.java:418)

Aug 28, 2019 8:09:43 PM org.apache.ratis.thirdparty.io.grpc.internal.ManagedChannelOrphanWrapper$ManagedChannelReference cleanQueue
SEVERE: *~*~*~ Channel ManagedChannelImpl{logId=3084, target=192.168.36.107:43195} was not shutdown properly!!! ~*~*~*
    Make sure to call shutdown()/shutdownNow() and wait until awaitTermination() returns true.
java.lang.RuntimeException: ManagedChannel allocation site
	at org.apache.ratis.thirdparty.io.grpc.internal.ManagedChannelOrphanWrapper$ManagedChannelReference.<init>(ManagedChannelOrphanWrapper.java:103)
	at org.apache.ratis.thirdparty.io.grpc.internal.ManagedChannelOrphanWrapper.<init>(ManagedChannelOrphanWrapper.java:53)
	at org.apache.ratis.thirdparty.io.grpc.internal.ManagedChannelOrphanWrapper.<init>(ManagedChannelOrphanWrapper.java:44)
	at org.apache.ratis.thirdparty.io.grpc.internal.AbstractManagedChannelImplBuilder.build(AbstractManagedChannelImplBuilder.java:411)
	at org.apache.ratis.grpc.client.GrpcClientProtocolClient.<init>(GrpcClientProtocolClient.java:119)
	at org.apache.ratis.grpc.client.GrpcClientRpc.lambda$new$0(GrpcClientRpc.java:55)
	at org.apache.ratis.util.PeerProxyMap$PeerAndProxy.lambda$getProxy$0(PeerProxyMap.java:61)
	at org.apache.ratis.util.LifeCycle.startAndTransition(LifeCycle.java:202)
	at org.apache.ratis.util.PeerProxyMap$PeerAndProxy.getProxy(PeerProxyMap.java:60)
	at org.apache.ratis.util.PeerProxyMap.getProxy(PeerProxyMap.java:107)
	at org.apache.ratis.grpc.client.GrpcClientRpc.sendRequestAsync(GrpcClientRpc.java:66)
	at org.apache.ratis.client.impl.OrderedAsync.sendRequest(OrderedAsync.java:208)
	at org.apache.ratis.client.impl.OrderedAsync.sendRequestWithRetry(OrderedAsync.java:169)
	at org.apache.ratis.util.SlidingWindow$Client.sendOrDelayRequest(SlidingWindow.java:278)
	at org.apache.ratis.util.SlidingWindow$Client.retry(SlidingWindow.java:294)
	at org.apache.ratis.client.impl.OrderedAsync.lambda$scheduleWithTimeout$7(OrderedAsync.java:195)
	at org.apache.ratis.util.TimeoutScheduler.lambda$onTimeout$0(TimeoutScheduler.java:85)
	at org.apache.ratis.util.TimeoutScheduler.lambda$onTimeout$1(TimeoutScheduler.java:104)
	at org.apache.ratis.util.LogUtils.runAndLog(LogUtils.java:50)
	at org.apache.ratis.util.LogUtils$1.run(LogUtils.java:91)
	at java.util.concurrent.Executors$RunnableAdapter.call(Executors.java:511)
	at java.util.concurrent.FutureTask.run(FutureTask.java:266)
	at java.util.concurrent.ScheduledThreadPoolExecutor$ScheduledFutureTask.access$201(ScheduledThreadPoolExecutor.java:180)
	at java.util.concurrent.ScheduledThreadPoolExecutor$ScheduledFutureTask.run(ScheduledThreadPoolExecutor.java:293)
	at java.util.concurrent.ThreadPoolExecutor.runWorker(ThreadPoolExecutor.java:1149)
	at java.util.concurrent.ThreadPoolExecutor$Worker.run(ThreadPoolExecutor.java:624)
	at java.lang.Thread.run(Thread.java:748)

Aug 28, 2019 8:09:43 PM org.apache.ratis.thirdparty.io.grpc.internal.ManagedChannelOrphanWrapper$ManagedChannelReference cleanQueue
SEVERE: *~*~*~ Channel ManagedChannelImpl{logId=3422, target=192.168.36.107:44502} was not shutdown properly!!! ~*~*~*
    Make sure to call shutdown()/shutdownNow() and wait until awaitTermination() returns true.
java.lang.RuntimeException: ManagedChannel allocation site
	at org.apache.ratis.thirdparty.io.grpc.internal.ManagedChannelOrphanWrapper$ManagedChannelReference.<init>(ManagedChannelOrphanWrapper.java:103)
	at org.apache.ratis.thirdparty.io.grpc.internal.ManagedChannelOrphanWrapper.<init>(ManagedChannelOrphanWrapper.java:53)
	at org.apache.ratis.thirdparty.io.grpc.internal.ManagedChannelOrphanWrapper.<init>(ManagedChannelOrphanWrapper.java:44)
	at org.apache.ratis.thirdparty.io.grpc.internal.AbstractManagedChannelImplBuilder.build(AbstractManagedChannelImplBuilder.java:411)
	at org.apache.hadoop.hdds.scm.XceiverClientGrpc.connectToDatanode(XceiverClientGrpc.java:175)
	at org.apache.hadoop.hdds.scm.XceiverClientGrpc.reconnect(XceiverClientGrpc.java:423)
	at org.apache.hadoop.hdds.scm.XceiverClientGrpc.sendCommandAsync(XceiverClientGrpc.java:372)
	at org.apache.hadoop.hdds.scm.XceiverClientGrpc.sendCommandWithRetry(XceiverClientGrpc.java:285)
	at org.apache.hadoop.hdds.scm.XceiverClientGrpc.sendCommandWithTraceIDAndRetry(XceiverClientGrpc.java:251)
	at org.apache.hadoop.hdds.scm.XceiverClientGrpc.sendCommand(XceiverClientGrpc.java:234)
	at org.apache.hadoop.hdds.scm.storage.ContainerProtocolCalls.getBlock(ContainerProtocolCalls.java:118)
	at org.apache.hadoop.hdds.scm.storage.BlockInputStream.getChunkInfos(BlockInputStream.java:167)
	at org.apache.hadoop.hdds.scm.storage.BlockInputStream.initialize(BlockInputStream.java:118)
	at org.apache.hadoop.hdds.scm.storage.BlockInputStream.read(BlockInputStream.java:222)
	at org.apache.hadoop.ozone.client.io.KeyInputStream.read(KeyInputStream.java:171)
	at org.apache.hadoop.ozone.client.io.OzoneInputStream.read(OzoneInputStream.java:47)
	at java.io.InputStream.read(InputStream.java:101)
	at org.apache.hadoop.ozone.container.ContainerTestHelper.validateData(ContainerTestHelper.java:714)
	at org.apache.hadoop.ozone.client.rpc.TestBlockOutputStreamWithFailures.validateData(TestBlockOutputStreamWithFailures.java:1216)
	at org.apache.hadoop.ozone.client.rpc.TestBlockOutputStreamWithFailures.testWatchForCommitWithCloseContainerException(TestBlockOutputStreamWithFailures.java:260)
	at sun.reflect.NativeMethodAccessorImpl.invoke0(Native Method)
	at sun.reflect.NativeMethodAccessorImpl.invoke(NativeMethodAccessorImpl.java:62)
	at sun.reflect.DelegatingMethodAccessorImpl.invoke(DelegatingMethodAccessorImpl.java:43)
	at java.lang.reflect.Method.invoke(Method.java:498)
	at org.junit.runners.model.FrameworkMethod$1.runReflectiveCall(FrameworkMethod.java:47)
	at org.junit.internal.runners.model.ReflectiveCallable.run(ReflectiveCallable.java:12)
	at org.junit.runners.model.FrameworkMethod.invokeExplosively(FrameworkMethod.java:44)
	at org.junit.internal.runners.statements.InvokeMethod.evaluate(InvokeMethod.java:17)
	at org.junit.internal.runners.statements.RunBefores.evaluate(RunBefores.java:26)
	at org.junit.internal.runners.statements.RunAfters.evaluate(RunAfters.java:27)
	at org.junit.runners.ParentRunner.runLeaf(ParentRunner.java:271)
	at org.junit.runners.BlockJUnit4ClassRunner.runChild(BlockJUnit4ClassRunner.java:70)
	at org.junit.runners.BlockJUnit4ClassRunner.runChild(BlockJUnit4ClassRunner.java:50)
	at org.junit.runners.ParentRunner$3.run(ParentRunner.java:238)
	at org.junit.runners.ParentRunner$1.schedule(ParentRunner.java:63)
	at org.junit.runners.ParentRunner.runChildren(ParentRunner.java:236)
	at org.junit.runners.ParentRunner.access$000(ParentRunner.java:53)
	at org.junit.runners.ParentRunner$2.evaluate(ParentRunner.java:229)
	at org.junit.runners.ParentRunner.run(ParentRunner.java:309)
	at org.apache.maven.surefire.junit4.JUnit4Provider.execute(JUnit4Provider.java:365)
	at org.apache.maven.surefire.junit4.JUnit4Provider.executeWithRerun(JUnit4Provider.java:273)
	at org.apache.maven.surefire.junit4.JUnit4Provider.executeTestSet(JUnit4Provider.java:238)
	at org.apache.maven.surefire.junit4.JUnit4Provider.invoke(JUnit4Provider.java:159)
	at org.apache.maven.surefire.booter.ForkedBooter.invokeProviderInSameClassLoader(ForkedBooter.java:384)
	at org.apache.maven.surefire.booter.ForkedBooter.runSuitesInProcess(ForkedBooter.java:345)
	at org.apache.maven.surefire.booter.ForkedBooter.execute(ForkedBooter.java:126)
	at org.apache.maven.surefire.booter.ForkedBooter.main(ForkedBooter.java:418)

Aug 28, 2019 8:09:43 PM org.apache.ratis.thirdparty.io.grpc.internal.ManagedChannelOrphanWrapper$ManagedChannelReference cleanQueue
SEVERE: *~*~*~ Channel ManagedChannelImpl{logId=2788, target=192.168.36.107:45798} was not shutdown properly!!! ~*~*~*
    Make sure to call shutdown()/shutdownNow() and wait until awaitTermination() returns true.
java.lang.RuntimeException: ManagedChannel allocation site
	at org.apache.ratis.thirdparty.io.grpc.internal.ManagedChannelOrphanWrapper$ManagedChannelReference.<init>(ManagedChannelOrphanWrapper.java:103)
	at org.apache.ratis.thirdparty.io.grpc.internal.ManagedChannelOrphanWrapper.<init>(ManagedChannelOrphanWrapper.java:53)
	at org.apache.ratis.thirdparty.io.grpc.internal.ManagedChannelOrphanWrapper.<init>(ManagedChannelOrphanWrapper.java:44)
	at org.apache.ratis.thirdparty.io.grpc.internal.AbstractManagedChannelImplBuilder.build(AbstractManagedChannelImplBuilder.java:411)
	at org.apache.hadoop.hdds.scm.XceiverClientGrpc.connectToDatanode(XceiverClientGrpc.java:175)
	at org.apache.hadoop.hdds.scm.XceiverClientGrpc.reconnect(XceiverClientGrpc.java:423)
	at org.apache.hadoop.hdds.scm.XceiverClientGrpc.sendCommandAsync(XceiverClientGrpc.java:372)
	at org.apache.hadoop.hdds.scm.XceiverClientGrpc.sendCommandWithRetry(XceiverClientGrpc.java:285)
	at org.apache.hadoop.hdds.scm.XceiverClientGrpc.sendCommandWithTraceIDAndRetry(XceiverClientGrpc.java:251)
	at org.apache.hadoop.hdds.scm.XceiverClientGrpc.sendCommand(XceiverClientGrpc.java:234)
	at org.apache.hadoop.hdds.scm.storage.ContainerProtocolCalls.readChunk(ContainerProtocolCalls.java:245)
	at org.apache.hadoop.hdds.scm.storage.ChunkInputStream.readChunk(ChunkInputStream.java:335)
	at org.apache.hadoop.hdds.scm.storage.ChunkInputStream.readChunkFromContainer(ChunkInputStream.java:307)
	at org.apache.hadoop.hdds.scm.storage.ChunkInputStream.prepareRead(ChunkInputStream.java:259)
	at org.apache.hadoop.hdds.scm.storage.ChunkInputStream.read(ChunkInputStream.java:144)
	at org.apache.hadoop.hdds.scm.storage.BlockInputStream.read(BlockInputStream.java:239)
	at org.apache.hadoop.ozone.client.io.KeyInputStream.read(KeyInputStream.java:171)
	at org.apache.hadoop.ozone.client.io.OzoneInputStream.read(OzoneInputStream.java:47)
	at java.io.InputStream.read(InputStream.java:101)
	at org.apache.hadoop.ozone.container.ContainerTestHelper.validateData(ContainerTestHelper.java:714)
	at org.apache.hadoop.ozone.client.rpc.TestBlockOutputStreamWithFailures.validateData(TestBlockOutputStreamWithFailures.java:1216)
	at org.apache.hadoop.ozone.client.rpc.TestBlockOutputStreamWithFailures.testWatchForCommitDatanodeFailure(TestBlockOutputStreamWithFailures.java:393)
	at sun.reflect.NativeMethodAccessorImpl.invoke0(Native Method)
	at sun.reflect.NativeMethodAccessorImpl.invoke(NativeMethodAccessorImpl.java:62)
	at sun.reflect.DelegatingMethodAccessorImpl.invoke(DelegatingMethodAccessorImpl.java:43)
	at java.lang.reflect.Method.invoke(Method.java:498)
	at org.junit.runners.model.FrameworkMethod$1.runReflectiveCall(FrameworkMethod.java:47)
	at org.junit.internal.runners.model.ReflectiveCallable.run(ReflectiveCallable.java:12)
	at org.junit.runners.model.FrameworkMethod.invokeExplosively(FrameworkMethod.java:44)
	at org.junit.internal.runners.statements.InvokeMethod.evaluate(InvokeMethod.java:17)
	at org.junit.internal.runners.statements.RunBefores.evaluate(RunBefores.java:26)
	at org.junit.internal.runners.statements.RunAfters.evaluate(RunAfters.java:27)
	at org.junit.runners.ParentRunner.runLeaf(ParentRunner.java:271)
	at org.junit.runners.BlockJUnit4ClassRunner.runChild(BlockJUnit4ClassRunner.java:70)
	at org.junit.runners.BlockJUnit4ClassRunner.runChild(BlockJUnit4ClassRunner.java:50)
	at org.junit.runners.ParentRunner$3.run(ParentRunner.java:238)
	at org.junit.runners.ParentRunner$1.schedule(ParentRunner.java:63)
	at org.junit.runners.ParentRunner.runChildren(ParentRunner.java:236)
	at org.junit.runners.ParentRunner.access$000(ParentRunner.java:53)
	at org.junit.runners.ParentRunner$2.evaluate(ParentRunner.java:229)
	at org.junit.runners.ParentRunner.run(ParentRunner.java:309)
	at org.apache.maven.surefire.junit4.JUnit4Provider.execute(JUnit4Provider.java:365)
	at org.apache.maven.surefire.junit4.JUnit4Provider.executeWithRerun(JUnit4Provider.java:273)
	at org.apache.maven.surefire.junit4.JUnit4Provider.executeTestSet(JUnit4Provider.java:238)
	at org.apache.maven.surefire.junit4.JUnit4Provider.invoke(JUnit4Provider.java:159)
	at org.apache.maven.surefire.booter.ForkedBooter.invokeProviderInSameClassLoader(ForkedBooter.java:384)
	at org.apache.maven.surefire.booter.ForkedBooter.runSuitesInProcess(ForkedBooter.java:345)
	at org.apache.maven.surefire.booter.ForkedBooter.execute(ForkedBooter.java:126)
	at org.apache.maven.surefire.booter.ForkedBooter.main(ForkedBooter.java:418)

Aug 28, 2019 8:09:43 PM org.apache.ratis.thirdparty.io.grpc.internal.ManagedChannelOrphanWrapper$ManagedChannelReference cleanQueue
SEVERE: *~*~*~ Channel ManagedChannelImpl{logId=3427, target=192.168.36.107:42378} was not shutdown properly!!! ~*~*~*
    Make sure to call shutdown()/shutdownNow() and wait until awaitTermination() returns true.
java.lang.RuntimeException: ManagedChannel allocation site
	at org.apache.ratis.thirdparty.io.grpc.internal.ManagedChannelOrphanWrapper$ManagedChannelReference.<init>(ManagedChannelOrphanWrapper.java:103)
	at org.apache.ratis.thirdparty.io.grpc.internal.ManagedChannelOrphanWrapper.<init>(ManagedChannelOrphanWrapper.java:53)
	at org.apache.ratis.thirdparty.io.grpc.internal.ManagedChannelOrphanWrapper.<init>(ManagedChannelOrphanWrapper.java:44)
	at org.apache.ratis.thirdparty.io.grpc.internal.AbstractManagedChannelImplBuilder.build(AbstractManagedChannelImplBuilder.java:411)
	at org.apache.hadoop.hdds.scm.XceiverClientGrpc.connectToDatanode(XceiverClientGrpc.java:175)
	at org.apache.hadoop.hdds.scm.XceiverClientGrpc.reconnect(XceiverClientGrpc.java:423)
	at org.apache.hadoop.hdds.scm.XceiverClientGrpc.sendCommandAsync(XceiverClientGrpc.java:372)
	at org.apache.hadoop.hdds.scm.XceiverClientGrpc.sendCommandWithRetry(XceiverClientGrpc.java:285)
	at org.apache.hadoop.hdds.scm.XceiverClientGrpc.sendCommandWithTraceIDAndRetry(XceiverClientGrpc.java:251)
	at org.apache.hadoop.hdds.scm.XceiverClientGrpc.sendCommand(XceiverClientGrpc.java:234)
	at org.apache.hadoop.hdds.scm.storage.ContainerProtocolCalls.readChunk(ContainerProtocolCalls.java:245)
	at org.apache.hadoop.hdds.scm.storage.ChunkInputStream.readChunk(ChunkInputStream.java:335)
	at org.apache.hadoop.hdds.scm.storage.ChunkInputStream.readChunkFromContainer(ChunkInputStream.java:307)
	at org.apache.hadoop.hdds.scm.storage.ChunkInputStream.prepareRead(ChunkInputStream.java:259)
	at org.apache.hadoop.hdds.scm.storage.ChunkInputStream.read(ChunkInputStream.java:144)
	at org.apache.hadoop.hdds.scm.storage.BlockInputStream.read(BlockInputStream.java:239)
	at org.apache.hadoop.ozone.client.io.KeyInputStream.read(KeyInputStream.java:171)
	at org.apache.hadoop.ozone.client.io.OzoneInputStream.read(OzoneInputStream.java:47)
	at java.io.InputStream.read(InputStream.java:101)
	at org.apache.hadoop.ozone.container.ContainerTestHelper.validateData(ContainerTestHelper.java:714)
	at org.apache.hadoop.ozone.client.rpc.TestBlockOutputStreamWithFailures.validateData(TestBlockOutputStreamWithFailures.java:1216)
	at org.apache.hadoop.ozone.client.rpc.TestBlockOutputStreamWithFailures.testWatchForCommitWithCloseContainerException(TestBlockOutputStreamWithFailures.java:260)
	at sun.reflect.NativeMethodAccessorImpl.invoke0(Native Method)
	at sun.reflect.NativeMethodAccessorImpl.invoke(NativeMethodAccessorImpl.java:62)
	at sun.reflect.DelegatingMethodAccessorImpl.invoke(DelegatingMethodAccessorImpl.java:43)
	at java.lang.reflect.Method.invoke(Method.java:498)
	at org.junit.runners.model.FrameworkMethod$1.runReflectiveCall(FrameworkMethod.java:47)
	at org.junit.internal.runners.model.ReflectiveCallable.run(ReflectiveCallable.java:12)
	at org.junit.runners.model.FrameworkMethod.invokeExplosively(FrameworkMethod.java:44)
	at org.junit.internal.runners.statements.InvokeMethod.evaluate(InvokeMethod.java:17)
	at org.junit.internal.runners.statements.RunBefores.evaluate(RunBefores.java:26)
	at org.junit.internal.runners.statements.RunAfters.evaluate(RunAfters.java:27)
	at org.junit.runners.ParentRunner.runLeaf(ParentRunner.java:271)
	at org.junit.runners.BlockJUnit4ClassRunner.runChild(BlockJUnit4ClassRunner.java:70)
	at org.junit.runners.BlockJUnit4ClassRunner.runChild(BlockJUnit4ClassRunner.java:50)
	at org.junit.runners.ParentRunner$3.run(ParentRunner.java:238)
	at org.junit.runners.ParentRunner$1.schedule(ParentRunner.java:63)
	at org.junit.runners.ParentRunner.runChildren(ParentRunner.java:236)
	at org.junit.runners.ParentRunner.access$000(ParentRunner.java:53)
	at org.junit.runners.ParentRunner$2.evaluate(ParentRunner.java:229)
	at org.junit.runners.ParentRunner.run(ParentRunner.java:309)
	at org.apache.maven.surefire.junit4.JUnit4Provider.execute(JUnit4Provider.java:365)
	at org.apache.maven.surefire.junit4.JUnit4Provider.executeWithRerun(JUnit4Provider.java:273)
	at org.apache.maven.surefire.junit4.JUnit4Provider.executeTestSet(JUnit4Provider.java:238)
	at org.apache.maven.surefire.junit4.JUnit4Provider.invoke(JUnit4Provider.java:159)
	at org.apache.maven.surefire.booter.ForkedBooter.invokeProviderInSameClassLoader(ForkedBooter.java:384)
	at org.apache.maven.surefire.booter.ForkedBooter.runSuitesInProcess(ForkedBooter.java:345)
	at org.apache.maven.surefire.booter.ForkedBooter.execute(ForkedBooter.java:126)
	at org.apache.maven.surefire.booter.ForkedBooter.main(ForkedBooter.java:418)

Aug 28, 2019 8:09:43 PM org.apache.ratis.thirdparty.io.grpc.internal.ManagedChannelOrphanWrapper$ManagedChannelReference cleanQueue
SEVERE: *~*~*~ Channel ManagedChannelImpl{logId=3094, target=192.168.36.107:45085} was not shutdown properly!!! ~*~*~*
    Make sure to call shutdown()/shutdownNow() and wait until awaitTermination() returns true.
java.lang.RuntimeException: ManagedChannel allocation site
	at org.apache.ratis.thirdparty.io.grpc.internal.ManagedChannelOrphanWrapper$ManagedChannelReference.<init>(ManagedChannelOrphanWrapper.java:103)
	at org.apache.ratis.thirdparty.io.grpc.internal.ManagedChannelOrphanWrapper.<init>(ManagedChannelOrphanWrapper.java:53)
	at org.apache.ratis.thirdparty.io.grpc.internal.ManagedChannelOrphanWrapper.<init>(ManagedChannelOrphanWrapper.java:44)
	at org.apache.ratis.thirdparty.io.grpc.internal.AbstractManagedChannelImplBuilder.build(AbstractManagedChannelImplBuilder.java:411)
	at org.apache.ratis.grpc.client.GrpcClientProtocolClient.<init>(GrpcClientProtocolClient.java:119)
	at org.apache.ratis.grpc.client.GrpcClientRpc.lambda$new$0(GrpcClientRpc.java:55)
	at org.apache.ratis.util.PeerProxyMap$PeerAndProxy.lambda$getProxy$0(PeerProxyMap.java:61)
	at org.apache.ratis.util.LifeCycle.startAndTransition(LifeCycle.java:202)
	at org.apache.ratis.util.PeerProxyMap$PeerAndProxy.getProxy(PeerProxyMap.java:60)
	at org.apache.ratis.util.PeerProxyMap.getProxy(PeerProxyMap.java:107)
	at org.apache.ratis.grpc.client.GrpcClientRpc.sendRequestAsync(GrpcClientRpc.java:66)
	at org.apache.ratis.client.impl.OrderedAsync.sendRequest(OrderedAsync.java:208)
	at org.apache.ratis.client.impl.OrderedAsync.sendRequestWithRetry(OrderedAsync.java:169)
	at org.apache.ratis.util.SlidingWindow$Client.sendOrDelayRequest(SlidingWindow.java:278)
	at org.apache.ratis.util.SlidingWindow$Client.retry(SlidingWindow.java:294)
	at org.apache.ratis.client.impl.OrderedAsync.lambda$scheduleWithTimeout$7(OrderedAsync.java:195)
	at org.apache.ratis.util.TimeoutScheduler.lambda$onTimeout$0(TimeoutScheduler.java:85)
	at org.apache.ratis.util.TimeoutScheduler.lambda$onTimeout$1(TimeoutScheduler.java:104)
	at org.apache.ratis.util.LogUtils.runAndLog(LogUtils.java:50)
	at org.apache.ratis.util.LogUtils$1.run(LogUtils.java:91)
	at java.util.concurrent.Executors$RunnableAdapter.call(Executors.java:511)
	at java.util.concurrent.FutureTask.run(FutureTask.java:266)
	at java.util.concurrent.ScheduledThreadPoolExecutor$ScheduledFutureTask.access$201(ScheduledThreadPoolExecutor.java:180)
	at java.util.concurrent.ScheduledThreadPoolExecutor$ScheduledFutureTask.run(ScheduledThreadPoolExecutor.java:293)
	at java.util.concurrent.ThreadPoolExecutor.runWorker(ThreadPoolExecutor.java:1149)
	at java.util.concurrent.ThreadPoolExecutor$Worker.run(ThreadPoolExecutor.java:624)
	at java.lang.Thread.run(Thread.java:748)

Aug 28, 2019 8:09:43 PM org.apache.ratis.thirdparty.io.grpc.internal.ManagedChannelOrphanWrapper$ManagedChannelReference cleanQueue
SEVERE: *~*~*~ Channel ManagedChannelImpl{logId=2523, target=192.168.36.107:40323} was not shutdown properly!!! ~*~*~*
    Make sure to call shutdown()/shutdownNow() and wait until awaitTermination() returns true.
java.lang.RuntimeException: ManagedChannel allocation site
	at org.apache.ratis.thirdparty.io.grpc.internal.ManagedChannelOrphanWrapper$ManagedChannelReference.<init>(ManagedChannelOrphanWrapper.java:103)
	at org.apache.ratis.thirdparty.io.grpc.internal.ManagedChannelOrphanWrapper.<init>(ManagedChannelOrphanWrapper.java:53)
	at org.apache.ratis.thirdparty.io.grpc.internal.ManagedChannelOrphanWrapper.<init>(ManagedChannelOrphanWrapper.java:44)
	at org.apache.ratis.thirdparty.io.grpc.internal.AbstractManagedChannelImplBuilder.build(AbstractManagedChannelImplBuilder.java:411)
	at org.apache.hadoop.hdds.scm.XceiverClientGrpc.connectToDatanode(XceiverClientGrpc.java:175)
	at org.apache.hadoop.hdds.scm.XceiverClientGrpc.reconnect(XceiverClientGrpc.java:423)
	at org.apache.hadoop.hdds.scm.XceiverClientGrpc.sendCommandAsync(XceiverClientGrpc.java:372)
	at org.apache.hadoop.hdds.scm.XceiverClientGrpc.sendCommandWithRetry(XceiverClientGrpc.java:285)
	at org.apache.hadoop.hdds.scm.XceiverClientGrpc.sendCommandWithTraceIDAndRetry(XceiverClientGrpc.java:251)
	at org.apache.hadoop.hdds.scm.XceiverClientGrpc.sendCommand(XceiverClientGrpc.java:234)
	at org.apache.hadoop.hdds.scm.storage.ContainerProtocolCalls.getBlock(ContainerProtocolCalls.java:118)
	at org.apache.hadoop.hdds.scm.storage.BlockInputStream.getChunkInfos(BlockInputStream.java:167)
	at org.apache.hadoop.hdds.scm.storage.BlockInputStream.initialize(BlockInputStream.java:118)
	at org.apache.hadoop.hdds.scm.storage.BlockInputStream.read(BlockInputStream.java:222)
	at org.apache.hadoop.ozone.client.io.KeyInputStream.read(KeyInputStream.java:171)
	at org.apache.hadoop.ozone.client.io.OzoneInputStream.read(OzoneInputStream.java:47)
	at java.io.InputStream.read(InputStream.java:101)
	at org.apache.hadoop.ozone.container.ContainerTestHelper.validateData(ContainerTestHelper.java:714)
	at org.apache.hadoop.ozone.client.rpc.TestBlockOutputStreamWithFailures.validateData(TestBlockOutputStreamWithFailures.java:1216)
	at org.apache.hadoop.ozone.client.rpc.TestBlockOutputStreamWithFailures.testWatchForCommitWithSingleNodeRatis(TestBlockOutputStreamWithFailures.java:918)
	at sun.reflect.NativeMethodAccessorImpl.invoke0(Native Method)
	at sun.reflect.NativeMethodAccessorImpl.invoke(NativeMethodAccessorImpl.java:62)
	at sun.reflect.DelegatingMethodAccessorImpl.invoke(DelegatingMethodAccessorImpl.java:43)
	at java.lang.reflect.Method.invoke(Method.java:498)
	at org.junit.runners.model.FrameworkMethod$1.runReflectiveCall(FrameworkMethod.java:47)
	at org.junit.internal.runners.model.ReflectiveCallable.run(ReflectiveCallable.java:12)
	at org.junit.runners.model.FrameworkMethod.invokeExplosively(FrameworkMethod.java:44)
	at org.junit.internal.runners.statements.InvokeMethod.evaluate(InvokeMethod.java:17)
	at org.junit.internal.runners.statements.RunBefores.evaluate(RunBefores.java:26)
	at org.junit.internal.runners.statements.RunAfters.evaluate(RunAfters.java:27)
	at org.junit.runners.ParentRunner.runLeaf(ParentRunner.java:271)
	at org.junit.runners.BlockJUnit4ClassRunner.runChild(BlockJUnit4ClassRunner.java:70)
	at org.junit.runners.BlockJUnit4ClassRunner.runChild(BlockJUnit4ClassRunner.java:50)
	at org.junit.runners.ParentRunner$3.run(ParentRunner.java:238)
	at org.junit.runners.ParentRunner$1.schedule(ParentRunner.java:63)
	at org.junit.runners.ParentRunner.runChildren(ParentRunner.java:236)
	at org.junit.runners.ParentRunner.access$000(ParentRunner.java:53)
	at org.junit.runners.ParentRunner$2.evaluate(ParentRunner.java:229)
	at org.junit.runners.ParentRunner.run(ParentRunner.java:309)
	at org.apache.maven.surefire.junit4.JUnit4Provider.execute(JUnit4Provider.java:365)
	at org.apache.maven.surefire.junit4.JUnit4Provider.executeWithRerun(JUnit4Provider.java:273)
	at org.apache.maven.surefire.junit4.JUnit4Provider.executeTestSet(JUnit4Provider.java:238)
	at org.apache.maven.surefire.junit4.JUnit4Provider.invoke(JUnit4Provider.java:159)
	at org.apache.maven.surefire.booter.ForkedBooter.invokeProviderInSameClassLoader(ForkedBooter.java:384)
	at org.apache.maven.surefire.booter.ForkedBooter.runSuitesInProcess(ForkedBooter.java:345)
	at org.apache.maven.surefire.booter.ForkedBooter.execute(ForkedBooter.java:126)
	at org.apache.maven.surefire.booter.ForkedBooter.main(ForkedBooter.java:418)

Aug 28, 2019 8:09:43 PM org.apache.ratis.thirdparty.io.grpc.internal.ManagedChannelOrphanWrapper$ManagedChannelReference cleanQueue
SEVERE: *~*~*~ Channel ManagedChannelImpl{logId=3109, target=192.168.36.107:46308} was not shutdown properly!!! ~*~*~*
    Make sure to call shutdown()/shutdownNow() and wait until awaitTermination() returns true.
java.lang.RuntimeException: ManagedChannel allocation site
	at org.apache.ratis.thirdparty.io.grpc.internal.ManagedChannelOrphanWrapper$ManagedChannelReference.<init>(ManagedChannelOrphanWrapper.java:103)
	at org.apache.ratis.thirdparty.io.grpc.internal.ManagedChannelOrphanWrapper.<init>(ManagedChannelOrphanWrapper.java:53)
	at org.apache.ratis.thirdparty.io.grpc.internal.ManagedChannelOrphanWrapper.<init>(ManagedChannelOrphanWrapper.java:44)
	at org.apache.ratis.thirdparty.io.grpc.internal.AbstractManagedChannelImplBuilder.build(AbstractManagedChannelImplBuilder.java:411)
	at org.apache.hadoop.hdds.scm.XceiverClientGrpc.connectToDatanode(XceiverClientGrpc.java:175)
	at org.apache.hadoop.hdds.scm.XceiverClientGrpc.reconnect(XceiverClientGrpc.java:423)
	at org.apache.hadoop.hdds.scm.XceiverClientGrpc.sendCommandAsync(XceiverClientGrpc.java:372)
	at org.apache.hadoop.hdds.scm.XceiverClientGrpc.sendCommandWithRetry(XceiverClientGrpc.java:285)
	at org.apache.hadoop.hdds.scm.XceiverClientGrpc.sendCommandWithTraceIDAndRetry(XceiverClientGrpc.java:251)
	at org.apache.hadoop.hdds.scm.XceiverClientGrpc.sendCommand(XceiverClientGrpc.java:234)
	at org.apache.hadoop.hdds.scm.storage.ContainerProtocolCalls.getBlock(ContainerProtocolCalls.java:118)
	at org.apache.hadoop.hdds.scm.storage.BlockInputStream.getChunkInfos(BlockInputStream.java:167)
	at org.apache.hadoop.hdds.scm.storage.BlockInputStream.initialize(BlockInputStream.java:118)
	at org.apache.hadoop.hdds.scm.storage.BlockInputStream.read(BlockInputStream.java:222)
	at org.apache.hadoop.ozone.client.io.KeyInputStream.read(KeyInputStream.java:171)
	at org.apache.hadoop.ozone.client.io.OzoneInputStream.read(OzoneInputStream.java:47)
	at java.io.InputStream.read(InputStream.java:101)
	at org.apache.hadoop.ozone.container.ContainerTestHelper.validateData(ContainerTestHelper.java:714)
	at org.apache.hadoop.ozone.client.rpc.TestBlockOutputStreamWithFailures.validateData(TestBlockOutputStreamWithFailures.java:1216)
	at org.apache.hadoop.ozone.client.rpc.TestBlockOutputStreamWithFailures.testFailureWithPrimeSizedData(TestBlockOutputStreamWithFailures.java:662)
	at sun.reflect.NativeMethodAccessorImpl.invoke0(Native Method)
	at sun.reflect.NativeMethodAccessorImpl.invoke(NativeMethodAccessorImpl.java:62)
	at sun.reflect.DelegatingMethodAccessorImpl.invoke(DelegatingMethodAccessorImpl.java:43)
	at java.lang.reflect.Method.invoke(Method.java:498)
	at org.junit.runners.model.FrameworkMethod$1.runReflectiveCall(FrameworkMethod.java:47)
	at org.junit.internal.runners.model.ReflectiveCallable.run(ReflectiveCallable.java:12)
	at org.junit.runners.model.FrameworkMethod.invokeExplosively(FrameworkMethod.java:44)
	at org.junit.internal.runners.statements.InvokeMethod.evaluate(InvokeMethod.java:17)
	at org.junit.internal.runners.statements.RunBefores.evaluate(RunBefores.java:26)
	at org.junit.internal.runners.statements.RunAfters.evaluate(RunAfters.java:27)
	at org.junit.runners.ParentRunner.runLeaf(ParentRunner.java:271)
	at org.junit.runners.BlockJUnit4ClassRunner.runChild(BlockJUnit4ClassRunner.java:70)
	at org.junit.runners.BlockJUnit4ClassRunner.runChild(BlockJUnit4ClassRunner.java:50)
	at org.junit.runners.ParentRunner$3.run(ParentRunner.java:238)
	at org.junit.runners.ParentRunner$1.schedule(ParentRunner.java:63)
	at org.junit.runners.ParentRunner.runChildren(ParentRunner.java:236)
	at org.junit.runners.ParentRunner.access$000(ParentRunner.java:53)
	at org.junit.runners.ParentRunner$2.evaluate(ParentRunner.java:229)
	at org.junit.runners.ParentRunner.run(ParentRunner.java:309)
	at org.apache.maven.surefire.junit4.JUnit4Provider.execute(JUnit4Provider.java:365)
	at org.apache.maven.surefire.junit4.JUnit4Provider.executeWithRerun(JUnit4Provider.java:273)
	at org.apache.maven.surefire.junit4.JUnit4Provider.executeTestSet(JUnit4Provider.java:238)
	at org.apache.maven.surefire.junit4.JUnit4Provider.invoke(JUnit4Provider.java:159)
	at org.apache.maven.surefire.booter.ForkedBooter.invokeProviderInSameClassLoader(ForkedBooter.java:384)
	at org.apache.maven.surefire.booter.ForkedBooter.runSuitesInProcess(ForkedBooter.java:345)
	at org.apache.maven.surefire.booter.ForkedBooter.execute(ForkedBooter.java:126)
	at org.apache.maven.surefire.booter.ForkedBooter.main(ForkedBooter.java:418)

Aug 28, 2019 8:09:43 PM org.apache.ratis.thirdparty.io.grpc.internal.ManagedChannelOrphanWrapper$ManagedChannelReference cleanQueue
SEVERE: *~*~*~ Channel ManagedChannelImpl{logId=2798, target=192.168.36.107:33984} was not shutdown properly!!! ~*~*~*
    Make sure to call shutdown()/shutdownNow() and wait until awaitTermination() returns true.
java.lang.RuntimeException: ManagedChannel allocation site
	at org.apache.ratis.thirdparty.io.grpc.internal.ManagedChannelOrphanWrapper$ManagedChannelReference.<init>(ManagedChannelOrphanWrapper.java:103)
	at org.apache.ratis.thirdparty.io.grpc.internal.ManagedChannelOrphanWrapper.<init>(ManagedChannelOrphanWrapper.java:53)
	at org.apache.ratis.thirdparty.io.grpc.internal.ManagedChannelOrphanWrapper.<init>(ManagedChannelOrphanWrapper.java:44)
	at org.apache.ratis.thirdparty.io.grpc.internal.AbstractManagedChannelImplBuilder.build(AbstractManagedChannelImplBuilder.java:411)
	at org.apache.hadoop.hdds.scm.XceiverClientGrpc.connectToDatanode(XceiverClientGrpc.java:175)
	at org.apache.hadoop.hdds.scm.XceiverClientGrpc.reconnect(XceiverClientGrpc.java:423)
	at org.apache.hadoop.hdds.scm.XceiverClientGrpc.sendCommandAsync(XceiverClientGrpc.java:372)
	at org.apache.hadoop.hdds.scm.XceiverClientGrpc.sendCommandWithRetry(XceiverClientGrpc.java:285)
	at org.apache.hadoop.hdds.scm.XceiverClientGrpc.sendCommandWithTraceIDAndRetry(XceiverClientGrpc.java:251)
	at org.apache.hadoop.hdds.scm.XceiverClientGrpc.sendCommand(XceiverClientGrpc.java:234)
	at org.apache.hadoop.hdds.scm.storage.ContainerProtocolCalls.readChunk(ContainerProtocolCalls.java:245)
	at org.apache.hadoop.hdds.scm.storage.ChunkInputStream.readChunk(ChunkInputStream.java:335)
	at org.apache.hadoop.hdds.scm.storage.ChunkInputStream.readChunkFromContainer(ChunkInputStream.java:307)
	at org.apache.hadoop.hdds.scm.storage.ChunkInputStream.prepareRead(ChunkInputStream.java:259)
	at org.apache.hadoop.hdds.scm.storage.ChunkInputStream.read(ChunkInputStream.java:144)
	at org.apache.hadoop.hdds.scm.storage.BlockInputStream.read(BlockInputStream.java:239)
	at org.apache.hadoop.ozone.client.io.KeyInputStream.read(KeyInputStream.java:171)
	at org.apache.hadoop.ozone.client.io.OzoneInputStream.read(OzoneInputStream.java:47)
	at java.io.InputStream.read(InputStream.java:101)
	at org.apache.hadoop.ozone.container.ContainerTestHelper.validateData(ContainerTestHelper.java:714)
	at org.apache.hadoop.ozone.client.rpc.TestBlockOutputStreamWithFailures.validateData(TestBlockOutputStreamWithFailures.java:1216)
	at org.apache.hadoop.ozone.client.rpc.TestBlockOutputStreamWithFailures.testWatchForCommitDatanodeFailure(TestBlockOutputStreamWithFailures.java:393)
	at sun.reflect.NativeMethodAccessorImpl.invoke0(Native Method)
	at sun.reflect.NativeMethodAccessorImpl.invoke(NativeMethodAccessorImpl.java:62)
	at sun.reflect.DelegatingMethodAccessorImpl.invoke(DelegatingMethodAccessorImpl.java:43)
	at java.lang.reflect.Method.invoke(Method.java:498)
	at org.junit.runners.model.FrameworkMethod$1.runReflectiveCall(FrameworkMethod.java:47)
	at org.junit.internal.runners.model.ReflectiveCallable.run(ReflectiveCallable.java:12)
	at org.junit.runners.model.FrameworkMethod.invokeExplosively(FrameworkMethod.java:44)
	at org.junit.internal.runners.statements.InvokeMethod.evaluate(InvokeMethod.java:17)
	at org.junit.internal.runners.statements.RunBefores.evaluate(RunBefores.java:26)
	at org.junit.internal.runners.statements.RunAfters.evaluate(RunAfters.java:27)
	at org.junit.runners.ParentRunner.runLeaf(ParentRunner.java:271)
	at org.junit.runners.BlockJUnit4ClassRunner.runChild(BlockJUnit4ClassRunner.java:70)
	at org.junit.runners.BlockJUnit4ClassRunner.runChild(BlockJUnit4ClassRunner.java:50)
	at org.junit.runners.ParentRunner$3.run(ParentRunner.java:238)
	at org.junit.runners.ParentRunner$1.schedule(ParentRunner.java:63)
	at org.junit.runners.ParentRunner.runChildren(ParentRunner.java:236)
	at org.junit.runners.ParentRunner.access$000(ParentRunner.java:53)
	at org.junit.runners.ParentRunner$2.evaluate(ParentRunner.java:229)
	at org.junit.runners.ParentRunner.run(ParentRunner.java:309)
	at org.apache.maven.surefire.junit4.JUnit4Provider.execute(JUnit4Provider.java:365)
	at org.apache.maven.surefire.junit4.JUnit4Provider.executeWithRerun(JUnit4Provider.java:273)
	at org.apache.maven.surefire.junit4.JUnit4Provider.executeTestSet(JUnit4Provider.java:238)
	at org.apache.maven.surefire.junit4.JUnit4Provider.invoke(JUnit4Provider.java:159)
	at org.apache.maven.surefire.booter.ForkedBooter.invokeProviderInSameClassLoader(ForkedBooter.java:384)
	at org.apache.maven.surefire.booter.ForkedBooter.runSuitesInProcess(ForkedBooter.java:345)
	at org.apache.maven.surefire.booter.ForkedBooter.execute(ForkedBooter.java:126)
	at org.apache.maven.surefire.booter.ForkedBooter.main(ForkedBooter.java:418)

Aug 28, 2019 8:09:43 PM org.apache.ratis.thirdparty.io.grpc.internal.ManagedChannelOrphanWrapper$ManagedChannelReference cleanQueue
SEVERE: *~*~*~ Channel ManagedChannelImpl{logId=3412, target=192.168.36.107:40322} was not shutdown properly!!! ~*~*~*
    Make sure to call shutdown()/shutdownNow() and wait until awaitTermination() returns true.
java.lang.RuntimeException: ManagedChannel allocation site
	at org.apache.ratis.thirdparty.io.grpc.internal.ManagedChannelOrphanWrapper$ManagedChannelReference.<init>(ManagedChannelOrphanWrapper.java:103)
	at org.apache.ratis.thirdparty.io.grpc.internal.ManagedChannelOrphanWrapper.<init>(ManagedChannelOrphanWrapper.java:53)
	at org.apache.ratis.thirdparty.io.grpc.internal.ManagedChannelOrphanWrapper.<init>(ManagedChannelOrphanWrapper.java:44)
	at org.apache.ratis.thirdparty.io.grpc.internal.AbstractManagedChannelImplBuilder.build(AbstractManagedChannelImplBuilder.java:411)
	at org.apache.hadoop.hdds.scm.XceiverClientGrpc.connectToDatanode(XceiverClientGrpc.java:175)
	at org.apache.hadoop.hdds.scm.XceiverClientGrpc.reconnect(XceiverClientGrpc.java:423)
	at org.apache.hadoop.hdds.scm.XceiverClientGrpc.sendCommandAsync(XceiverClientGrpc.java:372)
	at org.apache.hadoop.hdds.scm.XceiverClientGrpc.sendCommandWithRetry(XceiverClientGrpc.java:285)
	at org.apache.hadoop.hdds.scm.XceiverClientGrpc.sendCommandWithTraceIDAndRetry(XceiverClientGrpc.java:251)
	at org.apache.hadoop.hdds.scm.XceiverClientGrpc.sendCommand(XceiverClientGrpc.java:234)
	at org.apache.hadoop.hdds.scm.storage.ContainerProtocolCalls.getBlock(ContainerProtocolCalls.java:118)
	at org.apache.hadoop.hdds.scm.storage.BlockInputStream.getChunkInfos(BlockInputStream.java:167)
	at org.apache.hadoop.hdds.scm.storage.BlockInputStream.initialize(BlockInputStream.java:118)
	at org.apache.hadoop.hdds.scm.storage.BlockInputStream.read(BlockInputStream.java:222)
	at org.apache.hadoop.ozone.client.io.KeyInputStream.read(KeyInputStream.java:171)
	at org.apache.hadoop.ozone.client.io.OzoneInputStream.read(OzoneInputStream.java:47)
	at java.io.InputStream.read(InputStream.java:101)
	at org.apache.hadoop.ozone.container.ContainerTestHelper.validateData(ContainerTestHelper.java:714)
	at org.apache.hadoop.ozone.client.rpc.TestBlockOutputStreamWithFailures.validateData(TestBlockOutputStreamWithFailures.java:1216)
	at org.apache.hadoop.ozone.client.rpc.TestBlockOutputStreamWithFailures.testWatchForCommitWithCloseContainerException(TestBlockOutputStreamWithFailures.java:260)
	at sun.reflect.NativeMethodAccessorImpl.invoke0(Native Method)
	at sun.reflect.NativeMethodAccessorImpl.invoke(NativeMethodAccessorImpl.java:62)
	at sun.reflect.DelegatingMethodAccessorImpl.invoke(DelegatingMethodAccessorImpl.java:43)
	at java.lang.reflect.Method.invoke(Method.java:498)
	at org.junit.runners.model.FrameworkMethod$1.runReflectiveCall(FrameworkMethod.java:47)
	at org.junit.internal.runners.model.ReflectiveCallable.run(ReflectiveCallable.java:12)
	at org.junit.runners.model.FrameworkMethod.invokeExplosively(FrameworkMethod.java:44)
	at org.junit.internal.runners.statements.InvokeMethod.evaluate(InvokeMethod.java:17)
	at org.junit.internal.runners.statements.RunBefores.evaluate(RunBefores.java:26)
	at org.junit.internal.runners.statements.RunAfters.evaluate(RunAfters.java:27)
	at org.junit.runners.ParentRunner.runLeaf(ParentRunner.java:271)
	at org.junit.runners.BlockJUnit4ClassRunner.runChild(BlockJUnit4ClassRunner.java:70)
	at org.junit.runners.BlockJUnit4ClassRunner.runChild(BlockJUnit4ClassRunner.java:50)
	at org.junit.runners.ParentRunner$3.run(ParentRunner.java:238)
	at org.junit.runners.ParentRunner$1.schedule(ParentRunner.java:63)
	at org.junit.runners.ParentRunner.runChildren(ParentRunner.java:236)
	at org.junit.runners.ParentRunner.access$000(ParentRunner.java:53)
	at org.junit.runners.ParentRunner$2.evaluate(ParentRunner.java:229)
	at org.junit.runners.ParentRunner.run(ParentRunner.java:309)
	at org.apache.maven.surefire.junit4.JUnit4Provider.execute(JUnit4Provider.java:365)
	at org.apache.maven.surefire.junit4.JUnit4Provider.executeWithRerun(JUnit4Provider.java:273)
	at org.apache.maven.surefire.junit4.JUnit4Provider.executeTestSet(JUnit4Provider.java:238)
	at org.apache.maven.surefire.junit4.JUnit4Provider.invoke(JUnit4Provider.java:159)
	at org.apache.maven.surefire.booter.ForkedBooter.invokeProviderInSameClassLoader(ForkedBooter.java:384)
	at org.apache.maven.surefire.booter.ForkedBooter.runSuitesInProcess(ForkedBooter.java:345)
	at org.apache.maven.surefire.booter.ForkedBooter.execute(ForkedBooter.java:126)
	at org.apache.maven.surefire.booter.ForkedBooter.main(ForkedBooter.java:418)

Aug 28, 2019 8:09:43 PM org.apache.ratis.thirdparty.io.grpc.internal.ManagedChannelOrphanWrapper$ManagedChannelReference cleanQueue
SEVERE: *~*~*~ Channel ManagedChannelImpl{logId=3099, target=192.168.36.107:34698} was not shutdown properly!!! ~*~*~*
    Make sure to call shutdown()/shutdownNow() and wait until awaitTermination() returns true.
java.lang.RuntimeException: ManagedChannel allocation site
	at org.apache.ratis.thirdparty.io.grpc.internal.ManagedChannelOrphanWrapper$ManagedChannelReference.<init>(ManagedChannelOrphanWrapper.java:103)
	at org.apache.ratis.thirdparty.io.grpc.internal.ManagedChannelOrphanWrapper.<init>(ManagedChannelOrphanWrapper.java:53)
	at org.apache.ratis.thirdparty.io.grpc.internal.ManagedChannelOrphanWrapper.<init>(ManagedChannelOrphanWrapper.java:44)
	at org.apache.ratis.thirdparty.io.grpc.internal.AbstractManagedChannelImplBuilder.build(AbstractManagedChannelImplBuilder.java:411)
	at org.apache.hadoop.hdds.scm.XceiverClientGrpc.connectToDatanode(XceiverClientGrpc.java:175)
	at org.apache.hadoop.hdds.scm.XceiverClientGrpc.reconnect(XceiverClientGrpc.java:423)
	at org.apache.hadoop.hdds.scm.XceiverClientGrpc.sendCommandAsync(XceiverClientGrpc.java:372)
	at org.apache.hadoop.hdds.scm.XceiverClientGrpc.sendCommandWithRetry(XceiverClientGrpc.java:285)
	at org.apache.hadoop.hdds.scm.XceiverClientGrpc.sendCommandWithTraceIDAndRetry(XceiverClientGrpc.java:251)
	at org.apache.hadoop.hdds.scm.XceiverClientGrpc.sendCommand(XceiverClientGrpc.java:234)
	at org.apache.hadoop.hdds.scm.storage.ContainerProtocolCalls.getBlock(ContainerProtocolCalls.java:118)
	at org.apache.hadoop.hdds.scm.storage.BlockInputStream.getChunkInfos(BlockInputStream.java:167)
	at org.apache.hadoop.hdds.scm.storage.BlockInputStream.initialize(BlockInputStream.java:118)
	at org.apache.hadoop.hdds.scm.storage.BlockInputStream.read(BlockInputStream.java:222)
	at org.apache.hadoop.ozone.client.io.KeyInputStream.read(KeyInputStream.java:171)
	at org.apache.hadoop.ozone.client.io.OzoneInputStream.read(OzoneInputStream.java:47)
	at java.io.InputStream.read(InputStream.java:101)
	at org.apache.hadoop.ozone.container.ContainerTestHelper.validateData(ContainerTestHelper.java:714)
	at org.apache.hadoop.ozone.client.rpc.TestBlockOutputStreamWithFailures.validateData(TestBlockOutputStreamWithFailures.java:1216)
	at org.apache.hadoop.ozone.client.rpc.TestBlockOutputStreamWithFailures.testFailureWithPrimeSizedData(TestBlockOutputStreamWithFailures.java:662)
	at sun.reflect.NativeMethodAccessorImpl.invoke0(Native Method)
	at sun.reflect.NativeMethodAccessorImpl.invoke(NativeMethodAccessorImpl.java:62)
	at sun.reflect.DelegatingMethodAccessorImpl.invoke(DelegatingMethodAccessorImpl.java:43)
	at java.lang.reflect.Method.invoke(Method.java:498)
	at org.junit.runners.model.FrameworkMethod$1.runReflectiveCall(FrameworkMethod.java:47)
	at org.junit.internal.runners.model.ReflectiveCallable.run(ReflectiveCallable.java:12)
	at org.junit.runners.model.FrameworkMethod.invokeExplosively(FrameworkMethod.java:44)
	at org.junit.internal.runners.statements.InvokeMethod.evaluate(InvokeMethod.java:17)
	at org.junit.internal.runners.statements.RunBefores.evaluate(RunBefores.java:26)
	at org.junit.internal.runners.statements.RunAfters.evaluate(RunAfters.java:27)
	at org.junit.runners.ParentRunner.runLeaf(ParentRunner.java:271)
	at org.junit.runners.BlockJUnit4ClassRunner.runChild(BlockJUnit4ClassRunner.java:70)
	at org.junit.runners.BlockJUnit4ClassRunner.runChild(BlockJUnit4ClassRunner.java:50)
	at org.junit.runners.ParentRunner$3.run(ParentRunner.java:238)
	at org.junit.runners.ParentRunner$1.schedule(ParentRunner.java:63)
	at org.junit.runners.ParentRunner.runChildren(ParentRunner.java:236)
	at org.junit.runners.ParentRunner.access$000(ParentRunner.java:53)
	at org.junit.runners.ParentRunner$2.evaluate(ParentRunner.java:229)
	at org.junit.runners.ParentRunner.run(ParentRunner.java:309)
	at org.apache.maven.surefire.junit4.JUnit4Provider.execute(JUnit4Provider.java:365)
	at org.apache.maven.surefire.junit4.JUnit4Provider.executeWithRerun(JUnit4Provider.java:273)
	at org.apache.maven.surefire.junit4.JUnit4Provider.executeTestSet(JUnit4Provider.java:238)
	at org.apache.maven.surefire.junit4.JUnit4Provider.invoke(JUnit4Provider.java:159)
	at org.apache.maven.surefire.booter.ForkedBooter.invokeProviderInSameClassLoader(ForkedBooter.java:384)
	at org.apache.maven.surefire.booter.ForkedBooter.runSuitesInProcess(ForkedBooter.java:345)
	at org.apache.maven.surefire.booter.ForkedBooter.execute(ForkedBooter.java:126)
	at org.apache.maven.surefire.booter.ForkedBooter.main(ForkedBooter.java:418)

Aug 28, 2019 8:09:43 PM org.apache.ratis.thirdparty.io.grpc.internal.ManagedChannelOrphanWrapper$ManagedChannelReference cleanQueue
SEVERE: *~*~*~ Channel ManagedChannelImpl{logId=2518, target=192.168.36.107:38039} was not shutdown properly!!! ~*~*~*
    Make sure to call shutdown()/shutdownNow() and wait until awaitTermination() returns true.
java.lang.RuntimeException: ManagedChannel allocation site
	at org.apache.ratis.thirdparty.io.grpc.internal.ManagedChannelOrphanWrapper$ManagedChannelReference.<init>(ManagedChannelOrphanWrapper.java:103)
	at org.apache.ratis.thirdparty.io.grpc.internal.ManagedChannelOrphanWrapper.<init>(ManagedChannelOrphanWrapper.java:53)
	at org.apache.ratis.thirdparty.io.grpc.internal.ManagedChannelOrphanWrapper.<init>(ManagedChannelOrphanWrapper.java:44)
	at org.apache.ratis.thirdparty.io.grpc.internal.AbstractManagedChannelImplBuilder.build(AbstractManagedChannelImplBuilder.java:411)
	at org.apache.ratis.grpc.client.GrpcClientProtocolClient.<init>(GrpcClientProtocolClient.java:119)
	at org.apache.ratis.grpc.client.GrpcClientRpc.lambda$new$0(GrpcClientRpc.java:55)
	at org.apache.ratis.util.PeerProxyMap$PeerAndProxy.lambda$getProxy$0(PeerProxyMap.java:61)
	at org.apache.ratis.util.LifeCycle.startAndTransition(LifeCycle.java:202)
	at org.apache.ratis.util.PeerProxyMap$PeerAndProxy.getProxy(PeerProxyMap.java:60)
	at org.apache.ratis.util.PeerProxyMap.getProxy(PeerProxyMap.java:107)
	at org.apache.ratis.grpc.client.GrpcClientRpc.sendRequestAsync(GrpcClientRpc.java:66)
	at org.apache.ratis.client.impl.OrderedAsync.sendRequest(OrderedAsync.java:208)
	at org.apache.ratis.client.impl.OrderedAsync.sendRequestWithRetry(OrderedAsync.java:169)
	at org.apache.ratis.util.SlidingWindow$Client.sendOrDelayRequest(SlidingWindow.java:278)
	at org.apache.ratis.util.SlidingWindow$Client.submitNewRequest(SlidingWindow.java:257)
	at org.apache.ratis.client.impl.OrderedAsync.send(OrderedAsync.java:155)
	at org.apache.ratis.client.impl.RaftClientImpl.sendAsync(RaftClientImpl.java:145)
	at org.apache.ratis.client.impl.RaftClientImpl.sendAsync(RaftClientImpl.java:125)
	at org.apache.hadoop.hdds.scm.XceiverClientRatis.sendRequestAsync(XceiverClientRatis.java:224)
	at org.apache.hadoop.hdds.scm.XceiverClientRatis.sendCommandAsync(XceiverClientRatis.java:302)
	at org.apache.hadoop.hdds.scm.storage.ContainerProtocolCalls.writeChunkAsync(ContainerProtocolCalls.java:310)
	at org.apache.hadoop.hdds.scm.storage.BlockOutputStream.writeChunkToContainer(BlockOutputStream.java:601)
	at org.apache.hadoop.hdds.scm.storage.BlockOutputStream.writeChunk(BlockOutputStream.java:459)
	at org.apache.hadoop.hdds.scm.storage.BlockOutputStream.writeOnRetry(BlockOutputStream.java:285)
	at org.apache.hadoop.ozone.client.io.BlockOutputStreamEntry.writeOnRetry(BlockOutputStreamEntry.java:200)
	at org.apache.hadoop.ozone.client.io.KeyOutputStream.handleWrite(KeyOutputStream.java:209)
	at org.apache.hadoop.ozone.client.io.KeyOutputStream.handleRetry(KeyOutputStream.java:376)
	at org.apache.hadoop.ozone.client.io.KeyOutputStream.handleException(KeyOutputStream.java:325)
	at org.apache.hadoop.ozone.client.io.KeyOutputStream.handleFlushOrClose(KeyOutputStream.java:448)
	at org.apache.hadoop.ozone.client.io.KeyOutputStream.handleWrite(KeyOutputStream.java:235)
	at org.apache.hadoop.ozone.client.io.KeyOutputStream.write(KeyOutputStream.java:193)
	at org.apache.hadoop.ozone.client.io.OzoneOutputStream.write(OzoneOutputStream.java:49)
	at java.io.OutputStream.write(OutputStream.java:75)
	at org.apache.hadoop.ozone.client.rpc.TestBlockOutputStreamWithFailures.testWatchForCommitWithSingleNodeRatis(TestBlockOutputStreamWithFailures.java:885)
	at sun.reflect.NativeMethodAccessorImpl.invoke0(Native Method)
	at sun.reflect.NativeMethodAccessorImpl.invoke(NativeMethodAccessorImpl.java:62)
	at sun.reflect.DelegatingMethodAccessorImpl.invoke(DelegatingMethodAccessorImpl.java:43)
	at java.lang.reflect.Method.invoke(Method.java:498)
	at org.junit.runners.model.FrameworkMethod$1.runReflectiveCall(FrameworkMethod.java:47)
	at org.junit.internal.runners.model.ReflectiveCallable.run(ReflectiveCallable.java:12)
	at org.junit.runners.model.FrameworkMethod.invokeExplosively(FrameworkMethod.java:44)
	at org.junit.internal.runners.statements.InvokeMethod.evaluate(InvokeMethod.java:17)
	at org.junit.internal.runners.statements.RunBefores.evaluate(RunBefores.java:26)
	at org.junit.internal.runners.statements.RunAfters.evaluate(RunAfters.java:27)
	at org.junit.runners.ParentRunner.runLeaf(ParentRunner.java:271)
	at org.junit.runners.BlockJUnit4ClassRunner.runChild(BlockJUnit4ClassRunner.java:70)
	at org.junit.runners.BlockJUnit4ClassRunner.runChild(BlockJUnit4ClassRunner.java:50)
	at org.junit.runners.ParentRunner$3.run(ParentRunner.java:238)
	at org.junit.runners.ParentRunner$1.schedule(ParentRunner.java:63)
	at org.junit.runners.ParentRunner.runChildren(ParentRunner.java:236)
	at org.junit.runners.ParentRunner.access$000(ParentRunner.java:53)
	at org.junit.runners.ParentRunner$2.evaluate(ParentRunner.java:229)
	at org.junit.runners.ParentRunner.run(ParentRunner.java:309)
	at org.apache.maven.surefire.junit4.JUnit4Provider.execute(JUnit4Provider.java:365)
	at org.apache.maven.surefire.junit4.JUnit4Provider.executeWithRerun(JUnit4Provider.java:273)
	at org.apache.maven.surefire.junit4.JUnit4Provider.executeTestSet(JUnit4Provider.java:238)
	at org.apache.maven.surefire.junit4.JUnit4Provider.invoke(JUnit4Provider.java:159)
	at org.apache.maven.surefire.booter.ForkedBooter.invokeProviderInSameClassLoader(ForkedBooter.java:384)
	at org.apache.maven.surefire.booter.ForkedBooter.runSuitesInProcess(ForkedBooter.java:345)
	at org.apache.maven.surefire.booter.ForkedBooter.execute(ForkedBooter.java:126)
	at org.apache.maven.surefire.booter.ForkedBooter.main(ForkedBooter.java:418)

Aug 28, 2019 8:09:43 PM org.apache.ratis.thirdparty.io.grpc.internal.ManagedChannelOrphanWrapper$ManagedChannelReference cleanQueue
SEVERE: *~*~*~ Channel ManagedChannelImpl{logId=2815, target=192.168.36.107:36445} was not shutdown properly!!! ~*~*~*
    Make sure to call shutdown()/shutdownNow() and wait until awaitTermination() returns true.
java.lang.RuntimeException: ManagedChannel allocation site
	at org.apache.ratis.thirdparty.io.grpc.internal.ManagedChannelOrphanWrapper$ManagedChannelReference.<init>(ManagedChannelOrphanWrapper.java:103)
	at org.apache.ratis.thirdparty.io.grpc.internal.ManagedChannelOrphanWrapper.<init>(ManagedChannelOrphanWrapper.java:53)
	at org.apache.ratis.thirdparty.io.grpc.internal.ManagedChannelOrphanWrapper.<init>(ManagedChannelOrphanWrapper.java:44)
	at org.apache.ratis.thirdparty.io.grpc.internal.AbstractManagedChannelImplBuilder.build(AbstractManagedChannelImplBuilder.java:411)
	at org.apache.ratis.grpc.client.GrpcClientProtocolClient.<init>(GrpcClientProtocolClient.java:119)
	at org.apache.ratis.grpc.client.GrpcClientRpc.lambda$new$0(GrpcClientRpc.java:55)
	at org.apache.ratis.util.PeerProxyMap$PeerAndProxy.lambda$getProxy$0(PeerProxyMap.java:61)
	at org.apache.ratis.util.LifeCycle.startAndTransition(LifeCycle.java:202)
	at org.apache.ratis.util.PeerProxyMap$PeerAndProxy.getProxy(PeerProxyMap.java:60)
	at org.apache.ratis.util.PeerProxyMap.getProxy(PeerProxyMap.java:107)
	at org.apache.ratis.grpc.client.GrpcClientRpc.sendRequestAsyncUnordered(GrpcClientRpc.java:78)
	at org.apache.ratis.client.impl.UnorderedAsync.sendRequestWithRetry(UnorderedAsync.java:75)
	at org.apache.ratis.client.impl.UnorderedAsync.lambda$null$2(UnorderedAsync.java:120)
	at org.apache.ratis.util.TimeoutScheduler.lambda$onTimeout$0(TimeoutScheduler.java:85)
	at org.apache.ratis.util.TimeoutScheduler.lambda$onTimeout$1(TimeoutScheduler.java:104)
	at org.apache.ratis.util.LogUtils.runAndLog(LogUtils.java:50)
	at org.apache.ratis.util.LogUtils$1.run(LogUtils.java:91)
	at java.util.concurrent.Executors$RunnableAdapter.call(Executors.java:511)
	at java.util.concurrent.FutureTask.run(FutureTask.java:266)
	at java.util.concurrent.ScheduledThreadPoolExecutor$ScheduledFutureTask.access$201(ScheduledThreadPoolExecutor.java:180)
	at java.util.concurrent.ScheduledThreadPoolExecutor$ScheduledFutureTask.run(ScheduledThreadPoolExecutor.java:293)
	at java.util.concurrent.ThreadPoolExecutor.runWorker(ThreadPoolExecutor.java:1149)
	at java.util.concurrent.ThreadPoolExecutor$Worker.run(ThreadPoolExecutor.java:624)
	at java.lang.Thread.run(Thread.java:748)

Aug 28, 2019 8:09:43 PM org.apache.ratis.thirdparty.io.grpc.internal.ManagedChannelOrphanWrapper$ManagedChannelReference cleanQueue
SEVERE: *~*~*~ Channel ManagedChannelImpl{logId=3417, target=192.168.36.107:32912} was not shutdown properly!!! ~*~*~*
    Make sure to call shutdown()/shutdownNow() and wait until awaitTermination() returns true.
java.lang.RuntimeException: ManagedChannel allocation site
	at org.apache.ratis.thirdparty.io.grpc.internal.ManagedChannelOrphanWrapper$ManagedChannelReference.<init>(ManagedChannelOrphanWrapper.java:103)
	at org.apache.ratis.thirdparty.io.grpc.internal.ManagedChannelOrphanWrapper.<init>(ManagedChannelOrphanWrapper.java:53)
	at org.apache.ratis.thirdparty.io.grpc.internal.ManagedChannelOrphanWrapper.<init>(ManagedChannelOrphanWrapper.java:44)
	at org.apache.ratis.thirdparty.io.grpc.internal.AbstractManagedChannelImplBuilder.build(AbstractManagedChannelImplBuilder.java:411)
	at org.apache.hadoop.hdds.scm.XceiverClientGrpc.connectToDatanode(XceiverClientGrpc.java:175)
	at org.apache.hadoop.hdds.scm.XceiverClientGrpc.reconnect(XceiverClientGrpc.java:423)
	at org.apache.hadoop.hdds.scm.XceiverClientGrpc.sendCommandAsync(XceiverClientGrpc.java:372)
	at org.apache.hadoop.hdds.scm.XceiverClientGrpc.sendCommandWithRetry(XceiverClientGrpc.java:285)
	at org.apache.hadoop.hdds.scm.XceiverClientGrpc.sendCommandWithTraceIDAndRetry(XceiverClientGrpc.java:251)
	at org.apache.hadoop.hdds.scm.XceiverClientGrpc.sendCommand(XceiverClientGrpc.java:234)
	at org.apache.hadoop.hdds.scm.storage.ContainerProtocolCalls.readChunk(ContainerProtocolCalls.java:245)
	at org.apache.hadoop.hdds.scm.storage.ChunkInputStream.readChunk(ChunkInputStream.java:335)
	at org.apache.hadoop.hdds.scm.storage.ChunkInputStream.readChunkFromContainer(ChunkInputStream.java:307)
	at org.apache.hadoop.hdds.scm.storage.ChunkInputStream.prepareRead(ChunkInputStream.java:259)
	at org.apache.hadoop.hdds.scm.storage.ChunkInputStream.read(ChunkInputStream.java:144)
	at org.apache.hadoop.hdds.scm.storage.BlockInputStream.read(BlockInputStream.java:239)
	at org.apache.hadoop.ozone.client.io.KeyInputStream.read(KeyInputStream.java:171)
	at org.apache.hadoop.ozone.client.io.OzoneInputStream.read(OzoneInputStream.java:47)
	at java.io.InputStream.read(InputStream.java:101)
	at org.apache.hadoop.ozone.container.ContainerTestHelper.validateData(ContainerTestHelper.java:714)
	at org.apache.hadoop.ozone.client.rpc.TestBlockOutputStreamWithFailures.validateData(TestBlockOutputStreamWithFailures.java:1216)
	at org.apache.hadoop.ozone.client.rpc.TestBlockOutputStreamWithFailures.testWatchForCommitWithCloseContainerException(TestBlockOutputStreamWithFailures.java:260)
	at sun.reflect.NativeMethodAccessorImpl.invoke0(Native Method)
	at sun.reflect.NativeMethodAccessorImpl.invoke(NativeMethodAccessorImpl.java:62)
	at sun.reflect.DelegatingMethodAccessorImpl.invoke(DelegatingMethodAccessorImpl.java:43)
	at java.lang.reflect.Method.invoke(Method.java:498)
	at org.junit.runners.model.FrameworkMethod$1.runReflectiveCall(FrameworkMethod.java:47)
	at org.junit.internal.runners.model.ReflectiveCallable.run(ReflectiveCallable.java:12)
	at org.junit.runners.model.FrameworkMethod.invokeExplosively(FrameworkMethod.java:44)
	at org.junit.internal.runners.statements.InvokeMethod.evaluate(InvokeMethod.java:17)
	at org.junit.internal.runners.statements.RunBefores.evaluate(RunBefores.java:26)
	at org.junit.internal.runners.statements.RunAfters.evaluate(RunAfters.java:27)
	at org.junit.runners.ParentRunner.runLeaf(ParentRunner.java:271)
	at org.junit.runners.BlockJUnit4ClassRunner.runChild(BlockJUnit4ClassRunner.java:70)
	at org.junit.runners.BlockJUnit4ClassRunner.runChild(BlockJUnit4ClassRunner.java:50)
	at org.junit.runners.ParentRunner$3.run(ParentRunner.java:238)
	at org.junit.runners.ParentRunner$1.schedule(ParentRunner.java:63)
	at org.junit.runners.ParentRunner.runChildren(ParentRunner.java:236)
	at org.junit.runners.ParentRunner.access$000(ParentRunner.java:53)
	at org.junit.runners.ParentRunner$2.evaluate(ParentRunner.java:229)
	at org.junit.runners.ParentRunner.run(ParentRunner.java:309)
	at org.apache.maven.surefire.junit4.JUnit4Provider.execute(JUnit4Provider.java:365)
	at org.apache.maven.surefire.junit4.JUnit4Provider.executeWithRerun(JUnit4Provider.java:273)
	at org.apache.maven.surefire.junit4.JUnit4Provider.executeTestSet(JUnit4Provider.java:238)
	at org.apache.maven.surefire.junit4.JUnit4Provider.invoke(JUnit4Provider.java:159)
	at org.apache.maven.surefire.booter.ForkedBooter.invokeProviderInSameClassLoader(ForkedBooter.java:384)
	at org.apache.maven.surefire.booter.ForkedBooter.runSuitesInProcess(ForkedBooter.java:345)
	at org.apache.maven.surefire.booter.ForkedBooter.execute(ForkedBooter.java:126)
	at org.apache.maven.surefire.booter.ForkedBooter.main(ForkedBooter.java:418)

Aug 28, 2019 8:09:43 PM org.apache.ratis.thirdparty.io.grpc.internal.ManagedChannelOrphanWrapper$ManagedChannelReference cleanQueue
SEVERE: *~*~*~ Channel ManagedChannelImpl{logId=2779, target=192.168.36.107:39282} was not shutdown properly!!! ~*~*~*
    Make sure to call shutdown()/shutdownNow() and wait until awaitTermination() returns true.
java.lang.RuntimeException: ManagedChannel allocation site
	at org.apache.ratis.thirdparty.io.grpc.internal.ManagedChannelOrphanWrapper$ManagedChannelReference.<init>(ManagedChannelOrphanWrapper.java:103)
	at org.apache.ratis.thirdparty.io.grpc.internal.ManagedChannelOrphanWrapper.<init>(ManagedChannelOrphanWrapper.java:53)
	at org.apache.ratis.thirdparty.io.grpc.internal.ManagedChannelOrphanWrapper.<init>(ManagedChannelOrphanWrapper.java:44)
	at org.apache.ratis.thirdparty.io.grpc.internal.AbstractManagedChannelImplBuilder.build(AbstractManagedChannelImplBuilder.java:411)
	at org.apache.hadoop.hdds.scm.XceiverClientGrpc.connectToDatanode(XceiverClientGrpc.java:175)
	at org.apache.hadoop.hdds.scm.XceiverClientGrpc.reconnect(XceiverClientGrpc.java:423)
	at org.apache.hadoop.hdds.scm.XceiverClientGrpc.sendCommandAsync(XceiverClientGrpc.java:372)
	at org.apache.hadoop.hdds.scm.XceiverClientGrpc.sendCommandWithRetry(XceiverClientGrpc.java:285)
	at org.apache.hadoop.hdds.scm.XceiverClientGrpc.sendCommandWithTraceIDAndRetry(XceiverClientGrpc.java:251)
	at org.apache.hadoop.hdds.scm.XceiverClientGrpc.sendCommand(XceiverClientGrpc.java:234)
	at org.apache.hadoop.hdds.scm.storage.ContainerProtocolCalls.getBlock(ContainerProtocolCalls.java:118)
	at org.apache.hadoop.hdds.scm.storage.BlockInputStream.getChunkInfos(BlockInputStream.java:167)
	at org.apache.hadoop.hdds.scm.storage.BlockInputStream.initialize(BlockInputStream.java:118)
	at org.apache.hadoop.hdds.scm.storage.BlockInputStream.read(BlockInputStream.java:222)
	at org.apache.hadoop.ozone.client.io.KeyInputStream.read(KeyInputStream.java:171)
	at org.apache.hadoop.ozone.client.io.OzoneInputStream.read(OzoneInputStream.java:47)
	at java.io.InputStream.read(InputStream.java:101)
	at org.apache.hadoop.ozone.container.ContainerTestHelper.validateData(ContainerTestHelper.java:714)
	at org.apache.hadoop.ozone.client.rpc.TestBlockOutputStreamWithFailures.validateData(TestBlockOutputStreamWithFailures.java:1216)
	at org.apache.hadoop.ozone.client.rpc.TestBlockOutputStreamWithFailures.testWatchForCommitDatanodeFailure(TestBlockOutputStreamWithFailures.java:393)
	at sun.reflect.NativeMethodAccessorImpl.invoke0(Native Method)
	at sun.reflect.NativeMethodAccessorImpl.invoke(NativeMethodAccessorImpl.java:62)
	at sun.reflect.DelegatingMethodAccessorImpl.invoke(DelegatingMethodAccessorImpl.java:43)
	at java.lang.reflect.Method.invoke(Method.java:498)
	at org.junit.runners.model.FrameworkMethod$1.runReflectiveCall(FrameworkMethod.java:47)
	at org.junit.internal.runners.model.ReflectiveCallable.run(ReflectiveCallable.java:12)
	at org.junit.runners.model.FrameworkMethod.invokeExplosively(FrameworkMethod.java:44)
	at org.junit.internal.runners.statements.InvokeMethod.evaluate(InvokeMethod.java:17)
	at org.junit.internal.runners.statements.RunBefores.evaluate(RunBefores.java:26)
	at org.junit.internal.runners.statements.RunAfters.evaluate(RunAfters.java:27)
	at org.junit.runners.ParentRunner.runLeaf(ParentRunner.java:271)
	at org.junit.runners.BlockJUnit4ClassRunner.runChild(BlockJUnit4ClassRunner.java:70)
	at org.junit.runners.BlockJUnit4ClassRunner.runChild(BlockJUnit4ClassRunner.java:50)
	at org.junit.runners.ParentRunner$3.run(ParentRunner.java:238)
	at org.junit.runners.ParentRunner$1.schedule(ParentRunner.java:63)
	at org.junit.runners.ParentRunner.runChildren(ParentRunner.java:236)
	at org.junit.runners.ParentRunner.access$000(ParentRunner.java:53)
	at org.junit.runners.ParentRunner$2.evaluate(ParentRunner.java:229)
	at org.junit.runners.ParentRunner.run(ParentRunner.java:309)
	at org.apache.maven.surefire.junit4.JUnit4Provider.execute(JUnit4Provider.java:365)
	at org.apache.maven.surefire.junit4.JUnit4Provider.executeWithRerun(JUnit4Provider.java:273)
	at org.apache.maven.surefire.junit4.JUnit4Provider.executeTestSet(JUnit4Provider.java:238)
	at org.apache.maven.surefire.junit4.JUnit4Provider.invoke(JUnit4Provider.java:159)
	at org.apache.maven.surefire.booter.ForkedBooter.invokeProviderInSameClassLoader(ForkedBooter.java:384)
	at org.apache.maven.surefire.booter.ForkedBooter.runSuitesInProcess(ForkedBooter.java:345)
	at org.apache.maven.surefire.booter.ForkedBooter.execute(ForkedBooter.java:126)
	at org.apache.maven.surefire.booter.ForkedBooter.main(ForkedBooter.java:418)

]]></system-err>
  </testcase>
</testsuite>