<?xml version="1.0" encoding="UTF-8"?>
<testsuite xmlns:xsi="http://www.w3.org/2001/XMLSchema-instance" xsi:noNamespaceSchemaLocation="https://maven.apache.org/surefire/maven-surefire-plugin/xsd/surefire-test-report.xsd" name="org.apache.hadoop.ozone.client.rpc.Test2WayCommitInRatis" time="34.955" tests="1" errors="1" skipped="0" failures="0">
  <properties>
    <property name="awt.toolkit" value="sun.awt.X11.XToolkit"/>
    <property name="file.encoding.pkg" value="sun.io"/>
    <property name="java.specification.version" value="1.8"/>
    <property name="sun.cpu.isalist" value=""/>
    <property name="sun.jnu.encoding" value="UTF-8"/>
    <property name="java.class.path" value="/workdir/hadoop-ozone/integration-test/target/test-classes:/workdir/hadoop-ozone/integration-test/target/classes:/home/user/.m2/repository/org/apache/hadoop/hadoop-ozone-common/0.5.0-SNAPSHOT/hadoop-ozone-common-0.5.0-SNAPSHOT.jar:/home/user/.m2/repository/org/apache/commons/commons-compress/1.4.1/commons-compress-1.4.1.jar:/home/user/.m2/repository/org/tukaani/xz/1.0/xz-1.0.jar:/home/user/.m2/repository/org/apache/hadoop/hadoop-common/3.2.0/hadoop-common-3.2.0.jar:/home/user/.m2/repository/org/apache/hadoop/hadoop-hdfs/3.2.0/hadoop-hdfs-3.2.0.jar:/home/user/.m2/repository/org/apache/hadoop/hadoop-hdfs-client/3.2.0/hadoop-hdfs-client-3.2.0.jar:/home/user/.m2/repository/com/fasterxml/jackson/core/jackson-annotations/2.9.5/jackson-annotations-2.9.5.jar:/home/user/.m2/repository/org/apache/hadoop/hadoop-hdds-common/0.5.0-SNAPSHOT/hadoop-hdds-common-0.5.0-SNAPSHOT.jar:/home/user/.m2/repository/javax/annotation/javax.annotation-api/1.2/javax.annotation-api-1.2.jar:/home/user/.m2/repository/org/apache/ratis/ratis-server/0.4.0-2337318-SNAPSHOT/ratis-server-0.4.0-2337318-SNAPSHOT.jar:/home/user/.m2/repository/org/apache/ratis/ratis-thirdparty-misc/0.2.0/ratis-thirdparty-misc-0.2.0.jar:/home/user/.m2/repository/org/apache/ratis/ratis-proto/0.4.0-2337318-SNAPSHOT/ratis-proto-0.4.0-2337318-SNAPSHOT.jar:/home/user/.m2/repository/org/apache/ratis/ratis-common/0.4.0-2337318-SNAPSHOT/ratis-common-0.4.0-2337318-SNAPSHOT.jar:/home/user/.m2/repository/org/apache/ratis/ratis-client/0.4.0-2337318-SNAPSHOT/ratis-client-0.4.0-2337318-SNAPSHOT.jar:/home/user/.m2/repository/org/apache/ratis/ratis-metrics/0.4.0-2337318-SNAPSHOT/ratis-metrics-0.4.0-2337318-SNAPSHOT.jar:/home/user/.m2/repository/org/apache/ratis/ratis-netty/0.4.0-2337318-SNAPSHOT/ratis-netty-0.4.0-2337318-SNAPSHOT.jar:/home/user/.m2/repository/org/apache/ratis/ratis-grpc/0.4.0-2337318-SNAPSHOT/ratis-grpc-0.4.0-2337318-SNAPSHOT.jar:/home/user/.m2/repository/org/rocksdb/rocksdbjni/6.0.1/rocksdbjni-6.0.1.jar:/home/user/.m2/repository/org/apache/logging/log4j/log4j-api/2.11.0/log4j-api-2.11.0.jar:/home/user/.m2/repository/org/apache/logging/log4j/log4j-core/2.11.0/log4j-core-2.11.0.jar:/home/user/.m2/repository/com/lmax/disruptor/3.4.2/disruptor-3.4.2.jar:/home/user/.m2/repository/org/apache/commons/commons-pool2/2.6.0/commons-pool2-2.6.0.jar:/home/user/.m2/repository/org/bouncycastle/bcpkix-jdk15on/1.60/bcpkix-jdk15on-1.60.jar:/home/user/.m2/repository/commons-validator/commons-validator/1.6/commons-validator-1.6.jar:/home/user/.m2/repository/commons-digester/commons-digester/1.8.1/commons-digester-1.8.1.jar:/home/user/.m2/repository/io/jaegertracing/jaeger-client/0.33.1/jaeger-client-0.33.1.jar:/home/user/.m2/repository/io/jaegertracing/jaeger-thrift/0.33.1/jaeger-thrift-0.33.1.jar:/home/user/.m2/repository/org/apache/thrift/libthrift/0.11.0/libthrift-0.11.0.jar:/home/user/.m2/repository/com/squareup/okhttp3/okhttp/3.9.0/okhttp-3.9.0.jar:/home/user/.m2/repository/com/squareup/okio/okio/1.13.0/okio-1.13.0.jar:/home/user/.m2/repository/io/jaegertracing/jaeger-core/0.33.1/jaeger-core-0.33.1.jar:/home/user/.m2/repository/io/jaegertracing/jaeger-tracerresolver/0.33.1/jaeger-tracerresolver-0.33.1.jar:/home/user/.m2/repository/io/opentracing/contrib/opentracing-tracerresolver/0.1.5/opentracing-tracerresolver-0.1.5.jar:/home/user/.m2/repository/io/opentracing/opentracing-util/0.31.0/opentracing-util-0.31.0.jar:/home/user/.m2/repository/io/opentracing/opentracing-api/0.31.0/opentracing-api-0.31.0.jar:/home/user/.m2/repository/io/opentracing/opentracing-noop/0.31.0/opentracing-noop-0.31.0.jar:/home/user/.m2/repository/org/apache/hadoop/hadoop-hdds-server-framework/0.5.0-SNAPSHOT/hadoop-hdds-server-framework-0.5.0-SNAPSHOT.jar:/home/user/.m2/repository/org/apache/hadoop/hadoop-hdds-container-service/0.5.0-SNAPSHOT/hadoop-hdds-container-service-0.5.0-SNAPSHOT.jar:/home/user/.m2/repository/org/apache/hadoop/hadoop-hdds-client/0.5.0-SNAPSHOT/hadoop-hdds-client-0.5.0-SNAPSHOT.jar:/home/user/.m2/repository/org/apache/hadoop/hadoop-hdds-tools/0.5.0-SNAPSHOT/hadoop-hdds-tools-0.5.0-SNAPSHOT.jar:/home/user/.m2/repository/org/apache/hadoop/hadoop-hdds-server-scm/0.5.0-SNAPSHOT/hadoop-hdds-server-scm-0.5.0-SNAPSHOT.jar:/home/user/.m2/repository/org/apache/hadoop/hadoop-hdds-docs/0.5.0-SNAPSHOT/hadoop-hdds-docs-0.5.0-SNAPSHOT.jar:/home/user/.m2/repository/com/sun/xml/bind/jaxb-impl/2.3.0.1/jaxb-impl-2.3.0.1.jar:/home/user/.m2/repository/com/sun/xml/bind/jaxb-core/2.3.0.1/jaxb-core-2.3.0.1.jar:/home/user/.m2/repository/javax/xml/bind/jaxb-api/2.3.0/jaxb-api-2.3.0.jar:/home/user/.m2/repository/javax/activation/activation/1.1.1/activation-1.1.1.jar:/home/user/.m2/repository/io/dropwizard/metrics/metrics-core/3.2.4/metrics-core-3.2.4.jar:/home/user/.m2/repository/org/hamcrest/hamcrest-all/1.3/hamcrest-all-1.3.jar:/home/user/.m2/repository/org/bouncycastle/bcprov-jdk15on/1.60/bcprov-jdk15on-1.60.jar:/home/user/.m2/repository/info/picocli/picocli/3.9.6/picocli-3.9.6.jar:/home/user/.m2/repository/com/google/protobuf/protobuf-java/2.5.0/protobuf-java-2.5.0.jar:/home/user/.m2/repository/com/google/guava/guava/11.0.2/guava-11.0.2.jar:/home/user/.m2/repository/org/apache/hadoop/hadoop-ozone-ozone-manager/0.5.0-SNAPSHOT/hadoop-ozone-ozone-manager-0.5.0-SNAPSHOT.jar:/home/user/.m2/repository/org/apache/hadoop/hadoop-minikdc/3.2.0/hadoop-minikdc-3.2.0.jar:/home/user/.m2/repository/commons-io/commons-io/2.5/commons-io-2.5.jar:/home/user/.m2/repository/org/apache/kerby/kerb-simplekdc/1.0.1/kerb-simplekdc-1.0.1.jar:/home/user/.m2/repository/org/apache/kerby/kerb-client/1.0.1/kerb-client-1.0.1.jar:/home/user/.m2/repository/org/apache/kerby/kerby-config/1.0.1/kerby-config-1.0.1.jar:/home/user/.m2/repository/org/apache/kerby/kerb-core/1.0.1/kerb-core-1.0.1.jar:/home/user/.m2/repository/org/apache/kerby/kerby-pkix/1.0.1/kerby-pkix-1.0.1.jar:/home/user/.m2/repository/org/apache/kerby/kerby-asn1/1.0.1/kerby-asn1-1.0.1.jar:/home/user/.m2/repository/org/apache/kerby/kerby-util/1.0.1/kerby-util-1.0.1.jar:/home/user/.m2/repository/org/apache/kerby/kerb-common/1.0.1/kerb-common-1.0.1.jar:/home/user/.m2/repository/org/apache/kerby/kerb-crypto/1.0.1/kerb-crypto-1.0.1.jar:/home/user/.m2/repository/org/apache/kerby/kerb-util/1.0.1/kerb-util-1.0.1.jar:/home/user/.m2/repository/org/apache/kerby/token-provider/1.0.1/token-provider-1.0.1.jar:/home/user/.m2/repository/org/apache/kerby/kerb-admin/1.0.1/kerb-admin-1.0.1.jar:/home/user/.m2/repository/org/apache/kerby/kerb-server/1.0.1/kerb-server-1.0.1.jar:/home/user/.m2/repository/org/apache/kerby/kerb-identity/1.0.1/kerb-identity-1.0.1.jar:/home/user/.m2/repository/org/apache/kerby/kerby-xdr/1.0.1/kerby-xdr-1.0.1.jar:/home/user/.m2/repository/org/slf4j/slf4j-log4j12/1.7.25/slf4j-log4j12-1.7.25.jar:/home/user/.m2/repository/org/apache/hadoop/hadoop-ozone-s3gateway/0.5.0-SNAPSHOT/hadoop-ozone-s3gateway-0.5.0-SNAPSHOT.jar:/home/user/.m2/repository/org/jboss/weld/servlet/weld-servlet/2.4.7.Final/weld-servlet-2.4.7.Final.jar:/home/user/.m2/repository/org/glassfish/jersey/containers/jersey-container-servlet-core/2.27/jersey-container-servlet-core-2.27.jar:/home/user/.m2/repository/org/glassfish/hk2/external/javax.inject/2.5.0-b42/javax.inject-2.5.0-b42.jar:/home/user/.m2/repository/org/glassfish/jersey/core/jersey-common/2.27/jersey-common-2.27.jar:/home/user/.m2/repository/org/glassfish/hk2/osgi-resource-locator/1.0.1/osgi-resource-locator-1.0.1.jar:/home/user/.m2/repository/javax/ws/rs/javax.ws.rs-api/2.1/javax.ws.rs-api-2.1.jar:/home/user/.m2/repository/org/glassfish/jersey/ext/cdi/jersey-cdi1x/2.27/jersey-cdi1x-2.27.jar:/home/user/.m2/repository/org/glassfish/jersey/inject/jersey-hk2/2.27/jersey-hk2-2.27.jar:/home/user/.m2/repository/org/glassfish/hk2/hk2-locator/2.5.0-b42/hk2-locator-2.5.0-b42.jar:/home/user/.m2/repository/org/javassist/javassist/3.22.0-CR2/javassist-3.22.0-CR2.jar:/home/user/.m2/repository/org/glassfish/hk2/hk2-api/2.5.0/hk2-api-2.5.0.jar:/home/user/.m2/repository/org/glassfish/hk2/external/jakarta.inject/2.5.0/jakarta.inject-2.5.0.jar:/home/user/.m2/repository/org/glassfish/hk2/hk2-utils/2.5.0/hk2-utils-2.5.0.jar:/home/user/.m2/repository/jakarta/annotation/jakarta.annotation-api/1.3.4/jakarta.annotation-api-1.3.4.jar:/home/user/.m2/repository/org/glassfish/hk2/external/aopalliance-repackaged/2.5.0/aopalliance-repackaged-2.5.0.jar:/home/user/.m2/repository/com/fasterxml/jackson/dataformat/jackson-dataformat-xml/2.9.0/jackson-dataformat-xml-2.9.0.jar:/home/user/.m2/repository/com/fasterxml/jackson/core/jackson-core/2.9.5/jackson-core-2.9.5.jar:/home/user/.m2/repository/com/fasterxml/jackson/module/jackson-module-jaxb-annotations/2.9.5/jackson-module-jaxb-annotations-2.9.5.jar:/home/user/.m2/repository/javax/enterprise/cdi-api/1.2/cdi-api-1.2.jar:/home/user/.m2/repository/javax/el/javax.el-api/3.0.0/javax.el-api-3.0.0.jar:/home/user/.m2/repository/javax/interceptor/javax.interceptor-api/1.2/javax.interceptor-api-1.2.jar:/home/user/.m2/repository/javax/inject/javax.inject/1/javax.inject-1.jar:/home/user/.m2/repository/org/apache/hadoop/hadoop-ozone-csi/0.5.0-SNAPSHOT/hadoop-ozone-csi-0.5.0-SNAPSHOT.jar:/home/user/.m2/repository/com/google/protobuf/protobuf-java-util/3.5.1/protobuf-java-util-3.5.1.jar:/home/user/.m2/repository/org/apache/hadoop/hadoop-hdds-config/0.5.0-SNAPSHOT/hadoop-hdds-config-0.5.0-SNAPSHOT.jar:/home/user/.m2/repository/io/grpc/grpc-netty/1.17.1/grpc-netty-1.17.1.jar:/home/user/.m2/repository/io/grpc/grpc-core/1.17.1/grpc-core-1.17.1.jar:/home/user/.m2/repository/io/grpc/grpc-context/1.17.1/grpc-context-1.17.1.jar:/home/user/.m2/repository/com/google/errorprone/error_prone_annotations/2.2.0/error_prone_annotations-2.2.0.jar:/home/user/.m2/repository/org/codehaus/mojo/animal-sniffer-annotations/1.17/animal-sniffer-annotations-1.17.jar:/home/user/.m2/repository/io/opencensus/opencensus-api/0.17.0/opencensus-api-0.17.0.jar:/home/user/.m2/repository/io/opencensus/opencensus-contrib-grpc-metrics/0.17.0/opencensus-contrib-grpc-metrics-0.17.0.jar:/home/user/.m2/repository/io/netty/netty-codec-http2/4.1.30.Final/netty-codec-http2-4.1.30.Final.jar:/home/user/.m2/repository/io/netty/netty-codec-http/4.1.30.Final/netty-codec-http-4.1.30.Final.jar:/home/user/.m2/repository/io/netty/netty-codec/4.1.30.Final/netty-codec-4.1.30.Final.jar:/home/user/.m2/repository/io/netty/netty-handler/4.1.30.Final/netty-handler-4.1.30.Final.jar:/home/user/.m2/repository/io/netty/netty-handler-proxy/4.1.30.Final/netty-handler-proxy-4.1.30.Final.jar:/home/user/.m2/repository/io/netty/netty-codec-socks/4.1.30.Final/netty-codec-socks-4.1.30.Final.jar:/home/user/.m2/repository/io/netty/netty-transport-native-epoll/4.1.30.Final/netty-transport-native-epoll-4.1.30.Final.jar:/home/user/.m2/repository/io/netty/netty-common/4.1.30.Final/netty-common-4.1.30.Final.jar:/home/user/.m2/repository/io/netty/netty-buffer/4.1.30.Final/netty-buffer-4.1.30.Final.jar:/home/user/.m2/repository/io/netty/netty-transport/4.1.30.Final/netty-transport-4.1.30.Final.jar:/home/user/.m2/repository/io/netty/netty-resolver/4.1.30.Final/netty-resolver-4.1.30.Final.jar:/home/user/.m2/repository/io/netty/netty-transport-native-unix-common/4.1.30.Final/netty-transport-native-unix-common-4.1.30.Final.jar:/home/user/.m2/repository/io/grpc/grpc-protobuf/1.17.1/grpc-protobuf-1.17.1.jar:/home/user/.m2/repository/com/google/api/grpc/proto-google-common-protos/1.0.0/proto-google-common-protos-1.0.0.jar:/home/user/.m2/repository/io/grpc/grpc-protobuf-lite/1.17.1/grpc-protobuf-lite-1.17.1.jar:/home/user/.m2/repository/io/grpc/grpc-stub/1.17.1/grpc-stub-1.17.1.jar:/home/user/.m2/repository/org/apache/hadoop/hadoop-ozone-recon/0.5.0-SNAPSHOT/hadoop-ozone-recon-0.5.0-SNAPSHOT.jar:/home/user/.m2/repository/org/apache/hadoop/hadoop-ozone-reconcodegen/0.5.0-SNAPSHOT/hadoop-ozone-reconcodegen-0.5.0-SNAPSHOT.jar:/home/user/.m2/repository/com/google/inject/extensions/guice-multibindings/4.0/guice-multibindings-4.0.jar:/home/user/.m2/repository/com/google/inject/guice/4.0/guice-4.0.jar:/home/user/.m2/repository/aopalliance/aopalliance/1.0/aopalliance-1.0.jar:/home/user/.m2/repository/com/google/inject/extensions/guice-servlet/4.0/guice-servlet-4.0.jar:/home/user/.m2/repository/org/glassfish/jersey/containers/jersey-container-servlet/2.27/jersey-container-servlet-2.27.jar:/home/user/.m2/repository/org/glassfish/hk2/guice-bridge/2.5.0/guice-bridge-2.5.0.jar:/home/user/.m2/repository/org/glassfish/jersey/core/jersey-server/2.27/jersey-server-2.27.jar:/home/user/.m2/repository/org/glassfish/jersey/core/jersey-client/2.27/jersey-client-2.27.jar:/home/user/.m2/repository/org/glassfish/jersey/media/jersey-media-jaxb/2.27/jersey-media-jaxb-2.27.jar:/home/user/.m2/repository/javax/validation/validation-api/1.1.0.Final/validation-api-1.1.0.Final.jar:/home/user/.m2/repository/org/glassfish/jersey/media/jersey-media-json-jackson/2.27/jersey-media-json-jackson-2.27.jar:/home/user/.m2/repository/org/glassfish/jersey/ext/jersey-entity-filtering/2.27/jersey-entity-filtering-2.27.jar:/home/user/.m2/repository/com/google/inject/extensions/guice-assistedinject/4.0/guice-assistedinject-4.0.jar:/home/user/.m2/repository/org/jooq/jooq/3.11.10/jooq-3.11.10.jar:/home/user/.m2/repository/org/jooq/jooq-meta/3.11.10/jooq-meta-3.11.10.jar:/home/user/.m2/repository/org/jooq/jooq-codegen/3.11.10/jooq-codegen-3.11.10.jar:/home/user/.m2/repository/com/jolbox/bonecp/0.8.0.RELEASE/bonecp-0.8.0.RELEASE.jar:/home/user/.m2/repository/org/xerial/sqlite-jdbc/3.25.2/sqlite-jdbc-3.25.2.jar:/home/user/.m2/repository/org/springframework/spring-jdbc/5.1.3.RELEASE/spring-jdbc-5.1.3.RELEASE.jar:/home/user/.m2/repository/org/springframework/spring-beans/5.1.3.RELEASE/spring-beans-5.1.3.RELEASE.jar:/home/user/.m2/repository/org/springframework/spring-core/5.1.3.RELEASE/spring-core-5.1.3.RELEASE.jar:/home/user/.m2/repository/org/springframework/spring-jcl/5.1.3.RELEASE/spring-jcl-5.1.3.RELEASE.jar:/home/user/.m2/repository/org/springframework/spring-tx/5.1.3.RELEASE/spring-tx-5.1.3.RELEASE.jar:/home/user/.m2/repository/org/apache/hadoop/hadoop-ozone-client/0.5.0-SNAPSHOT/hadoop-ozone-client-0.5.0-SNAPSHOT.jar:/home/user/.m2/repository/commons-lang/commons-lang/2.6/commons-lang-2.6.jar:/home/user/.m2/repository/org/apache/hadoop/hadoop-ozone-ozone-manager/0.5.0-SNAPSHOT/hadoop-ozone-ozone-manager-0.5.0-SNAPSHOT-tests.jar:/home/user/.m2/repository/junit/junit/4.11/junit-4.11.jar:/home/user/.m2/repository/org/hamcrest/hamcrest-core/1.3/hamcrest-core-1.3.jar:/home/user/.m2/repository/org/openjdk/jmh/jmh-core/1.19/jmh-core-1.19.jar:/home/user/.m2/repository/net/sf/jopt-simple/jopt-simple/4.6/jopt-simple-4.6.jar:/home/user/.m2/repository/org/apache/commons/commons-math3/3.1.1/commons-math3-3.1.1.jar:/home/user/.m2/repository/org/openjdk/jmh/jmh-generator-annprocess/1.19/jmh-generator-annprocess-1.19.jar:/home/user/.m2/repository/org/mockito/mockito-all/1.8.5/mockito-all-1.8.5.jar:/home/user/.m2/repository/org/apache/hadoop/hadoop-kms/3.2.0/hadoop-kms-3.2.0.jar:/home/user/.m2/repository/org/apache/hadoop/hadoop-auth/3.2.0/hadoop-auth-3.2.0.jar:/home/user/.m2/repository/com/nimbusds/nimbus-jose-jwt/4.41.1/nimbus-jose-jwt-4.41.1.jar:/home/user/.m2/repository/com/github/stephenc/jcip/jcip-annotations/1.0-1/jcip-annotations-1.0-1.jar:/home/user/.m2/repository/net/minidev/json-smart/2.3/json-smart-2.3.jar:/home/user/.m2/repository/net/minidev/accessors-smart/1.2/accessors-smart-1.2.jar:/home/user/.m2/repository/org/ow2/asm/asm/5.0.4/asm-5.0.4.jar:/home/user/.m2/repository/org/apache/curator/curator-framework/2.12.0/curator-framework-2.12.0.jar:/home/user/.m2/repository/com/sun/jersey/jersey-core/1.19/jersey-core-1.19.jar:/home/user/.m2/repository/javax/ws/rs/jsr311-api/1.1.1/jsr311-api-1.1.1.jar:/home/user/.m2/repository/com/sun/jersey/jersey-server/1.19/jersey-server-1.19.jar:/home/user/.m2/repository/javax/servlet/javax.servlet-api/3.1.0/javax.servlet-api-3.1.0.jar:/home/user/.m2/repository/org/eclipse/jetty/jetty-server/9.3.24.v20180605/jetty-server-9.3.24.v20180605.jar:/home/user/.m2/repository/org/eclipse/jetty/jetty-http/9.3.24.v20180605/jetty-http-9.3.24.v20180605.jar:/home/user/.m2/repository/org/eclipse/jetty/jetty-io/9.3.24.v20180605/jetty-io-9.3.24.v20180605.jar:/home/user/.m2/repository/org/eclipse/jetty/jetty-webapp/9.3.24.v20180605/jetty-webapp-9.3.24.v20180605.jar:/home/user/.m2/repository/org/eclipse/jetty/jetty-xml/9.3.24.v20180605/jetty-xml-9.3.24.v20180605.jar:/home/user/.m2/repository/log4j/log4j/1.2.17/log4j-1.2.17.jar:/home/user/.m2/repository/org/slf4j/slf4j-api/1.7.25/slf4j-api-1.7.25.jar:/home/user/.m2/repository/org/slf4j/jul-to-slf4j/1.7.25/jul-to-slf4j-1.7.25.jar:/home/user/.m2/repository/org/eclipse/jetty/jetty-util/9.3.24.v20180605/jetty-util-9.3.24.v20180605.jar:/home/user/.m2/repository/com/fasterxml/jackson/core/jackson-databind/2.9.5/jackson-databind-2.9.5.jar:/home/user/.m2/repository/org/apache/hadoop/hadoop-kms/3.2.0/hadoop-kms-3.2.0-tests.jar:/home/user/.m2/repository/org/apache/hadoop/hadoop-hdds-server-scm/0.5.0-SNAPSHOT/hadoop-hdds-server-scm-0.5.0-SNAPSHOT-tests.jar:/home/user/.m2/repository/org/apache/hadoop/hadoop-hdds-container-service/0.5.0-SNAPSHOT/hadoop-hdds-container-service-0.5.0-SNAPSHOT-tests.jar:/home/user/.m2/repository/org/yaml/snakeyaml/1.16/snakeyaml-1.16.jar:/home/user/.m2/repository/org/apache/hadoop/hadoop-common/3.2.0/hadoop-common-3.2.0-tests.jar:/home/user/.m2/repository/org/apache/hadoop/hadoop-annotations/3.2.0/hadoop-annotations-3.2.0.jar:/usr/lib/jvm/java-1.8-openjdk/jre/../lib/tools.jar:/home/user/.m2/repository/commons-cli/commons-cli/1.2/commons-cli-1.2.jar:/home/user/.m2/repository/org/apache/httpcomponents/httpclient/4.5.2/httpclient-4.5.2.jar:/home/user/.m2/repository/org/apache/httpcomponents/httpcore/4.4.4/httpcore-4.4.4.jar:/home/user/.m2/repository/commons-codec/commons-codec/1.11/commons-codec-1.11.jar:/home/user/.m2/repository/commons-net/commons-net/3.6/commons-net-3.6.jar:/home/user/.m2/repository/commons-collections/commons-collections/3.2.2/commons-collections-3.2.2.jar:/home/user/.m2/repository/org/eclipse/jetty/jetty-servlet/9.3.24.v20180605/jetty-servlet-9.3.24.v20180605.jar:/home/user/.m2/repository/org/eclipse/jetty/jetty-security/9.3.24.v20180605/jetty-security-9.3.24.v20180605.jar:/home/user/.m2/repository/javax/servlet/jsp/jsp-api/2.1/jsp-api-2.1.jar:/home/user/.m2/repository/com/sun/jersey/jersey-servlet/1.19/jersey-servlet-1.19.jar:/home/user/.m2/repository/com/sun/jersey/jersey-json/1.19/jersey-json-1.19.jar:/home/user/.m2/repository/org/codehaus/jettison/jettison/1.1/jettison-1.1.jar:/home/user/.m2/repository/org/codehaus/jackson/jackson-core-asl/1.9.13/jackson-core-asl-1.9.13.jar:/home/user/.m2/repository/org/codehaus/jackson/jackson-mapper-asl/1.9.13/jackson-mapper-asl-1.9.13.jar:/home/user/.m2/repository/org/codehaus/jackson/jackson-jaxrs/1.9.13/jackson-jaxrs-1.9.13.jar:/home/user/.m2/repository/org/codehaus/jackson/jackson-xc/1.9.13/jackson-xc-1.9.13.jar:/home/user/.m2/repository/commons-logging/commons-logging/1.1.3/commons-logging-1.1.3.jar:/home/user/.m2/repository/commons-beanutils/commons-beanutils/1.9.3/commons-beanutils-1.9.3.jar:/home/user/.m2/repository/org/apache/commons/commons-configuration2/2.1.1/commons-configuration2-2.1.1.jar:/home/user/.m2/repository/org/apache/commons/commons-lang3/3.7/commons-lang3-3.7.jar:/home/user/.m2/repository/org/apache/commons/commons-text/1.4/commons-text-1.4.jar:/home/user/.m2/repository/org/apache/avro/avro/1.7.7/avro-1.7.7.jar:/home/user/.m2/repository/com/thoughtworks/paranamer/paranamer/2.3/paranamer-2.3.jar:/home/user/.m2/repository/org/xerial/snappy/snappy-java/1.0.5/snappy-java-1.0.5.jar:/home/user/.m2/repository/com/google/re2j/re2j/1.1/re2j-1.1.jar:/home/user/.m2/repository/com/google/code/gson/gson/2.2.4/gson-2.2.4.jar:/home/user/.m2/repository/com/jcraft/jsch/0.1.54/jsch-0.1.54.jar:/home/user/.m2/repository/org/apache/curator/curator-client/2.12.0/curator-client-2.12.0.jar:/home/user/.m2/repository/org/apache/curator/curator-recipes/2.12.0/curator-recipes-2.12.0.jar:/home/user/.m2/repository/com/google/code/findbugs/jsr305/3.0.0/jsr305-3.0.0.jar:/home/user/.m2/repository/org/apache/htrace/htrace-core4/4.1.0-incubating/htrace-core4-4.1.0-incubating.jar:/home/user/.m2/repository/org/apache/zookeeper/zookeeper/3.4.13/zookeeper-3.4.13.jar:/home/user/.m2/repository/org/apache/yetus/audience-annotations/0.5.0/audience-annotations-0.5.0.jar:/home/user/.m2/repository/org/codehaus/woodstox/stax2-api/3.1.4/stax2-api-3.1.4.jar:/home/user/.m2/repository/com/fasterxml/woodstox/woodstox-core/5.0.3/woodstox-core-5.0.3.jar:/home/user/.m2/repository/dnsjava/dnsjava/2.1.7/dnsjava-2.1.7.jar:/home/user/.m2/repository/org/apache/hadoop/hadoop-hdfs/3.2.0/hadoop-hdfs-3.2.0-tests.jar:/home/user/.m2/repository/org/eclipse/jetty/jetty-util-ajax/9.3.24.v20180605/jetty-util-ajax-9.3.24.v20180605.jar:/home/user/.m2/repository/commons-daemon/commons-daemon/1.0.13/commons-daemon-1.0.13.jar:/home/user/.m2/repository/io/netty/netty/3.10.5.Final/netty-3.10.5.Final.jar:/home/user/.m2/repository/io/netty/netty-all/4.0.52.Final/netty-all-4.0.52.Final.jar:/home/user/.m2/repository/org/fusesource/leveldbjni/leveldbjni-all/1.8/leveldbjni-all-1.8.jar:"/>
    <property name="java.vm.vendor" value="IcedTea"/>
    <property name="sun.arch.data.model" value="64"/>
    <property name="test.build.dir" value="/workdir/hadoop-ozone/integration-test/target/test-dir"/>
    <property name="test.cache.data" value=""/>
    <property name="java.vendor.url" value="https://icedtea.classpath.org"/>
    <property name="user.timezone" value=""/>
    <property name="java.vm.specification.version" value="1.8"/>
    <property name="os.name" value="Linux"/>
    <property name="test.build.data" value="/workdir/hadoop-ozone/integration-test/target/test-dir"/>
    <property name="user.country" value="US"/>
    <property name="sun.java.launcher" value="SUN_STANDARD"/>
    <property name="sun.boot.library.path" value="/usr/lib/jvm/java-1.8-openjdk/jre/lib/amd64"/>
    <property name="sun.java.command" value="/workdir/hadoop-ozone/integration-test/target/surefire/surefirebooter5478031946031829840.jar /workdir/hadoop-ozone/integration-test/target/surefire 2019-08-28T19-46-27_198-jvmRun1 surefire6401852612650162851tmp surefire_151689222668933618918tmp"/>
    <property name="test" value="!TestMiniChaosOzoneCluster"/>
    <property name="surefire.test.class.path" value="/workdir/hadoop-ozone/integration-test/target/test-classes:/workdir/hadoop-ozone/integration-test/target/classes:/home/user/.m2/repository/org/apache/hadoop/hadoop-ozone-common/0.5.0-SNAPSHOT/hadoop-ozone-common-0.5.0-SNAPSHOT.jar:/home/user/.m2/repository/org/apache/commons/commons-compress/1.4.1/commons-compress-1.4.1.jar:/home/user/.m2/repository/org/tukaani/xz/1.0/xz-1.0.jar:/home/user/.m2/repository/org/apache/hadoop/hadoop-common/3.2.0/hadoop-common-3.2.0.jar:/home/user/.m2/repository/org/apache/hadoop/hadoop-hdfs/3.2.0/hadoop-hdfs-3.2.0.jar:/home/user/.m2/repository/org/apache/hadoop/hadoop-hdfs-client/3.2.0/hadoop-hdfs-client-3.2.0.jar:/home/user/.m2/repository/com/fasterxml/jackson/core/jackson-annotations/2.9.5/jackson-annotations-2.9.5.jar:/home/user/.m2/repository/org/apache/hadoop/hadoop-hdds-common/0.5.0-SNAPSHOT/hadoop-hdds-common-0.5.0-SNAPSHOT.jar:/home/user/.m2/repository/javax/annotation/javax.annotation-api/1.2/javax.annotation-api-1.2.jar:/home/user/.m2/repository/org/apache/ratis/ratis-server/0.4.0-2337318-SNAPSHOT/ratis-server-0.4.0-2337318-SNAPSHOT.jar:/home/user/.m2/repository/org/apache/ratis/ratis-thirdparty-misc/0.2.0/ratis-thirdparty-misc-0.2.0.jar:/home/user/.m2/repository/org/apache/ratis/ratis-proto/0.4.0-2337318-SNAPSHOT/ratis-proto-0.4.0-2337318-SNAPSHOT.jar:/home/user/.m2/repository/org/apache/ratis/ratis-common/0.4.0-2337318-SNAPSHOT/ratis-common-0.4.0-2337318-SNAPSHOT.jar:/home/user/.m2/repository/org/apache/ratis/ratis-client/0.4.0-2337318-SNAPSHOT/ratis-client-0.4.0-2337318-SNAPSHOT.jar:/home/user/.m2/repository/org/apache/ratis/ratis-metrics/0.4.0-2337318-SNAPSHOT/ratis-metrics-0.4.0-2337318-SNAPSHOT.jar:/home/user/.m2/repository/org/apache/ratis/ratis-netty/0.4.0-2337318-SNAPSHOT/ratis-netty-0.4.0-2337318-SNAPSHOT.jar:/home/user/.m2/repository/org/apache/ratis/ratis-grpc/0.4.0-2337318-SNAPSHOT/ratis-grpc-0.4.0-2337318-SNAPSHOT.jar:/home/user/.m2/repository/org/rocksdb/rocksdbjni/6.0.1/rocksdbjni-6.0.1.jar:/home/user/.m2/repository/org/apache/logging/log4j/log4j-api/2.11.0/log4j-api-2.11.0.jar:/home/user/.m2/repository/org/apache/logging/log4j/log4j-core/2.11.0/log4j-core-2.11.0.jar:/home/user/.m2/repository/com/lmax/disruptor/3.4.2/disruptor-3.4.2.jar:/home/user/.m2/repository/org/apache/commons/commons-pool2/2.6.0/commons-pool2-2.6.0.jar:/home/user/.m2/repository/org/bouncycastle/bcpkix-jdk15on/1.60/bcpkix-jdk15on-1.60.jar:/home/user/.m2/repository/commons-validator/commons-validator/1.6/commons-validator-1.6.jar:/home/user/.m2/repository/commons-digester/commons-digester/1.8.1/commons-digester-1.8.1.jar:/home/user/.m2/repository/io/jaegertracing/jaeger-client/0.33.1/jaeger-client-0.33.1.jar:/home/user/.m2/repository/io/jaegertracing/jaeger-thrift/0.33.1/jaeger-thrift-0.33.1.jar:/home/user/.m2/repository/org/apache/thrift/libthrift/0.11.0/libthrift-0.11.0.jar:/home/user/.m2/repository/com/squareup/okhttp3/okhttp/3.9.0/okhttp-3.9.0.jar:/home/user/.m2/repository/com/squareup/okio/okio/1.13.0/okio-1.13.0.jar:/home/user/.m2/repository/io/jaegertracing/jaeger-core/0.33.1/jaeger-core-0.33.1.jar:/home/user/.m2/repository/io/jaegertracing/jaeger-tracerresolver/0.33.1/jaeger-tracerresolver-0.33.1.jar:/home/user/.m2/repository/io/opentracing/contrib/opentracing-tracerresolver/0.1.5/opentracing-tracerresolver-0.1.5.jar:/home/user/.m2/repository/io/opentracing/opentracing-util/0.31.0/opentracing-util-0.31.0.jar:/home/user/.m2/repository/io/opentracing/opentracing-api/0.31.0/opentracing-api-0.31.0.jar:/home/user/.m2/repository/io/opentracing/opentracing-noop/0.31.0/opentracing-noop-0.31.0.jar:/home/user/.m2/repository/org/apache/hadoop/hadoop-hdds-server-framework/0.5.0-SNAPSHOT/hadoop-hdds-server-framework-0.5.0-SNAPSHOT.jar:/home/user/.m2/repository/org/apache/hadoop/hadoop-hdds-container-service/0.5.0-SNAPSHOT/hadoop-hdds-container-service-0.5.0-SNAPSHOT.jar:/home/user/.m2/repository/org/apache/hadoop/hadoop-hdds-client/0.5.0-SNAPSHOT/hadoop-hdds-client-0.5.0-SNAPSHOT.jar:/home/user/.m2/repository/org/apache/hadoop/hadoop-hdds-tools/0.5.0-SNAPSHOT/hadoop-hdds-tools-0.5.0-SNAPSHOT.jar:/home/user/.m2/repository/org/apache/hadoop/hadoop-hdds-server-scm/0.5.0-SNAPSHOT/hadoop-hdds-server-scm-0.5.0-SNAPSHOT.jar:/home/user/.m2/repository/org/apache/hadoop/hadoop-hdds-docs/0.5.0-SNAPSHOT/hadoop-hdds-docs-0.5.0-SNAPSHOT.jar:/home/user/.m2/repository/com/sun/xml/bind/jaxb-impl/2.3.0.1/jaxb-impl-2.3.0.1.jar:/home/user/.m2/repository/com/sun/xml/bind/jaxb-core/2.3.0.1/jaxb-core-2.3.0.1.jar:/home/user/.m2/repository/javax/xml/bind/jaxb-api/2.3.0/jaxb-api-2.3.0.jar:/home/user/.m2/repository/javax/activation/activation/1.1.1/activation-1.1.1.jar:/home/user/.m2/repository/io/dropwizard/metrics/metrics-core/3.2.4/metrics-core-3.2.4.jar:/home/user/.m2/repository/org/hamcrest/hamcrest-all/1.3/hamcrest-all-1.3.jar:/home/user/.m2/repository/org/bouncycastle/bcprov-jdk15on/1.60/bcprov-jdk15on-1.60.jar:/home/user/.m2/repository/info/picocli/picocli/3.9.6/picocli-3.9.6.jar:/home/user/.m2/repository/com/google/protobuf/protobuf-java/2.5.0/protobuf-java-2.5.0.jar:/home/user/.m2/repository/com/google/guava/guava/11.0.2/guava-11.0.2.jar:/home/user/.m2/repository/org/apache/hadoop/hadoop-ozone-ozone-manager/0.5.0-SNAPSHOT/hadoop-ozone-ozone-manager-0.5.0-SNAPSHOT.jar:/home/user/.m2/repository/org/apache/hadoop/hadoop-minikdc/3.2.0/hadoop-minikdc-3.2.0.jar:/home/user/.m2/repository/commons-io/commons-io/2.5/commons-io-2.5.jar:/home/user/.m2/repository/org/apache/kerby/kerb-simplekdc/1.0.1/kerb-simplekdc-1.0.1.jar:/home/user/.m2/repository/org/apache/kerby/kerb-client/1.0.1/kerb-client-1.0.1.jar:/home/user/.m2/repository/org/apache/kerby/kerby-config/1.0.1/kerby-config-1.0.1.jar:/home/user/.m2/repository/org/apache/kerby/kerb-core/1.0.1/kerb-core-1.0.1.jar:/home/user/.m2/repository/org/apache/kerby/kerby-pkix/1.0.1/kerby-pkix-1.0.1.jar:/home/user/.m2/repository/org/apache/kerby/kerby-asn1/1.0.1/kerby-asn1-1.0.1.jar:/home/user/.m2/repository/org/apache/kerby/kerby-util/1.0.1/kerby-util-1.0.1.jar:/home/user/.m2/repository/org/apache/kerby/kerb-common/1.0.1/kerb-common-1.0.1.jar:/home/user/.m2/repository/org/apache/kerby/kerb-crypto/1.0.1/kerb-crypto-1.0.1.jar:/home/user/.m2/repository/org/apache/kerby/kerb-util/1.0.1/kerb-util-1.0.1.jar:/home/user/.m2/repository/org/apache/kerby/token-provider/1.0.1/token-provider-1.0.1.jar:/home/user/.m2/repository/org/apache/kerby/kerb-admin/1.0.1/kerb-admin-1.0.1.jar:/home/user/.m2/repository/org/apache/kerby/kerb-server/1.0.1/kerb-server-1.0.1.jar:/home/user/.m2/repository/org/apache/kerby/kerb-identity/1.0.1/kerb-identity-1.0.1.jar:/home/user/.m2/repository/org/apache/kerby/kerby-xdr/1.0.1/kerby-xdr-1.0.1.jar:/home/user/.m2/repository/org/slf4j/slf4j-log4j12/1.7.25/slf4j-log4j12-1.7.25.jar:/home/user/.m2/repository/org/apache/hadoop/hadoop-ozone-s3gateway/0.5.0-SNAPSHOT/hadoop-ozone-s3gateway-0.5.0-SNAPSHOT.jar:/home/user/.m2/repository/org/jboss/weld/servlet/weld-servlet/2.4.7.Final/weld-servlet-2.4.7.Final.jar:/home/user/.m2/repository/org/glassfish/jersey/containers/jersey-container-servlet-core/2.27/jersey-container-servlet-core-2.27.jar:/home/user/.m2/repository/org/glassfish/hk2/external/javax.inject/2.5.0-b42/javax.inject-2.5.0-b42.jar:/home/user/.m2/repository/org/glassfish/jersey/core/jersey-common/2.27/jersey-common-2.27.jar:/home/user/.m2/repository/org/glassfish/hk2/osgi-resource-locator/1.0.1/osgi-resource-locator-1.0.1.jar:/home/user/.m2/repository/javax/ws/rs/javax.ws.rs-api/2.1/javax.ws.rs-api-2.1.jar:/home/user/.m2/repository/org/glassfish/jersey/ext/cdi/jersey-cdi1x/2.27/jersey-cdi1x-2.27.jar:/home/user/.m2/repository/org/glassfish/jersey/inject/jersey-hk2/2.27/jersey-hk2-2.27.jar:/home/user/.m2/repository/org/glassfish/hk2/hk2-locator/2.5.0-b42/hk2-locator-2.5.0-b42.jar:/home/user/.m2/repository/org/javassist/javassist/3.22.0-CR2/javassist-3.22.0-CR2.jar:/home/user/.m2/repository/org/glassfish/hk2/hk2-api/2.5.0/hk2-api-2.5.0.jar:/home/user/.m2/repository/org/glassfish/hk2/external/jakarta.inject/2.5.0/jakarta.inject-2.5.0.jar:/home/user/.m2/repository/org/glassfish/hk2/hk2-utils/2.5.0/hk2-utils-2.5.0.jar:/home/user/.m2/repository/jakarta/annotation/jakarta.annotation-api/1.3.4/jakarta.annotation-api-1.3.4.jar:/home/user/.m2/repository/org/glassfish/hk2/external/aopalliance-repackaged/2.5.0/aopalliance-repackaged-2.5.0.jar:/home/user/.m2/repository/com/fasterxml/jackson/dataformat/jackson-dataformat-xml/2.9.0/jackson-dataformat-xml-2.9.0.jar:/home/user/.m2/repository/com/fasterxml/jackson/core/jackson-core/2.9.5/jackson-core-2.9.5.jar:/home/user/.m2/repository/com/fasterxml/jackson/module/jackson-module-jaxb-annotations/2.9.5/jackson-module-jaxb-annotations-2.9.5.jar:/home/user/.m2/repository/javax/enterprise/cdi-api/1.2/cdi-api-1.2.jar:/home/user/.m2/repository/javax/el/javax.el-api/3.0.0/javax.el-api-3.0.0.jar:/home/user/.m2/repository/javax/interceptor/javax.interceptor-api/1.2/javax.interceptor-api-1.2.jar:/home/user/.m2/repository/javax/inject/javax.inject/1/javax.inject-1.jar:/home/user/.m2/repository/org/apache/hadoop/hadoop-ozone-csi/0.5.0-SNAPSHOT/hadoop-ozone-csi-0.5.0-SNAPSHOT.jar:/home/user/.m2/repository/com/google/protobuf/protobuf-java-util/3.5.1/protobuf-java-util-3.5.1.jar:/home/user/.m2/repository/org/apache/hadoop/hadoop-hdds-config/0.5.0-SNAPSHOT/hadoop-hdds-config-0.5.0-SNAPSHOT.jar:/home/user/.m2/repository/io/grpc/grpc-netty/1.17.1/grpc-netty-1.17.1.jar:/home/user/.m2/repository/io/grpc/grpc-core/1.17.1/grpc-core-1.17.1.jar:/home/user/.m2/repository/io/grpc/grpc-context/1.17.1/grpc-context-1.17.1.jar:/home/user/.m2/repository/com/google/errorprone/error_prone_annotations/2.2.0/error_prone_annotations-2.2.0.jar:/home/user/.m2/repository/org/codehaus/mojo/animal-sniffer-annotations/1.17/animal-sniffer-annotations-1.17.jar:/home/user/.m2/repository/io/opencensus/opencensus-api/0.17.0/opencensus-api-0.17.0.jar:/home/user/.m2/repository/io/opencensus/opencensus-contrib-grpc-metrics/0.17.0/opencensus-contrib-grpc-metrics-0.17.0.jar:/home/user/.m2/repository/io/netty/netty-codec-http2/4.1.30.Final/netty-codec-http2-4.1.30.Final.jar:/home/user/.m2/repository/io/netty/netty-codec-http/4.1.30.Final/netty-codec-http-4.1.30.Final.jar:/home/user/.m2/repository/io/netty/netty-codec/4.1.30.Final/netty-codec-4.1.30.Final.jar:/home/user/.m2/repository/io/netty/netty-handler/4.1.30.Final/netty-handler-4.1.30.Final.jar:/home/user/.m2/repository/io/netty/netty-handler-proxy/4.1.30.Final/netty-handler-proxy-4.1.30.Final.jar:/home/user/.m2/repository/io/netty/netty-codec-socks/4.1.30.Final/netty-codec-socks-4.1.30.Final.jar:/home/user/.m2/repository/io/netty/netty-transport-native-epoll/4.1.30.Final/netty-transport-native-epoll-4.1.30.Final.jar:/home/user/.m2/repository/io/netty/netty-common/4.1.30.Final/netty-common-4.1.30.Final.jar:/home/user/.m2/repository/io/netty/netty-buffer/4.1.30.Final/netty-buffer-4.1.30.Final.jar:/home/user/.m2/repository/io/netty/netty-transport/4.1.30.Final/netty-transport-4.1.30.Final.jar:/home/user/.m2/repository/io/netty/netty-resolver/4.1.30.Final/netty-resolver-4.1.30.Final.jar:/home/user/.m2/repository/io/netty/netty-transport-native-unix-common/4.1.30.Final/netty-transport-native-unix-common-4.1.30.Final.jar:/home/user/.m2/repository/io/grpc/grpc-protobuf/1.17.1/grpc-protobuf-1.17.1.jar:/home/user/.m2/repository/com/google/api/grpc/proto-google-common-protos/1.0.0/proto-google-common-protos-1.0.0.jar:/home/user/.m2/repository/io/grpc/grpc-protobuf-lite/1.17.1/grpc-protobuf-lite-1.17.1.jar:/home/user/.m2/repository/io/grpc/grpc-stub/1.17.1/grpc-stub-1.17.1.jar:/home/user/.m2/repository/org/apache/hadoop/hadoop-ozone-recon/0.5.0-SNAPSHOT/hadoop-ozone-recon-0.5.0-SNAPSHOT.jar:/home/user/.m2/repository/org/apache/hadoop/hadoop-ozone-reconcodegen/0.5.0-SNAPSHOT/hadoop-ozone-reconcodegen-0.5.0-SNAPSHOT.jar:/home/user/.m2/repository/com/google/inject/extensions/guice-multibindings/4.0/guice-multibindings-4.0.jar:/home/user/.m2/repository/com/google/inject/guice/4.0/guice-4.0.jar:/home/user/.m2/repository/aopalliance/aopalliance/1.0/aopalliance-1.0.jar:/home/user/.m2/repository/com/google/inject/extensions/guice-servlet/4.0/guice-servlet-4.0.jar:/home/user/.m2/repository/org/glassfish/jersey/containers/jersey-container-servlet/2.27/jersey-container-servlet-2.27.jar:/home/user/.m2/repository/org/glassfish/hk2/guice-bridge/2.5.0/guice-bridge-2.5.0.jar:/home/user/.m2/repository/org/glassfish/jersey/core/jersey-server/2.27/jersey-server-2.27.jar:/home/user/.m2/repository/org/glassfish/jersey/core/jersey-client/2.27/jersey-client-2.27.jar:/home/user/.m2/repository/org/glassfish/jersey/media/jersey-media-jaxb/2.27/jersey-media-jaxb-2.27.jar:/home/user/.m2/repository/javax/validation/validation-api/1.1.0.Final/validation-api-1.1.0.Final.jar:/home/user/.m2/repository/org/glassfish/jersey/media/jersey-media-json-jackson/2.27/jersey-media-json-jackson-2.27.jar:/home/user/.m2/repository/org/glassfish/jersey/ext/jersey-entity-filtering/2.27/jersey-entity-filtering-2.27.jar:/home/user/.m2/repository/com/google/inject/extensions/guice-assistedinject/4.0/guice-assistedinject-4.0.jar:/home/user/.m2/repository/org/jooq/jooq/3.11.10/jooq-3.11.10.jar:/home/user/.m2/repository/org/jooq/jooq-meta/3.11.10/jooq-meta-3.11.10.jar:/home/user/.m2/repository/org/jooq/jooq-codegen/3.11.10/jooq-codegen-3.11.10.jar:/home/user/.m2/repository/com/jolbox/bonecp/0.8.0.RELEASE/bonecp-0.8.0.RELEASE.jar:/home/user/.m2/repository/org/xerial/sqlite-jdbc/3.25.2/sqlite-jdbc-3.25.2.jar:/home/user/.m2/repository/org/springframework/spring-jdbc/5.1.3.RELEASE/spring-jdbc-5.1.3.RELEASE.jar:/home/user/.m2/repository/org/springframework/spring-beans/5.1.3.RELEASE/spring-beans-5.1.3.RELEASE.jar:/home/user/.m2/repository/org/springframework/spring-core/5.1.3.RELEASE/spring-core-5.1.3.RELEASE.jar:/home/user/.m2/repository/org/springframework/spring-jcl/5.1.3.RELEASE/spring-jcl-5.1.3.RELEASE.jar:/home/user/.m2/repository/org/springframework/spring-tx/5.1.3.RELEASE/spring-tx-5.1.3.RELEASE.jar:/home/user/.m2/repository/org/apache/hadoop/hadoop-ozone-client/0.5.0-SNAPSHOT/hadoop-ozone-client-0.5.0-SNAPSHOT.jar:/home/user/.m2/repository/commons-lang/commons-lang/2.6/commons-lang-2.6.jar:/home/user/.m2/repository/org/apache/hadoop/hadoop-ozone-ozone-manager/0.5.0-SNAPSHOT/hadoop-ozone-ozone-manager-0.5.0-SNAPSHOT-tests.jar:/home/user/.m2/repository/junit/junit/4.11/junit-4.11.jar:/home/user/.m2/repository/org/hamcrest/hamcrest-core/1.3/hamcrest-core-1.3.jar:/home/user/.m2/repository/org/openjdk/jmh/jmh-core/1.19/jmh-core-1.19.jar:/home/user/.m2/repository/net/sf/jopt-simple/jopt-simple/4.6/jopt-simple-4.6.jar:/home/user/.m2/repository/org/apache/commons/commons-math3/3.1.1/commons-math3-3.1.1.jar:/home/user/.m2/repository/org/openjdk/jmh/jmh-generator-annprocess/1.19/jmh-generator-annprocess-1.19.jar:/home/user/.m2/repository/org/mockito/mockito-all/1.8.5/mockito-all-1.8.5.jar:/home/user/.m2/repository/org/apache/hadoop/hadoop-kms/3.2.0/hadoop-kms-3.2.0.jar:/home/user/.m2/repository/org/apache/hadoop/hadoop-auth/3.2.0/hadoop-auth-3.2.0.jar:/home/user/.m2/repository/com/nimbusds/nimbus-jose-jwt/4.41.1/nimbus-jose-jwt-4.41.1.jar:/home/user/.m2/repository/com/github/stephenc/jcip/jcip-annotations/1.0-1/jcip-annotations-1.0-1.jar:/home/user/.m2/repository/net/minidev/json-smart/2.3/json-smart-2.3.jar:/home/user/.m2/repository/net/minidev/accessors-smart/1.2/accessors-smart-1.2.jar:/home/user/.m2/repository/org/ow2/asm/asm/5.0.4/asm-5.0.4.jar:/home/user/.m2/repository/org/apache/curator/curator-framework/2.12.0/curator-framework-2.12.0.jar:/home/user/.m2/repository/com/sun/jersey/jersey-core/1.19/jersey-core-1.19.jar:/home/user/.m2/repository/javax/ws/rs/jsr311-api/1.1.1/jsr311-api-1.1.1.jar:/home/user/.m2/repository/com/sun/jersey/jersey-server/1.19/jersey-server-1.19.jar:/home/user/.m2/repository/javax/servlet/javax.servlet-api/3.1.0/javax.servlet-api-3.1.0.jar:/home/user/.m2/repository/org/eclipse/jetty/jetty-server/9.3.24.v20180605/jetty-server-9.3.24.v20180605.jar:/home/user/.m2/repository/org/eclipse/jetty/jetty-http/9.3.24.v20180605/jetty-http-9.3.24.v20180605.jar:/home/user/.m2/repository/org/eclipse/jetty/jetty-io/9.3.24.v20180605/jetty-io-9.3.24.v20180605.jar:/home/user/.m2/repository/org/eclipse/jetty/jetty-webapp/9.3.24.v20180605/jetty-webapp-9.3.24.v20180605.jar:/home/user/.m2/repository/org/eclipse/jetty/jetty-xml/9.3.24.v20180605/jetty-xml-9.3.24.v20180605.jar:/home/user/.m2/repository/log4j/log4j/1.2.17/log4j-1.2.17.jar:/home/user/.m2/repository/org/slf4j/slf4j-api/1.7.25/slf4j-api-1.7.25.jar:/home/user/.m2/repository/org/slf4j/jul-to-slf4j/1.7.25/jul-to-slf4j-1.7.25.jar:/home/user/.m2/repository/org/eclipse/jetty/jetty-util/9.3.24.v20180605/jetty-util-9.3.24.v20180605.jar:/home/user/.m2/repository/com/fasterxml/jackson/core/jackson-databind/2.9.5/jackson-databind-2.9.5.jar:/home/user/.m2/repository/org/apache/hadoop/hadoop-kms/3.2.0/hadoop-kms-3.2.0-tests.jar:/home/user/.m2/repository/org/apache/hadoop/hadoop-hdds-server-scm/0.5.0-SNAPSHOT/hadoop-hdds-server-scm-0.5.0-SNAPSHOT-tests.jar:/home/user/.m2/repository/org/apache/hadoop/hadoop-hdds-container-service/0.5.0-SNAPSHOT/hadoop-hdds-container-service-0.5.0-SNAPSHOT-tests.jar:/home/user/.m2/repository/org/yaml/snakeyaml/1.16/snakeyaml-1.16.jar:/home/user/.m2/repository/org/apache/hadoop/hadoop-common/3.2.0/hadoop-common-3.2.0-tests.jar:/home/user/.m2/repository/org/apache/hadoop/hadoop-annotations/3.2.0/hadoop-annotations-3.2.0.jar:/usr/lib/jvm/java-1.8-openjdk/jre/../lib/tools.jar:/home/user/.m2/repository/commons-cli/commons-cli/1.2/commons-cli-1.2.jar:/home/user/.m2/repository/org/apache/httpcomponents/httpclient/4.5.2/httpclient-4.5.2.jar:/home/user/.m2/repository/org/apache/httpcomponents/httpcore/4.4.4/httpcore-4.4.4.jar:/home/user/.m2/repository/commons-codec/commons-codec/1.11/commons-codec-1.11.jar:/home/user/.m2/repository/commons-net/commons-net/3.6/commons-net-3.6.jar:/home/user/.m2/repository/commons-collections/commons-collections/3.2.2/commons-collections-3.2.2.jar:/home/user/.m2/repository/org/eclipse/jetty/jetty-servlet/9.3.24.v20180605/jetty-servlet-9.3.24.v20180605.jar:/home/user/.m2/repository/org/eclipse/jetty/jetty-security/9.3.24.v20180605/jetty-security-9.3.24.v20180605.jar:/home/user/.m2/repository/javax/servlet/jsp/jsp-api/2.1/jsp-api-2.1.jar:/home/user/.m2/repository/com/sun/jersey/jersey-servlet/1.19/jersey-servlet-1.19.jar:/home/user/.m2/repository/com/sun/jersey/jersey-json/1.19/jersey-json-1.19.jar:/home/user/.m2/repository/org/codehaus/jettison/jettison/1.1/jettison-1.1.jar:/home/user/.m2/repository/org/codehaus/jackson/jackson-core-asl/1.9.13/jackson-core-asl-1.9.13.jar:/home/user/.m2/repository/org/codehaus/jackson/jackson-mapper-asl/1.9.13/jackson-mapper-asl-1.9.13.jar:/home/user/.m2/repository/org/codehaus/jackson/jackson-jaxrs/1.9.13/jackson-jaxrs-1.9.13.jar:/home/user/.m2/repository/org/codehaus/jackson/jackson-xc/1.9.13/jackson-xc-1.9.13.jar:/home/user/.m2/repository/commons-logging/commons-logging/1.1.3/commons-logging-1.1.3.jar:/home/user/.m2/repository/commons-beanutils/commons-beanutils/1.9.3/commons-beanutils-1.9.3.jar:/home/user/.m2/repository/org/apache/commons/commons-configuration2/2.1.1/commons-configuration2-2.1.1.jar:/home/user/.m2/repository/org/apache/commons/commons-lang3/3.7/commons-lang3-3.7.jar:/home/user/.m2/repository/org/apache/commons/commons-text/1.4/commons-text-1.4.jar:/home/user/.m2/repository/org/apache/avro/avro/1.7.7/avro-1.7.7.jar:/home/user/.m2/repository/com/thoughtworks/paranamer/paranamer/2.3/paranamer-2.3.jar:/home/user/.m2/repository/org/xerial/snappy/snappy-java/1.0.5/snappy-java-1.0.5.jar:/home/user/.m2/repository/com/google/re2j/re2j/1.1/re2j-1.1.jar:/home/user/.m2/repository/com/google/code/gson/gson/2.2.4/gson-2.2.4.jar:/home/user/.m2/repository/com/jcraft/jsch/0.1.54/jsch-0.1.54.jar:/home/user/.m2/repository/org/apache/curator/curator-client/2.12.0/curator-client-2.12.0.jar:/home/user/.m2/repository/org/apache/curator/curator-recipes/2.12.0/curator-recipes-2.12.0.jar:/home/user/.m2/repository/com/google/code/findbugs/jsr305/3.0.0/jsr305-3.0.0.jar:/home/user/.m2/repository/org/apache/htrace/htrace-core4/4.1.0-incubating/htrace-core4-4.1.0-incubating.jar:/home/user/.m2/repository/org/apache/zookeeper/zookeeper/3.4.13/zookeeper-3.4.13.jar:/home/user/.m2/repository/org/apache/yetus/audience-annotations/0.5.0/audience-annotations-0.5.0.jar:/home/user/.m2/repository/org/codehaus/woodstox/stax2-api/3.1.4/stax2-api-3.1.4.jar:/home/user/.m2/repository/com/fasterxml/woodstox/woodstox-core/5.0.3/woodstox-core-5.0.3.jar:/home/user/.m2/repository/dnsjava/dnsjava/2.1.7/dnsjava-2.1.7.jar:/home/user/.m2/repository/org/apache/hadoop/hadoop-hdfs/3.2.0/hadoop-hdfs-3.2.0-tests.jar:/home/user/.m2/repository/org/eclipse/jetty/jetty-util-ajax/9.3.24.v20180605/jetty-util-ajax-9.3.24.v20180605.jar:/home/user/.m2/repository/commons-daemon/commons-daemon/1.0.13/commons-daemon-1.0.13.jar:/home/user/.m2/repository/io/netty/netty/3.10.5.Final/netty-3.10.5.Final.jar:/home/user/.m2/repository/io/netty/netty-all/4.0.52.Final/netty-all-4.0.52.Final.jar:/home/user/.m2/repository/org/fusesource/leveldbjni/leveldbjni-all/1.8/leveldbjni-all-1.8.jar:"/>
    <property name="sun.cpu.endian" value="little"/>
    <property name="user.home" value="/home/user"/>
    <property name="user.language" value="en"/>
    <property name="java.specification.vendor" value="Oracle Corporation"/>
    <property name="java.home" value="/usr/lib/jvm/java-1.8-openjdk/jre"/>
    <property name="java.security.krb5.conf" value="/workdir/hadoop-ozone/integration-test/target/test-classes/krb5.conf"/>
    <property name="basedir" value="/workdir/hadoop-ozone/integration-test"/>
    <property name="file.separator" value="/"/>
    <property name="line.separator" value="&#10;"/>
    <property name="java.vm.specification.vendor" value="Oracle Corporation"/>
    <property name="java.specification.name" value="Java Platform API Specification"/>
    <property name="java.awt.graphicsenv" value="sun.awt.X11GraphicsEnvironment"/>
    <property name="surefire.real.class.path" value="/workdir/hadoop-ozone/integration-test/target/surefire/surefirebooter5478031946031829840.jar"/>
    <property name="hadoop.log.dir" value="/workdir/hadoop-ozone/integration-test/target/log"/>
    <property name="sun.boot.class.path" value="/usr/lib/jvm/java-1.8-openjdk/jre/lib/resources.jar:/usr/lib/jvm/java-1.8-openjdk/jre/lib/rt.jar:/usr/lib/jvm/java-1.8-openjdk/jre/lib/sunrsasign.jar:/usr/lib/jvm/java-1.8-openjdk/jre/lib/jsse.jar:/usr/lib/jvm/java-1.8-openjdk/jre/lib/jce.jar:/usr/lib/jvm/java-1.8-openjdk/jre/lib/charsets.jar:/usr/lib/jvm/java-1.8-openjdk/jre/lib/jfr.jar:/usr/lib/jvm/java-1.8-openjdk/jre/classes"/>
    <property name="sun.management.compiler" value="HotSpot 64-Bit Tiered Compilers"/>
    <property name="java.runtime.version" value="1.8.0_212-b04"/>
    <property name="java.net.preferIPv4Stack" value="true"/>
    <property name="user.name" value="jenkins1000"/>
    <property name="path.separator" value=":"/>
    <property name="java.security.egd" value="file:///dev/urandom"/>
    <property name="os.version" value="3.10.0-957.12.2.el7.x86_64"/>
    <property name="java.endorsed.dirs" value="/usr/lib/jvm/java-1.8-openjdk/jre/lib/endorsed"/>
    <property name="java.runtime.name" value="OpenJDK Runtime Environment"/>
    <property name="file.encoding" value="UTF-8"/>
    <property name="java.vm.name" value="OpenJDK 64-Bit Server VM"/>
    <property name="test.build.webapps" value=""/>
    <property name="localRepository" value="/home/user/.m2/repository"/>
    <property name="java.vendor.url.bug" value="https://icedtea.classpath.org/bugzilla"/>
    <property name="java.io.tmpdir" value="/tmp"/>
    <property name="require.test.libhadoop" value=""/>
    <property name="java.version" value="1.8.0_212"/>
    <property name="user.dir" value="/workdir/hadoop-ozone/integration-test"/>
    <property name="os.arch" value="amd64"/>
    <property name="java.vm.specification.name" value="Java Virtual Machine Specification"/>
    <property name="test.build.classes" value="/workdir/hadoop-ozone/integration-test/target/test-classes"/>
    <property name="java.awt.printerjob" value="sun.print.PSPrinterJob"/>
    <property name="sun.os.patch.level" value="unknown"/>
    <property name="hadoop.tmp.dir" value="/workdir/hadoop-ozone/integration-test/target/tmp"/>
    <property name="java.library.path" value="/usr/lib/jvm/java-1.8-openjdk/jre/lib/amd64/server:/usr/lib/jvm/java-1.8-openjdk/jre/lib/amd64:/usr/lib/jvm/java-1.8-openjdk/jre/../lib/amd64:/workdir/hadoop-ozone/integration-test/target/native/target/usr/local/lib:/workdir/hadoop-ozone/integration-test/../../hadoop-common-project/hadoop-common/target/native/target/usr/local/lib:/usr/java/packages/lib/amd64:/usr/lib64:/lib64:/lib:/usr/lib"/>
    <property name="java.vm.info" value="mixed mode"/>
    <property name="java.vendor" value="IcedTea"/>
    <property name="java.vm.version" value="25.212-b04"/>
    <property name="java.ext.dirs" value="/usr/lib/jvm/java-1.8-openjdk/jre/lib/ext:/usr/java/packages/lib/ext"/>
    <property name="sun.io.unicode.encoding" value="UnicodeLittle"/>
    <property name="java.class.version" value="52.0"/>
  </properties>
  <testcase name="test2WayCommitForRetryfailure" classname="org.apache.hadoop.ozone.client.rpc.Test2WayCommitInRatis" time="34.893">
    <error message="org.apache.ratis.protocol.RaftRetryFailureException: Failed RaftClientRequest:client-98A8F4328EF1-&gt;8d6dfb4d-ac2d-4667-923e-2456b7752667@group-431FF9F7F019, cid=13, seq=1*, RW, org.apache.hadoop.hdds.scm.XceiverClientRatis$$Lambda$307/1505474932@7bc0c4b5 for 20 attempts with RetryLimited(maxAttempts=20, sleepTime=1000ms)" type="java.util.concurrent.ExecutionException">java.util.concurrent.ExecutionException: org.apache.ratis.protocol.RaftRetryFailureException: Failed RaftClientRequest:client-98A8F4328EF1->8d6dfb4d-ac2d-4667-923e-2456b7752667@group-431FF9F7F019, cid=13, seq=1*, RW, org.apache.hadoop.hdds.scm.XceiverClientRatis$$Lambda$307/1505474932@7bc0c4b5 for 20 attempts with RetryLimited(maxAttempts=20, sleepTime=1000ms)
	at java.util.concurrent.CompletableFuture.reportGet(CompletableFuture.java:357)
	at java.util.concurrent.CompletableFuture.get(CompletableFuture.java:1895)
	at org.apache.hadoop.ozone.client.rpc.Test2WayCommitInRatis.test2WayCommitForRetryfailure(Test2WayCommitInRatis.java:138)
	at sun.reflect.NativeMethodAccessorImpl.invoke0(Native Method)
	at sun.reflect.NativeMethodAccessorImpl.invoke(NativeMethodAccessorImpl.java:62)
	at sun.reflect.DelegatingMethodAccessorImpl.invoke(DelegatingMethodAccessorImpl.java:43)
	at java.lang.reflect.Method.invoke(Method.java:498)
	at org.junit.runners.model.FrameworkMethod$1.runReflectiveCall(FrameworkMethod.java:47)
	at org.junit.internal.runners.model.ReflectiveCallable.run(ReflectiveCallable.java:12)
	at org.junit.runners.model.FrameworkMethod.invokeExplosively(FrameworkMethod.java:44)
	at org.junit.internal.runners.statements.InvokeMethod.evaluate(InvokeMethod.java:17)
	at org.junit.runners.ParentRunner.runLeaf(ParentRunner.java:271)
	at org.junit.runners.BlockJUnit4ClassRunner.runChild(BlockJUnit4ClassRunner.java:70)
	at org.junit.runners.BlockJUnit4ClassRunner.runChild(BlockJUnit4ClassRunner.java:50)
	at org.junit.runners.ParentRunner$3.run(ParentRunner.java:238)
	at org.junit.runners.ParentRunner$1.schedule(ParentRunner.java:63)
	at org.junit.runners.ParentRunner.runChildren(ParentRunner.java:236)
	at org.junit.runners.ParentRunner.access$000(ParentRunner.java:53)
	at org.junit.runners.ParentRunner$2.evaluate(ParentRunner.java:229)
	at org.junit.runners.ParentRunner.run(ParentRunner.java:309)
	at org.apache.maven.surefire.junit4.JUnit4Provider.execute(JUnit4Provider.java:365)
	at org.apache.maven.surefire.junit4.JUnit4Provider.executeWithRerun(JUnit4Provider.java:273)
	at org.apache.maven.surefire.junit4.JUnit4Provider.executeTestSet(JUnit4Provider.java:238)
	at org.apache.maven.surefire.junit4.JUnit4Provider.invoke(JUnit4Provider.java:159)
	at org.apache.maven.surefire.booter.ForkedBooter.invokeProviderInSameClassLoader(ForkedBooter.java:384)
	at org.apache.maven.surefire.booter.ForkedBooter.runSuitesInProcess(ForkedBooter.java:345)
	at org.apache.maven.surefire.booter.ForkedBooter.execute(ForkedBooter.java:126)
	at org.apache.maven.surefire.booter.ForkedBooter.main(ForkedBooter.java:418)
Caused by: org.apache.ratis.protocol.RaftRetryFailureException: Failed RaftClientRequest:client-98A8F4328EF1->8d6dfb4d-ac2d-4667-923e-2456b7752667@group-431FF9F7F019, cid=13, seq=1*, RW, org.apache.hadoop.hdds.scm.XceiverClientRatis$$Lambda$307/1505474932@7bc0c4b5 for 20 attempts with RetryLimited(maxAttempts=20, sleepTime=1000ms)
	at org.apache.ratis.client.impl.RaftClientImpl.noMoreRetries(RaftClientImpl.java:272)
	at org.apache.ratis.client.impl.OrderedAsync.handleAsyncRetryFailure(OrderedAsync.java:138)
	at org.apache.ratis.client.impl.OrderedAsync.lambda$sendRequest$10(OrderedAsync.java:230)
	at java.util.concurrent.CompletableFuture.uniExceptionally(CompletableFuture.java:870)
	at java.util.concurrent.CompletableFuture$UniExceptionally.tryFire(CompletableFuture.java:852)
	at java.util.concurrent.CompletableFuture.postComplete(CompletableFuture.java:474)
	at java.util.concurrent.CompletableFuture.completeExceptionally(CompletableFuture.java:1977)
	at org.apache.ratis.grpc.client.GrpcClientProtocolClient$AsyncStreamObservers.completeReplyExceptionally(GrpcClientProtocolClient.java:330)
	at org.apache.ratis.grpc.client.GrpcClientProtocolClient$AsyncStreamObservers.access$000(GrpcClientProtocolClient.java:246)
	at org.apache.ratis.grpc.client.GrpcClientProtocolClient$AsyncStreamObservers$1.onNext(GrpcClientProtocolClient.java:258)
	at org.apache.ratis.grpc.client.GrpcClientProtocolClient$AsyncStreamObservers$1.onNext(GrpcClientProtocolClient.java:249)
	at org.apache.ratis.thirdparty.io.grpc.stub.ClientCalls$StreamObserverToCallListenerAdapter.onMessage(ClientCalls.java:421)
	at org.apache.ratis.thirdparty.io.grpc.ForwardingClientCallListener.onMessage(ForwardingClientCallListener.java:33)
	at org.apache.ratis.thirdparty.io.grpc.ForwardingClientCallListener.onMessage(ForwardingClientCallListener.java:33)
	at org.apache.ratis.thirdparty.io.grpc.internal.ClientCallImpl$ClientStreamListenerImpl$1MessagesAvailable.runInContext(ClientCallImpl.java:519)
	at org.apache.ratis.thirdparty.io.grpc.internal.ContextRunnable.run(ContextRunnable.java:37)
	at org.apache.ratis.thirdparty.io.grpc.internal.SerializingExecutor.run(SerializingExecutor.java:123)
	at java.util.concurrent.ThreadPoolExecutor.runWorker(ThreadPoolExecutor.java:1149)
	at java.util.concurrent.ThreadPoolExecutor$Worker.run(ThreadPoolExecutor.java:624)
	at java.lang.Thread.run(Thread.java:748)
Caused by: org.apache.ratis.protocol.NotLeaderException: Server 8d6dfb4d-ac2d-4667-923e-2456b7752667 is not the leader (null). Request must be sent to leader.
	at org.apache.ratis.client.impl.ClientProtoUtils.toRaftClientReply(ClientProtoUtils.java:242)
	at org.apache.ratis.grpc.client.GrpcClientProtocolClient$AsyncStreamObservers$1.onNext(GrpcClientProtocolClient.java:254)
	... 10 more
</error>
    <system-out><![CDATA[2019-08-28 19:57:56,572 [main] WARN  server.ServerUtils (ServerUtils.java:getScmDbDir(155)) - ozone.scm.db.dirs is not configured. We recommend adding this setting. Falling back to ozone.metadata.dirs instead.
2019-08-28 19:57:56,818 [main] WARN  server.ServerUtils (ServerUtils.java:getScmDbDir(155)) - ozone.scm.db.dirs is not configured. We recommend adding this setting. Falling back to ozone.metadata.dirs instead.
2019-08-28 19:57:56,824 [main] WARN  server.ServerUtils (ServerUtils.java:getScmDbDir(155)) - ozone.scm.db.dirs is not configured. We recommend adding this setting. Falling back to ozone.metadata.dirs instead.
2019-08-28 19:57:56,855 [main] INFO  util.log (Log.java:initialized(192)) - Logging initialized @1035ms
2019-08-28 19:57:57,008 [main] INFO  db.DBStoreBuilder (DBStoreBuilder.java:addTable(110)) - using custom profile for table: deletedBlocks
2019-08-28 19:57:57,009 [main] INFO  db.DBStoreBuilder (DBStoreBuilder.java:processTables(161)) - Using default column profile:DBProfile.DISK for Table:deletedBlocks
2019-08-28 19:57:57,010 [main] INFO  db.DBStoreBuilder (DBStoreBuilder.java:addTable(110)) - using custom profile for table: validCerts
2019-08-28 19:57:57,010 [main] INFO  db.DBStoreBuilder (DBStoreBuilder.java:processTables(161)) - Using default column profile:DBProfile.DISK for Table:validCerts
2019-08-28 19:57:57,011 [main] INFO  db.DBStoreBuilder (DBStoreBuilder.java:addTable(110)) - using custom profile for table: revokedCerts
2019-08-28 19:57:57,011 [main] INFO  db.DBStoreBuilder (DBStoreBuilder.java:processTables(161)) - Using default column profile:DBProfile.DISK for Table:revokedCerts
2019-08-28 19:57:57,027 [main] INFO  db.DBStoreBuilder (DBStoreBuilder.java:addTable(110)) - using custom profile for table: default
2019-08-28 19:57:57,027 [main] INFO  db.DBStoreBuilder (DBStoreBuilder.java:processTables(167)) - Using default column profile:DBProfile.DISK for Table:default
2019-08-28 19:57:57,029 [main] INFO  db.DBStoreBuilder (DBStoreBuilder.java:getDbProfile(198)) - Using default options. DBProfile.DISK
2019-08-28 19:57:57,599 [main] INFO  net.NodeSchemaLoader (NodeSchemaLoader.java:loadSchemaFromFile(125)) - Loading file from sun.misc.CompoundEnumeration@393671df
2019-08-28 19:57:57,601 [main] INFO  net.NodeSchemaLoader (NodeSchemaLoader.java:loadSchema(171)) - Loading network topology layer schema file
2019-08-28 19:57:57,676 [main] WARN  server.ServerUtils (ServerUtils.java:sanitizeUserArgs(70)) - ozone.scm.stale.node.interval value = 300000 is larger than max = 100000 based on the key value of ozone.scm.heartbeat.thread.interval, reset to the max value 100000.
2019-08-28 19:57:57,678 [main] WARN  server.ServerUtils (ServerUtils.java:sanitizeUserArgs(70)) - ozone.scm.stale.node.interval value = 300000 is larger than max = 100000 based on the key value of ozone.scm.heartbeat.thread.interval, reset to the max value 100000.
2019-08-28 19:57:57,681 [main] INFO  node.SCMNodeManager (SCMNodeManager.java:<init>(121)) - Entering startup safe mode.
2019-08-28 19:57:57,754 [main] INFO  algorithms.ContainerPlacementPolicyFactory (ContainerPlacementPolicyFactory.java:getPolicy(55)) - Create container placement policy of type org.apache.hadoop.hdds.scm.container.placement.algorithms.SCMContainerPlacementRandom
2019-08-28 19:57:57,769 [main] WARN  server.ServerUtils (ServerUtils.java:getScmDbDir(155)) - ozone.scm.db.dirs is not configured. We recommend adding this setting. Falling back to ozone.metadata.dirs instead.
2019-08-28 19:57:58,003 [main] INFO  pipeline.SCMPipelineManager (SCMPipelineManager.java:initializePipelineState(126)) - No pipeline exists in current db
2019-08-28 19:57:58,006 [main] WARN  server.ServerUtils (ServerUtils.java:getScmDbDir(155)) - ozone.scm.db.dirs is not configured. We recommend adding this setting. Falling back to ozone.metadata.dirs instead.
2019-08-28 19:57:58,270 [main] WARN  events.EventQueue (EventQueue.java:fireEvent(175)) - No event handler registered for event TypedEvent{payloadType=SafeModeStatus, name='SafeModeStatus'}
2019-08-28 19:57:58,862 [main] INFO  ipc.CallQueueManager (CallQueueManager.java:<init>(84)) - Using callQueue: class java.util.concurrent.LinkedBlockingQueue, queueCapacity: 2000, scheduler: class org.apache.hadoop.ipc.DefaultRpcScheduler, ipcBackoff: false.
2019-08-28 19:57:59,182 [Socket Reader #1 for port 41777] INFO  ipc.Server (Server.java:run(1074)) - Starting Socket Reader #1 for port 41777
2019-08-28 19:57:59,208 [main] INFO  ipc.CallQueueManager (CallQueueManager.java:<init>(84)) - Using callQueue: class java.util.concurrent.LinkedBlockingQueue, queueCapacity: 2000, scheduler: class org.apache.hadoop.ipc.DefaultRpcScheduler, ipcBackoff: false.
2019-08-28 19:57:59,209 [Socket Reader #1 for port 43942] INFO  ipc.Server (Server.java:run(1074)) - Starting Socket Reader #1 for port 43942
2019-08-28 19:57:59,217 [main] INFO  ipc.CallQueueManager (CallQueueManager.java:<init>(84)) - Using callQueue: class java.util.concurrent.LinkedBlockingQueue, queueCapacity: 2000, scheduler: class org.apache.hadoop.ipc.DefaultRpcScheduler, ipcBackoff: false.
2019-08-28 19:57:59,218 [Socket Reader #1 for port 38203] INFO  ipc.Server (Server.java:run(1074)) - Starting Socket Reader #1 for port 38203
2019-08-28 19:57:59,241 [main] INFO  hdfs.DFSUtil (DFSUtil.java:httpServerTemplateForNNAndJN(1641)) - Starting Web-server for scm at: http://0.0.0.0:0
2019-08-28 19:57:59,425 [main] INFO  server.AuthenticationFilter (AuthenticationFilter.java:constructSecretProvider(240)) - Unable to initialize FileSignerSecretProvider, falling back to use random secrets.
2019-08-28 19:57:59,439 [main] WARN  http.HttpRequestLog (HttpRequestLog.java:getRequestLog(97)) - Jetty request log can only be enabled using Log4j
2019-08-28 19:57:59,449 [main] INFO  http.HttpServer2 (HttpServer2.java:addGlobalFilter(975)) - Added global filter 'safety' (class=org.apache.hadoop.http.HttpServer2$QuotingInputFilter)
2019-08-28 19:57:59,452 [main] INFO  http.HttpServer2 (HttpServer2.java:addFilter(948)) - Added filter static_user_filter (class=org.apache.hadoop.http.lib.StaticUserWebFilter$StaticUserFilter) to context scm
2019-08-28 19:57:59,453 [main] INFO  http.HttpServer2 (HttpServer2.java:addFilter(958)) - Added filter static_user_filter (class=org.apache.hadoop.http.lib.StaticUserWebFilter$StaticUserFilter) to context logs
2019-08-28 19:57:59,453 [main] INFO  http.HttpServer2 (HttpServer2.java:addFilter(958)) - Added filter static_user_filter (class=org.apache.hadoop.http.lib.StaticUserWebFilter$StaticUserFilter) to context static
2019-08-28 19:57:59,490 [main] INFO  server.StorageContainerManager (StorageContainerManager.java:start(759)) - StorageContainerLocationProtocol RPC server is listening at /0.0.0.0:38203
2019-08-28 19:57:59,561 [main] WARN  impl.MetricsConfig (MetricsConfig.java:loadFirst(134)) - Cannot locate configuration: tried hadoop-metrics2-storagecontainermanager.properties,hadoop-metrics2.properties
2019-08-28 19:57:59,575 [main] INFO  impl.MetricsSystemImpl (MetricsSystemImpl.java:startTimer(374)) - Scheduled Metric snapshot period at 10 second(s).
2019-08-28 19:57:59,575 [main] INFO  impl.MetricsSystemImpl (MetricsSystemImpl.java:start(191)) - StorageContainerManager metrics system started
2019-08-28 19:57:59,789 [main] INFO  server.SCMClientProtocolServer (SCMClientProtocolServer.java:start(151)) - RPC server for Client  is listening at /0.0.0.0:38203
2019-08-28 19:57:59,790 [IPC Server listener on 38203] INFO  ipc.Server (Server.java:run(1153)) - IPC Server listener on 38203: starting
2019-08-28 19:57:59,790 [IPC Server Responder] INFO  ipc.Server (Server.java:run(1314)) - IPC Server Responder: starting
2019-08-28 19:57:59,792 [main] INFO  server.StorageContainerManager (StorageContainerManager.java:start(769)) - ScmBlockLocationProtocol RPC server is listening at /127.0.0.1:43942
2019-08-28 19:57:59,793 [main] INFO  server.SCMBlockProtocolServer (SCMBlockProtocolServer.java:start(141)) - RPC server for Block Protocol is listening at /127.0.0.1:43942
2019-08-28 19:57:59,793 [IPC Server Responder] INFO  ipc.Server (Server.java:run(1314)) - IPC Server Responder: starting
2019-08-28 19:57:59,793 [IPC Server listener on 43942] INFO  ipc.Server (Server.java:run(1153)) - IPC Server listener on 43942: starting
2019-08-28 19:57:59,795 [main] INFO  server.StorageContainerManager (StorageContainerManager.java:start(773)) - ScmDatanodeProtocl RPC server is listening at /0.0.0.0:41777
2019-08-28 19:57:59,795 [main] INFO  server.SCMDatanodeProtocolServer (SCMDatanodeProtocolServer.java:start(191)) - RPC server for DataNodes is listening at /0.0.0.0:41777
2019-08-28 19:57:59,796 [IPC Server Responder] INFO  ipc.Server (Server.java:run(1314)) - IPC Server Responder: starting
2019-08-28 19:57:59,796 [IPC Server listener on 41777] INFO  ipc.Server (Server.java:run(1153)) - IPC Server listener on 41777: starting
2019-08-28 19:57:59,799 [main] INFO  http.HttpServer2 (HttpServer2.java:bindListener(1191)) - Jetty bound to port 33957
2019-08-28 19:57:59,801 [main] INFO  server.Server (Server.java:doStart(351)) - jetty-9.3.24.v20180605, build timestamp: 2018-06-05T17:11:56Z, git hash: 84205aa28f11a4f31f2a3b86d1bba2cc8ab69827
2019-08-28 19:57:59,832 [main] INFO  handler.ContextHandler (ContextHandler.java:doStart(781)) - Started o.e.j.s.ServletContextHandler@54d18072{/logs,file:///workdir/hadoop-ozone/integration-test/target/log,AVAILABLE}
2019-08-28 19:57:59,833 [main] INFO  handler.ContextHandler (ContextHandler.java:doStart(781)) - Started o.e.j.s.ServletContextHandler@47a5b70d{/static,file:///workdir/hadoop-ozone/integration-test/target/test-classes/webapps/static,AVAILABLE}
2019-08-28 19:57:59,865 [main] INFO  handler.ContextHandler (ContextHandler.java:doStart(781)) - Started o.e.j.w.WebAppContext@48f5bde6{/,file:///workdir/hadoop-ozone/integration-test/target/test-classes/webapps/scm/,AVAILABLE}{/scm}
2019-08-28 19:57:59,870 [main] INFO  server.AbstractConnector (AbstractConnector.java:doStart(278)) - Started ServerConnector@6d511b5f{HTTP/1.1,[http/1.1]}{0.0.0.0:33957}
2019-08-28 19:57:59,870 [main] INFO  server.Server (Server.java:doStart(419)) - Started @4051ms
2019-08-28 19:57:59,871 [main] INFO  server.BaseHttpServer (BaseHttpServer.java:updateConnectorAddress(226)) - HTTP server of SCM is listening at http://0.0.0.0:33957
2019-08-28 19:57:59,876 [org.apache.hadoop.util.JvmPauseMonitor$Monitor@3b1bb3ab] INFO  util.JvmPauseMonitor (JvmPauseMonitor.java:run(188)) - Starting JVM pause monitor
2019-08-28 19:57:59,879 [main] WARN  server.ServerUtils (ServerUtils.java:getDBPath(232)) - ozone.om.db.dirs is not configured. We recommend adding this setting. Falling back to ozone.metadata.dirs instead.
2019-08-28 19:57:59,990 [main] WARN  server.ServerUtils (ServerUtils.java:getDBPath(232)) - ozone.om.db.dirs is not configured. We recommend adding this setting. Falling back to ozone.metadata.dirs instead.
2019-08-28 19:57:59,990 [main] WARN  server.ServerUtils (ServerUtils.java:getDBPath(232)) - ozone.om.db.dirs is not configured. We recommend adding this setting. Falling back to ozone.metadata.dirs instead.
2019-08-28 19:57:59,991 [main] INFO  om.OzoneManager (OzoneManager.java:setOMNodeDetails(645)) - OM Service ID is not set. Setting it to the default ID: omServiceIdDefault
2019-08-28 19:57:59,991 [main] INFO  om.OzoneManager (OzoneManager.java:setOMNodeDetails(651)) - OM Node ID is not set. Setting it to the OmStorage's OmID: 28f7ffda-8205-4e86-a1d5-282d9e496c09
2019-08-28 19:57:59,993 [main] INFO  om.OzoneManager (OzoneManager.java:loadOMHAConfigs(602)) - Found matching OM address with OMServiceId: null, OMNodeId: null, RPC Address: localhost:0 and Ratis port: 9872
2019-08-28 19:58:00,252 | INFO  | SCMAudit | user=jenkins1000 | ip=127.0.0.1 | op=GET_SCM_INFO null | ret=SUCCESS |  
2019-08-28 19:58:00,775 [main] WARN  server.ServerUtils (ServerUtils.java:getDBPath(232)) - ozone.om.db.dirs is not configured. We recommend adding this setting. Falling back to ozone.metadata.dirs instead.
2019-08-28 19:58:00,783 [main] INFO  db.DBStoreBuilder (DBStoreBuilder.java:addTable(110)) - using custom profile for table: userTable
2019-08-28 19:58:00,783 [main] INFO  db.DBStoreBuilder (DBStoreBuilder.java:processTables(161)) - Using default column profile:DBProfile.DISK for Table:userTable
2019-08-28 19:58:00,783 [main] INFO  db.DBStoreBuilder (DBStoreBuilder.java:addTable(110)) - using custom profile for table: volumeTable
2019-08-28 19:58:00,783 [main] INFO  db.DBStoreBuilder (DBStoreBuilder.java:processTables(161)) - Using default column profile:DBProfile.DISK for Table:volumeTable
2019-08-28 19:58:00,784 [main] INFO  db.DBStoreBuilder (DBStoreBuilder.java:addTable(110)) - using custom profile for table: bucketTable
2019-08-28 19:58:00,784 [main] INFO  db.DBStoreBuilder (DBStoreBuilder.java:processTables(161)) - Using default column profile:DBProfile.DISK for Table:bucketTable
2019-08-28 19:58:00,784 [main] INFO  db.DBStoreBuilder (DBStoreBuilder.java:addTable(110)) - using custom profile for table: keyTable
2019-08-28 19:58:00,784 [main] INFO  db.DBStoreBuilder (DBStoreBuilder.java:processTables(161)) - Using default column profile:DBProfile.DISK for Table:keyTable
2019-08-28 19:58:00,785 [main] INFO  db.DBStoreBuilder (DBStoreBuilder.java:addTable(110)) - using custom profile for table: deletedTable
2019-08-28 19:58:00,785 [main] INFO  db.DBStoreBuilder (DBStoreBuilder.java:processTables(161)) - Using default column profile:DBProfile.DISK for Table:deletedTable
2019-08-28 19:58:00,785 [main] INFO  db.DBStoreBuilder (DBStoreBuilder.java:addTable(110)) - using custom profile for table: openKeyTable
2019-08-28 19:58:00,785 [main] INFO  db.DBStoreBuilder (DBStoreBuilder.java:processTables(161)) - Using default column profile:DBProfile.DISK for Table:openKeyTable
2019-08-28 19:58:00,786 [main] INFO  db.DBStoreBuilder (DBStoreBuilder.java:addTable(110)) - using custom profile for table: s3Table
2019-08-28 19:58:00,786 [main] INFO  db.DBStoreBuilder (DBStoreBuilder.java:processTables(161)) - Using default column profile:DBProfile.DISK for Table:s3Table
2019-08-28 19:58:00,786 [main] INFO  db.DBStoreBuilder (DBStoreBuilder.java:addTable(110)) - using custom profile for table: multipartInfoTable
2019-08-28 19:58:00,787 [main] INFO  db.DBStoreBuilder (DBStoreBuilder.java:processTables(161)) - Using default column profile:DBProfile.DISK for Table:multipartInfoTable
2019-08-28 19:58:00,787 [main] INFO  db.DBStoreBuilder (DBStoreBuilder.java:addTable(110)) - using custom profile for table: dTokenTable
2019-08-28 19:58:00,787 [main] INFO  db.DBStoreBuilder (DBStoreBuilder.java:processTables(161)) - Using default column profile:DBProfile.DISK for Table:dTokenTable
2019-08-28 19:58:00,787 [main] INFO  db.DBStoreBuilder (DBStoreBuilder.java:addTable(110)) - using custom profile for table: s3SecretTable
2019-08-28 19:58:00,788 [main] INFO  db.DBStoreBuilder (DBStoreBuilder.java:processTables(161)) - Using default column profile:DBProfile.DISK for Table:s3SecretTable
2019-08-28 19:58:00,788 [main] INFO  db.DBStoreBuilder (DBStoreBuilder.java:addTable(110)) - using custom profile for table: prefixTable
2019-08-28 19:58:00,788 [main] INFO  db.DBStoreBuilder (DBStoreBuilder.java:processTables(161)) - Using default column profile:DBProfile.DISK for Table:prefixTable
2019-08-28 19:58:00,788 [main] INFO  db.DBStoreBuilder (DBStoreBuilder.java:addTable(110)) - using custom profile for table: default
2019-08-28 19:58:00,789 [main] INFO  db.DBStoreBuilder (DBStoreBuilder.java:processTables(167)) - Using default column profile:DBProfile.DISK for Table:default
2019-08-28 19:58:00,789 [main] INFO  db.DBStoreBuilder (DBStoreBuilder.java:getDbProfile(198)) - Using default options. DBProfile.DISK
2019-08-28 19:58:03,420 [main] INFO  ipc.CallQueueManager (CallQueueManager.java:<init>(84)) - Using callQueue: class java.util.concurrent.LinkedBlockingQueue, queueCapacity: 2000, scheduler: class org.apache.hadoop.ipc.DefaultRpcScheduler, ipcBackoff: false.
2019-08-28 19:58:03,421 [Socket Reader #1 for port 43463] INFO  ipc.Server (Server.java:run(1074)) - Starting Socket Reader #1 for port 43463
2019-08-28 19:58:03,443 [main] INFO  om.OzoneManager (OzoneManager.java:start(1256)) - OzoneManager RPC server is listening at localhost/127.0.0.1:43463
2019-08-28 19:58:03,443 [main] INFO  impl.MetricsSystemImpl (MetricsSystemImpl.java:init(158)) - OzoneManager metrics system started (again)
2019-08-28 19:58:03,444 [IPC Server Responder] INFO  ipc.Server (Server.java:run(1314)) - IPC Server Responder: starting
2019-08-28 19:58:03,445 [IPC Server listener on 43463] INFO  ipc.Server (Server.java:run(1153)) - IPC Server listener on 43463: starting
2019-08-28 19:58:03,452 [main] INFO  hdfs.DFSUtil (DFSUtil.java:httpServerTemplateForNNAndJN(1641)) - Starting Web-server for ozoneManager at: http://0.0.0.0:0
2019-08-28 19:58:03,455 [main] INFO  server.AuthenticationFilter (AuthenticationFilter.java:constructSecretProvider(240)) - Unable to initialize FileSignerSecretProvider, falling back to use random secrets.
2019-08-28 19:58:03,456 [main] WARN  http.HttpRequestLog (HttpRequestLog.java:getRequestLog(97)) - Jetty request log can only be enabled using Log4j
2019-08-28 19:58:03,654 [main] INFO  http.HttpServer2 (HttpServer2.java:addGlobalFilter(975)) - Added global filter 'safety' (class=org.apache.hadoop.http.HttpServer2$QuotingInputFilter)
2019-08-28 19:58:03,656 [main] INFO  http.HttpServer2 (HttpServer2.java:addFilter(948)) - Added filter static_user_filter (class=org.apache.hadoop.http.lib.StaticUserWebFilter$StaticUserFilter) to context ozoneManager
2019-08-28 19:58:03,656 [main] INFO  http.HttpServer2 (HttpServer2.java:addFilter(958)) - Added filter static_user_filter (class=org.apache.hadoop.http.lib.StaticUserWebFilter$StaticUserFilter) to context logs
2019-08-28 19:58:03,656 [main] INFO  http.HttpServer2 (HttpServer2.java:addFilter(958)) - Added filter static_user_filter (class=org.apache.hadoop.http.lib.StaticUserWebFilter$StaticUserFilter) to context static
2019-08-28 19:58:03,659 [main] INFO  http.HttpServer2 (HttpServer2.java:bindListener(1191)) - Jetty bound to port 42261
2019-08-28 19:58:03,659 [main] INFO  server.Server (Server.java:doStart(351)) - jetty-9.3.24.v20180605, build timestamp: 2018-06-05T17:11:56Z, git hash: 84205aa28f11a4f31f2a3b86d1bba2cc8ab69827
2019-08-28 19:58:03,662 [main] INFO  handler.ContextHandler (ContextHandler.java:doStart(781)) - Started o.e.j.s.ServletContextHandler@a64e035{/logs,file:///workdir/hadoop-ozone/integration-test/target/log,AVAILABLE}
2019-08-28 19:58:03,662 [main] INFO  handler.ContextHandler (ContextHandler.java:doStart(781)) - Started o.e.j.s.ServletContextHandler@41c204a0{/static,file:///workdir/hadoop-ozone/integration-test/target/test-classes/webapps/static,AVAILABLE}
2019-08-28 19:58:03,674 [main] INFO  handler.ContextHandler (ContextHandler.java:doStart(781)) - Started o.e.j.w.WebAppContext@7d755813{/,file:///workdir/hadoop-ozone/integration-test/target/test-classes/webapps/ozoneManager/,AVAILABLE}{/ozoneManager}
2019-08-28 19:58:03,676 [main] INFO  server.AbstractConnector (AbstractConnector.java:doStart(278)) - Started ServerConnector@69c93ca4{HTTP/1.1,[http/1.1]}{0.0.0.0:42261}
2019-08-28 19:58:03,677 [main] INFO  server.Server (Server.java:doStart(419)) - Started @7857ms
2019-08-28 19:58:03,677 [main] INFO  server.BaseHttpServer (BaseHttpServer.java:updateConnectorAddress(226)) - HTTP server of OZONEMANAGER is listening at http://0.0.0.0:42261
2019-08-28 19:58:03,885 [main] INFO  impl.MetricsSystemImpl (MetricsSystemImpl.java:init(158)) - HddsDatanode metrics system started (again)
2019-08-28 19:58:03,976 [main] INFO  ozone.HddsDatanodeService (HddsDatanodeService.java:start(190)) - HddsDatanodeService host:pr-hdds-1949-jn7bv-2990118995 ip:192.168.36.107
2019-08-28 19:58:04,010 [main] INFO  volume.HddsVolume (HddsVolume.java:<init>(176)) - Creating Volume: /workdir/hadoop-ozone/integration-test/target/test-dir/MiniOzoneClusterImpl-d1bd8377-0706-4af8-a373-5017138d6a8c/datanode-0/data/containers/hdds of  storage type : DISK and capacity : 1482555576320
2019-08-28 19:58:04,012 [main] INFO  volume.VolumeSet (VolumeSet.java:initializeVolumeSet(170)) - Added Volume : /workdir/hadoop-ozone/integration-test/target/test-dir/MiniOzoneClusterImpl-d1bd8377-0706-4af8-a373-5017138d6a8c/datanode-0/data/containers/hdds to VolumeSet
2019-08-28 19:58:04,015 [main] INFO  volume.ThrottledAsyncChecker (ThrottledAsyncChecker.java:schedule(140)) - Scheduling a check for org.apache.hadoop.ozone.container.common.volume.HddsVolume@58b67519
2019-08-28 19:58:04,033 [main] INFO  volume.HddsVolumeChecker (HddsVolumeChecker.java:checkAllVolumes(203)) - Scheduled health check for volume org.apache.hadoop.ozone.container.common.volume.HddsVolume@58b67519
2019-08-28 19:58:04,137 [main] INFO  impl.RaftServerProxy (ConfUtils.java:logGet(43)) - raft.rpc.type = GRPC (default)
2019-08-28 19:58:04,206 [main] INFO  grpc.GrpcFactory (GrpcFactory.java:checkPooledByteBufAllocatorUseCacheForAllThreads(45)) - PERFORMANCE WARNING: useCacheForAllThreads is true that may cause Netty to create a lot garbage objects and, as a result, trigger GC.
	It is recommended to disable useCacheForAllThreads by setting -Dorg.apache.ratis.thirdparty.io.netty.allocator.useCacheForAllThreads=false in command line.
2019-08-28 19:58:04,214 [main] INFO  grpc.GrpcConfigKeys$Server (ConfUtils.java:logGet(43)) - raft.grpc.server.port = 0 (default)
2019-08-28 19:58:04,218 [main] INFO  server.GrpcService (ConfUtils.java:logGet(43)) - raft.grpc.message.size.max = 33570816 (custom)
2019-08-28 19:58:04,221 [main] INFO  server.RaftServerConfigKeys (ConfUtils.java:logGet(43)) - raft.server.log.appender.buffer.byte-limit = 33554432 (custom)
2019-08-28 19:58:04,222 [main] INFO  server.GrpcService (ConfUtils.java:logGet(43)) - raft.grpc.flow.control.window = 1MB (=1048576) (default)
2019-08-28 19:58:04,223 [main] INFO  server.RaftServerConfigKeys (ConfUtils.java:logGet(43)) - raft.server.rpc.request.timeout = 3000ms (default)
2019-08-28 19:58:04,408 [main] INFO  server.RaftServerConfigKeys (ConfUtils.java:logGet(43)) - raft.server.storage.dir = [/workdir/hadoop-ozone/integration-test/target/test-dir/MiniOzoneClusterImpl-d1bd8377-0706-4af8-a373-5017138d6a8c/datanode-0/data/ratis] (custom)
2019-08-28 19:58:04,467 [main] INFO  replication.SimpleContainerDownloader (SimpleContainerDownloader.java:<init>(72)) - Starting container downloader service to copy containers to replicate.
2019-08-28 19:58:04,486 [main] INFO  hdfs.DFSUtil (DFSUtil.java:httpServerTemplateForNNAndJN(1641)) - Starting Web-server for hddsDatanode at: http://0.0.0.0:0
2019-08-28 19:58:04,489 [main] INFO  server.AuthenticationFilter (AuthenticationFilter.java:constructSecretProvider(240)) - Unable to initialize FileSignerSecretProvider, falling back to use random secrets.
2019-08-28 19:58:04,490 [main] WARN  http.HttpRequestLog (HttpRequestLog.java:getRequestLog(97)) - Jetty request log can only be enabled using Log4j
2019-08-28 19:58:04,493 [main] INFO  http.HttpServer2 (HttpServer2.java:addGlobalFilter(975)) - Added global filter 'safety' (class=org.apache.hadoop.http.HttpServer2$QuotingInputFilter)
2019-08-28 19:58:04,494 [main] INFO  http.HttpServer2 (HttpServer2.java:addFilter(948)) - Added filter static_user_filter (class=org.apache.hadoop.http.lib.StaticUserWebFilter$StaticUserFilter) to context hddsDatanode
2019-08-28 19:58:04,494 [main] INFO  http.HttpServer2 (HttpServer2.java:addFilter(958)) - Added filter static_user_filter (class=org.apache.hadoop.http.lib.StaticUserWebFilter$StaticUserFilter) to context static
2019-08-28 19:58:04,495 [main] INFO  http.HttpServer2 (HttpServer2.java:addFilter(958)) - Added filter static_user_filter (class=org.apache.hadoop.http.lib.StaticUserWebFilter$StaticUserFilter) to context logs
2019-08-28 19:58:04,496 [main] INFO  http.HttpServer2 (HttpServer2.java:bindListener(1191)) - Jetty bound to port 41184
2019-08-28 19:58:04,496 [main] INFO  server.Server (Server.java:doStart(351)) - jetty-9.3.24.v20180605, build timestamp: 2018-06-05T17:11:56Z, git hash: 84205aa28f11a4f31f2a3b86d1bba2cc8ab69827
2019-08-28 19:58:04,499 [main] INFO  handler.ContextHandler (ContextHandler.java:doStart(781)) - Started o.e.j.s.ServletContextHandler@17fa1336{/logs,file:///workdir/hadoop-ozone/integration-test/target/log,AVAILABLE}
2019-08-28 19:58:04,500 [main] INFO  handler.ContextHandler (ContextHandler.java:doStart(781)) - Started o.e.j.s.ServletContextHandler@68b9834c{/static,jar:file:/home/user/.m2/repository/org/apache/hadoop/hadoop-hdds-container-service/0.5.0-SNAPSHOT/hadoop-hdds-container-service-0.5.0-SNAPSHOT.jar!/webapps/static,AVAILABLE}
2019-08-28 19:58:04,541 [main] INFO  handler.ContextHandler (ContextHandler.java:doStart(781)) - Started o.e.j.w.WebAppContext@934b52f{/,file:///tmp/jetty-0.0.0.0-41184-hddsDatanode-_-any-8725323182254580804.dir/webapp/,AVAILABLE}{/hddsDatanode}
2019-08-28 19:58:04,543 [main] INFO  server.AbstractConnector (AbstractConnector.java:doStart(278)) - Started ServerConnector@2630dbc4{HTTP/1.1,[http/1.1]}{0.0.0.0:41184}
2019-08-28 19:58:04,543 [main] INFO  server.Server (Server.java:doStart(419)) - Started @8723ms
2019-08-28 19:58:04,545 [main] INFO  server.BaseHttpServer (BaseHttpServer.java:updateConnectorAddress(226)) - HTTP server of HDDSDATANODE is listening at http://0.0.0.0:41184
2019-08-28 19:58:04,546 [main] INFO  impl.MetricsSystemImpl (MetricsSystemImpl.java:init(158)) - HddsDatanode metrics system started (again)
2019-08-28 19:58:04,551 [main] INFO  ozone.HddsDatanodeService (HddsDatanodeService.java:start(190)) - HddsDatanodeService host:pr-hdds-1949-jn7bv-2990118995 ip:192.168.36.107
2019-08-28 19:58:04,553 [org.apache.hadoop.util.JvmPauseMonitor$Monitor@25e9d6cd] INFO  util.JvmPauseMonitor (JvmPauseMonitor.java:run(188)) - Starting JVM pause monitor
2019-08-28 19:58:04,565 [main] INFO  volume.HddsVolume (HddsVolume.java:<init>(176)) - Creating Volume: /workdir/hadoop-ozone/integration-test/target/test-dir/MiniOzoneClusterImpl-d1bd8377-0706-4af8-a373-5017138d6a8c/datanode-1/data/containers/hdds of  storage type : DISK and capacity : 1482555576320
2019-08-28 19:58:04,566 [main] INFO  volume.VolumeSet (VolumeSet.java:initializeVolumeSet(170)) - Added Volume : /workdir/hadoop-ozone/integration-test/target/test-dir/MiniOzoneClusterImpl-d1bd8377-0706-4af8-a373-5017138d6a8c/datanode-1/data/containers/hdds to VolumeSet
2019-08-28 19:58:04,567 [main] INFO  volume.ThrottledAsyncChecker (ThrottledAsyncChecker.java:schedule(140)) - Scheduling a check for org.apache.hadoop.ozone.container.common.volume.HddsVolume@41294371
2019-08-28 19:58:04,568 [main] INFO  volume.HddsVolumeChecker (HddsVolumeChecker.java:checkAllVolumes(203)) - Scheduled health check for volume org.apache.hadoop.ozone.container.common.volume.HddsVolume@41294371
2019-08-28 19:58:04,596 [main] INFO  impl.RaftServerProxy (ConfUtils.java:logGet(43)) - raft.rpc.type = GRPC (default)
2019-08-28 19:58:04,597 [main] INFO  grpc.GrpcFactory (GrpcFactory.java:checkPooledByteBufAllocatorUseCacheForAllThreads(45)) - PERFORMANCE WARNING: useCacheForAllThreads is true that may cause Netty to create a lot garbage objects and, as a result, trigger GC.
	It is recommended to disable useCacheForAllThreads by setting -Dorg.apache.ratis.thirdparty.io.netty.allocator.useCacheForAllThreads=false in command line.
2019-08-28 19:58:04,597 [main] INFO  grpc.GrpcConfigKeys$Server (ConfUtils.java:logGet(43)) - raft.grpc.server.port = 0 (default)
2019-08-28 19:58:04,598 [main] INFO  server.GrpcService (ConfUtils.java:logGet(43)) - raft.grpc.message.size.max = 33570816 (custom)
2019-08-28 19:58:04,598 [main] INFO  server.RaftServerConfigKeys (ConfUtils.java:logGet(43)) - raft.server.log.appender.buffer.byte-limit = 33554432 (custom)
2019-08-28 19:58:04,599 [main] INFO  server.GrpcService (ConfUtils.java:logGet(43)) - raft.grpc.flow.control.window = 1MB (=1048576) (default)
2019-08-28 19:58:04,599 [main] INFO  server.RaftServerConfigKeys (ConfUtils.java:logGet(43)) - raft.server.rpc.request.timeout = 3000ms (default)
2019-08-28 19:58:04,600 [main] INFO  server.RaftServerConfigKeys (ConfUtils.java:logGet(43)) - raft.server.storage.dir = [/workdir/hadoop-ozone/integration-test/target/test-dir/MiniOzoneClusterImpl-d1bd8377-0706-4af8-a373-5017138d6a8c/datanode-1/data/ratis] (custom)
2019-08-28 19:58:04,601 [main] INFO  replication.SimpleContainerDownloader (SimpleContainerDownloader.java:<init>(72)) - Starting container downloader service to copy containers to replicate.
2019-08-28 19:58:04,603 [main] INFO  hdfs.DFSUtil (DFSUtil.java:httpServerTemplateForNNAndJN(1641)) - Starting Web-server for hddsDatanode at: http://0.0.0.0:0
2019-08-28 19:58:04,606 [main] INFO  server.AuthenticationFilter (AuthenticationFilter.java:constructSecretProvider(240)) - Unable to initialize FileSignerSecretProvider, falling back to use random secrets.
2019-08-28 19:58:04,607 [main] WARN  http.HttpRequestLog (HttpRequestLog.java:getRequestLog(97)) - Jetty request log can only be enabled using Log4j
2019-08-28 19:58:04,610 [main] INFO  http.HttpServer2 (HttpServer2.java:addGlobalFilter(975)) - Added global filter 'safety' (class=org.apache.hadoop.http.HttpServer2$QuotingInputFilter)
2019-08-28 19:58:04,612 [main] INFO  http.HttpServer2 (HttpServer2.java:addFilter(948)) - Added filter static_user_filter (class=org.apache.hadoop.http.lib.StaticUserWebFilter$StaticUserFilter) to context hddsDatanode
2019-08-28 19:58:04,612 [main] INFO  http.HttpServer2 (HttpServer2.java:addFilter(958)) - Added filter static_user_filter (class=org.apache.hadoop.http.lib.StaticUserWebFilter$StaticUserFilter) to context logs
2019-08-28 19:58:04,612 [main] INFO  http.HttpServer2 (HttpServer2.java:addFilter(958)) - Added filter static_user_filter (class=org.apache.hadoop.http.lib.StaticUserWebFilter$StaticUserFilter) to context static
2019-08-28 19:58:04,614 [main] INFO  http.HttpServer2 (HttpServer2.java:bindListener(1191)) - Jetty bound to port 46695
2019-08-28 19:58:04,614 [main] INFO  server.Server (Server.java:doStart(351)) - jetty-9.3.24.v20180605, build timestamp: 2018-06-05T17:11:56Z, git hash: 84205aa28f11a4f31f2a3b86d1bba2cc8ab69827
2019-08-28 19:58:04,619 [main] INFO  handler.ContextHandler (ContextHandler.java:doStart(781)) - Started o.e.j.s.ServletContextHandler@2b6fcb9f{/logs,file:///workdir/hadoop-ozone/integration-test/target/log,AVAILABLE}
2019-08-28 19:58:04,620 [main] INFO  handler.ContextHandler (ContextHandler.java:doStart(781)) - Started o.e.j.s.ServletContextHandler@74170687{/static,jar:file:/home/user/.m2/repository/org/apache/hadoop/hadoop-hdds-container-service/0.5.0-SNAPSHOT/hadoop-hdds-container-service-0.5.0-SNAPSHOT.jar!/webapps/static,AVAILABLE}
2019-08-28 19:58:04,662 [main] INFO  handler.ContextHandler (ContextHandler.java:doStart(781)) - Started o.e.j.w.WebAppContext@54e02f6a{/,file:///tmp/jetty-0.0.0.0-46695-hddsDatanode-_-any-5501760466686464950.dir/webapp/,AVAILABLE}{/hddsDatanode}
2019-08-28 19:58:04,664 [main] INFO  server.AbstractConnector (AbstractConnector.java:doStart(278)) - Started ServerConnector@17f3eefb{HTTP/1.1,[http/1.1]}{0.0.0.0:46695}
2019-08-28 19:58:04,664 [main] INFO  server.Server (Server.java:doStart(419)) - Started @8844ms
2019-08-28 19:58:04,665 [main] INFO  server.BaseHttpServer (BaseHttpServer.java:updateConnectorAddress(226)) - HTTP server of HDDSDATANODE is listening at http://0.0.0.0:46695
2019-08-28 19:58:04,665 [main] INFO  impl.MetricsSystemImpl (MetricsSystemImpl.java:init(158)) - HddsDatanode metrics system started (again)
2019-08-28 19:58:04,671 [org.apache.hadoop.util.JvmPauseMonitor$Monitor@d8bd3fb] INFO  util.JvmPauseMonitor (JvmPauseMonitor.java:run(188)) - Starting JVM pause monitor
2019-08-28 19:58:04,671 [main] INFO  ozone.HddsDatanodeService (HddsDatanodeService.java:start(190)) - HddsDatanodeService host:pr-hdds-1949-jn7bv-2990118995 ip:192.168.36.107
2019-08-28 19:58:04,680 [main] INFO  volume.HddsVolume (HddsVolume.java:<init>(176)) - Creating Volume: /workdir/hadoop-ozone/integration-test/target/test-dir/MiniOzoneClusterImpl-d1bd8377-0706-4af8-a373-5017138d6a8c/datanode-2/data/containers/hdds of  storage type : DISK and capacity : 1482555576320
2019-08-28 19:58:04,680 [main] INFO  volume.VolumeSet (VolumeSet.java:initializeVolumeSet(170)) - Added Volume : /workdir/hadoop-ozone/integration-test/target/test-dir/MiniOzoneClusterImpl-d1bd8377-0706-4af8-a373-5017138d6a8c/datanode-2/data/containers/hdds to VolumeSet
2019-08-28 19:58:04,681 [main] INFO  volume.ThrottledAsyncChecker (ThrottledAsyncChecker.java:schedule(140)) - Scheduling a check for org.apache.hadoop.ozone.container.common.volume.HddsVolume@4acb7ecc
2019-08-28 19:58:04,682 [main] INFO  volume.HddsVolumeChecker (HddsVolumeChecker.java:checkAllVolumes(203)) - Scheduled health check for volume org.apache.hadoop.ozone.container.common.volume.HddsVolume@4acb7ecc
2019-08-28 19:58:04,686 [Datanode State Machine Thread - 0] INFO  datanode.InitDatanodeState (InitDatanodeState.java:persistContainerDatanodeDetails(140)) - DatanodeDetails is persisted to /workdir/hadoop-ozone/integration-test/target/test-dir/MiniOzoneClusterImpl-d1bd8377-0706-4af8-a373-5017138d6a8c/datanode-0/meta/datanode.id
2019-08-28 19:58:04,691 [Datanode State Machine Thread - 0] INFO  datanode.InitDatanodeState (InitDatanodeState.java:persistContainerDatanodeDetails(140)) - DatanodeDetails is persisted to /workdir/hadoop-ozone/integration-test/target/test-dir/MiniOzoneClusterImpl-d1bd8377-0706-4af8-a373-5017138d6a8c/datanode-1/meta/datanode.id
2019-08-28 19:58:04,707 [main] INFO  impl.RaftServerProxy (ConfUtils.java:logGet(43)) - raft.rpc.type = GRPC (default)
2019-08-28 19:58:04,707 [main] INFO  grpc.GrpcFactory (GrpcFactory.java:checkPooledByteBufAllocatorUseCacheForAllThreads(45)) - PERFORMANCE WARNING: useCacheForAllThreads is true that may cause Netty to create a lot garbage objects and, as a result, trigger GC.
	It is recommended to disable useCacheForAllThreads by setting -Dorg.apache.ratis.thirdparty.io.netty.allocator.useCacheForAllThreads=false in command line.
2019-08-28 19:58:04,707 [main] INFO  grpc.GrpcConfigKeys$Server (ConfUtils.java:logGet(43)) - raft.grpc.server.port = 0 (default)
2019-08-28 19:58:04,708 [main] INFO  server.GrpcService (ConfUtils.java:logGet(43)) - raft.grpc.message.size.max = 33570816 (custom)
2019-08-28 19:58:04,708 [main] INFO  server.RaftServerConfigKeys (ConfUtils.java:logGet(43)) - raft.server.log.appender.buffer.byte-limit = 33554432 (custom)
2019-08-28 19:58:04,709 [main] INFO  server.GrpcService (ConfUtils.java:logGet(43)) - raft.grpc.flow.control.window = 1MB (=1048576) (default)
2019-08-28 19:58:04,709 [main] INFO  server.RaftServerConfigKeys (ConfUtils.java:logGet(43)) - raft.server.rpc.request.timeout = 3000ms (default)
2019-08-28 19:58:04,710 [main] INFO  server.RaftServerConfigKeys (ConfUtils.java:logGet(43)) - raft.server.storage.dir = [/workdir/hadoop-ozone/integration-test/target/test-dir/MiniOzoneClusterImpl-d1bd8377-0706-4af8-a373-5017138d6a8c/datanode-2/data/ratis] (custom)
2019-08-28 19:58:04,711 [main] INFO  replication.SimpleContainerDownloader (SimpleContainerDownloader.java:<init>(72)) - Starting container downloader service to copy containers to replicate.
2019-08-28 19:58:04,713 [main] INFO  hdfs.DFSUtil (DFSUtil.java:httpServerTemplateForNNAndJN(1641)) - Starting Web-server for hddsDatanode at: http://0.0.0.0:0
2019-08-28 19:58:04,714 [main] INFO  server.AuthenticationFilter (AuthenticationFilter.java:constructSecretProvider(240)) - Unable to initialize FileSignerSecretProvider, falling back to use random secrets.
2019-08-28 19:58:04,715 [main] WARN  http.HttpRequestLog (HttpRequestLog.java:getRequestLog(97)) - Jetty request log can only be enabled using Log4j
2019-08-28 19:58:04,717 [main] INFO  http.HttpServer2 (HttpServer2.java:addGlobalFilter(975)) - Added global filter 'safety' (class=org.apache.hadoop.http.HttpServer2$QuotingInputFilter)
2019-08-28 19:58:04,718 [main] INFO  http.HttpServer2 (HttpServer2.java:addFilter(948)) - Added filter static_user_filter (class=org.apache.hadoop.http.lib.StaticUserWebFilter$StaticUserFilter) to context hddsDatanode
2019-08-28 19:58:04,719 [main] INFO  http.HttpServer2 (HttpServer2.java:addFilter(958)) - Added filter static_user_filter (class=org.apache.hadoop.http.lib.StaticUserWebFilter$StaticUserFilter) to context logs
2019-08-28 19:58:04,719 [main] INFO  http.HttpServer2 (HttpServer2.java:addFilter(958)) - Added filter static_user_filter (class=org.apache.hadoop.http.lib.StaticUserWebFilter$StaticUserFilter) to context static
2019-08-28 19:58:04,720 [main] INFO  http.HttpServer2 (HttpServer2.java:bindListener(1191)) - Jetty bound to port 33716
2019-08-28 19:58:04,720 [main] INFO  server.Server (Server.java:doStart(351)) - jetty-9.3.24.v20180605, build timestamp: 2018-06-05T17:11:56Z, git hash: 84205aa28f11a4f31f2a3b86d1bba2cc8ab69827
2019-08-28 19:58:04,723 [main] INFO  handler.ContextHandler (ContextHandler.java:doStart(781)) - Started o.e.j.s.ServletContextHandler@4437ac07{/logs,file:///workdir/hadoop-ozone/integration-test/target/log,AVAILABLE}
2019-08-28 19:58:04,723 [main] INFO  handler.ContextHandler (ContextHandler.java:doStart(781)) - Started o.e.j.s.ServletContextHandler@753aca85{/static,jar:file:/home/user/.m2/repository/org/apache/hadoop/hadoop-hdds-container-service/0.5.0-SNAPSHOT/hadoop-hdds-container-service-0.5.0-SNAPSHOT.jar!/webapps/static,AVAILABLE}
2019-08-28 19:58:04,759 [main] INFO  handler.ContextHandler (ContextHandler.java:doStart(781)) - Started o.e.j.w.WebAppContext@648d0e6d{/,file:///tmp/jetty-0.0.0.0-33716-hddsDatanode-_-any-1675114075570852647.dir/webapp/,AVAILABLE}{/hddsDatanode}
2019-08-28 19:58:04,760 [main] INFO  server.AbstractConnector (AbstractConnector.java:doStart(278)) - Started ServerConnector@79e66b2f{HTTP/1.1,[http/1.1]}{0.0.0.0:33716}
2019-08-28 19:58:04,761 [main] INFO  server.Server (Server.java:doStart(419)) - Started @8941ms
2019-08-28 19:58:04,762 [main] INFO  server.BaseHttpServer (BaseHttpServer.java:updateConnectorAddress(226)) - HTTP server of HDDSDATANODE is listening at http://0.0.0.0:33716
2019-08-28 19:58:04,762 [main] INFO  impl.MetricsSystemImpl (MetricsSystemImpl.java:init(158)) - HddsDatanode metrics system started (again)
2019-08-28 19:58:04,766 [org.apache.hadoop.util.JvmPauseMonitor$Monitor@1719e515] INFO  util.JvmPauseMonitor (JvmPauseMonitor.java:run(188)) - Starting JVM pause monitor
2019-08-28 19:58:04,766 [main] INFO  ozone.HddsDatanodeService (HddsDatanodeService.java:start(190)) - HddsDatanodeService host:pr-hdds-1949-jn7bv-2990118995 ip:192.168.36.107
2019-08-28 19:58:04,768 [Datanode State Machine Thread - 0] INFO  datanode.InitDatanodeState (InitDatanodeState.java:persistContainerDatanodeDetails(140)) - DatanodeDetails is persisted to /workdir/hadoop-ozone/integration-test/target/test-dir/MiniOzoneClusterImpl-d1bd8377-0706-4af8-a373-5017138d6a8c/datanode-2/meta/datanode.id
2019-08-28 19:58:04,774 [main] INFO  volume.HddsVolume (HddsVolume.java:<init>(176)) - Creating Volume: /workdir/hadoop-ozone/integration-test/target/test-dir/MiniOzoneClusterImpl-d1bd8377-0706-4af8-a373-5017138d6a8c/datanode-3/data/containers/hdds of  storage type : DISK and capacity : 1482555576320
2019-08-28 19:58:04,775 [main] INFO  volume.VolumeSet (VolumeSet.java:initializeVolumeSet(170)) - Added Volume : /workdir/hadoop-ozone/integration-test/target/test-dir/MiniOzoneClusterImpl-d1bd8377-0706-4af8-a373-5017138d6a8c/datanode-3/data/containers/hdds to VolumeSet
2019-08-28 19:58:04,775 [main] INFO  volume.ThrottledAsyncChecker (ThrottledAsyncChecker.java:schedule(140)) - Scheduling a check for org.apache.hadoop.ozone.container.common.volume.HddsVolume@3743539f
2019-08-28 19:58:04,776 [main] INFO  volume.HddsVolumeChecker (HddsVolumeChecker.java:checkAllVolumes(203)) - Scheduled health check for volume org.apache.hadoop.ozone.container.common.volume.HddsVolume@3743539f
2019-08-28 19:58:04,791 [main] INFO  impl.RaftServerProxy (ConfUtils.java:logGet(43)) - raft.rpc.type = GRPC (default)
2019-08-28 19:58:04,791 [main] INFO  grpc.GrpcFactory (GrpcFactory.java:checkPooledByteBufAllocatorUseCacheForAllThreads(45)) - PERFORMANCE WARNING: useCacheForAllThreads is true that may cause Netty to create a lot garbage objects and, as a result, trigger GC.
	It is recommended to disable useCacheForAllThreads by setting -Dorg.apache.ratis.thirdparty.io.netty.allocator.useCacheForAllThreads=false in command line.
2019-08-28 19:58:04,791 [main] INFO  grpc.GrpcConfigKeys$Server (ConfUtils.java:logGet(43)) - raft.grpc.server.port = 0 (default)
2019-08-28 19:58:04,792 [main] INFO  server.GrpcService (ConfUtils.java:logGet(43)) - raft.grpc.message.size.max = 33570816 (custom)
2019-08-28 19:58:04,792 [main] INFO  server.RaftServerConfigKeys (ConfUtils.java:logGet(43)) - raft.server.log.appender.buffer.byte-limit = 33554432 (custom)
2019-08-28 19:58:04,792 [main] INFO  server.GrpcService (ConfUtils.java:logGet(43)) - raft.grpc.flow.control.window = 1MB (=1048576) (default)
2019-08-28 19:58:04,792 [main] INFO  server.RaftServerConfigKeys (ConfUtils.java:logGet(43)) - raft.server.rpc.request.timeout = 3000ms (default)
2019-08-28 19:58:04,793 [main] INFO  server.RaftServerConfigKeys (ConfUtils.java:logGet(43)) - raft.server.storage.dir = [/workdir/hadoop-ozone/integration-test/target/test-dir/MiniOzoneClusterImpl-d1bd8377-0706-4af8-a373-5017138d6a8c/datanode-3/data/ratis] (custom)
2019-08-28 19:58:04,794 [main] INFO  replication.SimpleContainerDownloader (SimpleContainerDownloader.java:<init>(72)) - Starting container downloader service to copy containers to replicate.
2019-08-28 19:58:04,795 [main] INFO  hdfs.DFSUtil (DFSUtil.java:httpServerTemplateForNNAndJN(1641)) - Starting Web-server for hddsDatanode at: http://0.0.0.0:0
2019-08-28 19:58:04,796 [main] INFO  server.AuthenticationFilter (AuthenticationFilter.java:constructSecretProvider(240)) - Unable to initialize FileSignerSecretProvider, falling back to use random secrets.
2019-08-28 19:58:04,797 [main] WARN  http.HttpRequestLog (HttpRequestLog.java:getRequestLog(97)) - Jetty request log can only be enabled using Log4j
2019-08-28 19:58:04,798 [main] INFO  http.HttpServer2 (HttpServer2.java:addGlobalFilter(975)) - Added global filter 'safety' (class=org.apache.hadoop.http.HttpServer2$QuotingInputFilter)
2019-08-28 19:58:04,799 [main] INFO  http.HttpServer2 (HttpServer2.java:addFilter(948)) - Added filter static_user_filter (class=org.apache.hadoop.http.lib.StaticUserWebFilter$StaticUserFilter) to context hddsDatanode
2019-08-28 19:58:04,799 [main] INFO  http.HttpServer2 (HttpServer2.java:addFilter(958)) - Added filter static_user_filter (class=org.apache.hadoop.http.lib.StaticUserWebFilter$StaticUserFilter) to context logs
2019-08-28 19:58:04,799 [main] INFO  http.HttpServer2 (HttpServer2.java:addFilter(958)) - Added filter static_user_filter (class=org.apache.hadoop.http.lib.StaticUserWebFilter$StaticUserFilter) to context static
2019-08-28 19:58:04,800 [main] INFO  http.HttpServer2 (HttpServer2.java:bindListener(1191)) - Jetty bound to port 40670
2019-08-28 19:58:04,800 [main] INFO  server.Server (Server.java:doStart(351)) - jetty-9.3.24.v20180605, build timestamp: 2018-06-05T17:11:56Z, git hash: 84205aa28f11a4f31f2a3b86d1bba2cc8ab69827
2019-08-28 19:58:04,804 [main] INFO  handler.ContextHandler (ContextHandler.java:doStart(781)) - Started o.e.j.s.ServletContextHandler@19a64eae{/logs,file:///workdir/hadoop-ozone/integration-test/target/log,AVAILABLE}
2019-08-28 19:58:04,805 [main] INFO  handler.ContextHandler (ContextHandler.java:doStart(781)) - Started o.e.j.s.ServletContextHandler@2da3b078{/static,jar:file:/home/user/.m2/repository/org/apache/hadoop/hadoop-hdds-container-service/0.5.0-SNAPSHOT/hadoop-hdds-container-service-0.5.0-SNAPSHOT.jar!/webapps/static,AVAILABLE}
2019-08-28 19:58:04,833 [main] INFO  handler.ContextHandler (ContextHandler.java:doStart(781)) - Started o.e.j.w.WebAppContext@10c72a6f{/,file:///tmp/jetty-0.0.0.0-40670-hddsDatanode-_-any-2408917974967970719.dir/webapp/,AVAILABLE}{/hddsDatanode}
2019-08-28 19:58:04,834 [main] INFO  server.AbstractConnector (AbstractConnector.java:doStart(278)) - Started ServerConnector@70e94ecb{HTTP/1.1,[http/1.1]}{0.0.0.0:40670}
2019-08-28 19:58:04,835 [main] INFO  server.Server (Server.java:doStart(419)) - Started @9015ms
2019-08-28 19:58:04,836 [main] INFO  server.BaseHttpServer (BaseHttpServer.java:updateConnectorAddress(226)) - HTTP server of HDDSDATANODE is listening at http://0.0.0.0:40670
2019-08-28 19:58:04,836 [main] INFO  impl.MetricsSystemImpl (MetricsSystemImpl.java:init(158)) - HddsDatanode metrics system started (again)
2019-08-28 19:58:04,839 [main] INFO  ozone.HddsDatanodeService (HddsDatanodeService.java:start(190)) - HddsDatanodeService host:pr-hdds-1949-jn7bv-2990118995 ip:192.168.36.107
2019-08-28 19:58:04,840 [org.apache.hadoop.util.JvmPauseMonitor$Monitor@78f2168f] INFO  util.JvmPauseMonitor (JvmPauseMonitor.java:run(188)) - Starting JVM pause monitor
2019-08-28 19:58:04,842 [Datanode State Machine Thread - 0] INFO  datanode.InitDatanodeState (InitDatanodeState.java:persistContainerDatanodeDetails(140)) - DatanodeDetails is persisted to /workdir/hadoop-ozone/integration-test/target/test-dir/MiniOzoneClusterImpl-d1bd8377-0706-4af8-a373-5017138d6a8c/datanode-3/meta/datanode.id
2019-08-28 19:58:04,848 [main] INFO  volume.HddsVolume (HddsVolume.java:<init>(176)) - Creating Volume: /workdir/hadoop-ozone/integration-test/target/test-dir/MiniOzoneClusterImpl-d1bd8377-0706-4af8-a373-5017138d6a8c/datanode-4/data/containers/hdds of  storage type : DISK and capacity : 1482555576320
2019-08-28 19:58:04,849 [main] INFO  volume.VolumeSet (VolumeSet.java:initializeVolumeSet(170)) - Added Volume : /workdir/hadoop-ozone/integration-test/target/test-dir/MiniOzoneClusterImpl-d1bd8377-0706-4af8-a373-5017138d6a8c/datanode-4/data/containers/hdds to VolumeSet
2019-08-28 19:58:04,849 [main] INFO  volume.ThrottledAsyncChecker (ThrottledAsyncChecker.java:schedule(140)) - Scheduling a check for org.apache.hadoop.ozone.container.common.volume.HddsVolume@71e4b308
2019-08-28 19:58:04,850 [main] INFO  volume.HddsVolumeChecker (HddsVolumeChecker.java:checkAllVolumes(203)) - Scheduled health check for volume org.apache.hadoop.ozone.container.common.volume.HddsVolume@71e4b308
2019-08-28 19:58:04,872 [main] INFO  impl.RaftServerProxy (ConfUtils.java:logGet(43)) - raft.rpc.type = GRPC (default)
2019-08-28 19:58:04,872 [main] INFO  grpc.GrpcFactory (GrpcFactory.java:checkPooledByteBufAllocatorUseCacheForAllThreads(45)) - PERFORMANCE WARNING: useCacheForAllThreads is true that may cause Netty to create a lot garbage objects and, as a result, trigger GC.
	It is recommended to disable useCacheForAllThreads by setting -Dorg.apache.ratis.thirdparty.io.netty.allocator.useCacheForAllThreads=false in command line.
2019-08-28 19:58:04,873 [main] INFO  grpc.GrpcConfigKeys$Server (ConfUtils.java:logGet(43)) - raft.grpc.server.port = 0 (default)
2019-08-28 19:58:04,873 [main] INFO  server.GrpcService (ConfUtils.java:logGet(43)) - raft.grpc.message.size.max = 33570816 (custom)
2019-08-28 19:58:04,873 [main] INFO  server.RaftServerConfigKeys (ConfUtils.java:logGet(43)) - raft.server.log.appender.buffer.byte-limit = 33554432 (custom)
2019-08-28 19:58:04,874 [main] INFO  server.GrpcService (ConfUtils.java:logGet(43)) - raft.grpc.flow.control.window = 1MB (=1048576) (default)
2019-08-28 19:58:04,874 [main] INFO  server.RaftServerConfigKeys (ConfUtils.java:logGet(43)) - raft.server.rpc.request.timeout = 3000ms (default)
2019-08-28 19:58:04,875 [main] INFO  server.RaftServerConfigKeys (ConfUtils.java:logGet(43)) - raft.server.storage.dir = [/workdir/hadoop-ozone/integration-test/target/test-dir/MiniOzoneClusterImpl-d1bd8377-0706-4af8-a373-5017138d6a8c/datanode-4/data/ratis] (custom)
2019-08-28 19:58:04,876 [main] INFO  replication.SimpleContainerDownloader (SimpleContainerDownloader.java:<init>(72)) - Starting container downloader service to copy containers to replicate.
2019-08-28 19:58:04,877 [main] INFO  hdfs.DFSUtil (DFSUtil.java:httpServerTemplateForNNAndJN(1641)) - Starting Web-server for hddsDatanode at: http://0.0.0.0:0
2019-08-28 19:58:04,879 [main] INFO  server.AuthenticationFilter (AuthenticationFilter.java:constructSecretProvider(240)) - Unable to initialize FileSignerSecretProvider, falling back to use random secrets.
2019-08-28 19:58:04,880 [main] WARN  http.HttpRequestLog (HttpRequestLog.java:getRequestLog(97)) - Jetty request log can only be enabled using Log4j
2019-08-28 19:58:04,882 [main] INFO  http.HttpServer2 (HttpServer2.java:addGlobalFilter(975)) - Added global filter 'safety' (class=org.apache.hadoop.http.HttpServer2$QuotingInputFilter)
2019-08-28 19:58:04,883 [main] INFO  http.HttpServer2 (HttpServer2.java:addFilter(948)) - Added filter static_user_filter (class=org.apache.hadoop.http.lib.StaticUserWebFilter$StaticUserFilter) to context hddsDatanode
2019-08-28 19:58:04,883 [main] INFO  http.HttpServer2 (HttpServer2.java:addFilter(958)) - Added filter static_user_filter (class=org.apache.hadoop.http.lib.StaticUserWebFilter$StaticUserFilter) to context static
2019-08-28 19:58:04,884 [main] INFO  http.HttpServer2 (HttpServer2.java:addFilter(958)) - Added filter static_user_filter (class=org.apache.hadoop.http.lib.StaticUserWebFilter$StaticUserFilter) to context logs
2019-08-28 19:58:04,885 [main] INFO  http.HttpServer2 (HttpServer2.java:bindListener(1191)) - Jetty bound to port 42147
2019-08-28 19:58:04,885 [main] INFO  server.Server (Server.java:doStart(351)) - jetty-9.3.24.v20180605, build timestamp: 2018-06-05T17:11:56Z, git hash: 84205aa28f11a4f31f2a3b86d1bba2cc8ab69827
2019-08-28 19:58:04,888 [main] INFO  handler.ContextHandler (ContextHandler.java:doStart(781)) - Started o.e.j.s.ServletContextHandler@4cb2918c{/logs,file:///workdir/hadoop-ozone/integration-test/target/log,AVAILABLE}
2019-08-28 19:58:04,889 [main] INFO  handler.ContextHandler (ContextHandler.java:doStart(781)) - Started o.e.j.s.ServletContextHandler@c2584d3{/static,jar:file:/home/user/.m2/repository/org/apache/hadoop/hadoop-hdds-container-service/0.5.0-SNAPSHOT/hadoop-hdds-container-service-0.5.0-SNAPSHOT.jar!/webapps/static,AVAILABLE}
2019-08-28 19:58:04,926 [main] INFO  handler.ContextHandler (ContextHandler.java:doStart(781)) - Started o.e.j.w.WebAppContext@2373ad99{/,file:///tmp/jetty-0.0.0.0-42147-hddsDatanode-_-any-8993663220304961311.dir/webapp/,AVAILABLE}{/hddsDatanode}
2019-08-28 19:58:04,927 [main] INFO  server.AbstractConnector (AbstractConnector.java:doStart(278)) - Started ServerConnector@33634f04{HTTP/1.1,[http/1.1]}{0.0.0.0:42147}
2019-08-28 19:58:04,928 [main] INFO  server.Server (Server.java:doStart(419)) - Started @9108ms
2019-08-28 19:58:04,929 [main] INFO  server.BaseHttpServer (BaseHttpServer.java:updateConnectorAddress(226)) - HTTP server of HDDSDATANODE is listening at http://0.0.0.0:42147
2019-08-28 19:58:04,929 [main] INFO  impl.MetricsSystemImpl (MetricsSystemImpl.java:init(158)) - HddsDatanode metrics system started (again)
2019-08-28 19:58:04,934 [org.apache.hadoop.util.JvmPauseMonitor$Monitor@18485a07] INFO  util.JvmPauseMonitor (JvmPauseMonitor.java:run(188)) - Starting JVM pause monitor
2019-08-28 19:58:04,935 [main] INFO  ozone.HddsDatanodeService (HddsDatanodeService.java:start(190)) - HddsDatanodeService host:pr-hdds-1949-jn7bv-2990118995 ip:192.168.36.107
2019-08-28 19:58:04,936 [Datanode State Machine Thread - 0] INFO  datanode.InitDatanodeState (InitDatanodeState.java:persistContainerDatanodeDetails(140)) - DatanodeDetails is persisted to /workdir/hadoop-ozone/integration-test/target/test-dir/MiniOzoneClusterImpl-d1bd8377-0706-4af8-a373-5017138d6a8c/datanode-4/meta/datanode.id
2019-08-28 19:58:04,944 [main] INFO  volume.HddsVolume (HddsVolume.java:<init>(176)) - Creating Volume: /workdir/hadoop-ozone/integration-test/target/test-dir/MiniOzoneClusterImpl-d1bd8377-0706-4af8-a373-5017138d6a8c/datanode-5/data/containers/hdds of  storage type : DISK and capacity : 1482555576320
2019-08-28 19:58:04,944 [main] INFO  volume.VolumeSet (VolumeSet.java:initializeVolumeSet(170)) - Added Volume : /workdir/hadoop-ozone/integration-test/target/test-dir/MiniOzoneClusterImpl-d1bd8377-0706-4af8-a373-5017138d6a8c/datanode-5/data/containers/hdds to VolumeSet
2019-08-28 19:58:04,944 [main] INFO  volume.ThrottledAsyncChecker (ThrottledAsyncChecker.java:schedule(140)) - Scheduling a check for org.apache.hadoop.ozone.container.common.volume.HddsVolume@3291b443
2019-08-28 19:58:04,945 [main] INFO  volume.HddsVolumeChecker (HddsVolumeChecker.java:checkAllVolumes(203)) - Scheduled health check for volume org.apache.hadoop.ozone.container.common.volume.HddsVolume@3291b443
2019-08-28 19:58:04,965 [main] INFO  impl.RaftServerProxy (ConfUtils.java:logGet(43)) - raft.rpc.type = GRPC (default)
2019-08-28 19:58:04,965 [main] INFO  grpc.GrpcFactory (GrpcFactory.java:checkPooledByteBufAllocatorUseCacheForAllThreads(45)) - PERFORMANCE WARNING: useCacheForAllThreads is true that may cause Netty to create a lot garbage objects and, as a result, trigger GC.
	It is recommended to disable useCacheForAllThreads by setting -Dorg.apache.ratis.thirdparty.io.netty.allocator.useCacheForAllThreads=false in command line.
2019-08-28 19:58:04,966 [main] INFO  grpc.GrpcConfigKeys$Server (ConfUtils.java:logGet(43)) - raft.grpc.server.port = 0 (default)
2019-08-28 19:58:04,966 [main] INFO  server.GrpcService (ConfUtils.java:logGet(43)) - raft.grpc.message.size.max = 33570816 (custom)
2019-08-28 19:58:04,966 [main] INFO  server.RaftServerConfigKeys (ConfUtils.java:logGet(43)) - raft.server.log.appender.buffer.byte-limit = 33554432 (custom)
2019-08-28 19:58:04,967 [main] INFO  server.GrpcService (ConfUtils.java:logGet(43)) - raft.grpc.flow.control.window = 1MB (=1048576) (default)
2019-08-28 19:58:04,967 [main] INFO  server.RaftServerConfigKeys (ConfUtils.java:logGet(43)) - raft.server.rpc.request.timeout = 3000ms (default)
2019-08-28 19:58:04,968 [main] INFO  server.RaftServerConfigKeys (ConfUtils.java:logGet(43)) - raft.server.storage.dir = [/workdir/hadoop-ozone/integration-test/target/test-dir/MiniOzoneClusterImpl-d1bd8377-0706-4af8-a373-5017138d6a8c/datanode-5/data/ratis] (custom)
2019-08-28 19:58:04,969 [main] INFO  replication.SimpleContainerDownloader (SimpleContainerDownloader.java:<init>(72)) - Starting container downloader service to copy containers to replicate.
2019-08-28 19:58:04,970 [main] INFO  hdfs.DFSUtil (DFSUtil.java:httpServerTemplateForNNAndJN(1641)) - Starting Web-server for hddsDatanode at: http://0.0.0.0:0
2019-08-28 19:58:04,972 [main] INFO  server.AuthenticationFilter (AuthenticationFilter.java:constructSecretProvider(240)) - Unable to initialize FileSignerSecretProvider, falling back to use random secrets.
2019-08-28 19:58:04,973 [main] WARN  http.HttpRequestLog (HttpRequestLog.java:getRequestLog(97)) - Jetty request log can only be enabled using Log4j
2019-08-28 19:58:04,975 [main] INFO  http.HttpServer2 (HttpServer2.java:addGlobalFilter(975)) - Added global filter 'safety' (class=org.apache.hadoop.http.HttpServer2$QuotingInputFilter)
2019-08-28 19:58:04,976 [main] INFO  http.HttpServer2 (HttpServer2.java:addFilter(948)) - Added filter static_user_filter (class=org.apache.hadoop.http.lib.StaticUserWebFilter$StaticUserFilter) to context hddsDatanode
2019-08-28 19:58:04,976 [main] INFO  http.HttpServer2 (HttpServer2.java:addFilter(958)) - Added filter static_user_filter (class=org.apache.hadoop.http.lib.StaticUserWebFilter$StaticUserFilter) to context static
2019-08-28 19:58:04,976 [main] INFO  http.HttpServer2 (HttpServer2.java:addFilter(958)) - Added filter static_user_filter (class=org.apache.hadoop.http.lib.StaticUserWebFilter$StaticUserFilter) to context logs
2019-08-28 19:58:04,977 [main] INFO  http.HttpServer2 (HttpServer2.java:bindListener(1191)) - Jetty bound to port 35753
2019-08-28 19:58:04,977 [main] INFO  server.Server (Server.java:doStart(351)) - jetty-9.3.24.v20180605, build timestamp: 2018-06-05T17:11:56Z, git hash: 84205aa28f11a4f31f2a3b86d1bba2cc8ab69827
2019-08-28 19:58:04,980 [main] INFO  handler.ContextHandler (ContextHandler.java:doStart(781)) - Started o.e.j.s.ServletContextHandler@3ad85136{/logs,file:///workdir/hadoop-ozone/integration-test/target/log,AVAILABLE}
2019-08-28 19:58:04,981 [main] INFO  handler.ContextHandler (ContextHandler.java:doStart(781)) - Started o.e.j.s.ServletContextHandler@12e5da86{/static,jar:file:/home/user/.m2/repository/org/apache/hadoop/hadoop-hdds-container-service/0.5.0-SNAPSHOT/hadoop-hdds-container-service-0.5.0-SNAPSHOT.jar!/webapps/static,AVAILABLE}
2019-08-28 19:58:05,015 [main] INFO  handler.ContextHandler (ContextHandler.java:doStart(781)) - Started o.e.j.w.WebAppContext@47c40b56{/,file:///tmp/jetty-0.0.0.0-35753-hddsDatanode-_-any-8245874867024474854.dir/webapp/,AVAILABLE}{/hddsDatanode}
2019-08-28 19:58:05,016 [main] INFO  server.AbstractConnector (AbstractConnector.java:doStart(278)) - Started ServerConnector@4b039c6d{HTTP/1.1,[http/1.1]}{0.0.0.0:35753}
2019-08-28 19:58:05,017 [main] INFO  server.Server (Server.java:doStart(419)) - Started @9197ms
2019-08-28 19:58:05,018 [main] INFO  server.BaseHttpServer (BaseHttpServer.java:updateConnectorAddress(226)) - HTTP server of HDDSDATANODE is listening at http://0.0.0.0:35753
2019-08-28 19:58:05,018 [main] INFO  impl.MetricsSystemImpl (MetricsSystemImpl.java:init(158)) - HddsDatanode metrics system started (again)
2019-08-28 19:58:05,023 [org.apache.hadoop.util.JvmPauseMonitor$Monitor@7492caa9] INFO  util.JvmPauseMonitor (JvmPauseMonitor.java:run(188)) - Starting JVM pause monitor
2019-08-28 19:58:05,023 [main] INFO  ozone.HddsDatanodeService (HddsDatanodeService.java:start(190)) - HddsDatanodeService host:pr-hdds-1949-jn7bv-2990118995 ip:192.168.36.107
2019-08-28 19:58:05,026 [Datanode State Machine Thread - 0] INFO  datanode.InitDatanodeState (InitDatanodeState.java:persistContainerDatanodeDetails(140)) - DatanodeDetails is persisted to /workdir/hadoop-ozone/integration-test/target/test-dir/MiniOzoneClusterImpl-d1bd8377-0706-4af8-a373-5017138d6a8c/datanode-5/meta/datanode.id
2019-08-28 19:58:05,032 [main] INFO  volume.HddsVolume (HddsVolume.java:<init>(176)) - Creating Volume: /workdir/hadoop-ozone/integration-test/target/test-dir/MiniOzoneClusterImpl-d1bd8377-0706-4af8-a373-5017138d6a8c/datanode-6/data/containers/hdds of  storage type : DISK and capacity : 1482555576320
2019-08-28 19:58:05,032 [main] INFO  volume.VolumeSet (VolumeSet.java:initializeVolumeSet(170)) - Added Volume : /workdir/hadoop-ozone/integration-test/target/test-dir/MiniOzoneClusterImpl-d1bd8377-0706-4af8-a373-5017138d6a8c/datanode-6/data/containers/hdds to VolumeSet
2019-08-28 19:58:05,032 [main] INFO  volume.ThrottledAsyncChecker (ThrottledAsyncChecker.java:schedule(140)) - Scheduling a check for org.apache.hadoop.ozone.container.common.volume.HddsVolume@2da66a44
2019-08-28 19:58:05,034 [main] INFO  volume.HddsVolumeChecker (HddsVolumeChecker.java:checkAllVolumes(203)) - Scheduled health check for volume org.apache.hadoop.ozone.container.common.volume.HddsVolume@2da66a44
2019-08-28 19:58:05,053 [main] INFO  impl.RaftServerProxy (ConfUtils.java:logGet(43)) - raft.rpc.type = GRPC (default)
2019-08-28 19:58:05,054 [main] INFO  grpc.GrpcFactory (GrpcFactory.java:checkPooledByteBufAllocatorUseCacheForAllThreads(45)) - PERFORMANCE WARNING: useCacheForAllThreads is true that may cause Netty to create a lot garbage objects and, as a result, trigger GC.
	It is recommended to disable useCacheForAllThreads by setting -Dorg.apache.ratis.thirdparty.io.netty.allocator.useCacheForAllThreads=false in command line.
2019-08-28 19:58:05,054 [main] INFO  grpc.GrpcConfigKeys$Server (ConfUtils.java:logGet(43)) - raft.grpc.server.port = 0 (default)
2019-08-28 19:58:05,054 [main] INFO  server.GrpcService (ConfUtils.java:logGet(43)) - raft.grpc.message.size.max = 33570816 (custom)
2019-08-28 19:58:05,054 [main] INFO  server.RaftServerConfigKeys (ConfUtils.java:logGet(43)) - raft.server.log.appender.buffer.byte-limit = 33554432 (custom)
2019-08-28 19:58:05,055 [main] INFO  server.GrpcService (ConfUtils.java:logGet(43)) - raft.grpc.flow.control.window = 1MB (=1048576) (default)
2019-08-28 19:58:05,055 [main] INFO  server.RaftServerConfigKeys (ConfUtils.java:logGet(43)) - raft.server.rpc.request.timeout = 3000ms (default)
2019-08-28 19:58:05,056 [main] INFO  server.RaftServerConfigKeys (ConfUtils.java:logGet(43)) - raft.server.storage.dir = [/workdir/hadoop-ozone/integration-test/target/test-dir/MiniOzoneClusterImpl-d1bd8377-0706-4af8-a373-5017138d6a8c/datanode-6/data/ratis] (custom)
2019-08-28 19:58:05,056 [main] INFO  replication.SimpleContainerDownloader (SimpleContainerDownloader.java:<init>(72)) - Starting container downloader service to copy containers to replicate.
2019-08-28 19:58:05,058 [main] INFO  hdfs.DFSUtil (DFSUtil.java:httpServerTemplateForNNAndJN(1641)) - Starting Web-server for hddsDatanode at: http://0.0.0.0:0
2019-08-28 19:58:05,060 [main] INFO  server.AuthenticationFilter (AuthenticationFilter.java:constructSecretProvider(240)) - Unable to initialize FileSignerSecretProvider, falling back to use random secrets.
2019-08-28 19:58:05,060 [main] WARN  http.HttpRequestLog (HttpRequestLog.java:getRequestLog(97)) - Jetty request log can only be enabled using Log4j
2019-08-28 19:58:05,062 [main] INFO  http.HttpServer2 (HttpServer2.java:addGlobalFilter(975)) - Added global filter 'safety' (class=org.apache.hadoop.http.HttpServer2$QuotingInputFilter)
2019-08-28 19:58:05,062 [main] INFO  http.HttpServer2 (HttpServer2.java:addFilter(948)) - Added filter static_user_filter (class=org.apache.hadoop.http.lib.StaticUserWebFilter$StaticUserFilter) to context hddsDatanode
2019-08-28 19:58:05,063 [main] INFO  http.HttpServer2 (HttpServer2.java:addFilter(958)) - Added filter static_user_filter (class=org.apache.hadoop.http.lib.StaticUserWebFilter$StaticUserFilter) to context static
2019-08-28 19:58:05,063 [main] INFO  http.HttpServer2 (HttpServer2.java:addFilter(958)) - Added filter static_user_filter (class=org.apache.hadoop.http.lib.StaticUserWebFilter$StaticUserFilter) to context logs
2019-08-28 19:58:05,064 [main] INFO  http.HttpServer2 (HttpServer2.java:bindListener(1191)) - Jetty bound to port 41338
2019-08-28 19:58:05,064 [main] INFO  server.Server (Server.java:doStart(351)) - jetty-9.3.24.v20180605, build timestamp: 2018-06-05T17:11:56Z, git hash: 84205aa28f11a4f31f2a3b86d1bba2cc8ab69827
2019-08-28 19:58:05,066 [main] INFO  handler.ContextHandler (ContextHandler.java:doStart(781)) - Started o.e.j.s.ServletContextHandler@d613308{/logs,file:///workdir/hadoop-ozone/integration-test/target/log,AVAILABLE}
2019-08-28 19:58:05,066 [main] INFO  handler.ContextHandler (ContextHandler.java:doStart(781)) - Started o.e.j.s.ServletContextHandler@7b27e8f4{/static,jar:file:/home/user/.m2/repository/org/apache/hadoop/hadoop-hdds-container-service/0.5.0-SNAPSHOT/hadoop-hdds-container-service-0.5.0-SNAPSHOT.jar!/webapps/static,AVAILABLE}
2019-08-28 19:58:05,095 [main] INFO  handler.ContextHandler (ContextHandler.java:doStart(781)) - Started o.e.j.w.WebAppContext@574b7f4a{/,file:///tmp/jetty-0.0.0.0-41338-hddsDatanode-_-any-6573930134457529549.dir/webapp/,AVAILABLE}{/hddsDatanode}
2019-08-28 19:58:05,096 [main] INFO  server.AbstractConnector (AbstractConnector.java:doStart(278)) - Started ServerConnector@44ed0a8f{HTTP/1.1,[http/1.1]}{0.0.0.0:41338}
2019-08-28 19:58:05,097 [main] INFO  server.Server (Server.java:doStart(419)) - Started @9277ms
2019-08-28 19:58:05,097 [main] INFO  server.BaseHttpServer (BaseHttpServer.java:updateConnectorAddress(226)) - HTTP server of HDDSDATANODE is listening at http://0.0.0.0:41338
2019-08-28 19:58:05,100 [main] INFO  ozone.MiniOzoneClusterImpl (MiniOzoneClusterImpl.java:lambda$waitForClusterToBeReady$0(142)) - Waiting for cluster to be ready. Got 0 of 7 DN Heartbeats.
2019-08-28 19:58:05,101 [org.apache.hadoop.util.JvmPauseMonitor$Monitor@513b2a04] INFO  util.JvmPauseMonitor (JvmPauseMonitor.java:run(188)) - Starting JVM pause monitor
2019-08-28 19:58:05,103 [Datanode State Machine Thread - 0] INFO  datanode.InitDatanodeState (InitDatanodeState.java:persistContainerDatanodeDetails(140)) - DatanodeDetails is persisted to /workdir/hadoop-ozone/integration-test/target/test-dir/MiniOzoneClusterImpl-d1bd8377-0706-4af8-a373-5017138d6a8c/datanode-6/meta/datanode.id
2019-08-28 19:58:06,100 [main] INFO  ozone.MiniOzoneClusterImpl (MiniOzoneClusterImpl.java:lambda$waitForClusterToBeReady$0(142)) - Waiting for cluster to be ready. Got 0 of 7 DN Heartbeats.
2019-08-28 19:58:06,585 | INFO  | SCMAudit | user=jenkins1000 | ip=192.168.36.107 | op=GET_VERSION null | ret=SUCCESS |  
2019-08-28 19:58:06,641 [Datanode State Machine Thread - 0] INFO  ozoneimpl.OzoneContainer (OzoneContainer.java:start(201)) - Attempting to start container services.
2019-08-28 19:58:06,643 [Datanode State Machine Thread - 0] INFO  ozoneimpl.OzoneContainer (OzoneContainer.java:startContainerScrub(175)) - Background container scrubber has been disabled by hdds.containerscrub.enabled
2019-08-28 19:58:06,643 [Datanode State Machine Thread - 0] INFO  ratis.XceiverServerRatis (XceiverServerRatis.java:start(393)) - Starting XceiverServerRatis fddc83f5-527c-4a7f-9235-bb7c7f8c2a55 at port 0
2019-08-28 19:58:06,663 [Datanode State Machine Thread - 0] INFO  impl.RaftServerProxy (RaftServerProxy.java:lambda$start$3(299)) - fddc83f5-527c-4a7f-9235-bb7c7f8c2a55: start RPC server
2019-08-28 19:58:06,673 | INFO  | SCMAudit | user=jenkins1000 | ip=192.168.36.107 | op=GET_VERSION null | ret=SUCCESS |  
2019-08-28 19:58:06,723 [Datanode State Machine Thread - 0] INFO  ozoneimpl.OzoneContainer (OzoneContainer.java:start(201)) - Attempting to start container services.
2019-08-28 19:58:06,726 [Datanode State Machine Thread - 0] INFO  ozoneimpl.OzoneContainer (OzoneContainer.java:startContainerScrub(175)) - Background container scrubber has been disabled by hdds.containerscrub.enabled
2019-08-28 19:58:06,726 [Datanode State Machine Thread - 0] INFO  ratis.XceiverServerRatis (XceiverServerRatis.java:start(393)) - Starting XceiverServerRatis f3efc612-2d1c-41da-bcd1-cee0352e8d6a at port 0
2019-08-28 19:58:06,735 [Datanode State Machine Thread - 0] INFO  impl.RaftServerProxy (RaftServerProxy.java:lambda$start$3(299)) - f3efc612-2d1c-41da-bcd1-cee0352e8d6a: start RPC server
2019-08-28 19:58:06,769 | INFO  | SCMAudit | user=jenkins1000 | ip=192.168.36.107 | op=GET_VERSION null | ret=SUCCESS |  
2019-08-28 19:58:06,799 [Datanode State Machine Thread - 0] INFO  ozoneimpl.OzoneContainer (OzoneContainer.java:start(201)) - Attempting to start container services.
2019-08-28 19:58:06,807 [Datanode State Machine Thread - 0] INFO  ozoneimpl.OzoneContainer (OzoneContainer.java:startContainerScrub(175)) - Background container scrubber has been disabled by hdds.containerscrub.enabled
2019-08-28 19:58:06,807 [Datanode State Machine Thread - 0] INFO  ratis.XceiverServerRatis (XceiverServerRatis.java:start(393)) - Starting XceiverServerRatis 290792b5-0601-45f8-8ac4-f5aeff7db3b3 at port 0
2019-08-28 19:58:06,819 [Datanode State Machine Thread - 0] INFO  impl.RaftServerProxy (RaftServerProxy.java:lambda$start$3(299)) - 290792b5-0601-45f8-8ac4-f5aeff7db3b3: start RPC server
2019-08-28 19:58:06,821 [Datanode State Machine Thread - 0] INFO  server.GrpcService (GrpcService.java:startImpl(149)) - fddc83f5-527c-4a7f-9235-bb7c7f8c2a55: GrpcService started, listening on 0.0.0.0/0.0.0.0:43102
2019-08-28 19:58:06,821 [Datanode State Machine Thread - 0] INFO  server.GrpcService (GrpcService.java:startImpl(149)) - f3efc612-2d1c-41da-bcd1-cee0352e8d6a: GrpcService started, listening on 0.0.0.0/0.0.0.0:43779
2019-08-28 19:58:06,823 [Datanode State Machine Thread - 0] INFO  server.GrpcService (GrpcService.java:startImpl(149)) - 290792b5-0601-45f8-8ac4-f5aeff7db3b3: GrpcService started, listening on 0.0.0.0/0.0.0.0:45120
2019-08-28 19:58:06,823 [Datanode State Machine Thread - 0] INFO  ratis.XceiverServerRatis (XceiverServerRatis.java:start(403)) - XceiverServerRatis fddc83f5-527c-4a7f-9235-bb7c7f8c2a55 is started using port 43102
2019-08-28 19:58:06,824 [Datanode State Machine Thread - 0] INFO  ratis.XceiverServerRatis (XceiverServerRatis.java:start(403)) - XceiverServerRatis 290792b5-0601-45f8-8ac4-f5aeff7db3b3 is started using port 45120
2019-08-28 19:58:06,823 [Datanode State Machine Thread - 0] INFO  ratis.XceiverServerRatis (XceiverServerRatis.java:start(403)) - XceiverServerRatis f3efc612-2d1c-41da-bcd1-cee0352e8d6a is started using port 43779
2019-08-28 19:58:06,830 [Datanode State Machine Thread - 0] INFO  server.XceiverServerGrpc (XceiverServerGrpc.java:start(163)) - XceiverServerGrpc f3efc612-2d1c-41da-bcd1-cee0352e8d6a is started using port 45593
2019-08-28 19:58:06,830 [Datanode State Machine Thread - 0] INFO  server.XceiverServerGrpc (XceiverServerGrpc.java:start(163)) - XceiverServerGrpc fddc83f5-527c-4a7f-9235-bb7c7f8c2a55 is started using port 38024
2019-08-28 19:58:06,830 [Datanode State Machine Thread - 0] INFO  server.XceiverServerGrpc (XceiverServerGrpc.java:start(163)) - XceiverServerGrpc 290792b5-0601-45f8-8ac4-f5aeff7db3b3 is started using port 35908
2019-08-28 19:58:06,842 | INFO  | SCMAudit | user=jenkins1000 | ip=192.168.36.107 | op=GET_VERSION null | ret=SUCCESS |  
2019-08-28 19:58:06,938 | INFO  | SCMAudit | user=jenkins1000 | ip=192.168.36.107 | op=GET_VERSION null | ret=SUCCESS |  
2019-08-28 19:58:07,026 | INFO  | SCMAudit | user=jenkins1000 | ip=192.168.36.107 | op=GET_VERSION null | ret=SUCCESS |  
2019-08-28 19:58:07,095 [Datanode State Machine Thread - 0] INFO  ozoneimpl.OzoneContainer (OzoneContainer.java:start(201)) - Attempting to start container services.
2019-08-28 19:58:07,095 [Datanode State Machine Thread - 0] INFO  ozoneimpl.OzoneContainer (OzoneContainer.java:start(201)) - Attempting to start container services.
2019-08-28 19:58:07,095 [Datanode State Machine Thread - 0] INFO  ozoneimpl.OzoneContainer (OzoneContainer.java:startContainerScrub(175)) - Background container scrubber has been disabled by hdds.containerscrub.enabled
2019-08-28 19:58:07,096 [Datanode State Machine Thread - 0] INFO  ozoneimpl.OzoneContainer (OzoneContainer.java:start(201)) - Attempting to start container services.
2019-08-28 19:58:07,095 [Datanode State Machine Thread - 0] INFO  ozoneimpl.OzoneContainer (OzoneContainer.java:startContainerScrub(175)) - Background container scrubber has been disabled by hdds.containerscrub.enabled
2019-08-28 19:58:07,096 [Datanode State Machine Thread - 0] INFO  ozoneimpl.OzoneContainer (OzoneContainer.java:startContainerScrub(175)) - Background container scrubber has been disabled by hdds.containerscrub.enabled
2019-08-28 19:58:07,096 [Datanode State Machine Thread - 0] INFO  ratis.XceiverServerRatis (XceiverServerRatis.java:start(393)) - Starting XceiverServerRatis 03db8954-5a6e-4042-b4a9-1698a7ceec96 at port 0
2019-08-28 19:58:07,096 [Datanode State Machine Thread - 0] INFO  ratis.XceiverServerRatis (XceiverServerRatis.java:start(393)) - Starting XceiverServerRatis 0910cf7c-fddf-4dbf-9167-882adaee21d9 at port 0
2019-08-28 19:58:07,096 [Datanode State Machine Thread - 0] INFO  ratis.XceiverServerRatis (XceiverServerRatis.java:start(393)) - Starting XceiverServerRatis fecaf1a5-1262-4037-b784-d9920b122a4c at port 0
2019-08-28 19:58:07,101 [main] INFO  ozone.MiniOzoneClusterImpl (MiniOzoneClusterImpl.java:lambda$waitForClusterToBeReady$0(142)) - Waiting for cluster to be ready. Got 0 of 7 DN Heartbeats.
2019-08-28 19:58:07,105 | INFO  | SCMAudit | user=jenkins1000 | ip=192.168.36.107 | op=GET_VERSION null | ret=SUCCESS |  
2019-08-28 19:58:07,117 [Datanode State Machine Thread - 0] INFO  impl.RaftServerProxy (RaftServerProxy.java:lambda$start$3(299)) - 0910cf7c-fddf-4dbf-9167-882adaee21d9: start RPC server
2019-08-28 19:58:07,117 [Datanode State Machine Thread - 0] INFO  impl.RaftServerProxy (RaftServerProxy.java:lambda$start$3(299)) - fecaf1a5-1262-4037-b784-d9920b122a4c: start RPC server
2019-08-28 19:58:07,118 [Datanode State Machine Thread - 0] INFO  impl.RaftServerProxy (RaftServerProxy.java:lambda$start$3(299)) - 03db8954-5a6e-4042-b4a9-1698a7ceec96: start RPC server
2019-08-28 19:58:07,128 [Datanode State Machine Thread - 0] INFO  server.GrpcService (GrpcService.java:startImpl(149)) - fecaf1a5-1262-4037-b784-d9920b122a4c: GrpcService started, listening on 0.0.0.0/0.0.0.0:44802
2019-08-28 19:58:07,128 [Datanode State Machine Thread - 0] INFO  server.GrpcService (GrpcService.java:startImpl(149)) - 03db8954-5a6e-4042-b4a9-1698a7ceec96: GrpcService started, listening on 0.0.0.0/0.0.0.0:43464
2019-08-28 19:58:07,128 [Datanode State Machine Thread - 0] INFO  ozoneimpl.OzoneContainer (OzoneContainer.java:start(201)) - Attempting to start container services.
2019-08-28 19:58:07,128 [Datanode State Machine Thread - 0] INFO  server.GrpcService (GrpcService.java:startImpl(149)) - 0910cf7c-fddf-4dbf-9167-882adaee21d9: GrpcService started, listening on 0.0.0.0/0.0.0.0:43526
2019-08-28 19:58:07,129 [Datanode State Machine Thread - 0] INFO  ozoneimpl.OzoneContainer (OzoneContainer.java:startContainerScrub(175)) - Background container scrubber has been disabled by hdds.containerscrub.enabled
2019-08-28 19:58:07,128 [Datanode State Machine Thread - 0] INFO  ratis.XceiverServerRatis (XceiverServerRatis.java:start(403)) - XceiverServerRatis 03db8954-5a6e-4042-b4a9-1698a7ceec96 is started using port 43464
2019-08-28 19:58:07,128 [Datanode State Machine Thread - 0] INFO  ratis.XceiverServerRatis (XceiverServerRatis.java:start(403)) - XceiverServerRatis fecaf1a5-1262-4037-b784-d9920b122a4c is started using port 44802
2019-08-28 19:58:07,129 [Datanode State Machine Thread - 0] INFO  ratis.XceiverServerRatis (XceiverServerRatis.java:start(393)) - Starting XceiverServerRatis 8d6dfb4d-ac2d-4667-923e-2456b7752667 at port 0
2019-08-28 19:58:07,129 [Datanode State Machine Thread - 0] INFO  ratis.XceiverServerRatis (XceiverServerRatis.java:start(403)) - XceiverServerRatis 0910cf7c-fddf-4dbf-9167-882adaee21d9 is started using port 43526
2019-08-28 19:58:07,138 [Datanode State Machine Thread - 0] INFO  server.XceiverServerGrpc (XceiverServerGrpc.java:start(163)) - XceiverServerGrpc 03db8954-5a6e-4042-b4a9-1698a7ceec96 is started using port 39797
2019-08-28 19:58:07,138 [Datanode State Machine Thread - 0] INFO  server.XceiverServerGrpc (XceiverServerGrpc.java:start(163)) - XceiverServerGrpc fecaf1a5-1262-4037-b784-d9920b122a4c is started using port 45933
2019-08-28 19:58:07,138 [Datanode State Machine Thread - 0] INFO  server.XceiverServerGrpc (XceiverServerGrpc.java:start(163)) - XceiverServerGrpc 0910cf7c-fddf-4dbf-9167-882adaee21d9 is started using port 45681
2019-08-28 19:58:07,148 [Datanode State Machine Thread - 0] INFO  impl.RaftServerProxy (RaftServerProxy.java:lambda$start$3(299)) - 8d6dfb4d-ac2d-4667-923e-2456b7752667: start RPC server
2019-08-28 19:58:07,152 [Datanode State Machine Thread - 0] INFO  server.GrpcService (GrpcService.java:startImpl(149)) - 8d6dfb4d-ac2d-4667-923e-2456b7752667: GrpcService started, listening on 0.0.0.0/0.0.0.0:39502
2019-08-28 19:58:07,152 [Datanode State Machine Thread - 0] INFO  ratis.XceiverServerRatis (XceiverServerRatis.java:start(403)) - XceiverServerRatis 8d6dfb4d-ac2d-4667-923e-2456b7752667 is started using port 39502
2019-08-28 19:58:07,155 [Datanode State Machine Thread - 0] INFO  server.XceiverServerGrpc (XceiverServerGrpc.java:start(163)) - XceiverServerGrpc 8d6dfb4d-ac2d-4667-923e-2456b7752667 is started using port 42908
2019-08-28 19:58:08,101 [main] INFO  ozone.MiniOzoneClusterImpl (MiniOzoneClusterImpl.java:lambda$waitForClusterToBeReady$0(142)) - Waiting for cluster to be ready. Got 0 of 7 DN Heartbeats.
2019-08-28 19:58:08,590 [IPC Server handler 6 on 41777] INFO  net.NetworkTopology (NetworkTopologyImpl.java:add(110)) - Added a new node: /default-rack/fddc83f5-527c-4a7f-9235-bb7c7f8c2a55
2019-08-28 19:58:08,590 [IPC Server handler 6 on 41777] INFO  node.SCMNodeManager (SCMNodeManager.java:register(273)) - Registered Data node : fddc83f5-527c-4a7f-9235-bb7c7f8c2a55{ip: 192.168.36.107, host: pr-hdds-1949-jn7bv-2990118995, networkLocation: /default-rack, certSerialId: null}
2019-08-28 19:58:08,595 [EventQueue-NodeRegistrationContainerReportForDataNodeSafeModeRule] INFO  safemode.SCMSafeModeManager (DataNodeSafeModeRule.java:process(71)) - SCM in safe mode. 1 DataNodes registered, 1 required.
2019-08-28 19:58:08,596 [EventQueue-NodeRegistrationContainerReportForDataNodeSafeModeRule] INFO  safemode.SCMSafeModeManager (SCMSafeModeManager.java:validateSafeModeExitRules(177)) - ScmSafeModeManager, all rules are successfully validated
2019-08-28 19:58:08,596 [EventQueue-NodeRegistrationContainerReportForDataNodeSafeModeRule] INFO  safemode.SCMSafeModeManager (SCMSafeModeManager.java:exitSafeMode(193)) - SCM exiting safe mode.
2019-08-28 19:58:08,604 | INFO  | SCMAudit | user=jenkins1000 | ip=192.168.36.107 | op=REGISTER {datanodeDetails=fddc83f5-527c-4a7f-9235-bb7c7f8c2a55{ip: 192.168.36.107, host: pr-hdds-1949-jn7bv-2990118995, networkLocation: /default-rack, certSerialId: null}} | ret=SUCCESS |  
2019-08-28 19:58:08,674 [IPC Server handler 3 on 41777] INFO  net.NetworkTopology (NetworkTopologyImpl.java:add(110)) - Added a new node: /default-rack/f3efc612-2d1c-41da-bcd1-cee0352e8d6a
2019-08-28 19:58:08,674 [IPC Server handler 3 on 41777] INFO  node.SCMNodeManager (SCMNodeManager.java:register(273)) - Registered Data node : f3efc612-2d1c-41da-bcd1-cee0352e8d6a{ip: 192.168.36.107, host: pr-hdds-1949-jn7bv-2990118995, networkLocation: /default-rack, certSerialId: null}
2019-08-28 19:58:08,674 | INFO  | SCMAudit | user=jenkins1000 | ip=192.168.36.107 | op=REGISTER {datanodeDetails=f3efc612-2d1c-41da-bcd1-cee0352e8d6a{ip: 192.168.36.107, host: pr-hdds-1949-jn7bv-2990118995, networkLocation: /default-rack, certSerialId: null}} | ret=SUCCESS |  
2019-08-28 19:58:08,769 [IPC Server handler 5 on 41777] INFO  net.NetworkTopology (NetworkTopologyImpl.java:add(110)) - Added a new node: /default-rack/290792b5-0601-45f8-8ac4-f5aeff7db3b3
2019-08-28 19:58:08,770 [IPC Server handler 5 on 41777] INFO  node.SCMNodeManager (SCMNodeManager.java:register(273)) - Registered Data node : 290792b5-0601-45f8-8ac4-f5aeff7db3b3{ip: 192.168.36.107, host: pr-hdds-1949-jn7bv-2990118995, networkLocation: /default-rack, certSerialId: null}
2019-08-28 19:58:08,770 | INFO  | SCMAudit | user=jenkins1000 | ip=192.168.36.107 | op=REGISTER {datanodeDetails=290792b5-0601-45f8-8ac4-f5aeff7db3b3{ip: 192.168.36.107, host: pr-hdds-1949-jn7bv-2990118995, networkLocation: /default-rack, certSerialId: null}} | ret=SUCCESS |  
2019-08-28 19:58:08,844 [IPC Server handler 1 on 41777] INFO  net.NetworkTopology (NetworkTopologyImpl.java:add(110)) - Added a new node: /default-rack/fecaf1a5-1262-4037-b784-d9920b122a4c
2019-08-28 19:58:08,844 [IPC Server handler 1 on 41777] INFO  node.SCMNodeManager (SCMNodeManager.java:register(273)) - Registered Data node : fecaf1a5-1262-4037-b784-d9920b122a4c{ip: 192.168.36.107, host: pr-hdds-1949-jn7bv-2990118995, networkLocation: /default-rack, certSerialId: null}
2019-08-28 19:58:08,844 | INFO  | SCMAudit | user=jenkins1000 | ip=192.168.36.107 | op=REGISTER {datanodeDetails=fecaf1a5-1262-4037-b784-d9920b122a4c{ip: 192.168.36.107, host: pr-hdds-1949-jn7bv-2990118995, networkLocation: /default-rack, certSerialId: null}} | ret=SUCCESS |  
2019-08-28 19:58:08,938 [IPC Server handler 2 on 41777] INFO  net.NetworkTopology (NetworkTopologyImpl.java:add(110)) - Added a new node: /default-rack/03db8954-5a6e-4042-b4a9-1698a7ceec96
2019-08-28 19:58:08,938 [IPC Server handler 2 on 41777] INFO  node.SCMNodeManager (SCMNodeManager.java:register(273)) - Registered Data node : 03db8954-5a6e-4042-b4a9-1698a7ceec96{ip: 192.168.36.107, host: pr-hdds-1949-jn7bv-2990118995, networkLocation: /default-rack, certSerialId: null}
2019-08-28 19:58:08,939 | INFO  | SCMAudit | user=jenkins1000 | ip=192.168.36.107 | op=REGISTER {datanodeDetails=03db8954-5a6e-4042-b4a9-1698a7ceec96{ip: 192.168.36.107, host: pr-hdds-1949-jn7bv-2990118995, networkLocation: /default-rack, certSerialId: null}} | ret=SUCCESS |  
2019-08-28 19:58:09,026 [IPC Server handler 4 on 41777] INFO  net.NetworkTopology (NetworkTopologyImpl.java:add(110)) - Added a new node: /default-rack/0910cf7c-fddf-4dbf-9167-882adaee21d9
2019-08-28 19:58:09,026 [IPC Server handler 4 on 41777] INFO  node.SCMNodeManager (SCMNodeManager.java:register(273)) - Registered Data node : 0910cf7c-fddf-4dbf-9167-882adaee21d9{ip: 192.168.36.107, host: pr-hdds-1949-jn7bv-2990118995, networkLocation: /default-rack, certSerialId: null}
2019-08-28 19:58:09,027 | INFO  | SCMAudit | user=jenkins1000 | ip=192.168.36.107 | op=REGISTER {datanodeDetails=0910cf7c-fddf-4dbf-9167-882adaee21d9{ip: 192.168.36.107, host: pr-hdds-1949-jn7bv-2990118995, networkLocation: /default-rack, certSerialId: null}} | ret=SUCCESS |  
2019-08-28 19:58:09,104 [main] INFO  ozone.MiniOzoneClusterImpl (MiniOzoneClusterImpl.java:lambda$waitForClusterToBeReady$0(142)) - Waiting for cluster to be ready. Got 6 of 7 DN Heartbeats.
2019-08-28 19:58:09,107 [IPC Server handler 6 on 41777] INFO  net.NetworkTopology (NetworkTopologyImpl.java:add(110)) - Added a new node: /default-rack/8d6dfb4d-ac2d-4667-923e-2456b7752667
2019-08-28 19:58:09,107 [IPC Server handler 6 on 41777] INFO  node.SCMNodeManager (SCMNodeManager.java:register(273)) - Registered Data node : 8d6dfb4d-ac2d-4667-923e-2456b7752667{ip: 192.168.36.107, host: pr-hdds-1949-jn7bv-2990118995, networkLocation: /default-rack, certSerialId: null}
2019-08-28 19:58:09,108 | INFO  | SCMAudit | user=jenkins1000 | ip=192.168.36.107 | op=REGISTER {datanodeDetails=8d6dfb4d-ac2d-4667-923e-2456b7752667{ip: 192.168.36.107, host: pr-hdds-1949-jn7bv-2990118995, networkLocation: /default-rack, certSerialId: null}} | ret=SUCCESS |  
2019-08-28 19:58:09,119 [grpc-default-executor-0] INFO  impl.RaftServerProxy (RaftServerProxy.java:addNew(89)) - fddc83f5-527c-4a7f-9235-bb7c7f8c2a55: addNew group-416134677455:[fddc83f5-527c-4a7f-9235-bb7c7f8c2a55:192.168.36.107:43102] returns group-416134677455:java.util.concurrent.CompletableFuture@3b3b5065[Not completed]
2019-08-28 19:58:09,143 [pool-27-thread-1] INFO  impl.RaftServerImpl (RaftServerImpl.java:<init>(93)) - fddc83f5-527c-4a7f-9235-bb7c7f8c2a55: new RaftServerImpl for group-416134677455:[fddc83f5-527c-4a7f-9235-bb7c7f8c2a55:192.168.36.107:43102] with ContainerStateMachine:uninitialized
2019-08-28 19:58:09,145 [pool-27-thread-1] INFO  server.RaftServerConfigKeys (ConfUtils.java:logGet(43)) - raft.server.rpc.timeout.min = 5s (custom)
2019-08-28 19:58:09,146 [pool-27-thread-1] INFO  server.RaftServerConfigKeys (ConfUtils.java:logGet(43)) - raft.server.rpc.timeout.max = 5200ms (custom)
2019-08-28 19:58:09,146 [pool-27-thread-1] INFO  server.RaftServerConfigKeys (ConfUtils.java:logGet(43)) - raft.server.rpcslowness.timeout = 120s (custom)
2019-08-28 19:58:09,147 [pool-27-thread-1] INFO  server.RaftServerConfigKeys (ConfUtils.java:logGet(43)) - raft.server.sleep.deviation.threshold = 300 (default)
2019-08-28 19:58:09,148 [pool-27-thread-1] INFO  server.RaftServerConfigKeys (ConfUtils.java:logGet(43)) - raft.server.log.appender.install.snapshot.enabled = false (custom)
2019-08-28 19:58:09,154 [pool-27-thread-1] INFO  impl.RaftServerImpl (ServerState.java:<init>(105)) - fddc83f5-527c-4a7f-9235-bb7c7f8c2a55:group-416134677455 ConfigurationManager, init=-1: [fddc83f5-527c-4a7f-9235-bb7c7f8c2a55:192.168.36.107:43102], old=null, confs=<EMPTY_MAP>
2019-08-28 19:58:09,155 [pool-27-thread-1] INFO  server.RaftServerConfigKeys (ConfUtils.java:logGet(43)) - raft.server.storage.dir = [/workdir/hadoop-ozone/integration-test/target/test-dir/MiniOzoneClusterImpl-d1bd8377-0706-4af8-a373-5017138d6a8c/datanode-0/data/ratis] (custom)
2019-08-28 19:58:09,161 [pool-27-thread-1] INFO  storage.RaftStorageDirectory (RaftStorageDirectory.java:analyzeStorage(246)) - The storage directory /workdir/hadoop-ozone/integration-test/target/test-dir/MiniOzoneClusterImpl-d1bd8377-0706-4af8-a373-5017138d6a8c/datanode-0/data/ratis/bb175802-b6ec-402a-8f29-416134677455 does not exist. Creating ...
2019-08-28 19:58:09,179 [pool-27-thread-1] INFO  storage.RaftStorageDirectory (RaftStorageDirectory.java:tryLock(328)) - Lock on /workdir/hadoop-ozone/integration-test/target/test-dir/MiniOzoneClusterImpl-d1bd8377-0706-4af8-a373-5017138d6a8c/datanode-0/data/ratis/bb175802-b6ec-402a-8f29-416134677455/in_use.lock acquired by nodename 21777@pr-hdds-1949-jn7bv-2990118995
2019-08-28 19:58:09,243 [pool-27-thread-1] INFO  storage.RaftStorage (RaftStorage.java:format(72)) - Storage directory /workdir/hadoop-ozone/integration-test/target/test-dir/MiniOzoneClusterImpl-d1bd8377-0706-4af8-a373-5017138d6a8c/datanode-0/data/ratis/bb175802-b6ec-402a-8f29-416134677455 has been successfully formatted.
2019-08-28 19:58:09,246 [pool-27-thread-1] INFO  ratis.ContainerStateMachine (ContainerStateMachine.java:loadSnapshot(227)) - group-416134677455: The snapshot info is null. Setting the last applied indexto:(t:0, i:~)
2019-08-28 19:58:09,247 [pool-27-thread-1] INFO  server.RaftServerConfigKeys (ConfUtils.java:logGet(43)) - raft.server.leader.election.timeout = 120s (custom)
2019-08-28 19:58:09,250 [pool-27-thread-1] INFO  server.RaftServerConfigKeys (ConfUtils.java:logGet(43)) - raft.server.log.use.memory = false (default)
2019-08-28 19:58:09,258 [pool-27-thread-1] INFO  server.RaftServerConfigKeys (ConfUtils.java:logGet(43)) - raft.server.log.purge.gap = 1000000 (custom)
2019-08-28 19:58:09,258 [pool-27-thread-1] INFO  server.RaftServerConfigKeys (ConfUtils.java:logGet(43)) - raft.server.log.appender.buffer.byte-limit = 33554432 (custom)
2019-08-28 19:58:09,260 [pool-27-thread-1] INFO  server.RaftServerConfigKeys (ConfUtils.java:logGet(43)) - raft.server.log.segment.size.max = 1048576 (custom)
2019-08-28 19:58:09,267 [pool-27-thread-1] INFO  server.RaftServerConfigKeys (ConfUtils.java:logGet(43)) - raft.server.log.segment.cache.num.max = 2 (custom)
2019-08-28 19:58:09,274 [pool-27-thread-1] INFO  segmented.SegmentedRaftLogWorker (SegmentedRaftLogWorker.java:<init>(172)) - new fddc83f5-527c-4a7f-9235-bb7c7f8c2a55-SegmentedRaftLogWorker:Storage Directory /workdir/hadoop-ozone/integration-test/target/test-dir/MiniOzoneClusterImpl-d1bd8377-0706-4af8-a373-5017138d6a8c/datanode-0/data/ratis/bb175802-b6ec-402a-8f29-416134677455 for RaftStorage:Storage Directory /workdir/hadoop-ozone/integration-test/target/test-dir/MiniOzoneClusterImpl-d1bd8377-0706-4af8-a373-5017138d6a8c/datanode-0/data/ratis/bb175802-b6ec-402a-8f29-416134677455
2019-08-28 19:58:09,290 [pool-27-thread-1] INFO  server.RaftServerConfigKeys (ConfUtils.java:logGet(43)) - raft.server.log.queue.byte-limit = 2147483647 (custom)
2019-08-28 19:58:09,291 [pool-27-thread-1] INFO  server.RaftServerConfigKeys (ConfUtils.java:logGet(43)) - raft.server.log.queue.element-limit = 1024 (custom)
2019-08-28 19:58:09,297 [pool-27-thread-1] INFO  server.RaftServerConfigKeys (ConfUtils.java:logGet(43)) - raft.server.log.segment.size.max = 1048576 (custom)
2019-08-28 19:58:09,297 [pool-27-thread-1] INFO  server.RaftServerConfigKeys (ConfUtils.java:logGet(43)) - raft.server.log.preallocated.size = 16384 (custom)
2019-08-28 19:58:09,298 [pool-27-thread-1] INFO  server.RaftServerConfigKeys (ConfUtils.java:logGet(43)) - raft.server.log.write.buffer.size = 33554432 (custom)
2019-08-28 19:58:09,299 [pool-27-thread-1] INFO  server.RaftServerConfigKeys (ConfUtils.java:logGet(43)) - raft.server.log.force.sync.num = 128 (default)
2019-08-28 19:58:09,300 [pool-27-thread-1] INFO  server.RaftServerConfigKeys (ConfUtils.java:logGet(43)) - raft.server.log.statemachine.data.sync = true (default)
2019-08-28 19:58:09,300 [pool-27-thread-1] INFO  server.RaftServerConfigKeys (ConfUtils.java:logGet(43)) - raft.server.log.statemachine.data.sync.timeout = 10s (default)
2019-08-28 19:58:09,301 [pool-27-thread-1] INFO  server.RaftServerConfigKeys (ConfUtils.java:logGet(43)) - raft.server.log.statemachine.data.sync.timeout.retry = -1 (default)
2019-08-28 19:58:09,312 [pool-27-thread-1] INFO  server.RaftServerConfigKeys (ConfUtils.java:logGet(43)) - raft.server.log.statemachine.data.caching.enabled = true (custom)
2019-08-28 19:58:09,319 [pool-27-thread-1] INFO  segmented.SegmentedRaftLogWorker (SegmentedRaftLogWorker.java:lambda$new$0(132)) - fddc83f5-527c-4a7f-9235-bb7c7f8c2a55-SegmentedRaftLogWorker:Storage Directory /workdir/hadoop-ozone/integration-test/target/test-dir/MiniOzoneClusterImpl-d1bd8377-0706-4af8-a373-5017138d6a8c/datanode-0/data/ratis/bb175802-b6ec-402a-8f29-416134677455: flushIndex: setUnconditionally 0 -> -1
2019-08-28 19:58:09,329 [pool-27-thread-1] INFO  server.RaftServerConfigKeys (ConfUtils.java:logGet(43)) - raft.server.snapshot.auto.trigger.enabled = true (custom)
2019-08-28 19:58:09,331 [pool-27-thread-1] INFO  server.RaftServerConfigKeys (ConfUtils.java:logGet(43)) - raft.server.snapshot.auto.trigger.threshold = 10000 (custom)
2019-08-28 19:58:09,332 [pool-27-thread-1] INFO  server.RaftServerConfigKeys (ConfUtils.java:logGet(43)) - raft.server.retrycache.expirytime = 600000ms (custom)
2019-08-28 19:58:09,361 [pool-27-thread-1] INFO  impl.RaftServerImpl (RaftServerImpl.java:start(180)) - fddc83f5-527c-4a7f-9235-bb7c7f8c2a55: start group-416134677455
2019-08-28 19:58:09,362 [pool-27-thread-1] INFO  impl.RaftServerImpl (RaftServerImpl.java:setRole(171)) - fddc83f5-527c-4a7f-9235-bb7c7f8c2a55:group-416134677455 changes role from null to FOLLOWER at term 0 for startAsFollower
2019-08-28 19:58:09,364 [pool-27-thread-1] INFO  impl.RoleInfo (RoleInfo.java:updateAndGet(143)) - fddc83f5-527c-4a7f-9235-bb7c7f8c2a55: start FollowerState
2019-08-28 19:58:09,367 [pool-27-thread-1] INFO  util.JmxRegister (JmxRegister.java:tryRegister(44)) - Successfully registered JMX Bean with object name Ratis:service=RaftServer,group=group-416134677455,id=fddc83f5-527c-4a7f-9235-bb7c7f8c2a55
2019-08-28 19:58:09,442 [RatisPipelineUtilsThread] INFO  pipeline.PipelineStateManager (PipelineStateManager.java:addPipeline(56)) - Created pipeline Pipeline[ Id: bb175802-b6ec-402a-8f29-416134677455, Nodes: fddc83f5-527c-4a7f-9235-bb7c7f8c2a55{ip: 192.168.36.107, host: pr-hdds-1949-jn7bv-2990118995, networkLocation: /default-rack, certSerialId: null}, Type:RATIS, Factor:ONE, State:OPEN]
2019-08-28 19:58:09,478 [grpc-default-executor-0] INFO  impl.RaftServerProxy (RaftServerProxy.java:addNew(89)) - 8d6dfb4d-ac2d-4667-923e-2456b7752667: addNew group-3292B35775BC:[8d6dfb4d-ac2d-4667-923e-2456b7752667:192.168.36.107:39502] returns group-3292B35775BC:java.util.concurrent.CompletableFuture@3be42727[Not completed]
2019-08-28 19:58:09,530 [pool-93-thread-1] INFO  impl.RaftServerImpl (RaftServerImpl.java:<init>(93)) - 8d6dfb4d-ac2d-4667-923e-2456b7752667: new RaftServerImpl for group-3292B35775BC:[8d6dfb4d-ac2d-4667-923e-2456b7752667:192.168.36.107:39502] with ContainerStateMachine:uninitialized
2019-08-28 19:58:09,531 [pool-93-thread-1] INFO  server.RaftServerConfigKeys (ConfUtils.java:logGet(43)) - raft.server.rpc.timeout.min = 5s (custom)
2019-08-28 19:58:09,531 [pool-93-thread-1] INFO  server.RaftServerConfigKeys (ConfUtils.java:logGet(43)) - raft.server.rpc.timeout.max = 5200ms (custom)
2019-08-28 19:58:09,531 [pool-93-thread-1] INFO  server.RaftServerConfigKeys (ConfUtils.java:logGet(43)) - raft.server.rpcslowness.timeout = 120s (custom)
2019-08-28 19:58:09,532 [pool-93-thread-1] INFO  server.RaftServerConfigKeys (ConfUtils.java:logGet(43)) - raft.server.sleep.deviation.threshold = 300 (default)
2019-08-28 19:58:09,532 [pool-93-thread-1] INFO  server.RaftServerConfigKeys (ConfUtils.java:logGet(43)) - raft.server.log.appender.install.snapshot.enabled = false (custom)
2019-08-28 19:58:09,532 [pool-93-thread-1] INFO  impl.RaftServerImpl (ServerState.java:<init>(105)) - 8d6dfb4d-ac2d-4667-923e-2456b7752667:group-3292B35775BC ConfigurationManager, init=-1: [8d6dfb4d-ac2d-4667-923e-2456b7752667:192.168.36.107:39502], old=null, confs=<EMPTY_MAP>
2019-08-28 19:58:09,532 [pool-93-thread-1] INFO  server.RaftServerConfigKeys (ConfUtils.java:logGet(43)) - raft.server.storage.dir = [/workdir/hadoop-ozone/integration-test/target/test-dir/MiniOzoneClusterImpl-d1bd8377-0706-4af8-a373-5017138d6a8c/datanode-6/data/ratis] (custom)
2019-08-28 19:58:09,533 [pool-93-thread-1] INFO  storage.RaftStorageDirectory (RaftStorageDirectory.java:analyzeStorage(246)) - The storage directory /workdir/hadoop-ozone/integration-test/target/test-dir/MiniOzoneClusterImpl-d1bd8377-0706-4af8-a373-5017138d6a8c/datanode-6/data/ratis/d4788062-368a-4814-884e-3292b35775bc does not exist. Creating ...
2019-08-28 19:58:09,611 [pool-93-thread-1] INFO  storage.RaftStorageDirectory (RaftStorageDirectory.java:tryLock(328)) - Lock on /workdir/hadoop-ozone/integration-test/target/test-dir/MiniOzoneClusterImpl-d1bd8377-0706-4af8-a373-5017138d6a8c/datanode-6/data/ratis/d4788062-368a-4814-884e-3292b35775bc/in_use.lock acquired by nodename 21777@pr-hdds-1949-jn7bv-2990118995
2019-08-28 19:58:09,660 [pool-93-thread-1] INFO  storage.RaftStorage (RaftStorage.java:format(72)) - Storage directory /workdir/hadoop-ozone/integration-test/target/test-dir/MiniOzoneClusterImpl-d1bd8377-0706-4af8-a373-5017138d6a8c/datanode-6/data/ratis/d4788062-368a-4814-884e-3292b35775bc has been successfully formatted.
2019-08-28 19:58:09,663 [pool-93-thread-1] INFO  ratis.ContainerStateMachine (ContainerStateMachine.java:loadSnapshot(227)) - group-3292B35775BC: The snapshot info is null. Setting the last applied indexto:(t:0, i:~)
2019-08-28 19:58:09,664 [pool-93-thread-1] INFO  server.RaftServerConfigKeys (ConfUtils.java:logGet(43)) - raft.server.leader.election.timeout = 120s (custom)
2019-08-28 19:58:09,665 [pool-93-thread-1] INFO  server.RaftServerConfigKeys (ConfUtils.java:logGet(43)) - raft.server.log.use.memory = false (default)
2019-08-28 19:58:09,665 [pool-93-thread-1] INFO  server.RaftServerConfigKeys (ConfUtils.java:logGet(43)) - raft.server.log.purge.gap = 1000000 (custom)
2019-08-28 19:58:09,665 [pool-93-thread-1] INFO  server.RaftServerConfigKeys (ConfUtils.java:logGet(43)) - raft.server.log.appender.buffer.byte-limit = 33554432 (custom)
2019-08-28 19:58:09,665 [pool-93-thread-1] INFO  server.RaftServerConfigKeys (ConfUtils.java:logGet(43)) - raft.server.log.segment.size.max = 1048576 (custom)
2019-08-28 19:58:09,665 [pool-93-thread-1] INFO  server.RaftServerConfigKeys (ConfUtils.java:logGet(43)) - raft.server.log.segment.cache.num.max = 2 (custom)
2019-08-28 19:58:09,665 [pool-93-thread-1] INFO  segmented.SegmentedRaftLogWorker (SegmentedRaftLogWorker.java:<init>(172)) - new 8d6dfb4d-ac2d-4667-923e-2456b7752667-SegmentedRaftLogWorker:Storage Directory /workdir/hadoop-ozone/integration-test/target/test-dir/MiniOzoneClusterImpl-d1bd8377-0706-4af8-a373-5017138d6a8c/datanode-6/data/ratis/d4788062-368a-4814-884e-3292b35775bc for RaftStorage:Storage Directory /workdir/hadoop-ozone/integration-test/target/test-dir/MiniOzoneClusterImpl-d1bd8377-0706-4af8-a373-5017138d6a8c/datanode-6/data/ratis/d4788062-368a-4814-884e-3292b35775bc
2019-08-28 19:58:09,667 [pool-93-thread-1] INFO  server.RaftServerConfigKeys (ConfUtils.java:logGet(43)) - raft.server.log.queue.byte-limit = 2147483647 (custom)
2019-08-28 19:58:09,667 [pool-93-thread-1] INFO  server.RaftServerConfigKeys (ConfUtils.java:logGet(43)) - raft.server.log.queue.element-limit = 1024 (custom)
2019-08-28 19:58:09,667 [pool-93-thread-1] INFO  server.RaftServerConfigKeys (ConfUtils.java:logGet(43)) - raft.server.log.segment.size.max = 1048576 (custom)
2019-08-28 19:58:09,667 [pool-93-thread-1] INFO  server.RaftServerConfigKeys (ConfUtils.java:logGet(43)) - raft.server.log.preallocated.size = 16384 (custom)
2019-08-28 19:58:09,668 [pool-93-thread-1] INFO  server.RaftServerConfigKeys (ConfUtils.java:logGet(43)) - raft.server.log.write.buffer.size = 33554432 (custom)
2019-08-28 19:58:09,668 [pool-93-thread-1] INFO  server.RaftServerConfigKeys (ConfUtils.java:logGet(43)) - raft.server.log.force.sync.num = 128 (default)
2019-08-28 19:58:09,668 [pool-93-thread-1] INFO  server.RaftServerConfigKeys (ConfUtils.java:logGet(43)) - raft.server.log.statemachine.data.sync = true (default)
2019-08-28 19:58:09,668 [pool-93-thread-1] INFO  server.RaftServerConfigKeys (ConfUtils.java:logGet(43)) - raft.server.log.statemachine.data.sync.timeout = 10s (default)
2019-08-28 19:58:09,668 [pool-93-thread-1] INFO  server.RaftServerConfigKeys (ConfUtils.java:logGet(43)) - raft.server.log.statemachine.data.sync.timeout.retry = -1 (default)
2019-08-28 19:58:09,668 [pool-93-thread-1] INFO  server.RaftServerConfigKeys (ConfUtils.java:logGet(43)) - raft.server.log.statemachine.data.caching.enabled = true (custom)
2019-08-28 19:58:09,669 [pool-93-thread-1] INFO  segmented.SegmentedRaftLogWorker (SegmentedRaftLogWorker.java:lambda$new$0(132)) - 8d6dfb4d-ac2d-4667-923e-2456b7752667-SegmentedRaftLogWorker:Storage Directory /workdir/hadoop-ozone/integration-test/target/test-dir/MiniOzoneClusterImpl-d1bd8377-0706-4af8-a373-5017138d6a8c/datanode-6/data/ratis/d4788062-368a-4814-884e-3292b35775bc: flushIndex: setUnconditionally 0 -> -1
2019-08-28 19:58:09,669 [pool-93-thread-1] INFO  server.RaftServerConfigKeys (ConfUtils.java:logGet(43)) - raft.server.snapshot.auto.trigger.enabled = true (custom)
2019-08-28 19:58:09,669 [pool-93-thread-1] INFO  server.RaftServerConfigKeys (ConfUtils.java:logGet(43)) - raft.server.snapshot.auto.trigger.threshold = 10000 (custom)
2019-08-28 19:58:09,669 [pool-93-thread-1] INFO  server.RaftServerConfigKeys (ConfUtils.java:logGet(43)) - raft.server.retrycache.expirytime = 600000ms (custom)
2019-08-28 19:58:09,670 [pool-93-thread-1] INFO  impl.RaftServerImpl (RaftServerImpl.java:start(180)) - 8d6dfb4d-ac2d-4667-923e-2456b7752667: start group-3292B35775BC
2019-08-28 19:58:09,670 [pool-93-thread-1] INFO  impl.RaftServerImpl (RaftServerImpl.java:setRole(171)) - 8d6dfb4d-ac2d-4667-923e-2456b7752667:group-3292B35775BC changes role from null to FOLLOWER at term 0 for startAsFollower
2019-08-28 19:58:09,670 [pool-93-thread-1] INFO  impl.RoleInfo (RoleInfo.java:updateAndGet(143)) - 8d6dfb4d-ac2d-4667-923e-2456b7752667: start FollowerState
2019-08-28 19:58:09,672 [pool-93-thread-1] INFO  util.JmxRegister (JmxRegister.java:tryRegister(44)) - Successfully registered JMX Bean with object name Ratis:service=RaftServer,group=group-3292B35775BC,id=8d6dfb4d-ac2d-4667-923e-2456b7752667
2019-08-28 19:58:09,688 [RatisPipelineUtilsThread] INFO  pipeline.PipelineStateManager (PipelineStateManager.java:addPipeline(56)) - Created pipeline Pipeline[ Id: d4788062-368a-4814-884e-3292b35775bc, Nodes: 8d6dfb4d-ac2d-4667-923e-2456b7752667{ip: 192.168.36.107, host: pr-hdds-1949-jn7bv-2990118995, networkLocation: /default-rack, certSerialId: null}, Type:RATIS, Factor:ONE, State:OPEN]
2019-08-28 19:58:09,722 [grpc-default-executor-0] INFO  impl.RaftServerProxy (RaftServerProxy.java:addNew(89)) - fecaf1a5-1262-4037-b784-d9920b122a4c: addNew group-AE04AEE1DD33:[fecaf1a5-1262-4037-b784-d9920b122a4c:192.168.36.107:44802] returns group-AE04AEE1DD33:java.util.concurrent.CompletableFuture@10d16b65[Not completed]
2019-08-28 19:58:09,742 [pool-60-thread-1] INFO  impl.RaftServerImpl (RaftServerImpl.java:<init>(93)) - fecaf1a5-1262-4037-b784-d9920b122a4c: new RaftServerImpl for group-AE04AEE1DD33:[fecaf1a5-1262-4037-b784-d9920b122a4c:192.168.36.107:44802] with ContainerStateMachine:uninitialized
2019-08-28 19:58:09,743 [pool-60-thread-1] INFO  server.RaftServerConfigKeys (ConfUtils.java:logGet(43)) - raft.server.rpc.timeout.min = 5s (custom)
2019-08-28 19:58:09,743 [pool-60-thread-1] INFO  server.RaftServerConfigKeys (ConfUtils.java:logGet(43)) - raft.server.rpc.timeout.max = 5200ms (custom)
2019-08-28 19:58:09,743 [pool-60-thread-1] INFO  server.RaftServerConfigKeys (ConfUtils.java:logGet(43)) - raft.server.rpcslowness.timeout = 120s (custom)
2019-08-28 19:58:09,743 [pool-60-thread-1] INFO  server.RaftServerConfigKeys (ConfUtils.java:logGet(43)) - raft.server.sleep.deviation.threshold = 300 (default)
2019-08-28 19:58:09,744 [pool-60-thread-1] INFO  server.RaftServerConfigKeys (ConfUtils.java:logGet(43)) - raft.server.log.appender.install.snapshot.enabled = false (custom)
2019-08-28 19:58:09,744 [pool-60-thread-1] INFO  impl.RaftServerImpl (ServerState.java:<init>(105)) - fecaf1a5-1262-4037-b784-d9920b122a4c:group-AE04AEE1DD33 ConfigurationManager, init=-1: [fecaf1a5-1262-4037-b784-d9920b122a4c:192.168.36.107:44802], old=null, confs=<EMPTY_MAP>
2019-08-28 19:58:09,744 [pool-60-thread-1] INFO  server.RaftServerConfigKeys (ConfUtils.java:logGet(43)) - raft.server.storage.dir = [/workdir/hadoop-ozone/integration-test/target/test-dir/MiniOzoneClusterImpl-d1bd8377-0706-4af8-a373-5017138d6a8c/datanode-3/data/ratis] (custom)
2019-08-28 19:58:09,745 [pool-60-thread-1] INFO  storage.RaftStorageDirectory (RaftStorageDirectory.java:analyzeStorage(246)) - The storage directory /workdir/hadoop-ozone/integration-test/target/test-dir/MiniOzoneClusterImpl-d1bd8377-0706-4af8-a373-5017138d6a8c/datanode-3/data/ratis/439b2dbe-858f-4da2-a4a4-ae04aee1dd33 does not exist. Creating ...
2019-08-28 19:58:09,766 [pool-60-thread-1] INFO  storage.RaftStorageDirectory (RaftStorageDirectory.java:tryLock(328)) - Lock on /workdir/hadoop-ozone/integration-test/target/test-dir/MiniOzoneClusterImpl-d1bd8377-0706-4af8-a373-5017138d6a8c/datanode-3/data/ratis/439b2dbe-858f-4da2-a4a4-ae04aee1dd33/in_use.lock acquired by nodename 21777@pr-hdds-1949-jn7bv-2990118995
2019-08-28 19:58:09,804 [pool-60-thread-1] INFO  storage.RaftStorage (RaftStorage.java:format(72)) - Storage directory /workdir/hadoop-ozone/integration-test/target/test-dir/MiniOzoneClusterImpl-d1bd8377-0706-4af8-a373-5017138d6a8c/datanode-3/data/ratis/439b2dbe-858f-4da2-a4a4-ae04aee1dd33 has been successfully formatted.
2019-08-28 19:58:09,805 [pool-60-thread-1] INFO  ratis.ContainerStateMachine (ContainerStateMachine.java:loadSnapshot(227)) - group-AE04AEE1DD33: The snapshot info is null. Setting the last applied indexto:(t:0, i:~)
2019-08-28 19:58:09,805 [pool-60-thread-1] INFO  server.RaftServerConfigKeys (ConfUtils.java:logGet(43)) - raft.server.leader.election.timeout = 120s (custom)
2019-08-28 19:58:09,805 [pool-60-thread-1] INFO  server.RaftServerConfigKeys (ConfUtils.java:logGet(43)) - raft.server.log.use.memory = false (default)
2019-08-28 19:58:09,806 [pool-60-thread-1] INFO  server.RaftServerConfigKeys (ConfUtils.java:logGet(43)) - raft.server.log.purge.gap = 1000000 (custom)
2019-08-28 19:58:09,806 [pool-60-thread-1] INFO  server.RaftServerConfigKeys (ConfUtils.java:logGet(43)) - raft.server.log.appender.buffer.byte-limit = 33554432 (custom)
2019-08-28 19:58:09,806 [pool-60-thread-1] INFO  server.RaftServerConfigKeys (ConfUtils.java:logGet(43)) - raft.server.log.segment.size.max = 1048576 (custom)
2019-08-28 19:58:09,806 [pool-60-thread-1] INFO  server.RaftServerConfigKeys (ConfUtils.java:logGet(43)) - raft.server.log.segment.cache.num.max = 2 (custom)
2019-08-28 19:58:09,807 [pool-60-thread-1] INFO  segmented.SegmentedRaftLogWorker (SegmentedRaftLogWorker.java:<init>(172)) - new fecaf1a5-1262-4037-b784-d9920b122a4c-SegmentedRaftLogWorker:Storage Directory /workdir/hadoop-ozone/integration-test/target/test-dir/MiniOzoneClusterImpl-d1bd8377-0706-4af8-a373-5017138d6a8c/datanode-3/data/ratis/439b2dbe-858f-4da2-a4a4-ae04aee1dd33 for RaftStorage:Storage Directory /workdir/hadoop-ozone/integration-test/target/test-dir/MiniOzoneClusterImpl-d1bd8377-0706-4af8-a373-5017138d6a8c/datanode-3/data/ratis/439b2dbe-858f-4da2-a4a4-ae04aee1dd33
2019-08-28 19:58:09,807 [pool-60-thread-1] INFO  server.RaftServerConfigKeys (ConfUtils.java:logGet(43)) - raft.server.log.queue.byte-limit = 2147483647 (custom)
2019-08-28 19:58:09,807 [pool-60-thread-1] INFO  server.RaftServerConfigKeys (ConfUtils.java:logGet(43)) - raft.server.log.queue.element-limit = 1024 (custom)
2019-08-28 19:58:09,807 [pool-60-thread-1] INFO  server.RaftServerConfigKeys (ConfUtils.java:logGet(43)) - raft.server.log.segment.size.max = 1048576 (custom)
2019-08-28 19:58:09,808 [pool-60-thread-1] INFO  server.RaftServerConfigKeys (ConfUtils.java:logGet(43)) - raft.server.log.preallocated.size = 16384 (custom)
2019-08-28 19:58:09,808 [pool-60-thread-1] INFO  server.RaftServerConfigKeys (ConfUtils.java:logGet(43)) - raft.server.log.write.buffer.size = 33554432 (custom)
2019-08-28 19:58:09,808 [pool-60-thread-1] INFO  server.RaftServerConfigKeys (ConfUtils.java:logGet(43)) - raft.server.log.force.sync.num = 128 (default)
2019-08-28 19:58:09,808 [pool-60-thread-1] INFO  server.RaftServerConfigKeys (ConfUtils.java:logGet(43)) - raft.server.log.statemachine.data.sync = true (default)
2019-08-28 19:58:09,809 [pool-60-thread-1] INFO  server.RaftServerConfigKeys (ConfUtils.java:logGet(43)) - raft.server.log.statemachine.data.sync.timeout = 10s (default)
2019-08-28 19:58:09,809 [pool-60-thread-1] INFO  server.RaftServerConfigKeys (ConfUtils.java:logGet(43)) - raft.server.log.statemachine.data.sync.timeout.retry = -1 (default)
2019-08-28 19:58:09,809 [pool-60-thread-1] INFO  server.RaftServerConfigKeys (ConfUtils.java:logGet(43)) - raft.server.log.statemachine.data.caching.enabled = true (custom)
2019-08-28 19:58:09,810 [pool-60-thread-1] INFO  segmented.SegmentedRaftLogWorker (SegmentedRaftLogWorker.java:lambda$new$0(132)) - fecaf1a5-1262-4037-b784-d9920b122a4c-SegmentedRaftLogWorker:Storage Directory /workdir/hadoop-ozone/integration-test/target/test-dir/MiniOzoneClusterImpl-d1bd8377-0706-4af8-a373-5017138d6a8c/datanode-3/data/ratis/439b2dbe-858f-4da2-a4a4-ae04aee1dd33: flushIndex: setUnconditionally 0 -> -1
2019-08-28 19:58:09,810 [pool-60-thread-1] INFO  server.RaftServerConfigKeys (ConfUtils.java:logGet(43)) - raft.server.snapshot.auto.trigger.enabled = true (custom)
2019-08-28 19:58:09,811 [pool-60-thread-1] INFO  server.RaftServerConfigKeys (ConfUtils.java:logGet(43)) - raft.server.snapshot.auto.trigger.threshold = 10000 (custom)
2019-08-28 19:58:09,811 [pool-60-thread-1] INFO  server.RaftServerConfigKeys (ConfUtils.java:logGet(43)) - raft.server.retrycache.expirytime = 600000ms (custom)
2019-08-28 19:58:09,811 [pool-60-thread-1] INFO  impl.RaftServerImpl (RaftServerImpl.java:start(180)) - fecaf1a5-1262-4037-b784-d9920b122a4c: start group-AE04AEE1DD33
2019-08-28 19:58:09,811 [pool-60-thread-1] INFO  impl.RaftServerImpl (RaftServerImpl.java:setRole(171)) - fecaf1a5-1262-4037-b784-d9920b122a4c:group-AE04AEE1DD33 changes role from null to FOLLOWER at term 0 for startAsFollower
2019-08-28 19:58:09,812 [pool-60-thread-1] INFO  impl.RoleInfo (RoleInfo.java:updateAndGet(143)) - fecaf1a5-1262-4037-b784-d9920b122a4c: start FollowerState
2019-08-28 19:58:09,812 [pool-60-thread-1] INFO  util.JmxRegister (JmxRegister.java:tryRegister(44)) - Successfully registered JMX Bean with object name Ratis:service=RaftServer,group=group-AE04AEE1DD33,id=fecaf1a5-1262-4037-b784-d9920b122a4c
2019-08-28 19:58:09,824 [RatisPipelineUtilsThread] INFO  pipeline.PipelineStateManager (PipelineStateManager.java:addPipeline(56)) - Created pipeline Pipeline[ Id: 439b2dbe-858f-4da2-a4a4-ae04aee1dd33, Nodes: fecaf1a5-1262-4037-b784-d9920b122a4c{ip: 192.168.36.107, host: pr-hdds-1949-jn7bv-2990118995, networkLocation: /default-rack, certSerialId: null}, Type:RATIS, Factor:ONE, State:OPEN]
2019-08-28 19:58:09,843 [grpc-default-executor-0] INFO  impl.RaftServerProxy (RaftServerProxy.java:addNew(89)) - 0910cf7c-fddf-4dbf-9167-882adaee21d9: addNew group-6D788F8C2285:[0910cf7c-fddf-4dbf-9167-882adaee21d9:192.168.36.107:43526] returns group-6D788F8C2285:java.util.concurrent.CompletableFuture@1c953700[Not completed]
2019-08-28 19:58:09,848 [pool-82-thread-1] INFO  impl.RaftServerImpl (RaftServerImpl.java:<init>(93)) - 0910cf7c-fddf-4dbf-9167-882adaee21d9: new RaftServerImpl for group-6D788F8C2285:[0910cf7c-fddf-4dbf-9167-882adaee21d9:192.168.36.107:43526] with ContainerStateMachine:uninitialized
2019-08-28 19:58:09,848 [pool-82-thread-1] INFO  server.RaftServerConfigKeys (ConfUtils.java:logGet(43)) - raft.server.rpc.timeout.min = 5s (custom)
2019-08-28 19:58:09,848 [pool-82-thread-1] INFO  server.RaftServerConfigKeys (ConfUtils.java:logGet(43)) - raft.server.rpc.timeout.max = 5200ms (custom)
2019-08-28 19:58:09,848 [pool-82-thread-1] INFO  server.RaftServerConfigKeys (ConfUtils.java:logGet(43)) - raft.server.rpcslowness.timeout = 120s (custom)
2019-08-28 19:58:09,848 [pool-82-thread-1] INFO  server.RaftServerConfigKeys (ConfUtils.java:logGet(43)) - raft.server.sleep.deviation.threshold = 300 (default)
2019-08-28 19:58:09,849 [pool-82-thread-1] INFO  server.RaftServerConfigKeys (ConfUtils.java:logGet(43)) - raft.server.log.appender.install.snapshot.enabled = false (custom)
2019-08-28 19:58:09,849 [pool-82-thread-1] INFO  impl.RaftServerImpl (ServerState.java:<init>(105)) - 0910cf7c-fddf-4dbf-9167-882adaee21d9:group-6D788F8C2285 ConfigurationManager, init=-1: [0910cf7c-fddf-4dbf-9167-882adaee21d9:192.168.36.107:43526], old=null, confs=<EMPTY_MAP>
2019-08-28 19:58:09,849 [pool-82-thread-1] INFO  server.RaftServerConfigKeys (ConfUtils.java:logGet(43)) - raft.server.storage.dir = [/workdir/hadoop-ozone/integration-test/target/test-dir/MiniOzoneClusterImpl-d1bd8377-0706-4af8-a373-5017138d6a8c/datanode-5/data/ratis] (custom)
2019-08-28 19:58:09,850 [pool-82-thread-1] INFO  storage.RaftStorageDirectory (RaftStorageDirectory.java:analyzeStorage(246)) - The storage directory /workdir/hadoop-ozone/integration-test/target/test-dir/MiniOzoneClusterImpl-d1bd8377-0706-4af8-a373-5017138d6a8c/datanode-5/data/ratis/e47ed814-6c29-46e7-9275-6d788f8c2285 does not exist. Creating ...
2019-08-28 19:58:09,862 [pool-82-thread-1] INFO  storage.RaftStorageDirectory (RaftStorageDirectory.java:tryLock(328)) - Lock on /workdir/hadoop-ozone/integration-test/target/test-dir/MiniOzoneClusterImpl-d1bd8377-0706-4af8-a373-5017138d6a8c/datanode-5/data/ratis/e47ed814-6c29-46e7-9275-6d788f8c2285/in_use.lock acquired by nodename 21777@pr-hdds-1949-jn7bv-2990118995
2019-08-28 19:58:09,895 [pool-82-thread-1] INFO  storage.RaftStorage (RaftStorage.java:format(72)) - Storage directory /workdir/hadoop-ozone/integration-test/target/test-dir/MiniOzoneClusterImpl-d1bd8377-0706-4af8-a373-5017138d6a8c/datanode-5/data/ratis/e47ed814-6c29-46e7-9275-6d788f8c2285 has been successfully formatted.
2019-08-28 19:58:09,896 [pool-82-thread-1] INFO  ratis.ContainerStateMachine (ContainerStateMachine.java:loadSnapshot(227)) - group-6D788F8C2285: The snapshot info is null. Setting the last applied indexto:(t:0, i:~)
2019-08-28 19:58:09,896 [pool-82-thread-1] INFO  server.RaftServerConfigKeys (ConfUtils.java:logGet(43)) - raft.server.leader.election.timeout = 120s (custom)
2019-08-28 19:58:09,896 [pool-82-thread-1] INFO  server.RaftServerConfigKeys (ConfUtils.java:logGet(43)) - raft.server.log.use.memory = false (default)
2019-08-28 19:58:09,896 [pool-82-thread-1] INFO  server.RaftServerConfigKeys (ConfUtils.java:logGet(43)) - raft.server.log.purge.gap = 1000000 (custom)
2019-08-28 19:58:09,896 [pool-82-thread-1] INFO  server.RaftServerConfigKeys (ConfUtils.java:logGet(43)) - raft.server.log.appender.buffer.byte-limit = 33554432 (custom)
2019-08-28 19:58:09,897 [pool-82-thread-1] INFO  server.RaftServerConfigKeys (ConfUtils.java:logGet(43)) - raft.server.log.segment.size.max = 1048576 (custom)
2019-08-28 19:58:09,897 [pool-82-thread-1] INFO  server.RaftServerConfigKeys (ConfUtils.java:logGet(43)) - raft.server.log.segment.cache.num.max = 2 (custom)
2019-08-28 19:58:09,897 [pool-82-thread-1] INFO  segmented.SegmentedRaftLogWorker (SegmentedRaftLogWorker.java:<init>(172)) - new 0910cf7c-fddf-4dbf-9167-882adaee21d9-SegmentedRaftLogWorker:Storage Directory /workdir/hadoop-ozone/integration-test/target/test-dir/MiniOzoneClusterImpl-d1bd8377-0706-4af8-a373-5017138d6a8c/datanode-5/data/ratis/e47ed814-6c29-46e7-9275-6d788f8c2285 for RaftStorage:Storage Directory /workdir/hadoop-ozone/integration-test/target/test-dir/MiniOzoneClusterImpl-d1bd8377-0706-4af8-a373-5017138d6a8c/datanode-5/data/ratis/e47ed814-6c29-46e7-9275-6d788f8c2285
2019-08-28 19:58:09,897 [pool-82-thread-1] INFO  server.RaftServerConfigKeys (ConfUtils.java:logGet(43)) - raft.server.log.queue.byte-limit = 2147483647 (custom)
2019-08-28 19:58:09,898 [pool-82-thread-1] INFO  server.RaftServerConfigKeys (ConfUtils.java:logGet(43)) - raft.server.log.queue.element-limit = 1024 (custom)
2019-08-28 19:58:09,898 [pool-82-thread-1] INFO  server.RaftServerConfigKeys (ConfUtils.java:logGet(43)) - raft.server.log.segment.size.max = 1048576 (custom)
2019-08-28 19:58:09,898 [pool-82-thread-1] INFO  server.RaftServerConfigKeys (ConfUtils.java:logGet(43)) - raft.server.log.preallocated.size = 16384 (custom)
2019-08-28 19:58:09,898 [pool-82-thread-1] INFO  server.RaftServerConfigKeys (ConfUtils.java:logGet(43)) - raft.server.log.write.buffer.size = 33554432 (custom)
2019-08-28 19:58:09,899 [pool-82-thread-1] INFO  server.RaftServerConfigKeys (ConfUtils.java:logGet(43)) - raft.server.log.force.sync.num = 128 (default)
2019-08-28 19:58:09,899 [pool-82-thread-1] INFO  server.RaftServerConfigKeys (ConfUtils.java:logGet(43)) - raft.server.log.statemachine.data.sync = true (default)
2019-08-28 19:58:09,899 [pool-82-thread-1] INFO  server.RaftServerConfigKeys (ConfUtils.java:logGet(43)) - raft.server.log.statemachine.data.sync.timeout = 10s (default)
2019-08-28 19:58:09,899 [pool-82-thread-1] INFO  server.RaftServerConfigKeys (ConfUtils.java:logGet(43)) - raft.server.log.statemachine.data.sync.timeout.retry = -1 (default)
2019-08-28 19:58:09,900 [pool-82-thread-1] INFO  server.RaftServerConfigKeys (ConfUtils.java:logGet(43)) - raft.server.log.statemachine.data.caching.enabled = true (custom)
2019-08-28 19:58:09,900 [pool-82-thread-1] INFO  segmented.SegmentedRaftLogWorker (SegmentedRaftLogWorker.java:lambda$new$0(132)) - 0910cf7c-fddf-4dbf-9167-882adaee21d9-SegmentedRaftLogWorker:Storage Directory /workdir/hadoop-ozone/integration-test/target/test-dir/MiniOzoneClusterImpl-d1bd8377-0706-4af8-a373-5017138d6a8c/datanode-5/data/ratis/e47ed814-6c29-46e7-9275-6d788f8c2285: flushIndex: setUnconditionally 0 -> -1
2019-08-28 19:58:09,900 [pool-82-thread-1] INFO  server.RaftServerConfigKeys (ConfUtils.java:logGet(43)) - raft.server.snapshot.auto.trigger.enabled = true (custom)
2019-08-28 19:58:09,901 [pool-82-thread-1] INFO  server.RaftServerConfigKeys (ConfUtils.java:logGet(43)) - raft.server.snapshot.auto.trigger.threshold = 10000 (custom)
2019-08-28 19:58:09,901 [pool-82-thread-1] INFO  server.RaftServerConfigKeys (ConfUtils.java:logGet(43)) - raft.server.retrycache.expirytime = 600000ms (custom)
2019-08-28 19:58:09,901 [pool-82-thread-1] INFO  impl.RaftServerImpl (RaftServerImpl.java:start(180)) - 0910cf7c-fddf-4dbf-9167-882adaee21d9: start group-6D788F8C2285
2019-08-28 19:58:09,901 [pool-82-thread-1] INFO  impl.RaftServerImpl (RaftServerImpl.java:setRole(171)) - 0910cf7c-fddf-4dbf-9167-882adaee21d9:group-6D788F8C2285 changes role from null to FOLLOWER at term 0 for startAsFollower
2019-08-28 19:58:09,902 [pool-82-thread-1] INFO  impl.RoleInfo (RoleInfo.java:updateAndGet(143)) - 0910cf7c-fddf-4dbf-9167-882adaee21d9: start FollowerState
2019-08-28 19:58:09,902 [pool-82-thread-1] INFO  util.JmxRegister (JmxRegister.java:tryRegister(44)) - Successfully registered JMX Bean with object name Ratis:service=RaftServer,group=group-6D788F8C2285,id=0910cf7c-fddf-4dbf-9167-882adaee21d9
2019-08-28 19:58:09,917 [RatisPipelineUtilsThread] INFO  pipeline.PipelineStateManager (PipelineStateManager.java:addPipeline(56)) - Created pipeline Pipeline[ Id: e47ed814-6c29-46e7-9275-6d788f8c2285, Nodes: 0910cf7c-fddf-4dbf-9167-882adaee21d9{ip: 192.168.36.107, host: pr-hdds-1949-jn7bv-2990118995, networkLocation: /default-rack, certSerialId: null}, Type:RATIS, Factor:ONE, State:OPEN]
2019-08-28 19:58:09,942 [grpc-default-executor-0] INFO  impl.RaftServerProxy (RaftServerProxy.java:addNew(89)) - 03db8954-5a6e-4042-b4a9-1698a7ceec96: addNew group-3EAA39CAA32C:[03db8954-5a6e-4042-b4a9-1698a7ceec96:192.168.36.107:43464] returns group-3EAA39CAA32C:java.util.concurrent.CompletableFuture@638167b0[Not completed]
2019-08-28 19:58:09,947 [pool-71-thread-1] INFO  impl.RaftServerImpl (RaftServerImpl.java:<init>(93)) - 03db8954-5a6e-4042-b4a9-1698a7ceec96: new RaftServerImpl for group-3EAA39CAA32C:[03db8954-5a6e-4042-b4a9-1698a7ceec96:192.168.36.107:43464] with ContainerStateMachine:uninitialized
2019-08-28 19:58:09,947 [pool-71-thread-1] INFO  server.RaftServerConfigKeys (ConfUtils.java:logGet(43)) - raft.server.rpc.timeout.min = 5s (custom)
2019-08-28 19:58:09,947 [pool-71-thread-1] INFO  server.RaftServerConfigKeys (ConfUtils.java:logGet(43)) - raft.server.rpc.timeout.max = 5200ms (custom)
2019-08-28 19:58:09,947 [pool-71-thread-1] INFO  server.RaftServerConfigKeys (ConfUtils.java:logGet(43)) - raft.server.rpcslowness.timeout = 120s (custom)
2019-08-28 19:58:09,947 [pool-71-thread-1] INFO  server.RaftServerConfigKeys (ConfUtils.java:logGet(43)) - raft.server.sleep.deviation.threshold = 300 (default)
2019-08-28 19:58:09,948 [pool-71-thread-1] INFO  server.RaftServerConfigKeys (ConfUtils.java:logGet(43)) - raft.server.log.appender.install.snapshot.enabled = false (custom)
2019-08-28 19:58:09,948 [pool-71-thread-1] INFO  impl.RaftServerImpl (ServerState.java:<init>(105)) - 03db8954-5a6e-4042-b4a9-1698a7ceec96:group-3EAA39CAA32C ConfigurationManager, init=-1: [03db8954-5a6e-4042-b4a9-1698a7ceec96:192.168.36.107:43464], old=null, confs=<EMPTY_MAP>
2019-08-28 19:58:09,948 [pool-71-thread-1] INFO  server.RaftServerConfigKeys (ConfUtils.java:logGet(43)) - raft.server.storage.dir = [/workdir/hadoop-ozone/integration-test/target/test-dir/MiniOzoneClusterImpl-d1bd8377-0706-4af8-a373-5017138d6a8c/datanode-4/data/ratis] (custom)
2019-08-28 19:58:09,948 [pool-71-thread-1] INFO  storage.RaftStorageDirectory (RaftStorageDirectory.java:analyzeStorage(246)) - The storage directory /workdir/hadoop-ozone/integration-test/target/test-dir/MiniOzoneClusterImpl-d1bd8377-0706-4af8-a373-5017138d6a8c/datanode-4/data/ratis/9eefcaf0-88f9-4aca-bba4-3eaa39caa32c does not exist. Creating ...
2019-08-28 19:58:09,961 [pool-71-thread-1] INFO  storage.RaftStorageDirectory (RaftStorageDirectory.java:tryLock(328)) - Lock on /workdir/hadoop-ozone/integration-test/target/test-dir/MiniOzoneClusterImpl-d1bd8377-0706-4af8-a373-5017138d6a8c/datanode-4/data/ratis/9eefcaf0-88f9-4aca-bba4-3eaa39caa32c/in_use.lock acquired by nodename 21777@pr-hdds-1949-jn7bv-2990118995
2019-08-28 19:58:09,974 [pool-71-thread-1] INFO  storage.RaftStorage (RaftStorage.java:format(72)) - Storage directory /workdir/hadoop-ozone/integration-test/target/test-dir/MiniOzoneClusterImpl-d1bd8377-0706-4af8-a373-5017138d6a8c/datanode-4/data/ratis/9eefcaf0-88f9-4aca-bba4-3eaa39caa32c has been successfully formatted.
2019-08-28 19:58:09,975 [pool-71-thread-1] INFO  ratis.ContainerStateMachine (ContainerStateMachine.java:loadSnapshot(227)) - group-3EAA39CAA32C: The snapshot info is null. Setting the last applied indexto:(t:0, i:~)
2019-08-28 19:58:09,975 [pool-71-thread-1] INFO  server.RaftServerConfigKeys (ConfUtils.java:logGet(43)) - raft.server.leader.election.timeout = 120s (custom)
2019-08-28 19:58:09,975 [pool-71-thread-1] INFO  server.RaftServerConfigKeys (ConfUtils.java:logGet(43)) - raft.server.log.use.memory = false (default)
2019-08-28 19:58:09,975 [pool-71-thread-1] INFO  server.RaftServerConfigKeys (ConfUtils.java:logGet(43)) - raft.server.log.purge.gap = 1000000 (custom)
2019-08-28 19:58:09,975 [pool-71-thread-1] INFO  server.RaftServerConfigKeys (ConfUtils.java:logGet(43)) - raft.server.log.appender.buffer.byte-limit = 33554432 (custom)
2019-08-28 19:58:09,975 [pool-71-thread-1] INFO  server.RaftServerConfigKeys (ConfUtils.java:logGet(43)) - raft.server.log.segment.size.max = 1048576 (custom)
2019-08-28 19:58:09,976 [pool-71-thread-1] INFO  server.RaftServerConfigKeys (ConfUtils.java:logGet(43)) - raft.server.log.segment.cache.num.max = 2 (custom)
2019-08-28 19:58:09,976 [pool-71-thread-1] INFO  segmented.SegmentedRaftLogWorker (SegmentedRaftLogWorker.java:<init>(172)) - new 03db8954-5a6e-4042-b4a9-1698a7ceec96-SegmentedRaftLogWorker:Storage Directory /workdir/hadoop-ozone/integration-test/target/test-dir/MiniOzoneClusterImpl-d1bd8377-0706-4af8-a373-5017138d6a8c/datanode-4/data/ratis/9eefcaf0-88f9-4aca-bba4-3eaa39caa32c for RaftStorage:Storage Directory /workdir/hadoop-ozone/integration-test/target/test-dir/MiniOzoneClusterImpl-d1bd8377-0706-4af8-a373-5017138d6a8c/datanode-4/data/ratis/9eefcaf0-88f9-4aca-bba4-3eaa39caa32c
2019-08-28 19:58:09,976 [pool-71-thread-1] INFO  server.RaftServerConfigKeys (ConfUtils.java:logGet(43)) - raft.server.log.queue.byte-limit = 2147483647 (custom)
2019-08-28 19:58:09,976 [pool-71-thread-1] INFO  server.RaftServerConfigKeys (ConfUtils.java:logGet(43)) - raft.server.log.queue.element-limit = 1024 (custom)
2019-08-28 19:58:09,976 [pool-71-thread-1] INFO  server.RaftServerConfigKeys (ConfUtils.java:logGet(43)) - raft.server.log.segment.size.max = 1048576 (custom)
2019-08-28 19:58:09,977 [pool-71-thread-1] INFO  server.RaftServerConfigKeys (ConfUtils.java:logGet(43)) - raft.server.log.preallocated.size = 16384 (custom)
2019-08-28 19:58:09,977 [pool-71-thread-1] INFO  server.RaftServerConfigKeys (ConfUtils.java:logGet(43)) - raft.server.log.write.buffer.size = 33554432 (custom)
2019-08-28 19:58:09,977 [pool-71-thread-1] INFO  server.RaftServerConfigKeys (ConfUtils.java:logGet(43)) - raft.server.log.force.sync.num = 128 (default)
2019-08-28 19:58:09,977 [pool-71-thread-1] INFO  server.RaftServerConfigKeys (ConfUtils.java:logGet(43)) - raft.server.log.statemachine.data.sync = true (default)
2019-08-28 19:58:09,977 [pool-71-thread-1] INFO  server.RaftServerConfigKeys (ConfUtils.java:logGet(43)) - raft.server.log.statemachine.data.sync.timeout = 10s (default)
2019-08-28 19:58:09,977 [pool-71-thread-1] INFO  server.RaftServerConfigKeys (ConfUtils.java:logGet(43)) - raft.server.log.statemachine.data.sync.timeout.retry = -1 (default)
2019-08-28 19:58:09,978 [pool-71-thread-1] INFO  server.RaftServerConfigKeys (ConfUtils.java:logGet(43)) - raft.server.log.statemachine.data.caching.enabled = true (custom)
2019-08-28 19:58:09,978 [pool-71-thread-1] INFO  segmented.SegmentedRaftLogWorker (SegmentedRaftLogWorker.java:lambda$new$0(132)) - 03db8954-5a6e-4042-b4a9-1698a7ceec96-SegmentedRaftLogWorker:Storage Directory /workdir/hadoop-ozone/integration-test/target/test-dir/MiniOzoneClusterImpl-d1bd8377-0706-4af8-a373-5017138d6a8c/datanode-4/data/ratis/9eefcaf0-88f9-4aca-bba4-3eaa39caa32c: flushIndex: setUnconditionally 0 -> -1
2019-08-28 19:58:09,979 [pool-71-thread-1] INFO  server.RaftServerConfigKeys (ConfUtils.java:logGet(43)) - raft.server.snapshot.auto.trigger.enabled = true (custom)
2019-08-28 19:58:09,979 [pool-71-thread-1] INFO  server.RaftServerConfigKeys (ConfUtils.java:logGet(43)) - raft.server.snapshot.auto.trigger.threshold = 10000 (custom)
2019-08-28 19:58:09,979 [pool-71-thread-1] INFO  server.RaftServerConfigKeys (ConfUtils.java:logGet(43)) - raft.server.retrycache.expirytime = 600000ms (custom)
2019-08-28 19:58:09,979 [pool-71-thread-1] INFO  impl.RaftServerImpl (RaftServerImpl.java:start(180)) - 03db8954-5a6e-4042-b4a9-1698a7ceec96: start group-3EAA39CAA32C
2019-08-28 19:58:09,979 [pool-71-thread-1] INFO  impl.RaftServerImpl (RaftServerImpl.java:setRole(171)) - 03db8954-5a6e-4042-b4a9-1698a7ceec96:group-3EAA39CAA32C changes role from null to FOLLOWER at term 0 for startAsFollower
2019-08-28 19:58:09,980 [pool-71-thread-1] INFO  impl.RoleInfo (RoleInfo.java:updateAndGet(143)) - 03db8954-5a6e-4042-b4a9-1698a7ceec96: start FollowerState
2019-08-28 19:58:09,980 [pool-71-thread-1] INFO  util.JmxRegister (JmxRegister.java:tryRegister(44)) - Successfully registered JMX Bean with object name Ratis:service=RaftServer,group=group-3EAA39CAA32C,id=03db8954-5a6e-4042-b4a9-1698a7ceec96
2019-08-28 19:58:09,994 [RatisPipelineUtilsThread] INFO  pipeline.PipelineStateManager (PipelineStateManager.java:addPipeline(56)) - Created pipeline Pipeline[ Id: 9eefcaf0-88f9-4aca-bba4-3eaa39caa32c, Nodes: 03db8954-5a6e-4042-b4a9-1698a7ceec96{ip: 192.168.36.107, host: pr-hdds-1949-jn7bv-2990118995, networkLocation: /default-rack, certSerialId: null}, Type:RATIS, Factor:ONE, State:OPEN]
2019-08-28 19:58:10,023 [grpc-default-executor-0] INFO  impl.RaftServerProxy (RaftServerProxy.java:addNew(89)) - f3efc612-2d1c-41da-bcd1-cee0352e8d6a: addNew group-B2430E3610FA:[f3efc612-2d1c-41da-bcd1-cee0352e8d6a:192.168.36.107:43779] returns group-B2430E3610FA:java.util.concurrent.CompletableFuture@733690a5[Not completed]
2019-08-28 19:58:10,025 [pool-38-thread-1] INFO  impl.RaftServerImpl (RaftServerImpl.java:<init>(93)) - f3efc612-2d1c-41da-bcd1-cee0352e8d6a: new RaftServerImpl for group-B2430E3610FA:[f3efc612-2d1c-41da-bcd1-cee0352e8d6a:192.168.36.107:43779] with ContainerStateMachine:uninitialized
2019-08-28 19:58:10,025 [pool-38-thread-1] INFO  server.RaftServerConfigKeys (ConfUtils.java:logGet(43)) - raft.server.rpc.timeout.min = 5s (custom)
2019-08-28 19:58:10,025 [pool-38-thread-1] INFO  server.RaftServerConfigKeys (ConfUtils.java:logGet(43)) - raft.server.rpc.timeout.max = 5200ms (custom)
2019-08-28 19:58:10,026 [pool-38-thread-1] INFO  server.RaftServerConfigKeys (ConfUtils.java:logGet(43)) - raft.server.rpcslowness.timeout = 120s (custom)
2019-08-28 19:58:10,026 [pool-38-thread-1] INFO  server.RaftServerConfigKeys (ConfUtils.java:logGet(43)) - raft.server.sleep.deviation.threshold = 300 (default)
2019-08-28 19:58:10,026 [pool-38-thread-1] INFO  server.RaftServerConfigKeys (ConfUtils.java:logGet(43)) - raft.server.log.appender.install.snapshot.enabled = false (custom)
2019-08-28 19:58:10,026 [pool-38-thread-1] INFO  impl.RaftServerImpl (ServerState.java:<init>(105)) - f3efc612-2d1c-41da-bcd1-cee0352e8d6a:group-B2430E3610FA ConfigurationManager, init=-1: [f3efc612-2d1c-41da-bcd1-cee0352e8d6a:192.168.36.107:43779], old=null, confs=<EMPTY_MAP>
2019-08-28 19:58:10,026 [pool-38-thread-1] INFO  server.RaftServerConfigKeys (ConfUtils.java:logGet(43)) - raft.server.storage.dir = [/workdir/hadoop-ozone/integration-test/target/test-dir/MiniOzoneClusterImpl-d1bd8377-0706-4af8-a373-5017138d6a8c/datanode-1/data/ratis] (custom)
2019-08-28 19:58:10,027 [pool-38-thread-1] INFO  storage.RaftStorageDirectory (RaftStorageDirectory.java:analyzeStorage(246)) - The storage directory /workdir/hadoop-ozone/integration-test/target/test-dir/MiniOzoneClusterImpl-d1bd8377-0706-4af8-a373-5017138d6a8c/datanode-1/data/ratis/56264476-d49b-4f7b-958a-b2430e3610fa does not exist. Creating ...
2019-08-28 19:58:10,041 [pool-38-thread-1] INFO  storage.RaftStorageDirectory (RaftStorageDirectory.java:tryLock(328)) - Lock on /workdir/hadoop-ozone/integration-test/target/test-dir/MiniOzoneClusterImpl-d1bd8377-0706-4af8-a373-5017138d6a8c/datanode-1/data/ratis/56264476-d49b-4f7b-958a-b2430e3610fa/in_use.lock acquired by nodename 21777@pr-hdds-1949-jn7bv-2990118995
2019-08-28 19:58:10,055 [pool-38-thread-1] INFO  storage.RaftStorage (RaftStorage.java:format(72)) - Storage directory /workdir/hadoop-ozone/integration-test/target/test-dir/MiniOzoneClusterImpl-d1bd8377-0706-4af8-a373-5017138d6a8c/datanode-1/data/ratis/56264476-d49b-4f7b-958a-b2430e3610fa has been successfully formatted.
2019-08-28 19:58:10,055 [pool-38-thread-1] INFO  ratis.ContainerStateMachine (ContainerStateMachine.java:loadSnapshot(227)) - group-B2430E3610FA: The snapshot info is null. Setting the last applied indexto:(t:0, i:~)
2019-08-28 19:58:10,056 [pool-38-thread-1] INFO  server.RaftServerConfigKeys (ConfUtils.java:logGet(43)) - raft.server.leader.election.timeout = 120s (custom)
2019-08-28 19:58:10,056 [pool-38-thread-1] INFO  server.RaftServerConfigKeys (ConfUtils.java:logGet(43)) - raft.server.log.use.memory = false (default)
2019-08-28 19:58:10,056 [pool-38-thread-1] INFO  server.RaftServerConfigKeys (ConfUtils.java:logGet(43)) - raft.server.log.purge.gap = 1000000 (custom)
2019-08-28 19:58:10,056 [pool-38-thread-1] INFO  server.RaftServerConfigKeys (ConfUtils.java:logGet(43)) - raft.server.log.appender.buffer.byte-limit = 33554432 (custom)
2019-08-28 19:58:10,056 [pool-38-thread-1] INFO  server.RaftServerConfigKeys (ConfUtils.java:logGet(43)) - raft.server.log.segment.size.max = 1048576 (custom)
2019-08-28 19:58:10,057 [pool-38-thread-1] INFO  server.RaftServerConfigKeys (ConfUtils.java:logGet(43)) - raft.server.log.segment.cache.num.max = 2 (custom)
2019-08-28 19:58:10,057 [pool-38-thread-1] INFO  segmented.SegmentedRaftLogWorker (SegmentedRaftLogWorker.java:<init>(172)) - new f3efc612-2d1c-41da-bcd1-cee0352e8d6a-SegmentedRaftLogWorker:Storage Directory /workdir/hadoop-ozone/integration-test/target/test-dir/MiniOzoneClusterImpl-d1bd8377-0706-4af8-a373-5017138d6a8c/datanode-1/data/ratis/56264476-d49b-4f7b-958a-b2430e3610fa for RaftStorage:Storage Directory /workdir/hadoop-ozone/integration-test/target/test-dir/MiniOzoneClusterImpl-d1bd8377-0706-4af8-a373-5017138d6a8c/datanode-1/data/ratis/56264476-d49b-4f7b-958a-b2430e3610fa
2019-08-28 19:58:10,057 [pool-38-thread-1] INFO  server.RaftServerConfigKeys (ConfUtils.java:logGet(43)) - raft.server.log.queue.byte-limit = 2147483647 (custom)
2019-08-28 19:58:10,057 [pool-38-thread-1] INFO  server.RaftServerConfigKeys (ConfUtils.java:logGet(43)) - raft.server.log.queue.element-limit = 1024 (custom)
2019-08-28 19:58:10,057 [pool-38-thread-1] INFO  server.RaftServerConfigKeys (ConfUtils.java:logGet(43)) - raft.server.log.segment.size.max = 1048576 (custom)
2019-08-28 19:58:10,058 [pool-38-thread-1] INFO  server.RaftServerConfigKeys (ConfUtils.java:logGet(43)) - raft.server.log.preallocated.size = 16384 (custom)
2019-08-28 19:58:10,058 [pool-38-thread-1] INFO  server.RaftServerConfigKeys (ConfUtils.java:logGet(43)) - raft.server.log.write.buffer.size = 33554432 (custom)
2019-08-28 19:58:10,058 [pool-38-thread-1] INFO  server.RaftServerConfigKeys (ConfUtils.java:logGet(43)) - raft.server.log.force.sync.num = 128 (default)
2019-08-28 19:58:10,058 [pool-38-thread-1] INFO  server.RaftServerConfigKeys (ConfUtils.java:logGet(43)) - raft.server.log.statemachine.data.sync = true (default)
2019-08-28 19:58:10,058 [pool-38-thread-1] INFO  server.RaftServerConfigKeys (ConfUtils.java:logGet(43)) - raft.server.log.statemachine.data.sync.timeout = 10s (default)
2019-08-28 19:58:10,059 [pool-38-thread-1] INFO  server.RaftServerConfigKeys (ConfUtils.java:logGet(43)) - raft.server.log.statemachine.data.sync.timeout.retry = -1 (default)
2019-08-28 19:58:10,059 [pool-38-thread-1] INFO  server.RaftServerConfigKeys (ConfUtils.java:logGet(43)) - raft.server.log.statemachine.data.caching.enabled = true (custom)
2019-08-28 19:58:10,059 [pool-38-thread-1] INFO  segmented.SegmentedRaftLogWorker (SegmentedRaftLogWorker.java:lambda$new$0(132)) - f3efc612-2d1c-41da-bcd1-cee0352e8d6a-SegmentedRaftLogWorker:Storage Directory /workdir/hadoop-ozone/integration-test/target/test-dir/MiniOzoneClusterImpl-d1bd8377-0706-4af8-a373-5017138d6a8c/datanode-1/data/ratis/56264476-d49b-4f7b-958a-b2430e3610fa: flushIndex: setUnconditionally 0 -> -1
2019-08-28 19:58:10,060 [pool-38-thread-1] INFO  server.RaftServerConfigKeys (ConfUtils.java:logGet(43)) - raft.server.snapshot.auto.trigger.enabled = true (custom)
2019-08-28 19:58:10,060 [pool-38-thread-1] INFO  server.RaftServerConfigKeys (ConfUtils.java:logGet(43)) - raft.server.snapshot.auto.trigger.threshold = 10000 (custom)
2019-08-28 19:58:10,060 [pool-38-thread-1] INFO  server.RaftServerConfigKeys (ConfUtils.java:logGet(43)) - raft.server.retrycache.expirytime = 600000ms (custom)
2019-08-28 19:58:10,060 [pool-38-thread-1] INFO  impl.RaftServerImpl (RaftServerImpl.java:start(180)) - f3efc612-2d1c-41da-bcd1-cee0352e8d6a: start group-B2430E3610FA
2019-08-28 19:58:10,061 [pool-38-thread-1] INFO  impl.RaftServerImpl (RaftServerImpl.java:setRole(171)) - f3efc612-2d1c-41da-bcd1-cee0352e8d6a:group-B2430E3610FA changes role from null to FOLLOWER at term 0 for startAsFollower
2019-08-28 19:58:10,061 [pool-38-thread-1] INFO  impl.RoleInfo (RoleInfo.java:updateAndGet(143)) - f3efc612-2d1c-41da-bcd1-cee0352e8d6a: start FollowerState
2019-08-28 19:58:10,061 [pool-38-thread-1] INFO  util.JmxRegister (JmxRegister.java:tryRegister(44)) - Successfully registered JMX Bean with object name Ratis:service=RaftServer,group=group-B2430E3610FA,id=f3efc612-2d1c-41da-bcd1-cee0352e8d6a
2019-08-28 19:58:10,075 [RatisPipelineUtilsThread] INFO  pipeline.PipelineStateManager (PipelineStateManager.java:addPipeline(56)) - Created pipeline Pipeline[ Id: 56264476-d49b-4f7b-958a-b2430e3610fa, Nodes: f3efc612-2d1c-41da-bcd1-cee0352e8d6a{ip: 192.168.36.107, host: pr-hdds-1949-jn7bv-2990118995, networkLocation: /default-rack, certSerialId: null}, Type:RATIS, Factor:ONE, State:OPEN]
2019-08-28 19:58:10,096 [grpc-default-executor-0] INFO  impl.RaftServerProxy (RaftServerProxy.java:addNew(89)) - 290792b5-0601-45f8-8ac4-f5aeff7db3b3: addNew group-F6AA1ADDA86D:[290792b5-0601-45f8-8ac4-f5aeff7db3b3:192.168.36.107:45120] returns group-F6AA1ADDA86D:java.util.concurrent.CompletableFuture@72b39061[Not completed]
2019-08-28 19:58:10,101 [pool-49-thread-1] INFO  impl.RaftServerImpl (RaftServerImpl.java:<init>(93)) - 290792b5-0601-45f8-8ac4-f5aeff7db3b3: new RaftServerImpl for group-F6AA1ADDA86D:[290792b5-0601-45f8-8ac4-f5aeff7db3b3:192.168.36.107:45120] with ContainerStateMachine:uninitialized
2019-08-28 19:58:10,101 [pool-49-thread-1] INFO  server.RaftServerConfigKeys (ConfUtils.java:logGet(43)) - raft.server.rpc.timeout.min = 5s (custom)
2019-08-28 19:58:10,101 [pool-49-thread-1] INFO  server.RaftServerConfigKeys (ConfUtils.java:logGet(43)) - raft.server.rpc.timeout.max = 5200ms (custom)
2019-08-28 19:58:10,101 [pool-49-thread-1] INFO  server.RaftServerConfigKeys (ConfUtils.java:logGet(43)) - raft.server.rpcslowness.timeout = 120s (custom)
2019-08-28 19:58:10,101 [pool-49-thread-1] INFO  server.RaftServerConfigKeys (ConfUtils.java:logGet(43)) - raft.server.sleep.deviation.threshold = 300 (default)
2019-08-28 19:58:10,102 [pool-49-thread-1] INFO  server.RaftServerConfigKeys (ConfUtils.java:logGet(43)) - raft.server.log.appender.install.snapshot.enabled = false (custom)
2019-08-28 19:58:10,102 [pool-49-thread-1] INFO  impl.RaftServerImpl (ServerState.java:<init>(105)) - 290792b5-0601-45f8-8ac4-f5aeff7db3b3:group-F6AA1ADDA86D ConfigurationManager, init=-1: [290792b5-0601-45f8-8ac4-f5aeff7db3b3:192.168.36.107:45120], old=null, confs=<EMPTY_MAP>
2019-08-28 19:58:10,102 [pool-49-thread-1] INFO  server.RaftServerConfigKeys (ConfUtils.java:logGet(43)) - raft.server.storage.dir = [/workdir/hadoop-ozone/integration-test/target/test-dir/MiniOzoneClusterImpl-d1bd8377-0706-4af8-a373-5017138d6a8c/datanode-2/data/ratis] (custom)
2019-08-28 19:58:10,103 [pool-49-thread-1] INFO  storage.RaftStorageDirectory (RaftStorageDirectory.java:analyzeStorage(246)) - The storage directory /workdir/hadoop-ozone/integration-test/target/test-dir/MiniOzoneClusterImpl-d1bd8377-0706-4af8-a373-5017138d6a8c/datanode-2/data/ratis/73452b1e-0101-4d71-be9b-f6aa1adda86d does not exist. Creating ...
2019-08-28 19:58:10,106 [main] INFO  ozone.MiniOzoneClusterImpl (MiniOzoneClusterImpl.java:lambda$waitForClusterToBeReady$0(142)) - Cluster is ready. Got 7 of 7 DN Heartbeats.
2019-08-28 19:58:10,117 [pool-49-thread-1] INFO  storage.RaftStorageDirectory (RaftStorageDirectory.java:tryLock(328)) - Lock on /workdir/hadoop-ozone/integration-test/target/test-dir/MiniOzoneClusterImpl-d1bd8377-0706-4af8-a373-5017138d6a8c/datanode-2/data/ratis/73452b1e-0101-4d71-be9b-f6aa1adda86d/in_use.lock acquired by nodename 21777@pr-hdds-1949-jn7bv-2990118995
2019-08-28 19:58:10,153 [pool-49-thread-1] INFO  storage.RaftStorage (RaftStorage.java:format(72)) - Storage directory /workdir/hadoop-ozone/integration-test/target/test-dir/MiniOzoneClusterImpl-d1bd8377-0706-4af8-a373-5017138d6a8c/datanode-2/data/ratis/73452b1e-0101-4d71-be9b-f6aa1adda86d has been successfully formatted.
2019-08-28 19:58:10,153 [pool-49-thread-1] INFO  ratis.ContainerStateMachine (ContainerStateMachine.java:loadSnapshot(227)) - group-F6AA1ADDA86D: The snapshot info is null. Setting the last applied indexto:(t:0, i:~)
2019-08-28 19:58:10,154 [pool-49-thread-1] INFO  server.RaftServerConfigKeys (ConfUtils.java:logGet(43)) - raft.server.leader.election.timeout = 120s (custom)
2019-08-28 19:58:10,154 [pool-49-thread-1] INFO  server.RaftServerConfigKeys (ConfUtils.java:logGet(43)) - raft.server.log.use.memory = false (default)
2019-08-28 19:58:10,154 [pool-49-thread-1] INFO  server.RaftServerConfigKeys (ConfUtils.java:logGet(43)) - raft.server.log.purge.gap = 1000000 (custom)
2019-08-28 19:58:10,154 [pool-49-thread-1] INFO  server.RaftServerConfigKeys (ConfUtils.java:logGet(43)) - raft.server.log.appender.buffer.byte-limit = 33554432 (custom)
2019-08-28 19:58:10,155 [pool-49-thread-1] INFO  server.RaftServerConfigKeys (ConfUtils.java:logGet(43)) - raft.server.log.segment.size.max = 1048576 (custom)
2019-08-28 19:58:10,155 [pool-49-thread-1] INFO  server.RaftServerConfigKeys (ConfUtils.java:logGet(43)) - raft.server.log.segment.cache.num.max = 2 (custom)
2019-08-28 19:58:10,155 [pool-49-thread-1] INFO  segmented.SegmentedRaftLogWorker (SegmentedRaftLogWorker.java:<init>(172)) - new 290792b5-0601-45f8-8ac4-f5aeff7db3b3-SegmentedRaftLogWorker:Storage Directory /workdir/hadoop-ozone/integration-test/target/test-dir/MiniOzoneClusterImpl-d1bd8377-0706-4af8-a373-5017138d6a8c/datanode-2/data/ratis/73452b1e-0101-4d71-be9b-f6aa1adda86d for RaftStorage:Storage Directory /workdir/hadoop-ozone/integration-test/target/test-dir/MiniOzoneClusterImpl-d1bd8377-0706-4af8-a373-5017138d6a8c/datanode-2/data/ratis/73452b1e-0101-4d71-be9b-f6aa1adda86d
2019-08-28 19:58:10,155 [pool-49-thread-1] INFO  server.RaftServerConfigKeys (ConfUtils.java:logGet(43)) - raft.server.log.queue.byte-limit = 2147483647 (custom)
2019-08-28 19:58:10,155 [pool-49-thread-1] INFO  server.RaftServerConfigKeys (ConfUtils.java:logGet(43)) - raft.server.log.queue.element-limit = 1024 (custom)
2019-08-28 19:58:10,156 [pool-49-thread-1] INFO  server.RaftServerConfigKeys (ConfUtils.java:logGet(43)) - raft.server.log.segment.size.max = 1048576 (custom)
2019-08-28 19:58:10,156 [pool-49-thread-1] INFO  server.RaftServerConfigKeys (ConfUtils.java:logGet(43)) - raft.server.log.preallocated.size = 16384 (custom)
2019-08-28 19:58:10,156 [pool-49-thread-1] INFO  server.RaftServerConfigKeys (ConfUtils.java:logGet(43)) - raft.server.log.write.buffer.size = 33554432 (custom)
2019-08-28 19:58:10,156 [pool-49-thread-1] INFO  server.RaftServerConfigKeys (ConfUtils.java:logGet(43)) - raft.server.log.force.sync.num = 128 (default)
2019-08-28 19:58:10,156 [pool-49-thread-1] INFO  server.RaftServerConfigKeys (ConfUtils.java:logGet(43)) - raft.server.log.statemachine.data.sync = true (default)
2019-08-28 19:58:10,157 [pool-49-thread-1] INFO  server.RaftServerConfigKeys (ConfUtils.java:logGet(43)) - raft.server.log.statemachine.data.sync.timeout = 10s (default)
2019-08-28 19:58:10,157 [pool-49-thread-1] INFO  server.RaftServerConfigKeys (ConfUtils.java:logGet(43)) - raft.server.log.statemachine.data.sync.timeout.retry = -1 (default)
2019-08-28 19:58:10,157 [pool-49-thread-1] INFO  server.RaftServerConfigKeys (ConfUtils.java:logGet(43)) - raft.server.log.statemachine.data.caching.enabled = true (custom)
2019-08-28 19:58:10,158 [pool-49-thread-1] INFO  segmented.SegmentedRaftLogWorker (SegmentedRaftLogWorker.java:lambda$new$0(132)) - 290792b5-0601-45f8-8ac4-f5aeff7db3b3-SegmentedRaftLogWorker:Storage Directory /workdir/hadoop-ozone/integration-test/target/test-dir/MiniOzoneClusterImpl-d1bd8377-0706-4af8-a373-5017138d6a8c/datanode-2/data/ratis/73452b1e-0101-4d71-be9b-f6aa1adda86d: flushIndex: setUnconditionally 0 -> -1
2019-08-28 19:58:10,158 [pool-49-thread-1] INFO  server.RaftServerConfigKeys (ConfUtils.java:logGet(43)) - raft.server.snapshot.auto.trigger.enabled = true (custom)
2019-08-28 19:58:10,158 [pool-49-thread-1] INFO  server.RaftServerConfigKeys (ConfUtils.java:logGet(43)) - raft.server.snapshot.auto.trigger.threshold = 10000 (custom)
2019-08-28 19:58:10,159 [pool-49-thread-1] INFO  server.RaftServerConfigKeys (ConfUtils.java:logGet(43)) - raft.server.retrycache.expirytime = 600000ms (custom)
2019-08-28 19:58:10,159 [pool-49-thread-1] INFO  impl.RaftServerImpl (RaftServerImpl.java:start(180)) - 290792b5-0601-45f8-8ac4-f5aeff7db3b3: start group-F6AA1ADDA86D
2019-08-28 19:58:10,159 [pool-49-thread-1] INFO  impl.RaftServerImpl (RaftServerImpl.java:setRole(171)) - 290792b5-0601-45f8-8ac4-f5aeff7db3b3:group-F6AA1ADDA86D changes role from null to FOLLOWER at term 0 for startAsFollower
2019-08-28 19:58:10,159 [pool-49-thread-1] INFO  impl.RoleInfo (RoleInfo.java:updateAndGet(143)) - 290792b5-0601-45f8-8ac4-f5aeff7db3b3: start FollowerState
2019-08-28 19:58:10,160 [pool-49-thread-1] INFO  util.JmxRegister (JmxRegister.java:tryRegister(44)) - Successfully registered JMX Bean with object name Ratis:service=RaftServer,group=group-F6AA1ADDA86D,id=290792b5-0601-45f8-8ac4-f5aeff7db3b3
2019-08-28 19:58:10,182 [RatisPipelineUtilsThread] INFO  pipeline.PipelineStateManager (PipelineStateManager.java:addPipeline(56)) - Created pipeline Pipeline[ Id: 73452b1e-0101-4d71-be9b-f6aa1adda86d, Nodes: 290792b5-0601-45f8-8ac4-f5aeff7db3b3{ip: 192.168.36.107, host: pr-hdds-1949-jn7bv-2990118995, networkLocation: /default-rack, certSerialId: null}, Type:RATIS, Factor:ONE, State:OPEN]
2019-08-28 19:58:10,226 [grpc-default-executor-1] INFO  impl.RaftServerProxy (RaftServerProxy.java:addNew(89)) - 0910cf7c-fddf-4dbf-9167-882adaee21d9: addNew group-431FF9F7F019:[0910cf7c-fddf-4dbf-9167-882adaee21d9:192.168.36.107:43526, fecaf1a5-1262-4037-b784-d9920b122a4c:192.168.36.107:44802, 8d6dfb4d-ac2d-4667-923e-2456b7752667:192.168.36.107:39502] returns group-431FF9F7F019:java.util.concurrent.CompletableFuture@4121f6a6[Not completed]
2019-08-28 19:58:10,233 [grpc-default-executor-1] INFO  impl.RaftServerProxy (RaftServerProxy.java:addNew(89)) - fecaf1a5-1262-4037-b784-d9920b122a4c: addNew group-431FF9F7F019:[0910cf7c-fddf-4dbf-9167-882adaee21d9:192.168.36.107:43526, fecaf1a5-1262-4037-b784-d9920b122a4c:192.168.36.107:44802, 8d6dfb4d-ac2d-4667-923e-2456b7752667:192.168.36.107:39502] returns group-431FF9F7F019:java.util.concurrent.CompletableFuture@42370e6[Not completed]
2019-08-28 19:58:10,233 [grpc-default-executor-2] INFO  impl.RaftServerProxy (RaftServerProxy.java:addNew(89)) - 8d6dfb4d-ac2d-4667-923e-2456b7752667: addNew group-431FF9F7F019:[0910cf7c-fddf-4dbf-9167-882adaee21d9:192.168.36.107:43526, fecaf1a5-1262-4037-b784-d9920b122a4c:192.168.36.107:44802, 8d6dfb4d-ac2d-4667-923e-2456b7752667:192.168.36.107:39502] returns group-431FF9F7F019:java.util.concurrent.CompletableFuture@7558dcbd[Not completed]
2019-08-28 19:58:10,234 [pool-82-thread-1] INFO  impl.RaftServerImpl (RaftServerImpl.java:<init>(93)) - 0910cf7c-fddf-4dbf-9167-882adaee21d9: new RaftServerImpl for group-431FF9F7F019:[0910cf7c-fddf-4dbf-9167-882adaee21d9:192.168.36.107:43526, fecaf1a5-1262-4037-b784-d9920b122a4c:192.168.36.107:44802, 8d6dfb4d-ac2d-4667-923e-2456b7752667:192.168.36.107:39502] with ContainerStateMachine:uninitialized
2019-08-28 19:58:10,234 [pool-82-thread-1] INFO  server.RaftServerConfigKeys (ConfUtils.java:logGet(43)) - raft.server.rpc.timeout.min = 5s (custom)
2019-08-28 19:58:10,234 [pool-82-thread-1] INFO  server.RaftServerConfigKeys (ConfUtils.java:logGet(43)) - raft.server.rpc.timeout.max = 5200ms (custom)
2019-08-28 19:58:10,234 [pool-82-thread-1] INFO  server.RaftServerConfigKeys (ConfUtils.java:logGet(43)) - raft.server.rpcslowness.timeout = 120s (custom)
2019-08-28 19:58:10,235 [pool-82-thread-1] INFO  server.RaftServerConfigKeys (ConfUtils.java:logGet(43)) - raft.server.sleep.deviation.threshold = 300 (default)
2019-08-28 19:58:10,235 [pool-82-thread-1] INFO  server.RaftServerConfigKeys (ConfUtils.java:logGet(43)) - raft.server.log.appender.install.snapshot.enabled = false (custom)
2019-08-28 19:58:10,235 [pool-60-thread-1] INFO  impl.RaftServerImpl (RaftServerImpl.java:<init>(93)) - fecaf1a5-1262-4037-b784-d9920b122a4c: new RaftServerImpl for group-431FF9F7F019:[0910cf7c-fddf-4dbf-9167-882adaee21d9:192.168.36.107:43526, fecaf1a5-1262-4037-b784-d9920b122a4c:192.168.36.107:44802, 8d6dfb4d-ac2d-4667-923e-2456b7752667:192.168.36.107:39502] with ContainerStateMachine:uninitialized
2019-08-28 19:58:10,235 [pool-82-thread-1] INFO  impl.RaftServerImpl (ServerState.java:<init>(105)) - 0910cf7c-fddf-4dbf-9167-882adaee21d9:group-431FF9F7F019 ConfigurationManager, init=-1: [0910cf7c-fddf-4dbf-9167-882adaee21d9:192.168.36.107:43526, fecaf1a5-1262-4037-b784-d9920b122a4c:192.168.36.107:44802, 8d6dfb4d-ac2d-4667-923e-2456b7752667:192.168.36.107:39502], old=null, confs=<EMPTY_MAP>
2019-08-28 19:58:10,235 [pool-60-thread-1] INFO  server.RaftServerConfigKeys (ConfUtils.java:logGet(43)) - raft.server.rpc.timeout.min = 5s (custom)
2019-08-28 19:58:10,236 [pool-82-thread-1] INFO  server.RaftServerConfigKeys (ConfUtils.java:logGet(43)) - raft.server.storage.dir = [/workdir/hadoop-ozone/integration-test/target/test-dir/MiniOzoneClusterImpl-d1bd8377-0706-4af8-a373-5017138d6a8c/datanode-5/data/ratis] (custom)
2019-08-28 19:58:10,236 [pool-60-thread-1] INFO  server.RaftServerConfigKeys (ConfUtils.java:logGet(43)) - raft.server.rpc.timeout.max = 5200ms (custom)
2019-08-28 19:58:10,236 [pool-60-thread-1] INFO  server.RaftServerConfigKeys (ConfUtils.java:logGet(43)) - raft.server.rpcslowness.timeout = 120s (custom)
2019-08-28 19:58:10,236 [pool-60-thread-1] INFO  server.RaftServerConfigKeys (ConfUtils.java:logGet(43)) - raft.server.sleep.deviation.threshold = 300 (default)
2019-08-28 19:58:10,236 [pool-82-thread-1] INFO  storage.RaftStorageDirectory (RaftStorageDirectory.java:analyzeStorage(246)) - The storage directory /workdir/hadoop-ozone/integration-test/target/test-dir/MiniOzoneClusterImpl-d1bd8377-0706-4af8-a373-5017138d6a8c/datanode-5/data/ratis/4e758f78-48ba-4173-a254-431ff9f7f019 does not exist. Creating ...
2019-08-28 19:58:10,236 [pool-60-thread-1] INFO  server.RaftServerConfigKeys (ConfUtils.java:logGet(43)) - raft.server.log.appender.install.snapshot.enabled = false (custom)
2019-08-28 19:58:10,237 [pool-93-thread-1] INFO  impl.RaftServerImpl (RaftServerImpl.java:<init>(93)) - 8d6dfb4d-ac2d-4667-923e-2456b7752667: new RaftServerImpl for group-431FF9F7F019:[0910cf7c-fddf-4dbf-9167-882adaee21d9:192.168.36.107:43526, fecaf1a5-1262-4037-b784-d9920b122a4c:192.168.36.107:44802, 8d6dfb4d-ac2d-4667-923e-2456b7752667:192.168.36.107:39502] with ContainerStateMachine:uninitialized
2019-08-28 19:58:10,237 [pool-60-thread-1] INFO  impl.RaftServerImpl (ServerState.java:<init>(105)) - fecaf1a5-1262-4037-b784-d9920b122a4c:group-431FF9F7F019 ConfigurationManager, init=-1: [0910cf7c-fddf-4dbf-9167-882adaee21d9:192.168.36.107:43526, fecaf1a5-1262-4037-b784-d9920b122a4c:192.168.36.107:44802, 8d6dfb4d-ac2d-4667-923e-2456b7752667:192.168.36.107:39502], old=null, confs=<EMPTY_MAP>
2019-08-28 19:58:10,237 [pool-93-thread-1] INFO  server.RaftServerConfigKeys (ConfUtils.java:logGet(43)) - raft.server.rpc.timeout.min = 5s (custom)
2019-08-28 19:58:10,237 [pool-60-thread-1] INFO  server.RaftServerConfigKeys (ConfUtils.java:logGet(43)) - raft.server.storage.dir = [/workdir/hadoop-ozone/integration-test/target/test-dir/MiniOzoneClusterImpl-d1bd8377-0706-4af8-a373-5017138d6a8c/datanode-3/data/ratis] (custom)
2019-08-28 19:58:10,237 [pool-93-thread-1] INFO  server.RaftServerConfigKeys (ConfUtils.java:logGet(43)) - raft.server.rpc.timeout.max = 5200ms (custom)
2019-08-28 19:58:10,237 [pool-93-thread-1] INFO  server.RaftServerConfigKeys (ConfUtils.java:logGet(43)) - raft.server.rpcslowness.timeout = 120s (custom)
2019-08-28 19:58:10,238 [pool-60-thread-1] INFO  storage.RaftStorageDirectory (RaftStorageDirectory.java:analyzeStorage(246)) - The storage directory /workdir/hadoop-ozone/integration-test/target/test-dir/MiniOzoneClusterImpl-d1bd8377-0706-4af8-a373-5017138d6a8c/datanode-3/data/ratis/4e758f78-48ba-4173-a254-431ff9f7f019 does not exist. Creating ...
2019-08-28 19:58:10,238 [pool-93-thread-1] INFO  server.RaftServerConfigKeys (ConfUtils.java:logGet(43)) - raft.server.sleep.deviation.threshold = 300 (default)
2019-08-28 19:58:10,238 [pool-93-thread-1] INFO  server.RaftServerConfigKeys (ConfUtils.java:logGet(43)) - raft.server.log.appender.install.snapshot.enabled = false (custom)
2019-08-28 19:58:10,238 [pool-93-thread-1] INFO  impl.RaftServerImpl (ServerState.java:<init>(105)) - 8d6dfb4d-ac2d-4667-923e-2456b7752667:group-431FF9F7F019 ConfigurationManager, init=-1: [0910cf7c-fddf-4dbf-9167-882adaee21d9:192.168.36.107:43526, fecaf1a5-1262-4037-b784-d9920b122a4c:192.168.36.107:44802, 8d6dfb4d-ac2d-4667-923e-2456b7752667:192.168.36.107:39502], old=null, confs=<EMPTY_MAP>
2019-08-28 19:58:10,238 [pool-93-thread-1] INFO  server.RaftServerConfigKeys (ConfUtils.java:logGet(43)) - raft.server.storage.dir = [/workdir/hadoop-ozone/integration-test/target/test-dir/MiniOzoneClusterImpl-d1bd8377-0706-4af8-a373-5017138d6a8c/datanode-6/data/ratis] (custom)
2019-08-28 19:58:10,239 [pool-93-thread-1] INFO  storage.RaftStorageDirectory (RaftStorageDirectory.java:analyzeStorage(246)) - The storage directory /workdir/hadoop-ozone/integration-test/target/test-dir/MiniOzoneClusterImpl-d1bd8377-0706-4af8-a373-5017138d6a8c/datanode-6/data/ratis/4e758f78-48ba-4173-a254-431ff9f7f019 does not exist. Creating ...
2019-08-28 19:58:10,264 [pool-60-thread-1] INFO  storage.RaftStorageDirectory (RaftStorageDirectory.java:tryLock(328)) - Lock on /workdir/hadoop-ozone/integration-test/target/test-dir/MiniOzoneClusterImpl-d1bd8377-0706-4af8-a373-5017138d6a8c/datanode-3/data/ratis/4e758f78-48ba-4173-a254-431ff9f7f019/in_use.lock acquired by nodename 21777@pr-hdds-1949-jn7bv-2990118995
2019-08-28 19:58:10,264 [pool-93-thread-1] INFO  storage.RaftStorageDirectory (RaftStorageDirectory.java:tryLock(328)) - Lock on /workdir/hadoop-ozone/integration-test/target/test-dir/MiniOzoneClusterImpl-d1bd8377-0706-4af8-a373-5017138d6a8c/datanode-6/data/ratis/4e758f78-48ba-4173-a254-431ff9f7f019/in_use.lock acquired by nodename 21777@pr-hdds-1949-jn7bv-2990118995
2019-08-28 19:58:10,264 [pool-82-thread-1] INFO  storage.RaftStorageDirectory (RaftStorageDirectory.java:tryLock(328)) - Lock on /workdir/hadoop-ozone/integration-test/target/test-dir/MiniOzoneClusterImpl-d1bd8377-0706-4af8-a373-5017138d6a8c/datanode-5/data/ratis/4e758f78-48ba-4173-a254-431ff9f7f019/in_use.lock acquired by nodename 21777@pr-hdds-1949-jn7bv-2990118995
2019-08-28 19:58:10,306 [pool-82-thread-1] INFO  storage.RaftStorage (RaftStorage.java:format(72)) - Storage directory /workdir/hadoop-ozone/integration-test/target/test-dir/MiniOzoneClusterImpl-d1bd8377-0706-4af8-a373-5017138d6a8c/datanode-5/data/ratis/4e758f78-48ba-4173-a254-431ff9f7f019 has been successfully formatted.
2019-08-28 19:58:10,306 [pool-60-thread-1] INFO  storage.RaftStorage (RaftStorage.java:format(72)) - Storage directory /workdir/hadoop-ozone/integration-test/target/test-dir/MiniOzoneClusterImpl-d1bd8377-0706-4af8-a373-5017138d6a8c/datanode-3/data/ratis/4e758f78-48ba-4173-a254-431ff9f7f019 has been successfully formatted.
2019-08-28 19:58:10,306 [pool-93-thread-1] INFO  storage.RaftStorage (RaftStorage.java:format(72)) - Storage directory /workdir/hadoop-ozone/integration-test/target/test-dir/MiniOzoneClusterImpl-d1bd8377-0706-4af8-a373-5017138d6a8c/datanode-6/data/ratis/4e758f78-48ba-4173-a254-431ff9f7f019 has been successfully formatted.
2019-08-28 19:58:10,306 [pool-82-thread-1] INFO  ratis.ContainerStateMachine (ContainerStateMachine.java:loadSnapshot(227)) - group-431FF9F7F019: The snapshot info is null. Setting the last applied indexto:(t:0, i:~)
2019-08-28 19:58:10,307 [pool-60-thread-1] INFO  ratis.ContainerStateMachine (ContainerStateMachine.java:loadSnapshot(227)) - group-431FF9F7F019: The snapshot info is null. Setting the last applied indexto:(t:0, i:~)
2019-08-28 19:58:10,307 [pool-82-thread-1] INFO  server.RaftServerConfigKeys (ConfUtils.java:logGet(43)) - raft.server.leader.election.timeout = 120s (custom)
2019-08-28 19:58:10,307 [pool-93-thread-1] INFO  ratis.ContainerStateMachine (ContainerStateMachine.java:loadSnapshot(227)) - group-431FF9F7F019: The snapshot info is null. Setting the last applied indexto:(t:0, i:~)
2019-08-28 19:58:10,307 [pool-82-thread-1] INFO  server.RaftServerConfigKeys (ConfUtils.java:logGet(43)) - raft.server.log.use.memory = false (default)
2019-08-28 19:58:10,307 [pool-60-thread-1] INFO  server.RaftServerConfigKeys (ConfUtils.java:logGet(43)) - raft.server.leader.election.timeout = 120s (custom)
2019-08-28 19:58:10,307 [pool-82-thread-1] INFO  server.RaftServerConfigKeys (ConfUtils.java:logGet(43)) - raft.server.log.purge.gap = 1000000 (custom)
2019-08-28 19:58:10,307 [pool-93-thread-1] INFO  server.RaftServerConfigKeys (ConfUtils.java:logGet(43)) - raft.server.leader.election.timeout = 120s (custom)
2019-08-28 19:58:10,308 [pool-82-thread-1] INFO  server.RaftServerConfigKeys (ConfUtils.java:logGet(43)) - raft.server.log.appender.buffer.byte-limit = 33554432 (custom)
2019-08-28 19:58:10,308 [pool-60-thread-1] INFO  server.RaftServerConfigKeys (ConfUtils.java:logGet(43)) - raft.server.log.use.memory = false (default)
2019-08-28 19:58:10,308 [pool-82-thread-1] INFO  server.RaftServerConfigKeys (ConfUtils.java:logGet(43)) - raft.server.log.segment.size.max = 1048576 (custom)
2019-08-28 19:58:10,308 [pool-93-thread-1] INFO  server.RaftServerConfigKeys (ConfUtils.java:logGet(43)) - raft.server.log.use.memory = false (default)
2019-08-28 19:58:10,308 [pool-82-thread-1] INFO  server.RaftServerConfigKeys (ConfUtils.java:logGet(43)) - raft.server.log.segment.cache.num.max = 2 (custom)
2019-08-28 19:58:10,308 [pool-60-thread-1] INFO  server.RaftServerConfigKeys (ConfUtils.java:logGet(43)) - raft.server.log.purge.gap = 1000000 (custom)
2019-08-28 19:58:10,309 [pool-82-thread-1] INFO  segmented.SegmentedRaftLogWorker (SegmentedRaftLogWorker.java:<init>(172)) - new 0910cf7c-fddf-4dbf-9167-882adaee21d9-SegmentedRaftLogWorker:Storage Directory /workdir/hadoop-ozone/integration-test/target/test-dir/MiniOzoneClusterImpl-d1bd8377-0706-4af8-a373-5017138d6a8c/datanode-5/data/ratis/4e758f78-48ba-4173-a254-431ff9f7f019 for RaftStorage:Storage Directory /workdir/hadoop-ozone/integration-test/target/test-dir/MiniOzoneClusterImpl-d1bd8377-0706-4af8-a373-5017138d6a8c/datanode-5/data/ratis/4e758f78-48ba-4173-a254-431ff9f7f019
2019-08-28 19:58:10,308 [pool-93-thread-1] INFO  server.RaftServerConfigKeys (ConfUtils.java:logGet(43)) - raft.server.log.purge.gap = 1000000 (custom)
2019-08-28 19:58:10,309 [pool-82-thread-1] INFO  server.RaftServerConfigKeys (ConfUtils.java:logGet(43)) - raft.server.log.queue.byte-limit = 2147483647 (custom)
2019-08-28 19:58:10,309 [pool-60-thread-1] INFO  server.RaftServerConfigKeys (ConfUtils.java:logGet(43)) - raft.server.log.appender.buffer.byte-limit = 33554432 (custom)
2019-08-28 19:58:10,311 [pool-82-thread-1] INFO  server.RaftServerConfigKeys (ConfUtils.java:logGet(43)) - raft.server.log.queue.element-limit = 1024 (custom)
2019-08-28 19:58:10,309 [pool-93-thread-1] INFO  server.RaftServerConfigKeys (ConfUtils.java:logGet(43)) - raft.server.log.appender.buffer.byte-limit = 33554432 (custom)
2019-08-28 19:58:10,312 [pool-82-thread-1] INFO  server.RaftServerConfigKeys (ConfUtils.java:logGet(43)) - raft.server.log.segment.size.max = 1048576 (custom)
2019-08-28 19:58:10,312 [pool-60-thread-1] INFO  server.RaftServerConfigKeys (ConfUtils.java:logGet(43)) - raft.server.log.segment.size.max = 1048576 (custom)
2019-08-28 19:58:10,312 [pool-82-thread-1] INFO  server.RaftServerConfigKeys (ConfUtils.java:logGet(43)) - raft.server.log.preallocated.size = 16384 (custom)
2019-08-28 19:58:10,312 [pool-93-thread-1] INFO  server.RaftServerConfigKeys (ConfUtils.java:logGet(43)) - raft.server.log.segment.size.max = 1048576 (custom)
2019-08-28 19:58:10,313 [pool-82-thread-1] INFO  server.RaftServerConfigKeys (ConfUtils.java:logGet(43)) - raft.server.log.write.buffer.size = 33554432 (custom)
2019-08-28 19:58:10,312 [pool-60-thread-1] INFO  server.RaftServerConfigKeys (ConfUtils.java:logGet(43)) - raft.server.log.segment.cache.num.max = 2 (custom)
2019-08-28 19:58:10,313 [pool-82-thread-1] INFO  server.RaftServerConfigKeys (ConfUtils.java:logGet(43)) - raft.server.log.force.sync.num = 128 (default)
2019-08-28 19:58:10,313 [pool-93-thread-1] INFO  server.RaftServerConfigKeys (ConfUtils.java:logGet(43)) - raft.server.log.segment.cache.num.max = 2 (custom)
2019-08-28 19:58:10,313 [pool-82-thread-1] INFO  server.RaftServerConfigKeys (ConfUtils.java:logGet(43)) - raft.server.log.statemachine.data.sync = true (default)
2019-08-28 19:58:10,313 [pool-60-thread-1] INFO  segmented.SegmentedRaftLogWorker (SegmentedRaftLogWorker.java:<init>(172)) - new fecaf1a5-1262-4037-b784-d9920b122a4c-SegmentedRaftLogWorker:Storage Directory /workdir/hadoop-ozone/integration-test/target/test-dir/MiniOzoneClusterImpl-d1bd8377-0706-4af8-a373-5017138d6a8c/datanode-3/data/ratis/4e758f78-48ba-4173-a254-431ff9f7f019 for RaftStorage:Storage Directory /workdir/hadoop-ozone/integration-test/target/test-dir/MiniOzoneClusterImpl-d1bd8377-0706-4af8-a373-5017138d6a8c/datanode-3/data/ratis/4e758f78-48ba-4173-a254-431ff9f7f019
2019-08-28 19:58:10,314 [pool-82-thread-1] INFO  server.RaftServerConfigKeys (ConfUtils.java:logGet(43)) - raft.server.log.statemachine.data.sync.timeout = 10s (default)
2019-08-28 19:58:10,313 [pool-93-thread-1] INFO  segmented.SegmentedRaftLogWorker (SegmentedRaftLogWorker.java:<init>(172)) - new 8d6dfb4d-ac2d-4667-923e-2456b7752667-SegmentedRaftLogWorker:Storage Directory /workdir/hadoop-ozone/integration-test/target/test-dir/MiniOzoneClusterImpl-d1bd8377-0706-4af8-a373-5017138d6a8c/datanode-6/data/ratis/4e758f78-48ba-4173-a254-431ff9f7f019 for RaftStorage:Storage Directory /workdir/hadoop-ozone/integration-test/target/test-dir/MiniOzoneClusterImpl-d1bd8377-0706-4af8-a373-5017138d6a8c/datanode-6/data/ratis/4e758f78-48ba-4173-a254-431ff9f7f019
2019-08-28 19:58:10,314 [pool-82-thread-1] INFO  server.RaftServerConfigKeys (ConfUtils.java:logGet(43)) - raft.server.log.statemachine.data.sync.timeout.retry = -1 (default)
2019-08-28 19:58:10,314 [pool-60-thread-1] INFO  server.RaftServerConfigKeys (ConfUtils.java:logGet(43)) - raft.server.log.queue.byte-limit = 2147483647 (custom)
2019-08-28 19:58:10,318 [pool-82-thread-1] INFO  server.RaftServerConfigKeys (ConfUtils.java:logGet(43)) - raft.server.log.statemachine.data.caching.enabled = true (custom)
2019-08-28 19:58:10,316 [pool-93-thread-1] INFO  server.RaftServerConfigKeys (ConfUtils.java:logGet(43)) - raft.server.log.queue.byte-limit = 2147483647 (custom)
2019-08-28 19:58:10,319 [pool-60-thread-1] INFO  server.RaftServerConfigKeys (ConfUtils.java:logGet(43)) - raft.server.log.queue.element-limit = 1024 (custom)
2019-08-28 19:58:10,319 [pool-82-thread-1] INFO  segmented.SegmentedRaftLogWorker (SegmentedRaftLogWorker.java:lambda$new$0(132)) - 0910cf7c-fddf-4dbf-9167-882adaee21d9-SegmentedRaftLogWorker:Storage Directory /workdir/hadoop-ozone/integration-test/target/test-dir/MiniOzoneClusterImpl-d1bd8377-0706-4af8-a373-5017138d6a8c/datanode-5/data/ratis/4e758f78-48ba-4173-a254-431ff9f7f019: flushIndex: setUnconditionally 0 -> -1
2019-08-28 19:58:10,319 [pool-93-thread-1] INFO  server.RaftServerConfigKeys (ConfUtils.java:logGet(43)) - raft.server.log.queue.element-limit = 1024 (custom)
2019-08-28 19:58:10,319 [pool-60-thread-1] INFO  server.RaftServerConfigKeys (ConfUtils.java:logGet(43)) - raft.server.log.segment.size.max = 1048576 (custom)
2019-08-28 19:58:10,319 [pool-93-thread-1] INFO  server.RaftServerConfigKeys (ConfUtils.java:logGet(43)) - raft.server.log.segment.size.max = 1048576 (custom)
2019-08-28 19:58:10,319 [pool-82-thread-1] INFO  server.RaftServerConfigKeys (ConfUtils.java:logGet(43)) - raft.server.snapshot.auto.trigger.enabled = true (custom)
2019-08-28 19:58:10,320 [pool-93-thread-1] INFO  server.RaftServerConfigKeys (ConfUtils.java:logGet(43)) - raft.server.log.preallocated.size = 16384 (custom)
2019-08-28 19:58:10,320 [pool-60-thread-1] INFO  server.RaftServerConfigKeys (ConfUtils.java:logGet(43)) - raft.server.log.preallocated.size = 16384 (custom)
2019-08-28 19:58:10,320 [pool-93-thread-1] INFO  server.RaftServerConfigKeys (ConfUtils.java:logGet(43)) - raft.server.log.write.buffer.size = 33554432 (custom)
2019-08-28 19:58:10,320 [pool-82-thread-1] INFO  server.RaftServerConfigKeys (ConfUtils.java:logGet(43)) - raft.server.snapshot.auto.trigger.threshold = 10000 (custom)
2019-08-28 19:58:10,320 [pool-93-thread-1] INFO  server.RaftServerConfigKeys (ConfUtils.java:logGet(43)) - raft.server.log.force.sync.num = 128 (default)
2019-08-28 19:58:10,320 [pool-60-thread-1] INFO  server.RaftServerConfigKeys (ConfUtils.java:logGet(43)) - raft.server.log.write.buffer.size = 33554432 (custom)
2019-08-28 19:58:10,321 [pool-93-thread-1] INFO  server.RaftServerConfigKeys (ConfUtils.java:logGet(43)) - raft.server.log.statemachine.data.sync = true (default)
2019-08-28 19:58:10,321 [pool-82-thread-1] INFO  server.RaftServerConfigKeys (ConfUtils.java:logGet(43)) - raft.server.retrycache.expirytime = 600000ms (custom)
2019-08-28 19:58:10,321 [pool-93-thread-1] INFO  server.RaftServerConfigKeys (ConfUtils.java:logGet(43)) - raft.server.log.statemachine.data.sync.timeout = 10s (default)
2019-08-28 19:58:10,321 [pool-82-thread-1] INFO  impl.RaftServerImpl (RaftServerImpl.java:start(180)) - 0910cf7c-fddf-4dbf-9167-882adaee21d9: start group-431FF9F7F019
2019-08-28 19:58:10,321 [pool-60-thread-1] INFO  server.RaftServerConfigKeys (ConfUtils.java:logGet(43)) - raft.server.log.force.sync.num = 128 (default)
2019-08-28 19:58:10,321 [pool-82-thread-1] INFO  impl.RaftServerImpl (RaftServerImpl.java:setRole(171)) - 0910cf7c-fddf-4dbf-9167-882adaee21d9:group-431FF9F7F019 changes role from null to FOLLOWER at term 0 for startAsFollower
2019-08-28 19:58:10,321 [pool-93-thread-1] INFO  server.RaftServerConfigKeys (ConfUtils.java:logGet(43)) - raft.server.log.statemachine.data.sync.timeout.retry = -1 (default)
2019-08-28 19:58:10,322 [pool-82-thread-1] INFO  impl.RoleInfo (RoleInfo.java:updateAndGet(143)) - 0910cf7c-fddf-4dbf-9167-882adaee21d9: start FollowerState
2019-08-28 19:58:10,322 [pool-60-thread-1] INFO  server.RaftServerConfigKeys (ConfUtils.java:logGet(43)) - raft.server.log.statemachine.data.sync = true (default)
2019-08-28 19:58:10,322 [pool-93-thread-1] INFO  server.RaftServerConfigKeys (ConfUtils.java:logGet(43)) - raft.server.log.statemachine.data.caching.enabled = true (custom)
2019-08-28 19:58:10,322 [pool-82-thread-1] INFO  util.JmxRegister (JmxRegister.java:tryRegister(44)) - Successfully registered JMX Bean with object name Ratis:service=RaftServer,group=group-431FF9F7F019,id=0910cf7c-fddf-4dbf-9167-882adaee21d9
2019-08-28 19:58:10,322 [pool-60-thread-1] INFO  server.RaftServerConfigKeys (ConfUtils.java:logGet(43)) - raft.server.log.statemachine.data.sync.timeout = 10s (default)
2019-08-28 19:58:10,323 [pool-93-thread-1] INFO  segmented.SegmentedRaftLogWorker (SegmentedRaftLogWorker.java:lambda$new$0(132)) - 8d6dfb4d-ac2d-4667-923e-2456b7752667-SegmentedRaftLogWorker:Storage Directory /workdir/hadoop-ozone/integration-test/target/test-dir/MiniOzoneClusterImpl-d1bd8377-0706-4af8-a373-5017138d6a8c/datanode-6/data/ratis/4e758f78-48ba-4173-a254-431ff9f7f019: flushIndex: setUnconditionally 0 -> -1
2019-08-28 19:58:10,323 [pool-60-thread-1] INFO  server.RaftServerConfigKeys (ConfUtils.java:logGet(43)) - raft.server.log.statemachine.data.sync.timeout.retry = -1 (default)
2019-08-28 19:58:10,323 [pool-60-thread-1] INFO  server.RaftServerConfigKeys (ConfUtils.java:logGet(43)) - raft.server.log.statemachine.data.caching.enabled = true (custom)
2019-08-28 19:58:10,323 [pool-93-thread-1] INFO  server.RaftServerConfigKeys (ConfUtils.java:logGet(43)) - raft.server.snapshot.auto.trigger.enabled = true (custom)
2019-08-28 19:58:10,324 [pool-93-thread-1] INFO  server.RaftServerConfigKeys (ConfUtils.java:logGet(43)) - raft.server.snapshot.auto.trigger.threshold = 10000 (custom)
2019-08-28 19:58:10,324 [pool-60-thread-1] INFO  segmented.SegmentedRaftLogWorker (SegmentedRaftLogWorker.java:lambda$new$0(132)) - fecaf1a5-1262-4037-b784-d9920b122a4c-SegmentedRaftLogWorker:Storage Directory /workdir/hadoop-ozone/integration-test/target/test-dir/MiniOzoneClusterImpl-d1bd8377-0706-4af8-a373-5017138d6a8c/datanode-3/data/ratis/4e758f78-48ba-4173-a254-431ff9f7f019: flushIndex: setUnconditionally 0 -> -1
2019-08-28 19:58:10,324 [pool-93-thread-1] INFO  server.RaftServerConfigKeys (ConfUtils.java:logGet(43)) - raft.server.retrycache.expirytime = 600000ms (custom)
2019-08-28 19:58:10,324 [pool-60-thread-1] INFO  server.RaftServerConfigKeys (ConfUtils.java:logGet(43)) - raft.server.snapshot.auto.trigger.enabled = true (custom)
2019-08-28 19:58:10,324 [pool-93-thread-1] INFO  impl.RaftServerImpl (RaftServerImpl.java:start(180)) - 8d6dfb4d-ac2d-4667-923e-2456b7752667: start group-431FF9F7F019
2019-08-28 19:58:10,324 [pool-60-thread-1] INFO  server.RaftServerConfigKeys (ConfUtils.java:logGet(43)) - raft.server.snapshot.auto.trigger.threshold = 10000 (custom)
2019-08-28 19:58:10,325 [pool-93-thread-1] INFO  impl.RaftServerImpl (RaftServerImpl.java:setRole(171)) - 8d6dfb4d-ac2d-4667-923e-2456b7752667:group-431FF9F7F019 changes role from null to FOLLOWER at term 0 for startAsFollower
2019-08-28 19:58:10,325 [pool-60-thread-1] INFO  server.RaftServerConfigKeys (ConfUtils.java:logGet(43)) - raft.server.retrycache.expirytime = 600000ms (custom)
2019-08-28 19:58:10,325 [pool-93-thread-1] INFO  impl.RoleInfo (RoleInfo.java:updateAndGet(143)) - 8d6dfb4d-ac2d-4667-923e-2456b7752667: start FollowerState
2019-08-28 19:58:10,327 [pool-60-thread-1] INFO  impl.RaftServerImpl (RaftServerImpl.java:start(180)) - fecaf1a5-1262-4037-b784-d9920b122a4c: start group-431FF9F7F019
2019-08-28 19:58:10,327 [pool-60-thread-1] INFO  impl.RaftServerImpl (RaftServerImpl.java:setRole(171)) - fecaf1a5-1262-4037-b784-d9920b122a4c:group-431FF9F7F019 changes role from null to FOLLOWER at term 0 for startAsFollower
2019-08-28 19:58:10,327 [pool-93-thread-1] INFO  util.JmxRegister (JmxRegister.java:tryRegister(44)) - Successfully registered JMX Bean with object name Ratis:service=RaftServer,group=group-431FF9F7F019,id=8d6dfb4d-ac2d-4667-923e-2456b7752667
2019-08-28 19:58:10,328 [pool-60-thread-1] INFO  impl.RoleInfo (RoleInfo.java:updateAndGet(143)) - fecaf1a5-1262-4037-b784-d9920b122a4c: start FollowerState
2019-08-28 19:58:10,333 [pool-60-thread-1] INFO  util.JmxRegister (JmxRegister.java:tryRegister(44)) - Successfully registered JMX Bean with object name Ratis:service=RaftServer,group=group-431FF9F7F019,id=fecaf1a5-1262-4037-b784-d9920b122a4c
2019-08-28 19:58:10,362 [RatisPipelineUtilsThread] INFO  pipeline.PipelineStateManager (PipelineStateManager.java:addPipeline(56)) - Created pipeline Pipeline[ Id: 4e758f78-48ba-4173-a254-431ff9f7f019, Nodes: 8d6dfb4d-ac2d-4667-923e-2456b7752667{ip: 192.168.36.107, host: pr-hdds-1949-jn7bv-2990118995, networkLocation: /default-rack, certSerialId: null}fecaf1a5-1262-4037-b784-d9920b122a4c{ip: 192.168.36.107, host: pr-hdds-1949-jn7bv-2990118995, networkLocation: /default-rack, certSerialId: null}0910cf7c-fddf-4dbf-9167-882adaee21d9{ip: 192.168.36.107, host: pr-hdds-1949-jn7bv-2990118995, networkLocation: /default-rack, certSerialId: null}, Type:RATIS, Factor:THREE, State:OPEN]
2019-08-28 19:58:10,404 [grpc-default-executor-1] INFO  impl.RaftServerProxy (RaftServerProxy.java:addNew(89)) - fddc83f5-527c-4a7f-9235-bb7c7f8c2a55: addNew group-895152873A87:[03db8954-5a6e-4042-b4a9-1698a7ceec96:192.168.36.107:43464, f3efc612-2d1c-41da-bcd1-cee0352e8d6a:192.168.36.107:43779, fddc83f5-527c-4a7f-9235-bb7c7f8c2a55:192.168.36.107:43102] returns group-895152873A87:java.util.concurrent.CompletableFuture@7bb77479[Not completed]
2019-08-28 19:58:10,404 [grpc-default-executor-2] INFO  impl.RaftServerProxy (RaftServerProxy.java:addNew(89)) - 03db8954-5a6e-4042-b4a9-1698a7ceec96: addNew group-895152873A87:[03db8954-5a6e-4042-b4a9-1698a7ceec96:192.168.36.107:43464, f3efc612-2d1c-41da-bcd1-cee0352e8d6a:192.168.36.107:43779, fddc83f5-527c-4a7f-9235-bb7c7f8c2a55:192.168.36.107:43102] returns group-895152873A87:java.util.concurrent.CompletableFuture@4a3e9b6b[Not completed]
2019-08-28 19:58:10,404 [grpc-default-executor-0] INFO  impl.RaftServerProxy (RaftServerProxy.java:addNew(89)) - f3efc612-2d1c-41da-bcd1-cee0352e8d6a: addNew group-895152873A87:[03db8954-5a6e-4042-b4a9-1698a7ceec96:192.168.36.107:43464, f3efc612-2d1c-41da-bcd1-cee0352e8d6a:192.168.36.107:43779, fddc83f5-527c-4a7f-9235-bb7c7f8c2a55:192.168.36.107:43102] returns group-895152873A87:java.util.concurrent.CompletableFuture@766db10c[Not completed]
2019-08-28 19:58:10,408 [pool-38-thread-1] INFO  impl.RaftServerImpl (RaftServerImpl.java:<init>(93)) - f3efc612-2d1c-41da-bcd1-cee0352e8d6a: new RaftServerImpl for group-895152873A87:[03db8954-5a6e-4042-b4a9-1698a7ceec96:192.168.36.107:43464, f3efc612-2d1c-41da-bcd1-cee0352e8d6a:192.168.36.107:43779, fddc83f5-527c-4a7f-9235-bb7c7f8c2a55:192.168.36.107:43102] with ContainerStateMachine:uninitialized
2019-08-28 19:58:10,408 [pool-38-thread-1] INFO  server.RaftServerConfigKeys (ConfUtils.java:logGet(43)) - raft.server.rpc.timeout.min = 5s (custom)
2019-08-28 19:58:10,408 [pool-38-thread-1] INFO  server.RaftServerConfigKeys (ConfUtils.java:logGet(43)) - raft.server.rpc.timeout.max = 5200ms (custom)
2019-08-28 19:58:10,408 [pool-38-thread-1] INFO  server.RaftServerConfigKeys (ConfUtils.java:logGet(43)) - raft.server.rpcslowness.timeout = 120s (custom)
2019-08-28 19:58:10,408 [pool-38-thread-1] INFO  server.RaftServerConfigKeys (ConfUtils.java:logGet(43)) - raft.server.sleep.deviation.threshold = 300 (default)
2019-08-28 19:58:10,408 [pool-38-thread-1] INFO  server.RaftServerConfigKeys (ConfUtils.java:logGet(43)) - raft.server.log.appender.install.snapshot.enabled = false (custom)
2019-08-28 19:58:10,409 [pool-38-thread-1] INFO  impl.RaftServerImpl (ServerState.java:<init>(105)) - f3efc612-2d1c-41da-bcd1-cee0352e8d6a:group-895152873A87 ConfigurationManager, init=-1: [03db8954-5a6e-4042-b4a9-1698a7ceec96:192.168.36.107:43464, f3efc612-2d1c-41da-bcd1-cee0352e8d6a:192.168.36.107:43779, fddc83f5-527c-4a7f-9235-bb7c7f8c2a55:192.168.36.107:43102], old=null, confs=<EMPTY_MAP>
2019-08-28 19:58:10,409 [pool-38-thread-1] INFO  server.RaftServerConfigKeys (ConfUtils.java:logGet(43)) - raft.server.storage.dir = [/workdir/hadoop-ozone/integration-test/target/test-dir/MiniOzoneClusterImpl-d1bd8377-0706-4af8-a373-5017138d6a8c/datanode-1/data/ratis] (custom)
2019-08-28 19:58:10,409 [pool-27-thread-1] INFO  impl.RaftServerImpl (RaftServerImpl.java:<init>(93)) - fddc83f5-527c-4a7f-9235-bb7c7f8c2a55: new RaftServerImpl for group-895152873A87:[03db8954-5a6e-4042-b4a9-1698a7ceec96:192.168.36.107:43464, f3efc612-2d1c-41da-bcd1-cee0352e8d6a:192.168.36.107:43779, fddc83f5-527c-4a7f-9235-bb7c7f8c2a55:192.168.36.107:43102] with ContainerStateMachine:uninitialized
2019-08-28 19:58:10,409 [pool-38-thread-1] INFO  storage.RaftStorageDirectory (RaftStorageDirectory.java:analyzeStorage(246)) - The storage directory /workdir/hadoop-ozone/integration-test/target/test-dir/MiniOzoneClusterImpl-d1bd8377-0706-4af8-a373-5017138d6a8c/datanode-1/data/ratis/5d53f81d-78f7-4a5f-9904-895152873a87 does not exist. Creating ...
2019-08-28 19:58:10,409 [pool-27-thread-1] INFO  server.RaftServerConfigKeys (ConfUtils.java:logGet(43)) - raft.server.rpc.timeout.min = 5s (custom)
2019-08-28 19:58:10,410 [pool-27-thread-1] INFO  server.RaftServerConfigKeys (ConfUtils.java:logGet(43)) - raft.server.rpc.timeout.max = 5200ms (custom)
2019-08-28 19:58:10,410 [pool-27-thread-1] INFO  server.RaftServerConfigKeys (ConfUtils.java:logGet(43)) - raft.server.rpcslowness.timeout = 120s (custom)
2019-08-28 19:58:10,410 [pool-27-thread-1] INFO  server.RaftServerConfigKeys (ConfUtils.java:logGet(43)) - raft.server.sleep.deviation.threshold = 300 (default)
2019-08-28 19:58:10,410 [pool-27-thread-1] INFO  server.RaftServerConfigKeys (ConfUtils.java:logGet(43)) - raft.server.log.appender.install.snapshot.enabled = false (custom)
2019-08-28 19:58:10,410 [pool-71-thread-1] INFO  impl.RaftServerImpl (RaftServerImpl.java:<init>(93)) - 03db8954-5a6e-4042-b4a9-1698a7ceec96: new RaftServerImpl for group-895152873A87:[03db8954-5a6e-4042-b4a9-1698a7ceec96:192.168.36.107:43464, f3efc612-2d1c-41da-bcd1-cee0352e8d6a:192.168.36.107:43779, fddc83f5-527c-4a7f-9235-bb7c7f8c2a55:192.168.36.107:43102] with ContainerStateMachine:uninitialized
2019-08-28 19:58:10,410 [pool-27-thread-1] INFO  impl.RaftServerImpl (ServerState.java:<init>(105)) - fddc83f5-527c-4a7f-9235-bb7c7f8c2a55:group-895152873A87 ConfigurationManager, init=-1: [03db8954-5a6e-4042-b4a9-1698a7ceec96:192.168.36.107:43464, f3efc612-2d1c-41da-bcd1-cee0352e8d6a:192.168.36.107:43779, fddc83f5-527c-4a7f-9235-bb7c7f8c2a55:192.168.36.107:43102], old=null, confs=<EMPTY_MAP>
2019-08-28 19:58:10,411 [pool-71-thread-1] INFO  server.RaftServerConfigKeys (ConfUtils.java:logGet(43)) - raft.server.rpc.timeout.min = 5s (custom)
2019-08-28 19:58:10,411 [pool-27-thread-1] INFO  server.RaftServerConfigKeys (ConfUtils.java:logGet(43)) - raft.server.storage.dir = [/workdir/hadoop-ozone/integration-test/target/test-dir/MiniOzoneClusterImpl-d1bd8377-0706-4af8-a373-5017138d6a8c/datanode-0/data/ratis] (custom)
2019-08-28 19:58:10,411 [pool-71-thread-1] INFO  server.RaftServerConfigKeys (ConfUtils.java:logGet(43)) - raft.server.rpc.timeout.max = 5200ms (custom)
2019-08-28 19:58:10,411 [pool-71-thread-1] INFO  server.RaftServerConfigKeys (ConfUtils.java:logGet(43)) - raft.server.rpcslowness.timeout = 120s (custom)
2019-08-28 19:58:10,411 [pool-27-thread-1] INFO  storage.RaftStorageDirectory (RaftStorageDirectory.java:analyzeStorage(246)) - The storage directory /workdir/hadoop-ozone/integration-test/target/test-dir/MiniOzoneClusterImpl-d1bd8377-0706-4af8-a373-5017138d6a8c/datanode-0/data/ratis/5d53f81d-78f7-4a5f-9904-895152873a87 does not exist. Creating ...
2019-08-28 19:58:10,411 [pool-71-thread-1] INFO  server.RaftServerConfigKeys (ConfUtils.java:logGet(43)) - raft.server.sleep.deviation.threshold = 300 (default)
2019-08-28 19:58:10,412 [pool-71-thread-1] INFO  server.RaftServerConfigKeys (ConfUtils.java:logGet(43)) - raft.server.log.appender.install.snapshot.enabled = false (custom)
2019-08-28 19:58:10,412 [pool-71-thread-1] INFO  impl.RaftServerImpl (ServerState.java:<init>(105)) - 03db8954-5a6e-4042-b4a9-1698a7ceec96:group-895152873A87 ConfigurationManager, init=-1: [03db8954-5a6e-4042-b4a9-1698a7ceec96:192.168.36.107:43464, f3efc612-2d1c-41da-bcd1-cee0352e8d6a:192.168.36.107:43779, fddc83f5-527c-4a7f-9235-bb7c7f8c2a55:192.168.36.107:43102], old=null, confs=<EMPTY_MAP>
2019-08-28 19:58:10,412 [pool-71-thread-1] INFO  server.RaftServerConfigKeys (ConfUtils.java:logGet(43)) - raft.server.storage.dir = [/workdir/hadoop-ozone/integration-test/target/test-dir/MiniOzoneClusterImpl-d1bd8377-0706-4af8-a373-5017138d6a8c/datanode-4/data/ratis] (custom)
2019-08-28 19:58:10,412 [pool-71-thread-1] INFO  storage.RaftStorageDirectory (RaftStorageDirectory.java:analyzeStorage(246)) - The storage directory /workdir/hadoop-ozone/integration-test/target/test-dir/MiniOzoneClusterImpl-d1bd8377-0706-4af8-a373-5017138d6a8c/datanode-4/data/ratis/5d53f81d-78f7-4a5f-9904-895152873a87 does not exist. Creating ...
2019-08-28 19:58:10,458 [pool-71-thread-1] INFO  storage.RaftStorageDirectory (RaftStorageDirectory.java:tryLock(328)) - Lock on /workdir/hadoop-ozone/integration-test/target/test-dir/MiniOzoneClusterImpl-d1bd8377-0706-4af8-a373-5017138d6a8c/datanode-4/data/ratis/5d53f81d-78f7-4a5f-9904-895152873a87/in_use.lock acquired by nodename 21777@pr-hdds-1949-jn7bv-2990118995
2019-08-28 19:58:10,458 [pool-27-thread-1] INFO  storage.RaftStorageDirectory (RaftStorageDirectory.java:tryLock(328)) - Lock on /workdir/hadoop-ozone/integration-test/target/test-dir/MiniOzoneClusterImpl-d1bd8377-0706-4af8-a373-5017138d6a8c/datanode-0/data/ratis/5d53f81d-78f7-4a5f-9904-895152873a87/in_use.lock acquired by nodename 21777@pr-hdds-1949-jn7bv-2990118995
2019-08-28 19:58:10,458 [pool-38-thread-1] INFO  storage.RaftStorageDirectory (RaftStorageDirectory.java:tryLock(328)) - Lock on /workdir/hadoop-ozone/integration-test/target/test-dir/MiniOzoneClusterImpl-d1bd8377-0706-4af8-a373-5017138d6a8c/datanode-1/data/ratis/5d53f81d-78f7-4a5f-9904-895152873a87/in_use.lock acquired by nodename 21777@pr-hdds-1949-jn7bv-2990118995
2019-08-28 19:58:10,539 [pool-71-thread-1] INFO  storage.RaftStorage (RaftStorage.java:format(72)) - Storage directory /workdir/hadoop-ozone/integration-test/target/test-dir/MiniOzoneClusterImpl-d1bd8377-0706-4af8-a373-5017138d6a8c/datanode-4/data/ratis/5d53f81d-78f7-4a5f-9904-895152873a87 has been successfully formatted.
2019-08-28 19:58:10,539 [pool-27-thread-1] INFO  storage.RaftStorage (RaftStorage.java:format(72)) - Storage directory /workdir/hadoop-ozone/integration-test/target/test-dir/MiniOzoneClusterImpl-d1bd8377-0706-4af8-a373-5017138d6a8c/datanode-0/data/ratis/5d53f81d-78f7-4a5f-9904-895152873a87 has been successfully formatted.
2019-08-28 19:58:10,539 [pool-38-thread-1] INFO  storage.RaftStorage (RaftStorage.java:format(72)) - Storage directory /workdir/hadoop-ozone/integration-test/target/test-dir/MiniOzoneClusterImpl-d1bd8377-0706-4af8-a373-5017138d6a8c/datanode-1/data/ratis/5d53f81d-78f7-4a5f-9904-895152873a87 has been successfully formatted.
2019-08-28 19:58:10,539 [pool-27-thread-1] INFO  ratis.ContainerStateMachine (ContainerStateMachine.java:loadSnapshot(227)) - group-895152873A87: The snapshot info is null. Setting the last applied indexto:(t:0, i:~)
2019-08-28 19:58:10,539 [pool-71-thread-1] INFO  ratis.ContainerStateMachine (ContainerStateMachine.java:loadSnapshot(227)) - group-895152873A87: The snapshot info is null. Setting the last applied indexto:(t:0, i:~)
2019-08-28 19:58:10,540 [pool-38-thread-1] INFO  ratis.ContainerStateMachine (ContainerStateMachine.java:loadSnapshot(227)) - group-895152873A87: The snapshot info is null. Setting the last applied indexto:(t:0, i:~)
2019-08-28 19:58:10,540 [pool-27-thread-1] INFO  server.RaftServerConfigKeys (ConfUtils.java:logGet(43)) - raft.server.leader.election.timeout = 120s (custom)
2019-08-28 19:58:10,540 [pool-38-thread-1] INFO  server.RaftServerConfigKeys (ConfUtils.java:logGet(43)) - raft.server.leader.election.timeout = 120s (custom)
2019-08-28 19:58:10,540 [pool-71-thread-1] INFO  server.RaftServerConfigKeys (ConfUtils.java:logGet(43)) - raft.server.leader.election.timeout = 120s (custom)
2019-08-28 19:58:10,540 [pool-38-thread-1] INFO  server.RaftServerConfigKeys (ConfUtils.java:logGet(43)) - raft.server.log.use.memory = false (default)
2019-08-28 19:58:10,540 [pool-27-thread-1] INFO  server.RaftServerConfigKeys (ConfUtils.java:logGet(43)) - raft.server.log.use.memory = false (default)
2019-08-28 19:58:10,541 [pool-38-thread-1] INFO  server.RaftServerConfigKeys (ConfUtils.java:logGet(43)) - raft.server.log.purge.gap = 1000000 (custom)
2019-08-28 19:58:10,541 [pool-71-thread-1] INFO  server.RaftServerConfigKeys (ConfUtils.java:logGet(43)) - raft.server.log.use.memory = false (default)
2019-08-28 19:58:10,541 [pool-38-thread-1] INFO  server.RaftServerConfigKeys (ConfUtils.java:logGet(43)) - raft.server.log.appender.buffer.byte-limit = 33554432 (custom)
2019-08-28 19:58:10,541 [pool-27-thread-1] INFO  server.RaftServerConfigKeys (ConfUtils.java:logGet(43)) - raft.server.log.purge.gap = 1000000 (custom)
2019-08-28 19:58:10,542 [pool-38-thread-1] INFO  server.RaftServerConfigKeys (ConfUtils.java:logGet(43)) - raft.server.log.segment.size.max = 1048576 (custom)
2019-08-28 19:58:10,541 [pool-71-thread-1] INFO  server.RaftServerConfigKeys (ConfUtils.java:logGet(43)) - raft.server.log.purge.gap = 1000000 (custom)
2019-08-28 19:58:10,542 [pool-38-thread-1] INFO  server.RaftServerConfigKeys (ConfUtils.java:logGet(43)) - raft.server.log.segment.cache.num.max = 2 (custom)
2019-08-28 19:58:10,542 [pool-27-thread-1] INFO  server.RaftServerConfigKeys (ConfUtils.java:logGet(43)) - raft.server.log.appender.buffer.byte-limit = 33554432 (custom)
2019-08-28 19:58:10,542 [pool-38-thread-1] INFO  segmented.SegmentedRaftLogWorker (SegmentedRaftLogWorker.java:<init>(172)) - new f3efc612-2d1c-41da-bcd1-cee0352e8d6a-SegmentedRaftLogWorker:Storage Directory /workdir/hadoop-ozone/integration-test/target/test-dir/MiniOzoneClusterImpl-d1bd8377-0706-4af8-a373-5017138d6a8c/datanode-1/data/ratis/5d53f81d-78f7-4a5f-9904-895152873a87 for RaftStorage:Storage Directory /workdir/hadoop-ozone/integration-test/target/test-dir/MiniOzoneClusterImpl-d1bd8377-0706-4af8-a373-5017138d6a8c/datanode-1/data/ratis/5d53f81d-78f7-4a5f-9904-895152873a87
2019-08-28 19:58:10,542 [pool-71-thread-1] INFO  server.RaftServerConfigKeys (ConfUtils.java:logGet(43)) - raft.server.log.appender.buffer.byte-limit = 33554432 (custom)
2019-08-28 19:58:10,543 [pool-38-thread-1] INFO  server.RaftServerConfigKeys (ConfUtils.java:logGet(43)) - raft.server.log.queue.byte-limit = 2147483647 (custom)
2019-08-28 19:58:10,543 [pool-27-thread-1] INFO  server.RaftServerConfigKeys (ConfUtils.java:logGet(43)) - raft.server.log.segment.size.max = 1048576 (custom)
2019-08-28 19:58:10,545 [pool-38-thread-1] INFO  server.RaftServerConfigKeys (ConfUtils.java:logGet(43)) - raft.server.log.queue.element-limit = 1024 (custom)
2019-08-28 19:58:10,543 [pool-71-thread-1] INFO  server.RaftServerConfigKeys (ConfUtils.java:logGet(43)) - raft.server.log.segment.size.max = 1048576 (custom)
2019-08-28 19:58:10,546 [pool-38-thread-1] INFO  server.RaftServerConfigKeys (ConfUtils.java:logGet(43)) - raft.server.log.segment.size.max = 1048576 (custom)
2019-08-28 19:58:10,546 [pool-27-thread-1] INFO  server.RaftServerConfigKeys (ConfUtils.java:logGet(43)) - raft.server.log.segment.cache.num.max = 2 (custom)
2019-08-28 19:58:10,546 [pool-38-thread-1] INFO  server.RaftServerConfigKeys (ConfUtils.java:logGet(43)) - raft.server.log.preallocated.size = 16384 (custom)
2019-08-28 19:58:10,546 [pool-71-thread-1] INFO  server.RaftServerConfigKeys (ConfUtils.java:logGet(43)) - raft.server.log.segment.cache.num.max = 2 (custom)
2019-08-28 19:58:10,547 [pool-38-thread-1] INFO  server.RaftServerConfigKeys (ConfUtils.java:logGet(43)) - raft.server.log.write.buffer.size = 33554432 (custom)
2019-08-28 19:58:10,547 [pool-27-thread-1] INFO  segmented.SegmentedRaftLogWorker (SegmentedRaftLogWorker.java:<init>(172)) - new fddc83f5-527c-4a7f-9235-bb7c7f8c2a55-SegmentedRaftLogWorker:Storage Directory /workdir/hadoop-ozone/integration-test/target/test-dir/MiniOzoneClusterImpl-d1bd8377-0706-4af8-a373-5017138d6a8c/datanode-0/data/ratis/5d53f81d-78f7-4a5f-9904-895152873a87 for RaftStorage:Storage Directory /workdir/hadoop-ozone/integration-test/target/test-dir/MiniOzoneClusterImpl-d1bd8377-0706-4af8-a373-5017138d6a8c/datanode-0/data/ratis/5d53f81d-78f7-4a5f-9904-895152873a87
2019-08-28 19:58:10,547 [pool-38-thread-1] INFO  server.RaftServerConfigKeys (ConfUtils.java:logGet(43)) - raft.server.log.force.sync.num = 128 (default)
2019-08-28 19:58:10,547 [pool-71-thread-1] INFO  segmented.SegmentedRaftLogWorker (SegmentedRaftLogWorker.java:<init>(172)) - new 03db8954-5a6e-4042-b4a9-1698a7ceec96-SegmentedRaftLogWorker:Storage Directory /workdir/hadoop-ozone/integration-test/target/test-dir/MiniOzoneClusterImpl-d1bd8377-0706-4af8-a373-5017138d6a8c/datanode-4/data/ratis/5d53f81d-78f7-4a5f-9904-895152873a87 for RaftStorage:Storage Directory /workdir/hadoop-ozone/integration-test/target/test-dir/MiniOzoneClusterImpl-d1bd8377-0706-4af8-a373-5017138d6a8c/datanode-4/data/ratis/5d53f81d-78f7-4a5f-9904-895152873a87
2019-08-28 19:58:10,548 [pool-38-thread-1] INFO  server.RaftServerConfigKeys (ConfUtils.java:logGet(43)) - raft.server.log.statemachine.data.sync = true (default)
2019-08-28 19:58:10,547 [pool-27-thread-1] INFO  server.RaftServerConfigKeys (ConfUtils.java:logGet(43)) - raft.server.log.queue.byte-limit = 2147483647 (custom)
2019-08-28 19:58:10,552 [pool-38-thread-1] INFO  server.RaftServerConfigKeys (ConfUtils.java:logGet(43)) - raft.server.log.statemachine.data.sync.timeout = 10s (default)
2019-08-28 19:58:10,550 [pool-71-thread-1] INFO  server.RaftServerConfigKeys (ConfUtils.java:logGet(43)) - raft.server.log.queue.byte-limit = 2147483647 (custom)
2019-08-28 19:58:10,553 [pool-38-thread-1] INFO  server.RaftServerConfigKeys (ConfUtils.java:logGet(43)) - raft.server.log.statemachine.data.sync.timeout.retry = -1 (default)
2019-08-28 19:58:10,552 [pool-27-thread-1] INFO  server.RaftServerConfigKeys (ConfUtils.java:logGet(43)) - raft.server.log.queue.element-limit = 1024 (custom)
2019-08-28 19:58:10,553 [pool-71-thread-1] INFO  server.RaftServerConfigKeys (ConfUtils.java:logGet(43)) - raft.server.log.queue.element-limit = 1024 (custom)
2019-08-28 19:58:10,553 [pool-38-thread-1] INFO  server.RaftServerConfigKeys (ConfUtils.java:logGet(43)) - raft.server.log.statemachine.data.caching.enabled = true (custom)
2019-08-28 19:58:10,553 [pool-27-thread-1] INFO  server.RaftServerConfigKeys (ConfUtils.java:logGet(43)) - raft.server.log.segment.size.max = 1048576 (custom)
2019-08-28 19:58:10,554 [pool-71-thread-1] INFO  server.RaftServerConfigKeys (ConfUtils.java:logGet(43)) - raft.server.log.segment.size.max = 1048576 (custom)
2019-08-28 19:58:10,554 [pool-38-thread-1] INFO  segmented.SegmentedRaftLogWorker (SegmentedRaftLogWorker.java:lambda$new$0(132)) - f3efc612-2d1c-41da-bcd1-cee0352e8d6a-SegmentedRaftLogWorker:Storage Directory /workdir/hadoop-ozone/integration-test/target/test-dir/MiniOzoneClusterImpl-d1bd8377-0706-4af8-a373-5017138d6a8c/datanode-1/data/ratis/5d53f81d-78f7-4a5f-9904-895152873a87: flushIndex: setUnconditionally 0 -> -1
2019-08-28 19:58:10,554 [pool-27-thread-1] INFO  server.RaftServerConfigKeys (ConfUtils.java:logGet(43)) - raft.server.log.preallocated.size = 16384 (custom)
2019-08-28 19:58:10,554 [pool-27-thread-1] INFO  server.RaftServerConfigKeys (ConfUtils.java:logGet(43)) - raft.server.log.write.buffer.size = 33554432 (custom)
2019-08-28 19:58:10,554 [pool-71-thread-1] INFO  server.RaftServerConfigKeys (ConfUtils.java:logGet(43)) - raft.server.log.preallocated.size = 16384 (custom)
2019-08-28 19:58:10,555 [pool-27-thread-1] INFO  server.RaftServerConfigKeys (ConfUtils.java:logGet(43)) - raft.server.log.force.sync.num = 128 (default)
2019-08-28 19:58:10,555 [pool-38-thread-1] INFO  server.RaftServerConfigKeys (ConfUtils.java:logGet(43)) - raft.server.snapshot.auto.trigger.enabled = true (custom)
2019-08-28 19:58:10,555 [pool-27-thread-1] INFO  server.RaftServerConfigKeys (ConfUtils.java:logGet(43)) - raft.server.log.statemachine.data.sync = true (default)
2019-08-28 19:58:10,555 [pool-71-thread-1] INFO  server.RaftServerConfigKeys (ConfUtils.java:logGet(43)) - raft.server.log.write.buffer.size = 33554432 (custom)
2019-08-28 19:58:10,555 [pool-27-thread-1] INFO  server.RaftServerConfigKeys (ConfUtils.java:logGet(43)) - raft.server.log.statemachine.data.sync.timeout = 10s (default)
2019-08-28 19:58:10,555 [pool-38-thread-1] INFO  server.RaftServerConfigKeys (ConfUtils.java:logGet(43)) - raft.server.snapshot.auto.trigger.threshold = 10000 (custom)
2019-08-28 19:58:10,556 [pool-27-thread-1] INFO  server.RaftServerConfigKeys (ConfUtils.java:logGet(43)) - raft.server.log.statemachine.data.sync.timeout.retry = -1 (default)
2019-08-28 19:58:10,556 [pool-38-thread-1] INFO  server.RaftServerConfigKeys (ConfUtils.java:logGet(43)) - raft.server.retrycache.expirytime = 600000ms (custom)
2019-08-28 19:58:10,556 [pool-71-thread-1] INFO  server.RaftServerConfigKeys (ConfUtils.java:logGet(43)) - raft.server.log.force.sync.num = 128 (default)
2019-08-28 19:58:10,557 [pool-38-thread-1] INFO  impl.RaftServerImpl (RaftServerImpl.java:start(180)) - f3efc612-2d1c-41da-bcd1-cee0352e8d6a: start group-895152873A87
2019-08-28 19:58:10,556 [pool-27-thread-1] INFO  server.RaftServerConfigKeys (ConfUtils.java:logGet(43)) - raft.server.log.statemachine.data.caching.enabled = true (custom)
2019-08-28 19:58:10,557 [pool-38-thread-1] INFO  impl.RaftServerImpl (RaftServerImpl.java:setRole(171)) - f3efc612-2d1c-41da-bcd1-cee0352e8d6a:group-895152873A87 changes role from null to FOLLOWER at term 0 for startAsFollower
2019-08-28 19:58:10,557 [pool-71-thread-1] INFO  server.RaftServerConfigKeys (ConfUtils.java:logGet(43)) - raft.server.log.statemachine.data.sync = true (default)
2019-08-28 19:58:10,557 [pool-38-thread-1] INFO  impl.RoleInfo (RoleInfo.java:updateAndGet(143)) - f3efc612-2d1c-41da-bcd1-cee0352e8d6a: start FollowerState
2019-08-28 19:58:10,557 [pool-27-thread-1] INFO  segmented.SegmentedRaftLogWorker (SegmentedRaftLogWorker.java:lambda$new$0(132)) - fddc83f5-527c-4a7f-9235-bb7c7f8c2a55-SegmentedRaftLogWorker:Storage Directory /workdir/hadoop-ozone/integration-test/target/test-dir/MiniOzoneClusterImpl-d1bd8377-0706-4af8-a373-5017138d6a8c/datanode-0/data/ratis/5d53f81d-78f7-4a5f-9904-895152873a87: flushIndex: setUnconditionally 0 -> -1
2019-08-28 19:58:10,557 [pool-71-thread-1] INFO  server.RaftServerConfigKeys (ConfUtils.java:logGet(43)) - raft.server.log.statemachine.data.sync.timeout = 10s (default)
2019-08-28 19:58:10,558 [pool-38-thread-1] INFO  util.JmxRegister (JmxRegister.java:tryRegister(44)) - Successfully registered JMX Bean with object name Ratis:service=RaftServer,group=group-895152873A87,id=f3efc612-2d1c-41da-bcd1-cee0352e8d6a
2019-08-28 19:58:10,558 [pool-27-thread-1] INFO  server.RaftServerConfigKeys (ConfUtils.java:logGet(43)) - raft.server.snapshot.auto.trigger.enabled = true (custom)
2019-08-28 19:58:10,558 [pool-71-thread-1] INFO  server.RaftServerConfigKeys (ConfUtils.java:logGet(43)) - raft.server.log.statemachine.data.sync.timeout.retry = -1 (default)
2019-08-28 19:58:10,558 [pool-27-thread-1] INFO  server.RaftServerConfigKeys (ConfUtils.java:logGet(43)) - raft.server.snapshot.auto.trigger.threshold = 10000 (custom)
2019-08-28 19:58:10,559 [pool-71-thread-1] INFO  server.RaftServerConfigKeys (ConfUtils.java:logGet(43)) - raft.server.log.statemachine.data.caching.enabled = true (custom)
2019-08-28 19:58:10,559 [pool-27-thread-1] INFO  server.RaftServerConfigKeys (ConfUtils.java:logGet(43)) - raft.server.retrycache.expirytime = 600000ms (custom)
2019-08-28 19:58:10,559 [pool-27-thread-1] INFO  impl.RaftServerImpl (RaftServerImpl.java:start(180)) - fddc83f5-527c-4a7f-9235-bb7c7f8c2a55: start group-895152873A87
2019-08-28 19:58:10,559 [pool-71-thread-1] INFO  segmented.SegmentedRaftLogWorker (SegmentedRaftLogWorker.java:lambda$new$0(132)) - 03db8954-5a6e-4042-b4a9-1698a7ceec96-SegmentedRaftLogWorker:Storage Directory /workdir/hadoop-ozone/integration-test/target/test-dir/MiniOzoneClusterImpl-d1bd8377-0706-4af8-a373-5017138d6a8c/datanode-4/data/ratis/5d53f81d-78f7-4a5f-9904-895152873a87: flushIndex: setUnconditionally 0 -> -1
2019-08-28 19:58:10,559 [pool-27-thread-1] INFO  impl.RaftServerImpl (RaftServerImpl.java:setRole(171)) - fddc83f5-527c-4a7f-9235-bb7c7f8c2a55:group-895152873A87 changes role from null to FOLLOWER at term 0 for startAsFollower
2019-08-28 19:58:10,560 [pool-27-thread-1] INFO  impl.RoleInfo (RoleInfo.java:updateAndGet(143)) - fddc83f5-527c-4a7f-9235-bb7c7f8c2a55: start FollowerState
2019-08-28 19:58:10,560 [pool-71-thread-1] INFO  server.RaftServerConfigKeys (ConfUtils.java:logGet(43)) - raft.server.snapshot.auto.trigger.enabled = true (custom)
2019-08-28 19:58:10,560 [pool-71-thread-1] INFO  server.RaftServerConfigKeys (ConfUtils.java:logGet(43)) - raft.server.snapshot.auto.trigger.threshold = 10000 (custom)
2019-08-28 19:58:10,560 [pool-27-thread-1] INFO  util.JmxRegister (JmxRegister.java:tryRegister(44)) - Successfully registered JMX Bean with object name Ratis:service=RaftServer,group=group-895152873A87,id=fddc83f5-527c-4a7f-9235-bb7c7f8c2a55
2019-08-28 19:58:10,561 [pool-71-thread-1] INFO  server.RaftServerConfigKeys (ConfUtils.java:logGet(43)) - raft.server.retrycache.expirytime = 600000ms (custom)
2019-08-28 19:58:10,565 [pool-71-thread-1] INFO  impl.RaftServerImpl (RaftServerImpl.java:start(180)) - 03db8954-5a6e-4042-b4a9-1698a7ceec96: start group-895152873A87
2019-08-28 19:58:10,567 [pool-71-thread-1] INFO  impl.RaftServerImpl (RaftServerImpl.java:setRole(171)) - 03db8954-5a6e-4042-b4a9-1698a7ceec96:group-895152873A87 changes role from null to FOLLOWER at term 0 for startAsFollower
2019-08-28 19:58:10,567 [pool-71-thread-1] INFO  impl.RoleInfo (RoleInfo.java:updateAndGet(143)) - 03db8954-5a6e-4042-b4a9-1698a7ceec96: start FollowerState
2019-08-28 19:58:10,572 [pool-71-thread-1] INFO  util.JmxRegister (JmxRegister.java:tryRegister(44)) - Successfully registered JMX Bean with object name Ratis:service=RaftServer,group=group-895152873A87,id=03db8954-5a6e-4042-b4a9-1698a7ceec96
2019-08-28 19:58:10,590 [RatisPipelineUtilsThread] INFO  pipeline.PipelineStateManager (PipelineStateManager.java:addPipeline(56)) - Created pipeline Pipeline[ Id: 5d53f81d-78f7-4a5f-9904-895152873a87, Nodes: fddc83f5-527c-4a7f-9235-bb7c7f8c2a55{ip: 192.168.36.107, host: pr-hdds-1949-jn7bv-2990118995, networkLocation: /default-rack, certSerialId: null}03db8954-5a6e-4042-b4a9-1698a7ceec96{ip: 192.168.36.107, host: pr-hdds-1949-jn7bv-2990118995, networkLocation: /default-rack, certSerialId: null}f3efc612-2d1c-41da-bcd1-cee0352e8d6a{ip: 192.168.36.107, host: pr-hdds-1949-jn7bv-2990118995, networkLocation: /default-rack, certSerialId: null}, Type:RATIS, Factor:THREE, State:OPEN]
2019-08-28 19:58:10,596 | INFO  | SCMAudit | user=jenkins1000 | ip=192.168.36.107 | op=SEND_HEARTBEAT {datanodeUUID=fddc83f5-527c-4a7f-9235-bb7c7f8c2a55, command=[]} | ret=SUCCESS |  
2019-08-28 19:58:10,674 | INFO  | SCMAudit | user=jenkins1000 | ip=192.168.36.107 | op=SEND_HEARTBEAT {datanodeUUID=f3efc612-2d1c-41da-bcd1-cee0352e8d6a, command=[]} | ret=SUCCESS |  
2019-08-28 19:58:10,781 | INFO  | SCMAudit | user=jenkins1000 | ip=192.168.36.107 | op=SEND_HEARTBEAT {datanodeUUID=290792b5-0601-45f8-8ac4-f5aeff7db3b3, command=[]} | ret=SUCCESS |  
2019-08-28 19:58:10,842 [main] INFO  rpc.RpcClient (RpcClient.java:createVolume(293)) - Creating Volume: watchforcommithandlingtest, with jenkins1000 as owner.
2019-08-28 19:58:10,843 | INFO  | SCMAudit | user=jenkins1000 | ip=192.168.36.107 | op=SEND_HEARTBEAT {datanodeUUID=fecaf1a5-1262-4037-b784-d9920b122a4c, command=[]} | ret=SUCCESS |  
2019-08-28 19:58:10,865 | INFO  | OMAudit | user=jenkins1000 | ip=127.0.0.1 | op=CREATE_VOLUME {admin=jenkins1000, owner=jenkins1000, volume=watchforcommithandlingtest, creationTime=1567022290861, quotaInBytes=1152921504606846976} | ret=SUCCESS |  
2019-08-28 19:58:10,884 | INFO  | OMAudit | user=jenkins1000 | ip=127.0.0.1 | op=READ_VOLUME {volume=watchforcommithandlingtest} | ret=SUCCESS |  
2019-08-28 19:58:10,891 [main] INFO  rpc.RpcClient (RpcClient.java:createBucket(432)) - Creating Bucket: watchforcommithandlingtest/watchforcommithandlingtest, with Versioning false and Storage Type set to DISK and Encryption set to false 
2019-08-28 19:58:10,907 | INFO  | OMAudit | user=jenkins1000 | ip=127.0.0.1 | op=CREATE_BUCKET {volume=watchforcommithandlingtest, bucket=watchforcommithandlingtest, acls=[user:jenkins1000:a[ACCESS], group:default:a[ACCESS]], isVersionEnabled=false, storageType=DISK, creationTime=0} | ret=SUCCESS |  
2019-08-28 19:58:10,908 [main] INFO  ozone.MiniOzoneClusterImpl (MiniOzoneClusterImpl.java:getStorageContainerLocationClient(229)) - Creating StorageContainerLocationProtocol RPC client with address /0.0.0.0:38203
2019-08-28 19:58:10,938 | INFO  | SCMAudit | user=jenkins1000 | ip=192.168.36.107 | op=SEND_HEARTBEAT {datanodeUUID=03db8954-5a6e-4042-b4a9-1698a7ceec96, command=[]} | ret=SUCCESS |  
2019-08-28 19:58:10,956 [main] INFO  impl.MetricsSystemImpl (MetricsSystemImpl.java:init(158)) - XceiverClientMetrics metrics system started (again)
2019-08-28 19:58:11,027 | INFO  | SCMAudit | user=jenkins1000 | ip=192.168.36.107 | op=SEND_HEARTBEAT {datanodeUUID=0910cf7c-fddf-4dbf-9167-882adaee21d9, command=[]} | ret=SUCCESS |  
2019-08-28 19:58:11,570 | INFO  | SCMAudit | user=jenkins1000 | ip=192.168.36.107 | op=SEND_HEARTBEAT {datanodeUUID=fddc83f5-527c-4a7f-9235-bb7c7f8c2a55, command=[]} | ret=SUCCESS |  
2019-08-28 19:58:11,570 | INFO  | SCMAudit | user=jenkins1000 | ip=192.168.36.107 | op=SEND_HEARTBEAT {datanodeUUID=8d6dfb4d-ac2d-4667-923e-2456b7752667, command=[]} | ret=SUCCESS |  
2019-08-28 19:58:11,598 [Thread-237] INFO  container.ReplicationManager (ReplicationManager.java:start(152)) - Starting Replication Monitor Thread.
2019-08-28 19:58:11,632 [grpc-default-executor-0] INFO  client.GrpcClientProtocolClient (GrpcClientProtocolClient.java:onNext(255)) - client-98A8F4328EF1->8d6dfb4d-ac2d-4667-923e-2456b7752667: receive RaftClientReply:client-98A8F4328EF1->8d6dfb4d-ac2d-4667-923e-2456b7752667@group-431FF9F7F019, cid=13, FAILED org.apache.ratis.protocol.NotLeaderException: Server 8d6dfb4d-ac2d-4667-923e-2456b7752667 is not the leader (null). Request must be sent to leader., logIndex=0, commits[8d6dfb4d-ac2d-4667-923e-2456b7752667:c-1]
2019-08-28 19:58:11,635 [ReplicationMonitor] INFO  container.ReplicationManager (ReplicationManager.java:run(215)) - Replication Monitor Thread took 33 milliseconds for processing 1 containers.
2019-08-28 19:58:11,674 | INFO  | SCMAudit | user=jenkins1000 | ip=192.168.36.107 | op=SEND_HEARTBEAT {datanodeUUID=f3efc612-2d1c-41da-bcd1-cee0352e8d6a, command=[]} | ret=SUCCESS |  
2019-08-28 19:58:11,769 | INFO  | SCMAudit | user=jenkins1000 | ip=192.168.36.107 | op=SEND_HEARTBEAT {datanodeUUID=290792b5-0601-45f8-8ac4-f5aeff7db3b3, command=[]} | ret=SUCCESS |  
2019-08-28 19:58:11,844 | INFO  | SCMAudit | user=jenkins1000 | ip=192.168.36.107 | op=SEND_HEARTBEAT {datanodeUUID=fecaf1a5-1262-4037-b784-d9920b122a4c, command=[]} | ret=SUCCESS |  
2019-08-28 19:58:11,937 | INFO  | SCMAudit | user=jenkins1000 | ip=192.168.36.107 | op=SEND_HEARTBEAT {datanodeUUID=03db8954-5a6e-4042-b4a9-1698a7ceec96, command=[]} | ret=SUCCESS |  
2019-08-28 19:58:12,027 | INFO  | SCMAudit | user=jenkins1000 | ip=192.168.36.107 | op=SEND_HEARTBEAT {datanodeUUID=0910cf7c-fddf-4dbf-9167-882adaee21d9, command=[]} | ret=SUCCESS |  
2019-08-28 19:58:12,558 | INFO  | SCMAudit | user=jenkins1000 | ip=192.168.36.107 | op=SEND_HEARTBEAT {datanodeUUID=fddc83f5-527c-4a7f-9235-bb7c7f8c2a55, command=[]} | ret=SUCCESS |  
2019-08-28 19:58:12,566 | INFO  | SCMAudit | user=jenkins1000 | ip=192.168.36.107 | op=SEND_HEARTBEAT {datanodeUUID=8d6dfb4d-ac2d-4667-923e-2456b7752667, command=[]} | ret=SUCCESS |  
2019-08-28 19:58:12,678 | INFO  | SCMAudit | user=jenkins1000 | ip=192.168.36.107 | op=SEND_HEARTBEAT {datanodeUUID=f3efc612-2d1c-41da-bcd1-cee0352e8d6a, command=[]} | ret=SUCCESS |  
2019-08-28 19:58:12,682 [grpc-default-executor-2] INFO  client.GrpcClientProtocolClient (GrpcClientProtocolClient.java:onNext(255)) - client-98A8F4328EF1->fecaf1a5-1262-4037-b784-d9920b122a4c: receive RaftClientReply:client-98A8F4328EF1->fecaf1a5-1262-4037-b784-d9920b122a4c@group-431FF9F7F019, cid=13, FAILED org.apache.ratis.protocol.NotLeaderException: Server fecaf1a5-1262-4037-b784-d9920b122a4c is not the leader (null). Request must be sent to leader., logIndex=0, commits[fecaf1a5-1262-4037-b784-d9920b122a4c:c-1]
2019-08-28 19:58:12,770 | INFO  | SCMAudit | user=jenkins1000 | ip=192.168.36.107 | op=SEND_HEARTBEAT {datanodeUUID=290792b5-0601-45f8-8ac4-f5aeff7db3b3, command=[]} | ret=SUCCESS |  
2019-08-28 19:58:12,845 | INFO  | SCMAudit | user=jenkins1000 | ip=192.168.36.107 | op=SEND_HEARTBEAT {datanodeUUID=fecaf1a5-1262-4037-b784-d9920b122a4c, command=[]} | ret=SUCCESS |  
2019-08-28 19:58:12,946 | INFO  | SCMAudit | user=jenkins1000 | ip=192.168.36.107 | op=SEND_HEARTBEAT {datanodeUUID=03db8954-5a6e-4042-b4a9-1698a7ceec96, command=[]} | ret=SUCCESS |  
2019-08-28 19:58:13,025 | INFO  | SCMAudit | user=jenkins1000 | ip=192.168.36.107 | op=SEND_HEARTBEAT {datanodeUUID=0910cf7c-fddf-4dbf-9167-882adaee21d9, command=[]} | ret=SUCCESS |  
2019-08-28 19:58:13,555 | INFO  | SCMAudit | user=jenkins1000 | ip=192.168.36.107 | op=SEND_HEARTBEAT {datanodeUUID=fddc83f5-527c-4a7f-9235-bb7c7f8c2a55, command=[]} | ret=SUCCESS |  
2019-08-28 19:58:13,564 | INFO  | SCMAudit | user=jenkins1000 | ip=192.168.36.107 | op=SEND_HEARTBEAT {datanodeUUID=8d6dfb4d-ac2d-4667-923e-2456b7752667, command=[]} | ret=SUCCESS |  
2019-08-28 19:58:13,672 | INFO  | SCMAudit | user=jenkins1000 | ip=192.168.36.107 | op=SEND_HEARTBEAT {datanodeUUID=f3efc612-2d1c-41da-bcd1-cee0352e8d6a, command=[]} | ret=SUCCESS |  
2019-08-28 19:58:13,713 [grpc-default-executor-0] INFO  client.GrpcClientProtocolClient (GrpcClientProtocolClient.java:onNext(255)) - client-98A8F4328EF1->0910cf7c-fddf-4dbf-9167-882adaee21d9: receive RaftClientReply:client-98A8F4328EF1->0910cf7c-fddf-4dbf-9167-882adaee21d9@group-431FF9F7F019, cid=13, FAILED org.apache.ratis.protocol.NotLeaderException: Server 0910cf7c-fddf-4dbf-9167-882adaee21d9 is not the leader (null). Request must be sent to leader., logIndex=0, commits[0910cf7c-fddf-4dbf-9167-882adaee21d9:c-1]
2019-08-28 19:58:13,767 | INFO  | SCMAudit | user=jenkins1000 | ip=192.168.36.107 | op=SEND_HEARTBEAT {datanodeUUID=290792b5-0601-45f8-8ac4-f5aeff7db3b3, command=[]} | ret=SUCCESS |  
2019-08-28 19:58:13,841 | INFO  | SCMAudit | user=jenkins1000 | ip=192.168.36.107 | op=SEND_HEARTBEAT {datanodeUUID=fecaf1a5-1262-4037-b784-d9920b122a4c, command=[]} | ret=SUCCESS |  
2019-08-28 19:58:13,935 | INFO  | SCMAudit | user=jenkins1000 | ip=192.168.36.107 | op=SEND_HEARTBEAT {datanodeUUID=03db8954-5a6e-4042-b4a9-1698a7ceec96, command=[]} | ret=SUCCESS |  
2019-08-28 19:58:14,024 | INFO  | SCMAudit | user=jenkins1000 | ip=192.168.36.107 | op=SEND_HEARTBEAT {datanodeUUID=0910cf7c-fddf-4dbf-9167-882adaee21d9, command=[]} | ret=SUCCESS |  
2019-08-28 19:58:14,436 [Thread-239] INFO  impl.FollowerState (FollowerState.java:run(106)) - fddc83f5-527c-4a7f-9235-bb7c7f8c2a55:group-416134677455 changes to CANDIDATE, lastRpcTime:5072, electionTimeout:5071ms
2019-08-28 19:58:14,439 [Thread-239] INFO  impl.RoleInfo (RoleInfo.java:shutdownFollowerState(121)) - fddc83f5-527c-4a7f-9235-bb7c7f8c2a55: shutdown FollowerState
2019-08-28 19:58:14,439 [Thread-239] INFO  impl.RaftServerImpl (RaftServerImpl.java:setRole(171)) - fddc83f5-527c-4a7f-9235-bb7c7f8c2a55:group-416134677455 changes role from FOLLOWER to CANDIDATE at term 0 for changeToCandidate
2019-08-28 19:58:14,443 [Thread-239] INFO  impl.RoleInfo (RoleInfo.java:updateAndGet(143)) - fddc83f5-527c-4a7f-9235-bb7c7f8c2a55: start LeaderElection
2019-08-28 19:58:14,472 [fddc83f5-527c-4a7f-9235-bb7c7f8c2a55:group-416134677455:LeaderElection1] INFO  impl.LeaderElection (LeaderElection.java:askForVotes(181)) - fddc83f5-527c-4a7f-9235-bb7c7f8c2a55:group-416134677455:LeaderElection1: begin an election at term 1 for -1: [fddc83f5-527c-4a7f-9235-bb7c7f8c2a55:192.168.36.107:43102], old=null
2019-08-28 19:58:14,474 [fddc83f5-527c-4a7f-9235-bb7c7f8c2a55:group-416134677455:LeaderElection1] INFO  impl.RoleInfo (RoleInfo.java:shutdownLeaderElection(134)) - fddc83f5-527c-4a7f-9235-bb7c7f8c2a55: shutdown LeaderElection
2019-08-28 19:58:14,475 [fddc83f5-527c-4a7f-9235-bb7c7f8c2a55:group-416134677455:LeaderElection1] INFO  impl.RaftServerImpl (RaftServerImpl.java:setRole(171)) - fddc83f5-527c-4a7f-9235-bb7c7f8c2a55:group-416134677455 changes role from CANDIDATE to LEADER at term 1 for changeToLeader
2019-08-28 19:58:14,475 [fddc83f5-527c-4a7f-9235-bb7c7f8c2a55:group-416134677455:LeaderElection1] INFO  impl.RaftServerImpl (ServerState.java:setLeader(263)) - fddc83f5-527c-4a7f-9235-bb7c7f8c2a55:group-416134677455 change Leader from null to fddc83f5-527c-4a7f-9235-bb7c7f8c2a55 at term 1 for becomeLeader, leader elected after 5228ms
2019-08-28 19:58:14,481 [fddc83f5-527c-4a7f-9235-bb7c7f8c2a55:group-416134677455:LeaderElection1] INFO  server.RaftServerConfigKeys (ConfUtils.java:logGet(43)) - raft.server.staging.catchup.gap = 1000 (default)
2019-08-28 19:58:14,481 [fddc83f5-527c-4a7f-9235-bb7c7f8c2a55:group-416134677455:LeaderElection1] INFO  server.RaftServerConfigKeys (ConfUtils.java:logGet(43)) - raft.server.rpc.sleep.time = 25ms (default)
2019-08-28 19:58:14,484 [fddc83f5-527c-4a7f-9235-bb7c7f8c2a55:group-416134677455:LeaderElection1] INFO  server.RaftServerConfigKeys (ConfUtils.java:logGet(43)) - raft.server.write.element-limit = 4096 (default)
2019-08-28 19:58:14,486 [fddc83f5-527c-4a7f-9235-bb7c7f8c2a55:group-416134677455:LeaderElection1] INFO  server.RaftServerConfigKeys (ConfUtils.java:logGet(43)) - raft.server.watch.timeout = 10s (default)
2019-08-28 19:58:14,486 [fddc83f5-527c-4a7f-9235-bb7c7f8c2a55:group-416134677455:LeaderElection1] INFO  server.RaftServerConfigKeys (ConfUtils.java:logGet(43)) - raft.server.watch.timeout.denomination = 1s (default)
2019-08-28 19:58:14,487 [fddc83f5-527c-4a7f-9235-bb7c7f8c2a55:group-416134677455:LeaderElection1] INFO  server.RaftServerConfigKeys (ConfUtils.java:logGet(43)) - raft.server.watch.element-limit = 65536 (default)
2019-08-28 19:58:14,494 [fddc83f5-527c-4a7f-9235-bb7c7f8c2a55:group-416134677455:LeaderElection1] INFO  impl.RoleInfo (RoleInfo.java:updateAndGet(143)) - fddc83f5-527c-4a7f-9235-bb7c7f8c2a55: start LeaderState
2019-08-28 19:58:14,514 [fddc83f5-527c-4a7f-9235-bb7c7f8c2a55:group-416134677455:LeaderElection1] INFO  segmented.SegmentedRaftLogWorker (SegmentedRaftLogWorker.java:startLogSegment(380)) - fddc83f5-527c-4a7f-9235-bb7c7f8c2a55-SegmentedRaftLogWorker:Storage Directory /workdir/hadoop-ozone/integration-test/target/test-dir/MiniOzoneClusterImpl-d1bd8377-0706-4af8-a373-5017138d6a8c/datanode-0/data/ratis/bb175802-b6ec-402a-8f29-416134677455: Starting segment from index:0
2019-08-28 19:58:14,521 [fddc83f5-527c-4a7f-9235-bb7c7f8c2a55:group-416134677455:LeaderElection1] INFO  impl.RaftServerImpl (ServerState.java:setRaftConf(361)) - fddc83f5-527c-4a7f-9235-bb7c7f8c2a55:group-416134677455 set configuration 0: [fddc83f5-527c-4a7f-9235-bb7c7f8c2a55:192.168.36.107:43102], old=null at 0
2019-08-28 19:58:14,554 | INFO  | SCMAudit | user=jenkins1000 | ip=192.168.36.107 | op=SEND_HEARTBEAT {datanodeUUID=fddc83f5-527c-4a7f-9235-bb7c7f8c2a55, command=[]} | ret=SUCCESS |  
2019-08-28 19:58:14,564 | INFO  | SCMAudit | user=jenkins1000 | ip=192.168.36.107 | op=SEND_HEARTBEAT {datanodeUUID=8d6dfb4d-ac2d-4667-923e-2456b7752667, command=[]} | ret=SUCCESS |  
2019-08-28 19:58:14,673 | INFO  | SCMAudit | user=jenkins1000 | ip=192.168.36.107 | op=SEND_HEARTBEAT {datanodeUUID=f3efc612-2d1c-41da-bcd1-cee0352e8d6a, command=[]} | ret=SUCCESS |  
2019-08-28 19:58:14,726 [fddc83f5-527c-4a7f-9235-bb7c7f8c2a55-SegmentedRaftLogWorker:Storage Directory /workdir/hadoop-ozone/integration-test/target/test-dir/MiniOzoneClusterImpl-d1bd8377-0706-4af8-a373-5017138d6a8c/datanode-0/data/ratis/bb175802-b6ec-402a-8f29-416134677455] INFO  segmented.SegmentedRaftLogWorker (SegmentedRaftLogWorker.java:execute(569)) - fddc83f5-527c-4a7f-9235-bb7c7f8c2a55-SegmentedRaftLogWorker:Storage Directory /workdir/hadoop-ozone/integration-test/target/test-dir/MiniOzoneClusterImpl-d1bd8377-0706-4af8-a373-5017138d6a8c/datanode-0/data/ratis/bb175802-b6ec-402a-8f29-416134677455: created new log segment /workdir/hadoop-ozone/integration-test/target/test-dir/MiniOzoneClusterImpl-d1bd8377-0706-4af8-a373-5017138d6a8c/datanode-0/data/ratis/bb175802-b6ec-402a-8f29-416134677455/current/log_inprogress_0
2019-08-28 19:58:14,737 [grpc-default-executor-2] INFO  client.GrpcClientProtocolClient (GrpcClientProtocolClient.java:onNext(255)) - client-98A8F4328EF1->fecaf1a5-1262-4037-b784-d9920b122a4c: receive RaftClientReply:client-98A8F4328EF1->fecaf1a5-1262-4037-b784-d9920b122a4c@group-431FF9F7F019, cid=13, FAILED org.apache.ratis.protocol.NotLeaderException: Server fecaf1a5-1262-4037-b784-d9920b122a4c is not the leader (null). Request must be sent to leader., logIndex=0, commits[fecaf1a5-1262-4037-b784-d9920b122a4c:c-1]
2019-08-28 19:58:14,768 | INFO  | SCMAudit | user=jenkins1000 | ip=192.168.36.107 | op=SEND_HEARTBEAT {datanodeUUID=290792b5-0601-45f8-8ac4-f5aeff7db3b3, command=[]} | ret=SUCCESS |  
2019-08-28 19:58:14,831 [Thread-245] INFO  impl.FollowerState (FollowerState.java:run(106)) - fecaf1a5-1262-4037-b784-d9920b122a4c:group-AE04AEE1DD33 changes to CANDIDATE, lastRpcTime:5019, electionTimeout:5019ms
2019-08-28 19:58:14,836 [Thread-245] INFO  impl.RoleInfo (RoleInfo.java:shutdownFollowerState(121)) - fecaf1a5-1262-4037-b784-d9920b122a4c: shutdown FollowerState
2019-08-28 19:58:14,836 [Thread-245] INFO  impl.RaftServerImpl (RaftServerImpl.java:setRole(171)) - fecaf1a5-1262-4037-b784-d9920b122a4c:group-AE04AEE1DD33 changes role from FOLLOWER to CANDIDATE at term 0 for changeToCandidate
2019-08-28 19:58:14,836 [Thread-245] INFO  impl.RoleInfo (RoleInfo.java:updateAndGet(143)) - fecaf1a5-1262-4037-b784-d9920b122a4c: start LeaderElection
2019-08-28 19:58:14,843 | INFO  | SCMAudit | user=jenkins1000 | ip=192.168.36.107 | op=SEND_HEARTBEAT {datanodeUUID=fecaf1a5-1262-4037-b784-d9920b122a4c, command=[]} | ret=SUCCESS |  
2019-08-28 19:58:14,861 [Thread-242] INFO  impl.FollowerState (FollowerState.java:run(106)) - 8d6dfb4d-ac2d-4667-923e-2456b7752667:group-3292B35775BC changes to CANDIDATE, lastRpcTime:5190, electionTimeout:5189ms
2019-08-28 19:58:14,870 [Thread-242] INFO  impl.RoleInfo (RoleInfo.java:shutdownFollowerState(121)) - 8d6dfb4d-ac2d-4667-923e-2456b7752667: shutdown FollowerState
2019-08-28 19:58:14,870 [Thread-242] INFO  impl.RaftServerImpl (RaftServerImpl.java:setRole(171)) - 8d6dfb4d-ac2d-4667-923e-2456b7752667:group-3292B35775BC changes role from FOLLOWER to CANDIDATE at term 0 for changeToCandidate
2019-08-28 19:58:14,871 [Thread-242] INFO  impl.RoleInfo (RoleInfo.java:updateAndGet(143)) - 8d6dfb4d-ac2d-4667-923e-2456b7752667: start LeaderElection
2019-08-28 19:58:14,876 [fecaf1a5-1262-4037-b784-d9920b122a4c:group-AE04AEE1DD33:LeaderElection2] INFO  impl.LeaderElection (LeaderElection.java:askForVotes(181)) - fecaf1a5-1262-4037-b784-d9920b122a4c:group-AE04AEE1DD33:LeaderElection2: begin an election at term 1 for -1: [fecaf1a5-1262-4037-b784-d9920b122a4c:192.168.36.107:44802], old=null
2019-08-28 19:58:14,879 [fecaf1a5-1262-4037-b784-d9920b122a4c:group-AE04AEE1DD33:LeaderElection2] INFO  impl.RoleInfo (RoleInfo.java:shutdownLeaderElection(134)) - fecaf1a5-1262-4037-b784-d9920b122a4c: shutdown LeaderElection
2019-08-28 19:58:14,880 [fecaf1a5-1262-4037-b784-d9920b122a4c:group-AE04AEE1DD33:LeaderElection2] INFO  impl.RaftServerImpl (RaftServerImpl.java:setRole(171)) - fecaf1a5-1262-4037-b784-d9920b122a4c:group-AE04AEE1DD33 changes role from CANDIDATE to LEADER at term 1 for changeToLeader
2019-08-28 19:58:14,880 [fecaf1a5-1262-4037-b784-d9920b122a4c:group-AE04AEE1DD33:LeaderElection2] INFO  impl.RaftServerImpl (ServerState.java:setLeader(263)) - fecaf1a5-1262-4037-b784-d9920b122a4c:group-AE04AEE1DD33 change Leader from null to fecaf1a5-1262-4037-b784-d9920b122a4c at term 1 for becomeLeader, leader elected after 5074ms
2019-08-28 19:58:14,881 [fecaf1a5-1262-4037-b784-d9920b122a4c:group-AE04AEE1DD33:LeaderElection2] INFO  server.RaftServerConfigKeys (ConfUtils.java:logGet(43)) - raft.server.staging.catchup.gap = 1000 (default)
2019-08-28 19:58:14,881 [fecaf1a5-1262-4037-b784-d9920b122a4c:group-AE04AEE1DD33:LeaderElection2] INFO  server.RaftServerConfigKeys (ConfUtils.java:logGet(43)) - raft.server.rpc.sleep.time = 25ms (default)
2019-08-28 19:58:14,882 [fecaf1a5-1262-4037-b784-d9920b122a4c:group-AE04AEE1DD33:LeaderElection2] INFO  server.RaftServerConfigKeys (ConfUtils.java:logGet(43)) - raft.server.write.element-limit = 4096 (default)
2019-08-28 19:58:14,882 [fecaf1a5-1262-4037-b784-d9920b122a4c:group-AE04AEE1DD33:LeaderElection2] INFO  server.RaftServerConfigKeys (ConfUtils.java:logGet(43)) - raft.server.watch.timeout = 10s (default)
2019-08-28 19:58:14,882 [fecaf1a5-1262-4037-b784-d9920b122a4c:group-AE04AEE1DD33:LeaderElection2] INFO  server.RaftServerConfigKeys (ConfUtils.java:logGet(43)) - raft.server.watch.timeout.denomination = 1s (default)
2019-08-28 19:58:14,882 [fecaf1a5-1262-4037-b784-d9920b122a4c:group-AE04AEE1DD33:LeaderElection2] INFO  server.RaftServerConfigKeys (ConfUtils.java:logGet(43)) - raft.server.watch.element-limit = 65536 (default)
2019-08-28 19:58:14,882 [fecaf1a5-1262-4037-b784-d9920b122a4c:group-AE04AEE1DD33:LeaderElection2] INFO  impl.RoleInfo (RoleInfo.java:updateAndGet(143)) - fecaf1a5-1262-4037-b784-d9920b122a4c: start LeaderState
2019-08-28 19:58:14,883 [fecaf1a5-1262-4037-b784-d9920b122a4c:group-AE04AEE1DD33:LeaderElection2] INFO  segmented.SegmentedRaftLogWorker (SegmentedRaftLogWorker.java:startLogSegment(380)) - fecaf1a5-1262-4037-b784-d9920b122a4c-SegmentedRaftLogWorker:Storage Directory /workdir/hadoop-ozone/integration-test/target/test-dir/MiniOzoneClusterImpl-d1bd8377-0706-4af8-a373-5017138d6a8c/datanode-3/data/ratis/439b2dbe-858f-4da2-a4a4-ae04aee1dd33: Starting segment from index:0
2019-08-28 19:58:14,883 [fecaf1a5-1262-4037-b784-d9920b122a4c:group-AE04AEE1DD33:LeaderElection2] INFO  impl.RaftServerImpl (ServerState.java:setRaftConf(361)) - fecaf1a5-1262-4037-b784-d9920b122a4c:group-AE04AEE1DD33 set configuration 0: [fecaf1a5-1262-4037-b784-d9920b122a4c:192.168.36.107:44802], old=null at 0
2019-08-28 19:58:14,935 | INFO  | SCMAudit | user=jenkins1000 | ip=192.168.36.107 | op=SEND_HEARTBEAT {datanodeUUID=03db8954-5a6e-4042-b4a9-1698a7ceec96, command=[]} | ret=SUCCESS |  
2019-08-28 19:58:14,955 [fecaf1a5-1262-4037-b784-d9920b122a4c-SegmentedRaftLogWorker:Storage Directory /workdir/hadoop-ozone/integration-test/target/test-dir/MiniOzoneClusterImpl-d1bd8377-0706-4af8-a373-5017138d6a8c/datanode-3/data/ratis/439b2dbe-858f-4da2-a4a4-ae04aee1dd33] INFO  segmented.SegmentedRaftLogWorker (SegmentedRaftLogWorker.java:execute(569)) - fecaf1a5-1262-4037-b784-d9920b122a4c-SegmentedRaftLogWorker:Storage Directory /workdir/hadoop-ozone/integration-test/target/test-dir/MiniOzoneClusterImpl-d1bd8377-0706-4af8-a373-5017138d6a8c/datanode-3/data/ratis/439b2dbe-858f-4da2-a4a4-ae04aee1dd33: created new log segment /workdir/hadoop-ozone/integration-test/target/test-dir/MiniOzoneClusterImpl-d1bd8377-0706-4af8-a373-5017138d6a8c/datanode-3/data/ratis/439b2dbe-858f-4da2-a4a4-ae04aee1dd33/current/log_inprogress_0
2019-08-28 19:58:14,955 [8d6dfb4d-ac2d-4667-923e-2456b7752667:group-3292B35775BC:LeaderElection3] INFO  impl.LeaderElection (LeaderElection.java:askForVotes(181)) - 8d6dfb4d-ac2d-4667-923e-2456b7752667:group-3292B35775BC:LeaderElection3: begin an election at term 1 for -1: [8d6dfb4d-ac2d-4667-923e-2456b7752667:192.168.36.107:39502], old=null
2019-08-28 19:58:14,956 [8d6dfb4d-ac2d-4667-923e-2456b7752667:group-3292B35775BC:LeaderElection3] INFO  impl.RoleInfo (RoleInfo.java:shutdownLeaderElection(134)) - 8d6dfb4d-ac2d-4667-923e-2456b7752667: shutdown LeaderElection
2019-08-28 19:58:14,956 [8d6dfb4d-ac2d-4667-923e-2456b7752667:group-3292B35775BC:LeaderElection3] INFO  impl.RaftServerImpl (RaftServerImpl.java:setRole(171)) - 8d6dfb4d-ac2d-4667-923e-2456b7752667:group-3292B35775BC changes role from CANDIDATE to LEADER at term 1 for changeToLeader
2019-08-28 19:58:14,956 [8d6dfb4d-ac2d-4667-923e-2456b7752667:group-3292B35775BC:LeaderElection3] INFO  impl.RaftServerImpl (ServerState.java:setLeader(263)) - 8d6dfb4d-ac2d-4667-923e-2456b7752667:group-3292B35775BC change Leader from null to 8d6dfb4d-ac2d-4667-923e-2456b7752667 at term 1 for becomeLeader, leader elected after 5291ms
2019-08-28 19:58:14,958 [8d6dfb4d-ac2d-4667-923e-2456b7752667:group-3292B35775BC:LeaderElection3] INFO  server.RaftServerConfigKeys (ConfUtils.java:logGet(43)) - raft.server.staging.catchup.gap = 1000 (default)
2019-08-28 19:58:14,958 [8d6dfb4d-ac2d-4667-923e-2456b7752667:group-3292B35775BC:LeaderElection3] INFO  server.RaftServerConfigKeys (ConfUtils.java:logGet(43)) - raft.server.rpc.sleep.time = 25ms (default)
2019-08-28 19:58:14,958 [8d6dfb4d-ac2d-4667-923e-2456b7752667:group-3292B35775BC:LeaderElection3] INFO  server.RaftServerConfigKeys (ConfUtils.java:logGet(43)) - raft.server.write.element-limit = 4096 (default)
2019-08-28 19:58:14,958 [8d6dfb4d-ac2d-4667-923e-2456b7752667:group-3292B35775BC:LeaderElection3] INFO  server.RaftServerConfigKeys (ConfUtils.java:logGet(43)) - raft.server.watch.timeout = 10s (default)
2019-08-28 19:58:14,958 [8d6dfb4d-ac2d-4667-923e-2456b7752667:group-3292B35775BC:LeaderElection3] INFO  server.RaftServerConfigKeys (ConfUtils.java:logGet(43)) - raft.server.watch.timeout.denomination = 1s (default)
2019-08-28 19:58:14,958 [8d6dfb4d-ac2d-4667-923e-2456b7752667:group-3292B35775BC:LeaderElection3] INFO  server.RaftServerConfigKeys (ConfUtils.java:logGet(43)) - raft.server.watch.element-limit = 65536 (default)
2019-08-28 19:58:14,959 [8d6dfb4d-ac2d-4667-923e-2456b7752667:group-3292B35775BC:LeaderElection3] INFO  impl.RoleInfo (RoleInfo.java:updateAndGet(143)) - 8d6dfb4d-ac2d-4667-923e-2456b7752667: start LeaderState
2019-08-28 19:58:14,959 [8d6dfb4d-ac2d-4667-923e-2456b7752667:group-3292B35775BC:LeaderElection3] INFO  segmented.SegmentedRaftLogWorker (SegmentedRaftLogWorker.java:startLogSegment(380)) - 8d6dfb4d-ac2d-4667-923e-2456b7752667-SegmentedRaftLogWorker:Storage Directory /workdir/hadoop-ozone/integration-test/target/test-dir/MiniOzoneClusterImpl-d1bd8377-0706-4af8-a373-5017138d6a8c/datanode-6/data/ratis/d4788062-368a-4814-884e-3292b35775bc: Starting segment from index:0
2019-08-28 19:58:14,959 [8d6dfb4d-ac2d-4667-923e-2456b7752667:group-3292B35775BC:LeaderElection3] INFO  impl.RaftServerImpl (ServerState.java:setRaftConf(361)) - 8d6dfb4d-ac2d-4667-923e-2456b7752667:group-3292B35775BC set configuration 0: [8d6dfb4d-ac2d-4667-923e-2456b7752667:192.168.36.107:39502], old=null at 0
2019-08-28 19:58:15,017 [Thread-248] INFO  impl.FollowerState (FollowerState.java:run(106)) - 0910cf7c-fddf-4dbf-9167-882adaee21d9:group-6D788F8C2285 changes to CANDIDATE, lastRpcTime:5115, electionTimeout:5115ms
2019-08-28 19:58:15,020 [Thread-248] INFO  impl.RoleInfo (RoleInfo.java:shutdownFollowerState(121)) - 0910cf7c-fddf-4dbf-9167-882adaee21d9: shutdown FollowerState
2019-08-28 19:58:15,020 [Thread-248] INFO  impl.RaftServerImpl (RaftServerImpl.java:setRole(171)) - 0910cf7c-fddf-4dbf-9167-882adaee21d9:group-6D788F8C2285 changes role from FOLLOWER to CANDIDATE at term 0 for changeToCandidate
2019-08-28 19:58:15,020 [Thread-248] INFO  impl.RoleInfo (RoleInfo.java:updateAndGet(143)) - 0910cf7c-fddf-4dbf-9167-882adaee21d9: start LeaderElection
2019-08-28 19:58:15,028 | INFO  | SCMAudit | user=jenkins1000 | ip=192.168.36.107 | op=SEND_HEARTBEAT {datanodeUUID=0910cf7c-fddf-4dbf-9167-882adaee21d9, command=[]} | ret=SUCCESS |  
2019-08-28 19:58:15,034 [8d6dfb4d-ac2d-4667-923e-2456b7752667-SegmentedRaftLogWorker:Storage Directory /workdir/hadoop-ozone/integration-test/target/test-dir/MiniOzoneClusterImpl-d1bd8377-0706-4af8-a373-5017138d6a8c/datanode-6/data/ratis/d4788062-368a-4814-884e-3292b35775bc] INFO  segmented.SegmentedRaftLogWorker (SegmentedRaftLogWorker.java:execute(569)) - 8d6dfb4d-ac2d-4667-923e-2456b7752667-SegmentedRaftLogWorker:Storage Directory /workdir/hadoop-ozone/integration-test/target/test-dir/MiniOzoneClusterImpl-d1bd8377-0706-4af8-a373-5017138d6a8c/datanode-6/data/ratis/d4788062-368a-4814-884e-3292b35775bc: created new log segment /workdir/hadoop-ozone/integration-test/target/test-dir/MiniOzoneClusterImpl-d1bd8377-0706-4af8-a373-5017138d6a8c/datanode-6/data/ratis/d4788062-368a-4814-884e-3292b35775bc/current/log_inprogress_0
2019-08-28 19:58:15,034 [0910cf7c-fddf-4dbf-9167-882adaee21d9:group-6D788F8C2285:LeaderElection4] INFO  impl.LeaderElection (LeaderElection.java:askForVotes(181)) - 0910cf7c-fddf-4dbf-9167-882adaee21d9:group-6D788F8C2285:LeaderElection4: begin an election at term 1 for -1: [0910cf7c-fddf-4dbf-9167-882adaee21d9:192.168.36.107:43526], old=null
2019-08-28 19:58:15,034 [0910cf7c-fddf-4dbf-9167-882adaee21d9:group-6D788F8C2285:LeaderElection4] INFO  impl.RoleInfo (RoleInfo.java:shutdownLeaderElection(134)) - 0910cf7c-fddf-4dbf-9167-882adaee21d9: shutdown LeaderElection
2019-08-28 19:58:15,035 [0910cf7c-fddf-4dbf-9167-882adaee21d9:group-6D788F8C2285:LeaderElection4] INFO  impl.RaftServerImpl (RaftServerImpl.java:setRole(171)) - 0910cf7c-fddf-4dbf-9167-882adaee21d9:group-6D788F8C2285 changes role from CANDIDATE to LEADER at term 1 for changeToLeader
2019-08-28 19:58:15,035 [0910cf7c-fddf-4dbf-9167-882adaee21d9:group-6D788F8C2285:LeaderElection4] INFO  impl.RaftServerImpl (ServerState.java:setLeader(263)) - 0910cf7c-fddf-4dbf-9167-882adaee21d9:group-6D788F8C2285 change Leader from null to 0910cf7c-fddf-4dbf-9167-882adaee21d9 at term 1 for becomeLeader, leader elected after 5138ms
2019-08-28 19:58:15,037 [0910cf7c-fddf-4dbf-9167-882adaee21d9:group-6D788F8C2285:LeaderElection4] INFO  server.RaftServerConfigKeys (ConfUtils.java:logGet(43)) - raft.server.staging.catchup.gap = 1000 (default)
2019-08-28 19:58:15,038 [0910cf7c-fddf-4dbf-9167-882adaee21d9:group-6D788F8C2285:LeaderElection4] INFO  server.RaftServerConfigKeys (ConfUtils.java:logGet(43)) - raft.server.rpc.sleep.time = 25ms (default)
2019-08-28 19:58:15,038 [0910cf7c-fddf-4dbf-9167-882adaee21d9:group-6D788F8C2285:LeaderElection4] INFO  server.RaftServerConfigKeys (ConfUtils.java:logGet(43)) - raft.server.write.element-limit = 4096 (default)
2019-08-28 19:58:15,038 [0910cf7c-fddf-4dbf-9167-882adaee21d9:group-6D788F8C2285:LeaderElection4] INFO  server.RaftServerConfigKeys (ConfUtils.java:logGet(43)) - raft.server.watch.timeout = 10s (default)
2019-08-28 19:58:15,038 [0910cf7c-fddf-4dbf-9167-882adaee21d9:group-6D788F8C2285:LeaderElection4] INFO  server.RaftServerConfigKeys (ConfUtils.java:logGet(43)) - raft.server.watch.timeout.denomination = 1s (default)
2019-08-28 19:58:15,039 [0910cf7c-fddf-4dbf-9167-882adaee21d9:group-6D788F8C2285:LeaderElection4] INFO  server.RaftServerConfigKeys (ConfUtils.java:logGet(43)) - raft.server.watch.element-limit = 65536 (default)
2019-08-28 19:58:15,039 [0910cf7c-fddf-4dbf-9167-882adaee21d9:group-6D788F8C2285:LeaderElection4] INFO  impl.RoleInfo (RoleInfo.java:updateAndGet(143)) - 0910cf7c-fddf-4dbf-9167-882adaee21d9: start LeaderState
2019-08-28 19:58:15,039 [0910cf7c-fddf-4dbf-9167-882adaee21d9:group-6D788F8C2285:LeaderElection4] INFO  segmented.SegmentedRaftLogWorker (SegmentedRaftLogWorker.java:startLogSegment(380)) - 0910cf7c-fddf-4dbf-9167-882adaee21d9-SegmentedRaftLogWorker:Storage Directory /workdir/hadoop-ozone/integration-test/target/test-dir/MiniOzoneClusterImpl-d1bd8377-0706-4af8-a373-5017138d6a8c/datanode-5/data/ratis/e47ed814-6c29-46e7-9275-6d788f8c2285: Starting segment from index:0
2019-08-28 19:58:15,040 [0910cf7c-fddf-4dbf-9167-882adaee21d9:group-6D788F8C2285:LeaderElection4] INFO  impl.RaftServerImpl (ServerState.java:setRaftConf(361)) - 0910cf7c-fddf-4dbf-9167-882adaee21d9:group-6D788F8C2285 set configuration 0: [0910cf7c-fddf-4dbf-9167-882adaee21d9:192.168.36.107:43526], old=null at 0
2019-08-28 19:58:15,083 [Thread-254] INFO  impl.FollowerState (FollowerState.java:run(106)) - f3efc612-2d1c-41da-bcd1-cee0352e8d6a:group-B2430E3610FA changes to CANDIDATE, lastRpcTime:5022, electionTimeout:5022ms
2019-08-28 19:58:15,086 [Thread-254] INFO  impl.RoleInfo (RoleInfo.java:shutdownFollowerState(121)) - f3efc612-2d1c-41da-bcd1-cee0352e8d6a: shutdown FollowerState
2019-08-28 19:58:15,087 [Thread-254] INFO  impl.RaftServerImpl (RaftServerImpl.java:setRole(171)) - f3efc612-2d1c-41da-bcd1-cee0352e8d6a:group-B2430E3610FA changes role from FOLLOWER to CANDIDATE at term 0 for changeToCandidate
2019-08-28 19:58:15,087 [0910cf7c-fddf-4dbf-9167-882adaee21d9-SegmentedRaftLogWorker:Storage Directory /workdir/hadoop-ozone/integration-test/target/test-dir/MiniOzoneClusterImpl-d1bd8377-0706-4af8-a373-5017138d6a8c/datanode-5/data/ratis/e47ed814-6c29-46e7-9275-6d788f8c2285] INFO  segmented.SegmentedRaftLogWorker (SegmentedRaftLogWorker.java:execute(569)) - 0910cf7c-fddf-4dbf-9167-882adaee21d9-SegmentedRaftLogWorker:Storage Directory /workdir/hadoop-ozone/integration-test/target/test-dir/MiniOzoneClusterImpl-d1bd8377-0706-4af8-a373-5017138d6a8c/datanode-5/data/ratis/e47ed814-6c29-46e7-9275-6d788f8c2285: created new log segment /workdir/hadoop-ozone/integration-test/target/test-dir/MiniOzoneClusterImpl-d1bd8377-0706-4af8-a373-5017138d6a8c/datanode-5/data/ratis/e47ed814-6c29-46e7-9275-6d788f8c2285/current/log_inprogress_0
2019-08-28 19:58:15,087 [Thread-254] INFO  impl.RoleInfo (RoleInfo.java:updateAndGet(143)) - f3efc612-2d1c-41da-bcd1-cee0352e8d6a: start LeaderElection
2019-08-28 19:58:15,124 [f3efc612-2d1c-41da-bcd1-cee0352e8d6a:group-B2430E3610FA:LeaderElection5] INFO  impl.LeaderElection (LeaderElection.java:askForVotes(181)) - f3efc612-2d1c-41da-bcd1-cee0352e8d6a:group-B2430E3610FA:LeaderElection5: begin an election at term 1 for -1: [f3efc612-2d1c-41da-bcd1-cee0352e8d6a:192.168.36.107:43779], old=null
2019-08-28 19:58:15,126 [f3efc612-2d1c-41da-bcd1-cee0352e8d6a:group-B2430E3610FA:LeaderElection5] INFO  impl.RoleInfo (RoleInfo.java:shutdownLeaderElection(134)) - f3efc612-2d1c-41da-bcd1-cee0352e8d6a: shutdown LeaderElection
2019-08-28 19:58:15,127 [f3efc612-2d1c-41da-bcd1-cee0352e8d6a:group-B2430E3610FA:LeaderElection5] INFO  impl.RaftServerImpl (RaftServerImpl.java:setRole(171)) - f3efc612-2d1c-41da-bcd1-cee0352e8d6a:group-B2430E3610FA changes role from CANDIDATE to LEADER at term 1 for changeToLeader
2019-08-28 19:58:15,127 [f3efc612-2d1c-41da-bcd1-cee0352e8d6a:group-B2430E3610FA:LeaderElection5] INFO  impl.RaftServerImpl (ServerState.java:setLeader(263)) - f3efc612-2d1c-41da-bcd1-cee0352e8d6a:group-B2430E3610FA change Leader from null to f3efc612-2d1c-41da-bcd1-cee0352e8d6a at term 1 for becomeLeader, leader elected after 5071ms
2019-08-28 19:58:15,129 [f3efc612-2d1c-41da-bcd1-cee0352e8d6a:group-B2430E3610FA:LeaderElection5] INFO  server.RaftServerConfigKeys (ConfUtils.java:logGet(43)) - raft.server.staging.catchup.gap = 1000 (default)
2019-08-28 19:58:15,129 [f3efc612-2d1c-41da-bcd1-cee0352e8d6a:group-B2430E3610FA:LeaderElection5] INFO  server.RaftServerConfigKeys (ConfUtils.java:logGet(43)) - raft.server.rpc.sleep.time = 25ms (default)
2019-08-28 19:58:15,129 [f3efc612-2d1c-41da-bcd1-cee0352e8d6a:group-B2430E3610FA:LeaderElection5] INFO  server.RaftServerConfigKeys (ConfUtils.java:logGet(43)) - raft.server.write.element-limit = 4096 (default)
2019-08-28 19:58:15,129 [f3efc612-2d1c-41da-bcd1-cee0352e8d6a:group-B2430E3610FA:LeaderElection5] INFO  server.RaftServerConfigKeys (ConfUtils.java:logGet(43)) - raft.server.watch.timeout = 10s (default)
2019-08-28 19:58:15,130 [f3efc612-2d1c-41da-bcd1-cee0352e8d6a:group-B2430E3610FA:LeaderElection5] INFO  server.RaftServerConfigKeys (ConfUtils.java:logGet(43)) - raft.server.watch.timeout.denomination = 1s (default)
2019-08-28 19:58:15,130 [f3efc612-2d1c-41da-bcd1-cee0352e8d6a:group-B2430E3610FA:LeaderElection5] INFO  server.RaftServerConfigKeys (ConfUtils.java:logGet(43)) - raft.server.watch.element-limit = 65536 (default)
2019-08-28 19:58:15,130 [f3efc612-2d1c-41da-bcd1-cee0352e8d6a:group-B2430E3610FA:LeaderElection5] INFO  impl.RoleInfo (RoleInfo.java:updateAndGet(143)) - f3efc612-2d1c-41da-bcd1-cee0352e8d6a: start LeaderState
2019-08-28 19:58:15,130 [f3efc612-2d1c-41da-bcd1-cee0352e8d6a:group-B2430E3610FA:LeaderElection5] INFO  segmented.SegmentedRaftLogWorker (SegmentedRaftLogWorker.java:startLogSegment(380)) - f3efc612-2d1c-41da-bcd1-cee0352e8d6a-SegmentedRaftLogWorker:Storage Directory /workdir/hadoop-ozone/integration-test/target/test-dir/MiniOzoneClusterImpl-d1bd8377-0706-4af8-a373-5017138d6a8c/datanode-1/data/ratis/56264476-d49b-4f7b-958a-b2430e3610fa: Starting segment from index:0
2019-08-28 19:58:15,131 [f3efc612-2d1c-41da-bcd1-cee0352e8d6a:group-B2430E3610FA:LeaderElection5] INFO  impl.RaftServerImpl (ServerState.java:setRaftConf(361)) - f3efc612-2d1c-41da-bcd1-cee0352e8d6a:group-B2430E3610FA set configuration 0: [f3efc612-2d1c-41da-bcd1-cee0352e8d6a:192.168.36.107:43779], old=null at 0
2019-08-28 19:58:15,165 [Thread-251] INFO  impl.FollowerState (FollowerState.java:run(106)) - 03db8954-5a6e-4042-b4a9-1698a7ceec96:group-3EAA39CAA32C changes to CANDIDATE, lastRpcTime:5184, electionTimeout:5161ms
2019-08-28 19:58:15,165 [Thread-251] INFO  impl.RoleInfo (RoleInfo.java:shutdownFollowerState(121)) - 03db8954-5a6e-4042-b4a9-1698a7ceec96: shutdown FollowerState
2019-08-28 19:58:15,165 [Thread-251] INFO  impl.RaftServerImpl (RaftServerImpl.java:setRole(171)) - 03db8954-5a6e-4042-b4a9-1698a7ceec96:group-3EAA39CAA32C changes role from FOLLOWER to CANDIDATE at term 0 for changeToCandidate
2019-08-28 19:58:15,165 [Thread-251] INFO  impl.RoleInfo (RoleInfo.java:updateAndGet(143)) - 03db8954-5a6e-4042-b4a9-1698a7ceec96: start LeaderElection
2019-08-28 19:58:15,211 [f3efc612-2d1c-41da-bcd1-cee0352e8d6a-SegmentedRaftLogWorker:Storage Directory /workdir/hadoop-ozone/integration-test/target/test-dir/MiniOzoneClusterImpl-d1bd8377-0706-4af8-a373-5017138d6a8c/datanode-1/data/ratis/56264476-d49b-4f7b-958a-b2430e3610fa] INFO  segmented.SegmentedRaftLogWorker (SegmentedRaftLogWorker.java:execute(569)) - f3efc612-2d1c-41da-bcd1-cee0352e8d6a-SegmentedRaftLogWorker:Storage Directory /workdir/hadoop-ozone/integration-test/target/test-dir/MiniOzoneClusterImpl-d1bd8377-0706-4af8-a373-5017138d6a8c/datanode-1/data/ratis/56264476-d49b-4f7b-958a-b2430e3610fa: created new log segment /workdir/hadoop-ozone/integration-test/target/test-dir/MiniOzoneClusterImpl-d1bd8377-0706-4af8-a373-5017138d6a8c/datanode-1/data/ratis/56264476-d49b-4f7b-958a-b2430e3610fa/current/log_inprogress_0
2019-08-28 19:58:15,211 [03db8954-5a6e-4042-b4a9-1698a7ceec96:group-3EAA39CAA32C:LeaderElection6] INFO  impl.LeaderElection (LeaderElection.java:askForVotes(181)) - 03db8954-5a6e-4042-b4a9-1698a7ceec96:group-3EAA39CAA32C:LeaderElection6: begin an election at term 1 for -1: [03db8954-5a6e-4042-b4a9-1698a7ceec96:192.168.36.107:43464], old=null
2019-08-28 19:58:15,214 [03db8954-5a6e-4042-b4a9-1698a7ceec96:group-3EAA39CAA32C:LeaderElection6] INFO  impl.RoleInfo (RoleInfo.java:shutdownLeaderElection(134)) - 03db8954-5a6e-4042-b4a9-1698a7ceec96: shutdown LeaderElection
2019-08-28 19:58:15,214 [03db8954-5a6e-4042-b4a9-1698a7ceec96:group-3EAA39CAA32C:LeaderElection6] INFO  impl.RaftServerImpl (RaftServerImpl.java:setRole(171)) - 03db8954-5a6e-4042-b4a9-1698a7ceec96:group-3EAA39CAA32C changes role from CANDIDATE to LEADER at term 1 for changeToLeader
2019-08-28 19:58:15,214 [03db8954-5a6e-4042-b4a9-1698a7ceec96:group-3EAA39CAA32C:LeaderElection6] INFO  impl.RaftServerImpl (ServerState.java:setLeader(263)) - 03db8954-5a6e-4042-b4a9-1698a7ceec96:group-3EAA39CAA32C change Leader from null to 03db8954-5a6e-4042-b4a9-1698a7ceec96 at term 1 for becomeLeader, leader elected after 5239ms
2019-08-28 19:58:15,215 [03db8954-5a6e-4042-b4a9-1698a7ceec96:group-3EAA39CAA32C:LeaderElection6] INFO  server.RaftServerConfigKeys (ConfUtils.java:logGet(43)) - raft.server.staging.catchup.gap = 1000 (default)
2019-08-28 19:58:15,215 [03db8954-5a6e-4042-b4a9-1698a7ceec96:group-3EAA39CAA32C:LeaderElection6] INFO  server.RaftServerConfigKeys (ConfUtils.java:logGet(43)) - raft.server.rpc.sleep.time = 25ms (default)
2019-08-28 19:58:15,216 [03db8954-5a6e-4042-b4a9-1698a7ceec96:group-3EAA39CAA32C:LeaderElection6] INFO  server.RaftServerConfigKeys (ConfUtils.java:logGet(43)) - raft.server.write.element-limit = 4096 (default)
2019-08-28 19:58:15,216 [03db8954-5a6e-4042-b4a9-1698a7ceec96:group-3EAA39CAA32C:LeaderElection6] INFO  server.RaftServerConfigKeys (ConfUtils.java:logGet(43)) - raft.server.watch.timeout = 10s (default)
2019-08-28 19:58:15,216 [03db8954-5a6e-4042-b4a9-1698a7ceec96:group-3EAA39CAA32C:LeaderElection6] INFO  server.RaftServerConfigKeys (ConfUtils.java:logGet(43)) - raft.server.watch.timeout.denomination = 1s (default)
2019-08-28 19:58:15,216 [03db8954-5a6e-4042-b4a9-1698a7ceec96:group-3EAA39CAA32C:LeaderElection6] INFO  server.RaftServerConfigKeys (ConfUtils.java:logGet(43)) - raft.server.watch.element-limit = 65536 (default)
2019-08-28 19:58:15,216 [03db8954-5a6e-4042-b4a9-1698a7ceec96:group-3EAA39CAA32C:LeaderElection6] INFO  impl.RoleInfo (RoleInfo.java:updateAndGet(143)) - 03db8954-5a6e-4042-b4a9-1698a7ceec96: start LeaderState
2019-08-28 19:58:15,217 [03db8954-5a6e-4042-b4a9-1698a7ceec96:group-3EAA39CAA32C:LeaderElection6] INFO  segmented.SegmentedRaftLogWorker (SegmentedRaftLogWorker.java:startLogSegment(380)) - 03db8954-5a6e-4042-b4a9-1698a7ceec96-SegmentedRaftLogWorker:Storage Directory /workdir/hadoop-ozone/integration-test/target/test-dir/MiniOzoneClusterImpl-d1bd8377-0706-4af8-a373-5017138d6a8c/datanode-4/data/ratis/9eefcaf0-88f9-4aca-bba4-3eaa39caa32c: Starting segment from index:0
2019-08-28 19:58:15,217 [03db8954-5a6e-4042-b4a9-1698a7ceec96:group-3EAA39CAA32C:LeaderElection6] INFO  impl.RaftServerImpl (ServerState.java:setRaftConf(361)) - 03db8954-5a6e-4042-b4a9-1698a7ceec96:group-3EAA39CAA32C set configuration 0: [03db8954-5a6e-4042-b4a9-1698a7ceec96:192.168.36.107:43464], old=null at 0
2019-08-28 19:58:15,261 [Thread-257] INFO  impl.FollowerState (FollowerState.java:run(106)) - 290792b5-0601-45f8-8ac4-f5aeff7db3b3:group-F6AA1ADDA86D changes to CANDIDATE, lastRpcTime:5101, electionTimeout:5101ms
2019-08-28 19:58:15,263 [Thread-257] INFO  impl.RoleInfo (RoleInfo.java:shutdownFollowerState(121)) - 290792b5-0601-45f8-8ac4-f5aeff7db3b3: shutdown FollowerState
2019-08-28 19:58:15,263 [Thread-257] INFO  impl.RaftServerImpl (RaftServerImpl.java:setRole(171)) - 290792b5-0601-45f8-8ac4-f5aeff7db3b3:group-F6AA1ADDA86D changes role from FOLLOWER to CANDIDATE at term 0 for changeToCandidate
2019-08-28 19:58:15,263 [Thread-257] INFO  impl.RoleInfo (RoleInfo.java:updateAndGet(143)) - 290792b5-0601-45f8-8ac4-f5aeff7db3b3: start LeaderElection
2019-08-28 19:58:15,272 [03db8954-5a6e-4042-b4a9-1698a7ceec96-SegmentedRaftLogWorker:Storage Directory /workdir/hadoop-ozone/integration-test/target/test-dir/MiniOzoneClusterImpl-d1bd8377-0706-4af8-a373-5017138d6a8c/datanode-4/data/ratis/9eefcaf0-88f9-4aca-bba4-3eaa39caa32c] INFO  segmented.SegmentedRaftLogWorker (SegmentedRaftLogWorker.java:execute(569)) - 03db8954-5a6e-4042-b4a9-1698a7ceec96-SegmentedRaftLogWorker:Storage Directory /workdir/hadoop-ozone/integration-test/target/test-dir/MiniOzoneClusterImpl-d1bd8377-0706-4af8-a373-5017138d6a8c/datanode-4/data/ratis/9eefcaf0-88f9-4aca-bba4-3eaa39caa32c: created new log segment /workdir/hadoop-ozone/integration-test/target/test-dir/MiniOzoneClusterImpl-d1bd8377-0706-4af8-a373-5017138d6a8c/datanode-4/data/ratis/9eefcaf0-88f9-4aca-bba4-3eaa39caa32c/current/log_inprogress_0
2019-08-28 19:58:15,334 [Thread-264] INFO  impl.FollowerState (FollowerState.java:run(106)) - 8d6dfb4d-ac2d-4667-923e-2456b7752667:group-431FF9F7F019 changes to CANDIDATE, lastRpcTime:5008, electionTimeout:5006ms
2019-08-28 19:58:15,334 [Thread-264] INFO  impl.RoleInfo (RoleInfo.java:shutdownFollowerState(121)) - 8d6dfb4d-ac2d-4667-923e-2456b7752667: shutdown FollowerState
2019-08-28 19:58:15,334 [Thread-264] INFO  impl.RaftServerImpl (RaftServerImpl.java:setRole(171)) - 8d6dfb4d-ac2d-4667-923e-2456b7752667:group-431FF9F7F019 changes role from FOLLOWER to CANDIDATE at term 0 for changeToCandidate
2019-08-28 19:58:15,334 [Thread-264] INFO  impl.RoleInfo (RoleInfo.java:updateAndGet(143)) - 8d6dfb4d-ac2d-4667-923e-2456b7752667: start LeaderElection
2019-08-28 19:58:15,374 [Thread-265] INFO  impl.FollowerState (FollowerState.java:run(106)) - fecaf1a5-1262-4037-b784-d9920b122a4c:group-431FF9F7F019 changes to CANDIDATE, lastRpcTime:5046, electionTimeout:5040ms
2019-08-28 19:58:15,376 [Thread-265] INFO  impl.RoleInfo (RoleInfo.java:shutdownFollowerState(121)) - fecaf1a5-1262-4037-b784-d9920b122a4c: shutdown FollowerState
2019-08-28 19:58:15,377 [Thread-265] INFO  impl.RaftServerImpl (RaftServerImpl.java:setRole(171)) - fecaf1a5-1262-4037-b784-d9920b122a4c:group-431FF9F7F019 changes role from FOLLOWER to CANDIDATE at term 0 for changeToCandidate
2019-08-28 19:58:15,377 [Thread-265] INFO  impl.RoleInfo (RoleInfo.java:updateAndGet(143)) - fecaf1a5-1262-4037-b784-d9920b122a4c: start LeaderElection
2019-08-28 19:58:15,403 [Thread-260] INFO  impl.FollowerState (FollowerState.java:run(106)) - 0910cf7c-fddf-4dbf-9167-882adaee21d9:group-431FF9F7F019 changes to CANDIDATE, lastRpcTime:5080, electionTimeout:5080ms
2019-08-28 19:58:15,403 [Thread-260] INFO  impl.RoleInfo (RoleInfo.java:shutdownFollowerState(121)) - 0910cf7c-fddf-4dbf-9167-882adaee21d9: shutdown FollowerState
2019-08-28 19:58:15,403 [Thread-260] INFO  impl.RaftServerImpl (RaftServerImpl.java:setRole(171)) - 0910cf7c-fddf-4dbf-9167-882adaee21d9:group-431FF9F7F019 changes role from FOLLOWER to CANDIDATE at term 0 for changeToCandidate
2019-08-28 19:58:15,403 [Thread-260] INFO  impl.RoleInfo (RoleInfo.java:updateAndGet(143)) - 0910cf7c-fddf-4dbf-9167-882adaee21d9: start LeaderElection
2019-08-28 19:58:15,555 | INFO  | SCMAudit | user=jenkins1000 | ip=192.168.36.107 | op=SEND_HEARTBEAT {datanodeUUID=fddc83f5-527c-4a7f-9235-bb7c7f8c2a55, command=[]} | ret=SUCCESS |  
2019-08-28 19:58:15,564 | INFO  | SCMAudit | user=jenkins1000 | ip=192.168.36.107 | op=SEND_HEARTBEAT {datanodeUUID=8d6dfb4d-ac2d-4667-923e-2456b7752667, command=[]} | ret=SUCCESS |  
2019-08-28 19:58:15,595 [8d6dfb4d-ac2d-4667-923e-2456b7752667:group-431FF9F7F019:LeaderElection8] INFO  impl.LeaderElection (LeaderElection.java:askForVotes(181)) - 8d6dfb4d-ac2d-4667-923e-2456b7752667:group-431FF9F7F019:LeaderElection8: begin an election at term 1 for -1: [0910cf7c-fddf-4dbf-9167-882adaee21d9:192.168.36.107:43526, fecaf1a5-1262-4037-b784-d9920b122a4c:192.168.36.107:44802, 8d6dfb4d-ac2d-4667-923e-2456b7752667:192.168.36.107:39502], old=null
2019-08-28 19:58:15,595 [290792b5-0601-45f8-8ac4-f5aeff7db3b3:group-F6AA1ADDA86D:LeaderElection7] INFO  impl.LeaderElection (LeaderElection.java:askForVotes(181)) - 290792b5-0601-45f8-8ac4-f5aeff7db3b3:group-F6AA1ADDA86D:LeaderElection7: begin an election at term 1 for -1: [290792b5-0601-45f8-8ac4-f5aeff7db3b3:192.168.36.107:45120], old=null
2019-08-28 19:58:15,595 [0910cf7c-fddf-4dbf-9167-882adaee21d9:group-431FF9F7F019:LeaderElection10] INFO  impl.LeaderElection (LeaderElection.java:askForVotes(181)) - 0910cf7c-fddf-4dbf-9167-882adaee21d9:group-431FF9F7F019:LeaderElection10: begin an election at term 1 for -1: [0910cf7c-fddf-4dbf-9167-882adaee21d9:192.168.36.107:43526, fecaf1a5-1262-4037-b784-d9920b122a4c:192.168.36.107:44802, 8d6dfb4d-ac2d-4667-923e-2456b7752667:192.168.36.107:39502], old=null
2019-08-28 19:58:15,596 [290792b5-0601-45f8-8ac4-f5aeff7db3b3:group-F6AA1ADDA86D:LeaderElection7] INFO  impl.RoleInfo (RoleInfo.java:shutdownLeaderElection(134)) - 290792b5-0601-45f8-8ac4-f5aeff7db3b3: shutdown LeaderElection
2019-08-28 19:58:15,595 [fecaf1a5-1262-4037-b784-d9920b122a4c:group-431FF9F7F019:LeaderElection9] INFO  impl.LeaderElection (LeaderElection.java:askForVotes(181)) - fecaf1a5-1262-4037-b784-d9920b122a4c:group-431FF9F7F019:LeaderElection9: begin an election at term 1 for -1: [0910cf7c-fddf-4dbf-9167-882adaee21d9:192.168.36.107:43526, fecaf1a5-1262-4037-b784-d9920b122a4c:192.168.36.107:44802, 8d6dfb4d-ac2d-4667-923e-2456b7752667:192.168.36.107:39502], old=null
2019-08-28 19:58:15,596 [290792b5-0601-45f8-8ac4-f5aeff7db3b3:group-F6AA1ADDA86D:LeaderElection7] INFO  impl.RaftServerImpl (RaftServerImpl.java:setRole(171)) - 290792b5-0601-45f8-8ac4-f5aeff7db3b3:group-F6AA1ADDA86D changes role from CANDIDATE to LEADER at term 1 for changeToLeader
2019-08-28 19:58:15,596 [290792b5-0601-45f8-8ac4-f5aeff7db3b3:group-F6AA1ADDA86D:LeaderElection7] INFO  impl.RaftServerImpl (ServerState.java:setLeader(263)) - 290792b5-0601-45f8-8ac4-f5aeff7db3b3:group-F6AA1ADDA86D change Leader from null to 290792b5-0601-45f8-8ac4-f5aeff7db3b3 at term 1 for becomeLeader, leader elected after 5442ms
2019-08-28 19:58:15,600 [290792b5-0601-45f8-8ac4-f5aeff7db3b3:group-F6AA1ADDA86D:LeaderElection7] INFO  server.RaftServerConfigKeys (ConfUtils.java:logGet(43)) - raft.server.staging.catchup.gap = 1000 (default)
2019-08-28 19:58:15,601 [290792b5-0601-45f8-8ac4-f5aeff7db3b3:group-F6AA1ADDA86D:LeaderElection7] INFO  server.RaftServerConfigKeys (ConfUtils.java:logGet(43)) - raft.server.rpc.sleep.time = 25ms (default)
2019-08-28 19:58:15,601 [290792b5-0601-45f8-8ac4-f5aeff7db3b3:group-F6AA1ADDA86D:LeaderElection7] INFO  server.RaftServerConfigKeys (ConfUtils.java:logGet(43)) - raft.server.write.element-limit = 4096 (default)
2019-08-28 19:58:15,601 [290792b5-0601-45f8-8ac4-f5aeff7db3b3:group-F6AA1ADDA86D:LeaderElection7] INFO  server.RaftServerConfigKeys (ConfUtils.java:logGet(43)) - raft.server.watch.timeout = 10s (default)
2019-08-28 19:58:15,601 [290792b5-0601-45f8-8ac4-f5aeff7db3b3:group-F6AA1ADDA86D:LeaderElection7] INFO  server.RaftServerConfigKeys (ConfUtils.java:logGet(43)) - raft.server.watch.timeout.denomination = 1s (default)
2019-08-28 19:58:15,601 [290792b5-0601-45f8-8ac4-f5aeff7db3b3:group-F6AA1ADDA86D:LeaderElection7] INFO  server.RaftServerConfigKeys (ConfUtils.java:logGet(43)) - raft.server.watch.element-limit = 65536 (default)
2019-08-28 19:58:15,602 [290792b5-0601-45f8-8ac4-f5aeff7db3b3:group-F6AA1ADDA86D:LeaderElection7] INFO  impl.RoleInfo (RoleInfo.java:updateAndGet(143)) - 290792b5-0601-45f8-8ac4-f5aeff7db3b3: start LeaderState
2019-08-28 19:58:15,602 [290792b5-0601-45f8-8ac4-f5aeff7db3b3:group-F6AA1ADDA86D:LeaderElection7] INFO  segmented.SegmentedRaftLogWorker (SegmentedRaftLogWorker.java:startLogSegment(380)) - 290792b5-0601-45f8-8ac4-f5aeff7db3b3-SegmentedRaftLogWorker:Storage Directory /workdir/hadoop-ozone/integration-test/target/test-dir/MiniOzoneClusterImpl-d1bd8377-0706-4af8-a373-5017138d6a8c/datanode-2/data/ratis/73452b1e-0101-4d71-be9b-f6aa1adda86d: Starting segment from index:0
2019-08-28 19:58:15,603 [290792b5-0601-45f8-8ac4-f5aeff7db3b3:group-F6AA1ADDA86D:LeaderElection7] INFO  impl.RaftServerImpl (ServerState.java:setRaftConf(361)) - 290792b5-0601-45f8-8ac4-f5aeff7db3b3:group-F6AA1ADDA86D set configuration 0: [290792b5-0601-45f8-8ac4-f5aeff7db3b3:192.168.36.107:45120], old=null at 0
2019-08-28 19:58:15,629 [Thread-276] INFO  impl.FollowerState (FollowerState.java:run(106)) - 03db8954-5a6e-4042-b4a9-1698a7ceec96:group-895152873A87 changes to CANDIDATE, lastRpcTime:5061, electionTimeout:5043ms
2019-08-28 19:58:15,629 [Thread-276] INFO  impl.RoleInfo (RoleInfo.java:shutdownFollowerState(121)) - 03db8954-5a6e-4042-b4a9-1698a7ceec96: shutdown FollowerState
2019-08-28 19:58:15,629 [Thread-276] INFO  impl.RaftServerImpl (RaftServerImpl.java:setRole(171)) - 03db8954-5a6e-4042-b4a9-1698a7ceec96:group-895152873A87 changes role from FOLLOWER to CANDIDATE at term 0 for changeToCandidate
2019-08-28 19:58:15,629 [Thread-276] INFO  impl.RoleInfo (RoleInfo.java:updateAndGet(143)) - 03db8954-5a6e-4042-b4a9-1698a7ceec96: start LeaderElection
2019-08-28 19:58:15,631 [Thread-273] INFO  impl.FollowerState (FollowerState.java:run(106)) - fddc83f5-527c-4a7f-9235-bb7c7f8c2a55:group-895152873A87 changes to CANDIDATE, lastRpcTime:5071, electionTimeout:5070ms
2019-08-28 19:58:15,635 [Thread-273] INFO  impl.RoleInfo (RoleInfo.java:shutdownFollowerState(121)) - fddc83f5-527c-4a7f-9235-bb7c7f8c2a55: shutdown FollowerState
2019-08-28 19:58:15,635 [Thread-273] INFO  impl.RaftServerImpl (RaftServerImpl.java:setRole(171)) - fddc83f5-527c-4a7f-9235-bb7c7f8c2a55:group-895152873A87 changes role from FOLLOWER to CANDIDATE at term 0 for changeToCandidate
2019-08-28 19:58:15,635 [Thread-273] INFO  impl.RoleInfo (RoleInfo.java:updateAndGet(143)) - fddc83f5-527c-4a7f-9235-bb7c7f8c2a55: start LeaderElection
2019-08-28 19:58:15,657 [Thread-270] INFO  impl.FollowerState (FollowerState.java:run(106)) - f3efc612-2d1c-41da-bcd1-cee0352e8d6a:group-895152873A87 changes to CANDIDATE, lastRpcTime:5099, electionTimeout:5093ms
2019-08-28 19:58:15,657 [Thread-270] INFO  impl.RoleInfo (RoleInfo.java:shutdownFollowerState(121)) - f3efc612-2d1c-41da-bcd1-cee0352e8d6a: shutdown FollowerState
2019-08-28 19:58:15,657 [Thread-270] INFO  impl.RaftServerImpl (RaftServerImpl.java:setRole(171)) - f3efc612-2d1c-41da-bcd1-cee0352e8d6a:group-895152873A87 changes role from FOLLOWER to CANDIDATE at term 0 for changeToCandidate
2019-08-28 19:58:15,658 [Thread-270] INFO  impl.RoleInfo (RoleInfo.java:updateAndGet(143)) - f3efc612-2d1c-41da-bcd1-cee0352e8d6a: start LeaderElection
2019-08-28 19:58:15,673 | INFO  | SCMAudit | user=jenkins1000 | ip=192.168.36.107 | op=SEND_HEARTBEAT {datanodeUUID=f3efc612-2d1c-41da-bcd1-cee0352e8d6a, command=[]} | ret=SUCCESS |  
2019-08-28 19:58:15,730 [fecaf1a5-1262-4037-b784-d9920b122a4c:group-431FF9F7F019:LeaderElection9] INFO  impl.LeaderElection (LeaderElection.java:logAndReturn(56)) - fecaf1a5-1262-4037-b784-d9920b122a4c:group-431FF9F7F019:LeaderElection9: Election REJECTED; received 2 response(s) [fecaf1a5-1262-4037-b784-d9920b122a4c<-0910cf7c-fddf-4dbf-9167-882adaee21d9#0:FAIL-t1, fecaf1a5-1262-4037-b784-d9920b122a4c<-8d6dfb4d-ac2d-4667-923e-2456b7752667#0:FAIL-t1] and 0 exception(s); fecaf1a5-1262-4037-b784-d9920b122a4c:t1, leader=null, voted=fecaf1a5-1262-4037-b784-d9920b122a4c, raftlog=fecaf1a5-1262-4037-b784-d9920b122a4c-SegmentedRaftLog:OPENED:c-1,f-1,i0, conf=-1: [0910cf7c-fddf-4dbf-9167-882adaee21d9:192.168.36.107:43526, fecaf1a5-1262-4037-b784-d9920b122a4c:192.168.36.107:44802, 8d6dfb4d-ac2d-4667-923e-2456b7752667:192.168.36.107:39502], old=null
2019-08-28 19:58:15,730 [0910cf7c-fddf-4dbf-9167-882adaee21d9:group-431FF9F7F019:LeaderElection10] INFO  impl.LeaderElection (LeaderElection.java:logAndReturn(56)) - 0910cf7c-fddf-4dbf-9167-882adaee21d9:group-431FF9F7F019:LeaderElection10: Election REJECTED; received 2 response(s) [0910cf7c-fddf-4dbf-9167-882adaee21d9<-fecaf1a5-1262-4037-b784-d9920b122a4c#0:FAIL-t1, 0910cf7c-fddf-4dbf-9167-882adaee21d9<-8d6dfb4d-ac2d-4667-923e-2456b7752667#0:FAIL-t1] and 0 exception(s); 0910cf7c-fddf-4dbf-9167-882adaee21d9:t1, leader=null, voted=0910cf7c-fddf-4dbf-9167-882adaee21d9, raftlog=0910cf7c-fddf-4dbf-9167-882adaee21d9-SegmentedRaftLog:OPENED:c-1,f-1,i0, conf=-1: [0910cf7c-fddf-4dbf-9167-882adaee21d9:192.168.36.107:43526, fecaf1a5-1262-4037-b784-d9920b122a4c:192.168.36.107:44802, 8d6dfb4d-ac2d-4667-923e-2456b7752667:192.168.36.107:39502], old=null
2019-08-28 19:58:15,730 [8d6dfb4d-ac2d-4667-923e-2456b7752667:group-431FF9F7F019:LeaderElection8] INFO  impl.LeaderElection (LeaderElection.java:logAndReturn(56)) - 8d6dfb4d-ac2d-4667-923e-2456b7752667:group-431FF9F7F019:LeaderElection8: Election REJECTED; received 2 response(s) [8d6dfb4d-ac2d-4667-923e-2456b7752667<-0910cf7c-fddf-4dbf-9167-882adaee21d9#0:FAIL-t1, 8d6dfb4d-ac2d-4667-923e-2456b7752667<-fecaf1a5-1262-4037-b784-d9920b122a4c#0:FAIL-t1] and 0 exception(s); 8d6dfb4d-ac2d-4667-923e-2456b7752667:t1, leader=null, voted=8d6dfb4d-ac2d-4667-923e-2456b7752667, raftlog=8d6dfb4d-ac2d-4667-923e-2456b7752667-SegmentedRaftLog:OPENED:c-1,f-1,i0, conf=-1: [0910cf7c-fddf-4dbf-9167-882adaee21d9:192.168.36.107:43526, fecaf1a5-1262-4037-b784-d9920b122a4c:192.168.36.107:44802, 8d6dfb4d-ac2d-4667-923e-2456b7752667:192.168.36.107:39502], old=null
2019-08-28 19:58:15,740 [0910cf7c-fddf-4dbf-9167-882adaee21d9:group-431FF9F7F019:LeaderElection10] INFO  impl.RaftServerImpl (RaftServerImpl.java:setRole(171)) - 0910cf7c-fddf-4dbf-9167-882adaee21d9:group-431FF9F7F019 changes role from CANDIDATE to FOLLOWER at term 1 for DISCOVERED_A_NEW_TERM
2019-08-28 19:58:15,741 [8d6dfb4d-ac2d-4667-923e-2456b7752667:group-431FF9F7F019:LeaderElection8] INFO  impl.RaftServerImpl (RaftServerImpl.java:setRole(171)) - 8d6dfb4d-ac2d-4667-923e-2456b7752667:group-431FF9F7F019 changes role from CANDIDATE to FOLLOWER at term 1 for DISCOVERED_A_NEW_TERM
2019-08-28 19:58:15,742 [0910cf7c-fddf-4dbf-9167-882adaee21d9:group-431FF9F7F019:LeaderElection10] INFO  impl.RoleInfo (RoleInfo.java:shutdownLeaderElection(134)) - 0910cf7c-fddf-4dbf-9167-882adaee21d9: shutdown LeaderElection
2019-08-28 19:58:15,741 [fecaf1a5-1262-4037-b784-d9920b122a4c:group-431FF9F7F019:LeaderElection9] INFO  impl.RaftServerImpl (RaftServerImpl.java:setRole(171)) - fecaf1a5-1262-4037-b784-d9920b122a4c:group-431FF9F7F019 changes role from CANDIDATE to FOLLOWER at term 1 for DISCOVERED_A_NEW_TERM
2019-08-28 19:58:15,742 [8d6dfb4d-ac2d-4667-923e-2456b7752667:group-431FF9F7F019:LeaderElection8] INFO  impl.RoleInfo (RoleInfo.java:shutdownLeaderElection(134)) - 8d6dfb4d-ac2d-4667-923e-2456b7752667: shutdown LeaderElection
2019-08-28 19:58:15,743 [0910cf7c-fddf-4dbf-9167-882adaee21d9:group-431FF9F7F019:LeaderElection10] INFO  impl.RoleInfo (RoleInfo.java:updateAndGet(143)) - 0910cf7c-fddf-4dbf-9167-882adaee21d9: start FollowerState
2019-08-28 19:58:15,743 [fecaf1a5-1262-4037-b784-d9920b122a4c:group-431FF9F7F019:LeaderElection9] INFO  impl.RoleInfo (RoleInfo.java:shutdownLeaderElection(134)) - fecaf1a5-1262-4037-b784-d9920b122a4c: shutdown LeaderElection
2019-08-28 19:58:15,743 [8d6dfb4d-ac2d-4667-923e-2456b7752667:group-431FF9F7F019:LeaderElection8] INFO  impl.RoleInfo (RoleInfo.java:updateAndGet(143)) - 8d6dfb4d-ac2d-4667-923e-2456b7752667: start FollowerState
2019-08-28 19:58:15,744 [fecaf1a5-1262-4037-b784-d9920b122a4c:group-431FF9F7F019:LeaderElection9] INFO  impl.RoleInfo (RoleInfo.java:updateAndGet(143)) - fecaf1a5-1262-4037-b784-d9920b122a4c: start FollowerState
2019-08-28 19:58:15,758 [grpc-default-executor-5] INFO  client.GrpcClientProtocolClient (GrpcClientProtocolClient.java:onNext(255)) - client-98A8F4328EF1->0910cf7c-fddf-4dbf-9167-882adaee21d9: receive RaftClientReply:client-98A8F4328EF1->0910cf7c-fddf-4dbf-9167-882adaee21d9@group-431FF9F7F019, cid=13, FAILED org.apache.ratis.protocol.NotLeaderException: Server 0910cf7c-fddf-4dbf-9167-882adaee21d9 is not the leader (null). Request must be sent to leader., logIndex=0, commits[0910cf7c-fddf-4dbf-9167-882adaee21d9:c-1]
2019-08-28 19:58:15,767 | INFO  | SCMAudit | user=jenkins1000 | ip=192.168.36.107 | op=SEND_HEARTBEAT {datanodeUUID=290792b5-0601-45f8-8ac4-f5aeff7db3b3, command=[]} | ret=SUCCESS |  
2019-08-28 19:58:15,793 [290792b5-0601-45f8-8ac4-f5aeff7db3b3-SegmentedRaftLogWorker:Storage Directory /workdir/hadoop-ozone/integration-test/target/test-dir/MiniOzoneClusterImpl-d1bd8377-0706-4af8-a373-5017138d6a8c/datanode-2/data/ratis/73452b1e-0101-4d71-be9b-f6aa1adda86d] INFO  segmented.SegmentedRaftLogWorker (SegmentedRaftLogWorker.java:execute(569)) - 290792b5-0601-45f8-8ac4-f5aeff7db3b3-SegmentedRaftLogWorker:Storage Directory /workdir/hadoop-ozone/integration-test/target/test-dir/MiniOzoneClusterImpl-d1bd8377-0706-4af8-a373-5017138d6a8c/datanode-2/data/ratis/73452b1e-0101-4d71-be9b-f6aa1adda86d: created new log segment /workdir/hadoop-ozone/integration-test/target/test-dir/MiniOzoneClusterImpl-d1bd8377-0706-4af8-a373-5017138d6a8c/datanode-2/data/ratis/73452b1e-0101-4d71-be9b-f6aa1adda86d/current/log_inprogress_0
2019-08-28 19:58:15,793 [fddc83f5-527c-4a7f-9235-bb7c7f8c2a55:group-895152873A87:LeaderElection12] INFO  impl.LeaderElection (LeaderElection.java:askForVotes(181)) - fddc83f5-527c-4a7f-9235-bb7c7f8c2a55:group-895152873A87:LeaderElection12: begin an election at term 1 for -1: [03db8954-5a6e-4042-b4a9-1698a7ceec96:192.168.36.107:43464, f3efc612-2d1c-41da-bcd1-cee0352e8d6a:192.168.36.107:43779, fddc83f5-527c-4a7f-9235-bb7c7f8c2a55:192.168.36.107:43102], old=null
2019-08-28 19:58:15,793 [03db8954-5a6e-4042-b4a9-1698a7ceec96:group-895152873A87:LeaderElection11] INFO  impl.LeaderElection (LeaderElection.java:askForVotes(181)) - 03db8954-5a6e-4042-b4a9-1698a7ceec96:group-895152873A87:LeaderElection11: begin an election at term 1 for -1: [03db8954-5a6e-4042-b4a9-1698a7ceec96:192.168.36.107:43464, f3efc612-2d1c-41da-bcd1-cee0352e8d6a:192.168.36.107:43779, fddc83f5-527c-4a7f-9235-bb7c7f8c2a55:192.168.36.107:43102], old=null
2019-08-28 19:58:15,793 [f3efc612-2d1c-41da-bcd1-cee0352e8d6a:group-895152873A87:LeaderElection13] INFO  impl.LeaderElection (LeaderElection.java:askForVotes(181)) - f3efc612-2d1c-41da-bcd1-cee0352e8d6a:group-895152873A87:LeaderElection13: begin an election at term 1 for -1: [03db8954-5a6e-4042-b4a9-1698a7ceec96:192.168.36.107:43464, f3efc612-2d1c-41da-bcd1-cee0352e8d6a:192.168.36.107:43779, fddc83f5-527c-4a7f-9235-bb7c7f8c2a55:192.168.36.107:43102], old=null
2019-08-28 19:58:15,824 [03db8954-5a6e-4042-b4a9-1698a7ceec96:group-895152873A87:LeaderElection11] INFO  impl.LeaderElection (LeaderElection.java:logAndReturn(56)) - 03db8954-5a6e-4042-b4a9-1698a7ceec96:group-895152873A87:LeaderElection11: Election REJECTED; received 2 response(s) [03db8954-5a6e-4042-b4a9-1698a7ceec96<-f3efc612-2d1c-41da-bcd1-cee0352e8d6a#0:FAIL-t1, 03db8954-5a6e-4042-b4a9-1698a7ceec96<-fddc83f5-527c-4a7f-9235-bb7c7f8c2a55#0:FAIL-t1] and 0 exception(s); 03db8954-5a6e-4042-b4a9-1698a7ceec96:t1, leader=null, voted=03db8954-5a6e-4042-b4a9-1698a7ceec96, raftlog=03db8954-5a6e-4042-b4a9-1698a7ceec96-SegmentedRaftLog:OPENED:c-1,f-1,i0, conf=-1: [03db8954-5a6e-4042-b4a9-1698a7ceec96:192.168.36.107:43464, f3efc612-2d1c-41da-bcd1-cee0352e8d6a:192.168.36.107:43779, fddc83f5-527c-4a7f-9235-bb7c7f8c2a55:192.168.36.107:43102], old=null
2019-08-28 19:58:15,826 [03db8954-5a6e-4042-b4a9-1698a7ceec96:group-895152873A87:LeaderElection11] INFO  impl.RaftServerImpl (RaftServerImpl.java:setRole(171)) - 03db8954-5a6e-4042-b4a9-1698a7ceec96:group-895152873A87 changes role from CANDIDATE to FOLLOWER at term 1 for DISCOVERED_A_NEW_TERM
2019-08-28 19:58:15,826 [03db8954-5a6e-4042-b4a9-1698a7ceec96:group-895152873A87:LeaderElection11] INFO  impl.RoleInfo (RoleInfo.java:shutdownLeaderElection(134)) - 03db8954-5a6e-4042-b4a9-1698a7ceec96: shutdown LeaderElection
2019-08-28 19:58:15,829 [03db8954-5a6e-4042-b4a9-1698a7ceec96:group-895152873A87:LeaderElection11] INFO  impl.RoleInfo (RoleInfo.java:updateAndGet(143)) - 03db8954-5a6e-4042-b4a9-1698a7ceec96: start FollowerState
2019-08-28 19:58:15,833 [fddc83f5-527c-4a7f-9235-bb7c7f8c2a55:group-895152873A87:LeaderElection12] INFO  impl.LeaderElection (LeaderElection.java:logAndReturn(56)) - fddc83f5-527c-4a7f-9235-bb7c7f8c2a55:group-895152873A87:LeaderElection12: Election REJECTED; received 2 response(s) [fddc83f5-527c-4a7f-9235-bb7c7f8c2a55<-03db8954-5a6e-4042-b4a9-1698a7ceec96#0:FAIL-t1, fddc83f5-527c-4a7f-9235-bb7c7f8c2a55<-f3efc612-2d1c-41da-bcd1-cee0352e8d6a#0:FAIL-t1] and 0 exception(s); fddc83f5-527c-4a7f-9235-bb7c7f8c2a55:t1, leader=null, voted=fddc83f5-527c-4a7f-9235-bb7c7f8c2a55, raftlog=fddc83f5-527c-4a7f-9235-bb7c7f8c2a55-SegmentedRaftLog:OPENED:c-1,f-1,i0, conf=-1: [03db8954-5a6e-4042-b4a9-1698a7ceec96:192.168.36.107:43464, f3efc612-2d1c-41da-bcd1-cee0352e8d6a:192.168.36.107:43779, fddc83f5-527c-4a7f-9235-bb7c7f8c2a55:192.168.36.107:43102], old=null
2019-08-28 19:58:15,834 [fddc83f5-527c-4a7f-9235-bb7c7f8c2a55:group-895152873A87:LeaderElection12] INFO  impl.RaftServerImpl (RaftServerImpl.java:setRole(171)) - fddc83f5-527c-4a7f-9235-bb7c7f8c2a55:group-895152873A87 changes role from CANDIDATE to FOLLOWER at term 1 for DISCOVERED_A_NEW_TERM
2019-08-28 19:58:15,840 [fddc83f5-527c-4a7f-9235-bb7c7f8c2a55:group-895152873A87:LeaderElection12] INFO  impl.RoleInfo (RoleInfo.java:shutdownLeaderElection(134)) - fddc83f5-527c-4a7f-9235-bb7c7f8c2a55: shutdown LeaderElection
2019-08-28 19:58:15,840 [fddc83f5-527c-4a7f-9235-bb7c7f8c2a55:group-895152873A87:LeaderElection12] INFO  impl.RoleInfo (RoleInfo.java:updateAndGet(143)) - fddc83f5-527c-4a7f-9235-bb7c7f8c2a55: start FollowerState
2019-08-28 19:58:15,840 [f3efc612-2d1c-41da-bcd1-cee0352e8d6a:group-895152873A87:LeaderElection13] INFO  impl.LeaderElection (LeaderElection.java:logAndReturn(56)) - f3efc612-2d1c-41da-bcd1-cee0352e8d6a:group-895152873A87:LeaderElection13: Election REJECTED; received 2 response(s) [f3efc612-2d1c-41da-bcd1-cee0352e8d6a<-03db8954-5a6e-4042-b4a9-1698a7ceec96#0:FAIL-t1, f3efc612-2d1c-41da-bcd1-cee0352e8d6a<-fddc83f5-527c-4a7f-9235-bb7c7f8c2a55#0:FAIL-t1] and 0 exception(s); f3efc612-2d1c-41da-bcd1-cee0352e8d6a:t1, leader=null, voted=f3efc612-2d1c-41da-bcd1-cee0352e8d6a, raftlog=f3efc612-2d1c-41da-bcd1-cee0352e8d6a-SegmentedRaftLog:OPENED:c-1,f-1,i0, conf=-1: [03db8954-5a6e-4042-b4a9-1698a7ceec96:192.168.36.107:43464, f3efc612-2d1c-41da-bcd1-cee0352e8d6a:192.168.36.107:43779, fddc83f5-527c-4a7f-9235-bb7c7f8c2a55:192.168.36.107:43102], old=null
2019-08-28 19:58:15,842 [f3efc612-2d1c-41da-bcd1-cee0352e8d6a:group-895152873A87:LeaderElection13] INFO  impl.RaftServerImpl (RaftServerImpl.java:setRole(171)) - f3efc612-2d1c-41da-bcd1-cee0352e8d6a:group-895152873A87 changes role from CANDIDATE to FOLLOWER at term 1 for DISCOVERED_A_NEW_TERM
2019-08-28 19:58:15,842 [f3efc612-2d1c-41da-bcd1-cee0352e8d6a:group-895152873A87:LeaderElection13] INFO  impl.RoleInfo (RoleInfo.java:shutdownLeaderElection(134)) - f3efc612-2d1c-41da-bcd1-cee0352e8d6a: shutdown LeaderElection
2019-08-28 19:58:15,842 [f3efc612-2d1c-41da-bcd1-cee0352e8d6a:group-895152873A87:LeaderElection13] INFO  impl.RoleInfo (RoleInfo.java:updateAndGet(143)) - f3efc612-2d1c-41da-bcd1-cee0352e8d6a: start FollowerState
2019-08-28 19:58:15,843 | INFO  | SCMAudit | user=jenkins1000 | ip=192.168.36.107 | op=SEND_HEARTBEAT {datanodeUUID=fecaf1a5-1262-4037-b784-d9920b122a4c, command=[]} | ret=SUCCESS |  
2019-08-28 19:58:15,935 | INFO  | SCMAudit | user=jenkins1000 | ip=192.168.36.107 | op=SEND_HEARTBEAT {datanodeUUID=03db8954-5a6e-4042-b4a9-1698a7ceec96, command=[]} | ret=SUCCESS |  
2019-08-28 19:58:16,026 | INFO  | SCMAudit | user=jenkins1000 | ip=192.168.36.107 | op=SEND_HEARTBEAT {datanodeUUID=0910cf7c-fddf-4dbf-9167-882adaee21d9, command=[]} | ret=SUCCESS |  
2019-08-28 19:58:16,555 | INFO  | SCMAudit | user=jenkins1000 | ip=192.168.36.107 | op=SEND_HEARTBEAT {datanodeUUID=fddc83f5-527c-4a7f-9235-bb7c7f8c2a55, command=[]} | ret=SUCCESS |  
2019-08-28 19:58:16,565 | INFO  | SCMAudit | user=jenkins1000 | ip=192.168.36.107 | op=SEND_HEARTBEAT {datanodeUUID=8d6dfb4d-ac2d-4667-923e-2456b7752667, command=[]} | ret=SUCCESS |  
2019-08-28 19:58:16,673 | INFO  | SCMAudit | user=jenkins1000 | ip=192.168.36.107 | op=SEND_HEARTBEAT {datanodeUUID=f3efc612-2d1c-41da-bcd1-cee0352e8d6a, command=[]} | ret=SUCCESS |  
2019-08-28 19:58:16,768 | INFO  | SCMAudit | user=jenkins1000 | ip=192.168.36.107 | op=SEND_HEARTBEAT {datanodeUUID=290792b5-0601-45f8-8ac4-f5aeff7db3b3, command=[]} | ret=SUCCESS |  
2019-08-28 19:58:16,779 [grpc-default-executor-0] INFO  client.GrpcClientProtocolClient (GrpcClientProtocolClient.java:onNext(255)) - client-98A8F4328EF1->8d6dfb4d-ac2d-4667-923e-2456b7752667: receive RaftClientReply:client-98A8F4328EF1->8d6dfb4d-ac2d-4667-923e-2456b7752667@group-431FF9F7F019, cid=13, FAILED org.apache.ratis.protocol.NotLeaderException: Server 8d6dfb4d-ac2d-4667-923e-2456b7752667 is not the leader (null). Request must be sent to leader., logIndex=0, commits[8d6dfb4d-ac2d-4667-923e-2456b7752667:c-1]
2019-08-28 19:58:16,844 | INFO  | SCMAudit | user=jenkins1000 | ip=192.168.36.107 | op=SEND_HEARTBEAT {datanodeUUID=fecaf1a5-1262-4037-b784-d9920b122a4c, command=[]} | ret=SUCCESS |  
2019-08-28 19:58:16,936 | INFO  | SCMAudit | user=jenkins1000 | ip=192.168.36.107 | op=SEND_HEARTBEAT {datanodeUUID=03db8954-5a6e-4042-b4a9-1698a7ceec96, command=[]} | ret=SUCCESS |  
2019-08-28 19:58:17,027 | INFO  | SCMAudit | user=jenkins1000 | ip=192.168.36.107 | op=SEND_HEARTBEAT {datanodeUUID=0910cf7c-fddf-4dbf-9167-882adaee21d9, command=[]} | ret=SUCCESS |  
2019-08-28 19:58:17,554 | INFO  | SCMAudit | user=jenkins1000 | ip=192.168.36.107 | op=SEND_HEARTBEAT {datanodeUUID=fddc83f5-527c-4a7f-9235-bb7c7f8c2a55, command=[]} | ret=SUCCESS |  
2019-08-28 19:58:17,565 | INFO  | SCMAudit | user=jenkins1000 | ip=192.168.36.107 | op=SEND_HEARTBEAT {datanodeUUID=8d6dfb4d-ac2d-4667-923e-2456b7752667, command=[]} | ret=SUCCESS |  
2019-08-28 19:58:17,674 | INFO  | SCMAudit | user=jenkins1000 | ip=192.168.36.107 | op=SEND_HEARTBEAT {datanodeUUID=f3efc612-2d1c-41da-bcd1-cee0352e8d6a, command=[]} | ret=SUCCESS |  
2019-08-28 19:58:17,768 | INFO  | SCMAudit | user=jenkins1000 | ip=192.168.36.107 | op=SEND_HEARTBEAT {datanodeUUID=290792b5-0601-45f8-8ac4-f5aeff7db3b3, command=[]} | ret=SUCCESS |  
2019-08-28 19:58:17,801 [grpc-default-executor-2] INFO  client.GrpcClientProtocolClient (GrpcClientProtocolClient.java:onNext(255)) - client-98A8F4328EF1->fecaf1a5-1262-4037-b784-d9920b122a4c: receive RaftClientReply:client-98A8F4328EF1->fecaf1a5-1262-4037-b784-d9920b122a4c@group-431FF9F7F019, cid=13, FAILED org.apache.ratis.protocol.NotLeaderException: Server fecaf1a5-1262-4037-b784-d9920b122a4c is not the leader (null). Request must be sent to leader., logIndex=0, commits[fecaf1a5-1262-4037-b784-d9920b122a4c:c-1]
2019-08-28 19:58:17,842 | INFO  | SCMAudit | user=jenkins1000 | ip=192.168.36.107 | op=SEND_HEARTBEAT {datanodeUUID=fecaf1a5-1262-4037-b784-d9920b122a4c, command=[]} | ret=SUCCESS |  
2019-08-28 19:58:17,936 | INFO  | SCMAudit | user=jenkins1000 | ip=192.168.36.107 | op=SEND_HEARTBEAT {datanodeUUID=03db8954-5a6e-4042-b4a9-1698a7ceec96, command=[]} | ret=SUCCESS |  
2019-08-28 19:58:18,026 | INFO  | SCMAudit | user=jenkins1000 | ip=192.168.36.107 | op=SEND_HEARTBEAT {datanodeUUID=0910cf7c-fddf-4dbf-9167-882adaee21d9, command=[]} | ret=SUCCESS |  
2019-08-28 19:58:18,555 | INFO  | SCMAudit | user=jenkins1000 | ip=192.168.36.107 | op=SEND_HEARTBEAT {datanodeUUID=fddc83f5-527c-4a7f-9235-bb7c7f8c2a55, command=[]} | ret=SUCCESS |  
2019-08-28 19:58:18,565 | INFO  | SCMAudit | user=jenkins1000 | ip=192.168.36.107 | op=SEND_HEARTBEAT {datanodeUUID=8d6dfb4d-ac2d-4667-923e-2456b7752667, command=[]} | ret=SUCCESS |  
2019-08-28 19:58:18,672 | INFO  | SCMAudit | user=jenkins1000 | ip=192.168.36.107 | op=SEND_HEARTBEAT {datanodeUUID=f3efc612-2d1c-41da-bcd1-cee0352e8d6a, command=[]} | ret=SUCCESS |  
2019-08-28 19:58:18,768 | INFO  | SCMAudit | user=jenkins1000 | ip=192.168.36.107 | op=SEND_HEARTBEAT {datanodeUUID=290792b5-0601-45f8-8ac4-f5aeff7db3b3, command=[]} | ret=SUCCESS |  
2019-08-28 19:58:18,822 [grpc-default-executor-0] INFO  client.GrpcClientProtocolClient (GrpcClientProtocolClient.java:onNext(255)) - client-98A8F4328EF1->0910cf7c-fddf-4dbf-9167-882adaee21d9: receive RaftClientReply:client-98A8F4328EF1->0910cf7c-fddf-4dbf-9167-882adaee21d9@group-431FF9F7F019, cid=13, FAILED org.apache.ratis.protocol.NotLeaderException: Server 0910cf7c-fddf-4dbf-9167-882adaee21d9 is not the leader (null). Request must be sent to leader., logIndex=0, commits[0910cf7c-fddf-4dbf-9167-882adaee21d9:c-1]
2019-08-28 19:58:18,843 | INFO  | SCMAudit | user=jenkins1000 | ip=192.168.36.107 | op=SEND_HEARTBEAT {datanodeUUID=fecaf1a5-1262-4037-b784-d9920b122a4c, command=[]} | ret=SUCCESS |  
2019-08-28 19:58:18,936 | INFO  | SCMAudit | user=jenkins1000 | ip=192.168.36.107 | op=SEND_HEARTBEAT {datanodeUUID=03db8954-5a6e-4042-b4a9-1698a7ceec96, command=[]} | ret=SUCCESS |  
2019-08-28 19:58:19,026 | INFO  | SCMAudit | user=jenkins1000 | ip=192.168.36.107 | op=SEND_HEARTBEAT {datanodeUUID=0910cf7c-fddf-4dbf-9167-882adaee21d9, command=[]} | ret=SUCCESS |  
2019-08-28 19:58:19,554 | INFO  | SCMAudit | user=jenkins1000 | ip=192.168.36.107 | op=SEND_HEARTBEAT {datanodeUUID=fddc83f5-527c-4a7f-9235-bb7c7f8c2a55, command=[]} | ret=SUCCESS |  
2019-08-28 19:58:19,565 | INFO  | SCMAudit | user=jenkins1000 | ip=192.168.36.107 | op=SEND_HEARTBEAT {datanodeUUID=8d6dfb4d-ac2d-4667-923e-2456b7752667, command=[]} | ret=SUCCESS |  
2019-08-28 19:58:19,673 | INFO  | SCMAudit | user=jenkins1000 | ip=192.168.36.107 | op=SEND_HEARTBEAT {datanodeUUID=f3efc612-2d1c-41da-bcd1-cee0352e8d6a, command=[]} | ret=SUCCESS |  
2019-08-28 19:58:19,771 | INFO  | SCMAudit | user=jenkins1000 | ip=192.168.36.107 | op=SEND_HEARTBEAT {datanodeUUID=290792b5-0601-45f8-8ac4-f5aeff7db3b3, command=[]} | ret=SUCCESS |  
2019-08-28 19:58:19,845 | INFO  | SCMAudit | user=jenkins1000 | ip=192.168.36.107 | op=SEND_HEARTBEAT {datanodeUUID=fecaf1a5-1262-4037-b784-d9920b122a4c, command=[]} | ret=SUCCESS |  
2019-08-28 19:58:19,845 [grpc-default-executor-0] INFO  client.GrpcClientProtocolClient (GrpcClientProtocolClient.java:onNext(255)) - client-98A8F4328EF1->fecaf1a5-1262-4037-b784-d9920b122a4c: receive RaftClientReply:client-98A8F4328EF1->fecaf1a5-1262-4037-b784-d9920b122a4c@group-431FF9F7F019, cid=13, FAILED org.apache.ratis.protocol.NotLeaderException: Server fecaf1a5-1262-4037-b784-d9920b122a4c is not the leader (null). Request must be sent to leader., logIndex=0, commits[fecaf1a5-1262-4037-b784-d9920b122a4c:c-1]
2019-08-28 19:58:19,936 | INFO  | SCMAudit | user=jenkins1000 | ip=192.168.36.107 | op=SEND_HEARTBEAT {datanodeUUID=03db8954-5a6e-4042-b4a9-1698a7ceec96, command=[]} | ret=SUCCESS |  
2019-08-28 19:58:20,026 | INFO  | SCMAudit | user=jenkins1000 | ip=192.168.36.107 | op=SEND_HEARTBEAT {datanodeUUID=0910cf7c-fddf-4dbf-9167-882adaee21d9, command=[]} | ret=SUCCESS |  
2019-08-28 19:58:20,560 | INFO  | SCMAudit | user=jenkins1000 | ip=192.168.36.107 | op=SEND_HEARTBEAT {datanodeUUID=fddc83f5-527c-4a7f-9235-bb7c7f8c2a55, command=[]} | ret=SUCCESS |  
2019-08-28 19:58:20,565 | INFO  | SCMAudit | user=jenkins1000 | ip=192.168.36.107 | op=SEND_HEARTBEAT {datanodeUUID=8d6dfb4d-ac2d-4667-923e-2456b7752667, command=[]} | ret=SUCCESS |  
2019-08-28 19:58:20,672 | INFO  | SCMAudit | user=jenkins1000 | ip=192.168.36.107 | op=SEND_HEARTBEAT {datanodeUUID=f3efc612-2d1c-41da-bcd1-cee0352e8d6a, command=[]} | ret=SUCCESS |  
2019-08-28 19:58:20,768 | INFO  | SCMAudit | user=jenkins1000 | ip=192.168.36.107 | op=SEND_HEARTBEAT {datanodeUUID=290792b5-0601-45f8-8ac4-f5aeff7db3b3, command=[]} | ret=SUCCESS |  
2019-08-28 19:58:20,845 | INFO  | SCMAudit | user=jenkins1000 | ip=192.168.36.107 | op=SEND_HEARTBEAT {datanodeUUID=fecaf1a5-1262-4037-b784-d9920b122a4c, command=[]} | ret=SUCCESS |  
2019-08-28 19:58:20,845 [Thread-322] INFO  impl.FollowerState (FollowerState.java:run(106)) - fecaf1a5-1262-4037-b784-d9920b122a4c:group-431FF9F7F019 changes to CANDIDATE, lastRpcTime:5100, electionTimeout:5098ms
2019-08-28 19:58:20,849 [Thread-322] INFO  impl.RoleInfo (RoleInfo.java:shutdownFollowerState(121)) - fecaf1a5-1262-4037-b784-d9920b122a4c: shutdown FollowerState
2019-08-28 19:58:20,849 [Thread-322] INFO  impl.RaftServerImpl (RaftServerImpl.java:setRole(171)) - fecaf1a5-1262-4037-b784-d9920b122a4c:group-431FF9F7F019 changes role from FOLLOWER to CANDIDATE at term 1 for changeToCandidate
2019-08-28 19:58:20,849 [Thread-321] INFO  impl.FollowerState (FollowerState.java:run(106)) - 8d6dfb4d-ac2d-4667-923e-2456b7752667:group-431FF9F7F019 changes to CANDIDATE, lastRpcTime:5106, electionTimeout:5102ms
2019-08-28 19:58:20,851 [Thread-321] INFO  impl.RoleInfo (RoleInfo.java:shutdownFollowerState(121)) - 8d6dfb4d-ac2d-4667-923e-2456b7752667: shutdown FollowerState
2019-08-28 19:58:20,851 [Thread-322] INFO  impl.RoleInfo (RoleInfo.java:updateAndGet(143)) - fecaf1a5-1262-4037-b784-d9920b122a4c: start LeaderElection
2019-08-28 19:58:20,851 [Thread-321] INFO  impl.RaftServerImpl (RaftServerImpl.java:setRole(171)) - 8d6dfb4d-ac2d-4667-923e-2456b7752667:group-431FF9F7F019 changes role from FOLLOWER to CANDIDATE at term 1 for changeToCandidate
2019-08-28 19:58:20,854 [Thread-321] INFO  impl.RoleInfo (RoleInfo.java:updateAndGet(143)) - 8d6dfb4d-ac2d-4667-923e-2456b7752667: start LeaderElection
2019-08-28 19:58:20,856 [Thread-332] INFO  impl.FollowerState (FollowerState.java:run(106)) - fddc83f5-527c-4a7f-9235-bb7c7f8c2a55:group-895152873A87 changes to CANDIDATE, lastRpcTime:5016, electionTimeout:5013ms
2019-08-28 19:58:20,856 [Thread-332] INFO  impl.RoleInfo (RoleInfo.java:shutdownFollowerState(121)) - fddc83f5-527c-4a7f-9235-bb7c7f8c2a55: shutdown FollowerState
2019-08-28 19:58:20,857 [Thread-332] INFO  impl.RaftServerImpl (RaftServerImpl.java:setRole(171)) - fddc83f5-527c-4a7f-9235-bb7c7f8c2a55:group-895152873A87 changes role from FOLLOWER to CANDIDATE at term 1 for changeToCandidate
2019-08-28 19:58:20,857 [Thread-332] INFO  impl.RoleInfo (RoleInfo.java:updateAndGet(143)) - fddc83f5-527c-4a7f-9235-bb7c7f8c2a55: start LeaderElection
2019-08-28 19:58:20,873 [grpc-default-executor-2] INFO  client.GrpcClientProtocolClient (GrpcClientProtocolClient.java:onNext(255)) - client-98A8F4328EF1->0910cf7c-fddf-4dbf-9167-882adaee21d9: receive RaftClientReply:client-98A8F4328EF1->0910cf7c-fddf-4dbf-9167-882adaee21d9@group-431FF9F7F019, cid=13, FAILED org.apache.ratis.protocol.NotLeaderException: Server 0910cf7c-fddf-4dbf-9167-882adaee21d9 is not the leader (null). Request must be sent to leader., logIndex=0, commits[0910cf7c-fddf-4dbf-9167-882adaee21d9:c-1]
2019-08-28 19:58:20,873 [Thread-320] INFO  impl.FollowerState (FollowerState.java:run(106)) - 0910cf7c-fddf-4dbf-9167-882adaee21d9:group-431FF9F7F019 changes to CANDIDATE, lastRpcTime:5130, electionTimeout:5128ms
2019-08-28 19:58:20,875 [Thread-320] INFO  impl.RoleInfo (RoleInfo.java:shutdownFollowerState(121)) - 0910cf7c-fddf-4dbf-9167-882adaee21d9: shutdown FollowerState
2019-08-28 19:58:20,878 [Thread-320] INFO  impl.RaftServerImpl (RaftServerImpl.java:setRole(171)) - 0910cf7c-fddf-4dbf-9167-882adaee21d9:group-431FF9F7F019 changes role from FOLLOWER to CANDIDATE at term 1 for changeToCandidate
2019-08-28 19:58:20,878 [Thread-320] INFO  impl.RoleInfo (RoleInfo.java:updateAndGet(143)) - 0910cf7c-fddf-4dbf-9167-882adaee21d9: start LeaderElection
2019-08-28 19:58:20,936 | INFO  | SCMAudit | user=jenkins1000 | ip=192.168.36.107 | op=SEND_HEARTBEAT {datanodeUUID=03db8954-5a6e-4042-b4a9-1698a7ceec96, command=[]} | ret=SUCCESS |  
2019-08-28 19:58:20,960 [Thread-333] INFO  impl.FollowerState (FollowerState.java:run(106)) - f3efc612-2d1c-41da-bcd1-cee0352e8d6a:group-895152873A87 changes to CANDIDATE, lastRpcTime:5117, electionTimeout:5117ms
2019-08-28 19:58:20,963 [Thread-333] INFO  impl.RoleInfo (RoleInfo.java:shutdownFollowerState(121)) - f3efc612-2d1c-41da-bcd1-cee0352e8d6a: shutdown FollowerState
2019-08-28 19:58:20,963 [Thread-333] INFO  impl.RaftServerImpl (RaftServerImpl.java:setRole(171)) - f3efc612-2d1c-41da-bcd1-cee0352e8d6a:group-895152873A87 changes role from FOLLOWER to CANDIDATE at term 1 for changeToCandidate
2019-08-28 19:58:20,963 [Thread-333] INFO  impl.RoleInfo (RoleInfo.java:updateAndGet(143)) - f3efc612-2d1c-41da-bcd1-cee0352e8d6a: start LeaderElection
2019-08-28 19:58:20,966 [Thread-331] INFO  impl.FollowerState (FollowerState.java:run(106)) - 03db8954-5a6e-4042-b4a9-1698a7ceec96:group-895152873A87 changes to CANDIDATE, lastRpcTime:5137, electionTimeout:5135ms
2019-08-28 19:58:20,967 [Thread-331] INFO  impl.RoleInfo (RoleInfo.java:shutdownFollowerState(121)) - 03db8954-5a6e-4042-b4a9-1698a7ceec96: shutdown FollowerState
2019-08-28 19:58:20,967 [Thread-331] INFO  impl.RaftServerImpl (RaftServerImpl.java:setRole(171)) - 03db8954-5a6e-4042-b4a9-1698a7ceec96:group-895152873A87 changes role from FOLLOWER to CANDIDATE at term 1 for changeToCandidate
2019-08-28 19:58:20,967 [Thread-331] INFO  impl.RoleInfo (RoleInfo.java:updateAndGet(143)) - 03db8954-5a6e-4042-b4a9-1698a7ceec96: start LeaderElection
2019-08-28 19:58:21,027 | INFO  | SCMAudit | user=jenkins1000 | ip=192.168.36.107 | op=SEND_HEARTBEAT {datanodeUUID=0910cf7c-fddf-4dbf-9167-882adaee21d9, command=[]} | ret=SUCCESS |  
2019-08-28 19:58:21,400 [fddc83f5-527c-4a7f-9235-bb7c7f8c2a55:group-895152873A87:LeaderElection16] INFO  impl.LeaderElection (LeaderElection.java:askForVotes(181)) - fddc83f5-527c-4a7f-9235-bb7c7f8c2a55:group-895152873A87:LeaderElection16: begin an election at term 2 for -1: [03db8954-5a6e-4042-b4a9-1698a7ceec96:192.168.36.107:43464, f3efc612-2d1c-41da-bcd1-cee0352e8d6a:192.168.36.107:43779, fddc83f5-527c-4a7f-9235-bb7c7f8c2a55:192.168.36.107:43102], old=null
2019-08-28 19:58:21,400 [8d6dfb4d-ac2d-4667-923e-2456b7752667:group-431FF9F7F019:LeaderElection15] INFO  impl.LeaderElection (LeaderElection.java:askForVotes(181)) - 8d6dfb4d-ac2d-4667-923e-2456b7752667:group-431FF9F7F019:LeaderElection15: begin an election at term 2 for -1: [0910cf7c-fddf-4dbf-9167-882adaee21d9:192.168.36.107:43526, fecaf1a5-1262-4037-b784-d9920b122a4c:192.168.36.107:44802, 8d6dfb4d-ac2d-4667-923e-2456b7752667:192.168.36.107:39502], old=null
2019-08-28 19:58:21,400 [0910cf7c-fddf-4dbf-9167-882adaee21d9:group-431FF9F7F019:LeaderElection17] INFO  impl.LeaderElection (LeaderElection.java:askForVotes(181)) - 0910cf7c-fddf-4dbf-9167-882adaee21d9:group-431FF9F7F019:LeaderElection17: begin an election at term 2 for -1: [0910cf7c-fddf-4dbf-9167-882adaee21d9:192.168.36.107:43526, fecaf1a5-1262-4037-b784-d9920b122a4c:192.168.36.107:44802, 8d6dfb4d-ac2d-4667-923e-2456b7752667:192.168.36.107:39502], old=null
2019-08-28 19:58:21,400 [fecaf1a5-1262-4037-b784-d9920b122a4c:group-431FF9F7F019:LeaderElection14] INFO  impl.LeaderElection (LeaderElection.java:askForVotes(181)) - fecaf1a5-1262-4037-b784-d9920b122a4c:group-431FF9F7F019:LeaderElection14: begin an election at term 2 for -1: [0910cf7c-fddf-4dbf-9167-882adaee21d9:192.168.36.107:43526, fecaf1a5-1262-4037-b784-d9920b122a4c:192.168.36.107:44802, 8d6dfb4d-ac2d-4667-923e-2456b7752667:192.168.36.107:39502], old=null
2019-08-28 19:58:21,436 [8d6dfb4d-ac2d-4667-923e-2456b7752667:group-431FF9F7F019:LeaderElection15] INFO  impl.LeaderElection (LeaderElection.java:logAndReturn(56)) - 8d6dfb4d-ac2d-4667-923e-2456b7752667:group-431FF9F7F019:LeaderElection15: Election REJECTED; received 2 response(s) [8d6dfb4d-ac2d-4667-923e-2456b7752667<-0910cf7c-fddf-4dbf-9167-882adaee21d9#0:FAIL-t2, 8d6dfb4d-ac2d-4667-923e-2456b7752667<-fecaf1a5-1262-4037-b784-d9920b122a4c#0:FAIL-t2] and 0 exception(s); 8d6dfb4d-ac2d-4667-923e-2456b7752667:t2, leader=null, voted=8d6dfb4d-ac2d-4667-923e-2456b7752667, raftlog=8d6dfb4d-ac2d-4667-923e-2456b7752667-SegmentedRaftLog:OPENED:c-1,f-1,i0, conf=-1: [0910cf7c-fddf-4dbf-9167-882adaee21d9:192.168.36.107:43526, fecaf1a5-1262-4037-b784-d9920b122a4c:192.168.36.107:44802, 8d6dfb4d-ac2d-4667-923e-2456b7752667:192.168.36.107:39502], old=null
2019-08-28 19:58:21,436 [8d6dfb4d-ac2d-4667-923e-2456b7752667:group-431FF9F7F019:LeaderElection15] INFO  impl.RaftServerImpl (RaftServerImpl.java:setRole(171)) - 8d6dfb4d-ac2d-4667-923e-2456b7752667:group-431FF9F7F019 changes role from CANDIDATE to FOLLOWER at term 2 for DISCOVERED_A_NEW_TERM
2019-08-28 19:58:21,436 [fecaf1a5-1262-4037-b784-d9920b122a4c:group-431FF9F7F019:LeaderElection14] INFO  impl.LeaderElection (LeaderElection.java:logAndReturn(56)) - fecaf1a5-1262-4037-b784-d9920b122a4c:group-431FF9F7F019:LeaderElection14: Election REJECTED; received 2 response(s) [fecaf1a5-1262-4037-b784-d9920b122a4c<-0910cf7c-fddf-4dbf-9167-882adaee21d9#0:FAIL-t2, fecaf1a5-1262-4037-b784-d9920b122a4c<-8d6dfb4d-ac2d-4667-923e-2456b7752667#0:FAIL-t2] and 0 exception(s); fecaf1a5-1262-4037-b784-d9920b122a4c:t2, leader=null, voted=fecaf1a5-1262-4037-b784-d9920b122a4c, raftlog=fecaf1a5-1262-4037-b784-d9920b122a4c-SegmentedRaftLog:OPENED:c-1,f-1,i0, conf=-1: [0910cf7c-fddf-4dbf-9167-882adaee21d9:192.168.36.107:43526, fecaf1a5-1262-4037-b784-d9920b122a4c:192.168.36.107:44802, 8d6dfb4d-ac2d-4667-923e-2456b7752667:192.168.36.107:39502], old=null
2019-08-28 19:58:21,438 [8d6dfb4d-ac2d-4667-923e-2456b7752667:group-431FF9F7F019:LeaderElection15] INFO  impl.RoleInfo (RoleInfo.java:shutdownLeaderElection(134)) - 8d6dfb4d-ac2d-4667-923e-2456b7752667: shutdown LeaderElection
2019-08-28 19:58:21,440 [fecaf1a5-1262-4037-b784-d9920b122a4c:group-431FF9F7F019:LeaderElection14] INFO  impl.RaftServerImpl (RaftServerImpl.java:setRole(171)) - fecaf1a5-1262-4037-b784-d9920b122a4c:group-431FF9F7F019 changes role from CANDIDATE to FOLLOWER at term 2 for DISCOVERED_A_NEW_TERM
2019-08-28 19:58:21,443 [0910cf7c-fddf-4dbf-9167-882adaee21d9:group-431FF9F7F019:LeaderElection17] INFO  impl.LeaderElection (LeaderElection.java:logAndReturn(56)) - 0910cf7c-fddf-4dbf-9167-882adaee21d9:group-431FF9F7F019:LeaderElection17: Election REJECTED; received 2 response(s) [0910cf7c-fddf-4dbf-9167-882adaee21d9<-fecaf1a5-1262-4037-b784-d9920b122a4c#0:FAIL-t2, 0910cf7c-fddf-4dbf-9167-882adaee21d9<-8d6dfb4d-ac2d-4667-923e-2456b7752667#0:FAIL-t2] and 0 exception(s); 0910cf7c-fddf-4dbf-9167-882adaee21d9:t2, leader=null, voted=0910cf7c-fddf-4dbf-9167-882adaee21d9, raftlog=0910cf7c-fddf-4dbf-9167-882adaee21d9-SegmentedRaftLog:OPENED:c-1,f-1,i0, conf=-1: [0910cf7c-fddf-4dbf-9167-882adaee21d9:192.168.36.107:43526, fecaf1a5-1262-4037-b784-d9920b122a4c:192.168.36.107:44802, 8d6dfb4d-ac2d-4667-923e-2456b7752667:192.168.36.107:39502], old=null
2019-08-28 19:58:21,450 [8d6dfb4d-ac2d-4667-923e-2456b7752667:group-431FF9F7F019:LeaderElection15] INFO  impl.RoleInfo (RoleInfo.java:updateAndGet(143)) - 8d6dfb4d-ac2d-4667-923e-2456b7752667: start FollowerState
2019-08-28 19:58:21,450 [fecaf1a5-1262-4037-b784-d9920b122a4c:group-431FF9F7F019:LeaderElection14] INFO  impl.RoleInfo (RoleInfo.java:shutdownLeaderElection(134)) - fecaf1a5-1262-4037-b784-d9920b122a4c: shutdown LeaderElection
2019-08-28 19:58:21,451 [0910cf7c-fddf-4dbf-9167-882adaee21d9:group-431FF9F7F019:LeaderElection17] INFO  impl.RaftServerImpl (RaftServerImpl.java:setRole(171)) - 0910cf7c-fddf-4dbf-9167-882adaee21d9:group-431FF9F7F019 changes role from CANDIDATE to FOLLOWER at term 2 for DISCOVERED_A_NEW_TERM
2019-08-28 19:58:21,455 [fecaf1a5-1262-4037-b784-d9920b122a4c:group-431FF9F7F019:LeaderElection14] INFO  impl.RoleInfo (RoleInfo.java:updateAndGet(143)) - fecaf1a5-1262-4037-b784-d9920b122a4c: start FollowerState
2019-08-28 19:58:21,455 [0910cf7c-fddf-4dbf-9167-882adaee21d9:group-431FF9F7F019:LeaderElection17] INFO  impl.RoleInfo (RoleInfo.java:shutdownLeaderElection(134)) - 0910cf7c-fddf-4dbf-9167-882adaee21d9: shutdown LeaderElection
2019-08-28 19:58:21,458 [0910cf7c-fddf-4dbf-9167-882adaee21d9:group-431FF9F7F019:LeaderElection17] INFO  impl.RoleInfo (RoleInfo.java:updateAndGet(143)) - 0910cf7c-fddf-4dbf-9167-882adaee21d9: start FollowerState
2019-08-28 19:58:21,488 [f3efc612-2d1c-41da-bcd1-cee0352e8d6a:group-895152873A87:LeaderElection18] INFO  impl.LeaderElection (LeaderElection.java:askForVotes(181)) - f3efc612-2d1c-41da-bcd1-cee0352e8d6a:group-895152873A87:LeaderElection18: begin an election at term 2 for -1: [03db8954-5a6e-4042-b4a9-1698a7ceec96:192.168.36.107:43464, f3efc612-2d1c-41da-bcd1-cee0352e8d6a:192.168.36.107:43779, fddc83f5-527c-4a7f-9235-bb7c7f8c2a55:192.168.36.107:43102], old=null
2019-08-28 19:58:21,488 [03db8954-5a6e-4042-b4a9-1698a7ceec96:group-895152873A87:LeaderElection19] INFO  impl.LeaderElection (LeaderElection.java:askForVotes(181)) - 03db8954-5a6e-4042-b4a9-1698a7ceec96:group-895152873A87:LeaderElection19: begin an election at term 2 for -1: [03db8954-5a6e-4042-b4a9-1698a7ceec96:192.168.36.107:43464, f3efc612-2d1c-41da-bcd1-cee0352e8d6a:192.168.36.107:43779, fddc83f5-527c-4a7f-9235-bb7c7f8c2a55:192.168.36.107:43102], old=null
2019-08-28 19:58:21,491 [fddc83f5-527c-4a7f-9235-bb7c7f8c2a55:group-895152873A87:LeaderElection16] INFO  impl.LeaderElection (LeaderElection.java:logAndReturn(56)) - fddc83f5-527c-4a7f-9235-bb7c7f8c2a55:group-895152873A87:LeaderElection16: Election REJECTED; received 2 response(s) [fddc83f5-527c-4a7f-9235-bb7c7f8c2a55<-03db8954-5a6e-4042-b4a9-1698a7ceec96#0:FAIL-t2, fddc83f5-527c-4a7f-9235-bb7c7f8c2a55<-f3efc612-2d1c-41da-bcd1-cee0352e8d6a#0:FAIL-t2] and 0 exception(s); fddc83f5-527c-4a7f-9235-bb7c7f8c2a55:t2, leader=null, voted=fddc83f5-527c-4a7f-9235-bb7c7f8c2a55, raftlog=fddc83f5-527c-4a7f-9235-bb7c7f8c2a55-SegmentedRaftLog:OPENED:c-1,f-1,i0, conf=-1: [03db8954-5a6e-4042-b4a9-1698a7ceec96:192.168.36.107:43464, f3efc612-2d1c-41da-bcd1-cee0352e8d6a:192.168.36.107:43779, fddc83f5-527c-4a7f-9235-bb7c7f8c2a55:192.168.36.107:43102], old=null
2019-08-28 19:58:21,491 [fddc83f5-527c-4a7f-9235-bb7c7f8c2a55:group-895152873A87:LeaderElection16] INFO  impl.RaftServerImpl (RaftServerImpl.java:setRole(171)) - fddc83f5-527c-4a7f-9235-bb7c7f8c2a55:group-895152873A87 changes role from CANDIDATE to FOLLOWER at term 2 for DISCOVERED_A_NEW_TERM
2019-08-28 19:58:21,494 [fddc83f5-527c-4a7f-9235-bb7c7f8c2a55:group-895152873A87:LeaderElection16] INFO  impl.RoleInfo (RoleInfo.java:shutdownLeaderElection(134)) - fddc83f5-527c-4a7f-9235-bb7c7f8c2a55: shutdown LeaderElection
2019-08-28 19:58:21,495 [fddc83f5-527c-4a7f-9235-bb7c7f8c2a55:group-895152873A87:LeaderElection16] INFO  impl.RoleInfo (RoleInfo.java:updateAndGet(143)) - fddc83f5-527c-4a7f-9235-bb7c7f8c2a55: start FollowerState
2019-08-28 19:58:21,500 [03db8954-5a6e-4042-b4a9-1698a7ceec96:group-895152873A87:LeaderElection19] INFO  impl.LeaderElection (LeaderElection.java:logAndReturn(56)) - 03db8954-5a6e-4042-b4a9-1698a7ceec96:group-895152873A87:LeaderElection19: Election REJECTED; received 2 response(s) [03db8954-5a6e-4042-b4a9-1698a7ceec96<-f3efc612-2d1c-41da-bcd1-cee0352e8d6a#0:FAIL-t2, 03db8954-5a6e-4042-b4a9-1698a7ceec96<-fddc83f5-527c-4a7f-9235-bb7c7f8c2a55#0:FAIL-t2] and 0 exception(s); 03db8954-5a6e-4042-b4a9-1698a7ceec96:t2, leader=null, voted=03db8954-5a6e-4042-b4a9-1698a7ceec96, raftlog=03db8954-5a6e-4042-b4a9-1698a7ceec96-SegmentedRaftLog:OPENED:c-1,f-1,i0, conf=-1: [03db8954-5a6e-4042-b4a9-1698a7ceec96:192.168.36.107:43464, f3efc612-2d1c-41da-bcd1-cee0352e8d6a:192.168.36.107:43779, fddc83f5-527c-4a7f-9235-bb7c7f8c2a55:192.168.36.107:43102], old=null
2019-08-28 19:58:21,500 [03db8954-5a6e-4042-b4a9-1698a7ceec96:group-895152873A87:LeaderElection19] INFO  impl.RaftServerImpl (RaftServerImpl.java:setRole(171)) - 03db8954-5a6e-4042-b4a9-1698a7ceec96:group-895152873A87 changes role from CANDIDATE to FOLLOWER at term 2 for DISCOVERED_A_NEW_TERM
2019-08-28 19:58:21,502 [03db8954-5a6e-4042-b4a9-1698a7ceec96:group-895152873A87:LeaderElection19] INFO  impl.RoleInfo (RoleInfo.java:shutdownLeaderElection(134)) - 03db8954-5a6e-4042-b4a9-1698a7ceec96: shutdown LeaderElection
2019-08-28 19:58:21,502 [f3efc612-2d1c-41da-bcd1-cee0352e8d6a:group-895152873A87:LeaderElection18] INFO  impl.LeaderElection (LeaderElection.java:logAndReturn(56)) - f3efc612-2d1c-41da-bcd1-cee0352e8d6a:group-895152873A87:LeaderElection18: Election REJECTED; received 2 response(s) [f3efc612-2d1c-41da-bcd1-cee0352e8d6a<-03db8954-5a6e-4042-b4a9-1698a7ceec96#0:FAIL-t2, f3efc612-2d1c-41da-bcd1-cee0352e8d6a<-fddc83f5-527c-4a7f-9235-bb7c7f8c2a55#0:FAIL-t2] and 0 exception(s); f3efc612-2d1c-41da-bcd1-cee0352e8d6a:t2, leader=null, voted=f3efc612-2d1c-41da-bcd1-cee0352e8d6a, raftlog=f3efc612-2d1c-41da-bcd1-cee0352e8d6a-SegmentedRaftLog:OPENED:c-1,f-1,i0, conf=-1: [03db8954-5a6e-4042-b4a9-1698a7ceec96:192.168.36.107:43464, f3efc612-2d1c-41da-bcd1-cee0352e8d6a:192.168.36.107:43779, fddc83f5-527c-4a7f-9235-bb7c7f8c2a55:192.168.36.107:43102], old=null
2019-08-28 19:58:21,502 [03db8954-5a6e-4042-b4a9-1698a7ceec96:group-895152873A87:LeaderElection19] INFO  impl.RoleInfo (RoleInfo.java:updateAndGet(143)) - 03db8954-5a6e-4042-b4a9-1698a7ceec96: start FollowerState
2019-08-28 19:58:21,503 [f3efc612-2d1c-41da-bcd1-cee0352e8d6a:group-895152873A87:LeaderElection18] INFO  impl.RaftServerImpl (RaftServerImpl.java:setRole(171)) - f3efc612-2d1c-41da-bcd1-cee0352e8d6a:group-895152873A87 changes role from CANDIDATE to FOLLOWER at term 2 for DISCOVERED_A_NEW_TERM
2019-08-28 19:58:21,504 [f3efc612-2d1c-41da-bcd1-cee0352e8d6a:group-895152873A87:LeaderElection18] INFO  impl.RoleInfo (RoleInfo.java:shutdownLeaderElection(134)) - f3efc612-2d1c-41da-bcd1-cee0352e8d6a: shutdown LeaderElection
2019-08-28 19:58:21,506 [f3efc612-2d1c-41da-bcd1-cee0352e8d6a:group-895152873A87:LeaderElection18] INFO  impl.RoleInfo (RoleInfo.java:updateAndGet(143)) - f3efc612-2d1c-41da-bcd1-cee0352e8d6a: start FollowerState
2019-08-28 19:58:21,555 | INFO  | SCMAudit | user=jenkins1000 | ip=192.168.36.107 | op=SEND_HEARTBEAT {datanodeUUID=fddc83f5-527c-4a7f-9235-bb7c7f8c2a55, command=[]} | ret=SUCCESS |  
2019-08-28 19:58:21,565 | INFO  | SCMAudit | user=jenkins1000 | ip=192.168.36.107 | op=SEND_HEARTBEAT {datanodeUUID=8d6dfb4d-ac2d-4667-923e-2456b7752667, command=[]} | ret=SUCCESS |  
2019-08-28 19:58:21,672 | INFO  | SCMAudit | user=jenkins1000 | ip=192.168.36.107 | op=SEND_HEARTBEAT {datanodeUUID=f3efc612-2d1c-41da-bcd1-cee0352e8d6a, command=[]} | ret=SUCCESS |  
2019-08-28 19:58:21,768 | INFO  | SCMAudit | user=jenkins1000 | ip=192.168.36.107 | op=SEND_HEARTBEAT {datanodeUUID=290792b5-0601-45f8-8ac4-f5aeff7db3b3, command=[]} | ret=SUCCESS |  
2019-08-28 19:58:21,846 | INFO  | SCMAudit | user=jenkins1000 | ip=192.168.36.107 | op=SEND_HEARTBEAT {datanodeUUID=fecaf1a5-1262-4037-b784-d9920b122a4c, command=[]} | ret=SUCCESS |  
2019-08-28 19:58:21,895 [grpc-default-executor-5] INFO  client.GrpcClientProtocolClient (GrpcClientProtocolClient.java:onNext(255)) - client-98A8F4328EF1->fecaf1a5-1262-4037-b784-d9920b122a4c: receive RaftClientReply:client-98A8F4328EF1->fecaf1a5-1262-4037-b784-d9920b122a4c@group-431FF9F7F019, cid=13, FAILED org.apache.ratis.protocol.NotLeaderException: Server fecaf1a5-1262-4037-b784-d9920b122a4c is not the leader (null). Request must be sent to leader., logIndex=0, commits[fecaf1a5-1262-4037-b784-d9920b122a4c:c-1]
2019-08-28 19:58:21,936 | INFO  | SCMAudit | user=jenkins1000 | ip=192.168.36.107 | op=SEND_HEARTBEAT {datanodeUUID=03db8954-5a6e-4042-b4a9-1698a7ceec96, command=[]} | ret=SUCCESS |  
2019-08-28 19:58:22,026 | INFO  | SCMAudit | user=jenkins1000 | ip=192.168.36.107 | op=SEND_HEARTBEAT {datanodeUUID=0910cf7c-fddf-4dbf-9167-882adaee21d9, command=[]} | ret=SUCCESS |  
2019-08-28 19:58:22,555 | INFO  | SCMAudit | user=jenkins1000 | ip=192.168.36.107 | op=SEND_HEARTBEAT {datanodeUUID=fddc83f5-527c-4a7f-9235-bb7c7f8c2a55, command=[]} | ret=SUCCESS |  
2019-08-28 19:58:22,565 | INFO  | SCMAudit | user=jenkins1000 | ip=192.168.36.107 | op=SEND_HEARTBEAT {datanodeUUID=8d6dfb4d-ac2d-4667-923e-2456b7752667, command=[]} | ret=SUCCESS |  
2019-08-28 19:58:22,672 | INFO  | SCMAudit | user=jenkins1000 | ip=192.168.36.107 | op=SEND_HEARTBEAT {datanodeUUID=f3efc612-2d1c-41da-bcd1-cee0352e8d6a, command=[]} | ret=SUCCESS |  
2019-08-28 19:58:22,768 | INFO  | SCMAudit | user=jenkins1000 | ip=192.168.36.107 | op=SEND_HEARTBEAT {datanodeUUID=290792b5-0601-45f8-8ac4-f5aeff7db3b3, command=[]} | ret=SUCCESS |  
2019-08-28 19:58:22,846 | INFO  | SCMAudit | user=jenkins1000 | ip=192.168.36.107 | op=SEND_HEARTBEAT {datanodeUUID=fecaf1a5-1262-4037-b784-d9920b122a4c, command=[]} | ret=SUCCESS |  
2019-08-28 19:58:22,919 [grpc-default-executor-2] INFO  client.GrpcClientProtocolClient (GrpcClientProtocolClient.java:onNext(255)) - client-98A8F4328EF1->0910cf7c-fddf-4dbf-9167-882adaee21d9: receive RaftClientReply:client-98A8F4328EF1->0910cf7c-fddf-4dbf-9167-882adaee21d9@group-431FF9F7F019, cid=13, FAILED org.apache.ratis.protocol.NotLeaderException: Server 0910cf7c-fddf-4dbf-9167-882adaee21d9 is not the leader (null). Request must be sent to leader., logIndex=0, commits[0910cf7c-fddf-4dbf-9167-882adaee21d9:c-1]
2019-08-28 19:58:22,937 | INFO  | SCMAudit | user=jenkins1000 | ip=192.168.36.107 | op=SEND_HEARTBEAT {datanodeUUID=03db8954-5a6e-4042-b4a9-1698a7ceec96, command=[]} | ret=SUCCESS |  
2019-08-28 19:58:23,026 | INFO  | SCMAudit | user=jenkins1000 | ip=192.168.36.107 | op=SEND_HEARTBEAT {datanodeUUID=0910cf7c-fddf-4dbf-9167-882adaee21d9, command=[]} | ret=SUCCESS |  
2019-08-28 19:58:23,555 | INFO  | SCMAudit | user=jenkins1000 | ip=192.168.36.107 | op=SEND_HEARTBEAT {datanodeUUID=fddc83f5-527c-4a7f-9235-bb7c7f8c2a55, command=[]} | ret=SUCCESS |  
2019-08-28 19:58:23,565 | INFO  | SCMAudit | user=jenkins1000 | ip=192.168.36.107 | op=SEND_HEARTBEAT {datanodeUUID=8d6dfb4d-ac2d-4667-923e-2456b7752667, command=[]} | ret=SUCCESS |  
2019-08-28 19:58:23,673 | INFO  | SCMAudit | user=jenkins1000 | ip=192.168.36.107 | op=SEND_HEARTBEAT {datanodeUUID=f3efc612-2d1c-41da-bcd1-cee0352e8d6a, command=[]} | ret=SUCCESS |  
2019-08-28 19:58:23,768 | INFO  | SCMAudit | user=jenkins1000 | ip=192.168.36.107 | op=SEND_HEARTBEAT {datanodeUUID=290792b5-0601-45f8-8ac4-f5aeff7db3b3, command=[]} | ret=SUCCESS |  
2019-08-28 19:58:23,848 | INFO  | SCMAudit | user=jenkins1000 | ip=192.168.36.107 | op=SEND_HEARTBEAT {datanodeUUID=fecaf1a5-1262-4037-b784-d9920b122a4c, command=[]} | ret=SUCCESS |  
2019-08-28 19:58:23,941 | INFO  | SCMAudit | user=jenkins1000 | ip=192.168.36.107 | op=SEND_HEARTBEAT {datanodeUUID=03db8954-5a6e-4042-b4a9-1698a7ceec96, command=[]} | ret=SUCCESS |  
2019-08-28 19:58:23,945 [grpc-default-executor-5] INFO  client.GrpcClientProtocolClient (GrpcClientProtocolClient.java:onNext(255)) - client-98A8F4328EF1->fecaf1a5-1262-4037-b784-d9920b122a4c: receive RaftClientReply:client-98A8F4328EF1->fecaf1a5-1262-4037-b784-d9920b122a4c@group-431FF9F7F019, cid=13, FAILED org.apache.ratis.protocol.NotLeaderException: Server fecaf1a5-1262-4037-b784-d9920b122a4c is not the leader (null). Request must be sent to leader., logIndex=0, commits[fecaf1a5-1262-4037-b784-d9920b122a4c:c-1]
2019-08-28 19:58:24,027 | INFO  | SCMAudit | user=jenkins1000 | ip=192.168.36.107 | op=SEND_HEARTBEAT {datanodeUUID=0910cf7c-fddf-4dbf-9167-882adaee21d9, command=[]} | ret=SUCCESS |  
2019-08-28 19:58:24,556 | INFO  | SCMAudit | user=jenkins1000 | ip=192.168.36.107 | op=SEND_HEARTBEAT {datanodeUUID=fddc83f5-527c-4a7f-9235-bb7c7f8c2a55, command=[]} | ret=SUCCESS |  
2019-08-28 19:58:24,566 | INFO  | SCMAudit | user=jenkins1000 | ip=192.168.36.107 | op=SEND_HEARTBEAT {datanodeUUID=8d6dfb4d-ac2d-4667-923e-2456b7752667, command=[]} | ret=SUCCESS |  
2019-08-28 19:58:24,673 | INFO  | SCMAudit | user=jenkins1000 | ip=192.168.36.107 | op=SEND_HEARTBEAT {datanodeUUID=f3efc612-2d1c-41da-bcd1-cee0352e8d6a, command=[]} | ret=SUCCESS |  
2019-08-28 19:58:24,768 | INFO  | SCMAudit | user=jenkins1000 | ip=192.168.36.107 | op=SEND_HEARTBEAT {datanodeUUID=290792b5-0601-45f8-8ac4-f5aeff7db3b3, command=[]} | ret=SUCCESS |  
2019-08-28 19:58:24,847 | INFO  | SCMAudit | user=jenkins1000 | ip=192.168.36.107 | op=SEND_HEARTBEAT {datanodeUUID=fecaf1a5-1262-4037-b784-d9920b122a4c, command=[]} | ret=SUCCESS |  
2019-08-28 19:58:24,937 | INFO  | SCMAudit | user=jenkins1000 | ip=192.168.36.107 | op=SEND_HEARTBEAT {datanodeUUID=03db8954-5a6e-4042-b4a9-1698a7ceec96, command=[]} | ret=SUCCESS |  
2019-08-28 19:58:24,969 [grpc-default-executor-5] INFO  client.GrpcClientProtocolClient (GrpcClientProtocolClient.java:onNext(255)) - client-98A8F4328EF1->8d6dfb4d-ac2d-4667-923e-2456b7752667: receive RaftClientReply:client-98A8F4328EF1->8d6dfb4d-ac2d-4667-923e-2456b7752667@group-431FF9F7F019, cid=13, FAILED org.apache.ratis.protocol.NotLeaderException: Server 8d6dfb4d-ac2d-4667-923e-2456b7752667 is not the leader (null). Request must be sent to leader., logIndex=0, commits[8d6dfb4d-ac2d-4667-923e-2456b7752667:c-1]
2019-08-28 19:58:25,026 | INFO  | SCMAudit | user=jenkins1000 | ip=192.168.36.107 | op=SEND_HEARTBEAT {datanodeUUID=0910cf7c-fddf-4dbf-9167-882adaee21d9, command=[]} | ret=SUCCESS |  
2019-08-28 19:58:25,555 | INFO  | SCMAudit | user=jenkins1000 | ip=192.168.36.107 | op=SEND_HEARTBEAT {datanodeUUID=fddc83f5-527c-4a7f-9235-bb7c7f8c2a55, command=[]} | ret=SUCCESS |  
2019-08-28 19:58:25,565 | INFO  | SCMAudit | user=jenkins1000 | ip=192.168.36.107 | op=SEND_HEARTBEAT {datanodeUUID=8d6dfb4d-ac2d-4667-923e-2456b7752667, command=[]} | ret=SUCCESS |  
2019-08-28 19:58:25,673 | INFO  | SCMAudit | user=jenkins1000 | ip=192.168.36.107 | op=SEND_HEARTBEAT {datanodeUUID=f3efc612-2d1c-41da-bcd1-cee0352e8d6a, command=[]} | ret=SUCCESS |  
2019-08-28 19:58:25,769 | INFO  | SCMAudit | user=jenkins1000 | ip=192.168.36.107 | op=SEND_HEARTBEAT {datanodeUUID=290792b5-0601-45f8-8ac4-f5aeff7db3b3, command=[]} | ret=SUCCESS |  
2019-08-28 19:58:25,847 | INFO  | SCMAudit | user=jenkins1000 | ip=192.168.36.107 | op=SEND_HEARTBEAT {datanodeUUID=fecaf1a5-1262-4037-b784-d9920b122a4c, command=[]} | ret=SUCCESS |  
2019-08-28 19:58:25,937 | INFO  | SCMAudit | user=jenkins1000 | ip=192.168.36.107 | op=SEND_HEARTBEAT {datanodeUUID=03db8954-5a6e-4042-b4a9-1698a7ceec96, command=[]} | ret=SUCCESS |  
2019-08-28 19:58:25,999 [grpc-default-executor-2] INFO  client.GrpcClientProtocolClient (GrpcClientProtocolClient.java:onNext(255)) - client-98A8F4328EF1->0910cf7c-fddf-4dbf-9167-882adaee21d9: receive RaftClientReply:client-98A8F4328EF1->0910cf7c-fddf-4dbf-9167-882adaee21d9@group-431FF9F7F019, cid=13, FAILED org.apache.ratis.protocol.NotLeaderException: Server 0910cf7c-fddf-4dbf-9167-882adaee21d9 is not the leader (null). Request must be sent to leader., logIndex=0, commits[0910cf7c-fddf-4dbf-9167-882adaee21d9:c-1]
2019-08-28 19:58:26,026 | INFO  | SCMAudit | user=jenkins1000 | ip=192.168.36.107 | op=SEND_HEARTBEAT {datanodeUUID=0910cf7c-fddf-4dbf-9167-882adaee21d9, command=[]} | ret=SUCCESS |  
2019-08-28 19:58:26,530 [Thread-364] INFO  impl.FollowerState (FollowerState.java:run(106)) - fecaf1a5-1262-4037-b784-d9920b122a4c:group-431FF9F7F019 changes to CANDIDATE, lastRpcTime:5074, electionTimeout:5072ms
2019-08-28 19:58:26,530 [Thread-364] INFO  impl.RoleInfo (RoleInfo.java:shutdownFollowerState(121)) - fecaf1a5-1262-4037-b784-d9920b122a4c: shutdown FollowerState
2019-08-28 19:58:26,530 [Thread-364] INFO  impl.RaftServerImpl (RaftServerImpl.java:setRole(171)) - fecaf1a5-1262-4037-b784-d9920b122a4c:group-431FF9F7F019 changes role from FOLLOWER to CANDIDATE at term 2 for changeToCandidate
2019-08-28 19:58:26,531 [Thread-364] INFO  impl.RoleInfo (RoleInfo.java:updateAndGet(143)) - fecaf1a5-1262-4037-b784-d9920b122a4c: start LeaderElection
2019-08-28 19:58:26,546 [Thread-363] INFO  impl.FollowerState (FollowerState.java:run(106)) - 8d6dfb4d-ac2d-4667-923e-2456b7752667:group-431FF9F7F019 changes to CANDIDATE, lastRpcTime:5095, electionTimeout:5076ms
2019-08-28 19:58:26,546 [Thread-370] INFO  impl.FollowerState (FollowerState.java:run(106)) - fddc83f5-527c-4a7f-9235-bb7c7f8c2a55:group-895152873A87 changes to CANDIDATE, lastRpcTime:5051, electionTimeout:5039ms
2019-08-28 19:58:26,546 [Thread-363] INFO  impl.RoleInfo (RoleInfo.java:shutdownFollowerState(121)) - 8d6dfb4d-ac2d-4667-923e-2456b7752667: shutdown FollowerState
2019-08-28 19:58:26,546 [Thread-370] INFO  impl.RoleInfo (RoleInfo.java:shutdownFollowerState(121)) - fddc83f5-527c-4a7f-9235-bb7c7f8c2a55: shutdown FollowerState
2019-08-28 19:58:26,546 [Thread-363] INFO  impl.RaftServerImpl (RaftServerImpl.java:setRole(171)) - 8d6dfb4d-ac2d-4667-923e-2456b7752667:group-431FF9F7F019 changes role from FOLLOWER to CANDIDATE at term 2 for changeToCandidate
2019-08-28 19:58:26,547 [Thread-370] INFO  impl.RaftServerImpl (RaftServerImpl.java:setRole(171)) - fddc83f5-527c-4a7f-9235-bb7c7f8c2a55:group-895152873A87 changes role from FOLLOWER to CANDIDATE at term 2 for changeToCandidate
2019-08-28 19:58:26,547 [Thread-363] INFO  impl.RoleInfo (RoleInfo.java:updateAndGet(143)) - 8d6dfb4d-ac2d-4667-923e-2456b7752667: start LeaderElection
2019-08-28 19:58:26,547 [Thread-370] INFO  impl.RoleInfo (RoleInfo.java:updateAndGet(143)) - fddc83f5-527c-4a7f-9235-bb7c7f8c2a55: start LeaderElection
2019-08-28 19:58:26,556 | INFO  | SCMAudit | user=jenkins1000 | ip=192.168.36.107 | op=SEND_HEARTBEAT {datanodeUUID=fddc83f5-527c-4a7f-9235-bb7c7f8c2a55, command=[]} | ret=SUCCESS |  
2019-08-28 19:58:26,559 [Thread-371] INFO  impl.FollowerState (FollowerState.java:run(106)) - 03db8954-5a6e-4042-b4a9-1698a7ceec96:group-895152873A87 changes to CANDIDATE, lastRpcTime:5056, electionTimeout:5053ms
2019-08-28 19:58:26,559 [Thread-371] INFO  impl.RoleInfo (RoleInfo.java:shutdownFollowerState(121)) - 03db8954-5a6e-4042-b4a9-1698a7ceec96: shutdown FollowerState
2019-08-28 19:58:26,560 [Thread-371] INFO  impl.RaftServerImpl (RaftServerImpl.java:setRole(171)) - 03db8954-5a6e-4042-b4a9-1698a7ceec96:group-895152873A87 changes role from FOLLOWER to CANDIDATE at term 2 for changeToCandidate
2019-08-28 19:58:26,560 [Thread-371] INFO  impl.RoleInfo (RoleInfo.java:updateAndGet(143)) - 03db8954-5a6e-4042-b4a9-1698a7ceec96: start LeaderElection
2019-08-28 19:58:26,565 | INFO  | SCMAudit | user=jenkins1000 | ip=192.168.36.107 | op=SEND_HEARTBEAT {datanodeUUID=8d6dfb4d-ac2d-4667-923e-2456b7752667, command=[]} | ret=SUCCESS |  
2019-08-28 19:58:26,596 [Thread-365] INFO  impl.FollowerState (FollowerState.java:run(106)) - 0910cf7c-fddf-4dbf-9167-882adaee21d9:group-431FF9F7F019 changes to CANDIDATE, lastRpcTime:5138, electionTimeout:5136ms
2019-08-28 19:58:26,596 [Thread-365] INFO  impl.RoleInfo (RoleInfo.java:shutdownFollowerState(121)) - 0910cf7c-fddf-4dbf-9167-882adaee21d9: shutdown FollowerState
2019-08-28 19:58:26,596 [Thread-365] INFO  impl.RaftServerImpl (RaftServerImpl.java:setRole(171)) - 0910cf7c-fddf-4dbf-9167-882adaee21d9:group-431FF9F7F019 changes role from FOLLOWER to CANDIDATE at term 2 for changeToCandidate
2019-08-28 19:58:26,597 [Thread-365] INFO  impl.RoleInfo (RoleInfo.java:updateAndGet(143)) - 0910cf7c-fddf-4dbf-9167-882adaee21d9: start LeaderElection
2019-08-28 19:58:26,625 [Thread-372] INFO  impl.FollowerState (FollowerState.java:run(106)) - f3efc612-2d1c-41da-bcd1-cee0352e8d6a:group-895152873A87 changes to CANDIDATE, lastRpcTime:5119, electionTimeout:5117ms
2019-08-28 19:58:26,625 [Thread-372] INFO  impl.RoleInfo (RoleInfo.java:shutdownFollowerState(121)) - f3efc612-2d1c-41da-bcd1-cee0352e8d6a: shutdown FollowerState
2019-08-28 19:58:26,626 [Thread-372] INFO  impl.RaftServerImpl (RaftServerImpl.java:setRole(171)) - f3efc612-2d1c-41da-bcd1-cee0352e8d6a:group-895152873A87 changes role from FOLLOWER to CANDIDATE at term 2 for changeToCandidate
2019-08-28 19:58:26,626 [Thread-372] INFO  impl.RoleInfo (RoleInfo.java:updateAndGet(143)) - f3efc612-2d1c-41da-bcd1-cee0352e8d6a: start LeaderElection
2019-08-28 19:58:26,674 | INFO  | SCMAudit | user=jenkins1000 | ip=192.168.36.107 | op=SEND_HEARTBEAT {datanodeUUID=f3efc612-2d1c-41da-bcd1-cee0352e8d6a, command=[]} | ret=SUCCESS |  
2019-08-28 19:58:26,770 | INFO  | SCMAudit | user=jenkins1000 | ip=192.168.36.107 | op=SEND_HEARTBEAT {datanodeUUID=290792b5-0601-45f8-8ac4-f5aeff7db3b3, command=[]} | ret=SUCCESS |  
2019-08-28 19:58:26,847 | INFO  | SCMAudit | user=jenkins1000 | ip=192.168.36.107 | op=SEND_HEARTBEAT {datanodeUUID=fecaf1a5-1262-4037-b784-d9920b122a4c, command=[]} | ret=SUCCESS |  
2019-08-28 19:58:26,938 | INFO  | SCMAudit | user=jenkins1000 | ip=192.168.36.107 | op=SEND_HEARTBEAT {datanodeUUID=03db8954-5a6e-4042-b4a9-1698a7ceec96, command=[]} | ret=SUCCESS |  
2019-08-28 19:58:27,021 [grpc-default-executor-5] INFO  client.GrpcClientProtocolClient (GrpcClientProtocolClient.java:onNext(255)) - client-98A8F4328EF1->8d6dfb4d-ac2d-4667-923e-2456b7752667: receive RaftClientReply:client-98A8F4328EF1->8d6dfb4d-ac2d-4667-923e-2456b7752667@group-431FF9F7F019, cid=13, FAILED org.apache.ratis.protocol.NotLeaderException: Server 8d6dfb4d-ac2d-4667-923e-2456b7752667 is not the leader (null). Request must be sent to leader., logIndex=0, commits[8d6dfb4d-ac2d-4667-923e-2456b7752667:c-1]
2019-08-28 19:58:27,032 | INFO  | SCMAudit | user=jenkins1000 | ip=192.168.36.107 | op=SEND_HEARTBEAT {datanodeUUID=0910cf7c-fddf-4dbf-9167-882adaee21d9, command=[]} | ret=SUCCESS |  
2019-08-28 19:58:27,556 | INFO  | SCMAudit | user=jenkins1000 | ip=192.168.36.107 | op=SEND_HEARTBEAT {datanodeUUID=fddc83f5-527c-4a7f-9235-bb7c7f8c2a55, command=[]} | ret=SUCCESS |  
2019-08-28 19:58:27,564 | INFO  | SCMAudit | user=jenkins1000 | ip=192.168.36.107 | op=SEND_HEARTBEAT {datanodeUUID=8d6dfb4d-ac2d-4667-923e-2456b7752667, command=[]} | ret=SUCCESS |  
2019-08-28 19:58:27,674 | INFO  | SCMAudit | user=jenkins1000 | ip=192.168.36.107 | op=SEND_HEARTBEAT {datanodeUUID=f3efc612-2d1c-41da-bcd1-cee0352e8d6a, command=[]} | ret=SUCCESS |  
2019-08-28 19:58:27,698 [fddc83f5-527c-4a7f-9235-bb7c7f8c2a55:group-895152873A87:LeaderElection22] INFO  impl.LeaderElection (LeaderElection.java:askForVotes(181)) - fddc83f5-527c-4a7f-9235-bb7c7f8c2a55:group-895152873A87:LeaderElection22: begin an election at term 3 for -1: [03db8954-5a6e-4042-b4a9-1698a7ceec96:192.168.36.107:43464, f3efc612-2d1c-41da-bcd1-cee0352e8d6a:192.168.36.107:43779, fddc83f5-527c-4a7f-9235-bb7c7f8c2a55:192.168.36.107:43102], old=null
2019-08-28 19:58:27,698 [fecaf1a5-1262-4037-b784-d9920b122a4c:group-431FF9F7F019:LeaderElection20] INFO  impl.LeaderElection (LeaderElection.java:askForVotes(181)) - fecaf1a5-1262-4037-b784-d9920b122a4c:group-431FF9F7F019:LeaderElection20: begin an election at term 3 for -1: [0910cf7c-fddf-4dbf-9167-882adaee21d9:192.168.36.107:43526, fecaf1a5-1262-4037-b784-d9920b122a4c:192.168.36.107:44802, 8d6dfb4d-ac2d-4667-923e-2456b7752667:192.168.36.107:39502], old=null
2019-08-28 19:58:27,698 [f3efc612-2d1c-41da-bcd1-cee0352e8d6a:group-895152873A87:LeaderElection25] INFO  impl.LeaderElection (LeaderElection.java:askForVotes(181)) - f3efc612-2d1c-41da-bcd1-cee0352e8d6a:group-895152873A87:LeaderElection25: begin an election at term 3 for -1: [03db8954-5a6e-4042-b4a9-1698a7ceec96:192.168.36.107:43464, f3efc612-2d1c-41da-bcd1-cee0352e8d6a:192.168.36.107:43779, fddc83f5-527c-4a7f-9235-bb7c7f8c2a55:192.168.36.107:43102], old=null
2019-08-28 19:58:27,698 [03db8954-5a6e-4042-b4a9-1698a7ceec96:group-895152873A87:LeaderElection23] INFO  impl.LeaderElection (LeaderElection.java:askForVotes(181)) - 03db8954-5a6e-4042-b4a9-1698a7ceec96:group-895152873A87:LeaderElection23: begin an election at term 3 for -1: [03db8954-5a6e-4042-b4a9-1698a7ceec96:192.168.36.107:43464, f3efc612-2d1c-41da-bcd1-cee0352e8d6a:192.168.36.107:43779, fddc83f5-527c-4a7f-9235-bb7c7f8c2a55:192.168.36.107:43102], old=null
2019-08-28 19:58:27,698 [0910cf7c-fddf-4dbf-9167-882adaee21d9:group-431FF9F7F019:LeaderElection24] INFO  impl.LeaderElection (LeaderElection.java:askForVotes(181)) - 0910cf7c-fddf-4dbf-9167-882adaee21d9:group-431FF9F7F019:LeaderElection24: begin an election at term 3 for -1: [0910cf7c-fddf-4dbf-9167-882adaee21d9:192.168.36.107:43526, fecaf1a5-1262-4037-b784-d9920b122a4c:192.168.36.107:44802, 8d6dfb4d-ac2d-4667-923e-2456b7752667:192.168.36.107:39502], old=null
2019-08-28 19:58:27,698 [8d6dfb4d-ac2d-4667-923e-2456b7752667:group-431FF9F7F019:LeaderElection21] INFO  impl.LeaderElection (LeaderElection.java:askForVotes(181)) - 8d6dfb4d-ac2d-4667-923e-2456b7752667:group-431FF9F7F019:LeaderElection21: begin an election at term 3 for -1: [0910cf7c-fddf-4dbf-9167-882adaee21d9:192.168.36.107:43526, fecaf1a5-1262-4037-b784-d9920b122a4c:192.168.36.107:44802, 8d6dfb4d-ac2d-4667-923e-2456b7752667:192.168.36.107:39502], old=null
2019-08-28 19:58:27,709 [8d6dfb4d-ac2d-4667-923e-2456b7752667:group-431FF9F7F019:LeaderElection21] INFO  impl.LeaderElection (LeaderElection.java:logAndReturn(56)) - 8d6dfb4d-ac2d-4667-923e-2456b7752667:group-431FF9F7F019:LeaderElection21: Election REJECTED; received 2 response(s) [8d6dfb4d-ac2d-4667-923e-2456b7752667<-0910cf7c-fddf-4dbf-9167-882adaee21d9#0:FAIL-t3, 8d6dfb4d-ac2d-4667-923e-2456b7752667<-fecaf1a5-1262-4037-b784-d9920b122a4c#0:FAIL-t3] and 0 exception(s); 8d6dfb4d-ac2d-4667-923e-2456b7752667:t3, leader=null, voted=8d6dfb4d-ac2d-4667-923e-2456b7752667, raftlog=8d6dfb4d-ac2d-4667-923e-2456b7752667-SegmentedRaftLog:OPENED:c-1,f-1,i0, conf=-1: [0910cf7c-fddf-4dbf-9167-882adaee21d9:192.168.36.107:43526, fecaf1a5-1262-4037-b784-d9920b122a4c:192.168.36.107:44802, 8d6dfb4d-ac2d-4667-923e-2456b7752667:192.168.36.107:39502], old=null
2019-08-28 19:58:27,709 [f3efc612-2d1c-41da-bcd1-cee0352e8d6a:group-895152873A87:LeaderElection25] INFO  impl.LeaderElection (LeaderElection.java:logAndReturn(56)) - f3efc612-2d1c-41da-bcd1-cee0352e8d6a:group-895152873A87:LeaderElection25: Election REJECTED; received 2 response(s) [f3efc612-2d1c-41da-bcd1-cee0352e8d6a<-03db8954-5a6e-4042-b4a9-1698a7ceec96#0:FAIL-t3, f3efc612-2d1c-41da-bcd1-cee0352e8d6a<-fddc83f5-527c-4a7f-9235-bb7c7f8c2a55#0:FAIL-t3] and 0 exception(s); f3efc612-2d1c-41da-bcd1-cee0352e8d6a:t3, leader=null, voted=f3efc612-2d1c-41da-bcd1-cee0352e8d6a, raftlog=f3efc612-2d1c-41da-bcd1-cee0352e8d6a-SegmentedRaftLog:OPENED:c-1,f-1,i0, conf=-1: [03db8954-5a6e-4042-b4a9-1698a7ceec96:192.168.36.107:43464, f3efc612-2d1c-41da-bcd1-cee0352e8d6a:192.168.36.107:43779, fddc83f5-527c-4a7f-9235-bb7c7f8c2a55:192.168.36.107:43102], old=null
2019-08-28 19:58:27,710 [8d6dfb4d-ac2d-4667-923e-2456b7752667:group-431FF9F7F019:LeaderElection21] INFO  impl.RaftServerImpl (RaftServerImpl.java:setRole(171)) - 8d6dfb4d-ac2d-4667-923e-2456b7752667:group-431FF9F7F019 changes role from CANDIDATE to FOLLOWER at term 3 for DISCOVERED_A_NEW_TERM
2019-08-28 19:58:27,720 [03db8954-5a6e-4042-b4a9-1698a7ceec96:group-895152873A87:LeaderElection23] INFO  impl.LeaderElection (LeaderElection.java:logAndReturn(56)) - 03db8954-5a6e-4042-b4a9-1698a7ceec96:group-895152873A87:LeaderElection23: Election REJECTED; received 2 response(s) [03db8954-5a6e-4042-b4a9-1698a7ceec96<-f3efc612-2d1c-41da-bcd1-cee0352e8d6a#0:FAIL-t3, 03db8954-5a6e-4042-b4a9-1698a7ceec96<-fddc83f5-527c-4a7f-9235-bb7c7f8c2a55#0:FAIL-t3] and 0 exception(s); 03db8954-5a6e-4042-b4a9-1698a7ceec96:t3, leader=null, voted=03db8954-5a6e-4042-b4a9-1698a7ceec96, raftlog=03db8954-5a6e-4042-b4a9-1698a7ceec96-SegmentedRaftLog:OPENED:c-1,f-1,i0, conf=-1: [03db8954-5a6e-4042-b4a9-1698a7ceec96:192.168.36.107:43464, f3efc612-2d1c-41da-bcd1-cee0352e8d6a:192.168.36.107:43779, fddc83f5-527c-4a7f-9235-bb7c7f8c2a55:192.168.36.107:43102], old=null
2019-08-28 19:58:27,713 [f3efc612-2d1c-41da-bcd1-cee0352e8d6a:group-895152873A87:LeaderElection25] INFO  impl.RaftServerImpl (RaftServerImpl.java:setRole(171)) - f3efc612-2d1c-41da-bcd1-cee0352e8d6a:group-895152873A87 changes role from CANDIDATE to FOLLOWER at term 3 for DISCOVERED_A_NEW_TERM
2019-08-28 19:58:27,720 [fddc83f5-527c-4a7f-9235-bb7c7f8c2a55:group-895152873A87:LeaderElection22] INFO  impl.LeaderElection (LeaderElection.java:logAndReturn(56)) - fddc83f5-527c-4a7f-9235-bb7c7f8c2a55:group-895152873A87:LeaderElection22: Election REJECTED; received 2 response(s) [fddc83f5-527c-4a7f-9235-bb7c7f8c2a55<-03db8954-5a6e-4042-b4a9-1698a7ceec96#0:FAIL-t3, fddc83f5-527c-4a7f-9235-bb7c7f8c2a55<-f3efc612-2d1c-41da-bcd1-cee0352e8d6a#0:FAIL-t3] and 0 exception(s); fddc83f5-527c-4a7f-9235-bb7c7f8c2a55:t3, leader=null, voted=fddc83f5-527c-4a7f-9235-bb7c7f8c2a55, raftlog=fddc83f5-527c-4a7f-9235-bb7c7f8c2a55-SegmentedRaftLog:OPENED:c-1,f-1,i0, conf=-1: [03db8954-5a6e-4042-b4a9-1698a7ceec96:192.168.36.107:43464, f3efc612-2d1c-41da-bcd1-cee0352e8d6a:192.168.36.107:43779, fddc83f5-527c-4a7f-9235-bb7c7f8c2a55:192.168.36.107:43102], old=null
2019-08-28 19:58:27,720 [fecaf1a5-1262-4037-b784-d9920b122a4c:group-431FF9F7F019:LeaderElection20] INFO  impl.LeaderElection (LeaderElection.java:logAndReturn(56)) - fecaf1a5-1262-4037-b784-d9920b122a4c:group-431FF9F7F019:LeaderElection20: Election REJECTED; received 2 response(s) [fecaf1a5-1262-4037-b784-d9920b122a4c<-0910cf7c-fddf-4dbf-9167-882adaee21d9#0:FAIL-t3, fecaf1a5-1262-4037-b784-d9920b122a4c<-8d6dfb4d-ac2d-4667-923e-2456b7752667#0:FAIL-t3] and 0 exception(s); fecaf1a5-1262-4037-b784-d9920b122a4c:t3, leader=null, voted=fecaf1a5-1262-4037-b784-d9920b122a4c, raftlog=fecaf1a5-1262-4037-b784-d9920b122a4c-SegmentedRaftLog:OPENED:c-1,f-1,i0, conf=-1: [0910cf7c-fddf-4dbf-9167-882adaee21d9:192.168.36.107:43526, fecaf1a5-1262-4037-b784-d9920b122a4c:192.168.36.107:44802, 8d6dfb4d-ac2d-4667-923e-2456b7752667:192.168.36.107:39502], old=null
2019-08-28 19:58:27,720 [03db8954-5a6e-4042-b4a9-1698a7ceec96:group-895152873A87:LeaderElection23] INFO  impl.RaftServerImpl (RaftServerImpl.java:setRole(171)) - 03db8954-5a6e-4042-b4a9-1698a7ceec96:group-895152873A87 changes role from CANDIDATE to FOLLOWER at term 3 for DISCOVERED_A_NEW_TERM
2019-08-28 19:58:27,720 [8d6dfb4d-ac2d-4667-923e-2456b7752667:group-431FF9F7F019:LeaderElection21] INFO  impl.RoleInfo (RoleInfo.java:shutdownLeaderElection(134)) - 8d6dfb4d-ac2d-4667-923e-2456b7752667: shutdown LeaderElection
2019-08-28 19:58:27,721 [03db8954-5a6e-4042-b4a9-1698a7ceec96:group-895152873A87:LeaderElection23] INFO  impl.RoleInfo (RoleInfo.java:shutdownLeaderElection(134)) - 03db8954-5a6e-4042-b4a9-1698a7ceec96: shutdown LeaderElection
2019-08-28 19:58:27,721 [fecaf1a5-1262-4037-b784-d9920b122a4c:group-431FF9F7F019:LeaderElection20] INFO  impl.RaftServerImpl (RaftServerImpl.java:setRole(171)) - fecaf1a5-1262-4037-b784-d9920b122a4c:group-431FF9F7F019 changes role from CANDIDATE to FOLLOWER at term 3 for DISCOVERED_A_NEW_TERM
2019-08-28 19:58:27,721 [fecaf1a5-1262-4037-b784-d9920b122a4c:group-431FF9F7F019:LeaderElection20] INFO  impl.RoleInfo (RoleInfo.java:shutdownLeaderElection(134)) - fecaf1a5-1262-4037-b784-d9920b122a4c: shutdown LeaderElection
2019-08-28 19:58:27,720 [fddc83f5-527c-4a7f-9235-bb7c7f8c2a55:group-895152873A87:LeaderElection22] INFO  impl.RaftServerImpl (RaftServerImpl.java:setRole(171)) - fddc83f5-527c-4a7f-9235-bb7c7f8c2a55:group-895152873A87 changes role from CANDIDATE to FOLLOWER at term 3 for DISCOVERED_A_NEW_TERM
2019-08-28 19:58:27,720 [f3efc612-2d1c-41da-bcd1-cee0352e8d6a:group-895152873A87:LeaderElection25] INFO  impl.RoleInfo (RoleInfo.java:shutdownLeaderElection(134)) - f3efc612-2d1c-41da-bcd1-cee0352e8d6a: shutdown LeaderElection
2019-08-28 19:58:27,722 [fddc83f5-527c-4a7f-9235-bb7c7f8c2a55:group-895152873A87:LeaderElection22] INFO  impl.RoleInfo (RoleInfo.java:shutdownLeaderElection(134)) - fddc83f5-527c-4a7f-9235-bb7c7f8c2a55: shutdown LeaderElection
2019-08-28 19:58:27,721 [fecaf1a5-1262-4037-b784-d9920b122a4c:group-431FF9F7F019:LeaderElection20] INFO  impl.RoleInfo (RoleInfo.java:updateAndGet(143)) - fecaf1a5-1262-4037-b784-d9920b122a4c: start FollowerState
2019-08-28 19:58:27,721 [0910cf7c-fddf-4dbf-9167-882adaee21d9:group-431FF9F7F019:LeaderElection24] INFO  impl.LeaderElection (LeaderElection.java:logAndReturn(56)) - 0910cf7c-fddf-4dbf-9167-882adaee21d9:group-431FF9F7F019:LeaderElection24: Election REJECTED; received 2 response(s) [0910cf7c-fddf-4dbf-9167-882adaee21d9<-fecaf1a5-1262-4037-b784-d9920b122a4c#0:FAIL-t3, 0910cf7c-fddf-4dbf-9167-882adaee21d9<-8d6dfb4d-ac2d-4667-923e-2456b7752667#0:FAIL-t3] and 0 exception(s); 0910cf7c-fddf-4dbf-9167-882adaee21d9:t3, leader=null, voted=0910cf7c-fddf-4dbf-9167-882adaee21d9, raftlog=0910cf7c-fddf-4dbf-9167-882adaee21d9-SegmentedRaftLog:OPENED:c-1,f-1,i0, conf=-1: [0910cf7c-fddf-4dbf-9167-882adaee21d9:192.168.36.107:43526, fecaf1a5-1262-4037-b784-d9920b122a4c:192.168.36.107:44802, 8d6dfb4d-ac2d-4667-923e-2456b7752667:192.168.36.107:39502], old=null
2019-08-28 19:58:27,721 [03db8954-5a6e-4042-b4a9-1698a7ceec96:group-895152873A87:LeaderElection23] INFO  impl.RoleInfo (RoleInfo.java:updateAndGet(143)) - 03db8954-5a6e-4042-b4a9-1698a7ceec96: start FollowerState
2019-08-28 19:58:27,721 [8d6dfb4d-ac2d-4667-923e-2456b7752667:group-431FF9F7F019:LeaderElection21] INFO  impl.RoleInfo (RoleInfo.java:updateAndGet(143)) - 8d6dfb4d-ac2d-4667-923e-2456b7752667: start FollowerState
2019-08-28 19:58:27,722 [0910cf7c-fddf-4dbf-9167-882adaee21d9:group-431FF9F7F019:LeaderElection24] INFO  impl.RaftServerImpl (RaftServerImpl.java:setRole(171)) - 0910cf7c-fddf-4dbf-9167-882adaee21d9:group-431FF9F7F019 changes role from CANDIDATE to FOLLOWER at term 3 for DISCOVERED_A_NEW_TERM
2019-08-28 19:58:27,723 [0910cf7c-fddf-4dbf-9167-882adaee21d9:group-431FF9F7F019:LeaderElection24] INFO  impl.RoleInfo (RoleInfo.java:shutdownLeaderElection(134)) - 0910cf7c-fddf-4dbf-9167-882adaee21d9: shutdown LeaderElection
2019-08-28 19:58:27,722 [fddc83f5-527c-4a7f-9235-bb7c7f8c2a55:group-895152873A87:LeaderElection22] INFO  impl.RoleInfo (RoleInfo.java:updateAndGet(143)) - fddc83f5-527c-4a7f-9235-bb7c7f8c2a55: start FollowerState
2019-08-28 19:58:27,722 [f3efc612-2d1c-41da-bcd1-cee0352e8d6a:group-895152873A87:LeaderElection25] INFO  impl.RoleInfo (RoleInfo.java:updateAndGet(143)) - f3efc612-2d1c-41da-bcd1-cee0352e8d6a: start FollowerState
2019-08-28 19:58:27,723 [0910cf7c-fddf-4dbf-9167-882adaee21d9:group-431FF9F7F019:LeaderElection24] INFO  impl.RoleInfo (RoleInfo.java:updateAndGet(143)) - 0910cf7c-fddf-4dbf-9167-882adaee21d9: start FollowerState
2019-08-28 19:58:27,770 | INFO  | SCMAudit | user=jenkins1000 | ip=192.168.36.107 | op=SEND_HEARTBEAT {datanodeUUID=290792b5-0601-45f8-8ac4-f5aeff7db3b3, command=[]} | ret=SUCCESS |  
2019-08-28 19:58:27,847 | INFO  | SCMAudit | user=jenkins1000 | ip=192.168.36.107 | op=SEND_HEARTBEAT {datanodeUUID=fecaf1a5-1262-4037-b784-d9920b122a4c, command=[]} | ret=SUCCESS |  
2019-08-28 19:58:27,938 | INFO  | SCMAudit | user=jenkins1000 | ip=192.168.36.107 | op=SEND_HEARTBEAT {datanodeUUID=03db8954-5a6e-4042-b4a9-1698a7ceec96, command=[]} | ret=SUCCESS |  
2019-08-28 19:58:28,027 | INFO  | SCMAudit | user=jenkins1000 | ip=192.168.36.107 | op=SEND_HEARTBEAT {datanodeUUID=0910cf7c-fddf-4dbf-9167-882adaee21d9, command=[]} | ret=SUCCESS |  
2019-08-28 19:58:28,039 [grpc-default-executor-2] INFO  client.GrpcClientProtocolClient (GrpcClientProtocolClient.java:onNext(255)) - client-98A8F4328EF1->fecaf1a5-1262-4037-b784-d9920b122a4c: receive RaftClientReply:client-98A8F4328EF1->fecaf1a5-1262-4037-b784-d9920b122a4c@group-431FF9F7F019, cid=13, FAILED org.apache.ratis.protocol.NotLeaderException: Server fecaf1a5-1262-4037-b784-d9920b122a4c is not the leader (null). Request must be sent to leader., logIndex=0, commits[fecaf1a5-1262-4037-b784-d9920b122a4c:c-1]
2019-08-28 19:58:28,556 | INFO  | SCMAudit | user=jenkins1000 | ip=192.168.36.107 | op=SEND_HEARTBEAT {datanodeUUID=fddc83f5-527c-4a7f-9235-bb7c7f8c2a55, command=[]} | ret=SUCCESS |  
2019-08-28 19:58:28,565 | INFO  | SCMAudit | user=jenkins1000 | ip=192.168.36.107 | op=SEND_HEARTBEAT {datanodeUUID=8d6dfb4d-ac2d-4667-923e-2456b7752667, command=[]} | ret=SUCCESS |  
2019-08-28 19:58:28,674 | INFO  | SCMAudit | user=jenkins1000 | ip=192.168.36.107 | op=SEND_HEARTBEAT {datanodeUUID=f3efc612-2d1c-41da-bcd1-cee0352e8d6a, command=[]} | ret=SUCCESS |  
2019-08-28 19:58:28,770 | INFO  | SCMAudit | user=jenkins1000 | ip=192.168.36.107 | op=SEND_HEARTBEAT {datanodeUUID=290792b5-0601-45f8-8ac4-f5aeff7db3b3, command=[]} | ret=SUCCESS |  
2019-08-28 19:58:28,847 | INFO  | SCMAudit | user=jenkins1000 | ip=192.168.36.107 | op=SEND_HEARTBEAT {datanodeUUID=fecaf1a5-1262-4037-b784-d9920b122a4c, command=[]} | ret=SUCCESS |  
2019-08-28 19:58:28,938 | INFO  | SCMAudit | user=jenkins1000 | ip=192.168.36.107 | op=SEND_HEARTBEAT {datanodeUUID=03db8954-5a6e-4042-b4a9-1698a7ceec96, command=[]} | ret=SUCCESS |  
2019-08-28 19:58:29,027 | INFO  | SCMAudit | user=jenkins1000 | ip=192.168.36.107 | op=SEND_HEARTBEAT {datanodeUUID=0910cf7c-fddf-4dbf-9167-882adaee21d9, command=[]} | ret=SUCCESS |  
2019-08-28 19:58:29,063 [grpc-default-executor-5] INFO  client.GrpcClientProtocolClient (GrpcClientProtocolClient.java:onNext(255)) - client-98A8F4328EF1->8d6dfb4d-ac2d-4667-923e-2456b7752667: receive RaftClientReply:client-98A8F4328EF1->8d6dfb4d-ac2d-4667-923e-2456b7752667@group-431FF9F7F019, cid=13, FAILED org.apache.ratis.protocol.NotLeaderException: Server 8d6dfb4d-ac2d-4667-923e-2456b7752667 is not the leader (null). Request must be sent to leader., logIndex=0, commits[8d6dfb4d-ac2d-4667-923e-2456b7752667:c-1]
2019-08-28 19:58:29,556 | INFO  | SCMAudit | user=jenkins1000 | ip=192.168.36.107 | op=SEND_HEARTBEAT {datanodeUUID=fddc83f5-527c-4a7f-9235-bb7c7f8c2a55, command=[]} | ret=SUCCESS |  
2019-08-28 19:58:29,564 | INFO  | SCMAudit | user=jenkins1000 | ip=192.168.36.107 | op=SEND_HEARTBEAT {datanodeUUID=8d6dfb4d-ac2d-4667-923e-2456b7752667, command=[]} | ret=SUCCESS |  
2019-08-28 19:58:29,674 | INFO  | SCMAudit | user=jenkins1000 | ip=192.168.36.107 | op=SEND_HEARTBEAT {datanodeUUID=f3efc612-2d1c-41da-bcd1-cee0352e8d6a, command=[]} | ret=SUCCESS |  
2019-08-28 19:58:29,770 | INFO  | SCMAudit | user=jenkins1000 | ip=192.168.36.107 | op=SEND_HEARTBEAT {datanodeUUID=290792b5-0601-45f8-8ac4-f5aeff7db3b3, command=[]} | ret=SUCCESS |  
2019-08-28 19:58:29,847 | INFO  | SCMAudit | user=jenkins1000 | ip=192.168.36.107 | op=SEND_HEARTBEAT {datanodeUUID=fecaf1a5-1262-4037-b784-d9920b122a4c, command=[]} | ret=SUCCESS |  
2019-08-28 19:58:29,938 | INFO  | SCMAudit | user=jenkins1000 | ip=192.168.36.107 | op=SEND_HEARTBEAT {datanodeUUID=03db8954-5a6e-4042-b4a9-1698a7ceec96, command=[]} | ret=SUCCESS |  
2019-08-28 19:58:30,027 | INFO  | SCMAudit | user=jenkins1000 | ip=192.168.36.107 | op=SEND_HEARTBEAT {datanodeUUID=0910cf7c-fddf-4dbf-9167-882adaee21d9, command=[]} | ret=SUCCESS |  
2019-08-28 19:58:30,081 [grpc-default-executor-2] INFO  client.GrpcClientProtocolClient (GrpcClientProtocolClient.java:onNext(255)) - client-98A8F4328EF1->fecaf1a5-1262-4037-b784-d9920b122a4c: receive RaftClientReply:client-98A8F4328EF1->fecaf1a5-1262-4037-b784-d9920b122a4c@group-431FF9F7F019, cid=13, FAILED org.apache.ratis.protocol.NotLeaderException: Server fecaf1a5-1262-4037-b784-d9920b122a4c is not the leader (null). Request must be sent to leader., logIndex=0, commits[fecaf1a5-1262-4037-b784-d9920b122a4c:c-1]
2019-08-28 19:58:30,556 | INFO  | SCMAudit | user=jenkins1000 | ip=192.168.36.107 | op=SEND_HEARTBEAT {datanodeUUID=fddc83f5-527c-4a7f-9235-bb7c7f8c2a55, command=[]} | ret=SUCCESS |  
2019-08-28 19:58:30,565 | INFO  | SCMAudit | user=jenkins1000 | ip=192.168.36.107 | op=SEND_HEARTBEAT {datanodeUUID=8d6dfb4d-ac2d-4667-923e-2456b7752667, command=[]} | ret=SUCCESS |  
2019-08-28 19:58:30,675 | INFO  | SCMAudit | user=jenkins1000 | ip=192.168.36.107 | op=SEND_HEARTBEAT {datanodeUUID=f3efc612-2d1c-41da-bcd1-cee0352e8d6a, command=[]} | ret=SUCCESS |  
2019-08-28 19:58:30,770 | INFO  | SCMAudit | user=jenkins1000 | ip=192.168.36.107 | op=SEND_HEARTBEAT {datanodeUUID=290792b5-0601-45f8-8ac4-f5aeff7db3b3, command=[]} | ret=SUCCESS |  
2019-08-28 19:58:30,847 | INFO  | SCMAudit | user=jenkins1000 | ip=192.168.36.107 | op=SEND_HEARTBEAT {datanodeUUID=fecaf1a5-1262-4037-b784-d9920b122a4c, command=[]} | ret=SUCCESS |  
2019-08-28 19:58:30,939 | INFO  | SCMAudit | user=jenkins1000 | ip=192.168.36.107 | op=SEND_HEARTBEAT {datanodeUUID=03db8954-5a6e-4042-b4a9-1698a7ceec96, command=[]} | ret=SUCCESS |  
2019-08-28 19:58:31,027 | INFO  | SCMAudit | user=jenkins1000 | ip=192.168.36.107 | op=SEND_HEARTBEAT {datanodeUUID=0910cf7c-fddf-4dbf-9167-882adaee21d9, command=[]} | ret=SUCCESS |  
2019-08-28 19:58:31,109 [grpc-default-executor-5] INFO  client.GrpcClientProtocolClient (GrpcClientProtocolClient.java:onNext(255)) - client-98A8F4328EF1->8d6dfb4d-ac2d-4667-923e-2456b7752667: receive RaftClientReply:client-98A8F4328EF1->8d6dfb4d-ac2d-4667-923e-2456b7752667@group-431FF9F7F019, cid=13, FAILED org.apache.ratis.protocol.NotLeaderException: Server 8d6dfb4d-ac2d-4667-923e-2456b7752667 is not the leader (null). Request must be sent to leader., logIndex=0, commits[8d6dfb4d-ac2d-4667-923e-2456b7752667:c-1]
]]></system-out>
  </testcase>
</testsuite>